[[1;34mINFO[m] Scanning for projects...
[[1;33mWARNING[m] The project org.apache.accumulo:accumulo:pom:1.5.0-SNAPSHOT uses prerequisites which is only intended for maven-plugin projects but not for non maven-plugin projects. For such purposes you should use the maven-enforcer-plugin. See https://maven.apache.org/enforcer/enforcer-rules/requireMavenVersion.html
[[1;34mINFO[m] [1m------------------------------------------------------------------------[m
[[1;34mINFO[m] [1mReactor Build Order:[m
[[1;34mINFO[m] 
[[1;34mINFO[m] Apache Accumulo                                                    [pom]
[[1;34mINFO[m] Trace                                                              [jar]
[[1;34mINFO[m] Start                                                              [jar]
[[1;34mINFO[m] Fate                                                               [jar]
[[1;34mINFO[m] Core                                                               [jar]
[[1;34mINFO[m] Server                                                             [jar]
[[1;34mINFO[m] Examples                                                           [pom]
[[1;34mINFO[m] Simple Examples                                                    [jar]
[[1;34mINFO[m] Testing                                                            [jar]
[[1;34mINFO[m] Proxy                                                              [jar]
[[1;34mINFO[m] Assemble                                                           [pom]
[[1;34mINFO[m] 
[[1;34mINFO[m] [1m--------------------< [0;36morg.apache.accumulo:accumulo[0;1m >--------------------[m
[[1;34mINFO[m] [1mBuilding Apache Accumulo 1.5.0-SNAPSHOT                           [1/11][m
[[1;34mINFO[m] [1m--------------------------------[ pom ]---------------------------------[m
[[1;34mINFO[m] 
[[1;34mINFO[m] [1m--- [0;32mbuildnumber-maven-plugin:1.1:create[m [1m(default)[m @ [36maccumulo[0;1m ---[m
[[1;34mINFO[m] Checking for local modifications: skipped.
[[1;34mINFO[m] Updating project files from SCM: skipped.
[[1;34mINFO[m] Executing: /bin/sh -c cd /home/user/Workspace/reproducibility/Reproducibility-Scanner/benchmarks/bugs-dot-jar/accumulo && svn --non-interactive info
[[1;34mINFO[m] Working directory: /home/user/Workspace/reproducibility/Reproducibility-Scanner/benchmarks/bugs-dot-jar/accumulo
[[1;34mINFO[m] Storing buildNumber: null at timestamp: 1659210311534
[[1;34mINFO[m] Executing: /bin/sh -c cd /home/user/Workspace/reproducibility/Reproducibility-Scanner/benchmarks/bugs-dot-jar/accumulo && svn --non-interactive info
[[1;34mINFO[m] Working directory: /home/user/Workspace/reproducibility/Reproducibility-Scanner/benchmarks/bugs-dot-jar/accumulo
[[1;34mINFO[m] Storing buildScmBranch: UNKNOWN_BRANCH
[[1;34mINFO[m] 
[[1;34mINFO[m] [1m--- [0;32mmaven-enforcer-plugin:1.0.1:enforce[m [1m(enforce-mvn)[m @ [36maccumulo[0;1m ---[m
[[1;34mINFO[m] 
[[1;34mINFO[m] [1m--- [0;32mmaven-remote-resources-plugin:1.3:process[m [1m(default)[m @ [36maccumulo[0;1m ---[m
[[1;34mINFO[m] 
[[1;34mINFO[m] [1m--- [0;32mmaven-dependency-plugin:2.3:copy-dependencies[m [1m(copy-dependencies)[m @ [36maccumulo[0;1m ---[m
[[1;34mINFO[m] 
[[1;34mINFO[m] [1m--- [0;32mmaven-site-plugin:3.2:attach-descriptor[m [1m(attach-descriptor)[m @ [36maccumulo[0;1m ---[m
[[1;34mINFO[m] 
[[1;34mINFO[m] [1m--- [0;32mmaven-source-plugin:2.1.2:jar-no-fork[m [1m(attach-sources)[m @ [36maccumulo[0;1m ---[m
[[1;34mINFO[m] 
[[1;34mINFO[m] [1m--- [0;32mmaven-source-plugin:2.1.2:test-jar-no-fork[m [1m(attach-sources)[m @ [36maccumulo[0;1m ---[m
[[1;34mINFO[m] 
[[1;34mINFO[m] [1m--- [0;32mmaven-install-plugin:2.3.1:install[m [1m(default-install)[m @ [36maccumulo[0;1m ---[m
[[1;34mINFO[m] Installing /home/user/Workspace/reproducibility/Reproducibility-Scanner/benchmarks/bugs-dot-jar/accumulo/pom.xml to /home/user/.m2/repository/org/apache/accumulo/accumulo/1.5.0-SNAPSHOT/accumulo-1.5.0-SNAPSHOT.pom
[[1;34mINFO[m] Installing /home/user/Workspace/reproducibility/Reproducibility-Scanner/benchmarks/bugs-dot-jar/accumulo/target/accumulo-1.5.0-SNAPSHOT-site.xml to /home/user/.m2/repository/org/apache/accumulo/accumulo/1.5.0-SNAPSHOT/accumulo-1.5.0-SNAPSHOT-site.xml
[[1;34mINFO[m] 
[[1;34mINFO[m] [1m-----------------< [0;36morg.apache.accumulo:accumulo-trace[0;1m >-----------------[m
[[1;34mINFO[m] [1mBuilding Trace 1.5.0-SNAPSHOT                                     [2/11][m
[[1;34mINFO[m] [1m--------------------------------[ jar ]---------------------------------[m
[[1;34mINFO[m] 
[[1;34mINFO[m] [1m--- [0;32mbuildnumber-maven-plugin:1.1:create[m [1m(default)[m @ [36maccumulo-trace[0;1m ---[m
[[1;34mINFO[m] Checking for local modifications: skipped.
[[1;34mINFO[m] Updating project files from SCM: skipped.
[[1;34mINFO[m] Executing: /bin/sh -c cd /home/user/Workspace/reproducibility/Reproducibility-Scanner/benchmarks/bugs-dot-jar/accumulo/trace && svn --non-interactive info
[[1;34mINFO[m] Working directory: /home/user/Workspace/reproducibility/Reproducibility-Scanner/benchmarks/bugs-dot-jar/accumulo/trace
[[1;34mINFO[m] Storing buildNumber: null at timestamp: 1659210313115
[[1;34mINFO[m] Executing: /bin/sh -c cd /home/user/Workspace/reproducibility/Reproducibility-Scanner/benchmarks/bugs-dot-jar/accumulo/trace && svn --non-interactive info
[[1;34mINFO[m] Working directory: /home/user/Workspace/reproducibility/Reproducibility-Scanner/benchmarks/bugs-dot-jar/accumulo/trace
[[1;34mINFO[m] Storing buildScmBranch: UNKNOWN_BRANCH
[[1;34mINFO[m] 
[[1;34mINFO[m] [1m--- [0;32mmaven-enforcer-plugin:1.0.1:enforce[m [1m(enforce-mvn)[m @ [36maccumulo-trace[0;1m ---[m
[[1;34mINFO[m] 
[[1;34mINFO[m] [1m--- [0;32mexec-maven-plugin:1.2.1:exec[m [1m(generate-thrift)[m @ [36maccumulo-trace[0;1m ---[m
****************************************************
*** thrift is not available
***   expecting 'thrift -version' to return 0.9
*** generated code will not be updated
****************************************************
[[1;34mINFO[m] 
[[1;34mINFO[m] [1m--- [0;32mmaven-remote-resources-plugin:1.3:process[m [1m(default)[m @ [36maccumulo-trace[0;1m ---[m
[[1;34mINFO[m] 
[[1;34mINFO[m] [1m--- [0;32mmaven-resources-plugin:2.5:resources[m [1m(default-resources)[m @ [36maccumulo-trace[0;1m ---[m
[debug] execute contextualize
[[1;34mINFO[m] Using 'UTF-8' encoding to copy filtered resources.
[[1;34mINFO[m] skip non existing resourceDirectory /home/user/Workspace/reproducibility/Reproducibility-Scanner/benchmarks/bugs-dot-jar/accumulo/trace/src/main/resources
[[1;34mINFO[m] Copying 3 resources
[[1;34mINFO[m] 
[[1;34mINFO[m] [1m--- [0;32mmaven-dependency-plugin:2.3:copy-dependencies[m [1m(copy-dependencies)[m @ [36maccumulo-trace[0;1m ---[m
[[1;34mINFO[m] Copying log4j-1.2.16.jar to /home/user/Workspace/reproducibility/Reproducibility-Scanner/benchmarks/bugs-dot-jar/accumulo/lib/log4j-1.2.16.jar
[[1;34mINFO[m] Copying libthrift-0.9.0.jar to /home/user/Workspace/reproducibility/Reproducibility-Scanner/benchmarks/bugs-dot-jar/accumulo/lib/libthrift-0.9.0.jar
[[1;34mINFO[m] 
[[1;34mINFO[m] [1m--- [0;32mmaven-compiler-plugin:2.3.2:compile[m [1m(default-compile)[m @ [36maccumulo-trace[0;1m ---[m
[[1;34mINFO[m] Compiling 22 source files to /home/user/Workspace/reproducibility/Reproducibility-Scanner/benchmarks/bugs-dot-jar/accumulo/trace/target/classes
[[1;34mINFO[m] 
[[1;34mINFO[m] [1m--- [0;32mmaven-resources-plugin:2.5:testResources[m [1m(default-testResources)[m @ [36maccumulo-trace[0;1m ---[m
[debug] execute contextualize
[[1;34mINFO[m] Using 'UTF-8' encoding to copy filtered resources.
[[1;34mINFO[m] skip non existing resourceDirectory /home/user/Workspace/reproducibility/Reproducibility-Scanner/benchmarks/bugs-dot-jar/accumulo/trace/src/test/resources
[[1;34mINFO[m] Copying 3 resources
[[1;34mINFO[m] 
[[1;34mINFO[m] [1m--- [0;32mmaven-compiler-plugin:2.3.2:testCompile[m [1m(default-testCompile)[m @ [36maccumulo-trace[0;1m ---[m
[[1;34mINFO[m] Compiling 3 source files to /home/user/Workspace/reproducibility/Reproducibility-Scanner/benchmarks/bugs-dot-jar/accumulo/trace/target/test-classes
[[1;34mINFO[m] 
[[1;34mINFO[m] [1m--- [0;32mmaven-surefire-plugin:2.12:test[m [1m(default-test)[m @ [36maccumulo-trace[0;1m ---[m
[[1;34mINFO[m] Tests are skipped.
[[1;34mINFO[m] 
[[1;34mINFO[m] [1m--- [0;32mmaven-jar-plugin:2.4:jar[m [1m(default-jar)[m @ [36maccumulo-trace[0;1m ---[m
[[1;34mINFO[m] Building jar: /home/user/Workspace/reproducibility/Reproducibility-Scanner/benchmarks/bugs-dot-jar/accumulo/lib/accumulo-trace-1.5.0-SNAPSHOT.jar
[[1;34mINFO[m] 
[[1;34mINFO[m] [1m--- [0;32mmaven-site-plugin:3.2:attach-descriptor[m [1m(attach-descriptor)[m @ [36maccumulo-trace[0;1m ---[m
[[1;34mINFO[m] 
[[1;34mINFO[m] [1m--- [0;32mmaven-source-plugin:2.1.2:jar-no-fork[m [1m(attach-sources)[m @ [36maccumulo-trace[0;1m ---[m
[[1;34mINFO[m] META-INF already added, skipping
[[1;34mINFO[m] META-INF/LICENSE already added, skipping
[[1;34mINFO[m] META-INF/NOTICE already added, skipping
[[1;34mINFO[m] META-INF/DEPENDENCIES already added, skipping
[[1;34mINFO[m] Building jar: /home/user/Workspace/reproducibility/Reproducibility-Scanner/benchmarks/bugs-dot-jar/accumulo/lib/accumulo-trace-1.5.0-SNAPSHOT-sources.jar
[[1;34mINFO[m] META-INF already added, skipping
[[1;34mINFO[m] META-INF/LICENSE already added, skipping
[[1;34mINFO[m] META-INF/NOTICE already added, skipping
[[1;34mINFO[m] META-INF/DEPENDENCIES already added, skipping
[[1;34mINFO[m] 
[[1;34mINFO[m] [1m--- [0;32mmaven-source-plugin:2.1.2:test-jar-no-fork[m [1m(attach-sources)[m @ [36maccumulo-trace[0;1m ---[m
[[1;34mINFO[m] META-INF already added, skipping
[[1;34mINFO[m] META-INF/LICENSE already added, skipping
[[1;34mINFO[m] META-INF/NOTICE already added, skipping
[[1;34mINFO[m] META-INF/DEPENDENCIES already added, skipping
[[1;34mINFO[m] Building jar: /home/user/Workspace/reproducibility/Reproducibility-Scanner/benchmarks/bugs-dot-jar/accumulo/lib/accumulo-trace-1.5.0-SNAPSHOT-test-sources.jar
[[1;34mINFO[m] META-INF already added, skipping
[[1;34mINFO[m] META-INF/LICENSE already added, skipping
[[1;34mINFO[m] META-INF/NOTICE already added, skipping
[[1;34mINFO[m] META-INF/DEPENDENCIES already added, skipping
[[1;34mINFO[m] 
[[1;34mINFO[m] [1m--- [0;32mmaven-install-plugin:2.3.1:install[m [1m(default-install)[m @ [36maccumulo-trace[0;1m ---[m
[[1;34mINFO[m] Installing /home/user/Workspace/reproducibility/Reproducibility-Scanner/benchmarks/bugs-dot-jar/accumulo/lib/accumulo-trace-1.5.0-SNAPSHOT.jar to /home/user/.m2/repository/org/apache/accumulo/accumulo-trace/1.5.0-SNAPSHOT/accumulo-trace-1.5.0-SNAPSHOT.jar
[[1;34mINFO[m] Installing /home/user/Workspace/reproducibility/Reproducibility-Scanner/benchmarks/bugs-dot-jar/accumulo/trace/pom.xml to /home/user/.m2/repository/org/apache/accumulo/accumulo-trace/1.5.0-SNAPSHOT/accumulo-trace-1.5.0-SNAPSHOT.pom
[[1;34mINFO[m] Installing /home/user/Workspace/reproducibility/Reproducibility-Scanner/benchmarks/bugs-dot-jar/accumulo/lib/accumulo-trace-1.5.0-SNAPSHOT-sources.jar to /home/user/.m2/repository/org/apache/accumulo/accumulo-trace/1.5.0-SNAPSHOT/accumulo-trace-1.5.0-SNAPSHOT-sources.jar
[[1;34mINFO[m] Installing /home/user/Workspace/reproducibility/Reproducibility-Scanner/benchmarks/bugs-dot-jar/accumulo/lib/accumulo-trace-1.5.0-SNAPSHOT-test-sources.jar to /home/user/.m2/repository/org/apache/accumulo/accumulo-trace/1.5.0-SNAPSHOT/accumulo-trace-1.5.0-SNAPSHOT-test-sources.jar
[[1;34mINFO[m] 
[[1;34mINFO[m] [1m-----------------< [0;36morg.apache.accumulo:accumulo-start[0;1m >-----------------[m
[[1;34mINFO[m] [1mBuilding Start 1.5.0-SNAPSHOT                                     [3/11][m
[[1;34mINFO[m] [1m--------------------------------[ jar ]---------------------------------[m
Downloading from central: https://repo.maven.apache.org/maven2/javax/ws/rs/jsr311-api/1.0/jsr311-api-1.0.pom
Progress (1): 2.7/5.6 kBProgress (1): 5.5/5.6 kBProgress (1): 5.6 kB                        Downloaded from central: https://repo.maven.apache.org/maven2/javax/ws/rs/jsr311-api/1.0/jsr311-api-1.0.pom (5.6 kB at 19 kB/s)
Downloading from central: https://repo.maven.apache.org/maven2/org/slf4j/slf4j-nop/1.7.2/slf4j-nop-1.7.2.pom
Progress (1): 1.5 kB                    Downloaded from central: https://repo.maven.apache.org/maven2/org/slf4j/slf4j-nop/1.7.2/slf4j-nop-1.7.2.pom (1.5 kB at 57 kB/s)
Downloading from central: https://repo.maven.apache.org/maven2/org/powermock/powermock-module-junit4/1.4.12/powermock-module-junit4-1.4.12.pom
Progress (1): 1.3 kB                    Downloaded from central: https://repo.maven.apache.org/maven2/org/powermock/powermock-module-junit4/1.4.12/powermock-module-junit4-1.4.12.pom (1.3 kB at 16 kB/s)
Downloading from central: https://repo.maven.apache.org/maven2/org/powermock/powermock-modules/1.4.12/powermock-modules-1.4.12.pom
Progress (1): 799 B                   Downloaded from central: https://repo.maven.apache.org/maven2/org/powermock/powermock-modules/1.4.12/powermock-modules-1.4.12.pom (799 B at 5.9 kB/s)
Downloading from central: https://repo.maven.apache.org/maven2/org/powermock/powermock/1.4.12/powermock-1.4.12.pom
Progress (1): 2.7/10 kBProgress (1): 5.5/10 kBProgress (1): 8.2/10 kBProgress (1): 10 kB                       Downloaded from central: https://repo.maven.apache.org/maven2/org/powermock/powermock/1.4.12/powermock-1.4.12.pom (10 kB at 67 kB/s)
Downloading from central: https://repo.maven.apache.org/maven2/org/powermock/powermock-module-junit4-common/1.4.12/powermock-module-junit4-common-1.4.12.pom
Progress (1): 1.1 kB                    Downloaded from central: https://repo.maven.apache.org/maven2/org/powermock/powermock-module-junit4-common/1.4.12/powermock-module-junit4-common-1.4.12.pom (1.1 kB at 7.4 kB/s)
Downloading from central: https://repo.maven.apache.org/maven2/org/powermock/powermock-core/1.4.12/powermock-core-1.4.12.pom
Progress (1): 2.4 kB                    Downloaded from central: https://repo.maven.apache.org/maven2/org/powermock/powermock-core/1.4.12/powermock-core-1.4.12.pom (2.4 kB at 29 kB/s)
Downloading from central: https://repo.maven.apache.org/maven2/org/powermock/powermock-reflect/1.4.12/powermock-reflect-1.4.12.pom
Progress (1): 1.0 kB                    Downloaded from central: https://repo.maven.apache.org/maven2/org/powermock/powermock-reflect/1.4.12/powermock-reflect-1.4.12.pom (1.0 kB at 7.6 kB/s)
Downloading from central: https://repo.maven.apache.org/maven2/org/powermock/powermock-api-easymock/1.4.12/powermock-api-easymock-1.4.12.pom
Progress (1): 1.0 kB                    Downloaded from central: https://repo.maven.apache.org/maven2/org/powermock/powermock-api-easymock/1.4.12/powermock-api-easymock-1.4.12.pom (1.0 kB at 5.3 kB/s)
Downloading from central: https://repo.maven.apache.org/maven2/org/powermock/powermock-api/1.4.12/powermock-api-1.4.12.pom
Progress (1): 806 B                   Downloaded from central: https://repo.maven.apache.org/maven2/org/powermock/powermock-api/1.4.12/powermock-api-1.4.12.pom (806 B at 6.0 kB/s)
Downloading from central: https://repo.maven.apache.org/maven2/org/powermock/powermock-api-support/1.4.12/powermock-api-support-1.4.12.pom
Progress (1): 1.3 kB                    Downloaded from central: https://repo.maven.apache.org/maven2/org/powermock/powermock-api-support/1.4.12/powermock-api-support-1.4.12.pom (1.3 kB at 17 kB/s)
Downloading from central: https://repo.maven.apache.org/maven2/org/apache/hadoop/hadoop-core/1.0.4/hadoop-core-1.0.4.pom
Progress (1): 2.7/4.4 kBProgress (1): 4.4 kB                        Downloaded from central: https://repo.maven.apache.org/maven2/org/apache/hadoop/hadoop-core/1.0.4/hadoop-core-1.0.4.pom (4.4 kB at 229 kB/s)
Downloading from central: https://repo.maven.apache.org/maven2/org/apache/hadoop/hadoop-test/1.0.4/hadoop-test-1.0.4.pom
Progress (1): 2.0 kB                    Downloaded from central: https://repo.maven.apache.org/maven2/org/apache/hadoop/hadoop-test/1.0.4/hadoop-test-1.0.4.pom (2.0 kB at 13 kB/s)
Downloading from central: https://repo.maven.apache.org/maven2/org/apache/ftpserver/ftplet-api/1.0.0-M2/ftplet-api-1.0.0-M2.pom
Progress (1): 2.1 kB                    Downloaded from central: https://repo.maven.apache.org/maven2/org/apache/ftpserver/ftplet-api/1.0.0-M2/ftplet-api-1.0.0-M2.pom (2.1 kB at 147 kB/s)
Downloading from central: https://repo.maven.apache.org/maven2/org/apache/ftpserver/ftpserver-core/1.0.0-M2/ftpserver-core-1.0.0-M2.pom
Progress (1): 2.7/4.1 kBProgress (1): 4.1 kB                        Downloaded from central: https://repo.maven.apache.org/maven2/org/apache/ftpserver/ftpserver-core/1.0.0-M2/ftpserver-core-1.0.0-M2.pom (4.1 kB at 50 kB/s)
Downloading from central: https://repo.maven.apache.org/maven2/org/apache/mina/mina-core/2.0.0-M2/mina-core-2.0.0-M2.pom
Progress (1): 1.7 kB                    Downloaded from central: https://repo.maven.apache.org/maven2/org/apache/mina/mina-core/2.0.0-M2/mina-core-2.0.0-M2.pom (1.7 kB at 115 kB/s)
Downloading from central: https://repo.maven.apache.org/maven2/org/apache/mina/build/2.0.0-M2/build-2.0.0-M2.pom
Progress (1): 4.1/16 kBProgress (1): 8.2/16 kBProgress (1): 12/16 kB Progress (1): 16/16 kBProgress (1): 16 kB                      Downloaded from central: https://repo.maven.apache.org/maven2/org/apache/mina/build/2.0.0-M2/build-2.0.0-M2.pom (16 kB at 933 kB/s)
Downloading from central: https://repo.maven.apache.org/maven2/javax/ws/rs/jsr311-api/1.0/jsr311-api-1.0.jar
Downloading from central: https://repo.maven.apache.org/maven2/org/slf4j/slf4j-nop/1.7.2/slf4j-nop-1.7.2.jar
Downloading from central: https://repo.maven.apache.org/maven2/org/powermock/powermock-module-junit4/1.4.12/powermock-module-junit4-1.4.12.jar
Downloading from central: https://repo.maven.apache.org/maven2/org/powermock/powermock-core/1.4.12/powermock-core-1.4.12.jar
Downloading from central: https://repo.maven.apache.org/maven2/org/powermock/powermock-module-junit4-common/1.4.12/powermock-module-junit4-common-1.4.12.jar
Progress (1): 4.1/44 kBProgress (1): 8.2/44 kBProgress (1): 12/44 kB Progress (1): 16/44 kBProgress (1): 20/44 kBProgress (1): 24/44 kBProgress (1): 28/44 kBProgress (1): 32/44 kBProgress (1): 36/44 kBProgress (1): 40/44 kBProgress (1): 44 kB                      Downloaded from central: https://repo.maven.apache.org/maven2/javax/ws/rs/jsr311-api/1.0/jsr311-api-1.0.jar (44 kB at 1.6 MB/s)
Downloading from central: https://repo.maven.apache.org/maven2/org/powermock/powermock-reflect/1.4.12/powermock-reflect-1.4.12.jar
Progress (1): 2.7/4.1 kBProgress (2): 2.7/4.1 kB | 2.7/12 kBProgress (2): 4.1 kB | 2.7/12 kB    Progress (2): 4.1 kB | 5.5/12 kBProgress (2): 4.1 kB | 8.2/12 kBProgress (2): 4.1 kB | 11/12 kB Progress (3): 4.1 kB | 11/12 kB | 2.7/84 kBProgress (3): 4.1 kB | 12 kB | 2.7/84 kB   Progress (3): 4.1 kB | 12 kB | 5.5/84 kBProgress (3): 4.1 kB | 12 kB | 8.2/84 kBProgress (3): 4.1 kB | 12 kB | 11/84 kB Progress (3): 4.1 kB | 12 kB | 14/84 kBProgress (3): 4.1 kB | 12 kB | 16/84 kBProgress (3): 4.1 kB | 12 kB | 19/84 kBProgress (3): 4.1 kB | 12 kB | 21/84 kBProgress (3): 4.1 kB | 12 kB | 24/84 kBProgress (3): 4.1 kB | 12 kB | 27/84 kBProgress (3): 4.1 kB | 12 kB | 30/84 kBProgress (3): 4.1 kB | 12 kB | 32/84 kBProgress (4): 4.1 kB | 12 kB | 32/84 kB | 2.7/21 kBProgress (4): 4.1 kB | 12 kB | 35/84 kB | 2.7/21 kBProgress (4): 4.1 kB | 12 kB | 35/84 kB | 5.5/21 kBProgress (4): 4.1 kB | 12 kB | 38/84 kB | 5.5/21 kBProgress (4): 4.1 kB | 12 kB | 38/84 kB | 8.2/21 kBProgress (4): 4.1 kB | 12 kB | 40/84 kB | 8.2/21 kBProgress (4): 4.1 kB | 12 kB | 40/84 kB | 11/21 kB Progress (4): 4.1 kB | 12 kB | 43/84 kB | 11/21 kBProgress (4): 4.1 kB | 12 kB | 43/84 kB | 14/21 kBProgress (4): 4.1 kB | 12 kB | 46/84 kB | 14/21 kBProgress (4): 4.1 kB | 12 kB | 46/84 kB | 16/21 kBProgress (4): 4.1 kB | 12 kB | 49/84 kB | 16/21 kBProgress (4): 4.1 kB | 12 kB | 49/84 kB | 19/21 kBProgress (4): 4.1 kB | 12 kB | 49/84 kB | 21 kB   Progress (4): 4.1 kB | 12 kB | 53/84 kB | 21 kBProgress (4): 4.1 kB | 12 kB | 57/84 kB | 21 kBProgress (4): 4.1 kB | 12 kB | 61/84 kB | 21 kBProgress (4): 4.1 kB | 12 kB | 65/84 kB | 21 kBProgress (4): 4.1 kB | 12 kB | 69/84 kB | 21 kBProgress (4): 4.1 kB | 12 kB | 73/84 kB | 21 kBProgress (4): 4.1 kB | 12 kB | 77/84 kB | 21 kBProgress (4): 4.1 kB | 12 kB | 81/84 kB | 21 kBProgress (4): 4.1 kB | 12 kB | 84 kB | 21 kB                                               Downloaded from central: https://repo.maven.apache.org/maven2/org/powermock/powermock-module-junit4/1.4.12/powermock-module-junit4-1.4.12.jar (21 kB at 328 kB/s)
Downloading from central: https://repo.maven.apache.org/maven2/org/powermock/powermock-api-easymock/1.4.12/powermock-api-easymock-1.4.12.jar
Progress (4): 4.1 kB | 12 kB | 84 kB | 4.1/43 kBProgress (4): 4.1 kB | 12 kB | 84 kB | 8.2/43 kBProgress (4): 4.1 kB | 12 kB | 84 kB | 12/43 kB Progress (4): 4.1 kB | 12 kB | 84 kB | 16/43 kB                                               Downloaded from central: https://repo.maven.apache.org/maven2/org/slf4j/slf4j-nop/1.7.2/slf4j-nop-1.7.2.jar (4.1 kB at 42 kB/s)
Downloading from central: https://repo.maven.apache.org/maven2/org/powermock/powermock-api-support/1.4.12/powermock-api-support-1.4.12.jar
Progress (3): 12 kB | 84 kB | 20/43 kBProgress (3): 12 kB | 84 kB | 24/43 kBProgress (3): 12 kB | 84 kB | 28/43 kBProgress (3): 12 kB | 84 kB | 32/43 kBProgress (3): 12 kB | 84 kB | 36/43 kBProgress (3): 12 kB | 84 kB | 40/43 kBProgress (3): 12 kB | 84 kB | 43 kB                                      Downloaded from central: https://repo.maven.apache.org/maven2/org/powermock/powermock-module-junit4-common/1.4.12/powermock-module-junit4-common-1.4.12.jar (12 kB at 108 kB/s)
Downloading from central: https://repo.maven.apache.org/maven2/org/apache/hadoop/hadoop-core/1.0.4/hadoop-core-1.0.4.jar
Downloaded from central: https://repo.maven.apache.org/maven2/org/powermock/powermock-core/1.4.12/powermock-core-1.4.12.jar (84 kB at 679 kB/s)
Downloading from central: https://repo.maven.apache.org/maven2/org/apache/hadoop/hadoop-test/1.0.4/hadoop-test-1.0.4.jar
Progress (2): 43 kB | 2.7/35 kBProgress (2): 43 kB | 5.5/35 kBProgress (2): 43 kB | 8.2/35 kBProgress (2): 43 kB | 11/35 kB Progress (2): 43 kB | 14/35 kBProgress (2): 43 kB | 16/35 kBProgress (2): 43 kB | 19/35 kBProgress (2): 43 kB | 21/35 kBProgress (2): 43 kB | 24/35 kBProgress (2): 43 kB | 27/35 kBProgress (2): 43 kB | 30/35 kBProgress (2): 43 kB | 32/35 kBProgress (2): 43 kB | 35/35 kBProgress (2): 43 kB | 35 kB   Progress (3): 43 kB | 35 kB | 2.7/19 kBProgress (3): 43 kB | 35 kB | 5.5/19 kBProgress (3): 43 kB | 35 kB | 8.2/19 kBProgress (3): 43 kB | 35 kB | 11/19 kB Progress (3): 43 kB | 35 kB | 14/19 kBProgress (3): 43 kB | 35 kB | 16/19 kBProgress (3): 43 kB | 35 kB | 19 kB                                      Downloaded from central: https://repo.maven.apache.org/maven2/org/powermock/powermock-reflect/1.4.12/powermock-reflect-1.4.12.jar (43 kB at 254 kB/s)
Progress (3): 35 kB | 19 kB | 0/3.9 MBProgress (3): 35 kB | 19 kB | 0/3.9 MBProgress (3): 35 kB | 19 kB | 0.1/3.9 MB                                        Downloaded from central: https://repo.maven.apache.org/maven2/org/powermock/powermock-api-easymock/1.4.12/powermock-api-easymock-1.4.12.jar (35 kB at 164 kB/s)
Progress (2): 19 kB | 0.1/3.9 MBProgress (2): 19 kB | 0.1/3.9 MBProgress (2): 19 kB | 0.1/3.9 MBProgress (3): 19 kB | 0.1/3.9 MB | 0/2.7 MBProgress (3): 19 kB | 0.2/3.9 MB | 0/2.7 MBProgress (3): 19 kB | 0.2/3.9 MB | 0/2.7 MBProgress (3): 19 kB | 0.2/3.9 MB | 0/2.7 MBProgress (3): 19 kB | 0.2/3.9 MB | 0/2.7 MBProgress (3): 19 kB | 0.2/3.9 MB | 0.1/2.7 MBProgress (3): 19 kB | 0.2/3.9 MB | 0.1/2.7 MBProgress (3): 19 kB | 0.2/3.9 MB | 0.1/2.7 MBProgress (3): 19 kB | 0.2/3.9 MB | 0.1/2.7 MBProgress (3): 19 kB | 0.2/3.9 MB | 0.1/2.7 MBProgress (3): 19 kB | 0.2/3.9 MB | 0.1/2.7 MBProgress (3): 19 kB | 0.3/3.9 MB | 0.1/2.7 MBProgress (3): 19 kB | 0.3/3.9 MB | 0.1/2.7 MBProgress (3): 19 kB | 0.3/3.9 MB | 0.1/2.7 MBProgress (3): 19 kB | 0.3/3.9 MB | 0.1/2.7 MBProgress (3): 19 kB | 0.3/3.9 MB | 0.2/2.7 MBProgress (3): 19 kB | 0.3/3.9 MB | 0.2/2.7 MBProgress (3): 19 kB | 0.3/3.9 MB | 0.2/2.7 MBProgress (3): 19 kB | 0.3/3.9 MB | 0.2/2.7 MBProgress (3): 19 kB | 0.3/3.9 MB | 0.2/2.7 MB                                             Downloaded from central: https://repo.maven.apache.org/maven2/org/powermock/powermock-api-support/1.4.12/powermock-api-support-1.4.12.jar (19 kB at 79 kB/s)
Progress (2): 0.3/3.9 MB | 0.2/2.7 MBProgress (2): 0.4/3.9 MB | 0.2/2.7 MBProgress (2): 0.4/3.9 MB | 0.2/2.7 MBProgress (2): 0.4/3.9 MB | 0.2/2.7 MBProgress (2): 0.4/3.9 MB | 0.2/2.7 MBProgress (2): 0.4/3.9 MB | 0.3/2.7 MBProgress (2): 0.4/3.9 MB | 0.3/2.7 MBProgress (2): 0.4/3.9 MB | 0.3/2.7 MBProgress (2): 0.4/3.9 MB | 0.3/2.7 MBProgress (2): 0.4/3.9 MB | 0.3/2.7 MBProgress (2): 0.4/3.9 MB | 0.3/2.7 MBProgress (2): 0.4/3.9 MB | 0.3/2.7 MBProgress (2): 0.4/3.9 MB | 0.3/2.7 MBProgress (2): 0.4/3.9 MB | 0.3/2.7 MBProgress (2): 0.5/3.9 MB | 0.3/2.7 MBProgress (2): 0.5/3.9 MB | 0.4/2.7 MBProgress (2): 0.5/3.9 MB | 0.4/2.7 MBProgress (2): 0.5/3.9 MB | 0.4/2.7 MBProgress (2): 0.5/3.9 MB | 0.4/2.7 MBProgress (2): 0.5/3.9 MB | 0.4/2.7 MBProgress (2): 0.5/3.9 MB | 0.4/2.7 MBProgress (2): 0.5/3.9 MB | 0.4/2.7 MBProgress (2): 0.5/3.9 MB | 0.4/2.7 MBProgress (2): 0.5/3.9 MB | 0.4/2.7 MBProgress (2): 0.5/3.9 MB | 0.5/2.7 MBProgress (2): 0.6/3.9 MB | 0.5/2.7 MBProgress (2): 0.6/3.9 MB | 0.5/2.7 MBProgress (2): 0.6/3.9 MB | 0.5/2.7 MBProgress (2): 0.6/3.9 MB | 0.5/2.7 MBProgress (2): 0.6/3.9 MB | 0.5/2.7 MBProgress (2): 0.6/3.9 MB | 0.5/2.7 MBProgress (2): 0.6/3.9 MB | 0.5/2.7 MBProgress (2): 0.6/3.9 MB | 0.5/2.7 MBProgress (2): 0.6/3.9 MB | 0.5/2.7 MBProgress (2): 0.6/3.9 MB | 0.6/2.7 MBProgress (2): 0.7/3.9 MB | 0.6/2.7 MBProgress (2): 0.7/3.9 MB | 0.6/2.7 MBProgress (2): 0.7/3.9 MB | 0.6/2.7 MBProgress (2): 0.7/3.9 MB | 0.6/2.7 MBProgress (2): 0.7/3.9 MB | 0.6/2.7 MBProgress (2): 0.7/3.9 MB | 0.6/2.7 MBProgress (2): 0.7/3.9 MB | 0.6/2.7 MBProgress (2): 0.7/3.9 MB | 0.6/2.7 MBProgress (2): 0.7/3.9 MB | 0.6/2.7 MBProgress (2): 0.7/3.9 MB | 0.7/2.7 MBProgress (2): 0.8/3.9 MB | 0.7/2.7 MBProgress (2): 0.8/3.9 MB | 0.7/2.7 MBProgress (2): 0.8/3.9 MB | 0.7/2.7 MBProgress (2): 0.8/3.9 MB | 0.7/2.7 MBProgress (2): 0.8/3.9 MB | 0.7/2.7 MBProgress (2): 0.8/3.9 MB | 0.7/2.7 MBProgress (2): 0.8/3.9 MB | 0.7/2.7 MBProgress (2): 0.8/3.9 MB | 0.7/2.7 MBProgress (2): 0.8/3.9 MB | 0.7/2.7 MBProgress (2): 0.8/3.9 MB | 0.8/2.7 MBProgress (2): 0.9/3.9 MB | 0.8/2.7 MBProgress (2): 0.9/3.9 MB | 0.8/2.7 MBProgress (2): 0.9/3.9 MB | 0.8/2.7 MBProgress (2): 0.9/3.9 MB | 0.8/2.7 MBProgress (2): 0.9/3.9 MB | 0.8/2.7 MBProgress (2): 0.9/3.9 MB | 0.8/2.7 MBProgress (2): 0.9/3.9 MB | 0.8/2.7 MBProgress (2): 0.9/3.9 MB | 0.8/2.7 MBProgress (2): 0.9/3.9 MB | 0.8/2.7 MBProgress (2): 0.9/3.9 MB | 0.9/2.7 MBProgress (2): 1.0/3.9 MB | 0.9/2.7 MBProgress (2): 1.0/3.9 MB | 0.9/2.7 MBProgress (2): 1.0/3.9 MB | 0.9/2.7 MBProgress (2): 1.0/3.9 MB | 0.9/2.7 MBProgress (2): 1.0/3.9 MB | 0.9/2.7 MBProgress (2): 1.0/3.9 MB | 0.9/2.7 MBProgress (2): 1.0/3.9 MB | 0.9/2.7 MBProgress (2): 1.0/3.9 MB | 0.9/2.7 MBProgress (2): 1.0/3.9 MB | 0.9/2.7 MBProgress (2): 1.0/3.9 MB | 1.0/2.7 MBProgress (2): 1.1/3.9 MB | 1.0/2.7 MBProgress (2): 1.1/3.9 MB | 1.0/2.7 MBProgress (2): 1.1/3.9 MB | 1.0/2.7 MBProgress (2): 1.1/3.9 MB | 1.0/2.7 MBProgress (2): 1.1/3.9 MB | 1.0/2.7 MBProgress (2): 1.1/3.9 MB | 1.0/2.7 MBProgress (2): 1.1/3.9 MB | 1.0/2.7 MBProgress (2): 1.1/3.9 MB | 1.0/2.7 MBProgress (2): 1.1/3.9 MB | 1.0/2.7 MBProgress (2): 1.1/3.9 MB | 1.1/2.7 MBProgress (2): 1.2/3.9 MB | 1.1/2.7 MBProgress (2): 1.2/3.9 MB | 1.1/2.7 MBProgress (2): 1.2/3.9 MB | 1.1/2.7 MBProgress (2): 1.2/3.9 MB | 1.1/2.7 MBProgress (2): 1.2/3.9 MB | 1.1/2.7 MBProgress (2): 1.2/3.9 MB | 1.1/2.7 MBProgress (2): 1.2/3.9 MB | 1.1/2.7 MBProgress (2): 1.2/3.9 MB | 1.1/2.7 MBProgress (2): 1.2/3.9 MB | 1.1/2.7 MBProgress (2): 1.2/3.9 MB | 1.2/2.7 MBProgress (2): 1.3/3.9 MB | 1.2/2.7 MBProgress (2): 1.3/3.9 MB | 1.2/2.7 MBProgress (2): 1.3/3.9 MB | 1.2/2.7 MBProgress (2): 1.3/3.9 MB | 1.2/2.7 MBProgress (2): 1.3/3.9 MB | 1.2/2.7 MBProgress (2): 1.3/3.9 MB | 1.2/2.7 MBProgress (2): 1.3/3.9 MB | 1.2/2.7 MBProgress (2): 1.3/3.9 MB | 1.2/2.7 MBProgress (2): 1.3/3.9 MB | 1.2/2.7 MBProgress (2): 1.3/3.9 MB | 1.3/2.7 MBProgress (2): 1.3/3.9 MB | 1.3/2.7 MBProgress (2): 1.4/3.9 MB | 1.3/2.7 MBProgress (2): 1.4/3.9 MB | 1.3/2.7 MBProgress (2): 1.4/3.9 MB | 1.3/2.7 MBProgress (2): 1.4/3.9 MB | 1.3/2.7 MBProgress (2): 1.4/3.9 MB | 1.3/2.7 MBProgress (2): 1.4/3.9 MB | 1.3/2.7 MBProgress (2): 1.4/3.9 MB | 1.3/2.7 MBProgress (2): 1.4/3.9 MB | 1.3/2.7 MBProgress (2): 1.4/3.9 MB | 1.3/2.7 MBProgress (2): 1.4/3.9 MB | 1.4/2.7 MBProgress (2): 1.5/3.9 MB | 1.4/2.7 MBProgress (2): 1.5/3.9 MB | 1.4/2.7 MBProgress (2): 1.5/3.9 MB | 1.4/2.7 MBProgress (2): 1.5/3.9 MB | 1.4/2.7 MBProgress (2): 1.5/3.9 MB | 1.4/2.7 MBProgress (2): 1.5/3.9 MB | 1.4/2.7 MBProgress (2): 1.5/3.9 MB | 1.4/2.7 MBProgress (2): 1.5/3.9 MB | 1.4/2.7 MBProgress (2): 1.5/3.9 MB | 1.4/2.7 MBProgress (2): 1.5/3.9 MB | 1.5/2.7 MBProgress (2): 1.6/3.9 MB | 1.5/2.7 MBProgress (2): 1.6/3.9 MB | 1.5/2.7 MBProgress (2): 1.6/3.9 MB | 1.5/2.7 MBProgress (2): 1.6/3.9 MB | 1.5/2.7 MBProgress (2): 1.6/3.9 MB | 1.5/2.7 MBProgress (2): 1.6/3.9 MB | 1.5/2.7 MBProgress (2): 1.6/3.9 MB | 1.5/2.7 MBProgress (2): 1.6/3.9 MB | 1.5/2.7 MBProgress (2): 1.6/3.9 MB | 1.5/2.7 MBProgress (2): 1.6/3.9 MB | 1.6/2.7 MBProgress (2): 1.6/3.9 MB | 1.6/2.7 MBProgress (2): 1.7/3.9 MB | 1.6/2.7 MBProgress (2): 1.7/3.9 MB | 1.6/2.7 MBProgress (2): 1.7/3.9 MB | 1.6/2.7 MBProgress (2): 1.7/3.9 MB | 1.6/2.7 MBProgress (2): 1.7/3.9 MB | 1.6/2.7 MBProgress (2): 1.7/3.9 MB | 1.6/2.7 MBProgress (2): 1.7/3.9 MB | 1.6/2.7 MBProgress (2): 1.7/3.9 MB | 1.7/2.7 MBProgress (2): 1.7/3.9 MB | 1.7/2.7 MBProgress (2): 1.7/3.9 MB | 1.7/2.7 MBProgress (2): 1.8/3.9 MB | 1.7/2.7 MBProgress (2): 1.8/3.9 MB | 1.7/2.7 MBProgress (2): 1.8/3.9 MB | 1.7/2.7 MBProgress (2): 1.8/3.9 MB | 1.7/2.7 MBProgress (2): 1.8/3.9 MB | 1.7/2.7 MBProgress (2): 1.8/3.9 MB | 1.7/2.7 MBProgress (2): 1.8/3.9 MB | 1.7/2.7 MBProgress (2): 1.8/3.9 MB | 1.8/2.7 MBProgress (2): 1.8/3.9 MB | 1.8/2.7 MBProgress (2): 1.8/3.9 MB | 1.8/2.7 MBProgress (2): 1.9/3.9 MB | 1.8/2.7 MBProgress (2): 1.9/3.9 MB | 1.8/2.7 MBProgress (2): 1.9/3.9 MB | 1.8/2.7 MBProgress (2): 1.9/3.9 MB | 1.8/2.7 MBProgress (2): 1.9/3.9 MB | 1.8/2.7 MBProgress (2): 1.9/3.9 MB | 1.8/2.7 MBProgress (2): 1.9/3.9 MB | 1.8/2.7 MBProgress (2): 1.9/3.9 MB | 1.9/2.7 MBProgress (2): 1.9/3.9 MB | 1.9/2.7 MBProgress (2): 1.9/3.9 MB | 1.9/2.7 MBProgress (2): 1.9/3.9 MB | 1.9/2.7 MBProgress (2): 1.9/3.9 MB | 1.9/2.7 MBProgress (2): 1.9/3.9 MB | 1.9/2.7 MBProgress (2): 2.0/3.9 MB | 1.9/2.7 MBProgress (2): 2.0/3.9 MB | 1.9/2.7 MBProgress (2): 2.0/3.9 MB | 1.9/2.7 MBProgress (2): 2.0/3.9 MB | 1.9/2.7 MBProgress (2): 2.0/3.9 MB | 1.9/2.7 MBProgress (2): 2.0/3.9 MB | 1.9/2.7 MBProgress (2): 2.0/3.9 MB | 2.0/2.7 MBProgress (2): 2.1/3.9 MB | 2.0/2.7 MBProgress (2): 2.1/3.9 MB | 2.0/2.7 MBProgress (2): 2.1/3.9 MB | 2.0/2.7 MBProgress (2): 2.1/3.9 MB | 2.0/2.7 MBProgress (2): 2.1/3.9 MB | 2.0/2.7 MBProgress (2): 2.1/3.9 MB | 2.0/2.7 MBProgress (2): 2.1/3.9 MB | 2.0/2.7 MBProgress (2): 2.1/3.9 MB | 2.0/2.7 MBProgress (2): 2.1/3.9 MB | 2.0/2.7 MBProgress (2): 2.1/3.9 MB | 2.1/2.7 MBProgress (2): 2.2/3.9 MB | 2.1/2.7 MBProgress (2): 2.2/3.9 MB | 2.1/2.7 MBProgress (2): 2.2/3.9 MB | 2.1/2.7 MBProgress (2): 2.2/3.9 MB | 2.1/2.7 MBProgress (2): 2.2/3.9 MB | 2.1/2.7 MBProgress (2): 2.2/3.9 MB | 2.1/2.7 MBProgress (2): 2.2/3.9 MB | 2.1/2.7 MBProgress (2): 2.2/3.9 MB | 2.1/2.7 MBProgress (2): 2.2/3.9 MB | 2.1/2.7 MBProgress (2): 2.2/3.9 MB | 2.2/2.7 MBProgress (2): 2.3/3.9 MB | 2.2/2.7 MBProgress (2): 2.3/3.9 MB | 2.2/2.7 MBProgress (2): 2.3/3.9 MB | 2.2/2.7 MBProgress (2): 2.3/3.9 MB | 2.2/2.7 MBProgress (2): 2.3/3.9 MB | 2.2/2.7 MBProgress (2): 2.3/3.9 MB | 2.2/2.7 MBProgress (2): 2.3/3.9 MB | 2.2/2.7 MBProgress (2): 2.3/3.9 MB | 2.2/2.7 MBProgress (2): 2.3/3.9 MB | 2.2/2.7 MBProgress (2): 2.3/3.9 MB | 2.2/2.7 MBProgress (2): 2.3/3.9 MB | 2.3/2.7 MBProgress (2): 2.3/3.9 MB | 2.3/2.7 MBProgress (2): 2.4/3.9 MB | 2.3/2.7 MBProgress (2): 2.4/3.9 MB | 2.3/2.7 MBProgress (2): 2.4/3.9 MB | 2.3/2.7 MBProgress (2): 2.4/3.9 MB | 2.3/2.7 MBProgress (2): 2.4/3.9 MB | 2.3/2.7 MBProgress (2): 2.4/3.9 MB | 2.3/2.7 MBProgress (2): 2.4/3.9 MB | 2.4/2.7 MBProgress (2): 2.4/3.9 MB | 2.4/2.7 MBProgress (2): 2.4/3.9 MB | 2.4/2.7 MBProgress (2): 2.4/3.9 MB | 2.4/2.7 MBProgress (2): 2.4/3.9 MB | 2.4/2.7 MBProgress (2): 2.4/3.9 MB | 2.4/2.7 MBProgress (2): 2.5/3.9 MB | 2.4/2.7 MBProgress (2): 2.5/3.9 MB | 2.4/2.7 MBProgress (2): 2.5/3.9 MB | 2.4/2.7 MBProgress (2): 2.5/3.9 MB | 2.4/2.7 MBProgress (2): 2.5/3.9 MB | 2.5/2.7 MBProgress (2): 2.5/3.9 MB | 2.5/2.7 MBProgress (2): 2.5/3.9 MB | 2.5/2.7 MBProgress (2): 2.5/3.9 MB | 2.5/2.7 MBProgress (2): 2.5/3.9 MB | 2.5/2.7 MBProgress (2): 2.5/3.9 MB | 2.5/2.7 MBProgress (2): 2.6/3.9 MB | 2.5/2.7 MBProgress (2): 2.6/3.9 MB | 2.5/2.7 MBProgress (2): 2.6/3.9 MB | 2.5/2.7 MBProgress (2): 2.6/3.9 MB | 2.5/2.7 MBProgress (2): 2.6/3.9 MB | 2.6/2.7 MBProgress (2): 2.6/3.9 MB | 2.6/2.7 MBProgress (2): 2.6/3.9 MB | 2.6/2.7 MBProgress (2): 2.6/3.9 MB | 2.6/2.7 MBProgress (2): 2.6/3.9 MB | 2.6/2.7 MBProgress (2): 2.6/3.9 MB | 2.6/2.7 MBProgress (2): 2.7/3.9 MB | 2.6/2.7 MBProgress (2): 2.7/3.9 MB | 2.6/2.7 MBProgress (2): 2.7/3.9 MB | 2.6/2.7 MBProgress (2): 2.7/3.9 MB | 2.6/2.7 MBProgress (2): 2.7/3.9 MB | 2.7 MB    Progress (2): 2.7/3.9 MB | 2.7 MBProgress (2): 2.7/3.9 MB | 2.7 MBProgress (2): 2.8/3.9 MB | 2.7 MBProgress (2): 2.8/3.9 MB | 2.7 MBProgress (2): 2.8/3.9 MB | 2.7 MBProgress (2): 2.8/3.9 MB | 2.7 MBProgress (2): 2.9/3.9 MB | 2.7 MBProgress (2): 2.9/3.9 MB | 2.7 MBProgress (2): 2.9/3.9 MB | 2.7 MBProgress (2): 2.9/3.9 MB | 2.7 MBProgress (2): 3.0/3.9 MB | 2.7 MBProgress (2): 3.0/3.9 MB | 2.7 MBProgress (2): 3.0/3.9 MB | 2.7 MBProgress (2): 3.0/3.9 MB | 2.7 MBProgress (2): 3.1/3.9 MB | 2.7 MBProgress (2): 3.1/3.9 MB | 2.7 MBProgress (2): 3.1/3.9 MB | 2.7 MBProgress (2): 3.1/3.9 MB | 2.7 MBProgress (2): 3.2/3.9 MB | 2.7 MBProgress (2): 3.2/3.9 MB | 2.7 MBProgress (2): 3.2/3.9 MB | 2.7 MBProgress (2): 3.2/3.9 MB | 2.7 MBProgress (2): 3.3/3.9 MB | 2.7 MBProgress (2): 3.3/3.9 MB | 2.7 MBProgress (2): 3.3/3.9 MB | 2.7 MBProgress (2): 3.3/3.9 MB | 2.7 MBProgress (2): 3.3/3.9 MB | 2.7 MBProgress (2): 3.4/3.9 MB | 2.7 MBProgress (2): 3.4/3.9 MB | 2.7 MBProgress (2): 3.4/3.9 MB | 2.7 MBProgress (2): 3.4/3.9 MB | 2.7 MBProgress (2): 3.5/3.9 MB | 2.7 MBProgress (2): 3.5/3.9 MB | 2.7 MBProgress (2): 3.5/3.9 MB | 2.7 MBProgress (2): 3.5/3.9 MB | 2.7 MBProgress (2): 3.6/3.9 MB | 2.7 MBProgress (2): 3.6/3.9 MB | 2.7 MBProgress (2): 3.6/3.9 MB | 2.7 MBProgress (2): 3.6/3.9 MB | 2.7 MBProgress (2): 3.7/3.9 MB | 2.7 MBProgress (2): 3.7/3.9 MB | 2.7 MBProgress (2): 3.7/3.9 MB | 2.7 MBProgress (2): 3.7/3.9 MB | 2.7 MBProgress (2): 3.8/3.9 MB | 2.7 MBProgress (2): 3.8/3.9 MB | 2.7 MBProgress (2): 3.8/3.9 MB | 2.7 MBProgress (2): 3.8/3.9 MB | 2.7 MBProgress (2): 3.9/3.9 MB | 2.7 MBProgress (2): 3.9/3.9 MB | 2.7 MBProgress (2): 3.9/3.9 MB | 2.7 MBProgress (2): 3.9 MB | 2.7 MB                                 Downloaded from central: https://repo.maven.apache.org/maven2/org/apache/hadoop/hadoop-test/1.0.4/hadoop-test-1.0.4.jar (2.7 MB at 5.5 MB/s)
Downloaded from central: https://repo.maven.apache.org/maven2/org/apache/hadoop/hadoop-core/1.0.4/hadoop-core-1.0.4.jar (3.9 MB at 7.2 MB/s)
[[1;34mINFO[m] 
[[1;34mINFO[m] [1m--- [0;32mbuildnumber-maven-plugin:1.1:create[m [1m(default)[m @ [36maccumulo-start[0;1m ---[m
[[1;34mINFO[m] Checking for local modifications: skipped.
[[1;34mINFO[m] Updating project files from SCM: skipped.
[[1;34mINFO[m] Executing: /bin/sh -c cd /home/user/Workspace/reproducibility/Reproducibility-Scanner/benchmarks/bugs-dot-jar/accumulo/start && svn --non-interactive info
[[1;34mINFO[m] Working directory: /home/user/Workspace/reproducibility/Reproducibility-Scanner/benchmarks/bugs-dot-jar/accumulo/start
[[1;34mINFO[m] Storing buildNumber: null at timestamp: 1659210318161
[[1;34mINFO[m] Executing: /bin/sh -c cd /home/user/Workspace/reproducibility/Reproducibility-Scanner/benchmarks/bugs-dot-jar/accumulo/start && svn --non-interactive info
[[1;34mINFO[m] Working directory: /home/user/Workspace/reproducibility/Reproducibility-Scanner/benchmarks/bugs-dot-jar/accumulo/start
[[1;34mINFO[m] Storing buildScmBranch: UNKNOWN_BRANCH
[[1;34mINFO[m] 
[[1;34mINFO[m] [1m--- [0;32mmaven-enforcer-plugin:1.0.1:enforce[m [1m(enforce-mvn)[m @ [36maccumulo-start[0;1m ---[m
[[1;34mINFO[m] 
[[1;34mINFO[m] [1m--- [0;32mmaven-remote-resources-plugin:1.3:process[m [1m(default)[m @ [36maccumulo-start[0;1m ---[m
[[1;34mINFO[m] 
[[1;34mINFO[m] [1m--- [0;32mmaven-resources-plugin:2.5:resources[m [1m(default-resources)[m @ [36maccumulo-start[0;1m ---[m
[debug] execute contextualize
[[1;34mINFO[m] Using 'UTF-8' encoding to copy filtered resources.
[[1;34mINFO[m] skip non existing resourceDirectory /home/user/Workspace/reproducibility/Reproducibility-Scanner/benchmarks/bugs-dot-jar/accumulo/start/src/main/resources
[[1;34mINFO[m] Copying 3 resources
[[1;34mINFO[m] 
[[1;34mINFO[m] [1m--- [0;32mmaven-dependency-plugin:2.3:copy-dependencies[m [1m(copy-dependencies)[m @ [36maccumulo-start[0;1m ---[m
[[1;34mINFO[m] Copying commons-io-1.4.jar to /home/user/Workspace/reproducibility/Reproducibility-Scanner/benchmarks/bugs-dot-jar/accumulo/lib/commons-io-1.4.jar
[[1;34mINFO[m] Copying commons-vfs2-2.0.jar to /home/user/Workspace/reproducibility/Reproducibility-Scanner/benchmarks/bugs-dot-jar/accumulo/lib/commons-vfs2-2.0.jar
[[1;34mINFO[m] Copying commons-logging-1.0.4.jar to /home/user/Workspace/reproducibility/Reproducibility-Scanner/benchmarks/bugs-dot-jar/accumulo/lib/commons-logging-1.0.4.jar
[[1;34mINFO[m] log4j-1.2.16.jar already exists in destination.
[[1;34mINFO[m] 
[[1;34mINFO[m] [1m--- [0;32mmaven-compiler-plugin:2.3.2:compile[m [1m(default-compile)[m @ [36maccumulo-start[0;1m ---[m
[[1;34mINFO[m] Compiling 16 source files to /home/user/Workspace/reproducibility/Reproducibility-Scanner/benchmarks/bugs-dot-jar/accumulo/start/target/classes
[[1;34mINFO[m] 
[[1;34mINFO[m] [1m--- [0;32mmaven-resources-plugin:2.5:testResources[m [1m(default-testResources)[m @ [36maccumulo-start[0;1m ---[m
[debug] execute contextualize
[[1;34mINFO[m] Using 'UTF-8' encoding to copy filtered resources.
[[1;34mINFO[m] Copying 5 resources
[[1;34mINFO[m] Copying 3 resources
[[1;34mINFO[m] 
[[1;34mINFO[m] [1m--- [0;32mmaven-compiler-plugin:2.3.2:testCompile[m [1m(default-testCompile)[m @ [36maccumulo-start[0;1m ---[m
[[1;34mINFO[m] Compiling 7 source files to /home/user/Workspace/reproducibility/Reproducibility-Scanner/benchmarks/bugs-dot-jar/accumulo/start/target/test-classes
[[1;34mINFO[m] 
[[1;34mINFO[m] [1m--- [0;32mmaven-surefire-plugin:2.12:test[m [1m(default-test)[m @ [36maccumulo-start[0;1m ---[m
[[1;34mINFO[m] Tests are skipped.
[[1;34mINFO[m] 
[[1;34mINFO[m] [1m--- [0;32mmaven-jar-plugin:2.4:jar[m [1m(default-jar)[m @ [36maccumulo-start[0;1m ---[m
[[1;34mINFO[m] Building jar: /home/user/Workspace/reproducibility/Reproducibility-Scanner/benchmarks/bugs-dot-jar/accumulo/lib/accumulo-start-1.5.0-SNAPSHOT.jar
[[1;34mINFO[m] 
[[1;34mINFO[m] [1m--- [0;32mmaven-site-plugin:3.2:attach-descriptor[m [1m(attach-descriptor)[m @ [36maccumulo-start[0;1m ---[m
[[1;34mINFO[m] 
[[1;34mINFO[m] [1m--- [0;32mmaven-source-plugin:2.1.2:jar-no-fork[m [1m(attach-sources)[m @ [36maccumulo-start[0;1m ---[m
[[1;34mINFO[m] META-INF already added, skipping
[[1;34mINFO[m] META-INF/LICENSE already added, skipping
[[1;34mINFO[m] META-INF/NOTICE already added, skipping
[[1;34mINFO[m] META-INF/DEPENDENCIES already added, skipping
[[1;34mINFO[m] Building jar: /home/user/Workspace/reproducibility/Reproducibility-Scanner/benchmarks/bugs-dot-jar/accumulo/lib/accumulo-start-1.5.0-SNAPSHOT-sources.jar
[[1;34mINFO[m] META-INF already added, skipping
[[1;34mINFO[m] META-INF/LICENSE already added, skipping
[[1;34mINFO[m] META-INF/NOTICE already added, skipping
[[1;34mINFO[m] META-INF/DEPENDENCIES already added, skipping
[[1;34mINFO[m] 
[[1;34mINFO[m] [1m--- [0;32mmaven-source-plugin:2.1.2:test-jar-no-fork[m [1m(attach-sources)[m @ [36maccumulo-start[0;1m ---[m
[[1;34mINFO[m] META-INF already added, skipping
[[1;34mINFO[m] META-INF/LICENSE already added, skipping
[[1;34mINFO[m] META-INF/NOTICE already added, skipping
[[1;34mINFO[m] META-INF/DEPENDENCIES already added, skipping
[[1;34mINFO[m] Building jar: /home/user/Workspace/reproducibility/Reproducibility-Scanner/benchmarks/bugs-dot-jar/accumulo/lib/accumulo-start-1.5.0-SNAPSHOT-test-sources.jar
[[1;34mINFO[m] META-INF already added, skipping
[[1;34mINFO[m] META-INF/LICENSE already added, skipping
[[1;34mINFO[m] META-INF/NOTICE already added, skipping
[[1;34mINFO[m] META-INF/DEPENDENCIES already added, skipping
[[1;34mINFO[m] 
[[1;34mINFO[m] [1m--- [0;32mmaven-install-plugin:2.3.1:install[m [1m(default-install)[m @ [36maccumulo-start[0;1m ---[m
[[1;34mINFO[m] Installing /home/user/Workspace/reproducibility/Reproducibility-Scanner/benchmarks/bugs-dot-jar/accumulo/lib/accumulo-start-1.5.0-SNAPSHOT.jar to /home/user/.m2/repository/org/apache/accumulo/accumulo-start/1.5.0-SNAPSHOT/accumulo-start-1.5.0-SNAPSHOT.jar
[[1;34mINFO[m] Installing /home/user/Workspace/reproducibility/Reproducibility-Scanner/benchmarks/bugs-dot-jar/accumulo/start/pom.xml to /home/user/.m2/repository/org/apache/accumulo/accumulo-start/1.5.0-SNAPSHOT/accumulo-start-1.5.0-SNAPSHOT.pom
[[1;34mINFO[m] Installing /home/user/Workspace/reproducibility/Reproducibility-Scanner/benchmarks/bugs-dot-jar/accumulo/lib/accumulo-start-1.5.0-SNAPSHOT-sources.jar to /home/user/.m2/repository/org/apache/accumulo/accumulo-start/1.5.0-SNAPSHOT/accumulo-start-1.5.0-SNAPSHOT-sources.jar
[[1;34mINFO[m] Installing /home/user/Workspace/reproducibility/Reproducibility-Scanner/benchmarks/bugs-dot-jar/accumulo/lib/accumulo-start-1.5.0-SNAPSHOT-test-sources.jar to /home/user/.m2/repository/org/apache/accumulo/accumulo-start/1.5.0-SNAPSHOT/accumulo-start-1.5.0-SNAPSHOT-test-sources.jar
[[1;34mINFO[m] 
[[1;34mINFO[m] [1m-----------------< [0;36morg.apache.accumulo:accumulo-fate[0;1m >------------------[m
[[1;34mINFO[m] [1mBuilding Fate 1.5.0-SNAPSHOT                                      [4/11][m
[[1;34mINFO[m] [1m--------------------------------[ jar ]---------------------------------[m
[[1;34mINFO[m] 
[[1;34mINFO[m] [1m--- [0;32mbuildnumber-maven-plugin:1.1:create[m [1m(default)[m @ [36maccumulo-fate[0;1m ---[m
[[1;34mINFO[m] Checking for local modifications: skipped.
[[1;34mINFO[m] Updating project files from SCM: skipped.
[[1;34mINFO[m] Executing: /bin/sh -c cd /home/user/Workspace/reproducibility/Reproducibility-Scanner/benchmarks/bugs-dot-jar/accumulo/fate && svn --non-interactive info
[[1;34mINFO[m] Working directory: /home/user/Workspace/reproducibility/Reproducibility-Scanner/benchmarks/bugs-dot-jar/accumulo/fate
[[1;34mINFO[m] Storing buildNumber: null at timestamp: 1659210320498
[[1;34mINFO[m] Executing: /bin/sh -c cd /home/user/Workspace/reproducibility/Reproducibility-Scanner/benchmarks/bugs-dot-jar/accumulo/fate && svn --non-interactive info
[[1;34mINFO[m] Working directory: /home/user/Workspace/reproducibility/Reproducibility-Scanner/benchmarks/bugs-dot-jar/accumulo/fate
[[1;34mINFO[m] Storing buildScmBranch: UNKNOWN_BRANCH
[[1;34mINFO[m] 
[[1;34mINFO[m] [1m--- [0;32mmaven-enforcer-plugin:1.0.1:enforce[m [1m(enforce-mvn)[m @ [36maccumulo-fate[0;1m ---[m
[[1;34mINFO[m] 
[[1;34mINFO[m] [1m--- [0;32mmaven-remote-resources-plugin:1.3:process[m [1m(default)[m @ [36maccumulo-fate[0;1m ---[m
[[1;34mINFO[m] 
[[1;34mINFO[m] [1m--- [0;32mmaven-resources-plugin:2.5:resources[m [1m(default-resources)[m @ [36maccumulo-fate[0;1m ---[m
[debug] execute contextualize
[[1;34mINFO[m] Using 'UTF-8' encoding to copy filtered resources.
[[1;34mINFO[m] skip non existing resourceDirectory /home/user/Workspace/reproducibility/Reproducibility-Scanner/benchmarks/bugs-dot-jar/accumulo/fate/src/main/resources
[[1;34mINFO[m] Copying 3 resources
[[1;34mINFO[m] 
[[1;34mINFO[m] [1m--- [0;32mmaven-dependency-plugin:2.3:copy-dependencies[m [1m(copy-dependencies)[m @ [36maccumulo-fate[0;1m ---[m
[[1;34mINFO[m] Copying commons-lang-2.4.jar to /home/user/Workspace/reproducibility/Reproducibility-Scanner/benchmarks/bugs-dot-jar/accumulo/lib/commons-lang-2.4.jar
[[1;34mINFO[m] log4j-1.2.16.jar already exists in destination.
[[1;34mINFO[m] 
[[1;34mINFO[m] [1m--- [0;32mmaven-compiler-plugin:2.3.2:compile[m [1m(default-compile)[m @ [36maccumulo-fate[0;1m ---[m
[[1;34mINFO[m] Compiling 22 source files to /home/user/Workspace/reproducibility/Reproducibility-Scanner/benchmarks/bugs-dot-jar/accumulo/fate/target/classes
[[1;34mINFO[m] 
[[1;34mINFO[m] [1m--- [0;32mmaven-resources-plugin:2.5:testResources[m [1m(default-testResources)[m @ [36maccumulo-fate[0;1m ---[m
[debug] execute contextualize
[[1;34mINFO[m] Using 'UTF-8' encoding to copy filtered resources.
[[1;34mINFO[m] Copying 1 resource
[[1;34mINFO[m] Copying 3 resources
[[1;34mINFO[m] 
[[1;34mINFO[m] [1m--- [0;32mmaven-compiler-plugin:2.3.2:testCompile[m [1m(default-testCompile)[m @ [36maccumulo-fate[0;1m ---[m
[[1;34mINFO[m] Compiling 4 source files to /home/user/Workspace/reproducibility/Reproducibility-Scanner/benchmarks/bugs-dot-jar/accumulo/fate/target/test-classes
[[1;34mINFO[m] 
[[1;34mINFO[m] [1m--- [0;32mmaven-surefire-plugin:2.12:test[m [1m(default-test)[m @ [36maccumulo-fate[0;1m ---[m
[[1;34mINFO[m] Tests are skipped.
[[1;34mINFO[m] 
[[1;34mINFO[m] [1m--- [0;32mmaven-jar-plugin:2.4:jar[m [1m(default-jar)[m @ [36maccumulo-fate[0;1m ---[m
[[1;34mINFO[m] Building jar: /home/user/Workspace/reproducibility/Reproducibility-Scanner/benchmarks/bugs-dot-jar/accumulo/lib/accumulo-fate-1.5.0-SNAPSHOT.jar
[[1;34mINFO[m] 
[[1;34mINFO[m] [1m--- [0;32mmaven-site-plugin:3.2:attach-descriptor[m [1m(attach-descriptor)[m @ [36maccumulo-fate[0;1m ---[m
[[1;34mINFO[m] 
[[1;34mINFO[m] [1m--- [0;32mmaven-source-plugin:2.1.2:jar-no-fork[m [1m(attach-sources)[m @ [36maccumulo-fate[0;1m ---[m
[[1;34mINFO[m] META-INF already added, skipping
[[1;34mINFO[m] META-INF/LICENSE already added, skipping
[[1;34mINFO[m] META-INF/NOTICE already added, skipping
[[1;34mINFO[m] META-INF/DEPENDENCIES already added, skipping
[[1;34mINFO[m] Building jar: /home/user/Workspace/reproducibility/Reproducibility-Scanner/benchmarks/bugs-dot-jar/accumulo/lib/accumulo-fate-1.5.0-SNAPSHOT-sources.jar
[[1;34mINFO[m] META-INF already added, skipping
[[1;34mINFO[m] META-INF/LICENSE already added, skipping
[[1;34mINFO[m] META-INF/NOTICE already added, skipping
[[1;34mINFO[m] META-INF/DEPENDENCIES already added, skipping
[[1;34mINFO[m] 
[[1;34mINFO[m] [1m--- [0;32mmaven-source-plugin:2.1.2:test-jar-no-fork[m [1m(attach-sources)[m @ [36maccumulo-fate[0;1m ---[m
[[1;34mINFO[m] META-INF already added, skipping
[[1;34mINFO[m] META-INF/LICENSE already added, skipping
[[1;34mINFO[m] META-INF/NOTICE already added, skipping
[[1;34mINFO[m] META-INF/DEPENDENCIES already added, skipping
[[1;34mINFO[m] Building jar: /home/user/Workspace/reproducibility/Reproducibility-Scanner/benchmarks/bugs-dot-jar/accumulo/lib/accumulo-fate-1.5.0-SNAPSHOT-test-sources.jar
[[1;34mINFO[m] META-INF already added, skipping
[[1;34mINFO[m] META-INF/LICENSE already added, skipping
[[1;34mINFO[m] META-INF/NOTICE already added, skipping
[[1;34mINFO[m] META-INF/DEPENDENCIES already added, skipping
[[1;34mINFO[m] 
[[1;34mINFO[m] [1m--- [0;32mmaven-install-plugin:2.3.1:install[m [1m(default-install)[m @ [36maccumulo-fate[0;1m ---[m
[[1;34mINFO[m] Installing /home/user/Workspace/reproducibility/Reproducibility-Scanner/benchmarks/bugs-dot-jar/accumulo/lib/accumulo-fate-1.5.0-SNAPSHOT.jar to /home/user/.m2/repository/org/apache/accumulo/accumulo-fate/1.5.0-SNAPSHOT/accumulo-fate-1.5.0-SNAPSHOT.jar
[[1;34mINFO[m] Installing /home/user/Workspace/reproducibility/Reproducibility-Scanner/benchmarks/bugs-dot-jar/accumulo/fate/pom.xml to /home/user/.m2/repository/org/apache/accumulo/accumulo-fate/1.5.0-SNAPSHOT/accumulo-fate-1.5.0-SNAPSHOT.pom
[[1;34mINFO[m] Installing /home/user/Workspace/reproducibility/Reproducibility-Scanner/benchmarks/bugs-dot-jar/accumulo/lib/accumulo-fate-1.5.0-SNAPSHOT-sources.jar to /home/user/.m2/repository/org/apache/accumulo/accumulo-fate/1.5.0-SNAPSHOT/accumulo-fate-1.5.0-SNAPSHOT-sources.jar
[[1;34mINFO[m] Installing /home/user/Workspace/reproducibility/Reproducibility-Scanner/benchmarks/bugs-dot-jar/accumulo/lib/accumulo-fate-1.5.0-SNAPSHOT-test-sources.jar to /home/user/.m2/repository/org/apache/accumulo/accumulo-fate/1.5.0-SNAPSHOT/accumulo-fate-1.5.0-SNAPSHOT-test-sources.jar
[[1;34mINFO[m] 
[[1;34mINFO[m] [1m-----------------< [0;36morg.apache.accumulo:accumulo-core[0;1m >------------------[m
[[1;34mINFO[m] [1mBuilding Core 1.5.0-SNAPSHOT                                      [5/11][m
[[1;34mINFO[m] [1m--------------------------------[ jar ]---------------------------------[m
Downloading from central: https://repo.maven.apache.org/maven2/com/beust/jcommander/1.30/jcommander-1.30.pom
Progress (1): 4.1/7.2 kBProgress (1): 7.2 kB                        Downloaded from central: https://repo.maven.apache.org/maven2/com/beust/jcommander/1.30/jcommander-1.30.pom (7.2 kB at 425 kB/s)
Downloading from central: https://repo.maven.apache.org/maven2/com/beust/jcommander/1.30/jcommander-1.30.jar
Progress (1): 4.1/60 kBProgress (1): 8.2/60 kBProgress (1): 12/60 kB Progress (1): 16/60 kBProgress (1): 20/60 kBProgress (1): 24/60 kBProgress (1): 28/60 kBProgress (1): 32/60 kBProgress (1): 36/60 kBProgress (1): 40/60 kBProgress (1): 45/60 kBProgress (1): 49/60 kBProgress (1): 53/60 kBProgress (1): 57/60 kBProgress (1): 60 kB                      Downloaded from central: https://repo.maven.apache.org/maven2/com/beust/jcommander/1.30/jcommander-1.30.jar (60 kB at 2.0 MB/s)
[[1;34mINFO[m] 
[[1;34mINFO[m] [1m--- [0;32mbuildnumber-maven-plugin:1.1:create[m [1m(default)[m @ [36maccumulo-core[0;1m ---[m
[[1;34mINFO[m] Checking for local modifications: skipped.
[[1;34mINFO[m] Updating project files from SCM: skipped.
[[1;34mINFO[m] Executing: /bin/sh -c cd /home/user/Workspace/reproducibility/Reproducibility-Scanner/benchmarks/bugs-dot-jar/accumulo/core && svn --non-interactive info
[[1;34mINFO[m] Working directory: /home/user/Workspace/reproducibility/Reproducibility-Scanner/benchmarks/bugs-dot-jar/accumulo/core
[[1;34mINFO[m] Storing buildNumber: null at timestamp: 1659210322335
[[1;34mINFO[m] Executing: /bin/sh -c cd /home/user/Workspace/reproducibility/Reproducibility-Scanner/benchmarks/bugs-dot-jar/accumulo/core && svn --non-interactive info
[[1;34mINFO[m] Working directory: /home/user/Workspace/reproducibility/Reproducibility-Scanner/benchmarks/bugs-dot-jar/accumulo/core
[[1;34mINFO[m] Storing buildScmBranch: UNKNOWN_BRANCH
[[1;34mINFO[m] 
[[1;34mINFO[m] [1m--- [0;32mmaven-enforcer-plugin:1.0.1:enforce[m [1m(enforce-mvn)[m @ [36maccumulo-core[0;1m ---[m
[[1;34mINFO[m] 
[[1;34mINFO[m] [1m--- [0;32mexec-maven-plugin:1.2.1:exec[m [1m(generate-thrift)[m @ [36maccumulo-core[0;1m ---[m
****************************************************
*** thrift is not available
***   expecting 'thrift -version' to return 0.9
*** generated code will not be updated
****************************************************
[[1;34mINFO[m] 
[[1;34mINFO[m] [1m--- [0;32mmaven-remote-resources-plugin:1.3:process[m [1m(default)[m @ [36maccumulo-core[0;1m ---[m
[[1;34mINFO[m] 
[[1;34mINFO[m] [1m--- [0;32mmaven-resources-plugin:2.5:resources[m [1m(default-resources)[m @ [36maccumulo-core[0;1m ---[m
[debug] execute contextualize
[[1;34mINFO[m] Using 'UTF-8' encoding to copy filtered resources.
[[1;34mINFO[m] Copying 1 resource
[[1;34mINFO[m] Copying 3 resources
[[1;34mINFO[m] 
[[1;34mINFO[m] [1m--- [0;32mmaven-dependency-plugin:2.3:copy-dependencies[m [1m(copy-dependencies)[m @ [36maccumulo-core[0;1m ---[m
[[1;34mINFO[m] Copying jcommander-1.30.jar to /home/user/Workspace/reproducibility/Reproducibility-Scanner/benchmarks/bugs-dot-jar/accumulo/lib/jcommander-1.30.jar
[[1;34mINFO[m] Copying commons-collections-3.2.jar to /home/user/Workspace/reproducibility/Reproducibility-Scanner/benchmarks/bugs-dot-jar/accumulo/lib/commons-collections-3.2.jar
[[1;34mINFO[m] Copying jline-0.9.94.jar to /home/user/Workspace/reproducibility/Reproducibility-Scanner/benchmarks/bugs-dot-jar/accumulo/lib/jline-0.9.94.jar
[[1;34mINFO[m] log4j-1.2.16.jar already exists in destination.
[[1;34mINFO[m] libthrift-0.9.0.jar already exists in destination.
[[1;34mINFO[m] commons-logging-1.0.4.jar already exists in destination.
[[1;34mINFO[m] commons-lang-2.4.jar already exists in destination.
[[1;34mINFO[m] 
[[1;34mINFO[m] [1m--- [0;32mmaven-compiler-plugin:2.3.2:compile[m [1m(default-compile)[m @ [36maccumulo-core[0;1m ---[m
[[1;34mINFO[m] Compiling 488 source files to /home/user/Workspace/reproducibility/Reproducibility-Scanner/benchmarks/bugs-dot-jar/accumulo/core/target/classes
[[1;34mINFO[m] 
[[1;34mINFO[m] [1m--- [0;32mmaven-resources-plugin:2.5:testResources[m [1m(default-testResources)[m @ [36maccumulo-core[0;1m ---[m
[debug] execute contextualize
[[1;34mINFO[m] Using 'UTF-8' encoding to copy filtered resources.
[[1;34mINFO[m] Copying 5 resources
[[1;34mINFO[m] Copying 3 resources
[[1;34mINFO[m] 
[[1;34mINFO[m] [1m--- [0;32mmaven-compiler-plugin:2.3.2:testCompile[m [1m(default-testCompile)[m @ [36maccumulo-core[0;1m ---[m
[[1;34mINFO[m] Compiling 77 source files to /home/user/Workspace/reproducibility/Reproducibility-Scanner/benchmarks/bugs-dot-jar/accumulo/core/target/test-classes
[[1;34mINFO[m] 
[[1;34mINFO[m] [1m--- [0;32mmaven-surefire-plugin:2.12:test[m [1m(default-test)[m @ [36maccumulo-core[0;1m ---[m
[[1;34mINFO[m] Tests are skipped.
[[1;34mINFO[m] 
[[1;34mINFO[m] [1m--- [0;32mmaven-jar-plugin:2.4:jar[m [1m(default-jar)[m @ [36maccumulo-core[0;1m ---[m
[[1;34mINFO[m] Building jar: /home/user/Workspace/reproducibility/Reproducibility-Scanner/benchmarks/bugs-dot-jar/accumulo/lib/accumulo-core-1.5.0-SNAPSHOT.jar
[[1;34mINFO[m] 
[[1;34mINFO[m] [1m--- [0;32mmaven-site-plugin:3.2:attach-descriptor[m [1m(attach-descriptor)[m @ [36maccumulo-core[0;1m ---[m
[[1;34mINFO[m] 
[[1;34mINFO[m] [1m--- [0;32mmaven-source-plugin:2.1.2:jar-no-fork[m [1m(attach-sources)[m @ [36maccumulo-core[0;1m ---[m
[[1;34mINFO[m] org already added, skipping
[[1;34mINFO[m] org/apache already added, skipping
[[1;34mINFO[m] org/apache/accumulo already added, skipping
[[1;34mINFO[m] org/apache/accumulo/core already added, skipping
[[1;34mINFO[m] org/apache/accumulo/core/conf already added, skipping
[[1;34mINFO[m] META-INF already added, skipping
[[1;34mINFO[m] META-INF/LICENSE already added, skipping
[[1;34mINFO[m] META-INF/NOTICE already added, skipping
[[1;34mINFO[m] META-INF/DEPENDENCIES already added, skipping
[[1;34mINFO[m] Building jar: /home/user/Workspace/reproducibility/Reproducibility-Scanner/benchmarks/bugs-dot-jar/accumulo/lib/accumulo-core-1.5.0-SNAPSHOT-sources.jar
[[1;34mINFO[m] org already added, skipping
[[1;34mINFO[m] org/apache already added, skipping
[[1;34mINFO[m] org/apache/accumulo already added, skipping
[[1;34mINFO[m] org/apache/accumulo/core already added, skipping
[[1;34mINFO[m] org/apache/accumulo/core/conf already added, skipping
[[1;34mINFO[m] META-INF already added, skipping
[[1;34mINFO[m] META-INF/LICENSE already added, skipping
[[1;34mINFO[m] META-INF/NOTICE already added, skipping
[[1;34mINFO[m] META-INF/DEPENDENCIES already added, skipping
[[1;34mINFO[m] 
[[1;34mINFO[m] [1m--- [0;32mmaven-source-plugin:2.1.2:test-jar-no-fork[m [1m(attach-sources)[m @ [36maccumulo-core[0;1m ---[m
[[1;34mINFO[m] org already added, skipping
[[1;34mINFO[m] org/apache already added, skipping
[[1;34mINFO[m] org/apache/accumulo already added, skipping
[[1;34mINFO[m] org/apache/accumulo/core already added, skipping
[[1;34mINFO[m] org/apache/accumulo/core/file already added, skipping
[[1;34mINFO[m] org/apache/accumulo/core/file/rfile already added, skipping
[[1;34mINFO[m] META-INF already added, skipping
[[1;34mINFO[m] META-INF/LICENSE already added, skipping
[[1;34mINFO[m] META-INF/NOTICE already added, skipping
[[1;34mINFO[m] META-INF/DEPENDENCIES already added, skipping
[[1;34mINFO[m] Building jar: /home/user/Workspace/reproducibility/Reproducibility-Scanner/benchmarks/bugs-dot-jar/accumulo/lib/accumulo-core-1.5.0-SNAPSHOT-test-sources.jar
[[1;34mINFO[m] org already added, skipping
[[1;34mINFO[m] org/apache already added, skipping
[[1;34mINFO[m] org/apache/accumulo already added, skipping
[[1;34mINFO[m] org/apache/accumulo/core already added, skipping
[[1;34mINFO[m] org/apache/accumulo/core/file already added, skipping
[[1;34mINFO[m] org/apache/accumulo/core/file/rfile already added, skipping
[[1;34mINFO[m] META-INF already added, skipping
[[1;34mINFO[m] META-INF/LICENSE already added, skipping
[[1;34mINFO[m] META-INF/NOTICE already added, skipping
[[1;34mINFO[m] META-INF/DEPENDENCIES already added, skipping
[[1;34mINFO[m] 
[[1;34mINFO[m] [1m--- [0;32mmaven-install-plugin:2.3.1:install[m [1m(default-install)[m @ [36maccumulo-core[0;1m ---[m
[[1;34mINFO[m] Installing /home/user/Workspace/reproducibility/Reproducibility-Scanner/benchmarks/bugs-dot-jar/accumulo/lib/accumulo-core-1.5.0-SNAPSHOT.jar to /home/user/.m2/repository/org/apache/accumulo/accumulo-core/1.5.0-SNAPSHOT/accumulo-core-1.5.0-SNAPSHOT.jar
[[1;34mINFO[m] Installing /home/user/Workspace/reproducibility/Reproducibility-Scanner/benchmarks/bugs-dot-jar/accumulo/core/pom.xml to /home/user/.m2/repository/org/apache/accumulo/accumulo-core/1.5.0-SNAPSHOT/accumulo-core-1.5.0-SNAPSHOT.pom
[[1;34mINFO[m] Installing /home/user/Workspace/reproducibility/Reproducibility-Scanner/benchmarks/bugs-dot-jar/accumulo/lib/accumulo-core-1.5.0-SNAPSHOT-sources.jar to /home/user/.m2/repository/org/apache/accumulo/accumulo-core/1.5.0-SNAPSHOT/accumulo-core-1.5.0-SNAPSHOT-sources.jar
[[1;34mINFO[m] Installing /home/user/Workspace/reproducibility/Reproducibility-Scanner/benchmarks/bugs-dot-jar/accumulo/lib/accumulo-core-1.5.0-SNAPSHOT-test-sources.jar to /home/user/.m2/repository/org/apache/accumulo/accumulo-core/1.5.0-SNAPSHOT/accumulo-core-1.5.0-SNAPSHOT-test-sources.jar
[[1;34mINFO[m] 
[[1;34mINFO[m] [1m----------------< [0;36morg.apache.accumulo:accumulo-server[0;1m >-----------------[m
[[1;34mINFO[m] [1mBuilding Server 1.5.0-SNAPSHOT                                    [6/11][m
[[1;34mINFO[m] [1m--------------------------------[ jar ]---------------------------------[m
[[1;34mINFO[m] 
[[1;34mINFO[m] [1m--- [0;32mbuildnumber-maven-plugin:1.1:create[m [1m(default)[m @ [36maccumulo-server[0;1m ---[m
[[1;34mINFO[m] Checking for local modifications: skipped.
[[1;34mINFO[m] Updating project files from SCM: skipped.
[[1;34mINFO[m] Executing: /bin/sh -c cd /home/user/Workspace/reproducibility/Reproducibility-Scanner/benchmarks/bugs-dot-jar/accumulo/server && svn --non-interactive info
[[1;34mINFO[m] Working directory: /home/user/Workspace/reproducibility/Reproducibility-Scanner/benchmarks/bugs-dot-jar/accumulo/server
[[1;34mINFO[m] Storing buildNumber: null at timestamp: 1659210332934
[[1;34mINFO[m] Executing: /bin/sh -c cd /home/user/Workspace/reproducibility/Reproducibility-Scanner/benchmarks/bugs-dot-jar/accumulo/server && svn --non-interactive info
[[1;34mINFO[m] Working directory: /home/user/Workspace/reproducibility/Reproducibility-Scanner/benchmarks/bugs-dot-jar/accumulo/server
[[1;34mINFO[m] Storing buildScmBranch: UNKNOWN_BRANCH
[[1;34mINFO[m] 
[[1;34mINFO[m] [1m--- [0;32mmaven-enforcer-plugin:1.0.1:enforce[m [1m(enforce-mvn)[m @ [36maccumulo-server[0;1m ---[m
[[1;34mINFO[m] 
[[1;34mINFO[m] [1m--- [0;32mmaven-remote-resources-plugin:1.3:process[m [1m(default)[m @ [36maccumulo-server[0;1m ---[m
[[1;34mINFO[m] 
[[1;34mINFO[m] [1m--- [0;32mmaven-resources-plugin:2.5:resources[m [1m(default-resources)[m @ [36maccumulo-server[0;1m ---[m
[debug] execute contextualize
[[1;34mINFO[m] Using 'UTF-8' encoding to copy filtered resources.
[[1;34mINFO[m] Copying 38 resources
[[1;34mINFO[m] Copying 3 resources
[[1;34mINFO[m] 
[[1;34mINFO[m] [1m--- [0;32mmaven-dependency-plugin:2.3:copy-dependencies[m [1m(copy-dependencies)[m @ [36maccumulo-server[0;1m ---[m
[[1;34mINFO[m] Copying gson-2.2.2.jar to /home/user/Workspace/reproducibility/Reproducibility-Scanner/benchmarks/bugs-dot-jar/accumulo/lib/gson-2.2.2.jar
[[1;34mINFO[m] Copying commons-configuration-1.5.jar to /home/user/Workspace/reproducibility/Reproducibility-Scanner/benchmarks/bugs-dot-jar/accumulo/lib/commons-configuration-1.5.jar
[[1;34mINFO[m] log4j-1.2.16.jar already exists in destination.
[[1;34mINFO[m] commons-collections-3.2.jar already exists in destination.
[[1;34mINFO[m] jline-0.9.94.jar already exists in destination.
[[1;34mINFO[m] commons-io-1.4.jar already exists in destination.
[[1;34mINFO[m] libthrift-0.9.0.jar already exists in destination.
[[1;34mINFO[m] commons-lang-2.4.jar already exists in destination.
[[1;34mINFO[m] 
[[1;34mINFO[m] [1m--- [0;32mmaven-compiler-plugin:2.3.2:compile[m [1m(default-compile)[m @ [36maccumulo-server[0;1m ---[m
[[1;34mINFO[m] Compiling 243 source files to /home/user/Workspace/reproducibility/Reproducibility-Scanner/benchmarks/bugs-dot-jar/accumulo/server/target/classes
[[1;34mINFO[m] 
[[1;34mINFO[m] [1m--- [0;32mmaven-resources-plugin:2.5:testResources[m [1m(default-testResources)[m @ [36maccumulo-server[0;1m ---[m
[debug] execute contextualize
[[1;34mINFO[m] Using 'UTF-8' encoding to copy filtered resources.
[[1;34mINFO[m] Copying 1 resource
[[1;34mINFO[m] Copying 3 resources
[[1;34mINFO[m] 
[[1;34mINFO[m] [1m--- [0;32mmaven-compiler-plugin:2.3.2:testCompile[m [1m(default-testCompile)[m @ [36maccumulo-server[0;1m ---[m
[[1;34mINFO[m] Compiling 22 source files to /home/user/Workspace/reproducibility/Reproducibility-Scanner/benchmarks/bugs-dot-jar/accumulo/server/target/test-classes
[[1;34mINFO[m] 
[[1;34mINFO[m] [1m--- [0;32mmaven-surefire-plugin:2.12:test[m [1m(default-test)[m @ [36maccumulo-server[0;1m ---[m
[[1;34mINFO[m] Tests are skipped.
[[1;34mINFO[m] 
[[1;34mINFO[m] [1m--- [0;32mmaven-jar-plugin:2.4:jar[m [1m(default-jar)[m @ [36maccumulo-server[0;1m ---[m
[[1;34mINFO[m] Building jar: /home/user/Workspace/reproducibility/Reproducibility-Scanner/benchmarks/bugs-dot-jar/accumulo/lib/accumulo-server-1.5.0-SNAPSHOT.jar
[[1;34mINFO[m] 
[[1;34mINFO[m] [1m--- [0;32mmaven-site-plugin:3.2:attach-descriptor[m [1m(attach-descriptor)[m @ [36maccumulo-server[0;1m ---[m
[[1;34mINFO[m] 
[[1;34mINFO[m] [1m--- [0;32mmaven-source-plugin:2.1.2:jar-no-fork[m [1m(attach-sources)[m @ [36maccumulo-server[0;1m ---[m
[[1;34mINFO[m] META-INF already added, skipping
[[1;34mINFO[m] META-INF/LICENSE already added, skipping
[[1;34mINFO[m] META-INF/NOTICE already added, skipping
[[1;34mINFO[m] META-INF/DEPENDENCIES already added, skipping
[[1;34mINFO[m] Building jar: /home/user/Workspace/reproducibility/Reproducibility-Scanner/benchmarks/bugs-dot-jar/accumulo/lib/accumulo-server-1.5.0-SNAPSHOT-sources.jar
[[1;34mINFO[m] META-INF already added, skipping
[[1;34mINFO[m] META-INF/LICENSE already added, skipping
[[1;34mINFO[m] META-INF/NOTICE already added, skipping
[[1;34mINFO[m] META-INF/DEPENDENCIES already added, skipping
[[1;34mINFO[m] 
[[1;34mINFO[m] [1m--- [0;32mmaven-source-plugin:2.1.2:test-jar-no-fork[m [1m(attach-sources)[m @ [36maccumulo-server[0;1m ---[m
[[1;34mINFO[m] META-INF already added, skipping
[[1;34mINFO[m] META-INF/LICENSE already added, skipping
[[1;34mINFO[m] META-INF/NOTICE already added, skipping
[[1;34mINFO[m] META-INF/DEPENDENCIES already added, skipping
[[1;34mINFO[m] Building jar: /home/user/Workspace/reproducibility/Reproducibility-Scanner/benchmarks/bugs-dot-jar/accumulo/lib/accumulo-server-1.5.0-SNAPSHOT-test-sources.jar
[[1;34mINFO[m] META-INF already added, skipping
[[1;34mINFO[m] META-INF/LICENSE already added, skipping
[[1;34mINFO[m] META-INF/NOTICE already added, skipping
[[1;34mINFO[m] META-INF/DEPENDENCIES already added, skipping
[[1;34mINFO[m] 
[[1;34mINFO[m] [1m--- [0;32mmaven-install-plugin:2.3.1:install[m [1m(default-install)[m @ [36maccumulo-server[0;1m ---[m
[[1;34mINFO[m] Installing /home/user/Workspace/reproducibility/Reproducibility-Scanner/benchmarks/bugs-dot-jar/accumulo/lib/accumulo-server-1.5.0-SNAPSHOT.jar to /home/user/.m2/repository/org/apache/accumulo/accumulo-server/1.5.0-SNAPSHOT/accumulo-server-1.5.0-SNAPSHOT.jar
[[1;34mINFO[m] Installing /home/user/Workspace/reproducibility/Reproducibility-Scanner/benchmarks/bugs-dot-jar/accumulo/server/pom.xml to /home/user/.m2/repository/org/apache/accumulo/accumulo-server/1.5.0-SNAPSHOT/accumulo-server-1.5.0-SNAPSHOT.pom
[[1;34mINFO[m] Installing /home/user/Workspace/reproducibility/Reproducibility-Scanner/benchmarks/bugs-dot-jar/accumulo/lib/accumulo-server-1.5.0-SNAPSHOT-sources.jar to /home/user/.m2/repository/org/apache/accumulo/accumulo-server/1.5.0-SNAPSHOT/accumulo-server-1.5.0-SNAPSHOT-sources.jar
[[1;34mINFO[m] Installing /home/user/Workspace/reproducibility/Reproducibility-Scanner/benchmarks/bugs-dot-jar/accumulo/lib/accumulo-server-1.5.0-SNAPSHOT-test-sources.jar to /home/user/.m2/repository/org/apache/accumulo/accumulo-server/1.5.0-SNAPSHOT/accumulo-server-1.5.0-SNAPSHOT-test-sources.jar
[[1;34mINFO[m] 
[[1;34mINFO[m] [1m---------------< [0;36morg.apache.accumulo:accumulo-examples[0;1m >----------------[m
[[1;34mINFO[m] [1mBuilding Examples 1.5.0-SNAPSHOT                                  [7/11][m
[[1;34mINFO[m] [1m--------------------------------[ pom ]---------------------------------[m
[[1;34mINFO[m] 
[[1;34mINFO[m] [1m--- [0;32mbuildnumber-maven-plugin:1.1:create[m [1m(default)[m @ [36maccumulo-examples[0;1m ---[m
[[1;34mINFO[m] Checking for local modifications: skipped.
[[1;34mINFO[m] Updating project files from SCM: skipped.
[[1;34mINFO[m] Executing: /bin/sh -c cd /home/user/Workspace/reproducibility/Reproducibility-Scanner/benchmarks/bugs-dot-jar/accumulo/examples && svn --non-interactive info
[[1;34mINFO[m] Working directory: /home/user/Workspace/reproducibility/Reproducibility-Scanner/benchmarks/bugs-dot-jar/accumulo/examples
[[1;34mINFO[m] Storing buildNumber: null at timestamp: 1659210338159
[[1;34mINFO[m] Executing: /bin/sh -c cd /home/user/Workspace/reproducibility/Reproducibility-Scanner/benchmarks/bugs-dot-jar/accumulo/examples && svn --non-interactive info
[[1;34mINFO[m] Working directory: /home/user/Workspace/reproducibility/Reproducibility-Scanner/benchmarks/bugs-dot-jar/accumulo/examples
[[1;34mINFO[m] Storing buildScmBranch: UNKNOWN_BRANCH
[[1;34mINFO[m] 
[[1;34mINFO[m] [1m--- [0;32mmaven-enforcer-plugin:1.0.1:enforce[m [1m(enforce-mvn)[m @ [36maccumulo-examples[0;1m ---[m
[[1;34mINFO[m] 
[[1;34mINFO[m] [1m--- [0;32mmaven-remote-resources-plugin:1.3:process[m [1m(default)[m @ [36maccumulo-examples[0;1m ---[m
[[1;34mINFO[m] 
[[1;34mINFO[m] [1m--- [0;32mmaven-dependency-plugin:2.3:copy-dependencies[m [1m(copy-dependencies)[m @ [36maccumulo-examples[0;1m ---[m
[[1;34mINFO[m] 
[[1;34mINFO[m] [1m--- [0;32mmaven-site-plugin:3.2:attach-descriptor[m [1m(attach-descriptor)[m @ [36maccumulo-examples[0;1m ---[m
[[1;34mINFO[m] 
[[1;34mINFO[m] [1m--- [0;32mmaven-source-plugin:2.1.2:jar-no-fork[m [1m(attach-sources)[m @ [36maccumulo-examples[0;1m ---[m
[[1;34mINFO[m] 
[[1;34mINFO[m] [1m--- [0;32mmaven-source-plugin:2.1.2:test-jar-no-fork[m [1m(attach-sources)[m @ [36maccumulo-examples[0;1m ---[m
[[1;34mINFO[m] 
[[1;34mINFO[m] [1m--- [0;32mmaven-install-plugin:2.3.1:install[m [1m(default-install)[m @ [36maccumulo-examples[0;1m ---[m
[[1;34mINFO[m] Installing /home/user/Workspace/reproducibility/Reproducibility-Scanner/benchmarks/bugs-dot-jar/accumulo/examples/pom.xml to /home/user/.m2/repository/org/apache/accumulo/accumulo-examples/1.5.0-SNAPSHOT/accumulo-examples-1.5.0-SNAPSHOT.pom
[[1;34mINFO[m] 
[[1;34mINFO[m] [1m------------< [0;36morg.apache.accumulo:accumulo-examples-simple[0;1m >------------[m
[[1;34mINFO[m] [1mBuilding Simple Examples 1.5.0-SNAPSHOT                           [8/11][m
[[1;34mINFO[m] [1m--------------------------------[ jar ]---------------------------------[m
[[1;34mINFO[m] 
[[1;34mINFO[m] [1m--- [0;32mbuildnumber-maven-plugin:1.1:create[m [1m(default)[m @ [36maccumulo-examples-simple[0;1m ---[m
[[1;34mINFO[m] Checking for local modifications: skipped.
[[1;34mINFO[m] Updating project files from SCM: skipped.
[[1;34mINFO[m] Executing: /bin/sh -c cd /home/user/Workspace/reproducibility/Reproducibility-Scanner/benchmarks/bugs-dot-jar/accumulo/examples/simple && svn --non-interactive info
[[1;34mINFO[m] Working directory: /home/user/Workspace/reproducibility/Reproducibility-Scanner/benchmarks/bugs-dot-jar/accumulo/examples/simple
[[1;34mINFO[m] Storing buildNumber: null at timestamp: 1659210338224
[[1;34mINFO[m] Executing: /bin/sh -c cd /home/user/Workspace/reproducibility/Reproducibility-Scanner/benchmarks/bugs-dot-jar/accumulo/examples/simple && svn --non-interactive info
[[1;34mINFO[m] Working directory: /home/user/Workspace/reproducibility/Reproducibility-Scanner/benchmarks/bugs-dot-jar/accumulo/examples/simple
[[1;34mINFO[m] Storing buildScmBranch: UNKNOWN_BRANCH
[[1;34mINFO[m] 
[[1;34mINFO[m] [1m--- [0;32mmaven-enforcer-plugin:1.0.1:enforce[m [1m(enforce-mvn)[m @ [36maccumulo-examples-simple[0;1m ---[m
[[1;34mINFO[m] 
[[1;34mINFO[m] [1m--- [0;32mmaven-remote-resources-plugin:1.3:process[m [1m(default)[m @ [36maccumulo-examples-simple[0;1m ---[m
[[1;34mINFO[m] 
[[1;34mINFO[m] [1m--- [0;32mmaven-resources-plugin:2.5:resources[m [1m(default-resources)[m @ [36maccumulo-examples-simple[0;1m ---[m
[debug] execute contextualize
[[1;34mINFO[m] Using 'UTF-8' encoding to copy filtered resources.
[[1;34mINFO[m] skip non existing resourceDirectory /home/user/Workspace/reproducibility/Reproducibility-Scanner/benchmarks/bugs-dot-jar/accumulo/examples/simple/src/main/resources
[[1;34mINFO[m] Copying 3 resources
[[1;34mINFO[m] 
[[1;34mINFO[m] [1m--- [0;32mmaven-dependency-plugin:2.3:copy-dependencies[m [1m(copy-dependencies)[m @ [36maccumulo-examples-simple[0;1m ---[m
[[1;34mINFO[m] Copying log4j-1.2.16.jar to /home/user/Workspace/reproducibility/Reproducibility-Scanner/benchmarks/bugs-dot-jar/accumulo/examples/lib/log4j-1.2.16.jar
[[1;34mINFO[m] 
[[1;34mINFO[m] [1m--- [0;32mmaven-compiler-plugin:2.3.2:compile[m [1m(default-compile)[m @ [36maccumulo-examples-simple[0;1m ---[m
[[1;34mINFO[m] Compiling 39 source files to /home/user/Workspace/reproducibility/Reproducibility-Scanner/benchmarks/bugs-dot-jar/accumulo/examples/simple/target/classes
[[1;34mINFO[m] 
[[1;34mINFO[m] [1m--- [0;32mmaven-resources-plugin:2.5:testResources[m [1m(default-testResources)[m @ [36maccumulo-examples-simple[0;1m ---[m
[debug] execute contextualize
[[1;34mINFO[m] Using 'UTF-8' encoding to copy filtered resources.
[[1;34mINFO[m] Copying 1 resource
[[1;34mINFO[m] Copying 3 resources
[[1;34mINFO[m] 
[[1;34mINFO[m] [1m--- [0;32mmaven-compiler-plugin:2.3.2:testCompile[m [1m(default-testCompile)[m @ [36maccumulo-examples-simple[0;1m ---[m
[[1;34mINFO[m] Compiling 5 source files to /home/user/Workspace/reproducibility/Reproducibility-Scanner/benchmarks/bugs-dot-jar/accumulo/examples/simple/target/test-classes
[[1;34mINFO[m] 
[[1;34mINFO[m] [1m--- [0;32mmaven-surefire-plugin:2.12:test[m [1m(default-test)[m @ [36maccumulo-examples-simple[0;1m ---[m
[[1;34mINFO[m] Tests are skipped.
[[1;34mINFO[m] 
[[1;34mINFO[m] [1m--- [0;32mmaven-jar-plugin:2.4:jar[m [1m(default-jar)[m @ [36maccumulo-examples-simple[0;1m ---[m
[[1;34mINFO[m] Building jar: /home/user/Workspace/reproducibility/Reproducibility-Scanner/benchmarks/bugs-dot-jar/accumulo/lib/accumulo-examples-simple-1.5.0-SNAPSHOT.jar
[[1;34mINFO[m] 
[[1;34mINFO[m] [1m--- [0;32mmaven-site-plugin:3.2:attach-descriptor[m [1m(attach-descriptor)[m @ [36maccumulo-examples-simple[0;1m ---[m
[[1;34mINFO[m] 
[[1;34mINFO[m] [1m--- [0;32mmaven-source-plugin:2.1.2:jar-no-fork[m [1m(attach-sources)[m @ [36maccumulo-examples-simple[0;1m ---[m
[[1;34mINFO[m] META-INF already added, skipping
[[1;34mINFO[m] META-INF/LICENSE already added, skipping
[[1;34mINFO[m] META-INF/NOTICE already added, skipping
[[1;34mINFO[m] META-INF/DEPENDENCIES already added, skipping
[[1;34mINFO[m] Building jar: /home/user/Workspace/reproducibility/Reproducibility-Scanner/benchmarks/bugs-dot-jar/accumulo/lib/accumulo-examples-simple-1.5.0-SNAPSHOT-sources.jar
[[1;34mINFO[m] META-INF already added, skipping
[[1;34mINFO[m] META-INF/LICENSE already added, skipping
[[1;34mINFO[m] META-INF/NOTICE already added, skipping
[[1;34mINFO[m] META-INF/DEPENDENCIES already added, skipping
[[1;34mINFO[m] 
[[1;34mINFO[m] [1m--- [0;32mmaven-source-plugin:2.1.2:test-jar-no-fork[m [1m(attach-sources)[m @ [36maccumulo-examples-simple[0;1m ---[m
[[1;34mINFO[m] META-INF already added, skipping
[[1;34mINFO[m] META-INF/LICENSE already added, skipping
[[1;34mINFO[m] META-INF/NOTICE already added, skipping
[[1;34mINFO[m] META-INF/DEPENDENCIES already added, skipping
[[1;34mINFO[m] Building jar: /home/user/Workspace/reproducibility/Reproducibility-Scanner/benchmarks/bugs-dot-jar/accumulo/lib/accumulo-examples-simple-1.5.0-SNAPSHOT-test-sources.jar
[[1;34mINFO[m] META-INF already added, skipping
[[1;34mINFO[m] META-INF/LICENSE already added, skipping
[[1;34mINFO[m] META-INF/NOTICE already added, skipping
[[1;34mINFO[m] META-INF/DEPENDENCIES already added, skipping
[[1;34mINFO[m] 
[[1;34mINFO[m] [1m--- [0;32mmaven-install-plugin:2.3.1:install[m [1m(default-install)[m @ [36maccumulo-examples-simple[0;1m ---[m
[[1;34mINFO[m] Installing /home/user/Workspace/reproducibility/Reproducibility-Scanner/benchmarks/bugs-dot-jar/accumulo/lib/accumulo-examples-simple-1.5.0-SNAPSHOT.jar to /home/user/.m2/repository/org/apache/accumulo/accumulo-examples-simple/1.5.0-SNAPSHOT/accumulo-examples-simple-1.5.0-SNAPSHOT.jar
[[1;34mINFO[m] Installing /home/user/Workspace/reproducibility/Reproducibility-Scanner/benchmarks/bugs-dot-jar/accumulo/examples/simple/pom.xml to /home/user/.m2/repository/org/apache/accumulo/accumulo-examples-simple/1.5.0-SNAPSHOT/accumulo-examples-simple-1.5.0-SNAPSHOT.pom
[[1;34mINFO[m] Installing /home/user/Workspace/reproducibility/Reproducibility-Scanner/benchmarks/bugs-dot-jar/accumulo/lib/accumulo-examples-simple-1.5.0-SNAPSHOT-sources.jar to /home/user/.m2/repository/org/apache/accumulo/accumulo-examples-simple/1.5.0-SNAPSHOT/accumulo-examples-simple-1.5.0-SNAPSHOT-sources.jar
[[1;34mINFO[m] Installing /home/user/Workspace/reproducibility/Reproducibility-Scanner/benchmarks/bugs-dot-jar/accumulo/lib/accumulo-examples-simple-1.5.0-SNAPSHOT-test-sources.jar to /home/user/.m2/repository/org/apache/accumulo/accumulo-examples-simple/1.5.0-SNAPSHOT/accumulo-examples-simple-1.5.0-SNAPSHOT-test-sources.jar
[[1;34mINFO[m] 
[[1;34mINFO[m] [1m-----------------< [0;36morg.apache.accumulo:accumulo-test[0;1m >------------------[m
[[1;34mINFO[m] [1mBuilding Testing 1.5.0-SNAPSHOT                                   [9/11][m
[[1;34mINFO[m] [1m--------------------------------[ jar ]---------------------------------[m
Downloading from central: https://repo.maven.apache.org/maven2/org/apache/hadoop/hadoop-tools/1.0.4/hadoop-tools-1.0.4.pom
Progress (1): 1.4 kB                    Downloaded from central: https://repo.maven.apache.org/maven2/org/apache/hadoop/hadoop-tools/1.0.4/hadoop-tools-1.0.4.pom (1.4 kB at 18 kB/s)
Downloading from central: https://repo.maven.apache.org/maven2/org/apache/hadoop/hadoop-tools/1.0.4/hadoop-tools-1.0.4.jar
Progress (1): 4.1/288 kBProgress (1): 8.2/288 kBProgress (1): 12/288 kB Progress (1): 16/288 kBProgress (1): 20/288 kBProgress (1): 24/288 kBProgress (1): 28/288 kBProgress (1): 32/288 kBProgress (1): 36/288 kBProgress (1): 40/288 kBProgress (1): 45/288 kBProgress (1): 49/288 kBProgress (1): 53/288 kBProgress (1): 57/288 kBProgress (1): 61/288 kBProgress (1): 65/288 kBProgress (1): 69/288 kBProgress (1): 73/288 kBProgress (1): 77/288 kBProgress (1): 81/288 kBProgress (1): 85/288 kBProgress (1): 90/288 kBProgress (1): 94/288 kBProgress (1): 98/288 kBProgress (1): 102/288 kBProgress (1): 106/288 kBProgress (1): 110/288 kBProgress (1): 114/288 kBProgress (1): 118/288 kBProgress (1): 122/288 kBProgress (1): 126/288 kBProgress (1): 131/288 kBProgress (1): 135/288 kBProgress (1): 139/288 kBProgress (1): 143/288 kBProgress (1): 147/288 kBProgress (1): 151/288 kBProgress (1): 155/288 kBProgress (1): 159/288 kBProgress (1): 163/288 kBProgress (1): 167/288 kBProgress (1): 171/288 kBProgress (1): 176/288 kBProgress (1): 180/288 kBProgress (1): 184/288 kBProgress (1): 188/288 kBProgress (1): 192/288 kBProgress (1): 196/288 kBProgress (1): 200/288 kBProgress (1): 204/288 kBProgress (1): 208/288 kBProgress (1): 212/288 kBProgress (1): 217/288 kBProgress (1): 221/288 kBProgress (1): 225/288 kBProgress (1): 229/288 kBProgress (1): 233/288 kBProgress (1): 237/288 kBProgress (1): 241/288 kBProgress (1): 245/288 kBProgress (1): 249/288 kBProgress (1): 253/288 kBProgress (1): 258/288 kBProgress (1): 262/288 kBProgress (1): 266/288 kBProgress (1): 270/288 kBProgress (1): 274/288 kBProgress (1): 278/288 kBProgress (1): 282/288 kBProgress (1): 286/288 kBProgress (1): 288 kB                        Downloaded from central: https://repo.maven.apache.org/maven2/org/apache/hadoop/hadoop-tools/1.0.4/hadoop-tools-1.0.4.jar (288 kB at 1.8 MB/s)
[[1;34mINFO[m] 
[[1;34mINFO[m] [1m--- [0;32mbuildnumber-maven-plugin:1.1:create[m [1m(default)[m @ [36maccumulo-test[0;1m ---[m
[[1;34mINFO[m] Checking for local modifications: skipped.
[[1;34mINFO[m] Updating project files from SCM: skipped.
[[1;34mINFO[m] Executing: /bin/sh -c cd /home/user/Workspace/reproducibility/Reproducibility-Scanner/benchmarks/bugs-dot-jar/accumulo/test && svn --non-interactive info
[[1;34mINFO[m] Working directory: /home/user/Workspace/reproducibility/Reproducibility-Scanner/benchmarks/bugs-dot-jar/accumulo/test
[[1;34mINFO[m] Storing buildNumber: null at timestamp: 1659210341012
[[1;34mINFO[m] Executing: /bin/sh -c cd /home/user/Workspace/reproducibility/Reproducibility-Scanner/benchmarks/bugs-dot-jar/accumulo/test && svn --non-interactive info
[[1;34mINFO[m] Working directory: /home/user/Workspace/reproducibility/Reproducibility-Scanner/benchmarks/bugs-dot-jar/accumulo/test
[[1;34mINFO[m] Storing buildScmBranch: UNKNOWN_BRANCH
[[1;34mINFO[m] 
[[1;34mINFO[m] [1m--- [0;32mmaven-enforcer-plugin:1.0.1:enforce[m [1m(enforce-mvn)[m @ [36maccumulo-test[0;1m ---[m
[[1;34mINFO[m] 
[[1;34mINFO[m] [1m--- [0;32mmaven-remote-resources-plugin:1.3:process[m [1m(default)[m @ [36maccumulo-test[0;1m ---[m
[[1;34mINFO[m] 
[[1;34mINFO[m] [1m--- [0;32mmaven-resources-plugin:2.5:resources[m [1m(default-resources)[m @ [36maccumulo-test[0;1m ---[m
[debug] execute contextualize
[[1;34mINFO[m] Using 'UTF-8' encoding to copy filtered resources.
[[1;34mINFO[m] Copying 1 resource
[[1;34mINFO[m] Copying 3 resources
[[1;34mINFO[m] 
[[1;34mINFO[m] [1m--- [0;32mmaven-dependency-plugin:2.3:copy-dependencies[m [1m(copy-dependencies)[m @ [36maccumulo-test[0;1m ---[m
[[1;34mINFO[m] 
[[1;34mINFO[m] [1m--- [0;32mmaven-compiler-plugin:2.3.2:compile[m [1m(default-compile)[m @ [36maccumulo-test[0;1m ---[m
[[1;34mINFO[m] Compiling 182 source files to /home/user/Workspace/reproducibility/Reproducibility-Scanner/benchmarks/bugs-dot-jar/accumulo/test/target/classes
[[1;34mINFO[m] 
[[1;34mINFO[m] [1m--- [0;32mmaven-resources-plugin:2.5:testResources[m [1m(default-testResources)[m @ [36maccumulo-test[0;1m ---[m
[debug] execute contextualize
[[1;34mINFO[m] Using 'UTF-8' encoding to copy filtered resources.
[[1;34mINFO[m] Copying 3 resources
[[1;34mINFO[m] Copying 3 resources
[[1;34mINFO[m] 
[[1;34mINFO[m] [1m--- [0;32mmaven-compiler-plugin:2.3.2:testCompile[m [1m(default-testCompile)[m @ [36maccumulo-test[0;1m ---[m
[[1;34mINFO[m] Compiling 6 source files to /home/user/Workspace/reproducibility/Reproducibility-Scanner/benchmarks/bugs-dot-jar/accumulo/test/target/test-classes
[[1;34mINFO[m] 
[[1;34mINFO[m] [1m--- [0;32mmaven-surefire-plugin:2.12:test[m [1m(default-test)[m @ [36maccumulo-test[0;1m ---[m
[[1;34mINFO[m] Tests are skipped.
[[1;34mINFO[m] 
[[1;34mINFO[m] [1m--- [0;32mmaven-jar-plugin:2.4:jar[m [1m(default-jar)[m @ [36maccumulo-test[0;1m ---[m
[[1;34mINFO[m] Building jar: /home/user/Workspace/reproducibility/Reproducibility-Scanner/benchmarks/bugs-dot-jar/accumulo/lib/accumulo-test-1.5.0-SNAPSHOT.jar
[[1;34mINFO[m] 
[[1;34mINFO[m] [1m--- [0;32mmaven-site-plugin:3.2:attach-descriptor[m [1m(attach-descriptor)[m @ [36maccumulo-test[0;1m ---[m
[[1;34mINFO[m] 
[[1;34mINFO[m] [1m--- [0;32mmaven-source-plugin:2.1.2:jar-no-fork[m [1m(attach-sources)[m @ [36maccumulo-test[0;1m ---[m
[[1;34mINFO[m] META-INF already added, skipping
[[1;34mINFO[m] META-INF/LICENSE already added, skipping
[[1;34mINFO[m] META-INF/NOTICE already added, skipping
[[1;34mINFO[m] META-INF/DEPENDENCIES already added, skipping
[[1;34mINFO[m] Building jar: /home/user/Workspace/reproducibility/Reproducibility-Scanner/benchmarks/bugs-dot-jar/accumulo/lib/accumulo-test-1.5.0-SNAPSHOT-sources.jar
[[1;34mINFO[m] META-INF already added, skipping
[[1;34mINFO[m] META-INF/LICENSE already added, skipping
[[1;34mINFO[m] META-INF/NOTICE already added, skipping
[[1;34mINFO[m] META-INF/DEPENDENCIES already added, skipping
[[1;34mINFO[m] 
[[1;34mINFO[m] [1m--- [0;32mmaven-source-plugin:2.1.2:test-jar-no-fork[m [1m(attach-sources)[m @ [36maccumulo-test[0;1m ---[m
[[1;34mINFO[m] META-INF already added, skipping
[[1;34mINFO[m] META-INF/LICENSE already added, skipping
[[1;34mINFO[m] META-INF/NOTICE already added, skipping
[[1;34mINFO[m] META-INF/DEPENDENCIES already added, skipping
[[1;34mINFO[m] Building jar: /home/user/Workspace/reproducibility/Reproducibility-Scanner/benchmarks/bugs-dot-jar/accumulo/lib/accumulo-test-1.5.0-SNAPSHOT-test-sources.jar
[[1;34mINFO[m] META-INF already added, skipping
[[1;34mINFO[m] META-INF/LICENSE already added, skipping
[[1;34mINFO[m] META-INF/NOTICE already added, skipping
[[1;34mINFO[m] META-INF/DEPENDENCIES already added, skipping
[[1;34mINFO[m] 
[[1;34mINFO[m] [1m--- [0;32mmaven-install-plugin:2.3.1:install[m [1m(default-install)[m @ [36maccumulo-test[0;1m ---[m
[[1;34mINFO[m] Installing /home/user/Workspace/reproducibility/Reproducibility-Scanner/benchmarks/bugs-dot-jar/accumulo/lib/accumulo-test-1.5.0-SNAPSHOT.jar to /home/user/.m2/repository/org/apache/accumulo/accumulo-test/1.5.0-SNAPSHOT/accumulo-test-1.5.0-SNAPSHOT.jar
[[1;34mINFO[m] Installing /home/user/Workspace/reproducibility/Reproducibility-Scanner/benchmarks/bugs-dot-jar/accumulo/test/pom.xml to /home/user/.m2/repository/org/apache/accumulo/accumulo-test/1.5.0-SNAPSHOT/accumulo-test-1.5.0-SNAPSHOT.pom
[[1;34mINFO[m] Installing /home/user/Workspace/reproducibility/Reproducibility-Scanner/benchmarks/bugs-dot-jar/accumulo/lib/accumulo-test-1.5.0-SNAPSHOT-sources.jar to /home/user/.m2/repository/org/apache/accumulo/accumulo-test/1.5.0-SNAPSHOT/accumulo-test-1.5.0-SNAPSHOT-sources.jar
[[1;34mINFO[m] Installing /home/user/Workspace/reproducibility/Reproducibility-Scanner/benchmarks/bugs-dot-jar/accumulo/lib/accumulo-test-1.5.0-SNAPSHOT-test-sources.jar to /home/user/.m2/repository/org/apache/accumulo/accumulo-test/1.5.0-SNAPSHOT/accumulo-test-1.5.0-SNAPSHOT-test-sources.jar
[[1;34mINFO[m] 
[[1;34mINFO[m] [1m-----------------< [0;36morg.apache.accumulo:accumulo-proxy[0;1m >-----------------[m
[[1;34mINFO[m] [1mBuilding Proxy 1.5.0-SNAPSHOT                                    [10/11][m
[[1;34mINFO[m] [1m--------------------------------[ jar ]---------------------------------[m
[[1;34mINFO[m] 
[[1;34mINFO[m] [1m--- [0;32mbuildnumber-maven-plugin:1.1:create[m [1m(default)[m @ [36maccumulo-proxy[0;1m ---[m
[[1;34mINFO[m] Checking for local modifications: skipped.
[[1;34mINFO[m] Updating project files from SCM: skipped.
[[1;34mINFO[m] Executing: /bin/sh -c cd /home/user/Workspace/reproducibility/Reproducibility-Scanner/benchmarks/bugs-dot-jar/accumulo/proxy && svn --non-interactive info
[[1;34mINFO[m] Working directory: /home/user/Workspace/reproducibility/Reproducibility-Scanner/benchmarks/bugs-dot-jar/accumulo/proxy
[[1;34mINFO[m] Storing buildNumber: null at timestamp: 1659210344512
[[1;34mINFO[m] Executing: /bin/sh -c cd /home/user/Workspace/reproducibility/Reproducibility-Scanner/benchmarks/bugs-dot-jar/accumulo/proxy && svn --non-interactive info
[[1;34mINFO[m] Working directory: /home/user/Workspace/reproducibility/Reproducibility-Scanner/benchmarks/bugs-dot-jar/accumulo/proxy
[[1;34mINFO[m] Storing buildScmBranch: UNKNOWN_BRANCH
[[1;34mINFO[m] 
[[1;34mINFO[m] [1m--- [0;32mmaven-enforcer-plugin:1.0.1:enforce[m [1m(enforce-mvn)[m @ [36maccumulo-proxy[0;1m ---[m
[[1;34mINFO[m] 
[[1;34mINFO[m] [1m--- [0;32mexec-maven-plugin:1.2.1:exec[m [1m(generate-thrift)[m @ [36maccumulo-proxy[0;1m ---[m
****************************************************
*** thrift is not available
***   expecting 'thrift -version' to return 0.9
*** generated code will not be updated
****************************************************
[[1;34mINFO[m] 
[[1;34mINFO[m] [1m--- [0;32mmaven-remote-resources-plugin:1.3:process[m [1m(default)[m @ [36maccumulo-proxy[0;1m ---[m
[[1;34mINFO[m] 
[[1;34mINFO[m] [1m--- [0;32mmaven-resources-plugin:2.5:resources[m [1m(default-resources)[m @ [36maccumulo-proxy[0;1m ---[m
[debug] execute contextualize
[[1;34mINFO[m] Using 'UTF-8' encoding to copy filtered resources.
[[1;34mINFO[m] skip non existing resourceDirectory /home/user/Workspace/reproducibility/Reproducibility-Scanner/benchmarks/bugs-dot-jar/accumulo/proxy/src/main/resources
[[1;34mINFO[m] Copying 3 resources
[[1;34mINFO[m] 
[[1;34mINFO[m] [1m--- [0;32mmaven-dependency-plugin:2.3:copy-dependencies[m [1m(copy-dependencies)[m @ [36maccumulo-proxy[0;1m ---[m
[[1;34mINFO[m] Copying guava-13.0.1.jar to /home/user/Workspace/reproducibility/Reproducibility-Scanner/benchmarks/bugs-dot-jar/accumulo/lib/guava-13.0.1.jar
[[1;34mINFO[m] jcommander-1.30.jar already exists in destination.
[[1;34mINFO[m] libthrift-0.9.0.jar already exists in destination.
[[1;34mINFO[m] 
[[1;34mINFO[m] [1m--- [0;32mmaven-compiler-plugin:2.3.2:compile[m [1m(default-compile)[m @ [36maccumulo-proxy[0;1m ---[m
[[1;34mINFO[m] Compiling 38 source files to /home/user/Workspace/reproducibility/Reproducibility-Scanner/benchmarks/bugs-dot-jar/accumulo/proxy/target/classes
[[1;34mINFO[m] 
[[1;34mINFO[m] [1m--- [0;32mmaven-resources-plugin:2.5:testResources[m [1m(default-testResources)[m @ [36maccumulo-proxy[0;1m ---[m
[debug] execute contextualize
[[1;34mINFO[m] Using 'UTF-8' encoding to copy filtered resources.
[[1;34mINFO[m] Copying 1 resource
[[1;34mINFO[m] Copying 3 resources
[[1;34mINFO[m] 
[[1;34mINFO[m] [1m--- [0;32mmaven-compiler-plugin:2.3.2:testCompile[m [1m(default-testCompile)[m @ [36maccumulo-proxy[0;1m ---[m
[[1;34mINFO[m] Compiling 5 source files to /home/user/Workspace/reproducibility/Reproducibility-Scanner/benchmarks/bugs-dot-jar/accumulo/proxy/target/test-classes
[[1;34mINFO[m] 
[[1;34mINFO[m] [1m--- [0;32mmaven-surefire-plugin:2.12:test[m [1m(default-test)[m @ [36maccumulo-proxy[0;1m ---[m
[[1;34mINFO[m] Tests are skipped.
[[1;34mINFO[m] 
[[1;34mINFO[m] [1m--- [0;32mmaven-jar-plugin:2.4:jar[m [1m(default-jar)[m @ [36maccumulo-proxy[0;1m ---[m
[[1;34mINFO[m] Building jar: /home/user/Workspace/reproducibility/Reproducibility-Scanner/benchmarks/bugs-dot-jar/accumulo/lib/accumulo-proxy-1.5.0-SNAPSHOT.jar
[[1;34mINFO[m] 
[[1;34mINFO[m] [1m--- [0;32mmaven-site-plugin:3.2:attach-descriptor[m [1m(attach-descriptor)[m @ [36maccumulo-proxy[0;1m ---[m
[[1;34mINFO[m] 
[[1;34mINFO[m] [1m--- [0;32mmaven-source-plugin:2.1.2:jar-no-fork[m [1m(attach-sources)[m @ [36maccumulo-proxy[0;1m ---[m
[[1;34mINFO[m] META-INF already added, skipping
[[1;34mINFO[m] META-INF/LICENSE already added, skipping
[[1;34mINFO[m] META-INF/NOTICE already added, skipping
[[1;34mINFO[m] META-INF/DEPENDENCIES already added, skipping
[[1;34mINFO[m] Building jar: /home/user/Workspace/reproducibility/Reproducibility-Scanner/benchmarks/bugs-dot-jar/accumulo/lib/accumulo-proxy-1.5.0-SNAPSHOT-sources.jar
[[1;34mINFO[m] META-INF already added, skipping
[[1;34mINFO[m] META-INF/LICENSE already added, skipping
[[1;34mINFO[m] META-INF/NOTICE already added, skipping
[[1;34mINFO[m] META-INF/DEPENDENCIES already added, skipping
[[1;34mINFO[m] 
[[1;34mINFO[m] [1m--- [0;32mmaven-source-plugin:2.1.2:test-jar-no-fork[m [1m(attach-sources)[m @ [36maccumulo-proxy[0;1m ---[m
[[1;34mINFO[m] META-INF already added, skipping
[[1;34mINFO[m] META-INF/LICENSE already added, skipping
[[1;34mINFO[m] META-INF/NOTICE already added, skipping
[[1;34mINFO[m] META-INF/DEPENDENCIES already added, skipping
[[1;34mINFO[m] Building jar: /home/user/Workspace/reproducibility/Reproducibility-Scanner/benchmarks/bugs-dot-jar/accumulo/lib/accumulo-proxy-1.5.0-SNAPSHOT-test-sources.jar
[[1;34mINFO[m] META-INF already added, skipping
[[1;34mINFO[m] META-INF/LICENSE already added, skipping
[[1;34mINFO[m] META-INF/NOTICE already added, skipping
[[1;34mINFO[m] META-INF/DEPENDENCIES already added, skipping
[[1;34mINFO[m] 
[[1;34mINFO[m] [1m--- [0;32mmaven-install-plugin:2.3.1:install[m [1m(default-install)[m @ [36maccumulo-proxy[0;1m ---[m
[[1;34mINFO[m] Installing /home/user/Workspace/reproducibility/Reproducibility-Scanner/benchmarks/bugs-dot-jar/accumulo/lib/accumulo-proxy-1.5.0-SNAPSHOT.jar to /home/user/.m2/repository/org/apache/accumulo/accumulo-proxy/1.5.0-SNAPSHOT/accumulo-proxy-1.5.0-SNAPSHOT.jar
[[1;34mINFO[m] Installing /home/user/Workspace/reproducibility/Reproducibility-Scanner/benchmarks/bugs-dot-jar/accumulo/proxy/pom.xml to /home/user/.m2/repository/org/apache/accumulo/accumulo-proxy/1.5.0-SNAPSHOT/accumulo-proxy-1.5.0-SNAPSHOT.pom
[[1;34mINFO[m] Installing /home/user/Workspace/reproducibility/Reproducibility-Scanner/benchmarks/bugs-dot-jar/accumulo/lib/accumulo-proxy-1.5.0-SNAPSHOT-sources.jar to /home/user/.m2/repository/org/apache/accumulo/accumulo-proxy/1.5.0-SNAPSHOT/accumulo-proxy-1.5.0-SNAPSHOT-sources.jar
[[1;34mINFO[m] Installing /home/user/Workspace/reproducibility/Reproducibility-Scanner/benchmarks/bugs-dot-jar/accumulo/lib/accumulo-proxy-1.5.0-SNAPSHOT-test-sources.jar to /home/user/.m2/repository/org/apache/accumulo/accumulo-proxy/1.5.0-SNAPSHOT/accumulo-proxy-1.5.0-SNAPSHOT-test-sources.jar
[[1;34mINFO[m] 
[[1;34mINFO[m] [1m---------------< [0;36morg.apache.accumulo:accumulo-assemble[0;1m >----------------[m
[[1;34mINFO[m] [1mBuilding Assemble 1.5.0-SNAPSHOT                                 [11/11][m
[[1;34mINFO[m] [1m--------------------------------[ pom ]---------------------------------[m
[[1;34mINFO[m] 
[[1;34mINFO[m] [1m--- [0;32mbuildnumber-maven-plugin:1.1:create[m [1m(default)[m @ [36maccumulo-assemble[0;1m ---[m
[[1;34mINFO[m] Checking for local modifications: skipped.
[[1;34mINFO[m] Updating project files from SCM: skipped.
[[1;34mINFO[m] Executing: /bin/sh -c cd /home/user/Workspace/reproducibility/Reproducibility-Scanner/benchmarks/bugs-dot-jar/accumulo/assemble && svn --non-interactive info
[[1;34mINFO[m] Working directory: /home/user/Workspace/reproducibility/Reproducibility-Scanner/benchmarks/bugs-dot-jar/accumulo/assemble
[[1;34mINFO[m] Storing buildNumber: null at timestamp: 1659210350431
[[1;34mINFO[m] Executing: /bin/sh -c cd /home/user/Workspace/reproducibility/Reproducibility-Scanner/benchmarks/bugs-dot-jar/accumulo/assemble && svn --non-interactive info
[[1;34mINFO[m] Working directory: /home/user/Workspace/reproducibility/Reproducibility-Scanner/benchmarks/bugs-dot-jar/accumulo/assemble
[[1;34mINFO[m] Storing buildScmBranch: UNKNOWN_BRANCH
[[1;34mINFO[m] 
[[1;34mINFO[m] [1m--- [0;32mmaven-enforcer-plugin:1.0.1:enforce[m [1m(enforce-mvn)[m @ [36maccumulo-assemble[0;1m ---[m
[[1;34mINFO[m] 
[[1;34mINFO[m] [1m--- [0;32mmaven-remote-resources-plugin:1.3:process[m [1m(default)[m @ [36maccumulo-assemble[0;1m ---[m
[[1;34mINFO[m] 
[[1;34mINFO[m] [1m--- [0;32mmaven-dependency-plugin:2.3:copy-dependencies[m [1m(copy-dependencies)[m @ [36maccumulo-assemble[0;1m ---[m
[[1;34mINFO[m] 
[[1;34mINFO[m] [1m--- [0;32mmaven-site-plugin:3.2:attach-descriptor[m [1m(attach-descriptor)[m @ [36maccumulo-assemble[0;1m ---[m
[[1;34mINFO[m] 
[[1;34mINFO[m] [1m--- [0;32mmaven-source-plugin:2.1.2:jar-no-fork[m [1m(attach-sources)[m @ [36maccumulo-assemble[0;1m ---[m
[[1;34mINFO[m] 
[[1;34mINFO[m] [1m--- [0;32mmaven-source-plugin:2.1.2:test-jar-no-fork[m [1m(attach-sources)[m @ [36maccumulo-assemble[0;1m ---[m
[[1;34mINFO[m] 
[[1;34mINFO[m] [1m--- [0;32mexec-maven-plugin:1.2.1:exec[m [1m(config webpage)[m @ [36maccumulo-assemble[0;1m ---[m
[[1;34mINFO[m] 
[[1;34mINFO[m] [1m--- [0;32mmaven-install-plugin:2.3.1:install[m [1m(default-install)[m @ [36maccumulo-assemble[0;1m ---[m
[[1;34mINFO[m] Installing /home/user/Workspace/reproducibility/Reproducibility-Scanner/benchmarks/bugs-dot-jar/accumulo/assemble/pom.xml to /home/user/.m2/repository/org/apache/accumulo/accumulo-assemble/1.5.0-SNAPSHOT/accumulo-assemble-1.5.0-SNAPSHOT.pom
[[1;34mINFO[m] [1m------------------------------------------------------------------------[m
[[1;34mINFO[m] [1mReactor Summary for Apache Accumulo 1.5.0-SNAPSHOT:[m
[[1;34mINFO[m] 
[[1;34mINFO[m] Apache Accumulo .................................... [1;32mSUCCESS[m [  1.919 s]
[[1;34mINFO[m] Trace .............................................. [1;32mSUCCESS[m [  2.368 s]
[[1;34mINFO[m] Start .............................................. [1;32mSUCCESS[m [  5.048 s]
[[1;34mINFO[m] Fate ............................................... [1;32mSUCCESS[m [  1.772 s]
[[1;34mINFO[m] Core ............................................... [1;32mSUCCESS[m [ 10.654 s]
[[1;34mINFO[m] Server ............................................. [1;32mSUCCESS[m [  5.238 s]
[[1;34mINFO[m] Examples ........................................... [1;32mSUCCESS[m [  0.056 s]
[[1;34mINFO[m] Simple Examples .................................... [1;32mSUCCESS[m [  2.549 s]
[[1;34mINFO[m] Testing ............................................ [1;32mSUCCESS[m [  3.735 s]
[[1;34mINFO[m] Proxy .............................................. [1;32mSUCCESS[m [  5.928 s]
[[1;34mINFO[m] Assemble ........................................... [1;32mSUCCESS[m [  0.370 s]
[[1;34mINFO[m] [1m------------------------------------------------------------------------[m
[[1;34mINFO[m] [1;32mBUILD SUCCESS[m
[[1;34mINFO[m] [1m------------------------------------------------------------------------[m
[[1;34mINFO[m] Total time:  39.982 s
[[1;34mINFO[m] Finished at: 2022-07-30T12:45:50-07:00
[[1;34mINFO[m] [1m------------------------------------------------------------------------[m
[[1;34mINFO[m] Scanning for projects...
[[1;34mINFO[m] 
[[1;34mINFO[m] [1m-----------------< [0;36morg.apache.accumulo:accumulo-proxy[0;1m >-----------------[m
[[1;34mINFO[m] [1mBuilding Proxy 1.5.0-SNAPSHOT[m
[[1;34mINFO[m] [1m--------------------------------[ jar ]---------------------------------[m
[[1;34mINFO[m] 
[[1;34mINFO[m] [1m--- [0;32mbuildnumber-maven-plugin:1.1:create[m [1m(default)[m @ [36maccumulo-proxy[0;1m ---[m
[[1;34mINFO[m] Checking for local modifications: skipped.
[[1;34mINFO[m] Updating project files from SCM: skipped.
[[1;34mINFO[m] Executing: /bin/sh -c cd /home/user/Workspace/reproducibility/Reproducibility-Scanner/benchmarks/bugs-dot-jar/accumulo/proxy && svn --non-interactive info
[[1;34mINFO[m] Working directory: /home/user/Workspace/reproducibility/Reproducibility-Scanner/benchmarks/bugs-dot-jar/accumulo/proxy
[[1;34mINFO[m] Storing buildNumber: null at timestamp: 1659210353474
[[1;34mINFO[m] Executing: /bin/sh -c cd /home/user/Workspace/reproducibility/Reproducibility-Scanner/benchmarks/bugs-dot-jar/accumulo/proxy && svn --non-interactive info
[[1;34mINFO[m] Working directory: /home/user/Workspace/reproducibility/Reproducibility-Scanner/benchmarks/bugs-dot-jar/accumulo/proxy
[[1;34mINFO[m] Storing buildScmBranch: UNKNOWN_BRANCH
[[1;34mINFO[m] 
[[1;34mINFO[m] [1m--- [0;32mmaven-enforcer-plugin:1.0.1:enforce[m [1m(enforce-mvn)[m @ [36maccumulo-proxy[0;1m ---[m
[[1;34mINFO[m] 
[[1;34mINFO[m] [1m--- [0;32mexec-maven-plugin:1.2.1:exec[m [1m(generate-thrift)[m @ [36maccumulo-proxy[0;1m ---[m
****************************************************
*** thrift is not available
***   expecting 'thrift -version' to return 0.9
*** generated code will not be updated
****************************************************
[[1;34mINFO[m] 
[[1;34mINFO[m] [1m--- [0;32mmaven-remote-resources-plugin:1.3:process[m [1m(default)[m @ [36maccumulo-proxy[0;1m ---[m
[[1;34mINFO[m] 
[[1;34mINFO[m] [1m--- [0;32mmaven-resources-plugin:2.5:resources[m [1m(default-resources)[m @ [36maccumulo-proxy[0;1m ---[m
[debug] execute contextualize
[[1;34mINFO[m] Using 'UTF-8' encoding to copy filtered resources.
[[1;34mINFO[m] skip non existing resourceDirectory /home/user/Workspace/reproducibility/Reproducibility-Scanner/benchmarks/bugs-dot-jar/accumulo/proxy/src/main/resources
[[1;34mINFO[m] Copying 3 resources
[[1;34mINFO[m] 
[[1;34mINFO[m] [1m--- [0;32mmaven-dependency-plugin:2.3:copy-dependencies[m [1m(copy-dependencies)[m @ [36maccumulo-proxy[0;1m ---[m
[[1;34mINFO[m] jcommander-1.30.jar already exists in destination.
[[1;34mINFO[m] libthrift-0.9.0.jar already exists in destination.
[[1;34mINFO[m] guava-13.0.1.jar already exists in destination.
[[1;34mINFO[m] 
[[1;34mINFO[m] [1m--- [0;32mmaven-compiler-plugin:2.3.2:compile[m [1m(default-compile)[m @ [36maccumulo-proxy[0;1m ---[m
[[1;34mINFO[m] Nothing to compile - all classes are up to date
[[1;34mINFO[m] 
[[1;34mINFO[m] [1m--- [0;32mmaven-resources-plugin:2.5:testResources[m [1m(default-testResources)[m @ [36maccumulo-proxy[0;1m ---[m
[debug] execute contextualize
[[1;34mINFO[m] Using 'UTF-8' encoding to copy filtered resources.
[[1;34mINFO[m] Copying 1 resource
[[1;34mINFO[m] Copying 3 resources
[[1;34mINFO[m] 
[[1;34mINFO[m] [1m--- [0;32mmaven-compiler-plugin:2.3.2:testCompile[m [1m(default-testCompile)[m @ [36maccumulo-proxy[0;1m ---[m
[[1;34mINFO[m] Nothing to compile - all classes are up to date
[[1;34mINFO[m] 
[[1;34mINFO[m] [1m--- [0;32mmaven-surefire-plugin:2.12:test[m [1m(default-test)[m @ [36maccumulo-proxy[0;1m ---[m
[[1;34mINFO[m] Surefire report directory: /home/user/Workspace/reproducibility/Reproducibility-Scanner/benchmarks/bugs-dot-jar/accumulo/proxy/target/surefire-reports

-------------------------------------------------------
 T E S T S
-------------------------------------------------------
Running org.apache.accumulo.proxy.TestProxyReadWrite
Tests run: 2, Failures: 0, Errors: 2, Skipped: 0, Time elapsed: 0.311 sec <<< FAILURE!
Running org.apache.accumulo.proxy.TestProxyInstanceOperations
Tests run: 2, Failures: 0, Errors: 2, Skipped: 0, Time elapsed: 0.002 sec <<< FAILURE!
Running org.apache.accumulo.proxy.TestProxySecurityOperations
Tests run: 2, Failures: 0, Errors: 2, Skipped: 0, Time elapsed: 0.006 sec <<< FAILURE!
Running org.apache.accumulo.proxy.TestProxyTableOperations
Tests run: 2, Failures: 0, Errors: 2, Skipped: 0, Time elapsed: 0.003 sec <<< FAILURE!
Running org.apache.accumulo.proxy.SimpleTest
Tests run: 1, Failures: 0, Errors: 1, Skipped: 0, Time elapsed: 0.829 sec <<< FAILURE!

Results :

Tests in error: 
  org.apache.accumulo.proxy.TestProxyReadWrite
  org.apache.accumulo.proxy.TestProxyReadWrite
  org.apache.accumulo.proxy.TestProxyInstanceOperations
  org.apache.accumulo.proxy.TestProxyInstanceOperations
  org.apache.accumulo.proxy.TestProxySecurityOperations
  org.apache.accumulo.proxy.TestProxySecurityOperations
  org.apache.accumulo.proxy.TestProxyTableOperations
  org.apache.accumulo.proxy.TestProxyTableOperations
  org.apache.accumulo.proxy.SimpleTest: Initialize process returned 1

Tests run: 9, Failures: 0, Errors: 9, Skipped: 0

[[1;34mINFO[m] [1m------------------------------------------------------------------------[m
[[1;34mINFO[m] [1;31mBUILD FAILURE[m
[[1;34mINFO[m] [1m------------------------------------------------------------------------[m
[[1;34mINFO[m] Total time:  4.491 s
[[1;34mINFO[m] Finished at: 2022-07-30T12:45:57-07:00
[[1;34mINFO[m] [1m------------------------------------------------------------------------[m
[[1;31mERROR[m] Failed to execute goal [32morg.apache.maven.plugins:maven-surefire-plugin:2.12:test[m [1m(default-test)[m on project [36maccumulo-proxy[m: [1;31mThere are test failures.[m
[[1;31mERROR[m] [1;31m[m
[[1;31mERROR[m] [1;31mPlease refer to /home/user/Workspace/reproducibility/Reproducibility-Scanner/benchmarks/bugs-dot-jar/accumulo/proxy/target/surefire-reports for the individual test results.[m
[[1;31mERROR[m] -> [1m[Help 1][m
[[1;31mERROR[m] 
[[1;31mERROR[m] To see the full stack trace of the errors, re-run Maven with the [1m-e[m switch.
[[1;31mERROR[m] Re-run Maven using the [1m-X[m switch to enable full debug logging.
[[1;31mERROR[m] 
[[1;31mERROR[m] For more information about the errors and possible solutions, please read the following articles:
[[1;31mERROR[m] [1m[Help 1][m http://cwiki.apache.org/confluence/display/MAVEN/MojoFailureException