[[1;34mINFO[m] Scanning for projects...
[[1;33mWARNING[m] 
[[1;33mWARNING[m] Some problems were encountered while building the effective model for org.apache.maven:maven-core:jar:2.0.1-SNAPSHOT
[[1;33mWARNING[m] The expression ${version} is deprecated. Please use ${project.version} instead.
[[1;33mWARNING[m] 
[[1;33mWARNING[m] It is highly recommended to fix these problems because they threaten the stability of your build.
[[1;33mWARNING[m] 
[[1;33mWARNING[m] For this reason, future Maven versions might no longer support building such malformed projects.
[[1;33mWARNING[m] 
[[1;34mINFO[m] [1m------------------------------------------------------------------------[m
[[1;34mINFO[m] [1mReactor Build Order:[m
[[1;34mINFO[m] 
[[1;34mINFO[m] Maven                                                              [pom]
[[1;34mINFO[m] Maven Model                                                        [jar]
[[1;34mINFO[m] Maven Local Settings Model                                         [jar]
[[1;34mINFO[m] Maven Repository Metadata Model                                    [jar]
[[1;34mINFO[m] Maven Artifact                                                     [jar]
[[1;34mINFO[m] Maven Artifact Manager                                             [jar]
[[1;34mINFO[m] Maven Artifact Test Helper Library                                 [jar]
[[1;34mINFO[m] Maven Profile Model                                                [jar]
[[1;34mINFO[m] Maven Project Builder                                              [jar]
[[1;34mINFO[m] Maven Archiver                                                     [jar]
[[1;34mINFO[m] Maven Error Diagnostics                                            [jar]
[[1;34mINFO[m] Maven Tasks for Ant                                                [jar]
[[1;34mINFO[m] Maven Plugin Parameter Documenter API                              [jar]
[[1;34mINFO[m] Maven Reporting                                                    [pom]
[[1;34mINFO[m] Maven Reporting API                                                [jar]
[[1;34mINFO[m] Maven Plugin Registry Model                                        [jar]
[[1;34mINFO[m] Maven Plugin API                                                   [jar]
[[1;34mINFO[m] Maven Plugin Descriptor Model                                      [jar]
[[1;34mINFO[m] Maven Monitor                                                      [jar]
[[1;34mINFO[m] Maven                                                              [jar]
[[1;34mINFO[m] Maven Plugin Tools Base POM                                        [pom]
[[1;34mINFO[m] Maven Plugin Tools APIs                                            [jar]
[[1;34mINFO[m] Maven Plugin Tools for Java                                        [jar]
[[1;34mINFO[m] Maven Plugin Tools for Beanshell                                   [jar]
[[1;34mINFO[m] Maven Pluggy Simplistic Plugin Generator                           [jar]
[[1;34mINFO[m] Maven Reporting                                                    [jar]
[[1;34mINFO[m] Maven Script Support Root                                          [pom]
[[1;34mINFO[m] Maven Beanshell Mojo Support                                       [jar]
[[1;34mINFO[m] 
[[1;34mINFO[m] [1m-----------------------< [0;36morg.apache.maven:maven[0;1m >-----------------------[m
[[1;34mINFO[m] [1mBuilding Maven 2.0.1-SNAPSHOT                                     [1/28][m
[[1;34mINFO[m] [1m--------------------------------[ pom ]---------------------------------[m
[[1;34mINFO[m] 
[[1;34mINFO[m] [1m--- [0;32mmaven-install-plugin:2.4:install[m [1m(default-install)[m @ [36mmaven[0;1m ---[m
[[1;34mINFO[m] Installing /home/user/Reproducibility-Scanner/benchmarks/bugs-dot-jar/maven/pom.xml to /home/user/.m2/repository/org/apache/maven/maven/2.0.1-SNAPSHOT/maven-2.0.1-SNAPSHOT.pom
[[1;34mINFO[m] 
[[1;34mINFO[m] [1m--------------------< [0;36morg.apache.maven:maven-model[0;1m >--------------------[m
[[1;34mINFO[m] [1mBuilding Maven Model 2.0.1-SNAPSHOT                               [2/28][m
[[1;34mINFO[m] [1m--------------------------------[ jar ]---------------------------------[m
Downloading from central: https://repo.maven.apache.org/maven2/org/codehaus/modello/modello-maven-plugin/1.0-alpha-6/modello-maven-plugin-1.0-alpha-6.pom
Progress (1): 2.7/10 kBProgress (1): 5.5/10 kBProgress (1): 8.2/10 kBProgress (1): 10 kB                       Downloaded from central: https://repo.maven.apache.org/maven2/org/codehaus/modello/modello-maven-plugin/1.0-alpha-6/modello-maven-plugin-1.0-alpha-6.pom (10 kB at 18 kB/s)
Downloading from central: https://repo.maven.apache.org/maven2/org/codehaus/modello/modello-maven-plugin/1.0-alpha-6/modello-maven-plugin-1.0-alpha-6.jar
Progress (1): 2.7/12 kBProgress (1): 5.5/12 kBProgress (1): 8.2/12 kBProgress (1): 11/12 kB Progress (1): 12 kB                      Downloaded from central: https://repo.maven.apache.org/maven2/org/codehaus/modello/modello-maven-plugin/1.0-alpha-6/modello-maven-plugin-1.0-alpha-6.jar (12 kB at 74 kB/s)
[[1;34mINFO[m] 
[[1;34mINFO[m] [1m--- [0;32mmodello-maven-plugin:1.0-alpha-6:xpp3-writer[m [1m(default)[m @ [36mmaven-model[0;1m ---[m
Downloading from central: https://repo.maven.apache.org/maven2/org/codehaus/modello/modello-plugin-xpp3/1.0-alpha-6/modello-plugin-xpp3-1.0-alpha-6.pom
Progress (1): 2.7/8.1 kBProgress (1): 5.5/8.1 kBProgress (1): 8.1 kB                        Downloaded from central: https://repo.maven.apache.org/maven2/org/codehaus/modello/modello-plugin-xpp3/1.0-alpha-6/modello-plugin-xpp3-1.0-alpha-6.pom (8.1 kB at 55 kB/s)
Downloading from central: https://repo.maven.apache.org/maven2/org/codehaus/modello/modello-core/1.0-alpha-6/modello-core-1.0-alpha-6.pom
Progress (1): 2.7/7.6 kBProgress (1): 5.5/7.6 kBProgress (1): 7.6 kB                        Downloaded from central: https://repo.maven.apache.org/maven2/org/codehaus/modello/modello-core/1.0-alpha-6/modello-core-1.0-alpha-6.pom (7.6 kB at 32 kB/s)
Downloading from central: https://repo.maven.apache.org/maven2/org/codehaus/modello/modello-plugin-xml/1.0-alpha-6/modello-plugin-xml-1.0-alpha-6.pom
Progress (1): 2.7/7.9 kBProgress (1): 5.5/7.9 kBProgress (1): 7.9 kB                        Downloaded from central: https://repo.maven.apache.org/maven2/org/codehaus/modello/modello-plugin-xml/1.0-alpha-6/modello-plugin-xml-1.0-alpha-6.pom (7.9 kB at 31 kB/s)
Downloading from central: https://repo.maven.apache.org/maven2/org/apache/maven/maven-artifact-manager/2.0-beta-3/maven-artifact-manager-2.0-beta-3.pom
Progress (1): 2.7/8.3 kBProgress (1): 5.5/8.3 kBProgress (1): 8.2/8.3 kBProgress (1): 8.3 kB                        Downloaded from central: https://repo.maven.apache.org/maven2/org/apache/maven/maven-artifact-manager/2.0-beta-3/maven-artifact-manager-2.0-beta-3.pom (8.3 kB at 57 kB/s)
Downloading from central: https://repo.maven.apache.org/maven2/org/apache/maven/maven-artifact/2.0-beta-3/maven-artifact-2.0-beta-3.pom
Progress (1): 4.1/7.5 kBProgress (1): 7.5 kB                        Downloaded from central: https://repo.maven.apache.org/maven2/org/apache/maven/maven-artifact/2.0-beta-3/maven-artifact-2.0-beta-3.pom (7.5 kB at 51 kB/s)
Downloading from central: https://repo.maven.apache.org/maven2/plexus/plexus-utils/1.0.3/plexus-utils-1.0.3.pom
Progress (1): 970 B                   Downloaded from central: https://repo.maven.apache.org/maven2/plexus/plexus-utils/1.0.3/plexus-utils-1.0.3.pom (970 B at 48 kB/s)
Downloading from central: https://repo.maven.apache.org/maven2/org/apache/maven/maven-repository-metadata/2.0-beta-3/maven-repository-metadata-2.0-beta-3.pom
Progress (1): 4.1/7.7 kBProgress (1): 7.7 kB                        Downloaded from central: https://repo.maven.apache.org/maven2/org/apache/maven/maven-repository-metadata/2.0-beta-3/maven-repository-metadata-2.0-beta-3.pom (7.7 kB at 54 kB/s)
Downloading from central: https://repo.maven.apache.org/maven2/log4j/log4j/1.2.8/log4j-1.2.8.pom
Progress (1): 145 B                   Downloaded from central: https://repo.maven.apache.org/maven2/log4j/log4j/1.2.8/log4j-1.2.8.pom (145 B at 9.1 kB/s)
Downloading from central: https://repo.maven.apache.org/maven2/org/codehaus/modello/modello-plugin-xsd/1.0-alpha-6/modello-plugin-xsd-1.0-alpha-6.pom
Progress (1): 4.1/8.1 kBProgress (1): 8.1 kB                        Downloaded from central: https://repo.maven.apache.org/maven2/org/codehaus/modello/modello-plugin-xsd/1.0-alpha-6/modello-plugin-xsd-1.0-alpha-6.pom (8.1 kB at 32 kB/s)
Downloading from central: https://repo.maven.apache.org/maven2/org/apache/maven/maven-plugin-api/2.0-beta-3/maven-plugin-api-2.0-beta-3.pom
Progress (1): 4.1/6.9 kBProgress (1): 6.9 kB                        Downloaded from central: https://repo.maven.apache.org/maven2/org/apache/maven/maven-plugin-api/2.0-beta-3/maven-plugin-api-2.0-beta-3.pom (6.9 kB at 21 kB/s)
Downloading from central: https://repo.maven.apache.org/maven2/commons-logging/commons-logging/1.0.2/commons-logging-1.0.2.pom
Progress (1): 810 B                   Downloaded from central: https://repo.maven.apache.org/maven2/commons-logging/commons-logging/1.0.2/commons-logging-1.0.2.pom (810 B at 45 kB/s)
Downloading from central: https://repo.maven.apache.org/maven2/org/apache/maven/maven-model/2.0-beta-3/maven-model-2.0-beta-3.pom
Progress (1): 4.1/7.6 kBProgress (1): 7.6 kB                        Downloaded from central: https://repo.maven.apache.org/maven2/org/apache/maven/maven-model/2.0-beta-3/maven-model-2.0-beta-3.pom (7.6 kB at 89 kB/s)
Downloading from central: https://repo.maven.apache.org/maven2/org/apache/maven/wagon/wagon-provider-api/1.0-alpha-4/wagon-provider-api-1.0-alpha-4.pom
Progress (1): 306 B                   Downloaded from central: https://repo.maven.apache.org/maven2/org/apache/maven/wagon/wagon-provider-api/1.0-alpha-4/wagon-provider-api-1.0-alpha-4.pom (306 B at 2.0 kB/s)
Downloading from central: https://repo.maven.apache.org/maven2/org/apache/maven/wagon/wagon/1.0-alpha-4/wagon-1.0-alpha-4.pom
Progress (1): 3.1 kB                    Downloaded from central: https://repo.maven.apache.org/maven2/org/apache/maven/wagon/wagon/1.0-alpha-4/wagon-1.0-alpha-4.pom (3.1 kB at 37 kB/s)
Downloading from central: https://repo.maven.apache.org/maven2/org/apache/maven/maven-profile/2.0-beta-3/maven-profile-2.0-beta-3.pom
Progress (1): 4.1/8.2 kBProgress (1): 8.2/8.2 kBProgress (1): 8.2 kB                        Downloaded from central: https://repo.maven.apache.org/maven2/org/apache/maven/maven-profile/2.0-beta-3/maven-profile-2.0-beta-3.pom (8.2 kB at 28 kB/s)
Downloading from central: https://repo.maven.apache.org/maven2/plexus/plexus-velocity/1.1/plexus-velocity-1.1.pom
Progress (1): 914 B                   Downloaded from central: https://repo.maven.apache.org/maven2/plexus/plexus-velocity/1.1/plexus-velocity-1.1.pom (914 B at 5.9 kB/s)
Downloading from central: https://repo.maven.apache.org/maven2/plexus/plexus-components/1.1/plexus-components-1.1.pom
Progress (1): 2.0 kB                    Downloaded from central: https://repo.maven.apache.org/maven2/plexus/plexus-components/1.1/plexus-components-1.1.pom (2.0 kB at 14 kB/s)
Downloading from central: https://repo.maven.apache.org/maven2/plexus/plexus-root/1.0/plexus-root-1.0.pom
Progress (1): 4.1/4.9 kBProgress (1): 4.9 kB                        Downloaded from central: https://repo.maven.apache.org/maven2/plexus/plexus-root/1.0/plexus-root-1.0.pom (4.9 kB at 25 kB/s)
Downloading from central: https://repo.maven.apache.org/maven2/plexus/plexus-container-default/1.0-alpha-4/plexus-container-default-1.0-alpha-4.pom
Progress (1): 806 B                   Downloaded from central: https://repo.maven.apache.org/maven2/plexus/plexus-container-default/1.0-alpha-4/plexus-container-default-1.0-alpha-4.pom (806 B at 5.8 kB/s)
Downloading from central: https://repo.maven.apache.org/maven2/plexus/plexus-containers/1.0/plexus-containers-1.0.pom
Progress (1): 467 B                   Downloaded from central: https://repo.maven.apache.org/maven2/plexus/plexus-containers/1.0/plexus-containers-1.0.pom (467 B at 3.2 kB/s)
Downloading from central: https://repo.maven.apache.org/maven2/classworlds/classworlds/1.1-alpha-1/classworlds-1.1-alpha-1.pom
Progress (1): 3.1 kB                    Downloaded from central: https://repo.maven.apache.org/maven2/classworlds/classworlds/1.1-alpha-1/classworlds-1.1-alpha-1.pom (3.1 kB at 12 kB/s)
Downloading from central: https://repo.maven.apache.org/maven2/plexus/plexus-utils/1.0-alpha-3/plexus-utils-1.0-alpha-3.pom
Progress (1): 319 B                   Downloaded from central: https://repo.maven.apache.org/maven2/plexus/plexus-utils/1.0-alpha-3/plexus-utils-1.0-alpha-3.pom (319 B at 2.3 kB/s)
Downloading from central: https://repo.maven.apache.org/maven2/org/codehaus/modello/modello-plugin-prevayler/1.0-alpha-6/modello-plugin-prevayler-1.0-alpha-6.pom
Progress (1): 4.1/9.1 kBProgress (1): 8.2/9.1 kBProgress (1): 9.1 kB                        Downloaded from central: https://repo.maven.apache.org/maven2/org/codehaus/modello/modello-plugin-prevayler/1.0-alpha-6/modello-plugin-prevayler-1.0-alpha-6.pom (9.1 kB at 28 kB/s)
Downloading from central: https://repo.maven.apache.org/maven2/org/codehaus/modello/modello-plugin-store/1.0-alpha-6/modello-plugin-store-1.0-alpha-6.pom
Progress (1): 4.1/8.9 kBProgress (1): 8.2/8.9 kBProgress (1): 8.9 kB                        Downloaded from central: https://repo.maven.apache.org/maven2/org/codehaus/modello/modello-plugin-store/1.0-alpha-6/modello-plugin-store-1.0-alpha-6.pom (8.9 kB at 25 kB/s)
Downloading from central: https://repo.maven.apache.org/maven2/org/apache/maven/maven-project/2.0-beta-3/maven-project-2.0-beta-3.pom
Progress (1): 4.1/9.1 kBProgress (1): 8.2/9.1 kBProgress (1): 9.1 kB                        Downloaded from central: https://repo.maven.apache.org/maven2/org/apache/maven/maven-project/2.0-beta-3/maven-project-2.0-beta-3.pom (9.1 kB at 33 kB/s)
Downloading from central: https://repo.maven.apache.org/maven2/org/codehaus/modello/modello-plugin-xdoc/1.0-alpha-6/modello-plugin-xdoc-1.0-alpha-6.pom
Progress (1): 4.1/8.1 kBProgress (1): 8.1 kB                        Downloaded from central: https://repo.maven.apache.org/maven2/org/codehaus/modello/modello-plugin-xdoc/1.0-alpha-6/modello-plugin-xdoc-1.0-alpha-6.pom (8.1 kB at 31 kB/s)
Downloading from central: https://repo.maven.apache.org/maven2/org/codehaus/modello/modello-plugin-jpox/1.0-alpha-6/modello-plugin-jpox-1.0-alpha-6.pom
Progress (1): 4.1/9.1 kBProgress (1): 8.2/9.1 kBProgress (1): 9.1 kB                        Downloaded from central: https://repo.maven.apache.org/maven2/org/codehaus/modello/modello-plugin-jpox/1.0-alpha-6/modello-plugin-jpox-1.0-alpha-6.pom (9.1 kB at 106 kB/s)
Downloading from central: https://repo.maven.apache.org/maven2/org/codehaus/plexus/plexus-container-default/1.0-alpha-7/plexus-container-default-1.0-alpha-7.jar
Downloading from central: https://repo.maven.apache.org/maven2/log4j/log4j/1.2.8/log4j-1.2.8.jar
Downloading from central: https://repo.maven.apache.org/maven2/org/apache/maven/maven-artifact-manager/2.0-beta-3/maven-artifact-manager-2.0-beta-3.jar
Downloading from central: https://repo.maven.apache.org/maven2/org/codehaus/modello/modello-plugin-xpp3/1.0-alpha-6/modello-plugin-xpp3-1.0-alpha-6.jar
Downloading from central: https://repo.maven.apache.org/maven2/org/codehaus/modello/modello-plugin-xsd/1.0-alpha-6/modello-plugin-xsd-1.0-alpha-6.jar
Progress (1): 4.1/194 kBProgress (1): 8.2/194 kBProgress (1): 12/194 kB Progress (1): 16/194 kBProgress (1): 20/194 kBProgress (1): 24/194 kBProgress (1): 28/194 kBProgress (1): 32/194 kBProgress (1): 36/194 kBProgress (1): 40/194 kBProgress (1): 45/194 kBProgress (1): 49/194 kBProgress (1): 53/194 kBProgress (1): 57/194 kBProgress (1): 61/194 kBProgress (1): 65/194 kBProgress (1): 69/194 kBProgress (1): 73/194 kBProgress (1): 77/194 kBProgress (1): 81/194 kBProgress (1): 85/194 kBProgress (1): 90/194 kBProgress (1): 94/194 kBProgress (1): 98/194 kBProgress (1): 102/194 kBProgress (1): 106/194 kBProgress (1): 110/194 kBProgress (1): 114/194 kBProgress (1): 118/194 kBProgress (1): 122/194 kBProgress (1): 126/194 kBProgress (1): 131/194 kBProgress (1): 135/194 kBProgress (1): 139/194 kBProgress (1): 143/194 kBProgress (1): 147/194 kBProgress (1): 151/194 kBProgress (1): 155/194 kBProgress (1): 159/194 kBProgress (1): 163/194 kBProgress (1): 167/194 kBProgress (1): 171/194 kBProgress (1): 176/194 kBProgress (1): 180/194 kBProgress (1): 184/194 kBProgress (1): 188/194 kBProgress (1): 192/194 kBProgress (1): 194 kB    Progress (2): 194 kB | 2.7/353 kBProgress (2): 194 kB | 5.5/353 kBProgress (2): 194 kB | 8.2/353 kBProgress (2): 194 kB | 11/353 kB Progress (2): 194 kB | 14/353 kBProgress (2): 194 kB | 16/353 kBProgress (2): 194 kB | 19/353 kBProgress (2): 194 kB | 21/353 kBProgress (2): 194 kB | 24/353 kBProgress (2): 194 kB | 27/353 kBProgress (2): 194 kB | 30/353 kBProgress (2): 194 kB | 32/353 kBProgress (2): 194 kB | 35/353 kBProgress (2): 194 kB | 38/353 kBProgress (2): 194 kB | 40/353 kBProgress (2): 194 kB | 43/353 kBProgress (2): 194 kB | 46/353 kBProgress (2): 194 kB | 49/353 kBProgress (2): 194 kB | 53/353 kBProgress (2): 194 kB | 57/353 kBProgress (2): 194 kB | 61/353 kBProgress (2): 194 kB | 65/353 kBProgress (2): 194 kB | 69/353 kBProgress (2): 194 kB | 73/353 kBProgress (2): 194 kB | 77/353 kBProgress (2): 194 kB | 81/353 kBProgress (2): 194 kB | 85/353 kBProgress (2): 194 kB | 90/353 kBProgress (2): 194 kB | 94/353 kBProgress (2): 194 kB | 98/353 kBProgress (2): 194 kB | 102/353 kBProgress (2): 194 kB | 106/353 kBProgress (2): 194 kB | 110/353 kBProgress (2): 194 kB | 114/353 kBProgress (2): 194 kB | 118/353 kBProgress (2): 194 kB | 122/353 kBProgress (2): 194 kB | 126/353 kBProgress (2): 194 kB | 131/353 kBProgress (2): 194 kB | 135/353 kBProgress (2): 194 kB | 139/353 kBProgress (2): 194 kB | 143/353 kBProgress (2): 194 kB | 147/353 kBProgress (2): 194 kB | 151/353 kBProgress (2): 194 kB | 155/353 kBProgress (2): 194 kB | 159/353 kBProgress (2): 194 kB | 163/353 kBProgress (2): 194 kB | 167/353 kBProgress (2): 194 kB | 171/353 kBProgress (2): 194 kB | 176/353 kBProgress (2): 194 kB | 180/353 kBProgress (2): 194 kB | 184/353 kBProgress (2): 194 kB | 188/353 kBProgress (2): 194 kB | 192/353 kBProgress (2): 194 kB | 196/353 kBProgress (2): 194 kB | 200/353 kBProgress (2): 194 kB | 204/353 kBProgress (2): 194 kB | 208/353 kBProgress (2): 194 kB | 212/353 kBProgress (2): 194 kB | 217/353 kBProgress (2): 194 kB | 221/353 kBProgress (2): 194 kB | 225/353 kBProgress (2): 194 kB | 229/353 kBProgress (2): 194 kB | 233/353 kBProgress (2): 194 kB | 237/353 kBProgress (2): 194 kB | 241/353 kBProgress (2): 194 kB | 245/353 kBProgress (2): 194 kB | 249/353 kBProgress (2): 194 kB | 253/353 kBProgress (2): 194 kB | 258/353 kBProgress (2): 194 kB | 262/353 kBProgress (2): 194 kB | 266/353 kBProgress (2): 194 kB | 270/353 kBProgress (2): 194 kB | 274/353 kBProgress (2): 194 kB | 278/353 kBProgress (2): 194 kB | 282/353 kBProgress (2): 194 kB | 286/353 kBProgress (2): 194 kB | 290/353 kBProgress (2): 194 kB | 294/353 kBProgress (2): 194 kB | 298/353 kBProgress (2): 194 kB | 303/353 kBProgress (2): 194 kB | 307/353 kBProgress (2): 194 kB | 311/353 kBProgress (2): 194 kB | 315/353 kBProgress (2): 194 kB | 319/353 kBProgress (2): 194 kB | 323/353 kBProgress (2): 194 kB | 327/353 kBProgress (2): 194 kB | 331/353 kBProgress (2): 194 kB | 335/353 kBProgress (2): 194 kB | 339/353 kBProgress (2): 194 kB | 343/353 kBProgress (2): 194 kB | 348/353 kBProgress (2): 194 kB | 352/353 kBProgress (2): 194 kB | 353 kB                                 Downloaded from central: https://repo.maven.apache.org/maven2/log4j/log4j/1.2.8/log4j-1.2.8.jar (353 kB at 2.1 MB/s)
Downloading from central: https://repo.maven.apache.org/maven2/logkit/logkit/1.0.1/logkit-1.0.1.jar
Progress (2): 194 kB | 4.1/72 kBProgress (2): 194 kB | 8.2/72 kBProgress (2): 194 kB | 12/72 kB Progress (2): 194 kB | 16/72 kBProgress (3): 194 kB | 16/72 kB | 2.7/8.4 kBProgress (3): 194 kB | 20/72 kB | 2.7/8.4 kBProgress (3): 194 kB | 24/72 kB | 2.7/8.4 kBProgress (3): 194 kB | 28/72 kB | 2.7/8.4 kBProgress (3): 194 kB | 32/72 kB | 2.7/8.4 kBProgress (4): 194 kB | 32/72 kB | 2.7/8.4 kB | 2.7/23 kBProgress (4): 194 kB | 32/72 kB | 5.5/8.4 kB | 2.7/23 kBProgress (4): 194 kB | 36/72 kB | 5.5/8.4 kB | 2.7/23 kBProgress (4): 194 kB | 36/72 kB | 5.5/8.4 kB | 5.5/23 kBProgress (4): 194 kB | 40/72 kB | 5.5/8.4 kB | 5.5/23 kBProgress (4): 194 kB | 45/72 kB | 5.5/8.4 kB | 5.5/23 kBProgress (4): 194 kB | 45/72 kB | 8.2/8.4 kB | 5.5/23 kBProgress (4): 194 kB | 45/72 kB | 8.2/8.4 kB | 8.2/23 kBProgress (4): 194 kB | 49/72 kB | 8.2/8.4 kB | 8.2/23 kBProgress (4): 194 kB | 49/72 kB | 8.4 kB | 8.2/23 kB    Progress (4): 194 kB | 49/72 kB | 8.4 kB | 11/23 kB                                                    Downloaded from central: https://repo.maven.apache.org/maven2/org/codehaus/plexus/plexus-container-default/1.0-alpha-7/plexus-container-default-1.0-alpha-7.jar (194 kB at 1.1 MB/s)
Progress (3): 49/72 kB | 8.4 kB | 14/23 kBProgress (3): 53/72 kB | 8.4 kB | 14/23 kB                                          Downloading from central: https://repo.maven.apache.org/maven2/org/codehaus/modello/modello-core/1.0-alpha-6/modello-core-1.0-alpha-6.jar
Progress (3): 53/72 kB | 8.4 kB | 16/23 kBProgress (3): 57/72 kB | 8.4 kB | 16/23 kBProgress (3): 61/72 kB | 8.4 kB | 16/23 kBProgress (3): 65/72 kB | 8.4 kB | 16/23 kBProgress (3): 65/72 kB | 8.4 kB | 19/23 kBProgress (3): 69/72 kB | 8.4 kB | 19/23 kBProgress (3): 72 kB | 8.4 kB | 19/23 kB   Progress (3): 72 kB | 8.4 kB | 21/23 kBProgress (3): 72 kB | 8.4 kB | 23 kB   Progress (4): 72 kB | 8.4 kB | 23 kB | 2.7/46 kBProgress (4): 72 kB | 8.4 kB | 23 kB | 5.5/46 kB                                                Downloaded from central: https://repo.maven.apache.org/maven2/logkit/logkit/1.0.1/logkit-1.0.1.jar (72 kB at 384 kB/s)
Progress (3): 8.4 kB | 23 kB | 8.2/46 kB                                        Downloading from central: https://repo.maven.apache.org/maven2/org/apache/maven/maven-plugin-api/2.0-beta-3/maven-plugin-api-2.0-beta-3.jar
Progress (3): 8.4 kB | 23 kB | 11/46 kBProgress (3): 8.4 kB | 23 kB | 14/46 kBProgress (3): 8.4 kB | 23 kB | 16/46 kBProgress (3): 8.4 kB | 23 kB | 19/46 kBProgress (3): 8.4 kB | 23 kB | 21/46 kBProgress (3): 8.4 kB | 23 kB | 24/46 kBProgress (3): 8.4 kB | 23 kB | 27/46 kBProgress (3): 8.4 kB | 23 kB | 30/46 kBProgress (3): 8.4 kB | 23 kB | 32/46 kBProgress (3): 8.4 kB | 23 kB | 35/46 kBProgress (3): 8.4 kB | 23 kB | 38/46 kBProgress (3): 8.4 kB | 23 kB | 40/46 kBProgress (3): 8.4 kB | 23 kB | 43/46 kBProgress (3): 8.4 kB | 23 kB | 46/46 kBProgress (3): 8.4 kB | 23 kB | 46 kB   Progress (4): 8.4 kB | 23 kB | 46 kB | 4.1/159 kBProgress (4): 8.4 kB | 23 kB | 46 kB | 8.2/159 kBProgress (4): 8.4 kB | 23 kB | 46 kB | 12/159 kB Progress (4): 8.4 kB | 23 kB | 46 kB | 16/159 kBProgress (4): 8.4 kB | 23 kB | 46 kB | 20/159 kBProgress (4): 8.4 kB | 23 kB | 46 kB | 24/159 kBProgress (4): 8.4 kB | 23 kB | 46 kB | 28/159 kBProgress (4): 8.4 kB | 23 kB | 46 kB | 32/159 kBProgress (4): 8.4 kB | 23 kB | 46 kB | 36/159 kBProgress (4): 8.4 kB | 23 kB | 46 kB | 40/159 kBProgress (4): 8.4 kB | 23 kB | 46 kB | 45/159 kBProgress (4): 8.4 kB | 23 kB | 46 kB | 49/159 kBProgress (4): 8.4 kB | 23 kB | 46 kB | 53/159 kBProgress (4): 8.4 kB | 23 kB | 46 kB | 57/159 kBProgress (4): 8.4 kB | 23 kB | 46 kB | 61/159 kBProgress (4): 8.4 kB | 23 kB | 46 kB | 65/159 kBProgress (4): 8.4 kB | 23 kB | 46 kB | 69/159 kBProgress (4): 8.4 kB | 23 kB | 46 kB | 73/159 kB                                                Downloaded from central: https://repo.maven.apache.org/maven2/org/apache/maven/maven-artifact-manager/2.0-beta-3/maven-artifact-manager-2.0-beta-3.jar (46 kB at 172 kB/s)
Progress (3): 8.4 kB | 23 kB | 77/159 kB                                        Downloading from central: https://repo.maven.apache.org/maven2/org/codehaus/modello/modello-plugin-xml/1.0-alpha-6/modello-plugin-xml-1.0-alpha-6.jar
Progress (3): 8.4 kB | 23 kB | 81/159 kBProgress (3): 8.4 kB | 23 kB | 85/159 kBProgress (3): 8.4 kB | 23 kB | 90/159 kBProgress (3): 8.4 kB | 23 kB | 94/159 kBProgress (3): 8.4 kB | 23 kB | 98/159 kBProgress (3): 8.4 kB | 23 kB | 102/159 kBProgress (3): 8.4 kB | 23 kB | 106/159 kBProgress (3): 8.4 kB | 23 kB | 110/159 kBProgress (3): 8.4 kB | 23 kB | 114/159 kBProgress (3): 8.4 kB | 23 kB | 118/159 kBProgress (3): 8.4 kB | 23 kB | 122/159 kBProgress (3): 8.4 kB | 23 kB | 126/159 kBProgress (3): 8.4 kB | 23 kB | 131/159 kBProgress (3): 8.4 kB | 23 kB | 135/159 kBProgress (3): 8.4 kB | 23 kB | 139/159 kBProgress (3): 8.4 kB | 23 kB | 143/159 kBProgress (3): 8.4 kB | 23 kB | 147/159 kBProgress (3): 8.4 kB | 23 kB | 151/159 kBProgress (3): 8.4 kB | 23 kB | 155/159 kBProgress (3): 8.4 kB | 23 kB | 159 kB    Progress (4): 8.4 kB | 23 kB | 159 kB | 2.7/9.7 kBProgress (4): 8.4 kB | 23 kB | 159 kB | 5.5/9.7 kBProgress (4): 8.4 kB | 23 kB | 159 kB | 8.2/9.7 kBProgress (4): 8.4 kB | 23 kB | 159 kB | 9.7 kB                                                  Downloaded from central: https://repo.maven.apache.org/maven2/org/codehaus/modello/modello-plugin-xpp3/1.0-alpha-6/modello-plugin-xpp3-1.0-alpha-6.jar (23 kB at 68 kB/s)
Downloading from central: https://repo.maven.apache.org/maven2/org/apache/maven/maven-artifact/2.0-beta-3/maven-artifact-2.0-beta-3.jar
Downloaded from central: https://repo.maven.apache.org/maven2/org/codehaus/modello/modello-core/1.0-alpha-6/modello-core-1.0-alpha-6.jar (159 kB at 457 kB/s)
Downloading from central: https://repo.maven.apache.org/maven2/commons-logging/commons-logging/1.0.2/commons-logging-1.0.2.jar
Downloaded from central: https://repo.maven.apache.org/maven2/org/codehaus/modello/modello-plugin-xsd/1.0-alpha-6/modello-plugin-xsd-1.0-alpha-6.jar (8.4 kB at 24 kB/s)
Downloading from central: https://repo.maven.apache.org/maven2/org/apache/maven/maven-model/2.0-beta-3/maven-model-2.0-beta-3.jar
Progress (2): 9.7 kB | 2.7/26 kBProgress (2): 9.7 kB | 5.5/26 kBProgress (2): 9.7 kB | 8.2/26 kBProgress (2): 9.7 kB | 11/26 kB Progress (2): 9.7 kB | 14/26 kBProgress (2): 9.7 kB | 16/26 kBProgress (2): 9.7 kB | 19/26 kBProgress (2): 9.7 kB | 21/26 kBProgress (2): 9.7 kB | 24/26 kBProgress (2): 9.7 kB | 26 kB   Progress (3): 9.7 kB | 26 kB | 4.1/9.5 kBProgress (3): 9.7 kB | 26 kB | 8.2/9.5 kBProgress (3): 9.7 kB | 26 kB | 9.5 kB                                         Downloaded from central: https://repo.maven.apache.org/maven2/org/codehaus/modello/modello-plugin-xml/1.0-alpha-6/modello-plugin-xml-1.0-alpha-6.jar (9.7 kB at 24 kB/s)
Downloading from central: https://repo.maven.apache.org/maven2/org/apache/maven/maven-repository-metadata/2.0-beta-3/maven-repository-metadata-2.0-beta-3.jar
Progress (3): 26 kB | 9.5 kB | 2.7/72 kBProgress (3): 26 kB | 9.5 kB | 5.5/72 kBProgress (3): 26 kB | 9.5 kB | 8.2/72 kBProgress (3): 26 kB | 9.5 kB | 11/72 kB Progress (3): 26 kB | 9.5 kB | 14/72 kBProgress (3): 26 kB | 9.5 kB | 16/72 kBProgress (3): 26 kB | 9.5 kB | 19/72 kBProgress (3): 26 kB | 9.5 kB | 21/72 kBProgress (3): 26 kB | 9.5 kB | 24/72 kBProgress (3): 26 kB | 9.5 kB | 27/72 kBProgress (3): 26 kB | 9.5 kB | 30/72 kBProgress (3): 26 kB | 9.5 kB | 32/72 kBProgress (3): 26 kB | 9.5 kB | 36/72 kBProgress (3): 26 kB | 9.5 kB | 40/72 kBProgress (3): 26 kB | 9.5 kB | 45/72 kBProgress (3): 26 kB | 9.5 kB | 49/72 kBProgress (4): 26 kB | 9.5 kB | 49/72 kB | 4.1/73 kBProgress (4): 26 kB | 9.5 kB | 49/72 kB | 8.2/73 kBProgress (4): 26 kB | 9.5 kB | 53/72 kB | 8.2/73 kBProgress (4): 26 kB | 9.5 kB | 53/72 kB | 12/73 kB Progress (4): 26 kB | 9.5 kB | 57/72 kB | 12/73 kBProgress (4): 26 kB | 9.5 kB | 57/72 kB | 16/73 kBProgress (4): 26 kB | 9.5 kB | 61/72 kB | 16/73 kBProgress (4): 26 kB | 9.5 kB | 65/72 kB | 16/73 kBProgress (4): 26 kB | 9.5 kB | 69/72 kB | 16/73 kBProgress (4): 26 kB | 9.5 kB | 72 kB | 16/73 kB   Progress (4): 26 kB | 9.5 kB | 72 kB | 20/73 kBProgress (4): 26 kB | 9.5 kB | 72 kB | 24/73 kBProgress (4): 26 kB | 9.5 kB | 72 kB | 28/73 kBProgress (4): 26 kB | 9.5 kB | 72 kB | 32/73 kBProgress (4): 26 kB | 9.5 kB | 72 kB | 36/73 kBProgress (4): 26 kB | 9.5 kB | 72 kB | 40/73 kBProgress (4): 26 kB | 9.5 kB | 72 kB | 45/73 kBProgress (4): 26 kB | 9.5 kB | 72 kB | 49/73 kB                                               Downloaded from central: https://repo.maven.apache.org/maven2/commons-logging/commons-logging/1.0.2/commons-logging-1.0.2.jar (26 kB at 61 kB/s)
Downloading from central: https://repo.maven.apache.org/maven2/org/apache/maven/wagon/wagon-provider-api/1.0-alpha-4/wagon-provider-api-1.0-alpha-4.jar
Progress (3): 9.5 kB | 72 kB | 53/73 kBProgress (3): 9.5 kB | 72 kB | 57/73 kBProgress (3): 9.5 kB | 72 kB | 61/73 kBProgress (3): 9.5 kB | 72 kB | 65/73 kB                                       Downloaded from central: https://repo.maven.apache.org/maven2/org/apache/maven/maven-plugin-api/2.0-beta-3/maven-plugin-api-2.0-beta-3.jar (9.5 kB at 22 kB/s)
Progress (2): 72 kB | 69/73 kB                              Downloading from central: https://repo.maven.apache.org/maven2/org/apache/maven/maven-profile/2.0-beta-3/maven-profile-2.0-beta-3.jar
Progress (2): 72 kB | 73 kB                           Downloaded from central: https://repo.maven.apache.org/maven2/org/apache/maven/maven-artifact/2.0-beta-3/maven-artifact-2.0-beta-3.jar (72 kB at 144 kB/s)
Downloading from central: https://repo.maven.apache.org/maven2/plexus/plexus-velocity/1.1/plexus-velocity-1.1.jar
Progress (2): 73 kB | 4.1/46 kBProgress (2): 73 kB | 8.2/46 kBProgress (2): 73 kB | 12/46 kB Progress (2): 73 kB | 16/46 kBProgress (2): 73 kB | 20/46 kBProgress (2): 73 kB | 24/46 kBProgress (2): 73 kB | 28/46 kBProgress (2): 73 kB | 32/46 kBProgress (2): 73 kB | 36/46 kBProgress (2): 73 kB | 40/46 kBProgress (2): 73 kB | 45/46 kBProgress (2): 73 kB | 46 kB   Progress (3): 73 kB | 46 kB | 2.7/29 kB                                       Downloaded from central: https://repo.maven.apache.org/maven2/org/apache/maven/maven-model/2.0-beta-3/maven-model-2.0-beta-3.jar (73 kB at 140 kB/s)
Progress (2): 46 kB | 5.5/29 kB                               Downloading from central: https://repo.maven.apache.org/maven2/plexus/plexus-container-default/1.0-alpha-4/plexus-container-default-1.0-alpha-4.jar
Progress (2): 46 kB | 8.2/29 kBProgress (2): 46 kB | 11/29 kB Progress (2): 46 kB | 14/29 kBProgress (2): 46 kB | 16/29 kBProgress (2): 46 kB | 20/29 kBProgress (2): 46 kB | 24/29 kBProgress (2): 46 kB | 28/29 kBProgress (2): 46 kB | 29 kB   Progress (3): 46 kB | 29 kB | 4.1/7.4 kBProgress (3): 46 kB | 29 kB | 7.4 kB    Progress (4): 46 kB | 29 kB | 7.4 kB | 4.1/185 kBProgress (4): 46 kB | 29 kB | 7.4 kB | 8.2/185 kBProgress (4): 46 kB | 29 kB | 7.4 kB | 12/185 kB Progress (4): 46 kB | 29 kB | 7.4 kB | 16/185 kBProgress (4): 46 kB | 29 kB | 7.4 kB | 20/185 kBProgress (4): 46 kB | 29 kB | 7.4 kB | 24/185 kBProgress (4): 46 kB | 29 kB | 7.4 kB | 28/185 kB                                                Downloaded from central: https://repo.maven.apache.org/maven2/org/apache/maven/wagon/wagon-provider-api/1.0-alpha-4/wagon-provider-api-1.0-alpha-4.jar (46 kB at 78 kB/s)
Progress (3): 29 kB | 7.4 kB | 32/185 kB                                        Downloading from central: https://repo.maven.apache.org/maven2/org/codehaus/modello/modello-plugin-prevayler/1.0-alpha-6/modello-plugin-prevayler-1.0-alpha-6.jar
Progress (3): 29 kB | 7.4 kB | 36/185 kBProgress (3): 29 kB | 7.4 kB | 40/185 kBProgress (3): 29 kB | 7.4 kB | 45/185 kBProgress (3): 29 kB | 7.4 kB | 49/185 kBProgress (3): 29 kB | 7.4 kB | 53/185 kBProgress (3): 29 kB | 7.4 kB | 57/185 kBProgress (3): 29 kB | 7.4 kB | 61/185 kBProgress (3): 29 kB | 7.4 kB | 65/185 kBProgress (3): 29 kB | 7.4 kB | 69/185 kBProgress (3): 29 kB | 7.4 kB | 73/185 kBProgress (3): 29 kB | 7.4 kB | 77/185 kBProgress (3): 29 kB | 7.4 kB | 81/185 kBProgress (3): 29 kB | 7.4 kB | 85/185 kBProgress (3): 29 kB | 7.4 kB | 90/185 kBProgress (3): 29 kB | 7.4 kB | 94/185 kBProgress (3): 29 kB | 7.4 kB | 98/185 kBProgress (3): 29 kB | 7.4 kB | 102/185 kBProgress (3): 29 kB | 7.4 kB | 106/185 kBProgress (3): 29 kB | 7.4 kB | 110/185 kBProgress (3): 29 kB | 7.4 kB | 114/185 kBProgress (3): 29 kB | 7.4 kB | 118/185 kBProgress (3): 29 kB | 7.4 kB | 122/185 kBProgress (3): 29 kB | 7.4 kB | 126/185 kBProgress (3): 29 kB | 7.4 kB | 131/185 kBProgress (3): 29 kB | 7.4 kB | 135/185 kBProgress (3): 29 kB | 7.4 kB | 139/185 kBProgress (3): 29 kB | 7.4 kB | 143/185 kBProgress (3): 29 kB | 7.4 kB | 147/185 kBProgress (3): 29 kB | 7.4 kB | 151/185 kBProgress (3): 29 kB | 7.4 kB | 155/185 kBProgress (3): 29 kB | 7.4 kB | 159/185 kBProgress (3): 29 kB | 7.4 kB | 163/185 kBProgress (3): 29 kB | 7.4 kB | 167/185 kBProgress (3): 29 kB | 7.4 kB | 171/185 kBProgress (3): 29 kB | 7.4 kB | 176/185 kBProgress (3): 29 kB | 7.4 kB | 180/185 kBProgress (3): 29 kB | 7.4 kB | 184/185 kBProgress (3): 29 kB | 7.4 kB | 185 kB    Progress (4): 29 kB | 7.4 kB | 185 kB | 4.1/20 kBProgress (4): 29 kB | 7.4 kB | 185 kB | 8.2/20 kBProgress (4): 29 kB | 7.4 kB | 185 kB | 12/20 kB Progress (4): 29 kB | 7.4 kB | 185 kB | 16/20 kBProgress (4): 29 kB | 7.4 kB | 185 kB | 20 kB   Progress (5): 29 kB | 7.4 kB | 185 kB | 20 kB | 4.1/6.8 kBProgress (5): 29 kB | 7.4 kB | 185 kB | 20 kB | 6.8 kB                                                          Downloaded from central: https://repo.maven.apache.org/maven2/org/apache/maven/maven-profile/2.0-beta-3/maven-profile-2.0-beta-3.jar (29 kB at 42 kB/s)
Downloading from central: https://repo.maven.apache.org/maven2/org/apache/maven/maven-project/2.0-beta-3/maven-project-2.0-beta-3.jar
Downloaded from central: https://repo.maven.apache.org/maven2/plexus/plexus-velocity/1.1/plexus-velocity-1.1.jar (7.4 kB at 11 kB/s)
Downloading from central: https://repo.maven.apache.org/maven2/org/codehaus/modello/modello-plugin-xdoc/1.0-alpha-6/modello-plugin-xdoc-1.0-alpha-6.jar
Downloaded from central: https://repo.maven.apache.org/maven2/org/apache/maven/maven-repository-metadata/2.0-beta-3/maven-repository-metadata-2.0-beta-3.jar (20 kB at 28 kB/s)
Downloading from central: https://repo.maven.apache.org/maven2/org/codehaus/modello/modello-plugin-jpox/1.0-alpha-6/modello-plugin-jpox-1.0-alpha-6.jar
Progress (3): 185 kB | 6.8 kB | 4.1/7.9 kBProgress (3): 185 kB | 6.8 kB | 7.9 kB    Progress (4): 185 kB | 6.8 kB | 7.9 kB | 4.1/101 kBProgress (4): 185 kB | 6.8 kB | 7.9 kB | 8.2/101 kBProgress (4): 185 kB | 6.8 kB | 7.9 kB | 12/101 kB Progress (4): 185 kB | 6.8 kB | 7.9 kB | 16/101 kB                                                  Downloaded from central: https://repo.maven.apache.org/maven2/plexus/plexus-container-default/1.0-alpha-4/plexus-container-default-1.0-alpha-4.jar (185 kB at 243 kB/s)
Downloading from central: https://repo.maven.apache.org/maven2/org/codehaus/modello/modello-plugin-store/1.0-alpha-6/modello-plugin-store-1.0-alpha-6.jar
Progress (3): 6.8 kB | 7.9 kB | 20/101 kBProgress (3): 6.8 kB | 7.9 kB | 24/101 kBProgress (3): 6.8 kB | 7.9 kB | 28/101 kBProgress (3): 6.8 kB | 7.9 kB | 32/101 kBProgress (3): 6.8 kB | 7.9 kB | 36/101 kBProgress (3): 6.8 kB | 7.9 kB | 40/101 kBProgress (3): 6.8 kB | 7.9 kB | 45/101 kBProgress (3): 6.8 kB | 7.9 kB | 49/101 kBProgress (3): 6.8 kB | 7.9 kB | 53/101 kBProgress (3): 6.8 kB | 7.9 kB | 57/101 kBProgress (3): 6.8 kB | 7.9 kB | 61/101 kBProgress (3): 6.8 kB | 7.9 kB | 65/101 kBProgress (3): 6.8 kB | 7.9 kB | 69/101 kBProgress (3): 6.8 kB | 7.9 kB | 73/101 kBProgress (3): 6.8 kB | 7.9 kB | 77/101 kBProgress (3): 6.8 kB | 7.9 kB | 81/101 kBProgress (3): 6.8 kB | 7.9 kB | 85/101 kBProgress (3): 6.8 kB | 7.9 kB | 90/101 kBProgress (3): 6.8 kB | 7.9 kB | 94/101 kBProgress (3): 6.8 kB | 7.9 kB | 98/101 kBProgress (3): 6.8 kB | 7.9 kB | 101 kB                                         Downloaded from central: https://repo.maven.apache.org/maven2/org/codehaus/modello/modello-plugin-prevayler/1.0-alpha-6/modello-plugin-prevayler-1.0-alpha-6.jar (6.8 kB at 8.4 kB/s)
Downloaded from central: https://repo.maven.apache.org/maven2/org/apache/maven/maven-project/2.0-beta-3/maven-project-2.0-beta-3.jar (101 kB at 120 kB/s)
Progress (2): 7.9 kB | 4.1/16 kBProgress (2): 7.9 kB | 8.2/16 kBProgress (2): 7.9 kB | 12/16 kB Progress (2): 7.9 kB | 16/16 kBProgress (2): 7.9 kB | 16 kB   Progress (3): 7.9 kB | 16 kB | 4.1/19 kBProgress (3): 7.9 kB | 16 kB | 8.2/19 kBProgress (3): 7.9 kB | 16 kB | 12/19 kB Progress (3): 7.9 kB | 16 kB | 16/19 kBProgress (3): 7.9 kB | 16 kB | 19 kB                                       Downloaded from central: https://repo.maven.apache.org/maven2/org/codehaus/modello/modello-plugin-xdoc/1.0-alpha-6/modello-plugin-xdoc-1.0-alpha-6.jar (7.9 kB at 8.6 kB/s)
Downloaded from central: https://repo.maven.apache.org/maven2/org/codehaus/modello/modello-plugin-jpox/1.0-alpha-6/modello-plugin-jpox-1.0-alpha-6.jar (19 kB at 19 kB/s)
Downloaded from central: https://repo.maven.apache.org/maven2/org/codehaus/modello/modello-plugin-store/1.0-alpha-6/modello-plugin-store-1.0-alpha-6.jar (16 kB at 17 kB/s)
[[1;34mINFO[m] outputDirectory: /home/user/Reproducibility-Scanner/benchmarks/bugs-dot-jar/maven/maven-model/target/generated-sources
[[1;34mINFO[m] 
[[1;34mINFO[m] [1m--- [0;32mmodello-maven-plugin:1.0-alpha-6:java[m [1m(default)[m @ [36mmaven-model[0;1m ---[m
[[1;34mINFO[m] outputDirectory: /home/user/Reproducibility-Scanner/benchmarks/bugs-dot-jar/maven/maven-model/target/generated-sources
[[1;34mINFO[m] 
[[1;34mINFO[m] [1m--- [0;32mmodello-maven-plugin:1.0-alpha-6:xpp3-reader[m [1m(default)[m @ [36mmaven-model[0;1m ---[m
[[1;34mINFO[m] outputDirectory: /home/user/Reproducibility-Scanner/benchmarks/bugs-dot-jar/maven/maven-model/target/generated-sources
[[1;34mINFO[m] 
[[1;34mINFO[m] [1m--- [0;32mmodello-maven-plugin:1.0-alpha-6:xsd[m [1m(default)[m @ [36mmaven-model[0;1m ---[m
[[1;34mINFO[m] outputDirectory: /home/user/Reproducibility-Scanner/benchmarks/bugs-dot-jar/maven/maven-model/target/generated-site/xsd
[[1;34mINFO[m] 
[[1;34mINFO[m] [1m--- [0;32mmaven-resources-plugin:2.6:resources[m [1m(default-resources)[m @ [36mmaven-model[0;1m ---[m
[[1;33mWARNING[m] Using platform encoding (UTF-8 actually) to copy filtered resources, i.e. build is platform dependent!
[[1;34mINFO[m] skip non existing resourceDirectory /home/user/Reproducibility-Scanner/benchmarks/bugs-dot-jar/maven/maven-model/src/main/resources
[[1;34mINFO[m] 
[[1;34mINFO[m] [1m--- [0;32mmaven-compiler-plugin:3.1:compile[m [1m(default-compile)[m @ [36mmaven-model[0;1m ---[m
[[1;34mINFO[m] Changes detected - recompiling the module!
[[1;33mWARNING[m] File encoding has not been set, using platform encoding UTF-8, i.e. build is platform dependent!
[[1;34mINFO[m] Compiling 45 source files to /home/user/Reproducibility-Scanner/benchmarks/bugs-dot-jar/maven/maven-model/target/classes
[[1;33mWARNING[m] /home/user/Reproducibility-Scanner/benchmarks/bugs-dot-jar/maven/maven-model/target/generated-sources/org/apache/maven/model/PatternSet.java: Some input files use unchecked or unsafe operations.
[[1;33mWARNING[m] /home/user/Reproducibility-Scanner/benchmarks/bugs-dot-jar/maven/maven-model/target/generated-sources/org/apache/maven/model/PatternSet.java: Recompile with -Xlint:unchecked for details.
[[1;34mINFO[m] 
[[1;34mINFO[m] [1m--- [0;32mmaven-resources-plugin:2.6:testResources[m [1m(default-testResources)[m @ [36mmaven-model[0;1m ---[m
[[1;33mWARNING[m] Using platform encoding (UTF-8 actually) to copy filtered resources, i.e. build is platform dependent!
[[1;34mINFO[m] skip non existing resourceDirectory /home/user/Reproducibility-Scanner/benchmarks/bugs-dot-jar/maven/maven-model/src/test/resources
[[1;34mINFO[m] 
[[1;34mINFO[m] [1m--- [0;32mmaven-compiler-plugin:3.1:testCompile[m [1m(default-testCompile)[m @ [36mmaven-model[0;1m ---[m
[[1;34mINFO[m] No sources to compile
[[1;34mINFO[m] 
[[1;34mINFO[m] [1m--- [0;32mmaven-surefire-plugin:2.12.4:test[m [1m(default-test)[m @ [36mmaven-model[0;1m ---[m
[[1;34mINFO[m] Tests are skipped.
[[1;34mINFO[m] 
[[1;34mINFO[m] [1m--- [0;32mmaven-jar-plugin:2.4:jar[m [1m(default-jar)[m @ [36mmaven-model[0;1m ---[m
[[1;34mINFO[m] Building jar: /home/user/Reproducibility-Scanner/benchmarks/bugs-dot-jar/maven/maven-model/target/maven-model-2.0.1-SNAPSHOT.jar
[[1;34mINFO[m] 
[[1;34mINFO[m] [1m--- [0;32mmaven-install-plugin:2.4:install[m [1m(default-install)[m @ [36mmaven-model[0;1m ---[m
[[1;34mINFO[m] Installing /home/user/Reproducibility-Scanner/benchmarks/bugs-dot-jar/maven/maven-model/target/maven-model-2.0.1-SNAPSHOT.jar to /home/user/.m2/repository/org/apache/maven/maven-model/2.0.1-SNAPSHOT/maven-model-2.0.1-SNAPSHOT.jar
[[1;34mINFO[m] Installing /home/user/Reproducibility-Scanner/benchmarks/bugs-dot-jar/maven/maven-model/pom.xml to /home/user/.m2/repository/org/apache/maven/maven-model/2.0.1-SNAPSHOT/maven-model-2.0.1-SNAPSHOT.pom
[[1;34mINFO[m] 
[[1;34mINFO[m] [1m------------------< [0;36morg.apache.maven:maven-settings[0;1m >-------------------[m
[[1;34mINFO[m] [1mBuilding Maven Local Settings Model 2.0.1-SNAPSHOT                [3/28][m
[[1;34mINFO[m] [1m--------------------------------[ jar ]---------------------------------[m
[[1;34mINFO[m] 
[[1;34mINFO[m] [1m--- [0;32mmodello-maven-plugin:1.0-alpha-6:xpp3-writer[m [1m(default)[m @ [36mmaven-settings[0;1m ---[m
[[1;34mINFO[m] outputDirectory: /home/user/Reproducibility-Scanner/benchmarks/bugs-dot-jar/maven/maven-settings/target/generated-sources
[[1;34mINFO[m] 
[[1;34mINFO[m] [1m--- [0;32mmodello-maven-plugin:1.0-alpha-6:java[m [1m(default)[m @ [36mmaven-settings[0;1m ---[m
[[1;34mINFO[m] outputDirectory: /home/user/Reproducibility-Scanner/benchmarks/bugs-dot-jar/maven/maven-settings/target/generated-sources
[[1;34mINFO[m] 
[[1;34mINFO[m] [1m--- [0;32mmodello-maven-plugin:1.0-alpha-6:xpp3-reader[m [1m(default)[m @ [36mmaven-settings[0;1m ---[m
[[1;34mINFO[m] outputDirectory: /home/user/Reproducibility-Scanner/benchmarks/bugs-dot-jar/maven/maven-settings/target/generated-sources
[[1;34mINFO[m] 
[[1;34mINFO[m] [1m--- [0;32mmaven-resources-plugin:2.6:resources[m [1m(default-resources)[m @ [36mmaven-settings[0;1m ---[m
[[1;33mWARNING[m] Using platform encoding (UTF-8 actually) to copy filtered resources, i.e. build is platform dependent!
[[1;34mINFO[m] Copying 1 resource
[[1;34mINFO[m] 
[[1;34mINFO[m] [1m--- [0;32mmaven-compiler-plugin:3.1:compile[m [1m(default-compile)[m @ [36mmaven-settings[0;1m ---[m
[[1;34mINFO[m] Changes detected - recompiling the module!
[[1;33mWARNING[m] File encoding has not been set, using platform encoding UTF-8, i.e. build is platform dependent!
[[1;34mINFO[m] Compiling 20 source files to /home/user/Reproducibility-Scanner/benchmarks/bugs-dot-jar/maven/maven-settings/target/classes
[[1;33mWARNING[m] /home/user/Reproducibility-Scanner/benchmarks/bugs-dot-jar/maven/maven-settings/target/generated-sources/org/apache/maven/settings/Profile.java: Some input files use unchecked or unsafe operations.
[[1;33mWARNING[m] /home/user/Reproducibility-Scanner/benchmarks/bugs-dot-jar/maven/maven-settings/target/generated-sources/org/apache/maven/settings/Profile.java: Recompile with -Xlint:unchecked for details.
[[1;34mINFO[m] 
[[1;34mINFO[m] [1m--- [0;32mmaven-resources-plugin:2.6:testResources[m [1m(default-testResources)[m @ [36mmaven-settings[0;1m ---[m
[[1;33mWARNING[m] Using platform encoding (UTF-8 actually) to copy filtered resources, i.e. build is platform dependent!
[[1;34mINFO[m] skip non existing resourceDirectory /home/user/Reproducibility-Scanner/benchmarks/bugs-dot-jar/maven/maven-settings/src/test/resources
[[1;34mINFO[m] 
[[1;34mINFO[m] [1m--- [0;32mmaven-compiler-plugin:3.1:testCompile[m [1m(default-testCompile)[m @ [36mmaven-settings[0;1m ---[m
[[1;34mINFO[m] Changes detected - recompiling the module!
[[1;33mWARNING[m] File encoding has not been set, using platform encoding UTF-8, i.e. build is platform dependent!
[[1;34mINFO[m] Compiling 1 source file to /home/user/Reproducibility-Scanner/benchmarks/bugs-dot-jar/maven/maven-settings/target/test-classes
[[1;34mINFO[m] 
[[1;34mINFO[m] [1m--- [0;32mmaven-surefire-plugin:2.12.4:test[m [1m(default-test)[m @ [36mmaven-settings[0;1m ---[m
[[1;34mINFO[m] Tests are skipped.
[[1;34mINFO[m] 
[[1;34mINFO[m] [1m--- [0;32mmaven-jar-plugin:2.4:jar[m [1m(default-jar)[m @ [36mmaven-settings[0;1m ---[m
[[1;34mINFO[m] Building jar: /home/user/Reproducibility-Scanner/benchmarks/bugs-dot-jar/maven/maven-settings/target/maven-settings-2.0.1-SNAPSHOT.jar
[[1;34mINFO[m] 
[[1;34mINFO[m] [1m--- [0;32mmaven-install-plugin:2.4:install[m [1m(default-install)[m @ [36mmaven-settings[0;1m ---[m
[[1;34mINFO[m] Installing /home/user/Reproducibility-Scanner/benchmarks/bugs-dot-jar/maven/maven-settings/target/maven-settings-2.0.1-SNAPSHOT.jar to /home/user/.m2/repository/org/apache/maven/maven-settings/2.0.1-SNAPSHOT/maven-settings-2.0.1-SNAPSHOT.jar
[[1;34mINFO[m] Installing /home/user/Reproducibility-Scanner/benchmarks/bugs-dot-jar/maven/maven-settings/pom.xml to /home/user/.m2/repository/org/apache/maven/maven-settings/2.0.1-SNAPSHOT/maven-settings-2.0.1-SNAPSHOT.pom
[[1;34mINFO[m] 
[[1;34mINFO[m] [1m-------------< [0;36morg.apache.maven:maven-repository-metadata[0;1m >-------------[m
[[1;34mINFO[m] [1mBuilding Maven Repository Metadata Model 2.0.1-SNAPSHOT           [4/28][m
[[1;34mINFO[m] [1m--------------------------------[ jar ]---------------------------------[m
[[1;34mINFO[m] 
[[1;34mINFO[m] [1m--- [0;32mmodello-maven-plugin:1.0-alpha-6:xpp3-writer[m [1m(default)[m @ [36mmaven-repository-metadata[0;1m ---[m
[[1;34mINFO[m] outputDirectory: /home/user/Reproducibility-Scanner/benchmarks/bugs-dot-jar/maven/maven-repository-metadata/target/generated-sources
[[1;34mINFO[m] 
[[1;34mINFO[m] [1m--- [0;32mmodello-maven-plugin:1.0-alpha-6:java[m [1m(default)[m @ [36mmaven-repository-metadata[0;1m ---[m
[[1;34mINFO[m] outputDirectory: /home/user/Reproducibility-Scanner/benchmarks/bugs-dot-jar/maven/maven-repository-metadata/target/generated-sources
[[1;34mINFO[m] 
[[1;34mINFO[m] [1m--- [0;32mmodello-maven-plugin:1.0-alpha-6:xpp3-reader[m [1m(default)[m @ [36mmaven-repository-metadata[0;1m ---[m
[[1;34mINFO[m] outputDirectory: /home/user/Reproducibility-Scanner/benchmarks/bugs-dot-jar/maven/maven-repository-metadata/target/generated-sources
[[1;34mINFO[m] 
[[1;34mINFO[m] [1m--- [0;32mmodello-maven-plugin:1.0-alpha-6:xsd[m [1m(default)[m @ [36mmaven-repository-metadata[0;1m ---[m
[[1;34mINFO[m] outputDirectory: /home/user/Reproducibility-Scanner/benchmarks/bugs-dot-jar/maven/maven-repository-metadata/target/generated-site/xsd
[[1;34mINFO[m] 
[[1;34mINFO[m] [1m--- [0;32mmaven-resources-plugin:2.6:resources[m [1m(default-resources)[m @ [36mmaven-repository-metadata[0;1m ---[m
[[1;33mWARNING[m] Using platform encoding (UTF-8 actually) to copy filtered resources, i.e. build is platform dependent!
[[1;34mINFO[m] skip non existing resourceDirectory /home/user/Reproducibility-Scanner/benchmarks/bugs-dot-jar/maven/maven-repository-metadata/src/main/resources
[[1;34mINFO[m] 
[[1;34mINFO[m] [1m--- [0;32mmaven-compiler-plugin:3.1:compile[m [1m(default-compile)[m @ [36mmaven-repository-metadata[0;1m ---[m
[[1;34mINFO[m] Changes detected - recompiling the module!
[[1;33mWARNING[m] File encoding has not been set, using platform encoding UTF-8, i.e. build is platform dependent!
[[1;34mINFO[m] Compiling 6 source files to /home/user/Reproducibility-Scanner/benchmarks/bugs-dot-jar/maven/maven-repository-metadata/target/classes
[[1;33mWARNING[m] /home/user/Reproducibility-Scanner/benchmarks/bugs-dot-jar/maven/maven-repository-metadata/target/generated-sources/org/apache/maven/artifact/repository/metadata/Metadata.java: Some input files use unchecked or unsafe operations.
[[1;33mWARNING[m] /home/user/Reproducibility-Scanner/benchmarks/bugs-dot-jar/maven/maven-repository-metadata/target/generated-sources/org/apache/maven/artifact/repository/metadata/Metadata.java: Recompile with -Xlint:unchecked for details.
[[1;34mINFO[m] 
[[1;34mINFO[m] [1m--- [0;32mmaven-resources-plugin:2.6:testResources[m [1m(default-testResources)[m @ [36mmaven-repository-metadata[0;1m ---[m
[[1;33mWARNING[m] Using platform encoding (UTF-8 actually) to copy filtered resources, i.e. build is platform dependent!
[[1;34mINFO[m] skip non existing resourceDirectory /home/user/Reproducibility-Scanner/benchmarks/bugs-dot-jar/maven/maven-repository-metadata/src/test/resources
[[1;34mINFO[m] 
[[1;34mINFO[m] [1m--- [0;32mmaven-compiler-plugin:3.1:testCompile[m [1m(default-testCompile)[m @ [36mmaven-repository-metadata[0;1m ---[m
[[1;34mINFO[m] No sources to compile
[[1;34mINFO[m] 
[[1;34mINFO[m] [1m--- [0;32mmaven-surefire-plugin:2.12.4:test[m [1m(default-test)[m @ [36mmaven-repository-metadata[0;1m ---[m
[[1;34mINFO[m] Tests are skipped.
[[1;34mINFO[m] 
[[1;34mINFO[m] [1m--- [0;32mmaven-jar-plugin:2.4:jar[m [1m(default-jar)[m @ [36mmaven-repository-metadata[0;1m ---[m
[[1;34mINFO[m] Building jar: /home/user/Reproducibility-Scanner/benchmarks/bugs-dot-jar/maven/maven-repository-metadata/target/maven-repository-metadata-2.0.1-SNAPSHOT.jar
[[1;34mINFO[m] 
[[1;34mINFO[m] [1m--- [0;32mmaven-install-plugin:2.4:install[m [1m(default-install)[m @ [36mmaven-repository-metadata[0;1m ---[m
[[1;34mINFO[m] Installing /home/user/Reproducibility-Scanner/benchmarks/bugs-dot-jar/maven/maven-repository-metadata/target/maven-repository-metadata-2.0.1-SNAPSHOT.jar to /home/user/.m2/repository/org/apache/maven/maven-repository-metadata/2.0.1-SNAPSHOT/maven-repository-metadata-2.0.1-SNAPSHOT.jar
[[1;34mINFO[m] Installing /home/user/Reproducibility-Scanner/benchmarks/bugs-dot-jar/maven/maven-repository-metadata/pom.xml to /home/user/.m2/repository/org/apache/maven/maven-repository-metadata/2.0.1-SNAPSHOT/maven-repository-metadata-2.0.1-SNAPSHOT.pom
[[1;34mINFO[m] 
[[1;34mINFO[m] [1m------------------< [0;36morg.apache.maven:maven-artifact[0;1m >-------------------[m
[[1;34mINFO[m] [1mBuilding Maven Artifact 2.0.1-SNAPSHOT                            [5/28][m
[[1;34mINFO[m] [1m--------------------------------[ jar ]---------------------------------[m
[[1;34mINFO[m] 
[[1;34mINFO[m] [1m--- [0;32mmaven-resources-plugin:2.6:resources[m [1m(default-resources)[m @ [36mmaven-artifact[0;1m ---[m
[[1;33mWARNING[m] Using platform encoding (UTF-8 actually) to copy filtered resources, i.e. build is platform dependent!
[[1;34mINFO[m] Copying 1 resource
[[1;34mINFO[m] 
[[1;34mINFO[m] [1m--- [0;32mmaven-compiler-plugin:3.1:compile[m [1m(default-compile)[m @ [36mmaven-artifact[0;1m ---[m
[[1;34mINFO[m] Changes detected - recompiling the module!
[[1;33mWARNING[m] File encoding has not been set, using platform encoding UTF-8, i.e. build is platform dependent!
[[1;34mINFO[m] Compiling 61 source files to /home/user/Reproducibility-Scanner/benchmarks/bugs-dot-jar/maven/maven-artifact/target/classes
[[1;33mWARNING[m] /home/user/Reproducibility-Scanner/benchmarks/bugs-dot-jar/maven/maven-artifact/src/main/java/org/apache/maven/artifact/resolver/AbstractArtifactResolutionException.java: Some input files use unchecked or unsafe operations.
[[1;33mWARNING[m] /home/user/Reproducibility-Scanner/benchmarks/bugs-dot-jar/maven/maven-artifact/src/main/java/org/apache/maven/artifact/resolver/AbstractArtifactResolutionException.java: Recompile with -Xlint:unchecked for details.
[[1;34mINFO[m] 
[[1;34mINFO[m] [1m--- [0;32mmaven-resources-plugin:2.6:testResources[m [1m(default-testResources)[m @ [36mmaven-artifact[0;1m ---[m
[[1;33mWARNING[m] Using platform encoding (UTF-8 actually) to copy filtered resources, i.e. build is platform dependent!
[[1;34mINFO[m] skip non existing resourceDirectory /home/user/Reproducibility-Scanner/benchmarks/bugs-dot-jar/maven/maven-artifact/src/test/resources
[[1;34mINFO[m] 
[[1;34mINFO[m] [1m--- [0;32mmaven-compiler-plugin:3.1:testCompile[m [1m(default-testCompile)[m @ [36mmaven-artifact[0;1m ---[m
[[1;34mINFO[m] Changes detected - recompiling the module!
[[1;33mWARNING[m] File encoding has not been set, using platform encoding UTF-8, i.e. build is platform dependent!
[[1;34mINFO[m] Compiling 4 source files to /home/user/Reproducibility-Scanner/benchmarks/bugs-dot-jar/maven/maven-artifact/target/test-classes
[[1;33mWARNING[m] /home/user/Reproducibility-Scanner/benchmarks/bugs-dot-jar/maven/maven-artifact/src/test/java/org/apache/maven/artifact/resolver/DefaultArtifactCollectorTest.java: /home/user/Reproducibility-Scanner/benchmarks/bugs-dot-jar/maven/maven-artifact/src/test/java/org/apache/maven/artifact/resolver/DefaultArtifactCollectorTest.java uses unchecked or unsafe operations.
[[1;33mWARNING[m] /home/user/Reproducibility-Scanner/benchmarks/bugs-dot-jar/maven/maven-artifact/src/test/java/org/apache/maven/artifact/resolver/DefaultArtifactCollectorTest.java: Recompile with -Xlint:unchecked for details.
[[1;34mINFO[m] 
[[1;34mINFO[m] [1m--- [0;32mmaven-surefire-plugin:2.12.4:test[m [1m(default-test)[m @ [36mmaven-artifact[0;1m ---[m
[[1;34mINFO[m] Tests are skipped.
[[1;34mINFO[m] 
[[1;34mINFO[m] [1m--- [0;32mmaven-jar-plugin:2.4:jar[m [1m(default-jar)[m @ [36mmaven-artifact[0;1m ---[m
[[1;34mINFO[m] Building jar: /home/user/Reproducibility-Scanner/benchmarks/bugs-dot-jar/maven/maven-artifact/target/maven-artifact-2.0.1-SNAPSHOT.jar
[[1;34mINFO[m] 
[[1;34mINFO[m] [1m--- [0;32mmaven-install-plugin:2.4:install[m [1m(default-install)[m @ [36mmaven-artifact[0;1m ---[m
[[1;34mINFO[m] Installing /home/user/Reproducibility-Scanner/benchmarks/bugs-dot-jar/maven/maven-artifact/target/maven-artifact-2.0.1-SNAPSHOT.jar to /home/user/.m2/repository/org/apache/maven/maven-artifact/2.0.1-SNAPSHOT/maven-artifact-2.0.1-SNAPSHOT.jar
[[1;34mINFO[m] Installing /home/user/Reproducibility-Scanner/benchmarks/bugs-dot-jar/maven/maven-artifact/pom.xml to /home/user/.m2/repository/org/apache/maven/maven-artifact/2.0.1-SNAPSHOT/maven-artifact-2.0.1-SNAPSHOT.pom
[[1;34mINFO[m] 
[[1;34mINFO[m] [1m--------------< [0;36morg.apache.maven:maven-artifact-manager[0;1m >---------------[m
[[1;34mINFO[m] [1mBuilding Maven Artifact Manager 2.0.1-SNAPSHOT                    [6/28][m
[[1;34mINFO[m] [1m--------------------------------[ jar ]---------------------------------[m
Downloading from central: https://repo.maven.apache.org/maven2/org/apache/maven/wagon/wagon-file/1.0-alpha-5/wagon-file-1.0-alpha-5.pom
Progress (1): 4.1/5.4 kBProgress (1): 5.4 kB                        Downloaded from central: https://repo.maven.apache.org/maven2/org/apache/maven/wagon/wagon-file/1.0-alpha-5/wagon-file-1.0-alpha-5.pom (5.4 kB at 358 kB/s)
Downloading from central: https://repo.maven.apache.org/maven2/org/apache/maven/wagon/wagon-file/1.0-alpha-5/wagon-file-1.0-alpha-5.jar
Progress (1): 4.1/5.9 kBProgress (1): 5.9 kB                        Downloaded from central: https://repo.maven.apache.org/maven2/org/apache/maven/wagon/wagon-file/1.0-alpha-5/wagon-file-1.0-alpha-5.jar (5.9 kB at 488 kB/s)
[[1;34mINFO[m] 
[[1;34mINFO[m] [1m--- [0;32mmaven-resources-plugin:2.6:resources[m [1m(default-resources)[m @ [36mmaven-artifact-manager[0;1m ---[m
[[1;33mWARNING[m] Using platform encoding (UTF-8 actually) to copy filtered resources, i.e. build is platform dependent!
[[1;34mINFO[m] Copying 1 resource
[[1;34mINFO[m] 
[[1;34mINFO[m] [1m--- [0;32mmaven-compiler-plugin:3.1:compile[m [1m(default-compile)[m @ [36mmaven-artifact-manager[0;1m ---[m
[[1;34mINFO[m] Changes detected - recompiling the module!
[[1;33mWARNING[m] File encoding has not been set, using platform encoding UTF-8, i.e. build is platform dependent!
[[1;34mINFO[m] Compiling 23 source files to /home/user/Reproducibility-Scanner/benchmarks/bugs-dot-jar/maven/maven-artifact-manager/target/classes
[[1;33mWARNING[m] /home/user/Reproducibility-Scanner/benchmarks/bugs-dot-jar/maven/maven-artifact-manager/src/main/java/org/apache/maven/artifact/manager/DefaultWagonManager.java: Some input files use unchecked or unsafe operations.
[[1;33mWARNING[m] /home/user/Reproducibility-Scanner/benchmarks/bugs-dot-jar/maven/maven-artifact-manager/src/main/java/org/apache/maven/artifact/manager/DefaultWagonManager.java: Recompile with -Xlint:unchecked for details.
[[1;34mINFO[m] 
[[1;34mINFO[m] [1m--- [0;32mmaven-resources-plugin:2.6:testResources[m [1m(default-testResources)[m @ [36mmaven-artifact-manager[0;1m ---[m
[[1;33mWARNING[m] Using platform encoding (UTF-8 actually) to copy filtered resources, i.e. build is platform dependent!
[[1;34mINFO[m] Copying 6 resources
[[1;34mINFO[m] 
[[1;34mINFO[m] [1m--- [0;32mmaven-compiler-plugin:3.1:testCompile[m [1m(default-testCompile)[m @ [36mmaven-artifact-manager[0;1m ---[m
[[1;34mINFO[m] Changes detected - recompiling the module!
[[1;33mWARNING[m] File encoding has not been set, using platform encoding UTF-8, i.e. build is platform dependent!
[[1;34mINFO[m] Compiling 8 source files to /home/user/Reproducibility-Scanner/benchmarks/bugs-dot-jar/maven/maven-artifact-manager/target/test-classes
[[1;33mWARNING[m] /home/user/Reproducibility-Scanner/benchmarks/bugs-dot-jar/maven/maven-artifact-manager/src/test/java/org/apache/maven/artifact/AbstractArtifactComponentTestCase.java: Some input files use unchecked or unsafe operations.
[[1;33mWARNING[m] /home/user/Reproducibility-Scanner/benchmarks/bugs-dot-jar/maven/maven-artifact-manager/src/test/java/org/apache/maven/artifact/AbstractArtifactComponentTestCase.java: Recompile with -Xlint:unchecked for details.
[[1;34mINFO[m] 
[[1;34mINFO[m] [1m--- [0;32mmaven-surefire-plugin:2.12.4:test[m [1m(default-test)[m @ [36mmaven-artifact-manager[0;1m ---[m
[[1;34mINFO[m] Tests are skipped.
[[1;34mINFO[m] 
[[1;34mINFO[m] [1m--- [0;32mmaven-jar-plugin:2.4:jar[m [1m(default-jar)[m @ [36mmaven-artifact-manager[0;1m ---[m
[[1;34mINFO[m] Building jar: /home/user/Reproducibility-Scanner/benchmarks/bugs-dot-jar/maven/maven-artifact-manager/target/maven-artifact-manager-2.0.1-SNAPSHOT.jar
[[1;34mINFO[m] 
[[1;34mINFO[m] [1m--- [0;32mmaven-install-plugin:2.4:install[m [1m(default-install)[m @ [36mmaven-artifact-manager[0;1m ---[m
[[1;34mINFO[m] Installing /home/user/Reproducibility-Scanner/benchmarks/bugs-dot-jar/maven/maven-artifact-manager/target/maven-artifact-manager-2.0.1-SNAPSHOT.jar to /home/user/.m2/repository/org/apache/maven/maven-artifact-manager/2.0.1-SNAPSHOT/maven-artifact-manager-2.0.1-SNAPSHOT.jar
[[1;34mINFO[m] Installing /home/user/Reproducibility-Scanner/benchmarks/bugs-dot-jar/maven/maven-artifact-manager/pom.xml to /home/user/.m2/repository/org/apache/maven/maven-artifact-manager/2.0.1-SNAPSHOT/maven-artifact-manager-2.0.1-SNAPSHOT.pom
[[1;34mINFO[m] 
[[1;34mINFO[m] [1m----------------< [0;36morg.apache.maven:maven-artifact-test[0;1m >----------------[m
[[1;34mINFO[m] [1mBuilding Maven Artifact Test Helper Library 2.0.1-SNAPSHOT        [7/28][m
[[1;34mINFO[m] [1m--------------------------------[ jar ]---------------------------------[m
[[1;34mINFO[m] 
[[1;34mINFO[m] [1m--- [0;32mmaven-resources-plugin:2.6:resources[m [1m(default-resources)[m @ [36mmaven-artifact-test[0;1m ---[m
[[1;33mWARNING[m] Using platform encoding (UTF-8 actually) to copy filtered resources, i.e. build is platform dependent!
[[1;34mINFO[m] skip non existing resourceDirectory /home/user/Reproducibility-Scanner/benchmarks/bugs-dot-jar/maven/maven-artifact-test/src/main/resources
[[1;34mINFO[m] 
[[1;34mINFO[m] [1m--- [0;32mmaven-compiler-plugin:3.1:compile[m [1m(default-compile)[m @ [36mmaven-artifact-test[0;1m ---[m
[[1;34mINFO[m] Changes detected - recompiling the module!
[[1;33mWARNING[m] File encoding has not been set, using platform encoding UTF-8, i.e. build is platform dependent!
[[1;34mINFO[m] Compiling 1 source file to /home/user/Reproducibility-Scanner/benchmarks/bugs-dot-jar/maven/maven-artifact-test/target/classes
[[1;34mINFO[m] 
[[1;34mINFO[m] [1m--- [0;32mmaven-resources-plugin:2.6:testResources[m [1m(default-testResources)[m @ [36mmaven-artifact-test[0;1m ---[m
[[1;33mWARNING[m] Using platform encoding (UTF-8 actually) to copy filtered resources, i.e. build is platform dependent!
[[1;34mINFO[m] skip non existing resourceDirectory /home/user/Reproducibility-Scanner/benchmarks/bugs-dot-jar/maven/maven-artifact-test/src/test/resources
[[1;34mINFO[m] 
[[1;34mINFO[m] [1m--- [0;32mmaven-compiler-plugin:3.1:testCompile[m [1m(default-testCompile)[m @ [36mmaven-artifact-test[0;1m ---[m
[[1;34mINFO[m] No sources to compile
[[1;34mINFO[m] 
[[1;34mINFO[m] [1m--- [0;32mmaven-surefire-plugin:2.12.4:test[m [1m(default-test)[m @ [36mmaven-artifact-test[0;1m ---[m
[[1;34mINFO[m] Tests are skipped.
[[1;34mINFO[m] 
[[1;34mINFO[m] [1m--- [0;32mmaven-jar-plugin:2.4:jar[m [1m(default-jar)[m @ [36mmaven-artifact-test[0;1m ---[m
[[1;34mINFO[m] Building jar: /home/user/Reproducibility-Scanner/benchmarks/bugs-dot-jar/maven/maven-artifact-test/target/maven-artifact-test-2.0.1-SNAPSHOT.jar
[[1;34mINFO[m] 
[[1;34mINFO[m] [1m--- [0;32mmaven-install-plugin:2.4:install[m [1m(default-install)[m @ [36mmaven-artifact-test[0;1m ---[m
[[1;34mINFO[m] Installing /home/user/Reproducibility-Scanner/benchmarks/bugs-dot-jar/maven/maven-artifact-test/target/maven-artifact-test-2.0.1-SNAPSHOT.jar to /home/user/.m2/repository/org/apache/maven/maven-artifact-test/2.0.1-SNAPSHOT/maven-artifact-test-2.0.1-SNAPSHOT.jar
[[1;34mINFO[m] Installing /home/user/Reproducibility-Scanner/benchmarks/bugs-dot-jar/maven/maven-artifact-test/pom.xml to /home/user/.m2/repository/org/apache/maven/maven-artifact-test/2.0.1-SNAPSHOT/maven-artifact-test-2.0.1-SNAPSHOT.pom
[[1;34mINFO[m] 
[[1;34mINFO[m] [1m-------------------< [0;36morg.apache.maven:maven-profile[0;1m >-------------------[m
[[1;34mINFO[m] [1mBuilding Maven Profile Model 2.0.1-SNAPSHOT                       [8/28][m
[[1;34mINFO[m] [1m--------------------------------[ jar ]---------------------------------[m
[[1;34mINFO[m] 
[[1;34mINFO[m] [1m--- [0;32mmodello-maven-plugin:1.0-alpha-6:xpp3-writer[m [1m(default)[m @ [36mmaven-profile[0;1m ---[m
[[1;34mINFO[m] outputDirectory: /home/user/Reproducibility-Scanner/benchmarks/bugs-dot-jar/maven/maven-profile/target/generated-sources
[[1;34mINFO[m] 
[[1;34mINFO[m] [1m--- [0;32mmodello-maven-plugin:1.0-alpha-6:java[m [1m(default)[m @ [36mmaven-profile[0;1m ---[m
[[1;34mINFO[m] outputDirectory: /home/user/Reproducibility-Scanner/benchmarks/bugs-dot-jar/maven/maven-profile/target/generated-sources
[[1;34mINFO[m] 
[[1;34mINFO[m] [1m--- [0;32mmodello-maven-plugin:1.0-alpha-6:xpp3-reader[m [1m(default)[m @ [36mmaven-profile[0;1m ---[m
[[1;34mINFO[m] outputDirectory: /home/user/Reproducibility-Scanner/benchmarks/bugs-dot-jar/maven/maven-profile/target/generated-sources
[[1;34mINFO[m] 
[[1;34mINFO[m] [1m--- [0;32mmaven-resources-plugin:2.6:resources[m [1m(default-resources)[m @ [36mmaven-profile[0;1m ---[m
[[1;33mWARNING[m] Using platform encoding (UTF-8 actually) to copy filtered resources, i.e. build is platform dependent!
[[1;34mINFO[m] Copying 1 resource
[[1;34mINFO[m] 
[[1;34mINFO[m] [1m--- [0;32mmaven-compiler-plugin:3.1:compile[m [1m(default-compile)[m @ [36mmaven-profile[0;1m ---[m
[[1;34mINFO[m] Changes detected - recompiling the module!
[[1;33mWARNING[m] File encoding has not been set, using platform encoding UTF-8, i.e. build is platform dependent!
[[1;34mINFO[m] Compiling 15 source files to /home/user/Reproducibility-Scanner/benchmarks/bugs-dot-jar/maven/maven-profile/target/classes
[[1;33mWARNING[m] /home/user/Reproducibility-Scanner/benchmarks/bugs-dot-jar/maven/maven-profile/target/generated-sources/org/apache/maven/profiles/Profile.java: Some input files use unchecked or unsafe operations.
[[1;33mWARNING[m] /home/user/Reproducibility-Scanner/benchmarks/bugs-dot-jar/maven/maven-profile/target/generated-sources/org/apache/maven/profiles/Profile.java: Recompile with -Xlint:unchecked for details.
[[1;34mINFO[m] 
[[1;34mINFO[m] [1m--- [0;32mmaven-resources-plugin:2.6:testResources[m [1m(default-testResources)[m @ [36mmaven-profile[0;1m ---[m
[[1;33mWARNING[m] Using platform encoding (UTF-8 actually) to copy filtered resources, i.e. build is platform dependent!
[[1;34mINFO[m] skip non existing resourceDirectory /home/user/Reproducibility-Scanner/benchmarks/bugs-dot-jar/maven/maven-profile/src/test/resources
[[1;34mINFO[m] 
[[1;34mINFO[m] [1m--- [0;32mmaven-compiler-plugin:3.1:testCompile[m [1m(default-testCompile)[m @ [36mmaven-profile[0;1m ---[m
[[1;34mINFO[m] No sources to compile
[[1;34mINFO[m] 
[[1;34mINFO[m] [1m--- [0;32mmaven-surefire-plugin:2.12.4:test[m [1m(default-test)[m @ [36mmaven-profile[0;1m ---[m
[[1;34mINFO[m] Tests are skipped.
[[1;34mINFO[m] 
[[1;34mINFO[m] [1m--- [0;32mmaven-jar-plugin:2.4:jar[m [1m(default-jar)[m @ [36mmaven-profile[0;1m ---[m
[[1;34mINFO[m] Building jar: /home/user/Reproducibility-Scanner/benchmarks/bugs-dot-jar/maven/maven-profile/target/maven-profile-2.0.1-SNAPSHOT.jar
[[1;34mINFO[m] 
[[1;34mINFO[m] [1m--- [0;32mmaven-install-plugin:2.4:install[m [1m(default-install)[m @ [36mmaven-profile[0;1m ---[m
[[1;34mINFO[m] Installing /home/user/Reproducibility-Scanner/benchmarks/bugs-dot-jar/maven/maven-profile/target/maven-profile-2.0.1-SNAPSHOT.jar to /home/user/.m2/repository/org/apache/maven/maven-profile/2.0.1-SNAPSHOT/maven-profile-2.0.1-SNAPSHOT.jar
[[1;34mINFO[m] Installing /home/user/Reproducibility-Scanner/benchmarks/bugs-dot-jar/maven/maven-profile/pom.xml to /home/user/.m2/repository/org/apache/maven/maven-profile/2.0.1-SNAPSHOT/maven-profile-2.0.1-SNAPSHOT.pom
[[1;34mINFO[m] 
[[1;34mINFO[m] [1m-------------------< [0;36morg.apache.maven:maven-project[0;1m >-------------------[m
[[1;34mINFO[m] [1mBuilding Maven Project Builder 2.0.1-SNAPSHOT                     [9/28][m
[[1;34mINFO[m] [1m--------------------------------[ jar ]---------------------------------[m
[[1;34mINFO[m] 
[[1;34mINFO[m] [1m--- [0;32mmaven-resources-plugin:2.6:resources[m [1m(default-resources)[m @ [36mmaven-project[0;1m ---[m
[[1;33mWARNING[m] Using platform encoding (UTF-8 actually) to copy filtered resources, i.e. build is platform dependent!
[[1;34mINFO[m] Copying 2 resources
[[1;34mINFO[m] 
[[1;34mINFO[m] [1m--- [0;32mmaven-compiler-plugin:3.1:compile[m [1m(default-compile)[m @ [36mmaven-project[0;1m ---[m
[[1;34mINFO[m] Changes detected - recompiling the module!
[[1;33mWARNING[m] File encoding has not been set, using platform encoding UTF-8, i.e. build is platform dependent!
[[1;34mINFO[m] Compiling 42 source files to /home/user/Reproducibility-Scanner/benchmarks/bugs-dot-jar/maven/maven-project/target/classes
[[1;33mWARNING[m] /home/user/Reproducibility-Scanner/benchmarks/bugs-dot-jar/maven/maven-project/src/main/java/org/apache/maven/project/validation/ModelValidationResult.java: Some input files use unchecked or unsafe operations.
[[1;33mWARNING[m] /home/user/Reproducibility-Scanner/benchmarks/bugs-dot-jar/maven/maven-project/src/main/java/org/apache/maven/project/validation/ModelValidationResult.java: Recompile with -Xlint:unchecked for details.
[[1;34mINFO[m] 
[[1;34mINFO[m] [1m--- [0;32mmaven-resources-plugin:2.6:testResources[m [1m(default-testResources)[m @ [36mmaven-project[0;1m ---[m
[[1;33mWARNING[m] Using platform encoding (UTF-8 actually) to copy filtered resources, i.e. build is platform dependent!
[[1;34mINFO[m] Copying 57 resources
[[1;34mINFO[m] 
[[1;34mINFO[m] [1m--- [0;32mmaven-compiler-plugin:3.1:testCompile[m [1m(default-testCompile)[m @ [36mmaven-project[0;1m ---[m
[[1;34mINFO[m] Changes detected - recompiling the module!
[[1;33mWARNING[m] File encoding has not been set, using platform encoding UTF-8, i.e. build is platform dependent!
[[1;34mINFO[m] Compiling 20 source files to /home/user/Reproducibility-Scanner/benchmarks/bugs-dot-jar/maven/maven-project/target/test-classes
[[1;33mWARNING[m] /home/user/Reproducibility-Scanner/benchmarks/bugs-dot-jar/maven/maven-project/src/test/java/org/apache/maven/project/ProjectSorterTest.java: Some input files use unchecked or unsafe operations.
[[1;33mWARNING[m] /home/user/Reproducibility-Scanner/benchmarks/bugs-dot-jar/maven/maven-project/src/test/java/org/apache/maven/project/ProjectSorterTest.java: Recompile with -Xlint:unchecked for details.
[[1;34mINFO[m] 
[[1;34mINFO[m] [1m--- [0;32mmaven-surefire-plugin:2.12.4:test[m [1m(default-test)[m @ [36mmaven-project[0;1m ---[m
[[1;34mINFO[m] Tests are skipped.
[[1;34mINFO[m] 
[[1;34mINFO[m] [1m--- [0;32mmaven-jar-plugin:2.4:jar[m [1m(default-jar)[m @ [36mmaven-project[0;1m ---[m
[[1;34mINFO[m] Building jar: /home/user/Reproducibility-Scanner/benchmarks/bugs-dot-jar/maven/maven-project/target/maven-project-2.0.1-SNAPSHOT.jar
[[1;34mINFO[m] 
[[1;34mINFO[m] [1m--- [0;32mmaven-install-plugin:2.4:install[m [1m(default-install)[m @ [36mmaven-project[0;1m ---[m
[[1;34mINFO[m] Installing /home/user/Reproducibility-Scanner/benchmarks/bugs-dot-jar/maven/maven-project/target/maven-project-2.0.1-SNAPSHOT.jar to /home/user/.m2/repository/org/apache/maven/maven-project/2.0.1-SNAPSHOT/maven-project-2.0.1-SNAPSHOT.jar
[[1;34mINFO[m] Installing /home/user/Reproducibility-Scanner/benchmarks/bugs-dot-jar/maven/maven-project/pom.xml to /home/user/.m2/repository/org/apache/maven/maven-project/2.0.1-SNAPSHOT/maven-project-2.0.1-SNAPSHOT.pom
[[1;34mINFO[m] 
[[1;34mINFO[m] [1m------------------< [0;36morg.apache.maven:maven-archiver[0;1m >-------------------[m
[[1;34mINFO[m] [1mBuilding Maven Archiver 2.0.1-SNAPSHOT                           [10/28][m
[[1;34mINFO[m] [1m--------------------------------[ jar ]---------------------------------[m
Downloading from central: https://repo.maven.apache.org/maven2/org/codehaus/plexus/plexus-archiver/1.0-alpha-3/plexus-archiver-1.0-alpha-3.pom
Progress (1): 4.1/7.1 kBProgress (1): 7.1 kB                        Downloaded from central: https://repo.maven.apache.org/maven2/org/codehaus/plexus/plexus-archiver/1.0-alpha-3/plexus-archiver-1.0-alpha-3.pom (7.1 kB at 393 kB/s)
Downloading from central: https://repo.maven.apache.org/maven2/org/codehaus/plexus/plexus-archiver/1.0-alpha-3/plexus-archiver-1.0-alpha-3.jar
Progress (1): 4.1/130 kBProgress (1): 8.2/130 kBProgress (1): 12/130 kB Progress (1): 16/130 kBProgress (1): 20/130 kBProgress (1): 24/130 kBProgress (1): 28/130 kBProgress (1): 32/130 kBProgress (1): 36/130 kBProgress (1): 40/130 kBProgress (1): 45/130 kBProgress (1): 49/130 kBProgress (1): 53/130 kBProgress (1): 57/130 kBProgress (1): 61/130 kBProgress (1): 65/130 kBProgress (1): 69/130 kBProgress (1): 73/130 kBProgress (1): 77/130 kBProgress (1): 81/130 kBProgress (1): 85/130 kBProgress (1): 90/130 kBProgress (1): 94/130 kBProgress (1): 98/130 kBProgress (1): 102/130 kBProgress (1): 106/130 kBProgress (1): 110/130 kBProgress (1): 114/130 kBProgress (1): 118/130 kBProgress (1): 122/130 kBProgress (1): 126/130 kBProgress (1): 130 kB                        Downloaded from central: https://repo.maven.apache.org/maven2/org/codehaus/plexus/plexus-archiver/1.0-alpha-3/plexus-archiver-1.0-alpha-3.jar (130 kB at 5.0 MB/s)
[[1;34mINFO[m] 
[[1;34mINFO[m] [1m--- [0;32mmaven-resources-plugin:2.6:resources[m [1m(default-resources)[m @ [36mmaven-archiver[0;1m ---[m
[[1;33mWARNING[m] Using platform encoding (UTF-8 actually) to copy filtered resources, i.e. build is platform dependent!
[[1;34mINFO[m] skip non existing resourceDirectory /home/user/Reproducibility-Scanner/benchmarks/bugs-dot-jar/maven/maven-archiver/src/main/resources
[[1;34mINFO[m] 
[[1;34mINFO[m] [1m--- [0;32mmaven-compiler-plugin:3.1:compile[m [1m(default-compile)[m @ [36mmaven-archiver[0;1m ---[m
[[1;34mINFO[m] Changes detected - recompiling the module!
[[1;33mWARNING[m] File encoding has not been set, using platform encoding UTF-8, i.e. build is platform dependent!
[[1;34mINFO[m] Compiling 4 source files to /home/user/Reproducibility-Scanner/benchmarks/bugs-dot-jar/maven/maven-archiver/target/classes
[[1;33mWARNING[m] /home/user/Reproducibility-Scanner/benchmarks/bugs-dot-jar/maven/maven-archiver/src/main/java/org/apache/maven/archiver/MavenArchiveConfiguration.java: Some input files use unchecked or unsafe operations.
[[1;33mWARNING[m] /home/user/Reproducibility-Scanner/benchmarks/bugs-dot-jar/maven/maven-archiver/src/main/java/org/apache/maven/archiver/MavenArchiveConfiguration.java: Recompile with -Xlint:unchecked for details.
[[1;34mINFO[m] 
[[1;34mINFO[m] [1m--- [0;32mmaven-resources-plugin:2.6:testResources[m [1m(default-testResources)[m @ [36mmaven-archiver[0;1m ---[m
[[1;33mWARNING[m] Using platform encoding (UTF-8 actually) to copy filtered resources, i.e. build is platform dependent!
[[1;34mINFO[m] skip non existing resourceDirectory /home/user/Reproducibility-Scanner/benchmarks/bugs-dot-jar/maven/maven-archiver/src/test/resources
[[1;34mINFO[m] 
[[1;34mINFO[m] [1m--- [0;32mmaven-compiler-plugin:3.1:testCompile[m [1m(default-testCompile)[m @ [36mmaven-archiver[0;1m ---[m
[[1;34mINFO[m] No sources to compile
[[1;34mINFO[m] 
[[1;34mINFO[m] [1m--- [0;32mmaven-surefire-plugin:2.12.4:test[m [1m(default-test)[m @ [36mmaven-archiver[0;1m ---[m
[[1;34mINFO[m] Tests are skipped.
[[1;34mINFO[m] 
[[1;34mINFO[m] [1m--- [0;32mmaven-jar-plugin:2.4:jar[m [1m(default-jar)[m @ [36mmaven-archiver[0;1m ---[m
[[1;34mINFO[m] Building jar: /home/user/Reproducibility-Scanner/benchmarks/bugs-dot-jar/maven/maven-archiver/target/maven-archiver-2.0.1-SNAPSHOT.jar
[[1;34mINFO[m] 
[[1;34mINFO[m] [1m--- [0;32mmaven-install-plugin:2.4:install[m [1m(default-install)[m @ [36mmaven-archiver[0;1m ---[m
[[1;34mINFO[m] Installing /home/user/Reproducibility-Scanner/benchmarks/bugs-dot-jar/maven/maven-archiver/target/maven-archiver-2.0.1-SNAPSHOT.jar to /home/user/.m2/repository/org/apache/maven/maven-archiver/2.0.1-SNAPSHOT/maven-archiver-2.0.1-SNAPSHOT.jar
[[1;34mINFO[m] Installing /home/user/Reproducibility-Scanner/benchmarks/bugs-dot-jar/maven/maven-archiver/pom.xml to /home/user/.m2/repository/org/apache/maven/maven-archiver/2.0.1-SNAPSHOT/maven-archiver-2.0.1-SNAPSHOT.pom
[[1;34mINFO[m] 
[[1;34mINFO[m] [1m--------------< [0;36morg.apache.maven:maven-error-diagnostics[0;1m >--------------[m
[[1;34mINFO[m] [1mBuilding Maven Error Diagnostics 2.0.1-SNAPSHOT                  [11/28][m
[[1;34mINFO[m] [1m--------------------------------[ jar ]---------------------------------[m
[[1;34mINFO[m] 
[[1;34mINFO[m] [1m--- [0;32mmaven-resources-plugin:2.6:resources[m [1m(default-resources)[m @ [36mmaven-error-diagnostics[0;1m ---[m
[[1;33mWARNING[m] Using platform encoding (UTF-8 actually) to copy filtered resources, i.e. build is platform dependent!
[[1;34mINFO[m] Copying 1 resource
[[1;34mINFO[m] 
[[1;34mINFO[m] [1m--- [0;32mmaven-compiler-plugin:3.1:compile[m [1m(default-compile)[m @ [36mmaven-error-diagnostics[0;1m ---[m
[[1;34mINFO[m] Changes detected - recompiling the module!
[[1;33mWARNING[m] File encoding has not been set, using platform encoding UTF-8, i.e. build is platform dependent!
[[1;34mINFO[m] Compiling 3 source files to /home/user/Reproducibility-Scanner/benchmarks/bugs-dot-jar/maven/maven-error-diagnostics/target/classes
[[1;34mINFO[m] 
[[1;34mINFO[m] [1m--- [0;32mmaven-resources-plugin:2.6:testResources[m [1m(default-testResources)[m @ [36mmaven-error-diagnostics[0;1m ---[m
[[1;33mWARNING[m] Using platform encoding (UTF-8 actually) to copy filtered resources, i.e. build is platform dependent!
[[1;34mINFO[m] skip non existing resourceDirectory /home/user/Reproducibility-Scanner/benchmarks/bugs-dot-jar/maven/maven-error-diagnostics/src/test/resources
[[1;34mINFO[m] 
[[1;34mINFO[m] [1m--- [0;32mmaven-compiler-plugin:3.1:testCompile[m [1m(default-testCompile)[m @ [36mmaven-error-diagnostics[0;1m ---[m
[[1;34mINFO[m] No sources to compile
[[1;34mINFO[m] 
[[1;34mINFO[m] [1m--- [0;32mmaven-surefire-plugin:2.12.4:test[m [1m(default-test)[m @ [36mmaven-error-diagnostics[0;1m ---[m
[[1;34mINFO[m] Tests are skipped.
[[1;34mINFO[m] 
[[1;34mINFO[m] [1m--- [0;32mmaven-jar-plugin:2.4:jar[m [1m(default-jar)[m @ [36mmaven-error-diagnostics[0;1m ---[m
[[1;34mINFO[m] Building jar: /home/user/Reproducibility-Scanner/benchmarks/bugs-dot-jar/maven/maven-error-diagnostics/target/maven-error-diagnostics-2.0.1-SNAPSHOT.jar
[[1;34mINFO[m] 
[[1;34mINFO[m] [1m--- [0;32mmaven-install-plugin:2.4:install[m [1m(default-install)[m @ [36mmaven-error-diagnostics[0;1m ---[m
[[1;34mINFO[m] Installing /home/user/Reproducibility-Scanner/benchmarks/bugs-dot-jar/maven/maven-error-diagnostics/target/maven-error-diagnostics-2.0.1-SNAPSHOT.jar to /home/user/.m2/repository/org/apache/maven/maven-error-diagnostics/2.0.1-SNAPSHOT/maven-error-diagnostics-2.0.1-SNAPSHOT.jar
[[1;34mINFO[m] Installing /home/user/Reproducibility-Scanner/benchmarks/bugs-dot-jar/maven/maven-error-diagnostics/pom.xml to /home/user/.m2/repository/org/apache/maven/maven-error-diagnostics/2.0.1-SNAPSHOT/maven-error-diagnostics-2.0.1-SNAPSHOT.pom
[[1;34mINFO[m] 
[[1;34mINFO[m] [1m----------------< [0;36morg.apache.maven:maven-artifact-ant[0;1m >-----------------[m
[[1;34mINFO[m] [1mBuilding Maven Tasks for Ant 2.0.1-SNAPSHOT                      [12/28][m
[[1;34mINFO[m] [1m--------------------------------[ jar ]---------------------------------[m
Downloading from central: https://repo.maven.apache.org/maven2/org/apache/maven/wagon/wagon-http-lightweight/1.0-alpha-5/wagon-http-lightweight-1.0-alpha-5.pom
Progress (1): 4.1/5.9 kBProgress (1): 5.9 kB                        Downloaded from central: https://repo.maven.apache.org/maven2/org/apache/maven/wagon/wagon-http-lightweight/1.0-alpha-5/wagon-http-lightweight-1.0-alpha-5.pom (5.9 kB at 396 kB/s)
Downloading from central: https://repo.maven.apache.org/maven2/org/apache/maven/wagon/wagon-http-lightweight/1.0-alpha-5/wagon-http-lightweight-1.0-alpha-5.jar
Downloading from central: https://repo.maven.apache.org/maven2/ant/ant/1.6.2/ant-1.6.2.jar
Progress (1): 4.1/7.7 kBProgress (1): 7.7 kB    Progress (2): 7.7 kB | 8.2/1000 kBProgress (2): 7.7 kB | 16/1000 kB                                  Downloaded from central: https://repo.maven.apache.org/maven2/org/apache/maven/wagon/wagon-http-lightweight/1.0-alpha-5/wagon-http-lightweight-1.0-alpha-5.jar (7.7 kB at 426 kB/s)
Progress (1): 24/1000 kBProgress (1): 32/1000 kBProgress (1): 40/1000 kBProgress (1): 49/1000 kBProgress (1): 57/1000 kBProgress (1): 65/1000 kBProgress (1): 73/1000 kBProgress (1): 81/1000 kBProgress (1): 90/1000 kBProgress (1): 98/1000 kBProgress (1): 106/1000 kBProgress (1): 114/1000 kBProgress (1): 122/1000 kBProgress (1): 131/1000 kBProgress (1): 139/1000 kBProgress (1): 147/1000 kBProgress (1): 155/1000 kBProgress (1): 163/1000 kBProgress (1): 171/1000 kBProgress (1): 180/1000 kBProgress (1): 188/1000 kBProgress (1): 196/1000 kBProgress (1): 204/1000 kBProgress (1): 212/1000 kBProgress (1): 221/1000 kBProgress (1): 229/1000 kBProgress (1): 237/1000 kBProgress (1): 245/1000 kBProgress (1): 253/1000 kBProgress (1): 262/1000 kBProgress (1): 270/1000 kBProgress (1): 278/1000 kBProgress (1): 286/1000 kBProgress (1): 294/1000 kBProgress (1): 303/1000 kBProgress (1): 311/1000 kBProgress (1): 319/1000 kBProgress (1): 327/1000 kBProgress (1): 335/1000 kBProgress (1): 343/1000 kBProgress (1): 352/1000 kBProgress (1): 360/1000 kBProgress (1): 368/1000 kBProgress (1): 376/1000 kBProgress (1): 384/1000 kBProgress (1): 393/1000 kBProgress (1): 401/1000 kBProgress (1): 409/1000 kBProgress (1): 417/1000 kBProgress (1): 425/1000 kBProgress (1): 434/1000 kBProgress (1): 442/1000 kBProgress (1): 450/1000 kBProgress (1): 458/1000 kBProgress (1): 466/1000 kBProgress (1): 475/1000 kBProgress (1): 483/1000 kBProgress (1): 491/1000 kBProgress (1): 499/1000 kBProgress (1): 507/1000 kBProgress (1): 515/1000 kBProgress (1): 524/1000 kBProgress (1): 532/1000 kBProgress (1): 540/1000 kBProgress (1): 548/1000 kBProgress (1): 556/1000 kBProgress (1): 565/1000 kBProgress (1): 573/1000 kBProgress (1): 581/1000 kBProgress (1): 589/1000 kBProgress (1): 597/1000 kBProgress (1): 606/1000 kBProgress (1): 614/1000 kBProgress (1): 622/1000 kBProgress (1): 630/1000 kBProgress (1): 638/1000 kBProgress (1): 647/1000 kBProgress (1): 655/1000 kBProgress (1): 663/1000 kBProgress (1): 671/1000 kBProgress (1): 679/1000 kBProgress (1): 688/1000 kBProgress (1): 696/1000 kBProgress (1): 704/1000 kBProgress (1): 712/1000 kBProgress (1): 720/1000 kBProgress (1): 728/1000 kBProgress (1): 737/1000 kBProgress (1): 745/1000 kBProgress (1): 753/1000 kBProgress (1): 761/1000 kBProgress (1): 769/1000 kBProgress (1): 778/1000 kBProgress (1): 786/1000 kBProgress (1): 794/1000 kBProgress (1): 802/1000 kBProgress (1): 810/1000 kBProgress (1): 819/1000 kBProgress (1): 827/1000 kBProgress (1): 835/1000 kBProgress (1): 843/1000 kBProgress (1): 851/1000 kBProgress (1): 860/1000 kBProgress (1): 868/1000 kBProgress (1): 876/1000 kBProgress (1): 884/1000 kBProgress (1): 892/1000 kBProgress (1): 901/1000 kBProgress (1): 909/1000 kBProgress (1): 917/1000 kBProgress (1): 925/1000 kBProgress (1): 933/1000 kBProgress (1): 941/1000 kBProgress (1): 950/1000 kBProgress (1): 958/1000 kBProgress (1): 966/1000 kBProgress (1): 974/1000 kBProgress (1): 982/1000 kBProgress (1): 991/1000 kBProgress (1): 999/1000 kBProgress (1): 1000 kB                         Downloaded from central: https://repo.maven.apache.org/maven2/ant/ant/1.6.2/ant-1.6.2.jar (1000 kB at 9.5 MB/s)
[[1;34mINFO[m] 
[[1;34mINFO[m] [1m--- [0;32mmaven-resources-plugin:2.6:resources[m [1m(default-resources)[m @ [36mmaven-artifact-ant[0;1m ---[m
[[1;33mWARNING[m] Using platform encoding (UTF-8 actually) to copy filtered resources, i.e. build is platform dependent!
[[1;34mINFO[m] Copying 1 resource
[[1;34mINFO[m] 
[[1;34mINFO[m] [1m--- [0;32mmaven-compiler-plugin:3.1:compile[m [1m(default-compile)[m @ [36mmaven-artifact-ant[0;1m ---[m
[[1;34mINFO[m] Changes detected - recompiling the module!
[[1;33mWARNING[m] File encoding has not been set, using platform encoding UTF-8, i.e. build is platform dependent!
[[1;34mINFO[m] Compiling 14 source files to /home/user/Reproducibility-Scanner/benchmarks/bugs-dot-jar/maven/maven-artifact-ant/target/classes
[[1;33mWARNING[m] /home/user/Reproducibility-Scanner/benchmarks/bugs-dot-jar/maven/maven-artifact-ant/src/main/java/org/apache/maven/artifact/ant/DependenciesTask.java: /home/user/Reproducibility-Scanner/benchmarks/bugs-dot-jar/maven/maven-artifact-ant/src/main/java/org/apache/maven/artifact/ant/DependenciesTask.java uses unchecked or unsafe operations.
[[1;33mWARNING[m] /home/user/Reproducibility-Scanner/benchmarks/bugs-dot-jar/maven/maven-artifact-ant/src/main/java/org/apache/maven/artifact/ant/DependenciesTask.java: Recompile with -Xlint:unchecked for details.
[[1;34mINFO[m] 
[[1;34mINFO[m] [1m--- [0;32mmaven-resources-plugin:2.6:testResources[m [1m(default-testResources)[m @ [36mmaven-artifact-ant[0;1m ---[m
[[1;33mWARNING[m] Using platform encoding (UTF-8 actually) to copy filtered resources, i.e. build is platform dependent!
[[1;34mINFO[m] skip non existing resourceDirectory /home/user/Reproducibility-Scanner/benchmarks/bugs-dot-jar/maven/maven-artifact-ant/src/test/resources
[[1;34mINFO[m] 
[[1;34mINFO[m] [1m--- [0;32mmaven-compiler-plugin:3.1:testCompile[m [1m(default-testCompile)[m @ [36mmaven-artifact-ant[0;1m ---[m
[[1;34mINFO[m] No sources to compile
[[1;34mINFO[m] 
[[1;34mINFO[m] [1m--- [0;32mmaven-surefire-plugin:2.12.4:test[m [1m(default-test)[m @ [36mmaven-artifact-ant[0;1m ---[m
[[1;34mINFO[m] Tests are skipped.
[[1;34mINFO[m] 
[[1;34mINFO[m] [1m--- [0;32mmaven-jar-plugin:2.4:jar[m [1m(default-jar)[m @ [36mmaven-artifact-ant[0;1m ---[m
[[1;34mINFO[m] Building jar: /home/user/Reproducibility-Scanner/benchmarks/bugs-dot-jar/maven/maven-artifact-ant/target/maven-artifact-ant-2.0.1-SNAPSHOT.jar
[[1;34mINFO[m] 
[[1;34mINFO[m] [1m--- [0;32mmaven-install-plugin:2.4:install[m [1m(default-install)[m @ [36mmaven-artifact-ant[0;1m ---[m
[[1;34mINFO[m] Installing /home/user/Reproducibility-Scanner/benchmarks/bugs-dot-jar/maven/maven-artifact-ant/target/maven-artifact-ant-2.0.1-SNAPSHOT.jar to /home/user/.m2/repository/org/apache/maven/maven-artifact-ant/2.0.1-SNAPSHOT/maven-artifact-ant-2.0.1-SNAPSHOT.jar
[[1;34mINFO[m] Installing /home/user/Reproducibility-Scanner/benchmarks/bugs-dot-jar/maven/maven-artifact-ant/pom.xml to /home/user/.m2/repository/org/apache/maven/maven-artifact-ant/2.0.1-SNAPSHOT/maven-artifact-ant-2.0.1-SNAPSHOT.pom
[[1;34mINFO[m] 
[[1;34mINFO[m] [1m---------< [0;36morg.apache.maven:maven-plugin-parameter-documenter[0;1m >---------[m
[[1;34mINFO[m] [1mBuilding Maven Plugin Parameter Documenter API 2.0.1-SNAPSHOT    [13/28][m
[[1;34mINFO[m] [1m--------------------------------[ jar ]---------------------------------[m
[[1;34mINFO[m] 
[[1;34mINFO[m] [1m--- [0;32mmodello-maven-plugin:1.0-alpha-6:xpp3-writer[m [1m(base)[m @ [36mmaven-plugin-parameter-documenter[0;1m ---[m
[[1;34mINFO[m] outputDirectory: /home/user/Reproducibility-Scanner/benchmarks/bugs-dot-jar/maven/maven-plugin-parameter-documenter/target/generated-sources
[[1;34mINFO[m] 
[[1;34mINFO[m] [1m--- [0;32mmodello-maven-plugin:1.0-alpha-6:java[m [1m(base)[m @ [36mmaven-plugin-parameter-documenter[0;1m ---[m
[[1;34mINFO[m] outputDirectory: /home/user/Reproducibility-Scanner/benchmarks/bugs-dot-jar/maven/maven-plugin-parameter-documenter/target/generated-sources
[[1;34mINFO[m] 
[[1;34mINFO[m] [1m--- [0;32mmodello-maven-plugin:1.0-alpha-6:xpp3-reader[m [1m(base)[m @ [36mmaven-plugin-parameter-documenter[0;1m ---[m
[[1;34mINFO[m] outputDirectory: /home/user/Reproducibility-Scanner/benchmarks/bugs-dot-jar/maven/maven-plugin-parameter-documenter/target/generated-sources
[[1;34mINFO[m] 
[[1;34mINFO[m] [1m--- [0;32mmodello-maven-plugin:1.0-alpha-6:xsd[m [1m(xsd)[m @ [36mmaven-plugin-parameter-documenter[0;1m ---[m
[[1;34mINFO[m] outputDirectory: /home/user/Reproducibility-Scanner/benchmarks/bugs-dot-jar/maven/maven-plugin-parameter-documenter/target/generated-site/xsd
[[1;34mINFO[m] 
[[1;34mINFO[m] [1m--- [0;32mmaven-resources-plugin:2.6:resources[m [1m(default-resources)[m @ [36mmaven-plugin-parameter-documenter[0;1m ---[m
[[1;33mWARNING[m] Using platform encoding (UTF-8 actually) to copy filtered resources, i.e. build is platform dependent!
[[1;34mINFO[m] skip non existing resourceDirectory /home/user/Reproducibility-Scanner/benchmarks/bugs-dot-jar/maven/maven-plugin-parameter-documenter/src/main/resources
[[1;34mINFO[m] 
[[1;34mINFO[m] [1m--- [0;32mmaven-compiler-plugin:3.1:compile[m [1m(default-compile)[m @ [36mmaven-plugin-parameter-documenter[0;1m ---[m
[[1;34mINFO[m] Changes detected - recompiling the module!
[[1;33mWARNING[m] File encoding has not been set, using platform encoding UTF-8, i.e. build is platform dependent!
[[1;34mINFO[m] Compiling 4 source files to /home/user/Reproducibility-Scanner/benchmarks/bugs-dot-jar/maven/maven-plugin-parameter-documenter/target/classes
[[1;33mWARNING[m] /home/user/Reproducibility-Scanner/benchmarks/bugs-dot-jar/maven/maven-plugin-parameter-documenter/target/generated-sources/org/apache/maven/usability/plugin/io/xpp3/ParamdocXpp3Reader.java: Some input files use unchecked or unsafe operations.
[[1;33mWARNING[m] /home/user/Reproducibility-Scanner/benchmarks/bugs-dot-jar/maven/maven-plugin-parameter-documenter/target/generated-sources/org/apache/maven/usability/plugin/io/xpp3/ParamdocXpp3Reader.java: Recompile with -Xlint:unchecked for details.
[[1;34mINFO[m] 
[[1;34mINFO[m] [1m--- [0;32mmaven-resources-plugin:2.6:testResources[m [1m(default-testResources)[m @ [36mmaven-plugin-parameter-documenter[0;1m ---[m
[[1;33mWARNING[m] Using platform encoding (UTF-8 actually) to copy filtered resources, i.e. build is platform dependent!
[[1;34mINFO[m] Copying 1 resource
[[1;34mINFO[m] 
[[1;34mINFO[m] [1m--- [0;32mmaven-compiler-plugin:3.1:testCompile[m [1m(default-testCompile)[m @ [36mmaven-plugin-parameter-documenter[0;1m ---[m
[[1;34mINFO[m] Changes detected - recompiling the module!
[[1;33mWARNING[m] File encoding has not been set, using platform encoding UTF-8, i.e. build is platform dependent!
[[1;34mINFO[m] Compiling 1 source file to /home/user/Reproducibility-Scanner/benchmarks/bugs-dot-jar/maven/maven-plugin-parameter-documenter/target/test-classes
[[1;34mINFO[m] 
[[1;34mINFO[m] [1m--- [0;32mmaven-surefire-plugin:2.12.4:test[m [1m(default-test)[m @ [36mmaven-plugin-parameter-documenter[0;1m ---[m
[[1;34mINFO[m] Tests are skipped.
[[1;34mINFO[m] 
[[1;34mINFO[m] [1m--- [0;32mmaven-jar-plugin:2.4:jar[m [1m(default-jar)[m @ [36mmaven-plugin-parameter-documenter[0;1m ---[m
[[1;34mINFO[m] Building jar: /home/user/Reproducibility-Scanner/benchmarks/bugs-dot-jar/maven/maven-plugin-parameter-documenter/target/maven-plugin-parameter-documenter-2.0.1-SNAPSHOT.jar
[[1;34mINFO[m] 
[[1;34mINFO[m] [1m--- [0;32mmaven-install-plugin:2.4:install[m [1m(default-install)[m @ [36mmaven-plugin-parameter-documenter[0;1m ---[m
[[1;34mINFO[m] Installing /home/user/Reproducibility-Scanner/benchmarks/bugs-dot-jar/maven/maven-plugin-parameter-documenter/target/maven-plugin-parameter-documenter-2.0.1-SNAPSHOT.jar to /home/user/.m2/repository/org/apache/maven/maven-plugin-parameter-documenter/2.0.1-SNAPSHOT/maven-plugin-parameter-documenter-2.0.1-SNAPSHOT.jar
[[1;34mINFO[m] Installing /home/user/Reproducibility-Scanner/benchmarks/bugs-dot-jar/maven/maven-plugin-parameter-documenter/pom.xml to /home/user/.m2/repository/org/apache/maven/maven-plugin-parameter-documenter/2.0.1-SNAPSHOT/maven-plugin-parameter-documenter-2.0.1-SNAPSHOT.pom
[[1;34mINFO[m] 
[[1;34mINFO[m] [1m-------------< [0;36morg.apache.maven.reporting:maven-reporting[0;1m >-------------[m
[[1;34mINFO[m] [1mBuilding Maven Reporting 2.0.1-SNAPSHOT                          [14/28][m
[[1;34mINFO[m] [1m--------------------------------[ pom ]---------------------------------[m
[[1;34mINFO[m] 
[[1;34mINFO[m] [1m--- [0;32mmaven-install-plugin:2.4:install[m [1m(default-install)[m @ [36mmaven-reporting[0;1m ---[m
[[1;34mINFO[m] Installing /home/user/Reproducibility-Scanner/benchmarks/bugs-dot-jar/maven/maven-reporting/pom.xml to /home/user/.m2/repository/org/apache/maven/reporting/maven-reporting/2.0.1-SNAPSHOT/maven-reporting-2.0.1-SNAPSHOT.pom
[[1;34mINFO[m] 
[[1;34mINFO[m] [1m-----------< [0;36morg.apache.maven.reporting:maven-reporting-api[0;1m >-----------[m
[[1;34mINFO[m] [1mBuilding Maven Reporting API 2.0.1-SNAPSHOT                      [15/28][m
[[1;34mINFO[m] [1m--------------------------------[ jar ]---------------------------------[m
Downloading from snapshots: http://snapshots.maven.codehaus.org/maven2/org/codehaus/doxia/doxia-sink-api/1.0-alpha-6-SNAPSHOT/maven-metadata.xml
[[1;33mWARNING[m] Could not transfer metadata org.codehaus.doxia:doxia-sink-api:1.0-alpha-6-SNAPSHOT/maven-metadata.xml from/to snapshots (http://snapshots.maven.codehaus.org/maven2): Transfer failed for http://snapshots.maven.codehaus.org/maven2/org/codehaus/doxia/doxia-sink-api/1.0-alpha-6-SNAPSHOT/maven-metadata.xml
[[1;33mWARNING[m] Failure to transfer org.codehaus.doxia:doxia-sink-api:1.0-alpha-6-SNAPSHOT/maven-metadata.xml from http://snapshots.maven.codehaus.org/maven2 was cached in the local repository, resolution will not be reattempted until the update interval of snapshots has elapsed or updates are forced. Original error: Could not transfer metadata org.codehaus.doxia:doxia-sink-api:1.0-alpha-6-SNAPSHOT/maven-metadata.xml from/to snapshots (http://snapshots.maven.codehaus.org/maven2): Transfer failed for http://snapshots.maven.codehaus.org/maven2/org/codehaus/doxia/doxia-sink-api/1.0-alpha-6-SNAPSHOT/maven-metadata.xml
Downloading from snapshots: http://snapshots.maven.codehaus.org/maven2/org/codehaus/doxia/doxia-sink-api/1.0-alpha-6-SNAPSHOT/doxia-sink-api-1.0-alpha-6-SNAPSHOT.pom
[[1;34mINFO[m] 
[[1;34mINFO[m] [1m---------------< [0;36morg.apache.maven:maven-plugin-registry[0;1m >---------------[m
[[1;34mINFO[m] [1mBuilding Maven Plugin Registry Model 2.0.1-SNAPSHOT              [16/28][m
[[1;34mINFO[m] [1m--------------------------------[ jar ]---------------------------------[m
[[1;34mINFO[m] 
[[1;34mINFO[m] [1m--- [0;32mmodello-maven-plugin:1.0-alpha-6:xpp3-writer[m [1m(default)[m @ [36mmaven-plugin-registry[0;1m ---[m
[[1;34mINFO[m] outputDirectory: /home/user/Reproducibility-Scanner/benchmarks/bugs-dot-jar/maven/maven-plugin-registry/target/generated-sources
[[1;34mINFO[m] 
[[1;34mINFO[m] [1m--- [0;32mmodello-maven-plugin:1.0-alpha-6:java[m [1m(default)[m @ [36mmaven-plugin-registry[0;1m ---[m
[[1;34mINFO[m] outputDirectory: /home/user/Reproducibility-Scanner/benchmarks/bugs-dot-jar/maven/maven-plugin-registry/target/generated-sources
[[1;34mINFO[m] 
[[1;34mINFO[m] [1m--- [0;32mmodello-maven-plugin:1.0-alpha-6:xpp3-reader[m [1m(default)[m @ [36mmaven-plugin-registry[0;1m ---[m
[[1;34mINFO[m] outputDirectory: /home/user/Reproducibility-Scanner/benchmarks/bugs-dot-jar/maven/maven-plugin-registry/target/generated-sources
[[1;34mINFO[m] 
[[1;34mINFO[m] [1m--- [0;32mmaven-resources-plugin:2.6:resources[m [1m(default-resources)[m @ [36mmaven-plugin-registry[0;1m ---[m
[[1;33mWARNING[m] Using platform encoding (UTF-8 actually) to copy filtered resources, i.e. build is platform dependent!
[[1;34mINFO[m] Copying 1 resource
[[1;34mINFO[m] 
[[1;34mINFO[m] [1m--- [0;32mmaven-compiler-plugin:3.1:compile[m [1m(default-compile)[m @ [36mmaven-plugin-registry[0;1m ---[m
[[1;34mINFO[m] Changes detected - recompiling the module!
[[1;33mWARNING[m] File encoding has not been set, using platform encoding UTF-8, i.e. build is platform dependent!
[[1;34mINFO[m] Compiling 9 source files to /home/user/Reproducibility-Scanner/benchmarks/bugs-dot-jar/maven/maven-plugin-registry/target/classes
[[1;33mWARNING[m] /home/user/Reproducibility-Scanner/benchmarks/bugs-dot-jar/maven/maven-plugin-registry/target/generated-sources/org/apache/maven/plugin/registry/PluginRegistry.java: Some input files use unchecked or unsafe operations.
[[1;33mWARNING[m] /home/user/Reproducibility-Scanner/benchmarks/bugs-dot-jar/maven/maven-plugin-registry/target/generated-sources/org/apache/maven/plugin/registry/PluginRegistry.java: Recompile with -Xlint:unchecked for details.
[[1;34mINFO[m] 
[[1;34mINFO[m] [1m--- [0;32mmaven-resources-plugin:2.6:testResources[m [1m(default-testResources)[m @ [36mmaven-plugin-registry[0;1m ---[m
[[1;33mWARNING[m] Using platform encoding (UTF-8 actually) to copy filtered resources, i.e. build is platform dependent!
[[1;34mINFO[m] skip non existing resourceDirectory /home/user/Reproducibility-Scanner/benchmarks/bugs-dot-jar/maven/maven-plugin-registry/src/test/resources
[[1;34mINFO[m] 
[[1;34mINFO[m] [1m--- [0;32mmaven-compiler-plugin:3.1:testCompile[m [1m(default-testCompile)[m @ [36mmaven-plugin-registry[0;1m ---[m
[[1;34mINFO[m] No sources to compile
[[1;34mINFO[m] 
[[1;34mINFO[m] [1m--- [0;32mmaven-surefire-plugin:2.12.4:test[m [1m(default-test)[m @ [36mmaven-plugin-registry[0;1m ---[m
[[1;34mINFO[m] Tests are skipped.
[[1;34mINFO[m] 
[[1;34mINFO[m] [1m--- [0;32mmaven-jar-plugin:2.4:jar[m [1m(default-jar)[m @ [36mmaven-plugin-registry[0;1m ---[m
[[1;34mINFO[m] Building jar: /home/user/Reproducibility-Scanner/benchmarks/bugs-dot-jar/maven/maven-plugin-registry/target/maven-plugin-registry-2.0.1-SNAPSHOT.jar
[[1;34mINFO[m] 
[[1;34mINFO[m] [1m--- [0;32mmaven-install-plugin:2.4:install[m [1m(default-install)[m @ [36mmaven-plugin-registry[0;1m ---[m
[[1;34mINFO[m] Installing /home/user/Reproducibility-Scanner/benchmarks/bugs-dot-jar/maven/maven-plugin-registry/target/maven-plugin-registry-2.0.1-SNAPSHOT.jar to /home/user/.m2/repository/org/apache/maven/maven-plugin-registry/2.0.1-SNAPSHOT/maven-plugin-registry-2.0.1-SNAPSHOT.jar
[[1;34mINFO[m] Installing /home/user/Reproducibility-Scanner/benchmarks/bugs-dot-jar/maven/maven-plugin-registry/pom.xml to /home/user/.m2/repository/org/apache/maven/maven-plugin-registry/2.0.1-SNAPSHOT/maven-plugin-registry-2.0.1-SNAPSHOT.pom
[[1;34mINFO[m] 
[[1;34mINFO[m] [1m-----------------< [0;36morg.apache.maven:maven-plugin-api[0;1m >------------------[m
[[1;34mINFO[m] [1mBuilding Maven Plugin API 2.0.1-SNAPSHOT                         [17/28][m
[[1;34mINFO[m] [1m--------------------------------[ jar ]---------------------------------[m
[[1;34mINFO[m] 
[[1;34mINFO[m] [1m--- [0;32mmaven-resources-plugin:2.6:resources[m [1m(default-resources)[m @ [36mmaven-plugin-api[0;1m ---[m
[[1;33mWARNING[m] Using platform encoding (UTF-8 actually) to copy filtered resources, i.e. build is platform dependent!
[[1;34mINFO[m] skip non existing resourceDirectory /home/user/Reproducibility-Scanner/benchmarks/bugs-dot-jar/maven/maven-plugin-api/src/main/resources
[[1;34mINFO[m] 
[[1;34mINFO[m] [1m--- [0;32mmaven-compiler-plugin:3.1:compile[m [1m(default-compile)[m @ [36mmaven-plugin-api[0;1m ---[m
[[1;34mINFO[m] Changes detected - recompiling the module!
[[1;33mWARNING[m] File encoding has not been set, using platform encoding UTF-8, i.e. build is platform dependent!
[[1;34mINFO[m] Compiling 8 source files to /home/user/Reproducibility-Scanner/benchmarks/bugs-dot-jar/maven/maven-plugin-api/target/classes
[[1;34mINFO[m] 
[[1;34mINFO[m] [1m--- [0;32mmaven-resources-plugin:2.6:testResources[m [1m(default-testResources)[m @ [36mmaven-plugin-api[0;1m ---[m
[[1;33mWARNING[m] Using platform encoding (UTF-8 actually) to copy filtered resources, i.e. build is platform dependent!
[[1;34mINFO[m] skip non existing resourceDirectory /home/user/Reproducibility-Scanner/benchmarks/bugs-dot-jar/maven/maven-plugin-api/src/test/resources
[[1;34mINFO[m] 
[[1;34mINFO[m] [1m--- [0;32mmaven-compiler-plugin:3.1:testCompile[m [1m(default-testCompile)[m @ [36mmaven-plugin-api[0;1m ---[m
[[1;34mINFO[m] No sources to compile
[[1;34mINFO[m] 
[[1;34mINFO[m] [1m--- [0;32mmaven-surefire-plugin:2.12.4:test[m [1m(default-test)[m @ [36mmaven-plugin-api[0;1m ---[m
[[1;34mINFO[m] Tests are skipped.
[[1;34mINFO[m] 
[[1;34mINFO[m] [1m--- [0;32mmaven-jar-plugin:2.4:jar[m [1m(default-jar)[m @ [36mmaven-plugin-api[0;1m ---[m
[[1;34mINFO[m] Building jar: /home/user/Reproducibility-Scanner/benchmarks/bugs-dot-jar/maven/maven-plugin-api/target/maven-plugin-api-2.0.1-SNAPSHOT.jar
[[1;34mINFO[m] 
[[1;34mINFO[m] [1m--- [0;32mmaven-install-plugin:2.4:install[m [1m(default-install)[m @ [36mmaven-plugin-api[0;1m ---[m
[[1;34mINFO[m] Installing /home/user/Reproducibility-Scanner/benchmarks/bugs-dot-jar/maven/maven-plugin-api/target/maven-plugin-api-2.0.1-SNAPSHOT.jar to /home/user/.m2/repository/org/apache/maven/maven-plugin-api/2.0.1-SNAPSHOT/maven-plugin-api-2.0.1-SNAPSHOT.jar
[[1;34mINFO[m] Installing /home/user/Reproducibility-Scanner/benchmarks/bugs-dot-jar/maven/maven-plugin-api/pom.xml to /home/user/.m2/repository/org/apache/maven/maven-plugin-api/2.0.1-SNAPSHOT/maven-plugin-api-2.0.1-SNAPSHOT.pom
[[1;34mINFO[m] 
[[1;34mINFO[m] [1m--------------< [0;36morg.apache.maven:maven-plugin-descriptor[0;1m >--------------[m
[[1;34mINFO[m] [1mBuilding Maven Plugin Descriptor Model 2.0.1-SNAPSHOT            [18/28][m
[[1;34mINFO[m] [1m--------------------------------[ jar ]---------------------------------[m
[[1;34mINFO[m] 
[[1;34mINFO[m] [1m--- [0;32mmodello-maven-plugin:1.0-alpha-6:java[m [1m(default)[m @ [36mmaven-plugin-descriptor[0;1m ---[m
[[1;34mINFO[m] outputDirectory: /home/user/Reproducibility-Scanner/benchmarks/bugs-dot-jar/maven/maven-plugin-descriptor/target/generated-sources
[[1;34mINFO[m] 
[[1;34mINFO[m] [1m--- [0;32mmodello-maven-plugin:1.0-alpha-6:xpp3-reader[m [1m(default)[m @ [36mmaven-plugin-descriptor[0;1m ---[m
[[1;34mINFO[m] outputDirectory: /home/user/Reproducibility-Scanner/benchmarks/bugs-dot-jar/maven/maven-plugin-descriptor/target/generated-sources
[[1;34mINFO[m] 
[[1;34mINFO[m] [1m--- [0;32mmodello-maven-plugin:1.0-alpha-6:xpp3-writer[m [1m(default)[m @ [36mmaven-plugin-descriptor[0;1m ---[m
[[1;34mINFO[m] outputDirectory: /home/user/Reproducibility-Scanner/benchmarks/bugs-dot-jar/maven/maven-plugin-descriptor/target/generated-sources
[[1;34mINFO[m] 
[[1;34mINFO[m] [1m--- [0;32mmaven-resources-plugin:2.6:resources[m [1m(default-resources)[m @ [36mmaven-plugin-descriptor[0;1m ---[m
[[1;33mWARNING[m] Using platform encoding (UTF-8 actually) to copy filtered resources, i.e. build is platform dependent!
[[1;34mINFO[m] skip non existing resourceDirectory /home/user/Reproducibility-Scanner/benchmarks/bugs-dot-jar/maven/maven-plugin-descriptor/src/main/resources
[[1;34mINFO[m] 
[[1;34mINFO[m] [1m--- [0;32mmaven-compiler-plugin:3.1:compile[m [1m(default-compile)[m @ [36mmaven-plugin-descriptor[0;1m ---[m
[[1;34mINFO[m] Changes detected - recompiling the module!
[[1;33mWARNING[m] File encoding has not been set, using platform encoding UTF-8, i.e. build is platform dependent!
[[1;34mINFO[m] Compiling 15 source files to /home/user/Reproducibility-Scanner/benchmarks/bugs-dot-jar/maven/maven-plugin-descriptor/target/classes
[[1;33mWARNING[m] /home/user/Reproducibility-Scanner/benchmarks/bugs-dot-jar/maven/maven-plugin-descriptor/target/generated-sources/org/apache/maven/plugin/lifecycle/LifecycleConfiguration.java: Some input files use unchecked or unsafe operations.
[[1;33mWARNING[m] /home/user/Reproducibility-Scanner/benchmarks/bugs-dot-jar/maven/maven-plugin-descriptor/target/generated-sources/org/apache/maven/plugin/lifecycle/LifecycleConfiguration.java: Recompile with -Xlint:unchecked for details.
[[1;34mINFO[m] 
[[1;34mINFO[m] [1m--- [0;32mmaven-resources-plugin:2.6:testResources[m [1m(default-testResources)[m @ [36mmaven-plugin-descriptor[0;1m ---[m
[[1;33mWARNING[m] Using platform encoding (UTF-8 actually) to copy filtered resources, i.e. build is platform dependent!
[[1;34mINFO[m] Copying 1 resource
[[1;34mINFO[m] 
[[1;34mINFO[m] [1m--- [0;32mmaven-compiler-plugin:3.1:testCompile[m [1m(default-testCompile)[m @ [36mmaven-plugin-descriptor[0;1m ---[m
[[1;34mINFO[m] Changes detected - recompiling the module!
[[1;33mWARNING[m] File encoding has not been set, using platform encoding UTF-8, i.e. build is platform dependent!
[[1;34mINFO[m] Compiling 1 source file to /home/user/Reproducibility-Scanner/benchmarks/bugs-dot-jar/maven/maven-plugin-descriptor/target/test-classes
[[1;34mINFO[m] 
[[1;34mINFO[m] [1m--- [0;32mmaven-surefire-plugin:2.12.4:test[m [1m(default-test)[m @ [36mmaven-plugin-descriptor[0;1m ---[m
[[1;34mINFO[m] Tests are skipped.
[[1;34mINFO[m] 
[[1;34mINFO[m] [1m--- [0;32mmaven-jar-plugin:2.4:jar[m [1m(default-jar)[m @ [36mmaven-plugin-descriptor[0;1m ---[m
[[1;34mINFO[m] Building jar: /home/user/Reproducibility-Scanner/benchmarks/bugs-dot-jar/maven/maven-plugin-descriptor/target/maven-plugin-descriptor-2.0.1-SNAPSHOT.jar
[[1;34mINFO[m] 
[[1;34mINFO[m] [1m--- [0;32mmaven-install-plugin:2.4:install[m [1m(default-install)[m @ [36mmaven-plugin-descriptor[0;1m ---[m
[[1;34mINFO[m] Installing /home/user/Reproducibility-Scanner/benchmarks/bugs-dot-jar/maven/maven-plugin-descriptor/target/maven-plugin-descriptor-2.0.1-SNAPSHOT.jar to /home/user/.m2/repository/org/apache/maven/maven-plugin-descriptor/2.0.1-SNAPSHOT/maven-plugin-descriptor-2.0.1-SNAPSHOT.jar
[[1;34mINFO[m] Installing /home/user/Reproducibility-Scanner/benchmarks/bugs-dot-jar/maven/maven-plugin-descriptor/pom.xml to /home/user/.m2/repository/org/apache/maven/maven-plugin-descriptor/2.0.1-SNAPSHOT/maven-plugin-descriptor-2.0.1-SNAPSHOT.pom
[[1;34mINFO[m] 
[[1;34mINFO[m] [1m-------------------< [0;36morg.apache.maven:maven-monitor[0;1m >-------------------[m
[[1;34mINFO[m] [1mBuilding Maven Monitor 2.0.1-SNAPSHOT                            [19/28][m
[[1;34mINFO[m] [1m--------------------------------[ jar ]---------------------------------[m
[[1;34mINFO[m] 
[[1;34mINFO[m] [1m--- [0;32mmaven-resources-plugin:2.6:resources[m [1m(default-resources)[m @ [36mmaven-monitor[0;1m ---[m
[[1;33mWARNING[m] Using platform encoding (UTF-8 actually) to copy filtered resources, i.e. build is platform dependent!
[[1;34mINFO[m] skip non existing resourceDirectory /home/user/Reproducibility-Scanner/benchmarks/bugs-dot-jar/maven/maven-monitor/src/main/resources
[[1;34mINFO[m] 
[[1;34mINFO[m] [1m--- [0;32mmaven-compiler-plugin:3.1:compile[m [1m(default-compile)[m @ [36mmaven-monitor[0;1m ---[m
[[1;34mINFO[m] Changes detected - recompiling the module!
[[1;33mWARNING[m] File encoding has not been set, using platform encoding UTF-8, i.e. build is platform dependent!
[[1;34mINFO[m] Compiling 5 source files to /home/user/Reproducibility-Scanner/benchmarks/bugs-dot-jar/maven/maven-monitor/target/classes
[[1;33mWARNING[m] /home/user/Reproducibility-Scanner/benchmarks/bugs-dot-jar/maven/maven-monitor/src/main/java/org/apache/maven/monitor/event/DefaultEventDispatcher.java: /home/user/Reproducibility-Scanner/benchmarks/bugs-dot-jar/maven/maven-monitor/src/main/java/org/apache/maven/monitor/event/DefaultEventDispatcher.java uses unchecked or unsafe operations.
[[1;33mWARNING[m] /home/user/Reproducibility-Scanner/benchmarks/bugs-dot-jar/maven/maven-monitor/src/main/java/org/apache/maven/monitor/event/DefaultEventDispatcher.java: Recompile with -Xlint:unchecked for details.
[[1;34mINFO[m] 
[[1;34mINFO[m] [1m--- [0;32mmaven-resources-plugin:2.6:testResources[m [1m(default-testResources)[m @ [36mmaven-monitor[0;1m ---[m
[[1;33mWARNING[m] Using platform encoding (UTF-8 actually) to copy filtered resources, i.e. build is platform dependent!
[[1;34mINFO[m] skip non existing resourceDirectory /home/user/Reproducibility-Scanner/benchmarks/bugs-dot-jar/maven/maven-monitor/src/test/resources
[[1;34mINFO[m] 
[[1;34mINFO[m] [1m--- [0;32mmaven-compiler-plugin:3.1:testCompile[m [1m(default-testCompile)[m @ [36mmaven-monitor[0;1m ---[m
[[1;34mINFO[m] No sources to compile
[[1;34mINFO[m] 
[[1;34mINFO[m] [1m--- [0;32mmaven-surefire-plugin:2.12.4:test[m [1m(default-test)[m @ [36mmaven-monitor[0;1m ---[m
[[1;34mINFO[m] Tests are skipped.
[[1;34mINFO[m] 
[[1;34mINFO[m] [1m--- [0;32mmaven-jar-plugin:2.4:jar[m [1m(default-jar)[m @ [36mmaven-monitor[0;1m ---[m
[[1;34mINFO[m] Building jar: /home/user/Reproducibility-Scanner/benchmarks/bugs-dot-jar/maven/maven-monitor/target/maven-monitor-2.0.1-SNAPSHOT.jar
[[1;34mINFO[m] 
[[1;34mINFO[m] [1m--- [0;32mmaven-install-plugin:2.4:install[m [1m(default-install)[m @ [36mmaven-monitor[0;1m ---[m
[[1;34mINFO[m] Installing /home/user/Reproducibility-Scanner/benchmarks/bugs-dot-jar/maven/maven-monitor/target/maven-monitor-2.0.1-SNAPSHOT.jar to /home/user/.m2/repository/org/apache/maven/maven-monitor/2.0.1-SNAPSHOT/maven-monitor-2.0.1-SNAPSHOT.jar
[[1;34mINFO[m] Installing /home/user/Reproducibility-Scanner/benchmarks/bugs-dot-jar/maven/maven-monitor/pom.xml to /home/user/.m2/repository/org/apache/maven/maven-monitor/2.0.1-SNAPSHOT/maven-monitor-2.0.1-SNAPSHOT.pom
[[1;34mINFO[m] 
[[1;34mINFO[m] [1m--------------------< [0;36morg.apache.maven:maven-core[0;1m >---------------------[m
[[1;34mINFO[m] [1mBuilding Maven 2.0.1-SNAPSHOT                                    [20/28][m
[[1;34mINFO[m] [1m--------------------------------[ jar ]---------------------------------[m
Downloading from snapshots: http://snapshots.maven.codehaus.org/maven2/org/apache/maven/reporting/maven-reporting-api/2.0.1-SNAPSHOT/maven-metadata.xml
[[1;33mWARNING[m] Could not transfer metadata org.apache.maven.reporting:maven-reporting-api:2.0.1-SNAPSHOT/maven-metadata.xml from/to snapshots (http://snapshots.maven.codehaus.org/maven2): Transfer failed for http://snapshots.maven.codehaus.org/maven2/org/apache/maven/reporting/maven-reporting-api/2.0.1-SNAPSHOT/maven-metadata.xml
Downloading from central: https://repo.maven.apache.org/maven2/org/apache/maven/wagon/wagon-ssh/1.0-alpha-5/wagon-ssh-1.0-alpha-5.pom
Progress (1): 4.1/6.3 kBProgress (1): 6.3 kB                        Downloaded from central: https://repo.maven.apache.org/maven2/org/apache/maven/wagon/wagon-ssh/1.0-alpha-5/wagon-ssh-1.0-alpha-5.pom (6.3 kB at 452 kB/s)
Downloading from central: https://repo.maven.apache.org/maven2/com/jcraft/jsch/0.1.23/jsch-0.1.23.pom
Progress (1): 485 B                   Downloaded from central: https://repo.maven.apache.org/maven2/com/jcraft/jsch/0.1.23/jsch-0.1.23.pom (485 B at 35 kB/s)
[[1;33mWARNING[m] Failure to transfer org.apache.maven.reporting:maven-reporting-api:2.0.1-SNAPSHOT/maven-metadata.xml from http://snapshots.maven.codehaus.org/maven2 was cached in the local repository, resolution will not be reattempted until the update interval of snapshots has elapsed or updates are forced. Original error: Could not transfer metadata org.apache.maven.reporting:maven-reporting-api:2.0.1-SNAPSHOT/maven-metadata.xml from/to snapshots (http://snapshots.maven.codehaus.org/maven2): Transfer failed for http://snapshots.maven.codehaus.org/maven2/org/apache/maven/reporting/maven-reporting-api/2.0.1-SNAPSHOT/maven-metadata.xml
Downloading from snapshots: http://snapshots.maven.codehaus.org/maven2/org/apache/maven/reporting/maven-reporting-api/2.0.1-SNAPSHOT/maven-reporting-api-2.0.1-SNAPSHOT.jar
Downloading from snapshots: http://snapshots.maven.codehaus.org/maven2/org/codehaus/doxia/doxia-sink-api/1.0-alpha-6-SNAPSHOT/doxia-sink-api-1.0-alpha-6-SNAPSHOT.jar
Downloading from central: https://repo.maven.apache.org/maven2/org/apache/maven/wagon/wagon-ssh/1.0-alpha-5/wagon-ssh-1.0-alpha-5.jar
Downloading from central: https://repo.maven.apache.org/maven2/com/jcraft/jsch/0.1.23/jsch-0.1.23.jar
Progress (1): 4.1/34 kBProgress (1): 8.2/34 kBProgress (1): 12/34 kB Progress (2): 12/34 kB | 4.1/116 kBProgress (2): 16/34 kB | 4.1/116 kBProgress (2): 16/34 kB | 8.2/116 kBProgress (2): 16/34 kB | 12/116 kB Progress (2): 16/34 kB | 16/116 kBProgress (2): 20/34 kB | 16/116 kBProgress (2): 24/34 kB | 16/116 kBProgress (2): 28/34 kB | 16/116 kBProgress (2): 28/34 kB | 20/116 kBProgress (2): 32/34 kB | 20/116 kBProgress (2): 32/34 kB | 24/116 kBProgress (2): 34 kB | 24/116 kB   Progress (2): 34 kB | 28/116 kBProgress (2): 34 kB | 32/116 kBProgress (2): 34 kB | 36/116 kBProgress (2): 34 kB | 40/116 kBProgress (2): 34 kB | 45/116 kBProgress (2): 34 kB | 49/116 kBProgress (2): 34 kB | 53/116 kBProgress (2): 34 kB | 57/116 kBProgress (2): 34 kB | 61/116 kBProgress (2): 34 kB | 65/116 kBProgress (2): 34 kB | 69/116 kBProgress (2): 34 kB | 73/116 kBProgress (2): 34 kB | 77/116 kBProgress (2): 34 kB | 81/116 kBProgress (2): 34 kB | 85/116 kBProgress (2): 34 kB | 90/116 kBProgress (2): 34 kB | 94/116 kB                               Downloaded from central: https://repo.maven.apache.org/maven2/org/apache/maven/wagon/wagon-ssh/1.0-alpha-5/wagon-ssh-1.0-alpha-5.jar (34 kB at 1.4 MB/s)
Progress (1): 98/116 kBProgress (1): 102/116 kBProgress (1): 106/116 kBProgress (1): 110/116 kBProgress (1): 114/116 kBProgress (1): 116 kB                        Downloaded from central: https://repo.maven.apache.org/maven2/com/jcraft/jsch/0.1.23/jsch-0.1.23.jar (116 kB at 3.4 MB/s)
[[1;34mINFO[m] 
[[1;34mINFO[m] [1m----------------< [0;36morg.apache.maven:maven-plugin-tools[0;1m >-----------------[m
[[1;34mINFO[m] [1mBuilding Maven Plugin Tools Base POM 2.0.1-SNAPSHOT              [21/28][m
[[1;34mINFO[m] [1m--------------------------------[ pom ]---------------------------------[m
[[1;34mINFO[m] 
[[1;34mINFO[m] [1m--- [0;32mmaven-install-plugin:2.4:install[m [1m(default-install)[m @ [36mmaven-plugin-tools[0;1m ---[m
[[1;34mINFO[m] Installing /home/user/Reproducibility-Scanner/benchmarks/bugs-dot-jar/maven/maven-plugin-tools/pom.xml to /home/user/.m2/repository/org/apache/maven/maven-plugin-tools/2.0.1-SNAPSHOT/maven-plugin-tools-2.0.1-SNAPSHOT.pom
[[1;34mINFO[m] 
[[1;34mINFO[m] [1m--------------< [0;36morg.apache.maven:maven-plugin-tools-api[0;1m >---------------[m
[[1;34mINFO[m] [1mBuilding Maven Plugin Tools APIs 2.0.1-SNAPSHOT                  [22/28][m
[[1;34mINFO[m] [1m--------------------------------[ jar ]---------------------------------[m
[[1;34mINFO[m] 
[[1;34mINFO[m] [1m--- [0;32mmaven-resources-plugin:2.6:resources[m [1m(default-resources)[m @ [36mmaven-plugin-tools-api[0;1m ---[m
[[1;33mWARNING[m] Using platform encoding (UTF-8 actually) to copy filtered resources, i.e. build is platform dependent!
[[1;34mINFO[m] Copying 1 resource
[[1;34mINFO[m] 
[[1;34mINFO[m] [1m--- [0;32mmaven-compiler-plugin:3.1:compile[m [1m(default-compile)[m @ [36mmaven-plugin-tools-api[0;1m ---[m
[[1;34mINFO[m] Changes detected - recompiling the module!
[[1;33mWARNING[m] File encoding has not been set, using platform encoding UTF-8, i.e. build is platform dependent!
[[1;34mINFO[m] Compiling 9 source files to /home/user/Reproducibility-Scanner/benchmarks/bugs-dot-jar/maven/maven-plugin-tools/maven-plugin-tools-api/target/classes
[[1;33mWARNING[m] /home/user/Reproducibility-Scanner/benchmarks/bugs-dot-jar/maven/maven-plugin-tools/maven-plugin-tools-api/src/main/java/org/apache/maven/tools/plugin/util/PluginUtils.java: Some input files use unchecked or unsafe operations.
[[1;33mWARNING[m] /home/user/Reproducibility-Scanner/benchmarks/bugs-dot-jar/maven/maven-plugin-tools/maven-plugin-tools-api/src/main/java/org/apache/maven/tools/plugin/util/PluginUtils.java: Recompile with -Xlint:unchecked for details.
[[1;34mINFO[m] 
[[1;34mINFO[m] [1m--- [0;32mmaven-resources-plugin:2.6:testResources[m [1m(default-testResources)[m @ [36mmaven-plugin-tools-api[0;1m ---[m
[[1;33mWARNING[m] Using platform encoding (UTF-8 actually) to copy filtered resources, i.e. build is platform dependent!
[[1;34mINFO[m] Copying 3 resources
[[1;34mINFO[m] 
[[1;34mINFO[m] [1m--- [0;32mmaven-compiler-plugin:3.1:testCompile[m [1m(default-testCompile)[m @ [36mmaven-plugin-tools-api[0;1m ---[m
[[1;34mINFO[m] Changes detected - recompiling the module!
[[1;33mWARNING[m] File encoding has not been set, using platform encoding UTF-8, i.e. build is platform dependent!
[[1;34mINFO[m] Compiling 7 source files to /home/user/Reproducibility-Scanner/benchmarks/bugs-dot-jar/maven/maven-plugin-tools/maven-plugin-tools-api/target/test-classes
[[1;33mWARNING[m] /home/user/Reproducibility-Scanner/benchmarks/bugs-dot-jar/maven/maven-plugin-tools/maven-plugin-tools-api/src/test/java/org/apache/maven/tools/plugin/generator/AbstractGeneratorTestCase.java: /home/user/Reproducibility-Scanner/benchmarks/bugs-dot-jar/maven/maven-plugin-tools/maven-plugin-tools-api/src/test/java/org/apache/maven/tools/plugin/generator/AbstractGeneratorTestCase.java uses unchecked or unsafe operations.
[[1;33mWARNING[m] /home/user/Reproducibility-Scanner/benchmarks/bugs-dot-jar/maven/maven-plugin-tools/maven-plugin-tools-api/src/test/java/org/apache/maven/tools/plugin/generator/AbstractGeneratorTestCase.java: Recompile with -Xlint:unchecked for details.
[[1;34mINFO[m] 
[[1;34mINFO[m] [1m--- [0;32mmaven-surefire-plugin:2.12.4:test[m [1m(default-test)[m @ [36mmaven-plugin-tools-api[0;1m ---[m
[[1;34mINFO[m] Tests are skipped.
[[1;34mINFO[m] 
[[1;34mINFO[m] [1m--- [0;32mmaven-jar-plugin:2.4:jar[m [1m(default-jar)[m @ [36mmaven-plugin-tools-api[0;1m ---[m
[[1;34mINFO[m] Building jar: /home/user/Reproducibility-Scanner/benchmarks/bugs-dot-jar/maven/maven-plugin-tools/maven-plugin-tools-api/target/maven-plugin-tools-api-2.0.1-SNAPSHOT.jar
[[1;34mINFO[m] 
[[1;34mINFO[m] [1m--- [0;32mmaven-install-plugin:2.4:install[m [1m(default-install)[m @ [36mmaven-plugin-tools-api[0;1m ---[m
[[1;34mINFO[m] Installing /home/user/Reproducibility-Scanner/benchmarks/bugs-dot-jar/maven/maven-plugin-tools/maven-plugin-tools-api/target/maven-plugin-tools-api-2.0.1-SNAPSHOT.jar to /home/user/.m2/repository/org/apache/maven/maven-plugin-tools-api/2.0.1-SNAPSHOT/maven-plugin-tools-api-2.0.1-SNAPSHOT.jar
[[1;34mINFO[m] Installing /home/user/Reproducibility-Scanner/benchmarks/bugs-dot-jar/maven/maven-plugin-tools/maven-plugin-tools-api/pom.xml to /home/user/.m2/repository/org/apache/maven/maven-plugin-tools-api/2.0.1-SNAPSHOT/maven-plugin-tools-api-2.0.1-SNAPSHOT.pom
[[1;34mINFO[m] 
[[1;34mINFO[m] [1m--------------< [0;36morg.apache.maven:maven-plugin-tools-java[0;1m >--------------[m
[[1;34mINFO[m] [1mBuilding Maven Plugin Tools for Java 2.0.1-SNAPSHOT              [23/28][m
[[1;34mINFO[m] [1m--------------------------------[ jar ]---------------------------------[m
[[1;34mINFO[m] 
[[1;34mINFO[m] [1m--- [0;32mmaven-resources-plugin:2.6:resources[m [1m(default-resources)[m @ [36mmaven-plugin-tools-java[0;1m ---[m
[[1;33mWARNING[m] Using platform encoding (UTF-8 actually) to copy filtered resources, i.e. build is platform dependent!
[[1;34mINFO[m] Copying 1 resource
[[1;34mINFO[m] 
[[1;34mINFO[m] [1m--- [0;32mmaven-compiler-plugin:3.1:compile[m [1m(default-compile)[m @ [36mmaven-plugin-tools-java[0;1m ---[m
[[1;34mINFO[m] Changes detected - recompiling the module!
[[1;33mWARNING[m] File encoding has not been set, using platform encoding UTF-8, i.e. build is platform dependent!
[[1;34mINFO[m] Compiling 1 source file to /home/user/Reproducibility-Scanner/benchmarks/bugs-dot-jar/maven/maven-plugin-tools/maven-plugin-tools-java/target/classes
[[1;33mWARNING[m] /home/user/Reproducibility-Scanner/benchmarks/bugs-dot-jar/maven/maven-plugin-tools/maven-plugin-tools-java/src/main/java/org/apache/maven/tools/plugin/extractor/java/JavaMojoDescriptorExtractor.java: /home/user/Reproducibility-Scanner/benchmarks/bugs-dot-jar/maven/maven-plugin-tools/maven-plugin-tools-java/src/main/java/org/apache/maven/tools/plugin/extractor/java/JavaMojoDescriptorExtractor.java uses unchecked or unsafe operations.
[[1;33mWARNING[m] /home/user/Reproducibility-Scanner/benchmarks/bugs-dot-jar/maven/maven-plugin-tools/maven-plugin-tools-java/src/main/java/org/apache/maven/tools/plugin/extractor/java/JavaMojoDescriptorExtractor.java: Recompile with -Xlint:unchecked for details.
[[1;34mINFO[m] 
[[1;34mINFO[m] [1m--- [0;32mmaven-resources-plugin:2.6:testResources[m [1m(default-testResources)[m @ [36mmaven-plugin-tools-java[0;1m ---[m
[[1;33mWARNING[m] Using platform encoding (UTF-8 actually) to copy filtered resources, i.e. build is platform dependent!
[[1;34mINFO[m] Copying 3 resources
[[1;34mINFO[m] 
[[1;34mINFO[m] [1m--- [0;32mmaven-compiler-plugin:3.1:testCompile[m [1m(default-testCompile)[m @ [36mmaven-plugin-tools-java[0;1m ---[m
[[1;34mINFO[m] Changes detected - recompiling the module!
[[1;33mWARNING[m] File encoding has not been set, using platform encoding UTF-8, i.e. build is platform dependent!
[[1;34mINFO[m] Compiling 1 source file to /home/user/Reproducibility-Scanner/benchmarks/bugs-dot-jar/maven/maven-plugin-tools/maven-plugin-tools-java/target/test-classes
[[1;34mINFO[m] 
[[1;34mINFO[m] [1m--- [0;32mmaven-surefire-plugin:2.12.4:test[m [1m(default-test)[m @ [36mmaven-plugin-tools-java[0;1m ---[m
[[1;34mINFO[m] Tests are skipped.
[[1;34mINFO[m] 
[[1;34mINFO[m] [1m--- [0;32mmaven-jar-plugin:2.4:jar[m [1m(default-jar)[m @ [36mmaven-plugin-tools-java[0;1m ---[m
[[1;34mINFO[m] Building jar: /home/user/Reproducibility-Scanner/benchmarks/bugs-dot-jar/maven/maven-plugin-tools/maven-plugin-tools-java/target/maven-plugin-tools-java-2.0.1-SNAPSHOT.jar
[[1;34mINFO[m] 
[[1;34mINFO[m] [1m--- [0;32mmaven-install-plugin:2.4:install[m [1m(default-install)[m @ [36mmaven-plugin-tools-java[0;1m ---[m
[[1;34mINFO[m] Installing /home/user/Reproducibility-Scanner/benchmarks/bugs-dot-jar/maven/maven-plugin-tools/maven-plugin-tools-java/target/maven-plugin-tools-java-2.0.1-SNAPSHOT.jar to /home/user/.m2/repository/org/apache/maven/maven-plugin-tools-java/2.0.1-SNAPSHOT/maven-plugin-tools-java-2.0.1-SNAPSHOT.jar
[[1;34mINFO[m] Installing /home/user/Reproducibility-Scanner/benchmarks/bugs-dot-jar/maven/maven-plugin-tools/maven-plugin-tools-java/pom.xml to /home/user/.m2/repository/org/apache/maven/maven-plugin-tools-java/2.0.1-SNAPSHOT/maven-plugin-tools-java-2.0.1-SNAPSHOT.pom
[[1;34mINFO[m] 
[[1;34mINFO[m] [1m-----------< [0;36morg.apache.maven:maven-plugin-tools-beanshell[0;1m >------------[m
[[1;34mINFO[m] [1mBuilding Maven Plugin Tools for Beanshell 2.0.1-SNAPSHOT         [24/28][m
[[1;34mINFO[m] [1m--------------------------------[ jar ]---------------------------------[m
[[1;34mINFO[m] 
[[1;34mINFO[m] [1m--- [0;32mmaven-resources-plugin:2.6:resources[m [1m(default-resources)[m @ [36mmaven-plugin-tools-beanshell[0;1m ---[m
[[1;33mWARNING[m] Using platform encoding (UTF-8 actually) to copy filtered resources, i.e. build is platform dependent!
[[1;34mINFO[m] Copying 2 resources
[[1;34mINFO[m] 
[[1;34mINFO[m] [1m--- [0;32mmaven-compiler-plugin:3.1:compile[m [1m(default-compile)[m @ [36mmaven-plugin-tools-beanshell[0;1m ---[m
[[1;34mINFO[m] Changes detected - recompiling the module!
[[1;33mWARNING[m] File encoding has not been set, using platform encoding UTF-8, i.e. build is platform dependent!
[[1;34mINFO[m] Compiling 1 source file to /home/user/Reproducibility-Scanner/benchmarks/bugs-dot-jar/maven/maven-plugin-tools/maven-plugin-tools-beanshell/target/classes
[[1;33mWARNING[m] /home/user/Reproducibility-Scanner/benchmarks/bugs-dot-jar/maven/maven-plugin-tools/maven-plugin-tools-beanshell/src/main/java/org/apache/maven/tools/plugin/extractor/beanshell/BeanshellMojoDescriptorExtractor.java: /home/user/Reproducibility-Scanner/benchmarks/bugs-dot-jar/maven/maven-plugin-tools/maven-plugin-tools-beanshell/src/main/java/org/apache/maven/tools/plugin/extractor/beanshell/BeanshellMojoDescriptorExtractor.java uses unchecked or unsafe operations.
[[1;33mWARNING[m] /home/user/Reproducibility-Scanner/benchmarks/bugs-dot-jar/maven/maven-plugin-tools/maven-plugin-tools-beanshell/src/main/java/org/apache/maven/tools/plugin/extractor/beanshell/BeanshellMojoDescriptorExtractor.java: Recompile with -Xlint:unchecked for details.
[[1;34mINFO[m] 
[[1;34mINFO[m] [1m--- [0;32mmaven-resources-plugin:2.6:testResources[m [1m(default-testResources)[m @ [36mmaven-plugin-tools-beanshell[0;1m ---[m
[[1;33mWARNING[m] Using platform encoding (UTF-8 actually) to copy filtered resources, i.e. build is platform dependent!
[[1;34mINFO[m] skip non existing resourceDirectory /home/user/Reproducibility-Scanner/benchmarks/bugs-dot-jar/maven/maven-plugin-tools/maven-plugin-tools-beanshell/src/test/resources
[[1;34mINFO[m] 
[[1;34mINFO[m] [1m--- [0;32mmaven-compiler-plugin:3.1:testCompile[m [1m(default-testCompile)[m @ [36mmaven-plugin-tools-beanshell[0;1m ---[m
[[1;34mINFO[m] No sources to compile
[[1;34mINFO[m] 
[[1;34mINFO[m] [1m--- [0;32mmaven-surefire-plugin:2.12.4:test[m [1m(default-test)[m @ [36mmaven-plugin-tools-beanshell[0;1m ---[m
[[1;34mINFO[m] Tests are skipped.
[[1;34mINFO[m] 
[[1;34mINFO[m] [1m--- [0;32mmaven-jar-plugin:2.4:jar[m [1m(default-jar)[m @ [36mmaven-plugin-tools-beanshell[0;1m ---[m
[[1;34mINFO[m] Building jar: /home/user/Reproducibility-Scanner/benchmarks/bugs-dot-jar/maven/maven-plugin-tools/maven-plugin-tools-beanshell/target/maven-plugin-tools-beanshell-2.0.1-SNAPSHOT.jar
[[1;34mINFO[m] 
[[1;34mINFO[m] [1m--- [0;32mmaven-install-plugin:2.4:install[m [1m(default-install)[m @ [36mmaven-plugin-tools-beanshell[0;1m ---[m
[[1;34mINFO[m] Installing /home/user/Reproducibility-Scanner/benchmarks/bugs-dot-jar/maven/maven-plugin-tools/maven-plugin-tools-beanshell/target/maven-plugin-tools-beanshell-2.0.1-SNAPSHOT.jar to /home/user/.m2/repository/org/apache/maven/maven-plugin-tools-beanshell/2.0.1-SNAPSHOT/maven-plugin-tools-beanshell-2.0.1-SNAPSHOT.jar
[[1;34mINFO[m] Installing /home/user/Reproducibility-Scanner/benchmarks/bugs-dot-jar/maven/maven-plugin-tools/maven-plugin-tools-beanshell/pom.xml to /home/user/.m2/repository/org/apache/maven/maven-plugin-tools-beanshell/2.0.1-SNAPSHOT/maven-plugin-tools-beanshell-2.0.1-SNAPSHOT.pom
[[1;34mINFO[m] 
[[1;34mINFO[m] [1m-------------< [0;36morg.apache.maven:maven-plugin-tools-pluggy[0;1m >-------------[m
[[1;34mINFO[m] [1mBuilding Maven Pluggy Simplistic Plugin Generator 2.0.1-SNAPSHOT [25/28][m
[[1;34mINFO[m] [1m--------------------------------[ jar ]---------------------------------[m
[[1;34mINFO[m] 
[[1;34mINFO[m] [1m--- [0;32mmaven-resources-plugin:2.6:resources[m [1m(default-resources)[m @ [36mmaven-plugin-tools-pluggy[0;1m ---[m
[[1;33mWARNING[m] Using platform encoding (UTF-8 actually) to copy filtered resources, i.e. build is platform dependent!
[[1;34mINFO[m] skip non existing resourceDirectory /home/user/Reproducibility-Scanner/benchmarks/bugs-dot-jar/maven/maven-plugin-tools/maven-plugin-tools-pluggy/src/main/resources
[[1;34mINFO[m] 
[[1;34mINFO[m] [1m--- [0;32mmaven-compiler-plugin:3.1:compile[m [1m(default-compile)[m @ [36mmaven-plugin-tools-pluggy[0;1m ---[m
[[1;34mINFO[m] Changes detected - recompiling the module!
[[1;33mWARNING[m] File encoding has not been set, using platform encoding UTF-8, i.e. build is platform dependent!
[[1;34mINFO[m] Compiling 1 source file to /home/user/Reproducibility-Scanner/benchmarks/bugs-dot-jar/maven/maven-plugin-tools/maven-plugin-tools-pluggy/target/classes
[[1;34mINFO[m] 
[[1;34mINFO[m] [1m--- [0;32mmaven-resources-plugin:2.6:testResources[m [1m(default-testResources)[m @ [36mmaven-plugin-tools-pluggy[0;1m ---[m
[[1;33mWARNING[m] Using platform encoding (UTF-8 actually) to copy filtered resources, i.e. build is platform dependent!
[[1;34mINFO[m] skip non existing resourceDirectory /home/user/Reproducibility-Scanner/benchmarks/bugs-dot-jar/maven/maven-plugin-tools/maven-plugin-tools-pluggy/src/test/resources
[[1;34mINFO[m] 
[[1;34mINFO[m] [1m--- [0;32mmaven-compiler-plugin:3.1:testCompile[m [1m(default-testCompile)[m @ [36mmaven-plugin-tools-pluggy[0;1m ---[m
[[1;34mINFO[m] No sources to compile
[[1;34mINFO[m] 
[[1;34mINFO[m] [1m--- [0;32mmaven-surefire-plugin:2.12.4:test[m [1m(default-test)[m @ [36mmaven-plugin-tools-pluggy[0;1m ---[m
[[1;34mINFO[m] Tests are skipped.
[[1;34mINFO[m] 
[[1;34mINFO[m] [1m--- [0;32mmaven-jar-plugin:2.4:jar[m [1m(default-jar)[m @ [36mmaven-plugin-tools-pluggy[0;1m ---[m
[[1;34mINFO[m] Building jar: /home/user/Reproducibility-Scanner/benchmarks/bugs-dot-jar/maven/maven-plugin-tools/maven-plugin-tools-pluggy/target/maven-plugin-tools-pluggy-2.0.1-SNAPSHOT.jar
[[1;34mINFO[m] 
[[1;34mINFO[m] [1m--- [0;32mmaven-install-plugin:2.4:install[m [1m(default-install)[m @ [36mmaven-plugin-tools-pluggy[0;1m ---[m
[[1;34mINFO[m] Installing /home/user/Reproducibility-Scanner/benchmarks/bugs-dot-jar/maven/maven-plugin-tools/maven-plugin-tools-pluggy/target/maven-plugin-tools-pluggy-2.0.1-SNAPSHOT.jar to /home/user/.m2/repository/org/apache/maven/maven-plugin-tools-pluggy/2.0.1-SNAPSHOT/maven-plugin-tools-pluggy-2.0.1-SNAPSHOT.jar
[[1;34mINFO[m] Installing /home/user/Reproducibility-Scanner/benchmarks/bugs-dot-jar/maven/maven-plugin-tools/maven-plugin-tools-pluggy/pom.xml to /home/user/.m2/repository/org/apache/maven/maven-plugin-tools-pluggy/2.0.1-SNAPSHOT/maven-plugin-tools-pluggy-2.0.1-SNAPSHOT.pom
[[1;34mINFO[m] 
[[1;34mINFO[m] [1m----------< [0;36morg.apache.maven.reporting:maven-reporting-impl[0;1m >-----------[m
[[1;34mINFO[m] [1mBuilding Maven Reporting 2.0.1-SNAPSHOT                          [26/28][m
[[1;34mINFO[m] [1m--------------------------------[ jar ]---------------------------------[m
Downloading from snapshots: http://snapshots.maven.codehaus.org/maven2/org/codehaus/doxia/doxia-core/1.0-alpha-6-SNAPSHOT/maven-metadata.xml
[[1;33mWARNING[m] Could not transfer metadata org.codehaus.doxia:doxia-core:1.0-alpha-6-SNAPSHOT/maven-metadata.xml from/to snapshots (http://snapshots.maven.codehaus.org/maven2): Transfer failed for http://snapshots.maven.codehaus.org/maven2/org/codehaus/doxia/doxia-core/1.0-alpha-6-SNAPSHOT/maven-metadata.xml
[[1;33mWARNING[m] Failure to transfer org.codehaus.doxia:doxia-core:1.0-alpha-6-SNAPSHOT/maven-metadata.xml from http://snapshots.maven.codehaus.org/maven2 was cached in the local repository, resolution will not be reattempted until the update interval of snapshots has elapsed or updates are forced. Original error: Could not transfer metadata org.codehaus.doxia:doxia-core:1.0-alpha-6-SNAPSHOT/maven-metadata.xml from/to snapshots (http://snapshots.maven.codehaus.org/maven2): Transfer failed for http://snapshots.maven.codehaus.org/maven2/org/codehaus/doxia/doxia-core/1.0-alpha-6-SNAPSHOT/maven-metadata.xml
Downloading from snapshots: http://snapshots.maven.codehaus.org/maven2/org/codehaus/doxia/doxia-core/1.0-alpha-6-SNAPSHOT/doxia-core-1.0-alpha-6-SNAPSHOT.pom
[[1;34mINFO[m] 
[[1;34mINFO[m] [1m-------------------< [0;36morg.apache.maven:maven-script[0;1m >--------------------[m
[[1;34mINFO[m] [1mBuilding Maven Script Support Root 2.0.1-SNAPSHOT                [27/28][m
[[1;34mINFO[m] [1m--------------------------------[ pom ]---------------------------------[m
[[1;34mINFO[m] 
[[1;34mINFO[m] [1m--- [0;32mmaven-install-plugin:2.4:install[m [1m(default-install)[m @ [36mmaven-script[0;1m ---[m
[[1;34mINFO[m] Installing /home/user/Reproducibility-Scanner/benchmarks/bugs-dot-jar/maven/maven-script/pom.xml to /home/user/.m2/repository/org/apache/maven/maven-script/2.0.1-SNAPSHOT/maven-script-2.0.1-SNAPSHOT.pom
[[1;34mINFO[m] 
[[1;34mINFO[m] [1m--------------< [0;36morg.apache.maven:maven-script-beanshell[0;1m >---------------[m
[[1;34mINFO[m] [1mBuilding Maven Beanshell Mojo Support 2.0.1-SNAPSHOT             [28/28][m
[[1;34mINFO[m] [1m--------------------------------[ jar ]---------------------------------[m
[[1;34mINFO[m] 
[[1;34mINFO[m] [1m--- [0;32mmaven-resources-plugin:2.6:resources[m [1m(default-resources)[m @ [36mmaven-script-beanshell[0;1m ---[m
[[1;33mWARNING[m] Using platform encoding (UTF-8 actually) to copy filtered resources, i.e. build is platform dependent!
[[1;34mINFO[m] skip non existing resourceDirectory /home/user/Reproducibility-Scanner/benchmarks/bugs-dot-jar/maven/maven-script/maven-script-beanshell/src/main/resources
[[1;34mINFO[m] 
[[1;34mINFO[m] [1m--- [0;32mmaven-compiler-plugin:3.1:compile[m [1m(default-compile)[m @ [36mmaven-script-beanshell[0;1m ---[m
[[1;34mINFO[m] Changes detected - recompiling the module!
[[1;33mWARNING[m] File encoding has not been set, using platform encoding UTF-8, i.e. build is platform dependent!
[[1;34mINFO[m] Compiling 1 source file to /home/user/Reproducibility-Scanner/benchmarks/bugs-dot-jar/maven/maven-script/maven-script-beanshell/target/classes
[[1;34mINFO[m] 
[[1;34mINFO[m] [1m--- [0;32mmaven-resources-plugin:2.6:testResources[m [1m(default-testResources)[m @ [36mmaven-script-beanshell[0;1m ---[m
[[1;33mWARNING[m] Using platform encoding (UTF-8 actually) to copy filtered resources, i.e. build is platform dependent!
[[1;34mINFO[m] skip non existing resourceDirectory /home/user/Reproducibility-Scanner/benchmarks/bugs-dot-jar/maven/maven-script/maven-script-beanshell/src/test/resources
[[1;34mINFO[m] 
[[1;34mINFO[m] [1m--- [0;32mmaven-compiler-plugin:3.1:testCompile[m [1m(default-testCompile)[m @ [36mmaven-script-beanshell[0;1m ---[m
[[1;34mINFO[m] No sources to compile
[[1;34mINFO[m] 
[[1;34mINFO[m] [1m--- [0;32mmaven-surefire-plugin:2.12.4:test[m [1m(default-test)[m @ [36mmaven-script-beanshell[0;1m ---[m
[[1;34mINFO[m] Tests are skipped.
[[1;34mINFO[m] 
[[1;34mINFO[m] [1m--- [0;32mmaven-jar-plugin:2.4:jar[m [1m(default-jar)[m @ [36mmaven-script-beanshell[0;1m ---[m
[[1;34mINFO[m] Building jar: /home/user/Reproducibility-Scanner/benchmarks/bugs-dot-jar/maven/maven-script/maven-script-beanshell/target/maven-script-beanshell-2.0.1-SNAPSHOT.jar
[[1;34mINFO[m] 
[[1;34mINFO[m] [1m--- [0;32mmaven-install-plugin:2.4:install[m [1m(default-install)[m @ [36mmaven-script-beanshell[0;1m ---[m
[[1;34mINFO[m] Installing /home/user/Reproducibility-Scanner/benchmarks/bugs-dot-jar/maven/maven-script/maven-script-beanshell/target/maven-script-beanshell-2.0.1-SNAPSHOT.jar to /home/user/.m2/repository/org/apache/maven/maven-script-beanshell/2.0.1-SNAPSHOT/maven-script-beanshell-2.0.1-SNAPSHOT.jar
[[1;34mINFO[m] Installing /home/user/Reproducibility-Scanner/benchmarks/bugs-dot-jar/maven/maven-script/maven-script-beanshell/pom.xml to /home/user/.m2/repository/org/apache/maven/maven-script-beanshell/2.0.1-SNAPSHOT/maven-script-beanshell-2.0.1-SNAPSHOT.pom
[[1;34mINFO[m] [1m------------------------------------------------------------------------[m
[[1;34mINFO[m] [1mReactor Summary for Maven 2.0.1-SNAPSHOT:[m
[[1;34mINFO[m] 
[[1;34mINFO[m] Maven .............................................. [1;32mSUCCESS[m [  0.203 s]
[[1;34mINFO[m] Maven Model ........................................ [1;32mSUCCESS[m [  8.806 s]
[[1;34mINFO[m] Maven Local Settings Model ......................... [1;32mSUCCESS[m [  0.239 s]
[[1;34mINFO[m] Maven Repository Metadata Model .................... [1;32mSUCCESS[m [  0.090 s]
[[1;34mINFO[m] Maven Artifact ..................................... [1;32mSUCCESS[m [  0.349 s]
[[1;34mINFO[m] Maven Artifact Manager ............................. [1;32mSUCCESS[m [  0.240 s]
[[1;34mINFO[m] Maven Artifact Test Helper Library ................. [1;32mSUCCESS[m [  0.042 s]
[[1;34mINFO[m] Maven Profile Model ................................ [1;32mSUCCESS[m [  0.103 s]
[[1;34mINFO[m] Maven Project Builder .............................. [1;32mSUCCESS[m [  0.329 s]
[[1;34mINFO[m] Maven Archiver ..................................... [1;32mSUCCESS[m [  0.105 s]
[[1;34mINFO[m] Maven Error Diagnostics ............................ [1;32mSUCCESS[m [  0.048 s]
[[1;34mINFO[m] Maven Tasks for Ant ................................ [1;32mSUCCESS[m [  0.264 s]
[[1;34mINFO[m] Maven Plugin Parameter Documenter API .............. [1;32mSUCCESS[m [  0.084 s]
[[1;34mINFO[m] Maven Reporting .................................... [1;32mSUCCESS[m [  0.003 s]
[[1;34mINFO[m] Maven Reporting API ................................ [1;31mFAILURE[m [  0.060 s]
[[1;34mINFO[m] Maven Plugin Registry Model ........................ [1;32mSUCCESS[m [  0.094 s]
[[1;34mINFO[m] Maven Plugin API ................................... [1;32mSUCCESS[m [  0.058 s]
[[1;34mINFO[m] Maven Plugin Descriptor Model ...................... [1;32mSUCCESS[m [  0.115 s]
[[1;34mINFO[m] Maven Monitor ...................................... [1;32mSUCCESS[m [  0.055 s]
[[1;34mINFO[m] Maven .............................................. [1;31mFAILURE[m [  0.098 s]
[[1;34mINFO[m] Maven Plugin Tools Base POM ........................ [1;32mSUCCESS[m [  0.008 s]
[[1;34mINFO[m] Maven Plugin Tools APIs ............................ [1;32mSUCCESS[m [  0.138 s]
[[1;34mINFO[m] Maven Plugin Tools for Java ........................ [1;32mSUCCESS[m [  0.072 s]
[[1;34mINFO[m] Maven Plugin Tools for Beanshell ................... [1;32mSUCCESS[m [  0.046 s]
[[1;34mINFO[m] Maven Pluggy Simplistic Plugin Generator ........... [1;32mSUCCESS[m [  0.042 s]
[[1;34mINFO[m] Maven Reporting .................................... [1;31mFAILURE[m [  0.008 s]
[[1;34mINFO[m] Maven Script Support Root .......................... [1;32mSUCCESS[m [  0.003 s]
[[1;34mINFO[m] Maven Beanshell Mojo Support ....................... [1;32mSUCCESS[m [  0.050 s]
[[1;34mINFO[m] [1m------------------------------------------------------------------------[m
[[1;34mINFO[m] [1;31mBUILD FAILURE[m
[[1;34mINFO[m] [1m------------------------------------------------------------------------[m
[[1;34mINFO[m] Total time:  11.968 s
[[1;34mINFO[m] Finished at: 2022-07-30T06:10:41-07:00
[[1;34mINFO[m] [1m------------------------------------------------------------------------[m
[[1;31mERROR[m] Failed to execute goal on project [36mmaven-reporting-api[m: [1;31mCould not resolve dependencies for project org.apache.maven.reporting:maven-reporting-api:jar:2.0.1-SNAPSHOT: Failed to collect dependencies at org.codehaus.doxia:doxia-sink-api:jar:1.0-alpha-6-SNAPSHOT[m: Failed to read artifact descriptor for org.codehaus.doxia:doxia-sink-api:jar:1.0-alpha-6-SNAPSHOT: Could not transfer artifact org.codehaus.doxia:doxia-sink-api:pom:1.0-alpha-6-SNAPSHOT from/to snapshots (http://snapshots.maven.codehaus.org/maven2): Transfer failed for http://snapshots.maven.codehaus.org/maven2/org/codehaus/doxia/doxia-sink-api/1.0-alpha-6-SNAPSHOT/doxia-sink-api-1.0-alpha-6-SNAPSHOT.pom: Unknown host snapshots.maven.codehaus.org -> [1m[Help 1][m
[[1;31mERROR[m] Failed to execute goal on project [36mmaven-core[m: [1;31mCould not resolve dependencies for project org.apache.maven:maven-core:jar:2.0.1-SNAPSHOT: The following artifacts could not be resolved: org.apache.maven.reporting:maven-reporting-api:jar:2.0.1-SNAPSHOT, org.codehaus.doxia:doxia-sink-api:jar:1.0-alpha-6-SNAPSHOT: Could not transfer artifact org.apache.maven.reporting:maven-reporting-api:jar:2.0.1-SNAPSHOT from/to snapshots (http://snapshots.maven.codehaus.org/maven2): Transfer failed for http://snapshots.maven.codehaus.org/maven2/org/apache/maven/reporting/maven-reporting-api/2.0.1-SNAPSHOT/maven-reporting-api-2.0.1-SNAPSHOT.jar[m: Unknown host snapshots.maven.codehaus.org -> [1m[Help 1][m
[[1;31mERROR[m] Failed to execute goal on project [36mmaven-reporting-impl[m: [1;31mCould not resolve dependencies for project org.apache.maven.reporting:maven-reporting-impl:jar:2.0.1-SNAPSHOT: Failed to collect dependencies at org.codehaus.doxia:doxia-core:jar:1.0-alpha-6-SNAPSHOT[m: Failed to read artifact descriptor for org.codehaus.doxia:doxia-core:jar:1.0-alpha-6-SNAPSHOT: Could not transfer artifact org.codehaus.doxia:doxia-core:pom:1.0-alpha-6-SNAPSHOT from/to snapshots (http://snapshots.maven.codehaus.org/maven2): Transfer failed for http://snapshots.maven.codehaus.org/maven2/org/codehaus/doxia/doxia-core/1.0-alpha-6-SNAPSHOT/doxia-core-1.0-alpha-6-SNAPSHOT.pom: Unknown host snapshots.maven.codehaus.org -> [1m[Help 1][m
[[1;31mERROR[m] 
[[1;31mERROR[m] To see the full stack trace of the errors, re-run Maven with the [1m-e[m switch.
[[1;31mERROR[m] Re-run Maven using the [1m-X[m switch to enable full debug logging.
[[1;31mERROR[m] 
[[1;31mERROR[m] For more information about the errors and possible solutions, please read the following articles:
[[1;31mERROR[m] [1m[Help 1][m http://cwiki.apache.org/confluence/display/MAVEN/DependencyResolutionException
[[1;31mERROR[m] 
[[1;31mERROR[m] After correcting the problems, you can resume the build with the command
[[1;31mERROR[m]   [1mmvn <args> -rf :maven-reporting-api[m
[[1;34mINFO[m] Build failures were ignored.
[[1;34mINFO[m] Scanning for projects...
[[1;33mWARNING[m] 
[[1;33mWARNING[m] Some problems were encountered while building the effective model for org.apache.maven:maven-core:jar:2.0.1-SNAPSHOT
[[1;33mWARNING[m] The expression ${version} is deprecated. Please use ${project.version} instead.
[[1;33mWARNING[m] 
[[1;33mWARNING[m] It is highly recommended to fix these problems because they threaten the stability of your build.
[[1;33mWARNING[m] 
[[1;33mWARNING[m] For this reason, future Maven versions might no longer support building such malformed projects.
[[1;33mWARNING[m] 
[[1;34mINFO[m] 
[[1;34mINFO[m] [1m------------------< [0;36morg.apache.maven:maven-artifact[0;1m >-------------------[m
[[1;34mINFO[m] [1mBuilding Maven Artifact 2.0.1-SNAPSHOT[m
[[1;34mINFO[m] [1m--------------------------------[ jar ]---------------------------------[m
[[1;34mINFO[m] 
[[1;34mINFO[m] [1m--- [0;32mmaven-resources-plugin:2.6:resources[m [1m(default-resources)[m @ [36mmaven-artifact[0;1m ---[m
[[1;33mWARNING[m] Using platform encoding (UTF-8 actually) to copy filtered resources, i.e. build is platform dependent!
[[1;34mINFO[m] Copying 1 resource
[[1;34mINFO[m] 
[[1;34mINFO[m] [1m--- [0;32mmaven-compiler-plugin:3.1:compile[m [1m(default-compile)[m @ [36mmaven-artifact[0;1m ---[m
[[1;34mINFO[m] Nothing to compile - all classes are up to date
[[1;34mINFO[m] 
[[1;34mINFO[m] [1m--- [0;32mmaven-resources-plugin:2.6:testResources[m [1m(default-testResources)[m @ [36mmaven-artifact[0;1m ---[m
[[1;33mWARNING[m] Using platform encoding (UTF-8 actually) to copy filtered resources, i.e. build is platform dependent!
[[1;34mINFO[m] skip non existing resourceDirectory /home/user/Reproducibility-Scanner/benchmarks/bugs-dot-jar/maven/maven-artifact/src/test/resources
[[1;34mINFO[m] 
[[1;34mINFO[m] [1m--- [0;32mmaven-compiler-plugin:3.1:testCompile[m [1m(default-testCompile)[m @ [36mmaven-artifact[0;1m ---[m
[[1;34mINFO[m] Nothing to compile - all classes are up to date
[[1;34mINFO[m] 
[[1;34mINFO[m] [1m--- [0;32mmaven-surefire-plugin:2.12.4:test[m [1m(default-test)[m @ [36mmaven-artifact[0;1m ---[m
[[1;34mINFO[m] Surefire report directory: /home/user/Reproducibility-Scanner/benchmarks/bugs-dot-jar/maven/maven-artifact/target/surefire-reports

-------------------------------------------------------
 T E S T S
-------------------------------------------------------
Running org.apache.maven.artifact.resolver.DefaultArtifactCollectorTest
Tests run: 24, Failures: 1, Errors: 0, Skipped: 0, Time elapsed: 0.27 sec <<< FAILURE!
testOptionalIncludedAtRoot(org.apache.maven.artifact.resolver.DefaultArtifactCollectorTest)  Time elapsed: 0.013 sec  <<< FAILURE!
junit.framework.AssertionFailedError: Check artifact list expected:<[test:a:jar:1.0, test:b:jar:1.0]> but was:<[test:a:jar:1.0]>
	at junit.framework.Assert.fail(Assert.java:47)
	at junit.framework.Assert.failNotEquals(Assert.java:282)
	at junit.framework.Assert.assertEquals(Assert.java:64)
	at org.apache.maven.artifact.resolver.DefaultArtifactCollectorTest.testOptionalIncludedAtRoot(DefaultArtifactCollectorTest.java:504)

Running org.apache.maven.artifact.factory.DefaultArtifactFactoryTest
Tests run: 1, Failures: 0, Errors: 0, Skipped: 0, Time elapsed: 0 sec
Running org.apache.maven.artifact.versioning.VersionRangeTest
Tests run: 3, Failures: 0, Errors: 0, Skipped: 0, Time elapsed: 0 sec
Running org.apache.maven.artifact.versioning.DefaultArtifactVersionTest
Tests run: 2, Failures: 0, Errors: 0, Skipped: 0, Time elapsed: 0 sec

Results :

Failed tests:   testOptionalIncludedAtRoot(org.apache.maven.artifact.resolver.DefaultArtifactCollectorTest): Check artifact list expected:<[test:a:jar:1.0, test:b:jar:1.0]> but was:<[test:a:jar:1.0]>

Tests run: 30, Failures: 1, Errors: 0, Skipped: 0

[[1;34mINFO[m] [1m------------------------------------------------------------------------[m
[[1;34mINFO[m] [1;31mBUILD FAILURE[m
[[1;34mINFO[m] [1m------------------------------------------------------------------------[m
[[1;34mINFO[m] Total time:  1.482 s
[[1;34mINFO[m] Finished at: 2022-07-30T06:10:44-07:00
[[1;34mINFO[m] [1m------------------------------------------------------------------------[m
[[1;31mERROR[m] Failed to execute goal [32morg.apache.maven.plugins:maven-surefire-plugin:2.12.4:test[m [1m(default-test)[m on project [36mmaven-artifact[m: [1;31mThere are test failures.[m
[[1;31mERROR[m] [1;31m[m
[[1;31mERROR[m] [1;31mPlease refer to /home/user/Reproducibility-Scanner/benchmarks/bugs-dot-jar/maven/maven-artifact/target/surefire-reports for the individual test results.[m
[[1;31mERROR[m] -> [1m[Help 1][m
[[1;31mERROR[m] 
[[1;31mERROR[m] To see the full stack trace of the errors, re-run Maven with the [1m-e[m switch.
[[1;31mERROR[m] Re-run Maven using the [1m-X[m switch to enable full debug logging.
[[1;31mERROR[m] 
[[1;31mERROR[m] For more information about the errors and possible solutions, please read the following articles:
[[1;31mERROR[m] [1m[Help 1][m http://cwiki.apache.org/confluence/display/MAVEN/MojoFailureException