[[1;34mINFO[m] Scanning for projects...
[[1;34mINFO[m] [1m------------------------------------------------------------------------[m
[[1;34mINFO[m] [1mReactor Build Order:[m
[[1;34mINFO[m] 
[[1;34mINFO[m] accumulo                                                           [pom]
[[1;34mINFO[m] cloudtrace                                                         [jar]
[[1;34mINFO[m] accumulo-start                                                     [jar]
[[1;34mINFO[m] accumulo-core                                                      [jar]
[[1;34mINFO[m] accumulo-server                                                    [jar]
[[1;34mINFO[m] accumulo-examples                                                  [pom]
[[1;34mINFO[m] examples-simple                                                    [jar]
[[1;34mINFO[m] accumulo-wikisearch                                                [pom]
[[1;34mINFO[m] wikisearch-ingest                                                  [jar]
[[1;34mINFO[m] wikisearch-query                                                   [ejb]
[[1;34mINFO[m] wikisearch-query-war                                               [war]
[[1;34mINFO[m] accumulo-assemble                                                  [pom]
[[1;34mINFO[m] 
[[1;34mINFO[m] [1m--------------------< [0;36morg.apache.accumulo:accumulo[0;1m >--------------------[m
[[1;34mINFO[m] [1mBuilding accumulo 1.5.0-incubating-SNAPSHOT                       [1/12][m
[[1;34mINFO[m] [1m--------------------------------[ pom ]---------------------------------[m
[[1;34mINFO[m] 
[[1;34mINFO[m] [1m--- [0;32mmaven-enforcer-plugin:1.0.1:enforce[m [1m(enforce-mvn)[m @ [36maccumulo[0;1m ---[m
[[1;34mINFO[m] 
[[1;34mINFO[m] [1m--- [0;32mmaven-remote-resources-plugin:1.2.1:process[m [1m(default)[m @ [36maccumulo[0;1m ---[m
[[1;34mINFO[m] 
[[1;34mINFO[m] [1m--- [0;32mmaven-dependency-plugin:2.3:copy-dependencies[m [1m(copy-dependencies)[m @ [36maccumulo[0;1m ---[m
[[1;34mINFO[m] 
[[1;34mINFO[m] [1m--- [0;32mexec-maven-plugin:1.2:exec[m [1m(user-manual)[m @ [36maccumulo[0;1m ---[m
[[1;34mINFO[m] 
[[1;34mINFO[m] [1m--- [0;32mmaven-site-plugin:3.0:attach-descriptor[m [1m(attach-descriptor)[m @ [36maccumulo[0;1m ---[m
[[1;34mINFO[m] 
[[1;34mINFO[m] [1m--- [0;32mmaven-install-plugin:2.3.1:install[m [1m(default-install)[m @ [36maccumulo[0;1m ---[m
[[1;34mINFO[m] Installing /home/user/Workspace/reproducibility/Reproducibility-Scanner/benchmarks/bugs-dot-jar/accumulo/pom.xml to /home/user/.m2/repository/org/apache/accumulo/accumulo/1.5.0-incubating-SNAPSHOT/accumulo-1.5.0-incubating-SNAPSHOT.pom
[[1;34mINFO[m] 
[[1;34mINFO[m] [1m-------------------< [0;36morg.apache.accumulo:cloudtrace[0;1m >-------------------[m
[[1;34mINFO[m] [1mBuilding cloudtrace 1.5.0-incubating-SNAPSHOT                     [2/12][m
[[1;34mINFO[m] [1m--------------------------------[ jar ]---------------------------------[m
[[1;34mINFO[m] 
[[1;34mINFO[m] [1m--- [0;32mmaven-enforcer-plugin:1.0.1:enforce[m [1m(enforce-mvn)[m @ [36mcloudtrace[0;1m ---[m
[[1;34mINFO[m] 
[[1;34mINFO[m] [1m--- [0;32mmaven-remote-resources-plugin:1.2.1:process[m [1m(default)[m @ [36mcloudtrace[0;1m ---[m
[[1;34mINFO[m] 
[[1;34mINFO[m] [1m--- [0;32mmaven-resources-plugin:2.5:resources[m [1m(default-resources)[m @ [36mcloudtrace[0;1m ---[m
[debug] execute contextualize
[[1;34mINFO[m] Using 'UTF-8' encoding to copy filtered resources.
[[1;34mINFO[m] skip non existing resourceDirectory /home/user/Workspace/reproducibility/Reproducibility-Scanner/benchmarks/bugs-dot-jar/accumulo/src/trace/src/main/resources
[[1;34mINFO[m] Copying 3 resources
[[1;34mINFO[m] 
[[1;34mINFO[m] [1m--- [0;32mmaven-dependency-plugin:2.3:copy-dependencies[m [1m(copy-dependencies)[m @ [36mcloudtrace[0;1m ---[m
[[1;34mINFO[m] Copying libthrift-0.6.1.jar to /home/user/Workspace/reproducibility/Reproducibility-Scanner/benchmarks/bugs-dot-jar/accumulo/lib/libthrift-0.6.1.jar
[[1;34mINFO[m] Copying log4j-1.2.16.jar to /home/user/Workspace/reproducibility/Reproducibility-Scanner/benchmarks/bugs-dot-jar/accumulo/lib/log4j-1.2.16.jar
[[1;34mINFO[m] 
[[1;34mINFO[m] [1m--- [0;32mmaven-compiler-plugin:2.3.2:compile[m [1m(default-compile)[m @ [36mcloudtrace[0;1m ---[m
[[1;34mINFO[m] Compiling 22 source files to /home/user/Workspace/reproducibility/Reproducibility-Scanner/benchmarks/bugs-dot-jar/accumulo/src/trace/target/classes
[[1;34mINFO[m] 
[[1;34mINFO[m] [1m--- [0;32mmaven-resources-plugin:2.5:testResources[m [1m(default-testResources)[m @ [36mcloudtrace[0;1m ---[m
[debug] execute contextualize
[[1;34mINFO[m] Using 'UTF-8' encoding to copy filtered resources.
[[1;34mINFO[m] skip non existing resourceDirectory /home/user/Workspace/reproducibility/Reproducibility-Scanner/benchmarks/bugs-dot-jar/accumulo/src/trace/src/test/resources
[[1;34mINFO[m] Copying 3 resources
[[1;34mINFO[m] 
[[1;34mINFO[m] [1m--- [0;32mmaven-compiler-plugin:2.3.2:testCompile[m [1m(default-testCompile)[m @ [36mcloudtrace[0;1m ---[m
[[1;34mINFO[m] Compiling 3 source files to /home/user/Workspace/reproducibility/Reproducibility-Scanner/benchmarks/bugs-dot-jar/accumulo/src/trace/target/test-classes
[[1;34mINFO[m] 
[[1;34mINFO[m] [1m--- [0;32mmaven-surefire-plugin:2.9:test[m [1m(default-test)[m @ [36mcloudtrace[0;1m ---[m
[[1;34mINFO[m] Tests are skipped.
[[1;34mINFO[m] 
[[1;34mINFO[m] [1m--- [0;32mmaven-jar-plugin:2.3.1:jar[m [1m(default-jar)[m @ [36mcloudtrace[0;1m ---[m
[[1;34mINFO[m] Building jar: /home/user/Workspace/reproducibility/Reproducibility-Scanner/benchmarks/bugs-dot-jar/accumulo/lib/cloudtrace-1.5.0-incubating-SNAPSHOT.jar
[[1;34mINFO[m] 
[[1;34mINFO[m] [1m--- [0;32mmaven-site-plugin:3.0:attach-descriptor[m [1m(attach-descriptor)[m @ [36mcloudtrace[0;1m ---[m
[[1;34mINFO[m] 
[[1;34mINFO[m] [1m--- [0;32mmaven-install-plugin:2.3.1:install[m [1m(default-install)[m @ [36mcloudtrace[0;1m ---[m
[[1;34mINFO[m] Installing /home/user/Workspace/reproducibility/Reproducibility-Scanner/benchmarks/bugs-dot-jar/accumulo/lib/cloudtrace-1.5.0-incubating-SNAPSHOT.jar to /home/user/.m2/repository/org/apache/accumulo/cloudtrace/1.5.0-incubating-SNAPSHOT/cloudtrace-1.5.0-incubating-SNAPSHOT.jar
[[1;34mINFO[m] Installing /home/user/Workspace/reproducibility/Reproducibility-Scanner/benchmarks/bugs-dot-jar/accumulo/src/trace/pom.xml to /home/user/.m2/repository/org/apache/accumulo/cloudtrace/1.5.0-incubating-SNAPSHOT/cloudtrace-1.5.0-incubating-SNAPSHOT.pom
[[1;34mINFO[m] 
[[1;34mINFO[m] [1m-----------------< [0;36morg.apache.accumulo:accumulo-start[0;1m >-----------------[m
[[1;34mINFO[m] [1mBuilding accumulo-start 1.5.0-incubating-SNAPSHOT                 [3/12][m
[[1;34mINFO[m] [1m--------------------------------[ jar ]---------------------------------[m
[[1;34mINFO[m] 
[[1;34mINFO[m] [1m--- [0;32mmaven-enforcer-plugin:1.0.1:enforce[m [1m(enforce-mvn)[m @ [36maccumulo-start[0;1m ---[m
[[1;34mINFO[m] 
[[1;34mINFO[m] [1m--- [0;32mmaven-remote-resources-plugin:1.2.1:process[m [1m(default)[m @ [36maccumulo-start[0;1m ---[m
[[1;34mINFO[m] 
[[1;34mINFO[m] [1m--- [0;32mmaven-resources-plugin:2.5:resources[m [1m(default-resources)[m @ [36maccumulo-start[0;1m ---[m
[debug] execute contextualize
[[1;34mINFO[m] Using 'UTF-8' encoding to copy filtered resources.
[[1;34mINFO[m] skip non existing resourceDirectory /home/user/Workspace/reproducibility/Reproducibility-Scanner/benchmarks/bugs-dot-jar/accumulo/src/start/src/main/resources
[[1;34mINFO[m] Copying 3 resources
[[1;34mINFO[m] 
[[1;34mINFO[m] [1m--- [0;32mmaven-dependency-plugin:2.3:copy-dependencies[m [1m(copy-dependencies)[m @ [36maccumulo-start[0;1m ---[m
[[1;34mINFO[m] Copying commons-jci-core-1.0.jar to /home/user/Workspace/reproducibility/Reproducibility-Scanner/benchmarks/bugs-dot-jar/accumulo/lib/commons-jci-core-1.0.jar
[[1;34mINFO[m] Copying commons-logging-api-1.0.4.jar to /home/user/Workspace/reproducibility/Reproducibility-Scanner/benchmarks/bugs-dot-jar/accumulo/lib/commons-logging-api-1.0.4.jar
[[1;34mINFO[m] Copying commons-io-1.4.jar to /home/user/Workspace/reproducibility/Reproducibility-Scanner/benchmarks/bugs-dot-jar/accumulo/lib/commons-io-1.4.jar
[[1;34mINFO[m] Copying commons-jci-fam-1.0.jar to /home/user/Workspace/reproducibility/Reproducibility-Scanner/benchmarks/bugs-dot-jar/accumulo/lib/commons-jci-fam-1.0.jar
[[1;34mINFO[m] Copying commons-logging-1.0.4.jar to /home/user/Workspace/reproducibility/Reproducibility-Scanner/benchmarks/bugs-dot-jar/accumulo/lib/commons-logging-1.0.4.jar
[[1;34mINFO[m] log4j-1.2.16.jar already exists in destination.
[[1;34mINFO[m] 
[[1;34mINFO[m] [1m--- [0;32mmaven-compiler-plugin:2.3.2:compile[m [1m(default-compile)[m @ [36maccumulo-start[0;1m ---[m
[[1;34mINFO[m] Compiling 5 source files to /home/user/Workspace/reproducibility/Reproducibility-Scanner/benchmarks/bugs-dot-jar/accumulo/src/start/target/classes
[[1;34mINFO[m] 
[[1;34mINFO[m] [1m--- [0;32mmaven-resources-plugin:2.5:testResources[m [1m(default-testResources)[m @ [36maccumulo-start[0;1m ---[m
[debug] execute contextualize
[[1;34mINFO[m] Using 'UTF-8' encoding to copy filtered resources.
[[1;34mINFO[m] Copying 3 resources
[[1;34mINFO[m] Copying 3 resources
[[1;34mINFO[m] 
[[1;34mINFO[m] [1m--- [0;32mmaven-compiler-plugin:2.3.2:testCompile[m [1m(default-testCompile)[m @ [36maccumulo-start[0;1m ---[m
[[1;34mINFO[m] Compiling 2 source files to /home/user/Workspace/reproducibility/Reproducibility-Scanner/benchmarks/bugs-dot-jar/accumulo/src/start/target/test-classes
[[1;34mINFO[m] 
[[1;34mINFO[m] [1m--- [0;32mmaven-surefire-plugin:2.9:test[m [1m(default-test)[m @ [36maccumulo-start[0;1m ---[m
[[1;34mINFO[m] Tests are skipped.
[[1;34mINFO[m] 
[[1;34mINFO[m] [1m--- [0;32mmaven-jar-plugin:2.3.1:jar[m [1m(default-jar)[m @ [36maccumulo-start[0;1m ---[m
[[1;34mINFO[m] Building jar: /home/user/Workspace/reproducibility/Reproducibility-Scanner/benchmarks/bugs-dot-jar/accumulo/lib/accumulo-start-1.5.0-incubating-SNAPSHOT.jar
[[1;34mINFO[m] 
[[1;34mINFO[m] [1m--- [0;32mmaven-site-plugin:3.0:attach-descriptor[m [1m(attach-descriptor)[m @ [36maccumulo-start[0;1m ---[m
[[1;34mINFO[m] 
[[1;34mINFO[m] [1m--- [0;32mmaven-install-plugin:2.3.1:install[m [1m(default-install)[m @ [36maccumulo-start[0;1m ---[m
[[1;34mINFO[m] Installing /home/user/Workspace/reproducibility/Reproducibility-Scanner/benchmarks/bugs-dot-jar/accumulo/lib/accumulo-start-1.5.0-incubating-SNAPSHOT.jar to /home/user/.m2/repository/org/apache/accumulo/accumulo-start/1.5.0-incubating-SNAPSHOT/accumulo-start-1.5.0-incubating-SNAPSHOT.jar
[[1;34mINFO[m] Installing /home/user/Workspace/reproducibility/Reproducibility-Scanner/benchmarks/bugs-dot-jar/accumulo/src/start/pom.xml to /home/user/.m2/repository/org/apache/accumulo/accumulo-start/1.5.0-incubating-SNAPSHOT/accumulo-start-1.5.0-incubating-SNAPSHOT.pom
[[1;34mINFO[m] 
[[1;34mINFO[m] [1m-----------------< [0;36morg.apache.accumulo:accumulo-core[0;1m >------------------[m
[[1;34mINFO[m] [1mBuilding accumulo-core 1.5.0-incubating-SNAPSHOT                  [4/12][m
[[1;34mINFO[m] [1m--------------------------------[ jar ]---------------------------------[m
Downloading from central: https://repo.maven.apache.org/maven2/org/apache/hadoop/hadoop-core/0.20.2/hadoop-core-0.20.2.pom
Progress (1): 2.7/4.2 kBProgress (1): 4.2 kB                        Downloaded from central: https://repo.maven.apache.org/maven2/org/apache/hadoop/hadoop-core/0.20.2/hadoop-core-0.20.2.pom (4.2 kB at 13 kB/s)
Downloading from central: https://repo.maven.apache.org/maven2/org/mortbay/jetty/jetty-util/6.1.14/jetty-util-6.1.14.pom
Progress (1): 2.7/3.5 kBProgress (1): 3.5 kB                        Downloaded from central: https://repo.maven.apache.org/maven2/org/mortbay/jetty/jetty-util/6.1.14/jetty-util-6.1.14.pom (3.5 kB at 222 kB/s)
Downloading from central: https://repo.maven.apache.org/maven2/org/apache/hadoop/hadoop-core/0.20.2/hadoop-core-0.20.2.jar
Downloading from central: https://repo.maven.apache.org/maven2/org/mortbay/jetty/jetty-util/6.1.14/jetty-util-6.1.14.jar
Progress (1): 2.7/163 kBProgress (1): 5.5/163 kBProgress (1): 8.2/163 kBProgress (1): 11/163 kB Progress (1): 14/163 kBProgress (1): 16/163 kBProgress (1): 19/163 kBProgress (1): 21/163 kBProgress (1): 24/163 kBProgress (1): 27/163 kBProgress (1): 30/163 kBProgress (1): 32/163 kBProgress (1): 35/163 kBProgress (1): 38/163 kBProgress (1): 40/163 kBProgress (1): 43/163 kBProgress (1): 46/163 kBProgress (1): 49/163 kBProgress (1): 53/163 kBProgress (1): 57/163 kBProgress (1): 61/163 kBProgress (1): 65/163 kBProgress (1): 69/163 kBProgress (1): 73/163 kBProgress (1): 77/163 kBProgress (1): 81/163 kBProgress (1): 85/163 kBProgress (1): 90/163 kBProgress (1): 94/163 kBProgress (1): 98/163 kBProgress (1): 102/163 kBProgress (1): 106/163 kBProgress (1): 110/163 kBProgress (1): 114/163 kBProgress (1): 118/163 kBProgress (1): 122/163 kBProgress (1): 126/163 kBProgress (1): 131/163 kBProgress (1): 135/163 kBProgress (1): 139/163 kBProgress (1): 143/163 kBProgress (1): 147/163 kBProgress (1): 151/163 kBProgress (1): 155/163 kBProgress (1): 159/163 kBProgress (1): 163 kB                        Downloaded from central: https://repo.maven.apache.org/maven2/org/mortbay/jetty/jetty-util/6.1.14/jetty-util-6.1.14.jar (163 kB at 2.4 MB/s)
Progress (1): 0/2.7 MBProgress (1): 0/2.7 MBProgress (1): 0/2.7 MBProgress (1): 0.1/2.7 MBProgress (1): 0.1/2.7 MBProgress (1): 0.1/2.7 MBProgress (1): 0.1/2.7 MBProgress (1): 0.1/2.7 MBProgress (1): 0.1/2.7 MBProgress (1): 0.2/2.7 MBProgress (1): 0.2/2.7 MBProgress (1): 0.2/2.7 MBProgress (1): 0.2/2.7 MBProgress (1): 0.2/2.7 MBProgress (1): 0.2/2.7 MBProgress (1): 0.3/2.7 MBProgress (1): 0.3/2.7 MBProgress (1): 0.3/2.7 MBProgress (1): 0.3/2.7 MBProgress (1): 0.3/2.7 MBProgress (1): 0.3/2.7 MBProgress (1): 0.4/2.7 MBProgress (1): 0.4/2.7 MBProgress (1): 0.4/2.7 MBProgress (1): 0.4/2.7 MBProgress (1): 0.4/2.7 MBProgress (1): 0.4/2.7 MBProgress (1): 0.4/2.7 MBProgress (1): 0.5/2.7 MBProgress (1): 0.5/2.7 MBProgress (1): 0.5/2.7 MBProgress (1): 0.5/2.7 MBProgress (1): 0.5/2.7 MBProgress (1): 0.5/2.7 MBProgress (1): 0.6/2.7 MBProgress (1): 0.6/2.7 MBProgress (1): 0.6/2.7 MBProgress (1): 0.6/2.7 MBProgress (1): 0.6/2.7 MBProgress (1): 0.6/2.7 MBProgress (1): 0.7/2.7 MBProgress (1): 0.7/2.7 MBProgress (1): 0.7/2.7 MBProgress (1): 0.7/2.7 MBProgress (1): 0.7/2.7 MBProgress (1): 0.7/2.7 MBProgress (1): 0.8/2.7 MBProgress (1): 0.8/2.7 MBProgress (1): 0.8/2.7 MBProgress (1): 0.8/2.7 MBProgress (1): 0.8/2.7 MBProgress (1): 0.8/2.7 MBProgress (1): 0.9/2.7 MBProgress (1): 0.9/2.7 MBProgress (1): 0.9/2.7 MBProgress (1): 0.9/2.7 MBProgress (1): 0.9/2.7 MBProgress (1): 0.9/2.7 MBProgress (1): 1.0/2.7 MBProgress (1): 1.0/2.7 MBProgress (1): 1.0/2.7 MBProgress (1): 1.0/2.7 MBProgress (1): 1.0/2.7 MBProgress (1): 1.0/2.7 MBProgress (1): 1.1/2.7 MBProgress (1): 1.1/2.7 MBProgress (1): 1.1/2.7 MBProgress (1): 1.1/2.7 MBProgress (1): 1.1/2.7 MBProgress (1): 1.1/2.7 MBProgress (1): 1.2/2.7 MBProgress (1): 1.2/2.7 MBProgress (1): 1.2/2.7 MBProgress (1): 1.2/2.7 MBProgress (1): 1.2/2.7 MBProgress (1): 1.2/2.7 MBProgress (1): 1.3/2.7 MBProgress (1): 1.3/2.7 MBProgress (1): 1.3/2.7 MBProgress (1): 1.3/2.7 MBProgress (1): 1.3/2.7 MBProgress (1): 1.3/2.7 MBProgress (1): 1.3/2.7 MBProgress (1): 1.4/2.7 MBProgress (1): 1.4/2.7 MBProgress (1): 1.4/2.7 MBProgress (1): 1.4/2.7 MBProgress (1): 1.4/2.7 MBProgress (1): 1.4/2.7 MBProgress (1): 1.5/2.7 MBProgress (1): 1.5/2.7 MBProgress (1): 1.5/2.7 MBProgress (1): 1.5/2.7 MBProgress (1): 1.5/2.7 MBProgress (1): 1.5/2.7 MBProgress (1): 1.6/2.7 MBProgress (1): 1.6/2.7 MBProgress (1): 1.6/2.7 MBProgress (1): 1.6/2.7 MBProgress (1): 1.6/2.7 MBProgress (1): 1.6/2.7 MBProgress (1): 1.7/2.7 MBProgress (1): 1.7/2.7 MBProgress (1): 1.7/2.7 MBProgress (1): 1.7/2.7 MBProgress (1): 1.7/2.7 MBProgress (1): 1.7/2.7 MBProgress (1): 1.8/2.7 MBProgress (1): 1.8/2.7 MBProgress (1): 1.8/2.7 MBProgress (1): 1.8/2.7 MBProgress (1): 1.8/2.7 MBProgress (1): 1.8/2.7 MBProgress (1): 1.9/2.7 MBProgress (1): 1.9/2.7 MBProgress (1): 1.9/2.7 MBProgress (1): 1.9/2.7 MBProgress (1): 1.9/2.7 MBProgress (1): 1.9/2.7 MBProgress (1): 2.0/2.7 MBProgress (1): 2.0/2.7 MBProgress (1): 2.0/2.7 MBProgress (1): 2.0/2.7 MBProgress (1): 2.0/2.7 MBProgress (1): 2.0/2.7 MBProgress (1): 2.1/2.7 MBProgress (1): 2.1/2.7 MBProgress (1): 2.1/2.7 MBProgress (1): 2.1/2.7 MBProgress (1): 2.1/2.7 MBProgress (1): 2.1/2.7 MBProgress (1): 2.2/2.7 MBProgress (1): 2.2/2.7 MBProgress (1): 2.2/2.7 MBProgress (1): 2.2/2.7 MBProgress (1): 2.2/2.7 MBProgress (1): 2.2/2.7 MBProgress (1): 2.2/2.7 MBProgress (1): 2.3/2.7 MBProgress (1): 2.3/2.7 MBProgress (1): 2.3/2.7 MBProgress (1): 2.3/2.7 MBProgress (1): 2.3/2.7 MBProgress (1): 2.3/2.7 MBProgress (1): 2.4/2.7 MBProgress (1): 2.4/2.7 MBProgress (1): 2.4/2.7 MBProgress (1): 2.4/2.7 MBProgress (1): 2.4/2.7 MBProgress (1): 2.4/2.7 MBProgress (1): 2.5/2.7 MBProgress (1): 2.5/2.7 MBProgress (1): 2.5/2.7 MBProgress (1): 2.5/2.7 MBProgress (1): 2.5/2.7 MBProgress (1): 2.5/2.7 MBProgress (1): 2.6/2.7 MBProgress (1): 2.6/2.7 MBProgress (1): 2.6/2.7 MBProgress (1): 2.6/2.7 MBProgress (1): 2.6/2.7 MBProgress (1): 2.6/2.7 MBProgress (1): 2.7/2.7 MBProgress (1): 2.7/2.7 MBProgress (1): 2.7 MB                        Downloaded from central: https://repo.maven.apache.org/maven2/org/apache/hadoop/hadoop-core/0.20.2/hadoop-core-0.20.2.jar (2.7 MB at 10 MB/s)
[[1;34mINFO[m] 
[[1;34mINFO[m] [1m--- [0;32mmaven-enforcer-plugin:1.0.1:enforce[m [1m(enforce-mvn)[m @ [36maccumulo-core[0;1m ---[m
[[1;34mINFO[m] 
[[1;34mINFO[m] [1m--- [0;32mexec-maven-plugin:1.2:exec[m [1m(generate-core-thrift)[m @ [36maccumulo-core[0;1m ---[m
thrift is not available
[[1;34mINFO[m] 
[[1;34mINFO[m] [1m--- [0;32mmaven-remote-resources-plugin:1.2.1:process[m [1m(default)[m @ [36maccumulo-core[0;1m ---[m
Downloading from central: https://repo.maven.apache.org/maven2/org/mortbay/jetty/jetty/6.1.14/jetty-6.1.14.pom
Progress (1): 4.1/4.3 kBProgress (1): 4.3 kB                        Downloaded from central: https://repo.maven.apache.org/maven2/org/mortbay/jetty/jetty/6.1.14/jetty-6.1.14.pom (4.3 kB at 334 kB/s)
Downloading from central: https://repo.maven.apache.org/maven2/org/mortbay/jetty/jetty/6.1.14/jetty-6.1.14.jar
Progress (1): 4.1/516 kBProgress (1): 8.2/516 kBProgress (1): 12/516 kB Progress (1): 16/516 kBProgress (1): 20/516 kBProgress (1): 24/516 kBProgress (1): 28/516 kBProgress (1): 32/516 kBProgress (1): 36/516 kBProgress (1): 40/516 kBProgress (1): 45/516 kBProgress (1): 49/516 kBProgress (1): 53/516 kBProgress (1): 57/516 kBProgress (1): 61/516 kBProgress (1): 65/516 kBProgress (1): 69/516 kBProgress (1): 73/516 kBProgress (1): 77/516 kBProgress (1): 81/516 kBProgress (1): 85/516 kBProgress (1): 90/516 kBProgress (1): 94/516 kBProgress (1): 98/516 kBProgress (1): 102/516 kBProgress (1): 106/516 kBProgress (1): 110/516 kBProgress (1): 114/516 kBProgress (1): 118/516 kBProgress (1): 122/516 kBProgress (1): 126/516 kBProgress (1): 131/516 kBProgress (1): 135/516 kBProgress (1): 139/516 kBProgress (1): 143/516 kBProgress (1): 147/516 kBProgress (1): 151/516 kBProgress (1): 155/516 kBProgress (1): 159/516 kBProgress (1): 163/516 kBProgress (1): 167/516 kBProgress (1): 171/516 kBProgress (1): 176/516 kBProgress (1): 180/516 kBProgress (1): 184/516 kBProgress (1): 188/516 kBProgress (1): 192/516 kBProgress (1): 196/516 kBProgress (1): 200/516 kBProgress (1): 204/516 kBProgress (1): 208/516 kBProgress (1): 212/516 kBProgress (1): 217/516 kBProgress (1): 221/516 kBProgress (1): 225/516 kBProgress (1): 229/516 kBProgress (1): 233/516 kBProgress (1): 237/516 kBProgress (1): 241/516 kBProgress (1): 245/516 kBProgress (1): 249/516 kBProgress (1): 253/516 kBProgress (1): 258/516 kBProgress (1): 262/516 kBProgress (1): 266/516 kBProgress (1): 270/516 kBProgress (1): 274/516 kBProgress (1): 278/516 kBProgress (1): 282/516 kBProgress (1): 286/516 kBProgress (1): 290/516 kBProgress (1): 294/516 kBProgress (1): 298/516 kBProgress (1): 303/516 kBProgress (1): 307/516 kBProgress (1): 311/516 kBProgress (1): 315/516 kBProgress (1): 319/516 kBProgress (1): 323/516 kBProgress (1): 327/516 kBProgress (1): 331/516 kBProgress (1): 335/516 kBProgress (1): 339/516 kBProgress (1): 344/516 kBProgress (1): 348/516 kBProgress (1): 352/516 kBProgress (1): 356/516 kBProgress (1): 360/516 kBProgress (1): 364/516 kBProgress (1): 368/516 kBProgress (1): 372/516 kBProgress (1): 376/516 kBProgress (1): 380/516 kBProgress (1): 384/516 kBProgress (1): 389/516 kBProgress (1): 393/516 kBProgress (1): 397/516 kBProgress (1): 401/516 kBProgress (1): 405/516 kBProgress (1): 409/516 kBProgress (1): 413/516 kBProgress (1): 417/516 kBProgress (1): 421/516 kBProgress (1): 425/516 kBProgress (1): 430/516 kBProgress (1): 434/516 kBProgress (1): 438/516 kBProgress (1): 442/516 kBProgress (1): 446/516 kBProgress (1): 450/516 kBProgress (1): 454/516 kBProgress (1): 458/516 kBProgress (1): 462/516 kBProgress (1): 466/516 kBProgress (1): 470/516 kBProgress (1): 475/516 kBProgress (1): 479/516 kBProgress (1): 483/516 kBProgress (1): 487/516 kBProgress (1): 491/516 kBProgress (1): 495/516 kBProgress (1): 499/516 kBProgress (1): 503/516 kBProgress (1): 507/516 kBProgress (1): 511/516 kBProgress (1): 516/516 kBProgress (1): 516 kB                        Downloaded from central: https://repo.maven.apache.org/maven2/org/mortbay/jetty/jetty/6.1.14/jetty-6.1.14.jar (516 kB at 10 MB/s)
[[1;34mINFO[m] 
[[1;34mINFO[m] [1m--- [0;32mmaven-resources-plugin:2.5:resources[m [1m(default-resources)[m @ [36maccumulo-core[0;1m ---[m
[debug] execute contextualize
[[1;34mINFO[m] Using 'UTF-8' encoding to copy filtered resources.
[[1;34mINFO[m] Copying 1 resource
[[1;34mINFO[m] Copying 3 resources
[[1;34mINFO[m] 
[[1;34mINFO[m] [1m--- [0;32mmaven-dependency-plugin:2.3:copy-dependencies[m [1m(copy-dependencies)[m @ [36maccumulo-core[0;1m ---[m
[[1;34mINFO[m] Copying commons-collections-3.2.jar to /home/user/Workspace/reproducibility/Reproducibility-Scanner/benchmarks/bugs-dot-jar/accumulo/lib/commons-collections-3.2.jar
[[1;34mINFO[m] Copying jline-0.9.94.jar to /home/user/Workspace/reproducibility/Reproducibility-Scanner/benchmarks/bugs-dot-jar/accumulo/lib/jline-0.9.94.jar
[[1;34mINFO[m] Copying commons-lang-2.4.jar to /home/user/Workspace/reproducibility/Reproducibility-Scanner/benchmarks/bugs-dot-jar/accumulo/lib/commons-lang-2.4.jar
[[1;34mINFO[m] libthrift-0.6.1.jar already exists in destination.
[[1;34mINFO[m] log4j-1.2.16.jar already exists in destination.
[[1;34mINFO[m] 
[[1;34mINFO[m] [1m--- [0;32mmaven-compiler-plugin:2.3.2:compile[m [1m(default-compile)[m @ [36maccumulo-core[0;1m ---[m
[[1;34mINFO[m] Compiling 423 source files to /home/user/Workspace/reproducibility/Reproducibility-Scanner/benchmarks/bugs-dot-jar/accumulo/src/core/target/classes
[[1;34mINFO[m] 
[[1;34mINFO[m] [1m--- [0;32mmaven-resources-plugin:2.5:testResources[m [1m(default-testResources)[m @ [36maccumulo-core[0;1m ---[m
[debug] execute contextualize
[[1;34mINFO[m] Using 'UTF-8' encoding to copy filtered resources.
[[1;34mINFO[m] Copying 2 resources
[[1;34mINFO[m] Copying 3 resources
[[1;34mINFO[m] 
[[1;34mINFO[m] [1m--- [0;32mmaven-compiler-plugin:2.3.2:testCompile[m [1m(default-testCompile)[m @ [36maccumulo-core[0;1m ---[m
[[1;34mINFO[m] Compiling 58 source files to /home/user/Workspace/reproducibility/Reproducibility-Scanner/benchmarks/bugs-dot-jar/accumulo/src/core/target/test-classes
[[1;34mINFO[m] 
[[1;34mINFO[m] [1m--- [0;32mmaven-surefire-plugin:2.9:test[m [1m(default-test)[m @ [36maccumulo-core[0;1m ---[m
[[1;34mINFO[m] Tests are skipped.
[[1;34mINFO[m] 
[[1;34mINFO[m] [1m--- [0;32mmaven-jar-plugin:2.3.1:jar[m [1m(default-jar)[m @ [36maccumulo-core[0;1m ---[m
[[1;34mINFO[m] Building jar: /home/user/Workspace/reproducibility/Reproducibility-Scanner/benchmarks/bugs-dot-jar/accumulo/lib/accumulo-core-1.5.0-incubating-SNAPSHOT.jar
[[1;34mINFO[m] 
[[1;34mINFO[m] [1m--- [0;32mmaven-site-plugin:3.0:attach-descriptor[m [1m(attach-descriptor)[m @ [36maccumulo-core[0;1m ---[m
[[1;34mINFO[m] 
[[1;34mINFO[m] [1m--- [0;32mmaven-install-plugin:2.3.1:install[m [1m(default-install)[m @ [36maccumulo-core[0;1m ---[m
[[1;34mINFO[m] Installing /home/user/Workspace/reproducibility/Reproducibility-Scanner/benchmarks/bugs-dot-jar/accumulo/lib/accumulo-core-1.5.0-incubating-SNAPSHOT.jar to /home/user/.m2/repository/org/apache/accumulo/accumulo-core/1.5.0-incubating-SNAPSHOT/accumulo-core-1.5.0-incubating-SNAPSHOT.jar
[[1;34mINFO[m] Installing /home/user/Workspace/reproducibility/Reproducibility-Scanner/benchmarks/bugs-dot-jar/accumulo/src/core/pom.xml to /home/user/.m2/repository/org/apache/accumulo/accumulo-core/1.5.0-incubating-SNAPSHOT/accumulo-core-1.5.0-incubating-SNAPSHOT.pom
[[1;34mINFO[m] 
[[1;34mINFO[m] [1m----------------< [0;36morg.apache.accumulo:accumulo-server[0;1m >-----------------[m
[[1;34mINFO[m] [1mBuilding accumulo-server 1.5.0-incubating-SNAPSHOT                [5/12][m
[[1;34mINFO[m] [1m--------------------------------[ jar ]---------------------------------[m
[[1;34mINFO[m] 
[[1;34mINFO[m] [1m--- [0;32mmaven-enforcer-plugin:1.0.1:enforce[m [1m(enforce-mvn)[m @ [36maccumulo-server[0;1m ---[m
[[1;34mINFO[m] 
[[1;34mINFO[m] [1m--- [0;32mmaven-remote-resources-plugin:1.2.1:process[m [1m(default)[m @ [36maccumulo-server[0;1m ---[m
[[1;34mINFO[m] 
[[1;34mINFO[m] [1m--- [0;32mmaven-resources-plugin:2.5:resources[m [1m(default-resources)[m @ [36maccumulo-server[0;1m ---[m
[debug] execute contextualize
[[1;34mINFO[m] Using 'UTF-8' encoding to copy filtered resources.
[[1;34mINFO[m] Copying 37 resources
[[1;34mINFO[m] Copying 3 resources
[[1;34mINFO[m] 
[[1;34mINFO[m] [1m--- [0;32mmaven-dependency-plugin:2.3:copy-dependencies[m [1m(copy-dependencies)[m @ [36maccumulo-server[0;1m ---[m
[[1;34mINFO[m] Copying commons-configuration-1.5.jar to /home/user/Workspace/reproducibility/Reproducibility-Scanner/benchmarks/bugs-dot-jar/accumulo/lib/commons-configuration-1.5.jar
[[1;34mINFO[m] log4j-1.2.16.jar already exists in destination.
[[1;34mINFO[m] jline-0.9.94.jar already exists in destination.
[[1;34mINFO[m] commons-io-1.4.jar already exists in destination.
[[1;34mINFO[m] commons-lang-2.4.jar already exists in destination.
[[1;34mINFO[m] 
[[1;34mINFO[m] [1m--- [0;32mmaven-compiler-plugin:2.3.2:compile[m [1m(default-compile)[m @ [36maccumulo-server[0;1m ---[m
[[1;34mINFO[m] Compiling 404 source files to /home/user/Workspace/reproducibility/Reproducibility-Scanner/benchmarks/bugs-dot-jar/accumulo/src/server/target/classes
[[1;34mINFO[m] 
[[1;34mINFO[m] [1m--- [0;32mmaven-resources-plugin:2.5:testResources[m [1m(default-testResources)[m @ [36maccumulo-server[0;1m ---[m
[debug] execute contextualize
[[1;34mINFO[m] Using 'UTF-8' encoding to copy filtered resources.
[[1;34mINFO[m] skip non existing resourceDirectory /home/user/Workspace/reproducibility/Reproducibility-Scanner/benchmarks/bugs-dot-jar/accumulo/src/server/src/test/resources
[[1;34mINFO[m] Copying 3 resources
[[1;34mINFO[m] 
[[1;34mINFO[m] [1m--- [0;32mmaven-compiler-plugin:2.3.2:testCompile[m [1m(default-testCompile)[m @ [36maccumulo-server[0;1m ---[m
[[1;34mINFO[m] Compiling 25 source files to /home/user/Workspace/reproducibility/Reproducibility-Scanner/benchmarks/bugs-dot-jar/accumulo/src/server/target/test-classes
[[1;34mINFO[m] 
[[1;34mINFO[m] [1m--- [0;32mmaven-surefire-plugin:2.9:test[m [1m(default-test)[m @ [36maccumulo-server[0;1m ---[m
[[1;34mINFO[m] Tests are skipped.
[[1;34mINFO[m] 
[[1;34mINFO[m] [1m--- [0;32mmaven-jar-plugin:2.3.1:jar[m [1m(default-jar)[m @ [36maccumulo-server[0;1m ---[m
[[1;34mINFO[m] Building jar: /home/user/Workspace/reproducibility/Reproducibility-Scanner/benchmarks/bugs-dot-jar/accumulo/lib/accumulo-server-1.5.0-incubating-SNAPSHOT.jar
[[1;34mINFO[m] 
[[1;34mINFO[m] [1m--- [0;32mmaven-site-plugin:3.0:attach-descriptor[m [1m(attach-descriptor)[m @ [36maccumulo-server[0;1m ---[m
[[1;34mINFO[m] 
[[1;34mINFO[m] [1m--- [0;32mmaven-install-plugin:2.3.1:install[m [1m(default-install)[m @ [36maccumulo-server[0;1m ---[m
[[1;34mINFO[m] Installing /home/user/Workspace/reproducibility/Reproducibility-Scanner/benchmarks/bugs-dot-jar/accumulo/lib/accumulo-server-1.5.0-incubating-SNAPSHOT.jar to /home/user/.m2/repository/org/apache/accumulo/accumulo-server/1.5.0-incubating-SNAPSHOT/accumulo-server-1.5.0-incubating-SNAPSHOT.jar
[[1;34mINFO[m] Installing /home/user/Workspace/reproducibility/Reproducibility-Scanner/benchmarks/bugs-dot-jar/accumulo/src/server/pom.xml to /home/user/.m2/repository/org/apache/accumulo/accumulo-server/1.5.0-incubating-SNAPSHOT/accumulo-server-1.5.0-incubating-SNAPSHOT.pom
[[1;34mINFO[m] 
[[1;34mINFO[m] [1m---------------< [0;36morg.apache.accumulo:accumulo-examples[0;1m >----------------[m
[[1;34mINFO[m] [1mBuilding accumulo-examples 1.5.0-incubating-SNAPSHOT              [6/12][m
[[1;34mINFO[m] [1m--------------------------------[ pom ]---------------------------------[m
[[1;34mINFO[m] 
[[1;34mINFO[m] [1m--- [0;32mmaven-enforcer-plugin:1.0.1:enforce[m [1m(enforce-mvn)[m @ [36maccumulo-examples[0;1m ---[m
[[1;34mINFO[m] 
[[1;34mINFO[m] [1m--- [0;32mmaven-remote-resources-plugin:1.2.1:process[m [1m(default)[m @ [36maccumulo-examples[0;1m ---[m
[[1;34mINFO[m] 
[[1;34mINFO[m] [1m--- [0;32mmaven-dependency-plugin:2.3:copy-dependencies[m [1m(copy-dependencies)[m @ [36maccumulo-examples[0;1m ---[m
[[1;34mINFO[m] 
[[1;34mINFO[m] [1m--- [0;32mmaven-site-plugin:3.0:attach-descriptor[m [1m(attach-descriptor)[m @ [36maccumulo-examples[0;1m ---[m
[[1;34mINFO[m] 
[[1;34mINFO[m] [1m--- [0;32mmaven-install-plugin:2.3.1:install[m [1m(default-install)[m @ [36maccumulo-examples[0;1m ---[m
[[1;34mINFO[m] Installing /home/user/Workspace/reproducibility/Reproducibility-Scanner/benchmarks/bugs-dot-jar/accumulo/src/examples/pom.xml to /home/user/.m2/repository/org/apache/accumulo/accumulo-examples/1.5.0-incubating-SNAPSHOT/accumulo-examples-1.5.0-incubating-SNAPSHOT.pom
[[1;34mINFO[m] 
[[1;34mINFO[m] [1m----------------< [0;36morg.apache.accumulo:examples-simple[0;1m >-----------------[m
[[1;34mINFO[m] [1mBuilding examples-simple 1.5.0-incubating-SNAPSHOT                [7/12][m
[[1;34mINFO[m] [1m--------------------------------[ jar ]---------------------------------[m
[[1;34mINFO[m] 
[[1;34mINFO[m] [1m--- [0;32mmaven-enforcer-plugin:1.0.1:enforce[m [1m(enforce-mvn)[m @ [36mexamples-simple[0;1m ---[m
[[1;34mINFO[m] 
[[1;34mINFO[m] [1m--- [0;32mmaven-remote-resources-plugin:1.2.1:process[m [1m(default)[m @ [36mexamples-simple[0;1m ---[m
[[1;34mINFO[m] 
[[1;34mINFO[m] [1m--- [0;32mmaven-resources-plugin:2.5:resources[m [1m(default-resources)[m @ [36mexamples-simple[0;1m ---[m
[debug] execute contextualize
[[1;34mINFO[m] Using 'UTF-8' encoding to copy filtered resources.
[[1;34mINFO[m] skip non existing resourceDirectory /home/user/Workspace/reproducibility/Reproducibility-Scanner/benchmarks/bugs-dot-jar/accumulo/src/examples/simple/src/main/resources
[[1;34mINFO[m] Copying 3 resources
[[1;34mINFO[m] 
[[1;34mINFO[m] [1m--- [0;32mmaven-dependency-plugin:2.3:copy-dependencies[m [1m(copy-dependencies)[m @ [36mexamples-simple[0;1m ---[m
[[1;34mINFO[m] 
[[1;34mINFO[m] [1m--- [0;32mmaven-compiler-plugin:2.3.2:compile[m [1m(default-compile)[m @ [36mexamples-simple[0;1m ---[m
[[1;34mINFO[m] Compiling 39 source files to /home/user/Workspace/reproducibility/Reproducibility-Scanner/benchmarks/bugs-dot-jar/accumulo/src/examples/simple/target/classes
[[1;34mINFO[m] 
[[1;34mINFO[m] [1m--- [0;32mmaven-resources-plugin:2.5:testResources[m [1m(default-testResources)[m @ [36mexamples-simple[0;1m ---[m
[debug] execute contextualize
[[1;34mINFO[m] Using 'UTF-8' encoding to copy filtered resources.
[[1;34mINFO[m] skip non existing resourceDirectory /home/user/Workspace/reproducibility/Reproducibility-Scanner/benchmarks/bugs-dot-jar/accumulo/src/examples/simple/src/test/resources
[[1;34mINFO[m] Copying 3 resources
[[1;34mINFO[m] 
[[1;34mINFO[m] [1m--- [0;32mmaven-compiler-plugin:2.3.2:testCompile[m [1m(default-testCompile)[m @ [36mexamples-simple[0;1m ---[m
[[1;34mINFO[m] Compiling 5 source files to /home/user/Workspace/reproducibility/Reproducibility-Scanner/benchmarks/bugs-dot-jar/accumulo/src/examples/simple/target/test-classes
[[1;34mINFO[m] 
[[1;34mINFO[m] [1m--- [0;32mmaven-surefire-plugin:2.9:test[m [1m(default-test)[m @ [36mexamples-simple[0;1m ---[m
[[1;34mINFO[m] Tests are skipped.
[[1;34mINFO[m] 
[[1;34mINFO[m] [1m--- [0;32mmaven-jar-plugin:2.3.1:jar[m [1m(default-jar)[m @ [36mexamples-simple[0;1m ---[m
[[1;34mINFO[m] Building jar: /home/user/Workspace/reproducibility/Reproducibility-Scanner/benchmarks/bugs-dot-jar/accumulo/lib/examples-simple-1.5.0-incubating-SNAPSHOT.jar
[[1;34mINFO[m] 
[[1;34mINFO[m] [1m--- [0;32mmaven-site-plugin:3.0:attach-descriptor[m [1m(attach-descriptor)[m @ [36mexamples-simple[0;1m ---[m
[[1;34mINFO[m] 
[[1;34mINFO[m] [1m--- [0;32mmaven-install-plugin:2.3.1:install[m [1m(default-install)[m @ [36mexamples-simple[0;1m ---[m
[[1;34mINFO[m] Installing /home/user/Workspace/reproducibility/Reproducibility-Scanner/benchmarks/bugs-dot-jar/accumulo/lib/examples-simple-1.5.0-incubating-SNAPSHOT.jar to /home/user/.m2/repository/org/apache/accumulo/examples-simple/1.5.0-incubating-SNAPSHOT/examples-simple-1.5.0-incubating-SNAPSHOT.jar
[[1;34mINFO[m] Installing /home/user/Workspace/reproducibility/Reproducibility-Scanner/benchmarks/bugs-dot-jar/accumulo/src/examples/simple/pom.xml to /home/user/.m2/repository/org/apache/accumulo/examples-simple/1.5.0-incubating-SNAPSHOT/examples-simple-1.5.0-incubating-SNAPSHOT.pom
[[1;34mINFO[m] 
[[1;34mINFO[m] [1m--------------< [0;36morg.apache.accumulo:accumulo-wikisearch[0;1m >---------------[m
[[1;34mINFO[m] [1mBuilding accumulo-wikisearch 1.5.0-incubating-SNAPSHOT            [8/12][m
[[1;34mINFO[m] [1m--------------------------------[ pom ]---------------------------------[m
[[1;34mINFO[m] 
[[1;34mINFO[m] [1m--- [0;32mmaven-enforcer-plugin:1.0.1:enforce[m [1m(enforce-mvn)[m @ [36maccumulo-wikisearch[0;1m ---[m
[[1;34mINFO[m] 
[[1;34mINFO[m] [1m--- [0;32mmaven-remote-resources-plugin:1.2.1:process[m [1m(default)[m @ [36maccumulo-wikisearch[0;1m ---[m
[[1;34mINFO[m] 
[[1;34mINFO[m] [1m--- [0;32mmaven-dependency-plugin:2.3:copy-dependencies[m [1m(copy-dependencies)[m @ [36maccumulo-wikisearch[0;1m ---[m
[[1;34mINFO[m] 
[[1;34mINFO[m] [1m--- [0;32mmaven-site-plugin:3.0:attach-descriptor[m [1m(attach-descriptor)[m @ [36maccumulo-wikisearch[0;1m ---[m
[[1;34mINFO[m] 
[[1;34mINFO[m] [1m--- [0;32mmaven-install-plugin:2.3.1:install[m [1m(default-install)[m @ [36maccumulo-wikisearch[0;1m ---[m
[[1;34mINFO[m] Installing /home/user/Workspace/reproducibility/Reproducibility-Scanner/benchmarks/bugs-dot-jar/accumulo/src/examples/wikisearch/pom.xml to /home/user/.m2/repository/org/apache/accumulo/accumulo-wikisearch/1.5.0-incubating-SNAPSHOT/accumulo-wikisearch-1.5.0-incubating-SNAPSHOT.pom
[[1;34mINFO[m] 
[[1;34mINFO[m] [1m---------------< [0;36morg.apache.accumulo:wikisearch-ingest[0;1m >----------------[m
[[1;34mINFO[m] [1mBuilding wikisearch-ingest 1.5.0-incubating-SNAPSHOT              [9/12][m
[[1;34mINFO[m] [1m--------------------------------[ jar ]---------------------------------[m
Downloading from central: http://repo1.maven.org/maven2/org/apache/lucene/lucene-core/3.0.2/lucene-core-3.0.2.pom
Downloading from java.net: https://maven.java.net/content/groups/public/org/apache/lucene/lucene-core/3.0.2/lucene-core-3.0.2.pom
Downloading from central: http://repo1.maven.org/maven2/org/apache/lucene/lucene-analyzers/3.0.2/lucene-analyzers-3.0.2.pom
Downloading from java.net: https://maven.java.net/content/groups/public/org/apache/lucene/lucene-analyzers/3.0.2/lucene-analyzers-3.0.2.pom
Downloading from central: http://repo1.maven.org/maven2/org/apache/lucene/lucene-wikipedia/3.0.2/lucene-wikipedia-3.0.2.pom
Downloading from java.net: https://maven.java.net/content/groups/public/org/apache/lucene/lucene-wikipedia/3.0.2/lucene-wikipedia-3.0.2.pom
Downloading from central: http://repo1.maven.org/maven2/com/sun/jersey/jersey-server/1.11/jersey-server-1.11.pom
Downloading from java.net: https://maven.java.net/content/groups/public/com/sun/jersey/jersey-server/1.11/jersey-server-1.11.pom
Progress (1): 4.1/10 kBProgress (1): 7.8/10 kBProgress (1): 10 kB                       Downloaded from java.net: https://maven.java.net/content/groups/public/com/sun/jersey/jersey-server/1.11/jersey-server-1.11.pom (10 kB at 18 kB/s)
[[1;34mINFO[m] 
[[1;34mINFO[m] [1m----------------< [0;36morg.apache.accumulo:wikisearch-query[0;1m >----------------[m
[[1;34mINFO[m] [1mBuilding wikisearch-query 1.5.0-incubating-SNAPSHOT              [10/12][m
[[1;34mINFO[m] [1m--------------------------------[ ejb ]---------------------------------[m
Downloading from central: https://repo.maven.apache.org/maven2/org/apache/maven/plugins/maven-ejb-plugin/2.1/maven-ejb-plugin-2.1.pom
Progress (1): 3.9 kB                    Downloaded from central: https://repo.maven.apache.org/maven2/org/apache/maven/plugins/maven-ejb-plugin/2.1/maven-ejb-plugin-2.1.pom (3.9 kB at 27 kB/s)
Downloading from central: https://repo.maven.apache.org/maven2/org/apache/maven/plugins/maven-ejb-plugin/2.1/maven-ejb-plugin-2.1.jar
Progress (1): 4.1/12 kBProgress (1): 8.2/12 kBProgress (1): 12 kB                       Downloaded from central: https://repo.maven.apache.org/maven2/org/apache/maven/plugins/maven-ejb-plugin/2.1/maven-ejb-plugin-2.1.jar (12 kB at 78 kB/s)
Downloading from central: http://repo1.maven.org/maven2/javaee/javaee-api/5/javaee-api-5.pom
Downloading from java.net: https://maven.java.net/content/groups/public/javaee/javaee-api/5/javaee-api-5.pom
Downloading from central: http://repo1.maven.org/maven2/org/apache/commons/commons-jexl/2.0.1/commons-jexl-2.0.1.pom
Downloading from java.net: https://maven.java.net/content/groups/public/org/apache/commons/commons-jexl/2.0.1/commons-jexl-2.0.1.pom
Downloading from central: http://repo1.maven.org/maven2/com/googlecode/kryo/1.04/kryo-1.04.pom
Downloading from java.net: https://maven.java.net/content/groups/public/com/googlecode/kryo/1.04/kryo-1.04.pom
Downloading from apache.snapshots: http://repository.apache.org/snapshots/org/apache/accumulo/wikisearch-ingest/1.5.0-incubating-SNAPSHOT/maven-metadata.xml
Downloading from central: http://repo1.maven.org/maven2/com/googlecode/minlog/1.2/minlog-1.2.pom
Downloading from java.net: https://maven.java.net/content/groups/public/com/googlecode/minlog/1.2/minlog-1.2.pom
[[1;34mINFO[m] 
[[1;34mINFO[m] [1m--------------< [0;36morg.apache.accumulo:wikisearch-query-war[0;1m >--------------[m
[[1;34mINFO[m] [1mBuilding wikisearch-query-war 1.5.0-incubating-SNAPSHOT          [11/12][m
[[1;34mINFO[m] [1m--------------------------------[ war ]---------------------------------[m
Downloading from central: http://repo1.maven.org/maven2/javax/javaee-web-api/6.0/javaee-web-api-6.0.pom
Downloading from java.net: https://maven.java.net/content/groups/public/javax/javaee-web-api/6.0/javaee-web-api-6.0.pom
[[1;34mINFO[m] 
[[1;34mINFO[m] [1m---------------< [0;36morg.apache.accumulo:accumulo-assemble[0;1m >----------------[m
[[1;34mINFO[m] [1mBuilding accumulo-assemble 1.5.0-incubating-SNAPSHOT             [12/12][m
[[1;34mINFO[m] [1m--------------------------------[ pom ]---------------------------------[m
Downloading from apache.snapshots: http://repository.apache.org/snapshots/org/apache/accumulo/wikisearch-query-war/1.5.0-incubating-SNAPSHOT/maven-metadata.xml
Downloading from apache.snapshots: http://repository.apache.org/snapshots/org/apache/accumulo/wikisearch-query-war/1.5.0-incubating-SNAPSHOT/wikisearch-query-war-1.5.0-incubating-SNAPSHOT.war
[[1;34mINFO[m] [1m------------------------------------------------------------------------[m
[[1;34mINFO[m] [1mReactor Summary for accumulo 1.5.0-incubating-SNAPSHOT:[m
[[1;34mINFO[m] 
[[1;34mINFO[m] accumulo ........................................... [1;32mSUCCESS[m [  1.609 s]
[[1;34mINFO[m] cloudtrace ......................................... [1;32mSUCCESS[m [  1.687 s]
[[1;34mINFO[m] accumulo-start ..................................... [1;32mSUCCESS[m [  1.019 s]
[[1;34mINFO[m] accumulo-core ...................................... [1;32mSUCCESS[m [  8.344 s]
[[1;34mINFO[m] accumulo-server .................................... [1;32mSUCCESS[m [  4.320 s]
[[1;34mINFO[m] accumulo-examples .................................. [1;32mSUCCESS[m [  0.014 s]
[[1;34mINFO[m] examples-simple .................................... [1;32mSUCCESS[m [  2.049 s]
[[1;34mINFO[m] accumulo-wikisearch ................................ [1;32mSUCCESS[m [  0.016 s]
[[1;34mINFO[m] wikisearch-ingest .................................. [1;31mFAILURE[m [  2.073 s]
[[1;34mINFO[m] wikisearch-query ................................... [1;31mFAILURE[m [  2.139 s]
[[1;34mINFO[m] wikisearch-query-war ............................... [1;31mFAILURE[m [  0.468 s]
[[1;34mINFO[m] accumulo-assemble .................................. [1;31mFAILURE[m [  0.852 s]
[[1;34mINFO[m] [1m------------------------------------------------------------------------[m
[[1;34mINFO[m] [1;31mBUILD FAILURE[m
[[1;34mINFO[m] [1m------------------------------------------------------------------------[m
[[1;34mINFO[m] Total time:  24.822 s
[[1;34mINFO[m] Finished at: 2022-07-30T07:01:29-07:00
[[1;34mINFO[m] [1m------------------------------------------------------------------------[m
[[1;31mERROR[m] Failed to execute goal on project [36mwikisearch-ingest[m: [1;31mCould not resolve dependencies for project org.apache.accumulo:wikisearch-ingest:jar:1.5.0-incubating-SNAPSHOT: Failed to collect dependencies at org.apache.lucene:lucene-core:jar:3.0.2[m: Failed to read artifact descriptor for org.apache.lucene:lucene-core:jar:3.0.2: Could not transfer artifact org.apache.lucene:lucene-core:pom:3.0.2 from/to central (http://repo1.maven.org/maven2): Transfer failed for http://repo1.maven.org/maven2/org/apache/lucene/lucene-core/3.0.2/lucene-core-3.0.2.pom 501 HTTPS Required -> [1m[Help 1][m
[[1;31mERROR[m] Failed to execute goal on project [36mwikisearch-query[m: [1;31mCould not resolve dependencies for project org.apache.accumulo:wikisearch-query:ejb:1.5.0-incubating-SNAPSHOT: Failed to collect dependencies at javaee:javaee-api:jar:5[m: Failed to read artifact descriptor for javaee:javaee-api:jar:5: Could not transfer artifact javaee:javaee-api:pom:5 from/to central (http://repo1.maven.org/maven2): Transfer failed for http://repo1.maven.org/maven2/javaee/javaee-api/5/javaee-api-5.pom 501 HTTPS Required -> [1m[Help 1][m
[[1;31mERROR[m] Failed to execute goal on project [36mwikisearch-query-war[m: [1;31mCould not resolve dependencies for project org.apache.accumulo:wikisearch-query-war:war:1.5.0-incubating-SNAPSHOT: Failed to collect dependencies at javax:javaee-web-api:jar:6.0[m: Failed to read artifact descriptor for javax:javaee-web-api:jar:6.0: Could not transfer artifact javax:javaee-web-api:pom:6.0 from/to central (http://repo1.maven.org/maven2): Transfer failed for http://repo1.maven.org/maven2/javax/javaee-web-api/6.0/javaee-web-api-6.0.pom 501 HTTPS Required -> [1m[Help 1][m
[[1;31mERROR[m] Failed to execute goal on project [36maccumulo-assemble[m: [1;31mCould not resolve dependencies for project org.apache.accumulo:accumulo-assemble:pom:1.5.0-incubating-SNAPSHOT: Could not find artifact org.apache.accumulo:wikisearch-query-war:war:1.5.0-incubating-SNAPSHOT in apache.snapshots (http://repository.apache.org/snapshots)[m -> [1m[Help 1][m
[[1;31mERROR[m] 
[[1;31mERROR[m] To see the full stack trace of the errors, re-run Maven with the [1m-e[m switch.
[[1;31mERROR[m] Re-run Maven using the [1m-X[m switch to enable full debug logging.
[[1;31mERROR[m] 
[[1;31mERROR[m] For more information about the errors and possible solutions, please read the following articles:
[[1;31mERROR[m] [1m[Help 1][m http://cwiki.apache.org/confluence/display/MAVEN/DependencyResolutionException
[[1;31mERROR[m] 
[[1;31mERROR[m] After correcting the problems, you can resume the build with the command
[[1;31mERROR[m]   [1mmvn <args> -rf :wikisearch-ingest[m
[[1;34mINFO[m] Build failures were ignored.Missing pdflatex command. Please install.
[[1;34mINFO[m] Scanning for projects...
[[1;34mINFO[m] 
[[1;34mINFO[m] [1m-----------------< [0;36morg.apache.accumulo:accumulo-core[0;1m >------------------[m
[[1;34mINFO[m] [1mBuilding accumulo-core 1.5.0-incubating-SNAPSHOT[m
[[1;34mINFO[m] [1m--------------------------------[ jar ]---------------------------------[m
[[1;34mINFO[m] 
[[1;34mINFO[m] [1m--- [0;32mmaven-enforcer-plugin:1.0.1:enforce[m [1m(enforce-mvn)[m @ [36maccumulo-core[0;1m ---[m
[[1;34mINFO[m] 
[[1;34mINFO[m] [1m--- [0;32mexec-maven-plugin:1.2:exec[m [1m(generate-core-thrift)[m @ [36maccumulo-core[0;1m ---[m
thrift is not available
[[1;34mINFO[m] 
[[1;34mINFO[m] [1m--- [0;32mmaven-remote-resources-plugin:1.2.1:process[m [1m(default)[m @ [36maccumulo-core[0;1m ---[m
[[1;34mINFO[m] 
[[1;34mINFO[m] [1m--- [0;32mmaven-resources-plugin:2.5:resources[m [1m(default-resources)[m @ [36maccumulo-core[0;1m ---[m
[debug] execute contextualize
[[1;34mINFO[m] Using 'UTF-8' encoding to copy filtered resources.
[[1;34mINFO[m] Copying 1 resource
[[1;34mINFO[m] Copying 3 resources
[[1;34mINFO[m] 
[[1;34mINFO[m] [1m--- [0;32mmaven-dependency-plugin:2.3:copy-dependencies[m [1m(copy-dependencies)[m @ [36maccumulo-core[0;1m ---[m
[[1;34mINFO[m] libthrift-0.6.1.jar already exists in destination.
[[1;34mINFO[m] log4j-1.2.16.jar already exists in destination.
[[1;34mINFO[m] commons-collections-3.2.jar already exists in destination.
[[1;34mINFO[m] jline-0.9.94.jar already exists in destination.
[[1;34mINFO[m] commons-lang-2.4.jar already exists in destination.
[[1;34mINFO[m] 
[[1;34mINFO[m] [1m--- [0;32mmaven-compiler-plugin:2.3.2:compile[m [1m(default-compile)[m @ [36maccumulo-core[0;1m ---[m
[[1;34mINFO[m] Nothing to compile - all classes are up to date
[[1;34mINFO[m] 
[[1;34mINFO[m] [1m--- [0;32mmaven-resources-plugin:2.5:testResources[m [1m(default-testResources)[m @ [36maccumulo-core[0;1m ---[m
[debug] execute contextualize
[[1;34mINFO[m] Using 'UTF-8' encoding to copy filtered resources.
[[1;34mINFO[m] Copying 2 resources
[[1;34mINFO[m] Copying 3 resources
[[1;34mINFO[m] 
[[1;34mINFO[m] [1m--- [0;32mmaven-compiler-plugin:2.3.2:testCompile[m [1m(default-testCompile)[m @ [36maccumulo-core[0;1m ---[m
[[1;34mINFO[m] Nothing to compile - all classes are up to date
[[1;34mINFO[m] 
[[1;34mINFO[m] [1m--- [0;32mmaven-surefire-plugin:2.9:test[m [1m(default-test)[m @ [36maccumulo-core[0;1m ---[m
[[1;34mINFO[m] Surefire report directory: /home/user/Workspace/reproducibility/Reproducibility-Scanner/benchmarks/bugs-dot-jar/accumulo/src/core/target/surefire-reports

-------------------------------------------------------
 T E S T S
-------------------------------------------------------
Running org.apache.accumulo.core.file.blockfile.cache.TestLruBlockCache
Tests run: 7, Failures: 0, Errors: 0, Skipped: 0, Time elapsed: 1.139 sec
Running org.apache.accumulo.core.file.blockfile.cache.TestCachedBlockQueue
Tests run: 2, Failures: 0, Errors: 0, Skipped: 0, Time elapsed: 0 sec
Running org.apache.accumulo.core.file.rfile.MultiLevelIndexTest
22/07/30 07:01:34 WARN util.NativeCodeLoader: Unable to load native-hadoop library for your platform... using builtin-java classes where applicable
22/07/30 07:01:34 INFO compress.CodecPool: Got brand-new compressor
22/07/30 07:01:34 INFO compress.CodecPool: Got brand-new decompressor
22/07/30 07:01:34 INFO compress.CodecPool: Got brand-new decompressor
22/07/30 07:01:34 INFO compress.CodecPool: Got brand-new decompressor
22/07/30 07:01:34 INFO compress.CodecPool: Got brand-new decompressor
22/07/30 07:01:34 INFO compress.CodecPool: Got brand-new decompressor
22/07/30 07:01:34 INFO compress.CodecPool: Got brand-new decompressor
22/07/30 07:01:35 INFO compress.CodecPool: Got brand-new decompressor
Tests run: 1, Failures: 0, Errors: 0, Skipped: 0, Time elapsed: 0.803 sec
Running org.apache.accumulo.core.file.rfile.RFileTest
Tests run: 19, Failures: 0, Errors: 0, Skipped: 0, Time elapsed: 3.012 sec
Running org.apache.accumulo.core.data.MutationTest
Tests run: 8, Failures: 0, Errors: 0, Skipped: 0, Time elapsed: 0.04 sec
Running org.apache.accumulo.core.data.ColumnTest
Tests run: 3, Failures: 0, Errors: 0, Skipped: 0, Time elapsed: 0 sec
Running org.apache.accumulo.core.data.KeyTest
Tests run: 4, Failures: 0, Errors: 0, Skipped: 0, Time elapsed: 0 sec
Running org.apache.accumulo.core.data.RangeTest
Tests run: 43, Failures: 0, Errors: 0, Skipped: 0, Time elapsed: 0.019 sec
Running org.apache.accumulo.core.data.KeyExtentTest
Tests run: 3, Failures: 0, Errors: 0, Skipped: 0, Time elapsed: 0.007 sec
Running org.apache.accumulo.core.util.TestStringUtil
Tests run: 1, Failures: 0, Errors: 0, Skipped: 0, Time elapsed: 0.009 sec
Running org.apache.accumulo.core.util.LocalityGroupUtilTest
Tests run: 2, Failures: 0, Errors: 0, Skipped: 0, Time elapsed: 0.01 sec
Running org.apache.accumulo.core.util.MetadataTableTest
Tests run: 1, Failures: 0, Errors: 0, Skipped: 0, Time elapsed: 0.001 sec
Running org.apache.accumulo.core.util.EscapeTokenizerTest
Tests run: 11, Failures: 0, Errors: 0, Skipped: 0, Time elapsed: 0.002 sec
Running org.apache.accumulo.core.util.AddressUtilTest
Tests run: 2, Failures: 0, Errors: 0, Skipped: 0, Time elapsed: 0.064 sec
Running org.apache.accumulo.core.util.TextUtilTest
Tests run: 1, Failures: 0, Errors: 0, Skipped: 0, Time elapsed: 0 sec
Running org.apache.accumulo.core.util.MergeTest
Tests run: 1, Failures: 0, Errors: 0, Skipped: 0, Time elapsed: 0.002 sec
Running org.apache.accumulo.core.util.shell.command.FormatterCommandTest
Tests run: 1, Failures: 0, Errors: 0, Skipped: 0, Time elapsed: 0.237 sec
Running org.apache.accumulo.core.util.TestVersion
Tests run: 1, Failures: 0, Errors: 0, Skipped: 0, Time elapsed: 0.001 sec
Running org.apache.accumulo.core.iterators.AggregatingIteratorTest
Tests run: 7, Failures: 0, Errors: 0, Skipped: 0, Time elapsed: 0.009 sec
Running org.apache.accumulo.core.iterators.system.SourceSwitchingIteratorTest
Tests run: 5, Failures: 0, Errors: 0, Skipped: 0, Time elapsed: 0.003 sec
Running org.apache.accumulo.core.iterators.system.TimeSettingIteratorTest
Tests run: 1, Failures: 0, Errors: 0, Skipped: 0, Time elapsed: 0 sec
Running org.apache.accumulo.core.iterators.system.ColumnFilterTest
Tests run: 3, Failures: 0, Errors: 0, Skipped: 0, Time elapsed: 0.001 sec
Running org.apache.accumulo.core.iterators.system.ColumnFamilySkippingIteratorTest
Tests run: 3, Failures: 0, Errors: 0, Skipped: 0, Time elapsed: 0.548 sec
Running org.apache.accumulo.core.iterators.system.MultiIteratorTest
Tests run: 7, Failures: 0, Errors: 0, Skipped: 0, Time elapsed: 0.066 sec
Running org.apache.accumulo.core.iterators.system.DeletingIteratorTest
Tests run: 4, Failures: 0, Errors: 0, Skipped: 0, Time elapsed: 0.001 sec
Running org.apache.accumulo.core.iterators.IterUtilTest
Tests run: 5, Failures: 0, Errors: 0, Skipped: 0, Time elapsed: 0.004 sec
Running org.apache.accumulo.core.iterators.user.RowFilterTest
Tests run: 1, Failures: 0, Errors: 0, Skipped: 0, Time elapsed: 0.008 sec
Running org.apache.accumulo.core.iterators.user.IndexedDocIteratorTest
Tests run: 5, Failures: 0, Errors: 0, Skipped: 0, Time elapsed: 0.47 sec
Running org.apache.accumulo.core.iterators.user.RegExFilterTest
Tests run: 1, Failures: 0, Errors: 0, Skipped: 0, Time elapsed: 0 sec
Running org.apache.accumulo.core.iterators.user.CombinerTest
Tests run: 13, Failures: 0, Errors: 0, Skipped: 0, Time elapsed: 0.01 sec
Running org.apache.accumulo.core.iterators.user.RowDeletingIteratorTest
Tests run: 4, Failures: 0, Errors: 0, Skipped: 0, Time elapsed: 0.001 sec
Running org.apache.accumulo.core.iterators.user.VersioningIteratorTest
Tests run: 6, Failures: 0, Errors: 0, Skipped: 0, Time elapsed: 0.002 sec
Running org.apache.accumulo.core.iterators.user.FilterTest
Tests run: 11, Failures: 0, Errors: 0, Skipped: 0, Time elapsed: 0.048 sec
Running org.apache.accumulo.core.iterators.user.GrepIteratorTest
Tests run: 1, Failures: 1, Errors: 0, Skipped: 0, Time elapsed: 0.005 sec <<< FAILURE!
Running org.apache.accumulo.core.iterators.user.IntersectingIteratorTest
Tests run: 6, Failures: 0, Errors: 0, Skipped: 0, Time elapsed: 0.351 sec
Running org.apache.accumulo.core.iterators.user.LargeRowFilterTest
Tests run: 5, Failures: 0, Errors: 0, Skipped: 0, Time elapsed: 0.033 sec
Running org.apache.accumulo.core.iterators.user.WholeRowIteratorTest
Tests run: 3, Failures: 0, Errors: 0, Skipped: 0, Time elapsed: 0.002 sec
Running org.apache.accumulo.core.iterators.aggregation.conf.AggregatorConfigurationTest
Tests run: 2, Failures: 0, Errors: 0, Skipped: 0, Time elapsed: 0.001 sec
Running org.apache.accumulo.core.iterators.aggregation.NumSummationTest
Tests run: 5, Failures: 0, Errors: 0, Skipped: 0, Time elapsed: 0.001 sec
Running org.apache.accumulo.core.security.ColumnVisibilityTest
Tests run: 10, Failures: 0, Errors: 0, Skipped: 0, Time elapsed: 0.003 sec
Running org.apache.accumulo.core.security.AuthorizationsTest
Tests run: 2, Failures: 0, Errors: 0, Skipped: 0, Time elapsed: 0.001 sec
Running org.apache.accumulo.core.security.VisibilityEvaluatorTest
Tests run: 1, Failures: 0, Errors: 0, Skipped: 0, Time elapsed: 0 sec
Running org.apache.accumulo.core.client.RowIteratorTest
Tests run: 2, Failures: 0, Errors: 0, Skipped: 0, Time elapsed: 0.002 sec
Running org.apache.accumulo.core.client.mock.MockConnectorTest
Tests run: 8, Failures: 0, Errors: 0, Skipped: 0, Time elapsed: 0.012 sec
Running org.apache.accumulo.core.client.mock.MockTableOperationsTest
Tests run: 1, Failures: 0, Errors: 0, Skipped: 0, Time elapsed: 0.001 sec
Running org.apache.accumulo.core.client.impl.ScannerOptionsTest
Tests run: 2, Failures: 0, Errors: 0, Skipped: 0, Time elapsed: 0.001 sec
Running org.apache.accumulo.core.client.impl.TabletLocatorImplTest
Tests run: 16, Failures: 0, Errors: 0, Skipped: 0, Time elapsed: 0.021 sec
Running org.apache.accumulo.core.client.ClientSideIteratorTest
Tests run: 2, Failures: 0, Errors: 0, Skipped: 0, Time elapsed: 0.003 sec
Running org.apache.accumulo.core.client.admin.FindMaxTest
Tests run: 1, Failures: 0, Errors: 0, Skipped: 0, Time elapsed: 0.465 sec
Running org.apache.accumulo.core.client.admin.TableOperationsHelperTest
Tests run: 1, Failures: 0, Errors: 0, Skipped: 0, Time elapsed: 0.001 sec
Running org.apache.accumulo.core.client.mapreduce.AccumuloRowInputFormatTest
Tests run: 1, Failures: 0, Errors: 0, Skipped: 0, Time elapsed: 0.023 sec
Running org.apache.accumulo.core.client.mapreduce.AccumuloFileOutputFormatTest
file:/home/user/Workspace/reproducibility/Reproducibility-Scanner/benchmarks/bugs-dot-jar/accumulo/target/_temporary/_attempt_local_0000_m_000000_0/part-m-00000.rf
file:/home/user/Workspace/reproducibility/Reproducibility-Scanner/benchmarks/bugs-dot-jar/accumulo/target/_temporary/_attempt_local_0000_m_000000_0/part-m-00000.rf
Tests run: 4, Failures: 0, Errors: 0, Skipped: 0, Time elapsed: 36.549 sec
Running org.apache.accumulo.core.client.mapreduce.AccumuloInputFormatTest
Tests run: 10, Failures: 1, Errors: 0, Skipped: 0, Time elapsed: 0.077 sec <<< FAILURE!
Running org.apache.accumulo.core.client.mapreduce.lib.partition.RangePartitionerTest
Tests run: 2, Failures: 0, Errors: 0, Skipped: 0, Time elapsed: 0.235 sec
Running org.apache.accumulo.core.client.mapreduce.AccumuloOutputFormatTest
Tests run: 1, Failures: 0, Errors: 0, Skipped: 0, Time elapsed: 0.006 sec
Running org.apache.accumulo.core.conf.PropertyTest
Tests run: 3, Failures: 0, Errors: 0, Skipped: 0, Time elapsed: 0.001 sec

Results :

Failed tests:   test(org.apache.accumulo.core.iterators.user.GrepIteratorTest): expected:<dfh xyz:xyz [] 1 true> but was:<dfh xyz:xyz [] 0 false>
  testAddIterator(org.apache.accumulo.core.client.mapreduce.AccumuloInputFormatTest): expected:<[v1]> but was:<[junk]>

Tests run: 276, Failures: 2, Errors: 0, Skipped: 0

[[1;34mINFO[m] [1m------------------------------------------------------------------------[m
[[1;34mINFO[m] [1;31mBUILD FAILURE[m
[[1;34mINFO[m] [1m------------------------------------------------------------------------[m
[[1;34mINFO[m] Total time:  46.933 s
[[1;34mINFO[m] Finished at: 2022-07-30T07:02:17-07:00
[[1;34mINFO[m] [1m------------------------------------------------------------------------[m
[[1;31mERROR[m] Failed to execute goal [32morg.apache.maven.plugins:maven-surefire-plugin:2.9:test[m [1m(default-test)[m on project [36maccumulo-core[m: [1;31mThere are test failures.[m
[[1;31mERROR[m] [1;31m[m
[[1;31mERROR[m] [1;31mPlease refer to /home/user/Workspace/reproducibility/Reproducibility-Scanner/benchmarks/bugs-dot-jar/accumulo/src/core/target/surefire-reports for the individual test results.[m
[[1;31mERROR[m] -> [1m[Help 1][m
[[1;31mERROR[m] 
[[1;31mERROR[m] To see the full stack trace of the errors, re-run Maven with the [1m-e[m switch.
[[1;31mERROR[m] Re-run Maven using the [1m-X[m switch to enable full debug logging.
[[1;31mERROR[m] 
[[1;31mERROR[m] For more information about the errors and possible solutions, please read the following articles:
[[1;31mERROR[m] [1m[Help 1][m http://cwiki.apache.org/confluence/display/MAVEN/MojoFailureException