[[1;34mINFO[m] Scanning for projects...
[[1;33mWARNING[m] The project org.apache.accumulo:accumulo:pom:1.5.0-SNAPSHOT uses prerequisites which is only intended for maven-plugin projects but not for non maven-plugin projects. For such purposes you should use the maven-enforcer-plugin. See https://maven.apache.org/enforcer/enforcer-rules/requireMavenVersion.html
[[1;34mINFO[m] [1m------------------------------------------------------------------------[m
[[1;34mINFO[m] [1mReactor Build Order:[m
[[1;34mINFO[m] 
[[1;34mINFO[m] accumulo                                                           [pom]
[[1;34mINFO[m] cloudtrace                                                         [jar]
[[1;34mINFO[m] accumulo-start                                                     [jar]
[[1;34mINFO[m] accumulo-fate                                                      [jar]
[[1;34mINFO[m] accumulo-core                                                      [jar]
[[1;34mINFO[m] accumulo-server                                                    [jar]
[[1;34mINFO[m] accumulo-examples                                                  [pom]
[[1;34mINFO[m] examples-simple                                                    [jar]
[[1;34mINFO[m] accumulo-test                                                      [jar]
[[1;34mINFO[m] instamo                                                            [jar]
[[1;34mINFO[m] accumulo-assemble                                                  [pom]
[[1;34mINFO[m] 
[[1;34mINFO[m] [1m--------------------< [0;36morg.apache.accumulo:accumulo[0;1m >--------------------[m
[[1;34mINFO[m] [1mBuilding accumulo 1.5.0-SNAPSHOT                                  [1/11][m
[[1;34mINFO[m] [1m--------------------------------[ pom ]---------------------------------[m
[[1;34mINFO[m] 
[[1;34mINFO[m] [1m--- [0;32mbuildnumber-maven-plugin:1.1:create[m [1m(default)[m @ [36maccumulo[0;1m ---[m
[[1;34mINFO[m] Checking for local modifications: skipped.
[[1;34mINFO[m] Updating project files from SCM: skipped.
[[1;34mINFO[m] Executing: /bin/sh -c cd /home/user/Workspace/reproducibility/Reproducibility-Scanner/benchmarks/bugs-dot-jar/accumulo && svn --non-interactive info
[[1;34mINFO[m] Working directory: /home/user/Workspace/reproducibility/Reproducibility-Scanner/benchmarks/bugs-dot-jar/accumulo
[[1;34mINFO[m] Storing buildNumber: null at timestamp: 1659380144378
[[1;34mINFO[m] Executing: /bin/sh -c cd /home/user/Workspace/reproducibility/Reproducibility-Scanner/benchmarks/bugs-dot-jar/accumulo && svn --non-interactive info
[[1;34mINFO[m] Working directory: /home/user/Workspace/reproducibility/Reproducibility-Scanner/benchmarks/bugs-dot-jar/accumulo
[[1;34mINFO[m] Storing buildScmBranch: UNKNOWN_BRANCH
[[1;34mINFO[m] 
[[1;34mINFO[m] [1m--- [0;32mmaven-enforcer-plugin:1.0.1:enforce[m [1m(enforce-mvn)[m @ [36maccumulo[0;1m ---[m
[[1;34mINFO[m] 
[[1;34mINFO[m] [1m--- [0;32mmaven-remote-resources-plugin:1.3:process[m [1m(default)[m @ [36maccumulo[0;1m ---[m
[[1;34mINFO[m] 
[[1;34mINFO[m] [1m--- [0;32mmaven-dependency-plugin:2.3:copy-dependencies[m [1m(copy-dependencies)[m @ [36maccumulo[0;1m ---[m
[[1;34mINFO[m] 
[[1;34mINFO[m] [1m--- [0;32mmaven-site-plugin:3.2:attach-descriptor[m [1m(attach-descriptor)[m @ [36maccumulo[0;1m ---[m
[[1;34mINFO[m] 
[[1;34mINFO[m] [1m--- [0;32mmaven-source-plugin:2.1.2:jar-no-fork[m [1m(attach-sources)[m @ [36maccumulo[0;1m ---[m
[[1;34mINFO[m] 
[[1;34mINFO[m] [1m--- [0;32mmaven-source-plugin:2.1.2:test-jar-no-fork[m [1m(attach-sources)[m @ [36maccumulo[0;1m ---[m
[[1;34mINFO[m] 
[[1;34mINFO[m] [1m--- [0;32mmaven-install-plugin:2.3.1:install[m [1m(default-install)[m @ [36maccumulo[0;1m ---[m
[[1;34mINFO[m] Installing /home/user/Workspace/reproducibility/Reproducibility-Scanner/benchmarks/bugs-dot-jar/accumulo/pom.xml to /home/user/.m2/repository/org/apache/accumulo/accumulo/1.5.0-SNAPSHOT/accumulo-1.5.0-SNAPSHOT.pom
[[1;34mINFO[m] Installing /home/user/Workspace/reproducibility/Reproducibility-Scanner/benchmarks/bugs-dot-jar/accumulo/target/accumulo-1.5.0-SNAPSHOT-site.xml to /home/user/.m2/repository/org/apache/accumulo/accumulo/1.5.0-SNAPSHOT/accumulo-1.5.0-SNAPSHOT-site.xml
[[1;34mINFO[m] 
[[1;34mINFO[m] [1m-------------------< [0;36morg.apache.accumulo:cloudtrace[0;1m >-------------------[m
[[1;34mINFO[m] [1mBuilding cloudtrace 1.5.0-SNAPSHOT                                [2/11][m
[[1;34mINFO[m] [1m--------------------------------[ jar ]---------------------------------[m
[[1;34mINFO[m] 
[[1;34mINFO[m] [1m--- [0;32mbuildnumber-maven-plugin:1.1:create[m [1m(default)[m @ [36mcloudtrace[0;1m ---[m
[[1;34mINFO[m] Checking for local modifications: skipped.
[[1;34mINFO[m] Updating project files from SCM: skipped.
[[1;34mINFO[m] Executing: /bin/sh -c cd /home/user/Workspace/reproducibility/Reproducibility-Scanner/benchmarks/bugs-dot-jar/accumulo/trace && svn --non-interactive info
[[1;34mINFO[m] Working directory: /home/user/Workspace/reproducibility/Reproducibility-Scanner/benchmarks/bugs-dot-jar/accumulo/trace
[[1;34mINFO[m] Storing buildNumber: null at timestamp: 1659380145690
[[1;34mINFO[m] Executing: /bin/sh -c cd /home/user/Workspace/reproducibility/Reproducibility-Scanner/benchmarks/bugs-dot-jar/accumulo/trace && svn --non-interactive info
[[1;34mINFO[m] Working directory: /home/user/Workspace/reproducibility/Reproducibility-Scanner/benchmarks/bugs-dot-jar/accumulo/trace
[[1;34mINFO[m] Storing buildScmBranch: UNKNOWN_BRANCH
[[1;34mINFO[m] 
[[1;34mINFO[m] [1m--- [0;32mmaven-enforcer-plugin:1.0.1:enforce[m [1m(enforce-mvn)[m @ [36mcloudtrace[0;1m ---[m
[[1;34mINFO[m] 
[[1;34mINFO[m] [1m--- [0;32mmaven-remote-resources-plugin:1.3:process[m [1m(default)[m @ [36mcloudtrace[0;1m ---[m
[[1;34mINFO[m] 
[[1;34mINFO[m] [1m--- [0;32mmaven-resources-plugin:2.5:resources[m [1m(default-resources)[m @ [36mcloudtrace[0;1m ---[m
[debug] execute contextualize
[[1;34mINFO[m] Using 'UTF-8' encoding to copy filtered resources.
[[1;34mINFO[m] skip non existing resourceDirectory /home/user/Workspace/reproducibility/Reproducibility-Scanner/benchmarks/bugs-dot-jar/accumulo/trace/src/main/resources
[[1;34mINFO[m] Copying 3 resources
[[1;34mINFO[m] 
[[1;34mINFO[m] [1m--- [0;32mmaven-dependency-plugin:2.3:copy-dependencies[m [1m(copy-dependencies)[m @ [36mcloudtrace[0;1m ---[m
[[1;34mINFO[m] Copying log4j-1.2.16.jar to /home/user/Workspace/reproducibility/Reproducibility-Scanner/benchmarks/bugs-dot-jar/accumulo/lib/log4j-1.2.16.jar
[[1;34mINFO[m] Copying libthrift-0.9.0.jar to /home/user/Workspace/reproducibility/Reproducibility-Scanner/benchmarks/bugs-dot-jar/accumulo/lib/libthrift-0.9.0.jar
[[1;34mINFO[m] 
[[1;34mINFO[m] [1m--- [0;32mmaven-compiler-plugin:2.3.2:compile[m [1m(default-compile)[m @ [36mcloudtrace[0;1m ---[m
[[1;34mINFO[m] Compiling 22 source files to /home/user/Workspace/reproducibility/Reproducibility-Scanner/benchmarks/bugs-dot-jar/accumulo/trace/target/classes
[[1;34mINFO[m] 
[[1;34mINFO[m] [1m--- [0;32mmaven-resources-plugin:2.5:testResources[m [1m(default-testResources)[m @ [36mcloudtrace[0;1m ---[m
[debug] execute contextualize
[[1;34mINFO[m] Using 'UTF-8' encoding to copy filtered resources.
[[1;34mINFO[m] skip non existing resourceDirectory /home/user/Workspace/reproducibility/Reproducibility-Scanner/benchmarks/bugs-dot-jar/accumulo/trace/src/test/resources
[[1;34mINFO[m] Copying 3 resources
[[1;34mINFO[m] 
[[1;34mINFO[m] [1m--- [0;32mmaven-compiler-plugin:2.3.2:testCompile[m [1m(default-testCompile)[m @ [36mcloudtrace[0;1m ---[m
[[1;34mINFO[m] Compiling 3 source files to /home/user/Workspace/reproducibility/Reproducibility-Scanner/benchmarks/bugs-dot-jar/accumulo/trace/target/test-classes
[[1;34mINFO[m] 
[[1;34mINFO[m] [1m--- [0;32mmaven-surefire-plugin:2.12:test[m [1m(default-test)[m @ [36mcloudtrace[0;1m ---[m
[[1;34mINFO[m] Tests are skipped.
[[1;34mINFO[m] 
[[1;34mINFO[m] [1m--- [0;32mmaven-jar-plugin:2.4:jar[m [1m(default-jar)[m @ [36mcloudtrace[0;1m ---[m
[[1;34mINFO[m] Building jar: /home/user/Workspace/reproducibility/Reproducibility-Scanner/benchmarks/bugs-dot-jar/accumulo/lib/cloudtrace-1.5.0-SNAPSHOT.jar
[[1;34mINFO[m] 
[[1;34mINFO[m] [1m--- [0;32mmaven-site-plugin:3.2:attach-descriptor[m [1m(attach-descriptor)[m @ [36mcloudtrace[0;1m ---[m
[[1;34mINFO[m] 
[[1;34mINFO[m] [1m--- [0;32mmaven-source-plugin:2.1.2:jar-no-fork[m [1m(attach-sources)[m @ [36mcloudtrace[0;1m ---[m
[[1;34mINFO[m] META-INF already added, skipping
[[1;34mINFO[m] META-INF/LICENSE already added, skipping
[[1;34mINFO[m] META-INF/NOTICE already added, skipping
[[1;34mINFO[m] META-INF/DEPENDENCIES already added, skipping
[[1;34mINFO[m] Building jar: /home/user/Workspace/reproducibility/Reproducibility-Scanner/benchmarks/bugs-dot-jar/accumulo/lib/cloudtrace-1.5.0-SNAPSHOT-sources.jar
[[1;34mINFO[m] META-INF already added, skipping
[[1;34mINFO[m] META-INF/LICENSE already added, skipping
[[1;34mINFO[m] META-INF/NOTICE already added, skipping
[[1;34mINFO[m] META-INF/DEPENDENCIES already added, skipping
[[1;34mINFO[m] 
[[1;34mINFO[m] [1m--- [0;32mmaven-source-plugin:2.1.2:test-jar-no-fork[m [1m(attach-sources)[m @ [36mcloudtrace[0;1m ---[m
[[1;34mINFO[m] META-INF already added, skipping
[[1;34mINFO[m] META-INF/LICENSE already added, skipping
[[1;34mINFO[m] META-INF/NOTICE already added, skipping
[[1;34mINFO[m] META-INF/DEPENDENCIES already added, skipping
[[1;34mINFO[m] Building jar: /home/user/Workspace/reproducibility/Reproducibility-Scanner/benchmarks/bugs-dot-jar/accumulo/lib/cloudtrace-1.5.0-SNAPSHOT-test-sources.jar
[[1;34mINFO[m] META-INF already added, skipping
[[1;34mINFO[m] META-INF/LICENSE already added, skipping
[[1;34mINFO[m] META-INF/NOTICE already added, skipping
[[1;34mINFO[m] META-INF/DEPENDENCIES already added, skipping
[[1;34mINFO[m] 
[[1;34mINFO[m] [1m--- [0;32mmaven-install-plugin:2.3.1:install[m [1m(default-install)[m @ [36mcloudtrace[0;1m ---[m
[[1;34mINFO[m] Installing /home/user/Workspace/reproducibility/Reproducibility-Scanner/benchmarks/bugs-dot-jar/accumulo/lib/cloudtrace-1.5.0-SNAPSHOT.jar to /home/user/.m2/repository/org/apache/accumulo/cloudtrace/1.5.0-SNAPSHOT/cloudtrace-1.5.0-SNAPSHOT.jar
[[1;34mINFO[m] Installing /home/user/Workspace/reproducibility/Reproducibility-Scanner/benchmarks/bugs-dot-jar/accumulo/trace/pom.xml to /home/user/.m2/repository/org/apache/accumulo/cloudtrace/1.5.0-SNAPSHOT/cloudtrace-1.5.0-SNAPSHOT.pom
[[1;34mINFO[m] Installing /home/user/Workspace/reproducibility/Reproducibility-Scanner/benchmarks/bugs-dot-jar/accumulo/lib/cloudtrace-1.5.0-SNAPSHOT-sources.jar to /home/user/.m2/repository/org/apache/accumulo/cloudtrace/1.5.0-SNAPSHOT/cloudtrace-1.5.0-SNAPSHOT-sources.jar
[[1;34mINFO[m] Installing /home/user/Workspace/reproducibility/Reproducibility-Scanner/benchmarks/bugs-dot-jar/accumulo/lib/cloudtrace-1.5.0-SNAPSHOT-test-sources.jar to /home/user/.m2/repository/org/apache/accumulo/cloudtrace/1.5.0-SNAPSHOT/cloudtrace-1.5.0-SNAPSHOT-test-sources.jar
[[1;34mINFO[m] 
[[1;34mINFO[m] [1m-----------------< [0;36morg.apache.accumulo:accumulo-start[0;1m >-----------------[m
[[1;34mINFO[m] [1mBuilding accumulo-start 1.5.0-SNAPSHOT                            [3/11][m
[[1;34mINFO[m] [1m--------------------------------[ jar ]---------------------------------[m
[[1;34mINFO[m] 
[[1;34mINFO[m] [1m--- [0;32mbuildnumber-maven-plugin:1.1:create[m [1m(default)[m @ [36maccumulo-start[0;1m ---[m
[[1;34mINFO[m] Checking for local modifications: skipped.
[[1;34mINFO[m] Updating project files from SCM: skipped.
[[1;34mINFO[m] Executing: /bin/sh -c cd /home/user/Workspace/reproducibility/Reproducibility-Scanner/benchmarks/bugs-dot-jar/accumulo/start && svn --non-interactive info
[[1;34mINFO[m] Working directory: /home/user/Workspace/reproducibility/Reproducibility-Scanner/benchmarks/bugs-dot-jar/accumulo/start
[[1;34mINFO[m] Storing buildNumber: null at timestamp: 1659380147877
[[1;34mINFO[m] Executing: /bin/sh -c cd /home/user/Workspace/reproducibility/Reproducibility-Scanner/benchmarks/bugs-dot-jar/accumulo/start && svn --non-interactive info
[[1;34mINFO[m] Working directory: /home/user/Workspace/reproducibility/Reproducibility-Scanner/benchmarks/bugs-dot-jar/accumulo/start
[[1;34mINFO[m] Storing buildScmBranch: UNKNOWN_BRANCH
[[1;34mINFO[m] 
[[1;34mINFO[m] [1m--- [0;32mmaven-enforcer-plugin:1.0.1:enforce[m [1m(enforce-mvn)[m @ [36maccumulo-start[0;1m ---[m
[[1;34mINFO[m] 
[[1;34mINFO[m] [1m--- [0;32mmaven-remote-resources-plugin:1.3:process[m [1m(default)[m @ [36maccumulo-start[0;1m ---[m
[[1;34mINFO[m] 
[[1;34mINFO[m] [1m--- [0;32mmaven-resources-plugin:2.5:resources[m [1m(default-resources)[m @ [36maccumulo-start[0;1m ---[m
[debug] execute contextualize
[[1;34mINFO[m] Using 'UTF-8' encoding to copy filtered resources.
[[1;34mINFO[m] skip non existing resourceDirectory /home/user/Workspace/reproducibility/Reproducibility-Scanner/benchmarks/bugs-dot-jar/accumulo/start/src/main/resources
[[1;34mINFO[m] Copying 3 resources
[[1;34mINFO[m] 
[[1;34mINFO[m] [1m--- [0;32mmaven-dependency-plugin:2.3:copy-dependencies[m [1m(copy-dependencies)[m @ [36maccumulo-start[0;1m ---[m
[[1;34mINFO[m] Copying commons-io-1.4.jar to /home/user/Workspace/reproducibility/Reproducibility-Scanner/benchmarks/bugs-dot-jar/accumulo/lib/commons-io-1.4.jar
[[1;34mINFO[m] Copying commons-vfs2-2.0.jar to /home/user/Workspace/reproducibility/Reproducibility-Scanner/benchmarks/bugs-dot-jar/accumulo/lib/commons-vfs2-2.0.jar
[[1;34mINFO[m] Copying commons-jci-fam-1.0.jar to /home/user/Workspace/reproducibility/Reproducibility-Scanner/benchmarks/bugs-dot-jar/accumulo/lib/commons-jci-fam-1.0.jar
[[1;34mINFO[m] Copying commons-logging-1.0.4.jar to /home/user/Workspace/reproducibility/Reproducibility-Scanner/benchmarks/bugs-dot-jar/accumulo/lib/commons-logging-1.0.4.jar
[[1;34mINFO[m] log4j-1.2.16.jar already exists in destination.
[[1;34mINFO[m] 
[[1;34mINFO[m] [1m--- [0;32mmaven-compiler-plugin:2.3.2:compile[m [1m(default-compile)[m @ [36maccumulo-start[0;1m ---[m
[[1;34mINFO[m] Compiling 14 source files to /home/user/Workspace/reproducibility/Reproducibility-Scanner/benchmarks/bugs-dot-jar/accumulo/start/target/classes
[[1;34mINFO[m] 
[[1;34mINFO[m] [1m--- [0;32mmaven-resources-plugin:2.5:testResources[m [1m(default-testResources)[m @ [36maccumulo-start[0;1m ---[m
[debug] execute contextualize
[[1;34mINFO[m] Using 'UTF-8' encoding to copy filtered resources.
[[1;34mINFO[m] Copying 7 resources
[[1;34mINFO[m] Copying 3 resources
[[1;34mINFO[m] 
[[1;34mINFO[m] [1m--- [0;32mmaven-compiler-plugin:2.3.2:testCompile[m [1m(default-testCompile)[m @ [36maccumulo-start[0;1m ---[m
[[1;34mINFO[m] Compiling 8 source files to /home/user/Workspace/reproducibility/Reproducibility-Scanner/benchmarks/bugs-dot-jar/accumulo/start/target/test-classes
[[1;34mINFO[m] 
[[1;34mINFO[m] [1m--- [0;32mmaven-surefire-plugin:2.12:test[m [1m(default-test)[m @ [36maccumulo-start[0;1m ---[m
[[1;34mINFO[m] Tests are skipped.
[[1;34mINFO[m] 
[[1;34mINFO[m] [1m--- [0;32mmaven-jar-plugin:2.4:jar[m [1m(default-jar)[m @ [36maccumulo-start[0;1m ---[m
[[1;34mINFO[m] Building jar: /home/user/Workspace/reproducibility/Reproducibility-Scanner/benchmarks/bugs-dot-jar/accumulo/lib/accumulo-start-1.5.0-SNAPSHOT.jar
[[1;34mINFO[m] 
[[1;34mINFO[m] [1m--- [0;32mmaven-site-plugin:3.2:attach-descriptor[m [1m(attach-descriptor)[m @ [36maccumulo-start[0;1m ---[m
[[1;34mINFO[m] 
[[1;34mINFO[m] [1m--- [0;32mmaven-source-plugin:2.1.2:jar-no-fork[m [1m(attach-sources)[m @ [36maccumulo-start[0;1m ---[m
[[1;34mINFO[m] META-INF already added, skipping
[[1;34mINFO[m] META-INF/LICENSE already added, skipping
[[1;34mINFO[m] META-INF/NOTICE already added, skipping
[[1;34mINFO[m] META-INF/DEPENDENCIES already added, skipping
[[1;34mINFO[m] Building jar: /home/user/Workspace/reproducibility/Reproducibility-Scanner/benchmarks/bugs-dot-jar/accumulo/lib/accumulo-start-1.5.0-SNAPSHOT-sources.jar
[[1;34mINFO[m] META-INF already added, skipping
[[1;34mINFO[m] META-INF/LICENSE already added, skipping
[[1;34mINFO[m] META-INF/NOTICE already added, skipping
[[1;34mINFO[m] META-INF/DEPENDENCIES already added, skipping
[[1;34mINFO[m] 
[[1;34mINFO[m] [1m--- [0;32mmaven-source-plugin:2.1.2:test-jar-no-fork[m [1m(attach-sources)[m @ [36maccumulo-start[0;1m ---[m
[[1;34mINFO[m] META-INF already added, skipping
[[1;34mINFO[m] META-INF/LICENSE already added, skipping
[[1;34mINFO[m] META-INF/NOTICE already added, skipping
[[1;34mINFO[m] META-INF/DEPENDENCIES already added, skipping
[[1;34mINFO[m] Building jar: /home/user/Workspace/reproducibility/Reproducibility-Scanner/benchmarks/bugs-dot-jar/accumulo/lib/accumulo-start-1.5.0-SNAPSHOT-test-sources.jar
[[1;34mINFO[m] META-INF already added, skipping
[[1;34mINFO[m] META-INF/LICENSE already added, skipping
[[1;34mINFO[m] META-INF/NOTICE already added, skipping
[[1;34mINFO[m] META-INF/DEPENDENCIES already added, skipping
[[1;34mINFO[m] 
[[1;34mINFO[m] [1m--- [0;32mmaven-install-plugin:2.3.1:install[m [1m(default-install)[m @ [36maccumulo-start[0;1m ---[m
[[1;34mINFO[m] Installing /home/user/Workspace/reproducibility/Reproducibility-Scanner/benchmarks/bugs-dot-jar/accumulo/lib/accumulo-start-1.5.0-SNAPSHOT.jar to /home/user/.m2/repository/org/apache/accumulo/accumulo-start/1.5.0-SNAPSHOT/accumulo-start-1.5.0-SNAPSHOT.jar
[[1;34mINFO[m] Installing /home/user/Workspace/reproducibility/Reproducibility-Scanner/benchmarks/bugs-dot-jar/accumulo/start/pom.xml to /home/user/.m2/repository/org/apache/accumulo/accumulo-start/1.5.0-SNAPSHOT/accumulo-start-1.5.0-SNAPSHOT.pom
[[1;34mINFO[m] Installing /home/user/Workspace/reproducibility/Reproducibility-Scanner/benchmarks/bugs-dot-jar/accumulo/lib/accumulo-start-1.5.0-SNAPSHOT-sources.jar to /home/user/.m2/repository/org/apache/accumulo/accumulo-start/1.5.0-SNAPSHOT/accumulo-start-1.5.0-SNAPSHOT-sources.jar
[[1;34mINFO[m] Installing /home/user/Workspace/reproducibility/Reproducibility-Scanner/benchmarks/bugs-dot-jar/accumulo/lib/accumulo-start-1.5.0-SNAPSHOT-test-sources.jar to /home/user/.m2/repository/org/apache/accumulo/accumulo-start/1.5.0-SNAPSHOT/accumulo-start-1.5.0-SNAPSHOT-test-sources.jar
[[1;34mINFO[m] 
[[1;34mINFO[m] [1m-----------------< [0;36morg.apache.accumulo:accumulo-fate[0;1m >------------------[m
[[1;34mINFO[m] [1mBuilding accumulo-fate 1.5.0-SNAPSHOT                             [4/11][m
[[1;34mINFO[m] [1m--------------------------------[ jar ]---------------------------------[m
[[1;34mINFO[m] 
[[1;34mINFO[m] [1m--- [0;32mbuildnumber-maven-plugin:1.1:create[m [1m(default)[m @ [36maccumulo-fate[0;1m ---[m
[[1;34mINFO[m] Checking for local modifications: skipped.
[[1;34mINFO[m] Updating project files from SCM: skipped.
[[1;34mINFO[m] Executing: /bin/sh -c cd /home/user/Workspace/reproducibility/Reproducibility-Scanner/benchmarks/bugs-dot-jar/accumulo/fate && svn --non-interactive info
[[1;34mINFO[m] Working directory: /home/user/Workspace/reproducibility/Reproducibility-Scanner/benchmarks/bugs-dot-jar/accumulo/fate
[[1;34mINFO[m] Storing buildNumber: null at timestamp: 1659380149859
[[1;34mINFO[m] Executing: /bin/sh -c cd /home/user/Workspace/reproducibility/Reproducibility-Scanner/benchmarks/bugs-dot-jar/accumulo/fate && svn --non-interactive info
[[1;34mINFO[m] Working directory: /home/user/Workspace/reproducibility/Reproducibility-Scanner/benchmarks/bugs-dot-jar/accumulo/fate
[[1;34mINFO[m] Storing buildScmBranch: UNKNOWN_BRANCH
[[1;34mINFO[m] 
[[1;34mINFO[m] [1m--- [0;32mmaven-enforcer-plugin:1.0.1:enforce[m [1m(enforce-mvn)[m @ [36maccumulo-fate[0;1m ---[m
[[1;34mINFO[m] 
[[1;34mINFO[m] [1m--- [0;32mmaven-remote-resources-plugin:1.3:process[m [1m(default)[m @ [36maccumulo-fate[0;1m ---[m
[[1;34mINFO[m] 
[[1;34mINFO[m] [1m--- [0;32mmaven-resources-plugin:2.5:resources[m [1m(default-resources)[m @ [36maccumulo-fate[0;1m ---[m
[debug] execute contextualize
[[1;34mINFO[m] Using 'UTF-8' encoding to copy filtered resources.
[[1;34mINFO[m] skip non existing resourceDirectory /home/user/Workspace/reproducibility/Reproducibility-Scanner/benchmarks/bugs-dot-jar/accumulo/fate/src/main/resources
[[1;34mINFO[m] Copying 3 resources
[[1;34mINFO[m] 
[[1;34mINFO[m] [1m--- [0;32mmaven-dependency-plugin:2.3:copy-dependencies[m [1m(copy-dependencies)[m @ [36maccumulo-fate[0;1m ---[m
[[1;34mINFO[m] Copying commons-lang-2.4.jar to /home/user/Workspace/reproducibility/Reproducibility-Scanner/benchmarks/bugs-dot-jar/accumulo/lib/commons-lang-2.4.jar
[[1;34mINFO[m] log4j-1.2.16.jar already exists in destination.
[[1;34mINFO[m] 
[[1;34mINFO[m] [1m--- [0;32mmaven-compiler-plugin:2.3.2:compile[m [1m(default-compile)[m @ [36maccumulo-fate[0;1m ---[m
[[1;34mINFO[m] Compiling 21 source files to /home/user/Workspace/reproducibility/Reproducibility-Scanner/benchmarks/bugs-dot-jar/accumulo/fate/target/classes
[[1;34mINFO[m] 
[[1;34mINFO[m] [1m--- [0;32mmaven-resources-plugin:2.5:testResources[m [1m(default-testResources)[m @ [36maccumulo-fate[0;1m ---[m
[debug] execute contextualize
[[1;34mINFO[m] Using 'UTF-8' encoding to copy filtered resources.
[[1;34mINFO[m] skip non existing resourceDirectory /home/user/Workspace/reproducibility/Reproducibility-Scanner/benchmarks/bugs-dot-jar/accumulo/fate/src/test/resources
[[1;34mINFO[m] Copying 3 resources
[[1;34mINFO[m] 
[[1;34mINFO[m] [1m--- [0;32mmaven-compiler-plugin:2.3.2:testCompile[m [1m(default-testCompile)[m @ [36maccumulo-fate[0;1m ---[m
[[1;34mINFO[m] Compiling 2 source files to /home/user/Workspace/reproducibility/Reproducibility-Scanner/benchmarks/bugs-dot-jar/accumulo/fate/target/test-classes
[[1;34mINFO[m] 
[[1;34mINFO[m] [1m--- [0;32mmaven-surefire-plugin:2.12:test[m [1m(default-test)[m @ [36maccumulo-fate[0;1m ---[m
[[1;34mINFO[m] Tests are skipped.
[[1;34mINFO[m] 
[[1;34mINFO[m] [1m--- [0;32mmaven-jar-plugin:2.4:jar[m [1m(default-jar)[m @ [36maccumulo-fate[0;1m ---[m
[[1;34mINFO[m] Building jar: /home/user/Workspace/reproducibility/Reproducibility-Scanner/benchmarks/bugs-dot-jar/accumulo/lib/accumulo-fate-1.5.0-SNAPSHOT.jar
[[1;34mINFO[m] 
[[1;34mINFO[m] [1m--- [0;32mmaven-site-plugin:3.2:attach-descriptor[m [1m(attach-descriptor)[m @ [36maccumulo-fate[0;1m ---[m
[[1;34mINFO[m] 
[[1;34mINFO[m] [1m--- [0;32mmaven-source-plugin:2.1.2:jar-no-fork[m [1m(attach-sources)[m @ [36maccumulo-fate[0;1m ---[m
[[1;34mINFO[m] META-INF already added, skipping
[[1;34mINFO[m] META-INF/LICENSE already added, skipping
[[1;34mINFO[m] META-INF/NOTICE already added, skipping
[[1;34mINFO[m] META-INF/DEPENDENCIES already added, skipping
[[1;34mINFO[m] Building jar: /home/user/Workspace/reproducibility/Reproducibility-Scanner/benchmarks/bugs-dot-jar/accumulo/lib/accumulo-fate-1.5.0-SNAPSHOT-sources.jar
[[1;34mINFO[m] META-INF already added, skipping
[[1;34mINFO[m] META-INF/LICENSE already added, skipping
[[1;34mINFO[m] META-INF/NOTICE already added, skipping
[[1;34mINFO[m] META-INF/DEPENDENCIES already added, skipping
[[1;34mINFO[m] 
[[1;34mINFO[m] [1m--- [0;32mmaven-source-plugin:2.1.2:test-jar-no-fork[m [1m(attach-sources)[m @ [36maccumulo-fate[0;1m ---[m
[[1;34mINFO[m] META-INF already added, skipping
[[1;34mINFO[m] META-INF/LICENSE already added, skipping
[[1;34mINFO[m] META-INF/NOTICE already added, skipping
[[1;34mINFO[m] META-INF/DEPENDENCIES already added, skipping
[[1;34mINFO[m] Building jar: /home/user/Workspace/reproducibility/Reproducibility-Scanner/benchmarks/bugs-dot-jar/accumulo/lib/accumulo-fate-1.5.0-SNAPSHOT-test-sources.jar
[[1;34mINFO[m] META-INF already added, skipping
[[1;34mINFO[m] META-INF/LICENSE already added, skipping
[[1;34mINFO[m] META-INF/NOTICE already added, skipping
[[1;34mINFO[m] META-INF/DEPENDENCIES already added, skipping
[[1;34mINFO[m] 
[[1;34mINFO[m] [1m--- [0;32mmaven-install-plugin:2.3.1:install[m [1m(default-install)[m @ [36maccumulo-fate[0;1m ---[m
[[1;34mINFO[m] Installing /home/user/Workspace/reproducibility/Reproducibility-Scanner/benchmarks/bugs-dot-jar/accumulo/lib/accumulo-fate-1.5.0-SNAPSHOT.jar to /home/user/.m2/repository/org/apache/accumulo/accumulo-fate/1.5.0-SNAPSHOT/accumulo-fate-1.5.0-SNAPSHOT.jar
[[1;34mINFO[m] Installing /home/user/Workspace/reproducibility/Reproducibility-Scanner/benchmarks/bugs-dot-jar/accumulo/fate/pom.xml to /home/user/.m2/repository/org/apache/accumulo/accumulo-fate/1.5.0-SNAPSHOT/accumulo-fate-1.5.0-SNAPSHOT.pom
[[1;34mINFO[m] Installing /home/user/Workspace/reproducibility/Reproducibility-Scanner/benchmarks/bugs-dot-jar/accumulo/lib/accumulo-fate-1.5.0-SNAPSHOT-sources.jar to /home/user/.m2/repository/org/apache/accumulo/accumulo-fate/1.5.0-SNAPSHOT/accumulo-fate-1.5.0-SNAPSHOT-sources.jar
[[1;34mINFO[m] Installing /home/user/Workspace/reproducibility/Reproducibility-Scanner/benchmarks/bugs-dot-jar/accumulo/lib/accumulo-fate-1.5.0-SNAPSHOT-test-sources.jar to /home/user/.m2/repository/org/apache/accumulo/accumulo-fate/1.5.0-SNAPSHOT/accumulo-fate-1.5.0-SNAPSHOT-test-sources.jar
[[1;34mINFO[m] 
[[1;34mINFO[m] [1m-----------------< [0;36morg.apache.accumulo:accumulo-core[0;1m >------------------[m
[[1;34mINFO[m] [1mBuilding accumulo-core 1.5.0-SNAPSHOT                             [5/11][m
[[1;34mINFO[m] [1m--------------------------------[ jar ]---------------------------------[m
[[1;34mINFO[m] 
[[1;34mINFO[m] [1m--- [0;32mbuildnumber-maven-plugin:1.1:create[m [1m(default)[m @ [36maccumulo-core[0;1m ---[m
[[1;34mINFO[m] Checking for local modifications: skipped.
[[1;34mINFO[m] Updating project files from SCM: skipped.
[[1;34mINFO[m] Executing: /bin/sh -c cd /home/user/Workspace/reproducibility/Reproducibility-Scanner/benchmarks/bugs-dot-jar/accumulo/core && svn --non-interactive info
[[1;34mINFO[m] Working directory: /home/user/Workspace/reproducibility/Reproducibility-Scanner/benchmarks/bugs-dot-jar/accumulo/core
[[1;34mINFO[m] Storing buildNumber: null at timestamp: 1659380151692
[[1;34mINFO[m] Executing: /bin/sh -c cd /home/user/Workspace/reproducibility/Reproducibility-Scanner/benchmarks/bugs-dot-jar/accumulo/core && svn --non-interactive info
[[1;34mINFO[m] Working directory: /home/user/Workspace/reproducibility/Reproducibility-Scanner/benchmarks/bugs-dot-jar/accumulo/core
[[1;34mINFO[m] Storing buildScmBranch: UNKNOWN_BRANCH
[[1;34mINFO[m] 
[[1;34mINFO[m] [1m--- [0;32mmaven-enforcer-plugin:1.0.1:enforce[m [1m(enforce-mvn)[m @ [36maccumulo-core[0;1m ---[m
[[1;34mINFO[m] 
[[1;34mINFO[m] [1m--- [0;32mexec-maven-plugin:1.2.1:exec[m [1m(generate-core-thrift)[m @ [36maccumulo-core[0;1m ---[m
***********************************************
* thrift is not available                     *
*   expecting 'thrift -version' to return 0.9 *
***********************************************
[[1;34mINFO[m] 
[[1;34mINFO[m] [1m--- [0;32mmaven-remote-resources-plugin:1.3:process[m [1m(default)[m @ [36maccumulo-core[0;1m ---[m
[[1;34mINFO[m] 
[[1;34mINFO[m] [1m--- [0;32mmaven-resources-plugin:2.5:resources[m [1m(default-resources)[m @ [36maccumulo-core[0;1m ---[m
[debug] execute contextualize
[[1;34mINFO[m] Using 'UTF-8' encoding to copy filtered resources.
[[1;34mINFO[m] Copying 1 resource
[[1;34mINFO[m] Copying 3 resources
[[1;34mINFO[m] 
[[1;34mINFO[m] [1m--- [0;32mmaven-dependency-plugin:2.3:copy-dependencies[m [1m(copy-dependencies)[m @ [36maccumulo-core[0;1m ---[m
[[1;34mINFO[m] Copying commons-collections-3.2.jar to /home/user/Workspace/reproducibility/Reproducibility-Scanner/benchmarks/bugs-dot-jar/accumulo/lib/commons-collections-3.2.jar
[[1;34mINFO[m] Copying jline-0.9.94.jar to /home/user/Workspace/reproducibility/Reproducibility-Scanner/benchmarks/bugs-dot-jar/accumulo/lib/jline-0.9.94.jar
[[1;34mINFO[m] log4j-1.2.16.jar already exists in destination.
[[1;34mINFO[m] libthrift-0.9.0.jar already exists in destination.
[[1;34mINFO[m] commons-logging-1.0.4.jar already exists in destination.
[[1;34mINFO[m] commons-lang-2.4.jar already exists in destination.
[[1;34mINFO[m] 
[[1;34mINFO[m] [1m--- [0;32mmaven-compiler-plugin:2.3.2:compile[m [1m(default-compile)[m @ [36maccumulo-core[0;1m ---[m
[[1;34mINFO[m] Compiling 436 source files to /home/user/Workspace/reproducibility/Reproducibility-Scanner/benchmarks/bugs-dot-jar/accumulo/core/target/classes
[[1;34mINFO[m] 
[[1;34mINFO[m] [1m--- [0;32mmaven-resources-plugin:2.5:testResources[m [1m(default-testResources)[m @ [36maccumulo-core[0;1m ---[m
[debug] execute contextualize
[[1;34mINFO[m] Using 'UTF-8' encoding to copy filtered resources.
[[1;34mINFO[m] Copying 4 resources
[[1;34mINFO[m] Copying 3 resources
[[1;34mINFO[m] 
[[1;34mINFO[m] [1m--- [0;32mmaven-compiler-plugin:2.3.2:testCompile[m [1m(default-testCompile)[m @ [36maccumulo-core[0;1m ---[m
[[1;34mINFO[m] Compiling 66 source files to /home/user/Workspace/reproducibility/Reproducibility-Scanner/benchmarks/bugs-dot-jar/accumulo/core/target/test-classes
[[1;34mINFO[m] 
[[1;34mINFO[m] [1m--- [0;32mmaven-surefire-plugin:2.12:test[m [1m(default-test)[m @ [36maccumulo-core[0;1m ---[m
[[1;34mINFO[m] Tests are skipped.
[[1;34mINFO[m] 
[[1;34mINFO[m] [1m--- [0;32mmaven-jar-plugin:2.4:jar[m [1m(default-jar)[m @ [36maccumulo-core[0;1m ---[m
[[1;34mINFO[m] Building jar: /home/user/Workspace/reproducibility/Reproducibility-Scanner/benchmarks/bugs-dot-jar/accumulo/lib/accumulo-core-1.5.0-SNAPSHOT.jar
[[1;34mINFO[m] 
[[1;34mINFO[m] [1m--- [0;32mmaven-site-plugin:3.2:attach-descriptor[m [1m(attach-descriptor)[m @ [36maccumulo-core[0;1m ---[m
[[1;34mINFO[m] 
[[1;34mINFO[m] [1m--- [0;32mmaven-source-plugin:2.1.2:jar-no-fork[m [1m(attach-sources)[m @ [36maccumulo-core[0;1m ---[m
[[1;34mINFO[m] org already added, skipping
[[1;34mINFO[m] org/apache already added, skipping
[[1;34mINFO[m] org/apache/accumulo already added, skipping
[[1;34mINFO[m] org/apache/accumulo/core already added, skipping
[[1;34mINFO[m] org/apache/accumulo/core/conf already added, skipping
[[1;34mINFO[m] META-INF already added, skipping
[[1;34mINFO[m] META-INF/LICENSE already added, skipping
[[1;34mINFO[m] META-INF/NOTICE already added, skipping
[[1;34mINFO[m] META-INF/DEPENDENCIES already added, skipping
[[1;34mINFO[m] Building jar: /home/user/Workspace/reproducibility/Reproducibility-Scanner/benchmarks/bugs-dot-jar/accumulo/lib/accumulo-core-1.5.0-SNAPSHOT-sources.jar
[[1;34mINFO[m] org already added, skipping
[[1;34mINFO[m] org/apache already added, skipping
[[1;34mINFO[m] org/apache/accumulo already added, skipping
[[1;34mINFO[m] org/apache/accumulo/core already added, skipping
[[1;34mINFO[m] org/apache/accumulo/core/conf already added, skipping
[[1;34mINFO[m] META-INF already added, skipping
[[1;34mINFO[m] META-INF/LICENSE already added, skipping
[[1;34mINFO[m] META-INF/NOTICE already added, skipping
[[1;34mINFO[m] META-INF/DEPENDENCIES already added, skipping
[[1;34mINFO[m] 
[[1;34mINFO[m] [1m--- [0;32mmaven-source-plugin:2.1.2:test-jar-no-fork[m [1m(attach-sources)[m @ [36maccumulo-core[0;1m ---[m
[[1;34mINFO[m] org already added, skipping
[[1;34mINFO[m] org/apache already added, skipping
[[1;34mINFO[m] org/apache/accumulo already added, skipping
[[1;34mINFO[m] org/apache/accumulo/core already added, skipping
[[1;34mINFO[m] org/apache/accumulo/core/file already added, skipping
[[1;34mINFO[m] org/apache/accumulo/core/file/rfile already added, skipping
[[1;34mINFO[m] META-INF already added, skipping
[[1;34mINFO[m] META-INF/LICENSE already added, skipping
[[1;34mINFO[m] META-INF/NOTICE already added, skipping
[[1;34mINFO[m] META-INF/DEPENDENCIES already added, skipping
[[1;34mINFO[m] Building jar: /home/user/Workspace/reproducibility/Reproducibility-Scanner/benchmarks/bugs-dot-jar/accumulo/lib/accumulo-core-1.5.0-SNAPSHOT-test-sources.jar
[[1;34mINFO[m] org already added, skipping
[[1;34mINFO[m] org/apache already added, skipping
[[1;34mINFO[m] org/apache/accumulo already added, skipping
[[1;34mINFO[m] org/apache/accumulo/core already added, skipping
[[1;34mINFO[m] org/apache/accumulo/core/file already added, skipping
[[1;34mINFO[m] org/apache/accumulo/core/file/rfile already added, skipping
[[1;34mINFO[m] META-INF already added, skipping
[[1;34mINFO[m] META-INF/LICENSE already added, skipping
[[1;34mINFO[m] META-INF/NOTICE already added, skipping
[[1;34mINFO[m] META-INF/DEPENDENCIES already added, skipping
[[1;34mINFO[m] 
[[1;34mINFO[m] [1m--- [0;32mmaven-install-plugin:2.3.1:install[m [1m(default-install)[m @ [36maccumulo-core[0;1m ---[m
[[1;34mINFO[m] Installing /home/user/Workspace/reproducibility/Reproducibility-Scanner/benchmarks/bugs-dot-jar/accumulo/lib/accumulo-core-1.5.0-SNAPSHOT.jar to /home/user/.m2/repository/org/apache/accumulo/accumulo-core/1.5.0-SNAPSHOT/accumulo-core-1.5.0-SNAPSHOT.jar
[[1;34mINFO[m] Installing /home/user/Workspace/reproducibility/Reproducibility-Scanner/benchmarks/bugs-dot-jar/accumulo/core/pom.xml to /home/user/.m2/repository/org/apache/accumulo/accumulo-core/1.5.0-SNAPSHOT/accumulo-core-1.5.0-SNAPSHOT.pom
[[1;34mINFO[m] Installing /home/user/Workspace/reproducibility/Reproducibility-Scanner/benchmarks/bugs-dot-jar/accumulo/lib/accumulo-core-1.5.0-SNAPSHOT-sources.jar to /home/user/.m2/repository/org/apache/accumulo/accumulo-core/1.5.0-SNAPSHOT/accumulo-core-1.5.0-SNAPSHOT-sources.jar
[[1;34mINFO[m] Installing /home/user/Workspace/reproducibility/Reproducibility-Scanner/benchmarks/bugs-dot-jar/accumulo/lib/accumulo-core-1.5.0-SNAPSHOT-test-sources.jar to /home/user/.m2/repository/org/apache/accumulo/accumulo-core/1.5.0-SNAPSHOT/accumulo-core-1.5.0-SNAPSHOT-test-sources.jar
[[1;34mINFO[m] 
[[1;34mINFO[m] [1m----------------< [0;36morg.apache.accumulo:accumulo-server[0;1m >-----------------[m
[[1;34mINFO[m] [1mBuilding accumulo-server 1.5.0-SNAPSHOT                           [6/11][m
[[1;34mINFO[m] [1m--------------------------------[ jar ]---------------------------------[m
[[1;34mINFO[m] 
[[1;34mINFO[m] [1m--- [0;32mbuildnumber-maven-plugin:1.1:create[m [1m(default)[m @ [36maccumulo-server[0;1m ---[m
[[1;34mINFO[m] Checking for local modifications: skipped.
[[1;34mINFO[m] Updating project files from SCM: skipped.
[[1;34mINFO[m] Executing: /bin/sh -c cd /home/user/Workspace/reproducibility/Reproducibility-Scanner/benchmarks/bugs-dot-jar/accumulo/server && svn --non-interactive info
[[1;34mINFO[m] Working directory: /home/user/Workspace/reproducibility/Reproducibility-Scanner/benchmarks/bugs-dot-jar/accumulo/server
[[1;34mINFO[m] Storing buildNumber: null at timestamp: 1659380160525
[[1;34mINFO[m] Executing: /bin/sh -c cd /home/user/Workspace/reproducibility/Reproducibility-Scanner/benchmarks/bugs-dot-jar/accumulo/server && svn --non-interactive info
[[1;34mINFO[m] Working directory: /home/user/Workspace/reproducibility/Reproducibility-Scanner/benchmarks/bugs-dot-jar/accumulo/server
[[1;34mINFO[m] Storing buildScmBranch: UNKNOWN_BRANCH
[[1;34mINFO[m] 
[[1;34mINFO[m] [1m--- [0;32mmaven-enforcer-plugin:1.0.1:enforce[m [1m(enforce-mvn)[m @ [36maccumulo-server[0;1m ---[m
[[1;34mINFO[m] 
[[1;34mINFO[m] [1m--- [0;32mmaven-remote-resources-plugin:1.3:process[m [1m(default)[m @ [36maccumulo-server[0;1m ---[m
[[1;34mINFO[m] 
[[1;34mINFO[m] [1m--- [0;32mmaven-resources-plugin:2.5:resources[m [1m(default-resources)[m @ [36maccumulo-server[0;1m ---[m
[debug] execute contextualize
[[1;34mINFO[m] Using 'UTF-8' encoding to copy filtered resources.
[[1;34mINFO[m] Copying 38 resources
[[1;34mINFO[m] Copying 3 resources
[[1;34mINFO[m] 
[[1;34mINFO[m] [1m--- [0;32mmaven-dependency-plugin:2.3:copy-dependencies[m [1m(copy-dependencies)[m @ [36maccumulo-server[0;1m ---[m
[[1;34mINFO[m] Copying commons-configuration-1.5.jar to /home/user/Workspace/reproducibility/Reproducibility-Scanner/benchmarks/bugs-dot-jar/accumulo/lib/commons-configuration-1.5.jar
[[1;34mINFO[m] log4j-1.2.16.jar already exists in destination.
[[1;34mINFO[m] commons-collections-3.2.jar already exists in destination.
[[1;34mINFO[m] jline-0.9.94.jar already exists in destination.
[[1;34mINFO[m] commons-io-1.4.jar already exists in destination.
[[1;34mINFO[m] libthrift-0.9.0.jar already exists in destination.
[[1;34mINFO[m] commons-lang-2.4.jar already exists in destination.
[[1;34mINFO[m] 
[[1;34mINFO[m] [1m--- [0;32mmaven-compiler-plugin:2.3.2:compile[m [1m(default-compile)[m @ [36maccumulo-server[0;1m ---[m
[[1;34mINFO[m] Compiling 405 source files to /home/user/Workspace/reproducibility/Reproducibility-Scanner/benchmarks/bugs-dot-jar/accumulo/server/target/classes
[[1;34mINFO[m] 
[[1;34mINFO[m] [1m--- [0;32mmaven-resources-plugin:2.5:testResources[m [1m(default-testResources)[m @ [36maccumulo-server[0;1m ---[m
[debug] execute contextualize
[[1;34mINFO[m] Using 'UTF-8' encoding to copy filtered resources.
[[1;34mINFO[m] skip non existing resourceDirectory /home/user/Workspace/reproducibility/Reproducibility-Scanner/benchmarks/bugs-dot-jar/accumulo/server/src/test/resources
[[1;34mINFO[m] Copying 3 resources
[[1;34mINFO[m] 
[[1;34mINFO[m] [1m--- [0;32mmaven-compiler-plugin:2.3.2:testCompile[m [1m(default-testCompile)[m @ [36maccumulo-server[0;1m ---[m
[[1;34mINFO[m] Compiling 23 source files to /home/user/Workspace/reproducibility/Reproducibility-Scanner/benchmarks/bugs-dot-jar/accumulo/server/target/test-classes
[[1;34mINFO[m] 
[[1;34mINFO[m] [1m--- [0;32mmaven-surefire-plugin:2.12:test[m [1m(default-test)[m @ [36maccumulo-server[0;1m ---[m
[[1;34mINFO[m] Tests are skipped.
[[1;34mINFO[m] 
[[1;34mINFO[m] [1m--- [0;32mmaven-jar-plugin:2.4:jar[m [1m(default-jar)[m @ [36maccumulo-server[0;1m ---[m
[[1;34mINFO[m] Building jar: /home/user/Workspace/reproducibility/Reproducibility-Scanner/benchmarks/bugs-dot-jar/accumulo/lib/accumulo-server-1.5.0-SNAPSHOT.jar
[[1;34mINFO[m] 
[[1;34mINFO[m] [1m--- [0;32mmaven-site-plugin:3.2:attach-descriptor[m [1m(attach-descriptor)[m @ [36maccumulo-server[0;1m ---[m
[[1;34mINFO[m] 
[[1;34mINFO[m] [1m--- [0;32mmaven-source-plugin:2.1.2:jar-no-fork[m [1m(attach-sources)[m @ [36maccumulo-server[0;1m ---[m
[[1;34mINFO[m] META-INF already added, skipping
[[1;34mINFO[m] META-INF/LICENSE already added, skipping
[[1;34mINFO[m] META-INF/NOTICE already added, skipping
[[1;34mINFO[m] META-INF/DEPENDENCIES already added, skipping
[[1;34mINFO[m] Building jar: /home/user/Workspace/reproducibility/Reproducibility-Scanner/benchmarks/bugs-dot-jar/accumulo/lib/accumulo-server-1.5.0-SNAPSHOT-sources.jar
[[1;34mINFO[m] META-INF already added, skipping
[[1;34mINFO[m] META-INF/LICENSE already added, skipping
[[1;34mINFO[m] META-INF/NOTICE already added, skipping
[[1;34mINFO[m] META-INF/DEPENDENCIES already added, skipping
[[1;34mINFO[m] 
[[1;34mINFO[m] [1m--- [0;32mmaven-source-plugin:2.1.2:test-jar-no-fork[m [1m(attach-sources)[m @ [36maccumulo-server[0;1m ---[m
[[1;34mINFO[m] META-INF already added, skipping
[[1;34mINFO[m] META-INF/LICENSE already added, skipping
[[1;34mINFO[m] META-INF/NOTICE already added, skipping
[[1;34mINFO[m] META-INF/DEPENDENCIES already added, skipping
[[1;34mINFO[m] Building jar: /home/user/Workspace/reproducibility/Reproducibility-Scanner/benchmarks/bugs-dot-jar/accumulo/lib/accumulo-server-1.5.0-SNAPSHOT-test-sources.jar
[[1;34mINFO[m] META-INF already added, skipping
[[1;34mINFO[m] META-INF/LICENSE already added, skipping
[[1;34mINFO[m] META-INF/NOTICE already added, skipping
[[1;34mINFO[m] META-INF/DEPENDENCIES already added, skipping
[[1;34mINFO[m] 
[[1;34mINFO[m] [1m--- [0;32mmaven-install-plugin:2.3.1:install[m [1m(default-install)[m @ [36maccumulo-server[0;1m ---[m
[[1;34mINFO[m] Installing /home/user/Workspace/reproducibility/Reproducibility-Scanner/benchmarks/bugs-dot-jar/accumulo/lib/accumulo-server-1.5.0-SNAPSHOT.jar to /home/user/.m2/repository/org/apache/accumulo/accumulo-server/1.5.0-SNAPSHOT/accumulo-server-1.5.0-SNAPSHOT.jar
[[1;34mINFO[m] Installing /home/user/Workspace/reproducibility/Reproducibility-Scanner/benchmarks/bugs-dot-jar/accumulo/server/pom.xml to /home/user/.m2/repository/org/apache/accumulo/accumulo-server/1.5.0-SNAPSHOT/accumulo-server-1.5.0-SNAPSHOT.pom
[[1;34mINFO[m] Installing /home/user/Workspace/reproducibility/Reproducibility-Scanner/benchmarks/bugs-dot-jar/accumulo/lib/accumulo-server-1.5.0-SNAPSHOT-sources.jar to /home/user/.m2/repository/org/apache/accumulo/accumulo-server/1.5.0-SNAPSHOT/accumulo-server-1.5.0-SNAPSHOT-sources.jar
[[1;34mINFO[m] Installing /home/user/Workspace/reproducibility/Reproducibility-Scanner/benchmarks/bugs-dot-jar/accumulo/lib/accumulo-server-1.5.0-SNAPSHOT-test-sources.jar to /home/user/.m2/repository/org/apache/accumulo/accumulo-server/1.5.0-SNAPSHOT/accumulo-server-1.5.0-SNAPSHOT-test-sources.jar
[[1;34mINFO[m] 
[[1;34mINFO[m] [1m---------------< [0;36morg.apache.accumulo:accumulo-examples[0;1m >----------------[m
[[1;34mINFO[m] [1mBuilding accumulo-examples 1.5.0-SNAPSHOT                         [7/11][m
[[1;34mINFO[m] [1m--------------------------------[ pom ]---------------------------------[m
[[1;34mINFO[m] 
[[1;34mINFO[m] [1m--- [0;32mbuildnumber-maven-plugin:1.1:create[m [1m(default)[m @ [36maccumulo-examples[0;1m ---[m
[[1;34mINFO[m] Checking for local modifications: skipped.
[[1;34mINFO[m] Updating project files from SCM: skipped.
[[1;34mINFO[m] Executing: /bin/sh -c cd /home/user/Workspace/reproducibility/Reproducibility-Scanner/benchmarks/bugs-dot-jar/accumulo/examples && svn --non-interactive info
[[1;34mINFO[m] Working directory: /home/user/Workspace/reproducibility/Reproducibility-Scanner/benchmarks/bugs-dot-jar/accumulo/examples
[[1;34mINFO[m] Storing buildNumber: null at timestamp: 1659380166294
[[1;34mINFO[m] Executing: /bin/sh -c cd /home/user/Workspace/reproducibility/Reproducibility-Scanner/benchmarks/bugs-dot-jar/accumulo/examples && svn --non-interactive info
[[1;34mINFO[m] Working directory: /home/user/Workspace/reproducibility/Reproducibility-Scanner/benchmarks/bugs-dot-jar/accumulo/examples
[[1;34mINFO[m] Storing buildScmBranch: UNKNOWN_BRANCH
[[1;34mINFO[m] 
[[1;34mINFO[m] [1m--- [0;32mmaven-enforcer-plugin:1.0.1:enforce[m [1m(enforce-mvn)[m @ [36maccumulo-examples[0;1m ---[m
[[1;34mINFO[m] 
[[1;34mINFO[m] [1m--- [0;32mmaven-remote-resources-plugin:1.3:process[m [1m(default)[m @ [36maccumulo-examples[0;1m ---[m
[[1;34mINFO[m] 
[[1;34mINFO[m] [1m--- [0;32mmaven-dependency-plugin:2.3:copy-dependencies[m [1m(copy-dependencies)[m @ [36maccumulo-examples[0;1m ---[m
[[1;34mINFO[m] 
[[1;34mINFO[m] [1m--- [0;32mmaven-site-plugin:3.2:attach-descriptor[m [1m(attach-descriptor)[m @ [36maccumulo-examples[0;1m ---[m
[[1;34mINFO[m] 
[[1;34mINFO[m] [1m--- [0;32mmaven-source-plugin:2.1.2:jar-no-fork[m [1m(attach-sources)[m @ [36maccumulo-examples[0;1m ---[m
[[1;34mINFO[m] 
[[1;34mINFO[m] [1m--- [0;32mmaven-source-plugin:2.1.2:test-jar-no-fork[m [1m(attach-sources)[m @ [36maccumulo-examples[0;1m ---[m
[[1;34mINFO[m] 
[[1;34mINFO[m] [1m--- [0;32mmaven-install-plugin:2.3.1:install[m [1m(default-install)[m @ [36maccumulo-examples[0;1m ---[m
[[1;34mINFO[m] Installing /home/user/Workspace/reproducibility/Reproducibility-Scanner/benchmarks/bugs-dot-jar/accumulo/examples/pom.xml to /home/user/.m2/repository/org/apache/accumulo/accumulo-examples/1.5.0-SNAPSHOT/accumulo-examples-1.5.0-SNAPSHOT.pom
[[1;34mINFO[m] 
[[1;34mINFO[m] [1m----------------< [0;36morg.apache.accumulo:examples-simple[0;1m >-----------------[m
[[1;34mINFO[m] [1mBuilding examples-simple 1.5.0-SNAPSHOT                           [8/11][m
[[1;34mINFO[m] [1m--------------------------------[ jar ]---------------------------------[m
[[1;34mINFO[m] 
[[1;34mINFO[m] [1m--- [0;32mbuildnumber-maven-plugin:1.1:create[m [1m(default)[m @ [36mexamples-simple[0;1m ---[m
[[1;34mINFO[m] Checking for local modifications: skipped.
[[1;34mINFO[m] Updating project files from SCM: skipped.
[[1;34mINFO[m] Executing: /bin/sh -c cd /home/user/Workspace/reproducibility/Reproducibility-Scanner/benchmarks/bugs-dot-jar/accumulo/examples/simple && svn --non-interactive info
[[1;34mINFO[m] Working directory: /home/user/Workspace/reproducibility/Reproducibility-Scanner/benchmarks/bugs-dot-jar/accumulo/examples/simple
[[1;34mINFO[m] Storing buildNumber: null at timestamp: 1659380166360
[[1;34mINFO[m] Executing: /bin/sh -c cd /home/user/Workspace/reproducibility/Reproducibility-Scanner/benchmarks/bugs-dot-jar/accumulo/examples/simple && svn --non-interactive info
[[1;34mINFO[m] Working directory: /home/user/Workspace/reproducibility/Reproducibility-Scanner/benchmarks/bugs-dot-jar/accumulo/examples/simple
[[1;34mINFO[m] Storing buildScmBranch: UNKNOWN_BRANCH
[[1;34mINFO[m] 
[[1;34mINFO[m] [1m--- [0;32mmaven-enforcer-plugin:1.0.1:enforce[m [1m(enforce-mvn)[m @ [36mexamples-simple[0;1m ---[m
[[1;34mINFO[m] 
[[1;34mINFO[m] [1m--- [0;32mmaven-remote-resources-plugin:1.3:process[m [1m(default)[m @ [36mexamples-simple[0;1m ---[m
[[1;34mINFO[m] 
[[1;34mINFO[m] [1m--- [0;32mmaven-resources-plugin:2.5:resources[m [1m(default-resources)[m @ [36mexamples-simple[0;1m ---[m
[debug] execute contextualize
[[1;34mINFO[m] Using 'UTF-8' encoding to copy filtered resources.
[[1;34mINFO[m] skip non existing resourceDirectory /home/user/Workspace/reproducibility/Reproducibility-Scanner/benchmarks/bugs-dot-jar/accumulo/examples/simple/src/main/resources
[[1;34mINFO[m] Copying 3 resources
[[1;34mINFO[m] 
[[1;34mINFO[m] [1m--- [0;32mmaven-dependency-plugin:2.3:copy-dependencies[m [1m(copy-dependencies)[m @ [36mexamples-simple[0;1m ---[m
[[1;34mINFO[m] Copying log4j-1.2.16.jar to /home/user/Workspace/reproducibility/Reproducibility-Scanner/benchmarks/bugs-dot-jar/accumulo/examples/lib/log4j-1.2.16.jar
[[1;34mINFO[m] 
[[1;34mINFO[m] [1m--- [0;32mmaven-compiler-plugin:2.3.2:compile[m [1m(default-compile)[m @ [36mexamples-simple[0;1m ---[m
[[1;34mINFO[m] Compiling 40 source files to /home/user/Workspace/reproducibility/Reproducibility-Scanner/benchmarks/bugs-dot-jar/accumulo/examples/simple/target/classes
[[1;34mINFO[m] 
[[1;34mINFO[m] [1m--- [0;32mmaven-resources-plugin:2.5:testResources[m [1m(default-testResources)[m @ [36mexamples-simple[0;1m ---[m
[debug] execute contextualize
[[1;34mINFO[m] Using 'UTF-8' encoding to copy filtered resources.
[[1;34mINFO[m] skip non existing resourceDirectory /home/user/Workspace/reproducibility/Reproducibility-Scanner/benchmarks/bugs-dot-jar/accumulo/examples/simple/src/test/resources
[[1;34mINFO[m] Copying 3 resources
[[1;34mINFO[m] 
[[1;34mINFO[m] [1m--- [0;32mmaven-compiler-plugin:2.3.2:testCompile[m [1m(default-testCompile)[m @ [36mexamples-simple[0;1m ---[m
[[1;34mINFO[m] Compiling 5 source files to /home/user/Workspace/reproducibility/Reproducibility-Scanner/benchmarks/bugs-dot-jar/accumulo/examples/simple/target/test-classes
[[1;34mINFO[m] 
[[1;34mINFO[m] [1m--- [0;32mmaven-surefire-plugin:2.12:test[m [1m(default-test)[m @ [36mexamples-simple[0;1m ---[m
[[1;34mINFO[m] Tests are skipped.
[[1;34mINFO[m] 
[[1;34mINFO[m] [1m--- [0;32mmaven-jar-plugin:2.4:jar[m [1m(default-jar)[m @ [36mexamples-simple[0;1m ---[m
[[1;34mINFO[m] Building jar: /home/user/Workspace/reproducibility/Reproducibility-Scanner/benchmarks/bugs-dot-jar/accumulo/lib/examples-simple-1.5.0-SNAPSHOT.jar
[[1;34mINFO[m] 
[[1;34mINFO[m] [1m--- [0;32mmaven-site-plugin:3.2:attach-descriptor[m [1m(attach-descriptor)[m @ [36mexamples-simple[0;1m ---[m
[[1;34mINFO[m] 
[[1;34mINFO[m] [1m--- [0;32mmaven-source-plugin:2.1.2:jar-no-fork[m [1m(attach-sources)[m @ [36mexamples-simple[0;1m ---[m
[[1;34mINFO[m] META-INF already added, skipping
[[1;34mINFO[m] META-INF/LICENSE already added, skipping
[[1;34mINFO[m] META-INF/NOTICE already added, skipping
[[1;34mINFO[m] META-INF/DEPENDENCIES already added, skipping
[[1;34mINFO[m] Building jar: /home/user/Workspace/reproducibility/Reproducibility-Scanner/benchmarks/bugs-dot-jar/accumulo/lib/examples-simple-1.5.0-SNAPSHOT-sources.jar
[[1;34mINFO[m] META-INF already added, skipping
[[1;34mINFO[m] META-INF/LICENSE already added, skipping
[[1;34mINFO[m] META-INF/NOTICE already added, skipping
[[1;34mINFO[m] META-INF/DEPENDENCIES already added, skipping
[[1;34mINFO[m] 
[[1;34mINFO[m] [1m--- [0;32mmaven-source-plugin:2.1.2:test-jar-no-fork[m [1m(attach-sources)[m @ [36mexamples-simple[0;1m ---[m
[[1;34mINFO[m] META-INF already added, skipping
[[1;34mINFO[m] META-INF/LICENSE already added, skipping
[[1;34mINFO[m] META-INF/NOTICE already added, skipping
[[1;34mINFO[m] META-INF/DEPENDENCIES already added, skipping
[[1;34mINFO[m] Building jar: /home/user/Workspace/reproducibility/Reproducibility-Scanner/benchmarks/bugs-dot-jar/accumulo/lib/examples-simple-1.5.0-SNAPSHOT-test-sources.jar
[[1;34mINFO[m] META-INF already added, skipping
[[1;34mINFO[m] META-INF/LICENSE already added, skipping
[[1;34mINFO[m] META-INF/NOTICE already added, skipping
[[1;34mINFO[m] META-INF/DEPENDENCIES already added, skipping
[[1;34mINFO[m] 
[[1;34mINFO[m] [1m--- [0;32mmaven-install-plugin:2.3.1:install[m [1m(default-install)[m @ [36mexamples-simple[0;1m ---[m
[[1;34mINFO[m] Installing /home/user/Workspace/reproducibility/Reproducibility-Scanner/benchmarks/bugs-dot-jar/accumulo/lib/examples-simple-1.5.0-SNAPSHOT.jar to /home/user/.m2/repository/org/apache/accumulo/examples-simple/1.5.0-SNAPSHOT/examples-simple-1.5.0-SNAPSHOT.jar
[[1;34mINFO[m] Installing /home/user/Workspace/reproducibility/Reproducibility-Scanner/benchmarks/bugs-dot-jar/accumulo/examples/simple/pom.xml to /home/user/.m2/repository/org/apache/accumulo/examples-simple/1.5.0-SNAPSHOT/examples-simple-1.5.0-SNAPSHOT.pom
[[1;34mINFO[m] Installing /home/user/Workspace/reproducibility/Reproducibility-Scanner/benchmarks/bugs-dot-jar/accumulo/lib/examples-simple-1.5.0-SNAPSHOT-sources.jar to /home/user/.m2/repository/org/apache/accumulo/examples-simple/1.5.0-SNAPSHOT/examples-simple-1.5.0-SNAPSHOT-sources.jar
[[1;34mINFO[m] Installing /home/user/Workspace/reproducibility/Reproducibility-Scanner/benchmarks/bugs-dot-jar/accumulo/lib/examples-simple-1.5.0-SNAPSHOT-test-sources.jar to /home/user/.m2/repository/org/apache/accumulo/examples-simple/1.5.0-SNAPSHOT/examples-simple-1.5.0-SNAPSHOT-test-sources.jar
[[1;34mINFO[m] 
[[1;34mINFO[m] [1m-----------------< [0;36morg.apache.accumulo:accumulo-test[0;1m >------------------[m
[[1;34mINFO[m] [1mBuilding accumulo-test 1.5.0-SNAPSHOT                             [9/11][m
[[1;34mINFO[m] [1m--------------------------------[ jar ]---------------------------------[m
[[1;34mINFO[m] 
[[1;34mINFO[m] [1m--- [0;32mbuildnumber-maven-plugin:1.1:create[m [1m(default)[m @ [36maccumulo-test[0;1m ---[m
[[1;34mINFO[m] Checking for local modifications: skipped.
[[1;34mINFO[m] Updating project files from SCM: skipped.
[[1;34mINFO[m] Executing: /bin/sh -c cd /home/user/Workspace/reproducibility/Reproducibility-Scanner/benchmarks/bugs-dot-jar/accumulo/test && svn --non-interactive info
[[1;34mINFO[m] Working directory: /home/user/Workspace/reproducibility/Reproducibility-Scanner/benchmarks/bugs-dot-jar/accumulo/test
[[1;34mINFO[m] Storing buildNumber: null at timestamp: 1659380169011
[[1;34mINFO[m] Executing: /bin/sh -c cd /home/user/Workspace/reproducibility/Reproducibility-Scanner/benchmarks/bugs-dot-jar/accumulo/test && svn --non-interactive info
[[1;34mINFO[m] Working directory: /home/user/Workspace/reproducibility/Reproducibility-Scanner/benchmarks/bugs-dot-jar/accumulo/test
[[1;34mINFO[m] Storing buildScmBranch: UNKNOWN_BRANCH
[[1;34mINFO[m] 
[[1;34mINFO[m] [1m--- [0;32mmaven-enforcer-plugin:1.0.1:enforce[m [1m(enforce-mvn)[m @ [36maccumulo-test[0;1m ---[m
[[1;34mINFO[m] 
[[1;34mINFO[m] [1m--- [0;32mmaven-remote-resources-plugin:1.3:process[m [1m(default)[m @ [36maccumulo-test[0;1m ---[m
[[1;34mINFO[m] 
[[1;34mINFO[m] [1m--- [0;32mmaven-resources-plugin:2.5:resources[m [1m(default-resources)[m @ [36maccumulo-test[0;1m ---[m
[debug] execute contextualize
[[1;34mINFO[m] Using 'UTF-8' encoding to copy filtered resources.
[[1;34mINFO[m] skip non existing resourceDirectory /home/user/Workspace/reproducibility/Reproducibility-Scanner/benchmarks/bugs-dot-jar/accumulo/test/src/main/resources
[[1;34mINFO[m] Copying 3 resources
[[1;34mINFO[m] 
[[1;34mINFO[m] [1m--- [0;32mmaven-dependency-plugin:2.3:copy-dependencies[m [1m(copy-dependencies)[m @ [36maccumulo-test[0;1m ---[m
[[1;34mINFO[m] 
[[1;34mINFO[m] [1m--- [0;32mmaven-compiler-plugin:2.3.2:compile[m [1m(default-compile)[m @ [36maccumulo-test[0;1m ---[m
[[1;34mINFO[m] Compiling 1 source file to /home/user/Workspace/reproducibility/Reproducibility-Scanner/benchmarks/bugs-dot-jar/accumulo/test/target/classes
[[1;34mINFO[m] 
[[1;34mINFO[m] [1m--- [0;32mmaven-resources-plugin:2.5:testResources[m [1m(default-testResources)[m @ [36maccumulo-test[0;1m ---[m
[debug] execute contextualize
[[1;34mINFO[m] Using 'UTF-8' encoding to copy filtered resources.
[[1;34mINFO[m] Copying 1 resource
[[1;34mINFO[m] Copying 3 resources
[[1;34mINFO[m] 
[[1;34mINFO[m] [1m--- [0;32mmaven-compiler-plugin:2.3.2:testCompile[m [1m(default-testCompile)[m @ [36maccumulo-test[0;1m ---[m
[[1;34mINFO[m] Compiling 1 source file to /home/user/Workspace/reproducibility/Reproducibility-Scanner/benchmarks/bugs-dot-jar/accumulo/test/target/test-classes
[[1;34mINFO[m] 
[[1;34mINFO[m] [1m--- [0;32mmaven-surefire-plugin:2.12:test[m [1m(default-test)[m @ [36maccumulo-test[0;1m ---[m
[[1;34mINFO[m] Tests are skipped.
[[1;34mINFO[m] 
[[1;34mINFO[m] [1m--- [0;32mmaven-jar-plugin:2.4:jar[m [1m(default-jar)[m @ [36maccumulo-test[0;1m ---[m
[[1;34mINFO[m] Building jar: /home/user/Workspace/reproducibility/Reproducibility-Scanner/benchmarks/bugs-dot-jar/accumulo/lib/accumulo-test-1.5.0-SNAPSHOT.jar
[[1;34mINFO[m] 
[[1;34mINFO[m] [1m--- [0;32mmaven-site-plugin:3.2:attach-descriptor[m [1m(attach-descriptor)[m @ [36maccumulo-test[0;1m ---[m
[[1;34mINFO[m] 
[[1;34mINFO[m] [1m--- [0;32mmaven-source-plugin:2.1.2:jar-no-fork[m [1m(attach-sources)[m @ [36maccumulo-test[0;1m ---[m
[[1;34mINFO[m] META-INF already added, skipping
[[1;34mINFO[m] META-INF/LICENSE already added, skipping
[[1;34mINFO[m] META-INF/NOTICE already added, skipping
[[1;34mINFO[m] META-INF/DEPENDENCIES already added, skipping
[[1;34mINFO[m] Building jar: /home/user/Workspace/reproducibility/Reproducibility-Scanner/benchmarks/bugs-dot-jar/accumulo/lib/accumulo-test-1.5.0-SNAPSHOT-sources.jar
[[1;34mINFO[m] META-INF already added, skipping
[[1;34mINFO[m] META-INF/LICENSE already added, skipping
[[1;34mINFO[m] META-INF/NOTICE already added, skipping
[[1;34mINFO[m] META-INF/DEPENDENCIES already added, skipping
[[1;34mINFO[m] 
[[1;34mINFO[m] [1m--- [0;32mmaven-source-plugin:2.1.2:test-jar-no-fork[m [1m(attach-sources)[m @ [36maccumulo-test[0;1m ---[m
[[1;34mINFO[m] META-INF already added, skipping
[[1;34mINFO[m] META-INF/LICENSE already added, skipping
[[1;34mINFO[m] META-INF/NOTICE already added, skipping
[[1;34mINFO[m] META-INF/DEPENDENCIES already added, skipping
[[1;34mINFO[m] Building jar: /home/user/Workspace/reproducibility/Reproducibility-Scanner/benchmarks/bugs-dot-jar/accumulo/lib/accumulo-test-1.5.0-SNAPSHOT-test-sources.jar
[[1;34mINFO[m] META-INF already added, skipping
[[1;34mINFO[m] META-INF/LICENSE already added, skipping
[[1;34mINFO[m] META-INF/NOTICE already added, skipping
[[1;34mINFO[m] META-INF/DEPENDENCIES already added, skipping
[[1;34mINFO[m] 
[[1;34mINFO[m] [1m--- [0;32mmaven-install-plugin:2.3.1:install[m [1m(default-install)[m @ [36maccumulo-test[0;1m ---[m
[[1;34mINFO[m] Installing /home/user/Workspace/reproducibility/Reproducibility-Scanner/benchmarks/bugs-dot-jar/accumulo/lib/accumulo-test-1.5.0-SNAPSHOT.jar to /home/user/.m2/repository/org/apache/accumulo/accumulo-test/1.5.0-SNAPSHOT/accumulo-test-1.5.0-SNAPSHOT.jar
[[1;34mINFO[m] Installing /home/user/Workspace/reproducibility/Reproducibility-Scanner/benchmarks/bugs-dot-jar/accumulo/test/pom.xml to /home/user/.m2/repository/org/apache/accumulo/accumulo-test/1.5.0-SNAPSHOT/accumulo-test-1.5.0-SNAPSHOT.pom
[[1;34mINFO[m] Installing /home/user/Workspace/reproducibility/Reproducibility-Scanner/benchmarks/bugs-dot-jar/accumulo/lib/accumulo-test-1.5.0-SNAPSHOT-sources.jar to /home/user/.m2/repository/org/apache/accumulo/accumulo-test/1.5.0-SNAPSHOT/accumulo-test-1.5.0-SNAPSHOT-sources.jar
[[1;34mINFO[m] Installing /home/user/Workspace/reproducibility/Reproducibility-Scanner/benchmarks/bugs-dot-jar/accumulo/lib/accumulo-test-1.5.0-SNAPSHOT-test-sources.jar to /home/user/.m2/repository/org/apache/accumulo/accumulo-test/1.5.0-SNAPSHOT/accumulo-test-1.5.0-SNAPSHOT-test-sources.jar
[[1;34mINFO[m] 
[[1;34mINFO[m] [1m--------------------< [0;36morg.apache.accumulo:instamo[0;1m >---------------------[m
[[1;34mINFO[m] [1mBuilding instamo 1.5.0-SNAPSHOT                                  [10/11][m
[[1;34mINFO[m] [1m--------------------------------[ jar ]---------------------------------[m
[[1;34mINFO[m] 
[[1;34mINFO[m] [1m--- [0;32mmaven-resources-plugin:2.6:resources[m [1m(default-resources)[m @ [36minstamo[0;1m ---[m
[[1;33mWARNING[m] Using platform encoding (UTF-8 actually) to copy filtered resources, i.e. build is platform dependent!
[[1;34mINFO[m] Copying 1 resource
[[1;34mINFO[m] 
[[1;34mINFO[m] [1m--- [0;32mmaven-compiler-plugin:2.0.2:compile[m [1m(default-compile)[m @ [36minstamo[0;1m ---[m
[[1;34mINFO[m] Compiling 2 source files to /home/user/Workspace/reproducibility/Reproducibility-Scanner/benchmarks/bugs-dot-jar/accumulo/examples/instamo/target/classes
[[1;34mINFO[m] 
[[1;34mINFO[m] [1m--- [0;32mmaven-resources-plugin:2.6:testResources[m [1m(default-testResources)[m @ [36minstamo[0;1m ---[m
[[1;33mWARNING[m] Using platform encoding (UTF-8 actually) to copy filtered resources, i.e. build is platform dependent!
[[1;34mINFO[m] skip non existing resourceDirectory /home/user/Workspace/reproducibility/Reproducibility-Scanner/benchmarks/bugs-dot-jar/accumulo/examples/instamo/src/test/resources
[[1;34mINFO[m] 
[[1;34mINFO[m] [1m--- [0;32mmaven-compiler-plugin:2.0.2:testCompile[m [1m(default-testCompile)[m @ [36minstamo[0;1m ---[m
[[1;34mINFO[m] Compiling 1 source file to /home/user/Workspace/reproducibility/Reproducibility-Scanner/benchmarks/bugs-dot-jar/accumulo/examples/instamo/target/test-classes
[[1;34mINFO[m] 
[[1;34mINFO[m] [1m--- [0;32mmaven-surefire-plugin:2.12.4:test[m [1m(default-test)[m @ [36minstamo[0;1m ---[m
[[1;34mINFO[m] Tests are skipped.
[[1;34mINFO[m] 
[[1;34mINFO[m] [1m--- [0;32mmaven-jar-plugin:2.4:jar[m [1m(default-jar)[m @ [36minstamo[0;1m ---[m
[[1;34mINFO[m] Building jar: /home/user/Workspace/reproducibility/Reproducibility-Scanner/benchmarks/bugs-dot-jar/accumulo/examples/instamo/target/instamo-1.5.0-SNAPSHOT.jar
[[1;34mINFO[m] 
[[1;34mINFO[m] [1m--- [0;32mmaven-install-plugin:2.4:install[m [1m(default-install)[m @ [36minstamo[0;1m ---[m
[[1;34mINFO[m] Installing /home/user/Workspace/reproducibility/Reproducibility-Scanner/benchmarks/bugs-dot-jar/accumulo/examples/instamo/target/instamo-1.5.0-SNAPSHOT.jar to /home/user/.m2/repository/org/apache/accumulo/instamo/1.5.0-SNAPSHOT/instamo-1.5.0-SNAPSHOT.jar
[[1;34mINFO[m] Installing /home/user/Workspace/reproducibility/Reproducibility-Scanner/benchmarks/bugs-dot-jar/accumulo/examples/instamo/pom.xml to /home/user/.m2/repository/org/apache/accumulo/instamo/1.5.0-SNAPSHOT/instamo-1.5.0-SNAPSHOT.pom
[[1;34mINFO[m] 
[[1;34mINFO[m] [1m---------------< [0;36morg.apache.accumulo:accumulo-assemble[0;1m >----------------[m
[[1;34mINFO[m] [1mBuilding accumulo-assemble 1.5.0-SNAPSHOT                        [11/11][m
[[1;34mINFO[m] [1m--------------------------------[ pom ]---------------------------------[m
[[1;34mINFO[m] 
[[1;34mINFO[m] [1m--- [0;32mbuildnumber-maven-plugin:1.1:create[m [1m(default)[m @ [36maccumulo-assemble[0;1m ---[m
[[1;34mINFO[m] Checking for local modifications: skipped.
[[1;34mINFO[m] Updating project files from SCM: skipped.
[[1;34mINFO[m] Executing: /bin/sh -c cd /home/user/Workspace/reproducibility/Reproducibility-Scanner/benchmarks/bugs-dot-jar/accumulo/assemble && svn --non-interactive info
[[1;34mINFO[m] Working directory: /home/user/Workspace/reproducibility/Reproducibility-Scanner/benchmarks/bugs-dot-jar/accumulo/assemble
[[1;34mINFO[m] Storing buildNumber: null at timestamp: 1659380171288
[[1;34mINFO[m] Executing: /bin/sh -c cd /home/user/Workspace/reproducibility/Reproducibility-Scanner/benchmarks/bugs-dot-jar/accumulo/assemble && svn --non-interactive info
[[1;34mINFO[m] Working directory: /home/user/Workspace/reproducibility/Reproducibility-Scanner/benchmarks/bugs-dot-jar/accumulo/assemble
[[1;34mINFO[m] Storing buildScmBranch: UNKNOWN_BRANCH
[[1;34mINFO[m] 
[[1;34mINFO[m] [1m--- [0;32mmaven-enforcer-plugin:1.0.1:enforce[m [1m(enforce-mvn)[m @ [36maccumulo-assemble[0;1m ---[m
[[1;34mINFO[m] 
[[1;34mINFO[m] [1m--- [0;32mmaven-remote-resources-plugin:1.3:process[m [1m(default)[m @ [36maccumulo-assemble[0;1m ---[m
[[1;34mINFO[m] 
[[1;34mINFO[m] [1m--- [0;32mmaven-dependency-plugin:2.3:copy-dependencies[m [1m(copy-dependencies)[m @ [36maccumulo-assemble[0;1m ---[m
[[1;34mINFO[m] 
[[1;34mINFO[m] [1m--- [0;32mmaven-site-plugin:3.2:attach-descriptor[m [1m(attach-descriptor)[m @ [36maccumulo-assemble[0;1m ---[m
[[1;34mINFO[m] 
[[1;34mINFO[m] [1m--- [0;32mmaven-source-plugin:2.1.2:jar-no-fork[m [1m(attach-sources)[m @ [36maccumulo-assemble[0;1m ---[m
[[1;34mINFO[m] 
[[1;34mINFO[m] [1m--- [0;32mmaven-source-plugin:2.1.2:test-jar-no-fork[m [1m(attach-sources)[m @ [36maccumulo-assemble[0;1m ---[m
[[1;34mINFO[m] 
[[1;34mINFO[m] [1m--- [0;32mexec-maven-plugin:1.2.1:exec[m [1m(config webpage)[m @ [36maccumulo-assemble[0;1m ---[m
[[1;34mINFO[m] 
[[1;34mINFO[m] [1m--- [0;32mmaven-install-plugin:2.3.1:install[m [1m(default-install)[m @ [36maccumulo-assemble[0;1m ---[m
[[1;34mINFO[m] Installing /home/user/Workspace/reproducibility/Reproducibility-Scanner/benchmarks/bugs-dot-jar/accumulo/assemble/pom.xml to /home/user/.m2/repository/org/apache/accumulo/accumulo-assemble/1.5.0-SNAPSHOT/accumulo-assemble-1.5.0-SNAPSHOT.pom
[[1;34mINFO[m] [1m------------------------------------------------------------------------[m
[[1;34mINFO[m] [1mReactor Summary for accumulo 1.5.0-SNAPSHOT:[m
[[1;34mINFO[m] 
[[1;34mINFO[m] accumulo ........................................... [1;32mSUCCESS[m [  1.638 s]
[[1;34mINFO[m] cloudtrace ......................................... [1;32mSUCCESS[m [  2.110 s]
[[1;34mINFO[m] accumulo-start ..................................... [1;32mSUCCESS[m [  2.080 s]
[[1;34mINFO[m] accumulo-fate ...................................... [1;32mSUCCESS[m [  1.825 s]
[[1;34mINFO[m] accumulo-core ...................................... [1;32mSUCCESS[m [  8.825 s]
[[1;34mINFO[m] accumulo-server .................................... [1;32mSUCCESS[m [  5.789 s]
[[1;34mINFO[m] accumulo-examples .................................. [1;32mSUCCESS[m [  0.059 s]
[[1;34mINFO[m] examples-simple .................................... [1;32mSUCCESS[m [  2.647 s]
[[1;34mINFO[m] accumulo-test ...................................... [1;32mSUCCESS[m [  1.341 s]
[[1;34mINFO[m] instamo ............................................ [1;32mSUCCESS[m [  0.942 s]
[[1;34mINFO[m] accumulo-assemble .................................. [1;32mSUCCESS[m [  0.337 s]
[[1;34mINFO[m] [1m------------------------------------------------------------------------[m
[[1;34mINFO[m] [1;32mBUILD SUCCESS[m
[[1;34mINFO[m] [1m------------------------------------------------------------------------[m
[[1;34mINFO[m] Total time:  27.926 s
[[1;34mINFO[m] Finished at: 2022-08-01T11:56:11-07:00
[[1;34mINFO[m] [1m------------------------------------------------------------------------[m
[[1;34mINFO[m] Scanning for projects...
[[1;34mINFO[m] 
[[1;34mINFO[m] [1m-----------------< [0;36morg.apache.accumulo:accumulo-core[0;1m >------------------[m
[[1;34mINFO[m] [1mBuilding accumulo-core 1.5.0-SNAPSHOT[m
[[1;34mINFO[m] [1m--------------------------------[ jar ]---------------------------------[m
[[1;34mINFO[m] 
[[1;34mINFO[m] [1m--- [0;32mbuildnumber-maven-plugin:1.1:create[m [1m(default)[m @ [36maccumulo-core[0;1m ---[m
[[1;34mINFO[m] Checking for local modifications: skipped.
[[1;34mINFO[m] Updating project files from SCM: skipped.
[[1;34mINFO[m] Executing: /bin/sh -c cd /home/user/Workspace/reproducibility/Reproducibility-Scanner/benchmarks/bugs-dot-jar/accumulo/core && svn --non-interactive info
[[1;34mINFO[m] Working directory: /home/user/Workspace/reproducibility/Reproducibility-Scanner/benchmarks/bugs-dot-jar/accumulo/core
[[1;34mINFO[m] Storing buildNumber: null at timestamp: 1659380174084
[[1;34mINFO[m] Executing: /bin/sh -c cd /home/user/Workspace/reproducibility/Reproducibility-Scanner/benchmarks/bugs-dot-jar/accumulo/core && svn --non-interactive info
[[1;34mINFO[m] Working directory: /home/user/Workspace/reproducibility/Reproducibility-Scanner/benchmarks/bugs-dot-jar/accumulo/core
[[1;34mINFO[m] Storing buildScmBranch: UNKNOWN_BRANCH
[[1;34mINFO[m] 
[[1;34mINFO[m] [1m--- [0;32mmaven-enforcer-plugin:1.0.1:enforce[m [1m(enforce-mvn)[m @ [36maccumulo-core[0;1m ---[m
[[1;34mINFO[m] 
[[1;34mINFO[m] [1m--- [0;32mexec-maven-plugin:1.2.1:exec[m [1m(generate-core-thrift)[m @ [36maccumulo-core[0;1m ---[m
***********************************************
* thrift is not available                     *
*   expecting 'thrift -version' to return 0.9 *
***********************************************
[[1;34mINFO[m] 
[[1;34mINFO[m] [1m--- [0;32mmaven-remote-resources-plugin:1.3:process[m [1m(default)[m @ [36maccumulo-core[0;1m ---[m
[[1;34mINFO[m] 
[[1;34mINFO[m] [1m--- [0;32mmaven-resources-plugin:2.5:resources[m [1m(default-resources)[m @ [36maccumulo-core[0;1m ---[m
[debug] execute contextualize
[[1;34mINFO[m] Using 'UTF-8' encoding to copy filtered resources.
[[1;34mINFO[m] Copying 1 resource
[[1;34mINFO[m] Copying 3 resources
[[1;34mINFO[m] 
[[1;34mINFO[m] [1m--- [0;32mmaven-dependency-plugin:2.3:copy-dependencies[m [1m(copy-dependencies)[m @ [36maccumulo-core[0;1m ---[m
[[1;34mINFO[m] log4j-1.2.16.jar already exists in destination.
[[1;34mINFO[m] commons-collections-3.2.jar already exists in destination.
[[1;34mINFO[m] jline-0.9.94.jar already exists in destination.
[[1;34mINFO[m] libthrift-0.9.0.jar already exists in destination.
[[1;34mINFO[m] commons-logging-1.0.4.jar already exists in destination.
[[1;34mINFO[m] commons-lang-2.4.jar already exists in destination.
[[1;34mINFO[m] 
[[1;34mINFO[m] [1m--- [0;32mmaven-compiler-plugin:2.3.2:compile[m [1m(default-compile)[m @ [36maccumulo-core[0;1m ---[m
[[1;34mINFO[m] Nothing to compile - all classes are up to date
[[1;34mINFO[m] 
[[1;34mINFO[m] [1m--- [0;32mmaven-resources-plugin:2.5:testResources[m [1m(default-testResources)[m @ [36maccumulo-core[0;1m ---[m
[debug] execute contextualize
[[1;34mINFO[m] Using 'UTF-8' encoding to copy filtered resources.
[[1;34mINFO[m] Copying 4 resources
[[1;34mINFO[m] Copying 3 resources
[[1;34mINFO[m] 
[[1;34mINFO[m] [1m--- [0;32mmaven-compiler-plugin:2.3.2:testCompile[m [1m(default-testCompile)[m @ [36maccumulo-core[0;1m ---[m
[[1;34mINFO[m] Nothing to compile - all classes are up to date
[[1;34mINFO[m] 
[[1;34mINFO[m] [1m--- [0;32mmaven-surefire-plugin:2.12:test[m [1m(default-test)[m @ [36maccumulo-core[0;1m ---[m
[[1;34mINFO[m] Surefire report directory: /home/user/Workspace/reproducibility/Reproducibility-Scanner/benchmarks/bugs-dot-jar/accumulo/core/target/surefire-reports

-------------------------------------------------------
 T E S T S
-------------------------------------------------------
Running org.apache.accumulo.core.file.blockfile.cache.TestLruBlockCache
Tests run: 7, Failures: 0, Errors: 0, Skipped: 0, Time elapsed: 1.153 sec
Running org.apache.accumulo.core.file.blockfile.cache.TestCachedBlockQueue
Tests run: 2, Failures: 0, Errors: 0, Skipped: 0, Time elapsed: 0.001 sec
Running org.apache.accumulo.core.file.rfile.MultiLevelIndexTest
22/08/01 11:56:17 WARN util.NativeCodeLoader: Unable to load native-hadoop library for your platform... using builtin-java classes where applicable
22/08/01 11:56:17 INFO compress.CodecPool: Got brand-new compressor
22/08/01 11:56:17 INFO compress.CodecPool: Got brand-new decompressor
Tests run: 1, Failures: 0, Errors: 0, Skipped: 0, Time elapsed: 0.858 sec
Running org.apache.accumulo.core.file.rfile.RFileTest
Tests run: 20, Failures: 0, Errors: 0, Skipped: 0, Time elapsed: 1.636 sec
Running org.apache.accumulo.core.file.rfile.RelativeKeyTest
Tests run: 6, Failures: 0, Errors: 0, Skipped: 0, Time elapsed: 0.009 sec
Running org.apache.accumulo.core.data.MutationTest
Tests run: 12, Failures: 0, Errors: 0, Skipped: 0, Time elapsed: 0.031 sec
Running org.apache.accumulo.core.data.ColumnTest
Tests run: 3, Failures: 0, Errors: 0, Skipped: 0, Time elapsed: 0 sec
Running org.apache.accumulo.core.data.KeyTest
Tests run: 4, Failures: 0, Errors: 0, Skipped: 0, Time elapsed: 0.001 sec
Running org.apache.accumulo.core.data.RangeTest
Tests run: 43, Failures: 0, Errors: 0, Skipped: 0, Time elapsed: 0.017 sec
Running org.apache.accumulo.core.data.KeyExtentTest
Tests run: 3, Failures: 0, Errors: 0, Skipped: 0, Time elapsed: 0.004 sec
Running org.apache.accumulo.core.util.TestStringUtil
Tests run: 1, Failures: 0, Errors: 0, Skipped: 0, Time elapsed: 0 sec
Running org.apache.accumulo.core.util.LocalityGroupUtilTest
Tests run: 2, Failures: 0, Errors: 0, Skipped: 0, Time elapsed: 0.007 sec
Running org.apache.accumulo.core.util.MetadataTableTest
Tests run: 1, Failures: 0, Errors: 0, Skipped: 0, Time elapsed: 0.002 sec
Running org.apache.accumulo.core.util.EscapeTokenizerTest
Tests run: 11, Failures: 0, Errors: 0, Skipped: 0, Time elapsed: 0.003 sec
Running org.apache.accumulo.core.util.AddressUtilTest
Tests run: 2, Failures: 0, Errors: 0, Skipped: 0, Time elapsed: 0.022 sec
Running org.apache.accumulo.core.util.TextUtilTest
Tests run: 1, Failures: 0, Errors: 0, Skipped: 0, Time elapsed: 0 sec
Running org.apache.accumulo.core.util.MergeTest
Tests run: 1, Failures: 0, Errors: 0, Skipped: 0, Time elapsed: 0.004 sec
Running org.apache.accumulo.core.util.shell.command.FormatterCommandTest
Tests run: 1, Failures: 0, Errors: 1, Skipped: 0, Time elapsed: 0.159 sec <<< FAILURE!
Running org.apache.accumulo.core.util.shell.ShellTest
Tests run: 3, Failures: 0, Errors: 3, Skipped: 0, Time elapsed: 0.015 sec <<< FAILURE!
Running org.apache.accumulo.core.util.TestVersion
Tests run: 1, Failures: 0, Errors: 0, Skipped: 0, Time elapsed: 0 sec
Running org.apache.accumulo.core.iterators.FirstEntryInRowIteratorTest
Tests run: 1, Failures: 0, Errors: 0, Skipped: 0, Time elapsed: 0.001 sec
Running org.apache.accumulo.core.iterators.AggregatingIteratorTest
Tests run: 7, Failures: 0, Errors: 0, Skipped: 0, Time elapsed: 0.053 sec
Running org.apache.accumulo.core.iterators.system.SourceSwitchingIteratorTest
Tests run: 5, Failures: 0, Errors: 0, Skipped: 0, Time elapsed: 0.003 sec
Running org.apache.accumulo.core.iterators.system.TimeSettingIteratorTest
Tests run: 1, Failures: 0, Errors: 0, Skipped: 0, Time elapsed: 0.001 sec
Running org.apache.accumulo.core.iterators.system.ColumnFilterTest
Tests run: 3, Failures: 0, Errors: 0, Skipped: 0, Time elapsed: 0.001 sec
Running org.apache.accumulo.core.iterators.system.ColumnFamilySkippingIteratorTest
Tests run: 3, Failures: 0, Errors: 0, Skipped: 0, Time elapsed: 0.602 sec
Running org.apache.accumulo.core.iterators.system.MultiIteratorTest
Tests run: 7, Failures: 0, Errors: 0, Skipped: 0, Time elapsed: 0.052 sec
Running org.apache.accumulo.core.iterators.system.DeletingIteratorTest
Tests run: 4, Failures: 0, Errors: 0, Skipped: 0, Time elapsed: 0.002 sec
Running org.apache.accumulo.core.iterators.FirstEntryInRowTest
Tests run: 2, Failures: 0, Errors: 0, Skipped: 0, Time elapsed: 0.01 sec
Running org.apache.accumulo.core.iterators.IterUtilTest
Tests run: 5, Failures: 0, Errors: 0, Skipped: 0, Time elapsed: 0.005 sec
Running org.apache.accumulo.core.iterators.user.RowFilterTest
Tests run: 1, Failures: 0, Errors: 1, Skipped: 0, Time elapsed: 0.003 sec <<< FAILURE!
Running org.apache.accumulo.core.iterators.user.IndexedDocIteratorTest
Tests run: 5, Failures: 0, Errors: 0, Skipped: 0, Time elapsed: 0.448 sec
Running org.apache.accumulo.core.iterators.user.RegExFilterTest
Tests run: 1, Failures: 0, Errors: 0, Skipped: 0, Time elapsed: 0.002 sec
Running org.apache.accumulo.core.iterators.user.CombinerTest
Tests run: 14, Failures: 1, Errors: 0, Skipped: 0, Time elapsed: 0.016 sec <<< FAILURE!
Running org.apache.accumulo.core.iterators.user.RowDeletingIteratorTest
Tests run: 4, Failures: 0, Errors: 0, Skipped: 0, Time elapsed: 0.002 sec
Running org.apache.accumulo.core.iterators.user.VersioningIteratorTest
Tests run: 6, Failures: 0, Errors: 0, Skipped: 0, Time elapsed: 0.004 sec
Running org.apache.accumulo.core.iterators.user.FilterTest
Tests run: 11, Failures: 0, Errors: 0, Skipped: 0, Time elapsed: 0.059 sec
Running org.apache.accumulo.core.iterators.user.GrepIteratorTest
Tests run: 1, Failures: 0, Errors: 0, Skipped: 0, Time elapsed: 0.001 sec
Running org.apache.accumulo.core.iterators.user.IntersectingIteratorTest
Tests run: 6, Failures: 0, Errors: 1, Skipped: 0, Time elapsed: 0.393 sec <<< FAILURE!
Running org.apache.accumulo.core.iterators.user.LargeRowFilterTest
Tests run: 5, Failures: 0, Errors: 0, Skipped: 0, Time elapsed: 0.04 sec
Running org.apache.accumulo.core.iterators.user.WholeRowIteratorTest
Tests run: 3, Failures: 0, Errors: 0, Skipped: 0, Time elapsed: 0.004 sec
Running org.apache.accumulo.core.iterators.aggregation.conf.AggregatorConfigurationTest
Tests run: 2, Failures: 0, Errors: 0, Skipped: 0, Time elapsed: 0.003 sec
Running org.apache.accumulo.core.iterators.aggregation.NumSummationTest
Tests run: 5, Failures: 0, Errors: 0, Skipped: 0, Time elapsed: 0.002 sec
Running org.apache.accumulo.core.security.ColumnVisibilityTest
Tests run: 11, Failures: 0, Errors: 0, Skipped: 0, Time elapsed: 0.005 sec
Running org.apache.accumulo.core.security.AuthorizationsTest
Tests run: 2, Failures: 0, Errors: 0, Skipped: 0, Time elapsed: 0.002 sec
Running org.apache.accumulo.core.security.VisibilityEvaluatorTest
Tests run: 4, Failures: 0, Errors: 0, Skipped: 0, Time elapsed: 0 sec
Running org.apache.accumulo.core.client.RowIteratorTest
Tests run: 2, Failures: 0, Errors: 0, Skipped: 0, Time elapsed: 0.001 sec
Running org.apache.accumulo.core.client.mock.MockConnectorTest
Tests run: 9, Failures: 0, Errors: 9, Skipped: 0, Time elapsed: 0.018 sec <<< FAILURE!
Running org.apache.accumulo.core.client.mock.MockTableOperationsTest
Tests run: 5, Failures: 0, Errors: 5, Skipped: 0, Time elapsed: 0.023 sec <<< FAILURE!
Running org.apache.accumulo.core.client.mock.TestBatchScanner821
Tests run: 1, Failures: 0, Errors: 1, Skipped: 0, Time elapsed: 0 sec <<< FAILURE!
Running org.apache.accumulo.core.client.impl.ScannerOptionsTest
Tests run: 2, Failures: 0, Errors: 0, Skipped: 0, Time elapsed: 0 sec
Running org.apache.accumulo.core.client.impl.TabletLocatorImplTest
Tests run: 17, Failures: 0, Errors: 0, Skipped: 0, Time elapsed: 0.025 sec
Running org.apache.accumulo.core.client.ClientSideIteratorTest
Tests run: 2, Failures: 0, Errors: 2, Skipped: 0, Time elapsed: 0.006 sec <<< FAILURE!
Running org.apache.accumulo.core.client.TestThrift1474
Tests run: 1, Failures: 0, Errors: 0, Skipped: 0, Time elapsed: 0.053 sec
Running org.apache.accumulo.core.client.admin.FindMaxTest
Tests run: 1, Failures: 0, Errors: 1, Skipped: 0, Time elapsed: 0.005 sec <<< FAILURE!
Running org.apache.accumulo.core.client.admin.TableOperationsHelperTest
Tests run: 1, Failures: 0, Errors: 0, Skipped: 0, Time elapsed: 0.003 sec
Running org.apache.accumulo.core.client.mapreduce.AccumuloRowInputFormatTest
Tests run: 1, Failures: 0, Errors: 1, Skipped: 0, Time elapsed: 0.004 sec <<< FAILURE!
Running org.apache.accumulo.core.client.mapreduce.AccumuloFileOutputFormatTest
Tests run: 3, Failures: 0, Errors: 3, Skipped: 0, Time elapsed: 0.031 sec <<< FAILURE!
Running org.apache.accumulo.core.client.mapreduce.AccumuloInputFormatTest
Tests run: 10, Failures: 0, Errors: 10, Skipped: 0, Time elapsed: 0.088 sec <<< FAILURE!
Running org.apache.accumulo.core.client.mapreduce.lib.partition.RangePartitionerTest
Tests run: 2, Failures: 0, Errors: 2, Skipped: 0, Time elapsed: 0.006 sec <<< FAILURE!
Running org.apache.accumulo.core.client.mapreduce.AccumuloOutputFormatTest
Tests run: 1, Failures: 0, Errors: 1, Skipped: 0, Time elapsed: 0.002 sec <<< FAILURE!
Running org.apache.accumulo.core.conf.PropertyTest
Tests run: 3, Failures: 0, Errors: 0, Skipped: 0, Time elapsed: 0.003 sec

Results :

Failed tests:   sumAllColumns(org.apache.accumulo.core.iterators.user.CombinerTest): expected:<[2]> but was:<[6]>

Tests in error: 
  test(org.apache.accumulo.core.util.shell.command.FormatterCommandTest): java.io.IOException: failure to login
  aboutTest(org.apache.accumulo.core.util.shell.ShellTest): java.io.IOException: failure to login
  insertDeleteScanTest(org.apache.accumulo.core.util.shell.ShellTest): java.io.IOException: failure to login
  addGetSplitsTest(org.apache.accumulo.core.util.shell.ShellTest): java.io.IOException: failure to login
  test1(org.apache.accumulo.core.iterators.user.RowFilterTest): java.io.IOException: failure to login
  testWithBatchScanner(org.apache.accumulo.core.iterators.user.IntersectingIteratorTest): java.io.IOException: failure to login
  testDeletewithBatchDeleter(org.apache.accumulo.core.client.mock.MockConnectorTest): java.io.IOException: failure to login
  testMockConnectorReturnsCorrectInstance(org.apache.accumulo.core.client.mock.MockConnectorTest): java.io.IOException: failure to login
  testCMod(org.apache.accumulo.core.client.mock.MockConnectorTest): java.io.IOException: failure to login
  testSunnyDay(org.apache.accumulo.core.client.mock.MockConnectorTest): java.io.IOException: failure to login
  testAggregation(org.apache.accumulo.core.client.mock.MockConnectorTest): java.io.IOException: failure to login
  testDelete(org.apache.accumulo.core.client.mock.MockConnectorTest): java.io.IOException: failure to login
  testUpdate(org.apache.accumulo.core.client.mock.MockConnectorTest): java.io.IOException: failure to login
  testMockMultiTableBatchWriter(org.apache.accumulo.core.client.mock.MockConnectorTest): java.io.IOException: failure to login
  testChangeAuths(org.apache.accumulo.core.client.mock.MockConnectorTest): java.io.IOException: failure to login
  testImport(org.apache.accumulo.core.client.mock.MockTableOperationsTest): failure to login
  testTableNotFound(org.apache.accumulo.core.client.mock.MockTableOperationsTest): java.io.IOException: failure to login
  testFailsWithNonEmptyFailureDirectory(org.apache.accumulo.core.client.mock.MockTableOperationsTest): Unexpected exception, expected<java.io.IOException> but was<java.lang.RuntimeException>
  testFailsWithNoTable(org.apache.accumulo.core.client.mock.MockTableOperationsTest): Unexpected exception, expected<org.apache.accumulo.core.client.TableNotFoundException> but was<java.lang.RuntimeException>
  testCreateUseVersions(org.apache.accumulo.core.client.mock.MockTableOperationsTest): java.io.IOException: failure to login
  test(org.apache.accumulo.core.client.mock.TestBatchScanner821): java.io.IOException: failure to login
  testVersioning(org.apache.accumulo.core.client.ClientSideIteratorTest): java.io.IOException: failure to login
  testIntersect(org.apache.accumulo.core.client.ClientSideIteratorTest): java.io.IOException: failure to login
  test1(org.apache.accumulo.core.client.admin.FindMaxTest): java.io.IOException: failure to login
  test(org.apache.accumulo.core.client.mapreduce.AccumuloRowInputFormatTest): java.io.IOException: failure to login
  testEmptyWrite(org.apache.accumulo.core.client.mapreduce.AccumuloFileOutputFormatTest): java.io.IOException: failure to login
  testRealWrite(org.apache.accumulo.core.client.mapreduce.AccumuloFileOutputFormatTest): java.io.IOException: failure to login
  validateConfiguration(org.apache.accumulo.core.client.mapreduce.AccumuloFileOutputFormatTest): java.io.IOException: failure to login
  testSetIterator(org.apache.accumulo.core.client.mapreduce.AccumuloInputFormatTest): Can't create object
  testMap(org.apache.accumulo.core.client.mapreduce.AccumuloInputFormatTest): java.io.IOException: failure to login
  testMaxVersions(org.apache.accumulo.core.client.mapreduce.AccumuloInputFormatTest): Can't create object
  testAddIterator(org.apache.accumulo.core.client.mapreduce.AccumuloInputFormatTest): Can't create object
  testNoMaxVersion(org.apache.accumulo.core.client.mapreduce.AccumuloInputFormatTest): Can't create object
  testMaxVersionsLessThan1(org.apache.accumulo.core.client.mapreduce.AccumuloInputFormatTest): Unexpected exception, expected<java.io.IOException> but was<java.lang.IllegalArgumentException>
  testIteratorOptionEncoding(org.apache.accumulo.core.client.mapreduce.AccumuloInputFormatTest): java.io.IOException: failure to login
  testSimple(org.apache.accumulo.core.client.mapreduce.AccumuloInputFormatTest): java.io.IOException: failure to login
  testSetRegex(org.apache.accumulo.core.client.mapreduce.AccumuloInputFormatTest): Can't create object
  testGetIteratorSettings(org.apache.accumulo.core.client.mapreduce.AccumuloInputFormatTest): Can't create object
  testNoSubBins(org.apache.accumulo.core.client.mapreduce.lib.partition.RangePartitionerTest): java.io.IOException: failure to login
  testSubBins(org.apache.accumulo.core.client.mapreduce.lib.partition.RangePartitionerTest): java.io.IOException: failure to login
  testMR(org.apache.accumulo.core.client.mapreduce.AccumuloOutputFormatTest): java.io.IOException: failure to login

Tests run: 305, Failures: 1, Errors: 41, Skipped: 0

[[1;34mINFO[m] [1m------------------------------------------------------------------------[m
[[1;34mINFO[m] [1;31mBUILD FAILURE[m
[[1;34mINFO[m] [1m------------------------------------------------------------------------[m
[[1;34mINFO[m] Total time:  9.358 s
[[1;34mINFO[m] Finished at: 2022-08-01T11:56:22-07:00
[[1;34mINFO[m] [1m------------------------------------------------------------------------[m
[[1;31mERROR[m] Failed to execute goal [32morg.apache.maven.plugins:maven-surefire-plugin:2.12:test[m [1m(default-test)[m on project [36maccumulo-core[m: [1;31mThere are test failures.[m
[[1;31mERROR[m] [1;31m[m
[[1;31mERROR[m] [1;31mPlease refer to /home/user/Workspace/reproducibility/Reproducibility-Scanner/benchmarks/bugs-dot-jar/accumulo/core/target/surefire-reports for the individual test results.[m
[[1;31mERROR[m] -> [1m[Help 1][m
[[1;31mERROR[m] 
[[1;31mERROR[m] To see the full stack trace of the errors, re-run Maven with the [1m-e[m switch.
[[1;31mERROR[m] Re-run Maven using the [1m-X[m switch to enable full debug logging.
[[1;31mERROR[m] 
[[1;31mERROR[m] For more information about the errors and possible solutions, please read the following articles:
[[1;31mERROR[m] [1m[Help 1][m http://cwiki.apache.org/confluence/display/MAVEN/MojoFailureException