[[1;34mINFO[m] Scanning for projects...
[[1;33mWARNING[m] 
[[1;33mWARNING[m] Some problems were encountered while building the effective model for org.apache.maven:maven-embedder:jar:2.1-SNAPSHOT
[[1;33mWARNING[m] 'build.plugins.plugin.version' for org.codehaus.mojo:minijar-maven-plugin is missing. @ line 74, column 15
[[1;33mWARNING[m] The expression ${version} is deprecated. Please use ${project.version} instead.
[[1;33mWARNING[m] 
[[1;33mWARNING[m] It is highly recommended to fix these problems because they threaten the stability of your build.
[[1;33mWARNING[m] 
[[1;33mWARNING[m] For this reason, future Maven versions might no longer support building such malformed projects.
[[1;33mWARNING[m] 
[[1;34mINFO[m] [1m------------------------------------------------------------------------[m
[[1;34mINFO[m] [1mReactor Build Order:[m
[[1;34mINFO[m] 
[[1;34mINFO[m] Apache Maven                                                       [pom]
[[1;34mINFO[m] Maven Artifact                                                     [jar]
[[1;34mINFO[m] Maven Repository Metadata Model                                    [jar]
[[1;34mINFO[m] Maven Artifact Manager                                             [jar]
[[1;34mINFO[m] Maven Model                                                        [jar]
[[1;34mINFO[m] Maven Local Settings Model                                         [jar]
[[1;34mINFO[m] Maven Artifact Test Helper Library                                 [jar]
[[1;34mINFO[m] Maven Build Context                                                [jar]
[[1;34mINFO[m] Maven Lifecycle Model                                              [jar]
[[1;34mINFO[m] Maven Plugin Parameter Documenter API                              [jar]
[[1;34mINFO[m] Maven Reporting                                                    [pom]
[[1;34mINFO[m] Maven Reporting API                                                [jar]
[[1;34mINFO[m] Maven Profile Model                                                [jar]
[[1;34mINFO[m] Maven Error Diagnostics                                            [jar]
[[1;34mINFO[m] Maven Project Builder                                              [jar]
[[1;34mINFO[m] Maven Plugin Registry Model                                        [jar]
[[1;34mINFO[m] Maven Plugin API                                                   [jar]
[[1;34mINFO[m] Maven Plugin Descriptor Model                                      [jar]
[[1;34mINFO[m] Maven Monitor                                                      [jar]
[[1;34mINFO[m] Maven Core                                                         [jar]
[[1;34mINFO[m] Maven Script Support Root                                          [pom]
[[1;34mINFO[m] Maven Ant Mojo Support                                             [jar]
[[1;34mINFO[m] Maven Beanshell Mojo Support                                       [jar]
[[1;34mINFO[m] Maven Embedder                                                     [jar]
[[1;34mINFO[m] 
[[1;34mINFO[m] [1m-----------------------< [0;36morg.apache.maven:maven[0;1m >-----------------------[m
[[1;34mINFO[m] [1mBuilding Apache Maven 2.1-SNAPSHOT                                [1/24][m
[[1;34mINFO[m] [1m--------------------------------[ pom ]---------------------------------[m
[[1;34mINFO[m] 
[[1;34mINFO[m] [1m--- [0;32mmaven-install-plugin:2.4:install[m [1m(default-install)[m @ [36mmaven[0;1m ---[m
[[1;34mINFO[m] Installing /home/user/Reproducibility-Scanner/benchmarks/bugs-dot-jar/maven/pom.xml to /home/user/.m2/repository/org/apache/maven/maven/2.1-SNAPSHOT/maven-2.1-SNAPSHOT.pom
[[1;34mINFO[m] 
[[1;34mINFO[m] [1m------------------< [0;36morg.apache.maven:maven-artifact[0;1m >-------------------[m
[[1;34mINFO[m] [1mBuilding Maven Artifact 2.1-SNAPSHOT                              [2/24][m
[[1;34mINFO[m] [1m--------------------------------[ jar ]---------------------------------[m
Downloading from central: https://repo.maven.apache.org/maven2/org/codehaus/plexus/plexus-component-api/1.0-alpha-22/plexus-component-api-1.0-alpha-22.pom
Progress (1): 2.3 kB                    Downloaded from central: https://repo.maven.apache.org/maven2/org/codehaus/plexus/plexus-component-api/1.0-alpha-22/plexus-component-api-1.0-alpha-22.pom (2.3 kB at 4.3 kB/s)
Downloading from central: https://repo.maven.apache.org/maven2/org/codehaus/plexus/plexus-container-default/1.0-alpha-22/plexus-container-default-1.0-alpha-22.jar
Downloading from central: https://repo.maven.apache.org/maven2/org/codehaus/plexus/plexus-component-api/1.0-alpha-22/plexus-component-api-1.0-alpha-22.jar
Progress (1): 2.7/34 kBProgress (1): 5.5/34 kBProgress (1): 8.2/34 kBProgress (1): 11/34 kB Progress (1): 14/34 kBProgress (1): 16/34 kBProgress (1): 19/34 kBProgress (1): 21/34 kBProgress (1): 24/34 kBProgress (1): 27/34 kBProgress (1): 30/34 kBProgress (1): 32/34 kBProgress (1): 34 kB                      Downloaded from central: https://repo.maven.apache.org/maven2/org/codehaus/plexus/plexus-component-api/1.0-alpha-22/plexus-component-api-1.0-alpha-22.jar (34 kB at 174 kB/s)
Progress (1): 2.7/210 kBProgress (1): 5.5/210 kBProgress (1): 8.2/210 kBProgress (1): 11/210 kB Progress (1): 14/210 kBProgress (1): 16/210 kBProgress (1): 19/210 kBProgress (1): 21/210 kBProgress (1): 24/210 kBProgress (1): 27/210 kBProgress (1): 30/210 kBProgress (1): 32/210 kBProgress (1): 35/210 kBProgress (1): 38/210 kBProgress (1): 40/210 kBProgress (1): 43/210 kBProgress (1): 46/210 kBProgress (1): 49/210 kBProgress (1): 53/210 kBProgress (1): 57/210 kBProgress (1): 61/210 kBProgress (1): 65/210 kBProgress (1): 69/210 kBProgress (1): 73/210 kBProgress (1): 77/210 kBProgress (1): 81/210 kBProgress (1): 85/210 kBProgress (1): 90/210 kBProgress (1): 94/210 kBProgress (1): 98/210 kBProgress (1): 102/210 kBProgress (1): 106/210 kBProgress (1): 110/210 kBProgress (1): 114/210 kBProgress (1): 118/210 kBProgress (1): 122/210 kBProgress (1): 126/210 kBProgress (1): 131/210 kBProgress (1): 135/210 kBProgress (1): 139/210 kBProgress (1): 143/210 kBProgress (1): 147/210 kBProgress (1): 151/210 kBProgress (1): 155/210 kBProgress (1): 159/210 kBProgress (1): 163/210 kBProgress (1): 167/210 kBProgress (1): 171/210 kBProgress (1): 176/210 kBProgress (1): 180/210 kBProgress (1): 184/210 kBProgress (1): 188/210 kBProgress (1): 192/210 kBProgress (1): 196/210 kBProgress (1): 200/210 kBProgress (1): 204/210 kBProgress (1): 208/210 kBProgress (1): 210 kB                        Downloaded from central: https://repo.maven.apache.org/maven2/org/codehaus/plexus/plexus-container-default/1.0-alpha-22/plexus-container-default-1.0-alpha-22.jar (210 kB at 654 kB/s)
[[1;34mINFO[m] 
[[1;34mINFO[m] [1m--- [0;32mmaven-resources-plugin:2.6:resources[m [1m(default-resources)[m @ [36mmaven-artifact[0;1m ---[m
[[1;33mWARNING[m] Using platform encoding (UTF-8 actually) to copy filtered resources, i.e. build is platform dependent!
[[1;34mINFO[m] Copying 1 resource
[[1;34mINFO[m] 
[[1;34mINFO[m] [1m--- [0;32mmaven-compiler-plugin:3.1:compile[m [1m(default-compile)[m @ [36mmaven-artifact[0;1m ---[m
[[1;34mINFO[m] Changes detected - recompiling the module!
[[1;33mWARNING[m] File encoding has not been set, using platform encoding UTF-8, i.e. build is platform dependent!
[[1;34mINFO[m] Compiling 64 source files to /home/user/Reproducibility-Scanner/benchmarks/bugs-dot-jar/maven/maven-artifact/target/classes
[[1;33mWARNING[m] /home/user/Reproducibility-Scanner/benchmarks/bugs-dot-jar/maven/maven-artifact/src/main/java/org/apache/maven/artifact/resolver/DefaultArtifactCollector.java: /home/user/Reproducibility-Scanner/benchmarks/bugs-dot-jar/maven/maven-artifact/src/main/java/org/apache/maven/artifact/resolver/DefaultArtifactCollector.java uses or overrides a deprecated API.
[[1;33mWARNING[m] /home/user/Reproducibility-Scanner/benchmarks/bugs-dot-jar/maven/maven-artifact/src/main/java/org/apache/maven/artifact/resolver/DefaultArtifactCollector.java: Recompile with -Xlint:deprecation for details.
[[1;33mWARNING[m] /home/user/Reproducibility-Scanner/benchmarks/bugs-dot-jar/maven/maven-artifact/src/main/java/org/apache/maven/artifact/resolver/AbstractArtifactResolutionException.java: Some input files use unchecked or unsafe operations.
[[1;33mWARNING[m] /home/user/Reproducibility-Scanner/benchmarks/bugs-dot-jar/maven/maven-artifact/src/main/java/org/apache/maven/artifact/resolver/AbstractArtifactResolutionException.java: Recompile with -Xlint:unchecked for details.
[[1;34mINFO[m] 
[[1;34mINFO[m] [1m--- [0;32mmaven-resources-plugin:2.6:testResources[m [1m(default-testResources)[m @ [36mmaven-artifact[0;1m ---[m
[[1;33mWARNING[m] Using platform encoding (UTF-8 actually) to copy filtered resources, i.e. build is platform dependent!
[[1;34mINFO[m] skip non existing resourceDirectory /home/user/Reproducibility-Scanner/benchmarks/bugs-dot-jar/maven/maven-artifact/src/test/resources
[[1;34mINFO[m] 
[[1;34mINFO[m] [1m--- [0;32mmaven-compiler-plugin:3.1:testCompile[m [1m(default-testCompile)[m @ [36mmaven-artifact[0;1m ---[m
[[1;34mINFO[m] Changes detected - recompiling the module!
[[1;33mWARNING[m] File encoding has not been set, using platform encoding UTF-8, i.e. build is platform dependent!
[[1;34mINFO[m] Compiling 6 source files to /home/user/Reproducibility-Scanner/benchmarks/bugs-dot-jar/maven/maven-artifact/target/test-classes
[[1;33mWARNING[m] /home/user/Reproducibility-Scanner/benchmarks/bugs-dot-jar/maven/maven-artifact/src/test/java/org/apache/maven/artifact/resolver/DefaultArtifactCollectorTest.java: /home/user/Reproducibility-Scanner/benchmarks/bugs-dot-jar/maven/maven-artifact/src/test/java/org/apache/maven/artifact/resolver/DefaultArtifactCollectorTest.java uses unchecked or unsafe operations.
[[1;33mWARNING[m] /home/user/Reproducibility-Scanner/benchmarks/bugs-dot-jar/maven/maven-artifact/src/test/java/org/apache/maven/artifact/resolver/DefaultArtifactCollectorTest.java: Recompile with -Xlint:unchecked for details.
[[1;34mINFO[m] 
[[1;34mINFO[m] [1m--- [0;32mmaven-surefire-plugin:2.12.4:test[m [1m(default-test)[m @ [36mmaven-artifact[0;1m ---[m
[[1;34mINFO[m] Tests are skipped.
[[1;34mINFO[m] 
[[1;34mINFO[m] [1m--- [0;32mmaven-jar-plugin:2.4:jar[m [1m(default-jar)[m @ [36mmaven-artifact[0;1m ---[m
[[1;34mINFO[m] Building jar: /home/user/Reproducibility-Scanner/benchmarks/bugs-dot-jar/maven/maven-artifact/target/maven-artifact-2.1-SNAPSHOT.jar
[[1;34mINFO[m] 
[[1;34mINFO[m] [1m--- [0;32mmaven-install-plugin:2.4:install[m [1m(default-install)[m @ [36mmaven-artifact[0;1m ---[m
[[1;34mINFO[m] Installing /home/user/Reproducibility-Scanner/benchmarks/bugs-dot-jar/maven/maven-artifact/target/maven-artifact-2.1-SNAPSHOT.jar to /home/user/.m2/repository/org/apache/maven/maven-artifact/2.1-SNAPSHOT/maven-artifact-2.1-SNAPSHOT.jar
[[1;34mINFO[m] Installing /home/user/Reproducibility-Scanner/benchmarks/bugs-dot-jar/maven/maven-artifact/pom.xml to /home/user/.m2/repository/org/apache/maven/maven-artifact/2.1-SNAPSHOT/maven-artifact-2.1-SNAPSHOT.pom
[[1;34mINFO[m] 
[[1;34mINFO[m] [1m-------------< [0;36morg.apache.maven:maven-repository-metadata[0;1m >-------------[m
[[1;34mINFO[m] [1mBuilding Maven Repository Metadata Model 2.1-SNAPSHOT             [3/24][m
[[1;34mINFO[m] [1m--------------------------------[ jar ]---------------------------------[m
Downloading from central: https://repo.maven.apache.org/maven2/org/codehaus/modello/modello-maven-plugin/1.0-alpha-13/modello-maven-plugin-1.0-alpha-13.pom
Progress (1): 2.6 kB                    Downloaded from central: https://repo.maven.apache.org/maven2/org/codehaus/modello/modello-maven-plugin/1.0-alpha-13/modello-maven-plugin-1.0-alpha-13.pom (2.6 kB at 18 kB/s)
Downloading from central: https://repo.maven.apache.org/maven2/org/codehaus/modello/modello/1.0-alpha-13/modello-1.0-alpha-13.pom
Progress (1): 4.1/9.8 kBProgress (1): 8.2/9.8 kBProgress (1): 9.8 kB                        Downloaded from central: https://repo.maven.apache.org/maven2/org/codehaus/modello/modello/1.0-alpha-13/modello-1.0-alpha-13.pom (9.8 kB at 69 kB/s)
Downloading from central: https://repo.maven.apache.org/maven2/org/codehaus/modello/modello-maven-plugin/1.0-alpha-13/modello-maven-plugin-1.0-alpha-13.jar
Progress (1): 4.1/14 kBProgress (1): 8.2/14 kBProgress (1): 12/14 kB Progress (1): 14 kB                      Downloaded from central: https://repo.maven.apache.org/maven2/org/codehaus/modello/modello-maven-plugin/1.0-alpha-13/modello-maven-plugin-1.0-alpha-13.jar (14 kB at 95 kB/s)
[[1;34mINFO[m] 
[[1;34mINFO[m] [1m--- [0;32mmodello-maven-plugin:1.0-alpha-13:java[m [1m(standard)[m @ [36mmaven-repository-metadata[0;1m ---[m
Downloading from central: https://repo.maven.apache.org/maven2/org/codehaus/modello/modello-plugin-xdoc/1.0-alpha-13/modello-plugin-xdoc-1.0-alpha-13.pom
Progress (1): 610 B                   Downloaded from central: https://repo.maven.apache.org/maven2/org/codehaus/modello/modello-plugin-xdoc/1.0-alpha-13/modello-plugin-xdoc-1.0-alpha-13.pom (610 B at 2.6 kB/s)
Downloading from central: https://repo.maven.apache.org/maven2/org/codehaus/modello/modello-plugins/1.0-alpha-13/modello-plugins-1.0-alpha-13.pom
Progress (1): 1.4 kB                    Downloaded from central: https://repo.maven.apache.org/maven2/org/codehaus/modello/modello-plugins/1.0-alpha-13/modello-plugins-1.0-alpha-13.pom (1.4 kB at 9.4 kB/s)
Downloading from central: https://repo.maven.apache.org/maven2/org/codehaus/modello/modello-plugin-xml/1.0-alpha-13/modello-plugin-xml-1.0-alpha-13.pom
Progress (1): 442 B                   Downloaded from central: https://repo.maven.apache.org/maven2/org/codehaus/modello/modello-plugin-xml/1.0-alpha-13/modello-plugin-xml-1.0-alpha-13.pom (442 B at 3.0 kB/s)
Downloading from central: https://repo.maven.apache.org/maven2/org/codehaus/plexus/plexus-container-default/1.0-alpha-12/plexus-container-default-1.0-alpha-12.pom
Progress (1): 1.4 kB                    Downloaded from central: https://repo.maven.apache.org/maven2/org/codehaus/plexus/plexus-container-default/1.0-alpha-12/plexus-container-default-1.0-alpha-12.pom (1.4 kB at 9.7 kB/s)
Downloading from central: https://repo.maven.apache.org/maven2/org/codehaus/plexus/plexus-containers/1.0.7-alpha-2/plexus-containers-1.0.7-alpha-2.pom
Progress (1): 1.8 kB                    Downloaded from central: https://repo.maven.apache.org/maven2/org/codehaus/plexus/plexus-containers/1.0.7-alpha-2/plexus-containers-1.0.7-alpha-2.pom (1.8 kB at 9.0 kB/s)
Downloading from central: https://repo.maven.apache.org/maven2/org/codehaus/plexus/plexus-component-api/1.0-alpha-12/plexus-component-api-1.0-alpha-12.pom
Progress (1): 918 B                   Downloaded from central: https://repo.maven.apache.org/maven2/org/codehaus/plexus/plexus-component-api/1.0-alpha-12/plexus-component-api-1.0-alpha-12.pom (918 B at 6.0 kB/s)
Downloading from central: https://repo.maven.apache.org/maven2/org/codehaus/plexus/plexus-classworlds/1.2-alpha-5/plexus-classworlds-1.2-alpha-5.pom
Progress (1): 1.3 kB                    Downloaded from central: https://repo.maven.apache.org/maven2/org/codehaus/plexus/plexus-classworlds/1.2-alpha-5/plexus-classworlds-1.2-alpha-5.pom (1.3 kB at 8.6 kB/s)
Downloading from central: https://repo.maven.apache.org/maven2/org/codehaus/modello/modello-core/1.0-alpha-13/modello-core-1.0-alpha-13.pom
Progress (1): 1.2 kB                    Downloaded from central: https://repo.maven.apache.org/maven2/org/codehaus/modello/modello-core/1.0-alpha-13/modello-core-1.0-alpha-13.pom (1.2 kB at 9.0 kB/s)
Downloading from central: https://repo.maven.apache.org/maven2/org/codehaus/modello/modello-plugin-xsd/1.0-alpha-13/modello-plugin-xsd-1.0-alpha-13.pom
Progress (1): 608 B                   Downloaded from central: https://repo.maven.apache.org/maven2/org/codehaus/modello/modello-plugin-xsd/1.0-alpha-13/modello-plugin-xsd-1.0-alpha-13.pom (608 B at 4.3 kB/s)
Downloading from central: https://repo.maven.apache.org/maven2/org/codehaus/modello/modello-plugin-jpox/1.0-alpha-13/modello-plugin-jpox-1.0-alpha-13.pom
Progress (1): 1.6 kB                    Downloaded from central: https://repo.maven.apache.org/maven2/org/codehaus/modello/modello-plugin-jpox/1.0-alpha-13/modello-plugin-jpox-1.0-alpha-13.pom (1.6 kB at 4.9 kB/s)
Downloading from central: https://repo.maven.apache.org/maven2/org/codehaus/modello/modello-plugin-store/1.0-alpha-13/modello-plugin-store-1.0-alpha-13.pom
Progress (1): 608 B                   Downloaded from central: https://repo.maven.apache.org/maven2/org/codehaus/modello/modello-plugin-store/1.0-alpha-13/modello-plugin-store-1.0-alpha-13.pom (608 B at 3.5 kB/s)
Downloading from central: https://repo.maven.apache.org/maven2/saxpath/saxpath/1.0-FCS/saxpath-1.0-FCS.pom
Progress (1): 150 B                   Downloaded from central: https://repo.maven.apache.org/maven2/saxpath/saxpath/1.0-FCS/saxpath-1.0-FCS.pom (150 B at 9.4 kB/s)
Downloading from central: https://repo.maven.apache.org/maven2/org/codehaus/modello/modello-plugin-jdom/1.0-alpha-13/modello-plugin-jdom-1.0-alpha-13.pom
Progress (1): 765 B                   Downloaded from central: https://repo.maven.apache.org/maven2/org/codehaus/modello/modello-plugin-jdom/1.0-alpha-13/modello-plugin-jdom-1.0-alpha-13.pom (765 B at 3.0 kB/s)
Downloading from central: https://repo.maven.apache.org/maven2/org/codehaus/modello/modello-plugin-converters/1.0-alpha-13/modello-plugin-converters-1.0-alpha-13.pom
Progress (1): 662 B                   Downloaded from central: https://repo.maven.apache.org/maven2/org/codehaus/modello/modello-plugin-converters/1.0-alpha-13/modello-plugin-converters-1.0-alpha-13.pom (662 B at 3.3 kB/s)
Downloading from central: https://repo.maven.apache.org/maven2/org/codehaus/modello/modello-plugin-stax/1.0-alpha-13/modello-plugin-stax-1.0-alpha-13.pom
Progress (1): 1.3 kB                    Downloaded from central: https://repo.maven.apache.org/maven2/org/codehaus/modello/modello-plugin-stax/1.0-alpha-13/modello-plugin-stax-1.0-alpha-13.pom (1.3 kB at 7.2 kB/s)
Downloading from central: https://repo.maven.apache.org/maven2/net/java/dev/stax-utils/stax-utils/20060502/stax-utils-20060502.pom
Progress (1): 565 B                   Downloaded from central: https://repo.maven.apache.org/maven2/net/java/dev/stax-utils/stax-utils/20060502/stax-utils-20060502.pom (565 B at 30 kB/s)
Downloading from central: https://repo.maven.apache.org/maven2/org/codehaus/modello/modello-plugin-xpp3/1.0-alpha-13/modello-plugin-xpp3-1.0-alpha-13.pom
Progress (1): 765 B                   Downloaded from central: https://repo.maven.apache.org/maven2/org/codehaus/modello/modello-plugin-xpp3/1.0-alpha-13/modello-plugin-xpp3-1.0-alpha-13.pom (765 B at 5.5 kB/s)
Downloading from central: https://repo.maven.apache.org/maven2/org/codehaus/modello/modello-plugin-xdoc/1.0-alpha-13/modello-plugin-xdoc-1.0-alpha-13.jar
Downloading from central: https://repo.maven.apache.org/maven2/org/codehaus/plexus/plexus-container-default/1.0-alpha-12/plexus-container-default-1.0-alpha-12.jar
Downloading from central: https://repo.maven.apache.org/maven2/org/codehaus/plexus/plexus-classworlds/1.2-alpha-5/plexus-classworlds-1.2-alpha-5.jar
Downloading from central: https://repo.maven.apache.org/maven2/org/codehaus/plexus/plexus-component-api/1.0-alpha-12/plexus-component-api-1.0-alpha-12.jar
Downloading from central: https://repo.maven.apache.org/maven2/org/codehaus/modello/modello-plugin-xml/1.0-alpha-13/modello-plugin-xml-1.0-alpha-13.jar
Progress (1): 4.1/7.6 kBProgress (1): 7.6 kB    Progress (2): 7.6 kB | 2.7/8.7 kBProgress (3): 7.6 kB | 2.7/8.7 kB | 2.7/42 kBProgress (3): 7.6 kB | 5.5/8.7 kB | 2.7/42 kBProgress (3): 7.6 kB | 5.5/8.7 kB | 5.5/42 kBProgress (3): 7.6 kB | 8.2/8.7 kB | 5.5/42 kBProgress (3): 7.6 kB | 8.2/8.7 kB | 8.2/42 kBProgress (3): 7.6 kB | 8.7 kB | 8.2/42 kB    Progress (4): 7.6 kB | 8.7 kB | 8.2/42 kB | 2.7/32 kBProgress (4): 7.6 kB | 8.7 kB | 11/42 kB | 2.7/32 kB Progress (4): 7.6 kB | 8.7 kB | 11/42 kB | 5.5/32 kBProgress (4): 7.6 kB | 8.7 kB | 14/42 kB | 5.5/32 kBProgress (4): 7.6 kB | 8.7 kB | 14/42 kB | 8.2/32 kBProgress (4): 7.6 kB | 8.7 kB | 16/42 kB | 8.2/32 kBProgress (4): 7.6 kB | 8.7 kB | 16/42 kB | 11/32 kB Progress (4): 7.6 kB | 8.7 kB | 19/42 kB | 11/32 kBProgress (4): 7.6 kB | 8.7 kB | 19/42 kB | 14/32 kBProgress (4): 7.6 kB | 8.7 kB | 21/42 kB | 14/32 kBProgress (4): 7.6 kB | 8.7 kB | 21/42 kB | 16/32 kBProgress (4): 7.6 kB | 8.7 kB | 24/42 kB | 16/32 kBProgress (4): 7.6 kB | 8.7 kB | 24/42 kB | 19/32 kBProgress (4): 7.6 kB | 8.7 kB | 27/42 kB | 19/32 kBProgress (4): 7.6 kB | 8.7 kB | 27/42 kB | 21/32 kBProgress (4): 7.6 kB | 8.7 kB | 27/42 kB | 24/32 kBProgress (4): 7.6 kB | 8.7 kB | 30/42 kB | 24/32 kBProgress (4): 7.6 kB | 8.7 kB | 30/42 kB | 27/32 kBProgress (4): 7.6 kB | 8.7 kB | 32/42 kB | 27/32 kBProgress (4): 7.6 kB | 8.7 kB | 32/42 kB | 30/32 kBProgress (4): 7.6 kB | 8.7 kB | 35/42 kB | 30/32 kBProgress (4): 7.6 kB | 8.7 kB | 35/42 kB | 32 kB   Progress (4): 7.6 kB | 8.7 kB | 38/42 kB | 32 kBProgress (4): 7.6 kB | 8.7 kB | 40/42 kB | 32 kBProgress (4): 7.6 kB | 8.7 kB | 42 kB | 32 kB   Progress (5): 7.6 kB | 8.7 kB | 42 kB | 32 kB | 2.7/198 kBProgress (5): 7.6 kB | 8.7 kB | 42 kB | 32 kB | 5.5/198 kBProgress (5): 7.6 kB | 8.7 kB | 42 kB | 32 kB | 8.2/198 kBProgress (5): 7.6 kB | 8.7 kB | 42 kB | 32 kB | 11/198 kB Progress (5): 7.6 kB | 8.7 kB | 42 kB | 32 kB | 14/198 kBProgress (5): 7.6 kB | 8.7 kB | 42 kB | 32 kB | 16/198 kBProgress (5): 7.6 kB | 8.7 kB | 42 kB | 32 kB | 20/198 kBProgress (5): 7.6 kB | 8.7 kB | 42 kB | 32 kB | 24/198 kB                                                         Downloaded from central: https://repo.maven.apache.org/maven2/org/codehaus/modello/modello-plugin-xml/1.0-alpha-13/modello-plugin-xml-1.0-alpha-13.jar (8.7 kB at 40 kB/s)
Progress (4): 7.6 kB | 42 kB | 32 kB | 28/198 kB                                                Downloading from central: https://repo.maven.apache.org/maven2/org/codehaus/modello/modello-plugin-xsd/1.0-alpha-13/modello-plugin-xsd-1.0-alpha-13.jar
Progress (4): 7.6 kB | 42 kB | 32 kB | 32/198 kBProgress (4): 7.6 kB | 42 kB | 32 kB | 36/198 kBProgress (4): 7.6 kB | 42 kB | 32 kB | 40/198 kBProgress (4): 7.6 kB | 42 kB | 32 kB | 45/198 kBProgress (4): 7.6 kB | 42 kB | 32 kB | 49/198 kBProgress (4): 7.6 kB | 42 kB | 32 kB | 53/198 kBProgress (4): 7.6 kB | 42 kB | 32 kB | 57/198 kBProgress (4): 7.6 kB | 42 kB | 32 kB | 61/198 kBProgress (4): 7.6 kB | 42 kB | 32 kB | 65/198 kBProgress (4): 7.6 kB | 42 kB | 32 kB | 69/198 kBProgress (4): 7.6 kB | 42 kB | 32 kB | 73/198 kBProgress (4): 7.6 kB | 42 kB | 32 kB | 77/198 kBProgress (4): 7.6 kB | 42 kB | 32 kB | 81/198 kBProgress (4): 7.6 kB | 42 kB | 32 kB | 85/198 kBProgress (4): 7.6 kB | 42 kB | 32 kB | 90/198 kBProgress (4): 7.6 kB | 42 kB | 32 kB | 94/198 kBProgress (4): 7.6 kB | 42 kB | 32 kB | 98/198 kBProgress (4): 7.6 kB | 42 kB | 32 kB | 102/198 kBProgress (4): 7.6 kB | 42 kB | 32 kB | 106/198 kBProgress (4): 7.6 kB | 42 kB | 32 kB | 110/198 kBProgress (4): 7.6 kB | 42 kB | 32 kB | 114/198 kBProgress (4): 7.6 kB | 42 kB | 32 kB | 118/198 kBProgress (4): 7.6 kB | 42 kB | 32 kB | 122/198 kBProgress (4): 7.6 kB | 42 kB | 32 kB | 126/198 kBProgress (4): 7.6 kB | 42 kB | 32 kB | 131/198 kBProgress (4): 7.6 kB | 42 kB | 32 kB | 135/198 kBProgress (4): 7.6 kB | 42 kB | 32 kB | 139/198 kB                                                 Downloaded from central: https://repo.maven.apache.org/maven2/org/codehaus/plexus/plexus-component-api/1.0-alpha-12/plexus-component-api-1.0-alpha-12.jar (32 kB at 136 kB/s)
Downloading from central: https://repo.maven.apache.org/maven2/org/codehaus/modello/modello-plugin-jpox/1.0-alpha-13/modello-plugin-jpox-1.0-alpha-13.jar
Progress (3): 7.6 kB | 42 kB | 143/198 kBProgress (3): 7.6 kB | 42 kB | 147/198 kBProgress (3): 7.6 kB | 42 kB | 151/198 kBProgress (3): 7.6 kB | 42 kB | 155/198 kBProgress (3): 7.6 kB | 42 kB | 159/198 kBProgress (3): 7.6 kB | 42 kB | 163/198 kBProgress (3): 7.6 kB | 42 kB | 167/198 kBProgress (3): 7.6 kB | 42 kB | 171/198 kBProgress (3): 7.6 kB | 42 kB | 176/198 kBProgress (3): 7.6 kB | 42 kB | 180/198 kB                                         Downloaded from central: https://repo.maven.apache.org/maven2/org/codehaus/plexus/plexus-classworlds/1.2-alpha-5/plexus-classworlds-1.2-alpha-5.jar (42 kB at 175 kB/s)
Progress (2): 7.6 kB | 184/198 kB                                 Downloading from central: https://repo.maven.apache.org/maven2/org/codehaus/modello/modello-plugin-store/1.0-alpha-13/modello-plugin-store-1.0-alpha-13.jar
Progress (2): 7.6 kB | 188/198 kBProgress (2): 7.6 kB | 192/198 kBProgress (2): 7.6 kB | 196/198 kBProgress (2): 7.6 kB | 198 kB                                 Downloaded from central: https://repo.maven.apache.org/maven2/org/codehaus/modello/modello-plugin-xdoc/1.0-alpha-13/modello-plugin-xdoc-1.0-alpha-13.jar (7.6 kB at 30 kB/s)
Downloading from central: https://repo.maven.apache.org/maven2/saxpath/saxpath/1.0-FCS/saxpath-1.0-FCS.jar
Progress (2): 198 kB | 4.1/24 kBProgress (2): 198 kB | 8.2/24 kBProgress (2): 198 kB | 12/24 kB Progress (2): 198 kB | 16/24 kBProgress (2): 198 kB | 20/24 kBProgress (2): 198 kB | 24 kB                               Downloaded from central: https://repo.maven.apache.org/maven2/saxpath/saxpath/1.0-FCS/saxpath-1.0-FCS.jar (24 kB at 88 kB/s)
Downloading from central: https://repo.maven.apache.org/maven2/org/codehaus/modello/modello-plugin-jdom/1.0-alpha-13/modello-plugin-jdom-1.0-alpha-13.jar
Progress (2): 198 kB | 2.7/7.0 kBProgress (2): 198 kB | 5.5/7.0 kBProgress (2): 198 kB | 7.0 kB    Progress (3): 198 kB | 7.0 kB | 2.7/27 kBProgress (3): 198 kB | 7.0 kB | 5.5/27 kBProgress (3): 198 kB | 7.0 kB | 8.2/27 kBProgress (3): 198 kB | 7.0 kB | 11/27 kB Progress (3): 198 kB | 7.0 kB | 14/27 kBProgress (3): 198 kB | 7.0 kB | 16/27 kBProgress (3): 198 kB | 7.0 kB | 19/27 kBProgress (3): 198 kB | 7.0 kB | 21/27 kBProgress (3): 198 kB | 7.0 kB | 24/27 kBProgress (3): 198 kB | 7.0 kB | 27/27 kB                                        Downloaded from central: https://repo.maven.apache.org/maven2/org/codehaus/plexus/plexus-container-default/1.0-alpha-12/plexus-container-default-1.0-alpha-12.jar (198 kB at 633 kB/s)
Downloading from central: https://repo.maven.apache.org/maven2/org/codehaus/modello/modello-plugin-converters/1.0-alpha-13/modello-plugin-converters-1.0-alpha-13.jar
Progress (2): 7.0 kB | 27 kBProgress (3): 7.0 kB | 27 kB | 4.1/14 kBProgress (3): 7.0 kB | 27 kB | 8.2/14 kBProgress (3): 7.0 kB | 27 kB | 12/14 kB Progress (3): 7.0 kB | 27 kB | 14 kB   Progress (4): 7.0 kB | 27 kB | 14 kB | 4.1/14 kBProgress (4): 7.0 kB | 27 kB | 14 kB | 8.2/14 kBProgress (4): 7.0 kB | 27 kB | 14 kB | 12/14 kB Progress (4): 7.0 kB | 27 kB | 14 kB | 14 kB                                               Downloaded from central: https://repo.maven.apache.org/maven2/org/codehaus/modello/modello-plugin-xsd/1.0-alpha-13/modello-plugin-xsd-1.0-alpha-13.jar (7.0 kB at 19 kB/s)
Downloading from central: https://repo.maven.apache.org/maven2/org/codehaus/modello/modello-plugin-stax/1.0-alpha-13/modello-plugin-stax-1.0-alpha-13.jar
Downloaded from central: https://repo.maven.apache.org/maven2/org/codehaus/modello/modello-plugin-jpox/1.0-alpha-13/modello-plugin-jpox-1.0-alpha-13.jar (27 kB at 70 kB/s)
Progress (3): 14 kB | 14 kB | 4.1/9.0 kB                                        Downloading from central: https://repo.maven.apache.org/maven2/net/java/dev/stax-utils/stax-utils/20060502/stax-utils-20060502.jar
Progress (3): 14 kB | 14 kB | 8.2/9.0 kBProgress (3): 14 kB | 14 kB | 9.0 kB                                        Downloaded from central: https://repo.maven.apache.org/maven2/org/codehaus/modello/modello-plugin-store/1.0-alpha-13/modello-plugin-store-1.0-alpha-13.jar (14 kB at 37 kB/s)
Downloading from central: https://repo.maven.apache.org/maven2/org/codehaus/modello/modello-plugin-xpp3/1.0-alpha-13/modello-plugin-xpp3-1.0-alpha-13.jar
Progress (3): 14 kB | 9.0 kB | 4.1/128 kBProgress (3): 14 kB | 9.0 kB | 8.2/128 kBProgress (3): 14 kB | 9.0 kB | 12/128 kB Progress (3): 14 kB | 9.0 kB | 16/128 kBProgress (3): 14 kB | 9.0 kB | 20/128 kBProgress (3): 14 kB | 9.0 kB | 24/128 kBProgress (3): 14 kB | 9.0 kB | 28/128 kBProgress (3): 14 kB | 9.0 kB | 32/128 kBProgress (3): 14 kB | 9.0 kB | 36/128 kBProgress (3): 14 kB | 9.0 kB | 40/128 kBProgress (3): 14 kB | 9.0 kB | 45/128 kBProgress (3): 14 kB | 9.0 kB | 49/128 kBProgress (3): 14 kB | 9.0 kB | 53/128 kBProgress (3): 14 kB | 9.0 kB | 57/128 kBProgress (3): 14 kB | 9.0 kB | 61/128 kBProgress (3): 14 kB | 9.0 kB | 65/128 kBProgress (3): 14 kB | 9.0 kB | 69/128 kBProgress (3): 14 kB | 9.0 kB | 73/128 kBProgress (3): 14 kB | 9.0 kB | 77/128 kBProgress (3): 14 kB | 9.0 kB | 81/128 kBProgress (3): 14 kB | 9.0 kB | 85/128 kBProgress (3): 14 kB | 9.0 kB | 90/128 kBProgress (3): 14 kB | 9.0 kB | 94/128 kBProgress (3): 14 kB | 9.0 kB | 98/128 kBProgress (3): 14 kB | 9.0 kB | 102/128 kBProgress (3): 14 kB | 9.0 kB | 106/128 kBProgress (3): 14 kB | 9.0 kB | 110/128 kBProgress (3): 14 kB | 9.0 kB | 114/128 kBProgress (3): 14 kB | 9.0 kB | 118/128 kBProgress (3): 14 kB | 9.0 kB | 122/128 kBProgress (3): 14 kB | 9.0 kB | 126/128 kBProgress (3): 14 kB | 9.0 kB | 128 kB                                         Downloaded from central: https://repo.maven.apache.org/maven2/net/java/dev/stax-utils/stax-utils/20060502/stax-utils-20060502.jar (128 kB at 299 kB/s)
Downloading from central: https://repo.maven.apache.org/maven2/org/codehaus/modello/modello-core/1.0-alpha-13/modello-core-1.0-alpha-13.jar
Progress (3): 14 kB | 9.0 kB | 2.7/31 kBProgress (3): 14 kB | 9.0 kB | 5.5/31 kBProgress (3): 14 kB | 9.0 kB | 8.2/31 kBProgress (3): 14 kB | 9.0 kB | 11/31 kB Progress (3): 14 kB | 9.0 kB | 14/31 kBProgress (3): 14 kB | 9.0 kB | 16/31 kBProgress (3): 14 kB | 9.0 kB | 19/31 kBProgress (3): 14 kB | 9.0 kB | 21/31 kBProgress (3): 14 kB | 9.0 kB | 24/31 kBProgress (3): 14 kB | 9.0 kB | 27/31 kBProgress (3): 14 kB | 9.0 kB | 30/31 kBProgress (3): 14 kB | 9.0 kB | 31 kB                                       Downloaded from central: https://repo.maven.apache.org/maven2/org/codehaus/modello/modello-plugin-converters/1.0-alpha-13/modello-plugin-converters-1.0-alpha-13.jar (9.0 kB at 19 kB/s)
Progress (3): 14 kB | 31 kB | 2.7/23 kBProgress (3): 14 kB | 31 kB | 5.5/23 kBProgress (3): 14 kB | 31 kB | 8.2/23 kBProgress (3): 14 kB | 31 kB | 11/23 kB Progress (3): 14 kB | 31 kB | 14/23 kBProgress (3): 14 kB | 31 kB | 16/23 kBProgress (3): 14 kB | 31 kB | 20/23 kBProgress (3): 14 kB | 31 kB | 23 kB                                      Downloaded from central: https://repo.maven.apache.org/maven2/org/codehaus/modello/modello-plugin-jdom/1.0-alpha-13/modello-plugin-jdom-1.0-alpha-13.jar (14 kB at 29 kB/s)
Downloaded from central: https://repo.maven.apache.org/maven2/org/codehaus/modello/modello-plugin-xpp3/1.0-alpha-13/modello-plugin-xpp3-1.0-alpha-13.jar (23 kB at 42 kB/s)
Downloaded from central: https://repo.maven.apache.org/maven2/org/codehaus/modello/modello-plugin-stax/1.0-alpha-13/modello-plugin-stax-1.0-alpha-13.jar (31 kB at 52 kB/s)
Progress (1): 4.1/120 kBProgress (1): 8.2/120 kBProgress (1): 12/120 kB Progress (1): 16/120 kBProgress (1): 20/120 kBProgress (1): 24/120 kBProgress (1): 28/120 kBProgress (1): 32/120 kBProgress (1): 36/120 kBProgress (1): 40/120 kBProgress (1): 45/120 kBProgress (1): 49/120 kBProgress (1): 53/120 kBProgress (1): 57/120 kBProgress (1): 61/120 kBProgress (1): 65/120 kBProgress (1): 69/120 kBProgress (1): 73/120 kBProgress (1): 77/120 kBProgress (1): 81/120 kBProgress (1): 85/120 kBProgress (1): 90/120 kBProgress (1): 94/120 kBProgress (1): 98/120 kBProgress (1): 102/120 kBProgress (1): 106/120 kBProgress (1): 110/120 kBProgress (1): 114/120 kBProgress (1): 118/120 kBProgress (1): 120 kB                        Downloaded from central: https://repo.maven.apache.org/maven2/org/codehaus/modello/modello-core/1.0-alpha-13/modello-core-1.0-alpha-13.jar (120 kB at 171 kB/s)
[[1;34mINFO[m] outputDirectory: /home/user/Reproducibility-Scanner/benchmarks/bugs-dot-jar/maven/maven-repository-metadata/target/generated-sources/modello
[[1;34mINFO[m] Generating current version: 1.0.0
[[1;34mINFO[m] 
[[1;34mINFO[m] [1m--- [0;32mmodello-maven-plugin:1.0-alpha-13:xpp3-reader[m [1m(standard)[m @ [36mmaven-repository-metadata[0;1m ---[m
[[1;34mINFO[m] outputDirectory: /home/user/Reproducibility-Scanner/benchmarks/bugs-dot-jar/maven/maven-repository-metadata/target/generated-sources/modello
[[1;34mINFO[m] Generating current version: 1.0.0
[[1;34mINFO[m] 
[[1;34mINFO[m] [1m--- [0;32mmodello-maven-plugin:1.0-alpha-13:xpp3-writer[m [1m(standard)[m @ [36mmaven-repository-metadata[0;1m ---[m
[[1;34mINFO[m] outputDirectory: /home/user/Reproducibility-Scanner/benchmarks/bugs-dot-jar/maven/maven-repository-metadata/target/generated-sources/modello
[[1;34mINFO[m] Generating current version: 1.0.0
[[1;34mINFO[m] 
[[1;34mINFO[m] [1m--- [0;32mmaven-resources-plugin:2.6:resources[m [1m(default-resources)[m @ [36mmaven-repository-metadata[0;1m ---[m
[[1;33mWARNING[m] Using platform encoding (UTF-8 actually) to copy filtered resources, i.e. build is platform dependent!
[[1;34mINFO[m] skip non existing resourceDirectory /home/user/Reproducibility-Scanner/benchmarks/bugs-dot-jar/maven/maven-repository-metadata/src/main/resources
[[1;34mINFO[m] 
[[1;34mINFO[m] [1m--- [0;32mmaven-compiler-plugin:3.1:compile[m [1m(default-compile)[m @ [36mmaven-repository-metadata[0;1m ---[m
[[1;34mINFO[m] Changes detected - recompiling the module!
[[1;33mWARNING[m] File encoding has not been set, using platform encoding UTF-8, i.e. build is platform dependent!
[[1;34mINFO[m] Compiling 6 source files to /home/user/Reproducibility-Scanner/benchmarks/bugs-dot-jar/maven/maven-repository-metadata/target/classes
[[1;33mWARNING[m] /home/user/Reproducibility-Scanner/benchmarks/bugs-dot-jar/maven/maven-repository-metadata/target/generated-sources/modello/org/apache/maven/artifact/repository/metadata/io/xpp3/MetadataXpp3Reader.java: Some input files use unchecked or unsafe operations.
[[1;33mWARNING[m] /home/user/Reproducibility-Scanner/benchmarks/bugs-dot-jar/maven/maven-repository-metadata/target/generated-sources/modello/org/apache/maven/artifact/repository/metadata/io/xpp3/MetadataXpp3Reader.java: Recompile with -Xlint:unchecked for details.
[[1;34mINFO[m] 
[[1;34mINFO[m] [1m--- [0;32mmaven-resources-plugin:2.6:testResources[m [1m(default-testResources)[m @ [36mmaven-repository-metadata[0;1m ---[m
[[1;33mWARNING[m] Using platform encoding (UTF-8 actually) to copy filtered resources, i.e. build is platform dependent!
[[1;34mINFO[m] skip non existing resourceDirectory /home/user/Reproducibility-Scanner/benchmarks/bugs-dot-jar/maven/maven-repository-metadata/src/test/resources
[[1;34mINFO[m] 
[[1;34mINFO[m] [1m--- [0;32mmaven-compiler-plugin:3.1:testCompile[m [1m(default-testCompile)[m @ [36mmaven-repository-metadata[0;1m ---[m
[[1;34mINFO[m] No sources to compile
[[1;34mINFO[m] 
[[1;34mINFO[m] [1m--- [0;32mmaven-surefire-plugin:2.12.4:test[m [1m(default-test)[m @ [36mmaven-repository-metadata[0;1m ---[m
[[1;34mINFO[m] Tests are skipped.
[[1;34mINFO[m] 
[[1;34mINFO[m] [1m--- [0;32mmaven-jar-plugin:2.4:jar[m [1m(default-jar)[m @ [36mmaven-repository-metadata[0;1m ---[m
[[1;34mINFO[m] Building jar: /home/user/Reproducibility-Scanner/benchmarks/bugs-dot-jar/maven/maven-repository-metadata/target/maven-repository-metadata-2.1-SNAPSHOT.jar
[[1;34mINFO[m] 
[[1;34mINFO[m] [1m--- [0;32mmaven-install-plugin:2.4:install[m [1m(default-install)[m @ [36mmaven-repository-metadata[0;1m ---[m
[[1;34mINFO[m] Installing /home/user/Reproducibility-Scanner/benchmarks/bugs-dot-jar/maven/maven-repository-metadata/target/maven-repository-metadata-2.1-SNAPSHOT.jar to /home/user/.m2/repository/org/apache/maven/maven-repository-metadata/2.1-SNAPSHOT/maven-repository-metadata-2.1-SNAPSHOT.jar
[[1;34mINFO[m] Installing /home/user/Reproducibility-Scanner/benchmarks/bugs-dot-jar/maven/maven-repository-metadata/pom.xml to /home/user/.m2/repository/org/apache/maven/maven-repository-metadata/2.1-SNAPSHOT/maven-repository-metadata-2.1-SNAPSHOT.pom
[[1;34mINFO[m] 
[[1;34mINFO[m] [1m--------------< [0;36morg.apache.maven:maven-artifact-manager[0;1m >---------------[m
[[1;34mINFO[m] [1mBuilding Maven Artifact Manager 2.1-SNAPSHOT                      [4/24][m
[[1;34mINFO[m] [1m--------------------------------[ jar ]---------------------------------[m
[[1;34mINFO[m] 
[[1;34mINFO[m] [1m--- [0;32mmaven-resources-plugin:2.6:resources[m [1m(default-resources)[m @ [36mmaven-artifact-manager[0;1m ---[m
[[1;33mWARNING[m] Using platform encoding (UTF-8 actually) to copy filtered resources, i.e. build is platform dependent!
[[1;34mINFO[m] Copying 1 resource
[[1;34mINFO[m] 
[[1;34mINFO[m] [1m--- [0;32mmaven-compiler-plugin:3.1:compile[m [1m(default-compile)[m @ [36mmaven-artifact-manager[0;1m ---[m
[[1;34mINFO[m] Changes detected - recompiling the module!
[[1;33mWARNING[m] File encoding has not been set, using platform encoding UTF-8, i.e. build is platform dependent!
[[1;34mINFO[m] Compiling 23 source files to /home/user/Reproducibility-Scanner/benchmarks/bugs-dot-jar/maven/maven-artifact-manager/target/classes
[[1;33mWARNING[m] /home/user/Reproducibility-Scanner/benchmarks/bugs-dot-jar/maven/maven-artifact-manager/src/main/java/org/apache/maven/artifact/resolver/DebugResolutionListener.java: Some input files use or override a deprecated API.
[[1;33mWARNING[m] /home/user/Reproducibility-Scanner/benchmarks/bugs-dot-jar/maven/maven-artifact-manager/src/main/java/org/apache/maven/artifact/resolver/DebugResolutionListener.java: Recompile with -Xlint:deprecation for details.
[[1;33mWARNING[m] /home/user/Reproducibility-Scanner/benchmarks/bugs-dot-jar/maven/maven-artifact-manager/src/main/java/org/apache/maven/artifact/resolver/DebugResolutionListener.java: Some input files use unchecked or unsafe operations.
[[1;33mWARNING[m] /home/user/Reproducibility-Scanner/benchmarks/bugs-dot-jar/maven/maven-artifact-manager/src/main/java/org/apache/maven/artifact/resolver/DebugResolutionListener.java: Recompile with -Xlint:unchecked for details.
[[1;34mINFO[m] 
[[1;34mINFO[m] [1m--- [0;32mmaven-resources-plugin:2.6:testResources[m [1m(default-testResources)[m @ [36mmaven-artifact-manager[0;1m ---[m
[[1;33mWARNING[m] Using platform encoding (UTF-8 actually) to copy filtered resources, i.e. build is platform dependent!
[[1;34mINFO[m] Copying 6 resources
[[1;34mINFO[m] 
[[1;34mINFO[m] [1m--- [0;32mmaven-compiler-plugin:3.1:testCompile[m [1m(default-testCompile)[m @ [36mmaven-artifact-manager[0;1m ---[m
[[1;34mINFO[m] Changes detected - recompiling the module!
[[1;33mWARNING[m] File encoding has not been set, using platform encoding UTF-8, i.e. build is platform dependent!
[[1;34mINFO[m] Compiling 12 source files to /home/user/Reproducibility-Scanner/benchmarks/bugs-dot-jar/maven/maven-artifact-manager/target/test-classes
[[1;33mWARNING[m] /home/user/Reproducibility-Scanner/benchmarks/bugs-dot-jar/maven/maven-artifact-manager/src/test/java/org/apache/maven/artifact/manager/DefaultWagonManagerTest.java: /home/user/Reproducibility-Scanner/benchmarks/bugs-dot-jar/maven/maven-artifact-manager/src/test/java/org/apache/maven/artifact/manager/DefaultWagonManagerTest.java uses or overrides a deprecated API.
[[1;33mWARNING[m] /home/user/Reproducibility-Scanner/benchmarks/bugs-dot-jar/maven/maven-artifact-manager/src/test/java/org/apache/maven/artifact/manager/DefaultWagonManagerTest.java: Recompile with -Xlint:deprecation for details.
[[1;33mWARNING[m] /home/user/Reproducibility-Scanner/benchmarks/bugs-dot-jar/maven/maven-artifact-manager/src/test/java/org/apache/maven/artifact/testutils/MockManager.java: Some input files use unchecked or unsafe operations.
[[1;33mWARNING[m] /home/user/Reproducibility-Scanner/benchmarks/bugs-dot-jar/maven/maven-artifact-manager/src/test/java/org/apache/maven/artifact/testutils/MockManager.java: Recompile with -Xlint:unchecked for details.
[[1;34mINFO[m] 
[[1;34mINFO[m] [1m--- [0;32mmaven-surefire-plugin:2.12.4:test[m [1m(default-test)[m @ [36mmaven-artifact-manager[0;1m ---[m
[[1;34mINFO[m] Tests are skipped.
[[1;34mINFO[m] 
[[1;34mINFO[m] [1m--- [0;32mmaven-jar-plugin:2.4:jar[m [1m(default-jar)[m @ [36mmaven-artifact-manager[0;1m ---[m
[[1;34mINFO[m] Building jar: /home/user/Reproducibility-Scanner/benchmarks/bugs-dot-jar/maven/maven-artifact-manager/target/maven-artifact-manager-2.1-SNAPSHOT.jar
[[1;34mINFO[m] 
[[1;34mINFO[m] [1m--- [0;32mmaven-install-plugin:2.4:install[m [1m(default-install)[m @ [36mmaven-artifact-manager[0;1m ---[m
[[1;34mINFO[m] Installing /home/user/Reproducibility-Scanner/benchmarks/bugs-dot-jar/maven/maven-artifact-manager/target/maven-artifact-manager-2.1-SNAPSHOT.jar to /home/user/.m2/repository/org/apache/maven/maven-artifact-manager/2.1-SNAPSHOT/maven-artifact-manager-2.1-SNAPSHOT.jar
[[1;34mINFO[m] Installing /home/user/Reproducibility-Scanner/benchmarks/bugs-dot-jar/maven/maven-artifact-manager/pom.xml to /home/user/.m2/repository/org/apache/maven/maven-artifact-manager/2.1-SNAPSHOT/maven-artifact-manager-2.1-SNAPSHOT.pom
[[1;34mINFO[m] 
[[1;34mINFO[m] [1m--------------------< [0;36morg.apache.maven:maven-model[0;1m >--------------------[m
[[1;34mINFO[m] [1mBuilding Maven Model 2.1-SNAPSHOT                                 [5/24][m
[[1;34mINFO[m] [1m--------------------------------[ jar ]---------------------------------[m
[[1;34mINFO[m] 
[[1;34mINFO[m] [1m--- [0;32mmodello-maven-plugin:1.0-alpha-13:java[m [1m(standard)[m @ [36mmaven-model[0;1m ---[m
[[1;34mINFO[m] outputDirectory: /home/user/Reproducibility-Scanner/benchmarks/bugs-dot-jar/maven/maven-model/target/generated-sources/modello
[[1;34mINFO[m] Generating current version: 4.0.0
[[1;34mINFO[m] 
[[1;34mINFO[m] [1m--- [0;32mmodello-maven-plugin:1.0-alpha-13:xpp3-reader[m [1m(standard)[m @ [36mmaven-model[0;1m ---[m
[[1;34mINFO[m] outputDirectory: /home/user/Reproducibility-Scanner/benchmarks/bugs-dot-jar/maven/maven-model/target/generated-sources/modello
[[1;34mINFO[m] Generating current version: 4.0.0
[[1;34mINFO[m] 
[[1;34mINFO[m] [1m--- [0;32mmodello-maven-plugin:1.0-alpha-13:xpp3-writer[m [1m(standard)[m @ [36mmaven-model[0;1m ---[m
[[1;34mINFO[m] outputDirectory: /home/user/Reproducibility-Scanner/benchmarks/bugs-dot-jar/maven/maven-model/target/generated-sources/modello
[[1;34mINFO[m] Generating current version: 4.0.0
[[1;34mINFO[m] 
[[1;34mINFO[m] [1m--- [0;32mmodello-maven-plugin:1.0-alpha-13:jdom-writer[m [1m(jdom)[m @ [36mmaven-model[0;1m ---[m
[[1;34mINFO[m] outputDirectory: /home/user/Reproducibility-Scanner/benchmarks/bugs-dot-jar/maven/maven-model/target/generated-sources/modello
[[1;34mINFO[m] Generating current version: 4.0.0
[[1;34mINFO[m] 
[[1;34mINFO[m] [1m--- [0;32mmaven-resources-plugin:2.6:resources[m [1m(default-resources)[m @ [36mmaven-model[0;1m ---[m
[[1;33mWARNING[m] Using platform encoding (UTF-8 actually) to copy filtered resources, i.e. build is platform dependent!
[[1;34mINFO[m] skip non existing resourceDirectory /home/user/Reproducibility-Scanner/benchmarks/bugs-dot-jar/maven/maven-model/src/main/resources
[[1;34mINFO[m] 
[[1;34mINFO[m] [1m--- [0;32mmaven-compiler-plugin:3.1:compile[m [1m(default-compile)[m @ [36mmaven-model[0;1m ---[m
[[1;34mINFO[m] Changes detected - recompiling the module!
[[1;33mWARNING[m] File encoding has not been set, using platform encoding UTF-8, i.e. build is platform dependent!
[[1;34mINFO[m] Compiling 47 source files to /home/user/Reproducibility-Scanner/benchmarks/bugs-dot-jar/maven/maven-model/target/classes
[[1;33mWARNING[m] /home/user/Reproducibility-Scanner/benchmarks/bugs-dot-jar/maven/maven-model/target/generated-sources/modello/org/apache/maven/model/PluginContainer.java: Some input files use unchecked or unsafe operations.
[[1;33mWARNING[m] /home/user/Reproducibility-Scanner/benchmarks/bugs-dot-jar/maven/maven-model/target/generated-sources/modello/org/apache/maven/model/PluginContainer.java: Recompile with -Xlint:unchecked for details.
[[1;34mINFO[m] 
[[1;34mINFO[m] [1m--- [0;32mmaven-resources-plugin:2.6:testResources[m [1m(default-testResources)[m @ [36mmaven-model[0;1m ---[m
[[1;33mWARNING[m] Using platform encoding (UTF-8 actually) to copy filtered resources, i.e. build is platform dependent!
[[1;34mINFO[m] skip non existing resourceDirectory /home/user/Reproducibility-Scanner/benchmarks/bugs-dot-jar/maven/maven-model/src/test/resources
[[1;34mINFO[m] 
[[1;34mINFO[m] [1m--- [0;32mmaven-compiler-plugin:3.1:testCompile[m [1m(default-testCompile)[m @ [36mmaven-model[0;1m ---[m
[[1;34mINFO[m] No sources to compile
[[1;34mINFO[m] 
[[1;34mINFO[m] [1m--- [0;32mmaven-surefire-plugin:2.12.4:test[m [1m(default-test)[m @ [36mmaven-model[0;1m ---[m
[[1;34mINFO[m] Tests are skipped.
[[1;34mINFO[m] 
[[1;34mINFO[m] [1m--- [0;32mmaven-jar-plugin:2.4:jar[m [1m(default-jar)[m @ [36mmaven-model[0;1m ---[m
[[1;34mINFO[m] Building jar: /home/user/Reproducibility-Scanner/benchmarks/bugs-dot-jar/maven/maven-model/target/maven-model-2.1-SNAPSHOT.jar
[[1;34mINFO[m] 
[[1;34mINFO[m] [1m--- [0;32mmaven-install-plugin:2.4:install[m [1m(default-install)[m @ [36mmaven-model[0;1m ---[m
[[1;34mINFO[m] Installing /home/user/Reproducibility-Scanner/benchmarks/bugs-dot-jar/maven/maven-model/target/maven-model-2.1-SNAPSHOT.jar to /home/user/.m2/repository/org/apache/maven/maven-model/2.1-SNAPSHOT/maven-model-2.1-SNAPSHOT.jar
[[1;34mINFO[m] Installing /home/user/Reproducibility-Scanner/benchmarks/bugs-dot-jar/maven/maven-model/pom.xml to /home/user/.m2/repository/org/apache/maven/maven-model/2.1-SNAPSHOT/maven-model-2.1-SNAPSHOT.pom
[[1;34mINFO[m] 
[[1;34mINFO[m] [1m------------------< [0;36morg.apache.maven:maven-settings[0;1m >-------------------[m
[[1;34mINFO[m] [1mBuilding Maven Local Settings Model 2.1-SNAPSHOT                  [6/24][m
[[1;34mINFO[m] [1m--------------------------------[ jar ]---------------------------------[m
[[1;34mINFO[m] 
[[1;34mINFO[m] [1m--- [0;32mmodello-maven-plugin:1.0-alpha-13:java[m [1m(standard)[m @ [36mmaven-settings[0;1m ---[m
[[1;34mINFO[m] outputDirectory: /home/user/Reproducibility-Scanner/benchmarks/bugs-dot-jar/maven/maven-settings/target/generated-sources/modello
[[1;34mINFO[m] Generating current version: 1.0.0
[[1;34mINFO[m] 
[[1;34mINFO[m] [1m--- [0;32mmodello-maven-plugin:1.0-alpha-13:xpp3-reader[m [1m(standard)[m @ [36mmaven-settings[0;1m ---[m
[[1;34mINFO[m] outputDirectory: /home/user/Reproducibility-Scanner/benchmarks/bugs-dot-jar/maven/maven-settings/target/generated-sources/modello
[[1;34mINFO[m] Generating current version: 1.0.0
[[1;34mINFO[m] 
[[1;34mINFO[m] [1m--- [0;32mmodello-maven-plugin:1.0-alpha-13:xpp3-writer[m [1m(standard)[m @ [36mmaven-settings[0;1m ---[m
[[1;34mINFO[m] outputDirectory: /home/user/Reproducibility-Scanner/benchmarks/bugs-dot-jar/maven/maven-settings/target/generated-sources/modello
[[1;34mINFO[m] Generating current version: 1.0.0
[[1;34mINFO[m] 
[[1;34mINFO[m] [1m--- [0;32mmodello-maven-plugin:1.0-alpha-13:jdom-writer[m [1m(jdom)[m @ [36mmaven-settings[0;1m ---[m
[[1;34mINFO[m] outputDirectory: /home/user/Reproducibility-Scanner/benchmarks/bugs-dot-jar/maven/maven-settings/target/generated-sources/modello
[[1;34mINFO[m] Generating current version: 1.0.0
[[1;34mINFO[m] 
[[1;34mINFO[m] [1m--- [0;32mmaven-resources-plugin:2.6:resources[m [1m(default-resources)[m @ [36mmaven-settings[0;1m ---[m
[[1;33mWARNING[m] Using platform encoding (UTF-8 actually) to copy filtered resources, i.e. build is platform dependent!
[[1;34mINFO[m] Copying 1 resource
[[1;34mINFO[m] 
[[1;34mINFO[m] [1m--- [0;32mmaven-compiler-plugin:3.1:compile[m [1m(default-compile)[m @ [36mmaven-settings[0;1m ---[m
[[1;34mINFO[m] Changes detected - recompiling the module!
[[1;33mWARNING[m] File encoding has not been set, using platform encoding UTF-8, i.e. build is platform dependent!
[[1;34mINFO[m] Compiling 25 source files to /home/user/Reproducibility-Scanner/benchmarks/bugs-dot-jar/maven/maven-settings/target/classes
[[1;33mWARNING[m] /home/user/Reproducibility-Scanner/benchmarks/bugs-dot-jar/maven/maven-settings/target/generated-sources/modello/org/apache/maven/settings/Settings.java: Some input files use unchecked or unsafe operations.
[[1;33mWARNING[m] /home/user/Reproducibility-Scanner/benchmarks/bugs-dot-jar/maven/maven-settings/target/generated-sources/modello/org/apache/maven/settings/Settings.java: Recompile with -Xlint:unchecked for details.
[[1;34mINFO[m] 
[[1;34mINFO[m] [1m--- [0;32mmaven-resources-plugin:2.6:testResources[m [1m(default-testResources)[m @ [36mmaven-settings[0;1m ---[m
[[1;33mWARNING[m] Using platform encoding (UTF-8 actually) to copy filtered resources, i.e. build is platform dependent!
[[1;34mINFO[m] skip non existing resourceDirectory /home/user/Reproducibility-Scanner/benchmarks/bugs-dot-jar/maven/maven-settings/src/test/resources
[[1;34mINFO[m] 
[[1;34mINFO[m] [1m--- [0;32mmaven-compiler-plugin:3.1:testCompile[m [1m(default-testCompile)[m @ [36mmaven-settings[0;1m ---[m
[[1;34mINFO[m] Changes detected - recompiling the module!
[[1;33mWARNING[m] File encoding has not been set, using platform encoding UTF-8, i.e. build is platform dependent!
[[1;34mINFO[m] Compiling 2 source files to /home/user/Reproducibility-Scanner/benchmarks/bugs-dot-jar/maven/maven-settings/target/test-classes
[[1;34mINFO[m] 
[[1;34mINFO[m] [1m--- [0;32mmaven-surefire-plugin:2.12.4:test[m [1m(default-test)[m @ [36mmaven-settings[0;1m ---[m
[[1;34mINFO[m] Tests are skipped.
[[1;34mINFO[m] 
[[1;34mINFO[m] [1m--- [0;32mmaven-jar-plugin:2.4:jar[m [1m(default-jar)[m @ [36mmaven-settings[0;1m ---[m
[[1;34mINFO[m] Building jar: /home/user/Reproducibility-Scanner/benchmarks/bugs-dot-jar/maven/maven-settings/target/maven-settings-2.1-SNAPSHOT.jar
[[1;34mINFO[m] 
[[1;34mINFO[m] [1m--- [0;32mmaven-install-plugin:2.4:install[m [1m(default-install)[m @ [36mmaven-settings[0;1m ---[m
[[1;34mINFO[m] Installing /home/user/Reproducibility-Scanner/benchmarks/bugs-dot-jar/maven/maven-settings/target/maven-settings-2.1-SNAPSHOT.jar to /home/user/.m2/repository/org/apache/maven/maven-settings/2.1-SNAPSHOT/maven-settings-2.1-SNAPSHOT.jar
[[1;34mINFO[m] Installing /home/user/Reproducibility-Scanner/benchmarks/bugs-dot-jar/maven/maven-settings/pom.xml to /home/user/.m2/repository/org/apache/maven/maven-settings/2.1-SNAPSHOT/maven-settings-2.1-SNAPSHOT.pom
[[1;34mINFO[m] 
[[1;34mINFO[m] [1m----------------< [0;36morg.apache.maven:maven-artifact-test[0;1m >----------------[m
[[1;34mINFO[m] [1mBuilding Maven Artifact Test Helper Library 2.1-SNAPSHOT          [7/24][m
[[1;34mINFO[m] [1m--------------------------------[ jar ]---------------------------------[m
[[1;34mINFO[m] 
[[1;34mINFO[m] [1m--- [0;32mmaven-resources-plugin:2.6:resources[m [1m(default-resources)[m @ [36mmaven-artifact-test[0;1m ---[m
[[1;33mWARNING[m] Using platform encoding (UTF-8 actually) to copy filtered resources, i.e. build is platform dependent!
[[1;34mINFO[m] skip non existing resourceDirectory /home/user/Reproducibility-Scanner/benchmarks/bugs-dot-jar/maven/maven-artifact-test/src/main/resources
[[1;34mINFO[m] 
[[1;34mINFO[m] [1m--- [0;32mmaven-compiler-plugin:3.1:compile[m [1m(default-compile)[m @ [36mmaven-artifact-test[0;1m ---[m
[[1;34mINFO[m] Changes detected - recompiling the module!
[[1;33mWARNING[m] File encoding has not been set, using platform encoding UTF-8, i.e. build is platform dependent!
[[1;34mINFO[m] Compiling 1 source file to /home/user/Reproducibility-Scanner/benchmarks/bugs-dot-jar/maven/maven-artifact-test/target/classes
[[1;34mINFO[m] 
[[1;34mINFO[m] [1m--- [0;32mmaven-resources-plugin:2.6:testResources[m [1m(default-testResources)[m @ [36mmaven-artifact-test[0;1m ---[m
[[1;33mWARNING[m] Using platform encoding (UTF-8 actually) to copy filtered resources, i.e. build is platform dependent!
[[1;34mINFO[m] skip non existing resourceDirectory /home/user/Reproducibility-Scanner/benchmarks/bugs-dot-jar/maven/maven-artifact-test/src/test/resources
[[1;34mINFO[m] 
[[1;34mINFO[m] [1m--- [0;32mmaven-compiler-plugin:3.1:testCompile[m [1m(default-testCompile)[m @ [36mmaven-artifact-test[0;1m ---[m
[[1;34mINFO[m] No sources to compile
[[1;34mINFO[m] 
[[1;34mINFO[m] [1m--- [0;32mmaven-surefire-plugin:2.12.4:test[m [1m(default-test)[m @ [36mmaven-artifact-test[0;1m ---[m
[[1;34mINFO[m] Tests are skipped.
[[1;34mINFO[m] 
[[1;34mINFO[m] [1m--- [0;32mmaven-jar-plugin:2.4:jar[m [1m(default-jar)[m @ [36mmaven-artifact-test[0;1m ---[m
[[1;34mINFO[m] Building jar: /home/user/Reproducibility-Scanner/benchmarks/bugs-dot-jar/maven/maven-artifact-test/target/maven-artifact-test-2.1-SNAPSHOT.jar
[[1;34mINFO[m] 
[[1;34mINFO[m] [1m--- [0;32mmaven-install-plugin:2.4:install[m [1m(default-install)[m @ [36mmaven-artifact-test[0;1m ---[m
[[1;34mINFO[m] Installing /home/user/Reproducibility-Scanner/benchmarks/bugs-dot-jar/maven/maven-artifact-test/target/maven-artifact-test-2.1-SNAPSHOT.jar to /home/user/.m2/repository/org/apache/maven/maven-artifact-test/2.1-SNAPSHOT/maven-artifact-test-2.1-SNAPSHOT.jar
[[1;34mINFO[m] Installing /home/user/Reproducibility-Scanner/benchmarks/bugs-dot-jar/maven/maven-artifact-test/pom.xml to /home/user/.m2/repository/org/apache/maven/maven-artifact-test/2.1-SNAPSHOT/maven-artifact-test-2.1-SNAPSHOT.pom
[[1;34mINFO[m] 
[[1;34mINFO[m] [1m----------------< [0;36morg.apache.maven:maven-build-context[0;1m >----------------[m
[[1;34mINFO[m] [1mBuilding Maven Build Context 2.1-SNAPSHOT                         [8/24][m
[[1;34mINFO[m] [1m--------------------------------[ jar ]---------------------------------[m
[[1;34mINFO[m] 
[[1;34mINFO[m] [1m--- [0;32mmaven-resources-plugin:2.6:resources[m [1m(default-resources)[m @ [36mmaven-build-context[0;1m ---[m
[[1;33mWARNING[m] Using platform encoding (UTF-8 actually) to copy filtered resources, i.e. build is platform dependent!
[[1;34mINFO[m] Copying 1 resource
[[1;34mINFO[m] 
[[1;34mINFO[m] [1m--- [0;32mmaven-compiler-plugin:3.1:compile[m [1m(default-compile)[m @ [36mmaven-build-context[0;1m ---[m
[[1;34mINFO[m] Changes detected - recompiling the module!
[[1;33mWARNING[m] File encoding has not been set, using platform encoding UTF-8, i.e. build is platform dependent!
[[1;34mINFO[m] Compiling 7 source files to /home/user/Reproducibility-Scanner/benchmarks/bugs-dot-jar/maven/maven-build-context/target/classes
[[1;33mWARNING[m] /home/user/Reproducibility-Scanner/benchmarks/bugs-dot-jar/maven/maven-build-context/src/main/java/org/apache/maven/context/ScopedBuildContext.java: Some input files use unchecked or unsafe operations.
[[1;33mWARNING[m] /home/user/Reproducibility-Scanner/benchmarks/bugs-dot-jar/maven/maven-build-context/src/main/java/org/apache/maven/context/ScopedBuildContext.java: Recompile with -Xlint:unchecked for details.
[[1;34mINFO[m] 
[[1;34mINFO[m] [1m--- [0;32mmaven-resources-plugin:2.6:testResources[m [1m(default-testResources)[m @ [36mmaven-build-context[0;1m ---[m
[[1;33mWARNING[m] Using platform encoding (UTF-8 actually) to copy filtered resources, i.e. build is platform dependent!
[[1;34mINFO[m] skip non existing resourceDirectory /home/user/Reproducibility-Scanner/benchmarks/bugs-dot-jar/maven/maven-build-context/src/test/resources
[[1;34mINFO[m] 
[[1;34mINFO[m] [1m--- [0;32mmaven-compiler-plugin:3.1:testCompile[m [1m(default-testCompile)[m @ [36mmaven-build-context[0;1m ---[m
[[1;34mINFO[m] Changes detected - recompiling the module!
[[1;33mWARNING[m] File encoding has not been set, using platform encoding UTF-8, i.e. build is platform dependent!
[[1;34mINFO[m] Compiling 4 source files to /home/user/Reproducibility-Scanner/benchmarks/bugs-dot-jar/maven/maven-build-context/target/test-classes
[[1;33mWARNING[m] /home/user/Reproducibility-Scanner/benchmarks/bugs-dot-jar/maven/maven-build-context/src/test/java/org/apache/maven/context/AbstractBuildContextTest.java: /home/user/Reproducibility-Scanner/benchmarks/bugs-dot-jar/maven/maven-build-context/src/test/java/org/apache/maven/context/AbstractBuildContextTest.java uses unchecked or unsafe operations.
[[1;33mWARNING[m] /home/user/Reproducibility-Scanner/benchmarks/bugs-dot-jar/maven/maven-build-context/src/test/java/org/apache/maven/context/AbstractBuildContextTest.java: Recompile with -Xlint:unchecked for details.
[[1;34mINFO[m] 
[[1;34mINFO[m] [1m--- [0;32mmaven-surefire-plugin:2.12.4:test[m [1m(default-test)[m @ [36mmaven-build-context[0;1m ---[m
[[1;34mINFO[m] Tests are skipped.
[[1;34mINFO[m] 
[[1;34mINFO[m] [1m--- [0;32mmaven-jar-plugin:2.4:jar[m [1m(default-jar)[m @ [36mmaven-build-context[0;1m ---[m
[[1;34mINFO[m] Building jar: /home/user/Reproducibility-Scanner/benchmarks/bugs-dot-jar/maven/maven-build-context/target/maven-build-context-2.1-SNAPSHOT.jar
[[1;34mINFO[m] 
[[1;34mINFO[m] [1m--- [0;32mmaven-install-plugin:2.4:install[m [1m(default-install)[m @ [36mmaven-build-context[0;1m ---[m
[[1;34mINFO[m] Installing /home/user/Reproducibility-Scanner/benchmarks/bugs-dot-jar/maven/maven-build-context/target/maven-build-context-2.1-SNAPSHOT.jar to /home/user/.m2/repository/org/apache/maven/maven-build-context/2.1-SNAPSHOT/maven-build-context-2.1-SNAPSHOT.jar
[[1;34mINFO[m] Installing /home/user/Reproducibility-Scanner/benchmarks/bugs-dot-jar/maven/maven-build-context/pom.xml to /home/user/.m2/repository/org/apache/maven/maven-build-context/2.1-SNAPSHOT/maven-build-context-2.1-SNAPSHOT.pom
[[1;34mINFO[m] 
[[1;34mINFO[m] [1m------------------< [0;36morg.apache.maven:maven-lifecycle[0;1m >------------------[m
[[1;34mINFO[m] [1mBuilding Maven Lifecycle Model 2.1-SNAPSHOT                       [9/24][m
[[1;34mINFO[m] [1m--------------------------------[ jar ]---------------------------------[m
[[1;34mINFO[m] 
[[1;34mINFO[m] [1m--- [0;32mmodello-maven-plugin:1.0-alpha-13:java[m [1m(standard)[m @ [36mmaven-lifecycle[0;1m ---[m
[[1;34mINFO[m] outputDirectory: /home/user/Reproducibility-Scanner/benchmarks/bugs-dot-jar/maven/maven-lifecycle/target/generated-sources/modello
[[1;34mINFO[m] Generating current version: 1.0.0
[[1;34mINFO[m] 
[[1;34mINFO[m] [1m--- [0;32mmodello-maven-plugin:1.0-alpha-13:xpp3-reader[m [1m(standard)[m @ [36mmaven-lifecycle[0;1m ---[m
[[1;34mINFO[m] outputDirectory: /home/user/Reproducibility-Scanner/benchmarks/bugs-dot-jar/maven/maven-lifecycle/target/generated-sources/modello
[[1;34mINFO[m] Generating current version: 1.0.0
[[1;34mINFO[m] 
[[1;34mINFO[m] [1m--- [0;32mmodello-maven-plugin:1.0-alpha-13:xpp3-writer[m [1m(standard)[m @ [36mmaven-lifecycle[0;1m ---[m
[[1;34mINFO[m] outputDirectory: /home/user/Reproducibility-Scanner/benchmarks/bugs-dot-jar/maven/maven-lifecycle/target/generated-sources/modello
[[1;34mINFO[m] Generating current version: 1.0.0
[[1;34mINFO[m] 
[[1;34mINFO[m] [1m--- [0;32mmaven-resources-plugin:2.6:resources[m [1m(default-resources)[m @ [36mmaven-lifecycle[0;1m ---[m
[[1;33mWARNING[m] Using platform encoding (UTF-8 actually) to copy filtered resources, i.e. build is platform dependent!
[[1;34mINFO[m] skip non existing resourceDirectory /home/user/Reproducibility-Scanner/benchmarks/bugs-dot-jar/maven/maven-lifecycle/src/main/resources
[[1;34mINFO[m] 
[[1;34mINFO[m] [1m--- [0;32mmaven-compiler-plugin:3.1:compile[m [1m(default-compile)[m @ [36mmaven-lifecycle[0;1m ---[m
[[1;34mINFO[m] Changes detected - recompiling the module!
[[1;33mWARNING[m] File encoding has not been set, using platform encoding UTF-8, i.e. build is platform dependent!
[[1;34mINFO[m] Compiling 19 source files to /home/user/Reproducibility-Scanner/benchmarks/bugs-dot-jar/maven/maven-lifecycle/target/classes
[[1;33mWARNING[m] /home/user/Reproducibility-Scanner/benchmarks/bugs-dot-jar/maven/maven-lifecycle/target/generated-sources/modello/org/apache/maven/lifecycle/model/io/xpp3/LifecycleBindingsXpp3Reader.java: Some input files use unchecked or unsafe operations.
[[1;33mWARNING[m] /home/user/Reproducibility-Scanner/benchmarks/bugs-dot-jar/maven/maven-lifecycle/target/generated-sources/modello/org/apache/maven/lifecycle/model/io/xpp3/LifecycleBindingsXpp3Reader.java: Recompile with -Xlint:unchecked for details.
[[1;34mINFO[m] 
[[1;34mINFO[m] [1m--- [0;32mmaven-resources-plugin:2.6:testResources[m [1m(default-testResources)[m @ [36mmaven-lifecycle[0;1m ---[m
[[1;33mWARNING[m] Using platform encoding (UTF-8 actually) to copy filtered resources, i.e. build is platform dependent!
[[1;34mINFO[m] Copying 2 resources
[[1;34mINFO[m] 
[[1;34mINFO[m] [1m--- [0;32mmaven-compiler-plugin:3.1:testCompile[m [1m(default-testCompile)[m @ [36mmaven-lifecycle[0;1m ---[m
[[1;34mINFO[m] Changes detected - recompiling the module!
[[1;33mWARNING[m] File encoding has not been set, using platform encoding UTF-8, i.e. build is platform dependent!
[[1;34mINFO[m] Compiling 2 source files to /home/user/Reproducibility-Scanner/benchmarks/bugs-dot-jar/maven/maven-lifecycle/target/test-classes
[[1;33mWARNING[m] /home/user/Reproducibility-Scanner/benchmarks/bugs-dot-jar/maven/maven-lifecycle/src/test/java/org/apache/maven/lifecycle/LifecycleUtilsTest.java: /home/user/Reproducibility-Scanner/benchmarks/bugs-dot-jar/maven/maven-lifecycle/src/test/java/org/apache/maven/lifecycle/LifecycleUtilsTest.java uses unchecked or unsafe operations.
[[1;33mWARNING[m] /home/user/Reproducibility-Scanner/benchmarks/bugs-dot-jar/maven/maven-lifecycle/src/test/java/org/apache/maven/lifecycle/LifecycleUtilsTest.java: Recompile with -Xlint:unchecked for details.
[[1;34mINFO[m] 
[[1;34mINFO[m] [1m--- [0;32mmaven-surefire-plugin:2.12.4:test[m [1m(default-test)[m @ [36mmaven-lifecycle[0;1m ---[m
[[1;34mINFO[m] Tests are skipped.
[[1;34mINFO[m] 
[[1;34mINFO[m] [1m--- [0;32mmaven-jar-plugin:2.4:jar[m [1m(default-jar)[m @ [36mmaven-lifecycle[0;1m ---[m
[[1;34mINFO[m] Building jar: /home/user/Reproducibility-Scanner/benchmarks/bugs-dot-jar/maven/maven-lifecycle/target/maven-lifecycle-2.1-SNAPSHOT.jar
[[1;34mINFO[m] 
[[1;34mINFO[m] [1m--- [0;32mmaven-install-plugin:2.4:install[m [1m(default-install)[m @ [36mmaven-lifecycle[0;1m ---[m
[[1;34mINFO[m] Installing /home/user/Reproducibility-Scanner/benchmarks/bugs-dot-jar/maven/maven-lifecycle/target/maven-lifecycle-2.1-SNAPSHOT.jar to /home/user/.m2/repository/org/apache/maven/maven-lifecycle/2.1-SNAPSHOT/maven-lifecycle-2.1-SNAPSHOT.jar
[[1;34mINFO[m] Installing /home/user/Reproducibility-Scanner/benchmarks/bugs-dot-jar/maven/maven-lifecycle/pom.xml to /home/user/.m2/repository/org/apache/maven/maven-lifecycle/2.1-SNAPSHOT/maven-lifecycle-2.1-SNAPSHOT.pom
[[1;34mINFO[m] 
[[1;34mINFO[m] [1m---------< [0;36morg.apache.maven:maven-plugin-parameter-documenter[0;1m >---------[m
[[1;34mINFO[m] [1mBuilding Maven Plugin Parameter Documenter API 2.1-SNAPSHOT      [10/24][m
[[1;34mINFO[m] [1m--------------------------------[ jar ]---------------------------------[m
[[1;34mINFO[m] 
[[1;34mINFO[m] [1m--- [0;32mmodello-maven-plugin:1.0-alpha-13:java[m [1m(standard)[m @ [36mmaven-plugin-parameter-documenter[0;1m ---[m
[[1;34mINFO[m] outputDirectory: /home/user/Reproducibility-Scanner/benchmarks/bugs-dot-jar/maven/maven-plugin-parameter-documenter/target/generated-sources/modello
[[1;34mINFO[m] Generating current version: 1.0.0
[[1;34mINFO[m] 
[[1;34mINFO[m] [1m--- [0;32mmodello-maven-plugin:1.0-alpha-13:xpp3-reader[m [1m(standard)[m @ [36mmaven-plugin-parameter-documenter[0;1m ---[m
[[1;34mINFO[m] outputDirectory: /home/user/Reproducibility-Scanner/benchmarks/bugs-dot-jar/maven/maven-plugin-parameter-documenter/target/generated-sources/modello
[[1;34mINFO[m] Generating current version: 1.0.0
[[1;34mINFO[m] 
[[1;34mINFO[m] [1m--- [0;32mmodello-maven-plugin:1.0-alpha-13:xpp3-writer[m [1m(standard)[m @ [36mmaven-plugin-parameter-documenter[0;1m ---[m
[[1;34mINFO[m] outputDirectory: /home/user/Reproducibility-Scanner/benchmarks/bugs-dot-jar/maven/maven-plugin-parameter-documenter/target/generated-sources/modello
[[1;34mINFO[m] Generating current version: 1.0.0
[[1;34mINFO[m] 
[[1;34mINFO[m] [1m--- [0;32mmaven-resources-plugin:2.6:resources[m [1m(default-resources)[m @ [36mmaven-plugin-parameter-documenter[0;1m ---[m
[[1;33mWARNING[m] Using platform encoding (UTF-8 actually) to copy filtered resources, i.e. build is platform dependent!
[[1;34mINFO[m] skip non existing resourceDirectory /home/user/Reproducibility-Scanner/benchmarks/bugs-dot-jar/maven/maven-plugin-parameter-documenter/src/main/resources
[[1;34mINFO[m] 
[[1;34mINFO[m] [1m--- [0;32mmaven-compiler-plugin:3.1:compile[m [1m(default-compile)[m @ [36mmaven-plugin-parameter-documenter[0;1m ---[m
[[1;34mINFO[m] Changes detected - recompiling the module!
[[1;33mWARNING[m] File encoding has not been set, using platform encoding UTF-8, i.e. build is platform dependent!
[[1;34mINFO[m] Compiling 4 source files to /home/user/Reproducibility-Scanner/benchmarks/bugs-dot-jar/maven/maven-plugin-parameter-documenter/target/classes
[[1;33mWARNING[m] /home/user/Reproducibility-Scanner/benchmarks/bugs-dot-jar/maven/maven-plugin-parameter-documenter/target/generated-sources/modello/org/apache/maven/usability/plugin/io/xpp3/ParamdocXpp3Reader.java: Some input files use unchecked or unsafe operations.
[[1;33mWARNING[m] /home/user/Reproducibility-Scanner/benchmarks/bugs-dot-jar/maven/maven-plugin-parameter-documenter/target/generated-sources/modello/org/apache/maven/usability/plugin/io/xpp3/ParamdocXpp3Reader.java: Recompile with -Xlint:unchecked for details.
[[1;34mINFO[m] 
[[1;34mINFO[m] [1m--- [0;32mmaven-resources-plugin:2.6:testResources[m [1m(default-testResources)[m @ [36mmaven-plugin-parameter-documenter[0;1m ---[m
[[1;33mWARNING[m] Using platform encoding (UTF-8 actually) to copy filtered resources, i.e. build is platform dependent!
[[1;34mINFO[m] Copying 1 resource
[[1;34mINFO[m] 
[[1;34mINFO[m] [1m--- [0;32mmaven-compiler-plugin:3.1:testCompile[m [1m(default-testCompile)[m @ [36mmaven-plugin-parameter-documenter[0;1m ---[m
[[1;34mINFO[m] Changes detected - recompiling the module!
[[1;33mWARNING[m] File encoding has not been set, using platform encoding UTF-8, i.e. build is platform dependent!
[[1;34mINFO[m] Compiling 1 source file to /home/user/Reproducibility-Scanner/benchmarks/bugs-dot-jar/maven/maven-plugin-parameter-documenter/target/test-classes
[[1;34mINFO[m] 
[[1;34mINFO[m] [1m--- [0;32mmaven-surefire-plugin:2.12.4:test[m [1m(default-test)[m @ [36mmaven-plugin-parameter-documenter[0;1m ---[m
[[1;34mINFO[m] Tests are skipped.
[[1;34mINFO[m] 
[[1;34mINFO[m] [1m--- [0;32mmaven-jar-plugin:2.4:jar[m [1m(default-jar)[m @ [36mmaven-plugin-parameter-documenter[0;1m ---[m
[[1;34mINFO[m] Building jar: /home/user/Reproducibility-Scanner/benchmarks/bugs-dot-jar/maven/maven-plugin-parameter-documenter/target/maven-plugin-parameter-documenter-2.1-SNAPSHOT.jar
[[1;34mINFO[m] 
[[1;34mINFO[m] [1m--- [0;32mmaven-install-plugin:2.4:install[m [1m(default-install)[m @ [36mmaven-plugin-parameter-documenter[0;1m ---[m
[[1;34mINFO[m] Installing /home/user/Reproducibility-Scanner/benchmarks/bugs-dot-jar/maven/maven-plugin-parameter-documenter/target/maven-plugin-parameter-documenter-2.1-SNAPSHOT.jar to /home/user/.m2/repository/org/apache/maven/maven-plugin-parameter-documenter/2.1-SNAPSHOT/maven-plugin-parameter-documenter-2.1-SNAPSHOT.jar
[[1;34mINFO[m] Installing /home/user/Reproducibility-Scanner/benchmarks/bugs-dot-jar/maven/maven-plugin-parameter-documenter/pom.xml to /home/user/.m2/repository/org/apache/maven/maven-plugin-parameter-documenter/2.1-SNAPSHOT/maven-plugin-parameter-documenter-2.1-SNAPSHOT.pom
[[1;34mINFO[m] 
[[1;34mINFO[m] [1m-------------< [0;36morg.apache.maven.reporting:maven-reporting[0;1m >-------------[m
[[1;34mINFO[m] [1mBuilding Maven Reporting 2.1-SNAPSHOT                            [11/24][m
[[1;34mINFO[m] [1m--------------------------------[ pom ]---------------------------------[m
[[1;34mINFO[m] 
[[1;34mINFO[m] [1m--- [0;32mmaven-install-plugin:2.4:install[m [1m(default-install)[m @ [36mmaven-reporting[0;1m ---[m
[[1;34mINFO[m] Installing /home/user/Reproducibility-Scanner/benchmarks/bugs-dot-jar/maven/maven-reporting/pom.xml to /home/user/.m2/repository/org/apache/maven/reporting/maven-reporting/2.1-SNAPSHOT/maven-reporting-2.1-SNAPSHOT.pom
[[1;34mINFO[m] 
[[1;34mINFO[m] [1m-----------< [0;36morg.apache.maven.reporting:maven-reporting-api[0;1m >-----------[m
[[1;34mINFO[m] [1mBuilding Maven Reporting API 2.1-SNAPSHOT                        [12/24][m
[[1;34mINFO[m] [1m--------------------------------[ jar ]---------------------------------[m
Downloading from apache.snapshots: http://people.apache.org/repo/m2-snapshot-repository/org/apache/maven/doxia/doxia-sink-api/1.0-alpha-9-SNAPSHOT/maven-metadata.xml
Downloading from apache.snapshots: http://people.apache.org/repo/m2-snapshot-repository/org/apache/maven/doxia/doxia-sink-api/1.0-alpha-9-SNAPSHOT/doxia-sink-api-1.0-alpha-9-SNAPSHOT.pom
[[1;33mWARNING[m] The POM for org.apache.maven.doxia:doxia-sink-api:jar:1.0-alpha-9-SNAPSHOT is missing, no dependency information available
Downloading from apache.snapshots: http://people.apache.org/repo/m2-snapshot-repository/org/apache/maven/doxia/doxia-sink-api/1.0-alpha-9-SNAPSHOT/doxia-sink-api-1.0-alpha-9-SNAPSHOT.jar
[[1;34mINFO[m] 
[[1;34mINFO[m] [1m-------------------< [0;36morg.apache.maven:maven-profile[0;1m >-------------------[m
[[1;34mINFO[m] [1mBuilding Maven Profile Model 2.1-SNAPSHOT                        [13/24][m
[[1;34mINFO[m] [1m--------------------------------[ jar ]---------------------------------[m
[[1;34mINFO[m] 
[[1;34mINFO[m] [1m--- [0;32mmodello-maven-plugin:1.0-alpha-13:java[m [1m(standard)[m @ [36mmaven-profile[0;1m ---[m
[[1;34mINFO[m] outputDirectory: /home/user/Reproducibility-Scanner/benchmarks/bugs-dot-jar/maven/maven-profile/target/generated-sources/modello
[[1;34mINFO[m] Generating current version: 1.0.0
[[1;34mINFO[m] 
[[1;34mINFO[m] [1m--- [0;32mmodello-maven-plugin:1.0-alpha-13:xpp3-reader[m [1m(standard)[m @ [36mmaven-profile[0;1m ---[m
[[1;34mINFO[m] outputDirectory: /home/user/Reproducibility-Scanner/benchmarks/bugs-dot-jar/maven/maven-profile/target/generated-sources/modello
[[1;34mINFO[m] Generating current version: 1.0.0
[[1;34mINFO[m] 
[[1;34mINFO[m] [1m--- [0;32mmodello-maven-plugin:1.0-alpha-13:xpp3-writer[m [1m(standard)[m @ [36mmaven-profile[0;1m ---[m
[[1;34mINFO[m] outputDirectory: /home/user/Reproducibility-Scanner/benchmarks/bugs-dot-jar/maven/maven-profile/target/generated-sources/modello
[[1;34mINFO[m] Generating current version: 1.0.0
[[1;34mINFO[m] 
[[1;34mINFO[m] [1m--- [0;32mmodello-maven-plugin:1.0-alpha-13:jdom-writer[m [1m(jdom)[m @ [36mmaven-profile[0;1m ---[m
[[1;34mINFO[m] outputDirectory: /home/user/Reproducibility-Scanner/benchmarks/bugs-dot-jar/maven/maven-profile/target/generated-sources/modello
[[1;34mINFO[m] Generating current version: 1.0.0
[[1;34mINFO[m] 
[[1;34mINFO[m] [1m--- [0;32mmaven-resources-plugin:2.6:resources[m [1m(default-resources)[m @ [36mmaven-profile[0;1m ---[m
[[1;33mWARNING[m] Using platform encoding (UTF-8 actually) to copy filtered resources, i.e. build is platform dependent!
[[1;34mINFO[m] Copying 1 resource
[[1;34mINFO[m] 
[[1;34mINFO[m] [1m--- [0;32mmaven-compiler-plugin:3.1:compile[m [1m(default-compile)[m @ [36mmaven-profile[0;1m ---[m
[[1;34mINFO[m] Changes detected - recompiling the module!
[[1;33mWARNING[m] File encoding has not been set, using platform encoding UTF-8, i.e. build is platform dependent!
[[1;34mINFO[m] Compiling 16 source files to /home/user/Reproducibility-Scanner/benchmarks/bugs-dot-jar/maven/maven-profile/target/classes
[[1;33mWARNING[m] /home/user/Reproducibility-Scanner/benchmarks/bugs-dot-jar/maven/maven-profile/target/generated-sources/modello/org/apache/maven/profiles/Profile.java: Some input files use unchecked or unsafe operations.
[[1;33mWARNING[m] /home/user/Reproducibility-Scanner/benchmarks/bugs-dot-jar/maven/maven-profile/target/generated-sources/modello/org/apache/maven/profiles/Profile.java: Recompile with -Xlint:unchecked for details.
[[1;34mINFO[m] 
[[1;34mINFO[m] [1m--- [0;32mmaven-resources-plugin:2.6:testResources[m [1m(default-testResources)[m @ [36mmaven-profile[0;1m ---[m
[[1;33mWARNING[m] Using platform encoding (UTF-8 actually) to copy filtered resources, i.e. build is platform dependent!
[[1;34mINFO[m] skip non existing resourceDirectory /home/user/Reproducibility-Scanner/benchmarks/bugs-dot-jar/maven/maven-profile/src/test/resources
[[1;34mINFO[m] 
[[1;34mINFO[m] [1m--- [0;32mmaven-compiler-plugin:3.1:testCompile[m [1m(default-testCompile)[m @ [36mmaven-profile[0;1m ---[m
[[1;34mINFO[m] No sources to compile
[[1;34mINFO[m] 
[[1;34mINFO[m] [1m--- [0;32mmaven-surefire-plugin:2.12.4:test[m [1m(default-test)[m @ [36mmaven-profile[0;1m ---[m
[[1;34mINFO[m] Tests are skipped.
[[1;34mINFO[m] 
[[1;34mINFO[m] [1m--- [0;32mmaven-jar-plugin:2.4:jar[m [1m(default-jar)[m @ [36mmaven-profile[0;1m ---[m
[[1;34mINFO[m] Building jar: /home/user/Reproducibility-Scanner/benchmarks/bugs-dot-jar/maven/maven-profile/target/maven-profile-2.1-SNAPSHOT.jar
[[1;34mINFO[m] 
[[1;34mINFO[m] [1m--- [0;32mmaven-install-plugin:2.4:install[m [1m(default-install)[m @ [36mmaven-profile[0;1m ---[m
[[1;34mINFO[m] Installing /home/user/Reproducibility-Scanner/benchmarks/bugs-dot-jar/maven/maven-profile/target/maven-profile-2.1-SNAPSHOT.jar to /home/user/.m2/repository/org/apache/maven/maven-profile/2.1-SNAPSHOT/maven-profile-2.1-SNAPSHOT.jar
[[1;34mINFO[m] Installing /home/user/Reproducibility-Scanner/benchmarks/bugs-dot-jar/maven/maven-profile/pom.xml to /home/user/.m2/repository/org/apache/maven/maven-profile/2.1-SNAPSHOT/maven-profile-2.1-SNAPSHOT.pom
[[1;34mINFO[m] 
[[1;34mINFO[m] [1m--------------< [0;36morg.apache.maven:maven-error-diagnostics[0;1m >--------------[m
[[1;34mINFO[m] [1mBuilding Maven Error Diagnostics 2.1-SNAPSHOT                    [14/24][m
[[1;34mINFO[m] [1m--------------------------------[ jar ]---------------------------------[m
[[1;34mINFO[m] 
[[1;34mINFO[m] [1m--- [0;32mmaven-resources-plugin:2.6:resources[m [1m(default-resources)[m @ [36mmaven-error-diagnostics[0;1m ---[m
[[1;33mWARNING[m] Using platform encoding (UTF-8 actually) to copy filtered resources, i.e. build is platform dependent!
[[1;34mINFO[m] Copying 1 resource
[[1;34mINFO[m] 
[[1;34mINFO[m] [1m--- [0;32mmaven-compiler-plugin:3.1:compile[m [1m(default-compile)[m @ [36mmaven-error-diagnostics[0;1m ---[m
[[1;34mINFO[m] Changes detected - recompiling the module!
[[1;33mWARNING[m] File encoding has not been set, using platform encoding UTF-8, i.e. build is platform dependent!
[[1;34mINFO[m] Compiling 3 source files to /home/user/Reproducibility-Scanner/benchmarks/bugs-dot-jar/maven/maven-error-diagnostics/target/classes
[[1;34mINFO[m] 
[[1;34mINFO[m] [1m--- [0;32mmaven-resources-plugin:2.6:testResources[m [1m(default-testResources)[m @ [36mmaven-error-diagnostics[0;1m ---[m
[[1;33mWARNING[m] Using platform encoding (UTF-8 actually) to copy filtered resources, i.e. build is platform dependent!
[[1;34mINFO[m] skip non existing resourceDirectory /home/user/Reproducibility-Scanner/benchmarks/bugs-dot-jar/maven/maven-error-diagnostics/src/test/resources
[[1;34mINFO[m] 
[[1;34mINFO[m] [1m--- [0;32mmaven-compiler-plugin:3.1:testCompile[m [1m(default-testCompile)[m @ [36mmaven-error-diagnostics[0;1m ---[m
[[1;34mINFO[m] No sources to compile
[[1;34mINFO[m] 
[[1;34mINFO[m] [1m--- [0;32mmaven-surefire-plugin:2.12.4:test[m [1m(default-test)[m @ [36mmaven-error-diagnostics[0;1m ---[m
[[1;34mINFO[m] Tests are skipped.
[[1;34mINFO[m] 
[[1;34mINFO[m] [1m--- [0;32mmaven-jar-plugin:2.4:jar[m [1m(default-jar)[m @ [36mmaven-error-diagnostics[0;1m ---[m
[[1;34mINFO[m] Building jar: /home/user/Reproducibility-Scanner/benchmarks/bugs-dot-jar/maven/maven-error-diagnostics/target/maven-error-diagnostics-2.1-SNAPSHOT.jar
[[1;34mINFO[m] 
[[1;34mINFO[m] [1m--- [0;32mmaven-install-plugin:2.4:install[m [1m(default-install)[m @ [36mmaven-error-diagnostics[0;1m ---[m
[[1;34mINFO[m] Installing /home/user/Reproducibility-Scanner/benchmarks/bugs-dot-jar/maven/maven-error-diagnostics/target/maven-error-diagnostics-2.1-SNAPSHOT.jar to /home/user/.m2/repository/org/apache/maven/maven-error-diagnostics/2.1-SNAPSHOT/maven-error-diagnostics-2.1-SNAPSHOT.jar
[[1;34mINFO[m] Installing /home/user/Reproducibility-Scanner/benchmarks/bugs-dot-jar/maven/maven-error-diagnostics/pom.xml to /home/user/.m2/repository/org/apache/maven/maven-error-diagnostics/2.1-SNAPSHOT/maven-error-diagnostics-2.1-SNAPSHOT.pom
[[1;34mINFO[m] 
[[1;34mINFO[m] [1m-------------------< [0;36morg.apache.maven:maven-project[0;1m >-------------------[m
[[1;34mINFO[m] [1mBuilding Maven Project Builder 2.1-SNAPSHOT                      [15/24][m
[[1;34mINFO[m] [1m--------------------------------[ jar ]---------------------------------[m
[[1;34mINFO[m] 
[[1;34mINFO[m] [1m--- [0;32mmaven-resources-plugin:2.6:resources[m [1m(default-resources)[m @ [36mmaven-project[0;1m ---[m
[[1;33mWARNING[m] Using platform encoding (UTF-8 actually) to copy filtered resources, i.e. build is platform dependent!
[[1;34mINFO[m] Copying 2 resources
[[1;34mINFO[m] 
[[1;34mINFO[m] [1m--- [0;32mmaven-compiler-plugin:3.1:compile[m [1m(default-compile)[m @ [36mmaven-project[0;1m ---[m
[[1;34mINFO[m] Changes detected - recompiling the module!
[[1;33mWARNING[m] File encoding has not been set, using platform encoding UTF-8, i.e. build is platform dependent!
[[1;34mINFO[m] Compiling 58 source files to /home/user/Reproducibility-Scanner/benchmarks/bugs-dot-jar/maven/maven-project/target/classes
[[1;33mWARNING[m] /home/user/Reproducibility-Scanner/benchmarks/bugs-dot-jar/maven/maven-project/src/main/java/org/apache/maven/profiles/DefaultProfileManager.java: Some input files use or override a deprecated API.
[[1;33mWARNING[m] /home/user/Reproducibility-Scanner/benchmarks/bugs-dot-jar/maven/maven-project/src/main/java/org/apache/maven/profiles/DefaultProfileManager.java: Recompile with -Xlint:deprecation for details.
[[1;33mWARNING[m] /home/user/Reproducibility-Scanner/benchmarks/bugs-dot-jar/maven/maven-project/src/main/java/org/apache/maven/project/artifact/MavenMetadataSource.java: Some input files use unchecked or unsafe operations.
[[1;33mWARNING[m] /home/user/Reproducibility-Scanner/benchmarks/bugs-dot-jar/maven/maven-project/src/main/java/org/apache/maven/project/artifact/MavenMetadataSource.java: Recompile with -Xlint:unchecked for details.
[[1;34mINFO[m] 
[[1;34mINFO[m] [1m--- [0;32mmaven-resources-plugin:2.6:testResources[m [1m(default-testResources)[m @ [36mmaven-project[0;1m ---[m
[[1;33mWARNING[m] Using platform encoding (UTF-8 actually) to copy filtered resources, i.e. build is platform dependent!
[[1;34mINFO[m] Copying 165 resources
[[1;34mINFO[m] 
[[1;34mINFO[m] [1m--- [0;32mmaven-compiler-plugin:3.1:testCompile[m [1m(default-testCompile)[m @ [36mmaven-project[0;1m ---[m
[[1;34mINFO[m] Changes detected - recompiling the module!
[[1;33mWARNING[m] File encoding has not been set, using platform encoding UTF-8, i.e. build is platform dependent!
[[1;34mINFO[m] Compiling 34 source files to /home/user/Reproducibility-Scanner/benchmarks/bugs-dot-jar/maven/maven-project/target/test-classes
[[1;33mWARNING[m] /home/user/Reproducibility-Scanner/benchmarks/bugs-dot-jar/maven/maven-project/src/test/java/org/apache/maven/project/build/model/DefaultModelLineageBuilderTest.java: Some input files use or override a deprecated API.
[[1;33mWARNING[m] /home/user/Reproducibility-Scanner/benchmarks/bugs-dot-jar/maven/maven-project/src/test/java/org/apache/maven/project/build/model/DefaultModelLineageBuilderTest.java: Recompile with -Xlint:deprecation for details.
[[1;33mWARNING[m] /home/user/Reproducibility-Scanner/benchmarks/bugs-dot-jar/maven/maven-project/src/test/java/org/apache/maven/project/artifact/MavenMetadataSourceTest.java: Some input files use unchecked or unsafe operations.
[[1;33mWARNING[m] /home/user/Reproducibility-Scanner/benchmarks/bugs-dot-jar/maven/maven-project/src/test/java/org/apache/maven/project/artifact/MavenMetadataSourceTest.java: Recompile with -Xlint:unchecked for details.
[[1;34mINFO[m] 
[[1;34mINFO[m] [1m--- [0;32mmaven-surefire-plugin:2.12.4:test[m [1m(default-test)[m @ [36mmaven-project[0;1m ---[m
[[1;34mINFO[m] Tests are skipped.
[[1;34mINFO[m] 
[[1;34mINFO[m] [1m--- [0;32mmaven-jar-plugin:2.4:jar[m [1m(default-jar)[m @ [36mmaven-project[0;1m ---[m
[[1;34mINFO[m] Building jar: /home/user/Reproducibility-Scanner/benchmarks/bugs-dot-jar/maven/maven-project/target/maven-project-2.1-SNAPSHOT.jar
[[1;34mINFO[m] 
[[1;34mINFO[m] [1m--- [0;32mmaven-install-plugin:2.4:install[m [1m(default-install)[m @ [36mmaven-project[0;1m ---[m
[[1;34mINFO[m] Installing /home/user/Reproducibility-Scanner/benchmarks/bugs-dot-jar/maven/maven-project/target/maven-project-2.1-SNAPSHOT.jar to /home/user/.m2/repository/org/apache/maven/maven-project/2.1-SNAPSHOT/maven-project-2.1-SNAPSHOT.jar
[[1;34mINFO[m] Installing /home/user/Reproducibility-Scanner/benchmarks/bugs-dot-jar/maven/maven-project/pom.xml to /home/user/.m2/repository/org/apache/maven/maven-project/2.1-SNAPSHOT/maven-project-2.1-SNAPSHOT.pom
[[1;34mINFO[m] 
[[1;34mINFO[m] [1m---------------< [0;36morg.apache.maven:maven-plugin-registry[0;1m >---------------[m
[[1;34mINFO[m] [1mBuilding Maven Plugin Registry Model 2.1-SNAPSHOT                [16/24][m
[[1;34mINFO[m] [1m--------------------------------[ jar ]---------------------------------[m
[[1;34mINFO[m] 
[[1;34mINFO[m] [1m--- [0;32mmodello-maven-plugin:1.0-alpha-13:java[m [1m(standard)[m @ [36mmaven-plugin-registry[0;1m ---[m
[[1;34mINFO[m] outputDirectory: /home/user/Reproducibility-Scanner/benchmarks/bugs-dot-jar/maven/maven-plugin-registry/target/generated-sources/modello
[[1;34mINFO[m] Generating current version: 1.0.0
[[1;34mINFO[m] 
[[1;34mINFO[m] [1m--- [0;32mmodello-maven-plugin:1.0-alpha-13:xpp3-reader[m [1m(standard)[m @ [36mmaven-plugin-registry[0;1m ---[m
[[1;34mINFO[m] outputDirectory: /home/user/Reproducibility-Scanner/benchmarks/bugs-dot-jar/maven/maven-plugin-registry/target/generated-sources/modello
[[1;34mINFO[m] Generating current version: 1.0.0
[[1;34mINFO[m] 
[[1;34mINFO[m] [1m--- [0;32mmodello-maven-plugin:1.0-alpha-13:xpp3-writer[m [1m(standard)[m @ [36mmaven-plugin-registry[0;1m ---[m
[[1;34mINFO[m] outputDirectory: /home/user/Reproducibility-Scanner/benchmarks/bugs-dot-jar/maven/maven-plugin-registry/target/generated-sources/modello
[[1;34mINFO[m] Generating current version: 1.0.0
[[1;34mINFO[m] 
[[1;34mINFO[m] [1m--- [0;32mmaven-resources-plugin:2.6:resources[m [1m(default-resources)[m @ [36mmaven-plugin-registry[0;1m ---[m
[[1;33mWARNING[m] Using platform encoding (UTF-8 actually) to copy filtered resources, i.e. build is platform dependent!
[[1;34mINFO[m] Copying 1 resource
[[1;34mINFO[m] 
[[1;34mINFO[m] [1m--- [0;32mmaven-compiler-plugin:3.1:compile[m [1m(default-compile)[m @ [36mmaven-plugin-registry[0;1m ---[m
[[1;34mINFO[m] Changes detected - recompiling the module!
[[1;33mWARNING[m] File encoding has not been set, using platform encoding UTF-8, i.e. build is platform dependent!
[[1;34mINFO[m] Compiling 9 source files to /home/user/Reproducibility-Scanner/benchmarks/bugs-dot-jar/maven/maven-plugin-registry/target/classes
[[1;33mWARNING[m] /home/user/Reproducibility-Scanner/benchmarks/bugs-dot-jar/maven/maven-plugin-registry/target/generated-sources/modello/org/apache/maven/plugin/registry/Plugin.java: Some input files use unchecked or unsafe operations.
[[1;33mWARNING[m] /home/user/Reproducibility-Scanner/benchmarks/bugs-dot-jar/maven/maven-plugin-registry/target/generated-sources/modello/org/apache/maven/plugin/registry/Plugin.java: Recompile with -Xlint:unchecked for details.
[[1;34mINFO[m] 
[[1;34mINFO[m] [1m--- [0;32mmaven-resources-plugin:2.6:testResources[m [1m(default-testResources)[m @ [36mmaven-plugin-registry[0;1m ---[m
[[1;33mWARNING[m] Using platform encoding (UTF-8 actually) to copy filtered resources, i.e. build is platform dependent!
[[1;34mINFO[m] skip non existing resourceDirectory /home/user/Reproducibility-Scanner/benchmarks/bugs-dot-jar/maven/maven-plugin-registry/src/test/resources
[[1;34mINFO[m] 
[[1;34mINFO[m] [1m--- [0;32mmaven-compiler-plugin:3.1:testCompile[m [1m(default-testCompile)[m @ [36mmaven-plugin-registry[0;1m ---[m
[[1;34mINFO[m] No sources to compile
[[1;34mINFO[m] 
[[1;34mINFO[m] [1m--- [0;32mmaven-surefire-plugin:2.12.4:test[m [1m(default-test)[m @ [36mmaven-plugin-registry[0;1m ---[m
[[1;34mINFO[m] Tests are skipped.
[[1;34mINFO[m] 
[[1;34mINFO[m] [1m--- [0;32mmaven-jar-plugin:2.4:jar[m [1m(default-jar)[m @ [36mmaven-plugin-registry[0;1m ---[m
[[1;34mINFO[m] Building jar: /home/user/Reproducibility-Scanner/benchmarks/bugs-dot-jar/maven/maven-plugin-registry/target/maven-plugin-registry-2.1-SNAPSHOT.jar
[[1;34mINFO[m] 
[[1;34mINFO[m] [1m--- [0;32mmaven-install-plugin:2.4:install[m [1m(default-install)[m @ [36mmaven-plugin-registry[0;1m ---[m
[[1;34mINFO[m] Installing /home/user/Reproducibility-Scanner/benchmarks/bugs-dot-jar/maven/maven-plugin-registry/target/maven-plugin-registry-2.1-SNAPSHOT.jar to /home/user/.m2/repository/org/apache/maven/maven-plugin-registry/2.1-SNAPSHOT/maven-plugin-registry-2.1-SNAPSHOT.jar
[[1;34mINFO[m] Installing /home/user/Reproducibility-Scanner/benchmarks/bugs-dot-jar/maven/maven-plugin-registry/pom.xml to /home/user/.m2/repository/org/apache/maven/maven-plugin-registry/2.1-SNAPSHOT/maven-plugin-registry-2.1-SNAPSHOT.pom
[[1;34mINFO[m] 
[[1;34mINFO[m] [1m-----------------< [0;36morg.apache.maven:maven-plugin-api[0;1m >------------------[m
[[1;34mINFO[m] [1mBuilding Maven Plugin API 2.1-SNAPSHOT                           [17/24][m
[[1;34mINFO[m] [1m--------------------------------[ jar ]---------------------------------[m
[[1;34mINFO[m] 
[[1;34mINFO[m] [1m--- [0;32mmaven-resources-plugin:2.6:resources[m [1m(default-resources)[m @ [36mmaven-plugin-api[0;1m ---[m
[[1;33mWARNING[m] Using platform encoding (UTF-8 actually) to copy filtered resources, i.e. build is platform dependent!
[[1;34mINFO[m] skip non existing resourceDirectory /home/user/Reproducibility-Scanner/benchmarks/bugs-dot-jar/maven/maven-plugin-api/src/main/resources
[[1;34mINFO[m] 
[[1;34mINFO[m] [1m--- [0;32mmaven-compiler-plugin:3.1:compile[m [1m(default-compile)[m @ [36mmaven-plugin-api[0;1m ---[m
[[1;34mINFO[m] Changes detected - recompiling the module!
[[1;33mWARNING[m] File encoding has not been set, using platform encoding UTF-8, i.e. build is platform dependent!
[[1;34mINFO[m] Compiling 8 source files to /home/user/Reproducibility-Scanner/benchmarks/bugs-dot-jar/maven/maven-plugin-api/target/classes
[[1;34mINFO[m] 
[[1;34mINFO[m] [1m--- [0;32mmaven-resources-plugin:2.6:testResources[m [1m(default-testResources)[m @ [36mmaven-plugin-api[0;1m ---[m
[[1;33mWARNING[m] Using platform encoding (UTF-8 actually) to copy filtered resources, i.e. build is platform dependent!
[[1;34mINFO[m] skip non existing resourceDirectory /home/user/Reproducibility-Scanner/benchmarks/bugs-dot-jar/maven/maven-plugin-api/src/test/resources
[[1;34mINFO[m] 
[[1;34mINFO[m] [1m--- [0;32mmaven-compiler-plugin:3.1:testCompile[m [1m(default-testCompile)[m @ [36mmaven-plugin-api[0;1m ---[m
[[1;34mINFO[m] No sources to compile
[[1;34mINFO[m] 
[[1;34mINFO[m] [1m--- [0;32mmaven-surefire-plugin:2.12.4:test[m [1m(default-test)[m @ [36mmaven-plugin-api[0;1m ---[m
[[1;34mINFO[m] Tests are skipped.
[[1;34mINFO[m] 
[[1;34mINFO[m] [1m--- [0;32mmaven-jar-plugin:2.4:jar[m [1m(default-jar)[m @ [36mmaven-plugin-api[0;1m ---[m
[[1;34mINFO[m] Building jar: /home/user/Reproducibility-Scanner/benchmarks/bugs-dot-jar/maven/maven-plugin-api/target/maven-plugin-api-2.1-SNAPSHOT.jar
[[1;34mINFO[m] 
[[1;34mINFO[m] [1m--- [0;32mmaven-install-plugin:2.4:install[m [1m(default-install)[m @ [36mmaven-plugin-api[0;1m ---[m
[[1;34mINFO[m] Installing /home/user/Reproducibility-Scanner/benchmarks/bugs-dot-jar/maven/maven-plugin-api/target/maven-plugin-api-2.1-SNAPSHOT.jar to /home/user/.m2/repository/org/apache/maven/maven-plugin-api/2.1-SNAPSHOT/maven-plugin-api-2.1-SNAPSHOT.jar
[[1;34mINFO[m] Installing /home/user/Reproducibility-Scanner/benchmarks/bugs-dot-jar/maven/maven-plugin-api/pom.xml to /home/user/.m2/repository/org/apache/maven/maven-plugin-api/2.1-SNAPSHOT/maven-plugin-api-2.1-SNAPSHOT.pom
[[1;34mINFO[m] 
[[1;34mINFO[m] [1m--------------< [0;36morg.apache.maven:maven-plugin-descriptor[0;1m >--------------[m
[[1;34mINFO[m] [1mBuilding Maven Plugin Descriptor Model 2.1-SNAPSHOT              [18/24][m
[[1;34mINFO[m] [1m--------------------------------[ jar ]---------------------------------[m
[[1;34mINFO[m] 
[[1;34mINFO[m] [1m--- [0;32mmodello-maven-plugin:1.0-alpha-13:java[m [1m(standard)[m @ [36mmaven-plugin-descriptor[0;1m ---[m
[[1;34mINFO[m] outputDirectory: /home/user/Reproducibility-Scanner/benchmarks/bugs-dot-jar/maven/maven-plugin-descriptor/target/generated-sources/modello
[[1;34mINFO[m] Generating current version: 1.0.0
[[1;34mINFO[m] 
[[1;34mINFO[m] [1m--- [0;32mmodello-maven-plugin:1.0-alpha-13:xpp3-reader[m [1m(standard)[m @ [36mmaven-plugin-descriptor[0;1m ---[m
[[1;34mINFO[m] outputDirectory: /home/user/Reproducibility-Scanner/benchmarks/bugs-dot-jar/maven/maven-plugin-descriptor/target/generated-sources/modello
[[1;34mINFO[m] Generating current version: 1.0.0
[[1;34mINFO[m] 
[[1;34mINFO[m] [1m--- [0;32mmodello-maven-plugin:1.0-alpha-13:xpp3-writer[m [1m(standard)[m @ [36mmaven-plugin-descriptor[0;1m ---[m
[[1;34mINFO[m] outputDirectory: /home/user/Reproducibility-Scanner/benchmarks/bugs-dot-jar/maven/maven-plugin-descriptor/target/generated-sources/modello
[[1;34mINFO[m] Generating current version: 1.0.0
[[1;34mINFO[m] 
[[1;34mINFO[m] [1m--- [0;32mmaven-resources-plugin:2.6:resources[m [1m(default-resources)[m @ [36mmaven-plugin-descriptor[0;1m ---[m
[[1;33mWARNING[m] Using platform encoding (UTF-8 actually) to copy filtered resources, i.e. build is platform dependent!
[[1;34mINFO[m] skip non existing resourceDirectory /home/user/Reproducibility-Scanner/benchmarks/bugs-dot-jar/maven/maven-plugin-descriptor/src/main/resources
[[1;34mINFO[m] 
[[1;34mINFO[m] [1m--- [0;32mmaven-compiler-plugin:3.1:compile[m [1m(default-compile)[m @ [36mmaven-plugin-descriptor[0;1m ---[m
[[1;34mINFO[m] Changes detected - recompiling the module!
[[1;33mWARNING[m] File encoding has not been set, using platform encoding UTF-8, i.e. build is platform dependent!
[[1;34mINFO[m] Compiling 15 source files to /home/user/Reproducibility-Scanner/benchmarks/bugs-dot-jar/maven/maven-plugin-descriptor/target/classes
[[1;33mWARNING[m] /home/user/Reproducibility-Scanner/benchmarks/bugs-dot-jar/maven/maven-plugin-descriptor/target/generated-sources/modello/org/apache/maven/plugin/lifecycle/LifecycleConfiguration.java: Some input files use unchecked or unsafe operations.
[[1;33mWARNING[m] /home/user/Reproducibility-Scanner/benchmarks/bugs-dot-jar/maven/maven-plugin-descriptor/target/generated-sources/modello/org/apache/maven/plugin/lifecycle/LifecycleConfiguration.java: Recompile with -Xlint:unchecked for details.
[[1;34mINFO[m] 
[[1;34mINFO[m] [1m--- [0;32mmaven-resources-plugin:2.6:testResources[m [1m(default-testResources)[m @ [36mmaven-plugin-descriptor[0;1m ---[m
[[1;33mWARNING[m] Using platform encoding (UTF-8 actually) to copy filtered resources, i.e. build is platform dependent!
[[1;34mINFO[m] Copying 1 resource
[[1;34mINFO[m] 
[[1;34mINFO[m] [1m--- [0;32mmaven-compiler-plugin:3.1:testCompile[m [1m(default-testCompile)[m @ [36mmaven-plugin-descriptor[0;1m ---[m
[[1;34mINFO[m] Changes detected - recompiling the module!
[[1;33mWARNING[m] File encoding has not been set, using platform encoding UTF-8, i.e. build is platform dependent!
[[1;34mINFO[m] Compiling 1 source file to /home/user/Reproducibility-Scanner/benchmarks/bugs-dot-jar/maven/maven-plugin-descriptor/target/test-classes
[[1;34mINFO[m] 
[[1;34mINFO[m] [1m--- [0;32mmaven-surefire-plugin:2.12.4:test[m [1m(default-test)[m @ [36mmaven-plugin-descriptor[0;1m ---[m
[[1;34mINFO[m] Tests are skipped.
[[1;34mINFO[m] 
[[1;34mINFO[m] [1m--- [0;32mmaven-jar-plugin:2.4:jar[m [1m(default-jar)[m @ [36mmaven-plugin-descriptor[0;1m ---[m
[[1;34mINFO[m] Building jar: /home/user/Reproducibility-Scanner/benchmarks/bugs-dot-jar/maven/maven-plugin-descriptor/target/maven-plugin-descriptor-2.1-SNAPSHOT.jar
[[1;34mINFO[m] 
[[1;34mINFO[m] [1m--- [0;32mmaven-install-plugin:2.4:install[m [1m(default-install)[m @ [36mmaven-plugin-descriptor[0;1m ---[m
[[1;34mINFO[m] Installing /home/user/Reproducibility-Scanner/benchmarks/bugs-dot-jar/maven/maven-plugin-descriptor/target/maven-plugin-descriptor-2.1-SNAPSHOT.jar to /home/user/.m2/repository/org/apache/maven/maven-plugin-descriptor/2.1-SNAPSHOT/maven-plugin-descriptor-2.1-SNAPSHOT.jar
[[1;34mINFO[m] Installing /home/user/Reproducibility-Scanner/benchmarks/bugs-dot-jar/maven/maven-plugin-descriptor/pom.xml to /home/user/.m2/repository/org/apache/maven/maven-plugin-descriptor/2.1-SNAPSHOT/maven-plugin-descriptor-2.1-SNAPSHOT.pom
[[1;34mINFO[m] 
[[1;34mINFO[m] [1m-------------------< [0;36morg.apache.maven:maven-monitor[0;1m >-------------------[m
[[1;34mINFO[m] [1mBuilding Maven Monitor 2.1-SNAPSHOT                              [19/24][m
[[1;34mINFO[m] [1m--------------------------------[ jar ]---------------------------------[m
[[1;34mINFO[m] 
[[1;34mINFO[m] [1m--- [0;32mmaven-resources-plugin:2.6:resources[m [1m(default-resources)[m @ [36mmaven-monitor[0;1m ---[m
[[1;33mWARNING[m] Using platform encoding (UTF-8 actually) to copy filtered resources, i.e. build is platform dependent!
[[1;34mINFO[m] skip non existing resourceDirectory /home/user/Reproducibility-Scanner/benchmarks/bugs-dot-jar/maven/maven-monitor/src/main/resources
[[1;34mINFO[m] 
[[1;34mINFO[m] [1m--- [0;32mmaven-compiler-plugin:3.1:compile[m [1m(default-compile)[m @ [36mmaven-monitor[0;1m ---[m
[[1;34mINFO[m] Changes detected - recompiling the module!
[[1;33mWARNING[m] File encoding has not been set, using platform encoding UTF-8, i.e. build is platform dependent!
[[1;34mINFO[m] Compiling 5 source files to /home/user/Reproducibility-Scanner/benchmarks/bugs-dot-jar/maven/maven-monitor/target/classes
[[1;33mWARNING[m] /home/user/Reproducibility-Scanner/benchmarks/bugs-dot-jar/maven/maven-monitor/src/main/java/org/apache/maven/monitor/event/DefaultEventDispatcher.java: /home/user/Reproducibility-Scanner/benchmarks/bugs-dot-jar/maven/maven-monitor/src/main/java/org/apache/maven/monitor/event/DefaultEventDispatcher.java uses unchecked or unsafe operations.
[[1;33mWARNING[m] /home/user/Reproducibility-Scanner/benchmarks/bugs-dot-jar/maven/maven-monitor/src/main/java/org/apache/maven/monitor/event/DefaultEventDispatcher.java: Recompile with -Xlint:unchecked for details.
[[1;34mINFO[m] 
[[1;34mINFO[m] [1m--- [0;32mmaven-resources-plugin:2.6:testResources[m [1m(default-testResources)[m @ [36mmaven-monitor[0;1m ---[m
[[1;33mWARNING[m] Using platform encoding (UTF-8 actually) to copy filtered resources, i.e. build is platform dependent!
[[1;34mINFO[m] skip non existing resourceDirectory /home/user/Reproducibility-Scanner/benchmarks/bugs-dot-jar/maven/maven-monitor/src/test/resources
[[1;34mINFO[m] 
[[1;34mINFO[m] [1m--- [0;32mmaven-compiler-plugin:3.1:testCompile[m [1m(default-testCompile)[m @ [36mmaven-monitor[0;1m ---[m
[[1;34mINFO[m] No sources to compile
[[1;34mINFO[m] 
[[1;34mINFO[m] [1m--- [0;32mmaven-surefire-plugin:2.12.4:test[m [1m(default-test)[m @ [36mmaven-monitor[0;1m ---[m
[[1;34mINFO[m] Tests are skipped.
[[1;34mINFO[m] 
[[1;34mINFO[m] [1m--- [0;32mmaven-jar-plugin:2.4:jar[m [1m(default-jar)[m @ [36mmaven-monitor[0;1m ---[m
[[1;34mINFO[m] Building jar: /home/user/Reproducibility-Scanner/benchmarks/bugs-dot-jar/maven/maven-monitor/target/maven-monitor-2.1-SNAPSHOT.jar
[[1;34mINFO[m] 
[[1;34mINFO[m] [1m--- [0;32mmaven-install-plugin:2.4:install[m [1m(default-install)[m @ [36mmaven-monitor[0;1m ---[m
[[1;34mINFO[m] Installing /home/user/Reproducibility-Scanner/benchmarks/bugs-dot-jar/maven/maven-monitor/target/maven-monitor-2.1-SNAPSHOT.jar to /home/user/.m2/repository/org/apache/maven/maven-monitor/2.1-SNAPSHOT/maven-monitor-2.1-SNAPSHOT.jar
[[1;34mINFO[m] Installing /home/user/Reproducibility-Scanner/benchmarks/bugs-dot-jar/maven/maven-monitor/pom.xml to /home/user/.m2/repository/org/apache/maven/maven-monitor/2.1-SNAPSHOT/maven-monitor-2.1-SNAPSHOT.pom
[[1;34mINFO[m] 
[[1;34mINFO[m] [1m--------------------< [0;36morg.apache.maven:maven-core[0;1m >---------------------[m
[[1;34mINFO[m] [1mBuilding Maven Core 2.1-SNAPSHOT                                 [20/24][m
[[1;34mINFO[m] [1m--------------------------------[ jar ]---------------------------------[m
Downloading from apache.snapshots: http://people.apache.org/repo/m2-snapshot-repository/org/apache/maven/reporting/maven-reporting-api/2.1-SNAPSHOT/maven-metadata.xml
Downloading from codehaus: http://repository.codehaus.org/org/codehaus/plexus/plexus-active-collections/1.0-beta-1/plexus-active-collections-1.0-beta-1.pom
Downloading from central: https://repo.maven.apache.org/maven2/org/codehaus/plexus/plexus-active-collections/1.0-beta-1/plexus-active-collections-1.0-beta-1.pom
Progress (1): 1.7 kB                    Downloaded from central: https://repo.maven.apache.org/maven2/org/codehaus/plexus/plexus-active-collections/1.0-beta-1/plexus-active-collections-1.0-beta-1.pom (1.7 kB at 8.7 kB/s)
Downloading from codehaus: http://repository.codehaus.org/org/codehaus/plexus/plexus-active-collections/1.0-beta-1/plexus-active-collections-1.0-beta-1.jar
Downloading from central: https://repo.maven.apache.org/maven2/org/codehaus/plexus/plexus-active-collections/1.0-beta-1/plexus-active-collections-1.0-beta-1.jar
Progress (1): 4.1/16 kBProgress (1): 8.2/16 kBProgress (1): 12/16 kB Progress (1): 16/16 kBProgress (1): 16 kB                      Downloaded from central: https://repo.maven.apache.org/maven2/org/codehaus/plexus/plexus-active-collections/1.0-beta-1/plexus-active-collections-1.0-beta-1.jar (16 kB at 98 kB/s)
[[1;34mINFO[m] 
[[1;34mINFO[m] [1m-------------------< [0;36morg.apache.maven:maven-script[0;1m >--------------------[m
[[1;34mINFO[m] [1mBuilding Maven Script Support Root 2.1-SNAPSHOT                  [21/24][m
[[1;34mINFO[m] [1m--------------------------------[ pom ]---------------------------------[m
[[1;34mINFO[m] 
[[1;34mINFO[m] [1m--- [0;32mmaven-install-plugin:2.4:install[m [1m(default-install)[m @ [36mmaven-script[0;1m ---[m
[[1;34mINFO[m] Installing /home/user/Reproducibility-Scanner/benchmarks/bugs-dot-jar/maven/maven-script/pom.xml to /home/user/.m2/repository/org/apache/maven/maven-script/2.1-SNAPSHOT/maven-script-2.1-SNAPSHOT.pom
[[1;34mINFO[m] 
[[1;34mINFO[m] [1m-----------------< [0;36morg.apache.maven:maven-script-ant[0;1m >------------------[m
[[1;34mINFO[m] [1mBuilding Maven Ant Mojo Support 2.1-SNAPSHOT                     [22/24][m
[[1;34mINFO[m] [1m--------------------------------[ jar ]---------------------------------[m
Downloading from central: https://repo.maven.apache.org/maven2/ant/ant/1.6.2/ant-1.6.2.pom
Progress (1): 521 B                   Downloaded from central: https://repo.maven.apache.org/maven2/ant/ant/1.6.2/ant-1.6.2.pom (521 B at 33 kB/s)
Downloading from codehaus-snapshots: http://snapshots.repository.codehaus.org/org/codehaus/plexus/plexus-ant-factory/1.0-alpha-4-SNAPSHOT/maven-metadata.xml
Downloading from apache.snapshots: http://people.apache.org/repo/m2-snapshot-repository/org/codehaus/plexus/plexus-ant-factory/1.0-alpha-4-SNAPSHOT/maven-metadata.xml
[[1;33mWARNING[m] Could not transfer metadata org.codehaus.plexus:plexus-ant-factory:1.0-alpha-4-SNAPSHOT/maven-metadata.xml from/to codehaus-snapshots (http://snapshots.repository.codehaus.org/): Transfer failed for http://snapshots.repository.codehaus.org/org/codehaus/plexus/plexus-ant-factory/1.0-alpha-4-SNAPSHOT/maven-metadata.xml
[[1;33mWARNING[m] Failure to transfer org.codehaus.plexus:plexus-ant-factory:1.0-alpha-4-SNAPSHOT/maven-metadata.xml from http://snapshots.repository.codehaus.org/ was cached in the local repository, resolution will not be reattempted until the update interval of codehaus-snapshots has elapsed or updates are forced. Original error: Could not transfer metadata org.codehaus.plexus:plexus-ant-factory:1.0-alpha-4-SNAPSHOT/maven-metadata.xml from/to codehaus-snapshots (http://snapshots.repository.codehaus.org/): Transfer failed for http://snapshots.repository.codehaus.org/org/codehaus/plexus/plexus-ant-factory/1.0-alpha-4-SNAPSHOT/maven-metadata.xml
Downloading from codehaus-snapshots: http://snapshots.repository.codehaus.org/org/codehaus/plexus/plexus-ant-factory/1.0-alpha-4-SNAPSHOT/plexus-ant-factory-1.0-alpha-4-SNAPSHOT.pom
Downloading from apache.snapshots: http://people.apache.org/repo/m2-snapshot-repository/org/codehaus/plexus/plexus-ant-factory/1.0-alpha-4-SNAPSHOT/plexus-ant-factory-1.0-alpha-4-SNAPSHOT.pom
Downloading from codehaus-snapshots: http://snapshots.repository.codehaus.org/org/codehaus/plexus/plexus-archiver/1.0-alpha-8-SNAPSHOT/maven-metadata.xml
Downloading from apache.snapshots: http://people.apache.org/repo/m2-snapshot-repository/org/codehaus/plexus/plexus-archiver/1.0-alpha-8-SNAPSHOT/maven-metadata.xml
[[1;33mWARNING[m] Could not transfer metadata org.codehaus.plexus:plexus-archiver:1.0-alpha-8-SNAPSHOT/maven-metadata.xml from/to codehaus-snapshots (http://snapshots.repository.codehaus.org/): Transfer failed for http://snapshots.repository.codehaus.org/org/codehaus/plexus/plexus-archiver/1.0-alpha-8-SNAPSHOT/maven-metadata.xml
[[1;33mWARNING[m] Failure to transfer org.codehaus.plexus:plexus-archiver:1.0-alpha-8-SNAPSHOT/maven-metadata.xml from http://snapshots.repository.codehaus.org/ was cached in the local repository, resolution will not be reattempted until the update interval of codehaus-snapshots has elapsed or updates are forced. Original error: Could not transfer metadata org.codehaus.plexus:plexus-archiver:1.0-alpha-8-SNAPSHOT/maven-metadata.xml from/to codehaus-snapshots (http://snapshots.repository.codehaus.org/): Transfer failed for http://snapshots.repository.codehaus.org/org/codehaus/plexus/plexus-archiver/1.0-alpha-8-SNAPSHOT/maven-metadata.xml
Downloading from codehaus-snapshots: http://snapshots.repository.codehaus.org/org/codehaus/plexus/plexus-archiver/1.0-alpha-8-SNAPSHOT/plexus-archiver-1.0-alpha-8-SNAPSHOT.pom
Downloading from apache.snapshots: http://people.apache.org/repo/m2-snapshot-repository/org/codehaus/plexus/plexus-archiver/1.0-alpha-8-SNAPSHOT/plexus-archiver-1.0-alpha-8-SNAPSHOT.pom
[[1;34mINFO[m] 
[[1;34mINFO[m] [1m--------------< [0;36morg.apache.maven:maven-script-beanshell[0;1m >---------------[m
[[1;34mINFO[m] [1mBuilding Maven Beanshell Mojo Support 2.1-SNAPSHOT               [23/24][m
[[1;34mINFO[m] [1m--------------------------------[ jar ]---------------------------------[m
Downloading from central: https://repo.maven.apache.org/maven2/org/codehaus/plexus/plexus-bsh-factory/1.0-alpha-8/plexus-bsh-factory-1.0-alpha-8.pom
Progress (1): 598 B                   Downloaded from central: https://repo.maven.apache.org/maven2/org/codehaus/plexus/plexus-bsh-factory/1.0-alpha-8/plexus-bsh-factory-1.0-alpha-8.pom (598 B at 4.3 kB/s)
Downloading from central: https://repo.maven.apache.org/maven2/org/codehaus/plexus/plexus-component-factories/1.0-alpha-9/plexus-component-factories-1.0-alpha-9.pom
Progress (1): 1.5 kB                    Downloaded from central: https://repo.maven.apache.org/maven2/org/codehaus/plexus/plexus-component-factories/1.0-alpha-9/plexus-component-factories-1.0-alpha-9.pom (1.5 kB at 10 kB/s)
Downloading from central: https://repo.maven.apache.org/maven2/org/codehaus/plexus/plexus-bsh-factory/1.0-alpha-8/plexus-bsh-factory-1.0-alpha-8.jar
Progress (1): 4.1/6.9 kBProgress (1): 6.9 kB                        Downloaded from central: https://repo.maven.apache.org/maven2/org/codehaus/plexus/plexus-bsh-factory/1.0-alpha-8/plexus-bsh-factory-1.0-alpha-8.jar (6.9 kB at 49 kB/s)
[[1;34mINFO[m] 
[[1;34mINFO[m] [1m--- [0;32mmaven-resources-plugin:2.6:resources[m [1m(default-resources)[m @ [36mmaven-script-beanshell[0;1m ---[m
[[1;33mWARNING[m] Using platform encoding (UTF-8 actually) to copy filtered resources, i.e. build is platform dependent!
[[1;34mINFO[m] skip non existing resourceDirectory /home/user/Reproducibility-Scanner/benchmarks/bugs-dot-jar/maven/maven-script/maven-script-beanshell/src/main/resources
[[1;34mINFO[m] 
[[1;34mINFO[m] [1m--- [0;32mmaven-compiler-plugin:3.1:compile[m [1m(default-compile)[m @ [36mmaven-script-beanshell[0;1m ---[m
[[1;34mINFO[m] Changes detected - recompiling the module!
[[1;33mWARNING[m] File encoding has not been set, using platform encoding UTF-8, i.e. build is platform dependent!
[[1;34mINFO[m] Compiling 1 source file to /home/user/Reproducibility-Scanner/benchmarks/bugs-dot-jar/maven/maven-script/maven-script-beanshell/target/classes
[[1;34mINFO[m] 
[[1;34mINFO[m] [1m--- [0;32mmaven-resources-plugin:2.6:testResources[m [1m(default-testResources)[m @ [36mmaven-script-beanshell[0;1m ---[m
[[1;33mWARNING[m] Using platform encoding (UTF-8 actually) to copy filtered resources, i.e. build is platform dependent!
[[1;34mINFO[m] skip non existing resourceDirectory /home/user/Reproducibility-Scanner/benchmarks/bugs-dot-jar/maven/maven-script/maven-script-beanshell/src/test/resources
[[1;34mINFO[m] 
[[1;34mINFO[m] [1m--- [0;32mmaven-compiler-plugin:3.1:testCompile[m [1m(default-testCompile)[m @ [36mmaven-script-beanshell[0;1m ---[m
[[1;34mINFO[m] No sources to compile
[[1;34mINFO[m] 
[[1;34mINFO[m] [1m--- [0;32mmaven-surefire-plugin:2.12.4:test[m [1m(default-test)[m @ [36mmaven-script-beanshell[0;1m ---[m
[[1;34mINFO[m] Tests are skipped.
[[1;34mINFO[m] 
[[1;34mINFO[m] [1m--- [0;32mmaven-jar-plugin:2.4:jar[m [1m(default-jar)[m @ [36mmaven-script-beanshell[0;1m ---[m
[[1;34mINFO[m] Building jar: /home/user/Reproducibility-Scanner/benchmarks/bugs-dot-jar/maven/maven-script/maven-script-beanshell/target/maven-script-beanshell-2.1-SNAPSHOT.jar
[[1;34mINFO[m] 
[[1;34mINFO[m] [1m--- [0;32mmaven-install-plugin:2.4:install[m [1m(default-install)[m @ [36mmaven-script-beanshell[0;1m ---[m
[[1;34mINFO[m] Installing /home/user/Reproducibility-Scanner/benchmarks/bugs-dot-jar/maven/maven-script/maven-script-beanshell/target/maven-script-beanshell-2.1-SNAPSHOT.jar to /home/user/.m2/repository/org/apache/maven/maven-script-beanshell/2.1-SNAPSHOT/maven-script-beanshell-2.1-SNAPSHOT.jar
[[1;34mINFO[m] Installing /home/user/Reproducibility-Scanner/benchmarks/bugs-dot-jar/maven/maven-script/maven-script-beanshell/pom.xml to /home/user/.m2/repository/org/apache/maven/maven-script-beanshell/2.1-SNAPSHOT/maven-script-beanshell-2.1-SNAPSHOT.pom
[[1;34mINFO[m] 
[[1;34mINFO[m] [1m------------------< [0;36morg.apache.maven:maven-embedder[0;1m >-------------------[m
[[1;34mINFO[m] [1mBuilding Maven Embedder 2.1-SNAPSHOT                             [24/24][m
[[1;34mINFO[m] [1m--------------------------------[ jar ]---------------------------------[m
Downloading from central: https://repo.maven.apache.org/maven2/org/codehaus/mojo/minijar-maven-plugin/maven-metadata.xml
Progress (1): 467 B                   Downloaded from central: https://repo.maven.apache.org/maven2/org/codehaus/mojo/minijar-maven-plugin/maven-metadata.xml (467 B at 3.2 kB/s)
Downloading from central: https://repo.maven.apache.org/maven2/org/codehaus/mojo/minijar-maven-plugin/1.0-alpha-3/minijar-maven-plugin-1.0-alpha-3.pom
Progress (1): 2.9 kB                    Downloaded from central: https://repo.maven.apache.org/maven2/org/codehaus/mojo/minijar-maven-plugin/1.0-alpha-3/minijar-maven-plugin-1.0-alpha-3.pom (2.9 kB at 20 kB/s)
Downloading from central: https://repo.maven.apache.org/maven2/org/codehaus/mojo/mojo/14/mojo-14.pom
Progress (1): 4.1/8.6 kBProgress (1): 8.2/8.6 kBProgress (1): 8.6 kB                        Downloaded from central: https://repo.maven.apache.org/maven2/org/codehaus/mojo/mojo/14/mojo-14.pom (8.6 kB at 539 kB/s)
Downloading from central: https://repo.maven.apache.org/maven2/org/codehaus/mojo/minijar-maven-plugin/1.0-alpha-3/minijar-maven-plugin-1.0-alpha-3.jar
Progress (1): 4.1/22 kBProgress (1): 8.2/22 kBProgress (1): 12/22 kB Progress (1): 16/22 kBProgress (1): 20/22 kBProgress (1): 22 kB                      Downloaded from central: https://repo.maven.apache.org/maven2/org/codehaus/mojo/minijar-maven-plugin/1.0-alpha-3/minijar-maven-plugin-1.0-alpha-3.jar (22 kB at 148 kB/s)
Downloading from central: https://repo.maven.apache.org/maven2/org/apache/maven/plugins/maven-assembly-plugin/2.1/maven-assembly-plugin-2.1.pom
Progress (1): 3.7 kB                    Downloaded from central: https://repo.maven.apache.org/maven2/org/apache/maven/plugins/maven-assembly-plugin/2.1/maven-assembly-plugin-2.1.pom (3.7 kB at 66 kB/s)
Downloading from central: https://repo.maven.apache.org/maven2/org/apache/maven/plugins/maven-plugins/1/maven-plugins-1.pom
Progress (1): 3.2 kB                    Downloaded from central: https://repo.maven.apache.org/maven2/org/apache/maven/plugins/maven-plugins/1/maven-plugins-1.pom (3.2 kB at 180 kB/s)
Downloading from central: https://repo.maven.apache.org/maven2/org/apache/maven/plugins/maven-assembly-plugin/2.1/maven-assembly-plugin-2.1.jar
Progress (1): 4.1/92 kBProgress (1): 8.2/92 kBProgress (1): 12/92 kB Progress (1): 16/92 kBProgress (1): 20/92 kBProgress (1): 25/92 kBProgress (1): 29/92 kBProgress (1): 33/92 kBProgress (1): 37/92 kBProgress (1): 41/92 kBProgress (1): 45/92 kBProgress (1): 49/92 kBProgress (1): 53/92 kBProgress (1): 57/92 kBProgress (1): 61/92 kBProgress (1): 66/92 kBProgress (1): 70/92 kBProgress (1): 74/92 kBProgress (1): 78/92 kBProgress (1): 82/92 kBProgress (1): 86/92 kBProgress (1): 90/92 kBProgress (1): 92 kB                      Downloaded from central: https://repo.maven.apache.org/maven2/org/apache/maven/plugins/maven-assembly-plugin/2.1/maven-assembly-plugin-2.1.jar (92 kB at 4.2 MB/s)
Downloading from apache.snapshots: http://people.apache.org/repo/m2-snapshot-repository/org/apache/maven/maven-core/2.1-SNAPSHOT/maven-metadata.xml
[[1;34mINFO[m] [1m------------------------------------------------------------------------[m
[[1;34mINFO[m] [1mReactor Summary for Apache Maven 2.1-SNAPSHOT:[m
[[1;34mINFO[m] 
[[1;34mINFO[m] Apache Maven ....................................... [1;32mSUCCESS[m [  0.195 s]
[[1;34mINFO[m] Maven Artifact ..................................... [1;32mSUCCESS[m [  2.512 s]
[[1;34mINFO[m] Maven Repository Metadata Model .................... [1;32mSUCCESS[m [  4.486 s]
[[1;34mINFO[m] Maven Artifact Manager ............................. [1;32mSUCCESS[m [  0.257 s]
[[1;34mINFO[m] Maven Model ........................................ [1;32mSUCCESS[m [  0.458 s]
[[1;34mINFO[m] Maven Local Settings Model ......................... [1;32mSUCCESS[m [  0.207 s]
[[1;34mINFO[m] Maven Artifact Test Helper Library ................. [1;32mSUCCESS[m [  0.038 s]
[[1;34mINFO[m] Maven Build Context ................................ [1;32mSUCCESS[m [  0.067 s]
[[1;34mINFO[m] Maven Lifecycle Model .............................. [1;32mSUCCESS[m [  0.169 s]
[[1;34mINFO[m] Maven Plugin Parameter Documenter API .............. [1;32mSUCCESS[m [  0.136 s]
[[1;34mINFO[m] Maven Reporting .................................... [1;32mSUCCESS[m [  0.004 s]
[[1;34mINFO[m] Maven Reporting API ................................ [1;31mFAILURE[m [  0.536 s]
[[1;34mINFO[m] Maven Profile Model ................................ [1;32mSUCCESS[m [  0.162 s]
[[1;34mINFO[m] Maven Error Diagnostics ............................ [1;32mSUCCESS[m [  0.075 s]
[[1;34mINFO[m] Maven Project Builder .............................. [1;32mSUCCESS[m [  0.532 s]
[[1;34mINFO[m] Maven Plugin Registry Model ........................ [1;32mSUCCESS[m [  0.107 s]
[[1;34mINFO[m] Maven Plugin API ................................... [1;32mSUCCESS[m [  0.047 s]
[[1;34mINFO[m] Maven Plugin Descriptor Model ...................... [1;32mSUCCESS[m [  0.121 s]
[[1;34mINFO[m] Maven Monitor ...................................... [1;32mSUCCESS[m [  0.051 s]
[[1;34mINFO[m] Maven Core ......................................... [1;31mFAILURE[m [  0.631 s]
[[1;34mINFO[m] Maven Script Support Root .......................... [1;32mSUCCESS[m [  0.009 s]
[[1;34mINFO[m] Maven Ant Mojo Support ............................. [1;31mFAILURE[m [  0.692 s]
[[1;34mINFO[m] Maven Beanshell Mojo Support ....................... [1;32mSUCCESS[m [  0.502 s]
[[1;34mINFO[m] Maven Embedder ..................................... [1;31mFAILURE[m [  0.787 s]
[[1;34mINFO[m] [1m------------------------------------------------------------------------[m
[[1;34mINFO[m] [1;31mBUILD FAILURE[m
[[1;34mINFO[m] [1m------------------------------------------------------------------------[m
[[1;34mINFO[m] Total time:  13.004 s
[[1;34mINFO[m] Finished at: 2022-07-30T04:24:40-07:00
[[1;34mINFO[m] [1m------------------------------------------------------------------------[m
[[1;31mERROR[m] Failed to execute goal on project [36mmaven-reporting-api[m: [1;31mCould not resolve dependencies for project org.apache.maven.reporting:maven-reporting-api:jar:2.1-SNAPSHOT: Could not find artifact org.apache.maven.doxia:doxia-sink-api:jar:1.0-alpha-9-SNAPSHOT in apache.snapshots (http://people.apache.org/repo/m2-snapshot-repository)[m -> [1m[Help 1][m
[[1;31mERROR[m] Failed to execute goal on project [36mmaven-core[m: [1;31mCould not resolve dependencies for project org.apache.maven:maven-core:jar:2.1-SNAPSHOT: Failure to find org.apache.maven.doxia:doxia-sink-api:jar:1.0-alpha-9-SNAPSHOT in http://people.apache.org/repo/m2-snapshot-repository was cached in the local repository, resolution will not be reattempted until the update interval of apache.snapshots has elapsed or updates are forced[m -> [1m[Help 1][m
[[1;31mERROR[m] Failed to execute goal on project [36mmaven-script-ant[m: [1;31mCould not resolve dependencies for project org.apache.maven:maven-script-ant:jar:2.1-SNAPSHOT: Failed to collect dependencies at org.codehaus.plexus:plexus-ant-factory:jar:1.0-alpha-4-SNAPSHOT[m: Failed to read artifact descriptor for org.codehaus.plexus:plexus-ant-factory:jar:1.0-alpha-4-SNAPSHOT: Could not transfer artifact org.codehaus.plexus:plexus-ant-factory:pom:1.0-alpha-4-SNAPSHOT from/to codehaus-snapshots (http://snapshots.repository.codehaus.org/): Transfer failed for http://snapshots.repository.codehaus.org/org/codehaus/plexus/plexus-ant-factory/1.0-alpha-4-SNAPSHOT/plexus-ant-factory-1.0-alpha-4-SNAPSHOT.pom: Unknown host snapshots.repository.codehaus.org -> [1m[Help 1][m
[[1;31mERROR[m] Failed to execute goal on project [36mmaven-embedder[m: [1;31mCould not resolve dependencies for project org.apache.maven:maven-embedder:jar:2.1-SNAPSHOT: Failure to find org.apache.maven.doxia:doxia-sink-api:jar:1.0-alpha-9-SNAPSHOT in http://people.apache.org/repo/m2-snapshot-repository was cached in the local repository, resolution will not be reattempted until the update interval of apache.snapshots has elapsed or updates are forced[m -> [1m[Help 1][m
[[1;31mERROR[m] 
[[1;31mERROR[m] To see the full stack trace of the errors, re-run Maven with the [1m-e[m switch.
[[1;31mERROR[m] Re-run Maven using the [1m-X[m switch to enable full debug logging.
[[1;31mERROR[m] 
[[1;31mERROR[m] For more information about the errors and possible solutions, please read the following articles:
[[1;31mERROR[m] [1m[Help 1][m http://cwiki.apache.org/confluence/display/MAVEN/DependencyResolutionException
[[1;31mERROR[m] 
[[1;31mERROR[m] After correcting the problems, you can resume the build with the command
[[1;31mERROR[m]   [1mmvn <args> -rf :maven-reporting-api[m
[[1;34mINFO[m] Build failures were ignored.
[[1;34mINFO[m] Scanning for projects...
[[1;33mWARNING[m] 
[[1;33mWARNING[m] Some problems were encountered while building the effective model for org.apache.maven:maven-embedder:jar:2.1-SNAPSHOT
[[1;33mWARNING[m] 'build.plugins.plugin.version' for org.codehaus.mojo:minijar-maven-plugin is missing. @ line 74, column 15
[[1;33mWARNING[m] The expression ${version} is deprecated. Please use ${project.version} instead.
[[1;33mWARNING[m] 
[[1;33mWARNING[m] It is highly recommended to fix these problems because they threaten the stability of your build.
[[1;33mWARNING[m] 
[[1;33mWARNING[m] For this reason, future Maven versions might no longer support building such malformed projects.
[[1;33mWARNING[m] 
[[1;34mINFO[m] 
[[1;34mINFO[m] [1m------------------< [0;36morg.apache.maven:maven-artifact[0;1m >-------------------[m
[[1;34mINFO[m] [1mBuilding Maven Artifact 2.1-SNAPSHOT[m
[[1;34mINFO[m] [1m--------------------------------[ jar ]---------------------------------[m
[[1;34mINFO[m] 
[[1;34mINFO[m] [1m--- [0;32mmaven-resources-plugin:2.6:resources[m [1m(default-resources)[m @ [36mmaven-artifact[0;1m ---[m
[[1;33mWARNING[m] Using platform encoding (UTF-8 actually) to copy filtered resources, i.e. build is platform dependent!
[[1;34mINFO[m] Copying 1 resource
[[1;34mINFO[m] 
[[1;34mINFO[m] [1m--- [0;32mmaven-compiler-plugin:3.1:compile[m [1m(default-compile)[m @ [36mmaven-artifact[0;1m ---[m
[[1;34mINFO[m] Nothing to compile - all classes are up to date
[[1;34mINFO[m] 
[[1;34mINFO[m] [1m--- [0;32mmaven-resources-plugin:2.6:testResources[m [1m(default-testResources)[m @ [36mmaven-artifact[0;1m ---[m
[[1;33mWARNING[m] Using platform encoding (UTF-8 actually) to copy filtered resources, i.e. build is platform dependent!
[[1;34mINFO[m] skip non existing resourceDirectory /home/user/Reproducibility-Scanner/benchmarks/bugs-dot-jar/maven/maven-artifact/src/test/resources
[[1;34mINFO[m] 
[[1;34mINFO[m] [1m--- [0;32mmaven-compiler-plugin:3.1:testCompile[m [1m(default-testCompile)[m @ [36mmaven-artifact[0;1m ---[m
[[1;34mINFO[m] Nothing to compile - all classes are up to date
[[1;34mINFO[m] 
[[1;34mINFO[m] [1m--- [0;32mmaven-surefire-plugin:2.12.4:test[m [1m(default-test)[m @ [36mmaven-artifact[0;1m ---[m
[[1;34mINFO[m] Surefire report directory: /home/user/Reproducibility-Scanner/benchmarks/bugs-dot-jar/maven/maven-artifact/target/surefire-reports

-------------------------------------------------------
 T E S T S
-------------------------------------------------------
Running org.apache.maven.artifact.DefaultArtifactTest
Tests run: 8, Failures: 0, Errors: 0, Skipped: 0, Time elapsed: 0.005 sec
Running org.apache.maven.artifact.resolver.DefaultArtifactCollectorTest
Tests run: 26, Failures: 1, Errors: 0, Skipped: 0, Time elapsed: 0.3 sec <<< FAILURE!
testCollectChangesVersionOfOriginatingArtifactIfInDependencyManagementHasDifferentVersion(org.apache.maven.artifact.resolver.DefaultArtifactCollectorTest)  Time elapsed: 0.007 sec  <<< FAILURE!
junit.framework.ComparisonFailure: collect has modified version in originating artifact expected:<1...> but was:<2...>
	at junit.framework.Assert.assertEquals(Assert.java:81)
	at org.apache.maven.artifact.resolver.DefaultArtifactCollectorTest.testCollectChangesVersionOfOriginatingArtifactIfInDependencyManagementHasDifferentVersion(DefaultArtifactCollectorTest.java:398)

Running org.apache.maven.artifact.factory.DefaultArtifactFactoryTest
Tests run: 1, Failures: 0, Errors: 0, Skipped: 0, Time elapsed: 0.001 sec
Running org.apache.maven.artifact.versioning.VersionRangeTest
Tests run: 3, Failures: 0, Errors: 0, Skipped: 0, Time elapsed: 0.002 sec
Running org.apache.maven.artifact.versioning.DefaultArtifactVersionTest
Tests run: 2, Failures: 0, Errors: 0, Skipped: 0, Time elapsed: 0 sec

Results :

Failed tests:   testCollectChangesVersionOfOriginatingArtifactIfInDependencyManagementHasDifferentVersion(org.apache.maven.artifact.resolver.DefaultArtifactCollectorTest): collect has modified version in originating artifact expected:<1...> but was:<2...>

Tests run: 40, Failures: 1, Errors: 0, Skipped: 0

[[1;34mINFO[m] [1m------------------------------------------------------------------------[m
[[1;34mINFO[m] [1;31mBUILD FAILURE[m
[[1;34mINFO[m] [1m------------------------------------------------------------------------[m
[[1;34mINFO[m] Total time:  1.464 s
[[1;34mINFO[m] Finished at: 2022-07-30T04:24:43-07:00
[[1;34mINFO[m] [1m------------------------------------------------------------------------[m
[[1;31mERROR[m] Failed to execute goal [32morg.apache.maven.plugins:maven-surefire-plugin:2.12.4:test[m [1m(default-test)[m on project [36mmaven-artifact[m: [1;31mThere are test failures.[m
[[1;31mERROR[m] [1;31m[m
[[1;31mERROR[m] [1;31mPlease refer to /home/user/Reproducibility-Scanner/benchmarks/bugs-dot-jar/maven/maven-artifact/target/surefire-reports for the individual test results.[m
[[1;31mERROR[m] -> [1m[Help 1][m
[[1;31mERROR[m] 
[[1;31mERROR[m] To see the full stack trace of the errors, re-run Maven with the [1m-e[m switch.
[[1;31mERROR[m] Re-run Maven using the [1m-X[m switch to enable full debug logging.
[[1;31mERROR[m] 
[[1;31mERROR[m] For more information about the errors and possible solutions, please read the following articles:
[[1;31mERROR[m] [1m[Help 1][m http://cwiki.apache.org/confluence/display/MAVEN/MojoFailureException