[[1;34mINFO[m] Scanning for projects...
[[1;33mWARNING[m] 
[[1;33mWARNING[m] Some problems were encountered while building the effective model for org.apache.maven:apache-maven:jar:3.0-SNAPSHOT
[[1;33mWARNING[m] The expression ${pom.version} is deprecated. Please use ${project.version} instead.
[[1;33mWARNING[m] 
[[1;33mWARNING[m] It is highly recommended to fix these problems because they threaten the stability of your build.
[[1;33mWARNING[m] 
[[1;33mWARNING[m] For this reason, future Maven versions might no longer support building such malformed projects.
[[1;33mWARNING[m] 
[[1;34mINFO[m] [1m------------------------------------------------------------------------[m
[[1;34mINFO[m] [1mReactor Build Order:[m
[[1;34mINFO[m] 
[[1;34mINFO[m] Apache Maven                                                       [pom]
[[1;34mINFO[m] Maven Lifecycle Model                                              [jar]
[[1;34mINFO[m] Maven Reporting API                                                [jar]
[[1;34mINFO[m] Maven Model                                                        [jar]
[[1;34mINFO[m] Maven Compat                                                       [jar]
[[1;34mINFO[m] Maven Plugin API                                                   [jar]
[[1;34mINFO[m] Maven Project Builder                                              [jar]
[[1;34mINFO[m] Maven Mercury                                                      [jar]
[[1;34mINFO[m] Maven Project                                                      [jar]
[[1;34mINFO[m] Maven Core                                                         [jar]
[[1;34mINFO[m] Maven Toolchains                                                   [jar]
[[1;34mINFO[m] Maven Embedder                                                     [jar]
[[1;34mINFO[m] Maven Distribution                                                 [jar]
[[1;34mINFO[m] 
[[1;34mINFO[m] [1m-----------------------< [0;36morg.apache.maven:maven[0;1m >-----------------------[m
[[1;34mINFO[m] [1mBuilding Apache Maven 3.0-SNAPSHOT                                [1/13][m
[[1;34mINFO[m] [1m--------------------------------[ pom ]---------------------------------[m
[[1;34mINFO[m] 
[[1;34mINFO[m] [1m--- [0;32mmaven-remote-resources-plugin:1.0:process[m [1m(default)[m @ [36mmaven[0;1m ---[m
[[1;34mINFO[m] Setting property: classpath.resource.loader.class => 'org.codehaus.plexus.velocity.ContextClassLoaderResourceLoader'.
[[1;34mINFO[m] Setting property: velocimacro.messages.on => 'false'.
[[1;34mINFO[m] Setting property: resource.loader => 'classpath'.
[[1;34mINFO[m] Setting property: resource.manager.logwhenfound => 'false'.
[[1;34mINFO[m] 
[[1;34mINFO[m] [1m--- [0;32mmaven-install-plugin:2.2:install[m [1m(default-install)[m @ [36mmaven[0;1m ---[m
[[1;34mINFO[m] Installing /home/user/Workspace/reproducibility/Reproducibility-Scanner/benchmarks/bugs-dot-jar/maven/pom.xml to /home/user/.m2/repository/org/apache/maven/maven/3.0-SNAPSHOT/maven-3.0-SNAPSHOT.pom
[[1;34mINFO[m] 
[[1;34mINFO[m] [1m------------------< [0;36morg.apache.maven:maven-lifecycle[0;1m >------------------[m
[[1;34mINFO[m] [1mBuilding Maven Lifecycle Model 3.0-SNAPSHOT                       [2/13][m
[[1;34mINFO[m] [1m--------------------------------[ jar ]---------------------------------[m
Downloading from central: https://repo.maven.apache.org/maven2/org/codehaus/modello/modello-maven-plugin/1.0-alpha-22/modello-maven-plugin-1.0-alpha-22.pom
Progress (1): 2.7/2.8 kBProgress (1): 2.8 kB                        Downloaded from central: https://repo.maven.apache.org/maven2/org/codehaus/modello/modello-maven-plugin/1.0-alpha-22/modello-maven-plugin-1.0-alpha-22.pom (2.8 kB at 5.6 kB/s)
Downloading from central: https://repo.maven.apache.org/maven2/org/codehaus/modello/modello/1.0-alpha-22/modello-1.0-alpha-22.pom
Progress (1): 2.7/18 kBProgress (1): 5.5/18 kBProgress (1): 8.2/18 kBProgress (1): 11/18 kB Progress (1): 14/18 kBProgress (1): 16/18 kBProgress (1): 18 kB                      Downloaded from central: https://repo.maven.apache.org/maven2/org/codehaus/modello/modello/1.0-alpha-22/modello-1.0-alpha-22.pom (18 kB at 118 kB/s)
Downloading from central: https://repo.maven.apache.org/maven2/org/codehaus/modello/modello-maven-plugin/1.0-alpha-22/modello-maven-plugin-1.0-alpha-22.jar
Progress (1): 2.7/16 kBProgress (1): 5.5/16 kBProgress (1): 8.2/16 kBProgress (1): 11/16 kB Progress (1): 14/16 kBProgress (1): 16/16 kBProgress (1): 16 kB                      Downloaded from central: https://repo.maven.apache.org/maven2/org/codehaus/modello/modello-maven-plugin/1.0-alpha-22/modello-maven-plugin-1.0-alpha-22.jar (16 kB at 56 kB/s)
Downloading from central: https://repo.maven.apache.org/maven2/org/apache/maven/plugins/maven-resources-plugin/2.3/maven-resources-plugin-2.3.pom
Progress (1): 2.7/4.7 kBProgress (1): 4.7 kB                        Downloaded from central: https://repo.maven.apache.org/maven2/org/apache/maven/plugins/maven-resources-plugin/2.3/maven-resources-plugin-2.3.pom (4.7 kB at 120 kB/s)
Downloading from central: https://repo.maven.apache.org/maven2/org/apache/maven/plugins/maven-resources-plugin/2.3/maven-resources-plugin-2.3.jar
Progress (1): 2.7/21 kBProgress (1): 5.5/21 kBProgress (1): 8.2/21 kBProgress (1): 11/21 kB Progress (1): 14/21 kBProgress (1): 16/21 kBProgress (1): 20/21 kBProgress (1): 21 kB                      Downloaded from central: https://repo.maven.apache.org/maven2/org/apache/maven/plugins/maven-resources-plugin/2.3/maven-resources-plugin-2.3.jar (21 kB at 264 kB/s)
Downloading from central: https://repo.maven.apache.org/maven2/org/apache/maven/plugins/maven-jar-plugin/2.1/maven-jar-plugin-2.1.pom
Progress (1): 2.1 kB                    Downloaded from central: https://repo.maven.apache.org/maven2/org/apache/maven/plugins/maven-jar-plugin/2.1/maven-jar-plugin-2.1.pom (2.1 kB at 58 kB/s)
Downloading from central: https://repo.maven.apache.org/maven2/org/apache/maven/plugins/maven-plugins/3/maven-plugins-3.pom
Progress (1): 4.1/6.5 kBProgress (1): 6.5 kB                        Downloaded from central: https://repo.maven.apache.org/maven2/org/apache/maven/plugins/maven-plugins/3/maven-plugins-3.pom (6.5 kB at 80 kB/s)
Downloading from central: https://repo.maven.apache.org/maven2/org/apache/maven/plugins/maven-jar-plugin/2.1/maven-jar-plugin-2.1.jar
Progress (1): 4.1/19 kBProgress (1): 8.2/19 kBProgress (1): 12/19 kB Progress (1): 16/19 kBProgress (1): 19 kB                      Downloaded from central: https://repo.maven.apache.org/maven2/org/apache/maven/plugins/maven-jar-plugin/2.1/maven-jar-plugin-2.1.jar (19 kB at 210 kB/s)
Downloading from central: https://repo.maven.apache.org/maven2/org/codehaus/plexus/plexus-classworlds/1.3/plexus-classworlds-1.3.jar
Progress (1): 4.1/43 kBProgress (1): 8.2/43 kBProgress (1): 12/43 kB Progress (1): 16/43 kBProgress (1): 20/43 kBProgress (1): 24/43 kBProgress (1): 28/43 kBProgress (1): 32/43 kBProgress (1): 36/43 kBProgress (1): 40/43 kBProgress (1): 43 kB                      Downloaded from central: https://repo.maven.apache.org/maven2/org/codehaus/plexus/plexus-classworlds/1.3/plexus-classworlds-1.3.jar (43 kB at 270 kB/s)
[[1;34mINFO[m] 
[[1;34mINFO[m] [1m--- [0;32mmodello-maven-plugin:1.0-alpha-22:java[m [1m(standard)[m @ [36mmaven-lifecycle[0;1m ---[m
Downloading from central: https://repo.maven.apache.org/maven2/org/codehaus/modello/modello-core/1.0-alpha-22/modello-core-1.0-alpha-22.pom
Progress (1): 1.3 kB                    Downloaded from central: https://repo.maven.apache.org/maven2/org/codehaus/modello/modello-core/1.0-alpha-22/modello-core-1.0-alpha-22.pom (1.3 kB at 6.1 kB/s)
Downloading from central: https://repo.maven.apache.org/maven2/org/codehaus/modello/modello-plugin-converters/1.0-alpha-22/modello-plugin-converters-1.0-alpha-22.pom
Progress (1): 1.1 kB                    Downloaded from central: https://repo.maven.apache.org/maven2/org/codehaus/modello/modello-plugin-converters/1.0-alpha-22/modello-plugin-converters-1.0-alpha-22.pom (1.1 kB at 5.5 kB/s)
Downloading from central: https://repo.maven.apache.org/maven2/org/codehaus/modello/modello-plugins/1.0-alpha-22/modello-plugins-1.0-alpha-22.pom
Progress (1): 1.3 kB                    Downloaded from central: https://repo.maven.apache.org/maven2/org/codehaus/modello/modello-plugins/1.0-alpha-22/modello-plugins-1.0-alpha-22.pom (1.3 kB at 9.8 kB/s)
Downloading from central: https://repo.maven.apache.org/maven2/org/codehaus/modello/modello-plugin-dom4j/1.0-alpha-22/modello-plugin-dom4j-1.0-alpha-22.pom
Progress (1): 1.1 kB                    Downloaded from central: https://repo.maven.apache.org/maven2/org/codehaus/modello/modello-plugin-dom4j/1.0-alpha-22/modello-plugin-dom4j-1.0-alpha-22.pom (1.1 kB at 7.2 kB/s)
Downloading from central: https://repo.maven.apache.org/maven2/org/codehaus/modello/modello-plugin-xml/1.0-alpha-22/modello-plugin-xml-1.0-alpha-22.pom
Progress (1): 516 B                   Downloaded from central: https://repo.maven.apache.org/maven2/org/codehaus/modello/modello-plugin-xml/1.0-alpha-22/modello-plugin-xml-1.0-alpha-22.pom (516 B at 3.5 kB/s)
Downloading from central: https://repo.maven.apache.org/maven2/org/codehaus/modello/modello-plugin-jdom/1.0-alpha-22/modello-plugin-jdom-1.0-alpha-22.pom
Progress (1): 810 B                   Downloaded from central: https://repo.maven.apache.org/maven2/org/codehaus/modello/modello-plugin-jdom/1.0-alpha-22/modello-plugin-jdom-1.0-alpha-22.pom (810 B at 5.4 kB/s)
Downloading from central: https://repo.maven.apache.org/maven2/org/codehaus/modello/modello-plugin-stax/1.0-alpha-22/modello-plugin-stax-1.0-alpha-22.pom
Progress (1): 2.1 kB                    Downloaded from central: https://repo.maven.apache.org/maven2/org/codehaus/modello/modello-plugin-stax/1.0-alpha-22/modello-plugin-stax-1.0-alpha-22.pom (2.1 kB at 8.9 kB/s)
Downloading from central: https://repo.maven.apache.org/maven2/org/codehaus/modello/modello-plugin-xdoc/1.0-alpha-22/modello-plugin-xdoc-1.0-alpha-22.pom
Progress (1): 685 B                   Downloaded from central: https://repo.maven.apache.org/maven2/org/codehaus/modello/modello-plugin-xdoc/1.0-alpha-22/modello-plugin-xdoc-1.0-alpha-22.pom (685 B at 2.5 kB/s)
Downloading from central: https://repo.maven.apache.org/maven2/org/codehaus/modello/modello-plugin-xpp3/1.0-alpha-22/modello-plugin-xpp3-1.0-alpha-22.pom
Progress (1): 1.0 kB                    Downloaded from central: https://repo.maven.apache.org/maven2/org/codehaus/modello/modello-plugin-xpp3/1.0-alpha-22/modello-plugin-xpp3-1.0-alpha-22.pom (1.0 kB at 6.9 kB/s)
Downloading from central: https://repo.maven.apache.org/maven2/org/codehaus/modello/modello-plugin-xsd/1.0-alpha-22/modello-plugin-xsd-1.0-alpha-22.pom
Progress (1): 1.1 kB                    Downloaded from central: https://repo.maven.apache.org/maven2/org/codehaus/modello/modello-plugin-xsd/1.0-alpha-22/modello-plugin-xsd-1.0-alpha-22.pom (1.1 kB at 3.9 kB/s)
Downloading from central: https://repo.maven.apache.org/maven2/org/codehaus/modello/modello-core/1.0-alpha-22/modello-core-1.0-alpha-22.jar
Downloading from central: https://repo.maven.apache.org/maven2/org/codehaus/modello/modello-plugin-converters/1.0-alpha-22/modello-plugin-converters-1.0-alpha-22.jar
Downloading from central: https://repo.maven.apache.org/maven2/org/codehaus/modello/modello-plugin-xml/1.0-alpha-22/modello-plugin-xml-1.0-alpha-22.jar
Downloading from central: https://repo.maven.apache.org/maven2/org/codehaus/modello/modello-plugin-dom4j/1.0-alpha-22/modello-plugin-dom4j-1.0-alpha-22.jar
Downloading from central: https://repo.maven.apache.org/maven2/org/codehaus/modello/modello-plugin-jdom/1.0-alpha-22/modello-plugin-jdom-1.0-alpha-22.jar
Progress (1): 2.7/10 kBProgress (1): 5.5/10 kBProgress (1): 8.2/10 kBProgress (1): 10 kB                       Downloaded from central: https://repo.maven.apache.org/maven2/org/codehaus/modello/modello-plugin-xml/1.0-alpha-22/modello-plugin-xml-1.0-alpha-22.jar (10 kB at 51 kB/s)
Downloading from central: https://repo.maven.apache.org/maven2/org/codehaus/modello/modello-plugin-stax/1.0-alpha-22/modello-plugin-stax-1.0-alpha-22.jar
Progress (1): 2.7/18 kBProgress (1): 5.5/18 kBProgress (1): 8.2/18 kBProgress (1): 11/18 kB Progress (1): 14/18 kBProgress (1): 16/18 kBProgress (1): 18 kB   Progress (2): 18 kB | 4.1/122 kBProgress (2): 18 kB | 8.2/122 kBProgress (2): 18 kB | 12/122 kB Progress (2): 18 kB | 16/122 kBProgress (2): 18 kB | 20/122 kBProgress (2): 18 kB | 24/122 kBProgress (2): 18 kB | 28/122 kBProgress (2): 18 kB | 32/122 kBProgress (2): 18 kB | 36/122 kBProgress (2): 18 kB | 40/122 kBProgress (2): 18 kB | 45/122 kBProgress (2): 18 kB | 49/122 kBProgress (2): 18 kB | 53/122 kBProgress (2): 18 kB | 57/122 kBProgress (2): 18 kB | 61/122 kBProgress (2): 18 kB | 65/122 kBProgress (2): 18 kB | 69/122 kBProgress (2): 18 kB | 73/122 kBProgress (2): 18 kB | 77/122 kBProgress (2): 18 kB | 81/122 kBProgress (2): 18 kB | 85/122 kBProgress (2): 18 kB | 90/122 kBProgress (2): 18 kB | 94/122 kBProgress (2): 18 kB | 98/122 kBProgress (2): 18 kB | 102/122 kBProgress (2): 18 kB | 106/122 kBProgress (2): 18 kB | 110/122 kBProgress (2): 18 kB | 114/122 kBProgress (2): 18 kB | 118/122 kBProgress (2): 18 kB | 122 kB    Progress (3): 18 kB | 122 kB | 2.7/9.2 kBProgress (3): 18 kB | 122 kB | 5.5/9.2 kBProgress (3): 18 kB | 122 kB | 8.2/9.2 kBProgress (3): 18 kB | 122 kB | 9.2 kB    Progress (4): 18 kB | 122 kB | 9.2 kB | 2.7/31 kBProgress (4): 18 kB | 122 kB | 9.2 kB | 5.5/31 kBProgress (4): 18 kB | 122 kB | 9.2 kB | 8.2/31 kBProgress (4): 18 kB | 122 kB | 9.2 kB | 11/31 kB Progress (4): 18 kB | 122 kB | 9.2 kB | 14/31 kBProgress (4): 18 kB | 122 kB | 9.2 kB | 16/31 kBProgress (4): 18 kB | 122 kB | 9.2 kB | 19/31 kB                                                Downloaded from central: https://repo.maven.apache.org/maven2/org/codehaus/modello/modello-plugin-dom4j/1.0-alpha-22/modello-plugin-dom4j-1.0-alpha-22.jar (18 kB at 66 kB/s)
Downloading from central: https://repo.maven.apache.org/maven2/org/codehaus/modello/modello-plugin-xdoc/1.0-alpha-22/modello-plugin-xdoc-1.0-alpha-22.jar
Progress (3): 122 kB | 9.2 kB | 21/31 kBProgress (3): 122 kB | 9.2 kB | 24/31 kBProgress (3): 122 kB | 9.2 kB | 27/31 kBProgress (3): 122 kB | 9.2 kB | 30/31 kBProgress (3): 122 kB | 9.2 kB | 31 kB   Progress (4): 122 kB | 9.2 kB | 31 kB | 2.7/14 kBProgress (4): 122 kB | 9.2 kB | 31 kB | 5.5/14 kBProgress (4): 122 kB | 9.2 kB | 31 kB | 8.2/14 kBProgress (4): 122 kB | 9.2 kB | 31 kB | 11/14 kB Progress (4): 122 kB | 9.2 kB | 31 kB | 14/14 kBProgress (4): 122 kB | 9.2 kB | 31 kB | 14 kB   Progress (5): 122 kB | 9.2 kB | 31 kB | 14 kB | 2.7/8.1 kBProgress (5): 122 kB | 9.2 kB | 31 kB | 14 kB | 5.5/8.1 kBProgress (5): 122 kB | 9.2 kB | 31 kB | 14 kB | 8.1 kB                                                          Downloaded from central: https://repo.maven.apache.org/maven2/org/codehaus/modello/modello-plugin-stax/1.0-alpha-22/modello-plugin-stax-1.0-alpha-22.jar (31 kB at 87 kB/s)
Downloading from central: https://repo.maven.apache.org/maven2/org/codehaus/modello/modello-plugin-xpp3/1.0-alpha-22/modello-plugin-xpp3-1.0-alpha-22.jar
Downloaded from central: https://repo.maven.apache.org/maven2/org/codehaus/modello/modello-plugin-jdom/1.0-alpha-22/modello-plugin-jdom-1.0-alpha-22.jar (14 kB at 38 kB/s)
Downloading from central: https://repo.maven.apache.org/maven2/org/codehaus/modello/modello-plugin-xsd/1.0-alpha-22/modello-plugin-xsd-1.0-alpha-22.jar
Downloaded from central: https://repo.maven.apache.org/maven2/org/codehaus/modello/modello-core/1.0-alpha-22/modello-core-1.0-alpha-22.jar (122 kB at 328 kB/s)
Downloaded from central: https://repo.maven.apache.org/maven2/org/codehaus/modello/modello-plugin-converters/1.0-alpha-22/modello-plugin-converters-1.0-alpha-22.jar (9.2 kB at 23 kB/s)
Downloaded from central: https://repo.maven.apache.org/maven2/org/codehaus/modello/modello-plugin-xdoc/1.0-alpha-22/modello-plugin-xdoc-1.0-alpha-22.jar (8.1 kB at 20 kB/s)
Progress (1): 2.7/23 kBProgress (1): 5.5/23 kBProgress (1): 8.2/23 kBProgress (1): 11/23 kB Progress (1): 14/23 kBProgress (1): 16/23 kBProgress (1): 20/23 kBProgress (1): 23 kB   Progress (2): 23 kB | 2.7/14 kBProgress (2): 23 kB | 5.5/14 kBProgress (2): 23 kB | 8.2/14 kBProgress (2): 23 kB | 11/14 kB Progress (2): 23 kB | 14 kB                              Downloaded from central: https://repo.maven.apache.org/maven2/org/codehaus/modello/modello-plugin-xpp3/1.0-alpha-22/modello-plugin-xpp3-1.0-alpha-22.jar (23 kB at 41 kB/s)
Downloaded from central: https://repo.maven.apache.org/maven2/org/codehaus/modello/modello-plugin-xsd/1.0-alpha-22/modello-plugin-xsd-1.0-alpha-22.jar (14 kB at 22 kB/s)
[[1;34mINFO[m] outputDirectory: /home/user/Workspace/reproducibility/Reproducibility-Scanner/benchmarks/bugs-dot-jar/maven/maven-lifecycle/target/generated-sources/modello
[[1;34mINFO[m] Working on model: src/main/mdo/maven-lifecycle.mdo
[[1;34mINFO[m] Generating current version: 1.0.0
[[1;34mINFO[m] 
[[1;34mINFO[m] [1m--- [0;32mmodello-maven-plugin:1.0-alpha-22:xpp3-reader[m [1m(standard)[m @ [36mmaven-lifecycle[0;1m ---[m
[[1;34mINFO[m] outputDirectory: /home/user/Workspace/reproducibility/Reproducibility-Scanner/benchmarks/bugs-dot-jar/maven/maven-lifecycle/target/generated-sources/modello
[[1;34mINFO[m] Working on model: src/main/mdo/maven-lifecycle.mdo
[[1;34mINFO[m] Generating current version: 1.0.0
[[1;34mINFO[m] 
[[1;34mINFO[m] [1m--- [0;32mmodello-maven-plugin:1.0-alpha-22:xpp3-writer[m [1m(standard)[m @ [36mmaven-lifecycle[0;1m ---[m
[[1;34mINFO[m] outputDirectory: /home/user/Workspace/reproducibility/Reproducibility-Scanner/benchmarks/bugs-dot-jar/maven/maven-lifecycle/target/generated-sources/modello
[[1;34mINFO[m] Working on model: src/main/mdo/maven-lifecycle.mdo
[[1;34mINFO[m] Generating current version: 1.0.0
[[1;34mINFO[m] 
[[1;34mINFO[m] [1m--- [0;32mmaven-remote-resources-plugin:1.0:process[m [1m(default)[m @ [36mmaven-lifecycle[0;1m ---[m
[[1;34mINFO[m] 
[[1;34mINFO[m] [1m--- [0;32mmaven-resources-plugin:2.3:resources[m [1m(default-resources)[m @ [36mmaven-lifecycle[0;1m ---[m
[[1;34mINFO[m] Using 'UTF-8' encoding to copy filtered resources.
[[1;34mINFO[m] skip non existing resourceDirectory /home/user/Workspace/reproducibility/Reproducibility-Scanner/benchmarks/bugs-dot-jar/maven/maven-lifecycle/src/main/resources
[[1;34mINFO[m] Copying 3 resources
[[1;34mINFO[m] 
[[1;34mINFO[m] [1m--- [0;32mmaven-compiler-plugin:2.0.2:compile[m [1m(default-compile)[m @ [36mmaven-lifecycle[0;1m ---[m
[[1;34mINFO[m] Compiling 18 source files to /home/user/Workspace/reproducibility/Reproducibility-Scanner/benchmarks/bugs-dot-jar/maven/maven-lifecycle/target/classes
[[1;34mINFO[m] 
[[1;34mINFO[m] [1m--- [0;32mmaven-resources-plugin:2.3:testResources[m [1m(default-testResources)[m @ [36mmaven-lifecycle[0;1m ---[m
[[1;34mINFO[m] Using 'UTF-8' encoding to copy filtered resources.
[[1;34mINFO[m] Copying 2 resources
[[1;34mINFO[m] Copying 3 resources
[[1;34mINFO[m] 
[[1;34mINFO[m] [1m--- [0;32mmaven-compiler-plugin:2.0.2:testCompile[m [1m(default-testCompile)[m @ [36mmaven-lifecycle[0;1m ---[m
[[1;34mINFO[m] Compiling 2 source files to /home/user/Workspace/reproducibility/Reproducibility-Scanner/benchmarks/bugs-dot-jar/maven/maven-lifecycle/target/test-classes
[[1;34mINFO[m] 
[[1;34mINFO[m] [1m--- [0;32mmaven-surefire-plugin:2.4.2:test[m [1m(default-test)[m @ [36mmaven-lifecycle[0;1m ---[m
[[1;34mINFO[m] Tests are skipped.
[[1;34mINFO[m] 
[[1;34mINFO[m] [1m--- [0;32mmaven-jar-plugin:2.1:jar[m [1m(default-jar)[m @ [36mmaven-lifecycle[0;1m ---[m
[[1;34mINFO[m] Building jar: /home/user/Workspace/reproducibility/Reproducibility-Scanner/benchmarks/bugs-dot-jar/maven/maven-lifecycle/target/maven-lifecycle-3.0-SNAPSHOT.jar
[[1;34mINFO[m] 
[[1;34mINFO[m] [1m--- [0;32mmaven-install-plugin:2.2:install[m [1m(default-install)[m @ [36mmaven-lifecycle[0;1m ---[m
[[1;34mINFO[m] Installing /home/user/Workspace/reproducibility/Reproducibility-Scanner/benchmarks/bugs-dot-jar/maven/maven-lifecycle/target/maven-lifecycle-3.0-SNAPSHOT.jar to /home/user/.m2/repository/org/apache/maven/maven-lifecycle/3.0-SNAPSHOT/maven-lifecycle-3.0-SNAPSHOT.jar
[[1;34mINFO[m] Installing /home/user/Workspace/reproducibility/Reproducibility-Scanner/benchmarks/bugs-dot-jar/maven/maven-lifecycle/pom.xml to /home/user/.m2/repository/org/apache/maven/maven-lifecycle/3.0-SNAPSHOT/maven-lifecycle-3.0-SNAPSHOT.pom
[[1;34mINFO[m] 
[[1;34mINFO[m] [1m----------------< [0;36morg.apache.maven:maven-reporting-api[0;1m >----------------[m
[[1;34mINFO[m] [1mBuilding Maven Reporting API 3.0-SNAPSHOT                         [3/13][m
[[1;34mINFO[m] [1m--------------------------------[ jar ]---------------------------------[m
[[1;34mINFO[m] 
[[1;34mINFO[m] [1m--- [0;32mmaven-remote-resources-plugin:1.0:process[m [1m(default)[m @ [36mmaven-reporting-api[0;1m ---[m
[[1;34mINFO[m] 
[[1;34mINFO[m] [1m--- [0;32mmaven-resources-plugin:2.3:resources[m [1m(default-resources)[m @ [36mmaven-reporting-api[0;1m ---[m
[[1;34mINFO[m] Using 'UTF-8' encoding to copy filtered resources.
[[1;34mINFO[m] Copying 1 resource
[[1;34mINFO[m] Copying 3 resources
[[1;34mINFO[m] 
[[1;34mINFO[m] [1m--- [0;32mmaven-compiler-plugin:2.0.2:compile[m [1m(default-compile)[m @ [36mmaven-reporting-api[0;1m ---[m
[[1;34mINFO[m] Compiling 4 source files to /home/user/Workspace/reproducibility/Reproducibility-Scanner/benchmarks/bugs-dot-jar/maven/maven-reporting-api/target/classes
[[1;34mINFO[m] 
[[1;34mINFO[m] [1m--- [0;32mmaven-resources-plugin:2.3:testResources[m [1m(default-testResources)[m @ [36mmaven-reporting-api[0;1m ---[m
[[1;34mINFO[m] Using 'UTF-8' encoding to copy filtered resources.
[[1;34mINFO[m] skip non existing resourceDirectory /home/user/Workspace/reproducibility/Reproducibility-Scanner/benchmarks/bugs-dot-jar/maven/maven-reporting-api/src/test/resources
[[1;34mINFO[m] Copying 3 resources
[[1;34mINFO[m] 
[[1;34mINFO[m] [1m--- [0;32mmaven-compiler-plugin:2.0.2:testCompile[m [1m(default-testCompile)[m @ [36mmaven-reporting-api[0;1m ---[m
[[1;34mINFO[m] No sources to compile
[[1;34mINFO[m] 
[[1;34mINFO[m] [1m--- [0;32mmaven-surefire-plugin:2.4.2:test[m [1m(default-test)[m @ [36mmaven-reporting-api[0;1m ---[m
[[1;34mINFO[m] Tests are skipped.
[[1;34mINFO[m] 
[[1;34mINFO[m] [1m--- [0;32mmaven-jar-plugin:2.1:jar[m [1m(default-jar)[m @ [36mmaven-reporting-api[0;1m ---[m
[[1;34mINFO[m] Building jar: /home/user/Workspace/reproducibility/Reproducibility-Scanner/benchmarks/bugs-dot-jar/maven/maven-reporting-api/target/maven-reporting-api-3.0-SNAPSHOT.jar
[[1;34mINFO[m] 
[[1;34mINFO[m] [1m--- [0;32mmaven-install-plugin:2.2:install[m [1m(default-install)[m @ [36mmaven-reporting-api[0;1m ---[m
[[1;34mINFO[m] Installing /home/user/Workspace/reproducibility/Reproducibility-Scanner/benchmarks/bugs-dot-jar/maven/maven-reporting-api/target/maven-reporting-api-3.0-SNAPSHOT.jar to /home/user/.m2/repository/org/apache/maven/maven-reporting-api/3.0-SNAPSHOT/maven-reporting-api-3.0-SNAPSHOT.jar
[[1;34mINFO[m] Installing /home/user/Workspace/reproducibility/Reproducibility-Scanner/benchmarks/bugs-dot-jar/maven/maven-reporting-api/pom.xml to /home/user/.m2/repository/org/apache/maven/maven-reporting-api/3.0-SNAPSHOT/maven-reporting-api-3.0-SNAPSHOT.pom
[[1;34mINFO[m] 
[[1;34mINFO[m] [1m--------------------< [0;36morg.apache.maven:maven-model[0;1m >--------------------[m
[[1;34mINFO[m] [1mBuilding Maven Model 3.0-SNAPSHOT                                 [4/13][m
[[1;34mINFO[m] [1m--------------------------------[ jar ]---------------------------------[m
[[1;34mINFO[m] 
[[1;34mINFO[m] [1m--- [0;32mmodello-maven-plugin:1.0-alpha-22:java[m [1m(standard)[m @ [36mmaven-model[0;1m ---[m
[[1;34mINFO[m] outputDirectory: /home/user/Workspace/reproducibility/Reproducibility-Scanner/benchmarks/bugs-dot-jar/maven/maven-model/target/generated-sources/modello
[[1;34mINFO[m] Working on model: src/main/mdo/maven.mdo
[[1;34mINFO[m] Generating current version: 4.0.0
[[1;34mINFO[m] 
[[1;34mINFO[m] [1m--- [0;32mmodello-maven-plugin:1.0-alpha-22:xpp3-reader[m [1m(standard)[m @ [36mmaven-model[0;1m ---[m
[[1;34mINFO[m] outputDirectory: /home/user/Workspace/reproducibility/Reproducibility-Scanner/benchmarks/bugs-dot-jar/maven/maven-model/target/generated-sources/modello
[[1;34mINFO[m] Working on model: src/main/mdo/maven.mdo
[[1;34mINFO[m] Generating current version: 4.0.0
[[1;34mINFO[m] 
[[1;34mINFO[m] [1m--- [0;32mmodello-maven-plugin:1.0-alpha-22:xpp3-writer[m [1m(standard)[m @ [36mmaven-model[0;1m ---[m
[[1;34mINFO[m] outputDirectory: /home/user/Workspace/reproducibility/Reproducibility-Scanner/benchmarks/bugs-dot-jar/maven/maven-model/target/generated-sources/modello
[[1;34mINFO[m] Working on model: src/main/mdo/maven.mdo
[[1;34mINFO[m] Generating current version: 4.0.0
[[1;34mINFO[m] 
[[1;34mINFO[m] [1m--- [0;32mmaven-remote-resources-plugin:1.0:process[m [1m(default)[m @ [36mmaven-model[0;1m ---[m
[[1;34mINFO[m] 
[[1;34mINFO[m] [1m--- [0;32mmaven-resources-plugin:2.3:resources[m [1m(default-resources)[m @ [36mmaven-model[0;1m ---[m
[[1;34mINFO[m] Using 'UTF-8' encoding to copy filtered resources.
[[1;34mINFO[m] skip non existing resourceDirectory /home/user/Workspace/reproducibility/Reproducibility-Scanner/benchmarks/bugs-dot-jar/maven/maven-model/src/main/resources
[[1;34mINFO[m] Copying 3 resources
[[1;34mINFO[m] 
[[1;34mINFO[m] [1m--- [0;32mmaven-compiler-plugin:2.0.2:compile[m [1m(default-compile)[m @ [36mmaven-model[0;1m ---[m
[[1;34mINFO[m] Compiling 45 source files to /home/user/Workspace/reproducibility/Reproducibility-Scanner/benchmarks/bugs-dot-jar/maven/maven-model/target/classes
[[1;34mINFO[m] 
[[1;34mINFO[m] [1m--- [0;32mmaven-resources-plugin:2.3:testResources[m [1m(default-testResources)[m @ [36mmaven-model[0;1m ---[m
[[1;34mINFO[m] Using 'UTF-8' encoding to copy filtered resources.
[[1;34mINFO[m] skip non existing resourceDirectory /home/user/Workspace/reproducibility/Reproducibility-Scanner/benchmarks/bugs-dot-jar/maven/maven-model/src/test/resources
[[1;34mINFO[m] Copying 3 resources
[[1;34mINFO[m] 
[[1;34mINFO[m] [1m--- [0;32mmaven-compiler-plugin:2.0.2:testCompile[m [1m(default-testCompile)[m @ [36mmaven-model[0;1m ---[m
[[1;34mINFO[m] Compiling 37 source files to /home/user/Workspace/reproducibility/Reproducibility-Scanner/benchmarks/bugs-dot-jar/maven/maven-model/target/test-classes
[[1;34mINFO[m] 
[[1;34mINFO[m] [1m--- [0;32mmaven-surefire-plugin:2.4.2:test[m [1m(default-test)[m @ [36mmaven-model[0;1m ---[m
[[1;34mINFO[m] Tests are skipped.
[[1;34mINFO[m] 
[[1;34mINFO[m] [1m--- [0;32mmaven-jar-plugin:2.1:jar[m [1m(default-jar)[m @ [36mmaven-model[0;1m ---[m
[[1;34mINFO[m] Building jar: /home/user/Workspace/reproducibility/Reproducibility-Scanner/benchmarks/bugs-dot-jar/maven/maven-model/target/maven-model-3.0-SNAPSHOT.jar
[[1;34mINFO[m] 
[[1;34mINFO[m] [1m--- [0;32mmaven-install-plugin:2.2:install[m [1m(default-install)[m @ [36mmaven-model[0;1m ---[m
[[1;34mINFO[m] Installing /home/user/Workspace/reproducibility/Reproducibility-Scanner/benchmarks/bugs-dot-jar/maven/maven-model/target/maven-model-3.0-SNAPSHOT.jar to /home/user/.m2/repository/org/apache/maven/maven-model/3.0-SNAPSHOT/maven-model-3.0-SNAPSHOT.jar
[[1;34mINFO[m] Installing /home/user/Workspace/reproducibility/Reproducibility-Scanner/benchmarks/bugs-dot-jar/maven/maven-model/pom.xml to /home/user/.m2/repository/org/apache/maven/maven-model/3.0-SNAPSHOT/maven-model-3.0-SNAPSHOT.pom
[[1;34mINFO[m] 
[[1;34mINFO[m] [1m-------------------< [0;36morg.apache.maven:maven-compat[0;1m >--------------------[m
[[1;34mINFO[m] [1mBuilding Maven Compat 3.0-SNAPSHOT                                [5/13][m
[[1;34mINFO[m] [1m--------------------------------[ jar ]---------------------------------[m
Downloading from central: https://repo.maven.apache.org/maven2/org/codehaus/plexus/plexus-component-metadata/1.0-beta-3.0.5/plexus-component-metadata-1.0-beta-3.0.5.pom
Progress (1): 2.7/3.3 kBProgress (1): 3.3 kB                        Downloaded from central: https://repo.maven.apache.org/maven2/org/codehaus/plexus/plexus-component-metadata/1.0-beta-3.0.5/plexus-component-metadata-1.0-beta-3.0.5.pom (3.3 kB at 23 kB/s)
Downloading from central: https://repo.maven.apache.org/maven2/org/codehaus/plexus/plexus-component-metadata/1.0-beta-3.0.5/plexus-component-metadata-1.0-beta-3.0.5.jar
Progress (1): 2.7/82 kBProgress (1): 5.5/82 kBProgress (1): 8.2/82 kBProgress (1): 11/82 kB Progress (1): 14/82 kBProgress (1): 16/82 kBProgress (1): 20/82 kBProgress (1): 24/82 kBProgress (1): 28/82 kBProgress (1): 32/82 kBProgress (1): 36/82 kBProgress (1): 40/82 kBProgress (1): 45/82 kBProgress (1): 49/82 kBProgress (1): 53/82 kBProgress (1): 57/82 kBProgress (1): 61/82 kBProgress (1): 65/82 kBProgress (1): 69/82 kBProgress (1): 73/82 kBProgress (1): 77/82 kBProgress (1): 81/82 kBProgress (1): 82 kB                      Downloaded from central: https://repo.maven.apache.org/maven2/org/codehaus/plexus/plexus-component-metadata/1.0-beta-3.0.5/plexus-component-metadata-1.0-beta-3.0.5.jar (82 kB at 534 kB/s)
Downloading from central: https://repo.maven.apache.org/maven2/org/apache/maven/wagon/wagon-file/1.0-beta-4/wagon-file-1.0-beta-4.pom
Progress (1): 575 B                   Downloaded from central: https://repo.maven.apache.org/maven2/org/apache/maven/wagon/wagon-file/1.0-beta-4/wagon-file-1.0-beta-4.pom (575 B at 2.9 kB/s)
Downloading from central: https://repo.maven.apache.org/maven2/org/apache/maven/wagon/wagon-providers/1.0-beta-4/wagon-providers-1.0-beta-4.pom
Progress (1): 1.3 kB                    Downloaded from central: https://repo.maven.apache.org/maven2/org/apache/maven/wagon/wagon-providers/1.0-beta-4/wagon-providers-1.0-beta-4.pom (1.3 kB at 8.8 kB/s)
Downloading from central: https://repo.maven.apache.org/maven2/org/codehaus/plexus/plexus-component-annotations/1.0-beta-3.0.5/plexus-component-annotations-1.0-beta-3.0.5.jar
Downloading from central: https://repo.maven.apache.org/maven2/org/apache/maven/wagon/wagon-file/1.0-beta-4/wagon-file-1.0-beta-4.jar
Progress (1): 4.1/4.1 kBProgress (1): 4.1 kB    Progress (2): 4.1 kB | 4.1/10 kBProgress (2): 4.1 kB | 8.2/10 kBProgress (2): 4.1 kB | 10 kB                                Downloaded from central: https://repo.maven.apache.org/maven2/org/codehaus/plexus/plexus-component-annotations/1.0-beta-3.0.5/plexus-component-annotations-1.0-beta-3.0.5.jar (4.1 kB at 51 kB/s)
Downloaded from central: https://repo.maven.apache.org/maven2/org/apache/maven/wagon/wagon-file/1.0-beta-4/wagon-file-1.0-beta-4.jar (10 kB at 71 kB/s)
[[1;34mINFO[m] 
[[1;34mINFO[m] [1m--- [0;32mmodello-maven-plugin:1.0-alpha-22:java[m [1m(standard)[m @ [36mmaven-compat[0;1m ---[m
[[1;34mINFO[m] outputDirectory: /home/user/Workspace/reproducibility/Reproducibility-Scanner/benchmarks/bugs-dot-jar/maven/maven-compat/target/generated-sources/modello
[[1;34mINFO[m] Working on model: src/main/mdo/metadata.mdo
[[1;34mINFO[m] Generating current version: 1.0.0
[[1;34mINFO[m] 
[[1;34mINFO[m] [1m--- [0;32mmodello-maven-plugin:1.0-alpha-22:xpp3-reader[m [1m(standard)[m @ [36mmaven-compat[0;1m ---[m
[[1;34mINFO[m] outputDirectory: /home/user/Workspace/reproducibility/Reproducibility-Scanner/benchmarks/bugs-dot-jar/maven/maven-compat/target/generated-sources/modello
[[1;34mINFO[m] Working on model: src/main/mdo/metadata.mdo
[[1;34mINFO[m] Generating current version: 1.0.0
[[1;34mINFO[m] 
[[1;34mINFO[m] [1m--- [0;32mmodello-maven-plugin:1.0-alpha-22:xpp3-writer[m [1m(standard)[m @ [36mmaven-compat[0;1m ---[m
[[1;34mINFO[m] outputDirectory: /home/user/Workspace/reproducibility/Reproducibility-Scanner/benchmarks/bugs-dot-jar/maven/maven-compat/target/generated-sources/modello
[[1;34mINFO[m] Working on model: src/main/mdo/metadata.mdo
[[1;34mINFO[m] Generating current version: 1.0.0
[[1;34mINFO[m] 
[[1;34mINFO[m] [1m--- [0;32mmaven-remote-resources-plugin:1.0:process[m [1m(default)[m @ [36mmaven-compat[0;1m ---[m
[[1;34mINFO[m] 
[[1;34mINFO[m] [1m--- [0;32mmaven-resources-plugin:2.3:resources[m [1m(default-resources)[m @ [36mmaven-compat[0;1m ---[m
[[1;34mINFO[m] Using 'UTF-8' encoding to copy filtered resources.
[[1;34mINFO[m] skip non existing resourceDirectory /home/user/Workspace/reproducibility/Reproducibility-Scanner/benchmarks/bugs-dot-jar/maven/maven-compat/src/main/resources
[[1;34mINFO[m] Copying 3 resources
[[1;34mINFO[m] 
[[1;34mINFO[m] [1m--- [0;32mmaven-compiler-plugin:2.0.2:compile[m [1m(default-compile)[m @ [36mmaven-compat[0;1m ---[m
[[1;34mINFO[m] Compiling 142 source files to /home/user/Workspace/reproducibility/Reproducibility-Scanner/benchmarks/bugs-dot-jar/maven/maven-compat/target/classes
[[1;34mINFO[m] 
[[1;34mINFO[m] [1m--- [0;32mplexus-component-metadata:1.0-beta-3.0.5:generate-metadata[m [1m(default)[m @ [36mmaven-compat[0;1m ---[m
Downloading from central: https://repo.maven.apache.org/maven2/org/codehaus/plexus/plexus-classworlds/1.4/plexus-classworlds-1.4.jar
Progress (1): 4.1/45 kBProgress (1): 8.2/45 kBProgress (1): 12/45 kB Progress (1): 16/45 kBProgress (1): 20/45 kBProgress (1): 24/45 kBProgress (1): 28/45 kBProgress (1): 32/45 kBProgress (1): 36/45 kBProgress (1): 40/45 kBProgress (1): 45/45 kBProgress (1): 45 kB                      Downloaded from central: https://repo.maven.apache.org/maven2/org/codehaus/plexus/plexus-classworlds/1.4/plexus-classworlds-1.4.jar (45 kB at 2.2 MB/s)
[[1;34mINFO[m] Discovered 30 component descriptors(s)
[[1;34mINFO[m] 
[[1;34mINFO[m] [1m--- [0;32mmaven-resources-plugin:2.3:testResources[m [1m(default-testResources)[m @ [36mmaven-compat[0;1m ---[m
[[1;34mINFO[m] Using 'UTF-8' encoding to copy filtered resources.
[[1;34mINFO[m] Copying 7 resources
[[1;34mINFO[m] Copying 3 resources
[[1;34mINFO[m] 
[[1;34mINFO[m] [1m--- [0;32mmaven-compiler-plugin:2.0.2:testCompile[m [1m(default-testCompile)[m @ [36mmaven-compat[0;1m ---[m
[[1;34mINFO[m] Compiling 39 source files to /home/user/Workspace/reproducibility/Reproducibility-Scanner/benchmarks/bugs-dot-jar/maven/maven-compat/target/test-classes
[[1;34mINFO[m] 
[[1;34mINFO[m] [1m--- [0;32mmaven-surefire-plugin:2.4.2:test[m [1m(default-test)[m @ [36mmaven-compat[0;1m ---[m
[[1;34mINFO[m] Tests are skipped.
[[1;34mINFO[m] 
[[1;34mINFO[m] [1m--- [0;32mmaven-jar-plugin:2.1:jar[m [1m(default-jar)[m @ [36mmaven-compat[0;1m ---[m
[[1;34mINFO[m] Building jar: /home/user/Workspace/reproducibility/Reproducibility-Scanner/benchmarks/bugs-dot-jar/maven/maven-compat/target/maven-compat-3.0-SNAPSHOT.jar
[[1;34mINFO[m] 
[[1;34mINFO[m] [1m--- [0;32mmaven-install-plugin:2.2:install[m [1m(default-install)[m @ [36mmaven-compat[0;1m ---[m
[[1;34mINFO[m] Installing /home/user/Workspace/reproducibility/Reproducibility-Scanner/benchmarks/bugs-dot-jar/maven/maven-compat/target/maven-compat-3.0-SNAPSHOT.jar to /home/user/.m2/repository/org/apache/maven/maven-compat/3.0-SNAPSHOT/maven-compat-3.0-SNAPSHOT.jar
[[1;34mINFO[m] Installing /home/user/Workspace/reproducibility/Reproducibility-Scanner/benchmarks/bugs-dot-jar/maven/maven-compat/pom.xml to /home/user/.m2/repository/org/apache/maven/maven-compat/3.0-SNAPSHOT/maven-compat-3.0-SNAPSHOT.pom
[[1;34mINFO[m] 
[[1;34mINFO[m] [1m-----------------< [0;36morg.apache.maven:maven-plugin-api[0;1m >------------------[m
[[1;34mINFO[m] [1mBuilding Maven Plugin API 3.0-SNAPSHOT                            [6/13][m
[[1;34mINFO[m] [1m--------------------------------[ jar ]---------------------------------[m
[[1;34mINFO[m] 
[[1;34mINFO[m] [1m--- [0;32mmodello-maven-plugin:1.0-alpha-22:java[m [1m(standard)[m @ [36mmaven-plugin-api[0;1m ---[m
[[1;34mINFO[m] outputDirectory: /home/user/Workspace/reproducibility/Reproducibility-Scanner/benchmarks/bugs-dot-jar/maven/maven-plugin-api/target/generated-sources/modello
[[1;34mINFO[m] Working on model: src/main/mdo/lifecycle.mdo
[[1;34mINFO[m] Generating current version: 1.0.0
[[1;34mINFO[m] 
[[1;34mINFO[m] [1m--- [0;32mmodello-maven-plugin:1.0-alpha-22:xpp3-reader[m [1m(standard)[m @ [36mmaven-plugin-api[0;1m ---[m
[[1;34mINFO[m] outputDirectory: /home/user/Workspace/reproducibility/Reproducibility-Scanner/benchmarks/bugs-dot-jar/maven/maven-plugin-api/target/generated-sources/modello
[[1;34mINFO[m] Working on model: src/main/mdo/lifecycle.mdo
[[1;34mINFO[m] Generating current version: 1.0.0
[[1;34mINFO[m] 
[[1;34mINFO[m] [1m--- [0;32mmodello-maven-plugin:1.0-alpha-22:xpp3-writer[m [1m(standard)[m @ [36mmaven-plugin-api[0;1m ---[m
[[1;34mINFO[m] outputDirectory: /home/user/Workspace/reproducibility/Reproducibility-Scanner/benchmarks/bugs-dot-jar/maven/maven-plugin-api/target/generated-sources/modello
[[1;34mINFO[m] Working on model: src/main/mdo/lifecycle.mdo
[[1;34mINFO[m] Generating current version: 1.0.0
[[1;34mINFO[m] 
[[1;34mINFO[m] [1m--- [0;32mmaven-remote-resources-plugin:1.0:process[m [1m(default)[m @ [36mmaven-plugin-api[0;1m ---[m
[[1;34mINFO[m] 
[[1;34mINFO[m] [1m--- [0;32mmaven-resources-plugin:2.3:resources[m [1m(default-resources)[m @ [36mmaven-plugin-api[0;1m ---[m
[[1;34mINFO[m] Using 'UTF-8' encoding to copy filtered resources.
[[1;34mINFO[m] skip non existing resourceDirectory /home/user/Workspace/reproducibility/Reproducibility-Scanner/benchmarks/bugs-dot-jar/maven/maven-plugin-api/src/main/resources
[[1;34mINFO[m] Copying 3 resources
[[1;34mINFO[m] 
[[1;34mINFO[m] [1m--- [0;32mmaven-compiler-plugin:2.0.2:compile[m [1m(default-compile)[m @ [36mmaven-plugin-api[0;1m ---[m
[[1;34mINFO[m] Compiling 23 source files to /home/user/Workspace/reproducibility/Reproducibility-Scanner/benchmarks/bugs-dot-jar/maven/maven-plugin-api/target/classes
[[1;34mINFO[m] 
[[1;34mINFO[m] [1m--- [0;32mmaven-resources-plugin:2.3:testResources[m [1m(default-testResources)[m @ [36mmaven-plugin-api[0;1m ---[m
[[1;34mINFO[m] Using 'UTF-8' encoding to copy filtered resources.
[[1;34mINFO[m] Copying 1 resource
[[1;34mINFO[m] Copying 3 resources
[[1;34mINFO[m] 
[[1;34mINFO[m] [1m--- [0;32mmaven-compiler-plugin:2.0.2:testCompile[m [1m(default-testCompile)[m @ [36mmaven-plugin-api[0;1m ---[m
[[1;34mINFO[m] Compiling 1 source file to /home/user/Workspace/reproducibility/Reproducibility-Scanner/benchmarks/bugs-dot-jar/maven/maven-plugin-api/target/test-classes
[[1;34mINFO[m] 
[[1;34mINFO[m] [1m--- [0;32mmaven-surefire-plugin:2.4.2:test[m [1m(default-test)[m @ [36mmaven-plugin-api[0;1m ---[m
[[1;34mINFO[m] Tests are skipped.
[[1;34mINFO[m] 
[[1;34mINFO[m] [1m--- [0;32mmaven-jar-plugin:2.1:jar[m [1m(default-jar)[m @ [36mmaven-plugin-api[0;1m ---[m
[[1;34mINFO[m] Building jar: /home/user/Workspace/reproducibility/Reproducibility-Scanner/benchmarks/bugs-dot-jar/maven/maven-plugin-api/target/maven-plugin-api-3.0-SNAPSHOT.jar
[[1;34mINFO[m] 
[[1;34mINFO[m] [1m--- [0;32mmaven-install-plugin:2.2:install[m [1m(default-install)[m @ [36mmaven-plugin-api[0;1m ---[m
[[1;34mINFO[m] Installing /home/user/Workspace/reproducibility/Reproducibility-Scanner/benchmarks/bugs-dot-jar/maven/maven-plugin-api/target/maven-plugin-api-3.0-SNAPSHOT.jar to /home/user/.m2/repository/org/apache/maven/maven-plugin-api/3.0-SNAPSHOT/maven-plugin-api-3.0-SNAPSHOT.jar
[[1;34mINFO[m] Installing /home/user/Workspace/reproducibility/Reproducibility-Scanner/benchmarks/bugs-dot-jar/maven/maven-plugin-api/pom.xml to /home/user/.m2/repository/org/apache/maven/maven-plugin-api/3.0-SNAPSHOT/maven-plugin-api-3.0-SNAPSHOT.pom
[[1;34mINFO[m] 
[[1;34mINFO[m] [1m---------------< [0;36morg.apache.maven:maven-project-builder[0;1m >---------------[m
[[1;34mINFO[m] [1mBuilding Maven Project Builder 3.0-SNAPSHOT                       [7/13][m
[[1;34mINFO[m] [1m--------------------------------[ jar ]---------------------------------[m
[[1;34mINFO[m] 
[[1;34mINFO[m] [1m--- [0;32mmaven-remote-resources-plugin:1.0:process[m [1m(default)[m @ [36mmaven-project-builder[0;1m ---[m
[[1;34mINFO[m] 
[[1;34mINFO[m] [1m--- [0;32mmaven-resources-plugin:2.3:resources[m [1m(default-resources)[m @ [36mmaven-project-builder[0;1m ---[m
[[1;34mINFO[m] Using 'UTF-8' encoding to copy filtered resources.
[[1;34mINFO[m] Copying 1 resource
[[1;34mINFO[m] Copying 3 resources
[[1;34mINFO[m] 
[[1;34mINFO[m] [1m--- [0;32mmaven-compiler-plugin:2.0.2:compile[m [1m(default-compile)[m @ [36mmaven-project-builder[0;1m ---[m
[[1;34mINFO[m] Compiling 19 source files to /home/user/Workspace/reproducibility/Reproducibility-Scanner/benchmarks/bugs-dot-jar/maven/maven-project-builder/target/classes
[[1;34mINFO[m] 
[[1;34mINFO[m] [1m--- [0;32mmaven-resources-plugin:2.3:testResources[m [1m(default-testResources)[m @ [36mmaven-project-builder[0;1m ---[m
[[1;34mINFO[m] Using 'UTF-8' encoding to copy filtered resources.
[[1;34mINFO[m] Copying 1 resource
[[1;34mINFO[m] Copying 3 resources
[[1;34mINFO[m] 
[[1;34mINFO[m] [1m--- [0;32mmaven-compiler-plugin:2.0.2:testCompile[m [1m(default-testCompile)[m @ [36mmaven-project-builder[0;1m ---[m
[[1;34mINFO[m] Compiling 10 source files to /home/user/Workspace/reproducibility/Reproducibility-Scanner/benchmarks/bugs-dot-jar/maven/maven-project-builder/target/test-classes
[[1;34mINFO[m] 
[[1;34mINFO[m] [1m--- [0;32mmaven-surefire-plugin:2.4.2:test[m [1m(default-test)[m @ [36mmaven-project-builder[0;1m ---[m
[[1;34mINFO[m] Tests are skipped.
[[1;34mINFO[m] 
[[1;34mINFO[m] [1m--- [0;32mmaven-jar-plugin:2.1:jar[m [1m(default-jar)[m @ [36mmaven-project-builder[0;1m ---[m
[[1;34mINFO[m] Building jar: /home/user/Workspace/reproducibility/Reproducibility-Scanner/benchmarks/bugs-dot-jar/maven/maven-project-builder/target/maven-project-builder-3.0-SNAPSHOT.jar
[[1;34mINFO[m] 
[[1;34mINFO[m] [1m--- [0;32mmaven-install-plugin:2.2:install[m [1m(default-install)[m @ [36mmaven-project-builder[0;1m ---[m
[[1;34mINFO[m] Installing /home/user/Workspace/reproducibility/Reproducibility-Scanner/benchmarks/bugs-dot-jar/maven/maven-project-builder/target/maven-project-builder-3.0-SNAPSHOT.jar to /home/user/.m2/repository/org/apache/maven/maven-project-builder/3.0-SNAPSHOT/maven-project-builder-3.0-SNAPSHOT.jar
[[1;34mINFO[m] Installing /home/user/Workspace/reproducibility/Reproducibility-Scanner/benchmarks/bugs-dot-jar/maven/maven-project-builder/pom.xml to /home/user/.m2/repository/org/apache/maven/maven-project-builder/3.0-SNAPSHOT/maven-project-builder-3.0-SNAPSHOT.pom
[[1;34mINFO[m] 
[[1;34mINFO[m] [1m-------------------< [0;36morg.apache.maven:maven-mercury[0;1m >-------------------[m
[[1;34mINFO[m] [1mBuilding Maven Mercury 3.0-SNAPSHOT                               [8/13][m
[[1;34mINFO[m] [1m--------------------------------[ jar ]---------------------------------[m
Downloading from central: https://repo.maven.apache.org/maven2/org/apache/maven/mercury/mercury-artifact/1.0.0-alpha-2/mercury-artifact-1.0.0-alpha-2.jar
Downloading from central: https://repo.maven.apache.org/maven2/org/apache/maven/mercury/mercury-util/1.0.0-alpha-2/mercury-util-1.0.0-alpha-2.jar
Downloading from central: https://repo.maven.apache.org/maven2/org/apache/maven/mercury/mercury-external/1.0.0-alpha-2/mercury-external-1.0.0-alpha-2.jar
Downloading from central: https://repo.maven.apache.org/maven2/org/codehaus/plexus/plexus-lang/1.1/plexus-lang-1.1.jar
Downloading from central: https://repo.maven.apache.org/maven2/org/apache/maven/mercury/mercury-repo-local-m2/1.0.0-alpha-2/mercury-repo-local-m2-1.0.0-alpha-2.jar
Progress (1): 4.1/10 kBProgress (1): 8.2/10 kBProgress (1): 10 kB    Progress (2): 10 kB | 4.1/12 kBProgress (2): 10 kB | 8.2/12 kBProgress (2): 10 kB | 12/12 kB Progress (2): 10 kB | 12 kB   Progress (3): 10 kB | 12 kB | 2.7/49 kBProgress (4): 10 kB | 12 kB | 2.7/49 kB | 4.1/22 kBProgress (4): 10 kB | 12 kB | 2.7/49 kB | 8.2/22 kBProgress (4): 10 kB | 12 kB | 5.5/49 kB | 8.2/22 kBProgress (4): 10 kB | 12 kB | 5.5/49 kB | 12/22 kB Progress (4): 10 kB | 12 kB | 5.5/49 kB | 16/22 kBProgress (4): 10 kB | 12 kB | 8.2/49 kB | 16/22 kBProgress (4): 10 kB | 12 kB | 8.2/49 kB | 20/22 kBProgress (4): 10 kB | 12 kB | 11/49 kB | 20/22 kB Progress (5): 10 kB | 12 kB | 11/49 kB | 20/22 kB | 2.7/29 kBProgress (5): 10 kB | 12 kB | 11/49 kB | 22 kB | 2.7/29 kB   Progress (5): 10 kB | 12 kB | 14/49 kB | 22 kB | 2.7/29 kBProgress (5): 10 kB | 12 kB | 14/49 kB | 22 kB | 5.5/29 kBProgress (5): 10 kB | 12 kB | 16/49 kB | 22 kB | 5.5/29 kBProgress (5): 10 kB | 12 kB | 16/49 kB | 22 kB | 8.2/29 kBProgress (5): 10 kB | 12 kB | 19/49 kB | 22 kB | 8.2/29 kB                                                          Downloaded from central: https://repo.maven.apache.org/maven2/org/apache/maven/mercury/mercury-external/1.0.0-alpha-2/mercury-external-1.0.0-alpha-2.jar (10 kB at 124 kB/s)
Progress (4): 12 kB | 21/49 kB | 22 kB | 8.2/29 kBProgress (4): 12 kB | 21/49 kB | 22 kB | 11/29 kB Progress (4): 12 kB | 24/49 kB | 22 kB | 11/29 kB                                                 Downloading from central: https://repo.maven.apache.org/maven2/org/apache/maven/mercury/mercury-repo-api/1.0.0-alpha-2/mercury-repo-api-1.0.0-alpha-2.jar
Progress (4): 12 kB | 27/49 kB | 22 kB | 11/29 kBProgress (4): 12 kB | 27/49 kB | 22 kB | 14/29 kBProgress (4): 12 kB | 30/49 kB | 22 kB | 14/29 kBProgress (4): 12 kB | 30/49 kB | 22 kB | 16/29 kBProgress (4): 12 kB | 32/49 kB | 22 kB | 16/29 kBProgress (4): 12 kB | 32/49 kB | 22 kB | 19/29 kBProgress (4): 12 kB | 32/49 kB | 22 kB | 21/29 kBProgress (4): 12 kB | 32/49 kB | 22 kB | 24/29 kBProgress (4): 12 kB | 36/49 kB | 22 kB | 24/29 kBProgress (4): 12 kB | 36/49 kB | 22 kB | 27/29 kBProgress (4): 12 kB | 40/49 kB | 22 kB | 27/29 kBProgress (4): 12 kB | 40/49 kB | 22 kB | 29 kB   Progress (4): 12 kB | 45/49 kB | 22 kB | 29 kBProgress (4): 12 kB | 49/49 kB | 22 kB | 29 kBProgress (4): 12 kB | 49 kB | 22 kB | 29 kB   Progress (5): 12 kB | 49 kB | 22 kB | 29 kB | 4.1/32 kBProgress (5): 12 kB | 49 kB | 22 kB | 29 kB | 8.2/32 kBProgress (5): 12 kB | 49 kB | 22 kB | 29 kB | 12/32 kB Progress (5): 12 kB | 49 kB | 22 kB | 29 kB | 16/32 kBProgress (5): 12 kB | 49 kB | 22 kB | 29 kB | 20/32 kBProgress (5): 12 kB | 49 kB | 22 kB | 29 kB | 24/32 kBProgress (5): 12 kB | 49 kB | 22 kB | 29 kB | 28/32 kBProgress (5): 12 kB | 49 kB | 22 kB | 29 kB | 32 kB                                                      Downloaded from central: https://repo.maven.apache.org/maven2/org/codehaus/plexus/plexus-lang/1.1/plexus-lang-1.1.jar (12 kB at 85 kB/s)
Downloading from central: https://repo.maven.apache.org/maven2/org/apache/maven/mercury/mercury-md-shared/1.0.0-alpha-2/mercury-md-shared-1.0.0-alpha-2.jar
Downloaded from central: https://repo.maven.apache.org/maven2/org/apache/maven/mercury/mercury-util/1.0.0-alpha-2/mercury-util-1.0.0-alpha-2.jar (22 kB at 151 kB/s)
Downloading from central: https://repo.maven.apache.org/maven2/org/apache/maven/mercury/mercury-logging/1.0.0-alpha-2/mercury-logging-1.0.0-alpha-2.jar
Downloaded from central: https://repo.maven.apache.org/maven2/org/apache/maven/mercury/mercury-repo-local-m2/1.0.0-alpha-2/mercury-repo-local-m2-1.0.0-alpha-2.jar (29 kB at 188 kB/s)
Downloading from central: https://repo.maven.apache.org/maven2/org/apache/maven/mercury/mercury-repo-remote-m2/1.0.0-alpha-2/mercury-repo-remote-m2-1.0.0-alpha-2.jar
Downloaded from central: https://repo.maven.apache.org/maven2/org/apache/maven/mercury/mercury-repo-api/1.0.0-alpha-2/mercury-repo-api-1.0.0-alpha-2.jar (32 kB at 198 kB/s)
Downloading from central: https://repo.maven.apache.org/maven2/org/apache/maven/mercury/mercury-md-sat/1.0.0-alpha-2/mercury-md-sat-1.0.0-alpha-2.jar
Downloaded from central: https://repo.maven.apache.org/maven2/org/apache/maven/mercury/mercury-artifact/1.0.0-alpha-2/mercury-artifact-1.0.0-alpha-2.jar (49 kB at 297 kB/s)
Downloading from central: https://repo.maven.apache.org/maven2/org/sat4j/org.sat4j.core/2.0.4/org.sat4j.core-2.0.4.jar
Progress (1): 4.1/30 kBProgress (1): 8.2/30 kBProgress (1): 12/30 kB Progress (1): 16/30 kBProgress (1): 20/30 kBProgress (1): 24/30 kBProgress (1): 28/30 kBProgress (1): 30 kB   Progress (2): 30 kB | 4.1/13 kBProgress (2): 30 kB | 8.2/13 kBProgress (2): 30 kB | 12/13 kB Progress (2): 30 kB | 13 kB   Progress (3): 30 kB | 13 kB | 4.1/41 kBProgress (3): 30 kB | 13 kB | 8.2/41 kB                                       Downloaded from central: https://repo.maven.apache.org/maven2/org/apache/maven/mercury/mercury-repo-remote-m2/1.0.0-alpha-2/mercury-repo-remote-m2-1.0.0-alpha-2.jar (30 kB at 127 kB/s)
Downloading from central: https://repo.maven.apache.org/maven2/org/sat4j/org.sat4j.pb/2.0.4/org.sat4j.pb-2.0.4.jar
Progress (2): 13 kB | 12/41 kBProgress (2): 13 kB | 16/41 kBProgress (2): 13 kB | 20/41 kBProgress (2): 13 kB | 24/41 kBProgress (2): 13 kB | 28/41 kBProgress (2): 13 kB | 32/41 kBProgress (2): 13 kB | 36/41 kBProgress (2): 13 kB | 40/41 kBProgress (2): 13 kB | 41 kB   Progress (3): 13 kB | 41 kB | 4.1/82 kBProgress (3): 13 kB | 41 kB | 8.2/82 kBProgress (3): 13 kB | 41 kB | 12/82 kB Progress (3): 13 kB | 41 kB | 16/82 kBProgress (3): 13 kB | 41 kB | 20/82 kBProgress (3): 13 kB | 41 kB | 24/82 kBProgress (3): 13 kB | 41 kB | 28/82 kBProgress (3): 13 kB | 41 kB | 32/82 kBProgress (3): 13 kB | 41 kB | 36/82 kBProgress (3): 13 kB | 41 kB | 40/82 kBProgress (3): 13 kB | 41 kB | 45/82 kBProgress (3): 13 kB | 41 kB | 49/82 kBProgress (4): 13 kB | 41 kB | 49/82 kB | 2.7/156 kBProgress (4): 13 kB | 41 kB | 53/82 kB | 2.7/156 kBProgress (4): 13 kB | 41 kB | 53/82 kB | 5.5/156 kBProgress (4): 13 kB | 41 kB | 57/82 kB | 5.5/156 kBProgress (4): 13 kB | 41 kB | 61/82 kB | 5.5/156 kBProgress (4): 13 kB | 41 kB | 61/82 kB | 8.2/156 kBProgress (5): 13 kB | 41 kB | 61/82 kB | 8.2/156 kB | 4.1/43 kBProgress (5): 13 kB | 41 kB | 65/82 kB | 8.2/156 kB | 4.1/43 kBProgress (5): 13 kB | 41 kB | 65/82 kB | 8.2/156 kB | 8.2/43 kBProgress (5): 13 kB | 41 kB | 65/82 kB | 11/156 kB | 8.2/43 kB Progress (5): 13 kB | 41 kB | 65/82 kB | 11/156 kB | 12/43 kB Progress (5): 13 kB | 41 kB | 65/82 kB | 14/156 kB | 12/43 kBProgress (5): 13 kB | 41 kB | 69/82 kB | 14/156 kB | 12/43 kBProgress (5): 13 kB | 41 kB | 69/82 kB | 16/156 kB | 12/43 kBProgress (5): 13 kB | 41 kB | 69/82 kB | 16/156 kB | 16/43 kBProgress (5): 13 kB | 41 kB | 73/82 kB | 16/156 kB | 16/43 kBProgress (5): 13 kB | 41 kB | 77/82 kB | 16/156 kB | 16/43 kBProgress (5): 13 kB | 41 kB | 81/82 kB | 16/156 kB | 16/43 kBProgress (5): 13 kB | 41 kB | 81/82 kB | 20/156 kB | 16/43 kBProgress (5): 13 kB | 41 kB | 81/82 kB | 20/156 kB | 20/43 kBProgress (5): 13 kB | 41 kB | 82 kB | 20/156 kB | 20/43 kB   Progress (5): 13 kB | 41 kB | 82 kB | 20/156 kB | 24/43 kBProgress (5): 13 kB | 41 kB | 82 kB | 24/156 kB | 24/43 kBProgress (5): 13 kB | 41 kB | 82 kB | 24/156 kB | 28/43 kBProgress (5): 13 kB | 41 kB | 82 kB | 28/156 kB | 28/43 kBProgress (5): 13 kB | 41 kB | 82 kB | 28/156 kB | 32/43 kBProgress (5): 13 kB | 41 kB | 82 kB | 32/156 kB | 32/43 kBProgress (5): 13 kB | 41 kB | 82 kB | 32/156 kB | 36/43 kBProgress (5): 13 kB | 41 kB | 82 kB | 32/156 kB | 40/43 kBProgress (5): 13 kB | 41 kB | 82 kB | 36/156 kB | 40/43 kBProgress (5): 13 kB | 41 kB | 82 kB | 36/156 kB | 43 kB   Progress (5): 13 kB | 41 kB | 82 kB | 40/156 kB | 43 kBProgress (5): 13 kB | 41 kB | 82 kB | 45/156 kB | 43 kBProgress (5): 13 kB | 41 kB | 82 kB | 49/156 kB | 43 kBProgress (5): 13 kB | 41 kB | 82 kB | 53/156 kB | 43 kBProgress (5): 13 kB | 41 kB | 82 kB | 57/156 kB | 43 kBProgress (5): 13 kB | 41 kB | 82 kB | 61/156 kB | 43 kBProgress (5): 13 kB | 41 kB | 82 kB | 65/156 kB | 43 kBProgress (5): 13 kB | 41 kB | 82 kB | 69/156 kB | 43 kBProgress (5): 13 kB | 41 kB | 82 kB | 73/156 kB | 43 kBProgress (5): 13 kB | 41 kB | 82 kB | 77/156 kB | 43 kBProgress (5): 13 kB | 41 kB | 82 kB | 81/156 kB | 43 kBProgress (5): 13 kB | 41 kB | 82 kB | 85/156 kB | 43 kBProgress (5): 13 kB | 41 kB | 82 kB | 90/156 kB | 43 kBProgress (5): 13 kB | 41 kB | 82 kB | 94/156 kB | 43 kBProgress (5): 13 kB | 41 kB | 82 kB | 98/156 kB | 43 kBProgress (5): 13 kB | 41 kB | 82 kB | 102/156 kB | 43 kBProgress (5): 13 kB | 41 kB | 82 kB | 106/156 kB | 43 kBProgress (5): 13 kB | 41 kB | 82 kB | 110/156 kB | 43 kBProgress (5): 13 kB | 41 kB | 82 kB | 114/156 kB | 43 kBProgress (5): 13 kB | 41 kB | 82 kB | 118/156 kB | 43 kBProgress (5): 13 kB | 41 kB | 82 kB | 122/156 kB | 43 kBProgress (5): 13 kB | 41 kB | 82 kB | 126/156 kB | 43 kBProgress (5): 13 kB | 41 kB | 82 kB | 131/156 kB | 43 kBProgress (5): 13 kB | 41 kB | 82 kB | 135/156 kB | 43 kBProgress (5): 13 kB | 41 kB | 82 kB | 139/156 kB | 43 kBProgress (5): 13 kB | 41 kB | 82 kB | 143/156 kB | 43 kBProgress (5): 13 kB | 41 kB | 82 kB | 147/156 kB | 43 kBProgress (5): 13 kB | 41 kB | 82 kB | 151/156 kB | 43 kBProgress (5): 13 kB | 41 kB | 82 kB | 155/156 kB | 43 kBProgress (5): 13 kB | 41 kB | 82 kB | 156 kB | 43 kB                                                        Downloaded from central: https://repo.maven.apache.org/maven2/org/apache/maven/mercury/mercury-logging/1.0.0-alpha-2/mercury-logging-1.0.0-alpha-2.jar (13 kB at 43 kB/s)
Downloading from central: https://repo.maven.apache.org/maven2/org/apache/maven/mercury/mercury-repo-virtual/1.0.0-alpha-2/mercury-repo-virtual-1.0.0-alpha-2.jar
Downloaded from central: https://repo.maven.apache.org/maven2/org/apache/maven/mercury/mercury-md-shared/1.0.0-alpha-2/mercury-md-shared-1.0.0-alpha-2.jar (41 kB at 136 kB/s)
Downloading from central: https://repo.maven.apache.org/maven2/org/apache/maven/mercury/mercury-repo-cache-fs/1.0.0-alpha-2/mercury-repo-cache-fs-1.0.0-alpha-2.jar
Downloaded from central: https://repo.maven.apache.org/maven2/org/apache/maven/mercury/mercury-md-sat/1.0.0-alpha-2/mercury-md-sat-1.0.0-alpha-2.jar (43 kB at 133 kB/s)
Downloading from central: https://repo.maven.apache.org/maven2/org/apache/maven/mercury/mercury-event/1.0.0-alpha-2/mercury-event-1.0.0-alpha-2.jar
Downloaded from central: https://repo.maven.apache.org/maven2/org/sat4j/org.sat4j.pb/2.0.4/org.sat4j.pb-2.0.4.jar (82 kB at 249 kB/s)
Downloaded from central: https://repo.maven.apache.org/maven2/org/sat4j/org.sat4j.core/2.0.4/org.sat4j.core-2.0.4.jar (156 kB at 473 kB/s)
Downloading from central: https://repo.maven.apache.org/maven2/org/apache/maven/mercury/mercury-transport-http/1.0.0-alpha-2/mercury-transport-http-1.0.0-alpha-2.jar
Downloading from central: https://repo.maven.apache.org/maven2/org/mortbay/jetty/jetty-client/6.1.12/jetty-client-6.1.12.jar
Progress (1): 4.1/18 kBProgress (1): 8.2/18 kBProgress (1): 12/18 kB Progress (1): 16/18 kBProgress (1): 18 kB   Progress (2): 18 kB | 4.1/17 kBProgress (2): 18 kB | 8.2/17 kBProgress (2): 18 kB | 12/17 kB Progress (2): 18 kB | 16/17 kBProgress (2): 18 kB | 17 kB   Progress (3): 18 kB | 17 kB | 4.1/34 kBProgress (3): 18 kB | 17 kB | 8.2/34 kBProgress (3): 18 kB | 17 kB | 12/34 kB Progress (3): 18 kB | 17 kB | 16/34 kBProgress (3): 18 kB | 17 kB | 20/34 kBProgress (3): 18 kB | 17 kB | 24/34 kBProgress (3): 18 kB | 17 kB | 28/34 kBProgress (3): 18 kB | 17 kB | 32/34 kBProgress (3): 18 kB | 17 kB | 34 kB                                      Downloaded from central: https://repo.maven.apache.org/maven2/org/apache/maven/mercury/mercury-event/1.0.0-alpha-2/mercury-event-1.0.0-alpha-2.jar (18 kB at 45 kB/s)
Progress (3): 17 kB | 34 kB | 4.1/66 kB                                       Downloading from central: https://repo.maven.apache.org/maven2/org/mortbay/jetty/jetty-sslengine/6.1.12/jetty-sslengine-6.1.12.jar
Progress (3): 17 kB | 34 kB | 8.2/66 kBProgress (3): 17 kB | 34 kB | 12/66 kB Progress (3): 17 kB | 34 kB | 16/66 kBProgress (3): 17 kB | 34 kB | 20/66 kBProgress (3): 17 kB | 34 kB | 24/66 kBProgress (4): 17 kB | 34 kB | 24/66 kB | 4.1/74 kBProgress (4): 17 kB | 34 kB | 28/66 kB | 4.1/74 kBProgress (4): 17 kB | 34 kB | 28/66 kB | 8.2/74 kBProgress (4): 17 kB | 34 kB | 32/66 kB | 8.2/74 kBProgress (4): 17 kB | 34 kB | 32/66 kB | 12/74 kB Progress (4): 17 kB | 34 kB | 32/66 kB | 16/74 kBProgress (4): 17 kB | 34 kB | 36/66 kB | 16/74 kBProgress (4): 17 kB | 34 kB | 40/66 kB | 16/74 kBProgress (4): 17 kB | 34 kB | 45/66 kB | 16/74 kBProgress (4): 17 kB | 34 kB | 49/66 kB | 16/74 kBProgress (4): 17 kB | 34 kB | 49/66 kB | 20/74 kBProgress (4): 17 kB | 34 kB | 49/66 kB | 24/74 kBProgress (4): 17 kB | 34 kB | 49/66 kB | 28/74 kBProgress (4): 17 kB | 34 kB | 53/66 kB | 28/74 kBProgress (4): 17 kB | 34 kB | 57/66 kB | 28/74 kBProgress (4): 17 kB | 34 kB | 57/66 kB | 32/74 kBProgress (4): 17 kB | 34 kB | 61/66 kB | 32/74 kBProgress (4): 17 kB | 34 kB | 65/66 kB | 32/74 kBProgress (4): 17 kB | 34 kB | 66 kB | 32/74 kB   Progress (4): 17 kB | 34 kB | 66 kB | 36/74 kBProgress (4): 17 kB | 34 kB | 66 kB | 40/74 kBProgress (4): 17 kB | 34 kB | 66 kB | 45/74 kBProgress (4): 17 kB | 34 kB | 66 kB | 49/74 kBProgress (4): 17 kB | 34 kB | 66 kB | 53/74 kBProgress (4): 17 kB | 34 kB | 66 kB | 57/74 kBProgress (4): 17 kB | 34 kB | 66 kB | 61/74 kBProgress (4): 17 kB | 34 kB | 66 kB | 65/74 kBProgress (4): 17 kB | 34 kB | 66 kB | 69/74 kBProgress (4): 17 kB | 34 kB | 66 kB | 73/74 kBProgress (4): 17 kB | 34 kB | 66 kB | 74 kB                                              Downloaded from central: https://repo.maven.apache.org/maven2/org/apache/maven/mercury/mercury-repo-virtual/1.0.0-alpha-2/mercury-repo-virtual-1.0.0-alpha-2.jar (17 kB at 40 kB/s)
Downloading from central: https://repo.maven.apache.org/maven2/org/mortbay/jetty/jetty/6.1.12/jetty-6.1.12.jar
Progress (4): 34 kB | 66 kB | 74 kB | 4.1/516 kBProgress (4): 34 kB | 66 kB | 74 kB | 8.2/516 kBProgress (4): 34 kB | 66 kB | 74 kB | 12/516 kB Progress (4): 34 kB | 66 kB | 74 kB | 16/516 kBProgress (4): 34 kB | 66 kB | 74 kB | 20/516 kBProgress (4): 34 kB | 66 kB | 74 kB | 24/516 kBProgress (4): 34 kB | 66 kB | 74 kB | 28/516 kBProgress (4): 34 kB | 66 kB | 74 kB | 32/516 kBProgress (4): 34 kB | 66 kB | 74 kB | 36/516 kBProgress (4): 34 kB | 66 kB | 74 kB | 40/516 kBProgress (4): 34 kB | 66 kB | 74 kB | 45/516 kBProgress (4): 34 kB | 66 kB | 74 kB | 49/516 kBProgress (4): 34 kB | 66 kB | 74 kB | 53/516 kBProgress (4): 34 kB | 66 kB | 74 kB | 57/516 kBProgress (4): 34 kB | 66 kB | 74 kB | 61/516 kBProgress (4): 34 kB | 66 kB | 74 kB | 65/516 kBProgress (4): 34 kB | 66 kB | 74 kB | 69/516 kBProgress (4): 34 kB | 66 kB | 74 kB | 73/516 kBProgress (4): 34 kB | 66 kB | 74 kB | 77/516 kBProgress (4): 34 kB | 66 kB | 74 kB | 81/516 kBProgress (4): 34 kB | 66 kB | 74 kB | 85/516 kBProgress (4): 34 kB | 66 kB | 74 kB | 90/516 kBProgress (4): 34 kB | 66 kB | 74 kB | 94/516 kBProgress (4): 34 kB | 66 kB | 74 kB | 98/516 kBProgress (4): 34 kB | 66 kB | 74 kB | 102/516 kBProgress (4): 34 kB | 66 kB | 74 kB | 106/516 kBProgress (4): 34 kB | 66 kB | 74 kB | 110/516 kBProgress (4): 34 kB | 66 kB | 74 kB | 114/516 kBProgress (4): 34 kB | 66 kB | 74 kB | 118/516 kBProgress (4): 34 kB | 66 kB | 74 kB | 122/516 kBProgress (4): 34 kB | 66 kB | 74 kB | 126/516 kBProgress (4): 34 kB | 66 kB | 74 kB | 131/516 kBProgress (4): 34 kB | 66 kB | 74 kB | 135/516 kBProgress (4): 34 kB | 66 kB | 74 kB | 139/516 kBProgress (4): 34 kB | 66 kB | 74 kB | 143/516 kBProgress (4): 34 kB | 66 kB | 74 kB | 147/516 kBProgress (4): 34 kB | 66 kB | 74 kB | 151/516 kBProgress (4): 34 kB | 66 kB | 74 kB | 155/516 kBProgress (4): 34 kB | 66 kB | 74 kB | 159/516 kBProgress (4): 34 kB | 66 kB | 74 kB | 163/516 kBProgress (4): 34 kB | 66 kB | 74 kB | 167/516 kBProgress (4): 34 kB | 66 kB | 74 kB | 171/516 kBProgress (4): 34 kB | 66 kB | 74 kB | 176/516 kBProgress (4): 34 kB | 66 kB | 74 kB | 180/516 kBProgress (4): 34 kB | 66 kB | 74 kB | 184/516 kBProgress (4): 34 kB | 66 kB | 74 kB | 188/516 kBProgress (4): 34 kB | 66 kB | 74 kB | 192/516 kBProgress (4): 34 kB | 66 kB | 74 kB | 196/516 kBProgress (4): 34 kB | 66 kB | 74 kB | 200/516 kBProgress (4): 34 kB | 66 kB | 74 kB | 204/516 kBProgress (4): 34 kB | 66 kB | 74 kB | 208/516 kBProgress (4): 34 kB | 66 kB | 74 kB | 212/516 kBProgress (4): 34 kB | 66 kB | 74 kB | 217/516 kBProgress (4): 34 kB | 66 kB | 74 kB | 221/516 kBProgress (4): 34 kB | 66 kB | 74 kB | 225/516 kBProgress (4): 34 kB | 66 kB | 74 kB | 229/516 kBProgress (4): 34 kB | 66 kB | 74 kB | 233/516 kBProgress (4): 34 kB | 66 kB | 74 kB | 237/516 kBProgress (4): 34 kB | 66 kB | 74 kB | 241/516 kBProgress (4): 34 kB | 66 kB | 74 kB | 245/516 kBProgress (4): 34 kB | 66 kB | 74 kB | 249/516 kBProgress (4): 34 kB | 66 kB | 74 kB | 253/516 kBProgress (4): 34 kB | 66 kB | 74 kB | 258/516 kBProgress (4): 34 kB | 66 kB | 74 kB | 262/516 kBProgress (4): 34 kB | 66 kB | 74 kB | 266/516 kBProgress (4): 34 kB | 66 kB | 74 kB | 270/516 kBProgress (4): 34 kB | 66 kB | 74 kB | 274/516 kBProgress (4): 34 kB | 66 kB | 74 kB | 278/516 kBProgress (4): 34 kB | 66 kB | 74 kB | 282/516 kBProgress (4): 34 kB | 66 kB | 74 kB | 286/516 kBProgress (4): 34 kB | 66 kB | 74 kB | 290/516 kBProgress (4): 34 kB | 66 kB | 74 kB | 294/516 kBProgress (4): 34 kB | 66 kB | 74 kB | 298/516 kBProgress (4): 34 kB | 66 kB | 74 kB | 303/516 kBProgress (4): 34 kB | 66 kB | 74 kB | 307/516 kBProgress (4): 34 kB | 66 kB | 74 kB | 311/516 kBProgress (4): 34 kB | 66 kB | 74 kB | 315/516 kBProgress (4): 34 kB | 66 kB | 74 kB | 319/516 kBProgress (4): 34 kB | 66 kB | 74 kB | 323/516 kBProgress (4): 34 kB | 66 kB | 74 kB | 327/516 kBProgress (4): 34 kB | 66 kB | 74 kB | 331/516 kBProgress (4): 34 kB | 66 kB | 74 kB | 335/516 kBProgress (4): 34 kB | 66 kB | 74 kB | 339/516 kBProgress (4): 34 kB | 66 kB | 74 kB | 343/516 kBProgress (4): 34 kB | 66 kB | 74 kB | 348/516 kBProgress (4): 34 kB | 66 kB | 74 kB | 352/516 kBProgress (4): 34 kB | 66 kB | 74 kB | 356/516 kBProgress (4): 34 kB | 66 kB | 74 kB | 360/516 kBProgress (4): 34 kB | 66 kB | 74 kB | 364/516 kBProgress (4): 34 kB | 66 kB | 74 kB | 368/516 kBProgress (4): 34 kB | 66 kB | 74 kB | 372/516 kBProgress (4): 34 kB | 66 kB | 74 kB | 376/516 kBProgress (4): 34 kB | 66 kB | 74 kB | 380/516 kB                                                Downloaded from central: https://repo.maven.apache.org/maven2/org/apache/maven/mercury/mercury-repo-cache-fs/1.0.0-alpha-2/mercury-repo-cache-fs-1.0.0-alpha-2.jar (34 kB at 73 kB/s)
Progress (3): 66 kB | 74 kB | 384/516 kB                                        Downloading from central: https://repo.maven.apache.org/maven2/org/mortbay/jetty/jetty-util/6.1.12/jetty-util-6.1.12.jar
Progress (3): 66 kB | 74 kB | 389/516 kBProgress (3): 66 kB | 74 kB | 393/516 kBProgress (3): 66 kB | 74 kB | 397/516 kBProgress (3): 66 kB | 74 kB | 401/516 kBProgress (3): 66 kB | 74 kB | 405/516 kBProgress (3): 66 kB | 74 kB | 409/516 kBProgress (3): 66 kB | 74 kB | 413/516 kBProgress (3): 66 kB | 74 kB | 417/516 kBProgress (3): 66 kB | 74 kB | 421/516 kBProgress (3): 66 kB | 74 kB | 425/516 kBProgress (3): 66 kB | 74 kB | 430/516 kBProgress (3): 66 kB | 74 kB | 434/516 kBProgress (3): 66 kB | 74 kB | 438/516 kBProgress (3): 66 kB | 74 kB | 442/516 kBProgress (3): 66 kB | 74 kB | 446/516 kBProgress (3): 66 kB | 74 kB | 450/516 kBProgress (3): 66 kB | 74 kB | 454/516 kBProgress (3): 66 kB | 74 kB | 458/516 kBProgress (3): 66 kB | 74 kB | 462/516 kBProgress (3): 66 kB | 74 kB | 466/516 kBProgress (3): 66 kB | 74 kB | 470/516 kBProgress (3): 66 kB | 74 kB | 475/516 kBProgress (3): 66 kB | 74 kB | 479/516 kBProgress (4): 66 kB | 74 kB | 479/516 kB | 4.1/19 kBProgress (4): 66 kB | 74 kB | 483/516 kB | 4.1/19 kBProgress (4): 66 kB | 74 kB | 483/516 kB | 8.2/19 kBProgress (4): 66 kB | 74 kB | 487/516 kB | 8.2/19 kBProgress (4): 66 kB | 74 kB | 487/516 kB | 12/19 kB Progress (4): 66 kB | 74 kB | 487/516 kB | 16/19 kBProgress (4): 66 kB | 74 kB | 487/516 kB | 19 kB   Progress (5): 66 kB | 74 kB | 487/516 kB | 19 kB | 4.1/167 kBProgress (5): 66 kB | 74 kB | 491/516 kB | 19 kB | 4.1/167 kBProgress (5): 66 kB | 74 kB | 491/516 kB | 19 kB | 8.2/167 kBProgress (5): 66 kB | 74 kB | 495/516 kB | 19 kB | 8.2/167 kBProgress (5): 66 kB | 74 kB | 495/516 kB | 19 kB | 12/167 kB Progress (5): 66 kB | 74 kB | 499/516 kB | 19 kB | 12/167 kBProgress (5): 66 kB | 74 kB | 499/516 kB | 19 kB | 16/167 kBProgress (5): 66 kB | 74 kB | 503/516 kB | 19 kB | 16/167 kBProgress (5): 66 kB | 74 kB | 507/516 kB | 19 kB | 16/167 kBProgress (5): 66 kB | 74 kB | 507/516 kB | 19 kB | 20/167 kBProgress (5): 66 kB | 74 kB | 511/516 kB | 19 kB | 20/167 kBProgress (5): 66 kB | 74 kB | 511/516 kB | 19 kB | 24/167 kBProgress (5): 66 kB | 74 kB | 516/516 kB | 19 kB | 24/167 kBProgress (5): 66 kB | 74 kB | 516/516 kB | 19 kB | 28/167 kBProgress (5): 66 kB | 74 kB | 516 kB | 19 kB | 28/167 kB    Progress (5): 66 kB | 74 kB | 516 kB | 19 kB | 32/167 kB                                                        Downloaded from central: https://repo.maven.apache.org/maven2/org/mortbay/jetty/jetty-client/6.1.12/jetty-client-6.1.12.jar (66 kB at 136 kB/s)
Progress (4): 74 kB | 516 kB | 19 kB | 36/167 kB                                                Downloading from central: https://repo.maven.apache.org/maven2/org/mortbay/jetty/servlet-api-2.5/6.1.12/servlet-api-2.5-6.1.12.jar
Progress (4): 74 kB | 516 kB | 19 kB | 40/167 kBProgress (4): 74 kB | 516 kB | 19 kB | 45/167 kBProgress (4): 74 kB | 516 kB | 19 kB | 49/167 kBProgress (4): 74 kB | 516 kB | 19 kB | 53/167 kBProgress (4): 74 kB | 516 kB | 19 kB | 57/167 kBProgress (4): 74 kB | 516 kB | 19 kB | 61/167 kBProgress (4): 74 kB | 516 kB | 19 kB | 65/167 kBProgress (4): 74 kB | 516 kB | 19 kB | 69/167 kBProgress (4): 74 kB | 516 kB | 19 kB | 73/167 kBProgress (4): 74 kB | 516 kB | 19 kB | 77/167 kBProgress (4): 74 kB | 516 kB | 19 kB | 81/167 kBProgress (4): 74 kB | 516 kB | 19 kB | 85/167 kBProgress (4): 74 kB | 516 kB | 19 kB | 90/167 kBProgress (4): 74 kB | 516 kB | 19 kB | 94/167 kBProgress (4): 74 kB | 516 kB | 19 kB | 98/167 kB                                                Downloaded from central: https://repo.maven.apache.org/maven2/org/apache/maven/mercury/mercury-transport-http/1.0.0-alpha-2/mercury-transport-http-1.0.0-alpha-2.jar (74 kB at 152 kB/s)
Progress (3): 516 kB | 19 kB | 102/167 kB                                         Downloading from central: https://repo.maven.apache.org/maven2/org/apache/maven/mercury/mercury-transport-api/1.0.0-alpha-2/mercury-transport-api-1.0.0-alpha-2.jar
Progress (3): 516 kB | 19 kB | 106/167 kBProgress (3): 516 kB | 19 kB | 110/167 kBProgress (3): 516 kB | 19 kB | 114/167 kBProgress (3): 516 kB | 19 kB | 118/167 kBProgress (3): 516 kB | 19 kB | 122/167 kBProgress (3): 516 kB | 19 kB | 126/167 kBProgress (3): 516 kB | 19 kB | 131/167 kBProgress (3): 516 kB | 19 kB | 135/167 kBProgress (3): 516 kB | 19 kB | 139/167 kBProgress (3): 516 kB | 19 kB | 143/167 kBProgress (3): 516 kB | 19 kB | 147/167 kBProgress (3): 516 kB | 19 kB | 151/167 kBProgress (3): 516 kB | 19 kB | 155/167 kBProgress (3): 516 kB | 19 kB | 159/167 kBProgress (3): 516 kB | 19 kB | 163/167 kBProgress (3): 516 kB | 19 kB | 167 kB                                         Downloaded from central: https://repo.maven.apache.org/maven2/org/mortbay/jetty/jetty-sslengine/6.1.12/jetty-sslengine-6.1.12.jar (19 kB at 34 kB/s)
Downloading from central: https://repo.maven.apache.org/maven2/org/apache/maven/mercury/mercury-crypto-api/1.0.0-alpha-2/mercury-crypto-api-1.0.0-alpha-2.jar
Downloaded from central: https://repo.maven.apache.org/maven2/org/mortbay/jetty/jetty/6.1.12/jetty-6.1.12.jar (516 kB at 937 kB/s)
Downloading from central: https://repo.maven.apache.org/maven2/org/apache/maven/mercury/mercury-crypto-basic/1.0.0-alpha-2/mercury-crypto-basic-1.0.0-alpha-2.jar
Progress (2): 167 kB | 4.1/18 kBProgress (2): 167 kB | 8.2/18 kBProgress (2): 167 kB | 12/18 kB Progress (2): 167 kB | 16/18 kBProgress (2): 167 kB | 18 kB   Progress (3): 167 kB | 18 kB | 4.1/132 kBProgress (3): 167 kB | 18 kB | 8.2/132 kBProgress (3): 167 kB | 18 kB | 12/132 kB Progress (3): 167 kB | 18 kB | 16/132 kBProgress (3): 167 kB | 18 kB | 20/132 kBProgress (3): 167 kB | 18 kB | 24/132 kB                                        Downloaded from central: https://repo.maven.apache.org/maven2/org/mortbay/jetty/jetty-util/6.1.12/jetty-util-6.1.12.jar (167 kB at 296 kB/s)
Downloading from central: https://repo.maven.apache.org/maven2/bouncycastle/bcpg-jdk15/140/bcpg-jdk15-140.jar
Progress (2): 18 kB | 28/132 kBProgress (2): 18 kB | 32/132 kBProgress (2): 18 kB | 36/132 kBProgress (2): 18 kB | 40/132 kBProgress (2): 18 kB | 45/132 kBProgress (2): 18 kB | 49/132 kBProgress (2): 18 kB | 53/132 kBProgress (2): 18 kB | 57/132 kBProgress (2): 18 kB | 61/132 kBProgress (2): 18 kB | 65/132 kBProgress (2): 18 kB | 69/132 kBProgress (2): 18 kB | 73/132 kBProgress (2): 18 kB | 77/132 kBProgress (2): 18 kB | 81/132 kBProgress (2): 18 kB | 85/132 kBProgress (2): 18 kB | 90/132 kBProgress (2): 18 kB | 94/132 kBProgress (2): 18 kB | 98/132 kBProgress (2): 18 kB | 102/132 kBProgress (2): 18 kB | 106/132 kBProgress (2): 18 kB | 110/132 kBProgress (2): 18 kB | 114/132 kBProgress (2): 18 kB | 118/132 kBProgress (2): 18 kB | 122/132 kBProgress (2): 18 kB | 126/132 kBProgress (2): 18 kB | 131/132 kBProgress (2): 18 kB | 132 kB    Progress (3): 18 kB | 132 kB | 4.1/17 kBProgress (3): 18 kB | 132 kB | 8.2/17 kBProgress (3): 18 kB | 132 kB | 12/17 kB Progress (3): 18 kB | 132 kB | 16/17 kBProgress (3): 18 kB | 132 kB | 17 kB   Progress (4): 18 kB | 132 kB | 17 kB | 4.1/163 kBProgress (4): 18 kB | 132 kB | 17 kB | 8.2/163 kBProgress (4): 18 kB | 132 kB | 17 kB | 12/163 kB Progress (4): 18 kB | 132 kB | 17 kB | 16/163 kBProgress (4): 18 kB | 132 kB | 17 kB | 20/163 kBProgress (4): 18 kB | 132 kB | 17 kB | 24/163 kBProgress (4): 18 kB | 132 kB | 17 kB | 28/163 kBProgress (4): 18 kB | 132 kB | 17 kB | 32/163 kBProgress (4): 18 kB | 132 kB | 17 kB | 36/163 kBProgress (4): 18 kB | 132 kB | 17 kB | 40/163 kBProgress (4): 18 kB | 132 kB | 17 kB | 45/163 kBProgress (4): 18 kB | 132 kB | 17 kB | 49/163 kBProgress (4): 18 kB | 132 kB | 17 kB | 53/163 kBProgress (4): 18 kB | 132 kB | 17 kB | 57/163 kBProgress (4): 18 kB | 132 kB | 17 kB | 61/163 kBProgress (4): 18 kB | 132 kB | 17 kB | 65/163 kBProgress (4): 18 kB | 132 kB | 17 kB | 69/163 kBProgress (4): 18 kB | 132 kB | 17 kB | 73/163 kBProgress (5): 18 kB | 132 kB | 17 kB | 73/163 kB | 4.1/12 kBProgress (5): 18 kB | 132 kB | 17 kB | 77/163 kB | 4.1/12 kBProgress (5): 18 kB | 132 kB | 17 kB | 77/163 kB | 8.2/12 kBProgress (5): 18 kB | 132 kB | 17 kB | 81/163 kB | 8.2/12 kBProgress (5): 18 kB | 132 kB | 17 kB | 81/163 kB | 12 kB    Progress (5): 18 kB | 132 kB | 17 kB | 85/163 kB | 12 kBProgress (5): 18 kB | 132 kB | 17 kB | 90/163 kB | 12 kBProgress (5): 18 kB | 132 kB | 17 kB | 94/163 kB | 12 kBProgress (5): 18 kB | 132 kB | 17 kB | 98/163 kB | 12 kBProgress (5): 18 kB | 132 kB | 17 kB | 102/163 kB | 12 kBProgress (5): 18 kB | 132 kB | 17 kB | 106/163 kB | 12 kBProgress (5): 18 kB | 132 kB | 17 kB | 110/163 kB | 12 kBProgress (5): 18 kB | 132 kB | 17 kB | 114/163 kB | 12 kBProgress (5): 18 kB | 132 kB | 17 kB | 118/163 kB | 12 kBProgress (5): 18 kB | 132 kB | 17 kB | 122/163 kB | 12 kBProgress (5): 18 kB | 132 kB | 17 kB | 126/163 kB | 12 kBProgress (5): 18 kB | 132 kB | 17 kB | 131/163 kB | 12 kBProgress (5): 18 kB | 132 kB | 17 kB | 135/163 kB | 12 kBProgress (5): 18 kB | 132 kB | 17 kB | 139/163 kB | 12 kBProgress (5): 18 kB | 132 kB | 17 kB | 143/163 kB | 12 kBProgress (5): 18 kB | 132 kB | 17 kB | 147/163 kB | 12 kBProgress (5): 18 kB | 132 kB | 17 kB | 151/163 kB | 12 kBProgress (5): 18 kB | 132 kB | 17 kB | 155/163 kB | 12 kBProgress (5): 18 kB | 132 kB | 17 kB | 159/163 kB | 12 kBProgress (5): 18 kB | 132 kB | 17 kB | 163/163 kB | 12 kBProgress (5): 18 kB | 132 kB | 17 kB | 163 kB | 12 kB                                                         Downloaded from central: https://repo.maven.apache.org/maven2/org/apache/maven/mercury/mercury-crypto-basic/1.0.0-alpha-2/mercury-crypto-basic-1.0.0-alpha-2.jar (18 kB at 29 kB/s)
Downloading from central: https://repo.maven.apache.org/maven2/org/apache/maven/mercury/mercury-transport-http/1.0.0-alpha-2/mercury-transport-http-1.0.0-alpha-2-tests.jar
Downloaded from central: https://repo.maven.apache.org/maven2/org/apache/maven/mercury/mercury-transport-api/1.0.0-alpha-2/mercury-transport-api-1.0.0-alpha-2.jar (17 kB at 26 kB/s)
Downloaded from central: https://repo.maven.apache.org/maven2/org/mortbay/jetty/servlet-api-2.5/6.1.12/servlet-api-2.5-6.1.12.jar (132 kB at 203 kB/s)
Downloaded from central: https://repo.maven.apache.org/maven2/org/apache/maven/mercury/mercury-crypto-api/1.0.0-alpha-2/mercury-crypto-api-1.0.0-alpha-2.jar (12 kB at 17 kB/s)
Downloaded from central: https://repo.maven.apache.org/maven2/bouncycastle/bcpg-jdk15/140/bcpg-jdk15-140.jar (163 kB at 238 kB/s)
Progress (1): 4.1/88 kBProgress (1): 8.2/88 kBProgress (1): 12/88 kB Progress (1): 16/88 kBProgress (1): 20/88 kBProgress (1): 24/88 kBProgress (1): 28/88 kBProgress (1): 32/88 kBProgress (1): 36/88 kBProgress (1): 40/88 kBProgress (1): 45/88 kBProgress (1): 49/88 kBProgress (1): 53/88 kBProgress (1): 57/88 kBProgress (1): 61/88 kBProgress (1): 65/88 kBProgress (1): 69/88 kBProgress (1): 73/88 kBProgress (1): 77/88 kBProgress (1): 81/88 kBProgress (1): 85/88 kBProgress (1): 88 kB                      Downloaded from central: https://repo.maven.apache.org/maven2/org/apache/maven/mercury/mercury-transport-http/1.0.0-alpha-2/mercury-transport-http-1.0.0-alpha-2-tests.jar (88 kB at 92 kB/s)
[[1;34mINFO[m] 
[[1;34mINFO[m] [1m--- [0;32mmaven-remote-resources-plugin:1.0:process[m [1m(default)[m @ [36mmaven-mercury[0;1m ---[m
[[1;34mINFO[m] 
[[1;34mINFO[m] [1m--- [0;32mmaven-resources-plugin:2.3:resources[m [1m(default-resources)[m @ [36mmaven-mercury[0;1m ---[m
[[1;34mINFO[m] Using 'UTF-8' encoding to copy filtered resources.
[[1;34mINFO[m] skip non existing resourceDirectory /home/user/Workspace/reproducibility/Reproducibility-Scanner/benchmarks/bugs-dot-jar/maven/maven-mercury/src/main/resources
[[1;34mINFO[m] Copying 3 resources
[[1;34mINFO[m] 
[[1;34mINFO[m] [1m--- [0;32mmaven-compiler-plugin:2.0.2:compile[m [1m(default-compile)[m @ [36mmaven-mercury[0;1m ---[m
[[1;34mINFO[m] Compiling 5 source files to /home/user/Workspace/reproducibility/Reproducibility-Scanner/benchmarks/bugs-dot-jar/maven/maven-mercury/target/classes
[[1;34mINFO[m] 
[[1;34mINFO[m] [1m--- [0;32mplexus-component-metadata:1.0-beta-3.0.5:generate-metadata[m [1m(default)[m @ [36mmaven-mercury[0;1m ---[m
[[1;34mINFO[m] Discovered 1 component descriptors(s)
[[1;34mINFO[m] 
[[1;34mINFO[m] [1m--- [0;32mmaven-resources-plugin:2.3:testResources[m [1m(default-testResources)[m @ [36mmaven-mercury[0;1m ---[m
[[1;34mINFO[m] Using 'UTF-8' encoding to copy filtered resources.
[[1;34mINFO[m] Copying 11 resources
[[1;34mINFO[m] Copying 3 resources
[[1;34mINFO[m] 
[[1;34mINFO[m] [1m--- [0;32mmaven-compiler-plugin:2.0.2:testCompile[m [1m(default-testCompile)[m @ [36mmaven-mercury[0;1m ---[m
[[1;34mINFO[m] Compiling 1 source file to /home/user/Workspace/reproducibility/Reproducibility-Scanner/benchmarks/bugs-dot-jar/maven/maven-mercury/target/test-classes
[[1;34mINFO[m] 
[[1;34mINFO[m] [1m--- [0;32mmaven-surefire-plugin:2.4.2:test[m [1m(default-test)[m @ [36mmaven-mercury[0;1m ---[m
[[1;34mINFO[m] Tests are skipped.
[[1;34mINFO[m] 
[[1;34mINFO[m] [1m--- [0;32mmaven-jar-plugin:2.1:jar[m [1m(default-jar)[m @ [36mmaven-mercury[0;1m ---[m
[[1;34mINFO[m] Building jar: /home/user/Workspace/reproducibility/Reproducibility-Scanner/benchmarks/bugs-dot-jar/maven/maven-mercury/target/maven-mercury-3.0-SNAPSHOT.jar
[[1;34mINFO[m] 
[[1;34mINFO[m] [1m--- [0;32mmaven-install-plugin:2.2:install[m [1m(default-install)[m @ [36mmaven-mercury[0;1m ---[m
[[1;34mINFO[m] Installing /home/user/Workspace/reproducibility/Reproducibility-Scanner/benchmarks/bugs-dot-jar/maven/maven-mercury/target/maven-mercury-3.0-SNAPSHOT.jar to /home/user/.m2/repository/org/apache/maven/maven-mercury/3.0-SNAPSHOT/maven-mercury-3.0-SNAPSHOT.jar
[[1;34mINFO[m] Installing /home/user/Workspace/reproducibility/Reproducibility-Scanner/benchmarks/bugs-dot-jar/maven/maven-mercury/pom.xml to /home/user/.m2/repository/org/apache/maven/maven-mercury/3.0-SNAPSHOT/maven-mercury-3.0-SNAPSHOT.pom
[[1;34mINFO[m] 
[[1;34mINFO[m] [1m-------------------< [0;36morg.apache.maven:maven-project[0;1m >-------------------[m
[[1;34mINFO[m] [1mBuilding Maven Project 3.0-SNAPSHOT                               [9/13][m
[[1;34mINFO[m] [1m--------------------------------[ jar ]---------------------------------[m
[[1;34mINFO[m] 
[[1;34mINFO[m] [1m--- [0;32mmodello-maven-plugin:1.0-alpha-22:java[m [1m(standard)[m @ [36mmaven-project[0;1m ---[m
[[1;34mINFO[m] outputDirectory: /home/user/Workspace/reproducibility/Reproducibility-Scanner/benchmarks/bugs-dot-jar/maven/maven-project/target/generated-sources/modello
[[1;34mINFO[m] Working on model: src/main/mdo/profiles.mdo
[[1;34mINFO[m] Generating current version: 1.0.0
[[1;34mINFO[m] 
[[1;34mINFO[m] [1m--- [0;32mmodello-maven-plugin:1.0-alpha-22:xpp3-reader[m [1m(standard)[m @ [36mmaven-project[0;1m ---[m
[[1;34mINFO[m] outputDirectory: /home/user/Workspace/reproducibility/Reproducibility-Scanner/benchmarks/bugs-dot-jar/maven/maven-project/target/generated-sources/modello
[[1;34mINFO[m] Working on model: src/main/mdo/profiles.mdo
[[1;34mINFO[m] Generating current version: 1.0.0
[[1;34mINFO[m] 
[[1;34mINFO[m] [1m--- [0;32mmodello-maven-plugin:1.0-alpha-22:xpp3-writer[m [1m(standard)[m @ [36mmaven-project[0;1m ---[m
[[1;34mINFO[m] outputDirectory: /home/user/Workspace/reproducibility/Reproducibility-Scanner/benchmarks/bugs-dot-jar/maven/maven-project/target/generated-sources/modello
[[1;34mINFO[m] Working on model: src/main/mdo/profiles.mdo
[[1;34mINFO[m] Generating current version: 1.0.0
[[1;34mINFO[m] 
[[1;34mINFO[m] [1m--- [0;32mmaven-remote-resources-plugin:1.0:process[m [1m(default)[m @ [36mmaven-project[0;1m ---[m
[[1;34mINFO[m] 
[[1;34mINFO[m] [1m--- [0;32mmaven-resources-plugin:2.3:resources[m [1m(default-resources)[m @ [36mmaven-project[0;1m ---[m
[[1;34mINFO[m] Using 'UTF-8' encoding to copy filtered resources.
[[1;34mINFO[m] skip non existing resourceDirectory /home/user/Workspace/reproducibility/Reproducibility-Scanner/benchmarks/bugs-dot-jar/maven/maven-project/src/main/resources
[[1;34mINFO[m] Copying 3 resources
[[1;34mINFO[m] 
[[1;34mINFO[m] [1m--- [0;32mmaven-compiler-plugin:2.0.2:compile[m [1m(default-compile)[m @ [36mmaven-project[0;1m ---[m
[[1;34mINFO[m] Compiling 65 source files to /home/user/Workspace/reproducibility/Reproducibility-Scanner/benchmarks/bugs-dot-jar/maven/maven-project/target/classes
[[1;34mINFO[m] 
[[1;34mINFO[m] [1m--- [0;32mplexus-component-metadata:1.0-beta-3.0.5:generate-metadata[m [1m(default)[m @ [36mmaven-project[0;1m ---[m
[[1;34mINFO[m] Discovered 15 component descriptors(s)
[[1;34mINFO[m] 
[[1;34mINFO[m] [1m--- [0;32mmaven-resources-plugin:2.3:testResources[m [1m(default-testResources)[m @ [36mmaven-project[0;1m ---[m
[[1;34mINFO[m] Using 'UTF-8' encoding to copy filtered resources.
[[1;34mINFO[m] Copying 213 resources
[[1;34mINFO[m] Copying 3 resources
[[1;34mINFO[m] 
[[1;34mINFO[m] [1m--- [0;32mmaven-compiler-plugin:2.0.2:testCompile[m [1m(default-testCompile)[m @ [36mmaven-project[0;1m ---[m
[[1;34mINFO[m] Compiling 41 source files to /home/user/Workspace/reproducibility/Reproducibility-Scanner/benchmarks/bugs-dot-jar/maven/maven-project/target/test-classes
[[1;34mINFO[m] 
[[1;34mINFO[m] [1m--- [0;32mmaven-surefire-plugin:2.4.2:test[m [1m(default-test)[m @ [36mmaven-project[0;1m ---[m
[[1;34mINFO[m] Tests are skipped.
[[1;34mINFO[m] 
[[1;34mINFO[m] [1m--- [0;32mmaven-jar-plugin:2.1:jar[m [1m(default-jar)[m @ [36mmaven-project[0;1m ---[m
[[1;34mINFO[m] Building jar: /home/user/Workspace/reproducibility/Reproducibility-Scanner/benchmarks/bugs-dot-jar/maven/maven-project/target/maven-project-3.0-SNAPSHOT.jar
[[1;34mINFO[m] 
[[1;34mINFO[m] [1m--- [0;32mmaven-install-plugin:2.2:install[m [1m(default-install)[m @ [36mmaven-project[0;1m ---[m
[[1;34mINFO[m] Installing /home/user/Workspace/reproducibility/Reproducibility-Scanner/benchmarks/bugs-dot-jar/maven/maven-project/target/maven-project-3.0-SNAPSHOT.jar to /home/user/.m2/repository/org/apache/maven/maven-project/3.0-SNAPSHOT/maven-project-3.0-SNAPSHOT.jar
[[1;34mINFO[m] Installing /home/user/Workspace/reproducibility/Reproducibility-Scanner/benchmarks/bugs-dot-jar/maven/maven-project/pom.xml to /home/user/.m2/repository/org/apache/maven/maven-project/3.0-SNAPSHOT/maven-project-3.0-SNAPSHOT.pom
[[1;34mINFO[m] 
[[1;34mINFO[m] [1m--------------------< [0;36morg.apache.maven:maven-core[0;1m >---------------------[m
[[1;34mINFO[m] [1mBuilding Maven Core 3.0-SNAPSHOT                                 [10/13][m
[[1;34mINFO[m] [1m--------------------------------[ jar ]---------------------------------[m
Downloading from central: https://repo.maven.apache.org/maven2/org/apache/maven/shared/maven-test-tools/1.0-alpha-1/maven-test-tools-1.0-alpha-1.pom
Progress (1): 1.3 kB                    Downloaded from central: https://repo.maven.apache.org/maven2/org/apache/maven/shared/maven-test-tools/1.0-alpha-1/maven-test-tools-1.0-alpha-1.pom (1.3 kB at 8.5 kB/s)
Downloading from central: https://repo.maven.apache.org/maven2/org/apache/maven/shared/maven-test-tools/1.0-alpha-1/maven-test-tools-1.0-alpha-1.jar
Downloading from central: https://repo.maven.apache.org/maven2/org/apache/maven/mercury/mercury-plexus/1.0.0-alpha-2/mercury-plexus-1.0.0-alpha-2.jar
Downloading from central: https://repo.maven.apache.org/maven2/org/sonatype/plexus/plexus-plugin-manager/1.0-alpha-1/plexus-plugin-manager-1.0-alpha-1.jar
Downloading from central: https://repo.maven.apache.org/maven2/org/slf4j/slf4j-jdk14/1.5.3/slf4j-jdk14-1.5.3.jar
Progress (1): 4.1/8.7 kBProgress (1): 8.2/8.7 kBProgress (1): 8.7 kB    Progress (2): 8.7 kB | 4.1/17 kBProgress (2): 8.7 kB | 8.2/17 kBProgress (2): 8.7 kB | 12/17 kB Progress (2): 8.7 kB | 16/17 kBProgress (2): 8.7 kB | 17 kB   Progress (3): 8.7 kB | 17 kB | 4.1/10 kBProgress (3): 8.7 kB | 17 kB | 8.2/10 kBProgress (3): 8.7 kB | 17 kB | 10 kB                                        Downloaded from central: https://repo.maven.apache.org/maven2/org/slf4j/slf4j-jdk14/1.5.3/slf4j-jdk14-1.5.3.jar (8.7 kB at 102 kB/s)
Progress (3): 17 kB | 10 kB | 4.1/17 kBProgress (3): 17 kB | 10 kB | 8.2/17 kBProgress (3): 17 kB | 10 kB | 12/17 kB Progress (3): 17 kB | 10 kB | 16/17 kBProgress (3): 17 kB | 10 kB | 17 kB                                      Downloaded from central: https://repo.maven.apache.org/maven2/org/apache/maven/shared/maven-test-tools/1.0-alpha-1/maven-test-tools-1.0-alpha-1.jar (17 kB at 121 kB/s)
Downloaded from central: https://repo.maven.apache.org/maven2/org/apache/maven/mercury/mercury-plexus/1.0.0-alpha-2/mercury-plexus-1.0.0-alpha-2.jar (17 kB at 106 kB/s)
Downloaded from central: https://repo.maven.apache.org/maven2/org/sonatype/plexus/plexus-plugin-manager/1.0-alpha-1/plexus-plugin-manager-1.0-alpha-1.jar (10 kB at 61 kB/s)
[[1;34mINFO[m] 
[[1;34mINFO[m] [1m--- [0;32mmodello-maven-plugin:1.0-alpha-22:java[m [1m(standard)[m @ [36mmaven-core[0;1m ---[m
[[1;34mINFO[m] outputDirectory: /home/user/Workspace/reproducibility/Reproducibility-Scanner/benchmarks/bugs-dot-jar/maven/maven-core/target/generated-sources/modello
[[1;34mINFO[m] Working on model: src/main/mdo/settings.mdo
[[1;34mINFO[m] Generating current version: 1.0.0
[[1;34mINFO[m] 
[[1;34mINFO[m] [1m--- [0;32mmodello-maven-plugin:1.0-alpha-22:xpp3-reader[m [1m(standard)[m @ [36mmaven-core[0;1m ---[m
[[1;34mINFO[m] outputDirectory: /home/user/Workspace/reproducibility/Reproducibility-Scanner/benchmarks/bugs-dot-jar/maven/maven-core/target/generated-sources/modello
[[1;34mINFO[m] Working on model: src/main/mdo/settings.mdo
[[1;34mINFO[m] Generating current version: 1.0.0
[[1;34mINFO[m] 
[[1;34mINFO[m] [1m--- [0;32mmodello-maven-plugin:1.0-alpha-22:xpp3-writer[m [1m(standard)[m @ [36mmaven-core[0;1m ---[m
[[1;34mINFO[m] outputDirectory: /home/user/Workspace/reproducibility/Reproducibility-Scanner/benchmarks/bugs-dot-jar/maven/maven-core/target/generated-sources/modello
[[1;34mINFO[m] Working on model: src/main/mdo/settings.mdo
[[1;34mINFO[m] Generating current version: 1.0.0
[[1;34mINFO[m] 
[[1;34mINFO[m] [1m--- [0;32mmaven-remote-resources-plugin:1.0:process[m [1m(default)[m @ [36mmaven-core[0;1m ---[m
[[1;34mINFO[m] 
[[1;34mINFO[m] [1m--- [0;32mmaven-resources-plugin:2.3:resources[m [1m(default-resources)[m @ [36mmaven-core[0;1m ---[m
[[1;34mINFO[m] Using 'UTF-8' encoding to copy filtered resources.
[[1;34mINFO[m] Copying 19 resources
[[1;34mINFO[m] Copying 3 resources
[[1;34mINFO[m] 
[[1;34mINFO[m] [1m--- [0;32mmaven-compiler-plugin:2.0.2:compile[m [1m(default-compile)[m @ [36mmaven-core[0;1m ---[m
[[1;34mINFO[m] Compiling 128 source files to /home/user/Workspace/reproducibility/Reproducibility-Scanner/benchmarks/bugs-dot-jar/maven/maven-core/target/classes
[[1;34mINFO[m] 
[[1;34mINFO[m] [1m--- [0;32mplexus-component-metadata:1.0-beta-3.0.5:generate-metadata[m [1m(default)[m @ [36mmaven-core[0;1m ---[m
[[1;34mINFO[m] Discovered 20 component descriptors(s)
[[1;34mINFO[m] 
[[1;34mINFO[m] [1m--- [0;32mmaven-resources-plugin:2.3:testResources[m [1m(default-testResources)[m @ [36mmaven-core[0;1m ---[m
[[1;34mINFO[m] Using 'UTF-8' encoding to copy filtered resources.
[[1;34mINFO[m] Copying 145 resources
[[1;34mINFO[m] Copying 3 resources
[[1;34mINFO[m] 
[[1;34mINFO[m] [1m--- [0;32mmaven-compiler-plugin:2.0.2:testCompile[m [1m(default-testCompile)[m @ [36mmaven-core[0;1m ---[m
[[1;34mINFO[m] Compiling 16 source files to /home/user/Workspace/reproducibility/Reproducibility-Scanner/benchmarks/bugs-dot-jar/maven/maven-core/target/test-classes
[[1;34mINFO[m] 
[[1;34mINFO[m] [1m--- [0;32mmaven-surefire-plugin:2.4.2:test[m [1m(default-test)[m @ [36mmaven-core[0;1m ---[m
[[1;34mINFO[m] Tests are skipped.
[[1;34mINFO[m] 
[[1;34mINFO[m] [1m--- [0;32mmaven-jar-plugin:2.1:jar[m [1m(default-jar)[m @ [36mmaven-core[0;1m ---[m
[[1;34mINFO[m] Building jar: /home/user/Workspace/reproducibility/Reproducibility-Scanner/benchmarks/bugs-dot-jar/maven/maven-core/target/maven-core-3.0-SNAPSHOT.jar
[[1;34mINFO[m] 
[[1;34mINFO[m] [1m--- [0;32mmaven-install-plugin:2.2:install[m [1m(default-install)[m @ [36mmaven-core[0;1m ---[m
[[1;34mINFO[m] Installing /home/user/Workspace/reproducibility/Reproducibility-Scanner/benchmarks/bugs-dot-jar/maven/maven-core/target/maven-core-3.0-SNAPSHOT.jar to /home/user/.m2/repository/org/apache/maven/maven-core/3.0-SNAPSHOT/maven-core-3.0-SNAPSHOT.jar
[[1;34mINFO[m] Installing /home/user/Workspace/reproducibility/Reproducibility-Scanner/benchmarks/bugs-dot-jar/maven/maven-core/pom.xml to /home/user/.m2/repository/org/apache/maven/maven-core/3.0-SNAPSHOT/maven-core-3.0-SNAPSHOT.pom
[[1;34mINFO[m] 
[[1;34mINFO[m] [1m------------------< [0;36morg.apache.maven:maven-toolchain[0;1m >------------------[m
[[1;34mINFO[m] [1mBuilding Maven Toolchains 3.0-SNAPSHOT                           [11/13][m
[[1;34mINFO[m] [1m--------------------------------[ jar ]---------------------------------[m
[[1;34mINFO[m] 
[[1;34mINFO[m] [1m--- [0;32mmodello-maven-plugin:1.0-alpha-22:java[m [1m(standard)[m @ [36mmaven-toolchain[0;1m ---[m
[[1;34mINFO[m] outputDirectory: /home/user/Workspace/reproducibility/Reproducibility-Scanner/benchmarks/bugs-dot-jar/maven/maven-toolchain/target/generated-sources/modello
[[1;34mINFO[m] Working on model: src/main/mdo/toolchains.xml
[[1;34mINFO[m] Generating current version: 1.0.0
[[1;34mINFO[m] 
[[1;34mINFO[m] [1m--- [0;32mmodello-maven-plugin:1.0-alpha-22:xpp3-reader[m [1m(standard)[m @ [36mmaven-toolchain[0;1m ---[m
[[1;34mINFO[m] outputDirectory: /home/user/Workspace/reproducibility/Reproducibility-Scanner/benchmarks/bugs-dot-jar/maven/maven-toolchain/target/generated-sources/modello
[[1;34mINFO[m] Working on model: src/main/mdo/toolchains.xml
[[1;34mINFO[m] Generating current version: 1.0.0
[[1;34mINFO[m] 
[[1;34mINFO[m] [1m--- [0;32mmodello-maven-plugin:1.0-alpha-22:xpp3-writer[m [1m(standard)[m @ [36mmaven-toolchain[0;1m ---[m
[[1;34mINFO[m] outputDirectory: /home/user/Workspace/reproducibility/Reproducibility-Scanner/benchmarks/bugs-dot-jar/maven/maven-toolchain/target/generated-sources/modello
[[1;34mINFO[m] Working on model: src/main/mdo/toolchains.xml
[[1;34mINFO[m] Generating current version: 1.0.0
[[1;34mINFO[m] 
[[1;34mINFO[m] [1m--- [0;32mmodello-maven-plugin:1.0-alpha-22:java[m [1m(default)[m @ [36mmaven-toolchain[0;1m ---[m
[[1;34mINFO[m] outputDirectory: /home/user/Workspace/reproducibility/Reproducibility-Scanner/benchmarks/bugs-dot-jar/maven/maven-toolchain/target/generated-sources/modello
[[1;34mINFO[m] Working on model: src/main/mdo/toolchains.xml
[[1;34mINFO[m] Generating current version: 1.0.0
[[1;34mINFO[m] 
[[1;34mINFO[m] [1m--- [0;32mmodello-maven-plugin:1.0-alpha-22:xsd[m [1m(default)[m @ [36mmaven-toolchain[0;1m ---[m
[[1;34mINFO[m] outputDirectory: /home/user/Workspace/reproducibility/Reproducibility-Scanner/benchmarks/bugs-dot-jar/maven/maven-toolchain/target/generated-site/xsd
[[1;34mINFO[m] Working on model: src/main/mdo/toolchains.xml
[[1;34mINFO[m] Generating current version: 1.0.0
[[1;34mINFO[m] 
[[1;34mINFO[m] [1m--- [0;32mmodello-maven-plugin:1.0-alpha-22:xpp3-reader[m [1m(default)[m @ [36mmaven-toolchain[0;1m ---[m
[[1;34mINFO[m] outputDirectory: /home/user/Workspace/reproducibility/Reproducibility-Scanner/benchmarks/bugs-dot-jar/maven/maven-toolchain/target/generated-sources/modello
[[1;34mINFO[m] Working on model: src/main/mdo/toolchains.xml
[[1;34mINFO[m] Generating current version: 1.0.0
[[1;34mINFO[m] 
[[1;34mINFO[m] [1m--- [0;32mmaven-remote-resources-plugin:1.0:process[m [1m(default)[m @ [36mmaven-toolchain[0;1m ---[m
[[1;34mINFO[m] 
[[1;34mINFO[m] [1m--- [0;32mmaven-resources-plugin:2.3:resources[m [1m(default-resources)[m @ [36mmaven-toolchain[0;1m ---[m
[[1;34mINFO[m] Using 'UTF-8' encoding to copy filtered resources.
[[1;34mINFO[m] Copying 1 resource
[[1;34mINFO[m] Copying 3 resources
[[1;34mINFO[m] 
[[1;34mINFO[m] [1m--- [0;32mmaven-compiler-plugin:2.0.2:compile[m [1m(default-compile)[m @ [36mmaven-toolchain[0;1m ---[m
[[1;34mINFO[m] Compiling 17 source files to /home/user/Workspace/reproducibility/Reproducibility-Scanner/benchmarks/bugs-dot-jar/maven/maven-toolchain/target/classes
[[1;34mINFO[m] 
[[1;34mINFO[m] [1m--- [0;32mmaven-resources-plugin:2.3:testResources[m [1m(default-testResources)[m @ [36mmaven-toolchain[0;1m ---[m
[[1;34mINFO[m] Using 'UTF-8' encoding to copy filtered resources.
[[1;34mINFO[m] skip non existing resourceDirectory /home/user/Workspace/reproducibility/Reproducibility-Scanner/benchmarks/bugs-dot-jar/maven/maven-toolchain/src/test/resources
[[1;34mINFO[m] Copying 3 resources
[[1;34mINFO[m] 
[[1;34mINFO[m] [1m--- [0;32mmaven-compiler-plugin:2.0.2:testCompile[m [1m(default-testCompile)[m @ [36mmaven-toolchain[0;1m ---[m
[[1;34mINFO[m] Compiling 1 source file to /home/user/Workspace/reproducibility/Reproducibility-Scanner/benchmarks/bugs-dot-jar/maven/maven-toolchain/target/test-classes
[[1;34mINFO[m] 
[[1;34mINFO[m] [1m--- [0;32mmaven-surefire-plugin:2.4.2:test[m [1m(default-test)[m @ [36mmaven-toolchain[0;1m ---[m
[[1;34mINFO[m] Tests are skipped.
[[1;34mINFO[m] 
[[1;34mINFO[m] [1m--- [0;32mmaven-jar-plugin:2.1:jar[m [1m(default-jar)[m @ [36mmaven-toolchain[0;1m ---[m
[[1;34mINFO[m] Building jar: /home/user/Workspace/reproducibility/Reproducibility-Scanner/benchmarks/bugs-dot-jar/maven/maven-toolchain/target/maven-toolchain-3.0-SNAPSHOT.jar
[[1;34mINFO[m] 
[[1;34mINFO[m] [1m--- [0;32mmaven-install-plugin:2.2:install[m [1m(default-install)[m @ [36mmaven-toolchain[0;1m ---[m
[[1;34mINFO[m] Installing /home/user/Workspace/reproducibility/Reproducibility-Scanner/benchmarks/bugs-dot-jar/maven/maven-toolchain/target/maven-toolchain-3.0-SNAPSHOT.jar to /home/user/.m2/repository/org/apache/maven/maven-toolchain/3.0-SNAPSHOT/maven-toolchain-3.0-SNAPSHOT.jar
[[1;34mINFO[m] Installing /home/user/Workspace/reproducibility/Reproducibility-Scanner/benchmarks/bugs-dot-jar/maven/maven-toolchain/pom.xml to /home/user/.m2/repository/org/apache/maven/maven-toolchain/3.0-SNAPSHOT/maven-toolchain-3.0-SNAPSHOT.pom
[[1;34mINFO[m] 
[[1;34mINFO[m] [1m------------------< [0;36morg.apache.maven:maven-embedder[0;1m >-------------------[m
[[1;34mINFO[m] [1mBuilding Maven Embedder 3.0-SNAPSHOT                             [12/13][m
[[1;34mINFO[m] [1m--------------------------------[ jar ]---------------------------------[m
Downloading from central: https://repo.maven.apache.org/maven2/org/apache/maven/wagon/wagon-http-lightweight/1.0-beta-4/wagon-http-lightweight-1.0-beta-4.pom
Progress (1): 1.4 kB                    Downloaded from central: https://repo.maven.apache.org/maven2/org/apache/maven/wagon/wagon-http-lightweight/1.0-beta-4/wagon-http-lightweight-1.0-beta-4.pom (1.4 kB at 6.8 kB/s)
Downloading from central: https://repo.maven.apache.org/maven2/org/apache/maven/wagon/wagon-http-shared/1.0-beta-4/wagon-http-shared-1.0-beta-4.pom
Progress (1): 1.3 kB                    Downloaded from central: https://repo.maven.apache.org/maven2/org/apache/maven/wagon/wagon-http-shared/1.0-beta-4/wagon-http-shared-1.0-beta-4.pom (1.3 kB at 9.2 kB/s)
Downloading from central: https://repo.maven.apache.org/maven2/org/apache/maven/wagon/wagon-ssh/1.0-beta-4/wagon-ssh-1.0-beta-4.pom
Progress (1): 1.8 kB                    Downloaded from central: https://repo.maven.apache.org/maven2/org/apache/maven/wagon/wagon-ssh/1.0-beta-4/wagon-ssh-1.0-beta-4.pom (1.8 kB at 9.8 kB/s)
Downloading from central: https://repo.maven.apache.org/maven2/org/apache/maven/wagon/wagon-ssh-common/1.0-beta-4/wagon-ssh-common-1.0-beta-4.pom
Progress (1): 968 B                   Downloaded from central: https://repo.maven.apache.org/maven2/org/apache/maven/wagon/wagon-ssh-common/1.0-beta-4/wagon-ssh-common-1.0-beta-4.pom (968 B at 6.0 kB/s)
Downloading from central: https://repo.maven.apache.org/maven2/org/apache/maven/wagon/wagon-ssh-external/1.0-beta-4/wagon-ssh-external-1.0-beta-4.pom
Progress (1): 1.7 kB                    Downloaded from central: https://repo.maven.apache.org/maven2/org/apache/maven/wagon/wagon-ssh-external/1.0-beta-4/wagon-ssh-external-1.0-beta-4.pom (1.7 kB at 12 kB/s)
Downloading from central: https://repo.maven.apache.org/maven2/org/apache/maven/wagon/wagon-http-lightweight/1.0-beta-4/wagon-http-lightweight-1.0-beta-4.jar
Downloading from central: https://repo.maven.apache.org/maven2/org/apache/maven/wagon/wagon-ssh/1.0-beta-4/wagon-ssh-1.0-beta-4.jar
Downloading from central: https://repo.maven.apache.org/maven2/org/apache/maven/wagon/wagon-ssh-common/1.0-beta-4/wagon-ssh-common-1.0-beta-4.jar
Downloading from central: https://repo.maven.apache.org/maven2/org/apache/maven/wagon/wagon-http-shared/1.0-beta-4/wagon-http-shared-1.0-beta-4.jar
Downloading from central: https://repo.maven.apache.org/maven2/org/apache/maven/wagon/wagon-ssh-external/1.0-beta-4/wagon-ssh-external-1.0-beta-4.jar
Progress (1): 4.1/14 kBProgress (1): 8.2/14 kBProgress (1): 12/14 kB Progress (1): 14 kB   Progress (2): 14 kB | 4.1/24 kBProgress (3): 14 kB | 4.1/24 kB | 4.1/14 kBProgress (3): 14 kB | 8.2/24 kB | 4.1/14 kBProgress (3): 14 kB | 8.2/24 kB | 8.2/14 kBProgress (3): 14 kB | 12/24 kB | 8.2/14 kB Progress (3): 14 kB | 12/24 kB | 12/14 kB Progress (3): 14 kB | 16/24 kB | 12/14 kBProgress (3): 14 kB | 16/24 kB | 14 kB   Progress (3): 14 kB | 20/24 kB | 14 kBProgress (3): 14 kB | 24/24 kB | 14 kBProgress (3): 14 kB | 24 kB | 14 kB   Progress (4): 14 kB | 24 kB | 14 kB | 4.1/19 kBProgress (5): 14 kB | 24 kB | 14 kB | 4.1/19 kB | 4.1/28 kBProgress (5): 14 kB | 24 kB | 14 kB | 8.2/19 kB | 4.1/28 kBProgress (5): 14 kB | 24 kB | 14 kB | 8.2/19 kB | 8.2/28 kBProgress (5): 14 kB | 24 kB | 14 kB | 12/19 kB | 8.2/28 kB Progress (5): 14 kB | 24 kB | 14 kB | 12/19 kB | 12/28 kB Progress (5): 14 kB | 24 kB | 14 kB | 16/19 kB | 12/28 kBProgress (5): 14 kB | 24 kB | 14 kB | 16/19 kB | 16/28 kBProgress (5): 14 kB | 24 kB | 14 kB | 19 kB | 16/28 kB   Progress (5): 14 kB | 24 kB | 14 kB | 19 kB | 20/28 kBProgress (5): 14 kB | 24 kB | 14 kB | 19 kB | 24/28 kBProgress (5): 14 kB | 24 kB | 14 kB | 19 kB | 28/28 kBProgress (5): 14 kB | 24 kB | 14 kB | 19 kB | 28 kB                                                      Downloaded from central: https://repo.maven.apache.org/maven2/org/apache/maven/wagon/wagon-http-lightweight/1.0-beta-4/wagon-http-lightweight-1.0-beta-4.jar (14 kB at 98 kB/s)
Downloaded from central: https://repo.maven.apache.org/maven2/org/apache/maven/wagon/wagon-ssh-external/1.0-beta-4/wagon-ssh-external-1.0-beta-4.jar (14 kB at 94 kB/s)
Downloaded from central: https://repo.maven.apache.org/maven2/org/apache/maven/wagon/wagon-http-shared/1.0-beta-4/wagon-http-shared-1.0-beta-4.jar (19 kB at 123 kB/s)
Downloaded from central: https://repo.maven.apache.org/maven2/org/apache/maven/wagon/wagon-ssh-common/1.0-beta-4/wagon-ssh-common-1.0-beta-4.jar (24 kB at 109 kB/s)
Downloaded from central: https://repo.maven.apache.org/maven2/org/apache/maven/wagon/wagon-ssh/1.0-beta-4/wagon-ssh-1.0-beta-4.jar (28 kB at 107 kB/s)
[[1;34mINFO[m] 
[[1;34mINFO[m] [1m--- [0;32mmaven-remote-resources-plugin:1.0:process[m [1m(default)[m @ [36mmaven-embedder[0;1m ---[m
[[1;34mINFO[m] 
[[1;34mINFO[m] [1m--- [0;32mmaven-resources-plugin:2.3:resources[m [1m(default-resources)[m @ [36mmaven-embedder[0;1m ---[m
[[1;34mINFO[m] Using 'UTF-8' encoding to copy filtered resources.
[[1;34mINFO[m] Copying 1 resource
[[1;34mINFO[m] Copying 3 resources
[[1;34mINFO[m] 
[[1;34mINFO[m] [1m--- [0;32mmaven-compiler-plugin:2.0.2:compile[m [1m(default-compile)[m @ [36mmaven-embedder[0;1m ---[m
[[1;34mINFO[m] Compiling 26 source files to /home/user/Workspace/reproducibility/Reproducibility-Scanner/benchmarks/bugs-dot-jar/maven/maven-embedder/target/classes
[[1;34mINFO[m] 
[[1;34mINFO[m] [1m--- [0;32mplexus-component-metadata:1.0-beta-3.0.5:generate-metadata[m [1m(default)[m @ [36mmaven-embedder[0;1m ---[m
[[1;34mINFO[m] Discovered 1 component descriptors(s)
[[1;34mINFO[m] 
[[1;34mINFO[m] [1m--- [0;32mmaven-resources-plugin:2.3:testResources[m [1m(default-testResources)[m @ [36mmaven-embedder[0;1m ---[m
[[1;34mINFO[m] Using 'UTF-8' encoding to copy filtered resources.
[[1;34mINFO[m] Copying 6 resources
[[1;34mINFO[m] Copying 3 resources
[[1;34mINFO[m] 
[[1;34mINFO[m] [1m--- [0;32mmaven-compiler-plugin:2.0.2:testCompile[m [1m(default-testCompile)[m @ [36mmaven-embedder[0;1m ---[m
[[1;34mINFO[m] Compiling 19 source files to /home/user/Workspace/reproducibility/Reproducibility-Scanner/benchmarks/bugs-dot-jar/maven/maven-embedder/target/test-classes
[[1;34mINFO[m] 
[[1;34mINFO[m] [1m--- [0;32mmaven-surefire-plugin:2.4.2:test[m [1m(default-test)[m @ [36mmaven-embedder[0;1m ---[m
[[1;34mINFO[m] Tests are skipped.
[[1;34mINFO[m] 
[[1;34mINFO[m] [1m--- [0;32mmaven-jar-plugin:2.1:jar[m [1m(default-jar)[m @ [36mmaven-embedder[0;1m ---[m
[[1;34mINFO[m] Building jar: /home/user/Workspace/reproducibility/Reproducibility-Scanner/benchmarks/bugs-dot-jar/maven/maven-embedder/target/maven-embedder-3.0-SNAPSHOT.jar
[[1;34mINFO[m] 
[[1;34mINFO[m] [1m--- [0;32mmaven-install-plugin:2.2:install[m [1m(default-install)[m @ [36mmaven-embedder[0;1m ---[m
[[1;34mINFO[m] Installing /home/user/Workspace/reproducibility/Reproducibility-Scanner/benchmarks/bugs-dot-jar/maven/maven-embedder/target/maven-embedder-3.0-SNAPSHOT.jar to /home/user/.m2/repository/org/apache/maven/maven-embedder/3.0-SNAPSHOT/maven-embedder-3.0-SNAPSHOT.jar
[[1;34mINFO[m] Installing /home/user/Workspace/reproducibility/Reproducibility-Scanner/benchmarks/bugs-dot-jar/maven/maven-embedder/pom.xml to /home/user/.m2/repository/org/apache/maven/maven-embedder/3.0-SNAPSHOT/maven-embedder-3.0-SNAPSHOT.pom
[[1;34mINFO[m] 
[[1;34mINFO[m] [1m-------------------< [0;36morg.apache.maven:apache-maven[0;1m >--------------------[m
[[1;34mINFO[m] [1mBuilding Maven Distribution 3.0-SNAPSHOT                         [13/13][m
[[1;34mINFO[m] [1m--------------------------------[ jar ]---------------------------------[m
Downloading from central: https://repo.maven.apache.org/maven2/org/sonatype/mercury/mercury-mp3-cli/1.0-alpha-1/mercury-mp3-cli-1.0-alpha-1.pom
Progress (1): 4.1/5.6 kBProgress (1): 5.6 kB                        Downloaded from central: https://repo.maven.apache.org/maven2/org/sonatype/mercury/mercury-mp3-cli/1.0-alpha-1/mercury-mp3-cli-1.0-alpha-1.pom (5.6 kB at 39 kB/s)
Downloading from central: https://repo.maven.apache.org/maven2/org/sonatype/mercury/mercury-mp3/1.0-alpha-1/mercury-mp3-1.0-alpha-1.pom
Progress (1): 4.1/12 kBProgress (1): 8.2/12 kBProgress (1): 12/12 kB Progress (1): 12 kB                      Downloaded from central: https://repo.maven.apache.org/maven2/org/sonatype/mercury/mercury-mp3/1.0-alpha-1/mercury-mp3-1.0-alpha-1.pom (12 kB at 61 kB/s)
Downloading from central: https://repo.maven.apache.org/maven2/org/sonatype/mercury/mercury-mp3-delta/1.0-alpha-1/mercury-mp3-delta-1.0-alpha-1.pom
Progress (1): 2.5 kB                    Downloaded from central: https://repo.maven.apache.org/maven2/org/sonatype/mercury/mercury-mp3-delta/1.0-alpha-1/mercury-mp3-delta-1.0-alpha-1.pom (2.5 kB at 18 kB/s)
Downloading from central: https://repo.maven.apache.org/maven2/org/sonatype/mercury/mercury-mp3-api/1.0-alpha-1/mercury-mp3-api-1.0-alpha-1.pom
Progress (1): 2.9 kB                    Downloaded from central: https://repo.maven.apache.org/maven2/org/sonatype/mercury/mercury-mp3-api/1.0-alpha-1/mercury-mp3-api-1.0-alpha-1.pom (2.9 kB at 20 kB/s)
Downloading from apache.snapshots: http://people.apache.org/repo/m2-snapshot-repository/org/apache/maven/mercury/mercury-event/1.0.0-alpha-4-SNAPSHOT/maven-metadata.xml
Downloading from apache.snapshots: http://people.apache.org/repo/m2-snapshot-repository/org/apache/maven/mercury/mercury-event/1.0.0-alpha-4-SNAPSHOT/mercury-event-1.0.0-alpha-4-SNAPSHOT.pom
[[1;33mWARNING[m] The POM for org.apache.maven.mercury:mercury-event:jar:1.0.0-alpha-4-SNAPSHOT is missing, no dependency information available
Downloading from apache.snapshots: http://people.apache.org/repo/m2-snapshot-repository/org/apache/maven/mercury/mercury-logging/1.0.0-alpha-4-SNAPSHOT/maven-metadata.xml
Downloading from apache.snapshots: http://people.apache.org/repo/m2-snapshot-repository/org/apache/maven/mercury/mercury-logging/1.0.0-alpha-4-SNAPSHOT/mercury-logging-1.0.0-alpha-4-SNAPSHOT.pom
[[1;33mWARNING[m] The POM for org.apache.maven.mercury:mercury-logging:jar:1.0.0-alpha-4-SNAPSHOT is missing, no dependency information available
Downloading from apache.snapshots: http://people.apache.org/repo/m2-snapshot-repository/org/apache/maven/mercury/mercury-plexus/1.0.0-alpha-4-SNAPSHOT/maven-metadata.xml
Downloading from apache.snapshots: http://people.apache.org/repo/m2-snapshot-repository/org/apache/maven/mercury/mercury-plexus/1.0.0-alpha-4-SNAPSHOT/mercury-plexus-1.0.0-alpha-4-SNAPSHOT.pom
[[1;33mWARNING[m] The POM for org.apache.maven.mercury:mercury-plexus:jar:1.0.0-alpha-4-SNAPSHOT is missing, no dependency information available
Downloading from central: https://repo.maven.apache.org/maven2/org/codehaus/plexus/plexus-cli/1.5/plexus-cli-1.5.pom
Progress (1): 1.5 kB                    Downloaded from central: https://repo.maven.apache.org/maven2/org/codehaus/plexus/plexus-cli/1.5/plexus-cli-1.5.pom (1.5 kB at 6.4 kB/s)
Downloading from central: https://repo.maven.apache.org/maven2/org/codehaus/plexus/plexus-tools/1.0.11/plexus-tools-1.0.11.pom
Progress (1): 1.7 kB                    Downloaded from central: https://repo.maven.apache.org/maven2/org/codehaus/plexus/plexus-tools/1.0.11/plexus-tools-1.0.11.pom (1.7 kB at 7.9 kB/s)
Downloading from central: https://repo.maven.apache.org/maven2/jline/jline/0.9.9/jline-0.9.9.pom
Progress (1): 4.1/6.3 kBProgress (1): 6.3 kB                        Downloaded from central: https://repo.maven.apache.org/maven2/jline/jline/0.9.9/jline-0.9.9.pom (6.3 kB at 40 kB/s)
Downloading from central: https://repo.maven.apache.org/maven2/org/mortbay/jetty/jetty-client/6.1.15.rc2/jetty-client-6.1.15.rc2.pom
Progress (1): 4.1/4.9 kBProgress (1): 4.9 kB                        Downloaded from central: https://repo.maven.apache.org/maven2/org/mortbay/jetty/jetty-client/6.1.15.rc2/jetty-client-6.1.15.rc2.pom (4.9 kB at 21 kB/s)
Downloading from central: https://repo.maven.apache.org/maven2/org/mortbay/jetty/project/6.1.15.rc2/project-6.1.15.rc2.pom
Progress (1): 4.1/8.9 kBProgress (1): 8.2/8.9 kBProgress (1): 8.9 kB                        Downloaded from central: https://repo.maven.apache.org/maven2/org/mortbay/jetty/project/6.1.15.rc2/project-6.1.15.rc2.pom (8.9 kB at 56 kB/s)
Downloading from central: https://repo.maven.apache.org/maven2/org/mortbay/jetty/jetty-util5/6.1.15.rc2/jetty-util5-6.1.15.rc2.pom
Progress (1): 3.9 kB                    Downloaded from central: https://repo.maven.apache.org/maven2/org/mortbay/jetty/jetty-util5/6.1.15.rc2/jetty-util5-6.1.15.rc2.pom (3.9 kB at 26 kB/s)
Downloading from central: https://repo.maven.apache.org/maven2/org/mortbay/jetty/jetty-util/6.1.15.rc2/jetty-util-6.1.15.rc2.pom
Progress (1): 3.5 kB                    Downloaded from central: https://repo.maven.apache.org/maven2/org/mortbay/jetty/jetty-util/6.1.15.rc2/jetty-util-6.1.15.rc2.pom (3.5 kB at 17 kB/s)
Downloading from central: https://repo.maven.apache.org/maven2/org/sonatype/mercury/mercury-mp3-cli/1.0-alpha-1/mercury-mp3-cli-1.0-alpha-1.jar
Downloading from central: https://repo.maven.apache.org/maven2/org/sonatype/mercury/mercury-mp3-delta/1.0-alpha-1/mercury-mp3-delta-1.0-alpha-1.jar
Downloading from central: https://repo.maven.apache.org/maven2/jline/jline/0.9.9/jline-0.9.9.jar
Downloading from central: https://repo.maven.apache.org/maven2/org/codehaus/plexus/plexus-cli/1.5/plexus-cli-1.5.jar
Downloading from central: https://repo.maven.apache.org/maven2/org/sonatype/mercury/mercury-mp3-api/1.0-alpha-1/mercury-mp3-api-1.0-alpha-1.jar
Progress (1): 4.1/57 kBProgress (1): 8.2/57 kBProgress (1): 12/57 kB Progress (1): 16/57 kBProgress (1): 20/57 kBProgress (1): 24/57 kBProgress (2): 24/57 kB | 4.1/54 kBProgress (2): 28/57 kB | 4.1/54 kBProgress (2): 28/57 kB | 8.2/54 kBProgress (2): 32/57 kB | 8.2/54 kBProgress (2): 32/57 kB | 12/54 kB Progress (2): 32/57 kB | 16/54 kBProgress (2): 36/57 kB | 16/54 kBProgress (2): 40/57 kB | 16/54 kBProgress (2): 45/57 kB | 16/54 kBProgress (2): 49/57 kB | 16/54 kBProgress (2): 49/57 kB | 20/54 kBProgress (2): 53/57 kB | 20/54 kBProgress (2): 53/57 kB | 24/54 kBProgress (2): 57/57 kB | 24/54 kBProgress (2): 57/57 kB | 28/54 kBProgress (2): 57 kB | 28/54 kB   Progress (2): 57 kB | 32/54 kBProgress (2): 57 kB | 36/54 kBProgress (2): 57 kB | 40/54 kBProgress (2): 57 kB | 45/54 kBProgress (2): 57 kB | 49/54 kBProgress (2): 57 kB | 53/54 kBProgress (2): 57 kB | 54 kB   Progress (3): 57 kB | 54 kB | 0/4.6 MBProgress (3): 57 kB | 54 kB | 0/4.6 MBProgress (3): 57 kB | 54 kB | 0.1/4.6 MBProgress (3): 57 kB | 54 kB | 0.1/4.6 MBProgress (3): 57 kB | 54 kB | 0.1/4.6 MBProgress (3): 57 kB | 54 kB | 0.1/4.6 MBProgress (3): 57 kB | 54 kB | 0.2/4.6 MBProgress (3): 57 kB | 54 kB | 0.2/4.6 MBProgress (3): 57 kB | 54 kB | 0.2/4.6 MBProgress (3): 57 kB | 54 kB | 0.2/4.6 MBProgress (3): 57 kB | 54 kB | 0.3/4.6 MBProgress (3): 57 kB | 54 kB | 0.3/4.6 MBProgress (3): 57 kB | 54 kB | 0.3/4.6 MBProgress (3): 57 kB | 54 kB | 0.3/4.6 MBProgress (3): 57 kB | 54 kB | 0.4/4.6 MBProgress (3): 57 kB | 54 kB | 0.4/4.6 MBProgress (3): 57 kB | 54 kB | 0.4/4.6 MBProgress (3): 57 kB | 54 kB | 0.4/4.6 MBProgress (3): 57 kB | 54 kB | 0.5/4.6 MBProgress (3): 57 kB | 54 kB | 0.5/4.6 MBProgress (3): 57 kB | 54 kB | 0.5/4.6 MBProgress (3): 57 kB | 54 kB | 0.5/4.6 MBProgress (3): 57 kB | 54 kB | 0.6/4.6 MBProgress (3): 57 kB | 54 kB | 0.6/4.6 MBProgress (3): 57 kB | 54 kB | 0.6/4.6 MBProgress (3): 57 kB | 54 kB | 0.6/4.6 MBProgress (3): 57 kB | 54 kB | 0.7/4.6 MBProgress (3): 57 kB | 54 kB | 0.7/4.6 MBProgress (3): 57 kB | 54 kB | 0.7/4.6 MBProgress (3): 57 kB | 54 kB | 0.7/4.6 MBProgress (3): 57 kB | 54 kB | 0.8/4.6 MB                                        Downloaded from central: https://repo.maven.apache.org/maven2/jline/jline/0.9.9/jline-0.9.9.jar (57 kB at 385 kB/s)
Downloading from central: https://repo.maven.apache.org/maven2/org/mortbay/jetty/jetty-client/6.1.15.rc2/jetty-client-6.1.15.rc2-assembly.jar
Progress (2): 54 kB | 0.8/4.6 MBProgress (2): 54 kB | 0.8/4.6 MBProgress (2): 54 kB | 0.8/4.6 MBProgress (2): 54 kB | 0.9/4.6 MBProgress (2): 54 kB | 0.9/4.6 MBProgress (2): 54 kB | 0.9/4.6 MBProgress (2): 54 kB | 0.9/4.6 MBProgress (2): 54 kB | 1.0/4.6 MBProgress (2): 54 kB | 1.0/4.6 MBProgress (2): 54 kB | 1.0/4.6 MBProgress (2): 54 kB | 1.0/4.6 MBProgress (2): 54 kB | 1.1/4.6 MBProgress (2): 54 kB | 1.1/4.6 MBProgress (2): 54 kB | 1.1/4.6 MBProgress (2): 54 kB | 1.1/4.6 MBProgress (2): 54 kB | 1.2/4.6 MBProgress (2): 54 kB | 1.2/4.6 MBProgress (2): 54 kB | 1.2/4.6 MBProgress (2): 54 kB | 1.2/4.6 MBProgress (2): 54 kB | 1.3/4.6 MBProgress (2): 54 kB | 1.3/4.6 MBProgress (2): 54 kB | 1.3/4.6 MBProgress (2): 54 kB | 1.3/4.6 MBProgress (2): 54 kB | 1.4/4.6 MBProgress (2): 54 kB | 1.4/4.6 MBProgress (2): 54 kB | 1.4/4.6 MBProgress (2): 54 kB | 1.4/4.6 MBProgress (2): 54 kB | 1.4/4.6 MBProgress (2): 54 kB | 1.5/4.6 MBProgress (2): 54 kB | 1.5/4.6 MBProgress (2): 54 kB | 1.5/4.6 MBProgress (2): 54 kB | 1.5/4.6 MBProgress (2): 54 kB | 1.6/4.6 MBProgress (2): 54 kB | 1.6/4.6 MBProgress (2): 54 kB | 1.6/4.6 MBProgress (2): 54 kB | 1.6/4.6 MBProgress (2): 54 kB | 1.7/4.6 MBProgress (2): 54 kB | 1.7/4.6 MBProgress (2): 54 kB | 1.7/4.6 MBProgress (3): 54 kB | 1.7/4.6 MB | 4.1/7.6 kBProgress (3): 54 kB | 1.7/4.6 MB | 7.6 kB    Progress (3): 54 kB | 1.7/4.6 MB | 7.6 kBProgress (3): 54 kB | 1.8/4.6 MB | 7.6 kBProgress (3): 54 kB | 1.8/4.6 MB | 7.6 kBProgress (3): 54 kB | 1.8/4.6 MB | 7.6 kBProgress (3): 54 kB | 1.8/4.6 MB | 7.6 kBProgress (3): 54 kB | 1.9/4.6 MB | 7.6 kBProgress (3): 54 kB | 1.9/4.6 MB | 7.6 kBProgress (3): 54 kB | 1.9/4.6 MB | 7.6 kBProgress (3): 54 kB | 1.9/4.6 MB | 7.6 kBProgress (3): 54 kB | 2.0/4.6 MB | 7.6 kBProgress (3): 54 kB | 2.0/4.6 MB | 7.6 kBProgress (3): 54 kB | 2.0/4.6 MB | 7.6 kBProgress (3): 54 kB | 2.0/4.6 MB | 7.6 kBProgress (3): 54 kB | 2.1/4.6 MB | 7.6 kBProgress (3): 54 kB | 2.1/4.6 MB | 7.6 kBProgress (3): 54 kB | 2.1/4.6 MB | 7.6 kBProgress (3): 54 kB | 2.1/4.6 MB | 7.6 kBProgress (3): 54 kB | 2.2/4.6 MB | 7.6 kBProgress (3): 54 kB | 2.2/4.6 MB | 7.6 kBProgress (3): 54 kB | 2.2/4.6 MB | 7.6 kBProgress (3): 54 kB | 2.2/4.6 MB | 7.6 kBProgress (3): 54 kB | 2.3/4.6 MB | 7.6 kBProgress (3): 54 kB | 2.3/4.6 MB | 7.6 kBProgress (3): 54 kB | 2.3/4.6 MB | 7.6 kBProgress (3): 54 kB | 2.3/4.6 MB | 7.6 kBProgress (3): 54 kB | 2.4/4.6 MB | 7.6 kBProgress (3): 54 kB | 2.4/4.6 MB | 7.6 kBProgress (3): 54 kB | 2.4/4.6 MB | 7.6 kBProgress (3): 54 kB | 2.4/4.6 MB | 7.6 kBProgress (3): 54 kB | 2.5/4.6 MB | 7.6 kBProgress (3): 54 kB | 2.5/4.6 MB | 7.6 kBProgress (3): 54 kB | 2.5/4.6 MB | 7.6 kBProgress (3): 54 kB | 2.5/4.6 MB | 7.6 kBProgress (3): 54 kB | 2.6/4.6 MB | 7.6 kBProgress (3): 54 kB | 2.6/4.6 MB | 7.6 kBProgress (3): 54 kB | 2.6/4.6 MB | 7.6 kBProgress (3): 54 kB | 2.6/4.6 MB | 7.6 kBProgress (3): 54 kB | 2.7/4.6 MB | 7.6 kBProgress (3): 54 kB | 2.7/4.6 MB | 7.6 kBProgress (3): 54 kB | 2.7/4.6 MB | 7.6 kBProgress (3): 54 kB | 2.7/4.6 MB | 7.6 kB                                         Downloaded from central: https://repo.maven.apache.org/maven2/org/sonatype/mercury/mercury-mp3-api/1.0-alpha-1/mercury-mp3-api-1.0-alpha-1.jar (54 kB at 223 kB/s)
Progress (2): 2.8/4.6 MB | 7.6 kB                                 Downloading from central: https://repo.maven.apache.org/maven2/org/mortbay/jetty/jetty-util5/6.1.15.rc2/jetty-util5-6.1.15.rc2.jar
Progress (2): 2.8/4.6 MB | 7.6 kBProgress (3): 2.8/4.6 MB | 7.6 kB | 4.1/9.7 kBProgress (3): 2.8/4.6 MB | 7.6 kB | 8.2/9.7 kBProgress (3): 2.8/4.6 MB | 7.6 kB | 8.2/9.7 kBProgress (3): 2.8/4.6 MB | 7.6 kB | 9.7 kB    Progress (3): 2.8/4.6 MB | 7.6 kB | 9.7 kBProgress (3): 2.9/4.6 MB | 7.6 kB | 9.7 kBProgress (3): 2.9/4.6 MB | 7.6 kB | 9.7 kBProgress (3): 2.9/4.6 MB | 7.6 kB | 9.7 kBProgress (3): 2.9/4.6 MB | 7.6 kB | 9.7 kBProgress (3): 3.0/4.6 MB | 7.6 kB | 9.7 kBProgress (3): 3.0/4.6 MB | 7.6 kB | 9.7 kBProgress (3): 3.0/4.6 MB | 7.6 kB | 9.7 kBProgress (3): 3.0/4.6 MB | 7.6 kB | 9.7 kBProgress (3): 3.1/4.6 MB | 7.6 kB | 9.7 kBProgress (3): 3.1/4.6 MB | 7.6 kB | 9.7 kBProgress (3): 3.1/4.6 MB | 7.6 kB | 9.7 kBProgress (3): 3.1/4.6 MB | 7.6 kB | 9.7 kBProgress (3): 3.2/4.6 MB | 7.6 kB | 9.7 kBProgress (3): 3.2/4.6 MB | 7.6 kB | 9.7 kBProgress (3): 3.2/4.6 MB | 7.6 kB | 9.7 kBProgress (3): 3.2/4.6 MB | 7.6 kB | 9.7 kBProgress (3): 3.2/4.6 MB | 7.6 kB | 9.7 kBProgress (3): 3.3/4.6 MB | 7.6 kB | 9.7 kBProgress (3): 3.3/4.6 MB | 7.6 kB | 9.7 kBProgress (3): 3.3/4.6 MB | 7.6 kB | 9.7 kBProgress (3): 3.3/4.6 MB | 7.6 kB | 9.7 kBProgress (3): 3.4/4.6 MB | 7.6 kB | 9.7 kBProgress (3): 3.4/4.6 MB | 7.6 kB | 9.7 kBProgress (3): 3.4/4.6 MB | 7.6 kB | 9.7 kBProgress (3): 3.4/4.6 MB | 7.6 kB | 9.7 kBProgress (3): 3.5/4.6 MB | 7.6 kB | 9.7 kBProgress (3): 3.5/4.6 MB | 7.6 kB | 9.7 kB                                          Downloaded from central: https://repo.maven.apache.org/maven2/org/codehaus/plexus/plexus-cli/1.5/plexus-cli-1.5.jar (7.6 kB at 27 kB/s)
Downloading from central: https://repo.maven.apache.org/maven2/org/mortbay/jetty/jetty-util/6.1.15.rc2/jetty-util-6.1.15.rc2.jar
Progress (2): 3.5/4.6 MB | 9.7 kBProgress (2): 3.5/4.6 MB | 9.7 kBProgress (2): 3.6/4.6 MB | 9.7 kBProgress (2): 3.6/4.6 MB | 9.7 kBProgress (2): 3.6/4.6 MB | 9.7 kBProgress (2): 3.6/4.6 MB | 9.7 kBProgress (2): 3.7/4.6 MB | 9.7 kBProgress (2): 3.7/4.6 MB | 9.7 kBProgress (2): 3.7/4.6 MB | 9.7 kBProgress (2): 3.7/4.6 MB | 9.7 kBProgress (2): 3.8/4.6 MB | 9.7 kBProgress (2): 3.8/4.6 MB | 9.7 kBProgress (2): 3.8/4.6 MB | 9.7 kBProgress (2): 3.8/4.6 MB | 9.7 kBProgress (2): 3.9/4.6 MB | 9.7 kBProgress (2): 3.9/4.6 MB | 9.7 kBProgress (2): 3.9/4.6 MB | 9.7 kBProgress (2): 3.9/4.6 MB | 9.7 kBProgress (2): 4.0/4.6 MB | 9.7 kBProgress (2): 4.0/4.6 MB | 9.7 kBProgress (2): 4.0/4.6 MB | 9.7 kBProgress (2): 4.0/4.6 MB | 9.7 kBProgress (2): 4.1/4.6 MB | 9.7 kBProgress (2): 4.1/4.6 MB | 9.7 kBProgress (2): 4.1/4.6 MB | 9.7 kBProgress (2): 4.1/4.6 MB | 9.7 kBProgress (2): 4.2/4.6 MB | 9.7 kBProgress (2): 4.2/4.6 MB | 9.7 kBProgress (2): 4.2/4.6 MB | 9.7 kB                                 Downloaded from central: https://repo.maven.apache.org/maven2/org/sonatype/mercury/mercury-mp3-delta/1.0-alpha-1/mercury-mp3-delta-1.0-alpha-1.jar (9.7 kB at 31 kB/s)
Progress (1): 4.2/4.6 MBProgress (2): 4.2/4.6 MB | 4.1/13 kBProgress (2): 4.2/4.6 MB | 8.2/13 kBProgress (2): 4.2/4.6 MB | 12/13 kB Progress (2): 4.2/4.6 MB | 13 kB   Progress (2): 4.3/4.6 MB | 13 kBProgress (2): 4.3/4.6 MB | 13 kBProgress (2): 4.3/4.6 MB | 13 kBProgress (2): 4.3/4.6 MB | 13 kBProgress (2): 4.4/4.6 MB | 13 kBProgress (2): 4.4/4.6 MB | 13 kBProgress (2): 4.4/4.6 MB | 13 kBProgress (2): 4.4/4.6 MB | 13 kBProgress (2): 4.5/4.6 MB | 13 kBProgress (2): 4.5/4.6 MB | 13 kBProgress (2): 4.5/4.6 MB | 13 kBProgress (2): 4.5/4.6 MB | 13 kBProgress (2): 4.6/4.6 MB | 13 kBProgress (2): 4.6 MB | 13 kB    Progress (3): 4.6 MB | 13 kB | 4.1/505 kBProgress (3): 4.6 MB | 13 kB | 8.2/505 kBProgress (3): 4.6 MB | 13 kB | 12/505 kB Progress (3): 4.6 MB | 13 kB | 16/505 kBProgress (3): 4.6 MB | 13 kB | 20/505 kBProgress (3): 4.6 MB | 13 kB | 24/505 kBProgress (3): 4.6 MB | 13 kB | 28/505 kBProgress (3): 4.6 MB | 13 kB | 32/505 kBProgress (3): 4.6 MB | 13 kB | 36/505 kBProgress (3): 4.6 MB | 13 kB | 40/505 kBProgress (3): 4.6 MB | 13 kB | 45/505 kBProgress (3): 4.6 MB | 13 kB | 49/505 kBProgress (3): 4.6 MB | 13 kB | 53/505 kBProgress (3): 4.6 MB | 13 kB | 57/505 kBProgress (3): 4.6 MB | 13 kB | 61/505 kBProgress (4): 4.6 MB | 13 kB | 61/505 kB | 4.1/171 kBProgress (4): 4.6 MB | 13 kB | 65/505 kB | 4.1/171 kBProgress (4): 4.6 MB | 13 kB | 65/505 kB | 8.2/171 kBProgress (4): 4.6 MB | 13 kB | 69/505 kB | 8.2/171 kBProgress (4): 4.6 MB | 13 kB | 69/505 kB | 12/171 kB Progress (4): 4.6 MB | 13 kB | 73/505 kB | 12/171 kBProgress (4): 4.6 MB | 13 kB | 73/505 kB | 16/171 kBProgress (4): 4.6 MB | 13 kB | 77/505 kB | 16/171 kBProgress (4): 4.6 MB | 13 kB | 81/505 kB | 16/171 kBProgress (4): 4.6 MB | 13 kB | 81/505 kB | 20/171 kBProgress (4): 4.6 MB | 13 kB | 85/505 kB | 20/171 kBProgress (4): 4.6 MB | 13 kB | 85/505 kB | 24/171 kBProgress (4): 4.6 MB | 13 kB | 90/505 kB | 24/171 kBProgress (4): 4.6 MB | 13 kB | 90/505 kB | 28/171 kBProgress (4): 4.6 MB | 13 kB | 94/505 kB | 28/171 kBProgress (4): 4.6 MB | 13 kB | 94/505 kB | 32/171 kBProgress (4): 4.6 MB | 13 kB | 98/505 kB | 32/171 kBProgress (4): 4.6 MB | 13 kB | 102/505 kB | 32/171 kBProgress (4): 4.6 MB | 13 kB | 102/505 kB | 36/171 kBProgress (4): 4.6 MB | 13 kB | 106/505 kB | 36/171 kBProgress (4): 4.6 MB | 13 kB | 106/505 kB | 40/171 kBProgress (4): 4.6 MB | 13 kB | 110/505 kB | 40/171 kBProgress (4): 4.6 MB | 13 kB | 110/505 kB | 45/171 kBProgress (4): 4.6 MB | 13 kB | 114/505 kB | 45/171 kBProgress (4): 4.6 MB | 13 kB | 114/505 kB | 49/171 kBProgress (4): 4.6 MB | 13 kB | 118/505 kB | 49/171 kBProgress (4): 4.6 MB | 13 kB | 122/505 kB | 49/171 kBProgress (4): 4.6 MB | 13 kB | 122/505 kB | 53/171 kBProgress (4): 4.6 MB | 13 kB | 126/505 kB | 53/171 kBProgress (4): 4.6 MB | 13 kB | 126/505 kB | 57/171 kBProgress (4): 4.6 MB | 13 kB | 131/505 kB | 57/171 kBProgress (4): 4.6 MB | 13 kB | 131/505 kB | 61/171 kBProgress (4): 4.6 MB | 13 kB | 135/505 kB | 61/171 kBProgress (4): 4.6 MB | 13 kB | 135/505 kB | 65/171 kBProgress (4): 4.6 MB | 13 kB | 139/505 kB | 65/171 kBProgress (4): 4.6 MB | 13 kB | 143/505 kB | 65/171 kBProgress (4): 4.6 MB | 13 kB | 147/505 kB | 65/171 kBProgress (4): 4.6 MB | 13 kB | 147/505 kB | 69/171 kBProgress (4): 4.6 MB | 13 kB | 151/505 kB | 69/171 kBProgress (4): 4.6 MB | 13 kB | 151/505 kB | 73/171 kBProgress (4): 4.6 MB | 13 kB | 155/505 kB | 73/171 kBProgress (4): 4.6 MB | 13 kB | 155/505 kB | 77/171 kBProgress (4): 4.6 MB | 13 kB | 159/505 kB | 77/171 kBProgress (4): 4.6 MB | 13 kB | 159/505 kB | 81/171 kBProgress (4): 4.6 MB | 13 kB | 163/505 kB | 81/171 kBProgress (4): 4.6 MB | 13 kB | 163/505 kB | 85/171 kBProgress (4): 4.6 MB | 13 kB | 167/505 kB | 85/171 kBProgress (4): 4.6 MB | 13 kB | 167/505 kB | 90/171 kBProgress (4): 4.6 MB | 13 kB | 171/505 kB | 90/171 kBProgress (4): 4.6 MB | 13 kB | 171/505 kB | 94/171 kBProgress (4): 4.6 MB | 13 kB | 176/505 kB | 94/171 kBProgress (4): 4.6 MB | 13 kB | 176/505 kB | 98/171 kBProgress (4): 4.6 MB | 13 kB | 180/505 kB | 98/171 kBProgress (4): 4.6 MB | 13 kB | 180/505 kB | 102/171 kBProgress (4): 4.6 MB | 13 kB | 184/505 kB | 102/171 kBProgress (4): 4.6 MB | 13 kB | 184/505 kB | 106/171 kBProgress (4): 4.6 MB | 13 kB | 188/505 kB | 106/171 kBProgress (4): 4.6 MB | 13 kB | 188/505 kB | 110/171 kBProgress (4): 4.6 MB | 13 kB | 192/505 kB | 110/171 kBProgress (4): 4.6 MB | 13 kB | 192/505 kB | 114/171 kBProgress (4): 4.6 MB | 13 kB | 196/505 kB | 114/171 kBProgress (4): 4.6 MB | 13 kB | 196/505 kB | 118/171 kBProgress (4): 4.6 MB | 13 kB | 200/505 kB | 118/171 kBProgress (4): 4.6 MB | 13 kB | 200/505 kB | 122/171 kBProgress (4): 4.6 MB | 13 kB | 204/505 kB | 122/171 kBProgress (4): 4.6 MB | 13 kB | 204/505 kB | 126/171 kBProgress (4): 4.6 MB | 13 kB | 208/505 kB | 126/171 kBProgress (4): 4.6 MB | 13 kB | 208/505 kB | 131/171 kBProgress (4): 4.6 MB | 13 kB | 212/505 kB | 131/171 kBProgress (4): 4.6 MB | 13 kB | 212/505 kB | 135/171 kBProgress (4): 4.6 MB | 13 kB | 217/505 kB | 135/171 kBProgress (4): 4.6 MB | 13 kB | 217/505 kB | 139/171 kBProgress (4): 4.6 MB | 13 kB | 221/505 kB | 139/171 kBProgress (4): 4.6 MB | 13 kB | 221/505 kB | 143/171 kBProgress (4): 4.6 MB | 13 kB | 225/505 kB | 143/171 kBProgress (4): 4.6 MB | 13 kB | 225/505 kB | 147/171 kBProgress (4): 4.6 MB | 13 kB | 229/505 kB | 147/171 kBProgress (4): 4.6 MB | 13 kB | 229/505 kB | 151/171 kBProgress (4): 4.6 MB | 13 kB | 233/505 kB | 151/171 kBProgress (4): 4.6 MB | 13 kB | 233/505 kB | 155/171 kBProgress (4): 4.6 MB | 13 kB | 237/505 kB | 155/171 kBProgress (4): 4.6 MB | 13 kB | 237/505 kB | 159/171 kBProgress (4): 4.6 MB | 13 kB | 241/505 kB | 159/171 kBProgress (4): 4.6 MB | 13 kB | 241/505 kB | 163/171 kBProgress (4): 4.6 MB | 13 kB | 245/505 kB | 163/171 kBProgress (4): 4.6 MB | 13 kB | 245/505 kB | 167/171 kBProgress (4): 4.6 MB | 13 kB | 245/505 kB | 171 kB    Progress (4): 4.6 MB | 13 kB | 249/505 kB | 171 kBProgress (4): 4.6 MB | 13 kB | 253/505 kB | 171 kBProgress (4): 4.6 MB | 13 kB | 258/505 kB | 171 kBProgress (4): 4.6 MB | 13 kB | 262/505 kB | 171 kBProgress (4): 4.6 MB | 13 kB | 266/505 kB | 171 kBProgress (4): 4.6 MB | 13 kB | 270/505 kB | 171 kBProgress (4): 4.6 MB | 13 kB | 274/505 kB | 171 kBProgress (4): 4.6 MB | 13 kB | 278/505 kB | 171 kBProgress (4): 4.6 MB | 13 kB | 282/505 kB | 171 kBProgress (4): 4.6 MB | 13 kB | 286/505 kB | 171 kBProgress (4): 4.6 MB | 13 kB | 290/505 kB | 171 kBProgress (4): 4.6 MB | 13 kB | 294/505 kB | 171 kBProgress (4): 4.6 MB | 13 kB | 298/505 kB | 171 kBProgress (4): 4.6 MB | 13 kB | 303/505 kB | 171 kBProgress (4): 4.6 MB | 13 kB | 307/505 kB | 171 kBProgress (4): 4.6 MB | 13 kB | 311/505 kB | 171 kBProgress (4): 4.6 MB | 13 kB | 315/505 kB | 171 kBProgress (4): 4.6 MB | 13 kB | 319/505 kB | 171 kBProgress (4): 4.6 MB | 13 kB | 323/505 kB | 171 kBProgress (4): 4.6 MB | 13 kB | 327/505 kB | 171 kBProgress (4): 4.6 MB | 13 kB | 331/505 kB | 171 kBProgress (4): 4.6 MB | 13 kB | 335/505 kB | 171 kBProgress (4): 4.6 MB | 13 kB | 339/505 kB | 171 kBProgress (4): 4.6 MB | 13 kB | 344/505 kB | 171 kBProgress (4): 4.6 MB | 13 kB | 348/505 kB | 171 kBProgress (4): 4.6 MB | 13 kB | 352/505 kB | 171 kBProgress (4): 4.6 MB | 13 kB | 356/505 kB | 171 kBProgress (4): 4.6 MB | 13 kB | 360/505 kB | 171 kBProgress (4): 4.6 MB | 13 kB | 364/505 kB | 171 kBProgress (4): 4.6 MB | 13 kB | 368/505 kB | 171 kBProgress (4): 4.6 MB | 13 kB | 372/505 kB | 171 kBProgress (4): 4.6 MB | 13 kB | 376/505 kB | 171 kBProgress (4): 4.6 MB | 13 kB | 380/505 kB | 171 kBProgress (4): 4.6 MB | 13 kB | 384/505 kB | 171 kBProgress (4): 4.6 MB | 13 kB | 389/505 kB | 171 kBProgress (4): 4.6 MB | 13 kB | 393/505 kB | 171 kBProgress (4): 4.6 MB | 13 kB | 397/505 kB | 171 kBProgress (4): 4.6 MB | 13 kB | 401/505 kB | 171 kBProgress (4): 4.6 MB | 13 kB | 405/505 kB | 171 kBProgress (4): 4.6 MB | 13 kB | 409/505 kB | 171 kBProgress (4): 4.6 MB | 13 kB | 413/505 kB | 171 kBProgress (4): 4.6 MB | 13 kB | 417/505 kB | 171 kBProgress (4): 4.6 MB | 13 kB | 421/505 kB | 171 kBProgress (4): 4.6 MB | 13 kB | 425/505 kB | 171 kBProgress (4): 4.6 MB | 13 kB | 430/505 kB | 171 kBProgress (4): 4.6 MB | 13 kB | 434/505 kB | 171 kBProgress (4): 4.6 MB | 13 kB | 438/505 kB | 171 kBProgress (4): 4.6 MB | 13 kB | 442/505 kB | 171 kBProgress (4): 4.6 MB | 13 kB | 446/505 kB | 171 kBProgress (4): 4.6 MB | 13 kB | 450/505 kB | 171 kBProgress (4): 4.6 MB | 13 kB | 454/505 kB | 171 kBProgress (4): 4.6 MB | 13 kB | 458/505 kB | 171 kBProgress (4): 4.6 MB | 13 kB | 462/505 kB | 171 kBProgress (4): 4.6 MB | 13 kB | 466/505 kB | 171 kBProgress (4): 4.6 MB | 13 kB | 470/505 kB | 171 kBProgress (4): 4.6 MB | 13 kB | 475/505 kB | 171 kBProgress (4): 4.6 MB | 13 kB | 479/505 kB | 171 kBProgress (4): 4.6 MB | 13 kB | 483/505 kB | 171 kBProgress (4): 4.6 MB | 13 kB | 487/505 kB | 171 kBProgress (4): 4.6 MB | 13 kB | 491/505 kB | 171 kBProgress (4): 4.6 MB | 13 kB | 495/505 kB | 171 kBProgress (4): 4.6 MB | 13 kB | 499/505 kB | 171 kBProgress (4): 4.6 MB | 13 kB | 503/505 kB | 171 kBProgress (4): 4.6 MB | 13 kB | 505 kB | 171 kB                                                  Downloaded from central: https://repo.maven.apache.org/maven2/org/mortbay/jetty/jetty-util5/6.1.15.rc2/jetty-util5-6.1.15.rc2.jar (13 kB at 34 kB/s)
Downloaded from central: https://repo.maven.apache.org/maven2/org/sonatype/mercury/mercury-mp3-cli/1.0-alpha-1/mercury-mp3-cli-1.0-alpha-1.jar (4.6 MB at 9.4 MB/s)
Downloaded from central: https://repo.maven.apache.org/maven2/org/mortbay/jetty/jetty-util/6.1.15.rc2/jetty-util-6.1.15.rc2.jar (171 kB at 352 kB/s)
Downloaded from central: https://repo.maven.apache.org/maven2/org/mortbay/jetty/jetty-client/6.1.15.rc2/jetty-client-6.1.15.rc2-assembly.jar (505 kB at 962 kB/s)
[[1;34mINFO[m] 
[[1;34mINFO[m] [1m--- [0;32mmaven-remote-resources-plugin:1.0:process[m [1m(default)[m @ [36mapache-maven[0;1m ---[m
[[1;34mINFO[m] 
[[1;34mINFO[m] [1m--- [0;32mmaven-resources-plugin:2.3:resources[m [1m(default-resources)[m @ [36mapache-maven[0;1m ---[m
[[1;34mINFO[m] Using 'UTF-8' encoding to copy filtered resources.
[[1;34mINFO[m] skip non existing resourceDirectory /home/user/Workspace/reproducibility/Reproducibility-Scanner/benchmarks/bugs-dot-jar/maven/apache-maven/src/main/resources
[[1;34mINFO[m] Copying 3 resources
[[1;34mINFO[m] 
[[1;34mINFO[m] [1m--- [0;32mmaven-compiler-plugin:2.0.2:compile[m [1m(default-compile)[m @ [36mapache-maven[0;1m ---[m
[[1;34mINFO[m] No sources to compile
[[1;34mINFO[m] 
[[1;34mINFO[m] [1m--- [0;32mmaven-resources-plugin:2.3:testResources[m [1m(default-testResources)[m @ [36mapache-maven[0;1m ---[m
[[1;34mINFO[m] Using 'UTF-8' encoding to copy filtered resources.
[[1;34mINFO[m] skip non existing resourceDirectory /home/user/Workspace/reproducibility/Reproducibility-Scanner/benchmarks/bugs-dot-jar/maven/apache-maven/src/test/resources
[[1;34mINFO[m] Copying 3 resources
[[1;34mINFO[m] 
[[1;34mINFO[m] [1m--- [0;32mmaven-compiler-plugin:2.0.2:testCompile[m [1m(default-testCompile)[m @ [36mapache-maven[0;1m ---[m
[[1;34mINFO[m] Compiling 1 source file to /home/user/Workspace/reproducibility/Reproducibility-Scanner/benchmarks/bugs-dot-jar/maven/apache-maven/target/test-classes
[[1;34mINFO[m] 
[[1;34mINFO[m] [1m--- [0;32mmaven-surefire-plugin:2.4.2:test[m [1m(default-test)[m @ [36mapache-maven[0;1m ---[m
[[1;34mINFO[m] Tests are skipped.
[[1;34mINFO[m] 
[[1;34mINFO[m] [1m--- [0;32mmaven-jar-plugin:2.1:jar[m [1m(default-jar)[m @ [36mapache-maven[0;1m ---[m
[[1;34mINFO[m] Building jar: /home/user/Workspace/reproducibility/Reproducibility-Scanner/benchmarks/bugs-dot-jar/maven/apache-maven/target/apache-maven-3.0-SNAPSHOT.jar
[[1;34mINFO[m] 
[[1;34mINFO[m] [1m--- [0;32mmaven-assembly-plugin:2.2-beta-2:single[m [1m(create-distro)[m @ [36mapache-maven[0;1m ---[m
[[1;34mINFO[m] Reading assembly descriptor: src/main/assembly/bin.xml
[[1;34mINFO[m] No files selected for line-ending conversion. Skipping: src/bin
[[1;34mINFO[m] No files selected for line-ending conversion. Skipping: src/bin
[[1;34mINFO[m] Processing DependencySet (output=boot)
[[1;33mWARNING[m] Missing POM for org.apache.maven.mercury:mercury-event:jar:1.0.0-alpha-4-SNAPSHOT
[[1;33mWARNING[m] Missing POM for org.apache.maven.mercury:mercury-logging:jar:1.0.0-alpha-4-SNAPSHOT
[[1;33mWARNING[m] Missing POM for org.apache.maven.mercury:mercury-plexus:jar:1.0.0-alpha-4-SNAPSHOT
[[1;34mINFO[m] Processing DependencySet (output=lib)
[[1;33mWARNING[m] Missing POM for org.apache.maven.mercury:mercury-event:jar:1.0.0-alpha-4-SNAPSHOT
[[1;33mWARNING[m] Missing POM for org.apache.maven.mercury:mercury-logging:jar:1.0.0-alpha-4-SNAPSHOT
[[1;33mWARNING[m] Missing POM for org.apache.maven.mercury:mercury-plexus:jar:1.0.0-alpha-4-SNAPSHOT
[[1;33mWARNING[m] The following patterns were never triggered in this artifact exclusion filter:
o  'org.codehaus.plexus:plexus-component-api'
o  'classworlds:classworlds'
o  'jmock:jmock'
o  'xml-apis:xml-apis'
o  'org.apache.maven:maven-artifact'
o  'org.apache.maven:maven-monitor'
o  'org.apache.maven:maven-plugin-descriptor'
o  'jdom:jdom'

[[1;34mINFO[m] Processing DependencySet (output=bin/.cd/bin)
[[1;33mWARNING[m] Missing POM for org.apache.maven.mercury:mercury-event:jar:1.0.0-alpha-4-SNAPSHOT
[[1;33mWARNING[m] Missing POM for org.apache.maven.mercury:mercury-logging:jar:1.0.0-alpha-4-SNAPSHOT
[[1;33mWARNING[m] Missing POM for org.apache.maven.mercury:mercury-plexus:jar:1.0.0-alpha-4-SNAPSHOT
[[1;34mINFO[m] Building tar : /home/user/Workspace/reproducibility/Reproducibility-Scanner/benchmarks/bugs-dot-jar/maven/apache-maven/target/apache-maven-3.0-SNAPSHOT-bin.tar.gz
[[1;34mINFO[m] No files selected for line-ending conversion. Skipping: src/bin
[[1;34mINFO[m] No files selected for line-ending conversion. Skipping: src/bin
[[1;34mINFO[m] Processing DependencySet (output=boot)
[[1;33mWARNING[m] Missing POM for org.apache.maven.mercury:mercury-event:jar:1.0.0-alpha-4-SNAPSHOT
[[1;33mWARNING[m] Missing POM for org.apache.maven.mercury:mercury-logging:jar:1.0.0-alpha-4-SNAPSHOT
[[1;33mWARNING[m] Missing POM for org.apache.maven.mercury:mercury-plexus:jar:1.0.0-alpha-4-SNAPSHOT
[[1;34mINFO[m] Processing DependencySet (output=lib)
[[1;33mWARNING[m] Missing POM for org.apache.maven.mercury:mercury-event:jar:1.0.0-alpha-4-SNAPSHOT
[[1;33mWARNING[m] Missing POM for org.apache.maven.mercury:mercury-logging:jar:1.0.0-alpha-4-SNAPSHOT
[[1;33mWARNING[m] Missing POM for org.apache.maven.mercury:mercury-plexus:jar:1.0.0-alpha-4-SNAPSHOT
[[1;33mWARNING[m] The following patterns were never triggered in this artifact exclusion filter:
o  'org.codehaus.plexus:plexus-component-api'
o  'classworlds:classworlds'
o  'jmock:jmock'
o  'xml-apis:xml-apis'
o  'org.apache.maven:maven-artifact'
o  'org.apache.maven:maven-monitor'
o  'org.apache.maven:maven-plugin-descriptor'
o  'jdom:jdom'

[[1;34mINFO[m] Processing DependencySet (output=bin/.cd/bin)
[[1;33mWARNING[m] Missing POM for org.apache.maven.mercury:mercury-event:jar:1.0.0-alpha-4-SNAPSHOT
[[1;33mWARNING[m] Missing POM for org.apache.maven.mercury:mercury-logging:jar:1.0.0-alpha-4-SNAPSHOT
[[1;33mWARNING[m] Missing POM for org.apache.maven.mercury:mercury-plexus:jar:1.0.0-alpha-4-SNAPSHOT
[[1;34mINFO[m] Building tar : /home/user/Workspace/reproducibility/Reproducibility-Scanner/benchmarks/bugs-dot-jar/maven/apache-maven/target/apache-maven-3.0-SNAPSHOT-bin.tar.bz2
[[1;34mINFO[m] No files selected for line-ending conversion. Skipping: src/bin
[[1;34mINFO[m] No files selected for line-ending conversion. Skipping: src/bin
[[1;34mINFO[m] Processing DependencySet (output=boot)
[[1;33mWARNING[m] Missing POM for org.apache.maven.mercury:mercury-event:jar:1.0.0-alpha-4-SNAPSHOT
[[1;33mWARNING[m] Missing POM for org.apache.maven.mercury:mercury-logging:jar:1.0.0-alpha-4-SNAPSHOT
[[1;33mWARNING[m] Missing POM for org.apache.maven.mercury:mercury-plexus:jar:1.0.0-alpha-4-SNAPSHOT
[[1;34mINFO[m] Processing DependencySet (output=lib)
[[1;33mWARNING[m] Missing POM for org.apache.maven.mercury:mercury-event:jar:1.0.0-alpha-4-SNAPSHOT
[[1;33mWARNING[m] Missing POM for org.apache.maven.mercury:mercury-logging:jar:1.0.0-alpha-4-SNAPSHOT
[[1;33mWARNING[m] Missing POM for org.apache.maven.mercury:mercury-plexus:jar:1.0.0-alpha-4-SNAPSHOT
[[1;33mWARNING[m] The following patterns were never triggered in this artifact exclusion filter:
o  'org.codehaus.plexus:plexus-component-api'
o  'classworlds:classworlds'
o  'jmock:jmock'
o  'xml-apis:xml-apis'
o  'org.apache.maven:maven-artifact'
o  'org.apache.maven:maven-monitor'
o  'org.apache.maven:maven-plugin-descriptor'
o  'jdom:jdom'

[[1;34mINFO[m] Processing DependencySet (output=bin/.cd/bin)
[[1;33mWARNING[m] Missing POM for org.apache.maven.mercury:mercury-event:jar:1.0.0-alpha-4-SNAPSHOT
[[1;33mWARNING[m] Missing POM for org.apache.maven.mercury:mercury-logging:jar:1.0.0-alpha-4-SNAPSHOT
[[1;33mWARNING[m] Missing POM for org.apache.maven.mercury:mercury-plexus:jar:1.0.0-alpha-4-SNAPSHOT
[[1;34mINFO[m] Building zip: /home/user/Workspace/reproducibility/Reproducibility-Scanner/benchmarks/bugs-dot-jar/maven/apache-maven/target/apache-maven-3.0-SNAPSHOT-bin.zip
[[1;34mINFO[m] 
[[1;34mINFO[m] [1m--- [0;32mmaven-install-plugin:2.2:install[m [1m(default-install)[m @ [36mapache-maven[0;1m ---[m
[[1;34mINFO[m] Installing /home/user/Workspace/reproducibility/Reproducibility-Scanner/benchmarks/bugs-dot-jar/maven/apache-maven/target/apache-maven-3.0-SNAPSHOT.jar to /home/user/.m2/repository/org/apache/maven/apache-maven/3.0-SNAPSHOT/apache-maven-3.0-SNAPSHOT.jar
[[1;34mINFO[m] Installing /home/user/Workspace/reproducibility/Reproducibility-Scanner/benchmarks/bugs-dot-jar/maven/apache-maven/pom.xml to /home/user/.m2/repository/org/apache/maven/apache-maven/3.0-SNAPSHOT/apache-maven-3.0-SNAPSHOT.pom
[[1;34mINFO[m] Installing /home/user/Workspace/reproducibility/Reproducibility-Scanner/benchmarks/bugs-dot-jar/maven/apache-maven/target/apache-maven-3.0-SNAPSHOT-bin.tar.gz to /home/user/.m2/repository/org/apache/maven/apache-maven/3.0-SNAPSHOT/apache-maven-3.0-SNAPSHOT-bin.tar.gz
[[1;34mINFO[m] Installing /home/user/Workspace/reproducibility/Reproducibility-Scanner/benchmarks/bugs-dot-jar/maven/apache-maven/target/apache-maven-3.0-SNAPSHOT-bin.tar.bz2 to /home/user/.m2/repository/org/apache/maven/apache-maven/3.0-SNAPSHOT/apache-maven-3.0-SNAPSHOT-bin.tar.bz2
[[1;34mINFO[m] Installing /home/user/Workspace/reproducibility/Reproducibility-Scanner/benchmarks/bugs-dot-jar/maven/apache-maven/target/apache-maven-3.0-SNAPSHOT-bin.zip to /home/user/.m2/repository/org/apache/maven/apache-maven/3.0-SNAPSHOT/apache-maven-3.0-SNAPSHOT-bin.zip
[[1;34mINFO[m] [1m------------------------------------------------------------------------[m
[[1;34mINFO[m] [1mReactor Summary for Apache Maven 3.0-SNAPSHOT:[m
[[1;34mINFO[m] 
[[1;34mINFO[m] Apache Maven ....................................... [1;32mSUCCESS[m [  0.480 s]
[[1;34mINFO[m] Maven Lifecycle Model .............................. [1;32mSUCCESS[m [  6.227 s]
[[1;34mINFO[m] Maven Reporting API ................................ [1;32mSUCCESS[m [  0.315 s]
[[1;34mINFO[m] Maven Model ........................................ [1;32mSUCCESS[m [  1.381 s]
[[1;34mINFO[m] Maven Compat ....................................... [1;32mSUCCESS[m [  3.753 s]
[[1;34mINFO[m] Maven Plugin API ................................... [1;32mSUCCESS[m [  0.970 s]
[[1;34mINFO[m] Maven Project Builder .............................. [1;32mSUCCESS[m [  1.226 s]
[[1;34mINFO[m] Maven Mercury ...................................... [1;32mSUCCESS[m [  2.270 s]
[[1;34mINFO[m] Maven Project ...................................... [1;32mSUCCESS[m [  2.138 s]
[[1;34mINFO[m] Maven Core ......................................... [1;32mSUCCESS[m [  2.942 s]
[[1;34mINFO[m] Maven Toolchains ................................... [1;32mSUCCESS[m [  1.024 s]
[[1;34mINFO[m] Maven Embedder ..................................... [1;32mSUCCESS[m [  2.789 s]
[[1;34mINFO[m] Maven Distribution ................................. [1;32mSUCCESS[m [ 12.768 s]
[[1;34mINFO[m] [1m------------------------------------------------------------------------[m
[[1;34mINFO[m] [1;32mBUILD SUCCESS[m
[[1;34mINFO[m] [1m------------------------------------------------------------------------[m
[[1;34mINFO[m] Total time:  38.507 s
[[1;34mINFO[m] Finished at: 2022-08-02T15:38:29-07:00
[[1;34mINFO[m] [1m------------------------------------------------------------------------[m
[[1;34mINFO[m] Scanning for projects...
[[1;33mWARNING[m] 
[[1;33mWARNING[m] Some problems were encountered while building the effective model for org.apache.maven:apache-maven:jar:3.0-SNAPSHOT
[[1;33mWARNING[m] The expression ${pom.version} is deprecated. Please use ${project.version} instead.
[[1;33mWARNING[m] 
[[1;33mWARNING[m] It is highly recommended to fix these problems because they threaten the stability of your build.
[[1;33mWARNING[m] 
[[1;33mWARNING[m] For this reason, future Maven versions might no longer support building such malformed projects.
[[1;33mWARNING[m] 
[[1;34mINFO[m] 
[[1;34mINFO[m] [1m-------------------< [0;36morg.apache.maven:maven-project[0;1m >-------------------[m
[[1;34mINFO[m] [1mBuilding Maven Project 3.0-SNAPSHOT[m
[[1;34mINFO[m] [1m--------------------------------[ jar ]---------------------------------[m
[[1;34mINFO[m] 
[[1;34mINFO[m] [1m--- [0;32mmodello-maven-plugin:1.0-alpha-22:java[m [1m(standard)[m @ [36mmaven-project[0;1m ---[m
[[1;34mINFO[m] outputDirectory: /home/user/Workspace/reproducibility/Reproducibility-Scanner/benchmarks/bugs-dot-jar/maven/maven-project/target/generated-sources/modello
[[1;34mINFO[m] Working on model: src/main/mdo/profiles.mdo
[[1;34mINFO[m] Generating current version: 1.0.0
[[1;34mINFO[m] 
[[1;34mINFO[m] [1m--- [0;32mmodello-maven-plugin:1.0-alpha-22:xpp3-reader[m [1m(standard)[m @ [36mmaven-project[0;1m ---[m
[[1;34mINFO[m] outputDirectory: /home/user/Workspace/reproducibility/Reproducibility-Scanner/benchmarks/bugs-dot-jar/maven/maven-project/target/generated-sources/modello
[[1;34mINFO[m] Working on model: src/main/mdo/profiles.mdo
[[1;34mINFO[m] Generating current version: 1.0.0
[[1;34mINFO[m] 
[[1;34mINFO[m] [1m--- [0;32mmodello-maven-plugin:1.0-alpha-22:xpp3-writer[m [1m(standard)[m @ [36mmaven-project[0;1m ---[m
[[1;34mINFO[m] outputDirectory: /home/user/Workspace/reproducibility/Reproducibility-Scanner/benchmarks/bugs-dot-jar/maven/maven-project/target/generated-sources/modello
[[1;34mINFO[m] Working on model: src/main/mdo/profiles.mdo
[[1;34mINFO[m] Generating current version: 1.0.0
[[1;34mINFO[m] 
[[1;34mINFO[m] [1m--- [0;32mmaven-remote-resources-plugin:1.0:process[m [1m(default)[m @ [36mmaven-project[0;1m ---[m
[[1;34mINFO[m] Setting property: classpath.resource.loader.class => 'org.codehaus.plexus.velocity.ContextClassLoaderResourceLoader'.
[[1;34mINFO[m] Setting property: velocimacro.messages.on => 'false'.
[[1;34mINFO[m] Setting property: resource.loader => 'classpath'.
[[1;34mINFO[m] Setting property: resource.manager.logwhenfound => 'false'.
[[1;34mINFO[m] 
[[1;34mINFO[m] [1m--- [0;32mmaven-resources-plugin:2.3:resources[m [1m(default-resources)[m @ [36mmaven-project[0;1m ---[m
[[1;34mINFO[m] Using 'UTF-8' encoding to copy filtered resources.
[[1;34mINFO[m] skip non existing resourceDirectory /home/user/Workspace/reproducibility/Reproducibility-Scanner/benchmarks/bugs-dot-jar/maven/maven-project/src/main/resources
[[1;34mINFO[m] Copying 3 resources
[[1;34mINFO[m] 
[[1;34mINFO[m] [1m--- [0;32mmaven-compiler-plugin:2.0.2:compile[m [1m(default-compile)[m @ [36mmaven-project[0;1m ---[m
[[1;34mINFO[m] Compiling 11 source files to /home/user/Workspace/reproducibility/Reproducibility-Scanner/benchmarks/bugs-dot-jar/maven/maven-project/target/classes
[[1;34mINFO[m] 
[[1;34mINFO[m] [1m--- [0;32mplexus-component-metadata:1.0-beta-3.0.5:generate-metadata[m [1m(default)[m @ [36mmaven-project[0;1m ---[m
[[1;34mINFO[m] Discovered 15 component descriptors(s)
[[1;34mINFO[m] 
[[1;34mINFO[m] [1m--- [0;32mmaven-resources-plugin:2.3:testResources[m [1m(default-testResources)[m @ [36mmaven-project[0;1m ---[m
[[1;34mINFO[m] Using 'UTF-8' encoding to copy filtered resources.
[[1;34mINFO[m] Copying 213 resources
[[1;34mINFO[m] Copying 3 resources
[[1;34mINFO[m] 
[[1;34mINFO[m] [1m--- [0;32mmaven-compiler-plugin:2.0.2:testCompile[m [1m(default-testCompile)[m @ [36mmaven-project[0;1m ---[m
[[1;34mINFO[m] Nothing to compile - all classes are up to date
[[1;34mINFO[m] 
[[1;34mINFO[m] [1m--- [0;32mmaven-surefire-plugin:2.4.2:test[m [1m(default-test)[m @ [36mmaven-project[0;1m ---[m
Downloading from central: https://repo.maven.apache.org/maven2/org/apache/maven/surefire/surefire-junit/2.4.2/surefire-junit-2.4.2.pom
Progress (1): 1.5 kB                    Downloaded from central: https://repo.maven.apache.org/maven2/org/apache/maven/surefire/surefire-junit/2.4.2/surefire-junit-2.4.2.pom (1.5 kB at 3.0 kB/s)
Downloading from central: https://repo.maven.apache.org/maven2/org/apache/maven/surefire/surefire-providers/2.4.2/surefire-providers-2.4.2.pom
Progress (1): 1.7 kB                    Downloaded from central: https://repo.maven.apache.org/maven2/org/apache/maven/surefire/surefire-providers/2.4.2/surefire-providers-2.4.2.pom (1.7 kB at 20 kB/s)
Downloading from central: https://repo.maven.apache.org/maven2/org/apache/maven/surefire/surefire-junit/2.4.2/surefire-junit-2.4.2.jar
Progress (1): 2.7/15 kBProgress (1): 5.5/15 kBProgress (1): 8.2/15 kBProgress (1): 11/15 kB Progress (1): 14/15 kBProgress (1): 15 kB                      Downloaded from central: https://repo.maven.apache.org/maven2/org/apache/maven/surefire/surefire-junit/2.4.2/surefire-junit-2.4.2.jar (15 kB at 99 kB/s)
[[1;34mINFO[m] Surefire report directory: /home/user/Workspace/reproducibility/Reproducibility-Scanner/benchmarks/bugs-dot-jar/maven/maven-project/target/surefire-reports

-------------------------------------------------------
 T E S T S
-------------------------------------------------------
Running org.apache.maven.project.inheritance.t09.ProjectInheritanceTest
{basedir=/home/user/Workspace/reproducibility/Reproducibility-Scanner/benchmarks/bugs-dot-jar/maven/maven-project}
{basedir=/home/user/Workspace/reproducibility/Reproducibility-Scanner/benchmarks/bugs-dot-jar/maven/maven-project, plexus.home=/home/user/Workspace/reproducibility/Reproducibility-Scanner/benchmarks/bugs-dot-jar/maven/maven-project/target/plexus-home}
{basedir=/home/user/Workspace/reproducibility/Reproducibility-Scanner/benchmarks/bugs-dot-jar/maven/maven-project}
{basedir=/home/user/Workspace/reproducibility/Reproducibility-Scanner/benchmarks/bugs-dot-jar/maven/maven-project, plexus.home=/home/user/Workspace/reproducibility/Reproducibility-Scanner/benchmarks/bugs-dot-jar/maven/maven-project/target/plexus-home}
Tests run: 2, Failures: 0, Errors: 0, Skipped: 0, Time elapsed: 0.639 sec
Running org.apache.maven.project.inheritance.t12.ProjectInheritanceTest
{basedir=/home/user/Workspace/reproducibility/Reproducibility-Scanner/benchmarks/bugs-dot-jar/maven/maven-project}
{basedir=/home/user/Workspace/reproducibility/Reproducibility-Scanner/benchmarks/bugs-dot-jar/maven/maven-project, plexus.home=/home/user/Workspace/reproducibility/Reproducibility-Scanner/benchmarks/bugs-dot-jar/maven/maven-project/target/plexus-home}
Tests run: 1, Failures: 0, Errors: 0, Skipped: 0, Time elapsed: 0.061 sec
Running org.apache.maven.project.injection.TestProfileInjector
Tests run: 0, Failures: 0, Errors: 0, Skipped: 0, Time elapsed: 0.002 sec
Running org.apache.maven.profiles.activation.SystemPropertyProfileActivatorTest
Tests run: 4, Failures: 0, Errors: 0, Skipped: 0, Time elapsed: 0.004 sec
Running org.apache.maven.project.inheritance.t05.ProjectInheritanceTest
{basedir=/home/user/Workspace/reproducibility/Reproducibility-Scanner/benchmarks/bugs-dot-jar/maven/maven-project}
{basedir=/home/user/Workspace/reproducibility/Reproducibility-Scanner/benchmarks/bugs-dot-jar/maven/maven-project, plexus.home=/home/user/Workspace/reproducibility/Reproducibility-Scanner/benchmarks/bugs-dot-jar/maven/maven-project/target/plexus-home}
Artifact: maven-test:t05-a:jar 1.0 Scope: runtime
Artifact: maven-test:t05-b:jar 1.0 Scope: runtime
Artifact: maven-test:t05-c:jar 1.0 Scope: runtime
Artifact: maven-test:t05-d:jar 1.0 Scope: runtime
Tests run: 1, Failures: 0, Errors: 0, Skipped: 0, Time elapsed: 0.146 sec
Running org.apache.maven.project.validation.DefaultModelValidatorTest
{basedir=/home/user/Workspace/reproducibility/Reproducibility-Scanner/benchmarks/bugs-dot-jar/maven/maven-project}
{basedir=/home/user/Workspace/reproducibility/Reproducibility-Scanner/benchmarks/bugs-dot-jar/maven/maven-project, plexus.home=/home/user/Workspace/reproducibility/Reproducibility-Scanner/benchmarks/bugs-dot-jar/maven/maven-project/target/plexus-home}
{basedir=/home/user/Workspace/reproducibility/Reproducibility-Scanner/benchmarks/bugs-dot-jar/maven/maven-project}
{basedir=/home/user/Workspace/reproducibility/Reproducibility-Scanner/benchmarks/bugs-dot-jar/maven/maven-project, plexus.home=/home/user/Workspace/reproducibility/Reproducibility-Scanner/benchmarks/bugs-dot-jar/maven/maven-project/target/plexus-home}
{basedir=/home/user/Workspace/reproducibility/Reproducibility-Scanner/benchmarks/bugs-dot-jar/maven/maven-project}
{basedir=/home/user/Workspace/reproducibility/Reproducibility-Scanner/benchmarks/bugs-dot-jar/maven/maven-project, plexus.home=/home/user/Workspace/reproducibility/Reproducibility-Scanner/benchmarks/bugs-dot-jar/maven/maven-project/target/plexus-home}
{basedir=/home/user/Workspace/reproducibility/Reproducibility-Scanner/benchmarks/bugs-dot-jar/maven/maven-project}
{basedir=/home/user/Workspace/reproducibility/Reproducibility-Scanner/benchmarks/bugs-dot-jar/maven/maven-project, plexus.home=/home/user/Workspace/reproducibility/Reproducibility-Scanner/benchmarks/bugs-dot-jar/maven/maven-project/target/plexus-home}
{basedir=/home/user/Workspace/reproducibility/Reproducibility-Scanner/benchmarks/bugs-dot-jar/maven/maven-project}
{basedir=/home/user/Workspace/reproducibility/Reproducibility-Scanner/benchmarks/bugs-dot-jar/maven/maven-project, plexus.home=/home/user/Workspace/reproducibility/Reproducibility-Scanner/benchmarks/bugs-dot-jar/maven/maven-project/target/plexus-home}
{basedir=/home/user/Workspace/reproducibility/Reproducibility-Scanner/benchmarks/bugs-dot-jar/maven/maven-project}
{basedir=/home/user/Workspace/reproducibility/Reproducibility-Scanner/benchmarks/bugs-dot-jar/maven/maven-project, plexus.home=/home/user/Workspace/reproducibility/Reproducibility-Scanner/benchmarks/bugs-dot-jar/maven/maven-project/target/plexus-home}
{basedir=/home/user/Workspace/reproducibility/Reproducibility-Scanner/benchmarks/bugs-dot-jar/maven/maven-project}
{basedir=/home/user/Workspace/reproducibility/Reproducibility-Scanner/benchmarks/bugs-dot-jar/maven/maven-project, plexus.home=/home/user/Workspace/reproducibility/Reproducibility-Scanner/benchmarks/bugs-dot-jar/maven/maven-project/target/plexus-home}
{basedir=/home/user/Workspace/reproducibility/Reproducibility-Scanner/benchmarks/bugs-dot-jar/maven/maven-project}
{basedir=/home/user/Workspace/reproducibility/Reproducibility-Scanner/benchmarks/bugs-dot-jar/maven/maven-project, plexus.home=/home/user/Workspace/reproducibility/Reproducibility-Scanner/benchmarks/bugs-dot-jar/maven/maven-project/target/plexus-home}
{basedir=/home/user/Workspace/reproducibility/Reproducibility-Scanner/benchmarks/bugs-dot-jar/maven/maven-project}
{basedir=/home/user/Workspace/reproducibility/Reproducibility-Scanner/benchmarks/bugs-dot-jar/maven/maven-project, plexus.home=/home/user/Workspace/reproducibility/Reproducibility-Scanner/benchmarks/bugs-dot-jar/maven/maven-project/target/plexus-home}
{basedir=/home/user/Workspace/reproducibility/Reproducibility-Scanner/benchmarks/bugs-dot-jar/maven/maven-project}
{basedir=/home/user/Workspace/reproducibility/Reproducibility-Scanner/benchmarks/bugs-dot-jar/maven/maven-project, plexus.home=/home/user/Workspace/reproducibility/Reproducibility-Scanner/benchmarks/bugs-dot-jar/maven/maven-project/target/plexus-home}
{basedir=/home/user/Workspace/reproducibility/Reproducibility-Scanner/benchmarks/bugs-dot-jar/maven/maven-project}
{basedir=/home/user/Workspace/reproducibility/Reproducibility-Scanner/benchmarks/bugs-dot-jar/maven/maven-project, plexus.home=/home/user/Workspace/reproducibility/Reproducibility-Scanner/benchmarks/bugs-dot-jar/maven/maven-project/target/plexus-home}
{basedir=/home/user/Workspace/reproducibility/Reproducibility-Scanner/benchmarks/bugs-dot-jar/maven/maven-project}
{basedir=/home/user/Workspace/reproducibility/Reproducibility-Scanner/benchmarks/bugs-dot-jar/maven/maven-project, plexus.home=/home/user/Workspace/reproducibility/Reproducibility-Scanner/benchmarks/bugs-dot-jar/maven/maven-project/target/plexus-home}
{basedir=/home/user/Workspace/reproducibility/Reproducibility-Scanner/benchmarks/bugs-dot-jar/maven/maven-project}
{basedir=/home/user/Workspace/reproducibility/Reproducibility-Scanner/benchmarks/bugs-dot-jar/maven/maven-project, plexus.home=/home/user/Workspace/reproducibility/Reproducibility-Scanner/benchmarks/bugs-dot-jar/maven/maven-project/target/plexus-home}
{basedir=/home/user/Workspace/reproducibility/Reproducibility-Scanner/benchmarks/bugs-dot-jar/maven/maven-project}
{basedir=/home/user/Workspace/reproducibility/Reproducibility-Scanner/benchmarks/bugs-dot-jar/maven/maven-project, plexus.home=/home/user/Workspace/reproducibility/Reproducibility-Scanner/benchmarks/bugs-dot-jar/maven/maven-project/target/plexus-home}
{basedir=/home/user/Workspace/reproducibility/Reproducibility-Scanner/benchmarks/bugs-dot-jar/maven/maven-project}
{basedir=/home/user/Workspace/reproducibility/Reproducibility-Scanner/benchmarks/bugs-dot-jar/maven/maven-project, plexus.home=/home/user/Workspace/reproducibility/Reproducibility-Scanner/benchmarks/bugs-dot-jar/maven/maven-project/target/plexus-home}
{basedir=/home/user/Workspace/reproducibility/Reproducibility-Scanner/benchmarks/bugs-dot-jar/maven/maven-project}
{basedir=/home/user/Workspace/reproducibility/Reproducibility-Scanner/benchmarks/bugs-dot-jar/maven/maven-project, plexus.home=/home/user/Workspace/reproducibility/Reproducibility-Scanner/benchmarks/bugs-dot-jar/maven/maven-project/target/plexus-home}
Tests run: 16, Failures: 0, Errors: 0, Skipped: 0, Time elapsed: 0.22 sec
Running org.apache.maven.project.inheritance.t07.ProjectInheritanceTest
{basedir=/home/user/Workspace/reproducibility/Reproducibility-Scanner/benchmarks/bugs-dot-jar/maven/maven-project}
{basedir=/home/user/Workspace/reproducibility/Reproducibility-Scanner/benchmarks/bugs-dot-jar/maven/maven-project, plexus.home=/home/user/Workspace/reproducibility/Reproducibility-Scanner/benchmarks/bugs-dot-jar/maven/maven-project/target/plexus-home}
Project maven-t07:p1:pom:1.0 MavenProject: maven-t07:p1:1.0 @ /home/user/Workspace/reproducibility/Reproducibility-Scanner/benchmarks/bugs-dot-jar/maven/maven-project/src/test/resources/inheritance-repo/t07/p0/p1/pom.xml
Artifact: maven-test:t07-a:jar 1.0 Optional=false
Artifact: maven-test:t07-b:jar 1.0 Optional=false
Artifact: maven-test:t07-c:jar 1.0 Optional=false
Tests run: 1, Failures: 0, Errors: 0, Skipped: 0, Time elapsed: 0.072 sec
Running org.apache.maven.project.inheritance.t12scm.ProjectInheritanceTest
{basedir=/home/user/Workspace/reproducibility/Reproducibility-Scanner/benchmarks/bugs-dot-jar/maven/maven-project}
{basedir=/home/user/Workspace/reproducibility/Reproducibility-Scanner/benchmarks/bugs-dot-jar/maven/maven-project, plexus.home=/home/user/Workspace/reproducibility/Reproducibility-Scanner/benchmarks/bugs-dot-jar/maven/maven-project/target/plexus-home}



Child SCM URL is: http://host/viewer?path=/p0/p1
Child SCM connection is: scm:svn:http://host/p0/p1
Child SCM developer connection is: scm:svn:https://host/p0/p1
{basedir=/home/user/Workspace/reproducibility/Reproducibility-Scanner/benchmarks/bugs-dot-jar/maven/maven-project}
{basedir=/home/user/Workspace/reproducibility/Reproducibility-Scanner/benchmarks/bugs-dot-jar/maven/maven-project, plexus.home=/home/user/Workspace/reproducibility/Reproducibility-Scanner/benchmarks/bugs-dot-jar/maven/maven-project/target/plexus-home}



Parent SCM URL is: http://host/viewer?path=/p0
Child SCM URL is: http://host/viewer?path=/p0/p1

Parent SCM connection is: scm:svn:http://host/p0
Child SCM connection is: scm:svn:http://host/p0/p1

Parent SCM developer connection is: scm:svn:https://host/p0
Child SCM developer connection is: scm:svn:https://host/p0/p1
Tests run: 2, Failures: 0, Errors: 0, Skipped: 0, Time elapsed: 0.068 sec
Running org.apache.maven.project.SuperPomProjectBuilderTest
{basedir=/home/user/Workspace/reproducibility/Reproducibility-Scanner/benchmarks/bugs-dot-jar/maven/maven-project}
{basedir=/home/user/Workspace/reproducibility/Reproducibility-Scanner/benchmarks/bugs-dot-jar/maven/maven-project, plexus.home=/home/user/Workspace/reproducibility/Reproducibility-Scanner/benchmarks/bugs-dot-jar/maven/maven-project/target/plexus-home}
Tests run: 1, Failures: 0, Errors: 0, Skipped: 0, Time elapsed: 0.012 sec
Running org.apache.maven.profiles.activation.FileProfileActivatorTest
Tests run: 1, Failures: 0, Errors: 0, Skipped: 0, Time elapsed: 0.077 sec
Running org.apache.maven.project.inheritance.t02.ProjectInheritanceTest
{basedir=/home/user/Workspace/reproducibility/Reproducibility-Scanner/benchmarks/bugs-dot-jar/maven/maven-project}
{basedir=/home/user/Workspace/reproducibility/Reproducibility-Scanner/benchmarks/bugs-dot-jar/maven/maven-project, plexus.home=/home/user/Workspace/reproducibility/Reproducibility-Scanner/benchmarks/bugs-dot-jar/maven/maven-project/target/plexus-home}
Local repository is at: /home/user/Workspace/reproducibility/Reproducibility-Scanner/benchmarks/bugs-dot-jar/maven/maven-project/src/test/resources/inheritance-repo/t02
Location of project-4's POM: /home/user/Workspace/reproducibility/Reproducibility-Scanner/benchmarks/bugs-dot-jar/maven/maven-project/src/test/resources/inheritance-repo/t02/p0/p1/p2/p3/p4/pom.xml
Tests run: 1, Failures: 0, Errors: 0, Skipped: 0, Time elapsed: 0.248 sec
Running org.apache.maven.profiles.manager.DefaultProfileManagerTest
{basedir=/home/user/Workspace/reproducibility/Reproducibility-Scanner/benchmarks/bugs-dot-jar/maven/maven-project}
{basedir=/home/user/Workspace/reproducibility/Reproducibility-Scanner/benchmarks/bugs-dot-jar/maven/maven-project, plexus.home=/home/user/Workspace/reproducibility/Reproducibility-Scanner/benchmarks/bugs-dot-jar/maven/maven-project/target/plexus-home}
[WARNING] Cannot locate java version property: java.version. NOT enabling profile: notActivated
{basedir=/home/user/Workspace/reproducibility/Reproducibility-Scanner/benchmarks/bugs-dot-jar/maven/maven-project}
{basedir=/home/user/Workspace/reproducibility/Reproducibility-Scanner/benchmarks/bugs-dot-jar/maven/maven-project, plexus.home=/home/user/Workspace/reproducibility/Reproducibility-Scanner/benchmarks/bugs-dot-jar/maven/maven-project/target/plexus-home}
{basedir=/home/user/Workspace/reproducibility/Reproducibility-Scanner/benchmarks/bugs-dot-jar/maven/maven-project}
{basedir=/home/user/Workspace/reproducibility/Reproducibility-Scanner/benchmarks/bugs-dot-jar/maven/maven-project, plexus.home=/home/user/Workspace/reproducibility/Reproducibility-Scanner/benchmarks/bugs-dot-jar/maven/maven-project/target/plexus-home}
{basedir=/home/user/Workspace/reproducibility/Reproducibility-Scanner/benchmarks/bugs-dot-jar/maven/maven-project}
{basedir=/home/user/Workspace/reproducibility/Reproducibility-Scanner/benchmarks/bugs-dot-jar/maven/maven-project, plexus.home=/home/user/Workspace/reproducibility/Reproducibility-Scanner/benchmarks/bugs-dot-jar/maven/maven-project/target/plexus-home}
{basedir=/home/user/Workspace/reproducibility/Reproducibility-Scanner/benchmarks/bugs-dot-jar/maven/maven-project}
{basedir=/home/user/Workspace/reproducibility/Reproducibility-Scanner/benchmarks/bugs-dot-jar/maven/maven-project, plexus.home=/home/user/Workspace/reproducibility/Reproducibility-Scanner/benchmarks/bugs-dot-jar/maven/maven-project/target/plexus-home}
{basedir=/home/user/Workspace/reproducibility/Reproducibility-Scanner/benchmarks/bugs-dot-jar/maven/maven-project}
{basedir=/home/user/Workspace/reproducibility/Reproducibility-Scanner/benchmarks/bugs-dot-jar/maven/maven-project, plexus.home=/home/user/Workspace/reproducibility/Reproducibility-Scanner/benchmarks/bugs-dot-jar/maven/maven-project/target/plexus-home}
Tests run: 6, Failures: 0, Errors: 0, Skipped: 0, Time elapsed: 0.04 sec
Running org.apache.maven.project.MavenProjectTest
{basedir=/home/user/Workspace/reproducibility/Reproducibility-Scanner/benchmarks/bugs-dot-jar/maven/maven-project}
{basedir=/home/user/Workspace/reproducibility/Reproducibility-Scanner/benchmarks/bugs-dot-jar/maven/maven-project, plexus.home=/home/user/Workspace/reproducibility/Reproducibility-Scanner/benchmarks/bugs-dot-jar/maven/maven-project/target/plexus-home}
{basedir=/home/user/Workspace/reproducibility/Reproducibility-Scanner/benchmarks/bugs-dot-jar/maven/maven-project}
{basedir=/home/user/Workspace/reproducibility/Reproducibility-Scanner/benchmarks/bugs-dot-jar/maven/maven-project, plexus.home=/home/user/Workspace/reproducibility/Reproducibility-Scanner/benchmarks/bugs-dot-jar/maven/maven-project/target/plexus-home}
{basedir=/home/user/Workspace/reproducibility/Reproducibility-Scanner/benchmarks/bugs-dot-jar/maven/maven-project}
{basedir=/home/user/Workspace/reproducibility/Reproducibility-Scanner/benchmarks/bugs-dot-jar/maven/maven-project, plexus.home=/home/user/Workspace/reproducibility/Reproducibility-Scanner/benchmarks/bugs-dot-jar/maven/maven-project/target/plexus-home}
{basedir=/home/user/Workspace/reproducibility/Reproducibility-Scanner/benchmarks/bugs-dot-jar/maven/maven-project}
{basedir=/home/user/Workspace/reproducibility/Reproducibility-Scanner/benchmarks/bugs-dot-jar/maven/maven-project, plexus.home=/home/user/Workspace/reproducibility/Reproducibility-Scanner/benchmarks/bugs-dot-jar/maven/maven-project/target/plexus-home}
{basedir=/home/user/Workspace/reproducibility/Reproducibility-Scanner/benchmarks/bugs-dot-jar/maven/maven-project}
{basedir=/home/user/Workspace/reproducibility/Reproducibility-Scanner/benchmarks/bugs-dot-jar/maven/maven-project, plexus.home=/home/user/Workspace/reproducibility/Reproducibility-Scanner/benchmarks/bugs-dot-jar/maven/maven-project/target/plexus-home}
{basedir=/home/user/Workspace/reproducibility/Reproducibility-Scanner/benchmarks/bugs-dot-jar/maven/maven-project}
{basedir=/home/user/Workspace/reproducibility/Reproducibility-Scanner/benchmarks/bugs-dot-jar/maven/maven-project, plexus.home=/home/user/Workspace/reproducibility/Reproducibility-Scanner/benchmarks/bugs-dot-jar/maven/maven-project/target/plexus-home}
{basedir=/home/user/Workspace/reproducibility/Reproducibility-Scanner/benchmarks/bugs-dot-jar/maven/maven-project}
{basedir=/home/user/Workspace/reproducibility/Reproducibility-Scanner/benchmarks/bugs-dot-jar/maven/maven-project, plexus.home=/home/user/Workspace/reproducibility/Reproducibility-Scanner/benchmarks/bugs-dot-jar/maven/maven-project/target/plexus-home}
Tests run: 7, Failures: 0, Errors: 0, Skipped: 0, Time elapsed: 0.096 sec
Running org.apache.maven.project.inheritance.t04.ProjectInheritanceTest
{basedir=/home/user/Workspace/reproducibility/Reproducibility-Scanner/benchmarks/bugs-dot-jar/maven/maven-project}
{basedir=/home/user/Workspace/reproducibility/Reproducibility-Scanner/benchmarks/bugs-dot-jar/maven/maven-project, plexus.home=/home/user/Workspace/reproducibility/Reproducibility-Scanner/benchmarks/bugs-dot-jar/maven/maven-project/target/plexus-home}
Artifact: maven-test:t04-a:jar 1.0 Optional=false
Artifact: maven-test:t04-b:jar 1.0 Optional=false
Artifact: maven-test:t04-c:jar 1.0 Optional=false
Tests run: 1, Failures: 0, Errors: 0, Skipped: 0, Time elapsed: 0.056 sec
Running org.apache.maven.project.artifact.TestModelDefaultsInjector
Tests run: 0, Failures: 0, Errors: 0, Skipped: 0, Time elapsed: 0.001 sec
Running org.apache.maven.project.inheritance.t00.ProjectInheritanceTest
{basedir=/home/user/Workspace/reproducibility/Reproducibility-Scanner/benchmarks/bugs-dot-jar/maven/maven-project}
{basedir=/home/user/Workspace/reproducibility/Reproducibility-Scanner/benchmarks/bugs-dot-jar/maven/maven-project, plexus.home=/home/user/Workspace/reproducibility/Reproducibility-Scanner/benchmarks/bugs-dot-jar/maven/maven-project/target/plexus-home}
Tests run: 1, Failures: 0, Errors: 0, Skipped: 0, Time elapsed: 0.054 sec
Running org.apache.maven.project.builder.PomConstructionTest
{basedir=/home/user/Workspace/reproducibility/Reproducibility-Scanner/benchmarks/bugs-dot-jar/maven/maven-project}
{basedir=/home/user/Workspace/reproducibility/Reproducibility-Scanner/benchmarks/bugs-dot-jar/maven/maven-project, plexus.home=/home/user/Workspace/reproducibility/Reproducibility-Scanner/benchmarks/bugs-dot-jar/maven/maven-project/target/plexus-home}
{basedir=/home/user/Workspace/reproducibility/Reproducibility-Scanner/benchmarks/bugs-dot-jar/maven/maven-project}
{basedir=/home/user/Workspace/reproducibility/Reproducibility-Scanner/benchmarks/bugs-dot-jar/maven/maven-project, plexus.home=/home/user/Workspace/reproducibility/Reproducibility-Scanner/benchmarks/bugs-dot-jar/maven/maven-project/target/plexus-home}
{basedir=/home/user/Workspace/reproducibility/Reproducibility-Scanner/benchmarks/bugs-dot-jar/maven/maven-project}
{basedir=/home/user/Workspace/reproducibility/Reproducibility-Scanner/benchmarks/bugs-dot-jar/maven/maven-project, plexus.home=/home/user/Workspace/reproducibility/Reproducibility-Scanner/benchmarks/bugs-dot-jar/maven/maven-project/target/plexus-home}
{basedir=/home/user/Workspace/reproducibility/Reproducibility-Scanner/benchmarks/bugs-dot-jar/maven/maven-project}
{basedir=/home/user/Workspace/reproducibility/Reproducibility-Scanner/benchmarks/bugs-dot-jar/maven/maven-project, plexus.home=/home/user/Workspace/reproducibility/Reproducibility-Scanner/benchmarks/bugs-dot-jar/maven/maven-project/target/plexus-home}
{basedir=/home/user/Workspace/reproducibility/Reproducibility-Scanner/benchmarks/bugs-dot-jar/maven/maven-project}
{basedir=/home/user/Workspace/reproducibility/Reproducibility-Scanner/benchmarks/bugs-dot-jar/maven/maven-project, plexus.home=/home/user/Workspace/reproducibility/Reproducibility-Scanner/benchmarks/bugs-dot-jar/maven/maven-project/target/plexus-home}
{basedir=/home/user/Workspace/reproducibility/Reproducibility-Scanner/benchmarks/bugs-dot-jar/maven/maven-project}
{basedir=/home/user/Workspace/reproducibility/Reproducibility-Scanner/benchmarks/bugs-dot-jar/maven/maven-project, plexus.home=/home/user/Workspace/reproducibility/Reproducibility-Scanner/benchmarks/bugs-dot-jar/maven/maven-project/target/plexus-home}
{basedir=/home/user/Workspace/reproducibility/Reproducibility-Scanner/benchmarks/bugs-dot-jar/maven/maven-project}
{basedir=/home/user/Workspace/reproducibility/Reproducibility-Scanner/benchmarks/bugs-dot-jar/maven/maven-project, plexus.home=/home/user/Workspace/reproducibility/Reproducibility-Scanner/benchmarks/bugs-dot-jar/maven/maven-project/target/plexus-home}
{basedir=/home/user/Workspace/reproducibility/Reproducibility-Scanner/benchmarks/bugs-dot-jar/maven/maven-project}
{basedir=/home/user/Workspace/reproducibility/Reproducibility-Scanner/benchmarks/bugs-dot-jar/maven/maven-project, plexus.home=/home/user/Workspace/reproducibility/Reproducibility-Scanner/benchmarks/bugs-dot-jar/maven/maven-project/target/plexus-home}
{basedir=/home/user/Workspace/reproducibility/Reproducibility-Scanner/benchmarks/bugs-dot-jar/maven/maven-project}
{basedir=/home/user/Workspace/reproducibility/Reproducibility-Scanner/benchmarks/bugs-dot-jar/maven/maven-project, plexus.home=/home/user/Workspace/reproducibility/Reproducibility-Scanner/benchmarks/bugs-dot-jar/maven/maven-project/target/plexus-home}
{basedir=/home/user/Workspace/reproducibility/Reproducibility-Scanner/benchmarks/bugs-dot-jar/maven/maven-project}
{basedir=/home/user/Workspace/reproducibility/Reproducibility-Scanner/benchmarks/bugs-dot-jar/maven/maven-project, plexus.home=/home/user/Workspace/reproducibility/Reproducibility-Scanner/benchmarks/bugs-dot-jar/maven/maven-project/target/plexus-home}
{basedir=/home/user/Workspace/reproducibility/Reproducibility-Scanner/benchmarks/bugs-dot-jar/maven/maven-project}
{basedir=/home/user/Workspace/reproducibility/Reproducibility-Scanner/benchmarks/bugs-dot-jar/maven/maven-project, plexus.home=/home/user/Workspace/reproducibility/Reproducibility-Scanner/benchmarks/bugs-dot-jar/maven/maven-project/target/plexus-home}
{basedir=/home/user/Workspace/reproducibility/Reproducibility-Scanner/benchmarks/bugs-dot-jar/maven/maven-project}
{basedir=/home/user/Workspace/reproducibility/Reproducibility-Scanner/benchmarks/bugs-dot-jar/maven/maven-project, plexus.home=/home/user/Workspace/reproducibility/Reproducibility-Scanner/benchmarks/bugs-dot-jar/maven/maven-project/target/plexus-home}
{basedir=/home/user/Workspace/reproducibility/Reproducibility-Scanner/benchmarks/bugs-dot-jar/maven/maven-project}
{basedir=/home/user/Workspace/reproducibility/Reproducibility-Scanner/benchmarks/bugs-dot-jar/maven/maven-project, plexus.home=/home/user/Workspace/reproducibility/Reproducibility-Scanner/benchmarks/bugs-dot-jar/maven/maven-project/target/plexus-home}
{basedir=/home/user/Workspace/reproducibility/Reproducibility-Scanner/benchmarks/bugs-dot-jar/maven/maven-project}
{basedir=/home/user/Workspace/reproducibility/Reproducibility-Scanner/benchmarks/bugs-dot-jar/maven/maven-project, plexus.home=/home/user/Workspace/reproducibility/Reproducibility-Scanner/benchmarks/bugs-dot-jar/maven/maven-project/target/plexus-home}
{basedir=/home/user/Workspace/reproducibility/Reproducibility-Scanner/benchmarks/bugs-dot-jar/maven/maven-project}
{basedir=/home/user/Workspace/reproducibility/Reproducibility-Scanner/benchmarks/bugs-dot-jar/maven/maven-project, plexus.home=/home/user/Workspace/reproducibility/Reproducibility-Scanner/benchmarks/bugs-dot-jar/maven/maven-project/target/plexus-home}
{basedir=/home/user/Workspace/reproducibility/Reproducibility-Scanner/benchmarks/bugs-dot-jar/maven/maven-project}
{basedir=/home/user/Workspace/reproducibility/Reproducibility-Scanner/benchmarks/bugs-dot-jar/maven/maven-project, plexus.home=/home/user/Workspace/reproducibility/Reproducibility-Scanner/benchmarks/bugs-dot-jar/maven/maven-project/target/plexus-home}
{basedir=/home/user/Workspace/reproducibility/Reproducibility-Scanner/benchmarks/bugs-dot-jar/maven/maven-project}
{basedir=/home/user/Workspace/reproducibility/Reproducibility-Scanner/benchmarks/bugs-dot-jar/maven/maven-project, plexus.home=/home/user/Workspace/reproducibility/Reproducibility-Scanner/benchmarks/bugs-dot-jar/maven/maven-project/target/plexus-home}
{basedir=/home/user/Workspace/reproducibility/Reproducibility-Scanner/benchmarks/bugs-dot-jar/maven/maven-project}
{basedir=/home/user/Workspace/reproducibility/Reproducibility-Scanner/benchmarks/bugs-dot-jar/maven/maven-project, plexus.home=/home/user/Workspace/reproducibility/Reproducibility-Scanner/benchmarks/bugs-dot-jar/maven/maven-project/target/plexus-home}
{basedir=/home/user/Workspace/reproducibility/Reproducibility-Scanner/benchmarks/bugs-dot-jar/maven/maven-project}
{basedir=/home/user/Workspace/reproducibility/Reproducibility-Scanner/benchmarks/bugs-dot-jar/maven/maven-project, plexus.home=/home/user/Workspace/reproducibility/Reproducibility-Scanner/benchmarks/bugs-dot-jar/maven/maven-project/target/plexus-home}
{basedir=/home/user/Workspace/reproducibility/Reproducibility-Scanner/benchmarks/bugs-dot-jar/maven/maven-project}
{basedir=/home/user/Workspace/reproducibility/Reproducibility-Scanner/benchmarks/bugs-dot-jar/maven/maven-project, plexus.home=/home/user/Workspace/reproducibility/Reproducibility-Scanner/benchmarks/bugs-dot-jar/maven/maven-project/target/plexus-home}
{basedir=/home/user/Workspace/reproducibility/Reproducibility-Scanner/benchmarks/bugs-dot-jar/maven/maven-project}
{basedir=/home/user/Workspace/reproducibility/Reproducibility-Scanner/benchmarks/bugs-dot-jar/maven/maven-project, plexus.home=/home/user/Workspace/reproducibility/Reproducibility-Scanner/benchmarks/bugs-dot-jar/maven/maven-project/target/plexus-home}
{basedir=/home/user/Workspace/reproducibility/Reproducibility-Scanner/benchmarks/bugs-dot-jar/maven/maven-project}
{basedir=/home/user/Workspace/reproducibility/Reproducibility-Scanner/benchmarks/bugs-dot-jar/maven/maven-project, plexus.home=/home/user/Workspace/reproducibility/Reproducibility-Scanner/benchmarks/bugs-dot-jar/maven/maven-project/target/plexus-home}
{basedir=/home/user/Workspace/reproducibility/Reproducibility-Scanner/benchmarks/bugs-dot-jar/maven/maven-project}
{basedir=/home/user/Workspace/reproducibility/Reproducibility-Scanner/benchmarks/bugs-dot-jar/maven/maven-project, plexus.home=/home/user/Workspace/reproducibility/Reproducibility-Scanner/benchmarks/bugs-dot-jar/maven/maven-project/target/plexus-home}
{basedir=/home/user/Workspace/reproducibility/Reproducibility-Scanner/benchmarks/bugs-dot-jar/maven/maven-project}
{basedir=/home/user/Workspace/reproducibility/Reproducibility-Scanner/benchmarks/bugs-dot-jar/maven/maven-project, plexus.home=/home/user/Workspace/reproducibility/Reproducibility-Scanner/benchmarks/bugs-dot-jar/maven/maven-project/target/plexus-home}
{basedir=/home/user/Workspace/reproducibility/Reproducibility-Scanner/benchmarks/bugs-dot-jar/maven/maven-project}
{basedir=/home/user/Workspace/reproducibility/Reproducibility-Scanner/benchmarks/bugs-dot-jar/maven/maven-project, plexus.home=/home/user/Workspace/reproducibility/Reproducibility-Scanner/benchmarks/bugs-dot-jar/maven/maven-project/target/plexus-home}
{basedir=/home/user/Workspace/reproducibility/Reproducibility-Scanner/benchmarks/bugs-dot-jar/maven/maven-project}
{basedir=/home/user/Workspace/reproducibility/Reproducibility-Scanner/benchmarks/bugs-dot-jar/maven/maven-project, plexus.home=/home/user/Workspace/reproducibility/Reproducibility-Scanner/benchmarks/bugs-dot-jar/maven/maven-project/target/plexus-home}
{basedir=/home/user/Workspace/reproducibility/Reproducibility-Scanner/benchmarks/bugs-dot-jar/maven/maven-project}
{basedir=/home/user/Workspace/reproducibility/Reproducibility-Scanner/benchmarks/bugs-dot-jar/maven/maven-project, plexus.home=/home/user/Workspace/reproducibility/Reproducibility-Scanner/benchmarks/bugs-dot-jar/maven/maven-project/target/plexus-home}
{basedir=/home/user/Workspace/reproducibility/Reproducibility-Scanner/benchmarks/bugs-dot-jar/maven/maven-project}
{basedir=/home/user/Workspace/reproducibility/Reproducibility-Scanner/benchmarks/bugs-dot-jar/maven/maven-project, plexus.home=/home/user/Workspace/reproducibility/Reproducibility-Scanner/benchmarks/bugs-dot-jar/maven/maven-project/target/plexus-home}
{basedir=/home/user/Workspace/reproducibility/Reproducibility-Scanner/benchmarks/bugs-dot-jar/maven/maven-project}
{basedir=/home/user/Workspace/reproducibility/Reproducibility-Scanner/benchmarks/bugs-dot-jar/maven/maven-project, plexus.home=/home/user/Workspace/reproducibility/Reproducibility-Scanner/benchmarks/bugs-dot-jar/maven/maven-project/target/plexus-home}
{basedir=/home/user/Workspace/reproducibility/Reproducibility-Scanner/benchmarks/bugs-dot-jar/maven/maven-project}
{basedir=/home/user/Workspace/reproducibility/Reproducibility-Scanner/benchmarks/bugs-dot-jar/maven/maven-project, plexus.home=/home/user/Workspace/reproducibility/Reproducibility-Scanner/benchmarks/bugs-dot-jar/maven/maven-project/target/plexus-home}
[src/main/filters/child-a.properties, src/main/filters/child-c.properties, src/main/filters/child-b.properties, src/main/filters/child-d.properties, src/main/filters/parent-c.properties, src/main/filters/parent-b.properties, src/main/filters/parent-d.properties]
{basedir=/home/user/Workspace/reproducibility/Reproducibility-Scanner/benchmarks/bugs-dot-jar/maven/maven-project}
{basedir=/home/user/Workspace/reproducibility/Reproducibility-Scanner/benchmarks/bugs-dot-jar/maven/maven-project, plexus.home=/home/user/Workspace/reproducibility/Reproducibility-Scanner/benchmarks/bugs-dot-jar/maven/maven-project/target/plexus-home}
{basedir=/home/user/Workspace/reproducibility/Reproducibility-Scanner/benchmarks/bugs-dot-jar/maven/maven-project}
{basedir=/home/user/Workspace/reproducibility/Reproducibility-Scanner/benchmarks/bugs-dot-jar/maven/maven-project, plexus.home=/home/user/Workspace/reproducibility/Reproducibility-Scanner/benchmarks/bugs-dot-jar/maven/maven-project/target/plexus-home}
{basedir=/home/user/Workspace/reproducibility/Reproducibility-Scanner/benchmarks/bugs-dot-jar/maven/maven-project}
{basedir=/home/user/Workspace/reproducibility/Reproducibility-Scanner/benchmarks/bugs-dot-jar/maven/maven-project, plexus.home=/home/user/Workspace/reproducibility/Reproducibility-Scanner/benchmarks/bugs-dot-jar/maven/maven-project/target/plexus-home}
{basedir=/home/user/Workspace/reproducibility/Reproducibility-Scanner/benchmarks/bugs-dot-jar/maven/maven-project}
{basedir=/home/user/Workspace/reproducibility/Reproducibility-Scanner/benchmarks/bugs-dot-jar/maven/maven-project, plexus.home=/home/user/Workspace/reproducibility/Reproducibility-Scanner/benchmarks/bugs-dot-jar/maven/maven-project/target/plexus-home}
{basedir=/home/user/Workspace/reproducibility/Reproducibility-Scanner/benchmarks/bugs-dot-jar/maven/maven-project}
{basedir=/home/user/Workspace/reproducibility/Reproducibility-Scanner/benchmarks/bugs-dot-jar/maven/maven-project, plexus.home=/home/user/Workspace/reproducibility/Reproducibility-Scanner/benchmarks/bugs-dot-jar/maven/maven-project/target/plexus-home}
{basedir=/home/user/Workspace/reproducibility/Reproducibility-Scanner/benchmarks/bugs-dot-jar/maven/maven-project}
{basedir=/home/user/Workspace/reproducibility/Reproducibility-Scanner/benchmarks/bugs-dot-jar/maven/maven-project, plexus.home=/home/user/Workspace/reproducibility/Reproducibility-Scanner/benchmarks/bugs-dot-jar/maven/maven-project/target/plexus-home}
{basedir=/home/user/Workspace/reproducibility/Reproducibility-Scanner/benchmarks/bugs-dot-jar/maven/maven-project}
{basedir=/home/user/Workspace/reproducibility/Reproducibility-Scanner/benchmarks/bugs-dot-jar/maven/maven-project, plexus.home=/home/user/Workspace/reproducibility/Reproducibility-Scanner/benchmarks/bugs-dot-jar/maven/maven-project/target/plexus-home}
{basedir=/home/user/Workspace/reproducibility/Reproducibility-Scanner/benchmarks/bugs-dot-jar/maven/maven-project}
{basedir=/home/user/Workspace/reproducibility/Reproducibility-Scanner/benchmarks/bugs-dot-jar/maven/maven-project, plexus.home=/home/user/Workspace/reproducibility/Reproducibility-Scanner/benchmarks/bugs-dot-jar/maven/maven-project/target/plexus-home}
{basedir=/home/user/Workspace/reproducibility/Reproducibility-Scanner/benchmarks/bugs-dot-jar/maven/maven-project}
{basedir=/home/user/Workspace/reproducibility/Reproducibility-Scanner/benchmarks/bugs-dot-jar/maven/maven-project, plexus.home=/home/user/Workspace/reproducibility/Reproducibility-Scanner/benchmarks/bugs-dot-jar/maven/maven-project/target/plexus-home}
{basedir=/home/user/Workspace/reproducibility/Reproducibility-Scanner/benchmarks/bugs-dot-jar/maven/maven-project}
{basedir=/home/user/Workspace/reproducibility/Reproducibility-Scanner/benchmarks/bugs-dot-jar/maven/maven-project, plexus.home=/home/user/Workspace/reproducibility/Reproducibility-Scanner/benchmarks/bugs-dot-jar/maven/maven-project/target/plexus-home}
{basedir=/home/user/Workspace/reproducibility/Reproducibility-Scanner/benchmarks/bugs-dot-jar/maven/maven-project}
{basedir=/home/user/Workspace/reproducibility/Reproducibility-Scanner/benchmarks/bugs-dot-jar/maven/maven-project, plexus.home=/home/user/Workspace/reproducibility/Reproducibility-Scanner/benchmarks/bugs-dot-jar/maven/maven-project/target/plexus-home}
{basedir=/home/user/Workspace/reproducibility/Reproducibility-Scanner/benchmarks/bugs-dot-jar/maven/maven-project}
{basedir=/home/user/Workspace/reproducibility/Reproducibility-Scanner/benchmarks/bugs-dot-jar/maven/maven-project, plexus.home=/home/user/Workspace/reproducibility/Reproducibility-Scanner/benchmarks/bugs-dot-jar/maven/maven-project/target/plexus-home}
{basedir=/home/user/Workspace/reproducibility/Reproducibility-Scanner/benchmarks/bugs-dot-jar/maven/maven-project}
{basedir=/home/user/Workspace/reproducibility/Reproducibility-Scanner/benchmarks/bugs-dot-jar/maven/maven-project, plexus.home=/home/user/Workspace/reproducibility/Reproducibility-Scanner/benchmarks/bugs-dot-jar/maven/maven-project/target/plexus-home}
{basedir=/home/user/Workspace/reproducibility/Reproducibility-Scanner/benchmarks/bugs-dot-jar/maven/maven-project}
{basedir=/home/user/Workspace/reproducibility/Reproducibility-Scanner/benchmarks/bugs-dot-jar/maven/maven-project, plexus.home=/home/user/Workspace/reproducibility/Reproducibility-Scanner/benchmarks/bugs-dot-jar/maven/maven-project/target/plexus-home}
{basedir=/home/user/Workspace/reproducibility/Reproducibility-Scanner/benchmarks/bugs-dot-jar/maven/maven-project}
{basedir=/home/user/Workspace/reproducibility/Reproducibility-Scanner/benchmarks/bugs-dot-jar/maven/maven-project, plexus.home=/home/user/Workspace/reproducibility/Reproducibility-Scanner/benchmarks/bugs-dot-jar/maven/maven-project/target/plexus-home}
{basedir=/home/user/Workspace/reproducibility/Reproducibility-Scanner/benchmarks/bugs-dot-jar/maven/maven-project}
{basedir=/home/user/Workspace/reproducibility/Reproducibility-Scanner/benchmarks/bugs-dot-jar/maven/maven-project, plexus.home=/home/user/Workspace/reproducibility/Reproducibility-Scanner/benchmarks/bugs-dot-jar/maven/maven-project/target/plexus-home}
{basedir=/home/user/Workspace/reproducibility/Reproducibility-Scanner/benchmarks/bugs-dot-jar/maven/maven-project}
{basedir=/home/user/Workspace/reproducibility/Reproducibility-Scanner/benchmarks/bugs-dot-jar/maven/maven-project, plexus.home=/home/user/Workspace/reproducibility/Reproducibility-Scanner/benchmarks/bugs-dot-jar/maven/maven-project/target/plexus-home}
{basedir=/home/user/Workspace/reproducibility/Reproducibility-Scanner/benchmarks/bugs-dot-jar/maven/maven-project}
{basedir=/home/user/Workspace/reproducibility/Reproducibility-Scanner/benchmarks/bugs-dot-jar/maven/maven-project, plexus.home=/home/user/Workspace/reproducibility/Reproducibility-Scanner/benchmarks/bugs-dot-jar/maven/maven-project/target/plexus-home}
{basedir=/home/user/Workspace/reproducibility/Reproducibility-Scanner/benchmarks/bugs-dot-jar/maven/maven-project}
{basedir=/home/user/Workspace/reproducibility/Reproducibility-Scanner/benchmarks/bugs-dot-jar/maven/maven-project, plexus.home=/home/user/Workspace/reproducibility/Reproducibility-Scanner/benchmarks/bugs-dot-jar/maven/maven-project/target/plexus-home}
{basedir=/home/user/Workspace/reproducibility/Reproducibility-Scanner/benchmarks/bugs-dot-jar/maven/maven-project}
{basedir=/home/user/Workspace/reproducibility/Reproducibility-Scanner/benchmarks/bugs-dot-jar/maven/maven-project, plexus.home=/home/user/Workspace/reproducibility/Reproducibility-Scanner/benchmarks/bugs-dot-jar/maven/maven-project/target/plexus-home}
{basedir=/home/user/Workspace/reproducibility/Reproducibility-Scanner/benchmarks/bugs-dot-jar/maven/maven-project}
{basedir=/home/user/Workspace/reproducibility/Reproducibility-Scanner/benchmarks/bugs-dot-jar/maven/maven-project, plexus.home=/home/user/Workspace/reproducibility/Reproducibility-Scanner/benchmarks/bugs-dot-jar/maven/maven-project/target/plexus-home}
{basedir=/home/user/Workspace/reproducibility/Reproducibility-Scanner/benchmarks/bugs-dot-jar/maven/maven-project}
{basedir=/home/user/Workspace/reproducibility/Reproducibility-Scanner/benchmarks/bugs-dot-jar/maven/maven-project, plexus.home=/home/user/Workspace/reproducibility/Reproducibility-Scanner/benchmarks/bugs-dot-jar/maven/maven-project/target/plexus-home}
Tests run: 52, Failures: 0, Errors: 1, Skipped: 0, Time elapsed: 0.816 sec <<< FAILURE!
Running org.apache.maven.project.TestProjectBuilder
Tests run: 0, Failures: 0, Errors: 0, Skipped: 0, Time elapsed: 0.001 sec
Running org.apache.maven.project.inheritance.t10.ProjectInheritanceTest
{basedir=/home/user/Workspace/reproducibility/Reproducibility-Scanner/benchmarks/bugs-dot-jar/maven/maven-project}
{basedir=/home/user/Workspace/reproducibility/Reproducibility-Scanner/benchmarks/bugs-dot-jar/maven/maven-project, plexus.home=/home/user/Workspace/reproducibility/Reproducibility-Scanner/benchmarks/bugs-dot-jar/maven/maven-project/target/plexus-home}
Project maven-t10:p1:pom:1.0 MavenProject: maven-t10:p1:1.0 @ /home/user/Workspace/reproducibility/Reproducibility-Scanner/benchmarks/bugs-dot-jar/maven/maven-project/src/test/resources/inheritance-repo/t10/p0/p1/pom.xml
Tests run: 1, Failures: 0, Errors: 0, Skipped: 0, Time elapsed: 0.041 sec
Running org.apache.maven.project.canonical.CanonicalProjectBuilderTest
{basedir=/home/user/Workspace/reproducibility/Reproducibility-Scanner/benchmarks/bugs-dot-jar/maven/maven-project}
{basedir=/home/user/Workspace/reproducibility/Reproducibility-Scanner/benchmarks/bugs-dot-jar/maven/maven-project, plexus.home=/home/user/Workspace/reproducibility/Reproducibility-Scanner/benchmarks/bugs-dot-jar/maven/maven-project/target/plexus-home}
Tests run: 1, Failures: 0, Errors: 0, Skipped: 0, Time elapsed: 0.016 sec
Running org.apache.maven.project.inheritance.t08.ProjectInheritanceTest
{basedir=/home/user/Workspace/reproducibility/Reproducibility-Scanner/benchmarks/bugs-dot-jar/maven/maven-project}
{basedir=/home/user/Workspace/reproducibility/Reproducibility-Scanner/benchmarks/bugs-dot-jar/maven/maven-project, plexus.home=/home/user/Workspace/reproducibility/Reproducibility-Scanner/benchmarks/bugs-dot-jar/maven/maven-project/target/plexus-home}
Project maven-t08:p1:pom:1.0 MavenProject: maven-t08:p1:1.0 @ /home/user/Workspace/reproducibility/Reproducibility-Scanner/benchmarks/bugs-dot-jar/maven/maven-project/src/test/resources/inheritance-repo/t08/p0/p1/pom.xml
Artifact: maven-test:t08-a:jar 1.0 Optional=false
Artifact: maven-test:t08-b:jar 1.0 Optional=false
Artifact: maven-test:t08-c:jar 1.0 Optional=false
Artifact: maven-test:t08-d:jar 1.0 Optional=true
Tests run: 1, Failures: 0, Errors: 0, Skipped: 0, Time elapsed: 0.045 sec
Running org.apache.maven.project.ModelUtilsTest
Tests run: 15, Failures: 0, Errors: 0, Skipped: 0, Time elapsed: 0.006 sec
Running org.apache.maven.project.inheritance.t11.ProjectInheritanceTest
{basedir=/home/user/Workspace/reproducibility/Reproducibility-Scanner/benchmarks/bugs-dot-jar/maven/maven-project}
{basedir=/home/user/Workspace/reproducibility/Reproducibility-Scanner/benchmarks/bugs-dot-jar/maven/maven-project, plexus.home=/home/user/Workspace/reproducibility/Reproducibility-Scanner/benchmarks/bugs-dot-jar/maven/maven-project/target/plexus-home}
Tests run: 1, Failures: 0, Errors: 0, Skipped: 0, Time elapsed: 0.023 sec
Running org.apache.maven.project.ProjectBuilderURITest
Original URL String:
jar:file:/c:/Program Files/maven2.1/bin/../lib/maven-project-2.1-SNAPSHOT.jar!/org/apache/maven/project/pom-4.0.0.xml
URI result:
jar:file:/c:/Program%20Files/maven2.1/bin/../lib/maven-project-2.1-SNAPSHOT.jar!/org/apache/maven/project/pom-4.0.0.xml
Tests run: 1, Failures: 0, Errors: 0, Skipped: 0, Time elapsed: 0.002 sec
Running org.apache.maven.project.artifact.MavenMetadataSourceTest
{basedir=/home/user/Workspace/reproducibility/Reproducibility-Scanner/benchmarks/bugs-dot-jar/maven/maven-project}
{basedir=/home/user/Workspace/reproducibility/Reproducibility-Scanner/benchmarks/bugs-dot-jar/maven/maven-project, plexus.home=/home/user/Workspace/reproducibility/Reproducibility-Scanner/benchmarks/bugs-dot-jar/maven/maven-project/target/plexus-home}
{basedir=/home/user/Workspace/reproducibility/Reproducibility-Scanner/benchmarks/bugs-dot-jar/maven/maven-project}
{basedir=/home/user/Workspace/reproducibility/Reproducibility-Scanner/benchmarks/bugs-dot-jar/maven/maven-project, plexus.home=/home/user/Workspace/reproducibility/Reproducibility-Scanner/benchmarks/bugs-dot-jar/maven/maven-project/target/plexus-home}
{basedir=/home/user/Workspace/reproducibility/Reproducibility-Scanner/benchmarks/bugs-dot-jar/maven/maven-project}
{basedir=/home/user/Workspace/reproducibility/Reproducibility-Scanner/benchmarks/bugs-dot-jar/maven/maven-project, plexus.home=/home/user/Workspace/reproducibility/Reproducibility-Scanner/benchmarks/bugs-dot-jar/maven/maven-project/target/plexus-home}
Tests run: 3, Failures: 0, Errors: 0, Skipped: 0, Time elapsed: 0.017 sec
Running org.apache.maven.project.inheritance.t06.ProjectInheritanceTest
{basedir=/home/user/Workspace/reproducibility/Reproducibility-Scanner/benchmarks/bugs-dot-jar/maven/maven-project}
{basedir=/home/user/Workspace/reproducibility/Reproducibility-Scanner/benchmarks/bugs-dot-jar/maven/maven-project, plexus.home=/home/user/Workspace/reproducibility/Reproducibility-Scanner/benchmarks/bugs-dot-jar/maven/maven-project/target/plexus-home}
Artifact: maven-test:t06-a:jar 1.0 Optional=false
Artifact: maven-test:t06-b:jar 1.0 Optional=false
Artifact: maven-test:t06-c:jar 1.0 Optional=false
Artifact: maven-test:t06-d:jar 1.0 Optional=false
Tests run: 1, Failures: 0, Errors: 0, Skipped: 0, Time elapsed: 0.042 sec
Running org.apache.maven.project.builder.PluginBuilderTest
Tests run: 0, Failures: 0, Errors: 0, Skipped: 0, Time elapsed: 0.001 sec
Running org.apache.maven.project.inheritance.t03.ProjectInheritanceTest
{basedir=/home/user/Workspace/reproducibility/Reproducibility-Scanner/benchmarks/bugs-dot-jar/maven/maven-project}
{basedir=/home/user/Workspace/reproducibility/Reproducibility-Scanner/benchmarks/bugs-dot-jar/maven/maven-project, plexus.home=/home/user/Workspace/reproducibility/Reproducibility-Scanner/benchmarks/bugs-dot-jar/maven/maven-project/target/plexus-home}
Tests run: 1, Failures: 0, Errors: 0, Skipped: 0, Time elapsed: 0.021 sec
Running org.apache.maven.profiles.injection.DefaultProfileInjectorTest
Tests run: 7, Failures: 0, Errors: 0, Skipped: 0, Time elapsed: 0.004 sec
Running org.apache.maven.project.inheritance.t01.ProjectInheritanceTest
{basedir=/home/user/Workspace/reproducibility/Reproducibility-Scanner/benchmarks/bugs-dot-jar/maven/maven-project}
{basedir=/home/user/Workspace/reproducibility/Reproducibility-Scanner/benchmarks/bugs-dot-jar/maven/maven-project, plexus.home=/home/user/Workspace/reproducibility/Reproducibility-Scanner/benchmarks/bugs-dot-jar/maven/maven-project/target/plexus-home}
Tests run: 1, Failures: 0, Errors: 0, Skipped: 0, Time elapsed: 0.07 sec
Running org.apache.maven.project.DefaultMavenProjectBuilderTest
{basedir=/home/user/Workspace/reproducibility/Reproducibility-Scanner/benchmarks/bugs-dot-jar/maven/maven-project}
{basedir=/home/user/Workspace/reproducibility/Reproducibility-Scanner/benchmarks/bugs-dot-jar/maven/maven-project, plexus.home=/home/user/Workspace/reproducibility/Reproducibility-Scanner/benchmarks/bugs-dot-jar/maven/maven-project/target/plexus-home}
{basedir=/home/user/Workspace/reproducibility/Reproducibility-Scanner/benchmarks/bugs-dot-jar/maven/maven-project}
{basedir=/home/user/Workspace/reproducibility/Reproducibility-Scanner/benchmarks/bugs-dot-jar/maven/maven-project, plexus.home=/home/user/Workspace/reproducibility/Reproducibility-Scanner/benchmarks/bugs-dot-jar/maven/maven-project/target/plexus-home}
Tests run: 2, Failures: 0, Errors: 0, Skipped: 0, Time elapsed: 0.061 sec
Running org.apache.maven.profiles.activation.JdkPrefixProfileActivatorTest
Tests run: 2, Failures: 0, Errors: 0, Skipped: 0, Time elapsed: 0.001 sec
Running org.apache.maven.project.injection.DefaultModelDefaultsInjectorTest
Tests run: 11, Failures: 0, Errors: 0, Skipped: 0, Time elapsed: 0.004 sec
Running org.apache.maven.project.TestArtifactResolver
Tests run: 0, Failures: 0, Errors: 0, Skipped: 0, Time elapsed: 0.001 sec
Running org.apache.maven.project.ProjectClasspathTest
{basedir=/home/user/Workspace/reproducibility/Reproducibility-Scanner/benchmarks/bugs-dot-jar/maven/maven-project}
{basedir=/home/user/Workspace/reproducibility/Reproducibility-Scanner/benchmarks/bugs-dot-jar/maven/maven-project, plexus.home=/home/user/Workspace/reproducibility/Reproducibility-Scanner/benchmarks/bugs-dot-jar/maven/maven-project/target/plexus-home}
Tests run: 1, Failures: 0, Errors: 0, Skipped: 0, Time elapsed: 0.016 sec

Results :

Tests in error: 
  testPluginManagementDependencies(org.apache.maven.project.builder.PomConstructionTest)

Tests run: 146, Failures: 0, Errors: 1, Skipped: 0

[[1;34mINFO[m] [1m------------------------------------------------------------------------[m
[[1;34mINFO[m] [1;31mBUILD FAILURE[m
[[1;34mINFO[m] [1m------------------------------------------------------------------------[m
[[1;34mINFO[m] Total time:  6.796 s
[[1;34mINFO[m] Finished at: 2022-08-02T15:38:37-07:00
[[1;34mINFO[m] [1m------------------------------------------------------------------------[m
[[1;31mERROR[m] Failed to execute goal [32morg.apache.maven.plugins:maven-surefire-plugin:2.4.2:test[m [1m(default-test)[m on project [36mmaven-project[m: [1;31mThere are test failures.[m
[[1;31mERROR[m] [1;31m[m
[[1;31mERROR[m] [1;31mPlease refer to /home/user/Workspace/reproducibility/Reproducibility-Scanner/benchmarks/bugs-dot-jar/maven/maven-project/target/surefire-reports for the individual test results.[m
[[1;31mERROR[m] -> [1m[Help 1][m
[[1;31mERROR[m] 
[[1;31mERROR[m] To see the full stack trace of the errors, re-run Maven with the [1m-e[m switch.
[[1;31mERROR[m] Re-run Maven using the [1m-X[m switch to enable full debug logging.
[[1;31mERROR[m] 
[[1;31mERROR[m] For more information about the errors and possible solutions, please read the following articles:
[[1;31mERROR[m] [1m[Help 1][m http://cwiki.apache.org/confluence/display/MAVEN/MojoFailureException