[[1;34mINFO[m] Scanning for projects...
[[1;34mINFO[m] [1m------------------------------------------------------------------------[m
[[1;34mINFO[m] [1mReactor Build Order:[m
[[1;34mINFO[m] 
[[1;34mINFO[m] Oak Parent POM                                                     [pom]
[[1;34mINFO[m] Oak MicroKernel API                                             [bundle]
[[1;34mINFO[m] Oak Commons                                                     [bundle]
[[1;34mINFO[m] Oak Blob Store                                                  [bundle]
[[1;34mINFO[m] Oak MicroKernel                                                 [bundle]
[[1;34mINFO[m] Oak MicroKernel Remoting                                        [bundle]
[[1;34mINFO[m] Oak Core                                                        [bundle]
[[1;34mINFO[m] Oak JCR Binding                                                 [bundle]
[[1;34mINFO[m] Oak upgrade                                                        [jar]
[[1;34mINFO[m] Oak HTTP Binding                                                [bundle]
[[1;34mINFO[m] Oak Lucene                                                      [bundle]
[[1;34mINFO[m] Oak Solr core                                                   [bundle]
[[1;34mINFO[m] Oak Solr OSGi                                                   [bundle]
[[1;34mINFO[m] Oak External Authentication Support                             [bundle]
[[1;34mINFO[m] Oak LDAP Authentication Support                                 [bundle]
[[1;34mINFO[m] Oak TarMK Failover                                              [bundle]
[[1;34mINFO[m] Oak Runnable Jar                                                   [jar]
[[1;34mINFO[m] Oak Integration Tests for MicroKernel implementations              [jar]
[[1;34mINFO[m] Oak Integration Tests for OSGi deployments                         [jar]
[[1;34mINFO[m] Oak Integration Tests                                              [pom]
[[1;34mINFO[m] Oak PojoSR                                                         [jar]
[[1;34mINFO[m] Jackrabbit Oak                                                     [pom]
[[1;34mINFO[m] Oak CUG                                                         [bundle]
[[1;34mINFO[m] 
[[1;34mINFO[m] [1m------------------< [0;36morg.apache.jackrabbit:oak-parent[0;1m >------------------[m
[[1;34mINFO[m] [1mBuilding Oak Parent POM 1.1-SNAPSHOT                              [1/23][m
[[1;34mINFO[m] [1m--------------------------------[ pom ]---------------------------------[m
[[1;34mINFO[m] 
[[1;34mINFO[m] [1m--- [0;32mjacoco-maven-plugin:0.7.1.201405082137:prepare-agent[m [1m(pre-unit-test)[m @ [36moak-parent[0;1m ---[m
[[1;34mINFO[m] Skipping JaCoCo execution because property jacoco.skip is set.
[[1;34mINFO[m] test.opts.coverage set to empty
[[1;34mINFO[m] 
[[1;34mINFO[m] [1m--- [0;32mmaven-remote-resources-plugin:1.4:process[m [1m(default)[m @ [36moak-parent[0;1m ---[m
[[1;34mINFO[m] 
[[1;34mINFO[m] [1m--- [0;32mjacoco-maven-plugin:0.7.1.201405082137:report[m [1m(post-unit-test)[m @ [36moak-parent[0;1m ---[m
[[1;34mINFO[m] Skipping JaCoCo execution because property jacoco.skip is set.
[[1;34mINFO[m] 
[[1;34mINFO[m] [1m--- [0;32mmaven-site-plugin:3.3:attach-descriptor[m [1m(attach-descriptor)[m @ [36moak-parent[0;1m ---[m
[[1;34mINFO[m] 
[[1;34mINFO[m] [1m--- [0;32mmaven-install-plugin:2.3.1:install[m [1m(default-install)[m @ [36moak-parent[0;1m ---[m
[[1;34mINFO[m] Installing /home/user/Workspace/reproducibility/Reproducibility-Scanner/benchmarks/bugs-dot-jar/jackrabbit-oak/oak-parent/pom.xml to /home/user/.m2/repository/org/apache/jackrabbit/oak-parent/1.1-SNAPSHOT/oak-parent-1.1-SNAPSHOT.pom
[[1;34mINFO[m] 
[[1;34mINFO[m] [1m------------------< [0;36morg.apache.jackrabbit:oak-mk-api[0;1m >------------------[m
[[1;34mINFO[m] [1mBuilding Oak MicroKernel API 1.1-SNAPSHOT                         [2/23][m
[[1;34mINFO[m] [1m-------------------------------[ bundle ]-------------------------------[m
[[1;34mINFO[m] 
[[1;34mINFO[m] [1m--- [0;32mjacoco-maven-plugin:0.7.1.201405082137:prepare-agent[m [1m(pre-unit-test)[m @ [36moak-mk-api[0;1m ---[m
[[1;34mINFO[m] Skipping JaCoCo execution because property jacoco.skip is set.
[[1;34mINFO[m] test.opts.coverage set to empty
[[1;34mINFO[m] 
[[1;34mINFO[m] [1m--- [0;32mmaven-remote-resources-plugin:1.4:process[m [1m(default)[m @ [36moak-mk-api[0;1m ---[m
[[1;34mINFO[m] 
[[1;34mINFO[m] [1m--- [0;32mmaven-resources-plugin:2.6:resources[m [1m(default-resources)[m @ [36moak-mk-api[0;1m ---[m
[[1;34mINFO[m] Using 'UTF-8' encoding to copy filtered resources.
[[1;34mINFO[m] skip non existing resourceDirectory /home/user/Workspace/reproducibility/Reproducibility-Scanner/benchmarks/bugs-dot-jar/jackrabbit-oak/oak-mk-api/src/main/resources
[[1;34mINFO[m] Copying 3 resources
[[1;34mINFO[m] 
[[1;34mINFO[m] [1m--- [0;32mmaven-compiler-plugin:2.5.1:compile[m [1m(default-compile)[m @ [36moak-mk-api[0;1m ---[m
[[1;34mINFO[m] Compiling 3 source files to /home/user/Workspace/reproducibility/Reproducibility-Scanner/benchmarks/bugs-dot-jar/jackrabbit-oak/oak-mk-api/target/classes
[[1;34mINFO[m] 
[[1;34mINFO[m] [1m--- [0;32mmaven-scr-plugin:1.16.0:scr[m [1m(generate-scr-scrdescriptor)[m @ [36moak-mk-api[0;1m ---[m
[[1;34mINFO[m] 
[[1;34mINFO[m] [1m--- [0;32mmaven-resources-plugin:2.6:testResources[m [1m(default-testResources)[m @ [36moak-mk-api[0;1m ---[m
[[1;34mINFO[m] Using 'UTF-8' encoding to copy filtered resources.
[[1;34mINFO[m] skip non existing resourceDirectory /home/user/Workspace/reproducibility/Reproducibility-Scanner/benchmarks/bugs-dot-jar/jackrabbit-oak/oak-mk-api/src/test/resources
[[1;34mINFO[m] Copying 3 resources
[[1;34mINFO[m] 
[[1;34mINFO[m] [1m--- [0;32mmaven-compiler-plugin:2.5.1:testCompile[m [1m(default-testCompile)[m @ [36moak-mk-api[0;1m ---[m
[[1;34mINFO[m] No sources to compile
[[1;34mINFO[m] 
[[1;34mINFO[m] [1m--- [0;32mmaven-surefire-plugin:2.12.4:test[m [1m(default-test)[m @ [36moak-mk-api[0;1m ---[m
[[1;34mINFO[m] Tests are skipped.
[[1;34mINFO[m] 
[[1;34mINFO[m] [1m--- [0;32mjacoco-maven-plugin:0.7.1.201405082137:report[m [1m(post-unit-test)[m @ [36moak-mk-api[0;1m ---[m
[[1;34mINFO[m] Skipping JaCoCo execution because property jacoco.skip is set.
[[1;34mINFO[m] 
[[1;34mINFO[m] [1m--- [0;32mmaven-bundle-plugin:2.5.0:bundle[m [1m(default-bundle)[m @ [36moak-mk-api[0;1m ---[m
[[1;34mINFO[m] 
[[1;34mINFO[m] [1m--- [0;32mmaven-site-plugin:3.3:attach-descriptor[m [1m(attach-descriptor)[m @ [36moak-mk-api[0;1m ---[m
[[1;34mINFO[m] 
[[1;34mINFO[m] [1m--- [0;32mmaven-bundle-plugin:2.5.0:baseline[m [1m(baseline)[m @ [36moak-mk-api[0;1m ---[m
[[1;34mINFO[m] Baseline analisys complete, 0 error(s), 0 warning(s)
[[1;34mINFO[m] 
[[1;34mINFO[m] [1m--- [0;32mmaven-install-plugin:2.3.1:install[m [1m(default-install)[m @ [36moak-mk-api[0;1m ---[m
[[1;34mINFO[m] Installing /home/user/Workspace/reproducibility/Reproducibility-Scanner/benchmarks/bugs-dot-jar/jackrabbit-oak/oak-mk-api/target/oak-mk-api-1.1-SNAPSHOT.jar to /home/user/.m2/repository/org/apache/jackrabbit/oak-mk-api/1.1-SNAPSHOT/oak-mk-api-1.1-SNAPSHOT.jar
[[1;34mINFO[m] Installing /home/user/Workspace/reproducibility/Reproducibility-Scanner/benchmarks/bugs-dot-jar/jackrabbit-oak/oak-mk-api/pom.xml to /home/user/.m2/repository/org/apache/jackrabbit/oak-mk-api/1.1-SNAPSHOT/oak-mk-api-1.1-SNAPSHOT.pom
[[1;34mINFO[m] 
[[1;34mINFO[m] [1m--- [0;32mmaven-bundle-plugin:2.5.0:install[m [1m(default-install)[m @ [36moak-mk-api[0;1m ---[m
[[1;34mINFO[m] Local OBR update disabled (enable with -DobrRepository)
[[1;34mINFO[m] 
[[1;34mINFO[m] [1m-----------------< [0;36morg.apache.jackrabbit:oak-commons[0;1m >------------------[m
[[1;34mINFO[m] [1mBuilding Oak Commons 1.1-SNAPSHOT                                 [3/23][m
[[1;34mINFO[m] [1m-------------------------------[ bundle ]-------------------------------[m
[[1;34mINFO[m] 
[[1;34mINFO[m] [1m--- [0;32mjacoco-maven-plugin:0.7.1.201405082137:prepare-agent[m [1m(pre-unit-test)[m @ [36moak-commons[0;1m ---[m
[[1;34mINFO[m] Skipping JaCoCo execution because property jacoco.skip is set.
[[1;34mINFO[m] test.opts.coverage set to empty
[[1;34mINFO[m] 
[[1;34mINFO[m] [1m--- [0;32mmaven-remote-resources-plugin:1.4:process[m [1m(default)[m @ [36moak-commons[0;1m ---[m
[[1;34mINFO[m] 
[[1;34mINFO[m] [1m--- [0;32mmaven-resources-plugin:2.6:resources[m [1m(default-resources)[m @ [36moak-commons[0;1m ---[m
[[1;34mINFO[m] Using 'UTF-8' encoding to copy filtered resources.
[[1;34mINFO[m] skip non existing resourceDirectory /home/user/Workspace/reproducibility/Reproducibility-Scanner/benchmarks/bugs-dot-jar/jackrabbit-oak/oak-commons/src/main/resources
[[1;34mINFO[m] Copying 3 resources
[[1;34mINFO[m] 
[[1;34mINFO[m] [1m--- [0;32mmaven-compiler-plugin:2.5.1:compile[m [1m(default-compile)[m @ [36moak-commons[0;1m ---[m
[[1;34mINFO[m] Compiling 24 source files to /home/user/Workspace/reproducibility/Reproducibility-Scanner/benchmarks/bugs-dot-jar/jackrabbit-oak/oak-commons/target/classes
[[1;34mINFO[m] 
[[1;34mINFO[m] [1m--- [0;32mmaven-resources-plugin:2.6:testResources[m [1m(default-testResources)[m @ [36moak-commons[0;1m ---[m
[[1;34mINFO[m] Using 'UTF-8' encoding to copy filtered resources.
[[1;34mINFO[m] Copying 3 resources
[[1;34mINFO[m] Copying 3 resources
[[1;34mINFO[m] 
[[1;34mINFO[m] [1m--- [0;32mmaven-compiler-plugin:2.5.1:testCompile[m [1m(default-testCompile)[m @ [36moak-commons[0;1m ---[m
[[1;34mINFO[m] Compiling 12 source files to /home/user/Workspace/reproducibility/Reproducibility-Scanner/benchmarks/bugs-dot-jar/jackrabbit-oak/oak-commons/target/test-classes
[[1;34mINFO[m] 
[[1;34mINFO[m] [1m--- [0;32mmaven-surefire-plugin:2.12.4:test[m [1m(default-test)[m @ [36moak-commons[0;1m ---[m
[[1;34mINFO[m] Tests are skipped.
[[1;34mINFO[m] 
[[1;34mINFO[m] [1m--- [0;32mjacoco-maven-plugin:0.7.1.201405082137:report[m [1m(post-unit-test)[m @ [36moak-commons[0;1m ---[m
[[1;34mINFO[m] Skipping JaCoCo execution because property jacoco.skip is set.
[[1;34mINFO[m] 
[[1;34mINFO[m] [1m--- [0;32mmaven-bundle-plugin:2.5.0:bundle[m [1m(default-bundle)[m @ [36moak-commons[0;1m ---[m
[[1;34mINFO[m] 
[[1;34mINFO[m] [1m--- [0;32mmaven-site-plugin:3.3:attach-descriptor[m [1m(attach-descriptor)[m @ [36moak-commons[0;1m ---[m
[[1;34mINFO[m] 
[[1;34mINFO[m] [1m--- [0;32mmaven-jar-plugin:2.4:test-jar[m [1m(default)[m @ [36moak-commons[0;1m ---[m
[[1;34mINFO[m] Building jar: /home/user/Workspace/reproducibility/Reproducibility-Scanner/benchmarks/bugs-dot-jar/jackrabbit-oak/oak-commons/target/oak-commons-1.1-SNAPSHOT-tests.jar
[[1;34mINFO[m] 
[[1;34mINFO[m] [1m--- [0;32mmaven-bundle-plugin:2.5.0:baseline[m [1m(baseline)[m @ [36moak-commons[0;1m ---[m
[[1;31mERROR[m] org.apache.jackrabbit.oak.commons: Version increase required; detected 1.0.0, suggested 2.0.0
[[1;31mERROR[m] org.apache.jackrabbit.oak.commons.json: Version increase required; detected 1.0.0, suggested 2.0.0
[[1;31mERROR[m] org.apache.jackrabbit.oak.commons.sort: Version increase required; detected 1.0.0, suggested 2.0.0
[[1;34mINFO[m] Baseline analisys complete, 3 error(s), 0 warning(s)
[[1;34mINFO[m] 
[[1;34mINFO[m] [1m--- [0;32mmaven-install-plugin:2.3.1:install[m [1m(default-install)[m @ [36moak-commons[0;1m ---[m
[[1;34mINFO[m] Installing /home/user/Workspace/reproducibility/Reproducibility-Scanner/benchmarks/bugs-dot-jar/jackrabbit-oak/oak-commons/target/oak-commons-1.1-SNAPSHOT.jar to /home/user/.m2/repository/org/apache/jackrabbit/oak-commons/1.1-SNAPSHOT/oak-commons-1.1-SNAPSHOT.jar
[[1;34mINFO[m] Installing /home/user/Workspace/reproducibility/Reproducibility-Scanner/benchmarks/bugs-dot-jar/jackrabbit-oak/oak-commons/pom.xml to /home/user/.m2/repository/org/apache/jackrabbit/oak-commons/1.1-SNAPSHOT/oak-commons-1.1-SNAPSHOT.pom
[[1;34mINFO[m] Installing /home/user/Workspace/reproducibility/Reproducibility-Scanner/benchmarks/bugs-dot-jar/jackrabbit-oak/oak-commons/target/oak-commons-1.1-SNAPSHOT-tests.jar to /home/user/.m2/repository/org/apache/jackrabbit/oak-commons/1.1-SNAPSHOT/oak-commons-1.1-SNAPSHOT-tests.jar
[[1;34mINFO[m] 
[[1;34mINFO[m] [1m--- [0;32mmaven-bundle-plugin:2.5.0:install[m [1m(default-install)[m @ [36moak-commons[0;1m ---[m
[[1;34mINFO[m] Local OBR update disabled (enable with -DobrRepository)
[[1;34mINFO[m] 
[[1;34mINFO[m] [1m-------------------< [0;36morg.apache.jackrabbit:oak-blob[0;1m >-------------------[m
[[1;34mINFO[m] [1mBuilding Oak Blob Store 1.1-SNAPSHOT                              [4/23][m
[[1;34mINFO[m] [1m-------------------------------[ bundle ]-------------------------------[m
[[1;34mINFO[m] 
[[1;34mINFO[m] [1m--- [0;32mjacoco-maven-plugin:0.7.1.201405082137:prepare-agent[m [1m(pre-unit-test)[m @ [36moak-blob[0;1m ---[m
[[1;34mINFO[m] Skipping JaCoCo execution because property jacoco.skip is set.
[[1;34mINFO[m] test.opts.coverage set to empty
[[1;34mINFO[m] 
[[1;34mINFO[m] [1m--- [0;32mmaven-remote-resources-plugin:1.4:process[m [1m(default)[m @ [36moak-blob[0;1m ---[m
[[1;34mINFO[m] 
[[1;34mINFO[m] [1m--- [0;32mmaven-resources-plugin:2.6:resources[m [1m(default-resources)[m @ [36moak-blob[0;1m ---[m
[[1;34mINFO[m] Using 'UTF-8' encoding to copy filtered resources.
[[1;34mINFO[m] skip non existing resourceDirectory /home/user/Workspace/reproducibility/Reproducibility-Scanner/benchmarks/bugs-dot-jar/jackrabbit-oak/oak-blob/src/main/resources
[[1;34mINFO[m] Copying 3 resources
[[1;34mINFO[m] 
[[1;34mINFO[m] [1m--- [0;32mmaven-compiler-plugin:2.5.1:compile[m [1m(default-compile)[m @ [36moak-blob[0;1m ---[m
[[1;34mINFO[m] Compiling 8 source files to /home/user/Workspace/reproducibility/Reproducibility-Scanner/benchmarks/bugs-dot-jar/jackrabbit-oak/oak-blob/target/classes
[[1;34mINFO[m] 
[[1;34mINFO[m] [1m--- [0;32mmaven-scr-plugin:1.16.0:scr[m [1m(generate-scr-scrdescriptor)[m @ [36moak-blob[0;1m ---[m
[[1;34mINFO[m] Writing 1 Service Component Descriptors to /home/user/Workspace/reproducibility/Reproducibility-Scanner/benchmarks/bugs-dot-jar/jackrabbit-oak/oak-blob/target/classes/OSGI-INF/org.apache.jackrabbit.oak.spi.blob.osgi.FileBlobStoreService.xml
[[1;34mINFO[m] 
[[1;34mINFO[m] [1m--- [0;32mmaven-resources-plugin:2.6:testResources[m [1m(default-testResources)[m @ [36moak-blob[0;1m ---[m
[[1;34mINFO[m] Using 'UTF-8' encoding to copy filtered resources.
[[1;34mINFO[m] Copying 1 resource
[[1;34mINFO[m] Copying 3 resources
[[1;34mINFO[m] 
[[1;34mINFO[m] [1m--- [0;32mmaven-compiler-plugin:2.5.1:testCompile[m [1m(default-testCompile)[m @ [36moak-blob[0;1m ---[m
[[1;34mINFO[m] Compiling 4 source files to /home/user/Workspace/reproducibility/Reproducibility-Scanner/benchmarks/bugs-dot-jar/jackrabbit-oak/oak-blob/target/test-classes
[[1;34mINFO[m] 
[[1;34mINFO[m] [1m--- [0;32mmaven-surefire-plugin:2.12.4:test[m [1m(default-test)[m @ [36moak-blob[0;1m ---[m
[[1;34mINFO[m] Tests are skipped.
[[1;34mINFO[m] 
[[1;34mINFO[m] [1m--- [0;32mjacoco-maven-plugin:0.7.1.201405082137:report[m [1m(post-unit-test)[m @ [36moak-blob[0;1m ---[m
[[1;34mINFO[m] Skipping JaCoCo execution because property jacoco.skip is set.
[[1;34mINFO[m] 
[[1;34mINFO[m] [1m--- [0;32mmaven-bundle-plugin:2.5.0:bundle[m [1m(default-bundle)[m @ [36moak-blob[0;1m ---[m
[[1;34mINFO[m] 
[[1;34mINFO[m] [1m--- [0;32mmaven-site-plugin:3.3:attach-descriptor[m [1m(attach-descriptor)[m @ [36moak-blob[0;1m ---[m
[[1;34mINFO[m] 
[[1;34mINFO[m] [1m--- [0;32mmaven-jar-plugin:2.4:test-jar[m [1m(default)[m @ [36moak-blob[0;1m ---[m
[[1;34mINFO[m] Building jar: /home/user/Workspace/reproducibility/Reproducibility-Scanner/benchmarks/bugs-dot-jar/jackrabbit-oak/oak-blob/target/oak-blob-1.1-SNAPSHOT-tests.jar
[[1;34mINFO[m] 
[[1;34mINFO[m] [1m--- [0;32mmaven-bundle-plugin:2.5.0:baseline[m [1m(baseline)[m @ [36moak-blob[0;1m ---[m
[[1;31mERROR[m] org.apache.jackrabbit.oak.spi.blob: Version increase required; detected 1.0.0, suggested 2.0.0
[[1;34mINFO[m] Baseline analisys complete, 1 error(s), 0 warning(s)
[[1;34mINFO[m] 
[[1;34mINFO[m] [1m--- [0;32mmaven-install-plugin:2.3.1:install[m [1m(default-install)[m @ [36moak-blob[0;1m ---[m
[[1;34mINFO[m] Installing /home/user/Workspace/reproducibility/Reproducibility-Scanner/benchmarks/bugs-dot-jar/jackrabbit-oak/oak-blob/target/oak-blob-1.1-SNAPSHOT.jar to /home/user/.m2/repository/org/apache/jackrabbit/oak-blob/1.1-SNAPSHOT/oak-blob-1.1-SNAPSHOT.jar
[[1;34mINFO[m] Installing /home/user/Workspace/reproducibility/Reproducibility-Scanner/benchmarks/bugs-dot-jar/jackrabbit-oak/oak-blob/pom.xml to /home/user/.m2/repository/org/apache/jackrabbit/oak-blob/1.1-SNAPSHOT/oak-blob-1.1-SNAPSHOT.pom
[[1;34mINFO[m] Installing /home/user/Workspace/reproducibility/Reproducibility-Scanner/benchmarks/bugs-dot-jar/jackrabbit-oak/oak-blob/target/oak-blob-1.1-SNAPSHOT-tests.jar to /home/user/.m2/repository/org/apache/jackrabbit/oak-blob/1.1-SNAPSHOT/oak-blob-1.1-SNAPSHOT-tests.jar
[[1;34mINFO[m] 
[[1;34mINFO[m] [1m--- [0;32mmaven-bundle-plugin:2.5.0:install[m [1m(default-install)[m @ [36moak-blob[0;1m ---[m
[[1;34mINFO[m] Local OBR update disabled (enable with -DobrRepository)
[[1;34mINFO[m] 
[[1;34mINFO[m] [1m--------------------< [0;36morg.apache.jackrabbit:oak-mk[0;1m >--------------------[m
[[1;34mINFO[m] [1mBuilding Oak MicroKernel 1.1-SNAPSHOT                             [5/23][m
[[1;34mINFO[m] [1m-------------------------------[ bundle ]-------------------------------[m
[[1;34mINFO[m] 
[[1;34mINFO[m] [1m--- [0;32mjacoco-maven-plugin:0.7.1.201405082137:prepare-agent[m [1m(pre-unit-test)[m @ [36moak-mk[0;1m ---[m
[[1;34mINFO[m] Skipping JaCoCo execution because property jacoco.skip is set.
[[1;34mINFO[m] test.opts.coverage set to empty
[[1;34mINFO[m] 
[[1;34mINFO[m] [1m--- [0;32mmaven-remote-resources-plugin:1.4:process[m [1m(default)[m @ [36moak-mk[0;1m ---[m
[[1;34mINFO[m] 
[[1;34mINFO[m] [1m--- [0;32mmaven-resources-plugin:2.6:resources[m [1m(default-resources)[m @ [36moak-mk[0;1m ---[m
[[1;34mINFO[m] Using 'UTF-8' encoding to copy filtered resources.
[[1;34mINFO[m] skip non existing resourceDirectory /home/user/Workspace/reproducibility/Reproducibility-Scanner/benchmarks/bugs-dot-jar/jackrabbit-oak/oak-mk/src/main/resources
[[1;34mINFO[m] Copying 3 resources
[[1;34mINFO[m] 
[[1;34mINFO[m] [1m--- [0;32mmaven-compiler-plugin:2.5.1:compile[m [1m(default-compile)[m @ [36moak-mk[0;1m ---[m
[[1;34mINFO[m] Compiling 47 source files to /home/user/Workspace/reproducibility/Reproducibility-Scanner/benchmarks/bugs-dot-jar/jackrabbit-oak/oak-mk/target/classes
[[1;34mINFO[m] 
[[1;34mINFO[m] [1m--- [0;32mmaven-scr-plugin:1.16.0:scr[m [1m(generate-scr-scrdescriptor)[m @ [36moak-mk[0;1m ---[m
[[1;34mINFO[m] Writing 1 Service Component Descriptors to /home/user/Workspace/reproducibility/Reproducibility-Scanner/benchmarks/bugs-dot-jar/jackrabbit-oak/oak-mk/target/classes/OSGI-INF/org.apache.jackrabbit.mk.osgi.MicroKernelService.xml
[[1;34mINFO[m] 
[[1;34mINFO[m] [1m--- [0;32mmaven-resources-plugin:2.6:testResources[m [1m(default-testResources)[m @ [36moak-mk[0;1m ---[m
[[1;34mINFO[m] Using 'UTF-8' encoding to copy filtered resources.
[[1;34mINFO[m] Copying 1 resource
[[1;34mINFO[m] Copying 3 resources
[[1;34mINFO[m] 
[[1;34mINFO[m] [1m--- [0;32mmaven-compiler-plugin:2.5.1:testCompile[m [1m(default-testCompile)[m @ [36moak-mk[0;1m ---[m
[[1;34mINFO[m] Compiling 8 source files to /home/user/Workspace/reproducibility/Reproducibility-Scanner/benchmarks/bugs-dot-jar/jackrabbit-oak/oak-mk/target/test-classes
[[1;34mINFO[m] 
[[1;34mINFO[m] [1m--- [0;32mmaven-surefire-plugin:2.12.4:test[m [1m(default-test)[m @ [36moak-mk[0;1m ---[m
[[1;34mINFO[m] Tests are skipped.
[[1;34mINFO[m] 
[[1;34mINFO[m] [1m--- [0;32mjacoco-maven-plugin:0.7.1.201405082137:report[m [1m(post-unit-test)[m @ [36moak-mk[0;1m ---[m
[[1;34mINFO[m] Skipping JaCoCo execution because property jacoco.skip is set.
[[1;34mINFO[m] 
[[1;34mINFO[m] [1m--- [0;32mmaven-bundle-plugin:2.5.0:bundle[m [1m(default-bundle)[m @ [36moak-mk[0;1m ---[m
[[1;33mWARNING[m] Bundle org.apache.jackrabbit:oak-mk:bundle:1.1-SNAPSHOT : Export org.apache.jackrabbit.mk.core,  has 2,  private references [org.apache.jackrabbit.mk.model, org.apache.jackrabbit.mk.store], 
[[1;34mINFO[m] 
[[1;34mINFO[m] [1m--- [0;32mmaven-site-plugin:3.3:attach-descriptor[m [1m(attach-descriptor)[m @ [36moak-mk[0;1m ---[m
[[1;34mINFO[m] 
[[1;34mINFO[m] [1m--- [0;32mmaven-bundle-plugin:2.5.0:baseline[m [1m(baseline)[m @ [36moak-mk[0;1m ---[m
[[1;31mERROR[m] org.apache.jackrabbit.mk.util: Version increase required; detected 1.0.0, suggested 2.0.0
[[1;34mINFO[m] Baseline analisys complete, 1 error(s), 0 warning(s)
[[1;34mINFO[m] 
[[1;34mINFO[m] [1m--- [0;32mmaven-install-plugin:2.3.1:install[m [1m(default-install)[m @ [36moak-mk[0;1m ---[m
[[1;34mINFO[m] Installing /home/user/Workspace/reproducibility/Reproducibility-Scanner/benchmarks/bugs-dot-jar/jackrabbit-oak/oak-mk/target/oak-mk-1.1-SNAPSHOT.jar to /home/user/.m2/repository/org/apache/jackrabbit/oak-mk/1.1-SNAPSHOT/oak-mk-1.1-SNAPSHOT.jar
[[1;34mINFO[m] Installing /home/user/Workspace/reproducibility/Reproducibility-Scanner/benchmarks/bugs-dot-jar/jackrabbit-oak/oak-mk/pom.xml to /home/user/.m2/repository/org/apache/jackrabbit/oak-mk/1.1-SNAPSHOT/oak-mk-1.1-SNAPSHOT.pom
[[1;34mINFO[m] 
[[1;34mINFO[m] [1m--- [0;32mmaven-bundle-plugin:2.5.0:install[m [1m(default-install)[m @ [36moak-mk[0;1m ---[m
[[1;34mINFO[m] Local OBR update disabled (enable with -DobrRepository)
[[1;34mINFO[m] 
[[1;34mINFO[m] [1m----------------< [0;36morg.apache.jackrabbit:oak-mk-remote[0;1m >-----------------[m
[[1;34mINFO[m] [1mBuilding Oak MicroKernel Remoting 1.1-SNAPSHOT                    [6/23][m
[[1;34mINFO[m] [1m-------------------------------[ bundle ]-------------------------------[m
[[1;34mINFO[m] 
[[1;34mINFO[m] [1m--- [0;32mjacoco-maven-plugin:0.7.1.201405082137:prepare-agent[m [1m(pre-unit-test)[m @ [36moak-mk-remote[0;1m ---[m
[[1;34mINFO[m] Skipping JaCoCo execution because property jacoco.skip is set.
[[1;34mINFO[m] test.opts.coverage set to empty
[[1;34mINFO[m] 
[[1;34mINFO[m] [1m--- [0;32mmaven-remote-resources-plugin:1.4:process[m [1m(default)[m @ [36moak-mk-remote[0;1m ---[m
[[1;34mINFO[m] 
[[1;34mINFO[m] [1m--- [0;32mmaven-resources-plugin:2.6:resources[m [1m(default-resources)[m @ [36moak-mk-remote[0;1m ---[m
[[1;34mINFO[m] Using 'UTF-8' encoding to copy filtered resources.
[[1;34mINFO[m] Copying 20 resources
[[1;34mINFO[m] Copying 3 resources
[[1;34mINFO[m] 
[[1;34mINFO[m] [1m--- [0;32mmaven-compiler-plugin:2.5.1:compile[m [1m(default-compile)[m @ [36moak-mk-remote[0;1m ---[m
[[1;34mINFO[m] Compiling 17 source files to /home/user/Workspace/reproducibility/Reproducibility-Scanner/benchmarks/bugs-dot-jar/jackrabbit-oak/oak-mk-remote/target/classes
[[1;34mINFO[m] 
[[1;34mINFO[m] [1m--- [0;32mmaven-scr-plugin:1.16.0:scr[m [1m(generate-scr-scrdescriptor)[m @ [36moak-mk-remote[0;1m ---[m
[[1;34mINFO[m] 
[[1;34mINFO[m] [1m--- [0;32mmaven-resources-plugin:2.6:testResources[m [1m(default-testResources)[m @ [36moak-mk-remote[0;1m ---[m
[[1;34mINFO[m] Using 'UTF-8' encoding to copy filtered resources.
[[1;34mINFO[m] skip non existing resourceDirectory /home/user/Workspace/reproducibility/Reproducibility-Scanner/benchmarks/bugs-dot-jar/jackrabbit-oak/oak-mk-remote/src/test/resources
[[1;34mINFO[m] Copying 3 resources
[[1;34mINFO[m] 
[[1;34mINFO[m] [1m--- [0;32mmaven-compiler-plugin:2.5.1:testCompile[m [1m(default-testCompile)[m @ [36moak-mk-remote[0;1m ---[m
[[1;34mINFO[m] Compiling 1 source file to /home/user/Workspace/reproducibility/Reproducibility-Scanner/benchmarks/bugs-dot-jar/jackrabbit-oak/oak-mk-remote/target/test-classes
[[1;34mINFO[m] 
[[1;34mINFO[m] [1m--- [0;32mmaven-surefire-plugin:2.12.4:test[m [1m(default-test)[m @ [36moak-mk-remote[0;1m ---[m
[[1;34mINFO[m] Tests are skipped.
[[1;34mINFO[m] 
[[1;34mINFO[m] [1m--- [0;32mjacoco-maven-plugin:0.7.1.201405082137:report[m [1m(post-unit-test)[m @ [36moak-mk-remote[0;1m ---[m
[[1;34mINFO[m] Skipping JaCoCo execution because property jacoco.skip is set.
[[1;34mINFO[m] 
[[1;34mINFO[m] [1m--- [0;32mmaven-bundle-plugin:2.5.0:bundle[m [1m(default-bundle)[m @ [36moak-mk-remote[0;1m ---[m
[[1;34mINFO[m] 
[[1;34mINFO[m] [1m--- [0;32mmaven-site-plugin:3.3:attach-descriptor[m [1m(attach-descriptor)[m @ [36moak-mk-remote[0;1m ---[m
[[1;34mINFO[m] 
[[1;34mINFO[m] [1m--- [0;32mmaven-bundle-plugin:2.5.0:baseline[m [1m(baseline)[m @ [36moak-mk-remote[0;1m ---[m
[[1;34mINFO[m] Baseline analisys complete, 0 error(s), 0 warning(s)
[[1;34mINFO[m] 
[[1;34mINFO[m] [1m--- [0;32mmaven-install-plugin:2.3.1:install[m [1m(default-install)[m @ [36moak-mk-remote[0;1m ---[m
[[1;34mINFO[m] Installing /home/user/Workspace/reproducibility/Reproducibility-Scanner/benchmarks/bugs-dot-jar/jackrabbit-oak/oak-mk-remote/target/oak-mk-remote-1.1-SNAPSHOT.jar to /home/user/.m2/repository/org/apache/jackrabbit/oak-mk-remote/1.1-SNAPSHOT/oak-mk-remote-1.1-SNAPSHOT.jar
[[1;34mINFO[m] Installing /home/user/Workspace/reproducibility/Reproducibility-Scanner/benchmarks/bugs-dot-jar/jackrabbit-oak/oak-mk-remote/pom.xml to /home/user/.m2/repository/org/apache/jackrabbit/oak-mk-remote/1.1-SNAPSHOT/oak-mk-remote-1.1-SNAPSHOT.pom
[[1;34mINFO[m] 
[[1;34mINFO[m] [1m--- [0;32mmaven-bundle-plugin:2.5.0:install[m [1m(default-install)[m @ [36moak-mk-remote[0;1m ---[m
[[1;34mINFO[m] Local OBR update disabled (enable with -DobrRepository)
[[1;34mINFO[m] 
[[1;34mINFO[m] [1m-------------------< [0;36morg.apache.jackrabbit:oak-core[0;1m >-------------------[m
[[1;34mINFO[m] [1mBuilding Oak Core 1.1-SNAPSHOT                                    [7/23][m
[[1;34mINFO[m] [1m-------------------------------[ bundle ]-------------------------------[m
Downloading from apache.snapshots: http://repository.apache.org/snapshots/org/apache/jackrabbit/jackrabbit-aws-ext/2.9-SNAPSHOT/maven-metadata.xml
Progress (1): 786 B                   Downloaded from apache.snapshots: http://repository.apache.org/snapshots/org/apache/jackrabbit/jackrabbit-aws-ext/2.9-SNAPSHOT/maven-metadata.xml (786 B at 930 B/s)
Downloading from apache.snapshots: http://repository.apache.org/snapshots/org/apache/jackrabbit/jackrabbit-aws-ext/2.9-SNAPSHOT/jackrabbit-aws-ext-2.9-20150323.101644-50.pom
Progress (1): 4.1/4.7 kBProgress (1): 4.7 kB                        Downloaded from apache.snapshots: http://repository.apache.org/snapshots/org/apache/jackrabbit/jackrabbit-aws-ext/2.9-SNAPSHOT/jackrabbit-aws-ext-2.9-20150323.101644-50.pom (4.7 kB at 12 kB/s)
Downloading from apache.snapshots: http://repository.apache.org/snapshots/org/apache/jackrabbit/jackrabbit-parent/2.9-SNAPSHOT/maven-metadata.xml
Progress (1): 613 B                   Downloaded from apache.snapshots: http://repository.apache.org/snapshots/org/apache/jackrabbit/jackrabbit-parent/2.9-SNAPSHOT/maven-metadata.xml (613 B at 1.2 kB/s)
Downloading from apache.snapshots: http://repository.apache.org/snapshots/org/apache/jackrabbit/jackrabbit-parent/2.9-SNAPSHOT/jackrabbit-parent-2.9-20150323.101644-54.pom
Progress (1): 4.1/30 kBProgress (1): 7.8/30 kBProgress (1): 12/30 kB Progress (1): 14/30 kBProgress (1): 18/30 kBProgress (1): 22/30 kBProgress (1): 26/30 kBProgress (1): 30 kB                      Downloaded from apache.snapshots: http://repository.apache.org/snapshots/org/apache/jackrabbit/jackrabbit-parent/2.9-SNAPSHOT/jackrabbit-parent-2.9-20150323.101644-54.pom (30 kB at 53 kB/s)
Downloading from apache.snapshots: http://repository.apache.org/snapshots/org/apache/jackrabbit/jackrabbit-jcr-commons/2.9-SNAPSHOT/maven-metadata.xml
Progress (1): 790 B                   Downloaded from apache.snapshots: http://repository.apache.org/snapshots/org/apache/jackrabbit/jackrabbit-jcr-commons/2.9-SNAPSHOT/maven-metadata.xml (790 B at 1.5 kB/s)
Downloading from apache.snapshots: http://repository.apache.org/snapshots/org/apache/jackrabbit/jackrabbit-jcr-commons/2.9-SNAPSHOT/jackrabbit-jcr-commons-2.9-20150323.101644-52.pom
Progress (1): 4.1/4.6 kBProgress (1): 4.6 kB                        Downloaded from apache.snapshots: http://repository.apache.org/snapshots/org/apache/jackrabbit/jackrabbit-jcr-commons/2.9-SNAPSHOT/jackrabbit-jcr-commons-2.9-20150323.101644-52.pom (4.6 kB at 12 kB/s)
Downloading from apache.snapshots: http://repository.apache.org/snapshots/org/apache/jackrabbit/jackrabbit-data/2.9-SNAPSHOT/maven-metadata.xml
Progress (1): 994 B                   Downloaded from apache.snapshots: http://repository.apache.org/snapshots/org/apache/jackrabbit/jackrabbit-data/2.9-SNAPSHOT/maven-metadata.xml (994 B at 1.9 kB/s)
Downloading from apache.snapshots: http://repository.apache.org/snapshots/org/apache/jackrabbit/jackrabbit-data/2.9-SNAPSHOT/jackrabbit-data-2.9-20150323.101644-50.pom
Progress (1): 4.0 kB                    Downloaded from apache.snapshots: http://repository.apache.org/snapshots/org/apache/jackrabbit/jackrabbit-data/2.9-SNAPSHOT/jackrabbit-data-2.9-20150323.101644-50.pom (4.0 kB at 8.4 kB/s)
Downloading from apache.snapshots: http://repository.apache.org/snapshots/org/apache/jackrabbit/jackrabbit-api/2.9-SNAPSHOT/maven-metadata.xml
Progress (1): 782 B                   Downloaded from apache.snapshots: http://repository.apache.org/snapshots/org/apache/jackrabbit/jackrabbit-api/2.9-SNAPSHOT/maven-metadata.xml (782 B at 1.4 kB/s)
Downloading from apache.snapshots: http://repository.apache.org/snapshots/org/apache/jackrabbit/jackrabbit-api/2.9-SNAPSHOT/jackrabbit-api-2.9-20150323.101644-52.pom
Progress (1): 3.4 kB                    Downloaded from apache.snapshots: http://repository.apache.org/snapshots/org/apache/jackrabbit/jackrabbit-api/2.9-SNAPSHOT/jackrabbit-api-2.9-20150323.101644-52.pom (3.4 kB at 8.1 kB/s)
Downloading from apache.snapshots: http://repository.apache.org/snapshots/org/apache/jackrabbit/jackrabbit-aws-ext/2.9-SNAPSHOT/jackrabbit-aws-ext-2.9-20150323.101644-50.jar
Downloading from apache.snapshots: http://repository.apache.org/snapshots/org/apache/jackrabbit/jackrabbit-api/2.9-SNAPSHOT/jackrabbit-api-2.9-20150323.101644-52.jar
Downloading from apache.snapshots: http://repository.apache.org/snapshots/org/apache/jackrabbit/jackrabbit-data/2.9-SNAPSHOT/jackrabbit-data-2.9-20150323.101644-50-tests.jar
Downloading from apache.snapshots: http://repository.apache.org/snapshots/org/apache/jackrabbit/jackrabbit-data/2.9-SNAPSHOT/jackrabbit-data-2.9-20150323.101644-50.jar
Downloading from apache.snapshots: http://repository.apache.org/snapshots/org/apache/jackrabbit/jackrabbit-jcr-commons/2.9-SNAPSHOT/jackrabbit-jcr-commons-2.9-20150323.101644-52.jar
Progress (1): 4.1/32 kBProgress (1): 7.8/32 kBProgress (1): 12/32 kB Progress (1): 14/32 kBProgress (2): 14/32 kB | 4.1/40 kBProgress (2): 14/32 kB | 7.8/40 kBProgress (2): 14/32 kB | 12/40 kB Progress (2): 14/32 kB | 14/40 kBProgress (3): 14/32 kB | 14/40 kB | 4.1/32 kBProgress (3): 14/32 kB | 14/40 kB | 7.8/32 kBProgress (3): 14/32 kB | 14/40 kB | 12/32 kB Progress (3): 14/32 kB | 14/40 kB | 14/32 kBProgress (4): 14/32 kB | 14/40 kB | 14/32 kB | 4.1/398 kBProgress (4): 14/32 kB | 14/40 kB | 14/32 kB | 7.8/398 kBProgress (4): 14/32 kB | 14/40 kB | 14/32 kB | 12/398 kB Progress (4): 14/32 kB | 14/40 kB | 14/32 kB | 14/398 kBProgress (4): 18/32 kB | 14/40 kB | 14/32 kB | 14/398 kBProgress (4): 22/32 kB | 14/40 kB | 14/32 kB | 14/398 kBProgress (4): 26/32 kB | 14/40 kB | 14/32 kB | 14/398 kBProgress (4): 30/32 kB | 14/40 kB | 14/32 kB | 14/398 kBProgress (4): 32 kB | 14/40 kB | 14/32 kB | 14/398 kB   Progress (5): 32 kB | 14/40 kB | 14/32 kB | 14/398 kB | 4.1/154 kBProgress (5): 32 kB | 14/40 kB | 14/32 kB | 14/398 kB | 7.8/154 kBProgress (5): 32 kB | 14/40 kB | 14/32 kB | 14/398 kB | 12/154 kB Progress (5): 32 kB | 14/40 kB | 14/32 kB | 14/398 kB | 14/154 kBProgress (5): 32 kB | 14/40 kB | 18/32 kB | 14/398 kB | 14/154 kBProgress (5): 32 kB | 14/40 kB | 22/32 kB | 14/398 kB | 14/154 kBProgress (5): 32 kB | 14/40 kB | 26/32 kB | 14/398 kB | 14/154 kBProgress (5): 32 kB | 14/40 kB | 30/32 kB | 14/398 kB | 14/154 kBProgress (5): 32 kB | 14/40 kB | 32 kB | 14/398 kB | 14/154 kB   Progress (5): 32 kB | 18/40 kB | 32 kB | 14/398 kB | 14/154 kBProgress (5): 32 kB | 22/40 kB | 32 kB | 14/398 kB | 14/154 kBProgress (5): 32 kB | 26/40 kB | 32 kB | 14/398 kB | 14/154 kBProgress (5): 32 kB | 30/40 kB | 32 kB | 14/398 kB | 14/154 kBProgress (5): 32 kB | 35/40 kB | 32 kB | 14/398 kB | 14/154 kBProgress (5): 32 kB | 39/40 kB | 32 kB | 14/398 kB | 14/154 kBProgress (5): 32 kB | 40 kB | 32 kB | 14/398 kB | 14/154 kB                                                              Downloaded from apache.snapshots: http://repository.apache.org/snapshots/org/apache/jackrabbit/jackrabbit-aws-ext/2.9-SNAPSHOT/jackrabbit-aws-ext-2.9-20150323.101644-50.jar (32 kB at 49 kB/s)
Progress (4): 40 kB | 32 kB | 18/398 kB | 14/154 kBProgress (4): 40 kB | 32 kB | 22/398 kB | 14/154 kBProgress (4): 40 kB | 32 kB | 26/398 kB | 14/154 kBProgress (4): 40 kB | 32 kB | 30/398 kB | 14/154 kBProgress (4): 40 kB | 32 kB | 35/398 kB | 14/154 kBProgress (4): 40 kB | 32 kB | 39/398 kB | 14/154 kBProgress (4): 40 kB | 32 kB | 43/398 kB | 14/154 kBProgress (4): 40 kB | 32 kB | 43/398 kB | 18/154 kBProgress (4): 40 kB | 32 kB | 43/398 kB | 22/154 kBProgress (4): 40 kB | 32 kB | 43/398 kB | 26/154 kBProgress (4): 40 kB | 32 kB | 43/398 kB | 30/154 kBProgress (4): 40 kB | 32 kB | 43/398 kB | 35/154 kBProgress (4): 40 kB | 32 kB | 43/398 kB | 39/154 kBProgress (4): 40 kB | 32 kB | 43/398 kB | 43/154 kB                                                   Downloaded from apache.snapshots: http://repository.apache.org/snapshots/org/apache/jackrabbit/jackrabbit-data/2.9-SNAPSHOT/jackrabbit-data-2.9-20150323.101644-50-tests.jar (32 kB at 39 kB/s)
Downloaded from apache.snapshots: http://repository.apache.org/snapshots/org/apache/jackrabbit/jackrabbit-api/2.9-SNAPSHOT/jackrabbit-api-2.9-20150323.101644-52.jar (40 kB at 48 kB/s)
Progress (2): 47/398 kB | 43/154 kBProgress (2): 51/398 kB | 43/154 kBProgress (2): 55/398 kB | 43/154 kBProgress (2): 59/398 kB | 43/154 kBProgress (2): 63/398 kB | 43/154 kBProgress (2): 67/398 kB | 43/154 kBProgress (2): 71/398 kB | 43/154 kBProgress (2): 75/398 kB | 43/154 kBProgress (2): 80/398 kB | 43/154 kBProgress (2): 82/398 kB | 43/154 kBProgress (2): 82/398 kB | 47/154 kBProgress (2): 82/398 kB | 51/154 kBProgress (2): 82/398 kB | 55/154 kBProgress (2): 82/398 kB | 59/154 kBProgress (2): 82/398 kB | 63/154 kBProgress (2): 82/398 kB | 67/154 kBProgress (2): 82/398 kB | 71/154 kBProgress (2): 82/398 kB | 75/154 kBProgress (2): 82/398 kB | 80/154 kBProgress (2): 82/398 kB | 84/154 kBProgress (2): 82/398 kB | 88/154 kBProgress (2): 82/398 kB | 92/154 kBProgress (2): 82/398 kB | 96/154 kBProgress (2): 82/398 kB | 100/154 kBProgress (2): 82/398 kB | 104/154 kBProgress (2): 82/398 kB | 108/154 kBProgress (2): 82/398 kB | 112/154 kBProgress (2): 82/398 kB | 116/154 kBProgress (2): 82/398 kB | 121/154 kBProgress (2): 82/398 kB | 125/154 kBProgress (2): 82/398 kB | 129/154 kBProgress (2): 82/398 kB | 133/154 kBProgress (2): 82/398 kB | 137/154 kBProgress (2): 82/398 kB | 141/154 kBProgress (2): 82/398 kB | 145/154 kBProgress (2): 82/398 kB | 149/154 kBProgress (2): 82/398 kB | 152/154 kBProgress (2): 86/398 kB | 152/154 kBProgress (2): 90/398 kB | 152/154 kBProgress (2): 94/398 kB | 152/154 kBProgress (2): 98/398 kB | 152/154 kBProgress (2): 103/398 kB | 152/154 kBProgress (2): 107/398 kB | 152/154 kBProgress (2): 111/398 kB | 152/154 kBProgress (2): 115/398 kB | 152/154 kBProgress (2): 119/398 kB | 152/154 kBProgress (2): 123/398 kB | 152/154 kBProgress (2): 127/398 kB | 152/154 kBProgress (2): 131/398 kB | 152/154 kBProgress (2): 135/398 kB | 152/154 kBProgress (2): 139/398 kB | 152/154 kBProgress (2): 144/398 kB | 152/154 kBProgress (2): 148/398 kB | 152/154 kBProgress (2): 152/398 kB | 152/154 kBProgress (2): 156/398 kB | 152/154 kBProgress (2): 160/398 kB | 152/154 kBProgress (2): 160/398 kB | 154 kB    Progress (2): 164/398 kB | 154 kBProgress (2): 168/398 kB | 154 kBProgress (2): 172/398 kB | 154 kBProgress (2): 176/398 kB | 154 kBProgress (2): 180/398 kB | 154 kBProgress (2): 185/398 kB | 154 kBProgress (2): 189/398 kB | 154 kBProgress (2): 193/398 kB | 154 kBProgress (2): 197/398 kB | 154 kBProgress (2): 201/398 kB | 154 kBProgress (2): 205/398 kB | 154 kBProgress (2): 209/398 kB | 154 kBProgress (2): 213/398 kB | 154 kBProgress (2): 217/398 kB | 154 kBProgress (2): 221/398 kB | 154 kBProgress (2): 225/398 kB | 154 kBProgress (2): 230/398 kB | 154 kBProgress (2): 234/398 kB | 154 kBProgress (2): 238/398 kB | 154 kBProgress (2): 242/398 kB | 154 kBProgress (2): 246/398 kB | 154 kBProgress (2): 250/398 kB | 154 kBProgress (2): 254/398 kB | 154 kBProgress (2): 258/398 kB | 154 kBProgress (2): 262/398 kB | 154 kBProgress (2): 266/398 kB | 154 kBProgress (2): 271/398 kB | 154 kBProgress (2): 275/398 kB | 154 kBProgress (2): 279/398 kB | 154 kBProgress (2): 283/398 kB | 154 kBProgress (2): 287/398 kB | 154 kBProgress (2): 289/398 kB | 154 kBProgress (2): 293/398 kB | 154 kBProgress (2): 297/398 kB | 154 kBProgress (2): 301/398 kB | 154 kBProgress (2): 306/398 kB | 154 kBProgress (2): 310/398 kB | 154 kBProgress (2): 314/398 kB | 154 kBProgress (2): 318/398 kB | 154 kBProgress (2): 322/398 kB | 154 kBProgress (2): 326/398 kB | 154 kBProgress (2): 330/398 kB | 154 kBProgress (2): 334/398 kB | 154 kBProgress (2): 338/398 kB | 154 kBProgress (2): 342/398 kB | 154 kBProgress (2): 347/398 kB | 154 kBProgress (2): 351/398 kB | 154 kBProgress (2): 355/398 kB | 154 kBProgress (2): 359/398 kB | 154 kBProgress (2): 363/398 kB | 154 kBProgress (2): 367/398 kB | 154 kBProgress (2): 371/398 kB | 154 kBProgress (2): 375/398 kB | 154 kBProgress (2): 379/398 kB | 154 kBProgress (2): 383/398 kB | 154 kB                                 Downloaded from apache.snapshots: http://repository.apache.org/snapshots/org/apache/jackrabbit/jackrabbit-data/2.9-SNAPSHOT/jackrabbit-data-2.9-20150323.101644-50.jar (154 kB at 94 kB/s)
Progress (1): 387/398 kBProgress (1): 392/398 kBProgress (1): 396/398 kBProgress (1): 398 kB                        Downloaded from apache.snapshots: http://repository.apache.org/snapshots/org/apache/jackrabbit/jackrabbit-jcr-commons/2.9-SNAPSHOT/jackrabbit-jcr-commons-2.9-20150323.101644-52.jar (398 kB at 211 kB/s)
Downloading from central: https://repo.maven.apache.org/maven2/com/amazonaws/aws-java-sdk-kms/1.9.22/aws-java-sdk-kms-1.9.22.jar
Downloading from central: https://repo.maven.apache.org/maven2/com/amazonaws/aws-java-sdk-core/1.9.22/aws-java-sdk-core-1.9.22.jar
Progress (1): 2.7/481 kBProgress (1): 5.5/481 kBProgress (1): 8.2/481 kBProgress (1): 11/481 kB Progress (1): 14/481 kBProgress (1): 16/481 kBProgress (1): 19/481 kBProgress (1): 21/481 kBProgress (1): 24/481 kBProgress (1): 27/481 kBProgress (1): 30/481 kBProgress (1): 32/481 kBProgress (1): 35/481 kBProgress (1): 38/481 kBProgress (1): 40/481 kBProgress (1): 43/481 kBProgress (1): 46/481 kBProgress (1): 49/481 kBProgress (1): 53/481 kBProgress (1): 57/481 kBProgress (1): 61/481 kBProgress (1): 65/481 kBProgress (1): 69/481 kBProgress (1): 73/481 kBProgress (1): 77/481 kBProgress (1): 81/481 kBProgress (1): 85/481 kBProgress (1): 90/481 kBProgress (1): 94/481 kBProgress (1): 98/481 kBProgress (1): 102/481 kBProgress (1): 106/481 kBProgress (1): 110/481 kBProgress (1): 114/481 kBProgress (1): 118/481 kBProgress (1): 122/481 kBProgress (1): 126/481 kBProgress (1): 131/481 kBProgress (1): 135/481 kBProgress (1): 139/481 kBProgress (1): 143/481 kBProgress (1): 147/481 kBProgress (1): 151/481 kBProgress (1): 155/481 kBProgress (1): 159/481 kBProgress (1): 163/481 kBProgress (1): 167/481 kBProgress (1): 171/481 kBProgress (1): 176/481 kBProgress (1): 180/481 kBProgress (1): 184/481 kBProgress (1): 188/481 kBProgress (1): 192/481 kBProgress (1): 196/481 kBProgress (1): 200/481 kBProgress (1): 204/481 kBProgress (1): 208/481 kBProgress (1): 212/481 kBProgress (1): 217/481 kBProgress (1): 221/481 kBProgress (1): 225/481 kBProgress (1): 229/481 kBProgress (1): 233/481 kBProgress (1): 237/481 kBProgress (1): 241/481 kBProgress (1): 245/481 kBProgress (1): 249/481 kBProgress (1): 253/481 kBProgress (1): 258/481 kBProgress (1): 262/481 kBProgress (1): 266/481 kBProgress (1): 270/481 kBProgress (1): 274/481 kBProgress (1): 278/481 kBProgress (1): 282/481 kBProgress (1): 286/481 kBProgress (1): 290/481 kBProgress (1): 294/481 kBProgress (1): 298/481 kBProgress (1): 303/481 kBProgress (1): 307/481 kBProgress (1): 311/481 kBProgress (1): 315/481 kBProgress (1): 319/481 kBProgress (1): 323/481 kBProgress (1): 327/481 kBProgress (1): 331/481 kBProgress (1): 335/481 kBProgress (1): 339/481 kBProgress (1): 343/481 kBProgress (1): 348/481 kBProgress (1): 352/481 kBProgress (1): 356/481 kBProgress (1): 360/481 kBProgress (1): 364/481 kBProgress (1): 368/481 kBProgress (1): 372/481 kBProgress (1): 376/481 kBProgress (1): 380/481 kBProgress (1): 384/481 kBProgress (1): 389/481 kBProgress (1): 393/481 kBProgress (1): 397/481 kBProgress (1): 401/481 kBProgress (1): 405/481 kBProgress (1): 409/481 kBProgress (2): 409/481 kB | 2.7/244 kBProgress (2): 413/481 kB | 2.7/244 kBProgress (2): 417/481 kB | 2.7/244 kBProgress (2): 421/481 kB | 2.7/244 kBProgress (2): 425/481 kB | 2.7/244 kBProgress (2): 425/481 kB | 5.5/244 kBProgress (2): 429/481 kB | 5.5/244 kBProgress (2): 429/481 kB | 8.2/244 kBProgress (2): 434/481 kB | 8.2/244 kBProgress (2): 438/481 kB | 8.2/244 kBProgress (2): 442/481 kB | 8.2/244 kBProgress (2): 446/481 kB | 8.2/244 kBProgress (2): 450/481 kB | 8.2/244 kBProgress (2): 454/481 kB | 8.2/244 kBProgress (2): 454/481 kB | 11/244 kB Progress (2): 458/481 kB | 11/244 kBProgress (2): 462/481 kB | 11/244 kBProgress (2): 466/481 kB | 11/244 kBProgress (2): 470/481 kB | 11/244 kBProgress (2): 475/481 kB | 11/244 kBProgress (2): 479/481 kB | 11/244 kBProgress (2): 481 kB | 11/244 kB    Progress (2): 481 kB | 14/244 kBProgress (2): 481 kB | 16/244 kBProgress (2): 481 kB | 19/244 kBProgress (2): 481 kB | 21/244 kBProgress (2): 481 kB | 24/244 kBProgress (2): 481 kB | 27/244 kBProgress (2): 481 kB | 30/244 kBProgress (2): 481 kB | 32/244 kBProgress (2): 481 kB | 35/244 kBProgress (2): 481 kB | 38/244 kBProgress (2): 481 kB | 40/244 kBProgress (2): 481 kB | 43/244 kBProgress (2): 481 kB | 46/244 kBProgress (2): 481 kB | 49/244 kBProgress (2): 481 kB | 53/244 kBProgress (2): 481 kB | 57/244 kBProgress (2): 481 kB | 61/244 kBProgress (2): 481 kB | 65/244 kBProgress (2): 481 kB | 69/244 kBProgress (2): 481 kB | 73/244 kBProgress (2): 481 kB | 77/244 kBProgress (2): 481 kB | 81/244 kBProgress (2): 481 kB | 85/244 kBProgress (2): 481 kB | 90/244 kBProgress (2): 481 kB | 94/244 kBProgress (2): 481 kB | 98/244 kBProgress (2): 481 kB | 102/244 kBProgress (2): 481 kB | 106/244 kBProgress (2): 481 kB | 110/244 kBProgress (2): 481 kB | 114/244 kBProgress (2): 481 kB | 118/244 kBProgress (2): 481 kB | 122/244 kBProgress (2): 481 kB | 126/244 kBProgress (2): 481 kB | 131/244 kBProgress (2): 481 kB | 135/244 kBProgress (2): 481 kB | 139/244 kBProgress (2): 481 kB | 143/244 kBProgress (2): 481 kB | 147/244 kBProgress (2): 481 kB | 151/244 kBProgress (2): 481 kB | 155/244 kBProgress (2): 481 kB | 159/244 kBProgress (2): 481 kB | 163/244 kBProgress (2): 481 kB | 167/244 kBProgress (2): 481 kB | 171/244 kBProgress (2): 481 kB | 176/244 kBProgress (2): 481 kB | 180/244 kBProgress (2): 481 kB | 184/244 kBProgress (2): 481 kB | 188/244 kBProgress (2): 481 kB | 192/244 kBProgress (2): 481 kB | 196/244 kBProgress (2): 481 kB | 200/244 kBProgress (2): 481 kB | 204/244 kBProgress (2): 481 kB | 208/244 kBProgress (2): 481 kB | 212/244 kBProgress (2): 481 kB | 217/244 kBProgress (2): 481 kB | 221/244 kBProgress (2): 481 kB | 225/244 kBProgress (2): 481 kB | 229/244 kBProgress (2): 481 kB | 233/244 kBProgress (2): 481 kB | 237/244 kBProgress (2): 481 kB | 241/244 kBProgress (2): 481 kB | 244 kB                                 Downloaded from central: https://repo.maven.apache.org/maven2/com/amazonaws/aws-java-sdk-kms/1.9.22/aws-java-sdk-kms-1.9.22.jar (244 kB at 552 kB/s)
Downloaded from central: https://repo.maven.apache.org/maven2/com/amazonaws/aws-java-sdk-core/1.9.22/aws-java-sdk-core-1.9.22.jar (481 kB at 1.0 MB/s)
[[1;34mINFO[m] 
[[1;34mINFO[m] [1m--- [0;32mjacoco-maven-plugin:0.7.1.201405082137:prepare-agent[m [1m(pre-unit-test)[m @ [36moak-core[0;1m ---[m
[[1;34mINFO[m] Skipping JaCoCo execution because property jacoco.skip is set.
[[1;34mINFO[m] test.opts.coverage set to empty
[[1;34mINFO[m] 
[[1;34mINFO[m] [1m--- [0;32mmaven-remote-resources-plugin:1.4:process[m [1m(default)[m @ [36moak-core[0;1m ---[m
[[1;34mINFO[m] 
[[1;34mINFO[m] [1m--- [0;32mmaven-resources-plugin:2.6:resources[m [1m(default-resources)[m @ [36moak-core[0;1m ---[m
[[1;34mINFO[m] Using 'UTF-8' encoding to copy filtered resources.
[[1;34mINFO[m] Copying 3 resources
[[1;34mINFO[m] Copying 3 resources
[[1;34mINFO[m] 
[[1;34mINFO[m] [1m--- [0;32mmaven-compiler-plugin:2.5.1:compile[m [1m(default-compile)[m @ [36moak-core[0;1m ---[m
[[1;34mINFO[m] Compiling 807 source files to /home/user/Workspace/reproducibility/Reproducibility-Scanner/benchmarks/bugs-dot-jar/jackrabbit-oak/oak-core/target/classes
[[1;34mINFO[m] -------------------------------------------------------------
[[1;31mERROR[m] COMPILATION ERROR : 
[[1;34mINFO[m] -------------------------------------------------------------
[[1;31mERROR[m] /home/user/Workspace/reproducibility/Reproducibility-Scanner/benchmarks/bugs-dot-jar/jackrabbit-oak/oak-core/src/main/java/org/apache/jackrabbit/oak/plugins/blob/datastore/DataStoreWrapperBackend.java:[42,7] error: DataStoreWrapperBackend is not abstract and does not override abstract method touchAsync(DataIdentifier,long,AsyncTouchCallback) in Backend
[[1;34mINFO[m] 1 error
[[1;34mINFO[m] -------------------------------------------------------------
[[1;34mINFO[m] 
[[1;34mINFO[m] [1m-------------------< [0;36morg.apache.jackrabbit:oak-jcr[0;1m >--------------------[m
[[1;34mINFO[m] [1mBuilding Oak JCR Binding 1.1-SNAPSHOT                             [8/23][m
[[1;34mINFO[m] [1m-------------------------------[ bundle ]-------------------------------[m
Downloading from apache.snapshots: http://repository.apache.org/snapshots/org/apache/jackrabbit/jackrabbit-jcr-tests/2.9-SNAPSHOT/maven-metadata.xml
Progress (1): 788 B                   Downloaded from apache.snapshots: http://repository.apache.org/snapshots/org/apache/jackrabbit/jackrabbit-jcr-tests/2.9-SNAPSHOT/maven-metadata.xml (788 B at 1.5 kB/s)
Downloading from apache.snapshots: http://repository.apache.org/snapshots/org/apache/jackrabbit/jackrabbit-jcr-tests/2.9-SNAPSHOT/jackrabbit-jcr-tests-2.9-20150323.101644-52.pom
Progress (1): 2.5/2.5 kBProgress (1): 2.5 kB                        Downloaded from apache.snapshots: http://repository.apache.org/snapshots/org/apache/jackrabbit/jackrabbit-jcr-tests/2.9-SNAPSHOT/jackrabbit-jcr-tests-2.9-20150323.101644-52.pom (2.5 kB at 6.7 kB/s)
Downloading from apache.snapshots: http://repository.apache.org/snapshots/org/apache/jackrabbit/jackrabbit-core/2.9-SNAPSHOT/maven-metadata.xml
Progress (1): 994 B                   Downloaded from apache.snapshots: http://repository.apache.org/snapshots/org/apache/jackrabbit/jackrabbit-core/2.9-SNAPSHOT/maven-metadata.xml (994 B at 2.3 kB/s)
Downloading from apache.snapshots: http://repository.apache.org/snapshots/org/apache/jackrabbit/jackrabbit-core/2.9-SNAPSHOT/jackrabbit-core-2.9-20150323.101644-50.pom
Progress (1): 4.1/23 kBProgress (1): 8.2/23 kBProgress (1): 12/23 kB Progress (1): 16/23 kBProgress (1): 20/23 kBProgress (1): 23 kB                      Downloaded from apache.snapshots: http://repository.apache.org/snapshots/org/apache/jackrabbit/jackrabbit-core/2.9-SNAPSHOT/jackrabbit-core-2.9-20150323.101644-50.pom (23 kB at 41 kB/s)
Downloading from apache.snapshots: http://repository.apache.org/snapshots/org/apache/jackrabbit/jackrabbit-spi-commons/2.9-SNAPSHOT/maven-metadata.xml
Progress (1): 790 B                   Downloaded from apache.snapshots: http://repository.apache.org/snapshots/org/apache/jackrabbit/jackrabbit-spi-commons/2.9-SNAPSHOT/maven-metadata.xml (790 B at 1.8 kB/s)
Downloading from apache.snapshots: http://repository.apache.org/snapshots/org/apache/jackrabbit/jackrabbit-spi-commons/2.9-SNAPSHOT/jackrabbit-spi-commons-2.9-20150323.101644-50.pom
Progress (1): 2.5/6.8 kBProgress (1): 6.6/6.8 kBProgress (1): 6.8 kB                        Downloaded from apache.snapshots: http://repository.apache.org/snapshots/org/apache/jackrabbit/jackrabbit-spi-commons/2.9-SNAPSHOT/jackrabbit-spi-commons-2.9-20150323.101644-50.pom (6.8 kB at 18 kB/s)
Downloading from apache.snapshots: http://repository.apache.org/snapshots/org/apache/jackrabbit/jackrabbit-spi/2.9-SNAPSHOT/maven-metadata.xml
Progress (1): 993 B                   Downloaded from apache.snapshots: http://repository.apache.org/snapshots/org/apache/jackrabbit/jackrabbit-spi/2.9-SNAPSHOT/maven-metadata.xml (993 B at 1.3 kB/s)
Downloading from apache.snapshots: http://repository.apache.org/snapshots/org/apache/jackrabbit/jackrabbit-spi/2.9-SNAPSHOT/jackrabbit-spi-2.9-20150323.101644-50.pom
Progress (1): 2.5/3.0 kBProgress (1): 3.0 kB                        Downloaded from apache.snapshots: http://repository.apache.org/snapshots/org/apache/jackrabbit/jackrabbit-spi/2.9-SNAPSHOT/jackrabbit-spi-2.9-20150323.101644-50.pom (3.0 kB at 7.3 kB/s)
Downloading from apache.snapshots: http://repository.apache.org/snapshots/org/apache/jackrabbit/jackrabbit-jcr-server/2.9-SNAPSHOT/maven-metadata.xml
Progress (1): 789 B                   Downloaded from apache.snapshots: http://repository.apache.org/snapshots/org/apache/jackrabbit/jackrabbit-jcr-server/2.9-SNAPSHOT/maven-metadata.xml (789 B at 1.1 kB/s)
Downloading from apache.snapshots: http://repository.apache.org/snapshots/org/apache/jackrabbit/jackrabbit-jcr-server/2.9-SNAPSHOT/jackrabbit-jcr-server-2.9-20150323.101644-50.pom
Progress (1): 4.1/8.6 kBProgress (1): 8.2/8.6 kBProgress (1): 8.6 kB                        Downloaded from apache.snapshots: http://repository.apache.org/snapshots/org/apache/jackrabbit/jackrabbit-jcr-server/2.9-SNAPSHOT/jackrabbit-jcr-server-2.9-20150323.101644-50.pom (8.6 kB at 23 kB/s)
Downloading from apache.snapshots: http://repository.apache.org/snapshots/org/apache/jackrabbit/jackrabbit-webdav/2.9-SNAPSHOT/maven-metadata.xml
Progress (1): 785 B                   Downloaded from apache.snapshots: http://repository.apache.org/snapshots/org/apache/jackrabbit/jackrabbit-webdav/2.9-SNAPSHOT/maven-metadata.xml (785 B at 2.1 kB/s)
Downloading from apache.snapshots: http://repository.apache.org/snapshots/org/apache/jackrabbit/jackrabbit-webdav/2.9-SNAPSHOT/jackrabbit-webdav-2.9-20150323.101644-50.pom
Progress (1): 3.9/4.9 kBProgress (1): 4.9 kB                        Downloaded from apache.snapshots: http://repository.apache.org/snapshots/org/apache/jackrabbit/jackrabbit-webdav/2.9-SNAPSHOT/jackrabbit-webdav-2.9-20150323.101644-50.pom (4.9 kB at 14 kB/s)
Downloading from apache.snapshots: http://repository.apache.org/snapshots/org/apache/jackrabbit/jackrabbit-jcr-tests/2.9-SNAPSHOT/jackrabbit-jcr-tests-2.9-20150323.101644-52.jar
Downloading from apache.snapshots: http://repository.apache.org/snapshots/org/apache/jackrabbit/jackrabbit-spi-commons/2.9-SNAPSHOT/jackrabbit-spi-commons-2.9-20150323.101644-50.jar
Downloading from apache.snapshots: http://repository.apache.org/snapshots/org/apache/jackrabbit/jackrabbit-core/2.9-SNAPSHOT/jackrabbit-core-2.9-20150323.101644-50-tests.jar
Downloading from apache.snapshots: http://repository.apache.org/snapshots/org/apache/jackrabbit/jackrabbit-core/2.9-SNAPSHOT/jackrabbit-core-2.9-20150323.101644-50.jar
Downloading from apache.snapshots: http://repository.apache.org/snapshots/org/apache/jackrabbit/jackrabbit-spi/2.9-SNAPSHOT/jackrabbit-spi-2.9-20150323.101644-50.jar
Progress (1): 5.4/852 kBProgress (1): 14/852 kB Progress (1): 20/852 kBProgress (2): 20/852 kB | 4.1/28 kBProgress (2): 20/852 kB | 7.8/28 kBProgress (2): 20/852 kB | 12/28 kB Progress (2): 20/852 kB | 14/28 kBProgress (3): 20/852 kB | 14/28 kB | 4.1/798 kBProgress (3): 20/852 kB | 14/28 kB | 7.8/798 kBProgress (3): 20/852 kB | 14/28 kB | 12/798 kB Progress (3): 20/852 kB | 14/28 kB | 14/798 kBProgress (4): 20/852 kB | 14/28 kB | 14/798 kB | 0/1.2 MBProgress (4): 20/852 kB | 14/28 kB | 14/798 kB | 0/1.2 MBProgress (5): 20/852 kB | 14/28 kB | 14/798 kB | 0/1.2 MB | 0/2.4 MBProgress (5): 28/852 kB | 14/28 kB | 14/798 kB | 0/1.2 MB | 0/2.4 MBProgress (5): 36/852 kB | 14/28 kB | 14/798 kB | 0/1.2 MB | 0/2.4 MBProgress (5): 44/852 kB | 14/28 kB | 14/798 kB | 0/1.2 MB | 0/2.4 MBProgress (5): 53/852 kB | 14/28 kB | 14/798 kB | 0/1.2 MB | 0/2.4 MBProgress (5): 57/852 kB | 14/28 kB | 14/798 kB | 0/1.2 MB | 0/2.4 MBProgress (5): 57/852 kB | 18/28 kB | 14/798 kB | 0/1.2 MB | 0/2.4 MBProgress (5): 57/852 kB | 22/28 kB | 14/798 kB | 0/1.2 MB | 0/2.4 MBProgress (5): 57/852 kB | 26/28 kB | 14/798 kB | 0/1.2 MB | 0/2.4 MBProgress (5): 57/852 kB | 28 kB | 14/798 kB | 0/1.2 MB | 0/2.4 MB   Progress (5): 57/852 kB | 28 kB | 18/798 kB | 0/1.2 MB | 0/2.4 MBProgress (5): 57/852 kB | 28 kB | 22/798 kB | 0/1.2 MB | 0/2.4 MBProgress (5): 57/852 kB | 28 kB | 26/798 kB | 0/1.2 MB | 0/2.4 MBProgress (5): 57/852 kB | 28 kB | 30/798 kB | 0/1.2 MB | 0/2.4 MBProgress (5): 57/852 kB | 28 kB | 35/798 kB | 0/1.2 MB | 0/2.4 MBProgress (5): 57/852 kB | 28 kB | 39/798 kB | 0/1.2 MB | 0/2.4 MBProgress (5): 57/852 kB | 28 kB | 43/798 kB | 0/1.2 MB | 0/2.4 MBProgress (5): 57/852 kB | 28 kB | 43/798 kB | 0/1.2 MB | 0/2.4 MBProgress (5): 57/852 kB | 28 kB | 43/798 kB | 0/1.2 MB | 0/2.4 MBProgress (5): 57/852 kB | 28 kB | 43/798 kB | 0/1.2 MB | 0/2.4 MBProgress (5): 57/852 kB | 28 kB | 43/798 kB | 0/1.2 MB | 0/2.4 MBProgress (5): 57/852 kB | 28 kB | 43/798 kB | 0/1.2 MB | 0/2.4 MBProgress (5): 57/852 kB | 28 kB | 43/798 kB | 0/1.2 MB | 0/2.4 MBProgress (5): 66/852 kB | 28 kB | 43/798 kB | 0/1.2 MB | 0/2.4 MBProgress (5): 74/852 kB | 28 kB | 43/798 kB | 0/1.2 MB | 0/2.4 MBProgress (5): 82/852 kB | 28 kB | 43/798 kB | 0/1.2 MB | 0/2.4 MBProgress (5): 90/852 kB | 28 kB | 43/798 kB | 0/1.2 MB | 0/2.4 MBProgress (5): 98/852 kB | 28 kB | 43/798 kB | 0/1.2 MB | 0/2.4 MBProgress (5): 107/852 kB | 28 kB | 43/798 kB | 0/1.2 MB | 0/2.4 MBProgress (5): 115/852 kB | 28 kB | 43/798 kB | 0/1.2 MB | 0/2.4 MBProgress (5): 123/852 kB | 28 kB | 43/798 kB | 0/1.2 MB | 0/2.4 MBProgress (5): 131/852 kB | 28 kB | 43/798 kB | 0/1.2 MB | 0/2.4 MBProgress (5): 139/852 kB | 28 kB | 43/798 kB | 0/1.2 MB | 0/2.4 MB                                                                  Downloaded from apache.snapshots: http://repository.apache.org/snapshots/org/apache/jackrabbit/jackrabbit-spi/2.9-SNAPSHOT/jackrabbit-spi-2.9-20150323.101644-50.jar (28 kB at 42 kB/s)
Downloading from apache.snapshots: http://repository.apache.org/snapshots/org/apache/jackrabbit/jackrabbit-jcr-server/2.9-SNAPSHOT/jackrabbit-jcr-server-2.9-20150323.101644-50.jar
Progress (4): 147/852 kB | 43/798 kB | 0/1.2 MB | 0/2.4 MBProgress (4): 155/852 kB | 43/798 kB | 0/1.2 MB | 0/2.4 MBProgress (4): 164/852 kB | 43/798 kB | 0/1.2 MB | 0/2.4 MBProgress (4): 172/852 kB | 43/798 kB | 0/1.2 MB | 0/2.4 MBProgress (4): 180/852 kB | 43/798 kB | 0/1.2 MB | 0/2.4 MBProgress (4): 188/852 kB | 43/798 kB | 0/1.2 MB | 0/2.4 MBProgress (4): 196/852 kB | 43/798 kB | 0/1.2 MB | 0/2.4 MBProgress (4): 205/852 kB | 43/798 kB | 0/1.2 MB | 0/2.4 MBProgress (4): 213/852 kB | 43/798 kB | 0/1.2 MB | 0/2.4 MBProgress (4): 221/852 kB | 43/798 kB | 0/1.2 MB | 0/2.4 MBProgress (4): 229/852 kB | 43/798 kB | 0/1.2 MB | 0/2.4 MBProgress (4): 237/852 kB | 43/798 kB | 0/1.2 MB | 0/2.4 MBProgress (4): 246/852 kB | 43/798 kB | 0/1.2 MB | 0/2.4 MBProgress (4): 254/852 kB | 43/798 kB | 0/1.2 MB | 0/2.4 MBProgress (4): 262/852 kB | 43/798 kB | 0/1.2 MB | 0/2.4 MBProgress (4): 270/852 kB | 43/798 kB | 0/1.2 MB | 0/2.4 MBProgress (4): 278/852 kB | 43/798 kB | 0/1.2 MB | 0/2.4 MBProgress (4): 286/852 kB | 43/798 kB | 0/1.2 MB | 0/2.4 MBProgress (4): 286/852 kB | 43/798 kB | 0.1/1.2 MB | 0/2.4 MBProgress (4): 286/852 kB | 43/798 kB | 0.1/1.2 MB | 0/2.4 MBProgress (4): 286/852 kB | 43/798 kB | 0.1/1.2 MB | 0/2.4 MBProgress (4): 286/852 kB | 43/798 kB | 0.1/1.2 MB | 0/2.4 MBProgress (4): 286/852 kB | 43/798 kB | 0.1/1.2 MB | 0/2.4 MBProgress (4): 286/852 kB | 47/798 kB | 0.1/1.2 MB | 0/2.4 MBProgress (4): 286/852 kB | 51/798 kB | 0.1/1.2 MB | 0/2.4 MBProgress (4): 286/852 kB | 55/798 kB | 0.1/1.2 MB | 0/2.4 MBProgress (4): 286/852 kB | 59/798 kB | 0.1/1.2 MB | 0/2.4 MBProgress (4): 286/852 kB | 63/798 kB | 0.1/1.2 MB | 0/2.4 MBProgress (4): 286/852 kB | 67/798 kB | 0.1/1.2 MB | 0/2.4 MBProgress (4): 286/852 kB | 71/798 kB | 0.1/1.2 MB | 0/2.4 MBProgress (4): 286/852 kB | 75/798 kB | 0.1/1.2 MB | 0/2.4 MBProgress (4): 286/852 kB | 80/798 kB | 0.1/1.2 MB | 0/2.4 MBProgress (4): 286/852 kB | 84/798 kB | 0.1/1.2 MB | 0/2.4 MBProgress (4): 286/852 kB | 86/798 kB | 0.1/1.2 MB | 0/2.4 MBProgress (4): 295/852 kB | 86/798 kB | 0.1/1.2 MB | 0/2.4 MBProgress (4): 303/852 kB | 86/798 kB | 0.1/1.2 MB | 0/2.4 MBProgress (4): 303/852 kB | 86/798 kB | 0.1/1.2 MB | 0.1/2.4 MBProgress (4): 303/852 kB | 86/798 kB | 0.1/1.2 MB | 0.1/2.4 MBProgress (4): 309/852 kB | 86/798 kB | 0.1/1.2 MB | 0.1/2.4 MBProgress (4): 318/852 kB | 86/798 kB | 0.1/1.2 MB | 0.1/2.4 MBProgress (4): 326/852 kB | 86/798 kB | 0.1/1.2 MB | 0.1/2.4 MBProgress (4): 334/852 kB | 86/798 kB | 0.1/1.2 MB | 0.1/2.4 MBProgress (4): 342/852 kB | 86/798 kB | 0.1/1.2 MB | 0.1/2.4 MBProgress (4): 350/852 kB | 86/798 kB | 0.1/1.2 MB | 0.1/2.4 MBProgress (4): 359/852 kB | 86/798 kB | 0.1/1.2 MB | 0.1/2.4 MBProgress (4): 367/852 kB | 86/798 kB | 0.1/1.2 MB | 0.1/2.4 MBProgress (4): 375/852 kB | 86/798 kB | 0.1/1.2 MB | 0.1/2.4 MBProgress (4): 383/852 kB | 86/798 kB | 0.1/1.2 MB | 0.1/2.4 MBProgress (4): 391/852 kB | 86/798 kB | 0.1/1.2 MB | 0.1/2.4 MBProgress (4): 399/852 kB | 86/798 kB | 0.1/1.2 MB | 0.1/2.4 MBProgress (4): 408/852 kB | 86/798 kB | 0.1/1.2 MB | 0.1/2.4 MBProgress (4): 416/852 kB | 86/798 kB | 0.1/1.2 MB | 0.1/2.4 MBProgress (4): 424/852 kB | 86/798 kB | 0.1/1.2 MB | 0.1/2.4 MBProgress (4): 432/852 kB | 86/798 kB | 0.1/1.2 MB | 0.1/2.4 MBProgress (4): 440/852 kB | 86/798 kB | 0.1/1.2 MB | 0.1/2.4 MBProgress (4): 449/852 kB | 86/798 kB | 0.1/1.2 MB | 0.1/2.4 MBProgress (4): 457/852 kB | 86/798 kB | 0.1/1.2 MB | 0.1/2.4 MBProgress (4): 465/852 kB | 86/798 kB | 0.1/1.2 MB | 0.1/2.4 MBProgress (4): 473/852 kB | 86/798 kB | 0.1/1.2 MB | 0.1/2.4 MBProgress (4): 481/852 kB | 86/798 kB | 0.1/1.2 MB | 0.1/2.4 MBProgress (4): 490/852 kB | 86/798 kB | 0.1/1.2 MB | 0.1/2.4 MBProgress (4): 498/852 kB | 86/798 kB | 0.1/1.2 MB | 0.1/2.4 MBProgress (4): 506/852 kB | 86/798 kB | 0.1/1.2 MB | 0.1/2.4 MBProgress (4): 514/852 kB | 86/798 kB | 0.1/1.2 MB | 0.1/2.4 MBProgress (4): 522/852 kB | 86/798 kB | 0.1/1.2 MB | 0.1/2.4 MBProgress (4): 531/852 kB | 86/798 kB | 0.1/1.2 MB | 0.1/2.4 MBProgress (4): 539/852 kB | 86/798 kB | 0.1/1.2 MB | 0.1/2.4 MBProgress (4): 547/852 kB | 86/798 kB | 0.1/1.2 MB | 0.1/2.4 MBProgress (4): 555/852 kB | 86/798 kB | 0.1/1.2 MB | 0.1/2.4 MBProgress (4): 563/852 kB | 86/798 kB | 0.1/1.2 MB | 0.1/2.4 MBProgress (4): 572/852 kB | 86/798 kB | 0.1/1.2 MB | 0.1/2.4 MBProgress (4): 580/852 kB | 86/798 kB | 0.1/1.2 MB | 0.1/2.4 MBProgress (4): 588/852 kB | 86/798 kB | 0.1/1.2 MB | 0.1/2.4 MBProgress (4): 596/852 kB | 86/798 kB | 0.1/1.2 MB | 0.1/2.4 MBProgress (4): 604/852 kB | 86/798 kB | 0.1/1.2 MB | 0.1/2.4 MBProgress (4): 612/852 kB | 86/798 kB | 0.1/1.2 MB | 0.1/2.4 MBProgress (4): 621/852 kB | 86/798 kB | 0.1/1.2 MB | 0.1/2.4 MBProgress (4): 628/852 kB | 86/798 kB | 0.1/1.2 MB | 0.1/2.4 MBProgress (5): 628/852 kB | 86/798 kB | 0.1/1.2 MB | 0.1/2.4 MB | 4.1/363 kBProgress (5): 628/852 kB | 86/798 kB | 0.1/1.2 MB | 0.1/2.4 MB | 7.8/363 kBProgress (5): 628/852 kB | 86/798 kB | 0.1/1.2 MB | 0.1/2.4 MB | 12/363 kB Progress (5): 628/852 kB | 86/798 kB | 0.1/1.2 MB | 0.1/2.4 MB | 16/363 kBProgress (5): 628/852 kB | 86/798 kB | 0.1/1.2 MB | 0.1/2.4 MB | 20/363 kBProgress (5): 628/852 kB | 86/798 kB | 0.1/1.2 MB | 0.1/2.4 MB | 24/363 kBProgress (5): 628/852 kB | 86/798 kB | 0.1/1.2 MB | 0.1/2.4 MB | 28/363 kBProgress (5): 628/852 kB | 86/798 kB | 0.1/1.2 MB | 0.1/2.4 MB | 28/363 kBProgress (5): 628/852 kB | 86/798 kB | 0.1/1.2 MB | 0.1/2.4 MB | 28/363 kBProgress (5): 628/852 kB | 86/798 kB | 0.1/1.2 MB | 0.1/2.4 MB | 28/363 kBProgress (5): 628/852 kB | 86/798 kB | 0.1/1.2 MB | 0.1/2.4 MB | 28/363 kBProgress (5): 628/852 kB | 86/798 kB | 0.1/1.2 MB | 0.1/2.4 MB | 28/363 kBProgress (5): 628/852 kB | 91/798 kB | 0.1/1.2 MB | 0.1/2.4 MB | 28/363 kBProgress (5): 628/852 kB | 95/798 kB | 0.1/1.2 MB | 0.1/2.4 MB | 28/363 kBProgress (5): 628/852 kB | 99/798 kB | 0.1/1.2 MB | 0.1/2.4 MB | 28/363 kBProgress (5): 628/852 kB | 103/798 kB | 0.1/1.2 MB | 0.1/2.4 MB | 28/363 kBProgress (5): 628/852 kB | 107/798 kB | 0.1/1.2 MB | 0.1/2.4 MB | 28/363 kBProgress (5): 628/852 kB | 111/798 kB | 0.1/1.2 MB | 0.1/2.4 MB | 28/363 kBProgress (5): 628/852 kB | 115/798 kB | 0.1/1.2 MB | 0.1/2.4 MB | 28/363 kBProgress (5): 628/852 kB | 119/798 kB | 0.1/1.2 MB | 0.1/2.4 MB | 28/363 kBProgress (5): 628/852 kB | 123/798 kB | 0.1/1.2 MB | 0.1/2.4 MB | 28/363 kBProgress (5): 628/852 kB | 127/798 kB | 0.1/1.2 MB | 0.1/2.4 MB | 28/363 kBProgress (5): 628/852 kB | 130/798 kB | 0.1/1.2 MB | 0.1/2.4 MB | 28/363 kBProgress (5): 636/852 kB | 130/798 kB | 0.1/1.2 MB | 0.1/2.4 MB | 28/363 kBProgress (5): 644/852 kB | 130/798 kB | 0.1/1.2 MB | 0.1/2.4 MB | 28/363 kBProgress (5): 653/852 kB | 130/798 kB | 0.1/1.2 MB | 0.1/2.4 MB | 28/363 kBProgress (5): 661/852 kB | 130/798 kB | 0.1/1.2 MB | 0.1/2.4 MB | 28/363 kBProgress (5): 669/852 kB | 130/798 kB | 0.1/1.2 MB | 0.1/2.4 MB | 28/363 kBProgress (5): 677/852 kB | 130/798 kB | 0.1/1.2 MB | 0.1/2.4 MB | 28/363 kBProgress (5): 685/852 kB | 130/798 kB | 0.1/1.2 MB | 0.1/2.4 MB | 28/363 kBProgress (5): 693/852 kB | 130/798 kB | 0.1/1.2 MB | 0.1/2.4 MB | 28/363 kBProgress (5): 702/852 kB | 130/798 kB | 0.1/1.2 MB | 0.1/2.4 MB | 28/363 kBProgress (5): 710/852 kB | 130/798 kB | 0.1/1.2 MB | 0.1/2.4 MB | 28/363 kBProgress (5): 718/852 kB | 130/798 kB | 0.1/1.2 MB | 0.1/2.4 MB | 28/363 kBProgress (5): 726/852 kB | 130/798 kB | 0.1/1.2 MB | 0.1/2.4 MB | 28/363 kBProgress (5): 734/852 kB | 130/798 kB | 0.1/1.2 MB | 0.1/2.4 MB | 28/363 kBProgress (5): 743/852 kB | 130/798 kB | 0.1/1.2 MB | 0.1/2.4 MB | 28/363 kBProgress (5): 751/852 kB | 130/798 kB | 0.1/1.2 MB | 0.1/2.4 MB | 28/363 kBProgress (5): 759/852 kB | 130/798 kB | 0.1/1.2 MB | 0.1/2.4 MB | 28/363 kBProgress (5): 759/852 kB | 130/798 kB | 0.1/1.2 MB | 0.1/2.4 MB | 28/363 kBProgress (5): 767/852 kB | 130/798 kB | 0.1/1.2 MB | 0.1/2.4 MB | 28/363 kBProgress (5): 775/852 kB | 130/798 kB | 0.1/1.2 MB | 0.1/2.4 MB | 28/363 kBProgress (5): 775/852 kB | 130/798 kB | 0.1/1.2 MB | 0.1/2.4 MB | 28/363 kBProgress (5): 784/852 kB | 130/798 kB | 0.1/1.2 MB | 0.1/2.4 MB | 28/363 kBProgress (5): 784/852 kB | 130/798 kB | 0.1/1.2 MB | 0.1/2.4 MB | 28/363 kBProgress (5): 792/852 kB | 130/798 kB | 0.1/1.2 MB | 0.1/2.4 MB | 28/363 kBProgress (5): 792/852 kB | 130/798 kB | 0.1/1.2 MB | 0.1/2.4 MB | 28/363 kBProgress (5): 800/852 kB | 130/798 kB | 0.1/1.2 MB | 0.1/2.4 MB | 28/363 kBProgress (5): 808/852 kB | 130/798 kB | 0.1/1.2 MB | 0.1/2.4 MB | 28/363 kBProgress (5): 816/852 kB | 130/798 kB | 0.1/1.2 MB | 0.1/2.4 MB | 28/363 kBProgress (5): 825/852 kB | 130/798 kB | 0.1/1.2 MB | 0.1/2.4 MB | 28/363 kBProgress (5): 833/852 kB | 130/798 kB | 0.1/1.2 MB | 0.1/2.4 MB | 28/363 kBProgress (5): 841/852 kB | 130/798 kB | 0.1/1.2 MB | 0.1/2.4 MB | 28/363 kBProgress (5): 849/852 kB | 130/798 kB | 0.1/1.2 MB | 0.1/2.4 MB | 28/363 kBProgress (5): 852 kB | 130/798 kB | 0.1/1.2 MB | 0.1/2.4 MB | 28/363 kB    Progress (5): 852 kB | 130/798 kB | 0.1/1.2 MB | 0.1/2.4 MB | 28/363 kBProgress (5): 852 kB | 130/798 kB | 0.1/1.2 MB | 0.1/2.4 MB | 28/363 kBProgress (5): 852 kB | 130/798 kB | 0.1/1.2 MB | 0.1/2.4 MB | 28/363 kBProgress (5): 852 kB | 130/798 kB | 0.2/1.2 MB | 0.1/2.4 MB | 28/363 kBProgress (5): 852 kB | 130/798 kB | 0.2/1.2 MB | 0.1/2.4 MB | 28/363 kBProgress (5): 852 kB | 130/798 kB | 0.2/1.2 MB | 0.2/2.4 MB | 28/363 kBProgress (5): 852 kB | 130/798 kB | 0.2/1.2 MB | 0.2/2.4 MB | 28/363 kBProgress (5): 852 kB | 130/798 kB | 0.2/1.2 MB | 0.2/2.4 MB | 28/363 kBProgress (5): 852 kB | 130/798 kB | 0.2/1.2 MB | 0.2/2.4 MB | 28/363 kBProgress (5): 852 kB | 130/798 kB | 0.2/1.2 MB | 0.2/2.4 MB | 28/363 kBProgress (5): 852 kB | 130/798 kB | 0.2/1.2 MB | 0.2/2.4 MB | 28/363 kBProgress (5): 852 kB | 130/798 kB | 0.2/1.2 MB | 0.2/2.4 MB | 28/363 kBProgress (5): 852 kB | 130/798 kB | 0.2/1.2 MB | 0.2/2.4 MB | 32/363 kBProgress (5): 852 kB | 130/798 kB | 0.2/1.2 MB | 0.2/2.4 MB | 36/363 kBProgress (5): 852 kB | 130/798 kB | 0.2/1.2 MB | 0.2/2.4 MB | 41/363 kBProgress (5): 852 kB | 130/798 kB | 0.2/1.2 MB | 0.2/2.4 MB | 45/363 kBProgress (5): 852 kB | 130/798 kB | 0.2/1.2 MB | 0.2/2.4 MB | 49/363 kBProgress (5): 852 kB | 130/798 kB | 0.2/1.2 MB | 0.2/2.4 MB | 53/363 kBProgress (5): 852 kB | 130/798 kB | 0.2/1.2 MB | 0.2/2.4 MB | 57/363 kBProgress (5): 852 kB | 130/798 kB | 0.2/1.2 MB | 0.2/2.4 MB | 61/363 kBProgress (5): 852 kB | 130/798 kB | 0.2/1.2 MB | 0.2/2.4 MB | 65/363 kBProgress (5): 852 kB | 130/798 kB | 0.2/1.2 MB | 0.2/2.4 MB | 69/363 kBProgress (5): 852 kB | 130/798 kB | 0.2/1.2 MB | 0.2/2.4 MB | 73/363 kBProgress (5): 852 kB | 130/798 kB | 0.2/1.2 MB | 0.2/2.4 MB | 77/363 kBProgress (5): 852 kB | 130/798 kB | 0.2/1.2 MB | 0.2/2.4 MB | 81/363 kBProgress (5): 852 kB | 130/798 kB | 0.2/1.2 MB | 0.2/2.4 MB | 86/363 kBProgress (5): 852 kB | 134/798 kB | 0.2/1.2 MB | 0.2/2.4 MB | 86/363 kBProgress (5): 852 kB | 138/798 kB | 0.2/1.2 MB | 0.2/2.4 MB | 86/363 kBProgress (5): 852 kB | 142/798 kB | 0.2/1.2 MB | 0.2/2.4 MB | 86/363 kBProgress (5): 852 kB | 146/798 kB | 0.2/1.2 MB | 0.2/2.4 MB | 86/363 kBProgress (5): 852 kB | 150/798 kB | 0.2/1.2 MB | 0.2/2.4 MB | 86/363 kBProgress (5): 852 kB | 154/798 kB | 0.2/1.2 MB | 0.2/2.4 MB | 86/363 kBProgress (5): 852 kB | 159/798 kB | 0.2/1.2 MB | 0.2/2.4 MB | 86/363 kBProgress (5): 852 kB | 163/798 kB | 0.2/1.2 MB | 0.2/2.4 MB | 86/363 kBProgress (5): 852 kB | 167/798 kB | 0.2/1.2 MB | 0.2/2.4 MB | 86/363 kBProgress (5): 852 kB | 171/798 kB | 0.2/1.2 MB | 0.2/2.4 MB | 86/363 kBProgress (5): 852 kB | 173/798 kB | 0.2/1.2 MB | 0.2/2.4 MB | 86/363 kB                                                                       Downloaded from apache.snapshots: http://repository.apache.org/snapshots/org/apache/jackrabbit/jackrabbit-jcr-tests/2.9-SNAPSHOT/jackrabbit-jcr-tests-2.9-20150323.101644-52.jar (852 kB at 655 kB/s)
Downloading from apache.snapshots: http://repository.apache.org/snapshots/org/apache/jackrabbit/jackrabbit-webdav/2.9-SNAPSHOT/jackrabbit-webdav-2.9-20150323.101644-50.jar
Progress (4): 173/798 kB | 0.2/1.2 MB | 0.3/2.4 MB | 86/363 kBProgress (4): 173/798 kB | 0.2/1.2 MB | 0.3/2.4 MB | 86/363 kBProgress (4): 173/798 kB | 0.2/1.2 MB | 0.3/2.4 MB | 86/363 kBProgress (4): 173/798 kB | 0.2/1.2 MB | 0.3/2.4 MB | 86/363 kBProgress (4): 173/798 kB | 0.2/1.2 MB | 0.3/2.4 MB | 86/363 kBProgress (4): 173/798 kB | 0.2/1.2 MB | 0.3/2.4 MB | 86/363 kBProgress (4): 173/798 kB | 0.2/1.2 MB | 0.4/2.4 MB | 86/363 kBProgress (4): 173/798 kB | 0.2/1.2 MB | 0.4/2.4 MB | 86/363 kBProgress (4): 173/798 kB | 0.2/1.2 MB | 0.4/2.4 MB | 90/363 kBProgress (4): 173/798 kB | 0.2/1.2 MB | 0.4/2.4 MB | 94/363 kBProgress (4): 173/798 kB | 0.2/1.2 MB | 0.4/2.4 MB | 98/363 kBProgress (4): 173/798 kB | 0.2/1.2 MB | 0.4/2.4 MB | 102/363 kBProgress (4): 173/798 kB | 0.2/1.2 MB | 0.4/2.4 MB | 106/363 kBProgress (4): 173/798 kB | 0.2/1.2 MB | 0.4/2.4 MB | 110/363 kBProgress (4): 173/798 kB | 0.2/1.2 MB | 0.4/2.4 MB | 114/363 kBProgress (4): 173/798 kB | 0.2/1.2 MB | 0.4/2.4 MB | 118/363 kBProgress (4): 173/798 kB | 0.2/1.2 MB | 0.4/2.4 MB | 122/363 kBProgress (4): 173/798 kB | 0.2/1.2 MB | 0.4/2.4 MB | 127/363 kBProgress (4): 173/798 kB | 0.2/1.2 MB | 0.4/2.4 MB | 131/363 kBProgress (4): 173/798 kB | 0.2/1.2 MB | 0.4/2.4 MB | 135/363 kBProgress (4): 173/798 kB | 0.2/1.2 MB | 0.4/2.4 MB | 139/363 kBProgress (4): 173/798 kB | 0.2/1.2 MB | 0.4/2.4 MB | 143/363 kBProgress (4): 173/798 kB | 0.2/1.2 MB | 0.4/2.4 MB | 147/363 kBProgress (4): 173/798 kB | 0.2/1.2 MB | 0.4/2.4 MB | 151/363 kBProgress (4): 173/798 kB | 0.2/1.2 MB | 0.4/2.4 MB | 155/363 kBProgress (4): 173/798 kB | 0.2/1.2 MB | 0.4/2.4 MB | 159/363 kBProgress (4): 173/798 kB | 0.2/1.2 MB | 0.4/2.4 MB | 163/363 kBProgress (4): 173/798 kB | 0.2/1.2 MB | 0.4/2.4 MB | 168/363 kBProgress (4): 173/798 kB | 0.2/1.2 MB | 0.4/2.4 MB | 172/363 kBProgress (4): 173/798 kB | 0.2/1.2 MB | 0.4/2.4 MB | 176/363 kBProgress (4): 173/798 kB | 0.2/1.2 MB | 0.4/2.4 MB | 180/363 kBProgress (4): 173/798 kB | 0.2/1.2 MB | 0.4/2.4 MB | 184/363 kBProgress (4): 173/798 kB | 0.2/1.2 MB | 0.4/2.4 MB | 188/363 kBProgress (4): 173/798 kB | 0.2/1.2 MB | 0.4/2.4 MB | 192/363 kBProgress (4): 173/798 kB | 0.2/1.2 MB | 0.4/2.4 MB | 195/363 kBProgress (4): 173/798 kB | 0.2/1.2 MB | 0.4/2.4 MB | 195/363 kBProgress (4): 173/798 kB | 0.2/1.2 MB | 0.4/2.4 MB | 195/363 kBProgress (4): 173/798 kB | 0.2/1.2 MB | 0.4/2.4 MB | 195/363 kBProgress (4): 173/798 kB | 0.2/1.2 MB | 0.4/2.4 MB | 195/363 kBProgress (4): 173/798 kB | 0.2/1.2 MB | 0.4/2.4 MB | 195/363 kBProgress (5): 173/798 kB | 0.2/1.2 MB | 0.4/2.4 MB | 195/363 kB | 4.1/328 kBProgress (5): 173/798 kB | 0.2/1.2 MB | 0.4/2.4 MB | 195/363 kB | 8.2/328 kBProgress (5): 173/798 kB | 0.2/1.2 MB | 0.4/2.4 MB | 195/363 kB | 12/328 kB Progress (5): 173/798 kB | 0.2/1.2 MB | 0.4/2.4 MB | 195/363 kB | 16/328 kBProgress (5): 173/798 kB | 0.2/1.2 MB | 0.4/2.4 MB | 195/363 kB | 20/328 kBProgress (5): 173/798 kB | 0.2/1.2 MB | 0.4/2.4 MB | 195/363 kB | 25/328 kBProgress (5): 173/798 kB | 0.2/1.2 MB | 0.4/2.4 MB | 195/363 kB | 29/328 kBProgress (5): 173/798 kB | 0.2/1.2 MB | 0.4/2.4 MB | 195/363 kB | 33/328 kBProgress (5): 173/798 kB | 0.2/1.2 MB | 0.4/2.4 MB | 195/363 kB | 37/328 kBProgress (5): 173/798 kB | 0.2/1.2 MB | 0.4/2.4 MB | 195/363 kB | 41/328 kBProgress (5): 173/798 kB | 0.2/1.2 MB | 0.4/2.4 MB | 195/363 kB | 45/328 kBProgress (5): 173/798 kB | 0.2/1.2 MB | 0.4/2.4 MB | 195/363 kB | 49/328 kBProgress (5): 173/798 kB | 0.2/1.2 MB | 0.4/2.4 MB | 195/363 kB | 53/328 kBProgress (5): 173/798 kB | 0.2/1.2 MB | 0.4/2.4 MB | 195/363 kB | 57/328 kBProgress (5): 173/798 kB | 0.2/1.2 MB | 0.4/2.4 MB | 195/363 kB | 61/328 kBProgress (5): 177/798 kB | 0.2/1.2 MB | 0.4/2.4 MB | 195/363 kB | 61/328 kBProgress (5): 177/798 kB | 0.2/1.2 MB | 0.4/2.4 MB | 195/363 kB | 66/328 kBProgress (5): 182/798 kB | 0.2/1.2 MB | 0.4/2.4 MB | 195/363 kB | 66/328 kBProgress (5): 182/798 kB | 0.2/1.2 MB | 0.4/2.4 MB | 195/363 kB | 70/328 kBProgress (5): 186/798 kB | 0.2/1.2 MB | 0.4/2.4 MB | 195/363 kB | 70/328 kBProgress (5): 186/798 kB | 0.2/1.2 MB | 0.4/2.4 MB | 195/363 kB | 74/328 kBProgress (5): 190/798 kB | 0.2/1.2 MB | 0.4/2.4 MB | 195/363 kB | 74/328 kBProgress (5): 190/798 kB | 0.2/1.2 MB | 0.4/2.4 MB | 195/363 kB | 78/328 kBProgress (5): 194/798 kB | 0.2/1.2 MB | 0.4/2.4 MB | 195/363 kB | 78/328 kBProgress (5): 194/798 kB | 0.2/1.2 MB | 0.4/2.4 MB | 195/363 kB | 82/328 kBProgress (5): 198/798 kB | 0.2/1.2 MB | 0.4/2.4 MB | 195/363 kB | 82/328 kBProgress (5): 198/798 kB | 0.2/1.2 MB | 0.4/2.4 MB | 195/363 kB | 86/328 kBProgress (5): 202/798 kB | 0.2/1.2 MB | 0.4/2.4 MB | 195/363 kB | 86/328 kBProgress (5): 202/798 kB | 0.2/1.2 MB | 0.4/2.4 MB | 195/363 kB | 90/328 kBProgress (5): 206/798 kB | 0.2/1.2 MB | 0.4/2.4 MB | 195/363 kB | 90/328 kBProgress (5): 206/798 kB | 0.2/1.2 MB | 0.4/2.4 MB | 195/363 kB | 94/328 kBProgress (5): 210/798 kB | 0.2/1.2 MB | 0.4/2.4 MB | 195/363 kB | 94/328 kBProgress (5): 210/798 kB | 0.2/1.2 MB | 0.4/2.4 MB | 195/363 kB | 98/328 kBProgress (5): 214/798 kB | 0.2/1.2 MB | 0.4/2.4 MB | 195/363 kB | 98/328 kBProgress (5): 214/798 kB | 0.2/1.2 MB | 0.4/2.4 MB | 195/363 kB | 102/328 kBProgress (5): 218/798 kB | 0.2/1.2 MB | 0.4/2.4 MB | 195/363 kB | 102/328 kBProgress (5): 218/798 kB | 0.2/1.2 MB | 0.4/2.4 MB | 195/363 kB | 106/328 kBProgress (5): 218/798 kB | 0.2/1.2 MB | 0.4/2.4 MB | 195/363 kB | 111/328 kBProgress (5): 218/798 kB | 0.2/1.2 MB | 0.4/2.4 MB | 195/363 kB | 115/328 kBProgress (5): 218/798 kB | 0.2/1.2 MB | 0.4/2.4 MB | 195/363 kB | 119/328 kBProgress (5): 218/798 kB | 0.2/1.2 MB | 0.4/2.4 MB | 195/363 kB | 123/328 kBProgress (5): 218/798 kB | 0.2/1.2 MB | 0.4/2.4 MB | 195/363 kB | 127/328 kBProgress (5): 218/798 kB | 0.2/1.2 MB | 0.4/2.4 MB | 195/363 kB | 131/328 kBProgress (5): 218/798 kB | 0.2/1.2 MB | 0.4/2.4 MB | 195/363 kB | 135/328 kBProgress (5): 218/798 kB | 0.2/1.2 MB | 0.4/2.4 MB | 195/363 kB | 139/328 kBProgress (5): 218/798 kB | 0.2/1.2 MB | 0.4/2.4 MB | 195/363 kB | 143/328 kBProgress (5): 218/798 kB | 0.2/1.2 MB | 0.4/2.4 MB | 195/363 kB | 147/328 kBProgress (5): 218/798 kB | 0.2/1.2 MB | 0.4/2.4 MB | 195/363 kB | 152/328 kBProgress (5): 218/798 kB | 0.2/1.2 MB | 0.4/2.4 MB | 195/363 kB | 156/328 kBProgress (5): 218/798 kB | 0.2/1.2 MB | 0.4/2.4 MB | 195/363 kB | 160/328 kBProgress (5): 218/798 kB | 0.2/1.2 MB | 0.4/2.4 MB | 195/363 kB | 164/328 kBProgress (5): 218/798 kB | 0.2/1.2 MB | 0.4/2.4 MB | 195/363 kB | 168/328 kBProgress (5): 218/798 kB | 0.2/1.2 MB | 0.4/2.4 MB | 195/363 kB | 172/328 kBProgress (5): 218/798 kB | 0.2/1.2 MB | 0.4/2.4 MB | 195/363 kB | 176/328 kBProgress (5): 218/798 kB | 0.2/1.2 MB | 0.4/2.4 MB | 195/363 kB | 180/328 kBProgress (5): 218/798 kB | 0.2/1.2 MB | 0.4/2.4 MB | 195/363 kB | 184/328 kBProgress (5): 218/798 kB | 0.2/1.2 MB | 0.4/2.4 MB | 195/363 kB | 188/328 kBProgress (5): 218/798 kB | 0.2/1.2 MB | 0.4/2.4 MB | 195/363 kB | 193/328 kBProgress (5): 218/798 kB | 0.2/1.2 MB | 0.4/2.4 MB | 195/363 kB | 197/328 kBProgress (5): 218/798 kB | 0.2/1.2 MB | 0.4/2.4 MB | 195/363 kB | 201/328 kBProgress (5): 218/798 kB | 0.2/1.2 MB | 0.4/2.4 MB | 195/363 kB | 205/328 kBProgress (5): 218/798 kB | 0.2/1.2 MB | 0.4/2.4 MB | 195/363 kB | 209/328 kBProgress (5): 218/798 kB | 0.2/1.2 MB | 0.4/2.4 MB | 195/363 kB | 213/328 kBProgress (5): 218/798 kB | 0.2/1.2 MB | 0.4/2.4 MB | 195/363 kB | 217/328 kBProgress (5): 218/798 kB | 0.2/1.2 MB | 0.4/2.4 MB | 195/363 kB | 221/328 kBProgress (5): 218/798 kB | 0.2/1.2 MB | 0.4/2.4 MB | 195/363 kB | 225/328 kBProgress (5): 218/798 kB | 0.2/1.2 MB | 0.4/2.4 MB | 195/363 kB | 229/328 kBProgress (5): 218/798 kB | 0.2/1.2 MB | 0.4/2.4 MB | 195/363 kB | 233/328 kBProgress (5): 218/798 kB | 0.2/1.2 MB | 0.4/2.4 MB | 195/363 kB | 238/328 kBProgress (5): 218/798 kB | 0.2/1.2 MB | 0.4/2.4 MB | 195/363 kB | 242/328 kBProgress (5): 218/798 kB | 0.2/1.2 MB | 0.4/2.4 MB | 195/363 kB | 246/328 kBProgress (5): 218/798 kB | 0.2/1.2 MB | 0.4/2.4 MB | 195/363 kB | 250/328 kBProgress (5): 218/798 kB | 0.2/1.2 MB | 0.4/2.4 MB | 195/363 kB | 254/328 kBProgress (5): 218/798 kB | 0.2/1.2 MB | 0.4/2.4 MB | 195/363 kB | 258/328 kBProgress (5): 218/798 kB | 0.2/1.2 MB | 0.4/2.4 MB | 195/363 kB | 262/328 kBProgress (5): 218/798 kB | 0.2/1.2 MB | 0.4/2.4 MB | 195/363 kB | 266/328 kBProgress (5): 218/798 kB | 0.2/1.2 MB | 0.4/2.4 MB | 195/363 kB | 270/328 kBProgress (5): 218/798 kB | 0.2/1.2 MB | 0.4/2.4 MB | 195/363 kB | 274/328 kBProgress (5): 218/798 kB | 0.2/1.2 MB | 0.4/2.4 MB | 195/363 kB | 279/328 kBProgress (5): 218/798 kB | 0.2/1.2 MB | 0.4/2.4 MB | 195/363 kB | 283/328 kBProgress (5): 218/798 kB | 0.2/1.2 MB | 0.4/2.4 MB | 195/363 kB | 287/328 kBProgress (5): 218/798 kB | 0.2/1.2 MB | 0.4/2.4 MB | 195/363 kB | 291/328 kBProgress (5): 218/798 kB | 0.2/1.2 MB | 0.4/2.4 MB | 195/363 kB | 295/328 kBProgress (5): 218/798 kB | 0.2/1.2 MB | 0.4/2.4 MB | 195/363 kB | 299/328 kBProgress (5): 218/798 kB | 0.2/1.2 MB | 0.4/2.4 MB | 195/363 kB | 303/328 kBProgress (5): 218/798 kB | 0.2/1.2 MB | 0.4/2.4 MB | 195/363 kB | 307/328 kBProgress (5): 218/798 kB | 0.2/1.2 MB | 0.4/2.4 MB | 195/363 kB | 311/328 kBProgress (5): 218/798 kB | 0.2/1.2 MB | 0.4/2.4 MB | 195/363 kB | 315/328 kBProgress (5): 218/798 kB | 0.2/1.2 MB | 0.4/2.4 MB | 195/363 kB | 319/328 kBProgress (5): 218/798 kB | 0.2/1.2 MB | 0.4/2.4 MB | 195/363 kB | 324/328 kBProgress (5): 218/798 kB | 0.2/1.2 MB | 0.4/2.4 MB | 195/363 kB | 328/328 kBProgress (5): 218/798 kB | 0.2/1.2 MB | 0.4/2.4 MB | 195/363 kB | 328 kB    Progress (5): 218/798 kB | 0.2/1.2 MB | 0.4/2.4 MB | 195/363 kB | 328 kBProgress (5): 218/798 kB | 0.2/1.2 MB | 0.4/2.4 MB | 195/363 kB | 328 kBProgress (5): 218/798 kB | 0.2/1.2 MB | 0.4/2.4 MB | 195/363 kB | 328 kBProgress (5): 218/798 kB | 0.2/1.2 MB | 0.4/2.4 MB | 195/363 kB | 328 kBProgress (5): 218/798 kB | 0.2/1.2 MB | 0.4/2.4 MB | 195/363 kB | 328 kBProgress (5): 218/798 kB | 0.2/1.2 MB | 0.5/2.4 MB | 195/363 kB | 328 kBProgress (5): 218/798 kB | 0.2/1.2 MB | 0.5/2.4 MB | 195/363 kB | 328 kBProgress (5): 218/798 kB | 0.2/1.2 MB | 0.5/2.4 MB | 199/363 kB | 328 kBProgress (5): 218/798 kB | 0.2/1.2 MB | 0.5/2.4 MB | 203/363 kB | 328 kBProgress (5): 218/798 kB | 0.2/1.2 MB | 0.5/2.4 MB | 207/363 kB | 328 kBProgress (5): 218/798 kB | 0.2/1.2 MB | 0.5/2.4 MB | 211/363 kB | 328 kBProgress (5): 218/798 kB | 0.2/1.2 MB | 0.5/2.4 MB | 216/363 kB | 328 kBProgress (5): 218/798 kB | 0.2/1.2 MB | 0.5/2.4 MB | 220/363 kB | 328 kBProgress (5): 218/798 kB | 0.2/1.2 MB | 0.5/2.4 MB | 224/363 kB | 328 kBProgress (5): 218/798 kB | 0.2/1.2 MB | 0.5/2.4 MB | 228/363 kB | 328 kBProgress (5): 218/798 kB | 0.2/1.2 MB | 0.5/2.4 MB | 232/363 kB | 328 kBProgress (5): 218/798 kB | 0.2/1.2 MB | 0.5/2.4 MB | 236/363 kB | 328 kBProgress (5): 218/798 kB | 0.2/1.2 MB | 0.5/2.4 MB | 240/363 kB | 328 kBProgress (5): 218/798 kB | 0.2/1.2 MB | 0.5/2.4 MB | 244/363 kB | 328 kBProgress (5): 218/798 kB | 0.2/1.2 MB | 0.5/2.4 MB | 248/363 kB | 328 kBProgress (5): 218/798 kB | 0.2/1.2 MB | 0.5/2.4 MB | 252/363 kB | 328 kBProgress (5): 218/798 kB | 0.2/1.2 MB | 0.5/2.4 MB | 256/363 kB | 328 kBProgress (5): 218/798 kB | 0.2/1.2 MB | 0.5/2.4 MB | 261/363 kB | 328 kBProgress (5): 218/798 kB | 0.2/1.2 MB | 0.5/2.4 MB | 265/363 kB | 328 kBProgress (5): 218/798 kB | 0.2/1.2 MB | 0.5/2.4 MB | 269/363 kB | 328 kBProgress (5): 218/798 kB | 0.2/1.2 MB | 0.5/2.4 MB | 273/363 kB | 328 kBProgress (5): 218/798 kB | 0.2/1.2 MB | 0.5/2.4 MB | 277/363 kB | 328 kBProgress (5): 218/798 kB | 0.2/1.2 MB | 0.5/2.4 MB | 281/363 kB | 328 kBProgress (5): 218/798 kB | 0.2/1.2 MB | 0.5/2.4 MB | 285/363 kB | 328 kBProgress (5): 218/798 kB | 0.2/1.2 MB | 0.5/2.4 MB | 289/363 kB | 328 kBProgress (5): 218/798 kB | 0.2/1.2 MB | 0.5/2.4 MB | 293/363 kB | 328 kBProgress (5): 218/798 kB | 0.2/1.2 MB | 0.5/2.4 MB | 297/363 kB | 328 kBProgress (5): 218/798 kB | 0.2/1.2 MB | 0.5/2.4 MB | 302/363 kB | 328 kBProgress (5): 218/798 kB | 0.2/1.2 MB | 0.5/2.4 MB | 306/363 kB | 328 kBProgress (5): 218/798 kB | 0.2/1.2 MB | 0.5/2.4 MB | 310/363 kB | 328 kBProgress (5): 218/798 kB | 0.2/1.2 MB | 0.5/2.4 MB | 314/363 kB | 328 kBProgress (5): 218/798 kB | 0.2/1.2 MB | 0.5/2.4 MB | 318/363 kB | 328 kBProgress (5): 218/798 kB | 0.2/1.2 MB | 0.5/2.4 MB | 322/363 kB | 328 kBProgress (5): 218/798 kB | 0.2/1.2 MB | 0.5/2.4 MB | 326/363 kB | 328 kBProgress (5): 218/798 kB | 0.2/1.2 MB | 0.5/2.4 MB | 330/363 kB | 328 kBProgress (5): 218/798 kB | 0.2/1.2 MB | 0.5/2.4 MB | 334/363 kB | 328 kBProgress (5): 218/798 kB | 0.2/1.2 MB | 0.5/2.4 MB | 338/363 kB | 328 kBProgress (5): 218/798 kB | 0.2/1.2 MB | 0.5/2.4 MB | 338/363 kB | 328 kBProgress (5): 218/798 kB | 0.2/1.2 MB | 0.5/2.4 MB | 338/363 kB | 328 kBProgress (5): 218/798 kB | 0.2/1.2 MB | 0.5/2.4 MB | 338/363 kB | 328 kBProgress (5): 218/798 kB | 0.2/1.2 MB | 0.5/2.4 MB | 338/363 kB | 328 kBProgress (5): 218/798 kB | 0.2/1.2 MB | 0.5/2.4 MB | 338/363 kB | 328 kBProgress (5): 218/798 kB | 0.3/1.2 MB | 0.5/2.4 MB | 338/363 kB | 328 kB                                                                        Downloaded from apache.snapshots: http://repository.apache.org/snapshots/org/apache/jackrabbit/jackrabbit-webdav/2.9-SNAPSHOT/jackrabbit-webdav-2.9-20150323.101644-50.jar (328 kB at 195 kB/s)
Progress (4): 218/798 kB | 0.3/1.2 MB | 0.5/2.4 MB | 343/363 kBProgress (4): 218/798 kB | 0.3/1.2 MB | 0.5/2.4 MB | 343/363 kBProgress (4): 218/798 kB | 0.3/1.2 MB | 0.5/2.4 MB | 347/363 kBProgress (4): 218/798 kB | 0.3/1.2 MB | 0.5/2.4 MB | 347/363 kBProgress (4): 218/798 kB | 0.3/1.2 MB | 0.5/2.4 MB | 351/363 kBProgress (4): 218/798 kB | 0.3/1.2 MB | 0.5/2.4 MB | 351/363 kBProgress (4): 218/798 kB | 0.3/1.2 MB | 0.5/2.4 MB | 355/363 kBProgress (4): 218/798 kB | 0.3/1.2 MB | 0.5/2.4 MB | 355/363 kBProgress (4): 218/798 kB | 0.3/1.2 MB | 0.5/2.4 MB | 359/363 kBProgress (4): 218/798 kB | 0.3/1.2 MB | 0.5/2.4 MB | 359/363 kBProgress (4): 218/798 kB | 0.3/1.2 MB | 0.5/2.4 MB | 363 kB    Progress (4): 218/798 kB | 0.3/1.2 MB | 0.6/2.4 MB | 363 kBProgress (4): 218/798 kB | 0.3/1.2 MB | 0.6/2.4 MB | 363 kBProgress (4): 218/798 kB | 0.3/1.2 MB | 0.6/2.4 MB | 363 kBProgress (4): 222/798 kB | 0.3/1.2 MB | 0.6/2.4 MB | 363 kBProgress (4): 227/798 kB | 0.3/1.2 MB | 0.6/2.4 MB | 363 kBProgress (4): 231/798 kB | 0.3/1.2 MB | 0.6/2.4 MB | 363 kBProgress (4): 235/798 kB | 0.3/1.2 MB | 0.6/2.4 MB | 363 kBProgress (4): 239/798 kB | 0.3/1.2 MB | 0.6/2.4 MB | 363 kBProgress (4): 243/798 kB | 0.3/1.2 MB | 0.6/2.4 MB | 363 kBProgress (4): 247/798 kB | 0.3/1.2 MB | 0.6/2.4 MB | 363 kBProgress (4): 251/798 kB | 0.3/1.2 MB | 0.6/2.4 MB | 363 kBProgress (4): 255/798 kB | 0.3/1.2 MB | 0.6/2.4 MB | 363 kBProgress (4): 259/798 kB | 0.3/1.2 MB | 0.6/2.4 MB | 363 kBProgress (4): 263/798 kB | 0.3/1.2 MB | 0.6/2.4 MB | 363 kBProgress (4): 266/798 kB | 0.3/1.2 MB | 0.6/2.4 MB | 363 kBProgress (4): 266/798 kB | 0.3/1.2 MB | 0.6/2.4 MB | 363 kBProgress (4): 266/798 kB | 0.3/1.2 MB | 0.6/2.4 MB | 363 kBProgress (4): 266/798 kB | 0.3/1.2 MB | 0.6/2.4 MB | 363 kBProgress (4): 266/798 kB | 0.3/1.2 MB | 0.6/2.4 MB | 363 kBProgress (4): 266/798 kB | 0.3/1.2 MB | 0.6/2.4 MB | 363 kBProgress (4): 266/798 kB | 0.3/1.2 MB | 0.6/2.4 MB | 363 kBProgress (4): 266/798 kB | 0.3/1.2 MB | 0.6/2.4 MB | 363 kBProgress (4): 266/798 kB | 0.3/1.2 MB | 0.6/2.4 MB | 363 kBProgress (4): 266/798 kB | 0.3/1.2 MB | 0.6/2.4 MB | 363 kBProgress (4): 266/798 kB | 0.3/1.2 MB | 0.6/2.4 MB | 363 kBProgress (4): 266/798 kB | 0.3/1.2 MB | 0.7/2.4 MB | 363 kBProgress (4): 266/798 kB | 0.3/1.2 MB | 0.7/2.4 MB | 363 kBProgress (4): 266/798 kB | 0.3/1.2 MB | 0.7/2.4 MB | 363 kBProgress (4): 266/798 kB | 0.3/1.2 MB | 0.7/2.4 MB | 363 kB                                                           Downloaded from apache.snapshots: http://repository.apache.org/snapshots/org/apache/jackrabbit/jackrabbit-jcr-server/2.9-SNAPSHOT/jackrabbit-jcr-server-2.9-20150323.101644-50.jar (363 kB at 193 kB/s)
Progress (3): 270/798 kB | 0.3/1.2 MB | 0.7/2.4 MBProgress (3): 274/798 kB | 0.3/1.2 MB | 0.7/2.4 MBProgress (3): 278/798 kB | 0.3/1.2 MB | 0.7/2.4 MBProgress (3): 282/798 kB | 0.3/1.2 MB | 0.7/2.4 MBProgress (3): 286/798 kB | 0.3/1.2 MB | 0.7/2.4 MBProgress (3): 291/798 kB | 0.3/1.2 MB | 0.7/2.4 MBProgress (3): 295/798 kB | 0.3/1.2 MB | 0.7/2.4 MBProgress (3): 299/798 kB | 0.3/1.2 MB | 0.7/2.4 MBProgress (3): 303/798 kB | 0.3/1.2 MB | 0.7/2.4 MBProgress (3): 307/798 kB | 0.3/1.2 MB | 0.7/2.4 MBProgress (3): 311/798 kB | 0.3/1.2 MB | 0.7/2.4 MBProgress (3): 311/798 kB | 0.3/1.2 MB | 0.7/2.4 MBProgress (3): 311/798 kB | 0.3/1.2 MB | 0.7/2.4 MBProgress (3): 311/798 kB | 0.3/1.2 MB | 0.7/2.4 MBProgress (3): 311/798 kB | 0.3/1.2 MB | 0.7/2.4 MBProgress (3): 311/798 kB | 0.3/1.2 MB | 0.8/2.4 MBProgress (3): 311/798 kB | 0.3/1.2 MB | 0.8/2.4 MBProgress (3): 311/798 kB | 0.3/1.2 MB | 0.8/2.4 MBProgress (3): 311/798 kB | 0.3/1.2 MB | 0.8/2.4 MBProgress (3): 311/798 kB | 0.3/1.2 MB | 0.8/2.4 MBProgress (3): 311/798 kB | 0.3/1.2 MB | 0.8/2.4 MBProgress (3): 311/798 kB | 0.3/1.2 MB | 0.8/2.4 MBProgress (3): 311/798 kB | 0.3/1.2 MB | 0.8/2.4 MBProgress (3): 311/798 kB | 0.3/1.2 MB | 0.8/2.4 MBProgress (3): 311/798 kB | 0.3/1.2 MB | 0.8/2.4 MBProgress (3): 311/798 kB | 0.3/1.2 MB | 0.8/2.4 MBProgress (3): 311/798 kB | 0.3/1.2 MB | 0.8/2.4 MBProgress (3): 311/798 kB | 0.3/1.2 MB | 0.8/2.4 MBProgress (3): 311/798 kB | 0.3/1.2 MB | 0.8/2.4 MBProgress (3): 311/798 kB | 0.3/1.2 MB | 0.9/2.4 MBProgress (3): 311/798 kB | 0.3/1.2 MB | 0.9/2.4 MBProgress (3): 311/798 kB | 0.3/1.2 MB | 0.9/2.4 MBProgress (3): 311/798 kB | 0.3/1.2 MB | 0.9/2.4 MBProgress (3): 311/798 kB | 0.3/1.2 MB | 0.9/2.4 MBProgress (3): 315/798 kB | 0.3/1.2 MB | 0.9/2.4 MBProgress (3): 319/798 kB | 0.3/1.2 MB | 0.9/2.4 MBProgress (3): 323/798 kB | 0.3/1.2 MB | 0.9/2.4 MBProgress (3): 327/798 kB | 0.3/1.2 MB | 0.9/2.4 MBProgress (3): 332/798 kB | 0.3/1.2 MB | 0.9/2.4 MBProgress (3): 336/798 kB | 0.3/1.2 MB | 0.9/2.4 MBProgress (3): 340/798 kB | 0.3/1.2 MB | 0.9/2.4 MBProgress (3): 344/798 kB | 0.3/1.2 MB | 0.9/2.4 MBProgress (3): 348/798 kB | 0.3/1.2 MB | 0.9/2.4 MBProgress (3): 352/798 kB | 0.3/1.2 MB | 0.9/2.4 MBProgress (3): 356/798 kB | 0.3/1.2 MB | 0.9/2.4 MBProgress (3): 359/798 kB | 0.3/1.2 MB | 0.9/2.4 MBProgress (3): 359/798 kB | 0.4/1.2 MB | 0.9/2.4 MBProgress (3): 359/798 kB | 0.4/1.2 MB | 0.9/2.4 MBProgress (3): 359/798 kB | 0.4/1.2 MB | 0.9/2.4 MBProgress (3): 359/798 kB | 0.4/1.2 MB | 0.9/2.4 MBProgress (3): 359/798 kB | 0.4/1.2 MB | 0.9/2.4 MBProgress (3): 359/798 kB | 0.4/1.2 MB | 0.9/2.4 MBProgress (3): 359/798 kB | 0.4/1.2 MB | 1.0/2.4 MBProgress (3): 359/798 kB | 0.4/1.2 MB | 1.0/2.4 MBProgress (3): 359/798 kB | 0.4/1.2 MB | 1.0/2.4 MBProgress (3): 359/798 kB | 0.4/1.2 MB | 1.0/2.4 MBProgress (3): 359/798 kB | 0.4/1.2 MB | 1.0/2.4 MBProgress (3): 359/798 kB | 0.4/1.2 MB | 1.0/2.4 MBProgress (3): 359/798 kB | 0.4/1.2 MB | 1.0/2.4 MBProgress (3): 363/798 kB | 0.4/1.2 MB | 1.0/2.4 MBProgress (3): 367/798 kB | 0.4/1.2 MB | 1.0/2.4 MBProgress (3): 371/798 kB | 0.4/1.2 MB | 1.0/2.4 MBProgress (3): 375/798 kB | 0.4/1.2 MB | 1.0/2.4 MBProgress (3): 379/798 kB | 0.4/1.2 MB | 1.0/2.4 MBProgress (3): 383/798 kB | 0.4/1.2 MB | 1.0/2.4 MBProgress (3): 387/798 kB | 0.4/1.2 MB | 1.0/2.4 MBProgress (3): 391/798 kB | 0.4/1.2 MB | 1.0/2.4 MBProgress (3): 396/798 kB | 0.4/1.2 MB | 1.0/2.4 MBProgress (3): 400/798 kB | 0.4/1.2 MB | 1.0/2.4 MBProgress (3): 404/798 kB | 0.4/1.2 MB | 1.0/2.4 MBProgress (3): 408/798 kB | 0.4/1.2 MB | 1.0/2.4 MBProgress (3): 408/798 kB | 0.4/1.2 MB | 1.1/2.4 MBProgress (3): 408/798 kB | 0.4/1.2 MB | 1.1/2.4 MBProgress (3): 408/798 kB | 0.4/1.2 MB | 1.1/2.4 MBProgress (3): 408/798 kB | 0.4/1.2 MB | 1.1/2.4 MBProgress (3): 408/798 kB | 0.4/1.2 MB | 1.1/2.4 MBProgress (3): 408/798 kB | 0.4/1.2 MB | 1.1/2.4 MBProgress (3): 408/798 kB | 0.4/1.2 MB | 1.1/2.4 MBProgress (3): 408/798 kB | 0.4/1.2 MB | 1.2/2.4 MBProgress (3): 408/798 kB | 0.4/1.2 MB | 1.2/2.4 MBProgress (3): 408/798 kB | 0.4/1.2 MB | 1.2/2.4 MBProgress (3): 408/798 kB | 0.4/1.2 MB | 1.2/2.4 MBProgress (3): 408/798 kB | 0.4/1.2 MB | 1.2/2.4 MBProgress (3): 408/798 kB | 0.4/1.2 MB | 1.2/2.4 MBProgress (3): 408/798 kB | 0.4/1.2 MB | 1.2/2.4 MBProgress (3): 408/798 kB | 0.4/1.2 MB | 1.2/2.4 MBProgress (3): 408/798 kB | 0.4/1.2 MB | 1.2/2.4 MBProgress (3): 408/798 kB | 0.4/1.2 MB | 1.2/2.4 MBProgress (3): 408/798 kB | 0.4/1.2 MB | 1.2/2.4 MBProgress (3): 408/798 kB | 0.4/1.2 MB | 1.2/2.4 MBProgress (3): 408/798 kB | 0.4/1.2 MB | 1.2/2.4 MBProgress (3): 408/798 kB | 0.4/1.2 MB | 1.3/2.4 MBProgress (3): 408/798 kB | 0.4/1.2 MB | 1.3/2.4 MBProgress (3): 412/798 kB | 0.4/1.2 MB | 1.3/2.4 MBProgress (3): 416/798 kB | 0.4/1.2 MB | 1.3/2.4 MBProgress (3): 420/798 kB | 0.4/1.2 MB | 1.3/2.4 MBProgress (3): 424/798 kB | 0.4/1.2 MB | 1.3/2.4 MBProgress (3): 428/798 kB | 0.4/1.2 MB | 1.3/2.4 MBProgress (3): 432/798 kB | 0.4/1.2 MB | 1.3/2.4 MBProgress (3): 437/798 kB | 0.4/1.2 MB | 1.3/2.4 MBProgress (3): 441/798 kB | 0.4/1.2 MB | 1.3/2.4 MBProgress (3): 445/798 kB | 0.4/1.2 MB | 1.3/2.4 MBProgress (3): 449/798 kB | 0.4/1.2 MB | 1.3/2.4 MBProgress (3): 453/798 kB | 0.4/1.2 MB | 1.3/2.4 MBProgress (3): 457/798 kB | 0.4/1.2 MB | 1.3/2.4 MBProgress (3): 457/798 kB | 0.4/1.2 MB | 1.3/2.4 MBProgress (3): 457/798 kB | 0.4/1.2 MB | 1.3/2.4 MBProgress (3): 457/798 kB | 0.5/1.2 MB | 1.3/2.4 MBProgress (3): 457/798 kB | 0.5/1.2 MB | 1.3/2.4 MBProgress (3): 457/798 kB | 0.5/1.2 MB | 1.3/2.4 MBProgress (3): 457/798 kB | 0.5/1.2 MB | 1.3/2.4 MBProgress (3): 457/798 kB | 0.5/1.2 MB | 1.3/2.4 MBProgress (3): 457/798 kB | 0.5/1.2 MB | 1.3/2.4 MBProgress (3): 457/798 kB | 0.5/1.2 MB | 1.3/2.4 MBProgress (3): 457/798 kB | 0.5/1.2 MB | 1.3/2.4 MBProgress (3): 457/798 kB | 0.5/1.2 MB | 1.3/2.4 MBProgress (3): 457/798 kB | 0.5/1.2 MB | 1.4/2.4 MBProgress (3): 457/798 kB | 0.5/1.2 MB | 1.4/2.4 MBProgress (3): 457/798 kB | 0.5/1.2 MB | 1.4/2.4 MBProgress (3): 461/798 kB | 0.5/1.2 MB | 1.4/2.4 MBProgress (3): 465/798 kB | 0.5/1.2 MB | 1.4/2.4 MBProgress (3): 469/798 kB | 0.5/1.2 MB | 1.4/2.4 MBProgress (3): 473/798 kB | 0.5/1.2 MB | 1.4/2.4 MBProgress (3): 477/798 kB | 0.5/1.2 MB | 1.4/2.4 MBProgress (3): 482/798 kB | 0.5/1.2 MB | 1.4/2.4 MBProgress (3): 486/798 kB | 0.5/1.2 MB | 1.4/2.4 MBProgress (3): 490/798 kB | 0.5/1.2 MB | 1.4/2.4 MBProgress (3): 494/798 kB | 0.5/1.2 MB | 1.4/2.4 MBProgress (3): 498/798 kB | 0.5/1.2 MB | 1.4/2.4 MBProgress (3): 502/798 kB | 0.5/1.2 MB | 1.4/2.4 MBProgress (3): 506/798 kB | 0.5/1.2 MB | 1.4/2.4 MBProgress (3): 509/798 kB | 0.5/1.2 MB | 1.4/2.4 MBProgress (3): 509/798 kB | 0.5/1.2 MB | 1.4/2.4 MBProgress (3): 509/798 kB | 0.5/1.2 MB | 1.4/2.4 MBProgress (3): 509/798 kB | 0.5/1.2 MB | 1.4/2.4 MBProgress (3): 509/798 kB | 0.5/1.2 MB | 1.4/2.4 MBProgress (3): 509/798 kB | 0.5/1.2 MB | 1.4/2.4 MBProgress (3): 509/798 kB | 0.5/1.2 MB | 1.4/2.4 MBProgress (3): 509/798 kB | 0.5/1.2 MB | 1.4/2.4 MBProgress (3): 509/798 kB | 0.5/1.2 MB | 1.4/2.4 MBProgress (3): 509/798 kB | 0.5/1.2 MB | 1.4/2.4 MBProgress (3): 509/798 kB | 0.5/1.2 MB | 1.5/2.4 MBProgress (3): 509/798 kB | 0.5/1.2 MB | 1.5/2.4 MBProgress (3): 509/798 kB | 0.5/1.2 MB | 1.5/2.4 MBProgress (3): 509/798 kB | 0.5/1.2 MB | 1.5/2.4 MBProgress (3): 509/798 kB | 0.5/1.2 MB | 1.5/2.4 MBProgress (3): 509/798 kB | 0.5/1.2 MB | 1.5/2.4 MBProgress (3): 509/798 kB | 0.5/1.2 MB | 1.6/2.4 MBProgress (3): 509/798 kB | 0.5/1.2 MB | 1.6/2.4 MBProgress (3): 509/798 kB | 0.5/1.2 MB | 1.6/2.4 MBProgress (3): 509/798 kB | 0.5/1.2 MB | 1.6/2.4 MBProgress (3): 509/798 kB | 0.5/1.2 MB | 1.6/2.4 MBProgress (3): 509/798 kB | 0.5/1.2 MB | 1.6/2.4 MBProgress (3): 513/798 kB | 0.5/1.2 MB | 1.6/2.4 MBProgress (3): 517/798 kB | 0.5/1.2 MB | 1.6/2.4 MBProgress (3): 522/798 kB | 0.5/1.2 MB | 1.6/2.4 MBProgress (3): 526/798 kB | 0.5/1.2 MB | 1.6/2.4 MBProgress (3): 530/798 kB | 0.5/1.2 MB | 1.6/2.4 MBProgress (3): 534/798 kB | 0.5/1.2 MB | 1.6/2.4 MBProgress (3): 538/798 kB | 0.5/1.2 MB | 1.6/2.4 MBProgress (3): 542/798 kB | 0.5/1.2 MB | 1.6/2.4 MBProgress (3): 546/798 kB | 0.5/1.2 MB | 1.6/2.4 MBProgress (3): 550/798 kB | 0.5/1.2 MB | 1.6/2.4 MBProgress (3): 554/798 kB | 0.5/1.2 MB | 1.6/2.4 MBProgress (3): 558/798 kB | 0.5/1.2 MB | 1.6/2.4 MBProgress (3): 563/798 kB | 0.5/1.2 MB | 1.6/2.4 MBProgress (3): 563/798 kB | 0.5/1.2 MB | 1.6/2.4 MBProgress (3): 563/798 kB | 0.5/1.2 MB | 1.6/2.4 MBProgress (3): 563/798 kB | 0.6/1.2 MB | 1.6/2.4 MBProgress (3): 563/798 kB | 0.6/1.2 MB | 1.6/2.4 MBProgress (3): 563/798 kB | 0.6/1.2 MB | 1.6/2.4 MBProgress (3): 563/798 kB | 0.6/1.2 MB | 1.6/2.4 MBProgress (3): 563/798 kB | 0.6/1.2 MB | 1.6/2.4 MBProgress (3): 563/798 kB | 0.6/1.2 MB | 1.7/2.4 MBProgress (3): 563/798 kB | 0.6/1.2 MB | 1.7/2.4 MBProgress (3): 563/798 kB | 0.6/1.2 MB | 1.7/2.4 MBProgress (3): 563/798 kB | 0.6/1.2 MB | 1.7/2.4 MBProgress (3): 563/798 kB | 0.6/1.2 MB | 1.7/2.4 MBProgress (3): 563/798 kB | 0.6/1.2 MB | 1.7/2.4 MBProgress (3): 563/798 kB | 0.6/1.2 MB | 1.7/2.4 MBProgress (3): 567/798 kB | 0.6/1.2 MB | 1.7/2.4 MBProgress (3): 571/798 kB | 0.6/1.2 MB | 1.7/2.4 MBProgress (3): 575/798 kB | 0.6/1.2 MB | 1.7/2.4 MBProgress (3): 579/798 kB | 0.6/1.2 MB | 1.7/2.4 MBProgress (3): 583/798 kB | 0.6/1.2 MB | 1.7/2.4 MBProgress (3): 587/798 kB | 0.6/1.2 MB | 1.7/2.4 MBProgress (3): 591/798 kB | 0.6/1.2 MB | 1.7/2.4 MBProgress (3): 595/798 kB | 0.6/1.2 MB | 1.7/2.4 MBProgress (3): 599/798 kB | 0.6/1.2 MB | 1.7/2.4 MBProgress (3): 603/798 kB | 0.6/1.2 MB | 1.7/2.4 MBProgress (3): 608/798 kB | 0.6/1.2 MB | 1.7/2.4 MBProgress (3): 612/798 kB | 0.6/1.2 MB | 1.7/2.4 MBProgress (3): 616/798 kB | 0.6/1.2 MB | 1.7/2.4 MBProgress (3): 620/798 kB | 0.6/1.2 MB | 1.7/2.4 MBProgress (3): 620/798 kB | 0.6/1.2 MB | 1.7/2.4 MBProgress (3): 620/798 kB | 0.6/1.2 MB | 1.7/2.4 MBProgress (3): 620/798 kB | 0.6/1.2 MB | 1.7/2.4 MBProgress (3): 620/798 kB | 0.6/1.2 MB | 1.7/2.4 MBProgress (3): 620/798 kB | 0.6/1.2 MB | 1.7/2.4 MBProgress (3): 620/798 kB | 0.6/1.2 MB | 1.7/2.4 MBProgress (3): 620/798 kB | 0.6/1.2 MB | 1.7/2.4 MBProgress (3): 620/798 kB | 0.6/1.2 MB | 1.8/2.4 MBProgress (3): 620/798 kB | 0.6/1.2 MB | 1.8/2.4 MBProgress (3): 620/798 kB | 0.6/1.2 MB | 1.8/2.4 MBProgress (3): 620/798 kB | 0.6/1.2 MB | 1.8/2.4 MBProgress (3): 620/798 kB | 0.6/1.2 MB | 1.8/2.4 MBProgress (3): 620/798 kB | 0.6/1.2 MB | 1.8/2.4 MBProgress (3): 620/798 kB | 0.6/1.2 MB | 1.9/2.4 MBProgress (3): 624/798 kB | 0.6/1.2 MB | 1.9/2.4 MBProgress (3): 628/798 kB | 0.6/1.2 MB | 1.9/2.4 MBProgress (3): 632/798 kB | 0.6/1.2 MB | 1.9/2.4 MBProgress (3): 636/798 kB | 0.6/1.2 MB | 1.9/2.4 MBProgress (3): 640/798 kB | 0.6/1.2 MB | 1.9/2.4 MBProgress (3): 644/798 kB | 0.6/1.2 MB | 1.9/2.4 MBProgress (3): 649/798 kB | 0.6/1.2 MB | 1.9/2.4 MBProgress (3): 653/798 kB | 0.6/1.2 MB | 1.9/2.4 MBProgress (3): 657/798 kB | 0.6/1.2 MB | 1.9/2.4 MBProgress (3): 661/798 kB | 0.6/1.2 MB | 1.9/2.4 MBProgress (3): 665/798 kB | 0.6/1.2 MB | 1.9/2.4 MBProgress (3): 669/798 kB | 0.6/1.2 MB | 1.9/2.4 MBProgress (3): 673/798 kB | 0.6/1.2 MB | 1.9/2.4 MBProgress (3): 677/798 kB | 0.6/1.2 MB | 1.9/2.4 MBProgress (3): 681/798 kB | 0.6/1.2 MB | 1.9/2.4 MBProgress (3): 681/798 kB | 0.6/1.2 MB | 1.9/2.4 MBProgress (3): 681/798 kB | 0.6/1.2 MB | 1.9/2.4 MBProgress (3): 681/798 kB | 0.6/1.2 MB | 1.9/2.4 MBProgress (3): 681/798 kB | 0.6/1.2 MB | 1.9/2.4 MBProgress (3): 681/798 kB | 0.6/1.2 MB | 1.9/2.4 MBProgress (3): 681/798 kB | 0.6/1.2 MB | 2.0/2.4 MBProgress (3): 681/798 kB | 0.6/1.2 MB | 2.0/2.4 MBProgress (3): 681/798 kB | 0.6/1.2 MB | 2.0/2.4 MBProgress (3): 681/798 kB | 0.6/1.2 MB | 2.0/2.4 MBProgress (3): 681/798 kB | 0.7/1.2 MB | 2.0/2.4 MBProgress (3): 681/798 kB | 0.7/1.2 MB | 2.0/2.4 MBProgress (3): 681/798 kB | 0.7/1.2 MB | 2.0/2.4 MBProgress (3): 681/798 kB | 0.7/1.2 MB | 2.0/2.4 MBProgress (3): 681/798 kB | 0.7/1.2 MB | 2.0/2.4 MBProgress (3): 681/798 kB | 0.7/1.2 MB | 2.0/2.4 MBProgress (3): 681/798 kB | 0.7/1.2 MB | 2.0/2.4 MBProgress (3): 681/798 kB | 0.7/1.2 MB | 2.0/2.4 MBProgress (3): 681/798 kB | 0.7/1.2 MB | 2.0/2.4 MBProgress (3): 681/798 kB | 0.7/1.2 MB | 2.0/2.4 MBProgress (3): 681/798 kB | 0.7/1.2 MB | 2.1/2.4 MBProgress (3): 681/798 kB | 0.7/1.2 MB | 2.1/2.4 MBProgress (3): 681/798 kB | 0.7/1.2 MB | 2.1/2.4 MBProgress (3): 681/798 kB | 0.7/1.2 MB | 2.1/2.4 MBProgress (3): 685/798 kB | 0.7/1.2 MB | 2.1/2.4 MBProgress (3): 689/798 kB | 0.7/1.2 MB | 2.1/2.4 MBProgress (3): 694/798 kB | 0.7/1.2 MB | 2.1/2.4 MBProgress (3): 698/798 kB | 0.7/1.2 MB | 2.1/2.4 MBProgress (3): 702/798 kB | 0.7/1.2 MB | 2.1/2.4 MBProgress (3): 706/798 kB | 0.7/1.2 MB | 2.1/2.4 MBProgress (3): 710/798 kB | 0.7/1.2 MB | 2.1/2.4 MBProgress (3): 714/798 kB | 0.7/1.2 MB | 2.1/2.4 MBProgress (3): 718/798 kB | 0.7/1.2 MB | 2.1/2.4 MBProgress (3): 722/798 kB | 0.7/1.2 MB | 2.1/2.4 MBProgress (3): 726/798 kB | 0.7/1.2 MB | 2.1/2.4 MBProgress (3): 730/798 kB | 0.7/1.2 MB | 2.1/2.4 MBProgress (3): 735/798 kB | 0.7/1.2 MB | 2.1/2.4 MBProgress (3): 739/798 kB | 0.7/1.2 MB | 2.1/2.4 MBProgress (3): 743/798 kB | 0.7/1.2 MB | 2.1/2.4 MBProgress (3): 747/798 kB | 0.7/1.2 MB | 2.1/2.4 MBProgress (3): 747/798 kB | 0.7/1.2 MB | 2.1/2.4 MBProgress (3): 747/798 kB | 0.7/1.2 MB | 2.1/2.4 MBProgress (3): 747/798 kB | 0.7/1.2 MB | 2.1/2.4 MBProgress (3): 747/798 kB | 0.7/1.2 MB | 2.1/2.4 MBProgress (3): 747/798 kB | 0.7/1.2 MB | 2.1/2.4 MBProgress (3): 747/798 kB | 0.7/1.2 MB | 2.1/2.4 MBProgress (3): 747/798 kB | 0.7/1.2 MB | 2.1/2.4 MBProgress (3): 747/798 kB | 0.7/1.2 MB | 2.1/2.4 MBProgress (3): 747/798 kB | 0.7/1.2 MB | 2.1/2.4 MBProgress (3): 747/798 kB | 0.7/1.2 MB | 2.1/2.4 MBProgress (3): 747/798 kB | 0.7/1.2 MB | 2.2/2.4 MBProgress (3): 747/798 kB | 0.7/1.2 MB | 2.2/2.4 MBProgress (3): 747/798 kB | 0.7/1.2 MB | 2.2/2.4 MBProgress (3): 747/798 kB | 0.7/1.2 MB | 2.2/2.4 MBProgress (3): 747/798 kB | 0.7/1.2 MB | 2.2/2.4 MBProgress (3): 747/798 kB | 0.7/1.2 MB | 2.2/2.4 MBProgress (3): 751/798 kB | 0.7/1.2 MB | 2.2/2.4 MBProgress (3): 755/798 kB | 0.7/1.2 MB | 2.2/2.4 MBProgress (3): 759/798 kB | 0.7/1.2 MB | 2.2/2.4 MBProgress (3): 763/798 kB | 0.7/1.2 MB | 2.2/2.4 MBProgress (3): 767/798 kB | 0.7/1.2 MB | 2.2/2.4 MBProgress (3): 771/798 kB | 0.7/1.2 MB | 2.2/2.4 MBProgress (3): 775/798 kB | 0.7/1.2 MB | 2.2/2.4 MBProgress (3): 780/798 kB | 0.7/1.2 MB | 2.2/2.4 MBProgress (3): 784/798 kB | 0.7/1.2 MB | 2.2/2.4 MBProgress (3): 788/798 kB | 0.7/1.2 MB | 2.2/2.4 MBProgress (3): 792/798 kB | 0.7/1.2 MB | 2.2/2.4 MBProgress (3): 796/798 kB | 0.7/1.2 MB | 2.2/2.4 MBProgress (3): 798 kB | 0.7/1.2 MB | 2.2/2.4 MB    Progress (3): 798 kB | 0.7/1.2 MB | 2.3/2.4 MBProgress (3): 798 kB | 0.8/1.2 MB | 2.3/2.4 MBProgress (3): 798 kB | 0.8/1.2 MB | 2.3/2.4 MBProgress (3): 798 kB | 0.8/1.2 MB | 2.3/2.4 MBProgress (3): 798 kB | 0.8/1.2 MB | 2.3/2.4 MBProgress (3): 798 kB | 0.8/1.2 MB | 2.3/2.4 MBProgress (3): 798 kB | 0.8/1.2 MB | 2.3/2.4 MBProgress (3): 798 kB | 0.8/1.2 MB | 2.3/2.4 MBProgress (3): 798 kB | 0.8/1.2 MB | 2.3/2.4 MBProgress (3): 798 kB | 0.8/1.2 MB | 2.3/2.4 MBProgress (3): 798 kB | 0.8/1.2 MB | 2.3/2.4 MBProgress (3): 798 kB | 0.8/1.2 MB | 2.3/2.4 MBProgress (3): 798 kB | 0.8/1.2 MB | 2.3/2.4 MBProgress (3): 798 kB | 0.8/1.2 MB | 2.3/2.4 MBProgress (3): 798 kB | 0.8/1.2 MB | 2.3/2.4 MBProgress (3): 798 kB | 0.8/1.2 MB | 2.4 MB                                              Downloaded from apache.snapshots: http://repository.apache.org/snapshots/org/apache/jackrabbit/jackrabbit-spi-commons/2.9-SNAPSHOT/jackrabbit-spi-commons-2.9-20150323.101644-50.jar (798 kB at 185 kB/s)
Downloaded from apache.snapshots: http://repository.apache.org/snapshots/org/apache/jackrabbit/jackrabbit-core/2.9-SNAPSHOT/jackrabbit-core-2.9-20150323.101644-50.jar (2.4 MB at 526 kB/s)
Progress (1): 0.8/1.2 MBProgress (1): 0.8/1.2 MBProgress (1): 0.8/1.2 MBProgress (1): 0.8/1.2 MBProgress (1): 0.9/1.2 MBProgress (1): 0.9/1.2 MBProgress (1): 0.9/1.2 MBProgress (1): 0.9/1.2 MBProgress (1): 0.9/1.2 MBProgress (1): 0.9/1.2 MBProgress (1): 0.9/1.2 MBProgress (1): 0.9/1.2 MBProgress (1): 0.9/1.2 MBProgress (1): 0.9/1.2 MBProgress (1): 0.9/1.2 MBProgress (1): 0.9/1.2 MBProgress (1): 1.0/1.2 MBProgress (1): 1.0/1.2 MBProgress (1): 1.0/1.2 MBProgress (1): 1.0/1.2 MBProgress (1): 1.0/1.2 MBProgress (1): 1.0/1.2 MBProgress (1): 1.0/1.2 MBProgress (1): 1.0/1.2 MBProgress (1): 1.0/1.2 MBProgress (1): 1.0/1.2 MBProgress (1): 1.0/1.2 MBProgress (1): 1.0/1.2 MBProgress (1): 1.1/1.2 MBProgress (1): 1.1/1.2 MBProgress (1): 1.1/1.2 MBProgress (1): 1.1/1.2 MBProgress (1): 1.1/1.2 MBProgress (1): 1.1/1.2 MBProgress (1): 1.1/1.2 MBProgress (1): 1.1/1.2 MBProgress (1): 1.1/1.2 MBProgress (1): 1.1/1.2 MBProgress (1): 1.1/1.2 MBProgress (1): 1.1/1.2 MBProgress (1): 1.1/1.2 MBProgress (1): 1.2/1.2 MBProgress (1): 1.2/1.2 MBProgress (1): 1.2/1.2 MBProgress (1): 1.2/1.2 MBProgress (1): 1.2/1.2 MBProgress (1): 1.2 MB                        Downloaded from apache.snapshots: http://repository.apache.org/snapshots/org/apache/jackrabbit/jackrabbit-core/2.9-SNAPSHOT/jackrabbit-core-2.9-20150323.101644-50-tests.jar (1.2 MB at 213 kB/s)
[[1;34mINFO[m] 
[[1;34mINFO[m] [1m--- [0;32mjacoco-maven-plugin:0.7.1.201405082137:prepare-agent[m [1m(pre-unit-test)[m @ [36moak-jcr[0;1m ---[m
[[1;34mINFO[m] Skipping JaCoCo execution because property jacoco.skip is set.
[[1;34mINFO[m] test.opts.coverage set to empty
[[1;34mINFO[m] 
[[1;34mINFO[m] [1m--- [0;32mmaven-remote-resources-plugin:1.4:process[m [1m(default)[m @ [36moak-jcr[0;1m ---[m
[[1;34mINFO[m] 
[[1;34mINFO[m] [1m--- [0;32mmaven-resources-plugin:2.6:resources[m [1m(default-resources)[m @ [36moak-jcr[0;1m ---[m
[[1;34mINFO[m] Using 'UTF-8' encoding to copy filtered resources.
[[1;34mINFO[m] Copying 1 resource
[[1;34mINFO[m] Copying 3 resources
[[1;34mINFO[m] 
[[1;34mINFO[m] [1m--- [0;32mmaven-compiler-plugin:2.5.1:compile[m [1m(default-compile)[m @ [36moak-jcr[0;1m ---[m
[[1;34mINFO[m] Compiling 102 source files to /home/user/Workspace/reproducibility/Reproducibility-Scanner/benchmarks/bugs-dot-jar/jackrabbit-oak/oak-jcr/target/classes
[[1;34mINFO[m] -------------------------------------------------------------
[[1;31mERROR[m] COMPILATION ERROR : 
[[1;34mINFO[m] -------------------------------------------------------------
[[1;31mERROR[m] /home/user/Workspace/reproducibility/Reproducibility-Scanner/benchmarks/bugs-dot-jar/jackrabbit-oak/oak-jcr/src/main/java/org/apache/jackrabbit/oak/jcr/session/SessionContext.java:[308,4] error: method does not override or implement a method from a supertype
[[1;31mERROR[m] /home/user/Workspace/reproducibility/Reproducibility-Scanner/benchmarks/bugs-dot-jar/jackrabbit-oak/oak-jcr/src/main/java/org/apache/jackrabbit/oak/jcr/session/SessionContext.java:[311,29] error: cannot find symbol
[[1;34mINFO[m] 2 errors 
[[1;34mINFO[m] -------------------------------------------------------------
[[1;34mINFO[m] 
[[1;34mINFO[m] [1m-----------------< [0;36morg.apache.jackrabbit:oak-upgrade[0;1m >------------------[m
[[1;34mINFO[m] [1mBuilding Oak upgrade 1.1-SNAPSHOT                                 [9/23][m
[[1;34mINFO[m] [1m--------------------------------[ jar ]---------------------------------[m
[[1;34mINFO[m] 
[[1;34mINFO[m] [1m--- [0;32mjacoco-maven-plugin:0.7.1.201405082137:prepare-agent[m [1m(pre-unit-test)[m @ [36moak-upgrade[0;1m ---[m
[[1;34mINFO[m] Skipping JaCoCo execution because property jacoco.skip is set.
[[1;34mINFO[m] test.opts.coverage set to empty
[[1;34mINFO[m] 
[[1;34mINFO[m] [1m--- [0;32mmaven-remote-resources-plugin:1.4:process[m [1m(default)[m @ [36moak-upgrade[0;1m ---[m
[[1;34mINFO[m] 
[[1;34mINFO[m] [1m--- [0;32mmaven-resources-plugin:2.6:resources[m [1m(default-resources)[m @ [36moak-upgrade[0;1m ---[m
[[1;34mINFO[m] Using 'UTF-8' encoding to copy filtered resources.
[[1;34mINFO[m] skip non existing resourceDirectory /home/user/Workspace/reproducibility/Reproducibility-Scanner/benchmarks/bugs-dot-jar/jackrabbit-oak/oak-upgrade/src/main/resources
[[1;34mINFO[m] Copying 3 resources
[[1;34mINFO[m] 
[[1;34mINFO[m] [1m--- [0;32mmaven-compiler-plugin:2.5.1:compile[m [1m(default-compile)[m @ [36moak-upgrade[0;1m ---[m
[[1;34mINFO[m] Compiling 11 source files to /home/user/Workspace/reproducibility/Reproducibility-Scanner/benchmarks/bugs-dot-jar/jackrabbit-oak/oak-upgrade/target/classes
[[1;34mINFO[m] 
[[1;34mINFO[m] [1m--- [0;32mmaven-resources-plugin:2.6:testResources[m [1m(default-testResources)[m @ [36moak-upgrade[0;1m ---[m
[[1;34mINFO[m] Using 'UTF-8' encoding to copy filtered resources.
[[1;34mINFO[m] Copying 3 resources
[[1;34mINFO[m] Copying 3 resources
[[1;34mINFO[m] 
[[1;34mINFO[m] [1m--- [0;32mmaven-compiler-plugin:2.5.1:testCompile[m [1m(default-testCompile)[m @ [36moak-upgrade[0;1m ---[m
[[1;34mINFO[m] Compiling 5 source files to /home/user/Workspace/reproducibility/Reproducibility-Scanner/benchmarks/bugs-dot-jar/jackrabbit-oak/oak-upgrade/target/test-classes
[[1;34mINFO[m] 
[[1;34mINFO[m] [1m--- [0;32mmaven-surefire-plugin:2.12.4:test[m [1m(default-test)[m @ [36moak-upgrade[0;1m ---[m
[[1;34mINFO[m] Tests are skipped.
[[1;34mINFO[m] 
[[1;34mINFO[m] [1m--- [0;32mjacoco-maven-plugin:0.7.1.201405082137:report[m [1m(post-unit-test)[m @ [36moak-upgrade[0;1m ---[m
[[1;34mINFO[m] Skipping JaCoCo execution because property jacoco.skip is set.
[[1;34mINFO[m] 
[[1;34mINFO[m] [1m--- [0;32mmaven-jar-plugin:2.4:jar[m [1m(default-jar)[m @ [36moak-upgrade[0;1m ---[m
[[1;34mINFO[m] Building jar: /home/user/Workspace/reproducibility/Reproducibility-Scanner/benchmarks/bugs-dot-jar/jackrabbit-oak/oak-upgrade/target/oak-upgrade-1.1-SNAPSHOT.jar
[[1;34mINFO[m] 
[[1;34mINFO[m] [1m--- [0;32mmaven-site-plugin:3.3:attach-descriptor[m [1m(attach-descriptor)[m @ [36moak-upgrade[0;1m ---[m
[[1;34mINFO[m] 
[[1;34mINFO[m] [1m--- [0;32mmaven-install-plugin:2.3.1:install[m [1m(default-install)[m @ [36moak-upgrade[0;1m ---[m
[[1;34mINFO[m] Installing /home/user/Workspace/reproducibility/Reproducibility-Scanner/benchmarks/bugs-dot-jar/jackrabbit-oak/oak-upgrade/target/oak-upgrade-1.1-SNAPSHOT.jar to /home/user/.m2/repository/org/apache/jackrabbit/oak-upgrade/1.1-SNAPSHOT/oak-upgrade-1.1-SNAPSHOT.jar
[[1;34mINFO[m] Installing /home/user/Workspace/reproducibility/Reproducibility-Scanner/benchmarks/bugs-dot-jar/jackrabbit-oak/oak-upgrade/pom.xml to /home/user/.m2/repository/org/apache/jackrabbit/oak-upgrade/1.1-SNAPSHOT/oak-upgrade-1.1-SNAPSHOT.pom
[[1;34mINFO[m] 
[[1;34mINFO[m] [1m-------------------< [0;36morg.apache.jackrabbit:oak-http[0;1m >-------------------[m
[[1;34mINFO[m] [1mBuilding Oak HTTP Binding 1.1-SNAPSHOT                           [10/23][m
[[1;34mINFO[m] [1m-------------------------------[ bundle ]-------------------------------[m
[[1;34mINFO[m] 
[[1;34mINFO[m] [1m--- [0;32mjacoco-maven-plugin:0.7.1.201405082137:prepare-agent[m [1m(pre-unit-test)[m @ [36moak-http[0;1m ---[m
[[1;34mINFO[m] Skipping JaCoCo execution because property jacoco.skip is set.
[[1;34mINFO[m] test.opts.coverage set to empty
[[1;34mINFO[m] 
[[1;34mINFO[m] [1m--- [0;32mmaven-remote-resources-plugin:1.4:process[m [1m(default)[m @ [36moak-http[0;1m ---[m
[[1;34mINFO[m] 
[[1;34mINFO[m] [1m--- [0;32mmaven-resources-plugin:2.6:resources[m [1m(default-resources)[m @ [36moak-http[0;1m ---[m
[[1;34mINFO[m] Using 'UTF-8' encoding to copy filtered resources.
[[1;34mINFO[m] skip non existing resourceDirectory /home/user/Workspace/reproducibility/Reproducibility-Scanner/benchmarks/bugs-dot-jar/jackrabbit-oak/oak-http/src/main/resources
[[1;34mINFO[m] Copying 3 resources
[[1;34mINFO[m] 
[[1;34mINFO[m] [1m--- [0;32mmaven-compiler-plugin:2.5.1:compile[m [1m(default-compile)[m @ [36moak-http[0;1m ---[m
[[1;34mINFO[m] Compiling 9 source files to /home/user/Workspace/reproducibility/Reproducibility-Scanner/benchmarks/bugs-dot-jar/jackrabbit-oak/oak-http/target/classes
[[1;34mINFO[m] 
[[1;34mINFO[m] [1m--- [0;32mmaven-resources-plugin:2.6:testResources[m [1m(default-testResources)[m @ [36moak-http[0;1m ---[m
[[1;34mINFO[m] Using 'UTF-8' encoding to copy filtered resources.
[[1;34mINFO[m] skip non existing resourceDirectory /home/user/Workspace/reproducibility/Reproducibility-Scanner/benchmarks/bugs-dot-jar/jackrabbit-oak/oak-http/src/test/resources
[[1;34mINFO[m] Copying 3 resources
[[1;34mINFO[m] 
[[1;34mINFO[m] [1m--- [0;32mmaven-compiler-plugin:2.5.1:testCompile[m [1m(default-testCompile)[m @ [36moak-http[0;1m ---[m
[[1;34mINFO[m] Compiling 1 source file to /home/user/Workspace/reproducibility/Reproducibility-Scanner/benchmarks/bugs-dot-jar/jackrabbit-oak/oak-http/target/test-classes
[[1;34mINFO[m] 
[[1;34mINFO[m] [1m--- [0;32mmaven-surefire-plugin:2.12.4:test[m [1m(default-test)[m @ [36moak-http[0;1m ---[m
[[1;34mINFO[m] Tests are skipped.
[[1;34mINFO[m] 
[[1;34mINFO[m] [1m--- [0;32mjacoco-maven-plugin:0.7.1.201405082137:report[m [1m(post-unit-test)[m @ [36moak-http[0;1m ---[m
[[1;34mINFO[m] Skipping JaCoCo execution because property jacoco.skip is set.
[[1;34mINFO[m] 
[[1;34mINFO[m] [1m--- [0;32mmaven-bundle-plugin:2.5.0:bundle[m [1m(default-bundle)[m @ [36moak-http[0;1m ---[m
[[1;34mINFO[m] 
[[1;34mINFO[m] [1m--- [0;32mmaven-site-plugin:3.3:attach-descriptor[m [1m(attach-descriptor)[m @ [36moak-http[0;1m ---[m
[[1;34mINFO[m] 
[[1;34mINFO[m] [1m--- [0;32mmaven-bundle-plugin:2.5.0:baseline[m [1m(baseline)[m @ [36moak-http[0;1m ---[m
[[1;34mINFO[m] Baseline analisys complete, 0 error(s), 0 warning(s)
[[1;34mINFO[m] 
[[1;34mINFO[m] [1m--- [0;32mmaven-install-plugin:2.3.1:install[m [1m(default-install)[m @ [36moak-http[0;1m ---[m
[[1;34mINFO[m] Installing /home/user/Workspace/reproducibility/Reproducibility-Scanner/benchmarks/bugs-dot-jar/jackrabbit-oak/oak-http/target/oak-http-1.1-SNAPSHOT.jar to /home/user/.m2/repository/org/apache/jackrabbit/oak-http/1.1-SNAPSHOT/oak-http-1.1-SNAPSHOT.jar
[[1;34mINFO[m] Installing /home/user/Workspace/reproducibility/Reproducibility-Scanner/benchmarks/bugs-dot-jar/jackrabbit-oak/oak-http/pom.xml to /home/user/.m2/repository/org/apache/jackrabbit/oak-http/1.1-SNAPSHOT/oak-http-1.1-SNAPSHOT.pom
[[1;34mINFO[m] 
[[1;34mINFO[m] [1m--- [0;32mmaven-bundle-plugin:2.5.0:install[m [1m(default-install)[m @ [36moak-http[0;1m ---[m
[[1;34mINFO[m] Local OBR update disabled (enable with -DobrRepository)
[[1;34mINFO[m] 
[[1;34mINFO[m] [1m------------------< [0;36morg.apache.jackrabbit:oak-lucene[0;1m >------------------[m
[[1;34mINFO[m] [1mBuilding Oak Lucene 1.1-SNAPSHOT                                 [11/23][m
[[1;34mINFO[m] [1m-------------------------------[ bundle ]-------------------------------[m
[[1;34mINFO[m] 
[[1;34mINFO[m] [1m--- [0;32mjacoco-maven-plugin:0.7.1.201405082137:prepare-agent[m [1m(pre-unit-test)[m @ [36moak-lucene[0;1m ---[m
[[1;34mINFO[m] Skipping JaCoCo execution because property jacoco.skip is set.
[[1;34mINFO[m] test.opts.coverage set to empty
[[1;34mINFO[m] 
[[1;34mINFO[m] [1m--- [0;32mmaven-remote-resources-plugin:1.4:process[m [1m(default)[m @ [36moak-lucene[0;1m ---[m
[[1;34mINFO[m] 
[[1;34mINFO[m] [1m--- [0;32mmaven-resources-plugin:2.6:resources[m [1m(default-resources)[m @ [36moak-lucene[0;1m ---[m
[[1;34mINFO[m] Using 'UTF-8' encoding to copy filtered resources.
[[1;34mINFO[m] Copying 1 resource
[[1;34mINFO[m] Copying 3 resources
[[1;34mINFO[m] 
[[1;34mINFO[m] [1m--- [0;32mmaven-compiler-plugin:2.5.1:compile[m [1m(default-compile)[m @ [36moak-lucene[0;1m ---[m
[[1;34mINFO[m] Compiling 25 source files to /home/user/Workspace/reproducibility/Reproducibility-Scanner/benchmarks/bugs-dot-jar/jackrabbit-oak/oak-lucene/target/classes
[[1;34mINFO[m] 
[[1;34mINFO[m] [1m--- [0;32mmaven-scr-plugin:1.16.0:scr[m [1m(generate-scr-scrdescriptor)[m @ [36moak-lucene[0;1m ---[m
[[1;34mINFO[m] Writing 1 Service Component Descriptors to /home/user/Workspace/reproducibility/Reproducibility-Scanner/benchmarks/bugs-dot-jar/jackrabbit-oak/oak-lucene/target/classes/OSGI-INF/org.apache.jackrabbit.oak.plugins.index.lucene.LuceneIndexEditorProvider.xml
[[1;34mINFO[m] Writing 1 Service Component Descriptors to /home/user/Workspace/reproducibility/Reproducibility-Scanner/benchmarks/bugs-dot-jar/jackrabbit-oak/oak-lucene/target/classes/OSGI-INF/org.apache.jackrabbit.oak.plugins.index.lucene.LuceneIndexProviderService.xml
[[1;34mINFO[m] 
[[1;34mINFO[m] [1m--- [0;32mmaven-resources-plugin:2.6:testResources[m [1m(default-testResources)[m @ [36moak-lucene[0;1m ---[m
[[1;34mINFO[m] Using 'UTF-8' encoding to copy filtered resources.
[[1;34mINFO[m] Copying 4 resources
[[1;34mINFO[m] Copying 3 resources
[[1;34mINFO[m] 
[[1;34mINFO[m] [1m--- [0;32mmaven-compiler-plugin:2.5.1:testCompile[m [1m(default-testCompile)[m @ [36moak-lucene[0;1m ---[m
[[1;34mINFO[m] Compiling 10 source files to /home/user/Workspace/reproducibility/Reproducibility-Scanner/benchmarks/bugs-dot-jar/jackrabbit-oak/oak-lucene/target/test-classes
[[1;34mINFO[m] 
[[1;34mINFO[m] [1m--- [0;32mmaven-surefire-plugin:2.12.4:test[m [1m(default-test)[m @ [36moak-lucene[0;1m ---[m
[[1;34mINFO[m] Tests are skipped.
[[1;34mINFO[m] 
[[1;34mINFO[m] [1m--- [0;32mjacoco-maven-plugin:0.7.1.201405082137:report[m [1m(post-unit-test)[m @ [36moak-lucene[0;1m ---[m
[[1;34mINFO[m] Skipping JaCoCo execution because property jacoco.skip is set.
[[1;34mINFO[m] 
[[1;34mINFO[m] [1m--- [0;32mmaven-bundle-plugin:2.5.0:bundle[m [1m(default-bundle)[m @ [36moak-lucene[0;1m ---[m
[[1;33mWARNING[m] Bundle org.apache.jackrabbit:oak-lucene:bundle:1.1-SNAPSHOT : Export org.apache.jackrabbit.oak.plugins.index.lucene,  has 5,  private references [org.apache.lucene.analysis, org.apache.lucene.index, org.apache.lucene.codecs, org.apache.lucene.document, org.apache.lucene.util], 
[[1;33mWARNING[m] Bundle org.apache.jackrabbit:oak-lucene:bundle:1.1-SNAPSHOT : Export org.apache.jackrabbit.oak.plugins.index.lucene.util,  has 6,  private references [org.apache.lucene.analysis, org.apache.lucene.index, org.apache.lucene.analysis.tokenattributes, org.apache.lucene.util, org.apache.lucene.search, org.apache.lucene.analysis.util], 
[[1;34mINFO[m] 
[[1;34mINFO[m] [1m--- [0;32mmaven-site-plugin:3.3:attach-descriptor[m [1m(attach-descriptor)[m @ [36moak-lucene[0;1m ---[m
[[1;34mINFO[m] 
[[1;34mINFO[m] [1m--- [0;32mmaven-bundle-plugin:2.5.0:baseline[m [1m(baseline)[m @ [36moak-lucene[0;1m ---[m
[[1;31mERROR[m] org.apache.jackrabbit.oak.plugins.index.lucene: Version increase required; detected 1.0.0, suggested 2.0.0
[[1;31mERROR[m] org.apache.jackrabbit.oak.plugins.index.lucene.util: Version increase required; detected 1.0.0, suggested 2.0.0
[[1;34mINFO[m] Baseline analisys complete, 2 error(s), 0 warning(s)
[[1;34mINFO[m] 
[[1;34mINFO[m] [1m--- [0;32mmaven-install-plugin:2.3.1:install[m [1m(default-install)[m @ [36moak-lucene[0;1m ---[m
[[1;34mINFO[m] Installing /home/user/Workspace/reproducibility/Reproducibility-Scanner/benchmarks/bugs-dot-jar/jackrabbit-oak/oak-lucene/target/oak-lucene-1.1-SNAPSHOT.jar to /home/user/.m2/repository/org/apache/jackrabbit/oak-lucene/1.1-SNAPSHOT/oak-lucene-1.1-SNAPSHOT.jar
[[1;34mINFO[m] Installing /home/user/Workspace/reproducibility/Reproducibility-Scanner/benchmarks/bugs-dot-jar/jackrabbit-oak/oak-lucene/pom.xml to /home/user/.m2/repository/org/apache/jackrabbit/oak-lucene/1.1-SNAPSHOT/oak-lucene-1.1-SNAPSHOT.pom
[[1;34mINFO[m] 
[[1;34mINFO[m] [1m--- [0;32mmaven-bundle-plugin:2.5.0:install[m [1m(default-install)[m @ [36moak-lucene[0;1m ---[m
[[1;34mINFO[m] Local OBR update disabled (enable with -DobrRepository)
[[1;34mINFO[m] 
[[1;34mINFO[m] [1m----------------< [0;36morg.apache.jackrabbit:oak-solr-core[0;1m >-----------------[m
[[1;34mINFO[m] [1mBuilding Oak Solr core 1.1-SNAPSHOT                              [12/23][m
[[1;34mINFO[m] [1m-------------------------------[ bundle ]-------------------------------[m
[[1;34mINFO[m] 
[[1;34mINFO[m] [1m--- [0;32mjacoco-maven-plugin:0.7.1.201405082137:prepare-agent[m [1m(pre-unit-test)[m @ [36moak-solr-core[0;1m ---[m
[[1;34mINFO[m] Skipping JaCoCo execution because property jacoco.skip is set.
[[1;34mINFO[m] test.opts.coverage set to empty
[[1;34mINFO[m] 
[[1;34mINFO[m] [1m--- [0;32mmaven-remote-resources-plugin:1.4:process[m [1m(default)[m @ [36moak-solr-core[0;1m ---[m
[[1;34mINFO[m] 
[[1;34mINFO[m] [1m--- [0;32mmaven-resources-plugin:2.6:resources[m [1m(default-resources)[m @ [36moak-solr-core[0;1m ---[m
[[1;34mINFO[m] Using 'UTF-8' encoding to copy filtered resources.
[[1;34mINFO[m] Copying 6 resources
[[1;34mINFO[m] Copying 3 resources
[[1;34mINFO[m] 
[[1;34mINFO[m] [1m--- [0;32mmaven-compiler-plugin:2.5.1:compile[m [1m(default-compile)[m @ [36moak-solr-core[0;1m ---[m
[[1;34mINFO[m] Compiling 33 source files to /home/user/Workspace/reproducibility/Reproducibility-Scanner/benchmarks/bugs-dot-jar/jackrabbit-oak/oak-solr-core/target/classes
[[1;34mINFO[m] 
[[1;34mINFO[m] [1m--- [0;32mmaven-scr-plugin:1.16.0:scr[m [1m(generate-scr-scrdescriptor)[m @ [36moak-solr-core[0;1m ---[m
[[1;34mINFO[m] Generating 1 MetaType Descriptors in /home/user/Workspace/reproducibility/Reproducibility-Scanner/benchmarks/bugs-dot-jar/jackrabbit-oak/oak-solr-core/target/classes/OSGI-INF/metatype/org.apache.jackrabbit.oak.plugins.index.solr.osgi.EmbeddedSolrServerConfigurationProvider.xml
[[1;34mINFO[m] Generating 1 MetaType Descriptors in /home/user/Workspace/reproducibility/Reproducibility-Scanner/benchmarks/bugs-dot-jar/jackrabbit-oak/oak-solr-core/target/classes/OSGI-INF/metatype/org.apache.jackrabbit.oak.plugins.index.solr.osgi.RemoteSolrServerConfigurationProvider.xml
[[1;34mINFO[m] Generating 1 MetaType Descriptors in /home/user/Workspace/reproducibility/Reproducibility-Scanner/benchmarks/bugs-dot-jar/jackrabbit-oak/oak-solr-core/target/classes/OSGI-INF/metatype/org.apache.jackrabbit.oak.plugins.index.solr.osgi.OakSolrConfigurationProviderService.xml
[[1;34mINFO[m] Generating 1 MetaType Descriptors in /home/user/Workspace/reproducibility/Reproducibility-Scanner/benchmarks/bugs-dot-jar/jackrabbit-oak/oak-solr-core/target/classes/OSGI-INF/metatype/org.apache.jackrabbit.oak.plugins.index.solr.osgi.SolrServerProviderService.xml
[[1;34mINFO[m] Writing 1 Service Component Descriptors to /home/user/Workspace/reproducibility/Reproducibility-Scanner/benchmarks/bugs-dot-jar/jackrabbit-oak/oak-solr-core/target/classes/OSGI-INF/org.apache.jackrabbit.oak.plugins.index.solr.osgi.EmbeddedSolrServerConfigurationProvider.xml
[[1;34mINFO[m] Writing 1 Service Component Descriptors to /home/user/Workspace/reproducibility/Reproducibility-Scanner/benchmarks/bugs-dot-jar/jackrabbit-oak/oak-solr-core/target/classes/OSGI-INF/org.apache.jackrabbit.oak.plugins.index.solr.osgi.RemoteSolrServerConfigurationProvider.xml
[[1;34mINFO[m] Writing 1 Service Component Descriptors to /home/user/Workspace/reproducibility/Reproducibility-Scanner/benchmarks/bugs-dot-jar/jackrabbit-oak/oak-solr-core/target/classes/OSGI-INF/org.apache.jackrabbit.oak.plugins.index.solr.osgi.OakSolrConfigurationProviderService.xml
[[1;34mINFO[m] Writing 1 Service Component Descriptors to /home/user/Workspace/reproducibility/Reproducibility-Scanner/benchmarks/bugs-dot-jar/jackrabbit-oak/oak-solr-core/target/classes/OSGI-INF/org.apache.jackrabbit.oak.plugins.index.solr.osgi.SolrQueryIndexProviderService.xml
[[1;34mINFO[m] Writing 1 Service Component Descriptors to /home/user/Workspace/reproducibility/Reproducibility-Scanner/benchmarks/bugs-dot-jar/jackrabbit-oak/oak-solr-core/target/classes/OSGI-INF/org.apache.jackrabbit.oak.plugins.index.solr.osgi.SolrIndexEditorProviderService.xml
[[1;34mINFO[m] Writing 1 Service Component Descriptors to /home/user/Workspace/reproducibility/Reproducibility-Scanner/benchmarks/bugs-dot-jar/jackrabbit-oak/oak-solr-core/target/classes/OSGI-INF/org.apache.jackrabbit.oak.plugins.index.solr.osgi.SolrServerProviderService.xml
[[1;34mINFO[m] 
[[1;34mINFO[m] [1m--- [0;32mmaven-resources-plugin:2.6:testResources[m [1m(default-testResources)[m @ [36moak-solr-core[0;1m ---[m
[[1;34mINFO[m] Using 'UTF-8' encoding to copy filtered resources.
[[1;34mINFO[m] Copying 11 resources
[[1;34mINFO[m] Copying 3 resources
[[1;34mINFO[m] 
[[1;34mINFO[m] [1m--- [0;32mmaven-compiler-plugin:2.5.1:testCompile[m [1m(default-testCompile)[m @ [36moak-solr-core[0;1m ---[m
[[1;34mINFO[m] Compiling 17 source files to /home/user/Workspace/reproducibility/Reproducibility-Scanner/benchmarks/bugs-dot-jar/jackrabbit-oak/oak-solr-core/target/test-classes
[[1;34mINFO[m] 
[[1;34mINFO[m] [1m--- [0;32mmaven-surefire-plugin:2.12.4:test[m [1m(default-test)[m @ [36moak-solr-core[0;1m ---[m
[[1;34mINFO[m] Tests are skipped.
[[1;34mINFO[m] 
[[1;34mINFO[m] [1m--- [0;32mjacoco-maven-plugin:0.7.1.201405082137:report[m [1m(post-unit-test)[m @ [36moak-solr-core[0;1m ---[m
[[1;34mINFO[m] Skipping JaCoCo execution because property jacoco.skip is set.
[[1;34mINFO[m] 
[[1;34mINFO[m] [1m--- [0;32mmaven-bundle-plugin:2.5.0:bundle[m [1m(default-bundle)[m @ [36moak-solr-core[0;1m ---[m
[[1;34mINFO[m] 
[[1;34mINFO[m] [1m--- [0;32mmaven-site-plugin:3.3:attach-descriptor[m [1m(attach-descriptor)[m @ [36moak-solr-core[0;1m ---[m
[[1;34mINFO[m] 
[[1;34mINFO[m] [1m--- [0;32mmaven-failsafe-plugin:2.12.4:integration-test[m [1m(default)[m @ [36moak-solr-core[0;1m ---[m
[[1;34mINFO[m] Tests are skipped.
[[1;34mINFO[m] 
[[1;34mINFO[m] [1m--- [0;32mmaven-bundle-plugin:2.5.0:baseline[m [1m(baseline)[m @ [36moak-solr-core[0;1m ---[m
[[1;34mINFO[m] Baseline analisys complete, 0 error(s), 0 warning(s)
[[1;34mINFO[m] 
[[1;34mINFO[m] [1m--- [0;32mmaven-failsafe-plugin:2.12.4:verify[m [1m(default)[m @ [36moak-solr-core[0;1m ---[m
[[1;34mINFO[m] Tests are skipped.
[[1;34mINFO[m] 
[[1;34mINFO[m] [1m--- [0;32mmaven-install-plugin:2.3.1:install[m [1m(default-install)[m @ [36moak-solr-core[0;1m ---[m
[[1;34mINFO[m] Installing /home/user/Workspace/reproducibility/Reproducibility-Scanner/benchmarks/bugs-dot-jar/jackrabbit-oak/oak-solr-core/target/oak-solr-core-1.1-SNAPSHOT.jar to /home/user/.m2/repository/org/apache/jackrabbit/oak-solr-core/1.1-SNAPSHOT/oak-solr-core-1.1-SNAPSHOT.jar
[[1;34mINFO[m] Installing /home/user/Workspace/reproducibility/Reproducibility-Scanner/benchmarks/bugs-dot-jar/jackrabbit-oak/oak-solr-core/pom.xml to /home/user/.m2/repository/org/apache/jackrabbit/oak-solr-core/1.1-SNAPSHOT/oak-solr-core-1.1-SNAPSHOT.pom
[[1;34mINFO[m] 
[[1;34mINFO[m] [1m--- [0;32mmaven-bundle-plugin:2.5.0:install[m [1m(default-install)[m @ [36moak-solr-core[0;1m ---[m
[[1;34mINFO[m] Local OBR update disabled (enable with -DobrRepository)
[[1;34mINFO[m] 
[[1;34mINFO[m] [1m----------------< [0;36morg.apache.jackrabbit:oak-solr-osgi[0;1m >-----------------[m
[[1;34mINFO[m] [1mBuilding Oak Solr OSGi 1.1-SNAPSHOT                              [13/23][m
[[1;34mINFO[m] [1m-------------------------------[ bundle ]-------------------------------[m
[[1;34mINFO[m] 
[[1;34mINFO[m] [1m--- [0;32mjacoco-maven-plugin:0.7.1.201405082137:prepare-agent[m [1m(pre-unit-test)[m @ [36moak-solr-osgi[0;1m ---[m
[[1;34mINFO[m] Skipping JaCoCo execution because property jacoco.skip is set.
[[1;34mINFO[m] test.opts.coverage set to empty
[[1;34mINFO[m] 
[[1;34mINFO[m] [1m--- [0;32mmaven-remote-resources-plugin:1.4:process[m [1m(default)[m @ [36moak-solr-osgi[0;1m ---[m
[[1;34mINFO[m] 
[[1;34mINFO[m] [1m--- [0;32mmaven-resources-plugin:2.6:resources[m [1m(default-resources)[m @ [36moak-solr-osgi[0;1m ---[m
[[1;34mINFO[m] Using 'UTF-8' encoding to copy filtered resources.
[[1;34mINFO[m] skip non existing resourceDirectory /home/user/Workspace/reproducibility/Reproducibility-Scanner/benchmarks/bugs-dot-jar/jackrabbit-oak/oak-solr-osgi/src/main/resources
[[1;34mINFO[m] Copying 3 resources
[[1;34mINFO[m] 
[[1;34mINFO[m] [1m--- [0;32mmaven-compiler-plugin:2.5.1:compile[m [1m(default-compile)[m @ [36moak-solr-osgi[0;1m ---[m
[[1;34mINFO[m] No sources to compile
[[1;34mINFO[m] 
[[1;34mINFO[m] [1m--- [0;32mmaven-resources-plugin:2.6:testResources[m [1m(default-testResources)[m @ [36moak-solr-osgi[0;1m ---[m
[[1;34mINFO[m] Using 'UTF-8' encoding to copy filtered resources.
[[1;34mINFO[m] skip non existing resourceDirectory /home/user/Workspace/reproducibility/Reproducibility-Scanner/benchmarks/bugs-dot-jar/jackrabbit-oak/oak-solr-osgi/src/test/resources
[[1;34mINFO[m] Copying 3 resources
[[1;34mINFO[m] 
[[1;34mINFO[m] [1m--- [0;32mmaven-compiler-plugin:2.5.1:testCompile[m [1m(default-testCompile)[m @ [36moak-solr-osgi[0;1m ---[m
[[1;34mINFO[m] No sources to compile
[[1;34mINFO[m] 
[[1;34mINFO[m] [1m--- [0;32mmaven-surefire-plugin:2.12.4:test[m [1m(default-test)[m @ [36moak-solr-osgi[0;1m ---[m
[[1;34mINFO[m] Tests are skipped.
[[1;34mINFO[m] 
[[1;34mINFO[m] [1m--- [0;32mjacoco-maven-plugin:0.7.1.201405082137:report[m [1m(post-unit-test)[m @ [36moak-solr-osgi[0;1m ---[m
[[1;34mINFO[m] Skipping JaCoCo execution because property jacoco.skip is set.
[[1;34mINFO[m] 
[[1;34mINFO[m] [1m--- [0;32mmaven-bundle-plugin:2.5.0:bundle[m [1m(default-bundle)[m @ [36moak-solr-osgi[0;1m ---[m
[[1;33mWARNING[m] Bundle org.apache.jackrabbit:oak-solr-osgi:bundle:1.1-SNAPSHOT : Unused Private-Package instructions, no such package(s) on the class path: [!*]
[[1;34mINFO[m] 
[[1;34mINFO[m] [1m--- [0;32mmaven-site-plugin:3.3:attach-descriptor[m [1m(attach-descriptor)[m @ [36moak-solr-osgi[0;1m ---[m
[[1;34mINFO[m] 
[[1;34mINFO[m] [1m--- [0;32mmaven-bundle-plugin:2.5.0:baseline[m [1m(baseline)[m @ [36moak-solr-osgi[0;1m ---[m
[[1;34mINFO[m] Baseline analisys complete, 0 error(s), 0 warning(s)
[[1;34mINFO[m] 
[[1;34mINFO[m] [1m--- [0;32mmaven-install-plugin:2.3.1:install[m [1m(default-install)[m @ [36moak-solr-osgi[0;1m ---[m
[[1;34mINFO[m] Installing /home/user/Workspace/reproducibility/Reproducibility-Scanner/benchmarks/bugs-dot-jar/jackrabbit-oak/oak-solr-osgi/target/oak-solr-osgi-1.1-SNAPSHOT.jar to /home/user/.m2/repository/org/apache/jackrabbit/oak-solr-osgi/1.1-SNAPSHOT/oak-solr-osgi-1.1-SNAPSHOT.jar
[[1;34mINFO[m] Installing /home/user/Workspace/reproducibility/Reproducibility-Scanner/benchmarks/bugs-dot-jar/jackrabbit-oak/oak-solr-osgi/pom.xml to /home/user/.m2/repository/org/apache/jackrabbit/oak-solr-osgi/1.1-SNAPSHOT/oak-solr-osgi-1.1-SNAPSHOT.pom
[[1;34mINFO[m] 
[[1;34mINFO[m] [1m--- [0;32mmaven-bundle-plugin:2.5.0:install[m [1m(default-install)[m @ [36moak-solr-osgi[0;1m ---[m
[[1;34mINFO[m] Local OBR update disabled (enable with -DobrRepository)
[[1;34mINFO[m] 
[[1;34mINFO[m] [1m--------------< [0;36morg.apache.jackrabbit:oak-auth-external[0;1m >---------------[m
[[1;34mINFO[m] [1mBuilding Oak External Authentication Support 1.1-SNAPSHOT        [14/23][m
[[1;34mINFO[m] [1m-------------------------------[ bundle ]-------------------------------[m
[[1;34mINFO[m] 
[[1;34mINFO[m] [1m--- [0;32mjacoco-maven-plugin:0.7.1.201405082137:prepare-agent[m [1m(pre-unit-test)[m @ [36moak-auth-external[0;1m ---[m
[[1;34mINFO[m] Skipping JaCoCo execution because property jacoco.skip is set.
[[1;34mINFO[m] test.opts.coverage set to empty
[[1;34mINFO[m] 
[[1;34mINFO[m] [1m--- [0;32mmaven-remote-resources-plugin:1.4:process[m [1m(default)[m @ [36moak-auth-external[0;1m ---[m
[[1;34mINFO[m] 
[[1;34mINFO[m] [1m--- [0;32mmaven-resources-plugin:2.6:resources[m [1m(default-resources)[m @ [36moak-auth-external[0;1m ---[m
[[1;34mINFO[m] Using 'UTF-8' encoding to copy filtered resources.
[[1;34mINFO[m] skip non existing resourceDirectory /home/user/Workspace/reproducibility/Reproducibility-Scanner/benchmarks/bugs-dot-jar/jackrabbit-oak/oak-auth-external/src/main/resources
[[1;34mINFO[m] Copying 3 resources
[[1;34mINFO[m] 
[[1;34mINFO[m] [1m--- [0;32mmaven-compiler-plugin:2.5.1:compile[m [1m(default-compile)[m @ [36moak-auth-external[0;1m ---[m
[[1;34mINFO[m] Compiling 25 source files to /home/user/Workspace/reproducibility/Reproducibility-Scanner/benchmarks/bugs-dot-jar/jackrabbit-oak/oak-auth-external/target/classes
[[1;34mINFO[m] 
[[1;34mINFO[m] [1m--- [0;32mmaven-scr-plugin:1.16.0:scr[m [1m(generate-scr-scrdescriptor)[m @ [36moak-auth-external[0;1m ---[m
[[1;34mINFO[m] Generating 1 MetaType Descriptors in /home/user/Workspace/reproducibility/Reproducibility-Scanner/benchmarks/bugs-dot-jar/jackrabbit-oak/oak-auth-external/target/classes/OSGI-INF/metatype/org.apache.jackrabbit.oak.spi.security.authentication.external.impl.ExternalLoginModuleFactory.xml
[[1;34mINFO[m] Generating 1 MetaType Descriptors in /home/user/Workspace/reproducibility/Reproducibility-Scanner/benchmarks/bugs-dot-jar/jackrabbit-oak/oak-auth-external/target/classes/OSGI-INF/metatype/org.apache.jackrabbit.oak.spi.security.authentication.external.impl.DefaultSyncConfig.xml
[[1;34mINFO[m] Writing 1 Service Component Descriptors to /home/user/Workspace/reproducibility/Reproducibility-Scanner/benchmarks/bugs-dot-jar/jackrabbit-oak/oak-auth-external/target/classes/OSGI-INF/org.apache.jackrabbit.oak.spi.security.authentication.external.impl.ExternalLoginModuleFactory.xml
[[1;34mINFO[m] Writing 1 Service Component Descriptors to /home/user/Workspace/reproducibility/Reproducibility-Scanner/benchmarks/bugs-dot-jar/jackrabbit-oak/oak-auth-external/target/classes/OSGI-INF/org.apache.jackrabbit.oak.spi.security.authentication.external.impl.SyncManagerImpl.xml
[[1;34mINFO[m] Writing 1 Service Component Descriptors to /home/user/Workspace/reproducibility/Reproducibility-Scanner/benchmarks/bugs-dot-jar/jackrabbit-oak/oak-auth-external/target/classes/OSGI-INF/org.apache.jackrabbit.oak.spi.security.authentication.external.impl.DefaultSyncHandler.xml
[[1;34mINFO[m] Writing 1 Service Component Descriptors to /home/user/Workspace/reproducibility/Reproducibility-Scanner/benchmarks/bugs-dot-jar/jackrabbit-oak/oak-auth-external/target/classes/OSGI-INF/org.apache.jackrabbit.oak.spi.security.authentication.external.impl.ExternalIDPManagerImpl.xml
[[1;34mINFO[m] 
[[1;34mINFO[m] [1m--- [0;32mmaven-resources-plugin:2.6:testResources[m [1m(default-testResources)[m @ [36moak-auth-external[0;1m ---[m
[[1;34mINFO[m] Using 'UTF-8' encoding to copy filtered resources.
[[1;34mINFO[m] Copying 3 resources
[[1;34mINFO[m] Copying 3 resources
[[1;34mINFO[m] 
[[1;34mINFO[m] [1m--- [0;32mmaven-compiler-plugin:2.5.1:testCompile[m [1m(default-testCompile)[m @ [36moak-auth-external[0;1m ---[m
[[1;34mINFO[m] Compiling 3 source files to /home/user/Workspace/reproducibility/Reproducibility-Scanner/benchmarks/bugs-dot-jar/jackrabbit-oak/oak-auth-external/target/test-classes
[[1;34mINFO[m] 
[[1;34mINFO[m] [1m--- [0;32mmaven-surefire-plugin:2.12.4:test[m [1m(default-test)[m @ [36moak-auth-external[0;1m ---[m
[[1;34mINFO[m] Tests are skipped.
[[1;34mINFO[m] 
[[1;34mINFO[m] [1m--- [0;32mjacoco-maven-plugin:0.7.1.201405082137:report[m [1m(post-unit-test)[m @ [36moak-auth-external[0;1m ---[m
[[1;34mINFO[m] Skipping JaCoCo execution because property jacoco.skip is set.
[[1;34mINFO[m] 
[[1;34mINFO[m] [1m--- [0;32mmaven-bundle-plugin:2.5.0:bundle[m [1m(default-bundle)[m @ [36moak-auth-external[0;1m ---[m
[[1;34mINFO[m] 
[[1;34mINFO[m] [1m--- [0;32mmaven-site-plugin:3.3:attach-descriptor[m [1m(attach-descriptor)[m @ [36moak-auth-external[0;1m ---[m
[[1;34mINFO[m] 
[[1;34mINFO[m] [1m--- [0;32mmaven-jar-plugin:2.4:test-jar[m [1m(default)[m @ [36moak-auth-external[0;1m ---[m
[[1;34mINFO[m] Building jar: /home/user/Workspace/reproducibility/Reproducibility-Scanner/benchmarks/bugs-dot-jar/jackrabbit-oak/oak-auth-external/target/oak-auth-external-1.1-SNAPSHOT-tests.jar
[[1;34mINFO[m] 
[[1;34mINFO[m] [1m--- [0;32mmaven-bundle-plugin:2.5.0:baseline[m [1m(baseline)[m @ [36moak-auth-external[0;1m ---[m
[[1;31mERROR[m] org.apache.jackrabbit.oak.spi.security.authentication.external: Version increase required; detected 1.0.0, suggested 3.0.0
[[1;34mINFO[m] Baseline analisys complete, 1 error(s), 0 warning(s)
[[1;34mINFO[m] 
[[1;34mINFO[m] [1m--- [0;32mmaven-install-plugin:2.3.1:install[m [1m(default-install)[m @ [36moak-auth-external[0;1m ---[m
[[1;34mINFO[m] Installing /home/user/Workspace/reproducibility/Reproducibility-Scanner/benchmarks/bugs-dot-jar/jackrabbit-oak/oak-auth-external/target/oak-auth-external-1.1-SNAPSHOT.jar to /home/user/.m2/repository/org/apache/jackrabbit/oak-auth-external/1.1-SNAPSHOT/oak-auth-external-1.1-SNAPSHOT.jar
[[1;34mINFO[m] Installing /home/user/Workspace/reproducibility/Reproducibility-Scanner/benchmarks/bugs-dot-jar/jackrabbit-oak/oak-auth-external/pom.xml to /home/user/.m2/repository/org/apache/jackrabbit/oak-auth-external/1.1-SNAPSHOT/oak-auth-external-1.1-SNAPSHOT.pom
[[1;34mINFO[m] Installing /home/user/Workspace/reproducibility/Reproducibility-Scanner/benchmarks/bugs-dot-jar/jackrabbit-oak/oak-auth-external/target/oak-auth-external-1.1-SNAPSHOT-tests.jar to /home/user/.m2/repository/org/apache/jackrabbit/oak-auth-external/1.1-SNAPSHOT/oak-auth-external-1.1-SNAPSHOT-tests.jar
[[1;34mINFO[m] 
[[1;34mINFO[m] [1m--- [0;32mmaven-bundle-plugin:2.5.0:install[m [1m(default-install)[m @ [36moak-auth-external[0;1m ---[m
[[1;34mINFO[m] Local OBR update disabled (enable with -DobrRepository)
[[1;34mINFO[m] 
[[1;34mINFO[m] [1m----------------< [0;36morg.apache.jackrabbit:oak-auth-ldap[0;1m >-----------------[m
[[1;34mINFO[m] [1mBuilding Oak LDAP Authentication Support 1.1-SNAPSHOT            [15/23][m
[[1;34mINFO[m] [1m-------------------------------[ bundle ]-------------------------------[m
[[1;34mINFO[m] 
[[1;34mINFO[m] [1m--- [0;32mjacoco-maven-plugin:0.7.1.201405082137:prepare-agent[m [1m(pre-unit-test)[m @ [36moak-auth-ldap[0;1m ---[m
[[1;34mINFO[m] Skipping JaCoCo execution because property jacoco.skip is set.
[[1;34mINFO[m] test.opts.coverage set to empty
[[1;34mINFO[m] 
[[1;34mINFO[m] [1m--- [0;32mmaven-remote-resources-plugin:1.4:process[m [1m(default)[m @ [36moak-auth-ldap[0;1m ---[m
[[1;34mINFO[m] 
[[1;34mINFO[m] [1m--- [0;32mmaven-resources-plugin:2.6:resources[m [1m(default-resources)[m @ [36moak-auth-ldap[0;1m ---[m
[[1;34mINFO[m] Using 'UTF-8' encoding to copy filtered resources.
[[1;34mINFO[m] skip non existing resourceDirectory /home/user/Workspace/reproducibility/Reproducibility-Scanner/benchmarks/bugs-dot-jar/jackrabbit-oak/oak-auth-ldap/src/main/resources
[[1;34mINFO[m] Copying 3 resources
[[1;34mINFO[m] 
[[1;34mINFO[m] [1m--- [0;32mmaven-compiler-plugin:2.5.1:compile[m [1m(default-compile)[m @ [36moak-auth-ldap[0;1m ---[m
[[1;34mINFO[m] Compiling 11 source files to /home/user/Workspace/reproducibility/Reproducibility-Scanner/benchmarks/bugs-dot-jar/jackrabbit-oak/oak-auth-ldap/target/classes
[[1;34mINFO[m] 
[[1;34mINFO[m] [1m--- [0;32mmaven-scr-plugin:1.16.0:scr[m [1m(generate-scr-scrdescriptor)[m @ [36moak-auth-ldap[0;1m ---[m
[[1;34mINFO[m] Generating 1 MetaType Descriptors in /home/user/Workspace/reproducibility/Reproducibility-Scanner/benchmarks/bugs-dot-jar/jackrabbit-oak/oak-auth-ldap/target/classes/OSGI-INF/metatype/org.apache.jackrabbit.oak.security.authentication.ldap.impl.LdapProviderConfig.xml
[[1;34mINFO[m] Writing 1 Service Component Descriptors to /home/user/Workspace/reproducibility/Reproducibility-Scanner/benchmarks/bugs-dot-jar/jackrabbit-oak/oak-auth-ldap/target/classes/OSGI-INF/org.apache.jackrabbit.oak.security.authentication.ldap.impl.LdapIdentityProvider.xml
[[1;34mINFO[m] 
[[1;34mINFO[m] [1m--- [0;32mmaven-resources-plugin:2.6:testResources[m [1m(default-testResources)[m @ [36moak-auth-ldap[0;1m ---[m
[[1;34mINFO[m] Using 'UTF-8' encoding to copy filtered resources.
[[1;34mINFO[m] Copying 1 resource
[[1;34mINFO[m] Copying 3 resources
[[1;34mINFO[m] 
[[1;34mINFO[m] [1m--- [0;32mmaven-compiler-plugin:2.5.1:testCompile[m [1m(default-testCompile)[m @ [36moak-auth-ldap[0;1m ---[m
[[1;34mINFO[m] Compiling 8 source files to /home/user/Workspace/reproducibility/Reproducibility-Scanner/benchmarks/bugs-dot-jar/jackrabbit-oak/oak-auth-ldap/target/test-classes
[[1;34mINFO[m] 
[[1;34mINFO[m] [1m--- [0;32mmaven-surefire-plugin:2.12.4:test[m [1m(default-test)[m @ [36moak-auth-ldap[0;1m ---[m
[[1;34mINFO[m] Tests are skipped.
[[1;34mINFO[m] 
[[1;34mINFO[m] [1m--- [0;32mjacoco-maven-plugin:0.7.1.201405082137:report[m [1m(post-unit-test)[m @ [36moak-auth-ldap[0;1m ---[m
[[1;34mINFO[m] Skipping JaCoCo execution because property jacoco.skip is set.
[[1;34mINFO[m] 
[[1;34mINFO[m] [1m--- [0;32mmaven-bundle-plugin:2.5.0:bundle[m [1m(default-bundle)[m @ [36moak-auth-ldap[0;1m ---[m
[[1;34mINFO[m] 
[[1;34mINFO[m] [1m--- [0;32mmaven-site-plugin:3.3:attach-descriptor[m [1m(attach-descriptor)[m @ [36moak-auth-ldap[0;1m ---[m
[[1;34mINFO[m] 
[[1;34mINFO[m] [1m--- [0;32mmaven-bundle-plugin:2.5.0:baseline[m [1m(baseline)[m @ [36moak-auth-ldap[0;1m ---[m
[[1;34mINFO[m] Baseline analisys complete, 0 error(s), 0 warning(s)
[[1;34mINFO[m] 
[[1;34mINFO[m] [1m--- [0;32mmaven-install-plugin:2.3.1:install[m [1m(default-install)[m @ [36moak-auth-ldap[0;1m ---[m
[[1;34mINFO[m] Installing /home/user/Workspace/reproducibility/Reproducibility-Scanner/benchmarks/bugs-dot-jar/jackrabbit-oak/oak-auth-ldap/target/oak-auth-ldap-1.1-SNAPSHOT.jar to /home/user/.m2/repository/org/apache/jackrabbit/oak-auth-ldap/1.1-SNAPSHOT/oak-auth-ldap-1.1-SNAPSHOT.jar
[[1;34mINFO[m] Installing /home/user/Workspace/reproducibility/Reproducibility-Scanner/benchmarks/bugs-dot-jar/jackrabbit-oak/oak-auth-ldap/pom.xml to /home/user/.m2/repository/org/apache/jackrabbit/oak-auth-ldap/1.1-SNAPSHOT/oak-auth-ldap-1.1-SNAPSHOT.pom
[[1;34mINFO[m] 
[[1;34mINFO[m] [1m--- [0;32mmaven-bundle-plugin:2.5.0:install[m [1m(default-install)[m @ [36moak-auth-ldap[0;1m ---[m
[[1;34mINFO[m] Local OBR update disabled (enable with -DobrRepository)
[[1;34mINFO[m] 
[[1;34mINFO[m] [1m--------------< [0;36morg.apache.jackrabbit:oak-tarmk-failover[0;1m >--------------[m
[[1;34mINFO[m] [1mBuilding Oak TarMK Failover 1.1-SNAPSHOT                         [16/23][m
[[1;34mINFO[m] [1m-------------------------------[ bundle ]-------------------------------[m
[[1;34mINFO[m] 
[[1;34mINFO[m] [1m--- [0;32mjacoco-maven-plugin:0.7.1.201405082137:prepare-agent[m [1m(pre-unit-test)[m @ [36moak-tarmk-failover[0;1m ---[m
[[1;34mINFO[m] Skipping JaCoCo execution because property jacoco.skip is set.
[[1;34mINFO[m] test.opts.coverage set to empty
[[1;34mINFO[m] 
[[1;34mINFO[m] [1m--- [0;32mmaven-remote-resources-plugin:1.4:process[m [1m(default)[m @ [36moak-tarmk-failover[0;1m ---[m
[[1;34mINFO[m] 
[[1;34mINFO[m] [1m--- [0;32mmaven-resources-plugin:2.6:resources[m [1m(default-resources)[m @ [36moak-tarmk-failover[0;1m ---[m
[[1;34mINFO[m] Using 'UTF-8' encoding to copy filtered resources.
[[1;34mINFO[m] skip non existing resourceDirectory /home/user/Workspace/reproducibility/Reproducibility-Scanner/benchmarks/bugs-dot-jar/jackrabbit-oak/oak-tarmk-failover/src/main/resources
[[1;34mINFO[m] Copying 3 resources
[[1;34mINFO[m] 
[[1;34mINFO[m] [1m--- [0;32mmaven-compiler-plugin:2.5.1:compile[m [1m(default-compile)[m @ [36moak-tarmk-failover[0;1m ---[m
[[1;34mINFO[m] Compiling 19 source files to /home/user/Workspace/reproducibility/Reproducibility-Scanner/benchmarks/bugs-dot-jar/jackrabbit-oak/oak-tarmk-failover/target/classes
[[1;34mINFO[m] 
[[1;34mINFO[m] [1m--- [0;32mmaven-scr-plugin:1.16.0:scr[m [1m(generate-scr-scrdescriptor)[m @ [36moak-tarmk-failover[0;1m ---[m
[[1;34mINFO[m] Writing 1 Service Component Descriptors to /home/user/Workspace/reproducibility/Reproducibility-Scanner/benchmarks/bugs-dot-jar/jackrabbit-oak/oak-tarmk-failover/target/classes/OSGI-INF/org.apache.jackrabbit.oak.plugins.segment.failover.store.FailoverStoreService.xml
[[1;34mINFO[m] 
[[1;34mINFO[m] [1m--- [0;32mmaven-resources-plugin:2.6:testResources[m [1m(default-testResources)[m @ [36moak-tarmk-failover[0;1m ---[m
[[1;34mINFO[m] Using 'UTF-8' encoding to copy filtered resources.
[[1;34mINFO[m] Copying 1 resource
[[1;34mINFO[m] Copying 3 resources
[[1;34mINFO[m] 
[[1;34mINFO[m] [1m--- [0;32mbuild-helper-maven-plugin:1.9:reserve-network-port[m [1m(reserve-network-port)[m @ [36moak-tarmk-failover[0;1m ---[m
[[1;34mINFO[m] Reserved port 37477 for failover.server.port
[[1;34mINFO[m] 
[[1;34mINFO[m] [1m--- [0;32mmaven-compiler-plugin:2.5.1:testCompile[m [1m(default-testCompile)[m @ [36moak-tarmk-failover[0;1m ---[m
[[1;34mINFO[m] Compiling 8 source files to /home/user/Workspace/reproducibility/Reproducibility-Scanner/benchmarks/bugs-dot-jar/jackrabbit-oak/oak-tarmk-failover/target/test-classes
[[1;34mINFO[m] 
[[1;34mINFO[m] [1m--- [0;32mmaven-surefire-plugin:2.12.4:test[m [1m(default-test)[m @ [36moak-tarmk-failover[0;1m ---[m
[[1;34mINFO[m] Tests are skipped.
[[1;34mINFO[m] 
[[1;34mINFO[m] [1m--- [0;32mjacoco-maven-plugin:0.7.1.201405082137:report[m [1m(post-unit-test)[m @ [36moak-tarmk-failover[0;1m ---[m
[[1;34mINFO[m] Skipping JaCoCo execution because property jacoco.skip is set.
[[1;34mINFO[m] 
[[1;34mINFO[m] [1m--- [0;32mmaven-bundle-plugin:2.5.0:bundle[m [1m(default-bundle)[m @ [36moak-tarmk-failover[0;1m ---[m
[[1;33mWARNING[m] Bundle org.apache.jackrabbit:oak-tarmk-failover:bundle:1.1-SNAPSHOT : Export org.apache.jackrabbit.oak.plugins.segment.failover.server,  has 1,  private references [io.netty.channel], 
[[1;33mWARNING[m] Bundle org.apache.jackrabbit:oak-tarmk-failover:bundle:1.1-SNAPSHOT : Export org.apache.jackrabbit.oak.plugins.segment.failover.client,  has 2,  private references [io.netty.util.concurrent, io.netty.channel], 
[[1;33mWARNING[m] Bundle org.apache.jackrabbit:oak-tarmk-failover:bundle:1.1-SNAPSHOT : Export org.apache.jackrabbit.oak.plugins.segment.failover.codec,  has 3,  private references [io.netty.handler.codec, io.netty.channel, io.netty.buffer], 
[[1;34mINFO[m] 
[[1;34mINFO[m] [1m--- [0;32mmaven-site-plugin:3.3:attach-descriptor[m [1m(attach-descriptor)[m @ [36moak-tarmk-failover[0;1m ---[m
[[1;34mINFO[m] 
[[1;34mINFO[m] [1m--- [0;32mmaven-bundle-plugin:2.5.0:baseline[m [1m(baseline)[m @ [36moak-tarmk-failover[0;1m ---[m
[[1;34mINFO[m] Unable to find a previous version of the project in the repository
[[1;34mINFO[m] Not generating Baseline report as there is no previous version of the library to compare against
[[1;34mINFO[m] 
[[1;34mINFO[m] [1m--- [0;32mmaven-install-plugin:2.3.1:install[m [1m(default-install)[m @ [36moak-tarmk-failover[0;1m ---[m
[[1;34mINFO[m] Installing /home/user/Workspace/reproducibility/Reproducibility-Scanner/benchmarks/bugs-dot-jar/jackrabbit-oak/oak-tarmk-failover/target/oak-tarmk-failover-1.1-SNAPSHOT.jar to /home/user/.m2/repository/org/apache/jackrabbit/oak-tarmk-failover/1.1-SNAPSHOT/oak-tarmk-failover-1.1-SNAPSHOT.jar
[[1;34mINFO[m] Installing /home/user/Workspace/reproducibility/Reproducibility-Scanner/benchmarks/bugs-dot-jar/jackrabbit-oak/oak-tarmk-failover/pom.xml to /home/user/.m2/repository/org/apache/jackrabbit/oak-tarmk-failover/1.1-SNAPSHOT/oak-tarmk-failover-1.1-SNAPSHOT.pom
[[1;34mINFO[m] 
[[1;34mINFO[m] [1m--- [0;32mmaven-bundle-plugin:2.5.0:install[m [1m(default-install)[m @ [36moak-tarmk-failover[0;1m ---[m
[[1;34mINFO[m] Local OBR update disabled (enable with -DobrRepository)
[[1;34mINFO[m] 
[[1;34mINFO[m] [1m-------------------< [0;36morg.apache.jackrabbit:oak-run[0;1m >--------------------[m
[[1;34mINFO[m] [1mBuilding Oak Runnable Jar 1.1-SNAPSHOT                           [17/23][m
[[1;34mINFO[m] [1m--------------------------------[ jar ]---------------------------------[m
[[1;34mINFO[m] 
[[1;34mINFO[m] [1m--- [0;32mjacoco-maven-plugin:0.7.1.201405082137:prepare-agent[m [1m(pre-unit-test)[m @ [36moak-run[0;1m ---[m
[[1;34mINFO[m] Skipping JaCoCo execution because property jacoco.skip is set.
[[1;34mINFO[m] test.opts.coverage set to empty
[[1;34mINFO[m] 
[[1;34mINFO[m] [1m--- [0;32mgmaven-plugin:1.4:generateStubs[m [1m(default)[m @ [36moak-run[0;1m ---[m
[[1;34mINFO[m] Generated 13 Java stubs
[[1;34mINFO[m] 
[[1;34mINFO[m] [1m--- [0;32mmaven-remote-resources-plugin:1.4:process[m [1m(default)[m @ [36moak-run[0;1m ---[m
[[1;34mINFO[m] 
[[1;34mINFO[m] [1m--- [0;32mmaven-resources-plugin:2.6:resources[m [1m(default-resources)[m @ [36moak-run[0;1m ---[m
[[1;34mINFO[m] Using 'UTF-8' encoding to copy filtered resources.
[[1;34mINFO[m] Copying 10 resources
[[1;34mINFO[m] Copying 4 resources
[[1;34mINFO[m] Copying 3 resources
[[1;34mINFO[m] 
[[1;34mINFO[m] [1m--- [0;32mbuild-helper-maven-plugin:1.7:reserve-network-port[m [1m(reserve-network-port)[m @ [36moak-run[0;1m ---[m
[[1;34mINFO[m] Reserved port 39077 for jetty.http.port
[[1;34mINFO[m] 
[[1;34mINFO[m] [1m--- [0;32mmaven-compiler-plugin:2.5.1:compile[m [1m(default-compile)[m @ [36moak-run[0;1m ---[m
[[1;34mINFO[m] Compiling 105 source files to /home/user/Workspace/reproducibility/Reproducibility-Scanner/benchmarks/bugs-dot-jar/jackrabbit-oak/oak-run/target/classes
[[1;34mINFO[m] 
[[1;34mINFO[m] [1m--- [0;32mgmaven-plugin:1.4:compile[m [1m(default)[m @ [36moak-run[0;1m ---[m
[[1;34mINFO[m] Compiled 25 Groovy classes
[[1;34mINFO[m] 
[[1;34mINFO[m] [1m--- [0;32mgmaven-plugin:1.4:generateTestStubs[m [1m(default)[m @ [36moak-run[0;1m ---[m
[[1;34mINFO[m] No sources found for Java stub generation
[[1;34mINFO[m] 
[[1;34mINFO[m] [1m--- [0;32mmaven-resources-plugin:2.6:testResources[m [1m(default-testResources)[m @ [36moak-run[0;1m ---[m
[[1;34mINFO[m] Using 'UTF-8' encoding to copy filtered resources.
[[1;34mINFO[m] skip non existing resourceDirectory /home/user/Workspace/reproducibility/Reproducibility-Scanner/benchmarks/bugs-dot-jar/jackrabbit-oak/oak-run/src/test/resources
[[1;34mINFO[m] Copying 3 resources
[[1;34mINFO[m] 
[[1;34mINFO[m] [1m--- [0;32mmaven-compiler-plugin:2.5.1:testCompile[m [1m(default-testCompile)[m @ [36moak-run[0;1m ---[m
[[1;34mINFO[m] Compiling 1 source file to /home/user/Workspace/reproducibility/Reproducibility-Scanner/benchmarks/bugs-dot-jar/jackrabbit-oak/oak-run/target/test-classes
[[1;34mINFO[m] 
[[1;34mINFO[m] [1m--- [0;32mgmaven-plugin:1.4:testCompile[m [1m(default)[m @ [36moak-run[0;1m ---[m
[[1;34mINFO[m] No sources found to compile
[[1;34mINFO[m] 
[[1;34mINFO[m] [1m--- [0;32mmaven-surefire-plugin:2.12.4:test[m [1m(default-test)[m @ [36moak-run[0;1m ---[m
[[1;34mINFO[m] Tests are skipped.
[[1;34mINFO[m] 
[[1;34mINFO[m] [1m--- [0;32mjacoco-maven-plugin:0.7.1.201405082137:report[m [1m(post-unit-test)[m @ [36moak-run[0;1m ---[m
[[1;34mINFO[m] Skipping JaCoCo execution because property jacoco.skip is set.
[[1;34mINFO[m] 
[[1;34mINFO[m] [1m--- [0;32mmaven-jar-plugin:2.4:jar[m [1m(default-jar)[m @ [36moak-run[0;1m ---[m
[[1;34mINFO[m] Building jar: /home/user/Workspace/reproducibility/Reproducibility-Scanner/benchmarks/bugs-dot-jar/jackrabbit-oak/oak-run/target/oak-run-1.1-SNAPSHOT.jar
[[1;34mINFO[m] 
[[1;34mINFO[m] [1m--- [0;32mmaven-site-plugin:3.3:attach-descriptor[m [1m(attach-descriptor)[m @ [36moak-run[0;1m ---[m
[[1;34mINFO[m] 
[[1;34mINFO[m] [1m--- [0;32mmaven-dependency-plugin:2.8:unpack[m [1m(copy)[m @ [36moak-run[0;1m ---[m
[[1;34mINFO[m] Configured Artifact: org.apache.lucene:lucene-core:3.6.0:jar
[[1;34mINFO[m] Unpacking /home/user/.m2/repository/org/apache/lucene/lucene-core/3.6.0/lucene-core-3.6.0.jar to /home/user/Workspace/reproducibility/Reproducibility-Scanner/benchmarks/bugs-dot-jar/jackrabbit-oak/oak-run/target/jr2 with includes "" and excludes ""
[[1;34mINFO[m] 
[[1;34mINFO[m] [1m--- [0;32mmaven-assembly-plugin:2.4:single[m [1m(create-oak)[m @ [36moak-run[0;1m ---[m
[[1;34mINFO[m] Reading assembly descriptor: src/main/assembly/oak-run.xml
[[1;34mINFO[m] Building jar: /home/user/Workspace/reproducibility/Reproducibility-Scanner/benchmarks/bugs-dot-jar/jackrabbit-oak/oak-run/target/oak-run-1.1-SNAPSHOT-oak.jar
[[1;34mINFO[m] 
[[1;34mINFO[m] [1m--- [0;32mmaven-assembly-plugin:2.4:single[m [1m(create-jr2)[m @ [36moak-run[0;1m ---[m
[[1;34mINFO[m] Reading assembly descriptor: src/main/assembly/oak-run-jr2.xml
[[1;34mINFO[m] Building jar: /home/user/Workspace/reproducibility/Reproducibility-Scanner/benchmarks/bugs-dot-jar/jackrabbit-oak/oak-run/target/oak-run-1.1-SNAPSHOT-jr2.jar
[[1;34mINFO[m] 
[[1;34mINFO[m] [1m--- [0;32mmaven-antrun-plugin:1.7:run[m [1m(default)[m @ [36moak-run[0;1m ---[m
[[1;34mINFO[m] Executing tasks

main:
     [copy] Copying 1 file to /home/user/Workspace/reproducibility/Reproducibility-Scanner/benchmarks/bugs-dot-jar/jackrabbit-oak/oak-run/target
   [delete] Deleting: /home/user/Workspace/reproducibility/Reproducibility-Scanner/benchmarks/bugs-dot-jar/jackrabbit-oak/oak-run/target/oak-run-1.1-SNAPSHOT-oak.jar
[[1;34mINFO[m] Executed tasks
[[1;34mINFO[m] 
[[1;34mINFO[m] [1m--- [0;32mmaven-install-plugin:2.3.1:install[m [1m(default-install)[m @ [36moak-run[0;1m ---[m
[[1;34mINFO[m] Installing /home/user/Workspace/reproducibility/Reproducibility-Scanner/benchmarks/bugs-dot-jar/jackrabbit-oak/oak-run/target/oak-run-1.1-SNAPSHOT.jar to /home/user/.m2/repository/org/apache/jackrabbit/oak-run/1.1-SNAPSHOT/oak-run-1.1-SNAPSHOT.jar
[[1;34mINFO[m] Installing /home/user/Workspace/reproducibility/Reproducibility-Scanner/benchmarks/bugs-dot-jar/jackrabbit-oak/oak-run/pom.xml to /home/user/.m2/repository/org/apache/jackrabbit/oak-run/1.1-SNAPSHOT/oak-run-1.1-SNAPSHOT.pom
[[1;34mINFO[m] Installing /home/user/Workspace/reproducibility/Reproducibility-Scanner/benchmarks/bugs-dot-jar/jackrabbit-oak/oak-run/target/oak-run-1.1-SNAPSHOT-jr2.jar to /home/user/.m2/repository/org/apache/jackrabbit/oak-run/1.1-SNAPSHOT/oak-run-1.1-SNAPSHOT-jr2.jar
[[1;34mINFO[m] 
[[1;34mINFO[m] [1m------------------< [0;36morg.apache.jackrabbit:oak-it-mk[0;1m >-------------------[m
[[1;34mINFO[m] [1mBuilding Oak Integration Tests for MicroKernel implementations 1.1-SNAPSHOT [18/23][m
[[1;34mINFO[m] [1m--------------------------------[ jar ]---------------------------------[m
[[1;34mINFO[m] 
[[1;34mINFO[m] [1m--- [0;32mjacoco-maven-plugin:0.7.1.201405082137:prepare-agent[m [1m(pre-unit-test)[m @ [36moak-it-mk[0;1m ---[m
[[1;34mINFO[m] Skipping JaCoCo execution because property jacoco.skip is set.
[[1;34mINFO[m] test.opts.coverage set to empty
[[1;34mINFO[m] 
[[1;34mINFO[m] [1m--- [0;32mmaven-remote-resources-plugin:1.4:process[m [1m(default)[m @ [36moak-it-mk[0;1m ---[m
[[1;34mINFO[m] 
[[1;34mINFO[m] [1m--- [0;32mmaven-resources-plugin:2.6:resources[m [1m(default-resources)[m @ [36moak-it-mk[0;1m ---[m
[[1;34mINFO[m] Using 'UTF-8' encoding to copy filtered resources.
[[1;34mINFO[m] skip non existing resourceDirectory /home/user/Workspace/reproducibility/Reproducibility-Scanner/benchmarks/bugs-dot-jar/jackrabbit-oak/oak-it/mk/src/main/resources
[[1;34mINFO[m] Copying 3 resources
[[1;34mINFO[m] 
[[1;34mINFO[m] [1m--- [0;32mmaven-compiler-plugin:2.5.1:compile[m [1m(default-compile)[m @ [36moak-it-mk[0;1m ---[m
[[1;34mINFO[m] Compiling 6 source files to /home/user/Workspace/reproducibility/Reproducibility-Scanner/benchmarks/bugs-dot-jar/jackrabbit-oak/oak-it/mk/target/classes
[[1;34mINFO[m] 
[[1;34mINFO[m] [1m--- [0;32mmaven-resources-plugin:2.6:testResources[m [1m(default-testResources)[m @ [36moak-it-mk[0;1m ---[m
[[1;34mINFO[m] Using 'UTF-8' encoding to copy filtered resources.
[[1;34mINFO[m] Copying 3 resources
[[1;34mINFO[m] Copying 3 resources
[[1;34mINFO[m] 
[[1;34mINFO[m] [1m--- [0;32mmaven-compiler-plugin:2.5.1:testCompile[m [1m(default-testCompile)[m @ [36moak-it-mk[0;1m ---[m
[[1;34mINFO[m] Compiling 11 source files to /home/user/Workspace/reproducibility/Reproducibility-Scanner/benchmarks/bugs-dot-jar/jackrabbit-oak/oak-it/mk/target/test-classes
[[1;34mINFO[m] 
[[1;34mINFO[m] [1m--- [0;32mmaven-surefire-plugin:2.12.4:test[m [1m(default-test)[m @ [36moak-it-mk[0;1m ---[m
[[1;34mINFO[m] Tests are skipped.
[[1;34mINFO[m] 
[[1;34mINFO[m] [1m--- [0;32mjacoco-maven-plugin:0.7.1.201405082137:report[m [1m(post-unit-test)[m @ [36moak-it-mk[0;1m ---[m
[[1;34mINFO[m] Skipping JaCoCo execution because property jacoco.skip is set.
[[1;34mINFO[m] 
[[1;34mINFO[m] [1m--- [0;32mmaven-jar-plugin:2.4:jar[m [1m(default-jar)[m @ [36moak-it-mk[0;1m ---[m
[[1;34mINFO[m] Building jar: /home/user/Workspace/reproducibility/Reproducibility-Scanner/benchmarks/bugs-dot-jar/jackrabbit-oak/oak-it/mk/target/oak-it-mk-1.1-SNAPSHOT.jar
[[1;34mINFO[m] 
[[1;34mINFO[m] [1m--- [0;32mmaven-site-plugin:3.3:attach-descriptor[m [1m(attach-descriptor)[m @ [36moak-it-mk[0;1m ---[m
[[1;34mINFO[m] 
[[1;34mINFO[m] [1m--- [0;32mmaven-install-plugin:2.3.1:install[m [1m(default-install)[m @ [36moak-it-mk[0;1m ---[m
[[1;34mINFO[m] Installing /home/user/Workspace/reproducibility/Reproducibility-Scanner/benchmarks/bugs-dot-jar/jackrabbit-oak/oak-it/mk/target/oak-it-mk-1.1-SNAPSHOT.jar to /home/user/.m2/repository/org/apache/jackrabbit/oak-it-mk/1.1-SNAPSHOT/oak-it-mk-1.1-SNAPSHOT.jar
[[1;34mINFO[m] Installing /home/user/Workspace/reproducibility/Reproducibility-Scanner/benchmarks/bugs-dot-jar/jackrabbit-oak/oak-it/mk/pom.xml to /home/user/.m2/repository/org/apache/jackrabbit/oak-it-mk/1.1-SNAPSHOT/oak-it-mk-1.1-SNAPSHOT.pom
[[1;34mINFO[m] 
[[1;34mINFO[m] [1m-----------------< [0;36morg.apache.jackrabbit:oak-it-osgi[0;1m >------------------[m
[[1;34mINFO[m] [1mBuilding Oak Integration Tests for OSGi deployments 1.1-SNAPSHOT [19/23][m
[[1;34mINFO[m] [1m--------------------------------[ jar ]---------------------------------[m
[[1;34mINFO[m] 
[[1;34mINFO[m] [1m--- [0;32mjacoco-maven-plugin:0.7.1.201405082137:prepare-agent[m [1m(pre-unit-test)[m @ [36moak-it-osgi[0;1m ---[m
[[1;34mINFO[m] Skipping JaCoCo execution because property jacoco.skip is set.
[[1;34mINFO[m] test.opts.coverage set to empty
[[1;34mINFO[m] 
[[1;34mINFO[m] [1m--- [0;32mmaven-remote-resources-plugin:1.4:process[m [1m(default)[m @ [36moak-it-osgi[0;1m ---[m
[[1;34mINFO[m] 
[[1;34mINFO[m] [1m--- [0;32mmaven-resources-plugin:2.6:resources[m [1m(default-resources)[m @ [36moak-it-osgi[0;1m ---[m
[[1;34mINFO[m] Using 'UTF-8' encoding to copy filtered resources.
[[1;34mINFO[m] skip non existing resourceDirectory /home/user/Workspace/reproducibility/Reproducibility-Scanner/benchmarks/bugs-dot-jar/jackrabbit-oak/oak-it/osgi/src/main/resources
[[1;34mINFO[m] Copying 3 resources
[[1;34mINFO[m] 
[[1;34mINFO[m] [1m--- [0;32mmaven-compiler-plugin:2.5.1:compile[m [1m(default-compile)[m @ [36moak-it-osgi[0;1m ---[m
[[1;34mINFO[m] No sources to compile
[[1;34mINFO[m] 
[[1;34mINFO[m] [1m--- [0;32mmaven-resources-plugin:2.6:testResources[m [1m(default-testResources)[m @ [36moak-it-osgi[0;1m ---[m
[[1;34mINFO[m] Using 'UTF-8' encoding to copy filtered resources.
[[1;34mINFO[m] Copying 1 resource
[[1;34mINFO[m] Copying 3 resources
[[1;34mINFO[m] 
[[1;34mINFO[m] [1m--- [0;32mmaven-compiler-plugin:2.5.1:testCompile[m [1m(default-testCompile)[m @ [36moak-it-osgi[0;1m ---[m
[[1;34mINFO[m] Compiling 1 source file to /home/user/Workspace/reproducibility/Reproducibility-Scanner/benchmarks/bugs-dot-jar/jackrabbit-oak/oak-it/osgi/target/test-classes
[[1;34mINFO[m] 
[[1;34mINFO[m] [1m--- [0;32mmaven-surefire-plugin:2.12.4:test[m [1m(default-test)[m @ [36moak-it-osgi[0;1m ---[m
[[1;34mINFO[m] Tests are skipped.
[[1;34mINFO[m] 
[[1;34mINFO[m] [1m--- [0;32mjacoco-maven-plugin:0.7.1.201405082137:report[m [1m(post-unit-test)[m @ [36moak-it-osgi[0;1m ---[m
[[1;34mINFO[m] Skipping JaCoCo execution because property jacoco.skip is set.
[[1;34mINFO[m] 
[[1;34mINFO[m] [1m--- [0;32mmaven-jar-plugin:2.4:jar[m [1m(default-jar)[m @ [36moak-it-osgi[0;1m ---[m
[[1;34mINFO[m] Building jar: /home/user/Workspace/reproducibility/Reproducibility-Scanner/benchmarks/bugs-dot-jar/jackrabbit-oak/oak-it/osgi/target/oak-it-osgi-1.1-SNAPSHOT.jar
[[1;34mINFO[m] 
[[1;34mINFO[m] [1m--- [0;32mmaven-site-plugin:3.3:attach-descriptor[m [1m(attach-descriptor)[m @ [36moak-it-osgi[0;1m ---[m
[[1;34mINFO[m] 
[[1;34mINFO[m] [1m--- [0;32mmaven-assembly-plugin:2.2.1:single[m [1m(default)[m @ [36moak-it-osgi[0;1m ---[m
[[1;34mINFO[m] Reading assembly descriptor: test-bundles.xml
[[1;34mINFO[m] Copying files to /home/user/Workspace/reproducibility/Reproducibility-Scanner/benchmarks/bugs-dot-jar/jackrabbit-oak/oak-it/osgi/target/test-bundles
[[1;34mINFO[m] 
[[1;34mINFO[m] [1m--- [0;32mmaven-install-plugin:2.3.1:install[m [1m(default-install)[m @ [36moak-it-osgi[0;1m ---[m
[[1;34mINFO[m] Installing /home/user/Workspace/reproducibility/Reproducibility-Scanner/benchmarks/bugs-dot-jar/jackrabbit-oak/oak-it/osgi/target/oak-it-osgi-1.1-SNAPSHOT.jar to /home/user/.m2/repository/org/apache/jackrabbit/oak-it-osgi/1.1-SNAPSHOT/oak-it-osgi-1.1-SNAPSHOT.jar
[[1;34mINFO[m] Installing /home/user/Workspace/reproducibility/Reproducibility-Scanner/benchmarks/bugs-dot-jar/jackrabbit-oak/oak-it/osgi/pom.xml to /home/user/.m2/repository/org/apache/jackrabbit/oak-it-osgi/1.1-SNAPSHOT/oak-it-osgi-1.1-SNAPSHOT.pom
[[1;34mINFO[m] 
[[1;34mINFO[m] [1m--------------------< [0;36morg.apache.jackrabbit:oak-it[0;1m >--------------------[m
[[1;34mINFO[m] [1mBuilding Oak Integration Tests 1.1-SNAPSHOT                      [20/23][m
[[1;34mINFO[m] [1m--------------------------------[ pom ]---------------------------------[m
[[1;34mINFO[m] 
[[1;34mINFO[m] [1m--- [0;32mjacoco-maven-plugin:0.7.1.201405082137:prepare-agent[m [1m(pre-unit-test)[m @ [36moak-it[0;1m ---[m
[[1;34mINFO[m] Skipping JaCoCo execution because property jacoco.skip is set.
[[1;34mINFO[m] test.opts.coverage set to empty
[[1;34mINFO[m] 
[[1;34mINFO[m] [1m--- [0;32mmaven-remote-resources-plugin:1.4:process[m [1m(default)[m @ [36moak-it[0;1m ---[m
[[1;34mINFO[m] 
[[1;34mINFO[m] [1m--- [0;32mjacoco-maven-plugin:0.7.1.201405082137:report[m [1m(post-unit-test)[m @ [36moak-it[0;1m ---[m
[[1;34mINFO[m] Skipping JaCoCo execution because property jacoco.skip is set.
[[1;34mINFO[m] 
[[1;34mINFO[m] [1m--- [0;32mmaven-site-plugin:3.3:attach-descriptor[m [1m(attach-descriptor)[m @ [36moak-it[0;1m ---[m
[[1;34mINFO[m] 
[[1;34mINFO[m] [1m--- [0;32mmaven-install-plugin:2.3.1:install[m [1m(default-install)[m @ [36moak-it[0;1m ---[m
[[1;34mINFO[m] Installing /home/user/Workspace/reproducibility/Reproducibility-Scanner/benchmarks/bugs-dot-jar/jackrabbit-oak/oak-it/pom.xml to /home/user/.m2/repository/org/apache/jackrabbit/oak-it/1.1-SNAPSHOT/oak-it-1.1-SNAPSHOT.pom
[[1;34mINFO[m] 
[[1;34mINFO[m] [1m------------------< [0;36morg.apache.jackrabbit:oak-pojosr[0;1m >------------------[m
[[1;34mINFO[m] [1mBuilding Oak PojoSR 1.1-SNAPSHOT                                 [21/23][m
[[1;34mINFO[m] [1m--------------------------------[ jar ]---------------------------------[m
[[1;34mINFO[m] 
[[1;34mINFO[m] [1m--- [0;32mjacoco-maven-plugin:0.7.1.201405082137:prepare-agent[m [1m(pre-unit-test)[m @ [36moak-pojosr[0;1m ---[m
[[1;34mINFO[m] Skipping JaCoCo execution because property jacoco.skip is set.
[[1;34mINFO[m] test.opts.coverage set to empty
[[1;34mINFO[m] 
[[1;34mINFO[m] [1m--- [0;32mmaven-remote-resources-plugin:1.4:process[m [1m(default)[m @ [36moak-pojosr[0;1m ---[m
[[1;34mINFO[m] 
[[1;34mINFO[m] [1m--- [0;32mmaven-resources-plugin:2.6:resources[m [1m(default-resources)[m @ [36moak-pojosr[0;1m ---[m
[[1;34mINFO[m] Using 'UTF-8' encoding to copy filtered resources.
[[1;34mINFO[m] Copying 1 resource
[[1;34mINFO[m] Copying 3 resources
[[1;34mINFO[m] 
[[1;34mINFO[m] [1m--- [0;32mmaven-compiler-plugin:2.5.1:compile[m [1m(default-compile)[m @ [36moak-pojosr[0;1m ---[m
[[1;34mINFO[m] Compiling 7 source files to /home/user/Workspace/reproducibility/Reproducibility-Scanner/benchmarks/bugs-dot-jar/jackrabbit-oak/oak-pojosr/target/classes
[[1;34mINFO[m] 
[[1;34mINFO[m] [1m--- [0;32mgmaven-plugin:1.4:generateTestStubs[m [1m(default)[m @ [36moak-pojosr[0;1m ---[m
[[1;34mINFO[m] Generated 17 Java stubs
[[1;34mINFO[m] 
[[1;34mINFO[m] [1m--- [0;32mmaven-resources-plugin:2.6:testResources[m [1m(default-testResources)[m @ [36moak-pojosr[0;1m ---[m
[[1;34mINFO[m] Using 'UTF-8' encoding to copy filtered resources.
[[1;34mINFO[m] Copying 14 resources
[[1;34mINFO[m] Copying 3 resources
[[1;34mINFO[m] 
[[1;34mINFO[m] [1m--- [0;32mmaven-compiler-plugin:2.5.1:testCompile[m [1m(default-testCompile)[m @ [36moak-pojosr[0;1m ---[m
[[1;34mINFO[m] Compiling 12 source files to /home/user/Workspace/reproducibility/Reproducibility-Scanner/benchmarks/bugs-dot-jar/jackrabbit-oak/oak-pojosr/target/test-classes
[[1;34mINFO[m] 
[[1;34mINFO[m] [1m--- [0;32mgmaven-plugin:1.4:testCompile[m [1m(default)[m @ [36moak-pojosr[0;1m ---[m
[[1;34mINFO[m] Compiled 22 Groovy classes
[[1;34mINFO[m] 
[[1;34mINFO[m] [1m--- [0;32mmaven-surefire-plugin:2.12.4:test[m [1m(default-test)[m @ [36moak-pojosr[0;1m ---[m
[[1;34mINFO[m] Tests are skipped.
[[1;34mINFO[m] 
[[1;34mINFO[m] [1m--- [0;32mjacoco-maven-plugin:0.7.1.201405082137:report[m [1m(post-unit-test)[m @ [36moak-pojosr[0;1m ---[m
[[1;34mINFO[m] Skipping JaCoCo execution because property jacoco.skip is set.
[[1;34mINFO[m] 
[[1;34mINFO[m] [1m--- [0;32mmaven-jar-plugin:2.4:jar[m [1m(default-jar)[m @ [36moak-pojosr[0;1m ---[m
[[1;34mINFO[m] Building jar: /home/user/Workspace/reproducibility/Reproducibility-Scanner/benchmarks/bugs-dot-jar/jackrabbit-oak/oak-pojosr/target/oak-pojosr-1.1-SNAPSHOT.jar
[[1;34mINFO[m] 
[[1;34mINFO[m] [1m--- [0;32mmaven-site-plugin:3.3:attach-descriptor[m [1m(attach-descriptor)[m @ [36moak-pojosr[0;1m ---[m
[[1;34mINFO[m] 
[[1;34mINFO[m] [1m--- [0;32mmaven-install-plugin:2.3.1:install[m [1m(default-install)[m @ [36moak-pojosr[0;1m ---[m
[[1;34mINFO[m] Installing /home/user/Workspace/reproducibility/Reproducibility-Scanner/benchmarks/bugs-dot-jar/jackrabbit-oak/oak-pojosr/target/oak-pojosr-1.1-SNAPSHOT.jar to /home/user/.m2/repository/org/apache/jackrabbit/oak-pojosr/1.1-SNAPSHOT/oak-pojosr-1.1-SNAPSHOT.jar
[[1;34mINFO[m] Installing /home/user/Workspace/reproducibility/Reproducibility-Scanner/benchmarks/bugs-dot-jar/jackrabbit-oak/oak-pojosr/pom.xml to /home/user/.m2/repository/org/apache/jackrabbit/oak-pojosr/1.1-SNAPSHOT/oak-pojosr-1.1-SNAPSHOT.pom
[[1;34mINFO[m] 
[[1;34mINFO[m] [1m----------------< [0;36morg.apache.jackrabbit:jackrabbit-oak[0;1m >----------------[m
[[1;34mINFO[m] [1mBuilding Jackrabbit Oak 1.1-SNAPSHOT                             [22/23][m
[[1;34mINFO[m] [1m--------------------------------[ pom ]---------------------------------[m
[[1;34mINFO[m] 
[[1;34mINFO[m] [1m--- [0;32mjacoco-maven-plugin:0.7.1.201405082137:prepare-agent[m [1m(pre-unit-test)[m @ [36mjackrabbit-oak[0;1m ---[m
[[1;34mINFO[m] Skipping JaCoCo execution because property jacoco.skip is set.
[[1;34mINFO[m] test.opts.coverage set to empty
[[1;34mINFO[m] 
[[1;34mINFO[m] [1m--- [0;32mmaven-remote-resources-plugin:1.4:process[m [1m(default)[m @ [36mjackrabbit-oak[0;1m ---[m
[[1;34mINFO[m] 
[[1;34mINFO[m] [1m--- [0;32mjacoco-maven-plugin:0.7.1.201405082137:report[m [1m(post-unit-test)[m @ [36mjackrabbit-oak[0;1m ---[m
[[1;34mINFO[m] Skipping JaCoCo execution because property jacoco.skip is set.
[[1;34mINFO[m] 
[[1;34mINFO[m] [1m--- [0;32mmaven-site-plugin:3.3:attach-descriptor[m [1m(attach-descriptor)[m @ [36mjackrabbit-oak[0;1m ---[m
[[1;34mINFO[m] 
[[1;34mINFO[m] [1m--- [0;32mmaven-install-plugin:2.3.1:install[m [1m(default-install)[m @ [36mjackrabbit-oak[0;1m ---[m
[[1;34mINFO[m] Installing /home/user/Workspace/reproducibility/Reproducibility-Scanner/benchmarks/bugs-dot-jar/jackrabbit-oak/pom.xml to /home/user/.m2/repository/org/apache/jackrabbit/jackrabbit-oak/1.1-SNAPSHOT/jackrabbit-oak-1.1-SNAPSHOT.pom
[[1;34mINFO[m] 
[[1;34mINFO[m] [1m------------< [0;36morg.apache.jackrabbit:oak-authorization-cug[0;1m >-------------[m
[[1;34mINFO[m] [1mBuilding Oak CUG 1.1-SNAPSHOT                                    [23/23][m
[[1;34mINFO[m] [1m-------------------------------[ bundle ]-------------------------------[m
[[1;34mINFO[m] 
[[1;34mINFO[m] [1m--- [0;32mjacoco-maven-plugin:0.7.1.201405082137:prepare-agent[m [1m(pre-unit-test)[m @ [36moak-authorization-cug[0;1m ---[m
[[1;34mINFO[m] Skipping JaCoCo execution because property jacoco.skip is set.
[[1;34mINFO[m] test.opts.coverage set to empty
[[1;34mINFO[m] 
[[1;34mINFO[m] [1m--- [0;32mmaven-remote-resources-plugin:1.4:process[m [1m(default)[m @ [36moak-authorization-cug[0;1m ---[m
[[1;34mINFO[m] 
[[1;34mINFO[m] [1m--- [0;32mmaven-resources-plugin:2.6:resources[m [1m(default-resources)[m @ [36moak-authorization-cug[0;1m ---[m
[[1;34mINFO[m] Using 'UTF-8' encoding to copy filtered resources.
[[1;34mINFO[m] Copying 1 resource
[[1;34mINFO[m] Copying 3 resources
[[1;34mINFO[m] 
[[1;34mINFO[m] [1m--- [0;32mmaven-compiler-plugin:2.5.1:compile[m [1m(default-compile)[m @ [36moak-authorization-cug[0;1m ---[m
[[1;34mINFO[m] Compiling 11 source files to /home/user/Workspace/reproducibility/Reproducibility-Scanner/benchmarks/bugs-dot-jar/jackrabbit-oak/oak-authorization-cug/target/classes
[[1;34mINFO[m] 
[[1;34mINFO[m] [1m--- [0;32mmaven-scr-plugin:1.16.0:scr[m [1m(generate-scr-scrdescriptor)[m @ [36moak-authorization-cug[0;1m ---[m
[[1;34mINFO[m] Writing 1 Service Component Descriptors to /home/user/Workspace/reproducibility/Reproducibility-Scanner/benchmarks/bugs-dot-jar/jackrabbit-oak/oak-authorization-cug/target/classes/OSGI-INF/org.apache.jackrabbit.oak.spi.security.authorization.cug.impl.CugExcludeImpl.xml
[[1;34mINFO[m] Writing 1 Service Component Descriptors to /home/user/Workspace/reproducibility/Reproducibility-Scanner/benchmarks/bugs-dot-jar/jackrabbit-oak/oak-authorization-cug/target/classes/OSGI-INF/org.apache.jackrabbit.oak.spi.security.authorization.cug.impl.CugConfiguration.xml
[[1;34mINFO[m] 
[[1;34mINFO[m] [1m--- [0;32mmaven-resources-plugin:2.6:testResources[m [1m(default-testResources)[m @ [36moak-authorization-cug[0;1m ---[m
[[1;34mINFO[m] Using 'UTF-8' encoding to copy filtered resources.
[[1;34mINFO[m] skip non existing resourceDirectory /home/user/Workspace/reproducibility/Reproducibility-Scanner/benchmarks/bugs-dot-jar/jackrabbit-oak/oak-authorization-cug/src/test/resources
[[1;34mINFO[m] Copying 3 resources
[[1;34mINFO[m] 
[[1;34mINFO[m] [1m--- [0;32mmaven-compiler-plugin:2.5.1:testCompile[m [1m(default-testCompile)[m @ [36moak-authorization-cug[0;1m ---[m
[[1;34mINFO[m] Compiling 5 source files to /home/user/Workspace/reproducibility/Reproducibility-Scanner/benchmarks/bugs-dot-jar/jackrabbit-oak/oak-authorization-cug/target/test-classes
[[1;34mINFO[m] 
[[1;34mINFO[m] [1m--- [0;32mmaven-surefire-plugin:2.12.4:test[m [1m(default-test)[m @ [36moak-authorization-cug[0;1m ---[m
[[1;34mINFO[m] Tests are skipped.
[[1;34mINFO[m] 
[[1;34mINFO[m] [1m--- [0;32mjacoco-maven-plugin:0.7.1.201405082137:report[m [1m(post-unit-test)[m @ [36moak-authorization-cug[0;1m ---[m
[[1;34mINFO[m] Skipping JaCoCo execution because property jacoco.skip is set.
[[1;34mINFO[m] 
[[1;34mINFO[m] [1m--- [0;32mmaven-bundle-plugin:2.5.0:bundle[m [1m(default-bundle)[m @ [36moak-authorization-cug[0;1m ---[m
[[1;34mINFO[m] 
[[1;34mINFO[m] [1m--- [0;32mmaven-site-plugin:3.3:attach-descriptor[m [1m(attach-descriptor)[m @ [36moak-authorization-cug[0;1m ---[m
[[1;34mINFO[m] 
[[1;34mINFO[m] [1m--- [0;32mmaven-jar-plugin:2.4:test-jar[m [1m(default)[m @ [36moak-authorization-cug[0;1m ---[m
[[1;34mINFO[m] Building jar: /home/user/Workspace/reproducibility/Reproducibility-Scanner/benchmarks/bugs-dot-jar/jackrabbit-oak/oak-authorization-cug/target/oak-authorization-cug-1.1-SNAPSHOT-tests.jar
[[1;34mINFO[m] 
[[1;34mINFO[m] [1m--- [0;32mmaven-bundle-plugin:2.5.0:baseline[m [1m(baseline)[m @ [36moak-authorization-cug[0;1m ---[m
[[1;34mINFO[m] Unable to find a previous version of the project in the repository
[[1;34mINFO[m] Not generating Baseline report as there is no previous version of the library to compare against
[[1;34mINFO[m] 
[[1;34mINFO[m] [1m--- [0;32mmaven-install-plugin:2.3.1:install[m [1m(default-install)[m @ [36moak-authorization-cug[0;1m ---[m
[[1;34mINFO[m] Installing /home/user/Workspace/reproducibility/Reproducibility-Scanner/benchmarks/bugs-dot-jar/jackrabbit-oak/oak-authorization-cug/target/oak-authorization-cug-1.1-SNAPSHOT.jar to /home/user/.m2/repository/org/apache/jackrabbit/oak-authorization-cug/1.1-SNAPSHOT/oak-authorization-cug-1.1-SNAPSHOT.jar
[[1;34mINFO[m] Installing /home/user/Workspace/reproducibility/Reproducibility-Scanner/benchmarks/bugs-dot-jar/jackrabbit-oak/oak-authorization-cug/pom.xml to /home/user/.m2/repository/org/apache/jackrabbit/oak-authorization-cug/1.1-SNAPSHOT/oak-authorization-cug-1.1-SNAPSHOT.pom
[[1;34mINFO[m] Installing /home/user/Workspace/reproducibility/Reproducibility-Scanner/benchmarks/bugs-dot-jar/jackrabbit-oak/oak-authorization-cug/target/oak-authorization-cug-1.1-SNAPSHOT-tests.jar to /home/user/.m2/repository/org/apache/jackrabbit/oak-authorization-cug/1.1-SNAPSHOT/oak-authorization-cug-1.1-SNAPSHOT-tests.jar
[[1;34mINFO[m] 
[[1;34mINFO[m] [1m--- [0;32mmaven-bundle-plugin:2.5.0:install[m [1m(default-install)[m @ [36moak-authorization-cug[0;1m ---[m
[[1;34mINFO[m] Local OBR update disabled (enable with -DobrRepository)
[[1;34mINFO[m] [1m------------------------------------------------------------------------[m
[[1;34mINFO[m] [1mReactor Summary for Jackrabbit Oak 1.1-SNAPSHOT:[m
[[1;34mINFO[m] 
[[1;34mINFO[m] Oak Parent POM ..................................... [1;32mSUCCESS[m [  1.112 s]
[[1;34mINFO[m] Oak MicroKernel API ................................ [1;32mSUCCESS[m [  1.576 s]
[[1;34mINFO[m] Oak Commons ........................................ [1;32mSUCCESS[m [  1.274 s]
[[1;34mINFO[m] Oak Blob Store ..................................... [1;32mSUCCESS[m [  0.712 s]
[[1;34mINFO[m] Oak MicroKernel .................................... [1;32mSUCCESS[m [  0.982 s]
[[1;34mINFO[m] Oak MicroKernel Remoting ........................... [1;32mSUCCESS[m [  0.441 s]
[[1;34mINFO[m] Oak Core ........................................... [1;31mFAILURE[m [ 10.768 s]
[[1;34mINFO[m] Oak JCR Binding .................................... [1;31mFAILURE[m [ 12.006 s]
[[1;34mINFO[m] Oak upgrade ........................................ [1;32mSUCCESS[m [  1.656 s]
[[1;34mINFO[m] Oak HTTP Binding ................................... [1;32mSUCCESS[m [  0.309 s]
[[1;34mINFO[m] Oak Lucene ......................................... [1;32mSUCCESS[m [  5.379 s]
[[1;34mINFO[m] Oak Solr core ...................................... [1;32mSUCCESS[m [  1.017 s]
[[1;34mINFO[m] Oak Solr OSGi ...................................... [1;32mSUCCESS[m [ 11.372 s]
[[1;34mINFO[m] Oak External Authentication Support ................ [1;32mSUCCESS[m [  0.570 s]
[[1;34mINFO[m] Oak LDAP Authentication Support .................... [1;32mSUCCESS[m [  1.330 s]
[[1;34mINFO[m] Oak TarMK Failover ................................. [1;32mSUCCESS[m [  1.049 s]
[[1;34mINFO[m] Oak Runnable Jar ................................... [1;32mSUCCESS[m [ 18.077 s]
[[1;34mINFO[m] Oak Integration Tests for MicroKernel implementations [1;32mSUCCESS[m [  0.252 s]
[[1;34mINFO[m] Oak Integration Tests for OSGi deployments ......... [1;32mSUCCESS[m [  1.092 s]
[[1;34mINFO[m] Oak Integration Tests .............................. [1;32mSUCCESS[m [  0.012 s]
[[1;34mINFO[m] Oak PojoSR ......................................... [1;32mSUCCESS[m [  1.433 s]
[[1;34mINFO[m] Jackrabbit Oak ..................................... [1;32mSUCCESS[m [  0.017 s]
[[1;34mINFO[m] Oak CUG ............................................ [1;32mSUCCESS[m [  0.385 s]
[[1;34mINFO[m] [1m------------------------------------------------------------------------[m
[[1;34mINFO[m] [1;31mBUILD FAILURE[m
[[1;34mINFO[m] [1m------------------------------------------------------------------------[m
[[1;34mINFO[m] Total time:  01:13 min
[[1;34mINFO[m] Finished at: 2022-08-01T11:42:03-07:00
[[1;34mINFO[m] [1m------------------------------------------------------------------------[m
[[1;31mERROR[m] Failed to execute goal [32morg.apache.maven.plugins:maven-compiler-plugin:2.5.1:compile[m [1m(default-compile)[m on project [36moak-core[m: [1;31mCompilation failure[m
[[1;31mERROR[m] [1;31m/home/user/Workspace/reproducibility/Reproducibility-Scanner/benchmarks/bugs-dot-jar/jackrabbit-oak/oak-core/src/main/java/org/apache/jackrabbit/oak/plugins/blob/datastore/DataStoreWrapperBackend.java:[42,7] error: DataStoreWrapperBackend is not abstract and does not override abstract method touchAsync(DataIdentifier,long,AsyncTouchCallback) in Backend[m
[[1;31mERROR[m] [1;31m[m
[[1;31mERROR[m] -> [1m[Help 1][m
[[1;31mERROR[m] Failed to execute goal [32morg.apache.maven.plugins:maven-compiler-plugin:2.5.1:compile[m [1m(default-compile)[m on project [36moak-jcr[m: [1;31mCompilation failure[m: Compilation failure: 
[[1;31mERROR[m] /home/user/Workspace/reproducibility/Reproducibility-Scanner/benchmarks/bugs-dot-jar/jackrabbit-oak/oak-jcr/src/main/java/org/apache/jackrabbit/oak/jcr/session/SessionContext.java:[308,4] error: method does not override or implement a method from a supertype
[[1;31mERROR[m] /home/user/Workspace/reproducibility/Reproducibility-Scanner/benchmarks/bugs-dot-jar/jackrabbit-oak/oak-jcr/src/main/java/org/apache/jackrabbit/oak/jcr/session/SessionContext.java:[311,29] error: cannot find symbol
[[1;31mERROR[m] -> [1m[Help 1][m
[[1;31mERROR[m] 
[[1;31mERROR[m] To see the full stack trace of the errors, re-run Maven with the [1m-e[m switch.
[[1;31mERROR[m] Re-run Maven using the [1m-X[m switch to enable full debug logging.
[[1;31mERROR[m] 
[[1;31mERROR[m] For more information about the errors and possible solutions, please read the following articles:
[[1;31mERROR[m] [1m[Help 1][m http://cwiki.apache.org/confluence/display/MAVEN/MojoFailureException
[[1;31mERROR[m] 
[[1;31mERROR[m] After correcting the problems, you can resume the build with the command
[[1;31mERROR[m]   [1mmvn <args> -rf :oak-core[m
[[1;34mINFO[m] Build failures were ignored.
[[1;34mINFO[m] Scanning for projects...
[[1;34mINFO[m] 
[[1;34mINFO[m] [1m-----------------< [0;36morg.apache.jackrabbit:oak-upgrade[0;1m >------------------[m
[[1;34mINFO[m] [1mBuilding Oak upgrade 1.1-SNAPSHOT[m
[[1;34mINFO[m] [1m--------------------------------[ jar ]---------------------------------[m
[[1;34mINFO[m] 
[[1;34mINFO[m] [1m--- [0;32mjacoco-maven-plugin:0.7.1.201405082137:prepare-agent[m [1m(pre-unit-test)[m @ [36moak-upgrade[0;1m ---[m
[[1;34mINFO[m] Skipping JaCoCo execution because property jacoco.skip is set.
[[1;34mINFO[m] test.opts.coverage set to empty
[[1;34mINFO[m] 
[[1;34mINFO[m] [1m--- [0;32mmaven-remote-resources-plugin:1.4:process[m [1m(default)[m @ [36moak-upgrade[0;1m ---[m
[[1;34mINFO[m] 
[[1;34mINFO[m] [1m--- [0;32mmaven-resources-plugin:2.6:resources[m [1m(default-resources)[m @ [36moak-upgrade[0;1m ---[m
[[1;34mINFO[m] Using 'UTF-8' encoding to copy filtered resources.
[[1;34mINFO[m] skip non existing resourceDirectory /home/user/Workspace/reproducibility/Reproducibility-Scanner/benchmarks/bugs-dot-jar/jackrabbit-oak/oak-upgrade/src/main/resources
[[1;34mINFO[m] Copying 3 resources
[[1;34mINFO[m] 
[[1;34mINFO[m] [1m--- [0;32mmaven-compiler-plugin:2.5.1:compile[m [1m(default-compile)[m @ [36moak-upgrade[0;1m ---[m
[[1;34mINFO[m] Nothing to compile - all classes are up to date
[[1;34mINFO[m] 
[[1;34mINFO[m] [1m--- [0;32mmaven-resources-plugin:2.6:testResources[m [1m(default-testResources)[m @ [36moak-upgrade[0;1m ---[m
[[1;34mINFO[m] Using 'UTF-8' encoding to copy filtered resources.
[[1;34mINFO[m] Copying 3 resources
[[1;34mINFO[m] Copying 3 resources
[[1;34mINFO[m] 
[[1;34mINFO[m] [1m--- [0;32mmaven-compiler-plugin:2.5.1:testCompile[m [1m(default-testCompile)[m @ [36moak-upgrade[0;1m ---[m
[[1;34mINFO[m] Nothing to compile - all classes are up to date
[[1;34mINFO[m] 
[[1;34mINFO[m] [1m--- [0;32mmaven-surefire-plugin:2.12.4:test[m [1m(default-test)[m @ [36moak-upgrade[0;1m ---[m
[[1;34mINFO[m] Surefire report directory: /home/user/Workspace/reproducibility/Reproducibility-Scanner/benchmarks/bugs-dot-jar/jackrabbit-oak/oak-upgrade/target/surefire-reports

-------------------------------------------------------
 T E S T S
-------------------------------------------------------
Running org.apache.jackrabbit.oak.upgrade.RepositoryUpgradeTest
Tests run: 9, Failures: 1, Errors: 0, Skipped: 0, Time elapsed: 7.965 sec <<< FAILURE!
verifyPrivileges(org.apache.jackrabbit.oak.upgrade.RepositoryUpgradeTest)  Time elapsed: 0.028 sec  <<< FAILURE!
junit.framework.AssertionFailedError: Miss match in aggregate privilege jcr:all expected [rep:readNodes, rep:readProperties, rep:addProperties, rep:alterProperties, rep:removeProperties, jcr:addChildNodes, jcr:removeChildNodes, jcr:removeNode, jcr:readAccessControl, jcr:modifyAccessControl, jcr:nodeTypeManagement, jcr:versionManagement, jcr:lockManagement, jcr:lifecycleManagement, jcr:retentionManagement, jcr:workspaceManagement, jcr:nodeTypeDefinitionManagement, jcr:namespaceManagement, rep:privilegeManagement, rep:userManagement, rep:indexDefinitionManagement, jcr:read, jcr:modifyProperties, jcr:write, rep:write] actual [jcr:versionManagement, jcr:addChildNodes, jcr:readAccessControl, jcr:nodeTypeDefinitionManagement, jcr:retentionManagement, jcr:lifecycleManagement, rep:alterProperties, jcr:removeNode, rep:readProperties, jcr:write, rep:privilegeManagement, jcr:workspaceManagement, rep:removeProperties, jcr:modifyAccessControl, test:aggregate, jcr:read, jcr:namespaceManagement, rep:write, rep:addProperties, jcr:lockManagement, jcr:nodeTypeManagement, jcr:removeChildNodes, test:privilege, jcr:modifyProperties, rep:readNodes]
	at junit.framework.Assert.fail(Assert.java:50)
	at junit.framework.Assert.assertTrue(Assert.java:20)
	at org.apache.jackrabbit.oak.upgrade.RepositoryUpgradeTest.verifyPrivileges(RepositoryUpgradeTest.java:258)
	at sun.reflect.NativeMethodAccessorImpl.invoke0(Native Method)
	at sun.reflect.NativeMethodAccessorImpl.invoke(NativeMethodAccessorImpl.java:62)
	at sun.reflect.DelegatingMethodAccessorImpl.invoke(DelegatingMethodAccessorImpl.java:43)
	at java.lang.reflect.Method.invoke(Method.java:498)
	at org.junit.runners.model.FrameworkMethod$1.runReflectiveCall(FrameworkMethod.java:45)
	at org.junit.internal.runners.model.ReflectiveCallable.run(ReflectiveCallable.java:15)
	at org.junit.runners.model.FrameworkMethod.invokeExplosively(FrameworkMethod.java:42)
	at org.junit.internal.runners.statements.InvokeMethod.evaluate(InvokeMethod.java:20)
	at org.junit.internal.runners.statements.RunBefores.evaluate(RunBefores.java:28)
	at org.junit.runners.ParentRunner.runLeaf(ParentRunner.java:263)
	at org.junit.runners.BlockJUnit4ClassRunner.runChild(BlockJUnit4ClassRunner.java:68)
	at org.junit.runners.BlockJUnit4ClassRunner.runChild(BlockJUnit4ClassRunner.java:47)
	at org.junit.runners.ParentRunner$3.run(ParentRunner.java:231)
	at org.junit.runners.ParentRunner$1.schedule(ParentRunner.java:60)
	at org.junit.runners.ParentRunner.runChildren(ParentRunner.java:229)
	at org.junit.runners.ParentRunner.access$000(ParentRunner.java:50)
	at org.junit.runners.ParentRunner$2.evaluate(ParentRunner.java:222)
	at org.junit.internal.runners.statements.RunBefores.evaluate(RunBefores.java:28)
	at org.junit.runners.ParentRunner.run(ParentRunner.java:300)
	at org.apache.maven.surefire.junit4.JUnit4Provider.execute(JUnit4Provider.java:252)
	at org.apache.maven.surefire.junit4.JUnit4Provider.executeTestSet(JUnit4Provider.java:141)
	at org.apache.maven.surefire.junit4.JUnit4Provider.invoke(JUnit4Provider.java:112)
	at sun.reflect.NativeMethodAccessorImpl.invoke0(Native Method)
	at sun.reflect.NativeMethodAccessorImpl.invoke(NativeMethodAccessorImpl.java:62)
	at sun.reflect.DelegatingMethodAccessorImpl.invoke(DelegatingMethodAccessorImpl.java:43)
	at java.lang.reflect.Method.invoke(Method.java:498)
	at org.apache.maven.surefire.util.ReflectionUtils.invokeMethodWithArray(ReflectionUtils.java:189)
	at org.apache.maven.surefire.booter.ProviderFactory$ProviderProxy.invoke(ProviderFactory.java:165)
	at org.apache.maven.surefire.booter.ProviderFactory.invokeProvider(ProviderFactory.java:85)
	at org.apache.maven.surefire.booter.ForkedBooter.runSuitesInProcess(ForkedBooter.java:115)
	at org.apache.maven.surefire.booter.ForkedBooter.main(ForkedBooter.java:75)

Running org.apache.jackrabbit.oak.upgrade.TickerTest
Tests run: 2, Failures: 0, Errors: 0, Skipped: 0, Time elapsed: 0.007 sec
Running org.apache.jackrabbit.oak.upgrade.RepositoryGroupMemberUpgradeTest
Tests run: 3, Failures: 0, Errors: 0, Skipped: 0, Time elapsed: 3.18 sec
Running org.apache.jackrabbit.oak.upgrade.RepositoryGroupMemberSplitUpgradeTest
Tests run: 3, Failures: 0, Errors: 0, Skipped: 0, Time elapsed: 3.472 sec

Results :

Failed tests:   verifyPrivileges(org.apache.jackrabbit.oak.upgrade.RepositoryUpgradeTest): Miss match in aggregate privilege jcr:all expected [rep:readNodes, rep:readProperties, rep:addProperties, rep:alterProperties, rep:removeProperties, jcr:addChildNodes, jcr:removeChildNodes, jcr:removeNode, jcr:readAccessControl, jcr:modifyAccessControl, jcr:nodeTypeManagement, jcr:versionManagement, jcr:lockManagement, jcr:lifecycleManagement, jcr:retentionManagement, jcr:workspaceManagement, jcr:nodeTypeDefinitionManagement, jcr:namespaceManagement, rep:privilegeManagement, rep:userManagement, rep:indexDefinitionManagement, jcr:read, jcr:modifyProperties, jcr:write, rep:write] actual [jcr:versionManagement, jcr:addChildNodes, jcr:readAccessControl, jcr:nodeTypeDefinitionManagement, jcr:retentionManagement, jcr:lifecycleManagement, rep:alterProperties, jcr:removeNode, rep:readProperties, jcr:write, rep:privilegeManagement, jcr:workspaceManagement, rep:removeProperties, jcr:modifyAccessControl, test:aggregate, jcr:read, jcr:namespaceManagement, rep:write, rep:addProperties, jcr:lockManagement, jcr:nodeTypeManagement, jcr:removeChildNodes, test:privilege, jcr:modifyProperties, rep:readNodes]

Tests run: 17, Failures: 1, Errors: 0, Skipped: 0

[[1;34mINFO[m] [1m------------------------------------------------------------------------[m
[[1;34mINFO[m] [1;31mBUILD FAILURE[m
[[1;34mINFO[m] [1m------------------------------------------------------------------------[m
[[1;34mINFO[m] Total time:  16.940 s
[[1;34mINFO[m] Finished at: 2022-08-01T11:42:21-07:00
[[1;34mINFO[m] [1m------------------------------------------------------------------------[m
[[1;31mERROR[m] Failed to execute goal [32morg.apache.maven.plugins:maven-surefire-plugin:2.12.4:test[m [1m(default-test)[m on project [36moak-upgrade[m: [1;31mThere are test failures.[m
[[1;31mERROR[m] [1;31m[m
[[1;31mERROR[m] [1;31mPlease refer to /home/user/Workspace/reproducibility/Reproducibility-Scanner/benchmarks/bugs-dot-jar/jackrabbit-oak/oak-upgrade/target/surefire-reports for the individual test results.[m
[[1;31mERROR[m] -> [1m[Help 1][m
[[1;31mERROR[m] 
[[1;31mERROR[m] To see the full stack trace of the errors, re-run Maven with the [1m-e[m switch.
[[1;31mERROR[m] Re-run Maven using the [1m-X[m switch to enable full debug logging.
[[1;31mERROR[m] 
[[1;31mERROR[m] For more information about the errors and possible solutions, please read the following articles:
[[1;31mERROR[m] [1m[Help 1][m http://cwiki.apache.org/confluence/display/MAVEN/MojoFailureException