[[1;34mINFO[m] Scanning for projects...
[[1;34mINFO[m] [1m------------------------------------------------------------------------[m
[[1;34mINFO[m] [1mReactor Build Order:[m
[[1;34mINFO[m] 
[[1;34mINFO[m] Oak Parent POM                                                     [pom]
[[1;34mINFO[m] Oak Commons                                                     [bundle]
[[1;34mINFO[m] Oak MicroKernel API                                             [bundle]
[[1;34mINFO[m] Oak MicroKernel                                                 [bundle]
[[1;34mINFO[m] Oak MicroKernel Remoting                                        [bundle]
[[1;34mINFO[m] Oak Mongo MicroKernel                                           [bundle]
[[1;34mINFO[m] Oak Integration Tests for MicroKernel implementations              [jar]
[[1;34mINFO[m] Oak Core                                                        [bundle]
[[1;34mINFO[m] Oak JCR Binding                                                 [bundle]
[[1;34mINFO[m] Oak upgrade                                                        [jar]
[[1;34mINFO[m] Oak support for Apache Sling                                    [bundle]
[[1;34mINFO[m] Oak HTTP Binding                                                [bundle]
[[1;34mINFO[m] Oak Lucene                                                      [bundle]
[[1;34mINFO[m] Oak Solr core                                                   [bundle]
[[1;34mINFO[m] Oak Solr remote                                                 [bundle]
[[1;34mINFO[m] Oak Solr embedded                                               [bundle]
[[1;34mINFO[m] Oak Runnable Jar                                                   [jar]
[[1;34mINFO[m] Oak Integration Tests for OSGi deployments                         [jar]
[[1;34mINFO[m] Oak Integration Tests                                              [pom]
[[1;34mINFO[m] Jackrabbit Oak                                                     [pom]
[[1;34mINFO[m] 
[[1;34mINFO[m] [1m------------------< [0;36morg.apache.jackrabbit:oak-parent[0;1m >------------------[m
[[1;34mINFO[m] [1mBuilding Oak Parent POM 0.9-SNAPSHOT                              [1/20][m
[[1;34mINFO[m] [1m--------------------------------[ pom ]---------------------------------[m
[[1;34mINFO[m] 
[[1;34mINFO[m] [1m--- [0;32mmaven-remote-resources-plugin:1.2.1:process[m [1m(default)[m @ [36moak-parent[0;1m ---[m
[[1;34mINFO[m] 
[[1;34mINFO[m] [1m--- [0;32mmaven-site-plugin:3.0:attach-descriptor[m [1m(attach-descriptor)[m @ [36moak-parent[0;1m ---[m
[[1;34mINFO[m] 
[[1;34mINFO[m] [1m--- [0;32mmaven-install-plugin:2.3.1:install[m [1m(default-install)[m @ [36moak-parent[0;1m ---[m
[[1;34mINFO[m] Installing /home/user/Workspace/reproducibility/Reproducibility-Scanner/benchmarks/bugs-dot-jar/jackrabbit-oak/oak-parent/pom.xml to /home/user/.m2/repository/org/apache/jackrabbit/oak-parent/0.9-SNAPSHOT/oak-parent-0.9-SNAPSHOT.pom
[[1;34mINFO[m] 
[[1;34mINFO[m] [1m-----------------< [0;36morg.apache.jackrabbit:oak-commons[0;1m >------------------[m
[[1;34mINFO[m] [1mBuilding Oak Commons 0.9-SNAPSHOT                                 [2/20][m
[[1;34mINFO[m] [1m-------------------------------[ bundle ]-------------------------------[m
[[1;34mINFO[m] 
[[1;34mINFO[m] [1m--- [0;32mmaven-remote-resources-plugin:1.2.1:process[m [1m(default)[m @ [36moak-commons[0;1m ---[m
[[1;34mINFO[m] 
[[1;34mINFO[m] [1m--- [0;32mmaven-resources-plugin:2.5:resources[m [1m(default-resources)[m @ [36moak-commons[0;1m ---[m
[debug] execute contextualize
[[1;34mINFO[m] Using 'UTF-8' encoding to copy filtered resources.
[[1;34mINFO[m] skip non existing resourceDirectory /home/user/Workspace/reproducibility/Reproducibility-Scanner/benchmarks/bugs-dot-jar/jackrabbit-oak/oak-commons/src/main/resources
[[1;34mINFO[m] Copying 3 resources
[[1;34mINFO[m] 
[[1;34mINFO[m] [1m--- [0;32mmaven-compiler-plugin:2.3.2:compile[m [1m(default-compile)[m @ [36moak-commons[0;1m ---[m
[[1;34mINFO[m] Compiling 1 source file to /home/user/Workspace/reproducibility/Reproducibility-Scanner/benchmarks/bugs-dot-jar/jackrabbit-oak/oak-commons/target/classes
[[1;34mINFO[m] 
[[1;34mINFO[m] [1m--- [0;32mmaven-resources-plugin:2.5:testResources[m [1m(default-testResources)[m @ [36moak-commons[0;1m ---[m
[debug] execute contextualize
[[1;34mINFO[m] Using 'UTF-8' encoding to copy filtered resources.
[[1;34mINFO[m] skip non existing resourceDirectory /home/user/Workspace/reproducibility/Reproducibility-Scanner/benchmarks/bugs-dot-jar/jackrabbit-oak/oak-commons/src/test/resources
[[1;34mINFO[m] Copying 3 resources
[[1;34mINFO[m] 
[[1;34mINFO[m] [1m--- [0;32mmaven-compiler-plugin:2.3.2:testCompile[m [1m(default-testCompile)[m @ [36moak-commons[0;1m ---[m
[[1;34mINFO[m] Compiling 1 source file to /home/user/Workspace/reproducibility/Reproducibility-Scanner/benchmarks/bugs-dot-jar/jackrabbit-oak/oak-commons/target/test-classes
[[1;34mINFO[m] 
[[1;34mINFO[m] [1m--- [0;32mmaven-surefire-plugin:2.9:test[m [1m(default-test)[m @ [36moak-commons[0;1m ---[m
[[1;34mINFO[m] Tests are skipped.
[[1;34mINFO[m] 
[[1;34mINFO[m] [1m--- [0;32mmaven-bundle-plugin:2.3.7:bundle[m [1m(default-bundle)[m @ [36moak-commons[0;1m ---[m
[[1;34mINFO[m] 
[[1;34mINFO[m] [1m--- [0;32mmaven-site-plugin:3.0:attach-descriptor[m [1m(attach-descriptor)[m @ [36moak-commons[0;1m ---[m
[[1;34mINFO[m] 
[[1;34mINFO[m] [1m--- [0;32mmaven-install-plugin:2.3.1:install[m [1m(default-install)[m @ [36moak-commons[0;1m ---[m
[[1;34mINFO[m] Installing /home/user/Workspace/reproducibility/Reproducibility-Scanner/benchmarks/bugs-dot-jar/jackrabbit-oak/oak-commons/target/oak-commons-0.9-SNAPSHOT.jar to /home/user/.m2/repository/org/apache/jackrabbit/oak-commons/0.9-SNAPSHOT/oak-commons-0.9-SNAPSHOT.jar
[[1;34mINFO[m] Installing /home/user/Workspace/reproducibility/Reproducibility-Scanner/benchmarks/bugs-dot-jar/jackrabbit-oak/oak-commons/pom.xml to /home/user/.m2/repository/org/apache/jackrabbit/oak-commons/0.9-SNAPSHOT/oak-commons-0.9-SNAPSHOT.pom
[[1;34mINFO[m] 
[[1;34mINFO[m] [1m--- [0;32mmaven-bundle-plugin:2.3.7:install[m [1m(default-install)[m @ [36moak-commons[0;1m ---[m
[[1;34mINFO[m] Local OBR update disabled (enable with -DobrRepository)
[[1;34mINFO[m] 
[[1;34mINFO[m] [1m------------------< [0;36morg.apache.jackrabbit:oak-mk-api[0;1m >------------------[m
[[1;34mINFO[m] [1mBuilding Oak MicroKernel API 0.9-SNAPSHOT                         [3/20][m
[[1;34mINFO[m] [1m-------------------------------[ bundle ]-------------------------------[m
[[1;34mINFO[m] 
[[1;34mINFO[m] [1m--- [0;32mmaven-remote-resources-plugin:1.2.1:process[m [1m(default)[m @ [36moak-mk-api[0;1m ---[m
[[1;34mINFO[m] 
[[1;34mINFO[m] [1m--- [0;32mmaven-resources-plugin:2.5:resources[m [1m(default-resources)[m @ [36moak-mk-api[0;1m ---[m
[debug] execute contextualize
[[1;34mINFO[m] Using 'UTF-8' encoding to copy filtered resources.
[[1;34mINFO[m] skip non existing resourceDirectory /home/user/Workspace/reproducibility/Reproducibility-Scanner/benchmarks/bugs-dot-jar/jackrabbit-oak/oak-mk-api/src/main/resources
[[1;34mINFO[m] Copying 3 resources
[[1;34mINFO[m] 
[[1;34mINFO[m] [1m--- [0;32mmaven-compiler-plugin:2.3.2:compile[m [1m(default-compile)[m @ [36moak-mk-api[0;1m ---[m
[[1;34mINFO[m] Compiling 3 source files to /home/user/Workspace/reproducibility/Reproducibility-Scanner/benchmarks/bugs-dot-jar/jackrabbit-oak/oak-mk-api/target/classes
[[1;34mINFO[m] 
[[1;34mINFO[m] [1m--- [0;32mmaven-scr-plugin:1.9.0:scr[m [1m(generate-scr-scrdescriptor)[m @ [36moak-mk-api[0;1m ---[m
[[1;34mINFO[m] 
[[1;34mINFO[m] [1m--- [0;32mmaven-resources-plugin:2.5:testResources[m [1m(default-testResources)[m @ [36moak-mk-api[0;1m ---[m
[debug] execute contextualize
[[1;34mINFO[m] Using 'UTF-8' encoding to copy filtered resources.
[[1;34mINFO[m] skip non existing resourceDirectory /home/user/Workspace/reproducibility/Reproducibility-Scanner/benchmarks/bugs-dot-jar/jackrabbit-oak/oak-mk-api/src/test/resources
[[1;34mINFO[m] Copying 3 resources
[[1;34mINFO[m] 
[[1;34mINFO[m] [1m--- [0;32mmaven-compiler-plugin:2.3.2:testCompile[m [1m(default-testCompile)[m @ [36moak-mk-api[0;1m ---[m
[[1;34mINFO[m] No sources to compile
[[1;34mINFO[m] 
[[1;34mINFO[m] [1m--- [0;32mmaven-surefire-plugin:2.9:test[m [1m(default-test)[m @ [36moak-mk-api[0;1m ---[m
[[1;34mINFO[m] Tests are skipped.
[[1;34mINFO[m] 
[[1;34mINFO[m] [1m--- [0;32mmaven-bundle-plugin:2.3.7:bundle[m [1m(default-bundle)[m @ [36moak-mk-api[0;1m ---[m
[[1;34mINFO[m] 
[[1;34mINFO[m] [1m--- [0;32mmaven-site-plugin:3.0:attach-descriptor[m [1m(attach-descriptor)[m @ [36moak-mk-api[0;1m ---[m
[[1;34mINFO[m] 
[[1;34mINFO[m] [1m--- [0;32mmaven-install-plugin:2.3.1:install[m [1m(default-install)[m @ [36moak-mk-api[0;1m ---[m
[[1;34mINFO[m] Installing /home/user/Workspace/reproducibility/Reproducibility-Scanner/benchmarks/bugs-dot-jar/jackrabbit-oak/oak-mk-api/target/oak-mk-api-0.9-SNAPSHOT.jar to /home/user/.m2/repository/org/apache/jackrabbit/oak-mk-api/0.9-SNAPSHOT/oak-mk-api-0.9-SNAPSHOT.jar
[[1;34mINFO[m] Installing /home/user/Workspace/reproducibility/Reproducibility-Scanner/benchmarks/bugs-dot-jar/jackrabbit-oak/oak-mk-api/pom.xml to /home/user/.m2/repository/org/apache/jackrabbit/oak-mk-api/0.9-SNAPSHOT/oak-mk-api-0.9-SNAPSHOT.pom
[[1;34mINFO[m] 
[[1;34mINFO[m] [1m--- [0;32mmaven-bundle-plugin:2.3.7:install[m [1m(default-install)[m @ [36moak-mk-api[0;1m ---[m
[[1;34mINFO[m] Local OBR update disabled (enable with -DobrRepository)
[[1;34mINFO[m] 
[[1;34mINFO[m] [1m--------------------< [0;36morg.apache.jackrabbit:oak-mk[0;1m >--------------------[m
[[1;34mINFO[m] [1mBuilding Oak MicroKernel 0.9-SNAPSHOT                             [4/20][m
[[1;34mINFO[m] [1m-------------------------------[ bundle ]-------------------------------[m
[[1;34mINFO[m] 
[[1;34mINFO[m] [1m--- [0;32mmaven-remote-resources-plugin:1.2.1:process[m [1m(default)[m @ [36moak-mk[0;1m ---[m
[[1;34mINFO[m] 
[[1;34mINFO[m] [1m--- [0;32mmaven-resources-plugin:2.5:resources[m [1m(default-resources)[m @ [36moak-mk[0;1m ---[m
[debug] execute contextualize
[[1;34mINFO[m] Using 'UTF-8' encoding to copy filtered resources.
[[1;34mINFO[m] skip non existing resourceDirectory /home/user/Workspace/reproducibility/Reproducibility-Scanner/benchmarks/bugs-dot-jar/jackrabbit-oak/oak-mk/src/main/resources
[[1;34mINFO[m] Copying 3 resources
[[1;34mINFO[m] 
[[1;34mINFO[m] [1m--- [0;32mmaven-compiler-plugin:2.3.2:compile[m [1m(default-compile)[m @ [36moak-mk[0;1m ---[m
[[1;34mINFO[m] Compiling 74 source files to /home/user/Workspace/reproducibility/Reproducibility-Scanner/benchmarks/bugs-dot-jar/jackrabbit-oak/oak-mk/target/classes
[[1;34mINFO[m] 
[[1;34mINFO[m] [1m--- [0;32mmaven-scr-plugin:1.9.0:scr[m [1m(generate-scr-scrdescriptor)[m @ [36moak-mk[0;1m ---[m
[[1;34mINFO[m] Writing 1 Service Component Descriptors to /home/user/Workspace/reproducibility/Reproducibility-Scanner/benchmarks/bugs-dot-jar/jackrabbit-oak/oak-mk/target/scr-plugin-generated/OSGI-INF/org.apache.jackrabbit.mk.osgi.MicroKernelService.xml
[[1;34mINFO[m] 
[[1;34mINFO[m] [1m--- [0;32mmaven-resources-plugin:2.5:testResources[m [1m(default-testResources)[m @ [36moak-mk[0;1m ---[m
[debug] execute contextualize
[[1;34mINFO[m] Using 'UTF-8' encoding to copy filtered resources.
[[1;34mINFO[m] Copying 1 resource
[[1;34mINFO[m] Copying 3 resources
[[1;34mINFO[m] 
[[1;34mINFO[m] [1m--- [0;32mmaven-compiler-plugin:2.3.2:testCompile[m [1m(default-testCompile)[m @ [36moak-mk[0;1m ---[m
[[1;34mINFO[m] Compiling 21 source files to /home/user/Workspace/reproducibility/Reproducibility-Scanner/benchmarks/bugs-dot-jar/jackrabbit-oak/oak-mk/target/test-classes
[[1;34mINFO[m] 
[[1;34mINFO[m] [1m--- [0;32mmaven-surefire-plugin:2.9:test[m [1m(default-test)[m @ [36moak-mk[0;1m ---[m
[[1;34mINFO[m] Tests are skipped.
[[1;34mINFO[m] 
[[1;34mINFO[m] [1m--- [0;32mmaven-bundle-plugin:2.3.7:bundle[m [1m(default-bundle)[m @ [36moak-mk[0;1m ---[m
[[1;34mINFO[m] 
[[1;34mINFO[m] [1m--- [0;32mmaven-site-plugin:3.0:attach-descriptor[m [1m(attach-descriptor)[m @ [36moak-mk[0;1m ---[m
[[1;34mINFO[m] 
[[1;34mINFO[m] [1m--- [0;32mmaven-install-plugin:2.3.1:install[m [1m(default-install)[m @ [36moak-mk[0;1m ---[m
[[1;34mINFO[m] Installing /home/user/Workspace/reproducibility/Reproducibility-Scanner/benchmarks/bugs-dot-jar/jackrabbit-oak/oak-mk/target/oak-mk-0.9-SNAPSHOT.jar to /home/user/.m2/repository/org/apache/jackrabbit/oak-mk/0.9-SNAPSHOT/oak-mk-0.9-SNAPSHOT.jar
[[1;34mINFO[m] Installing /home/user/Workspace/reproducibility/Reproducibility-Scanner/benchmarks/bugs-dot-jar/jackrabbit-oak/oak-mk/pom.xml to /home/user/.m2/repository/org/apache/jackrabbit/oak-mk/0.9-SNAPSHOT/oak-mk-0.9-SNAPSHOT.pom
[[1;34mINFO[m] 
[[1;34mINFO[m] [1m--- [0;32mmaven-bundle-plugin:2.3.7:install[m [1m(default-install)[m @ [36moak-mk[0;1m ---[m
[[1;34mINFO[m] Local OBR update disabled (enable with -DobrRepository)
[[1;34mINFO[m] 
[[1;34mINFO[m] [1m----------------< [0;36morg.apache.jackrabbit:oak-mk-remote[0;1m >-----------------[m
[[1;34mINFO[m] [1mBuilding Oak MicroKernel Remoting 0.9-SNAPSHOT                    [5/20][m
[[1;34mINFO[m] [1m-------------------------------[ bundle ]-------------------------------[m
[[1;34mINFO[m] 
[[1;34mINFO[m] [1m--- [0;32mmaven-remote-resources-plugin:1.2.1:process[m [1m(default)[m @ [36moak-mk-remote[0;1m ---[m
[[1;34mINFO[m] 
[[1;34mINFO[m] [1m--- [0;32mmaven-resources-plugin:2.5:resources[m [1m(default-resources)[m @ [36moak-mk-remote[0;1m ---[m
[debug] execute contextualize
[[1;34mINFO[m] Using 'UTF-8' encoding to copy filtered resources.
[[1;34mINFO[m] Copying 20 resources
[[1;34mINFO[m] Copying 3 resources
[[1;34mINFO[m] 
[[1;34mINFO[m] [1m--- [0;32mmaven-compiler-plugin:2.3.2:compile[m [1m(default-compile)[m @ [36moak-mk-remote[0;1m ---[m
[[1;34mINFO[m] Compiling 15 source files to /home/user/Workspace/reproducibility/Reproducibility-Scanner/benchmarks/bugs-dot-jar/jackrabbit-oak/oak-mk-remote/target/classes
[[1;34mINFO[m] 
[[1;34mINFO[m] [1m--- [0;32mmaven-scr-plugin:1.9.0:scr[m [1m(generate-scr-scrdescriptor)[m @ [36moak-mk-remote[0;1m ---[m
[[1;34mINFO[m] 
[[1;34mINFO[m] [1m--- [0;32mmaven-resources-plugin:2.5:testResources[m [1m(default-testResources)[m @ [36moak-mk-remote[0;1m ---[m
[debug] execute contextualize
[[1;34mINFO[m] Using 'UTF-8' encoding to copy filtered resources.
[[1;34mINFO[m] skip non existing resourceDirectory /home/user/Workspace/reproducibility/Reproducibility-Scanner/benchmarks/bugs-dot-jar/jackrabbit-oak/oak-mk-remote/src/test/resources
[[1;34mINFO[m] Copying 3 resources
[[1;34mINFO[m] 
[[1;34mINFO[m] [1m--- [0;32mmaven-compiler-plugin:2.3.2:testCompile[m [1m(default-testCompile)[m @ [36moak-mk-remote[0;1m ---[m
[[1;34mINFO[m] Compiling 1 source file to /home/user/Workspace/reproducibility/Reproducibility-Scanner/benchmarks/bugs-dot-jar/jackrabbit-oak/oak-mk-remote/target/test-classes
[[1;34mINFO[m] 
[[1;34mINFO[m] [1m--- [0;32mmaven-surefire-plugin:2.9:test[m [1m(default-test)[m @ [36moak-mk-remote[0;1m ---[m
[[1;34mINFO[m] Tests are skipped.
[[1;34mINFO[m] 
[[1;34mINFO[m] [1m--- [0;32mmaven-bundle-plugin:2.3.7:bundle[m [1m(default-bundle)[m @ [36moak-mk-remote[0;1m ---[m
[[1;34mINFO[m] 
[[1;34mINFO[m] [1m--- [0;32mmaven-site-plugin:3.0:attach-descriptor[m [1m(attach-descriptor)[m @ [36moak-mk-remote[0;1m ---[m
[[1;34mINFO[m] 
[[1;34mINFO[m] [1m--- [0;32mmaven-install-plugin:2.3.1:install[m [1m(default-install)[m @ [36moak-mk-remote[0;1m ---[m
[[1;34mINFO[m] Installing /home/user/Workspace/reproducibility/Reproducibility-Scanner/benchmarks/bugs-dot-jar/jackrabbit-oak/oak-mk-remote/target/oak-mk-remote-0.9-SNAPSHOT.jar to /home/user/.m2/repository/org/apache/jackrabbit/oak-mk-remote/0.9-SNAPSHOT/oak-mk-remote-0.9-SNAPSHOT.jar
[[1;34mINFO[m] Installing /home/user/Workspace/reproducibility/Reproducibility-Scanner/benchmarks/bugs-dot-jar/jackrabbit-oak/oak-mk-remote/pom.xml to /home/user/.m2/repository/org/apache/jackrabbit/oak-mk-remote/0.9-SNAPSHOT/oak-mk-remote-0.9-SNAPSHOT.pom
[[1;34mINFO[m] 
[[1;34mINFO[m] [1m--- [0;32mmaven-bundle-plugin:2.3.7:install[m [1m(default-install)[m @ [36moak-mk-remote[0;1m ---[m
[[1;34mINFO[m] Local OBR update disabled (enable with -DobrRepository)
[[1;34mINFO[m] 
[[1;34mINFO[m] [1m-----------------< [0;36morg.apache.jackrabbit:oak-mongomk[0;1m >------------------[m
[[1;34mINFO[m] [1mBuilding Oak Mongo MicroKernel 0.9-SNAPSHOT                       [6/20][m
[[1;34mINFO[m] [1m-------------------------------[ bundle ]-------------------------------[m
Downloading from central: https://repo.maven.apache.org/maven2/com/jamonapi/jamon/2.4/jamon-2.4.pom
[[1;33mWARNING[m] The POM for com.jamonapi:jamon:jar:2.4 is missing, no dependency information available
[[1;34mINFO[m] 
[[1;34mINFO[m] [1m--- [0;32mmaven-remote-resources-plugin:1.2.1:process[m [1m(default)[m @ [36moak-mongomk[0;1m ---[m
[[1;33mWARNING[m] Missing POM for com.jamonapi:jamon:jar:2.4
[[1;34mINFO[m] 
[[1;34mINFO[m] [1m--- [0;32mmaven-resources-plugin:2.5:resources[m [1m(default-resources)[m @ [36moak-mongomk[0;1m ---[m
[debug] execute contextualize
[[1;34mINFO[m] Using 'UTF-8' encoding to copy filtered resources.
[[1;34mINFO[m] Copying 1 resource
[[1;34mINFO[m] Copying 3 resources
[[1;34mINFO[m] 
[[1;34mINFO[m] [1m--- [0;32mmaven-compiler-plugin:2.3.2:compile[m [1m(default-compile)[m @ [36moak-mongomk[0;1m ---[m
[[1;34mINFO[m] Compiling 29 source files to /home/user/Workspace/reproducibility/Reproducibility-Scanner/benchmarks/bugs-dot-jar/jackrabbit-oak/oak-mongomk/target/classes
[[1;34mINFO[m] 
[[1;34mINFO[m] [1m--- [0;32mmaven-scr-plugin:1.9.0:scr[m [1m(generate-scr-scrdescriptor)[m @ [36moak-mongomk[0;1m ---[m
[[1;34mINFO[m] Generating 1 MetaType Descriptor in /home/user/Workspace/reproducibility/Reproducibility-Scanner/benchmarks/bugs-dot-jar/jackrabbit-oak/oak-mongomk/target/scr-plugin-generated/OSGI-INF/metatype/org.apache.jackrabbit.mongomk.osgi.MongoMicroKernelService.xml
[[1;34mINFO[m] Writing 1 Service Component Descriptors to /home/user/Workspace/reproducibility/Reproducibility-Scanner/benchmarks/bugs-dot-jar/jackrabbit-oak/oak-mongomk/target/scr-plugin-generated/OSGI-INF/org.apache.jackrabbit.mongomk.osgi.MongoMicroKernelService.xml
[[1;34mINFO[m] 
[[1;34mINFO[m] [1m--- [0;32mmaven-resources-plugin:2.5:testResources[m [1m(default-testResources)[m @ [36moak-mongomk[0;1m ---[m
[debug] execute contextualize
[[1;34mINFO[m] Using 'UTF-8' encoding to copy filtered resources.
[[1;34mINFO[m] Copying 2 resources
[[1;34mINFO[m] Copying 3 resources
[[1;34mINFO[m] 
[[1;34mINFO[m] [1m--- [0;32mmaven-compiler-plugin:2.3.2:testCompile[m [1m(default-testCompile)[m @ [36moak-mongomk[0;1m ---[m
[[1;34mINFO[m] Compiling 43 source files to /home/user/Workspace/reproducibility/Reproducibility-Scanner/benchmarks/bugs-dot-jar/jackrabbit-oak/oak-mongomk/target/test-classes
[[1;34mINFO[m] 
[[1;34mINFO[m] [1m--- [0;32mmaven-surefire-plugin:2.9:test[m [1m(default-test)[m @ [36moak-mongomk[0;1m ---[m
[[1;34mINFO[m] Tests are skipped.
[[1;34mINFO[m] 
[[1;34mINFO[m] [1m--- [0;32mmaven-bundle-plugin:2.3.7:bundle[m [1m(default-bundle)[m @ [36moak-mongomk[0;1m ---[m
[[1;34mINFO[m] 
[[1;34mINFO[m] [1m--- [0;32mmaven-site-plugin:3.0:attach-descriptor[m [1m(attach-descriptor)[m @ [36moak-mongomk[0;1m ---[m
[[1;34mINFO[m] 
[[1;34mINFO[m] [1m--- [0;32mmaven-install-plugin:2.3.1:install[m [1m(default-install)[m @ [36moak-mongomk[0;1m ---[m
[[1;34mINFO[m] Installing /home/user/Workspace/reproducibility/Reproducibility-Scanner/benchmarks/bugs-dot-jar/jackrabbit-oak/oak-mongomk/target/oak-mongomk-0.9-SNAPSHOT.jar to /home/user/.m2/repository/org/apache/jackrabbit/oak-mongomk/0.9-SNAPSHOT/oak-mongomk-0.9-SNAPSHOT.jar
[[1;34mINFO[m] Installing /home/user/Workspace/reproducibility/Reproducibility-Scanner/benchmarks/bugs-dot-jar/jackrabbit-oak/oak-mongomk/pom.xml to /home/user/.m2/repository/org/apache/jackrabbit/oak-mongomk/0.9-SNAPSHOT/oak-mongomk-0.9-SNAPSHOT.pom
[[1;34mINFO[m] 
[[1;34mINFO[m] [1m--- [0;32mmaven-bundle-plugin:2.3.7:install[m [1m(default-install)[m @ [36moak-mongomk[0;1m ---[m
[[1;34mINFO[m] Local OBR update disabled (enable with -DobrRepository)
[[1;34mINFO[m] 
[[1;34mINFO[m] [1m------------------< [0;36morg.apache.jackrabbit:oak-it-mk[0;1m >-------------------[m
[[1;34mINFO[m] [1mBuilding Oak Integration Tests for MicroKernel implementations 0.9-SNAPSHOT [7/20][m
[[1;34mINFO[m] [1m--------------------------------[ jar ]---------------------------------[m
[[1;34mINFO[m] 
[[1;34mINFO[m] [1m--- [0;32mmaven-remote-resources-plugin:1.2.1:process[m [1m(default)[m @ [36moak-it-mk[0;1m ---[m
[[1;34mINFO[m] 
[[1;34mINFO[m] [1m--- [0;32mmaven-resources-plugin:2.5:resources[m [1m(default-resources)[m @ [36moak-it-mk[0;1m ---[m
[debug] execute contextualize
[[1;34mINFO[m] Using 'UTF-8' encoding to copy filtered resources.
[[1;34mINFO[m] skip non existing resourceDirectory /home/user/Workspace/reproducibility/Reproducibility-Scanner/benchmarks/bugs-dot-jar/jackrabbit-oak/oak-it/mk/src/main/resources
[[1;34mINFO[m] Copying 3 resources
[[1;34mINFO[m] 
[[1;34mINFO[m] [1m--- [0;32mmaven-compiler-plugin:2.3.2:compile[m [1m(default-compile)[m @ [36moak-it-mk[0;1m ---[m
[[1;34mINFO[m] Compiling 6 source files to /home/user/Workspace/reproducibility/Reproducibility-Scanner/benchmarks/bugs-dot-jar/jackrabbit-oak/oak-it/mk/target/classes
[[1;34mINFO[m] 
[[1;34mINFO[m] [1m--- [0;32mmaven-resources-plugin:2.5:testResources[m [1m(default-testResources)[m @ [36moak-it-mk[0;1m ---[m
[debug] execute contextualize
[[1;34mINFO[m] Using 'UTF-8' encoding to copy filtered resources.
[[1;34mINFO[m] Copying 3 resources
[[1;34mINFO[m] Copying 3 resources
[[1;34mINFO[m] 
[[1;34mINFO[m] [1m--- [0;32mmaven-compiler-plugin:2.3.2:testCompile[m [1m(default-testCompile)[m @ [36moak-it-mk[0;1m ---[m
[[1;34mINFO[m] Compiling 6 source files to /home/user/Workspace/reproducibility/Reproducibility-Scanner/benchmarks/bugs-dot-jar/jackrabbit-oak/oak-it/mk/target/test-classes
[[1;34mINFO[m] 
[[1;34mINFO[m] [1m--- [0;32mmaven-surefire-plugin:2.9:test[m [1m(default-test)[m @ [36moak-it-mk[0;1m ---[m
[[1;34mINFO[m] Tests are skipped.
[[1;34mINFO[m] 
[[1;34mINFO[m] [1m--- [0;32mmaven-jar-plugin:2.3.1:jar[m [1m(default-jar)[m @ [36moak-it-mk[0;1m ---[m
[[1;34mINFO[m] Building jar: /home/user/Workspace/reproducibility/Reproducibility-Scanner/benchmarks/bugs-dot-jar/jackrabbit-oak/oak-it/mk/target/oak-it-mk-0.9-SNAPSHOT.jar
[[1;34mINFO[m] 
[[1;34mINFO[m] [1m--- [0;32mmaven-site-plugin:3.0:attach-descriptor[m [1m(attach-descriptor)[m @ [36moak-it-mk[0;1m ---[m
[[1;34mINFO[m] 
[[1;34mINFO[m] [1m--- [0;32mmaven-install-plugin:2.3.1:install[m [1m(default-install)[m @ [36moak-it-mk[0;1m ---[m
[[1;34mINFO[m] Installing /home/user/Workspace/reproducibility/Reproducibility-Scanner/benchmarks/bugs-dot-jar/jackrabbit-oak/oak-it/mk/target/oak-it-mk-0.9-SNAPSHOT.jar to /home/user/.m2/repository/org/apache/jackrabbit/oak-it-mk/0.9-SNAPSHOT/oak-it-mk-0.9-SNAPSHOT.jar
[[1;34mINFO[m] Installing /home/user/Workspace/reproducibility/Reproducibility-Scanner/benchmarks/bugs-dot-jar/jackrabbit-oak/oak-it/mk/pom.xml to /home/user/.m2/repository/org/apache/jackrabbit/oak-it-mk/0.9-SNAPSHOT/oak-it-mk-0.9-SNAPSHOT.pom
[[1;34mINFO[m] 
[[1;34mINFO[m] [1m-------------------< [0;36morg.apache.jackrabbit:oak-core[0;1m >-------------------[m
[[1;34mINFO[m] [1mBuilding Oak Core 0.9-SNAPSHOT                                    [8/20][m
[[1;34mINFO[m] [1m-------------------------------[ bundle ]-------------------------------[m
Downloading from apache.snapshots: http://repository.apache.org/snapshots/org/apache/jackrabbit/jackrabbit-api/2.8-SNAPSHOT/maven-metadata.xml
Progress (1): 785 B                   Downloaded from apache.snapshots: http://repository.apache.org/snapshots/org/apache/jackrabbit/jackrabbit-api/2.8-SNAPSHOT/maven-metadata.xml (785 B at 1.1 kB/s)
Downloading from apache.snapshots: http://repository.apache.org/snapshots/org/apache/jackrabbit/jackrabbit-parent/2.8-SNAPSHOT/maven-metadata.xml
Progress (1): 615 B                   Downloaded from apache.snapshots: http://repository.apache.org/snapshots/org/apache/jackrabbit/jackrabbit-parent/2.8-SNAPSHOT/maven-metadata.xml (615 B at 917 B/s)
Downloading from apache.snapshots: http://repository.apache.org/snapshots/org/apache/jackrabbit/jackrabbit-jcr-commons/2.8-SNAPSHOT/maven-metadata.xml
Progress (1): 793 B                   Downloaded from apache.snapshots: http://repository.apache.org/snapshots/org/apache/jackrabbit/jackrabbit-jcr-commons/2.8-SNAPSHOT/maven-metadata.xml (793 B at 1.7 kB/s)
[[1;34mINFO[m] 
[[1;34mINFO[m] [1m--- [0;32mmaven-remote-resources-plugin:1.2.1:process[m [1m(default)[m @ [36moak-core[0;1m ---[m
[[1;34mINFO[m] 
[[1;34mINFO[m] [1m--- [0;32mmaven-resources-plugin:2.5:resources[m [1m(default-resources)[m @ [36moak-core[0;1m ---[m
[debug] execute contextualize
[[1;34mINFO[m] Using 'UTF-8' encoding to copy filtered resources.
[[1;34mINFO[m] Copying 1 resource
[[1;34mINFO[m] Copying 3 resources
[[1;34mINFO[m] 
[[1;34mINFO[m] [1m--- [0;32mmaven-compiler-plugin:2.3.2:compile[m [1m(default-compile)[m @ [36moak-core[0;1m ---[m
[[1;34mINFO[m] Compiling 494 source files to /home/user/Workspace/reproducibility/Reproducibility-Scanner/benchmarks/bugs-dot-jar/jackrabbit-oak/oak-core/target/classes
[[1;34mINFO[m] -------------------------------------------------------------
[[1;31mERROR[m] COMPILATION ERROR : 
[[1;34mINFO[m] -------------------------------------------------------------
[[1;31mERROR[m] /home/user/Workspace/reproducibility/Reproducibility-Scanner/benchmarks/bugs-dot-jar/jackrabbit-oak/oak-core/src/main/java/org/apache/jackrabbit/oak/security/authorization/AccessControlManagerImpl.java:[699,12] error: AccessControlManagerImpl.NodeACL is not abstract and does not override abstract method addEntry(Principal,Privilege[],boolean,Map<String,Value>,Map<String,Value[]>) in JackrabbitAccessControlList
[[1;31mERROR[m] /home/user/Workspace/reproducibility/Reproducibility-Scanner/benchmarks/bugs-dot-jar/jackrabbit-oak/oak-core/src/main/java/org/apache/jackrabbit/oak/security/authorization/AccessControlManagerImpl.java:[749,18] error: AccessControlManagerImpl.PrincipalACL is not abstract and does not override abstract method addEntry(Principal,Privilege[],boolean,Map<String,Value>,Map<String,Value[]>) in JackrabbitAccessControlList
[[1;31mERROR[m] /home/user/Workspace/reproducibility/Reproducibility-Scanner/benchmarks/bugs-dot-jar/jackrabbit-oak/oak-core/src/main/java/org/apache/jackrabbit/oak/spi/security/authorization/ImmutableACL.java:[39,7] error: ImmutableACL is not abstract and does not override abstract method addEntry(Principal,Privilege[],boolean,Map<String,Value>,Map<String,Value[]>) in JackrabbitAccessControlList
[[1;34mINFO[m] 3 errors 
[[1;34mINFO[m] -------------------------------------------------------------
[[1;34mINFO[m] 
[[1;34mINFO[m] [1m-------------------< [0;36morg.apache.jackrabbit:oak-jcr[0;1m >--------------------[m
[[1;34mINFO[m] [1mBuilding Oak JCR Binding 0.9-SNAPSHOT                             [9/20][m
[[1;34mINFO[m] [1m-------------------------------[ bundle ]-------------------------------[m
Downloading from apache.snapshots: http://repository.apache.org/snapshots/org/apache/jackrabbit/oak-core/0.9-SNAPSHOT/maven-metadata.xml
Downloading from apache.snapshots: http://repository.apache.org/snapshots/org/apache/jackrabbit/jackrabbit-jcr-tests/2.8-SNAPSHOT/maven-metadata.xml
Progress (1): 791 B                   Downloaded from apache.snapshots: http://repository.apache.org/snapshots/org/apache/jackrabbit/jackrabbit-jcr-tests/2.8-SNAPSHOT/maven-metadata.xml (791 B at 412 B/s)
Downloading from apache.snapshots: http://repository.apache.org/snapshots/org/apache/jackrabbit/jackrabbit-core/2.8-SNAPSHOT/maven-metadata.xml
Progress (1): 994 B                   Downloaded from apache.snapshots: http://repository.apache.org/snapshots/org/apache/jackrabbit/jackrabbit-core/2.8-SNAPSHOT/maven-metadata.xml (994 B at 1.8 kB/s)
Downloading from apache.snapshots: http://repository.apache.org/snapshots/org/apache/jackrabbit/jackrabbit-data/2.8-SNAPSHOT/maven-metadata.xml
Progress (1): 990 B                   Downloaded from apache.snapshots: http://repository.apache.org/snapshots/org/apache/jackrabbit/jackrabbit-data/2.8-SNAPSHOT/maven-metadata.xml (990 B at 1.6 kB/s)
Downloading from apache.snapshots: http://repository.apache.org/snapshots/org/apache/jackrabbit/jackrabbit-spi-commons/2.8-SNAPSHOT/maven-metadata.xml
Progress (1): 793 B                   Downloaded from apache.snapshots: http://repository.apache.org/snapshots/org/apache/jackrabbit/jackrabbit-spi-commons/2.8-SNAPSHOT/maven-metadata.xml (793 B at 1.1 kB/s)
Downloading from apache.snapshots: http://repository.apache.org/snapshots/org/apache/jackrabbit/jackrabbit-spi/2.8-SNAPSHOT/maven-metadata.xml
Progress (1): 997 B                   Downloaded from apache.snapshots: http://repository.apache.org/snapshots/org/apache/jackrabbit/jackrabbit-spi/2.8-SNAPSHOT/maven-metadata.xml (997 B at 1.7 kB/s)
Downloading from apache.snapshots: http://repository.apache.org/snapshots/org/apache/jackrabbit/oak-core/0.9-SNAPSHOT/oak-core-0.9-SNAPSHOT.jar
[[1;34mINFO[m] 
[[1;34mINFO[m] [1m-----------------< [0;36morg.apache.jackrabbit:oak-upgrade[0;1m >------------------[m
[[1;34mINFO[m] [1mBuilding Oak upgrade 0.9-SNAPSHOT                                [10/20][m
[[1;34mINFO[m] [1m--------------------------------[ jar ]---------------------------------[m
Downloading from apache.snapshots: http://repository.apache.org/snapshots/org/apache/jackrabbit/oak-jcr/0.9-SNAPSHOT/maven-metadata.xml
Downloading from apache.snapshots: http://repository.apache.org/snapshots/org/apache/jackrabbit/oak-jcr/0.9-SNAPSHOT/oak-jcr-0.9-SNAPSHOT.jar
[[1;34mINFO[m] 
[[1;34mINFO[m] [1m------------------< [0;36morg.apache.jackrabbit:oak-sling[0;1m >-------------------[m
[[1;34mINFO[m] [1mBuilding Oak support for Apache Sling 0.9-SNAPSHOT               [11/20][m
[[1;34mINFO[m] [1m-------------------------------[ bundle ]-------------------------------[m
[[1;34mINFO[m] 
[[1;34mINFO[m] [1m-------------------< [0;36morg.apache.jackrabbit:oak-http[0;1m >-------------------[m
[[1;34mINFO[m] [1mBuilding Oak HTTP Binding 0.9-SNAPSHOT                           [12/20][m
[[1;34mINFO[m] [1m-------------------------------[ bundle ]-------------------------------[m
[[1;34mINFO[m] 
[[1;34mINFO[m] [1m------------------< [0;36morg.apache.jackrabbit:oak-lucene[0;1m >------------------[m
[[1;34mINFO[m] [1mBuilding Oak Lucene 0.9-SNAPSHOT                                 [13/20][m
[[1;34mINFO[m] [1m-------------------------------[ bundle ]-------------------------------[m
Downloading from apache.snapshots: http://repository.apache.org/snapshots/org/apache/jackrabbit/oak-core/0.9-SNAPSHOT/oak-core-0.9-SNAPSHOT-tests.jar
[[1;34mINFO[m] 
[[1;34mINFO[m] [1m----------------< [0;36morg.apache.jackrabbit:oak-solr-core[0;1m >-----------------[m
[[1;34mINFO[m] [1mBuilding Oak Solr core 0.9-SNAPSHOT                              [14/20][m
[[1;34mINFO[m] [1m-------------------------------[ bundle ]-------------------------------[m
[[1;34mINFO[m] 
[[1;34mINFO[m] [1m---------------< [0;36morg.apache.jackrabbit:oak-solr-remote[0;1m >----------------[m
[[1;34mINFO[m] [1mBuilding Oak Solr remote 0.9-SNAPSHOT                            [15/20][m
[[1;34mINFO[m] [1m-------------------------------[ bundle ]-------------------------------[m
Downloading from apache.snapshots: http://repository.apache.org/snapshots/org/apache/jackrabbit/oak-solr-core/0.9-SNAPSHOT/maven-metadata.xml
Downloading from apache.snapshots: http://repository.apache.org/snapshots/org/apache/jackrabbit/oak-solr-core/0.9-SNAPSHOT/oak-solr-core-0.9-SNAPSHOT.jar
[[1;34mINFO[m] 
[[1;34mINFO[m] [1m--------------< [0;36morg.apache.jackrabbit:oak-solr-embedded[0;1m >---------------[m
[[1;34mINFO[m] [1mBuilding Oak Solr embedded 0.9-SNAPSHOT                          [16/20][m
[[1;34mINFO[m] [1m-------------------------------[ bundle ]-------------------------------[m
[[1;34mINFO[m] 
[[1;34mINFO[m] [1m-------------------< [0;36morg.apache.jackrabbit:oak-run[0;1m >--------------------[m
[[1;34mINFO[m] [1mBuilding Oak Runnable Jar 0.9-SNAPSHOT                           [17/20][m
[[1;34mINFO[m] [1m--------------------------------[ jar ]---------------------------------[m
Downloading from apache.snapshots: http://repository.apache.org/snapshots/org/apache/jackrabbit/oak-http/0.9-SNAPSHOT/maven-metadata.xml
Downloading from apache.snapshots: http://repository.apache.org/snapshots/org/apache/jackrabbit/jackrabbit-jcr-server/2.8-SNAPSHOT/maven-metadata.xml
Progress (1): 789 B                   Downloaded from apache.snapshots: http://repository.apache.org/snapshots/org/apache/jackrabbit/jackrabbit-jcr-server/2.8-SNAPSHOT/maven-metadata.xml (789 B at 1.1 kB/s)
Downloading from apache.snapshots: http://repository.apache.org/snapshots/org/apache/jackrabbit/jackrabbit-webdav/2.8-SNAPSHOT/maven-metadata.xml
Progress (1): 785 B                   Downloaded from apache.snapshots: http://repository.apache.org/snapshots/org/apache/jackrabbit/jackrabbit-webdav/2.8-SNAPSHOT/maven-metadata.xml (785 B at 2.3 kB/s)
Downloading from apache.snapshots: http://repository.apache.org/snapshots/org/apache/jackrabbit/oak-http/0.9-SNAPSHOT/oak-http-0.9-SNAPSHOT.jar
[[1;34mINFO[m] 
[[1;34mINFO[m] [1m-----------------< [0;36morg.apache.jackrabbit:oak-it-osgi[0;1m >------------------[m
[[1;34mINFO[m] [1mBuilding Oak Integration Tests for OSGi deployments 0.9-SNAPSHOT [18/20][m
[[1;34mINFO[m] [1m--------------------------------[ jar ]---------------------------------[m
Downloading from apache.snapshots: http://repository.apache.org/snapshots/org/apache/jackrabbit/oak-lucene/0.9-SNAPSHOT/maven-metadata.xml
Downloading from apache.snapshots: http://repository.apache.org/snapshots/org/apache/jackrabbit/oak-lucene/0.9-SNAPSHOT/oak-lucene-0.9-SNAPSHOT.jar
[[1;34mINFO[m] 
[[1;34mINFO[m] [1m--------------------< [0;36morg.apache.jackrabbit:oak-it[0;1m >--------------------[m
[[1;34mINFO[m] [1mBuilding Oak Integration Tests 0.9-SNAPSHOT                      [19/20][m
[[1;34mINFO[m] [1m--------------------------------[ pom ]---------------------------------[m
[[1;34mINFO[m] 
[[1;34mINFO[m] [1m--- [0;32mmaven-remote-resources-plugin:1.2.1:process[m [1m(default)[m @ [36moak-it[0;1m ---[m
[[1;34mINFO[m] 
[[1;34mINFO[m] [1m--- [0;32mmaven-site-plugin:3.0:attach-descriptor[m [1m(attach-descriptor)[m @ [36moak-it[0;1m ---[m
[[1;34mINFO[m] 
[[1;34mINFO[m] [1m--- [0;32mmaven-install-plugin:2.3.1:install[m [1m(default-install)[m @ [36moak-it[0;1m ---[m
[[1;34mINFO[m] Installing /home/user/Workspace/reproducibility/Reproducibility-Scanner/benchmarks/bugs-dot-jar/jackrabbit-oak/oak-it/pom.xml to /home/user/.m2/repository/org/apache/jackrabbit/oak-it/0.9-SNAPSHOT/oak-it-0.9-SNAPSHOT.pom
[[1;34mINFO[m] 
[[1;34mINFO[m] [1m----------------< [0;36morg.apache.jackrabbit:jackrabbit-oak[0;1m >----------------[m
[[1;34mINFO[m] [1mBuilding Jackrabbit Oak 0.9-SNAPSHOT                             [20/20][m
[[1;34mINFO[m] [1m--------------------------------[ pom ]---------------------------------[m
[[1;34mINFO[m] 
[[1;34mINFO[m] [1m--- [0;32mmaven-remote-resources-plugin:1.2.1:process[m [1m(default)[m @ [36mjackrabbit-oak[0;1m ---[m
[[1;34mINFO[m] 
[[1;34mINFO[m] [1m--- [0;32mmaven-site-plugin:3.0:attach-descriptor[m [1m(attach-descriptor)[m @ [36mjackrabbit-oak[0;1m ---[m
[[1;34mINFO[m] 
[[1;34mINFO[m] [1m--- [0;32mmaven-install-plugin:2.3.1:install[m [1m(default-install)[m @ [36mjackrabbit-oak[0;1m ---[m
[[1;34mINFO[m] Installing /home/user/Workspace/reproducibility/Reproducibility-Scanner/benchmarks/bugs-dot-jar/jackrabbit-oak/pom.xml to /home/user/.m2/repository/org/apache/jackrabbit/jackrabbit-oak/0.9-SNAPSHOT/jackrabbit-oak-0.9-SNAPSHOT.pom
[[1;34mINFO[m] [1m------------------------------------------------------------------------[m
[[1;34mINFO[m] [1mReactor Summary for Jackrabbit Oak 0.9-SNAPSHOT:[m
[[1;34mINFO[m] 
[[1;34mINFO[m] Oak Parent POM ..................................... [1;32mSUCCESS[m [  0.969 s]
[[1;34mINFO[m] Oak Commons ........................................ [1;32mSUCCESS[m [  1.703 s]
[[1;34mINFO[m] Oak MicroKernel API ................................ [1;32mSUCCESS[m [  0.531 s]
[[1;34mINFO[m] Oak MicroKernel .................................... [1;32mSUCCESS[m [  2.605 s]
[[1;34mINFO[m] Oak MicroKernel Remoting ........................... [1;32mSUCCESS[m [  1.018 s]
[[1;34mINFO[m] Oak Mongo MicroKernel .............................. [1;32mSUCCESS[m [  2.855 s]
[[1;34mINFO[m] Oak Integration Tests for MicroKernel implementations [1;32mSUCCESS[m [  1.669 s]
[[1;34mINFO[m] Oak Core ........................................... [1;31mFAILURE[m [  4.355 s]
[[1;34mINFO[m] Oak JCR Binding .................................... [1;31mFAILURE[m [  4.826 s]
[[1;34mINFO[m] Oak upgrade ........................................ [1;31mFAILURE[m [  0.746 s]
[[1;34mINFO[m] Oak support for Apache Sling ....................... [1;31mFAILURE[m [  0.010 s]
[[1;34mINFO[m] Oak HTTP Binding ................................... [1;31mFAILURE[m [  0.012 s]
[[1;34mINFO[m] Oak Lucene ......................................... [1;31mFAILURE[m [  0.392 s]
[[1;34mINFO[m] Oak Solr core ...................................... [1;31mFAILURE[m [  0.071 s]
[[1;34mINFO[m] Oak Solr remote .................................... [1;31mFAILURE[m [  0.838 s]
[[1;34mINFO[m] Oak Solr embedded .................................. [1;31mFAILURE[m [  0.043 s]
[[1;34mINFO[m] Oak Runnable Jar ................................... [1;31mFAILURE[m [  1.643 s]
[[1;34mINFO[m] Oak Integration Tests for OSGi deployments ......... [1;31mFAILURE[m [  0.813 s]
[[1;34mINFO[m] Oak Integration Tests .............................. [1;32mSUCCESS[m [  0.019 s]
[[1;34mINFO[m] Jackrabbit Oak ..................................... [1;32mSUCCESS[m [  0.012 s]
[[1;34mINFO[m] [1m------------------------------------------------------------------------[m
[[1;34mINFO[m] [1;31mBUILD FAILURE[m
[[1;34mINFO[m] [1m------------------------------------------------------------------------[m
[[1;34mINFO[m] Total time:  25.728 s
[[1;34mINFO[m] Finished at: 2022-08-02T15:02:19-07:00
[[1;34mINFO[m] [1m------------------------------------------------------------------------[m
[[1;31mERROR[m] Failed to execute goal [32morg.apache.maven.plugins:maven-compiler-plugin:2.3.2:compile[m [1m(default-compile)[m on project [36moak-core[m: [1;31mCompilation failure[m: Compilation failure: 
[[1;31mERROR[m] /home/user/Workspace/reproducibility/Reproducibility-Scanner/benchmarks/bugs-dot-jar/jackrabbit-oak/oak-core/src/main/java/org/apache/jackrabbit/oak/security/authorization/AccessControlManagerImpl.java:[699,12] error: AccessControlManagerImpl.NodeACL is not abstract and does not override abstract method addEntry(Principal,Privilege[],boolean,Map<String,Value>,Map<String,Value[]>) in JackrabbitAccessControlList
[[1;31mERROR[m] /home/user/Workspace/reproducibility/Reproducibility-Scanner/benchmarks/bugs-dot-jar/jackrabbit-oak/oak-core/src/main/java/org/apache/jackrabbit/oak/security/authorization/AccessControlManagerImpl.java:[749,18] error: AccessControlManagerImpl.PrincipalACL is not abstract and does not override abstract method addEntry(Principal,Privilege[],boolean,Map<String,Value>,Map<String,Value[]>) in JackrabbitAccessControlList
[[1;31mERROR[m] /home/user/Workspace/reproducibility/Reproducibility-Scanner/benchmarks/bugs-dot-jar/jackrabbit-oak/oak-core/src/main/java/org/apache/jackrabbit/oak/spi/security/authorization/ImmutableACL.java:[39,7] error: ImmutableACL is not abstract and does not override abstract method addEntry(Principal,Privilege[],boolean,Map<String,Value>,Map<String,Value[]>) in JackrabbitAccessControlList
[[1;31mERROR[m] -> [1m[Help 1][m
[[1;31mERROR[m] Failed to execute goal on project [36moak-jcr[m: [1;31mCould not resolve dependencies for project org.apache.jackrabbit:oak-jcr:bundle:0.9-SNAPSHOT: Could not find artifact org.apache.jackrabbit:oak-core:jar:0.9-SNAPSHOT in apache.snapshots (http://repository.apache.org/snapshots)[m -> [1m[Help 2][m
[[1;31mERROR[m] Failed to execute goal on project [36moak-upgrade[m: [1;31mCould not resolve dependencies for project org.apache.jackrabbit:oak-upgrade:jar:0.9-SNAPSHOT: The following artifacts could not be resolved: org.apache.jackrabbit:oak-core:jar:0.9-SNAPSHOT, org.apache.jackrabbit:oak-jcr:jar:0.9-SNAPSHOT: Failure to find org.apache.jackrabbit:oak-core:jar:0.9-SNAPSHOT in http://repository.apache.org/snapshots was cached in the local repository, resolution will not be reattempted until the update interval of apache.snapshots has elapsed or updates are forced[m -> [1m[Help 2][m
[[1;31mERROR[m] Failed to execute goal on project [36moak-sling[m: [1;31mCould not resolve dependencies for project org.apache.jackrabbit:oak-sling:bundle:0.9-SNAPSHOT: The following artifacts could not be resolved: org.apache.jackrabbit:oak-jcr:jar:0.9-SNAPSHOT, org.apache.jackrabbit:oak-core:jar:0.9-SNAPSHOT: Failure to find org.apache.jackrabbit:oak-jcr:jar:0.9-SNAPSHOT in http://repository.apache.org/snapshots was cached in the local repository, resolution will not be reattempted until the update interval of apache.snapshots has elapsed or updates are forced[m -> [1m[Help 2][m
[[1;31mERROR[m] Failed to execute goal on project [36moak-http[m: [1;31mCould not resolve dependencies for project org.apache.jackrabbit:oak-http:bundle:0.9-SNAPSHOT: Failure to find org.apache.jackrabbit:oak-core:jar:0.9-SNAPSHOT in http://repository.apache.org/snapshots was cached in the local repository, resolution will not be reattempted until the update interval of apache.snapshots has elapsed or updates are forced[m -> [1m[Help 2][m
[[1;31mERROR[m] Failed to execute goal on project [36moak-lucene[m: [1;31mCould not resolve dependencies for project org.apache.jackrabbit:oak-lucene:bundle:0.9-SNAPSHOT: The following artifacts could not be resolved: org.apache.jackrabbit:oak-core:jar:0.9-SNAPSHOT, org.apache.jackrabbit:oak-core:jar:tests:0.9-SNAPSHOT, org.apache.jackrabbit:oak-jcr:jar:0.9-SNAPSHOT: Failure to find org.apache.jackrabbit:oak-core:jar:0.9-SNAPSHOT in http://repository.apache.org/snapshots was cached in the local repository, resolution will not be reattempted until the update interval of apache.snapshots has elapsed or updates are forced[m -> [1m[Help 2][m
[[1;31mERROR[m] Failed to execute goal on project [36moak-solr-core[m: [1;31mCould not resolve dependencies for project org.apache.jackrabbit:oak-solr-core:bundle:0.9-SNAPSHOT: The following artifacts could not be resolved: org.apache.jackrabbit:oak-core:jar:0.9-SNAPSHOT, org.apache.jackrabbit:oak-core:jar:tests:0.9-SNAPSHOT: Failure to find org.apache.jackrabbit:oak-core:jar:0.9-SNAPSHOT in http://repository.apache.org/snapshots was cached in the local repository, resolution will not be reattempted until the update interval of apache.snapshots has elapsed or updates are forced[m -> [1m[Help 2][m
[[1;31mERROR[m] Failed to execute goal on project [36moak-solr-remote[m: [1;31mCould not resolve dependencies for project org.apache.jackrabbit:oak-solr-remote:bundle:0.9-SNAPSHOT: The following artifacts could not be resolved: org.apache.jackrabbit:oak-core:jar:0.9-SNAPSHOT, org.apache.jackrabbit:oak-solr-core:jar:0.9-SNAPSHOT, org.apache.jackrabbit:oak-core:jar:tests:0.9-SNAPSHOT: Failure to find org.apache.jackrabbit:oak-core:jar:0.9-SNAPSHOT in http://repository.apache.org/snapshots was cached in the local repository, resolution will not be reattempted until the update interval of apache.snapshots has elapsed or updates are forced[m -> [1m[Help 2][m
[[1;31mERROR[m] Failed to execute goal on project [36moak-solr-embedded[m: [1;31mCould not resolve dependencies for project org.apache.jackrabbit:oak-solr-embedded:bundle:0.9-SNAPSHOT: The following artifacts could not be resolved: org.apache.jackrabbit:oak-core:jar:0.9-SNAPSHOT, org.apache.jackrabbit:oak-solr-core:jar:0.9-SNAPSHOT, org.apache.jackrabbit:oak-core:jar:tests:0.9-SNAPSHOT: Failure to find org.apache.jackrabbit:oak-core:jar:0.9-SNAPSHOT in http://repository.apache.org/snapshots was cached in the local repository, resolution will not be reattempted until the update interval of apache.snapshots has elapsed or updates are forced[m -> [1m[Help 2][m
[[1;31mERROR[m] Failed to execute goal on project [36moak-run[m: [1;31mCould not resolve dependencies for project org.apache.jackrabbit:oak-run:jar:0.9-SNAPSHOT: The following artifacts could not be resolved: org.apache.jackrabbit:oak-jcr:jar:0.9-SNAPSHOT, org.apache.jackrabbit:oak-core:jar:0.9-SNAPSHOT, org.apache.jackrabbit:oak-http:jar:0.9-SNAPSHOT: Failure to find org.apache.jackrabbit:oak-jcr:jar:0.9-SNAPSHOT in http://repository.apache.org/snapshots was cached in the local repository, resolution will not be reattempted until the update interval of apache.snapshots has elapsed or updates are forced[m -> [1m[Help 2][m
[[1;31mERROR[m] Failed to execute goal on project [36moak-it-osgi[m: [1;31mCould not resolve dependencies for project org.apache.jackrabbit:oak-it-osgi:jar:0.9-SNAPSHOT: The following artifacts could not be resolved: org.apache.jackrabbit:oak-core:jar:0.9-SNAPSHOT, org.apache.jackrabbit:oak-jcr:jar:0.9-SNAPSHOT, org.apache.jackrabbit:oak-lucene:jar:0.9-SNAPSHOT, org.apache.jackrabbit:oak-core:jar:tests:0.9-SNAPSHOT: Failure to find org.apache.jackrabbit:oak-core:jar:0.9-SNAPSHOT in http://repository.apache.org/snapshots was cached in the local repository, resolution will not be reattempted until the update interval of apache.snapshots has elapsed or updates are forced[m -> [1m[Help 2][m
[[1;31mERROR[m] 
[[1;31mERROR[m] To see the full stack trace of the errors, re-run Maven with the [1m-e[m switch.
[[1;31mERROR[m] Re-run Maven using the [1m-X[m switch to enable full debug logging.
[[1;31mERROR[m] 
[[1;31mERROR[m] For more information about the errors and possible solutions, please read the following articles:
[[1;31mERROR[m] [1m[Help 1][m http://cwiki.apache.org/confluence/display/MAVEN/MojoFailureException
[[1;31mERROR[m] [1m[Help 2][m http://cwiki.apache.org/confluence/display/MAVEN/DependencyResolutionException
[[1;31mERROR[m] 
[[1;31mERROR[m] After correcting the problems, you can resume the build with the command
[[1;31mERROR[m]   [1mmvn <args> -rf :oak-core[m
[[1;34mINFO[m] Build failures were ignored.
[[1;34mINFO[m] Scanning for projects...
[[1;34mINFO[m] 
[[1;34mINFO[m] [1m-----------------< [0;36morg.apache.jackrabbit:oak-mongomk[0;1m >------------------[m
[[1;34mINFO[m] [1mBuilding Oak Mongo MicroKernel 0.9-SNAPSHOT[m
[[1;34mINFO[m] [1m-------------------------------[ bundle ]-------------------------------[m
[[1;33mWARNING[m] The POM for com.jamonapi:jamon:jar:2.4 is missing, no dependency information available
[[1;34mINFO[m] 
[[1;34mINFO[m] [1m--- [0;32mmaven-remote-resources-plugin:1.2.1:process[m [1m(default)[m @ [36moak-mongomk[0;1m ---[m
[[1;33mWARNING[m] Missing POM for com.jamonapi:jamon:jar:2.4
[[1;34mINFO[m] 
[[1;34mINFO[m] [1m--- [0;32mmaven-resources-plugin:2.5:resources[m [1m(default-resources)[m @ [36moak-mongomk[0;1m ---[m
[debug] execute contextualize
[[1;34mINFO[m] Using 'UTF-8' encoding to copy filtered resources.
[[1;34mINFO[m] Copying 1 resource
[[1;34mINFO[m] Copying 3 resources
[[1;34mINFO[m] 
[[1;34mINFO[m] [1m--- [0;32mmaven-compiler-plugin:2.3.2:compile[m [1m(default-compile)[m @ [36moak-mongomk[0;1m ---[m
[[1;34mINFO[m] Nothing to compile - all classes are up to date
[[1;34mINFO[m] 
[[1;34mINFO[m] [1m--- [0;32mmaven-scr-plugin:1.9.0:scr[m [1m(generate-scr-scrdescriptor)[m @ [36moak-mongomk[0;1m ---[m
[[1;34mINFO[m] Generating 1 MetaType Descriptor in /home/user/Workspace/reproducibility/Reproducibility-Scanner/benchmarks/bugs-dot-jar/jackrabbit-oak/oak-mongomk/target/scr-plugin-generated/OSGI-INF/metatype/org.apache.jackrabbit.mongomk.osgi.MongoMicroKernelService.xml
[[1;34mINFO[m] Writing 1 Service Component Descriptors to /home/user/Workspace/reproducibility/Reproducibility-Scanner/benchmarks/bugs-dot-jar/jackrabbit-oak/oak-mongomk/target/scr-plugin-generated/OSGI-INF/org.apache.jackrabbit.mongomk.osgi.MongoMicroKernelService.xml
[[1;34mINFO[m] 
[[1;34mINFO[m] [1m--- [0;32mmaven-resources-plugin:2.5:testResources[m [1m(default-testResources)[m @ [36moak-mongomk[0;1m ---[m
[debug] execute contextualize
[[1;34mINFO[m] Using 'UTF-8' encoding to copy filtered resources.
[[1;34mINFO[m] Copying 2 resources
[[1;34mINFO[m] Copying 3 resources
[[1;34mINFO[m] 
[[1;34mINFO[m] [1m--- [0;32mmaven-compiler-plugin:2.3.2:testCompile[m [1m(default-testCompile)[m @ [36moak-mongomk[0;1m ---[m
[[1;34mINFO[m] Nothing to compile - all classes are up to date
[[1;34mINFO[m] 
[[1;34mINFO[m] [1m--- [0;32mmaven-surefire-plugin:2.9:test[m [1m(default-test)[m @ [36moak-mongomk[0;1m ---[m
[[1;34mINFO[m] Surefire report directory: /home/user/Workspace/reproducibility/Reproducibility-Scanner/benchmarks/bugs-dot-jar/jackrabbit-oak/oak-mongomk/target/surefire-reports

-------------------------------------------------------
 T E S T S
-------------------------------------------------------
OpenJDK 64-Bit Server VM warning: ignoring option MaxPermSize=32m; support was removed in 8.0
Running org.apache.jackrabbit.mongomk.RandomizedTest
Tests run: 2, Failures: 0, Errors: 0, Skipped: 0, Time elapsed: 1.319 sec
Running org.apache.jackrabbit.mongomk.MongoMKCommitCopyTest
Tests run: 21, Failures: 0, Errors: 0, Skipped: 14, Time elapsed: 0.005 sec
Running org.apache.jackrabbit.mongomk.BlobTest
Tests run: 1, Failures: 0, Errors: 0, Skipped: 0, Time elapsed: 0.049 sec
Running org.apache.jackrabbit.mongomk.MongoDocumentStoreTest
Tests run: 5, Failures: 0, Errors: 0, Skipped: 1, Time elapsed: 0.009 sec
Running org.apache.jackrabbit.mongomk.MongoMKGetHeadRevisionTest
Tests run: 1, Failures: 0, Errors: 0, Skipped: 0, Time elapsed: 0.001 sec
Running org.apache.jackrabbit.mongomk.MongoDbTest
Tests run: 1, Failures: 0, Errors: 0, Skipped: 1, Time elapsed: 0 sec
Running org.apache.jackrabbit.mongomk.multitenancy.MultiTenancyTest
Tests run: 1, Failures: 0, Errors: 0, Skipped: 1, Time elapsed: 0.149 sec
Running org.apache.jackrabbit.mongomk.MongoMKBranchMergeTest
Tests run: 19, Failures: 0, Errors: 0, Skipped: 2, Time elapsed: 0.211 sec
Running org.apache.jackrabbit.mongomk.MongoMKCommitAddTest
Tests run: 14, Failures: 0, Errors: 0, Skipped: 1, Time elapsed: 0.012 sec
Running org.apache.jackrabbit.mongomk.ConcurrentConflictTest
Tests run: 2, Failures: 0, Errors: 0, Skipped: 2, Time elapsed: 0.001 sec
Running org.apache.jackrabbit.mongomk.blob.MongoMKReadTest
Tests run: 6, Failures: 0, Errors: 6, Skipped: 0, Time elapsed: 0.011 sec <<< FAILURE!
Running org.apache.jackrabbit.mongomk.blob.MongoMKWriteTest
Tests run: 6, Failures: 0, Errors: 6, Skipped: 0, Time elapsed: 0.006 sec <<< FAILURE!
Running org.apache.jackrabbit.mongomk.blob.MongoMKWriteGridFSTest
Tests run: 5, Failures: 0, Errors: 4, Skipped: 1, Time elapsed: 0.006 sec <<< FAILURE!
Running org.apache.jackrabbit.mongomk.blob.MongoMKGetLengthGridFSTest
Tests run: 8, Failures: 0, Errors: 8, Skipped: 0, Time elapsed: 0.012 sec <<< FAILURE!
Running org.apache.jackrabbit.mongomk.blob.MongoMKGetLengthTest
Tests run: 8, Failures: 0, Errors: 8, Skipped: 0, Time elapsed: 0.05 sec <<< FAILURE!
Running org.apache.jackrabbit.mongomk.blob.MongoMKReadGridFSTest
Tests run: 5, Failures: 0, Errors: 4, Skipped: 1, Time elapsed: 0.005 sec <<< FAILURE!
Running org.apache.jackrabbit.mongomk.blob.MongoBlobStoreTest
Tests run: 20, Failures: 0, Errors: 20, Skipped: 0, Time elapsed: 0.024 sec <<< FAILURE!
Running org.apache.jackrabbit.mongomk.impl.MongoMKLimitsTest
Tests run: 2, Failures: 0, Errors: 0, Skipped: 2, Time elapsed: 0 sec
Running org.apache.jackrabbit.mongomk.impl.MongoMKGetChildCountTest
Tests run: 1, Failures: 0, Errors: 0, Skipped: 1, Time elapsed: 0.001 sec
Running org.apache.jackrabbit.mongomk.impl.command.ConcurrentWriteMultipleMkMongoTest
Tests run: 3, Failures: 0, Errors: 2, Skipped: 1, Time elapsed: 0 sec <<< FAILURE!
Running org.apache.jackrabbit.mongomk.impl.MongoMKGetJournalTest
Tests run: 1, Failures: 0, Errors: 0, Skipped: 1, Time elapsed: 0 sec
Running org.apache.jackrabbit.mongomk.impl.MongoMKGetRevisionHistoryTest
Tests run: 1, Failures: 0, Errors: 0, Skipped: 1, Time elapsed: 0.001 sec
Running org.apache.jackrabbit.mongomk.impl.MongoMKConcurrentAddTest
Tests run: 2, Failures: 0, Errors: 2, Skipped: 0, Time elapsed: 0 sec <<< FAILURE!
Running org.apache.jackrabbit.mongomk.impl.MongoMKWaitForCommitTest
Tests run: 1, Failures: 0, Errors: 0, Skipped: 1, Time elapsed: 0 sec
Running org.apache.jackrabbit.mongomk.MongoMKBranchTest
Tests run: 2, Failures: 0, Errors: 0, Skipped: 0, Time elapsed: 0.002 sec
Running org.apache.jackrabbit.mongomk.ClusterTest
Tests run: 9, Failures: 0, Errors: 0, Skipped: 0, Time elapsed: 0.04 sec
Running org.apache.jackrabbit.mongomk.MongoMKGetNodesTest
Tests run: 7, Failures: 0, Errors: 0, Skipped: 3, Time elapsed: 0.003 sec
Running org.apache.jackrabbit.mongomk.MongoMKCommitMoveTest
Tests run: 1, Failures: 0, Errors: 0, Skipped: 1, Time elapsed: 0 sec
Running org.apache.jackrabbit.mongomk.SimpleTest
Tests run: 18, Failures: 1, Errors: 0, Skipped: 0, Time elapsed: 0.022 sec <<< FAILURE!
Running org.apache.jackrabbit.mongomk.MongoMKNodeExistsTest
Tests run: 8, Failures: 0, Errors: 0, Skipped: 0, Time elapsed: 0.011 sec
Running org.apache.jackrabbit.mongomk.RevisionTest
Tests run: 6, Failures: 0, Errors: 0, Skipped: 0, Time elapsed: 0.035 sec
Running org.apache.jackrabbit.mongomk.RandomizedClusterTest
Tests run: 1, Failures: 0, Errors: 0, Skipped: 0, Time elapsed: 0.201 sec
Running org.apache.jackrabbit.mongomk.MongoMKCommitRemoveTest
Tests run: 6, Failures: 0, Errors: 0, Skipped: 1, Time elapsed: 0.005 sec
Running org.apache.jackrabbit.mongomk.MongoMKDiffTest
Tests run: 18, Failures: 0, Errors: 16, Skipped: 2, Time elapsed: 0.02 sec <<< FAILURE!
Running org.apache.jackrabbit.mongomk.ConflictTest
Tests run: 54, Failures: 1, Errors: 0, Skipped: 0, Time elapsed: 0.059 sec <<< FAILURE!
Running org.apache.jackrabbit.mongomk.MongoMKRebaseTest
Tests run: 1, Failures: 0, Errors: 0, Skipped: 1, Time elapsed: 0 sec

Results :

Failed tests:   commitRoot(org.apache.jackrabbit.mongomk.SimpleTest)
  changeChangedPropertyTwoBranches(org.apache.jackrabbit.mongomk.ConflictTest): Must fail with conflict for changeChangedProperty

Tests in error: 
  medium(org.apache.jackrabbit.mongomk.blob.MongoMKReadTest): OP_QUERY is no longer supported. The client driver may require an upgrade. For more details see https://dochub.mongodb.org/core/legacy-opcode-removal
  medium(org.apache.jackrabbit.mongomk.blob.MongoMKReadTest)
  large(org.apache.jackrabbit.mongomk.blob.MongoMKReadTest): OP_QUERY is no longer supported. The client driver may require an upgrade. For more details see https://dochub.mongodb.org/core/legacy-opcode-removal
  large(org.apache.jackrabbit.mongomk.blob.MongoMKReadTest)
  small(org.apache.jackrabbit.mongomk.blob.MongoMKReadTest): OP_QUERY is no longer supported. The client driver may require an upgrade. For more details see https://dochub.mongodb.org/core/legacy-opcode-removal
  small(org.apache.jackrabbit.mongomk.blob.MongoMKReadTest)
  medium(org.apache.jackrabbit.mongomk.blob.MongoMKWriteTest): OP_QUERY is no longer supported. The client driver may require an upgrade. For more details see https://dochub.mongodb.org/core/legacy-opcode-removal
  medium(org.apache.jackrabbit.mongomk.blob.MongoMKWriteTest)
  large(org.apache.jackrabbit.mongomk.blob.MongoMKWriteTest): OP_QUERY is no longer supported. The client driver may require an upgrade. For more details see https://dochub.mongodb.org/core/legacy-opcode-removal
  large(org.apache.jackrabbit.mongomk.blob.MongoMKWriteTest)
  small(org.apache.jackrabbit.mongomk.blob.MongoMKWriteTest): OP_QUERY is no longer supported. The client driver may require an upgrade. For more details see https://dochub.mongodb.org/core/legacy-opcode-removal
  small(org.apache.jackrabbit.mongomk.blob.MongoMKWriteTest)
  medium(org.apache.jackrabbit.mongomk.blob.MongoMKWriteGridFSTest): OP_QUERY is no longer supported. The client driver may require an upgrade. For more details see https://dochub.mongodb.org/core/legacy-opcode-removal
  medium(org.apache.jackrabbit.mongomk.blob.MongoMKWriteGridFSTest)
  small(org.apache.jackrabbit.mongomk.blob.MongoMKWriteGridFSTest): OP_QUERY is no longer supported. The client driver may require an upgrade. For more details see https://dochub.mongodb.org/core/legacy-opcode-removal
  small(org.apache.jackrabbit.mongomk.blob.MongoMKWriteGridFSTest)
  nonExistent(org.apache.jackrabbit.mongomk.blob.MongoMKGetLengthGridFSTest): OP_QUERY is no longer supported. The client driver may require an upgrade. For more details see https://dochub.mongodb.org/core/legacy-opcode-removal
  nonExistent(org.apache.jackrabbit.mongomk.blob.MongoMKGetLengthGridFSTest)
  medium(org.apache.jackrabbit.mongomk.blob.MongoMKGetLengthGridFSTest): OP_QUERY is no longer supported. The client driver may require an upgrade. For more details see https://dochub.mongodb.org/core/legacy-opcode-removal
  medium(org.apache.jackrabbit.mongomk.blob.MongoMKGetLengthGridFSTest)
  large(org.apache.jackrabbit.mongomk.blob.MongoMKGetLengthGridFSTest): OP_QUERY is no longer supported. The client driver may require an upgrade. For more details see https://dochub.mongodb.org/core/legacy-opcode-removal
  large(org.apache.jackrabbit.mongomk.blob.MongoMKGetLengthGridFSTest)
  small(org.apache.jackrabbit.mongomk.blob.MongoMKGetLengthGridFSTest): OP_QUERY is no longer supported. The client driver may require an upgrade. For more details see https://dochub.mongodb.org/core/legacy-opcode-removal
  small(org.apache.jackrabbit.mongomk.blob.MongoMKGetLengthGridFSTest)
  nonExistent(org.apache.jackrabbit.mongomk.blob.MongoMKGetLengthTest): OP_QUERY is no longer supported. The client driver may require an upgrade. For more details see https://dochub.mongodb.org/core/legacy-opcode-removal
  nonExistent(org.apache.jackrabbit.mongomk.blob.MongoMKGetLengthTest)
  medium(org.apache.jackrabbit.mongomk.blob.MongoMKGetLengthTest): OP_QUERY is no longer supported. The client driver may require an upgrade. For more details see https://dochub.mongodb.org/core/legacy-opcode-removal
  medium(org.apache.jackrabbit.mongomk.blob.MongoMKGetLengthTest)
  large(org.apache.jackrabbit.mongomk.blob.MongoMKGetLengthTest): OP_QUERY is no longer supported. The client driver may require an upgrade. For more details see https://dochub.mongodb.org/core/legacy-opcode-removal
  large(org.apache.jackrabbit.mongomk.blob.MongoMKGetLengthTest)
  small(org.apache.jackrabbit.mongomk.blob.MongoMKGetLengthTest): OP_QUERY is no longer supported. The client driver may require an upgrade. For more details see https://dochub.mongodb.org/core/legacy-opcode-removal
  small(org.apache.jackrabbit.mongomk.blob.MongoMKGetLengthTest)
  medium(org.apache.jackrabbit.mongomk.blob.MongoMKReadGridFSTest): OP_QUERY is no longer supported. The client driver may require an upgrade. For more details see https://dochub.mongodb.org/core/legacy-opcode-removal
  medium(org.apache.jackrabbit.mongomk.blob.MongoMKReadGridFSTest)
  small(org.apache.jackrabbit.mongomk.blob.MongoMKReadGridFSTest): OP_QUERY is no longer supported. The client driver may require an upgrade. For more details see https://dochub.mongodb.org/core/legacy-opcode-removal
  small(org.apache.jackrabbit.mongomk.blob.MongoMKReadGridFSTest)
  testWriteFile(org.apache.jackrabbit.mongomk.blob.MongoBlobStoreTest): OP_QUERY is no longer supported. The client driver may require an upgrade. For more details see https://dochub.mongodb.org/core/legacy-opcode-removal
  testWriteFile(org.apache.jackrabbit.mongomk.blob.MongoBlobStoreTest)
  testCombinedIdentifier(org.apache.jackrabbit.mongomk.blob.MongoBlobStoreTest): OP_QUERY is no longer supported. The client driver may require an upgrade. For more details see https://dochub.mongodb.org/core/legacy-opcode-removal
  testCombinedIdentifier(org.apache.jackrabbit.mongomk.blob.MongoBlobStoreTest)
  testEmptyIdentifier(org.apache.jackrabbit.mongomk.blob.MongoBlobStoreTest): OP_QUERY is no longer supported. The client driver may require an upgrade. For more details see https://dochub.mongodb.org/core/legacy-opcode-removal
  testEmptyIdentifier(org.apache.jackrabbit.mongomk.blob.MongoBlobStoreTest)
  testCloseStream(org.apache.jackrabbit.mongomk.blob.MongoBlobStoreTest): OP_QUERY is no longer supported. The client driver may require an upgrade. For more details see https://dochub.mongodb.org/core/legacy-opcode-removal
  testCloseStream(org.apache.jackrabbit.mongomk.blob.MongoBlobStoreTest)
  testExceptionWhileReading(org.apache.jackrabbit.mongomk.blob.MongoBlobStoreTest): OP_QUERY is no longer supported. The client driver may require an upgrade. For more details see https://dochub.mongodb.org/core/legacy-opcode-removal
  testExceptionWhileReading(org.apache.jackrabbit.mongomk.blob.MongoBlobStoreTest)
  testIllegalIdentifier(org.apache.jackrabbit.mongomk.blob.MongoBlobStoreTest): OP_QUERY is no longer supported. The client driver may require an upgrade. For more details see https://dochub.mongodb.org/core/legacy-opcode-removal
  testIllegalIdentifier(org.apache.jackrabbit.mongomk.blob.MongoBlobStoreTest)
  testSmall(org.apache.jackrabbit.mongomk.blob.MongoBlobStoreTest): OP_QUERY is no longer supported. The client driver may require an upgrade. For more details see https://dochub.mongodb.org/core/legacy-opcode-removal
  testSmall(org.apache.jackrabbit.mongomk.blob.MongoBlobStoreTest)
  testMedium(org.apache.jackrabbit.mongomk.blob.MongoBlobStoreTest): OP_QUERY is no longer supported. The client driver may require an upgrade. For more details see https://dochub.mongodb.org/core/legacy-opcode-removal
  testMedium(org.apache.jackrabbit.mongomk.blob.MongoBlobStoreTest)
  testLarge(org.apache.jackrabbit.mongomk.blob.MongoBlobStoreTest): OP_QUERY is no longer supported. The client driver may require an upgrade. For more details see https://dochub.mongodb.org/core/legacy-opcode-removal
  testLarge(org.apache.jackrabbit.mongomk.blob.MongoBlobStoreTest)
  testGarbageCollection(org.apache.jackrabbit.mongomk.blob.MongoBlobStoreTest): OP_QUERY is no longer supported. The client driver may require an upgrade. For more details see https://dochub.mongodb.org/core/legacy-opcode-removal
  testGarbageCollection(org.apache.jackrabbit.mongomk.blob.MongoBlobStoreTest)
  testSmall(org.apache.jackrabbit.mongomk.impl.command.ConcurrentWriteMultipleMkMongoTest): OP_QUERY is no longer supported. The client driver may require an upgrade. For more details see https://dochub.mongodb.org/core/legacy-opcode-removal
  testSmall(org.apache.jackrabbit.mongomk.impl.command.ConcurrentWriteMultipleMkMongoTest)
  testConcurrentAdd(org.apache.jackrabbit.mongomk.impl.MongoMKConcurrentAddTest): OP_QUERY is no longer supported. The client driver may require an upgrade. For more details see https://dochub.mongodb.org/core/legacy-opcode-removal
  testConcurrentAdd(org.apache.jackrabbit.mongomk.impl.MongoMKConcurrentAddTest)
  addPathOneLevel(org.apache.jackrabbit.mongomk.MongoMKDiffTest): OP_QUERY is no longer supported. The client driver may require an upgrade. For more details see https://dochub.mongodb.org/core/legacy-opcode-removal
  addPathOneLevel(org.apache.jackrabbit.mongomk.MongoMKDiffTest)
  addPathTwoLevels(org.apache.jackrabbit.mongomk.MongoMKDiffTest): OP_QUERY is no longer supported. The client driver may require an upgrade. For more details see https://dochub.mongodb.org/core/legacy-opcode-removal
  addPathTwoLevels(org.apache.jackrabbit.mongomk.MongoMKDiffTest)
  oak596(org.apache.jackrabbit.mongomk.MongoMKDiffTest): OP_QUERY is no longer supported. The client driver may require an upgrade. For more details see https://dochub.mongodb.org/core/legacy-opcode-removal
  oak596(org.apache.jackrabbit.mongomk.MongoMKDiffTest)
  addPathTwoSameLevels(org.apache.jackrabbit.mongomk.MongoMKDiffTest): OP_QUERY is no longer supported. The client driver may require an upgrade. For more details see https://dochub.mongodb.org/core/legacy-opcode-removal
  addPathTwoSameLevels(org.apache.jackrabbit.mongomk.MongoMKDiffTest)
  copyPath(org.apache.jackrabbit.mongomk.MongoMKDiffTest): OP_QUERY is no longer supported. The client driver may require an upgrade. For more details see https://dochub.mongodb.org/core/legacy-opcode-removal
  copyPath(org.apache.jackrabbit.mongomk.MongoMKDiffTest)
  removeProperty(org.apache.jackrabbit.mongomk.MongoMKDiffTest): OP_QUERY is no longer supported. The client driver may require an upgrade. For more details see https://dochub.mongodb.org/core/legacy-opcode-removal
  removeProperty(org.apache.jackrabbit.mongomk.MongoMKDiffTest)
  changeProperty(org.apache.jackrabbit.mongomk.MongoMKDiffTest): OP_QUERY is no longer supported. The client driver may require an upgrade. For more details see https://dochub.mongodb.org/core/legacy-opcode-removal
  changeProperty(org.apache.jackrabbit.mongomk.MongoMKDiffTest)
  setProperty(org.apache.jackrabbit.mongomk.MongoMKDiffTest): OP_QUERY is no longer supported. The client driver may require an upgrade. For more details see https://dochub.mongodb.org/core/legacy-opcode-removal
  setProperty(org.apache.jackrabbit.mongomk.MongoMKDiffTest)

Tests run: 267, Failures: 2, Errors: 76, Skipped: 39

[[1;34mINFO[m] [1m------------------------------------------------------------------------[m
[[1;34mINFO[m] [1;31mBUILD FAILURE[m
[[1;34mINFO[m] [1m------------------------------------------------------------------------[m
[[1;34mINFO[m] Total time:  4.500 s
[[1;34mINFO[m] Finished at: 2022-08-02T15:02:25-07:00
[[1;34mINFO[m] [1m------------------------------------------------------------------------[m
[[1;31mERROR[m] Failed to execute goal [32morg.apache.maven.plugins:maven-surefire-plugin:2.9:test[m [1m(default-test)[m on project [36moak-mongomk[m: [1;31mThere are test failures.[m
[[1;31mERROR[m] [1;31m[m
[[1;31mERROR[m] [1;31mPlease refer to /home/user/Workspace/reproducibility/Reproducibility-Scanner/benchmarks/bugs-dot-jar/jackrabbit-oak/oak-mongomk/target/surefire-reports for the individual test results.[m
[[1;31mERROR[m] -> [1m[Help 1][m
[[1;31mERROR[m] 
[[1;31mERROR[m] To see the full stack trace of the errors, re-run Maven with the [1m-e[m switch.
[[1;31mERROR[m] Re-run Maven using the [1m-X[m switch to enable full debug logging.
[[1;31mERROR[m] 
[[1;31mERROR[m] For more information about the errors and possible solutions, please read the following articles:
[[1;31mERROR[m] [1m[Help 1][m http://cwiki.apache.org/confluence/display/MAVEN/MojoFailureException