[[1;34mINFO[m] Scanning for projects...
[[1;34mINFO[m] [1m------------------------------------------------------------------------[m
[[1;34mINFO[m] [1mReactor Build Order:[m
[[1;34mINFO[m] 
[[1;34mINFO[m] Apache Log4j 2                                                     [pom]
[[1;34mINFO[m] Apache Log4j API                                                   [jar]
[[1;34mINFO[m] Apache Log4J Core                                                  [jar]
[[1;34mINFO[m] Apache Log4j 1.x Compatibility API                                 [jar]
[[1;34mINFO[m] Apache Log4j SLF4J Binding                                         [jar]
[[1;34mINFO[m] Apache Log4j Commons Logging Bridge                                [jar]
[[1;34mINFO[m] Apache Log4j Flume NG Bridge                                       [jar]
[[1;34mINFO[m] Log4j Web Adapters                                                 [jar]
[[1;34mINFO[m] log4j-samples                                                      [pom]
[[1;34mINFO[m] flume-common                                                       [jar]
[[1;34mINFO[m] flume-remote                                                       [war]
[[1;34mINFO[m] flume-embedded                                                     [war]
[[1;34mINFO[m] 
[[1;34mINFO[m] [1m-------------------< [0;36morg.apache.logging.log4j:log4j[0;1m >-------------------[m
[[1;34mINFO[m] [1mBuilding Apache Log4j 2 2.0-beta4-SNAPSHOT                        [1/12][m
[[1;34mINFO[m] [1m--------------------------------[ pom ]---------------------------------[m
[[1;34mINFO[m] 
[[1;34mINFO[m] [1m--- [0;32mmaven-remote-resources-plugin:1.1:process[m [1m(default)[m @ [36mlog4j[0;1m ---[m
[[1;34mINFO[m] Setting property: classpath.resource.loader.class => 'org.codehaus.plexus.velocity.ContextClassLoaderResourceLoader'.
[[1;34mINFO[m] Setting property: velocimacro.messages.on => 'false'.
[[1;34mINFO[m] Setting property: resource.loader => 'classpath'.
[[1;34mINFO[m] Setting property: resource.manager.logwhenfound => 'false'.
[[1;34mINFO[m] 
[[1;34mINFO[m] [1m--- [0;32mmaven-bundle-plugin:2.3.7:manifest[m [1m(bundle-manifest)[m @ [36mlog4j[0;1m ---[m
[[1;33mWARNING[m] Ignoring project type pom - supportedProjectTypes = [jar, bundle]
[[1;34mINFO[m] 
[[1;34mINFO[m] [1m--- [0;32mmaven-install-plugin:2.3.1:install[m [1m(default-install)[m @ [36mlog4j[0;1m ---[m
[[1;34mINFO[m] Installing /home/user/Workspace/reproducibility/Reproducibility-Scanner/benchmarks/bugs-dot-jar/logging-log4j2/pom.xml to /home/user/.m2/repository/org/apache/logging/log4j/log4j/2.0-beta4-SNAPSHOT/log4j-2.0-beta4-SNAPSHOT.pom
[[1;34mINFO[m] 
[[1;34mINFO[m] [1m-----------------< [0;36morg.apache.logging.log4j:log4j-api[0;1m >-----------------[m
[[1;34mINFO[m] [1mBuilding Apache Log4j API 2.0-beta4-SNAPSHOT                      [2/12][m
[[1;34mINFO[m] [1m--------------------------------[ jar ]---------------------------------[m
[[1;34mINFO[m] 
[[1;34mINFO[m] [1m--- [0;32mmaven-remote-resources-plugin:1.1:process[m [1m(default)[m @ [36mlog4j-api[0;1m ---[m
[[1;34mINFO[m] 
[[1;34mINFO[m] [1m--- [0;32mmaven-resources-plugin:2.5:resources[m [1m(default-resources)[m @ [36mlog4j-api[0;1m ---[m
[debug] execute contextualize
[[1;34mINFO[m] Using 'UTF-8' encoding to copy filtered resources.
[[1;34mINFO[m] skip non existing resourceDirectory /home/user/Workspace/reproducibility/Reproducibility-Scanner/benchmarks/bugs-dot-jar/logging-log4j2/api/src/main/resources
[[1;34mINFO[m] Copying 3 resources
[[1;34mINFO[m] 
[[1;34mINFO[m] [1m--- [0;32mmaven-compiler-plugin:2.3.2:compile[m [1m(default-compile)[m @ [36mlog4j-api[0;1m ---[m
[[1;34mINFO[m] Compiling 41 source files to /home/user/Workspace/reproducibility/Reproducibility-Scanner/benchmarks/bugs-dot-jar/logging-log4j2/api/target/classes
[[1;34mINFO[m] 
[[1;34mINFO[m] [1m--- [0;32mmaven-bundle-plugin:2.3.7:manifest[m [1m(bundle-manifest)[m @ [36mlog4j-api[0;1m ---[m
[[1;34mINFO[m] 
[[1;34mINFO[m] [1m--- [0;32mmaven-resources-plugin:2.5:testResources[m [1m(default-testResources)[m @ [36mlog4j-api[0;1m ---[m
[debug] execute contextualize
[[1;34mINFO[m] Using 'UTF-8' encoding to copy filtered resources.
[[1;34mINFO[m] Copying 1 resource
[[1;34mINFO[m] Copying 3 resources
[[1;34mINFO[m] 
[[1;34mINFO[m] [1m--- [0;32mmaven-compiler-plugin:2.3.2:testCompile[m [1m(default-testCompile)[m @ [36mlog4j-api[0;1m ---[m
[[1;34mINFO[m] Compiling 16 source files to /home/user/Workspace/reproducibility/Reproducibility-Scanner/benchmarks/bugs-dot-jar/logging-log4j2/api/target/test-classes
[[1;34mINFO[m] 
[[1;34mINFO[m] [1m--- [0;32mmaven-surefire-plugin:2.12.4:test[m [1m(default-test)[m @ [36mlog4j-api[0;1m ---[m
[[1;34mINFO[m] Tests are skipped.
[[1;34mINFO[m] 
[[1;34mINFO[m] [1m--- [0;32mmaven-jar-plugin:2.3.1:jar[m [1m(default-jar)[m @ [36mlog4j-api[0;1m ---[m
[[1;34mINFO[m] Building jar: /home/user/Workspace/reproducibility/Reproducibility-Scanner/benchmarks/bugs-dot-jar/logging-log4j2/api/target/log4j-api-2.0-beta4-SNAPSHOT.jar
[[1;34mINFO[m] 
[[1;34mINFO[m] [1m--- [0;32mmaven-install-plugin:2.3.1:install[m [1m(default-install)[m @ [36mlog4j-api[0;1m ---[m
[[1;34mINFO[m] Installing /home/user/Workspace/reproducibility/Reproducibility-Scanner/benchmarks/bugs-dot-jar/logging-log4j2/api/target/log4j-api-2.0-beta4-SNAPSHOT.jar to /home/user/.m2/repository/org/apache/logging/log4j/log4j-api/2.0-beta4-SNAPSHOT/log4j-api-2.0-beta4-SNAPSHOT.jar
[[1;34mINFO[m] Installing /home/user/Workspace/reproducibility/Reproducibility-Scanner/benchmarks/bugs-dot-jar/logging-log4j2/api/pom.xml to /home/user/.m2/repository/org/apache/logging/log4j/log4j-api/2.0-beta4-SNAPSHOT/log4j-api-2.0-beta4-SNAPSHOT.pom
[[1;34mINFO[m] 
[[1;34mINFO[m] [1m----------------< [0;36morg.apache.logging.log4j:log4j-core[0;1m >-----------------[m
[[1;34mINFO[m] [1mBuilding Apache Log4J Core 2.0-beta4-SNAPSHOT                     [3/12][m
[[1;34mINFO[m] [1m--------------------------------[ jar ]---------------------------------[m
[[1;34mINFO[m] 
[[1;34mINFO[m] [1m--- [0;32mmaven-remote-resources-plugin:1.1:process[m [1m(default)[m @ [36mlog4j-core[0;1m ---[m
[[1;34mINFO[m] 
[[1;34mINFO[m] [1m--- [0;32mmaven-resources-plugin:2.5:resources[m [1m(default-resources)[m @ [36mlog4j-core[0;1m ---[m
[debug] execute contextualize
[[1;34mINFO[m] Using 'UTF-8' encoding to copy filtered resources.
[[1;34mINFO[m] Copying 2 resources
[[1;34mINFO[m] Copying 3 resources
[[1;34mINFO[m] 
[[1;34mINFO[m] [1m--- [0;32mmaven-compiler-plugin:2.3.2:compile[m [1m(default-compile)[m @ [36mlog4j-core[0;1m ---[m
[[1;34mINFO[m] Compiling 214 source files to /home/user/Workspace/reproducibility/Reproducibility-Scanner/benchmarks/bugs-dot-jar/logging-log4j2/core/target/classes
[[1;34mINFO[m] 
[[1;34mINFO[m] [1m--- [0;32mmaven-bundle-plugin:2.3.7:manifest[m [1m(bundle-manifest)[m @ [36mlog4j-core[0;1m ---[m
[[1;34mINFO[m] 
[[1;34mINFO[m] [1m>>> [0;32mexec-maven-plugin:1.2.1:java[m [1m(default)[0;1m > [0;1mvalidate[m @ [36mlog4j-core[0;1m >>>[m
[[1;34mINFO[m] 
[[1;34mINFO[m] [1m<<< [0;32mexec-maven-plugin:1.2.1:java[m [1m(default)[0;1m < [0;1mvalidate[m @ [36mlog4j-core[0;1m <<<[m
[[1;34mINFO[m] 
[[1;34mINFO[m] 
[[1;34mINFO[m] [1m--- [0;32mexec-maven-plugin:1.2.1:java[m [1m(default)[m @ [36mlog4j-core[0;1m ---[m
[[1;34mINFO[m] 
[[1;34mINFO[m] [1m--- [0;32mmaven-resources-plugin:2.5:testResources[m [1m(default-testResources)[m @ [36mlog4j-core[0;1m ---[m
[debug] execute contextualize
[[1;34mINFO[m] Using 'UTF-8' encoding to copy filtered resources.
[[1;34mINFO[m] Copying 54 resources
[[1;34mINFO[m] Copying 3 resources
[[1;34mINFO[m] 
[[1;34mINFO[m] [1m--- [0;32mmaven-compiler-plugin:2.3.2:testCompile[m [1m(default-testCompile)[m @ [36mlog4j-core[0;1m ---[m
[[1;34mINFO[m] Compiling 105 source files to /home/user/Workspace/reproducibility/Reproducibility-Scanner/benchmarks/bugs-dot-jar/logging-log4j2/core/target/test-classes
[[1;33mWARNING[m] /home/user/Workspace/reproducibility/Reproducibility-Scanner/benchmarks/bugs-dot-jar/logging-log4j2/core/src/test/java/org/apache/logging/log4j/ReflectionComparison.java:[25,18] Reflection is internal proprietary API and may be removed in a future release
[[1;33mWARNING[m] /home/user/Workspace/reproducibility/Reproducibility-Scanner/benchmarks/bugs-dot-jar/logging-log4j2/core/src/test/java/org/apache/logging/log4j/ReflectionComparison.java:[83,12] Reflection is internal proprietary API and may be removed in a future release
[[1;34mINFO[m] 
[[1;34mINFO[m] [1m--- [0;32mmaven-surefire-plugin:2.12.4:test[m [1m(default-test)[m @ [36mlog4j-core[0;1m ---[m
[[1;34mINFO[m] Tests are skipped.
[[1;34mINFO[m] 
[[1;34mINFO[m] [1m--- [0;32mmaven-jar-plugin:2.3.1:jar[m [1m(default-jar)[m @ [36mlog4j-core[0;1m ---[m
[[1;34mINFO[m] Building jar: /home/user/Workspace/reproducibility/Reproducibility-Scanner/benchmarks/bugs-dot-jar/logging-log4j2/core/target/log4j-core-2.0-beta4-SNAPSHOT.jar
[[1;34mINFO[m] 
[[1;34mINFO[m] [1m--- [0;32mmaven-jar-plugin:2.3.1:test-jar[m [1m(default)[m @ [36mlog4j-core[0;1m ---[m
[[1;34mINFO[m] Building jar: /home/user/Workspace/reproducibility/Reproducibility-Scanner/benchmarks/bugs-dot-jar/logging-log4j2/core/target/log4j-core-2.0-beta4-SNAPSHOT-tests.jar
[[1;34mINFO[m] 
[[1;34mINFO[m] [1m--- [0;32mmaven-install-plugin:2.3.1:install[m [1m(default-install)[m @ [36mlog4j-core[0;1m ---[m
[[1;34mINFO[m] Installing /home/user/Workspace/reproducibility/Reproducibility-Scanner/benchmarks/bugs-dot-jar/logging-log4j2/core/target/log4j-core-2.0-beta4-SNAPSHOT.jar to /home/user/.m2/repository/org/apache/logging/log4j/log4j-core/2.0-beta4-SNAPSHOT/log4j-core-2.0-beta4-SNAPSHOT.jar
[[1;34mINFO[m] Installing /home/user/Workspace/reproducibility/Reproducibility-Scanner/benchmarks/bugs-dot-jar/logging-log4j2/core/pom.xml to /home/user/.m2/repository/org/apache/logging/log4j/log4j-core/2.0-beta4-SNAPSHOT/log4j-core-2.0-beta4-SNAPSHOT.pom
[[1;34mINFO[m] Installing /home/user/Workspace/reproducibility/Reproducibility-Scanner/benchmarks/bugs-dot-jar/logging-log4j2/core/target/log4j-core-2.0-beta4-SNAPSHOT-tests.jar to /home/user/.m2/repository/org/apache/logging/log4j/log4j-core/2.0-beta4-SNAPSHOT/log4j-core-2.0-beta4-SNAPSHOT-tests.jar
[[1;34mINFO[m] 
[[1;34mINFO[m] [1m----------< [0;36morg.apache.logging.log4j.adapters:log4j-1.2-api[0;1m >-----------[m
[[1;34mINFO[m] [1mBuilding Apache Log4j 1.x Compatibility API 2.0-beta4-SNAPSHOT    [4/12][m
[[1;34mINFO[m] [1m--------------------------------[ jar ]---------------------------------[m
[[1;34mINFO[m] 
[[1;34mINFO[m] [1m--- [0;32mmaven-remote-resources-plugin:1.1:process[m [1m(default)[m @ [36mlog4j-1.2-api[0;1m ---[m
[[1;34mINFO[m] 
[[1;34mINFO[m] [1m--- [0;32mmaven-resources-plugin:2.5:resources[m [1m(default-resources)[m @ [36mlog4j-1.2-api[0;1m ---[m
[debug] execute contextualize
[[1;34mINFO[m] Using 'UTF-8' encoding to copy filtered resources.
[[1;34mINFO[m] skip non existing resourceDirectory /home/user/Workspace/reproducibility/Reproducibility-Scanner/benchmarks/bugs-dot-jar/logging-log4j2/log4j12-api/src/main/resources
[[1;34mINFO[m] Copying 3 resources
[[1;34mINFO[m] 
[[1;34mINFO[m] [1m--- [0;32mmaven-compiler-plugin:2.3.2:compile[m [1m(default-compile)[m @ [36mlog4j-1.2-api[0;1m ---[m
[[1;34mINFO[m] Compiling 24 source files to /home/user/Workspace/reproducibility/Reproducibility-Scanner/benchmarks/bugs-dot-jar/logging-log4j2/log4j12-api/target/classes
[[1;34mINFO[m] 
[[1;34mINFO[m] [1m--- [0;32mmaven-bundle-plugin:2.3.7:manifest[m [1m(bundle-manifest)[m @ [36mlog4j-1.2-api[0;1m ---[m
[[1;33mWARNING[m] Manifest org.apache.logging.log4j.adapters:log4j-1.2-api:jar:2.0-beta4-SNAPSHOT : Superfluous export-package instructions: [org.apache.logging.log4j.*]
[[1;34mINFO[m] 
[[1;34mINFO[m] [1m--- [0;32mmaven-resources-plugin:2.5:testResources[m [1m(default-testResources)[m @ [36mlog4j-1.2-api[0;1m ---[m
[debug] execute contextualize
[[1;34mINFO[m] Using 'UTF-8' encoding to copy filtered resources.
[[1;34mINFO[m] Copying 4 resources
[[1;34mINFO[m] Copying 3 resources
[[1;34mINFO[m] 
[[1;34mINFO[m] [1m--- [0;32mmaven-compiler-plugin:2.3.2:testCompile[m [1m(default-testCompile)[m @ [36mlog4j-1.2-api[0;1m ---[m
[[1;34mINFO[m] Compiling 6 source files to /home/user/Workspace/reproducibility/Reproducibility-Scanner/benchmarks/bugs-dot-jar/logging-log4j2/log4j12-api/target/test-classes
[[1;34mINFO[m] 
[[1;34mINFO[m] [1m--- [0;32mmaven-surefire-plugin:2.12.4:test[m [1m(default-test)[m @ [36mlog4j-1.2-api[0;1m ---[m
[[1;34mINFO[m] Tests are skipped.
[[1;34mINFO[m] 
[[1;34mINFO[m] [1m--- [0;32mmaven-jar-plugin:2.3.1:jar[m [1m(default-jar)[m @ [36mlog4j-1.2-api[0;1m ---[m
[[1;34mINFO[m] Building jar: /home/user/Workspace/reproducibility/Reproducibility-Scanner/benchmarks/bugs-dot-jar/logging-log4j2/log4j12-api/target/log4j-1.2-api-2.0-beta4-SNAPSHOT.jar
[[1;34mINFO[m] 
[[1;34mINFO[m] [1m--- [0;32mmaven-install-plugin:2.3.1:install[m [1m(default-install)[m @ [36mlog4j-1.2-api[0;1m ---[m
[[1;34mINFO[m] Installing /home/user/Workspace/reproducibility/Reproducibility-Scanner/benchmarks/bugs-dot-jar/logging-log4j2/log4j12-api/target/log4j-1.2-api-2.0-beta4-SNAPSHOT.jar to /home/user/.m2/repository/org/apache/logging/log4j/adapters/log4j-1.2-api/2.0-beta4-SNAPSHOT/log4j-1.2-api-2.0-beta4-SNAPSHOT.jar
[[1;34mINFO[m] Installing /home/user/Workspace/reproducibility/Reproducibility-Scanner/benchmarks/bugs-dot-jar/logging-log4j2/log4j12-api/pom.xml to /home/user/.m2/repository/org/apache/logging/log4j/adapters/log4j-1.2-api/2.0-beta4-SNAPSHOT/log4j-1.2-api-2.0-beta4-SNAPSHOT.pom
[[1;34mINFO[m] 
[[1;34mINFO[m] [1m---------< [0;36morg.apache.logging.log4j.adapters:log4j-slf4j-impl[0;1m >---------[m
[[1;34mINFO[m] [1mBuilding Apache Log4j SLF4J Binding 2.0-beta4-SNAPSHOT            [5/12][m
[[1;34mINFO[m] [1m--------------------------------[ jar ]---------------------------------[m
[[1;34mINFO[m] 
[[1;34mINFO[m] [1m--- [0;32mmaven-remote-resources-plugin:1.1:process[m [1m(default)[m @ [36mlog4j-slf4j-impl[0;1m ---[m
[[1;34mINFO[m] 
[[1;34mINFO[m] [1m--- [0;32mmaven-resources-plugin:2.5:resources[m [1m(default-resources)[m @ [36mlog4j-slf4j-impl[0;1m ---[m
[debug] execute contextualize
[[1;34mINFO[m] Using 'UTF-8' encoding to copy filtered resources.
[[1;34mINFO[m] skip non existing resourceDirectory /home/user/Workspace/reproducibility/Reproducibility-Scanner/benchmarks/bugs-dot-jar/logging-log4j2/slf4j-impl/src/main/resources
[[1;34mINFO[m] Copying 3 resources
[[1;34mINFO[m] 
[[1;34mINFO[m] [1m--- [0;32mmaven-compiler-plugin:2.3.2:compile[m [1m(default-compile)[m @ [36mlog4j-slf4j-impl[0;1m ---[m
[[1;34mINFO[m] Compiling 12 source files to /home/user/Workspace/reproducibility/Reproducibility-Scanner/benchmarks/bugs-dot-jar/logging-log4j2/slf4j-impl/target/classes
[[1;34mINFO[m] 
[[1;34mINFO[m] [1m--- [0;32mmaven-bundle-plugin:2.3.7:manifest[m [1m(bundle-manifest)[m @ [36mlog4j-slf4j-impl[0;1m ---[m
[[1;33mWARNING[m] Manifest org.apache.logging.log4j.adapters:log4j-slf4j-impl:jar:2.0-beta4-SNAPSHOT : Superfluous export-package instructions: [org.apache.logging.log4j.*]
[[1;34mINFO[m] 
[[1;34mINFO[m] [1m--- [0;32mmaven-resources-plugin:2.5:testResources[m [1m(default-testResources)[m @ [36mlog4j-slf4j-impl[0;1m ---[m
[debug] execute contextualize
[[1;34mINFO[m] Using 'UTF-8' encoding to copy filtered resources.
[[1;34mINFO[m] Copying 1 resource
[[1;34mINFO[m] Copying 3 resources
[[1;34mINFO[m] 
[[1;34mINFO[m] [1m--- [0;32mmaven-compiler-plugin:2.3.2:testCompile[m [1m(default-testCompile)[m @ [36mlog4j-slf4j-impl[0;1m ---[m
[[1;34mINFO[m] Compiling 2 source files to /home/user/Workspace/reproducibility/Reproducibility-Scanner/benchmarks/bugs-dot-jar/logging-log4j2/slf4j-impl/target/test-classes
[[1;34mINFO[m] 
[[1;34mINFO[m] [1m--- [0;32mmaven-surefire-plugin:2.12.4:test[m [1m(default-test)[m @ [36mlog4j-slf4j-impl[0;1m ---[m
[[1;34mINFO[m] Tests are skipped.
[[1;34mINFO[m] 
[[1;34mINFO[m] [1m--- [0;32mmaven-jar-plugin:2.3.1:jar[m [1m(default-jar)[m @ [36mlog4j-slf4j-impl[0;1m ---[m
[[1;34mINFO[m] Building jar: /home/user/Workspace/reproducibility/Reproducibility-Scanner/benchmarks/bugs-dot-jar/logging-log4j2/slf4j-impl/target/log4j-slf4j-impl-2.0-beta4-SNAPSHOT.jar
[[1;34mINFO[m] 
[[1;34mINFO[m] [1m--- [0;32mmaven-install-plugin:2.3.1:install[m [1m(default-install)[m @ [36mlog4j-slf4j-impl[0;1m ---[m
[[1;34mINFO[m] Installing /home/user/Workspace/reproducibility/Reproducibility-Scanner/benchmarks/bugs-dot-jar/logging-log4j2/slf4j-impl/target/log4j-slf4j-impl-2.0-beta4-SNAPSHOT.jar to /home/user/.m2/repository/org/apache/logging/log4j/adapters/log4j-slf4j-impl/2.0-beta4-SNAPSHOT/log4j-slf4j-impl-2.0-beta4-SNAPSHOT.jar
[[1;34mINFO[m] Installing /home/user/Workspace/reproducibility/Reproducibility-Scanner/benchmarks/bugs-dot-jar/logging-log4j2/slf4j-impl/pom.xml to /home/user/.m2/repository/org/apache/logging/log4j/adapters/log4j-slf4j-impl/2.0-beta4-SNAPSHOT/log4j-slf4j-impl-2.0-beta4-SNAPSHOT.pom
[[1;34mINFO[m] 
[[1;34mINFO[m] [1m------------< [0;36morg.apache.logging.log4j.adapters:log4j-jcl[0;1m >-------------[m
[[1;34mINFO[m] [1mBuilding Apache Log4j Commons Logging Bridge 2.0-beta4-SNAPSHOT   [6/12][m
[[1;34mINFO[m] [1m--------------------------------[ jar ]---------------------------------[m
[[1;34mINFO[m] 
[[1;34mINFO[m] [1m--- [0;32mmaven-remote-resources-plugin:1.1:process[m [1m(default)[m @ [36mlog4j-jcl[0;1m ---[m
[[1;34mINFO[m] 
[[1;34mINFO[m] [1m--- [0;32mmaven-resources-plugin:2.5:resources[m [1m(default-resources)[m @ [36mlog4j-jcl[0;1m ---[m
[debug] execute contextualize
[[1;34mINFO[m] Using 'UTF-8' encoding to copy filtered resources.
[[1;34mINFO[m] Copying 1 resource
[[1;34mINFO[m] Copying 3 resources
[[1;34mINFO[m] 
[[1;34mINFO[m] [1m--- [0;32mmaven-compiler-plugin:2.3.2:compile[m [1m(default-compile)[m @ [36mlog4j-jcl[0;1m ---[m
[[1;34mINFO[m] Compiling 3 source files to /home/user/Workspace/reproducibility/Reproducibility-Scanner/benchmarks/bugs-dot-jar/logging-log4j2/jcl-bridge/target/classes
[[1;34mINFO[m] 
[[1;34mINFO[m] [1m--- [0;32mmaven-bundle-plugin:2.3.7:manifest[m [1m(bundle-manifest)[m @ [36mlog4j-jcl[0;1m ---[m
[[1;34mINFO[m] 
[[1;34mINFO[m] [1m--- [0;32mmaven-resources-plugin:2.5:testResources[m [1m(default-testResources)[m @ [36mlog4j-jcl[0;1m ---[m
[debug] execute contextualize
[[1;34mINFO[m] Using 'UTF-8' encoding to copy filtered resources.
[[1;34mINFO[m] Copying 1 resource
[[1;34mINFO[m] Copying 3 resources
[[1;34mINFO[m] 
[[1;34mINFO[m] [1m--- [0;32mmaven-compiler-plugin:2.3.2:testCompile[m [1m(default-testCompile)[m @ [36mlog4j-jcl[0;1m ---[m
[[1;34mINFO[m] Compiling 1 source file to /home/user/Workspace/reproducibility/Reproducibility-Scanner/benchmarks/bugs-dot-jar/logging-log4j2/jcl-bridge/target/test-classes
[[1;34mINFO[m] 
[[1;34mINFO[m] [1m--- [0;32mmaven-surefire-plugin:2.12.4:test[m [1m(default-test)[m @ [36mlog4j-jcl[0;1m ---[m
[[1;34mINFO[m] Tests are skipped.
[[1;34mINFO[m] 
[[1;34mINFO[m] [1m--- [0;32mmaven-jar-plugin:2.3.1:jar[m [1m(default-jar)[m @ [36mlog4j-jcl[0;1m ---[m
[[1;34mINFO[m] Building jar: /home/user/Workspace/reproducibility/Reproducibility-Scanner/benchmarks/bugs-dot-jar/logging-log4j2/jcl-bridge/target/log4j-jcl-2.0-beta4-SNAPSHOT.jar
[[1;34mINFO[m] 
[[1;34mINFO[m] [1m--- [0;32mmaven-install-plugin:2.3.1:install[m [1m(default-install)[m @ [36mlog4j-jcl[0;1m ---[m
[[1;34mINFO[m] Installing /home/user/Workspace/reproducibility/Reproducibility-Scanner/benchmarks/bugs-dot-jar/logging-log4j2/jcl-bridge/target/log4j-jcl-2.0-beta4-SNAPSHOT.jar to /home/user/.m2/repository/org/apache/logging/log4j/adapters/log4j-jcl/2.0-beta4-SNAPSHOT/log4j-jcl-2.0-beta4-SNAPSHOT.jar
[[1;34mINFO[m] Installing /home/user/Workspace/reproducibility/Reproducibility-Scanner/benchmarks/bugs-dot-jar/logging-log4j2/jcl-bridge/pom.xml to /home/user/.m2/repository/org/apache/logging/log4j/adapters/log4j-jcl/2.0-beta4-SNAPSHOT/log4j-jcl-2.0-beta4-SNAPSHOT.pom
[[1;34mINFO[m] 
[[1;34mINFO[m] [1m----------< [0;36morg.apache.logging.log4j.adapters:log4j-flume-ng[0;1m >----------[m
[[1;34mINFO[m] [1mBuilding Apache Log4j Flume NG Bridge 2.0-beta4-SNAPSHOT          [7/12][m
[[1;34mINFO[m] [1m--------------------------------[ jar ]---------------------------------[m
Downloading from central: https://repo.maven.apache.org/maven2/org/codehaus/jackson/jackson-mapper-asl/1.9.3/jackson-mapper-asl-1.9.3.pom
Progress (1): 1.2 kB                    Downloaded from central: https://repo.maven.apache.org/maven2/org/codehaus/jackson/jackson-mapper-asl/1.9.3/jackson-mapper-asl-1.9.3.pom (1.2 kB at 4.2 kB/s)
Downloading from central: https://repo.maven.apache.org/maven2/org/codehaus/jackson/jackson-core-asl/1.9.3/jackson-core-asl-1.9.3.jar
Downloading from central: https://repo.maven.apache.org/maven2/org/codehaus/jackson/jackson-mapper-asl/1.9.3/jackson-mapper-asl-1.9.3.jar
Progress (1): 2.7/773 kBProgress (1): 5.5/773 kBProgress (1): 8.2/773 kBProgress (1): 11/773 kB Progress (1): 14/773 kBProgress (1): 16/773 kBProgress (1): 19/773 kBProgress (1): 21/773 kBProgress (1): 24/773 kBProgress (1): 27/773 kBProgress (1): 30/773 kBProgress (1): 32/773 kBProgress (1): 35/773 kBProgress (1): 38/773 kBProgress (1): 40/773 kBProgress (1): 43/773 kBProgress (1): 46/773 kBProgress (1): 49/773 kBProgress (1): 53/773 kBProgress (1): 57/773 kBProgress (1): 61/773 kBProgress (1): 65/773 kBProgress (1): 69/773 kBProgress (1): 73/773 kBProgress (1): 77/773 kBProgress (1): 81/773 kBProgress (2): 81/773 kB | 2.7/228 kBProgress (2): 85/773 kB | 2.7/228 kBProgress (2): 85/773 kB | 5.5/228 kBProgress (2): 90/773 kB | 5.5/228 kBProgress (2): 94/773 kB | 5.5/228 kBProgress (2): 94/773 kB | 8.2/228 kBProgress (2): 98/773 kB | 8.2/228 kBProgress (2): 98/773 kB | 11/228 kB Progress (2): 102/773 kB | 11/228 kBProgress (2): 102/773 kB | 14/228 kBProgress (2): 106/773 kB | 14/228 kBProgress (2): 110/773 kB | 14/228 kBProgress (2): 110/773 kB | 16/228 kBProgress (2): 114/773 kB | 16/228 kBProgress (2): 114/773 kB | 19/228 kBProgress (2): 118/773 kB | 19/228 kBProgress (2): 118/773 kB | 21/228 kBProgress (2): 122/773 kB | 21/228 kBProgress (2): 122/773 kB | 24/228 kBProgress (2): 126/773 kB | 24/228 kBProgress (2): 126/773 kB | 27/228 kBProgress (2): 131/773 kB | 27/228 kBProgress (2): 131/773 kB | 30/228 kBProgress (2): 131/773 kB | 32/228 kBProgress (2): 135/773 kB | 32/228 kBProgress (2): 135/773 kB | 35/228 kBProgress (2): 139/773 kB | 35/228 kBProgress (2): 139/773 kB | 38/228 kBProgress (2): 143/773 kB | 38/228 kBProgress (2): 143/773 kB | 40/228 kBProgress (2): 147/773 kB | 40/228 kBProgress (2): 147/773 kB | 43/228 kBProgress (2): 147/773 kB | 46/228 kBProgress (2): 151/773 kB | 46/228 kBProgress (2): 155/773 kB | 46/228 kBProgress (2): 155/773 kB | 49/228 kBProgress (2): 159/773 kB | 49/228 kBProgress (2): 163/773 kB | 49/228 kBProgress (2): 163/773 kB | 53/228 kBProgress (2): 163/773 kB | 57/228 kBProgress (2): 167/773 kB | 57/228 kBProgress (2): 167/773 kB | 61/228 kBProgress (2): 171/773 kB | 61/228 kBProgress (2): 171/773 kB | 65/228 kBProgress (2): 176/773 kB | 65/228 kBProgress (2): 180/773 kB | 65/228 kBProgress (2): 180/773 kB | 69/228 kBProgress (2): 180/773 kB | 73/228 kBProgress (2): 184/773 kB | 73/228 kBProgress (2): 184/773 kB | 77/228 kBProgress (2): 188/773 kB | 77/228 kBProgress (2): 188/773 kB | 81/228 kBProgress (2): 192/773 kB | 81/228 kBProgress (2): 196/773 kB | 81/228 kBProgress (2): 196/773 kB | 85/228 kBProgress (2): 196/773 kB | 90/228 kBProgress (2): 196/773 kB | 94/228 kBProgress (2): 200/773 kB | 94/228 kBProgress (2): 200/773 kB | 98/228 kBProgress (2): 204/773 kB | 98/228 kBProgress (2): 208/773 kB | 98/228 kBProgress (2): 212/773 kB | 98/228 kBProgress (2): 212/773 kB | 102/228 kBProgress (2): 212/773 kB | 106/228 kBProgress (2): 212/773 kB | 110/228 kBProgress (2): 217/773 kB | 110/228 kBProgress (2): 217/773 kB | 114/228 kBProgress (2): 221/773 kB | 114/228 kBProgress (2): 225/773 kB | 114/228 kBProgress (2): 229/773 kB | 114/228 kBProgress (2): 229/773 kB | 118/228 kBProgress (2): 229/773 kB | 122/228 kBProgress (2): 229/773 kB | 126/228 kBProgress (2): 229/773 kB | 131/228 kBProgress (2): 233/773 kB | 131/228 kBProgress (2): 237/773 kB | 131/228 kBProgress (2): 241/773 kB | 131/228 kBProgress (2): 241/773 kB | 135/228 kBProgress (2): 245/773 kB | 135/228 kBProgress (2): 245/773 kB | 139/228 kBProgress (2): 245/773 kB | 143/228 kBProgress (2): 245/773 kB | 147/228 kBProgress (2): 249/773 kB | 147/228 kBProgress (2): 253/773 kB | 147/228 kBProgress (2): 253/773 kB | 151/228 kBProgress (2): 258/773 kB | 151/228 kBProgress (2): 258/773 kB | 155/228 kBProgress (2): 262/773 kB | 155/228 kBProgress (2): 262/773 kB | 159/228 kBProgress (2): 262/773 kB | 163/228 kBProgress (2): 266/773 kB | 163/228 kBProgress (2): 266/773 kB | 167/228 kBProgress (2): 270/773 kB | 167/228 kBProgress (2): 270/773 kB | 171/228 kBProgress (2): 274/773 kB | 171/228 kBProgress (2): 274/773 kB | 176/228 kBProgress (2): 278/773 kB | 176/228 kBProgress (2): 278/773 kB | 180/228 kBProgress (2): 282/773 kB | 180/228 kBProgress (2): 282/773 kB | 184/228 kBProgress (2): 286/773 kB | 184/228 kBProgress (2): 286/773 kB | 188/228 kBProgress (2): 290/773 kB | 188/228 kBProgress (2): 290/773 kB | 192/228 kBProgress (2): 294/773 kB | 192/228 kBProgress (2): 294/773 kB | 196/228 kBProgress (2): 298/773 kB | 196/228 kBProgress (2): 298/773 kB | 200/228 kBProgress (2): 303/773 kB | 200/228 kBProgress (2): 303/773 kB | 204/228 kBProgress (2): 307/773 kB | 204/228 kBProgress (2): 307/773 kB | 208/228 kBProgress (2): 311/773 kB | 208/228 kBProgress (2): 311/773 kB | 212/228 kBProgress (2): 315/773 kB | 212/228 kBProgress (2): 315/773 kB | 217/228 kBProgress (2): 319/773 kB | 217/228 kBProgress (2): 319/773 kB | 221/228 kBProgress (2): 323/773 kB | 221/228 kBProgress (2): 323/773 kB | 225/228 kBProgress (2): 327/773 kB | 225/228 kBProgress (2): 327/773 kB | 228 kB    Progress (2): 331/773 kB | 228 kBProgress (2): 335/773 kB | 228 kBProgress (2): 339/773 kB | 228 kBProgress (2): 343/773 kB | 228 kBProgress (2): 348/773 kB | 228 kBProgress (2): 352/773 kB | 228 kBProgress (2): 356/773 kB | 228 kBProgress (2): 360/773 kB | 228 kBProgress (2): 364/773 kB | 228 kBProgress (2): 368/773 kB | 228 kBProgress (2): 372/773 kB | 228 kBProgress (2): 376/773 kB | 228 kBProgress (2): 380/773 kB | 228 kBProgress (2): 384/773 kB | 228 kBProgress (2): 389/773 kB | 228 kBProgress (2): 393/773 kB | 228 kBProgress (2): 397/773 kB | 228 kBProgress (2): 401/773 kB | 228 kBProgress (2): 405/773 kB | 228 kBProgress (2): 409/773 kB | 228 kBProgress (2): 413/773 kB | 228 kBProgress (2): 417/773 kB | 228 kBProgress (2): 421/773 kB | 228 kBProgress (2): 425/773 kB | 228 kB                                 Downloaded from central: https://repo.maven.apache.org/maven2/org/codehaus/jackson/jackson-core-asl/1.9.3/jackson-core-asl-1.9.3.jar (228 kB at 2.5 MB/s)
Progress (1): 429/773 kBProgress (1): 434/773 kBProgress (1): 438/773 kBProgress (1): 442/773 kBProgress (1): 446/773 kBProgress (1): 450/773 kBProgress (1): 454/773 kBProgress (1): 458/773 kBProgress (1): 462/773 kBProgress (1): 466/773 kBProgress (1): 470/773 kBProgress (1): 475/773 kBProgress (1): 479/773 kBProgress (1): 483/773 kBProgress (1): 487/773 kBProgress (1): 491/773 kBProgress (1): 495/773 kBProgress (1): 499/773 kBProgress (1): 503/773 kBProgress (1): 507/773 kBProgress (1): 511/773 kBProgress (1): 515/773 kBProgress (1): 520/773 kBProgress (1): 524/773 kBProgress (1): 528/773 kBProgress (1): 532/773 kBProgress (1): 536/773 kBProgress (1): 540/773 kBProgress (1): 544/773 kBProgress (1): 548/773 kBProgress (1): 552/773 kBProgress (1): 556/773 kBProgress (1): 561/773 kBProgress (1): 565/773 kBProgress (1): 569/773 kBProgress (1): 573/773 kBProgress (1): 577/773 kBProgress (1): 581/773 kBProgress (1): 585/773 kBProgress (1): 589/773 kBProgress (1): 593/773 kBProgress (1): 597/773 kBProgress (1): 601/773 kBProgress (1): 606/773 kBProgress (1): 610/773 kBProgress (1): 614/773 kBProgress (1): 618/773 kBProgress (1): 622/773 kBProgress (1): 626/773 kBProgress (1): 630/773 kBProgress (1): 634/773 kBProgress (1): 638/773 kBProgress (1): 642/773 kBProgress (1): 647/773 kBProgress (1): 651/773 kBProgress (1): 655/773 kBProgress (1): 659/773 kBProgress (1): 663/773 kBProgress (1): 667/773 kBProgress (1): 671/773 kBProgress (1): 675/773 kBProgress (1): 679/773 kBProgress (1): 683/773 kBProgress (1): 688/773 kBProgress (1): 692/773 kBProgress (1): 696/773 kBProgress (1): 700/773 kBProgress (1): 704/773 kBProgress (1): 708/773 kBProgress (1): 710/773 kBProgress (1): 714/773 kBProgress (1): 718/773 kBProgress (1): 722/773 kBProgress (1): 727/773 kBProgress (1): 731/773 kBProgress (1): 735/773 kBProgress (1): 739/773 kBProgress (1): 743/773 kBProgress (1): 747/773 kBProgress (1): 751/773 kBProgress (1): 755/773 kBProgress (1): 759/773 kBProgress (1): 763/773 kBProgress (1): 768/773 kBProgress (1): 772/773 kBProgress (1): 773 kB                        Downloaded from central: https://repo.maven.apache.org/maven2/org/codehaus/jackson/jackson-mapper-asl/1.9.3/jackson-mapper-asl-1.9.3.jar (773 kB at 6.4 MB/s)
[[1;34mINFO[m] 
[[1;34mINFO[m] [1m--- [0;32mmaven-remote-resources-plugin:1.1:process[m [1m(default)[m @ [36mlog4j-flume-ng[0;1m ---[m
[[1;34mINFO[m] 
[[1;34mINFO[m] [1m--- [0;32mmaven-resources-plugin:2.5:resources[m [1m(default-resources)[m @ [36mlog4j-flume-ng[0;1m ---[m
[debug] execute contextualize
[[1;34mINFO[m] Using 'UTF-8' encoding to copy filtered resources.
[[1;34mINFO[m] skip non existing resourceDirectory /home/user/Workspace/reproducibility/Reproducibility-Scanner/benchmarks/bugs-dot-jar/logging-log4j2/flume-ng/src/main/resources
[[1;34mINFO[m] Copying 3 resources
[[1;34mINFO[m] 
[[1;34mINFO[m] [1m--- [0;32mmaven-compiler-plugin:2.3.2:compile[m [1m(default-compile)[m @ [36mlog4j-flume-ng[0;1m ---[m
[[1;34mINFO[m] Compiling 11 source files to /home/user/Workspace/reproducibility/Reproducibility-Scanner/benchmarks/bugs-dot-jar/logging-log4j2/flume-ng/target/classes
[[1;34mINFO[m] 
[[1;34mINFO[m] [1m--- [0;32mmaven-bundle-plugin:2.3.7:manifest[m [1m(bundle-manifest)[m @ [36mlog4j-flume-ng[0;1m ---[m
[[1;34mINFO[m] 
[[1;34mINFO[m] [1m>>> [0;32mexec-maven-plugin:1.2.1:java[m [1m(default)[0;1m > [0;1mvalidate[m @ [36mlog4j-flume-ng[0;1m >>>[m
[[1;34mINFO[m] 
[[1;34mINFO[m] [1m<<< [0;32mexec-maven-plugin:1.2.1:java[m [1m(default)[0;1m < [0;1mvalidate[m @ [36mlog4j-flume-ng[0;1m <<<[m
[[1;34mINFO[m] 
[[1;34mINFO[m] 
[[1;34mINFO[m] [1m--- [0;32mexec-maven-plugin:1.2.1:java[m [1m(default)[m @ [36mlog4j-flume-ng[0;1m ---[m
[[1;34mINFO[m] 
[[1;34mINFO[m] [1m--- [0;32mmaven-resources-plugin:2.5:testResources[m [1m(default-testResources)[m @ [36mlog4j-flume-ng[0;1m ---[m
[debug] execute contextualize
[[1;34mINFO[m] Using 'UTF-8' encoding to copy filtered resources.
[[1;34mINFO[m] Copying 2 resources
[[1;34mINFO[m] Copying 3 resources
[[1;34mINFO[m] 
[[1;34mINFO[m] [1m--- [0;32mmaven-compiler-plugin:2.3.2:testCompile[m [1m(default-testCompile)[m @ [36mlog4j-flume-ng[0;1m ---[m
[[1;34mINFO[m] Compiling 3 source files to /home/user/Workspace/reproducibility/Reproducibility-Scanner/benchmarks/bugs-dot-jar/logging-log4j2/flume-ng/target/test-classes
[[1;34mINFO[m] 
[[1;34mINFO[m] [1m--- [0;32mmaven-surefire-plugin:2.12.4:test[m [1m(default-test)[m @ [36mlog4j-flume-ng[0;1m ---[m
[[1;34mINFO[m] Tests are skipped.
[[1;34mINFO[m] 
[[1;34mINFO[m] [1m--- [0;32mmaven-jar-plugin:2.3.1:jar[m [1m(default-jar)[m @ [36mlog4j-flume-ng[0;1m ---[m
[[1;34mINFO[m] Building jar: /home/user/Workspace/reproducibility/Reproducibility-Scanner/benchmarks/bugs-dot-jar/logging-log4j2/flume-ng/target/log4j-flume-ng-2.0-beta4-SNAPSHOT.jar
[[1;34mINFO[m] 
[[1;34mINFO[m] [1m--- [0;32mmaven-jar-plugin:2.3.1:test-jar[m [1m(default)[m @ [36mlog4j-flume-ng[0;1m ---[m
[[1;34mINFO[m] Building jar: /home/user/Workspace/reproducibility/Reproducibility-Scanner/benchmarks/bugs-dot-jar/logging-log4j2/flume-ng/target/log4j-flume-ng-2.0-beta4-SNAPSHOT-tests.jar
[[1;34mINFO[m] 
[[1;34mINFO[m] [1m--- [0;32mmaven-install-plugin:2.3.1:install[m [1m(default-install)[m @ [36mlog4j-flume-ng[0;1m ---[m
[[1;34mINFO[m] Installing /home/user/Workspace/reproducibility/Reproducibility-Scanner/benchmarks/bugs-dot-jar/logging-log4j2/flume-ng/target/log4j-flume-ng-2.0-beta4-SNAPSHOT.jar to /home/user/.m2/repository/org/apache/logging/log4j/adapters/log4j-flume-ng/2.0-beta4-SNAPSHOT/log4j-flume-ng-2.0-beta4-SNAPSHOT.jar
[[1;34mINFO[m] Installing /home/user/Workspace/reproducibility/Reproducibility-Scanner/benchmarks/bugs-dot-jar/logging-log4j2/flume-ng/pom.xml to /home/user/.m2/repository/org/apache/logging/log4j/adapters/log4j-flume-ng/2.0-beta4-SNAPSHOT/log4j-flume-ng-2.0-beta4-SNAPSHOT.pom
[[1;34mINFO[m] Installing /home/user/Workspace/reproducibility/Reproducibility-Scanner/benchmarks/bugs-dot-jar/logging-log4j2/flume-ng/target/log4j-flume-ng-2.0-beta4-SNAPSHOT-tests.jar to /home/user/.m2/repository/org/apache/logging/log4j/adapters/log4j-flume-ng/2.0-beta4-SNAPSHOT/log4j-flume-ng-2.0-beta4-SNAPSHOT-tests.jar
[[1;34mINFO[m] 
[[1;34mINFO[m] [1m------------< [0;36morg.apache.logging.log4j.adapters:log4j-web[0;1m >-------------[m
[[1;34mINFO[m] [1mBuilding Log4j Web Adapters 2.0-beta4-SNAPSHOT                    [8/12][m
[[1;34mINFO[m] [1m--------------------------------[ jar ]---------------------------------[m
[[1;34mINFO[m] 
[[1;34mINFO[m] [1m--- [0;32mmaven-remote-resources-plugin:1.1:process[m [1m(default)[m @ [36mlog4j-web[0;1m ---[m
[[1;34mINFO[m] 
[[1;34mINFO[m] [1m--- [0;32mmaven-resources-plugin:2.5:resources[m [1m(default-resources)[m @ [36mlog4j-web[0;1m ---[m
[debug] execute contextualize
[[1;34mINFO[m] Using 'UTF-8' encoding to copy filtered resources.
[[1;34mINFO[m] skip non existing resourceDirectory /home/user/Workspace/reproducibility/Reproducibility-Scanner/benchmarks/bugs-dot-jar/logging-log4j2/web/src/main/resources
[[1;34mINFO[m] Copying 3 resources
[[1;34mINFO[m] 
[[1;34mINFO[m] [1m--- [0;32mmaven-compiler-plugin:2.3.2:compile[m [1m(default-compile)[m @ [36mlog4j-web[0;1m ---[m
[[1;34mINFO[m] Compiling 3 source files to /home/user/Workspace/reproducibility/Reproducibility-Scanner/benchmarks/bugs-dot-jar/logging-log4j2/web/target/classes
[[1;34mINFO[m] 
[[1;34mINFO[m] [1m--- [0;32mmaven-bundle-plugin:2.3.7:manifest[m [1m(bundle-manifest)[m @ [36mlog4j-web[0;1m ---[m
[[1;34mINFO[m] 
[[1;34mINFO[m] [1m--- [0;32mmaven-resources-plugin:2.5:testResources[m [1m(default-testResources)[m @ [36mlog4j-web[0;1m ---[m
[debug] execute contextualize
[[1;34mINFO[m] Using 'UTF-8' encoding to copy filtered resources.
[[1;34mINFO[m] Copying 1 resource
[[1;34mINFO[m] Copying 3 resources
[[1;34mINFO[m] 
[[1;34mINFO[m] [1m--- [0;32mmaven-compiler-plugin:2.3.2:testCompile[m [1m(default-testCompile)[m @ [36mlog4j-web[0;1m ---[m
[[1;34mINFO[m] Compiling 1 source file to /home/user/Workspace/reproducibility/Reproducibility-Scanner/benchmarks/bugs-dot-jar/logging-log4j2/web/target/test-classes
[[1;34mINFO[m] 
[[1;34mINFO[m] [1m--- [0;32mmaven-surefire-plugin:2.12.4:test[m [1m(default-test)[m @ [36mlog4j-web[0;1m ---[m
[[1;34mINFO[m] Tests are skipped.
[[1;34mINFO[m] 
[[1;34mINFO[m] [1m--- [0;32mmaven-jar-plugin:2.3.1:jar[m [1m(default-jar)[m @ [36mlog4j-web[0;1m ---[m
[[1;34mINFO[m] Building jar: /home/user/Workspace/reproducibility/Reproducibility-Scanner/benchmarks/bugs-dot-jar/logging-log4j2/web/target/log4j-web-2.0-beta4-SNAPSHOT.jar
[[1;34mINFO[m] 
[[1;34mINFO[m] [1m--- [0;32mmaven-install-plugin:2.3.1:install[m [1m(default-install)[m @ [36mlog4j-web[0;1m ---[m
[[1;34mINFO[m] Installing /home/user/Workspace/reproducibility/Reproducibility-Scanner/benchmarks/bugs-dot-jar/logging-log4j2/web/target/log4j-web-2.0-beta4-SNAPSHOT.jar to /home/user/.m2/repository/org/apache/logging/log4j/adapters/log4j-web/2.0-beta4-SNAPSHOT/log4j-web-2.0-beta4-SNAPSHOT.jar
[[1;34mINFO[m] Installing /home/user/Workspace/reproducibility/Reproducibility-Scanner/benchmarks/bugs-dot-jar/logging-log4j2/web/pom.xml to /home/user/.m2/repository/org/apache/logging/log4j/adapters/log4j-web/2.0-beta4-SNAPSHOT/log4j-web-2.0-beta4-SNAPSHOT.pom
[[1;34mINFO[m] 
[[1;34mINFO[m] [1m-----------< [0;36morg.apache.logging.log4j.samples:log4j-samples[0;1m >-----------[m
[[1;34mINFO[m] [1mBuilding log4j-samples 2.0-beta4-SNAPSHOT                         [9/12][m
[[1;34mINFO[m] [1m--------------------------------[ pom ]---------------------------------[m
[[1;34mINFO[m] 
[[1;34mINFO[m] [1m--- [0;32mmaven-remote-resources-plugin:1.1:process[m [1m(default)[m @ [36mlog4j-samples[0;1m ---[m
[[1;34mINFO[m] 
[[1;34mINFO[m] [1m--- [0;32mmaven-bundle-plugin:2.3.7:manifest[m [1m(bundle-manifest)[m @ [36mlog4j-samples[0;1m ---[m
[[1;33mWARNING[m] Ignoring project type pom - supportedProjectTypes = [jar, bundle]
[[1;34mINFO[m] 
[[1;34mINFO[m] [1m--- [0;32mmaven-install-plugin:2.3.1:install[m [1m(default-install)[m @ [36mlog4j-samples[0;1m ---[m
[[1;34mINFO[m] Installing /home/user/Workspace/reproducibility/Reproducibility-Scanner/benchmarks/bugs-dot-jar/logging-log4j2/samples/pom.xml to /home/user/.m2/repository/org/apache/logging/log4j/samples/log4j-samples/2.0-beta4-SNAPSHOT/log4j-samples-2.0-beta4-SNAPSHOT.pom
[[1;34mINFO[m] 
[[1;34mINFO[m] [1m-----------< [0;36morg.apache.logging.log4j.samples:flume-common[0;1m >------------[m
[[1;34mINFO[m] [1mBuilding flume-common 2.0-beta4-SNAPSHOT                         [10/12][m
[[1;34mINFO[m] [1m--------------------------------[ jar ]---------------------------------[m
[[1;34mINFO[m] 
[[1;34mINFO[m] [1m--- [0;32mmaven-remote-resources-plugin:1.1:process[m [1m(default)[m @ [36mflume-common[0;1m ---[m
[[1;34mINFO[m] 
[[1;34mINFO[m] [1m--- [0;32mmaven-resources-plugin:2.5:resources[m [1m(default-resources)[m @ [36mflume-common[0;1m ---[m
[debug] execute contextualize
[[1;34mINFO[m] Using 'UTF-8' encoding to copy filtered resources.
[[1;34mINFO[m] skip non existing resourceDirectory /home/user/Workspace/reproducibility/Reproducibility-Scanner/benchmarks/bugs-dot-jar/logging-log4j2/samples/flume-common/src/main/resources
[[1;34mINFO[m] Copying 3 resources
[[1;34mINFO[m] 
[[1;34mINFO[m] [1m--- [0;32mmaven-compiler-plugin:2.3.2:compile[m [1m(default-compile)[m @ [36mflume-common[0;1m ---[m
[[1;34mINFO[m] Compiling 12 source files to /home/user/Workspace/reproducibility/Reproducibility-Scanner/benchmarks/bugs-dot-jar/logging-log4j2/samples/flume-common/target/classes
[[1;34mINFO[m] 
[[1;34mINFO[m] [1m--- [0;32mmaven-bundle-plugin:2.3.7:manifest[m [1m(bundle-manifest)[m @ [36mflume-common[0;1m ---[m
[[1;34mINFO[m] 
[[1;34mINFO[m] [1m--- [0;32mmaven-resources-plugin:2.5:testResources[m [1m(default-testResources)[m @ [36mflume-common[0;1m ---[m
[debug] execute contextualize
[[1;34mINFO[m] Using 'UTF-8' encoding to copy filtered resources.
[[1;34mINFO[m] skip non existing resourceDirectory /home/user/Workspace/reproducibility/Reproducibility-Scanner/benchmarks/bugs-dot-jar/logging-log4j2/samples/flume-common/src/test/resources
[[1;34mINFO[m] Copying 3 resources
[[1;34mINFO[m] 
[[1;34mINFO[m] [1m--- [0;32mmaven-compiler-plugin:2.3.2:testCompile[m [1m(default-testCompile)[m @ [36mflume-common[0;1m ---[m
[[1;34mINFO[m] No sources to compile
[[1;34mINFO[m] 
[[1;34mINFO[m] [1m--- [0;32mmaven-surefire-plugin:2.12.4:test[m [1m(default-test)[m @ [36mflume-common[0;1m ---[m
[[1;34mINFO[m] Tests are skipped.
[[1;34mINFO[m] 
[[1;34mINFO[m] [1m--- [0;32mmaven-jar-plugin:2.3.1:jar[m [1m(default-jar)[m @ [36mflume-common[0;1m ---[m
[[1;34mINFO[m] Building jar: /home/user/Workspace/reproducibility/Reproducibility-Scanner/benchmarks/bugs-dot-jar/logging-log4j2/samples/flume-common/target/flume-common-2.0-beta4-SNAPSHOT.jar
[[1;34mINFO[m] 
[[1;34mINFO[m] [1m--- [0;32mmaven-install-plugin:2.3.1:install[m [1m(default-install)[m @ [36mflume-common[0;1m ---[m
[[1;34mINFO[m] Installing /home/user/Workspace/reproducibility/Reproducibility-Scanner/benchmarks/bugs-dot-jar/logging-log4j2/samples/flume-common/target/flume-common-2.0-beta4-SNAPSHOT.jar to /home/user/.m2/repository/org/apache/logging/log4j/samples/flume-common/2.0-beta4-SNAPSHOT/flume-common-2.0-beta4-SNAPSHOT.jar
[[1;34mINFO[m] Installing /home/user/Workspace/reproducibility/Reproducibility-Scanner/benchmarks/bugs-dot-jar/logging-log4j2/samples/flume-common/pom.xml to /home/user/.m2/repository/org/apache/logging/log4j/samples/flume-common/2.0-beta4-SNAPSHOT/flume-common-2.0-beta4-SNAPSHOT.pom
[[1;34mINFO[m] 
[[1;34mINFO[m] [1m-----------< [0;36morg.apache.logging.log4j.samples:flume-remote[0;1m >------------[m
[[1;34mINFO[m] [1mBuilding flume-remote 2.0-beta4-SNAPSHOT                         [11/12][m
[[1;34mINFO[m] [1m--------------------------------[ war ]---------------------------------[m
[[1;34mINFO[m] 
[[1;34mINFO[m] [1m--- [0;32mmaven-remote-resources-plugin:1.1:process[m [1m(default)[m @ [36mflume-remote[0;1m ---[m
[[1;34mINFO[m] 
[[1;34mINFO[m] [1m--- [0;32mmaven-resources-plugin:2.5:resources[m [1m(default-resources)[m @ [36mflume-remote[0;1m ---[m
[debug] execute contextualize
[[1;34mINFO[m] Using 'UTF-8' encoding to copy filtered resources.
[[1;34mINFO[m] Copying 2 resources
[[1;34mINFO[m] Copying 1 resource to /home/user/Workspace/reproducibility/Reproducibility-Scanner/benchmarks/bugs-dot-jar/logging-log4j2/samples/flume-remote/target
[[1;34mINFO[m] Copying 3 resources
[[1;34mINFO[m] 
[[1;34mINFO[m] [1m--- [0;32mmaven-compiler-plugin:2.3.2:compile[m [1m(default-compile)[m @ [36mflume-remote[0;1m ---[m
[[1;34mINFO[m] No sources to compile
[[1;34mINFO[m] 
[[1;34mINFO[m] [1m--- [0;32mmaven-bundle-plugin:2.3.7:manifest[m [1m(bundle-manifest)[m @ [36mflume-remote[0;1m ---[m
[[1;33mWARNING[m] Ignoring project type war - supportedProjectTypes = [jar, bundle]
[[1;34mINFO[m] 
[[1;34mINFO[m] [1m--- [0;32mmaven-resources-plugin:2.5:testResources[m [1m(default-testResources)[m @ [36mflume-remote[0;1m ---[m
[debug] execute contextualize
[[1;34mINFO[m] Using 'UTF-8' encoding to copy filtered resources.
[[1;34mINFO[m] skip non existing resourceDirectory /home/user/Workspace/reproducibility/Reproducibility-Scanner/benchmarks/bugs-dot-jar/logging-log4j2/samples/flume-remote/src/test/resources
[[1;34mINFO[m] Copying 3 resources
[[1;34mINFO[m] 
[[1;34mINFO[m] [1m--- [0;32mmaven-compiler-plugin:2.3.2:testCompile[m [1m(default-testCompile)[m @ [36mflume-remote[0;1m ---[m
[[1;34mINFO[m] No sources to compile
[[1;34mINFO[m] 
[[1;34mINFO[m] [1m--- [0;32mmaven-surefire-plugin:2.12.4:test[m [1m(default-test)[m @ [36mflume-remote[0;1m ---[m
[[1;34mINFO[m] Tests are skipped.
[[1;34mINFO[m] 
[[1;34mINFO[m] [1m--- [0;32mmaven-war-plugin:2.2:war[m [1m(default-war)[m @ [36mflume-remote[0;1m ---[m
[[1;34mINFO[m] Packaging webapp
[[1;34mINFO[m] Assembling webapp [flume-remote] in [/home/user/Workspace/reproducibility/Reproducibility-Scanner/benchmarks/bugs-dot-jar/logging-log4j2/samples/flume-remote/target/flume-remote-2.0-beta4-SNAPSHOT]
[[1;34mINFO[m] Processing war project
[[1;34mINFO[m] Copying webapp resources [/home/user/Workspace/reproducibility/Reproducibility-Scanner/benchmarks/bugs-dot-jar/logging-log4j2/samples/flume-remote/src/main/webapp]
[[1;34mINFO[m] Webapp assembled in [55 msecs]
[[1;34mINFO[m] Building war: /home/user/Workspace/reproducibility/Reproducibility-Scanner/benchmarks/bugs-dot-jar/logging-log4j2/samples/flume-remote/target/flume-remote-2.0-beta4-SNAPSHOT.war
[[1;34mINFO[m] WEB-INF/web.xml already added, skipping
[[1;34mINFO[m] 
[[1;34mINFO[m] [1m--- [0;32mmaven-install-plugin:2.3.1:install[m [1m(default-install)[m @ [36mflume-remote[0;1m ---[m
[[1;34mINFO[m] Installing /home/user/Workspace/reproducibility/Reproducibility-Scanner/benchmarks/bugs-dot-jar/logging-log4j2/samples/flume-remote/target/flume-remote-2.0-beta4-SNAPSHOT.war to /home/user/.m2/repository/org/apache/logging/log4j/samples/flume-remote/2.0-beta4-SNAPSHOT/flume-remote-2.0-beta4-SNAPSHOT.war
[[1;34mINFO[m] Installing /home/user/Workspace/reproducibility/Reproducibility-Scanner/benchmarks/bugs-dot-jar/logging-log4j2/samples/flume-remote/pom.xml to /home/user/.m2/repository/org/apache/logging/log4j/samples/flume-remote/2.0-beta4-SNAPSHOT/flume-remote-2.0-beta4-SNAPSHOT.pom
[[1;34mINFO[m] 
[[1;34mINFO[m] [1m----------< [0;36morg.apache.logging.log4j.samples:flume-embedded[0;1m >-----------[m
[[1;34mINFO[m] [1mBuilding flume-embedded 2.0-beta4-SNAPSHOT                       [12/12][m
[[1;34mINFO[m] [1m--------------------------------[ war ]---------------------------------[m
[[1;34mINFO[m] 
[[1;34mINFO[m] [1m--- [0;32mmaven-remote-resources-plugin:1.1:process[m [1m(default)[m @ [36mflume-embedded[0;1m ---[m
[[1;34mINFO[m] 
[[1;34mINFO[m] [1m--- [0;32mmaven-resources-plugin:2.5:resources[m [1m(default-resources)[m @ [36mflume-embedded[0;1m ---[m
[debug] execute contextualize
[[1;34mINFO[m] Using 'UTF-8' encoding to copy filtered resources.
[[1;34mINFO[m] Copying 2 resources
[[1;34mINFO[m] Copying 1 resource to /home/user/Workspace/reproducibility/Reproducibility-Scanner/benchmarks/bugs-dot-jar/logging-log4j2/samples/flume-embedded/target
[[1;34mINFO[m] Copying 3 resources
[[1;34mINFO[m] 
[[1;34mINFO[m] [1m--- [0;32mmaven-compiler-plugin:2.3.2:compile[m [1m(default-compile)[m @ [36mflume-embedded[0;1m ---[m
[[1;34mINFO[m] No sources to compile
[[1;34mINFO[m] 
[[1;34mINFO[m] [1m--- [0;32mmaven-bundle-plugin:2.3.7:manifest[m [1m(bundle-manifest)[m @ [36mflume-embedded[0;1m ---[m
[[1;33mWARNING[m] Ignoring project type war - supportedProjectTypes = [jar, bundle]
[[1;34mINFO[m] 
[[1;34mINFO[m] [1m--- [0;32mmaven-resources-plugin:2.5:testResources[m [1m(default-testResources)[m @ [36mflume-embedded[0;1m ---[m
[debug] execute contextualize
[[1;34mINFO[m] Using 'UTF-8' encoding to copy filtered resources.
[[1;34mINFO[m] skip non existing resourceDirectory /home/user/Workspace/reproducibility/Reproducibility-Scanner/benchmarks/bugs-dot-jar/logging-log4j2/samples/flume-embedded/src/test/resources
[[1;34mINFO[m] Copying 3 resources
[[1;34mINFO[m] 
[[1;34mINFO[m] [1m--- [0;32mmaven-compiler-plugin:2.3.2:testCompile[m [1m(default-testCompile)[m @ [36mflume-embedded[0;1m ---[m
[[1;34mINFO[m] No sources to compile
[[1;34mINFO[m] 
[[1;34mINFO[m] [1m--- [0;32mmaven-surefire-plugin:2.12.4:test[m [1m(default-test)[m @ [36mflume-embedded[0;1m ---[m
[[1;34mINFO[m] Tests are skipped.
[[1;34mINFO[m] 
[[1;34mINFO[m] [1m--- [0;32mmaven-war-plugin:2.2:war[m [1m(default-war)[m @ [36mflume-embedded[0;1m ---[m
[[1;34mINFO[m] Packaging webapp
[[1;34mINFO[m] Assembling webapp [flume-embedded] in [/home/user/Workspace/reproducibility/Reproducibility-Scanner/benchmarks/bugs-dot-jar/logging-log4j2/samples/flume-embedded/target/flume-embedded-2.0-beta4-SNAPSHOT]
[[1;34mINFO[m] Processing war project
[[1;34mINFO[m] Copying webapp resources [/home/user/Workspace/reproducibility/Reproducibility-Scanner/benchmarks/bugs-dot-jar/logging-log4j2/samples/flume-embedded/src/main/webapp]
[[1;34mINFO[m] Webapp assembled in [77 msecs]
[[1;34mINFO[m] Building war: /home/user/Workspace/reproducibility/Reproducibility-Scanner/benchmarks/bugs-dot-jar/logging-log4j2/samples/flume-embedded/target/flume-embedded-2.0-beta4-SNAPSHOT.war
[[1;34mINFO[m] WEB-INF/web.xml already added, skipping
[[1;34mINFO[m] 
[[1;34mINFO[m] [1m--- [0;32mmaven-install-plugin:2.3.1:install[m [1m(default-install)[m @ [36mflume-embedded[0;1m ---[m
[[1;34mINFO[m] Installing /home/user/Workspace/reproducibility/Reproducibility-Scanner/benchmarks/bugs-dot-jar/logging-log4j2/samples/flume-embedded/target/flume-embedded-2.0-beta4-SNAPSHOT.war to /home/user/.m2/repository/org/apache/logging/log4j/samples/flume-embedded/2.0-beta4-SNAPSHOT/flume-embedded-2.0-beta4-SNAPSHOT.war
[[1;34mINFO[m] Installing /home/user/Workspace/reproducibility/Reproducibility-Scanner/benchmarks/bugs-dot-jar/logging-log4j2/samples/flume-embedded/pom.xml to /home/user/.m2/repository/org/apache/logging/log4j/samples/flume-embedded/2.0-beta4-SNAPSHOT/flume-embedded-2.0-beta4-SNAPSHOT.pom
[[1;34mINFO[m] [1m------------------------------------------------------------------------[m
[[1;34mINFO[m] [1mReactor Summary for Apache Log4j 2 2.0-beta4-SNAPSHOT:[m
[[1;34mINFO[m] 
[[1;34mINFO[m] Apache Log4j 2 ..................................... [1;32mSUCCESS[m [  0.850 s]
[[1;34mINFO[m] Apache Log4j API ................................... [1;32mSUCCESS[m [  2.450 s]
[[1;34mINFO[m] Apache Log4J Core .................................. [1;32mSUCCESS[m [  3.755 s]
[[1;34mINFO[m] Apache Log4j 1.x Compatibility API ................. [1;32mSUCCESS[m [  1.567 s]
[[1;34mINFO[m] Apache Log4j SLF4J Binding ......................... [1;32mSUCCESS[m [  1.103 s]
[[1;34mINFO[m] Apache Log4j Commons Logging Bridge ................ [1;32mSUCCESS[m [  0.823 s]
[[1;34mINFO[m] Apache Log4j Flume NG Bridge ....................... [1;32mSUCCESS[m [  2.858 s]
[[1;34mINFO[m] Log4j Web Adapters ................................. [1;32mSUCCESS[m [  0.802 s]
[[1;34mINFO[m] log4j-samples ...................................... [1;32mSUCCESS[m [  0.011 s]
[[1;34mINFO[m] flume-common ....................................... [1;32mSUCCESS[m [  0.651 s]
[[1;34mINFO[m] flume-remote ....................................... [1;32mSUCCESS[m [  0.901 s]
[[1;34mINFO[m] flume-embedded ..................................... [1;32mSUCCESS[m [  1.879 s]
[[1;34mINFO[m] [1m------------------------------------------------------------------------[m
[[1;34mINFO[m] [1;32mBUILD SUCCESS[m
[[1;34mINFO[m] [1m------------------------------------------------------------------------[m
[[1;34mINFO[m] Total time:  17.895 s
[[1;34mINFO[m] Finished at: 2022-07-30T23:47:49-07:00
[[1;34mINFO[m] [1m------------------------------------------------------------------------[m
[[1;34mINFO[m] Scanning for projects...
[[1;34mINFO[m] 
[[1;34mINFO[m] [1m-----------------< [0;36morg.apache.logging.log4j:log4j-api[0;1m >-----------------[m
[[1;34mINFO[m] [1mBuilding Apache Log4j API 2.0-beta4-SNAPSHOT[m
[[1;34mINFO[m] [1m--------------------------------[ jar ]---------------------------------[m
[[1;34mINFO[m] 
[[1;34mINFO[m] [1m--- [0;32mmaven-remote-resources-plugin:1.1:process[m [1m(default)[m @ [36mlog4j-api[0;1m ---[m
[[1;34mINFO[m] Setting property: classpath.resource.loader.class => 'org.codehaus.plexus.velocity.ContextClassLoaderResourceLoader'.
[[1;34mINFO[m] Setting property: velocimacro.messages.on => 'false'.
[[1;34mINFO[m] Setting property: resource.loader => 'classpath'.
[[1;34mINFO[m] Setting property: resource.manager.logwhenfound => 'false'.
[[1;34mINFO[m] 
[[1;34mINFO[m] [1m--- [0;32mmaven-resources-plugin:2.5:resources[m [1m(default-resources)[m @ [36mlog4j-api[0;1m ---[m
[debug] execute contextualize
[[1;34mINFO[m] Using 'UTF-8' encoding to copy filtered resources.
[[1;34mINFO[m] skip non existing resourceDirectory /home/user/Workspace/reproducibility/Reproducibility-Scanner/benchmarks/bugs-dot-jar/logging-log4j2/api/src/main/resources
[[1;34mINFO[m] Copying 3 resources
[[1;34mINFO[m] 
[[1;34mINFO[m] [1m--- [0;32mmaven-compiler-plugin:2.3.2:compile[m [1m(default-compile)[m @ [36mlog4j-api[0;1m ---[m
[[1;34mINFO[m] Compiling 4 source files to /home/user/Workspace/reproducibility/Reproducibility-Scanner/benchmarks/bugs-dot-jar/logging-log4j2/api/target/classes
[[1;34mINFO[m] 
[[1;34mINFO[m] [1m--- [0;32mmaven-bundle-plugin:2.3.7:manifest[m [1m(bundle-manifest)[m @ [36mlog4j-api[0;1m ---[m
[[1;34mINFO[m] 
[[1;34mINFO[m] [1m--- [0;32mmaven-resources-plugin:2.5:testResources[m [1m(default-testResources)[m @ [36mlog4j-api[0;1m ---[m
[debug] execute contextualize
[[1;34mINFO[m] Using 'UTF-8' encoding to copy filtered resources.
[[1;34mINFO[m] Copying 1 resource
[[1;34mINFO[m] Copying 3 resources
[[1;34mINFO[m] 
[[1;34mINFO[m] [1m--- [0;32mmaven-compiler-plugin:2.3.2:testCompile[m [1m(default-testCompile)[m @ [36mlog4j-api[0;1m ---[m
[[1;34mINFO[m] Nothing to compile - all classes are up to date
[[1;34mINFO[m] 
[[1;34mINFO[m] [1m--- [0;32mmaven-surefire-plugin:2.12.4:test[m [1m(default-test)[m @ [36mlog4j-api[0;1m ---[m
[[1;34mINFO[m] Surefire report directory: /home/user/Workspace/reproducibility/Reproducibility-Scanner/benchmarks/bugs-dot-jar/logging-log4j2/api/target/surefire-reports

-------------------------------------------------------
 T E S T S
-------------------------------------------------------

-------------------------------------------------------
 T E S T S
-------------------------------------------------------
Running org.apache.logging.log4j.NoopThreadContextTest
Tests run: 1, Failures: 0, Errors: 0, Skipped: 0, Time elapsed: 0.036 sec
Running org.apache.logging.log4j.LevelTest
Tests run: 2, Failures: 0, Errors: 0, Skipped: 0, Time elapsed: 0.034 sec
Running org.apache.logging.log4j.ThreadContextTest
Tests run: 1, Failures: 0, Errors: 0, Skipped: 0, Time elapsed: 0.04 sec
Running org.apache.logging.log4j.AbstractLoggerTest
Tests run: 6, Failures: 2, Errors: 0, Skipped: 0, Time elapsed: 0.049 sec <<< FAILURE!
testError(org.apache.logging.log4j.AbstractLoggerTest)  Time elapsed: 0.005 sec  <<< FAILURE!
java.lang.AssertionError: Incorrect marker. Expected TEST, actual is null
	at org.junit.Assert.fail(Assert.java:71)
	at org.apache.logging.log4j.AbstractLoggerTest.log(AbstractLoggerTest.java:330)
	at org.apache.logging.log4j.spi.AbstractLogger.error(AbstractLogger.java:1160)
	at org.apache.logging.log4j.AbstractLoggerTest.testError(AbstractLoggerTest.java:280)
	at sun.reflect.NativeMethodAccessorImpl.invoke0(Native Method)
	at sun.reflect.NativeMethodAccessorImpl.invoke(NativeMethodAccessorImpl.java:62)
	at sun.reflect.DelegatingMethodAccessorImpl.invoke(DelegatingMethodAccessorImpl.java:43)
	at java.lang.reflect.Method.invoke(Method.java:498)
	at org.junit.internal.runners.TestMethodRunner.executeMethodBody(TestMethodRunner.java:99)
	at org.junit.internal.runners.TestMethodRunner.runUnprotected(TestMethodRunner.java:81)
	at org.junit.internal.runners.BeforeAndAfterRunner.runProtected(BeforeAndAfterRunner.java:34)
	at org.junit.internal.runners.TestMethodRunner.runMethod(TestMethodRunner.java:75)
	at org.junit.internal.runners.TestMethodRunner.run(TestMethodRunner.java:45)
	at org.junit.internal.runners.TestClassMethodsRunner.invokeTestMethod(TestClassMethodsRunner.java:66)
	at org.junit.internal.runners.TestClassMethodsRunner.run(TestClassMethodsRunner.java:35)
	at org.junit.internal.runners.TestClassRunner$1.runUnprotected(TestClassRunner.java:42)
	at org.junit.internal.runners.BeforeAndAfterRunner.runProtected(BeforeAndAfterRunner.java:34)
	at org.junit.internal.runners.TestClassRunner.run(TestClassRunner.java:52)
	at org.apache.maven.surefire.junit4.JUnit4Provider.execute(JUnit4Provider.java:252)
	at org.apache.maven.surefire.junit4.JUnit4Provider.executeTestSet(JUnit4Provider.java:141)
	at org.apache.maven.surefire.junit4.JUnit4Provider.invoke(JUnit4Provider.java:112)
	at sun.reflect.NativeMethodAccessorImpl.invoke0(Native Method)
	at sun.reflect.NativeMethodAccessorImpl.invoke(NativeMethodAccessorImpl.java:62)
	at sun.reflect.DelegatingMethodAccessorImpl.invoke(DelegatingMethodAccessorImpl.java:43)
	at java.lang.reflect.Method.invoke(Method.java:498)
	at org.apache.maven.surefire.util.ReflectionUtils.invokeMethodWithArray(ReflectionUtils.java:189)
	at org.apache.maven.surefire.booter.ProviderFactory$ProviderProxy.invoke(ProviderFactory.java:165)
	at org.apache.maven.surefire.booter.ProviderFactory.invokeProvider(ProviderFactory.java:85)
	at org.apache.maven.surefire.booter.ForkedBooter.runSuitesInProcess(ForkedBooter.java:115)
	at org.apache.maven.surefire.booter.ForkedBooter.main(ForkedBooter.java:75)

testFatal(org.apache.logging.log4j.AbstractLoggerTest)  Time elapsed: 0 sec  <<< FAILURE!
java.lang.AssertionError: Incorrect marker. Expected TEST, actual is null
	at org.junit.Assert.fail(Assert.java:71)
	at org.apache.logging.log4j.AbstractLoggerTest.log(AbstractLoggerTest.java:330)
	at org.apache.logging.log4j.spi.AbstractLogger.fatal(AbstractLogger.java:1357)
	at org.apache.logging.log4j.AbstractLoggerTest.testFatal(AbstractLoggerTest.java:322)
	at sun.reflect.NativeMethodAccessorImpl.invoke0(Native Method)
	at sun.reflect.NativeMethodAccessorImpl.invoke(NativeMethodAccessorImpl.java:62)
	at sun.reflect.DelegatingMethodAccessorImpl.invoke(DelegatingMethodAccessorImpl.java:43)
	at java.lang.reflect.Method.invoke(Method.java:498)
	at org.junit.internal.runners.TestMethodRunner.executeMethodBody(TestMethodRunner.java:99)
	at org.junit.internal.runners.TestMethodRunner.runUnprotected(TestMethodRunner.java:81)
	at org.junit.internal.runners.BeforeAndAfterRunner.runProtected(BeforeAndAfterRunner.java:34)
	at org.junit.internal.runners.TestMethodRunner.runMethod(TestMethodRunner.java:75)
	at org.junit.internal.runners.TestMethodRunner.run(TestMethodRunner.java:45)
	at org.junit.internal.runners.TestClassMethodsRunner.invokeTestMethod(TestClassMethodsRunner.java:66)
	at org.junit.internal.runners.TestClassMethodsRunner.run(TestClassMethodsRunner.java:35)
	at org.junit.internal.runners.TestClassRunner$1.runUnprotected(TestClassRunner.java:42)
	at org.junit.internal.runners.BeforeAndAfterRunner.runProtected(BeforeAndAfterRunner.java:34)
	at org.junit.internal.runners.TestClassRunner.run(TestClassRunner.java:52)
	at org.apache.maven.surefire.junit4.JUnit4Provider.execute(JUnit4Provider.java:252)
	at org.apache.maven.surefire.junit4.JUnit4Provider.executeTestSet(JUnit4Provider.java:141)
	at org.apache.maven.surefire.junit4.JUnit4Provider.invoke(JUnit4Provider.java:112)
	at sun.reflect.NativeMethodAccessorImpl.invoke0(Native Method)
	at sun.reflect.NativeMethodAccessorImpl.invoke(NativeMethodAccessorImpl.java:62)
	at sun.reflect.DelegatingMethodAccessorImpl.invoke(DelegatingMethodAccessorImpl.java:43)
	at java.lang.reflect.Method.invoke(Method.java:498)
	at org.apache.maven.surefire.util.ReflectionUtils.invokeMethodWithArray(ReflectionUtils.java:189)
	at org.apache.maven.surefire.booter.ProviderFactory$ProviderProxy.invoke(ProviderFactory.java:165)
	at org.apache.maven.surefire.booter.ProviderFactory.invokeProvider(ProviderFactory.java:85)
	at org.apache.maven.surefire.booter.ForkedBooter.runSuitesInProcess(ForkedBooter.java:115)
	at org.apache.maven.surefire.booter.ForkedBooter.main(ForkedBooter.java:75)

Running org.apache.logging.log4j.LoggerTest
Tests run: 20, Failures: 0, Errors: 0, Skipped: 0, Time elapsed: 0.098 sec
Running org.apache.logging.log4j.message.MapMessageTest
Tests run: 4, Failures: 0, Errors: 0, Skipped: 0, Time elapsed: 0.042 sec
Running org.apache.logging.log4j.message.ThreadDumpMessageTest
Tests run: 3, Failures: 0, Errors: 0, Skipped: 0, Time elapsed: 0.248 sec
Running org.apache.logging.log4j.message.StringFormattedMessageTest
Timer Parameterized stopped. Elapsed time: 0.004607323 seconds Average per iteration: 0.000009214 seconds
Timer StringFormat stopped. Elapsed time: 0.014758802 seconds Average per iteration: 0.000029517 seconds
Parameterized is 3.20 times faster than StringFormat.
Tests run: 4, Failures: 0, Errors: 0, Skipped: 0, Time elapsed: 0.086 sec
Running org.apache.logging.log4j.message.StructuredDataMessageTest
Tests run: 2, Failures: 0, Errors: 0, Skipped: 0, Time elapsed: 0.036 sec
Running org.apache.logging.log4j.message.ParameterizedMessageTest
Tests run: 1, Failures: 0, Errors: 0, Skipped: 0, Time elapsed: 0.033 sec
Running org.apache.logging.log4j.message.ObjectMessageTest
Tests run: 2, Failures: 0, Errors: 0, Skipped: 0, Time elapsed: 0.036 sec
Running org.apache.logging.log4j.EventLoggerTest
Tests run: 1, Failures: 0, Errors: 0, Skipped: 0, Time elapsed: 0.067 sec

Results :

Failed tests:   testError(org.apache.logging.log4j.AbstractLoggerTest): Incorrect marker. Expected TEST, actual is null
  testFatal(org.apache.logging.log4j.AbstractLoggerTest): Incorrect marker. Expected TEST, actual is null

Tests run: 47, Failures: 2, Errors: 0, Skipped: 0

[[1;34mINFO[m] [1m------------------------------------------------------------------------[m
[[1;34mINFO[m] [1;31mBUILD FAILURE[m
[[1;34mINFO[m] [1m------------------------------------------------------------------------[m
[[1;34mINFO[m] Total time:  4.882 s
[[1;34mINFO[m] Finished at: 2022-07-30T23:47:56-07:00
[[1;34mINFO[m] [1m------------------------------------------------------------------------[m
[[1;31mERROR[m] Failed to execute goal [32morg.apache.maven.plugins:maven-surefire-plugin:2.12.4:test[m [1m(default-test)[m on project [36mlog4j-api[m: [1;31mThere are test failures.[m
[[1;31mERROR[m] [1;31m[m
[[1;31mERROR[m] [1;31mPlease refer to /home/user/Workspace/reproducibility/Reproducibility-Scanner/benchmarks/bugs-dot-jar/logging-log4j2/api/target/surefire-reports for the individual test results.[m
[[1;31mERROR[m] -> [1m[Help 1][m
[[1;31mERROR[m] 
[[1;31mERROR[m] To see the full stack trace of the errors, re-run Maven with the [1m-e[m switch.
[[1;31mERROR[m] Re-run Maven using the [1m-X[m switch to enable full debug logging.
[[1;31mERROR[m] 
[[1;31mERROR[m] For more information about the errors and possible solutions, please read the following articles:
[[1;31mERROR[m] [1m[Help 1][m http://cwiki.apache.org/confluence/display/MAVEN/MojoFailureException