[[1;34mINFO[m] Scanning for projects...
Downloading from centralhttps: http://insecure.repo1.maven.org/maven2/org/apache/maven/wagon/wagon-ssh/2.2/wagon-ssh-2.2.pom
Downloaded from centralhttps: http://insecure.repo1.maven.org/maven2/org/apache/maven/wagon/wagon-ssh/2.2/wagon-ssh-2.2.pom (0 B at 0 B/s)
Downloading from centralhttps: http://insecure.repo1.maven.org/maven2/org/apache/maven/wagon/wagon-ssh/2.2/wagon-ssh-2.2.jar
Downloaded from centralhttps: http://insecure.repo1.maven.org/maven2/org/apache/maven/wagon/wagon-ssh/2.2/wagon-ssh-2.2.jar (0 B at 0 B/s)
[[1;33mWARNING[m] The project org.apache.accumulo:accumulo:pom:1.5.0-SNAPSHOT uses prerequisites which is only intended for maven-plugin projects but not for non maven-plugin projects. For such purposes you should use the maven-enforcer-plugin. See https://maven.apache.org/enforcer/enforcer-rules/requireMavenVersion.html
[[1;34mINFO[m] [1m------------------------------------------------------------------------[m
[[1;34mINFO[m] [1mReactor Build Order:[m
[[1;34mINFO[m] 
[[1;34mINFO[m] accumulo                                                           [pom]
[[1;34mINFO[m] cloudtrace                                                         [jar]
[[1;34mINFO[m] accumulo-start                                                     [jar]
[[1;34mINFO[m] accumulo-core                                                      [jar]
[[1;34mINFO[m] accumulo-server                                                    [jar]
[[1;34mINFO[m] accumulo-examples                                                  [pom]
[[1;34mINFO[m] examples-simple                                                    [jar]
[[1;34mINFO[m] accumulo-wikisearch                                                [pom]
[[1;34mINFO[m] wikisearch-ingest                                                  [jar]
[[1;34mINFO[m] wikisearch-query                                                   [ejb]
[[1;34mINFO[m] wikisearch-query-war                                               [war]
[[1;34mINFO[m] accumulo-assemble                                                  [pom]
[[1;34mINFO[m] 
[[1;34mINFO[m] [1m--------------------< [0;36morg.apache.accumulo:accumulo[0;1m >--------------------[m
[[1;34mINFO[m] [1mBuilding accumulo 1.5.0-SNAPSHOT                                  [1/12][m
[[1;34mINFO[m] [1m--------------------------------[ pom ]---------------------------------[m
Downloading from centralhttps: http://insecure.repo1.maven.org/maven2/org/apache/maven/plugins/maven-enforcer-plugin/1.0.1/maven-enforcer-plugin-1.0.1.pom
Downloaded from centralhttps: http://insecure.repo1.maven.org/maven2/org/apache/maven/plugins/maven-enforcer-plugin/1.0.1/maven-enforcer-plugin-1.0.1.pom (0 B at 0 B/s)
Downloading from centralhttps: http://insecure.repo1.maven.org/maven2/org/apache/maven/enforcer/enforcer/1.0.1/enforcer-1.0.1.pom
Downloaded from centralhttps: http://insecure.repo1.maven.org/maven2/org/apache/maven/enforcer/enforcer/1.0.1/enforcer-1.0.1.pom (0 B at 0 B/s)
Downloading from centralhttps: http://insecure.repo1.maven.org/maven2/org/apache/maven/plugins/maven-enforcer-plugin/1.0.1/maven-enforcer-plugin-1.0.1.jar
Downloaded from centralhttps: http://insecure.repo1.maven.org/maven2/org/apache/maven/plugins/maven-enforcer-plugin/1.0.1/maven-enforcer-plugin-1.0.1.jar (0 B at 0 B/s)
Downloading from centralhttps: http://insecure.repo1.maven.org/maven2/org/codehaus/mojo/buildnumber-maven-plugin/1.1/buildnumber-maven-plugin-1.1.pom
Downloaded from centralhttps: http://insecure.repo1.maven.org/maven2/org/codehaus/mojo/buildnumber-maven-plugin/1.1/buildnumber-maven-plugin-1.1.pom (0 B at 0 B/s)
Downloading from centralhttps: http://insecure.repo1.maven.org/maven2/org/codehaus/mojo/buildnumber-maven-plugin/1.1/buildnumber-maven-plugin-1.1.jar
Downloaded from centralhttps: http://insecure.repo1.maven.org/maven2/org/codehaus/mojo/buildnumber-maven-plugin/1.1/buildnumber-maven-plugin-1.1.jar (0 B at 0 B/s)
Downloading from centralhttps: http://insecure.repo1.maven.org/maven2/org/apache/maven/plugins/maven-dependency-plugin/2.3/maven-dependency-plugin-2.3.pom
Downloaded from centralhttps: http://insecure.repo1.maven.org/maven2/org/apache/maven/plugins/maven-dependency-plugin/2.3/maven-dependency-plugin-2.3.pom (0 B at 0 B/s)
Downloading from centralhttps: http://insecure.repo1.maven.org/maven2/org/apache/maven/plugins/maven-dependency-plugin/2.3/maven-dependency-plugin-2.3.jar
Downloaded from centralhttps: http://insecure.repo1.maven.org/maven2/org/apache/maven/plugins/maven-dependency-plugin/2.3/maven-dependency-plugin-2.3.jar (0 B at 0 B/s)
[[1;34mINFO[m] 
[[1;34mINFO[m] [1m--- [0;32mbuildnumber-maven-plugin:1.1:create[m [1m(default)[m @ [36maccumulo[0;1m ---[m
Downloading from centralhttps: http://insecure.repo1.maven.org/maven2/org/apache/maven/scm/maven-scm-api/1.7/maven-scm-api-1.7.pom
Downloaded from centralhttps: http://insecure.repo1.maven.org/maven2/org/apache/maven/scm/maven-scm-api/1.7/maven-scm-api-1.7.pom (0 B at 0 B/s)
Downloading from centralhttps: http://insecure.repo1.maven.org/maven2/org/apache/maven/scm/maven-scm/1.7/maven-scm-1.7.pom
Downloaded from centralhttps: http://insecure.repo1.maven.org/maven2/org/apache/maven/scm/maven-scm/1.7/maven-scm-1.7.pom (0 B at 0 B/s)
Downloading from centralhttps: http://insecure.repo1.maven.org/maven2/org/apache/maven/scm/maven-scm-manager-plexus/1.7/maven-scm-manager-plexus-1.7.pom
Downloaded from centralhttps: http://insecure.repo1.maven.org/maven2/org/apache/maven/scm/maven-scm-manager-plexus/1.7/maven-scm-manager-plexus-1.7.pom (0 B at 0 B/s)
Downloading from centralhttps: http://insecure.repo1.maven.org/maven2/org/apache/maven/scm/maven-scm-managers/1.7/maven-scm-managers-1.7.pom
Downloaded from centralhttps: http://insecure.repo1.maven.org/maven2/org/apache/maven/scm/maven-scm-managers/1.7/maven-scm-managers-1.7.pom (0 B at 0 B/s)
Downloading from centralhttps: http://insecure.repo1.maven.org/maven2/org/apache/maven/scm/maven-scm-provider-bazaar/1.7/maven-scm-provider-bazaar-1.7.pom
Downloaded from centralhttps: http://insecure.repo1.maven.org/maven2/org/apache/maven/scm/maven-scm-provider-bazaar/1.7/maven-scm-provider-bazaar-1.7.pom (0 B at 0 B/s)
Downloading from centralhttps: http://insecure.repo1.maven.org/maven2/org/apache/maven/scm/maven-scm-providers/1.7/maven-scm-providers-1.7.pom
Downloaded from centralhttps: http://insecure.repo1.maven.org/maven2/org/apache/maven/scm/maven-scm-providers/1.7/maven-scm-providers-1.7.pom (0 B at 0 B/s)
Downloading from centralhttps: http://insecure.repo1.maven.org/maven2/org/apache/maven/scm/maven-scm-provider-svnexe/1.7/maven-scm-provider-svnexe-1.7.pom
Downloaded from centralhttps: http://insecure.repo1.maven.org/maven2/org/apache/maven/scm/maven-scm-provider-svnexe/1.7/maven-scm-provider-svnexe-1.7.pom (0 B at 0 B/s)
Downloading from centralhttps: http://insecure.repo1.maven.org/maven2/org/apache/maven/scm/maven-scm-providers-svn/1.7/maven-scm-providers-svn-1.7.pom
Downloaded from centralhttps: http://insecure.repo1.maven.org/maven2/org/apache/maven/scm/maven-scm-providers-svn/1.7/maven-scm-providers-svn-1.7.pom (0 B at 0 B/s)
Downloading from centralhttps: http://insecure.repo1.maven.org/maven2/org/apache/maven/scm/maven-scm-provider-svn-commons/1.7/maven-scm-provider-svn-commons-1.7.pom
Downloaded from centralhttps: http://insecure.repo1.maven.org/maven2/org/apache/maven/scm/maven-scm-provider-svn-commons/1.7/maven-scm-provider-svn-commons-1.7.pom (0 B at 0 B/s)
Downloading from centralhttps: http://insecure.repo1.maven.org/maven2/org/apache/maven/scm/maven-scm-provider-gitexe/1.7/maven-scm-provider-gitexe-1.7.pom
Downloaded from centralhttps: http://insecure.repo1.maven.org/maven2/org/apache/maven/scm/maven-scm-provider-gitexe/1.7/maven-scm-provider-gitexe-1.7.pom (0 B at 0 B/s)
Downloading from centralhttps: http://insecure.repo1.maven.org/maven2/org/apache/maven/scm/maven-scm-providers-git/1.7/maven-scm-providers-git-1.7.pom
Downloaded from centralhttps: http://insecure.repo1.maven.org/maven2/org/apache/maven/scm/maven-scm-providers-git/1.7/maven-scm-providers-git-1.7.pom (0 B at 0 B/s)
Downloading from centralhttps: http://insecure.repo1.maven.org/maven2/org/apache/maven/scm/maven-scm-provider-git-commons/1.7/maven-scm-provider-git-commons-1.7.pom
Downloaded from centralhttps: http://insecure.repo1.maven.org/maven2/org/apache/maven/scm/maven-scm-provider-git-commons/1.7/maven-scm-provider-git-commons-1.7.pom (0 B at 0 B/s)
Downloading from centralhttps: http://insecure.repo1.maven.org/maven2/org/apache/maven/scm/maven-scm-provider-cvsexe/1.7/maven-scm-provider-cvsexe-1.7.pom
Downloaded from centralhttps: http://insecure.repo1.maven.org/maven2/org/apache/maven/scm/maven-scm-provider-cvsexe/1.7/maven-scm-provider-cvsexe-1.7.pom (0 B at 0 B/s)
Downloading from centralhttps: http://insecure.repo1.maven.org/maven2/org/apache/maven/scm/maven-scm-providers-cvs/1.7/maven-scm-providers-cvs-1.7.pom
Downloaded from centralhttps: http://insecure.repo1.maven.org/maven2/org/apache/maven/scm/maven-scm-providers-cvs/1.7/maven-scm-providers-cvs-1.7.pom (0 B at 0 B/s)
Downloading from centralhttps: http://insecure.repo1.maven.org/maven2/org/apache/maven/scm/maven-scm-provider-cvs-commons/1.7/maven-scm-provider-cvs-commons-1.7.pom
Downloaded from centralhttps: http://insecure.repo1.maven.org/maven2/org/apache/maven/scm/maven-scm-provider-cvs-commons/1.7/maven-scm-provider-cvs-commons-1.7.pom (0 B at 0 B/s)
Downloading from centralhttps: http://insecure.repo1.maven.org/maven2/org/apache/maven/scm/maven-scm-provider-starteam/1.7/maven-scm-provider-starteam-1.7.pom
Downloaded from centralhttps: http://insecure.repo1.maven.org/maven2/org/apache/maven/scm/maven-scm-provider-starteam/1.7/maven-scm-provider-starteam-1.7.pom (0 B at 0 B/s)
Downloading from centralhttps: http://insecure.repo1.maven.org/maven2/org/apache/maven/scm/maven-scm-provider-clearcase/1.7/maven-scm-provider-clearcase-1.7.pom
Downloaded from centralhttps: http://insecure.repo1.maven.org/maven2/org/apache/maven/scm/maven-scm-provider-clearcase/1.7/maven-scm-provider-clearcase-1.7.pom (0 B at 0 B/s)
Downloading from centralhttps: http://insecure.repo1.maven.org/maven2/org/apache/maven/scm/maven-scm-provider-perforce/1.7/maven-scm-provider-perforce-1.7.pom
Downloaded from centralhttps: http://insecure.repo1.maven.org/maven2/org/apache/maven/scm/maven-scm-provider-perforce/1.7/maven-scm-provider-perforce-1.7.pom (0 B at 0 B/s)
Downloading from centralhttps: http://insecure.repo1.maven.org/maven2/org/apache/maven/scm/maven-scm-provider-hg/1.7/maven-scm-provider-hg-1.7.pom
Downloaded from centralhttps: http://insecure.repo1.maven.org/maven2/org/apache/maven/scm/maven-scm-provider-hg/1.7/maven-scm-provider-hg-1.7.pom (0 B at 0 B/s)
Downloading from centralhttps: http://insecure.repo1.maven.org/maven2/org/apache/maven/scm/maven-scm-api/1.7/maven-scm-api-1.7.jar
Downloading from centralhttps: http://insecure.repo1.maven.org/maven2/org/apache/maven/scm/maven-scm-manager-plexus/1.7/maven-scm-manager-plexus-1.7.jar
Downloading from centralhttps: http://insecure.repo1.maven.org/maven2/org/apache/maven/scm/maven-scm-provider-gitexe/1.7/maven-scm-provider-gitexe-1.7.jar
Downloading from centralhttps: http://insecure.repo1.maven.org/maven2/org/apache/maven/scm/maven-scm-provider-svnexe/1.7/maven-scm-provider-svnexe-1.7.jar
Downloading from centralhttps: http://insecure.repo1.maven.org/maven2/org/apache/maven/scm/maven-scm-provider-bazaar/1.7/maven-scm-provider-bazaar-1.7.jar
Downloaded from centralhttps: http://insecure.repo1.maven.org/maven2/org/apache/maven/scm/maven-scm-manager-plexus/1.7/maven-scm-manager-plexus-1.7.jar (0 B at 0 B/s)
Downloading from centralhttps: http://insecure.repo1.maven.org/maven2/org/apache/maven/scm/maven-scm-provider-git-commons/1.7/maven-scm-provider-git-commons-1.7.jar
Downloaded from centralhttps: http://insecure.repo1.maven.org/maven2/org/apache/maven/scm/maven-scm-provider-gitexe/1.7/maven-scm-provider-gitexe-1.7.jar (0 B at 0 B/s)
Downloading from centralhttps: http://insecure.repo1.maven.org/maven2/org/apache/maven/scm/maven-scm-provider-svn-commons/1.7/maven-scm-provider-svn-commons-1.7.jar
Downloaded from centralhttps: http://insecure.repo1.maven.org/maven2/org/apache/maven/scm/maven-scm-provider-bazaar/1.7/maven-scm-provider-bazaar-1.7.jar (0 B at 0 B/s)
Downloading from centralhttps: http://insecure.repo1.maven.org/maven2/org/apache/maven/scm/maven-scm-provider-cvsexe/1.7/maven-scm-provider-cvsexe-1.7.jar
Downloaded from centralhttps: http://insecure.repo1.maven.org/maven2/org/apache/maven/scm/maven-scm-provider-svnexe/1.7/maven-scm-provider-svnexe-1.7.jar (0 B at 0 B/s)
Downloading from centralhttps: http://insecure.repo1.maven.org/maven2/org/apache/maven/scm/maven-scm-provider-cvs-commons/1.7/maven-scm-provider-cvs-commons-1.7.jar
Downloaded from centralhttps: http://insecure.repo1.maven.org/maven2/org/apache/maven/scm/maven-scm-api/1.7/maven-scm-api-1.7.jar (0 B at 0 B/s)
Downloading from centralhttps: http://insecure.repo1.maven.org/maven2/org/apache/maven/scm/maven-scm-provider-starteam/1.7/maven-scm-provider-starteam-1.7.jar
Downloaded from centralhttps: http://insecure.repo1.maven.org/maven2/org/apache/maven/scm/maven-scm-provider-git-commons/1.7/maven-scm-provider-git-commons-1.7.jar (0 B at 0 B/s)
Downloading from centralhttps: http://insecure.repo1.maven.org/maven2/org/apache/maven/scm/maven-scm-provider-clearcase/1.7/maven-scm-provider-clearcase-1.7.jar
Downloaded from centralhttps: http://insecure.repo1.maven.org/maven2/org/apache/maven/scm/maven-scm-provider-svn-commons/1.7/maven-scm-provider-svn-commons-1.7.jar (0 B at 0 B/s)
Downloading from centralhttps: http://insecure.repo1.maven.org/maven2/org/apache/maven/scm/maven-scm-provider-perforce/1.7/maven-scm-provider-perforce-1.7.jar
Downloaded from centralhttps: http://insecure.repo1.maven.org/maven2/org/apache/maven/scm/maven-scm-provider-cvsexe/1.7/maven-scm-provider-cvsexe-1.7.jar (0 B at 0 B/s)
Downloading from centralhttps: http://insecure.repo1.maven.org/maven2/org/apache/maven/scm/maven-scm-provider-hg/1.7/maven-scm-provider-hg-1.7.jar
Downloaded from centralhttps: http://insecure.repo1.maven.org/maven2/org/apache/maven/scm/maven-scm-provider-cvs-commons/1.7/maven-scm-provider-cvs-commons-1.7.jar (0 B at 0 B/s)
Downloaded from centralhttps: http://insecure.repo1.maven.org/maven2/org/apache/maven/scm/maven-scm-provider-starteam/1.7/maven-scm-provider-starteam-1.7.jar (0 B at 0 B/s)
Downloaded from centralhttps: http://insecure.repo1.maven.org/maven2/org/apache/maven/scm/maven-scm-provider-clearcase/1.7/maven-scm-provider-clearcase-1.7.jar (0 B at 0 B/s)
Downloaded from centralhttps: http://insecure.repo1.maven.org/maven2/org/apache/maven/scm/maven-scm-provider-hg/1.7/maven-scm-provider-hg-1.7.jar (0 B at 0 B/s)
Downloaded from centralhttps: http://insecure.repo1.maven.org/maven2/org/apache/maven/scm/maven-scm-provider-perforce/1.7/maven-scm-provider-perforce-1.7.jar (0 B at 0 B/s)
[[1;34mINFO[m] Checking for local modifications: skipped.
[[1;34mINFO[m] Updating project files from SCM: skipped.
[[1;34mINFO[m] Executing: /bin/sh -c cd /home/user/Workspace/reproducibility/Reproducibility-Scanner/benchmarks/bugs-dot-jar/accumulo && svn --non-interactive info
[[1;34mINFO[m] Working directory: /home/user/Workspace/reproducibility/Reproducibility-Scanner/benchmarks/bugs-dot-jar/accumulo
[[1;34mINFO[m] Storing buildNumber: null at timestamp: 1659678505939
[[1;34mINFO[m] Executing: /bin/sh -c cd /home/user/Workspace/reproducibility/Reproducibility-Scanner/benchmarks/bugs-dot-jar/accumulo && svn --non-interactive info
[[1;34mINFO[m] Working directory: /home/user/Workspace/reproducibility/Reproducibility-Scanner/benchmarks/bugs-dot-jar/accumulo
[[1;34mINFO[m] Storing buildScmBranch: UNKNOWN_BRANCH
[[1;34mINFO[m] 
[[1;34mINFO[m] [1m--- [0;32mmaven-enforcer-plugin:1.0.1:enforce[m [1m(enforce-mvn)[m @ [36maccumulo[0;1m ---[m
Downloading from centralhttps: http://insecure.repo1.maven.org/maven2/org/apache/maven/enforcer/enforcer-api/1.0.1/enforcer-api-1.0.1.pom
Downloaded from centralhttps: http://insecure.repo1.maven.org/maven2/org/apache/maven/enforcer/enforcer-api/1.0.1/enforcer-api-1.0.1.pom (0 B at 0 B/s)
Downloading from centralhttps: http://insecure.repo1.maven.org/maven2/org/apache/maven/enforcer/enforcer-rules/1.0.1/enforcer-rules-1.0.1.pom
Downloaded from centralhttps: http://insecure.repo1.maven.org/maven2/org/apache/maven/enforcer/enforcer-rules/1.0.1/enforcer-rules-1.0.1.pom (0 B at 0 B/s)
Downloading from centralhttps: http://insecure.repo1.maven.org/maven2/org/apache/maven/enforcer/enforcer-api/1.0.1/enforcer-api-1.0.1.jar
Downloading from centralhttps: http://insecure.repo1.maven.org/maven2/org/apache/maven/enforcer/enforcer-rules/1.0.1/enforcer-rules-1.0.1.jar
Downloaded from centralhttps: http://insecure.repo1.maven.org/maven2/org/apache/maven/enforcer/enforcer-api/1.0.1/enforcer-api-1.0.1.jar (0 B at 0 B/s)
Downloaded from centralhttps: http://insecure.repo1.maven.org/maven2/org/apache/maven/enforcer/enforcer-rules/1.0.1/enforcer-rules-1.0.1.jar (0 B at 0 B/s)
[[1;34mINFO[m] 
[[1;34mINFO[m] [1m--- [0;32mmaven-remote-resources-plugin:1.2.1:process[m [1m(default)[m @ [36maccumulo[0;1m ---[m
[[1;34mINFO[m] 
[[1;34mINFO[m] [1m--- [0;32mmaven-dependency-plugin:2.3:copy-dependencies[m [1m(copy-dependencies)[m @ [36maccumulo[0;1m ---[m
Downloading from centralhttps: http://insecure.repo1.maven.org/maven2/org/codehaus/plexus/plexus-archiver/2.0/plexus-archiver-2.0.pom
Downloaded from centralhttps: http://insecure.repo1.maven.org/maven2/org/codehaus/plexus/plexus-archiver/2.0/plexus-archiver-2.0.pom (0 B at 0 B/s)
Downloading from centralhttps: http://insecure.repo1.maven.org/maven2/org/codehaus/plexus/plexus-io/2.0/plexus-io-2.0.pom
Downloaded from centralhttps: http://insecure.repo1.maven.org/maven2/org/codehaus/plexus/plexus-io/2.0/plexus-io-2.0.pom (0 B at 0 B/s)
Downloading from centralhttps: http://insecure.repo1.maven.org/maven2/org/apache/maven/shared/maven-dependency-analyzer/1.2/maven-dependency-analyzer-1.2.pom
Downloaded from centralhttps: http://insecure.repo1.maven.org/maven2/org/apache/maven/shared/maven-dependency-analyzer/1.2/maven-dependency-analyzer-1.2.pom (0 B at 0 B/s)
Downloading from centralhttps: http://insecure.repo1.maven.org/maven2/org/codehaus/plexus/plexus-archiver/2.0/plexus-archiver-2.0.jar
Downloading from centralhttps: http://insecure.repo1.maven.org/maven2/org/codehaus/plexus/plexus-io/2.0/plexus-io-2.0.jar
Downloading from centralhttps: http://insecure.repo1.maven.org/maven2/org/apache/maven/shared/maven-dependency-analyzer/1.2/maven-dependency-analyzer-1.2.jar
Downloaded from centralhttps: http://insecure.repo1.maven.org/maven2/org/apache/maven/shared/maven-dependency-analyzer/1.2/maven-dependency-analyzer-1.2.jar (0 B at 0 B/s)
Downloaded from centralhttps: http://insecure.repo1.maven.org/maven2/org/codehaus/plexus/plexus-archiver/2.0/plexus-archiver-2.0.jar (0 B at 0 B/s)
Downloaded from centralhttps: http://insecure.repo1.maven.org/maven2/org/codehaus/plexus/plexus-io/2.0/plexus-io-2.0.jar (0 B at 0 B/s)
[[1;34mINFO[m] 
[[1;34mINFO[m] [1m--- [0;32mexec-maven-plugin:1.2.1:exec[m [1m(user-manual)[m @ [36maccumulo[0;1m ---[m
[[1;34mINFO[m] 
[[1;34mINFO[m] [1m--- [0;32mmaven-site-plugin:3.0:attach-descriptor[m [1m(attach-descriptor)[m @ [36maccumulo[0;1m ---[m
[[1;34mINFO[m] 
[[1;34mINFO[m] [1m--- [0;32mmaven-install-plugin:2.3.1:install[m [1m(default-install)[m @ [36maccumulo[0;1m ---[m
[[1;34mINFO[m] Installing /home/user/Workspace/reproducibility/Reproducibility-Scanner/benchmarks/bugs-dot-jar/accumulo/pom.xml to /home/user/.m2/repository/org/apache/accumulo/accumulo/1.5.0-SNAPSHOT/accumulo-1.5.0-SNAPSHOT.pom
[[1;34mINFO[m] Installing /home/user/Workspace/reproducibility/Reproducibility-Scanner/benchmarks/bugs-dot-jar/accumulo/target/accumulo-1.5.0-SNAPSHOT-site.xml to /home/user/.m2/repository/org/apache/accumulo/accumulo/1.5.0-SNAPSHOT/accumulo-1.5.0-SNAPSHOT-site.xml
[[1;34mINFO[m] 
[[1;34mINFO[m] [1m-------------------< [0;36morg.apache.accumulo:cloudtrace[0;1m >-------------------[m
[[1;34mINFO[m] [1mBuilding cloudtrace 1.5.0-SNAPSHOT                                [2/12][m
[[1;34mINFO[m] [1m--------------------------------[ jar ]---------------------------------[m
Downloading from centralhttps: http://insecure.repo1.maven.org/maven2/org/apache/maven/plugins/maven-surefire-plugin/2.12/maven-surefire-plugin-2.12.pom
Downloaded from centralhttps: http://insecure.repo1.maven.org/maven2/org/apache/maven/plugins/maven-surefire-plugin/2.12/maven-surefire-plugin-2.12.pom (0 B at 0 B/s)
Downloading from centralhttps: http://insecure.repo1.maven.org/maven2/org/apache/maven/surefire/surefire/2.12/surefire-2.12.pom
Downloaded from centralhttps: http://insecure.repo1.maven.org/maven2/org/apache/maven/surefire/surefire/2.12/surefire-2.12.pom (0 B at 0 B/s)
Downloading from centralhttps: http://insecure.repo1.maven.org/maven2/org/apache/maven/plugins/maven-surefire-plugin/2.12/maven-surefire-plugin-2.12.jar
Downloaded from centralhttps: http://insecure.repo1.maven.org/maven2/org/apache/maven/plugins/maven-surefire-plugin/2.12/maven-surefire-plugin-2.12.jar (0 B at 0 B/s)
Downloading from centralhttps: http://insecure.repo1.maven.org/maven2/org/slf4j/slf4j-api/1.4.3/slf4j-api-1.4.3.pom
Downloaded from centralhttps: http://insecure.repo1.maven.org/maven2/org/slf4j/slf4j-api/1.4.3/slf4j-api-1.4.3.pom (0 B at 0 B/s)
Downloading from centralhttps: http://insecure.repo1.maven.org/maven2/org/slf4j/slf4j-parent/1.4.3/slf4j-parent-1.4.3.pom
Downloaded from centralhttps: http://insecure.repo1.maven.org/maven2/org/slf4j/slf4j-parent/1.4.3/slf4j-parent-1.4.3.pom (0 B at 0 B/s)
Downloading from centralhttps: http://insecure.repo1.maven.org/maven2/org/slf4j/slf4j-log4j12/1.4.3/slf4j-log4j12-1.4.3.pom
Downloaded from centralhttps: http://insecure.repo1.maven.org/maven2/org/slf4j/slf4j-log4j12/1.4.3/slf4j-log4j12-1.4.3.pom (0 B at 0 B/s)
Downloading from centralhttps: http://insecure.repo1.maven.org/maven2/org/apache/hadoop/zookeeper/3.3.1/zookeeper-3.3.1.pom
Downloaded from centralhttps: http://insecure.repo1.maven.org/maven2/org/apache/hadoop/zookeeper/3.3.1/zookeeper-3.3.1.pom (0 B at 0 B/s)
Downloading from centralhttps: http://insecure.repo1.maven.org/maven2/org/slf4j/slf4j-log4j12/1.4.3/slf4j-log4j12-1.4.3.jar
Downloading from centralhttps: http://insecure.repo1.maven.org/maven2/org/slf4j/slf4j-api/1.4.3/slf4j-api-1.4.3.jar
Downloading from centralhttps: http://insecure.repo1.maven.org/maven2/org/apache/hadoop/zookeeper/3.3.1/zookeeper-3.3.1.jar
Downloaded from centralhttps: http://insecure.repo1.maven.org/maven2/org/slf4j/slf4j-log4j12/1.4.3/slf4j-log4j12-1.4.3.jar (0 B at 0 B/s)
Downloaded from centralhttps: http://insecure.repo1.maven.org/maven2/org/slf4j/slf4j-api/1.4.3/slf4j-api-1.4.3.jar (0 B at 0 B/s)
Downloaded from centralhttps: http://insecure.repo1.maven.org/maven2/org/apache/hadoop/zookeeper/3.3.1/zookeeper-3.3.1.jar (0 B at 0 B/s)
[[1;34mINFO[m] 
[[1;34mINFO[m] [1m--- [0;32mbuildnumber-maven-plugin:1.1:create[m [1m(default)[m @ [36mcloudtrace[0;1m ---[m
[[1;34mINFO[m] Checking for local modifications: skipped.
[[1;34mINFO[m] Updating project files from SCM: skipped.
[[1;34mINFO[m] Executing: /bin/sh -c cd /home/user/Workspace/reproducibility/Reproducibility-Scanner/benchmarks/bugs-dot-jar/accumulo/trace && svn --non-interactive info
[[1;34mINFO[m] Working directory: /home/user/Workspace/reproducibility/Reproducibility-Scanner/benchmarks/bugs-dot-jar/accumulo/trace
[[1;34mINFO[m] Storing buildNumber: null at timestamp: 1659678510566
[[1;34mINFO[m] Executing: /bin/sh -c cd /home/user/Workspace/reproducibility/Reproducibility-Scanner/benchmarks/bugs-dot-jar/accumulo/trace && svn --non-interactive info
[[1;34mINFO[m] Working directory: /home/user/Workspace/reproducibility/Reproducibility-Scanner/benchmarks/bugs-dot-jar/accumulo/trace
[[1;34mINFO[m] Storing buildScmBranch: UNKNOWN_BRANCH
[[1;34mINFO[m] 
[[1;34mINFO[m] [1m--- [0;32mmaven-enforcer-plugin:1.0.1:enforce[m [1m(enforce-mvn)[m @ [36mcloudtrace[0;1m ---[m
[[1;34mINFO[m] 
[[1;34mINFO[m] [1m--- [0;32mmaven-remote-resources-plugin:1.2.1:process[m [1m(default)[m @ [36mcloudtrace[0;1m ---[m
[[1;34mINFO[m] 
[[1;34mINFO[m] [1m--- [0;32mmaven-resources-plugin:2.5:resources[m [1m(default-resources)[m @ [36mcloudtrace[0;1m ---[m
[debug] execute contextualize
[[1;34mINFO[m] Using 'UTF-8' encoding to copy filtered resources.
[[1;34mINFO[m] skip non existing resourceDirectory /home/user/Workspace/reproducibility/Reproducibility-Scanner/benchmarks/bugs-dot-jar/accumulo/trace/src/main/resources
[[1;34mINFO[m] Copying 3 resources
[[1;34mINFO[m] 
[[1;34mINFO[m] [1m--- [0;32mmaven-dependency-plugin:2.3:copy-dependencies[m [1m(copy-dependencies)[m @ [36mcloudtrace[0;1m ---[m
[[1;34mINFO[m] Copying libthrift-0.6.1.jar to /home/user/Workspace/reproducibility/Reproducibility-Scanner/benchmarks/bugs-dot-jar/accumulo/lib/libthrift-0.6.1.jar
[[1;34mINFO[m] Copying log4j-1.2.16.jar to /home/user/Workspace/reproducibility/Reproducibility-Scanner/benchmarks/bugs-dot-jar/accumulo/lib/log4j-1.2.16.jar
[[1;34mINFO[m] 
[[1;34mINFO[m] [1m--- [0;32mmaven-compiler-plugin:2.3.2:compile[m [1m(default-compile)[m @ [36mcloudtrace[0;1m ---[m
[[1;34mINFO[m] Compiling 22 source files to /home/user/Workspace/reproducibility/Reproducibility-Scanner/benchmarks/bugs-dot-jar/accumulo/trace/target/classes
[[1;34mINFO[m] 
[[1;34mINFO[m] [1m--- [0;32mmaven-resources-plugin:2.5:testResources[m [1m(default-testResources)[m @ [36mcloudtrace[0;1m ---[m
[debug] execute contextualize
[[1;34mINFO[m] Using 'UTF-8' encoding to copy filtered resources.
[[1;34mINFO[m] skip non existing resourceDirectory /home/user/Workspace/reproducibility/Reproducibility-Scanner/benchmarks/bugs-dot-jar/accumulo/trace/src/test/resources
[[1;34mINFO[m] Copying 3 resources
[[1;34mINFO[m] 
[[1;34mINFO[m] [1m--- [0;32mmaven-compiler-plugin:2.3.2:testCompile[m [1m(default-testCompile)[m @ [36mcloudtrace[0;1m ---[m
[[1;34mINFO[m] Compiling 3 source files to /home/user/Workspace/reproducibility/Reproducibility-Scanner/benchmarks/bugs-dot-jar/accumulo/trace/target/test-classes
[[1;34mINFO[m] 
[[1;34mINFO[m] [1m--- [0;32mmaven-surefire-plugin:2.12:test[m [1m(default-test)[m @ [36mcloudtrace[0;1m ---[m
Downloading from centralhttps: http://insecure.repo1.maven.org/maven2/org/apache/maven/surefire/surefire-booter/2.12/surefire-booter-2.12.pom
Downloaded from centralhttps: http://insecure.repo1.maven.org/maven2/org/apache/maven/surefire/surefire-booter/2.12/surefire-booter-2.12.pom (0 B at 0 B/s)
Downloading from centralhttps: http://insecure.repo1.maven.org/maven2/org/apache/maven/surefire/surefire-api/2.12/surefire-api-2.12.pom
Downloaded from centralhttps: http://insecure.repo1.maven.org/maven2/org/apache/maven/surefire/surefire-api/2.12/surefire-api-2.12.pom (0 B at 0 B/s)
Downloading from centralhttps: http://insecure.repo1.maven.org/maven2/org/apache/maven/surefire/maven-surefire-common/2.12/maven-surefire-common-2.12.pom
Downloaded from centralhttps: http://insecure.repo1.maven.org/maven2/org/apache/maven/surefire/maven-surefire-common/2.12/maven-surefire-common-2.12.pom (0 B at 0 B/s)
Downloading from centralhttps: http://insecure.repo1.maven.org/maven2/org/apache/maven/surefire/surefire-booter/2.12/surefire-booter-2.12.jar
Downloading from centralhttps: http://insecure.repo1.maven.org/maven2/org/apache/maven/surefire/surefire-api/2.12/surefire-api-2.12.jar
Downloading from centralhttps: http://insecure.repo1.maven.org/maven2/org/apache/maven/surefire/maven-surefire-common/2.12/maven-surefire-common-2.12.jar
Downloaded from centralhttps: http://insecure.repo1.maven.org/maven2/org/apache/maven/surefire/surefire-booter/2.12/surefire-booter-2.12.jar (0 B at 0 B/s)
Downloaded from centralhttps: http://insecure.repo1.maven.org/maven2/org/apache/maven/surefire/surefire-api/2.12/surefire-api-2.12.jar (0 B at 0 B/s)
Downloaded from centralhttps: http://insecure.repo1.maven.org/maven2/org/apache/maven/surefire/maven-surefire-common/2.12/maven-surefire-common-2.12.jar (0 B at 0 B/s)
[[1;34mINFO[m] Tests are skipped.
[[1;34mINFO[m] 
[[1;34mINFO[m] [1m--- [0;32mmaven-jar-plugin:2.3.1:jar[m [1m(default-jar)[m @ [36mcloudtrace[0;1m ---[m
[[1;34mINFO[m] Building jar: /home/user/Workspace/reproducibility/Reproducibility-Scanner/benchmarks/bugs-dot-jar/accumulo/lib/cloudtrace-1.5.0-SNAPSHOT.jar
[[1;34mINFO[m] 
[[1;34mINFO[m] [1m--- [0;32mmaven-site-plugin:3.0:attach-descriptor[m [1m(attach-descriptor)[m @ [36mcloudtrace[0;1m ---[m
[[1;34mINFO[m] 
[[1;34mINFO[m] [1m--- [0;32mmaven-install-plugin:2.3.1:install[m [1m(default-install)[m @ [36mcloudtrace[0;1m ---[m
[[1;34mINFO[m] Installing /home/user/Workspace/reproducibility/Reproducibility-Scanner/benchmarks/bugs-dot-jar/accumulo/lib/cloudtrace-1.5.0-SNAPSHOT.jar to /home/user/.m2/repository/org/apache/accumulo/cloudtrace/1.5.0-SNAPSHOT/cloudtrace-1.5.0-SNAPSHOT.jar
[[1;34mINFO[m] Installing /home/user/Workspace/reproducibility/Reproducibility-Scanner/benchmarks/bugs-dot-jar/accumulo/trace/pom.xml to /home/user/.m2/repository/org/apache/accumulo/cloudtrace/1.5.0-SNAPSHOT/cloudtrace-1.5.0-SNAPSHOT.pom
[[1;34mINFO[m] 
[[1;34mINFO[m] [1m-----------------< [0;36morg.apache.accumulo:accumulo-start[0;1m >-----------------[m
[[1;34mINFO[m] [1mBuilding accumulo-start 1.5.0-SNAPSHOT                            [3/12][m
[[1;34mINFO[m] [1m--------------------------------[ jar ]---------------------------------[m
Downloading from centralhttps: http://insecure.repo1.maven.org/maven2/org/apache/commons/commons-jci-fam/1.0/commons-jci-fam-1.0.pom
Downloaded from centralhttps: http://insecure.repo1.maven.org/maven2/org/apache/commons/commons-jci-fam/1.0/commons-jci-fam-1.0.pom (0 B at 0 B/s)
Downloading from centralhttps: http://insecure.repo1.maven.org/maven2/org/apache/commons/commons-jci/1.0/commons-jci-1.0.pom
Downloaded from centralhttps: http://insecure.repo1.maven.org/maven2/org/apache/commons/commons-jci/1.0/commons-jci-1.0.pom (0 B at 0 B/s)
Downloading from centralhttps: http://insecure.repo1.maven.org/maven2/org/apache/commons/commons-parent/2/commons-parent-2.pom
Downloaded from centralhttps: http://insecure.repo1.maven.org/maven2/org/apache/commons/commons-parent/2/commons-parent-2.pom (0 B at 0 B/s)
Downloading from centralhttps: http://insecure.repo1.maven.org/maven2/org/apache/commons/commons-jci-fam/1.0/commons-jci-fam-1.0.jar
Downloaded from centralhttps: http://insecure.repo1.maven.org/maven2/org/apache/commons/commons-jci-fam/1.0/commons-jci-fam-1.0.jar (0 B at 0 B/s)
[[1;34mINFO[m] 
[[1;34mINFO[m] [1m--- [0;32mbuildnumber-maven-plugin:1.1:create[m [1m(default)[m @ [36maccumulo-start[0;1m ---[m
[[1;34mINFO[m] Checking for local modifications: skipped.
[[1;34mINFO[m] Updating project files from SCM: skipped.
[[1;34mINFO[m] Executing: /bin/sh -c cd /home/user/Workspace/reproducibility/Reproducibility-Scanner/benchmarks/bugs-dot-jar/accumulo/start && svn --non-interactive info
[[1;34mINFO[m] Working directory: /home/user/Workspace/reproducibility/Reproducibility-Scanner/benchmarks/bugs-dot-jar/accumulo/start
[[1;34mINFO[m] Storing buildNumber: null at timestamp: 1659678514242
[[1;34mINFO[m] Executing: /bin/sh -c cd /home/user/Workspace/reproducibility/Reproducibility-Scanner/benchmarks/bugs-dot-jar/accumulo/start && svn --non-interactive info
[[1;34mINFO[m] Working directory: /home/user/Workspace/reproducibility/Reproducibility-Scanner/benchmarks/bugs-dot-jar/accumulo/start
[[1;34mINFO[m] Storing buildScmBranch: UNKNOWN_BRANCH
[[1;34mINFO[m] 
[[1;34mINFO[m] [1m--- [0;32mmaven-enforcer-plugin:1.0.1:enforce[m [1m(enforce-mvn)[m @ [36maccumulo-start[0;1m ---[m
[[1;34mINFO[m] 
[[1;34mINFO[m] [1m--- [0;32mmaven-remote-resources-plugin:1.2.1:process[m [1m(default)[m @ [36maccumulo-start[0;1m ---[m
[[1;34mINFO[m] 
[[1;34mINFO[m] [1m--- [0;32mmaven-resources-plugin:2.5:resources[m [1m(default-resources)[m @ [36maccumulo-start[0;1m ---[m
[debug] execute contextualize
[[1;34mINFO[m] Using 'UTF-8' encoding to copy filtered resources.
[[1;34mINFO[m] skip non existing resourceDirectory /home/user/Workspace/reproducibility/Reproducibility-Scanner/benchmarks/bugs-dot-jar/accumulo/start/src/main/resources
[[1;34mINFO[m] Copying 3 resources
[[1;34mINFO[m] 
[[1;34mINFO[m] [1m--- [0;32mmaven-dependency-plugin:2.3:copy-dependencies[m [1m(copy-dependencies)[m @ [36maccumulo-start[0;1m ---[m
[[1;34mINFO[m] Copying commons-io-1.4.jar to /home/user/Workspace/reproducibility/Reproducibility-Scanner/benchmarks/bugs-dot-jar/accumulo/lib/commons-io-1.4.jar
[[1;34mINFO[m] Copying commons-jci-fam-1.0.jar to /home/user/Workspace/reproducibility/Reproducibility-Scanner/benchmarks/bugs-dot-jar/accumulo/lib/commons-jci-fam-1.0.jar
[[1;34mINFO[m] Copying commons-logging-1.0.4.jar to /home/user/Workspace/reproducibility/Reproducibility-Scanner/benchmarks/bugs-dot-jar/accumulo/lib/commons-logging-1.0.4.jar
[[1;34mINFO[m] log4j-1.2.16.jar already exists in destination.
[[1;34mINFO[m] 
[[1;34mINFO[m] [1m--- [0;32mmaven-compiler-plugin:2.3.2:compile[m [1m(default-compile)[m @ [36maccumulo-start[0;1m ---[m
[[1;34mINFO[m] Compiling 5 source files to /home/user/Workspace/reproducibility/Reproducibility-Scanner/benchmarks/bugs-dot-jar/accumulo/start/target/classes
[[1;34mINFO[m] 
[[1;34mINFO[m] [1m--- [0;32mmaven-resources-plugin:2.5:testResources[m [1m(default-testResources)[m @ [36maccumulo-start[0;1m ---[m
[debug] execute contextualize
[[1;34mINFO[m] Using 'UTF-8' encoding to copy filtered resources.
[[1;34mINFO[m] Copying 3 resources
[[1;34mINFO[m] Copying 3 resources
[[1;34mINFO[m] 
[[1;34mINFO[m] [1m--- [0;32mmaven-compiler-plugin:2.3.2:testCompile[m [1m(default-testCompile)[m @ [36maccumulo-start[0;1m ---[m
[[1;34mINFO[m] Compiling 2 source files to /home/user/Workspace/reproducibility/Reproducibility-Scanner/benchmarks/bugs-dot-jar/accumulo/start/target/test-classes
[[1;34mINFO[m] 
[[1;34mINFO[m] [1m--- [0;32mmaven-surefire-plugin:2.12:test[m [1m(default-test)[m @ [36maccumulo-start[0;1m ---[m
[[1;34mINFO[m] Tests are skipped.
[[1;34mINFO[m] 
[[1;34mINFO[m] [1m--- [0;32mmaven-jar-plugin:2.3.1:jar[m [1m(default-jar)[m @ [36maccumulo-start[0;1m ---[m
[[1;34mINFO[m] Building jar: /home/user/Workspace/reproducibility/Reproducibility-Scanner/benchmarks/bugs-dot-jar/accumulo/lib/accumulo-start-1.5.0-SNAPSHOT.jar
[[1;34mINFO[m] 
[[1;34mINFO[m] [1m--- [0;32mmaven-site-plugin:3.0:attach-descriptor[m [1m(attach-descriptor)[m @ [36maccumulo-start[0;1m ---[m
[[1;34mINFO[m] 
[[1;34mINFO[m] [1m--- [0;32mmaven-install-plugin:2.3.1:install[m [1m(default-install)[m @ [36maccumulo-start[0;1m ---[m
[[1;34mINFO[m] Installing /home/user/Workspace/reproducibility/Reproducibility-Scanner/benchmarks/bugs-dot-jar/accumulo/lib/accumulo-start-1.5.0-SNAPSHOT.jar to /home/user/.m2/repository/org/apache/accumulo/accumulo-start/1.5.0-SNAPSHOT/accumulo-start-1.5.0-SNAPSHOT.jar
[[1;34mINFO[m] Installing /home/user/Workspace/reproducibility/Reproducibility-Scanner/benchmarks/bugs-dot-jar/accumulo/start/pom.xml to /home/user/.m2/repository/org/apache/accumulo/accumulo-start/1.5.0-SNAPSHOT/accumulo-start-1.5.0-SNAPSHOT.pom
[[1;34mINFO[m] 
[[1;34mINFO[m] [1m-----------------< [0;36morg.apache.accumulo:accumulo-core[0;1m >------------------[m
[[1;34mINFO[m] [1mBuilding accumulo-core 1.5.0-SNAPSHOT                             [4/12][m
[[1;34mINFO[m] [1m--------------------------------[ jar ]---------------------------------[m
Downloading from centralhttps: http://insecure.repo1.maven.org/maven2/org/apache/hadoop/hadoop-core/0.20.205.0/hadoop-core-0.20.205.0.pom
Downloaded from centralhttps: http://insecure.repo1.maven.org/maven2/org/apache/hadoop/hadoop-core/0.20.205.0/hadoop-core-0.20.205.0.pom (0 B at 0 B/s)
Downloading from centralhttps: http://insecure.repo1.maven.org/maven2/commons-configuration/commons-configuration/1.5/commons-configuration-1.5.pom
Downloaded from centralhttps: http://insecure.repo1.maven.org/maven2/commons-configuration/commons-configuration/1.5/commons-configuration-1.5.pom (0 B at 0 B/s)
Downloading from centralhttps: http://insecure.repo1.maven.org/maven2/org/mortbay/jetty/jetty/maven-metadata.xml
Progress (1): 688 B                   Downloaded from centralhttps: http://insecure.repo1.maven.org/maven2/org/mortbay/jetty/jetty/maven-metadata.xml (688 B at 1.4 kB/s)
Downloading from centralhttps: http://insecure.repo1.maven.org/maven2/org/mortbay/jetty/jetty/6.1H.22/jetty-6.1H.22.pom
Downloaded from centralhttps: http://insecure.repo1.maven.org/maven2/org/mortbay/jetty/jetty/6.1H.22/jetty-6.1H.22.pom (0 B at 0 B/s)
Downloading from centralhttps: http://insecure.repo1.maven.org/maven2/org/mortbay/jetty/project/6.1H.22/project-6.1H.22.pom
Downloaded from centralhttps: http://insecure.repo1.maven.org/maven2/org/mortbay/jetty/project/6.1H.22/project-6.1H.22.pom (0 B at 0 B/s)
Downloading from centralhttps: http://insecure.repo1.maven.org/maven2/org/mortbay/jetty/jetty-util/6.1H.22/jetty-util-6.1H.22.pom
Downloaded from centralhttps: http://insecure.repo1.maven.org/maven2/org/mortbay/jetty/jetty-util/6.1H.22/jetty-util-6.1H.22.pom (0 B at 0 B/s)
Downloading from centralhttps: http://insecure.repo1.maven.org/maven2/org/mortbay/jetty/jetty/6.1.17/jetty-6.1.17.pom
Downloaded from centralhttps: http://insecure.repo1.maven.org/maven2/org/mortbay/jetty/jetty/6.1.17/jetty-6.1.17.pom (0 B at 0 B/s)
Downloading from centralhttps: http://insecure.repo1.maven.org/maven2/org/mortbay/jetty/project/6.1.17/project-6.1.17.pom
Downloaded from centralhttps: http://insecure.repo1.maven.org/maven2/org/mortbay/jetty/project/6.1.17/project-6.1.17.pom (0 B at 0 B/s)
Downloading from centralhttps: http://insecure.repo1.maven.org/maven2/org/mortbay/jetty/jetty-util/6.1.17/jetty-util-6.1.17.pom
Downloaded from centralhttps: http://insecure.repo1.maven.org/maven2/org/mortbay/jetty/jetty-util/6.1.17/jetty-util-6.1.17.pom (0 B at 0 B/s)
Downloading from centralhttps: http://insecure.repo1.maven.org/maven2/org/mortbay/jetty/jetty/6.1.18/jetty-6.1.18.pom
Downloaded from centralhttps: http://insecure.repo1.maven.org/maven2/org/mortbay/jetty/jetty/6.1.18/jetty-6.1.18.pom (0 B at 0 B/s)
Downloading from centralhttps: http://insecure.repo1.maven.org/maven2/org/mortbay/jetty/project/6.1.18/project-6.1.18.pom
Downloaded from centralhttps: http://insecure.repo1.maven.org/maven2/org/mortbay/jetty/project/6.1.18/project-6.1.18.pom (0 B at 0 B/s)
Downloading from centralhttps: http://insecure.repo1.maven.org/maven2/org/mortbay/jetty/jetty-util/6.1.18/jetty-util-6.1.18.pom
Downloaded from centralhttps: http://insecure.repo1.maven.org/maven2/org/mortbay/jetty/jetty-util/6.1.18/jetty-util-6.1.18.pom (0 B at 0 B/s)
Downloading from centralhttps: http://insecure.repo1.maven.org/maven2/org/mortbay/jetty/jetty/6.1.19/jetty-6.1.19.pom
Downloaded from centralhttps: http://insecure.repo1.maven.org/maven2/org/mortbay/jetty/jetty/6.1.19/jetty-6.1.19.pom (0 B at 0 B/s)
Downloading from centralhttps: http://insecure.repo1.maven.org/maven2/org/mortbay/jetty/project/6.1.19/project-6.1.19.pom
Downloaded from centralhttps: http://insecure.repo1.maven.org/maven2/org/mortbay/jetty/project/6.1.19/project-6.1.19.pom (0 B at 0 B/s)
Downloading from centralhttps: http://insecure.repo1.maven.org/maven2/org/mortbay/jetty/jetty-util/6.1.19/jetty-util-6.1.19.pom
Downloaded from centralhttps: http://insecure.repo1.maven.org/maven2/org/mortbay/jetty/jetty-util/6.1.19/jetty-util-6.1.19.pom (0 B at 0 B/s)
Downloading from centralhttps: http://insecure.repo1.maven.org/maven2/org/mortbay/jetty/jetty/6.1.20/jetty-6.1.20.pom
Downloaded from centralhttps: http://insecure.repo1.maven.org/maven2/org/mortbay/jetty/jetty/6.1.20/jetty-6.1.20.pom (0 B at 0 B/s)
Downloading from centralhttps: http://insecure.repo1.maven.org/maven2/org/mortbay/jetty/project/6.1.20/project-6.1.20.pom
Downloaded from centralhttps: http://insecure.repo1.maven.org/maven2/org/mortbay/jetty/project/6.1.20/project-6.1.20.pom (0 B at 0 B/s)
Downloading from centralhttps: http://insecure.repo1.maven.org/maven2/org/mortbay/jetty/jetty-util/6.1.20/jetty-util-6.1.20.pom
Downloaded from centralhttps: http://insecure.repo1.maven.org/maven2/org/mortbay/jetty/jetty-util/6.1.20/jetty-util-6.1.20.pom (0 B at 0 B/s)
Downloading from centralhttps: http://insecure.repo1.maven.org/maven2/org/mortbay/jetty/jetty/6.1.21/jetty-6.1.21.pom
Downloaded from centralhttps: http://insecure.repo1.maven.org/maven2/org/mortbay/jetty/jetty/6.1.21/jetty-6.1.21.pom (0 B at 0 B/s)
Downloading from centralhttps: http://insecure.repo1.maven.org/maven2/org/mortbay/jetty/project/6.1.21/project-6.1.21.pom
Downloaded from centralhttps: http://insecure.repo1.maven.org/maven2/org/mortbay/jetty/project/6.1.21/project-6.1.21.pom (0 B at 0 B/s)
Downloading from centralhttps: http://insecure.repo1.maven.org/maven2/org/mortbay/jetty/jetty-util/6.1.21/jetty-util-6.1.21.pom
Downloaded from centralhttps: http://insecure.repo1.maven.org/maven2/org/mortbay/jetty/jetty-util/6.1.21/jetty-util-6.1.21.pom (0 B at 0 B/s)
Downloading from centralhttps: http://insecure.repo1.maven.org/maven2/org/mortbay/jetty/jetty/6.1.22/jetty-6.1.22.pom
Downloaded from centralhttps: http://insecure.repo1.maven.org/maven2/org/mortbay/jetty/jetty/6.1.22/jetty-6.1.22.pom (0 B at 0 B/s)
Downloading from centralhttps: http://insecure.repo1.maven.org/maven2/org/mortbay/jetty/project/6.1.22/project-6.1.22.pom
Downloaded from centralhttps: http://insecure.repo1.maven.org/maven2/org/mortbay/jetty/project/6.1.22/project-6.1.22.pom (0 B at 0 B/s)
Downloading from centralhttps: http://insecure.repo1.maven.org/maven2/org/mortbay/jetty/jetty-util/6.1.22/jetty-util-6.1.22.pom
Downloaded from centralhttps: http://insecure.repo1.maven.org/maven2/org/mortbay/jetty/jetty-util/6.1.22/jetty-util-6.1.22.pom (0 B at 0 B/s)
Downloading from centralhttps: http://insecure.repo1.maven.org/maven2/org/mortbay/jetty/jetty/6.1.23/jetty-6.1.23.pom
Downloaded from centralhttps: http://insecure.repo1.maven.org/maven2/org/mortbay/jetty/jetty/6.1.23/jetty-6.1.23.pom (0 B at 0 B/s)
Downloading from centralhttps: http://insecure.repo1.maven.org/maven2/org/mortbay/jetty/project/6.1.23/project-6.1.23.pom
Downloaded from centralhttps: http://insecure.repo1.maven.org/maven2/org/mortbay/jetty/project/6.1.23/project-6.1.23.pom (0 B at 0 B/s)
Downloading from centralhttps: http://insecure.repo1.maven.org/maven2/org/mortbay/jetty/jetty-util/6.1.23/jetty-util-6.1.23.pom
Downloaded from centralhttps: http://insecure.repo1.maven.org/maven2/org/mortbay/jetty/jetty-util/6.1.23/jetty-util-6.1.23.pom (0 B at 0 B/s)
Downloading from centralhttps: http://insecure.repo1.maven.org/maven2/org/mortbay/jetty/jetty/6.1.24/jetty-6.1.24.pom
Downloaded from centralhttps: http://insecure.repo1.maven.org/maven2/org/mortbay/jetty/jetty/6.1.24/jetty-6.1.24.pom (0 B at 0 B/s)
Downloading from centralhttps: http://insecure.repo1.maven.org/maven2/org/mortbay/jetty/project/6.1.24/project-6.1.24.pom
Downloaded from centralhttps: http://insecure.repo1.maven.org/maven2/org/mortbay/jetty/project/6.1.24/project-6.1.24.pom (0 B at 0 B/s)
Downloading from centralhttps: http://insecure.repo1.maven.org/maven2/org/mortbay/jetty/jetty-util/6.1.24/jetty-util-6.1.24.pom
Downloaded from centralhttps: http://insecure.repo1.maven.org/maven2/org/mortbay/jetty/jetty-util/6.1.24/jetty-util-6.1.24.pom (0 B at 0 B/s)
Downloading from centralhttps: http://insecure.repo1.maven.org/maven2/org/mortbay/jetty/jetty/6.1.26RC0/jetty-6.1.26RC0.pom
Downloaded from centralhttps: http://insecure.repo1.maven.org/maven2/org/mortbay/jetty/jetty/6.1.26RC0/jetty-6.1.26RC0.pom (0 B at 0 B/s)
Downloading from centralhttps: http://insecure.repo1.maven.org/maven2/org/mortbay/jetty/project/6.1.26RC0/project-6.1.26RC0.pom
Downloaded from centralhttps: http://insecure.repo1.maven.org/maven2/org/mortbay/jetty/project/6.1.26RC0/project-6.1.26RC0.pom (0 B at 0 B/s)
Downloading from centralhttps: http://insecure.repo1.maven.org/maven2/org/mortbay/jetty/jetty-util/6.1.26RC0/jetty-util-6.1.26RC0.pom
Downloaded from centralhttps: http://insecure.repo1.maven.org/maven2/org/mortbay/jetty/jetty-util/6.1.26RC0/jetty-util-6.1.26RC0.pom (0 B at 0 B/s)
Downloading from centralhttps: http://insecure.repo1.maven.org/maven2/org/apache/hadoop/hadoop-core/0.20.205.0/hadoop-core-0.20.205.0.jar
Downloading from centralhttps: http://insecure.repo1.maven.org/maven2/commons-configuration/commons-configuration/1.5/commons-configuration-1.5.jar
Downloaded from centralhttps: http://insecure.repo1.maven.org/maven2/commons-configuration/commons-configuration/1.5/commons-configuration-1.5.jar (0 B at 0 B/s)
Downloaded from centralhttps: http://insecure.repo1.maven.org/maven2/org/apache/hadoop/hadoop-core/0.20.205.0/hadoop-core-0.20.205.0.jar (0 B at 0 B/s)
[[1;34mINFO[m] 
[[1;34mINFO[m] [1m--- [0;32mbuildnumber-maven-plugin:1.1:create[m [1m(default)[m @ [36maccumulo-core[0;1m ---[m
[[1;34mINFO[m] Checking for local modifications: skipped.
[[1;34mINFO[m] Updating project files from SCM: skipped.
[[1;34mINFO[m] Executing: /bin/sh -c cd /home/user/Workspace/reproducibility/Reproducibility-Scanner/benchmarks/bugs-dot-jar/accumulo/core && svn --non-interactive info
[[1;34mINFO[m] Working directory: /home/user/Workspace/reproducibility/Reproducibility-Scanner/benchmarks/bugs-dot-jar/accumulo/core
[[1;34mINFO[m] Storing buildNumber: null at timestamp: 1659678522487
[[1;34mINFO[m] Executing: /bin/sh -c cd /home/user/Workspace/reproducibility/Reproducibility-Scanner/benchmarks/bugs-dot-jar/accumulo/core && svn --non-interactive info
[[1;34mINFO[m] Working directory: /home/user/Workspace/reproducibility/Reproducibility-Scanner/benchmarks/bugs-dot-jar/accumulo/core
[[1;34mINFO[m] Storing buildScmBranch: UNKNOWN_BRANCH
[[1;34mINFO[m] 
[[1;34mINFO[m] [1m--- [0;32mmaven-enforcer-plugin:1.0.1:enforce[m [1m(enforce-mvn)[m @ [36maccumulo-core[0;1m ---[m
[[1;34mINFO[m] 
[[1;34mINFO[m] [1m--- [0;32mexec-maven-plugin:1.2.1:exec[m [1m(generate-core-thrift)[m @ [36maccumulo-core[0;1m ---[m
thrift is not available
[[1;34mINFO[m] 
[[1;34mINFO[m] [1m--- [0;32mmaven-remote-resources-plugin:1.2.1:process[m [1m(default)[m @ [36maccumulo-core[0;1m ---[m
[[1;34mINFO[m] 
[[1;34mINFO[m] [1m--- [0;32mmaven-resources-plugin:2.5:resources[m [1m(default-resources)[m @ [36maccumulo-core[0;1m ---[m
[debug] execute contextualize
[[1;34mINFO[m] Using 'UTF-8' encoding to copy filtered resources.
[[1;34mINFO[m] Copying 1 resource
[[1;34mINFO[m] Copying 3 resources
[[1;34mINFO[m] 
[[1;34mINFO[m] [1m--- [0;32mmaven-dependency-plugin:2.3:copy-dependencies[m [1m(copy-dependencies)[m @ [36maccumulo-core[0;1m ---[m
[[1;34mINFO[m] Copying commons-collections-3.2.jar to /home/user/Workspace/reproducibility/Reproducibility-Scanner/benchmarks/bugs-dot-jar/accumulo/lib/commons-collections-3.2.jar
[[1;34mINFO[m] Copying jline-0.9.94.jar to /home/user/Workspace/reproducibility/Reproducibility-Scanner/benchmarks/bugs-dot-jar/accumulo/lib/jline-0.9.94.jar
[[1;34mINFO[m] Copying commons-lang-2.4.jar to /home/user/Workspace/reproducibility/Reproducibility-Scanner/benchmarks/bugs-dot-jar/accumulo/lib/commons-lang-2.4.jar
[[1;34mINFO[m] libthrift-0.6.1.jar already exists in destination.
[[1;34mINFO[m] log4j-1.2.16.jar already exists in destination.
[[1;34mINFO[m] commons-logging-1.0.4.jar already exists in destination.
[[1;34mINFO[m] 
[[1;34mINFO[m] [1m--- [0;32mmaven-compiler-plugin:2.3.2:compile[m [1m(default-compile)[m @ [36maccumulo-core[0;1m ---[m
[[1;34mINFO[m] Compiling 427 source files to /home/user/Workspace/reproducibility/Reproducibility-Scanner/benchmarks/bugs-dot-jar/accumulo/core/target/classes
[[1;34mINFO[m] 
[[1;34mINFO[m] [1m--- [0;32mmaven-resources-plugin:2.5:testResources[m [1m(default-testResources)[m @ [36maccumulo-core[0;1m ---[m
[debug] execute contextualize
[[1;34mINFO[m] Using 'UTF-8' encoding to copy filtered resources.
[[1;34mINFO[m] Copying 2 resources
[[1;34mINFO[m] Copying 3 resources
[[1;34mINFO[m] 
[[1;34mINFO[m] [1m--- [0;32mmaven-compiler-plugin:2.3.2:testCompile[m [1m(default-testCompile)[m @ [36maccumulo-core[0;1m ---[m
[[1;34mINFO[m] Compiling 60 source files to /home/user/Workspace/reproducibility/Reproducibility-Scanner/benchmarks/bugs-dot-jar/accumulo/core/target/test-classes
[[1;34mINFO[m] 
[[1;34mINFO[m] [1m--- [0;32mmaven-surefire-plugin:2.12:test[m [1m(default-test)[m @ [36maccumulo-core[0;1m ---[m
[[1;34mINFO[m] Tests are skipped.
[[1;34mINFO[m] 
[[1;34mINFO[m] [1m--- [0;32mmaven-jar-plugin:2.3.1:jar[m [1m(default-jar)[m @ [36maccumulo-core[0;1m ---[m
[[1;34mINFO[m] Building jar: /home/user/Workspace/reproducibility/Reproducibility-Scanner/benchmarks/bugs-dot-jar/accumulo/lib/accumulo-core-1.5.0-SNAPSHOT.jar
[[1;34mINFO[m] 
[[1;34mINFO[m] [1m--- [0;32mmaven-site-plugin:3.0:attach-descriptor[m [1m(attach-descriptor)[m @ [36maccumulo-core[0;1m ---[m
[[1;34mINFO[m] 
[[1;34mINFO[m] [1m--- [0;32mmaven-install-plugin:2.3.1:install[m [1m(default-install)[m @ [36maccumulo-core[0;1m ---[m
[[1;34mINFO[m] Installing /home/user/Workspace/reproducibility/Reproducibility-Scanner/benchmarks/bugs-dot-jar/accumulo/lib/accumulo-core-1.5.0-SNAPSHOT.jar to /home/user/.m2/repository/org/apache/accumulo/accumulo-core/1.5.0-SNAPSHOT/accumulo-core-1.5.0-SNAPSHOT.jar
[[1;34mINFO[m] Installing /home/user/Workspace/reproducibility/Reproducibility-Scanner/benchmarks/bugs-dot-jar/accumulo/core/pom.xml to /home/user/.m2/repository/org/apache/accumulo/accumulo-core/1.5.0-SNAPSHOT/accumulo-core-1.5.0-SNAPSHOT.pom
[[1;34mINFO[m] 
[[1;34mINFO[m] [1m----------------< [0;36morg.apache.accumulo:accumulo-server[0;1m >-----------------[m
[[1;34mINFO[m] [1mBuilding accumulo-server 1.5.0-SNAPSHOT                           [5/12][m
[[1;34mINFO[m] [1m--------------------------------[ jar ]---------------------------------[m
[[1;34mINFO[m] 
[[1;34mINFO[m] [1m--- [0;32mbuildnumber-maven-plugin:1.1:create[m [1m(default)[m @ [36maccumulo-server[0;1m ---[m
[[1;34mINFO[m] Checking for local modifications: skipped.
[[1;34mINFO[m] Updating project files from SCM: skipped.
[[1;34mINFO[m] Executing: /bin/sh -c cd /home/user/Workspace/reproducibility/Reproducibility-Scanner/benchmarks/bugs-dot-jar/accumulo/server && svn --non-interactive info
[[1;34mINFO[m] Working directory: /home/user/Workspace/reproducibility/Reproducibility-Scanner/benchmarks/bugs-dot-jar/accumulo/server
[[1;34mINFO[m] Storing buildNumber: null at timestamp: 1659678529858
[[1;34mINFO[m] Executing: /bin/sh -c cd /home/user/Workspace/reproducibility/Reproducibility-Scanner/benchmarks/bugs-dot-jar/accumulo/server && svn --non-interactive info
[[1;34mINFO[m] Working directory: /home/user/Workspace/reproducibility/Reproducibility-Scanner/benchmarks/bugs-dot-jar/accumulo/server
[[1;34mINFO[m] Storing buildScmBranch: UNKNOWN_BRANCH
[[1;34mINFO[m] 
[[1;34mINFO[m] [1m--- [0;32mmaven-enforcer-plugin:1.0.1:enforce[m [1m(enforce-mvn)[m @ [36maccumulo-server[0;1m ---[m
[[1;34mINFO[m] 
[[1;34mINFO[m] [1m--- [0;32mmaven-remote-resources-plugin:1.2.1:process[m [1m(default)[m @ [36maccumulo-server[0;1m ---[m
[[1;34mINFO[m] 
[[1;34mINFO[m] [1m--- [0;32mmaven-resources-plugin:2.5:resources[m [1m(default-resources)[m @ [36maccumulo-server[0;1m ---[m
[debug] execute contextualize
[[1;34mINFO[m] Using 'UTF-8' encoding to copy filtered resources.
[[1;34mINFO[m] Copying 38 resources
[[1;34mINFO[m] Copying 3 resources
[[1;34mINFO[m] 
[[1;34mINFO[m] [1m--- [0;32mmaven-dependency-plugin:2.3:copy-dependencies[m [1m(copy-dependencies)[m @ [36maccumulo-server[0;1m ---[m
[[1;34mINFO[m] Copying commons-configuration-1.5.jar to /home/user/Workspace/reproducibility/Reproducibility-Scanner/benchmarks/bugs-dot-jar/accumulo/lib/commons-configuration-1.5.jar
[[1;34mINFO[m] libthrift-0.6.1.jar already exists in destination.
[[1;34mINFO[m] log4j-1.2.16.jar already exists in destination.
[[1;34mINFO[m] commons-collections-3.2.jar already exists in destination.
[[1;34mINFO[m] jline-0.9.94.jar already exists in destination.
[[1;34mINFO[m] commons-io-1.4.jar already exists in destination.
[[1;34mINFO[m] commons-lang-2.4.jar already exists in destination.
[[1;34mINFO[m] 
[[1;34mINFO[m] [1m--- [0;32mmaven-compiler-plugin:2.3.2:compile[m [1m(default-compile)[m @ [36maccumulo-server[0;1m ---[m
[[1;34mINFO[m] Compiling 399 source files to /home/user/Workspace/reproducibility/Reproducibility-Scanner/benchmarks/bugs-dot-jar/accumulo/server/target/classes
[[1;34mINFO[m] 
[[1;34mINFO[m] [1m--- [0;32mmaven-resources-plugin:2.5:testResources[m [1m(default-testResources)[m @ [36maccumulo-server[0;1m ---[m
[debug] execute contextualize
[[1;34mINFO[m] Using 'UTF-8' encoding to copy filtered resources.
[[1;34mINFO[m] skip non existing resourceDirectory /home/user/Workspace/reproducibility/Reproducibility-Scanner/benchmarks/bugs-dot-jar/accumulo/server/src/test/resources
[[1;34mINFO[m] Copying 3 resources
[[1;34mINFO[m] 
[[1;34mINFO[m] [1m--- [0;32mmaven-compiler-plugin:2.3.2:testCompile[m [1m(default-testCompile)[m @ [36maccumulo-server[0;1m ---[m
[[1;34mINFO[m] Compiling 23 source files to /home/user/Workspace/reproducibility/Reproducibility-Scanner/benchmarks/bugs-dot-jar/accumulo/server/target/test-classes
[[1;34mINFO[m] 
[[1;34mINFO[m] [1m--- [0;32mmaven-surefire-plugin:2.12:test[m [1m(default-test)[m @ [36maccumulo-server[0;1m ---[m
[[1;34mINFO[m] Tests are skipped.
[[1;34mINFO[m] 
[[1;34mINFO[m] [1m--- [0;32mmaven-jar-plugin:2.3.1:jar[m [1m(default-jar)[m @ [36maccumulo-server[0;1m ---[m
[[1;34mINFO[m] Building jar: /home/user/Workspace/reproducibility/Reproducibility-Scanner/benchmarks/bugs-dot-jar/accumulo/lib/accumulo-server-1.5.0-SNAPSHOT.jar
[[1;34mINFO[m] 
[[1;34mINFO[m] [1m--- [0;32mmaven-site-plugin:3.0:attach-descriptor[m [1m(attach-descriptor)[m @ [36maccumulo-server[0;1m ---[m
[[1;34mINFO[m] 
[[1;34mINFO[m] [1m--- [0;32mmaven-install-plugin:2.3.1:install[m [1m(default-install)[m @ [36maccumulo-server[0;1m ---[m
[[1;34mINFO[m] Installing /home/user/Workspace/reproducibility/Reproducibility-Scanner/benchmarks/bugs-dot-jar/accumulo/lib/accumulo-server-1.5.0-SNAPSHOT.jar to /home/user/.m2/repository/org/apache/accumulo/accumulo-server/1.5.0-SNAPSHOT/accumulo-server-1.5.0-SNAPSHOT.jar
[[1;34mINFO[m] Installing /home/user/Workspace/reproducibility/Reproducibility-Scanner/benchmarks/bugs-dot-jar/accumulo/server/pom.xml to /home/user/.m2/repository/org/apache/accumulo/accumulo-server/1.5.0-SNAPSHOT/accumulo-server-1.5.0-SNAPSHOT.pom
[[1;34mINFO[m] 
[[1;34mINFO[m] [1m---------------< [0;36morg.apache.accumulo:accumulo-examples[0;1m >----------------[m
[[1;34mINFO[m] [1mBuilding accumulo-examples 1.5.0-SNAPSHOT                         [6/12][m
[[1;34mINFO[m] [1m--------------------------------[ pom ]---------------------------------[m
[[1;34mINFO[m] 
[[1;34mINFO[m] [1m--- [0;32mbuildnumber-maven-plugin:1.1:create[m [1m(default)[m @ [36maccumulo-examples[0;1m ---[m
[[1;34mINFO[m] Checking for local modifications: skipped.
[[1;34mINFO[m] Updating project files from SCM: skipped.
[[1;34mINFO[m] Executing: /bin/sh -c cd /home/user/Workspace/reproducibility/Reproducibility-Scanner/benchmarks/bugs-dot-jar/accumulo/examples && svn --non-interactive info
[[1;34mINFO[m] Working directory: /home/user/Workspace/reproducibility/Reproducibility-Scanner/benchmarks/bugs-dot-jar/accumulo/examples
[[1;34mINFO[m] Storing buildNumber: null at timestamp: 1659678534472
[[1;34mINFO[m] Executing: /bin/sh -c cd /home/user/Workspace/reproducibility/Reproducibility-Scanner/benchmarks/bugs-dot-jar/accumulo/examples && svn --non-interactive info
[[1;34mINFO[m] Working directory: /home/user/Workspace/reproducibility/Reproducibility-Scanner/benchmarks/bugs-dot-jar/accumulo/examples
[[1;34mINFO[m] Storing buildScmBranch: UNKNOWN_BRANCH
[[1;34mINFO[m] 
[[1;34mINFO[m] [1m--- [0;32mmaven-enforcer-plugin:1.0.1:enforce[m [1m(enforce-mvn)[m @ [36maccumulo-examples[0;1m ---[m
[[1;34mINFO[m] 
[[1;34mINFO[m] [1m--- [0;32mmaven-remote-resources-plugin:1.2.1:process[m [1m(default)[m @ [36maccumulo-examples[0;1m ---[m
[[1;34mINFO[m] 
[[1;34mINFO[m] [1m--- [0;32mmaven-dependency-plugin:2.3:copy-dependencies[m [1m(copy-dependencies)[m @ [36maccumulo-examples[0;1m ---[m
[[1;34mINFO[m] 
[[1;34mINFO[m] [1m--- [0;32mmaven-site-plugin:3.0:attach-descriptor[m [1m(attach-descriptor)[m @ [36maccumulo-examples[0;1m ---[m
[[1;34mINFO[m] 
[[1;34mINFO[m] [1m--- [0;32mmaven-install-plugin:2.3.1:install[m [1m(default-install)[m @ [36maccumulo-examples[0;1m ---[m
[[1;34mINFO[m] Installing /home/user/Workspace/reproducibility/Reproducibility-Scanner/benchmarks/bugs-dot-jar/accumulo/examples/pom.xml to /home/user/.m2/repository/org/apache/accumulo/accumulo-examples/1.5.0-SNAPSHOT/accumulo-examples-1.5.0-SNAPSHOT.pom
[[1;34mINFO[m] 
[[1;34mINFO[m] [1m----------------< [0;36morg.apache.accumulo:examples-simple[0;1m >-----------------[m
[[1;34mINFO[m] [1mBuilding examples-simple 1.5.0-SNAPSHOT                           [7/12][m
[[1;34mINFO[m] [1m--------------------------------[ jar ]---------------------------------[m
[[1;34mINFO[m] 
[[1;34mINFO[m] [1m--- [0;32mbuildnumber-maven-plugin:1.1:create[m [1m(default)[m @ [36mexamples-simple[0;1m ---[m
[[1;34mINFO[m] Checking for local modifications: skipped.
[[1;34mINFO[m] Updating project files from SCM: skipped.
[[1;34mINFO[m] Executing: /bin/sh -c cd /home/user/Workspace/reproducibility/Reproducibility-Scanner/benchmarks/bugs-dot-jar/accumulo/examples/simple && svn --non-interactive info
[[1;34mINFO[m] Working directory: /home/user/Workspace/reproducibility/Reproducibility-Scanner/benchmarks/bugs-dot-jar/accumulo/examples/simple
[[1;34mINFO[m] Storing buildNumber: null at timestamp: 1659678534535
[[1;34mINFO[m] Executing: /bin/sh -c cd /home/user/Workspace/reproducibility/Reproducibility-Scanner/benchmarks/bugs-dot-jar/accumulo/examples/simple && svn --non-interactive info
[[1;34mINFO[m] Working directory: /home/user/Workspace/reproducibility/Reproducibility-Scanner/benchmarks/bugs-dot-jar/accumulo/examples/simple
[[1;34mINFO[m] Storing buildScmBranch: UNKNOWN_BRANCH
[[1;34mINFO[m] 
[[1;34mINFO[m] [1m--- [0;32mmaven-enforcer-plugin:1.0.1:enforce[m [1m(enforce-mvn)[m @ [36mexamples-simple[0;1m ---[m
[[1;34mINFO[m] 
[[1;34mINFO[m] [1m--- [0;32mmaven-remote-resources-plugin:1.2.1:process[m [1m(default)[m @ [36mexamples-simple[0;1m ---[m
[[1;34mINFO[m] 
[[1;34mINFO[m] [1m--- [0;32mmaven-resources-plugin:2.5:resources[m [1m(default-resources)[m @ [36mexamples-simple[0;1m ---[m
[debug] execute contextualize
[[1;34mINFO[m] Using 'UTF-8' encoding to copy filtered resources.
[[1;34mINFO[m] skip non existing resourceDirectory /home/user/Workspace/reproducibility/Reproducibility-Scanner/benchmarks/bugs-dot-jar/accumulo/examples/simple/src/main/resources
[[1;34mINFO[m] Copying 3 resources
[[1;34mINFO[m] 
[[1;34mINFO[m] [1m--- [0;32mmaven-dependency-plugin:2.3:copy-dependencies[m [1m(copy-dependencies)[m @ [36mexamples-simple[0;1m ---[m
[[1;34mINFO[m] Copying log4j-1.2.16.jar to /home/user/Workspace/reproducibility/Reproducibility-Scanner/benchmarks/bugs-dot-jar/accumulo/examples/lib/log4j-1.2.16.jar
[[1;34mINFO[m] 
[[1;34mINFO[m] [1m--- [0;32mmaven-compiler-plugin:2.3.2:compile[m [1m(default-compile)[m @ [36mexamples-simple[0;1m ---[m
[[1;34mINFO[m] Compiling 40 source files to /home/user/Workspace/reproducibility/Reproducibility-Scanner/benchmarks/bugs-dot-jar/accumulo/examples/simple/target/classes
[[1;34mINFO[m] 
[[1;34mINFO[m] [1m--- [0;32mmaven-resources-plugin:2.5:testResources[m [1m(default-testResources)[m @ [36mexamples-simple[0;1m ---[m
[debug] execute contextualize
[[1;34mINFO[m] Using 'UTF-8' encoding to copy filtered resources.
[[1;34mINFO[m] skip non existing resourceDirectory /home/user/Workspace/reproducibility/Reproducibility-Scanner/benchmarks/bugs-dot-jar/accumulo/examples/simple/src/test/resources
[[1;34mINFO[m] Copying 3 resources
[[1;34mINFO[m] 
[[1;34mINFO[m] [1m--- [0;32mmaven-compiler-plugin:2.3.2:testCompile[m [1m(default-testCompile)[m @ [36mexamples-simple[0;1m ---[m
[[1;34mINFO[m] Compiling 5 source files to /home/user/Workspace/reproducibility/Reproducibility-Scanner/benchmarks/bugs-dot-jar/accumulo/examples/simple/target/test-classes
[[1;34mINFO[m] 
[[1;34mINFO[m] [1m--- [0;32mmaven-surefire-plugin:2.12:test[m [1m(default-test)[m @ [36mexamples-simple[0;1m ---[m
[[1;34mINFO[m] Tests are skipped.
[[1;34mINFO[m] 
[[1;34mINFO[m] [1m--- [0;32mmaven-jar-plugin:2.3.1:jar[m [1m(default-jar)[m @ [36mexamples-simple[0;1m ---[m
[[1;34mINFO[m] Building jar: /home/user/Workspace/reproducibility/Reproducibility-Scanner/benchmarks/bugs-dot-jar/accumulo/lib/examples-simple-1.5.0-SNAPSHOT.jar
[[1;34mINFO[m] 
[[1;34mINFO[m] [1m--- [0;32mmaven-site-plugin:3.0:attach-descriptor[m [1m(attach-descriptor)[m @ [36mexamples-simple[0;1m ---[m
[[1;34mINFO[m] 
[[1;34mINFO[m] [1m--- [0;32mmaven-install-plugin:2.3.1:install[m [1m(default-install)[m @ [36mexamples-simple[0;1m ---[m
[[1;34mINFO[m] Installing /home/user/Workspace/reproducibility/Reproducibility-Scanner/benchmarks/bugs-dot-jar/accumulo/lib/examples-simple-1.5.0-SNAPSHOT.jar to /home/user/.m2/repository/org/apache/accumulo/examples-simple/1.5.0-SNAPSHOT/examples-simple-1.5.0-SNAPSHOT.jar
[[1;34mINFO[m] Installing /home/user/Workspace/reproducibility/Reproducibility-Scanner/benchmarks/bugs-dot-jar/accumulo/examples/simple/pom.xml to /home/user/.m2/repository/org/apache/accumulo/examples-simple/1.5.0-SNAPSHOT/examples-simple-1.5.0-SNAPSHOT.pom
[[1;34mINFO[m] 
[[1;34mINFO[m] [1m--------------< [0;36morg.apache.accumulo:accumulo-wikisearch[0;1m >---------------[m
[[1;34mINFO[m] [1mBuilding accumulo-wikisearch 1.5.0-SNAPSHOT                       [8/12][m
[[1;34mINFO[m] [1m--------------------------------[ pom ]---------------------------------[m
[[1;34mINFO[m] 
[[1;34mINFO[m] [1m--- [0;32mbuildnumber-maven-plugin:1.1:create[m [1m(default)[m @ [36maccumulo-wikisearch[0;1m ---[m
[[1;34mINFO[m] Checking for local modifications: skipped.
[[1;34mINFO[m] Updating project files from SCM: skipped.
[[1;34mINFO[m] Executing: /bin/sh -c cd /home/user/Workspace/reproducibility/Reproducibility-Scanner/benchmarks/bugs-dot-jar/accumulo/examples/wikisearch && svn --non-interactive info
[[1;34mINFO[m] Working directory: /home/user/Workspace/reproducibility/Reproducibility-Scanner/benchmarks/bugs-dot-jar/accumulo/examples/wikisearch
[[1;34mINFO[m] Storing buildNumber: null at timestamp: 1659678536582
[[1;34mINFO[m] Executing: /bin/sh -c cd /home/user/Workspace/reproducibility/Reproducibility-Scanner/benchmarks/bugs-dot-jar/accumulo/examples/wikisearch && svn --non-interactive info
[[1;34mINFO[m] Working directory: /home/user/Workspace/reproducibility/Reproducibility-Scanner/benchmarks/bugs-dot-jar/accumulo/examples/wikisearch
[[1;34mINFO[m] Storing buildScmBranch: UNKNOWN_BRANCH
[[1;34mINFO[m] 
[[1;34mINFO[m] [1m--- [0;32mmaven-enforcer-plugin:1.0.1:enforce[m [1m(enforce-mvn)[m @ [36maccumulo-wikisearch[0;1m ---[m
[[1;34mINFO[m] 
[[1;34mINFO[m] [1m--- [0;32mmaven-remote-resources-plugin:1.2.1:process[m [1m(default)[m @ [36maccumulo-wikisearch[0;1m ---[m
[[1;34mINFO[m] 
[[1;34mINFO[m] [1m--- [0;32mmaven-dependency-plugin:2.3:copy-dependencies[m [1m(copy-dependencies)[m @ [36maccumulo-wikisearch[0;1m ---[m
[[1;34mINFO[m] 
[[1;34mINFO[m] [1m--- [0;32mmaven-site-plugin:3.0:attach-descriptor[m [1m(attach-descriptor)[m @ [36maccumulo-wikisearch[0;1m ---[m
[[1;34mINFO[m] 
[[1;34mINFO[m] [1m--- [0;32mmaven-install-plugin:2.3.1:install[m [1m(default-install)[m @ [36maccumulo-wikisearch[0;1m ---[m
[[1;34mINFO[m] Installing /home/user/Workspace/reproducibility/Reproducibility-Scanner/benchmarks/bugs-dot-jar/accumulo/examples/wikisearch/pom.xml to /home/user/.m2/repository/org/apache/accumulo/accumulo-wikisearch/1.5.0-SNAPSHOT/accumulo-wikisearch-1.5.0-SNAPSHOT.pom
[[1;34mINFO[m] 
[[1;34mINFO[m] [1m---------------< [0;36morg.apache.accumulo:wikisearch-ingest[0;1m >----------------[m
[[1;34mINFO[m] [1mBuilding wikisearch-ingest 1.5.0-SNAPSHOT                         [9/12][m
[[1;34mINFO[m] [1m--------------------------------[ jar ]---------------------------------[m
Downloading from centralhttps: http://insecure.repo1.maven.org/maven2/org/apache/lucene/lucene-core/3.0.2/lucene-core-3.0.2.pom
Progress (1): 1.4 kB                    Downloaded from centralhttps: http://insecure.repo1.maven.org/maven2/org/apache/lucene/lucene-core/3.0.2/lucene-core-3.0.2.pom (1.4 kB at 4.1 kB/s)
Downloading from centralhttps: http://insecure.repo1.maven.org/maven2/org/apache/lucene/lucene-parent/3.0.2/lucene-parent-3.0.2.pom
Progress (1): 3.1 kB                    Downloaded from centralhttps: http://insecure.repo1.maven.org/maven2/org/apache/lucene/lucene-parent/3.0.2/lucene-parent-3.0.2.pom (3.1 kB at 8.0 kB/s)
Downloading from centralhttps: http://insecure.repo1.maven.org/maven2/org/apache/lucene/lucene-wikipedia/3.0.2/lucene-wikipedia-3.0.2.pom
Progress (1): 1.7 kB                    Downloaded from centralhttps: http://insecure.repo1.maven.org/maven2/org/apache/lucene/lucene-wikipedia/3.0.2/lucene-wikipedia-3.0.2.pom (1.7 kB at 4.0 kB/s)
Downloading from centralhttps: http://insecure.repo1.maven.org/maven2/org/apache/lucene/lucene-contrib/3.0.2/lucene-contrib-3.0.2.pom
Progress (1): 1.9 kB                    Downloaded from centralhttps: http://insecure.repo1.maven.org/maven2/org/apache/lucene/lucene-contrib/3.0.2/lucene-contrib-3.0.2.pom (1.9 kB at 5.1 kB/s)
Downloading from centralhttps: http://insecure.repo1.maven.org/maven2/org/apache/lucene/lucene-benchmark/3.0.2/lucene-benchmark-3.0.2.pom
Progress (1): 2.5 kB                    Downloaded from centralhttps: http://insecure.repo1.maven.org/maven2/org/apache/lucene/lucene-benchmark/3.0.2/lucene-benchmark-3.0.2.pom (2.5 kB at 8.0 kB/s)
Downloading from centralhttps: http://insecure.repo1.maven.org/maven2/org/apache/lucene/lucene-demos/3.0.2/lucene-demos-3.0.2.pom
Progress (1): 1.6 kB                    Downloaded from centralhttps: http://insecure.repo1.maven.org/maven2/org/apache/lucene/lucene-demos/3.0.2/lucene-demos-3.0.2.pom (1.6 kB at 6.0 kB/s)
Downloading from centralhttps: http://insecure.repo1.maven.org/maven2/org/apache/lucene/lucene-highlighter/3.0.2/lucene-highlighter-3.0.2.pom
Progress (1): 1.7 kB                    Downloaded from centralhttps: http://insecure.repo1.maven.org/maven2/org/apache/lucene/lucene-highlighter/3.0.2/lucene-highlighter-3.0.2.pom (1.7 kB at 5.3 kB/s)
Downloading from centralhttps: http://insecure.repo1.maven.org/maven2/org/apache/lucene/lucene-memory/3.0.2/lucene-memory-3.0.2.pom
Progress (1): 1.5 kB                    Downloaded from centralhttps: http://insecure.repo1.maven.org/maven2/org/apache/lucene/lucene-memory/3.0.2/lucene-memory-3.0.2.pom (1.5 kB at 3.1 kB/s)
Downloading from centralhttps: http://insecure.repo1.maven.org/maven2/commons-digester/commons-digester/1.7/commons-digester-1.7.pom
Progress (1): 4.1/6.6 kBProgress (1): 6.6 kB                        Downloaded from centralhttps: http://insecure.repo1.maven.org/maven2/commons-digester/commons-digester/1.7/commons-digester-1.7.pom (6.6 kB at 274 kB/s)
Downloading from centralhttps: http://insecure.repo1.maven.org/maven2/org/apache/lucene/lucene-core/3.0.2/lucene-core-3.0.2.jar
Downloading from centralhttps: http://insecure.repo1.maven.org/maven2/org/apache/lucene/lucene-wikipedia/3.0.2/lucene-wikipedia-3.0.2.jar
Downloading from centralhttps: http://insecure.repo1.maven.org/maven2/org/apache/lucene/lucene-demos/3.0.2/lucene-demos-3.0.2.jar
Downloading from centralhttps: http://insecure.repo1.maven.org/maven2/org/apache/lucene/lucene-benchmark/3.0.2/lucene-benchmark-3.0.2.jar
Downloading from centralhttps: http://insecure.repo1.maven.org/maven2/org/apache/lucene/lucene-highlighter/3.0.2/lucene-highlighter-3.0.2.jar
Progress (1): 4.1/18 kBProgress (1): 7.7/18 kBProgress (1): 12/18 kB Progress (1): 16/18 kBProgress (1): 18 kB   Progress (2): 18 kB | 4.1/57 kBProgress (2): 18 kB | 7.7/57 kBProgress (2): 18 kB | 12/57 kB Progress (2): 18 kB | 16/57 kBProgress (2): 18 kB | 20/57 kBProgress (2): 18 kB | 24/57 kBProgress (2): 18 kB | 28/57 kBProgress (2): 18 kB | 32/57 kBProgress (2): 18 kB | 36/57 kBProgress (2): 18 kB | 40/57 kBProgress (2): 18 kB | 44/57 kBProgress (2): 18 kB | 48/57 kBProgress (2): 18 kB | 52/57 kBProgress (2): 18 kB | 57/57 kBProgress (2): 18 kB | 57 kB   Progress (3): 18 kB | 57 kB | 4.1/47 kBProgress (3): 18 kB | 57 kB | 7.7/47 kBProgress (3): 18 kB | 57 kB | 12/47 kB Progress (3): 18 kB | 57 kB | 16/47 kBProgress (3): 18 kB | 57 kB | 20/47 kBProgress (3): 18 kB | 57 kB | 24/47 kBProgress (3): 18 kB | 57 kB | 28/47 kBProgress (3): 18 kB | 57 kB | 32/47 kBProgress (3): 18 kB | 57 kB | 36/47 kBProgress (3): 18 kB | 57 kB | 40/47 kBProgress (3): 18 kB | 57 kB | 45/47 kBProgress (3): 18 kB | 57 kB | 47 kB   Progress (4): 18 kB | 57 kB | 47 kB | 4.1/209 kBProgress (4): 18 kB | 57 kB | 47 kB | 7.7/209 kBProgress (4): 18 kB | 57 kB | 47 kB | 12/209 kB Progress (4): 18 kB | 57 kB | 47 kB | 16/209 kBProgress (4): 18 kB | 57 kB | 47 kB | 20/209 kBProgress (4): 18 kB | 57 kB | 47 kB | 24/209 kBProgress (4): 18 kB | 57 kB | 47 kB | 28/209 kBProgress (4): 18 kB | 57 kB | 47 kB | 32/209 kBProgress (4): 18 kB | 57 kB | 47 kB | 36/209 kBProgress (4): 18 kB | 57 kB | 47 kB | 40/209 kBProgress (4): 18 kB | 57 kB | 47 kB | 44/209 kB                                               Downloaded from centralhttps: http://insecure.repo1.maven.org/maven2/org/apache/lucene/lucene-wikipedia/3.0.2/lucene-wikipedia-3.0.2.jar (18 kB at 32 kB/s)
Downloading from centralhttps: http://insecure.repo1.maven.org/maven2/org/apache/lucene/lucene-memory/3.0.2/lucene-memory-3.0.2.jar
Progress (3): 57 kB | 47 kB | 48/209 kBProgress (3): 57 kB | 47 kB | 52/209 kBProgress (3): 57 kB | 47 kB | 57/209 kBProgress (3): 57 kB | 47 kB | 61/209 kBProgress (3): 57 kB | 47 kB | 65/209 kBProgress (3): 57 kB | 47 kB | 69/209 kBProgress (3): 57 kB | 47 kB | 73/209 kBProgress (3): 57 kB | 47 kB | 77/209 kBProgress (3): 57 kB | 47 kB | 80/209 kB                                       Downloaded from centralhttps: http://insecure.repo1.maven.org/maven2/org/apache/lucene/lucene-highlighter/3.0.2/lucene-highlighter-3.0.2.jar (47 kB at 71 kB/s)
Downloaded from centralhttps: http://insecure.repo1.maven.org/maven2/org/apache/lucene/lucene-demos/3.0.2/lucene-demos-3.0.2.jar (57 kB at 86 kB/s)
Progress (1): 84/209 kBProgress (1): 88/209 kBProgress (1): 92/209 kBProgress (1): 96/209 kBProgress (1): 100/209 kBProgress (1): 104/209 kBProgress (1): 109/209 kBProgress (1): 113/209 kBProgress (1): 117/209 kBProgress (1): 121/209 kBProgress (1): 125/209 kBProgress (1): 129/209 kBProgress (1): 133/209 kBProgress (1): 137/209 kBProgress (1): 141/209 kBProgress (1): 145/209 kBProgress (1): 149/209 kBProgress (1): 153/209 kBProgress (2): 153/209 kB | 0/1.0 MBProgress (2): 153/209 kB | 0/1.0 MBProgress (2): 153/209 kB | 0/1.0 MBProgress (2): 153/209 kB | 0/1.0 MBProgress (2): 153/209 kB | 0/1.0 MBProgress (2): 157/209 kB | 0/1.0 MBProgress (2): 161/209 kB | 0/1.0 MBProgress (2): 165/209 kB | 0/1.0 MBProgress (2): 169/209 kB | 0/1.0 MBProgress (2): 173/209 kB | 0/1.0 MBProgress (2): 177/209 kB | 0/1.0 MBProgress (2): 181/209 kB | 0/1.0 MBProgress (2): 185/209 kB | 0/1.0 MBProgress (2): 189/209 kB | 0/1.0 MBProgress (2): 194/209 kB | 0/1.0 MBProgress (2): 198/209 kB | 0/1.0 MBProgress (2): 202/209 kB | 0/1.0 MBProgress (2): 206/209 kB | 0/1.0 MBProgress (2): 209 kB | 0/1.0 MB    Progress (3): 209 kB | 0/1.0 MB | 4.1/28 kBProgress (3): 209 kB | 0/1.0 MB | 6.7/28 kBProgress (3): 209 kB | 0/1.0 MB | 11/28 kB Progress (3): 209 kB | 0/1.0 MB | 15/28 kBProgress (3): 209 kB | 0/1.0 MB | 19/28 kBProgress (3): 209 kB | 0/1.0 MB | 23/28 kBProgress (3): 209 kB | 0/1.0 MB | 27/28 kBProgress (3): 209 kB | 0/1.0 MB | 28 kB   Progress (3): 209 kB | 0/1.0 MB | 28 kBProgress (3): 209 kB | 0.1/1.0 MB | 28 kBProgress (3): 209 kB | 0.1/1.0 MB | 28 kBProgress (3): 209 kB | 0.1/1.0 MB | 28 kBProgress (3): 209 kB | 0.1/1.0 MB | 28 kBProgress (3): 209 kB | 0.1/1.0 MB | 28 kBProgress (3): 209 kB | 0.1/1.0 MB | 28 kBProgress (3): 209 kB | 0.1/1.0 MB | 28 kBProgress (3): 209 kB | 0.1/1.0 MB | 28 kBProgress (3): 209 kB | 0.1/1.0 MB | 28 kB                                         Downloaded from centralhttps: http://insecure.repo1.maven.org/maven2/org/apache/lucene/lucene-benchmark/3.0.2/lucene-benchmark-3.0.2.jar (209 kB at 219 kB/s)
Downloaded from centralhttps: http://insecure.repo1.maven.org/maven2/org/apache/lucene/lucene-memory/3.0.2/lucene-memory-3.0.2.jar (28 kB at 27 kB/s)
Progress (1): 0.1/1.0 MBProgress (1): 0.1/1.0 MBProgress (1): 0.1/1.0 MBProgress (1): 0.2/1.0 MBProgress (1): 0.2/1.0 MBProgress (1): 0.2/1.0 MBProgress (1): 0.2/1.0 MBProgress (1): 0.2/1.0 MBProgress (1): 0.2/1.0 MBProgress (1): 0.2/1.0 MBProgress (1): 0.2/1.0 MBProgress (1): 0.2/1.0 MBProgress (1): 0.2/1.0 MBProgress (1): 0.2/1.0 MBProgress (1): 0.2/1.0 MBProgress (1): 0.3/1.0 MBProgress (1): 0.3/1.0 MBProgress (1): 0.3/1.0 MBProgress (1): 0.3/1.0 MBProgress (1): 0.3/1.0 MBProgress (1): 0.3/1.0 MBProgress (1): 0.3/1.0 MBProgress (1): 0.3/1.0 MBProgress (1): 0.3/1.0 MBProgress (1): 0.3/1.0 MBProgress (1): 0.3/1.0 MBProgress (1): 0.3/1.0 MBProgress (1): 0.3/1.0 MBProgress (1): 0.4/1.0 MBProgress (1): 0.4/1.0 MBProgress (1): 0.4/1.0 MBProgress (1): 0.4/1.0 MBProgress (1): 0.4/1.0 MBProgress (1): 0.4/1.0 MBProgress (1): 0.4/1.0 MBProgress (1): 0.4/1.0 MBProgress (1): 0.4/1.0 MBProgress (1): 0.4/1.0 MBProgress (1): 0.4/1.0 MBProgress (1): 0.4/1.0 MBProgress (1): 0.5/1.0 MBProgress (1): 0.5/1.0 MBProgress (1): 0.5/1.0 MBProgress (1): 0.5/1.0 MBProgress (1): 0.5/1.0 MBProgress (1): 0.5/1.0 MBProgress (1): 0.5/1.0 MBProgress (1): 0.5/1.0 MBProgress (1): 0.5/1.0 MBProgress (1): 0.5/1.0 MBProgress (1): 0.5/1.0 MBProgress (1): 0.5/1.0 MBProgress (1): 0.6/1.0 MBProgress (1): 0.6/1.0 MBProgress (1): 0.6/1.0 MBProgress (1): 0.6/1.0 MBProgress (1): 0.6/1.0 MBProgress (1): 0.6/1.0 MBProgress (1): 0.6/1.0 MBProgress (1): 0.6/1.0 MBProgress (1): 0.6/1.0 MBProgress (1): 0.6/1.0 MBProgress (1): 0.6/1.0 MBProgress (1): 0.6/1.0 MBProgress (1): 0.6/1.0 MBProgress (1): 0.7/1.0 MBProgress (1): 0.7/1.0 MBProgress (1): 0.7/1.0 MBProgress (1): 0.7/1.0 MBProgress (1): 0.7/1.0 MBProgress (1): 0.7/1.0 MBProgress (1): 0.7/1.0 MBProgress (1): 0.7/1.0 MBProgress (1): 0.7/1.0 MBProgress (1): 0.7/1.0 MBProgress (1): 0.7/1.0 MBProgress (1): 0.7/1.0 MBProgress (1): 0.8/1.0 MBProgress (1): 0.8/1.0 MBProgress (1): 0.8/1.0 MBProgress (1): 0.8/1.0 MBProgress (1): 0.8/1.0 MBProgress (1): 0.8/1.0 MBProgress (1): 0.8/1.0 MBProgress (1): 0.8/1.0 MBProgress (1): 0.8/1.0 MBProgress (1): 0.8/1.0 MBProgress (1): 0.8/1.0 MBProgress (1): 0.8/1.0 MBProgress (1): 0.8/1.0 MBProgress (1): 0.9/1.0 MBProgress (1): 0.9/1.0 MBProgress (1): 0.9/1.0 MBProgress (1): 0.9/1.0 MBProgress (1): 0.9/1.0 MBProgress (1): 0.9/1.0 MBProgress (1): 0.9/1.0 MBProgress (1): 0.9/1.0 MBProgress (1): 0.9/1.0 MBProgress (1): 0.9/1.0 MBProgress (1): 0.9/1.0 MBProgress (1): 0.9/1.0 MBProgress (1): 1.0/1.0 MBProgress (1): 1.0/1.0 MBProgress (1): 1.0/1.0 MBProgress (1): 1.0/1.0 MBProgress (1): 1.0/1.0 MBProgress (1): 1.0/1.0 MBProgress (1): 1.0/1.0 MBProgress (1): 1.0/1.0 MBProgress (1): 1.0/1.0 MBProgress (1): 1.0/1.0 MBProgress (1): 1.0/1.0 MBProgress (1): 1.0 MB                        Downloaded from centralhttps: http://insecure.repo1.maven.org/maven2/org/apache/lucene/lucene-core/3.0.2/lucene-core-3.0.2.jar (1.0 MB at 417 kB/s)
[[1;34mINFO[m] 
[[1;34mINFO[m] [1m--- [0;32mbuildnumber-maven-plugin:1.1:create[m [1m(default)[m @ [36mwikisearch-ingest[0;1m ---[m
[[1;34mINFO[m] Checking for local modifications: skipped.
[[1;34mINFO[m] Updating project files from SCM: skipped.
[[1;34mINFO[m] Executing: /bin/sh -c cd /home/user/Workspace/reproducibility/Reproducibility-Scanner/benchmarks/bugs-dot-jar/accumulo/examples/wikisearch/ingest && svn --non-interactive info
[[1;34mINFO[m] Working directory: /home/user/Workspace/reproducibility/Reproducibility-Scanner/benchmarks/bugs-dot-jar/accumulo/examples/wikisearch/ingest
[[1;34mINFO[m] Storing buildNumber: null at timestamp: 1659678542113
[[1;34mINFO[m] Executing: /bin/sh -c cd /home/user/Workspace/reproducibility/Reproducibility-Scanner/benchmarks/bugs-dot-jar/accumulo/examples/wikisearch/ingest && svn --non-interactive info
[[1;34mINFO[m] Working directory: /home/user/Workspace/reproducibility/Reproducibility-Scanner/benchmarks/bugs-dot-jar/accumulo/examples/wikisearch/ingest
[[1;34mINFO[m] Storing buildScmBranch: UNKNOWN_BRANCH
[[1;34mINFO[m] 
[[1;34mINFO[m] [1m--- [0;32mmaven-enforcer-plugin:1.0.1:enforce[m [1m(enforce-mvn)[m @ [36mwikisearch-ingest[0;1m ---[m
[[1;34mINFO[m] 
[[1;34mINFO[m] [1m--- [0;32mmaven-remote-resources-plugin:1.2.1:process[m [1m(default)[m @ [36mwikisearch-ingest[0;1m ---[m
[[1;34mINFO[m] 
[[1;34mINFO[m] [1m--- [0;32mmaven-resources-plugin:2.5:resources[m [1m(default-resources)[m @ [36mwikisearch-ingest[0;1m ---[m
[debug] execute contextualize
[[1;34mINFO[m] Using 'UTF-8' encoding to copy filtered resources.
[[1;34mINFO[m] skip non existing resourceDirectory /home/user/Workspace/reproducibility/Reproducibility-Scanner/benchmarks/bugs-dot-jar/accumulo/examples/wikisearch/ingest/src/main/resources
[[1;34mINFO[m] Copying 3 resources
[[1;34mINFO[m] 
[[1;34mINFO[m] [1m--- [0;32mmaven-dependency-plugin:2.3:copy-dependencies[m [1m(copy-dependencies)[m @ [36mwikisearch-ingest[0;1m ---[m
[[1;34mINFO[m] Copying google-collections-1.0.jar to /home/user/Workspace/reproducibility/Reproducibility-Scanner/benchmarks/bugs-dot-jar/accumulo/examples/wikisearch/ingest/lib/google-collections-1.0.jar
[[1;34mINFO[m] Copying protobuf-java-2.3.0.jar to /home/user/Workspace/reproducibility/Reproducibility-Scanner/benchmarks/bugs-dot-jar/accumulo/examples/wikisearch/ingest/lib/protobuf-java-2.3.0.jar
[[1;34mINFO[m] Copying libthrift-0.6.1.jar to /home/user/Workspace/reproducibility/Reproducibility-Scanner/benchmarks/bugs-dot-jar/accumulo/examples/wikisearch/ingest/lib/libthrift-0.6.1.jar
[[1;34mINFO[m] Copying lucene-wikipedia-3.0.2.jar to /home/user/Workspace/reproducibility/Reproducibility-Scanner/benchmarks/bugs-dot-jar/accumulo/examples/wikisearch/ingest/lib/lucene-wikipedia-3.0.2.jar
[[1;34mINFO[m] Copying accumulo-core-1.5.0-SNAPSHOT.jar to /home/user/Workspace/reproducibility/Reproducibility-Scanner/benchmarks/bugs-dot-jar/accumulo/examples/wikisearch/ingest/lib/accumulo-core-1.5.0-SNAPSHOT.jar
[[1;34mINFO[m] Copying hadoop-core-0.20.205.0.jar to /home/user/Workspace/reproducibility/Reproducibility-Scanner/benchmarks/bugs-dot-jar/accumulo/examples/wikisearch/ingest/lib/hadoop-core-0.20.205.0.jar
[[1;34mINFO[m] Copying commons-codec-1.5.jar to /home/user/Workspace/reproducibility/Reproducibility-Scanner/benchmarks/bugs-dot-jar/accumulo/examples/wikisearch/ingest/lib/commons-codec-1.5.jar
[[1;34mINFO[m] Copying lucene-core-3.0.2.jar to /home/user/Workspace/reproducibility/Reproducibility-Scanner/benchmarks/bugs-dot-jar/accumulo/examples/wikisearch/ingest/lib/lucene-core-3.0.2.jar
[[1;34mINFO[m] Copying cloudtrace-1.5.0-SNAPSHOT.jar to /home/user/Workspace/reproducibility/Reproducibility-Scanner/benchmarks/bugs-dot-jar/accumulo/examples/wikisearch/ingest/lib/cloudtrace-1.5.0-SNAPSHOT.jar
[[1;34mINFO[m] Copying commons-lang-2.4.jar to /home/user/Workspace/reproducibility/Reproducibility-Scanner/benchmarks/bugs-dot-jar/accumulo/examples/wikisearch/ingest/lib/commons-lang-2.4.jar
[[1;34mINFO[m] 
[[1;34mINFO[m] [1m--- [0;32mmaven-compiler-plugin:2.3.2:compile[m [1m(default-compile)[m @ [36mwikisearch-ingest[0;1m ---[m
[[1;34mINFO[m] Compiling 23 source files to /home/user/Workspace/reproducibility/Reproducibility-Scanner/benchmarks/bugs-dot-jar/accumulo/examples/wikisearch/ingest/target/classes
[[1;34mINFO[m] 
[[1;34mINFO[m] [1m--- [0;32mmaven-resources-plugin:2.5:testResources[m [1m(default-testResources)[m @ [36mwikisearch-ingest[0;1m ---[m
[debug] execute contextualize
[[1;34mINFO[m] Using 'UTF-8' encoding to copy filtered resources.
[[1;34mINFO[m] Copying 1 resource
[[1;34mINFO[m] Copying 3 resources
[[1;34mINFO[m] 
[[1;34mINFO[m] [1m--- [0;32mmaven-compiler-plugin:2.3.2:testCompile[m [1m(default-testCompile)[m @ [36mwikisearch-ingest[0;1m ---[m
[[1;34mINFO[m] Compiling 5 source files to /home/user/Workspace/reproducibility/Reproducibility-Scanner/benchmarks/bugs-dot-jar/accumulo/examples/wikisearch/ingest/target/test-classes
[[1;34mINFO[m] 
[[1;34mINFO[m] [1m--- [0;32mmaven-surefire-plugin:2.12:test[m [1m(default-test)[m @ [36mwikisearch-ingest[0;1m ---[m
[[1;34mINFO[m] Tests are skipped.
[[1;34mINFO[m] 
[[1;34mINFO[m] [1m--- [0;32mmaven-jar-plugin:2.3.1:jar[m [1m(default-jar)[m @ [36mwikisearch-ingest[0;1m ---[m
[[1;34mINFO[m] Building jar: /home/user/Workspace/reproducibility/Reproducibility-Scanner/benchmarks/bugs-dot-jar/accumulo/examples/wikisearch/ingest/lib/wikisearch-ingest-1.5.0-SNAPSHOT.jar
[[1;34mINFO[m] 
[[1;34mINFO[m] [1m--- [0;32mmaven-site-plugin:3.0:attach-descriptor[m [1m(attach-descriptor)[m @ [36mwikisearch-ingest[0;1m ---[m
[[1;34mINFO[m] 
[[1;34mINFO[m] [1m--- [0;32mmaven-install-plugin:2.3.1:install[m [1m(default-install)[m @ [36mwikisearch-ingest[0;1m ---[m
[[1;34mINFO[m] Installing /home/user/Workspace/reproducibility/Reproducibility-Scanner/benchmarks/bugs-dot-jar/accumulo/examples/wikisearch/ingest/lib/wikisearch-ingest-1.5.0-SNAPSHOT.jar to /home/user/.m2/repository/org/apache/accumulo/wikisearch-ingest/1.5.0-SNAPSHOT/wikisearch-ingest-1.5.0-SNAPSHOT.jar
[[1;34mINFO[m] Installing /home/user/Workspace/reproducibility/Reproducibility-Scanner/benchmarks/bugs-dot-jar/accumulo/examples/wikisearch/ingest/pom.xml to /home/user/.m2/repository/org/apache/accumulo/wikisearch-ingest/1.5.0-SNAPSHOT/wikisearch-ingest-1.5.0-SNAPSHOT.pom
[[1;34mINFO[m] 
[[1;34mINFO[m] [1m----------------< [0;36morg.apache.accumulo:wikisearch-query[0;1m >----------------[m
[[1;34mINFO[m] [1mBuilding wikisearch-query 1.5.0-SNAPSHOT                         [10/12][m
[[1;34mINFO[m] [1m--------------------------------[ ejb ]---------------------------------[m
Downloading from centralhttps: http://insecure.repo1.maven.org/maven2/org/apache/maven/plugins/maven-ejb-plugin/2.1/maven-ejb-plugin-2.1.pom
Downloaded from centralhttps: http://insecure.repo1.maven.org/maven2/org/apache/maven/plugins/maven-ejb-plugin/2.1/maven-ejb-plugin-2.1.pom (0 B at 0 B/s)
Downloading from centralhttps: http://insecure.repo1.maven.org/maven2/org/apache/maven/plugins/maven-plugins/8/maven-plugins-8.pom
Downloaded from centralhttps: http://insecure.repo1.maven.org/maven2/org/apache/maven/plugins/maven-plugins/8/maven-plugins-8.pom (0 B at 0 B/s)
Downloading from centralhttps: http://insecure.repo1.maven.org/maven2/org/apache/maven/plugins/maven-ejb-plugin/2.1/maven-ejb-plugin-2.1.jar
Downloaded from centralhttps: http://insecure.repo1.maven.org/maven2/org/apache/maven/plugins/maven-ejb-plugin/2.1/maven-ejb-plugin-2.1.jar (0 B at 0 B/s)
Downloading from centralhttps: http://insecure.repo1.maven.org/maven2/javaee/javaee-api/5/javaee-api-5.pom
Progress (1): 3.4 kB                    Downloaded from centralhttps: http://insecure.repo1.maven.org/maven2/javaee/javaee-api/5/javaee-api-5.pom (3.4 kB at 7.9 kB/s)
Downloading from centralhttps: http://insecure.repo1.maven.org/maven2/org/apache/commons/commons-jexl/2.0.1/commons-jexl-2.0.1.pom
Progress (1): 4.1/13 kBProgress (1): 7.7/13 kBProgress (1): 12/13 kB Progress (1): 13 kB                      Downloaded from centralhttps: http://insecure.repo1.maven.org/maven2/org/apache/commons/commons-jexl/2.0.1/commons-jexl-2.0.1.pom (13 kB at 25 kB/s)
Downloading from centralhttps: http://insecure.repo1.maven.org/maven2/com/googlecode/kryo/1.04/kryo-1.04.pom
Progress (1): 2.4 kB                    Downloaded from centralhttps: http://insecure.repo1.maven.org/maven2/com/googlecode/kryo/1.04/kryo-1.04.pom (2.4 kB at 4.5 kB/s)
Downloading from centralhttps: http://insecure.repo1.maven.org/maven2/com/googlecode/reflectasm/1.01/reflectasm-1.01.pom
Progress (1): 2.0 kB                    Downloaded from centralhttps: http://insecure.repo1.maven.org/maven2/com/googlecode/reflectasm/1.01/reflectasm-1.01.pom (2.0 kB at 4.8 kB/s)
Downloading from centralhttps: http://insecure.repo1.maven.org/maven2/com/googlecode/minlog/1.2/minlog-1.2.pom
Progress (1): 1.5 kB                    Downloaded from centralhttps: http://insecure.repo1.maven.org/maven2/com/googlecode/minlog/1.2/minlog-1.2.pom (1.5 kB at 3.9 kB/s)
Downloading from centralhttps: http://insecure.repo1.maven.org/maven2/com/sun/jersey/jersey-core/1.11/jersey-core-1.11.pom
Downloaded from centralhttps: http://insecure.repo1.maven.org/maven2/com/sun/jersey/jersey-core/1.11/jersey-core-1.11.pom (0 B at 0 B/s)
Downloading from centralhttps: http://insecure.repo1.maven.org/maven2/com/sun/jersey/jersey-project/1.11/jersey-project-1.11.pom
Downloaded from centralhttps: http://insecure.repo1.maven.org/maven2/com/sun/jersey/jersey-project/1.11/jersey-project-1.11.pom (0 B at 0 B/s)
Downloading from centralhttps: http://insecure.repo1.maven.org/maven2/javaee/javaee-api/5/javaee-api-5.jar
Downloading from centralhttps: http://insecure.repo1.maven.org/maven2/org/apache/commons/commons-jexl/2.0.1/commons-jexl-2.0.1.jar
Downloading from centralhttps: http://insecure.repo1.maven.org/maven2/com/googlecode/reflectasm/1.01/reflectasm-1.01.jar
Downloading from centralhttps: http://insecure.repo1.maven.org/maven2/com/googlecode/kryo/1.04/kryo-1.04.jar
Downloading from centralhttps: http://insecure.repo1.maven.org/maven2/com/googlecode/minlog/1.2/minlog-1.2.jar
Progress (1): 4.1/4.9 kBProgress (1): 4.9 kB    Progress (2): 4.9 kB | 4.1/12 kBProgress (2): 4.9 kB | 7.7/12 kBProgress (2): 4.9 kB | 12 kB                                Downloaded from centralhttps: http://insecure.repo1.maven.org/maven2/com/googlecode/minlog/1.2/minlog-1.2.jar (4.9 kB at 12 kB/s)
Downloading from centralhttps: http://insecure.repo1.maven.org/maven2/com/sun/jersey/jersey-core/1.11/jersey-core-1.11.jar
Progress (2): 12 kB | 4.1/95 kBProgress (2): 12 kB | 7.7/95 kBProgress (2): 12 kB | 12/95 kB Progress (2): 12 kB | 16/95 kBProgress (2): 12 kB | 20/95 kBProgress (2): 12 kB | 24/95 kBProgress (2): 12 kB | 28/95 kBProgress (2): 12 kB | 32/95 kBProgress (2): 12 kB | 36/95 kBProgress (2): 12 kB | 40/95 kBProgress (2): 12 kB | 45/95 kBProgress (2): 12 kB | 49/95 kBProgress (2): 12 kB | 53/95 kBProgress (2): 12 kB | 57/95 kBProgress (2): 12 kB | 61/95 kBProgress (2): 12 kB | 65/95 kBProgress (2): 12 kB | 69/95 kBProgress (2): 12 kB | 73/95 kBProgress (2): 12 kB | 77/95 kBProgress (2): 12 kB | 81/95 kBProgress (2): 12 kB | 86/95 kBProgress (2): 12 kB | 90/95 kBProgress (2): 12 kB | 94/95 kBProgress (2): 12 kB | 95 kB                              Downloaded from centralhttps: http://insecure.repo1.maven.org/maven2/com/googlecode/reflectasm/1.01/reflectasm-1.01.jar (12 kB at 20 kB/s)
Progress (2): 95 kB | 4.1/215 kBProgress (2): 95 kB | 7.7/215 kBProgress (2): 95 kB | 12/215 kB Progress (2): 95 kB | 16/215 kBProgress (2): 95 kB | 20/215 kBProgress (2): 95 kB | 24/215 kBProgress (2): 95 kB | 28/215 kBProgress (2): 95 kB | 32/215 kBProgress (2): 95 kB | 36/215 kBProgress (2): 95 kB | 40/215 kBProgress (2): 95 kB | 45/215 kBProgress (2): 95 kB | 49/215 kBProgress (2): 95 kB | 53/215 kBProgress (2): 95 kB | 57/215 kBProgress (2): 95 kB | 61/215 kBProgress (3): 95 kB | 61/215 kB | 4.1/672 kBProgress (3): 95 kB | 61/215 kB | 7.7/672 kBProgress (3): 95 kB | 61/215 kB | 12/672 kB Progress (3): 95 kB | 61/215 kB | 16/672 kBProgress (3): 95 kB | 61/215 kB | 20/672 kBProgress (3): 95 kB | 61/215 kB | 24/672 kBProgress (3): 95 kB | 61/215 kB | 28/672 kBProgress (3): 95 kB | 61/215 kB | 32/672 kBProgress (3): 95 kB | 61/215 kB | 36/672 kBProgress (3): 95 kB | 61/215 kB | 40/672 kBProgress (3): 95 kB | 61/215 kB | 45/672 kBProgress (3): 95 kB | 61/215 kB | 49/672 kBProgress (3): 95 kB | 61/215 kB | 53/672 kBProgress (3): 95 kB | 61/215 kB | 57/672 kBProgress (3): 95 kB | 61/215 kB | 61/672 kBProgress (3): 95 kB | 61/215 kB | 65/672 kBProgress (3): 95 kB | 61/215 kB | 69/672 kBProgress (3): 95 kB | 61/215 kB | 73/672 kBProgress (3): 95 kB | 61/215 kB | 77/672 kBProgress (3): 95 kB | 61/215 kB | 81/672 kBProgress (3): 95 kB | 61/215 kB | 86/672 kBProgress (3): 95 kB | 61/215 kB | 90/672 kBProgress (3): 95 kB | 61/215 kB | 94/672 kBProgress (3): 95 kB | 61/215 kB | 98/672 kBProgress (3): 95 kB | 61/215 kB | 102/672 kBProgress (3): 95 kB | 61/215 kB | 106/672 kBProgress (3): 95 kB | 61/215 kB | 110/672 kBProgress (3): 95 kB | 61/215 kB | 114/672 kBProgress (3): 95 kB | 61/215 kB | 118/672 kBProgress (3): 95 kB | 61/215 kB | 122/672 kBProgress (3): 95 kB | 61/215 kB | 126/672 kBProgress (3): 95 kB | 61/215 kB | 131/672 kBProgress (3): 95 kB | 61/215 kB | 135/672 kBProgress (3): 95 kB | 61/215 kB | 139/672 kBProgress (3): 95 kB | 61/215 kB | 143/672 kBProgress (3): 95 kB | 61/215 kB | 147/672 kBProgress (3): 95 kB | 61/215 kB | 151/672 kBProgress (3): 95 kB | 61/215 kB | 155/672 kBProgress (3): 95 kB | 61/215 kB | 159/672 kBProgress (3): 95 kB | 61/215 kB | 163/672 kBProgress (3): 95 kB | 61/215 kB | 167/672 kBProgress (3): 95 kB | 61/215 kB | 172/672 kBProgress (3): 95 kB | 61/215 kB | 176/672 kBProgress (3): 95 kB | 61/215 kB | 180/672 kBProgress (3): 95 kB | 61/215 kB | 184/672 kBProgress (3): 95 kB | 61/215 kB | 188/672 kBProgress (3): 95 kB | 61/215 kB | 192/672 kBProgress (3): 95 kB | 61/215 kB | 196/672 kBProgress (3): 95 kB | 61/215 kB | 200/672 kBProgress (3): 95 kB | 61/215 kB | 204/672 kBProgress (3): 95 kB | 61/215 kB | 208/672 kBProgress (3): 95 kB | 61/215 kB | 212/672 kBProgress (3): 95 kB | 61/215 kB | 217/672 kBProgress (3): 95 kB | 61/215 kB | 221/672 kBProgress (3): 95 kB | 61/215 kB | 225/672 kBProgress (3): 95 kB | 61/215 kB | 229/672 kBProgress (3): 95 kB | 61/215 kB | 233/672 kBProgress (3): 95 kB | 61/215 kB | 237/672 kBProgress (3): 95 kB | 61/215 kB | 241/672 kBProgress (3): 95 kB | 61/215 kB | 245/672 kBProgress (3): 95 kB | 61/215 kB | 249/672 kBProgress (3): 95 kB | 61/215 kB | 253/672 kBProgress (3): 95 kB | 61/215 kB | 258/672 kBProgress (3): 95 kB | 61/215 kB | 262/672 kBProgress (3): 95 kB | 61/215 kB | 266/672 kBProgress (3): 95 kB | 61/215 kB | 270/672 kBProgress (3): 95 kB | 61/215 kB | 274/672 kBProgress (3): 95 kB | 61/215 kB | 278/672 kBProgress (3): 95 kB | 61/215 kB | 282/672 kBProgress (3): 95 kB | 61/215 kB | 286/672 kBProgress (3): 95 kB | 61/215 kB | 290/672 kBProgress (3): 95 kB | 61/215 kB | 294/672 kBProgress (3): 95 kB | 61/215 kB | 299/672 kBProgress (3): 95 kB | 61/215 kB | 303/672 kBProgress (3): 95 kB | 61/215 kB | 307/672 kBProgress (3): 95 kB | 61/215 kB | 311/672 kBProgress (3): 95 kB | 61/215 kB | 315/672 kBProgress (3): 95 kB | 61/215 kB | 319/672 kBProgress (3): 95 kB | 61/215 kB | 323/672 kBProgress (3): 95 kB | 61/215 kB | 327/672 kBProgress (3): 95 kB | 61/215 kB | 331/672 kBProgress (3): 95 kB | 61/215 kB | 335/672 kBProgress (3): 95 kB | 61/215 kB | 339/672 kBProgress (3): 95 kB | 61/215 kB | 344/672 kBProgress (3): 95 kB | 61/215 kB | 348/672 kBProgress (3): 95 kB | 61/215 kB | 352/672 kBProgress (3): 95 kB | 61/215 kB | 356/672 kBProgress (3): 95 kB | 61/215 kB | 360/672 kBProgress (3): 95 kB | 61/215 kB | 364/672 kBProgress (3): 95 kB | 61/215 kB | 368/672 kBProgress (3): 95 kB | 61/215 kB | 372/672 kBProgress (3): 95 kB | 61/215 kB | 376/672 kBProgress (3): 95 kB | 61/215 kB | 380/672 kBProgress (3): 95 kB | 61/215 kB | 385/672 kBProgress (3): 95 kB | 61/215 kB | 389/672 kBProgress (3): 95 kB | 61/215 kB | 393/672 kBProgress (3): 95 kB | 61/215 kB | 397/672 kBProgress (3): 95 kB | 61/215 kB | 401/672 kBProgress (3): 95 kB | 61/215 kB | 405/672 kBProgress (3): 95 kB | 61/215 kB | 409/672 kBProgress (3): 95 kB | 61/215 kB | 413/672 kBProgress (3): 95 kB | 61/215 kB | 417/672 kBProgress (3): 95 kB | 61/215 kB | 421/672 kBProgress (3): 95 kB | 61/215 kB | 425/672 kBProgress (3): 95 kB | 61/215 kB | 430/672 kBProgress (3): 95 kB | 61/215 kB | 434/672 kBProgress (3): 95 kB | 61/215 kB | 438/672 kBProgress (3): 95 kB | 61/215 kB | 442/672 kBProgress (3): 95 kB | 61/215 kB | 446/672 kBProgress (3): 95 kB | 61/215 kB | 450/672 kBProgress (3): 95 kB | 61/215 kB | 454/672 kBProgress (3): 95 kB | 61/215 kB | 458/672 kBProgress (3): 95 kB | 61/215 kB | 462/672 kBProgress (3): 95 kB | 61/215 kB | 466/672 kBProgress (3): 95 kB | 61/215 kB | 471/672 kBProgress (3): 95 kB | 61/215 kB | 475/672 kBProgress (3): 95 kB | 61/215 kB | 479/672 kBProgress (3): 95 kB | 61/215 kB | 483/672 kBProgress (3): 95 kB | 61/215 kB | 487/672 kBProgress (3): 95 kB | 61/215 kB | 491/672 kBProgress (3): 95 kB | 61/215 kB | 495/672 kBProgress (3): 95 kB | 61/215 kB | 499/672 kBProgress (3): 95 kB | 61/215 kB | 503/672 kBProgress (3): 95 kB | 61/215 kB | 507/672 kBProgress (3): 95 kB | 61/215 kB | 512/672 kBProgress (3): 95 kB | 61/215 kB | 516/672 kBProgress (3): 95 kB | 61/215 kB | 520/672 kBProgress (3): 95 kB | 61/215 kB | 524/672 kBProgress (3): 95 kB | 61/215 kB | 528/672 kBProgress (3): 95 kB | 61/215 kB | 532/672 kBProgress (3): 95 kB | 61/215 kB | 536/672 kBProgress (3): 95 kB | 61/215 kB | 540/672 kBProgress (3): 95 kB | 61/215 kB | 544/672 kBProgress (3): 95 kB | 61/215 kB | 548/672 kBProgress (3): 95 kB | 61/215 kB | 552/672 kBProgress (3): 95 kB | 61/215 kB | 557/672 kBProgress (3): 95 kB | 61/215 kB | 561/672 kBProgress (3): 95 kB | 61/215 kB | 565/672 kBProgress (3): 95 kB | 61/215 kB | 569/672 kBProgress (3): 95 kB | 61/215 kB | 573/672 kBProgress (3): 95 kB | 61/215 kB | 577/672 kBProgress (3): 95 kB | 61/215 kB | 581/672 kBProgress (3): 95 kB | 61/215 kB | 585/672 kBProgress (3): 95 kB | 61/215 kB | 589/672 kBProgress (3): 95 kB | 61/215 kB | 593/672 kBProgress (3): 95 kB | 61/215 kB | 598/672 kBProgress (3): 95 kB | 61/215 kB | 602/672 kBProgress (3): 95 kB | 61/215 kB | 606/672 kBProgress (3): 95 kB | 61/215 kB | 610/672 kBProgress (3): 95 kB | 61/215 kB | 614/672 kBProgress (3): 95 kB | 61/215 kB | 618/672 kBProgress (3): 95 kB | 61/215 kB | 622/672 kBProgress (3): 95 kB | 61/215 kB | 626/672 kBProgress (3): 95 kB | 61/215 kB | 630/672 kBProgress (3): 95 kB | 61/215 kB | 634/672 kBProgress (3): 95 kB | 61/215 kB | 638/672 kBProgress (3): 95 kB | 61/215 kB | 643/672 kBProgress (3): 95 kB | 61/215 kB | 647/672 kBProgress (3): 95 kB | 61/215 kB | 651/672 kBProgress (3): 95 kB | 61/215 kB | 655/672 kBProgress (3): 95 kB | 61/215 kB | 659/672 kBProgress (3): 95 kB | 61/215 kB | 663/672 kBProgress (3): 95 kB | 61/215 kB | 667/672 kBProgress (3): 95 kB | 61/215 kB | 671/672 kBProgress (3): 95 kB | 61/215 kB | 672 kB                                            Downloaded from centralhttps: http://insecure.repo1.maven.org/maven2/com/googlecode/kryo/1.04/kryo-1.04.jar (95 kB at 140 kB/s)
Progress (2): 65/215 kB | 672 kBProgress (2): 69/215 kB | 672 kBProgress (2): 73/215 kB | 672 kBProgress (2): 77/215 kB | 672 kBProgress (2): 81/215 kB | 672 kBProgress (2): 86/215 kB | 672 kBProgress (2): 90/215 kB | 672 kBProgress (2): 94/215 kB | 672 kBProgress (2): 98/215 kB | 672 kBProgress (2): 102/215 kB | 672 kBProgress (2): 106/215 kB | 672 kBProgress (2): 110/215 kB | 672 kBProgress (2): 114/215 kB | 672 kBProgress (2): 118/215 kB | 672 kBProgress (2): 122/215 kB | 672 kBProgress (2): 126/215 kB | 672 kBProgress (2): 131/215 kB | 672 kBProgress (2): 135/215 kB | 672 kBProgress (2): 139/215 kB | 672 kBProgress (2): 143/215 kB | 672 kBProgress (2): 147/215 kB | 672 kBProgress (2): 151/215 kB | 672 kBProgress (2): 155/215 kB | 672 kBProgress (2): 158/215 kB | 672 kBProgress (2): 161/215 kB | 672 kBProgress (2): 165/215 kB | 672 kBProgress (2): 169/215 kB | 672 kBProgress (2): 174/215 kB | 672 kBProgress (2): 178/215 kB | 672 kBProgress (2): 182/215 kB | 672 kBProgress (2): 186/215 kB | 672 kBProgress (2): 190/215 kB | 672 kBProgress (2): 194/215 kB | 672 kBProgress (2): 198/215 kB | 672 kBProgress (2): 202/215 kB | 672 kBProgress (2): 206/215 kB | 672 kBProgress (2): 210/215 kB | 672 kBProgress (2): 214/215 kB | 672 kBProgress (2): 215 kB | 672 kB                                 Downloaded from centralhttps: http://insecure.repo1.maven.org/maven2/com/sun/jersey/jersey-core/1.11/jersey-core-1.11.jar (0 B at 0 B/s)
Downloaded from centralhttps: http://insecure.repo1.maven.org/maven2/javaee/javaee-api/5/javaee-api-5.jar (672 kB at 785 kB/s)
Downloaded from centralhttps: http://insecure.repo1.maven.org/maven2/org/apache/commons/commons-jexl/2.0.1/commons-jexl-2.0.1.jar (215 kB at 207 kB/s)
[[1;34mINFO[m] 
[[1;34mINFO[m] [1m--- [0;32mbuildnumber-maven-plugin:1.1:create[m [1m(default)[m @ [36mwikisearch-query[0;1m ---[m
[[1;34mINFO[m] Checking for local modifications: skipped.
[[1;34mINFO[m] Updating project files from SCM: skipped.
[[1;34mINFO[m] Executing: /bin/sh -c cd /home/user/Workspace/reproducibility/Reproducibility-Scanner/benchmarks/bugs-dot-jar/accumulo/examples/wikisearch/query && svn --non-interactive info
[[1;34mINFO[m] Working directory: /home/user/Workspace/reproducibility/Reproducibility-Scanner/benchmarks/bugs-dot-jar/accumulo/examples/wikisearch/query
[[1;34mINFO[m] Storing buildNumber: null at timestamp: 1659678548338
[[1;34mINFO[m] Executing: /bin/sh -c cd /home/user/Workspace/reproducibility/Reproducibility-Scanner/benchmarks/bugs-dot-jar/accumulo/examples/wikisearch/query && svn --non-interactive info
[[1;34mINFO[m] Working directory: /home/user/Workspace/reproducibility/Reproducibility-Scanner/benchmarks/bugs-dot-jar/accumulo/examples/wikisearch/query
[[1;34mINFO[m] Storing buildScmBranch: UNKNOWN_BRANCH
[[1;34mINFO[m] 
[[1;34mINFO[m] [1m--- [0;32mmaven-enforcer-plugin:1.0.1:enforce[m [1m(enforce-mvn)[m @ [36mwikisearch-query[0;1m ---[m
[[1;34mINFO[m] 
[[1;34mINFO[m] [1m--- [0;32mmaven-remote-resources-plugin:1.2.1:process[m [1m(default)[m @ [36mwikisearch-query[0;1m ---[m
[[1;34mINFO[m] 
[[1;34mINFO[m] [1m--- [0;32mmaven-resources-plugin:2.5:resources[m [1m(default-resources)[m @ [36mwikisearch-query[0;1m ---[m
[debug] execute contextualize
[[1;34mINFO[m] Using 'UTF-8' encoding to copy filtered resources.
[[1;34mINFO[m] Copying 2 resources
[[1;34mINFO[m] Copying 3 resources
[[1;34mINFO[m] 
[[1;34mINFO[m] [1m--- [0;32mmaven-dependency-plugin:2.3:copy-dependencies[m [1m(copy-dependencies)[m @ [36mwikisearch-query[0;1m ---[m
[[1;34mINFO[m] Copying protobuf-java-2.3.0.jar to /home/user/Workspace/reproducibility/Reproducibility-Scanner/benchmarks/bugs-dot-jar/accumulo/examples/wikisearch/query/lib/protobuf-java-2.3.0.jar
[[1;34mINFO[m] Copying commons-jexl-2.0.1.jar to /home/user/Workspace/reproducibility/Reproducibility-Scanner/benchmarks/bugs-dot-jar/accumulo/examples/wikisearch/query/lib/commons-jexl-2.0.1.jar
[[1;34mINFO[m] Copying google-collections-1.0.jar to /home/user/Workspace/reproducibility/Reproducibility-Scanner/benchmarks/bugs-dot-jar/accumulo/examples/wikisearch/query/lib/google-collections-1.0.jar
[[1;34mINFO[m] Copying accumulo-core-1.5.0-SNAPSHOT.jar to /home/user/Workspace/reproducibility/Reproducibility-Scanner/benchmarks/bugs-dot-jar/accumulo/examples/wikisearch/query/lib/accumulo-core-1.5.0-SNAPSHOT.jar
[[1;34mINFO[m] Copying commons-codec-1.5.jar to /home/user/Workspace/reproducibility/Reproducibility-Scanner/benchmarks/bugs-dot-jar/accumulo/examples/wikisearch/query/lib/commons-codec-1.5.jar
[[1;34mINFO[m] Copying hadoop-core-0.20.205.0.jar to /home/user/Workspace/reproducibility/Reproducibility-Scanner/benchmarks/bugs-dot-jar/accumulo/examples/wikisearch/query/lib/hadoop-core-0.20.205.0.jar
[[1;34mINFO[m] Copying wikisearch-ingest-1.5.0-SNAPSHOT.jar to /home/user/Workspace/reproducibility/Reproducibility-Scanner/benchmarks/bugs-dot-jar/accumulo/examples/wikisearch/query/lib/wikisearch-ingest-1.5.0-SNAPSHOT.jar
[[1;34mINFO[m] Copying kryo-1.04.jar to /home/user/Workspace/reproducibility/Reproducibility-Scanner/benchmarks/bugs-dot-jar/accumulo/examples/wikisearch/query/lib/kryo-1.04.jar
[[1;34mINFO[m] Copying commons-lang-2.4.jar to /home/user/Workspace/reproducibility/Reproducibility-Scanner/benchmarks/bugs-dot-jar/accumulo/examples/wikisearch/query/lib/commons-lang-2.4.jar
[[1;34mINFO[m] 
[[1;34mINFO[m] [1m--- [0;32mmaven-compiler-plugin:2.3.2:compile[m [1m(default-compile)[m @ [36mwikisearch-query[0;1m ---[m
[[1;34mINFO[m] Compiling 32 source files to /home/user/Workspace/reproducibility/Reproducibility-Scanner/benchmarks/bugs-dot-jar/accumulo/examples/wikisearch/query/target/classes
[[1;34mINFO[m] 
[[1;34mINFO[m] [1m--- [0;32mmaven-resources-plugin:2.5:testResources[m [1m(default-testResources)[m @ [36mwikisearch-query[0;1m ---[m
[debug] execute contextualize
[[1;34mINFO[m] Using 'UTF-8' encoding to copy filtered resources.
[[1;34mINFO[m] Copying 1 resource
[[1;34mINFO[m] Copying 3 resources
[[1;34mINFO[m] 
[[1;34mINFO[m] [1m--- [0;32mmaven-compiler-plugin:2.3.2:testCompile[m [1m(default-testCompile)[m @ [36mwikisearch-query[0;1m ---[m
[[1;34mINFO[m] Compiling 2 source files to /home/user/Workspace/reproducibility/Reproducibility-Scanner/benchmarks/bugs-dot-jar/accumulo/examples/wikisearch/query/target/test-classes
[[1;34mINFO[m] 
[[1;34mINFO[m] [1m--- [0;32mmaven-surefire-plugin:2.12:test[m [1m(default-test)[m @ [36mwikisearch-query[0;1m ---[m
[[1;34mINFO[m] Tests are skipped.
[[1;34mINFO[m] 
[[1;34mINFO[m] [1m--- [0;32mmaven-ejb-plugin:2.1:ejb[m [1m(default-ejb)[m @ [36mwikisearch-query[0;1m ---[m
[[1;34mINFO[m] Building ejb wikisearch-query-1.5.0-SNAPSHOT with ejbVersion 3.1
[[1;34mINFO[m] Building jar: /home/user/Workspace/reproducibility/Reproducibility-Scanner/benchmarks/bugs-dot-jar/accumulo/examples/wikisearch/query/target/wikisearch-query-1.5.0-SNAPSHOT.jar
[[1;34mINFO[m] 
[[1;34mINFO[m] [1m--- [0;32mmaven-site-plugin:3.0:attach-descriptor[m [1m(attach-descriptor)[m @ [36mwikisearch-query[0;1m ---[m
[[1;34mINFO[m] 
[[1;34mINFO[m] [1m--- [0;32mmaven-install-plugin:2.3.1:install[m [1m(default-install)[m @ [36mwikisearch-query[0;1m ---[m
[[1;34mINFO[m] Installing /home/user/Workspace/reproducibility/Reproducibility-Scanner/benchmarks/bugs-dot-jar/accumulo/examples/wikisearch/query/target/wikisearch-query-1.5.0-SNAPSHOT.jar to /home/user/.m2/repository/org/apache/accumulo/wikisearch-query/1.5.0-SNAPSHOT/wikisearch-query-1.5.0-SNAPSHOT.jar
[[1;34mINFO[m] Installing /home/user/Workspace/reproducibility/Reproducibility-Scanner/benchmarks/bugs-dot-jar/accumulo/examples/wikisearch/query/pom.xml to /home/user/.m2/repository/org/apache/accumulo/wikisearch-query/1.5.0-SNAPSHOT/wikisearch-query-1.5.0-SNAPSHOT.pom
[[1;34mINFO[m] 
[[1;34mINFO[m] [1m--------------< [0;36morg.apache.accumulo:wikisearch-query-war[0;1m >--------------[m
[[1;34mINFO[m] [1mBuilding wikisearch-query-war 1.5.0-SNAPSHOT                     [11/12][m
[[1;34mINFO[m] [1m--------------------------------[ war ]---------------------------------[m
Downloading from centralhttps: http://insecure.repo1.maven.org/maven2/org/apache/maven/plugins/maven-war-plugin/2.1.1/maven-war-plugin-2.1.1.pom
Downloaded from centralhttps: http://insecure.repo1.maven.org/maven2/org/apache/maven/plugins/maven-war-plugin/2.1.1/maven-war-plugin-2.1.1.pom (0 B at 0 B/s)
Downloading from centralhttps: http://insecure.repo1.maven.org/maven2/org/apache/maven/plugins/maven-war-plugin/2.1.1/maven-war-plugin-2.1.1.jar
Downloaded from centralhttps: http://insecure.repo1.maven.org/maven2/org/apache/maven/plugins/maven-war-plugin/2.1.1/maven-war-plugin-2.1.1.jar (0 B at 0 B/s)
[[1;34mINFO[m] 
[[1;34mINFO[m] [1m--- [0;32mbuildnumber-maven-plugin:1.1:create[m [1m(default)[m @ [36mwikisearch-query-war[0;1m ---[m
[[1;34mINFO[m] Checking for local modifications: skipped.
[[1;34mINFO[m] Updating project files from SCM: skipped.
[[1;34mINFO[m] Executing: /bin/sh -c cd /home/user/Workspace/reproducibility/Reproducibility-Scanner/benchmarks/bugs-dot-jar/accumulo/examples/wikisearch/query-war && svn --non-interactive info
[[1;34mINFO[m] Working directory: /home/user/Workspace/reproducibility/Reproducibility-Scanner/benchmarks/bugs-dot-jar/accumulo/examples/wikisearch/query-war
[[1;34mINFO[m] Storing buildNumber: null at timestamp: 1659678551265
[[1;34mINFO[m] Executing: /bin/sh -c cd /home/user/Workspace/reproducibility/Reproducibility-Scanner/benchmarks/bugs-dot-jar/accumulo/examples/wikisearch/query-war && svn --non-interactive info
[[1;34mINFO[m] Working directory: /home/user/Workspace/reproducibility/Reproducibility-Scanner/benchmarks/bugs-dot-jar/accumulo/examples/wikisearch/query-war
[[1;34mINFO[m] Storing buildScmBranch: UNKNOWN_BRANCH
[[1;34mINFO[m] 
[[1;34mINFO[m] [1m--- [0;32mmaven-enforcer-plugin:1.0.1:enforce[m [1m(enforce-mvn)[m @ [36mwikisearch-query-war[0;1m ---[m
[[1;34mINFO[m] 
[[1;34mINFO[m] [1m--- [0;32mmaven-remote-resources-plugin:1.2.1:process[m [1m(default)[m @ [36mwikisearch-query-war[0;1m ---[m
[[1;34mINFO[m] 
[[1;34mINFO[m] [1m--- [0;32mmaven-resources-plugin:2.5:resources[m [1m(default-resources)[m @ [36mwikisearch-query-war[0;1m ---[m
[debug] execute contextualize
[[1;34mINFO[m] Using 'UTF-8' encoding to copy filtered resources.
[[1;34mINFO[m] skip non existing resourceDirectory /home/user/Workspace/reproducibility/Reproducibility-Scanner/benchmarks/bugs-dot-jar/accumulo/examples/wikisearch/query-war/src/main/resources
[[1;34mINFO[m] Copying 3 resources
[[1;34mINFO[m] 
[[1;34mINFO[m] [1m--- [0;32mmaven-compiler-plugin:2.3.2:compile[m [1m(default-compile)[m @ [36mwikisearch-query-war[0;1m ---[m
[[1;34mINFO[m] No sources to compile
[[1;34mINFO[m] 
[[1;34mINFO[m] [1m--- [0;32mmaven-resources-plugin:2.5:testResources[m [1m(default-testResources)[m @ [36mwikisearch-query-war[0;1m ---[m
[debug] execute contextualize
[[1;34mINFO[m] Using 'UTF-8' encoding to copy filtered resources.
[[1;34mINFO[m] Copying 1 resource
[[1;34mINFO[m] Copying 3 resources
[[1;34mINFO[m] 
[[1;34mINFO[m] [1m--- [0;32mmaven-compiler-plugin:2.3.2:testCompile[m [1m(default-testCompile)[m @ [36mwikisearch-query-war[0;1m ---[m
[[1;34mINFO[m] No sources to compile
[[1;34mINFO[m] 
[[1;34mINFO[m] [1m--- [0;32mmaven-surefire-plugin:2.12:test[m [1m(default-test)[m @ [36mwikisearch-query-war[0;1m ---[m
[[1;34mINFO[m] Tests are skipped.
[[1;34mINFO[m] 
[[1;34mINFO[m] [1m--- [0;32mmaven-war-plugin:2.1.1:war[m [1m(default-war)[m @ [36mwikisearch-query-war[0;1m ---[m
[[1;34mINFO[m] Packaging webapp
[[1;34mINFO[m] Assembling webapp [wikisearch-query-war] in [/home/user/Workspace/reproducibility/Reproducibility-Scanner/benchmarks/bugs-dot-jar/accumulo/examples/wikisearch/query-war/target/wikisearch-query-war-1.5.0-SNAPSHOT]
[[1;34mINFO[m] Processing war project
[[1;34mINFO[m] Copying webapp resources [/home/user/Workspace/reproducibility/Reproducibility-Scanner/benchmarks/bugs-dot-jar/accumulo/examples/wikisearch/query-war/src/main/webapp]
[[1;34mINFO[m] Webapp assembled in [18 msecs]
[[1;34mINFO[m] Building war: /home/user/Workspace/reproducibility/Reproducibility-Scanner/benchmarks/bugs-dot-jar/accumulo/examples/wikisearch/query-war/target/wikisearch-query-war-1.5.0-SNAPSHOT.war
[[1;34mINFO[m] WEB-INF/web.xml already added, skipping
[[1;34mINFO[m] 
[[1;34mINFO[m] [1m--- [0;32mmaven-site-plugin:3.0:attach-descriptor[m [1m(attach-descriptor)[m @ [36mwikisearch-query-war[0;1m ---[m
[[1;34mINFO[m] 
[[1;34mINFO[m] [1m--- [0;32mmaven-install-plugin:2.3.1:install[m [1m(default-install)[m @ [36mwikisearch-query-war[0;1m ---[m
[[1;34mINFO[m] Installing /home/user/Workspace/reproducibility/Reproducibility-Scanner/benchmarks/bugs-dot-jar/accumulo/examples/wikisearch/query-war/target/wikisearch-query-war-1.5.0-SNAPSHOT.war to /home/user/.m2/repository/org/apache/accumulo/wikisearch-query-war/1.5.0-SNAPSHOT/wikisearch-query-war-1.5.0-SNAPSHOT.war
[[1;34mINFO[m] Installing /home/user/Workspace/reproducibility/Reproducibility-Scanner/benchmarks/bugs-dot-jar/accumulo/examples/wikisearch/query-war/pom.xml to /home/user/.m2/repository/org/apache/accumulo/wikisearch-query-war/1.5.0-SNAPSHOT/wikisearch-query-war-1.5.0-SNAPSHOT.pom
[[1;34mINFO[m] 
[[1;34mINFO[m] [1m---------------< [0;36morg.apache.accumulo:accumulo-assemble[0;1m >----------------[m
[[1;34mINFO[m] [1mBuilding accumulo-assemble 1.5.0-SNAPSHOT                        [12/12][m
[[1;34mINFO[m] [1m--------------------------------[ pom ]---------------------------------[m
[[1;34mINFO[m] 
[[1;34mINFO[m] [1m--- [0;32mbuildnumber-maven-plugin:1.1:create[m [1m(default)[m @ [36maccumulo-assemble[0;1m ---[m
[[1;34mINFO[m] Checking for local modifications: skipped.
[[1;34mINFO[m] Updating project files from SCM: skipped.
[[1;34mINFO[m] Executing: /bin/sh -c cd /home/user/Workspace/reproducibility/Reproducibility-Scanner/benchmarks/bugs-dot-jar/accumulo/assemble && svn --non-interactive info
[[1;34mINFO[m] Working directory: /home/user/Workspace/reproducibility/Reproducibility-Scanner/benchmarks/bugs-dot-jar/accumulo/assemble
[[1;34mINFO[m] Storing buildNumber: null at timestamp: 1659678551610
[[1;34mINFO[m] Executing: /bin/sh -c cd /home/user/Workspace/reproducibility/Reproducibility-Scanner/benchmarks/bugs-dot-jar/accumulo/assemble && svn --non-interactive info
[[1;34mINFO[m] Working directory: /home/user/Workspace/reproducibility/Reproducibility-Scanner/benchmarks/bugs-dot-jar/accumulo/assemble
[[1;34mINFO[m] Storing buildScmBranch: UNKNOWN_BRANCH
[[1;34mINFO[m] 
[[1;34mINFO[m] [1m--- [0;32mmaven-enforcer-plugin:1.0.1:enforce[m [1m(enforce-mvn)[m @ [36maccumulo-assemble[0;1m ---[m
[[1;34mINFO[m] 
[[1;34mINFO[m] [1m--- [0;32mmaven-remote-resources-plugin:1.2.1:process[m [1m(default)[m @ [36maccumulo-assemble[0;1m ---[m
[[1;34mINFO[m] 
[[1;34mINFO[m] [1m--- [0;32mmaven-dependency-plugin:2.3:copy-dependencies[m [1m(copy-dependencies)[m @ [36maccumulo-assemble[0;1m ---[m
[[1;34mINFO[m] 
[[1;34mINFO[m] [1m--- [0;32mexec-maven-plugin:1.2.1:exec[m [1m(user-manual)[m @ [36maccumulo-assemble[0;1m ---[m
[[1;34mINFO[m] 
[[1;34mINFO[m] [1m--- [0;32mmaven-site-plugin:3.0:attach-descriptor[m [1m(attach-descriptor)[m @ [36maccumulo-assemble[0;1m ---[m
[[1;34mINFO[m] 
[[1;34mINFO[m] [1m--- [0;32mexec-maven-plugin:1.2.1:exec[m [1m(config webpage)[m @ [36maccumulo-assemble[0;1m ---[m
[[1;34mINFO[m] 
[[1;34mINFO[m] [1m--- [0;32mmaven-install-plugin:2.3.1:install[m [1m(default-install)[m @ [36maccumulo-assemble[0;1m ---[m
[[1;34mINFO[m] Installing /home/user/Workspace/reproducibility/Reproducibility-Scanner/benchmarks/bugs-dot-jar/accumulo/assemble/pom.xml to /home/user/.m2/repository/org/apache/accumulo/accumulo-assemble/1.5.0-SNAPSHOT/accumulo-assemble-1.5.0-SNAPSHOT.pom
[[1;34mINFO[m] [1m------------------------------------------------------------------------[m
[[1;34mINFO[m] [1mReactor Summary for accumulo 1.5.0-SNAPSHOT:[m
[[1;34mINFO[m] 
[[1;34mINFO[m] accumulo ........................................... [1;32mSUCCESS[m [ 11.392 s]
[[1;34mINFO[m] cloudtrace ......................................... [1;32mSUCCESS[m [  4.435 s]
[[1;34mINFO[m] accumulo-start ..................................... [1;32mSUCCESS[m [  1.780 s]
[[1;34mINFO[m] accumulo-core ...................................... [1;32mSUCCESS[m [ 14.612 s]
[[1;34mINFO[m] accumulo-server .................................... [1;32mSUCCESS[m [  4.624 s]
[[1;34mINFO[m] accumulo-examples .................................. [1;32mSUCCESS[m [  0.051 s]
[[1;34mINFO[m] examples-simple .................................... [1;32mSUCCESS[m [  2.057 s]
[[1;34mINFO[m] accumulo-wikisearch ................................ [1;32mSUCCESS[m [  0.062 s]
[[1;34mINFO[m] wikisearch-ingest .................................. [1;32mSUCCESS[m [  7.421 s]
[[1;34mINFO[m] wikisearch-query ................................... [1;32mSUCCESS[m [  6.560 s]
[[1;34mINFO[m] wikisearch-query-war ............................... [1;32mSUCCESS[m [  0.984 s]
[[1;34mINFO[m] accumulo-assemble .................................. [1;32mSUCCESS[m [  0.430 s]
[[1;34mINFO[m] [1m------------------------------------------------------------------------[m
[[1;34mINFO[m] [1;32mBUILD SUCCESS[m
[[1;34mINFO[m] [1m------------------------------------------------------------------------[m
[[1;34mINFO[m] Total time:  55.780 s
[[1;34mINFO[m] Finished at: 2022-08-04T22:49:12-07:00
[[1;34mINFO[m] [1m------------------------------------------------------------------------[mMissing pdflatex command. Please install.
Missing pdflatex command. Please install.
[[1;34mINFO[m] Scanning for projects...
[[1;34mINFO[m] 
[[1;34mINFO[m] [1m-----------------< [0;36morg.apache.accumulo:accumulo-core[0;1m >------------------[m
[[1;34mINFO[m] [1mBuilding accumulo-core 1.5.0-SNAPSHOT[m
[[1;34mINFO[m] [1m--------------------------------[ jar ]---------------------------------[m
[[1;34mINFO[m] 
[[1;34mINFO[m] [1m--- [0;32mbuildnumber-maven-plugin:1.1:create[m [1m(default)[m @ [36maccumulo-core[0;1m ---[m
[[1;34mINFO[m] Checking for local modifications: skipped.
[[1;34mINFO[m] Updating project files from SCM: skipped.
[[1;34mINFO[m] Executing: /bin/sh -c cd /home/user/Workspace/reproducibility/Reproducibility-Scanner/benchmarks/bugs-dot-jar/accumulo/core && svn --non-interactive info
[[1;34mINFO[m] Working directory: /home/user/Workspace/reproducibility/Reproducibility-Scanner/benchmarks/bugs-dot-jar/accumulo/core
[[1;34mINFO[m] Storing buildNumber: null at timestamp: 1659678554474
[[1;34mINFO[m] Executing: /bin/sh -c cd /home/user/Workspace/reproducibility/Reproducibility-Scanner/benchmarks/bugs-dot-jar/accumulo/core && svn --non-interactive info
[[1;34mINFO[m] Working directory: /home/user/Workspace/reproducibility/Reproducibility-Scanner/benchmarks/bugs-dot-jar/accumulo/core
[[1;34mINFO[m] Storing buildScmBranch: UNKNOWN_BRANCH
[[1;34mINFO[m] 
[[1;34mINFO[m] [1m--- [0;32mmaven-enforcer-plugin:1.0.1:enforce[m [1m(enforce-mvn)[m @ [36maccumulo-core[0;1m ---[m
[[1;34mINFO[m] 
[[1;34mINFO[m] [1m--- [0;32mexec-maven-plugin:1.2.1:exec[m [1m(generate-core-thrift)[m @ [36maccumulo-core[0;1m ---[m
thrift is not available
[[1;34mINFO[m] 
[[1;34mINFO[m] [1m--- [0;32mmaven-remote-resources-plugin:1.2.1:process[m [1m(default)[m @ [36maccumulo-core[0;1m ---[m
[[1;34mINFO[m] 
[[1;34mINFO[m] [1m--- [0;32mmaven-resources-plugin:2.5:resources[m [1m(default-resources)[m @ [36maccumulo-core[0;1m ---[m
[debug] execute contextualize
[[1;34mINFO[m] Using 'UTF-8' encoding to copy filtered resources.
[[1;34mINFO[m] Copying 1 resource
[[1;34mINFO[m] Copying 3 resources
[[1;34mINFO[m] 
[[1;34mINFO[m] [1m--- [0;32mmaven-dependency-plugin:2.3:copy-dependencies[m [1m(copy-dependencies)[m @ [36maccumulo-core[0;1m ---[m
[[1;34mINFO[m] libthrift-0.6.1.jar already exists in destination.
[[1;34mINFO[m] log4j-1.2.16.jar already exists in destination.
[[1;34mINFO[m] commons-collections-3.2.jar already exists in destination.
[[1;34mINFO[m] jline-0.9.94.jar already exists in destination.
[[1;34mINFO[m] commons-logging-1.0.4.jar already exists in destination.
[[1;34mINFO[m] commons-lang-2.4.jar already exists in destination.
[[1;34mINFO[m] 
[[1;34mINFO[m] [1m--- [0;32mmaven-compiler-plugin:2.3.2:compile[m [1m(default-compile)[m @ [36maccumulo-core[0;1m ---[m
[[1;34mINFO[m] Nothing to compile - all classes are up to date
[[1;34mINFO[m] 
[[1;34mINFO[m] [1m--- [0;32mmaven-resources-plugin:2.5:testResources[m [1m(default-testResources)[m @ [36maccumulo-core[0;1m ---[m
[debug] execute contextualize
[[1;34mINFO[m] Using 'UTF-8' encoding to copy filtered resources.
[[1;34mINFO[m] Copying 2 resources
[[1;34mINFO[m] Copying 3 resources
[[1;34mINFO[m] 
[[1;34mINFO[m] [1m--- [0;32mmaven-compiler-plugin:2.3.2:testCompile[m [1m(default-testCompile)[m @ [36maccumulo-core[0;1m ---[m
[[1;34mINFO[m] Nothing to compile - all classes are up to date
[[1;34mINFO[m] 
[[1;34mINFO[m] [1m--- [0;32mmaven-surefire-plugin:2.12:test[m [1m(default-test)[m @ [36maccumulo-core[0;1m ---[m
[[1;34mINFO[m] Surefire report directory: /home/user/Workspace/reproducibility/Reproducibility-Scanner/benchmarks/bugs-dot-jar/accumulo/core/target/surefire-reports
Downloading from centralhttps: http://insecure.repo1.maven.org/maven2/org/apache/maven/surefire/surefire-junit4/2.12/surefire-junit4-2.12.pom
Downloaded from centralhttps: http://insecure.repo1.maven.org/maven2/org/apache/maven/surefire/surefire-junit4/2.12/surefire-junit4-2.12.pom (0 B at 0 B/s)
Downloading from centralhttps: http://insecure.repo1.maven.org/maven2/org/apache/maven/surefire/surefire-providers/2.12/surefire-providers-2.12.pom
Downloaded from centralhttps: http://insecure.repo1.maven.org/maven2/org/apache/maven/surefire/surefire-providers/2.12/surefire-providers-2.12.pom (0 B at 0 B/s)
Downloading from centralhttps: http://insecure.repo1.maven.org/maven2/org/apache/maven/surefire/surefire-junit4/2.12/surefire-junit4-2.12.jar
Downloaded from centralhttps: http://insecure.repo1.maven.org/maven2/org/apache/maven/surefire/surefire-junit4/2.12/surefire-junit4-2.12.jar (0 B at 0 B/s)

-------------------------------------------------------
 T E S T S
-------------------------------------------------------
Running org.apache.accumulo.core.file.blockfile.cache.TestLruBlockCache
Tests run: 7, Failures: 0, Errors: 0, Skipped: 0, Time elapsed: 1.162 sec
Running org.apache.accumulo.core.file.blockfile.cache.TestCachedBlockQueue
Tests run: 2, Failures: 0, Errors: 0, Skipped: 0, Time elapsed: 0 sec
Running org.apache.accumulo.core.file.rfile.MultiLevelIndexTest
22/08/04 22:49:18 WARN util.NativeCodeLoader: Unable to load native-hadoop library for your platform... using builtin-java classes where applicable
22/08/04 22:49:18 INFO compress.CodecPool: Got brand-new compressor
22/08/04 22:49:18 INFO compress.CodecPool: Got brand-new decompressor
22/08/04 22:49:18 INFO compress.CodecPool: Got brand-new decompressor
22/08/04 22:49:18 INFO compress.CodecPool: Got brand-new decompressor
22/08/04 22:49:18 INFO compress.CodecPool: Got brand-new decompressor
22/08/04 22:49:18 INFO compress.CodecPool: Got brand-new decompressor
22/08/04 22:49:18 INFO compress.CodecPool: Got brand-new decompressor
22/08/04 22:49:19 INFO compress.CodecPool: Got brand-new decompressor
Tests run: 1, Failures: 0, Errors: 0, Skipped: 0, Time elapsed: 0.936 sec
Running org.apache.accumulo.core.file.rfile.RFileTest
Tests run: 19, Failures: 0, Errors: 0, Skipped: 0, Time elapsed: 2.942 sec
Running org.apache.accumulo.core.data.MutationTest
Tests run: 8, Failures: 0, Errors: 0, Skipped: 0, Time elapsed: 0.027 sec
Running org.apache.accumulo.core.data.ColumnTest
Tests run: 3, Failures: 0, Errors: 0, Skipped: 0, Time elapsed: 0 sec
Running org.apache.accumulo.core.data.KeyTest
Tests run: 4, Failures: 0, Errors: 0, Skipped: 0, Time elapsed: 0 sec
Running org.apache.accumulo.core.data.RangeTest
Tests run: 43, Failures: 0, Errors: 0, Skipped: 0, Time elapsed: 0.016 sec
Running org.apache.accumulo.core.data.KeyExtentTest
Tests run: 3, Failures: 0, Errors: 0, Skipped: 0, Time elapsed: 0.004 sec
Running org.apache.accumulo.core.util.TestStringUtil
Tests run: 1, Failures: 0, Errors: 0, Skipped: 0, Time elapsed: 0.007 sec
Running org.apache.accumulo.core.util.LocalityGroupUtilTest
Tests run: 2, Failures: 0, Errors: 0, Skipped: 0, Time elapsed: 0.009 sec
Running org.apache.accumulo.core.util.MetadataTableTest
Tests run: 1, Failures: 0, Errors: 0, Skipped: 0, Time elapsed: 0.001 sec
Running org.apache.accumulo.core.util.EscapeTokenizerTest
Tests run: 11, Failures: 0, Errors: 0, Skipped: 0, Time elapsed: 0.001 sec
Running org.apache.accumulo.core.util.AddressUtilTest
Tests run: 2, Failures: 0, Errors: 0, Skipped: 0, Time elapsed: 0.022 sec
Running org.apache.accumulo.core.util.TextUtilTest
Tests run: 1, Failures: 0, Errors: 0, Skipped: 0, Time elapsed: 0 sec
Running org.apache.accumulo.core.util.MergeTest
Tests run: 1, Failures: 0, Errors: 0, Skipped: 0, Time elapsed: 0.002 sec
Running org.apache.accumulo.core.util.shell.command.FormatterCommandTest
Tests run: 1, Failures: 0, Errors: 0, Skipped: 0, Time elapsed: 0.229 sec
Running org.apache.accumulo.core.util.shell.ShellTest
usage: about [-?] [-v]
description: displays information about this program
  -?,--help        display this help
  -v,--verbose     display detailed session information
Tests run: 3, Failures: 0, Errors: 0, Skipped: 0, Time elapsed: 0.104 sec
Running org.apache.accumulo.core.util.TestVersion
Tests run: 1, Failures: 0, Errors: 0, Skipped: 0, Time elapsed: 0.001 sec
Running org.apache.accumulo.core.iterators.AggregatingIteratorTest
Tests run: 7, Failures: 0, Errors: 0, Skipped: 0, Time elapsed: 0.009 sec
Running org.apache.accumulo.core.iterators.system.SourceSwitchingIteratorTest
Tests run: 5, Failures: 0, Errors: 0, Skipped: 0, Time elapsed: 0.003 sec
Running org.apache.accumulo.core.iterators.system.TimeSettingIteratorTest
Tests run: 1, Failures: 0, Errors: 0, Skipped: 0, Time elapsed: 0.001 sec
Running org.apache.accumulo.core.iterators.system.ColumnFilterTest
Tests run: 3, Failures: 0, Errors: 0, Skipped: 0, Time elapsed: 0 sec
Running org.apache.accumulo.core.iterators.system.ColumnFamilySkippingIteratorTest
Tests run: 3, Failures: 0, Errors: 0, Skipped: 0, Time elapsed: 0.437 sec
Running org.apache.accumulo.core.iterators.system.MultiIteratorTest
Tests run: 7, Failures: 0, Errors: 0, Skipped: 0, Time elapsed: 0.064 sec
Running org.apache.accumulo.core.iterators.system.DeletingIteratorTest
Tests run: 4, Failures: 0, Errors: 0, Skipped: 0, Time elapsed: 0.002 sec
Running org.apache.accumulo.core.iterators.FirstEntryInRowTest
Tests run: 2, Failures: 0, Errors: 2, Skipped: 0, Time elapsed: 0.018 sec <<< FAILURE!
Running org.apache.accumulo.core.iterators.IterUtilTest
Tests run: 5, Failures: 0, Errors: 0, Skipped: 0, Time elapsed: 0.004 sec
Running org.apache.accumulo.core.iterators.user.RowFilterTest
Tests run: 1, Failures: 0, Errors: 0, Skipped: 0, Time elapsed: 0.009 sec
Running org.apache.accumulo.core.iterators.user.IndexedDocIteratorTest
Tests run: 5, Failures: 0, Errors: 0, Skipped: 0, Time elapsed: 0.456 sec
Running org.apache.accumulo.core.iterators.user.RegExFilterTest
Tests run: 1, Failures: 0, Errors: 0, Skipped: 0, Time elapsed: 0.002 sec
Running org.apache.accumulo.core.iterators.user.CombinerTest
Tests run: 13, Failures: 0, Errors: 0, Skipped: 0, Time elapsed: 0.014 sec
Running org.apache.accumulo.core.iterators.user.RowDeletingIteratorTest
Tests run: 4, Failures: 0, Errors: 0, Skipped: 0, Time elapsed: 0.001 sec
Running org.apache.accumulo.core.iterators.user.VersioningIteratorTest
Tests run: 6, Failures: 0, Errors: 0, Skipped: 0, Time elapsed: 0.003 sec
Running org.apache.accumulo.core.iterators.user.FilterTest
Tests run: 11, Failures: 0, Errors: 0, Skipped: 0, Time elapsed: 0.041 sec
Running org.apache.accumulo.core.iterators.user.GrepIteratorTest
Tests run: 1, Failures: 0, Errors: 0, Skipped: 0, Time elapsed: 0 sec
Running org.apache.accumulo.core.iterators.user.IntersectingIteratorTest
Tests run: 6, Failures: 0, Errors: 0, Skipped: 0, Time elapsed: 0.356 sec
Running org.apache.accumulo.core.iterators.user.LargeRowFilterTest
Tests run: 5, Failures: 0, Errors: 0, Skipped: 0, Time elapsed: 0.031 sec
Running org.apache.accumulo.core.iterators.user.WholeRowIteratorTest
Tests run: 3, Failures: 0, Errors: 0, Skipped: 0, Time elapsed: 0.002 sec
Running org.apache.accumulo.core.iterators.aggregation.conf.AggregatorConfigurationTest
Tests run: 2, Failures: 0, Errors: 0, Skipped: 0, Time elapsed: 0.001 sec
Running org.apache.accumulo.core.iterators.aggregation.NumSummationTest
Tests run: 5, Failures: 0, Errors: 0, Skipped: 0, Time elapsed: 0.001 sec
Running org.apache.accumulo.core.security.ColumnVisibilityTest
Tests run: 10, Failures: 0, Errors: 0, Skipped: 0, Time elapsed: 0.002 sec
Running org.apache.accumulo.core.security.AuthorizationsTest
Tests run: 2, Failures: 0, Errors: 0, Skipped: 0, Time elapsed: 0.002 sec
Running org.apache.accumulo.core.security.VisibilityEvaluatorTest
Tests run: 1, Failures: 0, Errors: 0, Skipped: 0, Time elapsed: 0.001 sec
Running org.apache.accumulo.core.client.RowIteratorTest
Tests run: 2, Failures: 0, Errors: 0, Skipped: 0, Time elapsed: 0 sec
Running org.apache.accumulo.core.client.mock.MockConnectorTest
Tests run: 8, Failures: 0, Errors: 0, Skipped: 0, Time elapsed: 0.012 sec
Running org.apache.accumulo.core.client.mock.MockTableOperationsTest
Tests run: 1, Failures: 0, Errors: 0, Skipped: 0, Time elapsed: 0.001 sec
Running org.apache.accumulo.core.client.impl.ScannerOptionsTest
Tests run: 2, Failures: 0, Errors: 0, Skipped: 0, Time elapsed: 0 sec
Running org.apache.accumulo.core.client.impl.TabletLocatorImplTest
Tests run: 16, Failures: 0, Errors: 0, Skipped: 0, Time elapsed: 0.021 sec
Running org.apache.accumulo.core.client.ClientSideIteratorTest
Tests run: 2, Failures: 0, Errors: 0, Skipped: 0, Time elapsed: 0.004 sec
Running org.apache.accumulo.core.client.admin.FindMaxTest
Tests run: 1, Failures: 0, Errors: 0, Skipped: 0, Time elapsed: 0.416 sec
Running org.apache.accumulo.core.client.admin.TableOperationsHelperTest
Tests run: 1, Failures: 0, Errors: 0, Skipped: 0, Time elapsed: 0.001 sec
Running org.apache.accumulo.core.client.mapreduce.AccumuloRowInputFormatTest
Tests run: 1, Failures: 0, Errors: 1, Skipped: 0, Time elapsed: 0.079 sec <<< FAILURE!
Running org.apache.accumulo.core.client.mapreduce.AccumuloFileOutputFormatTest
Tests run: 4, Failures: 0, Errors: 4, Skipped: 0, Time elapsed: 0.055 sec <<< FAILURE!
Running org.apache.accumulo.core.client.mapreduce.AccumuloInputFormatTest
Tests run: 10, Failures: 0, Errors: 10, Skipped: 0, Time elapsed: 0.065 sec <<< FAILURE!
Running org.apache.accumulo.core.client.mapreduce.lib.partition.RangePartitionerTest
Tests run: 2, Failures: 0, Errors: 2, Skipped: 0, Time elapsed: 0.006 sec <<< FAILURE!
Running org.apache.accumulo.core.client.mapreduce.AccumuloOutputFormatTest
Tests run: 1, Failures: 0, Errors: 1, Skipped: 0, Time elapsed: 0.004 sec <<< FAILURE!
Running org.apache.accumulo.core.conf.PropertyTest
Tests run: 3, Failures: 0, Errors: 0, Skipped: 0, Time elapsed: 0 sec

Results :

Tests in error: 
  test1(org.apache.accumulo.core.iterators.FirstEntryInRowTest)
  test2(org.apache.accumulo.core.iterators.FirstEntryInRowTest)
  test(org.apache.accumulo.core.client.mapreduce.AccumuloRowInputFormatTest): Can't create object
  testSet(org.apache.accumulo.core.client.mapreduce.AccumuloFileOutputFormatTest): Can't create object
  testRealWrite(org.apache.accumulo.core.client.mapreduce.AccumuloFileOutputFormatTest): Can't create object
  testEmptyWrite(org.apache.accumulo.core.client.mapreduce.AccumuloFileOutputFormatTest): Can't create object
  testUnset(org.apache.accumulo.core.client.mapreduce.AccumuloFileOutputFormatTest): Can't create object
  testSimple(org.apache.accumulo.core.client.mapreduce.AccumuloInputFormatTest): Can't create object
  testMaxVersionsLessThan1(org.apache.accumulo.core.client.mapreduce.AccumuloInputFormatTest): Unexpected exception, expected<java.io.IOException> but was<java.lang.IllegalArgumentException>
  testAddIterator(org.apache.accumulo.core.client.mapreduce.AccumuloInputFormatTest): Can't create object
  testIteratorOptionEncoding(org.apache.accumulo.core.client.mapreduce.AccumuloInputFormatTest): java.io.IOException: failure to login
  testGetIteratorSettings(org.apache.accumulo.core.client.mapreduce.AccumuloInputFormatTest): Can't create object
  testSetRegex(org.apache.accumulo.core.client.mapreduce.AccumuloInputFormatTest): Can't create object
  testMap(org.apache.accumulo.core.client.mapreduce.AccumuloInputFormatTest): java.io.IOException: failure to login
  testMaxVersions(org.apache.accumulo.core.client.mapreduce.AccumuloInputFormatTest): Can't create object
  testSetIterator(org.apache.accumulo.core.client.mapreduce.AccumuloInputFormatTest): Can't create object
  testNoMaxVersion(org.apache.accumulo.core.client.mapreduce.AccumuloInputFormatTest): Can't create object
  testSubBins(org.apache.accumulo.core.client.mapreduce.lib.partition.RangePartitionerTest): Can't create object
  testNoSubBins(org.apache.accumulo.core.client.mapreduce.lib.partition.RangePartitionerTest): Can't create object
  testMR(org.apache.accumulo.core.client.mapreduce.AccumuloOutputFormatTest): java.io.IOException: failure to login

Tests run: 281, Failures: 0, Errors: 20, Skipped: 0

[[1;34mINFO[m] [1m------------------------------------------------------------------------[m
[[1;34mINFO[m] [1;31mBUILD FAILURE[m
[[1;34mINFO[m] [1m------------------------------------------------------------------------[m
[[1;34mINFO[m] Total time:  11.552 s
[[1;34mINFO[m] Finished at: 2022-08-04T22:49:25-07:00
[[1;34mINFO[m] [1m------------------------------------------------------------------------[m
[[1;31mERROR[m] Failed to execute goal [32morg.apache.maven.plugins:maven-surefire-plugin:2.12:test[m [1m(default-test)[m on project [36maccumulo-core[m: [1;31mThere are test failures.[m
[[1;31mERROR[m] [1;31m[m
[[1;31mERROR[m] [1;31mPlease refer to /home/user/Workspace/reproducibility/Reproducibility-Scanner/benchmarks/bugs-dot-jar/accumulo/core/target/surefire-reports for the individual test results.[m
[[1;31mERROR[m] -> [1m[Help 1][m
[[1;31mERROR[m] 
[[1;31mERROR[m] To see the full stack trace of the errors, re-run Maven with the [1m-e[m switch.
[[1;31mERROR[m] Re-run Maven using the [1m-X[m switch to enable full debug logging.
[[1;31mERROR[m] 
[[1;31mERROR[m] For more information about the errors and possible solutions, please read the following articles:
[[1;31mERROR[m] [1m[Help 1][m http://cwiki.apache.org/confluence/display/MAVEN/MojoFailureException