[[1;34mINFO[m] Scanning for projects...
[[1;33mWARNING[m] 
[[1;33mWARNING[m] Some problems were encountered while building the effective model for org.apache.maven:maven-core:jar:2.1-SNAPSHOT
[[1;33mWARNING[m] The expression ${version} is deprecated. Please use ${project.version} instead.
[[1;33mWARNING[m] 
[[1;33mWARNING[m] Some problems were encountered while building the effective model for org.apache.maven:maven-plugin-tools-model:jar:2.1-SNAPSHOT
[[1;33mWARNING[m] 'build.plugins.plugin.version' for org.codehaus.modello:modello-maven-plugin is missing. @ line 14, column 15
[[1;33mWARNING[m] 
[[1;33mWARNING[m] It is highly recommended to fix these problems because they threaten the stability of your build.
[[1;33mWARNING[m] 
[[1;33mWARNING[m] For this reason, future Maven versions might no longer support building such malformed projects.
[[1;33mWARNING[m] 
[[1;34mINFO[m] [1m------------------------------------------------------------------------[m
[[1;34mINFO[m] [1mReactor Build Order:[m
[[1;34mINFO[m] 
[[1;34mINFO[m] Maven                                                              [pom]
[[1;34mINFO[m] Maven Model                                                        [jar]
[[1;34mINFO[m] Maven Local Settings Model                                         [jar]
[[1;34mINFO[m] Maven Repository Metadata Model                                    [jar]
[[1;34mINFO[m] Maven Artifact                                                     [jar]
[[1;34mINFO[m] Maven Artifact Manager                                             [jar]
[[1;34mINFO[m] Maven Artifact Test Helper Library                                 [jar]
[[1;34mINFO[m] Maven Profile Model                                                [jar]
[[1;34mINFO[m] Maven Project Builder                                              [jar]
[[1;34mINFO[m] Maven Archiver                                                     [jar]
[[1;34mINFO[m] Maven Plugin Parameter Documenter API                              [jar]
[[1;34mINFO[m] Maven Reporting                                                    [pom]
[[1;34mINFO[m] Maven Reporting API                                                [jar]
[[1;34mINFO[m] Maven Error Diagnostics                                            [jar]
[[1;34mINFO[m] Maven Plugin Registry Model                                        [jar]
[[1;34mINFO[m] Maven Plugin API                                                   [jar]
[[1;34mINFO[m] Maven Plugin Descriptor Model                                      [jar]
[[1;34mINFO[m] Maven Monitor                                                      [jar]
[[1;34mINFO[m] Maven Core                                                         [jar]
[[1;34mINFO[m] Maven Model Converter                                              [jar]
[[1;34mINFO[m] Maven Plugin Tools Base POM                                        [pom]
[[1;34mINFO[m] Maven Plugin Tools APIs                                            [jar]
[[1;34mINFO[m] Maven Plugin Tools for Java                                        [jar]
[[1;34mINFO[m] Maven Plugin Tools for Beanshell                                   [jar]
[[1;34mINFO[m] Maven Pluggy Simplistic Plugin Generator                           [jar]
[[1;34mINFO[m] Maven Plugin Metadata Model                                        [jar]
[[1;34mINFO[m] Maven Ant Plugin Tools                                             [jar]
[[1;34mINFO[m] Maven Reporting                                                    [jar]
[[1;34mINFO[m] Maven Script Support Root                                          [pom]
[[1;34mINFO[m] Maven Ant Mojo Support                                             [jar]
[[1;34mINFO[m] Maven Beanshell Mojo Support                                       [jar]
[[1;34mINFO[m] 
[[1;34mINFO[m] [1m-----------------------< [0;36morg.apache.maven:maven[0;1m >-----------------------[m
[[1;34mINFO[m] [1mBuilding Maven 2.1-SNAPSHOT                                       [1/31][m
[[1;34mINFO[m] [1m--------------------------------[ pom ]---------------------------------[m
[[1;34mINFO[m] 
[[1;34mINFO[m] [1m--- [0;32mmaven-install-plugin:2.4:install[m [1m(default-install)[m @ [36mmaven[0;1m ---[m
[[1;34mINFO[m] Installing /home/user/Reproducibility-Scanner/benchmarks/bugs-dot-jar/maven/pom.xml to /home/user/.m2/repository/org/apache/maven/maven/2.1-SNAPSHOT/maven-2.1-SNAPSHOT.pom
[[1;34mINFO[m] 
[[1;34mINFO[m] [1m--------------------< [0;36morg.apache.maven:maven-model[0;1m >--------------------[m
[[1;34mINFO[m] [1mBuilding Maven Model 2.1-SNAPSHOT                                 [2/31][m
[[1;34mINFO[m] [1m--------------------------------[ jar ]---------------------------------[m
[[1;34mINFO[m] 
[[1;34mINFO[m] [1m--- [0;32mmodello-maven-plugin:1.0-alpha-8:xpp3-writer[m [1m(default)[m @ [36mmaven-model[0;1m ---[m
[[1;34mINFO[m] outputDirectory: /home/user/Reproducibility-Scanner/benchmarks/bugs-dot-jar/maven/maven-model/target/generated-sources/modello
[[1;34mINFO[m] 
[[1;34mINFO[m] [1m--- [0;32mmodello-maven-plugin:1.0-alpha-8:java[m [1m(default)[m @ [36mmaven-model[0;1m ---[m
[[1;34mINFO[m] outputDirectory: /home/user/Reproducibility-Scanner/benchmarks/bugs-dot-jar/maven/maven-model/target/generated-sources/modello
[[1;34mINFO[m] 
[[1;34mINFO[m] [1m--- [0;32mmodello-maven-plugin:1.0-alpha-8:xpp3-reader[m [1m(default)[m @ [36mmaven-model[0;1m ---[m
[[1;34mINFO[m] outputDirectory: /home/user/Reproducibility-Scanner/benchmarks/bugs-dot-jar/maven/maven-model/target/generated-sources/modello
[[1;34mINFO[m] 
[[1;34mINFO[m] [1m--- [0;32mmodello-maven-plugin:1.0-alpha-8:xsd[m [1m(default)[m @ [36mmaven-model[0;1m ---[m
[[1;34mINFO[m] outputDirectory: /home/user/Reproducibility-Scanner/benchmarks/bugs-dot-jar/maven/maven-model/target/generated-site/xsd
[[1;34mINFO[m] 
[[1;34mINFO[m] [1m--- [0;32mmaven-resources-plugin:2.6:resources[m [1m(default-resources)[m @ [36mmaven-model[0;1m ---[m
[[1;33mWARNING[m] Using platform encoding (UTF-8 actually) to copy filtered resources, i.e. build is platform dependent!
[[1;34mINFO[m] skip non existing resourceDirectory /home/user/Reproducibility-Scanner/benchmarks/bugs-dot-jar/maven/maven-model/src/main/resources
[[1;34mINFO[m] 
[[1;34mINFO[m] [1m--- [0;32mmaven-compiler-plugin:3.1:compile[m [1m(default-compile)[m @ [36mmaven-model[0;1m ---[m
[[1;34mINFO[m] Changes detected - recompiling the module!
[[1;33mWARNING[m] File encoding has not been set, using platform encoding UTF-8, i.e. build is platform dependent!
[[1;34mINFO[m] Compiling 45 source files to /home/user/Reproducibility-Scanner/benchmarks/bugs-dot-jar/maven/maven-model/target/classes
[[1;33mWARNING[m] /home/user/Reproducibility-Scanner/benchmarks/bugs-dot-jar/maven/maven-model/target/generated-sources/modello/org/apache/maven/model/PluginContainer.java: Some input files use unchecked or unsafe operations.
[[1;33mWARNING[m] /home/user/Reproducibility-Scanner/benchmarks/bugs-dot-jar/maven/maven-model/target/generated-sources/modello/org/apache/maven/model/PluginContainer.java: Recompile with -Xlint:unchecked for details.
[[1;34mINFO[m] 
[[1;34mINFO[m] [1m--- [0;32mmaven-resources-plugin:2.6:testResources[m [1m(default-testResources)[m @ [36mmaven-model[0;1m ---[m
[[1;33mWARNING[m] Using platform encoding (UTF-8 actually) to copy filtered resources, i.e. build is platform dependent!
[[1;34mINFO[m] skip non existing resourceDirectory /home/user/Reproducibility-Scanner/benchmarks/bugs-dot-jar/maven/maven-model/src/test/resources
[[1;34mINFO[m] 
[[1;34mINFO[m] [1m--- [0;32mmaven-compiler-plugin:3.1:testCompile[m [1m(default-testCompile)[m @ [36mmaven-model[0;1m ---[m
[[1;34mINFO[m] No sources to compile
[[1;34mINFO[m] 
[[1;34mINFO[m] [1m--- [0;32mmaven-surefire-plugin:2.12.4:test[m [1m(default-test)[m @ [36mmaven-model[0;1m ---[m
[[1;34mINFO[m] Tests are skipped.
[[1;34mINFO[m] 
[[1;34mINFO[m] [1m--- [0;32mmaven-jar-plugin:2.4:jar[m [1m(default-jar)[m @ [36mmaven-model[0;1m ---[m
[[1;34mINFO[m] Building jar: /home/user/Reproducibility-Scanner/benchmarks/bugs-dot-jar/maven/maven-model/target/maven-model-2.1-SNAPSHOT.jar
[[1;34mINFO[m] 
[[1;34mINFO[m] [1m--- [0;32mmaven-install-plugin:2.4:install[m [1m(default-install)[m @ [36mmaven-model[0;1m ---[m
[[1;34mINFO[m] Installing /home/user/Reproducibility-Scanner/benchmarks/bugs-dot-jar/maven/maven-model/target/maven-model-2.1-SNAPSHOT.jar to /home/user/.m2/repository/org/apache/maven/maven-model/2.1-SNAPSHOT/maven-model-2.1-SNAPSHOT.jar
[[1;34mINFO[m] Installing /home/user/Reproducibility-Scanner/benchmarks/bugs-dot-jar/maven/maven-model/pom.xml to /home/user/.m2/repository/org/apache/maven/maven-model/2.1-SNAPSHOT/maven-model-2.1-SNAPSHOT.pom
[[1;34mINFO[m] 
[[1;34mINFO[m] [1m------------------< [0;36morg.apache.maven:maven-settings[0;1m >-------------------[m
[[1;34mINFO[m] [1mBuilding Maven Local Settings Model 2.1-SNAPSHOT                  [3/31][m
[[1;34mINFO[m] [1m--------------------------------[ jar ]---------------------------------[m
[[1;34mINFO[m] 
[[1;34mINFO[m] [1m--- [0;32mmodello-maven-plugin:1.0-alpha-7:xpp3-writer[m [1m(default)[m @ [36mmaven-settings[0;1m ---[m
[[1;34mINFO[m] outputDirectory: /home/user/Reproducibility-Scanner/benchmarks/bugs-dot-jar/maven/maven-settings/target/generated-sources/modello
[[1;34mINFO[m] 
[[1;34mINFO[m] [1m--- [0;32mmodello-maven-plugin:1.0-alpha-7:java[m [1m(default)[m @ [36mmaven-settings[0;1m ---[m
[[1;34mINFO[m] outputDirectory: /home/user/Reproducibility-Scanner/benchmarks/bugs-dot-jar/maven/maven-settings/target/generated-sources/modello
[[1;34mINFO[m] 
[[1;34mINFO[m] [1m--- [0;32mmodello-maven-plugin:1.0-alpha-7:xpp3-reader[m [1m(default)[m @ [36mmaven-settings[0;1m ---[m
[[1;34mINFO[m] outputDirectory: /home/user/Reproducibility-Scanner/benchmarks/bugs-dot-jar/maven/maven-settings/target/generated-sources/modello
[[1;34mINFO[m] 
[[1;34mINFO[m] [1m--- [0;32mmaven-resources-plugin:2.6:resources[m [1m(default-resources)[m @ [36mmaven-settings[0;1m ---[m
[[1;33mWARNING[m] Using platform encoding (UTF-8 actually) to copy filtered resources, i.e. build is platform dependent!
[[1;34mINFO[m] Copying 1 resource
[[1;34mINFO[m] 
[[1;34mINFO[m] [1m--- [0;32mmaven-compiler-plugin:3.1:compile[m [1m(default-compile)[m @ [36mmaven-settings[0;1m ---[m
[[1;34mINFO[m] Changes detected - recompiling the module!
[[1;33mWARNING[m] File encoding has not been set, using platform encoding UTF-8, i.e. build is platform dependent!
[[1;34mINFO[m] Compiling 20 source files to /home/user/Reproducibility-Scanner/benchmarks/bugs-dot-jar/maven/maven-settings/target/classes
[[1;33mWARNING[m] /home/user/Reproducibility-Scanner/benchmarks/bugs-dot-jar/maven/maven-settings/target/generated-sources/modello/org/apache/maven/settings/Settings.java: Some input files use unchecked or unsafe operations.
[[1;33mWARNING[m] /home/user/Reproducibility-Scanner/benchmarks/bugs-dot-jar/maven/maven-settings/target/generated-sources/modello/org/apache/maven/settings/Settings.java: Recompile with -Xlint:unchecked for details.
[[1;34mINFO[m] 
[[1;34mINFO[m] [1m--- [0;32mmaven-resources-plugin:2.6:testResources[m [1m(default-testResources)[m @ [36mmaven-settings[0;1m ---[m
[[1;33mWARNING[m] Using platform encoding (UTF-8 actually) to copy filtered resources, i.e. build is platform dependent!
[[1;34mINFO[m] skip non existing resourceDirectory /home/user/Reproducibility-Scanner/benchmarks/bugs-dot-jar/maven/maven-settings/src/test/resources
[[1;34mINFO[m] 
[[1;34mINFO[m] [1m--- [0;32mmaven-compiler-plugin:3.1:testCompile[m [1m(default-testCompile)[m @ [36mmaven-settings[0;1m ---[m
[[1;34mINFO[m] Changes detected - recompiling the module!
[[1;33mWARNING[m] File encoding has not been set, using platform encoding UTF-8, i.e. build is platform dependent!
[[1;34mINFO[m] Compiling 1 source file to /home/user/Reproducibility-Scanner/benchmarks/bugs-dot-jar/maven/maven-settings/target/test-classes
[[1;34mINFO[m] 
[[1;34mINFO[m] [1m--- [0;32mmaven-surefire-plugin:2.12.4:test[m [1m(default-test)[m @ [36mmaven-settings[0;1m ---[m
[[1;34mINFO[m] Tests are skipped.
[[1;34mINFO[m] 
[[1;34mINFO[m] [1m--- [0;32mmaven-jar-plugin:2.4:jar[m [1m(default-jar)[m @ [36mmaven-settings[0;1m ---[m
[[1;34mINFO[m] Building jar: /home/user/Reproducibility-Scanner/benchmarks/bugs-dot-jar/maven/maven-settings/target/maven-settings-2.1-SNAPSHOT.jar
[[1;34mINFO[m] 
[[1;34mINFO[m] [1m--- [0;32mmaven-install-plugin:2.4:install[m [1m(default-install)[m @ [36mmaven-settings[0;1m ---[m
[[1;34mINFO[m] Installing /home/user/Reproducibility-Scanner/benchmarks/bugs-dot-jar/maven/maven-settings/target/maven-settings-2.1-SNAPSHOT.jar to /home/user/.m2/repository/org/apache/maven/maven-settings/2.1-SNAPSHOT/maven-settings-2.1-SNAPSHOT.jar
[[1;34mINFO[m] Installing /home/user/Reproducibility-Scanner/benchmarks/bugs-dot-jar/maven/maven-settings/pom.xml to /home/user/.m2/repository/org/apache/maven/maven-settings/2.1-SNAPSHOT/maven-settings-2.1-SNAPSHOT.pom
[[1;34mINFO[m] 
[[1;34mINFO[m] [1m-------------< [0;36morg.apache.maven:maven-repository-metadata[0;1m >-------------[m
[[1;34mINFO[m] [1mBuilding Maven Repository Metadata Model 2.1-SNAPSHOT             [4/31][m
[[1;34mINFO[m] [1m--------------------------------[ jar ]---------------------------------[m
[[1;34mINFO[m] 
[[1;34mINFO[m] [1m--- [0;32mmodello-maven-plugin:1.0-alpha-7:xpp3-writer[m [1m(default)[m @ [36mmaven-repository-metadata[0;1m ---[m
[[1;34mINFO[m] outputDirectory: /home/user/Reproducibility-Scanner/benchmarks/bugs-dot-jar/maven/maven-repository-metadata/target/generated-sources/modello
[[1;34mINFO[m] 
[[1;34mINFO[m] [1m--- [0;32mmodello-maven-plugin:1.0-alpha-7:java[m [1m(default)[m @ [36mmaven-repository-metadata[0;1m ---[m
[[1;34mINFO[m] outputDirectory: /home/user/Reproducibility-Scanner/benchmarks/bugs-dot-jar/maven/maven-repository-metadata/target/generated-sources/modello
[[1;34mINFO[m] 
[[1;34mINFO[m] [1m--- [0;32mmodello-maven-plugin:1.0-alpha-7:xpp3-reader[m [1m(default)[m @ [36mmaven-repository-metadata[0;1m ---[m
[[1;34mINFO[m] outputDirectory: /home/user/Reproducibility-Scanner/benchmarks/bugs-dot-jar/maven/maven-repository-metadata/target/generated-sources/modello
[[1;34mINFO[m] 
[[1;34mINFO[m] [1m--- [0;32mmodello-maven-plugin:1.0-alpha-7:xsd[m [1m(default)[m @ [36mmaven-repository-metadata[0;1m ---[m
[[1;34mINFO[m] outputDirectory: /home/user/Reproducibility-Scanner/benchmarks/bugs-dot-jar/maven/maven-repository-metadata/target/generated-site/xsd
[[1;34mINFO[m] 
[[1;34mINFO[m] [1m--- [0;32mmaven-resources-plugin:2.6:resources[m [1m(default-resources)[m @ [36mmaven-repository-metadata[0;1m ---[m
[[1;33mWARNING[m] Using platform encoding (UTF-8 actually) to copy filtered resources, i.e. build is platform dependent!
[[1;34mINFO[m] skip non existing resourceDirectory /home/user/Reproducibility-Scanner/benchmarks/bugs-dot-jar/maven/maven-repository-metadata/src/main/resources
[[1;34mINFO[m] 
[[1;34mINFO[m] [1m--- [0;32mmaven-compiler-plugin:3.1:compile[m [1m(default-compile)[m @ [36mmaven-repository-metadata[0;1m ---[m
[[1;34mINFO[m] Changes detected - recompiling the module!
[[1;33mWARNING[m] File encoding has not been set, using platform encoding UTF-8, i.e. build is platform dependent!
[[1;34mINFO[m] Compiling 6 source files to /home/user/Reproducibility-Scanner/benchmarks/bugs-dot-jar/maven/maven-repository-metadata/target/classes
[[1;33mWARNING[m] /home/user/Reproducibility-Scanner/benchmarks/bugs-dot-jar/maven/maven-repository-metadata/target/generated-sources/modello/org/apache/maven/artifact/repository/metadata/io/xpp3/MetadataXpp3Reader.java: Some input files use unchecked or unsafe operations.
[[1;33mWARNING[m] /home/user/Reproducibility-Scanner/benchmarks/bugs-dot-jar/maven/maven-repository-metadata/target/generated-sources/modello/org/apache/maven/artifact/repository/metadata/io/xpp3/MetadataXpp3Reader.java: Recompile with -Xlint:unchecked for details.
[[1;34mINFO[m] 
[[1;34mINFO[m] [1m--- [0;32mmaven-resources-plugin:2.6:testResources[m [1m(default-testResources)[m @ [36mmaven-repository-metadata[0;1m ---[m
[[1;33mWARNING[m] Using platform encoding (UTF-8 actually) to copy filtered resources, i.e. build is platform dependent!
[[1;34mINFO[m] skip non existing resourceDirectory /home/user/Reproducibility-Scanner/benchmarks/bugs-dot-jar/maven/maven-repository-metadata/src/test/resources
[[1;34mINFO[m] 
[[1;34mINFO[m] [1m--- [0;32mmaven-compiler-plugin:3.1:testCompile[m [1m(default-testCompile)[m @ [36mmaven-repository-metadata[0;1m ---[m
[[1;34mINFO[m] No sources to compile
[[1;34mINFO[m] 
[[1;34mINFO[m] [1m--- [0;32mmaven-surefire-plugin:2.12.4:test[m [1m(default-test)[m @ [36mmaven-repository-metadata[0;1m ---[m
[[1;34mINFO[m] Tests are skipped.
[[1;34mINFO[m] 
[[1;34mINFO[m] [1m--- [0;32mmaven-jar-plugin:2.4:jar[m [1m(default-jar)[m @ [36mmaven-repository-metadata[0;1m ---[m
[[1;34mINFO[m] Building jar: /home/user/Reproducibility-Scanner/benchmarks/bugs-dot-jar/maven/maven-repository-metadata/target/maven-repository-metadata-2.1-SNAPSHOT.jar
[[1;34mINFO[m] 
[[1;34mINFO[m] [1m--- [0;32mmaven-install-plugin:2.4:install[m [1m(default-install)[m @ [36mmaven-repository-metadata[0;1m ---[m
[[1;34mINFO[m] Installing /home/user/Reproducibility-Scanner/benchmarks/bugs-dot-jar/maven/maven-repository-metadata/target/maven-repository-metadata-2.1-SNAPSHOT.jar to /home/user/.m2/repository/org/apache/maven/maven-repository-metadata/2.1-SNAPSHOT/maven-repository-metadata-2.1-SNAPSHOT.jar
[[1;34mINFO[m] Installing /home/user/Reproducibility-Scanner/benchmarks/bugs-dot-jar/maven/maven-repository-metadata/pom.xml to /home/user/.m2/repository/org/apache/maven/maven-repository-metadata/2.1-SNAPSHOT/maven-repository-metadata-2.1-SNAPSHOT.pom
[[1;34mINFO[m] 
[[1;34mINFO[m] [1m------------------< [0;36morg.apache.maven:maven-artifact[0;1m >-------------------[m
[[1;34mINFO[m] [1mBuilding Maven Artifact 2.1-SNAPSHOT                              [5/31][m
[[1;34mINFO[m] [1m--------------------------------[ jar ]---------------------------------[m
[[1;34mINFO[m] 
[[1;34mINFO[m] [1m--- [0;32mmaven-resources-plugin:2.6:resources[m [1m(default-resources)[m @ [36mmaven-artifact[0;1m ---[m
[[1;33mWARNING[m] Using platform encoding (UTF-8 actually) to copy filtered resources, i.e. build is platform dependent!
[[1;34mINFO[m] Copying 1 resource
[[1;34mINFO[m] 
[[1;34mINFO[m] [1m--- [0;32mmaven-compiler-plugin:3.1:compile[m [1m(default-compile)[m @ [36mmaven-artifact[0;1m ---[m
[[1;34mINFO[m] Changes detected - recompiling the module!
[[1;33mWARNING[m] File encoding has not been set, using platform encoding UTF-8, i.e. build is platform dependent!
[[1;34mINFO[m] Compiling 62 source files to /home/user/Reproducibility-Scanner/benchmarks/bugs-dot-jar/maven/maven-artifact/target/classes
[[1;33mWARNING[m] /home/user/Reproducibility-Scanner/benchmarks/bugs-dot-jar/maven/maven-artifact/src/main/java/org/apache/maven/artifact/resolver/AbstractArtifactResolutionException.java: Some input files use unchecked or unsafe operations.
[[1;33mWARNING[m] /home/user/Reproducibility-Scanner/benchmarks/bugs-dot-jar/maven/maven-artifact/src/main/java/org/apache/maven/artifact/resolver/AbstractArtifactResolutionException.java: Recompile with -Xlint:unchecked for details.
[[1;34mINFO[m] 
[[1;34mINFO[m] [1m--- [0;32mmaven-resources-plugin:2.6:testResources[m [1m(default-testResources)[m @ [36mmaven-artifact[0;1m ---[m
[[1;33mWARNING[m] Using platform encoding (UTF-8 actually) to copy filtered resources, i.e. build is platform dependent!
[[1;34mINFO[m] skip non existing resourceDirectory /home/user/Reproducibility-Scanner/benchmarks/bugs-dot-jar/maven/maven-artifact/src/test/resources
[[1;34mINFO[m] 
[[1;34mINFO[m] [1m--- [0;32mmaven-compiler-plugin:3.1:testCompile[m [1m(default-testCompile)[m @ [36mmaven-artifact[0;1m ---[m
[[1;34mINFO[m] Changes detected - recompiling the module!
[[1;33mWARNING[m] File encoding has not been set, using platform encoding UTF-8, i.e. build is platform dependent!
[[1;34mINFO[m] Compiling 6 source files to /home/user/Reproducibility-Scanner/benchmarks/bugs-dot-jar/maven/maven-artifact/target/test-classes
[[1;33mWARNING[m] /home/user/Reproducibility-Scanner/benchmarks/bugs-dot-jar/maven/maven-artifact/src/test/java/org/apache/maven/artifact/resolver/DefaultArtifactCollectorTest.java: /home/user/Reproducibility-Scanner/benchmarks/bugs-dot-jar/maven/maven-artifact/src/test/java/org/apache/maven/artifact/resolver/DefaultArtifactCollectorTest.java uses unchecked or unsafe operations.
[[1;33mWARNING[m] /home/user/Reproducibility-Scanner/benchmarks/bugs-dot-jar/maven/maven-artifact/src/test/java/org/apache/maven/artifact/resolver/DefaultArtifactCollectorTest.java: Recompile with -Xlint:unchecked for details.
[[1;34mINFO[m] 
[[1;34mINFO[m] [1m--- [0;32mmaven-surefire-plugin:2.12.4:test[m [1m(default-test)[m @ [36mmaven-artifact[0;1m ---[m
[[1;34mINFO[m] Tests are skipped.
[[1;34mINFO[m] 
[[1;34mINFO[m] [1m--- [0;32mmaven-jar-plugin:2.4:jar[m [1m(default-jar)[m @ [36mmaven-artifact[0;1m ---[m
[[1;34mINFO[m] Building jar: /home/user/Reproducibility-Scanner/benchmarks/bugs-dot-jar/maven/maven-artifact/target/maven-artifact-2.1-SNAPSHOT.jar
[[1;34mINFO[m] 
[[1;34mINFO[m] [1m--- [0;32mmaven-install-plugin:2.4:install[m [1m(default-install)[m @ [36mmaven-artifact[0;1m ---[m
[[1;34mINFO[m] Installing /home/user/Reproducibility-Scanner/benchmarks/bugs-dot-jar/maven/maven-artifact/target/maven-artifact-2.1-SNAPSHOT.jar to /home/user/.m2/repository/org/apache/maven/maven-artifact/2.1-SNAPSHOT/maven-artifact-2.1-SNAPSHOT.jar
[[1;34mINFO[m] Installing /home/user/Reproducibility-Scanner/benchmarks/bugs-dot-jar/maven/maven-artifact/pom.xml to /home/user/.m2/repository/org/apache/maven/maven-artifact/2.1-SNAPSHOT/maven-artifact-2.1-SNAPSHOT.pom
[[1;34mINFO[m] 
[[1;34mINFO[m] [1m--------------< [0;36morg.apache.maven:maven-artifact-manager[0;1m >---------------[m
[[1;34mINFO[m] [1mBuilding Maven Artifact Manager 2.1-SNAPSHOT                      [6/31][m
[[1;34mINFO[m] [1m--------------------------------[ jar ]---------------------------------[m
[[1;34mINFO[m] 
[[1;34mINFO[m] [1m--- [0;32mmaven-resources-plugin:2.6:resources[m [1m(default-resources)[m @ [36mmaven-artifact-manager[0;1m ---[m
[[1;33mWARNING[m] Using platform encoding (UTF-8 actually) to copy filtered resources, i.e. build is platform dependent!
[[1;34mINFO[m] Copying 1 resource
[[1;34mINFO[m] 
[[1;34mINFO[m] [1m--- [0;32mmaven-compiler-plugin:3.1:compile[m [1m(default-compile)[m @ [36mmaven-artifact-manager[0;1m ---[m
[[1;34mINFO[m] Changes detected - recompiling the module!
[[1;33mWARNING[m] File encoding has not been set, using platform encoding UTF-8, i.e. build is platform dependent!
[[1;34mINFO[m] Compiling 23 source files to /home/user/Reproducibility-Scanner/benchmarks/bugs-dot-jar/maven/maven-artifact-manager/target/classes
[[1;33mWARNING[m] /home/user/Reproducibility-Scanner/benchmarks/bugs-dot-jar/maven/maven-artifact-manager/src/main/java/org/apache/maven/artifact/manager/DefaultWagonManager.java: Some input files use unchecked or unsafe operations.
[[1;33mWARNING[m] /home/user/Reproducibility-Scanner/benchmarks/bugs-dot-jar/maven/maven-artifact-manager/src/main/java/org/apache/maven/artifact/manager/DefaultWagonManager.java: Recompile with -Xlint:unchecked for details.
[[1;34mINFO[m] 
[[1;34mINFO[m] [1m--- [0;32mmaven-resources-plugin:2.6:testResources[m [1m(default-testResources)[m @ [36mmaven-artifact-manager[0;1m ---[m
[[1;33mWARNING[m] Using platform encoding (UTF-8 actually) to copy filtered resources, i.e. build is platform dependent!
[[1;34mINFO[m] Copying 6 resources
[[1;34mINFO[m] 
[[1;34mINFO[m] [1m--- [0;32mmaven-compiler-plugin:3.1:testCompile[m [1m(default-testCompile)[m @ [36mmaven-artifact-manager[0;1m ---[m
[[1;34mINFO[m] Changes detected - recompiling the module!
[[1;33mWARNING[m] File encoding has not been set, using platform encoding UTF-8, i.e. build is platform dependent!
[[1;34mINFO[m] Compiling 8 source files to /home/user/Reproducibility-Scanner/benchmarks/bugs-dot-jar/maven/maven-artifact-manager/target/test-classes
[[1;33mWARNING[m] /home/user/Reproducibility-Scanner/benchmarks/bugs-dot-jar/maven/maven-artifact-manager/src/test/java/org/apache/maven/artifact/AbstractArtifactComponentTestCase.java: Some input files use unchecked or unsafe operations.
[[1;33mWARNING[m] /home/user/Reproducibility-Scanner/benchmarks/bugs-dot-jar/maven/maven-artifact-manager/src/test/java/org/apache/maven/artifact/AbstractArtifactComponentTestCase.java: Recompile with -Xlint:unchecked for details.
[[1;34mINFO[m] 
[[1;34mINFO[m] [1m--- [0;32mmaven-surefire-plugin:2.12.4:test[m [1m(default-test)[m @ [36mmaven-artifact-manager[0;1m ---[m
[[1;34mINFO[m] Tests are skipped.
[[1;34mINFO[m] 
[[1;34mINFO[m] [1m--- [0;32mmaven-jar-plugin:2.4:jar[m [1m(default-jar)[m @ [36mmaven-artifact-manager[0;1m ---[m
[[1;34mINFO[m] Building jar: /home/user/Reproducibility-Scanner/benchmarks/bugs-dot-jar/maven/maven-artifact-manager/target/maven-artifact-manager-2.1-SNAPSHOT.jar
[[1;34mINFO[m] 
[[1;34mINFO[m] [1m--- [0;32mmaven-install-plugin:2.4:install[m [1m(default-install)[m @ [36mmaven-artifact-manager[0;1m ---[m
[[1;34mINFO[m] Installing /home/user/Reproducibility-Scanner/benchmarks/bugs-dot-jar/maven/maven-artifact-manager/target/maven-artifact-manager-2.1-SNAPSHOT.jar to /home/user/.m2/repository/org/apache/maven/maven-artifact-manager/2.1-SNAPSHOT/maven-artifact-manager-2.1-SNAPSHOT.jar
[[1;34mINFO[m] Installing /home/user/Reproducibility-Scanner/benchmarks/bugs-dot-jar/maven/maven-artifact-manager/pom.xml to /home/user/.m2/repository/org/apache/maven/maven-artifact-manager/2.1-SNAPSHOT/maven-artifact-manager-2.1-SNAPSHOT.pom
[[1;34mINFO[m] 
[[1;34mINFO[m] [1m----------------< [0;36morg.apache.maven:maven-artifact-test[0;1m >----------------[m
[[1;34mINFO[m] [1mBuilding Maven Artifact Test Helper Library 2.1-SNAPSHOT          [7/31][m
[[1;34mINFO[m] [1m--------------------------------[ jar ]---------------------------------[m
[[1;34mINFO[m] 
[[1;34mINFO[m] [1m--- [0;32mmaven-resources-plugin:2.6:resources[m [1m(default-resources)[m @ [36mmaven-artifact-test[0;1m ---[m
[[1;33mWARNING[m] Using platform encoding (UTF-8 actually) to copy filtered resources, i.e. build is platform dependent!
[[1;34mINFO[m] skip non existing resourceDirectory /home/user/Reproducibility-Scanner/benchmarks/bugs-dot-jar/maven/maven-artifact-test/src/main/resources
[[1;34mINFO[m] 
[[1;34mINFO[m] [1m--- [0;32mmaven-compiler-plugin:3.1:compile[m [1m(default-compile)[m @ [36mmaven-artifact-test[0;1m ---[m
[[1;34mINFO[m] Changes detected - recompiling the module!
[[1;33mWARNING[m] File encoding has not been set, using platform encoding UTF-8, i.e. build is platform dependent!
[[1;34mINFO[m] Compiling 1 source file to /home/user/Reproducibility-Scanner/benchmarks/bugs-dot-jar/maven/maven-artifact-test/target/classes
[[1;34mINFO[m] 
[[1;34mINFO[m] [1m--- [0;32mmaven-resources-plugin:2.6:testResources[m [1m(default-testResources)[m @ [36mmaven-artifact-test[0;1m ---[m
[[1;33mWARNING[m] Using platform encoding (UTF-8 actually) to copy filtered resources, i.e. build is platform dependent!
[[1;34mINFO[m] skip non existing resourceDirectory /home/user/Reproducibility-Scanner/benchmarks/bugs-dot-jar/maven/maven-artifact-test/src/test/resources
[[1;34mINFO[m] 
[[1;34mINFO[m] [1m--- [0;32mmaven-compiler-plugin:3.1:testCompile[m [1m(default-testCompile)[m @ [36mmaven-artifact-test[0;1m ---[m
[[1;34mINFO[m] No sources to compile
[[1;34mINFO[m] 
[[1;34mINFO[m] [1m--- [0;32mmaven-surefire-plugin:2.12.4:test[m [1m(default-test)[m @ [36mmaven-artifact-test[0;1m ---[m
[[1;34mINFO[m] Tests are skipped.
[[1;34mINFO[m] 
[[1;34mINFO[m] [1m--- [0;32mmaven-jar-plugin:2.4:jar[m [1m(default-jar)[m @ [36mmaven-artifact-test[0;1m ---[m
[[1;34mINFO[m] Building jar: /home/user/Reproducibility-Scanner/benchmarks/bugs-dot-jar/maven/maven-artifact-test/target/maven-artifact-test-2.1-SNAPSHOT.jar
[[1;34mINFO[m] 
[[1;34mINFO[m] [1m--- [0;32mmaven-install-plugin:2.4:install[m [1m(default-install)[m @ [36mmaven-artifact-test[0;1m ---[m
[[1;34mINFO[m] Installing /home/user/Reproducibility-Scanner/benchmarks/bugs-dot-jar/maven/maven-artifact-test/target/maven-artifact-test-2.1-SNAPSHOT.jar to /home/user/.m2/repository/org/apache/maven/maven-artifact-test/2.1-SNAPSHOT/maven-artifact-test-2.1-SNAPSHOT.jar
[[1;34mINFO[m] Installing /home/user/Reproducibility-Scanner/benchmarks/bugs-dot-jar/maven/maven-artifact-test/pom.xml to /home/user/.m2/repository/org/apache/maven/maven-artifact-test/2.1-SNAPSHOT/maven-artifact-test-2.1-SNAPSHOT.pom
[[1;34mINFO[m] 
[[1;34mINFO[m] [1m-------------------< [0;36morg.apache.maven:maven-profile[0;1m >-------------------[m
[[1;34mINFO[m] [1mBuilding Maven Profile Model 2.1-SNAPSHOT                         [8/31][m
[[1;34mINFO[m] [1m--------------------------------[ jar ]---------------------------------[m
[[1;34mINFO[m] 
[[1;34mINFO[m] [1m--- [0;32mmodello-maven-plugin:1.0-alpha-7:xpp3-writer[m [1m(default)[m @ [36mmaven-profile[0;1m ---[m
[[1;34mINFO[m] outputDirectory: /home/user/Reproducibility-Scanner/benchmarks/bugs-dot-jar/maven/maven-profile/target/generated-sources/modello
[[1;34mINFO[m] 
[[1;34mINFO[m] [1m--- [0;32mmodello-maven-plugin:1.0-alpha-7:java[m [1m(default)[m @ [36mmaven-profile[0;1m ---[m
[[1;34mINFO[m] outputDirectory: /home/user/Reproducibility-Scanner/benchmarks/bugs-dot-jar/maven/maven-profile/target/generated-sources/modello
[[1;34mINFO[m] 
[[1;34mINFO[m] [1m--- [0;32mmodello-maven-plugin:1.0-alpha-7:xpp3-reader[m [1m(default)[m @ [36mmaven-profile[0;1m ---[m
[[1;34mINFO[m] outputDirectory: /home/user/Reproducibility-Scanner/benchmarks/bugs-dot-jar/maven/maven-profile/target/generated-sources/modello
[[1;34mINFO[m] 
[[1;34mINFO[m] [1m--- [0;32mmaven-resources-plugin:2.6:resources[m [1m(default-resources)[m @ [36mmaven-profile[0;1m ---[m
[[1;33mWARNING[m] Using platform encoding (UTF-8 actually) to copy filtered resources, i.e. build is platform dependent!
[[1;34mINFO[m] Copying 1 resource
[[1;34mINFO[m] 
[[1;34mINFO[m] [1m--- [0;32mmaven-compiler-plugin:3.1:compile[m [1m(default-compile)[m @ [36mmaven-profile[0;1m ---[m
[[1;34mINFO[m] Changes detected - recompiling the module!
[[1;33mWARNING[m] File encoding has not been set, using platform encoding UTF-8, i.e. build is platform dependent!
[[1;34mINFO[m] Compiling 15 source files to /home/user/Reproducibility-Scanner/benchmarks/bugs-dot-jar/maven/maven-profile/target/classes
[[1;33mWARNING[m] /home/user/Reproducibility-Scanner/benchmarks/bugs-dot-jar/maven/maven-profile/target/generated-sources/modello/org/apache/maven/profiles/Profile.java: Some input files use unchecked or unsafe operations.
[[1;33mWARNING[m] /home/user/Reproducibility-Scanner/benchmarks/bugs-dot-jar/maven/maven-profile/target/generated-sources/modello/org/apache/maven/profiles/Profile.java: Recompile with -Xlint:unchecked for details.
[[1;34mINFO[m] 
[[1;34mINFO[m] [1m--- [0;32mmaven-resources-plugin:2.6:testResources[m [1m(default-testResources)[m @ [36mmaven-profile[0;1m ---[m
[[1;33mWARNING[m] Using platform encoding (UTF-8 actually) to copy filtered resources, i.e. build is platform dependent!
[[1;34mINFO[m] skip non existing resourceDirectory /home/user/Reproducibility-Scanner/benchmarks/bugs-dot-jar/maven/maven-profile/src/test/resources
[[1;34mINFO[m] 
[[1;34mINFO[m] [1m--- [0;32mmaven-compiler-plugin:3.1:testCompile[m [1m(default-testCompile)[m @ [36mmaven-profile[0;1m ---[m
[[1;34mINFO[m] No sources to compile
[[1;34mINFO[m] 
[[1;34mINFO[m] [1m--- [0;32mmaven-surefire-plugin:2.12.4:test[m [1m(default-test)[m @ [36mmaven-profile[0;1m ---[m
[[1;34mINFO[m] Tests are skipped.
[[1;34mINFO[m] 
[[1;34mINFO[m] [1m--- [0;32mmaven-jar-plugin:2.4:jar[m [1m(default-jar)[m @ [36mmaven-profile[0;1m ---[m
[[1;34mINFO[m] Building jar: /home/user/Reproducibility-Scanner/benchmarks/bugs-dot-jar/maven/maven-profile/target/maven-profile-2.1-SNAPSHOT.jar
[[1;34mINFO[m] 
[[1;34mINFO[m] [1m--- [0;32mmaven-install-plugin:2.4:install[m [1m(default-install)[m @ [36mmaven-profile[0;1m ---[m
[[1;34mINFO[m] Installing /home/user/Reproducibility-Scanner/benchmarks/bugs-dot-jar/maven/maven-profile/target/maven-profile-2.1-SNAPSHOT.jar to /home/user/.m2/repository/org/apache/maven/maven-profile/2.1-SNAPSHOT/maven-profile-2.1-SNAPSHOT.jar
[[1;34mINFO[m] Installing /home/user/Reproducibility-Scanner/benchmarks/bugs-dot-jar/maven/maven-profile/pom.xml to /home/user/.m2/repository/org/apache/maven/maven-profile/2.1-SNAPSHOT/maven-profile-2.1-SNAPSHOT.pom
[[1;34mINFO[m] 
[[1;34mINFO[m] [1m-------------------< [0;36morg.apache.maven:maven-project[0;1m >-------------------[m
[[1;34mINFO[m] [1mBuilding Maven Project Builder 2.1-SNAPSHOT                       [9/31][m
[[1;34mINFO[m] [1m--------------------------------[ jar ]---------------------------------[m
Downloading from apache.snapshots: http://cvs.apache.org/maven-snapshot-repository/org/apache/maven/maven-settings/2.0.3-SNAPSHOT/maven-metadata.xml
Downloading from snapshots: http://snapshots.maven.codehaus.org/maven2/org/apache/maven/maven-settings/2.0.3-SNAPSHOT/maven-metadata.xml
[[1;33mWARNING[m] Could not transfer metadata org.apache.maven:maven-settings:2.0.3-SNAPSHOT/maven-metadata.xml from/to snapshots (http://snapshots.maven.codehaus.org/maven2): Transfer failed for http://snapshots.maven.codehaus.org/maven2/org/apache/maven/maven-settings/2.0.3-SNAPSHOT/maven-metadata.xml
[[1;33mWARNING[m] Failure to transfer org.apache.maven:maven-settings:2.0.3-SNAPSHOT/maven-metadata.xml from http://snapshots.maven.codehaus.org/maven2 was cached in the local repository, resolution will not be reattempted until the update interval of snapshots has elapsed or updates are forced. Original error: Could not transfer metadata org.apache.maven:maven-settings:2.0.3-SNAPSHOT/maven-metadata.xml from/to snapshots (http://snapshots.maven.codehaus.org/maven2): Transfer failed for http://snapshots.maven.codehaus.org/maven2/org/apache/maven/maven-settings/2.0.3-SNAPSHOT/maven-metadata.xml
Downloading from snapshots: http://snapshots.maven.codehaus.org/maven2/org/apache/maven/maven-settings/2.0.3-SNAPSHOT/maven-settings-2.0.3-SNAPSHOT.pom
Downloading from apache.snapshots: http://cvs.apache.org/maven-snapshot-repository/org/apache/maven/maven-settings/2.0.3-SNAPSHOT/maven-settings-2.0.3-SNAPSHOT.pom
[[1;34mINFO[m] 
[[1;34mINFO[m] [1m------------------< [0;36morg.apache.maven:maven-archiver[0;1m >-------------------[m
[[1;34mINFO[m] [1mBuilding Maven Archiver 2.1-SNAPSHOT                             [10/31][m
[[1;34mINFO[m] [1m--------------------------------[ jar ]---------------------------------[m
Downloading from snapshots: http://snapshots.maven.codehaus.org/maven2/org/apache/maven/maven-project/2.1-SNAPSHOT/maven-metadata.xml
Downloading from apache.snapshots: http://cvs.apache.org/maven-snapshot-repository/org/apache/maven/maven-project/2.1-SNAPSHOT/maven-metadata.xml
[[1;33mWARNING[m] Could not transfer metadata org.apache.maven:maven-project:2.1-SNAPSHOT/maven-metadata.xml from/to snapshots (http://snapshots.maven.codehaus.org/maven2): Transfer failed for http://snapshots.maven.codehaus.org/maven2/org/apache/maven/maven-project/2.1-SNAPSHOT/maven-metadata.xml
[[1;33mWARNING[m] Failure to transfer org.apache.maven:maven-project:2.1-SNAPSHOT/maven-metadata.xml from http://snapshots.maven.codehaus.org/maven2 was cached in the local repository, resolution will not be reattempted until the update interval of snapshots has elapsed or updates are forced. Original error: Could not transfer metadata org.apache.maven:maven-project:2.1-SNAPSHOT/maven-metadata.xml from/to snapshots (http://snapshots.maven.codehaus.org/maven2): Transfer failed for http://snapshots.maven.codehaus.org/maven2/org/apache/maven/maven-project/2.1-SNAPSHOT/maven-metadata.xml
Downloading from snapshots: http://snapshots.maven.codehaus.org/maven2/org/apache/maven/maven-settings/2.0.3-SNAPSHOT/maven-settings-2.0.3-SNAPSHOT.jar
Downloading from apache.snapshots: http://cvs.apache.org/maven-snapshot-repository/org/apache/maven/maven-settings/2.0.3-SNAPSHOT/maven-settings-2.0.3-SNAPSHOT.jar
[[1;34mINFO[m] 
[[1;34mINFO[m] [1m---------< [0;36morg.apache.maven:maven-plugin-parameter-documenter[0;1m >---------[m
[[1;34mINFO[m] [1mBuilding Maven Plugin Parameter Documenter API 2.1-SNAPSHOT      [11/31][m
[[1;34mINFO[m] [1m--------------------------------[ jar ]---------------------------------[m
[[1;34mINFO[m] 
[[1;34mINFO[m] [1m--- [0;32mmodello-maven-plugin:1.0-alpha-7:xpp3-writer[m [1m(base)[m @ [36mmaven-plugin-parameter-documenter[0;1m ---[m
[[1;34mINFO[m] outputDirectory: /home/user/Reproducibility-Scanner/benchmarks/bugs-dot-jar/maven/maven-plugin-parameter-documenter/target/generated-sources/modello
[[1;34mINFO[m] 
[[1;34mINFO[m] [1m--- [0;32mmodello-maven-plugin:1.0-alpha-7:java[m [1m(base)[m @ [36mmaven-plugin-parameter-documenter[0;1m ---[m
[[1;34mINFO[m] outputDirectory: /home/user/Reproducibility-Scanner/benchmarks/bugs-dot-jar/maven/maven-plugin-parameter-documenter/target/generated-sources/modello
[[1;34mINFO[m] 
[[1;34mINFO[m] [1m--- [0;32mmodello-maven-plugin:1.0-alpha-7:xpp3-reader[m [1m(base)[m @ [36mmaven-plugin-parameter-documenter[0;1m ---[m
[[1;34mINFO[m] outputDirectory: /home/user/Reproducibility-Scanner/benchmarks/bugs-dot-jar/maven/maven-plugin-parameter-documenter/target/generated-sources/modello
[[1;34mINFO[m] 
[[1;34mINFO[m] [1m--- [0;32mmodello-maven-plugin:1.0-alpha-7:xsd[m [1m(xsd)[m @ [36mmaven-plugin-parameter-documenter[0;1m ---[m
[[1;34mINFO[m] outputDirectory: /home/user/Reproducibility-Scanner/benchmarks/bugs-dot-jar/maven/maven-plugin-parameter-documenter/target/generated-site/xsd
[[1;34mINFO[m] 
[[1;34mINFO[m] [1m--- [0;32mmaven-resources-plugin:2.6:resources[m [1m(default-resources)[m @ [36mmaven-plugin-parameter-documenter[0;1m ---[m
[[1;33mWARNING[m] Using platform encoding (UTF-8 actually) to copy filtered resources, i.e. build is platform dependent!
[[1;34mINFO[m] skip non existing resourceDirectory /home/user/Reproducibility-Scanner/benchmarks/bugs-dot-jar/maven/maven-plugin-parameter-documenter/src/main/resources
[[1;34mINFO[m] 
[[1;34mINFO[m] [1m--- [0;32mmaven-compiler-plugin:3.1:compile[m [1m(default-compile)[m @ [36mmaven-plugin-parameter-documenter[0;1m ---[m
[[1;34mINFO[m] Changes detected - recompiling the module!
[[1;33mWARNING[m] File encoding has not been set, using platform encoding UTF-8, i.e. build is platform dependent!
[[1;34mINFO[m] Compiling 4 source files to /home/user/Reproducibility-Scanner/benchmarks/bugs-dot-jar/maven/maven-plugin-parameter-documenter/target/classes
[[1;33mWARNING[m] /home/user/Reproducibility-Scanner/benchmarks/bugs-dot-jar/maven/maven-plugin-parameter-documenter/target/generated-sources/modello/org/apache/maven/usability/plugin/io/xpp3/ParamdocXpp3Reader.java: Some input files use unchecked or unsafe operations.
[[1;33mWARNING[m] /home/user/Reproducibility-Scanner/benchmarks/bugs-dot-jar/maven/maven-plugin-parameter-documenter/target/generated-sources/modello/org/apache/maven/usability/plugin/io/xpp3/ParamdocXpp3Reader.java: Recompile with -Xlint:unchecked for details.
[[1;34mINFO[m] 
[[1;34mINFO[m] [1m--- [0;32mmaven-resources-plugin:2.6:testResources[m [1m(default-testResources)[m @ [36mmaven-plugin-parameter-documenter[0;1m ---[m
[[1;33mWARNING[m] Using platform encoding (UTF-8 actually) to copy filtered resources, i.e. build is platform dependent!
[[1;34mINFO[m] Copying 1 resource
[[1;34mINFO[m] 
[[1;34mINFO[m] [1m--- [0;32mmaven-compiler-plugin:3.1:testCompile[m [1m(default-testCompile)[m @ [36mmaven-plugin-parameter-documenter[0;1m ---[m
[[1;34mINFO[m] Changes detected - recompiling the module!
[[1;33mWARNING[m] File encoding has not been set, using platform encoding UTF-8, i.e. build is platform dependent!
[[1;34mINFO[m] Compiling 1 source file to /home/user/Reproducibility-Scanner/benchmarks/bugs-dot-jar/maven/maven-plugin-parameter-documenter/target/test-classes
[[1;34mINFO[m] 
[[1;34mINFO[m] [1m--- [0;32mmaven-surefire-plugin:2.12.4:test[m [1m(default-test)[m @ [36mmaven-plugin-parameter-documenter[0;1m ---[m
[[1;34mINFO[m] Tests are skipped.
[[1;34mINFO[m] 
[[1;34mINFO[m] [1m--- [0;32mmaven-jar-plugin:2.4:jar[m [1m(default-jar)[m @ [36mmaven-plugin-parameter-documenter[0;1m ---[m
[[1;34mINFO[m] Building jar: /home/user/Reproducibility-Scanner/benchmarks/bugs-dot-jar/maven/maven-plugin-parameter-documenter/target/maven-plugin-parameter-documenter-2.1-SNAPSHOT.jar
[[1;34mINFO[m] 
[[1;34mINFO[m] [1m--- [0;32mmaven-install-plugin:2.4:install[m [1m(default-install)[m @ [36mmaven-plugin-parameter-documenter[0;1m ---[m
[[1;34mINFO[m] Installing /home/user/Reproducibility-Scanner/benchmarks/bugs-dot-jar/maven/maven-plugin-parameter-documenter/target/maven-plugin-parameter-documenter-2.1-SNAPSHOT.jar to /home/user/.m2/repository/org/apache/maven/maven-plugin-parameter-documenter/2.1-SNAPSHOT/maven-plugin-parameter-documenter-2.1-SNAPSHOT.jar
[[1;34mINFO[m] Installing /home/user/Reproducibility-Scanner/benchmarks/bugs-dot-jar/maven/maven-plugin-parameter-documenter/pom.xml to /home/user/.m2/repository/org/apache/maven/maven-plugin-parameter-documenter/2.1-SNAPSHOT/maven-plugin-parameter-documenter-2.1-SNAPSHOT.pom
[[1;34mINFO[m] 
[[1;34mINFO[m] [1m-------------< [0;36morg.apache.maven.reporting:maven-reporting[0;1m >-------------[m
[[1;34mINFO[m] [1mBuilding Maven Reporting 2.1-SNAPSHOT                            [12/31][m
[[1;34mINFO[m] [1m--------------------------------[ pom ]---------------------------------[m
[[1;34mINFO[m] 
[[1;34mINFO[m] [1m--- [0;32mmaven-install-plugin:2.4:install[m [1m(default-install)[m @ [36mmaven-reporting[0;1m ---[m
[[1;34mINFO[m] Installing /home/user/Reproducibility-Scanner/benchmarks/bugs-dot-jar/maven/maven-reporting/pom.xml to /home/user/.m2/repository/org/apache/maven/reporting/maven-reporting/2.1-SNAPSHOT/maven-reporting-2.1-SNAPSHOT.pom
[[1;34mINFO[m] 
[[1;34mINFO[m] [1m-----------< [0;36morg.apache.maven.reporting:maven-reporting-api[0;1m >-----------[m
[[1;34mINFO[m] [1mBuilding Maven Reporting API 2.1-SNAPSHOT                        [13/31][m
[[1;34mINFO[m] [1m--------------------------------[ jar ]---------------------------------[m
[[1;34mINFO[m] 
[[1;34mINFO[m] [1m--- [0;32mmaven-resources-plugin:2.6:resources[m [1m(default-resources)[m @ [36mmaven-reporting-api[0;1m ---[m
[[1;33mWARNING[m] Using platform encoding (UTF-8 actually) to copy filtered resources, i.e. build is platform dependent!
[[1;34mINFO[m] Copying 1 resource
[[1;34mINFO[m] 
[[1;34mINFO[m] [1m--- [0;32mmaven-compiler-plugin:3.1:compile[m [1m(default-compile)[m @ [36mmaven-reporting-api[0;1m ---[m
[[1;34mINFO[m] Changes detected - recompiling the module!
[[1;33mWARNING[m] File encoding has not been set, using platform encoding UTF-8, i.e. build is platform dependent!
[[1;34mINFO[m] Compiling 3 source files to /home/user/Reproducibility-Scanner/benchmarks/bugs-dot-jar/maven/maven-reporting/maven-reporting-api/target/classes
[[1;34mINFO[m] 
[[1;34mINFO[m] [1m--- [0;32mmaven-resources-plugin:2.6:testResources[m [1m(default-testResources)[m @ [36mmaven-reporting-api[0;1m ---[m
[[1;33mWARNING[m] Using platform encoding (UTF-8 actually) to copy filtered resources, i.e. build is platform dependent!
[[1;34mINFO[m] skip non existing resourceDirectory /home/user/Reproducibility-Scanner/benchmarks/bugs-dot-jar/maven/maven-reporting/maven-reporting-api/src/test/resources
[[1;34mINFO[m] 
[[1;34mINFO[m] [1m--- [0;32mmaven-compiler-plugin:3.1:testCompile[m [1m(default-testCompile)[m @ [36mmaven-reporting-api[0;1m ---[m
[[1;34mINFO[m] No sources to compile
[[1;34mINFO[m] 
[[1;34mINFO[m] [1m--- [0;32mmaven-surefire-plugin:2.12.4:test[m [1m(default-test)[m @ [36mmaven-reporting-api[0;1m ---[m
[[1;34mINFO[m] Tests are skipped.
[[1;34mINFO[m] 
[[1;34mINFO[m] [1m--- [0;32mmaven-jar-plugin:2.4:jar[m [1m(default-jar)[m @ [36mmaven-reporting-api[0;1m ---[m
[[1;34mINFO[m] Building jar: /home/user/Reproducibility-Scanner/benchmarks/bugs-dot-jar/maven/maven-reporting/maven-reporting-api/target/maven-reporting-api-2.1-SNAPSHOT.jar
[[1;34mINFO[m] 
[[1;34mINFO[m] [1m--- [0;32mmaven-install-plugin:2.4:install[m [1m(default-install)[m @ [36mmaven-reporting-api[0;1m ---[m
[[1;34mINFO[m] Installing /home/user/Reproducibility-Scanner/benchmarks/bugs-dot-jar/maven/maven-reporting/maven-reporting-api/target/maven-reporting-api-2.1-SNAPSHOT.jar to /home/user/.m2/repository/org/apache/maven/reporting/maven-reporting-api/2.1-SNAPSHOT/maven-reporting-api-2.1-SNAPSHOT.jar
[[1;34mINFO[m] Installing /home/user/Reproducibility-Scanner/benchmarks/bugs-dot-jar/maven/maven-reporting/maven-reporting-api/pom.xml to /home/user/.m2/repository/org/apache/maven/reporting/maven-reporting-api/2.1-SNAPSHOT/maven-reporting-api-2.1-SNAPSHOT.pom
[[1;34mINFO[m] 
[[1;34mINFO[m] [1m--------------< [0;36morg.apache.maven:maven-error-diagnostics[0;1m >--------------[m
[[1;34mINFO[m] [1mBuilding Maven Error Diagnostics 2.1-SNAPSHOT                    [14/31][m
[[1;34mINFO[m] [1m--------------------------------[ jar ]---------------------------------[m
[[1;34mINFO[m] 
[[1;34mINFO[m] [1m--- [0;32mmaven-resources-plugin:2.6:resources[m [1m(default-resources)[m @ [36mmaven-error-diagnostics[0;1m ---[m
[[1;33mWARNING[m] Using platform encoding (UTF-8 actually) to copy filtered resources, i.e. build is platform dependent!
[[1;34mINFO[m] Copying 1 resource
[[1;34mINFO[m] 
[[1;34mINFO[m] [1m--- [0;32mmaven-compiler-plugin:3.1:compile[m [1m(default-compile)[m @ [36mmaven-error-diagnostics[0;1m ---[m
[[1;34mINFO[m] Changes detected - recompiling the module!
[[1;33mWARNING[m] File encoding has not been set, using platform encoding UTF-8, i.e. build is platform dependent!
[[1;34mINFO[m] Compiling 3 source files to /home/user/Reproducibility-Scanner/benchmarks/bugs-dot-jar/maven/maven-error-diagnostics/target/classes
[[1;34mINFO[m] 
[[1;34mINFO[m] [1m--- [0;32mmaven-resources-plugin:2.6:testResources[m [1m(default-testResources)[m @ [36mmaven-error-diagnostics[0;1m ---[m
[[1;33mWARNING[m] Using platform encoding (UTF-8 actually) to copy filtered resources, i.e. build is platform dependent!
[[1;34mINFO[m] skip non existing resourceDirectory /home/user/Reproducibility-Scanner/benchmarks/bugs-dot-jar/maven/maven-error-diagnostics/src/test/resources
[[1;34mINFO[m] 
[[1;34mINFO[m] [1m--- [0;32mmaven-compiler-plugin:3.1:testCompile[m [1m(default-testCompile)[m @ [36mmaven-error-diagnostics[0;1m ---[m
[[1;34mINFO[m] No sources to compile
[[1;34mINFO[m] 
[[1;34mINFO[m] [1m--- [0;32mmaven-surefire-plugin:2.12.4:test[m [1m(default-test)[m @ [36mmaven-error-diagnostics[0;1m ---[m
[[1;34mINFO[m] Tests are skipped.
[[1;34mINFO[m] 
[[1;34mINFO[m] [1m--- [0;32mmaven-jar-plugin:2.4:jar[m [1m(default-jar)[m @ [36mmaven-error-diagnostics[0;1m ---[m
[[1;34mINFO[m] Building jar: /home/user/Reproducibility-Scanner/benchmarks/bugs-dot-jar/maven/maven-error-diagnostics/target/maven-error-diagnostics-2.1-SNAPSHOT.jar
[[1;34mINFO[m] 
[[1;34mINFO[m] [1m--- [0;32mmaven-install-plugin:2.4:install[m [1m(default-install)[m @ [36mmaven-error-diagnostics[0;1m ---[m
[[1;34mINFO[m] Installing /home/user/Reproducibility-Scanner/benchmarks/bugs-dot-jar/maven/maven-error-diagnostics/target/maven-error-diagnostics-2.1-SNAPSHOT.jar to /home/user/.m2/repository/org/apache/maven/maven-error-diagnostics/2.1-SNAPSHOT/maven-error-diagnostics-2.1-SNAPSHOT.jar
[[1;34mINFO[m] Installing /home/user/Reproducibility-Scanner/benchmarks/bugs-dot-jar/maven/maven-error-diagnostics/pom.xml to /home/user/.m2/repository/org/apache/maven/maven-error-diagnostics/2.1-SNAPSHOT/maven-error-diagnostics-2.1-SNAPSHOT.pom
[[1;34mINFO[m] 
[[1;34mINFO[m] [1m---------------< [0;36morg.apache.maven:maven-plugin-registry[0;1m >---------------[m
[[1;34mINFO[m] [1mBuilding Maven Plugin Registry Model 2.1-SNAPSHOT                [15/31][m
[[1;34mINFO[m] [1m--------------------------------[ jar ]---------------------------------[m
[[1;34mINFO[m] 
[[1;34mINFO[m] [1m--- [0;32mmodello-maven-plugin:1.0-alpha-7:xpp3-writer[m [1m(default)[m @ [36mmaven-plugin-registry[0;1m ---[m
[[1;34mINFO[m] outputDirectory: /home/user/Reproducibility-Scanner/benchmarks/bugs-dot-jar/maven/maven-plugin-registry/target/generated-sources/modello
[[1;34mINFO[m] 
[[1;34mINFO[m] [1m--- [0;32mmodello-maven-plugin:1.0-alpha-7:java[m [1m(default)[m @ [36mmaven-plugin-registry[0;1m ---[m
[[1;34mINFO[m] outputDirectory: /home/user/Reproducibility-Scanner/benchmarks/bugs-dot-jar/maven/maven-plugin-registry/target/generated-sources/modello
[[1;34mINFO[m] 
[[1;34mINFO[m] [1m--- [0;32mmodello-maven-plugin:1.0-alpha-7:xpp3-reader[m [1m(default)[m @ [36mmaven-plugin-registry[0;1m ---[m
[[1;34mINFO[m] outputDirectory: /home/user/Reproducibility-Scanner/benchmarks/bugs-dot-jar/maven/maven-plugin-registry/target/generated-sources/modello
[[1;34mINFO[m] 
[[1;34mINFO[m] [1m--- [0;32mmaven-resources-plugin:2.6:resources[m [1m(default-resources)[m @ [36mmaven-plugin-registry[0;1m ---[m
[[1;33mWARNING[m] Using platform encoding (UTF-8 actually) to copy filtered resources, i.e. build is platform dependent!
[[1;34mINFO[m] Copying 1 resource
[[1;34mINFO[m] 
[[1;34mINFO[m] [1m--- [0;32mmaven-compiler-plugin:3.1:compile[m [1m(default-compile)[m @ [36mmaven-plugin-registry[0;1m ---[m
[[1;34mINFO[m] Changes detected - recompiling the module!
[[1;33mWARNING[m] File encoding has not been set, using platform encoding UTF-8, i.e. build is platform dependent!
[[1;34mINFO[m] Compiling 9 source files to /home/user/Reproducibility-Scanner/benchmarks/bugs-dot-jar/maven/maven-plugin-registry/target/classes
[[1;33mWARNING[m] /home/user/Reproducibility-Scanner/benchmarks/bugs-dot-jar/maven/maven-plugin-registry/target/generated-sources/modello/org/apache/maven/plugin/registry/Plugin.java: Some input files use unchecked or unsafe operations.
[[1;33mWARNING[m] /home/user/Reproducibility-Scanner/benchmarks/bugs-dot-jar/maven/maven-plugin-registry/target/generated-sources/modello/org/apache/maven/plugin/registry/Plugin.java: Recompile with -Xlint:unchecked for details.
[[1;34mINFO[m] 
[[1;34mINFO[m] [1m--- [0;32mmaven-resources-plugin:2.6:testResources[m [1m(default-testResources)[m @ [36mmaven-plugin-registry[0;1m ---[m
[[1;33mWARNING[m] Using platform encoding (UTF-8 actually) to copy filtered resources, i.e. build is platform dependent!
[[1;34mINFO[m] skip non existing resourceDirectory /home/user/Reproducibility-Scanner/benchmarks/bugs-dot-jar/maven/maven-plugin-registry/src/test/resources
[[1;34mINFO[m] 
[[1;34mINFO[m] [1m--- [0;32mmaven-compiler-plugin:3.1:testCompile[m [1m(default-testCompile)[m @ [36mmaven-plugin-registry[0;1m ---[m
[[1;34mINFO[m] No sources to compile
[[1;34mINFO[m] 
[[1;34mINFO[m] [1m--- [0;32mmaven-surefire-plugin:2.12.4:test[m [1m(default-test)[m @ [36mmaven-plugin-registry[0;1m ---[m
[[1;34mINFO[m] Tests are skipped.
[[1;34mINFO[m] 
[[1;34mINFO[m] [1m--- [0;32mmaven-jar-plugin:2.4:jar[m [1m(default-jar)[m @ [36mmaven-plugin-registry[0;1m ---[m
[[1;34mINFO[m] Building jar: /home/user/Reproducibility-Scanner/benchmarks/bugs-dot-jar/maven/maven-plugin-registry/target/maven-plugin-registry-2.1-SNAPSHOT.jar
[[1;34mINFO[m] 
[[1;34mINFO[m] [1m--- [0;32mmaven-install-plugin:2.4:install[m [1m(default-install)[m @ [36mmaven-plugin-registry[0;1m ---[m
[[1;34mINFO[m] Installing /home/user/Reproducibility-Scanner/benchmarks/bugs-dot-jar/maven/maven-plugin-registry/target/maven-plugin-registry-2.1-SNAPSHOT.jar to /home/user/.m2/repository/org/apache/maven/maven-plugin-registry/2.1-SNAPSHOT/maven-plugin-registry-2.1-SNAPSHOT.jar
[[1;34mINFO[m] Installing /home/user/Reproducibility-Scanner/benchmarks/bugs-dot-jar/maven/maven-plugin-registry/pom.xml to /home/user/.m2/repository/org/apache/maven/maven-plugin-registry/2.1-SNAPSHOT/maven-plugin-registry-2.1-SNAPSHOT.pom
[[1;34mINFO[m] 
[[1;34mINFO[m] [1m-----------------< [0;36morg.apache.maven:maven-plugin-api[0;1m >------------------[m
[[1;34mINFO[m] [1mBuilding Maven Plugin API 2.1-SNAPSHOT                           [16/31][m
[[1;34mINFO[m] [1m--------------------------------[ jar ]---------------------------------[m
[[1;34mINFO[m] 
[[1;34mINFO[m] [1m--- [0;32mmaven-resources-plugin:2.6:resources[m [1m(default-resources)[m @ [36mmaven-plugin-api[0;1m ---[m
[[1;33mWARNING[m] Using platform encoding (UTF-8 actually) to copy filtered resources, i.e. build is platform dependent!
[[1;34mINFO[m] skip non existing resourceDirectory /home/user/Reproducibility-Scanner/benchmarks/bugs-dot-jar/maven/maven-plugin-api/src/main/resources
[[1;34mINFO[m] 
[[1;34mINFO[m] [1m--- [0;32mmaven-compiler-plugin:3.1:compile[m [1m(default-compile)[m @ [36mmaven-plugin-api[0;1m ---[m
[[1;34mINFO[m] Changes detected - recompiling the module!
[[1;33mWARNING[m] File encoding has not been set, using platform encoding UTF-8, i.e. build is platform dependent!
[[1;34mINFO[m] Compiling 8 source files to /home/user/Reproducibility-Scanner/benchmarks/bugs-dot-jar/maven/maven-plugin-api/target/classes
[[1;34mINFO[m] 
[[1;34mINFO[m] [1m--- [0;32mmaven-resources-plugin:2.6:testResources[m [1m(default-testResources)[m @ [36mmaven-plugin-api[0;1m ---[m
[[1;33mWARNING[m] Using platform encoding (UTF-8 actually) to copy filtered resources, i.e. build is platform dependent!
[[1;34mINFO[m] skip non existing resourceDirectory /home/user/Reproducibility-Scanner/benchmarks/bugs-dot-jar/maven/maven-plugin-api/src/test/resources
[[1;34mINFO[m] 
[[1;34mINFO[m] [1m--- [0;32mmaven-compiler-plugin:3.1:testCompile[m [1m(default-testCompile)[m @ [36mmaven-plugin-api[0;1m ---[m
[[1;34mINFO[m] No sources to compile
[[1;34mINFO[m] 
[[1;34mINFO[m] [1m--- [0;32mmaven-surefire-plugin:2.12.4:test[m [1m(default-test)[m @ [36mmaven-plugin-api[0;1m ---[m
[[1;34mINFO[m] Tests are skipped.
[[1;34mINFO[m] 
[[1;34mINFO[m] [1m--- [0;32mmaven-jar-plugin:2.4:jar[m [1m(default-jar)[m @ [36mmaven-plugin-api[0;1m ---[m
[[1;34mINFO[m] Building jar: /home/user/Reproducibility-Scanner/benchmarks/bugs-dot-jar/maven/maven-plugin-api/target/maven-plugin-api-2.1-SNAPSHOT.jar
[[1;34mINFO[m] 
[[1;34mINFO[m] [1m--- [0;32mmaven-install-plugin:2.4:install[m [1m(default-install)[m @ [36mmaven-plugin-api[0;1m ---[m
[[1;34mINFO[m] Installing /home/user/Reproducibility-Scanner/benchmarks/bugs-dot-jar/maven/maven-plugin-api/target/maven-plugin-api-2.1-SNAPSHOT.jar to /home/user/.m2/repository/org/apache/maven/maven-plugin-api/2.1-SNAPSHOT/maven-plugin-api-2.1-SNAPSHOT.jar
[[1;34mINFO[m] Installing /home/user/Reproducibility-Scanner/benchmarks/bugs-dot-jar/maven/maven-plugin-api/pom.xml to /home/user/.m2/repository/org/apache/maven/maven-plugin-api/2.1-SNAPSHOT/maven-plugin-api-2.1-SNAPSHOT.pom
[[1;34mINFO[m] 
[[1;34mINFO[m] [1m--------------< [0;36morg.apache.maven:maven-plugin-descriptor[0;1m >--------------[m
[[1;34mINFO[m] [1mBuilding Maven Plugin Descriptor Model 2.1-SNAPSHOT              [17/31][m
[[1;34mINFO[m] [1m--------------------------------[ jar ]---------------------------------[m
[[1;34mINFO[m] 
[[1;34mINFO[m] [1m--- [0;32mmodello-maven-plugin:1.0-alpha-7:java[m [1m(default)[m @ [36mmaven-plugin-descriptor[0;1m ---[m
[[1;34mINFO[m] outputDirectory: /home/user/Reproducibility-Scanner/benchmarks/bugs-dot-jar/maven/maven-plugin-descriptor/target/generated-sources/modello
[[1;34mINFO[m] 
[[1;34mINFO[m] [1m--- [0;32mmodello-maven-plugin:1.0-alpha-7:xpp3-reader[m [1m(default)[m @ [36mmaven-plugin-descriptor[0;1m ---[m
[[1;34mINFO[m] outputDirectory: /home/user/Reproducibility-Scanner/benchmarks/bugs-dot-jar/maven/maven-plugin-descriptor/target/generated-sources/modello
[[1;34mINFO[m] 
[[1;34mINFO[m] [1m--- [0;32mmodello-maven-plugin:1.0-alpha-7:xpp3-writer[m [1m(default)[m @ [36mmaven-plugin-descriptor[0;1m ---[m
[[1;34mINFO[m] outputDirectory: /home/user/Reproducibility-Scanner/benchmarks/bugs-dot-jar/maven/maven-plugin-descriptor/target/generated-sources/modello
[[1;34mINFO[m] 
[[1;34mINFO[m] [1m--- [0;32mmaven-resources-plugin:2.6:resources[m [1m(default-resources)[m @ [36mmaven-plugin-descriptor[0;1m ---[m
[[1;33mWARNING[m] Using platform encoding (UTF-8 actually) to copy filtered resources, i.e. build is platform dependent!
[[1;34mINFO[m] skip non existing resourceDirectory /home/user/Reproducibility-Scanner/benchmarks/bugs-dot-jar/maven/maven-plugin-descriptor/src/main/resources
[[1;34mINFO[m] 
[[1;34mINFO[m] [1m--- [0;32mmaven-compiler-plugin:3.1:compile[m [1m(default-compile)[m @ [36mmaven-plugin-descriptor[0;1m ---[m
[[1;34mINFO[m] Changes detected - recompiling the module!
[[1;33mWARNING[m] File encoding has not been set, using platform encoding UTF-8, i.e. build is platform dependent!
[[1;34mINFO[m] Compiling 15 source files to /home/user/Reproducibility-Scanner/benchmarks/bugs-dot-jar/maven/maven-plugin-descriptor/target/classes
[[1;33mWARNING[m] /home/user/Reproducibility-Scanner/benchmarks/bugs-dot-jar/maven/maven-plugin-descriptor/target/generated-sources/modello/org/apache/maven/plugin/lifecycle/LifecycleConfiguration.java: Some input files use unchecked or unsafe operations.
[[1;33mWARNING[m] /home/user/Reproducibility-Scanner/benchmarks/bugs-dot-jar/maven/maven-plugin-descriptor/target/generated-sources/modello/org/apache/maven/plugin/lifecycle/LifecycleConfiguration.java: Recompile with -Xlint:unchecked for details.
[[1;34mINFO[m] 
[[1;34mINFO[m] [1m--- [0;32mmaven-resources-plugin:2.6:testResources[m [1m(default-testResources)[m @ [36mmaven-plugin-descriptor[0;1m ---[m
[[1;33mWARNING[m] Using platform encoding (UTF-8 actually) to copy filtered resources, i.e. build is platform dependent!
[[1;34mINFO[m] Copying 1 resource
[[1;34mINFO[m] 
[[1;34mINFO[m] [1m--- [0;32mmaven-compiler-plugin:3.1:testCompile[m [1m(default-testCompile)[m @ [36mmaven-plugin-descriptor[0;1m ---[m
[[1;34mINFO[m] Changes detected - recompiling the module!
[[1;33mWARNING[m] File encoding has not been set, using platform encoding UTF-8, i.e. build is platform dependent!
[[1;34mINFO[m] Compiling 1 source file to /home/user/Reproducibility-Scanner/benchmarks/bugs-dot-jar/maven/maven-plugin-descriptor/target/test-classes
[[1;34mINFO[m] 
[[1;34mINFO[m] [1m--- [0;32mmaven-surefire-plugin:2.12.4:test[m [1m(default-test)[m @ [36mmaven-plugin-descriptor[0;1m ---[m
[[1;34mINFO[m] Tests are skipped.
[[1;34mINFO[m] 
[[1;34mINFO[m] [1m--- [0;32mmaven-jar-plugin:2.4:jar[m [1m(default-jar)[m @ [36mmaven-plugin-descriptor[0;1m ---[m
[[1;34mINFO[m] Building jar: /home/user/Reproducibility-Scanner/benchmarks/bugs-dot-jar/maven/maven-plugin-descriptor/target/maven-plugin-descriptor-2.1-SNAPSHOT.jar
[[1;34mINFO[m] 
[[1;34mINFO[m] [1m--- [0;32mmaven-install-plugin:2.4:install[m [1m(default-install)[m @ [36mmaven-plugin-descriptor[0;1m ---[m
[[1;34mINFO[m] Installing /home/user/Reproducibility-Scanner/benchmarks/bugs-dot-jar/maven/maven-plugin-descriptor/target/maven-plugin-descriptor-2.1-SNAPSHOT.jar to /home/user/.m2/repository/org/apache/maven/maven-plugin-descriptor/2.1-SNAPSHOT/maven-plugin-descriptor-2.1-SNAPSHOT.jar
[[1;34mINFO[m] Installing /home/user/Reproducibility-Scanner/benchmarks/bugs-dot-jar/maven/maven-plugin-descriptor/pom.xml to /home/user/.m2/repository/org/apache/maven/maven-plugin-descriptor/2.1-SNAPSHOT/maven-plugin-descriptor-2.1-SNAPSHOT.pom
[[1;34mINFO[m] 
[[1;34mINFO[m] [1m-------------------< [0;36morg.apache.maven:maven-monitor[0;1m >-------------------[m
[[1;34mINFO[m] [1mBuilding Maven Monitor 2.1-SNAPSHOT                              [18/31][m
[[1;34mINFO[m] [1m--------------------------------[ jar ]---------------------------------[m
[[1;34mINFO[m] 
[[1;34mINFO[m] [1m--- [0;32mmaven-resources-plugin:2.6:resources[m [1m(default-resources)[m @ [36mmaven-monitor[0;1m ---[m
[[1;33mWARNING[m] Using platform encoding (UTF-8 actually) to copy filtered resources, i.e. build is platform dependent!
[[1;34mINFO[m] skip non existing resourceDirectory /home/user/Reproducibility-Scanner/benchmarks/bugs-dot-jar/maven/maven-monitor/src/main/resources
[[1;34mINFO[m] 
[[1;34mINFO[m] [1m--- [0;32mmaven-compiler-plugin:3.1:compile[m [1m(default-compile)[m @ [36mmaven-monitor[0;1m ---[m
[[1;34mINFO[m] Changes detected - recompiling the module!
[[1;33mWARNING[m] File encoding has not been set, using platform encoding UTF-8, i.e. build is platform dependent!
[[1;34mINFO[m] Compiling 5 source files to /home/user/Reproducibility-Scanner/benchmarks/bugs-dot-jar/maven/maven-monitor/target/classes
[[1;33mWARNING[m] /home/user/Reproducibility-Scanner/benchmarks/bugs-dot-jar/maven/maven-monitor/src/main/java/org/apache/maven/monitor/event/DefaultEventDispatcher.java: /home/user/Reproducibility-Scanner/benchmarks/bugs-dot-jar/maven/maven-monitor/src/main/java/org/apache/maven/monitor/event/DefaultEventDispatcher.java uses unchecked or unsafe operations.
[[1;33mWARNING[m] /home/user/Reproducibility-Scanner/benchmarks/bugs-dot-jar/maven/maven-monitor/src/main/java/org/apache/maven/monitor/event/DefaultEventDispatcher.java: Recompile with -Xlint:unchecked for details.
[[1;34mINFO[m] 
[[1;34mINFO[m] [1m--- [0;32mmaven-resources-plugin:2.6:testResources[m [1m(default-testResources)[m @ [36mmaven-monitor[0;1m ---[m
[[1;33mWARNING[m] Using platform encoding (UTF-8 actually) to copy filtered resources, i.e. build is platform dependent!
[[1;34mINFO[m] skip non existing resourceDirectory /home/user/Reproducibility-Scanner/benchmarks/bugs-dot-jar/maven/maven-monitor/src/test/resources
[[1;34mINFO[m] 
[[1;34mINFO[m] [1m--- [0;32mmaven-compiler-plugin:3.1:testCompile[m [1m(default-testCompile)[m @ [36mmaven-monitor[0;1m ---[m
[[1;34mINFO[m] No sources to compile
[[1;34mINFO[m] 
[[1;34mINFO[m] [1m--- [0;32mmaven-surefire-plugin:2.12.4:test[m [1m(default-test)[m @ [36mmaven-monitor[0;1m ---[m
[[1;34mINFO[m] Tests are skipped.
[[1;34mINFO[m] 
[[1;34mINFO[m] [1m--- [0;32mmaven-jar-plugin:2.4:jar[m [1m(default-jar)[m @ [36mmaven-monitor[0;1m ---[m
[[1;34mINFO[m] Building jar: /home/user/Reproducibility-Scanner/benchmarks/bugs-dot-jar/maven/maven-monitor/target/maven-monitor-2.1-SNAPSHOT.jar
[[1;34mINFO[m] 
[[1;34mINFO[m] [1m--- [0;32mmaven-install-plugin:2.4:install[m [1m(default-install)[m @ [36mmaven-monitor[0;1m ---[m
[[1;34mINFO[m] Installing /home/user/Reproducibility-Scanner/benchmarks/bugs-dot-jar/maven/maven-monitor/target/maven-monitor-2.1-SNAPSHOT.jar to /home/user/.m2/repository/org/apache/maven/maven-monitor/2.1-SNAPSHOT/maven-monitor-2.1-SNAPSHOT.jar
[[1;34mINFO[m] Installing /home/user/Reproducibility-Scanner/benchmarks/bugs-dot-jar/maven/maven-monitor/pom.xml to /home/user/.m2/repository/org/apache/maven/maven-monitor/2.1-SNAPSHOT/maven-monitor-2.1-SNAPSHOT.pom
[[1;34mINFO[m] 
[[1;34mINFO[m] [1m--------------------< [0;36morg.apache.maven:maven-core[0;1m >---------------------[m
[[1;34mINFO[m] [1mBuilding Maven Core 2.1-SNAPSHOT                                 [19/31][m
[[1;34mINFO[m] [1m--------------------------------[ jar ]---------------------------------[m
[[1;33mWARNING[m] Failure to transfer org.apache.maven:maven-project:2.1-SNAPSHOT/maven-metadata.xml from http://snapshots.maven.codehaus.org/maven2 was cached in the local repository, resolution will not be reattempted until the update interval of snapshots has elapsed or updates are forced. Original error: Could not transfer metadata org.apache.maven:maven-project:2.1-SNAPSHOT/maven-metadata.xml from/to snapshots (http://snapshots.maven.codehaus.org/maven2): Transfer failed for http://snapshots.maven.codehaus.org/maven2/org/apache/maven/maven-project/2.1-SNAPSHOT/maven-metadata.xml
[[1;34mINFO[m] 
[[1;34mINFO[m] [1m--- [0;32mmaven-resources-plugin:2.6:resources[m [1m(default-resources)[m @ [36mmaven-core[0;1m ---[m
[[1;33mWARNING[m] Using platform encoding (UTF-8 actually) to copy filtered resources, i.e. build is platform dependent!
[[1;34mINFO[m] Copying 13 resources
[[1;34mINFO[m] 
[[1;34mINFO[m] [1m--- [0;32mmaven-compiler-plugin:3.1:compile[m [1m(default-compile)[m @ [36mmaven-core[0;1m ---[m
[[1;34mINFO[m] Changes detected - recompiling the module!
[[1;33mWARNING[m] File encoding has not been set, using platform encoding UTF-8, i.e. build is platform dependent!
[[1;34mINFO[m] Compiling 58 source files to /home/user/Reproducibility-Scanner/benchmarks/bugs-dot-jar/maven/maven-core/target/classes
[[1;33mWARNING[m] /home/user/Reproducibility-Scanner/benchmarks/bugs-dot-jar/maven/maven-core/src/main/java/org/apache/maven/cli/MavenCli.java: Some input files use or override a deprecated API.
[[1;33mWARNING[m] /home/user/Reproducibility-Scanner/benchmarks/bugs-dot-jar/maven/maven-core/src/main/java/org/apache/maven/cli/MavenCli.java: Recompile with -Xlint:deprecation for details.
[[1;33mWARNING[m] /home/user/Reproducibility-Scanner/benchmarks/bugs-dot-jar/maven/maven-core/src/main/java/org/apache/maven/execution/ReactorManager.java: Some input files use unchecked or unsafe operations.
[[1;33mWARNING[m] /home/user/Reproducibility-Scanner/benchmarks/bugs-dot-jar/maven/maven-core/src/main/java/org/apache/maven/execution/ReactorManager.java: Recompile with -Xlint:unchecked for details.
[[1;34mINFO[m] 
[[1;34mINFO[m] [1m--- [0;32mmaven-resources-plugin:2.6:testResources[m [1m(default-testResources)[m @ [36mmaven-core[0;1m ---[m
[[1;33mWARNING[m] Using platform encoding (UTF-8 actually) to copy filtered resources, i.e. build is platform dependent!
[[1;34mINFO[m] Copying 19 resources
[[1;34mINFO[m] 
[[1;34mINFO[m] [1m--- [0;32mmaven-compiler-plugin:3.1:testCompile[m [1m(default-testCompile)[m @ [36mmaven-core[0;1m ---[m
[[1;34mINFO[m] Changes detected - recompiling the module!
[[1;33mWARNING[m] File encoding has not been set, using platform encoding UTF-8, i.e. build is platform dependent!
[[1;34mINFO[m] Compiling 5 source files to /home/user/Reproducibility-Scanner/benchmarks/bugs-dot-jar/maven/maven-core/target/test-classes
[[1;33mWARNING[m] /home/user/Reproducibility-Scanner/benchmarks/bugs-dot-jar/maven/maven-core/src/test/java/org/apache/maven/usability/PluginErrorDiagnoserTest.java: /home/user/Reproducibility-Scanner/benchmarks/bugs-dot-jar/maven/maven-core/src/test/java/org/apache/maven/usability/PluginErrorDiagnoserTest.java uses unchecked or unsafe operations.
[[1;33mWARNING[m] /home/user/Reproducibility-Scanner/benchmarks/bugs-dot-jar/maven/maven-core/src/test/java/org/apache/maven/usability/PluginErrorDiagnoserTest.java: Recompile with -Xlint:unchecked for details.
[[1;34mINFO[m] 
[[1;34mINFO[m] [1m--- [0;32mmaven-surefire-plugin:2.12.4:test[m [1m(default-test)[m @ [36mmaven-core[0;1m ---[m
[[1;34mINFO[m] Tests are skipped.
[[1;34mINFO[m] 
[[1;34mINFO[m] [1m--- [0;32mmaven-jar-plugin:2.4:jar[m [1m(default-jar)[m @ [36mmaven-core[0;1m ---[m
[[1;34mINFO[m] Building jar: /home/user/Reproducibility-Scanner/benchmarks/bugs-dot-jar/maven/maven-core/target/maven-core-2.1-SNAPSHOT.jar
[[1;34mINFO[m] 
[[1;34mINFO[m] [1m--- [0;32mmaven-install-plugin:2.4:install[m [1m(default-install)[m @ [36mmaven-core[0;1m ---[m
[[1;34mINFO[m] Installing /home/user/Reproducibility-Scanner/benchmarks/bugs-dot-jar/maven/maven-core/target/maven-core-2.1-SNAPSHOT.jar to /home/user/.m2/repository/org/apache/maven/maven-core/2.1-SNAPSHOT/maven-core-2.1-SNAPSHOT.jar
[[1;34mINFO[m] Installing /home/user/Reproducibility-Scanner/benchmarks/bugs-dot-jar/maven/maven-core/pom.xml to /home/user/.m2/repository/org/apache/maven/maven-core/2.1-SNAPSHOT/maven-core-2.1-SNAPSHOT.pom
[[1;34mINFO[m] 
[[1;34mINFO[m] [1m---------------< [0;36morg.apache.maven:maven-model-converter[0;1m >---------------[m
[[1;34mINFO[m] [1mBuilding Maven Model Converter 2.1-SNAPSHOT                      [20/31][m
[[1;34mINFO[m] [1m--------------------------------[ jar ]---------------------------------[m
[[1;34mINFO[m] 
[[1;34mINFO[m] [1m--- [0;32mmaven-resources-plugin:2.6:resources[m [1m(default-resources)[m @ [36mmaven-model-converter[0;1m ---[m
[[1;33mWARNING[m] Using platform encoding (UTF-8 actually) to copy filtered resources, i.e. build is platform dependent!
[[1;34mINFO[m] Copying 1 resource
[[1;34mINFO[m] 
[[1;34mINFO[m] [1m--- [0;32mmaven-compiler-plugin:3.1:compile[m [1m(default-compile)[m @ [36mmaven-model-converter[0;1m ---[m
[[1;34mINFO[m] Changes detected - recompiling the module!
[[1;33mWARNING[m] File encoding has not been set, using platform encoding UTF-8, i.e. build is platform dependent!
[[1;34mINFO[m] Compiling 6 source files to /home/user/Reproducibility-Scanner/benchmarks/bugs-dot-jar/maven/maven-model-converter/target/classes
[[1;33mWARNING[m] /home/user/Reproducibility-Scanner/benchmarks/bugs-dot-jar/maven/maven-model-converter/src/main/java/org/apache/maven/model/converter/PomV3ToV4Translator.java: /home/user/Reproducibility-Scanner/benchmarks/bugs-dot-jar/maven/maven-model-converter/src/main/java/org/apache/maven/model/converter/PomV3ToV4Translator.java uses unchecked or unsafe operations.
[[1;33mWARNING[m] /home/user/Reproducibility-Scanner/benchmarks/bugs-dot-jar/maven/maven-model-converter/src/main/java/org/apache/maven/model/converter/PomV3ToV4Translator.java: Recompile with -Xlint:unchecked for details.
[[1;34mINFO[m] 
[[1;34mINFO[m] [1m--- [0;32mmaven-resources-plugin:2.6:testResources[m [1m(default-testResources)[m @ [36mmaven-model-converter[0;1m ---[m
[[1;33mWARNING[m] Using platform encoding (UTF-8 actually) to copy filtered resources, i.e. build is platform dependent!
[[1;34mINFO[m] skip non existing resourceDirectory /home/user/Reproducibility-Scanner/benchmarks/bugs-dot-jar/maven/maven-model-converter/src/test/resources
[[1;34mINFO[m] 
[[1;34mINFO[m] [1m--- [0;32mmaven-compiler-plugin:3.1:testCompile[m [1m(default-testCompile)[m @ [36mmaven-model-converter[0;1m ---[m
[[1;34mINFO[m] Changes detected - recompiling the module!
[[1;33mWARNING[m] File encoding has not been set, using platform encoding UTF-8, i.e. build is platform dependent!
[[1;34mINFO[m] Compiling 2 source files to /home/user/Reproducibility-Scanner/benchmarks/bugs-dot-jar/maven/maven-model-converter/target/test-classes
[[1;34mINFO[m] 
[[1;34mINFO[m] [1m--- [0;32mmaven-surefire-plugin:2.12.4:test[m [1m(default-test)[m @ [36mmaven-model-converter[0;1m ---[m
[[1;34mINFO[m] Tests are skipped.
[[1;34mINFO[m] 
[[1;34mINFO[m] [1m--- [0;32mmaven-jar-plugin:2.4:jar[m [1m(default-jar)[m @ [36mmaven-model-converter[0;1m ---[m
[[1;34mINFO[m] Building jar: /home/user/Reproducibility-Scanner/benchmarks/bugs-dot-jar/maven/maven-model-converter/target/maven-model-converter-2.1-SNAPSHOT.jar
[[1;34mINFO[m] 
[[1;34mINFO[m] [1m--- [0;32mmaven-install-plugin:2.4:install[m [1m(default-install)[m @ [36mmaven-model-converter[0;1m ---[m
[[1;34mINFO[m] Installing /home/user/Reproducibility-Scanner/benchmarks/bugs-dot-jar/maven/maven-model-converter/target/maven-model-converter-2.1-SNAPSHOT.jar to /home/user/.m2/repository/org/apache/maven/maven-model-converter/2.1-SNAPSHOT/maven-model-converter-2.1-SNAPSHOT.jar
[[1;34mINFO[m] Installing /home/user/Reproducibility-Scanner/benchmarks/bugs-dot-jar/maven/maven-model-converter/pom.xml to /home/user/.m2/repository/org/apache/maven/maven-model-converter/2.1-SNAPSHOT/maven-model-converter-2.1-SNAPSHOT.pom
[[1;34mINFO[m] 
[[1;34mINFO[m] [1m----------------< [0;36morg.apache.maven:maven-plugin-tools[0;1m >-----------------[m
[[1;34mINFO[m] [1mBuilding Maven Plugin Tools Base POM 2.1-SNAPSHOT                [21/31][m
[[1;34mINFO[m] [1m--------------------------------[ pom ]---------------------------------[m
[[1;34mINFO[m] 
[[1;34mINFO[m] [1m--- [0;32mmaven-install-plugin:2.4:install[m [1m(default-install)[m @ [36mmaven-plugin-tools[0;1m ---[m
[[1;34mINFO[m] Installing /home/user/Reproducibility-Scanner/benchmarks/bugs-dot-jar/maven/maven-plugin-tools/pom.xml to /home/user/.m2/repository/org/apache/maven/maven-plugin-tools/2.1-SNAPSHOT/maven-plugin-tools-2.1-SNAPSHOT.pom
[[1;34mINFO[m] 
[[1;34mINFO[m] [1m--------------< [0;36morg.apache.maven:maven-plugin-tools-api[0;1m >---------------[m
[[1;34mINFO[m] [1mBuilding Maven Plugin Tools APIs 2.1-SNAPSHOT                    [22/31][m
[[1;34mINFO[m] [1m--------------------------------[ jar ]---------------------------------[m
[[1;33mWARNING[m] Failure to transfer org.apache.maven:maven-project:2.1-SNAPSHOT/maven-metadata.xml from http://snapshots.maven.codehaus.org/maven2 was cached in the local repository, resolution will not be reattempted until the update interval of snapshots has elapsed or updates are forced. Original error: Could not transfer metadata org.apache.maven:maven-project:2.1-SNAPSHOT/maven-metadata.xml from/to snapshots (http://snapshots.maven.codehaus.org/maven2): Transfer failed for http://snapshots.maven.codehaus.org/maven2/org/apache/maven/maven-project/2.1-SNAPSHOT/maven-metadata.xml
[[1;34mINFO[m] 
[[1;34mINFO[m] [1m--------------< [0;36morg.apache.maven:maven-plugin-tools-java[0;1m >--------------[m
[[1;34mINFO[m] [1mBuilding Maven Plugin Tools for Java 2.1-SNAPSHOT                [23/31][m
[[1;34mINFO[m] [1m--------------------------------[ jar ]---------------------------------[m
Downloading from snapshots: http://snapshots.maven.codehaus.org/maven2/org/apache/maven/maven-plugin-tools-api/2.1-SNAPSHOT/maven-metadata.xml
Downloading from apache.snapshots: http://cvs.apache.org/maven-snapshot-repository/org/apache/maven/maven-plugin-tools-api/2.1-SNAPSHOT/maven-metadata.xml
[[1;33mWARNING[m] Could not transfer metadata org.apache.maven:maven-plugin-tools-api:2.1-SNAPSHOT/maven-metadata.xml from/to snapshots (http://snapshots.maven.codehaus.org/maven2): Transfer failed for http://snapshots.maven.codehaus.org/maven2/org/apache/maven/maven-plugin-tools-api/2.1-SNAPSHOT/maven-metadata.xml
[[1;33mWARNING[m] Failure to transfer org.apache.maven:maven-plugin-tools-api:2.1-SNAPSHOT/maven-metadata.xml from http://snapshots.maven.codehaus.org/maven2 was cached in the local repository, resolution will not be reattempted until the update interval of snapshots has elapsed or updates are forced. Original error: Could not transfer metadata org.apache.maven:maven-plugin-tools-api:2.1-SNAPSHOT/maven-metadata.xml from/to snapshots (http://snapshots.maven.codehaus.org/maven2): Transfer failed for http://snapshots.maven.codehaus.org/maven2/org/apache/maven/maven-plugin-tools-api/2.1-SNAPSHOT/maven-metadata.xml
[[1;33mWARNING[m] Failure to transfer org.apache.maven:maven-project:2.1-SNAPSHOT/maven-metadata.xml from http://snapshots.maven.codehaus.org/maven2 was cached in the local repository, resolution will not be reattempted until the update interval of snapshots has elapsed or updates are forced. Original error: Could not transfer metadata org.apache.maven:maven-project:2.1-SNAPSHOT/maven-metadata.xml from/to snapshots (http://snapshots.maven.codehaus.org/maven2): Transfer failed for http://snapshots.maven.codehaus.org/maven2/org/apache/maven/maven-project/2.1-SNAPSHOT/maven-metadata.xml
[[1;34mINFO[m] 
[[1;34mINFO[m] [1m-----------< [0;36morg.apache.maven:maven-plugin-tools-beanshell[0;1m >------------[m
[[1;34mINFO[m] [1mBuilding Maven Plugin Tools for Beanshell 2.1-SNAPSHOT           [24/31][m
[[1;34mINFO[m] [1m--------------------------------[ jar ]---------------------------------[m
[[1;33mWARNING[m] Failure to transfer org.apache.maven:maven-plugin-tools-api:2.1-SNAPSHOT/maven-metadata.xml from http://snapshots.maven.codehaus.org/maven2 was cached in the local repository, resolution will not be reattempted until the update interval of snapshots has elapsed or updates are forced. Original error: Could not transfer metadata org.apache.maven:maven-plugin-tools-api:2.1-SNAPSHOT/maven-metadata.xml from/to snapshots (http://snapshots.maven.codehaus.org/maven2): Transfer failed for http://snapshots.maven.codehaus.org/maven2/org/apache/maven/maven-plugin-tools-api/2.1-SNAPSHOT/maven-metadata.xml
[[1;33mWARNING[m] Failure to transfer org.apache.maven:maven-project:2.1-SNAPSHOT/maven-metadata.xml from http://snapshots.maven.codehaus.org/maven2 was cached in the local repository, resolution will not be reattempted until the update interval of snapshots has elapsed or updates are forced. Original error: Could not transfer metadata org.apache.maven:maven-project:2.1-SNAPSHOT/maven-metadata.xml from/to snapshots (http://snapshots.maven.codehaus.org/maven2): Transfer failed for http://snapshots.maven.codehaus.org/maven2/org/apache/maven/maven-project/2.1-SNAPSHOT/maven-metadata.xml
[[1;34mINFO[m] 
[[1;34mINFO[m] [1m-------------< [0;36morg.apache.maven:maven-plugin-tools-pluggy[0;1m >-------------[m
[[1;34mINFO[m] [1mBuilding Maven Pluggy Simplistic Plugin Generator 2.1-SNAPSHOT   [25/31][m
[[1;34mINFO[m] [1m--------------------------------[ jar ]---------------------------------[m
Downloading from snapshots: http://snapshots.maven.codehaus.org/maven2/org/apache/maven/maven-plugin-tools-java/2.1-SNAPSHOT/maven-metadata.xml
Downloading from apache.snapshots: http://cvs.apache.org/maven-snapshot-repository/org/apache/maven/maven-plugin-tools-java/2.1-SNAPSHOT/maven-metadata.xml
[[1;33mWARNING[m] Could not transfer metadata org.apache.maven:maven-plugin-tools-java:2.1-SNAPSHOT/maven-metadata.xml from/to snapshots (http://snapshots.maven.codehaus.org/maven2): Transfer failed for http://snapshots.maven.codehaus.org/maven2/org/apache/maven/maven-plugin-tools-java/2.1-SNAPSHOT/maven-metadata.xml
[[1;33mWARNING[m] Failure to transfer org.apache.maven:maven-plugin-tools-api:2.1-SNAPSHOT/maven-metadata.xml from http://snapshots.maven.codehaus.org/maven2 was cached in the local repository, resolution will not be reattempted until the update interval of snapshots has elapsed or updates are forced. Original error: Could not transfer metadata org.apache.maven:maven-plugin-tools-api:2.1-SNAPSHOT/maven-metadata.xml from/to snapshots (http://snapshots.maven.codehaus.org/maven2): Transfer failed for http://snapshots.maven.codehaus.org/maven2/org/apache/maven/maven-plugin-tools-api/2.1-SNAPSHOT/maven-metadata.xml
[[1;33mWARNING[m] Failure to transfer org.apache.maven:maven-project:2.1-SNAPSHOT/maven-metadata.xml from http://snapshots.maven.codehaus.org/maven2 was cached in the local repository, resolution will not be reattempted until the update interval of snapshots has elapsed or updates are forced. Original error: Could not transfer metadata org.apache.maven:maven-project:2.1-SNAPSHOT/maven-metadata.xml from/to snapshots (http://snapshots.maven.codehaus.org/maven2): Transfer failed for http://snapshots.maven.codehaus.org/maven2/org/apache/maven/maven-project/2.1-SNAPSHOT/maven-metadata.xml
[[1;33mWARNING[m] Failure to transfer org.apache.maven:maven-plugin-tools-java:2.1-SNAPSHOT/maven-metadata.xml from http://snapshots.maven.codehaus.org/maven2 was cached in the local repository, resolution will not be reattempted until the update interval of snapshots has elapsed or updates are forced. Original error: Could not transfer metadata org.apache.maven:maven-plugin-tools-java:2.1-SNAPSHOT/maven-metadata.xml from/to snapshots (http://snapshots.maven.codehaus.org/maven2): Transfer failed for http://snapshots.maven.codehaus.org/maven2/org/apache/maven/maven-plugin-tools-java/2.1-SNAPSHOT/maven-metadata.xml
[[1;34mINFO[m] 
[[1;34mINFO[m] [1m-------------< [0;36morg.apache.maven:maven-plugin-tools-model[0;1m >--------------[m
[[1;34mINFO[m] [1mBuilding Maven Plugin Metadata Model 2.1-SNAPSHOT                [26/31][m
[[1;34mINFO[m] [1m--------------------------------[ jar ]---------------------------------[m
[[1;34mINFO[m] 
[[1;34mINFO[m] [1m--- [0;32mmodello-maven-plugin:2.0.0:java[m [1m(default)[m @ [36mmaven-plugin-tools-model[0;1m ---[m
[[1;34mINFO[m] 
[[1;34mINFO[m] [1m--------------< [0;36morg.apache.maven:maven-plugin-tools-ant[0;1m >---------------[m
[[1;34mINFO[m] [1mBuilding Maven Ant Plugin Tools 2.1-SNAPSHOT                     [27/31][m
[[1;34mINFO[m] [1m--------------------------------[ jar ]---------------------------------[m
Downloading from snapshots: http://snapshots.maven.codehaus.org/maven2/org/apache/maven/maven-plugin-tools-model/2.1-SNAPSHOT/maven-metadata.xml
Downloading from apache.snapshots: http://cvs.apache.org/maven-snapshot-repository/org/apache/maven/maven-plugin-tools-model/2.1-SNAPSHOT/maven-metadata.xml
[[1;33mWARNING[m] Could not transfer metadata org.apache.maven:maven-plugin-tools-model:2.1-SNAPSHOT/maven-metadata.xml from/to snapshots (http://snapshots.maven.codehaus.org/maven2): Transfer failed for http://snapshots.maven.codehaus.org/maven2/org/apache/maven/maven-plugin-tools-model/2.1-SNAPSHOT/maven-metadata.xml
[[1;33mWARNING[m] Failure to transfer org.apache.maven:maven-plugin-tools-api:2.1-SNAPSHOT/maven-metadata.xml from http://snapshots.maven.codehaus.org/maven2 was cached in the local repository, resolution will not be reattempted until the update interval of snapshots has elapsed or updates are forced. Original error: Could not transfer metadata org.apache.maven:maven-plugin-tools-api:2.1-SNAPSHOT/maven-metadata.xml from/to snapshots (http://snapshots.maven.codehaus.org/maven2): Transfer failed for http://snapshots.maven.codehaus.org/maven2/org/apache/maven/maven-plugin-tools-api/2.1-SNAPSHOT/maven-metadata.xml
[[1;33mWARNING[m] Failure to transfer org.apache.maven:maven-project:2.1-SNAPSHOT/maven-metadata.xml from http://snapshots.maven.codehaus.org/maven2 was cached in the local repository, resolution will not be reattempted until the update interval of snapshots has elapsed or updates are forced. Original error: Could not transfer metadata org.apache.maven:maven-project:2.1-SNAPSHOT/maven-metadata.xml from/to snapshots (http://snapshots.maven.codehaus.org/maven2): Transfer failed for http://snapshots.maven.codehaus.org/maven2/org/apache/maven/maven-project/2.1-SNAPSHOT/maven-metadata.xml
[[1;33mWARNING[m] Failure to transfer org.apache.maven:maven-plugin-tools-model:2.1-SNAPSHOT/maven-metadata.xml from http://snapshots.maven.codehaus.org/maven2 was cached in the local repository, resolution will not be reattempted until the update interval of snapshots has elapsed or updates are forced. Original error: Could not transfer metadata org.apache.maven:maven-plugin-tools-model:2.1-SNAPSHOT/maven-metadata.xml from/to snapshots (http://snapshots.maven.codehaus.org/maven2): Transfer failed for http://snapshots.maven.codehaus.org/maven2/org/apache/maven/maven-plugin-tools-model/2.1-SNAPSHOT/maven-metadata.xml
[[1;34mINFO[m] 
[[1;34mINFO[m] [1m----------< [0;36morg.apache.maven.reporting:maven-reporting-impl[0;1m >-----------[m
[[1;34mINFO[m] [1mBuilding Maven Reporting 2.1-SNAPSHOT                            [28/31][m
[[1;34mINFO[m] [1m--------------------------------[ jar ]---------------------------------[m
[[1;33mWARNING[m] Failure to transfer org.apache.maven:maven-project:2.1-SNAPSHOT/maven-metadata.xml from http://snapshots.maven.codehaus.org/maven2 was cached in the local repository, resolution will not be reattempted until the update interval of snapshots has elapsed or updates are forced. Original error: Could not transfer metadata org.apache.maven:maven-project:2.1-SNAPSHOT/maven-metadata.xml from/to snapshots (http://snapshots.maven.codehaus.org/maven2): Transfer failed for http://snapshots.maven.codehaus.org/maven2/org/apache/maven/maven-project/2.1-SNAPSHOT/maven-metadata.xml
[[1;34mINFO[m] 
[[1;34mINFO[m] [1m-------------------< [0;36morg.apache.maven:maven-script[0;1m >--------------------[m
[[1;34mINFO[m] [1mBuilding Maven Script Support Root 2.1-SNAPSHOT                  [29/31][m
[[1;34mINFO[m] [1m--------------------------------[ pom ]---------------------------------[m
[[1;34mINFO[m] 
[[1;34mINFO[m] [1m--- [0;32mmaven-install-plugin:2.4:install[m [1m(default-install)[m @ [36mmaven-script[0;1m ---[m
[[1;34mINFO[m] Installing /home/user/Reproducibility-Scanner/benchmarks/bugs-dot-jar/maven/maven-script/pom.xml to /home/user/.m2/repository/org/apache/maven/maven-script/2.1-SNAPSHOT/maven-script-2.1-SNAPSHOT.pom
[[1;34mINFO[m] 
[[1;34mINFO[m] [1m-----------------< [0;36morg.apache.maven:maven-script-ant[0;1m >------------------[m
[[1;34mINFO[m] [1mBuilding Maven Ant Mojo Support 2.1-SNAPSHOT                     [30/31][m
[[1;34mINFO[m] [1m--------------------------------[ jar ]---------------------------------[m
[[1;34mINFO[m] 
[[1;34mINFO[m] [1m--- [0;32mmaven-resources-plugin:2.6:resources[m [1m(default-resources)[m @ [36mmaven-script-ant[0;1m ---[m
[[1;33mWARNING[m] Using platform encoding (UTF-8 actually) to copy filtered resources, i.e. build is platform dependent!
[[1;34mINFO[m] Copying 1 resource
[[1;34mINFO[m] 
[[1;34mINFO[m] [1m--- [0;32mmaven-compiler-plugin:3.1:compile[m [1m(default-compile)[m @ [36mmaven-script-ant[0;1m ---[m
[[1;34mINFO[m] Changes detected - recompiling the module!
[[1;33mWARNING[m] File encoding has not been set, using platform encoding UTF-8, i.e. build is platform dependent!
[[1;34mINFO[m] Compiling 2 source files to /home/user/Reproducibility-Scanner/benchmarks/bugs-dot-jar/maven/maven-script/maven-script-ant/target/classes
[[1;34mINFO[m] 
[[1;34mINFO[m] [1m--- [0;32mmaven-resources-plugin:2.6:testResources[m [1m(default-testResources)[m @ [36mmaven-script-ant[0;1m ---[m
[[1;33mWARNING[m] Using platform encoding (UTF-8 actually) to copy filtered resources, i.e. build is platform dependent!
[[1;34mINFO[m] skip non existing resourceDirectory /home/user/Reproducibility-Scanner/benchmarks/bugs-dot-jar/maven/maven-script/maven-script-ant/src/test/resources
[[1;34mINFO[m] 
[[1;34mINFO[m] [1m--- [0;32mmaven-compiler-plugin:3.1:testCompile[m [1m(default-testCompile)[m @ [36mmaven-script-ant[0;1m ---[m
[[1;34mINFO[m] No sources to compile
[[1;34mINFO[m] 
[[1;34mINFO[m] [1m--- [0;32mmaven-surefire-plugin:2.12.4:test[m [1m(default-test)[m @ [36mmaven-script-ant[0;1m ---[m
[[1;34mINFO[m] Tests are skipped.
[[1;34mINFO[m] 
[[1;34mINFO[m] [1m--- [0;32mmaven-jar-plugin:2.4:jar[m [1m(default-jar)[m @ [36mmaven-script-ant[0;1m ---[m
[[1;34mINFO[m] Building jar: /home/user/Reproducibility-Scanner/benchmarks/bugs-dot-jar/maven/maven-script/maven-script-ant/target/maven-script-ant-2.1-SNAPSHOT.jar
[[1;34mINFO[m] 
[[1;34mINFO[m] [1m--- [0;32mmaven-install-plugin:2.4:install[m [1m(default-install)[m @ [36mmaven-script-ant[0;1m ---[m
[[1;34mINFO[m] Installing /home/user/Reproducibility-Scanner/benchmarks/bugs-dot-jar/maven/maven-script/maven-script-ant/target/maven-script-ant-2.1-SNAPSHOT.jar to /home/user/.m2/repository/org/apache/maven/maven-script-ant/2.1-SNAPSHOT/maven-script-ant-2.1-SNAPSHOT.jar
[[1;34mINFO[m] Installing /home/user/Reproducibility-Scanner/benchmarks/bugs-dot-jar/maven/maven-script/maven-script-ant/pom.xml to /home/user/.m2/repository/org/apache/maven/maven-script-ant/2.1-SNAPSHOT/maven-script-ant-2.1-SNAPSHOT.pom
[[1;34mINFO[m] 
[[1;34mINFO[m] [1m--------------< [0;36morg.apache.maven:maven-script-beanshell[0;1m >---------------[m
[[1;34mINFO[m] [1mBuilding Maven Beanshell Mojo Support 2.1-SNAPSHOT               [31/31][m
[[1;34mINFO[m] [1m--------------------------------[ jar ]---------------------------------[m
[[1;34mINFO[m] 
[[1;34mINFO[m] [1m--- [0;32mmaven-resources-plugin:2.6:resources[m [1m(default-resources)[m @ [36mmaven-script-beanshell[0;1m ---[m
[[1;33mWARNING[m] Using platform encoding (UTF-8 actually) to copy filtered resources, i.e. build is platform dependent!
[[1;34mINFO[m] skip non existing resourceDirectory /home/user/Reproducibility-Scanner/benchmarks/bugs-dot-jar/maven/maven-script/maven-script-beanshell/src/main/resources
[[1;34mINFO[m] 
[[1;34mINFO[m] [1m--- [0;32mmaven-compiler-plugin:3.1:compile[m [1m(default-compile)[m @ [36mmaven-script-beanshell[0;1m ---[m
[[1;34mINFO[m] Changes detected - recompiling the module!
[[1;33mWARNING[m] File encoding has not been set, using platform encoding UTF-8, i.e. build is platform dependent!
[[1;34mINFO[m] Compiling 1 source file to /home/user/Reproducibility-Scanner/benchmarks/bugs-dot-jar/maven/maven-script/maven-script-beanshell/target/classes
[[1;34mINFO[m] 
[[1;34mINFO[m] [1m--- [0;32mmaven-resources-plugin:2.6:testResources[m [1m(default-testResources)[m @ [36mmaven-script-beanshell[0;1m ---[m
[[1;33mWARNING[m] Using platform encoding (UTF-8 actually) to copy filtered resources, i.e. build is platform dependent!
[[1;34mINFO[m] skip non existing resourceDirectory /home/user/Reproducibility-Scanner/benchmarks/bugs-dot-jar/maven/maven-script/maven-script-beanshell/src/test/resources
[[1;34mINFO[m] 
[[1;34mINFO[m] [1m--- [0;32mmaven-compiler-plugin:3.1:testCompile[m [1m(default-testCompile)[m @ [36mmaven-script-beanshell[0;1m ---[m
[[1;34mINFO[m] No sources to compile
[[1;34mINFO[m] 
[[1;34mINFO[m] [1m--- [0;32mmaven-surefire-plugin:2.12.4:test[m [1m(default-test)[m @ [36mmaven-script-beanshell[0;1m ---[m
[[1;34mINFO[m] Tests are skipped.
[[1;34mINFO[m] 
[[1;34mINFO[m] [1m--- [0;32mmaven-jar-plugin:2.4:jar[m [1m(default-jar)[m @ [36mmaven-script-beanshell[0;1m ---[m
[[1;34mINFO[m] Building jar: /home/user/Reproducibility-Scanner/benchmarks/bugs-dot-jar/maven/maven-script/maven-script-beanshell/target/maven-script-beanshell-2.1-SNAPSHOT.jar
[[1;34mINFO[m] 
[[1;34mINFO[m] [1m--- [0;32mmaven-install-plugin:2.4:install[m [1m(default-install)[m @ [36mmaven-script-beanshell[0;1m ---[m
[[1;34mINFO[m] Installing /home/user/Reproducibility-Scanner/benchmarks/bugs-dot-jar/maven/maven-script/maven-script-beanshell/target/maven-script-beanshell-2.1-SNAPSHOT.jar to /home/user/.m2/repository/org/apache/maven/maven-script-beanshell/2.1-SNAPSHOT/maven-script-beanshell-2.1-SNAPSHOT.jar
[[1;34mINFO[m] Installing /home/user/Reproducibility-Scanner/benchmarks/bugs-dot-jar/maven/maven-script/maven-script-beanshell/pom.xml to /home/user/.m2/repository/org/apache/maven/maven-script-beanshell/2.1-SNAPSHOT/maven-script-beanshell-2.1-SNAPSHOT.pom
[[1;34mINFO[m] [1m------------------------------------------------------------------------[m
[[1;34mINFO[m] [1mReactor Summary for Maven 2.1-SNAPSHOT:[m
[[1;34mINFO[m] 
[[1;34mINFO[m] Maven .............................................. [1;32mSUCCESS[m [  0.177 s]
[[1;34mINFO[m] Maven Model ........................................ [1;32mSUCCESS[m [  1.932 s]
[[1;34mINFO[m] Maven Local Settings Model ......................... [1;32mSUCCESS[m [  0.380 s]
[[1;34mINFO[m] Maven Repository Metadata Model .................... [1;32mSUCCESS[m [  0.108 s]
[[1;34mINFO[m] Maven Artifact ..................................... [1;32mSUCCESS[m [  0.432 s]
[[1;34mINFO[m] Maven Artifact Manager ............................. [1;32mSUCCESS[m [  0.243 s]
[[1;34mINFO[m] Maven Artifact Test Helper Library ................. [1;32mSUCCESS[m [  0.049 s]
[[1;34mINFO[m] Maven Profile Model ................................ [1;32mSUCCESS[m [  0.145 s]
[[1;34mINFO[m] Maven Project Builder .............................. [1;31mFAILURE[m [  1.649 s]
[[1;34mINFO[m] Maven Archiver ..................................... [1;31mFAILURE[m [  0.749 s]
[[1;34mINFO[m] Maven Plugin Parameter Documenter API .............. [1;32mSUCCESS[m [  0.153 s]
[[1;34mINFO[m] Maven Reporting .................................... [1;32mSUCCESS[m [  0.005 s]
[[1;34mINFO[m] Maven Reporting API ................................ [1;32mSUCCESS[m [  0.037 s]
[[1;34mINFO[m] Maven Error Diagnostics ............................ [1;32mSUCCESS[m [  0.044 s]
[[1;34mINFO[m] Maven Plugin Registry Model ........................ [1;32mSUCCESS[m [  0.089 s]
[[1;34mINFO[m] Maven Plugin API ................................... [1;32mSUCCESS[m [  0.046 s]
[[1;34mINFO[m] Maven Plugin Descriptor Model ...................... [1;32mSUCCESS[m [  0.142 s]
[[1;34mINFO[m] Maven Monitor ...................................... [1;32mSUCCESS[m [  0.040 s]
[[1;34mINFO[m] Maven Core ......................................... [1;32mSUCCESS[m [  0.358 s]
[[1;34mINFO[m] Maven Model Converter .............................. [1;32mSUCCESS[m [  0.080 s]
[[1;34mINFO[m] Maven Plugin Tools Base POM ........................ [1;32mSUCCESS[m [  0.003 s]
[[1;34mINFO[m] Maven Plugin Tools APIs ............................ [1;31mFAILURE[m [  0.006 s]
[[1;34mINFO[m] Maven Plugin Tools for Java ........................ [1;31mFAILURE[m [  0.359 s]
[[1;34mINFO[m] Maven Plugin Tools for Beanshell ................... [1;31mFAILURE[m [  0.011 s]
[[1;34mINFO[m] Maven Pluggy Simplistic Plugin Generator ........... [1;31mFAILURE[m [  0.367 s]
[[1;34mINFO[m] Maven Plugin Metadata Model ........................ [1;31mFAILURE[m [  0.155 s]
[[1;34mINFO[m] Maven Ant Plugin Tools ............................. [1;31mFAILURE[m [  0.381 s]
[[1;34mINFO[m] Maven Reporting .................................... [1;31mFAILURE[m [  0.027 s]
[[1;34mINFO[m] Maven Script Support Root .......................... [1;32mSUCCESS[m [  0.004 s]
[[1;34mINFO[m] Maven Ant Mojo Support ............................. [1;32mSUCCESS[m [  0.043 s]
[[1;34mINFO[m] Maven Beanshell Mojo Support ....................... [1;32mSUCCESS[m [  0.029 s]
[[1;34mINFO[m] [1m------------------------------------------------------------------------[m
[[1;34mINFO[m] [1;31mBUILD FAILURE[m
[[1;34mINFO[m] [1m------------------------------------------------------------------------[m
[[1;34mINFO[m] Total time:  8.452 s
[[1;34mINFO[m] Finished at: 2022-07-31T00:38:58-07:00
[[1;34mINFO[m] [1m------------------------------------------------------------------------[m
[[1;31mERROR[m] Failed to execute goal on project [36mmaven-project[m: [1;31mCould not resolve dependencies for project org.apache.maven:maven-project:jar:2.1-SNAPSHOT: Failed to collect dependencies at org.apache.maven:maven-settings:jar:2.0.3-SNAPSHOT[m: Failed to read artifact descriptor for org.apache.maven:maven-settings:jar:2.0.3-SNAPSHOT: Could not transfer artifact org.apache.maven:maven-settings:pom:2.0.3-SNAPSHOT from/to snapshots (http://snapshots.maven.codehaus.org/maven2): Transfer failed for http://snapshots.maven.codehaus.org/maven2/org/apache/maven/maven-settings/2.0.3-SNAPSHOT/maven-settings-2.0.3-SNAPSHOT.pom: Unknown host snapshots.maven.codehaus.org -> [1m[Help 1][m
[[1;31mERROR[m] Failed to execute goal on project [36mmaven-archiver[m: [1;31mCould not resolve dependencies for project org.apache.maven:maven-archiver:jar:2.1-SNAPSHOT: Could not transfer artifact org.apache.maven:maven-settings:jar:2.0.3-SNAPSHOT from/to snapshots (http://snapshots.maven.codehaus.org/maven2): Transfer failed for http://snapshots.maven.codehaus.org/maven2/org/apache/maven/maven-settings/2.0.3-SNAPSHOT/maven-settings-2.0.3-SNAPSHOT.jar[m: Unknown host snapshots.maven.codehaus.org -> [1m[Help 1][m
[[1;31mERROR[m] Failed to execute goal on project [36mmaven-plugin-tools-api[m: [1;31mCould not resolve dependencies for project org.apache.maven:maven-plugin-tools-api:jar:2.1-SNAPSHOT: Failure to transfer org.apache.maven:maven-settings:jar:2.0.3-SNAPSHOT from http://snapshots.maven.codehaus.org/maven2 was cached in the local repository, resolution will not be reattempted until the update interval of snapshots has elapsed or updates are forced. Original error: Could not transfer artifact org.apache.maven:maven-settings:jar:2.0.3-SNAPSHOT from/to snapshots (http://snapshots.maven.codehaus.org/maven2): Transfer failed for http://snapshots.maven.codehaus.org/maven2/org/apache/maven/maven-settings/2.0.3-SNAPSHOT/maven-settings-2.0.3-SNAPSHOT.jar[m -> [1m[Help 1][m
[[1;31mERROR[m] Failed to execute goal on project [36mmaven-plugin-tools-java[m: [1;31mCould not resolve dependencies for project org.apache.maven:maven-plugin-tools-java:jar:2.1-SNAPSHOT: Failure to transfer org.apache.maven:maven-settings:jar:2.0.3-SNAPSHOT from http://snapshots.maven.codehaus.org/maven2 was cached in the local repository, resolution will not be reattempted until the update interval of snapshots has elapsed or updates are forced. Original error: Could not transfer artifact org.apache.maven:maven-settings:jar:2.0.3-SNAPSHOT from/to snapshots (http://snapshots.maven.codehaus.org/maven2): Transfer failed for http://snapshots.maven.codehaus.org/maven2/org/apache/maven/maven-settings/2.0.3-SNAPSHOT/maven-settings-2.0.3-SNAPSHOT.jar[m -> [1m[Help 1][m
[[1;31mERROR[m] Failed to execute goal on project [36mmaven-plugin-tools-beanshell[m: [1;31mCould not resolve dependencies for project org.apache.maven:maven-plugin-tools-beanshell:jar:2.1-SNAPSHOT: Failure to transfer org.apache.maven:maven-settings:jar:2.0.3-SNAPSHOT from http://snapshots.maven.codehaus.org/maven2 was cached in the local repository, resolution will not be reattempted until the update interval of snapshots has elapsed or updates are forced. Original error: Could not transfer artifact org.apache.maven:maven-settings:jar:2.0.3-SNAPSHOT from/to snapshots (http://snapshots.maven.codehaus.org/maven2): Transfer failed for http://snapshots.maven.codehaus.org/maven2/org/apache/maven/maven-settings/2.0.3-SNAPSHOT/maven-settings-2.0.3-SNAPSHOT.jar[m -> [1m[Help 1][m
[[1;31mERROR[m] Failed to execute goal on project [36mmaven-plugin-tools-pluggy[m: [1;31mCould not resolve dependencies for project org.apache.maven:maven-plugin-tools-pluggy:jar:2.1-SNAPSHOT: Failure to transfer org.apache.maven:maven-settings:jar:2.0.3-SNAPSHOT from http://snapshots.maven.codehaus.org/maven2 was cached in the local repository, resolution will not be reattempted until the update interval of snapshots has elapsed or updates are forced. Original error: Could not transfer artifact org.apache.maven:maven-settings:jar:2.0.3-SNAPSHOT from/to snapshots (http://snapshots.maven.codehaus.org/maven2): Transfer failed for http://snapshots.maven.codehaus.org/maven2/org/apache/maven/maven-settings/2.0.3-SNAPSHOT/maven-settings-2.0.3-SNAPSHOT.jar[m -> [1m[Help 1][m
[[1;31mERROR[m] Failed to execute goal [32morg.codehaus.modello:modello-maven-plugin:2.0.0:java[m [1m(default)[m on project [36mmaven-plugin-tools-model[m: [1;31mThe parameters 'models' for goal org.codehaus.modello:modello-maven-plugin:2.0.0:java are missing or invalid[m -> [1m[Help 2][m
[[1;31mERROR[m] Failed to execute goal on project [36mmaven-plugin-tools-ant[m: [1;31mCould not resolve dependencies for project org.apache.maven:maven-plugin-tools-ant:jar:2.1-SNAPSHOT: Failure to transfer org.apache.maven:maven-settings:jar:2.0.3-SNAPSHOT from http://snapshots.maven.codehaus.org/maven2 was cached in the local repository, resolution will not be reattempted until the update interval of snapshots has elapsed or updates are forced. Original error: Could not transfer artifact org.apache.maven:maven-settings:jar:2.0.3-SNAPSHOT from/to snapshots (http://snapshots.maven.codehaus.org/maven2): Transfer failed for http://snapshots.maven.codehaus.org/maven2/org/apache/maven/maven-settings/2.0.3-SNAPSHOT/maven-settings-2.0.3-SNAPSHOT.jar[m -> [1m[Help 1][m
[[1;31mERROR[m] Failed to execute goal on project [36mmaven-reporting-impl[m: [1;31mCould not resolve dependencies for project org.apache.maven.reporting:maven-reporting-impl:jar:2.1-SNAPSHOT: Failure to transfer org.apache.maven:maven-settings:jar:2.0.3-SNAPSHOT from http://snapshots.maven.codehaus.org/maven2 was cached in the local repository, resolution will not be reattempted until the update interval of snapshots has elapsed or updates are forced. Original error: Could not transfer artifact org.apache.maven:maven-settings:jar:2.0.3-SNAPSHOT from/to snapshots (http://snapshots.maven.codehaus.org/maven2): Transfer failed for http://snapshots.maven.codehaus.org/maven2/org/apache/maven/maven-settings/2.0.3-SNAPSHOT/maven-settings-2.0.3-SNAPSHOT.jar[m -> [1m[Help 1][m
[[1;31mERROR[m] 
[[1;31mERROR[m] To see the full stack trace of the errors, re-run Maven with the [1m-e[m switch.
[[1;31mERROR[m] Re-run Maven using the [1m-X[m switch to enable full debug logging.
[[1;31mERROR[m] 
[[1;31mERROR[m] For more information about the errors and possible solutions, please read the following articles:
[[1;31mERROR[m] [1m[Help 1][m http://cwiki.apache.org/confluence/display/MAVEN/DependencyResolutionException
[[1;31mERROR[m] [1m[Help 2][m http://cwiki.apache.org/confluence/display/MAVEN/PluginParameterException
[[1;31mERROR[m] 
[[1;31mERROR[m] After correcting the problems, you can resume the build with the command
[[1;31mERROR[m]   [1mmvn <args> -rf :maven-project[m
[[1;34mINFO[m] Build failures were ignored.
[[1;34mINFO[m] Scanning for projects...
[[1;33mWARNING[m] 
[[1;33mWARNING[m] Some problems were encountered while building the effective model for org.apache.maven:maven-core:jar:2.1-SNAPSHOT
[[1;33mWARNING[m] The expression ${version} is deprecated. Please use ${project.version} instead.
[[1;33mWARNING[m] 
[[1;33mWARNING[m] Some problems were encountered while building the effective model for org.apache.maven:maven-plugin-tools-model:jar:2.1-SNAPSHOT
[[1;33mWARNING[m] 'build.plugins.plugin.version' for org.codehaus.modello:modello-maven-plugin is missing. @ line 14, column 15
[[1;33mWARNING[m] 
[[1;33mWARNING[m] It is highly recommended to fix these problems because they threaten the stability of your build.
[[1;33mWARNING[m] 
[[1;33mWARNING[m] For this reason, future Maven versions might no longer support building such malformed projects.
[[1;33mWARNING[m] 
[[1;34mINFO[m] 
[[1;34mINFO[m] [1m------------------< [0;36morg.apache.maven:maven-artifact[0;1m >-------------------[m
[[1;34mINFO[m] [1mBuilding Maven Artifact 2.1-SNAPSHOT[m
[[1;34mINFO[m] [1m--------------------------------[ jar ]---------------------------------[m
[[1;34mINFO[m] 
[[1;34mINFO[m] [1m--- [0;32mmaven-resources-plugin:2.6:resources[m [1m(default-resources)[m @ [36mmaven-artifact[0;1m ---[m
[[1;33mWARNING[m] Using platform encoding (UTF-8 actually) to copy filtered resources, i.e. build is platform dependent!
[[1;34mINFO[m] Copying 1 resource
[[1;34mINFO[m] 
[[1;34mINFO[m] [1m--- [0;32mmaven-compiler-plugin:3.1:compile[m [1m(default-compile)[m @ [36mmaven-artifact[0;1m ---[m
[[1;34mINFO[m] Nothing to compile - all classes are up to date
[[1;34mINFO[m] 
[[1;34mINFO[m] [1m--- [0;32mmaven-resources-plugin:2.6:testResources[m [1m(default-testResources)[m @ [36mmaven-artifact[0;1m ---[m
[[1;33mWARNING[m] Using platform encoding (UTF-8 actually) to copy filtered resources, i.e. build is platform dependent!
[[1;34mINFO[m] skip non existing resourceDirectory /home/user/Reproducibility-Scanner/benchmarks/bugs-dot-jar/maven/maven-artifact/src/test/resources
[[1;34mINFO[m] 
[[1;34mINFO[m] [1m--- [0;32mmaven-compiler-plugin:3.1:testCompile[m [1m(default-testCompile)[m @ [36mmaven-artifact[0;1m ---[m
[[1;34mINFO[m] Nothing to compile - all classes are up to date
[[1;34mINFO[m] 
[[1;34mINFO[m] [1m--- [0;32mmaven-surefire-plugin:2.12.4:test[m [1m(default-test)[m @ [36mmaven-artifact[0;1m ---[m
[[1;34mINFO[m] Surefire report directory: /home/user/Reproducibility-Scanner/benchmarks/bugs-dot-jar/maven/maven-artifact/target/surefire-reports

-------------------------------------------------------
 T E S T S
-------------------------------------------------------
Running org.apache.maven.artifact.DefaultArtifactTest
Tests run: 8, Failures: 0, Errors: 0, Skipped: 0, Time elapsed: 0.015 sec
Running org.apache.maven.artifact.resolver.DefaultArtifactCollectorTest
Tests run: 25, Failures: 1, Errors: 0, Skipped: 0, Time elapsed: 0.267 sec <<< FAILURE!
testScopeUpdate(org.apache.maven.artifact.resolver.DefaultArtifactCollectorTest)  Time elapsed: 0.01 sec  <<< FAILURE!
junit.framework.ComparisonFailure: Check version expected:<1...> but was:<2...>
	at junit.framework.Assert.assertEquals(Assert.java:81)
	at org.apache.maven.artifact.resolver.DefaultArtifactCollectorTest.checkScopeUpdate(DefaultArtifactCollectorTest.java:616)
	at org.apache.maven.artifact.resolver.DefaultArtifactCollectorTest.checkScopeUpdateDirect(DefaultArtifactCollectorTest.java:585)
	at org.apache.maven.artifact.resolver.DefaultArtifactCollectorTest.checkScopeUpdate(DefaultArtifactCollectorTest.java:550)
	at org.apache.maven.artifact.resolver.DefaultArtifactCollectorTest.testScopeUpdate(DefaultArtifactCollectorTest.java:513)

Running org.apache.maven.artifact.factory.DefaultArtifactFactoryTest
Tests run: 1, Failures: 0, Errors: 0, Skipped: 0, Time elapsed: 0.001 sec
Running org.apache.maven.artifact.versioning.VersionRangeTest
Tests run: 3, Failures: 0, Errors: 0, Skipped: 0, Time elapsed: 0 sec
Running org.apache.maven.artifact.versioning.DefaultArtifactVersionTest
Tests run: 2, Failures: 0, Errors: 0, Skipped: 0, Time elapsed: 0 sec

Results :

Failed tests:   testScopeUpdate(org.apache.maven.artifact.resolver.DefaultArtifactCollectorTest): Check version expected:<1...> but was:<2...>

Tests run: 39, Failures: 1, Errors: 0, Skipped: 0

[[1;34mINFO[m] [1m------------------------------------------------------------------------[m
[[1;34mINFO[m] [1;31mBUILD FAILURE[m
[[1;34mINFO[m] [1m------------------------------------------------------------------------[m
[[1;34mINFO[m] Total time:  1.475 s
[[1;34mINFO[m] Finished at: 2022-07-31T00:39:01-07:00
[[1;34mINFO[m] [1m------------------------------------------------------------------------[m
[[1;31mERROR[m] Failed to execute goal [32morg.apache.maven.plugins:maven-surefire-plugin:2.12.4:test[m [1m(default-test)[m on project [36mmaven-artifact[m: [1;31mThere are test failures.[m
[[1;31mERROR[m] [1;31m[m
[[1;31mERROR[m] [1;31mPlease refer to /home/user/Reproducibility-Scanner/benchmarks/bugs-dot-jar/maven/maven-artifact/target/surefire-reports for the individual test results.[m
[[1;31mERROR[m] -> [1m[Help 1][m
[[1;31mERROR[m] 
[[1;31mERROR[m] To see the full stack trace of the errors, re-run Maven with the [1m-e[m switch.
[[1;31mERROR[m] Re-run Maven using the [1m-X[m switch to enable full debug logging.
[[1;31mERROR[m] 
[[1;31mERROR[m] For more information about the errors and possible solutions, please read the following articles:
[[1;31mERROR[m] [1m[Help 1][m http://cwiki.apache.org/confluence/display/MAVEN/MojoFailureException