[[1;34mINFO[m] Scanning for projects...
[[1;33mWARNING[m] The project org.apache.accumulo:accumulo-project:pom:1.5.1-SNAPSHOT uses prerequisites which is only intended for maven-plugin projects but not for non maven-plugin projects. For such purposes you should use the maven-enforcer-plugin. See https://maven.apache.org/enforcer/enforcer-rules/requireMavenVersion.html
[[1;34mINFO[m] [1m------------------------------------------------------------------------[m
[[1;34mINFO[m] [1mReactor Build Order:[m
[[1;34mINFO[m] 
[[1;34mINFO[m] Apache Accumulo Project                                            [pom]
[[1;34mINFO[m] Trace                                                              [jar]
[[1;34mINFO[m] Fate                                                               [jar]
[[1;34mINFO[m] Start                                                              [jar]
[[1;34mINFO[m] Core                                                               [jar]
[[1;34mINFO[m] Server                                                             [jar]
[[1;34mINFO[m] Examples                                                           [pom]
[[1;34mINFO[m] Simple Examples                                                    [jar]
[[1;34mINFO[m] MiniCluster                                                        [jar]
[[1;34mINFO[m] Testing                                                            [jar]
[[1;34mINFO[m] Proxy                                                              [jar]
[[1;34mINFO[m] Assemblies                                                         [pom]
[[1;34mINFO[m] 
[[1;34mINFO[m] [1m----------------< [0;36morg.apache.accumulo:accumulo-project[0;1m >----------------[m
[[1;34mINFO[m] [1mBuilding Apache Accumulo Project 1.5.1-SNAPSHOT                   [1/12][m
[[1;34mINFO[m] [1m--------------------------------[ pom ]---------------------------------[m
[[1;34mINFO[m] 
[[1;34mINFO[m] [1m--- [0;32mmaven-sortpom-plugin:2.1.0:verify[m [1m(verify-sorted-pom)[m @ [36maccumulo-project[0;1m ---[m
[[1;34mINFO[m] Verifying file /home/user/Reproducibility-Scanner/benchmarks/bugs-dot-jar/accumulo/pom.xml
[[1;34mINFO[m] 
[[1;34mINFO[m] [1m--- [0;32mmaven-enforcer-plugin:1.0.1:enforce[m [1m(enforce-mvn)[m @ [36maccumulo-project[0;1m ---[m
[[1;34mINFO[m] 
[[1;34mINFO[m] [1m--- [0;32mmaven-remote-resources-plugin:1.4:process[m [1m(default)[m @ [36maccumulo-project[0;1m ---[m
[[1;34mINFO[m] 
[[1;34mINFO[m] [1m--- [0;32mmaven-dependency-plugin:2.7:copy-dependencies[m [1m(copy-dependencies)[m @ [36maccumulo-project[0;1m ---[m
[[1;34mINFO[m] 
[[1;34mINFO[m] [1m--- [0;32mmaven-site-plugin:3.2:attach-descriptor[m [1m(attach-descriptor)[m @ [36maccumulo-project[0;1m ---[m
[[1;34mINFO[m] 
[[1;34mINFO[m] [1m--- [0;32mmaven-failsafe-plugin:2.12.4:integration-test[m [1m(run-integration-tests)[m @ [36maccumulo-project[0;1m ---[m
[[1;34mINFO[m] Tests are skipped.
[[1;34mINFO[m] 
[[1;34mINFO[m] [1m--- [0;32mmaven-failsafe-plugin:2.12.4:verify[m [1m(verify-integration-tests)[m @ [36maccumulo-project[0;1m ---[m
[[1;34mINFO[m] Tests are skipped.
[[1;34mINFO[m] 
[[1;34mINFO[m] [1m--- [0;32mmaven-install-plugin:2.3.1:install[m [1m(default-install)[m @ [36maccumulo-project[0;1m ---[m
[[1;34mINFO[m] Installing /home/user/Reproducibility-Scanner/benchmarks/bugs-dot-jar/accumulo/pom.xml to /home/user/.m2/repository/org/apache/accumulo/accumulo-project/1.5.1-SNAPSHOT/accumulo-project-1.5.1-SNAPSHOT.pom
[[1;34mINFO[m] Installing /home/user/Reproducibility-Scanner/benchmarks/bugs-dot-jar/accumulo/target/accumulo-project-1.5.1-SNAPSHOT-site.xml to /home/user/.m2/repository/org/apache/accumulo/accumulo-project/1.5.1-SNAPSHOT/accumulo-project-1.5.1-SNAPSHOT-site.xml
[[1;34mINFO[m] 
[[1;34mINFO[m] [1m-----------------< [0;36morg.apache.accumulo:accumulo-trace[0;1m >-----------------[m
[[1;34mINFO[m] [1mBuilding Trace 1.5.1-SNAPSHOT                                     [2/12][m
[[1;34mINFO[m] [1m--------------------------------[ jar ]---------------------------------[m
[[1;34mINFO[m] 
[[1;34mINFO[m] [1m--- [0;32mmaven-sortpom-plugin:2.1.0:verify[m [1m(verify-sorted-pom)[m @ [36maccumulo-trace[0;1m ---[m
[[1;34mINFO[m] Verifying file /home/user/Reproducibility-Scanner/benchmarks/bugs-dot-jar/accumulo/trace/pom.xml
[[1;34mINFO[m] 
[[1;34mINFO[m] [1m--- [0;32mmaven-enforcer-plugin:1.0.1:enforce[m [1m(enforce-mvn)[m @ [36maccumulo-trace[0;1m ---[m
[[1;34mINFO[m] 
[[1;34mINFO[m] [1m--- [0;32mmaven-remote-resources-plugin:1.4:process[m [1m(default)[m @ [36maccumulo-trace[0;1m ---[m
[[1;34mINFO[m] 
[[1;34mINFO[m] [1m--- [0;32mmaven-resources-plugin:2.6:resources[m [1m(default-resources)[m @ [36maccumulo-trace[0;1m ---[m
[[1;34mINFO[m] Using 'UTF-8' encoding to copy filtered resources.
[[1;34mINFO[m] skip non existing resourceDirectory /home/user/Reproducibility-Scanner/benchmarks/bugs-dot-jar/accumulo/trace/src/main/resources
[[1;34mINFO[m] Copying 3 resources
[[1;34mINFO[m] 
[[1;34mINFO[m] [1m--- [0;32mmaven-compiler-plugin:2.5.1:compile[m [1m(default-compile)[m @ [36maccumulo-trace[0;1m ---[m
[[1;34mINFO[m] Compiling 22 source files to /home/user/Reproducibility-Scanner/benchmarks/bugs-dot-jar/accumulo/trace/target/classes
[[1;34mINFO[m] 
[[1;34mINFO[m] [1m--- [0;32mmaven-resources-plugin:2.6:testResources[m [1m(default-testResources)[m @ [36maccumulo-trace[0;1m ---[m
[[1;34mINFO[m] Using 'UTF-8' encoding to copy filtered resources.
[[1;34mINFO[m] skip non existing resourceDirectory /home/user/Reproducibility-Scanner/benchmarks/bugs-dot-jar/accumulo/trace/src/test/resources
[[1;34mINFO[m] Copying 3 resources
[[1;34mINFO[m] 
[[1;34mINFO[m] [1m--- [0;32mmaven-compiler-plugin:2.5.1:testCompile[m [1m(default-testCompile)[m @ [36maccumulo-trace[0;1m ---[m
[[1;34mINFO[m] Compiling 3 source files to /home/user/Reproducibility-Scanner/benchmarks/bugs-dot-jar/accumulo/trace/target/test-classes
[[1;34mINFO[m] 
[[1;34mINFO[m] [1m--- [0;32mmaven-surefire-plugin:2.12.4:test[m [1m(default-test)[m @ [36maccumulo-trace[0;1m ---[m
[[1;34mINFO[m] Tests are skipped.
[[1;34mINFO[m] 
[[1;34mINFO[m] [1m--- [0;32mmaven-dependency-plugin:2.7:copy-dependencies[m [1m(copy-dependencies)[m @ [36maccumulo-trace[0;1m ---[m
[[1;34mINFO[m] Copying libthrift-0.9.0.jar to /home/user/Reproducibility-Scanner/benchmarks/bugs-dot-jar/accumulo/lib/libthrift.jar
[[1;34mINFO[m] 
[[1;34mINFO[m] [1m--- [0;32mmaven-jar-plugin:2.4:jar[m [1m(default-jar)[m @ [36maccumulo-trace[0;1m ---[m
[[1;34mINFO[m] Building jar: /home/user/Reproducibility-Scanner/benchmarks/bugs-dot-jar/accumulo/trace/target/accumulo-trace-1.5.1-SNAPSHOT.jar
[[1;34mINFO[m] 
[[1;34mINFO[m] [1m--- [0;32mmaven-site-plugin:3.2:attach-descriptor[m [1m(attach-descriptor)[m @ [36maccumulo-trace[0;1m ---[m
[[1;34mINFO[m] 
[[1;34mINFO[m] [1m--- [0;32mmaven-failsafe-plugin:2.12.4:integration-test[m [1m(run-integration-tests)[m @ [36maccumulo-trace[0;1m ---[m
[[1;34mINFO[m] Tests are skipped.
[[1;34mINFO[m] 
[[1;34mINFO[m] [1m--- [0;32mmaven-failsafe-plugin:2.12.4:verify[m [1m(verify-integration-tests)[m @ [36maccumulo-trace[0;1m ---[m
[[1;34mINFO[m] Tests are skipped.
[[1;34mINFO[m] 
[[1;34mINFO[m] [1m--- [0;32mmaven-install-plugin:2.3.1:install[m [1m(default-install)[m @ [36maccumulo-trace[0;1m ---[m
[[1;34mINFO[m] Installing /home/user/Reproducibility-Scanner/benchmarks/bugs-dot-jar/accumulo/trace/target/accumulo-trace-1.5.1-SNAPSHOT.jar to /home/user/.m2/repository/org/apache/accumulo/accumulo-trace/1.5.1-SNAPSHOT/accumulo-trace-1.5.1-SNAPSHOT.jar
[[1;34mINFO[m] Installing /home/user/Reproducibility-Scanner/benchmarks/bugs-dot-jar/accumulo/trace/pom.xml to /home/user/.m2/repository/org/apache/accumulo/accumulo-trace/1.5.1-SNAPSHOT/accumulo-trace-1.5.1-SNAPSHOT.pom
[[1;34mINFO[m] 
[[1;34mINFO[m] [1m-----------------< [0;36morg.apache.accumulo:accumulo-fate[0;1m >------------------[m
[[1;34mINFO[m] [1mBuilding Fate 1.5.1-SNAPSHOT                                      [3/12][m
[[1;34mINFO[m] [1m--------------------------------[ jar ]---------------------------------[m
[[1;34mINFO[m] 
[[1;34mINFO[m] [1m--- [0;32mmaven-sortpom-plugin:2.1.0:verify[m [1m(verify-sorted-pom)[m @ [36maccumulo-fate[0;1m ---[m
[[1;34mINFO[m] Verifying file /home/user/Reproducibility-Scanner/benchmarks/bugs-dot-jar/accumulo/fate/pom.xml
[[1;34mINFO[m] 
[[1;34mINFO[m] [1m--- [0;32mmaven-enforcer-plugin:1.0.1:enforce[m [1m(enforce-mvn)[m @ [36maccumulo-fate[0;1m ---[m
[[1;34mINFO[m] 
[[1;34mINFO[m] [1m--- [0;32mmaven-remote-resources-plugin:1.4:process[m [1m(default)[m @ [36maccumulo-fate[0;1m ---[m
[[1;34mINFO[m] 
[[1;34mINFO[m] [1m--- [0;32mmaven-resources-plugin:2.6:resources[m [1m(default-resources)[m @ [36maccumulo-fate[0;1m ---[m
[[1;34mINFO[m] Using 'UTF-8' encoding to copy filtered resources.
[[1;34mINFO[m] skip non existing resourceDirectory /home/user/Reproducibility-Scanner/benchmarks/bugs-dot-jar/accumulo/fate/src/main/resources
[[1;34mINFO[m] Copying 3 resources
[[1;34mINFO[m] 
[[1;34mINFO[m] [1m--- [0;32mmaven-compiler-plugin:2.5.1:compile[m [1m(default-compile)[m @ [36maccumulo-fate[0;1m ---[m
[[1;34mINFO[m] Compiling 22 source files to /home/user/Reproducibility-Scanner/benchmarks/bugs-dot-jar/accumulo/fate/target/classes
[[1;34mINFO[m] 
[[1;34mINFO[m] [1m--- [0;32mmaven-resources-plugin:2.6:testResources[m [1m(default-testResources)[m @ [36maccumulo-fate[0;1m ---[m
[[1;34mINFO[m] Using 'UTF-8' encoding to copy filtered resources.
[[1;34mINFO[m] Copying 1 resource
[[1;34mINFO[m] Copying 3 resources
[[1;34mINFO[m] 
[[1;34mINFO[m] [1m--- [0;32mmaven-compiler-plugin:2.5.1:testCompile[m [1m(default-testCompile)[m @ [36maccumulo-fate[0;1m ---[m
[[1;34mINFO[m] Compiling 4 source files to /home/user/Reproducibility-Scanner/benchmarks/bugs-dot-jar/accumulo/fate/target/test-classes
[[1;34mINFO[m] 
[[1;34mINFO[m] [1m--- [0;32mmaven-surefire-plugin:2.12.4:test[m [1m(default-test)[m @ [36maccumulo-fate[0;1m ---[m
[[1;34mINFO[m] Tests are skipped.
[[1;34mINFO[m] 
[[1;34mINFO[m] [1m--- [0;32mmaven-dependency-plugin:2.7:copy-dependencies[m [1m(copy-dependencies)[m @ [36maccumulo-fate[0;1m ---[m
[[1;34mINFO[m] 
[[1;34mINFO[m] [1m--- [0;32mmaven-jar-plugin:2.4:jar[m [1m(default-jar)[m @ [36maccumulo-fate[0;1m ---[m
[[1;34mINFO[m] Building jar: /home/user/Reproducibility-Scanner/benchmarks/bugs-dot-jar/accumulo/fate/target/accumulo-fate-1.5.1-SNAPSHOT.jar
[[1;34mINFO[m] 
[[1;34mINFO[m] [1m--- [0;32mmaven-site-plugin:3.2:attach-descriptor[m [1m(attach-descriptor)[m @ [36maccumulo-fate[0;1m ---[m
[[1;34mINFO[m] 
[[1;34mINFO[m] [1m--- [0;32mmaven-failsafe-plugin:2.12.4:integration-test[m [1m(run-integration-tests)[m @ [36maccumulo-fate[0;1m ---[m
[[1;34mINFO[m] Tests are skipped.
[[1;34mINFO[m] 
[[1;34mINFO[m] [1m--- [0;32mmaven-failsafe-plugin:2.12.4:verify[m [1m(verify-integration-tests)[m @ [36maccumulo-fate[0;1m ---[m
[[1;34mINFO[m] Tests are skipped.
[[1;34mINFO[m] 
[[1;34mINFO[m] [1m--- [0;32mmaven-install-plugin:2.3.1:install[m [1m(default-install)[m @ [36maccumulo-fate[0;1m ---[m
[[1;34mINFO[m] Installing /home/user/Reproducibility-Scanner/benchmarks/bugs-dot-jar/accumulo/fate/target/accumulo-fate-1.5.1-SNAPSHOT.jar to /home/user/.m2/repository/org/apache/accumulo/accumulo-fate/1.5.1-SNAPSHOT/accumulo-fate-1.5.1-SNAPSHOT.jar
[[1;34mINFO[m] Installing /home/user/Reproducibility-Scanner/benchmarks/bugs-dot-jar/accumulo/fate/pom.xml to /home/user/.m2/repository/org/apache/accumulo/accumulo-fate/1.5.1-SNAPSHOT/accumulo-fate-1.5.1-SNAPSHOT.pom
[[1;34mINFO[m] 
[[1;34mINFO[m] [1m-----------------< [0;36morg.apache.accumulo:accumulo-start[0;1m >-----------------[m
[[1;34mINFO[m] [1mBuilding Start 1.5.1-SNAPSHOT                                     [4/12][m
[[1;34mINFO[m] [1m--------------------------------[ jar ]---------------------------------[m
[[1;34mINFO[m] 
[[1;34mINFO[m] [1m--- [0;32mmaven-sortpom-plugin:2.1.0:verify[m [1m(verify-sorted-pom)[m @ [36maccumulo-start[0;1m ---[m
[[1;34mINFO[m] Verifying file /home/user/Reproducibility-Scanner/benchmarks/bugs-dot-jar/accumulo/start/pom.xml
[[1;34mINFO[m] 
[[1;34mINFO[m] [1m--- [0;32mmaven-enforcer-plugin:1.0.1:enforce[m [1m(enforce-mvn)[m @ [36maccumulo-start[0;1m ---[m
[[1;34mINFO[m] 
[[1;34mINFO[m] [1m--- [0;32mmaven-remote-resources-plugin:1.4:process[m [1m(default)[m @ [36maccumulo-start[0;1m ---[m
[[1;34mINFO[m] 
[[1;34mINFO[m] [1m--- [0;32mmaven-resources-plugin:2.6:resources[m [1m(default-resources)[m @ [36maccumulo-start[0;1m ---[m
[[1;34mINFO[m] Using 'UTF-8' encoding to copy filtered resources.
[[1;34mINFO[m] skip non existing resourceDirectory /home/user/Reproducibility-Scanner/benchmarks/bugs-dot-jar/accumulo/start/src/main/resources
[[1;34mINFO[m] Copying 3 resources
[[1;34mINFO[m] 
[[1;34mINFO[m] [1m--- [0;32mmaven-compiler-plugin:2.5.1:compile[m [1m(default-compile)[m @ [36maccumulo-start[0;1m ---[m
[[1;34mINFO[m] Compiling 18 source files to /home/user/Reproducibility-Scanner/benchmarks/bugs-dot-jar/accumulo/start/target/classes
[[1;34mINFO[m] 
[[1;34mINFO[m] [1m--- [0;32mmaven-resources-plugin:2.6:testResources[m [1m(default-testResources)[m @ [36maccumulo-start[0;1m ---[m
[[1;34mINFO[m] Using 'UTF-8' encoding to copy filtered resources.
[[1;34mINFO[m] Copying 6 resources
[[1;34mINFO[m] Copying 3 resources
[[1;34mINFO[m] 
[[1;34mINFO[m] [1m--- [0;32mmaven-compiler-plugin:2.5.1:testCompile[m [1m(default-testCompile)[m @ [36maccumulo-start[0;1m ---[m
[[1;34mINFO[m] Compiling 7 source files to /home/user/Reproducibility-Scanner/benchmarks/bugs-dot-jar/accumulo/start/target/test-classes
[[1;34mINFO[m] 
[[1;34mINFO[m] [1m--- [0;32mmaven-surefire-plugin:2.12.4:test[m [1m(default-test)[m @ [36maccumulo-start[0;1m ---[m
[[1;34mINFO[m] Tests are skipped.
[[1;34mINFO[m] 
[[1;34mINFO[m] [1m--- [0;32mmaven-dependency-plugin:2.7:copy-dependencies[m [1m(copy-dependencies)[m @ [36maccumulo-start[0;1m ---[m
[[1;34mINFO[m] Copying commons-vfs2-2.0.jar to /home/user/Reproducibility-Scanner/benchmarks/bugs-dot-jar/accumulo/lib/commons-vfs2.jar
[[1;34mINFO[m] 
[[1;34mINFO[m] [1m--- [0;32mmaven-jar-plugin:2.4:jar[m [1m(default-jar)[m @ [36maccumulo-start[0;1m ---[m
[[1;34mINFO[m] Building jar: /home/user/Reproducibility-Scanner/benchmarks/bugs-dot-jar/accumulo/start/target/accumulo-start-1.5.1-SNAPSHOT.jar
[[1;34mINFO[m] 
[[1;34mINFO[m] [1m--- [0;32mmaven-site-plugin:3.2:attach-descriptor[m [1m(attach-descriptor)[m @ [36maccumulo-start[0;1m ---[m
[[1;34mINFO[m] 
[[1;34mINFO[m] [1m--- [0;32mmaven-failsafe-plugin:2.12.4:integration-test[m [1m(run-integration-tests)[m @ [36maccumulo-start[0;1m ---[m
[[1;34mINFO[m] Tests are skipped.
[[1;34mINFO[m] 
[[1;34mINFO[m] [1m--- [0;32mmaven-failsafe-plugin:2.12.4:verify[m [1m(verify-integration-tests)[m @ [36maccumulo-start[0;1m ---[m
[[1;34mINFO[m] Tests are skipped.
[[1;34mINFO[m] 
[[1;34mINFO[m] [1m--- [0;32mmaven-install-plugin:2.3.1:install[m [1m(default-install)[m @ [36maccumulo-start[0;1m ---[m
[[1;34mINFO[m] Installing /home/user/Reproducibility-Scanner/benchmarks/bugs-dot-jar/accumulo/start/target/accumulo-start-1.5.1-SNAPSHOT.jar to /home/user/.m2/repository/org/apache/accumulo/accumulo-start/1.5.1-SNAPSHOT/accumulo-start-1.5.1-SNAPSHOT.jar
[[1;34mINFO[m] Installing /home/user/Reproducibility-Scanner/benchmarks/bugs-dot-jar/accumulo/start/pom.xml to /home/user/.m2/repository/org/apache/accumulo/accumulo-start/1.5.1-SNAPSHOT/accumulo-start-1.5.1-SNAPSHOT.pom
[[1;34mINFO[m] 
[[1;34mINFO[m] [1m-----------------< [0;36morg.apache.accumulo:accumulo-core[0;1m >------------------[m
[[1;34mINFO[m] [1mBuilding Core 1.5.1-SNAPSHOT                                      [5/12][m
[[1;34mINFO[m] [1m--------------------------------[ jar ]---------------------------------[m
[[1;34mINFO[m] 
[[1;34mINFO[m] [1m--- [0;32mmaven-sortpom-plugin:2.1.0:verify[m [1m(verify-sorted-pom)[m @ [36maccumulo-core[0;1m ---[m
[[1;34mINFO[m] Verifying file /home/user/Reproducibility-Scanner/benchmarks/bugs-dot-jar/accumulo/core/pom.xml
[[1;34mINFO[m] 
[[1;34mINFO[m] [1m--- [0;32mmaven-enforcer-plugin:1.0.1:enforce[m [1m(enforce-mvn)[m @ [36maccumulo-core[0;1m ---[m
[[1;34mINFO[m] 
[[1;34mINFO[m] [1m--- [0;32mmaven-resources-plugin:2.6:copy-resources[m [1m(prepare-filtered-java-source)[m @ [36maccumulo-core[0;1m ---[m
[[1;34mINFO[m] Using 'UTF-8' encoding to copy filtered resources.
[[1;34mINFO[m] Copying 1 resource
[[1;34mINFO[m] 
[[1;34mINFO[m] [1m--- [0;32mbuild-helper-maven-plugin:1.8:add-source[m [1m(add-filtered-java-source)[m @ [36maccumulo-core[0;1m ---[m
[[1;34mINFO[m] Source directory: /home/user/Reproducibility-Scanner/benchmarks/bugs-dot-jar/accumulo/core/target/filtered-java-src added.
[[1;34mINFO[m] 
[[1;34mINFO[m] [1m--- [0;32mmaven-remote-resources-plugin:1.4:process[m [1m(default)[m @ [36maccumulo-core[0;1m ---[m
[[1;34mINFO[m] 
[[1;34mINFO[m] [1m--- [0;32mmaven-resources-plugin:2.6:resources[m [1m(default-resources)[m @ [36maccumulo-core[0;1m ---[m
[[1;34mINFO[m] Using 'UTF-8' encoding to copy filtered resources.
[[1;34mINFO[m] Copying 1 resource
[[1;34mINFO[m] Copying 3 resources
[[1;34mINFO[m] 
[[1;34mINFO[m] [1m--- [0;32mmaven-compiler-plugin:2.5.1:compile[m [1m(default-compile)[m @ [36maccumulo-core[0;1m ---[m
[[1;34mINFO[m] Compiling 486 source files to /home/user/Reproducibility-Scanner/benchmarks/bugs-dot-jar/accumulo/core/target/classes
[[1;34mINFO[m] 
[[1;34mINFO[m] [1m--- [0;32mmaven-resources-plugin:2.6:testResources[m [1m(default-testResources)[m @ [36maccumulo-core[0;1m ---[m
[[1;34mINFO[m] Using 'UTF-8' encoding to copy filtered resources.
[[1;34mINFO[m] Copying 6 resources
[[1;34mINFO[m] Copying 3 resources
[[1;34mINFO[m] 
[[1;34mINFO[m] [1m--- [0;32mmaven-compiler-plugin:2.5.1:testCompile[m [1m(default-testCompile)[m @ [36maccumulo-core[0;1m ---[m
[[1;34mINFO[m] Compiling 83 source files to /home/user/Reproducibility-Scanner/benchmarks/bugs-dot-jar/accumulo/core/target/test-classes
[[1;34mINFO[m] 
[[1;34mINFO[m] [1m--- [0;32mmaven-surefire-plugin:2.12.4:test[m [1m(default-test)[m @ [36maccumulo-core[0;1m ---[m
[[1;34mINFO[m] Tests are skipped.
[[1;34mINFO[m] 
[[1;34mINFO[m] [1m--- [0;32mmaven-dependency-plugin:2.7:copy-dependencies[m [1m(copy-dependencies)[m @ [36maccumulo-core[0;1m ---[m
[[1;34mINFO[m] Copying jcommander-1.30.jar to /home/user/Reproducibility-Scanner/benchmarks/bugs-dot-jar/accumulo/lib/jcommander.jar
[[1;34mINFO[m] Copying jline-1.0.jar to /home/user/Reproducibility-Scanner/benchmarks/bugs-dot-jar/accumulo/lib/jline.jar
[[1;34mINFO[m] Copying accumulo-fate-1.5.1-SNAPSHOT.jar to /home/user/Reproducibility-Scanner/benchmarks/bugs-dot-jar/accumulo/lib/accumulo-fate.jar
[[1;34mINFO[m] Copying accumulo-trace-1.5.1-SNAPSHOT.jar to /home/user/Reproducibility-Scanner/benchmarks/bugs-dot-jar/accumulo/lib/accumulo-trace.jar
[[1;34mINFO[m] Copying accumulo-start-1.5.1-SNAPSHOT.jar to /home/user/Reproducibility-Scanner/benchmarks/bugs-dot-jar/accumulo/lib/accumulo-start.jar
[[1;34mINFO[m] commons-vfs2-2.0.jar already exists in destination.
[[1;34mINFO[m] libthrift-0.9.0.jar already exists in destination.
[[1;34mINFO[m] 
[[1;34mINFO[m] [1m--- [0;32mmaven-jar-plugin:2.4:jar[m [1m(default-jar)[m @ [36maccumulo-core[0;1m ---[m
[[1;34mINFO[m] Building jar: /home/user/Reproducibility-Scanner/benchmarks/bugs-dot-jar/accumulo/core/target/accumulo-core-1.5.1-SNAPSHOT.jar
[[1;34mINFO[m] 
[[1;34mINFO[m] [1m--- [0;32mmaven-site-plugin:3.2:attach-descriptor[m [1m(attach-descriptor)[m @ [36maccumulo-core[0;1m ---[m
[[1;34mINFO[m] 
[[1;34mINFO[m] [1m--- [0;32mmaven-failsafe-plugin:2.12.4:integration-test[m [1m(run-integration-tests)[m @ [36maccumulo-core[0;1m ---[m
[[1;34mINFO[m] Tests are skipped.
[[1;34mINFO[m] 
[[1;34mINFO[m] [1m--- [0;32mmaven-failsafe-plugin:2.12.4:verify[m [1m(verify-integration-tests)[m @ [36maccumulo-core[0;1m ---[m
[[1;34mINFO[m] Tests are skipped.
[[1;34mINFO[m] 
[[1;34mINFO[m] [1m--- [0;32mmaven-install-plugin:2.3.1:install[m [1m(default-install)[m @ [36maccumulo-core[0;1m ---[m
[[1;34mINFO[m] Installing /home/user/Reproducibility-Scanner/benchmarks/bugs-dot-jar/accumulo/core/target/accumulo-core-1.5.1-SNAPSHOT.jar to /home/user/.m2/repository/org/apache/accumulo/accumulo-core/1.5.1-SNAPSHOT/accumulo-core-1.5.1-SNAPSHOT.jar
[[1;34mINFO[m] Installing /home/user/Reproducibility-Scanner/benchmarks/bugs-dot-jar/accumulo/core/pom.xml to /home/user/.m2/repository/org/apache/accumulo/accumulo-core/1.5.1-SNAPSHOT/accumulo-core-1.5.1-SNAPSHOT.pom
[[1;34mINFO[m] 
[[1;34mINFO[m] [1m----------------< [0;36morg.apache.accumulo:accumulo-server[0;1m >-----------------[m
[[1;34mINFO[m] [1mBuilding Server 1.5.1-SNAPSHOT                                    [6/12][m
[[1;34mINFO[m] [1m--------------------------------[ jar ]---------------------------------[m
[[1;34mINFO[m] 
[[1;34mINFO[m] [1m--- [0;32mmaven-sortpom-plugin:2.1.0:verify[m [1m(verify-sorted-pom)[m @ [36maccumulo-server[0;1m ---[m
[[1;34mINFO[m] Verifying file /home/user/Reproducibility-Scanner/benchmarks/bugs-dot-jar/accumulo/server/pom.xml
[[1;34mINFO[m] 
[[1;34mINFO[m] [1m--- [0;32mmaven-enforcer-plugin:1.0.1:enforce[m [1m(enforce-mvn)[m @ [36maccumulo-server[0;1m ---[m
[[1;34mINFO[m] 
[[1;34mINFO[m] [1m--- [0;32mmaven-remote-resources-plugin:1.4:process[m [1m(default)[m @ [36maccumulo-server[0;1m ---[m
[[1;34mINFO[m] 
[[1;34mINFO[m] [1m--- [0;32mmaven-resources-plugin:2.6:resources[m [1m(default-resources)[m @ [36maccumulo-server[0;1m ---[m
[[1;34mINFO[m] Using 'UTF-8' encoding to copy filtered resources.
[[1;34mINFO[m] Copying 35 resources
[[1;34mINFO[m] Copying 3 resources
[[1;34mINFO[m] 
[[1;34mINFO[m] [1m--- [0;32mmaven-compiler-plugin:2.5.1:compile[m [1m(default-compile)[m @ [36maccumulo-server[0;1m ---[m
[[1;34mINFO[m] Compiling 246 source files to /home/user/Reproducibility-Scanner/benchmarks/bugs-dot-jar/accumulo/server/target/classes
[[1;34mINFO[m] 
[[1;34mINFO[m] [1m--- [0;32mmaven-resources-plugin:2.6:testResources[m [1m(default-testResources)[m @ [36maccumulo-server[0;1m ---[m
[[1;34mINFO[m] Using 'UTF-8' encoding to copy filtered resources.
[[1;34mINFO[m] Copying 1 resource
[[1;34mINFO[m] Copying 3 resources
[[1;34mINFO[m] 
[[1;34mINFO[m] [1m--- [0;32mmaven-compiler-plugin:2.5.1:testCompile[m [1m(default-testCompile)[m @ [36maccumulo-server[0;1m ---[m
[[1;34mINFO[m] Compiling 25 source files to /home/user/Reproducibility-Scanner/benchmarks/bugs-dot-jar/accumulo/server/target/test-classes
[[1;34mINFO[m] 
[[1;34mINFO[m] [1m--- [0;32mmaven-surefire-plugin:2.12.4:test[m [1m(default-test)[m @ [36maccumulo-server[0;1m ---[m
[[1;34mINFO[m] Tests are skipped.
[[1;34mINFO[m] 
[[1;34mINFO[m] [1m--- [0;32mmaven-dependency-plugin:2.7:copy-dependencies[m [1m(copy-dependencies)[m @ [36maccumulo-server[0;1m ---[m
[[1;34mINFO[m] Copying gson-2.2.2.jar to /home/user/Reproducibility-Scanner/benchmarks/bugs-dot-jar/accumulo/lib/gson.jar
[[1;34mINFO[m] Copying accumulo-core-1.5.1-SNAPSHOT.jar to /home/user/Reproducibility-Scanner/benchmarks/bugs-dot-jar/accumulo/lib/accumulo-core.jar
[[1;34mINFO[m] jcommander-1.30.jar already exists in destination.
[[1;34mINFO[m] jline-1.0.jar already exists in destination.
[[1;34mINFO[m] accumulo-fate-1.5.1-SNAPSHOT.jar already exists in destination.
[[1;34mINFO[m] libthrift-0.9.0.jar already exists in destination.
[[1;34mINFO[m] accumulo-trace-1.5.1-SNAPSHOT.jar already exists in destination.
[[1;34mINFO[m] accumulo-start-1.5.1-SNAPSHOT.jar already exists in destination.
[[1;34mINFO[m] 
[[1;34mINFO[m] [1m--- [0;32mmaven-jar-plugin:2.4:jar[m [1m(default-jar)[m @ [36maccumulo-server[0;1m ---[m
[[1;34mINFO[m] Building jar: /home/user/Reproducibility-Scanner/benchmarks/bugs-dot-jar/accumulo/server/target/accumulo-server-1.5.1-SNAPSHOT.jar
[[1;34mINFO[m] 
[[1;34mINFO[m] [1m--- [0;32mmaven-site-plugin:3.2:attach-descriptor[m [1m(attach-descriptor)[m @ [36maccumulo-server[0;1m ---[m
[[1;34mINFO[m] 
[[1;34mINFO[m] [1m--- [0;32mmaven-failsafe-plugin:2.12.4:integration-test[m [1m(run-integration-tests)[m @ [36maccumulo-server[0;1m ---[m
[[1;34mINFO[m] Tests are skipped.
[[1;34mINFO[m] 
[[1;34mINFO[m] [1m--- [0;32mmaven-failsafe-plugin:2.12.4:verify[m [1m(verify-integration-tests)[m @ [36maccumulo-server[0;1m ---[m
[[1;34mINFO[m] Tests are skipped.
[[1;34mINFO[m] 
[[1;34mINFO[m] [1m--- [0;32mmaven-install-plugin:2.3.1:install[m [1m(default-install)[m @ [36maccumulo-server[0;1m ---[m
[[1;34mINFO[m] Installing /home/user/Reproducibility-Scanner/benchmarks/bugs-dot-jar/accumulo/server/target/accumulo-server-1.5.1-SNAPSHOT.jar to /home/user/.m2/repository/org/apache/accumulo/accumulo-server/1.5.1-SNAPSHOT/accumulo-server-1.5.1-SNAPSHOT.jar
[[1;34mINFO[m] Installing /home/user/Reproducibility-Scanner/benchmarks/bugs-dot-jar/accumulo/server/pom.xml to /home/user/.m2/repository/org/apache/accumulo/accumulo-server/1.5.1-SNAPSHOT/accumulo-server-1.5.1-SNAPSHOT.pom
[[1;34mINFO[m] 
[[1;34mINFO[m] [1m---------------< [0;36morg.apache.accumulo:accumulo-examples[0;1m >----------------[m
[[1;34mINFO[m] [1mBuilding Examples 1.5.1-SNAPSHOT                                  [7/12][m
[[1;34mINFO[m] [1m--------------------------------[ pom ]---------------------------------[m
[[1;34mINFO[m] 
[[1;34mINFO[m] [1m--- [0;32mmaven-sortpom-plugin:2.1.0:verify[m [1m(verify-sorted-pom)[m @ [36maccumulo-examples[0;1m ---[m
[[1;34mINFO[m] Verifying file /home/user/Reproducibility-Scanner/benchmarks/bugs-dot-jar/accumulo/examples/pom.xml
[[1;34mINFO[m] 
[[1;34mINFO[m] [1m--- [0;32mmaven-enforcer-plugin:1.0.1:enforce[m [1m(enforce-mvn)[m @ [36maccumulo-examples[0;1m ---[m
[[1;34mINFO[m] 
[[1;34mINFO[m] [1m--- [0;32mmaven-remote-resources-plugin:1.4:process[m [1m(default)[m @ [36maccumulo-examples[0;1m ---[m
[[1;34mINFO[m] 
[[1;34mINFO[m] [1m--- [0;32mmaven-dependency-plugin:2.7:copy-dependencies[m [1m(copy-dependencies)[m @ [36maccumulo-examples[0;1m ---[m
[[1;34mINFO[m] 
[[1;34mINFO[m] [1m--- [0;32mmaven-site-plugin:3.2:attach-descriptor[m [1m(attach-descriptor)[m @ [36maccumulo-examples[0;1m ---[m
[[1;34mINFO[m] 
[[1;34mINFO[m] [1m--- [0;32mmaven-failsafe-plugin:2.12.4:integration-test[m [1m(run-integration-tests)[m @ [36maccumulo-examples[0;1m ---[m
[[1;34mINFO[m] Tests are skipped.
[[1;34mINFO[m] 
[[1;34mINFO[m] [1m--- [0;32mmaven-failsafe-plugin:2.12.4:verify[m [1m(verify-integration-tests)[m @ [36maccumulo-examples[0;1m ---[m
[[1;34mINFO[m] Tests are skipped.
[[1;34mINFO[m] 
[[1;34mINFO[m] [1m--- [0;32mmaven-install-plugin:2.3.1:install[m [1m(default-install)[m @ [36maccumulo-examples[0;1m ---[m
[[1;34mINFO[m] Installing /home/user/Reproducibility-Scanner/benchmarks/bugs-dot-jar/accumulo/examples/pom.xml to /home/user/.m2/repository/org/apache/accumulo/accumulo-examples/1.5.1-SNAPSHOT/accumulo-examples-1.5.1-SNAPSHOT.pom
[[1;34mINFO[m] 
[[1;34mINFO[m] [1m------------< [0;36morg.apache.accumulo:accumulo-examples-simple[0;1m >------------[m
[[1;34mINFO[m] [1mBuilding Simple Examples 1.5.1-SNAPSHOT                           [8/12][m
[[1;34mINFO[m] [1m--------------------------------[ jar ]---------------------------------[m
[[1;34mINFO[m] 
[[1;34mINFO[m] [1m--- [0;32mmaven-sortpom-plugin:2.1.0:verify[m [1m(verify-sorted-pom)[m @ [36maccumulo-examples-simple[0;1m ---[m
[[1;34mINFO[m] Verifying file /home/user/Reproducibility-Scanner/benchmarks/bugs-dot-jar/accumulo/examples/simple/pom.xml
[[1;34mINFO[m] 
[[1;34mINFO[m] [1m--- [0;32mmaven-enforcer-plugin:1.0.1:enforce[m [1m(enforce-mvn)[m @ [36maccumulo-examples-simple[0;1m ---[m
[[1;34mINFO[m] 
[[1;34mINFO[m] [1m--- [0;32mmaven-remote-resources-plugin:1.4:process[m [1m(default)[m @ [36maccumulo-examples-simple[0;1m ---[m
[[1;34mINFO[m] 
[[1;34mINFO[m] [1m--- [0;32mmaven-resources-plugin:2.6:resources[m [1m(default-resources)[m @ [36maccumulo-examples-simple[0;1m ---[m
[[1;34mINFO[m] Using 'UTF-8' encoding to copy filtered resources.
[[1;34mINFO[m] skip non existing resourceDirectory /home/user/Reproducibility-Scanner/benchmarks/bugs-dot-jar/accumulo/examples/simple/src/main/resources
[[1;34mINFO[m] Copying 3 resources
[[1;34mINFO[m] 
[[1;34mINFO[m] [1m--- [0;32mmaven-compiler-plugin:2.5.1:compile[m [1m(default-compile)[m @ [36maccumulo-examples-simple[0;1m ---[m
[[1;34mINFO[m] Compiling 42 source files to /home/user/Reproducibility-Scanner/benchmarks/bugs-dot-jar/accumulo/examples/simple/target/classes
[[1;34mINFO[m] 
[[1;34mINFO[m] [1m--- [0;32mmaven-resources-plugin:2.6:testResources[m [1m(default-testResources)[m @ [36maccumulo-examples-simple[0;1m ---[m
[[1;34mINFO[m] Using 'UTF-8' encoding to copy filtered resources.
[[1;34mINFO[m] Copying 1 resource
[[1;34mINFO[m] Copying 3 resources
[[1;34mINFO[m] 
[[1;34mINFO[m] [1m--- [0;32mmaven-compiler-plugin:2.5.1:testCompile[m [1m(default-testCompile)[m @ [36maccumulo-examples-simple[0;1m ---[m
[[1;34mINFO[m] Compiling 5 source files to /home/user/Reproducibility-Scanner/benchmarks/bugs-dot-jar/accumulo/examples/simple/target/test-classes
[[1;34mINFO[m] 
[[1;34mINFO[m] [1m--- [0;32mmaven-surefire-plugin:2.12.4:test[m [1m(default-test)[m @ [36maccumulo-examples-simple[0;1m ---[m
[[1;34mINFO[m] Tests are skipped.
[[1;34mINFO[m] 
[[1;34mINFO[m] [1m--- [0;32mmaven-dependency-plugin:2.7:copy-dependencies[m [1m(copy-dependencies)[m @ [36maccumulo-examples-simple[0;1m ---[m
[[1;34mINFO[m] Copying zookeeper-3.3.6.jar to /home/user/Reproducibility-Scanner/benchmarks/bugs-dot-jar/accumulo/lib/zookeeper.jar
[[1;34mINFO[m] jcommander-1.30.jar already exists in destination.
[[1;34mINFO[m] accumulo-core-1.5.1-SNAPSHOT.jar already exists in destination.
[[1;34mINFO[m] 
[[1;34mINFO[m] [1m--- [0;32mmaven-jar-plugin:2.4:jar[m [1m(default-jar)[m @ [36maccumulo-examples-simple[0;1m ---[m
[[1;34mINFO[m] Building jar: /home/user/Reproducibility-Scanner/benchmarks/bugs-dot-jar/accumulo/examples/simple/target/accumulo-examples-simple-1.5.1-SNAPSHOT.jar
[[1;34mINFO[m] 
[[1;34mINFO[m] [1m--- [0;32mmaven-site-plugin:3.2:attach-descriptor[m [1m(attach-descriptor)[m @ [36maccumulo-examples-simple[0;1m ---[m
[[1;34mINFO[m] 
[[1;34mINFO[m] [1m--- [0;32mmaven-failsafe-plugin:2.12.4:integration-test[m [1m(run-integration-tests)[m @ [36maccumulo-examples-simple[0;1m ---[m
[[1;34mINFO[m] Tests are skipped.
[[1;34mINFO[m] 
[[1;34mINFO[m] [1m--- [0;32mmaven-failsafe-plugin:2.12.4:verify[m [1m(verify-integration-tests)[m @ [36maccumulo-examples-simple[0;1m ---[m
[[1;34mINFO[m] Tests are skipped.
[[1;34mINFO[m] 
[[1;34mINFO[m] [1m--- [0;32mmaven-install-plugin:2.3.1:install[m [1m(default-install)[m @ [36maccumulo-examples-simple[0;1m ---[m
[[1;34mINFO[m] Installing /home/user/Reproducibility-Scanner/benchmarks/bugs-dot-jar/accumulo/examples/simple/target/accumulo-examples-simple-1.5.1-SNAPSHOT.jar to /home/user/.m2/repository/org/apache/accumulo/accumulo-examples-simple/1.5.1-SNAPSHOT/accumulo-examples-simple-1.5.1-SNAPSHOT.jar
[[1;34mINFO[m] Installing /home/user/Reproducibility-Scanner/benchmarks/bugs-dot-jar/accumulo/examples/simple/pom.xml to /home/user/.m2/repository/org/apache/accumulo/accumulo-examples-simple/1.5.1-SNAPSHOT/accumulo-examples-simple-1.5.1-SNAPSHOT.pom
[[1;34mINFO[m] 
[[1;34mINFO[m] [1m--------------< [0;36morg.apache.accumulo:accumulo-minicluster[0;1m >--------------[m
[[1;34mINFO[m] [1mBuilding MiniCluster 1.5.1-SNAPSHOT                               [9/12][m
[[1;34mINFO[m] [1m--------------------------------[ jar ]---------------------------------[m
[[1;34mINFO[m] 
[[1;34mINFO[m] [1m--- [0;32mmaven-sortpom-plugin:2.1.0:verify[m [1m(verify-sorted-pom)[m @ [36maccumulo-minicluster[0;1m ---[m
[[1;34mINFO[m] Verifying file /home/user/Reproducibility-Scanner/benchmarks/bugs-dot-jar/accumulo/minicluster/pom.xml
[[1;34mINFO[m] 
[[1;34mINFO[m] [1m--- [0;32mmaven-enforcer-plugin:1.0.1:enforce[m [1m(enforce-mvn)[m @ [36maccumulo-minicluster[0;1m ---[m
[[1;34mINFO[m] 
[[1;34mINFO[m] [1m--- [0;32mmaven-remote-resources-plugin:1.4:process[m [1m(default)[m @ [36maccumulo-minicluster[0;1m ---[m
[[1;34mINFO[m] 
[[1;34mINFO[m] [1m--- [0;32mmaven-resources-plugin:2.6:resources[m [1m(default-resources)[m @ [36maccumulo-minicluster[0;1m ---[m
[[1;34mINFO[m] Using 'UTF-8' encoding to copy filtered resources.
[[1;34mINFO[m] skip non existing resourceDirectory /home/user/Reproducibility-Scanner/benchmarks/bugs-dot-jar/accumulo/minicluster/src/main/resources
[[1;34mINFO[m] Copying 3 resources
[[1;34mINFO[m] 
[[1;34mINFO[m] [1m--- [0;32mmaven-compiler-plugin:2.5.1:compile[m [1m(default-compile)[m @ [36maccumulo-minicluster[0;1m ---[m
[[1;34mINFO[m] Compiling 2 source files to /home/user/Reproducibility-Scanner/benchmarks/bugs-dot-jar/accumulo/minicluster/target/classes
[[1;34mINFO[m] 
[[1;34mINFO[m] [1m--- [0;32mmaven-resources-plugin:2.6:testResources[m [1m(default-testResources)[m @ [36maccumulo-minicluster[0;1m ---[m
[[1;34mINFO[m] Using 'UTF-8' encoding to copy filtered resources.
[[1;34mINFO[m] Copying 2 resources
[[1;34mINFO[m] Copying 3 resources
[[1;34mINFO[m] 
[[1;34mINFO[m] [1m--- [0;32mmaven-compiler-plugin:2.5.1:testCompile[m [1m(default-testCompile)[m @ [36maccumulo-minicluster[0;1m ---[m
[[1;34mINFO[m] Compiling 2 source files to /home/user/Reproducibility-Scanner/benchmarks/bugs-dot-jar/accumulo/minicluster/target/test-classes
[[1;34mINFO[m] 
[[1;34mINFO[m] [1m--- [0;32mmaven-surefire-plugin:2.12.4:test[m [1m(default-test)[m @ [36maccumulo-minicluster[0;1m ---[m
[[1;34mINFO[m] Tests are skipped.
[[1;34mINFO[m] 
[[1;34mINFO[m] [1m--- [0;32mmaven-dependency-plugin:2.7:copy-dependencies[m [1m(copy-dependencies)[m @ [36maccumulo-minicluster[0;1m ---[m
[[1;34mINFO[m] Copying accumulo-server-1.5.1-SNAPSHOT.jar to /home/user/Reproducibility-Scanner/benchmarks/bugs-dot-jar/accumulo/lib/accumulo-server.jar
[[1;34mINFO[m] jcommander-1.30.jar already exists in destination.
[[1;34mINFO[m] accumulo-core-1.5.1-SNAPSHOT.jar already exists in destination.
[[1;34mINFO[m] accumulo-start-1.5.1-SNAPSHOT.jar already exists in destination.
[[1;34mINFO[m] 
[[1;34mINFO[m] [1m--- [0;32mmaven-jar-plugin:2.4:jar[m [1m(default-jar)[m @ [36maccumulo-minicluster[0;1m ---[m
[[1;34mINFO[m] Building jar: /home/user/Reproducibility-Scanner/benchmarks/bugs-dot-jar/accumulo/minicluster/target/accumulo-minicluster-1.5.1-SNAPSHOT.jar
[[1;34mINFO[m] 
[[1;34mINFO[m] [1m--- [0;32mmaven-site-plugin:3.2:attach-descriptor[m [1m(attach-descriptor)[m @ [36maccumulo-minicluster[0;1m ---[m
[[1;34mINFO[m] 
[[1;34mINFO[m] [1m--- [0;32mmaven-failsafe-plugin:2.12.4:integration-test[m [1m(run-integration-tests)[m @ [36maccumulo-minicluster[0;1m ---[m
[[1;34mINFO[m] Tests are skipped.
[[1;34mINFO[m] 
[[1;34mINFO[m] [1m--- [0;32mmaven-failsafe-plugin:2.12.4:verify[m [1m(verify-integration-tests)[m @ [36maccumulo-minicluster[0;1m ---[m
[[1;34mINFO[m] Tests are skipped.
[[1;34mINFO[m] 
[[1;34mINFO[m] [1m--- [0;32mmaven-install-plugin:2.3.1:install[m [1m(default-install)[m @ [36maccumulo-minicluster[0;1m ---[m
[[1;34mINFO[m] Installing /home/user/Reproducibility-Scanner/benchmarks/bugs-dot-jar/accumulo/minicluster/target/accumulo-minicluster-1.5.1-SNAPSHOT.jar to /home/user/.m2/repository/org/apache/accumulo/accumulo-minicluster/1.5.1-SNAPSHOT/accumulo-minicluster-1.5.1-SNAPSHOT.jar
[[1;34mINFO[m] Installing /home/user/Reproducibility-Scanner/benchmarks/bugs-dot-jar/accumulo/minicluster/pom.xml to /home/user/.m2/repository/org/apache/accumulo/accumulo-minicluster/1.5.1-SNAPSHOT/accumulo-minicluster-1.5.1-SNAPSHOT.pom
[[1;34mINFO[m] 
[[1;34mINFO[m] [1m-----------------< [0;36morg.apache.accumulo:accumulo-test[0;1m >------------------[m
[[1;34mINFO[m] [1mBuilding Testing 1.5.1-SNAPSHOT                                  [10/12][m
[[1;34mINFO[m] [1m--------------------------------[ jar ]---------------------------------[m
[[1;34mINFO[m] 
[[1;34mINFO[m] [1m--- [0;32mmaven-sortpom-plugin:2.1.0:verify[m [1m(verify-sorted-pom)[m @ [36maccumulo-test[0;1m ---[m
[[1;34mINFO[m] Verifying file /home/user/Reproducibility-Scanner/benchmarks/bugs-dot-jar/accumulo/test/pom.xml
[[1;34mINFO[m] 
[[1;34mINFO[m] [1m--- [0;32mmaven-enforcer-plugin:1.0.1:enforce[m [1m(enforce-mvn)[m @ [36maccumulo-test[0;1m ---[m
[[1;34mINFO[m] 
[[1;34mINFO[m] [1m--- [0;32mmaven-remote-resources-plugin:1.4:process[m [1m(default)[m @ [36maccumulo-test[0;1m ---[m
[[1;34mINFO[m] 
[[1;34mINFO[m] [1m--- [0;32mmaven-resources-plugin:2.6:resources[m [1m(default-resources)[m @ [36maccumulo-test[0;1m ---[m
[[1;34mINFO[m] Using 'UTF-8' encoding to copy filtered resources.
[[1;34mINFO[m] Copying 1 resource
[[1;34mINFO[m] Copying 3 resources
[[1;34mINFO[m] 
[[1;34mINFO[m] [1m--- [0;32mmaven-compiler-plugin:2.5.1:compile[m [1m(default-compile)[m @ [36maccumulo-test[0;1m ---[m
[[1;34mINFO[m] Compiling 180 source files to /home/user/Reproducibility-Scanner/benchmarks/bugs-dot-jar/accumulo/test/target/classes
[[1;34mINFO[m] 
[[1;34mINFO[m] [1m--- [0;32mmaven-resources-plugin:2.6:testResources[m [1m(default-testResources)[m @ [36maccumulo-test[0;1m ---[m
[[1;34mINFO[m] Using 'UTF-8' encoding to copy filtered resources.
[[1;34mINFO[m] Copying 9 resources
[[1;34mINFO[m] Copying 3 resources
[[1;34mINFO[m] 
[[1;34mINFO[m] [1m--- [0;32mmaven-compiler-plugin:2.5.1:testCompile[m [1m(default-testCompile)[m @ [36maccumulo-test[0;1m ---[m
[[1;34mINFO[m] Compiling 7 source files to /home/user/Reproducibility-Scanner/benchmarks/bugs-dot-jar/accumulo/test/target/test-classes
[[1;34mINFO[m] 
[[1;34mINFO[m] [1m--- [0;32mmaven-surefire-plugin:2.12.4:test[m [1m(default-test)[m @ [36maccumulo-test[0;1m ---[m
[[1;34mINFO[m] Tests are skipped.
[[1;34mINFO[m] 
[[1;34mINFO[m] [1m--- [0;32mmaven-dependency-plugin:2.7:copy-dependencies[m [1m(copy-dependencies)[m @ [36maccumulo-test[0;1m ---[m
[[1;34mINFO[m] Copying accumulo-minicluster-1.5.1-SNAPSHOT.jar to /home/user/Reproducibility-Scanner/benchmarks/bugs-dot-jar/accumulo/lib/accumulo-minicluster.jar
[[1;34mINFO[m] jcommander-1.30.jar already exists in destination.
[[1;34mINFO[m] jline-1.0.jar already exists in destination.
[[1;34mINFO[m] accumulo-fate-1.5.1-SNAPSHOT.jar already exists in destination.
[[1;34mINFO[m] libthrift-0.9.0.jar already exists in destination.
[[1;34mINFO[m] accumulo-server-1.5.1-SNAPSHOT.jar already exists in destination.
[[1;34mINFO[m] accumulo-trace-1.5.1-SNAPSHOT.jar already exists in destination.
[[1;34mINFO[m] accumulo-core-1.5.1-SNAPSHOT.jar already exists in destination.
[[1;34mINFO[m] accumulo-start-1.5.1-SNAPSHOT.jar already exists in destination.
[[1;34mINFO[m] 
[[1;34mINFO[m] [1m--- [0;32mmaven-jar-plugin:2.4:jar[m [1m(default-jar)[m @ [36maccumulo-test[0;1m ---[m
[[1;34mINFO[m] Building jar: /home/user/Reproducibility-Scanner/benchmarks/bugs-dot-jar/accumulo/test/target/accumulo-test-1.5.1-SNAPSHOT.jar
[[1;34mINFO[m] 
[[1;34mINFO[m] [1m--- [0;32mmaven-site-plugin:3.2:attach-descriptor[m [1m(attach-descriptor)[m @ [36maccumulo-test[0;1m ---[m
[[1;34mINFO[m] 
[[1;34mINFO[m] [1m--- [0;32mmaven-failsafe-plugin:2.12.4:integration-test[m [1m(run-integration-tests)[m @ [36maccumulo-test[0;1m ---[m
[[1;34mINFO[m] Tests are skipped.
[[1;34mINFO[m] 
[[1;34mINFO[m] [1m--- [0;32mmaven-failsafe-plugin:2.12.4:verify[m [1m(verify-integration-tests)[m @ [36maccumulo-test[0;1m ---[m
[[1;34mINFO[m] Tests are skipped.
[[1;34mINFO[m] 
[[1;34mINFO[m] [1m--- [0;32mmaven-install-plugin:2.3.1:install[m [1m(default-install)[m @ [36maccumulo-test[0;1m ---[m
[[1;34mINFO[m] Installing /home/user/Reproducibility-Scanner/benchmarks/bugs-dot-jar/accumulo/test/target/accumulo-test-1.5.1-SNAPSHOT.jar to /home/user/.m2/repository/org/apache/accumulo/accumulo-test/1.5.1-SNAPSHOT/accumulo-test-1.5.1-SNAPSHOT.jar
[[1;34mINFO[m] Installing /home/user/Reproducibility-Scanner/benchmarks/bugs-dot-jar/accumulo/test/pom.xml to /home/user/.m2/repository/org/apache/accumulo/accumulo-test/1.5.1-SNAPSHOT/accumulo-test-1.5.1-SNAPSHOT.pom
[[1;34mINFO[m] 
[[1;34mINFO[m] [1m-----------------< [0;36morg.apache.accumulo:accumulo-proxy[0;1m >-----------------[m
[[1;34mINFO[m] [1mBuilding Proxy 1.5.1-SNAPSHOT                                    [11/12][m
[[1;34mINFO[m] [1m--------------------------------[ jar ]---------------------------------[m
[[1;34mINFO[m] 
[[1;34mINFO[m] [1m--- [0;32mmaven-sortpom-plugin:2.1.0:verify[m [1m(verify-sorted-pom)[m @ [36maccumulo-proxy[0;1m ---[m
[[1;34mINFO[m] Verifying file /home/user/Reproducibility-Scanner/benchmarks/bugs-dot-jar/accumulo/proxy/pom.xml
[[1;34mINFO[m] 
[[1;34mINFO[m] [1m--- [0;32mmaven-enforcer-plugin:1.0.1:enforce[m [1m(enforce-mvn)[m @ [36maccumulo-proxy[0;1m ---[m
[[1;34mINFO[m] 
[[1;34mINFO[m] [1m--- [0;32mmaven-remote-resources-plugin:1.4:process[m [1m(default)[m @ [36maccumulo-proxy[0;1m ---[m
[[1;34mINFO[m] 
[[1;34mINFO[m] [1m--- [0;32mmaven-resources-plugin:2.6:resources[m [1m(default-resources)[m @ [36maccumulo-proxy[0;1m ---[m
[[1;34mINFO[m] Using 'UTF-8' encoding to copy filtered resources.
[[1;34mINFO[m] skip non existing resourceDirectory /home/user/Reproducibility-Scanner/benchmarks/bugs-dot-jar/accumulo/proxy/src/main/resources
[[1;34mINFO[m] Copying 3 resources
[[1;34mINFO[m] 
[[1;34mINFO[m] [1m--- [0;32mmaven-compiler-plugin:2.5.1:compile[m [1m(default-compile)[m @ [36maccumulo-proxy[0;1m ---[m
[[1;34mINFO[m] Compiling 37 source files to /home/user/Reproducibility-Scanner/benchmarks/bugs-dot-jar/accumulo/proxy/target/classes
[[1;34mINFO[m] 
[[1;34mINFO[m] [1m--- [0;32mmaven-resources-plugin:2.6:testResources[m [1m(default-testResources)[m @ [36maccumulo-proxy[0;1m ---[m
[[1;34mINFO[m] Using 'UTF-8' encoding to copy filtered resources.
[[1;34mINFO[m] Copying 1 resource
[[1;34mINFO[m] Copying 3 resources
[[1;34mINFO[m] 
[[1;34mINFO[m] [1m--- [0;32mmaven-compiler-plugin:2.5.1:testCompile[m [1m(default-testCompile)[m @ [36maccumulo-proxy[0;1m ---[m
[[1;34mINFO[m] Compiling 5 source files to /home/user/Reproducibility-Scanner/benchmarks/bugs-dot-jar/accumulo/proxy/target/test-classes
[[1;34mINFO[m] 
[[1;34mINFO[m] [1m--- [0;32mmaven-surefire-plugin:2.12.4:test[m [1m(default-test)[m @ [36maccumulo-proxy[0;1m ---[m
[[1;34mINFO[m] Tests are skipped.
[[1;34mINFO[m] 
[[1;34mINFO[m] [1m--- [0;32mmaven-dependency-plugin:2.7:copy-dependencies[m [1m(copy-dependencies)[m @ [36maccumulo-proxy[0;1m ---[m
[[1;34mINFO[m] Copying guava-14.0.1.jar to /home/user/Reproducibility-Scanner/benchmarks/bugs-dot-jar/accumulo/lib/guava.jar
[[1;34mINFO[m] jcommander-1.30.jar already exists in destination.
[[1;34mINFO[m] libthrift-0.9.0.jar already exists in destination.
[[1;34mINFO[m] accumulo-server-1.5.1-SNAPSHOT.jar already exists in destination.
[[1;34mINFO[m] accumulo-core-1.5.1-SNAPSHOT.jar already exists in destination.
[[1;34mINFO[m] accumulo-minicluster-1.5.1-SNAPSHOT.jar already exists in destination.
[[1;34mINFO[m] 
[[1;34mINFO[m] [1m--- [0;32mmaven-jar-plugin:2.4:jar[m [1m(default-jar)[m @ [36maccumulo-proxy[0;1m ---[m
[[1;34mINFO[m] Building jar: /home/user/Reproducibility-Scanner/benchmarks/bugs-dot-jar/accumulo/proxy/target/accumulo-proxy-1.5.1-SNAPSHOT.jar
[[1;34mINFO[m] 
[[1;34mINFO[m] [1m--- [0;32mmaven-site-plugin:3.2:attach-descriptor[m [1m(attach-descriptor)[m @ [36maccumulo-proxy[0;1m ---[m
[[1;34mINFO[m] 
[[1;34mINFO[m] [1m--- [0;32mmaven-failsafe-plugin:2.12.4:integration-test[m [1m(run-integration-tests)[m @ [36maccumulo-proxy[0;1m ---[m
[[1;34mINFO[m] Tests are skipped.
[[1;34mINFO[m] 
[[1;34mINFO[m] [1m--- [0;32mmaven-failsafe-plugin:2.12.4:verify[m [1m(verify-integration-tests)[m @ [36maccumulo-proxy[0;1m ---[m
[[1;34mINFO[m] Tests are skipped.
[[1;34mINFO[m] 
[[1;34mINFO[m] [1m--- [0;32mmaven-install-plugin:2.3.1:install[m [1m(default-install)[m @ [36maccumulo-proxy[0;1m ---[m
[[1;34mINFO[m] Installing /home/user/Reproducibility-Scanner/benchmarks/bugs-dot-jar/accumulo/proxy/target/accumulo-proxy-1.5.1-SNAPSHOT.jar to /home/user/.m2/repository/org/apache/accumulo/accumulo-proxy/1.5.1-SNAPSHOT/accumulo-proxy-1.5.1-SNAPSHOT.jar
[[1;34mINFO[m] Installing /home/user/Reproducibility-Scanner/benchmarks/bugs-dot-jar/accumulo/proxy/pom.xml to /home/user/.m2/repository/org/apache/accumulo/accumulo-proxy/1.5.1-SNAPSHOT/accumulo-proxy-1.5.1-SNAPSHOT.pom
[[1;34mINFO[m] 
[[1;34mINFO[m] [1m--------------------< [0;36morg.apache.accumulo:accumulo[0;1m >--------------------[m
[[1;34mINFO[m] [1mBuilding Assemblies 1.5.1-SNAPSHOT                               [12/12][m
[[1;34mINFO[m] [1m--------------------------------[ pom ]---------------------------------[m
[[1;34mINFO[m] 
[[1;34mINFO[m] [1m--- [0;32mmaven-sortpom-plugin:2.1.0:verify[m [1m(verify-sorted-pom)[m @ [36maccumulo[0;1m ---[m
[[1;34mINFO[m] Verifying file /home/user/Reproducibility-Scanner/benchmarks/bugs-dot-jar/accumulo/assemble/pom.xml
[[1;34mINFO[m] 
[[1;34mINFO[m] [1m--- [0;32mmaven-enforcer-plugin:1.0.1:enforce[m [1m(enforce-mvn)[m @ [36maccumulo[0;1m ---[m
[[1;34mINFO[m] 
[[1;34mINFO[m] [1m--- [0;32mmaven-remote-resources-plugin:1.4:process[m [1m(default)[m @ [36maccumulo[0;1m ---[m
[[1;34mINFO[m] 
[[1;34mINFO[m] [1m--- [0;32mmaven-dependency-plugin:2.7:copy-dependencies[m [1m(copy-dependencies)[m @ [36maccumulo[0;1m ---[m
[[1;34mINFO[m] Copying accumulo-examples-simple-1.5.1-SNAPSHOT.jar to /home/user/Reproducibility-Scanner/benchmarks/bugs-dot-jar/accumulo/lib/accumulo-examples-simple.jar
[[1;34mINFO[m] Copying accumulo-proxy-1.5.1-SNAPSHOT.jar to /home/user/Reproducibility-Scanner/benchmarks/bugs-dot-jar/accumulo/lib/accumulo-proxy.jar
[[1;34mINFO[m] Copying accumulo-test-1.5.1-SNAPSHOT.jar to /home/user/Reproducibility-Scanner/benchmarks/bugs-dot-jar/accumulo/lib/accumulo-test.jar
[[1;34mINFO[m] accumulo-fate-1.5.1-SNAPSHOT.jar already exists in destination.
[[1;34mINFO[m] accumulo-server-1.5.1-SNAPSHOT.jar already exists in destination.
[[1;34mINFO[m] accumulo-trace-1.5.1-SNAPSHOT.jar already exists in destination.
[[1;34mINFO[m] accumulo-core-1.5.1-SNAPSHOT.jar already exists in destination.
[[1;34mINFO[m] accumulo-minicluster-1.5.1-SNAPSHOT.jar already exists in destination.
[[1;34mINFO[m] accumulo-start-1.5.1-SNAPSHOT.jar already exists in destination.
[[1;34mINFO[m] 
[[1;34mINFO[m] [1m>>> [0;32mexec-maven-plugin:1.2.1:java[m [1m(config-webpage)[0;1m > [0;1mvalidate[m @ [36maccumulo[0;1m >>>[m
[[1;34mINFO[m] 
[[1;34mINFO[m] [1m--- [0;32mmaven-sortpom-plugin:2.1.0:verify[m [1m(verify-sorted-pom)[m @ [36maccumulo[0;1m ---[m
[[1;34mINFO[m] Verifying file /home/user/Reproducibility-Scanner/benchmarks/bugs-dot-jar/accumulo/assemble/pom.xml
[[1;34mINFO[m] 
[[1;34mINFO[m] [1m--- [0;32mmaven-enforcer-plugin:1.0.1:enforce[m [1m(enforce-mvn)[m @ [36maccumulo[0;1m ---[m
[[1;34mINFO[m] 
[[1;34mINFO[m] [1m<<< [0;32mexec-maven-plugin:1.2.1:java[m [1m(config-webpage)[0;1m < [0;1mvalidate[m @ [36maccumulo[0;1m <<<[m
[[1;34mINFO[m] 
[[1;34mINFO[m] 
[[1;34mINFO[m] [1m--- [0;32mexec-maven-plugin:1.2.1:java[m [1m(config-webpage)[m @ [36maccumulo[0;1m ---[m
[[1;34mINFO[m] 
[[1;34mINFO[m] [1m--- [0;32mmaven-site-plugin:3.2:attach-descriptor[m [1m(attach-descriptor)[m @ [36maccumulo[0;1m ---[m
[[1;34mINFO[m] 
[[1;34mINFO[m] [1m--- [0;32mmaven-failsafe-plugin:2.12.4:integration-test[m [1m(run-integration-tests)[m @ [36maccumulo[0;1m ---[m
[[1;34mINFO[m] Tests are skipped.
[[1;34mINFO[m] 
[[1;34mINFO[m] [1m--- [0;32mmaven-failsafe-plugin:2.12.4:verify[m [1m(verify-integration-tests)[m @ [36maccumulo[0;1m ---[m
[[1;34mINFO[m] Tests are skipped.
[[1;34mINFO[m] 
[[1;34mINFO[m] [1m--- [0;32mmaven-install-plugin:2.3.1:install[m [1m(default-install)[m @ [36maccumulo[0;1m ---[m
[[1;34mINFO[m] Installing /home/user/Reproducibility-Scanner/benchmarks/bugs-dot-jar/accumulo/assemble/pom.xml to /home/user/.m2/repository/org/apache/accumulo/accumulo/1.5.1-SNAPSHOT/accumulo-1.5.1-SNAPSHOT.pom
[[1;34mINFO[m] [1m------------------------------------------------------------------------[m
[[1;34mINFO[m] [1mReactor Summary for Apache Accumulo Project 1.5.1-SNAPSHOT:[m
[[1;34mINFO[m] 
[[1;34mINFO[m] Apache Accumulo Project ............................ [1;32mSUCCESS[m [  1.576 s]
[[1;34mINFO[m] Trace .............................................. [1;32mSUCCESS[m [  1.535 s]
[[1;34mINFO[m] Fate ............................................... [1;32mSUCCESS[m [  0.361 s]
[[1;34mINFO[m] Start .............................................. [1;32mSUCCESS[m [  0.615 s]
[[1;34mINFO[m] Core ............................................... [1;32mSUCCESS[m [  6.792 s]
[[1;34mINFO[m] Server ............................................. [1;32mSUCCESS[m [  2.065 s]
[[1;34mINFO[m] Examples ........................................... [1;32mSUCCESS[m [  0.025 s]
[[1;34mINFO[m] Simple Examples .................................... [1;32mSUCCESS[m [  0.578 s]
[[1;34mINFO[m] MiniCluster ........................................ [1;32mSUCCESS[m [  0.246 s]
[[1;34mINFO[m] Testing ............................................ [1;32mSUCCESS[m [  1.117 s]
[[1;34mINFO[m] Proxy .............................................. [1;32mSUCCESS[m [  2.826 s]
[[1;34mINFO[m] Assemblies ......................................... [1;32mSUCCESS[m [  0.251 s]
[[1;34mINFO[m] [1m------------------------------------------------------------------------[m
[[1;34mINFO[m] [1;32mBUILD SUCCESS[m
[[1;34mINFO[m] [1m------------------------------------------------------------------------[m
[[1;34mINFO[m] Total time:  18.301 s
[[1;34mINFO[m] Finished at: 2022-07-29T21:35:38-07:00
[[1;34mINFO[m] [1m------------------------------------------------------------------------[m
[[1;34mINFO[m] Scanning for projects...
[[1;34mINFO[m] 
[[1;34mINFO[m] [1m-----------------< [0;36morg.apache.accumulo:accumulo-proxy[0;1m >-----------------[m
[[1;34mINFO[m] [1mBuilding Proxy 1.5.1-SNAPSHOT[m
[[1;34mINFO[m] [1m--------------------------------[ jar ]---------------------------------[m
[[1;34mINFO[m] 
[[1;34mINFO[m] [1m--- [0;32mmaven-sortpom-plugin:2.1.0:verify[m [1m(verify-sorted-pom)[m @ [36maccumulo-proxy[0;1m ---[m
[[1;34mINFO[m] Verifying file /home/user/Reproducibility-Scanner/benchmarks/bugs-dot-jar/accumulo/proxy/pom.xml
[[1;34mINFO[m] 
[[1;34mINFO[m] [1m--- [0;32mmaven-enforcer-plugin:1.0.1:enforce[m [1m(enforce-mvn)[m @ [36maccumulo-proxy[0;1m ---[m
[[1;34mINFO[m] 
[[1;34mINFO[m] [1m--- [0;32mmaven-remote-resources-plugin:1.4:process[m [1m(default)[m @ [36maccumulo-proxy[0;1m ---[m
[[1;34mINFO[m] 
[[1;34mINFO[m] [1m--- [0;32mmaven-resources-plugin:2.6:resources[m [1m(default-resources)[m @ [36maccumulo-proxy[0;1m ---[m
[[1;34mINFO[m] Using 'UTF-8' encoding to copy filtered resources.
[[1;34mINFO[m] skip non existing resourceDirectory /home/user/Reproducibility-Scanner/benchmarks/bugs-dot-jar/accumulo/proxy/src/main/resources
[[1;34mINFO[m] Copying 3 resources
[[1;34mINFO[m] 
[[1;34mINFO[m] [1m--- [0;32mmaven-compiler-plugin:2.5.1:compile[m [1m(default-compile)[m @ [36maccumulo-proxy[0;1m ---[m
[[1;34mINFO[m] Nothing to compile - all classes are up to date
[[1;34mINFO[m] 
[[1;34mINFO[m] [1m--- [0;32mmaven-resources-plugin:2.6:testResources[m [1m(default-testResources)[m @ [36maccumulo-proxy[0;1m ---[m
[[1;34mINFO[m] Using 'UTF-8' encoding to copy filtered resources.
[[1;34mINFO[m] Copying 1 resource
[[1;34mINFO[m] Copying 3 resources
[[1;34mINFO[m] 
[[1;34mINFO[m] [1m--- [0;32mmaven-compiler-plugin:2.5.1:testCompile[m [1m(default-testCompile)[m @ [36maccumulo-proxy[0;1m ---[m
[[1;34mINFO[m] Nothing to compile - all classes are up to date
[[1;34mINFO[m] 
[[1;34mINFO[m] [1m--- [0;32mmaven-surefire-plugin:2.12.4:test[m [1m(default-test)[m @ [36maccumulo-proxy[0;1m ---[m
[[1;34mINFO[m] Surefire report directory: /home/user/Reproducibility-Scanner/benchmarks/bugs-dot-jar/accumulo/proxy/target/surefire-reports

-------------------------------------------------------
 T E S T S
-------------------------------------------------------
Running org.apache.accumulo.proxy.TestProxyReadWrite
Tests run: 2, Failures: 0, Errors: 2, Skipped: 0, Time elapsed: 0.253 sec <<< FAILURE!
org.apache.accumulo.proxy.TestProxyReadWrite  Time elapsed: 0.252 sec  <<< ERROR!
java.lang.reflect.InvocationTargetException
	at sun.reflect.NativeConstructorAccessorImpl.newInstance0(Native Method)
	at sun.reflect.NativeConstructorAccessorImpl.newInstance(NativeConstructorAccessorImpl.java:62)
	at sun.reflect.DelegatingConstructorAccessorImpl.newInstance(DelegatingConstructorAccessorImpl.java:45)
	at java.lang.reflect.Constructor.newInstance(Constructor.java:423)
	at org.apache.accumulo.proxy.Proxy.createProxyServer(Proxy.java:127)
	at org.apache.accumulo.proxy.TestProxyReadWrite.setup(TestProxyReadWrite.java:66)
	at sun.reflect.NativeMethodAccessorImpl.invoke0(Native Method)
	at sun.reflect.NativeMethodAccessorImpl.invoke(NativeMethodAccessorImpl.java:62)
	at sun.reflect.DelegatingMethodAccessorImpl.invoke(DelegatingMethodAccessorImpl.java:43)
	at java.lang.reflect.Method.invoke(Method.java:498)
	at org.junit.runners.model.FrameworkMethod$1.runReflectiveCall(FrameworkMethod.java:47)
	at org.junit.internal.runners.model.ReflectiveCallable.run(ReflectiveCallable.java:12)
	at org.junit.runners.model.FrameworkMethod.invokeExplosively(FrameworkMethod.java:44)
	at org.junit.internal.runners.statements.RunBefores.evaluate(RunBefores.java:24)
	at org.junit.internal.runners.statements.RunAfters.evaluate(RunAfters.java:27)
	at org.junit.runners.ParentRunner.run(ParentRunner.java:309)
	at org.apache.maven.surefire.junit4.JUnit4Provider.execute(JUnit4Provider.java:252)
	at org.apache.maven.surefire.junit4.JUnit4Provider.executeTestSet(JUnit4Provider.java:141)
	at org.apache.maven.surefire.junit4.JUnit4Provider.invoke(JUnit4Provider.java:112)
	at sun.reflect.NativeMethodAccessorImpl.invoke0(Native Method)
	at sun.reflect.NativeMethodAccessorImpl.invoke(NativeMethodAccessorImpl.java:62)
	at sun.reflect.DelegatingMethodAccessorImpl.invoke(DelegatingMethodAccessorImpl.java:43)
	at java.lang.reflect.Method.invoke(Method.java:498)
	at org.apache.maven.surefire.util.ReflectionUtils.invokeMethodWithArray(ReflectionUtils.java:189)
	at org.apache.maven.surefire.booter.ProviderFactory$ProviderProxy.invoke(ProviderFactory.java:165)
	at org.apache.maven.surefire.booter.ProviderFactory.invokeProvider(ProviderFactory.java:85)
	at org.apache.maven.surefire.booter.ForkedBooter.runSuitesInProcess(ForkedBooter.java:115)
	at org.apache.maven.surefire.booter.ForkedBooter.main(ForkedBooter.java:75)
Caused by: java.lang.RuntimeException: java.io.IOException: failure to login
	at org.apache.accumulo.core.client.mock.MockInstance.getDefaultFileSystem(MockInstance.java:71)
	at org.apache.accumulo.core.client.mock.MockInstance.<init>(MockInstance.java:60)
	at org.apache.accumulo.proxy.ProxyServer.<init>(ProxyServer.java:157)
	... 28 more
Caused by: java.io.IOException: failure to login
	at org.apache.hadoop.security.UserGroupInformation.getLoginUser(UserGroupInformation.java:555)
	at org.apache.hadoop.security.UserGroupInformation.getCurrentUser(UserGroupInformation.java:505)
	at org.apache.hadoop.fs.FileSystem$Cache$Key.<init>(FileSystem.java:1554)
	at org.apache.hadoop.fs.FileSystem$Cache.get(FileSystem.java:1455)
	at org.apache.hadoop.fs.FileSystem.get(FileSystem.java:263)
	at org.apache.hadoop.fs.FileSystem.get(FileSystem.java:124)
	at org.apache.accumulo.core.client.mock.MockInstance.getDefaultFileSystem(MockInstance.java:69)
	... 30 more
Caused by: javax.security.auth.login.LoginException: java.lang.IllegalArgumentException: Illegal principal name user
	at org.apache.hadoop.security.User.<init>(User.java:46)
	at org.apache.hadoop.security.User.<init>(User.java:39)
	at org.apache.hadoop.security.UserGroupInformation$HadoopLoginModule.commit(UserGroupInformation.java:131)
	at sun.reflect.NativeMethodAccessorImpl.invoke0(Native Method)
	at sun.reflect.NativeMethodAccessorImpl.invoke(NativeMethodAccessorImpl.java:62)
	at sun.reflect.DelegatingMethodAccessorImpl.invoke(DelegatingMethodAccessorImpl.java:43)
	at java.lang.reflect.Method.invoke(Method.java:498)
	at javax.security.auth.login.LoginContext.invoke(LoginContext.java:755)
	at javax.security.auth.login.LoginContext.access$000(LoginContext.java:195)
	at javax.security.auth.login.LoginContext$4.run(LoginContext.java:682)
	at javax.security.auth.login.LoginContext$4.run(LoginContext.java:680)
	at java.security.AccessController.doPrivileged(Native Method)
	at javax.security.auth.login.LoginContext.invokePriv(LoginContext.java:680)
	at javax.security.auth.login.LoginContext.login(LoginContext.java:588)
	at org.apache.hadoop.security.UserGroupInformation.getLoginUser(UserGroupInformation.java:527)
	at org.apache.hadoop.security.UserGroupInformation.getCurrentUser(UserGroupInformation.java:505)
	at org.apache.hadoop.fs.FileSystem$Cache$Key.<init>(FileSystem.java:1554)
	at org.apache.hadoop.fs.FileSystem$Cache.get(FileSystem.java:1455)
	at org.apache.hadoop.fs.FileSystem.get(FileSystem.java:263)
	at org.apache.hadoop.fs.FileSystem.get(FileSystem.java:124)
	at org.apache.accumulo.core.client.mock.MockInstance.getDefaultFileSystem(MockInstance.java:69)
	at org.apache.accumulo.core.client.mock.MockInstance.<init>(MockInstance.java:60)
	at org.apache.accumulo.proxy.ProxyServer.<init>(ProxyServer.java:157)
	at sun.reflect.NativeConstructorAccessorImpl.newInstance0(Native Method)
	at sun.reflect.NativeConstructorAccessorImpl.newInstance(NativeConstructorAccessorImpl.java:62)
	at sun.reflect.DelegatingConstructorAccessorImpl.newInstance(DelegatingConstructorAccessorImpl.java:45)
	at java.lang.reflect.Constructor.newInstance(Constructor.java:423)
	at org.apache.accumulo.proxy.Proxy.createProxyServer(Proxy.java:127)
	at org.apache.accumulo.proxy.TestProxyReadWrite.setup(TestProxyReadWrite.java:66)
	at sun.reflect.NativeMethodAccessorImpl.invoke0(Native Method)
	at sun.reflect.NativeMethodAccessorImpl.invoke(NativeMethodAccessorImpl.java:62)
	at sun.reflect.DelegatingMethodAccessorImpl.invoke(DelegatingMethodAccessorImpl.java:43)
	at java.lang.reflect.Method.invoke(Method.java:498)
	at org.junit.runners.model.FrameworkMethod$1.runReflectiveCall(FrameworkMethod.java:47)
	at org.junit.internal.runners.model.ReflectiveCallable.run(ReflectiveCallable.java:12)
	at org.junit.runners.model.FrameworkMethod.invokeExplosively(FrameworkMethod.java:44)
	at org.junit.internal.runners.statements.RunBefores.evaluate(RunBefores.java:24)
	at org.junit.internal.runners.statements.RunAfters.evaluate(RunAfters.java:27)
	at org.junit.runners.ParentRunner.run(ParentRunner.java:309)
	at org.apache.maven.surefire.junit4.JUnit4Provider.execute(JUnit4Provider.java:252)
	at org.apache.maven.surefire.junit4.JUnit4Provider.executeTestSet(JUnit4Provider.java:141)
	at org.apache.maven.surefire.junit4.JUnit4Provider.invoke(JUnit4Provider.java:112)
	at sun.reflect.NativeMethodAccessorImpl.invoke0(Native Method)
	at sun.reflect.NativeMethodAccessorImpl.invoke(NativeMethodAccessorImpl.java:62)
	at sun.reflect.DelegatingMethodAccessorImpl.invoke(DelegatingMethodAccessorImpl.java:43)
	at java.lang.reflect.Method.invoke(Method.java:498)
	at org.apache.maven.surefire.util.ReflectionUtils.invokeMethodWithArray(ReflectionUtils.java:189)
	at org.apache.maven.surefire.booter.ProviderFactory$ProviderProxy.invoke(ProviderFactory.java:165)
	at org.apache.maven.surefire.booter.ProviderFactory.invokeProvider(ProviderFactory.java:85)
	at org.apache.maven.surefire.booter.ForkedBooter.runSuitesInProcess(ForkedBooter.java:115)
	at org.apache.maven.surefire.booter.ForkedBooter.main(ForkedBooter.java:75)
Caused by: org.apache.hadoop.security.KerberosName$NoMatchingRule: No rules applied to user
	at org.apache.hadoop.security.KerberosName.getShortName(KerberosName.java:390)
	at org.apache.hadoop.security.User.<init>(User.java:44)
	... 50 more

	at javax.security.auth.login.LoginContext.invoke(LoginContext.java:856)
	at javax.security.auth.login.LoginContext.access$000(LoginContext.java:195)
	at javax.security.auth.login.LoginContext$4.run(LoginContext.java:682)
	at javax.security.auth.login.LoginContext$4.run(LoginContext.java:680)
	at java.security.AccessController.doPrivileged(Native Method)
	at javax.security.auth.login.LoginContext.invokePriv(LoginContext.java:680)
	at javax.security.auth.login.LoginContext.login(LoginContext.java:588)
	at org.apache.hadoop.security.UserGroupInformation.getLoginUser(UserGroupInformation.java:527)
	... 36 more

org.apache.accumulo.proxy.TestProxyReadWrite  Time elapsed: 0.253 sec  <<< ERROR!
java.lang.NullPointerException
	at org.apache.accumulo.proxy.TestProxyReadWrite.tearDown(TestProxyReadWrite.java:81)
	at sun.reflect.NativeMethodAccessorImpl.invoke0(Native Method)
	at sun.reflect.NativeMethodAccessorImpl.invoke(NativeMethodAccessorImpl.java:62)
	at sun.reflect.DelegatingMethodAccessorImpl.invoke(DelegatingMethodAccessorImpl.java:43)
	at java.lang.reflect.Method.invoke(Method.java:498)
	at org.junit.runners.model.FrameworkMethod$1.runReflectiveCall(FrameworkMethod.java:47)
	at org.junit.internal.runners.model.ReflectiveCallable.run(ReflectiveCallable.java:12)
	at org.junit.runners.model.FrameworkMethod.invokeExplosively(FrameworkMethod.java:44)
	at org.junit.internal.runners.statements.RunAfters.evaluate(RunAfters.java:33)
	at org.junit.runners.ParentRunner.run(ParentRunner.java:309)
	at org.apache.maven.surefire.junit4.JUnit4Provider.execute(JUnit4Provider.java:252)
	at org.apache.maven.surefire.junit4.JUnit4Provider.executeTestSet(JUnit4Provider.java:141)
	at org.apache.maven.surefire.junit4.JUnit4Provider.invoke(JUnit4Provider.java:112)
	at sun.reflect.NativeMethodAccessorImpl.invoke0(Native Method)
	at sun.reflect.NativeMethodAccessorImpl.invoke(NativeMethodAccessorImpl.java:62)
	at sun.reflect.DelegatingMethodAccessorImpl.invoke(DelegatingMethodAccessorImpl.java:43)
	at java.lang.reflect.Method.invoke(Method.java:498)
	at org.apache.maven.surefire.util.ReflectionUtils.invokeMethodWithArray(ReflectionUtils.java:189)
	at org.apache.maven.surefire.booter.ProviderFactory$ProviderProxy.invoke(ProviderFactory.java:165)
	at org.apache.maven.surefire.booter.ProviderFactory.invokeProvider(ProviderFactory.java:85)
	at org.apache.maven.surefire.booter.ForkedBooter.runSuitesInProcess(ForkedBooter.java:115)
	at org.apache.maven.surefire.booter.ForkedBooter.main(ForkedBooter.java:75)

Running org.apache.accumulo.proxy.TestProxyInstanceOperations
Tests run: 2, Failures: 0, Errors: 2, Skipped: 0, Time elapsed: 0.001 sec <<< FAILURE!
org.apache.accumulo.proxy.TestProxyInstanceOperations  Time elapsed: 0 sec  <<< ERROR!
java.lang.reflect.InvocationTargetException
	at sun.reflect.NativeConstructorAccessorImpl.newInstance0(Native Method)
	at sun.reflect.NativeConstructorAccessorImpl.newInstance(NativeConstructorAccessorImpl.java:62)
	at sun.reflect.DelegatingConstructorAccessorImpl.newInstance(DelegatingConstructorAccessorImpl.java:45)
	at java.lang.reflect.Constructor.newInstance(Constructor.java:423)
	at org.apache.accumulo.proxy.Proxy.createProxyServer(Proxy.java:127)
	at org.apache.accumulo.proxy.TestProxyInstanceOperations.setup(TestProxyInstanceOperations.java:49)
	at sun.reflect.NativeMethodAccessorImpl.invoke0(Native Method)
	at sun.reflect.NativeMethodAccessorImpl.invoke(NativeMethodAccessorImpl.java:62)
	at sun.reflect.DelegatingMethodAccessorImpl.invoke(DelegatingMethodAccessorImpl.java:43)
	at java.lang.reflect.Method.invoke(Method.java:498)
	at org.junit.runners.model.FrameworkMethod$1.runReflectiveCall(FrameworkMethod.java:47)
	at org.junit.internal.runners.model.ReflectiveCallable.run(ReflectiveCallable.java:12)
	at org.junit.runners.model.FrameworkMethod.invokeExplosively(FrameworkMethod.java:44)
	at org.junit.internal.runners.statements.RunBefores.evaluate(RunBefores.java:24)
	at org.junit.internal.runners.statements.RunAfters.evaluate(RunAfters.java:27)
	at org.junit.runners.ParentRunner.run(ParentRunner.java:309)
	at org.apache.maven.surefire.junit4.JUnit4Provider.execute(JUnit4Provider.java:252)
	at org.apache.maven.surefire.junit4.JUnit4Provider.executeTestSet(JUnit4Provider.java:141)
	at org.apache.maven.surefire.junit4.JUnit4Provider.invoke(JUnit4Provider.java:112)
	at sun.reflect.NativeMethodAccessorImpl.invoke0(Native Method)
	at sun.reflect.NativeMethodAccessorImpl.invoke(NativeMethodAccessorImpl.java:62)
	at sun.reflect.DelegatingMethodAccessorImpl.invoke(DelegatingMethodAccessorImpl.java:43)
	at java.lang.reflect.Method.invoke(Method.java:498)
	at org.apache.maven.surefire.util.ReflectionUtils.invokeMethodWithArray(ReflectionUtils.java:189)
	at org.apache.maven.surefire.booter.ProviderFactory$ProviderProxy.invoke(ProviderFactory.java:165)
	at org.apache.maven.surefire.booter.ProviderFactory.invokeProvider(ProviderFactory.java:85)
	at org.apache.maven.surefire.booter.ForkedBooter.runSuitesInProcess(ForkedBooter.java:115)
	at org.apache.maven.surefire.booter.ForkedBooter.main(ForkedBooter.java:75)
Caused by: java.lang.RuntimeException: java.io.IOException: failure to login
	at org.apache.accumulo.core.client.mock.MockInstance.getDefaultFileSystem(MockInstance.java:71)
	at org.apache.accumulo.core.client.mock.MockInstance.<init>(MockInstance.java:60)
	at org.apache.accumulo.proxy.ProxyServer.<init>(ProxyServer.java:157)
	... 28 more
Caused by: java.io.IOException: failure to login
	at org.apache.hadoop.security.UserGroupInformation.getLoginUser(UserGroupInformation.java:555)
	at org.apache.hadoop.security.UserGroupInformation.getCurrentUser(UserGroupInformation.java:505)
	at org.apache.hadoop.fs.FileSystem$Cache$Key.<init>(FileSystem.java:1554)
	at org.apache.hadoop.fs.FileSystem$Cache.get(FileSystem.java:1455)
	at org.apache.hadoop.fs.FileSystem.get(FileSystem.java:263)
	at org.apache.hadoop.fs.FileSystem.get(FileSystem.java:124)
	at org.apache.accumulo.core.client.mock.MockInstance.getDefaultFileSystem(MockInstance.java:69)
	... 30 more
Caused by: javax.security.auth.login.LoginException: java.lang.IllegalArgumentException: Illegal principal name user
	at org.apache.hadoop.security.User.<init>(User.java:46)
	at org.apache.hadoop.security.User.<init>(User.java:39)
	at org.apache.hadoop.security.UserGroupInformation$HadoopLoginModule.commit(UserGroupInformation.java:131)
	at sun.reflect.NativeMethodAccessorImpl.invoke0(Native Method)
	at sun.reflect.NativeMethodAccessorImpl.invoke(NativeMethodAccessorImpl.java:62)
	at sun.reflect.DelegatingMethodAccessorImpl.invoke(DelegatingMethodAccessorImpl.java:43)
	at java.lang.reflect.Method.invoke(Method.java:498)
	at javax.security.auth.login.LoginContext.invoke(LoginContext.java:755)
	at javax.security.auth.login.LoginContext.access$000(LoginContext.java:195)
	at javax.security.auth.login.LoginContext$4.run(LoginContext.java:682)
	at javax.security.auth.login.LoginContext$4.run(LoginContext.java:680)
	at java.security.AccessController.doPrivileged(Native Method)
	at javax.security.auth.login.LoginContext.invokePriv(LoginContext.java:680)
	at javax.security.auth.login.LoginContext.login(LoginContext.java:588)
	at org.apache.hadoop.security.UserGroupInformation.getLoginUser(UserGroupInformation.java:527)
	at org.apache.hadoop.security.UserGroupInformation.getCurrentUser(UserGroupInformation.java:505)
	at org.apache.hadoop.fs.FileSystem$Cache$Key.<init>(FileSystem.java:1554)
	at org.apache.hadoop.fs.FileSystem$Cache.get(FileSystem.java:1455)
	at org.apache.hadoop.fs.FileSystem.get(FileSystem.java:263)
	at org.apache.hadoop.fs.FileSystem.get(FileSystem.java:124)
	at org.apache.accumulo.core.client.mock.MockInstance.getDefaultFileSystem(MockInstance.java:69)
	at org.apache.accumulo.core.client.mock.MockInstance.<init>(MockInstance.java:60)
	at org.apache.accumulo.proxy.ProxyServer.<init>(ProxyServer.java:157)
	at sun.reflect.NativeConstructorAccessorImpl.newInstance0(Native Method)
	at sun.reflect.NativeConstructorAccessorImpl.newInstance(NativeConstructorAccessorImpl.java:62)
	at sun.reflect.DelegatingConstructorAccessorImpl.newInstance(DelegatingConstructorAccessorImpl.java:45)
	at java.lang.reflect.Constructor.newInstance(Constructor.java:423)
	at org.apache.accumulo.proxy.Proxy.createProxyServer(Proxy.java:127)
	at org.apache.accumulo.proxy.TestProxyInstanceOperations.setup(TestProxyInstanceOperations.java:49)
	at sun.reflect.NativeMethodAccessorImpl.invoke0(Native Method)
	at sun.reflect.NativeMethodAccessorImpl.invoke(NativeMethodAccessorImpl.java:62)
	at sun.reflect.DelegatingMethodAccessorImpl.invoke(DelegatingMethodAccessorImpl.java:43)
	at java.lang.reflect.Method.invoke(Method.java:498)
	at org.junit.runners.model.FrameworkMethod$1.runReflectiveCall(FrameworkMethod.java:47)
	at org.junit.internal.runners.model.ReflectiveCallable.run(ReflectiveCallable.java:12)
	at org.junit.runners.model.FrameworkMethod.invokeExplosively(FrameworkMethod.java:44)
	at org.junit.internal.runners.statements.RunBefores.evaluate(RunBefores.java:24)
	at org.junit.internal.runners.statements.RunAfters.evaluate(RunAfters.java:27)
	at org.junit.runners.ParentRunner.run(ParentRunner.java:309)
	at org.apache.maven.surefire.junit4.JUnit4Provider.execute(JUnit4Provider.java:252)
	at org.apache.maven.surefire.junit4.JUnit4Provider.executeTestSet(JUnit4Provider.java:141)
	at org.apache.maven.surefire.junit4.JUnit4Provider.invoke(JUnit4Provider.java:112)
	at sun.reflect.NativeMethodAccessorImpl.invoke0(Native Method)
	at sun.reflect.NativeMethodAccessorImpl.invoke(NativeMethodAccessorImpl.java:62)
	at sun.reflect.DelegatingMethodAccessorImpl.invoke(DelegatingMethodAccessorImpl.java:43)
	at java.lang.reflect.Method.invoke(Method.java:498)
	at org.apache.maven.surefire.util.ReflectionUtils.invokeMethodWithArray(ReflectionUtils.java:189)
	at org.apache.maven.surefire.booter.ProviderFactory$ProviderProxy.invoke(ProviderFactory.java:165)
	at org.apache.maven.surefire.booter.ProviderFactory.invokeProvider(ProviderFactory.java:85)
	at org.apache.maven.surefire.booter.ForkedBooter.runSuitesInProcess(ForkedBooter.java:115)
	at org.apache.maven.surefire.booter.ForkedBooter.main(ForkedBooter.java:75)
Caused by: org.apache.hadoop.security.KerberosName$NoMatchingRule: No rules applied to user
	at org.apache.hadoop.security.KerberosName.getShortName(KerberosName.java:390)
	at org.apache.hadoop.security.User.<init>(User.java:44)
	... 50 more

	at javax.security.auth.login.LoginContext.invoke(LoginContext.java:856)
	at javax.security.auth.login.LoginContext.access$000(LoginContext.java:195)
	at javax.security.auth.login.LoginContext$4.run(LoginContext.java:682)
	at javax.security.auth.login.LoginContext$4.run(LoginContext.java:680)
	at java.security.AccessController.doPrivileged(Native Method)
	at javax.security.auth.login.LoginContext.invokePriv(LoginContext.java:680)
	at javax.security.auth.login.LoginContext.login(LoginContext.java:588)
	at org.apache.hadoop.security.UserGroupInformation.getLoginUser(UserGroupInformation.java:527)
	... 36 more

org.apache.accumulo.proxy.TestProxyInstanceOperations  Time elapsed: 0.001 sec  <<< ERROR!
java.lang.NullPointerException
	at org.apache.accumulo.proxy.TestProxyInstanceOperations.tearDown(TestProxyInstanceOperations.java:64)
	at sun.reflect.NativeMethodAccessorImpl.invoke0(Native Method)
	at sun.reflect.NativeMethodAccessorImpl.invoke(NativeMethodAccessorImpl.java:62)
	at sun.reflect.DelegatingMethodAccessorImpl.invoke(DelegatingMethodAccessorImpl.java:43)
	at java.lang.reflect.Method.invoke(Method.java:498)
	at org.junit.runners.model.FrameworkMethod$1.runReflectiveCall(FrameworkMethod.java:47)
	at org.junit.internal.runners.model.ReflectiveCallable.run(ReflectiveCallable.java:12)
	at org.junit.runners.model.FrameworkMethod.invokeExplosively(FrameworkMethod.java:44)
	at org.junit.internal.runners.statements.RunAfters.evaluate(RunAfters.java:33)
	at org.junit.runners.ParentRunner.run(ParentRunner.java:309)
	at org.apache.maven.surefire.junit4.JUnit4Provider.execute(JUnit4Provider.java:252)
	at org.apache.maven.surefire.junit4.JUnit4Provider.executeTestSet(JUnit4Provider.java:141)
	at org.apache.maven.surefire.junit4.JUnit4Provider.invoke(JUnit4Provider.java:112)
	at sun.reflect.NativeMethodAccessorImpl.invoke0(Native Method)
	at sun.reflect.NativeMethodAccessorImpl.invoke(NativeMethodAccessorImpl.java:62)
	at sun.reflect.DelegatingMethodAccessorImpl.invoke(DelegatingMethodAccessorImpl.java:43)
	at java.lang.reflect.Method.invoke(Method.java:498)
	at org.apache.maven.surefire.util.ReflectionUtils.invokeMethodWithArray(ReflectionUtils.java:189)
	at org.apache.maven.surefire.booter.ProviderFactory$ProviderProxy.invoke(ProviderFactory.java:165)
	at org.apache.maven.surefire.booter.ProviderFactory.invokeProvider(ProviderFactory.java:85)
	at org.apache.maven.surefire.booter.ForkedBooter.runSuitesInProcess(ForkedBooter.java:115)
	at org.apache.maven.surefire.booter.ForkedBooter.main(ForkedBooter.java:75)

Running org.apache.accumulo.proxy.TestProxyTableOperations
Tests run: 2, Failures: 0, Errors: 2, Skipped: 0, Time elapsed: 0.001 sec <<< FAILURE!
org.apache.accumulo.proxy.TestProxyTableOperations  Time elapsed: 0 sec  <<< ERROR!
java.lang.reflect.InvocationTargetException
	at sun.reflect.NativeConstructorAccessorImpl.newInstance0(Native Method)
	at sun.reflect.NativeConstructorAccessorImpl.newInstance(NativeConstructorAccessorImpl.java:62)
	at sun.reflect.DelegatingConstructorAccessorImpl.newInstance(DelegatingConstructorAccessorImpl.java:45)
	at java.lang.reflect.Constructor.newInstance(Constructor.java:423)
	at org.apache.accumulo.proxy.Proxy.createProxyServer(Proxy.java:127)
	at org.apache.accumulo.proxy.TestProxyTableOperations.setup(TestProxyTableOperations.java:62)
	at sun.reflect.NativeMethodAccessorImpl.invoke0(Native Method)
	at sun.reflect.NativeMethodAccessorImpl.invoke(NativeMethodAccessorImpl.java:62)
	at sun.reflect.DelegatingMethodAccessorImpl.invoke(DelegatingMethodAccessorImpl.java:43)
	at java.lang.reflect.Method.invoke(Method.java:498)
	at org.junit.runners.model.FrameworkMethod$1.runReflectiveCall(FrameworkMethod.java:47)
	at org.junit.internal.runners.model.ReflectiveCallable.run(ReflectiveCallable.java:12)
	at org.junit.runners.model.FrameworkMethod.invokeExplosively(FrameworkMethod.java:44)
	at org.junit.internal.runners.statements.RunBefores.evaluate(RunBefores.java:24)
	at org.junit.internal.runners.statements.RunAfters.evaluate(RunAfters.java:27)
	at org.junit.runners.ParentRunner.run(ParentRunner.java:309)
	at org.apache.maven.surefire.junit4.JUnit4Provider.execute(JUnit4Provider.java:252)
	at org.apache.maven.surefire.junit4.JUnit4Provider.executeTestSet(JUnit4Provider.java:141)
	at org.apache.maven.surefire.junit4.JUnit4Provider.invoke(JUnit4Provider.java:112)
	at sun.reflect.NativeMethodAccessorImpl.invoke0(Native Method)
	at sun.reflect.NativeMethodAccessorImpl.invoke(NativeMethodAccessorImpl.java:62)
	at sun.reflect.DelegatingMethodAccessorImpl.invoke(DelegatingMethodAccessorImpl.java:43)
	at java.lang.reflect.Method.invoke(Method.java:498)
	at org.apache.maven.surefire.util.ReflectionUtils.invokeMethodWithArray(ReflectionUtils.java:189)
	at org.apache.maven.surefire.booter.ProviderFactory$ProviderProxy.invoke(ProviderFactory.java:165)
	at org.apache.maven.surefire.booter.ProviderFactory.invokeProvider(ProviderFactory.java:85)
	at org.apache.maven.surefire.booter.ForkedBooter.runSuitesInProcess(ForkedBooter.java:115)
	at org.apache.maven.surefire.booter.ForkedBooter.main(ForkedBooter.java:75)
Caused by: java.lang.RuntimeException: java.io.IOException: failure to login
	at org.apache.accumulo.core.client.mock.MockInstance.getDefaultFileSystem(MockInstance.java:71)
	at org.apache.accumulo.core.client.mock.MockInstance.<init>(MockInstance.java:60)
	at org.apache.accumulo.proxy.ProxyServer.<init>(ProxyServer.java:157)
	... 28 more
Caused by: java.io.IOException: failure to login
	at org.apache.hadoop.security.UserGroupInformation.getLoginUser(UserGroupInformation.java:555)
	at org.apache.hadoop.security.UserGroupInformation.getCurrentUser(UserGroupInformation.java:505)
	at org.apache.hadoop.fs.FileSystem$Cache$Key.<init>(FileSystem.java:1554)
	at org.apache.hadoop.fs.FileSystem$Cache.get(FileSystem.java:1455)
	at org.apache.hadoop.fs.FileSystem.get(FileSystem.java:263)
	at org.apache.hadoop.fs.FileSystem.get(FileSystem.java:124)
	at org.apache.accumulo.core.client.mock.MockInstance.getDefaultFileSystem(MockInstance.java:69)
	... 30 more
Caused by: javax.security.auth.login.LoginException: java.lang.IllegalArgumentException: Illegal principal name user
	at org.apache.hadoop.security.User.<init>(User.java:46)
	at org.apache.hadoop.security.User.<init>(User.java:39)
	at org.apache.hadoop.security.UserGroupInformation$HadoopLoginModule.commit(UserGroupInformation.java:131)
	at sun.reflect.NativeMethodAccessorImpl.invoke0(Native Method)
	at sun.reflect.NativeMethodAccessorImpl.invoke(NativeMethodAccessorImpl.java:62)
	at sun.reflect.DelegatingMethodAccessorImpl.invoke(DelegatingMethodAccessorImpl.java:43)
	at java.lang.reflect.Method.invoke(Method.java:498)
	at javax.security.auth.login.LoginContext.invoke(LoginContext.java:755)
	at javax.security.auth.login.LoginContext.access$000(LoginContext.java:195)
	at javax.security.auth.login.LoginContext$4.run(LoginContext.java:682)
	at javax.security.auth.login.LoginContext$4.run(LoginContext.java:680)
	at java.security.AccessController.doPrivileged(Native Method)
	at javax.security.auth.login.LoginContext.invokePriv(LoginContext.java:680)
	at javax.security.auth.login.LoginContext.login(LoginContext.java:588)
	at org.apache.hadoop.security.UserGroupInformation.getLoginUser(UserGroupInformation.java:527)
	at org.apache.hadoop.security.UserGroupInformation.getCurrentUser(UserGroupInformation.java:505)
	at org.apache.hadoop.fs.FileSystem$Cache$Key.<init>(FileSystem.java:1554)
	at org.apache.hadoop.fs.FileSystem$Cache.get(FileSystem.java:1455)
	at org.apache.hadoop.fs.FileSystem.get(FileSystem.java:263)
	at org.apache.hadoop.fs.FileSystem.get(FileSystem.java:124)
	at org.apache.accumulo.core.client.mock.MockInstance.getDefaultFileSystem(MockInstance.java:69)
	at org.apache.accumulo.core.client.mock.MockInstance.<init>(MockInstance.java:60)
	at org.apache.accumulo.proxy.ProxyServer.<init>(ProxyServer.java:157)
	at sun.reflect.NativeConstructorAccessorImpl.newInstance0(Native Method)
	at sun.reflect.NativeConstructorAccessorImpl.newInstance(NativeConstructorAccessorImpl.java:62)
	at sun.reflect.DelegatingConstructorAccessorImpl.newInstance(DelegatingConstructorAccessorImpl.java:45)
	at java.lang.reflect.Constructor.newInstance(Constructor.java:423)
	at org.apache.accumulo.proxy.Proxy.createProxyServer(Proxy.java:127)
	at org.apache.accumulo.proxy.TestProxyTableOperations.setup(TestProxyTableOperations.java:62)
	at sun.reflect.NativeMethodAccessorImpl.invoke0(Native Method)
	at sun.reflect.NativeMethodAccessorImpl.invoke(NativeMethodAccessorImpl.java:62)
	at sun.reflect.DelegatingMethodAccessorImpl.invoke(DelegatingMethodAccessorImpl.java:43)
	at java.lang.reflect.Method.invoke(Method.java:498)
	at org.junit.runners.model.FrameworkMethod$1.runReflectiveCall(FrameworkMethod.java:47)
	at org.junit.internal.runners.model.ReflectiveCallable.run(ReflectiveCallable.java:12)
	at org.junit.runners.model.FrameworkMethod.invokeExplosively(FrameworkMethod.java:44)
	at org.junit.internal.runners.statements.RunBefores.evaluate(RunBefores.java:24)
	at org.junit.internal.runners.statements.RunAfters.evaluate(RunAfters.java:27)
	at org.junit.runners.ParentRunner.run(ParentRunner.java:309)
	at org.apache.maven.surefire.junit4.JUnit4Provider.execute(JUnit4Provider.java:252)
	at org.apache.maven.surefire.junit4.JUnit4Provider.executeTestSet(JUnit4Provider.java:141)
	at org.apache.maven.surefire.junit4.JUnit4Provider.invoke(JUnit4Provider.java:112)
	at sun.reflect.NativeMethodAccessorImpl.invoke0(Native Method)
	at sun.reflect.NativeMethodAccessorImpl.invoke(NativeMethodAccessorImpl.java:62)
	at sun.reflect.DelegatingMethodAccessorImpl.invoke(DelegatingMethodAccessorImpl.java:43)
	at java.lang.reflect.Method.invoke(Method.java:498)
	at org.apache.maven.surefire.util.ReflectionUtils.invokeMethodWithArray(ReflectionUtils.java:189)
	at org.apache.maven.surefire.booter.ProviderFactory$ProviderProxy.invoke(ProviderFactory.java:165)
	at org.apache.maven.surefire.booter.ProviderFactory.invokeProvider(ProviderFactory.java:85)
	at org.apache.maven.surefire.booter.ForkedBooter.runSuitesInProcess(ForkedBooter.java:115)
	at org.apache.maven.surefire.booter.ForkedBooter.main(ForkedBooter.java:75)
Caused by: org.apache.hadoop.security.KerberosName$NoMatchingRule: No rules applied to user
	at org.apache.hadoop.security.KerberosName.getShortName(KerberosName.java:390)
	at org.apache.hadoop.security.User.<init>(User.java:44)
	... 50 more

	at javax.security.auth.login.LoginContext.invoke(LoginContext.java:856)
	at javax.security.auth.login.LoginContext.access$000(LoginContext.java:195)
	at javax.security.auth.login.LoginContext$4.run(LoginContext.java:682)
	at javax.security.auth.login.LoginContext$4.run(LoginContext.java:680)
	at java.security.AccessController.doPrivileged(Native Method)
	at javax.security.auth.login.LoginContext.invokePriv(LoginContext.java:680)
	at javax.security.auth.login.LoginContext.login(LoginContext.java:588)
	at org.apache.hadoop.security.UserGroupInformation.getLoginUser(UserGroupInformation.java:527)
	... 36 more

org.apache.accumulo.proxy.TestProxyTableOperations  Time elapsed: 0 sec  <<< ERROR!
java.lang.NullPointerException
	at org.apache.accumulo.proxy.TestProxyTableOperations.tearDown(TestProxyTableOperations.java:81)
	at sun.reflect.NativeMethodAccessorImpl.invoke0(Native Method)
	at sun.reflect.NativeMethodAccessorImpl.invoke(NativeMethodAccessorImpl.java:62)
	at sun.reflect.DelegatingMethodAccessorImpl.invoke(DelegatingMethodAccessorImpl.java:43)
	at java.lang.reflect.Method.invoke(Method.java:498)
	at org.junit.runners.model.FrameworkMethod$1.runReflectiveCall(FrameworkMethod.java:47)
	at org.junit.internal.runners.model.ReflectiveCallable.run(ReflectiveCallable.java:12)
	at org.junit.runners.model.FrameworkMethod.invokeExplosively(FrameworkMethod.java:44)
	at org.junit.internal.runners.statements.RunAfters.evaluate(RunAfters.java:33)
	at org.junit.runners.ParentRunner.run(ParentRunner.java:309)
	at org.apache.maven.surefire.junit4.JUnit4Provider.execute(JUnit4Provider.java:252)
	at org.apache.maven.surefire.junit4.JUnit4Provider.executeTestSet(JUnit4Provider.java:141)
	at org.apache.maven.surefire.junit4.JUnit4Provider.invoke(JUnit4Provider.java:112)
	at sun.reflect.NativeMethodAccessorImpl.invoke0(Native Method)
	at sun.reflect.NativeMethodAccessorImpl.invoke(NativeMethodAccessorImpl.java:62)
	at sun.reflect.DelegatingMethodAccessorImpl.invoke(DelegatingMethodAccessorImpl.java:43)
	at java.lang.reflect.Method.invoke(Method.java:498)
	at org.apache.maven.surefire.util.ReflectionUtils.invokeMethodWithArray(ReflectionUtils.java:189)
	at org.apache.maven.surefire.booter.ProviderFactory$ProviderProxy.invoke(ProviderFactory.java:165)
	at org.apache.maven.surefire.booter.ProviderFactory.invokeProvider(ProviderFactory.java:85)
	at org.apache.maven.surefire.booter.ForkedBooter.runSuitesInProcess(ForkedBooter.java:115)
	at org.apache.maven.surefire.booter.ForkedBooter.main(ForkedBooter.java:75)

Running org.apache.accumulo.proxy.SimpleTest
Tests run: 1, Failures: 0, Errors: 1, Skipped: 0, Time elapsed: 0.792 sec <<< FAILURE!
org.apache.accumulo.proxy.SimpleTest  Time elapsed: 0.792 sec  <<< ERROR!
java.lang.RuntimeException: Initialize process returned 1. Check the logs in /tmp/junit8334446722262094175/logs for errors.
	at org.apache.accumulo.minicluster.MiniAccumuloCluster.start(MiniAccumuloCluster.java:308)
	at org.apache.accumulo.proxy.SimpleTest.setupMiniCluster(SimpleTest.java:144)
	at sun.reflect.NativeMethodAccessorImpl.invoke0(Native Method)
	at sun.reflect.NativeMethodAccessorImpl.invoke(NativeMethodAccessorImpl.java:62)
	at sun.reflect.DelegatingMethodAccessorImpl.invoke(DelegatingMethodAccessorImpl.java:43)
	at java.lang.reflect.Method.invoke(Method.java:498)
	at org.junit.runners.model.FrameworkMethod$1.runReflectiveCall(FrameworkMethod.java:47)
	at org.junit.internal.runners.model.ReflectiveCallable.run(ReflectiveCallable.java:12)
	at org.junit.runners.model.FrameworkMethod.invokeExplosively(FrameworkMethod.java:44)
	at org.junit.internal.runners.statements.RunBefores.evaluate(RunBefores.java:24)
	at org.junit.internal.runners.statements.RunAfters.evaluate(RunAfters.java:27)
	at org.junit.runners.ParentRunner.run(ParentRunner.java:309)
	at org.apache.maven.surefire.junit4.JUnit4Provider.execute(JUnit4Provider.java:252)
	at org.apache.maven.surefire.junit4.JUnit4Provider.executeTestSet(JUnit4Provider.java:141)
	at org.apache.maven.surefire.junit4.JUnit4Provider.invoke(JUnit4Provider.java:112)
	at sun.reflect.NativeMethodAccessorImpl.invoke0(Native Method)
	at sun.reflect.NativeMethodAccessorImpl.invoke(NativeMethodAccessorImpl.java:62)
	at sun.reflect.DelegatingMethodAccessorImpl.invoke(DelegatingMethodAccessorImpl.java:43)
	at java.lang.reflect.Method.invoke(Method.java:498)
	at org.apache.maven.surefire.util.ReflectionUtils.invokeMethodWithArray(ReflectionUtils.java:189)
	at org.apache.maven.surefire.booter.ProviderFactory$ProviderProxy.invoke(ProviderFactory.java:165)
	at org.apache.maven.surefire.booter.ProviderFactory.invokeProvider(ProviderFactory.java:85)
	at org.apache.maven.surefire.booter.ForkedBooter.runSuitesInProcess(ForkedBooter.java:115)
	at org.apache.maven.surefire.booter.ForkedBooter.main(ForkedBooter.java:75)

Running org.apache.accumulo.proxy.TestProxySecurityOperations
Tests run: 2, Failures: 0, Errors: 2, Skipped: 0, Time elapsed: 0.007 sec <<< FAILURE!
org.apache.accumulo.proxy.TestProxySecurityOperations  Time elapsed: 0.007 sec  <<< ERROR!
java.lang.reflect.InvocationTargetException
	at sun.reflect.NativeConstructorAccessorImpl.newInstance0(Native Method)
	at sun.reflect.NativeConstructorAccessorImpl.newInstance(NativeConstructorAccessorImpl.java:62)
	at sun.reflect.DelegatingConstructorAccessorImpl.newInstance(DelegatingConstructorAccessorImpl.java:45)
	at java.lang.reflect.Constructor.newInstance(Constructor.java:423)
	at org.apache.accumulo.proxy.Proxy.createProxyServer(Proxy.java:127)
	at org.apache.accumulo.proxy.TestProxySecurityOperations.setup(TestProxySecurityOperations.java:61)
	at sun.reflect.NativeMethodAccessorImpl.invoke0(Native Method)
	at sun.reflect.NativeMethodAccessorImpl.invoke(NativeMethodAccessorImpl.java:62)
	at sun.reflect.DelegatingMethodAccessorImpl.invoke(DelegatingMethodAccessorImpl.java:43)
	at java.lang.reflect.Method.invoke(Method.java:498)
	at org.junit.runners.model.FrameworkMethod$1.runReflectiveCall(FrameworkMethod.java:47)
	at org.junit.internal.runners.model.ReflectiveCallable.run(ReflectiveCallable.java:12)
	at org.junit.runners.model.FrameworkMethod.invokeExplosively(FrameworkMethod.java:44)
	at org.junit.internal.runners.statements.RunBefores.evaluate(RunBefores.java:24)
	at org.junit.internal.runners.statements.RunAfters.evaluate(RunAfters.java:27)
	at org.junit.runners.ParentRunner.run(ParentRunner.java:309)
	at org.apache.maven.surefire.junit4.JUnit4Provider.execute(JUnit4Provider.java:252)
	at org.apache.maven.surefire.junit4.JUnit4Provider.executeTestSet(JUnit4Provider.java:141)
	at org.apache.maven.surefire.junit4.JUnit4Provider.invoke(JUnit4Provider.java:112)
	at sun.reflect.NativeMethodAccessorImpl.invoke0(Native Method)
	at sun.reflect.NativeMethodAccessorImpl.invoke(NativeMethodAccessorImpl.java:62)
	at sun.reflect.DelegatingMethodAccessorImpl.invoke(DelegatingMethodAccessorImpl.java:43)
	at java.lang.reflect.Method.invoke(Method.java:498)
	at org.apache.maven.surefire.util.ReflectionUtils.invokeMethodWithArray(ReflectionUtils.java:189)
	at org.apache.maven.surefire.booter.ProviderFactory$ProviderProxy.invoke(ProviderFactory.java:165)
	at org.apache.maven.surefire.booter.ProviderFactory.invokeProvider(ProviderFactory.java:85)
	at org.apache.maven.surefire.booter.ForkedBooter.runSuitesInProcess(ForkedBooter.java:115)
	at org.apache.maven.surefire.booter.ForkedBooter.main(ForkedBooter.java:75)
Caused by: java.lang.RuntimeException: java.io.IOException: failure to login
	at org.apache.accumulo.core.client.mock.MockInstance.getDefaultFileSystem(MockInstance.java:71)
	at org.apache.accumulo.core.client.mock.MockInstance.<init>(MockInstance.java:60)
	at org.apache.accumulo.proxy.ProxyServer.<init>(ProxyServer.java:157)
	... 28 more
Caused by: java.io.IOException: failure to login
	at org.apache.hadoop.security.UserGroupInformation.getLoginUser(UserGroupInformation.java:555)
	at org.apache.hadoop.security.UserGroupInformation.getCurrentUser(UserGroupInformation.java:505)
	at org.apache.hadoop.fs.FileSystem$Cache$Key.<init>(FileSystem.java:1554)
	at org.apache.hadoop.fs.FileSystem$Cache.get(FileSystem.java:1455)
	at org.apache.hadoop.fs.FileSystem.get(FileSystem.java:263)
	at org.apache.hadoop.fs.FileSystem.get(FileSystem.java:124)
	at org.apache.accumulo.core.client.mock.MockInstance.getDefaultFileSystem(MockInstance.java:69)
	... 30 more
Caused by: javax.security.auth.login.LoginException: java.lang.IllegalArgumentException: Illegal principal name user
	at org.apache.hadoop.security.User.<init>(User.java:46)
	at org.apache.hadoop.security.User.<init>(User.java:39)
	at org.apache.hadoop.security.UserGroupInformation$HadoopLoginModule.commit(UserGroupInformation.java:131)
	at sun.reflect.NativeMethodAccessorImpl.invoke0(Native Method)
	at sun.reflect.NativeMethodAccessorImpl.invoke(NativeMethodAccessorImpl.java:62)
	at sun.reflect.DelegatingMethodAccessorImpl.invoke(DelegatingMethodAccessorImpl.java:43)
	at java.lang.reflect.Method.invoke(Method.java:498)
	at javax.security.auth.login.LoginContext.invoke(LoginContext.java:755)
	at javax.security.auth.login.LoginContext.access$000(LoginContext.java:195)
	at javax.security.auth.login.LoginContext$4.run(LoginContext.java:682)
	at javax.security.auth.login.LoginContext$4.run(LoginContext.java:680)
	at java.security.AccessController.doPrivileged(Native Method)
	at javax.security.auth.login.LoginContext.invokePriv(LoginContext.java:680)
	at javax.security.auth.login.LoginContext.login(LoginContext.java:588)
	at org.apache.hadoop.security.UserGroupInformation.getLoginUser(UserGroupInformation.java:527)
	at org.apache.hadoop.security.UserGroupInformation.getCurrentUser(UserGroupInformation.java:505)
	at org.apache.hadoop.fs.FileSystem$Cache$Key.<init>(FileSystem.java:1554)
	at org.apache.hadoop.fs.FileSystem$Cache.get(FileSystem.java:1455)
	at org.apache.hadoop.fs.FileSystem.get(FileSystem.java:263)
	at org.apache.hadoop.fs.FileSystem.get(FileSystem.java:124)
	at org.apache.accumulo.core.client.mock.MockInstance.getDefaultFileSystem(MockInstance.java:69)
	at org.apache.accumulo.core.client.mock.MockInstance.<init>(MockInstance.java:60)
	at org.apache.accumulo.proxy.ProxyServer.<init>(ProxyServer.java:157)
	at sun.reflect.NativeConstructorAccessorImpl.newInstance0(Native Method)
	at sun.reflect.NativeConstructorAccessorImpl.newInstance(NativeConstructorAccessorImpl.java:62)
	at sun.reflect.DelegatingConstructorAccessorImpl.newInstance(DelegatingConstructorAccessorImpl.java:45)
	at java.lang.reflect.Constructor.newInstance(Constructor.java:423)
	at org.apache.accumulo.proxy.Proxy.createProxyServer(Proxy.java:127)
	at org.apache.accumulo.proxy.TestProxySecurityOperations.setup(TestProxySecurityOperations.java:61)
	at sun.reflect.NativeMethodAccessorImpl.invoke0(Native Method)
	at sun.reflect.NativeMethodAccessorImpl.invoke(NativeMethodAccessorImpl.java:62)
	at sun.reflect.DelegatingMethodAccessorImpl.invoke(DelegatingMethodAccessorImpl.java:43)
	at java.lang.reflect.Method.invoke(Method.java:498)
	at org.junit.runners.model.FrameworkMethod$1.runReflectiveCall(FrameworkMethod.java:47)
	at org.junit.internal.runners.model.ReflectiveCallable.run(ReflectiveCallable.java:12)
	at org.junit.runners.model.FrameworkMethod.invokeExplosively(FrameworkMethod.java:44)
	at org.junit.internal.runners.statements.RunBefores.evaluate(RunBefores.java:24)
	at org.junit.internal.runners.statements.RunAfters.evaluate(RunAfters.java:27)
	at org.junit.runners.ParentRunner.run(ParentRunner.java:309)
	at org.apache.maven.surefire.junit4.JUnit4Provider.execute(JUnit4Provider.java:252)
	at org.apache.maven.surefire.junit4.JUnit4Provider.executeTestSet(JUnit4Provider.java:141)
	at org.apache.maven.surefire.junit4.JUnit4Provider.invoke(JUnit4Provider.java:112)
	at sun.reflect.NativeMethodAccessorImpl.invoke0(Native Method)
	at sun.reflect.NativeMethodAccessorImpl.invoke(NativeMethodAccessorImpl.java:62)
	at sun.reflect.DelegatingMethodAccessorImpl.invoke(DelegatingMethodAccessorImpl.java:43)
	at java.lang.reflect.Method.invoke(Method.java:498)
	at org.apache.maven.surefire.util.ReflectionUtils.invokeMethodWithArray(ReflectionUtils.java:189)
	at org.apache.maven.surefire.booter.ProviderFactory$ProviderProxy.invoke(ProviderFactory.java:165)
	at org.apache.maven.surefire.booter.ProviderFactory.invokeProvider(ProviderFactory.java:85)
	at org.apache.maven.surefire.booter.ForkedBooter.runSuitesInProcess(ForkedBooter.java:115)
	at org.apache.maven.surefire.booter.ForkedBooter.main(ForkedBooter.java:75)
Caused by: org.apache.hadoop.security.KerberosName$NoMatchingRule: No rules applied to user
	at org.apache.hadoop.security.KerberosName.getShortName(KerberosName.java:390)
	at org.apache.hadoop.security.User.<init>(User.java:44)
	... 50 more

	at javax.security.auth.login.LoginContext.invoke(LoginContext.java:856)
	at javax.security.auth.login.LoginContext.access$000(LoginContext.java:195)
	at javax.security.auth.login.LoginContext$4.run(LoginContext.java:682)
	at javax.security.auth.login.LoginContext$4.run(LoginContext.java:680)
	at java.security.AccessController.doPrivileged(Native Method)
	at javax.security.auth.login.LoginContext.invokePriv(LoginContext.java:680)
	at javax.security.auth.login.LoginContext.login(LoginContext.java:588)
	at org.apache.hadoop.security.UserGroupInformation.getLoginUser(UserGroupInformation.java:527)
	... 36 more

org.apache.accumulo.proxy.TestProxySecurityOperations  Time elapsed: 0.007 sec  <<< ERROR!
java.lang.NullPointerException
	at org.apache.accumulo.proxy.TestProxySecurityOperations.tearDown(TestProxySecurityOperations.java:77)
	at sun.reflect.NativeMethodAccessorImpl.invoke0(Native Method)
	at sun.reflect.NativeMethodAccessorImpl.invoke(NativeMethodAccessorImpl.java:62)
	at sun.reflect.DelegatingMethodAccessorImpl.invoke(DelegatingMethodAccessorImpl.java:43)
	at java.lang.reflect.Method.invoke(Method.java:498)
	at org.junit.runners.model.FrameworkMethod$1.runReflectiveCall(FrameworkMethod.java:47)
	at org.junit.internal.runners.model.ReflectiveCallable.run(ReflectiveCallable.java:12)
	at org.junit.runners.model.FrameworkMethod.invokeExplosively(FrameworkMethod.java:44)
	at org.junit.internal.runners.statements.RunAfters.evaluate(RunAfters.java:33)
	at org.junit.runners.ParentRunner.run(ParentRunner.java:309)
	at org.apache.maven.surefire.junit4.JUnit4Provider.execute(JUnit4Provider.java:252)
	at org.apache.maven.surefire.junit4.JUnit4Provider.executeTestSet(JUnit4Provider.java:141)
	at org.apache.maven.surefire.junit4.JUnit4Provider.invoke(JUnit4Provider.java:112)
	at sun.reflect.NativeMethodAccessorImpl.invoke0(Native Method)
	at sun.reflect.NativeMethodAccessorImpl.invoke(NativeMethodAccessorImpl.java:62)
	at sun.reflect.DelegatingMethodAccessorImpl.invoke(DelegatingMethodAccessorImpl.java:43)
	at java.lang.reflect.Method.invoke(Method.java:498)
	at org.apache.maven.surefire.util.ReflectionUtils.invokeMethodWithArray(ReflectionUtils.java:189)
	at org.apache.maven.surefire.booter.ProviderFactory$ProviderProxy.invoke(ProviderFactory.java:165)
	at org.apache.maven.surefire.booter.ProviderFactory.invokeProvider(ProviderFactory.java:85)
	at org.apache.maven.surefire.booter.ForkedBooter.runSuitesInProcess(ForkedBooter.java:115)
	at org.apache.maven.surefire.booter.ForkedBooter.main(ForkedBooter.java:75)


Results :

Tests in error: 
  org.apache.accumulo.proxy.TestProxyReadWrite
  org.apache.accumulo.proxy.TestProxyReadWrite
  org.apache.accumulo.proxy.TestProxyInstanceOperations
  org.apache.accumulo.proxy.TestProxyInstanceOperations
  org.apache.accumulo.proxy.TestProxyTableOperations
  org.apache.accumulo.proxy.TestProxyTableOperations
  org.apache.accumulo.proxy.SimpleTest: Initialize process returned 1. Check the logs in /tmp/junit8334446722262094175/logs for errors.
  org.apache.accumulo.proxy.TestProxySecurityOperations
  org.apache.accumulo.proxy.TestProxySecurityOperations

Tests run: 9, Failures: 0, Errors: 9, Skipped: 0

[[1;34mINFO[m] [1m------------------------------------------------------------------------[m
[[1;34mINFO[m] [1;31mBUILD FAILURE[m
[[1;34mINFO[m] [1m------------------------------------------------------------------------[m
[[1;34mINFO[m] Total time:  3.501 s
[[1;34mINFO[m] Finished at: 2022-07-29T21:35:43-07:00
[[1;34mINFO[m] [1m------------------------------------------------------------------------[m
[[1;31mERROR[m] Failed to execute goal [32morg.apache.maven.plugins:maven-surefire-plugin:2.12.4:test[m [1m(default-test)[m on project [36maccumulo-proxy[m: [1;31mThere are test failures.[m
[[1;31mERROR[m] [1;31m[m
[[1;31mERROR[m] [1;31mPlease refer to /home/user/Reproducibility-Scanner/benchmarks/bugs-dot-jar/accumulo/proxy/target/surefire-reports for the individual test results.[m
[[1;31mERROR[m] -> [1m[Help 1][m
[[1;31mERROR[m] 
[[1;31mERROR[m] To see the full stack trace of the errors, re-run Maven with the [1m-e[m switch.
[[1;31mERROR[m] Re-run Maven using the [1m-X[m switch to enable full debug logging.
[[1;31mERROR[m] 
[[1;31mERROR[m] For more information about the errors and possible solutions, please read the following articles:
[[1;31mERROR[m] [1m[Help 1][m http://cwiki.apache.org/confluence/display/MAVEN/MojoFailureException