[[1;34mINFO[m] Scanning for projects...
[[1;33mWARNING[m] 
[[1;33mWARNING[m] Some problems were encountered while building the effective model for org.apache.maven:maven-core:jar:2.1-SNAPSHOT
[[1;33mWARNING[m] The expression ${version} is deprecated. Please use ${project.version} instead.
[[1;33mWARNING[m] 
[[1;33mWARNING[m] Some problems were encountered while building the effective model for org.apache.maven:maven-cli:jar:2.1-SNAPSHOT
[[1;33mWARNING[m] The expression ${version} is deprecated. Please use ${project.version} instead.
[[1;33mWARNING[m] 
[[1;33mWARNING[m] It is highly recommended to fix these problems because they threaten the stability of your build.
[[1;33mWARNING[m] 
[[1;33mWARNING[m] For this reason, future Maven versions might no longer support building such malformed projects.
[[1;33mWARNING[m] 
[[1;34mINFO[m] [1m------------------------------------------------------------------------[m
[[1;34mINFO[m] [1mReactor Build Order:[m
[[1;34mINFO[m] 
[[1;34mINFO[m] Maven                                                              [pom]
[[1;34mINFO[m] Maven Artifact                                                     [jar]
[[1;34mINFO[m] Maven Repository Metadata Model                                    [jar]
[[1;34mINFO[m] Maven Artifact Manager                                             [jar]
[[1;34mINFO[m] Maven Model                                                        [jar]
[[1;34mINFO[m] Maven Local Settings Model                                         [jar]
[[1;34mINFO[m] Maven Artifact Test Helper Library                                 [jar]
[[1;34mINFO[m] Maven Plugin Parameter Documenter API                              [jar]
[[1;34mINFO[m] Maven Reporting                                                    [pom]
[[1;34mINFO[m] Maven Reporting API                                                [jar]
[[1;34mINFO[m] Maven Profile Model                                                [jar]
[[1;34mINFO[m] Maven Error Diagnostics                                            [jar]
[[1;34mINFO[m] Maven Tools                                                        [jar]
[[1;34mINFO[m] Maven Project Builder                                              [jar]
[[1;34mINFO[m] Maven Plugin Registry Model                                        [jar]
[[1;34mINFO[m] Maven Plugin API                                                   [jar]
[[1;34mINFO[m] Maven Plugin Descriptor Model                                      [jar]
[[1;34mINFO[m] Maven Monitor                                                      [jar]
[[1;34mINFO[m] Maven Core                                                         [jar]
[[1;34mINFO[m] Maven Plugin Tools Base POM                                        [pom]
[[1;34mINFO[m] Maven Plugin Tools APIs                                            [jar]
[[1;34mINFO[m] Maven Plugin Tools for Java                                        [jar]
[[1;34mINFO[m] Maven Plugin Tools for Beanshell                                   [jar]
[[1;34mINFO[m] Maven Pluggy Simplistic Plugin Generator                           [jar]
[[1;34mINFO[m] Maven Plugin Metadata Model                                        [jar]
[[1;34mINFO[m] Maven Ant Plugin Tools                                             [jar]
[[1;34mINFO[m] Maven Reporting Implementation                                     [jar]
[[1;34mINFO[m] Maven Script Support Root                                          [pom]
[[1;34mINFO[m] Maven Ant Mojo Support                                             [jar]
[[1;34mINFO[m] Maven Beanshell Mojo Support                                       [jar]
[[1;34mINFO[m] Maven Embedder                                                     [jar]
[[1;34mINFO[m] Maven Core - CLI                                                   [jar]
[[1;34mINFO[m] 
[[1;34mINFO[m] [1m-----------------------< [0;36morg.apache.maven:maven[0;1m >-----------------------[m
[[1;34mINFO[m] [1mBuilding Maven 2.1-SNAPSHOT                                       [1/32][m
[[1;34mINFO[m] [1m--------------------------------[ pom ]---------------------------------[m
[[1;34mINFO[m] 
[[1;34mINFO[m] [1m--- [0;32mmaven-install-plugin:2.4:install[m [1m(default-install)[m @ [36mmaven[0;1m ---[m
[[1;34mINFO[m] Installing /home/user/Workspace/reproducibility/Reproducibility-Scanner/benchmarks/bugs-dot-jar/maven/pom.xml to /home/user/.m2/repository/org/apache/maven/maven/2.1-SNAPSHOT/maven-2.1-SNAPSHOT.pom
[[1;34mINFO[m] 
[[1;34mINFO[m] [1m------------------< [0;36morg.apache.maven:maven-artifact[0;1m >-------------------[m
[[1;34mINFO[m] [1mBuilding Maven Artifact 2.1-SNAPSHOT                              [2/32][m
[[1;34mINFO[m] [1m--------------------------------[ jar ]---------------------------------[m
[[1;34mINFO[m] 
[[1;34mINFO[m] [1m--- [0;32mmaven-resources-plugin:2.6:resources[m [1m(default-resources)[m @ [36mmaven-artifact[0;1m ---[m
[[1;33mWARNING[m] Using platform encoding (UTF-8 actually) to copy filtered resources, i.e. build is platform dependent!
[[1;34mINFO[m] Copying 1 resource
[[1;34mINFO[m] 
[[1;34mINFO[m] [1m--- [0;32mmaven-compiler-plugin:3.1:compile[m [1m(default-compile)[m @ [36mmaven-artifact[0;1m ---[m
[[1;34mINFO[m] Changes detected - recompiling the module!
[[1;33mWARNING[m] File encoding has not been set, using platform encoding UTF-8, i.e. build is platform dependent!
[[1;34mINFO[m] Compiling 62 source files to /home/user/Workspace/reproducibility/Reproducibility-Scanner/benchmarks/bugs-dot-jar/maven/maven-artifact/target/classes
[[1;33mWARNING[m] /home/user/Workspace/reproducibility/Reproducibility-Scanner/benchmarks/bugs-dot-jar/maven/maven-artifact/src/main/java/org/apache/maven/artifact/resolver/filter/AndArtifactFilter.java: Some input files use unchecked or unsafe operations.
[[1;33mWARNING[m] /home/user/Workspace/reproducibility/Reproducibility-Scanner/benchmarks/bugs-dot-jar/maven/maven-artifact/src/main/java/org/apache/maven/artifact/resolver/filter/AndArtifactFilter.java: Recompile with -Xlint:unchecked for details.
[[1;34mINFO[m] 
[[1;34mINFO[m] [1m--- [0;32mmaven-resources-plugin:2.6:testResources[m [1m(default-testResources)[m @ [36mmaven-artifact[0;1m ---[m
[[1;33mWARNING[m] Using platform encoding (UTF-8 actually) to copy filtered resources, i.e. build is platform dependent!
[[1;34mINFO[m] skip non existing resourceDirectory /home/user/Workspace/reproducibility/Reproducibility-Scanner/benchmarks/bugs-dot-jar/maven/maven-artifact/src/test/resources
[[1;34mINFO[m] 
[[1;34mINFO[m] [1m--- [0;32mmaven-compiler-plugin:3.1:testCompile[m [1m(default-testCompile)[m @ [36mmaven-artifact[0;1m ---[m
[[1;34mINFO[m] Changes detected - recompiling the module!
[[1;33mWARNING[m] File encoding has not been set, using platform encoding UTF-8, i.e. build is platform dependent!
[[1;34mINFO[m] Compiling 6 source files to /home/user/Workspace/reproducibility/Reproducibility-Scanner/benchmarks/bugs-dot-jar/maven/maven-artifact/target/test-classes
[[1;33mWARNING[m] /home/user/Workspace/reproducibility/Reproducibility-Scanner/benchmarks/bugs-dot-jar/maven/maven-artifact/src/test/java/org/apache/maven/artifact/resolver/DefaultArtifactCollectorTest.java: /home/user/Workspace/reproducibility/Reproducibility-Scanner/benchmarks/bugs-dot-jar/maven/maven-artifact/src/test/java/org/apache/maven/artifact/resolver/DefaultArtifactCollectorTest.java uses unchecked or unsafe operations.
[[1;33mWARNING[m] /home/user/Workspace/reproducibility/Reproducibility-Scanner/benchmarks/bugs-dot-jar/maven/maven-artifact/src/test/java/org/apache/maven/artifact/resolver/DefaultArtifactCollectorTest.java: Recompile with -Xlint:unchecked for details.
[[1;34mINFO[m] 
[[1;34mINFO[m] [1m--- [0;32mmaven-surefire-plugin:2.12.4:test[m [1m(default-test)[m @ [36mmaven-artifact[0;1m ---[m
[[1;34mINFO[m] Tests are skipped.
[[1;34mINFO[m] 
[[1;34mINFO[m] [1m--- [0;32mmaven-jar-plugin:2.4:jar[m [1m(default-jar)[m @ [36mmaven-artifact[0;1m ---[m
[[1;34mINFO[m] Building jar: /home/user/Workspace/reproducibility/Reproducibility-Scanner/benchmarks/bugs-dot-jar/maven/maven-artifact/target/maven-artifact-2.1-SNAPSHOT.jar
[[1;34mINFO[m] 
[[1;34mINFO[m] [1m--- [0;32mmaven-install-plugin:2.4:install[m [1m(default-install)[m @ [36mmaven-artifact[0;1m ---[m
[[1;34mINFO[m] Installing /home/user/Workspace/reproducibility/Reproducibility-Scanner/benchmarks/bugs-dot-jar/maven/maven-artifact/target/maven-artifact-2.1-SNAPSHOT.jar to /home/user/.m2/repository/org/apache/maven/maven-artifact/2.1-SNAPSHOT/maven-artifact-2.1-SNAPSHOT.jar
[[1;34mINFO[m] Installing /home/user/Workspace/reproducibility/Reproducibility-Scanner/benchmarks/bugs-dot-jar/maven/maven-artifact/pom.xml to /home/user/.m2/repository/org/apache/maven/maven-artifact/2.1-SNAPSHOT/maven-artifact-2.1-SNAPSHOT.pom
[[1;34mINFO[m] 
[[1;34mINFO[m] [1m-------------< [0;36morg.apache.maven:maven-repository-metadata[0;1m >-------------[m
[[1;34mINFO[m] [1mBuilding Maven Repository Metadata Model 2.1-SNAPSHOT             [3/32][m
[[1;34mINFO[m] [1m--------------------------------[ jar ]---------------------------------[m
Downloading from central: https://repo.maven.apache.org/maven2/org/codehaus/modello/modello-maven-plugin/1.0-alpha-8/modello-maven-plugin-1.0-alpha-8.pom
Progress (1): 2.6 kB                    Downloaded from central: https://repo.maven.apache.org/maven2/org/codehaus/modello/modello-maven-plugin/1.0-alpha-8/modello-maven-plugin-1.0-alpha-8.pom (2.6 kB at 4.8 kB/s)
Downloading from central: https://repo.maven.apache.org/maven2/org/codehaus/modello/modello/1.0-alpha-8/modello-1.0-alpha-8.pom
Progress (1): 2.7/8.9 kBProgress (1): 5.5/8.9 kBProgress (1): 8.2/8.9 kBProgress (1): 8.9 kB                        Downloaded from central: https://repo.maven.apache.org/maven2/org/codehaus/modello/modello/1.0-alpha-8/modello-1.0-alpha-8.pom (8.9 kB at 37 kB/s)
Downloading from central: https://repo.maven.apache.org/maven2/org/codehaus/modello/modello-maven-plugin/1.0-alpha-8/modello-maven-plugin-1.0-alpha-8.jar
Progress (1): 2.7/12 kBProgress (1): 5.5/12 kBProgress (1): 8.2/12 kBProgress (1): 11/12 kB Progress (1): 12 kB                      Downloaded from central: https://repo.maven.apache.org/maven2/org/codehaus/modello/modello-maven-plugin/1.0-alpha-8/modello-maven-plugin-1.0-alpha-8.jar (12 kB at 74 kB/s)
[[1;34mINFO[m] 
[[1;34mINFO[m] [1m--- [0;32mmodello-maven-plugin:1.0-alpha-8:java[m [1m(default)[m @ [36mmaven-repository-metadata[0;1m ---[m
Downloading from central: https://repo.maven.apache.org/maven2/org/codehaus/modello/modello-plugin-xdoc/1.0-alpha-8/modello-plugin-xdoc-1.0-alpha-8.pom
Progress (1): 645 B                   Downloaded from central: https://repo.maven.apache.org/maven2/org/codehaus/modello/modello-plugin-xdoc/1.0-alpha-8/modello-plugin-xdoc-1.0-alpha-8.pom (645 B at 3.9 kB/s)
Downloading from central: https://repo.maven.apache.org/maven2/org/codehaus/modello/modello-plugins/1.0-alpha-8/modello-plugins-1.0-alpha-8.pom
Progress (1): 1.5 kB                    Downloaded from central: https://repo.maven.apache.org/maven2/org/codehaus/modello/modello-plugins/1.0-alpha-8/modello-plugins-1.0-alpha-8.pom (1.5 kB at 4.7 kB/s)
Downloading from central: https://repo.maven.apache.org/maven2/org/codehaus/modello/modello-plugin-xml/1.0-alpha-8/modello-plugin-xml-1.0-alpha-8.pom
Progress (1): 440 B                   Downloaded from central: https://repo.maven.apache.org/maven2/org/codehaus/modello/modello-plugin-xml/1.0-alpha-8/modello-plugin-xml-1.0-alpha-8.pom (440 B at 3.0 kB/s)
Downloading from central: https://repo.maven.apache.org/maven2/org/codehaus/modello/modello-core/1.0-alpha-8/modello-core-1.0-alpha-8.pom
Progress (1): 821 B                   Downloaded from central: https://repo.maven.apache.org/maven2/org/codehaus/modello/modello-core/1.0-alpha-8/modello-core-1.0-alpha-8.pom (821 B at 4.6 kB/s)
Downloading from central: https://repo.maven.apache.org/maven2/org/codehaus/modello/modello-plugin-prevayler/1.0-alpha-8/modello-plugin-prevayler-1.0-alpha-8.pom
Progress (1): 657 B                   Downloaded from central: https://repo.maven.apache.org/maven2/org/codehaus/modello/modello-plugin-prevayler/1.0-alpha-8/modello-plugin-prevayler-1.0-alpha-8.pom (657 B at 3.0 kB/s)
Downloading from central: https://repo.maven.apache.org/maven2/org/codehaus/modello/modello-plugin-store/1.0-alpha-8/modello-plugin-store-1.0-alpha-8.pom
Progress (1): 606 B                   Downloaded from central: https://repo.maven.apache.org/maven2/org/codehaus/modello/modello-plugin-store/1.0-alpha-8/modello-plugin-store-1.0-alpha-8.pom (606 B at 3.8 kB/s)
Downloading from central: https://repo.maven.apache.org/maven2/org/codehaus/modello/modello-plugin-xsd/1.0-alpha-8/modello-plugin-xsd-1.0-alpha-8.pom
Progress (1): 643 B                   Downloaded from central: https://repo.maven.apache.org/maven2/org/codehaus/modello/modello-plugin-xsd/1.0-alpha-8/modello-plugin-xsd-1.0-alpha-8.pom (643 B at 2.2 kB/s)
Downloading from central: https://repo.maven.apache.org/maven2/org/codehaus/modello/modello-plugin-jpox/1.0-alpha-8/modello-plugin-jpox-1.0-alpha-8.pom
Progress (1): 647 B                   Downloaded from central: https://repo.maven.apache.org/maven2/org/codehaus/modello/modello-plugin-jpox/1.0-alpha-8/modello-plugin-jpox-1.0-alpha-8.pom (647 B at 4.2 kB/s)
Downloading from central: https://repo.maven.apache.org/maven2/org/codehaus/modello/modello-plugin-xpp3/1.0-alpha-8/modello-plugin-xpp3-1.0-alpha-8.pom
Progress (1): 800 B                   Downloaded from central: https://repo.maven.apache.org/maven2/org/codehaus/modello/modello-plugin-xpp3/1.0-alpha-8/modello-plugin-xpp3-1.0-alpha-8.pom (800 B at 5.4 kB/s)
Downloading from central: https://repo.maven.apache.org/maven2/org/codehaus/modello/modello-plugin-xdoc/1.0-alpha-8/modello-plugin-xdoc-1.0-alpha-8.jar
Downloading from central: https://repo.maven.apache.org/maven2/org/codehaus/modello/modello-plugin-prevayler/1.0-alpha-8/modello-plugin-prevayler-1.0-alpha-8.jar
Downloading from central: https://repo.maven.apache.org/maven2/org/codehaus/modello/modello-plugin-xsd/1.0-alpha-8/modello-plugin-xsd-1.0-alpha-8.jar
Downloading from central: https://repo.maven.apache.org/maven2/org/codehaus/modello/modello-plugin-store/1.0-alpha-8/modello-plugin-store-1.0-alpha-8.jar
Downloading from central: https://repo.maven.apache.org/maven2/org/codehaus/modello/modello-plugin-xml/1.0-alpha-8/modello-plugin-xml-1.0-alpha-8.jar
Progress (1): 2.7/6.9 kBProgress (2): 2.7/6.9 kB | 2.7/8.6 kBProgress (3): 2.7/6.9 kB | 2.7/8.6 kB | 2.7/9.9 kBProgress (3): 2.7/6.9 kB | 2.7/8.6 kB | 5.5/9.9 kBProgress (3): 2.7/6.9 kB | 5.5/8.6 kB | 5.5/9.9 kBProgress (3): 5.5/6.9 kB | 5.5/8.6 kB | 5.5/9.9 kBProgress (3): 5.5/6.9 kB | 8.2/8.6 kB | 5.5/9.9 kBProgress (3): 5.5/6.9 kB | 8.2/8.6 kB | 8.2/9.9 kBProgress (3): 5.5/6.9 kB | 8.6 kB | 8.2/9.9 kB    Progress (3): 6.9 kB | 8.6 kB | 8.2/9.9 kB    Progress (3): 6.9 kB | 8.6 kB | 9.9 kB                                          Downloaded from central: https://repo.maven.apache.org/maven2/org/codehaus/modello/modello-plugin-xml/1.0-alpha-8/modello-plugin-xml-1.0-alpha-8.jar (9.9 kB at 54 kB/s)
Downloading from central: https://repo.maven.apache.org/maven2/org/codehaus/modello/modello-plugin-jpox/1.0-alpha-8/modello-plugin-jpox-1.0-alpha-8.jar
Downloaded from central: https://repo.maven.apache.org/maven2/org/codehaus/modello/modello-plugin-prevayler/1.0-alpha-8/modello-plugin-prevayler-1.0-alpha-8.jar (6.9 kB at 37 kB/s)
Downloading from central: https://repo.maven.apache.org/maven2/org/codehaus/modello/modello-core/1.0-alpha-8/modello-core-1.0-alpha-8.jar
Downloaded from central: https://repo.maven.apache.org/maven2/org/codehaus/modello/modello-plugin-xsd/1.0-alpha-8/modello-plugin-xsd-1.0-alpha-8.jar (8.6 kB at 46 kB/s)
Downloading from central: https://repo.maven.apache.org/maven2/org/codehaus/modello/modello-plugin-xpp3/1.0-alpha-8/modello-plugin-xpp3-1.0-alpha-8.jar
Progress (1): 2.7/16 kBProgress (1): 5.5/16 kBProgress (1): 8.2/16 kBProgress (1): 11/16 kB Progress (1): 14/16 kBProgress (1): 16/16 kBProgress (1): 16 kB   Progress (2): 16 kB | 4.1/24 kBProgress (2): 16 kB | 8.2/24 kBProgress (2): 16 kB | 12/24 kB Progress (2): 16 kB | 16/24 kBProgress (2): 16 kB | 20/24 kBProgress (2): 16 kB | 24 kB   Progress (3): 16 kB | 24 kB | 2.7/8.2 kBProgress (4): 16 kB | 24 kB | 2.7/8.2 kB | 2.7/158 kBProgress (4): 16 kB | 24 kB | 5.5/8.2 kB | 2.7/158 kBProgress (4): 16 kB | 24 kB | 5.5/8.2 kB | 5.5/158 kBProgress (4): 16 kB | 24 kB | 8.2 kB | 5.5/158 kB    Progress (4): 16 kB | 24 kB | 8.2 kB | 8.2/158 kBProgress (4): 16 kB | 24 kB | 8.2 kB | 11/158 kB Progress (4): 16 kB | 24 kB | 8.2 kB | 14/158 kBProgress (4): 16 kB | 24 kB | 8.2 kB | 16/158 kBProgress (4): 16 kB | 24 kB | 8.2 kB | 19/158 kBProgress (4): 16 kB | 24 kB | 8.2 kB | 21/158 kB                                                Downloaded from central: https://repo.maven.apache.org/maven2/org/codehaus/modello/modello-plugin-xpp3/1.0-alpha-8/modello-plugin-xpp3-1.0-alpha-8.jar (24 kB at 88 kB/s)
Progress (3): 16 kB | 8.2 kB | 24/158 kBProgress (3): 16 kB | 8.2 kB | 27/158 kBProgress (3): 16 kB | 8.2 kB | 30/158 kBProgress (3): 16 kB | 8.2 kB | 32/158 kBProgress (3): 16 kB | 8.2 kB | 35/158 kBProgress (3): 16 kB | 8.2 kB | 38/158 kBProgress (3): 16 kB | 8.2 kB | 40/158 kBProgress (3): 16 kB | 8.2 kB | 43/158 kBProgress (3): 16 kB | 8.2 kB | 46/158 kBProgress (3): 16 kB | 8.2 kB | 49/158 kBProgress (3): 16 kB | 8.2 kB | 53/158 kBProgress (3): 16 kB | 8.2 kB | 57/158 kBProgress (3): 16 kB | 8.2 kB | 61/158 kBProgress (3): 16 kB | 8.2 kB | 65/158 kBProgress (3): 16 kB | 8.2 kB | 69/158 kBProgress (3): 16 kB | 8.2 kB | 73/158 kBProgress (3): 16 kB | 8.2 kB | 77/158 kBProgress (3): 16 kB | 8.2 kB | 81/158 kBProgress (3): 16 kB | 8.2 kB | 85/158 kBProgress (3): 16 kB | 8.2 kB | 90/158 kBProgress (3): 16 kB | 8.2 kB | 94/158 kBProgress (3): 16 kB | 8.2 kB | 98/158 kBProgress (3): 16 kB | 8.2 kB | 102/158 kBProgress (3): 16 kB | 8.2 kB | 106/158 kBProgress (3): 16 kB | 8.2 kB | 110/158 kBProgress (3): 16 kB | 8.2 kB | 114/158 kBProgress (3): 16 kB | 8.2 kB | 118/158 kBProgress (3): 16 kB | 8.2 kB | 122/158 kBProgress (3): 16 kB | 8.2 kB | 126/158 kBProgress (3): 16 kB | 8.2 kB | 131/158 kBProgress (3): 16 kB | 8.2 kB | 135/158 kBProgress (3): 16 kB | 8.2 kB | 139/158 kBProgress (3): 16 kB | 8.2 kB | 143/158 kBProgress (3): 16 kB | 8.2 kB | 147/158 kBProgress (3): 16 kB | 8.2 kB | 151/158 kBProgress (3): 16 kB | 8.2 kB | 155/158 kBProgress (3): 16 kB | 8.2 kB | 158 kB                                         Downloaded from central: https://repo.maven.apache.org/maven2/org/codehaus/modello/modello-plugin-store/1.0-alpha-8/modello-plugin-store-1.0-alpha-8.jar (16 kB at 52 kB/s)
Downloaded from central: https://repo.maven.apache.org/maven2/org/codehaus/modello/modello-plugin-xdoc/1.0-alpha-8/modello-plugin-xdoc-1.0-alpha-8.jar (8.2 kB at 24 kB/s)
Downloaded from central: https://repo.maven.apache.org/maven2/org/codehaus/modello/modello-core/1.0-alpha-8/modello-core-1.0-alpha-8.jar (158 kB at 432 kB/s)
Progress (1): 2.7/19 kBProgress (1): 5.5/19 kBProgress (1): 8.2/19 kBProgress (1): 11/19 kB Progress (1): 14/19 kBProgress (1): 16/19 kBProgress (1): 19/19 kBProgress (1): 19 kB                      Downloaded from central: https://repo.maven.apache.org/maven2/org/codehaus/modello/modello-plugin-jpox/1.0-alpha-8/modello-plugin-jpox-1.0-alpha-8.jar (19 kB at 41 kB/s)
[[1;34mINFO[m] outputDirectory: /home/user/Workspace/reproducibility/Reproducibility-Scanner/benchmarks/bugs-dot-jar/maven/maven-repository-metadata/target/generated-sources/modello
[[1;34mINFO[m] 
[[1;34mINFO[m] [1m--- [0;32mmodello-maven-plugin:1.0-alpha-8:xpp3-reader[m [1m(default)[m @ [36mmaven-repository-metadata[0;1m ---[m
[[1;34mINFO[m] outputDirectory: /home/user/Workspace/reproducibility/Reproducibility-Scanner/benchmarks/bugs-dot-jar/maven/maven-repository-metadata/target/generated-sources/modello
[[1;34mINFO[m] 
[[1;34mINFO[m] [1m--- [0;32mmodello-maven-plugin:1.0-alpha-8:xpp3-writer[m [1m(default)[m @ [36mmaven-repository-metadata[0;1m ---[m
[[1;34mINFO[m] outputDirectory: /home/user/Workspace/reproducibility/Reproducibility-Scanner/benchmarks/bugs-dot-jar/maven/maven-repository-metadata/target/generated-sources/modello
[[1;34mINFO[m] 
[[1;34mINFO[m] [1m--- [0;32mmaven-resources-plugin:2.6:resources[m [1m(default-resources)[m @ [36mmaven-repository-metadata[0;1m ---[m
[[1;33mWARNING[m] Using platform encoding (UTF-8 actually) to copy filtered resources, i.e. build is platform dependent!
[[1;34mINFO[m] skip non existing resourceDirectory /home/user/Workspace/reproducibility/Reproducibility-Scanner/benchmarks/bugs-dot-jar/maven/maven-repository-metadata/src/main/resources
[[1;34mINFO[m] 
[[1;34mINFO[m] [1m--- [0;32mmaven-compiler-plugin:3.1:compile[m [1m(default-compile)[m @ [36mmaven-repository-metadata[0;1m ---[m
[[1;34mINFO[m] Changes detected - recompiling the module!
[[1;33mWARNING[m] File encoding has not been set, using platform encoding UTF-8, i.e. build is platform dependent!
[[1;34mINFO[m] Compiling 6 source files to /home/user/Workspace/reproducibility/Reproducibility-Scanner/benchmarks/bugs-dot-jar/maven/maven-repository-metadata/target/classes
[[1;33mWARNING[m] /home/user/Workspace/reproducibility/Reproducibility-Scanner/benchmarks/bugs-dot-jar/maven/maven-repository-metadata/target/generated-sources/modello/org/apache/maven/artifact/repository/metadata/Metadata.java: Some input files use unchecked or unsafe operations.
[[1;33mWARNING[m] /home/user/Workspace/reproducibility/Reproducibility-Scanner/benchmarks/bugs-dot-jar/maven/maven-repository-metadata/target/generated-sources/modello/org/apache/maven/artifact/repository/metadata/Metadata.java: Recompile with -Xlint:unchecked for details.
[[1;34mINFO[m] 
[[1;34mINFO[m] [1m--- [0;32mmaven-resources-plugin:2.6:testResources[m [1m(default-testResources)[m @ [36mmaven-repository-metadata[0;1m ---[m
[[1;33mWARNING[m] Using platform encoding (UTF-8 actually) to copy filtered resources, i.e. build is platform dependent!
[[1;34mINFO[m] skip non existing resourceDirectory /home/user/Workspace/reproducibility/Reproducibility-Scanner/benchmarks/bugs-dot-jar/maven/maven-repository-metadata/src/test/resources
[[1;34mINFO[m] 
[[1;34mINFO[m] [1m--- [0;32mmaven-compiler-plugin:3.1:testCompile[m [1m(default-testCompile)[m @ [36mmaven-repository-metadata[0;1m ---[m
[[1;34mINFO[m] No sources to compile
[[1;34mINFO[m] 
[[1;34mINFO[m] [1m--- [0;32mmaven-surefire-plugin:2.12.4:test[m [1m(default-test)[m @ [36mmaven-repository-metadata[0;1m ---[m
[[1;34mINFO[m] Tests are skipped.
[[1;34mINFO[m] 
[[1;34mINFO[m] [1m--- [0;32mmaven-jar-plugin:2.4:jar[m [1m(default-jar)[m @ [36mmaven-repository-metadata[0;1m ---[m
[[1;34mINFO[m] Building jar: /home/user/Workspace/reproducibility/Reproducibility-Scanner/benchmarks/bugs-dot-jar/maven/maven-repository-metadata/target/maven-repository-metadata-2.1-SNAPSHOT.jar
[[1;34mINFO[m] 
[[1;34mINFO[m] [1m--- [0;32mmaven-install-plugin:2.4:install[m [1m(default-install)[m @ [36mmaven-repository-metadata[0;1m ---[m
[[1;34mINFO[m] Installing /home/user/Workspace/reproducibility/Reproducibility-Scanner/benchmarks/bugs-dot-jar/maven/maven-repository-metadata/target/maven-repository-metadata-2.1-SNAPSHOT.jar to /home/user/.m2/repository/org/apache/maven/maven-repository-metadata/2.1-SNAPSHOT/maven-repository-metadata-2.1-SNAPSHOT.jar
[[1;34mINFO[m] Installing /home/user/Workspace/reproducibility/Reproducibility-Scanner/benchmarks/bugs-dot-jar/maven/maven-repository-metadata/pom.xml to /home/user/.m2/repository/org/apache/maven/maven-repository-metadata/2.1-SNAPSHOT/maven-repository-metadata-2.1-SNAPSHOT.pom
[[1;34mINFO[m] 
[[1;34mINFO[m] [1m--------------< [0;36morg.apache.maven:maven-artifact-manager[0;1m >---------------[m
[[1;34mINFO[m] [1mBuilding Maven Artifact Manager 2.1-SNAPSHOT                      [4/32][m
[[1;34mINFO[m] [1m--------------------------------[ jar ]---------------------------------[m
Downloading from central: https://repo.maven.apache.org/maven2/org/apache/maven/wagon/wagon-file/1.0-alpha-7/wagon-file-1.0-alpha-7.pom
Progress (1): 441 B                   Downloaded from central: https://repo.maven.apache.org/maven2/org/apache/maven/wagon/wagon-file/1.0-alpha-7/wagon-file-1.0-alpha-7.pom (441 B at 2.9 kB/s)
Downloading from central: https://repo.maven.apache.org/maven2/org/apache/maven/wagon/wagon-file/1.0-alpha-7/wagon-file-1.0-alpha-7.jar
Progress (1): 2.7/4.7 kBProgress (1): 4.7 kB                        Downloaded from central: https://repo.maven.apache.org/maven2/org/apache/maven/wagon/wagon-file/1.0-alpha-7/wagon-file-1.0-alpha-7.jar (4.7 kB at 54 kB/s)
[[1;34mINFO[m] 
[[1;34mINFO[m] [1m--- [0;32mmaven-resources-plugin:2.6:resources[m [1m(default-resources)[m @ [36mmaven-artifact-manager[0;1m ---[m
[[1;33mWARNING[m] Using platform encoding (UTF-8 actually) to copy filtered resources, i.e. build is platform dependent!
[[1;34mINFO[m] Copying 1 resource
[[1;34mINFO[m] 
[[1;34mINFO[m] [1m--- [0;32mmaven-compiler-plugin:3.1:compile[m [1m(default-compile)[m @ [36mmaven-artifact-manager[0;1m ---[m
[[1;34mINFO[m] Changes detected - recompiling the module!
[[1;33mWARNING[m] File encoding has not been set, using platform encoding UTF-8, i.e. build is platform dependent!
[[1;34mINFO[m] Compiling 23 source files to /home/user/Workspace/reproducibility/Reproducibility-Scanner/benchmarks/bugs-dot-jar/maven/maven-artifact-manager/target/classes
[[1;33mWARNING[m] /home/user/Workspace/reproducibility/Reproducibility-Scanner/benchmarks/bugs-dot-jar/maven/maven-artifact-manager/src/main/java/org/apache/maven/artifact/manager/DefaultWagonManager.java: /home/user/Workspace/reproducibility/Reproducibility-Scanner/benchmarks/bugs-dot-jar/maven/maven-artifact-manager/src/main/java/org/apache/maven/artifact/manager/DefaultWagonManager.java uses or overrides a deprecated API.
[[1;33mWARNING[m] /home/user/Workspace/reproducibility/Reproducibility-Scanner/benchmarks/bugs-dot-jar/maven/maven-artifact-manager/src/main/java/org/apache/maven/artifact/manager/DefaultWagonManager.java: Recompile with -Xlint:deprecation for details.
[[1;33mWARNING[m] /home/user/Workspace/reproducibility/Reproducibility-Scanner/benchmarks/bugs-dot-jar/maven/maven-artifact-manager/src/main/java/org/apache/maven/artifact/repository/metadata/DefaultRepositoryMetadataManager.java: Some input files use unchecked or unsafe operations.
[[1;33mWARNING[m] /home/user/Workspace/reproducibility/Reproducibility-Scanner/benchmarks/bugs-dot-jar/maven/maven-artifact-manager/src/main/java/org/apache/maven/artifact/repository/metadata/DefaultRepositoryMetadataManager.java: Recompile with -Xlint:unchecked for details.
[[1;34mINFO[m] 
[[1;34mINFO[m] [1m--- [0;32mmaven-resources-plugin:2.6:testResources[m [1m(default-testResources)[m @ [36mmaven-artifact-manager[0;1m ---[m
[[1;33mWARNING[m] Using platform encoding (UTF-8 actually) to copy filtered resources, i.e. build is platform dependent!
[[1;34mINFO[m] Copying 6 resources
[[1;34mINFO[m] 
[[1;34mINFO[m] [1m--- [0;32mmaven-compiler-plugin:3.1:testCompile[m [1m(default-testCompile)[m @ [36mmaven-artifact-manager[0;1m ---[m
[[1;34mINFO[m] Changes detected - recompiling the module!
[[1;33mWARNING[m] File encoding has not been set, using platform encoding UTF-8, i.e. build is platform dependent!
[[1;34mINFO[m] Compiling 9 source files to /home/user/Workspace/reproducibility/Reproducibility-Scanner/benchmarks/bugs-dot-jar/maven/maven-artifact-manager/target/test-classes
[[1;33mWARNING[m] /home/user/Workspace/reproducibility/Reproducibility-Scanner/benchmarks/bugs-dot-jar/maven/maven-artifact-manager/src/test/java/org/apache/maven/artifact/manager/DefaultWagonManagerTest.java: /home/user/Workspace/reproducibility/Reproducibility-Scanner/benchmarks/bugs-dot-jar/maven/maven-artifact-manager/src/test/java/org/apache/maven/artifact/manager/DefaultWagonManagerTest.java uses or overrides a deprecated API.
[[1;33mWARNING[m] /home/user/Workspace/reproducibility/Reproducibility-Scanner/benchmarks/bugs-dot-jar/maven/maven-artifact-manager/src/test/java/org/apache/maven/artifact/manager/DefaultWagonManagerTest.java: Recompile with -Xlint:deprecation for details.
[[1;33mWARNING[m] /home/user/Workspace/reproducibility/Reproducibility-Scanner/benchmarks/bugs-dot-jar/maven/maven-artifact-manager/src/test/java/org/apache/maven/artifact/AbstractArtifactComponentTestCase.java: Some input files use unchecked or unsafe operations.
[[1;33mWARNING[m] /home/user/Workspace/reproducibility/Reproducibility-Scanner/benchmarks/bugs-dot-jar/maven/maven-artifact-manager/src/test/java/org/apache/maven/artifact/AbstractArtifactComponentTestCase.java: Recompile with -Xlint:unchecked for details.
[[1;34mINFO[m] 
[[1;34mINFO[m] [1m--- [0;32mmaven-surefire-plugin:2.12.4:test[m [1m(default-test)[m @ [36mmaven-artifact-manager[0;1m ---[m
[[1;34mINFO[m] Tests are skipped.
[[1;34mINFO[m] 
[[1;34mINFO[m] [1m--- [0;32mmaven-jar-plugin:2.4:jar[m [1m(default-jar)[m @ [36mmaven-artifact-manager[0;1m ---[m
[[1;34mINFO[m] Building jar: /home/user/Workspace/reproducibility/Reproducibility-Scanner/benchmarks/bugs-dot-jar/maven/maven-artifact-manager/target/maven-artifact-manager-2.1-SNAPSHOT.jar
[[1;34mINFO[m] 
[[1;34mINFO[m] [1m--- [0;32mmaven-install-plugin:2.4:install[m [1m(default-install)[m @ [36mmaven-artifact-manager[0;1m ---[m
[[1;34mINFO[m] Installing /home/user/Workspace/reproducibility/Reproducibility-Scanner/benchmarks/bugs-dot-jar/maven/maven-artifact-manager/target/maven-artifact-manager-2.1-SNAPSHOT.jar to /home/user/.m2/repository/org/apache/maven/maven-artifact-manager/2.1-SNAPSHOT/maven-artifact-manager-2.1-SNAPSHOT.jar
[[1;34mINFO[m] Installing /home/user/Workspace/reproducibility/Reproducibility-Scanner/benchmarks/bugs-dot-jar/maven/maven-artifact-manager/pom.xml to /home/user/.m2/repository/org/apache/maven/maven-artifact-manager/2.1-SNAPSHOT/maven-artifact-manager-2.1-SNAPSHOT.pom
[[1;34mINFO[m] 
[[1;34mINFO[m] [1m--------------------< [0;36morg.apache.maven:maven-model[0;1m >--------------------[m
[[1;34mINFO[m] [1mBuilding Maven Model 2.1-SNAPSHOT                                 [5/32][m
[[1;34mINFO[m] [1m--------------------------------[ jar ]---------------------------------[m
[[1;34mINFO[m] 
[[1;34mINFO[m] [1m--- [0;32mmodello-maven-plugin:1.0-alpha-8:java[m [1m(default)[m @ [36mmaven-model[0;1m ---[m
[[1;34mINFO[m] outputDirectory: /home/user/Workspace/reproducibility/Reproducibility-Scanner/benchmarks/bugs-dot-jar/maven/maven-model/target/generated-sources/modello
[[1;34mINFO[m] 
[[1;34mINFO[m] [1m--- [0;32mmodello-maven-plugin:1.0-alpha-8:xpp3-reader[m [1m(default)[m @ [36mmaven-model[0;1m ---[m
[[1;34mINFO[m] outputDirectory: /home/user/Workspace/reproducibility/Reproducibility-Scanner/benchmarks/bugs-dot-jar/maven/maven-model/target/generated-sources/modello
[[1;34mINFO[m] 
[[1;34mINFO[m] [1m--- [0;32mmodello-maven-plugin:1.0-alpha-8:xpp3-writer[m [1m(default)[m @ [36mmaven-model[0;1m ---[m
[[1;34mINFO[m] outputDirectory: /home/user/Workspace/reproducibility/Reproducibility-Scanner/benchmarks/bugs-dot-jar/maven/maven-model/target/generated-sources/modello
[[1;34mINFO[m] 
[[1;34mINFO[m] [1m--- [0;32mmaven-resources-plugin:2.6:resources[m [1m(default-resources)[m @ [36mmaven-model[0;1m ---[m
[[1;33mWARNING[m] Using platform encoding (UTF-8 actually) to copy filtered resources, i.e. build is platform dependent!
[[1;34mINFO[m] skip non existing resourceDirectory /home/user/Workspace/reproducibility/Reproducibility-Scanner/benchmarks/bugs-dot-jar/maven/maven-model/src/main/resources
[[1;34mINFO[m] 
[[1;34mINFO[m] [1m--- [0;32mmaven-compiler-plugin:3.1:compile[m [1m(default-compile)[m @ [36mmaven-model[0;1m ---[m
[[1;34mINFO[m] Changes detected - recompiling the module!
[[1;33mWARNING[m] File encoding has not been set, using platform encoding UTF-8, i.e. build is platform dependent!
[[1;34mINFO[m] Compiling 45 source files to /home/user/Workspace/reproducibility/Reproducibility-Scanner/benchmarks/bugs-dot-jar/maven/maven-model/target/classes
[[1;33mWARNING[m] /home/user/Workspace/reproducibility/Reproducibility-Scanner/benchmarks/bugs-dot-jar/maven/maven-model/target/generated-sources/modello/org/apache/maven/model/ModelBase.java: Some input files use unchecked or unsafe operations.
[[1;33mWARNING[m] /home/user/Workspace/reproducibility/Reproducibility-Scanner/benchmarks/bugs-dot-jar/maven/maven-model/target/generated-sources/modello/org/apache/maven/model/ModelBase.java: Recompile with -Xlint:unchecked for details.
[[1;34mINFO[m] 
[[1;34mINFO[m] [1m--- [0;32mmaven-resources-plugin:2.6:testResources[m [1m(default-testResources)[m @ [36mmaven-model[0;1m ---[m
[[1;33mWARNING[m] Using platform encoding (UTF-8 actually) to copy filtered resources, i.e. build is platform dependent!
[[1;34mINFO[m] skip non existing resourceDirectory /home/user/Workspace/reproducibility/Reproducibility-Scanner/benchmarks/bugs-dot-jar/maven/maven-model/src/test/resources
[[1;34mINFO[m] 
[[1;34mINFO[m] [1m--- [0;32mmaven-compiler-plugin:3.1:testCompile[m [1m(default-testCompile)[m @ [36mmaven-model[0;1m ---[m
[[1;34mINFO[m] No sources to compile
[[1;34mINFO[m] 
[[1;34mINFO[m] [1m--- [0;32mmaven-surefire-plugin:2.12.4:test[m [1m(default-test)[m @ [36mmaven-model[0;1m ---[m
[[1;34mINFO[m] Tests are skipped.
[[1;34mINFO[m] 
[[1;34mINFO[m] [1m--- [0;32mmaven-jar-plugin:2.4:jar[m [1m(default-jar)[m @ [36mmaven-model[0;1m ---[m
[[1;34mINFO[m] Building jar: /home/user/Workspace/reproducibility/Reproducibility-Scanner/benchmarks/bugs-dot-jar/maven/maven-model/target/maven-model-2.1-SNAPSHOT.jar
[[1;34mINFO[m] 
[[1;34mINFO[m] [1m--- [0;32mmaven-install-plugin:2.4:install[m [1m(default-install)[m @ [36mmaven-model[0;1m ---[m
[[1;34mINFO[m] Installing /home/user/Workspace/reproducibility/Reproducibility-Scanner/benchmarks/bugs-dot-jar/maven/maven-model/target/maven-model-2.1-SNAPSHOT.jar to /home/user/.m2/repository/org/apache/maven/maven-model/2.1-SNAPSHOT/maven-model-2.1-SNAPSHOT.jar
[[1;34mINFO[m] Installing /home/user/Workspace/reproducibility/Reproducibility-Scanner/benchmarks/bugs-dot-jar/maven/maven-model/pom.xml to /home/user/.m2/repository/org/apache/maven/maven-model/2.1-SNAPSHOT/maven-model-2.1-SNAPSHOT.pom
[[1;34mINFO[m] 
[[1;34mINFO[m] [1m------------------< [0;36morg.apache.maven:maven-settings[0;1m >-------------------[m
[[1;34mINFO[m] [1mBuilding Maven Local Settings Model 2.1-SNAPSHOT                  [6/32][m
[[1;34mINFO[m] [1m--------------------------------[ jar ]---------------------------------[m
[[1;34mINFO[m] 
[[1;34mINFO[m] [1m--- [0;32mmodello-maven-plugin:1.0-alpha-8:java[m [1m(default)[m @ [36mmaven-settings[0;1m ---[m
[[1;34mINFO[m] outputDirectory: /home/user/Workspace/reproducibility/Reproducibility-Scanner/benchmarks/bugs-dot-jar/maven/maven-settings/target/generated-sources/modello
[[1;34mINFO[m] 
[[1;34mINFO[m] [1m--- [0;32mmodello-maven-plugin:1.0-alpha-8:xpp3-reader[m [1m(default)[m @ [36mmaven-settings[0;1m ---[m
[[1;34mINFO[m] outputDirectory: /home/user/Workspace/reproducibility/Reproducibility-Scanner/benchmarks/bugs-dot-jar/maven/maven-settings/target/generated-sources/modello
[[1;34mINFO[m] 
[[1;34mINFO[m] [1m--- [0;32mmodello-maven-plugin:1.0-alpha-8:xpp3-writer[m [1m(default)[m @ [36mmaven-settings[0;1m ---[m
[[1;34mINFO[m] outputDirectory: /home/user/Workspace/reproducibility/Reproducibility-Scanner/benchmarks/bugs-dot-jar/maven/maven-settings/target/generated-sources/modello
[[1;34mINFO[m] 
[[1;34mINFO[m] [1m--- [0;32mmaven-resources-plugin:2.6:resources[m [1m(default-resources)[m @ [36mmaven-settings[0;1m ---[m
[[1;33mWARNING[m] Using platform encoding (UTF-8 actually) to copy filtered resources, i.e. build is platform dependent!
[[1;34mINFO[m] Copying 1 resource
[[1;34mINFO[m] 
[[1;34mINFO[m] [1m--- [0;32mmaven-compiler-plugin:3.1:compile[m [1m(default-compile)[m @ [36mmaven-settings[0;1m ---[m
[[1;34mINFO[m] Changes detected - recompiling the module!
[[1;33mWARNING[m] File encoding has not been set, using platform encoding UTF-8, i.e. build is platform dependent!
[[1;34mINFO[m] Compiling 21 source files to /home/user/Workspace/reproducibility/Reproducibility-Scanner/benchmarks/bugs-dot-jar/maven/maven-settings/target/classes
[[1;33mWARNING[m] /home/user/Workspace/reproducibility/Reproducibility-Scanner/benchmarks/bugs-dot-jar/maven/maven-settings/src/main/java/org/apache/maven/settings/SettingsUtils.java: Some input files use unchecked or unsafe operations.
[[1;33mWARNING[m] /home/user/Workspace/reproducibility/Reproducibility-Scanner/benchmarks/bugs-dot-jar/maven/maven-settings/src/main/java/org/apache/maven/settings/SettingsUtils.java: Recompile with -Xlint:unchecked for details.
[[1;34mINFO[m] 
[[1;34mINFO[m] [1m--- [0;32mmaven-resources-plugin:2.6:testResources[m [1m(default-testResources)[m @ [36mmaven-settings[0;1m ---[m
[[1;33mWARNING[m] Using platform encoding (UTF-8 actually) to copy filtered resources, i.e. build is platform dependent!
[[1;34mINFO[m] skip non existing resourceDirectory /home/user/Workspace/reproducibility/Reproducibility-Scanner/benchmarks/bugs-dot-jar/maven/maven-settings/src/test/resources
[[1;34mINFO[m] 
[[1;34mINFO[m] [1m--- [0;32mmaven-compiler-plugin:3.1:testCompile[m [1m(default-testCompile)[m @ [36mmaven-settings[0;1m ---[m
[[1;34mINFO[m] Changes detected - recompiling the module!
[[1;33mWARNING[m] File encoding has not been set, using platform encoding UTF-8, i.e. build is platform dependent!
[[1;34mINFO[m] Compiling 1 source file to /home/user/Workspace/reproducibility/Reproducibility-Scanner/benchmarks/bugs-dot-jar/maven/maven-settings/target/test-classes
[[1;34mINFO[m] 
[[1;34mINFO[m] [1m--- [0;32mmaven-surefire-plugin:2.12.4:test[m [1m(default-test)[m @ [36mmaven-settings[0;1m ---[m
[[1;34mINFO[m] Tests are skipped.
[[1;34mINFO[m] 
[[1;34mINFO[m] [1m--- [0;32mmaven-jar-plugin:2.4:jar[m [1m(default-jar)[m @ [36mmaven-settings[0;1m ---[m
[[1;34mINFO[m] Building jar: /home/user/Workspace/reproducibility/Reproducibility-Scanner/benchmarks/bugs-dot-jar/maven/maven-settings/target/maven-settings-2.1-SNAPSHOT.jar
[[1;34mINFO[m] 
[[1;34mINFO[m] [1m--- [0;32mmaven-install-plugin:2.4:install[m [1m(default-install)[m @ [36mmaven-settings[0;1m ---[m
[[1;34mINFO[m] Installing /home/user/Workspace/reproducibility/Reproducibility-Scanner/benchmarks/bugs-dot-jar/maven/maven-settings/target/maven-settings-2.1-SNAPSHOT.jar to /home/user/.m2/repository/org/apache/maven/maven-settings/2.1-SNAPSHOT/maven-settings-2.1-SNAPSHOT.jar
[[1;34mINFO[m] Installing /home/user/Workspace/reproducibility/Reproducibility-Scanner/benchmarks/bugs-dot-jar/maven/maven-settings/pom.xml to /home/user/.m2/repository/org/apache/maven/maven-settings/2.1-SNAPSHOT/maven-settings-2.1-SNAPSHOT.pom
[[1;34mINFO[m] 
[[1;34mINFO[m] [1m----------------< [0;36morg.apache.maven:maven-artifact-test[0;1m >----------------[m
[[1;34mINFO[m] [1mBuilding Maven Artifact Test Helper Library 2.1-SNAPSHOT          [7/32][m
[[1;34mINFO[m] [1m--------------------------------[ jar ]---------------------------------[m
[[1;34mINFO[m] 
[[1;34mINFO[m] [1m--- [0;32mmaven-resources-plugin:2.6:resources[m [1m(default-resources)[m @ [36mmaven-artifact-test[0;1m ---[m
[[1;33mWARNING[m] Using platform encoding (UTF-8 actually) to copy filtered resources, i.e. build is platform dependent!
[[1;34mINFO[m] skip non existing resourceDirectory /home/user/Workspace/reproducibility/Reproducibility-Scanner/benchmarks/bugs-dot-jar/maven/maven-artifact-test/src/main/resources
[[1;34mINFO[m] 
[[1;34mINFO[m] [1m--- [0;32mmaven-compiler-plugin:3.1:compile[m [1m(default-compile)[m @ [36mmaven-artifact-test[0;1m ---[m
[[1;34mINFO[m] Changes detected - recompiling the module!
[[1;33mWARNING[m] File encoding has not been set, using platform encoding UTF-8, i.e. build is platform dependent!
[[1;34mINFO[m] Compiling 1 source file to /home/user/Workspace/reproducibility/Reproducibility-Scanner/benchmarks/bugs-dot-jar/maven/maven-artifact-test/target/classes
[[1;34mINFO[m] 
[[1;34mINFO[m] [1m--- [0;32mmaven-resources-plugin:2.6:testResources[m [1m(default-testResources)[m @ [36mmaven-artifact-test[0;1m ---[m
[[1;33mWARNING[m] Using platform encoding (UTF-8 actually) to copy filtered resources, i.e. build is platform dependent!
[[1;34mINFO[m] skip non existing resourceDirectory /home/user/Workspace/reproducibility/Reproducibility-Scanner/benchmarks/bugs-dot-jar/maven/maven-artifact-test/src/test/resources
[[1;34mINFO[m] 
[[1;34mINFO[m] [1m--- [0;32mmaven-compiler-plugin:3.1:testCompile[m [1m(default-testCompile)[m @ [36mmaven-artifact-test[0;1m ---[m
[[1;34mINFO[m] No sources to compile
[[1;34mINFO[m] 
[[1;34mINFO[m] [1m--- [0;32mmaven-surefire-plugin:2.12.4:test[m [1m(default-test)[m @ [36mmaven-artifact-test[0;1m ---[m
[[1;34mINFO[m] Tests are skipped.
[[1;34mINFO[m] 
[[1;34mINFO[m] [1m--- [0;32mmaven-jar-plugin:2.4:jar[m [1m(default-jar)[m @ [36mmaven-artifact-test[0;1m ---[m
[[1;34mINFO[m] Building jar: /home/user/Workspace/reproducibility/Reproducibility-Scanner/benchmarks/bugs-dot-jar/maven/maven-artifact-test/target/maven-artifact-test-2.1-SNAPSHOT.jar
[[1;34mINFO[m] 
[[1;34mINFO[m] [1m--- [0;32mmaven-install-plugin:2.4:install[m [1m(default-install)[m @ [36mmaven-artifact-test[0;1m ---[m
[[1;34mINFO[m] Installing /home/user/Workspace/reproducibility/Reproducibility-Scanner/benchmarks/bugs-dot-jar/maven/maven-artifact-test/target/maven-artifact-test-2.1-SNAPSHOT.jar to /home/user/.m2/repository/org/apache/maven/maven-artifact-test/2.1-SNAPSHOT/maven-artifact-test-2.1-SNAPSHOT.jar
[[1;34mINFO[m] Installing /home/user/Workspace/reproducibility/Reproducibility-Scanner/benchmarks/bugs-dot-jar/maven/maven-artifact-test/pom.xml to /home/user/.m2/repository/org/apache/maven/maven-artifact-test/2.1-SNAPSHOT/maven-artifact-test-2.1-SNAPSHOT.pom
[[1;34mINFO[m] 
[[1;34mINFO[m] [1m---------< [0;36morg.apache.maven:maven-plugin-parameter-documenter[0;1m >---------[m
[[1;34mINFO[m] [1mBuilding Maven Plugin Parameter Documenter API 2.1-SNAPSHOT       [8/32][m
[[1;34mINFO[m] [1m--------------------------------[ jar ]---------------------------------[m
[[1;34mINFO[m] 
[[1;34mINFO[m] [1m--- [0;32mmodello-maven-plugin:1.0-alpha-8:java[m [1m(default)[m @ [36mmaven-plugin-parameter-documenter[0;1m ---[m
[[1;34mINFO[m] outputDirectory: /home/user/Workspace/reproducibility/Reproducibility-Scanner/benchmarks/bugs-dot-jar/maven/maven-plugin-parameter-documenter/target/generated-sources/modello
[[1;34mINFO[m] 
[[1;34mINFO[m] [1m--- [0;32mmodello-maven-plugin:1.0-alpha-8:xpp3-reader[m [1m(default)[m @ [36mmaven-plugin-parameter-documenter[0;1m ---[m
[[1;34mINFO[m] outputDirectory: /home/user/Workspace/reproducibility/Reproducibility-Scanner/benchmarks/bugs-dot-jar/maven/maven-plugin-parameter-documenter/target/generated-sources/modello
[[1;34mINFO[m] 
[[1;34mINFO[m] [1m--- [0;32mmodello-maven-plugin:1.0-alpha-8:xpp3-writer[m [1m(default)[m @ [36mmaven-plugin-parameter-documenter[0;1m ---[m
[[1;34mINFO[m] outputDirectory: /home/user/Workspace/reproducibility/Reproducibility-Scanner/benchmarks/bugs-dot-jar/maven/maven-plugin-parameter-documenter/target/generated-sources/modello
[[1;34mINFO[m] 
[[1;34mINFO[m] [1m--- [0;32mmodello-maven-plugin:1.0-alpha-8:xsd[m [1m(xsd)[m @ [36mmaven-plugin-parameter-documenter[0;1m ---[m
[[1;34mINFO[m] outputDirectory: /home/user/Workspace/reproducibility/Reproducibility-Scanner/benchmarks/bugs-dot-jar/maven/maven-plugin-parameter-documenter/target/generated-site/xsd
[[1;34mINFO[m] 
[[1;34mINFO[m] [1m--- [0;32mmaven-resources-plugin:2.6:resources[m [1m(default-resources)[m @ [36mmaven-plugin-parameter-documenter[0;1m ---[m
[[1;33mWARNING[m] Using platform encoding (UTF-8 actually) to copy filtered resources, i.e. build is platform dependent!
[[1;34mINFO[m] skip non existing resourceDirectory /home/user/Workspace/reproducibility/Reproducibility-Scanner/benchmarks/bugs-dot-jar/maven/maven-plugin-parameter-documenter/src/main/resources
[[1;34mINFO[m] 
[[1;34mINFO[m] [1m--- [0;32mmaven-compiler-plugin:3.1:compile[m [1m(default-compile)[m @ [36mmaven-plugin-parameter-documenter[0;1m ---[m
[[1;34mINFO[m] Changes detected - recompiling the module!
[[1;33mWARNING[m] File encoding has not been set, using platform encoding UTF-8, i.e. build is platform dependent!
[[1;34mINFO[m] Compiling 4 source files to /home/user/Workspace/reproducibility/Reproducibility-Scanner/benchmarks/bugs-dot-jar/maven/maven-plugin-parameter-documenter/target/classes
[[1;33mWARNING[m] /home/user/Workspace/reproducibility/Reproducibility-Scanner/benchmarks/bugs-dot-jar/maven/maven-plugin-parameter-documenter/target/generated-sources/modello/org/apache/maven/usability/plugin/io/xpp3/ParamdocXpp3Reader.java: Some input files use unchecked or unsafe operations.
[[1;33mWARNING[m] /home/user/Workspace/reproducibility/Reproducibility-Scanner/benchmarks/bugs-dot-jar/maven/maven-plugin-parameter-documenter/target/generated-sources/modello/org/apache/maven/usability/plugin/io/xpp3/ParamdocXpp3Reader.java: Recompile with -Xlint:unchecked for details.
[[1;34mINFO[m] 
[[1;34mINFO[m] [1m--- [0;32mmaven-resources-plugin:2.6:testResources[m [1m(default-testResources)[m @ [36mmaven-plugin-parameter-documenter[0;1m ---[m
[[1;33mWARNING[m] Using platform encoding (UTF-8 actually) to copy filtered resources, i.e. build is platform dependent!
[[1;34mINFO[m] Copying 1 resource
[[1;34mINFO[m] 
[[1;34mINFO[m] [1m--- [0;32mmaven-compiler-plugin:3.1:testCompile[m [1m(default-testCompile)[m @ [36mmaven-plugin-parameter-documenter[0;1m ---[m
[[1;34mINFO[m] Changes detected - recompiling the module!
[[1;33mWARNING[m] File encoding has not been set, using platform encoding UTF-8, i.e. build is platform dependent!
[[1;34mINFO[m] Compiling 1 source file to /home/user/Workspace/reproducibility/Reproducibility-Scanner/benchmarks/bugs-dot-jar/maven/maven-plugin-parameter-documenter/target/test-classes
[[1;34mINFO[m] 
[[1;34mINFO[m] [1m--- [0;32mmaven-surefire-plugin:2.12.4:test[m [1m(default-test)[m @ [36mmaven-plugin-parameter-documenter[0;1m ---[m
[[1;34mINFO[m] Tests are skipped.
[[1;34mINFO[m] 
[[1;34mINFO[m] [1m--- [0;32mmaven-jar-plugin:2.4:jar[m [1m(default-jar)[m @ [36mmaven-plugin-parameter-documenter[0;1m ---[m
[[1;34mINFO[m] Building jar: /home/user/Workspace/reproducibility/Reproducibility-Scanner/benchmarks/bugs-dot-jar/maven/maven-plugin-parameter-documenter/target/maven-plugin-parameter-documenter-2.1-SNAPSHOT.jar
[[1;34mINFO[m] 
[[1;34mINFO[m] [1m--- [0;32mmaven-install-plugin:2.4:install[m [1m(default-install)[m @ [36mmaven-plugin-parameter-documenter[0;1m ---[m
[[1;34mINFO[m] Installing /home/user/Workspace/reproducibility/Reproducibility-Scanner/benchmarks/bugs-dot-jar/maven/maven-plugin-parameter-documenter/target/maven-plugin-parameter-documenter-2.1-SNAPSHOT.jar to /home/user/.m2/repository/org/apache/maven/maven-plugin-parameter-documenter/2.1-SNAPSHOT/maven-plugin-parameter-documenter-2.1-SNAPSHOT.jar
[[1;34mINFO[m] Installing /home/user/Workspace/reproducibility/Reproducibility-Scanner/benchmarks/bugs-dot-jar/maven/maven-plugin-parameter-documenter/pom.xml to /home/user/.m2/repository/org/apache/maven/maven-plugin-parameter-documenter/2.1-SNAPSHOT/maven-plugin-parameter-documenter-2.1-SNAPSHOT.pom
[[1;34mINFO[m] 
[[1;34mINFO[m] [1m-------------< [0;36morg.apache.maven.reporting:maven-reporting[0;1m >-------------[m
[[1;34mINFO[m] [1mBuilding Maven Reporting 2.1-SNAPSHOT                             [9/32][m
[[1;34mINFO[m] [1m--------------------------------[ pom ]---------------------------------[m
[[1;34mINFO[m] 
[[1;34mINFO[m] [1m--- [0;32mmaven-install-plugin:2.4:install[m [1m(default-install)[m @ [36mmaven-reporting[0;1m ---[m
[[1;34mINFO[m] Installing /home/user/Workspace/reproducibility/Reproducibility-Scanner/benchmarks/bugs-dot-jar/maven/maven-reporting/pom.xml to /home/user/.m2/repository/org/apache/maven/reporting/maven-reporting/2.1-SNAPSHOT/maven-reporting-2.1-SNAPSHOT.pom
[[1;34mINFO[m] 
[[1;34mINFO[m] [1m-----------< [0;36morg.apache.maven.reporting:maven-reporting-api[0;1m >-----------[m
[[1;34mINFO[m] [1mBuilding Maven Reporting API 2.1-SNAPSHOT                        [10/32][m
[[1;34mINFO[m] [1m--------------------------------[ jar ]---------------------------------[m
Downloading from apache.snapshots: http://people.apache.org/repo/m2-snapshot-repository/org/apache/maven/doxia/doxia-sink-api/1.0-alpha-9-SNAPSHOT/maven-metadata.xml
Downloading from apache.snapshots: http://people.apache.org/repo/m2-snapshot-repository/org/apache/maven/doxia/doxia-sink-api/1.0-alpha-9-SNAPSHOT/doxia-sink-api-1.0-alpha-9-SNAPSHOT.pom
[[1;33mWARNING[m] The POM for org.apache.maven.doxia:doxia-sink-api:jar:1.0-alpha-9-SNAPSHOT is missing, no dependency information available
Downloading from apache.snapshots: http://people.apache.org/repo/m2-snapshot-repository/org/apache/maven/doxia/doxia-sink-api/1.0-alpha-9-SNAPSHOT/doxia-sink-api-1.0-alpha-9-SNAPSHOT.jar
[[1;34mINFO[m] 
[[1;34mINFO[m] [1m-------------------< [0;36morg.apache.maven:maven-profile[0;1m >-------------------[m
[[1;34mINFO[m] [1mBuilding Maven Profile Model 2.1-SNAPSHOT                        [11/32][m
[[1;34mINFO[m] [1m--------------------------------[ jar ]---------------------------------[m
Downloading from central: https://repo.maven.apache.org/maven2/org/codehaus/modello/modello-maven-plugin/1.0-alpha-7/modello-maven-plugin-1.0-alpha-7.pom
Progress (1): 2.5 kB                    Downloaded from central: https://repo.maven.apache.org/maven2/org/codehaus/modello/modello-maven-plugin/1.0-alpha-7/modello-maven-plugin-1.0-alpha-7.pom (2.5 kB at 8.9 kB/s)
Downloading from central: https://repo.maven.apache.org/maven2/org/codehaus/modello/modello/1.0-alpha-7/modello-1.0-alpha-7.pom
Progress (1): 2.7/8.9 kBProgress (1): 5.5/8.9 kBProgress (1): 8.2/8.9 kBProgress (1): 8.9 kB                        Downloaded from central: https://repo.maven.apache.org/maven2/org/codehaus/modello/modello/1.0-alpha-7/modello-1.0-alpha-7.pom (8.9 kB at 44 kB/s)
Downloading from central: https://repo.maven.apache.org/maven2/org/codehaus/modello/modello-maven-plugin/1.0-alpha-7/modello-maven-plugin-1.0-alpha-7.jar
Progress (1): 2.7/10 kBProgress (1): 5.5/10 kBProgress (1): 8.2/10 kBProgress (1): 10 kB                       Downloaded from central: https://repo.maven.apache.org/maven2/org/codehaus/modello/modello-maven-plugin/1.0-alpha-7/modello-maven-plugin-1.0-alpha-7.jar (10 kB at 71 kB/s)
[[1;34mINFO[m] 
[[1;34mINFO[m] [1m--- [0;32mmodello-maven-plugin:1.0-alpha-7:xpp3-writer[m [1m(default)[m @ [36mmaven-profile[0;1m ---[m
Downloading from central: https://repo.maven.apache.org/maven2/org/codehaus/modello/modello-plugin-xdoc/1.0-alpha-7/modello-plugin-xdoc-1.0-alpha-7.pom
Progress (1): 607 B                   Downloaded from central: https://repo.maven.apache.org/maven2/org/codehaus/modello/modello-plugin-xdoc/1.0-alpha-7/modello-plugin-xdoc-1.0-alpha-7.pom (607 B at 2.6 kB/s)
Downloading from central: https://repo.maven.apache.org/maven2/org/codehaus/modello/modello-plugins/1.0-alpha-7/modello-plugins-1.0-alpha-7.pom
Progress (1): 1.2 kB                    Downloaded from central: https://repo.maven.apache.org/maven2/org/codehaus/modello/modello-plugins/1.0-alpha-7/modello-plugins-1.0-alpha-7.pom (1.2 kB at 5.5 kB/s)
Downloading from central: https://repo.maven.apache.org/maven2/org/codehaus/modello/modello-plugin-xml/1.0-alpha-7/modello-plugin-xml-1.0-alpha-7.pom
Progress (1): 402 B                   Downloaded from central: https://repo.maven.apache.org/maven2/org/codehaus/modello/modello-plugin-xml/1.0-alpha-7/modello-plugin-xml-1.0-alpha-7.pom (402 B at 1.3 kB/s)
Downloading from central: https://repo.maven.apache.org/maven2/org/codehaus/modello/modello-core/1.0-alpha-7/modello-core-1.0-alpha-7.pom
Progress (1): 783 B                   Downloaded from central: https://repo.maven.apache.org/maven2/org/codehaus/modello/modello-core/1.0-alpha-7/modello-core-1.0-alpha-7.pom (783 B at 5.4 kB/s)
Downloading from central: https://repo.maven.apache.org/maven2/org/codehaus/modello/modello-plugin-prevayler/1.0-alpha-7/modello-plugin-prevayler-1.0-alpha-7.pom
Progress (1): 619 B                   Downloaded from central: https://repo.maven.apache.org/maven2/org/codehaus/modello/modello-plugin-prevayler/1.0-alpha-7/modello-plugin-prevayler-1.0-alpha-7.pom (619 B at 4.1 kB/s)
Downloading from central: https://repo.maven.apache.org/maven2/org/codehaus/modello/modello-plugin-store/1.0-alpha-7/modello-plugin-store-1.0-alpha-7.pom
Progress (1): 568 B                   Downloaded from central: https://repo.maven.apache.org/maven2/org/codehaus/modello/modello-plugin-store/1.0-alpha-7/modello-plugin-store-1.0-alpha-7.pom (568 B at 3.9 kB/s)
Downloading from central: https://repo.maven.apache.org/maven2/org/codehaus/modello/modello-plugin-xsd/1.0-alpha-7/modello-plugin-xsd-1.0-alpha-7.pom
Progress (1): 605 B                   Downloaded from central: https://repo.maven.apache.org/maven2/org/codehaus/modello/modello-plugin-xsd/1.0-alpha-7/modello-plugin-xsd-1.0-alpha-7.pom (605 B at 3.5 kB/s)
Downloading from central: https://repo.maven.apache.org/maven2/org/codehaus/modello/modello-plugin-jpox/1.0-alpha-7/modello-plugin-jpox-1.0-alpha-7.pom
Progress (1): 609 B                   Downloaded from central: https://repo.maven.apache.org/maven2/org/codehaus/modello/modello-plugin-jpox/1.0-alpha-7/modello-plugin-jpox-1.0-alpha-7.pom (609 B at 2.6 kB/s)
Downloading from central: https://repo.maven.apache.org/maven2/org/codehaus/modello/modello-plugin-xpp3/1.0-alpha-7/modello-plugin-xpp3-1.0-alpha-7.pom
Progress (1): 762 B                   Downloaded from central: https://repo.maven.apache.org/maven2/org/codehaus/modello/modello-plugin-xpp3/1.0-alpha-7/modello-plugin-xpp3-1.0-alpha-7.pom (762 B at 5.3 kB/s)
Downloading from central: https://repo.maven.apache.org/maven2/org/codehaus/modello/modello-plugin-xdoc/1.0-alpha-7/modello-plugin-xdoc-1.0-alpha-7.jar
Downloading from central: https://repo.maven.apache.org/maven2/org/codehaus/modello/modello-plugin-prevayler/1.0-alpha-7/modello-plugin-prevayler-1.0-alpha-7.jar
Downloading from central: https://repo.maven.apache.org/maven2/org/codehaus/modello/modello-plugin-xml/1.0-alpha-7/modello-plugin-xml-1.0-alpha-7.jar
Downloading from central: https://repo.maven.apache.org/maven2/org/codehaus/modello/modello-plugin-xsd/1.0-alpha-7/modello-plugin-xsd-1.0-alpha-7.jar
Downloading from central: https://repo.maven.apache.org/maven2/org/codehaus/modello/modello-plugin-store/1.0-alpha-7/modello-plugin-store-1.0-alpha-7.jar
Progress (1): 4.1/6.5 kBProgress (1): 6.5 kB    Progress (2): 6.5 kB | 4.1/5.2 kBProgress (2): 6.5 kB | 5.2 kB    Progress (3): 6.5 kB | 5.2 kB | 2.7/6.9 kBProgress (4): 6.5 kB | 5.2 kB | 2.7/6.9 kB | 4.1/14 kBProgress (4): 6.5 kB | 5.2 kB | 5.5/6.9 kB | 4.1/14 kBProgress (4): 6.5 kB | 5.2 kB | 5.5/6.9 kB | 8.2/14 kBProgress (4): 6.5 kB | 5.2 kB | 6.9 kB | 8.2/14 kB    Progress (4): 6.5 kB | 5.2 kB | 6.9 kB | 12/14 kB Progress (4): 6.5 kB | 5.2 kB | 6.9 kB | 14 kB                                                 Downloaded from central: https://repo.maven.apache.org/maven2/org/codehaus/modello/modello-plugin-xdoc/1.0-alpha-7/modello-plugin-xdoc-1.0-alpha-7.jar (6.5 kB at 46 kB/s)
Downloading from central: https://repo.maven.apache.org/maven2/org/codehaus/modello/modello-plugin-jpox/1.0-alpha-7/modello-plugin-jpox-1.0-alpha-7.jar
Downloaded from central: https://repo.maven.apache.org/maven2/org/codehaus/modello/modello-plugin-prevayler/1.0-alpha-7/modello-plugin-prevayler-1.0-alpha-7.jar (5.2 kB at 34 kB/s)
Downloading from central: https://repo.maven.apache.org/maven2/org/codehaus/modello/modello-core/1.0-alpha-7/modello-core-1.0-alpha-7.jar
Progress (3): 6.9 kB | 14 kB | 2.7/8.2 kBProgress (3): 6.9 kB | 14 kB | 5.5/8.2 kBProgress (3): 6.9 kB | 14 kB | 8.2 kB                                         Downloaded from central: https://repo.maven.apache.org/maven2/org/codehaus/modello/modello-plugin-xsd/1.0-alpha-7/modello-plugin-xsd-1.0-alpha-7.jar (6.9 kB at 32 kB/s)
Downloading from central: https://repo.maven.apache.org/maven2/org/codehaus/modello/modello-plugin-xpp3/1.0-alpha-7/modello-plugin-xpp3-1.0-alpha-7.jar
Progress (3): 14 kB | 8.2 kB | 4.1/156 kBProgress (3): 14 kB | 8.2 kB | 8.2/156 kBProgress (3): 14 kB | 8.2 kB | 12/156 kB Progress (3): 14 kB | 8.2 kB | 16/156 kBProgress (3): 14 kB | 8.2 kB | 20/156 kBProgress (3): 14 kB | 8.2 kB | 24/156 kBProgress (3): 14 kB | 8.2 kB | 28/156 kBProgress (3): 14 kB | 8.2 kB | 32/156 kBProgress (3): 14 kB | 8.2 kB | 36/156 kBProgress (3): 14 kB | 8.2 kB | 40/156 kBProgress (3): 14 kB | 8.2 kB | 45/156 kBProgress (3): 14 kB | 8.2 kB | 49/156 kBProgress (3): 14 kB | 8.2 kB | 53/156 kBProgress (3): 14 kB | 8.2 kB | 57/156 kBProgress (3): 14 kB | 8.2 kB | 61/156 kBProgress (3): 14 kB | 8.2 kB | 65/156 kBProgress (3): 14 kB | 8.2 kB | 69/156 kBProgress (3): 14 kB | 8.2 kB | 73/156 kBProgress (3): 14 kB | 8.2 kB | 77/156 kBProgress (3): 14 kB | 8.2 kB | 81/156 kBProgress (3): 14 kB | 8.2 kB | 85/156 kBProgress (3): 14 kB | 8.2 kB | 90/156 kBProgress (3): 14 kB | 8.2 kB | 94/156 kBProgress (3): 14 kB | 8.2 kB | 98/156 kBProgress (3): 14 kB | 8.2 kB | 102/156 kBProgress (3): 14 kB | 8.2 kB | 106/156 kBProgress (3): 14 kB | 8.2 kB | 110/156 kBProgress (3): 14 kB | 8.2 kB | 114/156 kBProgress (3): 14 kB | 8.2 kB | 118/156 kBProgress (3): 14 kB | 8.2 kB | 122/156 kBProgress (3): 14 kB | 8.2 kB | 126/156 kBProgress (3): 14 kB | 8.2 kB | 131/156 kBProgress (3): 14 kB | 8.2 kB | 135/156 kBProgress (3): 14 kB | 8.2 kB | 139/156 kBProgress (3): 14 kB | 8.2 kB | 143/156 kBProgress (3): 14 kB | 8.2 kB | 147/156 kBProgress (3): 14 kB | 8.2 kB | 151/156 kBProgress (3): 14 kB | 8.2 kB | 155/156 kBProgress (3): 14 kB | 8.2 kB | 156 kB                                         Downloaded from central: https://repo.maven.apache.org/maven2/org/codehaus/modello/modello-plugin-xml/1.0-alpha-7/modello-plugin-xml-1.0-alpha-7.jar (8.2 kB at 31 kB/s)
Downloaded from central: https://repo.maven.apache.org/maven2/org/codehaus/modello/modello-plugin-store/1.0-alpha-7/modello-plugin-store-1.0-alpha-7.jar (14 kB at 52 kB/s)
Progress (2): 156 kB | 4.1/22 kBProgress (2): 156 kB | 8.2/22 kBProgress (2): 156 kB | 12/22 kB Progress (2): 156 kB | 16/22 kBProgress (2): 156 kB | 20/22 kBProgress (2): 156 kB | 22 kB   Progress (3): 156 kB | 22 kB | 4.1/17 kBProgress (3): 156 kB | 22 kB | 8.2/17 kBProgress (3): 156 kB | 22 kB | 12/17 kB Progress (3): 156 kB | 22 kB | 16/17 kBProgress (3): 156 kB | 22 kB | 17 kB                                       Downloaded from central: https://repo.maven.apache.org/maven2/org/codehaus/modello/modello-plugin-xpp3/1.0-alpha-7/modello-plugin-xpp3-1.0-alpha-7.jar (22 kB at 62 kB/s)
Downloaded from central: https://repo.maven.apache.org/maven2/org/codehaus/modello/modello-plugin-jpox/1.0-alpha-7/modello-plugin-jpox-1.0-alpha-7.jar (17 kB at 47 kB/s)
Downloaded from central: https://repo.maven.apache.org/maven2/org/codehaus/modello/modello-core/1.0-alpha-7/modello-core-1.0-alpha-7.jar (156 kB at 414 kB/s)
[[1;34mINFO[m] outputDirectory: /home/user/Workspace/reproducibility/Reproducibility-Scanner/benchmarks/bugs-dot-jar/maven/maven-profile/target/generated-sources/modello
[[1;34mINFO[m] 
[[1;34mINFO[m] [1m--- [0;32mmodello-maven-plugin:1.0-alpha-7:java[m [1m(default)[m @ [36mmaven-profile[0;1m ---[m
[[1;34mINFO[m] outputDirectory: /home/user/Workspace/reproducibility/Reproducibility-Scanner/benchmarks/bugs-dot-jar/maven/maven-profile/target/generated-sources/modello
[[1;34mINFO[m] 
[[1;34mINFO[m] [1m--- [0;32mmodello-maven-plugin:1.0-alpha-7:xpp3-reader[m [1m(default)[m @ [36mmaven-profile[0;1m ---[m
[[1;34mINFO[m] outputDirectory: /home/user/Workspace/reproducibility/Reproducibility-Scanner/benchmarks/bugs-dot-jar/maven/maven-profile/target/generated-sources/modello
[[1;34mINFO[m] 
[[1;34mINFO[m] [1m--- [0;32mmaven-resources-plugin:2.6:resources[m [1m(default-resources)[m @ [36mmaven-profile[0;1m ---[m
[[1;33mWARNING[m] Using platform encoding (UTF-8 actually) to copy filtered resources, i.e. build is platform dependent!
[[1;34mINFO[m] Copying 1 resource
[[1;34mINFO[m] 
[[1;34mINFO[m] [1m--- [0;32mmaven-compiler-plugin:3.1:compile[m [1m(default-compile)[m @ [36mmaven-profile[0;1m ---[m
[[1;34mINFO[m] Changes detected - recompiling the module!
[[1;33mWARNING[m] File encoding has not been set, using platform encoding UTF-8, i.e. build is platform dependent!
[[1;34mINFO[m] Compiling 15 source files to /home/user/Workspace/reproducibility/Reproducibility-Scanner/benchmarks/bugs-dot-jar/maven/maven-profile/target/classes
[[1;33mWARNING[m] /home/user/Workspace/reproducibility/Reproducibility-Scanner/benchmarks/bugs-dot-jar/maven/maven-profile/target/generated-sources/modello/org/apache/maven/profiles/io/xpp3/ProfilesXpp3Reader.java: Some input files use unchecked or unsafe operations.
[[1;33mWARNING[m] /home/user/Workspace/reproducibility/Reproducibility-Scanner/benchmarks/bugs-dot-jar/maven/maven-profile/target/generated-sources/modello/org/apache/maven/profiles/io/xpp3/ProfilesXpp3Reader.java: Recompile with -Xlint:unchecked for details.
[[1;34mINFO[m] 
[[1;34mINFO[m] [1m--- [0;32mmaven-resources-plugin:2.6:testResources[m [1m(default-testResources)[m @ [36mmaven-profile[0;1m ---[m
[[1;33mWARNING[m] Using platform encoding (UTF-8 actually) to copy filtered resources, i.e. build is platform dependent!
[[1;34mINFO[m] skip non existing resourceDirectory /home/user/Workspace/reproducibility/Reproducibility-Scanner/benchmarks/bugs-dot-jar/maven/maven-profile/src/test/resources
[[1;34mINFO[m] 
[[1;34mINFO[m] [1m--- [0;32mmaven-compiler-plugin:3.1:testCompile[m [1m(default-testCompile)[m @ [36mmaven-profile[0;1m ---[m
[[1;34mINFO[m] No sources to compile
[[1;34mINFO[m] 
[[1;34mINFO[m] [1m--- [0;32mmaven-surefire-plugin:2.12.4:test[m [1m(default-test)[m @ [36mmaven-profile[0;1m ---[m
[[1;34mINFO[m] Tests are skipped.
[[1;34mINFO[m] 
[[1;34mINFO[m] [1m--- [0;32mmaven-jar-plugin:2.4:jar[m [1m(default-jar)[m @ [36mmaven-profile[0;1m ---[m
[[1;34mINFO[m] Building jar: /home/user/Workspace/reproducibility/Reproducibility-Scanner/benchmarks/bugs-dot-jar/maven/maven-profile/target/maven-profile-2.1-SNAPSHOT.jar
[[1;34mINFO[m] 
[[1;34mINFO[m] [1m--- [0;32mmaven-install-plugin:2.4:install[m [1m(default-install)[m @ [36mmaven-profile[0;1m ---[m
[[1;34mINFO[m] Installing /home/user/Workspace/reproducibility/Reproducibility-Scanner/benchmarks/bugs-dot-jar/maven/maven-profile/target/maven-profile-2.1-SNAPSHOT.jar to /home/user/.m2/repository/org/apache/maven/maven-profile/2.1-SNAPSHOT/maven-profile-2.1-SNAPSHOT.jar
[[1;34mINFO[m] Installing /home/user/Workspace/reproducibility/Reproducibility-Scanner/benchmarks/bugs-dot-jar/maven/maven-profile/pom.xml to /home/user/.m2/repository/org/apache/maven/maven-profile/2.1-SNAPSHOT/maven-profile-2.1-SNAPSHOT.pom
[[1;34mINFO[m] 
[[1;34mINFO[m] [1m--------------< [0;36morg.apache.maven:maven-error-diagnostics[0;1m >--------------[m
[[1;34mINFO[m] [1mBuilding Maven Error Diagnostics 2.1-SNAPSHOT                    [12/32][m
[[1;34mINFO[m] [1m--------------------------------[ jar ]---------------------------------[m
[[1;34mINFO[m] 
[[1;34mINFO[m] [1m--- [0;32mmaven-resources-plugin:2.6:resources[m [1m(default-resources)[m @ [36mmaven-error-diagnostics[0;1m ---[m
[[1;33mWARNING[m] Using platform encoding (UTF-8 actually) to copy filtered resources, i.e. build is platform dependent!
[[1;34mINFO[m] Copying 1 resource
[[1;34mINFO[m] 
[[1;34mINFO[m] [1m--- [0;32mmaven-compiler-plugin:3.1:compile[m [1m(default-compile)[m @ [36mmaven-error-diagnostics[0;1m ---[m
[[1;34mINFO[m] Changes detected - recompiling the module!
[[1;33mWARNING[m] File encoding has not been set, using platform encoding UTF-8, i.e. build is platform dependent!
[[1;34mINFO[m] Compiling 3 source files to /home/user/Workspace/reproducibility/Reproducibility-Scanner/benchmarks/bugs-dot-jar/maven/maven-error-diagnostics/target/classes
[[1;34mINFO[m] 
[[1;34mINFO[m] [1m--- [0;32mmaven-resources-plugin:2.6:testResources[m [1m(default-testResources)[m @ [36mmaven-error-diagnostics[0;1m ---[m
[[1;33mWARNING[m] Using platform encoding (UTF-8 actually) to copy filtered resources, i.e. build is platform dependent!
[[1;34mINFO[m] skip non existing resourceDirectory /home/user/Workspace/reproducibility/Reproducibility-Scanner/benchmarks/bugs-dot-jar/maven/maven-error-diagnostics/src/test/resources
[[1;34mINFO[m] 
[[1;34mINFO[m] [1m--- [0;32mmaven-compiler-plugin:3.1:testCompile[m [1m(default-testCompile)[m @ [36mmaven-error-diagnostics[0;1m ---[m
[[1;34mINFO[m] No sources to compile
[[1;34mINFO[m] 
[[1;34mINFO[m] [1m--- [0;32mmaven-surefire-plugin:2.12.4:test[m [1m(default-test)[m @ [36mmaven-error-diagnostics[0;1m ---[m
[[1;34mINFO[m] Tests are skipped.
[[1;34mINFO[m] 
[[1;34mINFO[m] [1m--- [0;32mmaven-jar-plugin:2.4:jar[m [1m(default-jar)[m @ [36mmaven-error-diagnostics[0;1m ---[m
[[1;34mINFO[m] Building jar: /home/user/Workspace/reproducibility/Reproducibility-Scanner/benchmarks/bugs-dot-jar/maven/maven-error-diagnostics/target/maven-error-diagnostics-2.1-SNAPSHOT.jar
[[1;34mINFO[m] 
[[1;34mINFO[m] [1m--- [0;32mmaven-install-plugin:2.4:install[m [1m(default-install)[m @ [36mmaven-error-diagnostics[0;1m ---[m
[[1;34mINFO[m] Installing /home/user/Workspace/reproducibility/Reproducibility-Scanner/benchmarks/bugs-dot-jar/maven/maven-error-diagnostics/target/maven-error-diagnostics-2.1-SNAPSHOT.jar to /home/user/.m2/repository/org/apache/maven/maven-error-diagnostics/2.1-SNAPSHOT/maven-error-diagnostics-2.1-SNAPSHOT.jar
[[1;34mINFO[m] Installing /home/user/Workspace/reproducibility/Reproducibility-Scanner/benchmarks/bugs-dot-jar/maven/maven-error-diagnostics/pom.xml to /home/user/.m2/repository/org/apache/maven/maven-error-diagnostics/2.1-SNAPSHOT/maven-error-diagnostics-2.1-SNAPSHOT.pom
[[1;34mINFO[m] 
[[1;34mINFO[m] [1m--------------------< [0;36morg.apache.maven:maven-tools[0;1m >--------------------[m
[[1;34mINFO[m] [1mBuilding Maven Tools 2.1-SNAPSHOT                                [13/32][m
[[1;34mINFO[m] [1m--------------------------------[ jar ]---------------------------------[m
[[1;34mINFO[m] 
[[1;34mINFO[m] [1m--- [0;32mmaven-resources-plugin:2.6:resources[m [1m(default-resources)[m @ [36mmaven-tools[0;1m ---[m
[[1;33mWARNING[m] Using platform encoding (UTF-8 actually) to copy filtered resources, i.e. build is platform dependent!
[[1;34mINFO[m] Copying 1 resource
[[1;34mINFO[m] 
[[1;34mINFO[m] [1m--- [0;32mmaven-compiler-plugin:3.1:compile[m [1m(default-compile)[m @ [36mmaven-tools[0;1m ---[m
[[1;34mINFO[m] Changes detected - recompiling the module!
[[1;33mWARNING[m] File encoding has not been set, using platform encoding UTF-8, i.e. build is platform dependent!
[[1;34mINFO[m] Compiling 2 source files to /home/user/Workspace/reproducibility/Reproducibility-Scanner/benchmarks/bugs-dot-jar/maven/maven-tools/target/classes
[[1;33mWARNING[m] /home/user/Workspace/reproducibility/Reproducibility-Scanner/benchmarks/bugs-dot-jar/maven/maven-tools/src/main/java/org/apache/maven/DefaultMavenTools.java: /home/user/Workspace/reproducibility/Reproducibility-Scanner/benchmarks/bugs-dot-jar/maven/maven-tools/src/main/java/org/apache/maven/DefaultMavenTools.java uses unchecked or unsafe operations.
[[1;33mWARNING[m] /home/user/Workspace/reproducibility/Reproducibility-Scanner/benchmarks/bugs-dot-jar/maven/maven-tools/src/main/java/org/apache/maven/DefaultMavenTools.java: Recompile with -Xlint:unchecked for details.
[[1;34mINFO[m] 
[[1;34mINFO[m] [1m--- [0;32mmaven-resources-plugin:2.6:testResources[m [1m(default-testResources)[m @ [36mmaven-tools[0;1m ---[m
[[1;33mWARNING[m] Using platform encoding (UTF-8 actually) to copy filtered resources, i.e. build is platform dependent!
[[1;34mINFO[m] skip non existing resourceDirectory /home/user/Workspace/reproducibility/Reproducibility-Scanner/benchmarks/bugs-dot-jar/maven/maven-tools/src/test/resources
[[1;34mINFO[m] 
[[1;34mINFO[m] [1m--- [0;32mmaven-compiler-plugin:3.1:testCompile[m [1m(default-testCompile)[m @ [36mmaven-tools[0;1m ---[m
[[1;34mINFO[m] No sources to compile
[[1;34mINFO[m] 
[[1;34mINFO[m] [1m--- [0;32mmaven-surefire-plugin:2.12.4:test[m [1m(default-test)[m @ [36mmaven-tools[0;1m ---[m
[[1;34mINFO[m] Tests are skipped.
[[1;34mINFO[m] 
[[1;34mINFO[m] [1m--- [0;32mmaven-jar-plugin:2.4:jar[m [1m(default-jar)[m @ [36mmaven-tools[0;1m ---[m
[[1;34mINFO[m] Building jar: /home/user/Workspace/reproducibility/Reproducibility-Scanner/benchmarks/bugs-dot-jar/maven/maven-tools/target/maven-tools-2.1-SNAPSHOT.jar
[[1;34mINFO[m] 
[[1;34mINFO[m] [1m--- [0;32mmaven-install-plugin:2.4:install[m [1m(default-install)[m @ [36mmaven-tools[0;1m ---[m
[[1;34mINFO[m] Installing /home/user/Workspace/reproducibility/Reproducibility-Scanner/benchmarks/bugs-dot-jar/maven/maven-tools/target/maven-tools-2.1-SNAPSHOT.jar to /home/user/.m2/repository/org/apache/maven/maven-tools/2.1-SNAPSHOT/maven-tools-2.1-SNAPSHOT.jar
[[1;34mINFO[m] Installing /home/user/Workspace/reproducibility/Reproducibility-Scanner/benchmarks/bugs-dot-jar/maven/maven-tools/pom.xml to /home/user/.m2/repository/org/apache/maven/maven-tools/2.1-SNAPSHOT/maven-tools-2.1-SNAPSHOT.pom
[[1;34mINFO[m] 
[[1;34mINFO[m] [1m-------------------< [0;36morg.apache.maven:maven-project[0;1m >-------------------[m
[[1;34mINFO[m] [1mBuilding Maven Project Builder 2.1-SNAPSHOT                      [14/32][m
[[1;34mINFO[m] [1m--------------------------------[ jar ]---------------------------------[m
[[1;34mINFO[m] 
[[1;34mINFO[m] [1m--- [0;32mmaven-resources-plugin:2.6:resources[m [1m(default-resources)[m @ [36mmaven-project[0;1m ---[m
[[1;33mWARNING[m] Using platform encoding (UTF-8 actually) to copy filtered resources, i.e. build is platform dependent!
[[1;34mINFO[m] Copying 2 resources
[[1;34mINFO[m] 
[[1;34mINFO[m] [1m--- [0;32mmaven-compiler-plugin:3.1:compile[m [1m(default-compile)[m @ [36mmaven-project[0;1m ---[m
[[1;34mINFO[m] Changes detected - recompiling the module!
[[1;33mWARNING[m] File encoding has not been set, using platform encoding UTF-8, i.e. build is platform dependent!
[[1;34mINFO[m] Compiling 42 source files to /home/user/Workspace/reproducibility/Reproducibility-Scanner/benchmarks/bugs-dot-jar/maven/maven-project/target/classes
[[1;33mWARNING[m] /home/user/Workspace/reproducibility/Reproducibility-Scanner/benchmarks/bugs-dot-jar/maven/maven-project/src/main/java/org/apache/maven/project/DefaultMavenProjectBuilder.java: /home/user/Workspace/reproducibility/Reproducibility-Scanner/benchmarks/bugs-dot-jar/maven/maven-project/src/main/java/org/apache/maven/project/DefaultMavenProjectBuilder.java uses or overrides a deprecated API.
[[1;33mWARNING[m] /home/user/Workspace/reproducibility/Reproducibility-Scanner/benchmarks/bugs-dot-jar/maven/maven-project/src/main/java/org/apache/maven/project/DefaultMavenProjectBuilder.java: Recompile with -Xlint:deprecation for details.
[[1;33mWARNING[m] /home/user/Workspace/reproducibility/Reproducibility-Scanner/benchmarks/bugs-dot-jar/maven/maven-project/src/main/java/org/apache/maven/project/validation/ModelValidationResult.java: Some input files use unchecked or unsafe operations.
[[1;33mWARNING[m] /home/user/Workspace/reproducibility/Reproducibility-Scanner/benchmarks/bugs-dot-jar/maven/maven-project/src/main/java/org/apache/maven/project/validation/ModelValidationResult.java: Recompile with -Xlint:unchecked for details.
[[1;34mINFO[m] 
[[1;34mINFO[m] [1m--- [0;32mmaven-resources-plugin:2.6:testResources[m [1m(default-testResources)[m @ [36mmaven-project[0;1m ---[m
[[1;33mWARNING[m] Using platform encoding (UTF-8 actually) to copy filtered resources, i.e. build is platform dependent!
[[1;34mINFO[m] Copying 65 resources
[[1;34mINFO[m] 
[[1;34mINFO[m] [1m--- [0;32mmaven-compiler-plugin:3.1:testCompile[m [1m(default-testCompile)[m @ [36mmaven-project[0;1m ---[m
[[1;34mINFO[m] Changes detected - recompiling the module!
[[1;33mWARNING[m] File encoding has not been set, using platform encoding UTF-8, i.e. build is platform dependent!
[[1;34mINFO[m] Compiling 23 source files to /home/user/Workspace/reproducibility/Reproducibility-Scanner/benchmarks/bugs-dot-jar/maven/maven-project/target/test-classes
[[1;33mWARNING[m] /home/user/Workspace/reproducibility/Reproducibility-Scanner/benchmarks/bugs-dot-jar/maven/maven-project/src/test/java/org/apache/maven/project/AbstractMavenProjectTestCase.java: Some input files use or override a deprecated API.
[[1;33mWARNING[m] /home/user/Workspace/reproducibility/Reproducibility-Scanner/benchmarks/bugs-dot-jar/maven/maven-project/src/test/java/org/apache/maven/project/AbstractMavenProjectTestCase.java: Recompile with -Xlint:deprecation for details.
[[1;33mWARNING[m] /home/user/Workspace/reproducibility/Reproducibility-Scanner/benchmarks/bugs-dot-jar/maven/maven-project/src/test/java/org/apache/maven/project/inheritance/DefaultModelInheritanceAssemblerTest.java: Some input files use unchecked or unsafe operations.
[[1;33mWARNING[m] /home/user/Workspace/reproducibility/Reproducibility-Scanner/benchmarks/bugs-dot-jar/maven/maven-project/src/test/java/org/apache/maven/project/inheritance/DefaultModelInheritanceAssemblerTest.java: Recompile with -Xlint:unchecked for details.
[[1;34mINFO[m] 
[[1;34mINFO[m] [1m--- [0;32mmaven-surefire-plugin:2.12.4:test[m [1m(default-test)[m @ [36mmaven-project[0;1m ---[m
[[1;34mINFO[m] Tests are skipped.
[[1;34mINFO[m] 
[[1;34mINFO[m] [1m--- [0;32mmaven-jar-plugin:2.4:jar[m [1m(default-jar)[m @ [36mmaven-project[0;1m ---[m
[[1;34mINFO[m] Building jar: /home/user/Workspace/reproducibility/Reproducibility-Scanner/benchmarks/bugs-dot-jar/maven/maven-project/target/maven-project-2.1-SNAPSHOT.jar
[[1;34mINFO[m] 
[[1;34mINFO[m] [1m--- [0;32mmaven-install-plugin:2.4:install[m [1m(default-install)[m @ [36mmaven-project[0;1m ---[m
[[1;34mINFO[m] Installing /home/user/Workspace/reproducibility/Reproducibility-Scanner/benchmarks/bugs-dot-jar/maven/maven-project/target/maven-project-2.1-SNAPSHOT.jar to /home/user/.m2/repository/org/apache/maven/maven-project/2.1-SNAPSHOT/maven-project-2.1-SNAPSHOT.jar
[[1;34mINFO[m] Installing /home/user/Workspace/reproducibility/Reproducibility-Scanner/benchmarks/bugs-dot-jar/maven/maven-project/pom.xml to /home/user/.m2/repository/org/apache/maven/maven-project/2.1-SNAPSHOT/maven-project-2.1-SNAPSHOT.pom
[[1;34mINFO[m] 
[[1;34mINFO[m] [1m---------------< [0;36morg.apache.maven:maven-plugin-registry[0;1m >---------------[m
[[1;34mINFO[m] [1mBuilding Maven Plugin Registry Model 2.1-SNAPSHOT                [15/32][m
[[1;34mINFO[m] [1m--------------------------------[ jar ]---------------------------------[m
[[1;34mINFO[m] 
[[1;34mINFO[m] [1m--- [0;32mmodello-maven-plugin:1.0-alpha-7:xpp3-writer[m [1m(default)[m @ [36mmaven-plugin-registry[0;1m ---[m
[[1;34mINFO[m] outputDirectory: /home/user/Workspace/reproducibility/Reproducibility-Scanner/benchmarks/bugs-dot-jar/maven/maven-plugin-registry/target/generated-sources/modello
[[1;34mINFO[m] 
[[1;34mINFO[m] [1m--- [0;32mmodello-maven-plugin:1.0-alpha-7:java[m [1m(default)[m @ [36mmaven-plugin-registry[0;1m ---[m
[[1;34mINFO[m] outputDirectory: /home/user/Workspace/reproducibility/Reproducibility-Scanner/benchmarks/bugs-dot-jar/maven/maven-plugin-registry/target/generated-sources/modello
[[1;34mINFO[m] 
[[1;34mINFO[m] [1m--- [0;32mmodello-maven-plugin:1.0-alpha-7:xpp3-reader[m [1m(default)[m @ [36mmaven-plugin-registry[0;1m ---[m
[[1;34mINFO[m] outputDirectory: /home/user/Workspace/reproducibility/Reproducibility-Scanner/benchmarks/bugs-dot-jar/maven/maven-plugin-registry/target/generated-sources/modello
[[1;34mINFO[m] 
[[1;34mINFO[m] [1m--- [0;32mmaven-resources-plugin:2.6:resources[m [1m(default-resources)[m @ [36mmaven-plugin-registry[0;1m ---[m
[[1;33mWARNING[m] Using platform encoding (UTF-8 actually) to copy filtered resources, i.e. build is platform dependent!
[[1;34mINFO[m] Copying 1 resource
[[1;34mINFO[m] 
[[1;34mINFO[m] [1m--- [0;32mmaven-compiler-plugin:3.1:compile[m [1m(default-compile)[m @ [36mmaven-plugin-registry[0;1m ---[m
[[1;34mINFO[m] Changes detected - recompiling the module!
[[1;33mWARNING[m] File encoding has not been set, using platform encoding UTF-8, i.e. build is platform dependent!
[[1;34mINFO[m] Compiling 9 source files to /home/user/Workspace/reproducibility/Reproducibility-Scanner/benchmarks/bugs-dot-jar/maven/maven-plugin-registry/target/classes
[[1;33mWARNING[m] /home/user/Workspace/reproducibility/Reproducibility-Scanner/benchmarks/bugs-dot-jar/maven/maven-plugin-registry/target/generated-sources/modello/org/apache/maven/plugin/registry/Plugin.java: Some input files use unchecked or unsafe operations.
[[1;33mWARNING[m] /home/user/Workspace/reproducibility/Reproducibility-Scanner/benchmarks/bugs-dot-jar/maven/maven-plugin-registry/target/generated-sources/modello/org/apache/maven/plugin/registry/Plugin.java: Recompile with -Xlint:unchecked for details.
[[1;34mINFO[m] 
[[1;34mINFO[m] [1m--- [0;32mmaven-resources-plugin:2.6:testResources[m [1m(default-testResources)[m @ [36mmaven-plugin-registry[0;1m ---[m
[[1;33mWARNING[m] Using platform encoding (UTF-8 actually) to copy filtered resources, i.e. build is platform dependent!
[[1;34mINFO[m] skip non existing resourceDirectory /home/user/Workspace/reproducibility/Reproducibility-Scanner/benchmarks/bugs-dot-jar/maven/maven-plugin-registry/src/test/resources
[[1;34mINFO[m] 
[[1;34mINFO[m] [1m--- [0;32mmaven-compiler-plugin:3.1:testCompile[m [1m(default-testCompile)[m @ [36mmaven-plugin-registry[0;1m ---[m
[[1;34mINFO[m] No sources to compile
[[1;34mINFO[m] 
[[1;34mINFO[m] [1m--- [0;32mmaven-surefire-plugin:2.12.4:test[m [1m(default-test)[m @ [36mmaven-plugin-registry[0;1m ---[m
[[1;34mINFO[m] Tests are skipped.
[[1;34mINFO[m] 
[[1;34mINFO[m] [1m--- [0;32mmaven-jar-plugin:2.4:jar[m [1m(default-jar)[m @ [36mmaven-plugin-registry[0;1m ---[m
[[1;34mINFO[m] Building jar: /home/user/Workspace/reproducibility/Reproducibility-Scanner/benchmarks/bugs-dot-jar/maven/maven-plugin-registry/target/maven-plugin-registry-2.1-SNAPSHOT.jar
[[1;34mINFO[m] 
[[1;34mINFO[m] [1m--- [0;32mmaven-install-plugin:2.4:install[m [1m(default-install)[m @ [36mmaven-plugin-registry[0;1m ---[m
[[1;34mINFO[m] Installing /home/user/Workspace/reproducibility/Reproducibility-Scanner/benchmarks/bugs-dot-jar/maven/maven-plugin-registry/target/maven-plugin-registry-2.1-SNAPSHOT.jar to /home/user/.m2/repository/org/apache/maven/maven-plugin-registry/2.1-SNAPSHOT/maven-plugin-registry-2.1-SNAPSHOT.jar
[[1;34mINFO[m] Installing /home/user/Workspace/reproducibility/Reproducibility-Scanner/benchmarks/bugs-dot-jar/maven/maven-plugin-registry/pom.xml to /home/user/.m2/repository/org/apache/maven/maven-plugin-registry/2.1-SNAPSHOT/maven-plugin-registry-2.1-SNAPSHOT.pom
[[1;34mINFO[m] 
[[1;34mINFO[m] [1m-----------------< [0;36morg.apache.maven:maven-plugin-api[0;1m >------------------[m
[[1;34mINFO[m] [1mBuilding Maven Plugin API 2.1-SNAPSHOT                           [16/32][m
[[1;34mINFO[m] [1m--------------------------------[ jar ]---------------------------------[m
[[1;34mINFO[m] 
[[1;34mINFO[m] [1m--- [0;32mmaven-resources-plugin:2.6:resources[m [1m(default-resources)[m @ [36mmaven-plugin-api[0;1m ---[m
[[1;33mWARNING[m] Using platform encoding (UTF-8 actually) to copy filtered resources, i.e. build is platform dependent!
[[1;34mINFO[m] skip non existing resourceDirectory /home/user/Workspace/reproducibility/Reproducibility-Scanner/benchmarks/bugs-dot-jar/maven/maven-plugin-api/src/main/resources
[[1;34mINFO[m] 
[[1;34mINFO[m] [1m--- [0;32mmaven-compiler-plugin:3.1:compile[m [1m(default-compile)[m @ [36mmaven-plugin-api[0;1m ---[m
[[1;34mINFO[m] Changes detected - recompiling the module!
[[1;33mWARNING[m] File encoding has not been set, using platform encoding UTF-8, i.e. build is platform dependent!
[[1;34mINFO[m] Compiling 8 source files to /home/user/Workspace/reproducibility/Reproducibility-Scanner/benchmarks/bugs-dot-jar/maven/maven-plugin-api/target/classes
[[1;34mINFO[m] 
[[1;34mINFO[m] [1m--- [0;32mmaven-resources-plugin:2.6:testResources[m [1m(default-testResources)[m @ [36mmaven-plugin-api[0;1m ---[m
[[1;33mWARNING[m] Using platform encoding (UTF-8 actually) to copy filtered resources, i.e. build is platform dependent!
[[1;34mINFO[m] skip non existing resourceDirectory /home/user/Workspace/reproducibility/Reproducibility-Scanner/benchmarks/bugs-dot-jar/maven/maven-plugin-api/src/test/resources
[[1;34mINFO[m] 
[[1;34mINFO[m] [1m--- [0;32mmaven-compiler-plugin:3.1:testCompile[m [1m(default-testCompile)[m @ [36mmaven-plugin-api[0;1m ---[m
[[1;34mINFO[m] No sources to compile
[[1;34mINFO[m] 
[[1;34mINFO[m] [1m--- [0;32mmaven-surefire-plugin:2.12.4:test[m [1m(default-test)[m @ [36mmaven-plugin-api[0;1m ---[m
[[1;34mINFO[m] Tests are skipped.
[[1;34mINFO[m] 
[[1;34mINFO[m] [1m--- [0;32mmaven-jar-plugin:2.4:jar[m [1m(default-jar)[m @ [36mmaven-plugin-api[0;1m ---[m
[[1;34mINFO[m] Building jar: /home/user/Workspace/reproducibility/Reproducibility-Scanner/benchmarks/bugs-dot-jar/maven/maven-plugin-api/target/maven-plugin-api-2.1-SNAPSHOT.jar
[[1;34mINFO[m] 
[[1;34mINFO[m] [1m--- [0;32mmaven-install-plugin:2.4:install[m [1m(default-install)[m @ [36mmaven-plugin-api[0;1m ---[m
[[1;34mINFO[m] Installing /home/user/Workspace/reproducibility/Reproducibility-Scanner/benchmarks/bugs-dot-jar/maven/maven-plugin-api/target/maven-plugin-api-2.1-SNAPSHOT.jar to /home/user/.m2/repository/org/apache/maven/maven-plugin-api/2.1-SNAPSHOT/maven-plugin-api-2.1-SNAPSHOT.jar
[[1;34mINFO[m] Installing /home/user/Workspace/reproducibility/Reproducibility-Scanner/benchmarks/bugs-dot-jar/maven/maven-plugin-api/pom.xml to /home/user/.m2/repository/org/apache/maven/maven-plugin-api/2.1-SNAPSHOT/maven-plugin-api-2.1-SNAPSHOT.pom
[[1;34mINFO[m] 
[[1;34mINFO[m] [1m--------------< [0;36morg.apache.maven:maven-plugin-descriptor[0;1m >--------------[m
[[1;34mINFO[m] [1mBuilding Maven Plugin Descriptor Model 2.1-SNAPSHOT              [17/32][m
[[1;34mINFO[m] [1m--------------------------------[ jar ]---------------------------------[m
[[1;34mINFO[m] 
[[1;34mINFO[m] [1m--- [0;32mmodello-maven-plugin:1.0-alpha-8:java[m [1m(default)[m @ [36mmaven-plugin-descriptor[0;1m ---[m
[[1;34mINFO[m] outputDirectory: /home/user/Workspace/reproducibility/Reproducibility-Scanner/benchmarks/bugs-dot-jar/maven/maven-plugin-descriptor/target/generated-sources/modello
[[1;34mINFO[m] 
[[1;34mINFO[m] [1m--- [0;32mmodello-maven-plugin:1.0-alpha-8:xpp3-reader[m [1m(default)[m @ [36mmaven-plugin-descriptor[0;1m ---[m
[[1;34mINFO[m] outputDirectory: /home/user/Workspace/reproducibility/Reproducibility-Scanner/benchmarks/bugs-dot-jar/maven/maven-plugin-descriptor/target/generated-sources/modello
[[1;34mINFO[m] 
[[1;34mINFO[m] [1m--- [0;32mmodello-maven-plugin:1.0-alpha-8:xpp3-writer[m [1m(default)[m @ [36mmaven-plugin-descriptor[0;1m ---[m
[[1;34mINFO[m] outputDirectory: /home/user/Workspace/reproducibility/Reproducibility-Scanner/benchmarks/bugs-dot-jar/maven/maven-plugin-descriptor/target/generated-sources/modello
[[1;34mINFO[m] 
[[1;34mINFO[m] [1m--- [0;32mmaven-resources-plugin:2.6:resources[m [1m(default-resources)[m @ [36mmaven-plugin-descriptor[0;1m ---[m
[[1;33mWARNING[m] Using platform encoding (UTF-8 actually) to copy filtered resources, i.e. build is platform dependent!
[[1;34mINFO[m] skip non existing resourceDirectory /home/user/Workspace/reproducibility/Reproducibility-Scanner/benchmarks/bugs-dot-jar/maven/maven-plugin-descriptor/src/main/resources
[[1;34mINFO[m] 
[[1;34mINFO[m] [1m--- [0;32mmaven-compiler-plugin:3.1:compile[m [1m(default-compile)[m @ [36mmaven-plugin-descriptor[0;1m ---[m
[[1;34mINFO[m] Changes detected - recompiling the module!
[[1;33mWARNING[m] File encoding has not been set, using platform encoding UTF-8, i.e. build is platform dependent!
[[1;34mINFO[m] Compiling 15 source files to /home/user/Workspace/reproducibility/Reproducibility-Scanner/benchmarks/bugs-dot-jar/maven/maven-plugin-descriptor/target/classes
[[1;33mWARNING[m] /home/user/Workspace/reproducibility/Reproducibility-Scanner/benchmarks/bugs-dot-jar/maven/maven-plugin-descriptor/target/generated-sources/modello/org/apache/maven/plugin/lifecycle/Execution.java: Some input files use unchecked or unsafe operations.
[[1;33mWARNING[m] /home/user/Workspace/reproducibility/Reproducibility-Scanner/benchmarks/bugs-dot-jar/maven/maven-plugin-descriptor/target/generated-sources/modello/org/apache/maven/plugin/lifecycle/Execution.java: Recompile with -Xlint:unchecked for details.
[[1;34mINFO[m] 
[[1;34mINFO[m] [1m--- [0;32mmaven-resources-plugin:2.6:testResources[m [1m(default-testResources)[m @ [36mmaven-plugin-descriptor[0;1m ---[m
[[1;33mWARNING[m] Using platform encoding (UTF-8 actually) to copy filtered resources, i.e. build is platform dependent!
[[1;34mINFO[m] Copying 1 resource
[[1;34mINFO[m] 
[[1;34mINFO[m] [1m--- [0;32mmaven-compiler-plugin:3.1:testCompile[m [1m(default-testCompile)[m @ [36mmaven-plugin-descriptor[0;1m ---[m
[[1;34mINFO[m] Changes detected - recompiling the module!
[[1;33mWARNING[m] File encoding has not been set, using platform encoding UTF-8, i.e. build is platform dependent!
[[1;34mINFO[m] Compiling 1 source file to /home/user/Workspace/reproducibility/Reproducibility-Scanner/benchmarks/bugs-dot-jar/maven/maven-plugin-descriptor/target/test-classes
[[1;34mINFO[m] 
[[1;34mINFO[m] [1m--- [0;32mmaven-surefire-plugin:2.12.4:test[m [1m(default-test)[m @ [36mmaven-plugin-descriptor[0;1m ---[m
[[1;34mINFO[m] Tests are skipped.
[[1;34mINFO[m] 
[[1;34mINFO[m] [1m--- [0;32mmaven-jar-plugin:2.4:jar[m [1m(default-jar)[m @ [36mmaven-plugin-descriptor[0;1m ---[m
[[1;34mINFO[m] Building jar: /home/user/Workspace/reproducibility/Reproducibility-Scanner/benchmarks/bugs-dot-jar/maven/maven-plugin-descriptor/target/maven-plugin-descriptor-2.1-SNAPSHOT.jar
[[1;34mINFO[m] 
[[1;34mINFO[m] [1m--- [0;32mmaven-install-plugin:2.4:install[m [1m(default-install)[m @ [36mmaven-plugin-descriptor[0;1m ---[m
[[1;34mINFO[m] Installing /home/user/Workspace/reproducibility/Reproducibility-Scanner/benchmarks/bugs-dot-jar/maven/maven-plugin-descriptor/target/maven-plugin-descriptor-2.1-SNAPSHOT.jar to /home/user/.m2/repository/org/apache/maven/maven-plugin-descriptor/2.1-SNAPSHOT/maven-plugin-descriptor-2.1-SNAPSHOT.jar
[[1;34mINFO[m] Installing /home/user/Workspace/reproducibility/Reproducibility-Scanner/benchmarks/bugs-dot-jar/maven/maven-plugin-descriptor/pom.xml to /home/user/.m2/repository/org/apache/maven/maven-plugin-descriptor/2.1-SNAPSHOT/maven-plugin-descriptor-2.1-SNAPSHOT.pom
[[1;34mINFO[m] 
[[1;34mINFO[m] [1m-------------------< [0;36morg.apache.maven:maven-monitor[0;1m >-------------------[m
[[1;34mINFO[m] [1mBuilding Maven Monitor 2.1-SNAPSHOT                              [18/32][m
[[1;34mINFO[m] [1m--------------------------------[ jar ]---------------------------------[m
[[1;34mINFO[m] 
[[1;34mINFO[m] [1m--- [0;32mmaven-resources-plugin:2.6:resources[m [1m(default-resources)[m @ [36mmaven-monitor[0;1m ---[m
[[1;33mWARNING[m] Using platform encoding (UTF-8 actually) to copy filtered resources, i.e. build is platform dependent!
[[1;34mINFO[m] skip non existing resourceDirectory /home/user/Workspace/reproducibility/Reproducibility-Scanner/benchmarks/bugs-dot-jar/maven/maven-monitor/src/main/resources
[[1;34mINFO[m] 
[[1;34mINFO[m] [1m--- [0;32mmaven-compiler-plugin:3.1:compile[m [1m(default-compile)[m @ [36mmaven-monitor[0;1m ---[m
[[1;34mINFO[m] Changes detected - recompiling the module!
[[1;33mWARNING[m] File encoding has not been set, using platform encoding UTF-8, i.e. build is platform dependent!
[[1;34mINFO[m] Compiling 5 source files to /home/user/Workspace/reproducibility/Reproducibility-Scanner/benchmarks/bugs-dot-jar/maven/maven-monitor/target/classes
[[1;33mWARNING[m] /home/user/Workspace/reproducibility/Reproducibility-Scanner/benchmarks/bugs-dot-jar/maven/maven-monitor/src/main/java/org/apache/maven/monitor/event/DefaultEventDispatcher.java: /home/user/Workspace/reproducibility/Reproducibility-Scanner/benchmarks/bugs-dot-jar/maven/maven-monitor/src/main/java/org/apache/maven/monitor/event/DefaultEventDispatcher.java uses unchecked or unsafe operations.
[[1;33mWARNING[m] /home/user/Workspace/reproducibility/Reproducibility-Scanner/benchmarks/bugs-dot-jar/maven/maven-monitor/src/main/java/org/apache/maven/monitor/event/DefaultEventDispatcher.java: Recompile with -Xlint:unchecked for details.
[[1;34mINFO[m] 
[[1;34mINFO[m] [1m--- [0;32mmaven-resources-plugin:2.6:testResources[m [1m(default-testResources)[m @ [36mmaven-monitor[0;1m ---[m
[[1;33mWARNING[m] Using platform encoding (UTF-8 actually) to copy filtered resources, i.e. build is platform dependent!
[[1;34mINFO[m] skip non existing resourceDirectory /home/user/Workspace/reproducibility/Reproducibility-Scanner/benchmarks/bugs-dot-jar/maven/maven-monitor/src/test/resources
[[1;34mINFO[m] 
[[1;34mINFO[m] [1m--- [0;32mmaven-compiler-plugin:3.1:testCompile[m [1m(default-testCompile)[m @ [36mmaven-monitor[0;1m ---[m
[[1;34mINFO[m] No sources to compile
[[1;34mINFO[m] 
[[1;34mINFO[m] [1m--- [0;32mmaven-surefire-plugin:2.12.4:test[m [1m(default-test)[m @ [36mmaven-monitor[0;1m ---[m
[[1;34mINFO[m] Tests are skipped.
[[1;34mINFO[m] 
[[1;34mINFO[m] [1m--- [0;32mmaven-jar-plugin:2.4:jar[m [1m(default-jar)[m @ [36mmaven-monitor[0;1m ---[m
[[1;34mINFO[m] Building jar: /home/user/Workspace/reproducibility/Reproducibility-Scanner/benchmarks/bugs-dot-jar/maven/maven-monitor/target/maven-monitor-2.1-SNAPSHOT.jar
[[1;34mINFO[m] 
[[1;34mINFO[m] [1m--- [0;32mmaven-install-plugin:2.4:install[m [1m(default-install)[m @ [36mmaven-monitor[0;1m ---[m
[[1;34mINFO[m] Installing /home/user/Workspace/reproducibility/Reproducibility-Scanner/benchmarks/bugs-dot-jar/maven/maven-monitor/target/maven-monitor-2.1-SNAPSHOT.jar to /home/user/.m2/repository/org/apache/maven/maven-monitor/2.1-SNAPSHOT/maven-monitor-2.1-SNAPSHOT.jar
[[1;34mINFO[m] Installing /home/user/Workspace/reproducibility/Reproducibility-Scanner/benchmarks/bugs-dot-jar/maven/maven-monitor/pom.xml to /home/user/.m2/repository/org/apache/maven/maven-monitor/2.1-SNAPSHOT/maven-monitor-2.1-SNAPSHOT.pom
[[1;34mINFO[m] 
[[1;34mINFO[m] [1m--------------------< [0;36morg.apache.maven:maven-core[0;1m >---------------------[m
[[1;34mINFO[m] [1mBuilding Maven Core 2.1-SNAPSHOT                                 [19/32][m
[[1;34mINFO[m] [1m--------------------------------[ jar ]---------------------------------[m
Downloading from central: https://repo.maven.apache.org/maven2/org/apache/maven/wagon/wagon-http-lightweight/1.0-alpha-6/wagon-http-lightweight-1.0-alpha-6.pom
Progress (1): 855 B                   Downloaded from central: https://repo.maven.apache.org/maven2/org/apache/maven/wagon/wagon-http-lightweight/1.0-alpha-6/wagon-http-lightweight-1.0-alpha-6.pom (855 B at 5.0 kB/s)
Downloading from apache.snapshots: http://people.apache.org/repo/m2-snapshot-repository/org/apache/maven/reporting/maven-reporting-api/2.1-SNAPSHOT/maven-metadata.xml
Downloading from central: https://repo.maven.apache.org/maven2/org/apache/maven/wagon/wagon-ssh/1.0-alpha-7/wagon-ssh-1.0-alpha-7.pom
Progress (1): 1.3 kB                    Downloaded from central: https://repo.maven.apache.org/maven2/org/apache/maven/wagon/wagon-ssh/1.0-alpha-7/wagon-ssh-1.0-alpha-7.pom (1.3 kB at 18 kB/s)
Downloading from central: https://repo.maven.apache.org/maven2/com/jcraft/jsch/0.1.24/jsch-0.1.24.pom
Progress (1): 485 B                   Downloaded from central: https://repo.maven.apache.org/maven2/com/jcraft/jsch/0.1.24/jsch-0.1.24.pom (485 B at 35 kB/s)
Downloading from central: https://repo.maven.apache.org/maven2/org/apache/maven/wagon/wagon-http-lightweight/1.0-alpha-6/wagon-http-lightweight-1.0-alpha-6.jar
Downloading from central: https://repo.maven.apache.org/maven2/org/apache/maven/wagon/wagon-ssh/1.0-alpha-7/wagon-ssh-1.0-alpha-7.jar
Downloading from central: https://repo.maven.apache.org/maven2/com/jcraft/jsch/0.1.24/jsch-0.1.24.jar
Progress (1): 4.1/117 kBProgress (1): 8.2/117 kBProgress (1): 12/117 kB Progress (1): 16/117 kBProgress (1): 20/117 kBProgress (1): 24/117 kBProgress (1): 28/117 kBProgress (1): 32/117 kBProgress (1): 36/117 kBProgress (1): 40/117 kBProgress (1): 45/117 kBProgress (1): 49/117 kBProgress (1): 53/117 kBProgress (1): 57/117 kBProgress (1): 61/117 kBProgress (1): 65/117 kBProgress (1): 69/117 kBProgress (1): 73/117 kBProgress (1): 77/117 kBProgress (1): 81/117 kBProgress (1): 85/117 kBProgress (1): 90/117 kBProgress (1): 94/117 kBProgress (1): 98/117 kBProgress (1): 102/117 kBProgress (1): 106/117 kBProgress (1): 110/117 kBProgress (1): 114/117 kBProgress (1): 117 kB    Progress (2): 117 kB | 4.1/32 kBProgress (2): 117 kB | 8.2/32 kBProgress (2): 117 kB | 12/32 kB Progress (2): 117 kB | 16/32 kBProgress (2): 117 kB | 20/32 kBProgress (2): 117 kB | 24/32 kBProgress (2): 117 kB | 28/32 kBProgress (2): 117 kB | 32/32 kBProgress (2): 117 kB | 32 kB                               Downloaded from central: https://repo.maven.apache.org/maven2/org/apache/maven/wagon/wagon-ssh/1.0-alpha-7/wagon-ssh-1.0-alpha-7.jar (32 kB at 717 kB/s)
Progress (2): 117 kB | 4.1/8.3 kBProgress (2): 117 kB | 8.2/8.3 kBProgress (2): 117 kB | 8.3 kB                                 Downloaded from central: https://repo.maven.apache.org/maven2/org/apache/maven/wagon/wagon-http-lightweight/1.0-alpha-6/wagon-http-lightweight-1.0-alpha-6.jar (8.3 kB at 104 kB/s)
Downloaded from central: https://repo.maven.apache.org/maven2/com/jcraft/jsch/0.1.24/jsch-0.1.24.jar (117 kB at 1.3 MB/s)
Downloading from apache.snapshots: http://people.apache.org/repo/m2-snapshot-repository/org/apache/maven/reporting/maven-reporting-api/2.1-SNAPSHOT/maven-reporting-api-2.1-SNAPSHOT.jar
[[1;34mINFO[m] 
[[1;34mINFO[m] [1m----------------< [0;36morg.apache.maven:maven-plugin-tools[0;1m >-----------------[m
[[1;34mINFO[m] [1mBuilding Maven Plugin Tools Base POM 2.1-SNAPSHOT                [20/32][m
[[1;34mINFO[m] [1m--------------------------------[ pom ]---------------------------------[m
[[1;34mINFO[m] 
[[1;34mINFO[m] [1m--- [0;32mmaven-install-plugin:2.4:install[m [1m(default-install)[m @ [36mmaven-plugin-tools[0;1m ---[m
[[1;34mINFO[m] Installing /home/user/Workspace/reproducibility/Reproducibility-Scanner/benchmarks/bugs-dot-jar/maven/maven-plugin-tools/pom.xml to /home/user/.m2/repository/org/apache/maven/maven-plugin-tools/2.1-SNAPSHOT/maven-plugin-tools-2.1-SNAPSHOT.pom
[[1;34mINFO[m] 
[[1;34mINFO[m] [1m--------------< [0;36morg.apache.maven:maven-plugin-tools-api[0;1m >---------------[m
[[1;34mINFO[m] [1mBuilding Maven Plugin Tools APIs 2.1-SNAPSHOT                    [21/32][m
[[1;34mINFO[m] [1m--------------------------------[ jar ]---------------------------------[m
[[1;34mINFO[m] 
[[1;34mINFO[m] [1m--- [0;32mmaven-resources-plugin:2.6:resources[m [1m(default-resources)[m @ [36mmaven-plugin-tools-api[0;1m ---[m
[[1;33mWARNING[m] Using platform encoding (UTF-8 actually) to copy filtered resources, i.e. build is platform dependent!
[[1;34mINFO[m] Copying 1 resource
[[1;34mINFO[m] 
[[1;34mINFO[m] [1m--- [0;32mmaven-compiler-plugin:3.1:compile[m [1m(default-compile)[m @ [36mmaven-plugin-tools-api[0;1m ---[m
[[1;34mINFO[m] Changes detected - recompiling the module!
[[1;33mWARNING[m] File encoding has not been set, using platform encoding UTF-8, i.e. build is platform dependent!
[[1;34mINFO[m] Compiling 10 source files to /home/user/Workspace/reproducibility/Reproducibility-Scanner/benchmarks/bugs-dot-jar/maven/maven-plugin-tools/maven-plugin-tools-api/target/classes
[[1;33mWARNING[m] /home/user/Workspace/reproducibility/Reproducibility-Scanner/benchmarks/bugs-dot-jar/maven/maven-plugin-tools/maven-plugin-tools-api/src/main/java/org/apache/maven/tools/plugin/generator/PluginXdocGenerator.java: Some input files use unchecked or unsafe operations.
[[1;33mWARNING[m] /home/user/Workspace/reproducibility/Reproducibility-Scanner/benchmarks/bugs-dot-jar/maven/maven-plugin-tools/maven-plugin-tools-api/src/main/java/org/apache/maven/tools/plugin/generator/PluginXdocGenerator.java: Recompile with -Xlint:unchecked for details.
[[1;34mINFO[m] 
[[1;34mINFO[m] [1m--- [0;32mmaven-resources-plugin:2.6:testResources[m [1m(default-testResources)[m @ [36mmaven-plugin-tools-api[0;1m ---[m
[[1;33mWARNING[m] Using platform encoding (UTF-8 actually) to copy filtered resources, i.e. build is platform dependent!
[[1;34mINFO[m] Copying 3 resources
[[1;34mINFO[m] 
[[1;34mINFO[m] [1m--- [0;32mmaven-compiler-plugin:3.1:testCompile[m [1m(default-testCompile)[m @ [36mmaven-plugin-tools-api[0;1m ---[m
[[1;34mINFO[m] Changes detected - recompiling the module!
[[1;33mWARNING[m] File encoding has not been set, using platform encoding UTF-8, i.e. build is platform dependent!
[[1;34mINFO[m] Compiling 7 source files to /home/user/Workspace/reproducibility/Reproducibility-Scanner/benchmarks/bugs-dot-jar/maven/maven-plugin-tools/maven-plugin-tools-api/target/test-classes
[[1;33mWARNING[m] /home/user/Workspace/reproducibility/Reproducibility-Scanner/benchmarks/bugs-dot-jar/maven/maven-plugin-tools/maven-plugin-tools-api/src/test/java/org/apache/maven/tools/plugin/generator/AbstractGeneratorTestCase.java: /home/user/Workspace/reproducibility/Reproducibility-Scanner/benchmarks/bugs-dot-jar/maven/maven-plugin-tools/maven-plugin-tools-api/src/test/java/org/apache/maven/tools/plugin/generator/AbstractGeneratorTestCase.java uses unchecked or unsafe operations.
[[1;33mWARNING[m] /home/user/Workspace/reproducibility/Reproducibility-Scanner/benchmarks/bugs-dot-jar/maven/maven-plugin-tools/maven-plugin-tools-api/src/test/java/org/apache/maven/tools/plugin/generator/AbstractGeneratorTestCase.java: Recompile with -Xlint:unchecked for details.
[[1;34mINFO[m] 
[[1;34mINFO[m] [1m--- [0;32mmaven-surefire-plugin:2.12.4:test[m [1m(default-test)[m @ [36mmaven-plugin-tools-api[0;1m ---[m
[[1;34mINFO[m] Tests are skipped.
[[1;34mINFO[m] 
[[1;34mINFO[m] [1m--- [0;32mmaven-jar-plugin:2.4:jar[m [1m(default-jar)[m @ [36mmaven-plugin-tools-api[0;1m ---[m
[[1;34mINFO[m] Building jar: /home/user/Workspace/reproducibility/Reproducibility-Scanner/benchmarks/bugs-dot-jar/maven/maven-plugin-tools/maven-plugin-tools-api/target/maven-plugin-tools-api-2.1-SNAPSHOT.jar
[[1;34mINFO[m] 
[[1;34mINFO[m] [1m--- [0;32mmaven-install-plugin:2.4:install[m [1m(default-install)[m @ [36mmaven-plugin-tools-api[0;1m ---[m
[[1;34mINFO[m] Installing /home/user/Workspace/reproducibility/Reproducibility-Scanner/benchmarks/bugs-dot-jar/maven/maven-plugin-tools/maven-plugin-tools-api/target/maven-plugin-tools-api-2.1-SNAPSHOT.jar to /home/user/.m2/repository/org/apache/maven/maven-plugin-tools-api/2.1-SNAPSHOT/maven-plugin-tools-api-2.1-SNAPSHOT.jar
[[1;34mINFO[m] Installing /home/user/Workspace/reproducibility/Reproducibility-Scanner/benchmarks/bugs-dot-jar/maven/maven-plugin-tools/maven-plugin-tools-api/pom.xml to /home/user/.m2/repository/org/apache/maven/maven-plugin-tools-api/2.1-SNAPSHOT/maven-plugin-tools-api-2.1-SNAPSHOT.pom
[[1;34mINFO[m] 
[[1;34mINFO[m] [1m--------------< [0;36morg.apache.maven:maven-plugin-tools-java[0;1m >--------------[m
[[1;34mINFO[m] [1mBuilding Maven Plugin Tools for Java 2.1-SNAPSHOT                [22/32][m
[[1;34mINFO[m] [1m--------------------------------[ jar ]---------------------------------[m
Downloading from central: https://repo.maven.apache.org/maven2/qdox/qdox/1.5/qdox-1.5.pom
Progress (1): 140 B                   Downloaded from central: https://repo.maven.apache.org/maven2/qdox/qdox/1.5/qdox-1.5.pom (140 B at 7.4 kB/s)
Downloading from central: https://repo.maven.apache.org/maven2/qdox/qdox/1.5/qdox-1.5.jar
Progress (1): 4.1/79 kBProgress (1): 8.2/79 kBProgress (1): 12/79 kB Progress (1): 16/79 kBProgress (1): 20/79 kBProgress (1): 24/79 kBProgress (1): 28/79 kBProgress (1): 32/79 kBProgress (1): 36/79 kBProgress (1): 40/79 kBProgress (1): 45/79 kBProgress (1): 49/79 kBProgress (1): 53/79 kBProgress (1): 57/79 kBProgress (1): 61/79 kBProgress (1): 65/79 kBProgress (1): 69/79 kBProgress (1): 73/79 kBProgress (1): 77/79 kBProgress (1): 79 kB                      Downloaded from central: https://repo.maven.apache.org/maven2/qdox/qdox/1.5/qdox-1.5.jar (79 kB at 4.0 MB/s)
[[1;34mINFO[m] 
[[1;34mINFO[m] [1m--- [0;32mmaven-resources-plugin:2.6:resources[m [1m(default-resources)[m @ [36mmaven-plugin-tools-java[0;1m ---[m
[[1;33mWARNING[m] Using platform encoding (UTF-8 actually) to copy filtered resources, i.e. build is platform dependent!
[[1;34mINFO[m] Copying 1 resource
[[1;34mINFO[m] 
[[1;34mINFO[m] [1m--- [0;32mmaven-compiler-plugin:3.1:compile[m [1m(default-compile)[m @ [36mmaven-plugin-tools-java[0;1m ---[m
[[1;34mINFO[m] Changes detected - recompiling the module!
[[1;33mWARNING[m] File encoding has not been set, using platform encoding UTF-8, i.e. build is platform dependent!
[[1;34mINFO[m] Compiling 1 source file to /home/user/Workspace/reproducibility/Reproducibility-Scanner/benchmarks/bugs-dot-jar/maven/maven-plugin-tools/maven-plugin-tools-java/target/classes
[[1;33mWARNING[m] /home/user/Workspace/reproducibility/Reproducibility-Scanner/benchmarks/bugs-dot-jar/maven/maven-plugin-tools/maven-plugin-tools-java/src/main/java/org/apache/maven/tools/plugin/extractor/java/JavaMojoDescriptorExtractor.java: /home/user/Workspace/reproducibility/Reproducibility-Scanner/benchmarks/bugs-dot-jar/maven/maven-plugin-tools/maven-plugin-tools-java/src/main/java/org/apache/maven/tools/plugin/extractor/java/JavaMojoDescriptorExtractor.java uses unchecked or unsafe operations.
[[1;33mWARNING[m] /home/user/Workspace/reproducibility/Reproducibility-Scanner/benchmarks/bugs-dot-jar/maven/maven-plugin-tools/maven-plugin-tools-java/src/main/java/org/apache/maven/tools/plugin/extractor/java/JavaMojoDescriptorExtractor.java: Recompile with -Xlint:unchecked for details.
[[1;34mINFO[m] 
[[1;34mINFO[m] [1m--- [0;32mmaven-resources-plugin:2.6:testResources[m [1m(default-testResources)[m @ [36mmaven-plugin-tools-java[0;1m ---[m
[[1;33mWARNING[m] Using platform encoding (UTF-8 actually) to copy filtered resources, i.e. build is platform dependent!
[[1;34mINFO[m] Copying 6 resources
[[1;34mINFO[m] 
[[1;34mINFO[m] [1m--- [0;32mmaven-compiler-plugin:3.1:testCompile[m [1m(default-testCompile)[m @ [36mmaven-plugin-tools-java[0;1m ---[m
[[1;34mINFO[m] Changes detected - recompiling the module!
[[1;33mWARNING[m] File encoding has not been set, using platform encoding UTF-8, i.e. build is platform dependent!
[[1;34mINFO[m] Compiling 1 source file to /home/user/Workspace/reproducibility/Reproducibility-Scanner/benchmarks/bugs-dot-jar/maven/maven-plugin-tools/maven-plugin-tools-java/target/test-classes
[[1;34mINFO[m] -------------------------------------------------------------
[[1;31mERROR[m] COMPILATION ERROR : 
[[1;34mINFO[m] -------------------------------------------------------------
[[1;31mERROR[m] /home/user/Workspace/reproducibility/Reproducibility-Scanner/benchmarks/bugs-dot-jar/maven/maven-plugin-tools/maven-plugin-tools-java/src/test/java/org/apache/maven/tools/plugin/extractor/java/JavaMojoDescriptorExtractorTest.java:[30,19] package source2.sub does not exist
[[1;31mERROR[m] /home/user/Workspace/reproducibility/Reproducibility-Scanner/benchmarks/bugs-dot-jar/maven/maven-plugin-tools/maven-plugin-tools-java/src/test/java/org/apache/maven/tools/plugin/extractor/java/JavaMojoDescriptorExtractorTest.java:[94,23] cannot find symbol
  symbol:   class MyBla
  location: class org.apache.maven.tools.plugin.extractor.java.JavaMojoDescriptorExtractorTest
[[1;34mINFO[m] 2 errors 
[[1;34mINFO[m] -------------------------------------------------------------
[[1;34mINFO[m] 
[[1;34mINFO[m] [1m-----------< [0;36morg.apache.maven:maven-plugin-tools-beanshell[0;1m >------------[m
[[1;34mINFO[m] [1mBuilding Maven Plugin Tools for Beanshell 2.1-SNAPSHOT           [23/32][m
[[1;34mINFO[m] [1m--------------------------------[ jar ]---------------------------------[m
[[1;34mINFO[m] 
[[1;34mINFO[m] [1m--- [0;32mmaven-resources-plugin:2.6:resources[m [1m(default-resources)[m @ [36mmaven-plugin-tools-beanshell[0;1m ---[m
[[1;33mWARNING[m] Using platform encoding (UTF-8 actually) to copy filtered resources, i.e. build is platform dependent!
[[1;34mINFO[m] Copying 2 resources
[[1;34mINFO[m] 
[[1;34mINFO[m] [1m--- [0;32mmaven-compiler-plugin:3.1:compile[m [1m(default-compile)[m @ [36mmaven-plugin-tools-beanshell[0;1m ---[m
[[1;34mINFO[m] Changes detected - recompiling the module!
[[1;33mWARNING[m] File encoding has not been set, using platform encoding UTF-8, i.e. build is platform dependent!
[[1;34mINFO[m] Compiling 1 source file to /home/user/Workspace/reproducibility/Reproducibility-Scanner/benchmarks/bugs-dot-jar/maven/maven-plugin-tools/maven-plugin-tools-beanshell/target/classes
[[1;33mWARNING[m] /home/user/Workspace/reproducibility/Reproducibility-Scanner/benchmarks/bugs-dot-jar/maven/maven-plugin-tools/maven-plugin-tools-beanshell/src/main/java/org/apache/maven/tools/plugin/extractor/beanshell/BeanshellMojoDescriptorExtractor.java: /home/user/Workspace/reproducibility/Reproducibility-Scanner/benchmarks/bugs-dot-jar/maven/maven-plugin-tools/maven-plugin-tools-beanshell/src/main/java/org/apache/maven/tools/plugin/extractor/beanshell/BeanshellMojoDescriptorExtractor.java uses unchecked or unsafe operations.
[[1;33mWARNING[m] /home/user/Workspace/reproducibility/Reproducibility-Scanner/benchmarks/bugs-dot-jar/maven/maven-plugin-tools/maven-plugin-tools-beanshell/src/main/java/org/apache/maven/tools/plugin/extractor/beanshell/BeanshellMojoDescriptorExtractor.java: Recompile with -Xlint:unchecked for details.
[[1;34mINFO[m] 
[[1;34mINFO[m] [1m--- [0;32mmaven-resources-plugin:2.6:testResources[m [1m(default-testResources)[m @ [36mmaven-plugin-tools-beanshell[0;1m ---[m
[[1;33mWARNING[m] Using platform encoding (UTF-8 actually) to copy filtered resources, i.e. build is platform dependent!
[[1;34mINFO[m] skip non existing resourceDirectory /home/user/Workspace/reproducibility/Reproducibility-Scanner/benchmarks/bugs-dot-jar/maven/maven-plugin-tools/maven-plugin-tools-beanshell/src/test/resources
[[1;34mINFO[m] 
[[1;34mINFO[m] [1m--- [0;32mmaven-compiler-plugin:3.1:testCompile[m [1m(default-testCompile)[m @ [36mmaven-plugin-tools-beanshell[0;1m ---[m
[[1;34mINFO[m] No sources to compile
[[1;34mINFO[m] 
[[1;34mINFO[m] [1m--- [0;32mmaven-surefire-plugin:2.12.4:test[m [1m(default-test)[m @ [36mmaven-plugin-tools-beanshell[0;1m ---[m
[[1;34mINFO[m] Tests are skipped.
[[1;34mINFO[m] 
[[1;34mINFO[m] [1m--- [0;32mmaven-jar-plugin:2.4:jar[m [1m(default-jar)[m @ [36mmaven-plugin-tools-beanshell[0;1m ---[m
[[1;34mINFO[m] Building jar: /home/user/Workspace/reproducibility/Reproducibility-Scanner/benchmarks/bugs-dot-jar/maven/maven-plugin-tools/maven-plugin-tools-beanshell/target/maven-plugin-tools-beanshell-2.1-SNAPSHOT.jar
[[1;34mINFO[m] 
[[1;34mINFO[m] [1m--- [0;32mmaven-install-plugin:2.4:install[m [1m(default-install)[m @ [36mmaven-plugin-tools-beanshell[0;1m ---[m
[[1;34mINFO[m] Installing /home/user/Workspace/reproducibility/Reproducibility-Scanner/benchmarks/bugs-dot-jar/maven/maven-plugin-tools/maven-plugin-tools-beanshell/target/maven-plugin-tools-beanshell-2.1-SNAPSHOT.jar to /home/user/.m2/repository/org/apache/maven/maven-plugin-tools-beanshell/2.1-SNAPSHOT/maven-plugin-tools-beanshell-2.1-SNAPSHOT.jar
[[1;34mINFO[m] Installing /home/user/Workspace/reproducibility/Reproducibility-Scanner/benchmarks/bugs-dot-jar/maven/maven-plugin-tools/maven-plugin-tools-beanshell/pom.xml to /home/user/.m2/repository/org/apache/maven/maven-plugin-tools-beanshell/2.1-SNAPSHOT/maven-plugin-tools-beanshell-2.1-SNAPSHOT.pom
[[1;34mINFO[m] 
[[1;34mINFO[m] [1m-------------< [0;36morg.apache.maven:maven-plugin-tools-pluggy[0;1m >-------------[m
[[1;34mINFO[m] [1mBuilding Maven Pluggy Simplistic Plugin Generator 2.1-SNAPSHOT   [24/32][m
[[1;34mINFO[m] [1m--------------------------------[ jar ]---------------------------------[m
[[1;34mINFO[m] 
[[1;34mINFO[m] [1m--- [0;32mmaven-resources-plugin:2.6:resources[m [1m(default-resources)[m @ [36mmaven-plugin-tools-pluggy[0;1m ---[m
[[1;33mWARNING[m] Using platform encoding (UTF-8 actually) to copy filtered resources, i.e. build is platform dependent!
[[1;34mINFO[m] skip non existing resourceDirectory /home/user/Workspace/reproducibility/Reproducibility-Scanner/benchmarks/bugs-dot-jar/maven/maven-plugin-tools/maven-plugin-tools-pluggy/src/main/resources
[[1;34mINFO[m] 
[[1;34mINFO[m] [1m--- [0;32mmaven-compiler-plugin:3.1:compile[m [1m(default-compile)[m @ [36mmaven-plugin-tools-pluggy[0;1m ---[m
[[1;34mINFO[m] Changes detected - recompiling the module!
[[1;33mWARNING[m] File encoding has not been set, using platform encoding UTF-8, i.e. build is platform dependent!
[[1;34mINFO[m] Compiling 1 source file to /home/user/Workspace/reproducibility/Reproducibility-Scanner/benchmarks/bugs-dot-jar/maven/maven-plugin-tools/maven-plugin-tools-pluggy/target/classes
[[1;34mINFO[m] 
[[1;34mINFO[m] [1m--- [0;32mmaven-resources-plugin:2.6:testResources[m [1m(default-testResources)[m @ [36mmaven-plugin-tools-pluggy[0;1m ---[m
[[1;33mWARNING[m] Using platform encoding (UTF-8 actually) to copy filtered resources, i.e. build is platform dependent!
[[1;34mINFO[m] skip non existing resourceDirectory /home/user/Workspace/reproducibility/Reproducibility-Scanner/benchmarks/bugs-dot-jar/maven/maven-plugin-tools/maven-plugin-tools-pluggy/src/test/resources
[[1;34mINFO[m] 
[[1;34mINFO[m] [1m--- [0;32mmaven-compiler-plugin:3.1:testCompile[m [1m(default-testCompile)[m @ [36mmaven-plugin-tools-pluggy[0;1m ---[m
[[1;34mINFO[m] No sources to compile
[[1;34mINFO[m] 
[[1;34mINFO[m] [1m--- [0;32mmaven-surefire-plugin:2.12.4:test[m [1m(default-test)[m @ [36mmaven-plugin-tools-pluggy[0;1m ---[m
[[1;34mINFO[m] Tests are skipped.
[[1;34mINFO[m] 
[[1;34mINFO[m] [1m--- [0;32mmaven-jar-plugin:2.4:jar[m [1m(default-jar)[m @ [36mmaven-plugin-tools-pluggy[0;1m ---[m
[[1;34mINFO[m] Building jar: /home/user/Workspace/reproducibility/Reproducibility-Scanner/benchmarks/bugs-dot-jar/maven/maven-plugin-tools/maven-plugin-tools-pluggy/target/maven-plugin-tools-pluggy-2.1-SNAPSHOT.jar
[[1;34mINFO[m] 
[[1;34mINFO[m] [1m--- [0;32mmaven-install-plugin:2.4:install[m [1m(default-install)[m @ [36mmaven-plugin-tools-pluggy[0;1m ---[m
[[1;34mINFO[m] Installing /home/user/Workspace/reproducibility/Reproducibility-Scanner/benchmarks/bugs-dot-jar/maven/maven-plugin-tools/maven-plugin-tools-pluggy/target/maven-plugin-tools-pluggy-2.1-SNAPSHOT.jar to /home/user/.m2/repository/org/apache/maven/maven-plugin-tools-pluggy/2.1-SNAPSHOT/maven-plugin-tools-pluggy-2.1-SNAPSHOT.jar
[[1;34mINFO[m] Installing /home/user/Workspace/reproducibility/Reproducibility-Scanner/benchmarks/bugs-dot-jar/maven/maven-plugin-tools/maven-plugin-tools-pluggy/pom.xml to /home/user/.m2/repository/org/apache/maven/maven-plugin-tools-pluggy/2.1-SNAPSHOT/maven-plugin-tools-pluggy-2.1-SNAPSHOT.pom
[[1;34mINFO[m] 
[[1;34mINFO[m] [1m-------------< [0;36morg.apache.maven:maven-plugin-tools-model[0;1m >--------------[m
[[1;34mINFO[m] [1mBuilding Maven Plugin Metadata Model 2.1-SNAPSHOT                [25/32][m
[[1;34mINFO[m] [1m--------------------------------[ jar ]---------------------------------[m
[[1;34mINFO[m] 
[[1;34mINFO[m] [1m--- [0;32mmodello-maven-plugin:1.0-alpha-8:java[m [1m(default)[m @ [36mmaven-plugin-tools-model[0;1m ---[m
[[1;34mINFO[m] outputDirectory: /home/user/Workspace/reproducibility/Reproducibility-Scanner/benchmarks/bugs-dot-jar/maven/maven-plugin-tools/maven-plugin-tools-model/target/generated-sources/modello
[[1;34mINFO[m] 
[[1;34mINFO[m] [1m--- [0;32mmodello-maven-plugin:1.0-alpha-8:xpp3-reader[m [1m(default)[m @ [36mmaven-plugin-tools-model[0;1m ---[m
[[1;34mINFO[m] outputDirectory: /home/user/Workspace/reproducibility/Reproducibility-Scanner/benchmarks/bugs-dot-jar/maven/maven-plugin-tools/maven-plugin-tools-model/target/generated-sources/modello
[[1;34mINFO[m] 
[[1;34mINFO[m] [1m--- [0;32mmodello-maven-plugin:1.0-alpha-8:xpp3-writer[m [1m(default)[m @ [36mmaven-plugin-tools-model[0;1m ---[m
[[1;34mINFO[m] outputDirectory: /home/user/Workspace/reproducibility/Reproducibility-Scanner/benchmarks/bugs-dot-jar/maven/maven-plugin-tools/maven-plugin-tools-model/target/generated-sources/modello
[[1;34mINFO[m] 
[[1;34mINFO[m] [1m--- [0;32mmaven-resources-plugin:2.6:resources[m [1m(default-resources)[m @ [36mmaven-plugin-tools-model[0;1m ---[m
[[1;33mWARNING[m] Using platform encoding (UTF-8 actually) to copy filtered resources, i.e. build is platform dependent!
[[1;34mINFO[m] skip non existing resourceDirectory /home/user/Workspace/reproducibility/Reproducibility-Scanner/benchmarks/bugs-dot-jar/maven/maven-plugin-tools/maven-plugin-tools-model/src/main/resources
[[1;34mINFO[m] 
[[1;34mINFO[m] [1m--- [0;32mmaven-compiler-plugin:3.1:compile[m [1m(default-compile)[m @ [36mmaven-plugin-tools-model[0;1m ---[m
[[1;34mINFO[m] Changes detected - recompiling the module!
[[1;33mWARNING[m] File encoding has not been set, using platform encoding UTF-8, i.e. build is platform dependent!
[[1;34mINFO[m] Compiling 9 source files to /home/user/Workspace/reproducibility/Reproducibility-Scanner/benchmarks/bugs-dot-jar/maven/maven-plugin-tools/maven-plugin-tools-model/target/classes
[[1;33mWARNING[m] /home/user/Workspace/reproducibility/Reproducibility-Scanner/benchmarks/bugs-dot-jar/maven/maven-plugin-tools/maven-plugin-tools-model/target/generated-sources/modello/org/apache/maven/plugin/tools/model/PluginMetadata.java: Some input files use unchecked or unsafe operations.
[[1;33mWARNING[m] /home/user/Workspace/reproducibility/Reproducibility-Scanner/benchmarks/bugs-dot-jar/maven/maven-plugin-tools/maven-plugin-tools-model/target/generated-sources/modello/org/apache/maven/plugin/tools/model/PluginMetadata.java: Recompile with -Xlint:unchecked for details.
[[1;34mINFO[m] 
[[1;34mINFO[m] [1m--- [0;32mmaven-resources-plugin:2.6:testResources[m [1m(default-testResources)[m @ [36mmaven-plugin-tools-model[0;1m ---[m
[[1;33mWARNING[m] Using platform encoding (UTF-8 actually) to copy filtered resources, i.e. build is platform dependent!
[[1;34mINFO[m] skip non existing resourceDirectory /home/user/Workspace/reproducibility/Reproducibility-Scanner/benchmarks/bugs-dot-jar/maven/maven-plugin-tools/maven-plugin-tools-model/src/test/resources
[[1;34mINFO[m] 
[[1;34mINFO[m] [1m--- [0;32mmaven-compiler-plugin:3.1:testCompile[m [1m(default-testCompile)[m @ [36mmaven-plugin-tools-model[0;1m ---[m
[[1;34mINFO[m] No sources to compile
[[1;34mINFO[m] 
[[1;34mINFO[m] [1m--- [0;32mmaven-surefire-plugin:2.12.4:test[m [1m(default-test)[m @ [36mmaven-plugin-tools-model[0;1m ---[m
[[1;34mINFO[m] Tests are skipped.
[[1;34mINFO[m] 
[[1;34mINFO[m] [1m--- [0;32mmaven-jar-plugin:2.4:jar[m [1m(default-jar)[m @ [36mmaven-plugin-tools-model[0;1m ---[m
[[1;34mINFO[m] Building jar: /home/user/Workspace/reproducibility/Reproducibility-Scanner/benchmarks/bugs-dot-jar/maven/maven-plugin-tools/maven-plugin-tools-model/target/maven-plugin-tools-model-2.1-SNAPSHOT.jar
[[1;34mINFO[m] 
[[1;34mINFO[m] [1m--- [0;32mmaven-install-plugin:2.4:install[m [1m(default-install)[m @ [36mmaven-plugin-tools-model[0;1m ---[m
[[1;34mINFO[m] Installing /home/user/Workspace/reproducibility/Reproducibility-Scanner/benchmarks/bugs-dot-jar/maven/maven-plugin-tools/maven-plugin-tools-model/target/maven-plugin-tools-model-2.1-SNAPSHOT.jar to /home/user/.m2/repository/org/apache/maven/maven-plugin-tools-model/2.1-SNAPSHOT/maven-plugin-tools-model-2.1-SNAPSHOT.jar
[[1;34mINFO[m] Installing /home/user/Workspace/reproducibility/Reproducibility-Scanner/benchmarks/bugs-dot-jar/maven/maven-plugin-tools/maven-plugin-tools-model/pom.xml to /home/user/.m2/repository/org/apache/maven/maven-plugin-tools-model/2.1-SNAPSHOT/maven-plugin-tools-model-2.1-SNAPSHOT.pom
[[1;34mINFO[m] 
[[1;34mINFO[m] [1m--------------< [0;36morg.apache.maven:maven-plugin-tools-ant[0;1m >---------------[m
[[1;34mINFO[m] [1mBuilding Maven Ant Plugin Tools 2.1-SNAPSHOT                     [26/32][m
[[1;34mINFO[m] [1m--------------------------------[ jar ]---------------------------------[m
[[1;34mINFO[m] 
[[1;34mINFO[m] [1m--- [0;32mmaven-resources-plugin:2.6:resources[m [1m(default-resources)[m @ [36mmaven-plugin-tools-ant[0;1m ---[m
[[1;33mWARNING[m] Using platform encoding (UTF-8 actually) to copy filtered resources, i.e. build is platform dependent!
[[1;34mINFO[m] Copying 1 resource
[[1;34mINFO[m] 
[[1;34mINFO[m] [1m--- [0;32mmaven-compiler-plugin:3.1:compile[m [1m(default-compile)[m @ [36mmaven-plugin-tools-ant[0;1m ---[m
[[1;34mINFO[m] Changes detected - recompiling the module!
[[1;33mWARNING[m] File encoding has not been set, using platform encoding UTF-8, i.e. build is platform dependent!
[[1;34mINFO[m] Compiling 1 source file to /home/user/Workspace/reproducibility/Reproducibility-Scanner/benchmarks/bugs-dot-jar/maven/maven-plugin-tools/maven-plugin-tools-ant/target/classes
[[1;33mWARNING[m] /home/user/Workspace/reproducibility/Reproducibility-Scanner/benchmarks/bugs-dot-jar/maven/maven-plugin-tools/maven-plugin-tools-ant/src/main/java/org/apache/maven/tools/plugin/extractor/ant/AntMojoDescriptorExtractor.java: /home/user/Workspace/reproducibility/Reproducibility-Scanner/benchmarks/bugs-dot-jar/maven/maven-plugin-tools/maven-plugin-tools-ant/src/main/java/org/apache/maven/tools/plugin/extractor/ant/AntMojoDescriptorExtractor.java uses unchecked or unsafe operations.
[[1;33mWARNING[m] /home/user/Workspace/reproducibility/Reproducibility-Scanner/benchmarks/bugs-dot-jar/maven/maven-plugin-tools/maven-plugin-tools-ant/src/main/java/org/apache/maven/tools/plugin/extractor/ant/AntMojoDescriptorExtractor.java: Recompile with -Xlint:unchecked for details.
[[1;34mINFO[m] 
[[1;34mINFO[m] [1m--- [0;32mmaven-resources-plugin:2.6:testResources[m [1m(default-testResources)[m @ [36mmaven-plugin-tools-ant[0;1m ---[m
[[1;33mWARNING[m] Using platform encoding (UTF-8 actually) to copy filtered resources, i.e. build is platform dependent!
[[1;34mINFO[m] skip non existing resourceDirectory /home/user/Workspace/reproducibility/Reproducibility-Scanner/benchmarks/bugs-dot-jar/maven/maven-plugin-tools/maven-plugin-tools-ant/src/test/resources
[[1;34mINFO[m] 
[[1;34mINFO[m] [1m--- [0;32mmaven-compiler-plugin:3.1:testCompile[m [1m(default-testCompile)[m @ [36mmaven-plugin-tools-ant[0;1m ---[m
[[1;34mINFO[m] No sources to compile
[[1;34mINFO[m] 
[[1;34mINFO[m] [1m--- [0;32mmaven-surefire-plugin:2.12.4:test[m [1m(default-test)[m @ [36mmaven-plugin-tools-ant[0;1m ---[m
[[1;34mINFO[m] Tests are skipped.
[[1;34mINFO[m] 
[[1;34mINFO[m] [1m--- [0;32mmaven-jar-plugin:2.4:jar[m [1m(default-jar)[m @ [36mmaven-plugin-tools-ant[0;1m ---[m
[[1;34mINFO[m] Building jar: /home/user/Workspace/reproducibility/Reproducibility-Scanner/benchmarks/bugs-dot-jar/maven/maven-plugin-tools/maven-plugin-tools-ant/target/maven-plugin-tools-ant-2.1-SNAPSHOT.jar
[[1;34mINFO[m] 
[[1;34mINFO[m] [1m--- [0;32mmaven-install-plugin:2.4:install[m [1m(default-install)[m @ [36mmaven-plugin-tools-ant[0;1m ---[m
[[1;34mINFO[m] Installing /home/user/Workspace/reproducibility/Reproducibility-Scanner/benchmarks/bugs-dot-jar/maven/maven-plugin-tools/maven-plugin-tools-ant/target/maven-plugin-tools-ant-2.1-SNAPSHOT.jar to /home/user/.m2/repository/org/apache/maven/maven-plugin-tools-ant/2.1-SNAPSHOT/maven-plugin-tools-ant-2.1-SNAPSHOT.jar
[[1;34mINFO[m] Installing /home/user/Workspace/reproducibility/Reproducibility-Scanner/benchmarks/bugs-dot-jar/maven/maven-plugin-tools/maven-plugin-tools-ant/pom.xml to /home/user/.m2/repository/org/apache/maven/maven-plugin-tools-ant/2.1-SNAPSHOT/maven-plugin-tools-ant-2.1-SNAPSHOT.pom
[[1;34mINFO[m] 
[[1;34mINFO[m] [1m----------< [0;36morg.apache.maven.reporting:maven-reporting-impl[0;1m >-----------[m
[[1;34mINFO[m] [1mBuilding Maven Reporting Implementation 2.1-SNAPSHOT             [27/32][m
[[1;34mINFO[m] [1m--------------------------------[ jar ]---------------------------------[m
Downloading from apache.snapshots: http://people.apache.org/repo/m2-snapshot-repository/org/apache/maven/doxia/doxia-site-renderer/1.0-alpha-9-SNAPSHOT/maven-metadata.xml
Downloading from apache.snapshots: http://people.apache.org/repo/m2-snapshot-repository/org/apache/maven/doxia/doxia-site-renderer/1.0-alpha-9-SNAPSHOT/doxia-site-renderer-1.0-alpha-9-SNAPSHOT.pom
[[1;33mWARNING[m] The POM for org.apache.maven.doxia:doxia-site-renderer:jar:1.0-alpha-9-SNAPSHOT is missing, no dependency information available
Downloading from apache.snapshots: http://people.apache.org/repo/m2-snapshot-repository/org/apache/maven/doxia/doxia-site-renderer/1.0-alpha-9-SNAPSHOT/doxia-site-renderer-1.0-alpha-9-SNAPSHOT.jar
[[1;34mINFO[m] 
[[1;34mINFO[m] [1m-------------------< [0;36morg.apache.maven:maven-script[0;1m >--------------------[m
[[1;34mINFO[m] [1mBuilding Maven Script Support Root 2.1-SNAPSHOT                  [28/32][m
[[1;34mINFO[m] [1m--------------------------------[ pom ]---------------------------------[m
[[1;34mINFO[m] 
[[1;34mINFO[m] [1m--- [0;32mmaven-install-plugin:2.4:install[m [1m(default-install)[m @ [36mmaven-script[0;1m ---[m
[[1;34mINFO[m] Installing /home/user/Workspace/reproducibility/Reproducibility-Scanner/benchmarks/bugs-dot-jar/maven/maven-script/pom.xml to /home/user/.m2/repository/org/apache/maven/maven-script/2.1-SNAPSHOT/maven-script-2.1-SNAPSHOT.pom
[[1;34mINFO[m] 
[[1;34mINFO[m] [1m-----------------< [0;36morg.apache.maven:maven-script-ant[0;1m >------------------[m
[[1;34mINFO[m] [1mBuilding Maven Ant Mojo Support 2.1-SNAPSHOT                     [29/32][m
[[1;34mINFO[m] [1m--------------------------------[ jar ]---------------------------------[m
Downloading from codehaus-snapshots: http://snapshots.repository.codehaus.org/org/codehaus/plexus/plexus-ant-factory/1.0-alpha-2-SNAPSHOT/maven-metadata.xml
Downloading from apache.snapshots: http://people.apache.org/repo/m2-snapshot-repository/org/codehaus/plexus/plexus-ant-factory/1.0-alpha-2-SNAPSHOT/maven-metadata.xml
[[1;33mWARNING[m] Could not transfer metadata org.codehaus.plexus:plexus-ant-factory:1.0-alpha-2-SNAPSHOT/maven-metadata.xml from/to codehaus-snapshots (http://snapshots.repository.codehaus.org/): Transfer failed for http://snapshots.repository.codehaus.org/org/codehaus/plexus/plexus-ant-factory/1.0-alpha-2-SNAPSHOT/maven-metadata.xml
[[1;33mWARNING[m] Failure to transfer org.codehaus.plexus:plexus-ant-factory:1.0-alpha-2-SNAPSHOT/maven-metadata.xml from http://snapshots.repository.codehaus.org/ was cached in the local repository, resolution will not be reattempted until the update interval of codehaus-snapshots has elapsed or updates are forced. Original error: Could not transfer metadata org.codehaus.plexus:plexus-ant-factory:1.0-alpha-2-SNAPSHOT/maven-metadata.xml from/to codehaus-snapshots (http://snapshots.repository.codehaus.org/): Transfer failed for http://snapshots.repository.codehaus.org/org/codehaus/plexus/plexus-ant-factory/1.0-alpha-2-SNAPSHOT/maven-metadata.xml
Downloading from codehaus-snapshots: http://snapshots.repository.codehaus.org/org/codehaus/plexus/plexus-ant-factory/1.0-alpha-2-SNAPSHOT/plexus-ant-factory-1.0-alpha-2-SNAPSHOT.pom
Downloading from apache.snapshots: http://people.apache.org/repo/m2-snapshot-repository/org/codehaus/plexus/plexus-ant-factory/1.0-alpha-2-SNAPSHOT/plexus-ant-factory-1.0-alpha-2-SNAPSHOT.pom
[[1;34mINFO[m] 
[[1;34mINFO[m] [1m--------------< [0;36morg.apache.maven:maven-script-beanshell[0;1m >---------------[m
[[1;34mINFO[m] [1mBuilding Maven Beanshell Mojo Support 2.1-SNAPSHOT               [30/32][m
[[1;34mINFO[m] [1m--------------------------------[ jar ]---------------------------------[m
[[1;34mINFO[m] 
[[1;34mINFO[m] [1m--- [0;32mmaven-resources-plugin:2.6:resources[m [1m(default-resources)[m @ [36mmaven-script-beanshell[0;1m ---[m
[[1;33mWARNING[m] Using platform encoding (UTF-8 actually) to copy filtered resources, i.e. build is platform dependent!
[[1;34mINFO[m] skip non existing resourceDirectory /home/user/Workspace/reproducibility/Reproducibility-Scanner/benchmarks/bugs-dot-jar/maven/maven-script/maven-script-beanshell/src/main/resources
[[1;34mINFO[m] 
[[1;34mINFO[m] [1m--- [0;32mmaven-compiler-plugin:3.1:compile[m [1m(default-compile)[m @ [36mmaven-script-beanshell[0;1m ---[m
[[1;34mINFO[m] Changes detected - recompiling the module!
[[1;33mWARNING[m] File encoding has not been set, using platform encoding UTF-8, i.e. build is platform dependent!
[[1;34mINFO[m] Compiling 1 source file to /home/user/Workspace/reproducibility/Reproducibility-Scanner/benchmarks/bugs-dot-jar/maven/maven-script/maven-script-beanshell/target/classes
[[1;34mINFO[m] 
[[1;34mINFO[m] [1m--- [0;32mmaven-resources-plugin:2.6:testResources[m [1m(default-testResources)[m @ [36mmaven-script-beanshell[0;1m ---[m
[[1;33mWARNING[m] Using platform encoding (UTF-8 actually) to copy filtered resources, i.e. build is platform dependent!
[[1;34mINFO[m] skip non existing resourceDirectory /home/user/Workspace/reproducibility/Reproducibility-Scanner/benchmarks/bugs-dot-jar/maven/maven-script/maven-script-beanshell/src/test/resources
[[1;34mINFO[m] 
[[1;34mINFO[m] [1m--- [0;32mmaven-compiler-plugin:3.1:testCompile[m [1m(default-testCompile)[m @ [36mmaven-script-beanshell[0;1m ---[m
[[1;34mINFO[m] No sources to compile
[[1;34mINFO[m] 
[[1;34mINFO[m] [1m--- [0;32mmaven-surefire-plugin:2.12.4:test[m [1m(default-test)[m @ [36mmaven-script-beanshell[0;1m ---[m
[[1;34mINFO[m] Tests are skipped.
[[1;34mINFO[m] 
[[1;34mINFO[m] [1m--- [0;32mmaven-jar-plugin:2.4:jar[m [1m(default-jar)[m @ [36mmaven-script-beanshell[0;1m ---[m
[[1;34mINFO[m] Building jar: /home/user/Workspace/reproducibility/Reproducibility-Scanner/benchmarks/bugs-dot-jar/maven/maven-script/maven-script-beanshell/target/maven-script-beanshell-2.1-SNAPSHOT.jar
[[1;34mINFO[m] 
[[1;34mINFO[m] [1m--- [0;32mmaven-install-plugin:2.4:install[m [1m(default-install)[m @ [36mmaven-script-beanshell[0;1m ---[m
[[1;34mINFO[m] Installing /home/user/Workspace/reproducibility/Reproducibility-Scanner/benchmarks/bugs-dot-jar/maven/maven-script/maven-script-beanshell/target/maven-script-beanshell-2.1-SNAPSHOT.jar to /home/user/.m2/repository/org/apache/maven/maven-script-beanshell/2.1-SNAPSHOT/maven-script-beanshell-2.1-SNAPSHOT.jar
[[1;34mINFO[m] Installing /home/user/Workspace/reproducibility/Reproducibility-Scanner/benchmarks/bugs-dot-jar/maven/maven-script/maven-script-beanshell/pom.xml to /home/user/.m2/repository/org/apache/maven/maven-script-beanshell/2.1-SNAPSHOT/maven-script-beanshell-2.1-SNAPSHOT.pom
[[1;34mINFO[m] 
[[1;34mINFO[m] [1m------------------< [0;36morg.apache.maven:maven-embedder[0;1m >-------------------[m
[[1;34mINFO[m] [1mBuilding Maven Embedder 2.1-SNAPSHOT                             [31/32][m
[[1;34mINFO[m] [1m--------------------------------[ jar ]---------------------------------[m
Downloading from apache.snapshots: http://people.apache.org/repo/m2-snapshot-repository/org/apache/maven/maven-core/2.1-SNAPSHOT/maven-metadata.xml
Downloading from apache.snapshots: http://people.apache.org/repo/m2-snapshot-repository/org/apache/maven/maven-core/2.1-SNAPSHOT/maven-core-2.1-SNAPSHOT.jar
[[1;34mINFO[m] 
[[1;34mINFO[m] [1m---------------------< [0;36morg.apache.maven:maven-cli[0;1m >---------------------[m
[[1;34mINFO[m] [1mBuilding Maven Core - CLI 2.1-SNAPSHOT                           [32/32][m
[[1;34mINFO[m] [1m--------------------------------[ jar ]---------------------------------[m
Downloading from apache.snapshots: http://people.apache.org/repo/m2-snapshot-repository/org/apache/maven/maven-embedder/2.1-SNAPSHOT/maven-metadata.xml
Downloading from apache.snapshots: http://people.apache.org/repo/m2-snapshot-repository/org/apache/maven/maven-embedder/2.1-SNAPSHOT/maven-embedder-2.1-SNAPSHOT.jar
[[1;34mINFO[m] [1m------------------------------------------------------------------------[m
[[1;34mINFO[m] [1mReactor Summary for Maven 2.1-SNAPSHOT:[m
[[1;34mINFO[m] 
[[1;34mINFO[m] Maven .............................................. [1;32mSUCCESS[m [  0.223 s]
[[1;34mINFO[m] Maven Artifact ..................................... [1;32mSUCCESS[m [  1.951 s]
[[1;34mINFO[m] Maven Repository Metadata Model .................... [1;32mSUCCESS[m [  3.905 s]
[[1;34mINFO[m] Maven Artifact Manager ............................. [1;32mSUCCESS[m [  0.575 s]
[[1;34mINFO[m] Maven Model ........................................ [1;32mSUCCESS[m [  0.450 s]
[[1;34mINFO[m] Maven Local Settings Model ......................... [1;32mSUCCESS[m [  0.182 s]
[[1;34mINFO[m] Maven Artifact Test Helper Library ................. [1;32mSUCCESS[m [  0.045 s]
[[1;34mINFO[m] Maven Plugin Parameter Documenter API .............. [1;32mSUCCESS[m [  0.097 s]
[[1;34mINFO[m] Maven Reporting .................................... [1;32mSUCCESS[m [  0.004 s]
[[1;34mINFO[m] Maven Reporting API ................................ [1;31mFAILURE[m [  0.489 s]
[[1;34mINFO[m] Maven Profile Model ................................ [1;32mSUCCESS[m [  3.099 s]
[[1;34mINFO[m] Maven Error Diagnostics ............................ [1;32mSUCCESS[m [  0.061 s]
[[1;34mINFO[m] Maven Tools ........................................ [1;32mSUCCESS[m [  0.061 s]
[[1;34mINFO[m] Maven Project Builder .............................. [1;32mSUCCESS[m [  0.521 s]
[[1;34mINFO[m] Maven Plugin Registry Model ........................ [1;32mSUCCESS[m [  0.111 s]
[[1;34mINFO[m] Maven Plugin API ................................... [1;32mSUCCESS[m [  0.057 s]
[[1;34mINFO[m] Maven Plugin Descriptor Model ...................... [1;32mSUCCESS[m [  0.128 s]
[[1;34mINFO[m] Maven Monitor ...................................... [1;32mSUCCESS[m [  0.043 s]
[[1;34mINFO[m] Maven Core ......................................... [1;31mFAILURE[m [  0.696 s]
[[1;34mINFO[m] Maven Plugin Tools Base POM ........................ [1;32mSUCCESS[m [  0.007 s]
[[1;34mINFO[m] Maven Plugin Tools APIs ............................ [1;32mSUCCESS[m [  0.161 s]
[[1;34mINFO[m] Maven Plugin Tools for Java ........................ [1;31mFAILURE[m [  0.121 s]
[[1;34mINFO[m] Maven Plugin Tools for Beanshell ................... [1;32mSUCCESS[m [  0.066 s]
[[1;34mINFO[m] Maven Pluggy Simplistic Plugin Generator ........... [1;32mSUCCESS[m [  0.058 s]
[[1;34mINFO[m] Maven Plugin Metadata Model ........................ [1;32mSUCCESS[m [  0.137 s]
[[1;34mINFO[m] Maven Ant Plugin Tools ............................. [1;32mSUCCESS[m [  0.054 s]
[[1;34mINFO[m] Maven Reporting Implementation ..................... [1;31mFAILURE[m [  0.509 s]
[[1;34mINFO[m] Maven Script Support Root .......................... [1;32mSUCCESS[m [  0.007 s]
[[1;34mINFO[m] Maven Ant Mojo Support ............................. [1;31mFAILURE[m [  0.407 s]
[[1;34mINFO[m] Maven Beanshell Mojo Support ....................... [1;32mSUCCESS[m [  0.055 s]
[[1;34mINFO[m] Maven Embedder ..................................... [1;31mFAILURE[m [  0.323 s]
[[1;34mINFO[m] Maven Core - CLI ................................... [1;31mFAILURE[m [  0.329 s]
[[1;34mINFO[m] [1m------------------------------------------------------------------------[m
[[1;34mINFO[m] [1;31mBUILD FAILURE[m
[[1;34mINFO[m] [1m------------------------------------------------------------------------[m
[[1;34mINFO[m] Total time:  15.263 s
[[1;34mINFO[m] Finished at: 2022-07-30T15:13:12-07:00
[[1;34mINFO[m] [1m------------------------------------------------------------------------[m
[[1;31mERROR[m] Failed to execute goal on project [36mmaven-reporting-api[m: [1;31mCould not resolve dependencies for project org.apache.maven.reporting:maven-reporting-api:jar:2.1-SNAPSHOT: Could not find artifact org.apache.maven.doxia:doxia-sink-api:jar:1.0-alpha-9-SNAPSHOT in apache.snapshots (http://people.apache.org/repo/m2-snapshot-repository)[m -> [1m[Help 1][m
[[1;31mERROR[m] Failed to execute goal on project [36mmaven-core[m: [1;31mCould not resolve dependencies for project org.apache.maven:maven-core:jar:2.1-SNAPSHOT: The following artifacts could not be resolved: org.apache.maven.reporting:maven-reporting-api:jar:2.1-SNAPSHOT, org.apache.maven.doxia:doxia-sink-api:jar:1.0-alpha-9-SNAPSHOT: Could not find artifact org.apache.maven.reporting:maven-reporting-api:jar:2.1-SNAPSHOT in apache.snapshots (http://people.apache.org/repo/m2-snapshot-repository)[m -> [1m[Help 1][m
[[1;31mERROR[m] Failed to execute goal [32morg.apache.maven.plugins:maven-compiler-plugin:3.1:testCompile[m [1m(default-testCompile)[m on project [36mmaven-plugin-tools-java[m: [1;31mCompilation failure[m: Compilation failure: 
[[1;31mERROR[m] /home/user/Workspace/reproducibility/Reproducibility-Scanner/benchmarks/bugs-dot-jar/maven/maven-plugin-tools/maven-plugin-tools-java/src/test/java/org/apache/maven/tools/plugin/extractor/java/JavaMojoDescriptorExtractorTest.java:[30,19] package source2.sub does not exist
[[1;31mERROR[m] /home/user/Workspace/reproducibility/Reproducibility-Scanner/benchmarks/bugs-dot-jar/maven/maven-plugin-tools/maven-plugin-tools-java/src/test/java/org/apache/maven/tools/plugin/extractor/java/JavaMojoDescriptorExtractorTest.java:[94,23] cannot find symbol
[[1;31mERROR[m]   symbol:   class MyBla
[[1;31mERROR[m]   location: class org.apache.maven.tools.plugin.extractor.java.JavaMojoDescriptorExtractorTest
[[1;31mERROR[m] -> [1m[Help 2][m
[[1;31mERROR[m] Failed to execute goal on project [36mmaven-reporting-impl[m: [1;31mCould not resolve dependencies for project org.apache.maven.reporting:maven-reporting-impl:jar:2.1-SNAPSHOT: The following artifacts could not be resolved: org.apache.maven.doxia:doxia-sink-api:jar:1.0-alpha-9-SNAPSHOT, org.apache.maven.doxia:doxia-site-renderer:jar:1.0-alpha-9-SNAPSHOT, org.apache.maven.reporting:maven-reporting-api:jar:2.1-SNAPSHOT: Failure to find org.apache.maven.doxia:doxia-sink-api:jar:1.0-alpha-9-SNAPSHOT in http://people.apache.org/repo/m2-snapshot-repository was cached in the local repository, resolution will not be reattempted until the update interval of apache.snapshots has elapsed or updates are forced[m -> [1m[Help 1][m
[[1;31mERROR[m] Failed to execute goal on project [36mmaven-script-ant[m: [1;31mCould not resolve dependencies for project org.apache.maven:maven-script-ant:jar:2.1-SNAPSHOT: Failed to collect dependencies at org.codehaus.plexus:plexus-ant-factory:jar:1.0-alpha-2-SNAPSHOT[m: Failed to read artifact descriptor for org.codehaus.plexus:plexus-ant-factory:jar:1.0-alpha-2-SNAPSHOT: Could not transfer artifact org.codehaus.plexus:plexus-ant-factory:pom:1.0-alpha-2-SNAPSHOT from/to codehaus-snapshots (http://snapshots.repository.codehaus.org/): Transfer failed for http://snapshots.repository.codehaus.org/org/codehaus/plexus/plexus-ant-factory/1.0-alpha-2-SNAPSHOT/plexus-ant-factory-1.0-alpha-2-SNAPSHOT.pom: Unknown host snapshots.repository.codehaus.org -> [1m[Help 1][m
[[1;31mERROR[m] Failed to execute goal on project [36mmaven-embedder[m: [1;31mCould not resolve dependencies for project org.apache.maven:maven-embedder:jar:2.1-SNAPSHOT: The following artifacts could not be resolved: org.apache.maven:maven-core:jar:2.1-SNAPSHOT, org.apache.maven.reporting:maven-reporting-api:jar:2.1-SNAPSHOT, org.apache.maven.doxia:doxia-sink-api:jar:1.0-alpha-9-SNAPSHOT: Could not find artifact org.apache.maven:maven-core:jar:2.1-SNAPSHOT in apache.snapshots (http://people.apache.org/repo/m2-snapshot-repository)[m -> [1m[Help 1][m
[[1;31mERROR[m] Failed to execute goal on project [36mmaven-cli[m: [1;31mCould not resolve dependencies for project org.apache.maven:maven-cli:jar:2.1-SNAPSHOT: The following artifacts could not be resolved: org.apache.maven:maven-embedder:jar:2.1-SNAPSHOT, org.apache.maven:maven-core:jar:2.1-SNAPSHOT, org.apache.maven.reporting:maven-reporting-api:jar:2.1-SNAPSHOT, org.apache.maven.doxia:doxia-sink-api:jar:1.0-alpha-9-SNAPSHOT: Could not find artifact org.apache.maven:maven-embedder:jar:2.1-SNAPSHOT in apache.snapshots (http://people.apache.org/repo/m2-snapshot-repository)[m -> [1m[Help 1][m
[[1;31mERROR[m] 
[[1;31mERROR[m] To see the full stack trace of the errors, re-run Maven with the [1m-e[m switch.
[[1;31mERROR[m] Re-run Maven using the [1m-X[m switch to enable full debug logging.
[[1;31mERROR[m] 
[[1;31mERROR[m] For more information about the errors and possible solutions, please read the following articles:
[[1;31mERROR[m] [1m[Help 1][m http://cwiki.apache.org/confluence/display/MAVEN/DependencyResolutionException
[[1;31mERROR[m] [1m[Help 2][m http://cwiki.apache.org/confluence/display/MAVEN/MojoFailureException
[[1;31mERROR[m] 
[[1;31mERROR[m] After correcting the problems, you can resume the build with the command
[[1;31mERROR[m]   [1mmvn <args> -rf :maven-reporting-api[m
[[1;34mINFO[m] Build failures were ignored.
[[1;34mINFO[m] Scanning for projects...
[[1;33mWARNING[m] 
[[1;33mWARNING[m] Some problems were encountered while building the effective model for org.apache.maven:maven-core:jar:2.1-SNAPSHOT
[[1;33mWARNING[m] The expression ${version} is deprecated. Please use ${project.version} instead.
[[1;33mWARNING[m] 
[[1;33mWARNING[m] Some problems were encountered while building the effective model for org.apache.maven:maven-cli:jar:2.1-SNAPSHOT
[[1;33mWARNING[m] The expression ${version} is deprecated. Please use ${project.version} instead.
[[1;33mWARNING[m] 
[[1;33mWARNING[m] It is highly recommended to fix these problems because they threaten the stability of your build.
[[1;33mWARNING[m] 
[[1;33mWARNING[m] For this reason, future Maven versions might no longer support building such malformed projects.
[[1;33mWARNING[m] 
[[1;34mINFO[m] 
[[1;34mINFO[m] [1m-------------------< [0;36morg.apache.maven:maven-project[0;1m >-------------------[m
[[1;34mINFO[m] [1mBuilding Maven Project Builder 2.1-SNAPSHOT[m
[[1;34mINFO[m] [1m--------------------------------[ jar ]---------------------------------[m
[[1;34mINFO[m] 
[[1;34mINFO[m] [1m--- [0;32mmaven-resources-plugin:2.6:resources[m [1m(default-resources)[m @ [36mmaven-project[0;1m ---[m
[[1;33mWARNING[m] Using platform encoding (UTF-8 actually) to copy filtered resources, i.e. build is platform dependent!
[[1;34mINFO[m] Copying 2 resources
[[1;34mINFO[m] 
[[1;34mINFO[m] [1m--- [0;32mmaven-compiler-plugin:3.1:compile[m [1m(default-compile)[m @ [36mmaven-project[0;1m ---[m
[[1;34mINFO[m] Nothing to compile - all classes are up to date
[[1;34mINFO[m] 
[[1;34mINFO[m] [1m--- [0;32mmaven-resources-plugin:2.6:testResources[m [1m(default-testResources)[m @ [36mmaven-project[0;1m ---[m
[[1;33mWARNING[m] Using platform encoding (UTF-8 actually) to copy filtered resources, i.e. build is platform dependent!
[[1;34mINFO[m] Copying 65 resources
[[1;34mINFO[m] 
[[1;34mINFO[m] [1m--- [0;32mmaven-compiler-plugin:3.1:testCompile[m [1m(default-testCompile)[m @ [36mmaven-project[0;1m ---[m
[[1;34mINFO[m] Nothing to compile - all classes are up to date
[[1;34mINFO[m] 
[[1;34mINFO[m] [1m--- [0;32mmaven-surefire-plugin:2.12.4:test[m [1m(default-test)[m @ [36mmaven-project[0;1m ---[m
[[1;34mINFO[m] Surefire report directory: /home/user/Workspace/reproducibility/Reproducibility-Scanner/benchmarks/bugs-dot-jar/maven/maven-project/target/surefire-reports
Downloading from central: https://repo.maven.apache.org/maven2/org/apache/maven/surefire/surefire-junit3/2.12.4/surefire-junit3-2.12.4.pom
Progress (1): 1.7 kB                    Downloaded from central: https://repo.maven.apache.org/maven2/org/apache/maven/surefire/surefire-junit3/2.12.4/surefire-junit3-2.12.4.pom (1.7 kB at 4.4 kB/s)
Downloading from central: https://repo.maven.apache.org/maven2/org/apache/maven/surefire/surefire-junit3/2.12.4/surefire-junit3-2.12.4.jar
Progress (1): 2.7/26 kBProgress (1): 5.5/26 kBProgress (1): 8.2/26 kBProgress (1): 11/26 kB Progress (1): 14/26 kBProgress (1): 16/26 kBProgress (1): 19/26 kBProgress (1): 22/26 kBProgress (1): 25/26 kBProgress (1): 26 kB                      Downloaded from central: https://repo.maven.apache.org/maven2/org/apache/maven/surefire/surefire-junit3/2.12.4/surefire-junit3-2.12.4.jar (26 kB at 762 kB/s)

-------------------------------------------------------
 T E S T S
-------------------------------------------------------
Running org.apache.maven.project.interpolation.RegexBasedModelInterpolatorTest
Tests run: 11, Failures: 0, Errors: 0, Skipped: 0, Time elapsed: 0.15 sec
Running org.apache.maven.project.ProjectBaseDirectoryAlignmentTest
Tests run: 1, Failures: 0, Errors: 0, Skipped: 0, Time elapsed: 0.181 sec
Running org.apache.maven.project.injection.DefaultModelDefaultsInjectorTest
Tests run: 11, Failures: 0, Errors: 0, Skipped: 0, Time elapsed: 0.002 sec
Running org.apache.maven.project.injection.TestProfileInjector
Tests run: 0, Failures: 0, Errors: 0, Skipped: 0, Time elapsed: 0 sec
Running org.apache.maven.project.injection.DefaultProfileInjectorTest
Tests run: 5, Failures: 0, Errors: 0, Skipped: 0, Time elapsed: 0.001 sec
Running org.apache.maven.project.ProjectClasspathTest
Tests run: 1, Failures: 0, Errors: 0, Skipped: 0, Time elapsed: 0.048 sec
Running org.apache.maven.project.DefaultMavenProjectBuilderTest
Tests run: 2, Failures: 0, Errors: 0, Skipped: 0, Time elapsed: 0.044 sec
Running org.apache.maven.project.canonical.CanonicalProjectBuilderTest
Tests run: 1, Failures: 0, Errors: 0, Skipped: 0, Time elapsed: 0.02 sec
Running org.apache.maven.project.TestArtifactResolver
Tests run: 0, Failures: 0, Errors: 0, Skipped: 0, Time elapsed: 0 sec
Running org.apache.maven.project.MavenProjectTest
Tests run: 5, Failures: 0, Errors: 0, Skipped: 0, Time elapsed: 0.081 sec
Running org.apache.maven.project.artifact.MavenMetadataSourceTest
Tests run: 3, Failures: 1, Errors: 0, Skipped: 0, Time elapsed: 0.028 sec <<< FAILURE!
testShouldNotCarryExclusionsOverFromDependencyToDependency(org.apache.maven.project.artifact.MavenMetadataSourceTest)  Time elapsed: 0.013 sec  <<< FAILURE!
junit.framework.AssertionFailedError: expected same:<org.apache.maven.artifact.resolver.filter.ScopeArtifactFilter@18ce0030> was not:<org.apache.maven.artifact.resolver.filter.AndArtifactFilter@4445629>
	at junit.framework.Assert.fail(Assert.java:47)
	at junit.framework.Assert.failNotSame(Assert.java:278)
	at junit.framework.Assert.assertSame(Assert.java:242)
	at junit.framework.Assert.assertSame(Assert.java:249)
	at org.apache.maven.project.artifact.MavenMetadataSourceTest.testShouldNotCarryExclusionsOverFromDependencyToDependency(MavenMetadataSourceTest.java:67)

Running org.apache.maven.project.ModelUtilsTest
Tests run: 9, Failures: 0, Errors: 0, Skipped: 0, Time elapsed: 0.001 sec
Running org.apache.maven.project.TestProjectBuilder
Tests run: 0, Failures: 0, Errors: 0, Skipped: 0, Time elapsed: 0 sec
Running org.apache.maven.project.ProjectSorterTest
Tests run: 5, Failures: 0, Errors: 0, Skipped: 0, Time elapsed: 0 sec
Running org.apache.maven.project.inheritance.t02.ProjectInheritanceTest
Local repository is at: /home/user/Workspace/reproducibility/Reproducibility-Scanner/benchmarks/bugs-dot-jar/maven/maven-project/src/test/resources/inheritance-repo/t02
Location of project-4's POM: /home/user/Workspace/reproducibility/Reproducibility-Scanner/benchmarks/bugs-dot-jar/maven/maven-project/src/test/resources/inheritance-repo/t02/p0/p1/p2/p3/p4/pom.xml
Tests run: 1, Failures: 0, Errors: 0, Skipped: 0, Time elapsed: 0.027 sec
Running org.apache.maven.project.inheritance.t00.ProjectInheritanceTest
Tests run: 1, Failures: 0, Errors: 0, Skipped: 0, Time elapsed: 0.017 sec
Running org.apache.maven.project.inheritance.DefaultModelInheritanceAssemblerTest
Resulting path is: 'http://maven.apache.org/shared/file-management'
http://www.google.com/child
http://www.google.com/bottom
Resulting path is: '/file-management'
Resulting path is: 'http://maven.apache.org/shared/file-management'
Tests run: 26, Failures: 0, Errors: 0, Skipped: 0, Time elapsed: 0.008 sec
Running org.apache.maven.project.inheritance.t03.ProjectInheritanceTest
Tests run: 1, Failures: 0, Errors: 0, Skipped: 0, Time elapsed: 0.027 sec
Running org.apache.maven.project.inheritance.t01.ProjectInheritanceTest
Tests run: 1, Failures: 0, Errors: 0, Skipped: 0, Time elapsed: 0.029 sec
Running org.apache.maven.project.validation.DefaultModelValidatorTest
Tests run: 16, Failures: 0, Errors: 0, Skipped: 0, Time elapsed: 0.148 sec
Running org.apache.maven.profiles.DefaultProfileManagerTest
Tests run: 6, Failures: 0, Errors: 0, Skipped: 0, Time elapsed: 0.037 sec

Results :

Failed tests:   testShouldNotCarryExclusionsOverFromDependencyToDependency(org.apache.maven.project.artifact.MavenMetadataSourceTest): expected same:<org.apache.maven.artifact.resolver.filter.ScopeArtifactFilter@18ce0030> was not:<org.apache.maven.artifact.resolver.filter.AndArtifactFilter@4445629>

Tests run: 106, Failures: 1, Errors: 0, Skipped: 0

[[1;34mINFO[m] [1m------------------------------------------------------------------------[m
[[1;34mINFO[m] [1;31mBUILD FAILURE[m
[[1;34mINFO[m] [1m------------------------------------------------------------------------[m
[[1;34mINFO[m] Total time:  2.930 s
[[1;34mINFO[m] Finished at: 2022-07-30T15:13:17-07:00
[[1;34mINFO[m] [1m------------------------------------------------------------------------[m
[[1;31mERROR[m] Failed to execute goal [32morg.apache.maven.plugins:maven-surefire-plugin:2.12.4:test[m [1m(default-test)[m on project [36mmaven-project[m: [1;31mThere are test failures.[m
[[1;31mERROR[m] [1;31m[m
[[1;31mERROR[m] [1;31mPlease refer to /home/user/Workspace/reproducibility/Reproducibility-Scanner/benchmarks/bugs-dot-jar/maven/maven-project/target/surefire-reports for the individual test results.[m
[[1;31mERROR[m] -> [1m[Help 1][m
[[1;31mERROR[m] 
[[1;31mERROR[m] To see the full stack trace of the errors, re-run Maven with the [1m-e[m switch.
[[1;31mERROR[m] Re-run Maven using the [1m-X[m switch to enable full debug logging.
[[1;31mERROR[m] 
[[1;31mERROR[m] For more information about the errors and possible solutions, please read the following articles:
[[1;31mERROR[m] [1m[Help 1][m http://cwiki.apache.org/confluence/display/MAVEN/MojoFailureException