[[1;34mINFO[m] Scanning for projects...
[[1;34mINFO[m] [1m------------------------------------------------------------------------[m
[[1;34mINFO[m] [1mReactor Build Order:[m
[[1;34mINFO[m] 
[[1;34mINFO[m] Apache Log4j 2                                                     [pom]
[[1;34mINFO[m] Apache Log4j API                                                   [jar]
[[1;34mINFO[m] Apache Log4J Core                                                  [jar]
[[1;34mINFO[m] Apache Log4j 1.x Compatibility API                                 [jar]
[[1;34mINFO[m] Apache Log4j SLF4J Binding                                         [jar]
[[1;34mINFO[m] Apache Log4j Commons Logging Bridge                                [jar]
[[1;34mINFO[m] Apache Log4j Flume NG Bridge                                       [jar]
[[1;34mINFO[m] Log4j Web Adapters                                                 [jar]
[[1;34mINFO[m] 
[[1;34mINFO[m] [1m-------------------< [0;36morg.apache.logging.log4j:log4j[0;1m >-------------------[m
[[1;34mINFO[m] [1mBuilding Apache Log4j 2 2.0-beta3-SNAPSHOT                         [1/8][m
[[1;34mINFO[m] [1m--------------------------------[ pom ]---------------------------------[m
[[1;34mINFO[m] 
[[1;34mINFO[m] [1m--- [0;32mmaven-remote-resources-plugin:1.1:process[m [1m(default)[m @ [36mlog4j[0;1m ---[m
[[1;34mINFO[m] Setting property: classpath.resource.loader.class => 'org.codehaus.plexus.velocity.ContextClassLoaderResourceLoader'.
[[1;34mINFO[m] Setting property: velocimacro.messages.on => 'false'.
[[1;34mINFO[m] Setting property: resource.loader => 'classpath'.
[[1;34mINFO[m] Setting property: resource.manager.logwhenfound => 'false'.
[[1;34mINFO[m] 
[[1;34mINFO[m] [1m--- [0;32mmaven-bundle-plugin:2.3.7:manifest[m [1m(bundle-manifest)[m @ [36mlog4j[0;1m ---[m
[[1;33mWARNING[m] Ignoring project type pom - supportedProjectTypes = [jar, bundle]
[[1;34mINFO[m] 
[[1;34mINFO[m] [1m--- [0;32mmaven-install-plugin:2.3.1:install[m [1m(default-install)[m @ [36mlog4j[0;1m ---[m
[[1;34mINFO[m] Installing /home/user/Reproducibility-Scanner/benchmarks/bugs-dot-jar/logging-log4j2/pom.xml to /home/user/.m2/repository/org/apache/logging/log4j/log4j/2.0-beta3-SNAPSHOT/log4j-2.0-beta3-SNAPSHOT.pom
[[1;34mINFO[m] 
[[1;34mINFO[m] [1m-----------------< [0;36morg.apache.logging.log4j:log4j-api[0;1m >-----------------[m
[[1;34mINFO[m] [1mBuilding Apache Log4j API 2.0-beta3-SNAPSHOT                       [2/8][m
[[1;34mINFO[m] [1m--------------------------------[ jar ]---------------------------------[m
[[1;34mINFO[m] 
[[1;34mINFO[m] [1m--- [0;32mmaven-remote-resources-plugin:1.1:process[m [1m(default)[m @ [36mlog4j-api[0;1m ---[m
[[1;34mINFO[m] 
[[1;34mINFO[m] [1m--- [0;32mmaven-resources-plugin:2.5:resources[m [1m(default-resources)[m @ [36mlog4j-api[0;1m ---[m
[debug] execute contextualize
[[1;34mINFO[m] Using 'UTF-8' encoding to copy filtered resources.
[[1;34mINFO[m] skip non existing resourceDirectory /home/user/Reproducibility-Scanner/benchmarks/bugs-dot-jar/logging-log4j2/api/src/main/resources
[[1;34mINFO[m] Copying 3 resources
[[1;34mINFO[m] 
[[1;34mINFO[m] [1m--- [0;32mmaven-compiler-plugin:2.3.2:compile[m [1m(default-compile)[m @ [36mlog4j-api[0;1m ---[m
[[1;34mINFO[m] Compiling 40 source files to /home/user/Reproducibility-Scanner/benchmarks/bugs-dot-jar/logging-log4j2/api/target/classes
[[1;34mINFO[m] 
[[1;34mINFO[m] [1m--- [0;32mmaven-bundle-plugin:2.3.7:manifest[m [1m(bundle-manifest)[m @ [36mlog4j-api[0;1m ---[m
[[1;34mINFO[m] 
[[1;34mINFO[m] [1m--- [0;32mmaven-resources-plugin:2.5:testResources[m [1m(default-testResources)[m @ [36mlog4j-api[0;1m ---[m
[debug] execute contextualize
[[1;34mINFO[m] Using 'UTF-8' encoding to copy filtered resources.
[[1;34mINFO[m] Copying 1 resource
[[1;34mINFO[m] Copying 3 resources
[[1;34mINFO[m] 
[[1;34mINFO[m] [1m--- [0;32mmaven-compiler-plugin:2.3.2:testCompile[m [1m(default-testCompile)[m @ [36mlog4j-api[0;1m ---[m
[[1;34mINFO[m] Compiling 15 source files to /home/user/Reproducibility-Scanner/benchmarks/bugs-dot-jar/logging-log4j2/api/target/test-classes
[[1;34mINFO[m] 
[[1;34mINFO[m] [1m--- [0;32mmaven-surefire-plugin:2.7.2:test[m [1m(default-test)[m @ [36mlog4j-api[0;1m ---[m
[[1;34mINFO[m] Tests are skipped.
[[1;34mINFO[m] 
[[1;34mINFO[m] [1m--- [0;32mmaven-jar-plugin:2.3.1:jar[m [1m(default-jar)[m @ [36mlog4j-api[0;1m ---[m
[[1;34mINFO[m] Building jar: /home/user/Reproducibility-Scanner/benchmarks/bugs-dot-jar/logging-log4j2/api/target/log4j-api-2.0-beta3-SNAPSHOT.jar
[[1;34mINFO[m] 
[[1;34mINFO[m] [1m--- [0;32mmaven-install-plugin:2.3.1:install[m [1m(default-install)[m @ [36mlog4j-api[0;1m ---[m
[[1;34mINFO[m] Installing /home/user/Reproducibility-Scanner/benchmarks/bugs-dot-jar/logging-log4j2/api/target/log4j-api-2.0-beta3-SNAPSHOT.jar to /home/user/.m2/repository/org/apache/logging/log4j/log4j-api/2.0-beta3-SNAPSHOT/log4j-api-2.0-beta3-SNAPSHOT.jar
[[1;34mINFO[m] Installing /home/user/Reproducibility-Scanner/benchmarks/bugs-dot-jar/logging-log4j2/api/pom.xml to /home/user/.m2/repository/org/apache/logging/log4j/log4j-api/2.0-beta3-SNAPSHOT/log4j-api-2.0-beta3-SNAPSHOT.pom
[[1;34mINFO[m] 
[[1;34mINFO[m] [1m----------------< [0;36morg.apache.logging.log4j:log4j-core[0;1m >-----------------[m
[[1;34mINFO[m] [1mBuilding Apache Log4J Core 2.0-beta3-SNAPSHOT                      [3/8][m
[[1;34mINFO[m] [1m--------------------------------[ jar ]---------------------------------[m
[[1;34mINFO[m] 
[[1;34mINFO[m] [1m--- [0;32mmaven-remote-resources-plugin:1.1:process[m [1m(default)[m @ [36mlog4j-core[0;1m ---[m
[[1;34mINFO[m] 
[[1;34mINFO[m] [1m--- [0;32mmaven-resources-plugin:2.5:resources[m [1m(default-resources)[m @ [36mlog4j-core[0;1m ---[m
[debug] execute contextualize
[[1;34mINFO[m] Using 'UTF-8' encoding to copy filtered resources.
[[1;34mINFO[m] Copying 2 resources
[[1;34mINFO[m] Copying 3 resources
[[1;34mINFO[m] 
[[1;34mINFO[m] [1m--- [0;32mmaven-compiler-plugin:2.3.2:compile[m [1m(default-compile)[m @ [36mlog4j-core[0;1m ---[m
[[1;34mINFO[m] Compiling 213 source files to /home/user/Reproducibility-Scanner/benchmarks/bugs-dot-jar/logging-log4j2/core/target/classes
[[1;34mINFO[m] 
[[1;34mINFO[m] [1m--- [0;32mmaven-bundle-plugin:2.3.7:manifest[m [1m(bundle-manifest)[m @ [36mlog4j-core[0;1m ---[m
[[1;34mINFO[m] 
[[1;34mINFO[m] [1m>>> [0;32mexec-maven-plugin:1.2.1:java[m [1m(default)[0;1m > [0;1mvalidate[m @ [36mlog4j-core[0;1m >>>[m
[[1;34mINFO[m] 
[[1;34mINFO[m] [1m<<< [0;32mexec-maven-plugin:1.2.1:java[m [1m(default)[0;1m < [0;1mvalidate[m @ [36mlog4j-core[0;1m <<<[m
[[1;34mINFO[m] 
[[1;34mINFO[m] 
[[1;34mINFO[m] [1m--- [0;32mexec-maven-plugin:1.2.1:java[m [1m(default)[m @ [36mlog4j-core[0;1m ---[m
[[1;34mINFO[m] 
[[1;34mINFO[m] [1m--- [0;32mmaven-resources-plugin:2.5:testResources[m [1m(default-testResources)[m @ [36mlog4j-core[0;1m ---[m
[debug] execute contextualize
[[1;34mINFO[m] Using 'UTF-8' encoding to copy filtered resources.
[[1;34mINFO[m] Copying 38 resources
[[1;34mINFO[m] Copying 3 resources
[[1;34mINFO[m] 
[[1;34mINFO[m] [1m--- [0;32mmaven-compiler-plugin:2.3.2:testCompile[m [1m(default-testCompile)[m @ [36mlog4j-core[0;1m ---[m
[[1;34mINFO[m] Compiling 90 source files to /home/user/Reproducibility-Scanner/benchmarks/bugs-dot-jar/logging-log4j2/core/target/test-classes
[[1;33mWARNING[m] /home/user/Reproducibility-Scanner/benchmarks/bugs-dot-jar/logging-log4j2/core/src/test/java/org/apache/logging/log4j/ReflectionComparison.java:[25,18] Reflection is internal proprietary API and may be removed in a future release
[[1;33mWARNING[m] /home/user/Reproducibility-Scanner/benchmarks/bugs-dot-jar/logging-log4j2/core/src/test/java/org/apache/logging/log4j/ReflectionComparison.java:[83,12] Reflection is internal proprietary API and may be removed in a future release
[[1;34mINFO[m] 
[[1;34mINFO[m] [1m--- [0;32mmaven-surefire-plugin:2.7.2:test[m [1m(default-test)[m @ [36mlog4j-core[0;1m ---[m
[[1;34mINFO[m] Tests are skipped.
[[1;34mINFO[m] 
[[1;34mINFO[m] [1m--- [0;32mmaven-jar-plugin:2.3.1:jar[m [1m(default-jar)[m @ [36mlog4j-core[0;1m ---[m
[[1;34mINFO[m] Building jar: /home/user/Reproducibility-Scanner/benchmarks/bugs-dot-jar/logging-log4j2/core/target/log4j-core-2.0-beta3-SNAPSHOT.jar
[[1;34mINFO[m] 
[[1;34mINFO[m] [1m--- [0;32mmaven-jar-plugin:2.3.1:test-jar[m [1m(default)[m @ [36mlog4j-core[0;1m ---[m
[[1;34mINFO[m] Building jar: /home/user/Reproducibility-Scanner/benchmarks/bugs-dot-jar/logging-log4j2/core/target/log4j-core-2.0-beta3-SNAPSHOT-tests.jar
[[1;34mINFO[m] 
[[1;34mINFO[m] [1m--- [0;32mmaven-install-plugin:2.3.1:install[m [1m(default-install)[m @ [36mlog4j-core[0;1m ---[m
[[1;34mINFO[m] Installing /home/user/Reproducibility-Scanner/benchmarks/bugs-dot-jar/logging-log4j2/core/target/log4j-core-2.0-beta3-SNAPSHOT.jar to /home/user/.m2/repository/org/apache/logging/log4j/log4j-core/2.0-beta3-SNAPSHOT/log4j-core-2.0-beta3-SNAPSHOT.jar
[[1;34mINFO[m] Installing /home/user/Reproducibility-Scanner/benchmarks/bugs-dot-jar/logging-log4j2/core/pom.xml to /home/user/.m2/repository/org/apache/logging/log4j/log4j-core/2.0-beta3-SNAPSHOT/log4j-core-2.0-beta3-SNAPSHOT.pom
[[1;34mINFO[m] Installing /home/user/Reproducibility-Scanner/benchmarks/bugs-dot-jar/logging-log4j2/core/target/log4j-core-2.0-beta3-SNAPSHOT-tests.jar to /home/user/.m2/repository/org/apache/logging/log4j/log4j-core/2.0-beta3-SNAPSHOT/log4j-core-2.0-beta3-SNAPSHOT-tests.jar
[[1;34mINFO[m] 
[[1;34mINFO[m] [1m-----------< [0;36morg.apache.logging.log4j.adapters:log4j12-api[0;1m >------------[m
[[1;34mINFO[m] [1mBuilding Apache Log4j 1.x Compatibility API 2.0-beta3-SNAPSHOT     [4/8][m
[[1;34mINFO[m] [1m--------------------------------[ jar ]---------------------------------[m
[[1;34mINFO[m] 
[[1;34mINFO[m] [1m--- [0;32mmaven-remote-resources-plugin:1.1:process[m [1m(default)[m @ [36mlog4j12-api[0;1m ---[m
[[1;34mINFO[m] 
[[1;34mINFO[m] [1m--- [0;32mmaven-resources-plugin:2.5:resources[m [1m(default-resources)[m @ [36mlog4j12-api[0;1m ---[m
[debug] execute contextualize
[[1;34mINFO[m] Using 'UTF-8' encoding to copy filtered resources.
[[1;34mINFO[m] skip non existing resourceDirectory /home/user/Reproducibility-Scanner/benchmarks/bugs-dot-jar/logging-log4j2/log4j12-api/src/main/resources
[[1;34mINFO[m] Copying 3 resources
[[1;34mINFO[m] 
[[1;34mINFO[m] [1m--- [0;32mmaven-compiler-plugin:2.3.2:compile[m [1m(default-compile)[m @ [36mlog4j12-api[0;1m ---[m
[[1;34mINFO[m] Compiling 24 source files to /home/user/Reproducibility-Scanner/benchmarks/bugs-dot-jar/logging-log4j2/log4j12-api/target/classes
[[1;34mINFO[m] 
[[1;34mINFO[m] [1m--- [0;32mmaven-bundle-plugin:2.3.7:manifest[m [1m(bundle-manifest)[m @ [36mlog4j12-api[0;1m ---[m
[[1;33mWARNING[m] Manifest org.apache.logging.log4j.adapters:log4j12-api:jar:2.0-beta3-SNAPSHOT : Superfluous export-package instructions: [org.apache.logging.log4j.*]
[[1;34mINFO[m] 
[[1;34mINFO[m] [1m--- [0;32mmaven-resources-plugin:2.5:testResources[m [1m(default-testResources)[m @ [36mlog4j12-api[0;1m ---[m
[debug] execute contextualize
[[1;34mINFO[m] Using 'UTF-8' encoding to copy filtered resources.
[[1;34mINFO[m] Copying 4 resources
[[1;34mINFO[m] Copying 3 resources
[[1;34mINFO[m] 
[[1;34mINFO[m] [1m--- [0;32mmaven-compiler-plugin:2.3.2:testCompile[m [1m(default-testCompile)[m @ [36mlog4j12-api[0;1m ---[m
[[1;34mINFO[m] Compiling 6 source files to /home/user/Reproducibility-Scanner/benchmarks/bugs-dot-jar/logging-log4j2/log4j12-api/target/test-classes
[[1;34mINFO[m] 
[[1;34mINFO[m] [1m--- [0;32mmaven-surefire-plugin:2.7.2:test[m [1m(default-test)[m @ [36mlog4j12-api[0;1m ---[m
[[1;34mINFO[m] Tests are skipped.
[[1;34mINFO[m] 
[[1;34mINFO[m] [1m--- [0;32mmaven-jar-plugin:2.3.1:jar[m [1m(default-jar)[m @ [36mlog4j12-api[0;1m ---[m
[[1;34mINFO[m] Building jar: /home/user/Reproducibility-Scanner/benchmarks/bugs-dot-jar/logging-log4j2/log4j12-api/target/log4j12-api-2.0-beta3-SNAPSHOT.jar
[[1;34mINFO[m] 
[[1;34mINFO[m] [1m--- [0;32mmaven-install-plugin:2.3.1:install[m [1m(default-install)[m @ [36mlog4j12-api[0;1m ---[m
[[1;34mINFO[m] Installing /home/user/Reproducibility-Scanner/benchmarks/bugs-dot-jar/logging-log4j2/log4j12-api/target/log4j12-api-2.0-beta3-SNAPSHOT.jar to /home/user/.m2/repository/org/apache/logging/log4j/adapters/log4j12-api/2.0-beta3-SNAPSHOT/log4j12-api-2.0-beta3-SNAPSHOT.jar
[[1;34mINFO[m] Installing /home/user/Reproducibility-Scanner/benchmarks/bugs-dot-jar/logging-log4j2/log4j12-api/pom.xml to /home/user/.m2/repository/org/apache/logging/log4j/adapters/log4j12-api/2.0-beta3-SNAPSHOT/log4j12-api-2.0-beta3-SNAPSHOT.pom
[[1;34mINFO[m] 
[[1;34mINFO[m] [1m------------< [0;36morg.apache.logging.log4j.adapters:slf4j-impl[0;1m >------------[m
[[1;34mINFO[m] [1mBuilding Apache Log4j SLF4J Binding 2.0-beta3-SNAPSHOT             [5/8][m
[[1;34mINFO[m] [1m--------------------------------[ jar ]---------------------------------[m
[[1;34mINFO[m] 
[[1;34mINFO[m] [1m--- [0;32mmaven-remote-resources-plugin:1.1:process[m [1m(default)[m @ [36mslf4j-impl[0;1m ---[m
[[1;34mINFO[m] 
[[1;34mINFO[m] [1m--- [0;32mmaven-resources-plugin:2.5:resources[m [1m(default-resources)[m @ [36mslf4j-impl[0;1m ---[m
[debug] execute contextualize
[[1;34mINFO[m] Using 'UTF-8' encoding to copy filtered resources.
[[1;34mINFO[m] skip non existing resourceDirectory /home/user/Reproducibility-Scanner/benchmarks/bugs-dot-jar/logging-log4j2/slf4j-impl/src/main/resources
[[1;34mINFO[m] Copying 3 resources
[[1;34mINFO[m] 
[[1;34mINFO[m] [1m--- [0;32mmaven-compiler-plugin:2.3.2:compile[m [1m(default-compile)[m @ [36mslf4j-impl[0;1m ---[m
[[1;34mINFO[m] Compiling 12 source files to /home/user/Reproducibility-Scanner/benchmarks/bugs-dot-jar/logging-log4j2/slf4j-impl/target/classes
[[1;34mINFO[m] 
[[1;34mINFO[m] [1m--- [0;32mmaven-bundle-plugin:2.3.7:manifest[m [1m(bundle-manifest)[m @ [36mslf4j-impl[0;1m ---[m
[[1;33mWARNING[m] Manifest org.apache.logging.log4j.adapters:slf4j-impl:jar:2.0-beta3-SNAPSHOT : Superfluous export-package instructions: [org.apache.logging.log4j.*]
[[1;34mINFO[m] 
[[1;34mINFO[m] [1m--- [0;32mmaven-resources-plugin:2.5:testResources[m [1m(default-testResources)[m @ [36mslf4j-impl[0;1m ---[m
[debug] execute contextualize
[[1;34mINFO[m] Using 'UTF-8' encoding to copy filtered resources.
[[1;34mINFO[m] Copying 1 resource
[[1;34mINFO[m] Copying 3 resources
[[1;34mINFO[m] 
[[1;34mINFO[m] [1m--- [0;32mmaven-compiler-plugin:2.3.2:testCompile[m [1m(default-testCompile)[m @ [36mslf4j-impl[0;1m ---[m
[[1;34mINFO[m] Compiling 2 source files to /home/user/Reproducibility-Scanner/benchmarks/bugs-dot-jar/logging-log4j2/slf4j-impl/target/test-classes
[[1;34mINFO[m] 
[[1;34mINFO[m] [1m--- [0;32mmaven-surefire-plugin:2.7.2:test[m [1m(default-test)[m @ [36mslf4j-impl[0;1m ---[m
[[1;34mINFO[m] Tests are skipped.
[[1;34mINFO[m] 
[[1;34mINFO[m] [1m--- [0;32mmaven-jar-plugin:2.3.1:jar[m [1m(default-jar)[m @ [36mslf4j-impl[0;1m ---[m
[[1;34mINFO[m] Building jar: /home/user/Reproducibility-Scanner/benchmarks/bugs-dot-jar/logging-log4j2/slf4j-impl/target/slf4j-impl-2.0-beta3-SNAPSHOT.jar
[[1;34mINFO[m] 
[[1;34mINFO[m] [1m--- [0;32mmaven-install-plugin:2.3.1:install[m [1m(default-install)[m @ [36mslf4j-impl[0;1m ---[m
[[1;34mINFO[m] Installing /home/user/Reproducibility-Scanner/benchmarks/bugs-dot-jar/logging-log4j2/slf4j-impl/target/slf4j-impl-2.0-beta3-SNAPSHOT.jar to /home/user/.m2/repository/org/apache/logging/log4j/adapters/slf4j-impl/2.0-beta3-SNAPSHOT/slf4j-impl-2.0-beta3-SNAPSHOT.jar
[[1;34mINFO[m] Installing /home/user/Reproducibility-Scanner/benchmarks/bugs-dot-jar/logging-log4j2/slf4j-impl/pom.xml to /home/user/.m2/repository/org/apache/logging/log4j/adapters/slf4j-impl/2.0-beta3-SNAPSHOT/slf4j-impl-2.0-beta3-SNAPSHOT.pom
[[1;34mINFO[m] 
[[1;34mINFO[m] [1m------------< [0;36morg.apache.logging.log4j.adapters:log4j-jcl[0;1m >-------------[m
[[1;34mINFO[m] [1mBuilding Apache Log4j Commons Logging Bridge 2.0-beta3-SNAPSHOT    [6/8][m
[[1;34mINFO[m] [1m--------------------------------[ jar ]---------------------------------[m
[[1;34mINFO[m] 
[[1;34mINFO[m] [1m--- [0;32mmaven-remote-resources-plugin:1.1:process[m [1m(default)[m @ [36mlog4j-jcl[0;1m ---[m
[[1;34mINFO[m] 
[[1;34mINFO[m] [1m--- [0;32mmaven-resources-plugin:2.5:resources[m [1m(default-resources)[m @ [36mlog4j-jcl[0;1m ---[m
[debug] execute contextualize
[[1;34mINFO[m] Using 'UTF-8' encoding to copy filtered resources.
[[1;34mINFO[m] Copying 1 resource
[[1;34mINFO[m] Copying 3 resources
[[1;34mINFO[m] 
[[1;34mINFO[m] [1m--- [0;32mmaven-compiler-plugin:2.3.2:compile[m [1m(default-compile)[m @ [36mlog4j-jcl[0;1m ---[m
[[1;34mINFO[m] Compiling 3 source files to /home/user/Reproducibility-Scanner/benchmarks/bugs-dot-jar/logging-log4j2/jcl-bridge/target/classes
[[1;34mINFO[m] 
[[1;34mINFO[m] [1m--- [0;32mmaven-bundle-plugin:2.3.7:manifest[m [1m(bundle-manifest)[m @ [36mlog4j-jcl[0;1m ---[m
[[1;34mINFO[m] 
[[1;34mINFO[m] [1m--- [0;32mmaven-resources-plugin:2.5:testResources[m [1m(default-testResources)[m @ [36mlog4j-jcl[0;1m ---[m
[debug] execute contextualize
[[1;34mINFO[m] Using 'UTF-8' encoding to copy filtered resources.
[[1;34mINFO[m] Copying 1 resource
[[1;34mINFO[m] Copying 3 resources
[[1;34mINFO[m] 
[[1;34mINFO[m] [1m--- [0;32mmaven-compiler-plugin:2.3.2:testCompile[m [1m(default-testCompile)[m @ [36mlog4j-jcl[0;1m ---[m
[[1;34mINFO[m] Compiling 1 source file to /home/user/Reproducibility-Scanner/benchmarks/bugs-dot-jar/logging-log4j2/jcl-bridge/target/test-classes
[[1;34mINFO[m] 
[[1;34mINFO[m] [1m--- [0;32mmaven-surefire-plugin:2.7.2:test[m [1m(default-test)[m @ [36mlog4j-jcl[0;1m ---[m
[[1;34mINFO[m] Tests are skipped.
[[1;34mINFO[m] 
[[1;34mINFO[m] [1m--- [0;32mmaven-jar-plugin:2.3.1:jar[m [1m(default-jar)[m @ [36mlog4j-jcl[0;1m ---[m
[[1;34mINFO[m] Building jar: /home/user/Reproducibility-Scanner/benchmarks/bugs-dot-jar/logging-log4j2/jcl-bridge/target/log4j-jcl-2.0-beta3-SNAPSHOT.jar
[[1;34mINFO[m] 
[[1;34mINFO[m] [1m--- [0;32mmaven-install-plugin:2.3.1:install[m [1m(default-install)[m @ [36mlog4j-jcl[0;1m ---[m
[[1;34mINFO[m] Installing /home/user/Reproducibility-Scanner/benchmarks/bugs-dot-jar/logging-log4j2/jcl-bridge/target/log4j-jcl-2.0-beta3-SNAPSHOT.jar to /home/user/.m2/repository/org/apache/logging/log4j/adapters/log4j-jcl/2.0-beta3-SNAPSHOT/log4j-jcl-2.0-beta3-SNAPSHOT.jar
[[1;34mINFO[m] Installing /home/user/Reproducibility-Scanner/benchmarks/bugs-dot-jar/logging-log4j2/jcl-bridge/pom.xml to /home/user/.m2/repository/org/apache/logging/log4j/adapters/log4j-jcl/2.0-beta3-SNAPSHOT/log4j-jcl-2.0-beta3-SNAPSHOT.pom
[[1;34mINFO[m] 
[[1;34mINFO[m] [1m----------< [0;36morg.apache.logging.log4j.adapters:log4j-flume-ng[0;1m >----------[m
[[1;34mINFO[m] [1mBuilding Apache Log4j Flume NG Bridge 2.0-beta3-SNAPSHOT           [7/8][m
[[1;34mINFO[m] [1m--------------------------------[ jar ]---------------------------------[m
[[1;34mINFO[m] 
[[1;34mINFO[m] [1m--- [0;32mmaven-remote-resources-plugin:1.1:process[m [1m(default)[m @ [36mlog4j-flume-ng[0;1m ---[m
[[1;34mINFO[m] 
[[1;34mINFO[m] [1m--- [0;32mmaven-resources-plugin:2.5:resources[m [1m(default-resources)[m @ [36mlog4j-flume-ng[0;1m ---[m
[debug] execute contextualize
[[1;34mINFO[m] Using 'UTF-8' encoding to copy filtered resources.
[[1;34mINFO[m] skip non existing resourceDirectory /home/user/Reproducibility-Scanner/benchmarks/bugs-dot-jar/logging-log4j2/flume-ng/src/main/resources
[[1;34mINFO[m] Copying 3 resources
[[1;34mINFO[m] 
[[1;34mINFO[m] [1m--- [0;32mmaven-compiler-plugin:2.3.2:compile[m [1m(default-compile)[m @ [36mlog4j-flume-ng[0;1m ---[m
[[1;34mINFO[m] Compiling 11 source files to /home/user/Reproducibility-Scanner/benchmarks/bugs-dot-jar/logging-log4j2/flume-ng/target/classes
[[1;34mINFO[m] 
[[1;34mINFO[m] [1m--- [0;32mmaven-bundle-plugin:2.3.7:manifest[m [1m(bundle-manifest)[m @ [36mlog4j-flume-ng[0;1m ---[m
[[1;34mINFO[m] 
[[1;34mINFO[m] [1m>>> [0;32mexec-maven-plugin:1.2.1:java[m [1m(default)[0;1m > [0;1mvalidate[m @ [36mlog4j-flume-ng[0;1m >>>[m
[[1;34mINFO[m] 
[[1;34mINFO[m] [1m<<< [0;32mexec-maven-plugin:1.2.1:java[m [1m(default)[0;1m < [0;1mvalidate[m @ [36mlog4j-flume-ng[0;1m <<<[m
[[1;34mINFO[m] 
[[1;34mINFO[m] 
[[1;34mINFO[m] [1m--- [0;32mexec-maven-plugin:1.2.1:java[m [1m(default)[m @ [36mlog4j-flume-ng[0;1m ---[m
[[1;34mINFO[m] 
[[1;34mINFO[m] [1m--- [0;32mmaven-resources-plugin:2.5:testResources[m [1m(default-testResources)[m @ [36mlog4j-flume-ng[0;1m ---[m
[debug] execute contextualize
[[1;34mINFO[m] Using 'UTF-8' encoding to copy filtered resources.
[[1;34mINFO[m] Copying 2 resources
[[1;34mINFO[m] Copying 3 resources
[[1;34mINFO[m] 
[[1;34mINFO[m] [1m--- [0;32mmaven-compiler-plugin:2.3.2:testCompile[m [1m(default-testCompile)[m @ [36mlog4j-flume-ng[0;1m ---[m
[[1;34mINFO[m] Compiling 3 source files to /home/user/Reproducibility-Scanner/benchmarks/bugs-dot-jar/logging-log4j2/flume-ng/target/test-classes
[[1;34mINFO[m] 
[[1;34mINFO[m] [1m--- [0;32mmaven-surefire-plugin:2.7.2:test[m [1m(default-test)[m @ [36mlog4j-flume-ng[0;1m ---[m
[[1;34mINFO[m] Tests are skipped.
[[1;34mINFO[m] 
[[1;34mINFO[m] [1m--- [0;32mmaven-jar-plugin:2.3.1:jar[m [1m(default-jar)[m @ [36mlog4j-flume-ng[0;1m ---[m
[[1;34mINFO[m] Building jar: /home/user/Reproducibility-Scanner/benchmarks/bugs-dot-jar/logging-log4j2/flume-ng/target/log4j-flume-ng-2.0-beta3-SNAPSHOT.jar
[[1;34mINFO[m] 
[[1;34mINFO[m] [1m--- [0;32mmaven-jar-plugin:2.3.1:test-jar[m [1m(default)[m @ [36mlog4j-flume-ng[0;1m ---[m
[[1;34mINFO[m] Building jar: /home/user/Reproducibility-Scanner/benchmarks/bugs-dot-jar/logging-log4j2/flume-ng/target/log4j-flume-ng-2.0-beta3-SNAPSHOT-tests.jar
[[1;34mINFO[m] 
[[1;34mINFO[m] [1m--- [0;32mmaven-install-plugin:2.3.1:install[m [1m(default-install)[m @ [36mlog4j-flume-ng[0;1m ---[m
[[1;34mINFO[m] Installing /home/user/Reproducibility-Scanner/benchmarks/bugs-dot-jar/logging-log4j2/flume-ng/target/log4j-flume-ng-2.0-beta3-SNAPSHOT.jar to /home/user/.m2/repository/org/apache/logging/log4j/adapters/log4j-flume-ng/2.0-beta3-SNAPSHOT/log4j-flume-ng-2.0-beta3-SNAPSHOT.jar
[[1;34mINFO[m] Installing /home/user/Reproducibility-Scanner/benchmarks/bugs-dot-jar/logging-log4j2/flume-ng/pom.xml to /home/user/.m2/repository/org/apache/logging/log4j/adapters/log4j-flume-ng/2.0-beta3-SNAPSHOT/log4j-flume-ng-2.0-beta3-SNAPSHOT.pom
[[1;34mINFO[m] Installing /home/user/Reproducibility-Scanner/benchmarks/bugs-dot-jar/logging-log4j2/flume-ng/target/log4j-flume-ng-2.0-beta3-SNAPSHOT-tests.jar to /home/user/.m2/repository/org/apache/logging/log4j/adapters/log4j-flume-ng/2.0-beta3-SNAPSHOT/log4j-flume-ng-2.0-beta3-SNAPSHOT-tests.jar
[[1;34mINFO[m] 
[[1;34mINFO[m] [1m------------< [0;36morg.apache.logging.log4j.adapters:log4j-web[0;1m >-------------[m
[[1;34mINFO[m] [1mBuilding Log4j Web Adapters 2.0-beta3-SNAPSHOT                     [8/8][m
[[1;34mINFO[m] [1m--------------------------------[ jar ]---------------------------------[m
[[1;34mINFO[m] 
[[1;34mINFO[m] [1m--- [0;32mmaven-remote-resources-plugin:1.1:process[m [1m(default)[m @ [36mlog4j-web[0;1m ---[m
[[1;34mINFO[m] 
[[1;34mINFO[m] [1m--- [0;32mmaven-resources-plugin:2.5:resources[m [1m(default-resources)[m @ [36mlog4j-web[0;1m ---[m
[debug] execute contextualize
[[1;34mINFO[m] Using 'UTF-8' encoding to copy filtered resources.
[[1;34mINFO[m] skip non existing resourceDirectory /home/user/Reproducibility-Scanner/benchmarks/bugs-dot-jar/logging-log4j2/web/src/main/resources
[[1;34mINFO[m] Copying 3 resources
[[1;34mINFO[m] 
[[1;34mINFO[m] [1m--- [0;32mmaven-compiler-plugin:2.3.2:compile[m [1m(default-compile)[m @ [36mlog4j-web[0;1m ---[m
[[1;34mINFO[m] Compiling 3 source files to /home/user/Reproducibility-Scanner/benchmarks/bugs-dot-jar/logging-log4j2/web/target/classes
[[1;34mINFO[m] 
[[1;34mINFO[m] [1m--- [0;32mmaven-bundle-plugin:2.3.7:manifest[m [1m(bundle-manifest)[m @ [36mlog4j-web[0;1m ---[m
[[1;34mINFO[m] 
[[1;34mINFO[m] [1m--- [0;32mmaven-resources-plugin:2.5:testResources[m [1m(default-testResources)[m @ [36mlog4j-web[0;1m ---[m
[debug] execute contextualize
[[1;34mINFO[m] Using 'UTF-8' encoding to copy filtered resources.
[[1;34mINFO[m] Copying 1 resource
[[1;34mINFO[m] Copying 3 resources
[[1;34mINFO[m] 
[[1;34mINFO[m] [1m--- [0;32mmaven-compiler-plugin:2.3.2:testCompile[m [1m(default-testCompile)[m @ [36mlog4j-web[0;1m ---[m
[[1;34mINFO[m] Compiling 1 source file to /home/user/Reproducibility-Scanner/benchmarks/bugs-dot-jar/logging-log4j2/web/target/test-classes
[[1;34mINFO[m] 
[[1;34mINFO[m] [1m--- [0;32mmaven-surefire-plugin:2.7.2:test[m [1m(default-test)[m @ [36mlog4j-web[0;1m ---[m
[[1;34mINFO[m] Tests are skipped.
[[1;34mINFO[m] 
[[1;34mINFO[m] [1m--- [0;32mmaven-jar-plugin:2.3.1:jar[m [1m(default-jar)[m @ [36mlog4j-web[0;1m ---[m
[[1;34mINFO[m] Building jar: /home/user/Reproducibility-Scanner/benchmarks/bugs-dot-jar/logging-log4j2/web/target/log4j-web-2.0-beta3-SNAPSHOT.jar
[[1;34mINFO[m] 
[[1;34mINFO[m] [1m--- [0;32mmaven-install-plugin:2.3.1:install[m [1m(default-install)[m @ [36mlog4j-web[0;1m ---[m
[[1;34mINFO[m] Installing /home/user/Reproducibility-Scanner/benchmarks/bugs-dot-jar/logging-log4j2/web/target/log4j-web-2.0-beta3-SNAPSHOT.jar to /home/user/.m2/repository/org/apache/logging/log4j/adapters/log4j-web/2.0-beta3-SNAPSHOT/log4j-web-2.0-beta3-SNAPSHOT.jar
[[1;34mINFO[m] Installing /home/user/Reproducibility-Scanner/benchmarks/bugs-dot-jar/logging-log4j2/web/pom.xml to /home/user/.m2/repository/org/apache/logging/log4j/adapters/log4j-web/2.0-beta3-SNAPSHOT/log4j-web-2.0-beta3-SNAPSHOT.pom
[[1;34mINFO[m] [1m------------------------------------------------------------------------[m
[[1;34mINFO[m] [1mReactor Summary for Apache Log4j 2 2.0-beta3-SNAPSHOT:[m
[[1;34mINFO[m] 
[[1;34mINFO[m] Apache Log4j 2 ..................................... [1;32mSUCCESS[m [  0.741 s]
[[1;34mINFO[m] Apache Log4j API ................................... [1;32mSUCCESS[m [  2.280 s]
[[1;34mINFO[m] Apache Log4J Core .................................. [1;32mSUCCESS[m [  3.151 s]
[[1;34mINFO[m] Apache Log4j 1.x Compatibility API ................. [1;32mSUCCESS[m [  1.375 s]
[[1;34mINFO[m] Apache Log4j SLF4J Binding ......................... [1;32mSUCCESS[m [  0.897 s]
[[1;34mINFO[m] Apache Log4j Commons Logging Bridge ................ [1;32mSUCCESS[m [  0.719 s]
[[1;34mINFO[m] Apache Log4j Flume NG Bridge ....................... [1;32mSUCCESS[m [  1.798 s]
[[1;34mINFO[m] Log4j Web Adapters ................................. [1;32mSUCCESS[m [  1.142 s]
[[1;34mINFO[m] [1m------------------------------------------------------------------------[m
[[1;34mINFO[m] [1;32mBUILD SUCCESS[m
[[1;34mINFO[m] [1m------------------------------------------------------------------------[m
[[1;34mINFO[m] Total time:  12.284 s
[[1;34mINFO[m] Finished at: 2022-08-02T23:43:41-07:00
[[1;34mINFO[m] [1m------------------------------------------------------------------------[m
[[1;34mINFO[m] Scanning for projects...
[[1;34mINFO[m] 
[[1;34mINFO[m] [1m----------------< [0;36morg.apache.logging.log4j:log4j-core[0;1m >-----------------[m
[[1;34mINFO[m] [1mBuilding Apache Log4J Core 2.0-beta3-SNAPSHOT[m
[[1;34mINFO[m] [1m--------------------------------[ jar ]---------------------------------[m
[[1;34mINFO[m] 
[[1;34mINFO[m] [1m--- [0;32mmaven-remote-resources-plugin:1.1:process[m [1m(default)[m @ [36mlog4j-core[0;1m ---[m
[[1;34mINFO[m] Setting property: classpath.resource.loader.class => 'org.codehaus.plexus.velocity.ContextClassLoaderResourceLoader'.
[[1;34mINFO[m] Setting property: velocimacro.messages.on => 'false'.
[[1;34mINFO[m] Setting property: resource.loader => 'classpath'.
[[1;34mINFO[m] Setting property: resource.manager.logwhenfound => 'false'.
[[1;34mINFO[m] 
[[1;34mINFO[m] [1m--- [0;32mmaven-resources-plugin:2.5:resources[m [1m(default-resources)[m @ [36mlog4j-core[0;1m ---[m
[debug] execute contextualize
[[1;34mINFO[m] Using 'UTF-8' encoding to copy filtered resources.
[[1;34mINFO[m] Copying 2 resources
[[1;34mINFO[m] Copying 3 resources
[[1;34mINFO[m] 
[[1;34mINFO[m] [1m--- [0;32mmaven-compiler-plugin:2.3.2:compile[m [1m(default-compile)[m @ [36mlog4j-core[0;1m ---[m
[[1;34mINFO[m] Compiling 17 source files to /home/user/Reproducibility-Scanner/benchmarks/bugs-dot-jar/logging-log4j2/core/target/classes
[[1;34mINFO[m] 
[[1;34mINFO[m] [1m--- [0;32mmaven-bundle-plugin:2.3.7:manifest[m [1m(bundle-manifest)[m @ [36mlog4j-core[0;1m ---[m
[[1;34mINFO[m] 
[[1;34mINFO[m] [1m>>> [0;32mexec-maven-plugin:1.2.1:java[m [1m(default)[0;1m > [0;1mvalidate[m @ [36mlog4j-core[0;1m >>>[m
[[1;34mINFO[m] 
[[1;34mINFO[m] [1m<<< [0;32mexec-maven-plugin:1.2.1:java[m [1m(default)[0;1m < [0;1mvalidate[m @ [36mlog4j-core[0;1m <<<[m
[[1;34mINFO[m] 
[[1;34mINFO[m] 
[[1;34mINFO[m] [1m--- [0;32mexec-maven-plugin:1.2.1:java[m [1m(default)[m @ [36mlog4j-core[0;1m ---[m
[[1;34mINFO[m] 
[[1;34mINFO[m] [1m--- [0;32mmaven-resources-plugin:2.5:testResources[m [1m(default-testResources)[m @ [36mlog4j-core[0;1m ---[m
[debug] execute contextualize
[[1;34mINFO[m] Using 'UTF-8' encoding to copy filtered resources.
[[1;34mINFO[m] Copying 38 resources
[[1;34mINFO[m] Copying 3 resources
[[1;34mINFO[m] 
[[1;34mINFO[m] [1m--- [0;32mmaven-compiler-plugin:2.3.2:testCompile[m [1m(default-testCompile)[m @ [36mlog4j-core[0;1m ---[m
[[1;34mINFO[m] Nothing to compile - all classes are up to date
[[1;34mINFO[m] 
[[1;34mINFO[m] [1m--- [0;32mmaven-surefire-plugin:2.7.2:test[m [1m(default-test)[m @ [36mlog4j-core[0;1m ---[m
[[1;34mINFO[m] Surefire report directory: /home/user/Reproducibility-Scanner/benchmarks/bugs-dot-jar/logging-log4j2/core/target/surefire-reports

-------------------------------------------------------
 T E S T S
-------------------------------------------------------
Running org.apache.logging.log4j.core.filter.ThresholdFilterTest
Tests run: 1, Failures: 0, Errors: 0, Skipped: 0, Time elapsed: 0.05 sec
Running org.apache.logging.log4j.core.filter.StructuredDataFilterTest
Tests run: 1, Failures: 0, Errors: 0, Skipped: 0, Time elapsed: 0.049 sec
Running org.apache.logging.log4j.core.filter.MarkerFilterTest
Tests run: 1, Failures: 0, Errors: 0, Skipped: 0, Time elapsed: 0.049 sec
Running org.apache.logging.log4j.core.filter.RegexFilterTest
Tests run: 1, Failures: 0, Errors: 0, Skipped: 0, Time elapsed: 0.05 sec
Running org.apache.logging.log4j.core.filter.MapFilterTest
Tests run: 2, Failures: 0, Errors: 0, Skipped: 0, Time elapsed: 0.247 sec
Running org.apache.logging.log4j.core.filter.DynamicThresholdFilterTest
Tests run: 2, Failures: 0, Errors: 0, Skipped: 0, Time elapsed: 0.243 sec
Running org.apache.logging.log4j.core.filter.TimeFilterTest
Tests run: 1, Failures: 0, Errors: 0, Skipped: 0, Time elapsed: 0.056 sec
Running org.apache.logging.log4j.core.filter.ThreadContextMapFilterTest
Tests run: 1, Failures: 0, Errors: 0, Skipped: 0, Time elapsed: 0.048 sec
Running org.apache.logging.log4j.core.filter.BurstFilterTest
Tests run: 1, Failures: 0, Errors: 0, Skipped: 0, Time elapsed: 7.078 sec
Running org.apache.logging.log4j.core.lookup.InterpolatorTest
Tests run: 1, Failures: 0, Errors: 0, Skipped: 0, Time elapsed: 0.097 sec
Running org.apache.logging.log4j.core.lookup.StrSubstitutorTest
Tests run: 1, Failures: 0, Errors: 0, Skipped: 0, Time elapsed: 0.098 sec
Running org.apache.logging.log4j.core.lookup.ContextMapLookupTest
Tests run: 1, Failures: 0, Errors: 0, Skipped: 0, Time elapsed: 0.038 sec
Running org.apache.logging.log4j.core.lookup.EnvironmentLookupTest
Tests run: 1, Failures: 0, Errors: 0, Skipped: 0, Time elapsed: 0.036 sec
Running org.apache.logging.log4j.core.lookup.StructuredDataLookupTest
Tests run: 1, Failures: 0, Errors: 0, Skipped: 0, Time elapsed: 0.042 sec
Running org.apache.logging.log4j.core.lookup.SystemPropertiesLookupTest
Tests run: 1, Failures: 0, Errors: 0, Skipped: 0, Time elapsed: 0.037 sec
Running org.apache.logging.log4j.core.lookup.DateLookupTest
Tests run: 1, Failures: 0, Errors: 0, Skipped: 0, Time elapsed: 0.053 sec
Running org.apache.logging.log4j.core.AppenderRefLevelTest
2022-08-02 23:43:57,413 WARN No Loggers were configured, using default
Tests run: 3, Failures: 0, Errors: 0, Skipped: 0, Time elapsed: 0.227 sec
Running org.apache.logging.log4j.core.StrictXMLConfigTest
2022-08-02 23:43:57,819 DEBUG Generated plugins in 0.002367155 seconds
2022-08-02 23:43:57,825 DEBUG Calling createProperty on class org.apache.logging.log4j.core.config.Property for element property with params(name="filename", value="target/test.log")
2022-08-02 23:43:57,826 DEBUG Calling configureSubstitutor on class org.apache.logging.log4j.core.config.plugins.PropertiesPlugin for element properties with params(properties={filename=target/test.log})
2022-08-02 23:43:57,827 DEBUG Generated plugins in 0.000694032 seconds
2022-08-02 23:43:57,829 DEBUG Calling createFilter on class org.apache.logging.log4j.core.filter.ThresholdFilter for element ThresholdFilter with params(level="trace", onMatch="null", onMismatch="null")
2022-08-02 23:43:57,831 DEBUG Calling createLayout on class org.apache.logging.log4j.core.layout.PatternLayout for element PatternLayout with params(pattern="%m MDC%X%n", Configuration(XMLConfigTest), null, charset="null")
2022-08-02 23:43:57,832 DEBUG Generated plugins in 0.001064342 seconds
2022-08-02 23:43:57,833 DEBUG Calling createFilter on class org.apache.logging.log4j.core.filter.MarkerFilter for element MarkerFilter with params(marker="FLOW", onMatch="DENY", onMismatch="NEUTRAL")
2022-08-02 23:43:57,833 DEBUG Calling createFilter on class org.apache.logging.log4j.core.filter.MarkerFilter for element MarkerFilter with params(marker="EXCEPTION", onMatch="DENY", onMismatch="ACCEPT")
2022-08-02 23:43:57,834 DEBUG Calling createFilters on class org.apache.logging.log4j.core.filter.CompositeFilter for element filters with params(filters={FLOW, EXCEPTION})
2022-08-02 23:43:57,835 DEBUG Calling createAppender on class org.apache.logging.log4j.core.appender.ConsoleAppender for element Console with params(PatternLayout(%m MDC%X%n), filters({FLOW, EXCEPTION}), target="null", name="STDOUT", suppressExceptions="null")
2022-08-02 23:43:57,836 DEBUG Calling createLayout on class org.apache.logging.log4j.core.layout.PatternLayout for element PatternLayout with params(pattern="%C{1}.%M %m %ex%n", Configuration(XMLConfigTest), null, charset="null")
2022-08-02 23:43:57,837 DEBUG Calling createFilter on class org.apache.logging.log4j.core.filter.MarkerFilter for element MarkerFilter with params(marker="FLOW", onMatch="ACCEPT", onMismatch="NEUTRAL")
2022-08-02 23:43:57,837 DEBUG Calling createFilter on class org.apache.logging.log4j.core.filter.MarkerFilter for element MarkerFilter with params(marker="EXCEPTION", onMatch="ACCEPT", onMismatch="DENY")
2022-08-02 23:43:57,837 DEBUG Calling createFilters on class org.apache.logging.log4j.core.filter.CompositeFilter for element filters with params(filters={FLOW, EXCEPTION})
2022-08-02 23:43:57,838 DEBUG Calling createAppender on class org.apache.logging.log4j.core.appender.ConsoleAppender for element Console with params(PatternLayout(%C{1}.%M %m %ex%n), filters({FLOW, EXCEPTION}), target="null", name="FLOW", suppressExceptions="null")
2022-08-02 23:43:57,838 DEBUG Calling createLayout on class org.apache.logging.log4j.core.layout.PatternLayout for element PatternLayout with params(pattern="%d %p %C{1.} [%t] %m%n", Configuration(XMLConfigTest), null, charset="null")
2022-08-02 23:43:57,840 DEBUG Calling createAppender on class org.apache.logging.log4j.core.appender.FileAppender for element File with params(fileName="target/test.log", append="null", locking="null", name="File", immediateFlush="null", suppressExceptions="null", bufferedIO="null", PatternLayout(%d %p %C{1.} [%t] %m%n), null)
2022-08-02 23:43:57,841 DEBUG Starting FileManager target/test.log
2022-08-02 23:43:57,842 DEBUG Calling createAppender on class org.apache.logging.log4j.test.appender.ListAppender for element List with params(name="List", entryPerNewLine="null", raw="null", null, null)
2022-08-02 23:43:57,842 DEBUG Calling createAppenders on class org.apache.logging.log4j.core.config.plugins.AppendersPlugin for element appenders with params(appenders={STDOUT, FLOW, File, List})
2022-08-02 23:43:57,842 DEBUG Calling createPair on class org.apache.logging.log4j.core.helpers.KeyValuePair for element KeyValuePair with params(key="test", value="123")
2022-08-02 23:43:57,843 DEBUG Calling createFilter on class org.apache.logging.log4j.core.filter.ThreadContextMapFilter for element ThreadContextMapFilter with params(pairs={test=123}, operator="null", onmatch="null", onmismatch="null")
2022-08-02 23:43:57,844 DEBUG Calling createAppenderRef on class org.apache.logging.log4j.core.config.AppenderRef for element appender-ref with params(ref="STDOUT", level="null", null)
2022-08-02 23:43:57,845 DEBUG Calling createLogger on class org.apache.logging.log4j.core.config.LoggerConfig for element logger with params(additivity="false", level="debug", name="org.apache.logging.log4j.test1", appender-ref={org.apache.logging.log4j.core.config.AppenderRef@33a10788}, ThreadContextMapFilter(isAnd=true, {test=[123]}))
2022-08-02 23:43:57,845 DEBUG Calling createAppenderRef on class org.apache.logging.log4j.core.config.AppenderRef for element appender-ref with params(ref="File", level="null", null)
2022-08-02 23:43:57,845 DEBUG Calling createLogger on class org.apache.logging.log4j.core.config.LoggerConfig for element logger with params(additivity="false", level="debug", name="org.apache.logging.log4j.test2", appender-ref={org.apache.logging.log4j.core.config.AppenderRef@7006c658}, null)
2022-08-02 23:43:57,846 DEBUG Calling createAppenderRef on class org.apache.logging.log4j.core.config.AppenderRef for element appender-ref with params(ref="List", level="null", null)
2022-08-02 23:43:57,846 DEBUG Calling createLogger on class org.apache.logging.log4j.core.config.LoggerConfig$RootLogger for element root with params(additivity="null", level="trace", appender-ref={org.apache.logging.log4j.core.config.AppenderRef@47fd17e3}, null)
2022-08-02 23:43:57,847 DEBUG Calling createLoggers on class org.apache.logging.log4j.core.config.plugins.LoggersPlugin for element loggers with params(loggers={org.apache.logging.log4j.test1, org.apache.logging.log4j.test2, root})
2022-08-02 23:43:57,848 DEBUG Reconfiguration completed
2022-08-02 23:43:57,871 DEBUG Reconfiguration started for context sun.misc.Launcher$AppClassLoader@7f31245a
2022-08-02 23:43:57,872 DEBUG Generated plugins in 0.000605740 seconds
2022-08-02 23:43:57,884 DEBUG Generated plugins in 0.000538319 seconds
2022-08-02 23:43:57,885 DEBUG Generated plugins in 0.000538439 seconds
2022-08-02 23:43:57,886 WARN No Loggers were configured, using default
2022-08-02 23:43:57,886 DEBUG Shutting down FileManager target/test.log
2022-08-02 23:43:57,886 DEBUG Reconfiguration completed
Tests run: 9, Failures: 0, Errors: 2, Skipped: 0, Time elapsed: 0.261 sec <<< FAILURE!
Running org.apache.logging.log4j.core.net.JMSTopicTest
log4j:WARN No appenders could be found for logger (org.mockejb.jndi.MockContext).
log4j:WARN Please initialize the log4j system properly.
log4j:WARN See http://logging.apache.org/log4j/1.2/faq.html#noconfig for more info.
Tests run: 1, Failures: 0, Errors: 0, Skipped: 0, Time elapsed: 0.447 sec
Running org.apache.logging.log4j.core.net.SocketServerTest
Tests run: 1, Failures: 0, Errors: 0, Skipped: 0, Time elapsed: 0.332 sec
Running org.apache.logging.log4j.core.net.JMSQueueTest
log4j:WARN No appenders could be found for logger (org.mockejb.jndi.MockContext).
log4j:WARN Please initialize the log4j system properly.
log4j:WARN See http://logging.apache.org/log4j/1.2/faq.html#noconfig for more info.
Tests run: 1, Failures: 0, Errors: 0, Skipped: 0, Time elapsed: 0.449 sec
Running org.apache.logging.log4j.core.layout.XMLLayoutTest
Tests run: 1, Failures: 0, Errors: 1, Skipped: 0, Time elapsed: 0.197 sec <<< FAILURE!
Running org.apache.logging.log4j.core.layout.HTMLLayoutTest
Tests run: 1, Failures: 0, Errors: 1, Skipped: 0, Time elapsed: 0.194 sec <<< FAILURE!
Running org.apache.logging.log4j.core.layout.RFC5424LayoutTest
Tests run: 1, Failures: 0, Errors: 0, Skipped: 0, Time elapsed: 0.205 sec
Running org.apache.logging.log4j.core.layout.SerializedLayoutTest
Tests run: 1, Failures: 0, Errors: 1, Skipped: 0, Time elapsed: 0.203 sec <<< FAILURE!
Running org.apache.logging.log4j.core.layout.PatternLayoutTest
Tests run: 2, Failures: 0, Errors: 0, Skipped: 0, Time elapsed: 0.199 sec
Running org.apache.logging.log4j.core.layout.SyslogLayoutTest
Tests run: 1, Failures: 0, Errors: 0, Skipped: 0, Time elapsed: 0.205 sec
Running org.apache.logging.log4j.core.SimplePerfTest
Timer Setup stopped. Elapsed time: 0.095849184 seconds Average per iteration: 0.000000009 seconds
Timer DebugDisabled stopped. Elapsed time: 0.035939313 seconds Average per iteration: 0.000000003 seconds
Timer DebugLogger stopped. Elapsed time: 0.038447974 seconds Average per iteration: 0.000000003 seconds
Tests run: 2, Failures: 0, Errors: 0, Skipped: 0, Time elapsed: 0.522 sec
Running org.apache.logging.log4j.core.LoggerTest
2022-08-02 23:44:03,649 DEBUG Generated plugins in 0.002490503 seconds
2022-08-02 23:44:03,655 DEBUG Calling createProperty on class org.apache.logging.log4j.core.config.Property for element property with params(name="filename", value="target/test.log")
2022-08-02 23:44:03,656 DEBUG Calling configureSubstitutor on class org.apache.logging.log4j.core.config.plugins.PropertiesPlugin for element properties with params(properties={filename=target/test.log})
2022-08-02 23:44:03,657 DEBUG Generated plugins in 0.000694824 seconds
2022-08-02 23:44:03,659 DEBUG Calling createFilter on class org.apache.logging.log4j.core.filter.ThresholdFilter for element ThresholdFilter with params(level="trace", onMatch="null", onMismatch="null")
2022-08-02 23:44:03,661 DEBUG Calling createLayout on class org.apache.logging.log4j.core.layout.PatternLayout for element PatternLayout with params(pattern="%m MDC%X%n", Configuration(XMLConfigTest), null, charset="null")
2022-08-02 23:44:03,663 DEBUG Generated plugins in 0.000735477 seconds
2022-08-02 23:44:03,663 DEBUG Calling createFilter on class org.apache.logging.log4j.core.filter.MarkerFilter for element MarkerFilter with params(marker="FLOW", onMatch="DENY", onMismatch="NEUTRAL")
2022-08-02 23:44:03,664 DEBUG Calling createFilter on class org.apache.logging.log4j.core.filter.MarkerFilter for element MarkerFilter with params(marker="EXCEPTION", onMatch="DENY", onMismatch="ACCEPT")
2022-08-02 23:44:03,665 DEBUG Calling createFilters on class org.apache.logging.log4j.core.filter.CompositeFilter for element filters with params(filters={FLOW, EXCEPTION})
2022-08-02 23:44:03,665 DEBUG Calling createAppender on class org.apache.logging.log4j.core.appender.ConsoleAppender for element Console with params(PatternLayout(%m MDC%X%n), filters({FLOW, EXCEPTION}), target="null", name="STDOUT", suppressExceptions="null")
2022-08-02 23:44:03,666 DEBUG Calling createLayout on class org.apache.logging.log4j.core.layout.PatternLayout for element PatternLayout with params(pattern="%C{1}.%M %m %ex%n", Configuration(XMLConfigTest), null, charset="null")
2022-08-02 23:44:03,667 DEBUG Calling createFilter on class org.apache.logging.log4j.core.filter.MarkerFilter for element MarkerFilter with params(marker="FLOW", onMatch="ACCEPT", onMismatch="NEUTRAL")
2022-08-02 23:44:03,667 DEBUG Calling createFilter on class org.apache.logging.log4j.core.filter.MarkerFilter for element MarkerFilter with params(marker="EXCEPTION", onMatch="ACCEPT", onMismatch="DENY")
2022-08-02 23:44:03,668 DEBUG Calling createFilters on class org.apache.logging.log4j.core.filter.CompositeFilter for element filters with params(filters={FLOW, EXCEPTION})
2022-08-02 23:44:03,668 DEBUG Calling createAppender on class org.apache.logging.log4j.core.appender.ConsoleAppender for element Console with params(PatternLayout(%C{1}.%M %m %ex%n), filters({FLOW, EXCEPTION}), target="null", name="FLOW", suppressExceptions="null")
2022-08-02 23:44:03,669 DEBUG Calling createLayout on class org.apache.logging.log4j.core.layout.PatternLayout for element PatternLayout with params(pattern="%d %p %C{1.} [%t] %m%n", Configuration(XMLConfigTest), null, charset="null")
2022-08-02 23:44:03,670 DEBUG Calling createAppender on class org.apache.logging.log4j.core.appender.FileAppender for element File with params(fileName="target/test.log", append="null", locking="null", name="File", immediateFlush="null", suppressExceptions="null", bufferedIO="null", PatternLayout(%d %p %C{1.} [%t] %m%n), null)
2022-08-02 23:44:03,671 DEBUG Starting FileManager target/test.log
2022-08-02 23:44:03,672 DEBUG Calling createAppender on class org.apache.logging.log4j.test.appender.ListAppender for element List with params(name="List", entryPerNewLine="null", raw="null", null, null)
2022-08-02 23:44:03,672 DEBUG Calling createAppenders on class org.apache.logging.log4j.core.config.plugins.AppendersPlugin for element appenders with params(appenders={STDOUT, FLOW, File, List})
2022-08-02 23:44:03,673 DEBUG Calling createPair on class org.apache.logging.log4j.core.helpers.KeyValuePair for element KeyValuePair with params(key="test", value="123")
2022-08-02 23:44:03,673 DEBUG Calling createFilter on class org.apache.logging.log4j.core.filter.ThreadContextMapFilter for element ThreadContextMapFilter with params(pairs={test=123}, operator="null", onmatch="null", onmismatch="null")
2022-08-02 23:44:03,674 DEBUG Calling createAppenderRef on class org.apache.logging.log4j.core.config.AppenderRef for element appender-ref with params(ref="STDOUT", level="null", null)
2022-08-02 23:44:03,675 DEBUG Calling createLogger on class org.apache.logging.log4j.core.config.LoggerConfig for element logger with params(additivity="false", level="debug", name="org.apache.logging.log4j.test1", appender-ref={org.apache.logging.log4j.core.config.AppenderRef@33a10788}, ThreadContextMapFilter(isAnd=true, {test=[123]}))
2022-08-02 23:44:03,675 DEBUG Calling createAppenderRef on class org.apache.logging.log4j.core.config.AppenderRef for element appender-ref with params(ref="File", level="null", null)
2022-08-02 23:44:03,676 DEBUG Calling createLogger on class org.apache.logging.log4j.core.config.LoggerConfig for element logger with params(additivity="false", level="debug", name="org.apache.logging.log4j.test2", appender-ref={org.apache.logging.log4j.core.config.AppenderRef@7006c658}, null)
2022-08-02 23:44:03,676 DEBUG Calling createAppenderRef on class org.apache.logging.log4j.core.config.AppenderRef for element appender-ref with params(ref="List", level="null", null)
2022-08-02 23:44:03,677 DEBUG Calling createLogger on class org.apache.logging.log4j.core.config.LoggerConfig$RootLogger for element root with params(additivity="null", level="trace", appender-ref={org.apache.logging.log4j.core.config.AppenderRef@47fd17e3}, null)
2022-08-02 23:44:03,677 DEBUG Calling createLoggers on class org.apache.logging.log4j.core.config.plugins.LoggersPlugin for element loggers with params(loggers={org.apache.logging.log4j.test1, org.apache.logging.log4j.test2, root})
2022-08-02 23:44:03,678 DEBUG Reconfiguration completed
2022-08-02 23:44:03,703 DEBUG Reconfiguration started for context sun.misc.Launcher$AppClassLoader@7f31245a
2022-08-02 23:44:03,704 DEBUG Generated plugins in 0.000636944 seconds
2022-08-02 23:44:03,716 DEBUG Generated plugins in 0.000569924 seconds
2022-08-02 23:44:03,717 DEBUG Generated plugins in 0.000563003 seconds
2022-08-02 23:44:03,717 WARN No Loggers were configured, using default
2022-08-02 23:44:03,717 DEBUG Shutting down FileManager target/test.log
2022-08-02 23:44:03,718 DEBUG Reconfiguration completed
Tests run: 9, Failures: 0, Errors: 2, Skipped: 0, Time elapsed: 0.266 sec <<< FAILURE!
Running org.apache.logging.log4j.core.CollectionLoggingTest
23:44:04.111 [main] ERROR org.apache.logging.log4j.core.CollectionLoggingTest - {java.runtime.name=OpenJDK Runtime Environment, sun.boot.library.path=/usr/lib/jvm/java-8-openjdk-amd64/jre/lib/amd64, java.vm.version=25.312-b07, java.vm.vendor=Private Build, java.vendor.url=http://java.oracle.com/, path.separator=:, java.vm.name=OpenJDK 64-Bit Server VM, file.encoding.pkg=sun.io, user.country=US, sun.java.launcher=SUN_STANDARD, sun.os.patch.level=unknown, java.vm.specification.name=Java Virtual Machine Specification, user.dir=/home/user/Reproducibility-Scanner/benchmarks/bugs-dot-jar/logging-log4j2/core, java.runtime.version=1.8.0_312-8u312-b07-0ubuntu1~20.04-b07, basedir=/home/user/Reproducibility-Scanner/benchmarks/bugs-dot-jar/logging-log4j2/core, java.awt.graphicsenv=sun.awt.X11GraphicsEnvironment, java.endorsed.dirs=/usr/lib/jvm/java-8-openjdk-amd64/jre/lib/endorsed, os.arch=amd64, java.io.tmpdir=/tmp, line.separator=
, java.vm.specification.vendor=Oracle Corporation, os.name=Linux, sun.jnu.encoding=UTF-8, java.library.path=/usr/java/packages/lib/amd64:/usr/lib/x86_64-linux-gnu/jni:/lib/x86_64-linux-gnu:/usr/lib/x86_64-linux-gnu:/usr/lib/jni:/lib:/usr/lib, surefire.test.class.path=/home/user/Reproducibility-Scanner/benchmarks/bugs-dot-jar/logging-log4j2/core/target/test-classes:/home/user/Reproducibility-Scanner/benchmarks/bugs-dot-jar/logging-log4j2/core/target/classes:/home/user/.m2/repository/org/apache/logging/log4j/log4j-api/2.0-beta3-SNAPSHOT/log4j-api-2.0-beta3-SNAPSHOT.jar:/home/user/.m2/repository/org/codehaus/jackson/jackson-core-asl/1.9.2/jackson-core-asl-1.9.2.jar:/home/user/.m2/repository/org/codehaus/jackson/jackson-mapper-asl/1.9.2/jackson-mapper-asl-1.9.2.jar:/home/user/.m2/repository/org/fusesource/jansi/jansi/1.9/jansi-1.9.jar:/home/user/.m2/repository/oro/oro/2.0.8/oro-2.0.8.jar:/home/user/.m2/repository/log4j/log4j/1.2.16/log4j-1.2.16.jar:/home/user/.m2/repository/org/slf4j/slf4j-api/1.7.1/slf4j-api-1.7.1.jar:/home/user/.m2/repository/org/slf4j/slf4j-ext/1.7.1/slf4j-ext-1.7.1.jar:/home/user/.m2/repository/ch/qos/cal10n/cal10n-api/0.7.4/cal10n-api-0.7.4.jar:/home/user/.m2/repository/junit/junit/4.7/junit-4.7.jar:/home/user/.m2/repository/org/mockejb/mockejb/0.6-beta2/mockejb-0.6-beta2.jar:/home/user/.m2/repository/cglib/cglib-full/2.0.2/cglib-full-2.0.2.jar:/home/user/.m2/repository/commons-logging/commons-logging/1.0.4/commons-logging-1.0.4.jar:/home/user/.m2/repository/ch/qos/logback/logback-core/1.0.7/logback-core-1.0.7.jar:/home/user/.m2/repository/ch/qos/logback/logback-classic/1.0.7/logback-classic-1.0.7.jar:/home/user/.m2/repository/org/apache/geronimo/specs/geronimo-jms_1.1_spec/1.0/geronimo-jms_1.1_spec-1.0.jar:, java.specification.name=Java Platform API Specification, java.class.version=52.0, sun.management.compiler=HotSpot 64-Bit Tiered Compilers, os.version=5.13.0-44-generic, user.home=/home/user, user.timezone=America/Los_Angeles, java.awt.printerjob=sun.print.PSPrinterJob, file.encoding=UTF-8, java.specification.version=1.8, java.class.path=/home/user/Reproducibility-Scanner/benchmarks/bugs-dot-jar/logging-log4j2/core/target/surefire/surefirebooter4135424150769177608.jar, user.name=user, java.vm.specification.version=1.8, sun.java.command=/home/user/Reproducibility-Scanner/benchmarks/bugs-dot-jar/logging-log4j2/core/target/surefire/surefirebooter4135424150769177608.jar /home/user/Reproducibility-Scanner/benchmarks/bugs-dot-jar/logging-log4j2/core/target/surefire/surefire8653099240918443844tmp /home/user/Reproducibility-Scanner/benchmarks/bugs-dot-jar/logging-log4j2/core/target/surefire/surefire6908534886202967730tmp, java.home=/usr/lib/jvm/java-8-openjdk-amd64/jre, sun.arch.data.model=64, user.language=en, java.specification.vendor=Oracle Corporation, awt.toolkit=sun.awt.X11.XToolkit, java.vm.info=mixed mode, java.version=1.8.0_312, java.ext.dirs=/usr/lib/jvm/java-8-openjdk-amd64/jre/lib/ext:/usr/java/packages/lib/ext, sun.boot.class.path=/usr/lib/jvm/java-8-openjdk-amd64/jre/lib/resources.jar:/usr/lib/jvm/java-8-openjdk-amd64/jre/lib/rt.jar:/usr/lib/jvm/java-8-openjdk-amd64/jre/lib/sunrsasign.jar:/usr/lib/jvm/java-8-openjdk-amd64/jre/lib/jsse.jar:/usr/lib/jvm/java-8-openjdk-amd64/jre/lib/jce.jar:/usr/lib/jvm/java-8-openjdk-amd64/jre/lib/charsets.jar:/usr/lib/jvm/java-8-openjdk-amd64/jre/lib/jfr.jar:/usr/lib/jvm/java-8-openjdk-amd64/jre/classes, java.vendor=Private Build, localRepository=/home/user/.m2/repository, file.separator=/, java.vendor.url.bug=http://bugreport.sun.com/bugreport/, sun.io.unicode.encoding=UnicodeLittle, sun.cpu.endian=little, sun.cpu.isalist=}
23:44:04.116 [main] ERROR org.apache.logging.log4j.core.CollectionLoggingTest - {java.runtime.name=OpenJDK Runtime Environment, sun.boot.library.path=/usr/lib/jvm/java-8-openjdk-amd64/jre/lib/amd64, java.vm.version=25.312-b07, java.vm.vendor=Private Build, java.vendor.url=http://java.oracle.com/, path.separator=:, java.vm.name=OpenJDK 64-Bit Server VM, file.encoding.pkg=sun.io, user.country=US, sun.java.launcher=SUN_STANDARD, sun.os.patch.level=unknown, java.vm.specification.name=Java Virtual Machine Specification, user.dir=/home/user/Reproducibility-Scanner/benchmarks/bugs-dot-jar/logging-log4j2/core, java.runtime.version=1.8.0_312-8u312-b07-0ubuntu1~20.04-b07, basedir=/home/user/Reproducibility-Scanner/benchmarks/bugs-dot-jar/logging-log4j2/core, java.awt.graphicsenv=sun.awt.X11GraphicsEnvironment, java.endorsed.dirs=/usr/lib/jvm/java-8-openjdk-amd64/jre/lib/endorsed, os.arch=amd64, java.io.tmpdir=/tmp, line.separator=
, java.vm.specification.vendor=Oracle Corporation, os.name=Linux, sun.jnu.encoding=UTF-8, java.library.path=/usr/java/packages/lib/amd64:/usr/lib/x86_64-linux-gnu/jni:/lib/x86_64-linux-gnu:/usr/lib/x86_64-linux-gnu:/usr/lib/jni:/lib:/usr/lib, surefire.test.class.path=/home/user/Reproducibility-Scanner/benchmarks/bugs-dot-jar/logging-log4j2/core/target/test-classes:/home/user/Reproducibility-Scanner/benchmarks/bugs-dot-jar/logging-log4j2/core/target/classes:/home/user/.m2/repository/org/apache/logging/log4j/log4j-api/2.0-beta3-SNAPSHOT/log4j-api-2.0-beta3-SNAPSHOT.jar:/home/user/.m2/repository/org/codehaus/jackson/jackson-core-asl/1.9.2/jackson-core-asl-1.9.2.jar:/home/user/.m2/repository/org/codehaus/jackson/jackson-mapper-asl/1.9.2/jackson-mapper-asl-1.9.2.jar:/home/user/.m2/repository/org/fusesource/jansi/jansi/1.9/jansi-1.9.jar:/home/user/.m2/repository/oro/oro/2.0.8/oro-2.0.8.jar:/home/user/.m2/repository/log4j/log4j/1.2.16/log4j-1.2.16.jar:/home/user/.m2/repository/org/slf4j/slf4j-api/1.7.1/slf4j-api-1.7.1.jar:/home/user/.m2/repository/org/slf4j/slf4j-ext/1.7.1/slf4j-ext-1.7.1.jar:/home/user/.m2/repository/ch/qos/cal10n/cal10n-api/0.7.4/cal10n-api-0.7.4.jar:/home/user/.m2/repository/junit/junit/4.7/junit-4.7.jar:/home/user/.m2/repository/org/mockejb/mockejb/0.6-beta2/mockejb-0.6-beta2.jar:/home/user/.m2/repository/cglib/cglib-full/2.0.2/cglib-full-2.0.2.jar:/home/user/.m2/repository/commons-logging/commons-logging/1.0.4/commons-logging-1.0.4.jar:/home/user/.m2/repository/ch/qos/logback/logback-core/1.0.7/logback-core-1.0.7.jar:/home/user/.m2/repository/ch/qos/logback/logback-classic/1.0.7/logback-classic-1.0.7.jar:/home/user/.m2/repository/org/apache/geronimo/specs/geronimo-jms_1.1_spec/1.0/geronimo-jms_1.1_spec-1.0.jar:, java.specification.name=Java Platform API Specification, java.class.version=52.0, sun.management.compiler=HotSpot 64-Bit Tiered Compilers, os.version=5.13.0-44-generic, user.home=/home/user, user.timezone=America/Los_Angeles, java.awt.printerjob=sun.print.PSPrinterJob, file.encoding=UTF-8, java.specification.version=1.8, java.class.path=/home/user/Reproducibility-Scanner/benchmarks/bugs-dot-jar/logging-log4j2/core/target/surefire/surefirebooter4135424150769177608.jar, user.name=user, java.vm.specification.version=1.8, sun.java.command=/home/user/Reproducibility-Scanner/benchmarks/bugs-dot-jar/logging-log4j2/core/target/surefire/surefirebooter4135424150769177608.jar /home/user/Reproducibility-Scanner/benchmarks/bugs-dot-jar/logging-log4j2/core/target/surefire/surefire8653099240918443844tmp /home/user/Reproducibility-Scanner/benchmarks/bugs-dot-jar/logging-log4j2/core/target/surefire/surefire6908534886202967730tmp, java.home=/usr/lib/jvm/java-8-openjdk-amd64/jre, sun.arch.data.model=64, user.language=en, java.specification.vendor=Oracle Corporation, awt.toolkit=sun.awt.X11.XToolkit, java.vm.info=mixed mode, java.version=1.8.0_312, java.ext.dirs=/usr/lib/jvm/java-8-openjdk-amd64/jre/lib/ext:/usr/java/packages/lib/ext, sun.boot.class.path=/usr/lib/jvm/java-8-openjdk-amd64/jre/lib/resources.jar:/usr/lib/jvm/java-8-openjdk-amd64/jre/lib/rt.jar:/usr/lib/jvm/java-8-openjdk-amd64/jre/lib/sunrsasign.jar:/usr/lib/jvm/java-8-openjdk-amd64/jre/lib/jsse.jar:/usr/lib/jvm/java-8-openjdk-amd64/jre/lib/jce.jar:/usr/lib/jvm/java-8-openjdk-amd64/jre/lib/charsets.jar:/usr/lib/jvm/java-8-openjdk-amd64/jre/lib/jfr.jar:/usr/lib/jvm/java-8-openjdk-amd64/jre/classes, java.vendor=Private Build, localRepository=/home/user/.m2/repository, file.separator=/, java.vendor.url.bug=http://bugreport.sun.com/bugreport/, sun.io.unicode.encoding=UnicodeLittle, sun.cpu.endian=little, sun.cpu.isalist=}
23:44:04.118 [main] ERROR org.apache.logging.log4j.core.CollectionLoggingTest - MyKey1="MyValue1" MyKey2="MyValue2"
23:44:04.119 [main] ERROR org.apache.logging.log4j.core.CollectionLoggingTest - {MyKey2=MyValue2, MyKey1=MyValue1}
23:44:04.121 [main] ERROR org.apache.logging.log4j.core.CollectionLoggingTest - java.net.NetworkInterface$2@64c64813
23:44:04.163 [main] ERROR org.apache.logging.log4j.core.CollectionLoggingTest - {Big5=Big5, Big5-HKSCS=Big5-HKSCS, CESU-8=CESU-8, EUC-JP=EUC-JP, EUC-KR=EUC-KR, GB18030=GB18030, GB2312=GB2312, GBK=GBK, IBM-Thai=IBM-Thai, IBM00858=IBM00858, IBM01140=IBM01140, IBM01141=IBM01141, IBM01142=IBM01142, IBM01143=IBM01143, IBM01144=IBM01144, IBM01145=IBM01145, IBM01146=IBM01146, IBM01147=IBM01147, IBM01148=IBM01148, IBM01149=IBM01149, IBM037=IBM037, IBM1026=IBM1026, IBM1047=IBM1047, IBM273=IBM273, IBM277=IBM277, IBM278=IBM278, IBM280=IBM280, IBM284=IBM284, IBM285=IBM285, IBM290=IBM290, IBM297=IBM297, IBM420=IBM420, IBM424=IBM424, IBM437=IBM437, IBM500=IBM500, IBM775=IBM775, IBM850=IBM850, IBM852=IBM852, IBM855=IBM855, IBM857=IBM857, IBM860=IBM860, IBM861=IBM861, IBM862=IBM862, IBM863=IBM863, IBM864=IBM864, IBM865=IBM865, IBM866=IBM866, IBM868=IBM868, IBM869=IBM869, IBM870=IBM870, IBM871=IBM871, IBM918=IBM918, ISO-2022-CN=ISO-2022-CN, ISO-2022-JP=ISO-2022-JP, ISO-2022-JP-2=ISO-2022-JP-2, ISO-2022-KR=ISO-2022-KR, ISO-8859-1=ISO-8859-1, ISO-8859-13=ISO-8859-13, ISO-8859-15=ISO-8859-15, ISO-8859-2=ISO-8859-2, ISO-8859-3=ISO-8859-3, ISO-8859-4=ISO-8859-4, ISO-8859-5=ISO-8859-5, ISO-8859-6=ISO-8859-6, ISO-8859-7=ISO-8859-7, ISO-8859-8=ISO-8859-8, ISO-8859-9=ISO-8859-9, JIS_X0201=JIS_X0201, JIS_X0212-1990=JIS_X0212-1990, KOI8-R=KOI8-R, KOI8-U=KOI8-U, Shift_JIS=Shift_JIS, TIS-620=TIS-620, US-ASCII=US-ASCII, UTF-16=UTF-16, UTF-16BE=UTF-16BE, UTF-16LE=UTF-16LE, UTF-32=UTF-32, UTF-32BE=UTF-32BE, UTF-32LE=UTF-32LE, UTF-8=UTF-8, windows-1250=windows-1250, windows-1251=windows-1251, windows-1252=windows-1252, windows-1253=windows-1253, windows-1254=windows-1254, windows-1255=windows-1255, windows-1256=windows-1256, windows-1257=windows-1257, windows-1258=windows-1258, windows-31j=windows-31j, x-Big5-HKSCS-2001=x-Big5-HKSCS-2001, x-Big5-Solaris=x-Big5-Solaris, x-COMPOUND_TEXT=x-COMPOUND_TEXT, x-euc-jp-linux=x-euc-jp-linux, x-EUC-TW=x-EUC-TW, x-eucJP-Open=x-eucJP-Open, x-IBM1006=x-IBM1006, x-IBM1025=x-IBM1025, x-IBM1046=x-IBM1046, x-IBM1097=x-IBM1097, x-IBM1098=x-IBM1098, x-IBM1112=x-IBM1112, x-IBM1122=x-IBM1122, x-IBM1123=x-IBM1123, x-IBM1124=x-IBM1124, x-IBM1166=x-IBM1166, x-IBM1364=x-IBM1364, x-IBM1381=x-IBM1381, x-IBM1383=x-IBM1383, x-IBM300=x-IBM300, x-IBM33722=x-IBM33722, x-IBM737=x-IBM737, x-IBM833=x-IBM833, x-IBM834=x-IBM834, x-IBM856=x-IBM856, x-IBM874=x-IBM874, x-IBM875=x-IBM875, x-IBM921=x-IBM921, x-IBM922=x-IBM922, x-IBM930=x-IBM930, x-IBM933=x-IBM933, x-IBM935=x-IBM935, x-IBM937=x-IBM937, x-IBM939=x-IBM939, x-IBM942=x-IBM942, x-IBM942C=x-IBM942C, x-IBM943=x-IBM943, x-IBM943C=x-IBM943C, x-IBM948=x-IBM948, x-IBM949=x-IBM949, x-IBM949C=x-IBM949C, x-IBM950=x-IBM950, x-IBM964=x-IBM964, x-IBM970=x-IBM970, x-ISCII91=x-ISCII91, x-ISO-2022-CN-CNS=x-ISO-2022-CN-CNS, x-ISO-2022-CN-GB=x-ISO-2022-CN-GB, x-iso-8859-11=x-iso-8859-11, x-JIS0208=x-JIS0208, x-JISAutoDetect=x-JISAutoDetect, x-Johab=x-Johab, x-MacArabic=x-MacArabic, x-MacCentralEurope=x-MacCentralEurope, x-MacCroatian=x-MacCroatian, x-MacCyrillic=x-MacCyrillic, x-MacDingbat=x-MacDingbat, x-MacGreek=x-MacGreek, x-MacHebrew=x-MacHebrew, x-MacIceland=x-MacIceland, x-MacRoman=x-MacRoman, x-MacRomania=x-MacRomania, x-MacSymbol=x-MacSymbol, x-MacThai=x-MacThai, x-MacTurkish=x-MacTurkish, x-MacUkraine=x-MacUkraine, x-MS932_0213=x-MS932_0213, x-MS950-HKSCS=x-MS950-HKSCS, x-MS950-HKSCS-XP=x-MS950-HKSCS-XP, x-mswin-936=x-mswin-936, x-PCK=x-PCK, x-SJIS_0213=x-SJIS_0213, x-UTF-16LE-BOM=x-UTF-16LE-BOM, X-UTF-32BE-BOM=X-UTF-32BE-BOM, X-UTF-32LE-BOM=X-UTF-32LE-BOM, x-windows-50220=x-windows-50220, x-windows-50221=x-windows-50221, x-windows-874=x-windows-874, x-windows-949=x-windows-949, x-windows-950=x-windows-950, x-windows-iso2022jp=x-windows-iso2022jp}
Tests run: 4, Failures: 0, Errors: 0, Skipped: 0, Time elapsed: 0.242 sec
Running org.apache.logging.log4j.core.ThreadedPerfTest
Timer DebugLogger stopped. Elapsed time: 0.003104104 seconds Average per iteration: 0.000000000 seconds
Timer DebugDisabled stopped. Elapsed time: 0.002693569 seconds Average per iteration: 0.000000000 seconds
Tests run: 2, Failures: 0, Errors: 0, Skipped: 0, Time elapsed: 0.204 sec
Running org.apache.logging.log4j.core.pattern.RegexReplacementConverterTest
Tests run: 1, Failures: 0, Errors: 0, Skipped: 0, Time elapsed: 0.188 sec
Running org.apache.logging.log4j.core.pattern.NameAbbreviatorTest
Tests run: 6, Failures: 0, Errors: 0, Skipped: 0, Time elapsed: 0.039 sec
Running org.apache.logging.log4j.core.pattern.MapPatternConverterTest
Tests run: 2, Failures: 0, Errors: 0, Skipped: 0, Time elapsed: 0.05 sec
Running org.apache.logging.log4j.core.pattern.RootThrowablePatternConverterTest
Tests run: 1, Failures: 0, Errors: 1, Skipped: 0, Time elapsed: 0.058 sec <<< FAILURE!
Running org.apache.logging.log4j.core.pattern.RootThrowableTest
2022-08-02 23:44:06,143 WARN No Loggers were configured, using default
Tests run: 1, Failures: 0, Errors: 1, Skipped: 0, Time elapsed: 0.231 sec <<< FAILURE!
Running org.apache.logging.log4j.core.pattern.MarkerPatternConverterTest
Tests run: 1, Failures: 0, Errors: 0, Skipped: 0, Time elapsed: 0.049 sec
Running org.apache.logging.log4j.core.pattern.ExtendedThrowablePatternConverterTest
Tests run: 2, Failures: 0, Errors: 2, Skipped: 0, Time elapsed: 0.062 sec <<< FAILURE!
Running org.apache.logging.log4j.core.pattern.ExtendedThrowableTest
2022-08-02 23:44:07,129 WARN No Loggers were configured, using default
Tests run: 1, Failures: 0, Errors: 1, Skipped: 0, Time elapsed: 0.235 sec <<< FAILURE!
Running org.apache.logging.log4j.core.pattern.StyleConverterTest
Tests run: 1, Failures: 0, Errors: 0, Skipped: 0, Time elapsed: 0.221 sec
Running org.apache.logging.log4j.core.pattern.PatternParserTest
Tests run: 2, Failures: 0, Errors: 0, Skipped: 0, Time elapsed: 0.19 sec
Running org.apache.logging.log4j.core.pattern.RegexReplacementTest
Tests run: 2, Failures: 0, Errors: 0, Skipped: 0, Time elapsed: 0.224 sec
Running org.apache.logging.log4j.core.config.XMLConfigurationPropsTest
2022-08-02 23:44:08,786 DEBUG Generated plugins in 0.000143195 seconds
2022-08-02 23:44:08,792 DEBUG Calling createLayout on class org.apache.logging.log4j.core.layout.PatternLayout for element PatternLayout with params(pattern="[%-5level] %msg%n", Configuration(DSI), null, charset="null")
2022-08-02 23:44:08,793 DEBUG Generated plugins in 0.000085574 seconds
2022-08-02 23:44:08,794 DEBUG Calling createAppender on class org.apache.logging.log4j.core.appender.ConsoleAppender for element Console with params(PatternLayout([%-5level] %msg%n), null, target="SYSTEM_OUT", name="Console", suppressExceptions="null")
2022-08-02 23:44:08,795 DEBUG Calling createAppenders on class org.apache.logging.log4j.core.config.plugins.AppendersPlugin for element appenders with params(appenders={Console})
2022-08-02 23:44:08,795 DEBUG Generated plugins in 0.000138491 seconds
2022-08-02 23:44:08,796 DEBUG Calling createAppenderRef on class org.apache.logging.log4j.core.config.AppenderRef for element appender-ref with params(ref="Console", level="null", null)
2022-08-02 23:44:08,797 DEBUG Calling createLogger on class org.apache.logging.log4j.core.config.LoggerConfig$RootLogger for element root with params(additivity="null", level="debug", appender-ref={org.apache.logging.log4j.core.config.AppenderRef@71f2a7d5}, null)
2022-08-02 23:44:08,798 DEBUG Calling createLoggers on class org.apache.logging.log4j.core.config.plugins.LoggersPlugin for element loggers with params(loggers={root})
2022-08-02 23:44:08,798 DEBUG Reconfiguration completed
2022-08-02 23:44:08,798 DEBUG Reconfiguration started for context Default
2022-08-02 23:44:08,799 DEBUG Generated plugins in 0.000086885 seconds
2022-08-02 23:44:08,801 DEBUG Generated plugins in 0.000074660 seconds
2022-08-02 23:44:08,801 DEBUG Calling createLayout on class org.apache.logging.log4j.core.layout.PatternLayout for element PatternLayout with params(pattern="[%-5level] %msg%n", Configuration(DSI), null, charset="null")
2022-08-02 23:44:08,802 DEBUG Generated plugins in 0.000080564 seconds
2022-08-02 23:44:08,803 DEBUG Calling createAppender on class org.apache.logging.log4j.core.appender.ConsoleAppender for element Console with params(PatternLayout([%-5level] %msg%n), null, target="SYSTEM_OUT", name="Console", suppressExceptions="null")
2022-08-02 23:44:08,803 DEBUG Calling createAppenders on class org.apache.logging.log4j.core.config.plugins.AppendersPlugin for element appenders with params(appenders={Console})
2022-08-02 23:44:08,803 DEBUG Generated plugins in 0.000082256 seconds
2022-08-02 23:44:08,804 DEBUG Calling createAppenderRef on class org.apache.logging.log4j.core.config.AppenderRef for element appender-ref with params(ref="Console", level="null", null)
2022-08-02 23:44:08,805 DEBUG Calling createLogger on class org.apache.logging.log4j.core.config.LoggerConfig$RootLogger for element root with params(additivity="null", level="debug", appender-ref={org.apache.logging.log4j.core.config.AppenderRef@4b6995df}, null)
2022-08-02 23:44:08,806 DEBUG Calling createLoggers on class org.apache.logging.log4j.core.config.plugins.LoggersPlugin for element loggers with params(loggers={root})
2022-08-02 23:44:08,806 DEBUG Reconfiguration completed
2022-08-02 23:44:08,809 DEBUG Reconfiguration started for context Default
2022-08-02 23:44:08,810 DEBUG Generated plugins in 0.000094220 seconds
2022-08-02 23:44:08,812 DEBUG Generated plugins in 0.000081389 seconds
2022-08-02 23:44:08,813 DEBUG Calling createLayout on class org.apache.logging.log4j.core.layout.PatternLayout for element PatternLayout with params(pattern="[%-5level] %msg%n", Configuration(DSI), null, charset="null")
2022-08-02 23:44:08,813 DEBUG Generated plugins in 0.000083884 seconds
2022-08-02 23:44:08,814 DEBUG Calling createAppender on class org.apache.logging.log4j.core.appender.ConsoleAppender for element Console with params(PatternLayout([%-5level] %msg%n), null, target="SYSTEM_OUT", name="Console", suppressExceptions="null")
2022-08-02 23:44:08,814 DEBUG Calling createAppenders on class org.apache.logging.log4j.core.config.plugins.AppendersPlugin for element appenders with params(appenders={Console})
2022-08-02 23:44:08,815 DEBUG Generated plugins in 0.000075087 seconds
2022-08-02 23:44:08,815 DEBUG Calling createAppenderRef on class org.apache.logging.log4j.core.config.AppenderRef for element appender-ref with params(ref="Console", level="null", null)
2022-08-02 23:44:08,816 DEBUG Calling createLogger on class org.apache.logging.log4j.core.config.LoggerConfig$RootLogger for element root with params(additivity="null", level="${sys:log.level}", appender-ref={org.apache.logging.log4j.core.config.AppenderRef@61a52fbd}, null)
2022-08-02 23:44:08,816 ERROR Invalid Log level specified: ${sys:log.level}. Defaulting to Error
2022-08-02 23:44:08,816 DEBUG Calling createLoggers on class org.apache.logging.log4j.core.config.plugins.LoggersPlugin for element loggers with params(loggers={root})
2022-08-02 23:44:08,816 DEBUG Reconfiguration completed
2022-08-02 23:44:08,817 DEBUG Reconfiguration started for context Default
2022-08-02 23:44:08,817 DEBUG Generated plugins in 0.000077712 seconds
2022-08-02 23:44:08,821 ERROR Invalid Log level specified: ${sys:log.level}. Defaulting to Error
Tests run: 3, Failures: 0, Errors: 0, Skipped: 0, Time elapsed: 0.246 sec
Running org.apache.logging.log4j.core.config.TestConfigurator
Tests run: 4, Failures: 0, Errors: 0, Skipped: 0, Time elapsed: 0.785 sec
Running org.apache.logging.log4j.core.config.FileOutputTest
Tests run: 1, Failures: 0, Errors: 0, Skipped: 0, Time elapsed: 0.234 sec
Running org.apache.logging.log4j.core.config.XMLConfigurationTest
2022-08-02 23:44:10,778 WARN No Loggers were configured, using default
Tests run: 2, Failures: 0, Errors: 0, Skipped: 0, Time elapsed: 0.268 sec
Running org.apache.logging.log4j.core.appender.routing.JSONRoutingAppenderTest
Tests run: 1, Failures: 0, Errors: 0, Skipped: 0, Time elapsed: 0.308 sec
Running org.apache.logging.log4j.core.appender.routing.RoutingAppenderTest
2022-08-02 23:44:11,701 DEBUG Generated plugins in 0.002311813 seconds
2022-08-02 23:44:11,708 DEBUG Calling createProperty on class org.apache.logging.log4j.core.config.Property for element property with params(name="filename", value="target/rolling1/rollingtest-${sd:type}.log")
2022-08-02 23:44:11,709 DEBUG Calling configureSubstitutor on class org.apache.logging.log4j.core.config.plugins.PropertiesPlugin for element properties with params(properties={filename=target/rolling1/rollingtest-${sd:type}.log})
2022-08-02 23:44:11,710 DEBUG Generated plugins in 0.000710992 seconds
2022-08-02 23:44:11,712 DEBUG Calling createFilter on class org.apache.logging.log4j.core.filter.ThresholdFilter for element ThresholdFilter with params(level="debug", onMatch="null", onMismatch="null")
2022-08-02 23:44:11,716 DEBUG Calling createLayout on class org.apache.logging.log4j.core.layout.PatternLayout for element PatternLayout with params(pattern="%m%n", Configuration(RoutingTest), null, charset="null")
2022-08-02 23:44:11,720 DEBUG Generated plugins in 0.002159413 seconds
2022-08-02 23:44:11,723 DEBUG Calling createAppender on class org.apache.logging.log4j.core.appender.ConsoleAppender for element Console with params(PatternLayout(%m%n), null, target="null", name="STDOUT", suppressExceptions="null")
2022-08-02 23:44:11,724 DEBUG Calling createFilter on class org.apache.logging.log4j.core.filter.ThresholdFilter for element ThresholdFilter with params(level="debug", onMatch="null", onMismatch="null")
2022-08-02 23:44:11,726 DEBUG Calling createAppender on class org.apache.logging.log4j.test.appender.ListAppender for element List with params(name="List", entryPerNewLine="null", raw="null", null, ThresholdFilter(DEBUG))
2022-08-02 23:44:11,730 DEBUG Calling createRoute on class org.apache.logging.log4j.core.appender.routing.Route for element Route with params(ref="null", key="null", Node=Route)
2022-08-02 23:44:11,731 DEBUG Calling createRoute on class org.apache.logging.log4j.core.appender.routing.Route for element Route with params(ref="STDOUT", key="Audit", Node=Route)
2022-08-02 23:44:11,732 DEBUG Calling createRoute on class org.apache.logging.log4j.core.appender.routing.Route for element Route with params(ref="List", key="Service", Node=Route)
2022-08-02 23:44:11,732 DEBUG Calling createRoutes on class org.apache.logging.log4j.core.appender.routing.Routes for element Routes with params(pattern="${sd:type}", routes={Route(type=dynamic default), Route(type=static Reference=STDOUT key='Audit'), Route(type=static Reference=List key='Service')})
2022-08-02 23:44:11,733 DEBUG Calling createAppender on class org.apache.logging.log4j.core.appender.routing.RoutingAppender for element Routing with params(name="Routing", suppressExceptions="null", Routes({Route(type=dynamic default),Route(type=static Reference=STDOUT key='Audit'),Route(type=static Reference=List key='Service')}), Configuration(RoutingTest), null, null)
2022-08-02 23:44:11,734 DEBUG Calling createAppenders on class org.apache.logging.log4j.core.config.plugins.AppendersPlugin for element appenders with params(appenders={STDOUT, List, Routing})
2022-08-02 23:44:11,735 DEBUG Calling createAppenderRef on class org.apache.logging.log4j.core.config.AppenderRef for element appender-ref with params(ref="Routing", level="null", null)
2022-08-02 23:44:11,736 DEBUG Calling createLogger on class org.apache.logging.log4j.core.config.LoggerConfig for element logger with params(additivity="false", level="info", name="EventLogger", appender-ref={org.apache.logging.log4j.core.config.AppenderRef@591f989e}, null)
2022-08-02 23:44:11,737 DEBUG Calling createAppenderRef on class org.apache.logging.log4j.core.config.AppenderRef for element appender-ref with params(ref="STDOUT", level="null", null)
2022-08-02 23:44:11,738 DEBUG Calling createLogger on class org.apache.logging.log4j.core.config.LoggerConfig$RootLogger for element root with params(additivity="null", level="error", appender-ref={org.apache.logging.log4j.core.config.AppenderRef@445b84c0}, null)
2022-08-02 23:44:11,739 DEBUG Calling createLoggers on class org.apache.logging.log4j.core.config.plugins.LoggersPlugin for element loggers with params(loggers={EventLogger, root})
2022-08-02 23:44:11,739 DEBUG Reconfiguration completed
2022-08-02 23:44:11,751 DEBUG Calling createLayout on class org.apache.logging.log4j.core.layout.PatternLayout for element PatternLayout with params(pattern="%d %p %C{1.} [%t] %m%n", Configuration(RoutingTest), null, charset="null")
2022-08-02 23:44:11,752 DEBUG Calling createPolicy on class org.apache.logging.log4j.core.appender.rolling.SizeBasedTriggeringPolicy for element SizeBasedTriggeringPolicy with params(size="500")
2022-08-02 23:44:11,753 DEBUG Calling createAppender on class org.apache.logging.log4j.core.appender.RollingFileAppender for element RollingFile with params(fileName="target/rolling1/rollingtest-Unknown.log", filePattern="target/rolling1/test1-Unknown.%i.log.gz", append="null", name="Rolling-Unknown", bufferedIO="null", immediateFlush="null", SizeBasedTriggeringPolicy(SizeBasedTriggeringPolicy(size=500)), null, PatternLayout(%d %p %C{1.} [%t] %m%n), null, suppressExceptions="null", Configuration(RoutingTest))
2022-08-02 23:44:11,755 DEBUG Starting RollingFileManager target/rolling1/rollingtest-Unknown.log
2022-08-02 23:44:11,757 DEBUG Generated plugins in 0.000762128 seconds
2022-08-02 23:44:11,761 DEBUG Reconfiguration started for context sun.misc.Launcher$AppClassLoader@7f31245a
2022-08-02 23:44:11,762 DEBUG Generated plugins in 0.000586544 seconds
2022-08-02 23:44:11,772 DEBUG Generated plugins in 0.000461660 seconds
2022-08-02 23:44:11,774 DEBUG Generated plugins in 0.000481331 seconds
2022-08-02 23:44:11,774 WARN No Loggers were configured, using default
2022-08-02 23:44:11,774 DEBUG Shutting down RollingFileManager target/rolling1/rollingtest-Unknown.log
2022-08-02 23:44:11,775 DEBUG Reconfiguration completed
Tests run: 1, Failures: 0, Errors: 0, Skipped: 0, Time elapsed: 0.271 sec
Running org.apache.logging.log4j.core.appender.routing.JSONRoutingAppender2Test
Tests run: 1, Failures: 0, Errors: 0, Skipped: 0, Time elapsed: 0.315 sec
Running org.apache.logging.log4j.core.appender.OutputStreamAppenderTest
Tests run: 1, Failures: 0, Errors: 0, Skipped: 0, Time elapsed: 0.115 sec
Running org.apache.logging.log4j.core.appender.SocketAppenderTest
Tests run: 2, Failures: 0, Errors: 0, Skipped: 0, Time elapsed: 0.303 sec
Running org.apache.logging.log4j.core.appender.FailoverAppenderTest
2022-08-02 23:44:13,856 ERROR An exception occurred processing Appender Fail org.apache.logging.log4j.LoggingException: Always fail
	at org.apache.logging.log4j.test.appender.AlwaysFailAppender.append(AlwaysFailAppender.java:37)
	at org.apache.logging.log4j.core.config.AppenderControl.callAppender(AppenderControl.java:99)
	at org.apache.logging.log4j.core.appender.FailoverAppender.append(FailoverAppender.java:99)
	at org.apache.logging.log4j.core.config.AppenderControl.callAppender(AppenderControl.java:99)
	at org.apache.logging.log4j.core.config.LoggerConfig.callAppenders(LoggerConfig.java:307)
	at org.apache.logging.log4j.core.config.LoggerConfig.log(LoggerConfig.java:288)
	at org.apache.logging.log4j.core.config.LoggerConfig.log(LoggerConfig.java:253)
	at org.apache.logging.log4j.core.Logger.log(Logger.java:106)
	at org.apache.logging.log4j.spi.AbstractLogger.error(AbstractLogger.java:986)
	at org.apache.logging.log4j.core.appender.FailoverAppenderTest.testFailover(FailoverAppenderTest.java:70)
	at sun.reflect.NativeMethodAccessorImpl.invoke0(Native Method)
	at sun.reflect.NativeMethodAccessorImpl.invoke(NativeMethodAccessorImpl.java:62)
	at sun.reflect.DelegatingMethodAccessorImpl.invoke(DelegatingMethodAccessorImpl.java:43)
	at java.lang.reflect.Method.invoke(Method.java:498)
	at org.junit.runners.model.FrameworkMethod$1.runReflectiveCall(FrameworkMethod.java:44)
	at org.junit.internal.runners.model.ReflectiveCallable.run(ReflectiveCallable.java:15)
	at org.junit.runners.model.FrameworkMethod.invokeExplosively(FrameworkMethod.java:41)
	at org.junit.internal.runners.statements.InvokeMethod.evaluate(InvokeMethod.java:20)
	at org.junit.runners.BlockJUnit4ClassRunner.runChild(BlockJUnit4ClassRunner.java:76)
	at org.junit.runners.BlockJUnit4ClassRunner.runChild(BlockJUnit4ClassRunner.java:50)
	at org.junit.runners.ParentRunner$3.run(ParentRunner.java:193)
	at org.junit.runners.ParentRunner$1.schedule(ParentRunner.java:52)
	at org.junit.runners.ParentRunner.runChildren(ParentRunner.java:191)
	at org.junit.runners.ParentRunner.access$000(ParentRunner.java:42)
	at org.junit.runners.ParentRunner$2.evaluate(ParentRunner.java:184)
	at org.junit.internal.runners.statements.RunBefores.evaluate(RunBefores.java:28)
	at org.junit.internal.runners.statements.RunAfters.evaluate(RunAfters.java:31)
	at org.junit.runners.ParentRunner.run(ParentRunner.java:236)
	at org.apache.maven.surefire.junit4.JUnit4TestSet.execute(JUnit4TestSet.java:35)
	at org.apache.maven.surefire.junit4.JUnit4Provider.executeTestSet(JUnit4Provider.java:115)
	at org.apache.maven.surefire.junit4.JUnit4Provider.invoke(JUnit4Provider.java:97)
	at sun.reflect.NativeMethodAccessorImpl.invoke0(Native Method)
	at sun.reflect.NativeMethodAccessorImpl.invoke(NativeMethodAccessorImpl.java:62)
	at sun.reflect.DelegatingMethodAccessorImpl.invoke(DelegatingMethodAccessorImpl.java:43)
	at java.lang.reflect.Method.invoke(Method.java:498)
	at org.apache.maven.surefire.booter.ProviderFactory$ClassLoaderProxy.invoke(ProviderFactory.java:103)
	at com.sun.proxy.$Proxy0.invoke(Unknown Source)
	at org.apache.maven.surefire.booter.SurefireStarter.invokeProvider(SurefireStarter.java:150)
	at org.apache.maven.surefire.booter.SurefireStarter.runSuitesInProcess(SurefireStarter.java:74)
	at org.apache.maven.surefire.booter.ForkedBooter.main(ForkedBooter.java:69)

2022-08-02 23:44:13,857 ERROR An exception occurred processing Appender Fail org.apache.logging.log4j.LoggingException: Always fail
	at org.apache.logging.log4j.test.appender.AlwaysFailAppender.append(AlwaysFailAppender.java:37)
	at org.apache.logging.log4j.core.config.AppenderControl.callAppender(AppenderControl.java:99)
	at org.apache.logging.log4j.core.appender.FailoverAppender.append(FailoverAppender.java:99)
	at org.apache.logging.log4j.core.config.AppenderControl.callAppender(AppenderControl.java:99)
	at org.apache.logging.log4j.core.config.LoggerConfig.callAppenders(LoggerConfig.java:307)
	at org.apache.logging.log4j.core.config.LoggerConfig.log(LoggerConfig.java:288)
	at org.apache.logging.log4j.core.config.LoggerConfig.log(LoggerConfig.java:253)
	at org.apache.logging.log4j.core.Logger.log(Logger.java:106)
	at org.apache.logging.log4j.spi.AbstractLogger.error(AbstractLogger.java:986)
	at org.apache.logging.log4j.core.appender.FailoverAppenderTest.testFailover(FailoverAppenderTest.java:75)
	at sun.reflect.NativeMethodAccessorImpl.invoke0(Native Method)
	at sun.reflect.NativeMethodAccessorImpl.invoke(NativeMethodAccessorImpl.java:62)
	at sun.reflect.DelegatingMethodAccessorImpl.invoke(DelegatingMethodAccessorImpl.java:43)
	at java.lang.reflect.Method.invoke(Method.java:498)
	at org.junit.runners.model.FrameworkMethod$1.runReflectiveCall(FrameworkMethod.java:44)
	at org.junit.internal.runners.model.ReflectiveCallable.run(ReflectiveCallable.java:15)
	at org.junit.runners.model.FrameworkMethod.invokeExplosively(FrameworkMethod.java:41)
	at org.junit.internal.runners.statements.InvokeMethod.evaluate(InvokeMethod.java:20)
	at org.junit.runners.BlockJUnit4ClassRunner.runChild(BlockJUnit4ClassRunner.java:76)
	at org.junit.runners.BlockJUnit4ClassRunner.runChild(BlockJUnit4ClassRunner.java:50)
	at org.junit.runners.ParentRunner$3.run(ParentRunner.java:193)
	at org.junit.runners.ParentRunner$1.schedule(ParentRunner.java:52)
	at org.junit.runners.ParentRunner.runChildren(ParentRunner.java:191)
	at org.junit.runners.ParentRunner.access$000(ParentRunner.java:42)
	at org.junit.runners.ParentRunner$2.evaluate(ParentRunner.java:184)
	at org.junit.internal.runners.statements.RunBefores.evaluate(RunBefores.java:28)
	at org.junit.internal.runners.statements.RunAfters.evaluate(RunAfters.java:31)
	at org.junit.runners.ParentRunner.run(ParentRunner.java:236)
	at org.apache.maven.surefire.junit4.JUnit4TestSet.execute(JUnit4TestSet.java:35)
	at org.apache.maven.surefire.junit4.JUnit4Provider.executeTestSet(JUnit4Provider.java:115)
	at org.apache.maven.surefire.junit4.JUnit4Provider.invoke(JUnit4Provider.java:97)
	at sun.reflect.NativeMethodAccessorImpl.invoke0(Native Method)
	at sun.reflect.NativeMethodAccessorImpl.invoke(NativeMethodAccessorImpl.java:62)
	at sun.reflect.DelegatingMethodAccessorImpl.invoke(DelegatingMethodAccessorImpl.java:43)
	at java.lang.reflect.Method.invoke(Method.java:498)
	at org.apache.maven.surefire.booter.ProviderFactory$ClassLoaderProxy.invoke(ProviderFactory.java:103)
	at com.sun.proxy.$Proxy0.invoke(Unknown Source)
	at org.apache.maven.surefire.booter.SurefireStarter.invokeProvider(SurefireStarter.java:150)
	at org.apache.maven.surefire.booter.SurefireStarter.runSuitesInProcess(SurefireStarter.java:74)
	at org.apache.maven.surefire.booter.ForkedBooter.main(ForkedBooter.java:69)

Tests run: 1, Failures: 0, Errors: 0, Skipped: 0, Time elapsed: 0.224 sec
Running org.apache.logging.log4j.core.appender.SyslogAppenderTest
Tests run: 5, Failures: 0, Errors: 1, Skipped: 0, Time elapsed: 0.228 sec <<< FAILURE!
Running org.apache.logging.log4j.core.appender.FileAppenderTest
Tests run: 4, Failures: 0, Errors: 0, Skipped: 0, Time elapsed: 0.706 sec
Running org.apache.logging.log4j.core.appender.rewrite.RewriteAppenderTest
Tests run: 1, Failures: 0, Errors: 0, Skipped: 0, Time elapsed: 0.229 sec
Running org.apache.logging.log4j.core.appender.AsynchAppenderTest
Tests run: 1, Failures: 0, Errors: 0, Skipped: 0, Time elapsed: 0.339 sec
Running org.apache.logging.log4j.core.appender.rolling.RollingAppenderTimeTest
2022-08-02 23:44:27,069 WARN No Loggers were configured, using default
Tests run: 1, Failures: 0, Errors: 0, Skipped: 0, Time elapsed: 10.34 sec
Running org.apache.logging.log4j.core.appender.rolling.RollingAppenderTimeAndSizeTest
2022-08-02 23:44:37,636 WARN No Loggers were configured, using default
Tests run: 1, Failures: 0, Errors: 0, Skipped: 0, Time elapsed: 10.362 sec
Running org.apache.logging.log4j.core.appender.rolling.RollingAppenderSizeTest
2022-08-02 23:44:38,131 WARN No Loggers were configured, using default
Tests run: 1, Failures: 0, Errors: 0, Skipped: 0, Time elapsed: 0.289 sec
Running org.apache.logging.log4j.core.appender.rolling.OnStartupTriggeringPolicyTest
Tests run: 1, Failures: 0, Errors: 0, Skipped: 0, Time elapsed: 0.104 sec
Running org.apache.logging.log4j.core.appender.rolling.RollingAppenderUncompressedTest
2022-08-02 23:44:38,943 WARN No Loggers were configured, using default
Tests run: 1, Failures: 0, Errors: 0, Skipped: 0, Time elapsed: 0.289 sec
Running org.apache.logging.log4j.core.BasicLoggingTest
23:44:39.361 [main] ERROR org.apache.logging.log4j.core.BasicLoggingTest - Test message
Tests run: 1, Failures: 0, Errors: 0, Skipped: 0, Time elapsed: 0.221 sec
Running org.apache.logging.log4j.core.helpers.UUIDTest
Elapsed for 200 UUIDS = 314020 Average = 1570 ns
Elapsed for 2000 UUIDS = 6605785 Average = 3302 ns
Tests run: 2, Failures: 0, Errors: 0, Skipped: 0, Time elapsed: 0.077 sec
Running org.apache.logging.log4j.core.ThreadedTest
Counter = 100
2022-08-02 23:44:40,364 WARN No Loggers were configured, using default
Tests run: 1, Failures: 0, Errors: 0, Skipped: 0, Time elapsed: 0.506 sec

Results :

Tests in error: 

Tests run: 114, Failures: 0, Errors: 13, Skipped: 0

[[1;34mINFO[m] [1m------------------------------------------------------------------------[m
[[1;34mINFO[m] [1;31mBUILD FAILURE[m
[[1;34mINFO[m] [1m------------------------------------------------------------------------[m
[[1;34mINFO[m] Total time:  57.280 s
[[1;34mINFO[m] Finished at: 2022-08-02T23:44:40-07:00
[[1;34mINFO[m] [1m------------------------------------------------------------------------[m
[[1;31mERROR[m] Failed to execute goal [32morg.apache.maven.plugins:maven-surefire-plugin:2.7.2:test[m [1m(default-test)[m on project [36mlog4j-core[m: [1;31mThere are test failures.[m
[[1;31mERROR[m] [1;31m[m
[[1;31mERROR[m] [1;31mPlease refer to /home/user/Reproducibility-Scanner/benchmarks/bugs-dot-jar/logging-log4j2/core/target/surefire-reports for the individual test results.[m
[[1;31mERROR[m] -> [1m[Help 1][m
[[1;31mERROR[m] 
[[1;31mERROR[m] To see the full stack trace of the errors, re-run Maven with the [1m-e[m switch.
[[1;31mERROR[m] Re-run Maven using the [1m-X[m switch to enable full debug logging.
[[1;31mERROR[m] 
[[1;31mERROR[m] For more information about the errors and possible solutions, please read the following articles:
[[1;31mERROR[m] [1m[Help 1][m http://cwiki.apache.org/confluence/display/MAVEN/MojoFailureException