[[1;34mINFO[m] Scanning for projects...
[[1;34mINFO[m] [1m------------------------------------------------------------------------[m
[[1;34mINFO[m] [1mReactor Build Order:[m
[[1;34mINFO[m] 
[[1;34mINFO[m] Apache Maven                                                       [pom]
[[1;34mINFO[m] Maven Model                                                        [jar]
[[1;34mINFO[m] Maven Settings                                                     [jar]
[[1;34mINFO[m] Maven Settings Builder                                             [jar]
[[1;34mINFO[m] Maven Repository Metadata Model                                    [jar]
[[1;34mINFO[m] Maven Artifact                                                     [jar]
[[1;34mINFO[m] Maven Plugin API                                                   [jar]
[[1;34mINFO[m] Maven Model Builder                                                [jar]
[[1;34mINFO[m] Maven Aether Provider                                              [jar]
[[1;34mINFO[m] Maven Core                                                         [jar]
[[1;34mINFO[m] Maven Compat                                                       [jar]
[[1;34mINFO[m] Maven Embedder                                                     [jar]
[[1;34mINFO[m] Maven Distribution                                                 [pom]
[[1;34mINFO[m] 
[[1;34mINFO[m] [1m-----------------------< [0;36morg.apache.maven:maven[0;1m >-----------------------[m
[[1;34mINFO[m] [1mBuilding Apache Maven 3.0.3-SNAPSHOT                              [1/13][m
[[1;34mINFO[m] [1m--------------------------------[ pom ]---------------------------------[m
[[1;34mINFO[m] 
[[1;34mINFO[m] [1m--- [0;32mmaven-remote-resources-plugin:1.1:process[m [1m(default)[m @ [36mmaven[0;1m ---[m
[[1;34mINFO[m] Setting property: classpath.resource.loader.class => 'org.codehaus.plexus.velocity.ContextClassLoaderResourceLoader'.
[[1;34mINFO[m] Setting property: velocimacro.messages.on => 'false'.
[[1;34mINFO[m] Setting property: resource.loader => 'classpath'.
[[1;34mINFO[m] Setting property: resource.manager.logwhenfound => 'false'.
[[1;34mINFO[m] 
[[1;34mINFO[m] [1m--- [0;32manimal-sniffer-maven-plugin:1.6:check[m [1m(check-java-1.5-compat)[m @ [36mmaven[0;1m ---[m
[[1;34mINFO[m] Checking unresolved references to org.codehaus.mojo.signature:java15:1.0
[[1;34mINFO[m] 
[[1;34mINFO[m] [1m--- [0;32mmaven-install-plugin:2.2:install[m [1m(default-install)[m @ [36mmaven[0;1m ---[m
[[1;34mINFO[m] Installing /home/user/Workspace/reproducibility/Reproducibility-Scanner/benchmarks/bugs-dot-jar/maven/pom.xml to /home/user/.m2/repository/org/apache/maven/maven/3.0.3-SNAPSHOT/maven-3.0.3-SNAPSHOT.pom
[[1;34mINFO[m] 
[[1;34mINFO[m] [1m--------------------< [0;36morg.apache.maven:maven-model[0;1m >--------------------[m
[[1;34mINFO[m] [1mBuilding Maven Model 3.0.3-SNAPSHOT                               [2/13][m
[[1;34mINFO[m] [1m--------------------------------[ jar ]---------------------------------[m
[[1;34mINFO[m] 
[[1;34mINFO[m] [1m--- [0;32mmodello-maven-plugin:1.4:java[m [1m(standard)[m @ [36mmaven-model[0;1m ---[m
[[1;34mINFO[m] outputDirectory: /home/user/Workspace/reproducibility/Reproducibility-Scanner/benchmarks/bugs-dot-jar/maven/maven-model/target/generated-sources/modello
[[1;34mINFO[m] Working on model: src/main/mdo/maven.mdo
[[1;34mINFO[m] Generating current version: 4.0.0
[[1;34mINFO[m] 
[[1;34mINFO[m] [1m--- [0;32mmodello-maven-plugin:1.4:xpp3-reader[m [1m(standard)[m @ [36mmaven-model[0;1m ---[m
[[1;34mINFO[m] outputDirectory: /home/user/Workspace/reproducibility/Reproducibility-Scanner/benchmarks/bugs-dot-jar/maven/maven-model/target/generated-sources/modello
[[1;34mINFO[m] Working on model: src/main/mdo/maven.mdo
[[1;34mINFO[m] Generating current version: 4.0.0
[[1;34mINFO[m] 
[[1;34mINFO[m] [1m--- [0;32mmodello-maven-plugin:1.4:xpp3-extended-reader[m [1m(standard)[m @ [36mmaven-model[0;1m ---[m
[[1;34mINFO[m] outputDirectory: /home/user/Workspace/reproducibility/Reproducibility-Scanner/benchmarks/bugs-dot-jar/maven/maven-model/target/generated-sources/modello
[[1;34mINFO[m] Working on model: src/main/mdo/maven.mdo
[[1;34mINFO[m] Generating current version: 4.0.0
[[1;34mINFO[m] 
[[1;34mINFO[m] [1m--- [0;32mmodello-maven-plugin:1.4:xpp3-writer[m [1m(standard)[m @ [36mmaven-model[0;1m ---[m
[[1;34mINFO[m] outputDirectory: /home/user/Workspace/reproducibility/Reproducibility-Scanner/benchmarks/bugs-dot-jar/maven/maven-model/target/generated-sources/modello
[[1;34mINFO[m] Working on model: src/main/mdo/maven.mdo
[[1;34mINFO[m] Generating current version: 4.0.0
[[1;34mINFO[m] 
[[1;34mINFO[m] [1m--- [0;32mmaven-remote-resources-plugin:1.1:process[m [1m(default)[m @ [36mmaven-model[0;1m ---[m
[[1;34mINFO[m] 
[[1;34mINFO[m] [1m--- [0;32mmaven-resources-plugin:2.4.2:resources[m [1m(default-resources)[m @ [36mmaven-model[0;1m ---[m
[[1;34mINFO[m] Using 'UTF-8' encoding to copy filtered resources.
[[1;34mINFO[m] skip non existing resourceDirectory /home/user/Workspace/reproducibility/Reproducibility-Scanner/benchmarks/bugs-dot-jar/maven/maven-model/src/main/resources
[[1;34mINFO[m] Copying 3 resources
[[1;34mINFO[m] 
[[1;34mINFO[m] [1m--- [0;32mmaven-compiler-plugin:2.0.2:compile[m [1m(default-compile)[m @ [36mmaven-model[0;1m ---[m
[[1;34mINFO[m] Compiling 50 source files to /home/user/Workspace/reproducibility/Reproducibility-Scanner/benchmarks/bugs-dot-jar/maven/maven-model/target/classes
[[1;34mINFO[m] 
[[1;34mINFO[m] [1m--- [0;32manimal-sniffer-maven-plugin:1.6:check[m [1m(check-java-1.5-compat)[m @ [36mmaven-model[0;1m ---[m
[[1;34mINFO[m] Checking unresolved references to org.codehaus.mojo.signature:java15:1.0
[[1;34mINFO[m] 
[[1;34mINFO[m] [1m--- [0;32mmaven-resources-plugin:2.4.2:testResources[m [1m(default-testResources)[m @ [36mmaven-model[0;1m ---[m
[[1;34mINFO[m] Using 'UTF-8' encoding to copy filtered resources.
[[1;34mINFO[m] skip non existing resourceDirectory /home/user/Workspace/reproducibility/Reproducibility-Scanner/benchmarks/bugs-dot-jar/maven/maven-model/src/test/resources
[[1;34mINFO[m] Copying 3 resources
[[1;34mINFO[m] 
[[1;34mINFO[m] [1m--- [0;32mmaven-compiler-plugin:2.0.2:testCompile[m [1m(default-testCompile)[m @ [36mmaven-model[0;1m ---[m
[[1;34mINFO[m] Compiling 37 source files to /home/user/Workspace/reproducibility/Reproducibility-Scanner/benchmarks/bugs-dot-jar/maven/maven-model/target/test-classes
[[1;34mINFO[m] 
[[1;34mINFO[m] [1m--- [0;32mmaven-surefire-plugin:2.4.3:test[m [1m(default-test)[m @ [36mmaven-model[0;1m ---[m
[[1;34mINFO[m] Tests are skipped.
[[1;34mINFO[m] 
[[1;34mINFO[m] [1m--- [0;32mmaven-jar-plugin:2.2:jar[m [1m(default-jar)[m @ [36mmaven-model[0;1m ---[m
[[1;34mINFO[m] Building jar: /home/user/Workspace/reproducibility/Reproducibility-Scanner/benchmarks/bugs-dot-jar/maven/maven-model/target/maven-model-3.0.3-SNAPSHOT.jar
[[1;34mINFO[m] 
[[1;34mINFO[m] [1m--- [0;32mmaven-install-plugin:2.2:install[m [1m(default-install)[m @ [36mmaven-model[0;1m ---[m
[[1;34mINFO[m] Installing /home/user/Workspace/reproducibility/Reproducibility-Scanner/benchmarks/bugs-dot-jar/maven/maven-model/target/maven-model-3.0.3-SNAPSHOT.jar to /home/user/.m2/repository/org/apache/maven/maven-model/3.0.3-SNAPSHOT/maven-model-3.0.3-SNAPSHOT.jar
[[1;34mINFO[m] Installing /home/user/Workspace/reproducibility/Reproducibility-Scanner/benchmarks/bugs-dot-jar/maven/maven-model/pom.xml to /home/user/.m2/repository/org/apache/maven/maven-model/3.0.3-SNAPSHOT/maven-model-3.0.3-SNAPSHOT.pom
[[1;34mINFO[m] 
[[1;34mINFO[m] [1m------------------< [0;36morg.apache.maven:maven-settings[0;1m >-------------------[m
[[1;34mINFO[m] [1mBuilding Maven Settings 3.0.3-SNAPSHOT                            [3/13][m
[[1;34mINFO[m] [1m--------------------------------[ jar ]---------------------------------[m
[[1;34mINFO[m] 
[[1;34mINFO[m] [1m--- [0;32mmodello-maven-plugin:1.4:java[m [1m(standard)[m @ [36mmaven-settings[0;1m ---[m
[[1;34mINFO[m] outputDirectory: /home/user/Workspace/reproducibility/Reproducibility-Scanner/benchmarks/bugs-dot-jar/maven/maven-settings/target/generated-sources/modello
[[1;34mINFO[m] Working on model: src/main/mdo/settings.mdo
[[1;34mINFO[m] Generating current version: 1.1.0
[[1;34mINFO[m] 
[[1;34mINFO[m] [1m--- [0;32mmodello-maven-plugin:1.4:xpp3-reader[m [1m(standard)[m @ [36mmaven-settings[0;1m ---[m
[[1;34mINFO[m] outputDirectory: /home/user/Workspace/reproducibility/Reproducibility-Scanner/benchmarks/bugs-dot-jar/maven/maven-settings/target/generated-sources/modello
[[1;34mINFO[m] Working on model: src/main/mdo/settings.mdo
[[1;34mINFO[m] Generating current version: 1.1.0
[[1;34mINFO[m] 
[[1;34mINFO[m] [1m--- [0;32mmodello-maven-plugin:1.4:xpp3-writer[m [1m(standard)[m @ [36mmaven-settings[0;1m ---[m
[[1;34mINFO[m] outputDirectory: /home/user/Workspace/reproducibility/Reproducibility-Scanner/benchmarks/bugs-dot-jar/maven/maven-settings/target/generated-sources/modello
[[1;34mINFO[m] Working on model: src/main/mdo/settings.mdo
[[1;34mINFO[m] Generating current version: 1.1.0
[[1;34mINFO[m] 
[[1;34mINFO[m] [1m--- [0;32mmaven-remote-resources-plugin:1.1:process[m [1m(default)[m @ [36mmaven-settings[0;1m ---[m
[[1;34mINFO[m] 
[[1;34mINFO[m] [1m--- [0;32mmaven-resources-plugin:2.4.2:resources[m [1m(default-resources)[m @ [36mmaven-settings[0;1m ---[m
[[1;34mINFO[m] Using 'UTF-8' encoding to copy filtered resources.
[[1;34mINFO[m] skip non existing resourceDirectory /home/user/Workspace/reproducibility/Reproducibility-Scanner/benchmarks/bugs-dot-jar/maven/maven-settings/src/main/resources
[[1;34mINFO[m] Copying 3 resources
[[1;34mINFO[m] 
[[1;34mINFO[m] [1m--- [0;32mmaven-compiler-plugin:2.0.2:compile[m [1m(default-compile)[m @ [36mmaven-settings[0;1m ---[m
[[1;34mINFO[m] Compiling 17 source files to /home/user/Workspace/reproducibility/Reproducibility-Scanner/benchmarks/bugs-dot-jar/maven/maven-settings/target/classes
[[1;34mINFO[m] 
[[1;34mINFO[m] [1m--- [0;32manimal-sniffer-maven-plugin:1.6:check[m [1m(check-java-1.5-compat)[m @ [36mmaven-settings[0;1m ---[m
[[1;34mINFO[m] Checking unresolved references to org.codehaus.mojo.signature:java15:1.0
[[1;34mINFO[m] 
[[1;34mINFO[m] [1m--- [0;32mmaven-resources-plugin:2.4.2:testResources[m [1m(default-testResources)[m @ [36mmaven-settings[0;1m ---[m
[[1;34mINFO[m] Using 'UTF-8' encoding to copy filtered resources.
[[1;34mINFO[m] skip non existing resourceDirectory /home/user/Workspace/reproducibility/Reproducibility-Scanner/benchmarks/bugs-dot-jar/maven/maven-settings/src/test/resources
[[1;34mINFO[m] Copying 3 resources
[[1;34mINFO[m] 
[[1;34mINFO[m] [1m--- [0;32mmaven-compiler-plugin:2.0.2:testCompile[m [1m(default-testCompile)[m @ [36mmaven-settings[0;1m ---[m
[[1;34mINFO[m] No sources to compile
[[1;34mINFO[m] 
[[1;34mINFO[m] [1m--- [0;32mmaven-surefire-plugin:2.4.3:test[m [1m(default-test)[m @ [36mmaven-settings[0;1m ---[m
[[1;34mINFO[m] Tests are skipped.
[[1;34mINFO[m] 
[[1;34mINFO[m] [1m--- [0;32mmaven-jar-plugin:2.2:jar[m [1m(default-jar)[m @ [36mmaven-settings[0;1m ---[m
[[1;34mINFO[m] Building jar: /home/user/Workspace/reproducibility/Reproducibility-Scanner/benchmarks/bugs-dot-jar/maven/maven-settings/target/maven-settings-3.0.3-SNAPSHOT.jar
[[1;34mINFO[m] 
[[1;34mINFO[m] [1m--- [0;32mmaven-install-plugin:2.2:install[m [1m(default-install)[m @ [36mmaven-settings[0;1m ---[m
[[1;34mINFO[m] Installing /home/user/Workspace/reproducibility/Reproducibility-Scanner/benchmarks/bugs-dot-jar/maven/maven-settings/target/maven-settings-3.0.3-SNAPSHOT.jar to /home/user/.m2/repository/org/apache/maven/maven-settings/3.0.3-SNAPSHOT/maven-settings-3.0.3-SNAPSHOT.jar
[[1;34mINFO[m] Installing /home/user/Workspace/reproducibility/Reproducibility-Scanner/benchmarks/bugs-dot-jar/maven/maven-settings/pom.xml to /home/user/.m2/repository/org/apache/maven/maven-settings/3.0.3-SNAPSHOT/maven-settings-3.0.3-SNAPSHOT.pom
[[1;34mINFO[m] 
[[1;34mINFO[m] [1m--------------< [0;36morg.apache.maven:maven-settings-builder[0;1m >---------------[m
[[1;34mINFO[m] [1mBuilding Maven Settings Builder 3.0.3-SNAPSHOT                    [4/13][m
[[1;34mINFO[m] [1m--------------------------------[ jar ]---------------------------------[m
[[1;34mINFO[m] 
[[1;34mINFO[m] [1m--- [0;32mmaven-remote-resources-plugin:1.1:process[m [1m(default)[m @ [36mmaven-settings-builder[0;1m ---[m
[[1;34mINFO[m] 
[[1;34mINFO[m] [1m--- [0;32mmaven-resources-plugin:2.4.2:resources[m [1m(default-resources)[m @ [36mmaven-settings-builder[0;1m ---[m
[[1;34mINFO[m] Using 'UTF-8' encoding to copy filtered resources.
[[1;34mINFO[m] skip non existing resourceDirectory /home/user/Workspace/reproducibility/Reproducibility-Scanner/benchmarks/bugs-dot-jar/maven/maven-settings-builder/src/main/resources
[[1;34mINFO[m] Copying 3 resources
[[1;34mINFO[m] 
[[1;34mINFO[m] [1m--- [0;32mmaven-compiler-plugin:2.0.2:compile[m [1m(default-compile)[m @ [36mmaven-settings-builder[0;1m ---[m
[[1;34mINFO[m] Compiling 30 source files to /home/user/Workspace/reproducibility/Reproducibility-Scanner/benchmarks/bugs-dot-jar/maven/maven-settings-builder/target/classes
[[1;34mINFO[m] 
[[1;34mINFO[m] [1m--- [0;32manimal-sniffer-maven-plugin:1.6:check[m [1m(check-java-1.5-compat)[m @ [36mmaven-settings-builder[0;1m ---[m
[[1;34mINFO[m] Checking unresolved references to org.codehaus.mojo.signature:java15:1.0
[[1;34mINFO[m] 
[[1;34mINFO[m] [1m--- [0;32mplexus-component-metadata:1.5.5:generate-metadata[m [1m(default)[m @ [36mmaven-settings-builder[0;1m ---[m
[[1;34mINFO[m] Discovered 5 component descriptors(s)
[[1;34mINFO[m] 
[[1;34mINFO[m] [1m--- [0;32mmaven-resources-plugin:2.4.2:testResources[m [1m(default-testResources)[m @ [36mmaven-settings-builder[0;1m ---[m
[[1;34mINFO[m] Using 'UTF-8' encoding to copy filtered resources.
[[1;34mINFO[m] Copying 1 resource
[[1;34mINFO[m] Copying 3 resources
[[1;34mINFO[m] 
[[1;34mINFO[m] [1m--- [0;32mmaven-compiler-plugin:2.0.2:testCompile[m [1m(default-testCompile)[m @ [36mmaven-settings-builder[0;1m ---[m
[[1;34mINFO[m] Compiling 2 source files to /home/user/Workspace/reproducibility/Reproducibility-Scanner/benchmarks/bugs-dot-jar/maven/maven-settings-builder/target/test-classes
[[1;34mINFO[m] 
[[1;34mINFO[m] [1m--- [0;32mplexus-component-metadata:1.5.5:generate-test-metadata[m [1m(default)[m @ [36mmaven-settings-builder[0;1m ---[m
[[1;34mINFO[m] 
[[1;34mINFO[m] [1m--- [0;32mmaven-surefire-plugin:2.4.3:test[m [1m(default-test)[m @ [36mmaven-settings-builder[0;1m ---[m
[[1;34mINFO[m] Tests are skipped.
[[1;34mINFO[m] 
[[1;34mINFO[m] [1m--- [0;32mmaven-jar-plugin:2.2:jar[m [1m(default-jar)[m @ [36mmaven-settings-builder[0;1m ---[m
[[1;34mINFO[m] Building jar: /home/user/Workspace/reproducibility/Reproducibility-Scanner/benchmarks/bugs-dot-jar/maven/maven-settings-builder/target/maven-settings-builder-3.0.3-SNAPSHOT.jar
[[1;34mINFO[m] 
[[1;34mINFO[m] [1m--- [0;32mmaven-install-plugin:2.2:install[m [1m(default-install)[m @ [36mmaven-settings-builder[0;1m ---[m
[[1;34mINFO[m] Installing /home/user/Workspace/reproducibility/Reproducibility-Scanner/benchmarks/bugs-dot-jar/maven/maven-settings-builder/target/maven-settings-builder-3.0.3-SNAPSHOT.jar to /home/user/.m2/repository/org/apache/maven/maven-settings-builder/3.0.3-SNAPSHOT/maven-settings-builder-3.0.3-SNAPSHOT.jar
[[1;34mINFO[m] Installing /home/user/Workspace/reproducibility/Reproducibility-Scanner/benchmarks/bugs-dot-jar/maven/maven-settings-builder/pom.xml to /home/user/.m2/repository/org/apache/maven/maven-settings-builder/3.0.3-SNAPSHOT/maven-settings-builder-3.0.3-SNAPSHOT.pom
[[1;34mINFO[m] 
[[1;34mINFO[m] [1m-------------< [0;36morg.apache.maven:maven-repository-metadata[0;1m >-------------[m
[[1;34mINFO[m] [1mBuilding Maven Repository Metadata Model 3.0.3-SNAPSHOT           [5/13][m
[[1;34mINFO[m] [1m--------------------------------[ jar ]---------------------------------[m
[[1;34mINFO[m] 
[[1;34mINFO[m] [1m--- [0;32mmodello-maven-plugin:1.4:java[m [1m(standard)[m @ [36mmaven-repository-metadata[0;1m ---[m
[[1;34mINFO[m] outputDirectory: /home/user/Workspace/reproducibility/Reproducibility-Scanner/benchmarks/bugs-dot-jar/maven/maven-repository-metadata/target/generated-sources/modello
[[1;34mINFO[m] Working on model: src/main/mdo/metadata.mdo
[[1;34mINFO[m] Generating current version: 1.1.0
[[1;34mINFO[m] 
[[1;34mINFO[m] [1m--- [0;32mmodello-maven-plugin:1.4:xpp3-reader[m [1m(standard)[m @ [36mmaven-repository-metadata[0;1m ---[m
[[1;34mINFO[m] outputDirectory: /home/user/Workspace/reproducibility/Reproducibility-Scanner/benchmarks/bugs-dot-jar/maven/maven-repository-metadata/target/generated-sources/modello
[[1;34mINFO[m] Working on model: src/main/mdo/metadata.mdo
[[1;34mINFO[m] Generating current version: 1.1.0
[[1;34mINFO[m] 
[[1;34mINFO[m] [1m--- [0;32mmodello-maven-plugin:1.4:xpp3-writer[m [1m(standard)[m @ [36mmaven-repository-metadata[0;1m ---[m
[[1;34mINFO[m] outputDirectory: /home/user/Workspace/reproducibility/Reproducibility-Scanner/benchmarks/bugs-dot-jar/maven/maven-repository-metadata/target/generated-sources/modello
[[1;34mINFO[m] Working on model: src/main/mdo/metadata.mdo
[[1;34mINFO[m] Generating current version: 1.1.0
[[1;34mINFO[m] 
[[1;34mINFO[m] [1m--- [0;32mmaven-remote-resources-plugin:1.1:process[m [1m(default)[m @ [36mmaven-repository-metadata[0;1m ---[m
[[1;34mINFO[m] 
[[1;34mINFO[m] [1m--- [0;32mmaven-resources-plugin:2.4.2:resources[m [1m(default-resources)[m @ [36mmaven-repository-metadata[0;1m ---[m
[[1;34mINFO[m] Using 'UTF-8' encoding to copy filtered resources.
[[1;34mINFO[m] skip non existing resourceDirectory /home/user/Workspace/reproducibility/Reproducibility-Scanner/benchmarks/bugs-dot-jar/maven/maven-repository-metadata/src/main/resources
[[1;34mINFO[m] Copying 3 resources
[[1;34mINFO[m] 
[[1;34mINFO[m] [1m--- [0;32mmaven-compiler-plugin:2.0.2:compile[m [1m(default-compile)[m @ [36mmaven-repository-metadata[0;1m ---[m
[[1;34mINFO[m] Compiling 7 source files to /home/user/Workspace/reproducibility/Reproducibility-Scanner/benchmarks/bugs-dot-jar/maven/maven-repository-metadata/target/classes
[[1;34mINFO[m] 
[[1;34mINFO[m] [1m--- [0;32manimal-sniffer-maven-plugin:1.6:check[m [1m(check-java-1.5-compat)[m @ [36mmaven-repository-metadata[0;1m ---[m
[[1;34mINFO[m] Checking unresolved references to org.codehaus.mojo.signature:java15:1.0
[[1;34mINFO[m] 
[[1;34mINFO[m] [1m--- [0;32mmaven-resources-plugin:2.4.2:testResources[m [1m(default-testResources)[m @ [36mmaven-repository-metadata[0;1m ---[m
[[1;34mINFO[m] Using 'UTF-8' encoding to copy filtered resources.
[[1;34mINFO[m] skip non existing resourceDirectory /home/user/Workspace/reproducibility/Reproducibility-Scanner/benchmarks/bugs-dot-jar/maven/maven-repository-metadata/src/test/resources
[[1;34mINFO[m] Copying 3 resources
[[1;34mINFO[m] 
[[1;34mINFO[m] [1m--- [0;32mmaven-compiler-plugin:2.0.2:testCompile[m [1m(default-testCompile)[m @ [36mmaven-repository-metadata[0;1m ---[m
[[1;34mINFO[m] No sources to compile
[[1;34mINFO[m] 
[[1;34mINFO[m] [1m--- [0;32mmaven-surefire-plugin:2.4.3:test[m [1m(default-test)[m @ [36mmaven-repository-metadata[0;1m ---[m
[[1;34mINFO[m] Tests are skipped.
[[1;34mINFO[m] 
[[1;34mINFO[m] [1m--- [0;32mmaven-jar-plugin:2.2:jar[m [1m(default-jar)[m @ [36mmaven-repository-metadata[0;1m ---[m
[[1;34mINFO[m] Building jar: /home/user/Workspace/reproducibility/Reproducibility-Scanner/benchmarks/bugs-dot-jar/maven/maven-repository-metadata/target/maven-repository-metadata-3.0.3-SNAPSHOT.jar
[[1;34mINFO[m] 
[[1;34mINFO[m] [1m--- [0;32mmaven-install-plugin:2.2:install[m [1m(default-install)[m @ [36mmaven-repository-metadata[0;1m ---[m
[[1;34mINFO[m] Installing /home/user/Workspace/reproducibility/Reproducibility-Scanner/benchmarks/bugs-dot-jar/maven/maven-repository-metadata/target/maven-repository-metadata-3.0.3-SNAPSHOT.jar to /home/user/.m2/repository/org/apache/maven/maven-repository-metadata/3.0.3-SNAPSHOT/maven-repository-metadata-3.0.3-SNAPSHOT.jar
[[1;34mINFO[m] Installing /home/user/Workspace/reproducibility/Reproducibility-Scanner/benchmarks/bugs-dot-jar/maven/maven-repository-metadata/pom.xml to /home/user/.m2/repository/org/apache/maven/maven-repository-metadata/3.0.3-SNAPSHOT/maven-repository-metadata-3.0.3-SNAPSHOT.pom
[[1;34mINFO[m] 
[[1;34mINFO[m] [1m------------------< [0;36morg.apache.maven:maven-artifact[0;1m >-------------------[m
[[1;34mINFO[m] [1mBuilding Maven Artifact 3.0.3-SNAPSHOT                            [6/13][m
[[1;34mINFO[m] [1m--------------------------------[ jar ]---------------------------------[m
[[1;34mINFO[m] 
[[1;34mINFO[m] [1m--- [0;32mmaven-remote-resources-plugin:1.1:process[m [1m(default)[m @ [36mmaven-artifact[0;1m ---[m
[[1;34mINFO[m] 
[[1;34mINFO[m] [1m--- [0;32mmaven-resources-plugin:2.4.2:resources[m [1m(default-resources)[m @ [36mmaven-artifact[0;1m ---[m
[[1;34mINFO[m] Using 'UTF-8' encoding to copy filtered resources.
[[1;34mINFO[m] skip non existing resourceDirectory /home/user/Workspace/reproducibility/Reproducibility-Scanner/benchmarks/bugs-dot-jar/maven/maven-artifact/src/main/resources
[[1;34mINFO[m] Copying 3 resources
[[1;34mINFO[m] 
[[1;34mINFO[m] [1m--- [0;32mmaven-compiler-plugin:2.0.2:compile[m [1m(default-compile)[m @ [36mmaven-artifact[0;1m ---[m
[[1;34mINFO[m] Compiling 27 source files to /home/user/Workspace/reproducibility/Reproducibility-Scanner/benchmarks/bugs-dot-jar/maven/maven-artifact/target/classes
[[1;34mINFO[m] 
[[1;34mINFO[m] [1m--- [0;32manimal-sniffer-maven-plugin:1.6:check[m [1m(check-java-1.5-compat)[m @ [36mmaven-artifact[0;1m ---[m
[[1;34mINFO[m] Checking unresolved references to org.codehaus.mojo.signature:java15:1.0
[[1;34mINFO[m] 
[[1;34mINFO[m] [1m--- [0;32mplexus-component-metadata:1.5.5:generate-metadata[m [1m(default)[m @ [36mmaven-artifact[0;1m ---[m
[[1;34mINFO[m] 
[[1;34mINFO[m] [1m--- [0;32mmaven-resources-plugin:2.4.2:testResources[m [1m(default-testResources)[m @ [36mmaven-artifact[0;1m ---[m
[[1;34mINFO[m] Using 'UTF-8' encoding to copy filtered resources.
[[1;34mINFO[m] skip non existing resourceDirectory /home/user/Workspace/reproducibility/Reproducibility-Scanner/benchmarks/bugs-dot-jar/maven/maven-artifact/src/test/resources
[[1;34mINFO[m] Copying 3 resources
[[1;34mINFO[m] 
[[1;34mINFO[m] [1m--- [0;32mmaven-compiler-plugin:2.0.2:testCompile[m [1m(default-testCompile)[m @ [36mmaven-artifact[0;1m ---[m
[[1;34mINFO[m] Compiling 3 source files to /home/user/Workspace/reproducibility/Reproducibility-Scanner/benchmarks/bugs-dot-jar/maven/maven-artifact/target/test-classes
[[1;34mINFO[m] 
[[1;34mINFO[m] [1m--- [0;32mplexus-component-metadata:1.5.5:generate-test-metadata[m [1m(default)[m @ [36mmaven-artifact[0;1m ---[m
[[1;34mINFO[m] 
[[1;34mINFO[m] [1m--- [0;32mmaven-surefire-plugin:2.4.3:test[m [1m(default-test)[m @ [36mmaven-artifact[0;1m ---[m
[[1;34mINFO[m] Tests are skipped.
[[1;34mINFO[m] 
[[1;34mINFO[m] [1m--- [0;32mmaven-jar-plugin:2.2:jar[m [1m(default-jar)[m @ [36mmaven-artifact[0;1m ---[m
[[1;34mINFO[m] Building jar: /home/user/Workspace/reproducibility/Reproducibility-Scanner/benchmarks/bugs-dot-jar/maven/maven-artifact/target/maven-artifact-3.0.3-SNAPSHOT.jar
[[1;34mINFO[m] 
[[1;34mINFO[m] [1m--- [0;32mmaven-install-plugin:2.2:install[m [1m(default-install)[m @ [36mmaven-artifact[0;1m ---[m
[[1;34mINFO[m] Installing /home/user/Workspace/reproducibility/Reproducibility-Scanner/benchmarks/bugs-dot-jar/maven/maven-artifact/target/maven-artifact-3.0.3-SNAPSHOT.jar to /home/user/.m2/repository/org/apache/maven/maven-artifact/3.0.3-SNAPSHOT/maven-artifact-3.0.3-SNAPSHOT.jar
[[1;34mINFO[m] Installing /home/user/Workspace/reproducibility/Reproducibility-Scanner/benchmarks/bugs-dot-jar/maven/maven-artifact/pom.xml to /home/user/.m2/repository/org/apache/maven/maven-artifact/3.0.3-SNAPSHOT/maven-artifact-3.0.3-SNAPSHOT.pom
[[1;34mINFO[m] 
[[1;34mINFO[m] [1m-----------------< [0;36morg.apache.maven:maven-plugin-api[0;1m >------------------[m
[[1;34mINFO[m] [1mBuilding Maven Plugin API 3.0.3-SNAPSHOT                          [7/13][m
[[1;34mINFO[m] [1m--------------------------------[ jar ]---------------------------------[m
[[1;34mINFO[m] 
[[1;34mINFO[m] [1m--- [0;32mmodello-maven-plugin:1.4:java[m [1m(standard)[m @ [36mmaven-plugin-api[0;1m ---[m
[[1;34mINFO[m] outputDirectory: /home/user/Workspace/reproducibility/Reproducibility-Scanner/benchmarks/bugs-dot-jar/maven/maven-plugin-api/target/generated-sources/modello
[[1;34mINFO[m] Working on model: src/main/mdo/lifecycle.mdo
[[1;34mINFO[m] Generating current version: 1.0.0
[[1;34mINFO[m] 
[[1;34mINFO[m] [1m--- [0;32mmodello-maven-plugin:1.4:xpp3-reader[m [1m(standard)[m @ [36mmaven-plugin-api[0;1m ---[m
[[1;34mINFO[m] outputDirectory: /home/user/Workspace/reproducibility/Reproducibility-Scanner/benchmarks/bugs-dot-jar/maven/maven-plugin-api/target/generated-sources/modello
[[1;34mINFO[m] Working on model: src/main/mdo/lifecycle.mdo
[[1;34mINFO[m] Generating current version: 1.0.0
[[1;34mINFO[m] 
[[1;34mINFO[m] [1m--- [0;32mmodello-maven-plugin:1.4:xpp3-writer[m [1m(standard)[m @ [36mmaven-plugin-api[0;1m ---[m
[[1;34mINFO[m] outputDirectory: /home/user/Workspace/reproducibility/Reproducibility-Scanner/benchmarks/bugs-dot-jar/maven/maven-plugin-api/target/generated-sources/modello
[[1;34mINFO[m] Working on model: src/main/mdo/lifecycle.mdo
[[1;34mINFO[m] Generating current version: 1.0.0
[[1;34mINFO[m] 
[[1;34mINFO[m] [1m--- [0;32mmaven-remote-resources-plugin:1.1:process[m [1m(default)[m @ [36mmaven-plugin-api[0;1m ---[m
[[1;34mINFO[m] 
[[1;34mINFO[m] [1m--- [0;32mmaven-resources-plugin:2.4.2:resources[m [1m(default-resources)[m @ [36mmaven-plugin-api[0;1m ---[m
[[1;34mINFO[m] Using 'UTF-8' encoding to copy filtered resources.
[[1;34mINFO[m] skip non existing resourceDirectory /home/user/Workspace/reproducibility/Reproducibility-Scanner/benchmarks/bugs-dot-jar/maven/maven-plugin-api/src/main/resources
[[1;34mINFO[m] Copying 3 resources
[[1;34mINFO[m] 
[[1;34mINFO[m] [1m--- [0;32mmaven-compiler-plugin:2.0.2:compile[m [1m(default-compile)[m @ [36mmaven-plugin-api[0;1m ---[m
[[1;34mINFO[m] Compiling 25 source files to /home/user/Workspace/reproducibility/Reproducibility-Scanner/benchmarks/bugs-dot-jar/maven/maven-plugin-api/target/classes
[[1;34mINFO[m] 
[[1;34mINFO[m] [1m--- [0;32manimal-sniffer-maven-plugin:1.6:check[m [1m(check-java-1.5-compat)[m @ [36mmaven-plugin-api[0;1m ---[m
[[1;34mINFO[m] Checking unresolved references to org.codehaus.mojo.signature:java15:1.0
[[1;34mINFO[m] 
[[1;34mINFO[m] [1m--- [0;32mmaven-resources-plugin:2.4.2:testResources[m [1m(default-testResources)[m @ [36mmaven-plugin-api[0;1m ---[m
[[1;34mINFO[m] Using 'UTF-8' encoding to copy filtered resources.
[[1;34mINFO[m] Copying 2 resources
[[1;34mINFO[m] Copying 3 resources
[[1;34mINFO[m] 
[[1;34mINFO[m] [1m--- [0;32mmaven-compiler-plugin:2.0.2:testCompile[m [1m(default-testCompile)[m @ [36mmaven-plugin-api[0;1m ---[m
[[1;34mINFO[m] Compiling 2 source files to /home/user/Workspace/reproducibility/Reproducibility-Scanner/benchmarks/bugs-dot-jar/maven/maven-plugin-api/target/test-classes
[[1;34mINFO[m] 
[[1;34mINFO[m] [1m--- [0;32mmaven-surefire-plugin:2.4.3:test[m [1m(default-test)[m @ [36mmaven-plugin-api[0;1m ---[m
[[1;34mINFO[m] Tests are skipped.
[[1;34mINFO[m] 
[[1;34mINFO[m] [1m--- [0;32mmaven-jar-plugin:2.2:jar[m [1m(default-jar)[m @ [36mmaven-plugin-api[0;1m ---[m
[[1;34mINFO[m] Building jar: /home/user/Workspace/reproducibility/Reproducibility-Scanner/benchmarks/bugs-dot-jar/maven/maven-plugin-api/target/maven-plugin-api-3.0.3-SNAPSHOT.jar
[[1;34mINFO[m] 
[[1;34mINFO[m] [1m--- [0;32mmaven-install-plugin:2.2:install[m [1m(default-install)[m @ [36mmaven-plugin-api[0;1m ---[m
[[1;34mINFO[m] Installing /home/user/Workspace/reproducibility/Reproducibility-Scanner/benchmarks/bugs-dot-jar/maven/maven-plugin-api/target/maven-plugin-api-3.0.3-SNAPSHOT.jar to /home/user/.m2/repository/org/apache/maven/maven-plugin-api/3.0.3-SNAPSHOT/maven-plugin-api-3.0.3-SNAPSHOT.jar
[[1;34mINFO[m] Installing /home/user/Workspace/reproducibility/Reproducibility-Scanner/benchmarks/bugs-dot-jar/maven/maven-plugin-api/pom.xml to /home/user/.m2/repository/org/apache/maven/maven-plugin-api/3.0.3-SNAPSHOT/maven-plugin-api-3.0.3-SNAPSHOT.pom
[[1;34mINFO[m] 
[[1;34mINFO[m] [1m----------------< [0;36morg.apache.maven:maven-model-builder[0;1m >----------------[m
[[1;34mINFO[m] [1mBuilding Maven Model Builder 3.0.3-SNAPSHOT                       [8/13][m
[[1;34mINFO[m] [1m--------------------------------[ jar ]---------------------------------[m
[[1;34mINFO[m] 
[[1;34mINFO[m] [1m--- [0;32mmaven-remote-resources-plugin:1.1:process[m [1m(default)[m @ [36mmaven-model-builder[0;1m ---[m
[[1;34mINFO[m] 
[[1;34mINFO[m] [1m--- [0;32mmaven-resources-plugin:2.4.2:resources[m [1m(default-resources)[m @ [36mmaven-model-builder[0;1m ---[m
[[1;34mINFO[m] Using 'UTF-8' encoding to copy filtered resources.
[[1;34mINFO[m] Copying 1 resource
[[1;34mINFO[m] Copying 3 resources
[[1;34mINFO[m] 
[[1;34mINFO[m] [1m--- [0;32mmaven-compiler-plugin:2.0.2:compile[m [1m(default-compile)[m @ [36mmaven-model-builder[0;1m ---[m
[[1;34mINFO[m] Compiling 86 source files to /home/user/Workspace/reproducibility/Reproducibility-Scanner/benchmarks/bugs-dot-jar/maven/maven-model-builder/target/classes
[[1;34mINFO[m] 
[[1;34mINFO[m] [1m--- [0;32manimal-sniffer-maven-plugin:1.6:check[m [1m(check-java-1.5-compat)[m @ [36mmaven-model-builder[0;1m ---[m
[[1;34mINFO[m] Checking unresolved references to org.codehaus.mojo.signature:java15:1.0
[[1;34mINFO[m] 
[[1;34mINFO[m] [1m--- [0;32mplexus-component-metadata:1.5.5:generate-metadata[m [1m(default)[m @ [36mmaven-model-builder[0;1m ---[m
[[1;34mINFO[m] Discovered 26 component descriptors(s)
[[1;34mINFO[m] 
[[1;34mINFO[m] [1m--- [0;32mmaven-resources-plugin:2.4.2:testResources[m [1m(default-testResources)[m @ [36mmaven-model-builder[0;1m ---[m
[[1;34mINFO[m] Using 'UTF-8' encoding to copy filtered resources.
[[1;34mINFO[m] Copying 47 resources
[[1;34mINFO[m] Copying 3 resources
[[1;34mINFO[m] 
[[1;34mINFO[m] [1m--- [0;32mmaven-compiler-plugin:2.0.2:testCompile[m [1m(default-testCompile)[m @ [36mmaven-model-builder[0;1m ---[m
[[1;34mINFO[m] Compiling 9 source files to /home/user/Workspace/reproducibility/Reproducibility-Scanner/benchmarks/bugs-dot-jar/maven/maven-model-builder/target/test-classes
[[1;34mINFO[m] 
[[1;34mINFO[m] [1m--- [0;32mplexus-component-metadata:1.5.5:generate-test-metadata[m [1m(default)[m @ [36mmaven-model-builder[0;1m ---[m
[[1;34mINFO[m] 
[[1;34mINFO[m] [1m--- [0;32mmaven-surefire-plugin:2.4.3:test[m [1m(default-test)[m @ [36mmaven-model-builder[0;1m ---[m
[[1;34mINFO[m] Tests are skipped.
[[1;34mINFO[m] 
[[1;34mINFO[m] [1m--- [0;32mmaven-jar-plugin:2.2:jar[m [1m(default-jar)[m @ [36mmaven-model-builder[0;1m ---[m
[[1;34mINFO[m] Building jar: /home/user/Workspace/reproducibility/Reproducibility-Scanner/benchmarks/bugs-dot-jar/maven/maven-model-builder/target/maven-model-builder-3.0.3-SNAPSHOT.jar
[[1;34mINFO[m] 
[[1;34mINFO[m] [1m--- [0;32mmaven-install-plugin:2.2:install[m [1m(default-install)[m @ [36mmaven-model-builder[0;1m ---[m
[[1;34mINFO[m] Installing /home/user/Workspace/reproducibility/Reproducibility-Scanner/benchmarks/bugs-dot-jar/maven/maven-model-builder/target/maven-model-builder-3.0.3-SNAPSHOT.jar to /home/user/.m2/repository/org/apache/maven/maven-model-builder/3.0.3-SNAPSHOT/maven-model-builder-3.0.3-SNAPSHOT.jar
[[1;34mINFO[m] Installing /home/user/Workspace/reproducibility/Reproducibility-Scanner/benchmarks/bugs-dot-jar/maven/maven-model-builder/pom.xml to /home/user/.m2/repository/org/apache/maven/maven-model-builder/3.0.3-SNAPSHOT/maven-model-builder-3.0.3-SNAPSHOT.pom
[[1;34mINFO[m] 
[[1;34mINFO[m] [1m---------------< [0;36morg.apache.maven:maven-aether-provider[0;1m >---------------[m
[[1;34mINFO[m] [1mBuilding Maven Aether Provider 3.0.3-SNAPSHOT                     [9/13][m
[[1;34mINFO[m] [1m--------------------------------[ jar ]---------------------------------[m
Downloading from central: https://repo.maven.apache.org/maven2/org/sonatype/aether/aether-api/1.9/aether-api-1.9.pom
Progress (1): 1.3 kB                    Downloaded from central: https://repo.maven.apache.org/maven2/org/sonatype/aether/aether-api/1.9/aether-api-1.9.pom (1.3 kB at 4.5 kB/s)
Downloading from central: https://repo.maven.apache.org/maven2/org/sonatype/aether/aether-parent/1.9/aether-parent-1.9.pom
Progress (1): 2.7/10 kBProgress (1): 5.5/10 kBProgress (1): 8.2/10 kBProgress (1): 10 kB                       Downloaded from central: https://repo.maven.apache.org/maven2/org/sonatype/aether/aether-parent/1.9/aether-parent-1.9.pom (10 kB at 551 kB/s)
Downloading from central: https://repo.maven.apache.org/maven2/org/sonatype/aether/aether-spi/1.9/aether-spi-1.9.pom
Progress (1): 1.3 kB                    Downloaded from central: https://repo.maven.apache.org/maven2/org/sonatype/aether/aether-spi/1.9/aether-spi-1.9.pom (1.3 kB at 65 kB/s)
Downloading from central: https://repo.maven.apache.org/maven2/org/sonatype/aether/aether-util/1.9/aether-util-1.9.pom
Progress (1): 1.6 kB                    Downloaded from central: https://repo.maven.apache.org/maven2/org/sonatype/aether/aether-util/1.9/aether-util-1.9.pom (1.6 kB at 105 kB/s)
Downloading from central: https://repo.maven.apache.org/maven2/org/sonatype/aether/aether-impl/1.9/aether-impl-1.9.pom
Progress (1): 2.7/2.9 kBProgress (1): 2.9 kB                        Downloaded from central: https://repo.maven.apache.org/maven2/org/sonatype/aether/aether-impl/1.9/aether-impl-1.9.pom (2.9 kB at 184 kB/s)
Downloading from central: https://repo.maven.apache.org/maven2/org/sonatype/aether/aether-api/1.9/aether-api-1.9.jar
Downloading from central: https://repo.maven.apache.org/maven2/org/sonatype/aether/aether-impl/1.9/aether-impl-1.9.jar
Downloading from central: https://repo.maven.apache.org/maven2/org/sonatype/aether/aether-util/1.9/aether-util-1.9.jar
Downloading from central: https://repo.maven.apache.org/maven2/org/sonatype/aether/aether-spi/1.9/aether-spi-1.9.jar
Progress (1): 2.7/81 kBProgress (1): 5.5/81 kBProgress (1): 8.2/81 kBProgress (1): 11/81 kB Progress (1): 14/81 kBProgress (1): 16/81 kBProgress (1): 19/81 kBProgress (1): 21/81 kBProgress (1): 24/81 kBProgress (1): 27/81 kBProgress (1): 30/81 kBProgress (1): 32/81 kBProgress (1): 36/81 kBProgress (1): 40/81 kBProgress (1): 45/81 kBProgress (1): 49/81 kBProgress (1): 53/81 kBProgress (1): 57/81 kBProgress (1): 61/81 kBProgress (1): 65/81 kBProgress (1): 69/81 kBProgress (1): 73/81 kBProgress (1): 77/81 kBProgress (1): 81 kB   Progress (2): 81 kB | 2.7/15 kBProgress (2): 81 kB | 5.5/15 kBProgress (2): 81 kB | 8.2/15 kBProgress (3): 81 kB | 8.2/15 kB | 2.7/115 kBProgress (3): 81 kB | 11/15 kB | 2.7/115 kB Progress (3): 81 kB | 11/15 kB | 5.5/115 kBProgress (4): 81 kB | 11/15 kB | 5.5/115 kB | 2.7/118 kBProgress (4): 81 kB | 14/15 kB | 5.5/115 kB | 2.7/118 kBProgress (4): 81 kB | 14/15 kB | 8.2/115 kB | 2.7/118 kBProgress (4): 81 kB | 14/15 kB | 8.2/115 kB | 5.5/118 kBProgress (4): 81 kB | 15 kB | 8.2/115 kB | 5.5/118 kB   Progress (4): 81 kB | 15 kB | 8.2/115 kB | 8.2/118 kBProgress (4): 81 kB | 15 kB | 11/115 kB | 8.2/118 kB Progress (4): 81 kB | 15 kB | 11/115 kB | 11/118 kB Progress (4): 81 kB | 15 kB | 14/115 kB | 11/118 kBProgress (4): 81 kB | 15 kB | 14/115 kB | 14/118 kBProgress (4): 81 kB | 15 kB | 16/115 kB | 14/118 kBProgress (4): 81 kB | 15 kB | 16/115 kB | 16/118 kBProgress (4): 81 kB | 15 kB | 19/115 kB | 16/118 kBProgress (4): 81 kB | 15 kB | 19/115 kB | 19/118 kBProgress (4): 81 kB | 15 kB | 21/115 kB | 19/118 kBProgress (4): 81 kB | 15 kB | 24/115 kB | 19/118 kBProgress (4): 81 kB | 15 kB | 24/115 kB | 21/118 kBProgress (4): 81 kB | 15 kB | 27/115 kB | 21/118 kB                                                   Downloaded from central: https://repo.maven.apache.org/maven2/org/sonatype/aether/aether-spi/1.9/aether-spi-1.9.jar (15 kB at 91 kB/s)
Progress (3): 81 kB | 27/115 kB | 24/118 kBProgress (3): 81 kB | 30/115 kB | 24/118 kBProgress (3): 81 kB | 30/115 kB | 27/118 kBProgress (3): 81 kB | 32/115 kB | 27/118 kBProgress (3): 81 kB | 32/115 kB | 30/118 kBProgress (3): 81 kB | 35/115 kB | 30/118 kBProgress (3): 81 kB | 35/115 kB | 32/118 kBProgress (3): 81 kB | 38/115 kB | 32/118 kBProgress (3): 81 kB | 38/115 kB | 35/118 kBProgress (3): 81 kB | 40/115 kB | 35/118 kBProgress (3): 81 kB | 40/115 kB | 38/118 kBProgress (3): 81 kB | 43/115 kB | 38/118 kBProgress (3): 81 kB | 43/115 kB | 40/118 kBProgress (3): 81 kB | 46/115 kB | 40/118 kBProgress (3): 81 kB | 46/115 kB | 43/118 kBProgress (3): 81 kB | 49/115 kB | 43/118 kBProgress (3): 81 kB | 49/115 kB | 46/118 kBProgress (3): 81 kB | 53/115 kB | 46/118 kBProgress (3): 81 kB | 53/115 kB | 49/118 kBProgress (3): 81 kB | 57/115 kB | 49/118 kBProgress (3): 81 kB | 61/115 kB | 49/118 kBProgress (3): 81 kB | 65/115 kB | 49/118 kBProgress (3): 81 kB | 65/115 kB | 53/118 kBProgress (3): 81 kB | 65/115 kB | 57/118 kBProgress (3): 81 kB | 65/115 kB | 61/118 kBProgress (3): 81 kB | 69/115 kB | 61/118 kBProgress (3): 81 kB | 69/115 kB | 65/118 kBProgress (3): 81 kB | 73/115 kB | 65/118 kBProgress (3): 81 kB | 77/115 kB | 65/118 kBProgress (3): 81 kB | 81/115 kB | 65/118 kBProgress (3): 81 kB | 81/115 kB | 69/118 kBProgress (3): 81 kB | 81/115 kB | 73/118 kBProgress (3): 81 kB | 81/115 kB | 77/118 kBProgress (3): 81 kB | 85/115 kB | 77/118 kBProgress (3): 81 kB | 85/115 kB | 81/118 kBProgress (3): 81 kB | 90/115 kB | 81/118 kBProgress (3): 81 kB | 94/115 kB | 81/118 kBProgress (3): 81 kB | 98/115 kB | 81/118 kBProgress (3): 81 kB | 98/115 kB | 85/118 kBProgress (3): 81 kB | 98/115 kB | 90/118 kBProgress (3): 81 kB | 98/115 kB | 94/118 kBProgress (3): 81 kB | 102/115 kB | 94/118 kBProgress (3): 81 kB | 102/115 kB | 98/118 kBProgress (3): 81 kB | 106/115 kB | 98/118 kBProgress (3): 81 kB | 110/115 kB | 98/118 kBProgress (3): 81 kB | 114/115 kB | 98/118 kBProgress (3): 81 kB | 114/115 kB | 102/118 kBProgress (3): 81 kB | 115 kB | 102/118 kB    Progress (3): 81 kB | 115 kB | 106/118 kBProgress (3): 81 kB | 115 kB | 110/118 kBProgress (3): 81 kB | 115 kB | 114/118 kBProgress (3): 81 kB | 115 kB | 118 kB                                         Downloaded from central: https://repo.maven.apache.org/maven2/org/sonatype/aether/aether-util/1.9/aether-util-1.9.jar (115 kB at 609 kB/s)
Downloaded from central: https://repo.maven.apache.org/maven2/org/sonatype/aether/aether-api/1.9/aether-api-1.9.jar (81 kB at 358 kB/s)
Downloaded from central: https://repo.maven.apache.org/maven2/org/sonatype/aether/aether-impl/1.9/aether-impl-1.9.jar (118 kB at 470 kB/s)
[[1;34mINFO[m] 
[[1;34mINFO[m] [1m--- [0;32mmaven-remote-resources-plugin:1.1:process[m [1m(default)[m @ [36mmaven-aether-provider[0;1m ---[m
[[1;34mINFO[m] 
[[1;34mINFO[m] [1m--- [0;32mmaven-resources-plugin:2.4.2:resources[m [1m(default-resources)[m @ [36mmaven-aether-provider[0;1m ---[m
[[1;34mINFO[m] Using 'UTF-8' encoding to copy filtered resources.
[[1;34mINFO[m] skip non existing resourceDirectory /home/user/Workspace/reproducibility/Reproducibility-Scanner/benchmarks/bugs-dot-jar/maven/maven-aether-provider/src/main/resources
[[1;34mINFO[m] Copying 3 resources
[[1;34mINFO[m] 
[[1;34mINFO[m] [1m--- [0;32mmaven-compiler-plugin:2.0.2:compile[m [1m(default-compile)[m @ [36mmaven-aether-provider[0;1m ---[m
[[1;34mINFO[m] Compiling 17 source files to /home/user/Workspace/reproducibility/Reproducibility-Scanner/benchmarks/bugs-dot-jar/maven/maven-aether-provider/target/classes
[[1;34mINFO[m] 
[[1;34mINFO[m] [1m--- [0;32manimal-sniffer-maven-plugin:1.6:check[m [1m(check-java-1.5-compat)[m @ [36mmaven-aether-provider[0;1m ---[m
[[1;34mINFO[m] Checking unresolved references to org.codehaus.mojo.signature:java15:1.0
[[1;34mINFO[m] 
[[1;34mINFO[m] [1m--- [0;32mplexus-component-metadata:1.5.5:generate-metadata[m [1m(default)[m @ [36mmaven-aether-provider[0;1m ---[m
[[1;34mINFO[m] Discovered 5 component descriptors(s)
[[1;34mINFO[m] 
[[1;34mINFO[m] [1m--- [0;32mmaven-resources-plugin:2.4.2:testResources[m [1m(default-testResources)[m @ [36mmaven-aether-provider[0;1m ---[m
[[1;34mINFO[m] Using 'UTF-8' encoding to copy filtered resources.
[[1;34mINFO[m] skip non existing resourceDirectory /home/user/Workspace/reproducibility/Reproducibility-Scanner/benchmarks/bugs-dot-jar/maven/maven-aether-provider/src/test/resources
[[1;34mINFO[m] Copying 3 resources
[[1;34mINFO[m] 
[[1;34mINFO[m] [1m--- [0;32mmaven-compiler-plugin:2.0.2:testCompile[m [1m(default-testCompile)[m @ [36mmaven-aether-provider[0;1m ---[m
[[1;34mINFO[m] Compiling 1 source file to /home/user/Workspace/reproducibility/Reproducibility-Scanner/benchmarks/bugs-dot-jar/maven/maven-aether-provider/target/test-classes
[[1;34mINFO[m] 
[[1;34mINFO[m] [1m--- [0;32mplexus-component-metadata:1.5.5:generate-test-metadata[m [1m(default)[m @ [36mmaven-aether-provider[0;1m ---[m
[[1;34mINFO[m] 
[[1;34mINFO[m] [1m--- [0;32mmaven-surefire-plugin:2.4.3:test[m [1m(default-test)[m @ [36mmaven-aether-provider[0;1m ---[m
[[1;34mINFO[m] Tests are skipped.
[[1;34mINFO[m] 
[[1;34mINFO[m] [1m--- [0;32mmaven-jar-plugin:2.2:jar[m [1m(default-jar)[m @ [36mmaven-aether-provider[0;1m ---[m
[[1;34mINFO[m] Building jar: /home/user/Workspace/reproducibility/Reproducibility-Scanner/benchmarks/bugs-dot-jar/maven/maven-aether-provider/target/maven-aether-provider-3.0.3-SNAPSHOT.jar
[[1;34mINFO[m] 
[[1;34mINFO[m] [1m--- [0;32mmaven-install-plugin:2.2:install[m [1m(default-install)[m @ [36mmaven-aether-provider[0;1m ---[m
[[1;34mINFO[m] Installing /home/user/Workspace/reproducibility/Reproducibility-Scanner/benchmarks/bugs-dot-jar/maven/maven-aether-provider/target/maven-aether-provider-3.0.3-SNAPSHOT.jar to /home/user/.m2/repository/org/apache/maven/maven-aether-provider/3.0.3-SNAPSHOT/maven-aether-provider-3.0.3-SNAPSHOT.jar
[[1;34mINFO[m] Installing /home/user/Workspace/reproducibility/Reproducibility-Scanner/benchmarks/bugs-dot-jar/maven/maven-aether-provider/pom.xml to /home/user/.m2/repository/org/apache/maven/maven-aether-provider/3.0.3-SNAPSHOT/maven-aether-provider-3.0.3-SNAPSHOT.pom
[[1;34mINFO[m] 
[[1;34mINFO[m] [1m--------------------< [0;36morg.apache.maven:maven-core[0;1m >---------------------[m
[[1;34mINFO[m] [1mBuilding Maven Core 3.0.3-SNAPSHOT                               [10/13][m
[[1;34mINFO[m] [1m--------------------------------[ jar ]---------------------------------[m
[[1;34mINFO[m] 
[[1;34mINFO[m] [1m--- [0;32mmodello-maven-plugin:1.4:java[m [1m(standard)[m @ [36mmaven-core[0;1m ---[m
[[1;34mINFO[m] outputDirectory: /home/user/Workspace/reproducibility/Reproducibility-Scanner/benchmarks/bugs-dot-jar/maven/maven-core/target/generated-sources/modello
[[1;34mINFO[m] Working on model: src/main/mdo/toolchains.mdo
[[1;34mINFO[m] Generating current version: 1.0.0
[[1;34mINFO[m] 
[[1;34mINFO[m] [1m--- [0;32mmodello-maven-plugin:1.4:xpp3-reader[m [1m(standard)[m @ [36mmaven-core[0;1m ---[m
[[1;34mINFO[m] outputDirectory: /home/user/Workspace/reproducibility/Reproducibility-Scanner/benchmarks/bugs-dot-jar/maven/maven-core/target/generated-sources/modello
[[1;34mINFO[m] Working on model: src/main/mdo/toolchains.mdo
[[1;34mINFO[m] Generating current version: 1.0.0
[[1;34mINFO[m] 
[[1;34mINFO[m] [1m--- [0;32mmodello-maven-plugin:1.4:xpp3-writer[m [1m(standard)[m @ [36mmaven-core[0;1m ---[m
[[1;34mINFO[m] outputDirectory: /home/user/Workspace/reproducibility/Reproducibility-Scanner/benchmarks/bugs-dot-jar/maven/maven-core/target/generated-sources/modello
[[1;34mINFO[m] Working on model: src/main/mdo/toolchains.mdo
[[1;34mINFO[m] Generating current version: 1.0.0
[[1;34mINFO[m] 
[[1;34mINFO[m] [1m--- [0;32mmaven-remote-resources-plugin:1.1:process[m [1m(default)[m @ [36mmaven-core[0;1m ---[m
[[1;34mINFO[m] 
[[1;34mINFO[m] [1m--- [0;32mbuildnumber-maven-plugin:1.0-beta-1:create[m [1m(default)[m @ [36mmaven-core[0;1m ---[m
[[1;34mINFO[m] Storing buildNumber: NON-CANONICAL_2022-08-01_08-17_user at timestamp: 1659367077993
[[1;34mINFO[m] 
[[1;34mINFO[m] [1m--- [0;32mmaven-resources-plugin:2.4.2:resources[m [1m(default-resources)[m @ [36mmaven-core[0;1m ---[m
[[1;34mINFO[m] Using 'UTF-8' encoding to copy filtered resources.
[[1;34mINFO[m] Copying 16 resources
[[1;34mINFO[m] Copying 3 resources
[[1;34mINFO[m] 
[[1;34mINFO[m] [1m--- [0;32mmaven-compiler-plugin:2.0.2:compile[m [1m(default-compile)[m @ [36mmaven-core[0;1m ---[m
[[1;34mINFO[m] Compiling 297 source files to /home/user/Workspace/reproducibility/Reproducibility-Scanner/benchmarks/bugs-dot-jar/maven/maven-core/target/classes
[[1;34mINFO[m] 
[[1;34mINFO[m] [1m--- [0;32manimal-sniffer-maven-plugin:1.6:check[m [1m(check-java-1.5-compat)[m @ [36mmaven-core[0;1m ---[m
[[1;34mINFO[m] Checking unresolved references to org.codehaus.mojo.signature:java15:1.0
[[1;34mINFO[m] 
[[1;34mINFO[m] [1m--- [0;32mplexus-component-metadata:1.5.5:generate-metadata[m [1m(default)[m @ [36mmaven-core[0;1m ---[m
[[1;34mINFO[m] Discovered 59 component descriptors(s)
[[1;34mINFO[m] 
[[1;34mINFO[m] [1m--- [0;32mmaven-resources-plugin:2.4.2:testResources[m [1m(default-testResources)[m @ [36mmaven-core[0;1m ---[m
[[1;34mINFO[m] Using 'UTF-8' encoding to copy filtered resources.
[[1;34mINFO[m] Copying 212 resources
[[1;34mINFO[m] Copying 3 resources
[[1;34mINFO[m] 
[[1;34mINFO[m] [1m--- [0;32mmaven-compiler-plugin:2.0.2:testCompile[m [1m(default-testCompile)[m @ [36mmaven-core[0;1m ---[m
[[1;34mINFO[m] Compiling 71 source files to /home/user/Workspace/reproducibility/Reproducibility-Scanner/benchmarks/bugs-dot-jar/maven/maven-core/target/test-classes
[[1;34mINFO[m] 
[[1;34mINFO[m] [1m--- [0;32mplexus-component-metadata:1.5.5:generate-test-metadata[m [1m(default)[m @ [36mmaven-core[0;1m ---[m
[[1;34mINFO[m] Discovered 4 component descriptors(s)
[[1;34mINFO[m] 
[[1;34mINFO[m] [1m--- [0;32mmaven-surefire-plugin:2.4.3:test[m [1m(default-test)[m @ [36mmaven-core[0;1m ---[m
[[1;34mINFO[m] Tests are skipped.
[[1;34mINFO[m] 
[[1;34mINFO[m] [1m--- [0;32mmaven-jar-plugin:2.2:jar[m [1m(default-jar)[m @ [36mmaven-core[0;1m ---[m
[[1;34mINFO[m] Building jar: /home/user/Workspace/reproducibility/Reproducibility-Scanner/benchmarks/bugs-dot-jar/maven/maven-core/target/maven-core-3.0.3-SNAPSHOT.jar
[[1;34mINFO[m] 
[[1;34mINFO[m] [1m--- [0;32mmaven-install-plugin:2.2:install[m [1m(default-install)[m @ [36mmaven-core[0;1m ---[m
[[1;34mINFO[m] Installing /home/user/Workspace/reproducibility/Reproducibility-Scanner/benchmarks/bugs-dot-jar/maven/maven-core/target/maven-core-3.0.3-SNAPSHOT.jar to /home/user/.m2/repository/org/apache/maven/maven-core/3.0.3-SNAPSHOT/maven-core-3.0.3-SNAPSHOT.jar
[[1;34mINFO[m] Installing /home/user/Workspace/reproducibility/Reproducibility-Scanner/benchmarks/bugs-dot-jar/maven/maven-core/pom.xml to /home/user/.m2/repository/org/apache/maven/maven-core/3.0.3-SNAPSHOT/maven-core-3.0.3-SNAPSHOT.pom
[[1;34mINFO[m] 
[[1;34mINFO[m] [1m-------------------< [0;36morg.apache.maven:maven-compat[0;1m >--------------------[m
[[1;34mINFO[m] [1mBuilding Maven Compat 3.0.3-SNAPSHOT                             [11/13][m
[[1;34mINFO[m] [1m--------------------------------[ jar ]---------------------------------[m
Downloading from central: https://repo.maven.apache.org/maven2/org/sonatype/aether/aether-connector-wagon/1.9/aether-connector-wagon-1.9.pom
Progress (1): 2.6 kB                    Downloaded from central: https://repo.maven.apache.org/maven2/org/sonatype/aether/aether-connector-wagon/1.9/aether-connector-wagon-1.9.pom (2.6 kB at 18 kB/s)
Downloading from central: https://repo.maven.apache.org/maven2/org/sonatype/aether/aether-connector-wagon/1.9/aether-connector-wagon-1.9.jar
Progress (1): 4.1/29 kBProgress (1): 8.2/29 kBProgress (1): 12/29 kB Progress (1): 16/29 kBProgress (1): 20/29 kBProgress (1): 24/29 kBProgress (1): 28/29 kBProgress (1): 29 kB                      Downloaded from central: https://repo.maven.apache.org/maven2/org/sonatype/aether/aether-connector-wagon/1.9/aether-connector-wagon-1.9.jar (29 kB at 101 kB/s)
[[1;34mINFO[m] 
[[1;34mINFO[m] [1m--- [0;32mmodello-maven-plugin:1.4:java[m [1m(standard)[m @ [36mmaven-compat[0;1m ---[m
[[1;34mINFO[m] outputDirectory: /home/user/Workspace/reproducibility/Reproducibility-Scanner/benchmarks/bugs-dot-jar/maven/maven-compat/target/generated-sources/modello
[[1;34mINFO[m] Working on model: src/main/mdo/profiles.mdo
[[1;34mINFO[m] Generating current version: 1.0.0
[[1;34mINFO[m] Working on model: src/main/mdo/paramdoc.mdo
[[1;34mINFO[m] Generating current version: 1.0.0
[[1;34mINFO[m] 
[[1;34mINFO[m] [1m--- [0;32mmodello-maven-plugin:1.4:xpp3-reader[m [1m(standard)[m @ [36mmaven-compat[0;1m ---[m
[[1;34mINFO[m] outputDirectory: /home/user/Workspace/reproducibility/Reproducibility-Scanner/benchmarks/bugs-dot-jar/maven/maven-compat/target/generated-sources/modello
[[1;34mINFO[m] Working on model: src/main/mdo/profiles.mdo
[[1;34mINFO[m] Generating current version: 1.0.0
[[1;34mINFO[m] Working on model: src/main/mdo/paramdoc.mdo
[[1;34mINFO[m] Generating current version: 1.0.0
[[1;34mINFO[m] 
[[1;34mINFO[m] [1m--- [0;32mmodello-maven-plugin:1.4:xpp3-writer[m [1m(standard)[m @ [36mmaven-compat[0;1m ---[m
[[1;34mINFO[m] outputDirectory: /home/user/Workspace/reproducibility/Reproducibility-Scanner/benchmarks/bugs-dot-jar/maven/maven-compat/target/generated-sources/modello
[[1;34mINFO[m] Working on model: src/main/mdo/profiles.mdo
[[1;34mINFO[m] Generating current version: 1.0.0
[[1;34mINFO[m] Working on model: src/main/mdo/paramdoc.mdo
[[1;34mINFO[m] Generating current version: 1.0.0
[[1;34mINFO[m] 
[[1;34mINFO[m] [1m--- [0;32mmaven-remote-resources-plugin:1.1:process[m [1m(default)[m @ [36mmaven-compat[0;1m ---[m
[[1;34mINFO[m] 
[[1;34mINFO[m] [1m--- [0;32mmaven-resources-plugin:2.4.2:resources[m [1m(default-resources)[m @ [36mmaven-compat[0;1m ---[m
[[1;34mINFO[m] Using 'UTF-8' encoding to copy filtered resources.
[[1;34mINFO[m] Copying 4 resources
[[1;34mINFO[m] Copying 3 resources
[[1;34mINFO[m] 
[[1;34mINFO[m] [1m--- [0;32mmaven-compiler-plugin:2.0.2:compile[m [1m(default-compile)[m @ [36mmaven-compat[0;1m ---[m
[[1;34mINFO[m] Compiling 147 source files to /home/user/Workspace/reproducibility/Reproducibility-Scanner/benchmarks/bugs-dot-jar/maven/maven-compat/target/classes
[[1;34mINFO[m] 
[[1;34mINFO[m] [1m--- [0;32manimal-sniffer-maven-plugin:1.6:check[m [1m(check-java-1.5-compat)[m @ [36mmaven-compat[0;1m ---[m
[[1;34mINFO[m] Checking unresolved references to org.codehaus.mojo.signature:java15:1.0
[[1;34mINFO[m] 
[[1;34mINFO[m] [1m--- [0;32mplexus-component-metadata:1.5.5:generate-metadata[m [1m(default)[m @ [36mmaven-compat[0;1m ---[m
[[1;34mINFO[m] Discovered 34 component descriptors(s)
[[1;34mINFO[m] 
[[1;34mINFO[m] [1m--- [0;32mmaven-resources-plugin:2.4.2:testResources[m [1m(default-testResources)[m @ [36mmaven-compat[0;1m ---[m
[[1;34mINFO[m] Using 'UTF-8' encoding to copy filtered resources.
[[1;34mINFO[m] Copying 156 resources
[[1;34mINFO[m] Copying 3 resources
[[1;34mINFO[m] 
[[1;34mINFO[m] [1m--- [0;32mmaven-compiler-plugin:2.0.2:testCompile[m [1m(default-testCompile)[m @ [36mmaven-compat[0;1m ---[m
[[1;34mINFO[m] Compiling 71 source files to /home/user/Workspace/reproducibility/Reproducibility-Scanner/benchmarks/bugs-dot-jar/maven/maven-compat/target/test-classes
[[1;34mINFO[m] 
[[1;34mINFO[m] [1m--- [0;32mplexus-component-metadata:1.5.5:generate-test-metadata[m [1m(default)[m @ [36mmaven-compat[0;1m ---[m
[[1;34mINFO[m] Discovered 12 component descriptors(s)
[[1;34mINFO[m] 
[[1;34mINFO[m] [1m--- [0;32mmaven-surefire-plugin:2.4.3:test[m [1m(default-test)[m @ [36mmaven-compat[0;1m ---[m
[[1;34mINFO[m] Tests are skipped.
[[1;34mINFO[m] 
[[1;34mINFO[m] [1m--- [0;32mmaven-jar-plugin:2.2:jar[m [1m(default-jar)[m @ [36mmaven-compat[0;1m ---[m
[[1;34mINFO[m] Building jar: /home/user/Workspace/reproducibility/Reproducibility-Scanner/benchmarks/bugs-dot-jar/maven/maven-compat/target/maven-compat-3.0.3-SNAPSHOT.jar
[[1;34mINFO[m] 
[[1;34mINFO[m] [1m--- [0;32mmaven-install-plugin:2.2:install[m [1m(default-install)[m @ [36mmaven-compat[0;1m ---[m
[[1;34mINFO[m] Installing /home/user/Workspace/reproducibility/Reproducibility-Scanner/benchmarks/bugs-dot-jar/maven/maven-compat/target/maven-compat-3.0.3-SNAPSHOT.jar to /home/user/.m2/repository/org/apache/maven/maven-compat/3.0.3-SNAPSHOT/maven-compat-3.0.3-SNAPSHOT.jar
[[1;34mINFO[m] Installing /home/user/Workspace/reproducibility/Reproducibility-Scanner/benchmarks/bugs-dot-jar/maven/maven-compat/pom.xml to /home/user/.m2/repository/org/apache/maven/maven-compat/3.0.3-SNAPSHOT/maven-compat-3.0.3-SNAPSHOT.pom
[[1;34mINFO[m] 
[[1;34mINFO[m] [1m------------------< [0;36morg.apache.maven:maven-embedder[0;1m >-------------------[m
[[1;34mINFO[m] [1mBuilding Maven Embedder 3.0.3-SNAPSHOT                           [12/13][m
[[1;34mINFO[m] [1m--------------------------------[ jar ]---------------------------------[m
[[1;34mINFO[m] 
[[1;34mINFO[m] [1m--- [0;32mmaven-remote-resources-plugin:1.1:process[m [1m(default)[m @ [36mmaven-embedder[0;1m ---[m
[[1;34mINFO[m] 
[[1;34mINFO[m] [1m--- [0;32mmaven-resources-plugin:2.4.2:resources[m [1m(default-resources)[m @ [36mmaven-embedder[0;1m ---[m
[[1;34mINFO[m] Using 'UTF-8' encoding to copy filtered resources.
[[1;34mINFO[m] Copying 1 resource
[[1;34mINFO[m] Copying 3 resources
[[1;34mINFO[m] 
[[1;34mINFO[m] [1m--- [0;32mmaven-compiler-plugin:2.0.2:compile[m [1m(default-compile)[m @ [36mmaven-embedder[0;1m ---[m
[[1;34mINFO[m] Compiling 11 source files to /home/user/Workspace/reproducibility/Reproducibility-Scanner/benchmarks/bugs-dot-jar/maven/maven-embedder/target/classes
[[1;34mINFO[m] 
[[1;34mINFO[m] [1m--- [0;32manimal-sniffer-maven-plugin:1.6:check[m [1m(check-java-1.5-compat)[m @ [36mmaven-embedder[0;1m ---[m
[[1;34mINFO[m] Checking unresolved references to org.codehaus.mojo.signature:java15:1.0
[[1;34mINFO[m] 
[[1;34mINFO[m] [1m--- [0;32mplexus-component-metadata:1.5.5:generate-metadata[m [1m(default)[m @ [36mmaven-embedder[0;1m ---[m
[[1;34mINFO[m] 
[[1;34mINFO[m] [1m--- [0;32mmaven-resources-plugin:2.4.2:testResources[m [1m(default-testResources)[m @ [36mmaven-embedder[0;1m ---[m
[[1;34mINFO[m] Using 'UTF-8' encoding to copy filtered resources.
[[1;34mINFO[m] Copying 7 resources
[[1;34mINFO[m] Copying 3 resources
[[1;34mINFO[m] 
[[1;34mINFO[m] [1m--- [0;32mmaven-compiler-plugin:2.0.2:testCompile[m [1m(default-testCompile)[m @ [36mmaven-embedder[0;1m ---[m
[[1;34mINFO[m] No sources to compile
[[1;34mINFO[m] 
[[1;34mINFO[m] [1m--- [0;32mplexus-component-metadata:1.5.5:generate-test-metadata[m [1m(default)[m @ [36mmaven-embedder[0;1m ---[m
[[1;34mINFO[m] 
[[1;34mINFO[m] [1m--- [0;32mmaven-surefire-plugin:2.4.2:test[m [1m(default-test)[m @ [36mmaven-embedder[0;1m ---[m
[[1;34mINFO[m] Tests are skipped.
[[1;34mINFO[m] 
[[1;34mINFO[m] [1m--- [0;32mmaven-jar-plugin:2.2:jar[m [1m(default-jar)[m @ [36mmaven-embedder[0;1m ---[m
[[1;34mINFO[m] Building jar: /home/user/Workspace/reproducibility/Reproducibility-Scanner/benchmarks/bugs-dot-jar/maven/maven-embedder/target/maven-embedder-3.0.3-SNAPSHOT.jar
[[1;34mINFO[m] 
[[1;34mINFO[m] [1m--- [0;32mmaven-install-plugin:2.2:install[m [1m(default-install)[m @ [36mmaven-embedder[0;1m ---[m
[[1;34mINFO[m] Installing /home/user/Workspace/reproducibility/Reproducibility-Scanner/benchmarks/bugs-dot-jar/maven/maven-embedder/target/maven-embedder-3.0.3-SNAPSHOT.jar to /home/user/.m2/repository/org/apache/maven/maven-embedder/3.0.3-SNAPSHOT/maven-embedder-3.0.3-SNAPSHOT.jar
[[1;34mINFO[m] Installing /home/user/Workspace/reproducibility/Reproducibility-Scanner/benchmarks/bugs-dot-jar/maven/maven-embedder/pom.xml to /home/user/.m2/repository/org/apache/maven/maven-embedder/3.0.3-SNAPSHOT/maven-embedder-3.0.3-SNAPSHOT.pom
[[1;34mINFO[m] 
[[1;34mINFO[m] [1m-------------------< [0;36morg.apache.maven:apache-maven[0;1m >--------------------[m
[[1;34mINFO[m] [1mBuilding Maven Distribution 3.0.3-SNAPSHOT                       [13/13][m
[[1;34mINFO[m] [1m--------------------------------[ pom ]---------------------------------[m
[[1;34mINFO[m] 
[[1;34mINFO[m] [1m--- [0;32mmaven-remote-resources-plugin:1.1:process[m [1m(default)[m @ [36mapache-maven[0;1m ---[m
[[1;34mINFO[m] 
[[1;34mINFO[m] [1m--- [0;32manimal-sniffer-maven-plugin:1.6:check[m [1m(check-java-1.5-compat)[m @ [36mapache-maven[0;1m ---[m
[[1;34mINFO[m] Checking unresolved references to org.codehaus.mojo.signature:java15:1.0
[[1;34mINFO[m] 
[[1;34mINFO[m] [1m--- [0;32mmaven-compiler-plugin:2.0.2:testCompile[m [1m(test-compile)[m @ [36mapache-maven[0;1m ---[m
[[1;34mINFO[m] Compiling 1 source file to /home/user/Workspace/reproducibility/Reproducibility-Scanner/benchmarks/bugs-dot-jar/maven/apache-maven/target/test-classes
[[1;34mINFO[m] 
[[1;34mINFO[m] [1m--- [0;32mmaven-surefire-plugin:2.4.3:test[m [1m(test)[m @ [36mapache-maven[0;1m ---[m
[[1;34mINFO[m] Tests are skipped.
[[1;34mINFO[m] 
[[1;34mINFO[m] [1m--- [0;32mmaven-assembly-plugin:2.2-beta-5:single[m [1m(create-distro)[m @ [36mapache-maven[0;1m ---[m
[[1;34mINFO[m] Reading assembly descriptor: src/main/assembly/bin.xml
[[1;33mWARNING[m] The following patterns were never triggered in this artifact exclusion filter:
o  'junit:junit'
o  'log4j:log4j'
o  'commons-logging:commons-logging-api'

[[1;34mINFO[m] Building zip: /home/user/Workspace/reproducibility/Reproducibility-Scanner/benchmarks/bugs-dot-jar/maven/apache-maven/target/apache-maven-3.0.3-SNAPSHOT-bin.zip
[[1;33mWARNING[m] The following patterns were never triggered in this artifact exclusion filter:
o  'junit:junit'
o  'log4j:log4j'
o  'commons-logging:commons-logging-api'

[[1;34mINFO[m] Building tar : /home/user/Workspace/reproducibility/Reproducibility-Scanner/benchmarks/bugs-dot-jar/maven/apache-maven/target/apache-maven-3.0.3-SNAPSHOT-bin.tar.gz
[[1;34mINFO[m] 
[[1;34mINFO[m] [1m--- [0;32mmaven-install-plugin:2.2:install[m [1m(default-install)[m @ [36mapache-maven[0;1m ---[m
[[1;34mINFO[m] Installing /home/user/Workspace/reproducibility/Reproducibility-Scanner/benchmarks/bugs-dot-jar/maven/apache-maven/pom.xml to /home/user/.m2/repository/org/apache/maven/apache-maven/3.0.3-SNAPSHOT/apache-maven-3.0.3-SNAPSHOT.pom
[[1;34mINFO[m] Installing /home/user/Workspace/reproducibility/Reproducibility-Scanner/benchmarks/bugs-dot-jar/maven/apache-maven/target/apache-maven-3.0.3-SNAPSHOT-bin.zip to /home/user/.m2/repository/org/apache/maven/apache-maven/3.0.3-SNAPSHOT/apache-maven-3.0.3-SNAPSHOT-bin.zip
[[1;34mINFO[m] Installing /home/user/Workspace/reproducibility/Reproducibility-Scanner/benchmarks/bugs-dot-jar/maven/apache-maven/target/apache-maven-3.0.3-SNAPSHOT-bin.tar.gz to /home/user/.m2/repository/org/apache/maven/apache-maven/3.0.3-SNAPSHOT/apache-maven-3.0.3-SNAPSHOT-bin.tar.gz
[[1;34mINFO[m] [1m------------------------------------------------------------------------[m
[[1;34mINFO[m] [1mReactor Summary for Apache Maven 3.0.3-SNAPSHOT:[m
[[1;34mINFO[m] 
[[1;34mINFO[m] Apache Maven ....................................... [1;32mSUCCESS[m [  1.102 s]
[[1;34mINFO[m] Maven Model ........................................ [1;32mSUCCESS[m [  2.942 s]
[[1;34mINFO[m] Maven Settings ..................................... [1;32mSUCCESS[m [  0.958 s]
[[1;34mINFO[m] Maven Settings Builder ............................. [1;32mSUCCESS[m [  1.290 s]
[[1;34mINFO[m] Maven Repository Metadata Model .................... [1;32mSUCCESS[m [  0.689 s]
[[1;34mINFO[m] Maven Artifact ..................................... [1;32mSUCCESS[m [  1.857 s]
[[1;34mINFO[m] Maven Plugin API ................................... [1;32mSUCCESS[m [  1.664 s]
[[1;34mINFO[m] Maven Model Builder ................................ [1;32mSUCCESS[m [  2.452 s]
[[1;34mINFO[m] Maven Aether Provider .............................. [1;32mSUCCESS[m [  2.698 s]
[[1;34mINFO[m] Maven Core ......................................... [1;32mSUCCESS[m [  7.448 s]
[[1;34mINFO[m] Maven Compat ....................................... [1;32mSUCCESS[m [  6.692 s]
[[1;34mINFO[m] Maven Embedder ..................................... [1;32mSUCCESS[m [  1.408 s]
[[1;34mINFO[m] Maven Distribution ................................. [1;32mSUCCESS[m [  4.414 s]
[[1;34mINFO[m] [1m------------------------------------------------------------------------[m
[[1;34mINFO[m] [1;32mBUILD SUCCESS[m
[[1;34mINFO[m] [1m------------------------------------------------------------------------[m
[[1;34mINFO[m] Total time:  35.875 s
[[1;34mINFO[m] Finished at: 2022-08-01T08:18:17-07:00
[[1;34mINFO[m] [1m------------------------------------------------------------------------[m
[[1;34mINFO[m] Scanning for projects...
[[1;34mINFO[m] 
[[1;34mINFO[m] [1m--------------------< [0;36morg.apache.maven:maven-core[0;1m >---------------------[m
[[1;34mINFO[m] [1mBuilding Maven Core 3.0.3-SNAPSHOT[m
[[1;34mINFO[m] [1m--------------------------------[ jar ]---------------------------------[m
[[1;34mINFO[m] 
[[1;34mINFO[m] [1m--- [0;32mmodello-maven-plugin:1.4:java[m [1m(standard)[m @ [36mmaven-core[0;1m ---[m
[[1;34mINFO[m] outputDirectory: /home/user/Workspace/reproducibility/Reproducibility-Scanner/benchmarks/bugs-dot-jar/maven/maven-core/target/generated-sources/modello
[[1;34mINFO[m] Working on model: src/main/mdo/toolchains.mdo
[[1;34mINFO[m] Generating current version: 1.0.0
[[1;34mINFO[m] 
[[1;34mINFO[m] [1m--- [0;32mmodello-maven-plugin:1.4:xpp3-reader[m [1m(standard)[m @ [36mmaven-core[0;1m ---[m
[[1;34mINFO[m] outputDirectory: /home/user/Workspace/reproducibility/Reproducibility-Scanner/benchmarks/bugs-dot-jar/maven/maven-core/target/generated-sources/modello
[[1;34mINFO[m] Working on model: src/main/mdo/toolchains.mdo
[[1;34mINFO[m] Generating current version: 1.0.0
[[1;34mINFO[m] 
[[1;34mINFO[m] [1m--- [0;32mmodello-maven-plugin:1.4:xpp3-writer[m [1m(standard)[m @ [36mmaven-core[0;1m ---[m
[[1;34mINFO[m] outputDirectory: /home/user/Workspace/reproducibility/Reproducibility-Scanner/benchmarks/bugs-dot-jar/maven/maven-core/target/generated-sources/modello
[[1;34mINFO[m] Working on model: src/main/mdo/toolchains.mdo
[[1;34mINFO[m] Generating current version: 1.0.0
[[1;34mINFO[m] 
[[1;34mINFO[m] [1m--- [0;32mmaven-remote-resources-plugin:1.1:process[m [1m(default)[m @ [36mmaven-core[0;1m ---[m
[[1;34mINFO[m] Setting property: classpath.resource.loader.class => 'org.codehaus.plexus.velocity.ContextClassLoaderResourceLoader'.
[[1;34mINFO[m] Setting property: velocimacro.messages.on => 'false'.
[[1;34mINFO[m] Setting property: resource.loader => 'classpath'.
[[1;34mINFO[m] Setting property: resource.manager.logwhenfound => 'false'.
[[1;34mINFO[m] 
[[1;34mINFO[m] [1m--- [0;32mbuildnumber-maven-plugin:1.0-beta-1:create[m [1m(default)[m @ [36mmaven-core[0;1m ---[m
[[1;34mINFO[m] Storing buildNumber: NON-CANONICAL_2022-08-01_08-18_user at timestamp: 1659367101131
[[1;34mINFO[m] 
[[1;34mINFO[m] [1m--- [0;32mmaven-resources-plugin:2.4.2:resources[m [1m(default-resources)[m @ [36mmaven-core[0;1m ---[m
[[1;34mINFO[m] Using 'UTF-8' encoding to copy filtered resources.
[[1;34mINFO[m] Copying 16 resources
[[1;34mINFO[m] Copying 3 resources
[[1;34mINFO[m] 
[[1;34mINFO[m] [1m--- [0;32mmaven-compiler-plugin:2.0.2:compile[m [1m(default-compile)[m @ [36mmaven-core[0;1m ---[m
[[1;34mINFO[m] Compiling 4 source files to /home/user/Workspace/reproducibility/Reproducibility-Scanner/benchmarks/bugs-dot-jar/maven/maven-core/target/classes
[[1;34mINFO[m] 
[[1;34mINFO[m] [1m--- [0;32manimal-sniffer-maven-plugin:1.6:check[m [1m(check-java-1.5-compat)[m @ [36mmaven-core[0;1m ---[m
[[1;34mINFO[m] Checking unresolved references to org.codehaus.mojo.signature:java15:1.0
[[1;34mINFO[m] 
[[1;34mINFO[m] [1m--- [0;32mplexus-component-metadata:1.5.5:generate-metadata[m [1m(default)[m @ [36mmaven-core[0;1m ---[m
[[1;34mINFO[m] Discovered 59 component descriptors(s)
[[1;34mINFO[m] 
[[1;34mINFO[m] [1m--- [0;32mmaven-resources-plugin:2.4.2:testResources[m [1m(default-testResources)[m @ [36mmaven-core[0;1m ---[m
[[1;34mINFO[m] Using 'UTF-8' encoding to copy filtered resources.
[[1;34mINFO[m] Copying 212 resources
[[1;34mINFO[m] Copying 3 resources
[[1;34mINFO[m] 
[[1;34mINFO[m] [1m--- [0;32mmaven-compiler-plugin:2.0.2:testCompile[m [1m(default-testCompile)[m @ [36mmaven-core[0;1m ---[m
[[1;34mINFO[m] Nothing to compile - all classes are up to date
[[1;34mINFO[m] 
[[1;34mINFO[m] [1m--- [0;32mplexus-component-metadata:1.5.5:generate-test-metadata[m [1m(default)[m @ [36mmaven-core[0;1m ---[m
[[1;34mINFO[m] Discovered 4 component descriptors(s)
[[1;34mINFO[m] 
[[1;34mINFO[m] [1m--- [0;32mmaven-surefire-plugin:2.4.3:test[m [1m(default-test)[m @ [36mmaven-core[0;1m ---[m
[[1;34mINFO[m] Surefire report directory: /home/user/Workspace/reproducibility/Reproducibility-Scanner/benchmarks/bugs-dot-jar/maven/maven-core/target/surefire-reports

-------------------------------------------------------
 T E S T S
-------------------------------------------------------
Running org.apache.maven.project.ProjectSorterTest
Tests run: 12, Failures: 0, Errors: 0, Skipped: 0, Time elapsed: 0.04 sec
Running org.apache.maven.lifecycle.internal.LifecycleTaskSegmentCalculatorImplTest
Tests run: 1, Failures: 0, Errors: 0, Skipped: 0, Time elapsed: 0.015 sec
Running org.apache.maven.lifecycle.MavenExecutionPlanTest
Tests run: 6, Failures: 0, Errors: 0, Skipped: 0, Time elapsed: 0.021 sec
Running org.apache.maven.lifecycle.LifecycleExecutorSubModulesTest
Tests run: 1, Failures: 0, Errors: 0, Skipped: 0, Time elapsed: 0.431 sec
Running org.apache.maven.project.TestMetadataSource
Tests run: 0, Failures: 0, Errors: 0, Skipped: 0, Time elapsed: 0.003 sec
Running org.apache.maven.MavenLifecycleParticipantTest
Tests run: 1, Failures: 0, Errors: 0, Skipped: 0, Time elapsed: 0.256 sec
Running org.apache.maven.configuration.DefaultBeanConfiguratorTest
Tests run: 3, Failures: 0, Errors: 0, Skipped: 0, Time elapsed: 0.074 sec
Running org.apache.maven.repository.TestRepositoryConnectorFactory
Tests run: 0, Failures: 0, Errors: 0, Skipped: 0, Time elapsed: 0.001 sec
Running org.apache.maven.lifecycle.internal.ProjectBuildListTest
Tests run: 1, Failures: 0, Errors: 0, Skipped: 0, Time elapsed: 0.001 sec
Running org.apache.maven.plugin.PluginManagerTest
Tests run: 11, Failures: 1, Errors: 0, Skipped: 0, Time elapsed: 0.326 sec <<< FAILURE!
Running org.apache.maven.lifecycle.internal.PhaseRecorderTest
Tests run: 1, Failures: 0, Errors: 0, Skipped: 0, Time elapsed: 0.002 sec
Running org.apache.maven.project.MavenProjectTest
Tests run: 8, Failures: 0, Errors: 0, Skipped: 0, Time elapsed: 0.242 sec
Running org.apache.maven.lifecycle.internal.LifecycleWeaveBuilderTest
Tests run: 2, Failures: 0, Errors: 0, Skipped: 0, Time elapsed: 0.04 sec
Running org.apache.maven.execution.DefaultMavenExecutionTest
Tests run: 2, Failures: 0, Errors: 0, Skipped: 0, Time elapsed: 0.002 sec
Running org.apache.maven.lifecycle.internal.ConcurrencyDependencyGraphTest
Tests run: 2, Failures: 0, Errors: 0, Skipped: 0, Time elapsed: 0.001 sec
Running org.apache.maven.lifecycle.internal.ExecutionPlanItemTest
Tests run: 2, Failures: 0, Errors: 0, Skipped: 0, Time elapsed: 0.002 sec
Running org.apache.maven.lifecycle.internal.LifecycleExecutionPlanCalculatorTest
Tests run: 1, Failures: 0, Errors: 0, Skipped: 0, Time elapsed: 0.023 sec
Running org.apache.maven.plugin.PluginParameterExpressionEvaluatorTest
Tests run: 16, Failures: 0, Errors: 0, Skipped: 0, Time elapsed: 0.318 sec
Running org.apache.maven.project.canonical.CanonicalProjectBuilderTest
Tests run: 1, Failures: 0, Errors: 0, Skipped: 0, Time elapsed: 0.03 sec
Running org.apache.maven.ProjectDependenciesResolverTest
Tests run: 2, Failures: 0, Errors: 0, Skipped: 0, Time elapsed: 0.041 sec
Running org.apache.maven.settings.SettingsUtilsTest
Tests run: 1, Failures: 0, Errors: 0, Skipped: 0, Time elapsed: 0.002 sec
Running org.apache.maven.project.artifact.MavenMetadataSourceTest
Tests run: 1, Failures: 0, Errors: 0, Skipped: 0, Time elapsed: 0.014 sec
Running org.apache.maven.lifecycle.internal.BuildListCalculatorTest
Tests run: 1, Failures: 0, Errors: 0, Skipped: 0, Time elapsed: 0.001 sec
Running org.apache.maven.lifecycle.internal.ConcurrentBuildLoggerTest
Tests run: 1, Failures: 0, Errors: 0, Skipped: 0, Time elapsed: 0.002 sec
Running org.apache.maven.lifecycle.internal.ThreadOutputMuxerTest
Tests run: 2, Failures: 0, Errors: 0, Skipped: 0, Time elapsed: 0.232 sec
Running org.apache.maven.repository.TestRepositorySystem
Tests run: 0, Failures: 0, Errors: 0, Skipped: 0, Time elapsed: 0.001 sec
Running org.apache.maven.rtinfo.internal.DefaultRuntimeInformationTest
Tests run: 2, Failures: 0, Errors: 0, Skipped: 0, Time elapsed: 0.036 sec
Running org.apache.maven.toolchain.RequirementMatcherFactoryTest
Tests run: 2, Failures: 0, Errors: 0, Skipped: 0, Time elapsed: 0.002 sec
Running org.apache.maven.lifecycle.LifecycleExecutorTest
Tests run: 12, Failures: 0, Errors: 0, Skipped: 0, Time elapsed: 0.37 sec
Running org.apache.maven.MavenTest
Tests run: 1, Failures: 0, Errors: 0, Skipped: 0, Time elapsed: 0.017 sec
Running org.apache.maven.lifecycle.DefaultLifecyclesTest
Tests run: 1, Failures: 0, Errors: 0, Skipped: 0, Time elapsed: 0.015 sec
Running org.apache.maven.project.ExtensionDescriptorBuilderTest
Tests run: 2, Failures: 0, Errors: 0, Skipped: 0, Time elapsed: 0.003 sec
Running org.apache.maven.lifecycle.internal.BuilderCommonTest
Tests run: 4, Failures: 0, Errors: 0, Skipped: 0, Time elapsed: 0.002 sec
Running org.apache.maven.settings.PomConstructionWithSettingsTest
Tests run: 3, Failures: 0, Errors: 0, Skipped: 0, Time elapsed: 0.077 sec
Running org.apache.maven.project.DefaultMavenProjectBuilderTest
Tests run: 3, Failures: 0, Errors: 0, Skipped: 0, Time elapsed: 0.068 sec
Running org.apache.maven.lifecycle.internal.ThreadConfigurationServiceTest
Tests run: 1, Failures: 0, Errors: 0, Skipped: 0, Time elapsed: 0.001 sec
Running org.apache.maven.project.PomConstructionTest
Tests run: 122, Failures: 0, Errors: 0, Skipped: 0, Time elapsed: 1.879 sec
Running org.apache.maven.project.ProjectBuilderTest
Tests run: 1, Failures: 0, Errors: 0, Skipped: 0, Time elapsed: 0.013 sec
Running org.apache.maven.lifecycle.DefaultSchedulesTest
Tests run: 1, Failures: 0, Errors: 0, Skipped: 0, Time elapsed: 0.01 sec
Running org.apache.maven.lifecycle.internal.stub.ProjectDependencyGraphStubTest
Tests run: 1, Failures: 0, Errors: 0, Skipped: 0, Time elapsed: 0 sec
Running org.apache.maven.project.artifact.DefaultMavenMetadataCacheTest
Tests run: 1, Failures: 0, Errors: 0, Skipped: 0, Time elapsed: 0.011 sec

Results :

Failed tests: 
  testPluginRealmCache(org.apache.maven.plugin.PluginManagerTest)

Tests run: 236, Failures: 1, Errors: 0, Skipped: 0

[[1;34mINFO[m] [1m------------------------------------------------------------------------[m
[[1;34mINFO[m] [1;31mBUILD FAILURE[m
[[1;34mINFO[m] [1m------------------------------------------------------------------------[m
[[1;34mINFO[m] Total time:  11.515 s
[[1;34mINFO[m] Finished at: 2022-08-01T08:18:31-07:00
[[1;34mINFO[m] [1m------------------------------------------------------------------------[m
[[1;31mERROR[m] Failed to execute goal [32morg.apache.maven.plugins:maven-surefire-plugin:2.4.3:test[m [1m(default-test)[m on project [36mmaven-core[m: [1;31mThere are test failures.[m
[[1;31mERROR[m] [1;31m[m
[[1;31mERROR[m] [1;31mPlease refer to /home/user/Workspace/reproducibility/Reproducibility-Scanner/benchmarks/bugs-dot-jar/maven/maven-core/target/surefire-reports for the individual test results.[m
[[1;31mERROR[m] -> [1m[Help 1][m
[[1;31mERROR[m] 
[[1;31mERROR[m] To see the full stack trace of the errors, re-run Maven with the [1m-e[m switch.
[[1;31mERROR[m] Re-run Maven using the [1m-X[m switch to enable full debug logging.
[[1;31mERROR[m] 
[[1;31mERROR[m] For more information about the errors and possible solutions, please read the following articles:
[[1;31mERROR[m] [1m[Help 1][m http://cwiki.apache.org/confluence/display/MAVEN/MojoFailureException