Apache Maven 3.6.3
Maven home: /usr/share/maven
Java version: 1.8.0_342, vendor: Private Build, runtime: /usr/lib/jvm/java-8-openjdk-amd64/jre
Default locale: en_US, platform encoding: UTF-8
OS name: "linux", version: "5.15.0-41-generic", arch: "amd64", family: "unix"
[INFO] Scanning for projects...
[INFO] ------------------------------------------------------------------------
[INFO] Reactor Build Order:
[INFO] 
[INFO] dubbo-parent                                                       [pom]
[INFO] Hessian Lite(Alibaba embed version)                                [jar]
[INFO] dubbo-common                                                       [jar]
[INFO] dubbo-container                                                    [pom]
[INFO] dubbo-container-api                                                [jar]
[INFO] dubbo-container-spring                                             [jar]
[INFO] dubbo-container-log4j                                              [jar]
[INFO] dubbo-container-logback                                            [jar]
[INFO] dubbo-remoting                                                     [pom]
[INFO] dubbo-remoting-api                                                 [jar]
[INFO] dubbo-remoting-netty                                               [jar]
[INFO] dubbo-remoting-mina                                                [jar]
[INFO] dubbo-remoting-grizzly                                             [jar]
[INFO] dubbo-remoting-p2p                                                 [jar]
[INFO] dubbo-remoting-http                                                [jar]
[INFO] dubbo-remoting-zookeeper                                           [jar]
[INFO] dubbo-remoting-netty4                                              [jar]
[INFO] dubbo-rpc                                                          [pom]
[INFO] dubbo-rpc-api                                                      [jar]
[INFO] dubbo-rpc-default                                                  [jar]
[INFO] dubbo-rpc-injvm                                                    [jar]
[INFO] dubbo-rpc-rmi                                                      [jar]
[INFO] dubbo-rpc-hessian                                                  [jar]
[INFO] dubbo-rpc-http                                                     [jar]
[INFO] dubbo-rpc-webservice                                               [jar]
[INFO] dubbo-cluster                                                      [jar]
[INFO] dubbo-registry                                                     [pom]
[INFO] dubbo-registry-api                                                 [jar]
[INFO] dubbo-monitor                                                      [pom]
[INFO] dubbo-monitor-api                                                  [jar]
[INFO] dubbo-filter                                                       [pom]
[INFO] dubbo-filter-validation                                            [jar]
[INFO] dubbo-filter-cache                                                 [jar]
[INFO] dubbo-registry-default                                             [jar]
[INFO] dubbo-monitor-default                                              [jar]
[INFO] dubbo-registry-multicast                                           [jar]
[INFO] dubbo-config                                                       [pom]
[INFO] dubbo-config-api                                                   [jar]
[INFO] dubbo-config-spring                                                [jar]
[INFO] dubbo-rpc-thrift                                                   [jar]
[INFO] dubbo-rpc-memcached                                                [jar]
[INFO] dubbo-rpc-redis                                                    [jar]
[INFO] dubbo-rpc-rest                                                     [jar]
[INFO] dubbo-registry-zookeeper                                           [jar]
[INFO] dubbo-registry-redis                                               [jar]
[INFO] dubbo-demo                                                         [pom]
[INFO] dubbo-demo-api                                                     [jar]
[INFO] dubbo-demo-provider                                                [jar]
[INFO] dubbo-demo-consumer                                                [jar]
[INFO] dubbo-plugin                                                       [pom]
[INFO] dubbo-qos                                                          [jar]
[INFO] dubbo-dependencies-bom                                             [pom]
[INFO] dubbo-bom                                                          [pom]
[INFO] dubbo-all                                                          [jar]
[INFO] dubbo-test                                                         [pom]
[INFO] dubbo-test-benchmark                                               [jar]
[INFO] dubbo-test-compatibility                                           [pom]
[INFO] dubbo-test-spring3                                                 [jar]
[INFO] dubbo-test-integration                                             [jar]
[INFO] dubbo-test-examples                                                [jar]
[INFO] 
[INFO] ----------------------< com.alibaba:dubbo-parent >----------------------
[INFO] Building dubbo-parent 2.6.1                                       [1/60]
[INFO] --------------------------------[ pom ]---------------------------------
[INFO] 
[INFO] --- maven-enforcer-plugin:1.0:enforce (enforce-maven) @ dubbo-parent ---
[INFO] Skipping Rule Enforcement.
[INFO] 
[INFO] ----------------------< com.alibaba:hessian-lite >----------------------
[INFO] Building Hessian Lite(Alibaba embed version) 3.2.1-fixed-2        [2/60]
[INFO] --------------------------------[ jar ]---------------------------------
[INFO] 
[INFO] --- maven-enforcer-plugin:1.0:enforce (enforce-maven) @ hessian-lite ---
[INFO] Skipping Rule Enforcement.
[INFO] 
[INFO] --- maven-resources-plugin:3.0.1:resources (default-resources) @ hessian-lite ---
[INFO] Using 'UTF-8' encoding to copy filtered resources.
[INFO] skip non existing resourceDirectory /On-the-Reproducibility/section-2/reproducibility-scanner/reproducer/workspace/Bears-150/hessian-lite/src/main/resources
[INFO] 
[INFO] --- maven-compiler-plugin:3.6.0:compile (default-compile) @ hessian-lite ---
[INFO] Nothing to compile - all classes are up to date
[INFO] 
[INFO] --- maven-resources-plugin:3.0.1:testResources (default-testResources) @ hessian-lite ---
[INFO] Using 'UTF-8' encoding to copy filtered resources.
[INFO] skip non existing resourceDirectory /On-the-Reproducibility/section-2/reproducibility-scanner/reproducer/workspace/Bears-150/hessian-lite/src/test/resources
[INFO] 
[INFO] --- maven-compiler-plugin:3.6.0:testCompile (default-testCompile) @ hessian-lite ---
[INFO] Nothing to compile - all classes are up to date
[INFO] 
[INFO] --- maven-surefire-plugin:2.19.1:test (default-test) @ hessian-lite ---

-------------------------------------------------------
 T E S T S
-------------------------------------------------------
Running com.alibaba.com.caucho.hessian.io.SerializerFactoryTest
Tests run: 4, Failures: 0, Errors: 0, Skipped: 0, Time elapsed: 0.172 sec - in com.alibaba.com.caucho.hessian.io.SerializerFactoryTest
Running com.alibaba.com.caucho.hessian.io.HessianJavaSerializeTest
Tests run: 3, Failures: 0, Errors: 0, Skipped: 0, Time elapsed: 0 sec - in com.alibaba.com.caucho.hessian.io.HessianJavaSerializeTest
Running com.alibaba.com.caucho.hessian.io.Hessian2StringShortTest
Tests run: 5, Failures: 0, Errors: 0, Skipped: 0, Time elapsed: 0.01 sec - in com.alibaba.com.caucho.hessian.io.Hessian2StringShortTest
Running com.alibaba.com.caucho.hessian.io.java8.Java8TimeSerializerTest
Tests run: 16, Failures: 0, Errors: 0, Skipped: 0, Time elapsed: 0.058 sec - in com.alibaba.com.caucho.hessian.io.java8.Java8TimeSerializerTest
Running com.alibaba.com.caucho.hessian.io.LocaleSerializerTest
Tests run: 2, Failures: 2, Errors: 0, Skipped: 0, Time elapsed: 0.009 sec <<< FAILURE! - in com.alibaba.com.caucho.hessian.io.LocaleSerializerTest
hessian1(com.alibaba.com.caucho.hessian.io.LocaleSerializerTest)  Time elapsed: 0.007 sec  <<< FAILURE!
junit.framework.AssertionFailedError: expected:<zh-hant_CN> but was:<zh_HANT_CN>
	at com.alibaba.com.caucho.hessian.io.LocaleSerializerTest.hessian1(LocaleSerializerTest.java:39)

hessian2(com.alibaba.com.caucho.hessian.io.LocaleSerializerTest)  Time elapsed: 0.002 sec  <<< FAILURE!
junit.framework.AssertionFailedError: expected:<zh-hant_CN> but was:<zh_HANT_CN>
	at com.alibaba.com.caucho.hessian.io.LocaleSerializerTest.hessian2(LocaleSerializerTest.java:23)

Running com.alibaba.com.caucho.hessian.io.Hessian2EnumSetTest
Tests run: 3, Failures: 0, Errors: 0, Skipped: 0, Time elapsed: 0.005 sec - in com.alibaba.com.caucho.hessian.io.Hessian2EnumSetTest

Results :

Failed tests: 
  LocaleSerializerTest.hessian1:39 expected:<zh-hant_CN> but was:<zh_HANT_CN>
  LocaleSerializerTest.hessian2:23 expected:<zh-hant_CN> but was:<zh_HANT_CN>

Tests run: 33, Failures: 2, Errors: 0, Skipped: 0

[INFO] ------------------------------------------------------------------------
[INFO] Reactor Summary:
[INFO] 
[INFO] dubbo-parent 2.6.1 ................................. SUCCESS [  0.416 s]
[INFO] Hessian Lite(Alibaba embed version) 3.2.1-fixed-2 .. FAILURE [  1.796 s]
[INFO] dubbo-common 2.6.1 ................................. SKIPPED
[INFO] dubbo-container 2.6.1 .............................. SKIPPED
[INFO] dubbo-container-api 2.6.1 .......................... SKIPPED
[INFO] dubbo-container-spring 2.6.1 ....................... SKIPPED
[INFO] dubbo-container-log4j 2.6.1 ........................ SKIPPED
[INFO] dubbo-container-logback 2.6.1 ...................... SKIPPED
[INFO] dubbo-remoting 2.6.1 ............................... SKIPPED
[INFO] dubbo-remoting-api 2.6.1 ........................... SKIPPED
[INFO] dubbo-remoting-netty 2.6.1 ......................... SKIPPED
[INFO] dubbo-remoting-mina 2.6.1 .......................... SKIPPED
[INFO] dubbo-remoting-grizzly 2.6.1 ....................... SKIPPED
[INFO] dubbo-remoting-p2p 2.6.1 ........................... SKIPPED
[INFO] dubbo-remoting-http 2.6.1 .......................... SKIPPED
[INFO] dubbo-remoting-zookeeper 2.6.1 ..................... SKIPPED
[INFO] dubbo-remoting-netty4 2.6.1 ........................ SKIPPED
[INFO] dubbo-rpc 2.6.1 .................................... SKIPPED
[INFO] dubbo-rpc-api 2.6.1 ................................ SKIPPED
[INFO] dubbo-rpc-default 2.6.1 ............................ SKIPPED
[INFO] dubbo-rpc-injvm 2.6.1 .............................. SKIPPED
[INFO] dubbo-rpc-rmi 2.6.1 ................................ SKIPPED
[INFO] dubbo-rpc-hessian 2.6.1 ............................ SKIPPED
[INFO] dubbo-rpc-http 2.6.1 ............................... SKIPPED
[INFO] dubbo-rpc-webservice 2.6.1 ......................... SKIPPED
[INFO] dubbo-cluster 2.6.1 ................................ SKIPPED
[INFO] dubbo-registry 2.6.1 ............................... SKIPPED
[INFO] dubbo-registry-api 2.6.1 ........................... SKIPPED
[INFO] dubbo-monitor 2.6.1 ................................ SKIPPED
[INFO] dubbo-monitor-api 2.6.1 ............................ SKIPPED
[INFO] dubbo-filter 2.6.1 ................................. SKIPPED
[INFO] dubbo-filter-validation 2.6.1 ...................... SKIPPED
[INFO] dubbo-filter-cache 2.6.1 ........................... SKIPPED
[INFO] dubbo-registry-default 2.6.1 ....................... SKIPPED
[INFO] dubbo-monitor-default 2.6.1 ........................ SKIPPED
[INFO] dubbo-registry-multicast 2.6.1 ..................... SKIPPED
[INFO] dubbo-config 2.6.1 ................................. SKIPPED
[INFO] dubbo-config-api 2.6.1 ............................. SKIPPED
[INFO] dubbo-config-spring 2.6.1 .......................... SKIPPED
[INFO] dubbo-rpc-thrift 2.6.1 ............................. SKIPPED
[INFO] dubbo-rpc-memcached 2.6.1 .......................... SKIPPED
[INFO] dubbo-rpc-redis 2.6.1 .............................. SKIPPED
[INFO] dubbo-rpc-rest 2.6.1 ............................... SKIPPED
[INFO] dubbo-registry-zookeeper 2.6.1 ..................... SKIPPED
[INFO] dubbo-registry-redis 2.6.1 ......................... SKIPPED
[INFO] dubbo-demo 2.6.1 ................................... SKIPPED
[INFO] dubbo-demo-api 2.6.1 ............................... SKIPPED
[INFO] dubbo-demo-provider 2.6.1 .......................... SKIPPED
[INFO] dubbo-demo-consumer 2.6.1 .......................... SKIPPED
[INFO] dubbo-plugin 2.6.1 ................................. SKIPPED
[INFO] dubbo-qos 2.6.1 .................................... SKIPPED
[INFO] dubbo-dependencies-bom 2.6.1 ....................... SKIPPED
[INFO] dubbo-bom 2.6.1 .................................... SKIPPED
[INFO] dubbo-all 2.6.1 .................................... SKIPPED
[INFO] dubbo-test 2.6.1 ................................... SKIPPED
[INFO] dubbo-test-benchmark 2.6.1 ......................... SKIPPED
[INFO] dubbo-test-compatibility 2.6.1 ..................... SKIPPED
[INFO] dubbo-test-spring3 2.6.1 ........................... SKIPPED
[INFO] dubbo-test-integration 2.6.1 ....................... SKIPPED
[INFO] dubbo-test-examples 2.6.1 .......................... SKIPPED
[INFO] ------------------------------------------------------------------------
[INFO] BUILD FAILURE
[INFO] ------------------------------------------------------------------------
[INFO] Total time:  2.751 s
[INFO] Finished at: 2022-08-16T23:40:06-07:00
[INFO] ------------------------------------------------------------------------
[ERROR] Failed to execute goal org.apache.maven.plugins:maven-surefire-plugin:2.19.1:test (default-test) on project hessian-lite: There are test failures.
[ERROR] 
[ERROR] Please refer to /On-the-Reproducibility/section-2/reproducibility-scanner/reproducer/workspace/Bears-150/hessian-lite/target/surefire-reports for the individual test results.
[ERROR] -> [Help 1]
[ERROR] 
[ERROR] To see the full stack trace of the errors, re-run Maven with the -e switch.
[ERROR] Re-run Maven using the -X switch to enable full debug logging.
[ERROR] 
[ERROR] For more information about the errors and possible solutions, please read the following articles:
[ERROR] [Help 1] http://cwiki.apache.org/confluence/display/MAVEN/MojoFailureException
[ERROR] 
[ERROR] After correcting the problems, you can resume the build with the command
[ERROR]   mvn <args> -rf :hessian-lite
Running the tests related to the bug Bears-150...
The tests related to the bug Bears-150 were executed.