Apache Maven 3.6.3
Maven home: /usr/share/maven
Java version: 1.8.0_342, vendor: Private Build, runtime: /usr/lib/jvm/java-8-openjdk-amd64/jre
Default locale: en_US, platform encoding: UTF-8
OS name: "linux", version: "5.15.0-41-generic", arch: "amd64", family: "unix"
[INFO] Scanning for projects...
[INFO] ------------------------------------------------------------------------
[INFO] Reactor Build Order:
[INFO] 
[INFO] swagger-codegen-project                                            [pom]
[INFO] swagger-codegen (core library)                                     [jar]
[INFO] swagger-codegen (executable)                                       [jar]
[INFO] swagger-codegen (maven-plugin)                            [maven-plugin]
[INFO] swagger-generator                                                  [war]
[INFO] 
[INFO] -----------------< io.swagger:swagger-codegen-project >-----------------
[INFO] Building swagger-codegen-project 2.4.0-SNAPSHOT                    [1/5]
[INFO] --------------------------------[ pom ]---------------------------------
[INFO] 
[INFO] --- maven-enforcer-plugin:1.4.1:enforce (enforce-maven) @ swagger-codegen-project ---
[INFO] Skipping Rule Enforcement.
[INFO] 
[INFO] --- maven-enforcer-plugin:1.4.1:enforce (enforce-versions) @ swagger-codegen-project ---
[INFO] Skipping Rule Enforcement.
[INFO] 
[INFO] --- maven-surefire-plugin:2.19.1:test (test-testng) @ swagger-codegen-project ---
[INFO] No tests to run.
[INFO] 
[INFO] ---------------------< io.swagger:swagger-codegen >---------------------
[INFO] Building swagger-codegen (core library) 2.4.0-SNAPSHOT             [2/5]
[INFO] --------------------------------[ jar ]---------------------------------
[INFO] 
[INFO] --- maven-enforcer-plugin:1.4.1:enforce (enforce-maven) @ swagger-codegen ---
[INFO] Skipping Rule Enforcement.
[INFO] 
[INFO] --- maven-enforcer-plugin:1.4.1:enforce (enforce-versions) @ swagger-codegen ---
[INFO] Skipping Rule Enforcement.
[INFO] 
[INFO] --- maven-resources-plugin:2.6:resources (default-resources) @ swagger-codegen ---
[INFO] Using 'UTF-8' encoding to copy filtered resources.
[INFO] Copying 1852 resources
[INFO] 
[INFO] --- maven-compiler-plugin:3.5.1:compile (default-compile) @ swagger-codegen ---
[INFO] Nothing to compile - all classes are up to date
[INFO] 
[INFO] --- maven-resources-plugin:2.6:testResources (default-testResources) @ swagger-codegen ---
[INFO] Using 'UTF-8' encoding to copy filtered resources.
[INFO] Copying 130 resources
[INFO] 
[INFO] --- maven-compiler-plugin:3.5.1:testCompile (default-testCompile) @ swagger-codegen ---
[INFO] Nothing to compile - all classes are up to date
[INFO] 
[INFO] --- maven-surefire-plugin:2.19.1:test (default-test) @ swagger-codegen ---

-------------------------------------------------------
 T E S T S
-------------------------------------------------------
Running io.swagger.codegen.akkascala.AkkaScalaClientCodegenTest
Tests run: 1, Failures: 0, Errors: 0, Skipped: 0, Time elapsed: 0.045 sec - in io.swagger.codegen.akkascala.AkkaScalaClientCodegenTest
Running io.swagger.codegen.languages.JavaJAXRSSpecServerCodegenTest
Tests run: 10, Failures: 0, Errors: 0, Skipped: 0, Time elapsed: 0.017 sec - in io.swagger.codegen.languages.JavaJAXRSSpecServerCodegenTest

Results :

Tests run: 11, Failures: 0, Errors: 0, Skipped: 0

[INFO] 
[INFO] --- maven-surefire-plugin:2.19.1:test (test-testng) @ swagger-codegen ---

-------------------------------------------------------
 T E S T S
-------------------------------------------------------
Running TestSuite
[{hasMore=true, mediaType=application/vnd.company.v1+json}, {hasMore=true, mediaType=application/json}, {hasMore=true, mediaType=application/xml}, {hasMore=null, mediaType=text/plain}]
{
  "swagger" : "2.0",
  "paths" : {
    "/foo/baz" : {
      "post" : {
        "parameters" : [ {
          "in" : "body",
          "name" : "myBody",
          "required" : false,
          "schema" : {
            "$ref" : "#/definitions/User"
          }
        } ]
      }
    }
  },
  "definitions" : {
    "User" : {
      "properties" : {
        "name" : {
          "type" : "string"
        }
      }
    }
  }
}
{
  "swagger" : "2.0",
  "paths" : {
    "/foo/baz" : {
      "get" : {
        "parameters" : [ ],
        "responses" : {
          "200" : {
            "description" : "it works!",
            "schema" : {
              "type" : "object",
              "additionalProperties" : {
                "type" : "string"
              },
              "x-ext" : "ext-prop"
            },
            "x-foo" : "bar"
          }
        }
      }
    }
  },
  "definitions" : { }
}
{
  "name" : "sample",
  "classname" : "Sample",
  "description" : "a sample model",
  "classVarName" : "sample",
  "modelJson" : "{\n  \"required\" : [ \"id\" ],\n  \"properties\" : {\n    \"id\" : {\n      \"type\" : \"integer\",\n      \"format\" : \"int64\"\n    },\n    \"theDate\" : {\n      \"type\" : \"string\",\n      \"format\" : \"date\"\n    },\n    \"createdAt\" : {\n      \"type\" : \"string\",\n      \"format\" : \"date-time\"\n    }\n  },\n  \"description\" : \"a sample model\"\n}",
  "classFilename" : "Sample",
  "unescapedDescription" : "a sample model",
  "isAlias" : false,
  "vars" : [ {
    "baseName" : "id",
    "getter" : "getId",
    "setter" : "setId",
    "datatype" : "Long",
    "datatypeWithEnum" : "Long",
    "dataFormat" : "int64",
    "name" : "id",
    "defaultValue" : "null",
    "defaultValueWithParam" : " = data.id;",
    "baseType" : "Long",
    "jsonSchema" : "{\n  \"type\" : \"integer\",\n  \"format\" : \"int64\"\n}",
    "exclusiveMinimum" : false,
    "exclusiveMaximum" : false,
    "hasMore" : true,
    "required" : true,
    "secondaryParam" : false,
    "hasMoreNonReadOnly" : true,
    "isPrimitiveType" : true,
    "isContainer" : false,
    "isNotContainer" : true,
    "isString" : false,
    "isNumeric" : true,
    "isInteger" : false,
    "isLong" : true,
    "isNumber" : false,
    "isFloat" : false,
    "isDouble" : false,
    "isByteArray" : false,
    "isBinary" : false,
    "isFile" : false,
    "isBoolean" : false,
    "isDate" : false,
    "isDateTime" : false,
    "isUuid" : false,
    "isListContainer" : false,
    "isMapContainer" : false,
    "isEnum" : false,
    "isReadOnly" : false,
    "vendorExtensions" : { },
    "hasValidation" : false,
    "isInherited" : false,
    "nameInCamelCase" : "Id",
    "isXmlAttribute" : false,
    "isXmlWrapped" : false
  }, {
    "baseName" : "theDate",
    "complexType" : "LocalDate",
    "getter" : "getTheDate",
    "setter" : "setTheDate",
    "datatype" : "LocalDate",
    "datatypeWithEnum" : "LocalDate",
    "dataFormat" : "date",
    "name" : "theDate",
    "defaultValue" : "null",
    "defaultValueWithParam" : " = data.theDate;",
    "baseType" : "LocalDate",
    "jsonSchema" : "{\n  \"type\" : \"string\",\n  \"format\" : \"date\"\n}",
    "exclusiveMinimum" : false,
    "exclusiveMaximum" : false,
    "hasMore" : true,
    "required" : false,
    "secondaryParam" : false,
    "hasMoreNonReadOnly" : true,
    "isPrimitiveType" : false,
    "isContainer" : false,
    "isNotContainer" : true,
    "isString" : false,
    "isNumeric" : false,
    "isInteger" : false,
    "isLong" : false,
    "isNumber" : false,
    "isFloat" : false,
    "isDouble" : false,
    "isByteArray" : false,
    "isBinary" : false,
    "isFile" : false,
    "isBoolean" : false,
    "isDate" : true,
    "isDateTime" : false,
    "isUuid" : false,
    "isListContainer" : false,
    "isMapContainer" : false,
    "isEnum" : false,
    "isReadOnly" : false,
    "vendorExtensions" : { },
    "hasValidation" : false,
    "isInherited" : false,
    "nameInCamelCase" : "TheDate",
    "isXmlAttribute" : false,
    "isXmlWrapped" : false
  }, {
    "baseName" : "createdAt",
    "complexType" : "DateTime",
    "getter" : "getCreatedAt",
    "setter" : "setCreatedAt",
    "datatype" : "DateTime",
    "datatypeWithEnum" : "DateTime",
    "dataFormat" : "date-time",
    "name" : "createdAt",
    "defaultValue" : "null",
    "defaultValueWithParam" : " = data.createdAt;",
    "baseType" : "DateTime",
    "jsonSchema" : "{\n  \"type\" : \"string\",\n  \"format\" : \"date-time\"\n}",
    "exclusiveMinimum" : false,
    "exclusiveMaximum" : false,
    "hasMore" : false,
    "required" : false,
    "secondaryParam" : false,
    "hasMoreNonReadOnly" : false,
    "isPrimitiveType" : false,
    "isContainer" : false,
    "isNotContainer" : true,
    "isString" : false,
    "isNumeric" : false,
    "isInteger" : false,
    "isLong" : false,
    "isNumber" : false,
    "isFloat" : false,
    "isDouble" : false,
    "isByteArray" : false,
    "isBinary" : false,
    "isFile" : false,
    "isBoolean" : false,
    "isDate" : false,
    "isDateTime" : true,
    "isUuid" : false,
    "isListContainer" : false,
    "isMapContainer" : false,
    "isEnum" : false,
    "isReadOnly" : false,
    "vendorExtensions" : { },
    "hasValidation" : false,
    "isInherited" : false,
    "nameInCamelCase" : "CreatedAt",
    "isXmlAttribute" : false,
    "isXmlWrapped" : false
  } ],
  "requiredVars" : [ {
    "baseName" : "id",
    "getter" : "getId",
    "setter" : "setId",
    "datatype" : "Long",
    "datatypeWithEnum" : "Long",
    "dataFormat" : "int64",
    "name" : "id",
    "defaultValue" : "null",
    "defaultValueWithParam" : " = data.id;",
    "baseType" : "Long",
    "jsonSchema" : "{\n  \"type\" : \"integer\",\n  \"format\" : \"int64\"\n}",
    "exclusiveMinimum" : false,
    "exclusiveMaximum" : false,
    "hasMore" : true,
    "required" : true,
    "secondaryParam" : false,
    "hasMoreNonReadOnly" : true,
    "isPrimitiveType" : true,
    "isContainer" : false,
    "isNotContainer" : true,
    "isString" : false,
    "isNumeric" : true,
    "isInteger" : false,
    "isLong" : true,
    "isNumber" : false,
    "isFloat" : false,
    "isDouble" : false,
    "isByteArray" : false,
    "isBinary" : false,
    "isFile" : false,
    "isBoolean" : false,
    "isDate" : false,
    "isDateTime" : false,
    "isUuid" : false,
    "isListContainer" : false,
    "isMapContainer" : false,
    "isEnum" : false,
    "isReadOnly" : false,
    "vendorExtensions" : { },
    "hasValidation" : false,
    "isInherited" : false,
    "nameInCamelCase" : "Id",
    "isXmlAttribute" : false,
    "isXmlWrapped" : false
  } ],
  "optionalVars" : [ {
    "baseName" : "theDate",
    "complexType" : "LocalDate",
    "getter" : "getTheDate",
    "setter" : "setTheDate",
    "datatype" : "LocalDate",
    "datatypeWithEnum" : "LocalDate",
    "dataFormat" : "date",
    "name" : "theDate",
    "defaultValue" : "null",
    "defaultValueWithParam" : " = data.theDate;",
    "baseType" : "LocalDate",
    "jsonSchema" : "{\n  \"type\" : \"string\",\n  \"format\" : \"date\"\n}",
    "exclusiveMinimum" : false,
    "exclusiveMaximum" : false,
    "hasMore" : true,
    "required" : false,
    "secondaryParam" : false,
    "hasMoreNonReadOnly" : true,
    "isPrimitiveType" : false,
    "isContainer" : false,
    "isNotContainer" : true,
    "isString" : false,
    "isNumeric" : false,
    "isInteger" : false,
    "isLong" : false,
    "isNumber" : false,
    "isFloat" : false,
    "isDouble" : false,
    "isByteArray" : false,
    "isBinary" : false,
    "isFile" : false,
    "isBoolean" : false,
    "isDate" : true,
    "isDateTime" : false,
    "isUuid" : false,
    "isListContainer" : false,
    "isMapContainer" : false,
    "isEnum" : false,
    "isReadOnly" : false,
    "vendorExtensions" : { },
    "hasValidation" : false,
    "isInherited" : false,
    "nameInCamelCase" : "TheDate",
    "isXmlAttribute" : false,
    "isXmlWrapped" : false
  }, {
    "baseName" : "createdAt",
    "complexType" : "DateTime",
    "getter" : "getCreatedAt",
    "setter" : "setCreatedAt",
    "datatype" : "DateTime",
    "datatypeWithEnum" : "DateTime",
    "dataFormat" : "date-time",
    "name" : "createdAt",
    "defaultValue" : "null",
    "defaultValueWithParam" : " = data.createdAt;",
    "baseType" : "DateTime",
    "jsonSchema" : "{\n  \"type\" : \"string\",\n  \"format\" : \"date-time\"\n}",
    "exclusiveMinimum" : false,
    "exclusiveMaximum" : false,
    "hasMore" : false,
    "required" : false,
    "secondaryParam" : false,
    "hasMoreNonReadOnly" : false,
    "isPrimitiveType" : false,
    "isContainer" : false,
    "isNotContainer" : true,
    "isString" : false,
    "isNumeric" : false,
    "isInteger" : false,
    "isLong" : false,
    "isNumber" : false,
    "isFloat" : false,
    "isDouble" : false,
    "isByteArray" : false,
    "isBinary" : false,
    "isFile" : false,
    "isBoolean" : false,
    "isDate" : false,
    "isDateTime" : true,
    "isUuid" : false,
    "isListContainer" : false,
    "isMapContainer" : false,
    "isEnum" : false,
    "isReadOnly" : false,
    "vendorExtensions" : { },
    "hasValidation" : false,
    "isInherited" : false,
    "nameInCamelCase" : "CreatedAt",
    "isXmlAttribute" : false,
    "isXmlWrapped" : false
  } ],
  "readOnlyVars" : [ ],
  "readWriteVars" : [ {
    "baseName" : "id",
    "getter" : "getId",
    "setter" : "setId",
    "datatype" : "Long",
    "datatypeWithEnum" : "Long",
    "dataFormat" : "int64",
    "name" : "id",
    "defaultValue" : "null",
    "defaultValueWithParam" : " = data.id;",
    "baseType" : "Long",
    "jsonSchema" : "{\n  \"type\" : \"integer\",\n  \"format\" : \"int64\"\n}",
    "exclusiveMinimum" : false,
    "exclusiveMaximum" : false,
    "hasMore" : true,
    "required" : true,
    "secondaryParam" : false,
    "hasMoreNonReadOnly" : true,
    "isPrimitiveType" : true,
    "isContainer" : false,
    "isNotContainer" : true,
    "isString" : false,
    "isNumeric" : true,
    "isInteger" : false,
    "isLong" : true,
    "isNumber" : false,
    "isFloat" : false,
    "isDouble" : false,
    "isByteArray" : false,
    "isBinary" : false,
    "isFile" : false,
    "isBoolean" : false,
    "isDate" : false,
    "isDateTime" : false,
    "isUuid" : false,
    "isListContainer" : false,
    "isMapContainer" : false,
    "isEnum" : false,
    "isReadOnly" : false,
    "vendorExtensions" : { },
    "hasValidation" : false,
    "isInherited" : false,
    "nameInCamelCase" : "Id",
    "isXmlAttribute" : false,
    "isXmlWrapped" : false
  }, {
    "baseName" : "theDate",
    "complexType" : "LocalDate",
    "getter" : "getTheDate",
    "setter" : "setTheDate",
    "datatype" : "LocalDate",
    "datatypeWithEnum" : "LocalDate",
    "dataFormat" : "date",
    "name" : "theDate",
    "defaultValue" : "null",
    "defaultValueWithParam" : " = data.theDate;",
    "baseType" : "LocalDate",
    "jsonSchema" : "{\n  \"type\" : \"string\",\n  \"format\" : \"date\"\n}",
    "exclusiveMinimum" : false,
    "exclusiveMaximum" : false,
    "hasMore" : true,
    "required" : false,
    "secondaryParam" : false,
    "hasMoreNonReadOnly" : true,
    "isPrimitiveType" : false,
    "isContainer" : false,
    "isNotContainer" : true,
    "isString" : false,
    "isNumeric" : false,
    "isInteger" : false,
    "isLong" : false,
    "isNumber" : false,
    "isFloat" : false,
    "isDouble" : false,
    "isByteArray" : false,
    "isBinary" : false,
    "isFile" : false,
    "isBoolean" : false,
    "isDate" : true,
    "isDateTime" : false,
    "isUuid" : false,
    "isListContainer" : false,
    "isMapContainer" : false,
    "isEnum" : false,
    "isReadOnly" : false,
    "vendorExtensions" : { },
    "hasValidation" : false,
    "isInherited" : false,
    "nameInCamelCase" : "TheDate",
    "isXmlAttribute" : false,
    "isXmlWrapped" : false
  }, {
    "baseName" : "createdAt",
    "complexType" : "DateTime",
    "getter" : "getCreatedAt",
    "setter" : "setCreatedAt",
    "datatype" : "DateTime",
    "datatypeWithEnum" : "DateTime",
    "dataFormat" : "date-time",
    "name" : "createdAt",
    "defaultValue" : "null",
    "defaultValueWithParam" : " = data.createdAt;",
    "baseType" : "DateTime",
    "jsonSchema" : "{\n  \"type\" : \"string\",\n  \"format\" : \"date-time\"\n}",
    "exclusiveMinimum" : false,
    "exclusiveMaximum" : false,
    "hasMore" : false,
    "required" : false,
    "secondaryParam" : false,
    "hasMoreNonReadOnly" : false,
    "isPrimitiveType" : false,
    "isContainer" : false,
    "isNotContainer" : true,
    "isString" : false,
    "isNumeric" : false,
    "isInteger" : false,
    "isLong" : false,
    "isNumber" : false,
    "isFloat" : false,
    "isDouble" : false,
    "isByteArray" : false,
    "isBinary" : false,
    "isFile" : false,
    "isBoolean" : false,
    "isDate" : false,
    "isDateTime" : true,
    "isUuid" : false,
    "isListContainer" : false,
    "isMapContainer" : false,
    "isEnum" : false,
    "isReadOnly" : false,
    "vendorExtensions" : { },
    "hasValidation" : false,
    "isInherited" : false,
    "nameInCamelCase" : "CreatedAt",
    "isXmlAttribute" : false,
    "isXmlWrapped" : false
  } ],
  "allVars" : [ {
    "baseName" : "id",
    "getter" : "getId",
    "setter" : "setId",
    "datatype" : "Long",
    "datatypeWithEnum" : "Long",
    "dataFormat" : "int64",
    "name" : "id",
    "defaultValue" : "null",
    "defaultValueWithParam" : " = data.id;",
    "baseType" : "Long",
    "jsonSchema" : "{\n  \"type\" : \"integer\",\n  \"format\" : \"int64\"\n}",
    "exclusiveMinimum" : false,
    "exclusiveMaximum" : false,
    "hasMore" : true,
    "required" : true,
    "secondaryParam" : false,
    "hasMoreNonReadOnly" : true,
    "isPrimitiveType" : true,
    "isContainer" : false,
    "isNotContainer" : true,
    "isString" : false,
    "isNumeric" : true,
    "isInteger" : false,
    "isLong" : true,
    "isNumber" : false,
    "isFloat" : false,
    "isDouble" : false,
    "isByteArray" : false,
    "isBinary" : false,
    "isFile" : false,
    "isBoolean" : false,
    "isDate" : false,
    "isDateTime" : false,
    "isUuid" : false,
    "isListContainer" : false,
    "isMapContainer" : false,
    "isEnum" : false,
    "isReadOnly" : false,
    "vendorExtensions" : { },
    "hasValidation" : false,
    "isInherited" : false,
    "nameInCamelCase" : "Id",
    "isXmlAttribute" : false,
    "isXmlWrapped" : false
  }, {
    "baseName" : "theDate",
    "complexType" : "LocalDate",
    "getter" : "getTheDate",
    "setter" : "setTheDate",
    "datatype" : "LocalDate",
    "datatypeWithEnum" : "LocalDate",
    "dataFormat" : "date",
    "name" : "theDate",
    "defaultValue" : "null",
    "defaultValueWithParam" : " = data.theDate;",
    "baseType" : "LocalDate",
    "jsonSchema" : "{\n  \"type\" : \"string\",\n  \"format\" : \"date\"\n}",
    "exclusiveMinimum" : false,
    "exclusiveMaximum" : false,
    "hasMore" : true,
    "required" : false,
    "secondaryParam" : false,
    "hasMoreNonReadOnly" : true,
    "isPrimitiveType" : false,
    "isContainer" : false,
    "isNotContainer" : true,
    "isString" : false,
    "isNumeric" : false,
    "isInteger" : false,
    "isLong" : false,
    "isNumber" : false,
    "isFloat" : false,
    "isDouble" : false,
    "isByteArray" : false,
    "isBinary" : false,
    "isFile" : false,
    "isBoolean" : false,
    "isDate" : true,
    "isDateTime" : false,
    "isUuid" : false,
    "isListContainer" : false,
    "isMapContainer" : false,
    "isEnum" : false,
    "isReadOnly" : false,
    "vendorExtensions" : { },
    "hasValidation" : false,
    "isInherited" : false,
    "nameInCamelCase" : "TheDate",
    "isXmlAttribute" : false,
    "isXmlWrapped" : false
  }, {
    "baseName" : "createdAt",
    "complexType" : "DateTime",
    "getter" : "getCreatedAt",
    "setter" : "setCreatedAt",
    "datatype" : "DateTime",
    "datatypeWithEnum" : "DateTime",
    "dataFormat" : "date-time",
    "name" : "createdAt",
    "defaultValue" : "null",
    "defaultValueWithParam" : " = data.createdAt;",
    "baseType" : "DateTime",
    "jsonSchema" : "{\n  \"type\" : \"string\",\n  \"format\" : \"date-time\"\n}",
    "exclusiveMinimum" : false,
    "exclusiveMaximum" : false,
    "hasMore" : false,
    "required" : false,
    "secondaryParam" : false,
    "hasMoreNonReadOnly" : false,
    "isPrimitiveType" : false,
    "isContainer" : false,
    "isNotContainer" : true,
    "isString" : false,
    "isNumeric" : false,
    "isInteger" : false,
    "isLong" : false,
    "isNumber" : false,
    "isFloat" : false,
    "isDouble" : false,
    "isByteArray" : false,
    "isBinary" : false,
    "isFile" : false,
    "isBoolean" : false,
    "isDate" : false,
    "isDateTime" : true,
    "isUuid" : false,
    "isListContainer" : false,
    "isMapContainer" : false,
    "isEnum" : false,
    "isReadOnly" : false,
    "vendorExtensions" : { },
    "hasValidation" : false,
    "isInherited" : false,
    "nameInCamelCase" : "CreatedAt",
    "isXmlAttribute" : false,
    "isXmlWrapped" : false
  } ],
  "parentVars" : [ ],
  "mandatory" : [ "id" ],
  "allMandatory" : [ "id" ],
  "imports" : [ "ApiModel", "ApiModelProperty", "DateTime", "JsonProperty", "LocalDate" ],
  "hasVars" : true,
  "emptyVars" : false,
  "hasMoreModels" : false,
  "hasEnums" : false,
  "isEnum" : false,
  "hasRequired" : true,
  "hasOptional" : true,
  "isArrayModel" : false,
  "hasChildren" : false,
  "hasOnlyReadOnly" : false,
  "vendorExtensions" : { }
}
{
  "name" : "sample",
  "classname" : "Sample",
  "description" : "a sample model",
  "classVarName" : "sample",
  "modelJson" : "{\n  \"required\" : [ \"id\" ],\n  \"properties\" : {\n    \"id\" : {\n      \"type\" : \"integer\",\n      \"format\" : \"int64\"\n    },\n    \"theDate\" : {\n      \"type\" : \"string\",\n      \"format\" : \"date\"\n    },\n    \"createdAt\" : {\n      \"type\" : \"string\",\n      \"format\" : \"date-time\"\n    }\n  },\n  \"description\" : \"a sample model\"\n}",
  "classFilename" : "Sample",
  "unescapedDescription" : "a sample model",
  "isAlias" : false,
  "vars" : [ {
    "baseName" : "id",
    "getter" : "getId",
    "setter" : "setId",
    "datatype" : "Long",
    "datatypeWithEnum" : "Long",
    "dataFormat" : "int64",
    "name" : "id",
    "defaultValue" : "null",
    "defaultValueWithParam" : " = data.id;",
    "baseType" : "Long",
    "jsonSchema" : "{\n  \"type\" : \"integer\",\n  \"format\" : \"int64\"\n}",
    "exclusiveMinimum" : false,
    "exclusiveMaximum" : false,
    "hasMore" : true,
    "required" : true,
    "secondaryParam" : false,
    "hasMoreNonReadOnly" : true,
    "isPrimitiveType" : true,
    "isContainer" : false,
    "isNotContainer" : true,
    "isString" : false,
    "isNumeric" : true,
    "isInteger" : false,
    "isLong" : true,
    "isNumber" : false,
    "isFloat" : false,
    "isDouble" : false,
    "isByteArray" : false,
    "isBinary" : false,
    "isFile" : false,
    "isBoolean" : false,
    "isDate" : false,
    "isDateTime" : false,
    "isUuid" : false,
    "isListContainer" : false,
    "isMapContainer" : false,
    "isEnum" : false,
    "isReadOnly" : false,
    "vendorExtensions" : { },
    "hasValidation" : false,
    "isInherited" : false,
    "nameInCamelCase" : "Id",
    "isXmlAttribute" : false,
    "isXmlWrapped" : false
  }, {
    "baseName" : "theDate",
    "complexType" : "LocalDate",
    "getter" : "getTheDate",
    "setter" : "setTheDate",
    "datatype" : "LocalDate",
    "datatypeWithEnum" : "LocalDate",
    "dataFormat" : "date",
    "name" : "theDate",
    "defaultValue" : "null",
    "defaultValueWithParam" : " = data.theDate;",
    "baseType" : "LocalDate",
    "jsonSchema" : "{\n  \"type\" : \"string\",\n  \"format\" : \"date\"\n}",
    "exclusiveMinimum" : false,
    "exclusiveMaximum" : false,
    "hasMore" : true,
    "required" : false,
    "secondaryParam" : false,
    "hasMoreNonReadOnly" : true,
    "isPrimitiveType" : false,
    "isContainer" : false,
    "isNotContainer" : true,
    "isString" : false,
    "isNumeric" : false,
    "isInteger" : false,
    "isLong" : false,
    "isNumber" : false,
    "isFloat" : false,
    "isDouble" : false,
    "isByteArray" : false,
    "isBinary" : false,
    "isFile" : false,
    "isBoolean" : false,
    "isDate" : true,
    "isDateTime" : false,
    "isUuid" : false,
    "isListContainer" : false,
    "isMapContainer" : false,
    "isEnum" : false,
    "isReadOnly" : false,
    "vendorExtensions" : { },
    "hasValidation" : false,
    "isInherited" : false,
    "nameInCamelCase" : "TheDate",
    "isXmlAttribute" : false,
    "isXmlWrapped" : false
  }, {
    "baseName" : "createdAt",
    "complexType" : "OffsetDateTime",
    "getter" : "getCreatedAt",
    "setter" : "setCreatedAt",
    "datatype" : "OffsetDateTime",
    "datatypeWithEnum" : "OffsetDateTime",
    "dataFormat" : "date-time",
    "name" : "createdAt",
    "defaultValue" : "null",
    "defaultValueWithParam" : " = data.createdAt;",
    "baseType" : "OffsetDateTime",
    "jsonSchema" : "{\n  \"type\" : \"string\",\n  \"format\" : \"date-time\"\n}",
    "exclusiveMinimum" : false,
    "exclusiveMaximum" : false,
    "hasMore" : false,
    "required" : false,
    "secondaryParam" : false,
    "hasMoreNonReadOnly" : false,
    "isPrimitiveType" : false,
    "isContainer" : false,
    "isNotContainer" : true,
    "isString" : false,
    "isNumeric" : false,
    "isInteger" : false,
    "isLong" : false,
    "isNumber" : false,
    "isFloat" : false,
    "isDouble" : false,
    "isByteArray" : false,
    "isBinary" : false,
    "isFile" : false,
    "isBoolean" : false,
    "isDate" : false,
    "isDateTime" : true,
    "isUuid" : false,
    "isListContainer" : false,
    "isMapContainer" : false,
    "isEnum" : false,
    "isReadOnly" : false,
    "vendorExtensions" : { },
    "hasValidation" : false,
    "isInherited" : false,
    "nameInCamelCase" : "CreatedAt",
    "isXmlAttribute" : false,
    "isXmlWrapped" : false
  } ],
  "requiredVars" : [ {
    "baseName" : "id",
    "getter" : "getId",
    "setter" : "setId",
    "datatype" : "Long",
    "datatypeWithEnum" : "Long",
    "dataFormat" : "int64",
    "name" : "id",
    "defaultValue" : "null",
    "defaultValueWithParam" : " = data.id;",
    "baseType" : "Long",
    "jsonSchema" : "{\n  \"type\" : \"integer\",\n  \"format\" : \"int64\"\n}",
    "exclusiveMinimum" : false,
    "exclusiveMaximum" : false,
    "hasMore" : true,
    "required" : true,
    "secondaryParam" : false,
    "hasMoreNonReadOnly" : true,
    "isPrimitiveType" : true,
    "isContainer" : false,
    "isNotContainer" : true,
    "isString" : false,
    "isNumeric" : true,
    "isInteger" : false,
    "isLong" : true,
    "isNumber" : false,
    "isFloat" : false,
    "isDouble" : false,
    "isByteArray" : false,
    "isBinary" : false,
    "isFile" : false,
    "isBoolean" : false,
    "isDate" : false,
    "isDateTime" : false,
    "isUuid" : false,
    "isListContainer" : false,
    "isMapContainer" : false,
    "isEnum" : false,
    "isReadOnly" : false,
    "vendorExtensions" : { },
    "hasValidation" : false,
    "isInherited" : false,
    "nameInCamelCase" : "Id",
    "isXmlAttribute" : false,
    "isXmlWrapped" : false
  } ],
  "optionalVars" : [ {
    "baseName" : "theDate",
    "complexType" : "LocalDate",
    "getter" : "getTheDate",
    "setter" : "setTheDate",
    "datatype" : "LocalDate",
    "datatypeWithEnum" : "LocalDate",
    "dataFormat" : "date",
    "name" : "theDate",
    "defaultValue" : "null",
    "defaultValueWithParam" : " = data.theDate;",
    "baseType" : "LocalDate",
    "jsonSchema" : "{\n  \"type\" : \"string\",\n  \"format\" : \"date\"\n}",
    "exclusiveMinimum" : false,
    "exclusiveMaximum" : false,
    "hasMore" : true,
    "required" : false,
    "secondaryParam" : false,
    "hasMoreNonReadOnly" : true,
    "isPrimitiveType" : false,
    "isContainer" : false,
    "isNotContainer" : true,
    "isString" : false,
    "isNumeric" : false,
    "isInteger" : false,
    "isLong" : false,
    "isNumber" : false,
    "isFloat" : false,
    "isDouble" : false,
    "isByteArray" : false,
    "isBinary" : false,
    "isFile" : false,
    "isBoolean" : false,
    "isDate" : true,
    "isDateTime" : false,
    "isUuid" : false,
    "isListContainer" : false,
    "isMapContainer" : false,
    "isEnum" : false,
    "isReadOnly" : false,
    "vendorExtensions" : { },
    "hasValidation" : false,
    "isInherited" : false,
    "nameInCamelCase" : "TheDate",
    "isXmlAttribute" : false,
    "isXmlWrapped" : false
  }, {
    "baseName" : "createdAt",
    "complexType" : "OffsetDateTime",
    "getter" : "getCreatedAt",
    "setter" : "setCreatedAt",
    "datatype" : "OffsetDateTime",
    "datatypeWithEnum" : "OffsetDateTime",
    "dataFormat" : "date-time",
    "name" : "createdAt",
    "defaultValue" : "null",
    "defaultValueWithParam" : " = data.createdAt;",
    "baseType" : "OffsetDateTime",
    "jsonSchema" : "{\n  \"type\" : \"string\",\n  \"format\" : \"date-time\"\n}",
    "exclusiveMinimum" : false,
    "exclusiveMaximum" : false,
    "hasMore" : false,
    "required" : false,
    "secondaryParam" : false,
    "hasMoreNonReadOnly" : false,
    "isPrimitiveType" : false,
    "isContainer" : false,
    "isNotContainer" : true,
    "isString" : false,
    "isNumeric" : false,
    "isInteger" : false,
    "isLong" : false,
    "isNumber" : false,
    "isFloat" : false,
    "isDouble" : false,
    "isByteArray" : false,
    "isBinary" : false,
    "isFile" : false,
    "isBoolean" : false,
    "isDate" : false,
    "isDateTime" : true,
    "isUuid" : false,
    "isListContainer" : false,
    "isMapContainer" : false,
    "isEnum" : false,
    "isReadOnly" : false,
    "vendorExtensions" : { },
    "hasValidation" : false,
    "isInherited" : false,
    "nameInCamelCase" : "CreatedAt",
    "isXmlAttribute" : false,
    "isXmlWrapped" : false
  } ],
  "readOnlyVars" : [ ],
  "readWriteVars" : [ {
    "baseName" : "id",
    "getter" : "getId",
    "setter" : "setId",
    "datatype" : "Long",
    "datatypeWithEnum" : "Long",
    "dataFormat" : "int64",
    "name" : "id",
    "defaultValue" : "null",
    "defaultValueWithParam" : " = data.id;",
    "baseType" : "Long",
    "jsonSchema" : "{\n  \"type\" : \"integer\",\n  \"format\" : \"int64\"\n}",
    "exclusiveMinimum" : false,
    "exclusiveMaximum" : false,
    "hasMore" : true,
    "required" : true,
    "secondaryParam" : false,
    "hasMoreNonReadOnly" : true,
    "isPrimitiveType" : true,
    "isContainer" : false,
    "isNotContainer" : true,
    "isString" : false,
    "isNumeric" : true,
    "isInteger" : false,
    "isLong" : true,
    "isNumber" : false,
    "isFloat" : false,
    "isDouble" : false,
    "isByteArray" : false,
    "isBinary" : false,
    "isFile" : false,
    "isBoolean" : false,
    "isDate" : false,
    "isDateTime" : false,
    "isUuid" : false,
    "isListContainer" : false,
    "isMapContainer" : false,
    "isEnum" : false,
    "isReadOnly" : false,
    "vendorExtensions" : { },
    "hasValidation" : false,
    "isInherited" : false,
    "nameInCamelCase" : "Id",
    "isXmlAttribute" : false,
    "isXmlWrapped" : false
  }, {
    "baseName" : "theDate",
    "complexType" : "LocalDate",
    "getter" : "getTheDate",
    "setter" : "setTheDate",
    "datatype" : "LocalDate",
    "datatypeWithEnum" : "LocalDate",
    "dataFormat" : "date",
    "name" : "theDate",
    "defaultValue" : "null",
    "defaultValueWithParam" : " = data.theDate;",
    "baseType" : "LocalDate",
    "jsonSchema" : "{\n  \"type\" : \"string\",\n  \"format\" : \"date\"\n}",
    "exclusiveMinimum" : false,
    "exclusiveMaximum" : false,
    "hasMore" : true,
    "required" : false,
    "secondaryParam" : false,
    "hasMoreNonReadOnly" : true,
    "isPrimitiveType" : false,
    "isContainer" : false,
    "isNotContainer" : true,
    "isString" : false,
    "isNumeric" : false,
    "isInteger" : false,
    "isLong" : false,
    "isNumber" : false,
    "isFloat" : false,
    "isDouble" : false,
    "isByteArray" : false,
    "isBinary" : false,
    "isFile" : false,
    "isBoolean" : false,
    "isDate" : true,
    "isDateTime" : false,
    "isUuid" : false,
    "isListContainer" : false,
    "isMapContainer" : false,
    "isEnum" : false,
    "isReadOnly" : false,
    "vendorExtensions" : { },
    "hasValidation" : false,
    "isInherited" : false,
    "nameInCamelCase" : "TheDate",
    "isXmlAttribute" : false,
    "isXmlWrapped" : false
  }, {
    "baseName" : "createdAt",
    "complexType" : "OffsetDateTime",
    "getter" : "getCreatedAt",
    "setter" : "setCreatedAt",
    "datatype" : "OffsetDateTime",
    "datatypeWithEnum" : "OffsetDateTime",
    "dataFormat" : "date-time",
    "name" : "createdAt",
    "defaultValue" : "null",
    "defaultValueWithParam" : " = data.createdAt;",
    "baseType" : "OffsetDateTime",
    "jsonSchema" : "{\n  \"type\" : \"string\",\n  \"format\" : \"date-time\"\n}",
    "exclusiveMinimum" : false,
    "exclusiveMaximum" : false,
    "hasMore" : false,
    "required" : false,
    "secondaryParam" : false,
    "hasMoreNonReadOnly" : false,
    "isPrimitiveType" : false,
    "isContainer" : false,
    "isNotContainer" : true,
    "isString" : false,
    "isNumeric" : false,
    "isInteger" : false,
    "isLong" : false,
    "isNumber" : false,
    "isFloat" : false,
    "isDouble" : false,
    "isByteArray" : false,
    "isBinary" : false,
    "isFile" : false,
    "isBoolean" : false,
    "isDate" : false,
    "isDateTime" : true,
    "isUuid" : false,
    "isListContainer" : false,
    "isMapContainer" : false,
    "isEnum" : false,
    "isReadOnly" : false,
    "vendorExtensions" : { },
    "hasValidation" : false,
    "isInherited" : false,
    "nameInCamelCase" : "CreatedAt",
    "isXmlAttribute" : false,
    "isXmlWrapped" : false
  } ],
  "allVars" : [ {
    "baseName" : "id",
    "getter" : "getId",
    "setter" : "setId",
    "datatype" : "Long",
    "datatypeWithEnum" : "Long",
    "dataFormat" : "int64",
    "name" : "id",
    "defaultValue" : "null",
    "defaultValueWithParam" : " = data.id;",
    "baseType" : "Long",
    "jsonSchema" : "{\n  \"type\" : \"integer\",\n  \"format\" : \"int64\"\n}",
    "exclusiveMinimum" : false,
    "exclusiveMaximum" : false,
    "hasMore" : true,
    "required" : true,
    "secondaryParam" : false,
    "hasMoreNonReadOnly" : true,
    "isPrimitiveType" : true,
    "isContainer" : false,
    "isNotContainer" : true,
    "isString" : false,
    "isNumeric" : true,
    "isInteger" : false,
    "isLong" : true,
    "isNumber" : false,
    "isFloat" : false,
    "isDouble" : false,
    "isByteArray" : false,
    "isBinary" : false,
    "isFile" : false,
    "isBoolean" : false,
    "isDate" : false,
    "isDateTime" : false,
    "isUuid" : false,
    "isListContainer" : false,
    "isMapContainer" : false,
    "isEnum" : false,
    "isReadOnly" : false,
    "vendorExtensions" : { },
    "hasValidation" : false,
    "isInherited" : false,
    "nameInCamelCase" : "Id",
    "isXmlAttribute" : false,
    "isXmlWrapped" : false
  }, {
    "baseName" : "theDate",
    "complexType" : "LocalDate",
    "getter" : "getTheDate",
    "setter" : "setTheDate",
    "datatype" : "LocalDate",
    "datatypeWithEnum" : "LocalDate",
    "dataFormat" : "date",
    "name" : "theDate",
    "defaultValue" : "null",
    "defaultValueWithParam" : " = data.theDate;",
    "baseType" : "LocalDate",
    "jsonSchema" : "{\n  \"type\" : \"string\",\n  \"format\" : \"date\"\n}",
    "exclusiveMinimum" : false,
    "exclusiveMaximum" : false,
    "hasMore" : true,
    "required" : false,
    "secondaryParam" : false,
    "hasMoreNonReadOnly" : true,
    "isPrimitiveType" : false,
    "isContainer" : false,
    "isNotContainer" : true,
    "isString" : false,
    "isNumeric" : false,
    "isInteger" : false,
    "isLong" : false,
    "isNumber" : false,
    "isFloat" : false,
    "isDouble" : false,
    "isByteArray" : false,
    "isBinary" : false,
    "isFile" : false,
    "isBoolean" : false,
    "isDate" : true,
    "isDateTime" : false,
    "isUuid" : false,
    "isListContainer" : false,
    "isMapContainer" : false,
    "isEnum" : false,
    "isReadOnly" : false,
    "vendorExtensions" : { },
    "hasValidation" : false,
    "isInherited" : false,
    "nameInCamelCase" : "TheDate",
    "isXmlAttribute" : false,
    "isXmlWrapped" : false
  }, {
    "baseName" : "createdAt",
    "complexType" : "OffsetDateTime",
    "getter" : "getCreatedAt",
    "setter" : "setCreatedAt",
    "datatype" : "OffsetDateTime",
    "datatypeWithEnum" : "OffsetDateTime",
    "dataFormat" : "date-time",
    "name" : "createdAt",
    "defaultValue" : "null",
    "defaultValueWithParam" : " = data.createdAt;",
    "baseType" : "OffsetDateTime",
    "jsonSchema" : "{\n  \"type\" : \"string\",\n  \"format\" : \"date-time\"\n}",
    "exclusiveMinimum" : false,
    "exclusiveMaximum" : false,
    "hasMore" : false,
    "required" : false,
    "secondaryParam" : false,
    "hasMoreNonReadOnly" : false,
    "isPrimitiveType" : false,
    "isContainer" : false,
    "isNotContainer" : true,
    "isString" : false,
    "isNumeric" : false,
    "isInteger" : false,
    "isLong" : false,
    "isNumber" : false,
    "isFloat" : false,
    "isDouble" : false,
    "isByteArray" : false,
    "isBinary" : false,
    "isFile" : false,
    "isBoolean" : false,
    "isDate" : false,
    "isDateTime" : true,
    "isUuid" : false,
    "isListContainer" : false,
    "isMapContainer" : false,
    "isEnum" : false,
    "isReadOnly" : false,
    "vendorExtensions" : { },
    "hasValidation" : false,
    "isInherited" : false,
    "nameInCamelCase" : "CreatedAt",
    "isXmlAttribute" : false,
    "isXmlWrapped" : false
  } ],
  "parentVars" : [ ],
  "mandatory" : [ "id" ],
  "allMandatory" : [ "id" ],
  "imports" : [ "ApiModel", "ApiModelProperty", "JsonProperty", "LocalDate", "OffsetDateTime" ],
  "hasVars" : true,
  "emptyVars" : false,
  "hasMoreModels" : false,
  "hasEnums" : false,
  "isEnum" : false,
  "hasRequired" : true,
  "hasOptional" : true,
  "isArrayModel" : false,
  "hasChildren" : false,
  "hasOnlyReadOnly" : false,
  "vendorExtensions" : { }
}
Tests run: 583, Failures: 1, Errors: 0, Skipped: 3, Time elapsed: 21.493 sec <<< FAILURE! - in TestSuite
testNumberAsStrings(io.swagger.codegen.swaggeryaml.SwaggerYamlGeneratorTest)  Time elapsed: 0.073 sec  <<< FAILURE!
java.lang.AssertionError: expected [true] but found [false]
	at io.swagger.codegen.swaggeryaml.SwaggerYamlGeneratorTest.testNumberAsStrings(SwaggerYamlGeneratorTest.java:61)


Results :

Failed tests: 
  SwaggerYamlGeneratorTest.testNumberAsStrings:61 expected [true] but found [false]

Tests run: 583, Failures: 1, Errors: 0, Skipped: 3

[INFO] ------------------------------------------------------------------------
[INFO] Reactor Summary for swagger-codegen-project 2.4.0-SNAPSHOT:
[INFO] 
[INFO] swagger-codegen-project ............................ SUCCESS [  0.552 s]
[INFO] swagger-codegen (core library) ..................... FAILURE [ 24.735 s]
[INFO] swagger-codegen (executable) ....................... SKIPPED
[INFO] swagger-codegen (maven-plugin) ..................... SKIPPED
[INFO] swagger-generator .................................. SKIPPED
[INFO] ------------------------------------------------------------------------
[INFO] BUILD FAILURE
[INFO] ------------------------------------------------------------------------
[INFO] Total time:  25.823 s
[INFO] Finished at: 2022-08-18T11:52:54-07:00
[INFO] ------------------------------------------------------------------------
[ERROR] Failed to execute goal org.apache.maven.plugins:maven-surefire-plugin:2.19.1:test (test-testng) on project swagger-codegen: There are test failures.
[ERROR] 
[ERROR] Please refer to /On-the-Reproducibility/section-2/reproducibility-scanner/reproducer/workspace/Bears-187/modules/swagger-codegen/target/surefire-reports for the individual test results.
[ERROR] -> [Help 1]
[ERROR] 
[ERROR] To see the full stack trace of the errors, re-run Maven with the -e switch.
[ERROR] Re-run Maven using the -X switch to enable full debug logging.
[ERROR] 
[ERROR] For more information about the errors and possible solutions, please read the following articles:
[ERROR] [Help 1] http://cwiki.apache.org/confluence/display/MAVEN/MojoFailureException
[ERROR] 
[ERROR] After correcting the problems, you can resume the build with the command
[ERROR]   mvn <args> -rf :swagger-codegen
Running the tests related to the bug Bears-187...
The tests related to the bug Bears-187 were executed.