Apache Maven 3.6.3
Maven home: /usr/share/maven
Java version: 1.8.0_342, vendor: Private Build, runtime: /usr/lib/jvm/java-8-openjdk-amd64/jre
Default locale: en_US, platform encoding: UTF-8
OS name: "linux", version: "5.15.0-41-generic", arch: "amd64", family: "unix"
[INFO] Scanning for projects...
[INFO] 
[INFO] --------------< io.opentracing.contrib:opentracing-p6spy >--------------
[INFO] Building io.opentracing.contrib:opentracing-p6spy 0.2.1-SNAPSHOT
[INFO] --------------------------------[ jar ]---------------------------------
[INFO] 
[INFO] --- jacoco-maven-plugin:0.8.1:prepare-agent (prepare-agent) @ opentracing-p6spy ---
[INFO] argLine set to -javaagent:/root/.m2/repository/org/jacoco/org.jacoco.agent/0.8.1/org.jacoco.agent-0.8.1-runtime.jar=destfile=/On-the-Reproducibility/section-2/reproducibility-scanner/reproducer/workspace/Bears-230/target/jacoco.exec
[INFO] 
[INFO] --- maven-resources-plugin:2.6:resources (default-resources) @ opentracing-p6spy ---
[INFO] Using 'UTF-8' encoding to copy filtered resources.
[INFO] skip non existing resourceDirectory /On-the-Reproducibility/section-2/reproducibility-scanner/reproducer/workspace/Bears-230/src/main/resources
[INFO] 
[INFO] --- maven-compiler-plugin:3.7.0:compile (default-compile) @ opentracing-p6spy ---
[INFO] Nothing to compile - all classes are up to date
[INFO] 
[INFO] --- license-maven-plugin:3.0:check (default) @ opentracing-p6spy ---
[INFO] 
[INFO] --- maven-resources-plugin:2.6:testResources (default-testResources) @ opentracing-p6spy ---
[INFO] Using 'UTF-8' encoding to copy filtered resources.
[INFO] Copying 4 resources
[INFO] 
[INFO] --- maven-compiler-plugin:3.7.0:testCompile (default-testCompile) @ opentracing-p6spy ---
[INFO] Nothing to compile - all classes are up to date
[INFO] 
[INFO] --- maven-surefire-plugin:2.20.1:test (default-test) @ opentracing-p6spy ---
[INFO] 
[INFO] -------------------------------------------------------
[INFO]  T E S T S
[INFO] -------------------------------------------------------
[INFO] Running io.opentracing.contrib.p6spy.JdbcTest
[ERROR] Tests run: 5, Failures: 0, Errors: 1, Skipped: 0, Time elapsed: 2.739 s <<< FAILURE! - in io.opentracing.contrib.p6spy.JdbcTest
[ERROR] should_report_one_span_with_null_url(io.opentracing.contrib.p6spy.JdbcTest)  Time elapsed: 0.009 s  <<< ERROR!
java.lang.NullPointerException
	at io.opentracing.contrib.p6spy.JdbcTest.simulateExecuteQuery(JdbcTest.java:118)
	at io.opentracing.contrib.p6spy.JdbcTest.should_report_one_span_with_null_url(JdbcTest.java:67)

[INFO] Running io.opentracing.contrib.p6spy.SpringTest
[INFO] Tests run: 3, Failures: 0, Errors: 0, Skipped: 0, Time elapsed: 1.076 s - in io.opentracing.contrib.p6spy.SpringTest
[INFO] Running io.opentracing.contrib.p6spy.HibernateTest
Hibernate: drop table Employee if exists
Hibernate: drop sequence if exists hibernate_sequence
Hibernate: create sequence hibernate_sequence start with 1 increment by 1
Hibernate: create table Employee (id bigint not null, primary key (id))
Hibernate: call next value for hibernate_sequence
Hibernate: insert into Employee (id) values (?)
Hibernate: drop table Employee if exists
Hibernate: drop sequence if exists hibernate_sequence
Hibernate: drop table Employee if exists
Hibernate: drop sequence if exists hibernate_sequence
Hibernate: create sequence hibernate_sequence start with 1 increment by 1
Hibernate: create table Employee (id bigint not null, primary key (id))
Hibernate: call next value for hibernate_sequence
Hibernate: insert into Employee (id) values (?)
Hibernate: drop table Employee if exists
Hibernate: drop sequence if exists hibernate_sequence
Hibernate: drop table Employee if exists
Hibernate: drop sequence if exists hibernate_sequence
Hibernate: create sequence hibernate_sequence start with 1 increment by 1
Hibernate: create table Employee (id bigint not null, primary key (id))
Hibernate: call next value for hibernate_sequence
Hibernate: insert into Employee (id) values (?)
Hibernate: drop table Employee if exists
Hibernate: drop sequence if exists hibernate_sequence
Hibernate: drop table Employee if exists
Hibernate: drop sequence if exists hibernate_sequence
Hibernate: create sequence hibernate_sequence start with 1 increment by 1
Hibernate: create table Employee (id bigint not null, primary key (id))
Hibernate: call next value for hibernate_sequence
Hibernate: insert into Employee (id) values (?)
Hibernate: drop table Employee if exists
Hibernate: drop sequence if exists hibernate_sequence
Hibernate: drop table Employee if exists
Hibernate: drop sequence if exists hibernate_sequence
Hibernate: create sequence hibernate_sequence start with 1 increment by 1
Hibernate: create table Employee (id bigint not null, primary key (id))
Hibernate: call next value for hibernate_sequence
Hibernate: insert into Employee (id) values (?)
Hibernate: drop table Employee if exists
Hibernate: drop sequence if exists hibernate_sequence
Hibernate: drop table Employee if exists
Hibernate: drop sequence if exists hibernate_sequence
Hibernate: create sequence hibernate_sequence start with 1 increment by 1
Hibernate: create table Employee (id bigint not null, primary key (id))
Hibernate: call next value for hibernate_sequence
Hibernate: insert into Employee (id) values (?)
Hibernate: drop table Employee if exists
Hibernate: drop sequence if exists hibernate_sequence
Hibernate: drop table Employee if exists
Hibernate: drop sequence if exists hibernate_sequence
Hibernate: create sequence hibernate_sequence start with 1 increment by 1
Hibernate: create table Employee (id bigint not null, primary key (id))
Hibernate: call next value for hibernate_sequence
Hibernate: insert into Employee (id) values (?)
Hibernate: drop table Employee if exists
Hibernate: drop sequence if exists hibernate_sequence
Hibernate: drop table Employee if exists
Hibernate: drop sequence if exists hibernate_sequence
Hibernate: create sequence hibernate_sequence start with 1 increment by 1
Hibernate: create table Employee (id bigint not null, primary key (id))
Hibernate: call next value for hibernate_sequence
Hibernate: insert into Employee (id) values (?)
Hibernate: drop table Employee if exists
Hibernate: drop sequence if exists hibernate_sequence
[INFO] Tests run: 11, Failures: 0, Errors: 0, Skipped: 0, Time elapsed: 3.694 s - in io.opentracing.contrib.p6spy.HibernateTest
[INFO] 
[INFO] Results:
[INFO] 
[ERROR] Errors: 
[ERROR]   JdbcTest.should_report_one_span_with_null_url:67->simulateExecuteQuery:118 Â» NullPointer
[INFO] 
[ERROR] Tests run: 19, Failures: 0, Errors: 1, Skipped: 0
[INFO] 
[INFO] ------------------------------------------------------------------------
[INFO] BUILD FAILURE
[INFO] ------------------------------------------------------------------------
[INFO] Total time:  12.830 s
[INFO] Finished at: 2022-08-18T14:17:59-07:00
[INFO] ------------------------------------------------------------------------
[ERROR] Failed to execute goal org.apache.maven.plugins:maven-surefire-plugin:2.20.1:test (default-test) on project opentracing-p6spy: There are test failures.
[ERROR] 
[ERROR] Please refer to /On-the-Reproducibility/section-2/reproducibility-scanner/reproducer/workspace/Bears-230/target/surefire-reports for the individual test results.
[ERROR] Please refer to dump files (if any exist) [date]-jvmRun[N].dump, [date].dumpstream and [date]-jvmRun[N].dumpstream.
[ERROR] -> [Help 1]
[ERROR] 
[ERROR] To see the full stack trace of the errors, re-run Maven with the -e switch.
[ERROR] Re-run Maven using the -X switch to enable full debug logging.
[ERROR] 
[ERROR] For more information about the errors and possible solutions, please read the following articles:
[ERROR] [Help 1] http://cwiki.apache.org/confluence/display/MAVEN/MojoFailureException
Running the tests related to the bug Bears-230...
The tests related to the bug Bears-230 were executed.