[[1;34mINFO[m] Scanning for projects...
[[1;34mINFO[m] [1m------------------------------------------------------------------------[m
[[1;34mINFO[m] [1mReactor Build Order:[m
[[1;34mINFO[m] 
[[1;34mINFO[m] Oak Parent POM                                                     [pom]
[[1;34mINFO[m] Oak Commons                                                     [bundle]
[[1;34mINFO[m] Oak MicroKernel API                                             [bundle]
[[1;34mINFO[m] Oak MicroKernel                                                 [bundle]
[[1;34mINFO[m] Oak MicroKernel Remoting                                        [bundle]
[[1;34mINFO[m] Oak Mongo MicroKernel                                           [bundle]
[[1;34mINFO[m] Oak Integration Tests for MicroKernel implementations              [jar]
[[1;34mINFO[m] Oak Core                                                        [bundle]
[[1;34mINFO[m] Oak JCR Binding                                                 [bundle]
[[1;34mINFO[m] Oak support for Apache Sling                                    [bundle]
[[1;34mINFO[m] Oak HTTP Binding                                                [bundle]
[[1;34mINFO[m] Oak Lucene                                                      [bundle]
[[1;34mINFO[m] Oak Solr core                                                   [bundle]
[[1;34mINFO[m] Oak Solr remote                                                 [bundle]
[[1;34mINFO[m] Oak Solr embedded                                               [bundle]
[[1;34mINFO[m] Oak Runnable Jar                                                   [jar]
[[1;34mINFO[m] Oak Integration Tests for OSGi deployments                         [jar]
[[1;34mINFO[m] Oak Integration Tests                                              [pom]
[[1;34mINFO[m] Jackrabbit Oak                                                     [pom]
[[1;34mINFO[m] oak-mk-perf                                                        [jar]
[[1;34mINFO[m] 
[[1;34mINFO[m] [1m------------------< [0;36morg.apache.jackrabbit:oak-parent[0;1m >------------------[m
[[1;34mINFO[m] [1mBuilding Oak Parent POM 0.7-SNAPSHOT                              [1/20][m
[[1;34mINFO[m] [1m--------------------------------[ pom ]---------------------------------[m
[[1;34mINFO[m] 
[[1;34mINFO[m] [1m--- [0;32mmaven-remote-resources-plugin:1.2.1:process[m [1m(default)[m @ [36moak-parent[0;1m ---[m
[[1;34mINFO[m] 
[[1;34mINFO[m] [1m--- [0;32mmaven-site-plugin:3.0:attach-descriptor[m [1m(attach-descriptor)[m @ [36moak-parent[0;1m ---[m
[[1;34mINFO[m] 
[[1;34mINFO[m] [1m--- [0;32mmaven-install-plugin:2.3.1:install[m [1m(default-install)[m @ [36moak-parent[0;1m ---[m
[[1;34mINFO[m] Installing /home/user/Reproducibility-Scanner/benchmarks/bugs-dot-jar/jackrabbit-oak/oak-parent/pom.xml to /home/user/.m2/repository/org/apache/jackrabbit/oak-parent/0.7-SNAPSHOT/oak-parent-0.7-SNAPSHOT.pom
[[1;34mINFO[m] 
[[1;34mINFO[m] [1m-----------------< [0;36morg.apache.jackrabbit:oak-commons[0;1m >------------------[m
[[1;34mINFO[m] [1mBuilding Oak Commons 0.7-SNAPSHOT                                 [2/20][m
[[1;34mINFO[m] [1m-------------------------------[ bundle ]-------------------------------[m
[[1;34mINFO[m] 
[[1;34mINFO[m] [1m--- [0;32mmaven-remote-resources-plugin:1.2.1:process[m [1m(default)[m @ [36moak-commons[0;1m ---[m
[[1;34mINFO[m] 
[[1;34mINFO[m] [1m--- [0;32mmaven-resources-plugin:2.5:resources[m [1m(default-resources)[m @ [36moak-commons[0;1m ---[m
[debug] execute contextualize
[[1;34mINFO[m] Using 'UTF-8' encoding to copy filtered resources.
[[1;34mINFO[m] skip non existing resourceDirectory /home/user/Reproducibility-Scanner/benchmarks/bugs-dot-jar/jackrabbit-oak/oak-commons/src/main/resources
[[1;34mINFO[m] Copying 3 resources
[[1;34mINFO[m] 
[[1;34mINFO[m] [1m--- [0;32mmaven-compiler-plugin:2.3.2:compile[m [1m(default-compile)[m @ [36moak-commons[0;1m ---[m
[[1;34mINFO[m] Compiling 1 source file to /home/user/Reproducibility-Scanner/benchmarks/bugs-dot-jar/jackrabbit-oak/oak-commons/target/classes
[[1;34mINFO[m] 
[[1;34mINFO[m] [1m--- [0;32mmaven-resources-plugin:2.5:testResources[m [1m(default-testResources)[m @ [36moak-commons[0;1m ---[m
[debug] execute contextualize
[[1;34mINFO[m] Using 'UTF-8' encoding to copy filtered resources.
[[1;34mINFO[m] skip non existing resourceDirectory /home/user/Reproducibility-Scanner/benchmarks/bugs-dot-jar/jackrabbit-oak/oak-commons/src/test/resources
[[1;34mINFO[m] Copying 3 resources
[[1;34mINFO[m] 
[[1;34mINFO[m] [1m--- [0;32mmaven-compiler-plugin:2.3.2:testCompile[m [1m(default-testCompile)[m @ [36moak-commons[0;1m ---[m
[[1;34mINFO[m] Compiling 1 source file to /home/user/Reproducibility-Scanner/benchmarks/bugs-dot-jar/jackrabbit-oak/oak-commons/target/test-classes
[[1;34mINFO[m] 
[[1;34mINFO[m] [1m--- [0;32mmaven-surefire-plugin:2.9:test[m [1m(default-test)[m @ [36moak-commons[0;1m ---[m
[[1;34mINFO[m] Tests are skipped.
[[1;34mINFO[m] 
[[1;34mINFO[m] [1m--- [0;32mmaven-bundle-plugin:2.3.7:bundle[m [1m(default-bundle)[m @ [36moak-commons[0;1m ---[m
[[1;34mINFO[m] 
[[1;34mINFO[m] [1m--- [0;32mmaven-site-plugin:3.0:attach-descriptor[m [1m(attach-descriptor)[m @ [36moak-commons[0;1m ---[m
[[1;34mINFO[m] 
[[1;34mINFO[m] [1m--- [0;32mmaven-install-plugin:2.3.1:install[m [1m(default-install)[m @ [36moak-commons[0;1m ---[m
[[1;34mINFO[m] Installing /home/user/Reproducibility-Scanner/benchmarks/bugs-dot-jar/jackrabbit-oak/oak-commons/target/oak-commons-0.7-SNAPSHOT.jar to /home/user/.m2/repository/org/apache/jackrabbit/oak-commons/0.7-SNAPSHOT/oak-commons-0.7-SNAPSHOT.jar
[[1;34mINFO[m] Installing /home/user/Reproducibility-Scanner/benchmarks/bugs-dot-jar/jackrabbit-oak/oak-commons/pom.xml to /home/user/.m2/repository/org/apache/jackrabbit/oak-commons/0.7-SNAPSHOT/oak-commons-0.7-SNAPSHOT.pom
[[1;34mINFO[m] 
[[1;34mINFO[m] [1m--- [0;32mmaven-bundle-plugin:2.3.7:install[m [1m(default-install)[m @ [36moak-commons[0;1m ---[m
[[1;34mINFO[m] Local OBR update disabled (enable with -DobrRepository)
[[1;34mINFO[m] 
[[1;34mINFO[m] [1m------------------< [0;36morg.apache.jackrabbit:oak-mk-api[0;1m >------------------[m
[[1;34mINFO[m] [1mBuilding Oak MicroKernel API 0.7-SNAPSHOT                         [3/20][m
[[1;34mINFO[m] [1m-------------------------------[ bundle ]-------------------------------[m
[[1;34mINFO[m] 
[[1;34mINFO[m] [1m--- [0;32mmaven-remote-resources-plugin:1.2.1:process[m [1m(default)[m @ [36moak-mk-api[0;1m ---[m
[[1;34mINFO[m] 
[[1;34mINFO[m] [1m--- [0;32mmaven-resources-plugin:2.5:resources[m [1m(default-resources)[m @ [36moak-mk-api[0;1m ---[m
[debug] execute contextualize
[[1;34mINFO[m] Using 'UTF-8' encoding to copy filtered resources.
[[1;34mINFO[m] skip non existing resourceDirectory /home/user/Reproducibility-Scanner/benchmarks/bugs-dot-jar/jackrabbit-oak/oak-mk-api/src/main/resources
[[1;34mINFO[m] Copying 3 resources
[[1;34mINFO[m] 
[[1;34mINFO[m] [1m--- [0;32mmaven-compiler-plugin:2.3.2:compile[m [1m(default-compile)[m @ [36moak-mk-api[0;1m ---[m
[[1;34mINFO[m] Compiling 3 source files to /home/user/Reproducibility-Scanner/benchmarks/bugs-dot-jar/jackrabbit-oak/oak-mk-api/target/classes
[[1;34mINFO[m] 
[[1;34mINFO[m] [1m--- [0;32mmaven-scr-plugin:1.9.0:scr[m [1m(generate-scr-scrdescriptor)[m @ [36moak-mk-api[0;1m ---[m
[[1;34mINFO[m] 
[[1;34mINFO[m] [1m--- [0;32mmaven-resources-plugin:2.5:testResources[m [1m(default-testResources)[m @ [36moak-mk-api[0;1m ---[m
[debug] execute contextualize
[[1;34mINFO[m] Using 'UTF-8' encoding to copy filtered resources.
[[1;34mINFO[m] skip non existing resourceDirectory /home/user/Reproducibility-Scanner/benchmarks/bugs-dot-jar/jackrabbit-oak/oak-mk-api/src/test/resources
[[1;34mINFO[m] Copying 3 resources
[[1;34mINFO[m] 
[[1;34mINFO[m] [1m--- [0;32mmaven-compiler-plugin:2.3.2:testCompile[m [1m(default-testCompile)[m @ [36moak-mk-api[0;1m ---[m
[[1;34mINFO[m] No sources to compile
[[1;34mINFO[m] 
[[1;34mINFO[m] [1m--- [0;32mmaven-surefire-plugin:2.9:test[m [1m(default-test)[m @ [36moak-mk-api[0;1m ---[m
[[1;34mINFO[m] Tests are skipped.
[[1;34mINFO[m] 
[[1;34mINFO[m] [1m--- [0;32mmaven-bundle-plugin:2.3.7:bundle[m [1m(default-bundle)[m @ [36moak-mk-api[0;1m ---[m
[[1;34mINFO[m] 
[[1;34mINFO[m] [1m--- [0;32mmaven-site-plugin:3.0:attach-descriptor[m [1m(attach-descriptor)[m @ [36moak-mk-api[0;1m ---[m
[[1;34mINFO[m] 
[[1;34mINFO[m] [1m--- [0;32mmaven-install-plugin:2.3.1:install[m [1m(default-install)[m @ [36moak-mk-api[0;1m ---[m
[[1;34mINFO[m] Installing /home/user/Reproducibility-Scanner/benchmarks/bugs-dot-jar/jackrabbit-oak/oak-mk-api/target/oak-mk-api-0.7-SNAPSHOT.jar to /home/user/.m2/repository/org/apache/jackrabbit/oak-mk-api/0.7-SNAPSHOT/oak-mk-api-0.7-SNAPSHOT.jar
[[1;34mINFO[m] Installing /home/user/Reproducibility-Scanner/benchmarks/bugs-dot-jar/jackrabbit-oak/oak-mk-api/pom.xml to /home/user/.m2/repository/org/apache/jackrabbit/oak-mk-api/0.7-SNAPSHOT/oak-mk-api-0.7-SNAPSHOT.pom
[[1;34mINFO[m] 
[[1;34mINFO[m] [1m--- [0;32mmaven-bundle-plugin:2.3.7:install[m [1m(default-install)[m @ [36moak-mk-api[0;1m ---[m
[[1;34mINFO[m] Local OBR update disabled (enable with -DobrRepository)
[[1;34mINFO[m] 
[[1;34mINFO[m] [1m--------------------< [0;36morg.apache.jackrabbit:oak-mk[0;1m >--------------------[m
[[1;34mINFO[m] [1mBuilding Oak MicroKernel 0.7-SNAPSHOT                             [4/20][m
[[1;34mINFO[m] [1m-------------------------------[ bundle ]-------------------------------[m
[[1;34mINFO[m] 
[[1;34mINFO[m] [1m--- [0;32mmaven-remote-resources-plugin:1.2.1:process[m [1m(default)[m @ [36moak-mk[0;1m ---[m
[[1;34mINFO[m] 
[[1;34mINFO[m] [1m--- [0;32mmaven-resources-plugin:2.5:resources[m [1m(default-resources)[m @ [36moak-mk[0;1m ---[m
[debug] execute contextualize
[[1;34mINFO[m] Using 'UTF-8' encoding to copy filtered resources.
[[1;34mINFO[m] skip non existing resourceDirectory /home/user/Reproducibility-Scanner/benchmarks/bugs-dot-jar/jackrabbit-oak/oak-mk/src/main/resources
[[1;34mINFO[m] Copying 3 resources
[[1;34mINFO[m] 
[[1;34mINFO[m] [1m--- [0;32mmaven-compiler-plugin:2.3.2:compile[m [1m(default-compile)[m @ [36moak-mk[0;1m ---[m
[[1;34mINFO[m] Compiling 74 source files to /home/user/Reproducibility-Scanner/benchmarks/bugs-dot-jar/jackrabbit-oak/oak-mk/target/classes
[[1;34mINFO[m] 
[[1;34mINFO[m] [1m--- [0;32mmaven-scr-plugin:1.9.0:scr[m [1m(generate-scr-scrdescriptor)[m @ [36moak-mk[0;1m ---[m
[[1;34mINFO[m] Writing 1 Service Component Descriptors to /home/user/Reproducibility-Scanner/benchmarks/bugs-dot-jar/jackrabbit-oak/oak-mk/target/scr-plugin-generated/OSGI-INF/org.apache.jackrabbit.mk.osgi.MicroKernelService.xml
[[1;34mINFO[m] 
[[1;34mINFO[m] [1m--- [0;32mmaven-resources-plugin:2.5:testResources[m [1m(default-testResources)[m @ [36moak-mk[0;1m ---[m
[debug] execute contextualize
[[1;34mINFO[m] Using 'UTF-8' encoding to copy filtered resources.
[[1;34mINFO[m] Copying 1 resource
[[1;34mINFO[m] Copying 3 resources
[[1;34mINFO[m] 
[[1;34mINFO[m] [1m--- [0;32mmaven-compiler-plugin:2.3.2:testCompile[m [1m(default-testCompile)[m @ [36moak-mk[0;1m ---[m
[[1;34mINFO[m] Compiling 21 source files to /home/user/Reproducibility-Scanner/benchmarks/bugs-dot-jar/jackrabbit-oak/oak-mk/target/test-classes
[[1;34mINFO[m] 
[[1;34mINFO[m] [1m--- [0;32mmaven-surefire-plugin:2.9:test[m [1m(default-test)[m @ [36moak-mk[0;1m ---[m
[[1;34mINFO[m] Tests are skipped.
[[1;34mINFO[m] 
[[1;34mINFO[m] [1m--- [0;32mmaven-bundle-plugin:2.3.7:bundle[m [1m(default-bundle)[m @ [36moak-mk[0;1m ---[m
[[1;34mINFO[m] 
[[1;34mINFO[m] [1m--- [0;32mmaven-site-plugin:3.0:attach-descriptor[m [1m(attach-descriptor)[m @ [36moak-mk[0;1m ---[m
[[1;34mINFO[m] 
[[1;34mINFO[m] [1m--- [0;32mmaven-install-plugin:2.3.1:install[m [1m(default-install)[m @ [36moak-mk[0;1m ---[m
[[1;34mINFO[m] Installing /home/user/Reproducibility-Scanner/benchmarks/bugs-dot-jar/jackrabbit-oak/oak-mk/target/oak-mk-0.7-SNAPSHOT.jar to /home/user/.m2/repository/org/apache/jackrabbit/oak-mk/0.7-SNAPSHOT/oak-mk-0.7-SNAPSHOT.jar
[[1;34mINFO[m] Installing /home/user/Reproducibility-Scanner/benchmarks/bugs-dot-jar/jackrabbit-oak/oak-mk/pom.xml to /home/user/.m2/repository/org/apache/jackrabbit/oak-mk/0.7-SNAPSHOT/oak-mk-0.7-SNAPSHOT.pom
[[1;34mINFO[m] 
[[1;34mINFO[m] [1m--- [0;32mmaven-bundle-plugin:2.3.7:install[m [1m(default-install)[m @ [36moak-mk[0;1m ---[m
[[1;34mINFO[m] Local OBR update disabled (enable with -DobrRepository)
[[1;34mINFO[m] 
[[1;34mINFO[m] [1m----------------< [0;36morg.apache.jackrabbit:oak-mk-remote[0;1m >-----------------[m
[[1;34mINFO[m] [1mBuilding Oak MicroKernel Remoting 0.7-SNAPSHOT                    [5/20][m
[[1;34mINFO[m] [1m-------------------------------[ bundle ]-------------------------------[m
[[1;34mINFO[m] 
[[1;34mINFO[m] [1m--- [0;32mmaven-remote-resources-plugin:1.2.1:process[m [1m(default)[m @ [36moak-mk-remote[0;1m ---[m
[[1;34mINFO[m] 
[[1;34mINFO[m] [1m--- [0;32mmaven-resources-plugin:2.5:resources[m [1m(default-resources)[m @ [36moak-mk-remote[0;1m ---[m
[debug] execute contextualize
[[1;34mINFO[m] Using 'UTF-8' encoding to copy filtered resources.
[[1;34mINFO[m] Copying 20 resources
[[1;34mINFO[m] Copying 3 resources
[[1;34mINFO[m] 
[[1;34mINFO[m] [1m--- [0;32mmaven-compiler-plugin:2.3.2:compile[m [1m(default-compile)[m @ [36moak-mk-remote[0;1m ---[m
[[1;34mINFO[m] Compiling 15 source files to /home/user/Reproducibility-Scanner/benchmarks/bugs-dot-jar/jackrabbit-oak/oak-mk-remote/target/classes
[[1;34mINFO[m] 
[[1;34mINFO[m] [1m--- [0;32mmaven-scr-plugin:1.9.0:scr[m [1m(generate-scr-scrdescriptor)[m @ [36moak-mk-remote[0;1m ---[m
[[1;34mINFO[m] 
[[1;34mINFO[m] [1m--- [0;32mmaven-resources-plugin:2.5:testResources[m [1m(default-testResources)[m @ [36moak-mk-remote[0;1m ---[m
[debug] execute contextualize
[[1;34mINFO[m] Using 'UTF-8' encoding to copy filtered resources.
[[1;34mINFO[m] skip non existing resourceDirectory /home/user/Reproducibility-Scanner/benchmarks/bugs-dot-jar/jackrabbit-oak/oak-mk-remote/src/test/resources
[[1;34mINFO[m] Copying 3 resources
[[1;34mINFO[m] 
[[1;34mINFO[m] [1m--- [0;32mmaven-compiler-plugin:2.3.2:testCompile[m [1m(default-testCompile)[m @ [36moak-mk-remote[0;1m ---[m
[[1;34mINFO[m] Compiling 1 source file to /home/user/Reproducibility-Scanner/benchmarks/bugs-dot-jar/jackrabbit-oak/oak-mk-remote/target/test-classes
[[1;34mINFO[m] 
[[1;34mINFO[m] [1m--- [0;32mmaven-surefire-plugin:2.9:test[m [1m(default-test)[m @ [36moak-mk-remote[0;1m ---[m
[[1;34mINFO[m] Tests are skipped.
[[1;34mINFO[m] 
[[1;34mINFO[m] [1m--- [0;32mmaven-bundle-plugin:2.3.7:bundle[m [1m(default-bundle)[m @ [36moak-mk-remote[0;1m ---[m
[[1;34mINFO[m] 
[[1;34mINFO[m] [1m--- [0;32mmaven-site-plugin:3.0:attach-descriptor[m [1m(attach-descriptor)[m @ [36moak-mk-remote[0;1m ---[m
[[1;34mINFO[m] 
[[1;34mINFO[m] [1m--- [0;32mmaven-install-plugin:2.3.1:install[m [1m(default-install)[m @ [36moak-mk-remote[0;1m ---[m
[[1;34mINFO[m] Installing /home/user/Reproducibility-Scanner/benchmarks/bugs-dot-jar/jackrabbit-oak/oak-mk-remote/target/oak-mk-remote-0.7-SNAPSHOT.jar to /home/user/.m2/repository/org/apache/jackrabbit/oak-mk-remote/0.7-SNAPSHOT/oak-mk-remote-0.7-SNAPSHOT.jar
[[1;34mINFO[m] Installing /home/user/Reproducibility-Scanner/benchmarks/bugs-dot-jar/jackrabbit-oak/oak-mk-remote/pom.xml to /home/user/.m2/repository/org/apache/jackrabbit/oak-mk-remote/0.7-SNAPSHOT/oak-mk-remote-0.7-SNAPSHOT.pom
[[1;34mINFO[m] 
[[1;34mINFO[m] [1m--- [0;32mmaven-bundle-plugin:2.3.7:install[m [1m(default-install)[m @ [36moak-mk-remote[0;1m ---[m
[[1;34mINFO[m] Local OBR update disabled (enable with -DobrRepository)
[[1;34mINFO[m] 
[[1;34mINFO[m] [1m-----------------< [0;36morg.apache.jackrabbit:oak-mongomk[0;1m >------------------[m
[[1;34mINFO[m] [1mBuilding Oak Mongo MicroKernel 0.7-SNAPSHOT                       [6/20][m
[[1;34mINFO[m] [1m-------------------------------[ bundle ]-------------------------------[m
[[1;33mWARNING[m] The POM for com.jamonapi:jamon:jar:2.4 is missing, no dependency information available
[[1;34mINFO[m] 
[[1;34mINFO[m] [1m--- [0;32mmaven-remote-resources-plugin:1.2.1:process[m [1m(default)[m @ [36moak-mongomk[0;1m ---[m
[[1;33mWARNING[m] Missing POM for com.jamonapi:jamon:jar:2.4
[[1;34mINFO[m] 
[[1;34mINFO[m] [1m--- [0;32mmaven-resources-plugin:2.5:resources[m [1m(default-resources)[m @ [36moak-mongomk[0;1m ---[m
[debug] execute contextualize
[[1;34mINFO[m] Using 'UTF-8' encoding to copy filtered resources.
[[1;34mINFO[m] Copying 1 resource
[[1;34mINFO[m] Copying 3 resources
[[1;34mINFO[m] 
[[1;34mINFO[m] [1m--- [0;32mmaven-compiler-plugin:2.3.2:compile[m [1m(default-compile)[m @ [36moak-mongomk[0;1m ---[m
[[1;34mINFO[m] Compiling 76 source files to /home/user/Reproducibility-Scanner/benchmarks/bugs-dot-jar/jackrabbit-oak/oak-mongomk/target/classes
[[1;34mINFO[m] 
[[1;34mINFO[m] [1m--- [0;32mmaven-scr-plugin:1.9.0:scr[m [1m(generate-scr-scrdescriptor)[m @ [36moak-mongomk[0;1m ---[m
[[1;34mINFO[m] Generating 1 MetaType Descriptor in /home/user/Reproducibility-Scanner/benchmarks/bugs-dot-jar/jackrabbit-oak/oak-mongomk/target/scr-plugin-generated/OSGI-INF/metatype/org.apache.jackrabbit.mongomk.osgi.MongoMicroKernelService.xml
[[1;34mINFO[m] Writing 1 Service Component Descriptors to /home/user/Reproducibility-Scanner/benchmarks/bugs-dot-jar/jackrabbit-oak/oak-mongomk/target/scr-plugin-generated/OSGI-INF/org.apache.jackrabbit.mongomk.osgi.MongoMicroKernelService.xml
[[1;34mINFO[m] 
[[1;34mINFO[m] [1m--- [0;32mmaven-resources-plugin:2.5:testResources[m [1m(default-testResources)[m @ [36moak-mongomk[0;1m ---[m
[debug] execute contextualize
[[1;34mINFO[m] Using 'UTF-8' encoding to copy filtered resources.
[[1;34mINFO[m] Copying 2 resources
[[1;34mINFO[m] Copying 3 resources
[[1;34mINFO[m] 
[[1;34mINFO[m] [1m--- [0;32mmaven-compiler-plugin:2.3.2:testCompile[m [1m(default-testCompile)[m @ [36moak-mongomk[0;1m ---[m
[[1;34mINFO[m] Compiling 57 source files to /home/user/Reproducibility-Scanner/benchmarks/bugs-dot-jar/jackrabbit-oak/oak-mongomk/target/test-classes
[[1;34mINFO[m] 
[[1;34mINFO[m] [1m--- [0;32mmaven-surefire-plugin:2.9:test[m [1m(default-test)[m @ [36moak-mongomk[0;1m ---[m
[[1;34mINFO[m] Tests are skipped.
[[1;34mINFO[m] 
[[1;34mINFO[m] [1m--- [0;32mmaven-bundle-plugin:2.3.7:bundle[m [1m(default-bundle)[m @ [36moak-mongomk[0;1m ---[m
[[1;34mINFO[m] 
[[1;34mINFO[m] [1m--- [0;32mmaven-site-plugin:3.0:attach-descriptor[m [1m(attach-descriptor)[m @ [36moak-mongomk[0;1m ---[m
[[1;34mINFO[m] 
[[1;34mINFO[m] [1m--- [0;32mmaven-install-plugin:2.3.1:install[m [1m(default-install)[m @ [36moak-mongomk[0;1m ---[m
[[1;34mINFO[m] Installing /home/user/Reproducibility-Scanner/benchmarks/bugs-dot-jar/jackrabbit-oak/oak-mongomk/target/oak-mongomk-0.7-SNAPSHOT.jar to /home/user/.m2/repository/org/apache/jackrabbit/oak-mongomk/0.7-SNAPSHOT/oak-mongomk-0.7-SNAPSHOT.jar
[[1;34mINFO[m] Installing /home/user/Reproducibility-Scanner/benchmarks/bugs-dot-jar/jackrabbit-oak/oak-mongomk/pom.xml to /home/user/.m2/repository/org/apache/jackrabbit/oak-mongomk/0.7-SNAPSHOT/oak-mongomk-0.7-SNAPSHOT.pom
[[1;34mINFO[m] 
[[1;34mINFO[m] [1m--- [0;32mmaven-bundle-plugin:2.3.7:install[m [1m(default-install)[m @ [36moak-mongomk[0;1m ---[m
[[1;34mINFO[m] Local OBR update disabled (enable with -DobrRepository)
[[1;34mINFO[m] 
[[1;34mINFO[m] [1m------------------< [0;36morg.apache.jackrabbit:oak-it-mk[0;1m >-------------------[m
[[1;34mINFO[m] [1mBuilding Oak Integration Tests for MicroKernel implementations 0.7-SNAPSHOT [7/20][m
[[1;34mINFO[m] [1m--------------------------------[ jar ]---------------------------------[m
[[1;34mINFO[m] 
[[1;34mINFO[m] [1m--- [0;32mmaven-remote-resources-plugin:1.2.1:process[m [1m(default)[m @ [36moak-it-mk[0;1m ---[m
[[1;34mINFO[m] 
[[1;34mINFO[m] [1m--- [0;32mmaven-resources-plugin:2.5:resources[m [1m(default-resources)[m @ [36moak-it-mk[0;1m ---[m
[debug] execute contextualize
[[1;34mINFO[m] Using 'UTF-8' encoding to copy filtered resources.
[[1;34mINFO[m] skip non existing resourceDirectory /home/user/Reproducibility-Scanner/benchmarks/bugs-dot-jar/jackrabbit-oak/oak-it/mk/src/main/resources
[[1;34mINFO[m] Copying 3 resources
[[1;34mINFO[m] 
[[1;34mINFO[m] [1m--- [0;32mmaven-compiler-plugin:2.3.2:compile[m [1m(default-compile)[m @ [36moak-it-mk[0;1m ---[m
[[1;34mINFO[m] Compiling 6 source files to /home/user/Reproducibility-Scanner/benchmarks/bugs-dot-jar/jackrabbit-oak/oak-it/mk/target/classes
[[1;34mINFO[m] 
[[1;34mINFO[m] [1m--- [0;32mmaven-resources-plugin:2.5:testResources[m [1m(default-testResources)[m @ [36moak-it-mk[0;1m ---[m
[debug] execute contextualize
[[1;34mINFO[m] Using 'UTF-8' encoding to copy filtered resources.
[[1;34mINFO[m] Copying 3 resources
[[1;34mINFO[m] Copying 3 resources
[[1;34mINFO[m] 
[[1;34mINFO[m] [1m--- [0;32mmaven-compiler-plugin:2.3.2:testCompile[m [1m(default-testCompile)[m @ [36moak-it-mk[0;1m ---[m
[[1;34mINFO[m] Compiling 6 source files to /home/user/Reproducibility-Scanner/benchmarks/bugs-dot-jar/jackrabbit-oak/oak-it/mk/target/test-classes
[[1;34mINFO[m] 
[[1;34mINFO[m] [1m--- [0;32mmaven-surefire-plugin:2.9:test[m [1m(default-test)[m @ [36moak-it-mk[0;1m ---[m
[[1;34mINFO[m] Tests are skipped.
[[1;34mINFO[m] 
[[1;34mINFO[m] [1m--- [0;32mmaven-jar-plugin:2.3.1:jar[m [1m(default-jar)[m @ [36moak-it-mk[0;1m ---[m
[[1;34mINFO[m] Building jar: /home/user/Reproducibility-Scanner/benchmarks/bugs-dot-jar/jackrabbit-oak/oak-it/mk/target/oak-it-mk-0.7-SNAPSHOT.jar
[[1;34mINFO[m] 
[[1;34mINFO[m] [1m--- [0;32mmaven-site-plugin:3.0:attach-descriptor[m [1m(attach-descriptor)[m @ [36moak-it-mk[0;1m ---[m
[[1;34mINFO[m] 
[[1;34mINFO[m] [1m--- [0;32mmaven-install-plugin:2.3.1:install[m [1m(default-install)[m @ [36moak-it-mk[0;1m ---[m
[[1;34mINFO[m] Installing /home/user/Reproducibility-Scanner/benchmarks/bugs-dot-jar/jackrabbit-oak/oak-it/mk/target/oak-it-mk-0.7-SNAPSHOT.jar to /home/user/.m2/repository/org/apache/jackrabbit/oak-it-mk/0.7-SNAPSHOT/oak-it-mk-0.7-SNAPSHOT.jar
[[1;34mINFO[m] Installing /home/user/Reproducibility-Scanner/benchmarks/bugs-dot-jar/jackrabbit-oak/oak-it/mk/pom.xml to /home/user/.m2/repository/org/apache/jackrabbit/oak-it-mk/0.7-SNAPSHOT/oak-it-mk-0.7-SNAPSHOT.pom
[[1;34mINFO[m] 
[[1;34mINFO[m] [1m-------------------< [0;36morg.apache.jackrabbit:oak-core[0;1m >-------------------[m
[[1;34mINFO[m] [1mBuilding Oak Core 0.7-SNAPSHOT                                    [8/20][m
[[1;34mINFO[m] [1m-------------------------------[ bundle ]-------------------------------[m
[[1;34mINFO[m] 
[[1;34mINFO[m] [1m--- [0;32mmaven-remote-resources-plugin:1.2.1:process[m [1m(default)[m @ [36moak-core[0;1m ---[m
[[1;34mINFO[m] 
[[1;34mINFO[m] [1m--- [0;32mmaven-resources-plugin:2.5:resources[m [1m(default-resources)[m @ [36moak-core[0;1m ---[m
[debug] execute contextualize
[[1;34mINFO[m] Using 'UTF-8' encoding to copy filtered resources.
[[1;34mINFO[m] Copying 1 resource
[[1;34mINFO[m] Copying 3 resources
[[1;34mINFO[m] 
[[1;34mINFO[m] [1m--- [0;32mmaven-compiler-plugin:2.3.2:compile[m [1m(default-compile)[m @ [36moak-core[0;1m ---[m
[[1;34mINFO[m] Compiling 513 source files to /home/user/Reproducibility-Scanner/benchmarks/bugs-dot-jar/jackrabbit-oak/oak-core/target/classes
[[1;34mINFO[m] 
[[1;34mINFO[m] [1m--- [0;32mmaven-scr-plugin:1.9.0:scr[m [1m(generate-scr-scrdescriptor)[m @ [36moak-core[0;1m ---[m
[[1;34mINFO[m] Writing 1 Service Component Descriptors to /home/user/Reproducibility-Scanner/benchmarks/bugs-dot-jar/jackrabbit-oak/oak-core/target/scr-plugin-generated/OSGI-INF/org.apache.jackrabbit.oak.plugins.commit.ConflictValidatorProvider.xml
[[1;34mINFO[m] Writing 1 Service Component Descriptors to /home/user/Reproducibility-Scanner/benchmarks/bugs-dot-jar/jackrabbit-oak/oak-core/target/scr-plugin-generated/OSGI-INF/org.apache.jackrabbit.oak.plugins.index.property.PropertyIndexHookProvider.xml
[[1;34mINFO[m] Writing 1 Service Component Descriptors to /home/user/Reproducibility-Scanner/benchmarks/bugs-dot-jar/jackrabbit-oak/oak-core/target/scr-plugin-generated/OSGI-INF/org.apache.jackrabbit.oak.plugins.index.p2.Property2IndexHookProvider.xml
[[1;34mINFO[m] Writing 1 Service Component Descriptors to /home/user/Reproducibility-Scanner/benchmarks/bugs-dot-jar/jackrabbit-oak/oak-core/target/scr-plugin-generated/OSGI-INF/org.apache.jackrabbit.oak.plugins.nodetype.write.InitialContent.xml
[[1;34mINFO[m] Writing 1 Service Component Descriptors to /home/user/Reproducibility-Scanner/benchmarks/bugs-dot-jar/jackrabbit-oak/oak-core/target/scr-plugin-generated/OSGI-INF/org.apache.jackrabbit.oak.plugins.nodetype.RegistrationEditorProvider.xml
[[1;34mINFO[m] Writing 1 Service Component Descriptors to /home/user/Reproducibility-Scanner/benchmarks/bugs-dot-jar/jackrabbit-oak/oak-core/target/scr-plugin-generated/OSGI-INF/org.apache.jackrabbit.oak.plugins.nodetype.TypeEditorProvider.xml
[[1;34mINFO[m] Writing 1 Service Component Descriptors to /home/user/Reproducibility-Scanner/benchmarks/bugs-dot-jar/jackrabbit-oak/oak-core/target/scr-plugin-generated/OSGI-INF/org.apache.jackrabbit.oak.plugins.name.NameValidatorProvider.xml
[[1;34mINFO[m] Writing 1 Service Component Descriptors to /home/user/Reproducibility-Scanner/benchmarks/bugs-dot-jar/jackrabbit-oak/oak-core/target/scr-plugin-generated/OSGI-INF/org.apache.jackrabbit.oak.plugins.name.NamespaceValidatorProvider.xml
[[1;34mINFO[m] Writing 1 Service Component Descriptors to /home/user/Reproducibility-Scanner/benchmarks/bugs-dot-jar/jackrabbit-oak/oak-core/target/scr-plugin-generated/OSGI-INF/org.apache.jackrabbit.oak.plugins.segment.SegmentNodeStoreService.xml
[[1;34mINFO[m] 
[[1;34mINFO[m] [1m--- [0;32mmaven-resources-plugin:2.5:testResources[m [1m(default-testResources)[m @ [36moak-core[0;1m ---[m
[debug] execute contextualize
[[1;34mINFO[m] Using 'UTF-8' encoding to copy filtered resources.
[[1;34mINFO[m] Copying 9 resources
[[1;34mINFO[m] Copying 3 resources
[[1;34mINFO[m] 
[[1;34mINFO[m] [1m--- [0;32mmaven-compiler-plugin:2.3.2:testCompile[m [1m(default-testCompile)[m @ [36moak-core[0;1m ---[m
[[1;34mINFO[m] Compiling 139 source files to /home/user/Reproducibility-Scanner/benchmarks/bugs-dot-jar/jackrabbit-oak/oak-core/target/test-classes
[[1;34mINFO[m] 
[[1;34mINFO[m] [1m--- [0;32mmaven-surefire-plugin:2.9:test[m [1m(default-test)[m @ [36moak-core[0;1m ---[m
[[1;34mINFO[m] Tests are skipped.
[[1;34mINFO[m] 
[[1;34mINFO[m] [1m--- [0;32mmaven-bundle-plugin:2.3.7:bundle[m [1m(default-bundle)[m @ [36moak-core[0;1m ---[m
[[1;34mINFO[m] 
[[1;34mINFO[m] [1m--- [0;32mmaven-site-plugin:3.0:attach-descriptor[m [1m(attach-descriptor)[m @ [36moak-core[0;1m ---[m
[[1;34mINFO[m] 
[[1;34mINFO[m] [1m--- [0;32mmaven-jar-plugin:2.3.1:test-jar[m [1m(default)[m @ [36moak-core[0;1m ---[m
[[1;34mINFO[m] Building jar: /home/user/Reproducibility-Scanner/benchmarks/bugs-dot-jar/jackrabbit-oak/oak-core/target/oak-core-0.7-SNAPSHOT-tests.jar
[[1;34mINFO[m] 
[[1;34mINFO[m] [1m--- [0;32mmaven-install-plugin:2.3.1:install[m [1m(default-install)[m @ [36moak-core[0;1m ---[m
[[1;34mINFO[m] Installing /home/user/Reproducibility-Scanner/benchmarks/bugs-dot-jar/jackrabbit-oak/oak-core/target/oak-core-0.7-SNAPSHOT.jar to /home/user/.m2/repository/org/apache/jackrabbit/oak-core/0.7-SNAPSHOT/oak-core-0.7-SNAPSHOT.jar
[[1;34mINFO[m] Installing /home/user/Reproducibility-Scanner/benchmarks/bugs-dot-jar/jackrabbit-oak/oak-core/pom.xml to /home/user/.m2/repository/org/apache/jackrabbit/oak-core/0.7-SNAPSHOT/oak-core-0.7-SNAPSHOT.pom
[[1;34mINFO[m] Installing /home/user/Reproducibility-Scanner/benchmarks/bugs-dot-jar/jackrabbit-oak/oak-core/target/oak-core-0.7-SNAPSHOT-tests.jar to /home/user/.m2/repository/org/apache/jackrabbit/oak-core/0.7-SNAPSHOT/oak-core-0.7-SNAPSHOT-tests.jar
[[1;34mINFO[m] 
[[1;34mINFO[m] [1m--- [0;32mmaven-bundle-plugin:2.3.7:install[m [1m(default-install)[m @ [36moak-core[0;1m ---[m
[[1;34mINFO[m] Local OBR update disabled (enable with -DobrRepository)
[[1;34mINFO[m] 
[[1;34mINFO[m] [1m-------------------< [0;36morg.apache.jackrabbit:oak-jcr[0;1m >--------------------[m
[[1;34mINFO[m] [1mBuilding Oak JCR Binding 0.7-SNAPSHOT                             [9/20][m
[[1;34mINFO[m] [1m-------------------------------[ bundle ]-------------------------------[m
[[1;34mINFO[m] 
[[1;34mINFO[m] [1m--- [0;32mmaven-remote-resources-plugin:1.2.1:process[m [1m(default)[m @ [36moak-jcr[0;1m ---[m
[[1;34mINFO[m] 
[[1;34mINFO[m] [1m--- [0;32mmaven-resources-plugin:2.5:resources[m [1m(default-resources)[m @ [36moak-jcr[0;1m ---[m
[debug] execute contextualize
[[1;34mINFO[m] Using 'UTF-8' encoding to copy filtered resources.
[[1;34mINFO[m] Copying 1 resource
[[1;34mINFO[m] Copying 3 resources
[[1;34mINFO[m] 
[[1;34mINFO[m] [1m--- [0;32mmaven-compiler-plugin:2.3.2:compile[m [1m(default-compile)[m @ [36moak-jcr[0;1m ---[m
[[1;34mINFO[m] Compiling 78 source files to /home/user/Reproducibility-Scanner/benchmarks/bugs-dot-jar/jackrabbit-oak/oak-jcr/target/classes
[[1;34mINFO[m] 
[[1;34mINFO[m] [1m--- [0;32mmaven-resources-plugin:2.5:testResources[m [1m(default-testResources)[m @ [36moak-jcr[0;1m ---[m
[debug] execute contextualize
[[1;34mINFO[m] Using 'UTF-8' encoding to copy filtered resources.
[[1;34mINFO[m] Copying 3 resources
[[1;34mINFO[m] Copying 3 resources
[[1;34mINFO[m] 
[[1;34mINFO[m] [1m--- [0;32mmaven-compiler-plugin:2.3.2:testCompile[m [1m(default-testCompile)[m @ [36moak-jcr[0;1m ---[m
[[1;34mINFO[m] Compiling 63 source files to /home/user/Reproducibility-Scanner/benchmarks/bugs-dot-jar/jackrabbit-oak/oak-jcr/target/test-classes
[[1;34mINFO[m] 
[[1;34mINFO[m] [1m--- [0;32mmaven-surefire-plugin:2.9:test[m [1m(default-test)[m @ [36moak-jcr[0;1m ---[m
[[1;34mINFO[m] Tests are skipped.
[[1;34mINFO[m] 
[[1;34mINFO[m] [1m--- [0;32mmaven-bundle-plugin:2.3.7:bundle[m [1m(default-bundle)[m @ [36moak-jcr[0;1m ---[m
[[1;34mINFO[m] 
[[1;34mINFO[m] [1m--- [0;32mmaven-site-plugin:3.0:attach-descriptor[m [1m(attach-descriptor)[m @ [36moak-jcr[0;1m ---[m
[[1;34mINFO[m] 
[[1;34mINFO[m] [1m--- [0;32mmaven-install-plugin:2.3.1:install[m [1m(default-install)[m @ [36moak-jcr[0;1m ---[m
[[1;34mINFO[m] Installing /home/user/Reproducibility-Scanner/benchmarks/bugs-dot-jar/jackrabbit-oak/oak-jcr/target/oak-jcr-0.7-SNAPSHOT.jar to /home/user/.m2/repository/org/apache/jackrabbit/oak-jcr/0.7-SNAPSHOT/oak-jcr-0.7-SNAPSHOT.jar
[[1;34mINFO[m] Installing /home/user/Reproducibility-Scanner/benchmarks/bugs-dot-jar/jackrabbit-oak/oak-jcr/pom.xml to /home/user/.m2/repository/org/apache/jackrabbit/oak-jcr/0.7-SNAPSHOT/oak-jcr-0.7-SNAPSHOT.pom
[[1;34mINFO[m] 
[[1;34mINFO[m] [1m--- [0;32mmaven-bundle-plugin:2.3.7:install[m [1m(default-install)[m @ [36moak-jcr[0;1m ---[m
[[1;34mINFO[m] Local OBR update disabled (enable with -DobrRepository)
[[1;34mINFO[m] 
[[1;34mINFO[m] [1m------------------< [0;36morg.apache.jackrabbit:oak-sling[0;1m >-------------------[m
[[1;34mINFO[m] [1mBuilding Oak support for Apache Sling 0.7-SNAPSHOT               [10/20][m
[[1;34mINFO[m] [1m-------------------------------[ bundle ]-------------------------------[m
[[1;34mINFO[m] 
[[1;34mINFO[m] [1m--- [0;32mmaven-remote-resources-plugin:1.2.1:process[m [1m(default)[m @ [36moak-sling[0;1m ---[m
[[1;34mINFO[m] 
[[1;34mINFO[m] [1m--- [0;32mmaven-resources-plugin:2.5:resources[m [1m(default-resources)[m @ [36moak-sling[0;1m ---[m
[debug] execute contextualize
[[1;34mINFO[m] Using 'UTF-8' encoding to copy filtered resources.
[[1;34mINFO[m] skip non existing resourceDirectory /home/user/Reproducibility-Scanner/benchmarks/bugs-dot-jar/jackrabbit-oak/oak-sling/src/main/resources
[[1;34mINFO[m] Copying 3 resources
[[1;34mINFO[m] 
[[1;34mINFO[m] [1m--- [0;32mmaven-compiler-plugin:2.3.2:compile[m [1m(default-compile)[m @ [36moak-sling[0;1m ---[m
[[1;34mINFO[m] Compiling 2 source files to /home/user/Reproducibility-Scanner/benchmarks/bugs-dot-jar/jackrabbit-oak/oak-sling/target/classes
[[1;34mINFO[m] 
[[1;34mINFO[m] [1m--- [0;32mmaven-resources-plugin:2.5:testResources[m [1m(default-testResources)[m @ [36moak-sling[0;1m ---[m
[debug] execute contextualize
[[1;34mINFO[m] Using 'UTF-8' encoding to copy filtered resources.
[[1;34mINFO[m] skip non existing resourceDirectory /home/user/Reproducibility-Scanner/benchmarks/bugs-dot-jar/jackrabbit-oak/oak-sling/src/test/resources
[[1;34mINFO[m] Copying 3 resources
[[1;34mINFO[m] 
[[1;34mINFO[m] [1m--- [0;32mmaven-compiler-plugin:2.3.2:testCompile[m [1m(default-testCompile)[m @ [36moak-sling[0;1m ---[m
[[1;34mINFO[m] No sources to compile
[[1;34mINFO[m] 
[[1;34mINFO[m] [1m--- [0;32mmaven-surefire-plugin:2.9:test[m [1m(default-test)[m @ [36moak-sling[0;1m ---[m
[[1;34mINFO[m] Tests are skipped.
[[1;34mINFO[m] 
[[1;34mINFO[m] [1m--- [0;32mmaven-bundle-plugin:2.3.7:bundle[m [1m(default-bundle)[m @ [36moak-sling[0;1m ---[m
[[1;34mINFO[m] 
[[1;34mINFO[m] [1m--- [0;32mmaven-site-plugin:3.0:attach-descriptor[m [1m(attach-descriptor)[m @ [36moak-sling[0;1m ---[m
[[1;34mINFO[m] 
[[1;34mINFO[m] [1m--- [0;32mmaven-install-plugin:2.3.1:install[m [1m(default-install)[m @ [36moak-sling[0;1m ---[m
[[1;34mINFO[m] Installing /home/user/Reproducibility-Scanner/benchmarks/bugs-dot-jar/jackrabbit-oak/oak-sling/target/oak-sling-0.7-SNAPSHOT.jar to /home/user/.m2/repository/org/apache/jackrabbit/oak-sling/0.7-SNAPSHOT/oak-sling-0.7-SNAPSHOT.jar
[[1;34mINFO[m] Installing /home/user/Reproducibility-Scanner/benchmarks/bugs-dot-jar/jackrabbit-oak/oak-sling/pom.xml to /home/user/.m2/repository/org/apache/jackrabbit/oak-sling/0.7-SNAPSHOT/oak-sling-0.7-SNAPSHOT.pom
[[1;34mINFO[m] 
[[1;34mINFO[m] [1m--- [0;32mmaven-bundle-plugin:2.3.7:install[m [1m(default-install)[m @ [36moak-sling[0;1m ---[m
[[1;34mINFO[m] Local OBR update disabled (enable with -DobrRepository)
[[1;34mINFO[m] 
[[1;34mINFO[m] [1m-------------------< [0;36morg.apache.jackrabbit:oak-http[0;1m >-------------------[m
[[1;34mINFO[m] [1mBuilding Oak HTTP Binding 0.7-SNAPSHOT                           [11/20][m
[[1;34mINFO[m] [1m-------------------------------[ bundle ]-------------------------------[m
[[1;34mINFO[m] 
[[1;34mINFO[m] [1m--- [0;32mmaven-remote-resources-plugin:1.2.1:process[m [1m(default)[m @ [36moak-http[0;1m ---[m
[[1;34mINFO[m] 
[[1;34mINFO[m] [1m--- [0;32mmaven-resources-plugin:2.5:resources[m [1m(default-resources)[m @ [36moak-http[0;1m ---[m
[debug] execute contextualize
[[1;34mINFO[m] Using 'UTF-8' encoding to copy filtered resources.
[[1;34mINFO[m] skip non existing resourceDirectory /home/user/Reproducibility-Scanner/benchmarks/bugs-dot-jar/jackrabbit-oak/oak-http/src/main/resources
[[1;34mINFO[m] Copying 3 resources
[[1;34mINFO[m] 
[[1;34mINFO[m] [1m--- [0;32mmaven-compiler-plugin:2.3.2:compile[m [1m(default-compile)[m @ [36moak-http[0;1m ---[m
[[1;34mINFO[m] Compiling 7 source files to /home/user/Reproducibility-Scanner/benchmarks/bugs-dot-jar/jackrabbit-oak/oak-http/target/classes
[[1;34mINFO[m] 
[[1;34mINFO[m] [1m--- [0;32mmaven-resources-plugin:2.5:testResources[m [1m(default-testResources)[m @ [36moak-http[0;1m ---[m
[debug] execute contextualize
[[1;34mINFO[m] Using 'UTF-8' encoding to copy filtered resources.
[[1;34mINFO[m] skip non existing resourceDirectory /home/user/Reproducibility-Scanner/benchmarks/bugs-dot-jar/jackrabbit-oak/oak-http/src/test/resources
[[1;34mINFO[m] Copying 3 resources
[[1;34mINFO[m] 
[[1;34mINFO[m] [1m--- [0;32mmaven-compiler-plugin:2.3.2:testCompile[m [1m(default-testCompile)[m @ [36moak-http[0;1m ---[m
[[1;34mINFO[m] Compiling 1 source file to /home/user/Reproducibility-Scanner/benchmarks/bugs-dot-jar/jackrabbit-oak/oak-http/target/test-classes
[[1;34mINFO[m] 
[[1;34mINFO[m] [1m--- [0;32mmaven-surefire-plugin:2.9:test[m [1m(default-test)[m @ [36moak-http[0;1m ---[m
[[1;34mINFO[m] Tests are skipped.
[[1;34mINFO[m] 
[[1;34mINFO[m] [1m--- [0;32mmaven-bundle-plugin:2.3.7:bundle[m [1m(default-bundle)[m @ [36moak-http[0;1m ---[m
[[1;34mINFO[m] 
[[1;34mINFO[m] [1m--- [0;32mmaven-site-plugin:3.0:attach-descriptor[m [1m(attach-descriptor)[m @ [36moak-http[0;1m ---[m
[[1;34mINFO[m] 
[[1;34mINFO[m] [1m--- [0;32mmaven-install-plugin:2.3.1:install[m [1m(default-install)[m @ [36moak-http[0;1m ---[m
[[1;34mINFO[m] Installing /home/user/Reproducibility-Scanner/benchmarks/bugs-dot-jar/jackrabbit-oak/oak-http/target/oak-http-0.7-SNAPSHOT.jar to /home/user/.m2/repository/org/apache/jackrabbit/oak-http/0.7-SNAPSHOT/oak-http-0.7-SNAPSHOT.jar
[[1;34mINFO[m] Installing /home/user/Reproducibility-Scanner/benchmarks/bugs-dot-jar/jackrabbit-oak/oak-http/pom.xml to /home/user/.m2/repository/org/apache/jackrabbit/oak-http/0.7-SNAPSHOT/oak-http-0.7-SNAPSHOT.pom
[[1;34mINFO[m] 
[[1;34mINFO[m] [1m--- [0;32mmaven-bundle-plugin:2.3.7:install[m [1m(default-install)[m @ [36moak-http[0;1m ---[m
[[1;34mINFO[m] Local OBR update disabled (enable with -DobrRepository)
[[1;34mINFO[m] 
[[1;34mINFO[m] [1m------------------< [0;36morg.apache.jackrabbit:oak-lucene[0;1m >------------------[m
[[1;34mINFO[m] [1mBuilding Oak Lucene 0.7-SNAPSHOT                                 [12/20][m
[[1;34mINFO[m] [1m-------------------------------[ bundle ]-------------------------------[m
[[1;34mINFO[m] 
[[1;34mINFO[m] [1m--- [0;32mmaven-remote-resources-plugin:1.2.1:process[m [1m(default)[m @ [36moak-lucene[0;1m ---[m
[[1;34mINFO[m] 
[[1;34mINFO[m] [1m--- [0;32mmaven-resources-plugin:2.5:resources[m [1m(default-resources)[m @ [36moak-lucene[0;1m ---[m
[debug] execute contextualize
[[1;34mINFO[m] Using 'UTF-8' encoding to copy filtered resources.
[[1;34mINFO[m] skip non existing resourceDirectory /home/user/Reproducibility-Scanner/benchmarks/bugs-dot-jar/jackrabbit-oak/oak-lucene/src/main/resources
[[1;34mINFO[m] Copying 3 resources
[[1;34mINFO[m] 
[[1;34mINFO[m] [1m--- [0;32mmaven-compiler-plugin:2.3.2:compile[m [1m(default-compile)[m @ [36moak-lucene[0;1m ---[m
[[1;34mINFO[m] Compiling 12 source files to /home/user/Reproducibility-Scanner/benchmarks/bugs-dot-jar/jackrabbit-oak/oak-lucene/target/classes
[[1;34mINFO[m] 
[[1;34mINFO[m] [1m--- [0;32mmaven-scr-plugin:1.9.0:scr[m [1m(generate-scr-scrdescriptor)[m @ [36moak-lucene[0;1m ---[m
[[1;34mINFO[m] Writing 1 Service Component Descriptors to /home/user/Reproducibility-Scanner/benchmarks/bugs-dot-jar/jackrabbit-oak/oak-lucene/target/scr-plugin-generated/OSGI-INF/org.apache.jackrabbit.oak.plugins.index.lucene.LuceneIndexProvider.xml
[[1;34mINFO[m] Writing 1 Service Component Descriptors to /home/user/Reproducibility-Scanner/benchmarks/bugs-dot-jar/jackrabbit-oak/oak-lucene/target/scr-plugin-generated/OSGI-INF/org.apache.jackrabbit.oak.plugins.index.lucene.LuceneIndexHookProvider.xml
[[1;34mINFO[m] 
[[1;34mINFO[m] [1m--- [0;32mmaven-resources-plugin:2.5:testResources[m [1m(default-testResources)[m @ [36moak-lucene[0;1m ---[m
[debug] execute contextualize
[[1;34mINFO[m] Using 'UTF-8' encoding to copy filtered resources.
[[1;34mINFO[m] Copying 2 resources
[[1;34mINFO[m] Copying 3 resources
[[1;34mINFO[m] 
[[1;34mINFO[m] [1m--- [0;32mmaven-compiler-plugin:2.3.2:testCompile[m [1m(default-testCompile)[m @ [36moak-lucene[0;1m ---[m
[[1;34mINFO[m] Compiling 5 source files to /home/user/Reproducibility-Scanner/benchmarks/bugs-dot-jar/jackrabbit-oak/oak-lucene/target/test-classes
[[1;34mINFO[m] 
[[1;34mINFO[m] [1m--- [0;32mmaven-surefire-plugin:2.9:test[m [1m(default-test)[m @ [36moak-lucene[0;1m ---[m
[[1;34mINFO[m] Tests are skipped.
[[1;34mINFO[m] 
[[1;34mINFO[m] [1m--- [0;32mmaven-bundle-plugin:2.3.7:bundle[m [1m(default-bundle)[m @ [36moak-lucene[0;1m ---[m
[[1;34mINFO[m] 
[[1;34mINFO[m] [1m--- [0;32mmaven-site-plugin:3.0:attach-descriptor[m [1m(attach-descriptor)[m @ [36moak-lucene[0;1m ---[m
[[1;34mINFO[m] 
[[1;34mINFO[m] [1m--- [0;32mmaven-install-plugin:2.3.1:install[m [1m(default-install)[m @ [36moak-lucene[0;1m ---[m
[[1;34mINFO[m] Installing /home/user/Reproducibility-Scanner/benchmarks/bugs-dot-jar/jackrabbit-oak/oak-lucene/target/oak-lucene-0.7-SNAPSHOT.jar to /home/user/.m2/repository/org/apache/jackrabbit/oak-lucene/0.7-SNAPSHOT/oak-lucene-0.7-SNAPSHOT.jar
[[1;34mINFO[m] Installing /home/user/Reproducibility-Scanner/benchmarks/bugs-dot-jar/jackrabbit-oak/oak-lucene/pom.xml to /home/user/.m2/repository/org/apache/jackrabbit/oak-lucene/0.7-SNAPSHOT/oak-lucene-0.7-SNAPSHOT.pom
[[1;34mINFO[m] 
[[1;34mINFO[m] [1m--- [0;32mmaven-bundle-plugin:2.3.7:install[m [1m(default-install)[m @ [36moak-lucene[0;1m ---[m
[[1;34mINFO[m] Local OBR update disabled (enable with -DobrRepository)
[[1;34mINFO[m] 
[[1;34mINFO[m] [1m----------------< [0;36morg.apache.jackrabbit:oak-solr-core[0;1m >-----------------[m
[[1;34mINFO[m] [1mBuilding Oak Solr core 0.7-SNAPSHOT                              [13/20][m
[[1;34mINFO[m] [1m-------------------------------[ bundle ]-------------------------------[m
[[1;34mINFO[m] 
[[1;34mINFO[m] [1m--- [0;32mmaven-remote-resources-plugin:1.2.1:process[m [1m(default)[m @ [36moak-solr-core[0;1m ---[m
[[1;34mINFO[m] 
[[1;34mINFO[m] [1m--- [0;32mmaven-resources-plugin:2.5:resources[m [1m(default-resources)[m @ [36moak-solr-core[0;1m ---[m
[debug] execute contextualize
[[1;34mINFO[m] Using 'UTF-8' encoding to copy filtered resources.
[[1;34mINFO[m] skip non existing resourceDirectory /home/user/Reproducibility-Scanner/benchmarks/bugs-dot-jar/jackrabbit-oak/oak-solr-core/src/main/resources
[[1;34mINFO[m] Copying 3 resources
[[1;34mINFO[m] 
[[1;34mINFO[m] [1m--- [0;32mmaven-compiler-plugin:2.3.2:compile[m [1m(default-compile)[m @ [36moak-solr-core[0;1m ---[m
[[1;34mINFO[m] Compiling 14 source files to /home/user/Reproducibility-Scanner/benchmarks/bugs-dot-jar/jackrabbit-oak/oak-solr-core/target/classes
[[1;34mINFO[m] 
[[1;34mINFO[m] [1m--- [0;32mmaven-scr-plugin:1.9.0:scr[m [1m(generate-scr-scrdescriptor)[m @ [36moak-solr-core[0;1m ---[m
[[1;34mINFO[m] Writing 1 Service Component Descriptors to /home/user/Reproducibility-Scanner/benchmarks/bugs-dot-jar/jackrabbit-oak/oak-solr-core/target/scr-plugin-generated/OSGI-INF/org.apache.jackrabbit.oak.plugins.index.solr.query.SolrQueryIndexProvider.xml
[[1;34mINFO[m] Writing 1 Service Component Descriptors to /home/user/Reproducibility-Scanner/benchmarks/bugs-dot-jar/jackrabbit-oak/oak-solr-core/target/scr-plugin-generated/OSGI-INF/org.apache.jackrabbit.oak.plugins.index.solr.index.SolrIndexHookProvider.xml
[[1;34mINFO[m] 
[[1;34mINFO[m] [1m--- [0;32mmaven-resources-plugin:2.5:testResources[m [1m(default-testResources)[m @ [36moak-solr-core[0;1m ---[m
[debug] execute contextualize
[[1;34mINFO[m] Using 'UTF-8' encoding to copy filtered resources.
[[1;34mINFO[m] Copying 8 resources
[[1;34mINFO[m] Copying 3 resources
[[1;34mINFO[m] 
[[1;34mINFO[m] [1m--- [0;32mmaven-compiler-plugin:2.3.2:testCompile[m [1m(default-testCompile)[m @ [36moak-solr-core[0;1m ---[m
[[1;34mINFO[m] Compiling 8 source files to /home/user/Reproducibility-Scanner/benchmarks/bugs-dot-jar/jackrabbit-oak/oak-solr-core/target/test-classes
[[1;34mINFO[m] 
[[1;34mINFO[m] [1m--- [0;32mmaven-surefire-plugin:2.9:test[m [1m(default-test)[m @ [36moak-solr-core[0;1m ---[m
[[1;34mINFO[m] Tests are skipped.
[[1;34mINFO[m] 
[[1;34mINFO[m] [1m--- [0;32mmaven-bundle-plugin:2.3.7:bundle[m [1m(default-bundle)[m @ [36moak-solr-core[0;1m ---[m
[[1;33mWARNING[m] Bundle org.apache.jackrabbit:oak-solr-core:bundle:0.7-SNAPSHOT : Instructions in Export-Package that are never used: org\.apache\.jackrabbit\.oak\.plugins\.index\.solr\.server
Classpath: Jar:.,Jar:org.osgi.core,Jar:org.osgi.compendium,Jar:oak-core,Jar:oak-mk-api,Jar:oak-mk,Jar:oak-mk-remote,Jar:oak-commons,Jar:jsr305,Jar:guava,Jar:jcr,Jar:jackrabbit-api,Jar:jackrabbit-jcr-commons,Jar:slf4j-api,Jar:solr-solrj,Jar:commons-io,Jar:wstx-asl,Jar:zookeeper,Jar:jline,Jar:log4j,Jar:mail,Jar:activation,Jar:httpclient,Jar:httpcore,Jar:commons-codec,Jar:httpmime,Jar:commons-logging,Jar:org.apache.felix.scr.annotations,Jar:oak-core,Jar:mockito-core,Jar:hamcrest-core,Jar:objenesis

[[1;33mWARNING[m] Bundle org.apache.jackrabbit:oak-solr-core:bundle:0.7-SNAPSHOT : Superfluous export-package instructions: [org.apache.jackrabbit.oak.plugins.index.solr.server]
[[1;34mINFO[m] 
[[1;34mINFO[m] [1m--- [0;32mmaven-site-plugin:3.0:attach-descriptor[m [1m(attach-descriptor)[m @ [36moak-solr-core[0;1m ---[m
[[1;34mINFO[m] 
[[1;34mINFO[m] [1m--- [0;32mmaven-failsafe-plugin:2.12:integration-test[m [1m(default)[m @ [36moak-solr-core[0;1m ---[m
[[1;34mINFO[m] Tests are skipped.
[[1;34mINFO[m] 
[[1;34mINFO[m] [1m--- [0;32mmaven-failsafe-plugin:2.12:verify[m [1m(default)[m @ [36moak-solr-core[0;1m ---[m
[[1;34mINFO[m] Tests are skipped.
[[1;34mINFO[m] 
[[1;34mINFO[m] [1m--- [0;32mmaven-install-plugin:2.3.1:install[m [1m(default-install)[m @ [36moak-solr-core[0;1m ---[m
[[1;34mINFO[m] Installing /home/user/Reproducibility-Scanner/benchmarks/bugs-dot-jar/jackrabbit-oak/oak-solr-core/target/oak-solr-core-0.7-SNAPSHOT.jar to /home/user/.m2/repository/org/apache/jackrabbit/oak-solr-core/0.7-SNAPSHOT/oak-solr-core-0.7-SNAPSHOT.jar
[[1;34mINFO[m] Installing /home/user/Reproducibility-Scanner/benchmarks/bugs-dot-jar/jackrabbit-oak/oak-solr-core/pom.xml to /home/user/.m2/repository/org/apache/jackrabbit/oak-solr-core/0.7-SNAPSHOT/oak-solr-core-0.7-SNAPSHOT.pom
[[1;34mINFO[m] 
[[1;34mINFO[m] [1m--- [0;32mmaven-bundle-plugin:2.3.7:install[m [1m(default-install)[m @ [36moak-solr-core[0;1m ---[m
[[1;34mINFO[m] Local OBR update disabled (enable with -DobrRepository)
[[1;34mINFO[m] 
[[1;34mINFO[m] [1m---------------< [0;36morg.apache.jackrabbit:oak-solr-remote[0;1m >----------------[m
[[1;34mINFO[m] [1mBuilding Oak Solr remote 0.7-SNAPSHOT                            [14/20][m
[[1;34mINFO[m] [1m-------------------------------[ bundle ]-------------------------------[m
[[1;34mINFO[m] 
[[1;34mINFO[m] [1m--- [0;32mmaven-remote-resources-plugin:1.2.1:process[m [1m(default)[m @ [36moak-solr-remote[0;1m ---[m
[[1;34mINFO[m] 
[[1;34mINFO[m] [1m--- [0;32mmaven-resources-plugin:2.5:resources[m [1m(default-resources)[m @ [36moak-solr-remote[0;1m ---[m
[debug] execute contextualize
[[1;34mINFO[m] Using 'UTF-8' encoding to copy filtered resources.
[[1;34mINFO[m] skip non existing resourceDirectory /home/user/Reproducibility-Scanner/benchmarks/bugs-dot-jar/jackrabbit-oak/oak-solr-remote/src/main/resources
[[1;34mINFO[m] Copying 3 resources
[[1;34mINFO[m] 
[[1;34mINFO[m] [1m--- [0;32mmaven-compiler-plugin:2.3.2:compile[m [1m(default-compile)[m @ [36moak-solr-remote[0;1m ---[m
[[1;34mINFO[m] Compiling 2 source files to /home/user/Reproducibility-Scanner/benchmarks/bugs-dot-jar/jackrabbit-oak/oak-solr-remote/target/classes
[[1;34mINFO[m] 
[[1;34mINFO[m] [1m--- [0;32mmaven-scr-plugin:1.9.0:scr[m [1m(generate-scr-scrdescriptor)[m @ [36moak-solr-remote[0;1m ---[m
[[1;34mINFO[m] Generating 1 MetaType Descriptor in /home/user/Reproducibility-Scanner/benchmarks/bugs-dot-jar/jackrabbit-oak/oak-solr-remote/target/scr-plugin-generated/OSGI-INF/metatype/org.apache.jackrabbit.oak.plugins.index.solr.http.RemoteSolrServerProvider.xml
[[1;34mINFO[m] Writing 1 Service Component Descriptors to /home/user/Reproducibility-Scanner/benchmarks/bugs-dot-jar/jackrabbit-oak/oak-solr-remote/target/scr-plugin-generated/OSGI-INF/org.apache.jackrabbit.oak.plugins.index.solr.http.RemoteSolrServerProvider.xml
[[1;34mINFO[m] Writing 1 Service Component Descriptors to /home/user/Reproducibility-Scanner/benchmarks/bugs-dot-jar/jackrabbit-oak/oak-solr-remote/target/scr-plugin-generated/OSGI-INF/org.apache.jackrabbit.oak.plugins.index.solr.http.RemoteSolrConfigurationProvider.xml
[[1;34mINFO[m] 
[[1;34mINFO[m] [1m--- [0;32mmaven-resources-plugin:2.5:testResources[m [1m(default-testResources)[m @ [36moak-solr-remote[0;1m ---[m
[debug] execute contextualize
[[1;34mINFO[m] Using 'UTF-8' encoding to copy filtered resources.
[[1;34mINFO[m] skip non existing resourceDirectory /home/user/Reproducibility-Scanner/benchmarks/bugs-dot-jar/jackrabbit-oak/oak-solr-remote/src/test/resources
[[1;34mINFO[m] Copying 3 resources
[[1;34mINFO[m] 
[[1;34mINFO[m] [1m--- [0;32mmaven-compiler-plugin:2.3.2:testCompile[m [1m(default-testCompile)[m @ [36moak-solr-remote[0;1m ---[m
[[1;34mINFO[m] No sources to compile
[[1;34mINFO[m] 
[[1;34mINFO[m] [1m--- [0;32mmaven-surefire-plugin:2.9:test[m [1m(default-test)[m @ [36moak-solr-remote[0;1m ---[m
[[1;34mINFO[m] Tests are skipped.
[[1;34mINFO[m] 
[[1;34mINFO[m] [1m--- [0;32mmaven-bundle-plugin:2.3.7:bundle[m [1m(default-bundle)[m @ [36moak-solr-remote[0;1m ---[m
[[1;34mINFO[m] 
[[1;34mINFO[m] [1m--- [0;32mmaven-site-plugin:3.0:attach-descriptor[m [1m(attach-descriptor)[m @ [36moak-solr-remote[0;1m ---[m
[[1;34mINFO[m] 
[[1;34mINFO[m] [1m--- [0;32mmaven-install-plugin:2.3.1:install[m [1m(default-install)[m @ [36moak-solr-remote[0;1m ---[m
[[1;34mINFO[m] Installing /home/user/Reproducibility-Scanner/benchmarks/bugs-dot-jar/jackrabbit-oak/oak-solr-remote/target/oak-solr-remote-0.7-SNAPSHOT.jar to /home/user/.m2/repository/org/apache/jackrabbit/oak-solr-remote/0.7-SNAPSHOT/oak-solr-remote-0.7-SNAPSHOT.jar
[[1;34mINFO[m] Installing /home/user/Reproducibility-Scanner/benchmarks/bugs-dot-jar/jackrabbit-oak/oak-solr-remote/pom.xml to /home/user/.m2/repository/org/apache/jackrabbit/oak-solr-remote/0.7-SNAPSHOT/oak-solr-remote-0.7-SNAPSHOT.pom
[[1;34mINFO[m] 
[[1;34mINFO[m] [1m--- [0;32mmaven-bundle-plugin:2.3.7:install[m [1m(default-install)[m @ [36moak-solr-remote[0;1m ---[m
[[1;34mINFO[m] Local OBR update disabled (enable with -DobrRepository)
[[1;34mINFO[m] 
[[1;34mINFO[m] [1m--------------< [0;36morg.apache.jackrabbit:oak-solr-embedded[0;1m >---------------[m
[[1;34mINFO[m] [1mBuilding Oak Solr embedded 0.7-SNAPSHOT                          [15/20][m
[[1;34mINFO[m] [1m-------------------------------[ bundle ]-------------------------------[m
[[1;34mINFO[m] 
[[1;34mINFO[m] [1m--- [0;32mmaven-remote-resources-plugin:1.2.1:process[m [1m(default)[m @ [36moak-solr-embedded[0;1m ---[m
[[1;34mINFO[m] 
[[1;34mINFO[m] [1m--- [0;32mmaven-resources-plugin:2.5:resources[m [1m(default-resources)[m @ [36moak-solr-embedded[0;1m ---[m
[debug] execute contextualize
[[1;34mINFO[m] Using 'UTF-8' encoding to copy filtered resources.
[[1;34mINFO[m] Copying 5 resources
[[1;34mINFO[m] Copying 3 resources
[[1;34mINFO[m] 
[[1;34mINFO[m] [1m--- [0;32mmaven-compiler-plugin:2.3.2:compile[m [1m(default-compile)[m @ [36moak-solr-embedded[0;1m ---[m
[[1;34mINFO[m] Compiling 7 source files to /home/user/Reproducibility-Scanner/benchmarks/bugs-dot-jar/jackrabbit-oak/oak-solr-embedded/target/classes
[[1;34mINFO[m] 
[[1;34mINFO[m] [1m--- [0;32mmaven-scr-plugin:1.9.0:scr[m [1m(generate-scr-scrdescriptor)[m @ [36moak-solr-embedded[0;1m ---[m
[[1;34mINFO[m] Writing 1 Service Component Descriptors to /home/user/Reproducibility-Scanner/benchmarks/bugs-dot-jar/jackrabbit-oak/oak-solr-embedded/target/scr-plugin-generated/OSGI-INF/org.apache.jackrabbit.oak.plugins.index.solr.embedded.EmbeddedSolrConfigurationProvider.xml
[[1;34mINFO[m] Writing 1 Service Component Descriptors to /home/user/Reproducibility-Scanner/benchmarks/bugs-dot-jar/jackrabbit-oak/oak-solr-embedded/target/scr-plugin-generated/OSGI-INF/org.apache.jackrabbit.oak.plugins.index.solr.embedded.EmbeddedSolrServerProvider.xml
[[1;34mINFO[m] 
[[1;34mINFO[m] [1m--- [0;32mmaven-resources-plugin:2.5:testResources[m [1m(default-testResources)[m @ [36moak-solr-embedded[0;1m ---[m
[debug] execute contextualize
[[1;34mINFO[m] Using 'UTF-8' encoding to copy filtered resources.
[[1;34mINFO[m] skip non existing resourceDirectory /home/user/Reproducibility-Scanner/benchmarks/bugs-dot-jar/jackrabbit-oak/oak-solr-embedded/src/test/resources
[[1;34mINFO[m] Copying 3 resources
[[1;34mINFO[m] 
[[1;34mINFO[m] [1m--- [0;32mmaven-compiler-plugin:2.3.2:testCompile[m [1m(default-testCompile)[m @ [36moak-solr-embedded[0;1m ---[m
[[1;34mINFO[m] Compiling 2 source files to /home/user/Reproducibility-Scanner/benchmarks/bugs-dot-jar/jackrabbit-oak/oak-solr-embedded/target/test-classes
[[1;34mINFO[m] 
[[1;34mINFO[m] [1m--- [0;32mmaven-surefire-plugin:2.9:test[m [1m(default-test)[m @ [36moak-solr-embedded[0;1m ---[m
[[1;34mINFO[m] Tests are skipped.
[[1;34mINFO[m] 
[[1;34mINFO[m] [1m--- [0;32mmaven-bundle-plugin:2.3.7:bundle[m [1m(default-bundle)[m @ [36moak-solr-embedded[0;1m ---[m
[[1;34mINFO[m] 
[[1;34mINFO[m] [1m--- [0;32mmaven-site-plugin:3.0:attach-descriptor[m [1m(attach-descriptor)[m @ [36moak-solr-embedded[0;1m ---[m
[[1;34mINFO[m] 
[[1;34mINFO[m] [1m--- [0;32mmaven-failsafe-plugin:2.12:integration-test[m [1m(default)[m @ [36moak-solr-embedded[0;1m ---[m
[[1;34mINFO[m] Tests are skipped.
[[1;34mINFO[m] 
[[1;34mINFO[m] [1m--- [0;32mmaven-failsafe-plugin:2.12:verify[m [1m(default)[m @ [36moak-solr-embedded[0;1m ---[m
[[1;34mINFO[m] Tests are skipped.
[[1;34mINFO[m] 
[[1;34mINFO[m] [1m--- [0;32mmaven-install-plugin:2.3.1:install[m [1m(default-install)[m @ [36moak-solr-embedded[0;1m ---[m
[[1;34mINFO[m] Installing /home/user/Reproducibility-Scanner/benchmarks/bugs-dot-jar/jackrabbit-oak/oak-solr-embedded/target/oak-solr-embedded-0.7-SNAPSHOT.jar to /home/user/.m2/repository/org/apache/jackrabbit/oak-solr-embedded/0.7-SNAPSHOT/oak-solr-embedded-0.7-SNAPSHOT.jar
[[1;34mINFO[m] Installing /home/user/Reproducibility-Scanner/benchmarks/bugs-dot-jar/jackrabbit-oak/oak-solr-embedded/pom.xml to /home/user/.m2/repository/org/apache/jackrabbit/oak-solr-embedded/0.7-SNAPSHOT/oak-solr-embedded-0.7-SNAPSHOT.pom
[[1;34mINFO[m] 
[[1;34mINFO[m] [1m--- [0;32mmaven-bundle-plugin:2.3.7:install[m [1m(default-install)[m @ [36moak-solr-embedded[0;1m ---[m
[[1;34mINFO[m] Local OBR update disabled (enable with -DobrRepository)
[[1;34mINFO[m] 
[[1;34mINFO[m] [1m-------------------< [0;36morg.apache.jackrabbit:oak-run[0;1m >--------------------[m
[[1;34mINFO[m] [1mBuilding Oak Runnable Jar 0.7-SNAPSHOT                           [16/20][m
[[1;34mINFO[m] [1m--------------------------------[ jar ]---------------------------------[m
[[1;34mINFO[m] 
[[1;34mINFO[m] [1m--- [0;32mmaven-remote-resources-plugin:1.2.1:process[m [1m(default)[m @ [36moak-run[0;1m ---[m
[[1;34mINFO[m] 
[[1;34mINFO[m] [1m--- [0;32mmaven-resources-plugin:2.5:resources[m [1m(default-resources)[m @ [36moak-run[0;1m ---[m
[debug] execute contextualize
[[1;34mINFO[m] Using 'UTF-8' encoding to copy filtered resources.
[[1;34mINFO[m] Copying 2 resources
[[1;34mINFO[m] Copying 3 resources
[[1;34mINFO[m] 
[[1;34mINFO[m] [1m--- [0;32mbuild-helper-maven-plugin:1.7:reserve-network-port[m [1m(reserve-network-port)[m @ [36moak-run[0;1m ---[m
[[1;34mINFO[m] Reserved port 32935 for jetty.http.port
[[1;34mINFO[m] 
[[1;34mINFO[m] [1m--- [0;32mmaven-compiler-plugin:2.3.2:compile[m [1m(default-compile)[m @ [36moak-run[0;1m ---[m
[[1;34mINFO[m] Compiling 29 source files to /home/user/Reproducibility-Scanner/benchmarks/bugs-dot-jar/jackrabbit-oak/oak-run/target/classes
[[1;34mINFO[m] 
[[1;34mINFO[m] [1m--- [0;32mmaven-resources-plugin:2.5:testResources[m [1m(default-testResources)[m @ [36moak-run[0;1m ---[m
[debug] execute contextualize
[[1;34mINFO[m] Using 'UTF-8' encoding to copy filtered resources.
[[1;34mINFO[m] skip non existing resourceDirectory /home/user/Reproducibility-Scanner/benchmarks/bugs-dot-jar/jackrabbit-oak/oak-run/src/test/resources
[[1;34mINFO[m] Copying 3 resources
[[1;34mINFO[m] 
[[1;34mINFO[m] [1m--- [0;32mmaven-compiler-plugin:2.3.2:testCompile[m [1m(default-testCompile)[m @ [36moak-run[0;1m ---[m
[[1;34mINFO[m] Compiling 1 source file to /home/user/Reproducibility-Scanner/benchmarks/bugs-dot-jar/jackrabbit-oak/oak-run/target/test-classes
[[1;34mINFO[m] 
[[1;34mINFO[m] [1m--- [0;32mmaven-surefire-plugin:2.9:test[m [1m(default-test)[m @ [36moak-run[0;1m ---[m
[[1;34mINFO[m] Tests are skipped.
[[1;34mINFO[m] 
[[1;34mINFO[m] [1m--- [0;32mmaven-jar-plugin:2.3.1:jar[m [1m(default-jar)[m @ [36moak-run[0;1m ---[m
[[1;34mINFO[m] Building jar: /home/user/Reproducibility-Scanner/benchmarks/bugs-dot-jar/jackrabbit-oak/oak-run/target/oak-run-0.7-SNAPSHOT.jar
[[1;34mINFO[m] 
[[1;34mINFO[m] [1m--- [0;32mmaven-site-plugin:3.0:attach-descriptor[m [1m(attach-descriptor)[m @ [36moak-run[0;1m ---[m
[[1;34mINFO[m] 
[[1;34mINFO[m] [1m--- [0;32mmaven-shade-plugin:1.6:shade[m [1m(default)[m @ [36moak-run[0;1m ---[m
[[1;34mINFO[m] Including org.apache.jackrabbit:oak-jcr:jar:0.7-SNAPSHOT in the shaded jar.
[[1;34mINFO[m] Including javax.jcr:jcr:jar:2.0 in the shaded jar.
[[1;34mINFO[m] Including org.apache.jackrabbit:oak-core:jar:0.7-SNAPSHOT in the shaded jar.
[[1;34mINFO[m] Including org.apache.jackrabbit:oak-mk-api:jar:0.7-SNAPSHOT in the shaded jar.
[[1;34mINFO[m] Including org.apache.jackrabbit:oak-mk-remote:jar:0.7-SNAPSHOT in the shaded jar.
[[1;34mINFO[m] Including org.apache.jackrabbit:oak-commons:jar:0.7-SNAPSHOT in the shaded jar.
[[1;34mINFO[m] Including com.google.code.findbugs:jsr305:jar:2.0.0 in the shaded jar.
[[1;34mINFO[m] Including org.apache.jackrabbit:jackrabbit-api:jar:2.7-SNAPSHOT in the shaded jar.
[[1;34mINFO[m] Including org.apache.jackrabbit:jackrabbit-jcr-commons:jar:2.7-SNAPSHOT in the shaded jar.
[[1;34mINFO[m] Including com.google.guava:guava:jar:13.0.1 in the shaded jar.
[[1;34mINFO[m] Including org.slf4j:slf4j-api:jar:1.6.6 in the shaded jar.
[[1;34mINFO[m] Including org.apache.jackrabbit:oak-http:jar:0.7-SNAPSHOT in the shaded jar.
[[1;34mINFO[m] Including org.apache.tika:tika-core:jar:1.1 in the shaded jar.
[[1;34mINFO[m] Including com.fasterxml.jackson.core:jackson-core:jar:2.0.0 in the shaded jar.
[[1;34mINFO[m] Including com.fasterxml.jackson.core:jackson-databind:jar:2.0.0 in the shaded jar.
[[1;34mINFO[m] Including com.fasterxml.jackson.core:jackson-annotations:jar:2.0.0 in the shaded jar.
[[1;34mINFO[m] Including com.fasterxml.jackson.dataformat:jackson-dataformat-smile:jar:2.0.2 in the shaded jar.
[[1;34mINFO[m] Including org.apache.jackrabbit:oak-mongomk:jar:0.7-SNAPSHOT in the shaded jar.
[[1;34mINFO[m] Including org.apache.jackrabbit:oak-mk:jar:0.7-SNAPSHOT in the shaded jar.
[[1;34mINFO[m] Including org.mongodb:mongo-java-driver:jar:2.9.1 in the shaded jar.
[[1;34mINFO[m] Including commons-codec:commons-codec:jar:1.5 in the shaded jar.
[[1;34mINFO[m] Including org.json:json:jar:20090211 in the shaded jar.
[[1;34mINFO[m] Including com.googlecode.json-simple:json-simple:jar:1.1 in the shaded jar.
[[1;34mINFO[m] Including com.h2database:h2:jar:1.3.158 in the shaded jar.
[[1;34mINFO[m] Including org.apache.jackrabbit:jackrabbit-jcr-server:jar:2.7-SNAPSHOT in the shaded jar.
[[1;34mINFO[m] Including org.apache.jackrabbit:jackrabbit-spi-commons:jar:2.7-SNAPSHOT in the shaded jar.
[[1;34mINFO[m] Including org.apache.jackrabbit:jackrabbit-webdav:jar:2.7-SNAPSHOT in the shaded jar.
[[1;34mINFO[m] Including commons-httpclient:commons-httpclient:jar:3.1 in the shaded jar.
[[1;34mINFO[m] Including commons-fileupload:commons-fileupload:jar:1.2.1 in the shaded jar.
[[1;34mINFO[m] Including org.apache.jackrabbit:jackrabbit-core:jar:2.7-SNAPSHOT in the shaded jar.
[[1;34mINFO[m] Including concurrent:concurrent:jar:1.3.4 in the shaded jar.
[[1;34mINFO[m] Including commons-collections:commons-collections:jar:3.2.1 in the shaded jar.
[[1;34mINFO[m] Including commons-io:commons-io:jar:2.2 in the shaded jar.
[[1;34mINFO[m] Including commons-dbcp:commons-dbcp:jar:1.3 in the shaded jar.
[[1;34mINFO[m] Including commons-pool:commons-pool:jar:1.5.4 in the shaded jar.
[[1;34mINFO[m] Including org.apache.jackrabbit:jackrabbit-spi:jar:2.7-SNAPSHOT in the shaded jar.
[[1;34mINFO[m] Including org.apache.lucene:lucene-core:jar:3.6.0 in the shaded jar.
[[1;34mINFO[m] Including org.apache.derby:derby:jar:10.5.3.0_1 in the shaded jar.
[[1;34mINFO[m] Including org.slf4j:jcl-over-slf4j:jar:1.6.6 in the shaded jar.
[[1;34mINFO[m] Including org.apache.commons:commons-math:jar:2.0 in the shaded jar.
[[1;34mINFO[m] Including org.eclipse.jetty:jetty-servlet:jar:8.1.2.v20120308 in the shaded jar.
[[1;34mINFO[m] Including org.eclipse.jetty:jetty-security:jar:8.1.2.v20120308 in the shaded jar.
[[1;34mINFO[m] Including org.eclipse.jetty:jetty-server:jar:8.1.2.v20120308 in the shaded jar.
[[1;34mINFO[m] Including org.eclipse.jetty.orbit:javax.servlet:jar:3.0.0.v201112011016 in the shaded jar.
[[1;34mINFO[m] Including org.eclipse.jetty:jetty-continuation:jar:8.1.2.v20120308 in the shaded jar.
[[1;34mINFO[m] Including org.eclipse.jetty:jetty-http:jar:8.1.2.v20120308 in the shaded jar.
[[1;34mINFO[m] Including org.eclipse.jetty:jetty-io:jar:8.1.2.v20120308 in the shaded jar.
[[1;34mINFO[m] Including org.eclipse.jetty:jetty-util:jar:8.1.2.v20120308 in the shaded jar.
[[1;34mINFO[m] Including net.sf.jopt-simple:jopt-simple:jar:4.4 in the shaded jar.
[[1;34mINFO[m] Including ch.qos.logback:logback-classic:jar:1.0.7 in the shaded jar.
[[1;34mINFO[m] Including ch.qos.logback:logback-core:jar:1.0.7 in the shaded jar.
[[1;33mWARNING[m] We have a duplicate org/apache/jackrabbit/mk/model/AbstractCommit.class in /home/user/Reproducibility-Scanner/benchmarks/bugs-dot-jar/jackrabbit-oak/oak-mk/target/oak-mk-0.7-SNAPSHOT.jar
[[1;33mWARNING[m] We have a duplicate org/apache/jackrabbit/mk/model/AbstractNode$1.class in /home/user/Reproducibility-Scanner/benchmarks/bugs-dot-jar/jackrabbit-oak/oak-mk/target/oak-mk-0.7-SNAPSHOT.jar
[[1;33mWARNING[m] We have a duplicate org/apache/jackrabbit/mk/model/AbstractNode.class in /home/user/Reproducibility-Scanner/benchmarks/bugs-dot-jar/jackrabbit-oak/oak-mk/target/oak-mk-0.7-SNAPSHOT.jar
[[1;33mWARNING[m] We have a duplicate org/apache/jackrabbit/mk/model/ChildNodeEntries.class in /home/user/Reproducibility-Scanner/benchmarks/bugs-dot-jar/jackrabbit-oak/oak-mk/target/oak-mk-0.7-SNAPSHOT.jar
[[1;33mWARNING[m] We have a duplicate org/apache/jackrabbit/mk/model/ChildNodeEntriesMap$1.class in /home/user/Reproducibility-Scanner/benchmarks/bugs-dot-jar/jackrabbit-oak/oak-mk/target/oak-mk-0.7-SNAPSHOT.jar
[[1;33mWARNING[m] We have a duplicate org/apache/jackrabbit/mk/model/ChildNodeEntriesMap$2.class in /home/user/Reproducibility-Scanner/benchmarks/bugs-dot-jar/jackrabbit-oak/oak-mk/target/oak-mk-0.7-SNAPSHOT.jar
[[1;33mWARNING[m] We have a duplicate org/apache/jackrabbit/mk/model/ChildNodeEntriesMap$3.class in /home/user/Reproducibility-Scanner/benchmarks/bugs-dot-jar/jackrabbit-oak/oak-mk/target/oak-mk-0.7-SNAPSHOT.jar
[[1;33mWARNING[m] We have a duplicate org/apache/jackrabbit/mk/model/ChildNodeEntriesMap$4.class in /home/user/Reproducibility-Scanner/benchmarks/bugs-dot-jar/jackrabbit-oak/oak-mk/target/oak-mk-0.7-SNAPSHOT.jar
[[1;33mWARNING[m] We have a duplicate org/apache/jackrabbit/mk/model/ChildNodeEntriesMap.class in /home/user/Reproducibility-Scanner/benchmarks/bugs-dot-jar/jackrabbit-oak/oak-mk/target/oak-mk-0.7-SNAPSHOT.jar
[[1;33mWARNING[m] We have a duplicate org/apache/jackrabbit/mk/model/ChildNodeEntriesTree$1.class in /home/user/Reproducibility-Scanner/benchmarks/bugs-dot-jar/jackrabbit-oak/oak-mk/target/oak-mk-0.7-SNAPSHOT.jar
[[1;33mWARNING[m] We have a duplicate org/apache/jackrabbit/mk/model/ChildNodeEntriesTree$2.class in /home/user/Reproducibility-Scanner/benchmarks/bugs-dot-jar/jackrabbit-oak/oak-mk/target/oak-mk-0.7-SNAPSHOT.jar
[[1;33mWARNING[m] We have a duplicate org/apache/jackrabbit/mk/model/ChildNodeEntriesTree$3.class in /home/user/Reproducibility-Scanner/benchmarks/bugs-dot-jar/jackrabbit-oak/oak-mk/target/oak-mk-0.7-SNAPSHOT.jar
[[1;33mWARNING[m] We have a duplicate org/apache/jackrabbit/mk/model/ChildNodeEntriesTree$4.class in /home/user/Reproducibility-Scanner/benchmarks/bugs-dot-jar/jackrabbit-oak/oak-mk/target/oak-mk-0.7-SNAPSHOT.jar
[[1;33mWARNING[m] We have a duplicate org/apache/jackrabbit/mk/model/ChildNodeEntriesTree$5.class in /home/user/Reproducibility-Scanner/benchmarks/bugs-dot-jar/jackrabbit-oak/oak-mk/target/oak-mk-0.7-SNAPSHOT.jar
[[1;33mWARNING[m] We have a duplicate org/apache/jackrabbit/mk/model/ChildNodeEntriesTree$Bucket.class in /home/user/Reproducibility-Scanner/benchmarks/bugs-dot-jar/jackrabbit-oak/oak-mk/target/oak-mk-0.7-SNAPSHOT.jar
[[1;33mWARNING[m] We have a duplicate org/apache/jackrabbit/mk/model/ChildNodeEntriesTree$BucketInfo.class in /home/user/Reproducibility-Scanner/benchmarks/bugs-dot-jar/jackrabbit-oak/oak-mk/target/oak-mk-0.7-SNAPSHOT.jar
[[1;33mWARNING[m] We have a duplicate org/apache/jackrabbit/mk/model/ChildNodeEntriesTree$IndexEntry.class in /home/user/Reproducibility-Scanner/benchmarks/bugs-dot-jar/jackrabbit-oak/oak-mk/target/oak-mk-0.7-SNAPSHOT.jar
[[1;33mWARNING[m] We have a duplicate org/apache/jackrabbit/mk/model/ChildNodeEntriesTree$NodeInfo.class in /home/user/Reproducibility-Scanner/benchmarks/bugs-dot-jar/jackrabbit-oak/oak-mk/target/oak-mk-0.7-SNAPSHOT.jar
[[1;33mWARNING[m] We have a duplicate org/apache/jackrabbit/mk/model/ChildNodeEntriesTree.class in /home/user/Reproducibility-Scanner/benchmarks/bugs-dot-jar/jackrabbit-oak/oak-mk/target/oak-mk-0.7-SNAPSHOT.jar
[[1;33mWARNING[m] We have a duplicate org/apache/jackrabbit/mk/model/ChildNodeEntry.class in /home/user/Reproducibility-Scanner/benchmarks/bugs-dot-jar/jackrabbit-oak/oak-mk/target/oak-mk-0.7-SNAPSHOT.jar
[[1;33mWARNING[m] We have a duplicate org/apache/jackrabbit/mk/model/Commit.class in /home/user/Reproducibility-Scanner/benchmarks/bugs-dot-jar/jackrabbit-oak/oak-mk/target/oak-mk-0.7-SNAPSHOT.jar
[[1;33mWARNING[m] We have a duplicate org/apache/jackrabbit/mk/model/CommitBuilder$AddNode.class in /home/user/Reproducibility-Scanner/benchmarks/bugs-dot-jar/jackrabbit-oak/oak-mk/target/oak-mk-0.7-SNAPSHOT.jar
[[1;33mWARNING[m] We have a duplicate org/apache/jackrabbit/mk/model/CommitBuilder$Change.class in /home/user/Reproducibility-Scanner/benchmarks/bugs-dot-jar/jackrabbit-oak/oak-mk/target/oak-mk-0.7-SNAPSHOT.jar
[[1;33mWARNING[m] We have a duplicate org/apache/jackrabbit/mk/model/CommitBuilder$CopyNode.class in /home/user/Reproducibility-Scanner/benchmarks/bugs-dot-jar/jackrabbit-oak/oak-mk/target/oak-mk-0.7-SNAPSHOT.jar
[[1;33mWARNING[m] We have a duplicate org/apache/jackrabbit/mk/model/CommitBuilder$MoveNode.class in /home/user/Reproducibility-Scanner/benchmarks/bugs-dot-jar/jackrabbit-oak/oak-mk/target/oak-mk-0.7-SNAPSHOT.jar
[[1;33mWARNING[m] We have a duplicate org/apache/jackrabbit/mk/model/CommitBuilder$RemoveNode.class in /home/user/Reproducibility-Scanner/benchmarks/bugs-dot-jar/jackrabbit-oak/oak-mk/target/oak-mk-0.7-SNAPSHOT.jar
[[1;33mWARNING[m] We have a duplicate org/apache/jackrabbit/mk/model/CommitBuilder$SetProperty.class in /home/user/Reproducibility-Scanner/benchmarks/bugs-dot-jar/jackrabbit-oak/oak-mk/target/oak-mk-0.7-SNAPSHOT.jar
[[1;33mWARNING[m] We have a duplicate org/apache/jackrabbit/mk/model/CommitBuilder.class in /home/user/Reproducibility-Scanner/benchmarks/bugs-dot-jar/jackrabbit-oak/oak-mk/target/oak-mk-0.7-SNAPSHOT.jar
[[1;33mWARNING[m] We have a duplicate org/apache/jackrabbit/mk/model/Id.class in /home/user/Reproducibility-Scanner/benchmarks/bugs-dot-jar/jackrabbit-oak/oak-mk/target/oak-mk-0.7-SNAPSHOT.jar
[[1;33mWARNING[m] We have a duplicate org/apache/jackrabbit/mk/model/MutableCommit.class in /home/user/Reproducibility-Scanner/benchmarks/bugs-dot-jar/jackrabbit-oak/oak-mk/target/oak-mk-0.7-SNAPSHOT.jar
[[1;33mWARNING[m] We have a duplicate org/apache/jackrabbit/mk/model/MutableNode.class in /home/user/Reproducibility-Scanner/benchmarks/bugs-dot-jar/jackrabbit-oak/oak-mk/target/oak-mk-0.7-SNAPSHOT.jar
[[1;33mWARNING[m] We have a duplicate org/apache/jackrabbit/mk/model/Node.class in /home/user/Reproducibility-Scanner/benchmarks/bugs-dot-jar/jackrabbit-oak/oak-mk/target/oak-mk-0.7-SNAPSHOT.jar
[[1;33mWARNING[m] We have a duplicate org/apache/jackrabbit/mk/model/NodeDiffHandler.class in /home/user/Reproducibility-Scanner/benchmarks/bugs-dot-jar/jackrabbit-oak/oak-mk/target/oak-mk-0.7-SNAPSHOT.jar
[[1;33mWARNING[m] We have a duplicate org/apache/jackrabbit/mk/model/StagedNodeTree$1.class in /home/user/Reproducibility-Scanner/benchmarks/bugs-dot-jar/jackrabbit-oak/oak-mk/target/oak-mk-0.7-SNAPSHOT.jar
[[1;33mWARNING[m] We have a duplicate org/apache/jackrabbit/mk/model/StagedNodeTree$StagedNode.class in /home/user/Reproducibility-Scanner/benchmarks/bugs-dot-jar/jackrabbit-oak/oak-mk/target/oak-mk-0.7-SNAPSHOT.jar
[[1;33mWARNING[m] We have a duplicate org/apache/jackrabbit/mk/model/StagedNodeTree.class in /home/user/Reproducibility-Scanner/benchmarks/bugs-dot-jar/jackrabbit-oak/oak-mk/target/oak-mk-0.7-SNAPSHOT.jar
[[1;33mWARNING[m] We have a duplicate org/apache/jackrabbit/mk/model/StoredCommit.class in /home/user/Reproducibility-Scanner/benchmarks/bugs-dot-jar/jackrabbit-oak/oak-mk/target/oak-mk-0.7-SNAPSHOT.jar
[[1;33mWARNING[m] We have a duplicate org/apache/jackrabbit/mk/model/StoredNode.class in /home/user/Reproducibility-Scanner/benchmarks/bugs-dot-jar/jackrabbit-oak/oak-mk/target/oak-mk-0.7-SNAPSHOT.jar
[[1;33mWARNING[m] We have a duplicate org/apache/jackrabbit/mk/model/tree/AbstractChildNode.class in /home/user/Reproducibility-Scanner/benchmarks/bugs-dot-jar/jackrabbit-oak/oak-mk/target/oak-mk-0.7-SNAPSHOT.jar
[[1;33mWARNING[m] We have a duplicate org/apache/jackrabbit/mk/model/tree/AbstractNodeState.class in /home/user/Reproducibility-Scanner/benchmarks/bugs-dot-jar/jackrabbit-oak/oak-mk/target/oak-mk-0.7-SNAPSHOT.jar
[[1;33mWARNING[m] We have a duplicate org/apache/jackrabbit/mk/model/tree/AbstractPropertyState.class in /home/user/Reproducibility-Scanner/benchmarks/bugs-dot-jar/jackrabbit-oak/oak-mk/target/oak-mk-0.7-SNAPSHOT.jar
[[1;33mWARNING[m] We have a duplicate org/apache/jackrabbit/mk/model/tree/ChildNode.class in /home/user/Reproducibility-Scanner/benchmarks/bugs-dot-jar/jackrabbit-oak/oak-mk/target/oak-mk-0.7-SNAPSHOT.jar
[[1;33mWARNING[m] We have a duplicate org/apache/jackrabbit/mk/model/tree/DiffBuilder$1.class in /home/user/Reproducibility-Scanner/benchmarks/bugs-dot-jar/jackrabbit-oak/oak-mk/target/oak-mk-0.7-SNAPSHOT.jar
[[1;33mWARNING[m] We have a duplicate org/apache/jackrabbit/mk/model/tree/DiffBuilder$2.class in /home/user/Reproducibility-Scanner/benchmarks/bugs-dot-jar/jackrabbit-oak/oak-mk/target/oak-mk-0.7-SNAPSHOT.jar
[[1;33mWARNING[m] We have a duplicate org/apache/jackrabbit/mk/model/tree/DiffBuilder.class in /home/user/Reproducibility-Scanner/benchmarks/bugs-dot-jar/jackrabbit-oak/oak-mk/target/oak-mk-0.7-SNAPSHOT.jar
[[1;33mWARNING[m] We have a duplicate org/apache/jackrabbit/mk/model/tree/NodeDelta$1.class in /home/user/Reproducibility-Scanner/benchmarks/bugs-dot-jar/jackrabbit-oak/oak-mk/target/oak-mk-0.7-SNAPSHOT.jar
[[1;33mWARNING[m] We have a duplicate org/apache/jackrabbit/mk/model/tree/NodeDelta$Conflict.class in /home/user/Reproducibility-Scanner/benchmarks/bugs-dot-jar/jackrabbit-oak/oak-mk/target/oak-mk-0.7-SNAPSHOT.jar
[[1;33mWARNING[m] We have a duplicate org/apache/jackrabbit/mk/model/tree/NodeDelta$ConflictType.class in /home/user/Reproducibility-Scanner/benchmarks/bugs-dot-jar/jackrabbit-oak/oak-mk/target/oak-mk-0.7-SNAPSHOT.jar
[[1;33mWARNING[m] We have a duplicate org/apache/jackrabbit/mk/model/tree/NodeDelta$DiffHandler.class in /home/user/Reproducibility-Scanner/benchmarks/bugs-dot-jar/jackrabbit-oak/oak-mk/target/oak-mk-0.7-SNAPSHOT.jar
[[1;33mWARNING[m] We have a duplicate org/apache/jackrabbit/mk/model/tree/NodeDelta.class in /home/user/Reproducibility-Scanner/benchmarks/bugs-dot-jar/jackrabbit-oak/oak-mk/target/oak-mk-0.7-SNAPSHOT.jar
[[1;33mWARNING[m] We have a duplicate org/apache/jackrabbit/mk/model/tree/NodeState.class in /home/user/Reproducibility-Scanner/benchmarks/bugs-dot-jar/jackrabbit-oak/oak-mk/target/oak-mk-0.7-SNAPSHOT.jar
[[1;33mWARNING[m] We have a duplicate org/apache/jackrabbit/mk/model/tree/NodeStateDiff.class in /home/user/Reproducibility-Scanner/benchmarks/bugs-dot-jar/jackrabbit-oak/oak-mk/target/oak-mk-0.7-SNAPSHOT.jar
[[1;33mWARNING[m] We have a duplicate org/apache/jackrabbit/mk/model/tree/NodeStore.class in /home/user/Reproducibility-Scanner/benchmarks/bugs-dot-jar/jackrabbit-oak/oak-mk/target/oak-mk-0.7-SNAPSHOT.jar
[[1;33mWARNING[m] We have a duplicate org/apache/jackrabbit/mk/model/tree/PropertyState.class in /home/user/Reproducibility-Scanner/benchmarks/bugs-dot-jar/jackrabbit-oak/oak-mk/target/oak-mk-0.7-SNAPSHOT.jar
[[1;33mWARNING[m] We have a duplicate org/apache/jackrabbit/mk/model/tree/TraversingNodeDiffHandler.class in /home/user/Reproducibility-Scanner/benchmarks/bugs-dot-jar/jackrabbit-oak/oak-mk/target/oak-mk-0.7-SNAPSHOT.jar
[[1;33mWARNING[m] We have a duplicate org/apache/jackrabbit/mk/persistence/GCPersistence.class in /home/user/Reproducibility-Scanner/benchmarks/bugs-dot-jar/jackrabbit-oak/oak-mk/target/oak-mk-0.7-SNAPSHOT.jar
[[1;33mWARNING[m] We have a duplicate org/apache/jackrabbit/mk/persistence/H2Persistence.class in /home/user/Reproducibility-Scanner/benchmarks/bugs-dot-jar/jackrabbit-oak/oak-mk/target/oak-mk-0.7-SNAPSHOT.jar
[[1;33mWARNING[m] We have a duplicate org/apache/jackrabbit/mk/persistence/InMemPersistence.class in /home/user/Reproducibility-Scanner/benchmarks/bugs-dot-jar/jackrabbit-oak/oak-mk/target/oak-mk-0.7-SNAPSHOT.jar
[[1;33mWARNING[m] We have a duplicate org/apache/jackrabbit/mk/persistence/Persistence.class in /home/user/Reproducibility-Scanner/benchmarks/bugs-dot-jar/jackrabbit-oak/oak-mk/target/oak-mk-0.7-SNAPSHOT.jar
[[1;33mWARNING[m] We have a duplicate org/apache/jackrabbit/mk/store/AbstractRevisionStore.class in /home/user/Reproducibility-Scanner/benchmarks/bugs-dot-jar/jackrabbit-oak/oak-mk/target/oak-mk-0.7-SNAPSHOT.jar
[[1;33mWARNING[m] We have a duplicate org/apache/jackrabbit/mk/store/BinaryBinding$1.class in /home/user/Reproducibility-Scanner/benchmarks/bugs-dot-jar/jackrabbit-oak/oak-mk/target/oak-mk-0.7-SNAPSHOT.jar
[[1;33mWARNING[m] We have a duplicate org/apache/jackrabbit/mk/store/BinaryBinding$2.class in /home/user/Reproducibility-Scanner/benchmarks/bugs-dot-jar/jackrabbit-oak/oak-mk/target/oak-mk-0.7-SNAPSHOT.jar
[[1;33mWARNING[m] We have a duplicate org/apache/jackrabbit/mk/store/BinaryBinding.class in /home/user/Reproducibility-Scanner/benchmarks/bugs-dot-jar/jackrabbit-oak/oak-mk/target/oak-mk-0.7-SNAPSHOT.jar
[[1;33mWARNING[m] We have a duplicate org/apache/jackrabbit/mk/store/Binding$BytesEntry.class in /home/user/Reproducibility-Scanner/benchmarks/bugs-dot-jar/jackrabbit-oak/oak-mk/target/oak-mk-0.7-SNAPSHOT.jar
[[1;33mWARNING[m] We have a duplicate org/apache/jackrabbit/mk/store/Binding$BytesEntryIterator.class in /home/user/Reproducibility-Scanner/benchmarks/bugs-dot-jar/jackrabbit-oak/oak-mk/target/oak-mk-0.7-SNAPSHOT.jar
[[1;33mWARNING[m] We have a duplicate org/apache/jackrabbit/mk/store/Binding$Entry.class in /home/user/Reproducibility-Scanner/benchmarks/bugs-dot-jar/jackrabbit-oak/oak-mk/target/oak-mk-0.7-SNAPSHOT.jar
[[1;33mWARNING[m] We have a duplicate org/apache/jackrabbit/mk/store/Binding$StringEntry.class in /home/user/Reproducibility-Scanner/benchmarks/bugs-dot-jar/jackrabbit-oak/oak-mk/target/oak-mk-0.7-SNAPSHOT.jar
[[1;33mWARNING[m] We have a duplicate org/apache/jackrabbit/mk/store/Binding$StringEntryIterator.class in /home/user/Reproducibility-Scanner/benchmarks/bugs-dot-jar/jackrabbit-oak/oak-mk/target/oak-mk-0.7-SNAPSHOT.jar
[[1;33mWARNING[m] We have a duplicate org/apache/jackrabbit/mk/store/Binding.class in /home/user/Reproducibility-Scanner/benchmarks/bugs-dot-jar/jackrabbit-oak/oak-mk/target/oak-mk-0.7-SNAPSHOT.jar
[[1;33mWARNING[m] We have a duplicate org/apache/jackrabbit/mk/store/CacheObject.class in /home/user/Reproducibility-Scanner/benchmarks/bugs-dot-jar/jackrabbit-oak/oak-mk/target/oak-mk-0.7-SNAPSHOT.jar
[[1;33mWARNING[m] We have a duplicate org/apache/jackrabbit/mk/store/DefaultRevisionStore$1.class in /home/user/Reproducibility-Scanner/benchmarks/bugs-dot-jar/jackrabbit-oak/oak-mk/target/oak-mk-0.7-SNAPSHOT.jar
[[1;33mWARNING[m] We have a duplicate org/apache/jackrabbit/mk/store/DefaultRevisionStore$2.class in /home/user/Reproducibility-Scanner/benchmarks/bugs-dot-jar/jackrabbit-oak/oak-mk/target/oak-mk-0.7-SNAPSHOT.jar
[[1;33mWARNING[m] We have a duplicate org/apache/jackrabbit/mk/store/DefaultRevisionStore$3.class in /home/user/Reproducibility-Scanner/benchmarks/bugs-dot-jar/jackrabbit-oak/oak-mk/target/oak-mk-0.7-SNAPSHOT.jar
[[1;33mWARNING[m] We have a duplicate org/apache/jackrabbit/mk/store/DefaultRevisionStore$4.class in /home/user/Reproducibility-Scanner/benchmarks/bugs-dot-jar/jackrabbit-oak/oak-mk/target/oak-mk-0.7-SNAPSHOT.jar
[[1;33mWARNING[m] We have a duplicate org/apache/jackrabbit/mk/store/DefaultRevisionStore$5.class in /home/user/Reproducibility-Scanner/benchmarks/bugs-dot-jar/jackrabbit-oak/oak-mk/target/oak-mk-0.7-SNAPSHOT.jar
[[1;33mWARNING[m] We have a duplicate org/apache/jackrabbit/mk/store/DefaultRevisionStore$6.class in /home/user/Reproducibility-Scanner/benchmarks/bugs-dot-jar/jackrabbit-oak/oak-mk/target/oak-mk-0.7-SNAPSHOT.jar
[[1;33mWARNING[m] We have a duplicate org/apache/jackrabbit/mk/store/DefaultRevisionStore$7.class in /home/user/Reproducibility-Scanner/benchmarks/bugs-dot-jar/jackrabbit-oak/oak-mk/target/oak-mk-0.7-SNAPSHOT.jar
[[1;33mWARNING[m] We have a duplicate org/apache/jackrabbit/mk/store/DefaultRevisionStore$PutTokenImpl.class in /home/user/Reproducibility-Scanner/benchmarks/bugs-dot-jar/jackrabbit-oak/oak-mk/target/oak-mk-0.7-SNAPSHOT.jar
[[1;33mWARNING[m] We have a duplicate org/apache/jackrabbit/mk/store/DefaultRevisionStore.class in /home/user/Reproducibility-Scanner/benchmarks/bugs-dot-jar/jackrabbit-oak/oak-mk/target/oak-mk-0.7-SNAPSHOT.jar
[[1;33mWARNING[m] We have a duplicate org/apache/jackrabbit/mk/store/IdFactory$1.class in /home/user/Reproducibility-Scanner/benchmarks/bugs-dot-jar/jackrabbit-oak/oak-mk/target/oak-mk-0.7-SNAPSHOT.jar
[[1;33mWARNING[m] We have a duplicate org/apache/jackrabbit/mk/store/IdFactory.class in /home/user/Reproducibility-Scanner/benchmarks/bugs-dot-jar/jackrabbit-oak/oak-mk/target/oak-mk-0.7-SNAPSHOT.jar
[[1;33mWARNING[m] We have a duplicate org/apache/jackrabbit/mk/store/NotFoundException.class in /home/user/Reproducibility-Scanner/benchmarks/bugs-dot-jar/jackrabbit-oak/oak-mk/target/oak-mk-0.7-SNAPSHOT.jar
[[1;33mWARNING[m] We have a duplicate org/apache/jackrabbit/mk/store/PersistHook.class in /home/user/Reproducibility-Scanner/benchmarks/bugs-dot-jar/jackrabbit-oak/oak-mk/target/oak-mk-0.7-SNAPSHOT.jar
[[1;33mWARNING[m] We have a duplicate org/apache/jackrabbit/mk/store/RevisionProvider.class in /home/user/Reproducibility-Scanner/benchmarks/bugs-dot-jar/jackrabbit-oak/oak-mk/target/oak-mk-0.7-SNAPSHOT.jar
[[1;33mWARNING[m] We have a duplicate org/apache/jackrabbit/mk/store/RevisionStore$PutToken.class in /home/user/Reproducibility-Scanner/benchmarks/bugs-dot-jar/jackrabbit-oak/oak-mk/target/oak-mk-0.7-SNAPSHOT.jar
[[1;33mWARNING[m] We have a duplicate org/apache/jackrabbit/mk/store/RevisionStore.class in /home/user/Reproducibility-Scanner/benchmarks/bugs-dot-jar/jackrabbit-oak/oak-mk/target/oak-mk-0.7-SNAPSHOT.jar
[[1;33mWARNING[m] We have a duplicate org/apache/jackrabbit/mk/store/StoredNodeAsState$1$1.class in /home/user/Reproducibility-Scanner/benchmarks/bugs-dot-jar/jackrabbit-oak/oak-mk/target/oak-mk-0.7-SNAPSHOT.jar
[[1;33mWARNING[m] We have a duplicate org/apache/jackrabbit/mk/store/StoredNodeAsState$1.class in /home/user/Reproducibility-Scanner/benchmarks/bugs-dot-jar/jackrabbit-oak/oak-mk/target/oak-mk-0.7-SNAPSHOT.jar
[[1;33mWARNING[m] We have a duplicate org/apache/jackrabbit/mk/store/StoredNodeAsState$2$1.class in /home/user/Reproducibility-Scanner/benchmarks/bugs-dot-jar/jackrabbit-oak/oak-mk/target/oak-mk-0.7-SNAPSHOT.jar
[[1;33mWARNING[m] We have a duplicate org/apache/jackrabbit/mk/store/StoredNodeAsState$2.class in /home/user/Reproducibility-Scanner/benchmarks/bugs-dot-jar/jackrabbit-oak/oak-mk/target/oak-mk-0.7-SNAPSHOT.jar
[[1;33mWARNING[m] We have a duplicate org/apache/jackrabbit/mk/store/StoredNodeAsState$3.class in /home/user/Reproducibility-Scanner/benchmarks/bugs-dot-jar/jackrabbit-oak/oak-mk/target/oak-mk-0.7-SNAPSHOT.jar
[[1;33mWARNING[m] We have a duplicate org/apache/jackrabbit/mk/store/StoredNodeAsState$SimplePropertyState.class in /home/user/Reproducibility-Scanner/benchmarks/bugs-dot-jar/jackrabbit-oak/oak-mk/target/oak-mk-0.7-SNAPSHOT.jar
[[1;33mWARNING[m] We have a duplicate org/apache/jackrabbit/mk/store/StoredNodeAsState.class in /home/user/Reproducibility-Scanner/benchmarks/bugs-dot-jar/jackrabbit-oak/oak-mk/target/oak-mk-0.7-SNAPSHOT.jar
[[1;34mINFO[m] Replacing original artifact with shaded artifact.
[[1;34mINFO[m] Replacing /home/user/Reproducibility-Scanner/benchmarks/bugs-dot-jar/jackrabbit-oak/oak-run/target/oak-run-0.7-SNAPSHOT.jar with /home/user/Reproducibility-Scanner/benchmarks/bugs-dot-jar/jackrabbit-oak/oak-run/target/oak-run-0.7-SNAPSHOT-shaded.jar
[[1;34mINFO[m] 
[[1;34mINFO[m] [1m--- [0;32mmaven-install-plugin:2.3.1:install[m [1m(default-install)[m @ [36moak-run[0;1m ---[m
[[1;34mINFO[m] Installing /home/user/Reproducibility-Scanner/benchmarks/bugs-dot-jar/jackrabbit-oak/oak-run/target/oak-run-0.7-SNAPSHOT.jar to /home/user/.m2/repository/org/apache/jackrabbit/oak-run/0.7-SNAPSHOT/oak-run-0.7-SNAPSHOT.jar
[[1;34mINFO[m] Installing /home/user/Reproducibility-Scanner/benchmarks/bugs-dot-jar/jackrabbit-oak/oak-run/pom.xml to /home/user/.m2/repository/org/apache/jackrabbit/oak-run/0.7-SNAPSHOT/oak-run-0.7-SNAPSHOT.pom
[[1;34mINFO[m] 
[[1;34mINFO[m] [1m-----------------< [0;36morg.apache.jackrabbit:oak-it-osgi[0;1m >------------------[m
[[1;34mINFO[m] [1mBuilding Oak Integration Tests for OSGi deployments 0.7-SNAPSHOT [17/20][m
[[1;34mINFO[m] [1m--------------------------------[ jar ]---------------------------------[m
[[1;34mINFO[m] 
[[1;34mINFO[m] [1m--- [0;32mmaven-remote-resources-plugin:1.2.1:process[m [1m(default)[m @ [36moak-it-osgi[0;1m ---[m
[[1;34mINFO[m] 
[[1;34mINFO[m] [1m--- [0;32mmaven-resources-plugin:2.5:resources[m [1m(default-resources)[m @ [36moak-it-osgi[0;1m ---[m
[debug] execute contextualize
[[1;34mINFO[m] Using 'UTF-8' encoding to copy filtered resources.
[[1;34mINFO[m] skip non existing resourceDirectory /home/user/Reproducibility-Scanner/benchmarks/bugs-dot-jar/jackrabbit-oak/oak-it/osgi/src/main/resources
[[1;34mINFO[m] Copying 3 resources
[[1;34mINFO[m] 
[[1;34mINFO[m] [1m--- [0;32mmaven-compiler-plugin:2.3.2:compile[m [1m(default-compile)[m @ [36moak-it-osgi[0;1m ---[m
[[1;34mINFO[m] No sources to compile
[[1;34mINFO[m] 
[[1;34mINFO[m] [1m--- [0;32mmaven-resources-plugin:2.5:testResources[m [1m(default-testResources)[m @ [36moak-it-osgi[0;1m ---[m
[debug] execute contextualize
[[1;34mINFO[m] Using 'UTF-8' encoding to copy filtered resources.
[[1;34mINFO[m] skip non existing resourceDirectory /home/user/Reproducibility-Scanner/benchmarks/bugs-dot-jar/jackrabbit-oak/oak-it/osgi/src/test/resources
[[1;34mINFO[m] Copying 3 resources
[[1;34mINFO[m] 
[[1;34mINFO[m] [1m--- [0;32mmaven-compiler-plugin:2.3.2:testCompile[m [1m(default-testCompile)[m @ [36moak-it-osgi[0;1m ---[m
[[1;34mINFO[m] Compiling 1 source file to /home/user/Reproducibility-Scanner/benchmarks/bugs-dot-jar/jackrabbit-oak/oak-it/osgi/target/test-classes
[[1;34mINFO[m] 
[[1;34mINFO[m] [1m--- [0;32mmaven-surefire-plugin:2.9:test[m [1m(default-test)[m @ [36moak-it-osgi[0;1m ---[m
[[1;34mINFO[m] Tests are skipped.
[[1;34mINFO[m] 
[[1;34mINFO[m] [1m--- [0;32mmaven-jar-plugin:2.3.1:jar[m [1m(default-jar)[m @ [36moak-it-osgi[0;1m ---[m
[[1;34mINFO[m] Building jar: /home/user/Reproducibility-Scanner/benchmarks/bugs-dot-jar/jackrabbit-oak/oak-it/osgi/target/oak-it-osgi-0.7-SNAPSHOT.jar
[[1;34mINFO[m] 
[[1;34mINFO[m] [1m--- [0;32mmaven-site-plugin:3.0:attach-descriptor[m [1m(attach-descriptor)[m @ [36moak-it-osgi[0;1m ---[m
[[1;34mINFO[m] 
[[1;34mINFO[m] [1m--- [0;32mmaven-assembly-plugin:2.2.1:single[m [1m(default)[m @ [36moak-it-osgi[0;1m ---[m
[[1;34mINFO[m] oak-core.jar already added, skipping
[[1;34mINFO[m] Copying files to /home/user/Reproducibility-Scanner/benchmarks/bugs-dot-jar/jackrabbit-oak/oak-it/osgi/target/test-bundles
[[1;34mINFO[m] oak-core.jar already added, skipping
[[1;34mINFO[m] 
[[1;34mINFO[m] [1m--- [0;32mmaven-install-plugin:2.3.1:install[m [1m(default-install)[m @ [36moak-it-osgi[0;1m ---[m
[[1;34mINFO[m] Installing /home/user/Reproducibility-Scanner/benchmarks/bugs-dot-jar/jackrabbit-oak/oak-it/osgi/target/oak-it-osgi-0.7-SNAPSHOT.jar to /home/user/.m2/repository/org/apache/jackrabbit/oak-it-osgi/0.7-SNAPSHOT/oak-it-osgi-0.7-SNAPSHOT.jar
[[1;34mINFO[m] Installing /home/user/Reproducibility-Scanner/benchmarks/bugs-dot-jar/jackrabbit-oak/oak-it/osgi/pom.xml to /home/user/.m2/repository/org/apache/jackrabbit/oak-it-osgi/0.7-SNAPSHOT/oak-it-osgi-0.7-SNAPSHOT.pom
[[1;34mINFO[m] 
[[1;34mINFO[m] [1m--------------------< [0;36morg.apache.jackrabbit:oak-it[0;1m >--------------------[m
[[1;34mINFO[m] [1mBuilding Oak Integration Tests 0.7-SNAPSHOT                      [18/20][m
[[1;34mINFO[m] [1m--------------------------------[ pom ]---------------------------------[m
[[1;34mINFO[m] 
[[1;34mINFO[m] [1m--- [0;32mmaven-remote-resources-plugin:1.2.1:process[m [1m(default)[m @ [36moak-it[0;1m ---[m
[[1;34mINFO[m] 
[[1;34mINFO[m] [1m--- [0;32mmaven-site-plugin:3.0:attach-descriptor[m [1m(attach-descriptor)[m @ [36moak-it[0;1m ---[m
[[1;34mINFO[m] 
[[1;34mINFO[m] [1m--- [0;32mmaven-install-plugin:2.3.1:install[m [1m(default-install)[m @ [36moak-it[0;1m ---[m
[[1;34mINFO[m] Installing /home/user/Reproducibility-Scanner/benchmarks/bugs-dot-jar/jackrabbit-oak/oak-it/pom.xml to /home/user/.m2/repository/org/apache/jackrabbit/oak-it/0.7-SNAPSHOT/oak-it-0.7-SNAPSHOT.pom
[[1;34mINFO[m] 
[[1;34mINFO[m] [1m----------------< [0;36morg.apache.jackrabbit:jackrabbit-oak[0;1m >----------------[m
[[1;34mINFO[m] [1mBuilding Jackrabbit Oak 0.7-SNAPSHOT                             [19/20][m
[[1;34mINFO[m] [1m--------------------------------[ pom ]---------------------------------[m
[[1;34mINFO[m] 
[[1;34mINFO[m] [1m--- [0;32mmaven-remote-resources-plugin:1.2.1:process[m [1m(default)[m @ [36mjackrabbit-oak[0;1m ---[m
[[1;34mINFO[m] 
[[1;34mINFO[m] [1m--- [0;32mmaven-site-plugin:3.0:attach-descriptor[m [1m(attach-descriptor)[m @ [36mjackrabbit-oak[0;1m ---[m
[[1;34mINFO[m] 
[[1;34mINFO[m] [1m--- [0;32mmaven-install-plugin:2.3.1:install[m [1m(default-install)[m @ [36mjackrabbit-oak[0;1m ---[m
[[1;34mINFO[m] Installing /home/user/Reproducibility-Scanner/benchmarks/bugs-dot-jar/jackrabbit-oak/pom.xml to /home/user/.m2/repository/org/apache/jackrabbit/jackrabbit-oak/0.7-SNAPSHOT/jackrabbit-oak-0.7-SNAPSHOT.pom
[[1;34mINFO[m] 
[[1;34mINFO[m] [1m-----------------< [0;36morg.apache.jackrabbit:oak-mk-perf[0;1m >------------------[m
[[1;34mINFO[m] [1mBuilding oak-mk-perf 0.7-SNAPSHOT                                [20/20][m
[[1;34mINFO[m] [1m--------------------------------[ jar ]---------------------------------[m
[[1;34mINFO[m] 
[[1;34mINFO[m] [1m--- [0;32mmaven-remote-resources-plugin:1.2.1:process[m [1m(default)[m @ [36moak-mk-perf[0;1m ---[m
[[1;34mINFO[m] 
[[1;34mINFO[m] [1m--- [0;32mmaven-resources-plugin:2.5:resources[m [1m(default-resources)[m @ [36moak-mk-perf[0;1m ---[m
[debug] execute contextualize
[[1;34mINFO[m] Using 'UTF-8' encoding to copy filtered resources.
[[1;34mINFO[m] Copying 1 resource
[[1;34mINFO[m] Copying 3 resources
[[1;34mINFO[m] 
[[1;34mINFO[m] [1m--- [0;32mmaven-compiler-plugin:2.3.2:compile[m [1m(default-compile)[m @ [36moak-mk-perf[0;1m ---[m
[[1;34mINFO[m] Compiling 17 source files to /home/user/Reproducibility-Scanner/benchmarks/bugs-dot-jar/jackrabbit-oak/oak-mk-perf/target/classes
[[1;34mINFO[m] 
[[1;34mINFO[m] [1m--- [0;32mmaven-resources-plugin:2.5:testResources[m [1m(default-testResources)[m @ [36moak-mk-perf[0;1m ---[m
[debug] execute contextualize
[[1;34mINFO[m] Using 'UTF-8' encoding to copy filtered resources.
[[1;34mINFO[m] skip non existing resourceDirectory /home/user/Reproducibility-Scanner/benchmarks/bugs-dot-jar/jackrabbit-oak/oak-mk-perf/src/test/resources
[[1;34mINFO[m] Copying 3 resources
[[1;34mINFO[m] 
[[1;34mINFO[m] [1m--- [0;32mmaven-compiler-plugin:2.3.2:testCompile[m [1m(default-testCompile)[m @ [36moak-mk-perf[0;1m ---[m
[[1;34mINFO[m] Compiling 5 source files to /home/user/Reproducibility-Scanner/benchmarks/bugs-dot-jar/jackrabbit-oak/oak-mk-perf/target/test-classes
[[1;34mINFO[m] 
[[1;34mINFO[m] [1m--- [0;32mmaven-surefire-plugin:2.9:test[m [1m(default-test)[m @ [36moak-mk-perf[0;1m ---[m
[[1;34mINFO[m] Tests are skipped.
[[1;34mINFO[m] 
[[1;34mINFO[m] [1m--- [0;32mmaven-jar-plugin:2.3.1:jar[m [1m(default-jar)[m @ [36moak-mk-perf[0;1m ---[m
[[1;34mINFO[m] Building jar: /home/user/Reproducibility-Scanner/benchmarks/bugs-dot-jar/jackrabbit-oak/oak-mk-perf/target/oak-mk-perf-0.7-SNAPSHOT.jar
[[1;34mINFO[m] 
[[1;34mINFO[m] [1m--- [0;32mmaven-site-plugin:3.0:attach-descriptor[m [1m(attach-descriptor)[m @ [36moak-mk-perf[0;1m ---[m
[[1;34mINFO[m] 
[[1;34mINFO[m] [1m--- [0;32mmaven-install-plugin:2.3.1:install[m [1m(default-install)[m @ [36moak-mk-perf[0;1m ---[m
[[1;34mINFO[m] Installing /home/user/Reproducibility-Scanner/benchmarks/bugs-dot-jar/jackrabbit-oak/oak-mk-perf/target/oak-mk-perf-0.7-SNAPSHOT.jar to /home/user/.m2/repository/org/apache/jackrabbit/oak-mk-perf/0.7-SNAPSHOT/oak-mk-perf-0.7-SNAPSHOT.jar
[[1;34mINFO[m] Installing /home/user/Reproducibility-Scanner/benchmarks/bugs-dot-jar/jackrabbit-oak/oak-mk-perf/pom.xml to /home/user/.m2/repository/org/apache/jackrabbit/oak-mk-perf/0.7-SNAPSHOT/oak-mk-perf-0.7-SNAPSHOT.pom
[[1;34mINFO[m] [1m------------------------------------------------------------------------[m
[[1;34mINFO[m] [1mReactor Summary for Jackrabbit Oak 0.7-SNAPSHOT:[m
[[1;34mINFO[m] 
[[1;34mINFO[m] Oak Parent POM ..................................... [1;32mSUCCESS[m [  0.828 s]
[[1;34mINFO[m] Oak Commons ........................................ [1;32mSUCCESS[m [  1.589 s]
[[1;34mINFO[m] Oak MicroKernel API ................................ [1;32mSUCCESS[m [  0.494 s]
[[1;34mINFO[m] Oak MicroKernel .................................... [1;32mSUCCESS[m [  2.406 s]
[[1;34mINFO[m] Oak MicroKernel Remoting ........................... [1;32mSUCCESS[m [  0.965 s]
[[1;34mINFO[m] Oak Mongo MicroKernel .............................. [1;32mSUCCESS[m [  2.352 s]
[[1;34mINFO[m] Oak Integration Tests for MicroKernel implementations [1;32mSUCCESS[m [  1.434 s]
[[1;34mINFO[m] Oak Core ........................................... [1;32mSUCCESS[m [  6.459 s]
[[1;34mINFO[m] Oak JCR Binding .................................... [1;32mSUCCESS[m [  3.025 s]
[[1;34mINFO[m] Oak support for Apache Sling ....................... [1;32mSUCCESS[m [  0.520 s]
[[1;34mINFO[m] Oak HTTP Binding ................................... [1;32mSUCCESS[m [  0.955 s]
[[1;34mINFO[m] Oak Lucene ......................................... [1;32mSUCCESS[m [  2.504 s]
[[1;34mINFO[m] Oak Solr core ...................................... [1;32mSUCCESS[m [  1.976 s]
[[1;34mINFO[m] Oak Solr remote .................................... [1;32mSUCCESS[m [  0.810 s]
[[1;34mINFO[m] Oak Solr embedded .................................. [1;32mSUCCESS[m [  2.979 s]
[[1;34mINFO[m] Oak Runnable Jar ................................... [1;32mSUCCESS[m [  6.160 s]
[[1;34mINFO[m] Oak Integration Tests for OSGi deployments ......... [1;32mSUCCESS[m [  1.542 s]
[[1;34mINFO[m] Oak Integration Tests .............................. [1;32mSUCCESS[m [  0.013 s]
[[1;34mINFO[m] Jackrabbit Oak ..................................... [1;32mSUCCESS[m [  0.009 s]
[[1;34mINFO[m] oak-mk-perf ........................................ [1;32mSUCCESS[m [  1.700 s]
[[1;34mINFO[m] [1m------------------------------------------------------------------------[m
[[1;34mINFO[m] [1;32mBUILD SUCCESS[m
[[1;34mINFO[m] [1m------------------------------------------------------------------------[m
[[1;34mINFO[m] Total time:  39.211 s
[[1;34mINFO[m] Finished at: 2022-08-04T12:31:36-07:00
[[1;34mINFO[m] [1m------------------------------------------------------------------------[m
[[1;34mINFO[m] Scanning for projects...
[[1;34mINFO[m] 
[[1;34mINFO[m] [1m-------------------< [0;36morg.apache.jackrabbit:oak-jcr[0;1m >--------------------[m
[[1;34mINFO[m] [1mBuilding Oak JCR Binding 0.7-SNAPSHOT[m
[[1;34mINFO[m] [1m-------------------------------[ bundle ]-------------------------------[m
[[1;34mINFO[m] 
[[1;34mINFO[m] [1m--- [0;32mmaven-remote-resources-plugin:1.2.1:process[m [1m(default)[m @ [36moak-jcr[0;1m ---[m
[[1;34mINFO[m] 
[[1;34mINFO[m] [1m--- [0;32mmaven-resources-plugin:2.5:resources[m [1m(default-resources)[m @ [36moak-jcr[0;1m ---[m
[debug] execute contextualize
[[1;34mINFO[m] Using 'UTF-8' encoding to copy filtered resources.
[[1;34mINFO[m] Copying 1 resource
[[1;34mINFO[m] Copying 3 resources
[[1;34mINFO[m] 
[[1;34mINFO[m] [1m--- [0;32mmaven-compiler-plugin:2.3.2:compile[m [1m(default-compile)[m @ [36moak-jcr[0;1m ---[m
[[1;34mINFO[m] Compiling 1 source file to /home/user/Reproducibility-Scanner/benchmarks/bugs-dot-jar/jackrabbit-oak/oak-jcr/target/classes
[[1;34mINFO[m] 
[[1;34mINFO[m] [1m--- [0;32mmaven-resources-plugin:2.5:testResources[m [1m(default-testResources)[m @ [36moak-jcr[0;1m ---[m
[debug] execute contextualize
[[1;34mINFO[m] Using 'UTF-8' encoding to copy filtered resources.
[[1;34mINFO[m] Copying 3 resources
[[1;34mINFO[m] Copying 3 resources
[[1;34mINFO[m] 
[[1;34mINFO[m] [1m--- [0;32mmaven-compiler-plugin:2.3.2:testCompile[m [1m(default-testCompile)[m @ [36moak-jcr[0;1m ---[m
[[1;34mINFO[m] Nothing to compile - all classes are up to date
[[1;34mINFO[m] 
[[1;34mINFO[m] [1m--- [0;32mmaven-surefire-plugin:2.9:test[m [1m(default-test)[m @ [36moak-jcr[0;1m ---[m
[[1;34mINFO[m] Surefire report directory: /home/user/Reproducibility-Scanner/benchmarks/bugs-dot-jar/jackrabbit-oak/oak-jcr/target/surefire-reports

-------------------------------------------------------
 T E S T S
-------------------------------------------------------
OpenJDK 64-Bit Server VM warning: ignoring option MaxPermSize=32m; support was removed in 8.0
Running org.apache.jackrabbit.oak.jcr.query.PrefetchIteratorTest
Tests run: 3, Failures: 0, Errors: 0, Skipped: 0, Time elapsed: 0.185 sec
Running org.apache.jackrabbit.oak.jcr.query.QueryTest
Tests run: 5, Failures: 0, Errors: 0, Skipped: 0, Time elapsed: 2.058 sec
Running org.apache.jackrabbit.oak.jcr.query.QueryJcrTest
Tests run: 87, Failures: 1, Errors: 0, Skipped: 0, Time elapsed: 1.729 sec <<< FAILURE!
Running org.apache.jackrabbit.oak.jcr.query.qom.QomTest
Tests run: 30, Failures: 0, Errors: 0, Skipped: 0, Time elapsed: 2.331 sec
Running org.apache.jackrabbit.oak.jcr.AutoCreatedItemsTest
Tests run: 1, Failures: 0, Errors: 0, Skipped: 0, Time elapsed: 0.119 sec
Running org.apache.jackrabbit.oak.jcr.nodetype.NodeTypeTest
Tests run: 2, Failures: 0, Errors: 0, Skipped: 0, Time elapsed: 0.143 sec
Running org.apache.jackrabbit.oak.jcr.ValueFactoryTest
Tests run: 2, Failures: 0, Errors: 0, Skipped: 0, Time elapsed: 0.138 sec
Running org.apache.jackrabbit.oak.jcr.security.privilege.PrivilegeManagerTest
Tests run: 7, Failures: 0, Errors: 0, Skipped: 0, Time elapsed: 0.026 sec
Running org.apache.jackrabbit.oak.jcr.security.privilege.PrivilegeRegistrationTest
Tests run: 13, Failures: 0, Errors: 0, Skipped: 0, Time elapsed: 2.073 sec
Running org.apache.jackrabbit.oak.jcr.security.principal.PrincipalManagerTest
Tests run: 17, Failures: 0, Errors: 0, Skipped: 0, Time elapsed: 0.088 sec
Running org.apache.jackrabbit.oak.jcr.security.authorization.AccessControlImporterTest
Tests run: 8, Failures: 0, Errors: 0, Skipped: 0, Time elapsed: 0.079 sec
Running org.apache.jackrabbit.oak.jcr.security.authorization.NamespaceManagementTest
Tests run: 1, Failures: 0, Errors: 0, Skipped: 1, Time elapsed: 0.001 sec
Running org.apache.jackrabbit.oak.jcr.security.authorization.JackrabbitAccessControlListTest
Tests run: 7, Failures: 0, Errors: 0, Skipped: 0, Time elapsed: 0.038 sec
Running org.apache.jackrabbit.oak.jcr.security.authorization.WriteTest
Tests run: 1, Failures: 0, Errors: 0, Skipped: 1, Time elapsed: 0 sec
Running org.apache.jackrabbit.oak.jcr.security.authorization.NodeTypeManagementTest
Tests run: 1, Failures: 0, Errors: 0, Skipped: 1, Time elapsed: 0 sec
Running org.apache.jackrabbit.oak.jcr.security.authorization.ReadTest
Tests run: 1, Failures: 0, Errors: 0, Skipped: 1, Time elapsed: 0 sec
Running org.apache.jackrabbit.oak.jcr.security.authorization.NodeTypeDefinitionManagementTest
Tests run: 1, Failures: 0, Errors: 0, Skipped: 1, Time elapsed: 0.001 sec
Running org.apache.jackrabbit.oak.jcr.security.authorization.InheritanceTest
Tests run: 1, Failures: 0, Errors: 0, Skipped: 1, Time elapsed: 0 sec
Running org.apache.jackrabbit.oak.jcr.security.authorization.PrivilegeManagementTest
Tests run: 1, Failures: 0, Errors: 0, Skipped: 1, Time elapsed: 0 sec
Running org.apache.jackrabbit.oak.jcr.security.authorization.AccessControlManagementTest
Tests run: 1, Failures: 0, Errors: 0, Skipped: 1, Time elapsed: 0 sec
Running org.apache.jackrabbit.oak.jcr.security.authorization.VersionManagementTest
Tests run: 1, Failures: 0, Errors: 0, Skipped: 1, Time elapsed: 0 sec
Running org.apache.jackrabbit.oak.jcr.security.authorization.ObservationTest
Tests run: 1, Failures: 0, Errors: 0, Skipped: 1, Time elapsed: 0 sec
Running org.apache.jackrabbit.oak.jcr.security.authorization.MoveTest
Tests run: 1, Failures: 0, Errors: 0, Skipped: 1, Time elapsed: 0 sec
Running org.apache.jackrabbit.oak.jcr.security.user.NestedGroupTest
Tests run: 4, Failures: 0, Errors: 0, Skipped: 0, Time elapsed: 0.108 sec
Running org.apache.jackrabbit.oak.jcr.security.user.ImpersonationTest
Tests run: 3, Failures: 0, Errors: 0, Skipped: 0, Time elapsed: 0.086 sec
Running org.apache.jackrabbit.oak.jcr.security.user.AuthorizablePropertyTest
Tests run: 26, Failures: 0, Errors: 0, Skipped: 0, Time elapsed: 0.396 sec
Running org.apache.jackrabbit.oak.jcr.security.user.AuthorizableTest
Tests run: 2, Failures: 0, Errors: 0, Skipped: 0, Time elapsed: 0.03 sec
Running org.apache.jackrabbit.oak.jcr.security.user.UserImportTest
Tests run: 23, Failures: 0, Errors: 0, Skipped: 0, Time elapsed: 0.395 sec
Running org.apache.jackrabbit.oak.jcr.security.user.UserTest
Tests run: 1, Failures: 0, Errors: 0, Skipped: 0, Time elapsed: 0.012 sec
Running org.apache.jackrabbit.oak.jcr.security.user.UserManagerTest
Tests run: 26, Failures: 0, Errors: 0, Skipped: 0, Time elapsed: 0.347 sec
Running org.apache.jackrabbit.oak.jcr.security.user.EveryoneGroupTest
Tests run: 5, Failures: 0, Errors: 0, Skipped: 0, Time elapsed: 0.077 sec
Running org.apache.jackrabbit.oak.jcr.security.user.CreateGroupTest
Tests run: 3, Failures: 0, Errors: 0, Skipped: 0, Time elapsed: 0.044 sec
Running org.apache.jackrabbit.oak.jcr.security.user.AdministratorTest
Tests run: 4, Failures: 0, Errors: 0, Skipped: 0, Time elapsed: 0.04 sec
Running org.apache.jackrabbit.oak.jcr.security.user.CreateUserTest
Tests run: 12, Failures: 0, Errors: 0, Skipped: 0, Time elapsed: 0.158 sec
Running org.apache.jackrabbit.oak.jcr.security.user.UserQueryTest
Tests run: 25, Failures: 0, Errors: 0, Skipped: 0, Time elapsed: 2.795 sec
Running org.apache.jackrabbit.oak.jcr.security.user.GroupTest
Tests run: 27, Failures: 0, Errors: 0, Skipped: 0, Time elapsed: 1.175 sec
Running org.apache.jackrabbit.oak.jcr.security.user.FindAuthorizablesTest
Tests run: 14, Failures: 0, Errors: 0, Skipped: 0, Time elapsed: 0.23 sec
Running org.apache.jackrabbit.oak.jcr.ConcurrentAddTest
Tests run: 1, Failures: 0, Errors: 0, Skipped: 0, Time elapsed: 0.737 sec
Running org.apache.jackrabbit.oak.jcr.MoveRemoveTest
Tests run: 12, Failures: 0, Errors: 0, Skipped: 0, Time elapsed: 0.972 sec
Running org.apache.jackrabbit.oak.jcr.OrderableNodesTest
Tests run: 4, Failures: 0, Errors: 0, Skipped: 0, Time elapsed: 0.468 sec
Running org.apache.jackrabbit.oak.jcr.RepositoryTest
Tests run: 105, Failures: 0, Errors: 0, Skipped: 3, Time elapsed: 12.262 sec
Running org.apache.jackrabbit.oak.jcr.CRUDTest
Tests run: 7, Failures: 0, Errors: 0, Skipped: 0, Time elapsed: 0.506 sec
Running org.apache.jackrabbit.oak.jcr.version.VersionHistoryTest
Tests run: 6, Failures: 0, Errors: 0, Skipped: 0, Time elapsed: 0.056 sec
Running org.apache.jackrabbit.oak.jcr.version.VersionablePathsTest
Tests run: 4, Failures: 0, Errors: 0, Skipped: 0, Time elapsed: 0.046 sec
Running org.apache.jackrabbit.oak.jcr.CompatibilityIssuesTest
Tests run: 3, Failures: 0, Errors: 0, Skipped: 0, Time elapsed: 0.232 sec
Running org.apache.jackrabbit.oak.jcr.MoveTest
Tests run: 6, Failures: 0, Errors: 0, Skipped: 0, Time elapsed: 0.037 sec

Results :

Failed tests:   testOrderByScore(org.apache.jackrabbit.core.query.SQL2OrderByTest): expected:</testroot/node[1]> but was:</testroot/node[2]>

Tests run: 516, Failures: 1, Errors: 0, Skipped: 14

[[1;34mINFO[m] [1m------------------------------------------------------------------------[m
[[1;34mINFO[m] [1;31mBUILD FAILURE[m
[[1;34mINFO[m] [1m------------------------------------------------------------------------[m
[[1;34mINFO[m] Total time:  33.709 s
[[1;34mINFO[m] Finished at: 2022-08-04T12:32:11-07:00
[[1;34mINFO[m] [1m------------------------------------------------------------------------[m
[[1;31mERROR[m] Failed to execute goal [32morg.apache.maven.plugins:maven-surefire-plugin:2.9:test[m [1m(default-test)[m on project [36moak-jcr[m: [1;31mThere are test failures.[m
[[1;31mERROR[m] [1;31m[m
[[1;31mERROR[m] [1;31mPlease refer to /home/user/Reproducibility-Scanner/benchmarks/bugs-dot-jar/jackrabbit-oak/oak-jcr/target/surefire-reports for the individual test results.[m
[[1;31mERROR[m] -> [1m[Help 1][m
[[1;31mERROR[m] 
[[1;31mERROR[m] To see the full stack trace of the errors, re-run Maven with the [1m-e[m switch.
[[1;31mERROR[m] Re-run Maven using the [1m-X[m switch to enable full debug logging.
[[1;31mERROR[m] 
[[1;31mERROR[m] For more information about the errors and possible solutions, please read the following articles:
[[1;31mERROR[m] [1m[Help 1][m http://cwiki.apache.org/confluence/display/MAVEN/MojoFailureException