[[1;34mINFO[m] Scanning for projects...
[[1;34mINFO[m] [1m------------------------------------------------------------------------[m
[[1;34mINFO[m] [1mReactor Build Order:[m
[[1;34mINFO[m] 
[[1;34mINFO[m] Oak Parent POM                                                     [pom]
[[1;34mINFO[m] Oak Documentation                                                  [jar]
[[1;34mINFO[m] Oak Commons                                                     [bundle]
[[1;34mINFO[m] Oak MicroKernel API                                             [bundle]
[[1;34mINFO[m] Oak MicroKernel                                                 [bundle]
[[1;34mINFO[m] Oak MicroKernel Remoting                                        [bundle]
[[1;34mINFO[m] Oak Core                                                        [bundle]
[[1;34mINFO[m] Oak JCR Binding                                                 [bundle]
[[1;34mINFO[m] Oak upgrade                                                        [jar]
[[1;34mINFO[m] Oak support for Apache Sling                                    [bundle]
[[1;34mINFO[m] Oak HTTP Binding                                                [bundle]
[[1;34mINFO[m] Oak Lucene                                                      [bundle]
[[1;34mINFO[m] Oak Solr core                                                   [bundle]
[[1;34mINFO[m] Oak Solr remote                                                 [bundle]
[[1;34mINFO[m] Oak Solr embedded                                               [bundle]
[[1;34mINFO[m] Oak Runnable Jar                                                   [jar]
[[1;34mINFO[m] Oak Integration Tests for MicroKernel implementations              [jar]
[[1;34mINFO[m] Oak Integration Tests for OSGi deployments                         [jar]
[[1;34mINFO[m] Oak Integration Tests                                              [pom]
[[1;34mINFO[m] Jackrabbit Oak                                                     [pom]
[[1;34mINFO[m] 
[[1;34mINFO[m] [1m------------------< [0;36morg.apache.jackrabbit:oak-parent[0;1m >------------------[m
[[1;34mINFO[m] [1mBuilding Oak Parent POM 0.11-SNAPSHOT                             [1/20][m
[[1;34mINFO[m] [1m--------------------------------[ pom ]---------------------------------[m
[[1;34mINFO[m] 
[[1;34mINFO[m] [1m--- [0;32mmaven-remote-resources-plugin:1.2.1:process[m [1m(default)[m @ [36moak-parent[0;1m ---[m
[[1;34mINFO[m] 
[[1;34mINFO[m] [1m--- [0;32mmaven-site-plugin:3.3:attach-descriptor[m [1m(attach-descriptor)[m @ [36moak-parent[0;1m ---[m
[[1;34mINFO[m] 
[[1;34mINFO[m] [1m--- [0;32mmaven-install-plugin:2.3.1:install[m [1m(default-install)[m @ [36moak-parent[0;1m ---[m
[[1;34mINFO[m] Installing /home/user/Reproducibility-Scanner/benchmarks/bugs-dot-jar/jackrabbit-oak/oak-parent/pom.xml to /home/user/.m2/repository/org/apache/jackrabbit/oak-parent/0.11-SNAPSHOT/oak-parent-0.11-SNAPSHOT.pom
[[1;34mINFO[m] 
[[1;34mINFO[m] [1m-------------------< [0;36morg.apache.jackrabbit:oak-doc[0;1m >--------------------[m
[[1;34mINFO[m] [1mBuilding Oak Documentation 0.11-SNAPSHOT                          [2/20][m
[[1;34mINFO[m] [1m--------------------------------[ jar ]---------------------------------[m
[[1;34mINFO[m] 
[[1;34mINFO[m] [1m--- [0;32mmaven-remote-resources-plugin:1.2.1:process[m [1m(default)[m @ [36moak-doc[0;1m ---[m
[[1;34mINFO[m] 
[[1;34mINFO[m] [1m--- [0;32mmaven-resources-plugin:2.5:resources[m [1m(default-resources)[m @ [36moak-doc[0;1m ---[m
[debug] execute contextualize
[[1;34mINFO[m] Using 'UTF-8' encoding to copy filtered resources.
[[1;34mINFO[m] Copying 2 resources
[[1;34mINFO[m] Copying 3 resources
[[1;34mINFO[m] 
[[1;34mINFO[m] [1m--- [0;32mmaven-compiler-plugin:2.3.2:compile[m [1m(default-compile)[m @ [36moak-doc[0;1m ---[m
[[1;34mINFO[m] No sources to compile
[[1;34mINFO[m] 
[[1;34mINFO[m] [1m--- [0;32mmaven-resources-plugin:2.5:testResources[m [1m(default-testResources)[m @ [36moak-doc[0;1m ---[m
[debug] execute contextualize
[[1;34mINFO[m] Using 'UTF-8' encoding to copy filtered resources.
[[1;34mINFO[m] skip non existing resourceDirectory /home/user/Reproducibility-Scanner/benchmarks/bugs-dot-jar/jackrabbit-oak/oak-doc/src/test/resources
[[1;34mINFO[m] Copying 3 resources
[[1;34mINFO[m] 
[[1;34mINFO[m] [1m--- [0;32mmaven-compiler-plugin:2.3.2:testCompile[m [1m(default-testCompile)[m @ [36moak-doc[0;1m ---[m
[[1;34mINFO[m] No sources to compile
[[1;34mINFO[m] 
[[1;34mINFO[m] [1m--- [0;32mmaven-surefire-plugin:2.9:test[m [1m(default-test)[m @ [36moak-doc[0;1m ---[m
[[1;34mINFO[m] Tests are skipped.
[[1;34mINFO[m] 
[[1;34mINFO[m] [1m--- [0;32mmaven-jar-plugin:2.3.1:jar[m [1m(default-jar)[m @ [36moak-doc[0;1m ---[m
[[1;33mWARNING[m] JAR will be empty - no content was marked for inclusion!
[[1;34mINFO[m] Building jar: /home/user/Reproducibility-Scanner/benchmarks/bugs-dot-jar/jackrabbit-oak/oak-doc/target/oak-doc-0.11-SNAPSHOT.jar
[[1;34mINFO[m] 
[[1;34mINFO[m] [1m--- [0;32mmaven-site-plugin:3.3:attach-descriptor[m [1m(attach-descriptor)[m @ [36moak-doc[0;1m ---[m
[[1;34mINFO[m] 
[[1;34mINFO[m] [1m--- [0;32mmaven-install-plugin:2.3.1:install[m [1m(default-install)[m @ [36moak-doc[0;1m ---[m
[[1;34mINFO[m] Installing /home/user/Reproducibility-Scanner/benchmarks/bugs-dot-jar/jackrabbit-oak/oak-doc/target/oak-doc-0.11-SNAPSHOT.jar to /home/user/.m2/repository/org/apache/jackrabbit/oak-doc/0.11-SNAPSHOT/oak-doc-0.11-SNAPSHOT.jar
[[1;34mINFO[m] Installing /home/user/Reproducibility-Scanner/benchmarks/bugs-dot-jar/jackrabbit-oak/oak-doc/pom.xml to /home/user/.m2/repository/org/apache/jackrabbit/oak-doc/0.11-SNAPSHOT/oak-doc-0.11-SNAPSHOT.pom
[[1;34mINFO[m] 
[[1;34mINFO[m] [1m-----------------< [0;36morg.apache.jackrabbit:oak-commons[0;1m >------------------[m
[[1;34mINFO[m] [1mBuilding Oak Commons 0.11-SNAPSHOT                                [3/20][m
[[1;34mINFO[m] [1m-------------------------------[ bundle ]-------------------------------[m
[[1;34mINFO[m] 
[[1;34mINFO[m] [1m--- [0;32mmaven-remote-resources-plugin:1.2.1:process[m [1m(default)[m @ [36moak-commons[0;1m ---[m
[[1;34mINFO[m] 
[[1;34mINFO[m] [1m--- [0;32mmaven-resources-plugin:2.5:resources[m [1m(default-resources)[m @ [36moak-commons[0;1m ---[m
[debug] execute contextualize
[[1;34mINFO[m] Using 'UTF-8' encoding to copy filtered resources.
[[1;34mINFO[m] skip non existing resourceDirectory /home/user/Reproducibility-Scanner/benchmarks/bugs-dot-jar/jackrabbit-oak/oak-commons/src/main/resources
[[1;34mINFO[m] Copying 3 resources
[[1;34mINFO[m] 
[[1;34mINFO[m] [1m--- [0;32mmaven-compiler-plugin:2.3.2:compile[m [1m(default-compile)[m @ [36moak-commons[0;1m ---[m
[[1;34mINFO[m] Compiling 1 source file to /home/user/Reproducibility-Scanner/benchmarks/bugs-dot-jar/jackrabbit-oak/oak-commons/target/classes
[[1;34mINFO[m] 
[[1;34mINFO[m] [1m--- [0;32mmaven-resources-plugin:2.5:testResources[m [1m(default-testResources)[m @ [36moak-commons[0;1m ---[m
[debug] execute contextualize
[[1;34mINFO[m] Using 'UTF-8' encoding to copy filtered resources.
[[1;34mINFO[m] skip non existing resourceDirectory /home/user/Reproducibility-Scanner/benchmarks/bugs-dot-jar/jackrabbit-oak/oak-commons/src/test/resources
[[1;34mINFO[m] Copying 3 resources
[[1;34mINFO[m] 
[[1;34mINFO[m] [1m--- [0;32mmaven-compiler-plugin:2.3.2:testCompile[m [1m(default-testCompile)[m @ [36moak-commons[0;1m ---[m
[[1;34mINFO[m] Compiling 1 source file to /home/user/Reproducibility-Scanner/benchmarks/bugs-dot-jar/jackrabbit-oak/oak-commons/target/test-classes
[[1;34mINFO[m] 
[[1;34mINFO[m] [1m--- [0;32mmaven-surefire-plugin:2.9:test[m [1m(default-test)[m @ [36moak-commons[0;1m ---[m
[[1;34mINFO[m] Tests are skipped.
[[1;34mINFO[m] 
[[1;34mINFO[m] [1m--- [0;32mmaven-bundle-plugin:2.3.7:bundle[m [1m(default-bundle)[m @ [36moak-commons[0;1m ---[m
[[1;34mINFO[m] 
[[1;34mINFO[m] [1m--- [0;32mmaven-site-plugin:3.3:attach-descriptor[m [1m(attach-descriptor)[m @ [36moak-commons[0;1m ---[m
[[1;34mINFO[m] 
[[1;34mINFO[m] [1m--- [0;32mmaven-install-plugin:2.3.1:install[m [1m(default-install)[m @ [36moak-commons[0;1m ---[m
[[1;34mINFO[m] Installing /home/user/Reproducibility-Scanner/benchmarks/bugs-dot-jar/jackrabbit-oak/oak-commons/target/oak-commons-0.11-SNAPSHOT.jar to /home/user/.m2/repository/org/apache/jackrabbit/oak-commons/0.11-SNAPSHOT/oak-commons-0.11-SNAPSHOT.jar
[[1;34mINFO[m] Installing /home/user/Reproducibility-Scanner/benchmarks/bugs-dot-jar/jackrabbit-oak/oak-commons/pom.xml to /home/user/.m2/repository/org/apache/jackrabbit/oak-commons/0.11-SNAPSHOT/oak-commons-0.11-SNAPSHOT.pom
[[1;34mINFO[m] 
[[1;34mINFO[m] [1m--- [0;32mmaven-bundle-plugin:2.3.7:install[m [1m(default-install)[m @ [36moak-commons[0;1m ---[m
[[1;34mINFO[m] Local OBR update disabled (enable with -DobrRepository)
[[1;34mINFO[m] 
[[1;34mINFO[m] [1m------------------< [0;36morg.apache.jackrabbit:oak-mk-api[0;1m >------------------[m
[[1;34mINFO[m] [1mBuilding Oak MicroKernel API 0.11-SNAPSHOT                        [4/20][m
[[1;34mINFO[m] [1m-------------------------------[ bundle ]-------------------------------[m
[[1;34mINFO[m] 
[[1;34mINFO[m] [1m--- [0;32mmaven-remote-resources-plugin:1.2.1:process[m [1m(default)[m @ [36moak-mk-api[0;1m ---[m
[[1;34mINFO[m] 
[[1;34mINFO[m] [1m--- [0;32mmaven-resources-plugin:2.5:resources[m [1m(default-resources)[m @ [36moak-mk-api[0;1m ---[m
[debug] execute contextualize
[[1;34mINFO[m] Using 'UTF-8' encoding to copy filtered resources.
[[1;34mINFO[m] skip non existing resourceDirectory /home/user/Reproducibility-Scanner/benchmarks/bugs-dot-jar/jackrabbit-oak/oak-mk-api/src/main/resources
[[1;34mINFO[m] Copying 3 resources
[[1;34mINFO[m] 
[[1;34mINFO[m] [1m--- [0;32mmaven-compiler-plugin:2.3.2:compile[m [1m(default-compile)[m @ [36moak-mk-api[0;1m ---[m
[[1;34mINFO[m] Compiling 3 source files to /home/user/Reproducibility-Scanner/benchmarks/bugs-dot-jar/jackrabbit-oak/oak-mk-api/target/classes
[[1;34mINFO[m] 
[[1;34mINFO[m] [1m--- [0;32mmaven-scr-plugin:1.9.0:scr[m [1m(generate-scr-scrdescriptor)[m @ [36moak-mk-api[0;1m ---[m
[[1;34mINFO[m] 
[[1;34mINFO[m] [1m--- [0;32mmaven-resources-plugin:2.5:testResources[m [1m(default-testResources)[m @ [36moak-mk-api[0;1m ---[m
[debug] execute contextualize
[[1;34mINFO[m] Using 'UTF-8' encoding to copy filtered resources.
[[1;34mINFO[m] skip non existing resourceDirectory /home/user/Reproducibility-Scanner/benchmarks/bugs-dot-jar/jackrabbit-oak/oak-mk-api/src/test/resources
[[1;34mINFO[m] Copying 3 resources
[[1;34mINFO[m] 
[[1;34mINFO[m] [1m--- [0;32mmaven-compiler-plugin:2.3.2:testCompile[m [1m(default-testCompile)[m @ [36moak-mk-api[0;1m ---[m
[[1;34mINFO[m] No sources to compile
[[1;34mINFO[m] 
[[1;34mINFO[m] [1m--- [0;32mmaven-surefire-plugin:2.9:test[m [1m(default-test)[m @ [36moak-mk-api[0;1m ---[m
[[1;34mINFO[m] Tests are skipped.
[[1;34mINFO[m] 
[[1;34mINFO[m] [1m--- [0;32mmaven-bundle-plugin:2.3.7:bundle[m [1m(default-bundle)[m @ [36moak-mk-api[0;1m ---[m
[[1;34mINFO[m] 
[[1;34mINFO[m] [1m--- [0;32mmaven-site-plugin:3.3:attach-descriptor[m [1m(attach-descriptor)[m @ [36moak-mk-api[0;1m ---[m
[[1;34mINFO[m] 
[[1;34mINFO[m] [1m--- [0;32mmaven-install-plugin:2.3.1:install[m [1m(default-install)[m @ [36moak-mk-api[0;1m ---[m
[[1;34mINFO[m] Installing /home/user/Reproducibility-Scanner/benchmarks/bugs-dot-jar/jackrabbit-oak/oak-mk-api/target/oak-mk-api-0.11-SNAPSHOT.jar to /home/user/.m2/repository/org/apache/jackrabbit/oak-mk-api/0.11-SNAPSHOT/oak-mk-api-0.11-SNAPSHOT.jar
[[1;34mINFO[m] Installing /home/user/Reproducibility-Scanner/benchmarks/bugs-dot-jar/jackrabbit-oak/oak-mk-api/pom.xml to /home/user/.m2/repository/org/apache/jackrabbit/oak-mk-api/0.11-SNAPSHOT/oak-mk-api-0.11-SNAPSHOT.pom
[[1;34mINFO[m] 
[[1;34mINFO[m] [1m--- [0;32mmaven-bundle-plugin:2.3.7:install[m [1m(default-install)[m @ [36moak-mk-api[0;1m ---[m
[[1;34mINFO[m] Local OBR update disabled (enable with -DobrRepository)
[[1;34mINFO[m] 
[[1;34mINFO[m] [1m--------------------< [0;36morg.apache.jackrabbit:oak-mk[0;1m >--------------------[m
[[1;34mINFO[m] [1mBuilding Oak MicroKernel 0.11-SNAPSHOT                            [5/20][m
[[1;34mINFO[m] [1m-------------------------------[ bundle ]-------------------------------[m
[[1;34mINFO[m] 
[[1;34mINFO[m] [1m--- [0;32mmaven-remote-resources-plugin:1.2.1:process[m [1m(default)[m @ [36moak-mk[0;1m ---[m
[[1;34mINFO[m] 
[[1;34mINFO[m] [1m--- [0;32mmaven-resources-plugin:2.5:resources[m [1m(default-resources)[m @ [36moak-mk[0;1m ---[m
[debug] execute contextualize
[[1;34mINFO[m] Using 'UTF-8' encoding to copy filtered resources.
[[1;34mINFO[m] skip non existing resourceDirectory /home/user/Reproducibility-Scanner/benchmarks/bugs-dot-jar/jackrabbit-oak/oak-mk/src/main/resources
[[1;34mINFO[m] Copying 3 resources
[[1;34mINFO[m] 
[[1;34mINFO[m] [1m--- [0;32mmaven-compiler-plugin:2.3.2:compile[m [1m(default-compile)[m @ [36moak-mk[0;1m ---[m
[[1;34mINFO[m] Compiling 64 source files to /home/user/Reproducibility-Scanner/benchmarks/bugs-dot-jar/jackrabbit-oak/oak-mk/target/classes
[[1;34mINFO[m] 
[[1;34mINFO[m] [1m--- [0;32mmaven-scr-plugin:1.9.0:scr[m [1m(generate-scr-scrdescriptor)[m @ [36moak-mk[0;1m ---[m
[[1;34mINFO[m] Writing 1 Service Component Descriptors to /home/user/Reproducibility-Scanner/benchmarks/bugs-dot-jar/jackrabbit-oak/oak-mk/target/scr-plugin-generated/OSGI-INF/org.apache.jackrabbit.mk.osgi.MicroKernelService.xml
[[1;34mINFO[m] 
[[1;34mINFO[m] [1m--- [0;32mmaven-resources-plugin:2.5:testResources[m [1m(default-testResources)[m @ [36moak-mk[0;1m ---[m
[debug] execute contextualize
[[1;34mINFO[m] Using 'UTF-8' encoding to copy filtered resources.
[[1;34mINFO[m] Copying 1 resource
[[1;34mINFO[m] Copying 3 resources
[[1;34mINFO[m] 
[[1;34mINFO[m] [1m--- [0;32mmaven-compiler-plugin:2.3.2:testCompile[m [1m(default-testCompile)[m @ [36moak-mk[0;1m ---[m
[[1;34mINFO[m] Compiling 21 source files to /home/user/Reproducibility-Scanner/benchmarks/bugs-dot-jar/jackrabbit-oak/oak-mk/target/test-classes
[[1;34mINFO[m] 
[[1;34mINFO[m] [1m--- [0;32mmaven-surefire-plugin:2.9:test[m [1m(default-test)[m @ [36moak-mk[0;1m ---[m
[[1;34mINFO[m] Tests are skipped.
[[1;34mINFO[m] 
[[1;34mINFO[m] [1m--- [0;32mmaven-bundle-plugin:2.3.7:bundle[m [1m(default-bundle)[m @ [36moak-mk[0;1m ---[m
[[1;34mINFO[m] 
[[1;34mINFO[m] [1m--- [0;32mmaven-site-plugin:3.3:attach-descriptor[m [1m(attach-descriptor)[m @ [36moak-mk[0;1m ---[m
[[1;34mINFO[m] 
[[1;34mINFO[m] [1m--- [0;32mmaven-install-plugin:2.3.1:install[m [1m(default-install)[m @ [36moak-mk[0;1m ---[m
[[1;34mINFO[m] Installing /home/user/Reproducibility-Scanner/benchmarks/bugs-dot-jar/jackrabbit-oak/oak-mk/target/oak-mk-0.11-SNAPSHOT.jar to /home/user/.m2/repository/org/apache/jackrabbit/oak-mk/0.11-SNAPSHOT/oak-mk-0.11-SNAPSHOT.jar
[[1;34mINFO[m] Installing /home/user/Reproducibility-Scanner/benchmarks/bugs-dot-jar/jackrabbit-oak/oak-mk/pom.xml to /home/user/.m2/repository/org/apache/jackrabbit/oak-mk/0.11-SNAPSHOT/oak-mk-0.11-SNAPSHOT.pom
[[1;34mINFO[m] 
[[1;34mINFO[m] [1m--- [0;32mmaven-bundle-plugin:2.3.7:install[m [1m(default-install)[m @ [36moak-mk[0;1m ---[m
[[1;34mINFO[m] Local OBR update disabled (enable with -DobrRepository)
[[1;34mINFO[m] 
[[1;34mINFO[m] [1m----------------< [0;36morg.apache.jackrabbit:oak-mk-remote[0;1m >-----------------[m
[[1;34mINFO[m] [1mBuilding Oak MicroKernel Remoting 0.11-SNAPSHOT                   [6/20][m
[[1;34mINFO[m] [1m-------------------------------[ bundle ]-------------------------------[m
[[1;34mINFO[m] 
[[1;34mINFO[m] [1m--- [0;32mmaven-remote-resources-plugin:1.2.1:process[m [1m(default)[m @ [36moak-mk-remote[0;1m ---[m
[[1;34mINFO[m] 
[[1;34mINFO[m] [1m--- [0;32mmaven-resources-plugin:2.5:resources[m [1m(default-resources)[m @ [36moak-mk-remote[0;1m ---[m
[debug] execute contextualize
[[1;34mINFO[m] Using 'UTF-8' encoding to copy filtered resources.
[[1;34mINFO[m] Copying 20 resources
[[1;34mINFO[m] Copying 3 resources
[[1;34mINFO[m] 
[[1;34mINFO[m] [1m--- [0;32mmaven-compiler-plugin:2.3.2:compile[m [1m(default-compile)[m @ [36moak-mk-remote[0;1m ---[m
[[1;34mINFO[m] Compiling 15 source files to /home/user/Reproducibility-Scanner/benchmarks/bugs-dot-jar/jackrabbit-oak/oak-mk-remote/target/classes
[[1;34mINFO[m] 
[[1;34mINFO[m] [1m--- [0;32mmaven-scr-plugin:1.9.0:scr[m [1m(generate-scr-scrdescriptor)[m @ [36moak-mk-remote[0;1m ---[m
[[1;34mINFO[m] 
[[1;34mINFO[m] [1m--- [0;32mmaven-resources-plugin:2.5:testResources[m [1m(default-testResources)[m @ [36moak-mk-remote[0;1m ---[m
[debug] execute contextualize
[[1;34mINFO[m] Using 'UTF-8' encoding to copy filtered resources.
[[1;34mINFO[m] skip non existing resourceDirectory /home/user/Reproducibility-Scanner/benchmarks/bugs-dot-jar/jackrabbit-oak/oak-mk-remote/src/test/resources
[[1;34mINFO[m] Copying 3 resources
[[1;34mINFO[m] 
[[1;34mINFO[m] [1m--- [0;32mmaven-compiler-plugin:2.3.2:testCompile[m [1m(default-testCompile)[m @ [36moak-mk-remote[0;1m ---[m
[[1;34mINFO[m] Compiling 1 source file to /home/user/Reproducibility-Scanner/benchmarks/bugs-dot-jar/jackrabbit-oak/oak-mk-remote/target/test-classes
[[1;34mINFO[m] 
[[1;34mINFO[m] [1m--- [0;32mmaven-surefire-plugin:2.9:test[m [1m(default-test)[m @ [36moak-mk-remote[0;1m ---[m
[[1;34mINFO[m] Tests are skipped.
[[1;34mINFO[m] 
[[1;34mINFO[m] [1m--- [0;32mmaven-bundle-plugin:2.3.7:bundle[m [1m(default-bundle)[m @ [36moak-mk-remote[0;1m ---[m
[[1;34mINFO[m] 
[[1;34mINFO[m] [1m--- [0;32mmaven-site-plugin:3.3:attach-descriptor[m [1m(attach-descriptor)[m @ [36moak-mk-remote[0;1m ---[m
[[1;34mINFO[m] 
[[1;34mINFO[m] [1m--- [0;32mmaven-install-plugin:2.3.1:install[m [1m(default-install)[m @ [36moak-mk-remote[0;1m ---[m
[[1;34mINFO[m] Installing /home/user/Reproducibility-Scanner/benchmarks/bugs-dot-jar/jackrabbit-oak/oak-mk-remote/target/oak-mk-remote-0.11-SNAPSHOT.jar to /home/user/.m2/repository/org/apache/jackrabbit/oak-mk-remote/0.11-SNAPSHOT/oak-mk-remote-0.11-SNAPSHOT.jar
[[1;34mINFO[m] Installing /home/user/Reproducibility-Scanner/benchmarks/bugs-dot-jar/jackrabbit-oak/oak-mk-remote/pom.xml to /home/user/.m2/repository/org/apache/jackrabbit/oak-mk-remote/0.11-SNAPSHOT/oak-mk-remote-0.11-SNAPSHOT.pom
[[1;34mINFO[m] 
[[1;34mINFO[m] [1m--- [0;32mmaven-bundle-plugin:2.3.7:install[m [1m(default-install)[m @ [36moak-mk-remote[0;1m ---[m
[[1;34mINFO[m] Local OBR update disabled (enable with -DobrRepository)
[[1;34mINFO[m] 
[[1;34mINFO[m] [1m-------------------< [0;36morg.apache.jackrabbit:oak-core[0;1m >-------------------[m
[[1;34mINFO[m] [1mBuilding Oak Core 0.11-SNAPSHOT                                   [7/20][m
[[1;34mINFO[m] [1m-------------------------------[ bundle ]-------------------------------[m
[[1;34mINFO[m] 
[[1;34mINFO[m] [1m--- [0;32mmaven-remote-resources-plugin:1.2.1:process[m [1m(default)[m @ [36moak-core[0;1m ---[m
[[1;34mINFO[m] 
[[1;34mINFO[m] [1m--- [0;32mmaven-resources-plugin:2.5:resources[m [1m(default-resources)[m @ [36moak-core[0;1m ---[m
[debug] execute contextualize
[[1;34mINFO[m] Using 'UTF-8' encoding to copy filtered resources.
[[1;34mINFO[m] Copying 2 resources
[[1;34mINFO[m] Copying 3 resources
[[1;34mINFO[m] 
[[1;34mINFO[m] [1m--- [0;32mmaven-compiler-plugin:2.3.2:compile[m [1m(default-compile)[m @ [36moak-core[0;1m ---[m
[[1;34mINFO[m] Compiling 579 source files to /home/user/Reproducibility-Scanner/benchmarks/bugs-dot-jar/jackrabbit-oak/oak-core/target/classes
[[1;34mINFO[m] 
[[1;34mINFO[m] [1m--- [0;32mmaven-scr-plugin:1.9.0:scr[m [1m(generate-scr-scrdescriptor)[m @ [36moak-core[0;1m ---[m
[[1;34mINFO[m] Generating 1 MetaType Descriptor in /home/user/Reproducibility-Scanner/benchmarks/bugs-dot-jar/jackrabbit-oak/oak-core/target/scr-plugin-generated/OSGI-INF/metatype/org.apache.jackrabbit.oak.plugins.mongomk.MongoMicroKernelService.xml
[[1;34mINFO[m] Writing 1 Service Component Descriptors to /home/user/Reproducibility-Scanner/benchmarks/bugs-dot-jar/jackrabbit-oak/oak-core/target/scr-plugin-generated/OSGI-INF/org.apache.jackrabbit.oak.security.authentication.AuthenticationConfigurationImpl.xml
[[1;34mINFO[m] Writing 1 Service Component Descriptors to /home/user/Reproducibility-Scanner/benchmarks/bugs-dot-jar/jackrabbit-oak/oak-core/target/scr-plugin-generated/OSGI-INF/org.apache.jackrabbit.oak.security.privilege.PrivilegeConfigurationImpl.xml
[[1;34mINFO[m] Writing 1 Service Component Descriptors to /home/user/Reproducibility-Scanner/benchmarks/bugs-dot-jar/jackrabbit-oak/oak-core/target/scr-plugin-generated/OSGI-INF/org.apache.jackrabbit.oak.security.principal.PrincipalConfigurationImpl.xml
[[1;34mINFO[m] Writing 1 Service Component Descriptors to /home/user/Reproducibility-Scanner/benchmarks/bugs-dot-jar/jackrabbit-oak/oak-core/target/scr-plugin-generated/OSGI-INF/org.apache.jackrabbit.oak.security.authorization.AuthorizationConfigurationImpl.xml
[[1;34mINFO[m] Writing 1 Service Component Descriptors to /home/user/Reproducibility-Scanner/benchmarks/bugs-dot-jar/jackrabbit-oak/oak-core/target/scr-plugin-generated/OSGI-INF/org.apache.jackrabbit.oak.security.authorization.restriction.RestrictionProviderImpl.xml
[[1;34mINFO[m] Writing 1 Service Component Descriptors to /home/user/Reproducibility-Scanner/benchmarks/bugs-dot-jar/jackrabbit-oak/oak-core/target/scr-plugin-generated/OSGI-INF/org.apache.jackrabbit.oak.security.user.UserConfigurationImpl.xml
[[1;34mINFO[m] Writing 1 Service Component Descriptors to /home/user/Reproducibility-Scanner/benchmarks/bugs-dot-jar/jackrabbit-oak/oak-core/target/scr-plugin-generated/OSGI-INF/org.apache.jackrabbit.oak.spi.security.user.action.DefaultAuthorizableActionProvider.xml
[[1;34mINFO[m] Writing 1 Service Component Descriptors to /home/user/Reproducibility-Scanner/benchmarks/bugs-dot-jar/jackrabbit-oak/oak-core/target/scr-plugin-generated/OSGI-INF/org.apache.jackrabbit.oak.plugins.commit.ConflictValidatorProvider.xml
[[1;34mINFO[m] Writing 1 Service Component Descriptors to /home/user/Reproducibility-Scanner/benchmarks/bugs-dot-jar/jackrabbit-oak/oak-core/target/scr-plugin-generated/OSGI-INF/org.apache.jackrabbit.oak.plugins.mongomk.MongoMicroKernelService.xml
[[1;34mINFO[m] Writing 1 Service Component Descriptors to /home/user/Reproducibility-Scanner/benchmarks/bugs-dot-jar/jackrabbit-oak/oak-core/target/scr-plugin-generated/OSGI-INF/org.apache.jackrabbit.oak.plugins.index.property.PropertyIndexEditorProvider.xml
[[1;34mINFO[m] Writing 1 Service Component Descriptors to /home/user/Reproducibility-Scanner/benchmarks/bugs-dot-jar/jackrabbit-oak/oak-core/target/scr-plugin-generated/OSGI-INF/org.apache.jackrabbit.oak.plugins.index.property.PropertyIndexProvider.xml
[[1;34mINFO[m] Writing 1 Service Component Descriptors to /home/user/Reproducibility-Scanner/benchmarks/bugs-dot-jar/jackrabbit-oak/oak-core/target/scr-plugin-generated/OSGI-INF/org.apache.jackrabbit.oak.plugins.nodetype.write.InitialContent.xml
[[1;34mINFO[m] Writing 1 Service Component Descriptors to /home/user/Reproducibility-Scanner/benchmarks/bugs-dot-jar/jackrabbit-oak/oak-core/target/scr-plugin-generated/OSGI-INF/org.apache.jackrabbit.oak.plugins.nodetype.RegistrationEditorProvider.xml
[[1;34mINFO[m] Writing 1 Service Component Descriptors to /home/user/Reproducibility-Scanner/benchmarks/bugs-dot-jar/jackrabbit-oak/oak-core/target/scr-plugin-generated/OSGI-INF/org.apache.jackrabbit.oak.plugins.nodetype.TypeEditorProvider.xml
[[1;34mINFO[m] Writing 1 Service Component Descriptors to /home/user/Reproducibility-Scanner/benchmarks/bugs-dot-jar/jackrabbit-oak/oak-core/target/scr-plugin-generated/OSGI-INF/org.apache.jackrabbit.oak.plugins.version.VersionEditorProvider.xml
[[1;34mINFO[m] Writing 1 Service Component Descriptors to /home/user/Reproducibility-Scanner/benchmarks/bugs-dot-jar/jackrabbit-oak/oak-core/target/scr-plugin-generated/OSGI-INF/org.apache.jackrabbit.oak.plugins.name.NameValidatorProvider.xml
[[1;34mINFO[m] Writing 1 Service Component Descriptors to /home/user/Reproducibility-Scanner/benchmarks/bugs-dot-jar/jackrabbit-oak/oak-core/target/scr-plugin-generated/OSGI-INF/org.apache.jackrabbit.oak.plugins.name.NamespaceValidatorProvider.xml
[[1;34mINFO[m] Writing 1 Service Component Descriptors to /home/user/Reproducibility-Scanner/benchmarks/bugs-dot-jar/jackrabbit-oak/oak-core/target/scr-plugin-generated/OSGI-INF/org.apache.jackrabbit.oak.plugins.segment.SegmentNodeStoreService.xml
[[1;34mINFO[m] 
[[1;34mINFO[m] [1m--- [0;32mmaven-resources-plugin:2.5:testResources[m [1m(default-testResources)[m @ [36moak-core[0;1m ---[m
[debug] execute contextualize
[[1;34mINFO[m] Using 'UTF-8' encoding to copy filtered resources.
[[1;34mINFO[m] Copying 9 resources
[[1;34mINFO[m] Copying 3 resources
[[1;34mINFO[m] 
[[1;34mINFO[m] [1m--- [0;32mmaven-compiler-plugin:2.3.2:testCompile[m [1m(default-testCompile)[m @ [36moak-core[0;1m ---[m
[[1;34mINFO[m] Compiling 180 source files to /home/user/Reproducibility-Scanner/benchmarks/bugs-dot-jar/jackrabbit-oak/oak-core/target/test-classes
[[1;34mINFO[m] 
[[1;34mINFO[m] [1m--- [0;32mmaven-surefire-plugin:2.9:test[m [1m(default-test)[m @ [36moak-core[0;1m ---[m
[[1;34mINFO[m] Tests are skipped.
[[1;34mINFO[m] 
[[1;34mINFO[m] [1m--- [0;32mmaven-bundle-plugin:2.3.7:bundle[m [1m(default-bundle)[m @ [36moak-core[0;1m ---[m
[[1;34mINFO[m] 
[[1;34mINFO[m] [1m--- [0;32mmaven-site-plugin:3.3:attach-descriptor[m [1m(attach-descriptor)[m @ [36moak-core[0;1m ---[m
[[1;34mINFO[m] 
[[1;34mINFO[m] [1m--- [0;32mmaven-jar-plugin:2.3.1:test-jar[m [1m(default)[m @ [36moak-core[0;1m ---[m
[[1;34mINFO[m] Building jar: /home/user/Reproducibility-Scanner/benchmarks/bugs-dot-jar/jackrabbit-oak/oak-core/target/oak-core-0.11-SNAPSHOT-tests.jar
[[1;34mINFO[m] 
[[1;34mINFO[m] [1m--- [0;32mmaven-install-plugin:2.3.1:install[m [1m(default-install)[m @ [36moak-core[0;1m ---[m
[[1;34mINFO[m] Installing /home/user/Reproducibility-Scanner/benchmarks/bugs-dot-jar/jackrabbit-oak/oak-core/target/oak-core-0.11-SNAPSHOT.jar to /home/user/.m2/repository/org/apache/jackrabbit/oak-core/0.11-SNAPSHOT/oak-core-0.11-SNAPSHOT.jar
[[1;34mINFO[m] Installing /home/user/Reproducibility-Scanner/benchmarks/bugs-dot-jar/jackrabbit-oak/oak-core/pom.xml to /home/user/.m2/repository/org/apache/jackrabbit/oak-core/0.11-SNAPSHOT/oak-core-0.11-SNAPSHOT.pom
[[1;34mINFO[m] Installing /home/user/Reproducibility-Scanner/benchmarks/bugs-dot-jar/jackrabbit-oak/oak-core/target/oak-core-0.11-SNAPSHOT-tests.jar to /home/user/.m2/repository/org/apache/jackrabbit/oak-core/0.11-SNAPSHOT/oak-core-0.11-SNAPSHOT-tests.jar
[[1;34mINFO[m] 
[[1;34mINFO[m] [1m--- [0;32mmaven-bundle-plugin:2.3.7:install[m [1m(default-install)[m @ [36moak-core[0;1m ---[m
[[1;34mINFO[m] Local OBR update disabled (enable with -DobrRepository)
[[1;34mINFO[m] 
[[1;34mINFO[m] [1m-------------------< [0;36morg.apache.jackrabbit:oak-jcr[0;1m >--------------------[m
[[1;34mINFO[m] [1mBuilding Oak JCR Binding 0.11-SNAPSHOT                            [8/20][m
[[1;34mINFO[m] [1m-------------------------------[ bundle ]-------------------------------[m
[[1;34mINFO[m] 
[[1;34mINFO[m] [1m--- [0;32mmaven-remote-resources-plugin:1.2.1:process[m [1m(default)[m @ [36moak-jcr[0;1m ---[m
[[1;34mINFO[m] 
[[1;34mINFO[m] [1m--- [0;32mmaven-resources-plugin:2.5:resources[m [1m(default-resources)[m @ [36moak-jcr[0;1m ---[m
[debug] execute contextualize
[[1;34mINFO[m] Using 'UTF-8' encoding to copy filtered resources.
[[1;34mINFO[m] Copying 1 resource
[[1;34mINFO[m] Copying 3 resources
[[1;34mINFO[m] 
[[1;34mINFO[m] [1m--- [0;32mmaven-compiler-plugin:2.3.2:compile[m [1m(default-compile)[m @ [36moak-jcr[0;1m ---[m
[[1;34mINFO[m] Compiling 92 source files to /home/user/Reproducibility-Scanner/benchmarks/bugs-dot-jar/jackrabbit-oak/oak-jcr/target/classes
[[1;34mINFO[m] 
[[1;34mINFO[m] [1m--- [0;32mmaven-resources-plugin:2.5:testResources[m [1m(default-testResources)[m @ [36moak-jcr[0;1m ---[m
[debug] execute contextualize
[[1;34mINFO[m] Using 'UTF-8' encoding to copy filtered resources.
[[1;34mINFO[m] Copying 3 resources
[[1;34mINFO[m] Copying 3 resources
[[1;34mINFO[m] 
[[1;34mINFO[m] [1m--- [0;32mmaven-compiler-plugin:2.3.2:testCompile[m [1m(default-testCompile)[m @ [36moak-jcr[0;1m ---[m
[[1;34mINFO[m] Compiling 99 source files to /home/user/Reproducibility-Scanner/benchmarks/bugs-dot-jar/jackrabbit-oak/oak-jcr/target/test-classes
[[1;34mINFO[m] 
[[1;34mINFO[m] [1m--- [0;32mmaven-surefire-plugin:2.9:test[m [1m(default-test)[m @ [36moak-jcr[0;1m ---[m
[[1;34mINFO[m] Tests are skipped.
[[1;34mINFO[m] 
[[1;34mINFO[m] [1m--- [0;32mmaven-bundle-plugin:2.3.7:bundle[m [1m(default-bundle)[m @ [36moak-jcr[0;1m ---[m
[[1;34mINFO[m] 
[[1;34mINFO[m] [1m--- [0;32mmaven-site-plugin:3.3:attach-descriptor[m [1m(attach-descriptor)[m @ [36moak-jcr[0;1m ---[m
[[1;34mINFO[m] 
[[1;34mINFO[m] [1m--- [0;32mmaven-jar-plugin:2.3.1:test-jar[m [1m(default)[m @ [36moak-jcr[0;1m ---[m
[[1;34mINFO[m] Building jar: /home/user/Reproducibility-Scanner/benchmarks/bugs-dot-jar/jackrabbit-oak/oak-jcr/target/oak-jcr-0.11-SNAPSHOT-tests.jar
[[1;34mINFO[m] 
[[1;34mINFO[m] [1m--- [0;32mmaven-install-plugin:2.3.1:install[m [1m(default-install)[m @ [36moak-jcr[0;1m ---[m
[[1;34mINFO[m] Installing /home/user/Reproducibility-Scanner/benchmarks/bugs-dot-jar/jackrabbit-oak/oak-jcr/target/oak-jcr-0.11-SNAPSHOT.jar to /home/user/.m2/repository/org/apache/jackrabbit/oak-jcr/0.11-SNAPSHOT/oak-jcr-0.11-SNAPSHOT.jar
[[1;34mINFO[m] Installing /home/user/Reproducibility-Scanner/benchmarks/bugs-dot-jar/jackrabbit-oak/oak-jcr/pom.xml to /home/user/.m2/repository/org/apache/jackrabbit/oak-jcr/0.11-SNAPSHOT/oak-jcr-0.11-SNAPSHOT.pom
[[1;34mINFO[m] Installing /home/user/Reproducibility-Scanner/benchmarks/bugs-dot-jar/jackrabbit-oak/oak-jcr/target/oak-jcr-0.11-SNAPSHOT-tests.jar to /home/user/.m2/repository/org/apache/jackrabbit/oak-jcr/0.11-SNAPSHOT/oak-jcr-0.11-SNAPSHOT-tests.jar
[[1;34mINFO[m] 
[[1;34mINFO[m] [1m--- [0;32mmaven-bundle-plugin:2.3.7:install[m [1m(default-install)[m @ [36moak-jcr[0;1m ---[m
[[1;34mINFO[m] Local OBR update disabled (enable with -DobrRepository)
[[1;34mINFO[m] 
[[1;34mINFO[m] [1m-----------------< [0;36morg.apache.jackrabbit:oak-upgrade[0;1m >------------------[m
[[1;34mINFO[m] [1mBuilding Oak upgrade 0.11-SNAPSHOT                                [9/20][m
[[1;34mINFO[m] [1m--------------------------------[ jar ]---------------------------------[m
[[1;34mINFO[m] 
[[1;34mINFO[m] [1m--- [0;32mmaven-remote-resources-plugin:1.2.1:process[m [1m(default)[m @ [36moak-upgrade[0;1m ---[m
[[1;34mINFO[m] 
[[1;34mINFO[m] [1m--- [0;32mmaven-resources-plugin:2.5:resources[m [1m(default-resources)[m @ [36moak-upgrade[0;1m ---[m
[debug] execute contextualize
[[1;34mINFO[m] Using 'UTF-8' encoding to copy filtered resources.
[[1;34mINFO[m] skip non existing resourceDirectory /home/user/Reproducibility-Scanner/benchmarks/bugs-dot-jar/jackrabbit-oak/oak-upgrade/src/main/resources
[[1;34mINFO[m] Copying 3 resources
[[1;34mINFO[m] 
[[1;34mINFO[m] [1m--- [0;32mmaven-compiler-plugin:2.3.2:compile[m [1m(default-compile)[m @ [36moak-upgrade[0;1m ---[m
[[1;34mINFO[m] Compiling 2 source files to /home/user/Reproducibility-Scanner/benchmarks/bugs-dot-jar/jackrabbit-oak/oak-upgrade/target/classes
[[1;34mINFO[m] 
[[1;34mINFO[m] [1m--- [0;32mmaven-resources-plugin:2.5:testResources[m [1m(default-testResources)[m @ [36moak-upgrade[0;1m ---[m
[debug] execute contextualize
[[1;34mINFO[m] Using 'UTF-8' encoding to copy filtered resources.
[[1;34mINFO[m] Copying 1 resource
[[1;34mINFO[m] Copying 3 resources
[[1;34mINFO[m] 
[[1;34mINFO[m] [1m--- [0;32mmaven-compiler-plugin:2.3.2:testCompile[m [1m(default-testCompile)[m @ [36moak-upgrade[0;1m ---[m
[[1;34mINFO[m] Compiling 1 source file to /home/user/Reproducibility-Scanner/benchmarks/bugs-dot-jar/jackrabbit-oak/oak-upgrade/target/test-classes
[[1;34mINFO[m] 
[[1;34mINFO[m] [1m--- [0;32mmaven-surefire-plugin:2.9:test[m [1m(default-test)[m @ [36moak-upgrade[0;1m ---[m
[[1;34mINFO[m] Tests are skipped.
[[1;34mINFO[m] 
[[1;34mINFO[m] [1m--- [0;32mmaven-jar-plugin:2.3.1:jar[m [1m(default-jar)[m @ [36moak-upgrade[0;1m ---[m
[[1;34mINFO[m] Building jar: /home/user/Reproducibility-Scanner/benchmarks/bugs-dot-jar/jackrabbit-oak/oak-upgrade/target/oak-upgrade-0.11-SNAPSHOT.jar
[[1;34mINFO[m] 
[[1;34mINFO[m] [1m--- [0;32mmaven-site-plugin:3.3:attach-descriptor[m [1m(attach-descriptor)[m @ [36moak-upgrade[0;1m ---[m
[[1;34mINFO[m] 
[[1;34mINFO[m] [1m--- [0;32mmaven-install-plugin:2.3.1:install[m [1m(default-install)[m @ [36moak-upgrade[0;1m ---[m
[[1;34mINFO[m] Installing /home/user/Reproducibility-Scanner/benchmarks/bugs-dot-jar/jackrabbit-oak/oak-upgrade/target/oak-upgrade-0.11-SNAPSHOT.jar to /home/user/.m2/repository/org/apache/jackrabbit/oak-upgrade/0.11-SNAPSHOT/oak-upgrade-0.11-SNAPSHOT.jar
[[1;34mINFO[m] Installing /home/user/Reproducibility-Scanner/benchmarks/bugs-dot-jar/jackrabbit-oak/oak-upgrade/pom.xml to /home/user/.m2/repository/org/apache/jackrabbit/oak-upgrade/0.11-SNAPSHOT/oak-upgrade-0.11-SNAPSHOT.pom
[[1;34mINFO[m] 
[[1;34mINFO[m] [1m------------------< [0;36morg.apache.jackrabbit:oak-sling[0;1m >-------------------[m
[[1;34mINFO[m] [1mBuilding Oak support for Apache Sling 0.11-SNAPSHOT              [10/20][m
[[1;34mINFO[m] [1m-------------------------------[ bundle ]-------------------------------[m
[[1;34mINFO[m] 
[[1;34mINFO[m] [1m--- [0;32mmaven-remote-resources-plugin:1.2.1:process[m [1m(default)[m @ [36moak-sling[0;1m ---[m
[[1;34mINFO[m] 
[[1;34mINFO[m] [1m--- [0;32mmaven-resources-plugin:2.5:resources[m [1m(default-resources)[m @ [36moak-sling[0;1m ---[m
[debug] execute contextualize
[[1;34mINFO[m] Using 'UTF-8' encoding to copy filtered resources.
[[1;34mINFO[m] skip non existing resourceDirectory /home/user/Reproducibility-Scanner/benchmarks/bugs-dot-jar/jackrabbit-oak/oak-sling/src/main/resources
[[1;34mINFO[m] Copying 3 resources
[[1;34mINFO[m] 
[[1;34mINFO[m] [1m--- [0;32mmaven-compiler-plugin:2.3.2:compile[m [1m(default-compile)[m @ [36moak-sling[0;1m ---[m
[[1;34mINFO[m] Compiling 2 source files to /home/user/Reproducibility-Scanner/benchmarks/bugs-dot-jar/jackrabbit-oak/oak-sling/target/classes
[[1;34mINFO[m] 
[[1;34mINFO[m] [1m--- [0;32mmaven-resources-plugin:2.5:testResources[m [1m(default-testResources)[m @ [36moak-sling[0;1m ---[m
[debug] execute contextualize
[[1;34mINFO[m] Using 'UTF-8' encoding to copy filtered resources.
[[1;34mINFO[m] skip non existing resourceDirectory /home/user/Reproducibility-Scanner/benchmarks/bugs-dot-jar/jackrabbit-oak/oak-sling/src/test/resources
[[1;34mINFO[m] Copying 3 resources
[[1;34mINFO[m] 
[[1;34mINFO[m] [1m--- [0;32mmaven-compiler-plugin:2.3.2:testCompile[m [1m(default-testCompile)[m @ [36moak-sling[0;1m ---[m
[[1;34mINFO[m] No sources to compile
[[1;34mINFO[m] 
[[1;34mINFO[m] [1m--- [0;32mmaven-surefire-plugin:2.9:test[m [1m(default-test)[m @ [36moak-sling[0;1m ---[m
[[1;34mINFO[m] Tests are skipped.
[[1;34mINFO[m] 
[[1;34mINFO[m] [1m--- [0;32mmaven-bundle-plugin:2.3.7:bundle[m [1m(default-bundle)[m @ [36moak-sling[0;1m ---[m
[[1;34mINFO[m] 
[[1;34mINFO[m] [1m--- [0;32mmaven-site-plugin:3.3:attach-descriptor[m [1m(attach-descriptor)[m @ [36moak-sling[0;1m ---[m
[[1;34mINFO[m] 
[[1;34mINFO[m] [1m--- [0;32mmaven-install-plugin:2.3.1:install[m [1m(default-install)[m @ [36moak-sling[0;1m ---[m
[[1;34mINFO[m] Installing /home/user/Reproducibility-Scanner/benchmarks/bugs-dot-jar/jackrabbit-oak/oak-sling/target/oak-sling-0.11-SNAPSHOT.jar to /home/user/.m2/repository/org/apache/jackrabbit/oak-sling/0.11-SNAPSHOT/oak-sling-0.11-SNAPSHOT.jar
[[1;34mINFO[m] Installing /home/user/Reproducibility-Scanner/benchmarks/bugs-dot-jar/jackrabbit-oak/oak-sling/pom.xml to /home/user/.m2/repository/org/apache/jackrabbit/oak-sling/0.11-SNAPSHOT/oak-sling-0.11-SNAPSHOT.pom
[[1;34mINFO[m] 
[[1;34mINFO[m] [1m--- [0;32mmaven-bundle-plugin:2.3.7:install[m [1m(default-install)[m @ [36moak-sling[0;1m ---[m
[[1;34mINFO[m] Local OBR update disabled (enable with -DobrRepository)
[[1;34mINFO[m] 
[[1;34mINFO[m] [1m-------------------< [0;36morg.apache.jackrabbit:oak-http[0;1m >-------------------[m
[[1;34mINFO[m] [1mBuilding Oak HTTP Binding 0.11-SNAPSHOT                          [11/20][m
[[1;34mINFO[m] [1m-------------------------------[ bundle ]-------------------------------[m
[[1;34mINFO[m] 
[[1;34mINFO[m] [1m--- [0;32mmaven-remote-resources-plugin:1.2.1:process[m [1m(default)[m @ [36moak-http[0;1m ---[m
[[1;34mINFO[m] 
[[1;34mINFO[m] [1m--- [0;32mmaven-resources-plugin:2.5:resources[m [1m(default-resources)[m @ [36moak-http[0;1m ---[m
[debug] execute contextualize
[[1;34mINFO[m] Using 'UTF-8' encoding to copy filtered resources.
[[1;34mINFO[m] skip non existing resourceDirectory /home/user/Reproducibility-Scanner/benchmarks/bugs-dot-jar/jackrabbit-oak/oak-http/src/main/resources
[[1;34mINFO[m] Copying 3 resources
[[1;34mINFO[m] 
[[1;34mINFO[m] [1m--- [0;32mmaven-compiler-plugin:2.3.2:compile[m [1m(default-compile)[m @ [36moak-http[0;1m ---[m
[[1;34mINFO[m] Compiling 8 source files to /home/user/Reproducibility-Scanner/benchmarks/bugs-dot-jar/jackrabbit-oak/oak-http/target/classes
[[1;34mINFO[m] 
[[1;34mINFO[m] [1m--- [0;32mmaven-resources-plugin:2.5:testResources[m [1m(default-testResources)[m @ [36moak-http[0;1m ---[m
[debug] execute contextualize
[[1;34mINFO[m] Using 'UTF-8' encoding to copy filtered resources.
[[1;34mINFO[m] skip non existing resourceDirectory /home/user/Reproducibility-Scanner/benchmarks/bugs-dot-jar/jackrabbit-oak/oak-http/src/test/resources
[[1;34mINFO[m] Copying 3 resources
[[1;34mINFO[m] 
[[1;34mINFO[m] [1m--- [0;32mmaven-compiler-plugin:2.3.2:testCompile[m [1m(default-testCompile)[m @ [36moak-http[0;1m ---[m
[[1;34mINFO[m] Compiling 1 source file to /home/user/Reproducibility-Scanner/benchmarks/bugs-dot-jar/jackrabbit-oak/oak-http/target/test-classes
[[1;34mINFO[m] 
[[1;34mINFO[m] [1m--- [0;32mmaven-surefire-plugin:2.9:test[m [1m(default-test)[m @ [36moak-http[0;1m ---[m
[[1;34mINFO[m] Tests are skipped.
[[1;34mINFO[m] 
[[1;34mINFO[m] [1m--- [0;32mmaven-bundle-plugin:2.3.7:bundle[m [1m(default-bundle)[m @ [36moak-http[0;1m ---[m
[[1;34mINFO[m] 
[[1;34mINFO[m] [1m--- [0;32mmaven-site-plugin:3.3:attach-descriptor[m [1m(attach-descriptor)[m @ [36moak-http[0;1m ---[m
[[1;34mINFO[m] 
[[1;34mINFO[m] [1m--- [0;32mmaven-install-plugin:2.3.1:install[m [1m(default-install)[m @ [36moak-http[0;1m ---[m
[[1;34mINFO[m] Installing /home/user/Reproducibility-Scanner/benchmarks/bugs-dot-jar/jackrabbit-oak/oak-http/target/oak-http-0.11-SNAPSHOT.jar to /home/user/.m2/repository/org/apache/jackrabbit/oak-http/0.11-SNAPSHOT/oak-http-0.11-SNAPSHOT.jar
[[1;34mINFO[m] Installing /home/user/Reproducibility-Scanner/benchmarks/bugs-dot-jar/jackrabbit-oak/oak-http/pom.xml to /home/user/.m2/repository/org/apache/jackrabbit/oak-http/0.11-SNAPSHOT/oak-http-0.11-SNAPSHOT.pom
[[1;34mINFO[m] 
[[1;34mINFO[m] [1m--- [0;32mmaven-bundle-plugin:2.3.7:install[m [1m(default-install)[m @ [36moak-http[0;1m ---[m
[[1;34mINFO[m] Local OBR update disabled (enable with -DobrRepository)
[[1;34mINFO[m] 
[[1;34mINFO[m] [1m------------------< [0;36morg.apache.jackrabbit:oak-lucene[0;1m >------------------[m
[[1;34mINFO[m] [1mBuilding Oak Lucene 0.11-SNAPSHOT                                [12/20][m
[[1;34mINFO[m] [1m-------------------------------[ bundle ]-------------------------------[m
[[1;34mINFO[m] 
[[1;34mINFO[m] [1m--- [0;32mmaven-remote-resources-plugin:1.2.1:process[m [1m(default)[m @ [36moak-lucene[0;1m ---[m
[[1;34mINFO[m] 
[[1;34mINFO[m] [1m--- [0;32mmaven-resources-plugin:2.5:resources[m [1m(default-resources)[m @ [36moak-lucene[0;1m ---[m
[debug] execute contextualize
[[1;34mINFO[m] Using 'UTF-8' encoding to copy filtered resources.
[[1;34mINFO[m] skip non existing resourceDirectory /home/user/Reproducibility-Scanner/benchmarks/bugs-dot-jar/jackrabbit-oak/oak-lucene/src/main/resources
[[1;34mINFO[m] Copying 3 resources
[[1;34mINFO[m] 
[[1;34mINFO[m] [1m--- [0;32mmaven-compiler-plugin:2.3.2:compile[m [1m(default-compile)[m @ [36moak-lucene[0;1m ---[m
[[1;34mINFO[m] Compiling 16 source files to /home/user/Reproducibility-Scanner/benchmarks/bugs-dot-jar/jackrabbit-oak/oak-lucene/target/classes
[[1;34mINFO[m] 
[[1;34mINFO[m] [1m--- [0;32mmaven-scr-plugin:1.9.0:scr[m [1m(generate-scr-scrdescriptor)[m @ [36moak-lucene[0;1m ---[m
[[1;34mINFO[m] Writing 1 Service Component Descriptors to /home/user/Reproducibility-Scanner/benchmarks/bugs-dot-jar/jackrabbit-oak/oak-lucene/target/scr-plugin-generated/OSGI-INF/org.apache.jackrabbit.oak.plugins.index.lucene.LuceneIndexProvider.xml
[[1;34mINFO[m] Writing 1 Service Component Descriptors to /home/user/Reproducibility-Scanner/benchmarks/bugs-dot-jar/jackrabbit-oak/oak-lucene/target/scr-plugin-generated/OSGI-INF/org.apache.jackrabbit.oak.plugins.index.lucene.LuceneIndexEditorProvider.xml
[[1;34mINFO[m] 
[[1;34mINFO[m] [1m--- [0;32mmaven-resources-plugin:2.5:testResources[m [1m(default-testResources)[m @ [36moak-lucene[0;1m ---[m
[debug] execute contextualize
[[1;34mINFO[m] Using 'UTF-8' encoding to copy filtered resources.
[[1;34mINFO[m] Copying 4 resources
[[1;34mINFO[m] Copying 3 resources
[[1;34mINFO[m] 
[[1;34mINFO[m] [1m--- [0;32mmaven-compiler-plugin:2.3.2:testCompile[m [1m(default-testCompile)[m @ [36moak-lucene[0;1m ---[m
[[1;34mINFO[m] Compiling 9 source files to /home/user/Reproducibility-Scanner/benchmarks/bugs-dot-jar/jackrabbit-oak/oak-lucene/target/test-classes
[[1;34mINFO[m] 
[[1;34mINFO[m] [1m--- [0;32mmaven-surefire-plugin:2.9:test[m [1m(default-test)[m @ [36moak-lucene[0;1m ---[m
[[1;34mINFO[m] Tests are skipped.
[[1;34mINFO[m] 
[[1;34mINFO[m] [1m--- [0;32mmaven-bundle-plugin:2.3.7:bundle[m [1m(default-bundle)[m @ [36moak-lucene[0;1m ---[m
[[1;34mINFO[m] 
[[1;34mINFO[m] [1m--- [0;32mmaven-site-plugin:3.3:attach-descriptor[m [1m(attach-descriptor)[m @ [36moak-lucene[0;1m ---[m
[[1;34mINFO[m] 
[[1;34mINFO[m] [1m--- [0;32mmaven-install-plugin:2.3.1:install[m [1m(default-install)[m @ [36moak-lucene[0;1m ---[m
[[1;34mINFO[m] Installing /home/user/Reproducibility-Scanner/benchmarks/bugs-dot-jar/jackrabbit-oak/oak-lucene/target/oak-lucene-0.11-SNAPSHOT.jar to /home/user/.m2/repository/org/apache/jackrabbit/oak-lucene/0.11-SNAPSHOT/oak-lucene-0.11-SNAPSHOT.jar
[[1;34mINFO[m] Installing /home/user/Reproducibility-Scanner/benchmarks/bugs-dot-jar/jackrabbit-oak/oak-lucene/pom.xml to /home/user/.m2/repository/org/apache/jackrabbit/oak-lucene/0.11-SNAPSHOT/oak-lucene-0.11-SNAPSHOT.pom
[[1;34mINFO[m] 
[[1;34mINFO[m] [1m--- [0;32mmaven-bundle-plugin:2.3.7:install[m [1m(default-install)[m @ [36moak-lucene[0;1m ---[m
[[1;34mINFO[m] Local OBR update disabled (enable with -DobrRepository)
[[1;34mINFO[m] 
[[1;34mINFO[m] [1m----------------< [0;36morg.apache.jackrabbit:oak-solr-core[0;1m >-----------------[m
[[1;34mINFO[m] [1mBuilding Oak Solr core 0.11-SNAPSHOT                             [13/20][m
[[1;34mINFO[m] [1m-------------------------------[ bundle ]-------------------------------[m
[[1;34mINFO[m] 
[[1;34mINFO[m] [1m--- [0;32mmaven-remote-resources-plugin:1.2.1:process[m [1m(default)[m @ [36moak-solr-core[0;1m ---[m
[[1;34mINFO[m] 
[[1;34mINFO[m] [1m--- [0;32mmaven-resources-plugin:2.5:resources[m [1m(default-resources)[m @ [36moak-solr-core[0;1m ---[m
[debug] execute contextualize
[[1;34mINFO[m] Using 'UTF-8' encoding to copy filtered resources.
[[1;34mINFO[m] Copying 5 resources
[[1;34mINFO[m] Copying 3 resources
[[1;34mINFO[m] 
[[1;34mINFO[m] [1m--- [0;32mmaven-compiler-plugin:2.3.2:compile[m [1m(default-compile)[m @ [36moak-solr-core[0;1m ---[m
[[1;34mINFO[m] Compiling 21 source files to /home/user/Reproducibility-Scanner/benchmarks/bugs-dot-jar/jackrabbit-oak/oak-solr-core/target/classes
[[1;34mINFO[m] 
[[1;34mINFO[m] [1m--- [0;32mmaven-scr-plugin:1.9.0:scr[m [1m(generate-scr-scrdescriptor)[m @ [36moak-solr-core[0;1m ---[m
[[1;34mINFO[m] Writing 1 Service Component Descriptors to /home/user/Reproducibility-Scanner/benchmarks/bugs-dot-jar/jackrabbit-oak/oak-solr-core/target/scr-plugin-generated/OSGI-INF/org.apache.jackrabbit.oak.plugins.index.solr.osgi.SolrQueryIndexProviderService.xml
[[1;34mINFO[m] Writing 1 Service Component Descriptors to /home/user/Reproducibility-Scanner/benchmarks/bugs-dot-jar/jackrabbit-oak/oak-solr-core/target/scr-plugin-generated/OSGI-INF/org.apache.jackrabbit.oak.plugins.index.solr.osgi.SolrIndexEditorProviderService.xml
[[1;34mINFO[m] 
[[1;34mINFO[m] [1m--- [0;32mmaven-resources-plugin:2.5:testResources[m [1m(default-testResources)[m @ [36moak-solr-core[0;1m ---[m
[debug] execute contextualize
[[1;34mINFO[m] Using 'UTF-8' encoding to copy filtered resources.
[[1;34mINFO[m] Copying 9 resources
[[1;34mINFO[m] Copying 3 resources
[[1;34mINFO[m] 
[[1;34mINFO[m] [1m--- [0;32mmaven-compiler-plugin:2.3.2:testCompile[m [1m(default-testCompile)[m @ [36moak-solr-core[0;1m ---[m
[[1;34mINFO[m] Compiling 8 source files to /home/user/Reproducibility-Scanner/benchmarks/bugs-dot-jar/jackrabbit-oak/oak-solr-core/target/test-classes
[[1;34mINFO[m] 
[[1;34mINFO[m] [1m--- [0;32mmaven-surefire-plugin:2.9:test[m [1m(default-test)[m @ [36moak-solr-core[0;1m ---[m
[[1;34mINFO[m] Tests are skipped.
[[1;34mINFO[m] 
[[1;34mINFO[m] [1m--- [0;32mmaven-bundle-plugin:2.3.7:bundle[m [1m(default-bundle)[m @ [36moak-solr-core[0;1m ---[m
[[1;34mINFO[m] 
[[1;34mINFO[m] [1m--- [0;32mmaven-site-plugin:3.3:attach-descriptor[m [1m(attach-descriptor)[m @ [36moak-solr-core[0;1m ---[m
[[1;34mINFO[m] 
[[1;34mINFO[m] [1m--- [0;32mmaven-failsafe-plugin:2.12:integration-test[m [1m(default)[m @ [36moak-solr-core[0;1m ---[m
[[1;34mINFO[m] Tests are skipped.
[[1;34mINFO[m] 
[[1;34mINFO[m] [1m--- [0;32mmaven-failsafe-plugin:2.12:verify[m [1m(default)[m @ [36moak-solr-core[0;1m ---[m
[[1;34mINFO[m] Tests are skipped.
[[1;34mINFO[m] 
[[1;34mINFO[m] [1m--- [0;32mmaven-install-plugin:2.3.1:install[m [1m(default-install)[m @ [36moak-solr-core[0;1m ---[m
[[1;34mINFO[m] Installing /home/user/Reproducibility-Scanner/benchmarks/bugs-dot-jar/jackrabbit-oak/oak-solr-core/target/oak-solr-core-0.11-SNAPSHOT.jar to /home/user/.m2/repository/org/apache/jackrabbit/oak-solr-core/0.11-SNAPSHOT/oak-solr-core-0.11-SNAPSHOT.jar
[[1;34mINFO[m] Installing /home/user/Reproducibility-Scanner/benchmarks/bugs-dot-jar/jackrabbit-oak/oak-solr-core/pom.xml to /home/user/.m2/repository/org/apache/jackrabbit/oak-solr-core/0.11-SNAPSHOT/oak-solr-core-0.11-SNAPSHOT.pom
[[1;34mINFO[m] 
[[1;34mINFO[m] [1m--- [0;32mmaven-bundle-plugin:2.3.7:install[m [1m(default-install)[m @ [36moak-solr-core[0;1m ---[m
[[1;34mINFO[m] Local OBR update disabled (enable with -DobrRepository)
[[1;34mINFO[m] 
[[1;34mINFO[m] [1m---------------< [0;36morg.apache.jackrabbit:oak-solr-remote[0;1m >----------------[m
[[1;34mINFO[m] [1mBuilding Oak Solr remote 0.11-SNAPSHOT                           [14/20][m
[[1;34mINFO[m] [1m-------------------------------[ bundle ]-------------------------------[m
[[1;34mINFO[m] 
[[1;34mINFO[m] [1m--- [0;32mmaven-remote-resources-plugin:1.2.1:process[m [1m(default)[m @ [36moak-solr-remote[0;1m ---[m
[[1;34mINFO[m] 
[[1;34mINFO[m] [1m--- [0;32mmaven-resources-plugin:2.5:resources[m [1m(default-resources)[m @ [36moak-solr-remote[0;1m ---[m
[debug] execute contextualize
[[1;34mINFO[m] Using 'UTF-8' encoding to copy filtered resources.
[[1;34mINFO[m] Copying 3 resources
[[1;34mINFO[m] Copying 3 resources
[[1;34mINFO[m] 
[[1;34mINFO[m] [1m--- [0;32mmaven-compiler-plugin:2.3.2:compile[m [1m(default-compile)[m @ [36moak-solr-remote[0;1m ---[m
[[1;34mINFO[m] Compiling 2 source files to /home/user/Reproducibility-Scanner/benchmarks/bugs-dot-jar/jackrabbit-oak/oak-solr-remote/target/classes
[[1;34mINFO[m] 
[[1;34mINFO[m] [1m--- [0;32mmaven-scr-plugin:1.9.0:scr[m [1m(generate-scr-scrdescriptor)[m @ [36moak-solr-remote[0;1m ---[m
[[1;34mINFO[m] Generating 1 MetaType Descriptor in /home/user/Reproducibility-Scanner/benchmarks/bugs-dot-jar/jackrabbit-oak/oak-solr-remote/target/scr-plugin-generated/OSGI-INF/metatype/org.apache.jackrabbit.oak.plugins.index.solr.http.RemoteSolrServerProvider.xml
[[1;34mINFO[m] Generating 1 MetaType Descriptor in /home/user/Reproducibility-Scanner/benchmarks/bugs-dot-jar/jackrabbit-oak/oak-solr-remote/target/scr-plugin-generated/OSGI-INF/metatype/org.apache.jackrabbit.oak.plugins.index.solr.http.RemoteSolrConfigurationProvider.xml
[[1;34mINFO[m] Writing 1 Service Component Descriptors to /home/user/Reproducibility-Scanner/benchmarks/bugs-dot-jar/jackrabbit-oak/oak-solr-remote/target/scr-plugin-generated/OSGI-INF/org.apache.jackrabbit.oak.plugins.index.solr.http.RemoteSolrServerProvider.xml
[[1;34mINFO[m] Writing 1 Service Component Descriptors to /home/user/Reproducibility-Scanner/benchmarks/bugs-dot-jar/jackrabbit-oak/oak-solr-remote/target/scr-plugin-generated/OSGI-INF/org.apache.jackrabbit.oak.plugins.index.solr.http.RemoteSolrConfigurationProvider.xml
[[1;34mINFO[m] 
[[1;34mINFO[m] [1m--- [0;32mmaven-resources-plugin:2.5:testResources[m [1m(default-testResources)[m @ [36moak-solr-remote[0;1m ---[m
[debug] execute contextualize
[[1;34mINFO[m] Using 'UTF-8' encoding to copy filtered resources.
[[1;34mINFO[m] skip non existing resourceDirectory /home/user/Reproducibility-Scanner/benchmarks/bugs-dot-jar/jackrabbit-oak/oak-solr-remote/src/test/resources
[[1;34mINFO[m] Copying 3 resources
[[1;34mINFO[m] 
[[1;34mINFO[m] [1m--- [0;32mmaven-compiler-plugin:2.3.2:testCompile[m [1m(default-testCompile)[m @ [36moak-solr-remote[0;1m ---[m
[[1;34mINFO[m] Compiling 1 source file to /home/user/Reproducibility-Scanner/benchmarks/bugs-dot-jar/jackrabbit-oak/oak-solr-remote/target/test-classes
[[1;34mINFO[m] 
[[1;34mINFO[m] [1m--- [0;32mmaven-surefire-plugin:2.9:test[m [1m(default-test)[m @ [36moak-solr-remote[0;1m ---[m
[[1;34mINFO[m] Tests are skipped.
[[1;34mINFO[m] 
[[1;34mINFO[m] [1m--- [0;32mmaven-bundle-plugin:2.3.7:bundle[m [1m(default-bundle)[m @ [36moak-solr-remote[0;1m ---[m
[[1;34mINFO[m] 
[[1;34mINFO[m] [1m--- [0;32mmaven-site-plugin:3.3:attach-descriptor[m [1m(attach-descriptor)[m @ [36moak-solr-remote[0;1m ---[m
[[1;34mINFO[m] 
[[1;34mINFO[m] [1m--- [0;32mmaven-install-plugin:2.3.1:install[m [1m(default-install)[m @ [36moak-solr-remote[0;1m ---[m
[[1;34mINFO[m] Installing /home/user/Reproducibility-Scanner/benchmarks/bugs-dot-jar/jackrabbit-oak/oak-solr-remote/target/oak-solr-remote-0.11-SNAPSHOT.jar to /home/user/.m2/repository/org/apache/jackrabbit/oak-solr-remote/0.11-SNAPSHOT/oak-solr-remote-0.11-SNAPSHOT.jar
[[1;34mINFO[m] Installing /home/user/Reproducibility-Scanner/benchmarks/bugs-dot-jar/jackrabbit-oak/oak-solr-remote/pom.xml to /home/user/.m2/repository/org/apache/jackrabbit/oak-solr-remote/0.11-SNAPSHOT/oak-solr-remote-0.11-SNAPSHOT.pom
[[1;34mINFO[m] 
[[1;34mINFO[m] [1m--- [0;32mmaven-bundle-plugin:2.3.7:install[m [1m(default-install)[m @ [36moak-solr-remote[0;1m ---[m
[[1;34mINFO[m] Local OBR update disabled (enable with -DobrRepository)
[[1;34mINFO[m] 
[[1;34mINFO[m] [1m--------------< [0;36morg.apache.jackrabbit:oak-solr-embedded[0;1m >---------------[m
[[1;34mINFO[m] [1mBuilding Oak Solr embedded 0.11-SNAPSHOT                         [15/20][m
[[1;34mINFO[m] [1m-------------------------------[ bundle ]-------------------------------[m
[[1;34mINFO[m] 
[[1;34mINFO[m] [1m--- [0;32mmaven-remote-resources-plugin:1.2.1:process[m [1m(default)[m @ [36moak-solr-embedded[0;1m ---[m
[[1;34mINFO[m] 
[[1;34mINFO[m] [1m--- [0;32mmaven-resources-plugin:2.5:resources[m [1m(default-resources)[m @ [36moak-solr-embedded[0;1m ---[m
[debug] execute contextualize
[[1;34mINFO[m] Using 'UTF-8' encoding to copy filtered resources.
[[1;34mINFO[m] Copying 5 resources
[[1;34mINFO[m] Copying 3 resources
[[1;34mINFO[m] 
[[1;34mINFO[m] [1m--- [0;32mmaven-compiler-plugin:2.3.2:compile[m [1m(default-compile)[m @ [36moak-solr-embedded[0;1m ---[m
[[1;34mINFO[m] Compiling 5 source files to /home/user/Reproducibility-Scanner/benchmarks/bugs-dot-jar/jackrabbit-oak/oak-solr-embedded/target/classes
[[1;34mINFO[m] 
[[1;34mINFO[m] [1m--- [0;32mmaven-scr-plugin:1.9.0:scr[m [1m(generate-scr-scrdescriptor)[m @ [36moak-solr-embedded[0;1m ---[m
[[1;34mINFO[m] Generating 1 MetaType Descriptor in /home/user/Reproducibility-Scanner/benchmarks/bugs-dot-jar/jackrabbit-oak/oak-solr-embedded/target/scr-plugin-generated/OSGI-INF/metatype/org.apache.jackrabbit.oak.plugins.index.solr.embedded.osgi.OsgiSolrServerConfigurationProvider.xml
[[1;34mINFO[m] Generating 1 MetaType Descriptor in /home/user/Reproducibility-Scanner/benchmarks/bugs-dot-jar/jackrabbit-oak/oak-solr-embedded/target/scr-plugin-generated/OSGI-INF/metatype/org.apache.jackrabbit.oak.plugins.index.solr.embedded.osgi.EmbeddedSolrProviderService.xml
[[1;34mINFO[m] Writing 1 Service Component Descriptors to /home/user/Reproducibility-Scanner/benchmarks/bugs-dot-jar/jackrabbit-oak/oak-solr-embedded/target/scr-plugin-generated/OSGI-INF/org.apache.jackrabbit.oak.plugins.index.solr.embedded.osgi.OsgiSolrServerConfigurationProvider.xml
[[1;34mINFO[m] Writing 1 Service Component Descriptors to /home/user/Reproducibility-Scanner/benchmarks/bugs-dot-jar/jackrabbit-oak/oak-solr-embedded/target/scr-plugin-generated/OSGI-INF/org.apache.jackrabbit.oak.plugins.index.solr.embedded.osgi.EmbeddedSolrProviderService.xml
[[1;34mINFO[m] 
[[1;34mINFO[m] [1m--- [0;32mmaven-resources-plugin:2.5:testResources[m [1m(default-testResources)[m @ [36moak-solr-embedded[0;1m ---[m
[debug] execute contextualize
[[1;34mINFO[m] Using 'UTF-8' encoding to copy filtered resources.
[[1;34mINFO[m] skip non existing resourceDirectory /home/user/Reproducibility-Scanner/benchmarks/bugs-dot-jar/jackrabbit-oak/oak-solr-embedded/src/test/resources
[[1;34mINFO[m] Copying 3 resources
[[1;34mINFO[m] 
[[1;34mINFO[m] [1m--- [0;32mmaven-compiler-plugin:2.3.2:testCompile[m [1m(default-testCompile)[m @ [36moak-solr-embedded[0;1m ---[m
[[1;34mINFO[m] Compiling 1 source file to /home/user/Reproducibility-Scanner/benchmarks/bugs-dot-jar/jackrabbit-oak/oak-solr-embedded/target/test-classes
[[1;34mINFO[m] 
[[1;34mINFO[m] [1m--- [0;32mmaven-surefire-plugin:2.9:test[m [1m(default-test)[m @ [36moak-solr-embedded[0;1m ---[m
[[1;34mINFO[m] Tests are skipped.
[[1;34mINFO[m] 
[[1;34mINFO[m] [1m--- [0;32mmaven-bundle-plugin:2.3.7:bundle[m [1m(default-bundle)[m @ [36moak-solr-embedded[0;1m ---[m
[[1;34mINFO[m] 
[[1;34mINFO[m] [1m--- [0;32mmaven-site-plugin:3.3:attach-descriptor[m [1m(attach-descriptor)[m @ [36moak-solr-embedded[0;1m ---[m
[[1;34mINFO[m] 
[[1;34mINFO[m] [1m--- [0;32mmaven-failsafe-plugin:2.12:integration-test[m [1m(default)[m @ [36moak-solr-embedded[0;1m ---[m
[[1;34mINFO[m] Tests are skipped.
[[1;34mINFO[m] 
[[1;34mINFO[m] [1m--- [0;32mmaven-failsafe-plugin:2.12:verify[m [1m(default)[m @ [36moak-solr-embedded[0;1m ---[m
[[1;34mINFO[m] Tests are skipped.
[[1;34mINFO[m] 
[[1;34mINFO[m] [1m--- [0;32mmaven-install-plugin:2.3.1:install[m [1m(default-install)[m @ [36moak-solr-embedded[0;1m ---[m
[[1;34mINFO[m] Installing /home/user/Reproducibility-Scanner/benchmarks/bugs-dot-jar/jackrabbit-oak/oak-solr-embedded/target/oak-solr-embedded-0.11-SNAPSHOT.jar to /home/user/.m2/repository/org/apache/jackrabbit/oak-solr-embedded/0.11-SNAPSHOT/oak-solr-embedded-0.11-SNAPSHOT.jar
[[1;34mINFO[m] Installing /home/user/Reproducibility-Scanner/benchmarks/bugs-dot-jar/jackrabbit-oak/oak-solr-embedded/pom.xml to /home/user/.m2/repository/org/apache/jackrabbit/oak-solr-embedded/0.11-SNAPSHOT/oak-solr-embedded-0.11-SNAPSHOT.pom
[[1;34mINFO[m] 
[[1;34mINFO[m] [1m--- [0;32mmaven-bundle-plugin:2.3.7:install[m [1m(default-install)[m @ [36moak-solr-embedded[0;1m ---[m
[[1;34mINFO[m] Local OBR update disabled (enable with -DobrRepository)
[[1;34mINFO[m] 
[[1;34mINFO[m] [1m-------------------< [0;36morg.apache.jackrabbit:oak-run[0;1m >--------------------[m
[[1;34mINFO[m] [1mBuilding Oak Runnable Jar 0.11-SNAPSHOT                          [16/20][m
[[1;34mINFO[m] [1m--------------------------------[ jar ]---------------------------------[m
[[1;34mINFO[m] 
[[1;34mINFO[m] [1m--- [0;32mmaven-remote-resources-plugin:1.2.1:process[m [1m(default)[m @ [36moak-run[0;1m ---[m
[[1;34mINFO[m] 
[[1;34mINFO[m] [1m--- [0;32mmaven-resources-plugin:2.5:resources[m [1m(default-resources)[m @ [36moak-run[0;1m ---[m
[debug] execute contextualize
[[1;34mINFO[m] Using 'UTF-8' encoding to copy filtered resources.
[[1;34mINFO[m] Copying 3 resources
[[1;34mINFO[m] Copying 3 resources
[[1;34mINFO[m] 
[[1;34mINFO[m] [1m--- [0;32mbuild-helper-maven-plugin:1.7:reserve-network-port[m [1m(reserve-network-port)[m @ [36moak-run[0;1m ---[m
[[1;34mINFO[m] Reserved port 40281 for jetty.http.port
[[1;34mINFO[m] 
[[1;34mINFO[m] [1m--- [0;32mmaven-compiler-plugin:2.3.2:compile[m [1m(default-compile)[m @ [36moak-run[0;1m ---[m
[[1;34mINFO[m] Compiling 44 source files to /home/user/Reproducibility-Scanner/benchmarks/bugs-dot-jar/jackrabbit-oak/oak-run/target/classes
[[1;34mINFO[m] 
[[1;34mINFO[m] [1m--- [0;32mmaven-resources-plugin:2.5:testResources[m [1m(default-testResources)[m @ [36moak-run[0;1m ---[m
[debug] execute contextualize
[[1;34mINFO[m] Using 'UTF-8' encoding to copy filtered resources.
[[1;34mINFO[m] skip non existing resourceDirectory /home/user/Reproducibility-Scanner/benchmarks/bugs-dot-jar/jackrabbit-oak/oak-run/src/test/resources
[[1;34mINFO[m] Copying 3 resources
[[1;34mINFO[m] 
[[1;34mINFO[m] [1m--- [0;32mmaven-compiler-plugin:2.3.2:testCompile[m [1m(default-testCompile)[m @ [36moak-run[0;1m ---[m
[[1;34mINFO[m] Compiling 1 source file to /home/user/Reproducibility-Scanner/benchmarks/bugs-dot-jar/jackrabbit-oak/oak-run/target/test-classes
[[1;34mINFO[m] 
[[1;34mINFO[m] [1m--- [0;32mmaven-surefire-plugin:2.9:test[m [1m(default-test)[m @ [36moak-run[0;1m ---[m
[[1;34mINFO[m] Tests are skipped.
[[1;34mINFO[m] 
[[1;34mINFO[m] [1m--- [0;32mmaven-jar-plugin:2.3.1:jar[m [1m(default-jar)[m @ [36moak-run[0;1m ---[m
[[1;34mINFO[m] Building jar: /home/user/Reproducibility-Scanner/benchmarks/bugs-dot-jar/jackrabbit-oak/oak-run/target/oak-run-0.11-SNAPSHOT.jar
[[1;34mINFO[m] 
[[1;34mINFO[m] [1m--- [0;32mmaven-site-plugin:3.3:attach-descriptor[m [1m(attach-descriptor)[m @ [36moak-run[0;1m ---[m
[[1;34mINFO[m] 
[[1;34mINFO[m] [1m--- [0;32mmaven-shade-plugin:1.6:shade[m [1m(default)[m @ [36moak-run[0;1m ---[m
[[1;34mINFO[m] Including org.apache.jackrabbit:oak-jcr:jar:0.11-SNAPSHOT in the shaded jar.
[[1;34mINFO[m] Including javax.jcr:jcr:jar:2.0 in the shaded jar.
[[1;34mINFO[m] Including org.apache.jackrabbit:oak-core:jar:0.11-SNAPSHOT in the shaded jar.
[[1;34mINFO[m] Including org.apache.jackrabbit:oak-mk-api:jar:0.11-SNAPSHOT in the shaded jar.
[[1;34mINFO[m] Including org.apache.jackrabbit:oak-mk:jar:0.11-SNAPSHOT in the shaded jar.
[[1;34mINFO[m] Including org.apache.jackrabbit:oak-mk-remote:jar:0.11-SNAPSHOT in the shaded jar.
[[1;34mINFO[m] Including commons-codec:commons-codec:jar:1.5 in the shaded jar.
[[1;34mINFO[m] Including org.apache.jackrabbit:oak-commons:jar:0.11-SNAPSHOT in the shaded jar.
[[1;34mINFO[m] Including com.google.code.findbugs:jsr305:jar:2.0.0 in the shaded jar.
[[1;34mINFO[m] Including org.apache.jackrabbit:jackrabbit-api:jar:2.7.1 in the shaded jar.
[[1;34mINFO[m] Including org.apache.jackrabbit:jackrabbit-jcr-commons:jar:2.7.1 in the shaded jar.
[[1;34mINFO[m] Including com.google.guava:guava:jar:14.0.1 in the shaded jar.
[[1;34mINFO[m] Including org.slf4j:slf4j-api:jar:1.6.6 in the shaded jar.
[[1;34mINFO[m] Including org.apache.jackrabbit:oak-http:jar:0.11-SNAPSHOT in the shaded jar.
[[1;34mINFO[m] Including org.apache.tika:tika-core:jar:1.1 in the shaded jar.
[[1;34mINFO[m] Including com.fasterxml.jackson.core:jackson-core:jar:2.0.0 in the shaded jar.
[[1;34mINFO[m] Including com.fasterxml.jackson.core:jackson-databind:jar:2.0.0 in the shaded jar.
[[1;34mINFO[m] Including com.fasterxml.jackson.core:jackson-annotations:jar:2.0.0 in the shaded jar.
[[1;34mINFO[m] Including com.fasterxml.jackson.dataformat:jackson-dataformat-smile:jar:2.0.2 in the shaded jar.
[[1;34mINFO[m] Including com.h2database:h2:jar:1.3.158 in the shaded jar.
[[1;34mINFO[m] Including org.mongodb:mongo-java-driver:jar:2.9.1 in the shaded jar.
[[1;34mINFO[m] Including org.apache.jackrabbit:jackrabbit-jcr-server:jar:2.7.1 in the shaded jar.
[[1;34mINFO[m] Including org.apache.jackrabbit:jackrabbit-spi-commons:jar:2.7.1 in the shaded jar.
[[1;34mINFO[m] Including org.apache.jackrabbit:jackrabbit-webdav:jar:2.7.1 in the shaded jar.
[[1;34mINFO[m] Including commons-httpclient:commons-httpclient:jar:3.1 in the shaded jar.
[[1;34mINFO[m] Including commons-fileupload:commons-fileupload:jar:1.2.1 in the shaded jar.
[[1;34mINFO[m] Including org.apache.jackrabbit:jackrabbit-core:jar:2.7.1 in the shaded jar.
[[1;34mINFO[m] Including concurrent:concurrent:jar:1.3.4 in the shaded jar.
[[1;34mINFO[m] Including commons-collections:commons-collections:jar:3.2.1 in the shaded jar.
[[1;34mINFO[m] Including commons-io:commons-io:jar:2.2 in the shaded jar.
[[1;34mINFO[m] Including commons-dbcp:commons-dbcp:jar:1.3 in the shaded jar.
[[1;34mINFO[m] Including commons-pool:commons-pool:jar:1.5.4 in the shaded jar.
[[1;34mINFO[m] Including org.apache.jackrabbit:jackrabbit-spi:jar:2.7.1 in the shaded jar.
[[1;34mINFO[m] Including org.apache.lucene:lucene-core:jar:3.6.0 in the shaded jar.
[[1;34mINFO[m] Including org.apache.derby:derby:jar:10.5.3.0_1 in the shaded jar.
[[1;34mINFO[m] Including org.slf4j:jcl-over-slf4j:jar:1.7.4 in the shaded jar.
[[1;34mINFO[m] Including org.apache.commons:commons-math:jar:2.0 in the shaded jar.
[[1;34mINFO[m] Including org.eclipse.jetty:jetty-servlet:jar:8.1.2.v20120308 in the shaded jar.
[[1;34mINFO[m] Including org.eclipse.jetty:jetty-security:jar:8.1.2.v20120308 in the shaded jar.
[[1;34mINFO[m] Including org.eclipse.jetty:jetty-server:jar:8.1.2.v20120308 in the shaded jar.
[[1;34mINFO[m] Including org.eclipse.jetty.orbit:javax.servlet:jar:3.0.0.v201112011016 in the shaded jar.
[[1;34mINFO[m] Including org.eclipse.jetty:jetty-continuation:jar:8.1.2.v20120308 in the shaded jar.
[[1;34mINFO[m] Including org.eclipse.jetty:jetty-http:jar:8.1.2.v20120308 in the shaded jar.
[[1;34mINFO[m] Including org.eclipse.jetty:jetty-io:jar:8.1.2.v20120308 in the shaded jar.
[[1;34mINFO[m] Including org.eclipse.jetty:jetty-util:jar:8.1.2.v20120308 in the shaded jar.
[[1;34mINFO[m] Including net.sf.jopt-simple:jopt-simple:jar:4.4 in the shaded jar.
[[1;34mINFO[m] Including ch.qos.logback:logback-classic:jar:1.0.11 in the shaded jar.
[[1;34mINFO[m] Including ch.qos.logback:logback-core:jar:1.0.11 in the shaded jar.
[[1;34mINFO[m] Replacing original artifact with shaded artifact.
[[1;34mINFO[m] Replacing /home/user/Reproducibility-Scanner/benchmarks/bugs-dot-jar/jackrabbit-oak/oak-run/target/oak-run-0.11-SNAPSHOT.jar with /home/user/Reproducibility-Scanner/benchmarks/bugs-dot-jar/jackrabbit-oak/oak-run/target/oak-run-0.11-SNAPSHOT-shaded.jar
[[1;34mINFO[m] 
[[1;34mINFO[m] [1m--- [0;32mmaven-install-plugin:2.3.1:install[m [1m(default-install)[m @ [36moak-run[0;1m ---[m
[[1;34mINFO[m] Installing /home/user/Reproducibility-Scanner/benchmarks/bugs-dot-jar/jackrabbit-oak/oak-run/target/oak-run-0.11-SNAPSHOT.jar to /home/user/.m2/repository/org/apache/jackrabbit/oak-run/0.11-SNAPSHOT/oak-run-0.11-SNAPSHOT.jar
[[1;34mINFO[m] Installing /home/user/Reproducibility-Scanner/benchmarks/bugs-dot-jar/jackrabbit-oak/oak-run/pom.xml to /home/user/.m2/repository/org/apache/jackrabbit/oak-run/0.11-SNAPSHOT/oak-run-0.11-SNAPSHOT.pom
[[1;34mINFO[m] 
[[1;34mINFO[m] [1m------------------< [0;36morg.apache.jackrabbit:oak-it-mk[0;1m >-------------------[m
[[1;34mINFO[m] [1mBuilding Oak Integration Tests for MicroKernel implementations 0.11-SNAPSHOT [17/20][m
[[1;34mINFO[m] [1m--------------------------------[ jar ]---------------------------------[m
[[1;34mINFO[m] 
[[1;34mINFO[m] [1m--- [0;32mmaven-remote-resources-plugin:1.2.1:process[m [1m(default)[m @ [36moak-it-mk[0;1m ---[m
[[1;34mINFO[m] 
[[1;34mINFO[m] [1m--- [0;32mmaven-resources-plugin:2.5:resources[m [1m(default-resources)[m @ [36moak-it-mk[0;1m ---[m
[debug] execute contextualize
[[1;34mINFO[m] Using 'UTF-8' encoding to copy filtered resources.
[[1;34mINFO[m] skip non existing resourceDirectory /home/user/Reproducibility-Scanner/benchmarks/bugs-dot-jar/jackrabbit-oak/oak-it/mk/src/main/resources
[[1;34mINFO[m] Copying 3 resources
[[1;34mINFO[m] 
[[1;34mINFO[m] [1m--- [0;32mmaven-compiler-plugin:2.3.2:compile[m [1m(default-compile)[m @ [36moak-it-mk[0;1m ---[m
[[1;34mINFO[m] Compiling 6 source files to /home/user/Reproducibility-Scanner/benchmarks/bugs-dot-jar/jackrabbit-oak/oak-it/mk/target/classes
[[1;34mINFO[m] 
[[1;34mINFO[m] [1m--- [0;32mmaven-resources-plugin:2.5:testResources[m [1m(default-testResources)[m @ [36moak-it-mk[0;1m ---[m
[debug] execute contextualize
[[1;34mINFO[m] Using 'UTF-8' encoding to copy filtered resources.
[[1;34mINFO[m] Copying 3 resources
[[1;34mINFO[m] Copying 3 resources
[[1;34mINFO[m] 
[[1;34mINFO[m] [1m--- [0;32mmaven-compiler-plugin:2.3.2:testCompile[m [1m(default-testCompile)[m @ [36moak-it-mk[0;1m ---[m
[[1;34mINFO[m] Compiling 6 source files to /home/user/Reproducibility-Scanner/benchmarks/bugs-dot-jar/jackrabbit-oak/oak-it/mk/target/test-classes
[[1;34mINFO[m] 
[[1;34mINFO[m] [1m--- [0;32mmaven-surefire-plugin:2.9:test[m [1m(default-test)[m @ [36moak-it-mk[0;1m ---[m
[[1;34mINFO[m] Tests are skipped.
[[1;34mINFO[m] 
[[1;34mINFO[m] [1m--- [0;32mmaven-jar-plugin:2.3.1:jar[m [1m(default-jar)[m @ [36moak-it-mk[0;1m ---[m
[[1;34mINFO[m] Building jar: /home/user/Reproducibility-Scanner/benchmarks/bugs-dot-jar/jackrabbit-oak/oak-it/mk/target/oak-it-mk-0.11-SNAPSHOT.jar
[[1;34mINFO[m] 
[[1;34mINFO[m] [1m--- [0;32mmaven-site-plugin:3.3:attach-descriptor[m [1m(attach-descriptor)[m @ [36moak-it-mk[0;1m ---[m
[[1;34mINFO[m] 
[[1;34mINFO[m] [1m--- [0;32mmaven-install-plugin:2.3.1:install[m [1m(default-install)[m @ [36moak-it-mk[0;1m ---[m
[[1;34mINFO[m] Installing /home/user/Reproducibility-Scanner/benchmarks/bugs-dot-jar/jackrabbit-oak/oak-it/mk/target/oak-it-mk-0.11-SNAPSHOT.jar to /home/user/.m2/repository/org/apache/jackrabbit/oak-it-mk/0.11-SNAPSHOT/oak-it-mk-0.11-SNAPSHOT.jar
[[1;34mINFO[m] Installing /home/user/Reproducibility-Scanner/benchmarks/bugs-dot-jar/jackrabbit-oak/oak-it/mk/pom.xml to /home/user/.m2/repository/org/apache/jackrabbit/oak-it-mk/0.11-SNAPSHOT/oak-it-mk-0.11-SNAPSHOT.pom
[[1;34mINFO[m] 
[[1;34mINFO[m] [1m-----------------< [0;36morg.apache.jackrabbit:oak-it-osgi[0;1m >------------------[m
[[1;34mINFO[m] [1mBuilding Oak Integration Tests for OSGi deployments 0.11-SNAPSHOT [18/20][m
[[1;34mINFO[m] [1m--------------------------------[ jar ]---------------------------------[m
[[1;34mINFO[m] 
[[1;34mINFO[m] [1m--- [0;32mmaven-remote-resources-plugin:1.2.1:process[m [1m(default)[m @ [36moak-it-osgi[0;1m ---[m
[[1;34mINFO[m] 
[[1;34mINFO[m] [1m--- [0;32mmaven-resources-plugin:2.5:resources[m [1m(default-resources)[m @ [36moak-it-osgi[0;1m ---[m
[debug] execute contextualize
[[1;34mINFO[m] Using 'UTF-8' encoding to copy filtered resources.
[[1;34mINFO[m] skip non existing resourceDirectory /home/user/Reproducibility-Scanner/benchmarks/bugs-dot-jar/jackrabbit-oak/oak-it/osgi/src/main/resources
[[1;34mINFO[m] Copying 3 resources
[[1;34mINFO[m] 
[[1;34mINFO[m] [1m--- [0;32mmaven-compiler-plugin:2.3.2:compile[m [1m(default-compile)[m @ [36moak-it-osgi[0;1m ---[m
[[1;34mINFO[m] No sources to compile
[[1;34mINFO[m] 
[[1;34mINFO[m] [1m--- [0;32mmaven-resources-plugin:2.5:testResources[m [1m(default-testResources)[m @ [36moak-it-osgi[0;1m ---[m
[debug] execute contextualize
[[1;34mINFO[m] Using 'UTF-8' encoding to copy filtered resources.
[[1;34mINFO[m] skip non existing resourceDirectory /home/user/Reproducibility-Scanner/benchmarks/bugs-dot-jar/jackrabbit-oak/oak-it/osgi/src/test/resources
[[1;34mINFO[m] Copying 3 resources
[[1;34mINFO[m] 
[[1;34mINFO[m] [1m--- [0;32mmaven-compiler-plugin:2.3.2:testCompile[m [1m(default-testCompile)[m @ [36moak-it-osgi[0;1m ---[m
[[1;34mINFO[m] Compiling 1 source file to /home/user/Reproducibility-Scanner/benchmarks/bugs-dot-jar/jackrabbit-oak/oak-it/osgi/target/test-classes
[[1;34mINFO[m] 
[[1;34mINFO[m] [1m--- [0;32mmaven-surefire-plugin:2.9:test[m [1m(default-test)[m @ [36moak-it-osgi[0;1m ---[m
[[1;34mINFO[m] Tests are skipped.
[[1;34mINFO[m] 
[[1;34mINFO[m] [1m--- [0;32mmaven-jar-plugin:2.3.1:jar[m [1m(default-jar)[m @ [36moak-it-osgi[0;1m ---[m
[[1;34mINFO[m] Building jar: /home/user/Reproducibility-Scanner/benchmarks/bugs-dot-jar/jackrabbit-oak/oak-it/osgi/target/oak-it-osgi-0.11-SNAPSHOT.jar
[[1;34mINFO[m] 
[[1;34mINFO[m] [1m--- [0;32mmaven-site-plugin:3.3:attach-descriptor[m [1m(attach-descriptor)[m @ [36moak-it-osgi[0;1m ---[m
[[1;34mINFO[m] 
[[1;34mINFO[m] [1m--- [0;32mmaven-assembly-plugin:2.2.1:single[m [1m(default)[m @ [36moak-it-osgi[0;1m ---[m
[[1;34mINFO[m] oak-core.jar already added, skipping
[[1;34mINFO[m] Copying files to /home/user/Reproducibility-Scanner/benchmarks/bugs-dot-jar/jackrabbit-oak/oak-it/osgi/target/test-bundles
[[1;34mINFO[m] oak-core.jar already added, skipping
[[1;34mINFO[m] 
[[1;34mINFO[m] [1m--- [0;32mmaven-install-plugin:2.3.1:install[m [1m(default-install)[m @ [36moak-it-osgi[0;1m ---[m
[[1;34mINFO[m] Installing /home/user/Reproducibility-Scanner/benchmarks/bugs-dot-jar/jackrabbit-oak/oak-it/osgi/target/oak-it-osgi-0.11-SNAPSHOT.jar to /home/user/.m2/repository/org/apache/jackrabbit/oak-it-osgi/0.11-SNAPSHOT/oak-it-osgi-0.11-SNAPSHOT.jar
[[1;34mINFO[m] Installing /home/user/Reproducibility-Scanner/benchmarks/bugs-dot-jar/jackrabbit-oak/oak-it/osgi/pom.xml to /home/user/.m2/repository/org/apache/jackrabbit/oak-it-osgi/0.11-SNAPSHOT/oak-it-osgi-0.11-SNAPSHOT.pom
[[1;34mINFO[m] 
[[1;34mINFO[m] [1m--------------------< [0;36morg.apache.jackrabbit:oak-it[0;1m >--------------------[m
[[1;34mINFO[m] [1mBuilding Oak Integration Tests 0.11-SNAPSHOT                     [19/20][m
[[1;34mINFO[m] [1m--------------------------------[ pom ]---------------------------------[m
[[1;34mINFO[m] 
[[1;34mINFO[m] [1m--- [0;32mmaven-remote-resources-plugin:1.2.1:process[m [1m(default)[m @ [36moak-it[0;1m ---[m
[[1;34mINFO[m] 
[[1;34mINFO[m] [1m--- [0;32mmaven-site-plugin:3.3:attach-descriptor[m [1m(attach-descriptor)[m @ [36moak-it[0;1m ---[m
[[1;34mINFO[m] 
[[1;34mINFO[m] [1m--- [0;32mmaven-install-plugin:2.3.1:install[m [1m(default-install)[m @ [36moak-it[0;1m ---[m
[[1;34mINFO[m] Installing /home/user/Reproducibility-Scanner/benchmarks/bugs-dot-jar/jackrabbit-oak/oak-it/pom.xml to /home/user/.m2/repository/org/apache/jackrabbit/oak-it/0.11-SNAPSHOT/oak-it-0.11-SNAPSHOT.pom
[[1;34mINFO[m] 
[[1;34mINFO[m] [1m----------------< [0;36morg.apache.jackrabbit:jackrabbit-oak[0;1m >----------------[m
[[1;34mINFO[m] [1mBuilding Jackrabbit Oak 0.11-SNAPSHOT                            [20/20][m
[[1;34mINFO[m] [1m--------------------------------[ pom ]---------------------------------[m
[[1;34mINFO[m] 
[[1;34mINFO[m] [1m--- [0;32mmaven-remote-resources-plugin:1.2.1:process[m [1m(default)[m @ [36mjackrabbit-oak[0;1m ---[m
[[1;34mINFO[m] 
[[1;34mINFO[m] [1m--- [0;32mmaven-site-plugin:3.3:attach-descriptor[m [1m(attach-descriptor)[m @ [36mjackrabbit-oak[0;1m ---[m
[[1;34mINFO[m] 
[[1;34mINFO[m] [1m--- [0;32mmaven-install-plugin:2.3.1:install[m [1m(default-install)[m @ [36mjackrabbit-oak[0;1m ---[m
[[1;34mINFO[m] Installing /home/user/Reproducibility-Scanner/benchmarks/bugs-dot-jar/jackrabbit-oak/pom.xml to /home/user/.m2/repository/org/apache/jackrabbit/jackrabbit-oak/0.11-SNAPSHOT/jackrabbit-oak-0.11-SNAPSHOT.pom
[[1;34mINFO[m] [1m------------------------------------------------------------------------[m
[[1;34mINFO[m] [1mReactor Summary for Jackrabbit Oak 0.11-SNAPSHOT:[m
[[1;34mINFO[m] 
[[1;34mINFO[m] Oak Parent POM ..................................... [1;32mSUCCESS[m [  0.924 s]
[[1;34mINFO[m] Oak Documentation .................................. [1;32mSUCCESS[m [  0.348 s]
[[1;34mINFO[m] Oak Commons ........................................ [1;32mSUCCESS[m [  1.407 s]
[[1;34mINFO[m] Oak MicroKernel API ................................ [1;32mSUCCESS[m [  0.424 s]
[[1;34mINFO[m] Oak MicroKernel .................................... [1;32mSUCCESS[m [  2.155 s]
[[1;34mINFO[m] Oak MicroKernel Remoting ........................... [1;32mSUCCESS[m [  0.864 s]
[[1;34mINFO[m] Oak Core ........................................... [1;32mSUCCESS[m [  7.032 s]
[[1;34mINFO[m] Oak JCR Binding .................................... [1;32mSUCCESS[m [  3.617 s]
[[1;34mINFO[m] Oak upgrade ........................................ [1;32mSUCCESS[m [  1.119 s]
[[1;34mINFO[m] Oak support for Apache Sling ....................... [1;32mSUCCESS[m [  0.490 s]
[[1;34mINFO[m] Oak HTTP Binding ................................... [1;32mSUCCESS[m [  0.886 s]
[[1;34mINFO[m] Oak Lucene ......................................... [1;32mSUCCESS[m [  2.887 s]
[[1;34mINFO[m] Oak Solr core ...................................... [1;32mSUCCESS[m [  1.829 s]
[[1;34mINFO[m] Oak Solr remote .................................... [1;32mSUCCESS[m [  1.139 s]
[[1;34mINFO[m] Oak Solr embedded .................................. [1;32mSUCCESS[m [  2.858 s]
[[1;34mINFO[m] Oak Runnable Jar ................................... [1;32mSUCCESS[m [  6.123 s]
[[1;34mINFO[m] Oak Integration Tests for MicroKernel implementations [1;32mSUCCESS[m [  1.231 s]
[[1;34mINFO[m] Oak Integration Tests for OSGi deployments ......... [1;32mSUCCESS[m [  1.365 s]
[[1;34mINFO[m] Oak Integration Tests .............................. [1;32mSUCCESS[m [  0.017 s]
[[1;34mINFO[m] Jackrabbit Oak ..................................... [1;32mSUCCESS[m [  0.010 s]
[[1;34mINFO[m] [1m------------------------------------------------------------------------[m
[[1;34mINFO[m] [1;32mBUILD SUCCESS[m
[[1;34mINFO[m] [1m------------------------------------------------------------------------[m
[[1;34mINFO[m] Total time:  37.258 s
[[1;34mINFO[m] Finished at: 2022-07-30T05:16:38-07:00
[[1;34mINFO[m] [1m------------------------------------------------------------------------[m
[[1;34mINFO[m] Scanning for projects...
[[1;34mINFO[m] 
[[1;34mINFO[m] [1m-------------------< [0;36morg.apache.jackrabbit:oak-jcr[0;1m >--------------------[m
[[1;34mINFO[m] [1mBuilding Oak JCR Binding 0.11-SNAPSHOT[m
[[1;34mINFO[m] [1m-------------------------------[ bundle ]-------------------------------[m
[[1;34mINFO[m] 
[[1;34mINFO[m] [1m--- [0;32mmaven-remote-resources-plugin:1.2.1:process[m [1m(default)[m @ [36moak-jcr[0;1m ---[m
[[1;34mINFO[m] 
[[1;34mINFO[m] [1m--- [0;32mmaven-resources-plugin:2.5:resources[m [1m(default-resources)[m @ [36moak-jcr[0;1m ---[m
[debug] execute contextualize
[[1;34mINFO[m] Using 'UTF-8' encoding to copy filtered resources.
[[1;34mINFO[m] Copying 1 resource
[[1;34mINFO[m] Copying 3 resources
[[1;34mINFO[m] 
[[1;34mINFO[m] [1m--- [0;32mmaven-compiler-plugin:2.3.2:compile[m [1m(default-compile)[m @ [36moak-jcr[0;1m ---[m
[[1;34mINFO[m] Compiling 1 source file to /home/user/Reproducibility-Scanner/benchmarks/bugs-dot-jar/jackrabbit-oak/oak-jcr/target/classes
[[1;34mINFO[m] 
[[1;34mINFO[m] [1m--- [0;32mmaven-resources-plugin:2.5:testResources[m [1m(default-testResources)[m @ [36moak-jcr[0;1m ---[m
[debug] execute contextualize
[[1;34mINFO[m] Using 'UTF-8' encoding to copy filtered resources.
[[1;34mINFO[m] Copying 3 resources
[[1;34mINFO[m] Copying 3 resources
[[1;34mINFO[m] 
[[1;34mINFO[m] [1m--- [0;32mmaven-compiler-plugin:2.3.2:testCompile[m [1m(default-testCompile)[m @ [36moak-jcr[0;1m ---[m
[[1;34mINFO[m] Nothing to compile - all classes are up to date
[[1;34mINFO[m] 
[[1;34mINFO[m] [1m--- [0;32mmaven-surefire-plugin:2.9:test[m [1m(default-test)[m @ [36moak-jcr[0;1m ---[m
[[1;34mINFO[m] Surefire report directory: /home/user/Reproducibility-Scanner/benchmarks/bugs-dot-jar/jackrabbit-oak/oak-jcr/target/surefire-reports

-------------------------------------------------------
 T E S T S
-------------------------------------------------------
OpenJDK 64-Bit Server VM warning: ignoring option MaxPermSize=48m; support was removed in 8.0
Running org.apache.jackrabbit.oak.jcr.query.PrefetchIteratorTest
Tests run: 3, Failures: 0, Errors: 0, Skipped: 0, Time elapsed: 0.184 sec
Running org.apache.jackrabbit.oak.jcr.query.QueryFulltextTest
Tests run: 6, Failures: 0, Errors: 0, Skipped: 0, Time elapsed: 1.309 sec
Running org.apache.jackrabbit.oak.jcr.query.QueryTest
Tests run: 33, Failures: 0, Errors: 0, Skipped: 0, Time elapsed: 2.925 sec
Running org.apache.jackrabbit.oak.jcr.query.QueryJcrTest
Tests run: 660, Failures: 0, Errors: 180, Skipped: 0, Time elapsed: 11.909 sec <<< FAILURE!
Running org.apache.jackrabbit.oak.jcr.query.qom.QomTest
Tests run: 90, Failures: 0, Errors: 0, Skipped: 0, Time elapsed: 5.127 sec
Running org.apache.jackrabbit.oak.jcr.query.QueryPlanTest
Tests run: 3, Failures: 0, Errors: 0, Skipped: 0, Time elapsed: 0.192 sec
Running org.apache.jackrabbit.oak.jcr.AutoCreatedItemsTest
Tests run: 3, Failures: 0, Errors: 0, Skipped: 0, Time elapsed: 0.35 sec
Running org.apache.jackrabbit.oak.jcr.nodetype.NodeTypeTest
Tests run: 6, Failures: 0, Errors: 0, Skipped: 0, Time elapsed: 0.368 sec
Running org.apache.jackrabbit.oak.jcr.nodetype.MixinTest
Tests run: 3, Failures: 0, Errors: 0, Skipped: 0, Time elapsed: 0.458 sec
Running org.apache.jackrabbit.oak.jcr.nodetype.NodeDefinitionTest
Tests run: 3, Failures: 0, Errors: 0, Skipped: 0, Time elapsed: 0.012 sec
Running org.apache.jackrabbit.oak.jcr.nodetype.NodeTypeEqualsTest
Tests run: 1, Failures: 0, Errors: 0, Skipped: 0, Time elapsed: 0.004 sec
Running org.apache.jackrabbit.oak.jcr.ValueFactoryTest
Tests run: 6, Failures: 0, Errors: 0, Skipped: 0, Time elapsed: 0.33 sec
Running org.apache.jackrabbit.oak.jcr.security.privilege.PrivilegeManagerTest
Tests run: 8, Failures: 0, Errors: 0, Skipped: 0, Time elapsed: 0.041 sec
Running org.apache.jackrabbit.oak.jcr.security.privilege.PrivilegeRegistrationTest
Tests run: 13, Failures: 0, Errors: 0, Skipped: 0, Time elapsed: 0.917 sec
Running org.apache.jackrabbit.oak.jcr.security.principal.PrincipalManagerTest
Tests run: 18, Failures: 0, Errors: 0, Skipped: 0, Time elapsed: 0.052 sec
Running org.apache.jackrabbit.oak.jcr.security.authorization.AccessControlImporterTest
Tests run: 8, Failures: 0, Errors: 0, Skipped: 0, Time elapsed: 0.065 sec
Running org.apache.jackrabbit.oak.jcr.security.authorization.NamespaceManagementTest
Tests run: 4, Failures: 0, Errors: 0, Skipped: 0, Time elapsed: 0.064 sec
Running org.apache.jackrabbit.oak.jcr.security.authorization.UserManagementTest
Tests run: 21, Failures: 0, Errors: 0, Skipped: 0, Time elapsed: 0.376 sec
Running org.apache.jackrabbit.oak.jcr.security.authorization.JackrabbitAccessControlListTest
Tests run: 8, Failures: 0, Errors: 0, Skipped: 0, Time elapsed: 0.148 sec
Running org.apache.jackrabbit.oak.jcr.security.authorization.WriteTest
Tests run: 36, Failures: 0, Errors: 0, Skipped: 0, Time elapsed: 0.499 sec
Running org.apache.jackrabbit.oak.jcr.security.authorization.VersionTest
Tests run: 1, Failures: 0, Errors: 0, Skipped: 0, Time elapsed: 0.073 sec
Running org.apache.jackrabbit.oak.jcr.security.authorization.NodeTypeManagementTest
Tests run: 13, Failures: 0, Errors: 0, Skipped: 0, Time elapsed: 0.197 sec
Running org.apache.jackrabbit.oak.jcr.security.authorization.RenameTest
Tests run: 1, Failures: 0, Errors: 0, Skipped: 1, Time elapsed: 0.001 sec
Running org.apache.jackrabbit.oak.jcr.security.authorization.ReadTest
Tests run: 28, Failures: 0, Errors: 0, Skipped: 0, Time elapsed: 0.375 sec
Running org.apache.jackrabbit.oak.jcr.security.authorization.QueryTest
Tests run: 1, Failures: 0, Errors: 0, Skipped: 0, Time elapsed: 0.106 sec
Running org.apache.jackrabbit.oak.jcr.security.authorization.NodeTypeDefinitionManagementTest
Tests run: 4, Failures: 0, Errors: 0, Skipped: 0, Time elapsed: 0.17 sec
Running org.apache.jackrabbit.oak.jcr.security.authorization.ReadPropertyTest
Tests run: 5, Failures: 0, Errors: 0, Skipped: 0, Time elapsed: 0.062 sec
Running org.apache.jackrabbit.oak.jcr.security.authorization.InheritanceTest
Tests run: 9, Failures: 0, Errors: 0, Skipped: 0, Time elapsed: 0.175 sec
Running org.apache.jackrabbit.oak.jcr.security.authorization.WritePropertyTest
Tests run: 4, Failures: 0, Errors: 0, Skipped: 0, Time elapsed: 0.052 sec
Running org.apache.jackrabbit.oak.jcr.security.authorization.PrivilegeManagementTest
Tests run: 3, Failures: 0, Errors: 0, Skipped: 0, Time elapsed: 0.036 sec
Running org.apache.jackrabbit.oak.jcr.security.authorization.AccessControlManagementTest
Tests run: 16, Failures: 0, Errors: 0, Skipped: 0, Time elapsed: 0.181 sec
Running org.apache.jackrabbit.oak.jcr.security.authorization.VersionManagementTest
Tests run: 15, Failures: 0, Errors: 0, Skipped: 0, Time elapsed: 0.295 sec
Running org.apache.jackrabbit.oak.jcr.security.authorization.ObservationTest
Tests run: 1, Failures: 0, Errors: 0, Skipped: 0, Time elapsed: 5.026 sec
Running org.apache.jackrabbit.oak.jcr.security.authorization.CopyTest
Tests run: 6, Failures: 0, Errors: 0, Skipped: 0, Time elapsed: 0.103 sec
Running org.apache.jackrabbit.oak.jcr.security.authorization.AccessControlWorkspaceImporterTest
Tests run: 8, Failures: 0, Errors: 0, Skipped: 0, Time elapsed: 0.067 sec
Running org.apache.jackrabbit.oak.jcr.security.authorization.MoveTest
Tests run: 1, Failures: 0, Errors: 0, Skipped: 1, Time elapsed: 0 sec
Running org.apache.jackrabbit.oak.jcr.security.user.GroupImportAbortTest
Tests run: 2, Failures: 0, Errors: 0, Skipped: 0, Time elapsed: 0.143 sec
Running org.apache.jackrabbit.oak.jcr.security.user.UserImportBestEffortTest
Tests run: 5, Failures: 0, Errors: 0, Skipped: 0, Time elapsed: 0.342 sec
Running org.apache.jackrabbit.oak.jcr.security.user.NestedGroupTest
Tests run: 4, Failures: 0, Errors: 0, Skipped: 0, Time elapsed: 0.067 sec
Running org.apache.jackrabbit.oak.jcr.security.user.ImpersonationTest
Tests run: 3, Failures: 0, Errors: 0, Skipped: 0, Time elapsed: 0.031 sec
Running org.apache.jackrabbit.oak.jcr.security.user.GroupImportTest
Tests run: 9, Failures: 0, Errors: 0, Skipped: 0, Time elapsed: 0.664 sec
Running org.apache.jackrabbit.oak.jcr.security.user.UserImportWithActionsTest
Tests run: 1, Failures: 0, Errors: 0, Skipped: 1, Time elapsed: 0 sec
Running org.apache.jackrabbit.oak.jcr.security.user.AuthorizablePropertyTest
Tests run: 26, Failures: 0, Errors: 0, Skipped: 0, Time elapsed: 0.173 sec
Running org.apache.jackrabbit.oak.jcr.security.user.MemberNodeImportTest
Tests run: 1, Failures: 0, Errors: 0, Skipped: 1, Time elapsed: 0.001 sec
Running org.apache.jackrabbit.oak.jcr.security.user.UserImportAbortTest
Tests run: 2, Failures: 0, Errors: 0, Skipped: 0, Time elapsed: 0.133 sec
Running org.apache.jackrabbit.oak.jcr.security.user.AuthorizableTest
Tests run: 2, Failures: 0, Errors: 0, Skipped: 0, Time elapsed: 0.02 sec
Running org.apache.jackrabbit.oak.jcr.security.user.UserImportTest
Tests run: 18, Failures: 0, Errors: 0, Skipped: 0, Time elapsed: 1.198 sec
Running org.apache.jackrabbit.oak.jcr.security.user.UserTest
Tests run: 22, Failures: 0, Errors: 0, Skipped: 0, Time elapsed: 0.135 sec
Running org.apache.jackrabbit.oak.jcr.security.user.UserManagerTest
Tests run: 27, Failures: 0, Errors: 0, Skipped: 0, Time elapsed: 0.217 sec
Running org.apache.jackrabbit.oak.jcr.security.user.EveryoneGroupTest
Tests run: 5, Failures: 0, Errors: 0, Skipped: 0, Time elapsed: 0.043 sec
Running org.apache.jackrabbit.oak.jcr.security.user.CreateGroupTest
Tests run: 6, Failures: 0, Errors: 0, Skipped: 0, Time elapsed: 0.044 sec
Running org.apache.jackrabbit.oak.jcr.security.user.AdministratorTest
Tests run: 4, Failures: 0, Errors: 0, Skipped: 0, Time elapsed: 0.021 sec
Running org.apache.jackrabbit.oak.jcr.security.user.CreateUserTest
Tests run: 14, Failures: 0, Errors: 0, Skipped: 0, Time elapsed: 0.112 sec
Running org.apache.jackrabbit.oak.jcr.security.user.UserQueryTest
Tests run: 27, Failures: 0, Errors: 0, Skipped: 0, Time elapsed: 1.723 sec
Running org.apache.jackrabbit.oak.jcr.security.user.UserImportIgnoreTest
Tests run: 1, Failures: 0, Errors: 0, Skipped: 0, Time elapsed: 0.066 sec
Running org.apache.jackrabbit.oak.jcr.security.user.GroupImportBestEffortTest
Tests run: 3, Failures: 0, Errors: 0, Skipped: 0, Time elapsed: 0.209 sec
Running org.apache.jackrabbit.oak.jcr.security.user.GroupTest
Tests run: 27, Failures: 0, Errors: 0, Skipped: 0, Time elapsed: 0.774 sec
Running org.apache.jackrabbit.oak.jcr.security.user.FindAuthorizablesTest
Tests run: 14, Failures: 0, Errors: 0, Skipped: 0, Time elapsed: 0.126 sec
Running org.apache.jackrabbit.oak.jcr.security.user.GroupImportIgnoreTest
Tests run: 2, Failures: 0, Errors: 0, Skipped: 0, Time elapsed: 0.134 sec
Running org.apache.jackrabbit.oak.jcr.MoveRemoveTest
Tests run: 36, Failures: 0, Errors: 0, Skipped: 0, Time elapsed: 2.262 sec
Running org.apache.jackrabbit.oak.jcr.OrderableNodesTest
Tests run: 15, Failures: 0, Errors: 0, Skipped: 0, Time elapsed: 1.165 sec
Running org.apache.jackrabbit.oak.jcr.RepositoryTest
Tests run: 324, Failures: 0, Errors: 0, Skipped: 6, Time elapsed: 18.795 sec
Running org.apache.jackrabbit.oak.jcr.ItemSaveTest
Tests run: 24, Failures: 0, Errors: 0, Skipped: 12, Time elapsed: 1.323 sec
Running org.apache.jackrabbit.oak.jcr.CRUDTest
Tests run: 30, Failures: 0, Errors: 0, Skipped: 0, Time elapsed: 1.813 sec
Running org.apache.jackrabbit.oak.jcr.version.VersionableTest
Tests run: 5, Failures: 0, Errors: 0, Skipped: 0, Time elapsed: 0.073 sec
Running org.apache.jackrabbit.oak.jcr.version.VersionTest
Tests run: 4, Failures: 0, Errors: 0, Skipped: 0, Time elapsed: 0.034 sec
Running org.apache.jackrabbit.oak.jcr.version.VersionHistoryTest
Tests run: 8, Failures: 0, Errors: 0, Skipped: 0, Time elapsed: 0.056 sec
Running org.apache.jackrabbit.oak.jcr.version.VersionablePathsTest
Tests run: 4, Failures: 0, Errors: 0, Skipped: 0, Time elapsed: 0.046 sec
Running org.apache.jackrabbit.oak.jcr.version.RestoreTest
Tests run: 2, Failures: 0, Errors: 0, Skipped: 0, Time elapsed: 0.03 sec
Running org.apache.jackrabbit.oak.jcr.ConcurrentFileOperationsTest
Tests run: 9, Failures: 0, Errors: 0, Skipped: 0, Time elapsed: 2.257 sec
Running org.apache.jackrabbit.oak.jcr.CompatibilityIssuesTest
Tests run: 21, Failures: 0, Errors: 0, Skipped: 0, Time elapsed: 5.127 sec
Running org.apache.jackrabbit.oak.jcr.CopyTest
Tests run: 15, Failures: 0, Errors: 0, Skipped: 12, Time elapsed: 0.174 sec
Running org.apache.jackrabbit.oak.jcr.MoveTest
Tests run: 7, Failures: 0, Errors: 0, Skipped: 0, Time elapsed: 0.048 sec
Running org.apache.jackrabbit.oak.jcr.observation.ObservationJcrTest
Tests run: 33, Failures: 0, Errors: 7, Skipped: 0, Time elapsed: 10.336 sec <<< FAILURE!
Running org.apache.jackrabbit.oak.jcr.observation.ObservationTest
Tests run: 27, Failures: 0, Errors: 0, Skipped: 0, Time elapsed: 16.719 sec

Results :

Tests in error: 
  testPredefinedEntityReference(org.apache.jackrabbit.core.query.FulltextQueryTest): Failed to get Repository instance.
  testColonInContains(org.apache.jackrabbit.core.query.FulltextQueryTest): Failed to get Repository instance.
  testMultipleOrExpressions(org.apache.jackrabbit.core.query.FulltextQueryTest): Failed to get Repository instance.
  testFulltextExcludeSQL(org.apache.jackrabbit.core.query.FulltextQueryTest): Failed to get Repository instance.
  testFulltextPhraseSQL(org.apache.jackrabbit.core.query.FulltextQueryTest): Failed to get Repository instance.
  testFulltextMultiWordSQL(org.apache.jackrabbit.core.query.FulltextQueryTest): Failed to get Repository instance.
  testFulltextOrSQL(org.apache.jackrabbit.core.query.FulltextQueryTest): Failed to get Repository instance.
  testFulltextIntercapSQL(org.apache.jackrabbit.core.query.FulltextQueryTest): Failed to get Repository instance.
  testContainsStarSQL(org.apache.jackrabbit.core.query.FulltextQueryTest): Failed to get Repository instance.
  testContainsStarXPath(org.apache.jackrabbit.core.query.FulltextQueryTest): Failed to get Repository instance.
  testFulltextSimpleSQL2(org.apache.jackrabbit.core.query.FulltextQueryTest): Failed to get Repository instance.
  testMultiByte(org.apache.jackrabbit.core.query.FulltextQueryTest): Failed to get Repository instance.
  testFulltextSimpleSQL1(org.apache.jackrabbit.core.query.FulltextQueryTest): Failed to get Repository instance.
  testWildcard(org.apache.jackrabbit.core.query.FulltextQueryTest): Failed to get Repository instance.
  testSimpleQuery1(org.apache.jackrabbit.core.query.SQLTest): Failed to get Repository instance.
  testFulltextSimple(org.apache.jackrabbit.core.query.SQLTest): Failed to get Repository instance.
  testMultiValuedReferenceJoin(org.apache.jackrabbit.core.query.JoinTest): Failed to get Repository instance.
  testJoinWithOR(org.apache.jackrabbit.core.query.JoinTest): Failed to get Repository instance.
  testJoinWithOR2(org.apache.jackrabbit.core.query.JoinTest): Failed to get Repository instance.
  testJoinWithOR3(org.apache.jackrabbit.core.query.JoinTest): Failed to get Repository instance.
  testJoinWithOR4(org.apache.jackrabbit.core.query.JoinTest): Failed to get Repository instance.
  testJoinWithOR5(org.apache.jackrabbit.core.query.JoinTest): Failed to get Repository instance.
  testRemoveFirstNode(org.apache.jackrabbit.core.query.SkipDeletedNodesTest): Failed to get Repository instance.
  testRemoveSomeNode(org.apache.jackrabbit.core.query.SkipDeletedNodesTest): Failed to get Repository instance.
  testRemoveLastNode(org.apache.jackrabbit.core.query.SkipDeletedNodesTest): Failed to get Repository instance.
  testRemoveFirstNodeAfterHasNext(org.apache.jackrabbit.core.query.SkipDeletedNodesTest): Failed to get Repository instance.
  testRemoveSomeNodeAfterHasNext(org.apache.jackrabbit.core.query.SkipDeletedNodesTest): Failed to get Repository instance.
  testCheckin(org.apache.jackrabbit.core.query.VersionStoreQueryTest): Failed to get Repository instance.
  testFulltextSimpleSQL(org.apache.jackrabbit.core.query.FulltextSQL2QueryTest): Failed to get Repository instance.
  testFulltextBindVariableSQL(org.apache.jackrabbit.core.query.FulltextSQL2QueryTest): Failed to get Repository instance.
  testEq(org.apache.jackrabbit.core.query.SQL2NodeLocalNameTest): Failed to get Repository instance.
  testLikeMiddle(org.apache.jackrabbit.core.query.SQL2NodeLocalNameTest): Failed to get Repository instance.
  testLikeNoHits(org.apache.jackrabbit.core.query.SQL2NodeLocalNameTest): Failed to get Repository instance.
  testLikeEnd(org.apache.jackrabbit.core.query.SQL2NodeLocalNameTest): Failed to get Repository instance.
  testLikeEmpty(org.apache.jackrabbit.core.query.SQL2NodeLocalNameTest): Failed to get Repository instance.
  testLikeEmptyAsChild(org.apache.jackrabbit.core.query.SQL2NodeLocalNameTest): Failed to get Repository instance.
  testLikeAllAsChild(org.apache.jackrabbit.core.query.SQL2NodeLocalNameTest): Failed to get Repository instance.
  testLowerLocalName(org.apache.jackrabbit.core.query.SQL2NodeLocalNameTest): Failed to get Repository instance.
  testUpperLocalName(org.apache.jackrabbit.core.query.SQL2NodeLocalNameTest): Failed to get Repository instance.
  testLowerName(org.apache.jackrabbit.core.query.SQL2NodeLocalNameTest): Failed to get Repository instance.
  testLowerLocalNameOrContains(org.apache.jackrabbit.core.query.SQL2NodeLocalNameTest): Failed to get Repository instance.
  testUpperLocalNameOrContains(org.apache.jackrabbit.core.query.SQL2NodeLocalNameTest): Failed to get Repository instance.
  testOrderByMVP(org.apache.jackrabbit.core.query.SQL2OrderByTest): Failed to get Repository instance.
  testOrderByVal(org.apache.jackrabbit.core.query.SQL2OrderByTest): Failed to get Repository instance.
  testOrderByValDesc(org.apache.jackrabbit.core.query.SQL2OrderByTest): Failed to get Repository instance.
  testOrderByValMult(org.apache.jackrabbit.core.query.SQL2OrderByTest): Failed to get Repository instance.
  testOrderByValMultDesc(org.apache.jackrabbit.core.query.SQL2OrderByTest): Failed to get Repository instance.
  testOrderByValMultMix(org.apache.jackrabbit.core.query.SQL2OrderByTest): Failed to get Repository instance.
  testOrderByFnc(org.apache.jackrabbit.core.query.SQL2OrderByTest): Failed to get Repository instance.
  testOrderByFncDesc(org.apache.jackrabbit.core.query.SQL2OrderByTest): Failed to get Repository instance.
  testPropertyCountSQL(org.apache.jackrabbit.core.query.SelectClauseTest): Failed to get Repository instance.
  testSelectSQL(org.apache.jackrabbit.core.query.SelectClauseTest): Failed to get Repository instance.
  testBuiltInMixin(org.apache.jackrabbit.core.query.MixinTest): Failed to get Repository instance.
  testGetChildrenApiDirect(org.apache.jackrabbit.core.query.SQL2PathEscapingTest): Failed to get Repository instance.
  testGetChildrenApiStatement(org.apache.jackrabbit.core.query.SQL2PathEscapingTest): Failed to get Repository instance.
  testLimitEqSize(org.apache.jackrabbit.core.query.SQL2OffsetLimitTest): Failed to get Repository instance.
  testLimitGtSize(org.apache.jackrabbit.core.query.SQL2OffsetLimitTest): Failed to get Repository instance.
  testOffsetEqSize(org.apache.jackrabbit.core.query.SQL2OffsetLimitTest): Failed to get Repository instance.
  testNoConstraints(org.apache.jackrabbit.core.query.SQL2OffsetLimitTest): Failed to get Repository instance.
  testOffsetGtSize(org.apache.jackrabbit.core.query.SQL2OffsetLimitTest): Failed to get Repository instance.
  testSimplePagination(org.apache.jackrabbit.core.query.SQL2OffsetLimitTest): Failed to get Repository instance.
  test2BigPages(org.apache.jackrabbit.core.query.SQL2OffsetLimitTest): Failed to get Repository instance.
  testSimpleQuery(org.apache.jackrabbit.core.query.ChildAxisQueryTest): Failed to get Repository instance.
  testNotIsDescendantNodeQuery(org.apache.jackrabbit.core.query.ChildAxisQueryTest): Failed to get Repository instance.
  testGreaterEqualsGeneralComparison(org.apache.jackrabbit.core.query.UpperLowerCaseQueryTest): Failed to get Repository instance.
  testEqualsGeneralComparison(org.apache.jackrabbit.core.query.UpperLowerCaseQueryTest): Failed to get Repository instance.
  testGreaterThanGeneralComparison(org.apache.jackrabbit.core.query.UpperLowerCaseQueryTest): Failed to get Repository instance.
  testLessThanGeneralComparison(org.apache.jackrabbit.core.query.UpperLowerCaseQueryTest): Failed to get Repository instance.
  testLessEqualsGeneralComparison(org.apache.jackrabbit.core.query.UpperLowerCaseQueryTest): Failed to get Repository instance.
  testNotEqualsGeneralComparison(org.apache.jackrabbit.core.query.UpperLowerCaseQueryTest): Failed to get Repository instance.
  testLikeComparison(org.apache.jackrabbit.core.query.UpperLowerCaseQueryTest): Failed to get Repository instance.
  testLikeComparisonRandom(org.apache.jackrabbit.core.query.UpperLowerCaseQueryTest): Failed to get Repository instance.
  testRangeWithEmptyString(org.apache.jackrabbit.core.query.UpperLowerCaseQueryTest): Failed to get Repository instance.
  testWrongCaseNeverMatches(org.apache.jackrabbit.core.query.UpperLowerCaseQueryTest): Failed to get Repository instance.
  testOuterJoinMissingNodeWithCondition(org.apache.jackrabbit.core.query.SQL2OuterJoinTest): Failed to get Repository instance.
  testOuterJoin(org.apache.jackrabbit.core.query.SQL2OuterJoinTest): Failed to get Repository instance.
  testOuterJoinWithCondition(org.apache.jackrabbit.core.query.SQL2OuterJoinTest): Failed to get Repository instance.
  testOuterJoinMissingProperty(org.apache.jackrabbit.core.query.SQL2OuterJoinTest): Failed to get Repository instance.
  testOuterJoinMissingNode(org.apache.jackrabbit.core.query.SQL2OuterJoinTest): Failed to get Repository instance.
  testOuterJoinExtraNode(org.apache.jackrabbit.core.query.SQL2OuterJoinTest): Failed to get Repository instance.
  testOuterJoinExtraNodeWithCondition(org.apache.jackrabbit.core.query.SQL2OuterJoinTest): Failed to get Repository instance.
  testOuterJoinDoubleJoinSplit(org.apache.jackrabbit.core.query.SQL2OuterJoinTest): Failed to get Repository instance.
  testOffset(org.apache.jackrabbit.core.query.LimitAndOffsetTest): Failed to get Repository instance.
  testLimit(org.apache.jackrabbit.core.query.LimitAndOffsetTest): Failed to get Repository instance.
  testOffsetAndLimit(org.apache.jackrabbit.core.query.LimitAndOffsetTest): Failed to get Repository instance.
  testOffsetAndSkip(org.apache.jackrabbit.core.query.LimitAndOffsetTest): Failed to get Repository instance.
  testOffsetAndLimitWithGetSize(org.apache.jackrabbit.core.query.LimitAndOffsetTest): Failed to get Repository instance.
  testLikeWithWildcard(org.apache.jackrabbit.core.query.FnNameQueryTest): Failed to get Repository instance.
  testLikeWithWildcardAndLowerCase(org.apache.jackrabbit.core.query.FnNameQueryTest): Failed to get Repository instance.
  testSimple(org.apache.jackrabbit.core.query.FnNameQueryTest): Failed to get Repository instance.
  testWithSpace(org.apache.jackrabbit.core.query.FnNameQueryTest): Failed to get Repository instance.
  testOrderByUpperCase(org.apache.jackrabbit.core.query.OrderByTest): Failed to get Repository instance.
  testOrderByLowerCase(org.apache.jackrabbit.core.query.OrderByTest): Failed to get Repository instance.
  testChildAxisString(org.apache.jackrabbit.core.query.OrderByTest): Failed to get Repository instance.
  testChildAxisLong(org.apache.jackrabbit.core.query.OrderByTest): Failed to get Repository instance.
  testChildAxisDouble(org.apache.jackrabbit.core.query.OrderByTest): Failed to get Repository instance.
  testChildAxisBoolean(org.apache.jackrabbit.core.query.OrderByTest): Failed to get Repository instance.
  testOrderByScore(org.apache.jackrabbit.core.query.OrderByTest): Failed to get Repository instance.
  testOrderByMVP(org.apache.jackrabbit.core.query.OrderByTest): Failed to get Repository instance.
  testChildAxisCalendar(org.apache.jackrabbit.core.query.OrderByTest): Failed to get Repository instance.
  testChildAxisName(org.apache.jackrabbit.core.query.OrderByTest): Failed to get Repository instance.
  testChildAxisPath(org.apache.jackrabbit.core.query.OrderByTest): Failed to get Repository instance.
  testChildAxisDeep(org.apache.jackrabbit.core.query.OrderByTest): Failed to get Repository instance.
  testChildAxisNoValue(org.apache.jackrabbit.core.query.OrderByTest): Failed to get Repository instance.
  testChildAxisMixedTypes(org.apache.jackrabbit.core.query.OrderByTest): Failed to get Repository instance.
  testQuotedPhrase(org.apache.jackrabbit.core.query.ExcerptTest): Failed to get Repository instance.
  testHightlightFirstWord(org.apache.jackrabbit.core.query.ExcerptTest): Failed to get Repository instance.
  testHightlightLastWord(org.apache.jackrabbit.core.query.ExcerptTest): Failed to get Repository instance.
  testHightlightWordBetween(org.apache.jackrabbit.core.query.ExcerptTest): Failed to get Repository instance.
  testHighlightMultipleTerms(org.apache.jackrabbit.core.query.ExcerptTest): Failed to get Repository instance.
  testEncodeIllegalCharsNoHighlights(org.apache.jackrabbit.core.query.ExcerptTest): Failed to get Repository instance.
  testEncodeIllegalCharsHighlights(org.apache.jackrabbit.core.query.ExcerptTest): Failed to get Repository instance.
  testQuotedPhraseNoMatch(org.apache.jackrabbit.core.query.ExcerptTest): Failed to get Repository instance.
  testQuotedPhraseNoMatchScrambled(org.apache.jackrabbit.core.query.ExcerptTest): Failed to get Repository instance.
  testQuotedPhraseNoMatchGap(org.apache.jackrabbit.core.query.ExcerptTest): Failed to get Repository instance.
  testEagerMatch(org.apache.jackrabbit.core.query.ExcerptTest): Failed to get Repository instance.
  testEagerMatch2(org.apache.jackrabbit.core.query.ExcerptTest): Failed to get Repository instance.
  testEagerMatch3(org.apache.jackrabbit.core.query.ExcerptTest): Failed to get Repository instance.
  testMatchMultipleNonMatchingTokens(org.apache.jackrabbit.core.query.ExcerptTest): Failed to get Repository instance.
  testHighlightJa(org.apache.jackrabbit.core.query.ExcerptTest): Failed to get Repository instance.
  testSimpleQuerySQL1(org.apache.jackrabbit.core.query.SimpleQueryTest): Failed to get Repository instance.
  testSimpleQuerySQL2(org.apache.jackrabbit.core.query.SimpleQueryTest): Failed to get Repository instance.
  testSimpleQuerySQL3(org.apache.jackrabbit.core.query.SimpleQueryTest): Failed to get Repository instance.
  testSimpleQuerySQL4(org.apache.jackrabbit.core.query.SimpleQueryTest): Failed to get Repository instance.
  testBigDecimalField(org.apache.jackrabbit.core.query.SimpleQueryTest): Failed to get Repository instance.
  testLikePatternBetween(org.apache.jackrabbit.core.query.SimpleQueryTest): Failed to get Repository instance.
  testLikePatternEnd(org.apache.jackrabbit.core.query.SimpleQueryTest): Failed to get Repository instance.
  testLikePatternEscaped(org.apache.jackrabbit.core.query.SimpleQueryTest): Failed to get Repository instance.
  testLikeWithLineTerminator(org.apache.jackrabbit.core.query.SimpleQueryTest): Failed to get Repository instance.
  testNotEqual(org.apache.jackrabbit.core.query.SimpleQueryTest): Failed to get Repository instance.
  testIsNull(org.apache.jackrabbit.core.query.SimpleQueryTest): Failed to get Repository instance.
  testIsNotNull(org.apache.jackrabbit.core.query.SimpleQueryTest): Failed to get Repository instance.
  testNegativeNumber(org.apache.jackrabbit.core.query.SimpleQueryTest): Failed to get Repository instance.
  testQuotes(org.apache.jackrabbit.core.query.SimpleQueryTest): Failed to get Repository instance.
  testLogicalExpression(org.apache.jackrabbit.core.query.SimpleQueryTest): Failed to get Repository instance.
  testLongField(org.apache.jackrabbit.core.query.SimpleQueryTest): Failed to get Repository instance.
  testLikePattern(org.apache.jackrabbit.core.query.SimpleQueryTest): Failed to get Repository instance.
  testDoubleField(org.apache.jackrabbit.core.query.SimpleQueryTest): Failed to get Repository instance.
  testDateField1(org.apache.jackrabbit.core.query.SimpleQueryTest): Failed to get Repository instance.
  testIteratorNext(org.apache.jackrabbit.core.query.QueryResultTest): Failed to get Repository instance.
  testGetSize(org.apache.jackrabbit.core.query.QueryResultTest): Failed to get Repository instance.
  testGetSizeOrderByScore(org.apache.jackrabbit.core.query.QueryResultTest): Failed to get Repository instance.
  testIteratorNextOrderByScore(org.apache.jackrabbit.core.query.QueryResultTest): Failed to get Repository instance.
  testSkipOrderByProperty(org.apache.jackrabbit.core.query.QueryResultTest): Failed to get Repository instance.
  testGetPositionOrderBy(org.apache.jackrabbit.core.query.QueryResultTest): Failed to get Repository instance.
  testPositionEmptyResult(org.apache.jackrabbit.core.query.QueryResultTest): Failed to get Repository instance.
  testGetPosition(org.apache.jackrabbit.core.query.QueryResultTest): Failed to get Repository instance.
  testRootQuery(org.apache.jackrabbit.core.query.XPathAxisTest): Failed to get Repository instance.
  testChildAxisRoot(org.apache.jackrabbit.core.query.XPathAxisTest): Failed to get Repository instance.
  testChildAxisJCRRoot(org.apache.jackrabbit.core.query.XPathAxisTest): Failed to get Repository instance.
  testChildAxisTestRoot(org.apache.jackrabbit.core.query.XPathAxisTest): Failed to get Repository instance.
  testChildAxisTestRootRelative(org.apache.jackrabbit.core.query.XPathAxisTest): Failed to get Repository instance.
  testChildAxisLeaf(org.apache.jackrabbit.core.query.XPathAxisTest): Failed to get Repository instance.
  testChildAxisLeafRelative(org.apache.jackrabbit.core.query.XPathAxisTest): Failed to get Repository instance.
  testDescendantAxisTestRoot(org.apache.jackrabbit.core.query.XPathAxisTest): Failed to get Repository instance.
  testDescendantAxisTestRootRelative(org.apache.jackrabbit.core.query.XPathAxisTest): Failed to get Repository instance.
  testDescendantAxisLeaf(org.apache.jackrabbit.core.query.XPathAxisTest): Failed to get Repository instance.
  testDescendantAxisLeafRelative(org.apache.jackrabbit.core.query.XPathAxisTest): Failed to get Repository instance.
  testDescendantSelfAxisTestRoot1(org.apache.jackrabbit.core.query.XPathAxisTest): Failed to get Repository instance.
  testDescendantSelfAxisTestRoot1Relative(org.apache.jackrabbit.core.query.XPathAxisTest): Failed to get Repository instance.
  testDescendantSelfAxisAndChild(org.apache.jackrabbit.core.query.XPathAxisTest): Failed to get Repository instance.
  testDescendantSelfAxisAndChildRelative(org.apache.jackrabbit.core.query.XPathAxisTest): Failed to get Repository instance.
  testChildAndDescendantSelfAxis(org.apache.jackrabbit.core.query.XPathAxisTest): Failed to get Repository instance.
  testChildAndDescendantSelfAxisRelative(org.apache.jackrabbit.core.query.XPathAxisTest): Failed to get Repository instance.
  testChildChildAxis(org.apache.jackrabbit.core.query.XPathAxisTest): Failed to get Repository instance.
  testChildChildAxisRelative(org.apache.jackrabbit.core.query.XPathAxisTest): Failed to get Repository instance.
  testChildAndNodeTestAxis(org.apache.jackrabbit.core.query.XPathAxisTest): Failed to get Repository instance.
  testChildAndNodeTestAxisRelative(org.apache.jackrabbit.core.query.XPathAxisTest): Failed to get Repository instance.
  testDescendantSelfAxisTestRoot2(org.apache.jackrabbit.core.query.XPathAxisTest): Failed to get Repository instance.
  testDescendantSelfAxisTestRoot2Relative(org.apache.jackrabbit.core.query.XPathAxisTest): Failed to get Repository instance.
  testDescendantSelfAxisNonDesc(org.apache.jackrabbit.core.query.XPathAxisTest): Failed to get Repository instance.
  testDescendantSelfAxisRelativeTestPath(org.apache.jackrabbit.core.query.XPathAxisTest): Failed to get Repository instance.
  testExactRelative(org.apache.jackrabbit.core.query.XPathAxisTest): Failed to get Repository instance.
  testParentAttributeWithDescendant(org.apache.jackrabbit.core.query.ParentNodeTest): Failed to get Repository instance.
  testParentInPath(org.apache.jackrabbit.core.query.ParentNodeTest): Failed to get Repository instance.
  testParentInAttribute1(org.apache.jackrabbit.core.query.ParentNodeTest): Failed to get Repository instance.
  testParentInAttribute2(org.apache.jackrabbit.core.query.ParentNodeTest): Failed to get Repository instance.
  testParentInAttribute3(org.apache.jackrabbit.core.query.ParentNodeTest): Failed to get Repository instance.
  testParentInAttribute4(org.apache.jackrabbit.core.query.ParentNodeTest): Failed to get Repository instance.
  testParentWithAnd(org.apache.jackrabbit.core.query.ParentNodeTest): Failed to get Repository instance.
  testNodeReorderComplex(org.apache.jackrabbit.core.observation.ReorderTest): Failed to get Repository instance.
  testAddShareableMixin(org.apache.jackrabbit.core.observation.ShareableNodesTest): Failed to get Repository instance.
  testMove(org.apache.jackrabbit.core.observation.MoveInPlaceTest): Failed to get Repository instance.
  testSingleMixin(org.apache.jackrabbit.core.observation.MixinTest): Failed to get Repository instance.
  testMultipleMixinOnNode(org.apache.jackrabbit.core.observation.MixinTest): Failed to get Repository instance.
  testDerivedMixin(org.apache.jackrabbit.core.observation.MixinTest): Failed to get Repository instance.
  testMultipleMixin(org.apache.jackrabbit.core.observation.MixinTest): Failed to get Repository instance.

Tests run: 1838, Failures: 0, Errors: 187, Skipped: 34

[[1;34mINFO[m] [1m------------------------------------------------------------------------[m
[[1;34mINFO[m] [1;31mBUILD FAILURE[m
[[1;34mINFO[m] [1m------------------------------------------------------------------------[m
[[1;34mINFO[m] Total time:  01:42 min
[[1;34mINFO[m] Finished at: 2022-07-30T05:18:22-07:00
[[1;34mINFO[m] [1m------------------------------------------------------------------------[m
[[1;31mERROR[m] Failed to execute goal [32morg.apache.maven.plugins:maven-surefire-plugin:2.9:test[m [1m(default-test)[m on project [36moak-jcr[m: [1;31mThere are test failures.[m
[[1;31mERROR[m] [1;31m[m
[[1;31mERROR[m] [1;31mPlease refer to /home/user/Reproducibility-Scanner/benchmarks/bugs-dot-jar/jackrabbit-oak/oak-jcr/target/surefire-reports for the individual test results.[m
[[1;31mERROR[m] -> [1m[Help 1][m
[[1;31mERROR[m] 
[[1;31mERROR[m] To see the full stack trace of the errors, re-run Maven with the [1m-e[m switch.
[[1;31mERROR[m] Re-run Maven using the [1m-X[m switch to enable full debug logging.
[[1;31mERROR[m] 
[[1;31mERROR[m] For more information about the errors and possible solutions, please read the following articles:
[[1;31mERROR[m] [1m[Help 1][m http://cwiki.apache.org/confluence/display/MAVEN/MojoFailureException