[INFO] Scanning for projects...
[INFO]                                                                         
[INFO] ------------------------------------------------------------------------
[INFO] Building Oak upgrade 1.6-SNAPSHOT
[INFO] ------------------------------------------------------------------------
[INFO] 
[INFO] --- jacoco-maven-plugin:0.7.1.201405082137:prepare-agent (pre-unit-test) @ oak-upgrade ---
[INFO] Skipping JaCoCo execution because property jacoco.skip is set.
[INFO] test.opts.coverage set to empty
[INFO] 
[INFO] --- maven-remote-resources-plugin:1.4:process (default) @ oak-upgrade ---
[INFO] 
[INFO] --- maven-resources-plugin:2.6:resources (default-resources) @ oak-upgrade ---
[INFO] Using 'UTF-8' encoding to copy filtered resources.
[INFO] Copying 2 resources
[INFO] Copying 3 resources
[INFO] 
[INFO] --- maven-compiler-plugin:2.5.1:compile (default-compile) @ oak-upgrade ---
[INFO] Nothing to compile - all classes are up to date
[INFO] 
[INFO] --- maven-resources-plugin:2.6:testResources (default-testResources) @ oak-upgrade ---
[INFO] Using 'UTF-8' encoding to copy filtered resources.
[INFO] Copying 7 resources
[INFO] Copying 3 resources
[INFO] 
[INFO] --- maven-compiler-plugin:2.5.1:testCompile (default-testCompile) @ oak-upgrade ---
[INFO] Nothing to compile - all classes are up to date
[INFO] 
[INFO] --- maven-surefire-plugin:2.12.4:test (default-test) @ oak-upgrade ---
[INFO] Surefire report directory: /home/ylyu/parallel/oak/oak9/dataset/oak/OAK-4420_d645112f83315199f40c4be61a2eaf6ad98a37aa/oak-upgrade/target/surefire-reports

-------------------------------------------------------
 T E S T S
-------------------------------------------------------
Running org.apache.jackrabbit.oak.upgrade.RepositoryGroupMemberSplitUpgradeTest
Tests run: 3, Failures: 0, Errors: 0, Skipped: 0, Time elapsed: 7.143 sec
Running org.apache.jackrabbit.oak.upgrade.RepeatedRepositoryUpgradeTest
Tests run: 3, Failures: 0, Errors: 0, Skipped: 0, Time elapsed: 4.233 sec
Running org.apache.jackrabbit.oak.upgrade.LongNameTest
Tests run: 3, Failures: 0, Errors: 0, Skipped: 2, Time elapsed: 5.761 sec
Running org.apache.jackrabbit.oak.upgrade.PrivilegeUpgradeTest
Tests run: 3, Failures: 0, Errors: 0, Skipped: 0, Time elapsed: 3.093 sec
Running org.apache.jackrabbit.oak.upgrade.CopyVersionHistoryTest
Tests run: 7, Failures: 0, Errors: 0, Skipped: 0, Time elapsed: 6.1 sec
Running org.apache.jackrabbit.oak.upgrade.IncludeExcludeUpgradeTest
Tests run: 3, Failures: 0, Errors: 0, Skipped: 0, Time elapsed: 2.795 sec
Running org.apache.jackrabbit.oak.upgrade.TickerTest
Tests run: 2, Failures: 0, Errors: 0, Skipped: 0, Time elapsed: 0.005 sec
Running org.apache.jackrabbit.oak.upgrade.RepeatedRepositorySidegradeTest
Tests run: 3, Failures: 0, Errors: 0, Skipped: 0, Time elapsed: 0.815 sec
Running org.apache.jackrabbit.oak.upgrade.blob.LengthCachingDataStoreTest
Tests run: 5, Failures: 0, Errors: 0, Skipped: 0, Time elapsed: 0.042 sec
Running org.apache.jackrabbit.oak.upgrade.BrokenVersionableTest
Tests run: 1, Failures: 0, Errors: 0, Skipped: 0, Time elapsed: 0.455 sec
Running org.apache.jackrabbit.oak.upgrade.IncludeExcludeSidegradeTest
Tests run: 3, Failures: 0, Errors: 0, Skipped: 0, Time elapsed: 0.372 sec
Running org.apache.jackrabbit.oak.upgrade.CopyVersionHistorySidegradeTest
Tests run: 7, Failures: 0, Errors: 0, Skipped: 0, Time elapsed: 0.6 sec
Running org.apache.jackrabbit.oak.upgrade.UpgradeOldSegmentTest
Tests run: 1, Failures: 0, Errors: 0, Skipped: 0, Time elapsed: 0.719 sec
Running org.apache.jackrabbit.oak.upgrade.SameNodeSiblingsTest
Tests run: 3, Failures: 0, Errors: 0, Skipped: 0, Time elapsed: 10.405 sec
Running org.apache.jackrabbit.oak.upgrade.RepositoryUpgradeTest
Tests run: 8, Failures: 0, Errors: 0, Skipped: 0, Time elapsed: 3.174 sec
Running org.apache.jackrabbit.oak.upgrade.nodestate.NodeStateCopierTest
Tests run: 12, Failures: 0, Errors: 0, Skipped: 0, Time elapsed: 0.018 sec
Running org.apache.jackrabbit.oak.upgrade.nodestate.FilteringNodeStateTest
Tests run: 23, Failures: 0, Errors: 0, Skipped: 0, Time elapsed: 0.018 sec
Running org.apache.jackrabbit.oak.upgrade.nodestate.report.ReportingNodeStateTest
Tests run: 5, Failures: 0, Errors: 0, Skipped: 0, Time elapsed: 0.007 sec
Running org.apache.jackrabbit.oak.upgrade.nodestate.report.PeriodicReporterTest
Tests run: 2, Failures: 0, Errors: 0, Skipped: 0, Time elapsed: 0 sec
Running org.apache.jackrabbit.oak.upgrade.RepositoryGroupMemberUpgradeTest
Tests run: 3, Failures: 0, Errors: 0, Skipped: 0, Time elapsed: 2.274 sec
Running org.apache.jackrabbit.oak.upgrade.RepositorySidegradeTest
Tests run: 7, Failures: 0, Errors: 0, Skipped: 0, Time elapsed: 2.191 sec
Running org.apache.jackrabbit.oak.upgrade.cli.SegmentToJdbcTest
Tests run: 1, Failures: 0, Errors: 0, Skipped: 0, Time elapsed: 4.949 sec
Running org.apache.jackrabbit.oak.upgrade.cli.JdbcToSegmentTest
Tests run: 1, Failures: 0, Errors: 0, Skipped: 0, Time elapsed: 2.227 sec
Running org.apache.jackrabbit.oak.upgrade.cli.MongoToMongoFbsTest
Tests run: 1, Failures: 0, Errors: 0, Skipped: 1, Time elapsed: 3.074 sec
Running org.apache.jackrabbit.oak.upgrade.cli.blob.StripConfigValueTest
Tests run: 4, Failures: 0, Errors: 0, Skipped: 0, Time elapsed: 0.005 sec
Running org.apache.jackrabbit.oak.upgrade.cli.blob.FbsToFbsTest
Tests run: 1, Failures: 1, Errors: 0, Skipped: 0, Time elapsed: 0.785 sec <<< FAILURE!
validateMigration(org.apache.jackrabbit.oak.upgrade.cli.blob.FbsToFbsTest)  Time elapsed: 0.784 sec  <<< FAILURE!
java.lang.AssertionError: expected:<123> but was:<null>
	at org.junit.Assert.fail(Assert.java:88)
	at org.junit.Assert.failNotEquals(Assert.java:834)
	at org.junit.Assert.assertEquals(Assert.java:118)
	at org.junit.Assert.assertEquals(Assert.java:144)
	at org.apache.jackrabbit.oak.upgrade.cli.AbstractOak2OakTest.verifyCheckpoint(AbstractOak2OakTest.java:180)
	at org.apache.jackrabbit.oak.upgrade.cli.AbstractOak2OakTest.validateMigration(AbstractOak2OakTest.java:142)
	at sun.reflect.NativeMethodAccessorImpl.invoke0(Native Method)
	at sun.reflect.NativeMethodAccessorImpl.invoke(NativeMethodAccessorImpl.java:57)
	at sun.reflect.DelegatingMethodAccessorImpl.invoke(DelegatingMethodAccessorImpl.java:43)
	at java.lang.reflect.Method.invoke(Method.java:606)
	at org.junit.runners.model.FrameworkMethod$1.runReflectiveCall(FrameworkMethod.java:50)
	at org.junit.internal.runners.model.ReflectiveCallable.run(ReflectiveCallable.java:12)
	at org.junit.runners.model.FrameworkMethod.invokeExplosively(FrameworkMethod.java:47)
	at org.junit.internal.runners.statements.InvokeMethod.evaluate(InvokeMethod.java:17)
	at org.junit.internal.runners.statements.RunBefores.evaluate(RunBefores.java:26)
	at org.junit.internal.runners.statements.RunAfters.evaluate(RunAfters.java:27)
	at org.junit.runners.ParentRunner.runLeaf(ParentRunner.java:325)
	at org.junit.runners.BlockJUnit4ClassRunner.runChild(BlockJUnit4ClassRunner.java:78)
	at org.junit.runners.BlockJUnit4ClassRunner.runChild(BlockJUnit4ClassRunner.java:57)
	at org.junit.runners.ParentRunner$3.run(ParentRunner.java:290)
	at org.junit.runners.ParentRunner$1.schedule(ParentRunner.java:71)
	at org.junit.runners.ParentRunner.runChildren(ParentRunner.java:288)
	at org.junit.runners.ParentRunner.access$000(ParentRunner.java:58)
	at org.junit.runners.ParentRunner$2.evaluate(ParentRunner.java:268)
	at org.junit.internal.runners.statements.RunBefores.evaluate(RunBefores.java:26)
	at org.junit.runners.ParentRunner.run(ParentRunner.java:363)
	at org.apache.maven.surefire.junit4.JUnit4Provider.execute(JUnit4Provider.java:252)
	at org.apache.maven.surefire.junit4.JUnit4Provider.executeTestSet(JUnit4Provider.java:141)
	at org.apache.maven.surefire.junit4.JUnit4Provider.invoke(JUnit4Provider.java:112)
	at sun.reflect.NativeMethodAccessorImpl.invoke0(Native Method)
	at sun.reflect.NativeMethodAccessorImpl.invoke(NativeMethodAccessorImpl.java:57)
	at sun.reflect.DelegatingMethodAccessorImpl.invoke(DelegatingMethodAccessorImpl.java:43)
	at java.lang.reflect.Method.invoke(Method.java:606)
	at org.apache.maven.surefire.util.ReflectionUtils.invokeMethodWithArray(ReflectionUtils.java:189)
	at org.apache.maven.surefire.booter.ProviderFactory$ProviderProxy.invoke(ProviderFactory.java:165)
	at org.apache.maven.surefire.booter.ProviderFactory.invokeProvider(ProviderFactory.java:85)
	at org.apache.maven.surefire.booter.ForkedBooter.runSuitesInProcess(ForkedBooter.java:115)
	at org.apache.maven.surefire.booter.ForkedBooter.main(ForkedBooter.java:75)

Running org.apache.jackrabbit.oak.upgrade.cli.blob.CopyReferencesTest
Tests run: 1, Failures: 1, Errors: 0, Skipped: 0, Time elapsed: 0.787 sec <<< FAILURE!
validateMigration(org.apache.jackrabbit.oak.upgrade.cli.blob.CopyReferencesTest)  Time elapsed: 0.787 sec  <<< FAILURE!
java.lang.AssertionError: expected:<123> but was:<null>
	at org.junit.Assert.fail(Assert.java:88)
	at org.junit.Assert.failNotEquals(Assert.java:834)
	at org.junit.Assert.assertEquals(Assert.java:118)
	at org.junit.Assert.assertEquals(Assert.java:144)
	at org.apache.jackrabbit.oak.upgrade.cli.AbstractOak2OakTest.verifyCheckpoint(AbstractOak2OakTest.java:180)
	at org.apache.jackrabbit.oak.upgrade.cli.AbstractOak2OakTest.validateMigration(AbstractOak2OakTest.java:142)
	at sun.reflect.NativeMethodAccessorImpl.invoke0(Native Method)
	at sun.reflect.NativeMethodAccessorImpl.invoke(NativeMethodAccessorImpl.java:57)
	at sun.reflect.DelegatingMethodAccessorImpl.invoke(DelegatingMethodAccessorImpl.java:43)
	at java.lang.reflect.Method.invoke(Method.java:606)
	at org.junit.runners.model.FrameworkMethod$1.runReflectiveCall(FrameworkMethod.java:50)
	at org.junit.internal.runners.model.ReflectiveCallable.run(ReflectiveCallable.java:12)
	at org.junit.runners.model.FrameworkMethod.invokeExplosively(FrameworkMethod.java:47)
	at org.junit.internal.runners.statements.InvokeMethod.evaluate(InvokeMethod.java:17)
	at org.junit.internal.runners.statements.RunBefores.evaluate(RunBefores.java:26)
	at org.junit.internal.runners.statements.RunAfters.evaluate(RunAfters.java:27)
	at org.junit.runners.ParentRunner.runLeaf(ParentRunner.java:325)
	at org.junit.runners.BlockJUnit4ClassRunner.runChild(BlockJUnit4ClassRunner.java:78)
	at org.junit.runners.BlockJUnit4ClassRunner.runChild(BlockJUnit4ClassRunner.java:57)
	at org.junit.runners.ParentRunner$3.run(ParentRunner.java:290)
	at org.junit.runners.ParentRunner$1.schedule(ParentRunner.java:71)
	at org.junit.runners.ParentRunner.runChildren(ParentRunner.java:288)
	at org.junit.runners.ParentRunner.access$000(ParentRunner.java:58)
	at org.junit.runners.ParentRunner$2.evaluate(ParentRunner.java:268)
	at org.junit.internal.runners.statements.RunBefores.evaluate(RunBefores.java:26)
	at org.junit.runners.ParentRunner.run(ParentRunner.java:363)
	at org.apache.maven.surefire.junit4.JUnit4Provider.execute(JUnit4Provider.java:252)
	at org.apache.maven.surefire.junit4.JUnit4Provider.executeTestSet(JUnit4Provider.java:141)
	at org.apache.maven.surefire.junit4.JUnit4Provider.invoke(JUnit4Provider.java:112)
	at sun.reflect.NativeMethodAccessorImpl.invoke0(Native Method)
	at sun.reflect.NativeMethodAccessorImpl.invoke(NativeMethodAccessorImpl.java:57)
	at sun.reflect.DelegatingMethodAccessorImpl.invoke(DelegatingMethodAccessorImpl.java:43)
	at java.lang.reflect.Method.invoke(Method.java:606)
	at org.apache.maven.surefire.util.ReflectionUtils.invokeMethodWithArray(ReflectionUtils.java:189)
	at org.apache.maven.surefire.booter.ProviderFactory$ProviderProxy.invoke(ProviderFactory.java:165)
	at org.apache.maven.surefire.booter.ProviderFactory.invokeProvider(ProviderFactory.java:85)
	at org.apache.maven.surefire.booter.ForkedBooter.runSuitesInProcess(ForkedBooter.java:115)
	at org.apache.maven.surefire.booter.ForkedBooter.main(ForkedBooter.java:75)

Running org.apache.jackrabbit.oak.upgrade.cli.blob.S3ToFbsTest
Tests run: 1, Failures: 0, Errors: 0, Skipped: 1, Time elapsed: 0 sec
Running org.apache.jackrabbit.oak.upgrade.cli.blob.FdsToFbsTest
Tests run: 1, Failures: 1, Errors: 0, Skipped: 0, Time elapsed: 0.599 sec <<< FAILURE!
validateMigration(org.apache.jackrabbit.oak.upgrade.cli.blob.FdsToFbsTest)  Time elapsed: 0.599 sec  <<< FAILURE!
java.lang.AssertionError: expected:<123> but was:<null>
	at org.junit.Assert.fail(Assert.java:88)
	at org.junit.Assert.failNotEquals(Assert.java:834)
	at org.junit.Assert.assertEquals(Assert.java:118)
	at org.junit.Assert.assertEquals(Assert.java:144)
	at org.apache.jackrabbit.oak.upgrade.cli.AbstractOak2OakTest.verifyCheckpoint(AbstractOak2OakTest.java:180)
	at org.apache.jackrabbit.oak.upgrade.cli.AbstractOak2OakTest.validateMigration(AbstractOak2OakTest.java:142)
	at sun.reflect.NativeMethodAccessorImpl.invoke0(Native Method)
	at sun.reflect.NativeMethodAccessorImpl.invoke(NativeMethodAccessorImpl.java:57)
	at sun.reflect.DelegatingMethodAccessorImpl.invoke(DelegatingMethodAccessorImpl.java:43)
	at java.lang.reflect.Method.invoke(Method.java:606)
	at org.junit.runners.model.FrameworkMethod$1.runReflectiveCall(FrameworkMethod.java:50)
	at org.junit.internal.runners.model.ReflectiveCallable.run(ReflectiveCallable.java:12)
	at org.junit.runners.model.FrameworkMethod.invokeExplosively(FrameworkMethod.java:47)
	at org.junit.internal.runners.statements.InvokeMethod.evaluate(InvokeMethod.java:17)
	at org.junit.internal.runners.statements.RunBefores.evaluate(RunBefores.java:26)
	at org.junit.internal.runners.statements.RunAfters.evaluate(RunAfters.java:27)
	at org.junit.runners.ParentRunner.runLeaf(ParentRunner.java:325)
	at org.junit.runners.BlockJUnit4ClassRunner.runChild(BlockJUnit4ClassRunner.java:78)
	at org.junit.runners.BlockJUnit4ClassRunner.runChild(BlockJUnit4ClassRunner.java:57)
	at org.junit.runners.ParentRunner$3.run(ParentRunner.java:290)
	at org.junit.runners.ParentRunner$1.schedule(ParentRunner.java:71)
	at org.junit.runners.ParentRunner.runChildren(ParentRunner.java:288)
	at org.junit.runners.ParentRunner.access$000(ParentRunner.java:58)
	at org.junit.runners.ParentRunner$2.evaluate(ParentRunner.java:268)
	at org.junit.internal.runners.statements.RunBefores.evaluate(RunBefores.java:26)
	at org.junit.runners.ParentRunner.run(ParentRunner.java:363)
	at org.apache.maven.surefire.junit4.JUnit4Provider.execute(JUnit4Provider.java:252)
	at org.apache.maven.surefire.junit4.JUnit4Provider.executeTestSet(JUnit4Provider.java:141)
	at org.apache.maven.surefire.junit4.JUnit4Provider.invoke(JUnit4Provider.java:112)
	at sun.reflect.NativeMethodAccessorImpl.invoke0(Native Method)
	at sun.reflect.NativeMethodAccessorImpl.invoke(NativeMethodAccessorImpl.java:57)
	at sun.reflect.DelegatingMethodAccessorImpl.invoke(DelegatingMethodAccessorImpl.java:43)
	at java.lang.reflect.Method.invoke(Method.java:606)
	at org.apache.maven.surefire.util.ReflectionUtils.invokeMethodWithArray(ReflectionUtils.java:189)
	at org.apache.maven.surefire.booter.ProviderFactory$ProviderProxy.invoke(ProviderFactory.java:165)
	at org.apache.maven.surefire.booter.ProviderFactory.invokeProvider(ProviderFactory.java:85)
	at org.apache.maven.surefire.booter.ForkedBooter.runSuitesInProcess(ForkedBooter.java:115)
	at org.apache.maven.surefire.booter.ForkedBooter.main(ForkedBooter.java:75)

Running org.apache.jackrabbit.oak.upgrade.cli.blob.FbsToFdsTest
Tests run: 1, Failures: 1, Errors: 0, Skipped: 0, Time elapsed: 0.622 sec <<< FAILURE!
validateMigration(org.apache.jackrabbit.oak.upgrade.cli.blob.FbsToFdsTest)  Time elapsed: 0.622 sec  <<< FAILURE!
java.lang.AssertionError: expected:<123> but was:<null>
	at org.junit.Assert.fail(Assert.java:88)
	at org.junit.Assert.failNotEquals(Assert.java:834)
	at org.junit.Assert.assertEquals(Assert.java:118)
	at org.junit.Assert.assertEquals(Assert.java:144)
	at org.apache.jackrabbit.oak.upgrade.cli.AbstractOak2OakTest.verifyCheckpoint(AbstractOak2OakTest.java:180)
	at org.apache.jackrabbit.oak.upgrade.cli.AbstractOak2OakTest.validateMigration(AbstractOak2OakTest.java:142)
	at sun.reflect.NativeMethodAccessorImpl.invoke0(Native Method)
	at sun.reflect.NativeMethodAccessorImpl.invoke(NativeMethodAccessorImpl.java:57)
	at sun.reflect.DelegatingMethodAccessorImpl.invoke(DelegatingMethodAccessorImpl.java:43)
	at java.lang.reflect.Method.invoke(Method.java:606)
	at org.junit.runners.model.FrameworkMethod$1.runReflectiveCall(FrameworkMethod.java:50)
	at org.junit.internal.runners.model.ReflectiveCallable.run(ReflectiveCallable.java:12)
	at org.junit.runners.model.FrameworkMethod.invokeExplosively(FrameworkMethod.java:47)
	at org.junit.internal.runners.statements.InvokeMethod.evaluate(InvokeMethod.java:17)
	at org.junit.internal.runners.statements.RunBefores.evaluate(RunBefores.java:26)
	at org.junit.internal.runners.statements.RunAfters.evaluate(RunAfters.java:27)
	at org.junit.runners.ParentRunner.runLeaf(ParentRunner.java:325)
	at org.junit.runners.BlockJUnit4ClassRunner.runChild(BlockJUnit4ClassRunner.java:78)
	at org.junit.runners.BlockJUnit4ClassRunner.runChild(BlockJUnit4ClassRunner.java:57)
	at org.junit.runners.ParentRunner$3.run(ParentRunner.java:290)
	at org.junit.runners.ParentRunner$1.schedule(ParentRunner.java:71)
	at org.junit.runners.ParentRunner.runChildren(ParentRunner.java:288)
	at org.junit.runners.ParentRunner.access$000(ParentRunner.java:58)
	at org.junit.runners.ParentRunner$2.evaluate(ParentRunner.java:268)
	at org.junit.internal.runners.statements.RunBefores.evaluate(RunBefores.java:26)
	at org.junit.runners.ParentRunner.run(ParentRunner.java:363)
	at org.apache.maven.surefire.junit4.JUnit4Provider.execute(JUnit4Provider.java:252)
	at org.apache.maven.surefire.junit4.JUnit4Provider.executeTestSet(JUnit4Provider.java:141)
	at org.apache.maven.surefire.junit4.JUnit4Provider.invoke(JUnit4Provider.java:112)
	at sun.reflect.NativeMethodAccessorImpl.invoke0(Native Method)
	at sun.reflect.NativeMethodAccessorImpl.invoke(NativeMethodAccessorImpl.java:57)
	at sun.reflect.DelegatingMethodAccessorImpl.invoke(DelegatingMethodAccessorImpl.java:43)
	at java.lang.reflect.Method.invoke(Method.java:606)
	at org.apache.maven.surefire.util.ReflectionUtils.invokeMethodWithArray(ReflectionUtils.java:189)
	at org.apache.maven.surefire.booter.ProviderFactory$ProviderProxy.invoke(ProviderFactory.java:165)
	at org.apache.maven.surefire.booter.ProviderFactory.invokeProvider(ProviderFactory.java:85)
	at org.apache.maven.surefire.booter.ForkedBooter.runSuitesInProcess(ForkedBooter.java:115)
	at org.apache.maven.surefire.booter.ForkedBooter.main(ForkedBooter.java:75)

Running org.apache.jackrabbit.oak.upgrade.cli.blob.FbsToS3Test
Tests run: 1, Failures: 0, Errors: 0, Skipped: 1, Time elapsed: 0 sec
Running org.apache.jackrabbit.oak.upgrade.cli.MongoToSegmentTest
Tests run: 1, Failures: 0, Errors: 0, Skipped: 1, Time elapsed: 0 sec
Running org.apache.jackrabbit.oak.upgrade.cli.SegmentToSegmentTarTest
Tests run: 1, Failures: 1, Errors: 0, Skipped: 0, Time elapsed: 0.782 sec <<< FAILURE!
validateMigration(org.apache.jackrabbit.oak.upgrade.cli.SegmentToSegmentTarTest)  Time elapsed: 0.782 sec  <<< FAILURE!
java.lang.AssertionError: expected:<123> but was:<null>
	at org.junit.Assert.fail(Assert.java:88)
	at org.junit.Assert.failNotEquals(Assert.java:834)
	at org.junit.Assert.assertEquals(Assert.java:118)
	at org.junit.Assert.assertEquals(Assert.java:144)
	at org.apache.jackrabbit.oak.upgrade.cli.AbstractOak2OakTest.verifyCheckpoint(AbstractOak2OakTest.java:180)
	at org.apache.jackrabbit.oak.upgrade.cli.AbstractOak2OakTest.validateMigration(AbstractOak2OakTest.java:142)
	at sun.reflect.NativeMethodAccessorImpl.invoke0(Native Method)
	at sun.reflect.NativeMethodAccessorImpl.invoke(NativeMethodAccessorImpl.java:57)
	at sun.reflect.DelegatingMethodAccessorImpl.invoke(DelegatingMethodAccessorImpl.java:43)
	at java.lang.reflect.Method.invoke(Method.java:606)
	at org.junit.runners.model.FrameworkMethod$1.runReflectiveCall(FrameworkMethod.java:50)
	at org.junit.internal.runners.model.ReflectiveCallable.run(ReflectiveCallable.java:12)
	at org.junit.runners.model.FrameworkMethod.invokeExplosively(FrameworkMethod.java:47)
	at org.junit.internal.runners.statements.InvokeMethod.evaluate(InvokeMethod.java:17)
	at org.junit.internal.runners.statements.RunBefores.evaluate(RunBefores.java:26)
	at org.junit.internal.runners.statements.RunAfters.evaluate(RunAfters.java:27)
	at org.junit.runners.ParentRunner.runLeaf(ParentRunner.java:325)
	at org.junit.runners.BlockJUnit4ClassRunner.runChild(BlockJUnit4ClassRunner.java:78)
	at org.junit.runners.BlockJUnit4ClassRunner.runChild(BlockJUnit4ClassRunner.java:57)
	at org.junit.runners.ParentRunner$3.run(ParentRunner.java:290)
	at org.junit.runners.ParentRunner$1.schedule(ParentRunner.java:71)
	at org.junit.runners.ParentRunner.runChildren(ParentRunner.java:288)
	at org.junit.runners.ParentRunner.access$000(ParentRunner.java:58)
	at org.junit.runners.ParentRunner$2.evaluate(ParentRunner.java:268)
	at org.junit.internal.runners.statements.RunBefores.evaluate(RunBefores.java:26)
	at org.junit.runners.ParentRunner.run(ParentRunner.java:363)
	at org.apache.maven.surefire.junit4.JUnit4Provider.execute(JUnit4Provider.java:252)
	at org.apache.maven.surefire.junit4.JUnit4Provider.executeTestSet(JUnit4Provider.java:141)
	at org.apache.maven.surefire.junit4.JUnit4Provider.invoke(JUnit4Provider.java:112)
	at sun.reflect.NativeMethodAccessorImpl.invoke0(Native Method)
	at sun.reflect.NativeMethodAccessorImpl.invoke(NativeMethodAccessorImpl.java:57)
	at sun.reflect.DelegatingMethodAccessorImpl.invoke(DelegatingMethodAccessorImpl.java:43)
	at java.lang.reflect.Method.invoke(Method.java:606)
	at org.apache.maven.surefire.util.ReflectionUtils.invokeMethodWithArray(ReflectionUtils.java:189)
	at org.apache.maven.surefire.booter.ProviderFactory$ProviderProxy.invoke(ProviderFactory.java:165)
	at org.apache.maven.surefire.booter.ProviderFactory.invokeProvider(ProviderFactory.java:85)
	at org.apache.maven.surefire.booter.ForkedBooter.runSuitesInProcess(ForkedBooter.java:115)
	at org.apache.maven.surefire.booter.ForkedBooter.main(ForkedBooter.java:75)

Running org.apache.jackrabbit.oak.upgrade.cli.SegmentTarToSegmentTest
Tests run: 1, Failures: 1, Errors: 0, Skipped: 0, Time elapsed: 0.745 sec <<< FAILURE!
validateMigration(org.apache.jackrabbit.oak.upgrade.cli.SegmentTarToSegmentTest)  Time elapsed: 0.745 sec  <<< FAILURE!
java.lang.AssertionError: expected:<123> but was:<null>
	at org.junit.Assert.fail(Assert.java:88)
	at org.junit.Assert.failNotEquals(Assert.java:834)
	at org.junit.Assert.assertEquals(Assert.java:118)
	at org.junit.Assert.assertEquals(Assert.java:144)
	at org.apache.jackrabbit.oak.upgrade.cli.AbstractOak2OakTest.verifyCheckpoint(AbstractOak2OakTest.java:180)
	at org.apache.jackrabbit.oak.upgrade.cli.AbstractOak2OakTest.validateMigration(AbstractOak2OakTest.java:142)
	at sun.reflect.NativeMethodAccessorImpl.invoke0(Native Method)
	at sun.reflect.NativeMethodAccessorImpl.invoke(NativeMethodAccessorImpl.java:57)
	at sun.reflect.DelegatingMethodAccessorImpl.invoke(DelegatingMethodAccessorImpl.java:43)
	at java.lang.reflect.Method.invoke(Method.java:606)
	at org.junit.runners.model.FrameworkMethod$1.runReflectiveCall(FrameworkMethod.java:50)
	at org.junit.internal.runners.model.ReflectiveCallable.run(ReflectiveCallable.java:12)
	at org.junit.runners.model.FrameworkMethod.invokeExplosively(FrameworkMethod.java:47)
	at org.junit.internal.runners.statements.InvokeMethod.evaluate(InvokeMethod.java:17)
	at org.junit.internal.runners.statements.RunBefores.evaluate(RunBefores.java:26)
	at org.junit.internal.runners.statements.RunAfters.evaluate(RunAfters.java:27)
	at org.junit.runners.ParentRunner.runLeaf(ParentRunner.java:325)
	at org.junit.runners.BlockJUnit4ClassRunner.runChild(BlockJUnit4ClassRunner.java:78)
	at org.junit.runners.BlockJUnit4ClassRunner.runChild(BlockJUnit4ClassRunner.java:57)
	at org.junit.runners.ParentRunner$3.run(ParentRunner.java:290)
	at org.junit.runners.ParentRunner$1.schedule(ParentRunner.java:71)
	at org.junit.runners.ParentRunner.runChildren(ParentRunner.java:288)
	at org.junit.runners.ParentRunner.access$000(ParentRunner.java:58)
	at org.junit.runners.ParentRunner$2.evaluate(ParentRunner.java:268)
	at org.junit.internal.runners.statements.RunBefores.evaluate(RunBefores.java:26)
	at org.junit.runners.ParentRunner.run(ParentRunner.java:363)
	at org.apache.maven.surefire.junit4.JUnit4Provider.execute(JUnit4Provider.java:252)
	at org.apache.maven.surefire.junit4.JUnit4Provider.executeTestSet(JUnit4Provider.java:141)
	at org.apache.maven.surefire.junit4.JUnit4Provider.invoke(JUnit4Provider.java:112)
	at sun.reflect.NativeMethodAccessorImpl.invoke0(Native Method)
	at sun.reflect.NativeMethodAccessorImpl.invoke(NativeMethodAccessorImpl.java:57)
	at sun.reflect.DelegatingMethodAccessorImpl.invoke(DelegatingMethodAccessorImpl.java:43)
	at java.lang.reflect.Method.invoke(Method.java:606)
	at org.apache.maven.surefire.util.ReflectionUtils.invokeMethodWithArray(ReflectionUtils.java:189)
	at org.apache.maven.surefire.booter.ProviderFactory$ProviderProxy.invoke(ProviderFactory.java:165)
	at org.apache.maven.surefire.booter.ProviderFactory.invokeProvider(ProviderFactory.java:85)
	at org.apache.maven.surefire.booter.ForkedBooter.runSuitesInProcess(ForkedBooter.java:115)
	at org.apache.maven.surefire.booter.ForkedBooter.main(ForkedBooter.java:75)

Running org.apache.jackrabbit.oak.upgrade.cli.SegmentToSegmentTest
Tests run: 1, Failures: 1, Errors: 0, Skipped: 0, Time elapsed: 0.769 sec <<< FAILURE!
validateMigration(org.apache.jackrabbit.oak.upgrade.cli.SegmentToSegmentTest)  Time elapsed: 0.769 sec  <<< FAILURE!
java.lang.AssertionError: expected:<123> but was:<null>
	at org.junit.Assert.fail(Assert.java:88)
	at org.junit.Assert.failNotEquals(Assert.java:834)
	at org.junit.Assert.assertEquals(Assert.java:118)
	at org.junit.Assert.assertEquals(Assert.java:144)
	at org.apache.jackrabbit.oak.upgrade.cli.AbstractOak2OakTest.verifyCheckpoint(AbstractOak2OakTest.java:180)
	at org.apache.jackrabbit.oak.upgrade.cli.AbstractOak2OakTest.validateMigration(AbstractOak2OakTest.java:142)
	at sun.reflect.NativeMethodAccessorImpl.invoke0(Native Method)
	at sun.reflect.NativeMethodAccessorImpl.invoke(NativeMethodAccessorImpl.java:57)
	at sun.reflect.DelegatingMethodAccessorImpl.invoke(DelegatingMethodAccessorImpl.java:43)
	at java.lang.reflect.Method.invoke(Method.java:606)
	at org.junit.runners.model.FrameworkMethod$1.runReflectiveCall(FrameworkMethod.java:50)
	at org.junit.internal.runners.model.ReflectiveCallable.run(ReflectiveCallable.java:12)
	at org.junit.runners.model.FrameworkMethod.invokeExplosively(FrameworkMethod.java:47)
	at org.junit.internal.runners.statements.InvokeMethod.evaluate(InvokeMethod.java:17)
	at org.junit.internal.runners.statements.RunBefores.evaluate(RunBefores.java:26)
	at org.junit.internal.runners.statements.RunAfters.evaluate(RunAfters.java:27)
	at org.junit.runners.ParentRunner.runLeaf(ParentRunner.java:325)
	at org.junit.runners.BlockJUnit4ClassRunner.runChild(BlockJUnit4ClassRunner.java:78)
	at org.junit.runners.BlockJUnit4ClassRunner.runChild(BlockJUnit4ClassRunner.java:57)
	at org.junit.runners.ParentRunner$3.run(ParentRunner.java:290)
	at org.junit.runners.ParentRunner$1.schedule(ParentRunner.java:71)
	at org.junit.runners.ParentRunner.runChildren(ParentRunner.java:288)
	at org.junit.runners.ParentRunner.access$000(ParentRunner.java:58)
	at org.junit.runners.ParentRunner$2.evaluate(ParentRunner.java:268)
	at org.junit.internal.runners.statements.RunBefores.evaluate(RunBefores.java:26)
	at org.junit.runners.ParentRunner.run(ParentRunner.java:363)
	at org.apache.maven.surefire.junit4.JUnit4Provider.execute(JUnit4Provider.java:252)
	at org.apache.maven.surefire.junit4.JUnit4Provider.executeTestSet(JUnit4Provider.java:141)
	at org.apache.maven.surefire.junit4.JUnit4Provider.invoke(JUnit4Provider.java:112)
	at sun.reflect.NativeMethodAccessorImpl.invoke0(Native Method)
	at sun.reflect.NativeMethodAccessorImpl.invoke(NativeMethodAccessorImpl.java:57)
	at sun.reflect.DelegatingMethodAccessorImpl.invoke(DelegatingMethodAccessorImpl.java:43)
	at java.lang.reflect.Method.invoke(Method.java:606)
	at org.apache.maven.surefire.util.ReflectionUtils.invokeMethodWithArray(ReflectionUtils.java:189)
	at org.apache.maven.surefire.booter.ProviderFactory$ProviderProxy.invoke(ProviderFactory.java:165)
	at org.apache.maven.surefire.booter.ProviderFactory.invokeProvider(ProviderFactory.java:85)
	at org.apache.maven.surefire.booter.ForkedBooter.runSuitesInProcess(ForkedBooter.java:115)
	at org.apache.maven.surefire.booter.ForkedBooter.main(ForkedBooter.java:75)

Running org.apache.jackrabbit.oak.upgrade.cli.SegmentToMongoTest
Tests run: 1, Failures: 0, Errors: 0, Skipped: 1, Time elapsed: 0 sec
Running org.apache.jackrabbit.oak.upgrade.cli.Jcr2ToSegmentTest
Tests run: 1, Failures: 0, Errors: 0, Skipped: 0, Time elapsed: 0.887 sec
Running org.apache.jackrabbit.oak.upgrade.CopyNodeTypesUpgradeTest
Tests run: 1, Failures: 0, Errors: 0, Skipped: 0, Time elapsed: 2.908 sec
Running org.apache.jackrabbit.oak.upgrade.UpgradeFromTwoSourcesTest
Tests run: 1, Failures: 0, Errors: 0, Skipped: 0, Time elapsed: 4.942 sec

Results :

Failed tests:   validateMigration(org.apache.jackrabbit.oak.upgrade.cli.blob.FbsToFbsTest): expected:<123> but was:<null>
  validateMigration(org.apache.jackrabbit.oak.upgrade.cli.blob.CopyReferencesTest): expected:<123> but was:<null>
  validateMigration(org.apache.jackrabbit.oak.upgrade.cli.blob.FdsToFbsTest): expected:<123> but was:<null>
  validateMigration(org.apache.jackrabbit.oak.upgrade.cli.blob.FbsToFdsTest): expected:<123> but was:<null>
  validateMigration(org.apache.jackrabbit.oak.upgrade.cli.SegmentToSegmentTarTest): expected:<123> but was:<null>
  validateMigration(org.apache.jackrabbit.oak.upgrade.cli.SegmentTarToSegmentTest): expected:<123> but was:<null>
  validateMigration(org.apache.jackrabbit.oak.upgrade.cli.SegmentToSegmentTest): expected:<123> but was:<null>

Tests run: 128, Failures: 7, Errors: 0, Skipped: 7

[INFO] ------------------------------------------------------------------------
[INFO] BUILD FAILURE
[INFO] ------------------------------------------------------------------------
[INFO] Total time: 01:17 min
[INFO] Finished at: 2016-07-28T10:42:54-07:00
[INFO] Final Memory: 19M/964M
[INFO] ------------------------------------------------------------------------
[ERROR] Failed to execute goal org.apache.maven.plugins:maven-surefire-plugin:2.12.4:test (default-test) on project oak-upgrade: There are test failures.
[ERROR] 
[ERROR] Please refer to /home/ylyu/parallel/oak/oak9/dataset/oak/OAK-4420_d645112f83315199f40c4be61a2eaf6ad98a37aa/oak-upgrade/target/surefire-reports for the individual test results.
[ERROR] -> [Help 1]
[ERROR] 
[ERROR] To see the full stack trace of the errors, re-run Maven with the -e switch.
[ERROR] Re-run Maven using the -X switch to enable full debug logging.
[ERROR] 
[ERROR] For more information about the errors and possible solutions, please read the following articles:
[ERROR] [Help 1] http://cwiki.apache.org/confluence/display/MAVEN/MojoFailureException
