[INFO] Scanning for projects...
[INFO]                                                                         
[INFO] ------------------------------------------------------------------------
[INFO] Building flink-java 0.10-SNAPSHOT
[INFO] ------------------------------------------------------------------------
[INFO] 
[INFO] --- maven-checkstyle-plugin:2.12.1:check (validate) @ flink-java ---
[INFO] 
[INFO] 
[INFO] --- maven-enforcer-plugin:1.3.1:enforce (enforce-maven) @ flink-java ---
[INFO] 
[INFO] --- maven-remote-resources-plugin:1.5:process (default) @ flink-java ---
[INFO] 
[INFO] --- maven-resources-plugin:2.6:resources (default-resources) @ flink-java ---
[INFO] Using 'UTF-8' encoding to copy filtered resources.
[INFO] skip non existing resourceDirectory /space/parallel/flink/flink9/dataset/flink/FLINK-2442_30761572b5040669b07d261ec9b109797debc549/flink-java/src/main/resources
[INFO] Copying 3 resources
[INFO] 
[INFO] --- maven-compiler-plugin:3.1:compile (default-compile) @ flink-java ---
[INFO] Changes detected - recompiling the module!
[INFO] Compiling 257 source files to /space/parallel/flink/flink9/dataset/flink/FLINK-2442_30761572b5040669b07d261ec9b109797debc549/flink-java/target/classes
[WARNING] /space/parallel/flink/flink9/dataset/flink/FLINK-2442_30761572b5040669b07d261ec9b109797debc549/flink-java/src/main/java/org/apache/flink/api/java/record/io/CsvOutputFormat.java:[28,50] org.apache.flink.api.java.record.operators.FileDataSink in org.apache.flink.api.java.record.operators has been deprecated
[WARNING] /space/parallel/flink/flink9/dataset/flink/FLINK-2442_30761572b5040669b07d261ec9b109797debc549/flink-java/src/main/java/org/apache/flink/api/java/record/operators/CrossOperator.java:[34,50] org.apache.flink.api.java.record.functions.FunctionAnnotation in org.apache.flink.api.java.record.functions has been deprecated
[WARNING] /space/parallel/flink/flink9/dataset/flink/FLINK-2442_30761572b5040669b07d261ec9b109797debc549/flink-java/src/main/java/org/apache/flink/api/java/record/operators/CrossOperator.java:[52,78] org.apache.flink.api.java.record.functions.CrossFunction in org.apache.flink.api.java.record.functions has been deprecated
[WARNING] /space/parallel/flink/flink9/dataset/flink/FLINK-2442_30761572b5040669b07d261ec9b109797debc549/flink-java/src/main/java/org/apache/flink/api/java/record/operators/CrossWithSmallOperator.java:[26,50] org.apache.flink.api.java.record.functions.CrossFunction in org.apache.flink.api.java.record.functions has been deprecated
[WARNING] /space/parallel/flink/flink9/dataset/flink/FLINK-2442_30761572b5040669b07d261ec9b109797debc549/flink-java/src/main/java/org/apache/flink/api/java/record/operators/CrossWithSmallOperator.java:[42,45] org.apache.flink.api.java.record.operators.CrossOperator in org.apache.flink.api.java.record.operators has been deprecated
[WARNING] /space/parallel/flink/flink9/dataset/flink/FLINK-2442_30761572b5040669b07d261ec9b109797debc549/flink-java/src/main/java/org/apache/flink/api/java/record/operators/MapOperator.java:[29,50] org.apache.flink.api.common.operators.base.CollectorMapOperatorBase in org.apache.flink.api.common.operators.base has been deprecated
[WARNING] /space/parallel/flink/flink9/dataset/flink/FLINK-2442_30761572b5040669b07d261ec9b109797debc549/flink-java/src/main/java/org/apache/flink/api/java/record/operators/MapOperator.java:[33,50] org.apache.flink.api.java.record.functions.FunctionAnnotation in org.apache.flink.api.java.record.functions has been deprecated
[WARNING] /space/parallel/flink/flink9/dataset/flink/FLINK-2442_30761572b5040669b07d261ec9b109797debc549/flink-java/src/main/java/org/apache/flink/api/java/record/operators/MapOperator.java:[53,34] org.apache.flink.api.common.operators.base.CollectorMapOperatorBase in org.apache.flink.api.common.operators.base has been deprecated
[WARNING] /space/parallel/flink/flink9/dataset/flink/FLINK-2442_30761572b5040669b07d261ec9b109797debc549/flink-java/src/main/java/org/apache/flink/api/java/record/functions/MapFunction.java:[22,45] org.apache.flink.api.common.functions.GenericCollectorMap in org.apache.flink.api.common.functions has been deprecated
[WARNING] /space/parallel/flink/flink9/dataset/flink/FLINK-2442_30761572b5040669b07d261ec9b109797debc549/flink-java/src/main/java/org/apache/flink/api/java/record/functions/MapFunction.java:[36,75] org.apache.flink.api.common.functions.GenericCollectorMap in org.apache.flink.api.common.functions has been deprecated
[WARNING] /space/parallel/flink/flink9/dataset/flink/FLINK-2442_30761572b5040669b07d261ec9b109797debc549/flink-java/src/main/java/org/apache/flink/api/java/record/operators/MapOperator.java:[53,75] org.apache.flink.api.java.record.functions.MapFunction in org.apache.flink.api.java.record.functions has been deprecated
[WARNING] /space/parallel/flink/flink9/dataset/flink/FLINK-2442_30761572b5040669b07d261ec9b109797debc549/flink-java/src/main/java/org/apache/flink/api/java/record/io/DelimitedOutputFormat.java:[25,50] org.apache.flink.api.java.record.operators.FileDataSink in org.apache.flink.api.java.record.operators has been deprecated
[WARNING] /space/parallel/flink/flink9/dataset/flink/FLINK-2442_30761572b5040669b07d261ec9b109797debc549/flink-java/src/main/java/org/apache/flink/api/java/record/operators/CoGroupOperator.java:[36,50] org.apache.flink.api.java.record.functions.FunctionAnnotation in org.apache.flink.api.java.record.functions has been deprecated
[WARNING] /space/parallel/flink/flink9/dataset/flink/FLINK-2442_30761572b5040669b07d261ec9b109797debc549/flink-java/src/main/java/org/apache/flink/api/java/record/operators/CoGroupOperator.java:[367,78] org.apache.flink.api.java.record.functions.CoGroupFunction in org.apache.flink.api.java.record.functions has been deprecated
[WARNING] /space/parallel/flink/flink9/dataset/flink/FLINK-2442_30761572b5040669b07d261ec9b109797debc549/flink-java/src/main/java/org/apache/flink/api/java/record/operators/ReduceOperator.java:[44,50] org.apache.flink.api.java.record.functions.FunctionAnnotation in org.apache.flink.api.java.record.functions has been deprecated
[WARNING] /space/parallel/flink/flink9/dataset/flink/FLINK-2442_30761572b5040669b07d261ec9b109797debc549/flink-java/src/main/java/org/apache/flink/api/java/record/operators/ReduceOperator.java:[45,50] org.apache.flink.api.java.record.functions.ReduceFunction in org.apache.flink.api.java.record.functions has been deprecated
[WARNING] /space/parallel/flink/flink9/dataset/flink/FLINK-2442_30761572b5040669b07d261ec9b109797debc549/flink-java/src/main/java/org/apache/flink/api/java/record/operators/ReduceOperator.java:[371,77] org.apache.flink.api.java.record.functions.ReduceFunction in org.apache.flink.api.java.record.functions has been deprecated
[WARNING] /space/parallel/flink/flink9/dataset/flink/FLINK-2442_30761572b5040669b07d261ec9b109797debc549/flink-java/src/main/java/org/apache/flink/api/java/record/operators/JoinOperator.java:[33,50] org.apache.flink.api.java.record.functions.FunctionAnnotation in org.apache.flink.api.java.record.functions has been deprecated
[WARNING] /space/parallel/flink/flink9/dataset/flink/FLINK-2442_30761572b5040669b07d261ec9b109797debc549/flink-java/src/main/java/org/apache/flink/api/java/record/operators/JoinOperator.java:[34,50] org.apache.flink.api.java.record.functions.JoinFunction in org.apache.flink.api.java.record.functions has been deprecated
[WARNING] /space/parallel/flink/flink9/dataset/flink/FLINK-2442_30761572b5040669b07d261ec9b109797debc549/flink-java/src/main/java/org/apache/flink/api/java/record/operators/JoinOperator.java:[53,76] org.apache.flink.api.java.record.functions.JoinFunction in org.apache.flink.api.java.record.functions has been deprecated
[WARNING] /space/parallel/flink/flink9/dataset/flink/FLINK-2442_30761572b5040669b07d261ec9b109797debc549/flink-java/src/main/java/org/apache/flink/api/java/record/operators/CrossWithLargeOperator.java:[26,50] org.apache.flink.api.java.record.functions.CrossFunction in org.apache.flink.api.java.record.functions has been deprecated
[WARNING] /space/parallel/flink/flink9/dataset/flink/FLINK-2442_30761572b5040669b07d261ec9b109797debc549/flink-java/src/main/java/org/apache/flink/api/java/record/operators/CrossWithLargeOperator.java:[42,45] org.apache.flink.api.java.record.operators.CrossOperator in org.apache.flink.api.java.record.operators has been deprecated
[WARNING] /space/parallel/flink/flink9/dataset/flink/FLINK-2442_30761572b5040669b07d261ec9b109797debc549/flink-java/src/main/java/org/apache/flink/api/java/record/operators/MapPartitionOperator.java:[33,50] org.apache.flink.api.java.record.functions.FunctionAnnotation in org.apache.flink.api.java.record.functions has been deprecated
[WARNING] /space/parallel/flink/flink9/dataset/flink/FLINK-2442_30761572b5040669b07d261ec9b109797debc549/flink-java/src/main/java/org/apache/flink/api/java/record/operators/MapPartitionOperator.java:[34,50] org.apache.flink.api.java.record.functions.MapPartitionFunction in org.apache.flink.api.java.record.functions has been deprecated
[WARNING] /space/parallel/flink/flink9/dataset/flink/FLINK-2442_30761572b5040669b07d261ec9b109797debc549/flink-java/src/main/java/org/apache/flink/api/java/record/operators/MapPartitionOperator.java:[51,84] org.apache.flink.api.java.record.functions.MapPartitionFunction in org.apache.flink.api.java.record.functions has been deprecated
[WARNING] /space/parallel/flink/flink9/dataset/flink/FLINK-2442_30761572b5040669b07d261ec9b109797debc549/flink-java/src/main/java/org/apache/flink/api/java/tuple/Tuple.java:[99,56] unchecked cast
  required: java.lang.Class<? extends org.apache.flink.api.java.tuple.Tuple>
  found:    java.lang.Class<?>
[WARNING] /space/parallel/flink/flink9/dataset/flink/FLINK-2442_30761572b5040669b07d261ec9b109797debc549/flink-java/src/main/java/org/apache/flink/api/java/operators/translation/PlanUnwrappingSortedReduceGroupOperator.java:[75,77] unchecked call to combine(java.lang.Iterable<IN>,org.apache.flink.util.Collector<OUT>) as a member of the raw type org.apache.flink.api.common.functions.GroupCombineFunction
[WARNING] /space/parallel/flink/flink9/dataset/flink/FLINK-2442_30761572b5040669b07d261ec9b109797debc549/flink-java/src/main/java/org/apache/flink/api/java/typeutils/runtime/AvroSerializer.java:[122,50] unchecked cast
  required: T
  found:    capture#1 of ? extends java.lang.Object
[WARNING] /space/parallel/flink/flink9/dataset/flink/FLINK-2442_30761572b5040669b07d261ec9b109797debc549/flink-java/src/main/java/org/apache/flink/api/java/typeutils/runtime/kryo/Serializers.java:[102,89] unchecked cast
  required: java.lang.Class<? extends org.apache.avro.specific.SpecificRecordBase>
  found:    java.lang.Class<capture#2 of ?>
[WARNING] /space/parallel/flink/flink9/dataset/flink/FLINK-2442_30761572b5040669b07d261ec9b109797debc549/flink-java/src/main/java/org/apache/flink/api/java/operators/CoGroupRawOperator.java:[105,27] setDegreeOfParallelism(int) in org.apache.flink.api.common.operators.Operator has been deprecated
[WARNING] /space/parallel/flink/flink9/dataset/flink/FLINK-2442_30761572b5040669b07d261ec9b109797debc549/flink-java/src/main/java/org/apache/flink/api/java/typeutils/AvroTypeInfo.java:[64,51] unchecked call to GenericTypeInfo(java.lang.Class<T>) as a member of the raw type org.apache.flink.api.java.typeutils.GenericTypeInfo
[WARNING] /space/parallel/flink/flink9/dataset/flink/FLINK-2442_30761572b5040669b07d261ec9b109797debc549/flink-java/src/main/java/org/apache/flink/api/java/utils/ParameterTool.java:[136,32] unchecked conversion
  required: java.util.Map<java.lang.String,java.lang.String>
  found:    java.util.Map
[WARNING] /space/parallel/flink/flink9/dataset/flink/FLINK-2442_30761572b5040669b07d261ec9b109797debc549/flink-java/src/main/java/org/apache/flink/api/java/utils/ParameterTool.java:[145,32] unchecked conversion
  required: java.util.Map<java.lang.String,java.lang.String>
  found:    java.util.Map
[WARNING] /space/parallel/flink/flink9/dataset/flink/FLINK-2442_30761572b5040669b07d261ec9b109797debc549/flink-java/src/main/java/org/apache/flink/api/java/Utils.java:[150,114] unchecked conversion
  required: org.apache.flink.api.common.typeinfo.TypeInformation<T>
  found:    org.apache.flink.api.common.typeinfo.TypeInformation
[WARNING] /space/parallel/flink/flink9/dataset/flink/FLINK-2442_30761572b5040669b07d261ec9b109797debc549/flink-java/src/main/java/org/apache/flink/api/java/Utils.java:[150,113] unchecked method invocation: method getSerializerTree in class org.apache.flink.api.java.Utils is applied to given types
  required: org.apache.flink.api.common.typeinfo.TypeInformation<T>,int
  found: org.apache.flink.api.common.typeinfo.TypeInformation,int
[INFO] 
[INFO] --- maven-resources-plugin:2.6:testResources (default-testResources) @ flink-java ---
[INFO] Using 'UTF-8' encoding to copy filtered resources.
[INFO] skip non existing resourceDirectory /space/parallel/flink/flink9/dataset/flink/FLINK-2442_30761572b5040669b07d261ec9b109797debc549/flink-java/src/test/resources
[INFO] Copying 3 resources
[INFO] 
[INFO] --- maven-compiler-plugin:3.1:testCompile (default-testCompile) @ flink-java ---
[INFO] Nothing to compile - all classes are up to date
[INFO] 
[INFO] --- maven-surefire-plugin:2.17:test (default-test) @ flink-java ---
[INFO] Surefire report directory: /space/parallel/flink/flink9/dataset/flink/FLINK-2442_30761572b5040669b07d261ec9b109797debc549/flink-java/target/surefire-reports

-------------------------------------------------------
 T E S T S
-------------------------------------------------------

-------------------------------------------------------
 T E S T S
-------------------------------------------------------
Running org.apache.flink.api.java.operators.translation.CoGroupSortTranslationTest
Running org.apache.flink.api.java.operators.translation.DeltaIterationTranslationTest
Running org.apache.flink.api.java.operators.KeysTest
Running org.apache.flink.api.java.operators.translation.AggregateTranslationTest
Running org.apache.flink.api.java.operators.NamesTest
Running org.apache.flink.api.java.operators.translation.DistinctTranslationTest
Running org.apache.flink.api.java.hadoop.mapred.HadoopInputFormatTest
Running org.apache.flink.api.java.hadoop.mapreduce.HadoopInputFormatTest
Running org.apache.flink.api.java.type.extractor.PojoTypeExtractionTest
Running org.apache.flink.api.java.type.extractor.PojoTypeInformationTest
Running org.apache.flink.api.java.type.extractor.TypeExtractorTest
Running org.apache.flink.api.java.type.extractor.TypeExtractorInputFormatsTest
Running org.apache.flink.api.java.functions.SemanticPropertiesTranslationTest
Running org.apache.flink.api.java.functions.SemanticPropUtilTest
Running org.apache.flink.api.java.functions.SemanticPropertiesPrecedenceTest
Running org.apache.flink.api.java.functions.SemanticPropertiesProjectionTest
Running org.apache.flink.api.java.functions.ClosureCleanerTest
Running org.apache.flink.api.java.functions.SelectByFunctionsTest
Running org.apache.flink.api.java.operator.GroupingTest
Running org.apache.flink.api.java.operator.MinByOperatorTest
Running org.apache.flink.api.java.operator.DataSinkTest
Running org.apache.flink.api.java.operator.GroupReduceOperatorTest
Running org.apache.flink.api.java.operator.FirstNOperatorTest
Running org.apache.flink.api.java.operator.CrossOperatorTest
Tests run: 3, Failures: 0, Errors: 0, Skipped: 0, Time elapsed: 1.05 sec - in org.apache.flink.api.java.operators.NamesTest
Running org.apache.flink.api.java.operator.JoinOperatorTest
Tests run: 9, Failures: 0, Errors: 0, Skipped: 0, Time elapsed: 0.806 sec - in org.apache.flink.api.java.functions.SelectByFunctionsTest
Running org.apache.flink.api.java.operator.GroupCombineOperatorTest
Tests run: 4, Failures: 0, Errors: 0, Skipped: 0, Time elapsed: 1.194 sec - in org.apache.flink.api.java.type.extractor.TypeExtractorInputFormatsTest
Tests run: 18, Failures: 0, Errors: 0, Skipped: 0, Time elapsed: 0.976 sec - in org.apache.flink.api.java.operator.DataSinkTest
Running org.apache.flink.api.java.operator.MaxByOperatorTest
Running org.apache.flink.api.java.operator.ProjectionOperatorTest
Tests run: 4, Failures: 0, Errors: 0, Skipped: 0, Time elapsed: 1.203 sec - in org.apache.flink.api.java.functions.SemanticPropertiesPrecedenceTest
Running org.apache.flink.api.java.operator.ReduceOperatorTest
Tests run: 5, Failures: 0, Errors: 0, Skipped: 0, Time elapsed: 1.152 sec - in org.apache.flink.api.java.functions.ClosureCleanerTest
Running org.apache.flink.api.java.operator.CoGroupOperatorTest
Tests run: 10, Failures: 0, Errors: 0, Skipped: 0, Time elapsed: 0.105 sec - in org.apache.flink.api.java.operator.MaxByOperatorTest
Running org.apache.flink.api.java.operator.AggregateOperatorTest
Tests run: 4, Failures: 0, Errors: 0, Skipped: 0, Time elapsed: 0.092 sec - in org.apache.flink.api.java.operator.ReduceOperatorTest
Running org.apache.flink.api.java.operator.SortPartitionTest
Tests run: 8, Failures: 0, Errors: 0, Skipped: 0, Time elapsed: 0.028 sec - in org.apache.flink.api.java.operator.SortPartitionTest
Running org.apache.flink.api.java.operator.DistinctOperatorTest
Tests run: 2, Failures: 0, Errors: 0, Skipped: 0, Time elapsed: 0.11 sec - in org.apache.flink.api.java.operator.AggregateOperatorTest
Running org.apache.flink.api.java.MultipleInvokationsTest
Tests run: 11, Failures: 0, Errors: 0, Skipped: 0, Time elapsed: 0.049 sec - in org.apache.flink.api.java.operator.DistinctOperatorTest
Running org.apache.flink.api.java.record.ReduceWrappingFunctionTest
Tests run: 1, Failures: 0, Errors: 0, Skipped: 0, Time elapsed: 0.093 sec - in org.apache.flink.api.java.MultipleInvokationsTest
Running org.apache.flink.api.java.record.CoGroupWrappingFunctionTest
Tests run: 4, Failures: 0, Errors: 0, Skipped: 0, Time elapsed: 0.094 sec - in org.apache.flink.api.java.record.ReduceWrappingFunctionTest
Running org.apache.flink.api.java.record.io.ExternalProcessFixedLengthInputFormatTest
Tests run: 3, Failures: 0, Errors: 0, Skipped: 0, Time elapsed: 0.104 sec - in org.apache.flink.api.java.record.CoGroupWrappingFunctionTest
Running org.apache.flink.api.java.record.io.TextInputFormatTest
Tests run: 1, Failures: 0, Errors: 0, Skipped: 0, Time elapsed: 1.853 sec - in org.apache.flink.api.java.operators.translation.AggregateTranslationTest
Running org.apache.flink.api.java.record.io.FixedLenghtInputFormatTest
Tests run: 3, Failures: 0, Errors: 0, Skipped: 0, Time elapsed: 0.496 sec - in org.apache.flink.api.java.operator.ProjectionOperatorTest
Tests run: 7, Failures: 0, Errors: 0, Skipped: 0, Time elapsed: 0.683 sec - in org.apache.flink.api.java.operator.GroupCombineOperatorTest
Running org.apache.flink.api.java.record.io.CsvInputFormatTest
Running org.apache.flink.api.java.record.io.CsvOutputFormatTest
Tests run: 6, Failures: 0, Errors: 0, Skipped: 0, Time elapsed: 1.63 sec - in org.apache.flink.api.java.functions.SemanticPropertiesProjectionTest
Running org.apache.flink.api.java.record.io.ExternalProcessInputFormatTest
Tests run: 4, Failures: 0, Errors: 0, Skipped: 0, Time elapsed: 1.833 sec - in org.apache.flink.api.java.type.extractor.PojoTypeInformationTest
Running org.apache.flink.api.java.typeutils.PojoTypeInfoTest
Tests run: 1, Failures: 0, Errors: 0, Skipped: 0, Time elapsed: 0.012 sec - in org.apache.flink.api.java.typeutils.PojoTypeInfoTest
Running org.apache.flink.api.java.typeutils.CompositeTypeTest
Tests run: 3, Failures: 0, Errors: 0, Skipped: 0, Time elapsed: 2.026 sec - in org.apache.flink.api.java.operators.translation.DeltaIterationTranslationTest
Running org.apache.flink.api.java.typeutils.TypeInfoParserTest
Tests run: 2, Failures: 0, Errors: 0, Skipped: 0, Time elapsed: 0.1 sec - in org.apache.flink.api.java.typeutils.CompositeTypeTest
Running org.apache.flink.api.java.typeutils.runtime.AvroGenericTypeSerializerTest
Tests run: 3, Failures: 0, Errors: 0, Skipped: 0, Time elapsed: 0.227 sec - in org.apache.flink.api.java.record.io.FixedLenghtInputFormatTest
Running org.apache.flink.api.java.typeutils.runtime.AvroSerializerEmptyArrayTest
Tests run: 6, Failures: 0, Errors: 0, Skipped: 0, Time elapsed: 2.115 sec - in org.apache.flink.api.java.operators.translation.DistinctTranslationTest
Running org.apache.flink.api.java.typeutils.runtime.WritableSerializerTest
Tests run: 2, Failures: 0, Errors: 0, Skipped: 0, Time elapsed: 0.363 sec - in org.apache.flink.api.java.record.io.TextInputFormatTest
Running org.apache.flink.api.java.typeutils.runtime.TupleComparatorILDXC2Test
Tests run: 3, Failures: 0, Errors: 0, Skipped: 0, Time elapsed: 1.683 sec - in org.apache.flink.api.java.operator.FirstNOperatorTest
Tests run: 7, Failures: 0, Errors: 0, Skipped: 0, Time elapsed: 0.293 sec - in org.apache.flink.api.java.record.io.CsvOutputFormatTest
Running org.apache.flink.api.java.typeutils.runtime.TupleComparatorISD1Test
Running org.apache.flink.api.java.typeutils.runtime.GenericPairComparatorTest
Tests run: 58, Failures: 0, Errors: 0, Skipped: 0, Time elapsed: 2.067 sec - in org.apache.flink.api.java.type.extractor.TypeExtractorTest
Running org.apache.flink.api.java.typeutils.runtime.TupleComparatorTTT2Test
Tests run: 2, Failures: 0, Errors: 0, Skipped: 0, Time elapsed: 0.018 sec - in org.apache.flink.api.java.typeutils.runtime.GenericPairComparatorTest
Tests run: 5, Failures: 0, Errors: 0, Skipped: 0, Time elapsed: 0.477 sec - in org.apache.flink.api.java.record.io.ExternalProcessFixedLengthInputFormatTest
Running org.apache.flink.api.java.typeutils.runtime.TupleComparatorILD3Test
Running org.apache.flink.api.java.typeutils.runtime.AvroGenericTypeComparatorTest
Tests run: 7, Failures: 0, Errors: 0, Skipped: 0, Time elapsed: 1.825 sec - in org.apache.flink.api.java.operator.GroupReduceOperatorTest
Tests run: 13, Failures: 0, Errors: 0, Skipped: 0, Time elapsed: 0.219 sec - in org.apache.flink.api.java.typeutils.TypeInfoParserTest
Running org.apache.flink.api.java.typeutils.runtime.kryo.KryoWithCustomSerializersTest
Tests run: 2, Failures: 0, Errors: 0, Skipped: 0, Time elapsed: 2.343 sec - in org.apache.flink.api.java.operators.translation.CoGroupSortTranslationTest
Running org.apache.flink.api.java.typeutils.runtime.kryo.KryoGenericArraySerializerTest
Running org.apache.flink.api.java.typeutils.runtime.kryo.KryoGenericTypeSerializerTest
Tests run: 10, Failures: 0, Errors: 0, Skipped: 0, Time elapsed: 0.185 sec - in org.apache.flink.api.java.typeutils.runtime.TupleComparatorISD1Test
Running org.apache.flink.api.java.typeutils.runtime.kryo.SerializersTest
Tests run: 10, Failures: 0, Errors: 0, Skipped: 0, Time elapsed: 0.162 sec - in org.apache.flink.api.java.typeutils.runtime.TupleComparatorILD3Test
Tests run: 10, Failures: 0, Errors: 0, Skipped: 0, Time elapsed: 0.196 sec - in org.apache.flink.api.java.typeutils.runtime.TupleComparatorILDXC2Test
Running org.apache.flink.api.java.typeutils.runtime.kryo.KryoGenericTypeComparatorTest
Tests run: 10, Failures: 0, Errors: 0, Skipped: 0, Time elapsed: 0.184 sec - in org.apache.flink.api.java.typeutils.runtime.TupleComparatorTTT2Test
Running org.apache.flink.api.java.typeutils.runtime.TupleSerializerTest
Running org.apache.flink.api.java.typeutils.runtime.PojoSubclassComparatorTest
Tests run: 29, Failures: 0, Errors: 0, Skipped: 0, Time elapsed: 0.956 sec - in org.apache.flink.api.java.operator.CoGroupOperatorTest
Running org.apache.flink.api.java.typeutils.runtime.ValueComparatorTest
Tests run: 4, Failures: 0, Errors: 0, Skipped: 0, Time elapsed: 0.558 sec - in org.apache.flink.api.java.record.io.ExternalProcessInputFormatTest
Running org.apache.flink.api.java.typeutils.runtime.TupleComparatorISD2Test
Tests run: 8, Failures: 0, Errors: 0, Skipped: 0, Time elapsed: 0.65 sec - in org.apache.flink.api.java.record.io.CsvInputFormatTest
Running org.apache.flink.api.java.typeutils.runtime.TupleComparatorILDC3Test
Tests run: 10, Failures: 0, Errors: 0, Skipped: 0, Time elapsed: 2.183 sec - in org.apache.flink.api.java.operator.MinByOperatorTest
Running org.apache.flink.api.java.typeutils.runtime.TupleComparatorISD3Test
Tests run: 18, Failures: 0, Errors: 0, Skipped: 0, Time elapsed: 2.542 sec - in org.apache.flink.api.java.type.extractor.PojoTypeExtractionTest
Tests run: 10, Failures: 0, Errors: 0, Skipped: 0, Time elapsed: 0.162 sec - in org.apache.flink.api.java.typeutils.runtime.TupleComparatorISD2Test
Running org.apache.flink.api.java.typeutils.runtime.WritableComparatorTest
Running org.apache.flink.api.java.typeutils.runtime.TupleComparatorTTT3Test
Tests run: 10, Failures: 0, Errors: 0, Skipped: 0, Time elapsed: 0.182 sec - in org.apache.flink.api.java.typeutils.runtime.TupleComparatorILDC3Test
Running org.apache.flink.api.java.typeutils.runtime.CopyableValueComparatorTest
Tests run: 10, Failures: 0, Errors: 0, Skipped: 0, Time elapsed: 0.173 sec - in org.apache.flink.api.java.typeutils.runtime.TupleComparatorISD3Test
Running org.apache.flink.api.java.typeutils.runtime.PojoComparatorTest
Tests run: 23, Failures: 0, Errors: 0, Skipped: 0, Time elapsed: 1.955 sec - in org.apache.flink.api.java.operator.CrossOperatorTest
Running org.apache.flink.api.java.typeutils.runtime.TupleComparatorILD2Test
Tests run: 10, Failures: 0, Errors: 0, Skipped: 0, Time elapsed: 0.103 sec - in org.apache.flink.api.java.typeutils.runtime.CopyableValueComparatorTest
Running org.apache.flink.api.java.typeutils.runtime.TupleComparatorTTT1Test
Tests run: 10, Failures: 0, Errors: 0, Skipped: 0, Time elapsed: 0.133 sec - in org.apache.flink.api.java.typeutils.runtime.PojoComparatorTest
Running org.apache.flink.api.java.typeutils.runtime.TupleComparatorILDX1Test
Tests run: 10, Failures: 0, Errors: 0, Skipped: 0, Time elapsed: 0.023 sec - in org.apache.flink.api.java.typeutils.runtime.TupleComparatorILDX1Test
Running org.apache.flink.api.java.typeutils.runtime.PojoSubclassSerializerTest
Tests run: 10, Failures: 0, Errors: 0, Skipped: 0, Time elapsed: 0.54 sec - in org.apache.flink.api.java.typeutils.runtime.PojoSubclassComparatorTest
Tests run: 7, Failures: 0, Errors: 1, Skipped: 0, Time elapsed: 2.934 sec <<< FAILURE! - in org.apache.flink.api.java.operators.KeysTest
testTupleWithNestedPojo(org.apache.flink.api.java.operators.KeysTest)  Time elapsed: 0.04 sec  <<< ERROR!
java.lang.IllegalArgumentException: Wrong field type
	at com.google.common.base.Preconditions.checkArgument(Preconditions.java:122)
	at org.apache.flink.api.java.operators.Keys$ExpressionKeys.<init>(Keys.java:241)
	at org.apache.flink.api.java.operators.Keys$ExpressionKeys.<init>(Keys.java:203)
	at org.apache.flink.api.java.operators.KeysTest.testTupleWithNestedPojo(KeysTest.java:274)

Running org.apache.flink.api.java.typeutils.runtime.AvroGenericArraySerializerTest
Running org.apache.flink.api.java.typeutils.runtime.PojoGenericTypeSerializerTest
Tests run: 10, Failures: 0, Errors: 0, Skipped: 0, Time elapsed: 0.252 sec - in org.apache.flink.api.java.typeutils.runtime.TupleComparatorILD2Test
Running org.apache.flink.api.java.typeutils.runtime.SubclassFromInterfaceSerializerTest
Tests run: 1, Failures: 0, Errors: 0, Skipped: 0, Time elapsed: 0.939 sec - in org.apache.flink.api.java.typeutils.runtime.WritableSerializerTest
Running org.apache.flink.api.java.typeutils.runtime.PojoSerializerTest
Tests run: 10, Failures: 0, Errors: 0, Skipped: 0, Time elapsed: 0.22 sec - in org.apache.flink.api.java.typeutils.runtime.TupleComparatorTTT1Test
Running org.apache.flink.api.java.typeutils.runtime.MultidimensionalArraySerializerTest
Tests run: 10, Failures: 0, Errors: 0, Skipped: 0, Time elapsed: 0.477 sec - in org.apache.flink.api.java.typeutils.runtime.TupleComparatorTTT3Test
Running org.apache.flink.api.java.utils.ParameterToolTest
Tests run: 35, Failures: 0, Errors: 0, Skipped: 0, Time elapsed: 2.838 sec - in org.apache.flink.api.java.operator.GroupingTest
Tests run: 65, Failures: 0, Errors: 0, Skipped: 0, Time elapsed: 3.044 sec - in org.apache.flink.api.java.functions.SemanticPropUtilTest
Running org.apache.flink.api.java.sca.UdfAnalyzerExamplesTest
Tests run: 10, Failures: 0, Errors: 0, Skipped: 0, Time elapsed: 0.819 sec - in org.apache.flink.api.java.typeutils.runtime.ValueComparatorTest
Running org.apache.flink.api.java.tuple.Tuple2Test
Tests run: 2, Failures: 0, Errors: 0, Skipped: 0, Time elapsed: 0.003 sec - in org.apache.flink.api.java.tuple.Tuple2Test
Running org.apache.flink.api.java.io.CSVReaderTest
Running org.apache.flink.api.java.sca.UdfAnalyzerTest
Tests run: 13, Failures: 0, Errors: 0, Skipped: 0, Time elapsed: 0.449 sec - in org.apache.flink.api.java.typeutils.runtime.PojoSerializerTest
Tests run: 10, Failures: 0, Errors: 0, Skipped: 0, Time elapsed: 0.869 sec - in org.apache.flink.api.java.typeutils.runtime.WritableComparatorTest
Running org.apache.flink.api.java.io.TextInputFormatTest
Tests run: 63, Failures: 0, Errors: 0, Skipped: 0, Time elapsed: 2.465 sec - in org.apache.flink.api.java.operator.JoinOperatorTest
Running org.apache.flink.api.java.io.CollectionInputFormatTest
Running org.apache.flink.api.java.io.TypeSerializerFormatTest
Tests run: 12, Failures: 0, Errors: 0, Skipped: 0, Time elapsed: 0.372 sec - in org.apache.flink.api.java.io.CSVReaderTest
Running org.apache.flink.api.java.io.PrimitiveInputFormatTest
Tests run: 4, Failures: 0, Errors: 0, Skipped: 0, Time elapsed: 0.225 sec - in org.apache.flink.api.java.io.CollectionInputFormatTest
Running org.apache.flink.api.java.io.CsvInputFormatTest
Tests run: 5, Failures: 0, Errors: 0, Skipped: 0, Time elapsed: 0.101 sec - in org.apache.flink.api.java.io.PrimitiveInputFormatTest
Tests run: 2, Failures: 0, Errors: 0, Skipped: 0, Time elapsed: 0.253 sec - in org.apache.flink.api.java.io.TextInputFormatTest
Running org.apache.flink.api.common.operators.CollectionExecutionAccumulatorsTest
Running org.apache.flink.api.common.operators.CollectionExecutionWithBroadcastVariableTest
Tests run: 1, Failures: 0, Errors: 0, Skipped: 0, Time elapsed: 0.074 sec - in org.apache.flink.api.common.operators.CollectionExecutionAccumulatorsTest
Running org.apache.flink.api.common.operators.base.JoinOperatorBaseTest
Tests run: 1, Failures: 0, Errors: 0, Skipped: 0, Time elapsed: 0.012 sec - in org.apache.flink.api.common.operators.base.JoinOperatorBaseTest
Running org.apache.flink.api.common.operators.base.GroupReduceOperatorTest
Tests run: 2, Failures: 0, Errors: 0, Skipped: 0, Time elapsed: 0.037 sec - in org.apache.flink.api.common.operators.base.GroupReduceOperatorTest
Running org.apache.flink.api.common.operators.base.CoGroupOperatorCollectionTest
Tests run: 1, Failures: 0, Errors: 0, Skipped: 0, Time elapsed: 0.045 sec - in org.apache.flink.api.common.operators.base.CoGroupOperatorCollectionTest
Running org.apache.flink.api.common.operators.base.ReduceOperatorTest
Tests run: 2, Failures: 0, Errors: 0, Skipped: 0, Time elapsed: 0.036 sec - in org.apache.flink.api.common.operators.base.ReduceOperatorTest
Running org.apache.flink.api.common.operators.CollectionExecutionIterationTest
Tests run: 2, Failures: 0, Errors: 0, Skipped: 0, Time elapsed: 0.386 sec - in org.apache.flink.api.common.operators.CollectionExecutionWithBroadcastVariableTest
Tests run: 23, Failures: 0, Errors: 0, Skipped: 0, Time elapsed: 3.995 sec - in org.apache.flink.api.java.functions.SemanticPropertiesTranslationTest
Tests run: 23, Failures: 0, Errors: 0, Skipped: 0, Time elapsed: 0.52 sec - in org.apache.flink.api.java.io.CsvInputFormatTest
Tests run: 3, Failures: 0, Errors: 0, Skipped: 0, Time elapsed: 0.338 sec - in org.apache.flink.api.common.operators.CollectionExecutionIterationTest
Tests run: 1, Failures: 0, Errors: 0, Skipped: 0, Time elapsed: 4.513 sec - in org.apache.flink.api.java.hadoop.mapred.HadoopInputFormatTest
Tests run: 2, Failures: 0, Errors: 0, Skipped: 0, Time elapsed: 2.725 sec - in org.apache.flink.api.java.typeutils.runtime.AvroSerializerEmptyArrayTest
Tests run: 12, Failures: 0, Errors: 0, Skipped: 0, Time elapsed: 2.118 sec - in org.apache.flink.api.java.typeutils.runtime.PojoSubclassSerializerTest
HERE
Tests run: 63, Failures: 0, Errors: 0, Skipped: 0, Time elapsed: 2.095 sec - in org.apache.flink.api.java.sca.UdfAnalyzerTest
Tests run: 13, Failures: 0, Errors: 0, Skipped: 0, Time elapsed: 2.443 sec - in org.apache.flink.api.java.utils.ParameterToolTest
Tests run: 6, Failures: 0, Errors: 0, Skipped: 0, Time elapsed: 3.522 sec - in org.apache.flink.api.java.typeutils.runtime.AvroGenericTypeSerializerTest
Tests run: 5, Failures: 0, Errors: 0, Skipped: 0, Time elapsed: 2.703 sec - in org.apache.flink.api.java.typeutils.runtime.AvroGenericArraySerializerTest
Tests run: 18, Failures: 0, Errors: 0, Skipped: 0, Time elapsed: 2.425 sec - in org.apache.flink.api.java.sca.UdfAnalyzerExamplesTest
Tests run: 1, Failures: 0, Errors: 0, Skipped: 0, Time elapsed: 5.636 sec - in org.apache.flink.api.java.hadoop.mapreduce.HadoopInputFormatTest
Tests run: 4, Failures: 0, Errors: 0, Skipped: 0, Time elapsed: 3.604 sec - in org.apache.flink.api.java.typeutils.runtime.AvroGenericTypeComparatorTest
Tests run: 5, Failures: 0, Errors: 0, Skipped: 0, Time elapsed: 3.783 sec - in org.apache.flink.api.java.typeutils.runtime.kryo.KryoGenericArraySerializerTest
Tests run: 12, Failures: 0, Errors: 0, Skipped: 0, Time elapsed: 3.013 sec - in org.apache.flink.api.java.typeutils.runtime.SubclassFromInterfaceSerializerTest
Tests run: 4, Failures: 0, Errors: 0, Skipped: 0, Time elapsed: 3.061 sec - in org.apache.flink.api.java.typeutils.runtime.MultidimensionalArraySerializerTest
Tests run: 1, Failures: 0, Errors: 0, Skipped: 0, Time elapsed: 3.935 sec - in org.apache.flink.api.java.typeutils.runtime.kryo.SerializersTest
Tests run: 7, Failures: 0, Errors: 0, Skipped: 0, Time elapsed: 4.344 sec - in org.apache.flink.api.java.typeutils.runtime.kryo.KryoWithCustomSerializersTest
Tests run: 12, Failures: 0, Errors: 0, Skipped: 0, Time elapsed: 4.44 sec - in org.apache.flink.api.java.typeutils.runtime.kryo.KryoGenericTypeSerializerTest
Tests run: 6, Failures: 0, Errors: 0, Skipped: 0, Time elapsed: 4.005 sec - in org.apache.flink.api.java.typeutils.runtime.PojoGenericTypeSerializerTest
Tests run: 6, Failures: 0, Errors: 0, Skipped: 0, Time elapsed: 4.708 sec - in org.apache.flink.api.java.typeutils.runtime.TupleSerializerTest
Tests run: 4, Failures: 0, Errors: 0, Skipped: 0, Time elapsed: 5.673 sec - in org.apache.flink.api.java.typeutils.runtime.kryo.KryoGenericTypeComparatorTest
Tests run: 40, Failures: 0, Errors: 0, Skipped: 0, Time elapsed: 6.801 sec - in org.apache.flink.api.java.io.TypeSerializerFormatTest

Results :

Tests in error: 
  KeysTest.testTupleWithNestedPojo:274 Â» IllegalArgument Wrong field type

Tests run: 962, Failures: 0, Errors: 1, Skipped: 0

[INFO] ------------------------------------------------------------------------
[INFO] BUILD FAILURE
[INFO] ------------------------------------------------------------------------
[INFO] Total time: 23.393 s
[INFO] Finished at: 2016-07-15T01:29:17-07:00
[INFO] Final Memory: 39M/2476M
[INFO] ------------------------------------------------------------------------
[ERROR] Failed to execute goal org.apache.maven.plugins:maven-surefire-plugin:2.17:test (default-test) on project flink-java: There are test failures.
[ERROR] 
[ERROR] Please refer to /space/parallel/flink/flink9/dataset/flink/FLINK-2442_30761572b5040669b07d261ec9b109797debc549/flink-java/target/surefire-reports for the individual test results.
[ERROR] -> [Help 1]
[ERROR] 
[ERROR] To see the full stack trace of the errors, re-run Maven with the -e switch.
[ERROR] Re-run Maven using the -X switch to enable full debug logging.
[ERROR] 
[ERROR] For more information about the errors and possible solutions, please read the following articles:
[ERROR] [Help 1] http://cwiki.apache.org/confluence/display/MAVEN/MojoFailureException
