[INFO] Scanning for projects...
[INFO] ------------------------------------------------------------------------
[INFO] Reactor Build Order:
[INFO] 
[INFO] flink-staging
[INFO] flink-avro
[INFO] flink-jdbc
[INFO] flink-spargel
[INFO] flink-hadoop-compatibility
[INFO] flink-streaming
[INFO] flink-streaming-core
[INFO] flink-streaming-scala
[INFO] flink-streaming-connectors
[INFO] flink-connector-twitter
[INFO] flink-streaming-examples
[INFO] flink-connector-flume
[INFO] flink-connector-kafka
[INFO] flink-connector-elasticsearch
[INFO] flink-connector-rabbitmq
[INFO] flink-connector-filesystem
[INFO] flink-hbase
[INFO] flink-gelly
[INFO] flink-hcatalog
[INFO] flink-table
[INFO] flink-ml
[INFO] flink-language-binding
[INFO] flink-language-binding-generic
[INFO] flink-python
[INFO] flink-gelly-scala
[INFO] flink-fs-tests
[INFO] flink-scala-shell
[INFO]                                                                         
[INFO] ------------------------------------------------------------------------
[INFO] Building flink-staging 0.10-SNAPSHOT
[INFO] ------------------------------------------------------------------------
[INFO] 
[INFO] --- maven-checkstyle-plugin:2.16:check (validate) @ flink-staging ---
[INFO] 
[INFO] --- maven-enforcer-plugin:1.3.1:enforce (enforce-maven) @ flink-staging ---
[INFO] 
[INFO] --- maven-remote-resources-plugin:1.5:process (default) @ flink-staging ---
[INFO]                                                                         
[INFO] ------------------------------------------------------------------------
[INFO] Building flink-avro 0.10-SNAPSHOT
[INFO] ------------------------------------------------------------------------
[INFO] 
[INFO] --- maven-checkstyle-plugin:2.16:check (validate) @ flink-avro ---
[INFO] 
[INFO] --- maven-enforcer-plugin:1.3.1:enforce (enforce-maven) @ flink-avro ---
[INFO] 
[INFO] --- avro-maven-plugin:1.7.7:schema (default) @ flink-avro ---
[INFO] 
[INFO] --- maven-remote-resources-plugin:1.5:process (default) @ flink-avro ---
[INFO] 
[INFO] --- maven-resources-plugin:2.6:resources (default-resources) @ flink-avro ---
[INFO] Using 'UTF-8' encoding to copy filtered resources.
[INFO] skip non existing resourceDirectory /space/parallel/flink/flink9/dataset/flink/FLINK-2802_88a977689aeec67a2e67eb0a1449abef407ed6ec/flink-staging/flink-avro/src/main/resources
[INFO] Copying 3 resources
[INFO] 
[INFO] --- maven-compiler-plugin:3.1:compile (default-compile) @ flink-avro ---
[INFO] Nothing to compile - all classes are up to date
[INFO] 
[INFO] --- maven-resources-plugin:2.6:testResources (default-testResources) @ flink-avro ---
[INFO] Using 'UTF-8' encoding to copy filtered resources.
[INFO] Copying 4 resources
[INFO] Copying 3 resources
[INFO] 
[INFO] --- maven-compiler-plugin:3.1:testCompile (default-testCompile) @ flink-avro ---
[INFO] Changes detected - recompiling the module!
[INFO] Compiling 12 source files to /space/parallel/flink/flink9/dataset/flink/FLINK-2802_88a977689aeec67a2e67eb0a1449abef407ed6ec/flink-staging/flink-avro/target/test-classes
[WARNING] /space/parallel/flink/flink9/dataset/flink/FLINK-2802_88a977689aeec67a2e67eb0a1449abef407ed6ec/flink-staging/flink-avro/src/test/java/org/apache/flink/api/io/avro/AvroRecordInputFormatTest.java:[238,124] unchecked cast
  required: org.apache.flink.api.common.typeinfo.TypeInformation<org.apache.avro.generic.GenericData.Record>
  found:    org.apache.flink.api.common.typeinfo.TypeInformation<capture#1 of ?>
[WARNING] /space/parallel/flink/flink9/dataset/flink/FLINK-2802_88a977689aeec67a2e67eb0a1449abef407ed6ec/flink-staging/flink-avro/src/test/java/org/apache/flink/api/io/avro/AvroRecordInputFormatTest.java:[279,96] unchecked cast
  required: org.apache.flink.api.common.typeinfo.TypeInformation<org.apache.flink.api.io.avro.generated.User>
  found:    org.apache.flink.api.common.typeinfo.TypeInformation<capture#2 of ?>
[WARNING] /space/parallel/flink/flink9/dataset/flink/FLINK-2802_88a977689aeec67a2e67eb0a1449abef407ed6ec/flink-staging/flink-avro/src/test/java/org/apache/flink/api/io/avro/generated/User.java:[883,135] unchecked cast
  required: java.util.List<java.lang.CharSequence>
  found:    java.lang.Object
[WARNING] /space/parallel/flink/flink9/dataset/flink/FLINK-2802_88a977689aeec67a2e67eb0a1449abef407ed6ec/flink-staging/flink-avro/src/test/java/org/apache/flink/api/io/avro/generated/User.java:[884,132] unchecked cast
  required: java.util.List<java.lang.Boolean>
  found:    java.lang.Object
[WARNING] /space/parallel/flink/flink9/dataset/flink/FLINK-2802_88a977689aeec67a2e67eb0a1449abef407ed6ec/flink-staging/flink-avro/src/test/java/org/apache/flink/api/io/avro/generated/User.java:[885,139] unchecked cast
  required: java.util.List<java.lang.CharSequence>
  found:    java.lang.Object
[WARNING] /space/parallel/flink/flink9/dataset/flink/FLINK-2802_88a977689aeec67a2e67eb0a1449abef407ed6ec/flink-staging/flink-avro/src/test/java/org/apache/flink/api/io/avro/generated/User.java:[887,132] unchecked cast
  required: java.util.Map<java.lang.CharSequence,java.lang.Long>
  found:    java.lang.Object
[INFO] 
[INFO] --- maven-assembly-plugin:2.4:single (create-test-dependency) @ flink-avro ---
[INFO] Reading assembly descriptor: src/test/assembly/test-assembly.xml
[INFO] Building jar: /space/parallel/flink/flink9/dataset/flink/FLINK-2802_88a977689aeec67a2e67eb0a1449abef407ed6ec/flink-staging/flink-avro/target/maven-test-jar.jar
[INFO] 
[INFO] --- maven-clean-plugin:2.5:clean (remove-avroexternalprogram) @ flink-avro ---
[INFO] Deleting /space/parallel/flink/flink9/dataset/flink/FLINK-2802_88a977689aeec67a2e67eb0a1449abef407ed6ec/flink-staging/flink-avro/target/test-classes (includes = [**/testjar/*.class], excludes = [])
[INFO] 
[INFO] --- maven-surefire-plugin:2.18.1:test (default-test) @ flink-avro ---
[INFO] Surefire report directory: /space/parallel/flink/flink9/dataset/flink/FLINK-2802_88a977689aeec67a2e67eb0a1449abef407ed6ec/flink-staging/flink-avro/target/surefire-reports

-------------------------------------------------------
 T E S T S
-------------------------------------------------------
Running org.apache.flink.api.java.io.AvroInputFormatTypeExtractionTest
Tests run: 1, Failures: 0, Errors: 0, Skipped: 0, Time elapsed: 0.068 sec - in org.apache.flink.api.java.io.AvroInputFormatTypeExtractionTest
Running org.apache.flink.api.avro.EncoderDecoderTest
Tests run: 8, Failures: 0, Errors: 0, Skipped: 0, Time elapsed: 0.305 sec - in org.apache.flink.api.avro.EncoderDecoderTest
Running org.apache.flink.api.io.avro.AvroRecordInputFormatTest
Tests run: 3, Failures: 0, Errors: 0, Skipped: 0, Time elapsed: 0.685 sec - in org.apache.flink.api.io.avro.AvroRecordInputFormatTest
Running org.apache.flink.api.io.avro.AvroSplittableInputFormatTest
Tests run: 1, Failures: 0, Errors: 0, Skipped: 0, Time elapsed: 1.712 sec - in org.apache.flink.api.io.avro.AvroSplittableInputFormatTest
Running org.apache.flink.api.io.avro.AvroPojoTest
Tests run: 12, Failures: 0, Errors: 0, Skipped: 0, Time elapsed: 6.872 sec - in org.apache.flink.api.io.avro.AvroPojoTest

Results :

Tests run: 25, Failures: 0, Errors: 0, Skipped: 0

[INFO]                                                                         
[INFO] ------------------------------------------------------------------------
[INFO] Building flink-jdbc 0.10-SNAPSHOT
[INFO] ------------------------------------------------------------------------
[INFO] 
[INFO] --- maven-checkstyle-plugin:2.16:check (validate) @ flink-jdbc ---
[INFO] 
[INFO] --- maven-enforcer-plugin:1.3.1:enforce (enforce-maven) @ flink-jdbc ---
[INFO] 
[INFO] --- maven-remote-resources-plugin:1.5:process (default) @ flink-jdbc ---
[INFO] 
[INFO] --- maven-resources-plugin:2.6:resources (default-resources) @ flink-jdbc ---
[INFO] Using 'UTF-8' encoding to copy filtered resources.
[INFO] skip non existing resourceDirectory /space/parallel/flink/flink9/dataset/flink/FLINK-2802_88a977689aeec67a2e67eb0a1449abef407ed6ec/flink-staging/flink-jdbc/src/main/resources
[INFO] Copying 3 resources
[INFO] 
[INFO] --- maven-compiler-plugin:3.1:compile (default-compile) @ flink-jdbc ---
[INFO] Nothing to compile - all classes are up to date
[INFO] 
[INFO] --- maven-resources-plugin:2.6:testResources (default-testResources) @ flink-jdbc ---
[INFO] Using 'UTF-8' encoding to copy filtered resources.
[INFO] Copying 2 resources
[INFO] Copying 3 resources
[INFO] 
[INFO] --- maven-compiler-plugin:3.1:testCompile (default-testCompile) @ flink-jdbc ---
[INFO] Nothing to compile - all classes are up to date
[INFO] 
[INFO] --- maven-surefire-plugin:2.18.1:test (default-test) @ flink-jdbc ---
[INFO] Surefire report directory: /space/parallel/flink/flink9/dataset/flink/FLINK-2802_88a977689aeec67a2e67eb0a1449abef407ed6ec/flink-staging/flink-jdbc/target/surefire-reports

-------------------------------------------------------
 T E S T S
-------------------------------------------------------
Running org.apache.flink.api.java.io.jdbc.JDBCOutputFormatTest
Tests run: 6, Failures: 0, Errors: 0, Skipped: 0, Time elapsed: 1.74 sec - in org.apache.flink.api.java.io.jdbc.JDBCOutputFormatTest
Running org.apache.flink.api.java.io.jdbc.JDBCInputFormatTest
Tests run: 6, Failures: 0, Errors: 0, Skipped: 0, Time elapsed: 0.067 sec - in org.apache.flink.api.java.io.jdbc.JDBCInputFormatTest

Results :

Tests run: 12, Failures: 0, Errors: 0, Skipped: 0

[INFO]                                                                         
[INFO] ------------------------------------------------------------------------
[INFO] Building flink-spargel 0.10-SNAPSHOT
[INFO] ------------------------------------------------------------------------
[INFO] 
[INFO] --- maven-checkstyle-plugin:2.16:check (validate) @ flink-spargel ---
[INFO] 
[INFO] --- maven-enforcer-plugin:1.3.1:enforce (enforce-maven) @ flink-spargel ---
[INFO] 
[INFO] --- maven-remote-resources-plugin:1.5:process (default) @ flink-spargel ---
[INFO] 
[INFO] --- maven-resources-plugin:2.6:resources (default-resources) @ flink-spargel ---
[INFO] Using 'UTF-8' encoding to copy filtered resources.
[INFO] skip non existing resourceDirectory /space/parallel/flink/flink9/dataset/flink/FLINK-2802_88a977689aeec67a2e67eb0a1449abef407ed6ec/flink-staging/flink-spargel/src/main/resources
[INFO] Copying 3 resources
[INFO] 
[INFO] --- maven-compiler-plugin:3.1:compile (default-compile) @ flink-spargel ---
[INFO] Nothing to compile - all classes are up to date
[INFO] 
[INFO] --- maven-resources-plugin:2.6:testResources (default-testResources) @ flink-spargel ---
[INFO] Using 'UTF-8' encoding to copy filtered resources.
[INFO] Copying 2 resources
[INFO] Copying 3 resources
[INFO] 
[INFO] --- maven-compiler-plugin:3.1:testCompile (default-testCompile) @ flink-spargel ---
[INFO] Nothing to compile - all classes are up to date
[INFO] 
[INFO] --- maven-surefire-plugin:2.18.1:test (default-test) @ flink-spargel ---
[INFO] Surefire report directory: /space/parallel/flink/flink9/dataset/flink/FLINK-2802_88a977689aeec67a2e67eb0a1449abef407ed6ec/flink-staging/flink-spargel/target/surefire-reports

-------------------------------------------------------
 T E S T S
-------------------------------------------------------
Running org.apache.flink.spargel.java.SpargelCompilerTest
Tests run: 2, Failures: 0, Errors: 0, Skipped: 0, Time elapsed: 0.465 sec - in org.apache.flink.spargel.java.SpargelCompilerTest
Running org.apache.flink.spargel.java.SpargelTranslationTest
Tests run: 2, Failures: 0, Errors: 0, Skipped: 0, Time elapsed: 0.011 sec - in org.apache.flink.spargel.java.SpargelTranslationTest

Results :

Tests run: 4, Failures: 0, Errors: 0, Skipped: 0

[INFO]                                                                         
[INFO] ------------------------------------------------------------------------
[INFO] Building flink-hadoop-compatibility 0.10-SNAPSHOT
[INFO] ------------------------------------------------------------------------
[INFO] 
[INFO] --- maven-checkstyle-plugin:2.16:check (validate) @ flink-hadoop-compatibility ---
[INFO] 
[INFO] --- maven-enforcer-plugin:1.3.1:enforce (enforce-maven) @ flink-hadoop-compatibility ---
[INFO] 
[INFO] --- maven-remote-resources-plugin:1.5:process (default) @ flink-hadoop-compatibility ---
[INFO] 
[INFO] --- maven-resources-plugin:2.6:resources (default-resources) @ flink-hadoop-compatibility ---
[INFO] Using 'UTF-8' encoding to copy filtered resources.
[INFO] skip non existing resourceDirectory /space/parallel/flink/flink9/dataset/flink/FLINK-2802_88a977689aeec67a2e67eb0a1449abef407ed6ec/flink-staging/flink-hadoop-compatibility/src/main/resources
[INFO] Copying 3 resources
[INFO] 
[INFO] --- maven-compiler-plugin:3.1:compile (default-compile) @ flink-hadoop-compatibility ---
[INFO] Nothing to compile - all classes are up to date
[INFO] 
[INFO] --- maven-resources-plugin:2.6:testResources (default-testResources) @ flink-hadoop-compatibility ---
[INFO] Using 'UTF-8' encoding to copy filtered resources.
[INFO] Copying 2 resources
[INFO] Copying 3 resources
[INFO] 
[INFO] --- maven-compiler-plugin:3.1:testCompile (default-testCompile) @ flink-hadoop-compatibility ---
[INFO] Nothing to compile - all classes are up to date
[INFO] 
[INFO] --- maven-surefire-plugin:2.18.1:test (default-test) @ flink-hadoop-compatibility ---
[INFO] Surefire report directory: /space/parallel/flink/flink9/dataset/flink/FLINK-2802_88a977689aeec67a2e67eb0a1449abef407ed6ec/flink-staging/flink-hadoop-compatibility/target/surefire-reports

-------------------------------------------------------
 T E S T S
-------------------------------------------------------
Running org.apache.flink.test.hadoopcompatibility.mapred.wrapper.HadoopTupleUnwrappingIteratorTest
Tests run: 1, Failures: 0, Errors: 0, Skipped: 0, Time elapsed: 0.146 sec - in org.apache.flink.test.hadoopcompatibility.mapred.wrapper.HadoopTupleUnwrappingIteratorTest

Results :

Tests run: 1, Failures: 0, Errors: 0, Skipped: 0

[INFO]                                                                         
[INFO] ------------------------------------------------------------------------
[INFO] Building flink-streaming 0.10-SNAPSHOT
[INFO] ------------------------------------------------------------------------
[INFO] 
[INFO] --- maven-checkstyle-plugin:2.16:check (validate) @ flink-streaming-parent ---
[INFO] 
[INFO] --- maven-enforcer-plugin:1.3.1:enforce (enforce-maven) @ flink-streaming-parent ---
[INFO] 
[INFO] --- maven-remote-resources-plugin:1.5:process (default) @ flink-streaming-parent ---
[INFO]                                                                         
[INFO] ------------------------------------------------------------------------
[INFO] Building flink-streaming-core 0.10-SNAPSHOT
[INFO] ------------------------------------------------------------------------
[INFO] 
[INFO] --- maven-checkstyle-plugin:2.16:check (validate) @ flink-streaming-core ---
[INFO] 
[INFO] --- maven-enforcer-plugin:1.3.1:enforce (enforce-maven) @ flink-streaming-core ---
[INFO] 
[INFO] --- maven-remote-resources-plugin:1.5:process (default) @ flink-streaming-core ---
[INFO] 
[INFO] --- maven-resources-plugin:2.6:resources (default-resources) @ flink-streaming-core ---
[INFO] Using 'UTF-8' encoding to copy filtered resources.
[INFO] skip non existing resourceDirectory /space/parallel/flink/flink9/dataset/flink/FLINK-2802_88a977689aeec67a2e67eb0a1449abef407ed6ec/flink-staging/flink-streaming/flink-streaming-core/src/main/resources
[INFO] Copying 3 resources
[INFO] 
[INFO] --- maven-compiler-plugin:3.1:compile (default-compile) @ flink-streaming-core ---
[INFO] Changes detected - recompiling the module!
[INFO] Compiling 305 source files to /space/parallel/flink/flink9/dataset/flink/FLINK-2802_88a977689aeec67a2e67eb0a1449abef407ed6ec/flink-staging/flink-streaming/flink-streaming-core/target/classes
[WARNING] /space/parallel/flink/flink9/dataset/flink/FLINK-2802_88a977689aeec67a2e67eb0a1449abef407ed6ec/flink-staging/flink-streaming/flink-streaming-core/src/main/java/org/apache/flink/streaming/api/datastream/DataStream.java:[180,53] Possible heap pollution from parameterized vararg type org.apache.flink.streaming.api.datastream.DataStream<T>
[WARNING] /space/parallel/flink/flink9/dataset/flink/FLINK-2802_88a977689aeec67a2e67eb0a1449abef407ed6ec/flink-staging/flink-streaming/flink-streaming-core/src/main/java/org/apache/flink/streaming/api/datastream/KeyedDataStream.java:[83,79] unchecked cast
  required: org.apache.flink.streaming.api.transformations.OneInputTransformation<T,R>
  found:    org.apache.flink.streaming.api.transformations.StreamTransformation<R>
[WARNING] /space/parallel/flink/flink9/dataset/flink/FLINK-2802_88a977689aeec67a2e67eb0a1449abef407ed6ec/flink-staging/flink-streaming/flink-streaming-core/src/main/java/org/apache/flink/streaming/api/windowing/StreamWindow.java:[204,68] Possible heap pollution from parameterized vararg type org.apache.flink.streaming.api.windowing.StreamWindow<R>
[WARNING] /space/parallel/flink/flink9/dataset/flink/FLINK-2802_88a977689aeec67a2e67eb0a1449abef407ed6ec/flink-staging/flink-streaming/flink-streaming-core/src/main/java/org/apache/flink/streaming/api/windowing/StreamWindow.java:[269,61] Possible heap pollution from parameterized vararg type R
[WARNING] /space/parallel/flink/flink9/dataset/flink/FLINK-2802_88a977689aeec67a2e67eb0a1449abef407ed6ec/flink-staging/flink-streaming/flink-streaming-core/src/main/java/org/apache/flink/streaming/api/collector/selector/BroadcastOutputSelectorWrapper.java:[40,60] unchecked cast
  required: org.apache.flink.util.Collector<org.apache.flink.streaming.runtime.streamrecord.StreamRecord<OUT>>
  found:    org.apache.flink.util.Collector
[WARNING] /space/parallel/flink/flink9/dataset/flink/FLINK-2802_88a977689aeec67a2e67eb0a1449abef407ed6ec/flink-staging/flink-streaming/flink-streaming-core/src/main/java/org/apache/flink/streaming/api/windowing/policy/MultiTriggerPolicy.java:[52,58] Possible heap pollution from parameterized vararg type org.apache.flink.streaming.api.windowing.policy.TriggerPolicy<DATA>
[WARNING] /space/parallel/flink/flink9/dataset/flink/FLINK-2802_88a977689aeec67a2e67eb0a1449abef407ed6ec/flink-staging/flink-streaming/flink-streaming-core/src/main/java/org/apache/flink/streaming/api/environment/StreamPlanEnvironment.java:[42,56] DEFAULT_PARALLELISM_KEY_OLD in org.apache.flink.configuration.ConfigConstants has been deprecated
[WARNING] /space/parallel/flink/flink9/dataset/flink/FLINK-2802_88a977689aeec67a2e67eb0a1449abef407ed6ec/flink-staging/flink-streaming/flink-streaming-core/src/main/java/org/apache/flink/streaming/runtime/operators/windowing/EvictingNonKeyedWindowOperator.java:[75,49] unchecked conversion
  required: java.lang.Iterable<org.apache.flink.streaming.runtime.streamrecord.StreamRecord<capture#1 of ? super IN>>
  found:    java.lang.Iterable
[WARNING] /space/parallel/flink/flink9/dataset/flink/FLINK-2802_88a977689aeec67a2e67eb0a1449abef407ed6ec/flink-staging/flink-streaming/flink-streaming-core/src/main/java/org/apache/flink/streaming/runtime/operators/windowing/EvictingWindowOperator.java:[85,49] unchecked conversion
  required: java.lang.Iterable<org.apache.flink.streaming.runtime.streamrecord.StreamRecord<capture#2 of ? super IN>>
  found:    java.lang.Iterable
[WARNING] /space/parallel/flink/flink9/dataset/flink/FLINK-2802_88a977689aeec67a2e67eb0a1449abef407ed6ec/flink-staging/flink-streaming/flink-streaming-core/src/main/java/org/apache/flink/streaming/util/FieldAccessor.java:[125,107] unchecked conversion
  required: java.lang.Class<X>
  found:    java.lang.Class
[WARNING] /space/parallel/flink/flink9/dataset/flink/FLINK-2802_88a977689aeec67a2e67eb0a1449abef407ed6ec/flink-staging/flink-streaming/flink-streaming-core/src/main/java/org/apache/flink/streaming/util/FieldAccessor.java:[125,66] unchecked method invocation: method getInfoFor in class org.apache.flink.api.common.typeinfo.BasicTypeInfo is applied to given types
  required: java.lang.Class<X>
  found: java.lang.Class
[WARNING] /space/parallel/flink/flink9/dataset/flink/FLINK-2802_88a977689aeec67a2e67eb0a1449abef407ed6ec/flink-staging/flink-streaming/flink-streaming-core/src/main/java/org/apache/flink/streaming/api/environment/StreamContextEnvironment.java:[60,56] DEFAULT_PARALLELISM_KEY_OLD in org.apache.flink.configuration.ConfigConstants has been deprecated
[WARNING] /space/parallel/flink/flink9/dataset/flink/FLINK-2802_88a977689aeec67a2e67eb0a1449abef407ed6ec/flink-staging/flink-streaming/flink-streaming-core/src/main/java/org/apache/flink/streaming/api/windowing/policy/CloneableMultiTriggerPolicy.java:[47,76] Possible heap pollution from parameterized vararg type org.apache.flink.streaming.api.windowing.policy.CloneableTriggerPolicy<DATA>
[WARNING] /space/parallel/flink/flink9/dataset/flink/FLINK-2802_88a977689aeec67a2e67eb0a1449abef407ed6ec/flink-staging/flink-streaming/flink-streaming-core/src/main/java/org/apache/flink/streaming/api/windowing/policy/MultiEvictionPolicy.java:[76,60] Possible heap pollution from parameterized vararg type org.apache.flink.streaming.api.windowing.policy.EvictionPolicy<DATA>
[WARNING] /space/parallel/flink/flink9/dataset/flink/FLINK-2802_88a977689aeec67a2e67eb0a1449abef407ed6ec/flink-staging/flink-streaming/flink-streaming-core/src/main/java/org/apache/flink/streaming/api/windowing/policy/MultiEvictionPolicy.java:[91,53] Possible heap pollution from parameterized vararg type org.apache.flink.streaming.api.windowing.policy.EvictionPolicy<DATA>
[WARNING] /space/parallel/flink/flink9/dataset/flink/FLINK-2802_88a977689aeec67a2e67eb0a1449abef407ed6ec/flink-staging/flink-streaming/flink-streaming-core/src/main/java/org/apache/flink/streaming/runtime/io/CollectorWrapper.java:[44,32] unchecked conversion
  required: org.apache.flink.streaming.api.operators.Output<OUT>
  found:    org.apache.flink.streaming.api.operators.Output
[WARNING] /space/parallel/flink/flink9/dataset/flink/FLINK-2802_88a977689aeec67a2e67eb0a1449abef407ed6ec/flink-staging/flink-streaming/flink-streaming-core/src/main/java/org/apache/flink/streaming/api/collector/selector/DirectedOutputSelectorWrapper.java:[57,77] unchecked cast
  required: org.apache.flink.util.Collector<org.apache.flink.streaming.runtime.streamrecord.StreamRecord<OUT>>
  found:    org.apache.flink.util.Collector
[WARNING] /space/parallel/flink/flink9/dataset/flink/FLINK-2802_88a977689aeec67a2e67eb0a1449abef407ed6ec/flink-staging/flink-streaming/flink-streaming-core/src/main/java/org/apache/flink/streaming/api/collector/selector/DirectedOutputSelectorWrapper.java:[63,104] unchecked cast
  required: org.apache.flink.util.Collector<org.apache.flink.streaming.runtime.streamrecord.StreamRecord<OUT>>
  found:    org.apache.flink.util.Collector
[WARNING] /space/parallel/flink/flink9/dataset/flink/FLINK-2802_88a977689aeec67a2e67eb0a1449abef407ed6ec/flink-staging/flink-streaming/flink-streaming-core/src/main/java/org/apache/flink/streaming/api/collector/selector/DirectedOutputSelectorWrapper.java:[66,112] unchecked cast
  required: org.apache.flink.util.Collector<org.apache.flink.streaming.runtime.streamrecord.StreamRecord<OUT>>
  found:    org.apache.flink.util.Collector
[WARNING] /space/parallel/flink/flink9/dataset/flink/FLINK-2802_88a977689aeec67a2e67eb0a1449abef407ed6ec/flink-staging/flink-streaming/flink-streaming-core/src/main/java/org/apache/flink/streaming/api/functions/source/FromElementsFunction.java:[66,55] Possible heap pollution from parameterized vararg type T
[WARNING] /space/parallel/flink/flink9/dataset/flink/FLINK-2802_88a977689aeec67a2e67eb0a1449abef407ed6ec/flink-staging/flink-streaming/flink-streaming-core/src/main/java/org/apache/flink/streaming/api/windowing/policy/CloneableMultiEvictionPolicy.java:[53,78] Possible heap pollution from parameterized vararg type org.apache.flink.streaming.api.windowing.policy.CloneableEvictionPolicy<DATA>
[WARNING] /space/parallel/flink/flink9/dataset/flink/FLINK-2802_88a977689aeec67a2e67eb0a1449abef407ed6ec/flink-staging/flink-streaming/flink-streaming-core/src/main/java/org/apache/flink/streaming/api/windowing/policy/CloneableMultiEvictionPolicy.java:[68,62] Possible heap pollution from parameterized vararg type org.apache.flink.streaming.api.windowing.policy.CloneableEvictionPolicy<DATA>
[INFO] 
[INFO] --- maven-resources-plugin:2.6:testResources (default-testResources) @ flink-streaming-core ---
[INFO] Using 'UTF-8' encoding to copy filtered resources.
[INFO] Copying 3 resources
[INFO] Copying 3 resources
[INFO] 
[INFO] --- maven-compiler-plugin:3.1:testCompile (default-testCompile) @ flink-streaming-core ---
[INFO] Changes detected - recompiling the module!
[INFO] Compiling 143 source files to /space/parallel/flink/flink9/dataset/flink/FLINK-2802_88a977689aeec67a2e67eb0a1449abef407ed6ec/flink-staging/flink-streaming/flink-streaming-core/target/test-classes
[WARNING] /space/parallel/flink/flink9/dataset/flink/FLINK-2802_88a977689aeec67a2e67eb0a1449abef407ed6ec/flink-staging/flink-streaming/flink-streaming-core/src/test/java/org/apache/flink/streaming/api/graph/StreamGraphGeneratorTest.java:[112,79] unchecked generic array creation for varargs parameter of type org.apache.flink.streaming.api.datastream.DataStream<java.lang.Integer>[]
[WARNING] /space/parallel/flink/flink9/dataset/flink/FLINK-2802_88a977689aeec67a2e67eb0a1449abef407ed6ec/flink-staging/flink-streaming/flink-streaming-core/src/test/java/org/apache/flink/streaming/api/graph/StreamGraphGeneratorTest.java:[112,91] unchecked generic array creation for varargs parameter of type org.apache.flink.streaming.api.datastream.DataStream<java.lang.Integer>[]
[WARNING] /space/parallel/flink/flink9/dataset/flink/FLINK-2802_88a977689aeec67a2e67eb0a1449abef407ed6ec/flink-staging/flink-streaming/flink-streaming-core/src/test/java/org/apache/flink/streaming/api/graph/StreamGraphGeneratorTest.java:[165,79] unchecked generic array creation for varargs parameter of type org.apache.flink.streaming.api.datastream.DataStream<java.lang.Integer>[]
[WARNING] /space/parallel/flink/flink9/dataset/flink/FLINK-2802_88a977689aeec67a2e67eb0a1449abef407ed6ec/flink-staging/flink-streaming/flink-streaming-core/src/test/java/org/apache/flink/streaming/api/graph/StreamGraphGeneratorTest.java:[165,91] unchecked generic array creation for varargs parameter of type org.apache.flink.streaming.api.datastream.DataStream<java.lang.Integer>[]
[WARNING] /space/parallel/flink/flink9/dataset/flink/FLINK-2802_88a977689aeec67a2e67eb0a1449abef407ed6ec/flink-staging/flink-streaming/flink-streaming-core/src/test/java/org/apache/flink/streaming/api/graph/StreamGraphGeneratorTest.java:[256,40] unchecked conversion
  required: org.apache.flink.streaming.runtime.streamrecord.StreamRecord<java.lang.Integer>
  found:    org.apache.flink.streaming.runtime.streamrecord.StreamRecord
[WARNING] /space/parallel/flink/flink9/dataset/flink/FLINK-2802_88a977689aeec67a2e67eb0a1449abef407ed6ec/flink-staging/flink-streaming/flink-streaming-core/src/test/java/org/apache/flink/streaming/api/graph/StreamGraphGeneratorTest.java:[261,40] unchecked conversion
  required: org.apache.flink.streaming.runtime.streamrecord.StreamRecord<java.lang.Integer>
  found:    org.apache.flink.streaming.runtime.streamrecord.StreamRecord
[WARNING] /space/parallel/flink/flink9/dataset/flink/FLINK-2802_88a977689aeec67a2e67eb0a1449abef407ed6ec/flink-staging/flink-streaming/flink-streaming-core/src/test/java/org/apache/flink/streaming/runtime/operators/windowing/NonKeyedWindowOperatorTest.java:[399,64] unchecked call to Factory(org.apache.flink.api.common.functions.ReduceFunction<T>) as a member of the raw type org.apache.flink.streaming.runtime.operators.windowing.buffers.PreAggregatingHeapWindowBuffer.Factory
[WARNING] /space/parallel/flink/flink9/dataset/flink/FLINK-2802_88a977689aeec67a2e67eb0a1449abef407ed6ec/flink-staging/flink-streaming/flink-streaming-core/src/test/java/org/apache/flink/streaming/runtime/operators/windowing/NonParallelWindowDataStreamTranslationTest.java:[68,203] unchecked cast
  required: org.apache.flink.streaming.api.transformations.OneInputTransformation<org.apache.flink.api.java.tuple.Tuple2<java.lang.String,java.lang.Integer>,org.apache.flink.api.java.tuple.Tuple2<java.lang.String,java.lang.Integer>>
  found:    org.apache.flink.streaming.api.transformations.StreamTransformation<org.apache.flink.api.java.tuple.Tuple2<java.lang.String,java.lang.Integer>>
[WARNING] /space/parallel/flink/flink9/dataset/flink/FLINK-2802_88a977689aeec67a2e67eb0a1449abef407ed6ec/flink-staging/flink-streaming/flink-streaming-core/src/test/java/org/apache/flink/streaming/runtime/operators/windowing/NonParallelWindowDataStreamTranslationTest.java:[86,203] unchecked cast
  required: org.apache.flink.streaming.api.transformations.OneInputTransformation<org.apache.flink.api.java.tuple.Tuple2<java.lang.String,java.lang.Integer>,org.apache.flink.api.java.tuple.Tuple2<java.lang.String,java.lang.Integer>>
  found:    org.apache.flink.streaming.api.transformations.StreamTransformation<org.apache.flink.api.java.tuple.Tuple2<java.lang.String,java.lang.Integer>>
[WARNING] /space/parallel/flink/flink9/dataset/flink/FLINK-2802_88a977689aeec67a2e67eb0a1449abef407ed6ec/flink-staging/flink-streaming/flink-streaming-core/src/test/java/org/apache/flink/streaming/runtime/operators/windowing/NonParallelWindowDataStreamTranslationTest.java:[105,203] unchecked cast
  required: org.apache.flink.streaming.api.transformations.OneInputTransformation<org.apache.flink.api.java.tuple.Tuple2<java.lang.String,java.lang.Integer>,org.apache.flink.api.java.tuple.Tuple2<java.lang.String,java.lang.Integer>>
  found:    org.apache.flink.streaming.api.transformations.StreamTransformation<org.apache.flink.api.java.tuple.Tuple2<java.lang.String,java.lang.Integer>>
[WARNING] /space/parallel/flink/flink9/dataset/flink/FLINK-2802_88a977689aeec67a2e67eb0a1449abef407ed6ec/flink-staging/flink-streaming/flink-streaming-core/src/test/java/org/apache/flink/streaming/runtime/operators/windowing/NonParallelWindowDataStreamTranslationTest.java:[128,203] unchecked cast
  required: org.apache.flink.streaming.api.transformations.OneInputTransformation<org.apache.flink.api.java.tuple.Tuple2<java.lang.String,java.lang.Integer>,org.apache.flink.api.java.tuple.Tuple2<java.lang.String,java.lang.Integer>>
  found:    org.apache.flink.streaming.api.transformations.StreamTransformation<org.apache.flink.api.java.tuple.Tuple2<java.lang.String,java.lang.Integer>>
[WARNING] /space/parallel/flink/flink9/dataset/flink/FLINK-2802_88a977689aeec67a2e67eb0a1449abef407ed6ec/flink-staging/flink-streaming/flink-streaming-core/src/test/java/org/apache/flink/streaming/runtime/operators/windowing/NonParallelWindowDataStreamTranslationTest.java:[151,203] unchecked cast
  required: org.apache.flink.streaming.api.transformations.OneInputTransformation<org.apache.flink.api.java.tuple.Tuple2<java.lang.String,java.lang.Integer>,org.apache.flink.api.java.tuple.Tuple2<java.lang.String,java.lang.Integer>>
  found:    org.apache.flink.streaming.api.transformations.StreamTransformation<org.apache.flink.api.java.tuple.Tuple2<java.lang.String,java.lang.Integer>>
[WARNING] /space/parallel/flink/flink9/dataset/flink/FLINK-2802_88a977689aeec67a2e67eb0a1449abef407ed6ec/flink-staging/flink-streaming/flink-streaming-core/src/test/java/org/apache/flink/streaming/runtime/operators/windowing/NonParallelWindowDataStreamTranslationTest.java:[176,203] unchecked cast
  required: org.apache.flink.streaming.api.transformations.OneInputTransformation<org.apache.flink.api.java.tuple.Tuple2<java.lang.String,java.lang.Integer>,org.apache.flink.api.java.tuple.Tuple2<java.lang.String,java.lang.Integer>>
  found:    org.apache.flink.streaming.api.transformations.StreamTransformation<org.apache.flink.api.java.tuple.Tuple2<java.lang.String,java.lang.Integer>>
[WARNING] /space/parallel/flink/flink9/dataset/flink/FLINK-2802_88a977689aeec67a2e67eb0a1449abef407ed6ec/flink-staging/flink-streaming/flink-streaming-core/src/test/java/org/apache/flink/streaming/timestamp/TimestampITCase.java:[117,30] unchecked generic array creation for varargs parameter of type org.apache.flink.streaming.api.datastream.DataStream<java.lang.Integer>[]
[WARNING] /space/parallel/flink/flink9/dataset/flink/FLINK-2802_88a977689aeec67a2e67eb0a1449abef407ed6ec/flink-staging/flink-streaming/flink-streaming-core/src/test/java/org/apache/flink/streaming/runtime/operators/windowing/WindowOperatorTest.java:[424,64] unchecked call to Factory(org.apache.flink.api.common.functions.ReduceFunction<T>) as a member of the raw type org.apache.flink.streaming.runtime.operators.windowing.buffers.PreAggregatingHeapWindowBuffer.Factory
[WARNING] /space/parallel/flink/flink9/dataset/flink/FLINK-2802_88a977689aeec67a2e67eb0a1449abef407ed6ec/flink-staging/flink-streaming/flink-streaming-core/src/test/java/org/apache/flink/streaming/api/StreamExecutionEnvironmentTest.java:[131,68] unchecked cast
  required: org.apache.flink.streaming.api.functions.source.SourceFunction<T>
  found:    capture#1 of ?
[WARNING] /space/parallel/flink/flink9/dataset/flink/FLINK-2802_88a977689aeec67a2e67eb0a1449abef407ed6ec/flink-staging/flink-streaming/flink-streaming-core/src/test/java/org/apache/flink/streaming/runtime/operators/windowing/WindowTranslationTest.java:[66,203] unchecked cast
  required: org.apache.flink.streaming.api.transformations.OneInputTransformation<org.apache.flink.api.java.tuple.Tuple2<java.lang.String,java.lang.Integer>,org.apache.flink.api.java.tuple.Tuple2<java.lang.String,java.lang.Integer>>
  found:    org.apache.flink.streaming.api.transformations.StreamTransformation<org.apache.flink.api.java.tuple.Tuple2<java.lang.String,java.lang.Integer>>
[WARNING] /space/parallel/flink/flink9/dataset/flink/FLINK-2802_88a977689aeec67a2e67eb0a1449abef407ed6ec/flink-staging/flink-streaming/flink-streaming-core/src/test/java/org/apache/flink/streaming/runtime/operators/windowing/WindowTranslationTest.java:[85,203] unchecked cast
  required: org.apache.flink.streaming.api.transformations.OneInputTransformation<org.apache.flink.api.java.tuple.Tuple2<java.lang.String,java.lang.Integer>,org.apache.flink.api.java.tuple.Tuple2<java.lang.String,java.lang.Integer>>
  found:    org.apache.flink.streaming.api.transformations.StreamTransformation<org.apache.flink.api.java.tuple.Tuple2<java.lang.String,java.lang.Integer>>
[WARNING] /space/parallel/flink/flink9/dataset/flink/FLINK-2802_88a977689aeec67a2e67eb0a1449abef407ed6ec/flink-staging/flink-streaming/flink-streaming-core/src/test/java/org/apache/flink/streaming/runtime/operators/windowing/WindowTranslationTest.java:[105,203] unchecked cast
  required: org.apache.flink.streaming.api.transformations.OneInputTransformation<org.apache.flink.api.java.tuple.Tuple2<java.lang.String,java.lang.Integer>,org.apache.flink.api.java.tuple.Tuple2<java.lang.String,java.lang.Integer>>
  found:    org.apache.flink.streaming.api.transformations.StreamTransformation<org.apache.flink.api.java.tuple.Tuple2<java.lang.String,java.lang.Integer>>
[WARNING] /space/parallel/flink/flink9/dataset/flink/FLINK-2802_88a977689aeec67a2e67eb0a1449abef407ed6ec/flink-staging/flink-streaming/flink-streaming-core/src/test/java/org/apache/flink/streaming/runtime/operators/windowing/WindowTranslationTest.java:[129,203] unchecked cast
  required: org.apache.flink.streaming.api.transformations.OneInputTransformation<org.apache.flink.api.java.tuple.Tuple2<java.lang.String,java.lang.Integer>,org.apache.flink.api.java.tuple.Tuple2<java.lang.String,java.lang.Integer>>
  found:    org.apache.flink.streaming.api.transformations.StreamTransformation<org.apache.flink.api.java.tuple.Tuple2<java.lang.String,java.lang.Integer>>
[WARNING] /space/parallel/flink/flink9/dataset/flink/FLINK-2802_88a977689aeec67a2e67eb0a1449abef407ed6ec/flink-staging/flink-streaming/flink-streaming-core/src/test/java/org/apache/flink/streaming/runtime/operators/windowing/WindowTranslationTest.java:[153,203] unchecked cast
  required: org.apache.flink.streaming.api.transformations.OneInputTransformation<org.apache.flink.api.java.tuple.Tuple2<java.lang.String,java.lang.Integer>,org.apache.flink.api.java.tuple.Tuple2<java.lang.String,java.lang.Integer>>
  found:    org.apache.flink.streaming.api.transformations.StreamTransformation<org.apache.flink.api.java.tuple.Tuple2<java.lang.String,java.lang.Integer>>
[WARNING] /space/parallel/flink/flink9/dataset/flink/FLINK-2802_88a977689aeec67a2e67eb0a1449abef407ed6ec/flink-staging/flink-streaming/flink-streaming-core/src/test/java/org/apache/flink/streaming/runtime/operators/windowing/WindowTranslationTest.java:[179,203] unchecked cast
  required: org.apache.flink.streaming.api.transformations.OneInputTransformation<org.apache.flink.api.java.tuple.Tuple2<java.lang.String,java.lang.Integer>,org.apache.flink.api.java.tuple.Tuple2<java.lang.String,java.lang.Integer>>
  found:    org.apache.flink.streaming.api.transformations.StreamTransformation<org.apache.flink.api.java.tuple.Tuple2<java.lang.String,java.lang.Integer>>
[WARNING] /space/parallel/flink/flink9/dataset/flink/FLINK-2802_88a977689aeec67a2e67eb0a1449abef407ed6ec/flink-staging/flink-streaming/flink-streaming-core/src/test/java/org/apache/flink/streaming/runtime/operators/windowing/TimeWindowTranslationTest.java:[63,203] unchecked cast
  required: org.apache.flink.streaming.api.transformations.OneInputTransformation<org.apache.flink.api.java.tuple.Tuple2<java.lang.String,java.lang.Integer>,org.apache.flink.api.java.tuple.Tuple2<java.lang.String,java.lang.Integer>>
  found:    org.apache.flink.streaming.api.transformations.StreamTransformation<org.apache.flink.api.java.tuple.Tuple2<java.lang.String,java.lang.Integer>>
[WARNING] /space/parallel/flink/flink9/dataset/flink/FLINK-2802_88a977689aeec67a2e67eb0a1449abef407ed6ec/flink-staging/flink-streaming/flink-streaming-core/src/test/java/org/apache/flink/streaming/runtime/operators/windowing/TimeWindowTranslationTest.java:[82,203] unchecked cast
  required: org.apache.flink.streaming.api.transformations.OneInputTransformation<org.apache.flink.api.java.tuple.Tuple2<java.lang.String,java.lang.Integer>,org.apache.flink.api.java.tuple.Tuple2<java.lang.String,java.lang.Integer>>
  found:    org.apache.flink.streaming.api.transformations.StreamTransformation<org.apache.flink.api.java.tuple.Tuple2<java.lang.String,java.lang.Integer>>
[WARNING] /space/parallel/flink/flink9/dataset/flink/FLINK-2802_88a977689aeec67a2e67eb0a1449abef407ed6ec/flink-staging/flink-streaming/flink-streaming-core/src/test/java/org/apache/flink/streaming/runtime/operators/windowing/TimeWindowTranslationTest.java:[107,203] unchecked cast
  required: org.apache.flink.streaming.api.transformations.OneInputTransformation<org.apache.flink.api.java.tuple.Tuple2<java.lang.String,java.lang.Integer>,org.apache.flink.api.java.tuple.Tuple2<java.lang.String,java.lang.Integer>>
  found:    org.apache.flink.streaming.api.transformations.StreamTransformation<org.apache.flink.api.java.tuple.Tuple2<java.lang.String,java.lang.Integer>>
[WARNING] /space/parallel/flink/flink9/dataset/flink/FLINK-2802_88a977689aeec67a2e67eb0a1449abef407ed6ec/flink-staging/flink-streaming/flink-streaming-core/src/test/java/org/apache/flink/streaming/runtime/operators/windowing/TimeWindowTranslationTest.java:[125,203] unchecked cast
  required: org.apache.flink.streaming.api.transformations.OneInputTransformation<org.apache.flink.api.java.tuple.Tuple2<java.lang.String,java.lang.Integer>,org.apache.flink.api.java.tuple.Tuple2<java.lang.String,java.lang.Integer>>
  found:    org.apache.flink.streaming.api.transformations.StreamTransformation<org.apache.flink.api.java.tuple.Tuple2<java.lang.String,java.lang.Integer>>
[WARNING] /space/parallel/flink/flink9/dataset/flink/FLINK-2802_88a977689aeec67a2e67eb0a1449abef407ed6ec/flink-staging/flink-streaming/flink-streaming-core/src/test/java/org/apache/flink/streaming/api/DataStreamTest.java:[435,39] unchecked generic array creation for varargs parameter of type org.apache.flink.streaming.api.datastream.DataStream<java.lang.Integer>[]
[WARNING] /space/parallel/flink/flink9/dataset/flink/FLINK-2802_88a977689aeec67a2e67eb0a1449abef407ed6ec/flink-staging/flink-streaming/flink-streaming-core/src/test/java/org/apache/flink/streaming/api/DataStreamTest.java:[610,66] unchecked call to <OUT>map(org.apache.flink.streaming.api.functions.co.CoMapFunction<IN1,IN2,OUT>) as a member of the raw type org.apache.flink.streaming.api.datastream.ConnectedDataStream
[WARNING] /space/parallel/flink/flink9/dataset/flink/FLINK-2802_88a977689aeec67a2e67eb0a1449abef407ed6ec/flink-staging/flink-streaming/flink-streaming-core/src/test/java/org/apache/flink/streaming/api/DataStreamTest.java:[621,30] unchecked call to addSink(org.apache.flink.streaming.api.functions.sink.SinkFunction<T>) as a member of the raw type org.apache.flink.streaming.api.datastream.DataStream
[INFO] 
[INFO] --- maven-surefire-plugin:2.18.1:test (default-test) @ flink-streaming-core ---
[INFO] Surefire report directory: /space/parallel/flink/flink9/dataset/flink/FLINK-2802_88a977689aeec67a2e67eb0a1449abef407ed6ec/flink-staging/flink-streaming/flink-streaming-core/target/surefire-reports

-------------------------------------------------------
 T E S T S
-------------------------------------------------------
Running org.apache.flink.streaming.api.operators.windowing.WindowReducerTest
Running org.apache.flink.streaming.api.operators.co.CoStreamFlatMapTest
Running org.apache.flink.streaming.api.functions.PrintSinkFunctionTest
Running org.apache.flink.streaming.api.functions.source.SocketTextStreamFunctionTest
Running org.apache.flink.streaming.api.operators.windowing.WindowPartitionerTest
Running org.apache.flink.streaming.api.operators.co.CoStreamMapTest
Running org.apache.flink.streaming.api.operators.windowing.GroupedStreamDiscretizerTest
Running org.apache.flink.streaming.api.operators.StreamCounterTest
Running org.apache.flink.streaming.api.operators.windowing.WindowMapperTest
Tests run: 1, Failures: 0, Errors: 0, Skipped: 0, Time elapsed: 0.797 sec - in org.apache.flink.streaming.api.operators.windowing.WindowReducerTest
Running org.apache.flink.streaming.api.operators.StreamFlatMapTest
Tests run: 2, Failures: 0, Errors: 0, Skipped: 0, Time elapsed: 0.826 sec - in org.apache.flink.streaming.api.operators.co.CoStreamFlatMapTest
Running org.apache.flink.streaming.api.operators.windowing.WindowFolderTest
Running org.apache.flink.streaming.api.operators.StreamGroupedReduceTest
Running org.apache.flink.streaming.api.operators.windowing.StreamDiscretizerTest
Running org.apache.flink.streaming.api.operators.StreamProjectTest
Running org.apache.flink.streaming.api.operators.windowing.WindowMergerTest
Running org.apache.flink.streaming.api.operators.StreamMapTest
Running org.apache.flink.streaming.api.operators.co.SelfConnectionTest
Running org.apache.flink.streaming.api.operators.StreamGroupedFoldTest
Running org.apache.flink.streaming.api.operators.StreamFilterTest
Tests run: 1, Failures: 0, Errors: 0, Skipped: 0, Time elapsed: 1.153 sec - in org.apache.flink.streaming.api.operators.windowing.WindowPartitionerTest
Tests run: 5, Failures: 0, Errors: 0, Skipped: 0, Time elapsed: 1.316 sec - in org.apache.flink.streaming.api.functions.source.SocketTextStreamFunctionTest
Tests run: 3, Failures: 0, Errors: 0, Skipped: 0, Time elapsed: 1.472 sec - in org.apache.flink.streaming.api.functions.PrintSinkFunctionTest
Tests run: 1, Failures: 0, Errors: 0, Skipped: 0, Time elapsed: 0.81 sec - in org.apache.flink.streaming.api.operators.windowing.WindowFolderTest
Running org.apache.flink.streaming.api.streamtask.StreamVertexTest
Running org.apache.flink.streaming.api.operators.windowing.WindowFlattenerTest
Tests run: 2, Failures: 0, Errors: 0, Skipped: 0, Time elapsed: 1.503 sec - in org.apache.flink.streaming.api.operators.co.CoStreamMapTest
Running org.apache.flink.streaming.api.functions.FromElementsFunctionTest
Tests run: 2, Failures: 0, Errors: 0, Skipped: 0, Time elapsed: 1.06 sec - in org.apache.flink.streaming.api.operators.StreamGroupedReduceTest
Tests run: 1, Failures: 0, Errors: 0, Skipped: 0, Time elapsed: 1.513 sec - in org.apache.flink.streaming.api.operators.windowing.GroupedStreamDiscretizerTest
Tests run: 1, Failures: 0, Errors: 0, Skipped: 0, Time elapsed: 1.369 sec - in org.apache.flink.streaming.api.operators.windowing.WindowMapperTest
Running org.apache.flink.streaming.api.operators.windowing.ParallelMergeTest
Running org.apache.flink.streaming.api.functions.sink.SocketClientSinkTest
Tests run: 1, Failures: 0, Errors: 0, Skipped: 0, Time elapsed: 1.712 sec - in org.apache.flink.streaming.api.operators.StreamCounterTest
Tests run: 2, Failures: 0, Errors: 0, Skipped: 0, Time elapsed: 1.475 sec - in org.apache.flink.streaming.api.operators.StreamFlatMapTest
Tests run: 2, Failures: 0, Errors: 0, Skipped: 0, Time elapsed: 0.296 sec - in org.apache.flink.streaming.api.operators.windowing.ParallelMergeTest
Tests run: 1, Failures: 0, Errors: 0, Skipped: 0, Time elapsed: 1.355 sec - in org.apache.flink.streaming.api.operators.windowing.WindowMergerTest
Tests run: 2, Failures: 0, Errors: 0, Skipped: 0, Time elapsed: 1.527 sec - in org.apache.flink.streaming.api.operators.StreamMapTest
Tests run: 2, Failures: 0, Errors: 0, Skipped: 0, Time elapsed: 1.944 sec - in org.apache.flink.streaming.api.operators.windowing.StreamDiscretizerTest
Tests run: 2, Failures: 0, Errors: 0, Skipped: 0, Time elapsed: 1.564 sec - in org.apache.flink.streaming.api.operators.StreamFilterTest
Running org.apache.flink.streaming.api.DataStreamTest
Running org.apache.flink.streaming.api.AggregationFunctionTest
Running org.apache.flink.streaming.api.OutputSplitterTest
Tests run: 2, Failures: 0, Errors: 0, Skipped: 0, Time elapsed: 1.913 sec - in org.apache.flink.streaming.api.operators.StreamGroupedFoldTest
Tests run: 4, Failures: 0, Errors: 0, Skipped: 0, Time elapsed: 1.131 sec - in org.apache.flink.streaming.api.functions.sink.SocketClientSinkTest
Running org.apache.flink.streaming.api.IterateTest
Tests run: 1, Failures: 0, Errors: 0, Skipped: 0, Time elapsed: 1.921 sec - in org.apache.flink.streaming.api.operators.windowing.WindowFlattenerTest
Running org.apache.flink.streaming.api.complex.ComplexIntegrationTest
Running org.apache.flink.streaming.api.state.StateHandleTest
Running org.apache.flink.streaming.api.ChainedRuntimeContextTest
Running org.apache.flink.streaming.api.CoStreamTest
Running org.apache.flink.streaming.api.graph.StreamingJobGraphGeneratorTest
Running org.apache.flink.streaming.api.graph.StreamGraphGeneratorTest
Running org.apache.flink.streaming.api.state.StatefulOperatorTest
Running org.apache.flink.streaming.api.StreamExecutionEnvironmentTest
Running org.apache.flink.streaming.api.TypeFillTest
Running org.apache.flink.streaming.api.WindowCrossJoinTest
Running org.apache.flink.streaming.api.graph.SlotAllocationTest
Tests run: 2, Failures: 0, Errors: 0, Skipped: 0, Time elapsed: 1.036 sec - in org.apache.flink.streaming.api.state.StateHandleTest
Running org.apache.flink.streaming.api.windowing.windowbuffer.SlidingTimePreReducerTest
Tests run: 5, Failures: 0, Errors: 0, Skipped: 0, Time elapsed: 3.079 sec - in org.apache.flink.streaming.api.functions.FromElementsFunctionTest
Running org.apache.flink.streaming.api.PartitionerTest
Running org.apache.flink.streaming.api.SourceFunctionTest
Tests run: 4, Failures: 0, Errors: 0, Skipped: 0, Time elapsed: 2.6 sec - in org.apache.flink.streaming.api.AggregationFunctionTest
Running org.apache.flink.streaming.api.streamtask.StreamIterationHeadTest
Tests run: 4, Failures: 0, Errors: 0, Skipped: 0, Time elapsed: 1.222 sec - in org.apache.flink.streaming.api.windowing.windowbuffer.SlidingTimePreReducerTest
Running org.apache.flink.streaming.api.windowing.windowbuffer.BasicWindowBufferTest
Tests run: 1, Failures: 0, Errors: 0, Skipped: 0, Time elapsed: 0.125 sec - in org.apache.flink.streaming.api.windowing.windowbuffer.BasicWindowBufferTest
Tests run: 4, Failures: 0, Errors: 0, Skipped: 0, Time elapsed: 1.686 sec - in org.apache.flink.streaming.api.SourceFunctionTest
Running org.apache.flink.streaming.api.windowing.windowbuffer.TumblingGroupedPreReducerTest
Running org.apache.flink.streaming.api.windowing.windowbuffer.SlidingTimeGroupedPreReducerTest
Running org.apache.flink.streaming.api.windowing.windowbuffer.SlidingCountPreReducerTest
Tests run: 2, Failures: 0, Errors: 0, Skipped: 0, Time elapsed: 0.699 sec - in org.apache.flink.streaming.api.windowing.windowbuffer.TumblingGroupedPreReducerTest
Running org.apache.flink.streaming.api.windowing.windowbuffer.JumpingCountGroupedPreReducerTest
Running org.apache.flink.streaming.api.windowing.windowbuffer.SlidingCountGroupedPreReducerTest
Tests run: 4, Failures: 0, Errors: 0, Skipped: 0, Time elapsed: 1.327 sec - in org.apache.flink.streaming.api.windowing.windowbuffer.SlidingCountPreReducerTest
Running org.apache.flink.streaming.api.windowing.windowbuffer.JumpingTimePreReducerTest
Tests run: 4, Failures: 0, Errors: 0, Skipped: 0, Time elapsed: 0.744 sec - in org.apache.flink.streaming.api.windowing.windowbuffer.SlidingCountGroupedPreReducerTest
Tests run: 2, Failures: 0, Errors: 0, Skipped: 0, Time elapsed: 8.17 sec - in org.apache.flink.streaming.api.operators.StreamProjectTest
Tests run: 4, Failures: 0, Errors: 0, Skipped: 0, Time elapsed: 1.653 sec - in org.apache.flink.streaming.api.windowing.windowbuffer.SlidingTimeGroupedPreReducerTest
Tests run: 2, Failures: 0, Errors: 0, Skipped: 0, Time elapsed: 1.226 sec - in org.apache.flink.streaming.api.windowing.windowbuffer.JumpingCountGroupedPreReducerTest
Running org.apache.flink.streaming.api.windowing.windowbuffer.TumblingPreReducerTest
Tests run: 1, Failures: 0, Errors: 0, Skipped: 0, Time elapsed: 0.923 sec - in org.apache.flink.streaming.api.windowing.windowbuffer.JumpingTimePreReducerTest
Running org.apache.flink.streaming.api.windowing.StreamWindowTest
Tests run: 4, Failures: 0, Errors: 0, Skipped: 0, Time elapsed: 0.294 sec - in org.apache.flink.streaming.api.windowing.StreamWindowTest
Tests run: 1, Failures: 0, Errors: 0, Skipped: 0, Time elapsed: 1.268 sec - in org.apache.flink.streaming.api.windowing.windowbuffer.TumblingPreReducerTest
Running org.apache.flink.streaming.api.windowing.windowbuffer.JumpingCountPreReducerTest
Running org.apache.flink.streaming.api.windowing.deltafunction.CosineDistanceTest
Tests run: 1, Failures: 0, Errors: 0, Skipped: 0, Time elapsed: 0.061 sec - in org.apache.flink.streaming.api.windowing.deltafunction.CosineDistanceTest
Tests run: 1, Failures: 0, Errors: 0, Skipped: 0, Time elapsed: 1.346 sec - in org.apache.flink.streaming.api.windowing.windowbuffer.JumpingCountPreReducerTest
Running org.apache.flink.streaming.api.windowing.StreamWindowTypeInfoTest
Running org.apache.flink.streaming.api.windowing.deltafunction.EuclideanDistanceTest
Tests run: 1, Failures: 0, Errors: 0, Skipped: 0, Time elapsed: 0.191 sec - in org.apache.flink.streaming.api.windowing.deltafunction.EuclideanDistanceTest
Running org.apache.flink.streaming.api.windowing.extractor.FieldFromTupleTest
Tests run: 1, Failures: 0, Errors: 0, Skipped: 0, Time elapsed: 0.167 sec - in org.apache.flink.streaming.api.windowing.extractor.FieldFromTupleTest
Tests run: 2, Failures: 0, Errors: 0, Skipped: 0, Time elapsed: 0.981 sec - in org.apache.flink.streaming.api.windowing.StreamWindowTypeInfoTest
Running org.apache.flink.streaming.api.windowing.extractor.FieldsFromTupleTest
Running org.apache.flink.streaming.api.windowing.extractor.FieldsFromArrayTest
Tests run: 1, Failures: 1, Errors: 0, Skipped: 0, Time elapsed: 7.699 sec <<< FAILURE! - in org.apache.flink.streaming.api.streamtask.StreamIterationHeadTest
testIterationHeadWatermarkEmission(org.apache.flink.streaming.api.streamtask.StreamIterationHeadTest)  Time elapsed: 5.765 sec  <<< FAILURE!
java.lang.AssertionError: expected:<1> but was:<0>
	at org.junit.Assert.fail(Assert.java:88)
	at org.junit.Assert.failNotEquals(Assert.java:743)
	at org.junit.Assert.assertEquals(Assert.java:118)
	at org.junit.Assert.assertEquals(Assert.java:555)
	at org.junit.Assert.assertEquals(Assert.java:542)
	at org.apache.flink.streaming.api.streamtask.StreamIterationHeadTest.testIterationHeadWatermarkEmission(StreamIterationHeadTest.java:47)

Running org.apache.flink.streaming.api.windowing.extractor.ConcatenatedExtractTest
Tests run: 3, Failures: 0, Errors: 0, Skipped: 0, Time elapsed: 0.17 sec - in org.apache.flink.streaming.api.windowing.extractor.FieldsFromArrayTest
Tests run: 1, Failures: 0, Errors: 0, Skipped: 0, Time elapsed: 0.347 sec - in org.apache.flink.streaming.api.windowing.extractor.FieldsFromTupleTest
Tests run: 2, Failures: 0, Errors: 0, Skipped: 0, Time elapsed: 0.206 sec - in org.apache.flink.streaming.api.windowing.extractor.ConcatenatedExtractTest
Running org.apache.flink.streaming.api.windowing.extractor.ArrayFromTupleTest
Tests run: 3, Failures: 0, Errors: 0, Skipped: 0, Time elapsed: 12.833 sec - in org.apache.flink.streaming.api.streamtask.StreamVertexTest
Tests run: 2, Failures: 0, Errors: 0, Skipped: 0, Time elapsed: 0.308 sec - in org.apache.flink.streaming.api.windowing.extractor.ArrayFromTupleTest
Tests run: 2, Failures: 0, Errors: 0, Skipped: 0, Time elapsed: 10.041 sec - in org.apache.flink.streaming.api.StreamExecutionEnvironmentTest
Tests run: 1, Failures: 0, Errors: 0, Skipped: 0, Time elapsed: 10.746 sec - in org.apache.flink.streaming.api.graph.StreamingJobGraphGeneratorTest
Tests run: 3, Failures: 0, Errors: 0, Skipped: 0, Time elapsed: 14.004 sec - in org.apache.flink.streaming.api.operators.co.SelfConnectionTest
Running org.apache.flink.streaming.api.windowing.policy.PunctuationPolicyTest
Tests run: 5, Failures: 0, Errors: 0, Skipped: 0, Time elapsed: 0.303 sec - in org.apache.flink.streaming.api.windowing.policy.PunctuationPolicyTest
Running org.apache.flink.streaming.api.windowing.extractor.FieldFromArrayTest
Running org.apache.flink.streaming.api.windowing.policy.MultiEvictionPolicyTest
Tests run: 8, Failures: 0, Errors: 0, Skipped: 0, Time elapsed: 0.079 sec - in org.apache.flink.streaming.api.windowing.policy.MultiEvictionPolicyTest
Tests run: 3, Failures: 0, Errors: 0, Skipped: 0, Time elapsed: 0.144 sec - in org.apache.flink.streaming.api.windowing.extractor.FieldFromArrayTest
Running org.apache.flink.streaming.api.windowing.policy.CountTriggerPolicyTest
Tests run: 3, Failures: 0, Errors: 0, Skipped: 0, Time elapsed: 0.041 sec - in org.apache.flink.streaming.api.windowing.policy.CountTriggerPolicyTest
Tests run: 4, Failures: 0, Errors: 0, Skipped: 0, Time elapsed: 12.037 sec - in org.apache.flink.streaming.api.graph.StreamGraphGeneratorTest
Running org.apache.flink.streaming.api.windowing.policy.TimeTriggerPolicyTest
Tests run: 3, Failures: 0, Errors: 0, Skipped: 0, Time elapsed: 0.096 sec - in org.apache.flink.streaming.api.windowing.policy.TimeTriggerPolicyTest
Tests run: 3, Failures: 0, Errors: 0, Skipped: 0, Time elapsed: 11.644 sec - in org.apache.flink.streaming.api.PartitionerTest
Tests run: 2, Failures: 0, Errors: 0, Skipped: 0, Time elapsed: 12.322 sec - in org.apache.flink.streaming.api.state.StatefulOperatorTest
Running org.apache.flink.streaming.api.windowing.policy.CountEvictionPolicyTest
Running org.apache.flink.streaming.api.windowing.policy.MultiTriggerPolicyTest
Tests run: 1, Failures: 0, Errors: 0, Skipped: 0, Time elapsed: 12.108 sec - in org.apache.flink.streaming.api.WindowCrossJoinTest
Running org.apache.flink.streaming.api.windowing.policy.TumblingEvictionPolicyTest
Tests run: 1, Failures: 0, Errors: 0, Skipped: 0, Time elapsed: 0.072 sec - in org.apache.flink.streaming.api.windowing.policy.TumblingEvictionPolicyTest
Tests run: 1, Failures: 0, Errors: 0, Skipped: 0, Time elapsed: 13.22 sec - in org.apache.flink.streaming.api.ChainedRuntimeContextTest
Tests run: 3, Failures: 0, Errors: 0, Skipped: 0, Time elapsed: 0.234 sec - in org.apache.flink.streaming.api.windowing.policy.CountEvictionPolicyTest
Tests run: 3, Failures: 0, Errors: 0, Skipped: 0, Time elapsed: 0.313 sec - in org.apache.flink.streaming.api.windowing.policy.MultiTriggerPolicyTest
Running org.apache.flink.streaming.api.windowing.policy.DeltaPolicyTest
Tests run: 7, Failures: 0, Errors: 0, Skipped: 0, Time elapsed: 14.44 sec - in org.apache.flink.streaming.api.DataStreamTest
Running org.apache.flink.streaming.api.windowing.policy.TimeEvictionPolicyTest
Tests run: 2, Failures: 0, Errors: 0, Skipped: 0, Time elapsed: 0.201 sec - in org.apache.flink.streaming.api.windowing.policy.DeltaPolicyTest
Tests run: 2, Failures: 0, Errors: 0, Skipped: 0, Time elapsed: 0.143 sec - in org.apache.flink.streaming.api.windowing.policy.TimeEvictionPolicyTest
Running org.apache.flink.streaming.util.FieldAccessorTest
Tests run: 1, Failures: 0, Errors: 0, Skipped: 0, Time elapsed: 13.149 sec - in org.apache.flink.streaming.api.graph.SlotAllocationTest
Tests run: 2, Failures: 0, Errors: 0, Skipped: 0, Time elapsed: 0.23 sec - in org.apache.flink.streaming.util.FieldAccessorTest
Running org.apache.flink.streaming.util.keys.ArrayKeySelectorTest
Running org.apache.flink.streaming.util.TypeInformationSerializationSchemaTest
Running org.apache.flink.streaming.api.collector.OutputSelectorTest
Tests run: 2, Failures: 0, Errors: 0, Skipped: 0, Time elapsed: 0.135 sec - in org.apache.flink.streaming.util.keys.ArrayKeySelectorTest
Running org.apache.flink.streaming.graph.TranslationTest
Tests run: 1, Failures: 0, Errors: 0, Skipped: 0, Time elapsed: 14.313 sec - in org.apache.flink.streaming.api.CoStreamTest
Tests run: 1, Failures: 0, Errors: 0, Skipped: 0, Time elapsed: 0.399 sec - in org.apache.flink.streaming.api.collector.OutputSelectorTest
Running org.apache.flink.streaming.runtime.operators.windowing.AggregatingAlignedProcessingTimeWindowOperatorTest
Running org.apache.flink.streaming.runtime.operators.windowing.KeyMapPutIfAbsentTest
Tests run: 1, Failures: 0, Errors: 0, Skipped: 0, Time elapsed: 14.273 sec - in org.apache.flink.streaming.api.TypeFillTest
Tests run: 2, Failures: 0, Errors: 0, Skipped: 0, Time elapsed: 16.062 sec - in org.apache.flink.streaming.api.OutputSplitterTest
Running org.apache.flink.streaming.runtime.operators.windowing.EvictingNonKeyedWindowOperatorTest
Running org.apache.flink.streaming.runtime.operators.windowing.NonParallelWindowDataStreamTranslationTest
Running org.apache.flink.streaming.api.collector.DirectedOutputTest
Running org.apache.flink.streaming.runtime.operators.windowing.AccumulatingAlignedProcessingTimeWindowOperatorTest
Running org.apache.flink.streaming.runtime.operators.windowing.EvictingWindowOperatorTest
Running org.apache.flink.streaming.runtime.operators.windowing.WindowOperatorTest
Running org.apache.flink.streaming.runtime.operators.windowing.KeyMapTest
Running org.apache.flink.streaming.runtime.operators.windowing.WindowTranslationTest
Running org.apache.flink.streaming.runtime.operators.windowing.TimeWindowTranslationTest
Tests run: 1, Failures: 0, Errors: 0, Skipped: 0, Time elapsed: 1.094 sec - in org.apache.flink.streaming.runtime.operators.windowing.EvictingNonKeyedWindowOperatorTest
Running org.apache.flink.streaming.runtime.operators.windowing.KeyMapPutTest
Running org.apache.flink.streaming.runtime.partitioner.GlobalPartitionerTest
Running org.apache.flink.streaming.runtime.streamrecord.StreamRecordSerializerTest
Running org.apache.flink.streaming.runtime.operators.windowing.NonKeyedWindowOperatorTest
Running org.apache.flink.streaming.runtime.partitioner.RebalancePartitionerTest
Tests run: 2, Failures: 0, Errors: 0, Skipped: 0, Time elapsed: 0.048 sec - in org.apache.flink.streaming.runtime.partitioner.RebalancePartitionerTest
Tests run: 1, Failures: 0, Errors: 0, Skipped: 0, Time elapsed: 0.178 sec - in org.apache.flink.streaming.runtime.partitioner.GlobalPartitionerTest
Running org.apache.flink.streaming.runtime.partitioner.HashPartitionerTest
Running org.apache.flink.streaming.runtime.partitioner.ShufflePartitionerTest
Tests run: 2, Failures: 0, Errors: 0, Skipped: 0, Time elapsed: 0.079 sec - in org.apache.flink.streaming.runtime.partitioner.ShufflePartitionerTest
Running org.apache.flink.streaming.runtime.partitioner.ForwardPartitionerTest
Tests run: 2, Failures: 0, Errors: 0, Skipped: 0, Time elapsed: 0.371 sec - in org.apache.flink.streaming.runtime.partitioner.HashPartitionerTest
Tests run: 2, Failures: 0, Errors: 0, Skipped: 0, Time elapsed: 0.079 sec - in org.apache.flink.streaming.runtime.partitioner.ForwardPartitionerTest
Running org.apache.flink.streaming.runtime.partitioner.BroadcastPartitionerTest
Tests run: 1, Failures: 0, Errors: 0, Skipped: 0, Time elapsed: 0.124 sec - in org.apache.flink.streaming.runtime.partitioner.BroadcastPartitionerTest
Tests run: 8, Failures: 0, Errors: 0, Skipped: 0, Time elapsed: 2.411 sec - in org.apache.flink.streaming.runtime.operators.windowing.WindowOperatorTest
Tests run: 1, Failures: 0, Errors: 0, Skipped: 0, Time elapsed: 2.506 sec - in org.apache.flink.streaming.runtime.operators.windowing.EvictingWindowOperatorTest
Tests run: 8, Failures: 0, Errors: 0, Skipped: 0, Time elapsed: 2.554 sec - in org.apache.flink.streaming.runtime.operators.windowing.NonKeyedWindowOperatorTest
Tests run: 2, Failures: 0, Errors: 0, Skipped: 0, Time elapsed: 2.668 sec - in org.apache.flink.streaming.runtime.streamrecord.StreamRecordSerializerTest
Tests run: 2, Failures: 0, Errors: 0, Skipped: 0, Time elapsed: 5.394 sec - in org.apache.flink.streaming.util.TypeInformationSerializationSchemaTest
Running org.apache.flink.streaming.runtime.io.BarrierBufferTest
Running org.apache.flink.streaming.runtime.io.BufferSpillerTest
Tests run: 9, Failures: 0, Errors: 0, Skipped: 0, Time elapsed: 5.488 sec - in org.apache.flink.streaming.runtime.operators.windowing.AggregatingAlignedProcessingTimeWindowOperatorTest
Running org.apache.flink.streaming.runtime.io.BarrierTrackerTest
Tests run: 12, Failures: 0, Errors: 0, Skipped: 0, Time elapsed: 0.779 sec - in org.apache.flink.streaming.runtime.io.BarrierBufferTest
Tests run: 7, Failures: 0, Errors: 0, Skipped: 0, Time elapsed: 0.15 sec - in org.apache.flink.streaming.runtime.io.BarrierTrackerTest
Running org.apache.flink.streaming.runtime.io.SpilledBufferOrEventSequenceTest
Running org.apache.flink.streaming.runtime.io.BarrierBufferMassiveRandomTest
Running org.apache.flink.streaming.runtime.operators.StreamTaskTimerTest
Tests run: 9, Failures: 0, Errors: 0, Skipped: 0, Time elapsed: 6.245 sec - in org.apache.flink.streaming.runtime.operators.windowing.AccumulatingAlignedProcessingTimeWindowOperatorTest
Tests run: 1, Failures: 0, Errors: 0, Skipped: 0, Time elapsed: 7.82 sec - in org.apache.flink.streaming.graph.TranslationTest
Running org.apache.flink.streaming.runtime.tasks.SourceStreamTaskTest
Tests run: 3, Failures: 0, Errors: 0, Skipped: 1, Time elapsed: 7.948 sec - in org.apache.flink.streaming.runtime.operators.windowing.NonParallelWindowDataStreamTranslationTest
Running org.apache.flink.streaming.runtime.io.StreamRecordWriterTest
Running org.apache.flink.streaming.runtime.tasks.TwoInputStreamTaskTest
Running org.apache.flink.streaming.runtime.tasks.OneInputStreamTaskTest
Tests run: 3, Failures: 0, Errors: 0, Skipped: 0, Time elapsed: 9.206 sec - in org.apache.flink.streaming.runtime.operators.windowing.WindowTranslationTest
Tests run: 2, Failures: 0, Errors: 0, Skipped: 1, Time elapsed: 9.272 sec - in org.apache.flink.streaming.runtime.operators.windowing.TimeWindowTranslationTest
Tests run: 14, Failures: 0, Errors: 0, Skipped: 0, Time elapsed: 25.889 sec - in org.apache.flink.streaming.api.IterateTest
Tests run: 8, Failures: 0, Errors: 0, Skipped: 0, Time elapsed: 4.917 sec - in org.apache.flink.streaming.runtime.io.SpilledBufferOrEventSequenceTest
Tests run: 1, Failures: 0, Errors: 0, Skipped: 0, Time elapsed: 10.971 sec - in org.apache.flink.streaming.api.collector.DirectedOutputTest
Tests run: 1, Failures: 0, Errors: 0, Skipped: 0, Time elapsed: 4.729 sec - in org.apache.flink.streaming.runtime.io.StreamRecordWriterTest
Tests run: 2, Failures: 0, Errors: 0, Skipped: 0, Time elapsed: 5.663 sec - in org.apache.flink.streaming.runtime.tasks.SourceStreamTaskTest
Tests run: 3, Failures: 0, Errors: 0, Skipped: 0, Time elapsed: 9.23 sec - in org.apache.flink.streaming.runtime.io.BufferSpillerTest
Tests run: 2, Failures: 0, Errors: 0, Skipped: 0, Time elapsed: 7.411 sec - in org.apache.flink.streaming.runtime.operators.StreamTaskTimerTest
Tests run: 2, Failures: 0, Errors: 0, Skipped: 0, Time elapsed: 13.54 sec - in org.apache.flink.streaming.runtime.operators.windowing.KeyMapPutTest
Tests run: 2, Failures: 0, Errors: 0, Skipped: 0, Time elapsed: 14.912 sec - in org.apache.flink.streaming.runtime.operators.windowing.KeyMapPutIfAbsentTest
Tests run: 4, Failures: 0, Errors: 0, Skipped: 0, Time elapsed: 6.907 sec - in org.apache.flink.streaming.runtime.tasks.TwoInputStreamTaskTest
Tests run: 4, Failures: 0, Errors: 0, Skipped: 0, Time elapsed: 6.864 sec - in org.apache.flink.streaming.runtime.tasks.OneInputStreamTaskTest
Tests run: 4, Failures: 0, Errors: 0, Skipped: 0, Time elapsed: 15.667 sec - in org.apache.flink.streaming.runtime.operators.windowing.KeyMapTest
Tests run: 6, Failures: 0, Errors: 0, Skipped: 1, Time elapsed: 34.793 sec - in org.apache.flink.streaming.api.complex.ComplexIntegrationTest
Tests run: 1, Failures: 0, Errors: 0, Skipped: 0, Time elapsed: 26.873 sec - in org.apache.flink.streaming.runtime.io.BarrierBufferMassiveRandomTest

Results :

Failed tests: 
  StreamIterationHeadTest.testIterationHeadWatermarkEmission:47 expected:<1> but was:<0>

Tests run: 299, Failures: 1, Errors: 0, Skipped: 3

[INFO] ------------------------------------------------------------------------
[INFO] Reactor Summary:
[INFO] 
[INFO] flink-staging ...................................... SUCCESS [  2.416 s]
[INFO] flink-avro ......................................... SUCCESS [ 16.580 s]
[INFO] flink-jdbc ......................................... SUCCESS [  2.829 s]
[INFO] flink-spargel ...................................... SUCCESS [  1.660 s]
[INFO] flink-hadoop-compatibility ......................... SUCCESS [  1.123 s]
[INFO] flink-streaming .................................... SUCCESS [  0.125 s]
[INFO] flink-streaming-core ............................... FAILURE [01:01 min]
[INFO] flink-streaming-scala .............................. SKIPPED
[INFO] flink-streaming-connectors ......................... SKIPPED
[INFO] flink-connector-twitter ............................ SKIPPED
[INFO] flink-streaming-examples ........................... SKIPPED
[INFO] flink-connector-flume .............................. SKIPPED
[INFO] flink-connector-kafka .............................. SKIPPED
[INFO] flink-connector-elasticsearch ...................... SKIPPED
[INFO] flink-connector-rabbitmq ........................... SKIPPED
[INFO] flink-connector-filesystem ......................... SKIPPED
[INFO] flink-hbase ........................................ SKIPPED
[INFO] flink-gelly ........................................ SKIPPED
[INFO] flink-hcatalog ..................................... SKIPPED
[INFO] flink-table ........................................ SKIPPED
[INFO] flink-ml ........................................... SKIPPED
[INFO] flink-language-binding ............................. SKIPPED
[INFO] flink-language-binding-generic ..................... SKIPPED
[INFO] flink-python ....................................... SKIPPED
[INFO] flink-gelly-scala .................................. SKIPPED
[INFO] flink-fs-tests ..................................... SKIPPED
[INFO] flink-scala-shell .................................. SKIPPED
[INFO] ------------------------------------------------------------------------
[INFO] BUILD FAILURE
[INFO] ------------------------------------------------------------------------
[INFO] Total time: 01:26 min
[INFO] Finished at: 2016-07-14T21:00:01-07:00
[INFO] Final Memory: 55M/2423M
[INFO] ------------------------------------------------------------------------
[ERROR] Failed to execute goal org.apache.maven.plugins:maven-surefire-plugin:2.18.1:test (default-test) on project flink-streaming-core: There are test failures.
[ERROR] 
[ERROR] Please refer to /space/parallel/flink/flink9/dataset/flink/FLINK-2802_88a977689aeec67a2e67eb0a1449abef407ed6ec/flink-staging/flink-streaming/flink-streaming-core/target/surefire-reports for the individual test results.
[ERROR] -> [Help 1]
[ERROR] 
[ERROR] To see the full stack trace of the errors, re-run Maven with the -e switch.
[ERROR] Re-run Maven using the -X switch to enable full debug logging.
[ERROR] 
[ERROR] For more information about the errors and possible solutions, please read the following articles:
[ERROR] [Help 1] http://cwiki.apache.org/confluence/display/MAVEN/MojoFailureException
[ERROR] 
[ERROR] After correcting the problems, you can resume the build with the command
[ERROR]   mvn <goals> -rf :flink-streaming-core
