[INFO] Scanning for projects...
[INFO]                                                                         
[INFO] ------------------------------------------------------------------------
[INFO] Building Apache Log4J Core 2.0-beta4-SNAPSHOT
[INFO] ------------------------------------------------------------------------
[INFO] 
[INFO] --- maven-remote-resources-plugin:1.1:process (default) @ log4j-core ---
[INFO] Setting property: classpath.resource.loader.class => 'org.codehaus.plexus.velocity.ContextClassLoaderResourceLoader'.
[INFO] Setting property: velocimacro.messages.on => 'false'.
[INFO] Setting property: resource.loader => 'classpath'.
[INFO] Setting property: resource.manager.logwhenfound => 'false'.
[INFO] 
[INFO] --- maven-resources-plugin:2.5:resources (default-resources) @ log4j-core ---
[debug] execute contextualize
[INFO] Using 'UTF-8' encoding to copy filtered resources.
[INFO] Copying 2 resources
[INFO] Copying 3 resources
[INFO] 
[INFO] --- maven-compiler-plugin:2.3.2:compile (default-compile) @ log4j-core ---
[INFO] Compiling 17 source files to /home/ylyu/parallel/log4j2/log4j29/dataset/logging-log4j2/LOG4J2-143_1461f1f65b84407145cf0e2e62fcffbf2c9e5be6/core/target/classes
[INFO] 
[INFO] >>> exec-maven-plugin:1.2.1:java (default) > validate @ log4j-core >>>
[INFO] 
[INFO] <<< exec-maven-plugin:1.2.1:java (default) < validate @ log4j-core <<<
[INFO] 
[INFO] --- exec-maven-plugin:1.2.1:java (default) @ log4j-core ---
[INFO] 
[INFO] --- maven-bundle-plugin:2.3.7:manifest (bundle-manifest) @ log4j-core ---
[INFO] 
[INFO] --- maven-resources-plugin:2.5:testResources (default-testResources) @ log4j-core ---
[debug] execute contextualize
[INFO] Using 'UTF-8' encoding to copy filtered resources.
[INFO] Copying 57 resources
[INFO] Copying 3 resources
[INFO] 
[INFO] --- maven-compiler-plugin:2.3.2:testCompile (default-testCompile) @ log4j-core ---
[INFO] Nothing to compile - all classes are up to date
[INFO] 
[INFO] --- maven-surefire-plugin:2.12.4:test (default-test) @ log4j-core ---
[INFO] Surefire report directory: /home/ylyu/parallel/log4j2/log4j29/dataset/logging-log4j2/LOG4J2-143_1461f1f65b84407145cf0e2e62fcffbf2c9e5be6/core/target/surefire-reports

-------------------------------------------------------
 T E S T S
-------------------------------------------------------

-------------------------------------------------------
 T E S T S
-------------------------------------------------------
Running org.apache.logging.log4j.core.lookup.StrSubstitutorTest
Tests run: 1, Failures: 0, Errors: 0, Skipped: 0, Time elapsed: 0.164 sec
Running org.apache.logging.log4j.core.lookup.ContextMapLookupTest
Tests run: 1, Failures: 0, Errors: 0, Skipped: 0, Time elapsed: 0.076 sec
Running org.apache.logging.log4j.core.lookup.InterpolatorTest
Tests run: 1, Failures: 0, Errors: 0, Skipped: 0, Time elapsed: 0.162 sec
Running org.apache.logging.log4j.core.lookup.DateLookupTest
Tests run: 1, Failures: 0, Errors: 0, Skipped: 0, Time elapsed: 0.086 sec
Running org.apache.logging.log4j.core.lookup.StructuredDataLookupTest
Tests run: 1, Failures: 0, Errors: 0, Skipped: 0, Time elapsed: 0.081 sec
Running org.apache.logging.log4j.core.lookup.EnvironmentLookupTest
Tests run: 1, Failures: 0, Errors: 0, Skipped: 0, Time elapsed: 0.048 sec
Running org.apache.logging.log4j.core.lookup.SystemPropertiesLookupTest
Tests run: 1, Failures: 0, Errors: 0, Skipped: 0, Time elapsed: 0.052 sec
Running org.apache.logging.log4j.core.BasicLoggingTest
15:55:59.366 [main] ERROR org.apache.logging.log4j.core.BasicLoggingTest - Test message
Tests run: 1, Failures: 0, Errors: 0, Skipped: 0, Time elapsed: 0.276 sec
Running org.apache.logging.log4j.core.filter.BurstFilterTest
Tests run: 1, Failures: 0, Errors: 0, Skipped: 0, Time elapsed: 7.167 sec
Running org.apache.logging.log4j.core.filter.MarkerFilterTest
Tests run: 1, Failures: 0, Errors: 0, Skipped: 0, Time elapsed: 0.082 sec
Running org.apache.logging.log4j.core.filter.RegexFilterTest
Tests run: 1, Failures: 0, Errors: 0, Skipped: 0, Time elapsed: 0.084 sec
Running org.apache.logging.log4j.core.filter.TimeFilterTest
Tests run: 1, Failures: 0, Errors: 0, Skipped: 0, Time elapsed: 0.093 sec
Running org.apache.logging.log4j.core.filter.ThresholdFilterTest
Tests run: 1, Failures: 0, Errors: 0, Skipped: 0, Time elapsed: 0.082 sec
Running org.apache.logging.log4j.core.filter.StructuredDataFilterTest
Tests run: 2, Failures: 0, Errors: 0, Skipped: 0, Time elapsed: 0.329 sec
Running org.apache.logging.log4j.core.filter.DynamicThresholdFilterTest
Tests run: 2, Failures: 0, Errors: 0, Skipped: 0, Time elapsed: 0.385 sec
Running org.apache.logging.log4j.core.filter.ThreadContextMapFilterTest
Tests run: 1, Failures: 0, Errors: 0, Skipped: 0, Time elapsed: 0.08 sec
Running org.apache.logging.log4j.core.filter.MapFilterTest
Tests run: 2, Failures: 0, Errors: 0, Skipped: 0, Time elapsed: 0.393 sec
Running org.apache.logging.log4j.core.SimplePerfTest
Timer Setup stopped. Elapsed time: 0.118660550 seconds Average per iteration: 0.000000011 seconds
Timer DebugDisabled stopped. Elapsed time: 0.041267259 seconds Average per iteration: 0.000000004 seconds
Timer DebugDisabled stopped. Elapsed time: 0.047407565 seconds Average per iteration: 0.000000004 seconds
Timer DebugLogger stopped. Elapsed time: 0.036466858 seconds Average per iteration: 0.000000003 seconds
Tests run: 3, Failures: 0, Errors: 0, Skipped: 0, Time elapsed: 0.656 sec
Running org.apache.logging.log4j.core.FileConfigTest
Tests run: 1, Failures: 0, Errors: 0, Skipped: 0, Time elapsed: 6.4 sec
Running org.apache.logging.log4j.core.AppenderRefLevelTest
Tests run: 3, Failures: 0, Errors: 0, Skipped: 0, Time elapsed: 0.363 sec
Running org.apache.logging.log4j.core.ThreadedPerfTest
Timer DebugDisabled stopped. Elapsed time: 0.008430820 seconds Average per iteration: 0.000000000 seconds
Timer DebugLogger stopped. Elapsed time: 0.048287774 seconds Average per iteration: 0.000000000 seconds
Tests run: 2, Failures: 0, Errors: 0, Skipped: 0, Time elapsed: 0.334 sec
Running org.apache.logging.log4j.core.config.XMLLoggerPropsTest
Tests run: 1, Failures: 0, Errors: 0, Skipped: 0, Time elapsed: 0.338 sec
Running org.apache.logging.log4j.core.config.FileOutputTest
Tests run: 1, Failures: 0, Errors: 0, Skipped: 0, Time elapsed: 0.314 sec
Running org.apache.logging.log4j.core.config.TestConfigurator
2016-07-16 15:56:20,660 ERROR Unknown object "logger" of type org.apache.logging.log4j.core.config.LoggerConfig is ignored
2016-07-16 15:56:20,661 ERROR Unknown object "logger" of type org.apache.logging.log4j.core.config.LoggerConfig is ignored
2016-07-16 15:56:20,662 ERROR Unknown object "root" of type org.apache.logging.log4j.core.config.LoggerConfig is ignored
2016-07-16 15:56:20,663 WARN No Loggers were configured, using default. Is the Loggers element missing?
2016-07-16 15:56:20,691 ERROR KeyValuePair contains an invalid element or attribute "key1"
2016-07-16 15:56:20,692 ERROR A null key is not valid in MapFilter
2016-07-16 15:56:20,692 ERROR ThreadContextMapFilter is not configured with any valid key value pairs
2016-07-16 15:56:20,717 ERROR Console contains an invalid element or attribute "TypoLayout"
2016-07-16 15:56:20,733 ERROR FileManager (/VeryLongDirectoryNameaaaaaaaaaaAAAAAAAAAAbbbbbbbbbbBBBBBBBBBBccccccccccCCCCCCCCCCddddddddddDDDDDDDDDDeeeeeeeeeeEEEEEEEEEEffffffffffFFFFFFFFFFggggggggggGGGGGGGGGGhhhhhhhhhhHHHHHHHHHHiiiiiiiiiiIIIIIIIIIIjjjjjjjjjjJJJJJJJJJJkkkkkkkkkkKKKKKKKKKKllllllllllLLLLLLLLLLmmmmmmmmmmMMMMMMMMMM/test.log) java.io.FileNotFoundException: /VeryLongDirectoryNameaaaaaaaaaaAAAAAAAAAAbbbbbbbbbbBBBBBBBBBBccccccccccCCCCCCCCCCddddddddddDDDDDDDDDDeeeeeeeeeeEEEEEEEEEEffffffffffFFFFFFFFFFggggggggggGGGGGGGGGGhhhhhhhhhhHHHHHHHHHHiiiiiiiiiiIIIIIIIIIIjjjjjjjjjjJJJJJJJJJJkkkkkkkkkkKKKKKKKKKKllllllllllLLLLLLLLLLmmmmmmmmmmMMMMMMMMMM/test.log (File name too long)
2016-07-16 15:56:20,733 ERROR Unable to invoke method createAppender in class org.apache.logging.log4j.core.appender.FileAppender for element File java.lang.reflect.InvocationTargetException
	at sun.reflect.NativeMethodAccessorImpl.invoke0(Native Method)
	at sun.reflect.NativeMethodAccessorImpl.invoke(NativeMethodAccessorImpl.java:57)
	at sun.reflect.DelegatingMethodAccessorImpl.invoke(DelegatingMethodAccessorImpl.java:43)
	at java.lang.reflect.Method.invoke(Method.java:606)
	at org.apache.logging.log4j.core.config.BaseConfiguration.createPluginObject(BaseConfiguration.java:718)
	at org.apache.logging.log4j.core.config.BaseConfiguration.createConfiguration(BaseConfiguration.java:484)
	at org.apache.logging.log4j.core.config.BaseConfiguration.createConfiguration(BaseConfiguration.java:476)
	at org.apache.logging.log4j.core.config.BaseConfiguration.doConfigure(BaseConfiguration.java:161)
	at org.apache.logging.log4j.core.config.BaseConfiguration.start(BaseConfiguration.java:119)
	at org.apache.logging.log4j.core.LoggerContext.setConfiguration(LoggerContext.java:270)
	at org.apache.logging.log4j.core.config.Configurator.initialize(Configurator.java:62)
	at org.apache.logging.log4j.core.config.Configurator.initialize(Configurator.java:43)
	at org.apache.logging.log4j.core.config.TestConfigurator.testBadFileName(TestConfigurator.java:252)
	at sun.reflect.NativeMethodAccessorImpl.invoke0(Native Method)
	at sun.reflect.NativeMethodAccessorImpl.invoke(NativeMethodAccessorImpl.java:57)
	at sun.reflect.DelegatingMethodAccessorImpl.invoke(DelegatingMethodAccessorImpl.java:43)
	at java.lang.reflect.Method.invoke(Method.java:606)
	at org.junit.runners.model.FrameworkMethod$1.runReflectiveCall(FrameworkMethod.java:44)
	at org.junit.internal.runners.model.ReflectiveCallable.run(ReflectiveCallable.java:15)
	at org.junit.runners.model.FrameworkMethod.invokeExplosively(FrameworkMethod.java:41)
	at org.junit.internal.runners.statements.InvokeMethod.evaluate(InvokeMethod.java:20)
	at org.junit.runners.BlockJUnit4ClassRunner.runChild(BlockJUnit4ClassRunner.java:76)
	at org.junit.runners.BlockJUnit4ClassRunner.runChild(BlockJUnit4ClassRunner.java:50)
	at org.junit.runners.ParentRunner$3.run(ParentRunner.java:193)
	at org.junit.runners.ParentRunner$1.schedule(ParentRunner.java:52)
	at org.junit.runners.ParentRunner.runChildren(ParentRunner.java:191)
	at org.junit.runners.ParentRunner.access$000(ParentRunner.java:42)
	at org.junit.runners.ParentRunner$2.evaluate(ParentRunner.java:184)
	at org.junit.runners.ParentRunner.run(ParentRunner.java:236)
	at org.apache.maven.surefire.junit4.JUnit4Provider.execute(JUnit4Provider.java:252)
	at org.apache.maven.surefire.junit4.JUnit4Provider.executeTestSet(JUnit4Provider.java:141)
	at org.apache.maven.surefire.junit4.JUnit4Provider.invoke(JUnit4Provider.java:112)
	at sun.reflect.NativeMethodAccessorImpl.invoke0(Native Method)
	at sun.reflect.NativeMethodAccessorImpl.invoke(NativeMethodAccessorImpl.java:57)
	at sun.reflect.DelegatingMethodAccessorImpl.invoke(DelegatingMethodAccessorImpl.java:43)
	at java.lang.reflect.Method.invoke(Method.java:606)
	at org.apache.maven.surefire.util.ReflectionUtils.invokeMethodWithArray(ReflectionUtils.java:189)
	at org.apache.maven.surefire.booter.ProviderFactory$ProviderProxy.invoke(ProviderFactory.java:165)
	at org.apache.maven.surefire.booter.ProviderFactory.invokeProvider(ProviderFactory.java:85)
	at org.apache.maven.surefire.booter.ForkedBooter.runSuitesInProcess(ForkedBooter.java:115)
	at org.apache.maven.surefire.booter.ForkedBooter.main(ForkedBooter.java:75)
Caused by: java.lang.IllegalStateException: Unable to create a manager
	at org.apache.logging.log4j.core.appender.AbstractManager.getManager(AbstractManager.java:70)
	at org.apache.logging.log4j.core.appender.OutputStreamManager.getManager(OutputStreamManager.java:47)
	at org.apache.logging.log4j.core.appender.FileManager.getFileManager(FileManager.java:58)
	at org.apache.logging.log4j.core.appender.FileAppender.createAppender(FileAppender.java:99)
	... 41 more

2016-07-16 15:56:20,735 ERROR Null object returned for File in appenders
2016-07-16 15:56:20,740 ERROR Unable to locate appender File for logger org.apache.logging.log4j.test2
Tests run: 12, Failures: 0, Errors: 0, Skipped: 0, Time elapsed: 1.015 sec
Running org.apache.logging.log4j.core.config.XMLConfigurationTest
Tests run: 2, Failures: 0, Errors: 0, Skipped: 0, Time elapsed: 0.369 sec
Running org.apache.logging.log4j.core.config.XMLConfigurationPropsTest
2016-07-16 15:56:22,232 ERROR Invalid status specified: ${sys:log4j.level}. Defaulting to ERROR
2016-07-16 15:56:22,266 DEBUG Generated plugins in 0.000168736 seconds
2016-07-16 15:56:22,266 DEBUG Calling createLayout on class org.apache.logging.log4j.core.layout.PatternLayout for element PatternLayout with params(pattern="[%-5level] %msg%n", Configuration(DSI), null, charset="null")
2016-07-16 15:56:22,267 DEBUG Generated plugins in 0.000209245 seconds
2016-07-16 15:56:22,268 DEBUG Calling createAppender on class org.apache.logging.log4j.core.appender.ConsoleAppender for element Console with params(PatternLayout([%-5level] %msg%n), null, target="SYSTEM_OUT", name="Console", follow="null", suppressExceptions="null")
2016-07-16 15:56:22,268 DEBUG Calling createAppenders on class org.apache.logging.log4j.core.config.plugins.AppendersPlugin for element appenders with params(appenders={Console})
2016-07-16 15:56:22,269 DEBUG Generated plugins in 0.000193740 seconds
2016-07-16 15:56:22,270 DEBUG Calling createAppenderRef on class org.apache.logging.log4j.core.config.AppenderRef for element appender-ref with params(ref="Console", level="null", null)
2016-07-16 15:56:22,271 DEBUG Calling createLogger on class org.apache.logging.log4j.core.config.LoggerConfig$RootLogger for element root with params(additivity="null", level="${sys:log.level}", appender-ref={org.apache.logging.log4j.core.config.AppenderRef@7d1fa1ed}, properties={}, Configuration(DSI), null)
2016-07-16 15:56:22,271 DEBUG Calling createLoggers on class org.apache.logging.log4j.core.config.plugins.LoggersPlugin for element loggers with params(loggers={root})
2016-07-16 15:56:22,272 DEBUG Reconfiguration completed
2016-07-16 15:56:22,272 DEBUG Reconfiguration started for context Default
2016-07-16 15:56:22,273 DEBUG Generated plugins in 0.000202749 seconds
2016-07-16 15:56:22,275 DEBUG Generated plugins in 0.000172788 seconds
2016-07-16 15:56:22,276 DEBUG Calling createLayout on class org.apache.logging.log4j.core.layout.PatternLayout for element PatternLayout with params(pattern="[%-5level] %msg%n", Configuration(DSI), null, charset="null")
2016-07-16 15:56:22,276 DEBUG Generated plugins in 0.000170972 seconds
2016-07-16 15:56:22,277 DEBUG Calling createAppender on class org.apache.logging.log4j.core.appender.ConsoleAppender for element Console with params(PatternLayout([%-5level] %msg%n), null, target="SYSTEM_OUT", name="Console", follow="null", suppressExceptions="null")
2016-07-16 15:56:22,278 DEBUG Calling createAppenders on class org.apache.logging.log4j.core.config.plugins.AppendersPlugin for element appenders with params(appenders={Console})
2016-07-16 15:56:22,278 DEBUG Generated plugins in 0.000172228 seconds
2016-07-16 15:56:22,278 DEBUG Calling createAppenderRef on class org.apache.logging.log4j.core.config.AppenderRef for element appender-ref with params(ref="Console", level="null", null)
2016-07-16 15:56:22,279 DEBUG Calling createLogger on class org.apache.logging.log4j.core.config.LoggerConfig$RootLogger for element root with params(additivity="null", level="debug", appender-ref={org.apache.logging.log4j.core.config.AppenderRef@27c00ec8}, properties={}, Configuration(DSI), null)
2016-07-16 15:56:22,280 DEBUG Calling createLoggers on class org.apache.logging.log4j.core.config.plugins.LoggersPlugin for element loggers with params(loggers={root})
2016-07-16 15:56:22,280 DEBUG Reconfiguration completed
2016-07-16 15:56:22,280 DEBUG Reconfiguration started for context Default
2016-07-16 15:56:22,281 DEBUG Generated plugins in 0.000178305 seconds
2016-07-16 15:56:22,322 DEBUG Generated plugins in 0.000096172 seconds
2016-07-16 15:56:22,323 DEBUG Generated plugins in 0.000104762 seconds
2016-07-16 15:56:22,323 DEBUG Reconfiguration completed
Tests run: 3, Failures: 0, Errors: 0, Skipped: 0, Time elapsed: 0.37 sec
Running org.apache.logging.log4j.core.ThreadedTest
Counter = 100
Tests run: 1, Failures: 0, Errors: 0, Skipped: 0, Time elapsed: 0.606 sec
Running org.apache.logging.log4j.core.net.SocketServerTest
Tests run: 1, Failures: 0, Errors: 0, Skipped: 0, Time elapsed: 0.387 sec
Running org.apache.logging.log4j.core.net.JMSQueueTest
Tests run: 1, Failures: 0, Errors: 0, Skipped: 0, Time elapsed: 0.586 sec
Running org.apache.logging.log4j.core.net.JMSQueueFailoverTest
2016-07-16 15:56:25,358 ERROR An exception occurred processing Appender Log4j2Queue org.apache.logging.log4j.core.appender.AppenderRuntimeException: javax.naming.NameNotFoundException: Name Log4j2Queue not found. 
	at org.apache.logging.log4j.core.appender.JMSQueueAppender.append(JMSQueueAppender.java:52)
	at org.apache.logging.log4j.core.config.AppenderControl.callAppender(AppenderControl.java:98)
	at org.apache.logging.log4j.core.appender.rewrite.RewriteAppender.append(RewriteAppender.java:83)
	at org.apache.logging.log4j.core.config.AppenderControl.callAppender(AppenderControl.java:98)
	at org.apache.logging.log4j.core.appender.FailoverAppender.callAppender(FailoverAppender.java:122)
	at org.apache.logging.log4j.core.appender.FailoverAppender.append(FailoverAppender.java:109)
	at org.apache.logging.log4j.core.config.AppenderControl.callAppender(AppenderControl.java:98)
	at org.apache.logging.log4j.core.config.LoggerConfig.callAppenders(LoggerConfig.java:334)
	at org.apache.logging.log4j.core.config.LoggerConfig.log(LoggerConfig.java:315)
	at org.apache.logging.log4j.core.config.LoggerConfig.log(LoggerConfig.java:280)
	at org.apache.logging.log4j.core.Logger.log(Logger.java:108)
	at org.apache.logging.log4j.spi.AbstractLogger.debug(AbstractLogger.java:460)
	at org.apache.logging.log4j.core.net.JMSQueueFailoverTest.testFailover(JMSQueueFailoverTest.java:108)
	at sun.reflect.NativeMethodAccessorImpl.invoke0(Native Method)
	at sun.reflect.NativeMethodAccessorImpl.invoke(NativeMethodAccessorImpl.java:57)
	at sun.reflect.DelegatingMethodAccessorImpl.invoke(DelegatingMethodAccessorImpl.java:43)
	at java.lang.reflect.Method.invoke(Method.java:606)
	at org.junit.runners.model.FrameworkMethod$1.runReflectiveCall(FrameworkMethod.java:44)
	at org.junit.internal.runners.model.ReflectiveCallable.run(ReflectiveCallable.java:15)
	at org.junit.runners.model.FrameworkMethod.invokeExplosively(FrameworkMethod.java:41)
	at org.junit.internal.runners.statements.InvokeMethod.evaluate(InvokeMethod.java:20)
	at org.junit.internal.runners.statements.RunBefores.evaluate(RunBefores.java:28)
	at org.junit.runners.BlockJUnit4ClassRunner.runChild(BlockJUnit4ClassRunner.java:76)
	at org.junit.runners.BlockJUnit4ClassRunner.runChild(BlockJUnit4ClassRunner.java:50)
	at org.junit.runners.ParentRunner$3.run(ParentRunner.java:193)
	at org.junit.runners.ParentRunner$1.schedule(ParentRunner.java:52)
	at org.junit.runners.ParentRunner.runChildren(ParentRunner.java:191)
	at org.junit.runners.ParentRunner.access$000(ParentRunner.java:42)
	at org.junit.runners.ParentRunner$2.evaluate(ParentRunner.java:184)
	at org.junit.internal.runners.statements.RunBefores.evaluate(RunBefores.java:28)
	at org.junit.internal.runners.statements.RunAfters.evaluate(RunAfters.java:31)
	at org.junit.runners.ParentRunner.run(ParentRunner.java:236)
	at org.apache.maven.surefire.junit4.JUnit4Provider.execute(JUnit4Provider.java:252)
	at org.apache.maven.surefire.junit4.JUnit4Provider.executeTestSet(JUnit4Provider.java:141)
	at org.apache.maven.surefire.junit4.JUnit4Provider.invoke(JUnit4Provider.java:112)
	at sun.reflect.NativeMethodAccessorImpl.invoke0(Native Method)
	at sun.reflect.NativeMethodAccessorImpl.invoke(NativeMethodAccessorImpl.java:57)
	at sun.reflect.DelegatingMethodAccessorImpl.invoke(DelegatingMethodAccessorImpl.java:43)
	at java.lang.reflect.Method.invoke(Method.java:606)
	at org.apache.maven.surefire.util.ReflectionUtils.invokeMethodWithArray(ReflectionUtils.java:189)
	at org.apache.maven.surefire.booter.ProviderFactory$ProviderProxy.invoke(ProviderFactory.java:165)
	at org.apache.maven.surefire.booter.ProviderFactory.invokeProvider(ProviderFactory.java:85)
	at org.apache.maven.surefire.booter.ForkedBooter.runSuitesInProcess(ForkedBooter.java:115)
	at org.apache.maven.surefire.booter.ForkedBooter.main(ForkedBooter.java:75)
Caused by: javax.naming.NameNotFoundException: Name Log4j2Queue not found. 
	at org.mockejb.jndi.MockContext.lookup(MockContext.java:543)
	at org.mockejb.jndi.MockContext$$FastClassByCGLIB$$8f78c5.invoke(<generated>)
	at net.sf.cglib.reflect.FastMethod.invoke(FastMethod.java:53)
	at org.mockejb.interceptor.InterceptorInvoker$CglibMethodInvoker.intercept(InterceptorInvoker.java:95)
	at org.mockejb.interceptor.InvocationContext.proceed(InvocationContext.java:177)
	at org.mockejb.interceptor.InterceptorInvoker.invoke(InterceptorInvoker.java:53)
	at org.mockejb.interceptor.InterceptableProxy.intercept(InterceptableProxy.java:58)
	at $javax.naming.Context$$EnhancerByCGLIB$$b681ec35.lookup(<generated>)
	at javax.naming.InitialContext.lookup(InitialContext.java:411)
	at org.apache.logging.log4j.core.net.AbstractJMSManager.lookup(AbstractJMSManager.java:76)
	at org.apache.logging.log4j.core.net.JMSQueueManager.connect(JMSQueueManager.java:178)
	at org.apache.logging.log4j.core.net.JMSQueueManager.send(JMSQueueManager.java:103)
	at org.apache.logging.log4j.core.appender.JMSQueueAppender.append(JMSQueueAppender.java:50)
	... 43 more

2016-07-16 15:56:25,360 ERROR An exception occurred processing Appender Rewrite org.apache.logging.log4j.core.appender.AppenderRuntimeException: An exception occurred processing Appender Log4j2Queue
	at org.apache.logging.log4j.core.appender.DefaultErrorHandler.error(DefaultErrorHandler.java:71)
	at org.apache.logging.log4j.core.config.AppenderControl.callAppender(AppenderControl.java:100)
	at org.apache.logging.log4j.core.appender.rewrite.RewriteAppender.append(RewriteAppender.java:83)
	at org.apache.logging.log4j.core.config.AppenderControl.callAppender(AppenderControl.java:98)
	at org.apache.logging.log4j.core.appender.FailoverAppender.callAppender(FailoverAppender.java:122)
	at org.apache.logging.log4j.core.appender.FailoverAppender.append(FailoverAppender.java:109)
	at org.apache.logging.log4j.core.config.AppenderControl.callAppender(AppenderControl.java:98)
	at org.apache.logging.log4j.core.config.LoggerConfig.callAppenders(LoggerConfig.java:334)
	at org.apache.logging.log4j.core.config.LoggerConfig.log(LoggerConfig.java:315)
	at org.apache.logging.log4j.core.config.LoggerConfig.log(LoggerConfig.java:280)
	at org.apache.logging.log4j.core.Logger.log(Logger.java:108)
	at org.apache.logging.log4j.spi.AbstractLogger.debug(AbstractLogger.java:460)
	at org.apache.logging.log4j.core.net.JMSQueueFailoverTest.testFailover(JMSQueueFailoverTest.java:108)
	at sun.reflect.NativeMethodAccessorImpl.invoke0(Native Method)
	at sun.reflect.NativeMethodAccessorImpl.invoke(NativeMethodAccessorImpl.java:57)
	at sun.reflect.DelegatingMethodAccessorImpl.invoke(DelegatingMethodAccessorImpl.java:43)
	at java.lang.reflect.Method.invoke(Method.java:606)
	at org.junit.runners.model.FrameworkMethod$1.runReflectiveCall(FrameworkMethod.java:44)
	at org.junit.internal.runners.model.ReflectiveCallable.run(ReflectiveCallable.java:15)
	at org.junit.runners.model.FrameworkMethod.invokeExplosively(FrameworkMethod.java:41)
	at org.junit.internal.runners.statements.InvokeMethod.evaluate(InvokeMethod.java:20)
	at org.junit.internal.runners.statements.RunBefores.evaluate(RunBefores.java:28)
	at org.junit.runners.BlockJUnit4ClassRunner.runChild(BlockJUnit4ClassRunner.java:76)
	at org.junit.runners.BlockJUnit4ClassRunner.runChild(BlockJUnit4ClassRunner.java:50)
	at org.junit.runners.ParentRunner$3.run(ParentRunner.java:193)
	at org.junit.runners.ParentRunner$1.schedule(ParentRunner.java:52)
	at org.junit.runners.ParentRunner.runChildren(ParentRunner.java:191)
	at org.junit.runners.ParentRunner.access$000(ParentRunner.java:42)
	at org.junit.runners.ParentRunner$2.evaluate(ParentRunner.java:184)
	at org.junit.internal.runners.statements.RunBefores.evaluate(RunBefores.java:28)
	at org.junit.internal.runners.statements.RunAfters.evaluate(RunAfters.java:31)
	at org.junit.runners.ParentRunner.run(ParentRunner.java:236)
	at org.apache.maven.surefire.junit4.JUnit4Provider.execute(JUnit4Provider.java:252)
	at org.apache.maven.surefire.junit4.JUnit4Provider.executeTestSet(JUnit4Provider.java:141)
	at org.apache.maven.surefire.junit4.JUnit4Provider.invoke(JUnit4Provider.java:112)
	at sun.reflect.NativeMethodAccessorImpl.invoke0(Native Method)
	at sun.reflect.NativeMethodAccessorImpl.invoke(NativeMethodAccessorImpl.java:57)
	at sun.reflect.DelegatingMethodAccessorImpl.invoke(DelegatingMethodAccessorImpl.java:43)
	at java.lang.reflect.Method.invoke(Method.java:606)
	at org.apache.maven.surefire.util.ReflectionUtils.invokeMethodWithArray(ReflectionUtils.java:189)
	at org.apache.maven.surefire.booter.ProviderFactory$ProviderProxy.invoke(ProviderFactory.java:165)
	at org.apache.maven.surefire.booter.ProviderFactory.invokeProvider(ProviderFactory.java:85)
	at org.apache.maven.surefire.booter.ForkedBooter.runSuitesInProcess(ForkedBooter.java:115)
	at org.apache.maven.surefire.booter.ForkedBooter.main(ForkedBooter.java:75)
Caused by: org.apache.logging.log4j.core.appender.AppenderRuntimeException: javax.naming.NameNotFoundException: Name Log4j2Queue not found. 
	at org.apache.logging.log4j.core.appender.JMSQueueAppender.append(JMSQueueAppender.java:52)
	at org.apache.logging.log4j.core.config.AppenderControl.callAppender(AppenderControl.java:98)
	... 42 more
Caused by: javax.naming.NameNotFoundException: Name Log4j2Queue not found. 
	at org.mockejb.jndi.MockContext.lookup(MockContext.java:543)
	at org.mockejb.jndi.MockContext$$FastClassByCGLIB$$8f78c5.invoke(<generated>)
	at net.sf.cglib.reflect.FastMethod.invoke(FastMethod.java:53)
	at org.mockejb.interceptor.InterceptorInvoker$CglibMethodInvoker.intercept(InterceptorInvoker.java:95)
	at org.mockejb.interceptor.InvocationContext.proceed(InvocationContext.java:177)
	at org.mockejb.interceptor.InterceptorInvoker.invoke(InterceptorInvoker.java:53)
	at org.mockejb.interceptor.InterceptableProxy.intercept(InterceptableProxy.java:58)
	at $javax.naming.Context$$EnhancerByCGLIB$$b681ec35.lookup(<generated>)
	at javax.naming.InitialContext.lookup(InitialContext.java:411)
	at org.apache.logging.log4j.core.net.AbstractJMSManager.lookup(AbstractJMSManager.java:76)
	at org.apache.logging.log4j.core.net.JMSQueueManager.connect(JMSQueueManager.java:178)
	at org.apache.logging.log4j.core.net.JMSQueueManager.send(JMSQueueManager.java:103)
	at org.apache.logging.log4j.core.appender.JMSQueueAppender.append(JMSQueueAppender.java:50)
	... 43 more

Tests run: 2, Failures: 0, Errors: 0, Skipped: 0, Time elapsed: 0.521 sec
Running org.apache.logging.log4j.core.net.JMSTopicFailoverTest
2016-07-16 15:56:26,062 ERROR An exception occurred processing Appender Log4j2Topic org.apache.logging.log4j.core.appender.AppenderRuntimeException: javax.naming.NameNotFoundException: Name Log4j2Topic not found. 
	at org.apache.logging.log4j.core.appender.JMSTopicAppender.append(JMSTopicAppender.java:52)
	at org.apache.logging.log4j.core.config.AppenderControl.callAppender(AppenderControl.java:98)
	at org.apache.logging.log4j.core.appender.rewrite.RewriteAppender.append(RewriteAppender.java:83)
	at org.apache.logging.log4j.core.config.AppenderControl.callAppender(AppenderControl.java:98)
	at org.apache.logging.log4j.core.appender.FailoverAppender.callAppender(FailoverAppender.java:122)
	at org.apache.logging.log4j.core.appender.FailoverAppender.append(FailoverAppender.java:109)
	at org.apache.logging.log4j.core.config.AppenderControl.callAppender(AppenderControl.java:98)
	at org.apache.logging.log4j.core.config.LoggerConfig.callAppenders(LoggerConfig.java:334)
	at org.apache.logging.log4j.core.config.LoggerConfig.log(LoggerConfig.java:315)
	at org.apache.logging.log4j.core.config.LoggerConfig.log(LoggerConfig.java:280)
	at org.apache.logging.log4j.core.Logger.log(Logger.java:108)
	at org.apache.logging.log4j.spi.AbstractLogger.debug(AbstractLogger.java:460)
	at org.apache.logging.log4j.core.net.JMSTopicFailoverTest.testFailover(JMSTopicFailoverTest.java:107)
	at sun.reflect.NativeMethodAccessorImpl.invoke0(Native Method)
	at sun.reflect.NativeMethodAccessorImpl.invoke(NativeMethodAccessorImpl.java:57)
	at sun.reflect.DelegatingMethodAccessorImpl.invoke(DelegatingMethodAccessorImpl.java:43)
	at java.lang.reflect.Method.invoke(Method.java:606)
	at org.junit.runners.model.FrameworkMethod$1.runReflectiveCall(FrameworkMethod.java:44)
	at org.junit.internal.runners.model.ReflectiveCallable.run(ReflectiveCallable.java:15)
	at org.junit.runners.model.FrameworkMethod.invokeExplosively(FrameworkMethod.java:41)
	at org.junit.internal.runners.statements.InvokeMethod.evaluate(InvokeMethod.java:20)
	at org.junit.internal.runners.statements.RunBefores.evaluate(RunBefores.java:28)
	at org.junit.runners.BlockJUnit4ClassRunner.runChild(BlockJUnit4ClassRunner.java:76)
	at org.junit.runners.BlockJUnit4ClassRunner.runChild(BlockJUnit4ClassRunner.java:50)
	at org.junit.runners.ParentRunner$3.run(ParentRunner.java:193)
	at org.junit.runners.ParentRunner$1.schedule(ParentRunner.java:52)
	at org.junit.runners.ParentRunner.runChildren(ParentRunner.java:191)
	at org.junit.runners.ParentRunner.access$000(ParentRunner.java:42)
	at org.junit.runners.ParentRunner$2.evaluate(ParentRunner.java:184)
	at org.junit.internal.runners.statements.RunBefores.evaluate(RunBefores.java:28)
	at org.junit.internal.runners.statements.RunAfters.evaluate(RunAfters.java:31)
	at org.junit.runners.ParentRunner.run(ParentRunner.java:236)
	at org.apache.maven.surefire.junit4.JUnit4Provider.execute(JUnit4Provider.java:252)
	at org.apache.maven.surefire.junit4.JUnit4Provider.executeTestSet(JUnit4Provider.java:141)
	at org.apache.maven.surefire.junit4.JUnit4Provider.invoke(JUnit4Provider.java:112)
	at sun.reflect.NativeMethodAccessorImpl.invoke0(Native Method)
	at sun.reflect.NativeMethodAccessorImpl.invoke(NativeMethodAccessorImpl.java:57)
	at sun.reflect.DelegatingMethodAccessorImpl.invoke(DelegatingMethodAccessorImpl.java:43)
	at java.lang.reflect.Method.invoke(Method.java:606)
	at org.apache.maven.surefire.util.ReflectionUtils.invokeMethodWithArray(ReflectionUtils.java:189)
	at org.apache.maven.surefire.booter.ProviderFactory$ProviderProxy.invoke(ProviderFactory.java:165)
	at org.apache.maven.surefire.booter.ProviderFactory.invokeProvider(ProviderFactory.java:85)
	at org.apache.maven.surefire.booter.ForkedBooter.runSuitesInProcess(ForkedBooter.java:115)
	at org.apache.maven.surefire.booter.ForkedBooter.main(ForkedBooter.java:75)
Caused by: javax.naming.NameNotFoundException: Name Log4j2Topic not found. 
	at org.mockejb.jndi.MockContext.lookup(MockContext.java:543)
	at org.mockejb.jndi.MockContext$$FastClassByCGLIB$$8f78c5.invoke(<generated>)
	at net.sf.cglib.reflect.FastMethod.invoke(FastMethod.java:53)
	at org.mockejb.interceptor.InterceptorInvoker$CglibMethodInvoker.intercept(InterceptorInvoker.java:95)
	at org.mockejb.interceptor.InvocationContext.proceed(InvocationContext.java:177)
	at org.mockejb.interceptor.InterceptorInvoker.invoke(InterceptorInvoker.java:53)
	at org.mockejb.interceptor.InterceptableProxy.intercept(InterceptableProxy.java:58)
	at $javax.naming.Context$$EnhancerByCGLIB$$b681ec35.lookup(<generated>)
	at javax.naming.InitialContext.lookup(InitialContext.java:411)
	at org.apache.logging.log4j.core.net.AbstractJMSManager.lookup(AbstractJMSManager.java:76)
	at org.apache.logging.log4j.core.net.JMSTopicManager.connect(JMSTopicManager.java:179)
	at org.apache.logging.log4j.core.net.JMSTopicManager.send(JMSTopicManager.java:103)
	at org.apache.logging.log4j.core.appender.JMSTopicAppender.append(JMSTopicAppender.java:50)
	... 43 more

2016-07-16 15:56:26,064 ERROR An exception occurred processing Appender Rewrite org.apache.logging.log4j.core.appender.AppenderRuntimeException: An exception occurred processing Appender Log4j2Topic
	at org.apache.logging.log4j.core.appender.DefaultErrorHandler.error(DefaultErrorHandler.java:71)
	at org.apache.logging.log4j.core.config.AppenderControl.callAppender(AppenderControl.java:100)
	at org.apache.logging.log4j.core.appender.rewrite.RewriteAppender.append(RewriteAppender.java:83)
	at org.apache.logging.log4j.core.config.AppenderControl.callAppender(AppenderControl.java:98)
	at org.apache.logging.log4j.core.appender.FailoverAppender.callAppender(FailoverAppender.java:122)
	at org.apache.logging.log4j.core.appender.FailoverAppender.append(FailoverAppender.java:109)
	at org.apache.logging.log4j.core.config.AppenderControl.callAppender(AppenderControl.java:98)
	at org.apache.logging.log4j.core.config.LoggerConfig.callAppenders(LoggerConfig.java:334)
	at org.apache.logging.log4j.core.config.LoggerConfig.log(LoggerConfig.java:315)
	at org.apache.logging.log4j.core.config.LoggerConfig.log(LoggerConfig.java:280)
	at org.apache.logging.log4j.core.Logger.log(Logger.java:108)
	at org.apache.logging.log4j.spi.AbstractLogger.debug(AbstractLogger.java:460)
	at org.apache.logging.log4j.core.net.JMSTopicFailoverTest.testFailover(JMSTopicFailoverTest.java:107)
	at sun.reflect.NativeMethodAccessorImpl.invoke0(Native Method)
	at sun.reflect.NativeMethodAccessorImpl.invoke(NativeMethodAccessorImpl.java:57)
	at sun.reflect.DelegatingMethodAccessorImpl.invoke(DelegatingMethodAccessorImpl.java:43)
	at java.lang.reflect.Method.invoke(Method.java:606)
	at org.junit.runners.model.FrameworkMethod$1.runReflectiveCall(FrameworkMethod.java:44)
	at org.junit.internal.runners.model.ReflectiveCallable.run(ReflectiveCallable.java:15)
	at org.junit.runners.model.FrameworkMethod.invokeExplosively(FrameworkMethod.java:41)
	at org.junit.internal.runners.statements.InvokeMethod.evaluate(InvokeMethod.java:20)
	at org.junit.internal.runners.statements.RunBefores.evaluate(RunBefores.java:28)
	at org.junit.runners.BlockJUnit4ClassRunner.runChild(BlockJUnit4ClassRunner.java:76)
	at org.junit.runners.BlockJUnit4ClassRunner.runChild(BlockJUnit4ClassRunner.java:50)
	at org.junit.runners.ParentRunner$3.run(ParentRunner.java:193)
	at org.junit.runners.ParentRunner$1.schedule(ParentRunner.java:52)
	at org.junit.runners.ParentRunner.runChildren(ParentRunner.java:191)
	at org.junit.runners.ParentRunner.access$000(ParentRunner.java:42)
	at org.junit.runners.ParentRunner$2.evaluate(ParentRunner.java:184)
	at org.junit.internal.runners.statements.RunBefores.evaluate(RunBefores.java:28)
	at org.junit.internal.runners.statements.RunAfters.evaluate(RunAfters.java:31)
	at org.junit.runners.ParentRunner.run(ParentRunner.java:236)
	at org.apache.maven.surefire.junit4.JUnit4Provider.execute(JUnit4Provider.java:252)
	at org.apache.maven.surefire.junit4.JUnit4Provider.executeTestSet(JUnit4Provider.java:141)
	at org.apache.maven.surefire.junit4.JUnit4Provider.invoke(JUnit4Provider.java:112)
	at sun.reflect.NativeMethodAccessorImpl.invoke0(Native Method)
	at sun.reflect.NativeMethodAccessorImpl.invoke(NativeMethodAccessorImpl.java:57)
	at sun.reflect.DelegatingMethodAccessorImpl.invoke(DelegatingMethodAccessorImpl.java:43)
	at java.lang.reflect.Method.invoke(Method.java:606)
	at org.apache.maven.surefire.util.ReflectionUtils.invokeMethodWithArray(ReflectionUtils.java:189)
	at org.apache.maven.surefire.booter.ProviderFactory$ProviderProxy.invoke(ProviderFactory.java:165)
	at org.apache.maven.surefire.booter.ProviderFactory.invokeProvider(ProviderFactory.java:85)
	at org.apache.maven.surefire.booter.ForkedBooter.runSuitesInProcess(ForkedBooter.java:115)
	at org.apache.maven.surefire.booter.ForkedBooter.main(ForkedBooter.java:75)
Caused by: org.apache.logging.log4j.core.appender.AppenderRuntimeException: javax.naming.NameNotFoundException: Name Log4j2Topic not found. 
	at org.apache.logging.log4j.core.appender.JMSTopicAppender.append(JMSTopicAppender.java:52)
	at org.apache.logging.log4j.core.config.AppenderControl.callAppender(AppenderControl.java:98)
	... 42 more
Caused by: javax.naming.NameNotFoundException: Name Log4j2Topic not found. 
	at org.mockejb.jndi.MockContext.lookup(MockContext.java:543)
	at org.mockejb.jndi.MockContext$$FastClassByCGLIB$$8f78c5.invoke(<generated>)
	at net.sf.cglib.reflect.FastMethod.invoke(FastMethod.java:53)
	at org.mockejb.interceptor.InterceptorInvoker$CglibMethodInvoker.intercept(InterceptorInvoker.java:95)
	at org.mockejb.interceptor.InvocationContext.proceed(InvocationContext.java:177)
	at org.mockejb.interceptor.InterceptorInvoker.invoke(InterceptorInvoker.java:53)
	at org.mockejb.interceptor.InterceptableProxy.intercept(InterceptableProxy.java:58)
	at $javax.naming.Context$$EnhancerByCGLIB$$b681ec35.lookup(<generated>)
	at javax.naming.InitialContext.lookup(InitialContext.java:411)
	at org.apache.logging.log4j.core.net.AbstractJMSManager.lookup(AbstractJMSManager.java:76)
	at org.apache.logging.log4j.core.net.JMSTopicManager.connect(JMSTopicManager.java:179)
	at org.apache.logging.log4j.core.net.JMSTopicManager.send(JMSTopicManager.java:103)
	at org.apache.logging.log4j.core.appender.JMSTopicAppender.append(JMSTopicAppender.java:50)
	... 43 more

Tests run: 2, Failures: 0, Errors: 0, Skipped: 0, Time elapsed: 0.519 sec
Running org.apache.logging.log4j.core.net.JMSTopicTest
Tests run: 1, Failures: 0, Errors: 0, Skipped: 0, Time elapsed: 0.582 sec
Running org.apache.logging.log4j.core.net.SocketTest
2016-07-16 15:56:27,391 DEBUG Generated plugins in 0.000017740 seconds
2016-07-16 15:56:27,404 DEBUG Calling createLayout on class org.apache.logging.log4j.core.layout.PatternLayout for element PatternLayout with params(pattern="%msg%n", Configuration(MyApp), null, charset="null")
2016-07-16 15:56:27,404 DEBUG Generated plugins in 0.000015505 seconds
2016-07-16 15:56:27,407 DEBUG Calling createAppender on class org.apache.logging.log4j.core.appender.SocketAppender for element Socket with params(host="localhost", port="5514", protocol="TCP", reconnectionDelay="250", name="socket", immediateFlush="null", suppressExceptions="false", PatternLayout(%msg%n), null)
2016-07-16 15:56:27,413 ERROR TCPSocketManager (TCP:localhost:5514) java.net.ConnectException: Connection refused
2016-07-16 15:56:27,414 DEBUG Starting TCPSocketManager TCP:localhost:5514
2016-07-16 15:56:27,415 DEBUG Calling createAppenders on class org.apache.logging.log4j.core.config.plugins.AppendersPlugin for element appenders with params(appenders={socket})
2016-07-16 15:56:27,415 DEBUG Generated plugins in 0.000014807 seconds
2016-07-16 15:56:27,417 DEBUG Calling createAppenderRef on class org.apache.logging.log4j.core.config.AppenderRef for element appender-ref with params(ref="socket", level="null", null)
2016-07-16 15:56:27,418 DEBUG Calling createLogger on class org.apache.logging.log4j.core.config.LoggerConfig$RootLogger for element root with params(additivity="null", level="debug", appender-ref={org.apache.logging.log4j.core.config.AppenderRef@559d6246}, properties={}, Configuration(MyApp), null)
2016-07-16 15:56:27,419 DEBUG Calling createLoggers on class org.apache.logging.log4j.core.config.plugins.LoggersPlugin for element loggers with params(loggers={root})
2016-07-16 15:56:27,419 DEBUG Shutting down OutputStreamManager SYSTEM_OUT
2016-07-16 15:56:27,420 DEBUG Reconfiguration completed
2016-07-16 15:56:27,665 DEBUG localhost:5514 refused connection
2016-07-16 15:56:27,666 ERROR Unable to write to stream TCP:localhost:5514 for appender socket
2016-07-16 15:56:27,666 ERROR An exception occurred processing Appender socket org.apache.logging.log4j.core.appender.AppenderRuntimeException: Error writing to TCP:localhost:5514 socket not available
	at org.apache.logging.log4j.core.net.TCPSocketManager.write(TCPSocketManager.java:107)
	at org.apache.logging.log4j.core.appender.OutputStreamManager.write(OutputStreamManager.java:126)
	at org.apache.logging.log4j.core.appender.AbstractOutputStreamAppender.append(AbstractOutputStreamAppender.java:114)
	at org.apache.logging.log4j.core.config.AppenderControl.callAppender(AppenderControl.java:98)
	at org.apache.logging.log4j.core.config.LoggerConfig.callAppenders(LoggerConfig.java:334)
	at org.apache.logging.log4j.core.config.LoggerConfig.log(LoggerConfig.java:315)
	at org.apache.logging.log4j.core.config.LoggerConfig.log(LoggerConfig.java:280)
	at org.apache.logging.log4j.core.Logger.log(Logger.java:108)
	at org.apache.logging.log4j.spi.AbstractLogger.error(AbstractLogger.java:1048)
	at org.apache.logging.log4j.core.net.SocketTest.testConnect(SocketTest.java:56)
	at sun.reflect.NativeMethodAccessorImpl.invoke0(Native Method)
	at sun.reflect.NativeMethodAccessorImpl.invoke(NativeMethodAccessorImpl.java:57)
	at sun.reflect.DelegatingMethodAccessorImpl.invoke(DelegatingMethodAccessorImpl.java:43)
	at java.lang.reflect.Method.invoke(Method.java:606)
	at org.junit.runners.model.FrameworkMethod$1.runReflectiveCall(FrameworkMethod.java:44)
	at org.junit.internal.runners.model.ReflectiveCallable.run(ReflectiveCallable.java:15)
	at org.junit.runners.model.FrameworkMethod.invokeExplosively(FrameworkMethod.java:41)
	at org.junit.internal.runners.statements.InvokeMethod.evaluate(InvokeMethod.java:20)
	at org.junit.runners.BlockJUnit4ClassRunner.runChild(BlockJUnit4ClassRunner.java:76)
	at org.junit.runners.BlockJUnit4ClassRunner.runChild(BlockJUnit4ClassRunner.java:50)
	at org.junit.runners.ParentRunner$3.run(ParentRunner.java:193)
	at org.junit.runners.ParentRunner$1.schedule(ParentRunner.java:52)
	at org.junit.runners.ParentRunner.runChildren(ParentRunner.java:191)
	at org.junit.runners.ParentRunner.access$000(ParentRunner.java:42)
	at org.junit.runners.ParentRunner$2.evaluate(ParentRunner.java:184)
	at org.junit.internal.runners.statements.RunBefores.evaluate(RunBefores.java:28)
	at org.junit.runners.ParentRunner.run(ParentRunner.java:236)
	at org.apache.maven.surefire.junit4.JUnit4Provider.execute(JUnit4Provider.java:252)
	at org.apache.maven.surefire.junit4.JUnit4Provider.executeTestSet(JUnit4Provider.java:141)
	at org.apache.maven.surefire.junit4.JUnit4Provider.invoke(JUnit4Provider.java:112)
	at sun.reflect.NativeMethodAccessorImpl.invoke0(Native Method)
	at sun.reflect.NativeMethodAccessorImpl.invoke(NativeMethodAccessorImpl.java:57)
	at sun.reflect.DelegatingMethodAccessorImpl.invoke(DelegatingMethodAccessorImpl.java:43)
	at java.lang.reflect.Method.invoke(Method.java:606)
	at org.apache.maven.surefire.util.ReflectionUtils.invokeMethodWithArray(ReflectionUtils.java:189)
	at org.apache.maven.surefire.booter.ProviderFactory$ProviderProxy.invoke(ProviderFactory.java:165)
	at org.apache.maven.surefire.booter.ProviderFactory.invokeProvider(ProviderFactory.java:85)
	at org.apache.maven.surefire.booter.ForkedBooter.runSuitesInProcess(ForkedBooter.java:115)
	at org.apache.maven.surefire.booter.ForkedBooter.main(ForkedBooter.java:75)

Tests run: 1, Failures: 0, Errors: 0, Skipped: 0, Time elapsed: 0.565 sec
Running org.apache.logging.log4j.core.net.SocketMessageLossTest
2016-07-16 15:56:28,189 DEBUG Generated plugins in 0.000017530 seconds
2016-07-16 15:56:28,202 DEBUG Calling createLayout on class org.apache.logging.log4j.core.layout.PatternLayout for element PatternLayout with params(pattern="%msg%n", Configuration(MyApp), null, charset="null")
2016-07-16 15:56:28,202 DEBUG Generated plugins in 0.000015365 seconds
2016-07-16 15:56:28,204 DEBUG Calling createAppender on class org.apache.logging.log4j.core.appender.SocketAppender for element Socket with params(host="localhost", port="5514", protocol="TCP", reconnectionDelay="0", name="socket", immediateFlush="null", suppressExceptions="false", PatternLayout(%msg%n), null)
2016-07-16 15:56:28,209 DEBUG Starting TCPSocketManager TCP:localhost:5514
2016-07-16 15:56:28,210 DEBUG Calling createAppenders on class org.apache.logging.log4j.core.config.plugins.AppendersPlugin for element appenders with params(appenders={socket})
2016-07-16 15:56:28,210 DEBUG Generated plugins in 0.000014946 seconds
2016-07-16 15:56:28,211 DEBUG Calling createAppenderRef on class org.apache.logging.log4j.core.config.AppenderRef for element appender-ref with params(ref="socket", level="null", null)
2016-07-16 15:56:28,213 DEBUG Calling createLogger on class org.apache.logging.log4j.core.config.LoggerConfig$RootLogger for element root with params(additivity="null", level="debug", appender-ref={org.apache.logging.log4j.core.config.AppenderRef@6a2fc45d}, properties={}, Configuration(MyApp), null)
2016-07-16 15:56:28,213 DEBUG Calling createLoggers on class org.apache.logging.log4j.core.config.plugins.LoggersPlugin for element loggers with params(loggers={root})
2016-07-16 15:56:28,214 DEBUG Shutting down OutputStreamManager SYSTEM_OUT
2016-07-16 15:56:28,214 DEBUG Reconfiguration completed
2016-07-16 15:56:29,225 ERROR Unable to write to stream TCP:localhost:5514 for appender socket
2016-07-16 15:56:29,226 ERROR An exception occurred processing Appender socket org.apache.logging.log4j.core.appender.AppenderRuntimeException: Error writing to TCP:localhost:5514
	at org.apache.logging.log4j.core.net.TCPSocketManager.write(TCPSocketManager.java:120)
	at org.apache.logging.log4j.core.appender.OutputStreamManager.write(OutputStreamManager.java:126)
	at org.apache.logging.log4j.core.appender.AbstractOutputStreamAppender.append(AbstractOutputStreamAppender.java:114)
	at org.apache.logging.log4j.core.config.AppenderControl.callAppender(AppenderControl.java:98)
	at org.apache.logging.log4j.core.config.LoggerConfig.callAppenders(LoggerConfig.java:334)
	at org.apache.logging.log4j.core.config.LoggerConfig.log(LoggerConfig.java:315)
	at org.apache.logging.log4j.core.config.LoggerConfig.log(LoggerConfig.java:280)
	at org.apache.logging.log4j.core.Logger.log(Logger.java:108)
	at org.apache.logging.log4j.spi.AbstractLogger.error(AbstractLogger.java:1048)
	at org.apache.logging.log4j.core.net.SocketMessageLossTest.testSocket(SocketMessageLossTest.java:81)
	at sun.reflect.NativeMethodAccessorImpl.invoke0(Native Method)
	at sun.reflect.NativeMethodAccessorImpl.invoke(NativeMethodAccessorImpl.java:57)
	at sun.reflect.DelegatingMethodAccessorImpl.invoke(DelegatingMethodAccessorImpl.java:43)
	at java.lang.reflect.Method.invoke(Method.java:606)
	at org.junit.runners.model.FrameworkMethod$1.runReflectiveCall(FrameworkMethod.java:44)
	at org.junit.internal.runners.model.ReflectiveCallable.run(ReflectiveCallable.java:15)
	at org.junit.runners.model.FrameworkMethod.invokeExplosively(FrameworkMethod.java:41)
	at org.junit.internal.runners.statements.InvokeMethod.evaluate(InvokeMethod.java:20)
	at org.junit.runners.BlockJUnit4ClassRunner.runChild(BlockJUnit4ClassRunner.java:76)
	at org.junit.runners.BlockJUnit4ClassRunner.runChild(BlockJUnit4ClassRunner.java:50)
	at org.junit.runners.ParentRunner$3.run(ParentRunner.java:193)
	at org.junit.runners.ParentRunner$1.schedule(ParentRunner.java:52)
	at org.junit.runners.ParentRunner.runChildren(ParentRunner.java:191)
	at org.junit.runners.ParentRunner.access$000(ParentRunner.java:42)
	at org.junit.runners.ParentRunner$2.evaluate(ParentRunner.java:184)
	at org.junit.internal.runners.statements.RunBefores.evaluate(RunBefores.java:28)
	at org.junit.runners.ParentRunner.run(ParentRunner.java:236)
	at org.apache.maven.surefire.junit4.JUnit4Provider.execute(JUnit4Provider.java:252)
	at org.apache.maven.surefire.junit4.JUnit4Provider.executeTestSet(JUnit4Provider.java:141)
	at org.apache.maven.surefire.junit4.JUnit4Provider.invoke(JUnit4Provider.java:112)
	at sun.reflect.NativeMethodAccessorImpl.invoke0(Native Method)
	at sun.reflect.NativeMethodAccessorImpl.invoke(NativeMethodAccessorImpl.java:57)
	at sun.reflect.DelegatingMethodAccessorImpl.invoke(DelegatingMethodAccessorImpl.java:43)
	at java.lang.reflect.Method.invoke(Method.java:606)
	at org.apache.maven.surefire.util.ReflectionUtils.invokeMethodWithArray(ReflectionUtils.java:189)
	at org.apache.maven.surefire.booter.ProviderFactory$ProviderProxy.invoke(ProviderFactory.java:165)
	at org.apache.maven.surefire.booter.ProviderFactory.invokeProvider(ProviderFactory.java:85)
	at org.apache.maven.surefire.booter.ForkedBooter.runSuitesInProcess(ForkedBooter.java:115)
	at org.apache.maven.surefire.booter.ForkedBooter.main(ForkedBooter.java:75)
Caused by: java.net.SocketException: Connection reset
	at java.net.SocketOutputStream.socketWrite(SocketOutputStream.java:118)
	at java.net.SocketOutputStream.write(SocketOutputStream.java:159)
	at org.apache.logging.log4j.core.net.TCPSocketManager.write(TCPSocketManager.java:111)
	... 38 more

2016-07-16 15:56:29,232 ERROR Unable to write to stream TCP:localhost:5514 for appender socket
2016-07-16 15:56:29,232 ERROR An exception occurred processing Appender socket org.apache.logging.log4j.core.appender.AppenderRuntimeException: Error writing to TCP:localhost:5514
	at org.apache.logging.log4j.core.net.TCPSocketManager.write(TCPSocketManager.java:120)
	at org.apache.logging.log4j.core.appender.OutputStreamManager.write(OutputStreamManager.java:126)
	at org.apache.logging.log4j.core.appender.AbstractOutputStreamAppender.append(AbstractOutputStreamAppender.java:114)
	at org.apache.logging.log4j.core.config.AppenderControl.callAppender(AppenderControl.java:98)
	at org.apache.logging.log4j.core.config.LoggerConfig.callAppenders(LoggerConfig.java:334)
	at org.apache.logging.log4j.core.config.LoggerConfig.log(LoggerConfig.java:315)
	at org.apache.logging.log4j.core.config.LoggerConfig.log(LoggerConfig.java:280)
	at org.apache.logging.log4j.core.Logger.log(Logger.java:108)
	at org.apache.logging.log4j.spi.AbstractLogger.error(AbstractLogger.java:1048)
	at org.apache.logging.log4j.core.net.SocketMessageLossTest.testSocket(SocketMessageLossTest.java:89)
	at sun.reflect.NativeMethodAccessorImpl.invoke0(Native Method)
	at sun.reflect.NativeMethodAccessorImpl.invoke(NativeMethodAccessorImpl.java:57)
	at sun.reflect.DelegatingMethodAccessorImpl.invoke(DelegatingMethodAccessorImpl.java:43)
	at java.lang.reflect.Method.invoke(Method.java:606)
	at org.junit.runners.model.FrameworkMethod$1.runReflectiveCall(FrameworkMethod.java:44)
	at org.junit.internal.runners.model.ReflectiveCallable.run(ReflectiveCallable.java:15)
	at org.junit.runners.model.FrameworkMethod.invokeExplosively(FrameworkMethod.java:41)
	at org.junit.internal.runners.statements.InvokeMethod.evaluate(InvokeMethod.java:20)
	at org.junit.runners.BlockJUnit4ClassRunner.runChild(BlockJUnit4ClassRunner.java:76)
	at org.junit.runners.BlockJUnit4ClassRunner.runChild(BlockJUnit4ClassRunner.java:50)
	at org.junit.runners.ParentRunner$3.run(ParentRunner.java:193)
	at org.junit.runners.ParentRunner$1.schedule(ParentRunner.java:52)
	at org.junit.runners.ParentRunner.runChildren(ParentRunner.java:191)
	at org.junit.runners.ParentRunner.access$000(ParentRunner.java:42)
	at org.junit.runners.ParentRunner$2.evaluate(ParentRunner.java:184)
	at org.junit.internal.runners.statements.RunBefores.evaluate(RunBefores.java:28)
	at org.junit.runners.ParentRunner.run(ParentRunner.java:236)
	at org.apache.maven.surefire.junit4.JUnit4Provider.execute(JUnit4Provider.java:252)
	at org.apache.maven.surefire.junit4.JUnit4Provider.executeTestSet(JUnit4Provider.java:141)
	at org.apache.maven.surefire.junit4.JUnit4Provider.invoke(JUnit4Provider.java:112)
	at sun.reflect.NativeMethodAccessorImpl.invoke0(Native Method)
	at sun.reflect.NativeMethodAccessorImpl.invoke(NativeMethodAccessorImpl.java:57)
	at sun.reflect.DelegatingMethodAccessorImpl.invoke(DelegatingMethodAccessorImpl.java:43)
	at java.lang.reflect.Method.invoke(Method.java:606)
	at org.apache.maven.surefire.util.ReflectionUtils.invokeMethodWithArray(ReflectionUtils.java:189)
	at org.apache.maven.surefire.booter.ProviderFactory$ProviderProxy.invoke(ProviderFactory.java:165)
	at org.apache.maven.surefire.booter.ProviderFactory.invokeProvider(ProviderFactory.java:85)
	at org.apache.maven.surefire.booter.ForkedBooter.runSuitesInProcess(ForkedBooter.java:115)
	at org.apache.maven.surefire.booter.ForkedBooter.main(ForkedBooter.java:75)
Caused by: java.net.SocketException: Broken pipe
	at java.net.SocketOutputStream.socketWrite0(Native Method)
	at java.net.SocketOutputStream.socketWrite(SocketOutputStream.java:113)
	at java.net.SocketOutputStream.write(SocketOutputStream.java:159)
	at org.apache.logging.log4j.core.net.TCPSocketManager.write(TCPSocketManager.java:111)
	... 38 more

Tests run: 1, Failures: 0, Errors: 0, Skipped: 0, Time elapsed: 1.347 sec
Running org.apache.logging.log4j.core.net.JMSQueueAppenderTest
2016-07-16 15:56:29,893 DEBUG Generated plugins in 0.002665353 seconds
2016-07-16 15:56:29,903 DEBUG Calling createLayout on class org.apache.logging.log4j.core.layout.PatternLayout for element PatternLayout with params(pattern="%m%n", Configuration(ConfigTest), null, charset="null")
2016-07-16 15:56:29,905 DEBUG Generated plugins in 0.000862470 seconds
2016-07-16 15:56:29,907 DEBUG Calling createAppender on class org.apache.logging.log4j.core.appender.JMSQueueAppender for element JMSQueue with params(name="JMSQueue", factoryName="null", providerURL="null", urlPkgPrefixes="null", securityPrincipalName="null", securityCredentials="null", factoryBindingName="TestQueueConnectionFactory", queueBindingName="TestQueue", userName="null", password="null", PatternLayout(%m%n), null, suppressExceptions="null")
2016-07-16 15:56:29,918 DEBUG Starting JMSQueueManager JMSQueue:TestQueueConnectionFactory.TestQueue
2016-07-16 15:56:29,919 DEBUG Calling createAppenders on class org.apache.logging.log4j.core.config.plugins.AppendersPlugin for element appenders with params(appenders={JMSQueue})
2016-07-16 15:56:29,920 DEBUG Generated plugins in 0.000818540 seconds
2016-07-16 15:56:29,921 DEBUG Calling createAppenderRef on class org.apache.logging.log4j.core.config.AppenderRef for element appender-ref with params(ref="JMSQueue", level="null", null)
2016-07-16 15:56:29,923 DEBUG Calling createLogger on class org.apache.logging.log4j.core.config.LoggerConfig$RootLogger for element root with params(additivity="null", level="error", appender-ref={org.apache.logging.log4j.core.config.AppenderRef@3644a3c0}, properties={}, Configuration(ConfigTest), null)
2016-07-16 15:56:29,924 DEBUG Calling createLoggers on class org.apache.logging.log4j.core.config.plugins.LoggersPlugin for element loggers with params(loggers={root})
2016-07-16 15:56:29,924 DEBUG Shutting down OutputStreamManager SYSTEM_OUT
2016-07-16 15:56:29,925 DEBUG Reconfiguration completed
2016-07-16 15:56:29,938 DEBUG Generated plugins in 0.000827759 seconds
2016-07-16 15:56:29,938 DEBUG Reconfiguration started for context Default
2016-07-16 15:56:29,939 DEBUG Generated plugins in 0.000858000 seconds
2016-07-16 15:56:29,943 DEBUG Generated plugins in 0.000874134 seconds
2016-07-16 15:56:29,944 DEBUG Calling createLayout on class org.apache.logging.log4j.core.layout.PatternLayout for element PatternLayout with params(pattern="%m%n", Configuration(ConfigTest), null, charset="null")
2016-07-16 15:56:29,945 DEBUG Generated plugins in 0.000853181 seconds
2016-07-16 15:56:29,947 DEBUG Calling createAppender on class org.apache.logging.log4j.core.appender.JMSQueueAppender for element JMSQueue with params(name="JMSQueue", factoryName="null", providerURL="null", urlPkgPrefixes="null", securityPrincipalName="null", securityCredentials="null", factoryBindingName="TestQueueConnectionFactory", queueBindingName="TestQueue", userName="null", password="null", PatternLayout(%m%n), null, suppressExceptions="null")
2016-07-16 15:56:29,947 DEBUG Calling createAppenders on class org.apache.logging.log4j.core.config.plugins.AppendersPlugin for element appenders with params(appenders={JMSQueue})
2016-07-16 15:56:29,948 DEBUG Generated plugins in 0.000858628 seconds
2016-07-16 15:56:29,949 DEBUG Calling createAppenderRef on class org.apache.logging.log4j.core.config.AppenderRef for element appender-ref with params(ref="JMSQueue", level="null", null)
2016-07-16 15:56:29,950 DEBUG Calling createLogger on class org.apache.logging.log4j.core.config.LoggerConfig$RootLogger for element root with params(additivity="null", level="error", appender-ref={org.apache.logging.log4j.core.config.AppenderRef@3c9c87e4}, properties={}, Configuration(ConfigTest), null)
2016-07-16 15:56:29,951 DEBUG Calling createLoggers on class org.apache.logging.log4j.core.config.plugins.LoggersPlugin for element loggers with params(loggers={root})
2016-07-16 15:56:29,951 DEBUG Shutting down OutputStreamManager SYSTEM_OUT
2016-07-16 15:56:29,951 DEBUG Reconfiguration completed
Tests run: 1, Failures: 0, Errors: 0, Skipped: 0, Time elapsed: 0.5 sec
Running org.apache.logging.log4j.core.net.PriorityTest
Tests run: 1, Failures: 0, Errors: 0, Skipped: 0, Time elapsed: 0.049 sec
Running org.apache.logging.log4j.core.net.SocketReconnectTest
2016-07-16 15:56:31,084 DEBUG Generated plugins in 0.000016971 seconds
2016-07-16 15:56:31,096 DEBUG Calling createLayout on class org.apache.logging.log4j.core.layout.PatternLayout for element PatternLayout with params(pattern="%msg%n", Configuration(MyApp), null, charset="null")
2016-07-16 15:56:31,097 DEBUG Generated plugins in 0.000015365 seconds
2016-07-16 15:56:31,099 DEBUG Calling createAppender on class org.apache.logging.log4j.core.appender.SocketAppender for element Socket with params(host="localhost", port="5514", protocol="TCP", reconnectionDelay="250", name="socket", immediateFlush="null", suppressExceptions="false", PatternLayout(%msg%n), null)
2016-07-16 15:56:31,103 DEBUG Starting TCPSocketManager TCP:localhost:5514
2016-07-16 15:56:31,104 DEBUG Calling createAppenders on class org.apache.logging.log4j.core.config.plugins.AppendersPlugin for element appenders with params(appenders={socket})
2016-07-16 15:56:31,104 DEBUG Generated plugins in 0.000014876 seconds
2016-07-16 15:56:31,106 DEBUG Calling createAppenderRef on class org.apache.logging.log4j.core.config.AppenderRef for element appender-ref with params(ref="socket", level="null", null)
2016-07-16 15:56:31,107 DEBUG Calling createLogger on class org.apache.logging.log4j.core.config.LoggerConfig$RootLogger for element root with params(additivity="null", level="debug", appender-ref={org.apache.logging.log4j.core.config.AppenderRef@3f669e7f}, properties={}, Configuration(MyApp), null)
2016-07-16 15:56:31,108 DEBUG Calling createLoggers on class org.apache.logging.log4j.core.config.plugins.LoggersPlugin for element loggers with params(loggers={root})
2016-07-16 15:56:31,108 DEBUG Shutting down OutputStreamManager SYSTEM_OUT
2016-07-16 15:56:31,109 DEBUG Reconfiguration completed
2016-07-16 15:56:31,118 ERROR Unable to write to stream TCP:localhost:5514 for appender socket
2016-07-16 15:56:31,118 ERROR An exception occurred processing Appender socket org.apache.logging.log4j.core.appender.AppenderRuntimeException: Error writing to TCP:localhost:5514
	at org.apache.logging.log4j.core.net.TCPSocketManager.write(TCPSocketManager.java:120)
	at org.apache.logging.log4j.core.appender.OutputStreamManager.write(OutputStreamManager.java:126)
	at org.apache.logging.log4j.core.appender.AbstractOutputStreamAppender.append(AbstractOutputStreamAppender.java:114)
	at org.apache.logging.log4j.core.config.AppenderControl.callAppender(AppenderControl.java:98)
	at org.apache.logging.log4j.core.config.LoggerConfig.callAppenders(LoggerConfig.java:334)
	at org.apache.logging.log4j.core.config.LoggerConfig.log(LoggerConfig.java:315)
	at org.apache.logging.log4j.core.config.LoggerConfig.log(LoggerConfig.java:280)
	at org.apache.logging.log4j.core.Logger.log(Logger.java:108)
	at org.apache.logging.log4j.spi.AbstractLogger.error(AbstractLogger.java:1048)
	at org.apache.logging.log4j.core.net.SocketReconnectTest.testReconnect(SocketReconnectTest.java:80)
	at sun.reflect.NativeMethodAccessorImpl.invoke0(Native Method)
	at sun.reflect.NativeMethodAccessorImpl.invoke(NativeMethodAccessorImpl.java:57)
	at sun.reflect.DelegatingMethodAccessorImpl.invoke(DelegatingMethodAccessorImpl.java:43)
	at java.lang.reflect.Method.invoke(Method.java:606)
	at org.junit.runners.model.FrameworkMethod$1.runReflectiveCall(FrameworkMethod.java:44)
	at org.junit.internal.runners.model.ReflectiveCallable.run(ReflectiveCallable.java:15)
	at org.junit.runners.model.FrameworkMethod.invokeExplosively(FrameworkMethod.java:41)
	at org.junit.internal.runners.statements.InvokeMethod.evaluate(InvokeMethod.java:20)
	at org.junit.runners.BlockJUnit4ClassRunner.runChild(BlockJUnit4ClassRunner.java:76)
	at org.junit.runners.BlockJUnit4ClassRunner.runChild(BlockJUnit4ClassRunner.java:50)
	at org.junit.runners.ParentRunner$3.run(ParentRunner.java:193)
	at org.junit.runners.ParentRunner$1.schedule(ParentRunner.java:52)
	at org.junit.runners.ParentRunner.runChildren(ParentRunner.java:191)
	at org.junit.runners.ParentRunner.access$000(ParentRunner.java:42)
	at org.junit.runners.ParentRunner$2.evaluate(ParentRunner.java:184)
	at org.junit.internal.runners.statements.RunBefores.evaluate(RunBefores.java:28)
	at org.junit.runners.ParentRunner.run(ParentRunner.java:236)
	at org.apache.maven.surefire.junit4.JUnit4Provider.execute(JUnit4Provider.java:252)
	at org.apache.maven.surefire.junit4.JUnit4Provider.executeTestSet(JUnit4Provider.java:141)
	at org.apache.maven.surefire.junit4.JUnit4Provider.invoke(JUnit4Provider.java:112)
	at sun.reflect.NativeMethodAccessorImpl.invoke0(Native Method)
	at sun.reflect.NativeMethodAccessorImpl.invoke(NativeMethodAccessorImpl.java:57)
	at sun.reflect.DelegatingMethodAccessorImpl.invoke(DelegatingMethodAccessorImpl.java:43)
	at java.lang.reflect.Method.invoke(Method.java:606)
	at org.apache.maven.surefire.util.ReflectionUtils.invokeMethodWithArray(ReflectionUtils.java:189)
	at org.apache.maven.surefire.booter.ProviderFactory$ProviderProxy.invoke(ProviderFactory.java:165)
	at org.apache.maven.surefire.booter.ProviderFactory.invokeProvider(ProviderFactory.java:85)
	at org.apache.maven.surefire.booter.ForkedBooter.runSuitesInProcess(ForkedBooter.java:115)
	at org.apache.maven.surefire.booter.ForkedBooter.main(ForkedBooter.java:75)
Caused by: java.net.SocketException: Broken pipe
	at java.net.SocketOutputStream.socketWrite0(Native Method)
	at java.net.SocketOutputStream.socketWrite(SocketOutputStream.java:113)
	at java.net.SocketOutputStream.write(SocketOutputStream.java:159)
	at org.apache.logging.log4j.core.net.TCPSocketManager.write(TCPSocketManager.java:111)
	... 38 more

2016-07-16 15:56:31,369 DEBUG Connection to localhost:5514 reestablished.
Tests run: 1, Failures: 0, Errors: 0, Skipped: 0, Time elapsed: 1.191 sec
Running org.apache.logging.log4j.core.helpers.UUIDTest
Elapsed for 200 UUIDS = 237461 Average = 1187 ns
Elapsed for 2000 UUIDS = 5302700 Average = 2651 ns
Tests run: 2, Failures: 0, Errors: 0, Skipped: 0, Time elapsed: 0.085 sec
Running org.apache.logging.log4j.core.pattern.StyleConverterTest
Tests run: 1, Failures: 0, Errors: 0, Skipped: 0, Time elapsed: 0.347 sec
Running org.apache.logging.log4j.core.pattern.MessagePatternConverterTest
Tests run: 2, Failures: 0, Errors: 1, Skipped: 0, Time elapsed: 0.209 sec <<< FAILURE!
testPatternWithConfiguration(org.apache.logging.log4j.core.pattern.MessagePatternConverterTest)  Time elapsed: 0.126 sec  <<< ERROR!
java.lang.NullPointerException
	at org.apache.logging.log4j.core.pattern.MessagePatternConverter.format(MessagePatternConverter.java:70)
	at org.apache.logging.log4j.core.pattern.MessagePatternConverterTest.testPatternWithConfiguration(MessagePatternConverterTest.java:71)
	at sun.reflect.NativeMethodAccessorImpl.invoke0(Native Method)
	at sun.reflect.NativeMethodAccessorImpl.invoke(NativeMethodAccessorImpl.java:57)
	at sun.reflect.DelegatingMethodAccessorImpl.invoke(DelegatingMethodAccessorImpl.java:43)
	at java.lang.reflect.Method.invoke(Method.java:606)
	at org.junit.runners.model.FrameworkMethod$1.runReflectiveCall(FrameworkMethod.java:44)
	at org.junit.internal.runners.model.ReflectiveCallable.run(ReflectiveCallable.java:15)
	at org.junit.runners.model.FrameworkMethod.invokeExplosively(FrameworkMethod.java:41)
	at org.junit.internal.runners.statements.InvokeMethod.evaluate(InvokeMethod.java:20)
	at org.junit.runners.BlockJUnit4ClassRunner.runChild(BlockJUnit4ClassRunner.java:76)
	at org.junit.runners.BlockJUnit4ClassRunner.runChild(BlockJUnit4ClassRunner.java:50)
	at org.junit.runners.ParentRunner$3.run(ParentRunner.java:193)
	at org.junit.runners.ParentRunner$1.schedule(ParentRunner.java:52)
	at org.junit.runners.ParentRunner.runChildren(ParentRunner.java:191)
	at org.junit.runners.ParentRunner.access$000(ParentRunner.java:42)
	at org.junit.runners.ParentRunner$2.evaluate(ParentRunner.java:184)
	at org.junit.runners.ParentRunner.run(ParentRunner.java:236)
	at org.apache.maven.surefire.junit4.JUnit4Provider.execute(JUnit4Provider.java:252)
	at org.apache.maven.surefire.junit4.JUnit4Provider.executeTestSet(JUnit4Provider.java:141)
	at org.apache.maven.surefire.junit4.JUnit4Provider.invoke(JUnit4Provider.java:112)
	at sun.reflect.NativeMethodAccessorImpl.invoke0(Native Method)
	at sun.reflect.NativeMethodAccessorImpl.invoke(NativeMethodAccessorImpl.java:57)
	at sun.reflect.DelegatingMethodAccessorImpl.invoke(DelegatingMethodAccessorImpl.java:43)
	at java.lang.reflect.Method.invoke(Method.java:606)
	at org.apache.maven.surefire.util.ReflectionUtils.invokeMethodWithArray(ReflectionUtils.java:189)
	at org.apache.maven.surefire.booter.ProviderFactory$ProviderProxy.invoke(ProviderFactory.java:165)
	at org.apache.maven.surefire.booter.ProviderFactory.invokeProvider(ProviderFactory.java:85)
	at org.apache.maven.surefire.booter.ForkedBooter.runSuitesInProcess(ForkedBooter.java:115)
	at org.apache.maven.surefire.booter.ForkedBooter.main(ForkedBooter.java:75)

Running org.apache.logging.log4j.core.pattern.LevelPatternConverterTest
Tests run: 1, Failures: 0, Errors: 0, Skipped: 0, Time elapsed: 0.081 sec
Running org.apache.logging.log4j.core.pattern.MapPatternConverterTest
Tests run: 2, Failures: 0, Errors: 0, Skipped: 0, Time elapsed: 0.083 sec
Running org.apache.logging.log4j.core.pattern.PatternParserTest
Tests run: 3, Failures: 0, Errors: 0, Skipped: 0, Time elapsed: 0.272 sec
Running org.apache.logging.log4j.core.pattern.RegexReplacementConverterTest
Tests run: 1, Failures: 0, Errors: 0, Skipped: 0, Time elapsed: 0.265 sec
Running org.apache.logging.log4j.core.pattern.NameAbbreviatorTest
Tests run: 6, Failures: 0, Errors: 0, Skipped: 0, Time elapsed: 0.053 sec
Running org.apache.logging.log4j.core.pattern.MarkerPatternConverterTest
Tests run: 1, Failures: 0, Errors: 0, Skipped: 0, Time elapsed: 0.082 sec
Running org.apache.logging.log4j.core.pattern.RegexReplacementTest
Tests run: 2, Failures: 0, Errors: 0, Skipped: 0, Time elapsed: 0.352 sec
Running org.apache.logging.log4j.core.layout.PatternLayoutTest
15:56:35.831 [main] DEBUG  - starting mdc pattern test
15:56:35.832 [main] DEBUG  - empty mdc, no key specified in pattern
15:56:35.832 [main] DEBUG  - empty mdc, key1 in pattern
15:56:35.832 [main] DEBUG  - empty mdc, key2 in pattern
15:56:35.832 [main] DEBUG  - empty mdc, key3 in pattern
15:56:35.832 [main] DEBUG  - empty mdc, key1, key2, and key3 in pattern
15:56:35.833 [main] DEBUG  - filled mdc, no key specified in pattern
15:56:35.833 [main] DEBUG  - filled mdc, key1 in pattern
15:56:35.833 [main] DEBUG  - filled mdc, key2 in pattern
15:56:35.833 [main] DEBUG  - filled mdc, key3 in pattern
15:56:35.834 [main] DEBUG  - filled mdc, key1, key2, and key3 in pattern
15:56:35.834 [main] DEBUG  - finished mdc pattern test
Tests run: 2, Failures: 0, Errors: 0, Skipped: 0, Time elapsed: 0.273 sec
Running org.apache.logging.log4j.core.layout.SyslogLayoutTest
Tests run: 1, Failures: 0, Errors: 0, Skipped: 0, Time elapsed: 0.278 sec
Running org.apache.logging.log4j.core.appender.ConsoleAppenderTest
Tests run: 1, Failures: 0, Errors: 0, Skipped: 0, Time elapsed: 0.186 sec
Running org.apache.logging.log4j.core.appender.rolling.RollingAppenderTimeAndSizeTest
Tests run: 1, Failures: 0, Errors: 0, Skipped: 0, Time elapsed: 10.452 sec
Running org.apache.logging.log4j.core.appender.rolling.RollingAppenderUncompressedTest
Tests run: 1, Failures: 0, Errors: 0, Skipped: 0, Time elapsed: 0.436 sec
Running org.apache.logging.log4j.core.appender.rolling.OnStartupTriggeringPolicyTest
Tests run: 1, Failures: 0, Errors: 0, Skipped: 0, Time elapsed: 0.177 sec
Running org.apache.logging.log4j.core.appender.rolling.RollingAppenderTimeTest
Tests run: 1, Failures: 0, Errors: 0, Skipped: 0, Time elapsed: 10.409 sec
Running org.apache.logging.log4j.core.appender.rolling.RollingAppenderSizeTest
Tests run: 1, Failures: 0, Errors: 0, Skipped: 0, Time elapsed: 0.39 sec
Running org.apache.logging.log4j.core.appender.routing.JSONRoutingAppender2Test
Tests run: 1, Failures: 0, Errors: 0, Skipped: 0, Time elapsed: 0.413 sec
Running org.apache.logging.log4j.core.appender.routing.RoutingAppenderTest
2016-07-16 15:57:00,334 DEBUG Generated plugins in 0.003259214 seconds
2016-07-16 15:57:00,344 DEBUG Calling createProperty on class org.apache.logging.log4j.core.config.Property for element property with params(name="filename", value="target/routing1/routingtest-${sd:type}.log")
2016-07-16 15:57:00,347 DEBUG Calling configureSubstitutor on class org.apache.logging.log4j.core.config.plugins.PropertiesPlugin for element properties with params(properties={filename=target/routing1/routingtest-${sd:type}.log}, Configuration(RoutingTest))
2016-07-16 15:57:00,348 DEBUG Generated plugins in 0.000803455 seconds
2016-07-16 15:57:00,350 DEBUG Calling createFilter on class org.apache.logging.log4j.core.filter.ThresholdFilter for element ThresholdFilter with params(level="debug", onMatch="null", onMismatch="null")
2016-07-16 15:57:00,352 DEBUG Calling createLayout on class org.apache.logging.log4j.core.layout.PatternLayout for element PatternLayout with params(pattern="%m%n", Configuration(RoutingTest), null, charset="null")
2016-07-16 15:57:00,353 DEBUG Generated plugins in 0.000827759 seconds
2016-07-16 15:57:00,355 DEBUG Calling createAppender on class org.apache.logging.log4j.core.appender.ConsoleAppender for element Console with params(PatternLayout(%m%n), null, target="null", name="STDOUT", follow="null", suppressExceptions="null")
2016-07-16 15:57:00,355 DEBUG Calling createFilter on class org.apache.logging.log4j.core.filter.ThresholdFilter for element ThresholdFilter with params(level="debug", onMatch="null", onMismatch="null")
2016-07-16 15:57:00,357 DEBUG Calling createAppender on class org.apache.logging.log4j.test.appender.ListAppender for element List with params(name="List", entryPerNewLine="null", raw="null", null, ThresholdFilter(DEBUG))
2016-07-16 15:57:00,359 DEBUG Calling createRoute on class org.apache.logging.log4j.core.appender.routing.Route for element Route with params(ref="null", key="null", Node=Route)
2016-07-16 15:57:00,359 DEBUG Calling createRoute on class org.apache.logging.log4j.core.appender.routing.Route for element Route with params(ref="STDOUT", key="Audit", Node=Route)
2016-07-16 15:57:00,360 DEBUG Calling createRoute on class org.apache.logging.log4j.core.appender.routing.Route for element Route with params(ref="List", key="Service", Node=Route)
2016-07-16 15:57:00,360 DEBUG Calling createRoutes on class org.apache.logging.log4j.core.appender.routing.Routes for element Routes with params(pattern="${sd:type}", routes={Route(type=dynamic - type=Route default), Route(type=static Reference=STDOUT key='Audit'), Route(type=static Reference=List key='Service')})
2016-07-16 15:57:00,361 DEBUG Calling createAppender on class org.apache.logging.log4j.core.appender.routing.RoutingAppender for element Routing with params(name="Routing", suppressExceptions="null", Routes({Route(type=dynamic - type=Route default),Route(type=static Reference=STDOUT key='Audit'),Route(type=static Reference=List key='Service')}), Configuration(RoutingTest), null, null)
2016-07-16 15:57:00,362 DEBUG Calling createAppenders on class org.apache.logging.log4j.core.config.plugins.AppendersPlugin for element appenders with params(appenders={STDOUT, List, Routing})
2016-07-16 15:57:00,363 DEBUG Calling createAppenderRef on class org.apache.logging.log4j.core.config.AppenderRef for element appender-ref with params(ref="Routing", level="null", null)
2016-07-16 15:57:00,364 DEBUG Calling createLogger on class org.apache.logging.log4j.core.config.LoggerConfig for element logger with params(additivity="false", level="info", name="EventLogger", appender-ref={org.apache.logging.log4j.core.config.AppenderRef@a01ae18}, properties={}, Configuration(RoutingTest), null)
2016-07-16 15:57:00,366 DEBUG Calling createAppenderRef on class org.apache.logging.log4j.core.config.AppenderRef for element appender-ref with params(ref="STDOUT", level="null", null)
2016-07-16 15:57:00,367 DEBUG Calling createLogger on class org.apache.logging.log4j.core.config.LoggerConfig$RootLogger for element root with params(additivity="null", level="error", appender-ref={org.apache.logging.log4j.core.config.AppenderRef@76515a03}, properties={}, Configuration(RoutingTest), null)
2016-07-16 15:57:00,367 DEBUG Calling createLoggers on class org.apache.logging.log4j.core.config.plugins.LoggersPlugin for element loggers with params(loggers={EventLogger, root})
2016-07-16 15:57:00,368 DEBUG Reconfiguration completed
2016-07-16 15:57:00,379 DEBUG Calling createLayout on class org.apache.logging.log4j.core.layout.PatternLayout for element PatternLayout with params(pattern="%d %p %C{1.} [%t] %m%n", Configuration(RoutingTest), null, charset="null")
2016-07-16 15:57:00,380 DEBUG Calling createPolicy on class org.apache.logging.log4j.core.appender.rolling.SizeBasedTriggeringPolicy for element SizeBasedTriggeringPolicy with params(size="500")
2016-07-16 15:57:00,381 DEBUG Calling createAppender on class org.apache.logging.log4j.core.appender.RollingFileAppender for element RollingFile with params(fileName="target/routing1/routingtest-Alert.log", filePattern="target/routing1/test1-Alert.%i.log.gz", append="null", name="Routing-Alert", bufferedIO="null", immediateFlush="null", SizeBasedTriggeringPolicy(SizeBasedTriggeringPolicy(size=500)), null, PatternLayout(%d %p %C{1.} [%t] %m%n), null, suppressExceptions="null", Configuration(RoutingTest))
2016-07-16 15:57:00,383 DEBUG Starting RollingFileManager target/routing1/routingtest-Alert.log
2016-07-16 15:57:00,385 DEBUG Generated plugins in 0.000956058 seconds
2016-07-16 15:57:00,387 DEBUG Calling createLayout on class org.apache.logging.log4j.core.layout.PatternLayout for element PatternLayout with params(pattern="%d %p %C{1.} [%t] %m%n", Configuration(RoutingTest), null, charset="null")
2016-07-16 15:57:00,388 DEBUG Calling createPolicy on class org.apache.logging.log4j.core.appender.rolling.SizeBasedTriggeringPolicy for element SizeBasedTriggeringPolicy with params(size="500")
2016-07-16 15:57:00,389 DEBUG Calling createAppender on class org.apache.logging.log4j.core.appender.RollingFileAppender for element RollingFile with params(fileName="target/routing1/routingtest-Activity.log", filePattern="target/routing1/test1-Activity.%i.log.gz", append="null", name="Routing-Activity", bufferedIO="null", immediateFlush="null", SizeBasedTriggeringPolicy(SizeBasedTriggeringPolicy(size=500)), null, PatternLayout(%d %p %C{1.} [%t] %m%n), null, suppressExceptions="null", Configuration(RoutingTest))
2016-07-16 15:57:00,389 DEBUG Starting RollingFileManager target/routing1/routingtest-Activity.log
2016-07-16 15:57:00,390 DEBUG Generated plugins in 0.000944743 seconds
2016-07-16 15:57:00,391 DEBUG Reconfiguration started for context sun.misc.Launcher$AppClassLoader@540fe861
2016-07-16 15:57:00,392 DEBUG Generated plugins in 0.000768743 seconds
2016-07-16 15:57:00,413 DEBUG Generated plugins in 0.000795842 seconds
2016-07-16 15:57:00,414 DEBUG Generated plugins in 0.000812115 seconds
2016-07-16 15:57:00,415 DEBUG Shutting down RollingFileManager target/routing1/routingtest-Activity.log
2016-07-16 15:57:00,415 DEBUG Shutting down RollingFileManager target/routing1/routingtest-Alert.log
2016-07-16 15:57:00,415 DEBUG Reconfiguration completed
Tests run: 1, Failures: 0, Errors: 0, Skipped: 0, Time elapsed: 0.338 sec
Running org.apache.logging.log4j.core.appender.routing.JSONRoutingAppenderTest
Tests run: 1, Failures: 0, Errors: 0, Skipped: 0, Time elapsed: 0.407 sec
Running org.apache.logging.log4j.core.appender.FileAppenderTest
Tests run: 4, Failures: 0, Errors: 0, Skipped: 0, Time elapsed: 0.746 sec
Running org.apache.logging.log4j.core.appender.OutputStreamAppenderTest
Tests run: 1, Failures: 0, Errors: 0, Skipped: 0, Time elapsed: 0.161 sec
Running org.apache.logging.log4j.core.appender.FailoverAppenderTest
2016-07-16 15:57:02,556 ERROR logger contains an invalid element or attribute "additvity"
2016-07-16 15:57:02,567 ERROR An exception occurred processing Appender Fail org.apache.logging.log4j.LoggingException: Always fail
	at org.apache.logging.log4j.test.appender.AlwaysFailAppender.append(AlwaysFailAppender.java:37)
	at org.apache.logging.log4j.core.config.AppenderControl.callAppender(AppenderControl.java:98)
	at org.apache.logging.log4j.core.appender.FailoverAppender.callAppender(FailoverAppender.java:122)
	at org.apache.logging.log4j.core.appender.FailoverAppender.append(FailoverAppender.java:109)
	at org.apache.logging.log4j.core.config.AppenderControl.callAppender(AppenderControl.java:98)
	at org.apache.logging.log4j.core.config.LoggerConfig.callAppenders(LoggerConfig.java:334)
	at org.apache.logging.log4j.core.config.LoggerConfig.log(LoggerConfig.java:315)
	at org.apache.logging.log4j.core.config.LoggerConfig.log(LoggerConfig.java:280)
	at org.apache.logging.log4j.core.Logger.log(Logger.java:108)
	at org.apache.logging.log4j.spi.AbstractLogger.error(AbstractLogger.java:1048)
	at org.apache.logging.log4j.core.appender.FailoverAppenderTest.testFailover(FailoverAppenderTest.java:75)
	at sun.reflect.NativeMethodAccessorImpl.invoke0(Native Method)
	at sun.reflect.NativeMethodAccessorImpl.invoke(NativeMethodAccessorImpl.java:57)
	at sun.reflect.DelegatingMethodAccessorImpl.invoke(DelegatingMethodAccessorImpl.java:43)
	at java.lang.reflect.Method.invoke(Method.java:606)
	at org.junit.runners.model.FrameworkMethod$1.runReflectiveCall(FrameworkMethod.java:44)
	at org.junit.internal.runners.model.ReflectiveCallable.run(ReflectiveCallable.java:15)
	at org.junit.runners.model.FrameworkMethod.invokeExplosively(FrameworkMethod.java:41)
	at org.junit.internal.runners.statements.InvokeMethod.evaluate(InvokeMethod.java:20)
	at org.junit.runners.BlockJUnit4ClassRunner.runChild(BlockJUnit4ClassRunner.java:76)
	at org.junit.runners.BlockJUnit4ClassRunner.runChild(BlockJUnit4ClassRunner.java:50)
	at org.junit.runners.ParentRunner$3.run(ParentRunner.java:193)
	at org.junit.runners.ParentRunner$1.schedule(ParentRunner.java:52)
	at org.junit.runners.ParentRunner.runChildren(ParentRunner.java:191)
	at org.junit.runners.ParentRunner.access$000(ParentRunner.java:42)
	at org.junit.runners.ParentRunner$2.evaluate(ParentRunner.java:184)
	at org.junit.internal.runners.statements.RunBefores.evaluate(RunBefores.java:28)
	at org.junit.internal.runners.statements.RunAfters.evaluate(RunAfters.java:31)
	at org.junit.runners.ParentRunner.run(ParentRunner.java:236)
	at org.apache.maven.surefire.junit4.JUnit4Provider.execute(JUnit4Provider.java:252)
	at org.apache.maven.surefire.junit4.JUnit4Provider.executeTestSet(JUnit4Provider.java:141)
	at org.apache.maven.surefire.junit4.JUnit4Provider.invoke(JUnit4Provider.java:112)
	at sun.reflect.NativeMethodAccessorImpl.invoke0(Native Method)
	at sun.reflect.NativeMethodAccessorImpl.invoke(NativeMethodAccessorImpl.java:57)
	at sun.reflect.DelegatingMethodAccessorImpl.invoke(DelegatingMethodAccessorImpl.java:43)
	at java.lang.reflect.Method.invoke(Method.java:606)
	at org.apache.maven.surefire.util.ReflectionUtils.invokeMethodWithArray(ReflectionUtils.java:189)
	at org.apache.maven.surefire.booter.ProviderFactory$ProviderProxy.invoke(ProviderFactory.java:165)
	at org.apache.maven.surefire.booter.ProviderFactory.invokeProvider(ProviderFactory.java:85)
	at org.apache.maven.surefire.booter.ForkedBooter.runSuitesInProcess(ForkedBooter.java:115)
	at org.apache.maven.surefire.booter.ForkedBooter.main(ForkedBooter.java:75)

2016-07-16 15:57:02,570 ERROR An exception occurred processing Appender Once org.apache.logging.log4j.LoggingException: Always fail
	at org.apache.logging.log4j.test.appender.FailOnceAppender.append(FailOnceAppender.java:46)
	at org.apache.logging.log4j.core.config.AppenderControl.callAppender(AppenderControl.java:98)
	at org.apache.logging.log4j.core.appender.FailoverAppender.callAppender(FailoverAppender.java:122)
	at org.apache.logging.log4j.core.appender.FailoverAppender.append(FailoverAppender.java:109)
	at org.apache.logging.log4j.core.config.AppenderControl.callAppender(AppenderControl.java:98)
	at org.apache.logging.log4j.core.config.LoggerConfig.callAppenders(LoggerConfig.java:334)
	at org.apache.logging.log4j.core.config.LoggerConfig.log(LoggerConfig.java:315)
	at org.apache.logging.log4j.core.config.LoggerConfig.log(LoggerConfig.java:280)
	at org.apache.logging.log4j.core.Logger.log(Logger.java:108)
	at org.apache.logging.log4j.spi.AbstractLogger.error(AbstractLogger.java:1048)
	at org.apache.logging.log4j.core.appender.FailoverAppenderTest.testRecovery(FailoverAppenderTest.java:89)
	at sun.reflect.NativeMethodAccessorImpl.invoke0(Native Method)
	at sun.reflect.NativeMethodAccessorImpl.invoke(NativeMethodAccessorImpl.java:57)
	at sun.reflect.DelegatingMethodAccessorImpl.invoke(DelegatingMethodAccessorImpl.java:43)
	at java.lang.reflect.Method.invoke(Method.java:606)
	at org.junit.runners.model.FrameworkMethod$1.runReflectiveCall(FrameworkMethod.java:44)
	at org.junit.internal.runners.model.ReflectiveCallable.run(ReflectiveCallable.java:15)
	at org.junit.runners.model.FrameworkMethod.invokeExplosively(FrameworkMethod.java:41)
	at org.junit.internal.runners.statements.InvokeMethod.evaluate(InvokeMethod.java:20)
	at org.junit.runners.BlockJUnit4ClassRunner.runChild(BlockJUnit4ClassRunner.java:76)
	at org.junit.runners.BlockJUnit4ClassRunner.runChild(BlockJUnit4ClassRunner.java:50)
	at org.junit.runners.ParentRunner$3.run(ParentRunner.java:193)
	at org.junit.runners.ParentRunner$1.schedule(ParentRunner.java:52)
	at org.junit.runners.ParentRunner.runChildren(ParentRunner.java:191)
	at org.junit.runners.ParentRunner.access$000(ParentRunner.java:42)
	at org.junit.runners.ParentRunner$2.evaluate(ParentRunner.java:184)
	at org.junit.internal.runners.statements.RunBefores.evaluate(RunBefores.java:28)
	at org.junit.internal.runners.statements.RunAfters.evaluate(RunAfters.java:31)
	at org.junit.runners.ParentRunner.run(ParentRunner.java:236)
	at org.apache.maven.surefire.junit4.JUnit4Provider.execute(JUnit4Provider.java:252)
	at org.apache.maven.surefire.junit4.JUnit4Provider.executeTestSet(JUnit4Provider.java:141)
	at org.apache.maven.surefire.junit4.JUnit4Provider.invoke(JUnit4Provider.java:112)
	at sun.reflect.NativeMethodAccessorImpl.invoke0(Native Method)
	at sun.reflect.NativeMethodAccessorImpl.invoke(NativeMethodAccessorImpl.java:57)
	at sun.reflect.DelegatingMethodAccessorImpl.invoke(DelegatingMethodAccessorImpl.java:43)
	at java.lang.reflect.Method.invoke(Method.java:606)
	at org.apache.maven.surefire.util.ReflectionUtils.invokeMethodWithArray(ReflectionUtils.java:189)
	at org.apache.maven.surefire.booter.ProviderFactory$ProviderProxy.invoke(ProviderFactory.java:165)
	at org.apache.maven.surefire.booter.ProviderFactory.invokeProvider(ProviderFactory.java:85)
	at org.apache.maven.surefire.booter.ForkedBooter.runSuitesInProcess(ForkedBooter.java:115)
	at org.apache.maven.surefire.booter.ForkedBooter.main(ForkedBooter.java:75)

Tests run: 2, Failures: 0, Errors: 0, Skipped: 0, Time elapsed: 1.422 sec
Running org.apache.logging.log4j.core.appender.SyslogAppenderTest
Tests run: 5, Failures: 0, Errors: 0, Skipped: 0, Time elapsed: 0.319 sec
Running org.apache.logging.log4j.core.appender.rewrite.RewriteAppenderTest
Tests run: 2, Failures: 0, Errors: 0, Skipped: 0, Time elapsed: 0.37 sec
Running org.apache.logging.log4j.core.CollectionLoggingTest
15:57:05.420 [main] ERROR org.apache.logging.log4j.core.CollectionLoggingTest - java.net.NetworkInterface$1@31fa7bbf
15:57:05.476 [main] ERROR org.apache.logging.log4j.core.CollectionLoggingTest - {Big5=Big5, Big5-HKSCS=Big5-HKSCS, EUC-JP=EUC-JP, EUC-KR=EUC-KR, GB18030=GB18030, GB2312=GB2312, GBK=GBK, IBM-Thai=IBM-Thai, IBM00858=IBM00858, IBM01140=IBM01140, IBM01141=IBM01141, IBM01142=IBM01142, IBM01143=IBM01143, IBM01144=IBM01144, IBM01145=IBM01145, IBM01146=IBM01146, IBM01147=IBM01147, IBM01148=IBM01148, IBM01149=IBM01149, IBM037=IBM037, IBM1026=IBM1026, IBM1047=IBM1047, IBM273=IBM273, IBM277=IBM277, IBM278=IBM278, IBM280=IBM280, IBM284=IBM284, IBM285=IBM285, IBM290=IBM290, IBM297=IBM297, IBM420=IBM420, IBM424=IBM424, IBM437=IBM437, IBM500=IBM500, IBM775=IBM775, IBM850=IBM850, IBM852=IBM852, IBM855=IBM855, IBM857=IBM857, IBM860=IBM860, IBM861=IBM861, IBM862=IBM862, IBM863=IBM863, IBM864=IBM864, IBM865=IBM865, IBM866=IBM866, IBM868=IBM868, IBM869=IBM869, IBM870=IBM870, IBM871=IBM871, IBM918=IBM918, ISO-2022-CN=ISO-2022-CN, ISO-2022-JP=ISO-2022-JP, ISO-2022-JP-2=ISO-2022-JP-2, ISO-2022-KR=ISO-2022-KR, ISO-8859-1=ISO-8859-1, ISO-8859-13=ISO-8859-13, ISO-8859-15=ISO-8859-15, ISO-8859-2=ISO-8859-2, ISO-8859-3=ISO-8859-3, ISO-8859-4=ISO-8859-4, ISO-8859-5=ISO-8859-5, ISO-8859-6=ISO-8859-6, ISO-8859-7=ISO-8859-7, ISO-8859-8=ISO-8859-8, ISO-8859-9=ISO-8859-9, JIS_X0201=JIS_X0201, JIS_X0212-1990=JIS_X0212-1990, KOI8-R=KOI8-R, KOI8-U=KOI8-U, Shift_JIS=Shift_JIS, TIS-620=TIS-620, US-ASCII=US-ASCII, UTF-16=UTF-16, UTF-16BE=UTF-16BE, UTF-16LE=UTF-16LE, UTF-32=UTF-32, UTF-32BE=UTF-32BE, UTF-32LE=UTF-32LE, UTF-8=UTF-8, windows-1250=windows-1250, windows-1251=windows-1251, windows-1252=windows-1252, windows-1253=windows-1253, windows-1254=windows-1254, windows-1255=windows-1255, windows-1256=windows-1256, windows-1257=windows-1257, windows-1258=windows-1258, windows-31j=windows-31j, x-Big5-HKSCS-2001=x-Big5-HKSCS-2001, x-Big5-Solaris=x-Big5-Solaris, x-COMPOUND_TEXT=x-COMPOUND_TEXT, x-euc-jp-linux=x-euc-jp-linux, x-EUC-TW=x-EUC-TW, x-eucJP-Open=x-eucJP-Open, x-IBM1006=x-IBM1006, x-IBM1025=x-IBM1025, x-IBM1046=x-IBM1046, x-IBM1097=x-IBM1097, x-IBM1098=x-IBM1098, x-IBM1112=x-IBM1112, x-IBM1122=x-IBM1122, x-IBM1123=x-IBM1123, x-IBM1124=x-IBM1124, x-IBM1364=x-IBM1364, x-IBM1381=x-IBM1381, x-IBM1383=x-IBM1383, x-IBM300=x-IBM300, x-IBM33722=x-IBM33722, x-IBM737=x-IBM737, x-IBM833=x-IBM833, x-IBM834=x-IBM834, x-IBM856=x-IBM856, x-IBM874=x-IBM874, x-IBM875=x-IBM875, x-IBM921=x-IBM921, x-IBM922=x-IBM922, x-IBM930=x-IBM930, x-IBM933=x-IBM933, x-IBM935=x-IBM935, x-IBM937=x-IBM937, x-IBM939=x-IBM939, x-IBM942=x-IBM942, x-IBM942C=x-IBM942C, x-IBM943=x-IBM943, x-IBM943C=x-IBM943C, x-IBM948=x-IBM948, x-IBM949=x-IBM949, x-IBM949C=x-IBM949C, x-IBM950=x-IBM950, x-IBM964=x-IBM964, x-IBM970=x-IBM970, x-ISCII91=x-ISCII91, x-ISO-2022-CN-CNS=x-ISO-2022-CN-CNS, x-ISO-2022-CN-GB=x-ISO-2022-CN-GB, x-iso-8859-11=x-iso-8859-11, x-JIS0208=x-JIS0208, x-JISAutoDetect=x-JISAutoDetect, x-Johab=x-Johab, x-MacArabic=x-MacArabic, x-MacCentralEurope=x-MacCentralEurope, x-MacCroatian=x-MacCroatian, x-MacCyrillic=x-MacCyrillic, x-MacDingbat=x-MacDingbat, x-MacGreek=x-MacGreek, x-MacHebrew=x-MacHebrew, x-MacIceland=x-MacIceland, x-MacRoman=x-MacRoman, x-MacRomania=x-MacRomania, x-MacSymbol=x-MacSymbol, x-MacThai=x-MacThai, x-MacTurkish=x-MacTurkish, x-MacUkraine=x-MacUkraine, x-MS932_0213=x-MS932_0213, x-MS950-HKSCS=x-MS950-HKSCS, x-MS950-HKSCS-XP=x-MS950-HKSCS-XP, x-mswin-936=x-mswin-936, x-PCK=x-PCK, x-SJIS_0213=x-SJIS_0213, x-UTF-16LE-BOM=x-UTF-16LE-BOM, X-UTF-32BE-BOM=X-UTF-32BE-BOM, X-UTF-32LE-BOM=X-UTF-32LE-BOM, x-windows-50220=x-windows-50220, x-windows-50221=x-windows-50221, x-windows-874=x-windows-874, x-windows-949=x-windows-949, x-windows-950=x-windows-950, x-windows-iso2022jp=x-windows-iso2022jp}
15:57:05.478 [main] ERROR org.apache.logging.log4j.core.CollectionLoggingTest - {java.runtime.name=OpenJDK Runtime Environment, sun.boot.library.path=/usr/lib/jvm/java-7-openjdk-amd64/jre/lib/amd64, java.vm.version=24.95-b01, java.vm.vendor=Oracle Corporation, java.vendor.url=http://java.oracle.com/, path.separator=:, java.vm.name=OpenJDK 64-Bit Server VM, file.encoding.pkg=sun.io, user.country=US, sun.java.launcher=SUN_STANDARD, sun.os.patch.level=unknown, java.vm.specification.name=Java Virtual Machine Specification, user.dir=/home/ylyu/parallel/log4j2/log4j29/dataset/logging-log4j2/LOG4J2-143_1461f1f65b84407145cf0e2e62fcffbf2c9e5be6/core, java.runtime.version=1.7.0_101-b00, basedir=/home/ylyu/parallel/log4j2/log4j29/dataset/logging-log4j2/LOG4J2-143_1461f1f65b84407145cf0e2e62fcffbf2c9e5be6/core, java.awt.graphicsenv=sun.awt.X11GraphicsEnvironment, java.endorsed.dirs=/usr/lib/jvm/java-7-openjdk-amd64/jre/lib/endorsed, os.arch=amd64, surefire.real.class.path=/home/ylyu/parallel/log4j2/log4j29/dataset/logging-log4j2/LOG4J2-143_1461f1f65b84407145cf0e2e62fcffbf2c9e5be6/core/target/surefire/surefirebooter6409635550162456359.jar, java.io.tmpdir=/tmp, line.separator=
, java.vm.specification.vendor=Oracle Corporation, os.name=Linux, sun.jnu.encoding=UTF-8, java.library.path=/usr/java/packages/lib/amd64:/usr/lib/x86_64-linux-gnu/jni:/lib/x86_64-linux-gnu:/usr/lib/x86_64-linux-gnu:/usr/lib/jni:/lib:/usr/lib, surefire.test.class.path=/home/ylyu/parallel/log4j2/log4j29/dataset/logging-log4j2/LOG4J2-143_1461f1f65b84407145cf0e2e62fcffbf2c9e5be6/core/target/test-classes:/home/ylyu/parallel/log4j2/log4j29/dataset/logging-log4j2/LOG4J2-143_1461f1f65b84407145cf0e2e62fcffbf2c9e5be6/core/target/classes:/home/ylyu/.m2/repository/org/apache/logging/log4j/log4j-api/2.0-beta4-SNAPSHOT/log4j-api-2.0-beta4-SNAPSHOT.jar:/home/ylyu/.m2/repository/org/osgi/core/4.3.0/core-4.3.0.jar:/home/ylyu/.m2/repository/org/codehaus/jackson/jackson-core-asl/1.9.2/jackson-core-asl-1.9.2.jar:/home/ylyu/.m2/repository/org/codehaus/jackson/jackson-mapper-asl/1.9.2/jackson-mapper-asl-1.9.2.jar:/home/ylyu/.m2/repository/org/fusesource/jansi/jansi/1.9/jansi-1.9.jar:/home/ylyu/.m2/repository/oro/oro/2.0.8/oro-2.0.8.jar:/home/ylyu/.m2/repository/log4j/log4j/1.2.16/log4j-1.2.16.jar:/home/ylyu/.m2/repository/org/slf4j/slf4j-api/1.7.2/slf4j-api-1.7.2.jar:/home/ylyu/.m2/repository/org/slf4j/slf4j-ext/1.7.2/slf4j-ext-1.7.2.jar:/home/ylyu/.m2/repository/ch/qos/cal10n/cal10n-api/0.7.4/cal10n-api-0.7.4.jar:/home/ylyu/.m2/repository/junit/junit/4.7/junit-4.7.jar:/home/ylyu/.m2/repository/org/mockejb/mockejb/0.6-beta2/mockejb-0.6-beta2.jar:/home/ylyu/.m2/repository/cglib/cglib-full/2.0.2/cglib-full-2.0.2.jar:/home/ylyu/.m2/repository/commons-logging/commons-logging/1.0.4/commons-logging-1.0.4.jar:/home/ylyu/.m2/repository/ch/qos/logback/logback-core/1.0.7/logback-core-1.0.7.jar:/home/ylyu/.m2/repository/ch/qos/logback/logback-classic/1.0.7/logback-classic-1.0.7.jar:/home/ylyu/.m2/repository/org/apache/geronimo/specs/geronimo-jms_1.1_spec/1.0/geronimo-jms_1.1_spec-1.0.jar:/home/ylyu/.m2/repository/javax/mail/mail/1.4.5/mail-1.4.5.jar:/home/ylyu/.m2/repository/javax/activation/activation/1.1/activation-1.1.jar:, java.specification.name=Java Platform API Specification, java.class.version=51.0, sun.management.compiler=HotSpot 64-Bit Tiered Compilers, os.version=4.2.0-27-generic, user.home=/home/ylyu, user.timezone=America/Los_Angeles, java.awt.printerjob=sun.print.PSPrinterJob, file.encoding=UTF-8, java.specification.version=1.7, java.class.path=/home/ylyu/parallel/log4j2/log4j29/dataset/logging-log4j2/LOG4J2-143_1461f1f65b84407145cf0e2e62fcffbf2c9e5be6/core/target/test-classes:/home/ylyu/parallel/log4j2/log4j29/dataset/logging-log4j2/LOG4J2-143_1461f1f65b84407145cf0e2e62fcffbf2c9e5be6/core/target/classes:/home/ylyu/.m2/repository/org/apache/logging/log4j/log4j-api/2.0-beta4-SNAPSHOT/log4j-api-2.0-beta4-SNAPSHOT.jar:/home/ylyu/.m2/repository/org/osgi/core/4.3.0/core-4.3.0.jar:/home/ylyu/.m2/repository/org/codehaus/jackson/jackson-core-asl/1.9.2/jackson-core-asl-1.9.2.jar:/home/ylyu/.m2/repository/org/codehaus/jackson/jackson-mapper-asl/1.9.2/jackson-mapper-asl-1.9.2.jar:/home/ylyu/.m2/repository/org/fusesource/jansi/jansi/1.9/jansi-1.9.jar:/home/ylyu/.m2/repository/oro/oro/2.0.8/oro-2.0.8.jar:/home/ylyu/.m2/repository/log4j/log4j/1.2.16/log4j-1.2.16.jar:/home/ylyu/.m2/repository/org/slf4j/slf4j-api/1.7.2/slf4j-api-1.7.2.jar:/home/ylyu/.m2/repository/org/slf4j/slf4j-ext/1.7.2/slf4j-ext-1.7.2.jar:/home/ylyu/.m2/repository/ch/qos/cal10n/cal10n-api/0.7.4/cal10n-api-0.7.4.jar:/home/ylyu/.m2/repository/junit/junit/4.7/junit-4.7.jar:/home/ylyu/.m2/repository/org/mockejb/mockejb/0.6-beta2/mockejb-0.6-beta2.jar:/home/ylyu/.m2/repository/cglib/cglib-full/2.0.2/cglib-full-2.0.2.jar:/home/ylyu/.m2/repository/commons-logging/commons-logging/1.0.4/commons-logging-1.0.4.jar:/home/ylyu/.m2/repository/ch/qos/logback/logback-core/1.0.7/logback-core-1.0.7.jar:/home/ylyu/.m2/repository/ch/qos/logback/logback-classic/1.0.7/logback-classic-1.0.7.jar:/home/ylyu/.m2/repository/org/apache/geronimo/specs/geronimo-jms_1.1_spec/1.0/geronimo-jms_1.1_spec-1.0.jar:/home/ylyu/.m2/repository/javax/mail/mail/1.4.5/mail-1.4.5.jar:/home/ylyu/.m2/repository/javax/activation/activation/1.1/activation-1.1.jar:, user.name=ylyu, java.vm.specification.version=1.7, sun.java.command=/home/ylyu/parallel/log4j2/log4j29/dataset/logging-log4j2/LOG4J2-143_1461f1f65b84407145cf0e2e62fcffbf2c9e5be6/core/target/surefire/surefirebooter6409635550162456359.jar /home/ylyu/parallel/log4j2/log4j29/dataset/logging-log4j2/LOG4J2-143_1461f1f65b84407145cf0e2e62fcffbf2c9e5be6/core/target/surefire/surefire6795501992481853049tmp /home/ylyu/parallel/log4j2/log4j29/dataset/logging-log4j2/LOG4J2-143_1461f1f65b84407145cf0e2e62fcffbf2c9e5be6/core/target/surefire/surefire_63938611588753491448tmp, java.home=/usr/lib/jvm/java-7-openjdk-amd64/jre, sun.arch.data.model=64, user.language=en, java.specification.vendor=Oracle Corporation, awt.toolkit=sun.awt.X11.XToolkit, java.vm.info=mixed mode, java.version=1.7.0_101, java.ext.dirs=/usr/lib/jvm/java-7-openjdk-amd64/jre/lib/ext:/usr/java/packages/lib/ext, sun.boot.class.path=/usr/lib/jvm/java-7-openjdk-amd64/jre/lib/resources.jar:/usr/lib/jvm/java-7-openjdk-amd64/jre/lib/rt.jar:/usr/lib/jvm/java-7-openjdk-amd64/jre/lib/sunrsasign.jar:/usr/lib/jvm/java-7-openjdk-amd64/jre/lib/jsse.jar:/usr/lib/jvm/java-7-openjdk-amd64/jre/lib/jce.jar:/usr/lib/jvm/java-7-openjdk-amd64/jre/lib/charsets.jar:/usr/lib/jvm/java-7-openjdk-amd64/jre/lib/rhino.jar:/usr/lib/jvm/java-7-openjdk-amd64/jre/lib/jfr.jar:/usr/lib/jvm/java-7-openjdk-amd64/jre/classes, java.vendor=Oracle Corporation, localRepository=/home/ylyu/.m2/repository, file.separator=/, java.vendor.url.bug=http://bugreport.sun.com/bugreport/, sun.io.unicode.encoding=UnicodeLittle, sun.cpu.endian=little, sun.cpu.isalist=}
15:57:05.480 [main] ERROR org.apache.logging.log4j.core.CollectionLoggingTest - MyKey1="MyValue1" MyKey2="MyValue2"
15:57:05.480 [main] ERROR org.apache.logging.log4j.core.CollectionLoggingTest - {MyKey2=MyValue2, MyKey1=MyValue1}
15:57:05.481 [main] ERROR org.apache.logging.log4j.core.CollectionLoggingTest - {java.runtime.name=OpenJDK Runtime Environment, sun.boot.library.path=/usr/lib/jvm/java-7-openjdk-amd64/jre/lib/amd64, java.vm.version=24.95-b01, java.vm.vendor=Oracle Corporation, java.vendor.url=http://java.oracle.com/, path.separator=:, java.vm.name=OpenJDK 64-Bit Server VM, file.encoding.pkg=sun.io, user.country=US, sun.java.launcher=SUN_STANDARD, sun.os.patch.level=unknown, java.vm.specification.name=Java Virtual Machine Specification, user.dir=/home/ylyu/parallel/log4j2/log4j29/dataset/logging-log4j2/LOG4J2-143_1461f1f65b84407145cf0e2e62fcffbf2c9e5be6/core, java.runtime.version=1.7.0_101-b00, basedir=/home/ylyu/parallel/log4j2/log4j29/dataset/logging-log4j2/LOG4J2-143_1461f1f65b84407145cf0e2e62fcffbf2c9e5be6/core, java.awt.graphicsenv=sun.awt.X11GraphicsEnvironment, java.endorsed.dirs=/usr/lib/jvm/java-7-openjdk-amd64/jre/lib/endorsed, os.arch=amd64, surefire.real.class.path=/home/ylyu/parallel/log4j2/log4j29/dataset/logging-log4j2/LOG4J2-143_1461f1f65b84407145cf0e2e62fcffbf2c9e5be6/core/target/surefire/surefirebooter6409635550162456359.jar, java.io.tmpdir=/tmp, line.separator=
, java.vm.specification.vendor=Oracle Corporation, os.name=Linux, sun.jnu.encoding=UTF-8, java.library.path=/usr/java/packages/lib/amd64:/usr/lib/x86_64-linux-gnu/jni:/lib/x86_64-linux-gnu:/usr/lib/x86_64-linux-gnu:/usr/lib/jni:/lib:/usr/lib, surefire.test.class.path=/home/ylyu/parallel/log4j2/log4j29/dataset/logging-log4j2/LOG4J2-143_1461f1f65b84407145cf0e2e62fcffbf2c9e5be6/core/target/test-classes:/home/ylyu/parallel/log4j2/log4j29/dataset/logging-log4j2/LOG4J2-143_1461f1f65b84407145cf0e2e62fcffbf2c9e5be6/core/target/classes:/home/ylyu/.m2/repository/org/apache/logging/log4j/log4j-api/2.0-beta4-SNAPSHOT/log4j-api-2.0-beta4-SNAPSHOT.jar:/home/ylyu/.m2/repository/org/osgi/core/4.3.0/core-4.3.0.jar:/home/ylyu/.m2/repository/org/codehaus/jackson/jackson-core-asl/1.9.2/jackson-core-asl-1.9.2.jar:/home/ylyu/.m2/repository/org/codehaus/jackson/jackson-mapper-asl/1.9.2/jackson-mapper-asl-1.9.2.jar:/home/ylyu/.m2/repository/org/fusesource/jansi/jansi/1.9/jansi-1.9.jar:/home/ylyu/.m2/repository/oro/oro/2.0.8/oro-2.0.8.jar:/home/ylyu/.m2/repository/log4j/log4j/1.2.16/log4j-1.2.16.jar:/home/ylyu/.m2/repository/org/slf4j/slf4j-api/1.7.2/slf4j-api-1.7.2.jar:/home/ylyu/.m2/repository/org/slf4j/slf4j-ext/1.7.2/slf4j-ext-1.7.2.jar:/home/ylyu/.m2/repository/ch/qos/cal10n/cal10n-api/0.7.4/cal10n-api-0.7.4.jar:/home/ylyu/.m2/repository/junit/junit/4.7/junit-4.7.jar:/home/ylyu/.m2/repository/org/mockejb/mockejb/0.6-beta2/mockejb-0.6-beta2.jar:/home/ylyu/.m2/repository/cglib/cglib-full/2.0.2/cglib-full-2.0.2.jar:/home/ylyu/.m2/repository/commons-logging/commons-logging/1.0.4/commons-logging-1.0.4.jar:/home/ylyu/.m2/repository/ch/qos/logback/logback-core/1.0.7/logback-core-1.0.7.jar:/home/ylyu/.m2/repository/ch/qos/logback/logback-classic/1.0.7/logback-classic-1.0.7.jar:/home/ylyu/.m2/repository/org/apache/geronimo/specs/geronimo-jms_1.1_spec/1.0/geronimo-jms_1.1_spec-1.0.jar:/home/ylyu/.m2/repository/javax/mail/mail/1.4.5/mail-1.4.5.jar:/home/ylyu/.m2/repository/javax/activation/activation/1.1/activation-1.1.jar:, java.specification.name=Java Platform API Specification, java.class.version=51.0, sun.management.compiler=HotSpot 64-Bit Tiered Compilers, os.version=4.2.0-27-generic, user.home=/home/ylyu, user.timezone=America/Los_Angeles, java.awt.printerjob=sun.print.PSPrinterJob, file.encoding=UTF-8, java.specification.version=1.7, java.class.path=/home/ylyu/parallel/log4j2/log4j29/dataset/logging-log4j2/LOG4J2-143_1461f1f65b84407145cf0e2e62fcffbf2c9e5be6/core/target/test-classes:/home/ylyu/parallel/log4j2/log4j29/dataset/logging-log4j2/LOG4J2-143_1461f1f65b84407145cf0e2e62fcffbf2c9e5be6/core/target/classes:/home/ylyu/.m2/repository/org/apache/logging/log4j/log4j-api/2.0-beta4-SNAPSHOT/log4j-api-2.0-beta4-SNAPSHOT.jar:/home/ylyu/.m2/repository/org/osgi/core/4.3.0/core-4.3.0.jar:/home/ylyu/.m2/repository/org/codehaus/jackson/jackson-core-asl/1.9.2/jackson-core-asl-1.9.2.jar:/home/ylyu/.m2/repository/org/codehaus/jackson/jackson-mapper-asl/1.9.2/jackson-mapper-asl-1.9.2.jar:/home/ylyu/.m2/repository/org/fusesource/jansi/jansi/1.9/jansi-1.9.jar:/home/ylyu/.m2/repository/oro/oro/2.0.8/oro-2.0.8.jar:/home/ylyu/.m2/repository/log4j/log4j/1.2.16/log4j-1.2.16.jar:/home/ylyu/.m2/repository/org/slf4j/slf4j-api/1.7.2/slf4j-api-1.7.2.jar:/home/ylyu/.m2/repository/org/slf4j/slf4j-ext/1.7.2/slf4j-ext-1.7.2.jar:/home/ylyu/.m2/repository/ch/qos/cal10n/cal10n-api/0.7.4/cal10n-api-0.7.4.jar:/home/ylyu/.m2/repository/junit/junit/4.7/junit-4.7.jar:/home/ylyu/.m2/repository/org/mockejb/mockejb/0.6-beta2/mockejb-0.6-beta2.jar:/home/ylyu/.m2/repository/cglib/cglib-full/2.0.2/cglib-full-2.0.2.jar:/home/ylyu/.m2/repository/commons-logging/commons-logging/1.0.4/commons-logging-1.0.4.jar:/home/ylyu/.m2/repository/ch/qos/logback/logback-core/1.0.7/logback-core-1.0.7.jar:/home/ylyu/.m2/repository/ch/qos/logback/logback-classic/1.0.7/logback-classic-1.0.7.jar:/home/ylyu/.m2/repository/org/apache/geronimo/specs/geronimo-jms_1.1_spec/1.0/geronimo-jms_1.1_spec-1.0.jar:/home/ylyu/.m2/repository/javax/mail/mail/1.4.5/mail-1.4.5.jar:/home/ylyu/.m2/repository/javax/activation/activation/1.1/activation-1.1.jar:, user.name=ylyu, java.vm.specification.version=1.7, sun.java.command=/home/ylyu/parallel/log4j2/log4j29/dataset/logging-log4j2/LOG4J2-143_1461f1f65b84407145cf0e2e62fcffbf2c9e5be6/core/target/surefire/surefirebooter6409635550162456359.jar /home/ylyu/parallel/log4j2/log4j29/dataset/logging-log4j2/LOG4J2-143_1461f1f65b84407145cf0e2e62fcffbf2c9e5be6/core/target/surefire/surefire6795501992481853049tmp /home/ylyu/parallel/log4j2/log4j29/dataset/logging-log4j2/LOG4J2-143_1461f1f65b84407145cf0e2e62fcffbf2c9e5be6/core/target/surefire/surefire_63938611588753491448tmp, java.home=/usr/lib/jvm/java-7-openjdk-amd64/jre, sun.arch.data.model=64, user.language=en, java.specification.vendor=Oracle Corporation, awt.toolkit=sun.awt.X11.XToolkit, java.vm.info=mixed mode, java.version=1.7.0_101, java.ext.dirs=/usr/lib/jvm/java-7-openjdk-amd64/jre/lib/ext:/usr/java/packages/lib/ext, sun.boot.class.path=/usr/lib/jvm/java-7-openjdk-amd64/jre/lib/resources.jar:/usr/lib/jvm/java-7-openjdk-amd64/jre/lib/rt.jar:/usr/lib/jvm/java-7-openjdk-amd64/jre/lib/sunrsasign.jar:/usr/lib/jvm/java-7-openjdk-amd64/jre/lib/jsse.jar:/usr/lib/jvm/java-7-openjdk-amd64/jre/lib/jce.jar:/usr/lib/jvm/java-7-openjdk-amd64/jre/lib/charsets.jar:/usr/lib/jvm/java-7-openjdk-amd64/jre/lib/rhino.jar:/usr/lib/jvm/java-7-openjdk-amd64/jre/lib/jfr.jar:/usr/lib/jvm/java-7-openjdk-amd64/jre/classes, java.vendor=Oracle Corporation, localRepository=/home/ylyu/.m2/repository, file.separator=/, java.vendor.url.bug=http://bugreport.sun.com/bugreport/, sun.io.unicode.encoding=UnicodeLittle, sun.cpu.endian=little, sun.cpu.isalist=}
Tests run: 4, Failures: 0, Errors: 0, Skipped: 0, Time elapsed: 0.322 sec

Results :

Tests in error: 
  testPatternWithConfiguration(org.apache.logging.log4j.core.pattern.MessagePatternConverterTest)

Tests run: 112, Failures: 0, Errors: 1, Skipped: 0

[INFO] ------------------------------------------------------------------------
[INFO] BUILD FAILURE
[INFO] ------------------------------------------------------------------------
[INFO] Total time: 01:11 min
[INFO] Finished at: 2016-07-16T15:57:05-07:00
[INFO] Final Memory: 19M/964M
[INFO] ------------------------------------------------------------------------
[ERROR] Failed to execute goal org.apache.maven.plugins:maven-surefire-plugin:2.12.4:test (default-test) on project log4j-core: There are test failures.
[ERROR] 
[ERROR] Please refer to /home/ylyu/parallel/log4j2/log4j29/dataset/logging-log4j2/LOG4J2-143_1461f1f65b84407145cf0e2e62fcffbf2c9e5be6/core/target/surefire-reports for the individual test results.
[ERROR] -> [Help 1]
[ERROR] 
[ERROR] To see the full stack trace of the errors, re-run Maven with the -e switch.
[ERROR] Re-run Maven using the -X switch to enable full debug logging.
[ERROR] 
[ERROR] For more information about the errors and possible solutions, please read the following articles:
[ERROR] [Help 1] http://cwiki.apache.org/confluence/display/MAVEN/MojoFailureException
