[INFO] Scanning for projects...
[INFO]                                                                         
[INFO] ------------------------------------------------------------------------
[INFO] Building flink-core 0.9-SNAPSHOT
[INFO] ------------------------------------------------------------------------
[INFO] 
[INFO] --- maven-checkstyle-plugin:2.12.1:check (validate) @ flink-core ---
[INFO] 
[INFO] 
[INFO] --- maven-enforcer-plugin:1.3.1:enforce (enforce-maven) @ flink-core ---
[INFO] 
[INFO] --- maven-remote-resources-plugin:1.5:process (default) @ flink-core ---
[INFO] 
[INFO] --- maven-resources-plugin:2.6:resources (default-resources) @ flink-core ---
[INFO] Using 'UTF-8' encoding to copy filtered resources.
[INFO] skip non existing resourceDirectory /space/parallel/flink/flink9/dataset/flink/FLINK-2121_033409190235f93ed6d4e652214e7f35a34c3fe3/flink-core/src/main/resources
[INFO] Copying 3 resources
[INFO] 
[INFO] --- maven-compiler-plugin:3.1:compile (default-compile) @ flink-core ---
[INFO] Nothing to compile - all classes are up to date
[INFO] 
[INFO] --- maven-resources-plugin:2.6:testResources (default-testResources) @ flink-core ---
[INFO] Using 'UTF-8' encoding to copy filtered resources.
[INFO] Copying 2 resources
[INFO] Copying 3 resources
[INFO] 
[INFO] --- maven-compiler-plugin:3.1:testCompile (default-testCompile) @ flink-core ---
[INFO] Nothing to compile - all classes are up to date
[INFO] 
[INFO] --- maven-surefire-plugin:2.17:test (default-test) @ flink-core ---
[INFO] Surefire report directory: /space/parallel/flink/flink9/dataset/flink/FLINK-2121_033409190235f93ed6d4e652214e7f35a34c3fe3/flink-core/target/surefire-reports

-------------------------------------------------------
 T E S T S
-------------------------------------------------------

-------------------------------------------------------
 T E S T S
-------------------------------------------------------
Running org.apache.flink.api.common.operators.base.JoinOperatorBaseTest
Running org.apache.flink.api.common.operators.util.FieldListTest
Running org.apache.flink.api.common.operators.util.FieldSetTest
Running org.apache.flink.api.common.operators.util.OperatorUtilTest
Running org.apache.flink.api.common.operators.base.FlatMapOperatorCollectionTest
Running org.apache.flink.api.common.operators.SingleInputSemanticPropertiesTest
Running org.apache.flink.api.common.operators.base.MapOperatorTest
Running org.apache.flink.api.common.operators.base.PartitionMapOperatorTest
Running org.apache.flink.api.common.functions.util.RuntimeUDFContextTest
Running org.apache.flink.api.common.ExecutionConfigTest
Running org.apache.flink.api.common.typeutils.base.LongComparatorTest
Running org.apache.flink.api.common.typeutils.base.DoubleComparatorTest
Running org.apache.flink.api.common.operators.DualInputSemanticPropertiesTest
Running org.apache.flink.api.common.typeutils.base.DateComparatorTest
Running org.apache.flink.api.common.typeutils.base.CharComparatorTest
Running org.apache.flink.api.common.typeutils.base.FloatComparatorTest
Running org.apache.flink.api.common.typeutils.base.BooleanValueSerializerTest
Running org.apache.flink.api.common.typeutils.base.DoubleSerializerTest
Running org.apache.flink.api.common.typeutils.base.BooleanComparatorTest
Running org.apache.flink.api.common.typeutils.base.ShortComparatorTest
Running org.apache.flink.api.common.typeutils.base.LongSerializerTest
Running org.apache.flink.api.common.typeutils.base.IntComparatorTest
Running org.apache.flink.api.common.typeutils.base.array.FloatPrimitiveArraySerializerTest
Tests run: 5, Failures: 0, Errors: 0, Skipped: 0, Time elapsed: 0.282 sec - in org.apache.flink.api.common.functions.util.RuntimeUDFContextTest
Running org.apache.flink.api.common.typeutils.base.array.BytePrimitiveArraySerializerTest
Tests run: 10, Failures: 0, Errors: 0, Skipped: 0, Time elapsed: 0.398 sec - in org.apache.flink.api.common.operators.SingleInputSemanticPropertiesTest
Running org.apache.flink.api.common.typeutils.base.array.CharPrimitiveArraySerializerTest
Tests run: 1, Failures: 0, Errors: 0, Skipped: 0, Time elapsed: 0.407 sec - in org.apache.flink.api.common.ExecutionConfigTest
Running org.apache.flink.api.common.typeutils.base.array.DoublePrimitiveArraySerializerTest
Tests run: 1, Failures: 0, Errors: 0, Skipped: 0, Time elapsed: 0.457 sec - in org.apache.flink.api.common.operators.base.PartitionMapOperatorTest
Tests run: 5, Failures: 0, Errors: 0, Skipped: 0, Time elapsed: 0.459 sec - in org.apache.flink.api.common.operators.DualInputSemanticPropertiesTest
Running org.apache.flink.api.common.typeutils.base.array.StringArraySerializerTest
Tests run: 4, Failures: 0, Errors: 0, Skipped: 0, Time elapsed: 0.499 sec - in org.apache.flink.api.common.operators.util.FieldSetTest
Running org.apache.flink.api.common.typeutils.base.array.IntPrimitiveArraySerializerTest
Tests run: 4, Failures: 0, Errors: 0, Skipped: 0, Time elapsed: 0.508 sec - in org.apache.flink.api.common.operators.util.FieldListTest
Running org.apache.flink.api.common.typeutils.base.array.BooleanPrimitiveArraySerializerTest
Running org.apache.flink.api.common.typeutils.base.array.ShortPrimitiveArraySerializerTest
Tests run: 8, Failures: 0, Errors: 0, Skipped: 0, Time elapsed: 0.54 sec - in org.apache.flink.api.common.operators.util.OperatorUtilTest
Running org.apache.flink.api.common.typeutils.base.array.LongPrimitiveArraySerializerTest
Tests run: 10, Failures: 0, Errors: 0, Skipped: 0, Time elapsed: 0.52 sec - in org.apache.flink.api.common.typeutils.base.FloatComparatorTest
Running org.apache.flink.api.common.typeutils.base.IntSerializerTest
Running org.apache.flink.api.common.typeutils.base.FloatSerializerTest
Tests run: 10, Failures: 0, Errors: 0, Skipped: 0, Time elapsed: 0.588 sec - in org.apache.flink.api.common.typeutils.base.DoubleComparatorTest
Running org.apache.flink.api.common.typeutils.base.DateSerializerTest
Tests run: 12, Failures: 0, Errors: 0, Skipped: 0, Time elapsed: 0.13 sec - in org.apache.flink.api.common.typeutils.base.array.ShortPrimitiveArraySerializerTest
Running org.apache.flink.api.common.typeutils.base.ByteComparatorTest
Tests run: 10, Failures: 0, Errors: 0, Skipped: 0, Time elapsed: 0.61 sec - in org.apache.flink.api.common.typeutils.base.CharComparatorTest
Running org.apache.flink.api.common.typeutils.base.ShortSerializerTest
Tests run: 10, Failures: 0, Errors: 0, Skipped: 0, Time elapsed: 0.615 sec - in org.apache.flink.api.common.typeutils.base.BooleanComparatorTest
Running org.apache.flink.api.common.typeutils.base.DoubleValueSerializerTest
Tests run: 10, Failures: 0, Errors: 0, Skipped: 0, Time elapsed: 0.62 sec - in org.apache.flink.api.common.typeutils.base.ShortComparatorTest
Tests run: 12, Failures: 0, Errors: 0, Skipped: 0, Time elapsed: 0.28 sec - in org.apache.flink.api.common.typeutils.base.array.CharPrimitiveArraySerializerTest
Running org.apache.flink.api.common.typeutils.base.ByteSerializerTest
Running org.apache.flink.api.common.typeutils.base.FloatValueSerializerTest
Tests run: 10, Failures: 0, Errors: 0, Skipped: 0, Time elapsed: 0.09 sec - in org.apache.flink.api.common.typeutils.base.ByteComparatorTest
Tests run: 10, Failures: 0, Errors: 0, Skipped: 0, Time elapsed: 0.703 sec - in org.apache.flink.api.common.typeutils.base.DateComparatorTest
Running org.apache.flink.api.common.typeutils.base.BooleanSerializerTest
Running org.apache.flink.api.common.typeutils.base.StringSerializerTest
Tests run: 12, Failures: 0, Errors: 0, Skipped: 0, Time elapsed: 0.293 sec - in org.apache.flink.api.common.typeutils.base.array.DoublePrimitiveArraySerializerTest
Running org.apache.flink.api.common.typeutils.base.ShortValueSerializerTest
Tests run: 12, Failures: 0, Errors: 0, Skipped: 0, Time elapsed: 0.252 sec - in org.apache.flink.api.common.typeutils.base.array.LongPrimitiveArraySerializerTest
Running org.apache.flink.api.common.typeutils.base.CharValueSerializerTest
Tests run: 12, Failures: 0, Errors: 0, Skipped: 0, Time elapsed: 0.11 sec - in org.apache.flink.api.common.typeutils.base.ByteSerializerTest
Running org.apache.flink.api.common.typeutils.base.CharSerializerTest
Tests run: 12, Failures: 0, Errors: 0, Skipped: 0, Time elapsed: 0.095 sec - in org.apache.flink.api.common.typeutils.base.StringSerializerTest
Running org.apache.flink.api.common.typeutils.base.StringComparatorTest
Tests run: 12, Failures: 0, Errors: 0, Skipped: 0, Time elapsed: 0.816 sec - in org.apache.flink.api.common.typeutils.base.BooleanValueSerializerTest
Tests run: 12, Failures: 0, Errors: 0, Skipped: 0, Time elapsed: 0.769 sec - in org.apache.flink.api.common.typeutils.base.LongSerializerTest
Running org.apache.flink.api.common.typeutils.base.LongValueSerializerTest
Tests run: 12, Failures: 0, Errors: 0, Skipped: 0, Time elapsed: 0.371 sec - in org.apache.flink.api.common.typeutils.base.array.BooleanPrimitiveArraySerializerTest
Running org.apache.flink.api.common.typeutils.base.StringValueSerializerTest
Running org.apache.flink.api.common.typeutils.base.ByteValueSerializerTest
Tests run: 10, Failures: 0, Errors: 0, Skipped: 0, Time elapsed: 0.858 sec - in org.apache.flink.api.common.typeutils.base.LongComparatorTest
Tests run: 12, Failures: 0, Errors: 0, Skipped: 0, Time elapsed: 0.059 sec - in org.apache.flink.api.common.typeutils.base.CharSerializerTest
Running org.apache.flink.api.common.io.BinaryInputFormatTest
Running org.apache.flink.api.common.typeutils.base.IntValueSerializerTest
Tests run: 12, Failures: 0, Errors: 0, Skipped: 0, Time elapsed: 0.083 sec - in org.apache.flink.api.common.typeutils.base.CharValueSerializerTest
Running org.apache.flink.api.common.io.EnumerateNestedFilesTest
Tests run: 12, Failures: 0, Errors: 0, Skipped: 0, Time elapsed: 0.326 sec - in org.apache.flink.api.common.typeutils.base.IntSerializerTest
Running org.apache.flink.api.common.io.DelimitedInputFormatTest
Tests run: 12, Failures: 0, Errors: 0, Skipped: 0, Time elapsed: 0.152 sec - in org.apache.flink.api.common.typeutils.base.ShortValueSerializerTest
Tests run: 10, Failures: 0, Errors: 0, Skipped: 0, Time elapsed: 0.057 sec - in org.apache.flink.api.common.typeutils.base.StringComparatorTest
Running org.apache.flink.api.common.io.FileInputFormatTest
Running org.apache.flink.api.common.io.GenericCsvInputFormatTest
Tests run: 12, Failures: 0, Errors: 0, Skipped: 0, Time elapsed: 0.411 sec - in org.apache.flink.api.common.typeutils.base.array.IntPrimitiveArraySerializerTest
Running org.apache.flink.api.common.io.FileOutputFormatTest
Tests run: 12, Failures: 0, Errors: 0, Skipped: 0, Time elapsed: 0.329 sec - in org.apache.flink.api.common.typeutils.base.ShortSerializerTest
Running org.apache.flink.api.common.io.DelimitedInputFormatSamplingTest
Tests run: 12, Failures: 0, Errors: 0, Skipped: 0, Time elapsed: 0.147 sec - in org.apache.flink.api.common.typeutils.base.LongValueSerializerTest
Running org.apache.flink.api.common.io.SerializedFormatTest
Tests run: 12, Failures: 0, Errors: 0, Skipped: 0, Time elapsed: 0.964 sec - in org.apache.flink.api.common.typeutils.base.DoubleSerializerTest
Running org.apache.flink.api.distributions.SimpleDataDistributionTest
Tests run: 10, Failures: 0, Errors: 0, Skipped: 0, Time elapsed: 0.74 sec - in org.apache.flink.api.common.typeutils.base.IntComparatorTest
Running org.apache.flink.configuration.ConfigurationTest
Tests run: 12, Failures: 0, Errors: 0, Skipped: 0, Time elapsed: 0.733 sec - in org.apache.flink.api.common.typeutils.base.array.FloatPrimitiveArraySerializerTest
Tests run: 12, Failures: 0, Errors: 0, Skipped: 0, Time elapsed: 0.36 sec - in org.apache.flink.api.common.typeutils.base.FloatValueSerializerTest
Running org.apache.flink.configuration.GlobalConfigurationTest
Running org.apache.flink.core.fs.local.LocalFileSystemTest
Tests run: 12, Failures: 0, Errors: 0, Skipped: 0, Time elapsed: 0.194 sec - in org.apache.flink.api.common.typeutils.base.IntValueSerializerTest
Running org.apache.flink.core.fs.FileSystemTest
Tests run: 12, Failures: 0, Errors: 0, Skipped: 0, Time elapsed: 0.349 sec - in org.apache.flink.api.common.typeutils.base.BooleanSerializerTest
Tests run: 12, Failures: 0, Errors: 0, Skipped: 0, Time elapsed: 0.215 sec - in org.apache.flink.api.common.typeutils.base.ByteValueSerializerTest
Running org.apache.flink.core.fs.PathTest
Running org.apache.flink.core.io.DefaultSplitAssignerTest
Tests run: 4, Failures: 0, Errors: 0, Skipped: 0, Time elapsed: 0.082 sec - in org.apache.flink.api.distributions.SimpleDataDistributionTest
Running org.apache.flink.core.io.LocatableSplitAssignerTest
Tests run: 12, Failures: 0, Errors: 0, Skipped: 0, Time elapsed: 0.448 sec - in org.apache.flink.api.common.typeutils.base.DoubleValueSerializerTest
Running org.apache.flink.util.NumberSequenceIteratorTest
Tests run: 12, Failures: 0, Errors: 0, Skipped: 0, Time elapsed: 0.261 sec - in org.apache.flink.api.common.typeutils.base.StringValueSerializerTest
Running org.apache.flink.util.AbstractIDTest
Tests run: 12, Failures: 0, Errors: 0, Skipped: 0, Time elapsed: 0.516 sec - in org.apache.flink.api.common.typeutils.base.DateSerializerTest
Running org.apache.flink.util.InstantiationUtilTest
Tests run: 3, Failures: 0, Errors: 0, Skipped: 0, Time elapsed: 0.036 sec - in org.apache.flink.util.AbstractIDTest
Running org.apache.flink.util.StringUtilsTest
Tests run: 3, Failures: 0, Errors: 0, Skipped: 0, Time elapsed: 0.055 sec - in org.apache.flink.util.NumberSequenceIteratorTest
Running org.apache.flink.util.SimpleStringUtilsTest
Tests run: 5, Failures: 0, Errors: 0, Skipped: 0, Time elapsed: 0.07 sec - in org.apache.flink.util.SimpleStringUtilsTest
Tests run: 5, Failures: 0, Errors: 0, Skipped: 0, Time elapsed: 0.079 sec - in org.apache.flink.util.StringUtilsTest
Running org.apache.flink.types.parser.DoubleParserTest
Running org.apache.flink.types.CollectionsDataTypeTest
Tests run: 3, Failures: 0, Errors: 0, Skipped: 0, Time elapsed: 0.107 sec - in org.apache.flink.types.CollectionsDataTypeTest
Running org.apache.flink.types.parser.IntValueParserTest
Tests run: 2, Failures: 0, Errors: 0, Skipped: 0, Time elapsed: 1.449 sec - in org.apache.flink.api.common.operators.base.MapOperatorTest
Running org.apache.flink.types.parser.LongValueParserTest
Tests run: 1, Failures: 0, Errors: 0, Skipped: 0, Time elapsed: 1.456 sec - in org.apache.flink.api.common.operators.base.FlatMapOperatorCollectionTest
Tests run: 12, Failures: 0, Errors: 0, Skipped: 0, Time elapsed: 0.879 sec - in org.apache.flink.api.common.typeutils.base.FloatSerializerTest
Running org.apache.flink.types.parser.UnquotedStringValueParserTest
Tests run: 1, Failures: 0, Errors: 0, Skipped: 0, Time elapsed: 0.402 sec - in org.apache.flink.core.fs.FileSystemTest
Running org.apache.flink.types.parser.IntParserTest
Running org.apache.flink.types.parser.BooleanParserTest
Tests run: 11, Failures: 0, Errors: 0, Skipped: 0, Time elapsed: 0.128 sec - in org.apache.flink.types.parser.IntValueParserTest
Running org.apache.flink.types.parser.BooleanValueParserTest
Tests run: 15, Failures: 0, Errors: 0, Skipped: 0, Time elapsed: 0.624 sec - in org.apache.flink.api.common.io.GenericCsvInputFormatTest
Running org.apache.flink.types.parser.DoubleValueParserTest
Tests run: 2, Failures: 0, Errors: 0, Skipped: 0, Time elapsed: 1.648 sec - in org.apache.flink.api.common.operators.base.JoinOperatorBaseTest
Running org.apache.flink.types.parser.UnquotedStringParserTest
Tests run: 11, Failures: 0, Errors: 0, Skipped: 0, Time elapsed: 0.038 sec - in org.apache.flink.types.parser.DoubleValueParserTest
Running org.apache.flink.types.parser.ByteValueParserTest
Tests run: 11, Failures: 0, Errors: 0, Skipped: 0, Time elapsed: 0.051 sec - in org.apache.flink.types.parser.BooleanValueParserTest
Running org.apache.flink.types.parser.FloatValueParserTest
Tests run: 11, Failures: 0, Errors: 0, Skipped: 0, Time elapsed: 0.35 sec - in org.apache.flink.types.parser.DoubleParserTest
Running org.apache.flink.types.parser.ByteParserTest
Tests run: 11, Failures: 0, Errors: 0, Skipped: 0, Time elapsed: 0.041 sec - in org.apache.flink.types.parser.ByteValueParserTest
Running org.apache.flink.types.parser.FloatParserTest
Tests run: 11, Failures: 0, Errors: 0, Skipped: 0, Time elapsed: 0.134 sec - in org.apache.flink.types.parser.IntParserTest
Running org.apache.flink.types.parser.ShortParserTest
Tests run: 1, Failures: 0, Errors: 0, Skipped: 0, Time elapsed: 0.746 sec - in org.apache.flink.api.common.io.BinaryInputFormatTest
Running org.apache.flink.types.parser.QuotedStringValueParserTest
Tests run: 11, Failures: 0, Errors: 0, Skipped: 0, Time elapsed: 0.15 sec - in org.apache.flink.types.parser.BooleanParserTest
Running org.apache.flink.types.parser.QuotedStringParserTest
Tests run: 11, Failures: 0, Errors: 0, Skipped: 0, Time elapsed: 0.186 sec - in org.apache.flink.types.parser.UnquotedStringValueParserTest
Running org.apache.flink.types.parser.VarLengthStringParserTest
Tests run: 11, Failures: 0, Errors: 0, Skipped: 0, Time elapsed: 0.064 sec - in org.apache.flink.types.parser.FloatParserTest
Running org.apache.flink.types.parser.LongParserTest
Tests run: 11, Failures: 0, Errors: 0, Skipped: 0, Time elapsed: 0.079 sec - in org.apache.flink.types.parser.ByteParserTest
Running org.apache.flink.types.parser.ShortValueParserTest
Tests run: 11, Failures: 0, Errors: 0, Skipped: 0, Time elapsed: 0.114 sec - in org.apache.flink.types.parser.FloatValueParserTest
Running org.apache.flink.types.StringValueSerializationTest
Tests run: 11, Failures: 0, Errors: 0, Skipped: 0, Time elapsed: 0.239 sec - in org.apache.flink.types.parser.LongValueParserTest
Tests run: 11, Failures: 0, Errors: 0, Skipped: 0, Time elapsed: 0.072 sec - in org.apache.flink.types.parser.ShortParserTest
Running org.apache.flink.types.JavaToValueConverterTest
Running org.apache.flink.types.PrimitiveDataTypeTest
Tests run: 11, Failures: 0, Errors: 0, Skipped: 0, Time elapsed: 0.035 sec - in org.apache.flink.types.parser.LongParserTest
Running org.apache.flink.types.NormalizableKeyTest
Tests run: 5, Failures: 0, Errors: 0, Skipped: 0, Time elapsed: 0.022 sec - in org.apache.flink.types.NormalizableKeyTest
Tests run: 5, Failures: 0, Errors: 0, Skipped: 0, Time elapsed: 0.077 sec - in org.apache.flink.types.parser.VarLengthStringParserTest
Running org.apache.flink.types.StringSerializationTest
Running org.apache.flink.types.RecordTest
Tests run: 11, Failures: 0, Errors: 0, Skipped: 0, Time elapsed: 0.117 sec - in org.apache.flink.types.parser.QuotedStringValueParserTest
Tests run: 2, Failures: 0, Errors: 0, Skipped: 0, Time elapsed: 0.056 sec - in org.apache.flink.types.JavaToValueConverterTest
Tests run: 11, Failures: 0, Errors: 0, Skipped: 0, Time elapsed: 0.118 sec - in org.apache.flink.types.parser.QuotedStringParserTest
Tests run: 11, Failures: 0, Errors: 0, Skipped: 0, Time elapsed: 0.103 sec - in org.apache.flink.types.parser.ShortValueParserTest
Tests run: 11, Failures: 0, Errors: 0, Skipped: 0, Time elapsed: 0.244 sec - in org.apache.flink.types.parser.UnquotedStringParserTest
Tests run: 4, Failures: 0, Errors: 0, Skipped: 0, Time elapsed: 0.088 sec - in org.apache.flink.types.PrimitiveDataTypeTest
Tests run: 8, Failures: 1, Errors: 0, Skipped: 0, Time elapsed: 0.978 sec <<< FAILURE! - in org.apache.flink.api.common.io.EnumerateNestedFilesTest
testGetStatisticsMultipleNestedFiles(org.apache.flink.api.common.io.EnumerateNestedFilesTest)  Time elapsed: 0.209 sec  <<< FAILURE!
java.lang.AssertionError: The file size from the statistics is wrong. expected:<34067> but was:<40369>
	at org.junit.Assert.fail(Assert.java:88)
	at org.junit.Assert.failNotEquals(Assert.java:743)
	at org.junit.Assert.assertEquals(Assert.java:118)
	at org.junit.Assert.assertEquals(Assert.java:555)
	at org.apache.flink.api.common.io.EnumerateNestedFilesTest.testGetStatisticsMultipleNestedFiles(EnumerateNestedFilesTest.java:366)

Tests run: 2, Failures: 0, Errors: 0, Skipped: 0, Time elapsed: 0.857 sec - in org.apache.flink.configuration.ConfigurationTest
Tests run: 2, Failures: 0, Errors: 0, Skipped: 0, Time elapsed: 0.841 sec - in org.apache.flink.core.io.DefaultSplitAssignerTest
Tests run: 1, Failures: 0, Errors: 0, Skipped: 0, Time elapsed: 0.887 sec - in org.apache.flink.core.fs.local.LocalFileSystemTest
Tests run: 4, Failures: 0, Errors: 0, Skipped: 0, Time elapsed: 1.063 sec - in org.apache.flink.api.common.io.FileOutputFormatTest
Tests run: 8, Failures: 0, Errors: 0, Skipped: 0, Time elapsed: 1.017 sec - in org.apache.flink.core.fs.PathTest
Tests run: 8, Failures: 0, Errors: 0, Skipped: 0, Time elapsed: 0.966 sec - in org.apache.flink.util.InstantiationUtilTest
Tests run: 5, Failures: 0, Errors: 0, Skipped: 0, Time elapsed: 1.237 sec - in org.apache.flink.api.common.io.DelimitedInputFormatTest
Tests run: 3, Failures: 0, Errors: 0, Skipped: 0, Time elapsed: 1.093 sec - in org.apache.flink.configuration.GlobalConfigurationTest
Tests run: 9, Failures: 0, Errors: 0, Skipped: 0, Time elapsed: 1.284 sec - in org.apache.flink.api.common.io.FileInputFormatTest
Tests run: 7, Failures: 0, Errors: 0, Skipped: 0, Time elapsed: 1.831 sec - in org.apache.flink.api.common.io.DelimitedInputFormatSamplingTest
Tests run: 5, Failures: 0, Errors: 0, Skipped: 0, Time elapsed: 3.912 sec - in org.apache.flink.types.StringSerializationTest
Tests run: 11, Failures: 0, Errors: 0, Skipped: 0, Time elapsed: 3.938 sec - in org.apache.flink.types.RecordTest
Tests run: 4, Failures: 0, Errors: 0, Skipped: 0, Time elapsed: 4.292 sec - in org.apache.flink.types.StringValueSerializationTest
Tests run: 40, Failures: 0, Errors: 0, Skipped: 0, Time elapsed: 5.508 sec - in org.apache.flink.api.common.io.SerializedFormatTest
Tests run: 12, Failures: 0, Errors: 0, Skipped: 0, Time elapsed: 10.128 sec - in org.apache.flink.api.common.typeutils.base.array.StringArraySerializerTest
Tests run: 12, Failures: 0, Errors: 0, Skipped: 0, Time elapsed: 12.441 sec - in org.apache.flink.api.common.typeutils.base.array.BytePrimitiveArraySerializerTest
Tests run: 10, Failures: 0, Errors: 0, Skipped: 0, Time elapsed: 15.449 sec - in org.apache.flink.core.io.LocatableSplitAssignerTest

Results :

Failed tests: 
  EnumerateNestedFilesTest.testGetStatisticsMultipleNestedFiles:366 The file size from the statistics is wrong. expected:<34067> but was:<40369>

Tests run: 860, Failures: 1, Errors: 0, Skipped: 0

[INFO] ------------------------------------------------------------------------
[INFO] BUILD FAILURE
[INFO] ------------------------------------------------------------------------
[INFO] Total time: 22.868 s
[INFO] Finished at: 2016-07-15T03:01:09-07:00
[INFO] Final Memory: 24M/2476M
[INFO] ------------------------------------------------------------------------
[ERROR] Failed to execute goal org.apache.maven.plugins:maven-surefire-plugin:2.17:test (default-test) on project flink-core: There are test failures.
[ERROR] 
[ERROR] Please refer to /space/parallel/flink/flink9/dataset/flink/FLINK-2121_033409190235f93ed6d4e652214e7f35a34c3fe3/flink-core/target/surefire-reports for the individual test results.
[ERROR] -> [Help 1]
[ERROR] 
[ERROR] To see the full stack trace of the errors, re-run Maven with the -e switch.
[ERROR] Re-run Maven using the -X switch to enable full debug logging.
[ERROR] 
[ERROR] For more information about the errors and possible solutions, please read the following articles:
[ERROR] [Help 1] http://cwiki.apache.org/confluence/display/MAVEN/MojoFailureException
