[INFO] Scanning for projects...
[INFO]                                                                         
[INFO] ------------------------------------------------------------------------
[INFO] Building flink-runtime 1.1-SNAPSHOT
[INFO] ------------------------------------------------------------------------
[INFO] 
[INFO] --- maven-checkstyle-plugin:2.16:check (validate) @ flink-runtime_2.10 ---
[INFO] 
[INFO] --- maven-enforcer-plugin:1.3.1:enforce (enforce-maven) @ flink-runtime_2.10 ---
[INFO] 
[INFO] --- git-commit-id-plugin:2.1.5:revision (default) @ flink-runtime_2.10 ---
[info] 
[info] 
[INFO] 
[INFO] --- build-helper-maven-plugin:1.7:add-source (add-source) @ flink-runtime_2.10 ---
[INFO] Source directory: /space/parallel/flink/flink9/dataset/flink/FLINK-3534_734ba01dda51ab93d10e6c36cf5a0c4c65b28008/flink-runtime/src/main/scala added.
[INFO] 
[INFO] --- maven-remote-resources-plugin:1.5:process (default) @ flink-runtime_2.10 ---
[INFO] 
[INFO] --- maven-resources-plugin:2.6:resources (default-resources) @ flink-runtime_2.10 ---
[INFO] Using 'UTF-8' encoding to copy filtered resources.
[INFO] Copying 1 resource
[INFO] Copying 3 resources
[INFO] 
[INFO] --- scala-maven-plugin:3.1.4:compile (scala-compile-first) @ flink-runtime_2.10 ---
[INFO] Nothing to compile - all classes are up to date
[INFO] 
[INFO] --- maven-compiler-plugin:3.1:compile (default-compile) @ flink-runtime_2.10 ---
[INFO] Changes detected - recompiling the module!
[INFO] Compiling 542 source files to /space/parallel/flink/flink9/dataset/flink/FLINK-3534_734ba01dda51ab93d10e6c36cf5a0c4c65b28008/flink-runtime/target/classes
[WARNING] /space/parallel/flink/flink9/dataset/flink/FLINK-3534_734ba01dda51ab93d10e6c36cf5a0c4c65b28008/flink-runtime/src/main/java/org/apache/flink/runtime/util/SignalHandler.java:[22,16] sun.misc.Signal is internal proprietary API and may be removed in a future release
[WARNING] /space/parallel/flink/flink9/dataset/flink/FLINK-3534_734ba01dda51ab93d10e6c36cf5a0c4c65b28008/flink-runtime/src/main/java/org/apache/flink/runtime/util/SignalHandler.java:[34,57] sun.misc.SignalHandler is internal proprietary API and may be removed in a future release
[WARNING] /space/parallel/flink/flink9/dataset/flink/FLINK-3534_734ba01dda51ab93d10e6c36cf5a0c4c65b28008/flink-runtime/src/main/java/org/apache/flink/runtime/operators/udf/AssignRangeIndex.java:[51,51] unchecked call to CommonRangeBoundaries(org.apache.flink.api.common.typeutils.TypeComparator<T>,java.lang.Object[][]) as a member of the raw type org.apache.flink.api.common.distributions.CommonRangeBoundaries
[WARNING] /space/parallel/flink/flink9/dataset/flink/FLINK-3534_734ba01dda51ab93d10e6c36cf5a0c4c65b28008/flink-runtime/src/main/java/org/apache/flink/runtime/operators/udf/AssignRangeIndex.java:[56,80] unchecked call to getRangeIndex(T) as a member of the raw type org.apache.flink.api.common.distributions.RangeBoundaries
[WARNING] /space/parallel/flink/flink9/dataset/flink/FLINK-3534_734ba01dda51ab93d10e6c36cf5a0c4c65b28008/flink-runtime/src/main/java/org/apache/flink/runtime/util/SignalHandler.java:[37,39] sun.misc.SignalHandler is internal proprietary API and may be removed in a future release
[WARNING] /space/parallel/flink/flink9/dataset/flink/FLINK-3534_734ba01dda51ab93d10e6c36cf5a0c4c65b28008/flink-runtime/src/main/java/org/apache/flink/runtime/util/SignalHandler.java:[41,57] sun.misc.Signal is internal proprietary API and may be removed in a future release
[WARNING] /space/parallel/flink/flink9/dataset/flink/FLINK-3534_734ba01dda51ab93d10e6c36cf5a0c4c65b28008/flink-runtime/src/main/java/org/apache/flink/runtime/util/SignalHandler.java:[41,39] sun.misc.Signal is internal proprietary API and may be removed in a future release
[WARNING] /space/parallel/flink/flink9/dataset/flink/FLINK-3534_734ba01dda51ab93d10e6c36cf5a0c4c65b28008/flink-runtime/src/main/java/org/apache/flink/runtime/util/SignalHandler.java:[50,36] sun.misc.Signal is internal proprietary API and may be removed in a future release
[WARNING] /space/parallel/flink/flink9/dataset/flink/FLINK-3534_734ba01dda51ab93d10e6c36cf5a0c4c65b28008/flink-runtime/src/main/java/org/apache/flink/runtime/state/AbstractStateBackend.java:[297,80] unchecked call to restoreState(Backend,org.apache.flink.api.common.typeutils.TypeSerializer<K>,java.lang.ClassLoader,long) as a member of the raw type org.apache.flink.runtime.state.KvStateSnapshot
[WARNING] /space/parallel/flink/flink9/dataset/flink/FLINK-3534_734ba01dda51ab93d10e6c36cf5a0c4c65b28008/flink-runtime/src/main/java/org/apache/flink/runtime/util/DataOutputSerializer.java:[336,38] sun.misc.Unsafe is internal proprietary API and may be removed in a future release
[WARNING] /space/parallel/flink/flink9/dataset/flink/FLINK-3534_734ba01dda51ab93d10e6c36cf5a0c4c65b28008/flink-runtime/src/main/java/org/apache/flink/runtime/zookeeper/ZooKeeperStateHandleStore.java:[90,44] unchecked conversion
  required: org.apache.flink.runtime.zookeeper.StateStorageHelper<T>
  found:    org.apache.flink.runtime.zookeeper.StateStorageHelper
[WARNING] /space/parallel/flink/flink9/dataset/flink/FLINK-3534_734ba01dda51ab93d10e6c36cf5a0c4c65b28008/flink-runtime/src/main/java/org/apache/flink/runtime/operators/shipping/OutputEmitter.java:[293,64] unchecked call to compare(T,T) as a member of the raw type org.apache.flink.api.common.typeutils.TypeComparator
[WARNING] /space/parallel/flink/flink9/dataset/flink/FLINK-3534_734ba01dda51ab93d10e6c36cf5a0c4c65b28008/flink-runtime/src/main/java/org/apache/flink/runtime/executiongraph/restart/FixedDelayRestartStrategy.java:[116,56] EXECUTION_RETRY_DELAY_KEY in org.apache.flink.configuration.ConfigConstants has been deprecated
[WARNING] /space/parallel/flink/flink9/dataset/flink/FLINK-3534_734ba01dda51ab93d10e6c36cf5a0c4c65b28008/flink-runtime/src/main/java/org/apache/flink/runtime/util/DataInputDeserializer.java:[372,38] sun.misc.Unsafe is internal proprietary API and may be removed in a future release
[WARNING] /space/parallel/flink/flink9/dataset/flink/FLINK-3534_734ba01dda51ab93d10e6c36cf5a0c4c65b28008/flink-runtime/src/main/java/org/apache/flink/runtime/util/DependencyVisitor.java:[191,29] visitMethodInsn(int,java.lang.String,java.lang.String,java.lang.String) in org.objectweb.asm.MethodVisitor has been deprecated
[WARNING] /space/parallel/flink/flink9/dataset/flink/FLINK-3534_734ba01dda51ab93d10e6c36cf5a0c4c65b28008/flink-runtime/src/main/java/org/apache/flink/runtime/executiongraph/restart/RestartStrategyFactory.java:[71,108] EXECUTION_RETRIES_KEY in org.apache.flink.configuration.ConfigConstants has been deprecated
[WARNING] /space/parallel/flink/flink9/dataset/flink/FLINK-3534_734ba01dda51ab93d10e6c36cf5a0c4c65b28008/flink-runtime/src/main/java/org/apache/flink/runtime/executiongraph/restart/RestartStrategyFactory.java:[75,93] EXECUTION_RETRY_DELAY_KEY in org.apache.flink.configuration.ConfigConstants has been deprecated
[WARNING] /space/parallel/flink/flink9/dataset/flink/FLINK-3534_734ba01dda51ab93d10e6c36cf5a0c4c65b28008/flink-runtime/src/main/java/org/apache/flink/runtime/executiongraph/restart/RestartStrategyFactory.java:[89,72] EXECUTION_RETRY_DELAY_KEY in org.apache.flink.configuration.ConfigConstants has been deprecated
[INFO] 
[INFO] --- build-helper-maven-plugin:1.7:add-test-source (add-test-source) @ flink-runtime_2.10 ---
[INFO] Test Source directory: /space/parallel/flink/flink9/dataset/flink/FLINK-3534_734ba01dda51ab93d10e6c36cf5a0c4c65b28008/flink-runtime/src/test/scala added.
[INFO] 
[INFO] --- maven-resources-plugin:2.6:testResources (default-testResources) @ flink-runtime_2.10 ---
[INFO] Using 'UTF-8' encoding to copy filtered resources.
[INFO] Copying 2 resources
[INFO] Copying 3 resources
[INFO] 
[INFO] --- scala-maven-plugin:3.1.4:testCompile (scala-test-compile) @ flink-runtime_2.10 ---
[INFO] Nothing to compile - all classes are up to date
[INFO] 
[INFO] --- maven-compiler-plugin:3.1:testCompile (default-testCompile) @ flink-runtime_2.10 ---
[INFO] Nothing to compile - all classes are up to date
[INFO] 
[INFO] --- maven-surefire-plugin:2.18.1:test (default-test) @ flink-runtime_2.10 ---
[INFO] Surefire report directory: /space/parallel/flink/flink9/dataset/flink/FLINK-3534_734ba01dda51ab93d10e6c36cf5a0c4c65b28008/flink-runtime/target/surefire-reports

-------------------------------------------------------
 T E S T S
-------------------------------------------------------
Running org.apache.flink.runtime.operators.CoGroupTaskTest
Running org.apache.flink.runtime.operators.drivers.AllGroupReduceDriverTest
Running org.apache.flink.runtime.operators.drivers.ReduceCombineDriverTest
Running org.apache.flink.runtime.operators.drivers.ReduceDriverTest
Running org.apache.flink.runtime.operators.hash.HashTableTest
Running org.apache.flink.runtime.operators.resettable.NonReusingBlockResettableIteratorTest
Running org.apache.flink.runtime.operators.JoinTaskTest
Running org.apache.flink.runtime.operators.hash.MemoryHashTableTest
Running org.apache.flink.runtime.operators.hash.CompactingHashTableTest
Running org.apache.flink.runtime.operators.drivers.AllReduceDriverTest
Running org.apache.flink.runtime.operators.FlatMapTaskTest
Running org.apache.flink.runtime.operators.resettable.SpillingResettableMutableObjectIteratorTest
Running org.apache.flink.runtime.operators.drivers.GroupReduceDriverTest
Running org.apache.flink.runtime.operators.CombinerOversizedRecordsTest
Running org.apache.flink.runtime.operators.CombineTaskTest
Running org.apache.flink.runtime.operators.resettable.ReusingBlockResettableIteratorTest
Tests run: 3, Failures: 0, Errors: 0, Skipped: 0, Time elapsed: 1.266 sec - in org.apache.flink.runtime.operators.drivers.ReduceCombineDriverTest
Running org.apache.flink.runtime.operators.resettable.BlockResettableMutableObjectIteratorTest
Running org.apache.flink.runtime.operators.resettable.SpillingResettableIteratorTest
Running org.apache.flink.runtime.operators.RightOuterJoinTaskTest
Running org.apache.flink.runtime.operators.FullOuterJoinTaskTest
Running org.apache.flink.runtime.operators.LeftOuterJoinTaskTest
Tests run: 3, Failures: 0, Errors: 0, Skipped: 0, Time elapsed: 1.591 sec - in org.apache.flink.runtime.operators.drivers.AllGroupReduceDriverTest
Tests run: 3, Failures: 0, Errors: 0, Skipped: 0, Time elapsed: 0.916 sec - in org.apache.flink.runtime.operators.drivers.AllReduceDriverTest
Running org.apache.flink.runtime.operators.CachedMatchTaskTest
Tests run: 3, Failures: 0, Errors: 0, Skipped: 0, Time elapsed: 1.984 sec - in org.apache.flink.runtime.operators.drivers.ReduceDriverTest
Tests run: 5, Failures: 0, Errors: 0, Skipped: 0, Time elapsed: 1.77 sec - in org.apache.flink.runtime.operators.drivers.GroupReduceDriverTest
Tests run: 3, Failures: 0, Errors: 0, Skipped: 0, Time elapsed: 2.455 sec - in org.apache.flink.runtime.operators.resettable.NonReusingBlockResettableIteratorTest
Running org.apache.flink.runtime.operators.sort.FixedLengthRecordSorterTest
Running org.apache.flink.runtime.operators.sort.LargeRecordHandlerTest
Running org.apache.flink.runtime.operators.sort.NormalizedKeySorterTest
Running org.apache.flink.runtime.operators.sort.MergeIteratorTest
Tests run: 3, Failures: 0, Errors: 0, Skipped: 0, Time elapsed: 2.81 sec - in org.apache.flink.runtime.operators.resettable.BlockResettableMutableObjectIteratorTest
Tests run: 3, Failures: 0, Errors: 0, Skipped: 0, Time elapsed: 2.961 sec - in org.apache.flink.runtime.operators.resettable.ReusingBlockResettableIteratorTest
Running org.apache.flink.runtime.operators.util.BloomFilterTest
Tests run: 3, Failures: 0, Errors: 0, Skipped: 0, Time elapsed: 0.604 sec - in org.apache.flink.runtime.operators.sort.MergeIteratorTest
Running org.apache.flink.runtime.operators.util.BitSetTest
Tests run: 6, Failures: 0, Errors: 0, Skipped: 0, Time elapsed: 3.701 sec - in org.apache.flink.runtime.operators.FlatMapTaskTest
Tests run: 9, Failures: 0, Errors: 0, Skipped: 0, Time elapsed: 0.155 sec - in org.apache.flink.runtime.operators.util.BloomFilterTest
Tests run: 6, Failures: 0, Errors: 0, Skipped: 0, Time elapsed: 3.349 sec - in org.apache.flink.runtime.operators.CombineTaskTest
Running org.apache.flink.runtime.operators.util.OutputEmitterTest
Tests run: 6, Failures: 0, Errors: 0, Skipped: 0, Time elapsed: 1.332 sec - in org.apache.flink.runtime.operators.util.BitSetTest
Tests run: 4, Failures: 0, Errors: 0, Skipped: 0, Time elapsed: 4.377 sec - in org.apache.flink.runtime.operators.resettable.SpillingResettableIteratorTest
Tests run: 2, Failures: 0, Errors: 0, Skipped: 0, Time elapsed: 5.017 sec - in org.apache.flink.runtime.operators.resettable.SpillingResettableMutableObjectIteratorTest
Running org.apache.flink.runtime.checkpoint.HeapStateStoreTest
Tests run: 3, Failures: 0, Errors: 0, Skipped: 0, Time elapsed: 0.072 sec - in org.apache.flink.runtime.checkpoint.HeapStateStoreTest
Tests run: 8, Failures: 0, Errors: 0, Skipped: 0, Time elapsed: 0.704 sec - in org.apache.flink.runtime.operators.util.OutputEmitterTest
Tests run: 2, Failures: 0, Errors: 0, Skipped: 0, Time elapsed: 5.121 sec - in org.apache.flink.runtime.operators.CombinerOversizedRecordsTest
Running org.apache.flink.runtime.operators.CrossTaskTest
Running org.apache.flink.runtime.checkpoint.SavepointStoreFactoryTest
Running org.apache.flink.runtime.operators.ReduceTaskTest
Running org.apache.flink.runtime.checkpoint.CheckpointCoordinatorTest
Tests run: 6, Failures: 0, Errors: 0, Skipped: 0, Time elapsed: 0.914 sec - in org.apache.flink.runtime.checkpoint.SavepointStoreFactoryTest
Running org.apache.flink.runtime.checkpoint.CheckpointIDCounterTest$StandaloneCheckpointIDCounterTest
Running org.apache.flink.runtime.checkpoint.StandaloneCompletedCheckpointStoreTest
Running org.apache.flink.runtime.checkpoint.SavepointCoordinatorTest
Running org.apache.flink.runtime.checkpoint.ExecutionGraphCheckpointCoordinatorTest
Running org.apache.flink.runtime.checkpoint.CheckpointStateRestoreTest
Tests run: 18, Failures: 0, Errors: 0, Skipped: 0, Time elapsed: 8.62 sec - in org.apache.flink.runtime.operators.CoGroupTaskTest
Tests run: 6, Failures: 0, Errors: 0, Skipped: 0, Time elapsed: 0.917 sec - in org.apache.flink.runtime.checkpoint.StandaloneCompletedCheckpointStoreTest
Running org.apache.flink.runtime.checkpoint.CoordinatorShutdownTest
Tests run: 3, Failures: 0, Errors: 0, Skipped: 0, Time elapsed: 2.024 sec - in org.apache.flink.runtime.checkpoint.CheckpointIDCounterTest$StandaloneCheckpointIDCounterTest
Running org.apache.flink.runtime.checkpoint.stats.SimpleCheckpointStatsTrackerTest
Tests run: 3, Failures: 0, Errors: 0, Skipped: 0, Time elapsed: 1.927 sec - in org.apache.flink.runtime.checkpoint.CheckpointStateRestoreTest
Running org.apache.flink.runtime.checkpoint.stats.DisabledCheckpointStatsTrackerTest
Tests run: 1, Failures: 0, Errors: 0, Skipped: 0, Time elapsed: 0.232 sec - in org.apache.flink.runtime.checkpoint.stats.DisabledCheckpointStatsTrackerTest
Running org.apache.flink.runtime.memory.MemoryManagerConcurrentModReleaseTest
Running org.apache.flink.runtime.operators.chaining.ChainTaskTest
Tests run: 26, Failures: 0, Errors: 0, Skipped: 0, Time elapsed: 10.117 sec - in org.apache.flink.runtime.operators.FullOuterJoinTaskTest
Running org.apache.flink.runtime.checkpoint.FileSystemStateStoreTest
Tests run: 16, Failures: 0, Errors: 0, Skipped: 0, Time elapsed: 4.232 sec - in org.apache.flink.runtime.checkpoint.CheckpointCoordinatorTest
Tests run: 5, Failures: 0, Errors: 0, Skipped: 0, Time elapsed: 2.232 sec - in org.apache.flink.runtime.checkpoint.stats.SimpleCheckpointStatsTrackerTest
Running org.apache.flink.runtime.memory.MemorySegmentSimpleTest
Tests run: 2, Failures: 0, Errors: 0, Skipped: 0, Time elapsed: 1.157 sec - in org.apache.flink.runtime.memory.MemoryManagerConcurrentModReleaseTest
Running org.apache.flink.runtime.memory.MemoryManagerTest
Tests run: 3, Failures: 0, Errors: 0, Skipped: 0, Time elapsed: 1.227 sec - in org.apache.flink.runtime.checkpoint.FileSystemStateStoreTest
Running org.apache.flink.runtime.operators.DataSinkTaskTest
Tests run: 1, Failures: 0, Errors: 0, Skipped: 0, Time elapsed: 5.016 sec - in org.apache.flink.runtime.checkpoint.ExecutionGraphCheckpointCoordinatorTest
Tests run: 13, Failures: 0, Errors: 0, Skipped: 0, Time elapsed: 5.299 sec - in org.apache.flink.runtime.checkpoint.SavepointCoordinatorTest
Running org.apache.flink.runtime.memory.MemoryManagerLazyAllocationTest
Running org.apache.flink.runtime.iterative.event.EventWithAggregatorsTest
Tests run: 22, Failures: 0, Errors: 0, Skipped: 0, Time elapsed: 11.762 sec - in org.apache.flink.runtime.operators.CachedMatchTaskTest
Tests run: 2, Failures: 0, Errors: 0, Skipped: 0, Time elapsed: 0.094 sec - in org.apache.flink.runtime.iterative.event.EventWithAggregatorsTest
Running org.apache.flink.runtime.iterative.concurrent.BlockingBackChannelTest
Tests run: 4, Failures: 0, Errors: 0, Skipped: 0, Time elapsed: 1.724 sec - in org.apache.flink.runtime.memory.MemoryManagerTest
Running org.apache.flink.runtime.iterative.concurrent.BrokerTest
Running org.apache.flink.runtime.net.ConnectionUtilsTest
Running org.apache.flink.runtime.iterative.concurrent.SuperstepBarrierTest
Running org.apache.flink.runtime.iterative.concurrent.SuperstepKickoffLatchTest
Tests run: 12, Failures: 0, Errors: 0, Skipped: 0, Time elapsed: 8.795 sec - in org.apache.flink.runtime.operators.ReduceTaskTest
Tests run: 5, Failures: 0, Errors: 0, Skipped: 0, Time elapsed: 0.495 sec - in org.apache.flink.runtime.iterative.concurrent.SuperstepKickoffLatchTest
Tests run: 4, Failures: 0, Errors: 0, Skipped: 0, Time elapsed: 2.556 sec - in org.apache.flink.runtime.memory.MemoryManagerLazyAllocationTest
Running org.apache.flink.runtime.blob.BlobCacheRetriesTest
Tests run: 1, Failures: 0, Errors: 0, Skipped: 0, Time elapsed: 1.737 sec - in org.apache.flink.runtime.iterative.concurrent.BlockingBackChannelTest
Tests run: 9, Failures: 0, Errors: 0, Skipped: 0, Time elapsed: 4.126 sec - in org.apache.flink.runtime.memory.MemorySegmentSimpleTest
Tests run: 2, Failures: 0, Errors: 0, Skipped: 0, Time elapsed: 1.4 sec - in org.apache.flink.runtime.iterative.concurrent.SuperstepBarrierTest
Running org.apache.flink.runtime.blob.BlobServerRangeTest
Tests run: 32, Failures: 0, Errors: 0, Skipped: 0, Time elapsed: 10.669 sec - in org.apache.flink.runtime.operators.CrossTaskTest
Tests run: 2, Failures: 0, Errors: 0, Skipped: 0, Time elapsed: 1.229 sec - in org.apache.flink.runtime.blob.BlobCacheRetriesTest
Tests run: 1, Failures: 0, Errors: 0, Skipped: 0, Time elapsed: 2.577 sec - in org.apache.flink.runtime.net.ConnectionUtilsTest
Running org.apache.flink.runtime.blob.BlobUtilsTest
Running org.apache.flink.runtime.blob.BlobServerGetTest
Tests run: 3, Failures: 0, Errors: 0, Skipped: 0, Time elapsed: 0.636 sec - in org.apache.flink.runtime.blob.BlobServerRangeTest
Tests run: 44, Failures: 0, Errors: 0, Skipped: 0, Time elapsed: 16.317 sec - in org.apache.flink.runtime.operators.LeftOuterJoinTaskTest
Tests run: 1, Failures: 0, Errors: 0, Skipped: 0, Time elapsed: 2.734 sec - in org.apache.flink.runtime.iterative.concurrent.BrokerTest
Tests run: 44, Failures: 0, Errors: 0, Skipped: 0, Time elapsed: 16.488 sec - in org.apache.flink.runtime.operators.RightOuterJoinTaskTest
Running org.apache.flink.runtime.blob.BlobServerPutTest
Running org.apache.flink.runtime.blob.BlobKeyTest
Tests run: 2, Failures: 0, Errors: 0, Skipped: 0, Time elapsed: 0.913 sec - in org.apache.flink.runtime.blob.BlobUtilsTest
Tests run: 4, Failures: 0, Errors: 0, Skipped: 0, Time elapsed: 0.484 sec - in org.apache.flink.runtime.blob.BlobKeyTest
Running org.apache.flink.runtime.operators.DataSourceTaskTest
Running org.apache.flink.runtime.blob.BlobClientTest
Running org.apache.flink.runtime.blob.BlobCacheSuccessTest
Running org.apache.flink.runtime.blob.BlobServerDeleteTest
Running org.apache.flink.runtime.filecache.FileCacheDeleteValidationTest
Running org.apache.flink.runtime.jobgraph.JobGraphTest
Tests run: 1, Failures: 0, Errors: 0, Skipped: 0, Time elapsed: 0.849 sec - in org.apache.flink.runtime.blob.BlobCacheSuccessTest
Running org.apache.flink.runtime.jobgraph.jsonplan.JsonGeneratorTest
Running org.apache.flink.runtime.jobgraph.JobTaskVertexTest
Running org.apache.flink.runtime.leaderelection.ZooKeeperLeaderElectionTest
Tests run: 6, Failures: 0, Errors: 0, Skipped: 0, Time elapsed: 0.659 sec - in org.apache.flink.runtime.jobgraph.JobGraphTest
Tests run: 2, Failures: 0, Errors: 0, Skipped: 0, Time elapsed: 2.371 sec - in org.apache.flink.runtime.blob.BlobServerGetTest
Running org.apache.flink.runtime.leaderelection.StandaloneLeaderElectionTest
Running org.apache.flink.runtime.jobgraph.JobIdTest
Tests run: 1, Failures: 0, Errors: 0, Skipped: 0, Time elapsed: 0.078 sec - in org.apache.flink.runtime.jobgraph.JobIdTest
Tests run: 5, Failures: 0, Errors: 0, Skipped: 0, Time elapsed: 0.528 sec - in org.apache.flink.runtime.jobgraph.JobTaskVertexTest
Tests run: 2, Failures: 0, Errors: 0, Skipped: 0, Time elapsed: 11.205 sec - in org.apache.flink.runtime.checkpoint.CoordinatorShutdownTest
Tests run: 1, Failures: 0, Errors: 0, Skipped: 0, Time elapsed: 0.72 sec - in org.apache.flink.runtime.leaderelection.StandaloneLeaderElectionTest
Running org.apache.flink.runtime.leaderelection.ZooKeeperLeaderRetrievalTest
Tests run: 46, Failures: 0, Errors: 0, Skipped: 0, Time elapsed: 20.298 sec - in org.apache.flink.runtime.operators.JoinTaskTest
Tests run: 5, Failures: 0, Errors: 0, Skipped: 0, Time elapsed: 1.927 sec - in org.apache.flink.runtime.blob.BlobServerDeleteTest
Tests run: 3, Failures: 0, Errors: 0, Skipped: 0, Time elapsed: 17.635 sec - in org.apache.flink.runtime.operators.sort.LargeRecordHandlerTest
Running org.apache.flink.runtime.leaderelection.JobManagerLeaderElectionTest
Running org.apache.flink.runtime.leaderelection.LeaderChangeStateCleanupTest
Running org.apache.flink.runtime.messages.CheckpointMessagesTest
Running org.apache.flink.runtime.messages.WebMonitorMessagesTest
Running org.apache.flink.runtime.event.task.TaskEventTest
Tests run: 1, Failures: 0, Errors: 0, Skipped: 0, Time elapsed: 2.457 sec - in org.apache.flink.runtime.jobgraph.jsonplan.JsonGeneratorTest
Tests run: 2, Failures: 0, Errors: 0, Skipped: 0, Time elapsed: 0.456 sec - in org.apache.flink.runtime.messages.CheckpointMessagesTest
Tests run: 3, Failures: 0, Errors: 0, Skipped: 0, Time elapsed: 0.222 sec - in org.apache.flink.runtime.event.task.TaskEventTest
Tests run: 3, Failures: 0, Errors: 0, Skipped: 0, Time elapsed: 22.232 sec - in org.apache.flink.runtime.operators.hash.HashTableTest
Running org.apache.flink.runtime.executiongraph.ExecutionVertexSchedulingTest
Tests run: 3, Failures: 0, Errors: 0, Skipped: 0, Time elapsed: 0.428 sec - in org.apache.flink.runtime.messages.WebMonitorMessagesTest
Running org.apache.flink.runtime.executiongraph.ExecutionStateProgressTest
Running org.apache.flink.runtime.executiongraph.TerminalStateDeadlockTest
Running org.apache.flink.runtime.executiongraph.TaskManagerLossFailsTasksTest
Running org.apache.flink.runtime.executiongraph.PointwisePatternTest
Running org.apache.flink.runtime.executiongraph.ExecutionVertexCancelTest
Running org.apache.flink.runtime.executiongraph.VertexSlotSharingTest
Running org.apache.flink.runtime.executiongraph.ExecutionGraphRestartTest
Running org.apache.flink.runtime.executiongraph.ExecutionGraphDeploymentTest
Tests run: 3, Failures: 0, Errors: 0, Skipped: 0, Time elapsed: 24.678 sec - in org.apache.flink.runtime.operators.hash.CompactingHashTableTest
Tests run: 1, Failures: 0, Errors: 0, Skipped: 0, Time elapsed: 6.834 sec - in org.apache.flink.runtime.filecache.FileCacheDeleteValidationTest
Tests run: 1, Failures: 0, Errors: 0, Skipped: 0, Time elapsed: 3.8 sec - in org.apache.flink.runtime.executiongraph.ExecutionStateProgressTest
Tests run: 1, Failures: 0, Errors: 0, Skipped: 0, Time elapsed: 2.415 sec - in org.apache.flink.runtime.executiongraph.TaskManagerLossFailsTasksTest
Tests run: 1, Failures: 0, Errors: 0, Skipped: 0, Time elapsed: 2.217 sec - in org.apache.flink.runtime.executiongraph.VertexSlotSharingTest
Running org.apache.flink.runtime.executiongraph.AllVerticesIteratorTest
Tests run: 7, Failures: 0, Errors: 0, Skipped: 0, Time elapsed: 3.338 sec - in org.apache.flink.runtime.executiongraph.PointwisePatternTest
Running org.apache.flink.runtime.executiongraph.ExecutionGraphConstructionTest
Tests run: 5, Failures: 0, Errors: 0, Skipped: 0, Time elapsed: 10.047 sec - in org.apache.flink.runtime.blob.BlobServerPutTest
Running org.apache.flink.runtime.executiongraph.restart.FixedDelayRestartStrategyTest
Running org.apache.flink.runtime.executiongraph.ExecutionVertexDeploymentTest
Tests run: 8, Failures: 0, Errors: 0, Skipped: 0, Time elapsed: 25.877 sec - in org.apache.flink.runtime.operators.sort.FixedLengthRecordSorterTest
Tests run: 11, Failures: 2, Errors: 0, Skipped: 0, Time elapsed: 4.528 sec <<< FAILURE! - in org.apache.flink.runtime.executiongraph.ExecutionVertexCancelTest
testCancelCallFails(org.apache.flink.runtime.executiongraph.ExecutionVertexCancelTest)  Time elapsed: 0.284 sec  <<< FAILURE!
java.lang.AssertionError: expected:<CANCELED> but was:<FAILED>
	at org.junit.Assert.fail(Assert.java:88)
	at org.junit.Assert.failNotEquals(Assert.java:743)
	at org.junit.Assert.assertEquals(Assert.java:118)
	at org.junit.Assert.assertEquals(Assert.java:144)
	at org.apache.flink.runtime.executiongraph.ExecutionVertexCancelTest.testCancelCallFails(ExecutionVertexCancelTest.java:403)

testActionsWhileCancelling(org.apache.flink.runtime.executiongraph.ExecutionVertexCancelTest)  Time elapsed: 0.084 sec  <<< FAILURE!
java.lang.AssertionError: expected:<CANCELED> but was:<FAILED>
	at org.junit.Assert.fail(Assert.java:88)
	at org.junit.Assert.failNotEquals(Assert.java:743)
	at org.junit.Assert.assertEquals(Assert.java:118)
	at org.junit.Assert.assertEquals(Assert.java:144)
	at org.apache.flink.runtime.executiongraph.ExecutionVertexCancelTest.testActionsWhileCancelling(ExecutionVertexCancelTest.java:552)

Running org.apache.flink.runtime.executiongraph.VertexLocationConstraintTest
Tests run: 3, Failures: 0, Errors: 0, Skipped: 0, Time elapsed: 6.83 sec - in org.apache.flink.runtime.executiongraph.ExecutionVertexSchedulingTest
Running org.apache.flink.runtime.executiongraph.LocalInputSplitsTest
Tests run: 2, Failures: 0, Errors: 0, Skipped: 0, Time elapsed: 18.852 sec - in org.apache.flink.runtime.operators.chaining.ChainTaskTest
Running org.apache.flink.runtime.jobmanager.SlotCountExceedingParallelismTest
Running org.apache.flink.runtime.jobmanager.JobManagerProcessReapingTest
Tests run: 4, Failures: 0, Errors: 0, Skipped: 0, Time elapsed: 12.939 sec - in org.apache.flink.runtime.blob.BlobClientTest
Tests run: 1, Failures: 0, Errors: 0, Skipped: 0, Time elapsed: 4.543 sec - in org.apache.flink.runtime.executiongraph.AllVerticesIteratorTest
Tests run: 1, Failures: 0, Errors: 0, Skipped: 0, Time elapsed: 3.353 sec - in org.apache.flink.runtime.executiongraph.restart.FixedDelayRestartStrategyTest
Tests run: 6, Failures: 0, Errors: 0, Skipped: 0, Time elapsed: 3.41 sec - in org.apache.flink.runtime.executiongraph.VertexLocationConstraintTest
[ERROR] [07/14/2016 12:34:18.459] [TestingActorSystem-akka.actor.default-dispatcher-6] [akka://TestingActorSystem/user/$a] Kill (akka.actor.ActorKilledException)
Running org.apache.flink.runtime.jobmanager.JobManagerStartupTest
Tests run: 8, Failures: 0, Errors: 0, Skipped: 0, Time elapsed: 5.075 sec - in org.apache.flink.runtime.executiongraph.ExecutionGraphConstructionTest
Running org.apache.flink.runtime.jobmanager.JobManagerConnectionTest
Tests run: 1, Failures: 0, Errors: 0, Skipped: 0, Time elapsed: 11.049 sec - in org.apache.flink.runtime.executiongraph.TerminalStateDeadlockTest
Tests run: 7, Failures: 0, Errors: 0, Skipped: 0, Time elapsed: 4.891 sec - in org.apache.flink.runtime.executiongraph.ExecutionVertexDeploymentTest
Running org.apache.flink.runtime.jobmanager.scheduler.SchedulerSlotSharingTest
[ERROR] [07/14/2016 12:34:19.831] [TestingActorSystem-akka.actor.default-dispatcher-2] [akka://TestingActorSystem/user/$c] Kill (akka.actor.ActorKilledException)
[INFO] [07/14/2016 12:34:19.852] [TestingActorSystem-akka.actor.default-dispatcher-5] [akka://TestingActorSystem/user/$c] Message [akka.actor.PoisonPill$] from Actor[akka://TestingActorSystem/user/$c#-176124870] to Actor[akka://TestingActorSystem/user/$c#-176124870] was not delivered. [1] dead letters encountered. This logging can be turned off or adjusted with configuration settings 'akka.log-dead-letters' and 'akka.log-dead-letters-during-shutdown'.
[INFO] [07/14/2016 12:34:19.853] [TestingActorSystem-akka.actor.default-dispatcher-2] [akka://TestingActorSystem/user/$c] Message [akka.dispatch.sysmsg.Terminate] from Actor[akka://TestingActorSystem/user/$c#-176124870] to Actor[akka://TestingActorSystem/user/$c#-176124870] was not delivered. [2] dead letters encountered. This logging can be turned off or adjusted with configuration settings 'akka.log-dead-letters' and 'akka.log-dead-letters-during-shutdown'.
Tests run: 2, Failures: 0, Errors: 0, Skipped: 0, Time elapsed: 12.25 sec - in org.apache.flink.runtime.leaderelection.JobManagerLeaderElectionTest
Running org.apache.flink.runtime.executiongraph.ExecutionGraphSignalsTest
Running org.apache.flink.runtime.jobmanager.JobManagerTest
Running org.apache.flink.runtime.jobmanager.scheduler.SlotAllocationFutureTest
Tests run: 9, Failures: 1, Errors: 0, Skipped: 0, Time elapsed: 10.054 sec <<< FAILURE! - in org.apache.flink.runtime.executiongraph.ExecutionGraphRestartTest
testFailExecutionAfterCancel(org.apache.flink.runtime.executiongraph.ExecutionGraphRestartTest)  Time elapsed: 0.042 sec  <<< FAILURE!
java.lang.AssertionError: expected:<CANCELED> but was:<RESTARTING>
	at org.junit.Assert.fail(Assert.java:88)
	at org.junit.Assert.failNotEquals(Assert.java:743)
	at org.junit.Assert.assertEquals(Assert.java:118)
	at org.junit.Assert.assertEquals(Assert.java:144)
	at org.apache.flink.runtime.executiongraph.ExecutionGraphRestartTest.testFailExecutionAfterCancel(ExecutionGraphRestartTest.java:539)

Running org.apache.flink.runtime.jobmanager.scheduler.ScheduleOrUpdateConsumersTest
Running org.apache.flink.runtime.jobmanager.scheduler.ScheduleWithCoLocationHintTest
Running org.apache.flink.runtime.jobmanager.scheduler.SetQueueTest
Tests run: 3, Failures: 0, Errors: 0, Skipped: 0, Time elapsed: 1.009 sec - in org.apache.flink.runtime.jobmanager.scheduler.SlotAllocationFutureTest
Tests run: 2, Failures: 0, Errors: 0, Skipped: 0, Time elapsed: 0.054 sec - in org.apache.flink.runtime.jobmanager.scheduler.SetQueueTest
Running org.apache.flink.runtime.jobmanager.scheduler.CoLocationConstraintTest
Tests run: 7, Failures: 0, Errors: 0, Skipped: 0, Time elapsed: 5.996 sec - in org.apache.flink.runtime.executiongraph.LocalInputSplitsTest
Running org.apache.flink.runtime.executiongraph.ExecutionVertexStopTest
Tests run: 2, Failures: 0, Errors: 0, Skipped: 0, Time elapsed: 0.866 sec - in org.apache.flink.runtime.jobmanager.scheduler.CoLocationConstraintTest
Running org.apache.flink.runtime.jobmanager.JobManagerRegistrationTest
Running org.apache.flink.runtime.jobmanager.scheduler.SchedulerIsolatedTasksTest
Running org.apache.flink.runtime.jobmanager.StandaloneSubmittedJobGraphStoreTest
Running org.apache.flink.runtime.jobmanager.JobSubmitTest
Tests run: 9, Failures: 0, Errors: 0, Skipped: 0, Time elapsed: 2.516 sec - in org.apache.flink.runtime.jobmanager.scheduler.ScheduleWithCoLocationHintTest
Tests run: 2, Failures: 0, Errors: 0, Skipped: 0, Time elapsed: 1.362 sec - in org.apache.flink.runtime.jobmanager.JobManagerRegistrationTest
Tests run: 1, Failures: 0, Errors: 0, Skipped: 0, Time elapsed: 1.581 sec - in org.apache.flink.runtime.jobmanager.StandaloneSubmittedJobGraphStoreTest
Running org.apache.flink.runtime.jobmanager.scheduler.LifoSetQueueTest
Running org.apache.flink.runtime.taskmanager.TaskExecutionStateTest
Tests run: 2, Failures: 0, Errors: 0, Skipped: 0, Time elapsed: 0.104 sec - in org.apache.flink.runtime.jobmanager.scheduler.LifoSetQueueTest
Tests run: 3, Failures: 0, Errors: 0, Skipped: 0, Time elapsed: 0.555 sec - in org.apache.flink.runtime.taskmanager.TaskExecutionStateTest
Tests run: 6, Failures: 0, Errors: 0, Skipped: 0, Time elapsed: 15 sec - in org.apache.flink.runtime.executiongraph.ExecutionGraphDeploymentTest
Running org.apache.flink.runtime.taskmanager.TaskAsyncCallTest
Tests run: 12, Failures: 0, Errors: 0, Skipped: 0, Time elapsed: 6.745 sec - in org.apache.flink.runtime.jobmanager.scheduler.SchedulerSlotSharingTest
Tests run: 2, Failures: 0, Errors: 0, Skipped: 0, Time elapsed: 7.985 sec - in org.apache.flink.runtime.jobmanager.JobManagerStartupTest
Running org.apache.flink.runtime.taskmanager.TaskManagerTest
Running org.apache.flink.runtime.taskmanager.TaskInputSplitProviderTest
Running org.apache.flink.runtime.taskmanager.TaskManagerRegistrationTest
Tests run: 2, Failures: 0, Errors: 0, Skipped: 0, Time elapsed: 20.854 sec - in org.apache.flink.runtime.leaderelection.ZooKeeperLeaderRetrievalTest
Running org.apache.flink.runtime.taskmanager.TaskManagerStartupTest
Running org.apache.flink.runtime.taskmanager.TaskCancelTest
Running org.apache.flink.runtime.taskmanager.TaskManagerComponentsStartupShutdownTest
Running org.apache.flink.runtime.taskmanager.TaskManagerConfigurationTest
Tests run: 2, Failures: 0, Errors: 0, Skipped: 0, Time elapsed: 10.631 sec - in org.apache.flink.runtime.jobmanager.JobManagerConnectionTest
Tests run: 1, Failures: 0, Errors: 0, Skipped: 0, Time elapsed: 9.511 sec - in org.apache.flink.runtime.jobmanager.scheduler.ScheduleOrUpdateConsumersTest
Tests run: 1, Failures: 0, Errors: 0, Skipped: 0, Time elapsed: 3.339 sec - in org.apache.flink.runtime.taskmanager.TaskInputSplitProviderTest
Tests run: 1, Failures: 0, Errors: 0, Skipped: 0, Time elapsed: 14.203 sec - in org.apache.flink.runtime.jobmanager.JobManagerProcessReapingTest
Tests run: 2, Failures: 0, Errors: 0, Skipped: 0, Time elapsed: 8.128 sec - in org.apache.flink.runtime.jobmanager.JobSubmitTest
Tests run: 2, Failures: 0, Errors: 0, Skipped: 0, Time elapsed: 5.683 sec - in org.apache.flink.runtime.taskmanager.TaskAsyncCallTest
Running org.apache.flink.runtime.taskmanager.TaskTest
Tests run: 4, Failures: 0, Errors: 0, Skipped: 0, Time elapsed: 12.033 sec - in org.apache.flink.runtime.jobmanager.JobManagerTest
Tests run: 1, Failures: 0, Errors: 0, Skipped: 0, Time elapsed: 15.331 sec - in org.apache.flink.runtime.jobmanager.SlotCountExceedingParallelismTest
Tests run: 4, Failures: 0, Errors: 0, Skipped: 0, Time elapsed: 3.724 sec - in org.apache.flink.runtime.taskmanager.TaskManagerConfigurationTest
Running org.apache.flink.runtime.taskmanager.TaskManagerProcessReapingTest
Tests run: 4, Failures: 0, Errors: 0, Skipped: 0, Time elapsed: 25.321 sec - in org.apache.flink.runtime.leaderelection.LeaderChangeStateCleanupTest
Running org.apache.flink.runtime.akka.FlinkUntypedActorTest
Running org.apache.flink.runtime.client.JobClientActorTest
Running org.apache.flink.runtime.client.SerializedJobExecutionResultTest
Running org.apache.flink.runtime.deployment.ResultPartitionDeploymentDescriptorTest
Tests run: 3, Failures: 0, Errors: 0, Skipped: 0, Time elapsed: 14.395 sec - in org.apache.flink.runtime.executiongraph.ExecutionGraphSignalsTest
Tests run: 5, Failures: 0, Errors: 0, Skipped: 0, Time elapsed: 11.852 sec - in org.apache.flink.runtime.jobmanager.scheduler.SchedulerIsolatedTasksTest
Tests run: 2, Failures: 0, Errors: 0, Skipped: 0, Time elapsed: 0.264 sec - in org.apache.flink.runtime.client.SerializedJobExecutionResultTest
Tests run: 1, Failures: 0, Errors: 0, Skipped: 0, Time elapsed: 0.333 sec - in org.apache.flink.runtime.deployment.ResultPartitionDeploymentDescriptorTest
Running org.apache.flink.runtime.deployment.TaskDeploymentDescriptorTest
Running org.apache.flink.runtime.execution.librarycache.BlobLibraryCacheManagerTest
Tests run: 1, Failures: 0, Errors: 0, Skipped: 0, Time elapsed: 0.755 sec - in org.apache.flink.runtime.deployment.TaskDeploymentDescriptorTest
Tests run: 1, Failures: 0, Errors: 0, Skipped: 0, Time elapsed: 6.922 sec - in org.apache.flink.runtime.taskmanager.TaskManagerComponentsStartupShutdownTest
Running org.apache.flink.runtime.util.MathUtilTest
Tests run: 3, Failures: 0, Errors: 0, Skipped: 0, Time elapsed: 0.051 sec - in org.apache.flink.runtime.util.MathUtilTest
Running org.apache.flink.runtime.akka.AkkaUtilsTest
Running org.apache.flink.runtime.util.event.TaskEventHandlerTest
Running org.apache.flink.runtime.util.ReusingKeyGroupedIteratorTest
Tests run: 4, Failures: 0, Errors: 0, Skipped: 0, Time elapsed: 0.164 sec - in org.apache.flink.runtime.util.ReusingKeyGroupedIteratorTest
Running org.apache.flink.runtime.util.AtomicDisposableReferenceCounterTest
Tests run: 1, Failures: 0, Errors: 0, Skipped: 0, Time elapsed: 0.209 sec - in org.apache.flink.runtime.util.event.TaskEventHandlerTest
Tests run: 3, Failures: 0, Errors: 0, Skipped: 0, Time elapsed: 0.145 sec - in org.apache.flink.runtime.util.AtomicDisposableReferenceCounterTest
Tests run: 2, Failures: 0, Errors: 0, Skipped: 0, Time elapsed: 2.132 sec - in org.apache.flink.runtime.execution.librarycache.BlobLibraryCacheManagerTest
Running org.apache.flink.runtime.util.UnionIteratorTest
Running org.apache.flink.runtime.util.LRUCacheMapTest
Tests run: 2, Failures: 0, Errors: 0, Skipped: 0, Time elapsed: 0.054 sec - in org.apache.flink.runtime.util.UnionIteratorTest
Tests run: 5, Failures: 0, Errors: 0, Skipped: 0, Time elapsed: 0.18 sec - in org.apache.flink.runtime.util.LRUCacheMapTest
Tests run: 3, Failures: 0, Errors: 0, Skipped: 0, Time elapsed: 10.681 sec - in org.apache.flink.runtime.taskmanager.TaskManagerStartupTest
Running org.apache.flink.runtime.util.ClassLoaderUtilsTest
Tests run: 2, Failures: 0, Errors: 0, Skipped: 0, Time elapsed: 16.245 sec - in org.apache.flink.runtime.executiongraph.ExecutionVertexStopTest
Tests run: 15, Failures: 0, Errors: 0, Skipped: 0, Time elapsed: 6.451 sec - in org.apache.flink.runtime.taskmanager.TaskTest
Tests run: 14, Failures: 0, Errors: 0, Skipped: 0, Time elapsed: 52.21 sec - in org.apache.flink.runtime.operators.hash.MemoryHashTableTest
Running org.apache.flink.runtime.util.DataInputOutputSerializerTest
Tests run: 3, Failures: 0, Errors: 0, Skipped: 0, Time elapsed: 0.492 sec - in org.apache.flink.runtime.util.ClassLoaderUtilsTest
Tests run: 7, Failures: 0, Errors: 0, Skipped: 0, Time elapsed: 3.058 sec - in org.apache.flink.runtime.akka.AkkaUtilsTest
Running org.apache.flink.runtime.util.DelegatingConfigurationTest
Tests run: 3, Failures: 0, Errors: 0, Skipped: 0, Time elapsed: 34.891 sec - in org.apache.flink.runtime.operators.DataSourceTaskTest
Running org.apache.flink.runtime.util.ZooKeeperUtilTest
Tests run: 1, Failures: 0, Errors: 0, Skipped: 0, Time elapsed: 0.13 sec - in org.apache.flink.runtime.util.DelegatingConfigurationTest
Running org.apache.flink.runtime.util.EnvironmentInformationTest
Running org.apache.flink.runtime.util.NonReusingKeyGroupedIteratorTest
Tests run: 1, Failures: 0, Errors: 0, Skipped: 0, Time elapsed: 0.52 sec - in org.apache.flink.runtime.util.ZooKeeperUtilTest
Running org.apache.flink.runtime.akka.FlinkActorTest
Running org.apache.flink.runtime.instance.HardwareTest
Tests run: 4, Failures: 0, Errors: 0, Skipped: 0, Time elapsed: 0.215 sec - in org.apache.flink.runtime.util.NonReusingKeyGroupedIteratorTest
Running org.apache.flink.runtime.instance.InstanceTest
Running org.apache.flink.runtime.taskmanager.TaskStopTest
Running org.apache.flink.runtime.util.SerializedThrowableTest
Running org.apache.flink.runtime.instance.InstanceConnectionInfoTest
Running org.apache.flink.runtime.util.JarFileCreatorTest
Running org.apache.flink.runtime.instance.SimpleSlotTest
Tests run: 2, Failures: 0, Errors: 0, Skipped: 0, Time elapsed: 0.534 sec - in org.apache.flink.runtime.util.SerializedThrowableTest
Tests run: 2, Failures: 0, Errors: 0, Skipped: 0, Time elapsed: 8.022 sec - in org.apache.flink.runtime.akka.FlinkUntypedActorTest
Tests run: 2, Failures: 0, Errors: 0, Skipped: 0, Time elapsed: 1.221 sec - in org.apache.flink.runtime.instance.HardwareTest
Running org.apache.flink.runtime.instance.InstanceManagerTest
Tests run: 2, Failures: 0, Errors: 0, Skipped: 0, Time elapsed: 1.307 sec - in org.apache.flink.runtime.akka.FlinkActorTest
Tests run: 4, Failures: 0, Errors: 0, Skipped: 0, Time elapsed: 1.155 sec - in org.apache.flink.runtime.instance.InstanceTest
Running org.apache.flink.runtime.state.FsCheckpointStateOutputStreamTest
Running org.apache.flink.runtime.instance.SharedSlotsTest
Running org.apache.flink.runtime.state.FileStateBackendTest
Tests run: 9, Failures: 0, Errors: 0, Skipped: 0, Time elapsed: 0.986 sec - in org.apache.flink.runtime.util.JarFileCreatorTest
Tests run: 8, Failures: 0, Errors: 0, Skipped: 0, Time elapsed: 0.697 sec - in org.apache.flink.runtime.instance.SharedSlotsTest
Tests run: 3, Failures: 0, Errors: 0, Skipped: 0, Time elapsed: 1.68 sec - in org.apache.flink.runtime.instance.SimpleSlotTest
Running org.apache.flink.runtime.io.disk.iomanager.AsynchronousBufferFileWriterTest
Running org.apache.flink.runtime.state.MemoryStateBackendTest
Running org.apache.flink.runtime.io.disk.iomanager.BufferFileWriterFileSegmentReaderTest
Running org.apache.flink.runtime.io.disk.iomanager.IOManagerTest
Running org.apache.flink.runtime.io.disk.iomanager.BufferFileWriterReaderTest
Running org.apache.flink.runtime.io.disk.iomanager.IOManagerAsyncTest
Tests run: 6, Failures: 0, Errors: 0, Skipped: 0, Time elapsed: 3.118 sec - in org.apache.flink.runtime.instance.InstanceConnectionInfoTest
Tests run: 1, Failures: 0, Errors: 0, Skipped: 0, Time elapsed: 0.78 sec - in org.apache.flink.runtime.io.disk.iomanager.IOManagerTest
Running org.apache.flink.runtime.io.disk.ChannelViewsTest
Tests run: 13, Failures: 0, Errors: 0, Skipped: 0, Time elapsed: 1.77 sec - in org.apache.flink.runtime.state.MemoryStateBackendTest
Tests run: 1, Failures: 0, Errors: 0, Skipped: 0, Time elapsed: 1.96 sec - in org.apache.flink.runtime.io.disk.iomanager.BufferFileWriterFileSegmentReaderTest
Tests run: 2, Failures: 0, Errors: 0, Skipped: 0, Time elapsed: 6.334 sec - in org.apache.flink.runtime.util.DataInputOutputSerializerTest
Running org.apache.flink.runtime.io.disk.SeekableFileChannelInputViewTest
Running org.apache.flink.runtime.io.disk.iomanager.AsynchronousFileIOChannelTest
Tests run: 3, Failures: 0, Errors: 0, Skipped: 0, Time elapsed: 6.025 sec - in org.apache.flink.runtime.util.EnvironmentInformationTest
Running org.apache.flink.runtime.io.disk.FileChannelStreamsTest
Tests run: 12, Failures: 0, Errors: 0, Skipped: 0, Time elapsed: 4.371 sec - in org.apache.flink.runtime.state.FileStateBackendTest
Running org.apache.flink.runtime.io.network.DefaultChannelSelectorTest
Tests run: 1, Failures: 0, Errors: 0, Skipped: 0, Time elapsed: 0.047 sec - in org.apache.flink.runtime.io.network.DefaultChannelSelectorTest
Tests run: 2, Failures: 0, Errors: 0, Skipped: 0, Time elapsed: 0.771 sec - in org.apache.flink.runtime.io.disk.FileChannelStreamsTest
Running org.apache.flink.runtime.io.disk.SpillingBufferTest
Running org.apache.flink.runtime.io.network.netty.PartitionRequestClientFactoryTest
Tests run: 1, Failures: 0, Errors: 0, Skipped: 1, Time elapsed: 0.013 sec - in org.apache.flink.runtime.io.network.netty.PartitionRequestClientFactoryTest
Running org.apache.flink.runtime.io.network.netty.CancelPartitionRequestTest
Tests run: 1, Failures: 0, Errors: 0, Skipped: 0, Time elapsed: 2.36 sec - in org.apache.flink.runtime.io.disk.SeekableFileChannelInputViewTest
Tests run: 2, Failures: 0, Errors: 0, Skipped: 0, Time elapsed: 3.978 sec - in org.apache.flink.runtime.io.disk.iomanager.BufferFileWriterReaderTest
Running org.apache.flink.runtime.io.network.netty.PartitionRequestClientHandlerTest
Tests run: 6, Failures: 0, Errors: 0, Skipped: 0, Time elapsed: 4.407 sec - in org.apache.flink.runtime.io.disk.iomanager.IOManagerAsyncTest
Running org.apache.flink.runtime.io.network.netty.PartitionRequestQueueTest
Tests run: 4, Failures: 0, Errors: 0, Skipped: 0, Time elapsed: 7.183 sec - in org.apache.flink.runtime.instance.InstanceManagerTest
Running org.apache.flink.runtime.io.network.netty.NettyServerLowAndHighWatermarkTest
Running org.apache.flink.runtime.io.network.netty.NettyConnectionManagerTest
Running org.apache.flink.runtime.io.network.netty.NettyMessageSerializationTest
Running org.apache.flink.runtime.io.network.netty.ServerTransportErrorHandlingTest
Running org.apache.flink.runtime.io.network.netty.NettyBufferPoolTest
Tests run: 1, Failures: 0, Errors: 0, Skipped: 0, Time elapsed: 21.761 sec - in org.apache.flink.runtime.taskmanager.TaskCancelTest
Running org.apache.flink.runtime.io.network.netty.ClientTransportErrorHandlingTest
Tests run: 4, Failures: 0, Errors: 0, Skipped: 0, Time elapsed: 5.745 sec - in org.apache.flink.runtime.io.disk.iomanager.AsynchronousFileIOChannelTest
Tests run: 2, Failures: 0, Errors: 0, Skipped: 0, Time elapsed: 11.466 sec - in org.apache.flink.runtime.taskmanager.TaskStopTest
Tests run: 4, Failures: 0, Errors: 0, Skipped: 0, Time elapsed: 4.013 sec - in org.apache.flink.runtime.io.network.netty.PartitionRequestClientHandlerTest
Tests run: 1, Failures: 0, Errors: 0, Skipped: 0, Time elapsed: 3.59 sec - in org.apache.flink.runtime.io.network.netty.PartitionRequestQueueTest
Tests run: 2, Failures: 0, Errors: 0, Skipped: 0, Time elapsed: 2.105 sec - in org.apache.flink.runtime.io.network.netty.NettyBufferPoolTest
Running org.apache.flink.runtime.io.network.partition.PartialConsumePipelinedResultTest
Tests run: 1, Failures: 0, Errors: 0, Skipped: 0, Time elapsed: 2.934 sec - in org.apache.flink.runtime.io.network.netty.NettyServerLowAndHighWatermarkTest
Running org.apache.flink.runtime.io.network.partition.SpilledSubpartitionViewTest
Tests run: 2, Failures: 0, Errors: 0, Skipped: 0, Time elapsed: 3.3 sec - in org.apache.flink.runtime.io.network.netty.NettyConnectionManagerTest
Running org.apache.flink.runtime.io.network.partition.SpillableSubpartitionTest
Running org.apache.flink.runtime.io.network.partition.consumer.InputChannelTest
Tests run: 7, Failures: 0, Errors: 0, Skipped: 0, Time elapsed: 26.274 sec - in org.apache.flink.runtime.taskmanager.TaskManagerRegistrationTest
Running org.apache.flink.runtime.io.network.partition.PipelinedSubpartitionTest
Tests run: 3, Failures: 0, Errors: 0, Skipped: 0, Time elapsed: 20.474 sec - in org.apache.flink.runtime.client.JobClientActorTest
Running org.apache.flink.runtime.io.network.partition.SpilledSubpartitionViewSyncIOTest
Running org.apache.flink.runtime.io.network.partition.consumer.LocalInputChannelTest
Tests run: 4, Failures: 0, Errors: 0, Skipped: 0, Time elapsed: 8.038 sec - in org.apache.flink.runtime.io.disk.SpillingBufferTest
Running org.apache.flink.runtime.io.network.partition.consumer.RemoteInputChannelTest
Tests run: 4, Failures: 0, Errors: 0, Skipped: 0, Time elapsed: 12.395 sec - in org.apache.flink.runtime.io.disk.iomanager.AsynchronousBufferFileWriterTest
Tests run: 1, Failures: 0, Errors: 0, Skipped: 0, Time elapsed: 5.522 sec - in org.apache.flink.runtime.io.network.netty.NettyMessageSerializationTest
Running org.apache.flink.runtime.io.network.partition.ProducerFailedExceptionTest
Tests run: 2, Failures: 0, Errors: 0, Skipped: 0, Time elapsed: 0.023 sec - in org.apache.flink.runtime.io.network.partition.ProducerFailedExceptionTest
Tests run: 2, Failures: 0, Errors: 0, Skipped: 0, Time elapsed: 2.728 sec - in org.apache.flink.runtime.io.network.partition.SpilledSubpartitionViewTest
Running org.apache.flink.runtime.io.network.partition.consumer.UnionInputGateTest
Running org.apache.flink.runtime.io.network.partition.consumer.SingleInputGateTest
Tests run: 4, Failures: 0, Errors: 0, Skipped: 0, Time elapsed: 2.67 sec - in org.apache.flink.runtime.io.network.partition.consumer.InputChannelTest
Tests run: 6, Failures: 0, Errors: 0, Skipped: 0, Time elapsed: 3.332 sec - in org.apache.flink.runtime.io.network.partition.SpillableSubpartitionTest
Tests run: 6, Failures: 0, Errors: 0, Skipped: 0, Time elapsed: 6.195 sec - in org.apache.flink.runtime.io.network.netty.ClientTransportErrorHandlingTest
Tests run: 9, Failures: 0, Errors: 0, Skipped: 0, Time elapsed: 30.055 sec - in org.apache.flink.runtime.taskmanager.TaskManagerTest
Running org.apache.flink.runtime.io.network.partition.SpilledSubpartitionViewAsyncIOTest
Running org.apache.flink.runtime.io.network.api.reader.AbstractReaderTest
Running org.apache.flink.runtime.io.network.api.serialization.SpanningRecordSerializerTest
Running org.apache.flink.runtime.io.network.api.serialization.PagedViewsTest
Running org.apache.flink.runtime.io.network.DataExchangeModeTest
Running org.apache.flink.runtime.io.network.api.serialization.SpanningRecordSerializationTest
Tests run: 3, Failures: 0, Errors: 0, Skipped: 0, Time elapsed: 0.042 sec - in org.apache.flink.runtime.io.network.DataExchangeModeTest
Tests run: 1, Failures: 0, Errors: 0, Skipped: 0, Time elapsed: 2.822 sec - in org.apache.flink.runtime.io.network.partition.consumer.UnionInputGateTest
Tests run: 2, Failures: 0, Errors: 0, Skipped: 0, Time elapsed: 4.392 sec - in org.apache.flink.runtime.io.network.partition.SpilledSubpartitionViewSyncIOTest
Tests run: 6, Failures: 0, Errors: 0, Skipped: 0, Time elapsed: 17.223 sec - in org.apache.flink.runtime.state.FsCheckpointStateOutputStreamTest
Tests run: 1, Failures: 0, Errors: 0, Skipped: 0, Time elapsed: 9.185 sec - in org.apache.flink.runtime.io.network.netty.ServerTransportErrorHandlingTest
Tests run: 3, Failures: 0, Errors: 0, Skipped: 0, Time elapsed: 3.172 sec - in org.apache.flink.runtime.io.network.partition.consumer.SingleInputGateTest
Running org.apache.flink.runtime.io.network.api.serialization.EventSerializerTest
Tests run: 1, Failures: 0, Errors: 0, Skipped: 0, Time elapsed: 3.054 sec - in org.apache.flink.runtime.io.network.partition.SpilledSubpartitionViewAsyncIOTest
Tests run: 4, Failures: 0, Errors: 0, Skipped: 0, Time elapsed: 2.785 sec - in org.apache.flink.runtime.io.network.api.reader.AbstractReaderTest
Running org.apache.flink.runtime.io.network.buffer.BufferPoolFactoryTest
Tests run: 1, Failures: 0, Errors: 0, Skipped: 0, Time elapsed: 28.241 sec - in org.apache.flink.runtime.taskmanager.TaskManagerProcessReapingTest
Tests run: 1, Failures: 0, Errors: 0, Skipped: 0, Time elapsed: 1.885 sec - in org.apache.flink.runtime.io.network.api.serialization.EventSerializerTest
Tests run: 12, Failures: 0, Errors: 0, Skipped: 0, Time elapsed: 7.343 sec - in org.apache.flink.runtime.io.network.partition.PipelinedSubpartitionTest
Running org.apache.flink.runtime.io.network.buffer.NetworkBufferPoolTest
Running org.apache.flink.runtime.io.network.buffer.LocalBufferPoolTest
Tests run: 10, Failures: 0, Errors: 0, Skipped: 0, Time elapsed: 4.518 sec - in org.apache.flink.runtime.io.network.api.serialization.PagedViewsTest
Running org.apache.flink.runtime.io.network.serialization.LargeRecordsTest
Running org.apache.flink.runtime.io.network.NetworkEnvironmentTest
Running org.apache.flink.runtime.io.network.buffer.BufferTest
Tests run: 2, Failures: 0, Errors: 0, Skipped: 0, Time elapsed: 1.666 sec - in org.apache.flink.runtime.io.network.buffer.NetworkBufferPoolTest
Tests run: 7, Failures: 0, Errors: 0, Skipped: 0, Time elapsed: 2.523 sec - in org.apache.flink.runtime.io.network.buffer.BufferPoolFactoryTest
Running org.apache.flink.runtime.io.network.api.writer.RecordWriterTest
Tests run: 10, Failures: 0, Errors: 0, Skipped: 0, Time elapsed: 2.796 sec - in org.apache.flink.runtime.io.network.buffer.LocalBufferPoolTest
Tests run: 2, Failures: 0, Errors: 0, Skipped: 0, Time elapsed: 1.748 sec - in org.apache.flink.runtime.io.network.buffer.BufferTest
Tests run: 6, Failures: 0, Errors: 0, Skipped: 0, Time elapsed: 8.405 sec - in org.apache.flink.runtime.io.network.api.serialization.SpanningRecordSerializerTest
Tests run: 3, Failures: 0, Errors: 0, Skipped: 0, Time elapsed: 11.604 sec - in org.apache.flink.runtime.io.network.partition.consumer.LocalInputChannelTest
Tests run: 4, Failures: 0, Errors: 0, Skipped: 0, Time elapsed: 8.204 sec - in org.apache.flink.runtime.io.network.api.serialization.SpanningRecordSerializationTest
Tests run: 1, Failures: 0, Errors: 0, Skipped: 0, Time elapsed: 14.097 sec - in org.apache.flink.runtime.io.network.partition.PartialConsumePipelinedResultTest
Tests run: 3, Failures: 0, Errors: 0, Skipped: 0, Time elapsed: 3.047 sec - in org.apache.flink.runtime.io.network.api.writer.RecordWriterTest
Tests run: 2, Failures: 0, Errors: 0, Skipped: 0, Time elapsed: 19.915 sec - in org.apache.flink.runtime.io.network.netty.CancelPartitionRequestTest
Running org.apache.flink.runtime.io.network.api.reader.BufferReaderTest
Tests run: 2, Failures: 0, Errors: 0, Skipped: 0, Time elapsed: 5.596 sec - in org.apache.flink.runtime.io.network.NetworkEnvironmentTest
Tests run: 2, Failures: 0, Errors: 0, Skipped: 0, Time elapsed: 4.69 sec - in org.apache.flink.runtime.io.network.api.reader.BufferReaderTest
Tests run: 7, Failures: 0, Errors: 0, Skipped: 0, Time elapsed: 75.586 sec - in org.apache.flink.runtime.operators.DataSinkTaskTest
Tests run: 8, Failures: 0, Errors: 0, Skipped: 0, Time elapsed: 93.844 sec - in org.apache.flink.runtime.operators.sort.NormalizedKeySorterTest
Tests run: 8, Failures: 0, Errors: 0, Skipped: 0, Time elapsed: 33.59 sec - in org.apache.flink.runtime.io.network.partition.consumer.RemoteInputChannelTest
Tests run: 2, Failures: 0, Errors: 0, Skipped: 0, Time elapsed: 29.811 sec - in org.apache.flink.runtime.io.network.serialization.LargeRecordsTest
Tests run: 6, Failures: 0, Errors: 0, Skipped: 0, Time elapsed: 92.944 sec - in org.apache.flink.runtime.leaderelection.ZooKeeperLeaderElectionTest
Tests run: 6, Failures: 0, Errors: 0, Skipped: 0, Time elapsed: 68.525 sec - in org.apache.flink.runtime.io.disk.ChannelViewsTest

Results :

Failed tests: 
  ExecutionGraphRestartTest.testFailExecutionAfterCancel:539 expected:<CANCELED> but was:<RESTARTING>
  ExecutionVertexCancelTest.testActionsWhileCancelling:552 expected:<CANCELED> but was:<FAILED>
  ExecutionVertexCancelTest.testCancelCallFails:403 expected:<CANCELED> but was:<FAILED>

Tests run: 977, Failures: 3, Errors: 0, Skipped: 1

[INFO] ------------------------------------------------------------------------
[INFO] BUILD FAILURE
[INFO] ------------------------------------------------------------------------
[INFO] Total time: 02:23 min
[INFO] Finished at: 2016-07-14T12:35:53-07:00
[INFO] Final Memory: 58M/3502M
[INFO] ------------------------------------------------------------------------
[ERROR] Failed to execute goal org.apache.maven.plugins:maven-surefire-plugin:2.18.1:test (default-test) on project flink-runtime_2.10: There are test failures.
[ERROR] 
[ERROR] Please refer to /space/parallel/flink/flink9/dataset/flink/FLINK-3534_734ba01dda51ab93d10e6c36cf5a0c4c65b28008/flink-runtime/target/surefire-reports for the individual test results.
[ERROR] -> [Help 1]
[ERROR] 
[ERROR] To see the full stack trace of the errors, re-run Maven with the -e switch.
[ERROR] Re-run Maven using the -X switch to enable full debug logging.
[ERROR] 
[ERROR] For more information about the errors and possible solutions, please read the following articles:
[ERROR] [Help 1] http://cwiki.apache.org/confluence/display/MAVEN/MojoFailureException
