[INFO] Scanning for projects...
[INFO]                                                                         
[INFO] ------------------------------------------------------------------------
[INFO] Building Apache Log4j Core 2.2-SNAPSHOT
[INFO] ------------------------------------------------------------------------
[INFO] 
[INFO] --- maven-remote-resources-plugin:1.1:process (default) @ log4j-core ---
[INFO] Setting property: classpath.resource.loader.class => 'org.codehaus.plexus.velocity.ContextClassLoaderResourceLoader'.
[INFO] Setting property: velocimacro.messages.on => 'false'.
[INFO] Setting property: resource.loader => 'classpath'.
[INFO] Setting property: resource.manager.logwhenfound => 'false'.
[INFO] 
[INFO] --- maven-resources-plugin:2.6:resources (default-resources) @ log4j-core ---
[INFO] Using 'UTF-8' encoding to copy filtered resources.
[INFO] Copying 8 resources
[INFO] 
[INFO] --- maven-compiler-plugin:3.2:compile (default-compile) @ log4j-core ---
[INFO] Changes detected - recompiling the module!
[INFO] Compiling 408 source files to /home/ylyu/parallel/log4j2/log4j29/dataset/logging-log4j2/LOG4J2-834_d3989b40f92cdf2a7a0bc8a8d4d883386a640ebb/log4j-core/target/classes
[WARNING] bootstrap class path not set in conjunction with -source 1.6
/home/ylyu/parallel/log4j2/log4j29/dataset/logging-log4j2/LOG4J2-834_d3989b40f92cdf2a7a0bc8a8d4d883386a640ebb/log4j-core/src/main/java/org/apache/logging/log4j/core/impl/ThrowableProxy.java:[586,53] [deprecation] getSuppressed(Throwable) in Throwables has been deprecated
[WARNING] /home/ylyu/parallel/log4j2/log4j29/dataset/logging-log4j2/LOG4J2-834_d3989b40f92cdf2a7a0bc8a8d4d883386a640ebb/log4j-core/src/main/java/org/apache/logging/log4j/core/async/AsyncLogger.java:[127,34] [unchecked] unchecked generic array creation for varargs parameter of type EventHandler<? super RingBufferLogEvent>[]
[WARNING] /home/ylyu/parallel/log4j2/log4j29/dataset/logging-log4j2/LOG4J2-834_d3989b40f92cdf2a7a0bc8a8d4d883386a640ebb/log4j-core/src/main/java/org/apache/logging/log4j/core/config/plugins/util/ResolverUtil.java:[240,36] [cast] redundant cast to BundleWiring
[WARNING] /home/ylyu/parallel/log4j2/log4j29/dataset/logging-log4j2/LOG4J2-834_d3989b40f92cdf2a7a0bc8a8d4d883386a640ebb/log4j-core/src/main/java/org/apache/logging/log4j/core/config/plugins/util/ResolverUtil.java:[243,40] [cast] redundant cast to Collection<String>
[INFO] 
[INFO] --- maven-compiler-plugin:3.2:compile (process-plugins) @ log4j-core ---
[INFO] Changes detected - recompiling the module!
[INFO] Compiling 408 source files to /home/ylyu/parallel/log4j2/log4j29/dataset/logging-log4j2/LOG4J2-834_d3989b40f92cdf2a7a0bc8a8d4d883386a640ebb/log4j-core/target/classes
[INFO] 
[INFO] --- maven-bundle-plugin:2.5.3:manifest (default) @ log4j-core ---
[INFO] 
[INFO] --- maven-resources-plugin:2.6:testResources (default-testResources) @ log4j-core ---
[INFO] Using 'UTF-8' encoding to copy filtered resources.
[INFO] Copying 152 resources
[INFO] 
[INFO] --- maven-compiler-plugin:3.2:testCompile (default-testCompile) @ log4j-core ---
[INFO] Changes detected - recompiling the module!
[INFO] Compiling 288 source files to /home/ylyu/parallel/log4j2/log4j29/dataset/logging-log4j2/LOG4J2-834_d3989b40f92cdf2a7a0bc8a8d4d883386a640ebb/log4j-core/target/test-classes
[WARNING] bootstrap class path not set in conjunction with -source 1.6
/home/ylyu/parallel/log4j2/log4j29/dataset/logging-log4j2/LOG4J2-834_d3989b40f92cdf2a7a0bc8a8d4d883386a640ebb/log4j-core/src/test/java/org/apache/logging/log4j/core/selector/TestClassLoader.java:[28,15] IOUtils is internal proprietary API and may be removed in a future release
[WARNING] warning: Supported source version 'RELEASE_5' from annotation processor 'ch.qos.cal10n.verifier.processor.CAL10NAnnotationProcessor' less than -source '1.6'
warning: No processor claimed any of these annotations: org.junit.AfterClass,javax.persistence.Convert,org.junit.Ignore,javax.persistence.Column,javax.persistence.Id,com.fasterxml.jackson.databind.annotation.JsonDeserialize,org.junit.Before,javax.persistence.Temporal,org.junit.Rule,javax.persistence.GeneratedValue,org.junit.experimental.categories.Category,javax.persistence.Table,org.junit.ClassRule,org.junit.Test,com.fasterxml.jackson.annotation.JsonProperty,javax.persistence.Basic,javax.persistence.Transient,org.junit.runners.Parameterized.Parameters,javax.persistence.Entity,org.junit.After,org.junit.runner.RunWith,org.junit.BeforeClass
/home/ylyu/parallel/log4j2/log4j29/dataset/logging-log4j2/LOG4J2-834_d3989b40f92cdf2a7a0bc8a8d4d883386a640ebb/log4j-core/src/test/java/org/apache/logging/log4j/core/selector/TestClassLoader.java:[28,15] IOUtils is internal proprietary API and may be removed in a future release
[WARNING] /home/ylyu/parallel/log4j2/log4j29/dataset/logging-log4j2/LOG4J2-834_d3989b40f92cdf2a7a0bc8a8d4d883386a640ebb/log4j-core/src/test/java/org/apache/logging/log4j/core/selector/TestClassLoader.java:[28,15] IOUtils is internal proprietary API and may be removed in a future release
[WARNING] /home/ylyu/parallel/log4j2/log4j29/dataset/logging-log4j2/LOG4J2-834_d3989b40f92cdf2a7a0bc8a8d4d883386a640ebb/log4j-core/src/test/java/org/apache/logging/log4j/core/selector/TestClassLoader.java:[63,27] IOUtils is internal proprietary API and may be removed in a future release
[WARNING] /home/ylyu/parallel/log4j2/log4j29/dataset/logging-log4j2/LOG4J2-834_d3989b40f92cdf2a7a0bc8a8d4d883386a640ebb/log4j-core/src/test/java/org/apache/logging/log4j/core/layout/LogEventFixtures.java:[57,18] [deprecation] addSuppressed(Throwable,Throwable) in Throwables has been deprecated
[WARNING] /home/ylyu/parallel/log4j2/log4j29/dataset/logging-log4j2/LOG4J2-834_d3989b40f92cdf2a7a0bc8a8d4d883386a640ebb/log4j-core/src/test/java/org/apache/logging/log4j/core/layout/LogEventFixtures.java:[58,18] [deprecation] addSuppressed(Throwable,Throwable) in Throwables has been deprecated
[WARNING] /home/ylyu/parallel/log4j2/log4j29/dataset/logging-log4j2/LOG4J2-834_d3989b40f92cdf2a7a0bc8a8d4d883386a640ebb/log4j-core/src/test/java/org/apache/logging/log4j/test/layout/BasicLayout.java:[32,7] [serial] serializable class BasicLayout has no definition of serialVersionUID
[WARNING] /home/ylyu/parallel/log4j2/log4j29/dataset/logging-log4j2/LOG4J2-834_d3989b40f92cdf2a7a0bc8a8d4d883386a640ebb/log4j-core/src/test/java/org/apache/logging/log4j/core/tools/GenerateExtendedLoggerTest.java:[93,73] [rawtypes] found raw type: Class
[WARNING]   missing type arguments for generic class Class<T>
  where T is a type-variable:
    T extends Object declared in class Class
/home/ylyu/parallel/log4j2/log4j29/dataset/logging-log4j2/LOG4J2-834_d3989b40f92cdf2a7a0bc8a8d4d883386a640ebb/log4j-core/src/test/java/org/apache/logging/log4j/core/tools/GenerateExtendedLoggerTest.java:[94,73] [rawtypes] found raw type: Class
[WARNING]   missing type arguments for generic class Class<T>
  where T is a type-variable:
    T extends Object declared in class Class
/home/ylyu/parallel/log4j2/log4j29/dataset/logging-log4j2/LOG4J2-834_d3989b40f92cdf2a7a0bc8a8d4d883386a640ebb/log4j-core/src/test/java/org/apache/logging/log4j/core/tools/GenerateExtendedLoggerTest.java:[95,73] [rawtypes] found raw type: Class
[WARNING]   missing type arguments for generic class Class<T>
  where T is a type-variable:
    T extends Object declared in class Class
/home/ylyu/parallel/log4j2/log4j29/dataset/logging-log4j2/LOG4J2-834_d3989b40f92cdf2a7a0bc8a8d4d883386a640ebb/log4j-core/src/test/java/org/apache/logging/log4j/core/tools/GenerateExtendedLoggerTest.java:[96,73] [rawtypes] found raw type: Class
[WARNING]   missing type arguments for generic class Class<T>
  where T is a type-variable:
    T extends Object declared in class Class
/home/ylyu/parallel/log4j2/log4j29/dataset/logging-log4j2/LOG4J2-834_d3989b40f92cdf2a7a0bc8a8d4d883386a640ebb/log4j-core/src/test/java/org/apache/logging/log4j/core/tools/GenerateExtendedLoggerTest.java:[123,66] [rawtypes] found raw type: Class
[WARNING]   missing type arguments for generic class Class<T>
  where T is a type-variable:
    T extends Object declared in class Class
/home/ylyu/parallel/log4j2/log4j29/dataset/logging-log4j2/LOG4J2-834_d3989b40f92cdf2a7a0bc8a8d4d883386a640ebb/log4j-core/src/test/java/org/apache/logging/log4j/core/tools/GenerateCustomLoggerTest.java:[92,73] [rawtypes] found raw type: Class
[WARNING]   missing type arguments for generic class Class<T>
  where T is a type-variable:
    T extends Object declared in class Class
/home/ylyu/parallel/log4j2/log4j29/dataset/logging-log4j2/LOG4J2-834_d3989b40f92cdf2a7a0bc8a8d4d883386a640ebb/log4j-core/src/test/java/org/apache/logging/log4j/core/tools/GenerateCustomLoggerTest.java:[93,73] [rawtypes] found raw type: Class
[WARNING]   missing type arguments for generic class Class<T>
  where T is a type-variable:
    T extends Object declared in class Class
/home/ylyu/parallel/log4j2/log4j29/dataset/logging-log4j2/LOG4J2-834_d3989b40f92cdf2a7a0bc8a8d4d883386a640ebb/log4j-core/src/test/java/org/apache/logging/log4j/core/tools/GenerateCustomLoggerTest.java:[94,73] [rawtypes] found raw type: Class
[WARNING]   missing type arguments for generic class Class<T>
  where T is a type-variable:
    T extends Object declared in class Class
/home/ylyu/parallel/log4j2/log4j29/dataset/logging-log4j2/LOG4J2-834_d3989b40f92cdf2a7a0bc8a8d4d883386a640ebb/log4j-core/src/test/java/org/apache/logging/log4j/core/tools/GenerateCustomLoggerTest.java:[95,73] [rawtypes] found raw type: Class
[WARNING]   missing type arguments for generic class Class<T>
  where T is a type-variable:
    T extends Object declared in class Class
/home/ylyu/parallel/log4j2/log4j29/dataset/logging-log4j2/LOG4J2-834_d3989b40f92cdf2a7a0bc8a8d4d883386a640ebb/log4j-core/src/test/java/org/apache/logging/log4j/core/tools/GenerateCustomLoggerTest.java:[122,66] [rawtypes] found raw type: Class
[INFO] 
[INFO] --- maven-surefire-plugin:2.18:test (default-test) @ log4j-core ---
[INFO] Surefire report directory: /home/ylyu/parallel/log4j2/log4j29/dataset/logging-log4j2/LOG4J2-834_d3989b40f92cdf2a7a0bc8a8d4d883386a640ebb/log4j-core/target/surefire-reports
[INFO] parallel='none', perCoreThreadCount=true, threadCount=0, useUnlimitedThreads=false, threadCountSuites=0, threadCountClasses=0, threadCountMethods=0, parallelOptimized=true

-------------------------------------------------------
 T E S T S
-------------------------------------------------------
Running org.apache.logging.log4j.MarkerMixInTest
Tests run: 3, Failures: 0, Errors: 0, Skipped: 0, Time elapsed: 0.249 sec - in org.apache.logging.log4j.MarkerMixInTest
Running org.apache.logging.log4j.core.LoggerUpdateTest
Tests run: 1, Failures: 0, Errors: 0, Skipped: 0, Time elapsed: 0.012 sec - in org.apache.logging.log4j.core.LoggerUpdateTest
Running org.apache.logging.log4j.core.LogEventTest
Tests run: 1, Failures: 0, Errors: 0, Skipped: 0, Time elapsed: 0.119 sec - in org.apache.logging.log4j.core.LogEventTest
Running org.apache.logging.log4j.core.LateConfigTest
Tests run: 1, Failures: 0, Errors: 0, Skipped: 0, Time elapsed: 0.103 sec - in org.apache.logging.log4j.core.LateConfigTest
Running org.apache.logging.log4j.core.LoggerDateTest
Tests run: 1, Failures: 0, Errors: 0, Skipped: 0, Time elapsed: 0.003 sec - in org.apache.logging.log4j.core.LoggerDateTest
Running org.apache.logging.log4j.core.LookupTest
Tests run: 1, Failures: 0, Errors: 0, Skipped: 0, Time elapsed: 0.003 sec - in org.apache.logging.log4j.core.LookupTest
Running org.apache.logging.log4j.core.tools.GenerateCustomLoggerTest
Tests run: 1, Failures: 0, Errors: 0, Skipped: 0, Time elapsed: 0.853 sec - in org.apache.logging.log4j.core.tools.GenerateCustomLoggerTest
Running org.apache.logging.log4j.core.tools.GenerateExtendedLoggerTest
Tests run: 1, Failures: 0, Errors: 0, Skipped: 0, Time elapsed: 0.898 sec - in org.apache.logging.log4j.core.tools.GenerateExtendedLoggerTest
Running org.apache.logging.log4j.core.lookup.ResourceBundleLookupTest
Tests run: 3, Failures: 0, Errors: 0, Skipped: 0, Time elapsed: 0.027 sec - in org.apache.logging.log4j.core.lookup.ResourceBundleLookupTest
Running org.apache.logging.log4j.core.lookup.JndiLookupTest
Tests run: 1, Failures: 0, Errors: 0, Skipped: 0, Time elapsed: 0.15 sec - in org.apache.logging.log4j.core.lookup.JndiLookupTest
Running org.apache.logging.log4j.core.lookup.StrSubstitutorTest
Tests run: 1, Failures: 0, Errors: 0, Skipped: 0, Time elapsed: 0.125 sec - in org.apache.logging.log4j.core.lookup.StrSubstitutorTest
Running org.apache.logging.log4j.core.lookup.MapLookupTest
Tests run: 4, Failures: 0, Errors: 0, Skipped: 0, Time elapsed: 0.003 sec - in org.apache.logging.log4j.core.lookup.MapLookupTest
Running org.apache.logging.log4j.core.lookup.ContextMapLookupTest
Tests run: 2, Failures: 0, Errors: 0, Skipped: 0, Time elapsed: 0.362 sec - in org.apache.logging.log4j.core.lookup.ContextMapLookupTest
Running org.apache.logging.log4j.core.lookup.InterpolatorTest
java:version = Java version 1.7.0_101
java:runtime = OpenJDK Runtime Environment (build 1.7.0_101-b00) from Oracle Corporation
java:vm = OpenJDK 64-Bit Server VM (build 24.95-b01, mixed mode)
java:os = Linux 4.2.0-27-generic unknown, architecture: amd64-64
java:locale = default locale: en_US, platform encoding: UTF-8
java:hw = processors: 16, architecture: amd64-64
Tests run: 2, Failures: 0, Errors: 0, Skipped: 0, Time elapsed: 0.116 sec - in org.apache.logging.log4j.core.lookup.InterpolatorTest
Running org.apache.logging.log4j.core.lookup.MainInputArgumentsJmxLookupTest
Tests run: 1, Failures: 0, Errors: 0, Skipped: 0, Time elapsed: 0.004 sec - in org.apache.logging.log4j.core.lookup.MainInputArgumentsJmxLookupTest
Running org.apache.logging.log4j.core.lookup.DateLookupTest
Tests run: 1, Failures: 0, Errors: 0, Skipped: 0, Time elapsed: 0.044 sec - in org.apache.logging.log4j.core.lookup.DateLookupTest
Running org.apache.logging.log4j.core.lookup.StructuredDataLookupTest
Tests run: 1, Failures: 0, Errors: 0, Skipped: 0, Time elapsed: 0.047 sec - in org.apache.logging.log4j.core.lookup.StructuredDataLookupTest
Running org.apache.logging.log4j.core.lookup.EnvironmentLookupTest
Tests run: 1, Failures: 0, Errors: 0, Skipped: 0, Time elapsed: 0.004 sec - in org.apache.logging.log4j.core.lookup.EnvironmentLookupTest
Running org.apache.logging.log4j.core.lookup.SystemPropertiesLookupTest
Tests run: 1, Failures: 0, Errors: 0, Skipped: 0, Time elapsed: 0.023 sec - in org.apache.logging.log4j.core.lookup.SystemPropertiesLookupTest
Running org.apache.logging.log4j.core.BasicLoggingTest
11:31:02.904 [main] ERROR org.apache.logging.log4j.core.BasicLoggingTest - Test message
Tests run: 1, Failures: 0, Errors: 0, Skipped: 0, Time elapsed: 0.277 sec - in org.apache.logging.log4j.core.BasicLoggingTest
Running org.apache.logging.log4j.core.ExtendedLevelTest
Tests run: 1, Failures: 0, Errors: 0, Skipped: 0, Time elapsed: 0.016 sec - in org.apache.logging.log4j.core.ExtendedLevelTest
Running org.apache.logging.log4j.core.filter.BurstFilterTest
Tests run: 1, Failures: 0, Errors: 0, Skipped: 0, Time elapsed: 6.908 sec - in org.apache.logging.log4j.core.filter.BurstFilterTest
Running org.apache.logging.log4j.core.filter.MarkerFilterTest
Tests run: 1, Failures: 0, Errors: 0, Skipped: 0, Time elapsed: 0.047 sec - in org.apache.logging.log4j.core.filter.MarkerFilterTest
Running org.apache.logging.log4j.core.filter.DynamicThresholdFilterSerializationTest
Tests run: 6, Failures: 0, Errors: 0, Skipped: 0, Time elapsed: 0.032 sec - in org.apache.logging.log4j.core.filter.DynamicThresholdFilterSerializationTest
Running org.apache.logging.log4j.core.filter.RegexFilterTest
Tests run: 3, Failures: 0, Errors: 0, Skipped: 0, Time elapsed: 0.032 sec - in org.apache.logging.log4j.core.filter.RegexFilterTest
Running org.apache.logging.log4j.core.filter.TimeFilterTest
Tests run: 1, Failures: 0, Errors: 0, Skipped: 0, Time elapsed: 0.071 sec - in org.apache.logging.log4j.core.filter.TimeFilterTest
Running org.apache.logging.log4j.core.filter.ThresholdFilterTest
Tests run: 1, Failures: 0, Errors: 0, Skipped: 0, Time elapsed: 0.047 sec - in org.apache.logging.log4j.core.filter.ThresholdFilterTest
Running org.apache.logging.log4j.core.filter.StructuredDataFilterTest
Tests run: 2, Failures: 0, Errors: 0, Skipped: 0, Time elapsed: 0.35 sec - in org.apache.logging.log4j.core.filter.StructuredDataFilterTest
Running org.apache.logging.log4j.core.filter.DynamicThresholdFilterTest
Tests run: 2, Failures: 0, Errors: 0, Skipped: 0, Time elapsed: 0.381 sec - in org.apache.logging.log4j.core.filter.DynamicThresholdFilterTest
Running org.apache.logging.log4j.core.filter.ThreadContextMapFilterTest
Tests run: 1, Failures: 0, Errors: 0, Skipped: 0, Time elapsed: 0.046 sec - in org.apache.logging.log4j.core.filter.ThreadContextMapFilterTest
Running org.apache.logging.log4j.core.filter.MapFilterTest
Tests run: 2, Failures: 0, Errors: 0, Skipped: 0, Time elapsed: 0.385 sec - in org.apache.logging.log4j.core.filter.MapFilterTest
Running org.apache.logging.log4j.core.osgi.equinox.EquinoxLoadCoreBundleTest
Tests run: 1, Failures: 0, Errors: 0, Skipped: 1, Time elapsed: 0 sec - in org.apache.logging.log4j.core.osgi.equinox.EquinoxLoadCoreBundleTest
Running org.apache.logging.log4j.core.osgi.felix.FelixLoadCoreBundleTest
Tests run: 1, Failures: 0, Errors: 0, Skipped: 1, Time elapsed: 0 sec - in org.apache.logging.log4j.core.osgi.felix.FelixLoadCoreBundleTest
Running org.apache.logging.log4j.core.LogEventFactoryTest
Tests run: 1, Failures: 0, Errors: 0, Skipped: 0, Time elapsed: 0.011 sec - in org.apache.logging.log4j.core.LogEventFactoryTest
Running org.apache.logging.log4j.core.LoggerSerializationTest
Tests run: 1, Failures: 0, Errors: 0, Skipped: 1, Time elapsed: 0.001 sec - in org.apache.logging.log4j.core.LoggerSerializationTest
Running org.apache.logging.log4j.core.FileConfigTest
Tests run: 1, Failures: 0, Errors: 0, Skipped: 0, Time elapsed: 2.12 sec - in org.apache.logging.log4j.core.FileConfigTest
Running org.apache.logging.log4j.core.LevelTest
Tests run: 1, Failures: 0, Errors: 0, Skipped: 0, Time elapsed: 0.025 sec - in org.apache.logging.log4j.core.LevelTest
Running org.apache.logging.log4j.core.AppenderRefLevelTest
Tests run: 3, Failures: 0, Errors: 0, Skipped: 0, Time elapsed: 0.011 sec - in org.apache.logging.log4j.core.AppenderRefLevelTest
Running org.apache.logging.log4j.core.TimestampMessageTest
Tests run: 1, Failures: 0, Errors: 0, Skipped: 0, Time elapsed: 0.053 sec - in org.apache.logging.log4j.core.TimestampMessageTest
Running org.apache.logging.log4j.core.ShutdownDisabledTest
Tests run: 1, Failures: 0, Errors: 0, Skipped: 0, Time elapsed: 0.002 sec - in org.apache.logging.log4j.core.ShutdownDisabledTest
Running org.apache.logging.log4j.core.config.XIncludeTest
Tests run: 3, Failures: 0, Errors: 0, Skipped: 0, Time elapsed: 0.421 sec - in org.apache.logging.log4j.core.config.XIncludeTest
Running org.apache.logging.log4j.core.config.MissingRootLoggerTest
Tests run: 1, Failures: 0, Errors: 0, Skipped: 0, Time elapsed: 0.349 sec - in org.apache.logging.log4j.core.config.MissingRootLoggerTest
Running org.apache.logging.log4j.core.config.CustomConfigurationTest
2016-07-16 11:31:25,312 WARN The bufferSize is set to 4000 but bufferedIO is not true: false
Tests run: 1, Failures: 0, Errors: 0, Skipped: 0, Time elapsed: 0.415 sec - in org.apache.logging.log4j.core.config.CustomConfigurationTest
Running org.apache.logging.log4j.core.config.xml.XmlLoggerPropsTest
Tests run: 1, Failures: 0, Errors: 0, Skipped: 0, Time elapsed: 0.366 sec - in org.apache.logging.log4j.core.config.xml.XmlLoggerPropsTest
Running org.apache.logging.log4j.core.config.xml.XmlConfigurationPropsTest
2016-07-16 11:31:26,557 WARN Error while converting string [${sys:log.level}] to type [class org.apache.logging.log4j.Level]. Using default value [null]. java.lang.IllegalArgumentException: Unknown level constant [${SYS:LOG.LEVEL}].
	at org.apache.logging.log4j.Level.valueOf(Level.java:286)
	at org.apache.logging.log4j.core.config.plugins.convert.TypeConverters$LevelConverter.convert(TypeConverters.java:230)
	at org.apache.logging.log4j.core.config.plugins.convert.TypeConverters$LevelConverter.convert(TypeConverters.java:226)
	at org.apache.logging.log4j.core.config.plugins.convert.TypeConverters.convert(TypeConverters.java:336)
	at org.apache.logging.log4j.core.config.plugins.visitors.AbstractPluginVisitor.convert(AbstractPluginVisitor.java:130)
	at org.apache.logging.log4j.core.config.plugins.visitors.PluginAttributeVisitor.visit(PluginAttributeVisitor.java:44)
	at org.apache.logging.log4j.core.config.plugins.util.PluginBuilder.generateParameters(PluginBuilder.java:245)
	at org.apache.logging.log4j.core.config.plugins.util.PluginBuilder.build(PluginBuilder.java:134)
	at org.apache.logging.log4j.core.config.AbstractConfiguration.createPluginObject(AbstractConfiguration.java:766)
	at org.apache.logging.log4j.core.config.AbstractConfiguration.createConfiguration(AbstractConfiguration.java:706)
	at org.apache.logging.log4j.core.config.AbstractConfiguration.createConfiguration(AbstractConfiguration.java:698)
	at org.apache.logging.log4j.core.config.AbstractConfiguration.doConfigure(AbstractConfiguration.java:358)
	at org.apache.logging.log4j.core.config.AbstractConfiguration.start(AbstractConfiguration.java:161)
	at org.apache.logging.log4j.core.LoggerContext.setConfiguration(LoggerContext.java:359)
	at org.apache.logging.log4j.core.LoggerContext.reconfigure(LoggerContext.java:420)
	at org.apache.logging.log4j.core.LoggerContext.start(LoggerContext.java:138)
	at org.apache.logging.log4j.core.impl.Log4jContextFactory.getContext(Log4jContextFactory.java:147)
	at org.apache.logging.log4j.core.impl.Log4jContextFactory.getContext(Log4jContextFactory.java:41)
	at org.apache.logging.log4j.LogManager.getContext(LogManager.java:146)
	at org.apache.logging.log4j.core.config.xml.XmlConfigurationPropsTest.testDefaultStatus(XmlConfigurationPropsTest.java:61)
	at sun.reflect.NativeMethodAccessorImpl.invoke0(Native Method)
	at sun.reflect.NativeMethodAccessorImpl.invoke(NativeMethodAccessorImpl.java:57)
	at sun.reflect.DelegatingMethodAccessorImpl.invoke(DelegatingMethodAccessorImpl.java:43)
	at java.lang.reflect.Method.invoke(Method.java:606)
	at org.junit.runners.model.FrameworkMethod$1.runReflectiveCall(FrameworkMethod.java:47)
	at org.junit.internal.runners.model.ReflectiveCallable.run(ReflectiveCallable.java:12)
	at org.junit.runners.model.FrameworkMethod.invokeExplosively(FrameworkMethod.java:44)
	at org.junit.internal.runners.statements.InvokeMethod.evaluate(InvokeMethod.java:17)
	at org.junit.runners.ParentRunner.runLeaf(ParentRunner.java:271)
	at org.junit.runners.BlockJUnit4ClassRunner.runChild(BlockJUnit4ClassRunner.java:70)
	at org.junit.runners.BlockJUnit4ClassRunner.runChild(BlockJUnit4ClassRunner.java:50)
	at org.junit.runners.ParentRunner$3.run(ParentRunner.java:238)
	at org.junit.runners.ParentRunner$1.schedule(ParentRunner.java:63)
	at org.junit.runners.ParentRunner.runChildren(ParentRunner.java:236)
	at org.junit.runners.ParentRunner.access$000(ParentRunner.java:53)
	at org.junit.runners.ParentRunner$2.evaluate(ParentRunner.java:229)
	at org.junit.internal.runners.statements.RunAfters.evaluate(RunAfters.java:27)
	at org.junit.runners.ParentRunner.run(ParentRunner.java:309)
	at org.junit.runners.Suite.runChild(Suite.java:127)
	at org.junit.runners.Suite.runChild(Suite.java:26)
	at org.junit.runners.ParentRunner$3.run(ParentRunner.java:238)
	at org.junit.runners.ParentRunner$1.schedule(ParentRunner.java:63)
	at org.junit.runners.ParentRunner.runChildren(ParentRunner.java:236)
	at org.junit.runners.ParentRunner.access$000(ParentRunner.java:53)
	at org.junit.runners.ParentRunner$2.evaluate(ParentRunner.java:229)
	at org.junit.runners.ParentRunner.run(ParentRunner.java:309)
	at org.junit.runner.JUnitCore.run(JUnitCore.java:160)
	at org.junit.runner.JUnitCore.run(JUnitCore.java:138)
	at org.apache.maven.surefire.junitcore.JUnitCoreWrapper.createRequestAndRun(JUnitCoreWrapper.java:107)
	at org.apache.maven.surefire.junitcore.JUnitCoreWrapper.executeEager(JUnitCoreWrapper.java:77)
	at org.apache.maven.surefire.junitcore.JUnitCoreWrapper.execute(JUnitCoreWrapper.java:53)
	at org.apache.maven.surefire.junitcore.JUnitCoreProvider.invoke(JUnitCoreProvider.java:144)
	at org.apache.maven.surefire.booter.ForkedBooter.invokeProviderInSameClassLoader(ForkedBooter.java:203)
	at org.apache.maven.surefire.booter.ForkedBooter.runSuitesInProcess(ForkedBooter.java:155)
	at org.apache.maven.surefire.booter.ForkedBooter.main(ForkedBooter.java:103)

2016-07-16 11:31:26,626 WARN Error while converting string [${sys:log.level}] to type [class org.apache.logging.log4j.Level]. Using default value [null]. java.lang.IllegalArgumentException: Unknown level constant [${SYS:LOG.LEVEL}].
	at org.apache.logging.log4j.Level.valueOf(Level.java:286)
	at org.apache.logging.log4j.core.config.plugins.convert.TypeConverters$LevelConverter.convert(TypeConverters.java:230)
	at org.apache.logging.log4j.core.config.plugins.convert.TypeConverters$LevelConverter.convert(TypeConverters.java:226)
	at org.apache.logging.log4j.core.config.plugins.convert.TypeConverters.convert(TypeConverters.java:336)
	at org.apache.logging.log4j.core.config.plugins.visitors.AbstractPluginVisitor.convert(AbstractPluginVisitor.java:130)
	at org.apache.logging.log4j.core.config.plugins.visitors.PluginAttributeVisitor.visit(PluginAttributeVisitor.java:44)
	at org.apache.logging.log4j.core.config.plugins.util.PluginBuilder.generateParameters(PluginBuilder.java:245)
	at org.apache.logging.log4j.core.config.plugins.util.PluginBuilder.build(PluginBuilder.java:134)
	at org.apache.logging.log4j.core.config.AbstractConfiguration.createPluginObject(AbstractConfiguration.java:766)
	at org.apache.logging.log4j.core.config.AbstractConfiguration.createConfiguration(AbstractConfiguration.java:706)
	at org.apache.logging.log4j.core.config.AbstractConfiguration.createConfiguration(AbstractConfiguration.java:698)
	at org.apache.logging.log4j.core.config.AbstractConfiguration.doConfigure(AbstractConfiguration.java:358)
	at org.apache.logging.log4j.core.config.AbstractConfiguration.start(AbstractConfiguration.java:161)
	at org.apache.logging.log4j.core.LoggerContext.setConfiguration(LoggerContext.java:359)
	at org.apache.logging.log4j.core.LoggerContext.reconfigure(LoggerContext.java:420)
	at org.apache.logging.log4j.core.config.xml.XmlConfigurationPropsTest.testDefaultStatus(XmlConfigurationPropsTest.java:62)
	at sun.reflect.NativeMethodAccessorImpl.invoke0(Native Method)
	at sun.reflect.NativeMethodAccessorImpl.invoke(NativeMethodAccessorImpl.java:57)
	at sun.reflect.DelegatingMethodAccessorImpl.invoke(DelegatingMethodAccessorImpl.java:43)
	at java.lang.reflect.Method.invoke(Method.java:606)
	at org.junit.runners.model.FrameworkMethod$1.runReflectiveCall(FrameworkMethod.java:47)
	at org.junit.internal.runners.model.ReflectiveCallable.run(ReflectiveCallable.java:12)
	at org.junit.runners.model.FrameworkMethod.invokeExplosively(FrameworkMethod.java:44)
	at org.junit.internal.runners.statements.InvokeMethod.evaluate(InvokeMethod.java:17)
	at org.junit.runners.ParentRunner.runLeaf(ParentRunner.java:271)
	at org.junit.runners.BlockJUnit4ClassRunner.runChild(BlockJUnit4ClassRunner.java:70)
	at org.junit.runners.BlockJUnit4ClassRunner.runChild(BlockJUnit4ClassRunner.java:50)
	at org.junit.runners.ParentRunner$3.run(ParentRunner.java:238)
	at org.junit.runners.ParentRunner$1.schedule(ParentRunner.java:63)
	at org.junit.runners.ParentRunner.runChildren(ParentRunner.java:236)
	at org.junit.runners.ParentRunner.access$000(ParentRunner.java:53)
	at org.junit.runners.ParentRunner$2.evaluate(ParentRunner.java:229)
	at org.junit.internal.runners.statements.RunAfters.evaluate(RunAfters.java:27)
	at org.junit.runners.ParentRunner.run(ParentRunner.java:309)
	at org.junit.runners.Suite.runChild(Suite.java:127)
	at org.junit.runners.Suite.runChild(Suite.java:26)
	at org.junit.runners.ParentRunner$3.run(ParentRunner.java:238)
	at org.junit.runners.ParentRunner$1.schedule(ParentRunner.java:63)
	at org.junit.runners.ParentRunner.runChildren(ParentRunner.java:236)
	at org.junit.runners.ParentRunner.access$000(ParentRunner.java:53)
	at org.junit.runners.ParentRunner$2.evaluate(ParentRunner.java:229)
	at org.junit.runners.ParentRunner.run(ParentRunner.java:309)
	at org.junit.runner.JUnitCore.run(JUnitCore.java:160)
	at org.junit.runner.JUnitCore.run(JUnitCore.java:138)
	at org.apache.maven.surefire.junitcore.JUnitCoreWrapper.createRequestAndRun(JUnitCoreWrapper.java:107)
	at org.apache.maven.surefire.junitcore.JUnitCoreWrapper.executeEager(JUnitCoreWrapper.java:77)
	at org.apache.maven.surefire.junitcore.JUnitCoreWrapper.execute(JUnitCoreWrapper.java:53)
	at org.apache.maven.surefire.junitcore.JUnitCoreProvider.invoke(JUnitCoreProvider.java:144)
	at org.apache.maven.surefire.booter.ForkedBooter.invokeProviderInSameClassLoader(ForkedBooter.java:203)
	at org.apache.maven.surefire.booter.ForkedBooter.runSuitesInProcess(ForkedBooter.java:155)
	at org.apache.maven.surefire.booter.ForkedBooter.main(ForkedBooter.java:103)

2016-07-16 11:31:26,638 WARN Error while converting string [${sys:log.level}] to type [class org.apache.logging.log4j.Level]. Using default value [null]. java.lang.IllegalArgumentException: Unknown level constant [${SYS:LOG.LEVEL}].
	at org.apache.logging.log4j.Level.valueOf(Level.java:286)
	at org.apache.logging.log4j.core.config.plugins.convert.TypeConverters$LevelConverter.convert(TypeConverters.java:230)
	at org.apache.logging.log4j.core.config.plugins.convert.TypeConverters$LevelConverter.convert(TypeConverters.java:226)
	at org.apache.logging.log4j.core.config.plugins.convert.TypeConverters.convert(TypeConverters.java:336)
	at org.apache.logging.log4j.core.config.plugins.visitors.AbstractPluginVisitor.convert(AbstractPluginVisitor.java:130)
	at org.apache.logging.log4j.core.config.plugins.visitors.PluginAttributeVisitor.visit(PluginAttributeVisitor.java:44)
	at org.apache.logging.log4j.core.config.plugins.util.PluginBuilder.generateParameters(PluginBuilder.java:245)
	at org.apache.logging.log4j.core.config.plugins.util.PluginBuilder.build(PluginBuilder.java:134)
	at org.apache.logging.log4j.core.config.AbstractConfiguration.createPluginObject(AbstractConfiguration.java:766)
	at org.apache.logging.log4j.core.config.AbstractConfiguration.createConfiguration(AbstractConfiguration.java:706)
	at org.apache.logging.log4j.core.config.AbstractConfiguration.createConfiguration(AbstractConfiguration.java:698)
	at org.apache.logging.log4j.core.config.AbstractConfiguration.doConfigure(AbstractConfiguration.java:358)
	at org.apache.logging.log4j.core.config.AbstractConfiguration.start(AbstractConfiguration.java:161)
	at org.apache.logging.log4j.core.LoggerContext.setConfiguration(LoggerContext.java:359)
	at org.apache.logging.log4j.core.LoggerContext.reconfigure(LoggerContext.java:420)
	at org.apache.logging.log4j.core.config.xml.XmlConfigurationPropsTest.testWithConfigProp(XmlConfigurationPropsTest.java:76)
	at sun.reflect.NativeMethodAccessorImpl.invoke0(Native Method)
	at sun.reflect.NativeMethodAccessorImpl.invoke(NativeMethodAccessorImpl.java:57)
	at sun.reflect.DelegatingMethodAccessorImpl.invoke(DelegatingMethodAccessorImpl.java:43)
	at java.lang.reflect.Method.invoke(Method.java:606)
	at org.junit.runners.model.FrameworkMethod$1.runReflectiveCall(FrameworkMethod.java:47)
	at org.junit.internal.runners.model.ReflectiveCallable.run(ReflectiveCallable.java:12)
	at org.junit.runners.model.FrameworkMethod.invokeExplosively(FrameworkMethod.java:44)
	at org.junit.internal.runners.statements.InvokeMethod.evaluate(InvokeMethod.java:17)
	at org.junit.runners.ParentRunner.runLeaf(ParentRunner.java:271)
	at org.junit.runners.BlockJUnit4ClassRunner.runChild(BlockJUnit4ClassRunner.java:70)
	at org.junit.runners.BlockJUnit4ClassRunner.runChild(BlockJUnit4ClassRunner.java:50)
	at org.junit.runners.ParentRunner$3.run(ParentRunner.java:238)
	at org.junit.runners.ParentRunner$1.schedule(ParentRunner.java:63)
	at org.junit.runners.ParentRunner.runChildren(ParentRunner.java:236)
	at org.junit.runners.ParentRunner.access$000(ParentRunner.java:53)
	at org.junit.runners.ParentRunner$2.evaluate(ParentRunner.java:229)
	at org.junit.internal.runners.statements.RunAfters.evaluate(RunAfters.java:27)
	at org.junit.runners.ParentRunner.run(ParentRunner.java:309)
	at org.junit.runners.Suite.runChild(Suite.java:127)
	at org.junit.runners.Suite.runChild(Suite.java:26)
	at org.junit.runners.ParentRunner$3.run(ParentRunner.java:238)
	at org.junit.runners.ParentRunner$1.schedule(ParentRunner.java:63)
	at org.junit.runners.ParentRunner.runChildren(ParentRunner.java:236)
	at org.junit.runners.ParentRunner.access$000(ParentRunner.java:53)
	at org.junit.runners.ParentRunner$2.evaluate(ParentRunner.java:229)
	at org.junit.runners.ParentRunner.run(ParentRunner.java:309)
	at org.junit.runner.JUnitCore.run(JUnitCore.java:160)
	at org.junit.runner.JUnitCore.run(JUnitCore.java:138)
	at org.apache.maven.surefire.junitcore.JUnitCoreWrapper.createRequestAndRun(JUnitCoreWrapper.java:107)
	at org.apache.maven.surefire.junitcore.JUnitCoreWrapper.executeEager(JUnitCoreWrapper.java:77)
	at org.apache.maven.surefire.junitcore.JUnitCoreWrapper.execute(JUnitCoreWrapper.java:53)
	at org.apache.maven.surefire.junitcore.JUnitCoreProvider.invoke(JUnitCoreProvider.java:144)
	at org.apache.maven.surefire.booter.ForkedBooter.invokeProviderInSameClassLoader(ForkedBooter.java:203)
	at org.apache.maven.surefire.booter.ForkedBooter.runSuitesInProcess(ForkedBooter.java:155)
	at org.apache.maven.surefire.booter.ForkedBooter.main(ForkedBooter.java:103)

2016-07-16 11:31:26,654 ERROR Invalid status level specified: ${sys:log4j.level}. Defaulting to ERROR.
2016-07-16 11:31:26,671 ERROR No log4j2 configuration file found. Using default configuration: logging only errors to the console.
Tests run: 4, Failures: 0, Errors: 0, Skipped: 0, Time elapsed: 0.396 sec - in org.apache.logging.log4j.core.config.xml.XmlConfigurationPropsTest
Running org.apache.logging.log4j.core.config.AdvertiserTest
Tests run: 3, Failures: 0, Errors: 0, Skipped: 0, Time elapsed: 0.057 sec - in org.apache.logging.log4j.core.config.AdvertiserTest
Running org.apache.logging.log4j.core.config.FileOutputTest
Tests run: 1, Failures: 0, Errors: 0, Skipped: 0, Time elapsed: 0.394 sec - in org.apache.logging.log4j.core.config.FileOutputTest
Running org.apache.logging.log4j.core.config.plugins.convert.TypeConverterRegistryTest
Tests run: 6, Failures: 0, Errors: 0, Skipped: 0, Time elapsed: 0.108 sec - in org.apache.logging.log4j.core.config.plugins.convert.TypeConverterRegistryTest
Running org.apache.logging.log4j.core.config.plugins.convert.TypeConvertersTest
Tests run: 93, Failures: 0, Errors: 0, Skipped: 0, Time elapsed: 0.126 sec - in org.apache.logging.log4j.core.config.plugins.convert.TypeConvertersTest
Running org.apache.logging.log4j.core.config.plugins.processor.PluginProcessorTest
Tests run: 4, Failures: 0, Errors: 0, Skipped: 0, Time elapsed: 0.003 sec - in org.apache.logging.log4j.core.config.plugins.processor.PluginProcessorTest
Running org.apache.logging.log4j.core.config.plugins.validation.validators.RequiredValidatorTest
Tests run: 2, Failures: 0, Errors: 0, Skipped: 0, Time elapsed: 0.159 sec - in org.apache.logging.log4j.core.config.plugins.validation.validators.RequiredValidatorTest
Running org.apache.logging.log4j.core.config.plugins.util.PluginManagerPackagesTest
Tests run: 1, Failures: 0, Errors: 0, Skipped: 0, Time elapsed: 0.97 sec - in org.apache.logging.log4j.core.config.plugins.util.PluginManagerPackagesTest
Running org.apache.logging.log4j.core.config.plugins.util.ResolverUtilTest
Tests run: 15, Failures: 0, Errors: 0, Skipped: 4, Time elapsed: 0.026 sec - in org.apache.logging.log4j.core.config.plugins.util.ResolverUtilTest
Running org.apache.logging.log4j.core.config.TestConfigurator
Tests run: 16, Failures: 0, Errors: 0, Skipped: 0, Time elapsed: 1.213 sec - in org.apache.logging.log4j.core.config.TestConfigurator
Running org.apache.logging.log4j.core.config.ConfigurationTest
2016-07-16 11:31:33,394 WARN The bufferSize is set to 8192 but bufferedIO is not true: false
2016-07-16 11:31:33,414 WARN The bufferSize is set to 8192 but bufferedIO is not true: false
2016-07-16 11:31:33,432 WARN The bufferSize is set to 8192 but bufferedIO is not true: false
2016-07-16 11:31:33,478 WARN The bufferSize is set to 8192 but bufferedIO is not true: false
2016-07-16 11:31:33,498 WARN The bufferSize is set to 8192 but bufferedIO is not true: false
2016-07-16 11:31:33,518 WARN The bufferSize is set to 8192 but bufferedIO is not true: false
Tests run: 9, Failures: 0, Errors: 0, Skipped: 0, Time elapsed: 0.654 sec - in org.apache.logging.log4j.core.config.ConfigurationTest
Running org.apache.logging.log4j.core.config.ReconfigurationDeadlockTest
Tests run: 1, Failures: 0, Errors: 0, Skipped: 0, Time elapsed: 7.934 sec - in org.apache.logging.log4j.core.config.ReconfigurationDeadlockTest
Running org.apache.logging.log4j.core.config.TestConfiguratorError
Tests run: 2, Failures: 0, Errors: 0, Skipped: 0, Time elapsed: 0.03 sec - in org.apache.logging.log4j.core.config.TestConfiguratorError
Running org.apache.logging.log4j.core.StrictXmlConfigTest
Tests run: 9, Failures: 0, Errors: 0, Skipped: 0, Time elapsed: 0.019 sec - in org.apache.logging.log4j.core.StrictXmlConfigTest
Running org.apache.logging.log4j.core.util.IntegersTest
Tests run: 2, Failures: 0, Errors: 0, Skipped: 0, Time elapsed: 0.003 sec - in org.apache.logging.log4j.core.util.IntegersTest
Running org.apache.logging.log4j.core.util.SystemClockTest
Tests run: 2, Failures: 0, Errors: 0, Skipped: 0, Time elapsed: 0.104 sec - in org.apache.logging.log4j.core.util.SystemClockTest
Running org.apache.logging.log4j.core.util.UuidTest
Elapsed for 2000 UUIDS = 420661804 Average = 210330 ns
Elapsed for 200 UUIDS = 274407 Average = 1372 ns
Tests run: 2, Failures: 0, Errors: 0, Skipped: 0, Time elapsed: 0.07 sec - in org.apache.logging.log4j.core.util.UuidTest
Running org.apache.logging.log4j.core.util.StandardCharsetsTest
Tests run: 12, Failures: 0, Errors: 0, Skipped: 0, Time elapsed: 0.008 sec - in org.apache.logging.log4j.core.util.StandardCharsetsTest
Running org.apache.logging.log4j.core.util.ShutdownCallbackRegistryTest
Tests run: 1, Failures: 0, Errors: 0, Skipped: 0, Time elapsed: 0.35 sec - in org.apache.logging.log4j.core.util.ShutdownCallbackRegistryTest
Running org.apache.logging.log4j.core.util.FileUtilsTest
Tests run: 4, Failures: 0, Errors: 0, Skipped: 0, Time elapsed: 0.026 sec - in org.apache.logging.log4j.core.util.FileUtilsTest
Running org.apache.logging.log4j.core.util.ClockFactoryTest
Tests run: 8, Failures: 0, Errors: 0, Skipped: 0, Time elapsed: 0.088 sec - in org.apache.logging.log4j.core.util.ClockFactoryTest
Running org.apache.logging.log4j.core.util.KeyValuePairSerializationTest
Tests run: 4, Failures: 0, Errors: 0, Skipped: 0, Time elapsed: 0.023 sec - in org.apache.logging.log4j.core.util.KeyValuePairSerializationTest
Running org.apache.logging.log4j.core.util.CharsetsTest
Tests run: 4, Failures: 0, Errors: 0, Skipped: 0, Time elapsed: 0.04 sec - in org.apache.logging.log4j.core.util.CharsetsTest
Running org.apache.logging.log4j.core.util.ThrowablesTest
Tests run: 3, Failures: 0, Errors: 0, Skipped: 0, Time elapsed: 0.003 sec - in org.apache.logging.log4j.core.util.ThrowablesTest
Running org.apache.logging.log4j.core.impl.Log4jLogEventTest
Tests run: 5, Failures: 0, Errors: 0, Skipped: 0, Time elapsed: 0.182 sec - in org.apache.logging.log4j.core.impl.Log4jLogEventTest
Running org.apache.logging.log4j.core.impl.ThrowableFormatOptionsTest
Tests run: 35, Failures: 0, Errors: 0, Skipped: 0, Time elapsed: 0.052 sec - in org.apache.logging.log4j.core.impl.ThrowableFormatOptionsTest
Running org.apache.logging.log4j.core.impl.ThrowableProxyTest
11:31:47.708 [main] ERROR org.apache.logging.log4j.core.impl.ThrowableProxyTest - I always throw an Error when initialized
java.lang.Error: I always throw an Error when initialized
	at org.apache.logging.log4j.core.impl.ThrowableProxyTest$AlwaysThrowsError.<clinit>(ThrowableProxyTest.java:51) ~[test-classes/:?]
	at org.apache.logging.log4j.core.impl.ThrowableProxyTest.testLogStackTraceWithClassThatCannotInitialize(ThrowableProxyTest.java:96) [test-classes/:?]
	at sun.reflect.NativeMethodAccessorImpl.invoke0(Native Method) ~[?:1.7.0_101]
	at sun.reflect.NativeMethodAccessorImpl.invoke(NativeMethodAccessorImpl.java:57) ~[?:1.7.0_101]
	at sun.reflect.DelegatingMethodAccessorImpl.invoke(DelegatingMethodAccessorImpl.java:43) ~[?:1.7.0_101]
	at java.lang.reflect.Method.invoke(Method.java:606) ~[?:1.7.0_101]
	at org.junit.runners.model.FrameworkMethod$1.runReflectiveCall(FrameworkMethod.java:47) [junit-4.11.jar:?]
	at org.junit.internal.runners.model.ReflectiveCallable.run(ReflectiveCallable.java:12) [junit-4.11.jar:?]
	at org.junit.runners.model.FrameworkMethod.invokeExplosively(FrameworkMethod.java:44) [junit-4.11.jar:?]
	at org.junit.internal.runners.statements.InvokeMethod.evaluate(InvokeMethod.java:17) [junit-4.11.jar:?]
	at org.junit.runners.ParentRunner.runLeaf(ParentRunner.java:271) [junit-4.11.jar:?]
	at org.junit.runners.BlockJUnit4ClassRunner.runChild(BlockJUnit4ClassRunner.java:70) [junit-4.11.jar:?]
	at org.junit.runners.BlockJUnit4ClassRunner.runChild(BlockJUnit4ClassRunner.java:50) [junit-4.11.jar:?]
	at org.junit.runners.ParentRunner$3.run(ParentRunner.java:238) [junit-4.11.jar:?]
	at org.junit.runners.ParentRunner$1.schedule(ParentRunner.java:63) [junit-4.11.jar:?]
	at org.junit.runners.ParentRunner.runChildren(ParentRunner.java:236) [junit-4.11.jar:?]
	at org.junit.runners.ParentRunner.access$000(ParentRunner.java:53) [junit-4.11.jar:?]
	at org.junit.runners.ParentRunner$2.evaluate(ParentRunner.java:229) [junit-4.11.jar:?]
	at org.junit.runners.ParentRunner.run(ParentRunner.java:309) [junit-4.11.jar:?]
	at org.junit.runners.Suite.runChild(Suite.java:127) [junit-4.11.jar:?]
	at org.junit.runners.Suite.runChild(Suite.java:26) [junit-4.11.jar:?]
	at org.junit.runners.ParentRunner$3.run(ParentRunner.java:238) [junit-4.11.jar:?]
	at org.junit.runners.ParentRunner$1.schedule(ParentRunner.java:63) [junit-4.11.jar:?]
	at org.junit.runners.ParentRunner.runChildren(ParentRunner.java:236) [junit-4.11.jar:?]
	at org.junit.runners.ParentRunner.access$000(ParentRunner.java:53) [junit-4.11.jar:?]
	at org.junit.runners.ParentRunner$2.evaluate(ParentRunner.java:229) [junit-4.11.jar:?]
	at org.junit.runners.ParentRunner.run(ParentRunner.java:309) [junit-4.11.jar:?]
	at org.junit.runner.JUnitCore.run(JUnitCore.java:160) [junit-4.11.jar:?]
	at org.junit.runner.JUnitCore.run(JUnitCore.java:138) [junit-4.11.jar:?]
	at org.apache.maven.surefire.junitcore.JUnitCoreWrapper.createRequestAndRun(JUnitCoreWrapper.java:107) [surefire-junit47-2.18.jar:2.18]
	at org.apache.maven.surefire.junitcore.JUnitCoreWrapper.executeEager(JUnitCoreWrapper.java:77) [surefire-junit47-2.18.jar:2.18]
	at org.apache.maven.surefire.junitcore.JUnitCoreWrapper.execute(JUnitCoreWrapper.java:53) [surefire-junit47-2.18.jar:2.18]
	at org.apache.maven.surefire.junitcore.JUnitCoreProvider.invoke(JUnitCoreProvider.java:144) [surefire-junit47-2.18.jar:2.18]
	at org.apache.maven.surefire.booter.ForkedBooter.invokeProviderInSameClassLoader(ForkedBooter.java:203) [surefire-booter-2.18.jar:2.18]
	at org.apache.maven.surefire.booter.ForkedBooter.runSuitesInProcess(ForkedBooter.java:155) [surefire-booter-2.18.jar:2.18]
	at org.apache.maven.surefire.booter.ForkedBooter.main(ForkedBooter.java:103) [surefire-booter-2.18.jar:2.18]
11:31:47.710 [main] ERROR org.apache.logging.log4j.core.impl.ThrowableProxyTest - java.lang.Error: I always throw an Error when initialized
Tests run: 6, Failures: 0, Errors: 1, Skipped: 0, Time elapsed: 0.549 sec <<< FAILURE! - in org.apache.logging.log4j.core.impl.ThrowableProxyTest
testStackWithUnloadableClass(org.apache.logging.log4j.core.impl.ThrowableProxyTest)  Time elapsed: 0.011 sec  <<< ERROR!
java.lang.NoClassDefFoundError: org/apache/logging/log4j/core/impl/InexistentInterface
	at java.net.URLClassLoader$1.run(URLClassLoader.java:366)
	at java.net.URLClassLoader$1.run(URLClassLoader.java:355)
	at java.security.AccessController.doPrivileged(Native Method)
	at java.net.URLClassLoader.findClass(URLClassLoader.java:354)
	at java.lang.ClassLoader.loadClass(ClassLoader.java:425)
	at sun.misc.Launcher$AppClassLoader.loadClass(Launcher.java:308)
	at java.lang.ClassLoader.loadClass(ClassLoader.java:358)
	at java.lang.ClassLoader.defineClass1(Native Method)
	at java.lang.ClassLoader.defineClass(ClassLoader.java:803)
	at java.security.SecureClassLoader.defineClass(SecureClassLoader.java:142)
	at java.net.URLClassLoader.defineClass(URLClassLoader.java:449)
	at java.net.URLClassLoader.access$100(URLClassLoader.java:71)
	at java.net.URLClassLoader$1.run(URLClassLoader.java:361)
	at java.net.URLClassLoader$1.run(URLClassLoader.java:355)
	at java.security.AccessController.doPrivileged(Native Method)
	at java.net.URLClassLoader.findClass(URLClassLoader.java:354)
	at java.lang.ClassLoader.loadClass(ClassLoader.java:425)
	at sun.misc.Launcher$AppClassLoader.loadClass(Launcher.java:308)
	at java.lang.ClassLoader.loadClass(ClassLoader.java:358)
	at java.lang.Class.forName0(Native Method)
	at java.lang.Class.forName(Class.java:195)
	at org.apache.logging.log4j.util.LoaderUtil.loadClass(LoaderUtil.java:117)
	at org.apache.logging.log4j.core.util.Loader.loadClass(Loader.java:238)
	at org.apache.logging.log4j.core.impl.ThrowableProxy.loadClass(ThrowableProxy.java:452)
	at org.apache.logging.log4j.core.impl.ThrowableProxy.toExtendedStackTrace(ThrowableProxy.java:564)
	at org.apache.logging.log4j.core.impl.ThrowableProxy.<init>(ThrowableProxy.java:117)
	at org.apache.logging.log4j.core.impl.ThrowableProxyTest.testStackWithUnloadableClass(ThrowableProxyTest.java:188)

Running org.apache.logging.log4j.core.LoggerTest
Tests run: 16, Failures: 0, Errors: 0, Skipped: 0, Time elapsed: 2.133 sec - in org.apache.logging.log4j.core.LoggerTest
Running org.apache.logging.log4j.core.AppenderRefLevelJsonTest
Tests run: 3, Failures: 0, Errors: 0, Skipped: 0, Time elapsed: 0.014 sec - in org.apache.logging.log4j.core.AppenderRefLevelJsonTest
Running org.apache.logging.log4j.core.jackson.JacksonIssue429Test
Tests run: 1, Failures: 0, Errors: 0, Skipped: 0, Time elapsed: 0.06 sec - in org.apache.logging.log4j.core.jackson.JacksonIssue429Test
Running org.apache.logging.log4j.core.jackson.StackTraceElementMixInTest
Tests run: 4, Failures: 0, Errors: 0, Skipped: 0, Time elapsed: 0.337 sec - in org.apache.logging.log4j.core.jackson.StackTraceElementMixInTest
Running org.apache.logging.log4j.core.jackson.JacksonIssue429MyNamesTest
Tests run: 1, Failures: 0, Errors: 0, Skipped: 0, Time elapsed: 0.055 sec - in org.apache.logging.log4j.core.jackson.JacksonIssue429MyNamesTest
Running org.apache.logging.log4j.core.jackson.LevelMixInTest
Tests run: 2, Failures: 0, Errors: 0, Skipped: 0, Time elapsed: 0.24 sec - in org.apache.logging.log4j.core.jackson.LevelMixInTest
Running org.apache.logging.log4j.core.net.server.UdpJsonSocketServerTest
Tests run: 6, Failures: 0, Errors: 0, Skipped: 2, Time elapsed: 0.243 sec - in org.apache.logging.log4j.core.net.server.UdpJsonSocketServerTest
Running org.apache.logging.log4j.core.net.server.UdpXmlSocketServerTest
Tests run: 6, Failures: 0, Errors: 0, Skipped: 2, Time elapsed: 0.272 sec - in org.apache.logging.log4j.core.net.server.UdpXmlSocketServerTest
Running org.apache.logging.log4j.core.net.server.TcpJsonSocketServerTest
Tests run: 6, Failures: 0, Errors: 0, Skipped: 2, Time elapsed: 0.315 sec - in org.apache.logging.log4j.core.net.server.TcpJsonSocketServerTest
Running org.apache.logging.log4j.core.net.server.TcpXmlSocketServerTest
Tests run: 6, Failures: 0, Errors: 0, Skipped: 2, Time elapsed: 0.359 sec - in org.apache.logging.log4j.core.net.server.TcpXmlSocketServerTest
Running org.apache.logging.log4j.core.net.server.UdpSerializedSocketServerTest
Tests run: 6, Failures: 0, Errors: 0, Skipped: 2, Time elapsed: 0.197 sec - in org.apache.logging.log4j.core.net.server.UdpSerializedSocketServerTest
Running org.apache.logging.log4j.core.net.server.TcpSerializedSocketServerTest
Tests run: 6, Failures: 0, Errors: 0, Skipped: 2, Time elapsed: 0.251 sec - in org.apache.logging.log4j.core.net.server.TcpSerializedSocketServerTest
Running org.apache.logging.log4j.core.net.server.SslXmlSocketServerTest
Tests run: 6, Failures: 0, Errors: 0, Skipped: 2, Time elapsed: 0.672 sec - in org.apache.logging.log4j.core.net.server.SslXmlSocketServerTest
Running org.apache.logging.log4j.core.net.ssl.StoreConfigurationTest
Tests run: 1, Failures: 0, Errors: 0, Skipped: 1, Time elapsed: 0.001 sec - in org.apache.logging.log4j.core.net.ssl.StoreConfigurationTest
Running org.apache.logging.log4j.core.net.ssl.SslConfigurationTest
Tests run: 4, Failures: 0, Errors: 0, Skipped: 0, Time elapsed: 0.487 sec - in org.apache.logging.log4j.core.net.ssl.SslConfigurationTest
Running org.apache.logging.log4j.core.net.ssl.KeyStoreConfigurationTest
Tests run: 4, Failures: 0, Errors: 0, Skipped: 0, Time elapsed: 0.067 sec - in org.apache.logging.log4j.core.net.ssl.KeyStoreConfigurationTest
Running org.apache.logging.log4j.core.net.ssl.TrustStoreConfigurationTest
Tests run: 4, Failures: 0, Errors: 0, Skipped: 0, Time elapsed: 0.067 sec - in org.apache.logging.log4j.core.net.ssl.TrustStoreConfigurationTest
Running org.apache.logging.log4j.core.net.SocketTest
Tests run: 1, Failures: 0, Errors: 0, Skipped: 1, Time elapsed: 0.001 sec - in org.apache.logging.log4j.core.net.SocketTest
Running org.apache.logging.log4j.core.net.SocketMessageLossTest
Tests run: 1, Failures: 0, Errors: 0, Skipped: 1, Time elapsed: 0.001 sec - in org.apache.logging.log4j.core.net.SocketMessageLossTest
Running org.apache.logging.log4j.core.net.PriorityTest
Tests run: 1, Failures: 0, Errors: 0, Skipped: 0, Time elapsed: 0.006 sec - in org.apache.logging.log4j.core.net.PriorityTest
Running org.apache.logging.log4j.core.net.SocketReconnectTest
Tests run: 1, Failures: 0, Errors: 0, Skipped: 1, Time elapsed: 0.001 sec - in org.apache.logging.log4j.core.net.SocketReconnectTest
Running org.apache.logging.log4j.core.selector.ClassLoaderContextSelectorTest
Tests run: 1, Failures: 0, Errors: 0, Skipped: 0, Time elapsed: 0.311 sec - in org.apache.logging.log4j.core.selector.ClassLoaderContextSelectorTest
Running org.apache.logging.log4j.core.async.AsyncLoggerLocationTest
Tests run: 1, Failures: 0, Errors: 0, Skipped: 0, Time elapsed: 0.472 sec - in org.apache.logging.log4j.core.async.AsyncLoggerLocationTest
Running org.apache.logging.log4j.core.async.AsyncLoggerUseAfterShutdownTest
2016-07-16 11:32:06,316 FATAL Ignoring log event after log4j was shut down
Tests run: 1, Failures: 0, Errors: 0, Skipped: 0, Time elapsed: 0.463 sec - in org.apache.logging.log4j.core.async.AsyncLoggerUseAfterShutdownTest
Running org.apache.logging.log4j.core.async.AsyncLoggerTest
Tests run: 1, Failures: 0, Errors: 0, Skipped: 0, Time elapsed: 0.454 sec - in org.apache.logging.log4j.core.async.AsyncLoggerTest
Running org.apache.logging.log4j.core.async.AsyncRootReloadTest
2016-07-16 11:32:07,537 DEBUG Starting LoggerContext[name=1410328673] from configuration at classpath:LOG4J2-807.xml
2016-07-16 11:32:07,538 DEBUG Starting LoggerContext[name=1410328673, org.apache.logging.log4j.core.LoggerContext@4d95d3aa] with configuration XmlConfiguration[location=/home/ylyu/parallel/log4j2/log4j29/dataset/logging-log4j2/LOG4J2-834_d3989b40f92cdf2a7a0bc8a8d4d883386a640ebb/log4j-core/target/test-classes/LOG4J2-807.xml]...
2016-07-16 11:32:07,538 DEBUG Shutdown hook enabled. Registering a new one.
2016-07-16 11:32:07,546 DEBUG Starting configuration XmlConfiguration[location=/home/ylyu/parallel/log4j2/log4j29/dataset/logging-log4j2/LOG4J2-834_d3989b40f92cdf2a7a0bc8a8d4d883386a640ebb/log4j-core/target/test-classes/LOG4J2-807.xml]
2016-07-16 11:32:07,546 DEBUG PluginManager 'Core' found 76 plugins
2016-07-16 11:32:07,546 DEBUG PluginManager 'Level' found 1 plugins
2016-07-16 11:32:07,548 DEBUG PluginManager 'Lookup' found 10 plugins
2016-07-16 11:32:07,549 DEBUG Building Plugin[name=layout, class=org.apache.logging.log4j.core.layout.PatternLayout]. Searching for builder factory method...
2016-07-16 11:32:07,552 DEBUG Found builder factory method [newBuilder]: public static org.apache.logging.log4j.core.layout.PatternLayout$Builder org.apache.logging.log4j.core.layout.PatternLayout.newBuilder().
2016-07-16 11:32:07,563 DEBUG TypeConverterRegistry initializing.
2016-07-16 11:32:07,564 DEBUG PluginManager 'TypeConverter' found 21 plugins
2016-07-16 11:32:07,579 DEBUG Calling build() on class class org.apache.logging.log4j.core.layout.PatternLayout$Builder for element PatternLayout with params(pattern="%d %-5p [%c{1.}] %m%n", Configuration(asynRootConfig), null, charset="null", alwaysWriteExceptions="null", noConsoleNoAnsi="null", header="null", footer="null")
2016-07-16 11:32:07,579 DEBUG PluginManager 'Converter' found 33 plugins
2016-07-16 11:32:07,580 DEBUG Built Plugin[name=layout] OK from builder factory method.
2016-07-16 11:32:07,580 DEBUG Building Plugin[name=appender, class=org.apache.logging.log4j.core.appender.RandomAccessFileAppender]. Searching for builder factory method...
2016-07-16 11:32:07,583 DEBUG No builder factory method found in class org.apache.logging.log4j.core.appender.RandomAccessFileAppender. Going to try finding a factory method instead.
2016-07-16 11:32:07,584 DEBUG Still building Plugin[name=appender, class=org.apache.logging.log4j.core.appender.RandomAccessFileAppender]. Searching for factory method...
2016-07-16 11:32:07,584 DEBUG Found factory method [createAppender]: public static org.apache.logging.log4j.core.appender.RandomAccessFileAppender org.apache.logging.log4j.core.appender.RandomAccessFileAppender.createAppender(java.lang.String,java.lang.String,java.lang.String,java.lang.String,java.lang.String,java.lang.String,org.apache.logging.log4j.core.Layout,org.apache.logging.log4j.core.Filter,java.lang.String,java.lang.String,org.apache.logging.log4j.core.config.Configuration).
2016-07-16 11:32:07,591 DEBUG Calling createAppender on class org.apache.logging.log4j.core.appender.RandomAccessFileAppender for element RandomAccessFile with params(fileName="target/LOG4J2-807.log", append="true", name="FILE_APPENDER", immediateFlush="false", bufferSize="null", ignoreExceptions="null", PatternLayout(%d %-5p [%c{1.}] %m%n), null, advertise="null", advertiseURI="null", Configuration(asynRootConfig))
2016-07-16 11:32:07,593 DEBUG Starting RandomAccessFileManager target/LOG4J2-807.log
2016-07-16 11:32:07,594 DEBUG Built Plugin[name=appender] OK from factory method.
2016-07-16 11:32:07,594 DEBUG Building Plugin[name=appenders, class=org.apache.logging.log4j.core.config.AppendersPlugin]. Searching for builder factory method...
2016-07-16 11:32:07,594 DEBUG No builder factory method found in class org.apache.logging.log4j.core.config.AppendersPlugin. Going to try finding a factory method instead.
2016-07-16 11:32:07,595 DEBUG Still building Plugin[name=appenders, class=org.apache.logging.log4j.core.config.AppendersPlugin]. Searching for factory method...
2016-07-16 11:32:07,595 DEBUG Found factory method [createAppenders]: public static java.util.concurrent.ConcurrentMap org.apache.logging.log4j.core.config.AppendersPlugin.createAppenders(org.apache.logging.log4j.core.Appender[]).
2016-07-16 11:32:07,595 DEBUG Calling createAppenders on class org.apache.logging.log4j.core.config.AppendersPlugin for element Appenders with params(={FILE_APPENDER})
2016-07-16 11:32:07,596 DEBUG Built Plugin[name=appenders] OK from factory method.
2016-07-16 11:32:07,596 DEBUG Building Plugin[name=AppenderRef, class=org.apache.logging.log4j.core.config.AppenderRef]. Searching for builder factory method...
2016-07-16 11:32:07,596 DEBUG No builder factory method found in class org.apache.logging.log4j.core.config.AppenderRef. Going to try finding a factory method instead.
2016-07-16 11:32:07,596 DEBUG Still building Plugin[name=AppenderRef, class=org.apache.logging.log4j.core.config.AppenderRef]. Searching for factory method...
2016-07-16 11:32:07,597 DEBUG Found factory method [createAppenderRef]: public static org.apache.logging.log4j.core.config.AppenderRef org.apache.logging.log4j.core.config.AppenderRef.createAppenderRef(java.lang.String,org.apache.logging.log4j.Level,org.apache.logging.log4j.core.Filter).
2016-07-16 11:32:07,597 DEBUG Calling createAppenderRef on class org.apache.logging.log4j.core.config.AppenderRef for element AppenderRef with params(ref="FILE_APPENDER", level="null", null)
2016-07-16 11:32:07,598 DEBUG Built Plugin[name=AppenderRef] OK from factory method.
2016-07-16 11:32:07,598 DEBUG Building Plugin[name=asyncRoot, class=org.apache.logging.log4j.core.async.AsyncLoggerConfig$RootLogger]. Searching for builder factory method...
2016-07-16 11:32:07,598 DEBUG No builder factory method found in class org.apache.logging.log4j.core.async.AsyncLoggerConfig$RootLogger. Going to try finding a factory method instead.
2016-07-16 11:32:07,598 DEBUG Still building Plugin[name=asyncRoot, class=org.apache.logging.log4j.core.async.AsyncLoggerConfig$RootLogger]. Searching for factory method...
2016-07-16 11:32:07,599 DEBUG Found factory method [createLogger]: public static org.apache.logging.log4j.core.config.LoggerConfig org.apache.logging.log4j.core.async.AsyncLoggerConfig$RootLogger.createLogger(java.lang.String,java.lang.String,java.lang.String,org.apache.logging.log4j.core.config.AppenderRef[],org.apache.logging.log4j.core.config.Property[],org.apache.logging.log4j.core.config.Configuration,org.apache.logging.log4j.core.Filter).
2016-07-16 11:32:07,599 DEBUG Calling createLogger on class org.apache.logging.log4j.core.async.AsyncLoggerConfig$RootLogger for element asyncRoot with params(additivity="null", level="debug", includeLocation="null", ={FILE_APPENDER}, ={}, Configuration(asynRootConfig), null)
2016-07-16 11:32:07,600 DEBUG Built Plugin[name=asyncRoot] OK from factory method.
2016-07-16 11:32:07,600 DEBUG Building Plugin[name=loggers, class=org.apache.logging.log4j.core.config.LoggersPlugin]. Searching for builder factory method...
2016-07-16 11:32:07,601 DEBUG No builder factory method found in class org.apache.logging.log4j.core.config.LoggersPlugin. Going to try finding a factory method instead.
2016-07-16 11:32:07,601 DEBUG Still building Plugin[name=loggers, class=org.apache.logging.log4j.core.config.LoggersPlugin]. Searching for factory method...
2016-07-16 11:32:07,601 DEBUG Found factory method [createLoggers]: public static org.apache.logging.log4j.core.config.Loggers org.apache.logging.log4j.core.config.LoggersPlugin.createLoggers(org.apache.logging.log4j.core.config.LoggerConfig[]).
2016-07-16 11:32:07,602 DEBUG Calling createLoggers on class org.apache.logging.log4j.core.config.LoggersPlugin for element Loggers with params(={root})
2016-07-16 11:32:07,602 DEBUG Built Plugin[name=loggers] OK from factory method.
2016-07-16 11:32:07,606 DEBUG property AsyncLoggerConfig.WaitStrategy=null
2016-07-16 11:32:07,606 DEBUG disruptor event handler uses BlockingWaitStrategy
2016-07-16 11:32:07,643 DEBUG Starting AsyncLoggerConfig disruptor with ringbuffer size=262144, waitStrategy=BlockingWaitStrategy, exceptionHandler=null...
2016-07-16 11:32:07,644 DEBUG Started configuration XmlConfiguration[location=/home/ylyu/parallel/log4j2/log4j29/dataset/logging-log4j2/LOG4J2-834_d3989b40f92cdf2a7a0bc8a8d4d883386a640ebb/log4j-core/target/test-classes/LOG4J2-807.xml] OK.
2016-07-16 11:32:07,644 DEBUG Shutting down OutputStreamManager SYSTEM_OUT
2016-07-16 11:32:07,644 DEBUG Stopped org.apache.logging.log4j.core.config.DefaultConfiguration@7f129113 OK
2016-07-16 11:32:07,693 DEBUG Registering MBean org.apache.logging.log4j2:type=1410328673
2016-07-16 11:32:07,696 DEBUG Registering MBean org.apache.logging.log4j2:type=1410328673,component=StatusLogger
2016-07-16 11:32:07,697 DEBUG Registering MBean org.apache.logging.log4j2:type=1410328673,component=ContextSelector
2016-07-16 11:32:07,699 DEBUG Registering MBean org.apache.logging.log4j2:type=1410328673,component=Loggers,name=
2016-07-16 11:32:07,700 DEBUG Registering MBean org.apache.logging.log4j2:type=1410328673,component=Loggers,name=,subtype=RingBuffer
2016-07-16 11:32:07,701 DEBUG Registering MBean org.apache.logging.log4j2:type=1410328673,component=Appenders,name=FILE_APPENDER
2016-07-16 11:32:07,702 DEBUG LoggerContext[name=1410328673, org.apache.logging.log4j.core.LoggerContext@4d95d3aa] started OK with configuration XmlConfiguration[location=/home/ylyu/parallel/log4j2/log4j29/dataset/logging-log4j2/LOG4J2-834_d3989b40f92cdf2a7a0bc8a8d4d883386a640ebb/log4j-core/target/test-classes/LOG4J2-807.xml].
2016-07-16 11:32:07,707 DEBUG Using default SystemClock for timestamps
2016-07-16 11:32:14,715 DEBUG Reconfiguration started for context 1410328673 (org.apache.logging.log4j.core.LoggerContext@4d95d3aa)
2016-07-16 11:32:14,716 DEBUG Not in a ServletContext environment, thus not loading WebLookup plugin.
2016-07-16 11:32:14,719 DEBUG Starting configuration XmlConfiguration[location=/home/ylyu/parallel/log4j2/log4j29/dataset/logging-log4j2/LOG4J2-834_d3989b40f92cdf2a7a0bc8a8d4d883386a640ebb/log4j-core/target/test-classes/LOG4J2-807.xml]
2016-07-16 11:32:14,720 DEBUG PluginManager 'Core' found 76 plugins
2016-07-16 11:32:14,720 DEBUG PluginManager 'Level' found 1 plugins
2016-07-16 11:32:14,721 DEBUG PluginManager 'Lookup' found 10 plugins
2016-07-16 11:32:14,721 DEBUG Building Plugin[name=layout, class=org.apache.logging.log4j.core.layout.PatternLayout]. Searching for builder factory method...
2016-07-16 11:32:14,722 DEBUG Found builder factory method [newBuilder]: public static org.apache.logging.log4j.core.layout.PatternLayout$Builder org.apache.logging.log4j.core.layout.PatternLayout.newBuilder().
2016-07-16 11:32:14,723 DEBUG Calling build() on class class org.apache.logging.log4j.core.layout.PatternLayout$Builder for element PatternLayout with params(pattern="%d %-5p [%c{1.}] %m%n", Configuration(asynRootConfig), null, charset="null", alwaysWriteExceptions="null", noConsoleNoAnsi="null", header="null", footer="null")
2016-07-16 11:32:14,723 DEBUG PluginManager 'Converter' found 33 plugins
2016-07-16 11:32:14,724 DEBUG Built Plugin[name=layout] OK from builder factory method.
2016-07-16 11:32:14,724 DEBUG Building Plugin[name=appender, class=org.apache.logging.log4j.core.appender.RandomAccessFileAppender]. Searching for builder factory method...
2016-07-16 11:32:14,725 DEBUG No builder factory method found in class org.apache.logging.log4j.core.appender.RandomAccessFileAppender. Going to try finding a factory method instead.
2016-07-16 11:32:14,725 DEBUG Still building Plugin[name=appender, class=org.apache.logging.log4j.core.appender.RandomAccessFileAppender]. Searching for factory method...
2016-07-16 11:32:14,725 DEBUG Found factory method [createAppender]: public static org.apache.logging.log4j.core.appender.RandomAccessFileAppender org.apache.logging.log4j.core.appender.RandomAccessFileAppender.createAppender(java.lang.String,java.lang.String,java.lang.String,java.lang.String,java.lang.String,java.lang.String,org.apache.logging.log4j.core.Layout,org.apache.logging.log4j.core.Filter,java.lang.String,java.lang.String,org.apache.logging.log4j.core.config.Configuration).
2016-07-16 11:32:14,728 DEBUG Calling createAppender on class org.apache.logging.log4j.core.appender.RandomAccessFileAppender for element RandomAccessFile with params(fileName="target/LOG4J2-807.log", append="true", name="FILE_APPENDER", immediateFlush="false", bufferSize="null", ignoreExceptions="null", PatternLayout(%d %-5p [%c{1.}] %m%n), null, advertise="null", advertiseURI="null", Configuration(asynRootConfig))
2016-07-16 11:32:14,729 DEBUG Built Plugin[name=appender] OK from factory method.
2016-07-16 11:32:14,729 DEBUG Building Plugin[name=appenders, class=org.apache.logging.log4j.core.config.AppendersPlugin]. Searching for builder factory method...
2016-07-16 11:32:14,729 DEBUG No builder factory method found in class org.apache.logging.log4j.core.config.AppendersPlugin. Going to try finding a factory method instead.
2016-07-16 11:32:14,729 DEBUG Still building Plugin[name=appenders, class=org.apache.logging.log4j.core.config.AppendersPlugin]. Searching for factory method...
2016-07-16 11:32:14,729 DEBUG Found factory method [createAppenders]: public static java.util.concurrent.ConcurrentMap org.apache.logging.log4j.core.config.AppendersPlugin.createAppenders(org.apache.logging.log4j.core.Appender[]).
2016-07-16 11:32:14,730 DEBUG Calling createAppenders on class org.apache.logging.log4j.core.config.AppendersPlugin for element Appenders with params(={FILE_APPENDER})
2016-07-16 11:32:14,730 DEBUG Built Plugin[name=appenders] OK from factory method.
2016-07-16 11:32:14,730 DEBUG Building Plugin[name=AppenderRef, class=org.apache.logging.log4j.core.config.AppenderRef]. Searching for builder factory method...
2016-07-16 11:32:14,730 DEBUG No builder factory method found in class org.apache.logging.log4j.core.config.AppenderRef. Going to try finding a factory method instead.
2016-07-16 11:32:14,730 DEBUG Still building Plugin[name=AppenderRef, class=org.apache.logging.log4j.core.config.AppenderRef]. Searching for factory method...
2016-07-16 11:32:14,731 DEBUG Found factory method [createAppenderRef]: public static org.apache.logging.log4j.core.config.AppenderRef org.apache.logging.log4j.core.config.AppenderRef.createAppenderRef(java.lang.String,org.apache.logging.log4j.Level,org.apache.logging.log4j.core.Filter).
2016-07-16 11:32:14,732 DEBUG Calling createAppenderRef on class org.apache.logging.log4j.core.config.AppenderRef for element AppenderRef with params(ref="FILE_APPENDER", level="null", null)
2016-07-16 11:32:14,732 DEBUG Built Plugin[name=AppenderRef] OK from factory method.
2016-07-16 11:32:14,732 DEBUG Building Plugin[name=asyncRoot, class=org.apache.logging.log4j.core.async.AsyncLoggerConfig$RootLogger]. Searching for builder factory method...
2016-07-16 11:32:14,732 DEBUG No builder factory method found in class org.apache.logging.log4j.core.async.AsyncLoggerConfig$RootLogger. Going to try finding a factory method instead.
2016-07-16 11:32:14,732 DEBUG Still building Plugin[name=asyncRoot, class=org.apache.logging.log4j.core.async.AsyncLoggerConfig$RootLogger]. Searching for factory method...
2016-07-16 11:32:14,733 DEBUG Found factory method [createLogger]: public static org.apache.logging.log4j.core.config.LoggerConfig org.apache.logging.log4j.core.async.AsyncLoggerConfig$RootLogger.createLogger(java.lang.String,java.lang.String,java.lang.String,org.apache.logging.log4j.core.config.AppenderRef[],org.apache.logging.log4j.core.config.Property[],org.apache.logging.log4j.core.config.Configuration,org.apache.logging.log4j.core.Filter).
2016-07-16 11:32:14,735 DEBUG Calling createLogger on class org.apache.logging.log4j.core.async.AsyncLoggerConfig$RootLogger for element asyncRoot with params(additivity="null", level="debug", includeLocation="null", ={FILE_APPENDER}, ={}, Configuration(asynRootConfig), null)
2016-07-16 11:32:14,735 DEBUG Built Plugin[name=asyncRoot] OK from factory method.
2016-07-16 11:32:14,735 DEBUG Building Plugin[name=loggers, class=org.apache.logging.log4j.core.config.LoggersPlugin]. Searching for builder factory method...
2016-07-16 11:32:14,736 DEBUG No builder factory method found in class org.apache.logging.log4j.core.config.LoggersPlugin. Going to try finding a factory method instead.
2016-07-16 11:32:14,736 DEBUG Still building Plugin[name=loggers, class=org.apache.logging.log4j.core.config.LoggersPlugin]. Searching for factory method...
2016-07-16 11:32:14,736 DEBUG Found factory method [createLoggers]: public static org.apache.logging.log4j.core.config.Loggers org.apache.logging.log4j.core.config.LoggersPlugin.createLoggers(org.apache.logging.log4j.core.config.LoggerConfig[]).
2016-07-16 11:32:14,736 DEBUG Calling createLoggers on class org.apache.logging.log4j.core.config.LoggersPlugin for element Loggers with params(={root})
2016-07-16 11:32:14,736 DEBUG Built Plugin[name=loggers] OK from factory method.
2016-07-16 11:32:14,737 DEBUG Started configuration XmlConfiguration[location=/home/ylyu/parallel/log4j2/log4j29/dataset/logging-log4j2/LOG4J2-834_d3989b40f92cdf2a7a0bc8a8d4d883386a640ebb/log4j-core/target/test-classes/LOG4J2-807.xml] OK.
2016-07-16 11:32:14,737 DEBUG Stopped XmlConfiguration[location=/home/ylyu/parallel/log4j2/log4j29/dataset/logging-log4j2/LOG4J2-834_d3989b40f92cdf2a7a0bc8a8d4d883386a640ebb/log4j-core/target/test-classes/LOG4J2-807.xml] OK
2016-07-16 11:32:14,737 DEBUG Unregistering MBean org.apache.logging.log4j2:type=1410328673
2016-07-16 11:32:14,738 DEBUG Unregistering MBean org.apache.logging.log4j2:type=1410328673,component=StatusLogger
2016-07-16 11:32:14,738 DEBUG Unregistering MBean org.apache.logging.log4j2:type=1410328673,component=ContextSelector
2016-07-16 11:32:14,738 DEBUG Unregistering MBean org.apache.logging.log4j2:type=1410328673,component=Loggers,name=
2016-07-16 11:32:14,739 DEBUG Unregistering MBean org.apache.logging.log4j2:type=1410328673,component=Appenders,name=FILE_APPENDER
2016-07-16 11:32:14,739 DEBUG Unregistering MBean org.apache.logging.log4j2:type=1410328673,component=Loggers,name=,subtype=RingBuffer
2016-07-16 11:32:14,740 DEBUG Registering MBean org.apache.logging.log4j2:type=1410328673
2016-07-16 11:32:14,740 DEBUG Registering MBean org.apache.logging.log4j2:type=1410328673,component=StatusLogger
2016-07-16 11:32:14,740 DEBUG Registering MBean org.apache.logging.log4j2:type=1410328673,component=ContextSelector
2016-07-16 11:32:14,740 DEBUG Registering MBean org.apache.logging.log4j2:type=1410328673,component=Loggers,name=
2016-07-16 11:32:14,741 DEBUG Registering MBean org.apache.logging.log4j2:type=1410328673,component=Loggers,name=,subtype=RingBuffer
2016-07-16 11:32:14,741 DEBUG Registering MBean org.apache.logging.log4j2:type=1410328673,component=Appenders,name=FILE_APPENDER
2016-07-16 11:32:14,741 DEBUG Reconfiguration completed for 1410328673 (org.apache.logging.log4j.core.LoggerContext@4d95d3aa)
2016-07-16 11:32:17,716 DEBUG Stopping LoggerContext[name=1410328673, org.apache.logging.log4j.core.LoggerContext@4d95d3aa]...
2016-07-16 11:32:17,716 DEBUG Unregistering MBean org.apache.logging.log4j2:type=1410328673
2016-07-16 11:32:17,716 DEBUG Unregistering MBean org.apache.logging.log4j2:type=1410328673,component=StatusLogger
2016-07-16 11:32:17,717 DEBUG Unregistering MBean org.apache.logging.log4j2:type=1410328673,component=ContextSelector
2016-07-16 11:32:17,717 DEBUG Unregistering MBean org.apache.logging.log4j2:type=1410328673,component=Loggers,name=
2016-07-16 11:32:17,718 DEBUG Unregistering MBean org.apache.logging.log4j2:type=1410328673,component=Appenders,name=FILE_APPENDER
2016-07-16 11:32:17,718 DEBUG Unregistering MBean org.apache.logging.log4j2:type=1410328673,component=Loggers,name=,subtype=RingBuffer
2016-07-16 11:32:17,719 DEBUG Shutting down RandomAccessFileManager target/LOG4J2-807.log
2016-07-16 11:32:17,719 DEBUG Stopped XmlConfiguration[location=/home/ylyu/parallel/log4j2/log4j29/dataset/logging-log4j2/LOG4J2-834_d3989b40f92cdf2a7a0bc8a8d4d883386a640ebb/log4j-core/target/test-classes/LOG4J2-807.xml] OK
2016-07-16 11:32:17,719 DEBUG Stopped LoggerContext[name=1410328673, org.apache.logging.log4j.core.LoggerContext@4d95d3aa]...
Tests run: 1, Failures: 0, Errors: 0, Skipped: 0, Time elapsed: 10.411 sec - in org.apache.logging.log4j.core.async.AsyncRootReloadTest
2016-07-16 11:32:18,280 ERROR Unable to set up error Appender. No appender named STDOUT was configured
Running org.apache.logging.log4j.core.async.AsyncLoggersWithAsyncAppenderTest
2016-07-16 11:32:18,511 ERROR No log4j2 configuration file found. Using default configuration: logging only errors to the console.
Tests run: 1, Failures: 0, Errors: 0, Skipped: 0, Time elapsed: 0.124 sec - in org.apache.logging.log4j.core.async.AsyncLoggersWithAsyncAppenderTest
Running org.apache.logging.log4j.core.async.AsyncLoggerTimestampMessageTest
Tests run: 1, Failures: 0, Errors: 0, Skipped: 0, Time elapsed: 0.45 sec - in org.apache.logging.log4j.core.async.AsyncLoggerTimestampMessageTest
Running org.apache.logging.log4j.core.async.AsyncLoggerContextSelectorTest
Tests run: 4, Failures: 0, Errors: 0, Skipped: 0, Time elapsed: 0.161 sec - in org.apache.logging.log4j.core.async.AsyncLoggerContextSelectorTest
Running org.apache.logging.log4j.core.async.AsyncLoggerContextTest
Tests run: 1, Failures: 0, Errors: 0, Skipped: 0, Time elapsed: 0.31 sec - in org.apache.logging.log4j.core.async.AsyncLoggerContextTest
Running org.apache.logging.log4j.core.async.AsyncLoggerConfigTest
Tests run: 1, Failures: 0, Errors: 0, Skipped: 0, Time elapsed: 0.406 sec - in org.apache.logging.log4j.core.async.AsyncLoggerConfigTest
Running org.apache.logging.log4j.core.async.RingBufferLogEventTest
Tests run: 5, Failures: 0, Errors: 0, Skipped: 0, Time elapsed: 0.077 sec - in org.apache.logging.log4j.core.async.RingBufferLogEventTest
Running org.apache.logging.log4j.core.async.AsyncLoggerThreadContextTest
Tests run: 1, Failures: 0, Errors: 0, Skipped: 0, Time elapsed: 0.467 sec - in org.apache.logging.log4j.core.async.AsyncLoggerThreadContextTest
Running org.apache.logging.log4j.core.async.AsyncLoggerThreadNameStrategyTest
Tests run: 5, Failures: 0, Errors: 0, Skipped: 0, Time elapsed: 0.075 sec - in org.apache.logging.log4j.core.async.AsyncLoggerThreadNameStrategyTest
Running org.apache.logging.log4j.core.async.AsyncLoggerConfigUseAfterShutdownTest
Tests run: 1, Failures: 0, Errors: 0, Skipped: 0, Time elapsed: 0.403 sec - in org.apache.logging.log4j.core.async.AsyncLoggerConfigUseAfterShutdownTest
Running org.apache.logging.log4j.core.async.AsyncLoggersWithAsyncLoggerConfigTest
2016-07-16 11:32:23,891 ERROR No log4j2 configuration file found. Using default configuration: logging only errors to the console.
Tests run: 1, Failures: 0, Errors: 0, Skipped: 0, Time elapsed: 0.13 sec - in org.apache.logging.log4j.core.async.AsyncLoggersWithAsyncLoggerConfigTest
Running org.apache.logging.log4j.core.async.AsyncLoggerConfigAutoFlushTest
Tests run: 1, Failures: 0, Errors: 0, Skipped: 0, Time elapsed: 0.396 sec - in org.apache.logging.log4j.core.async.AsyncLoggerConfigAutoFlushTest
Running org.apache.logging.log4j.core.HostNameTest
Tests run: 1, Failures: 0, Errors: 0, Skipped: 0, Time elapsed: 0.018 sec - in org.apache.logging.log4j.core.HostNameTest
Running org.apache.logging.log4j.core.jmx.ServerTest
Tests run: 10, Failures: 0, Errors: 0, Skipped: 0, Time elapsed: 0.029 sec - in org.apache.logging.log4j.core.jmx.ServerTest
Running org.apache.logging.log4j.core.pattern.StyleConverterTest
Tests run: 1, Failures: 0, Errors: 0, Skipped: 0, Time elapsed: 0.327 sec - in org.apache.logging.log4j.core.pattern.StyleConverterTest
Running org.apache.logging.log4j.core.pattern.CallerInformationTest
Tests run: 2, Failures: 0, Errors: 0, Skipped: 0, Time elapsed: 0.012 sec - in org.apache.logging.log4j.core.pattern.CallerInformationTest
Running org.apache.logging.log4j.core.pattern.MessagePatternConverterTest
Tests run: 2, Failures: 0, Errors: 0, Skipped: 0, Time elapsed: 0.169 sec - in org.apache.logging.log4j.core.pattern.MessagePatternConverterTest
Running org.apache.logging.log4j.core.pattern.ExtendedThrowablePatternConverterTest
Tests run: 2, Failures: 0, Errors: 0, Skipped: 0, Time elapsed: 0.078 sec - in org.apache.logging.log4j.core.pattern.ExtendedThrowablePatternConverterTest
Running org.apache.logging.log4j.core.pattern.RootThrowableTest
Tests run: 1, Failures: 0, Errors: 0, Skipped: 0, Time elapsed: 0.02 sec - in org.apache.logging.log4j.core.pattern.RootThrowableTest
Running org.apache.logging.log4j.core.pattern.ThrowablePatternConverterTest
Tests run: 8, Failures: 0, Errors: 0, Skipped: 0, Time elapsed: 0.064 sec - in org.apache.logging.log4j.core.pattern.ThrowablePatternConverterTest
Running org.apache.logging.log4j.core.pattern.LevelPatternConverterTest
Tests run: 8, Failures: 0, Errors: 0, Skipped: 0, Time elapsed: 0.05 sec - in org.apache.logging.log4j.core.pattern.LevelPatternConverterTest
Running org.apache.logging.log4j.core.pattern.MapPatternConverterTest
Tests run: 2, Failures: 0, Errors: 0, Skipped: 0, Time elapsed: 0.048 sec - in org.apache.logging.log4j.core.pattern.MapPatternConverterTest
Running org.apache.logging.log4j.core.pattern.LiteralPatternConverterTest
Tests run: 2, Failures: 0, Errors: 0, Skipped: 0, Time elapsed: 0.025 sec - in org.apache.logging.log4j.core.pattern.LiteralPatternConverterTest
Running org.apache.logging.log4j.core.pattern.PatternParserTest
Tests run: 4, Failures: 0, Errors: 0, Skipped: 0, Time elapsed: 0.02 sec - in org.apache.logging.log4j.core.pattern.PatternParserTest
Running org.apache.logging.log4j.core.pattern.EncodingPatternConverterTest
Tests run: 1, Failures: 0, Errors: 0, Skipped: 0, Time elapsed: 0.264 sec - in org.apache.logging.log4j.core.pattern.EncodingPatternConverterTest
Running org.apache.logging.log4j.core.pattern.RegexReplacementConverterTest
Tests run: 1, Failures: 0, Errors: 0, Skipped: 0, Time elapsed: 0.263 sec - in org.apache.logging.log4j.core.pattern.RegexReplacementConverterTest
Running org.apache.logging.log4j.core.pattern.NameAbbreviatorTest
Tests run: 7, Failures: 0, Errors: 0, Skipped: 0, Time elapsed: 0.005 sec - in org.apache.logging.log4j.core.pattern.NameAbbreviatorTest
Running org.apache.logging.log4j.core.pattern.ExtendedThrowableTest
Tests run: 1, Failures: 0, Errors: 0, Skipped: 0, Time elapsed: 0.02 sec - in org.apache.logging.log4j.core.pattern.ExtendedThrowableTest
Running org.apache.logging.log4j.core.pattern.MarkerPatternConverterTest
Tests run: 1, Failures: 0, Errors: 0, Skipped: 0, Time elapsed: 0.045 sec - in org.apache.logging.log4j.core.pattern.MarkerPatternConverterTest
Running org.apache.logging.log4j.core.pattern.ThrowableTest
Tests run: 1, Failures: 0, Errors: 0, Skipped: 0, Time elapsed: 0.01 sec - in org.apache.logging.log4j.core.pattern.ThrowableTest
Running org.apache.logging.log4j.core.pattern.RootThrowablePatternConverterTest
Tests run: 2, Failures: 0, Errors: 0, Skipped: 0, Time elapsed: 0.057 sec - in org.apache.logging.log4j.core.pattern.RootThrowablePatternConverterTest
Running org.apache.logging.log4j.core.pattern.DatePatternConverterTest
Tests run: 9, Failures: 0, Errors: 0, Skipped: 0, Time elapsed: 0.047 sec - in org.apache.logging.log4j.core.pattern.DatePatternConverterTest
Running org.apache.logging.log4j.core.pattern.RegexReplacementTest
Tests run: 2, Failures: 0, Errors: 0, Skipped: 0, Time elapsed: 0.011 sec - in org.apache.logging.log4j.core.pattern.RegexReplacementTest
Running org.apache.logging.log4j.core.layout.SerializedLayoutTest
Tests run: 3, Failures: 0, Errors: 0, Skipped: 0, Time elapsed: 0.063 sec - in org.apache.logging.log4j.core.layout.SerializedLayoutTest
Running org.apache.logging.log4j.core.layout.PatternLayoutTest
Tests run: 13, Failures: 0, Errors: 0, Skipped: 0, Time elapsed: 0.013 sec - in org.apache.logging.log4j.core.layout.PatternLayoutTest
Running org.apache.logging.log4j.core.layout.SyslogLayoutTest
Tests run: 1, Failures: 0, Errors: 0, Skipped: 0, Time elapsed: 0.013 sec - in org.apache.logging.log4j.core.layout.SyslogLayoutTest
Running org.apache.logging.log4j.core.layout.GelfLayoutTest
Tests run: 3, Failures: 0, Errors: 0, Skipped: 0, Time elapsed: 0.212 sec - in org.apache.logging.log4j.core.layout.GelfLayoutTest
Running org.apache.logging.log4j.core.layout.XmlLayoutTest
Tests run: 6, Failures: 0, Errors: 0, Skipped: 0, Time elapsed: 0.505 sec - in org.apache.logging.log4j.core.layout.XmlLayoutTest
Running org.apache.logging.log4j.core.layout.Rfc5424LayoutTest
Tests run: 8, Failures: 0, Errors: 0, Skipped: 0, Time elapsed: 0.037 sec - in org.apache.logging.log4j.core.layout.Rfc5424LayoutTest
Running org.apache.logging.log4j.core.layout.JsonLayoutTest
Tests run: 7, Failures: 0, Errors: 0, Skipped: 0, Time elapsed: 0.431 sec - in org.apache.logging.log4j.core.layout.JsonLayoutTest
Running org.apache.logging.log4j.core.layout.HtmlLayoutTest
Tests run: 5, Failures: 0, Errors: 0, Skipped: 0, Time elapsed: 0.016 sec - in org.apache.logging.log4j.core.layout.HtmlLayoutTest
Running org.apache.logging.log4j.core.appender.TlsSyslogFrameTest
Tests run: 5, Failures: 0, Errors: 0, Skipped: 0, Time elapsed: 0.004 sec - in org.apache.logging.log4j.core.appender.TlsSyslogFrameTest
Running org.apache.logging.log4j.core.appender.ConsoleAppenderTest
Tests run: 1, Failures: 0, Errors: 0, Skipped: 0, Time elapsed: 0.172 sec - in org.apache.logging.log4j.core.appender.ConsoleAppenderTest
Running org.apache.logging.log4j.core.appender.XmlFileAppenderTest
Tests run: 1, Failures: 0, Errors: 0, Skipped: 0, Time elapsed: 0.693 sec - in org.apache.logging.log4j.core.appender.XmlFileAppenderTest
Running org.apache.logging.log4j.core.appender.AsyncAppenderTest
Tests run: 2, Failures: 0, Errors: 0, Skipped: 0, Time elapsed: 0.245 sec - in org.apache.logging.log4j.core.appender.AsyncAppenderTest
Running org.apache.logging.log4j.core.appender.XmlCompactFileAppenderTest
Tests run: 1, Failures: 0, Errors: 0, Skipped: 0, Time elapsed: 0.694 sec - in org.apache.logging.log4j.core.appender.XmlCompactFileAppenderTest
Running org.apache.logging.log4j.core.appender.JsonCompleteFileAppenderTest
Tests run: 1, Failures: 0, Errors: 0, Skipped: 0, Time elapsed: 0.585 sec - in org.apache.logging.log4j.core.appender.JsonCompleteFileAppenderTest
Running org.apache.logging.log4j.core.appender.mom.JmsAppenderTest
Tests run: 3, Failures: 0, Errors: 0, Skipped: 0, Time elapsed: 0.409 sec - in org.apache.logging.log4j.core.appender.mom.JmsAppenderTest
Running org.apache.logging.log4j.core.appender.rolling.RollingAppenderTimeAndSizeTest
Tests run: 1, Failures: 0, Errors: 0, Skipped: 0, Time elapsed: 0.409 sec - in org.apache.logging.log4j.core.appender.rolling.RollingAppenderTimeAndSizeTest
Running org.apache.logging.log4j.core.appender.rolling.action.FileRenameActionTest
Tests run: 3, Failures: 0, Errors: 0, Skipped: 0, Time elapsed: 0.03 sec - in org.apache.logging.log4j.core.appender.rolling.action.FileRenameActionTest
Running org.apache.logging.log4j.core.appender.rolling.RollingAppenderUncompressedTest
Tests run: 1, Failures: 0, Errors: 0, Skipped: 0, Time elapsed: 0.061 sec - in org.apache.logging.log4j.core.appender.rolling.RollingAppenderUncompressedTest
Running org.apache.logging.log4j.core.appender.rolling.PatternProcessorTest
Tests run: 11, Failures: 0, Errors: 0, Skipped: 0, Time elapsed: 0.131 sec - in org.apache.logging.log4j.core.appender.rolling.PatternProcessorTest
Running org.apache.logging.log4j.core.appender.rolling.OnStartupTriggeringPolicyTest
Tests run: 1, Failures: 0, Errors: 0, Skipped: 0, Time elapsed: 0.131 sec - in org.apache.logging.log4j.core.appender.rolling.OnStartupTriggeringPolicyTest
Running org.apache.logging.log4j.core.appender.rolling.RollingFileAppenderAccessTest
Tests run: 1, Failures: 0, Errors: 0, Skipped: 0, Time elapsed: 0.286 sec - in org.apache.logging.log4j.core.appender.rolling.RollingFileAppenderAccessTest
Running org.apache.logging.log4j.core.appender.rolling.RollingRandomAccessFileManagerTest
Tests run: 6, Failures: 0, Errors: 0, Skipped: 0, Time elapsed: 0.138 sec - in org.apache.logging.log4j.core.appender.rolling.RollingRandomAccessFileManagerTest
Running org.apache.logging.log4j.core.appender.rolling.RollingAppenderTimeTest
Tests run: 1, Failures: 0, Errors: 0, Skipped: 0, Time elapsed: 2.303 sec - in org.apache.logging.log4j.core.appender.rolling.RollingAppenderTimeTest
Running org.apache.logging.log4j.core.appender.rolling.RollingAppenderSizeTest
Tests run: 2, Failures: 0, Errors: 0, Skipped: 0, Time elapsed: 0.487 sec - in org.apache.logging.log4j.core.appender.rolling.RollingAppenderSizeTest
Running org.apache.logging.log4j.core.appender.rolling.RollingRandomAccessFileManagerHeaderFooterTest
Tests run: 1, Failures: 0, Errors: 0, Skipped: 0, Time elapsed: 0.408 sec - in org.apache.logging.log4j.core.appender.rolling.RollingRandomAccessFileManagerHeaderFooterTest
Running org.apache.logging.log4j.core.appender.MemoryMappedFileManagerTest
Tests run: 2, Failures: 0, Errors: 0, Skipped: 0, Time elapsed: 0.073 sec - in org.apache.logging.log4j.core.appender.MemoryMappedFileManagerTest
Running org.apache.logging.log4j.core.appender.SmtpAppenderTest
Tests run: 6, Failures: 0, Errors: 0, Skipped: 0, Time elapsed: 0.342 sec - in org.apache.logging.log4j.core.appender.SmtpAppenderTest
Running org.apache.logging.log4j.core.appender.XmlCompactFileAsyncAppenderValidationTest
Tests run: 1, Failures: 0, Errors: 0, Skipped: 1, Time elapsed: 0.001 sec - in org.apache.logging.log4j.core.appender.XmlCompactFileAsyncAppenderValidationTest
Running org.apache.logging.log4j.core.appender.AsyncAppenderNoLocationTest
Tests run: 1, Failures: 0, Errors: 0, Skipped: 0, Time elapsed: 0.459 sec - in org.apache.logging.log4j.core.appender.AsyncAppenderNoLocationTest
Running org.apache.logging.log4j.core.appender.routing.RoutingAppenderTest
Tests run: 1, Failures: 0, Errors: 0, Skipped: 0, Time elapsed: 0.382 sec - in org.apache.logging.log4j.core.appender.routing.RoutingAppenderTest
Running org.apache.logging.log4j.core.appender.routing.RoutingAppenderWithJndiTest
Context [Test ] This is a message from unknown context
Context [Test ] This is a message from Application1
Context [Test ] This is a message from Application2
Context [Test ] This is another message from Application2
Context [Test ] This is a message from Application3
Context [Test ] This is a message from Application4
Tests run: 1, Failures: 0, Errors: 0, Skipped: 0, Time elapsed: 0.513 sec - in org.apache.logging.log4j.core.appender.routing.RoutingAppenderWithJndiTest
Running org.apache.logging.log4j.core.appender.routing.JsonRoutingAppenderTest
2016-07-16 11:32:58,173 ERROR No log4j2 configuration file found. Using default configuration: logging only errors to the console.
Tests run: 1, Failures: 0, Errors: 0, Skipped: 0, Time elapsed: 0.035 sec - in org.apache.logging.log4j.core.appender.routing.JsonRoutingAppenderTest
Running org.apache.logging.log4j.core.appender.routing.RoutingDefaultAppenderTest
Tests run: 1, Failures: 0, Errors: 0, Skipped: 0, Time elapsed: 0.378 sec - in org.apache.logging.log4j.core.appender.routing.RoutingDefaultAppenderTest
Running org.apache.logging.log4j.core.appender.routing.JsonRoutingAppender2Test
2016-07-16 11:32:59,650 ERROR No log4j2 configuration file found. Using default configuration: logging only errors to the console.
Tests run: 1, Failures: 0, Errors: 0, Skipped: 0, Time elapsed: 0.035 sec - in org.apache.logging.log4j.core.appender.routing.JsonRoutingAppender2Test
Running org.apache.logging.log4j.core.appender.FileAppenderTest
Tests run: 6, Failures: 0, Errors: 0, Skipped: 1, Time elapsed: 3.317 sec - in org.apache.logging.log4j.core.appender.FileAppenderTest
Running org.apache.logging.log4j.core.appender.XmlCompleteFileAppenderTest
Tests run: 1, Failures: 0, Errors: 0, Skipped: 0, Time elapsed: 0.702 sec - in org.apache.logging.log4j.core.appender.XmlCompleteFileAppenderTest
Running org.apache.logging.log4j.core.appender.RollingRandomAccessFileAppenderRolloverTest
Tests run: 1, Failures: 0, Errors: 0, Skipped: 0, Time elapsed: 0.468 sec - in org.apache.logging.log4j.core.appender.RollingRandomAccessFileAppenderRolloverTest
Running org.apache.logging.log4j.core.appender.OutputStreamAppenderTest
Tests run: 1, Failures: 0, Errors: 0, Skipped: 0, Time elapsed: 0.171 sec - in org.apache.logging.log4j.core.appender.OutputStreamAppenderTest
Running org.apache.logging.log4j.core.appender.SocketAppenderTest
Tests run: 5, Failures: 0, Errors: 0, Skipped: 0, Time elapsed: 0.4 sec - in org.apache.logging.log4j.core.appender.SocketAppenderTest
Running org.apache.logging.log4j.core.appender.TlsSyslogAppenderTest
Tests run: 9, Failures: 0, Errors: 0, Skipped: 0, Time elapsed: 3.212 sec - in org.apache.logging.log4j.core.appender.TlsSyslogAppenderTest
Running org.apache.logging.log4j.core.appender.FailoverAppenderTest
Tests run: 2, Failures: 0, Errors: 0, Skipped: 0, Time elapsed: 1.489 sec - in org.apache.logging.log4j.core.appender.FailoverAppenderTest
Running org.apache.logging.log4j.core.appender.MemoryMappedFileAppenderLocationTest
Tests run: 1, Failures: 0, Errors: 0, Skipped: 0, Time elapsed: 0.371 sec - in org.apache.logging.log4j.core.appender.MemoryMappedFileAppenderLocationTest
Running org.apache.logging.log4j.core.appender.SyslogAppenderTest
Tests run: 5, Failures: 0, Errors: 0, Skipped: 0, Time elapsed: 1.446 sec - in org.apache.logging.log4j.core.appender.SyslogAppenderTest
Running org.apache.logging.log4j.core.appender.db.jpa.converter.StackTraceElementAttributeConverterTest
Tests run: 6, Failures: 0, Errors: 0, Skipped: 0, Time elapsed: 0.006 sec - in org.apache.logging.log4j.core.appender.db.jpa.converter.StackTraceElementAttributeConverterTest
Running org.apache.logging.log4j.core.appender.db.jpa.converter.ThrowableAttributeConverterTest
Tests run: 4, Failures: 0, Errors: 0, Skipped: 0, Time elapsed: 0.048 sec - in org.apache.logging.log4j.core.appender.db.jpa.converter.ThrowableAttributeConverterTest
Running org.apache.logging.log4j.core.appender.db.jpa.converter.ContextStackJsonAttributeConverterTest
Tests run: 4, Failures: 0, Errors: 0, Skipped: 0, Time elapsed: 0.255 sec - in org.apache.logging.log4j.core.appender.db.jpa.converter.ContextStackJsonAttributeConverterTest
Running org.apache.logging.log4j.core.appender.db.jpa.converter.ContextMapJsonAttributeConverterTest
Tests run: 4, Failures: 0, Errors: 0, Skipped: 0, Time elapsed: 0.228 sec - in org.apache.logging.log4j.core.appender.db.jpa.converter.ContextMapJsonAttributeConverterTest
Running org.apache.logging.log4j.core.appender.db.jpa.converter.ContextMapAttributeConverterTest
Tests run: 4, Failures: 0, Errors: 0, Skipped: 0, Time elapsed: 0.003 sec - in org.apache.logging.log4j.core.appender.db.jpa.converter.ContextMapAttributeConverterTest
Running org.apache.logging.log4j.core.appender.db.jpa.converter.MessageAttributeConverterTest
Tests run: 3, Failures: 0, Errors: 0, Skipped: 0, Time elapsed: 0.006 sec - in org.apache.logging.log4j.core.appender.db.jpa.converter.MessageAttributeConverterTest
Running org.apache.logging.log4j.core.appender.db.jpa.converter.MarkerAttributeConverterTest
Tests run: 4, Failures: 0, Errors: 0, Skipped: 0, Time elapsed: 0.009 sec - in org.apache.logging.log4j.core.appender.db.jpa.converter.MarkerAttributeConverterTest
Running org.apache.logging.log4j.core.appender.db.jpa.converter.ContextStackAttributeConverterTest
Tests run: 4, Failures: 0, Errors: 0, Skipped: 0, Time elapsed: 0.005 sec - in org.apache.logging.log4j.core.appender.db.jpa.converter.ContextStackAttributeConverterTest
Running org.apache.logging.log4j.core.appender.db.jpa.JpaH2AppenderTest
[EL Info]: 2016-07-16 11:33:19.314--ServerSession(1430125911)--EclipseLink, version: Eclipse Persistence Services - 2.5.2.v20140319-9ad6abd
[EL Info]: connection: 2016-07-16 11:33:19.396--ServerSession(1430125911)--file:/home/ylyu/parallel/log4j2/log4j29/dataset/logging-log4j2/LOG4J2-834_d3989b40f92cdf2a7a0bc8a8d4d883386a640ebb/log4j-core/target/test-classes/_h2JpaAppenderTestUnit login successful
[EL Info]: connection: 2016-07-16 11:33:19.451--ServerSession(1430125911)--file:/home/ylyu/parallel/log4j2/log4j29/dataset/logging-log4j2/LOG4J2-834_d3989b40f92cdf2a7a0bc8a8d4d883386a640ebb/log4j-core/target/test-classes/_h2JpaAppenderTestUnit logout successful
[EL Info]: 2016-07-16 11:33:19.593--ServerSession(980143286)--EclipseLink, version: Eclipse Persistence Services - 2.5.2.v20140319-9ad6abd
[EL Info]: connection: 2016-07-16 11:33:19.596--ServerSession(980143286)--file:/home/ylyu/parallel/log4j2/log4j29/dataset/logging-log4j2/LOG4J2-834_d3989b40f92cdf2a7a0bc8a8d4d883386a640ebb/log4j-core/target/test-classes/_h2JpaAppenderTestUnit login successful
[EL Info]: connection: 2016-07-16 11:33:19.625--ServerSession(980143286)--file:/home/ylyu/parallel/log4j2/log4j29/dataset/logging-log4j2/LOG4J2-834_d3989b40f92cdf2a7a0bc8a8d4d883386a640ebb/log4j-core/target/test-classes/_h2JpaAppenderTestUnit logout successful
Tests run: 2, Failures: 0, Errors: 0, Skipped: 0, Time elapsed: 1.722 sec - in org.apache.logging.log4j.core.appender.db.jpa.JpaH2AppenderTest
Running org.apache.logging.log4j.core.appender.db.jpa.JpaHyperSqlAppenderTest
[EL Info]: 2016-07-16 11:33:21.461--ServerSession(402086336)--EclipseLink, version: Eclipse Persistence Services - 2.5.2.v20140319-9ad6abd
[EL Info]: connection: 2016-07-16 11:33:21.553--ServerSession(402086336)--file:/home/ylyu/parallel/log4j2/log4j29/dataset/logging-log4j2/LOG4J2-834_d3989b40f92cdf2a7a0bc8a8d4d883386a640ebb/log4j-core/target/test-classes/_hyperSqlJpaAppenderTestUnit login successful
[EL Info]: connection: 2016-07-16 11:33:21.611--ServerSession(402086336)--file:/home/ylyu/parallel/log4j2/log4j29/dataset/logging-log4j2/LOG4J2-834_d3989b40f92cdf2a7a0bc8a8d4d883386a640ebb/log4j-core/target/test-classes/_hyperSqlJpaAppenderTestUnit logout successful
[EL Info]: 2016-07-16 11:33:21.818--ServerSession(1914295476)--EclipseLink, version: Eclipse Persistence Services - 2.5.2.v20140319-9ad6abd
[EL Info]: connection: 2016-07-16 11:33:21.821--ServerSession(1914295476)--file:/home/ylyu/parallel/log4j2/log4j29/dataset/logging-log4j2/LOG4J2-834_d3989b40f92cdf2a7a0bc8a8d4d883386a640ebb/log4j-core/target/test-classes/_hyperSqlJpaAppenderTestUnit login successful
[EL Info]: connection: 2016-07-16 11:33:21.85--ServerSession(1914295476)--file:/home/ylyu/parallel/log4j2/log4j29/dataset/logging-log4j2/LOG4J2-834_d3989b40f92cdf2a7a0bc8a8d4d883386a640ebb/log4j-core/target/test-classes/_hyperSqlJpaAppenderTestUnit logout successful
Tests run: 8, Failures: 0, Errors: 0, Skipped: 0, Time elapsed: 1.966 sec - in org.apache.logging.log4j.core.appender.db.jpa.JpaHyperSqlAppenderTest
Running org.apache.logging.log4j.core.appender.db.jdbc.JdbcH2AppenderTest
Tests run: 2, Failures: 0, Errors: 0, Skipped: 0, Time elapsed: 1.093 sec - in org.apache.logging.log4j.core.appender.db.jdbc.JdbcH2AppenderTest
Running org.apache.logging.log4j.core.appender.db.jdbc.ColumnConfigTest
Tests run: 14, Failures: 0, Errors: 0, Skipped: 0, Time elapsed: 0.145 sec - in org.apache.logging.log4j.core.appender.db.jdbc.ColumnConfigTest
Running org.apache.logging.log4j.core.appender.db.jdbc.DataSourceConnectionSourceTest
Tests run: 8, Failures: 0, Errors: 0, Skipped: 0, Time elapsed: 0.147 sec - in org.apache.logging.log4j.core.appender.db.jdbc.DataSourceConnectionSourceTest
Running org.apache.logging.log4j.core.appender.db.jdbc.FactoryMethodConnectionSourceTest
Tests run: 7, Failures: 0, Errors: 0, Skipped: 0, Time elapsed: 0.036 sec - in org.apache.logging.log4j.core.appender.db.jdbc.FactoryMethodConnectionSourceTest
Running org.apache.logging.log4j.core.appender.db.jdbc.JdbcHyperSqlAppenderTest
Tests run: 2, Failures: 0, Errors: 0, Skipped: 0, Time elapsed: 0.947 sec - in org.apache.logging.log4j.core.appender.db.jdbc.JdbcHyperSqlAppenderTest
Running org.apache.logging.log4j.core.appender.db.AbstractDatabaseManagerTest
Tests run: 8, Failures: 0, Errors: 0, Skipped: 0, Time elapsed: 0.166 sec - in org.apache.logging.log4j.core.appender.db.AbstractDatabaseManagerTest
Running org.apache.logging.log4j.core.appender.db.AbstractDatabaseAppenderTest
Tests run: 5, Failures: 0, Errors: 0, Skipped: 0, Time elapsed: 0.193 sec - in org.apache.logging.log4j.core.appender.db.AbstractDatabaseAppenderTest
Running org.apache.logging.log4j.core.appender.MemoryMappedFileAppenderSimpleTest
Tests run: 1, Failures: 0, Errors: 0, Skipped: 0, Time elapsed: 0.355 sec - in org.apache.logging.log4j.core.appender.MemoryMappedFileAppenderSimpleTest
Running org.apache.logging.log4j.core.appender.MemoryMappedFileAppenderRemapTest
Tests run: 1, Failures: 0, Errors: 0, Skipped: 0, Time elapsed: 0.366 sec - in org.apache.logging.log4j.core.appender.MemoryMappedFileAppenderRemapTest
Running org.apache.logging.log4j.core.appender.rewrite.MapRewritePolicyTest
Tests run: 3, Failures: 0, Errors: 0, Skipped: 0, Time elapsed: 0.026 sec - in org.apache.logging.log4j.core.appender.rewrite.MapRewritePolicyTest
Running org.apache.logging.log4j.core.appender.rewrite.RewriteAppenderTest
Tests run: 3, Failures: 0, Errors: 0, Skipped: 0, Time elapsed: 0.441 sec - in org.apache.logging.log4j.core.appender.rewrite.RewriteAppenderTest
Running org.apache.logging.log4j.core.appender.RandomAccessFileManagerTest
Tests run: 5, Failures: 0, Errors: 0, Skipped: 0, Time elapsed: 0.042 sec - in org.apache.logging.log4j.core.appender.RandomAccessFileManagerTest
Running org.apache.logging.log4j.core.appender.XmlCompactFileAppenderValidationTest
Tests run: 1, Failures: 0, Errors: 0, Skipped: 1, Time elapsed: 0.001 sec - in org.apache.logging.log4j.core.appender.XmlCompactFileAppenderValidationTest
Running org.apache.logging.log4j.core.appender.XmlRandomAccessFileAppenderTest
Tests run: 1, Failures: 0, Errors: 0, Skipped: 1, Time elapsed: 0.001 sec - in org.apache.logging.log4j.core.appender.XmlRandomAccessFileAppenderTest
Running org.apache.logging.log4j.core.CollectionLoggingTest
Tests run: 4, Failures: 0, Errors: 0, Skipped: 0, Time elapsed: 0.073 sec - in org.apache.logging.log4j.core.CollectionLoggingTest

Results :


Tests in error: 
  ThrowableProxyTest.testStackWithUnloadableClass:188  NoClassDefFound org/apac...


Tests run: 744, Failures: 0, Errors: 1, Skipped: 29

[INFO] ------------------------------------------------------------------------
[INFO] BUILD FAILURE
[INFO] ------------------------------------------------------------------------
[INFO] Total time: 02:51 min
[INFO] Finished at: 2016-07-16T11:33:31-07:00
[INFO] Final Memory: 18M/931M
[INFO] ------------------------------------------------------------------------
[ERROR] Failed to execute goal org.apache.maven.plugins:maven-surefire-plugin:2.18:test (default-test) on project log4j-core: There are test failures.
[ERROR] 
[ERROR] Please refer to /home/ylyu/parallel/log4j2/log4j29/dataset/logging-log4j2/LOG4J2-834_d3989b40f92cdf2a7a0bc8a8d4d883386a640ebb/log4j-core/target/surefire-reports for the individual test results.
[ERROR] -> [Help 1]
[ERROR] 
[ERROR] To see the full stack trace of the errors, re-run Maven with the -e switch.
[ERROR] Re-run Maven using the -X switch to enable full debug logging.
[ERROR] 
[ERROR] For more information about the errors and possible solutions, please read the following articles:
[ERROR] [Help 1] http://cwiki.apache.org/confluence/display/MAVEN/MojoFailureException
