[INFO] Scanning for projects...
[INFO]                                                                         
[INFO] ------------------------------------------------------------------------
[INFO] Building Oak Core 0.6-SNAPSHOT
[INFO] ------------------------------------------------------------------------
[INFO] 
[INFO] --- maven-remote-resources-plugin:1.2.1:process (default) @ oak-core ---
[INFO] 
[INFO] --- maven-resources-plugin:2.5:resources (default-resources) @ oak-core ---
[debug] execute contextualize
[INFO] Using 'UTF-8' encoding to copy filtered resources.
[INFO] Copying 1 resource
[INFO] Copying 3 resources
[INFO] 
[INFO] --- maven-compiler-plugin:2.3.2:compile (default-compile) @ oak-core ---
[INFO] Compiling 1 source file to /home/ylyu/parallel/oak/oak9/dataset/oak/OAK-554_3f51fb09853204ff3829135195071b801f4bddba/oak-core/target/classes
[INFO] 
[INFO] --- maven-scr-plugin:1.9.0:scr (generate-scr-scrdescriptor) @ oak-core ---
[INFO] Writing 1 Service Component Descriptors to /home/ylyu/parallel/oak/oak9/dataset/oak/OAK-554_3f51fb09853204ff3829135195071b801f4bddba/oak-core/target/scr-plugin-generated/OSGI-INF/org.apache.jackrabbit.oak.plugins.commit.ConflictValidatorProvider.xml
[INFO] Writing 1 Service Component Descriptors to /home/ylyu/parallel/oak/oak9/dataset/oak/OAK-554_3f51fb09853204ff3829135195071b801f4bddba/oak-core/target/scr-plugin-generated/OSGI-INF/org.apache.jackrabbit.oak.plugins.nodetype.TypeValidatorProvider.xml
[INFO] Writing 1 Service Component Descriptors to /home/ylyu/parallel/oak/oak9/dataset/oak/OAK-554_3f51fb09853204ff3829135195071b801f4bddba/oak-core/target/scr-plugin-generated/OSGI-INF/org.apache.jackrabbit.oak.plugins.nodetype.write.InitialContent.xml
[INFO] Writing 1 Service Component Descriptors to /home/ylyu/parallel/oak/oak9/dataset/oak/OAK-554_3f51fb09853204ff3829135195071b801f4bddba/oak-core/target/scr-plugin-generated/OSGI-INF/org.apache.jackrabbit.oak.plugins.index.property.PropertyIndexHookProvider.xml
[INFO] Writing 1 Service Component Descriptors to /home/ylyu/parallel/oak/oak9/dataset/oak/OAK-554_3f51fb09853204ff3829135195071b801f4bddba/oak-core/target/scr-plugin-generated/OSGI-INF/org.apache.jackrabbit.oak.plugins.index.p2.Property2IndexHookProvider.xml
[INFO] Writing 1 Service Component Descriptors to /home/ylyu/parallel/oak/oak9/dataset/oak/OAK-554_3f51fb09853204ff3829135195071b801f4bddba/oak-core/target/scr-plugin-generated/OSGI-INF/org.apache.jackrabbit.oak.plugins.name.NamespaceValidatorProvider.xml
[INFO] Writing 1 Service Component Descriptors to /home/ylyu/parallel/oak/oak9/dataset/oak/OAK-554_3f51fb09853204ff3829135195071b801f4bddba/oak-core/target/scr-plugin-generated/OSGI-INF/org.apache.jackrabbit.oak.plugins.name.NameValidatorProvider.xml
[INFO] 
[INFO] --- maven-resources-plugin:2.5:testResources (default-testResources) @ oak-core ---
[debug] execute contextualize
[INFO] Using 'UTF-8' encoding to copy filtered resources.
[INFO] Copying 9 resources
[INFO] Copying 3 resources
[INFO] 
[INFO] --- maven-compiler-plugin:2.3.2:testCompile (default-testCompile) @ oak-core ---
[INFO] Nothing to compile - all classes are up to date
[INFO] 
[INFO] --- maven-surefire-plugin:2.9:test (default-test) @ oak-core ---
[INFO] Surefire report directory: /home/ylyu/parallel/oak/oak9/dataset/oak/OAK-554_3f51fb09853204ff3829135195071b801f4bddba/oak-core/target/surefire-reports

-------------------------------------------------------
 T E S T S
-------------------------------------------------------
Running org.apache.jackrabbit.oak.security.authorization.AccessControlManagerImplTest
Tests run: 36, Failures: 0, Errors: 0, Skipped: 0, Time elapsed: 3.474 sec
Running org.apache.jackrabbit.oak.security.authorization.ACLTest
Tests run: 22, Failures: 0, Errors: 0, Skipped: 2, Time elapsed: 0.812 sec
Running org.apache.jackrabbit.oak.security.authorization.AccessControlValidatorTest
Tests run: 6, Failures: 0, Errors: 0, Skipped: 0, Time elapsed: 0 sec
Running org.apache.jackrabbit.oak.security.authorization.PermissionProviderImplTest
Tests run: 4, Failures: 0, Errors: 0, Skipped: 0, Time elapsed: 0 sec
Running org.apache.jackrabbit.oak.security.authentication.GuestDefaultLoginModuleTest
Tests run: 2, Failures: 0, Errors: 0, Skipped: 0, Time elapsed: 0.106 sec
Running org.apache.jackrabbit.oak.security.authentication.DefaultLoginModuleTest
Tests run: 6, Failures: 0, Errors: 0, Skipped: 0, Time elapsed: 0.384 sec
Running org.apache.jackrabbit.oak.security.authentication.TokenDefaultLoginModuleTest
Tests run: 9, Failures: 0, Errors: 0, Skipped: 0, Time elapsed: 0.536 sec
Running org.apache.jackrabbit.oak.security.authentication.user.UserAuthenticationTest
Tests run: 8, Failures: 0, Errors: 0, Skipped: 0, Time elapsed: 0.504 sec
Running org.apache.jackrabbit.oak.security.authentication.token.TokenAuthenticationTest
Tests run: 6, Failures: 0, Errors: 0, Skipped: 0, Time elapsed: 0.365 sec
Running org.apache.jackrabbit.oak.security.authentication.token.TokenProviderImplTest
Tests run: 15, Failures: 0, Errors: 0, Skipped: 0, Time elapsed: 0.939 sec
Running org.apache.jackrabbit.oak.security.authentication.token.TokenInfoTest
Tests run: 5, Failures: 0, Errors: 0, Skipped: 0, Time elapsed: 0.302 sec
Running org.apache.jackrabbit.oak.security.authentication.TokenLoginModuleTest
Tests run: 6, Failures: 0, Errors: 0, Skipped: 0, Time elapsed: 0.232 sec
Running org.apache.jackrabbit.oak.security.ConfigurationParametersTest
Tests run: 4, Failures: 0, Errors: 0, Skipped: 0, Time elapsed: 0.001 sec
Running org.apache.jackrabbit.oak.security.principal.PrincipalImplTest
Tests run: 3, Failures: 0, Errors: 0, Skipped: 0, Time elapsed: 0 sec
Running org.apache.jackrabbit.oak.security.principal.PrincipalProviderImplTest
Tests run: 7, Failures: 0, Errors: 0, Skipped: 0, Time elapsed: 0.421 sec
Running org.apache.jackrabbit.oak.security.user.UserValidatorTest
Tests run: 12, Failures: 0, Errors: 0, Skipped: 0, Time elapsed: 0.617 sec
Running org.apache.jackrabbit.oak.security.user.query.UserQueryManagerTest
Tests run: 4, Failures: 0, Errors: 0, Skipped: 0, Time elapsed: 0.237 sec
Running org.apache.jackrabbit.oak.security.user.UserProviderTest
Tests run: 11, Failures: 0, Errors: 0, Skipped: 0, Time elapsed: 0.542 sec
Running org.apache.jackrabbit.oak.security.user.UserManagerImplTest
Tests run: 7, Failures: 0, Errors: 0, Skipped: 0, Time elapsed: 0.334 sec
Running org.apache.jackrabbit.oak.query.ast.LikePatternTest
Tests run: 1, Failures: 0, Errors: 0, Skipped: 0, Time elapsed: 0.001 sec
Running org.apache.jackrabbit.oak.query.ast.FullTextTest
Tests run: 6, Failures: 0, Errors: 0, Skipped: 0, Time elapsed: 0.002 sec
Running org.apache.jackrabbit.oak.query.index.TraversingIndexTest
Tests run: 1, Failures: 0, Errors: 0, Skipped: 0, Time elapsed: 0.002 sec
Running org.apache.jackrabbit.oak.query.index.TraversingIndexQueryTest
Tests run: 5, Failures: 0, Errors: 0, Skipped: 0, Time elapsed: 0.366 sec
Running org.apache.jackrabbit.oak.query.index.FilterTest
Tests run: 3, Failures: 0, Errors: 0, Skipped: 0, Time elapsed: 0.154 sec
Running org.apache.jackrabbit.oak.core.TreeImplTest
Tests run: 16, Failures: 0, Errors: 0, Skipped: 0, Time elapsed: 0.834 sec
Running org.apache.jackrabbit.oak.core.LargeMoveTest
Tests run: 1, Failures: 0, Errors: 0, Skipped: 1, Time elapsed: 0 sec
Running org.apache.jackrabbit.oak.core.DefaultConflictHandlerTest
Tests run: 14, Failures: 0, Errors: 0, Skipped: 0, Time elapsed: 0.015 sec
Running org.apache.jackrabbit.oak.core.RootImplTest
Tests run: 8, Failures: 0, Errors: 0, Skipped: 0, Time elapsed: 0.008 sec
Running org.apache.jackrabbit.oak.util.JsopUtilTest
Tests run: 1, Failures: 0, Errors: 0, Skipped: 0, Time elapsed: 0 sec
Running org.apache.jackrabbit.oak.util.ArrayUtilsTest
Tests run: 9, Failures: 0, Errors: 0, Skipped: 0, Time elapsed: 0.002 sec
Running org.apache.jackrabbit.oak.namepath.GlobalNameMapperTest
Tests run: 4, Failures: 0, Errors: 0, Skipped: 0, Time elapsed: 0.001 sec
Running org.apache.jackrabbit.oak.namepath.NamePathMapperImplTest
Tests run: 10, Failures: 0, Errors: 0, Skipped: 0, Time elapsed: 0.003 sec
Running org.apache.jackrabbit.oak.api.UniquePropertyTest
Tests run: 1, Failures: 0, Errors: 0, Skipped: 0, Time elapsed: 0.091 sec
Running org.apache.jackrabbit.oak.api.RootTest
Tests run: 2, Failures: 0, Errors: 0, Skipped: 0, Time elapsed: 0.005 sec
Running org.apache.jackrabbit.oak.api.QueryTest
Tests run: 1, Failures: 0, Errors: 0, Skipped: 0, Time elapsed: 0 sec
Running org.apache.jackrabbit.oak.api.TreeTest
Tests run: 11, Failures: 0, Errors: 0, Skipped: 0, Time elapsed: 0.015 sec
Running org.apache.jackrabbit.oak.api.ContentSessionTest
Tests run: 3, Failures: 0, Errors: 0, Skipped: 0, Time elapsed: 0.001 sec
Running org.apache.jackrabbit.oak.plugins.memory.MemoryNodeBuilderTest
Tests run: 10, Failures: 0, Errors: 0, Skipped: 0, Time elapsed: 0.003 sec
Running org.apache.jackrabbit.oak.plugins.memory.MemoryPropertyBuilderTest
Tests run: 12, Failures: 0, Errors: 0, Skipped: 0, Time elapsed: 0.004 sec
Running org.apache.jackrabbit.oak.plugins.memory.PropertyStatesTest
Tests run: 2, Failures: 2, Errors: 0, Skipped: 0, Time elapsed: 0.003 sec <<< FAILURE!
Running org.apache.jackrabbit.oak.plugins.index.property.PropertyIndexQueryTest
Tests run: 6, Failures: 0, Errors: 0, Skipped: 1, Time elapsed: 0.534 sec
Running org.apache.jackrabbit.oak.plugins.index.property.PropertyIndexTest
Tests run: 2, Failures: 0, Errors: 0, Skipped: 0, Time elapsed: 0.012 sec
Running org.apache.jackrabbit.oak.plugins.index.nodetype.NodeTypeIndexTest
Tests run: 1, Failures: 0, Errors: 0, Skipped: 0, Time elapsed: 0.08 sec
Running org.apache.jackrabbit.oak.plugins.index.p2.Property2IndexTest
Tests run: 2, Failures: 0, Errors: 0, Skipped: 0, Time elapsed: 0.008 sec
Running org.apache.jackrabbit.oak.plugins.index.p2.Property2IndexQueryTest
Tests run: 6, Failures: 0, Errors: 0, Skipped: 0, Time elapsed: 0.603 sec
Running org.apache.jackrabbit.oak.plugins.index.p2.strategy.ContentMirrorStoreStrategyTest
Tests run: 1, Failures: 0, Errors: 0, Skipped: 0, Time elapsed: 0.001 sec
Running org.apache.jackrabbit.oak.plugins.index.old.PropertyIndexTest
Tests run: 1, Failures: 0, Errors: 0, Skipped: 0, Time elapsed: 0.011 sec
Running org.apache.jackrabbit.oak.plugins.index.old.QueryTest
Tests run: 6, Failures: 0, Errors: 0, Skipped: 0, Time elapsed: 0.542 sec
Running org.apache.jackrabbit.oak.plugins.index.old.mk.LargeObjectTest
Tests run: 4, Failures: 0, Errors: 0, Skipped: 0, Time elapsed: 1.394 sec
Running org.apache.jackrabbit.oak.plugins.index.old.mk.simple.SimpleKernelTest
Tests run: 2, Failures: 0, Errors: 0, Skipped: 0, Time elapsed: 0 sec
Running org.apache.jackrabbit.oak.plugins.index.old.mk.simple.NodeVersionTest
Tests run: 1, Failures: 0, Errors: 0, Skipped: 0, Time elapsed: 0 sec
Running org.apache.jackrabbit.oak.plugins.index.old.mk.simple.AscendingClockTest
Tests run: 2, Failures: 0, Errors: 0, Skipped: 0, Time elapsed: 0.02 sec
Running org.apache.jackrabbit.oak.plugins.index.old.mk.ConflictingMoveTest
Tests run: 12, Failures: 0, Errors: 0, Skipped: 0, Time elapsed: 0.578 sec
Running org.apache.jackrabbit.oak.plugins.index.old.mk.json.fast.JsopObjectTest
Tests run: 8, Failures: 0, Errors: 0, Skipped: 0, Time elapsed: 0.006 sec
Running org.apache.jackrabbit.oak.plugins.index.old.mk.hash.HashTest
Tests run: 4, Failures: 0, Errors: 0, Skipped: 0, Time elapsed: 0.188 sec
Running org.apache.jackrabbit.oak.plugins.index.old.mk.mem.MemoryNodeTest
Tests run: 2, Failures: 0, Errors: 0, Skipped: 0, Time elapsed: 0.003 sec
Running org.apache.jackrabbit.oak.plugins.index.old.mk.wrapper.IndexWrapperTest
Tests run: 4, Failures: 0, Errors: 0, Skipped: 0, Time elapsed: 0.013 sec
Running org.apache.jackrabbit.oak.plugins.index.old.mk.wrapper.VirtualRepositoryWrapperTest
Tests run: 8, Failures: 0, Errors: 0, Skipped: 0, Time elapsed: 1.185 sec
Running org.apache.jackrabbit.oak.plugins.index.old.mk.wrapper.SecurityWrapperTest
Tests run: 4, Failures: 0, Errors: 0, Skipped: 0, Time elapsed: 0.007 sec
Running org.apache.jackrabbit.oak.plugins.index.old.mk.large.LargeNodeTest
Tests run: 20, Failures: 0, Errors: 0, Skipped: 0, Time elapsed: 3 sec
Running org.apache.jackrabbit.oak.plugins.index.old.mk.large.DescendantCountTest
Tests run: 4, Failures: 0, Errors: 0, Skipped: 0, Time elapsed: 0.178 sec
Running org.apache.jackrabbit.oak.plugins.index.old.mk.large.CreateRandomNodesTraverseTest
Tests run: 4, Failures: 0, Errors: 0, Skipped: 0, Time elapsed: 0.538 sec
Running org.apache.jackrabbit.oak.plugins.index.old.mk.large.ManyRevisionsTest
Tests run: 8, Failures: 0, Errors: 0, Skipped: 0, Time elapsed: 4.573 sec
Running org.apache.jackrabbit.oak.plugins.index.old.mk.large.CreateNodesTraverseTest
Tests run: 4, Failures: 0, Errors: 0, Skipped: 0, Time elapsed: 0.533 sec
Running org.apache.jackrabbit.oak.plugins.index.old.IndexTest
Tests run: 9, Failures: 0, Errors: 0, Skipped: 0, Time elapsed: 0.011 sec
Running org.apache.jackrabbit.oak.plugins.index.IndexHookManagerTest
Tests run: 4, Failures: 0, Errors: 0, Skipped: 0, Time elapsed: 0.003 sec
Running org.apache.jackrabbit.oak.plugins.index.IndexHookManagerDiffTest
Tests run: 1, Failures: 0, Errors: 0, Skipped: 0, Time elapsed: 0.001 sec
Running org.apache.jackrabbit.oak.plugins.name.ReadWriteNamespaceRegistryTest
Tests run: 1, Failures: 0, Errors: 0, Skipped: 0, Time elapsed: 0.002 sec
Running org.apache.jackrabbit.oak.plugins.name.NameValidatorTest
Tests run: 9, Failures: 0, Errors: 0, Skipped: 0, Time elapsed: 0.001 sec
Running org.apache.jackrabbit.oak.spi.commit.SubtreeValidatorTest
Tests run: 1, Failures: 0, Errors: 0, Skipped: 0, Time elapsed: 0 sec
Running org.apache.jackrabbit.oak.spi.security.authorization.ACETest
Tests run: 8, Failures: 0, Errors: 0, Skipped: 1, Time elapsed: 0.383 sec
Running org.apache.jackrabbit.oak.spi.security.authorization.ImmutableACLTest
Tests run: 12, Failures: 0, Errors: 0, Skipped: 0, Time elapsed: 0.485 sec
Running org.apache.jackrabbit.oak.spi.security.authorization.AllPermissionsTest
Tests run: 3, Failures: 0, Errors: 0, Skipped: 0, Time elapsed: 0.105 sec
Running org.apache.jackrabbit.oak.spi.security.authentication.GuestLoginModuleTest
Tests run: 3, Failures: 0, Errors: 0, Skipped: 0, Time elapsed: 0 sec
Running org.apache.jackrabbit.oak.spi.security.authentication.external.ExternalLoginModuleTest
Tests run: 8, Failures: 0, Errors: 0, Skipped: 0, Time elapsed: 0.681 sec
Running org.apache.jackrabbit.oak.spi.security.authentication.AbstractLoginModuleTest
Tests run: 3, Failures: 0, Errors: 0, Skipped: 0, Time elapsed: 0 sec
Running org.apache.jackrabbit.oak.spi.security.principal.EveryonePrincipalTest
Tests run: 7, Failures: 0, Errors: 0, Skipped: 0, Time elapsed: 0.002 sec
Running org.apache.jackrabbit.oak.spi.security.user.action.PasswordValidationActionTest
Tests run: 4, Failures: 0, Errors: 0, Skipped: 0, Time elapsed: 0.266 sec
Running org.apache.jackrabbit.oak.spi.security.user.util.PasswordUtilityTest
Tests run: 7, Failures: 0, Errors: 0, Skipped: 0, Time elapsed: 0.079 sec
Running org.apache.jackrabbit.oak.kernel.KernelNodeStateTest
Tests run: 6, Failures: 0, Errors: 0, Skipped: 0, Time elapsed: 0.002 sec
Running org.apache.jackrabbit.oak.kernel.LargeKernelNodeStateTest
Tests run: 3, Failures: 0, Errors: 0, Skipped: 0, Time elapsed: 0.236 sec
Running org.apache.jackrabbit.oak.kernel.TypeCodesTest
Tests run: 4, Failures: 0, Errors: 0, Skipped: 0, Time elapsed: 0 sec
Running org.apache.jackrabbit.oak.kernel.KernelNodeBuilderTest
Tests run: 2, Failures: 0, Errors: 0, Skipped: 0, Time elapsed: 0.001 sec
Running org.apache.jackrabbit.oak.kernel.KernelNodeStoreTest
Tests run: 4, Failures: 0, Errors: 0, Skipped: 0, Time elapsed: 0.002 sec
Running org.apache.jackrabbit.oak.kernel.JsopDiffTest
Tests run: 2, Failures: 0, Errors: 0, Skipped: 0, Time elapsed: 0 sec

Results :

Failed tests:   namePropertyFromNameValue(org.apache.jackrabbit.oak.plugins.memory.PropertyStatesTest): expected:<name=oak-prefix:value> but was:<name=jcr-prefix:value>
  pathPropertyFromPathValue(org.apache.jackrabbit.oak.plugins.memory.PropertyStatesTest): expected:<path=oak-prefix:a/oak-prefix:b> but was:<path=jcr-prefix:a/jcr-prefix:b>

Tests run: 511, Failures: 2, Errors: 0, Skipped: 5

[INFO] ------------------------------------------------------------------------
[INFO] BUILD FAILURE
[INFO] ------------------------------------------------------------------------
[INFO] Total time: 30.903 s
[INFO] Finished at: 2016-07-29T16:42:33-07:00
[INFO] Final Memory: 25M/964M
[INFO] ------------------------------------------------------------------------
[ERROR] Failed to execute goal org.apache.maven.plugins:maven-surefire-plugin:2.9:test (default-test) on project oak-core: There are test failures.
[ERROR] 
[ERROR] Please refer to /home/ylyu/parallel/oak/oak9/dataset/oak/OAK-554_3f51fb09853204ff3829135195071b801f4bddba/oak-core/target/surefire-reports for the individual test results.
[ERROR] -> [Help 1]
[ERROR] 
[ERROR] To see the full stack trace of the errors, re-run Maven with the -e switch.
[ERROR] Re-run Maven using the -X switch to enable full debug logging.
[ERROR] 
[ERROR] For more information about the errors and possible solutions, please read the following articles:
[ERROR] [Help 1] http://cwiki.apache.org/confluence/display/MAVEN/MojoFailureException
