[INFO] Scanning for projects...
[INFO]                                                                         
[INFO] ------------------------------------------------------------------------
[INFO] Building Wicket Extensions 6.0-SNAPSHOT
[INFO] ------------------------------------------------------------------------
[INFO] 
[INFO] --- maven-remote-resources-plugin:1.2.1:process (default) @ wicket-extensions ---
[INFO] 
[INFO] --- maven-resources-plugin:2.5:resources (default-resources) @ wicket-extensions ---
[debug] execute contextualize
[INFO] Using 'UTF-8' encoding to copy filtered resources.
[INFO] Copying 115 resources
[INFO] skip non existing resourceDirectory /home/ylyu/dataset/wicket3/dataset/wicket/WICKET-4259_1f1285363bc9d96fecab808ca86dfc8dbd2c5889/wicket-extensions/src/main/resources
[INFO] Copying 3 resources
[INFO] 
[INFO] --- maven-compiler-plugin:2.3.2:compile (default-compile) @ wicket-extensions ---
[INFO] Nothing to compile - all classes are up to date
[INFO] 
[INFO] --- maven-bundle-plugin:2.2.0:manifest (bundle-manifest) @ wicket-extensions ---
[WARNING] Warning in manifest for org.apache.wicket:wicket-extensions:jar:6.0-SNAPSHOT : Superfluous export-package instructions: [org.apache.wicket.extensions.markup.html.repeater, org.apache.wicket.extensions.markup.html.image, org.apache.wicket.extensions.markup, org.apache, org.apache.wicket.extensions.ajax.markup, org.apache.wicket.extensions.markup.html, org.apache.wicket.extensions.markup.html.repeater.data, org.apache.wicket, org.apache.wicket.extensions.captcha, org.apache.wicket.extensions.util, org.apache.wicket.extensions.ajax, org, org.apache.wicket.extensions.validation, org.apache.wicket.extensions.ajax.markup.html.repeater.data, org.apache.wicket.extensions.ajax.markup.html.form, org.apache.wicket.extensions.ajax.markup.html.repeater]
[INFO] 
[INFO] --- maven-resources-plugin:2.5:testResources (default-testResources) @ wicket-extensions ---
[debug] execute contextualize
[INFO] Using 'UTF-8' encoding to copy filtered resources.
[INFO] Copying 5 resources
[INFO] Copying 3 resources
[INFO] 
[INFO] --- maven-compiler-plugin:2.3.2:testCompile (default-testCompile) @ wicket-extensions ---
[INFO] Nothing to compile - all classes are up to date
[INFO] 
[INFO] --- maven-surefire-plugin:2.10:test (default-test) @ wicket-extensions ---
[INFO] Surefire report directory: /home/ylyu/dataset/wicket3/dataset/wicket/WICKET-4259_1f1285363bc9d96fecab808ca86dfc8dbd2c5889/wicket-extensions/target/surefire-reports

-------------------------------------------------------
 T E S T S
-------------------------------------------------------
Running org.apache.wicket.extensions.markup.html.upload.UploadFormWithProgressBarTest
Tests run: 1, Failures: 0, Errors: 0, Skipped: 0, Time elapsed: 2.211 sec
Running org.apache.wicket.extensions.markup.html.tree.MoveChildToParentNodeMarkedForRecreationTest
Tests run: 1, Failures: 0, Errors: 0, Skipped: 0, Time elapsed: 0.267 sec
Running org.apache.wicket.extensions.markup.html.image.resource.ThumbnailImageResourceTest
Tests run: 1, Failures: 0, Errors: 0, Skipped: 0, Time elapsed: 0.354 sec
Running org.apache.wicket.extensions.markup.html.AjaxLazyLoadPanelTesterTest
Tests run: 1, Failures: 0, Errors: 0, Skipped: 0, Time elapsed: 0.069 sec
Running org.apache.wicket.extensions.markup.html.form.palette.PaletteTest
Tests run: 3, Failures: 0, Errors: 0, Skipped: 0, Time elapsed: 0.961 sec
Running org.apache.wicket.extensions.markup.html.repeater.data.table.DataTableTest
Tests run: 3, Failures: 0, Errors: 0, Skipped: 0, Time elapsed: 2.399 sec
Running org.apache.wicket.extensions.markup.html.basic.DefaultLinkParserTest
Tests run: 3, Failures: 0, Errors: 0, Skipped: 0, Time elapsed: 0.003 sec
Running org.apache.wicket.extensions.wizard.WizardModelTest
Tests run: 1, Failures: 0, Errors: 0, Skipped: 0, Time elapsed: 0.002 sec
Running org.apache.wicket.extensions.validation.validator.RfcCompliantEmailValidatorTest
Tests run: 2, Failures: 0, Errors: 0, Skipped: 0, Time elapsed: 0.005 sec
Running org.apache.wicket.extensions.ajax.markup.html.AjaxEditableTest
Tests run: 4, Failures: 1, Errors: 0, Skipped: 0, Time elapsed: 0.043 sec <<< FAILURE!
Running org.apache.wicket.util.markup.xhtml.WellFormedXmlTest
Tests run: 1, Failures: 0, Errors: 0, Skipped: 0, Time elapsed: 0.088 sec
Running org.apache.wicket.util.license.ApacheLicenceHeaderTest
Tests run: 1, Failures: 0, Errors: 0, Skipped: 0, Time elapsed: 0.079 sec

Results :

Failed tests:   testModelObjectClassInference(org.apache.wicket.extensions.ajax.markup.html.AjaxEditableTest)

Tests run: 22, Failures: 1, Errors: 0, Skipped: 0

[INFO] ------------------------------------------------------------------------
[INFO] BUILD FAILURE
[INFO] ------------------------------------------------------------------------
[INFO] Total time: 10.150 s
[INFO] Finished at: 2016-07-31T03:51:02-07:00
[INFO] Final Memory: 17M/606M
[INFO] ------------------------------------------------------------------------
[ERROR] Failed to execute goal org.apache.maven.plugins:maven-surefire-plugin:2.10:test (default-test) on project wicket-extensions: There are test failures.
[ERROR] 
[ERROR] Please refer to /home/ylyu/dataset/wicket3/dataset/wicket/WICKET-4259_1f1285363bc9d96fecab808ca86dfc8dbd2c5889/wicket-extensions/target/surefire-reports for the individual test results.
[ERROR] -> [Help 1]
[ERROR] 
[ERROR] To see the full stack trace of the errors, re-run Maven with the -e switch.
[ERROR] Re-run Maven using the -X switch to enable full debug logging.
[ERROR] 
[ERROR] For more information about the errors and possible solutions, please read the following articles:
[ERROR] [Help 1] http://cwiki.apache.org/confluence/display/MAVEN/MojoFailureException
