[INFO] Scanning for projects...
[INFO]                                                                         
[INFO] ------------------------------------------------------------------------
[INFO] Building flink-runtime 0.10-SNAPSHOT
[INFO] ------------------------------------------------------------------------
[INFO] 
[INFO] --- maven-checkstyle-plugin:2.12.1:check (validate) @ flink-runtime ---
[INFO] 
[INFO] 
[INFO] --- maven-enforcer-plugin:1.3.1:enforce (enforce-maven) @ flink-runtime ---
[INFO] 
[INFO] --- git-commit-id-plugin:2.1.5:revision (default) @ flink-runtime ---
[info] 
[info] 
[INFO] 
[INFO] --- build-helper-maven-plugin:1.7:add-source (add-source) @ flink-runtime ---
[INFO] Source directory: /space/parallel/flink/flink9/dataset/flink/FLINK-2460_a17d4e823fd08e8e49fde169dc3ddd264964d85a/flink-runtime/src/main/scala added.
[INFO] 
[INFO] --- maven-remote-resources-plugin:1.5:process (default) @ flink-runtime ---
[INFO] 
[INFO] --- maven-resources-plugin:2.6:resources (default-resources) @ flink-runtime ---
[INFO] Using 'UTF-8' encoding to copy filtered resources.
[INFO] Copying 60 resources
[INFO] Copying 3 resources
[INFO] 
[INFO] --- scala-maven-plugin:3.1.4:compile (scala-compile-first) @ flink-runtime ---
[INFO] Nothing to compile - all classes are up to date
[INFO] 
[INFO] --- maven-compiler-plugin:3.1:compile (default-compile) @ flink-runtime ---
[INFO] Changes detected - recompiling the module!
[INFO] Compiling 464 source files to /space/parallel/flink/flink9/dataset/flink/FLINK-2460_a17d4e823fd08e8e49fde169dc3ddd264964d85a/flink-runtime/target/classes
[WARNING] /space/parallel/flink/flink9/dataset/flink/FLINK-2460_a17d4e823fd08e8e49fde169dc3ddd264964d85a/flink-runtime/src/main/java/org/apache/flink/runtime/util/SignalHandler.java:[21,16] sun.misc.Signal is internal proprietary API and may be removed in a future release
[WARNING] /space/parallel/flink/flink9/dataset/flink/FLINK-2460_a17d4e823fd08e8e49fde169dc3ddd264964d85a/flink-runtime/src/main/java/org/apache/flink/runtime/util/SignalHandler.java:[32,57] sun.misc.SignalHandler is internal proprietary API and may be removed in a future release
[WARNING] /space/parallel/flink/flink9/dataset/flink/FLINK-2460_a17d4e823fd08e8e49fde169dc3ddd264964d85a/flink-runtime/src/main/java/org/apache/flink/runtime/operators/chaining/ChainedCollectorMapDriver.java:[22,45] org.apache.flink.api.common.functions.GenericCollectorMap in org.apache.flink.api.common.functions has been deprecated
[WARNING] /space/parallel/flink/flink9/dataset/flink/FLINK-2460_a17d4e823fd08e8e49fde169dc3ddd264964d85a/flink-runtime/src/main/java/org/apache/flink/runtime/operators/CollectorMapDriver.java:[23,45] org.apache.flink.api.common.functions.GenericCollectorMap in org.apache.flink.api.common.functions has been deprecated
[WARNING] /space/parallel/flink/flink9/dataset/flink/FLINK-2460_a17d4e823fd08e8e49fde169dc3ddd264964d85a/flink-runtime/src/main/java/org/apache/flink/runtime/operators/CollectorMapDriver.java:[43,63] org.apache.flink.api.common.functions.GenericCollectorMap in org.apache.flink.api.common.functions has been deprecated
[WARNING] /space/parallel/flink/flink9/dataset/flink/FLINK-2460_a17d4e823fd08e8e49fde169dc3ddd264964d85a/flink-runtime/src/main/java/org/apache/flink/runtime/util/DataInputDeserializer.java:[316,38] sun.misc.Unsafe is internal proprietary API and may be removed in a future release
[WARNING] /space/parallel/flink/flink9/dataset/flink/FLINK-2460_a17d4e823fd08e8e49fde169dc3ddd264964d85a/flink-runtime/src/main/java/org/apache/flink/runtime/util/SignalHandler.java:[34,39] sun.misc.SignalHandler is internal proprietary API and may be removed in a future release
[WARNING] /space/parallel/flink/flink9/dataset/flink/FLINK-2460_a17d4e823fd08e8e49fde169dc3ddd264964d85a/flink-runtime/src/main/java/org/apache/flink/runtime/util/SignalHandler.java:[38,57] sun.misc.Signal is internal proprietary API and may be removed in a future release
[WARNING] /space/parallel/flink/flink9/dataset/flink/FLINK-2460_a17d4e823fd08e8e49fde169dc3ddd264964d85a/flink-runtime/src/main/java/org/apache/flink/runtime/util/SignalHandler.java:[38,39] sun.misc.Signal is internal proprietary API and may be removed in a future release
[WARNING] /space/parallel/flink/flink9/dataset/flink/FLINK-2460_a17d4e823fd08e8e49fde169dc3ddd264964d85a/flink-runtime/src/main/java/org/apache/flink/runtime/util/SignalHandler.java:[47,36] sun.misc.Signal is internal proprietary API and may be removed in a future release
[WARNING] /space/parallel/flink/flink9/dataset/flink/FLINK-2460_a17d4e823fd08e8e49fde169dc3ddd264964d85a/flink-runtime/src/main/java/org/apache/flink/runtime/memorymanager/UnsafeMemorySegment.java:[385,38] sun.misc.Unsafe is internal proprietary API and may be removed in a future release
[WARNING] /space/parallel/flink/flink9/dataset/flink/FLINK-2460_a17d4e823fd08e8e49fde169dc3ddd264964d85a/flink-runtime/src/main/java/org/apache/flink/runtime/util/DataOutputSerializer.java:[303,38] sun.misc.Unsafe is internal proprietary API and may be removed in a future release
[WARNING] /space/parallel/flink/flink9/dataset/flink/FLINK-2460_a17d4e823fd08e8e49fde169dc3ddd264964d85a/flink-runtime/src/main/java/org/apache/flink/runtime/util/DependencyVisitor.java:[191,29] visitMethodInsn(int,java.lang.String,java.lang.String,java.lang.String) in org.objectweb.asm.MethodVisitor has been deprecated
[WARNING] /space/parallel/flink/flink9/dataset/flink/FLINK-2460_a17d4e823fd08e8e49fde169dc3ddd264964d85a/flink-runtime/src/main/java/org/apache/flink/runtime/jobmanager/web/JobManagerInfoServlet.java:[127,81] unchecked conversion
  required: scala.Tuple3<java.lang.Integer,java.lang.Integer,java.lang.Integer>
  found:    scala.Tuple3
[INFO] 
[INFO] --- build-helper-maven-plugin:1.7:add-test-source (add-test-source) @ flink-runtime ---
[INFO] Test Source directory: /space/parallel/flink/flink9/dataset/flink/FLINK-2460_a17d4e823fd08e8e49fde169dc3ddd264964d85a/flink-runtime/src/test/scala added.
[INFO] 
[INFO] --- maven-resources-plugin:2.6:testResources (default-testResources) @ flink-runtime ---
[INFO] Using 'UTF-8' encoding to copy filtered resources.
[INFO] Copying 2 resources
[INFO] Copying 3 resources
[INFO] 
[INFO] --- scala-maven-plugin:3.1.4:testCompile (scala-test-compile) @ flink-runtime ---
[INFO] Nothing to compile - all classes are up to date
[INFO] 
[INFO] --- maven-compiler-plugin:3.1:testCompile (default-testCompile) @ flink-runtime ---
[INFO] Nothing to compile - all classes are up to date
[INFO] 
[INFO] --- maven-surefire-plugin:2.17:test (default-test) @ flink-runtime ---
[INFO] Surefire report directory: /space/parallel/flink/flink9/dataset/flink/FLINK-2460_a17d4e823fd08e8e49fde169dc3ddd264964d85a/flink-runtime/target/surefire-reports

-------------------------------------------------------
 T E S T S
-------------------------------------------------------

-------------------------------------------------------
 T E S T S
-------------------------------------------------------
Running org.apache.flink.runtime.operators.hash.CompactingHashTableTest
Running org.apache.flink.runtime.operators.CoGroupTaskTest
Running org.apache.flink.runtime.operators.MapTaskTest
Running org.apache.flink.runtime.operators.CombinerOversizedRecordsTest
Running org.apache.flink.runtime.operators.hash.MemoryHashTableTest
Running org.apache.flink.runtime.operators.drivers.AllReduceDriverTest
Running org.apache.flink.runtime.operators.drivers.ReduceDriverTest
Running org.apache.flink.runtime.operators.drivers.AllGroupReduceDriverTest
Running org.apache.flink.runtime.operators.chaining.ChainTaskTest
Running org.apache.flink.runtime.operators.drivers.ReduceCombineDriverTest
Running org.apache.flink.runtime.operators.drivers.GroupReduceDriverTest
Running org.apache.flink.runtime.operators.resettable.SpillingResettableIteratorTest
Running org.apache.flink.runtime.operators.resettable.BlockResettableMutableObjectIteratorTest
Running org.apache.flink.runtime.operators.resettable.SpillingResettableMutableObjectIteratorTest
Running org.apache.flink.runtime.operators.resettable.ReusingBlockResettableIteratorTest
Running org.apache.flink.runtime.operators.resettable.NonReusingBlockResettableIteratorTest
Running org.apache.flink.runtime.operators.DataSinkTaskTest
Running org.apache.flink.runtime.operators.CombineTaskTest
Running org.apache.flink.runtime.operators.CachedMatchTaskTest
Running org.apache.flink.runtime.operators.MatchTaskTest
Running org.apache.flink.runtime.operators.sort.FixedLengthRecordSorterTest
Running org.apache.flink.runtime.operators.sort.MergeIteratorTest
Running org.apache.flink.runtime.operators.sort.LargeRecordHandlerTest
Tests run: 3, Failures: 0, Errors: 0, Skipped: 0, Time elapsed: 0.164 sec - in org.apache.flink.runtime.operators.sort.MergeIteratorTest
Running org.apache.flink.runtime.operators.sort.NormalizedKeySorterTest
Running org.apache.flink.runtime.operators.util.BloomFilterTest
Tests run: 3, Failures: 0, Errors: 0, Skipped: 0, Time elapsed: 1.635 sec - in org.apache.flink.runtime.operators.drivers.AllReduceDriverTest
Running org.apache.flink.runtime.operators.util.RecordOutputEmitterTest
Tests run: 3, Failures: 0, Errors: 0, Skipped: 0, Time elapsed: 1.661 sec - in org.apache.flink.runtime.operators.drivers.ReduceDriverTest
Running org.apache.flink.runtime.operators.util.OutputEmitterTest
Tests run: 3, Failures: 0, Errors: 0, Skipped: 0, Time elapsed: 2.408 sec - in org.apache.flink.runtime.operators.drivers.AllGroupReduceDriverTest
Running org.apache.flink.runtime.operators.DataSourceTaskTest
Tests run: 9, Failures: 0, Errors: 0, Skipped: 0, Time elapsed: 1 sec - in org.apache.flink.runtime.operators.util.BloomFilterTest
Running org.apache.flink.runtime.operators.ReduceTaskTest
Tests run: 3, Failures: 0, Errors: 0, Skipped: 0, Time elapsed: 2.558 sec - in org.apache.flink.runtime.operators.drivers.ReduceCombineDriverTest
Running org.apache.flink.runtime.operators.CrossTaskTest
Tests run: 5, Failures: 0, Errors: 0, Skipped: 0, Time elapsed: 2.867 sec - in org.apache.flink.runtime.operators.drivers.GroupReduceDriverTest
Running org.apache.flink.runtime.checkpoint.CheckpointCoordinatorTest
Tests run: 7, Failures: 0, Errors: 0, Skipped: 0, Time elapsed: 1.347 sec - in org.apache.flink.runtime.operators.util.OutputEmitterTest
Running org.apache.flink.runtime.checkpoint.CheckpointStateRestoreTest
Tests run: 6, Failures: 0, Errors: 0, Skipped: 0, Time elapsed: 3.907 sec - in org.apache.flink.runtime.operators.MapTaskTest
Running org.apache.flink.runtime.checkpoint.CoordinatorShutdownTest
Tests run: 3, Failures: 0, Errors: 0, Skipped: 0, Time elapsed: 3.942 sec - in org.apache.flink.runtime.operators.resettable.BlockResettableMutableObjectIteratorTest
Running org.apache.flink.runtime.fs.s3.S3FileSystemTest
Tests run: 5, Failures: 0, Errors: 0, Skipped: 0, Time elapsed: 0.035 sec - in org.apache.flink.runtime.fs.s3.S3FileSystemTest
Running org.apache.flink.runtime.memory.MemoryManagerTest
Tests run: 3, Failures: 0, Errors: 0, Skipped: 0, Time elapsed: 3.9 sec - in org.apache.flink.runtime.operators.resettable.ReusingBlockResettableIteratorTest
Running org.apache.flink.runtime.memory.MemoryManagerLazyAllocationTest
Tests run: 3, Failures: 0, Errors: 0, Skipped: 0, Time elapsed: 4.299 sec - in org.apache.flink.runtime.operators.resettable.NonReusingBlockResettableIteratorTest
Running org.apache.flink.runtime.memory.MemorySegmentTest
Tests run: 4, Failures: 0, Errors: 0, Skipped: 0, Time elapsed: 4.559 sec - in org.apache.flink.runtime.operators.resettable.SpillingResettableIteratorTest
Running org.apache.flink.runtime.iterative.event.EventWithAggregatorsTest
Tests run: 2, Failures: 0, Errors: 0, Skipped: 0, Time elapsed: 0.117 sec - in org.apache.flink.runtime.iterative.event.EventWithAggregatorsTest
Running org.apache.flink.runtime.iterative.concurrent.SuperstepBarrierTest
Tests run: 3, Failures: 0, Errors: 0, Skipped: 0, Time elapsed: 1.796 sec - in org.apache.flink.runtime.checkpoint.CheckpointStateRestoreTest
Running org.apache.flink.runtime.iterative.concurrent.BlockingBackChannelTest
Tests run: 6, Failures: 0, Errors: 0, Skipped: 0, Time elapsed: 4.438 sec - in org.apache.flink.runtime.operators.CombineTaskTest
Running org.apache.flink.runtime.iterative.concurrent.BrokerTest
Tests run: 4, Failures: 0, Errors: 0, Skipped: 0, Time elapsed: 0.91 sec - in org.apache.flink.runtime.memory.MemoryManagerLazyAllocationTest
Running org.apache.flink.runtime.iterative.concurrent.SuperstepKickoffLatchTest
Tests run: 4, Failures: 0, Errors: 0, Skipped: 0, Time elapsed: 1.021 sec - in org.apache.flink.runtime.memory.MemoryManagerTest
Running org.apache.flink.runtime.net.NetUtilsTest
Tests run: 1, Failures: 0, Errors: 0, Skipped: 0, Time elapsed: 0.628 sec - in org.apache.flink.runtime.iterative.concurrent.BlockingBackChannelTest
Running org.apache.flink.runtime.blob.BlobCacheRetriesTest
Tests run: 5, Failures: 0, Errors: 0, Skipped: 0, Time elapsed: 0.474 sec - in org.apache.flink.runtime.iterative.concurrent.SuperstepKickoffLatchTest
Running org.apache.flink.runtime.blob.BlobServerGetTest
Tests run: 2, Failures: 0, Errors: 0, Skipped: 0, Time elapsed: 0.384 sec - in org.apache.flink.runtime.blob.BlobCacheRetriesTest
Running org.apache.flink.runtime.blob.BlobServerPutTest
Tests run: 8, Failures: 0, Errors: 0, Skipped: 0, Time elapsed: 3.072 sec - in org.apache.flink.runtime.checkpoint.CheckpointCoordinatorTest
Running org.apache.flink.runtime.blob.BlobKeyTest
Tests run: 4, Failures: 0, Errors: 0, Skipped: 0, Time elapsed: 0.128 sec - in org.apache.flink.runtime.blob.BlobKeyTest
Running org.apache.flink.runtime.blob.BlobUtilsTest
Tests run: 2, Failures: 0, Errors: 0, Skipped: 0, Time elapsed: 1.379 sec - in org.apache.flink.runtime.iterative.concurrent.SuperstepBarrierTest
Running org.apache.flink.runtime.blob.BlobClientTest
Tests run: 2, Failures: 0, Errors: 0, Skipped: 0, Time elapsed: 6.048 sec - in org.apache.flink.runtime.operators.resettable.SpillingResettableMutableObjectIteratorTest
Running org.apache.flink.runtime.blob.BlobServerDeleteTest
Tests run: 2, Failures: 0, Errors: 0, Skipped: 0, Time elapsed: 0.092 sec - in org.apache.flink.runtime.blob.BlobUtilsTest
Running org.apache.flink.runtime.blob.BlobCacheSuccessTest
Tests run: 1, Failures: 0, Errors: 0, Skipped: 0, Time elapsed: 0.209 sec - in org.apache.flink.runtime.blob.BlobCacheSuccessTest
Running org.apache.flink.runtime.filecache.FileCacheDeleteValidationTest
Tests run: 2, Failures: 0, Errors: 0, Skipped: 0, Time elapsed: 6.691 sec - in org.apache.flink.runtime.operators.CombinerOversizedRecordsTest
Running org.apache.flink.runtime.jobgraph.JobGraphTest
Tests run: 6, Failures: 0, Errors: 0, Skipped: 0, Time elapsed: 0.191 sec - in org.apache.flink.runtime.jobgraph.JobGraphTest
Running org.apache.flink.runtime.jobgraph.JobTaskVertexTest
Tests run: 4, Failures: 0, Errors: 0, Skipped: 0, Time elapsed: 0.09 sec - in org.apache.flink.runtime.jobgraph.JobTaskVertexTest
Running org.apache.flink.runtime.jobgraph.JobIdTest
Tests run: 1, Failures: 0, Errors: 0, Skipped: 0, Time elapsed: 0.002 sec - in org.apache.flink.runtime.jobgraph.JobIdTest
Running org.apache.flink.runtime.event.task.TaskEventTest
Tests run: 3, Failures: 0, Errors: 0, Skipped: 0, Time elapsed: 0.014 sec - in org.apache.flink.runtime.event.task.TaskEventTest
Running org.apache.flink.runtime.messages.CheckpointMessagesTest
Tests run: 9, Failures: 0, Errors: 0, Skipped: 0, Time elapsed: 2.408 sec - in org.apache.flink.runtime.memory.MemorySegmentTest
Tests run: 2, Failures: 0, Errors: 0, Skipped: 0, Time elapsed: 0.049 sec - in org.apache.flink.runtime.messages.CheckpointMessagesTest
Running org.apache.flink.runtime.executiongraph.TerminalStateDeadlockTest
Running org.apache.flink.runtime.executiongraph.ExecutionStateProgressTest
Tests run: 2, Failures: 0, Errors: 0, Skipped: 0, Time elapsed: 1.504 sec - in org.apache.flink.runtime.blob.BlobServerGetTest
Running org.apache.flink.runtime.executiongraph.ExecutionVertexSchedulingTest
Tests run: 1, Failures: 0, Errors: 0, Skipped: 0, Time elapsed: 2.162 sec - in org.apache.flink.runtime.net.NetUtilsTest
Running org.apache.flink.runtime.executiongraph.ExecutionGraphDeploymentTest
Tests run: 1, Failures: 0, Errors: 0, Skipped: 0, Time elapsed: 2.718 sec - in org.apache.flink.runtime.iterative.concurrent.BrokerTest
Running org.apache.flink.runtime.executiongraph.VertexSlotSharingTest
Tests run: 8, Failures: 0, Errors: 0, Skipped: 0, Time elapsed: 6.473 sec - in org.apache.flink.runtime.operators.util.RecordOutputEmitterTest
Running org.apache.flink.runtime.executiongraph.PointwisePatternTest
Tests run: 5, Failures: 0, Errors: 0, Skipped: 0, Time elapsed: 1.988 sec - in org.apache.flink.runtime.blob.BlobServerDeleteTest
Running org.apache.flink.runtime.executiongraph.ExecutionVertexCancelTest
Tests run: 1, Failures: 0, Errors: 0, Skipped: 0, Time elapsed: 1.765 sec - in org.apache.flink.runtime.executiongraph.VertexSlotSharingTest
Running org.apache.flink.runtime.executiongraph.AllVerticesIteratorTest
Tests run: 1, Failures: 0, Errors: 0, Skipped: 0, Time elapsed: 3 sec - in org.apache.flink.runtime.executiongraph.ExecutionStateProgressTest
Running org.apache.flink.runtime.executiongraph.ExecutionGraphConstructionTest
Tests run: 8, Failures: 0, Errors: 0, Skipped: 0, Time elapsed: 0.178 sec - in org.apache.flink.runtime.executiongraph.ExecutionGraphConstructionTest
Running org.apache.flink.runtime.executiongraph.ExecutionVertexDeploymentTest
Tests run: 1, Failures: 0, Errors: 0, Skipped: 0, Time elapsed: 0.915 sec - in org.apache.flink.runtime.executiongraph.AllVerticesIteratorTest
Running org.apache.flink.runtime.executiongraph.VertexLocationConstraintTest
Tests run: 18, Failures: 0, Errors: 0, Skipped: 0, Time elapsed: 10.604 sec - in org.apache.flink.runtime.operators.CoGroupTaskTest
Running org.apache.flink.runtime.executiongraph.LocalInputSplitsTest
Tests run: 7, Failures: 0, Errors: 0, Skipped: 0, Time elapsed: 0.344 sec - in org.apache.flink.runtime.executiongraph.ExecutionVertexDeploymentTest
Running org.apache.flink.runtime.jobmanager.SlotCountExceedingParallelismTest
Tests run: 7, Failures: 0, Errors: 0, Skipped: 0, Time elapsed: 2.881 sec - in org.apache.flink.runtime.executiongraph.PointwisePatternTest
Running org.apache.flink.runtime.jobmanager.JobManagerProcessReapingTest
Tests run: 6, Failures: 0, Errors: 0, Skipped: 0, Time elapsed: 1.002 sec - in org.apache.flink.runtime.executiongraph.VertexLocationConstraintTest
Running org.apache.flink.runtime.jobmanager.JobManagerStartupTest
Tests run: 3, Failures: 0, Errors: 0, Skipped: 0, Time elapsed: 4.782 sec - in org.apache.flink.runtime.executiongraph.ExecutionVertexSchedulingTest
Running org.apache.flink.runtime.jobmanager.JobManagerConnectionTest
Tests run: 12, Failures: 0, Errors: 0, Skipped: 0, Time elapsed: 9.582 sec - in org.apache.flink.runtime.operators.ReduceTaskTest
Running org.apache.flink.runtime.jobmanager.JobManagerTest
Tests run: 1, Failures: 0, Errors: 0, Skipped: 0, Time elapsed: 5.751 sec - in org.apache.flink.runtime.filecache.FileCacheDeleteValidationTest
Running org.apache.flink.runtime.jobmanager.scheduler.SchedulerSlotSharingTest
Tests run: 11, Failures: 0, Errors: 0, Skipped: 0, Time elapsed: 4.436 sec - in org.apache.flink.runtime.executiongraph.ExecutionVertexCancelTest
Running org.apache.flink.runtime.jobmanager.scheduler.SlotAllocationFutureTest
Tests run: 3, Failures: 0, Errors: 0, Skipped: 0, Time elapsed: 0.048 sec - in org.apache.flink.runtime.jobmanager.scheduler.SlotAllocationFutureTest
Running org.apache.flink.runtime.jobmanager.scheduler.ScheduleOrUpdateConsumersTest
Tests run: 32, Failures: 0, Errors: 0, Skipped: 0, Time elapsed: 10.115 sec - in org.apache.flink.runtime.operators.CrossTaskTest
Running org.apache.flink.runtime.jobmanager.scheduler.SetQueueTest
Tests run: 2, Failures: 0, Errors: 0, Skipped: 0, Time elapsed: 0 sec - in org.apache.flink.runtime.jobmanager.scheduler.SetQueueTest
Running org.apache.flink.runtime.jobmanager.scheduler.ScheduleWithCoLocationHintTest
Tests run: 7, Failures: 0, Errors: 0, Skipped: 0, Time elapsed: 2.568 sec - in org.apache.flink.runtime.executiongraph.LocalInputSplitsTest
Running org.apache.flink.runtime.jobmanager.scheduler.CoLocationConstraintTest
Tests run: 2, Failures: 0, Errors: 0, Skipped: 0, Time elapsed: 0.117 sec - in org.apache.flink.runtime.jobmanager.scheduler.CoLocationConstraintTest
Running org.apache.flink.runtime.jobmanager.scheduler.SchedulerIsolatedTasksTest
Tests run: 22, Failures: 0, Errors: 0, Skipped: 0, Time elapsed: 12.978 sec - in org.apache.flink.runtime.operators.CachedMatchTaskTest
Running org.apache.flink.runtime.jobmanager.scheduler.LifoSetQueueTest
Tests run: 2, Failures: 0, Errors: 0, Skipped: 0, Time elapsed: 0.095 sec - in org.apache.flink.runtime.jobmanager.scheduler.LifoSetQueueTest
Running org.apache.flink.runtime.jobmanager.JobSubmitTest
Tests run: 2, Failures: 0, Errors: 0, Skipped: 0, Time elapsed: 10.163 sec - in org.apache.flink.runtime.checkpoint.CoordinatorShutdownTest
Running org.apache.flink.runtime.taskmanager.TaskExecutionStateTest
Tests run: 3, Failures: 0, Errors: 0, Skipped: 0, Time elapsed: 0.262 sec - in org.apache.flink.runtime.taskmanager.TaskExecutionStateTest
Running org.apache.flink.runtime.taskmanager.TaskManagerTest
Tests run: 5, Failures: 0, Errors: 0, Skipped: 0, Time elapsed: 9.066 sec - in org.apache.flink.runtime.blob.BlobServerPutTest
Running org.apache.flink.runtime.taskmanager.TaskAsyncCallTest
Tests run: 4, Failures: 0, Errors: 0, Skipped: 0, Time elapsed: 9.523 sec - in org.apache.flink.runtime.blob.BlobClientTest
Running org.apache.flink.runtime.taskmanager.TaskInputSplitProviderTest
Tests run: 12, Failures: 0, Errors: 0, Skipped: 0, Time elapsed: 4.138 sec - in org.apache.flink.runtime.jobmanager.scheduler.SchedulerSlotSharingTest
Running org.apache.flink.runtime.taskmanager.TaskManagerRegistrationTest
Tests run: 9, Failures: 0, Errors: 0, Skipped: 0, Time elapsed: 4.777 sec - in org.apache.flink.runtime.jobmanager.scheduler.ScheduleWithCoLocationHintTest
Running org.apache.flink.runtime.taskmanager.TestManagerStartupTest
Tests run: 2, Failures: 0, Errors: 0, Skipped: 0, Time elapsed: 3.512 sec - in org.apache.flink.runtime.taskmanager.TaskAsyncCallTest
Running org.apache.flink.runtime.taskmanager.TaskCancelTest
Tests run: 2, Failures: 0, Errors: 0, Skipped: 0, Time elapsed: 6.762 sec - in org.apache.flink.runtime.jobmanager.JobManagerConnectionTest
Running org.apache.flink.runtime.taskmanager.TaskManagerComponentsStartupShutdownTest
Tests run: 2, Failures: 0, Errors: 0, Skipped: 0, Time elapsed: 7.838 sec - in org.apache.flink.runtime.jobmanager.JobManagerStartupTest
Running org.apache.flink.runtime.taskmanager.TaskManagerConfigurationTest
Tests run: 3, Failures: 0, Errors: 0, Skipped: 0, Time elapsed: 0.093 sec - in org.apache.flink.runtime.taskmanager.TaskManagerConfigurationTest
Running org.apache.flink.runtime.taskmanager.TaskTest
Tests run: 5, Failures: 0, Errors: 0, Skipped: 0, Time elapsed: 6.536 sec - in org.apache.flink.runtime.jobmanager.scheduler.SchedulerIsolatedTasksTest
Running org.apache.flink.runtime.taskmanager.TaskManagerProcessReapingTest
Tests run: 2, Failures: 0, Errors: 0, Skipped: 0, Time elapsed: 6.077 sec - in org.apache.flink.runtime.jobmanager.JobSubmitTest
Running org.apache.flink.runtime.akka.FlinkUntypedActorTest
Tests run: 2, Failures: 0, Errors: 0, Skipped: 0, Time elapsed: 0.465 sec - in org.apache.flink.runtime.akka.FlinkUntypedActorTest
Running org.apache.flink.runtime.akka.FlinkActorTest
Tests run: 1, Failures: 0, Errors: 0, Skipped: 0, Time elapsed: 1.713 sec - in org.apache.flink.runtime.taskmanager.TaskManagerComponentsStartupShutdownTest
Running org.apache.flink.runtime.client.SerializedJobExecutionResultTest
Tests run: 2, Failures: 0, Errors: 0, Skipped: 0, Time elapsed: 0.009 sec - in org.apache.flink.runtime.client.SerializedJobExecutionResultTest
Running org.apache.flink.runtime.deployment.TaskDeploymentDescriptorTest
Tests run: 1, Failures: 0, Errors: 0, Skipped: 0, Time elapsed: 0.086 sec - in org.apache.flink.runtime.deployment.TaskDeploymentDescriptorTest
Running org.apache.flink.runtime.execution.librarycache.BlobLibraryCacheManagerTest
Tests run: 19, Failures: 0, Errors: 0, Skipped: 0, Time elapsed: 1.429 sec - in org.apache.flink.runtime.taskmanager.TaskTest
Running org.apache.flink.runtime.util.MathUtilTest
Tests run: 3, Failures: 0, Errors: 0, Skipped: 0, Time elapsed: 0 sec - in org.apache.flink.runtime.util.MathUtilTest
Running org.apache.flink.runtime.util.SerializedValueTest
Tests run: 2, Failures: 0, Errors: 0, Skipped: 0, Time elapsed: 0.005 sec - in org.apache.flink.runtime.util.SerializedValueTest
Running org.apache.flink.runtime.util.ReusingKeyGroupedIteratorTest
Tests run: 4, Failures: 0, Errors: 0, Skipped: 0, Time elapsed: 0.055 sec - in org.apache.flink.runtime.util.ReusingKeyGroupedIteratorTest
Running org.apache.flink.runtime.util.AtomicDisposableReferenceCounterTest
Tests run: 3, Failures: 0, Errors: 0, Skipped: 0, Time elapsed: 0.053 sec - in org.apache.flink.runtime.util.AtomicDisposableReferenceCounterTest
Running org.apache.flink.runtime.util.LRUCacheMapTest
Tests run: 5, Failures: 0, Errors: 0, Skipped: 0, Time elapsed: 0.005 sec - in org.apache.flink.runtime.util.LRUCacheMapTest
Running org.apache.flink.runtime.util.event.TaskEventHandlerTest
Tests run: 1, Failures: 0, Errors: 0, Skipped: 0, Time elapsed: 0.055 sec - in org.apache.flink.runtime.util.event.TaskEventHandlerTest
Running org.apache.flink.runtime.util.DataInputOutputSerializerTest
Tests run: 1, Failures: 0, Errors: 0, Skipped: 0, Time elapsed: 5.417 sec - in org.apache.flink.runtime.taskmanager.TaskInputSplitProviderTest
Running org.apache.flink.runtime.util.ZooKeeperUtilTest
Tests run: 1, Failures: 0, Errors: 0, Skipped: 0, Time elapsed: 0.035 sec - in org.apache.flink.runtime.util.ZooKeeperUtilTest
Running org.apache.flink.runtime.util.ClassLoaderUtilsTest
Tests run: 1, Failures: 0, Errors: 0, Skipped: 0, Time elapsed: 14.166 sec - in org.apache.flink.runtime.executiongraph.TerminalStateDeadlockTest
Running org.apache.flink.runtime.util.NonReusingKeyGroupedIteratorTest
Tests run: 4, Failures: 0, Errors: 0, Skipped: 0, Time elapsed: 0.085 sec - in org.apache.flink.runtime.util.NonReusingKeyGroupedIteratorTest
Running org.apache.flink.runtime.util.DelegatingConfigurationTest
Tests run: 1, Failures: 0, Errors: 0, Skipped: 0, Time elapsed: 0.007 sec - in org.apache.flink.runtime.util.DelegatingConfigurationTest
Running org.apache.flink.runtime.util.EnvironmentInformationTest
Tests run: 3, Failures: 0, Errors: 0, Skipped: 0, Time elapsed: 21.767 sec - in org.apache.flink.runtime.operators.hash.CompactingHashTableTest
Running org.apache.flink.runtime.util.JarFileCreatorTest
Tests run: 2, Failures: 0, Errors: 0, Skipped: 0, Time elapsed: 1.386 sec - in org.apache.flink.runtime.execution.librarycache.BlobLibraryCacheManagerTest
Running org.apache.flink.runtime.instance.HardwareTest
Tests run: 2, Failures: 0, Errors: 0, Skipped: 0, Time elapsed: 0.001 sec - in org.apache.flink.runtime.instance.HardwareTest
Running org.apache.flink.runtime.instance.InstanceTest
Tests run: 3, Failures: 0, Errors: 0, Skipped: 0, Time elapsed: 0.723 sec - in org.apache.flink.runtime.util.ClassLoaderUtilsTest
Tests run: 4, Failures: 0, Errors: 0, Skipped: 0, Time elapsed: 0.004 sec - in org.apache.flink.runtime.instance.InstanceTest
Running org.apache.flink.runtime.instance.InstanceConnectionInfoTest
Running org.apache.flink.runtime.instance.SimpleSlotTest
Tests run: 2, Failures: 0, Errors: 0, Skipped: 0, Time elapsed: 21.882 sec - in org.apache.flink.runtime.operators.chaining.ChainTaskTest
Running org.apache.flink.runtime.instance.InstanceManagerTest
Tests run: 6, Failures: 0, Errors: 0, Skipped: 0, Time elapsed: 0.162 sec - in org.apache.flink.runtime.instance.InstanceConnectionInfoTest
Running org.apache.flink.runtime.instance.SharedSlotsTest
Tests run: 8, Failures: 0, Errors: 0, Skipped: 0, Time elapsed: 0.042 sec - in org.apache.flink.runtime.instance.SharedSlotsTest
Running org.apache.flink.runtime.state.ByteStreamStateHandleTest
Tests run: 1, Failures: 0, Errors: 0, Skipped: 0, Time elapsed: 0.028 sec - in org.apache.flink.runtime.state.ByteStreamStateHandleTest
Running org.apache.flink.runtime.io.disk.iomanager.BufferFileWriterFileSegmentReaderTest
Tests run: 9, Failures: 0, Errors: 0, Skipped: 0, Time elapsed: 0.52 sec - in org.apache.flink.runtime.util.JarFileCreatorTest
Running org.apache.flink.runtime.io.disk.iomanager.IOManagerAsyncTest
Tests run: 3, Failures: 0, Errors: 0, Skipped: 0, Time elapsed: 21.582 sec - in org.apache.flink.runtime.operators.sort.LargeRecordHandlerTest
Running org.apache.flink.runtime.io.disk.iomanager.IOManagerTest
Tests run: 1, Failures: 0, Errors: 0, Skipped: 0, Time elapsed: 0.051 sec - in org.apache.flink.runtime.io.disk.iomanager.IOManagerTest
Running org.apache.flink.runtime.io.disk.iomanager.BufferFileWriterReaderTest
Tests run: 2, Failures: 0, Errors: 0, Skipped: 0, Time elapsed: 2.352 sec - in org.apache.flink.runtime.akka.FlinkActorTest
Running org.apache.flink.runtime.io.disk.iomanager.AsynchronousBufferFileWriterTest
Tests run: 1, Failures: 0, Errors: 0, Skipped: 0, Time elapsed: 0.899 sec - in org.apache.flink.runtime.io.disk.iomanager.BufferFileWriterFileSegmentReaderTest
Running org.apache.flink.runtime.io.disk.iomanager.AsynchronousFileIOChannelTest
Tests run: 2, Failures: 0, Errors: 0, Skipped: 0, Time elapsed: 11.108 sec - in org.apache.flink.runtime.jobmanager.JobManagerTest
Running org.apache.flink.runtime.io.disk.ChannelViewsTest
Tests run: 46, Failures: 0, Errors: 0, Skipped: 0, Time elapsed: 22.678 sec - in org.apache.flink.runtime.operators.MatchTaskTest
Running org.apache.flink.runtime.io.disk.SeekableFileChannelInputViewTest
Tests run: 1, Failures: 0, Errors: 0, Skipped: 0, Time elapsed: 12.731 sec - in org.apache.flink.runtime.jobmanager.SlotCountExceedingParallelismTest
Running org.apache.flink.runtime.io.disk.FileChannelStreamsTest
Tests run: 2, Failures: 0, Errors: 0, Skipped: 0, Time elapsed: 0.33 sec - in org.apache.flink.runtime.io.disk.FileChannelStreamsTest
Running org.apache.flink.runtime.io.disk.SpillingBufferTest
Tests run: 3, Failures: 0, Errors: 0, Skipped: 0, Time elapsed: 1.888 sec - in org.apache.flink.runtime.instance.SimpleSlotTest
Running org.apache.flink.runtime.io.network.DefaultChannelSelectorTest
Tests run: 1, Failures: 0, Errors: 0, Skipped: 0, Time elapsed: 0 sec - in org.apache.flink.runtime.io.network.DefaultChannelSelectorTest
Running org.apache.flink.runtime.io.network.netty.PartitionRequestClientFactoryTest
Tests run: 1, Failures: 0, Errors: 0, Skipped: 0, Time elapsed: 11.189 sec - in org.apache.flink.runtime.jobmanager.scheduler.ScheduleOrUpdateConsumersTest
Running org.apache.flink.runtime.io.network.netty.CancelPartitionRequestTest
Tests run: 1, Failures: 0, Errors: 0, Skipped: 0, Time elapsed: 0.641 sec - in org.apache.flink.runtime.io.disk.SeekableFileChannelInputViewTest
Running org.apache.flink.runtime.io.network.netty.PartitionRequestClientHandlerTest
Tests run: 2, Failures: 0, Errors: 0, Skipped: 0, Time elapsed: 3.03 sec - in org.apache.flink.runtime.util.DataInputOutputSerializerTest
Running org.apache.flink.runtime.io.network.netty.NettyServerLowAndHighWatermarkTest
Tests run: 6, Failures: 0, Errors: 0, Skipped: 0, Time elapsed: 2.145 sec - in org.apache.flink.runtime.io.disk.iomanager.IOManagerAsyncTest
Running org.apache.flink.runtime.io.network.netty.ServerTransportErrorHandlingTest
Tests run: 2, Failures: 0, Errors: 0, Skipped: 0, Time elapsed: 1.884 sec - in org.apache.flink.runtime.io.disk.iomanager.BufferFileWriterReaderTest
Running org.apache.flink.runtime.io.network.netty.PartitionRequestQueueTest
Tests run: 4, Failures: 0, Errors: 0, Skipped: 0, Time elapsed: 2.683 sec - in org.apache.flink.runtime.instance.InstanceManagerTest
Running org.apache.flink.runtime.io.network.netty.NettyMessageSerializationTest
Tests run: 3, Failures: 0, Errors: 0, Skipped: 0, Time elapsed: 7.546 sec - in org.apache.flink.runtime.taskmanager.TestManagerStartupTest
Running org.apache.flink.runtime.io.network.netty.ClientTransportErrorHandlingTest
Tests run: 1, Failures: 0, Errors: 0, Skipped: 0, Time elapsed: 14.486 sec - in org.apache.flink.runtime.jobmanager.JobManagerProcessReapingTest
Running org.apache.flink.runtime.io.network.partition.SpilledSubpartitionViewTest
Tests run: 1, Failures: 0, Errors: 0, Skipped: 0, Time elapsed: 1.544 sec - in org.apache.flink.runtime.io.network.netty.NettyMessageSerializationTest
Running org.apache.flink.runtime.io.network.partition.PartialConsumePipelinedResultTest
Tests run: 3, Failures: 0, Errors: 0, Skipped: 0, Time elapsed: 5.033 sec - in org.apache.flink.runtime.util.EnvironmentInformationTest
Running org.apache.flink.runtime.io.network.partition.SpilledSubpartitionViewSyncIOTest
Tests run: 1, Failures: 0, Errors: 0, Skipped: 0, Time elapsed: 2.484 sec - in org.apache.flink.runtime.io.network.netty.NettyServerLowAndHighWatermarkTest
Running org.apache.flink.runtime.io.network.partition.SpillableSubpartitionTest
Tests run: 2, Failures: 0, Errors: 0, Skipped: 0, Time elapsed: 0.529 sec - in org.apache.flink.runtime.io.network.partition.SpilledSubpartitionViewSyncIOTest
Running org.apache.flink.runtime.io.network.partition.PipelinedSubpartitionTest
Tests run: 4, Failures: 0, Errors: 0, Skipped: 0, Time elapsed: 2.996 sec - in org.apache.flink.runtime.io.network.netty.PartitionRequestClientHandlerTest
Running org.apache.flink.runtime.io.network.partition.consumer.InputChannelTest
Tests run: 6, Failures: 2, Errors: 0, Skipped: 0, Time elapsed: 0.638 sec <<< FAILURE! - in org.apache.flink.runtime.io.network.partition.SpillableSubpartitionTest
testReleaseParentAfterSpilled(org.apache.flink.runtime.io.network.partition.SpillableSubpartitionTest)  Time elapsed: 0.16 sec  <<< FAILURE!
java.lang.AssertionError: null
	at org.junit.Assert.fail(Assert.java:86)
	at org.junit.Assert.assertTrue(Assert.java:41)
	at org.junit.Assert.assertTrue(Assert.java:52)
	at org.apache.flink.runtime.io.network.partition.SubpartitionTestBase.verifyViewReleasedAfterParentRelease(SubpartitionTestBase.java:111)
	at org.apache.flink.runtime.io.network.partition.SubpartitionTestBase.testReleaseParentAfterSpilled(SubpartitionTestBase.java:88)
	at sun.reflect.NativeMethodAccessorImpl.invoke0(Native Method)
	at sun.reflect.NativeMethodAccessorImpl.invoke(NativeMethodAccessorImpl.java:57)
	at sun.reflect.DelegatingMethodAccessorImpl.invoke(DelegatingMethodAccessorImpl.java:43)
	at java.lang.reflect.Method.invoke(Method.java:606)
	at org.junit.runners.model.FrameworkMethod$1.runReflectiveCall(FrameworkMethod.java:47)
	at org.junit.internal.runners.model.ReflectiveCallable.run(ReflectiveCallable.java:12)
	at org.junit.runners.model.FrameworkMethod.invokeExplosively(FrameworkMethod.java:44)
	at org.junit.internal.runners.statements.InvokeMethod.evaluate(InvokeMethod.java:17)
	at org.junit.rules.TestWatcher$1.evaluate(TestWatcher.java:55)
	at org.junit.rules.RunRules.evaluate(RunRules.java:20)
	at org.junit.runners.ParentRunner.runLeaf(ParentRunner.java:271)
	at org.junit.runners.BlockJUnit4ClassRunner.runChild(BlockJUnit4ClassRunner.java:70)
	at org.junit.runners.BlockJUnit4ClassRunner.runChild(BlockJUnit4ClassRunner.java:50)
	at org.junit.runners.ParentRunner$3.run(ParentRunner.java:238)
	at org.junit.runners.ParentRunner$1.schedule(ParentRunner.java:63)
	at org.junit.runners.ParentRunner.runChildren(ParentRunner.java:236)
	at org.junit.runners.ParentRunner.access$000(ParentRunner.java:53)
	at org.junit.runners.ParentRunner$2.evaluate(ParentRunner.java:229)
	at org.junit.internal.runners.statements.RunAfters.evaluate(RunAfters.java:27)
	at org.junit.runners.ParentRunner.run(ParentRunner.java:309)
	at org.apache.maven.surefire.junit4.JUnit4Provider.execute(JUnit4Provider.java:264)
	at org.apache.maven.surefire.junit4.JUnit4Provider.executeTestSet(JUnit4Provider.java:153)
	at org.apache.maven.surefire.junit4.JUnit4Provider.invoke(JUnit4Provider.java:124)
	at org.apache.maven.surefire.booter.ForkedBooter.invokeProviderInSameClassLoader(ForkedBooter.java:200)
	at org.apache.maven.surefire.booter.ForkedBooter.runSuitesInProcess(ForkedBooter.java:153)
	at org.apache.maven.surefire.booter.ForkedBooter.main(ForkedBooter.java:103)

testReleaseParent(org.apache.flink.runtime.io.network.partition.SpillableSubpartitionTest)  Time elapsed: 0.028 sec  <<< FAILURE!
java.lang.AssertionError: null
	at org.junit.Assert.fail(Assert.java:86)
	at org.junit.Assert.assertTrue(Assert.java:41)
	at org.junit.Assert.assertTrue(Assert.java:52)
	at org.apache.flink.runtime.io.network.partition.SubpartitionTestBase.verifyViewReleasedAfterParentRelease(SubpartitionTestBase.java:111)
	at org.apache.flink.runtime.io.network.partition.SubpartitionTestBase.testReleaseParent(SubpartitionTestBase.java:80)
	at sun.reflect.NativeMethodAccessorImpl.invoke0(Native Method)
	at sun.reflect.NativeMethodAccessorImpl.invoke(NativeMethodAccessorImpl.java:57)
	at sun.reflect.DelegatingMethodAccessorImpl.invoke(DelegatingMethodAccessorImpl.java:43)
	at java.lang.reflect.Method.invoke(Method.java:606)
	at org.junit.runners.model.FrameworkMethod$1.runReflectiveCall(FrameworkMethod.java:47)
	at org.junit.internal.runners.model.ReflectiveCallable.run(ReflectiveCallable.java:12)
	at org.junit.runners.model.FrameworkMethod.invokeExplosively(FrameworkMethod.java:44)
	at org.junit.internal.runners.statements.InvokeMethod.evaluate(InvokeMethod.java:17)
	at org.junit.rules.TestWatcher$1.evaluate(TestWatcher.java:55)
	at org.junit.rules.RunRules.evaluate(RunRules.java:20)
	at org.junit.runners.ParentRunner.runLeaf(ParentRunner.java:271)
	at org.junit.runners.BlockJUnit4ClassRunner.runChild(BlockJUnit4ClassRunner.java:70)
	at org.junit.runners.BlockJUnit4ClassRunner.runChild(BlockJUnit4ClassRunner.java:50)
	at org.junit.runners.ParentRunner$3.run(ParentRunner.java:238)
	at org.junit.runners.ParentRunner$1.schedule(ParentRunner.java:63)
	at org.junit.runners.ParentRunner.runChildren(ParentRunner.java:236)
	at org.junit.runners.ParentRunner.access$000(ParentRunner.java:53)
	at org.junit.runners.ParentRunner$2.evaluate(ParentRunner.java:229)
	at org.junit.internal.runners.statements.RunAfters.evaluate(RunAfters.java:27)
	at org.junit.runners.ParentRunner.run(ParentRunner.java:309)
	at org.apache.maven.surefire.junit4.JUnit4Provider.execute(JUnit4Provider.java:264)
	at org.apache.maven.surefire.junit4.JUnit4Provider.executeTestSet(JUnit4Provider.java:153)
	at org.apache.maven.surefire.junit4.JUnit4Provider.invoke(JUnit4Provider.java:124)
	at org.apache.maven.surefire.booter.ForkedBooter.invokeProviderInSameClassLoader(ForkedBooter.java:200)
	at org.apache.maven.surefire.booter.ForkedBooter.runSuitesInProcess(ForkedBooter.java:153)
	at org.apache.maven.surefire.booter.ForkedBooter.main(ForkedBooter.java:103)

Running org.apache.flink.runtime.io.network.partition.consumer.RemoteInputChannelTest
Tests run: 4, Failures: 0, Errors: 0, Skipped: 0, Time elapsed: 0.267 sec - in org.apache.flink.runtime.io.network.partition.consumer.InputChannelTest
Running org.apache.flink.runtime.io.network.partition.consumer.LocalInputChannelTest
Tests run: 4, Failures: 0, Errors: 0, Skipped: 0, Time elapsed: 3.698 sec - in org.apache.flink.runtime.io.disk.SpillingBufferTest
Running org.apache.flink.runtime.io.network.partition.consumer.UnionInputGateTest
Tests run: 1, Failures: 0, Errors: 0, Skipped: 0, Time elapsed: 0.314 sec - in org.apache.flink.runtime.io.network.partition.consumer.UnionInputGateTest
Running org.apache.flink.runtime.io.network.partition.consumer.SingleInputGateTest
Tests run: 1, Failures: 0, Errors: 0, Skipped: 0, Time elapsed: 3.923 sec - in org.apache.flink.runtime.io.network.netty.PartitionRequestClientFactoryTest
Running org.apache.flink.runtime.io.network.partition.ProducerFailedExceptionTest
Tests run: 2, Failures: 0, Errors: 0, Skipped: 0, Time elapsed: 0.022 sec - in org.apache.flink.runtime.io.network.partition.ProducerFailedExceptionTest
Running org.apache.flink.runtime.io.network.partition.SpilledSubpartitionViewAsyncIOTest
Tests run: 2, Failures: 0, Errors: 0, Skipped: 0, Time elapsed: 0.152 sec - in org.apache.flink.runtime.io.network.partition.consumer.SingleInputGateTest
Running org.apache.flink.runtime.io.network.api.reader.BufferReaderTest
Tests run: 2, Failures: 0, Errors: 0, Skipped: 0, Time elapsed: 2.514 sec - in org.apache.flink.runtime.io.network.partition.SpilledSubpartitionViewTest
Running org.apache.flink.runtime.io.network.api.reader.AbstractReaderTest
Tests run: 1, Failures: 0, Errors: 0, Skipped: 0, Time elapsed: 3.649 sec - in org.apache.flink.runtime.io.network.netty.PartitionRequestQueueTest
Running org.apache.flink.runtime.io.network.api.writer.RecordWriterTest
Tests run: 4, Failures: 0, Errors: 0, Skipped: 0, Time elapsed: 0.287 sec - in org.apache.flink.runtime.io.network.api.reader.AbstractReaderTest
Running org.apache.flink.runtime.io.network.api.serialization.PagedViewsTest
Tests run: 14, Failures: 0, Errors: 0, Skipped: 0, Time elapsed: 28.611 sec - in org.apache.flink.runtime.operators.hash.MemoryHashTableTest
Running org.apache.flink.runtime.io.network.api.serialization.SpanningRecordSerializationTest
Tests run: 1, Failures: 0, Errors: 0, Skipped: 0, Time elapsed: 1.187 sec - in org.apache.flink.runtime.io.network.partition.SpilledSubpartitionViewAsyncIOTest
Running org.apache.flink.runtime.io.network.api.serialization.SpanningRecordSerializerTest
Tests run: 1, Failures: 0, Errors: 0, Skipped: 0, Time elapsed: 4.708 sec - in org.apache.flink.runtime.io.network.netty.ServerTransportErrorHandlingTest
Running org.apache.flink.runtime.io.network.api.serialization.EventSerializerTest
Tests run: 1, Failures: 0, Errors: 0, Skipped: 0, Time elapsed: 0.006 sec - in org.apache.flink.runtime.io.network.api.serialization.EventSerializerTest
Running org.apache.flink.runtime.io.network.DataExchangeModeTest
Tests run: 3, Failures: 0, Errors: 0, Skipped: 0, Time elapsed: 0.008 sec - in org.apache.flink.runtime.io.network.DataExchangeModeTest
Running org.apache.flink.runtime.io.network.buffer.NetworkBufferPoolTest
Tests run: 2, Failures: 0, Errors: 0, Skipped: 0, Time elapsed: 0.019 sec - in org.apache.flink.runtime.io.network.buffer.NetworkBufferPoolTest
Running org.apache.flink.runtime.io.network.buffer.BufferPoolFactoryTest
Tests run: 7, Failures: 0, Errors: 0, Skipped: 0, Time elapsed: 0.039 sec - in org.apache.flink.runtime.io.network.buffer.BufferPoolFactoryTest
Running org.apache.flink.runtime.io.network.buffer.LocalBufferPoolTest
Tests run: 6, Failures: 0, Errors: 0, Skipped: 0, Time elapsed: 4.091 sec - in org.apache.flink.runtime.io.network.netty.ClientTransportErrorHandlingTest
Running org.apache.flink.runtime.io.network.buffer.BufferTest
Tests run: 2, Failures: 0, Errors: 0, Skipped: 0, Time elapsed: 0.064 sec - in org.apache.flink.runtime.io.network.buffer.BufferTest
Running org.apache.flink.runtime.io.network.serialization.LargeRecordsTest
Tests run: 4, Failures: 0, Errors: 0, Skipped: 0, Time elapsed: 6.354 sec - in org.apache.flink.runtime.io.disk.iomanager.AsynchronousFileIOChannelTest
Running org.apache.flink.runtime.io.network.NetworkEnvironmentTest
Tests run: 1, Failures: 0, Errors: 0, Skipped: 0, Time elapsed: 5.264 sec - in org.apache.flink.runtime.io.network.partition.PartialConsumePipelinedResultTest
Tests run: 12, Failures: 0, Errors: 0, Skipped: 0, Time elapsed: 5 sec - in org.apache.flink.runtime.io.network.partition.PipelinedSubpartitionTest
Tests run: 10, Failures: 0, Errors: 0, Skipped: 0, Time elapsed: 4.069 sec - in org.apache.flink.runtime.io.network.buffer.LocalBufferPoolTest
Tests run: 4, Failures: 0, Errors: 0, Skipped: 0, Time elapsed: 4.774 sec - in org.apache.flink.runtime.io.network.api.serialization.SpanningRecordSerializationTest
Tests run: 7, Failures: 0, Errors: 0, Skipped: 0, Time elapsed: 20.026 sec - in org.apache.flink.runtime.taskmanager.TaskManagerTest
Tests run: 1, Failures: 0, Errors: 0, Skipped: 0, Time elapsed: 5.472 sec - in org.apache.flink.runtime.io.network.NetworkEnvironmentTest
Tests run: 6, Failures: 0, Errors: 0, Skipped: 0, Time elapsed: 6.081 sec - in org.apache.flink.runtime.io.network.api.serialization.SpanningRecordSerializerTest
Tests run: 3, Failures: 0, Errors: 0, Skipped: 0, Time elapsed: 7.645 sec - in org.apache.flink.runtime.io.network.api.writer.RecordWriterTest
Tests run: 4, Failures: 0, Errors: 0, Skipped: 0, Time elapsed: 13.938 sec - in org.apache.flink.runtime.io.disk.iomanager.AsynchronousBufferFileWriterTest
Tests run: 3, Failures: 0, Errors: 0, Skipped: 0, Time elapsed: 9.6 sec - in org.apache.flink.runtime.io.network.partition.consumer.LocalInputChannelTest
Tests run: 6, Failures: 0, Errors: 0, Skipped: 0, Time elapsed: 30.224 sec - in org.apache.flink.runtime.executiongraph.ExecutionGraphDeploymentTest
Tests run: 7, Failures: 0, Errors: 0, Skipped: 0, Time elapsed: 21.164 sec - in org.apache.flink.runtime.taskmanager.TaskManagerRegistrationTest
Tests run: 1, Failures: 0, Errors: 0, Skipped: 0, Time elapsed: 19.192 sec - in org.apache.flink.runtime.taskmanager.TaskCancelTest
Tests run: 2, Failures: 0, Errors: 0, Skipped: 0, Time elapsed: 10.444 sec - in org.apache.flink.runtime.io.network.api.reader.BufferReaderTest
Tests run: 6, Failures: 0, Errors: 0, Skipped: 0, Time elapsed: 37.745 sec - in org.apache.flink.runtime.operators.sort.FixedLengthRecordSorterTest
Tests run: 10, Failures: 0, Errors: 0, Skipped: 0, Time elapsed: 11.303 sec - in org.apache.flink.runtime.io.network.api.serialization.PagedViewsTest
Tests run: 2, Failures: 0, Errors: 0, Skipped: 0, Time elapsed: 16.538 sec - in org.apache.flink.runtime.io.network.netty.CancelPartitionRequestTest
Tests run: 1, Failures: 0, Errors: 0, Skipped: 0, Time elapsed: 21.333 sec - in org.apache.flink.runtime.taskmanager.TaskManagerProcessReapingTest
Tests run: 3, Failures: 0, Errors: 0, Skipped: 0, Time elapsed: 45.481 sec - in org.apache.flink.runtime.operators.DataSourceTaskTest
Tests run: 7, Failures: 0, Errors: 0, Skipped: 0, Time elapsed: 58.023 sec - in org.apache.flink.runtime.operators.DataSinkTaskTest
Tests run: 2, Failures: 0, Errors: 0, Skipped: 0, Time elapsed: 33.018 sec - in org.apache.flink.runtime.io.network.serialization.LargeRecordsTest
Tests run: 8, Failures: 0, Errors: 0, Skipped: 0, Time elapsed: 35.897 sec - in org.apache.flink.runtime.io.network.partition.consumer.RemoteInputChannelTest
Tests run: 8, Failures: 0, Errors: 0, Skipped: 0, Time elapsed: 66.263 sec - in org.apache.flink.runtime.operators.sort.NormalizedKeySorterTest
Tests run: 6, Failures: 0, Errors: 0, Skipped: 0, Time elapsed: 61.346 sec - in org.apache.flink.runtime.io.disk.ChannelViewsTest

Results :

Failed tests: 
  SpillableSubpartitionTest>SubpartitionTestBase.testReleaseParentAfterSpilled:88->SubpartitionTestBase.verifyViewReleasedAfterParentRelease:111 null
  SpillableSubpartitionTest>SubpartitionTestBase.testReleaseParent:80->SubpartitionTestBase.verifyViewReleasedAfterParentRelease:111 null

Tests run: 719, Failures: 2, Errors: 0, Skipped: 0

[INFO] ------------------------------------------------------------------------
[INFO] BUILD FAILURE
[INFO] ------------------------------------------------------------------------
[INFO] Total time: 01:39 min
[INFO] Finished at: 2016-07-15T01:03:04-07:00
[INFO] Final Memory: 49M/2476M
[INFO] ------------------------------------------------------------------------
[ERROR] Failed to execute goal org.apache.maven.plugins:maven-surefire-plugin:2.17:test (default-test) on project flink-runtime: There are test failures.
[ERROR] 
[ERROR] Please refer to /space/parallel/flink/flink9/dataset/flink/FLINK-2460_a17d4e823fd08e8e49fde169dc3ddd264964d85a/flink-runtime/target/surefire-reports for the individual test results.
[ERROR] -> [Help 1]
[ERROR] 
[ERROR] To see the full stack trace of the errors, re-run Maven with the -e switch.
[ERROR] Re-run Maven using the -X switch to enable full debug logging.
[ERROR] 
[ERROR] For more information about the errors and possible solutions, please read the following articles:
[ERROR] [Help 1] http://cwiki.apache.org/confluence/display/MAVEN/MojoFailureException
