[INFO] Scanning for projects...
[INFO]                                                                         
[INFO] ------------------------------------------------------------------------
[INFO] Building flink-compiler 0.8-incubating-SNAPSHOT
[INFO] ------------------------------------------------------------------------
[INFO] 
[INFO] --- maven-checkstyle-plugin:2.12.1:check (validate) @ flink-compiler ---
[INFO] 
[INFO] 
[INFO] --- maven-enforcer-plugin:1.3.1:enforce (enforce-maven) @ flink-compiler ---
[INFO] 
[INFO] --- maven-remote-resources-plugin:1.5:process (default) @ flink-compiler ---
[INFO] 
[INFO] --- maven-resources-plugin:2.6:resources (default-resources) @ flink-compiler ---
[INFO] Using 'UTF-8' encoding to copy filtered resources.
[INFO] skip non existing resourceDirectory /space/parallel/flink/flink9/dataset/flink/FLINK-1290_45fb6d82386260fef5222cff498583036db20855/flink-compiler/src/main/resources
[INFO] Copying 3 resources
[INFO] 
[INFO] --- maven-compiler-plugin:3.1:compile (default-compile) @ flink-compiler ---
[INFO] Nothing to compile - all classes are up to date
[INFO] 
[INFO] --- maven-resources-plugin:2.6:testResources (default-testResources) @ flink-compiler ---
[INFO] Using 'UTF-8' encoding to copy filtered resources.
[INFO] Copying 2 resources
[INFO] Copying 3 resources
[INFO] 
[INFO] --- maven-compiler-plugin:3.1:testCompile (default-testCompile) @ flink-compiler ---
[INFO] Nothing to compile - all classes are up to date
[INFO] 
[INFO] --- maven-surefire-plugin:2.17:test (default-test) @ flink-compiler ---
[INFO] Surefire report directory: /space/parallel/flink/flink9/dataset/flink/FLINK-1290_45fb6d82386260fef5222cff498583036db20855/flink-compiler/target/surefire-reports

-------------------------------------------------------
 T E S T S
-------------------------------------------------------

-------------------------------------------------------
 T E S T S
-------------------------------------------------------
Running org.apache.flink.compiler.BranchingPlansCompilerTest
Running org.apache.flink.compiler.operators.CoGroupOnConflictingPartitioningsTest
Running org.apache.flink.compiler.FeedbackPropertiesMatchTest
Running org.apache.flink.compiler.AdditionalOperatorsTest
Running org.apache.flink.compiler.operators.CoGroupGlobalPropertiesCompatibilityTest
Running org.apache.flink.compiler.operators.JoinOnConflictingPartitioningsTest
Running org.apache.flink.compiler.java.ReduceCompilationTest
Running org.apache.flink.compiler.java.GroupReduceCompilationTest
Running org.apache.flink.compiler.java.JoinTranslationTest
Running org.apache.flink.compiler.UnionReplacementTest
Running org.apache.flink.compiler.SortPartialReuseTest
Running org.apache.flink.compiler.operators.JoinGlobalPropertiesCompatibilityTest
Running org.apache.flink.compiler.java.IterationCompilerTest
Running org.apache.flink.compiler.java.PartitioningOperatorTest
Running org.apache.flink.compiler.java.DistinctAndGroupingOptimizerTest
Running org.apache.flink.compiler.java.OpenIterationTest
Running org.apache.flink.compiler.java.WorksetIterationsJavaApiCompilerTest
Running org.apache.flink.compiler.java.DeltaIterationDependenciesTest
Running org.apache.flink.compiler.plandump.NumberFormattingTest
Running org.apache.flink.compiler.WorksetIterationsRecordApiCompilerTest
Tests run: 2, Failures: 0, Errors: 0, Skipped: 0, Time elapsed: 0.467 sec - in org.apache.flink.compiler.operators.CoGroupGlobalPropertiesCompatibilityTest
Running org.apache.flink.compiler.NestedIterationsTest
Running org.apache.flink.compiler.costs.DefaultCostEstimatorTest
Running org.apache.flink.compiler.HardPlansCompilationTest
Running org.apache.flink.compiler.plan.ChannelTest
Tests run: 6, Failures: 0, Errors: 0, Skipped: 0, Time elapsed: 0.691 sec - in org.apache.flink.compiler.costs.DefaultCostEstimatorTest
Tests run: 1, Failures: 0, Errors: 0, Skipped: 0, Time elapsed: 0.855 sec - in org.apache.flink.compiler.plandump.NumberFormattingTest
Running org.apache.flink.compiler.CoGroupSolutionSetFirstTest
Running org.apache.flink.compiler.UnionPropertyPropagationTest
Running org.apache.flink.compiler.PartitionPushdownTest
Tests run: 7, Failures: 0, Errors: 0, Skipped: 0, Time elapsed: 1.441 sec - in org.apache.flink.compiler.FeedbackPropertiesMatchTest
Running org.apache.flink.compiler.WorksetIterationCornerCasesTest
Tests run: 2, Failures: 0, Errors: 0, Skipped: 0, Time elapsed: 1.441 sec - in org.apache.flink.compiler.operators.JoinGlobalPropertiesCompatibilityTest
Running org.apache.flink.compiler.GroupOrderTest
Tests run: 2, Failures: 0, Errors: 0, Skipped: 0, Time elapsed: 0.558 sec - in org.apache.flink.compiler.plan.ChannelTest
Running org.apache.flink.compiler.IterationsCompilerTest
Tests run: 1, Failures: 0, Errors: 0, Skipped: 0, Time elapsed: 1.736 sec - in org.apache.flink.compiler.operators.JoinOnConflictingPartitioningsTest
Running org.apache.flink.compiler.BroadcastVariablePipelinebreakerTest
Tests run: 2, Failures: 0, Errors: 0, Skipped: 0, Time elapsed: 0.221 sec - in org.apache.flink.compiler.BroadcastVariablePipelinebreakerTest
Running org.apache.flink.compiler.dataproperties.GlobalPropertiesFilteringTest
Tests run: 6, Failures: 0, Errors: 0, Skipped: 0, Time elapsed: 1.979 sec - in org.apache.flink.compiler.java.GroupReduceCompilationTest
Running org.apache.flink.compiler.dataproperties.GlobalPropertiesMatchingTest
Tests run: 2, Failures: 0, Errors: 0, Skipped: 0, Time elapsed: 0.013 sec - in org.apache.flink.compiler.dataproperties.GlobalPropertiesMatchingTest
Running org.apache.flink.compiler.dataproperties.GlobalPropertiesPushdownTest
Tests run: 1, Failures: 0, Errors: 0, Skipped: 0, Time elapsed: 2.008 sec - in org.apache.flink.compiler.operators.CoGroupOnConflictingPartitioningsTest
Running org.apache.flink.compiler.DOPChangeTest
Tests run: 6, Failures: 0, Errors: 0, Skipped: 0, Time elapsed: 2.043 sec - in org.apache.flink.compiler.java.JoinTranslationTest
Running org.apache.flink.compiler.PipelineBreakerTest
Tests run: 2, Failures: 0, Errors: 0, Skipped: 0, Time elapsed: 2.191 sec - in org.apache.flink.compiler.AdditionalOperatorsTest
Running org.apache.flink.compiler.CachedMatchStrategyCompilerTest
Tests run: 2, Failures: 0, Errors: 0, Skipped: 0, Time elapsed: 2.233 sec - in org.apache.flink.compiler.SortPartialReuseTest
Tests run: 1, Failures: 0, Errors: 0, Skipped: 0, Time elapsed: 1.952 sec - in org.apache.flink.compiler.java.DeltaIterationDependenciesTest
Running org.apache.flink.compiler.custompartition.CoGroupCustomPartitioningTest
Running org.apache.flink.compiler.custompartition.GroupingTupleTranslationTest
Tests run: 4, Failures: 0, Errors: 0, Skipped: 0, Time elapsed: 0.413 sec - in org.apache.flink.compiler.PipelineBreakerTest
Tests run: 8, Failures: 0, Errors: 0, Skipped: 0, Time elapsed: 0.21 sec - in org.apache.flink.compiler.custompartition.GroupingTupleTranslationTest
Running org.apache.flink.compiler.custompartition.BinaryCustomPartitioningCompatibilityTest
Running org.apache.flink.compiler.custompartition.CustomPartitioningGlobalOptimizationTest
Tests run: 7, Failures: 1, Errors: 0, Skipped: 0, Time elapsed: 0.3 sec <<< FAILURE! - in org.apache.flink.compiler.custompartition.CoGroupCustomPartitioningTest
testIncompatibleHashAndCustomPartitioning(org.apache.flink.compiler.custompartition.CoGroupCustomPartitioningTest)  Time elapsed: 0.057 sec  <<< FAILURE!
java.lang.AssertionError: No plan meeting the requirements could be created @ CoGroup (CoGroup at testIncompatibleHashAndCustomPartitioning(CoGroupCustomPartitioningTest.java:251)) (1:null)(2:null). Most likely reason: Too restrictive plan hints.
	at org.junit.Assert.fail(Assert.java:88)
	at org.apache.flink.compiler.custompartition.CoGroupCustomPartitioningTest.testIncompatibleHashAndCustomPartitioning(CoGroupCustomPartitioningTest.java:268)

Running org.apache.flink.compiler.custompartition.GroupingPojoTranslationTest
Tests run: 5, Failures: 0, Errors: 0, Skipped: 0, Time elapsed: 2.325 sec - in org.apache.flink.compiler.java.OpenIterationTest
Running org.apache.flink.compiler.custompartition.JoinCustomPartitioningTest
Tests run: 7, Failures: 0, Errors: 0, Skipped: 0, Time elapsed: 0.044 sec - in org.apache.flink.compiler.custompartition.GroupingPojoTranslationTest
Running org.apache.flink.compiler.custompartition.GroupingKeySelectorTranslationTest
Tests run: 4, Failures: 0, Errors: 0, Skipped: 0, Time elapsed: 2.176 sec - in org.apache.flink.compiler.NestedIterationsTest
Running org.apache.flink.compiler.custompartition.CustomPartitioningTest
Tests run: 1, Failures: 0, Errors: 0, Skipped: 0, Time elapsed: 0.173 sec - in org.apache.flink.compiler.custompartition.CustomPartitioningGlobalOptimizationTest
Running org.apache.flink.compiler.ReduceAllTest
Tests run: 7, Failures: 0, Errors: 0, Skipped: 0, Time elapsed: 0.092 sec - in org.apache.flink.compiler.custompartition.GroupingKeySelectorTranslationTest
Running org.apache.flink.compiler.DisjointDataFlowsTest
Tests run: 5, Failures: 0, Errors: 0, Skipped: 0, Time elapsed: 0.734 sec - in org.apache.flink.compiler.DOPChangeTest
Tests run: 6, Failures: 0, Errors: 0, Skipped: 0, Time elapsed: 0.189 sec - in org.apache.flink.compiler.custompartition.CustomPartitioningTest
Tests run: 2, Failures: 0, Errors: 0, Skipped: 0, Time elapsed: 2.616 sec - in org.apache.flink.compiler.java.DistinctAndGroupingOptimizerTest
Tests run: 1, Failures: 0, Errors: 0, Skipped: 0, Time elapsed: 2.727 sec - in org.apache.flink.compiler.java.PartitioningOperatorTest
Tests run: 1, Failures: 0, Errors: 0, Skipped: 0, Time elapsed: 0.33 sec - in org.apache.flink.compiler.DisjointDataFlowsTest
Tests run: 1, Failures: 0, Errors: 0, Skipped: 0, Time elapsed: 1.103 sec - in org.apache.flink.compiler.dataproperties.GlobalPropertiesFilteringTest
Tests run: 1, Failures: 0, Errors: 0, Skipped: 0, Time elapsed: 1.711 sec - in org.apache.flink.compiler.WorksetIterationCornerCasesTest
Tests run: 1, Failures: 0, Errors: 0, Skipped: 0, Time elapsed: 0.535 sec - in org.apache.flink.compiler.ReduceAllTest
Tests run: 2, Failures: 0, Errors: 0, Skipped: 0, Time elapsed: 0.752 sec - in org.apache.flink.compiler.custompartition.BinaryCustomPartitioningCompatibilityTest
Tests run: 2, Failures: 0, Errors: 0, Skipped: 0, Time elapsed: 1.817 sec - in org.apache.flink.compiler.GroupOrderTest
Tests run: 1, Failures: 0, Errors: 0, Skipped: 0, Time elapsed: 2.131 sec - in org.apache.flink.compiler.CoGroupSolutionSetFirstTest
Tests run: 4, Failures: 0, Errors: 0, Skipped: 0, Time elapsed: 1.314 sec - in org.apache.flink.compiler.dataproperties.GlobalPropertiesPushdownTest
Tests run: 7, Failures: 1, Errors: 0, Skipped: 0, Time elapsed: 0.706 sec <<< FAILURE! - in org.apache.flink.compiler.custompartition.JoinCustomPartitioningTest
testIncompatibleHashAndCustomPartitioning(org.apache.flink.compiler.custompartition.JoinCustomPartitioningTest)  Time elapsed: 0.176 sec  <<< FAILURE!
java.lang.AssertionError: No plan meeting the requirements could be created @ Join (Join at testIncompatibleHashAndCustomPartitioning(JoinCustomPartitioningTest.java:248)) (1:null)(2:null). Most likely reason: Too restrictive plan hints.
	at org.junit.Assert.fail(Assert.java:88)
	at org.apache.flink.compiler.custompartition.JoinCustomPartitioningTest.testIncompatibleHashAndCustomPartitioning(JoinCustomPartitioningTest.java:265)

Tests run: 4, Failures: 0, Errors: 0, Skipped: 0, Time elapsed: 3.304 sec - in org.apache.flink.compiler.java.IterationCompilerTest
Tests run: 3, Failures: 0, Errors: 0, Skipped: 0, Time elapsed: 3.081 sec - in org.apache.flink.compiler.WorksetIterationsRecordApiCompilerTest
Tests run: 5, Failures: 0, Errors: 0, Skipped: 0, Time elapsed: 1.319 sec - in org.apache.flink.compiler.CachedMatchStrategyCompilerTest
Tests run: 1, Failures: 0, Errors: 0, Skipped: 0, Time elapsed: 3.532 sec - in org.apache.flink.compiler.UnionReplacementTest
Tests run: 1, Failures: 0, Errors: 0, Skipped: 0, Time elapsed: 3.005 sec - in org.apache.flink.compiler.HardPlansCompilationTest
Tests run: 4, Failures: 0, Errors: 0, Skipped: 0, Time elapsed: 3.386 sec - in org.apache.flink.compiler.java.WorksetIterationsJavaApiCompilerTest
Tests run: 2, Failures: 0, Errors: 0, Skipped: 0, Time elapsed: 2.434 sec - in org.apache.flink.compiler.PartitionPushdownTest
Tests run: 4, Failures: 0, Errors: 0, Skipped: 0, Time elapsed: 3.828 sec - in org.apache.flink.compiler.java.ReduceCompilationTest
Tests run: 2, Failures: 0, Errors: 0, Skipped: 0, Time elapsed: 2.754 sec - in org.apache.flink.compiler.UnionPropertyPropagationTest
Tests run: 6, Failures: 0, Errors: 0, Skipped: 0, Time elapsed: 2.321 sec - in org.apache.flink.compiler.IterationsCompilerTest
Tests run: 18, Failures: 0, Errors: 0, Skipped: 0, Time elapsed: 4.154 sec - in org.apache.flink.compiler.BranchingPlansCompilerTest

Results :

Failed tests: 
  CoGroupCustomPartitioningTest.testIncompatibleHashAndCustomPartitioning:268 No plan meeting the requirements could be created @ CoGroup (CoGroup at testIncompatibleHashAndCustomPartitioning(CoGroupCustomPartitioningTest.java:251)) (1:null)(2:null). Most likely reason: Too restrictive plan hints.
  JoinCustomPartitioningTest.testIncompatibleHashAndCustomPartitioning:265 No plan meeting the requirements could be created @ Join (Join at testIncompatibleHashAndCustomPartitioning(JoinCustomPartitioningTest.java:248)) (1:null)(2:null). Most likely reason: Too restrictive plan hints.

Tests run: 170, Failures: 2, Errors: 0, Skipped: 0

[INFO] ------------------------------------------------------------------------
[INFO] BUILD FAILURE
[INFO] ------------------------------------------------------------------------
[INFO] Total time: 12.056 s
[INFO] Finished at: 2016-07-15T08:44:55-07:00
[INFO] Final Memory: 28M/2476M
[INFO] ------------------------------------------------------------------------
[ERROR] Failed to execute goal org.apache.maven.plugins:maven-surefire-plugin:2.17:test (default-test) on project flink-compiler: There are test failures.
[ERROR] 
[ERROR] Please refer to /space/parallel/flink/flink9/dataset/flink/FLINK-1290_45fb6d82386260fef5222cff498583036db20855/flink-compiler/target/surefire-reports for the individual test results.
[ERROR] -> [Help 1]
[ERROR] 
[ERROR] To see the full stack trace of the errors, re-run Maven with the -e switch.
[ERROR] Re-run Maven using the -X switch to enable full debug logging.
[ERROR] 
[ERROR] For more information about the errors and possible solutions, please read the following articles:
[ERROR] [Help 1] http://cwiki.apache.org/confluence/display/MAVEN/MojoFailureException
