[INFO] Scanning for projects...
[INFO]                                                                         
[INFO] ------------------------------------------------------------------------
[INFO] Building Maven Core 3.1.2-SNAPSHOT
[INFO] ------------------------------------------------------------------------
[INFO] 
[INFO] --- buildnumber-maven-plugin:1.2:create-timestamp (create-noncanonicalrev) @ maven-core ---
[INFO] 
[INFO] --- buildnumber-maven-plugin:1.2:create (create-buildnumber) @ maven-core ---
[INFO] Checking for local modifications: skipped.
[INFO] Updating project files from SCM: skipped.
[INFO] Executing: /bin/sh -c cd /home/ylyu/parallel/maven/maven9/dataset/mng/MNG-5075_2eb419ed95ccfdd80c5755890e649a49274cceca/maven-core && git rev-parse --verify HEAD
[INFO] Working directory: /home/ylyu/parallel/maven/maven9/dataset/mng/MNG-5075_2eb419ed95ccfdd80c5755890e649a49274cceca/maven-core
[INFO] Storing buildNumber: NON-CANONICAL_2016-07-13_21-49_ylyu at timestamp: 1468471756474
[INFO] Executing: /bin/sh -c cd /home/ylyu/parallel/maven/maven9/dataset/mng/MNG-5075_2eb419ed95ccfdd80c5755890e649a49274cceca/maven-core && git rev-parse --verify HEAD
[INFO] Working directory: /home/ylyu/parallel/maven/maven9/dataset/mng/MNG-5075_2eb419ed95ccfdd80c5755890e649a49274cceca/maven-core
[INFO] Storing buildScmBranch: UNKNOWN_BRANCH
[INFO] 
[INFO] --- modello-maven-plugin:1.8.1:java (standard) @ maven-core ---
[INFO] outputDirectory: /home/ylyu/parallel/maven/maven9/dataset/mng/MNG-5075_2eb419ed95ccfdd80c5755890e649a49274cceca/maven-core/target/generated-sources/modello
[INFO] Working on model: src/main/mdo/toolchains.mdo
[INFO] Generating current version: 1.0.0
[INFO] 
[INFO] --- modello-maven-plugin:1.8.1:xpp3-reader (standard) @ maven-core ---
[INFO] outputDirectory: /home/ylyu/parallel/maven/maven9/dataset/mng/MNG-5075_2eb419ed95ccfdd80c5755890e649a49274cceca/maven-core/target/generated-sources/modello
[INFO] Working on model: src/main/mdo/toolchains.mdo
[INFO] Generating current version: 1.0.0
[INFO] 
[INFO] --- modello-maven-plugin:1.8.1:xpp3-writer (standard) @ maven-core ---
[INFO] outputDirectory: /home/ylyu/parallel/maven/maven9/dataset/mng/MNG-5075_2eb419ed95ccfdd80c5755890e649a49274cceca/maven-core/target/generated-sources/modello
[INFO] Working on model: src/main/mdo/toolchains.mdo
[INFO] Generating current version: 1.0.0
[INFO] 
[INFO] --- maven-remote-resources-plugin:1.4:process (default) @ maven-core ---
[INFO] 
[INFO] --- maven-resources-plugin:2.6:resources (default-resources) @ maven-core ---
[INFO] Using 'UTF-8' encoding to copy filtered resources.
[INFO] Copying 17 resources
[INFO] Copying 3 resources
[INFO] 
[INFO] --- maven-compiler-plugin:2.5.1:compile (default-compile) @ maven-core ---
[INFO] Compiling 4 source files to /home/ylyu/parallel/maven/maven9/dataset/mng/MNG-5075_2eb419ed95ccfdd80c5755890e649a49274cceca/maven-core/target/classes
[INFO] 
[INFO] --- animal-sniffer-maven-plugin:1.6:check (check-java-1.5-compat) @ maven-core ---
[INFO] Checking unresolved references to org.codehaus.mojo.signature:java15:1.0
[INFO] 
[INFO] --- plexus-component-metadata:1.5.5:generate-metadata (default) @ maven-core ---
[INFO] Discovered 59 component descriptors(s)
[INFO] 
[INFO] --- sisu-maven-plugin:1.1:main-index (default) @ maven-core ---
[INFO] 
[INFO] --- maven-resources-plugin:2.6:testResources (default-testResources) @ maven-core ---
[INFO] Using 'UTF-8' encoding to copy filtered resources.
[INFO] Copying 215 resources
[INFO] Copying 3 resources
[INFO] 
[INFO] --- maven-compiler-plugin:2.5.1:testCompile (default-testCompile) @ maven-core ---
[INFO] Nothing to compile - all classes are up to date
[INFO] 
[INFO] --- plexus-component-metadata:1.5.5:generate-test-metadata (default) @ maven-core ---
[INFO] Discovered 4 component descriptors(s)
[INFO] 
[INFO] --- sisu-maven-plugin:1.1:test-index (default) @ maven-core ---
[INFO] 
[INFO] --- maven-surefire-plugin:2.12:test (default-test) @ maven-core ---
[INFO] Surefire report directory: /home/ylyu/parallel/maven/maven9/dataset/mng/MNG-5075_2eb419ed95ccfdd80c5755890e649a49274cceca/maven-core/target/surefire-reports

-------------------------------------------------------
 T E S T S
-------------------------------------------------------
Running org.apache.maven.configuration.DefaultBeanConfiguratorTest
Tests run: 3, Failures: 0, Errors: 0, Skipped: 0, Time elapsed: 0.797 sec
Running org.apache.maven.lifecycle.LifecycleExecutorTest
Tests run: 13, Failures: 0, Errors: 0, Skipped: 0, Time elapsed: 1.934 sec
Running org.apache.maven.lifecycle.DefaultSchedulesTest
Tests run: 1, Failures: 0, Errors: 0, Skipped: 0, Time elapsed: 0.024 sec
Running org.apache.maven.lifecycle.MavenExecutionPlanTest
Tests run: 6, Failures: 0, Errors: 0, Skipped: 0, Time elapsed: 0.004 sec
Running org.apache.maven.lifecycle.LifecycleExecutorSubModulesTest
Tests run: 1, Failures: 0, Errors: 0, Skipped: 0, Time elapsed: 0.061 sec
Running org.apache.maven.lifecycle.internal.ConcurrentBuildLoggerTest
Tests run: 1, Failures: 0, Errors: 0, Skipped: 0, Time elapsed: 0.004 sec
Running org.apache.maven.lifecycle.internal.ConcurrencyDependencyGraphTest
Tests run: 2, Failures: 0, Errors: 0, Skipped: 0, Time elapsed: 0.001 sec
Running org.apache.maven.lifecycle.internal.LifecycleTaskSegmentCalculatorImplTest
Tests run: 1, Failures: 0, Errors: 0, Skipped: 0, Time elapsed: 0 sec
Running org.apache.maven.lifecycle.internal.LifecycleExecutionPlanCalculatorTest
Tests run: 1, Failures: 0, Errors: 0, Skipped: 0, Time elapsed: 0.057 sec
Running org.apache.maven.lifecycle.internal.stub.ProjectDependencyGraphStubTest
Tests run: 1, Failures: 0, Errors: 0, Skipped: 0, Time elapsed: 0 sec
Running org.apache.maven.lifecycle.internal.ThreadConfigurationServiceTest
Tests run: 1, Failures: 0, Errors: 0, Skipped: 0, Time elapsed: 0 sec
Running org.apache.maven.lifecycle.internal.LifecycleWeaveBuilderTest
Tests run: 2, Failures: 0, Errors: 0, Skipped: 0, Time elapsed: 0.031 sec
Running org.apache.maven.lifecycle.internal.PhaseRecorderTest
Tests run: 1, Failures: 0, Errors: 0, Skipped: 0, Time elapsed: 0 sec
Running org.apache.maven.lifecycle.internal.BuildListCalculatorTest
Tests run: 1, Failures: 0, Errors: 0, Skipped: 0, Time elapsed: 0 sec
Running org.apache.maven.lifecycle.internal.BuilderCommonTest
Tests run: 4, Failures: 0, Errors: 0, Skipped: 0, Time elapsed: 0.001 sec
Running org.apache.maven.lifecycle.internal.ThreadOutputMuxerTest
Tests run: 2, Failures: 0, Errors: 0, Skipped: 0, Time elapsed: 0.237 sec
Running org.apache.maven.lifecycle.internal.ProjectBuildListTest
Tests run: 1, Failures: 0, Errors: 0, Skipped: 0, Time elapsed: 0 sec
Running org.apache.maven.lifecycle.internal.ExecutionPlanItemTest
Tests run: 2, Failures: 0, Errors: 0, Skipped: 0, Time elapsed: 0 sec
Running org.apache.maven.lifecycle.DefaultLifecyclesTest
Tests run: 1, Failures: 0, Errors: 0, Skipped: 0, Time elapsed: 0.027 sec
Running org.apache.maven.MavenLifecycleParticipantTest
Tests run: 1, Failures: 0, Errors: 0, Skipped: 0, Time elapsed: 0.12 sec
Running org.apache.maven.rtinfo.internal.DefaultRuntimeInformationTest
Tests run: 2, Failures: 0, Errors: 0, Skipped: 0, Time elapsed: 0.061 sec
Running org.apache.maven.execution.scope.internal.MojoExecutionScopeTest
Tests run: 1, Failures: 0, Errors: 0, Skipped: 0, Time elapsed: 0 sec
Running org.apache.maven.execution.DefaultMavenExecutionTest
Tests run: 2, Failures: 0, Errors: 0, Skipped: 0, Time elapsed: 0 sec
Running org.apache.maven.artifact.handler.ArtifactHandlerTest
Tests run: 1, Failures: 0, Errors: 0, Skipped: 0, Time elapsed: 0.043 sec
Running org.apache.maven.ProjectDependenciesResolverTest
Tests run: 2, Failures: 0, Errors: 0, Skipped: 0, Time elapsed: 0.115 sec
Running org.apache.maven.plugin.PluginManagerTest
Tests run: 11, Failures: 0, Errors: 0, Skipped: 0, Time elapsed: 0.564 sec
Running org.apache.maven.plugin.PluginParameterExceptionTest
Tests run: 4, Failures: 0, Errors: 0, Skipped: 0, Time elapsed: 0.001 sec
Running org.apache.maven.plugin.internal.DefaultLegacySupportTest
Tests run: 1, Failures: 0, Errors: 0, Skipped: 0, Time elapsed: 0 sec
Running org.apache.maven.plugin.PluginParameterExpressionEvaluatorTest
Tests run: 17, Failures: 0, Errors: 0, Skipped: 0, Time elapsed: 0.638 sec
Running org.apache.maven.repository.TestRepositoryConnectorFactory
Tests run: 0, Failures: 0, Errors: 0, Skipped: 0, Time elapsed: 0 sec
Running org.apache.maven.repository.TestRepositorySystem
Tests run: 0, Failures: 0, Errors: 0, Skipped: 0, Time elapsed: 0.001 sec
Running org.apache.maven.project.artifact.MavenMetadataSourceTest
Tests run: 1, Failures: 0, Errors: 0, Skipped: 0, Time elapsed: 0.013 sec
Running org.apache.maven.project.artifact.DefaultMavenMetadataCacheTest
Tests run: 1, Failures: 0, Errors: 0, Skipped: 0, Time elapsed: 0.015 sec
Running org.apache.maven.project.ProjectSorterTest
Tests run: 12, Failures: 0, Errors: 0, Skipped: 0, Time elapsed: 0.002 sec
Running org.apache.maven.project.ExtensionDescriptorBuilderTest
Tests run: 2, Failures: 0, Errors: 0, Skipped: 0, Time elapsed: 0 sec
Running org.apache.maven.project.ProjectBuilderTest
Tests run: 2, Failures: 0, Errors: 0, Skipped: 0, Time elapsed: 0.078 sec
Running org.apache.maven.project.canonical.CanonicalProjectBuilderTest
Tests run: 1, Failures: 0, Errors: 0, Skipped: 0, Time elapsed: 0.043 sec
Running org.apache.maven.project.DefaultMavenProjectBuilderTest
Tests run: 4, Failures: 0, Errors: 0, Skipped: 0, Time elapsed: 0.164 sec
Running org.apache.maven.project.PomConstructionTest
Tests run: 122, Failures: 0, Errors: 0, Skipped: 0, Time elapsed: 3.467 sec
Running org.apache.maven.project.MavenProjectTest
Tests run: 10, Failures: 0, Errors: 1, Skipped: 0, Time elapsed: 0.275 sec <<< FAILURE!
Running org.apache.maven.project.TestMetadataSource
Tests run: 0, Failures: 0, Errors: 0, Skipped: 0, Time elapsed: 0.001 sec
Running org.apache.maven.toolchain.RequirementMatcherFactoryTest
Tests run: 2, Failures: 0, Errors: 0, Skipped: 0, Time elapsed: 0 sec
Running org.apache.maven.exception.DefaultExceptionHandlerTest
Tests run: 1, Failures: 0, Errors: 0, Skipped: 0, Time elapsed: 0 sec
Running org.apache.maven.MavenTest
Tests run: 1, Failures: 0, Errors: 0, Skipped: 0, Time elapsed: 0.031 sec
Running org.apache.maven.settings.PomConstructionWithSettingsTest
Tests run: 3, Failures: 0, Errors: 0, Skipped: 0, Time elapsed: 0.09 sec
Running org.apache.maven.settings.SettingsUtilsTest
Tests run: 2, Failures: 0, Errors: 0, Skipped: 0, Time elapsed: 0.001 sec

Results :

Tests in error: 
  testInvalidParent(org.apache.maven.project.MavenProjectTest): Failed to build parent project for [inherited]:child-artifact:jar:[inherited]

Tests run: 251, Failures: 0, Errors: 1, Skipped: 0

[INFO] ------------------------------------------------------------------------
[INFO] BUILD FAILURE
[INFO] ------------------------------------------------------------------------
[INFO] Total time: 18.673 s
[INFO] Finished at: 2016-07-13T21:49:34-07:00
[INFO] Final Memory: 84M/3950M
[INFO] ------------------------------------------------------------------------
[ERROR] Failed to execute goal org.apache.maven.plugins:maven-surefire-plugin:2.12:test (default-test) on project maven-core: There are test failures.
[ERROR] 
[ERROR] Please refer to /home/ylyu/parallel/maven/maven9/dataset/mng/MNG-5075_2eb419ed95ccfdd80c5755890e649a49274cceca/maven-core/target/surefire-reports for the individual test results.
[ERROR] -> [Help 1]
[ERROR] 
[ERROR] To see the full stack trace of the errors, re-run Maven with the -e switch.
[ERROR] Re-run Maven using the -X switch to enable full debug logging.
[ERROR] 
[ERROR] For more information about the errors and possible solutions, please read the following articles:
[ERROR] [Help 1] http://cwiki.apache.org/confluence/display/MAVEN/MojoFailureException
