[INFO] Scanning for projects...
[INFO]                                                                         
[INFO] ------------------------------------------------------------------------
[INFO] Building flink-runtime 1.0-SNAPSHOT
[INFO] ------------------------------------------------------------------------
[INFO] 
[INFO] --- maven-checkstyle-plugin:2.16:check (validate) @ flink-runtime_2.10 ---
[INFO] 
[INFO] --- maven-enforcer-plugin:1.3.1:enforce (enforce-maven) @ flink-runtime_2.10 ---
[INFO] 
[INFO] --- git-commit-id-plugin:2.1.5:revision (default) @ flink-runtime_2.10 ---
[info] 
[info] 
[INFO] 
[INFO] --- build-helper-maven-plugin:1.7:add-source (add-source) @ flink-runtime_2.10 ---
[INFO] Source directory: /space/parallel/flink/flink9/dataset/flink/FLINK-3342_8e3e2f8f4704d1f45e165cc41bd6d590e0ab0f63/flink-runtime/src/main/scala added.
[INFO] 
[INFO] --- maven-remote-resources-plugin:1.5:process (default) @ flink-runtime_2.10 ---
[INFO] 
[INFO] --- maven-resources-plugin:2.6:resources (default-resources) @ flink-runtime_2.10 ---
[INFO] Using 'UTF-8' encoding to copy filtered resources.
[INFO] Copying 1 resource
[INFO] Copying 3 resources
[INFO] 
[INFO] --- scala-maven-plugin:3.1.4:compile (scala-compile-first) @ flink-runtime_2.10 ---
[INFO] Nothing to compile - all classes are up to date
[INFO] 
[INFO] --- maven-compiler-plugin:3.1:compile (default-compile) @ flink-runtime_2.10 ---
[INFO] Changes detected - recompiling the module!
[INFO] Compiling 532 source files to /space/parallel/flink/flink9/dataset/flink/FLINK-3342_8e3e2f8f4704d1f45e165cc41bd6d590e0ab0f63/flink-runtime/target/classes
[WARNING] /space/parallel/flink/flink9/dataset/flink/FLINK-3342_8e3e2f8f4704d1f45e165cc41bd6d590e0ab0f63/flink-runtime/src/main/java/org/apache/flink/runtime/util/SignalHandler.java:[22,16] sun.misc.Signal is internal proprietary API and may be removed in a future release
[WARNING] /space/parallel/flink/flink9/dataset/flink/FLINK-3342_8e3e2f8f4704d1f45e165cc41bd6d590e0ab0f63/flink-runtime/src/main/java/org/apache/flink/runtime/util/SignalHandler.java:[34,57] sun.misc.SignalHandler is internal proprietary API and may be removed in a future release
[WARNING] /space/parallel/flink/flink9/dataset/flink/FLINK-3342_8e3e2f8f4704d1f45e165cc41bd6d590e0ab0f63/flink-runtime/src/main/java/org/apache/flink/runtime/zookeeper/ZooKeeperStateHandleStore.java:[90,44] unchecked conversion
  required: org.apache.flink.runtime.zookeeper.StateStorageHelper<T>
  found:    org.apache.flink.runtime.zookeeper.StateStorageHelper
[WARNING] /space/parallel/flink/flink9/dataset/flink/FLINK-3342_8e3e2f8f4704d1f45e165cc41bd6d590e0ab0f63/flink-runtime/src/main/java/org/apache/flink/runtime/state/AbstractStateBackend.java:[277,80] unchecked call to restoreState(Backend,org.apache.flink.api.common.typeutils.TypeSerializer<K>,java.lang.ClassLoader,long) as a member of the raw type org.apache.flink.runtime.state.KvStateSnapshot
[WARNING] /space/parallel/flink/flink9/dataset/flink/FLINK-3342_8e3e2f8f4704d1f45e165cc41bd6d590e0ab0f63/flink-runtime/src/main/java/org/apache/flink/runtime/util/DataOutputSerializer.java:[336,38] sun.misc.Unsafe is internal proprietary API and may be removed in a future release
[WARNING] /space/parallel/flink/flink9/dataset/flink/FLINK-3342_8e3e2f8f4704d1f45e165cc41bd6d590e0ab0f63/flink-runtime/src/main/java/org/apache/flink/runtime/operators/udf/AssignRangeIndex.java:[51,51] unchecked call to CommonRangeBoundaries(org.apache.flink.api.common.typeutils.TypeComparator<T>,java.lang.Object[][]) as a member of the raw type org.apache.flink.api.common.distributions.CommonRangeBoundaries
[WARNING] /space/parallel/flink/flink9/dataset/flink/FLINK-3342_8e3e2f8f4704d1f45e165cc41bd6d590e0ab0f63/flink-runtime/src/main/java/org/apache/flink/runtime/operators/udf/AssignRangeIndex.java:[56,80] unchecked call to getRangeIndex(T) as a member of the raw type org.apache.flink.api.common.distributions.RangeBoundaries
[WARNING] /space/parallel/flink/flink9/dataset/flink/FLINK-3342_8e3e2f8f4704d1f45e165cc41bd6d590e0ab0f63/flink-runtime/src/main/java/org/apache/flink/runtime/operators/shipping/OutputEmitter.java:[293,64] unchecked call to compare(T,T) as a member of the raw type org.apache.flink.api.common.typeutils.TypeComparator
[WARNING] /space/parallel/flink/flink9/dataset/flink/FLINK-3342_8e3e2f8f4704d1f45e165cc41bd6d590e0ab0f63/flink-runtime/src/main/java/org/apache/flink/runtime/util/SignalHandler.java:[37,39] sun.misc.SignalHandler is internal proprietary API and may be removed in a future release
[WARNING] /space/parallel/flink/flink9/dataset/flink/FLINK-3342_8e3e2f8f4704d1f45e165cc41bd6d590e0ab0f63/flink-runtime/src/main/java/org/apache/flink/runtime/util/SignalHandler.java:[41,57] sun.misc.Signal is internal proprietary API and may be removed in a future release
[WARNING] /space/parallel/flink/flink9/dataset/flink/FLINK-3342_8e3e2f8f4704d1f45e165cc41bd6d590e0ab0f63/flink-runtime/src/main/java/org/apache/flink/runtime/util/SignalHandler.java:[41,39] sun.misc.Signal is internal proprietary API and may be removed in a future release
[WARNING] /space/parallel/flink/flink9/dataset/flink/FLINK-3342_8e3e2f8f4704d1f45e165cc41bd6d590e0ab0f63/flink-runtime/src/main/java/org/apache/flink/runtime/util/SignalHandler.java:[50,36] sun.misc.Signal is internal proprietary API and may be removed in a future release
[WARNING] /space/parallel/flink/flink9/dataset/flink/FLINK-3342_8e3e2f8f4704d1f45e165cc41bd6d590e0ab0f63/flink-runtime/src/main/java/org/apache/flink/runtime/util/DataInputDeserializer.java:[372,38] sun.misc.Unsafe is internal proprietary API and may be removed in a future release
[WARNING] /space/parallel/flink/flink9/dataset/flink/FLINK-3342_8e3e2f8f4704d1f45e165cc41bd6d590e0ab0f63/flink-runtime/src/main/java/org/apache/flink/runtime/util/DependencyVisitor.java:[191,29] visitMethodInsn(int,java.lang.String,java.lang.String,java.lang.String) in org.objectweb.asm.MethodVisitor has been deprecated
[INFO] 
[INFO] --- build-helper-maven-plugin:1.7:add-test-source (add-test-source) @ flink-runtime_2.10 ---
[INFO] Test Source directory: /space/parallel/flink/flink9/dataset/flink/FLINK-3342_8e3e2f8f4704d1f45e165cc41bd6d590e0ab0f63/flink-runtime/src/test/scala added.
[INFO] 
[INFO] --- maven-resources-plugin:2.6:testResources (default-testResources) @ flink-runtime_2.10 ---
[INFO] Using 'UTF-8' encoding to copy filtered resources.
[INFO] Copying 2 resources
[INFO] Copying 3 resources
[INFO] 
[INFO] --- scala-maven-plugin:3.1.4:testCompile (scala-test-compile) @ flink-runtime_2.10 ---
[INFO] Nothing to compile - all classes are up to date
[INFO] 
[INFO] --- maven-compiler-plugin:3.1:testCompile (default-testCompile) @ flink-runtime_2.10 ---
[INFO] Nothing to compile - all classes are up to date
[INFO] 
[INFO] --- maven-surefire-plugin:2.18.1:test (default-test) @ flink-runtime_2.10 ---
[INFO] Surefire report directory: /space/parallel/flink/flink9/dataset/flink/FLINK-3342_8e3e2f8f4704d1f45e165cc41bd6d590e0ab0f63/flink-runtime/target/surefire-reports

-------------------------------------------------------
 T E S T S
-------------------------------------------------------
Running org.apache.flink.runtime.operators.drivers.ReduceDriverTest
Running org.apache.flink.runtime.operators.drivers.ReduceCombineDriverTest
Running org.apache.flink.runtime.operators.resettable.NonReusingBlockResettableIteratorTest
Running org.apache.flink.runtime.operators.hash.CompactingHashTableTest
Running org.apache.flink.runtime.operators.resettable.BlockResettableMutableObjectIteratorTest
Tests run: 3, Failures: 0, Errors: 0, Skipped: 0, Time elapsed: 0.758 sec - in org.apache.flink.runtime.operators.drivers.ReduceDriverTest
Running org.apache.flink.runtime.operators.resettable.SpillingResettableIteratorTest
Running org.apache.flink.runtime.operators.drivers.GroupReduceDriverTest
Running org.apache.flink.runtime.operators.JoinTaskTest
Tests run: 3, Failures: 0, Errors: 0, Skipped: 0, Time elapsed: 1.188 sec - in org.apache.flink.runtime.operators.drivers.ReduceCombineDriverTest
Running org.apache.flink.runtime.operators.CombinerOversizedRecordsTest
Running org.apache.flink.runtime.operators.hash.MemoryHashTableTest
Running org.apache.flink.runtime.operators.FullOuterJoinTaskTest
Running org.apache.flink.runtime.operators.hash.HashTableTest
Running org.apache.flink.runtime.operators.CombineTaskTest
Running org.apache.flink.runtime.operators.CoGroupTaskTest
Running org.apache.flink.runtime.operators.resettable.SpillingResettableMutableObjectIteratorTest
Running org.apache.flink.runtime.operators.CachedMatchTaskTest
Running org.apache.flink.runtime.operators.RightOuterJoinTaskTest
Running org.apache.flink.runtime.operators.FlatMapTaskTest
Running org.apache.flink.runtime.operators.drivers.AllReduceDriverTest
Running org.apache.flink.runtime.operators.resettable.ReusingBlockResettableIteratorTest
Running org.apache.flink.runtime.operators.drivers.AllGroupReduceDriverTest
Running org.apache.flink.runtime.operators.LeftOuterJoinTaskTest
Running org.apache.flink.runtime.operators.sort.FixedLengthRecordSorterTest
Running org.apache.flink.runtime.operators.sort.MergeIteratorTest
Tests run: 3, Failures: 0, Errors: 0, Skipped: 0, Time elapsed: 1.734 sec - in org.apache.flink.runtime.operators.drivers.AllReduceDriverTest
Tests run: 5, Failures: 0, Errors: 0, Skipped: 0, Time elapsed: 2.43 sec - in org.apache.flink.runtime.operators.drivers.GroupReduceDriverTest
Tests run: 3, Failures: 0, Errors: 0, Skipped: 0, Time elapsed: 0.414 sec - in org.apache.flink.runtime.operators.sort.MergeIteratorTest
Tests run: 3, Failures: 0, Errors: 0, Skipped: 0, Time elapsed: 3.704 sec - in org.apache.flink.runtime.operators.resettable.NonReusingBlockResettableIteratorTest
Tests run: 3, Failures: 0, Errors: 0, Skipped: 0, Time elapsed: 2.03 sec - in org.apache.flink.runtime.operators.drivers.AllGroupReduceDriverTest
Tests run: 3, Failures: 0, Errors: 0, Skipped: 0, Time elapsed: 3.964 sec - in org.apache.flink.runtime.operators.resettable.BlockResettableMutableObjectIteratorTest
Running org.apache.flink.runtime.operators.util.BloomFilterTest
Tests run: 9, Failures: 0, Errors: 0, Skipped: 0, Time elapsed: 0.067 sec - in org.apache.flink.runtime.operators.util.BloomFilterTest
Running org.apache.flink.runtime.operators.sort.LargeRecordHandlerTest
Tests run: 6, Failures: 0, Errors: 0, Skipped: 0, Time elapsed: 3.915 sec - in org.apache.flink.runtime.operators.CombineTaskTest
Tests run: 6, Failures: 0, Errors: 0, Skipped: 0, Time elapsed: 3.78 sec - in org.apache.flink.runtime.operators.FlatMapTaskTest
Tests run: 2, Failures: 0, Errors: 0, Skipped: 0, Time elapsed: 4.365 sec - in org.apache.flink.runtime.operators.CombinerOversizedRecordsTest
Tests run: 3, Failures: 0, Errors: 0, Skipped: 0, Time elapsed: 3.688 sec - in org.apache.flink.runtime.operators.resettable.ReusingBlockResettableIteratorTest
Running org.apache.flink.runtime.operators.util.BitSetTest
Running org.apache.flink.runtime.operators.util.OutputEmitterTest
Running org.apache.flink.runtime.operators.sort.NormalizedKeySorterTest
Tests run: 4, Failures: 0, Errors: 0, Skipped: 0, Time elapsed: 4.767 sec - in org.apache.flink.runtime.operators.resettable.SpillingResettableIteratorTest
Tests run: 8, Failures: 0, Errors: 0, Skipped: 0, Time elapsed: 1.23 sec - in org.apache.flink.runtime.operators.util.OutputEmitterTest
Tests run: 2, Failures: 0, Errors: 0, Skipped: 0, Time elapsed: 5.655 sec - in org.apache.flink.runtime.operators.resettable.SpillingResettableMutableObjectIteratorTest
Running org.apache.flink.runtime.operators.ReduceTaskTest
Tests run: 6, Failures: 0, Errors: 0, Skipped: 0, Time elapsed: 1.605 sec - in org.apache.flink.runtime.operators.util.BitSetTest
Running org.apache.flink.runtime.operators.CrossTaskTest
Running org.apache.flink.runtime.checkpoint.HeapStateStoreTest
Tests run: 3, Failures: 0, Errors: 0, Skipped: 0, Time elapsed: 0.075 sec - in org.apache.flink.runtime.checkpoint.HeapStateStoreTest
Running org.apache.flink.runtime.checkpoint.SavepointStoreFactoryTest
Running org.apache.flink.runtime.checkpoint.CheckpointCoordinatorTest
Running org.apache.flink.runtime.checkpoint.SavepointCoordinatorTest
Tests run: 6, Failures: 0, Errors: 0, Skipped: 0, Time elapsed: 0.798 sec - in org.apache.flink.runtime.checkpoint.SavepointStoreFactoryTest
Running org.apache.flink.runtime.checkpoint.CheckpointStateRestoreTest
Running org.apache.flink.runtime.checkpoint.CheckpointIDCounterTest$StandaloneCheckpointIDCounterTest
Running org.apache.flink.runtime.checkpoint.ExecutionGraphCheckpointCoordinatorTest
Running org.apache.flink.runtime.checkpoint.StandaloneCompletedCheckpointStoreTest
Running org.apache.flink.runtime.operators.chaining.ChainTaskTest
Running org.apache.flink.runtime.checkpoint.CoordinatorShutdownTest
Tests run: 6, Failures: 0, Errors: 0, Skipped: 0, Time elapsed: 0.653 sec - in org.apache.flink.runtime.checkpoint.StandaloneCompletedCheckpointStoreTest
Tests run: 3, Failures: 0, Errors: 0, Skipped: 0, Time elapsed: 2.069 sec - in org.apache.flink.runtime.checkpoint.CheckpointIDCounterTest$StandaloneCheckpointIDCounterTest
Tests run: 3, Failures: 0, Errors: 0, Skipped: 0, Time elapsed: 2.652 sec - in org.apache.flink.runtime.checkpoint.CheckpointStateRestoreTest
Tests run: 26, Failures: 0, Errors: 0, Skipped: 0, Time elapsed: 10.451 sec - in org.apache.flink.runtime.operators.FullOuterJoinTaskTest
Tests run: 18, Failures: 0, Errors: 0, Skipped: 0, Time elapsed: 10.42 sec - in org.apache.flink.runtime.operators.CoGroupTaskTest
Running org.apache.flink.runtime.checkpoint.stats.SimpleCheckpointStatsTrackerTest
Running org.apache.flink.runtime.checkpoint.stats.DisabledCheckpointStatsTrackerTest
Running org.apache.flink.runtime.memory.MemoryManagerConcurrentModReleaseTest
Tests run: 16, Failures: 0, Errors: 0, Skipped: 0, Time elapsed: 5.443 sec - in org.apache.flink.runtime.checkpoint.CheckpointCoordinatorTest
Tests run: 22, Failures: 0, Errors: 0, Skipped: 0, Time elapsed: 12.154 sec - in org.apache.flink.runtime.operators.CachedMatchTaskTest
Running org.apache.flink.runtime.checkpoint.FileSystemStateStoreTest
Tests run: 1, Failures: 0, Errors: 0, Skipped: 0, Time elapsed: 0.49 sec - in org.apache.flink.runtime.checkpoint.stats.DisabledCheckpointStatsTrackerTest
Running org.apache.flink.runtime.memory.MemorySegmentSimpleTest
Tests run: 1, Failures: 0, Errors: 0, Skipped: 0, Time elapsed: 4.639 sec - in org.apache.flink.runtime.checkpoint.ExecutionGraphCheckpointCoordinatorTest
Tests run: 2, Failures: 0, Errors: 0, Skipped: 0, Time elapsed: 1.498 sec - in org.apache.flink.runtime.memory.MemoryManagerConcurrentModReleaseTest
Running org.apache.flink.runtime.operators.DataSinkTaskTest
Running org.apache.flink.runtime.memory.MemoryManagerTest
Running org.apache.flink.runtime.memory.MemoryManagerLazyAllocationTest
Running org.apache.flink.runtime.operators.DataSourceTaskTest
Tests run: 14, Failures: 0, Errors: 0, Skipped: 0, Time elapsed: 7.116 sec - in org.apache.flink.runtime.checkpoint.SavepointCoordinatorTest
Tests run: 3, Failures: 0, Errors: 0, Skipped: 0, Time elapsed: 1.936 sec - in org.apache.flink.runtime.checkpoint.FileSystemStateStoreTest
Tests run: 5, Failures: 2, Errors: 0, Skipped: 0, Time elapsed: 3.859 sec <<< FAILURE! - in org.apache.flink.runtime.checkpoint.stats.SimpleCheckpointStatsTrackerTest
testRandomStats(org.apache.flink.runtime.checkpoint.stats.SimpleCheckpointStatsTrackerTest)  Time elapsed: 3.74 sec  <<< FAILURE!
java.lang.AssertionError: expected:<CheckpointStats{checkpointId=0, triggerTimestamp=1468530063180, duration=21, stateSize=-7081107918679045612}> but was:<CheckpointStats{checkpointId=0, triggerTimestamp=1468530063180, duration=21, stateSize=-2098329068}>
	at org.junit.Assert.fail(Assert.java:88)
	at org.junit.Assert.failNotEquals(Assert.java:743)
	at org.junit.Assert.assertEquals(Assert.java:118)
	at org.junit.Assert.assertEquals(Assert.java:144)
	at org.apache.flink.runtime.checkpoint.stats.SimpleCheckpointStatsTrackerTest.verifyJobStats(SimpleCheckpointStatsTrackerTest.java:176)
	at org.apache.flink.runtime.checkpoint.stats.SimpleCheckpointStatsTrackerTest.testRandomStats(SimpleCheckpointStatsTrackerTest.java:70)

testCompletedCheckpointReordering(org.apache.flink.runtime.checkpoint.stats.SimpleCheckpointStatsTrackerTest)  Time elapsed: 0.01 sec  <<< FAILURE!
java.lang.AssertionError: expected:<CheckpointStats{checkpointId=1, triggerTimestamp=1468530066917, duration=66, stateSize=-4982714695508294559}> but was:<CheckpointStats{checkpointId=1, triggerTimestamp=1468530066917, duration=66, stateSize=1293681761}>
	at org.junit.Assert.fail(Assert.java:88)
	at org.junit.Assert.failNotEquals(Assert.java:743)
	at org.junit.Assert.assertEquals(Assert.java:118)
	at org.junit.Assert.assertEquals(Assert.java:144)
	at org.apache.flink.runtime.checkpoint.stats.SimpleCheckpointStatsTrackerTest.verifyJobStats(SimpleCheckpointStatsTrackerTest.java:176)
	at org.apache.flink.runtime.checkpoint.stats.SimpleCheckpointStatsTrackerTest.testCompletedCheckpointReordering(SimpleCheckpointStatsTrackerTest.java:98)

Running org.apache.flink.runtime.iterative.concurrent.BlockingBackChannelTest
Tests run: 12, Failures: 0, Errors: 0, Skipped: 0, Time elapsed: 9.167 sec - in org.apache.flink.runtime.operators.ReduceTaskTest
Tests run: 4, Failures: 0, Errors: 0, Skipped: 0, Time elapsed: 1.357 sec - in org.apache.flink.runtime.memory.MemoryManagerTest
Running org.apache.flink.runtime.iterative.event.EventWithAggregatorsTest
Tests run: 2, Failures: 0, Errors: 0, Skipped: 0, Time elapsed: 0.186 sec - in org.apache.flink.runtime.iterative.event.EventWithAggregatorsTest
Running org.apache.flink.runtime.iterative.concurrent.SuperstepBarrierTest
Running org.apache.flink.runtime.iterative.concurrent.BrokerTest
Tests run: 4, Failures: 0, Errors: 0, Skipped: 0, Time elapsed: 1.94 sec - in org.apache.flink.runtime.memory.MemoryManagerLazyAllocationTest
Running org.apache.flink.runtime.iterative.concurrent.SuperstepKickoffLatchTest
Tests run: 44, Failures: 0, Errors: 0, Skipped: 0, Time elapsed: 16.267 sec - in org.apache.flink.runtime.operators.RightOuterJoinTaskTest
Tests run: 5, Failures: 0, Errors: 0, Skipped: 0, Time elapsed: 0.415 sec - in org.apache.flink.runtime.iterative.concurrent.SuperstepKickoffLatchTest
Running org.apache.flink.runtime.net.ConnectionUtilsTest
Tests run: 1, Failures: 0, Errors: 0, Skipped: 0, Time elapsed: 1.827 sec - in org.apache.flink.runtime.iterative.concurrent.BlockingBackChannelTest
Running org.apache.flink.runtime.blob.BlobCacheRetriesTest
Running org.apache.flink.runtime.blob.BlobServerRangeTest
Tests run: 32, Failures: 0, Errors: 0, Skipped: 0, Time elapsed: 10.9 sec - in org.apache.flink.runtime.operators.CrossTaskTest
Running org.apache.flink.runtime.blob.BlobServerGetTest
Tests run: 2, Failures: 0, Errors: 0, Skipped: 0, Time elapsed: 1.357 sec - in org.apache.flink.runtime.iterative.concurrent.SuperstepBarrierTest
Running org.apache.flink.runtime.blob.BlobServerPutTest
Tests run: 44, Failures: 0, Errors: 0, Skipped: 0, Time elapsed: 16.941 sec - in org.apache.flink.runtime.operators.LeftOuterJoinTaskTest
Tests run: 9, Failures: 0, Errors: 0, Skipped: 0, Time elapsed: 4.961 sec - in org.apache.flink.runtime.memory.MemorySegmentSimpleTest
Running org.apache.flink.runtime.blob.BlobClientTest
Tests run: 2, Failures: 0, Errors: 0, Skipped: 0, Time elapsed: 1.335 sec - in org.apache.flink.runtime.blob.BlobCacheRetriesTest
Running org.apache.flink.runtime.blob.BlobUtilsTest
Tests run: 1, Failures: 0, Errors: 0, Skipped: 0, Time elapsed: 2.391 sec - in org.apache.flink.runtime.iterative.concurrent.BrokerTest
Running org.apache.flink.runtime.blob.BlobKeyTest
Running org.apache.flink.runtime.blob.BlobServerDeleteTest
Tests run: 3, Failures: 0, Errors: 0, Skipped: 0, Time elapsed: 1.707 sec - in org.apache.flink.runtime.blob.BlobServerRangeTest
Tests run: 2, Failures: 0, Errors: 0, Skipped: 0, Time elapsed: 10.188 sec - in org.apache.flink.runtime.checkpoint.CoordinatorShutdownTest
Tests run: 4, Failures: 0, Errors: 0, Skipped: 0, Time elapsed: 0.533 sec - in org.apache.flink.runtime.blob.BlobKeyTest
Tests run: 2, Failures: 0, Errors: 0, Skipped: 0, Time elapsed: 2.063 sec - in org.apache.flink.runtime.blob.BlobServerGetTest
Tests run: 2, Failures: 0, Errors: 0, Skipped: 0, Time elapsed: 0.984 sec - in org.apache.flink.runtime.blob.BlobUtilsTest
Tests run: 3, Failures: 0, Errors: 0, Skipped: 0, Time elapsed: 15.611 sec - in org.apache.flink.runtime.operators.sort.LargeRecordHandlerTest
Running org.apache.flink.runtime.jobgraph.JobGraphTest
Running org.apache.flink.runtime.filecache.FileCacheDeleteValidationTest
Running org.apache.flink.runtime.blob.BlobCacheSuccessTest
Tests run: 1, Failures: 0, Errors: 0, Skipped: 0, Time elapsed: 3.203 sec - in org.apache.flink.runtime.net.ConnectionUtilsTest
Tests run: 46, Failures: 0, Errors: 0, Skipped: 0, Time elapsed: 20.497 sec - in org.apache.flink.runtime.operators.JoinTaskTest
Running org.apache.flink.runtime.jobgraph.jsonplan.JsonGeneratorTest
Running org.apache.flink.runtime.jobgraph.JobTaskVertexTest
Tests run: 1, Failures: 0, Errors: 0, Skipped: 0, Time elapsed: 0.851 sec - in org.apache.flink.runtime.blob.BlobCacheSuccessTest
Running org.apache.flink.runtime.leaderelection.JobManagerLeaderElectionTest
Tests run: 6, Failures: 0, Errors: 0, Skipped: 0, Time elapsed: 1.036 sec - in org.apache.flink.runtime.jobgraph.JobGraphTest
Running org.apache.flink.runtime.jobgraph.JobIdTest
Tests run: 1, Failures: 0, Errors: 0, Skipped: 0, Time elapsed: 0.061 sec - in org.apache.flink.runtime.jobgraph.JobIdTest
Tests run: 5, Failures: 0, Errors: 0, Skipped: 0, Time elapsed: 2.418 sec - in org.apache.flink.runtime.blob.BlobServerDeleteTest
Running org.apache.flink.runtime.leaderelection.ZooKeeperLeaderRetrievalTest
Running org.apache.flink.runtime.leaderelection.StandaloneLeaderElectionTest
Running org.apache.flink.runtime.event.task.TaskEventTest
Tests run: 3, Failures: 0, Errors: 0, Skipped: 0, Time elapsed: 0.027 sec - in org.apache.flink.runtime.event.task.TaskEventTest
Running org.apache.flink.runtime.leaderelection.ZooKeeperLeaderElectionTest
Tests run: 5, Failures: 0, Errors: 0, Skipped: 0, Time elapsed: 1.077 sec - in org.apache.flink.runtime.jobgraph.JobTaskVertexTest
Tests run: 1, Failures: 0, Errors: 0, Skipped: 0, Time elapsed: 0.621 sec - in org.apache.flink.runtime.leaderelection.StandaloneLeaderElectionTest
Running org.apache.flink.runtime.messages.CheckpointMessagesTest
Running org.apache.flink.runtime.leaderelection.LeaderChangeStateCleanupTest
Tests run: 2, Failures: 0, Errors: 0, Skipped: 0, Time elapsed: 0.408 sec - in org.apache.flink.runtime.messages.CheckpointMessagesTest
Running org.apache.flink.runtime.messages.WebMonitorMessagesTest
Tests run: 1, Failures: 0, Errors: 0, Skipped: 0, Time elapsed: 2.345 sec - in org.apache.flink.runtime.jobgraph.jsonplan.JsonGeneratorTest
Running org.apache.flink.runtime.executiongraph.ExecutionStateProgressTest
Running org.apache.flink.runtime.executiongraph.ExecutionGraphRestartTest
Running org.apache.flink.runtime.executiongraph.ExecutionGraphDeploymentTest
Running org.apache.flink.runtime.executiongraph.TerminalStateDeadlockTest
Tests run: 3, Failures: 0, Errors: 0, Skipped: 0, Time elapsed: 0.726 sec - in org.apache.flink.runtime.messages.WebMonitorMessagesTest
Running org.apache.flink.runtime.executiongraph.ExecutionVertexSchedulingTest
Running org.apache.flink.runtime.executiongraph.VertexSlotSharingTest
Running org.apache.flink.runtime.executiongraph.PointwisePatternTest
Running org.apache.flink.runtime.executiongraph.TaskManagerLossFailsTasksTest
Tests run: 8, Failures: 0, Errors: 0, Skipped: 0, Time elapsed: 23.788 sec - in org.apache.flink.runtime.operators.sort.FixedLengthRecordSorterTest
Tests run: 3, Failures: 0, Errors: 0, Skipped: 0, Time elapsed: 25.408 sec - in org.apache.flink.runtime.operators.hash.HashTableTest
Tests run: 3, Failures: 0, Errors: 0, Skipped: 0, Time elapsed: 26.776 sec - in org.apache.flink.runtime.operators.hash.CompactingHashTableTest
Tests run: 5, Failures: 0, Errors: 0, Skipped: 0, Time elapsed: 8.302 sec - in org.apache.flink.runtime.blob.BlobServerPutTest
Running org.apache.flink.runtime.executiongraph.ExecutionVertexCancelTest
Tests run: 1, Failures: 0, Errors: 0, Skipped: 0, Time elapsed: 6.421 sec - in org.apache.flink.runtime.filecache.FileCacheDeleteValidationTest
Tests run: 1, Failures: 0, Errors: 0, Skipped: 0, Time elapsed: 2.407 sec - in org.apache.flink.runtime.executiongraph.TaskManagerLossFailsTasksTest
Running org.apache.flink.runtime.executiongraph.AllVerticesIteratorTest
Running org.apache.flink.runtime.executiongraph.VertexLocationConstraintTest
Tests run: 1, Failures: 0, Errors: 0, Skipped: 0, Time elapsed: 4.357 sec - in org.apache.flink.runtime.executiongraph.ExecutionStateProgressTest
Tests run: 3, Failures: 0, Errors: 0, Skipped: 0, Time elapsed: 3.707 sec - in org.apache.flink.runtime.executiongraph.ExecutionVertexSchedulingTest
Running org.apache.flink.runtime.executiongraph.ExecutionVertexDeploymentTest
Running org.apache.flink.runtime.executiongraph.LocalInputSplitsTest
Running org.apache.flink.runtime.executiongraph.ExecutionGraphConstructionTest
Tests run: 1, Failures: 0, Errors: 0, Skipped: 0, Time elapsed: 5.017 sec - in org.apache.flink.runtime.executiongraph.VertexSlotSharingTest
Tests run: 7, Failures: 0, Errors: 0, Skipped: 0, Time elapsed: 4.567 sec - in org.apache.flink.runtime.executiongraph.PointwisePatternTest
Tests run: 4, Failures: 0, Errors: 0, Skipped: 0, Time elapsed: 11.2 sec - in org.apache.flink.runtime.blob.BlobClientTest
Running org.apache.flink.runtime.jobmanager.JobManagerProcessReapingTest
Running org.apache.flink.runtime.jobmanager.SlotCountExceedingParallelismTest
Tests run: 1, Failures: 0, Errors: 0, Skipped: 0, Time elapsed: 3.438 sec - in org.apache.flink.runtime.executiongraph.AllVerticesIteratorTest
Running org.apache.flink.runtime.jobmanager.JobManagerStartupTest
Running org.apache.flink.runtime.jobmanager.JobManagerTest
[ERROR] [07/14/2016 14:01:23.877] [TestingActorSystem-akka.actor.default-dispatcher-2] [akka://TestingActorSystem/user/$a] Kill (akka.actor.ActorKilledException)
Tests run: 2, Failures: 0, Errors: 0, Skipped: 0, Time elapsed: 22.708 sec - in org.apache.flink.runtime.operators.chaining.ChainTaskTest
Running org.apache.flink.runtime.jobmanager.scheduler.SchedulerSlotSharingTest
Tests run: 6, Failures: 0, Errors: 0, Skipped: 0, Time elapsed: 8.541 sec - in org.apache.flink.runtime.executiongraph.ExecutionGraphRestartTest
[INFO] [07/14/2016 14:01:24.287] [TestingActorSystem-akka.actor.default-dispatcher-5] [akka://TestingActorSystem/user/$a] Message [org.apache.flink.runtime.messages.JobManagerMessages$LeaderSessionMessage] from Actor[akka://TestingActorSystem/deadLetters] to Actor[akka://TestingActorSystem/user/$a#427704807] was not delivered. [1] dead letters encountered. This logging can be turned off or adjusted with configuration settings 'akka.log-dead-letters' and 'akka.log-dead-letters-during-shutdown'.
Running org.apache.flink.runtime.jobmanager.JobManagerConnectionTest
Tests run: 6, Failures: 0, Errors: 0, Skipped: 0, Time elapsed: 5.177 sec - in org.apache.flink.runtime.executiongraph.VertexLocationConstraintTest
Tests run: 11, Failures: 0, Errors: 0, Skipped: 0, Time elapsed: 6.619 sec - in org.apache.flink.runtime.executiongraph.ExecutionVertexCancelTest
Tests run: 8, Failures: 0, Errors: 0, Skipped: 0, Time elapsed: 3.961 sec - in org.apache.flink.runtime.executiongraph.ExecutionGraphConstructionTest
Tests run: 14, Failures: 0, Errors: 0, Skipped: 0, Time elapsed: 32.954 sec - in org.apache.flink.runtime.operators.hash.MemoryHashTableTest
[ERROR] [07/14/2016 14:01:25.362] [TestingActorSystem-akka.actor.default-dispatcher-2] [akka://TestingActorSystem/user/$c] Kill (akka.actor.ActorKilledException)
[INFO] [07/14/2016 14:01:25.414] [TestingActorSystem-akka.actor.default-dispatcher-2] [akka://TestingActorSystem/user/$c] Message [akka.dispatch.sysmsg.Terminate] from Actor[akka://TestingActorSystem/user/$c#-1651463853] to Actor[akka://TestingActorSystem/user/$c#-1651463853] was not delivered. [2] dead letters encountered. This logging can be turned off or adjusted with configuration settings 'akka.log-dead-letters' and 'akka.log-dead-letters-during-shutdown'.
[INFO] [07/14/2016 14:01:25.423] [TestingActorSystem-akka.actor.default-dispatcher-5] [akka://TestingActorSystem/user/$c] Message [org.apache.flink.runtime.messages.JobManagerMessages$LeaderSessionMessage] from Actor[akka://TestingActorSystem/deadLetters] to Actor[akka://TestingActorSystem/user/$c#-1651463853] was not delivered. [3] dead letters encountered. This logging can be turned off or adjusted with configuration settings 'akka.log-dead-letters' and 'akka.log-dead-letters-during-shutdown'.
Tests run: 2, Failures: 0, Errors: 0, Skipped: 0, Time elapsed: 12.243 sec - in org.apache.flink.runtime.leaderelection.JobManagerLeaderElectionTest
Running org.apache.flink.runtime.jobmanager.scheduler.SlotAllocationFutureTest
Tests run: 7, Failures: 0, Errors: 0, Skipped: 0, Time elapsed: 5.699 sec - in org.apache.flink.runtime.executiongraph.LocalInputSplitsTest
Tests run: 1, Failures: 0, Errors: 0, Skipped: 0, Time elapsed: 10.486 sec - in org.apache.flink.runtime.executiongraph.TerminalStateDeadlockTest
Running org.apache.flink.runtime.jobmanager.scheduler.SetQueueTest
Tests run: 2, Failures: 0, Errors: 0, Skipped: 0, Time elapsed: 0.049 sec - in org.apache.flink.runtime.jobmanager.scheduler.SetQueueTest
Running org.apache.flink.runtime.jobmanager.JobManagerRegistrationTest
Running org.apache.flink.runtime.jobmanager.scheduler.ScheduleOrUpdateConsumersTest
Tests run: 3, Failures: 0, Errors: 0, Skipped: 0, Time elapsed: 0.923 sec - in org.apache.flink.runtime.jobmanager.scheduler.SlotAllocationFutureTest
Running org.apache.flink.runtime.jobmanager.scheduler.ScheduleWithCoLocationHintTest
Running org.apache.flink.runtime.jobmanager.scheduler.SchedulerIsolatedTasksTest
Running org.apache.flink.runtime.jobmanager.scheduler.CoLocationConstraintTest
Tests run: 7, Failures: 0, Errors: 0, Skipped: 0, Time elapsed: 7.71 sec - in org.apache.flink.runtime.executiongraph.ExecutionVertexDeploymentTest
Running org.apache.flink.runtime.jobmanager.scheduler.LifoSetQueueTest
Tests run: 2, Failures: 0, Errors: 0, Skipped: 0, Time elapsed: 0.074 sec - in org.apache.flink.runtime.jobmanager.scheduler.LifoSetQueueTest
Running org.apache.flink.runtime.jobmanager.StandaloneSubmittedJobGraphStoreTest
Running org.apache.flink.runtime.jobmanager.JobSubmitTest
Running org.apache.flink.runtime.taskmanager.TaskExecutionStateTest
Tests run: 2, Failures: 0, Errors: 0, Skipped: 0, Time elapsed: 2.163 sec - in org.apache.flink.runtime.jobmanager.JobManagerRegistrationTest
Tests run: 3, Failures: 0, Errors: 0, Skipped: 0, Time elapsed: 0.641 sec - in org.apache.flink.runtime.taskmanager.TaskExecutionStateTest
Running org.apache.flink.runtime.taskmanager.TaskAsyncCallTest
Running org.apache.flink.runtime.taskmanager.TaskManagerTest
Tests run: 2, Failures: 0, Errors: 0, Skipped: 0, Time elapsed: 1.831 sec - in org.apache.flink.runtime.jobmanager.scheduler.CoLocationConstraintTest
Tests run: 1, Failures: 0, Errors: 0, Skipped: 0, Time elapsed: 1.714 sec - in org.apache.flink.runtime.jobmanager.StandaloneSubmittedJobGraphStoreTest
Running org.apache.flink.runtime.taskmanager.TaskInputSplitProviderTest
Tests run: 2, Failures: 0, Errors: 0, Skipped: 0, Time elapsed: 7.777 sec - in org.apache.flink.runtime.jobmanager.JobManagerStartupTest
Running org.apache.flink.runtime.taskmanager.TaskManagerStartupTest
Running org.apache.flink.runtime.taskmanager.TaskManagerRegistrationTest
Running org.apache.flink.runtime.taskmanager.TaskManagerComponentsStartupShutdownTest
Tests run: 12, Failures: 0, Errors: 0, Skipped: 0, Time elapsed: 7.558 sec - in org.apache.flink.runtime.jobmanager.scheduler.SchedulerSlotSharingTest
Running org.apache.flink.runtime.taskmanager.TaskCancelTest
Running org.apache.flink.runtime.taskmanager.TaskManagerConfigurationTest
Tests run: 9, Failures: 0, Errors: 0, Skipped: 0, Time elapsed: 5.424 sec - in org.apache.flink.runtime.jobmanager.scheduler.ScheduleWithCoLocationHintTest
Running org.apache.flink.runtime.taskmanager.TaskTest
Tests run: 1, Failures: 0, Errors: 0, Skipped: 0, Time elapsed: 2.778 sec - in org.apache.flink.runtime.taskmanager.TaskInputSplitProviderTest
Tests run: 2, Failures: 0, Errors: 0, Skipped: 0, Time elapsed: 9.152 sec - in org.apache.flink.runtime.jobmanager.JobManagerConnectionTest
Tests run: 2, Failures: 0, Errors: 0, Skipped: 0, Time elapsed: 19.775 sec - in org.apache.flink.runtime.leaderelection.ZooKeeperLeaderRetrievalTest
Tests run: 2, Failures: 0, Errors: 0, Skipped: 0, Time elapsed: 5.262 sec - in org.apache.flink.runtime.taskmanager.TaskAsyncCallTest
Tests run: 6, Failures: 0, Errors: 0, Skipped: 0, Time elapsed: 19.08 sec - in org.apache.flink.runtime.executiongraph.ExecutionGraphDeploymentTest
Tests run: 3, Failures: 0, Errors: 0, Skipped: 0, Time elapsed: 2.534 sec - in org.apache.flink.runtime.taskmanager.TaskManagerConfigurationTest
Running org.apache.flink.runtime.taskmanager.TaskManagerProcessReapingTest
Tests run: 1, Failures: 0, Errors: 0, Skipped: 0, Time elapsed: 13.449 sec - in org.apache.flink.runtime.jobmanager.JobManagerProcessReapingTest
Tests run: 2, Failures: 0, Errors: 0, Skipped: 0, Time elapsed: 12.186 sec - in org.apache.flink.runtime.jobmanager.JobManagerTest
Running org.apache.flink.runtime.client.SerializedJobExecutionResultTest
Tests run: 2, Failures: 0, Errors: 0, Skipped: 0, Time elapsed: 0.344 sec - in org.apache.flink.runtime.client.SerializedJobExecutionResultTest
Running org.apache.flink.runtime.akka.FlinkUntypedActorTest
Running org.apache.flink.runtime.execution.librarycache.BlobLibraryCacheManagerTest
Tests run: 1, Failures: 0, Errors: 0, Skipped: 0, Time elapsed: 14.832 sec - in org.apache.flink.runtime.jobmanager.SlotCountExceedingParallelismTest
Running org.apache.flink.runtime.client.JobClientActorTest
Tests run: 15, Failures: 0, Errors: 0, Skipped: 0, Time elapsed: 4.323 sec - in org.apache.flink.runtime.taskmanager.TaskTest
Running org.apache.flink.runtime.deployment.TaskDeploymentDescriptorTest
Running org.apache.flink.runtime.util.MathUtilTest
Tests run: 3, Failures: 0, Errors: 0, Skipped: 0, Time elapsed: 0.053 sec - in org.apache.flink.runtime.util.MathUtilTest
Tests run: 1, Failures: 0, Errors: 0, Skipped: 0, Time elapsed: 0.848 sec - in org.apache.flink.runtime.deployment.TaskDeploymentDescriptorTest
Running org.apache.flink.runtime.deployment.ResultPartitionDeploymentDescriptorTest
Tests run: 3, Failures: 0, Errors: 0, Skipped: 0, Time elapsed: 31.807 sec - in org.apache.flink.runtime.operators.DataSourceTaskTest
Tests run: 1, Failures: 0, Errors: 0, Skipped: 0, Time elapsed: 0.288 sec - in org.apache.flink.runtime.deployment.ResultPartitionDeploymentDescriptorTest
Tests run: 5, Failures: 0, Errors: 0, Skipped: 0, Time elapsed: 10.857 sec - in org.apache.flink.runtime.jobmanager.scheduler.SchedulerIsolatedTasksTest
Tests run: 2, Failures: 0, Errors: 0, Skipped: 0, Time elapsed: 10.532 sec - in org.apache.flink.runtime.jobmanager.JobSubmitTest
Tests run: 2, Failures: 0, Errors: 0, Skipped: 0, Time elapsed: 2.041 sec - in org.apache.flink.runtime.execution.librarycache.BlobLibraryCacheManagerTest
Running org.apache.flink.runtime.util.ReusingKeyGroupedIteratorTest
Running org.apache.flink.runtime.util.AtomicDisposableReferenceCounterTest
Tests run: 3, Failures: 0, Errors: 0, Skipped: 0, Time elapsed: 0.1 sec - in org.apache.flink.runtime.util.AtomicDisposableReferenceCounterTest
Tests run: 4, Failures: 0, Errors: 0, Skipped: 0, Time elapsed: 0.147 sec - in org.apache.flink.runtime.util.ReusingKeyGroupedIteratorTest
Tests run: 1, Failures: 0, Errors: 0, Skipped: 0, Time elapsed: 8.115 sec - in org.apache.flink.runtime.taskmanager.TaskManagerComponentsStartupShutdownTest
Running org.apache.flink.runtime.util.event.TaskEventHandlerTest
Tests run: 1, Failures: 0, Errors: 0, Skipped: 0, Time elapsed: 0.133 sec - in org.apache.flink.runtime.util.event.TaskEventHandlerTest
Running org.apache.flink.runtime.util.DataInputOutputSerializerTest
Running org.apache.flink.runtime.util.LRUCacheMapTest
Running org.apache.flink.runtime.util.ClassLoaderUtilsTest
Running org.apache.flink.runtime.util.ZooKeeperUtilTest
Running org.apache.flink.runtime.akka.AkkaUtilsTest
Running org.apache.flink.runtime.akka.FlinkActorTest
Tests run: 5, Failures: 0, Errors: 0, Skipped: 0, Time elapsed: 0.256 sec - in org.apache.flink.runtime.util.LRUCacheMapTest
Running org.apache.flink.runtime.util.EnvironmentInformationTest
Tests run: 3, Failures: 0, Errors: 0, Skipped: 0, Time elapsed: 0.437 sec - in org.apache.flink.runtime.util.ClassLoaderUtilsTest
Running org.apache.flink.runtime.util.NonReusingKeyGroupedIteratorTest
Tests run: 4, Failures: 0, Errors: 0, Skipped: 0, Time elapsed: 0.074 sec - in org.apache.flink.runtime.util.NonReusingKeyGroupedIteratorTest
Running org.apache.flink.runtime.util.UnionIteratorTest
Tests run: 2, Failures: 0, Errors: 0, Skipped: 0, Time elapsed: 0.11 sec - in org.apache.flink.runtime.util.UnionIteratorTest
Running org.apache.flink.runtime.util.SerializedThrowableTest
Tests run: 1, Failures: 0, Errors: 0, Skipped: 0, Time elapsed: 0.873 sec - in org.apache.flink.runtime.util.ZooKeeperUtilTest
Tests run: 2, Failures: 0, Errors: 0, Skipped: 0, Time elapsed: 0.386 sec - in org.apache.flink.runtime.util.SerializedThrowableTest
Running org.apache.flink.runtime.util.JarFileCreatorTest
Tests run: 1, Failures: 0, Errors: 0, Skipped: 0, Time elapsed: 15.596 sec - in org.apache.flink.runtime.jobmanager.scheduler.ScheduleOrUpdateConsumersTest
Tests run: 2, Failures: 0, Errors: 0, Skipped: 0, Time elapsed: 1.419 sec - in org.apache.flink.runtime.akka.FlinkActorTest
Running org.apache.flink.runtime.util.DelegatingConfigurationTest
Tests run: 2, Failures: 0, Errors: 0, Skipped: 0, Time elapsed: 6.575 sec - in org.apache.flink.runtime.akka.FlinkUntypedActorTest
Tests run: 1, Failures: 0, Errors: 0, Skipped: 0, Time elapsed: 0.238 sec - in org.apache.flink.runtime.util.DelegatingConfigurationTest
Tests run: 9, Failures: 0, Errors: 0, Skipped: 0, Time elapsed: 0.966 sec - in org.apache.flink.runtime.util.JarFileCreatorTest
Running org.apache.flink.runtime.instance.HardwareTest
Running org.apache.flink.runtime.instance.SimpleSlotTest
Running org.apache.flink.runtime.instance.InstanceTest
Tests run: 7, Failures: 0, Errors: 0, Skipped: 0, Time elapsed: 2.538 sec - in org.apache.flink.runtime.akka.AkkaUtilsTest
Tests run: 3, Failures: 0, Errors: 0, Skipped: 0, Time elapsed: 12.982 sec - in org.apache.flink.runtime.taskmanager.TaskManagerStartupTest
Running org.apache.flink.runtime.instance.InstanceConnectionInfoTest
Tests run: 2, Failures: 0, Errors: 0, Skipped: 0, Time elapsed: 1.136 sec - in org.apache.flink.runtime.instance.HardwareTest
Tests run: 4, Failures: 0, Errors: 0, Skipped: 0, Time elapsed: 1.208 sec - in org.apache.flink.runtime.instance.InstanceTest
Running org.apache.flink.runtime.state.FsCheckpointStateOutputStreamTest
Running org.apache.flink.runtime.instance.SharedSlotsTest
Tests run: 3, Failures: 0, Errors: 0, Skipped: 0, Time elapsed: 1.736 sec - in org.apache.flink.runtime.instance.SimpleSlotTest
Running org.apache.flink.runtime.instance.InstanceManagerTest
Running org.apache.flink.runtime.io.disk.iomanager.BufferFileWriterFileSegmentReaderTest
Running org.apache.flink.runtime.io.disk.iomanager.IOManagerAsyncTest
Running org.apache.flink.runtime.io.disk.iomanager.BufferFileWriterReaderTest
Running org.apache.flink.runtime.state.MemoryStateBackendTest
Running org.apache.flink.runtime.state.FileStateBackendTest
Tests run: 8, Failures: 0, Errors: 0, Skipped: 0, Time elapsed: 1.597 sec - in org.apache.flink.runtime.instance.SharedSlotsTest
Tests run: 2, Failures: 0, Errors: 0, Skipped: 0, Time elapsed: 6.486 sec - in org.apache.flink.runtime.util.DataInputOutputSerializerTest
Running org.apache.flink.runtime.io.disk.ChannelViewsTest
Tests run: 6, Failures: 0, Errors: 0, Skipped: 0, Time elapsed: 3.212 sec - in org.apache.flink.runtime.instance.InstanceConnectionInfoTest
Running org.apache.flink.runtime.io.disk.iomanager.IOManagerTest
Running org.apache.flink.runtime.io.disk.iomanager.AsynchronousBufferFileWriterTest
Tests run: 1, Failures: 0, Errors: 0, Skipped: 0, Time elapsed: 2.039 sec - in org.apache.flink.runtime.io.disk.iomanager.BufferFileWriterFileSegmentReaderTest
Running org.apache.flink.runtime.io.disk.iomanager.AsynchronousFileIOChannelTest
Tests run: 3, Failures: 0, Errors: 0, Skipped: 0, Time elapsed: 6.603 sec - in org.apache.flink.runtime.util.EnvironmentInformationTest
Tests run: 11, Failures: 0, Errors: 0, Skipped: 0, Time elapsed: 2.144 sec - in org.apache.flink.runtime.state.MemoryStateBackendTest
Running org.apache.flink.runtime.io.disk.SeekableFileChannelInputViewTest
Tests run: 1, Failures: 0, Errors: 0, Skipped: 0, Time elapsed: 1.861 sec - in org.apache.flink.runtime.io.disk.iomanager.IOManagerTest
Running org.apache.flink.runtime.io.disk.FileChannelStreamsTest
Running org.apache.flink.runtime.io.network.DefaultChannelSelectorTest
Tests run: 1, Failures: 0, Errors: 0, Skipped: 0, Time elapsed: 0.13 sec - in org.apache.flink.runtime.io.network.DefaultChannelSelectorTest
Running org.apache.flink.runtime.io.disk.SpillingBufferTest
Running org.apache.flink.runtime.io.network.netty.PartitionRequestClientFactoryTest
Tests run: 1, Failures: 0, Errors: 0, Skipped: 1, Time elapsed: 0.008 sec - in org.apache.flink.runtime.io.network.netty.PartitionRequestClientFactoryTest
Tests run: 2, Failures: 0, Errors: 0, Skipped: 0, Time elapsed: 3.428 sec - in org.apache.flink.runtime.io.disk.iomanager.BufferFileWriterReaderTest
Running org.apache.flink.runtime.io.network.netty.PartitionRequestClientHandlerTest
Tests run: 1, Failures: 0, Errors: 0, Skipped: 0, Time elapsed: 1.638 sec - in org.apache.flink.runtime.io.disk.SeekableFileChannelInputViewTest
Tests run: 6, Failures: 0, Errors: 0, Skipped: 0, Time elapsed: 4.531 sec - in org.apache.flink.runtime.io.disk.iomanager.IOManagerAsyncTest
Running org.apache.flink.runtime.io.network.netty.CancelPartitionRequestTest
Tests run: 4, Failures: 0, Errors: 0, Skipped: 0, Time elapsed: 35.942 sec - in org.apache.flink.runtime.leaderelection.LeaderChangeStateCleanupTest
Tests run: 2, Failures: 0, Errors: 0, Skipped: 0, Time elapsed: 2.499 sec - in org.apache.flink.runtime.io.disk.FileChannelStreamsTest
Running org.apache.flink.runtime.io.network.netty.NettyServerLowAndHighWatermarkTest
Running org.apache.flink.runtime.io.network.netty.ServerTransportErrorHandlingTest
Running org.apache.flink.runtime.io.network.netty.PartitionRequestQueueTest
Running org.apache.flink.runtime.io.network.netty.ClientTransportErrorHandlingTest
Running org.apache.flink.runtime.io.network.netty.NettyMessageSerializationTest
Tests run: 10, Failures: 0, Errors: 0, Skipped: 0, Time elapsed: 6.336 sec - in org.apache.flink.runtime.state.FileStateBackendTest
Tests run: 7, Failures: 0, Errors: 0, Skipped: 0, Time elapsed: 22.579 sec - in org.apache.flink.runtime.taskmanager.TaskManagerRegistrationTest
Tests run: 4, Failures: 0, Errors: 0, Skipped: 0, Time elapsed: 3.382 sec - in org.apache.flink.runtime.io.network.netty.PartitionRequestClientHandlerTest
Tests run: 4, Failures: 0, Errors: 0, Skipped: 0, Time elapsed: 6.116 sec - in org.apache.flink.runtime.io.disk.iomanager.AsynchronousFileIOChannelTest
Tests run: 1, Failures: 0, Errors: 0, Skipped: 0, Time elapsed: 21.707 sec - in org.apache.flink.runtime.taskmanager.TaskCancelTest
Running org.apache.flink.runtime.io.network.partition.PartialConsumePipelinedResultTest
Running org.apache.flink.runtime.io.network.partition.SpillableSubpartitionTest
Tests run: 4, Failures: 0, Errors: 0, Skipped: 0, Time elapsed: 10.16 sec - in org.apache.flink.runtime.instance.InstanceManagerTest
Running org.apache.flink.runtime.io.network.partition.SpilledSubpartitionViewTest
Running org.apache.flink.runtime.io.network.partition.SpilledSubpartitionViewSyncIOTest
Running org.apache.flink.runtime.io.network.partition.consumer.InputChannelTest
Tests run: 1, Failures: 0, Errors: 0, Skipped: 0, Time elapsed: 3.579 sec - in org.apache.flink.runtime.io.network.netty.NettyServerLowAndHighWatermarkTest
Running org.apache.flink.runtime.io.network.partition.PipelinedSubpartitionTest
Running org.apache.flink.runtime.io.network.partition.consumer.RemoteInputChannelTest
Tests run: 4, Failures: 0, Errors: 0, Skipped: 0, Time elapsed: 1.129 sec - in org.apache.flink.runtime.io.network.partition.consumer.InputChannelTest
Tests run: 1, Failures: 0, Errors: 0, Skipped: 0, Time elapsed: 4.237 sec - in org.apache.flink.runtime.io.network.netty.NettyMessageSerializationTest
Tests run: 4, Failures: 0, Errors: 0, Skipped: 0, Time elapsed: 7.836 sec - in org.apache.flink.runtime.io.disk.SpillingBufferTest
Running org.apache.flink.runtime.io.network.partition.consumer.LocalInputChannelTest
Tests run: 7, Failures: 0, Errors: 0, Skipped: 0, Time elapsed: 27.908 sec - in org.apache.flink.runtime.taskmanager.TaskManagerTest
Tests run: 6, Failures: 0, Errors: 0, Skipped: 0, Time elapsed: 2.775 sec - in org.apache.flink.runtime.io.network.partition.SpillableSubpartitionTest
Tests run: 2, Failures: 0, Errors: 0, Skipped: 0, Time elapsed: 2.196 sec - in org.apache.flink.runtime.io.network.partition.SpilledSubpartitionViewTest
Running org.apache.flink.runtime.io.network.partition.consumer.UnionInputGateTest
Tests run: 1, Failures: 0, Errors: 0, Skipped: 0, Time elapsed: 22.933 sec - in org.apache.flink.runtime.taskmanager.TaskManagerProcessReapingTest
Tests run: 1, Failures: 0, Errors: 0, Skipped: 0, Time elapsed: 5.528 sec - in org.apache.flink.runtime.io.network.netty.PartitionRequestQueueTest
Tests run: 6, Failures: 0, Errors: 0, Skipped: 0, Time elapsed: 13.47 sec - in org.apache.flink.runtime.state.FsCheckpointStateOutputStreamTest
Tests run: 2, Failures: 0, Errors: 0, Skipped: 0, Time elapsed: 2.736 sec - in org.apache.flink.runtime.io.network.partition.SpilledSubpartitionViewSyncIOTest
Running org.apache.flink.runtime.io.network.partition.consumer.SingleInputGateTest
Tests run: 4, Failures: 0, Errors: 0, Skipped: 0, Time elapsed: 11.949 sec - in org.apache.flink.runtime.io.disk.iomanager.AsynchronousBufferFileWriterTest
Running org.apache.flink.runtime.io.network.partition.SpilledSubpartitionViewAsyncIOTest
Running org.apache.flink.runtime.io.network.partition.ProducerFailedExceptionTest
Tests run: 2, Failures: 0, Errors: 0, Skipped: 0, Time elapsed: 0.067 sec - in org.apache.flink.runtime.io.network.partition.ProducerFailedExceptionTest
Running org.apache.flink.runtime.io.network.api.serialization.PagedViewsTest
Running org.apache.flink.runtime.io.network.api.serialization.SpanningRecordSerializerTest
Running org.apache.flink.runtime.io.network.api.serialization.SpanningRecordSerializationTest
Tests run: 3, Failures: 0, Errors: 0, Skipped: 0, Time elapsed: 23.301 sec - in org.apache.flink.runtime.client.JobClientActorTest
Running org.apache.flink.runtime.io.network.api.serialization.EventSerializerTest
Running org.apache.flink.runtime.io.network.api.reader.AbstractReaderTest
Running org.apache.flink.runtime.io.network.DataExchangeModeTest
Tests run: 1, Failures: 0, Errors: 0, Skipped: 0, Time elapsed: 8.979 sec - in org.apache.flink.runtime.io.network.netty.ServerTransportErrorHandlingTest
Tests run: 3, Failures: 0, Errors: 0, Skipped: 0, Time elapsed: 0.215 sec - in org.apache.flink.runtime.io.network.DataExchangeModeTest
Tests run: 3, Failures: 0, Errors: 0, Skipped: 0, Time elapsed: 3.524 sec - in org.apache.flink.runtime.io.network.partition.consumer.SingleInputGateTest
Tests run: 1, Failures: 0, Errors: 0, Skipped: 0, Time elapsed: 3.849 sec - in org.apache.flink.runtime.io.network.partition.consumer.UnionInputGateTest
Tests run: 6, Failures: 0, Errors: 0, Skipped: 0, Time elapsed: 9.754 sec - in org.apache.flink.runtime.io.network.netty.ClientTransportErrorHandlingTest
Tests run: 1, Failures: 0, Errors: 0, Skipped: 0, Time elapsed: 8.219 sec - in org.apache.flink.runtime.io.network.partition.PartialConsumePipelinedResultTest
Tests run: 12, Failures: 0, Errors: 0, Skipped: 0, Time elapsed: 7.584 sec - in org.apache.flink.runtime.io.network.partition.PipelinedSubpartitionTest
Running org.apache.flink.runtime.io.network.buffer.NetworkBufferPoolTest
Tests run: 1, Failures: 0, Errors: 0, Skipped: 0, Time elapsed: 3.432 sec - in org.apache.flink.runtime.io.network.api.serialization.EventSerializerTest
Running org.apache.flink.runtime.io.network.buffer.BufferTest
Running org.apache.flink.runtime.io.network.serialization.LargeRecordsTest
Running org.apache.flink.runtime.io.network.buffer.BufferPoolFactoryTest
Tests run: 2, Failures: 0, Errors: 0, Skipped: 0, Time elapsed: 1.639 sec - in org.apache.flink.runtime.io.network.buffer.NetworkBufferPoolTest
Running org.apache.flink.runtime.io.network.buffer.LocalBufferPoolTest
Tests run: 4, Failures: 0, Errors: 0, Skipped: 0, Time elapsed: 4.546 sec - in org.apache.flink.runtime.io.network.api.reader.AbstractReaderTest
Running org.apache.flink.runtime.io.network.NetworkEnvironmentTest
Tests run: 2, Failures: 0, Errors: 0, Skipped: 0, Time elapsed: 1.388 sec - in org.apache.flink.runtime.io.network.buffer.BufferTest
Tests run: 1, Failures: 0, Errors: 0, Skipped: 0, Time elapsed: 7.296 sec - in org.apache.flink.runtime.io.network.partition.SpilledSubpartitionViewAsyncIOTest
Tests run: 7, Failures: 0, Errors: 0, Skipped: 0, Time elapsed: 1.751 sec - in org.apache.flink.runtime.io.network.buffer.BufferPoolFactoryTest
Tests run: 3, Failures: 0, Errors: 0, Skipped: 0, Time elapsed: 10.432 sec - in org.apache.flink.runtime.io.network.partition.consumer.LocalInputChannelTest
Tests run: 10, Failures: 0, Errors: 0, Skipped: 0, Time elapsed: 2.321 sec - in org.apache.flink.runtime.io.network.buffer.LocalBufferPoolTest
Tests run: 6, Failures: 0, Errors: 0, Skipped: 0, Time elapsed: 8.613 sec - in org.apache.flink.runtime.io.network.api.serialization.SpanningRecordSerializerTest
Running org.apache.flink.runtime.io.network.api.reader.BufferReaderTest
Running org.apache.flink.runtime.io.network.api.writer.RecordWriterTest
Tests run: 4, Failures: 0, Errors: 0, Skipped: 0, Time elapsed: 8.341 sec - in org.apache.flink.runtime.io.network.api.serialization.SpanningRecordSerializationTest
Tests run: 10, Failures: 0, Errors: 0, Skipped: 0, Time elapsed: 9.331 sec - in org.apache.flink.runtime.io.network.api.serialization.PagedViewsTest
Tests run: 3, Failures: 0, Errors: 0, Skipped: 0, Time elapsed: 1.95 sec - in org.apache.flink.runtime.io.network.api.writer.RecordWriterTest
Tests run: 2, Failures: 0, Errors: 0, Skipped: 0, Time elapsed: 3.052 sec - in org.apache.flink.runtime.io.network.api.reader.BufferReaderTest
Tests run: 2, Failures: 0, Errors: 0, Skipped: 0, Time elapsed: 5.912 sec - in org.apache.flink.runtime.io.network.NetworkEnvironmentTest
Tests run: 2, Failures: 0, Errors: 0, Skipped: 0, Time elapsed: 21.823 sec - in org.apache.flink.runtime.io.network.netty.CancelPartitionRequestTest
Tests run: 7, Failures: 0, Errors: 0, Skipped: 0, Time elapsed: 68.68 sec - in org.apache.flink.runtime.operators.DataSinkTaskTest
Tests run: 8, Failures: 0, Errors: 0, Skipped: 0, Time elapsed: 94.729 sec - in org.apache.flink.runtime.operators.sort.NormalizedKeySorterTest
Tests run: 2, Failures: 0, Errors: 0, Skipped: 0, Time elapsed: 31.873 sec - in org.apache.flink.runtime.io.network.serialization.LargeRecordsTest
Tests run: 6, Failures: 0, Errors: 0, Skipped: 0, Time elapsed: 83.276 sec - in org.apache.flink.runtime.leaderelection.ZooKeeperLeaderElectionTest
Tests run: 8, Failures: 0, Errors: 0, Skipped: 0, Time elapsed: 42.003 sec - in org.apache.flink.runtime.io.network.partition.consumer.RemoteInputChannelTest
Tests run: 6, Failures: 0, Errors: 0, Skipped: 0, Time elapsed: 67.726 sec - in org.apache.flink.runtime.io.disk.ChannelViewsTest

Results :

Failed tests: 
  SimpleCheckpointStatsTrackerTest.testCompletedCheckpointReordering:98->verifyJobStats:176 expected:<CheckpointStats{checkpointId=1, triggerTimestamp=1468530066917, duration=66, stateSize=-4982714695508294559}> but was:<CheckpointStats{checkpointId=1, triggerTimestamp=1468530066917, duration=66, stateSize=1293681761}>
  SimpleCheckpointStatsTrackerTest.testRandomStats:70->verifyJobStats:176 expected:<CheckpointStats{checkpointId=0, triggerTimestamp=1468530063180, duration=21, stateSize=-7081107918679045612}> but was:<CheckpointStats{checkpointId=0, triggerTimestamp=1468530063180, duration=21, stateSize=-2098329068}>

Tests run: 954, Failures: 2, Errors: 0, Skipped: 1

[INFO] ------------------------------------------------------------------------
[INFO] BUILD FAILURE
[INFO] ------------------------------------------------------------------------
[INFO] Total time: 02:19 min
[INFO] Finished at: 2016-07-14T14:02:54-07:00
[INFO] Final Memory: 59M/3502M
[INFO] ------------------------------------------------------------------------
[ERROR] Failed to execute goal org.apache.maven.plugins:maven-surefire-plugin:2.18.1:test (default-test) on project flink-runtime_2.10: There are test failures.
[ERROR] 
[ERROR] Please refer to /space/parallel/flink/flink9/dataset/flink/FLINK-3342_8e3e2f8f4704d1f45e165cc41bd6d590e0ab0f63/flink-runtime/target/surefire-reports for the individual test results.
[ERROR] -> [Help 1]
[ERROR] 
[ERROR] To see the full stack trace of the errors, re-run Maven with the -e switch.
[ERROR] Re-run Maven using the -X switch to enable full debug logging.
[ERROR] 
[ERROR] For more information about the errors and possible solutions, please read the following articles:
[ERROR] [Help 1] http://cwiki.apache.org/confluence/display/MAVEN/MojoFailureException
