[INFO] Scanning for projects...
[INFO]                                                                         
[INFO] ------------------------------------------------------------------------
[INFO] Building Wicket Spring Integration 7.0.0-SNAPSHOT
[INFO] ------------------------------------------------------------------------
[INFO] 
[INFO] --- maven-remote-resources-plugin:1.5:process (default) @ wicket-spring ---
[INFO] 
[INFO] --- maven-resources-plugin:2.6:resources (default-resources) @ wicket-spring ---
[INFO] Using 'UTF-8' encoding to copy filtered resources.
[INFO] Copying 0 resource
[INFO] skip non existing resourceDirectory /home/ylyu/dataset/wicket3/dataset/wicket/WICKET-5686_8e794fc468c1142b218d33ea3cbb67584d6c1441/wicket-spring/src/main/resources
[INFO] Copying 3 resources
[INFO] 
[INFO] --- maven-compiler-plugin:3.1:compile (default-compile) @ wicket-spring ---
[INFO] Nothing to compile - all classes are up to date
[INFO] 
[INFO] >>> clirr-maven-plugin:2.6.1:check (clirr-check) > compile @ wicket-spring >>>
[INFO] 
[INFO] --- maven-remote-resources-plugin:1.5:process (default) @ wicket-spring ---
[INFO] 
[INFO] --- maven-resources-plugin:2.6:resources (default-resources) @ wicket-spring ---
[INFO] Using 'UTF-8' encoding to copy filtered resources.
[INFO] Copying 0 resource
[INFO] skip non existing resourceDirectory /home/ylyu/dataset/wicket3/dataset/wicket/WICKET-5686_8e794fc468c1142b218d33ea3cbb67584d6c1441/wicket-spring/src/main/resources
[INFO] Copying 3 resources
[INFO] Copying 3 resources
[INFO] 
[INFO] --- maven-compiler-plugin:3.1:compile (default-compile) @ wicket-spring ---
[INFO] Nothing to compile - all classes are up to date
[INFO] 
[INFO] <<< clirr-maven-plugin:2.6.1:check (clirr-check) < compile @ wicket-spring <<<
[INFO] 
[INFO] --- clirr-maven-plugin:2.6.1:check (clirr-check) @ wicket-spring ---
[INFO] Skipping execution
[INFO] 
[INFO] --- maven-bundle-plugin:2.5.0:manifest (bundle-manifest) @ wicket-spring ---
[INFO] 
[INFO] --- maven-resources-plugin:2.6:testResources (default-testResources) @ wicket-spring ---
[INFO] Using 'UTF-8' encoding to copy filtered resources.
[INFO] Copying 1 resource
[INFO] Copying 3 resources
[INFO] 
[INFO] --- maven-compiler-plugin:3.1:testCompile (default-testCompile) @ wicket-spring ---
[INFO] Nothing to compile - all classes are up to date
[INFO] 
[INFO] --- maven-surefire-plugin:2.17:test (default-test) @ wicket-spring ---
[INFO] Surefire report directory: /home/ylyu/dataset/wicket3/dataset/wicket/WICKET-5686_8e794fc468c1142b218d33ea3cbb67584d6c1441/wicket-spring/target/surefire-reports
[INFO] Using configured provider org.apache.maven.surefire.junitcore.JUnitCoreProvider
[INFO] parallel='none', perCoreThreadCount=true, threadCount=0, useUnlimitedThreads=false, threadCountSuites=0, threadCountClasses=0, threadCountMethods=0, parallelOptimized=true

-------------------------------------------------------
 T E S T S
-------------------------------------------------------
Running org.apache.wicket.spring.SpringWebApplicationFactoryTest
Tests run: 1, Failures: 0, Errors: 0, Skipped: 0, Time elapsed: 0.811 sec - in org.apache.wicket.spring.SpringWebApplicationFactoryTest
Running org.apache.wicket.spring.SpringBeanLocatorTest
Tests run: 10, Failures: 0, Errors: 0, Skipped: 0, Time elapsed: 0.008 sec - in org.apache.wicket.spring.SpringBeanLocatorTest
Running org.apache.wicket.spring.injection.annot.SpringBeanTest
Tests run: 4, Failures: 0, Errors: 0, Skipped: 0, Time elapsed: 0.234 sec - in org.apache.wicket.spring.injection.annot.SpringBeanTest
Running org.apache.wicket.spring.injection.annot.JavaxInjectAnnotProxyFieldValueFactoryTest
Tests run: 5, Failures: 1, Errors: 0, Skipped: 0, Time elapsed: 0.012 sec <<< FAILURE! - in org.apache.wicket.spring.injection.annot.JavaxInjectAnnotProxyFieldValueFactoryTest
required(org.apache.wicket.spring.injection.annot.JavaxInjectAnnotProxyFieldValueFactoryTest)  Time elapsed: 0.002 sec  <<< FAILURE!
java.lang.AssertionError: Fields annotated with @Inject are required!
	at org.junit.Assert.fail(Assert.java:88)
	at org.apache.wicket.spring.injection.annot.JavaxInjectAnnotProxyFieldValueFactoryTest.required(JavaxInjectAnnotProxyFieldValueFactoryTest.java:49)

Running org.apache.wicket.spring.injection.annot.SpringBeanAnnotProxyFieldValueFactoryTest
Tests run: 4, Failures: 0, Errors: 0, Skipped: 0, Time elapsed: 0 sec - in org.apache.wicket.spring.injection.annot.SpringBeanAnnotProxyFieldValueFactoryTest
Running org.apache.wicket.util.license.ApacheLicenceHeaderTest
Tests run: 1, Failures: 0, Errors: 0, Skipped: 0, Time elapsed: 0.155 sec - in org.apache.wicket.util.license.ApacheLicenceHeaderTest

Results :

Failed tests: 
  JavaxInjectAnnotProxyFieldValueFactoryTest.required:49->Assert.fail:88 Fields annotated with @Inject are required!

Tests run: 25, Failures: 1, Errors: 0, Skipped: 0

[INFO] ------------------------------------------------------------------------
[INFO] BUILD FAILURE
[INFO] ------------------------------------------------------------------------
[INFO] Total time: 7.206 s
[INFO] Finished at: 2016-07-30T12:12:54-07:00
[INFO] Final Memory: 25M/606M
[INFO] ------------------------------------------------------------------------
[ERROR] Failed to execute goal org.apache.maven.plugins:maven-surefire-plugin:2.17:test (default-test) on project wicket-spring: There are test failures.
[ERROR] 
[ERROR] Please refer to /home/ylyu/dataset/wicket3/dataset/wicket/WICKET-5686_8e794fc468c1142b218d33ea3cbb67584d6c1441/wicket-spring/target/surefire-reports for the individual test results.
[ERROR] -> [Help 1]
[ERROR] 
[ERROR] To see the full stack trace of the errors, re-run Maven with the -e switch.
[ERROR] Re-run Maven using the -X switch to enable full debug logging.
[ERROR] 
[ERROR] For more information about the errors and possible solutions, please read the following articles:
[ERROR] [Help 1] http://cwiki.apache.org/confluence/display/MAVEN/MojoFailureException
