[INFO] Scanning for projects...
[INFO]                                                                         
[INFO] ------------------------------------------------------------------------
[INFO] Building flink-runtime 0.9-SNAPSHOT
[INFO] ------------------------------------------------------------------------
[INFO] 
[INFO] --- maven-checkstyle-plugin:2.12.1:check (validate) @ flink-runtime ---
[INFO] 
[INFO] 
[INFO] --- maven-enforcer-plugin:1.3.1:enforce (enforce-maven) @ flink-runtime ---
[INFO] 
[INFO] --- git-commit-id-plugin:2.1.5:revision (default) @ flink-runtime ---
[info] 
[info] 
[INFO] 
[INFO] --- build-helper-maven-plugin:1.7:add-source (add-source) @ flink-runtime ---
[INFO] Source directory: /space/parallel/flink/flink9/dataset/flink/FLINK-2109_d594d02426898c3bf3c1fd52417c75921e28b61c/flink-runtime/src/main/scala added.
[INFO] 
[INFO] --- maven-remote-resources-plugin:1.5:process (default) @ flink-runtime ---
[INFO] 
[INFO] --- maven-resources-plugin:2.6:resources (default-resources) @ flink-runtime ---
[INFO] Using 'UTF-8' encoding to copy filtered resources.
[INFO] Copying 60 resources
[INFO] Copying 3 resources
[INFO] 
[INFO] --- scala-maven-plugin:3.1.4:compile (scala-compile-first) @ flink-runtime ---
[INFO] Nothing to compile - all classes are up to date
[INFO] 
[INFO] --- maven-compiler-plugin:3.1:compile (default-compile) @ flink-runtime ---
[INFO] Changes detected - recompiling the module!
[INFO] Compiling 438 source files to /space/parallel/flink/flink9/dataset/flink/FLINK-2109_d594d02426898c3bf3c1fd52417c75921e28b61c/flink-runtime/target/classes
[WARNING] /space/parallel/flink/flink9/dataset/flink/FLINK-2109_d594d02426898c3bf3c1fd52417c75921e28b61c/flink-runtime/src/main/java/org/apache/flink/runtime/operators/chaining/ChainedCollectorMapDriver.java:[22,45] org.apache.flink.api.common.functions.GenericCollectorMap in org.apache.flink.api.common.functions has been deprecated
[WARNING] /space/parallel/flink/flink9/dataset/flink/FLINK-2109_d594d02426898c3bf3c1fd52417c75921e28b61c/flink-runtime/src/main/java/org/apache/flink/runtime/operators/CollectorMapDriver.java:[23,45] org.apache.flink.api.common.functions.GenericCollectorMap in org.apache.flink.api.common.functions has been deprecated
[WARNING] /space/parallel/flink/flink9/dataset/flink/FLINK-2109_d594d02426898c3bf3c1fd52417c75921e28b61c/flink-runtime/src/main/java/org/apache/flink/runtime/operators/CollectorMapDriver.java:[43,63] org.apache.flink.api.common.functions.GenericCollectorMap in org.apache.flink.api.common.functions has been deprecated
[WARNING] /space/parallel/flink/flink9/dataset/flink/FLINK-2109_d594d02426898c3bf3c1fd52417c75921e28b61c/flink-runtime/src/main/java/org/apache/flink/runtime/util/SignalHandler.java:[21,16] sun.misc.Signal is internal proprietary API and may be removed in a future release
[WARNING] /space/parallel/flink/flink9/dataset/flink/FLINK-2109_d594d02426898c3bf3c1fd52417c75921e28b61c/flink-runtime/src/main/java/org/apache/flink/runtime/util/SignalHandler.java:[32,57] sun.misc.SignalHandler is internal proprietary API and may be removed in a future release
[WARNING] /space/parallel/flink/flink9/dataset/flink/FLINK-2109_d594d02426898c3bf3c1fd52417c75921e28b61c/flink-runtime/src/main/java/org/apache/flink/runtime/util/DataInputDeserializer.java:[316,38] sun.misc.Unsafe is internal proprietary API and may be removed in a future release
[WARNING] /space/parallel/flink/flink9/dataset/flink/FLINK-2109_d594d02426898c3bf3c1fd52417c75921e28b61c/flink-runtime/src/main/java/org/apache/flink/runtime/util/DataOutputSerializer.java:[303,38] sun.misc.Unsafe is internal proprietary API and may be removed in a future release
[WARNING] /space/parallel/flink/flink9/dataset/flink/FLINK-2109_d594d02426898c3bf3c1fd52417c75921e28b61c/flink-runtime/src/main/java/org/apache/flink/runtime/util/DependencyVisitor.java:[191,29] visitMethodInsn(int,java.lang.String,java.lang.String,java.lang.String) in org.objectweb.asm.MethodVisitor has been deprecated
[WARNING] /space/parallel/flink/flink9/dataset/flink/FLINK-2109_d594d02426898c3bf3c1fd52417c75921e28b61c/flink-runtime/src/main/java/org/apache/flink/runtime/util/SignalHandler.java:[34,39] sun.misc.SignalHandler is internal proprietary API and may be removed in a future release
[WARNING] /space/parallel/flink/flink9/dataset/flink/FLINK-2109_d594d02426898c3bf3c1fd52417c75921e28b61c/flink-runtime/src/main/java/org/apache/flink/runtime/util/SignalHandler.java:[38,57] sun.misc.Signal is internal proprietary API and may be removed in a future release
[WARNING] /space/parallel/flink/flink9/dataset/flink/FLINK-2109_d594d02426898c3bf3c1fd52417c75921e28b61c/flink-runtime/src/main/java/org/apache/flink/runtime/util/SignalHandler.java:[38,39] sun.misc.Signal is internal proprietary API and may be removed in a future release
[WARNING] /space/parallel/flink/flink9/dataset/flink/FLINK-2109_d594d02426898c3bf3c1fd52417c75921e28b61c/flink-runtime/src/main/java/org/apache/flink/runtime/util/SignalHandler.java:[47,36] sun.misc.Signal is internal proprietary API and may be removed in a future release
[WARNING] /space/parallel/flink/flink9/dataset/flink/FLINK-2109_d594d02426898c3bf3c1fd52417c75921e28b61c/flink-runtime/src/main/java/org/apache/flink/runtime/memorymanager/UnsafeMemorySegment.java:[385,38] sun.misc.Unsafe is internal proprietary API and may be removed in a future release
[INFO] 
[INFO] --- build-helper-maven-plugin:1.7:add-test-source (add-test-source) @ flink-runtime ---
[INFO] Test Source directory: /space/parallel/flink/flink9/dataset/flink/FLINK-2109_d594d02426898c3bf3c1fd52417c75921e28b61c/flink-runtime/src/test/scala added.
[INFO] 
[INFO] --- maven-resources-plugin:2.6:testResources (default-testResources) @ flink-runtime ---
[INFO] Using 'UTF-8' encoding to copy filtered resources.
[INFO] Copying 2 resources
[INFO] Copying 3 resources
[INFO] 
[INFO] --- scala-maven-plugin:3.1.4:testCompile (scala-test-compile) @ flink-runtime ---
[INFO] Nothing to compile - all classes are up to date
[INFO] 
[INFO] --- maven-compiler-plugin:3.1:testCompile (default-testCompile) @ flink-runtime ---
[INFO] Nothing to compile - all classes are up to date
[INFO] 
[INFO] --- maven-surefire-plugin:2.17:test (default-test) @ flink-runtime ---
[INFO] Surefire report directory: /space/parallel/flink/flink9/dataset/flink/FLINK-2109_d594d02426898c3bf3c1fd52417c75921e28b61c/flink-runtime/target/surefire-reports

-------------------------------------------------------
 T E S T S
-------------------------------------------------------

-------------------------------------------------------
 T E S T S
-------------------------------------------------------
Running org.apache.flink.runtime.operators.MapTaskTest
Running org.apache.flink.runtime.operators.CoGroupTaskTest
Running org.apache.flink.runtime.operators.hash.MemoryHashTableTest
Running org.apache.flink.runtime.operators.drivers.AllReduceDriverTest
Running org.apache.flink.runtime.operators.drivers.ReduceDriverTest
Running org.apache.flink.runtime.operators.drivers.AllGroupReduceDriverTest
Running org.apache.flink.runtime.operators.drivers.GroupReduceDriverTest
Running org.apache.flink.runtime.operators.drivers.ReduceCombineDriverTest
Running org.apache.flink.runtime.operators.chaining.ChainTaskTest
Running org.apache.flink.runtime.operators.resettable.SpillingResettableIteratorTest
Running org.apache.flink.runtime.operators.resettable.SpillingResettableMutableObjectIteratorTest
Running org.apache.flink.runtime.operators.resettable.BlockResettableMutableObjectIteratorTest
Running org.apache.flink.runtime.operators.resettable.ReusingBlockResettableIteratorTest
Running org.apache.flink.runtime.operators.resettable.NonReusingBlockResettableIteratorTest
Running org.apache.flink.runtime.operators.DataSinkTaskTest
Running org.apache.flink.runtime.operators.CachedMatchTaskTest
Running org.apache.flink.runtime.operators.CombineTaskTest
Running org.apache.flink.runtime.operators.MatchTaskTest
Running org.apache.flink.runtime.operators.sort.FixedLengthRecordSorterTest
Running org.apache.flink.runtime.operators.sort.MergeIteratorTest
Running org.apache.flink.runtime.operators.sort.LargeRecordHandlerTest
Running org.apache.flink.runtime.operators.sort.NormalizedKeySorterTest
Running org.apache.flink.runtime.operators.util.RecordOutputEmitterTest
Tests run: 3, Failures: 0, Errors: 0, Skipped: 0, Time elapsed: 1.138 sec - in org.apache.flink.runtime.operators.drivers.AllGroupReduceDriverTest
Running org.apache.flink.runtime.operators.util.OutputEmitterTest
Tests run: 3, Failures: 0, Errors: 0, Skipped: 0, Time elapsed: 1.115 sec - in org.apache.flink.runtime.operators.drivers.ReduceCombineDriverTest
Running org.apache.flink.runtime.operators.DataSourceTaskTest
Running org.apache.flink.runtime.operators.ReduceTaskTest
Tests run: 3, Failures: 0, Errors: 0, Skipped: 0, Time elapsed: 1.651 sec - in org.apache.flink.runtime.operators.drivers.ReduceDriverTest
Running org.apache.flink.runtime.operators.CrossTaskTest
Tests run: 3, Failures: 0, Errors: 0, Skipped: 0, Time elapsed: 0.786 sec - in org.apache.flink.runtime.operators.sort.MergeIteratorTest
Running org.apache.flink.runtime.checkpoint.CheckpointCoordinatorTest
Tests run: 7, Failures: 0, Errors: 0, Skipped: 0, Time elapsed: 0.784 sec - in org.apache.flink.runtime.operators.util.OutputEmitterTest
Running org.apache.flink.runtime.checkpoint.CheckpointStateRestoreTest
Tests run: 5, Failures: 0, Errors: 0, Skipped: 0, Time elapsed: 1.994 sec - in org.apache.flink.runtime.operators.drivers.GroupReduceDriverTest
Running org.apache.flink.runtime.checkpoint.CoordinatorShutdownTest
Tests run: 3, Failures: 0, Errors: 0, Skipped: 0, Time elapsed: 0.905 sec - in org.apache.flink.runtime.checkpoint.CheckpointStateRestoreTest
Running org.apache.flink.runtime.fs.s3.S3FileSystemTest
Tests run: 5, Failures: 0, Errors: 0, Skipped: 0, Time elapsed: 0.059 sec - in org.apache.flink.runtime.fs.s3.S3FileSystemTest
Running org.apache.flink.runtime.memory.MemoryManagerTest
Tests run: 3, Failures: 0, Errors: 0, Skipped: 0, Time elapsed: 3.146 sec - in org.apache.flink.runtime.operators.drivers.AllReduceDriverTest
Running org.apache.flink.runtime.memory.MemoryManagerLazyAllocationTest
Tests run: 4, Failures: 0, Errors: 0, Skipped: 0, Time elapsed: 0.411 sec - in org.apache.flink.runtime.memory.MemoryManagerTest
Running org.apache.flink.runtime.memory.MemorySegmentTest
Tests run: 3, Failures: 0, Errors: 0, Skipped: 0, Time elapsed: 3.075 sec - in org.apache.flink.runtime.operators.resettable.ReusingBlockResettableIteratorTest
Running org.apache.flink.runtime.iterative.event.EventWithAggregatorsTest
Tests run: 2, Failures: 0, Errors: 0, Skipped: 0, Time elapsed: 0.057 sec - in org.apache.flink.runtime.iterative.event.EventWithAggregatorsTest
Running org.apache.flink.runtime.iterative.concurrent.SuperstepBarrierTest
Tests run: 3, Failures: 0, Errors: 0, Skipped: 0, Time elapsed: 3.333 sec - in org.apache.flink.runtime.operators.resettable.BlockResettableMutableObjectIteratorTest
Running org.apache.flink.runtime.iterative.concurrent.BlockingBackChannelTest
Tests run: 6, Failures: 0, Errors: 0, Skipped: 0, Time elapsed: 4.078 sec - in org.apache.flink.runtime.operators.MapTaskTest
Running org.apache.flink.runtime.iterative.concurrent.BrokerTest
Tests run: 4, Failures: 0, Errors: 0, Skipped: 0, Time elapsed: 1.223 sec - in org.apache.flink.runtime.memory.MemoryManagerLazyAllocationTest
Running org.apache.flink.runtime.iterative.concurrent.SuperstepKickoffLatchTest
Tests run: 5, Failures: 0, Errors: 0, Skipped: 0, Time elapsed: 0.434 sec - in org.apache.flink.runtime.iterative.concurrent.SuperstepKickoffLatchTest
Running org.apache.flink.runtime.net.NetUtilsTest
Tests run: 4, Failures: 0, Errors: 0, Skipped: 0, Time elapsed: 4.579 sec - in org.apache.flink.runtime.operators.resettable.SpillingResettableIteratorTest
Running org.apache.flink.runtime.blob.BlobCacheRetriesTest
Tests run: 2, Failures: 0, Errors: 0, Skipped: 0, Time elapsed: 1.318 sec - in org.apache.flink.runtime.iterative.concurrent.SuperstepBarrierTest
Running org.apache.flink.runtime.blob.BlobServerGetTest
Tests run: 3, Failures: 0, Errors: 0, Skipped: 0, Time elapsed: 4.532 sec - in org.apache.flink.runtime.operators.resettable.NonReusingBlockResettableIteratorTest
Running org.apache.flink.runtime.blob.BlobServerPutTest
Tests run: 7, Failures: 0, Errors: 0, Skipped: 0, Time elapsed: 3.404 sec - in org.apache.flink.runtime.checkpoint.CheckpointCoordinatorTest
Running org.apache.flink.runtime.blob.BlobKeyTest
Tests run: 1, Failures: 0, Errors: 0, Skipped: 0, Time elapsed: 1.501 sec - in org.apache.flink.runtime.iterative.concurrent.BlockingBackChannelTest
Running org.apache.flink.runtime.blob.BlobUtilsTest
Tests run: 2, Failures: 0, Errors: 0, Skipped: 0, Time elapsed: 0.366 sec - in org.apache.flink.runtime.blob.BlobCacheRetriesTest
Running org.apache.flink.runtime.blob.BlobClientTest
Tests run: 2, Failures: 0, Errors: 0, Skipped: 0, Time elapsed: 0.051 sec - in org.apache.flink.runtime.blob.BlobUtilsTest
Running org.apache.flink.runtime.blob.BlobServerDeleteTest
Tests run: 4, Failures: 0, Errors: 0, Skipped: 0, Time elapsed: 0.188 sec - in org.apache.flink.runtime.blob.BlobKeyTest
Running org.apache.flink.runtime.blob.BlobCacheSuccessTest
Tests run: 1, Failures: 0, Errors: 0, Skipped: 0, Time elapsed: 0.316 sec - in org.apache.flink.runtime.blob.BlobCacheSuccessTest
Running org.apache.flink.runtime.filecache.FileCacheDeleteValidationTest
Tests run: 2, Failures: 0, Errors: 0, Skipped: 0, Time elapsed: 1.092 sec - in org.apache.flink.runtime.blob.BlobServerGetTest
Running org.apache.flink.runtime.jobgraph.JobGraphTest
Tests run: 6, Failures: 0, Errors: 0, Skipped: 0, Time elapsed: 0.174 sec - in org.apache.flink.runtime.jobgraph.JobGraphTest
Running org.apache.flink.runtime.jobgraph.JobTaskVertexTest
Tests run: 6, Failures: 0, Errors: 0, Skipped: 0, Time elapsed: 5.787 sec - in org.apache.flink.runtime.operators.CombineTaskTest
Running org.apache.flink.runtime.jobgraph.JobIdTest
Tests run: 1, Failures: 0, Errors: 0, Skipped: 0, Time elapsed: 0.007 sec - in org.apache.flink.runtime.jobgraph.JobIdTest
Running org.apache.flink.runtime.event.task.TaskEventTest
Tests run: 4, Failures: 0, Errors: 0, Skipped: 0, Time elapsed: 0.129 sec - in org.apache.flink.runtime.jobgraph.JobTaskVertexTest
Running org.apache.flink.runtime.messages.CheckpointMessagesTest
Tests run: 3, Failures: 0, Errors: 0, Skipped: 0, Time elapsed: 0.087 sec - in org.apache.flink.runtime.event.task.TaskEventTest
Running org.apache.flink.runtime.executiongraph.ExecutionStateProgressTest
Tests run: 2, Failures: 0, Errors: 0, Skipped: 0, Time elapsed: 0.146 sec - in org.apache.flink.runtime.messages.CheckpointMessagesTest
Running org.apache.flink.runtime.executiongraph.ExecutionVertexSchedulingTest
Tests run: 9, Failures: 0, Errors: 0, Skipped: 0, Time elapsed: 3.151 sec - in org.apache.flink.runtime.memory.MemorySegmentTest
Running org.apache.flink.runtime.executiongraph.ExecutionGraphDeploymentTest
Tests run: 1, Failures: 0, Errors: 0, Skipped: 0, Time elapsed: 2.788 sec - in org.apache.flink.runtime.iterative.concurrent.BrokerTest
Running org.apache.flink.runtime.executiongraph.VertexSlotSharingTest
Tests run: 1, Failures: 0, Errors: 0, Skipped: 0, Time elapsed: 2.08 sec - in org.apache.flink.runtime.net.NetUtilsTest
Running org.apache.flink.runtime.executiongraph.PointwisePatternTest
Tests run: 2, Failures: 0, Errors: 0, Skipped: 0, Time elapsed: 6.523 sec - in org.apache.flink.runtime.operators.resettable.SpillingResettableMutableObjectIteratorTest
Running org.apache.flink.runtime.executiongraph.ExecutionVertexCancelTest
Tests run: 5, Failures: 0, Errors: 0, Skipped: 0, Time elapsed: 1.957 sec - in org.apache.flink.runtime.blob.BlobServerDeleteTest
Running org.apache.flink.runtime.executiongraph.AllVerticesIteratorTest
Tests run: 1, Failures: 0, Errors: 0, Skipped: 0, Time elapsed: 1.596 sec - in org.apache.flink.runtime.executiongraph.VertexSlotSharingTest
Running org.apache.flink.runtime.executiongraph.ExecutionGraphConstructionTest
Tests run: 8, Failures: 0, Errors: 0, Skipped: 0, Time elapsed: 0.361 sec - in org.apache.flink.runtime.executiongraph.ExecutionGraphConstructionTest
Running org.apache.flink.runtime.executiongraph.ExecutionVertexDeploymentTest
Tests run: 7, Failures: 0, Errors: 0, Skipped: 0, Time elapsed: 2.185 sec - in org.apache.flink.runtime.executiongraph.PointwisePatternTest
Running org.apache.flink.runtime.executiongraph.VertexLocationConstraintTest
Tests run: 18, Failures: 0, Errors: 0, Skipped: 0, Time elapsed: 9.545 sec - in org.apache.flink.runtime.operators.CoGroupTaskTest
Running org.apache.flink.runtime.executiongraph.LocalInputSplitsTest
Tests run: 8, Failures: 0, Errors: 0, Skipped: 0, Time elapsed: 9.113 sec - in org.apache.flink.runtime.operators.util.RecordOutputEmitterTest
Running org.apache.flink.runtime.jobmanager.SlotCountExceedingParallelismTest
Tests run: 1, Failures: 0, Errors: 0, Skipped: 0, Time elapsed: 3.104 sec - in org.apache.flink.runtime.executiongraph.AllVerticesIteratorTest
Running org.apache.flink.runtime.jobmanager.JobManagerProcessReapingTest
Tests run: 7, Failures: 0, Errors: 0, Skipped: 0, Time elapsed: 2.426 sec - in org.apache.flink.runtime.executiongraph.ExecutionVertexDeploymentTest
Running org.apache.flink.runtime.jobmanager.JobManagerStartupTest
Tests run: 3, Failures: 0, Errors: 0, Skipped: 0, Time elapsed: 4.655 sec - in org.apache.flink.runtime.executiongraph.ExecutionVertexSchedulingTest
Running org.apache.flink.runtime.jobmanager.JobManagerConnectionTest
Tests run: 1, Failures: 0, Errors: 0, Skipped: 0, Time elapsed: 6.019 sec - in org.apache.flink.runtime.filecache.FileCacheDeleteValidationTest
Tests run: 12, Failures: 0, Errors: 0, Skipped: 0, Time elapsed: 10.332 sec - in org.apache.flink.runtime.operators.ReduceTaskTest
Running org.apache.flink.runtime.jobmanager.scheduler.SchedulerSlotSharingTest
Running org.apache.flink.runtime.jobmanager.JobManagerTest
Tests run: 32, Failures: 0, Errors: 0, Skipped: 0, Time elapsed: 10.501 sec - in org.apache.flink.runtime.operators.CrossTaskTest
Running org.apache.flink.runtime.jobmanager.scheduler.SlotAllocationFutureTest
Tests run: 3, Failures: 0, Errors: 0, Skipped: 0, Time elapsed: 0.186 sec - in org.apache.flink.runtime.jobmanager.scheduler.SlotAllocationFutureTest
Running org.apache.flink.runtime.jobmanager.scheduler.ScheduleOrUpdateConsumersTest
Tests run: 2, Failures: 0, Errors: 0, Skipped: 0, Time elapsed: 10.278 sec - in org.apache.flink.runtime.checkpoint.CoordinatorShutdownTest
Running org.apache.flink.runtime.jobmanager.scheduler.SetQueueTest
Tests run: 2, Failures: 0, Errors: 0, Skipped: 0, Time elapsed: 0 sec - in org.apache.flink.runtime.jobmanager.scheduler.SetQueueTest
Running org.apache.flink.runtime.jobmanager.scheduler.ScheduleWithCoLocationHintTest
Tests run: 22, Failures: 0, Errors: 0, Skipped: 0, Time elapsed: 13.07 sec - in org.apache.flink.runtime.operators.CachedMatchTaskTest
Tests run: 4, Failures: 0, Errors: 0, Skipped: 0, Time elapsed: 8.349 sec - in org.apache.flink.runtime.blob.BlobClientTest
Running org.apache.flink.runtime.jobmanager.scheduler.SchedulerIsolatedTasksTest
Running org.apache.flink.runtime.jobmanager.scheduler.CoLocationConstraintTest
Tests run: 1, Failures: 0, Errors: 0, Skipped: 0, Time elapsed: 7.221 sec - in org.apache.flink.runtime.executiongraph.ExecutionStateProgressTest
Running org.apache.flink.runtime.jobmanager.scheduler.LifoSetQueueTest
Tests run: 2, Failures: 0, Errors: 0, Skipped: 0, Time elapsed: 0.001 sec - in org.apache.flink.runtime.jobmanager.scheduler.LifoSetQueueTest
Running org.apache.flink.runtime.jobmanager.JobSubmitTest
Tests run: 2, Failures: 0, Errors: 0, Skipped: 0, Time elapsed: 2.703 sec - in org.apache.flink.runtime.jobmanager.JobManagerStartupTest
Running org.apache.flink.runtime.taskmanager.TaskExecutionStateTest
Tests run: 2, Failures: 0, Errors: 0, Skipped: 0, Time elapsed: 0.345 sec - in org.apache.flink.runtime.jobmanager.scheduler.CoLocationConstraintTest
Running org.apache.flink.runtime.taskmanager.TaskManagerTest
Tests run: 3, Failures: 0, Errors: 0, Skipped: 0, Time elapsed: 0.348 sec - in org.apache.flink.runtime.taskmanager.TaskExecutionStateTest
Running org.apache.flink.runtime.taskmanager.TaskInputSplitProviderTest
Tests run: 11, Failures: 0, Errors: 0, Skipped: 0, Time elapsed: 7.189 sec - in org.apache.flink.runtime.executiongraph.ExecutionVertexCancelTest
Running org.apache.flink.runtime.taskmanager.TaskManagerRegistrationTest
Tests run: 1, Failures: 0, Errors: 0, Skipped: 0, Time elapsed: 0.236 sec - in org.apache.flink.runtime.taskmanager.TaskInputSplitProviderTest
Running org.apache.flink.runtime.taskmanager.TestManagerStartupTest
Tests run: 2, Failures: 0, Errors: 0, Skipped: 0, Time elapsed: 0.709 sec - in org.apache.flink.runtime.jobmanager.JobSubmitTest
Running org.apache.flink.runtime.taskmanager.TaskCancelTest
Tests run: 6, Failures: 0, Errors: 0, Skipped: 0, Time elapsed: 5.591 sec - in org.apache.flink.runtime.executiongraph.VertexLocationConstraintTest
Running org.apache.flink.runtime.taskmanager.TaskManagerComponentsStartupShutdownTest
Tests run: 2, Failures: 0, Errors: 0, Skipped: 0, Time elapsed: 3.502 sec - in org.apache.flink.runtime.jobmanager.JobManagerConnectionTest
Running org.apache.flink.runtime.taskmanager.TaskManagerConfigurationTest
Tests run: 3, Failures: 0, Errors: 0, Skipped: 0, Time elapsed: 0.099 sec - in org.apache.flink.runtime.taskmanager.TaskManagerConfigurationTest
Running org.apache.flink.runtime.taskmanager.TaskTest
Tests run: 5, Failures: 0, Errors: 0, Skipped: 0, Time elapsed: 9.969 sec - in org.apache.flink.runtime.blob.BlobServerPutTest
Running org.apache.flink.runtime.taskmanager.TaskManagerProcessReapingTest
Tests run: 9, Failures: 0, Errors: 0, Skipped: 0, Time elapsed: 3.672 sec - in org.apache.flink.runtime.jobmanager.scheduler.ScheduleWithCoLocationHintTest
Running org.apache.flink.runtime.client.SerializedJobExecutionResultTest
Tests run: 2, Failures: 0, Errors: 0, Skipped: 0, Time elapsed: 0.152 sec - in org.apache.flink.runtime.client.SerializedJobExecutionResultTest
Running org.apache.flink.runtime.deployment.TaskDeploymentDescriptorTest
Tests run: 1, Failures: 0, Errors: 0, Skipped: 0, Time elapsed: 0.03 sec - in org.apache.flink.runtime.deployment.TaskDeploymentDescriptorTest
Running org.apache.flink.runtime.execution.librarycache.BlobLibraryCacheManagerTest
Tests run: 19, Failures: 1, Errors: 0, Skipped: 0, Time elapsed: 1.625 sec <<< FAILURE! - in org.apache.flink.runtime.taskmanager.TaskTest
testCancelTaskException(org.apache.flink.runtime.taskmanager.TaskTest)  Time elapsed: 0.07 sec  <<< FAILURE!
java.lang.AssertionError: expected:<CANCELED> but was:<FAILED>
	at org.junit.Assert.fail(Assert.java:88)
	at org.junit.Assert.failNotEquals(Assert.java:743)
	at org.junit.Assert.assertEquals(Assert.java:118)
	at org.junit.Assert.assertEquals(Assert.java:144)
	at org.apache.flink.runtime.taskmanager.TaskTest.testCancelTaskException(TaskTest.java:617)

Running org.apache.flink.runtime.util.MathUtilTest
Tests run: 3, Failures: 0, Errors: 0, Skipped: 0, Time elapsed: 0.007 sec - in org.apache.flink.runtime.util.MathUtilTest
Running org.apache.flink.runtime.util.SerializedValueTest
Tests run: 2, Failures: 0, Errors: 0, Skipped: 0, Time elapsed: 0.007 sec - in org.apache.flink.runtime.util.SerializedValueTest
Running org.apache.flink.runtime.util.ReusingKeyGroupedIteratorTest
Tests run: 4, Failures: 0, Errors: 0, Skipped: 0, Time elapsed: 0.053 sec - in org.apache.flink.runtime.util.ReusingKeyGroupedIteratorTest
Running org.apache.flink.runtime.util.AtomicDisposableReferenceCounterTest
Tests run: 3, Failures: 0, Errors: 0, Skipped: 0, Time elapsed: 0.075 sec - in org.apache.flink.runtime.util.AtomicDisposableReferenceCounterTest
Running org.apache.flink.runtime.util.LRUCacheMapTest
Tests run: 5, Failures: 0, Errors: 0, Skipped: 0, Time elapsed: 0.012 sec - in org.apache.flink.runtime.util.LRUCacheMapTest
Running org.apache.flink.runtime.util.event.TaskEventHandlerTest
Tests run: 1, Failures: 0, Errors: 0, Skipped: 0, Time elapsed: 0.137 sec - in org.apache.flink.runtime.util.event.TaskEventHandlerTest
Running org.apache.flink.runtime.util.DataInputOutputSerializerTest
Tests run: 1, Failures: 0, Errors: 0, Skipped: 0, Time elapsed: 3.072 sec - in org.apache.flink.runtime.taskmanager.TaskManagerComponentsStartupShutdownTest
Running org.apache.flink.runtime.util.NonReusingKeyGroupedIteratorTest
Tests run: 4, Failures: 0, Errors: 0, Skipped: 0, Time elapsed: 0.032 sec - in org.apache.flink.runtime.util.NonReusingKeyGroupedIteratorTest
Tests run: 3, Failures: 0, Errors: 0, Skipped: 0, Time elapsed: 3.329 sec - in org.apache.flink.runtime.taskmanager.TestManagerStartupTest
Running org.apache.flink.runtime.util.DelegatingConfigurationTest
Running org.apache.flink.runtime.util.EnvironmentInformationTest
Tests run: 1, Failures: 0, Errors: 0, Skipped: 0, Time elapsed: 0.015 sec - in org.apache.flink.runtime.util.DelegatingConfigurationTest
Running org.apache.flink.runtime.util.JarFileCreatorTest
Tests run: 2, Failures: 0, Errors: 0, Skipped: 0, Time elapsed: 1.438 sec - in org.apache.flink.runtime.execution.librarycache.BlobLibraryCacheManagerTest
Running org.apache.flink.runtime.instance.HardwareTest
Tests run: 2, Failures: 0, Errors: 0, Skipped: 0, Time elapsed: 0.005 sec - in org.apache.flink.runtime.instance.HardwareTest
Running org.apache.flink.runtime.instance.InstanceTest
Tests run: 4, Failures: 0, Errors: 0, Skipped: 0, Time elapsed: 0.012 sec - in org.apache.flink.runtime.instance.InstanceTest
Running org.apache.flink.runtime.instance.SimpleSlotTest
Tests run: 3, Failures: 0, Errors: 0, Skipped: 0, Time elapsed: 0.171 sec - in org.apache.flink.runtime.instance.SimpleSlotTest
Running org.apache.flink.runtime.instance.InstanceConnectionInfoTest
Tests run: 6, Failures: 0, Errors: 0, Skipped: 0, Time elapsed: 0.192 sec - in org.apache.flink.runtime.instance.InstanceConnectionInfoTest
Running org.apache.flink.runtime.instance.InstanceManagerTest
Tests run: 9, Failures: 0, Errors: 0, Skipped: 0, Time elapsed: 0.851 sec - in org.apache.flink.runtime.util.JarFileCreatorTest
Running org.apache.flink.runtime.instance.SharedSlotsTest
Tests run: 7, Failures: 0, Errors: 0, Skipped: 0, Time elapsed: 9.314 sec - in org.apache.flink.runtime.executiongraph.LocalInputSplitsTest
Running org.apache.flink.runtime.io.disk.iomanager.BufferFileWriterFileSegmentReaderTest
Tests run: 8, Failures: 0, Errors: 0, Skipped: 0, Time elapsed: 0.153 sec - in org.apache.flink.runtime.instance.SharedSlotsTest
Running org.apache.flink.runtime.io.disk.iomanager.IOManagerAsyncTest
Tests run: 4, Failures: 0, Errors: 0, Skipped: 0, Time elapsed: 0.568 sec - in org.apache.flink.runtime.instance.InstanceManagerTest
Running org.apache.flink.runtime.io.disk.iomanager.IOManagerTest
Tests run: 1, Failures: 0, Errors: 0, Skipped: 0, Time elapsed: 0.009 sec - in org.apache.flink.runtime.io.disk.iomanager.IOManagerTest
Running org.apache.flink.runtime.io.disk.iomanager.BufferFileWriterReaderTest
Tests run: 1, Failures: 0, Errors: 0, Skipped: 0, Time elapsed: 1.077 sec - in org.apache.flink.runtime.io.disk.iomanager.BufferFileWriterFileSegmentReaderTest
Running org.apache.flink.runtime.io.disk.iomanager.AsynchronousBufferFileWriterTest
Tests run: 2, Failures: 0, Errors: 0, Skipped: 0, Time elapsed: 2.543 sec - in org.apache.flink.runtime.io.disk.iomanager.BufferFileWriterReaderTest
Running org.apache.flink.runtime.io.disk.iomanager.AsynchronousFileIOChannelTest
Tests run: 12, Failures: 0, Errors: 0, Skipped: 0, Time elapsed: 9.773 sec - in org.apache.flink.runtime.jobmanager.scheduler.SchedulerSlotSharingTest
Running org.apache.flink.runtime.io.disk.ChannelViewsTest
Tests run: 6, Failures: 0, Errors: 0, Skipped: 0, Time elapsed: 3.133 sec - in org.apache.flink.runtime.io.disk.iomanager.IOManagerAsyncTest
Running org.apache.flink.runtime.io.disk.SeekableFileChannelInputViewTest
Tests run: 46, Failures: 0, Errors: 0, Skipped: 0, Time elapsed: 21.501 sec - in org.apache.flink.runtime.operators.MatchTaskTest
Running org.apache.flink.runtime.io.disk.FileChannelStreamsTest
Tests run: 2, Failures: 0, Errors: 0, Skipped: 0, Time elapsed: 0.082 sec - in org.apache.flink.runtime.io.disk.FileChannelStreamsTest
Running org.apache.flink.runtime.io.disk.SpillingBufferTest
Tests run: 1, Failures: 0, Errors: 0, Skipped: 0, Time elapsed: 0.482 sec - in org.apache.flink.runtime.io.disk.SeekableFileChannelInputViewTest
Running org.apache.flink.runtime.io.network.DefaultChannelSelectorTest
Tests run: 1, Failures: 0, Errors: 0, Skipped: 0, Time elapsed: 0.04 sec - in org.apache.flink.runtime.io.network.DefaultChannelSelectorTest
Running org.apache.flink.runtime.io.network.netty.PartitionRequestClientFactoryTest
Tests run: 2, Failures: 0, Errors: 0, Skipped: 0, Time elapsed: 10.682 sec - in org.apache.flink.runtime.jobmanager.JobManagerTest
Running org.apache.flink.runtime.io.network.netty.CancelPartitionRequestTest
Tests run: 3, Failures: 0, Errors: 0, Skipped: 0, Time elapsed: 5.683 sec - in org.apache.flink.runtime.util.EnvironmentInformationTest
Running org.apache.flink.runtime.io.network.netty.PartitionRequestClientHandlerTest
Tests run: 2, Failures: 0, Errors: 0, Skipped: 0, Time elapsed: 6.868 sec - in org.apache.flink.runtime.util.DataInputOutputSerializerTest
Running org.apache.flink.runtime.io.network.netty.NettyServerLowAndHighWatermarkTest
Tests run: 3, Failures: 0, Errors: 0, Skipped: 0, Time elapsed: 23.505 sec - in org.apache.flink.runtime.operators.sort.LargeRecordHandlerTest
Running org.apache.flink.runtime.io.network.netty.ServerTransportErrorHandlingTest
Tests run: 1, Failures: 0, Errors: 0, Skipped: 0, Time elapsed: 14.74 sec - in org.apache.flink.runtime.jobmanager.JobManagerProcessReapingTest
Running org.apache.flink.runtime.io.network.netty.NettyMessageSerializationTest
Tests run: 1, Failures: 0, Errors: 0, Skipped: 0, Time elapsed: 3.62 sec - in org.apache.flink.runtime.io.network.netty.PartitionRequestClientFactoryTest
Running org.apache.flink.runtime.io.network.netty.ClientTransportErrorHandlingTest
Tests run: 3, Failures: 0, Errors: 0, Skipped: 0, Time elapsed: 2.7 sec - in org.apache.flink.runtime.io.network.netty.PartitionRequestClientHandlerTest
Running org.apache.flink.runtime.io.network.partition.SpilledSubpartitionViewTest
Tests run: 4, Failures: 0, Errors: 0, Skipped: 0, Time elapsed: 4.904 sec - in org.apache.flink.runtime.io.disk.SpillingBufferTest
Running org.apache.flink.runtime.io.network.partition.PartialConsumePipelinedResultTest
Tests run: 1, Failures: 0, Errors: 0, Skipped: 0, Time elapsed: 4.507 sec - in org.apache.flink.runtime.io.network.netty.NettyServerLowAndHighWatermarkTest
Running org.apache.flink.runtime.io.network.partition.SpilledSubpartitionViewSyncIOTest
Tests run: 2, Failures: 0, Errors: 0, Skipped: 0, Time elapsed: 28.252 sec - in org.apache.flink.runtime.operators.chaining.ChainTaskTest
Running org.apache.flink.runtime.io.network.partition.SpillableSubpartitionTest
Tests run: 5, Failures: 0, Errors: 0, Skipped: 0, Time elapsed: 14.838 sec - in org.apache.flink.runtime.jobmanager.scheduler.SchedulerIsolatedTasksTest
Running org.apache.flink.runtime.io.network.partition.PipelinedSubpartitionTest
Tests run: 1, Failures: 0, Errors: 0, Skipped: 0, Time elapsed: 18.463 sec - in org.apache.flink.runtime.jobmanager.SlotCountExceedingParallelismTest
Running org.apache.flink.runtime.io.network.partition.consumer.InputChannelTest
Tests run: 4, Failures: 0, Errors: 0, Skipped: 0, Time elapsed: 0.3 sec - in org.apache.flink.runtime.io.network.partition.consumer.InputChannelTest
Running org.apache.flink.runtime.io.network.partition.consumer.RemoteInputChannelTest
Tests run: 6, Failures: 0, Errors: 0, Skipped: 0, Time elapsed: 3.044 sec - in org.apache.flink.runtime.io.network.netty.ClientTransportErrorHandlingTest
Running org.apache.flink.runtime.io.network.partition.consumer.LocalInputChannelTest
Tests run: 1, Failures: 0, Errors: 0, Skipped: 0, Time elapsed: 16.794 sec - in org.apache.flink.runtime.jobmanager.scheduler.ScheduleOrUpdateConsumersTest
Running org.apache.flink.runtime.io.network.partition.consumer.UnionInputGateTest
Tests run: 2, Failures: 0, Errors: 0, Skipped: 0, Time elapsed: 0.672 sec - in org.apache.flink.runtime.io.network.partition.SpillableSubpartitionTest
Running org.apache.flink.runtime.io.network.partition.consumer.SingleInputGateTest
Tests run: 2, Failures: 0, Errors: 0, Skipped: 0, Time elapsed: 3.408 sec - in org.apache.flink.runtime.io.network.partition.SpilledSubpartitionViewTest
Running org.apache.flink.runtime.io.network.partition.SpilledSubpartitionViewAsyncIOTest
Tests run: 2, Failures: 0, Errors: 0, Skipped: 0, Time elapsed: 0.72 sec - in org.apache.flink.runtime.io.network.partition.consumer.SingleInputGateTest
Running org.apache.flink.runtime.io.network.api.reader.BufferReaderTest
Tests run: 2, Failures: 0, Errors: 0, Skipped: 0, Time elapsed: 1.781 sec - in org.apache.flink.runtime.io.network.partition.SpilledSubpartitionViewSyncIOTest
Running org.apache.flink.runtime.io.network.api.reader.AbstractReaderTest
Tests run: 1, Failures: 0, Errors: 0, Skipped: 0, Time elapsed: 4.812 sec - in org.apache.flink.runtime.io.network.netty.NettyMessageSerializationTest
Running org.apache.flink.runtime.io.network.api.writer.RecordWriterTest
Tests run: 4, Failures: 0, Errors: 0, Skipped: 0, Time elapsed: 0.251 sec - in org.apache.flink.runtime.io.network.api.reader.AbstractReaderTest
Running org.apache.flink.runtime.io.network.api.serialization.PagedViewsTest
Tests run: 1, Failures: 0, Errors: 0, Skipped: 0, Time elapsed: 8.073 sec - in org.apache.flink.runtime.io.network.netty.CancelPartitionRequestTest
Running org.apache.flink.runtime.io.network.api.serialization.SpanningRecordSerializationTest
Tests run: 1, Failures: 0, Errors: 0, Skipped: 0, Time elapsed: 1.674 sec - in org.apache.flink.runtime.io.network.partition.consumer.UnionInputGateTest
Running org.apache.flink.runtime.io.network.api.serialization.SpanningRecordSerializerTest
Tests run: 7, Failures: 0, Errors: 0, Skipped: 0, Time elapsed: 17.209 sec - in org.apache.flink.runtime.taskmanager.TaskManagerRegistrationTest
Running org.apache.flink.runtime.io.network.api.serialization.EventSerializerTest
Tests run: 1, Failures: 0, Errors: 0, Skipped: 0, Time elapsed: 0.003 sec - in org.apache.flink.runtime.io.network.api.serialization.EventSerializerTest
Running org.apache.flink.runtime.io.network.DataExchangeModeTest
Tests run: 3, Failures: 0, Errors: 0, Skipped: 0, Time elapsed: 0.092 sec - in org.apache.flink.runtime.io.network.DataExchangeModeTest
Running org.apache.flink.runtime.io.network.buffer.NetworkBufferPoolTest
Tests run: 2, Failures: 0, Errors: 0, Skipped: 0, Time elapsed: 0.006 sec - in org.apache.flink.runtime.io.network.buffer.NetworkBufferPoolTest
Running org.apache.flink.runtime.io.network.buffer.BufferPoolFactoryTest
Tests run: 1, Failures: 0, Errors: 0, Skipped: 0, Time elapsed: 17.139 sec - in org.apache.flink.runtime.taskmanager.TaskCancelTest
Running org.apache.flink.runtime.io.network.buffer.LocalBufferPoolTest
Tests run: 7, Failures: 0, Errors: 0, Skipped: 0, Time elapsed: 0.135 sec - in org.apache.flink.runtime.io.network.buffer.BufferPoolFactoryTest
Running org.apache.flink.runtime.io.network.buffer.BufferTest
Tests run: 2, Failures: 0, Errors: 0, Skipped: 0, Time elapsed: 0.075 sec - in org.apache.flink.runtime.io.network.buffer.BufferTest
Running org.apache.flink.runtime.io.network.serialization.LargeRecordsTest
Tests run: 1, Failures: 0, Errors: 0, Skipped: 0, Time elapsed: 2.639 sec - in org.apache.flink.runtime.io.network.partition.SpilledSubpartitionViewAsyncIOTest
Running org.apache.flink.runtime.io.network.NetworkEnvironmentTest
Tests run: 4, Failures: 0, Errors: 0, Skipped: 0, Time elapsed: 12.827 sec - in org.apache.flink.runtime.io.disk.iomanager.AsynchronousBufferFileWriterTest
Tests run: 6, Failures: 0, Errors: 0, Skipped: 0, Time elapsed: 31.935 sec - in org.apache.flink.runtime.operators.sort.FixedLengthRecordSorterTest
Tests run: 10, Failures: 0, Errors: 0, Skipped: 0, Time elapsed: 1.145 sec - in org.apache.flink.runtime.io.network.buffer.LocalBufferPoolTest
Tests run: 4, Failures: 0, Errors: 0, Skipped: 0, Time elapsed: 11.537 sec - in org.apache.flink.runtime.io.disk.iomanager.AsynchronousFileIOChannelTest
Tests run: 10, Failures: 0, Errors: 0, Skipped: 0, Time elapsed: 4.447 sec - in org.apache.flink.runtime.io.network.partition.PipelinedSubpartitionTest
Tests run: 4, Failures: 0, Errors: 0, Skipped: 0, Time elapsed: 2.98 sec - in org.apache.flink.runtime.io.network.api.serialization.SpanningRecordSerializationTest
Tests run: 1, Failures: 0, Errors: 0, Skipped: 0, Time elapsed: 3.863 sec - in org.apache.flink.runtime.io.network.NetworkEnvironmentTest
Tests run: 1, Failures: 0, Errors: 0, Skipped: 0, Time elapsed: 11.609 sec - in org.apache.flink.runtime.io.network.netty.ServerTransportErrorHandlingTest
Tests run: 6, Failures: 0, Errors: 0, Skipped: 0, Time elapsed: 5.509 sec - in org.apache.flink.runtime.io.network.api.serialization.SpanningRecordSerializerTest
Tests run: 2, Failures: 0, Errors: 0, Skipped: 0, Time elapsed: 7.59 sec - in org.apache.flink.runtime.io.network.api.reader.BufferReaderTest
Tests run: 1, Failures: 0, Errors: 0, Skipped: 0, Time elapsed: 11.362 sec - in org.apache.flink.runtime.io.network.partition.PartialConsumePipelinedResultTest
Tests run: 2, Failures: 0, Errors: 0, Skipped: 0, Time elapsed: 9.548 sec - in org.apache.flink.runtime.io.network.partition.consumer.LocalInputChannelTest
Tests run: 6, Failures: 0, Errors: 0, Skipped: 0, Time elapsed: 32.473 sec - in org.apache.flink.runtime.executiongraph.ExecutionGraphDeploymentTest
Tests run: 4, Failures: 0, Errors: 0, Skipped: 0, Time elapsed: 9.056 sec - in org.apache.flink.runtime.io.network.api.writer.RecordWriterTest
Tests run: 10, Failures: 0, Errors: 0, Skipped: 0, Time elapsed: 9.286 sec - in org.apache.flink.runtime.io.network.api.serialization.PagedViewsTest
Tests run: 7, Failures: 0, Errors: 0, Skipped: 0, Time elapsed: 26.896 sec - in org.apache.flink.runtime.taskmanager.TaskManagerTest
Tests run: 14, Failures: 0, Errors: 0, Skipped: 0, Time elapsed: 42.269 sec - in org.apache.flink.runtime.operators.hash.MemoryHashTableTest
Tests run: 1, Failures: 0, Errors: 0, Skipped: 0, Time elapsed: 28.036 sec - in org.apache.flink.runtime.taskmanager.TaskManagerProcessReapingTest
Tests run: 3, Failures: 0, Errors: 0, Skipped: 0, Time elapsed: 44.228 sec - in org.apache.flink.runtime.operators.DataSourceTaskTest
Tests run: 7, Failures: 0, Errors: 0, Skipped: 0, Time elapsed: 54.433 sec - in org.apache.flink.runtime.operators.DataSinkTaskTest
Tests run: 7, Failures: 0, Errors: 0, Skipped: 0, Time elapsed: 27.194 sec - in org.apache.flink.runtime.io.network.partition.consumer.RemoteInputChannelTest
Tests run: 2, Failures: 0, Errors: 0, Skipped: 0, Time elapsed: 34.57 sec - in org.apache.flink.runtime.io.network.serialization.LargeRecordsTest
Tests run: 8, Failures: 0, Errors: 0, Skipped: 0, Time elapsed: 69.808 sec - in org.apache.flink.runtime.operators.sort.NormalizedKeySorterTest
Tests run: 6, Failures: 0, Errors: 0, Skipped: 0, Time elapsed: 64.863 sec - in org.apache.flink.runtime.io.disk.ChannelViewsTest

Results :

Failed tests: 
  TaskTest.testCancelTaskException:617 expected:<CANCELED> but was:<FAILED>

Tests run: 680, Failures: 1, Errors: 0, Skipped: 0

[INFO] ------------------------------------------------------------------------
[INFO] BUILD FAILURE
[INFO] ------------------------------------------------------------------------
[INFO] Total time: 01:41 min
[INFO] Finished at: 2016-07-15T03:12:46-07:00
[INFO] Final Memory: 47M/2476M
[INFO] ------------------------------------------------------------------------
[ERROR] Failed to execute goal org.apache.maven.plugins:maven-surefire-plugin:2.17:test (default-test) on project flink-runtime: There are test failures.
[ERROR] 
[ERROR] Please refer to /space/parallel/flink/flink9/dataset/flink/FLINK-2109_d594d02426898c3bf3c1fd52417c75921e28b61c/flink-runtime/target/surefire-reports for the individual test results.
[ERROR] -> [Help 1]
[ERROR] 
[ERROR] To see the full stack trace of the errors, re-run Maven with the -e switch.
[ERROR] Re-run Maven using the -X switch to enable full debug logging.
[ERROR] 
[ERROR] For more information about the errors and possible solutions, please read the following articles:
[ERROR] [Help 1] http://cwiki.apache.org/confluence/display/MAVEN/MojoFailureException
