[INFO] Scanning for projects...
[INFO]                                                                         
[INFO] ------------------------------------------------------------------------
[INFO] Building Apache Log4j Core 2.4-SNAPSHOT
[INFO] ------------------------------------------------------------------------
[INFO] 
[INFO] --- maven-remote-resources-plugin:1.1:process (default) @ log4j-core ---
[INFO] Setting property: classpath.resource.loader.class => 'org.codehaus.plexus.velocity.ContextClassLoaderResourceLoader'.
[INFO] Setting property: velocimacro.messages.on => 'false'.
[INFO] Setting property: resource.loader => 'classpath'.
[INFO] Setting property: resource.manager.logwhenfound => 'false'.
[INFO] 
[INFO] --- maven-resources-plugin:2.7:resources (default-resources) @ log4j-core ---
[INFO] Using 'UTF-8' encoding to copy filtered resources.
[INFO] Copying 8 resources
[INFO] 
[INFO] --- maven-compiler-plugin:3.3:compile (default-compile) @ log4j-core ---
[INFO] Changes detected - recompiling the module!
[INFO] Compiling 412 source files to /home/ylyu/parallel/log4j2/log4j29/dataset/logging-log4j2/LOG4J2-1068_e7bbeceb123e60bc84186395e2a29c2a90769886/log4j-core/target/classes
[WARNING] /home/ylyu/parallel/log4j2/log4j29/dataset/logging-log4j2/LOG4J2-1068_e7bbeceb123e60bc84186395e2a29c2a90769886/log4j-core/src/main/java/org/apache/logging/log4j/core/lookup/MainMapLookup.java:[63,23] [deprecation] setMainArguments(String[]) in MapLookup has been deprecated
[WARNING] /home/ylyu/parallel/log4j2/log4j29/dataset/logging-log4j2/LOG4J2-1068_e7bbeceb123e60bc84186395e2a29c2a90769886/log4j-core/src/main/java/org/apache/logging/log4j/core/async/AsyncLogger.java:[128,34] [unchecked] unchecked generic array creation for varargs parameter of type EventHandler<? super RingBufferLogEvent>[]
[WARNING] /home/ylyu/parallel/log4j2/log4j29/dataset/logging-log4j2/LOG4J2-1068_e7bbeceb123e60bc84186395e2a29c2a90769886/log4j-core/src/main/java/org/apache/logging/log4j/core/async/AsyncLogger.java:[193,91] [unchecked] unchecked conversion
[WARNING]   required: ExceptionHandler<RingBufferLogEvent>
  found:    ExceptionHandler
/home/ylyu/parallel/log4j2/log4j29/dataset/logging-log4j2/LOG4J2-1068_e7bbeceb123e60bc84186395e2a29c2a90769886/log4j-core/src/main/java/org/apache/logging/log4j/core/config/plugins/util/ResolverUtil.java:[252,36] [cast] redundant cast to BundleWiring
[WARNING] /home/ylyu/parallel/log4j2/log4j29/dataset/logging-log4j2/LOG4J2-1068_e7bbeceb123e60bc84186395e2a29c2a90769886/log4j-core/src/main/java/org/apache/logging/log4j/core/config/plugins/util/ResolverUtil.java:[255,40] [cast] redundant cast to Collection<String>
[WARNING] /home/ylyu/parallel/log4j2/log4j29/dataset/logging-log4j2/LOG4J2-1068_e7bbeceb123e60bc84186395e2a29c2a90769886/log4j-core/src/main/java/org/apache/logging/log4j/core/jackson/ListOfMapEntrySerializer.java:[35,7] [serial] serializable class ListOfMapEntrySerializer has no definition of serialVersionUID
[WARNING] /home/ylyu/parallel/log4j2/log4j29/dataset/logging-log4j2/LOG4J2-1068_e7bbeceb123e60bc84186395e2a29c2a90769886/log4j-core/src/main/java/org/apache/logging/log4j/core/jackson/MessageSerializer.java:[33,6] [serial] serializable class MessageSerializer has no definition of serialVersionUID
[INFO] 
[INFO] --- maven-compiler-plugin:3.3:compile (process-plugins) @ log4j-core ---
[INFO] Changes detected - recompiling the module!
[INFO] Compiling 412 source files to /home/ylyu/parallel/log4j2/log4j29/dataset/logging-log4j2/LOG4J2-1068_e7bbeceb123e60bc84186395e2a29c2a90769886/log4j-core/target/classes
[INFO] 
[INFO] --- maven-bundle-plugin:2.5.3:manifest (default) @ log4j-core ---
[INFO] 
[INFO] --- maven-resources-plugin:2.7:testResources (default-testResources) @ log4j-core ---
[INFO] Using 'UTF-8' encoding to copy filtered resources.
[INFO] Copying 160 resources
[INFO] 
[INFO] --- maven-compiler-plugin:3.3:testCompile (default-testCompile) @ log4j-core ---
[INFO] Changes detected - recompiling the module!
[INFO] Compiling 301 source files to /home/ylyu/parallel/log4j2/log4j29/dataset/logging-log4j2/LOG4J2-1068_e7bbeceb123e60bc84186395e2a29c2a90769886/log4j-core/target/test-classes
[WARNING] bad path element "/home/ylyu/.m2/repository/org/mockejb/mockejb/0.6-beta2/commons-logging.jar": no such file or directory
Note: CAL10NAnnotationProcessor 0.8.1 initialized
warning: Supported source version 'RELEASE_5' from annotation processor 'ch.qos.cal10n.verifier.processor.CAL10NAnnotationProcessor' less than -source '1.7'
warning: No processor claimed any of these annotations: javax.persistence.Convert,org.junit.AfterClass,org.junit.Ignore,javax.persistence.Column,javax.persistence.Id,com.fasterxml.jackson.databind.annotation.JsonDeserialize,org.junit.Before,javax.persistence.Temporal,org.junit.Rule,javax.persistence.GeneratedValue,org.junit.experimental.categories.Category,javax.persistence.Table,org.junit.ClassRule,org.junit.Test,javax.persistence.Basic,com.fasterxml.jackson.annotation.JsonProperty,javax.persistence.Transient,org.junit.runners.Parameterized.Parameters,javax.persistence.Entity,org.junit.After,org.junit.runner.RunWith,org.junit.BeforeClass
/home/ylyu/parallel/log4j2/log4j29/dataset/logging-log4j2/LOG4J2-1068_e7bbeceb123e60bc84186395e2a29c2a90769886/log4j-core/src/test/java/org/apache/logging/log4j/core/tools/GenerateExtendedLoggerTest.java:[93,73] [rawtypes] found raw type: Class
[WARNING]   missing type arguments for generic class Class<T>
  where T is a type-variable:
    T extends Object declared in class Class
/home/ylyu/parallel/log4j2/log4j29/dataset/logging-log4j2/LOG4J2-1068_e7bbeceb123e60bc84186395e2a29c2a90769886/log4j-core/src/test/java/org/apache/logging/log4j/core/tools/GenerateExtendedLoggerTest.java:[94,73] [rawtypes] found raw type: Class
[WARNING]   missing type arguments for generic class Class<T>
  where T is a type-variable:
    T extends Object declared in class Class
/home/ylyu/parallel/log4j2/log4j29/dataset/logging-log4j2/LOG4J2-1068_e7bbeceb123e60bc84186395e2a29c2a90769886/log4j-core/src/test/java/org/apache/logging/log4j/core/tools/GenerateExtendedLoggerTest.java:[95,73] [rawtypes] found raw type: Class
[WARNING]   missing type arguments for generic class Class<T>
  where T is a type-variable:
    T extends Object declared in class Class
/home/ylyu/parallel/log4j2/log4j29/dataset/logging-log4j2/LOG4J2-1068_e7bbeceb123e60bc84186395e2a29c2a90769886/log4j-core/src/test/java/org/apache/logging/log4j/core/tools/GenerateExtendedLoggerTest.java:[96,73] [rawtypes] found raw type: Class
[WARNING]   missing type arguments for generic class Class<T>
  where T is a type-variable:
    T extends Object declared in class Class
/home/ylyu/parallel/log4j2/log4j29/dataset/logging-log4j2/LOG4J2-1068_e7bbeceb123e60bc84186395e2a29c2a90769886/log4j-core/src/test/java/org/apache/logging/log4j/core/tools/GenerateExtendedLoggerTest.java:[123,66] [rawtypes] found raw type: Class
[WARNING]   missing type arguments for generic class Class<T>
  where T is a type-variable:
    T extends Object declared in class Class
/home/ylyu/parallel/log4j2/log4j29/dataset/logging-log4j2/LOG4J2-1068_e7bbeceb123e60bc84186395e2a29c2a90769886/log4j-core/src/test/java/org/apache/logging/log4j/core/appender/rolling/action/FileRenameActionTest.java:[71,31] [try] auto-closeable resource pos is never referenced in body of corresponding try statement
[WARNING] /home/ylyu/parallel/log4j2/log4j29/dataset/logging-log4j2/LOG4J2-1068_e7bbeceb123e60bc84186395e2a29c2a90769886/log4j-core/src/test/java/org/apache/logging/log4j/core/tools/GenerateCustomLoggerTest.java:[93,73] [rawtypes] found raw type: Class
[WARNING]   missing type arguments for generic class Class<T>
  where T is a type-variable:
    T extends Object declared in class Class
/home/ylyu/parallel/log4j2/log4j29/dataset/logging-log4j2/LOG4J2-1068_e7bbeceb123e60bc84186395e2a29c2a90769886/log4j-core/src/test/java/org/apache/logging/log4j/core/tools/GenerateCustomLoggerTest.java:[94,73] [rawtypes] found raw type: Class
[WARNING]   missing type arguments for generic class Class<T>
  where T is a type-variable:
    T extends Object declared in class Class
/home/ylyu/parallel/log4j2/log4j29/dataset/logging-log4j2/LOG4J2-1068_e7bbeceb123e60bc84186395e2a29c2a90769886/log4j-core/src/test/java/org/apache/logging/log4j/core/tools/GenerateCustomLoggerTest.java:[95,73] [rawtypes] found raw type: Class
[WARNING]   missing type arguments for generic class Class<T>
  where T is a type-variable:
    T extends Object declared in class Class
/home/ylyu/parallel/log4j2/log4j29/dataset/logging-log4j2/LOG4J2-1068_e7bbeceb123e60bc84186395e2a29c2a90769886/log4j-core/src/test/java/org/apache/logging/log4j/core/tools/GenerateCustomLoggerTest.java:[96,73] [rawtypes] found raw type: Class
[WARNING]   missing type arguments for generic class Class<T>
  where T is a type-variable:
    T extends Object declared in class Class
/home/ylyu/parallel/log4j2/log4j29/dataset/logging-log4j2/LOG4J2-1068_e7bbeceb123e60bc84186395e2a29c2a90769886/log4j-core/src/test/java/org/apache/logging/log4j/core/tools/GenerateCustomLoggerTest.java:[123,66] [rawtypes] found raw type: Class
[WARNING]   missing type arguments for generic class Class<T>
  where T is a type-variable:
    T extends Object declared in class Class
/home/ylyu/parallel/log4j2/log4j29/dataset/logging-log4j2/LOG4J2-1068_e7bbeceb123e60bc84186395e2a29c2a90769886/log4j-core/src/test/java/org/apache/logging/log4j/core/lookup/MapLookupTest.java:[55,17] [deprecation] setMainArguments(String[]) in MapLookup has been deprecated
[WARNING] /home/ylyu/parallel/log4j2/log4j29/dataset/logging-log4j2/LOG4J2-1068_e7bbeceb123e60bc84186395e2a29c2a90769886/log4j-core/src/test/java/org/apache/logging/log4j/test/appender/DeadlockAppender.java:[32,7] [serial] serializable class DeadlockAppender has no definition of serialVersionUID
[WARNING] /home/ylyu/parallel/log4j2/log4j29/dataset/logging-log4j2/LOG4J2-1068_e7bbeceb123e60bc84186395e2a29c2a90769886/log4j-core/src/test/java/org/apache/logging/log4j/test/layout/BasicLayout.java:[32,7] [serial] serializable class BasicLayout has no definition of serialVersionUID
[INFO] 
[INFO] --- maven-surefire-plugin:2.18.1:test (default-test) @ log4j-core ---
[INFO] Surefire report directory: /home/ylyu/parallel/log4j2/log4j29/dataset/logging-log4j2/LOG4J2-1068_e7bbeceb123e60bc84186395e2a29c2a90769886/log4j-core/target/surefire-reports
[INFO] parallel='none', perCoreThreadCount=true, threadCount=0, useUnlimitedThreads=false, threadCountSuites=0, threadCountClasses=0, threadCountMethods=0, parallelOptimized=true

-------------------------------------------------------
 T E S T S
-------------------------------------------------------
Running org.apache.logging.log4j.MarkerMixInTest
Tests run: 3, Failures: 0, Errors: 0, Skipped: 0, Time elapsed: 0.258 sec - in org.apache.logging.log4j.MarkerMixInTest
Running org.apache.logging.log4j.core.LoggerUpdateTest
Tests run: 1, Failures: 0, Errors: 0, Skipped: 0, Time elapsed: 0.01 sec - in org.apache.logging.log4j.core.LoggerUpdateTest
Running org.apache.logging.log4j.core.LogEventTest
Tests run: 1, Failures: 0, Errors: 0, Skipped: 0, Time elapsed: 0.083 sec - in org.apache.logging.log4j.core.LogEventTest
Running org.apache.logging.log4j.core.LateConfigTest
Tests run: 1, Failures: 0, Errors: 0, Skipped: 0, Time elapsed: 0.1 sec - in org.apache.logging.log4j.core.LateConfigTest
Running org.apache.logging.log4j.core.LoggerDateTest
Tests run: 1, Failures: 0, Errors: 0, Skipped: 0, Time elapsed: 0.003 sec - in org.apache.logging.log4j.core.LoggerDateTest
Running org.apache.logging.log4j.core.LookupTest
Tests run: 1, Failures: 0, Errors: 0, Skipped: 0, Time elapsed: 0.002 sec - in org.apache.logging.log4j.core.LookupTest
Running org.apache.logging.log4j.core.tools.GenerateCustomLoggerTest
Tests run: 1, Failures: 0, Errors: 0, Skipped: 0, Time elapsed: 0.912 sec - in org.apache.logging.log4j.core.tools.GenerateCustomLoggerTest
Running org.apache.logging.log4j.core.tools.GenerateExtendedLoggerTest
Tests run: 1, Failures: 0, Errors: 0, Skipped: 0, Time elapsed: 0.972 sec - in org.apache.logging.log4j.core.tools.GenerateExtendedLoggerTest
2016-07-16 09:59:49,035 DEBUG Starting LoggerContext[name=1410328673] from configuration at log4j-marker-lookup.yaml
2016-07-16 09:59:49,036 DEBUG Starting LoggerContext[name=1410328673, org.apache.logging.log4j.core.LoggerContext@51986e63] with configuration YamlConfiguration[location=/home/ylyu/parallel/log4j2/log4j29/dataset/logging-log4j2/LOG4J2-1068_e7bbeceb123e60bc84186395e2a29c2a90769886/log4j-core/target/test-classes/log4j-marker-lookup.yaml]...
2016-07-16 09:59:49,036 DEBUG Shutdown hook enabled. Registering a new one.
2016-07-16 09:59:49,043 DEBUG Starting configuration YamlConfiguration[location=/home/ylyu/parallel/log4j2/log4j29/dataset/logging-log4j2/LOG4J2-1068_e7bbeceb123e60bc84186395e2a29c2a90769886/log4j-core/target/test-classes/log4j-marker-lookup.yaml]
2016-07-16 09:59:49,043 DEBUG PluginManager 'Core' found 78 plugins
2016-07-16 09:59:49,043 DEBUG PluginManager 'Level' found 1 plugins
2016-07-16 09:59:49,043 DEBUG Processing node for object Appenders
2016-07-16 09:59:49,044 DEBUG Node Console is of type STRING
2016-07-16 09:59:49,044 DEBUG Processing node for array RandomAccessFile
2016-07-16 09:59:49,044 DEBUG Processing RandomAccessFile[0]
2016-07-16 09:59:49,044 DEBUG Processing node for object PatternLayout
2016-07-16 09:59:49,044 DEBUG Node Pattern is of type STRING
2016-07-16 09:59:49,045 DEBUG Returning PatternLayout with parent RandomAccessFile of type layout:class org.apache.logging.log4j.core.layout.PatternLayout
2016-07-16 09:59:49,045 DEBUG Processing RandomAccessFile[1]
2016-07-16 09:59:49,045 DEBUG Processing node for object PatternLayout
2016-07-16 09:59:49,045 DEBUG Node Pattern is of type STRING
2016-07-16 09:59:49,045 DEBUG Returning PatternLayout with parent RandomAccessFile of type layout:class org.apache.logging.log4j.core.layout.PatternLayout
2016-07-16 09:59:49,046 DEBUG Processing RandomAccessFile[2]
2016-07-16 09:59:49,046 DEBUG Processing node for object PatternLayout
2016-07-16 09:59:49,046 DEBUG Node Pattern is of type STRING
2016-07-16 09:59:49,046 DEBUG Returning PatternLayout with parent RandomAccessFile of type layout:class org.apache.logging.log4j.core.layout.PatternLayout
2016-07-16 09:59:49,046 DEBUG Processing node for object Routing
2016-07-16 09:59:49,046 DEBUG Node name is of type STRING
2016-07-16 09:59:49,047 DEBUG Processing node for object Routes
2016-07-16 09:59:49,047 DEBUG Node pattern is of type STRING
2016-07-16 09:59:49,047 DEBUG Processing node for array Route
2016-07-16 09:59:49,047 DEBUG Processing Route[0]
2016-07-16 09:59:49,047 DEBUG Processing Route[1]
2016-07-16 09:59:49,047 DEBUG Processing Route[2]
2016-07-16 09:59:49,048 DEBUG Returning Routes with parent Routing of type Routes:class org.apache.logging.log4j.core.appender.routing.Routes
2016-07-16 09:59:49,048 DEBUG Returning Routing with parent Appenders of type appender:class org.apache.logging.log4j.core.appender.routing.RoutingAppender
2016-07-16 09:59:49,048 DEBUG Returning Appenders with parent root of type appenders:class org.apache.logging.log4j.core.config.AppendersPlugin
2016-07-16 09:59:49,048 DEBUG Processing node for object Loggers
2016-07-16 09:59:49,048 DEBUG Processing node for object Root
2016-07-16 09:59:49,048 DEBUG Node level is of type STRING
2016-07-16 09:59:49,049 DEBUG Processing node for array AppenderRef
2016-07-16 09:59:49,049 DEBUG Processing AppenderRef[0]
2016-07-16 09:59:49,049 DEBUG Returning Root with parent Loggers of type root:class org.apache.logging.log4j.core.config.LoggerConfig$RootLogger
2016-07-16 09:59:49,049 DEBUG Returning Loggers with parent root of type loggers:class org.apache.logging.log4j.core.config.LoggersPlugin
2016-07-16 09:59:49,049 DEBUG Completed parsing configuration
2016-07-16 09:59:49,050 DEBUG PluginManager 'Lookup' found 13 plugins
2016-07-16 09:59:49,051 DEBUG Building Plugin[name=layout, class=org.apache.logging.log4j.core.layout.PatternLayout]. Searching for builder factory method...
2016-07-16 09:59:49,053 DEBUG Found builder factory method [newBuilder]: public static org.apache.logging.log4j.core.layout.PatternLayout$Builder org.apache.logging.log4j.core.layout.PatternLayout.newBuilder().
2016-07-16 09:59:49,063 DEBUG TypeConverterRegistry initializing.
2016-07-16 09:59:49,063 DEBUG PluginManager 'TypeConverter' found 21 plugins
2016-07-16 09:59:49,075 DEBUG Calling build() on class class org.apache.logging.log4j.core.layout.PatternLayout$Builder for element PatternLayout with params(name="%d{ISO8601_BASIC} %-5level %logger{1} %X %msg%n", Configuration(/home/ylyu/parallel/log4j2/log4j29/dataset/logging-log4j2/LOG4J2-1068_e7bbeceb123e60bc84186395e2a29c2a90769886/log4j-core/target/test-classes/log4j-marker-lookup.yaml), null, name="null", name="null", name="null", name="null", name="null")
2016-07-16 09:59:49,076 DEBUG PluginManager 'Converter' found 33 plugins
2016-07-16 09:59:49,076 DEBUG Built Plugin[name=layout] OK from builder factory method.
2016-07-16 09:59:49,076 DEBUG Building Plugin[name=appender, class=org.apache.logging.log4j.core.appender.RandomAccessFileAppender]. Searching for builder factory method...
2016-07-16 09:59:49,079 DEBUG No builder factory method found in class org.apache.logging.log4j.core.appender.RandomAccessFileAppender. Going to try finding a factory method instead.
2016-07-16 09:59:49,079 DEBUG Still building Plugin[name=appender, class=org.apache.logging.log4j.core.appender.RandomAccessFileAppender]. Searching for factory method...
2016-07-16 09:59:49,079 DEBUG Found factory method [createAppender]: public static org.apache.logging.log4j.core.appender.RandomAccessFileAppender org.apache.logging.log4j.core.appender.RandomAccessFileAppender.createAppender(java.lang.String,java.lang.String,java.lang.String,java.lang.String,java.lang.String,java.lang.String,org.apache.logging.log4j.core.Layout,org.apache.logging.log4j.core.Filter,java.lang.String,java.lang.String,org.apache.logging.log4j.core.config.Configuration).
2016-07-16 09:59:49,085 DEBUG Calling createAppender on class org.apache.logging.log4j.core.appender.RandomAccessFileAppender for element RandomAccessFile with params(name="target/logs/sql.log", name="false", name="SQL_APPENDER", name="null", name="null", name="null", PatternLayout(%d{ISO8601_BASIC} %-5level %logger{1} %X %msg%n), null, name="null", name="null", Configuration(/home/ylyu/parallel/log4j2/log4j29/dataset/logging-log4j2/LOG4J2-1068_e7bbeceb123e60bc84186395e2a29c2a90769886/log4j-core/target/test-classes/log4j-marker-lookup.yaml))
2016-07-16 09:59:49,087 DEBUG Starting RandomAccessFileManager target/logs/sql.log
2016-07-16 09:59:49,087 DEBUG Built Plugin[name=appender] OK from factory method.
2016-07-16 09:59:49,087 DEBUG Building Plugin[name=layout, class=org.apache.logging.log4j.core.layout.PatternLayout]. Searching for builder factory method...
2016-07-16 09:59:49,088 DEBUG Found builder factory method [newBuilder]: public static org.apache.logging.log4j.core.layout.PatternLayout$Builder org.apache.logging.log4j.core.layout.PatternLayout.newBuilder().
2016-07-16 09:59:49,088 DEBUG Calling build() on class class org.apache.logging.log4j.core.layout.PatternLayout$Builder for element PatternLayout with params(name="%d{ISO8601_BASIC} %-5level %logger{1} %X %msg%n", Configuration(/home/ylyu/parallel/log4j2/log4j29/dataset/logging-log4j2/LOG4J2-1068_e7bbeceb123e60bc84186395e2a29c2a90769886/log4j-core/target/test-classes/log4j-marker-lookup.yaml), null, name="null", name="null", name="null", name="null", name="null")
2016-07-16 09:59:49,089 DEBUG Built Plugin[name=layout] OK from builder factory method.
2016-07-16 09:59:49,089 DEBUG Building Plugin[name=appender, class=org.apache.logging.log4j.core.appender.RandomAccessFileAppender]. Searching for builder factory method...
2016-07-16 09:59:49,089 DEBUG No builder factory method found in class org.apache.logging.log4j.core.appender.RandomAccessFileAppender. Going to try finding a factory method instead.
2016-07-16 09:59:49,089 DEBUG Still building Plugin[name=appender, class=org.apache.logging.log4j.core.appender.RandomAccessFileAppender]. Searching for factory method...
2016-07-16 09:59:49,090 DEBUG Found factory method [createAppender]: public static org.apache.logging.log4j.core.appender.RandomAccessFileAppender org.apache.logging.log4j.core.appender.RandomAccessFileAppender.createAppender(java.lang.String,java.lang.String,java.lang.String,java.lang.String,java.lang.String,java.lang.String,org.apache.logging.log4j.core.Layout,org.apache.logging.log4j.core.Filter,java.lang.String,java.lang.String,org.apache.logging.log4j.core.config.Configuration).
2016-07-16 09:59:49,092 DEBUG Calling createAppender on class org.apache.logging.log4j.core.appender.RandomAccessFileAppender for element RandomAccessFile with params(name="target/logs/payload.log", name="false", name="PAYLOAD_APPENDER", name="null", name="null", name="null", PatternLayout(%d{ISO8601_BASIC} %-5level %logger{1} %X %msg%n), null, name="null", name="null", Configuration(/home/ylyu/parallel/log4j2/log4j29/dataset/logging-log4j2/LOG4J2-1068_e7bbeceb123e60bc84186395e2a29c2a90769886/log4j-core/target/test-classes/log4j-marker-lookup.yaml))
2016-07-16 09:59:49,092 DEBUG Starting RandomAccessFileManager target/logs/payload.log
2016-07-16 09:59:49,092 DEBUG Built Plugin[name=appender] OK from factory method.
2016-07-16 09:59:49,092 DEBUG Building Plugin[name=layout, class=org.apache.logging.log4j.core.layout.PatternLayout]. Searching for builder factory method...
2016-07-16 09:59:49,093 DEBUG Found builder factory method [newBuilder]: public static org.apache.logging.log4j.core.layout.PatternLayout$Builder org.apache.logging.log4j.core.layout.PatternLayout.newBuilder().
2016-07-16 09:59:49,094 DEBUG Calling build() on class class org.apache.logging.log4j.core.layout.PatternLayout$Builder for element PatternLayout with params(name="%d{ISO8601_BASIC} %-5level %logger{1} %X %msg%n", Configuration(/home/ylyu/parallel/log4j2/log4j29/dataset/logging-log4j2/LOG4J2-1068_e7bbeceb123e60bc84186395e2a29c2a90769886/log4j-core/target/test-classes/log4j-marker-lookup.yaml), null, name="null", name="null", name="null", name="null", name="null")
2016-07-16 09:59:49,095 DEBUG Built Plugin[name=layout] OK from builder factory method.
2016-07-16 09:59:49,095 DEBUG Building Plugin[name=appender, class=org.apache.logging.log4j.core.appender.RandomAccessFileAppender]. Searching for builder factory method...
2016-07-16 09:59:49,095 DEBUG No builder factory method found in class org.apache.logging.log4j.core.appender.RandomAccessFileAppender. Going to try finding a factory method instead.
2016-07-16 09:59:49,095 DEBUG Still building Plugin[name=appender, class=org.apache.logging.log4j.core.appender.RandomAccessFileAppender]. Searching for factory method...
2016-07-16 09:59:49,096 DEBUG Found factory method [createAppender]: public static org.apache.logging.log4j.core.appender.RandomAccessFileAppender org.apache.logging.log4j.core.appender.RandomAccessFileAppender.createAppender(java.lang.String,java.lang.String,java.lang.String,java.lang.String,java.lang.String,java.lang.String,org.apache.logging.log4j.core.Layout,org.apache.logging.log4j.core.Filter,java.lang.String,java.lang.String,org.apache.logging.log4j.core.config.Configuration).
2016-07-16 09:59:49,097 DEBUG Calling createAppender on class org.apache.logging.log4j.core.appender.RandomAccessFileAppender for element RandomAccessFile with params(name="target/logs/performance.log", name="false", name="PERFORMANCE_APPENDER", name="null", name="null", name="null", PatternLayout(%d{ISO8601_BASIC} %-5level %logger{1} %X %msg%n), null, name="null", name="null", Configuration(/home/ylyu/parallel/log4j2/log4j29/dataset/logging-log4j2/LOG4J2-1068_e7bbeceb123e60bc84186395e2a29c2a90769886/log4j-core/target/test-classes/log4j-marker-lookup.yaml))
2016-07-16 09:59:49,097 DEBUG Starting RandomAccessFileManager target/logs/performance.log
2016-07-16 09:59:49,097 DEBUG Built Plugin[name=appender] OK from factory method.
2016-07-16 09:59:49,097 DEBUG Building Plugin[name=Route, class=org.apache.logging.log4j.core.appender.routing.Route]. Searching for builder factory method...
2016-07-16 09:59:49,098 DEBUG No builder factory method found in class org.apache.logging.log4j.core.appender.routing.Route. Going to try finding a factory method instead.
2016-07-16 09:59:49,098 DEBUG Still building Plugin[name=Route, class=org.apache.logging.log4j.core.appender.routing.Route]. Searching for factory method...
2016-07-16 09:59:49,098 DEBUG Found factory method [createRoute]: public static org.apache.logging.log4j.core.appender.routing.Route org.apache.logging.log4j.core.appender.routing.Route.createRoute(java.lang.String,java.lang.String,org.apache.logging.log4j.core.config.Node).
2016-07-16 09:59:49,100 DEBUG Calling createRoute on class org.apache.logging.log4j.core.appender.routing.Route for element Route with params(name="PERFORMANCE_APPENDER", name="PERFORMANCE", Node=Route)
2016-07-16 09:59:49,101 DEBUG Built Plugin[name=Route] OK from factory method.
2016-07-16 09:59:49,101 DEBUG Building Plugin[name=Route, class=org.apache.logging.log4j.core.appender.routing.Route]. Searching for builder factory method...
2016-07-16 09:59:49,101 DEBUG No builder factory method found in class org.apache.logging.log4j.core.appender.routing.Route. Going to try finding a factory method instead.
2016-07-16 09:59:49,101 DEBUG Still building Plugin[name=Route, class=org.apache.logging.log4j.core.appender.routing.Route]. Searching for factory method...
2016-07-16 09:59:49,101 DEBUG Found factory method [createRoute]: public static org.apache.logging.log4j.core.appender.routing.Route org.apache.logging.log4j.core.appender.routing.Route.createRoute(java.lang.String,java.lang.String,org.apache.logging.log4j.core.config.Node).
2016-07-16 09:59:49,102 DEBUG Calling createRoute on class org.apache.logging.log4j.core.appender.routing.Route for element Route with params(name="PAYLOAD_APPENDER", name="PAYLOAD", Node=Route)
2016-07-16 09:59:49,102 DEBUG Built Plugin[name=Route] OK from factory method.
2016-07-16 09:59:49,102 DEBUG Building Plugin[name=Route, class=org.apache.logging.log4j.core.appender.routing.Route]. Searching for builder factory method...
2016-07-16 09:59:49,102 DEBUG No builder factory method found in class org.apache.logging.log4j.core.appender.routing.Route. Going to try finding a factory method instead.
2016-07-16 09:59:49,103 DEBUG Still building Plugin[name=Route, class=org.apache.logging.log4j.core.appender.routing.Route]. Searching for factory method...
2016-07-16 09:59:49,103 DEBUG Found factory method [createRoute]: public static org.apache.logging.log4j.core.appender.routing.Route org.apache.logging.log4j.core.appender.routing.Route.createRoute(java.lang.String,java.lang.String,org.apache.logging.log4j.core.config.Node).
2016-07-16 09:59:49,103 DEBUG Calling createRoute on class org.apache.logging.log4j.core.appender.routing.Route for element Route with params(name="SQL_APPENDER", name="SQL", Node=Route)
2016-07-16 09:59:49,103 DEBUG Built Plugin[name=Route] OK from factory method.
2016-07-16 09:59:49,104 DEBUG Building Plugin[name=Routes, class=org.apache.logging.log4j.core.appender.routing.Routes]. Searching for builder factory method...
2016-07-16 09:59:49,104 DEBUG No builder factory method found in class org.apache.logging.log4j.core.appender.routing.Routes. Going to try finding a factory method instead.
2016-07-16 09:59:49,104 DEBUG Still building Plugin[name=Routes, class=org.apache.logging.log4j.core.appender.routing.Routes]. Searching for factory method...
2016-07-16 09:59:49,104 DEBUG Found factory method [createRoutes]: public static org.apache.logging.log4j.core.appender.routing.Routes org.apache.logging.log4j.core.appender.routing.Routes.createRoutes(java.lang.String,org.apache.logging.log4j.core.appender.routing.Route[]).
2016-07-16 09:59:49,105 DEBUG Calling createRoutes on class org.apache.logging.log4j.core.appender.routing.Routes for element Routes with params(name="${marker:}", ={Route(type=static Reference=PERFORMANCE_APPENDER key='PERFORMANCE'), Route(type=static Reference=PAYLOAD_APPENDER key='PAYLOAD'), Route(type=static Reference=SQL_APPENDER key='SQL')})
2016-07-16 09:59:49,105 DEBUG Built Plugin[name=Routes] OK from factory method.
2016-07-16 09:59:49,105 DEBUG Building Plugin[name=appender, class=org.apache.logging.log4j.core.appender.routing.RoutingAppender]. Searching for builder factory method...
2016-07-16 09:59:49,106 DEBUG No builder factory method found in class org.apache.logging.log4j.core.appender.routing.RoutingAppender. Going to try finding a factory method instead.
2016-07-16 09:59:49,106 DEBUG Still building Plugin[name=appender, class=org.apache.logging.log4j.core.appender.routing.RoutingAppender]. Searching for factory method...
2016-07-16 09:59:49,106 DEBUG Found factory method [createAppender]: public static org.apache.logging.log4j.core.appender.routing.RoutingAppender org.apache.logging.log4j.core.appender.routing.RoutingAppender.createAppender(java.lang.String,java.lang.String,org.apache.logging.log4j.core.appender.routing.Routes,org.apache.logging.log4j.core.config.Configuration,org.apache.logging.log4j.core.appender.rewrite.RewritePolicy,org.apache.logging.log4j.core.Filter).
2016-07-16 09:59:49,107 DEBUG Calling createAppender on class org.apache.logging.log4j.core.appender.routing.RoutingAppender for element Routing with params(name="ROUTING_APPENDER", name="null", Routes({Route(type=static Reference=PERFORMANCE_APPENDER key='PERFORMANCE'),Route(type=static Reference=PAYLOAD_APPENDER key='PAYLOAD'),Route(type=static Reference=SQL_APPENDER key='SQL')}), Configuration(/home/ylyu/parallel/log4j2/log4j29/dataset/logging-log4j2/LOG4J2-1068_e7bbeceb123e60bc84186395e2a29c2a90769886/log4j-core/target/test-classes/log4j-marker-lookup.yaml), null, null)
2016-07-16 09:59:49,107 DEBUG Built Plugin[name=appender] OK from factory method.
2016-07-16 09:59:49,107 DEBUG Building Plugin[name=appenders, class=org.apache.logging.log4j.core.config.AppendersPlugin]. Searching for builder factory method...
2016-07-16 09:59:49,108 DEBUG No builder factory method found in class org.apache.logging.log4j.core.config.AppendersPlugin. Going to try finding a factory method instead.
2016-07-16 09:59:49,108 DEBUG Still building Plugin[name=appenders, class=org.apache.logging.log4j.core.config.AppendersPlugin]. Searching for factory method...
2016-07-16 09:59:49,108 DEBUG Found factory method [createAppenders]: public static java.util.concurrent.ConcurrentMap org.apache.logging.log4j.core.config.AppendersPlugin.createAppenders(org.apache.logging.log4j.core.Appender[]).
2016-07-16 09:59:49,108 ERROR Appenders contains an invalid element or attribute "Console"
2016-07-16 09:59:49,109 DEBUG Calling createAppenders on class org.apache.logging.log4j.core.config.AppendersPlugin for element Appenders with params(={SQL_APPENDER, PAYLOAD_APPENDER, PERFORMANCE_APPENDER, ROUTING_APPENDER})
2016-07-16 09:59:49,109 DEBUG Built Plugin[name=appenders] OK from factory method.
2016-07-16 09:59:49,109 DEBUG Building Plugin[name=AppenderRef, class=org.apache.logging.log4j.core.config.AppenderRef]. Searching for builder factory method...
2016-07-16 09:59:49,109 DEBUG No builder factory method found in class org.apache.logging.log4j.core.config.AppenderRef. Going to try finding a factory method instead.
2016-07-16 09:59:49,109 DEBUG Still building Plugin[name=AppenderRef, class=org.apache.logging.log4j.core.config.AppenderRef]. Searching for factory method...
2016-07-16 09:59:49,110 DEBUG Found factory method [createAppenderRef]: public static org.apache.logging.log4j.core.config.AppenderRef org.apache.logging.log4j.core.config.AppenderRef.createAppenderRef(java.lang.String,org.apache.logging.log4j.Level,org.apache.logging.log4j.core.Filter).
2016-07-16 09:59:49,110 DEBUG Calling createAppenderRef on class org.apache.logging.log4j.core.config.AppenderRef for element AppenderRef with params(name="ROUTING_APPENDER", name="null", null)
2016-07-16 09:59:49,110 DEBUG Built Plugin[name=AppenderRef] OK from factory method.
2016-07-16 09:59:49,110 DEBUG Building Plugin[name=root, class=org.apache.logging.log4j.core.config.LoggerConfig$RootLogger]. Searching for builder factory method...
2016-07-16 09:59:49,111 DEBUG No builder factory method found in class org.apache.logging.log4j.core.config.LoggerConfig$RootLogger. Going to try finding a factory method instead.
2016-07-16 09:59:49,111 DEBUG Still building Plugin[name=root, class=org.apache.logging.log4j.core.config.LoggerConfig$RootLogger]. Searching for factory method...
2016-07-16 09:59:49,111 DEBUG Found factory method [createLogger]: public static org.apache.logging.log4j.core.config.LoggerConfig org.apache.logging.log4j.core.config.LoggerConfig$RootLogger.createLogger(java.lang.String,org.apache.logging.log4j.Level,java.lang.String,org.apache.logging.log4j.core.config.AppenderRef[],org.apache.logging.log4j.core.config.Property[],org.apache.logging.log4j.core.config.Configuration,org.apache.logging.log4j.core.Filter).
2016-07-16 09:59:49,112 DEBUG Calling createLogger on class org.apache.logging.log4j.core.config.LoggerConfig$RootLogger for element Root with params(name="null", name="TRACE", name="null", ={ROUTING_APPENDER}, ={}, Configuration(/home/ylyu/parallel/log4j2/log4j29/dataset/logging-log4j2/LOG4J2-1068_e7bbeceb123e60bc84186395e2a29c2a90769886/log4j-core/target/test-classes/log4j-marker-lookup.yaml), null)
2016-07-16 09:59:49,113 DEBUG Built Plugin[name=root] OK from factory method.
2016-07-16 09:59:49,113 DEBUG Building Plugin[name=loggers, class=org.apache.logging.log4j.core.config.LoggersPlugin]. Searching for builder factory method...
2016-07-16 09:59:49,114 DEBUG No builder factory method found in class org.apache.logging.log4j.core.config.LoggersPlugin. Going to try finding a factory method instead.
2016-07-16 09:59:49,114 DEBUG Still building Plugin[name=loggers, class=org.apache.logging.log4j.core.config.LoggersPlugin]. Searching for factory method...
2016-07-16 09:59:49,114 DEBUG Found factory method [createLoggers]: public static org.apache.logging.log4j.core.config.Loggers org.apache.logging.log4j.core.config.LoggersPlugin.createLoggers(org.apache.logging.log4j.core.config.LoggerConfig[]).
2016-07-16 09:59:49,114 DEBUG Calling createLoggers on class org.apache.logging.log4j.core.config.LoggersPlugin for element Loggers with params(={root})
2016-07-16 09:59:49,114 DEBUG Built Plugin[name=loggers] OK from factory method.
2016-07-16 09:59:49,115 DEBUG Started configuration YamlConfiguration[location=/home/ylyu/parallel/log4j2/log4j29/dataset/logging-log4j2/LOG4J2-1068_e7bbeceb123e60bc84186395e2a29c2a90769886/log4j-core/target/test-classes/log4j-marker-lookup.yaml] OK.
2016-07-16 09:59:49,115 DEBUG Shutting down OutputStreamManager SYSTEM_OUT
2016-07-16 09:59:49,116 DEBUG Stopped org.apache.logging.log4j.core.config.DefaultConfiguration@2333bf6d OK
2016-07-16 09:59:49,165 DEBUG Registering MBean org.apache.logging.log4j2:type=1410328673
2016-07-16 09:59:49,167 DEBUG Registering MBean org.apache.logging.log4j2:type=1410328673,component=StatusLogger
2016-07-16 09:59:49,168 DEBUG Registering MBean org.apache.logging.log4j2:type=1410328673,component=ContextSelector
2016-07-16 09:59:49,170 DEBUG Registering MBean org.apache.logging.log4j2:type=1410328673,component=Loggers,name=
2016-07-16 09:59:49,171 DEBUG Registering MBean org.apache.logging.log4j2:type=1410328673,component=Appenders,name=PERFORMANCE_APPENDER
2016-07-16 09:59:49,172 DEBUG Registering MBean org.apache.logging.log4j2:type=1410328673,component=Appenders,name=SQL_APPENDER
2016-07-16 09:59:49,172 DEBUG Registering MBean org.apache.logging.log4j2:type=1410328673,component=Appenders,name=ROUTING_APPENDER
2016-07-16 09:59:49,172 DEBUG Registering MBean org.apache.logging.log4j2:type=1410328673,component=Appenders,name=PAYLOAD_APPENDER
2016-07-16 09:59:49,172 DEBUG LoggerContext[name=1410328673, org.apache.logging.log4j.core.LoggerContext@51986e63] started OK with configuration YamlConfiguration[location=/home/ylyu/parallel/log4j2/log4j29/dataset/logging-log4j2/LOG4J2-1068_e7bbeceb123e60bc84186395e2a29c2a90769886/log4j-core/target/test-classes/log4j-marker-lookup.yaml].
Running org.apache.logging.log4j.core.lookup.MarkerLookupConfigTest
2016-07-16 09:59:49,179 DEBUG Using default SystemClock for timestamps
2016-07-16 09:59:49,191 DEBUG Stopping LoggerContext[name=1410328673, org.apache.logging.log4j.core.LoggerContext@51986e63]...
2016-07-16 09:59:49,191 DEBUG Unregistering MBean org.apache.logging.log4j2:type=1410328673
2016-07-16 09:59:49,191 DEBUG Unregistering MBean org.apache.logging.log4j2:type=1410328673,component=StatusLogger
2016-07-16 09:59:49,192 DEBUG Unregistering MBean org.apache.logging.log4j2:type=1410328673,component=ContextSelector
2016-07-16 09:59:49,192 DEBUG Unregistering MBean org.apache.logging.log4j2:type=1410328673,component=Loggers,name=
2016-07-16 09:59:49,192 DEBUG Unregistering MBean org.apache.logging.log4j2:type=1410328673,component=Appenders,name=ROUTING_APPENDER
2016-07-16 09:59:49,193 DEBUG Unregistering MBean org.apache.logging.log4j2:type=1410328673,component=Appenders,name=SQL_APPENDER
2016-07-16 09:59:49,193 DEBUG Unregistering MBean org.apache.logging.log4j2:type=1410328673,component=Appenders,name=PERFORMANCE_APPENDER
2016-07-16 09:59:49,193 DEBUG Unregistering MBean org.apache.logging.log4j2:type=1410328673,component=Appenders,name=PAYLOAD_APPENDER
2016-07-16 09:59:49,194 DEBUG Shutting down RandomAccessFileManager target/logs/payload.log
2016-07-16 09:59:49,194 DEBUG Shutting down RandomAccessFileManager target/logs/sql.log
2016-07-16 09:59:49,194 DEBUG Shutting down RandomAccessFileManager target/logs/performance.log
2016-07-16 09:59:49,194 DEBUG Stopped YamlConfiguration[location=/home/ylyu/parallel/log4j2/log4j29/dataset/logging-log4j2/LOG4J2-1068_e7bbeceb123e60bc84186395e2a29c2a90769886/log4j-core/target/test-classes/log4j-marker-lookup.yaml] OK
2016-07-16 09:59:49,194 DEBUG Stopped LoggerContext[name=1410328673, org.apache.logging.log4j.core.LoggerContext@51986e63]...
Tests run: 1, Failures: 0, Errors: 0, Skipped: 0, Time elapsed: 0.021 sec - in org.apache.logging.log4j.core.lookup.MarkerLookupConfigTest
Running org.apache.logging.log4j.core.lookup.ResourceBundleLookupTest
Tests run: 3, Failures: 0, Errors: 0, Skipped: 0, Time elapsed: 0.028 sec - in org.apache.logging.log4j.core.lookup.ResourceBundleLookupTest
Running org.apache.logging.log4j.core.lookup.JndiLookupTest
Tests run: 1, Failures: 0, Errors: 0, Skipped: 0, Time elapsed: 0.156 sec - in org.apache.logging.log4j.core.lookup.JndiLookupTest
Running org.apache.logging.log4j.core.lookup.StrSubstitutorTest
Tests run: 1, Failures: 0, Errors: 0, Skipped: 0, Time elapsed: 0.114 sec - in org.apache.logging.log4j.core.lookup.StrSubstitutorTest
Running org.apache.logging.log4j.core.lookup.Log4jLookupTest
Tests run: 2, Failures: 0, Errors: 0, Skipped: 0, Time elapsed: 0.152 sec - in org.apache.logging.log4j.core.lookup.Log4jLookupTest
Running org.apache.logging.log4j.core.lookup.Log4jLookupWithSpacesTest
Tests run: 2, Failures: 0, Errors: 0, Skipped: 0, Time elapsed: 0.158 sec - in org.apache.logging.log4j.core.lookup.Log4jLookupWithSpacesTest
Running org.apache.logging.log4j.core.lookup.MapLookupTest
Tests run: 4, Failures: 0, Errors: 0, Skipped: 0, Time elapsed: 0.003 sec - in org.apache.logging.log4j.core.lookup.MapLookupTest
Running org.apache.logging.log4j.core.lookup.ContextMapLookupTest
Tests run: 2, Failures: 0, Errors: 0, Skipped: 0, Time elapsed: 0.337 sec - in org.apache.logging.log4j.core.lookup.ContextMapLookupTest
Running org.apache.logging.log4j.core.lookup.InterpolatorTest
java:version = Java version 1.7.0_101
java:runtime = OpenJDK Runtime Environment (build 1.7.0_101-b00) from Oracle Corporation
java:vm = OpenJDK 64-Bit Server VM (build 24.95-b01, mixed mode)
java:os = Linux 4.2.0-27-generic unknown, architecture: amd64-64
java:locale = default locale: en_US, platform encoding: UTF-8
java:hw = processors: 16, architecture: amd64-64
Tests run: 2, Failures: 0, Errors: 0, Skipped: 0, Time elapsed: 0.109 sec - in org.apache.logging.log4j.core.lookup.InterpolatorTest
Running org.apache.logging.log4j.core.lookup.MainInputArgumentsJmxLookupTest
Tests run: 1, Failures: 0, Errors: 0, Skipped: 0, Time elapsed: 0.004 sec - in org.apache.logging.log4j.core.lookup.MainInputArgumentsJmxLookupTest
Running org.apache.logging.log4j.core.lookup.DateLookupTest
Tests run: 1, Failures: 0, Errors: 0, Skipped: 0, Time elapsed: 0.042 sec - in org.apache.logging.log4j.core.lookup.DateLookupTest
Running org.apache.logging.log4j.core.lookup.MarkerLookupTest
Tests run: 6, Failures: 0, Errors: 0, Skipped: 0, Time elapsed: 0.043 sec - in org.apache.logging.log4j.core.lookup.MarkerLookupTest
Running org.apache.logging.log4j.core.lookup.StructuredDataLookupTest
Tests run: 1, Failures: 0, Errors: 0, Skipped: 0, Time elapsed: 0.043 sec - in org.apache.logging.log4j.core.lookup.StructuredDataLookupTest
Running org.apache.logging.log4j.core.lookup.EnvironmentLookupTest
Tests run: 1, Failures: 0, Errors: 0, Skipped: 0, Time elapsed: 0.003 sec - in org.apache.logging.log4j.core.lookup.EnvironmentLookupTest
Running org.apache.logging.log4j.core.lookup.SystemPropertiesLookupTest
Tests run: 1, Failures: 0, Errors: 0, Skipped: 0, Time elapsed: 0.022 sec - in org.apache.logging.log4j.core.lookup.SystemPropertiesLookupTest
Running org.apache.logging.log4j.core.BasicLoggingTest
09:59:54.653 [main] ERROR org.apache.logging.log4j.core.BasicLoggingTest - Test message
Tests run: 1, Failures: 0, Errors: 0, Skipped: 0, Time elapsed: 0.252 sec - in org.apache.logging.log4j.core.BasicLoggingTest
Running org.apache.logging.log4j.core.ExtendedLevelTest
Tests run: 1, Failures: 0, Errors: 0, Skipped: 0, Time elapsed: 0.013 sec - in org.apache.logging.log4j.core.ExtendedLevelTest
Running org.apache.logging.log4j.core.filter.BurstFilterLogDelayTest
Tests run: 1, Failures: 0, Errors: 0, Skipped: 0, Time elapsed: 0.029 sec - in org.apache.logging.log4j.core.filter.BurstFilterLogDelayTest
Running org.apache.logging.log4j.core.filter.BurstFilterTest
Tests run: 1, Failures: 0, Errors: 0, Skipped: 0, Time elapsed: 6.847 sec - in org.apache.logging.log4j.core.filter.BurstFilterTest
Running org.apache.logging.log4j.core.filter.MarkerFilterTest
Tests run: 1, Failures: 0, Errors: 0, Skipped: 0, Time elapsed: 0.042 sec - in org.apache.logging.log4j.core.filter.MarkerFilterTest
Running org.apache.logging.log4j.core.filter.DynamicThresholdFilterSerializationTest
Tests run: 6, Failures: 0, Errors: 0, Skipped: 0, Time elapsed: 0.03 sec - in org.apache.logging.log4j.core.filter.DynamicThresholdFilterSerializationTest
Running org.apache.logging.log4j.core.filter.RegexFilterTest
Tests run: 3, Failures: 0, Errors: 0, Skipped: 0, Time elapsed: 0.029 sec - in org.apache.logging.log4j.core.filter.RegexFilterTest
Running org.apache.logging.log4j.core.filter.TimeFilterTest
Tests run: 1, Failures: 0, Errors: 0, Skipped: 0, Time elapsed: 0.064 sec - in org.apache.logging.log4j.core.filter.TimeFilterTest
Running org.apache.logging.log4j.core.filter.ThresholdFilterTest
Tests run: 1, Failures: 0, Errors: 0, Skipped: 0, Time elapsed: 0.043 sec - in org.apache.logging.log4j.core.filter.ThresholdFilterTest
Running org.apache.logging.log4j.core.filter.StructuredDataFilterTest
Tests run: 2, Failures: 0, Errors: 0, Skipped: 0, Time elapsed: 0.308 sec - in org.apache.logging.log4j.core.filter.StructuredDataFilterTest
Running org.apache.logging.log4j.core.filter.DynamicThresholdFilterTest
Tests run: 2, Failures: 0, Errors: 0, Skipped: 0, Time elapsed: 0.35 sec - in org.apache.logging.log4j.core.filter.DynamicThresholdFilterTest
Running org.apache.logging.log4j.core.filter.ThreadContextMapFilterTest
Tests run: 1, Failures: 0, Errors: 0, Skipped: 0, Time elapsed: 0.047 sec - in org.apache.logging.log4j.core.filter.ThreadContextMapFilterTest
Running org.apache.logging.log4j.core.filter.MapFilterTest
Tests run: 2, Failures: 0, Errors: 0, Skipped: 0, Time elapsed: 0.405 sec - in org.apache.logging.log4j.core.filter.MapFilterTest
Running org.apache.logging.log4j.core.osgi.equinox.EquinoxLoadCoreBundleTest
Tests run: 1, Failures: 0, Errors: 0, Skipped: 1, Time elapsed: 0.001 sec - in org.apache.logging.log4j.core.osgi.equinox.EquinoxLoadCoreBundleTest
Running org.apache.logging.log4j.core.osgi.felix.FelixLoadCoreBundleTest
Tests run: 1, Failures: 0, Errors: 0, Skipped: 1, Time elapsed: 0.001 sec - in org.apache.logging.log4j.core.osgi.felix.FelixLoadCoreBundleTest
Running org.apache.logging.log4j.core.DeadlockTest
Tests run: 1, Failures: 0, Errors: 0, Skipped: 0, Time elapsed: 0.019 sec - in org.apache.logging.log4j.core.DeadlockTest
Running org.apache.logging.log4j.core.LogEventFactoryTest
Tests run: 1, Failures: 0, Errors: 0, Skipped: 0, Time elapsed: 0.01 sec - in org.apache.logging.log4j.core.LogEventFactoryTest
Running org.apache.logging.log4j.core.LoggerSerializationTest
Tests run: 1, Failures: 0, Errors: 0, Skipped: 1, Time elapsed: 0 sec - in org.apache.logging.log4j.core.LoggerSerializationTest
Running org.apache.logging.log4j.core.FileConfigTest
Tests run: 1, Failures: 0, Errors: 0, Skipped: 0, Time elapsed: 6.11 sec - in org.apache.logging.log4j.core.FileConfigTest
Running org.apache.logging.log4j.core.LevelTest
Tests run: 1, Failures: 0, Errors: 0, Skipped: 0, Time elapsed: 0.022 sec - in org.apache.logging.log4j.core.LevelTest
Running org.apache.logging.log4j.core.AppenderRefLevelTest
Tests run: 3, Failures: 0, Errors: 0, Skipped: 0, Time elapsed: 0.013 sec - in org.apache.logging.log4j.core.AppenderRefLevelTest
Running org.apache.logging.log4j.core.TimestampMessageTest
Tests run: 1, Failures: 0, Errors: 0, Skipped: 0, Time elapsed: 0.063 sec - in org.apache.logging.log4j.core.TimestampMessageTest
Running org.apache.logging.log4j.core.ShutdownDisabledTest
Tests run: 1, Failures: 0, Errors: 0, Skipped: 0, Time elapsed: 0.003 sec - in org.apache.logging.log4j.core.ShutdownDisabledTest
Running org.apache.logging.log4j.core.config.XIncludeTest
Tests run: 3, Failures: 0, Errors: 0, Skipped: 0, Time elapsed: 0.4 sec - in org.apache.logging.log4j.core.config.XIncludeTest
Running org.apache.logging.log4j.core.config.MissingRootLoggerTest
Tests run: 1, Failures: 0, Errors: 0, Skipped: 0, Time elapsed: 0.328 sec - in org.apache.logging.log4j.core.config.MissingRootLoggerTest
Running org.apache.logging.log4j.core.config.CustomConfigurationTest
2016-07-16 10:00:20,535 WARN The bufferSize is set to 4000 but bufferedIO is not true: false
Tests run: 1, Failures: 0, Errors: 0, Skipped: 0, Time elapsed: 0.352 sec - in org.apache.logging.log4j.core.config.CustomConfigurationTest
Running org.apache.logging.log4j.core.config.xml.XmlLoggerPropsTest
Tests run: 1, Failures: 0, Errors: 0, Skipped: 0, Time elapsed: 0.373 sec - in org.apache.logging.log4j.core.config.xml.XmlLoggerPropsTest
Running org.apache.logging.log4j.core.config.xml.XmlConfigurationPropsTest
2016-07-16 10:00:21,687 WARN Error while converting string [${sys:log.level}] to type [class org.apache.logging.log4j.Level]. Using default value [null]. java.lang.IllegalArgumentException: Unknown level constant [${SYS:LOG.LEVEL}].
	at org.apache.logging.log4j.Level.valueOf(Level.java:286)
	at org.apache.logging.log4j.core.config.plugins.convert.TypeConverters$LevelConverter.convert(TypeConverters.java:230)
	at org.apache.logging.log4j.core.config.plugins.convert.TypeConverters$LevelConverter.convert(TypeConverters.java:226)
	at org.apache.logging.log4j.core.config.plugins.convert.TypeConverters.convert(TypeConverters.java:336)
	at org.apache.logging.log4j.core.config.plugins.visitors.AbstractPluginVisitor.convert(AbstractPluginVisitor.java:130)
	at org.apache.logging.log4j.core.config.plugins.visitors.PluginAttributeVisitor.visit(PluginAttributeVisitor.java:45)
	at org.apache.logging.log4j.core.config.plugins.util.PluginBuilder.generateParameters(PluginBuilder.java:246)
	at org.apache.logging.log4j.core.config.plugins.util.PluginBuilder.build(PluginBuilder.java:135)
	at org.apache.logging.log4j.core.config.AbstractConfiguration.createPluginObject(AbstractConfiguration.java:766)
	at org.apache.logging.log4j.core.config.AbstractConfiguration.createConfiguration(AbstractConfiguration.java:706)
	at org.apache.logging.log4j.core.config.AbstractConfiguration.createConfiguration(AbstractConfiguration.java:698)
	at org.apache.logging.log4j.core.config.AbstractConfiguration.doConfigure(AbstractConfiguration.java:358)
	at org.apache.logging.log4j.core.config.AbstractConfiguration.start(AbstractConfiguration.java:161)
	at org.apache.logging.log4j.core.LoggerContext.setConfiguration(LoggerContext.java:361)
	at org.apache.logging.log4j.core.LoggerContext.reconfigure(LoggerContext.java:426)
	at org.apache.logging.log4j.core.LoggerContext.reconfigure(LoggerContext.java:442)
	at org.apache.logging.log4j.core.LoggerContext.start(LoggerContext.java:138)
	at org.apache.logging.log4j.core.impl.Log4jContextFactory.getContext(Log4jContextFactory.java:146)
	at org.apache.logging.log4j.core.impl.Log4jContextFactory.getContext(Log4jContextFactory.java:41)
	at org.apache.logging.log4j.LogManager.getContext(LogManager.java:146)
	at org.apache.logging.log4j.core.config.xml.XmlConfigurationPropsTest.testDefaultStatus(XmlConfigurationPropsTest.java:61)
	at sun.reflect.NativeMethodAccessorImpl.invoke0(Native Method)
	at sun.reflect.NativeMethodAccessorImpl.invoke(NativeMethodAccessorImpl.java:57)
	at sun.reflect.DelegatingMethodAccessorImpl.invoke(DelegatingMethodAccessorImpl.java:43)
	at java.lang.reflect.Method.invoke(Method.java:606)
	at org.junit.runners.model.FrameworkMethod$1.runReflectiveCall(FrameworkMethod.java:47)
	at org.junit.internal.runners.model.ReflectiveCallable.run(ReflectiveCallable.java:12)
	at org.junit.runners.model.FrameworkMethod.invokeExplosively(FrameworkMethod.java:44)
	at org.junit.internal.runners.statements.InvokeMethod.evaluate(InvokeMethod.java:17)
	at org.junit.runners.ParentRunner.runLeaf(ParentRunner.java:271)
	at org.junit.runners.BlockJUnit4ClassRunner.runChild(BlockJUnit4ClassRunner.java:70)
	at org.junit.runners.BlockJUnit4ClassRunner.runChild(BlockJUnit4ClassRunner.java:50)
	at org.junit.runners.ParentRunner$3.run(ParentRunner.java:238)
	at org.junit.runners.ParentRunner$1.schedule(ParentRunner.java:63)
	at org.junit.runners.ParentRunner.runChildren(ParentRunner.java:236)
	at org.junit.runners.ParentRunner.access$000(ParentRunner.java:53)
	at org.junit.runners.ParentRunner$2.evaluate(ParentRunner.java:229)
	at org.junit.internal.runners.statements.RunAfters.evaluate(RunAfters.java:27)
	at org.junit.runners.ParentRunner.run(ParentRunner.java:309)
	at org.junit.runners.Suite.runChild(Suite.java:127)
	at org.junit.runners.Suite.runChild(Suite.java:26)
	at org.junit.runners.ParentRunner$3.run(ParentRunner.java:238)
	at org.junit.runners.ParentRunner$1.schedule(ParentRunner.java:63)
	at org.junit.runners.ParentRunner.runChildren(ParentRunner.java:236)
	at org.junit.runners.ParentRunner.access$000(ParentRunner.java:53)
	at org.junit.runners.ParentRunner$2.evaluate(ParentRunner.java:229)
	at org.junit.runners.ParentRunner.run(ParentRunner.java:309)
	at org.junit.runner.JUnitCore.run(JUnitCore.java:160)
	at org.junit.runner.JUnitCore.run(JUnitCore.java:138)
	at org.apache.maven.surefire.junitcore.JUnitCoreWrapper.createRequestAndRun(JUnitCoreWrapper.java:108)
	at org.apache.maven.surefire.junitcore.JUnitCoreWrapper.executeEager(JUnitCoreWrapper.java:78)
	at org.apache.maven.surefire.junitcore.JUnitCoreWrapper.execute(JUnitCoreWrapper.java:54)
	at org.apache.maven.surefire.junitcore.JUnitCoreProvider.invoke(JUnitCoreProvider.java:144)
	at org.apache.maven.surefire.booter.ForkedBooter.invokeProviderInSameClassLoader(ForkedBooter.java:203)
	at org.apache.maven.surefire.booter.ForkedBooter.runSuitesInProcess(ForkedBooter.java:155)
	at org.apache.maven.surefire.booter.ForkedBooter.main(ForkedBooter.java:103)

2016-07-16 10:00:21,748 WARN Error while converting string [${sys:log.level}] to type [class org.apache.logging.log4j.Level]. Using default value [null]. java.lang.IllegalArgumentException: Unknown level constant [${SYS:LOG.LEVEL}].
	at org.apache.logging.log4j.Level.valueOf(Level.java:286)
	at org.apache.logging.log4j.core.config.plugins.convert.TypeConverters$LevelConverter.convert(TypeConverters.java:230)
	at org.apache.logging.log4j.core.config.plugins.convert.TypeConverters$LevelConverter.convert(TypeConverters.java:226)
	at org.apache.logging.log4j.core.config.plugins.convert.TypeConverters.convert(TypeConverters.java:336)
	at org.apache.logging.log4j.core.config.plugins.visitors.AbstractPluginVisitor.convert(AbstractPluginVisitor.java:130)
	at org.apache.logging.log4j.core.config.plugins.visitors.PluginAttributeVisitor.visit(PluginAttributeVisitor.java:45)
	at org.apache.logging.log4j.core.config.plugins.util.PluginBuilder.generateParameters(PluginBuilder.java:246)
	at org.apache.logging.log4j.core.config.plugins.util.PluginBuilder.build(PluginBuilder.java:135)
	at org.apache.logging.log4j.core.config.AbstractConfiguration.createPluginObject(AbstractConfiguration.java:766)
	at org.apache.logging.log4j.core.config.AbstractConfiguration.createConfiguration(AbstractConfiguration.java:706)
	at org.apache.logging.log4j.core.config.AbstractConfiguration.createConfiguration(AbstractConfiguration.java:698)
	at org.apache.logging.log4j.core.config.AbstractConfiguration.doConfigure(AbstractConfiguration.java:358)
	at org.apache.logging.log4j.core.config.AbstractConfiguration.start(AbstractConfiguration.java:161)
	at org.apache.logging.log4j.core.LoggerContext.setConfiguration(LoggerContext.java:361)
	at org.apache.logging.log4j.core.LoggerContext.reconfigure(LoggerContext.java:426)
	at org.apache.logging.log4j.core.LoggerContext.reconfigure(LoggerContext.java:442)
	at org.apache.logging.log4j.core.config.xml.XmlConfigurationPropsTest.testDefaultStatus(XmlConfigurationPropsTest.java:62)
	at sun.reflect.NativeMethodAccessorImpl.invoke0(Native Method)
	at sun.reflect.NativeMethodAccessorImpl.invoke(NativeMethodAccessorImpl.java:57)
	at sun.reflect.DelegatingMethodAccessorImpl.invoke(DelegatingMethodAccessorImpl.java:43)
	at java.lang.reflect.Method.invoke(Method.java:606)
	at org.junit.runners.model.FrameworkMethod$1.runReflectiveCall(FrameworkMethod.java:47)
	at org.junit.internal.runners.model.ReflectiveCallable.run(ReflectiveCallable.java:12)
	at org.junit.runners.model.FrameworkMethod.invokeExplosively(FrameworkMethod.java:44)
	at org.junit.internal.runners.statements.InvokeMethod.evaluate(InvokeMethod.java:17)
	at org.junit.runners.ParentRunner.runLeaf(ParentRunner.java:271)
	at org.junit.runners.BlockJUnit4ClassRunner.runChild(BlockJUnit4ClassRunner.java:70)
	at org.junit.runners.BlockJUnit4ClassRunner.runChild(BlockJUnit4ClassRunner.java:50)
	at org.junit.runners.ParentRunner$3.run(ParentRunner.java:238)
	at org.junit.runners.ParentRunner$1.schedule(ParentRunner.java:63)
	at org.junit.runners.ParentRunner.runChildren(ParentRunner.java:236)
	at org.junit.runners.ParentRunner.access$000(ParentRunner.java:53)
	at org.junit.runners.ParentRunner$2.evaluate(ParentRunner.java:229)
	at org.junit.internal.runners.statements.RunAfters.evaluate(RunAfters.java:27)
	at org.junit.runners.ParentRunner.run(ParentRunner.java:309)
	at org.junit.runners.Suite.runChild(Suite.java:127)
	at org.junit.runners.Suite.runChild(Suite.java:26)
	at org.junit.runners.ParentRunner$3.run(ParentRunner.java:238)
	at org.junit.runners.ParentRunner$1.schedule(ParentRunner.java:63)
	at org.junit.runners.ParentRunner.runChildren(ParentRunner.java:236)
	at org.junit.runners.ParentRunner.access$000(ParentRunner.java:53)
	at org.junit.runners.ParentRunner$2.evaluate(ParentRunner.java:229)
	at org.junit.runners.ParentRunner.run(ParentRunner.java:309)
	at org.junit.runner.JUnitCore.run(JUnitCore.java:160)
	at org.junit.runner.JUnitCore.run(JUnitCore.java:138)
	at org.apache.maven.surefire.junitcore.JUnitCoreWrapper.createRequestAndRun(JUnitCoreWrapper.java:108)
	at org.apache.maven.surefire.junitcore.JUnitCoreWrapper.executeEager(JUnitCoreWrapper.java:78)
	at org.apache.maven.surefire.junitcore.JUnitCoreWrapper.execute(JUnitCoreWrapper.java:54)
	at org.apache.maven.surefire.junitcore.JUnitCoreProvider.invoke(JUnitCoreProvider.java:144)
	at org.apache.maven.surefire.booter.ForkedBooter.invokeProviderInSameClassLoader(ForkedBooter.java:203)
	at org.apache.maven.surefire.booter.ForkedBooter.runSuitesInProcess(ForkedBooter.java:155)
	at org.apache.maven.surefire.booter.ForkedBooter.main(ForkedBooter.java:103)

2016-07-16 10:00:21,760 WARN Error while converting string [${sys:log.level}] to type [class org.apache.logging.log4j.Level]. Using default value [null]. java.lang.IllegalArgumentException: Unknown level constant [${SYS:LOG.LEVEL}].
	at org.apache.logging.log4j.Level.valueOf(Level.java:286)
	at org.apache.logging.log4j.core.config.plugins.convert.TypeConverters$LevelConverter.convert(TypeConverters.java:230)
	at org.apache.logging.log4j.core.config.plugins.convert.TypeConverters$LevelConverter.convert(TypeConverters.java:226)
	at org.apache.logging.log4j.core.config.plugins.convert.TypeConverters.convert(TypeConverters.java:336)
	at org.apache.logging.log4j.core.config.plugins.visitors.AbstractPluginVisitor.convert(AbstractPluginVisitor.java:130)
	at org.apache.logging.log4j.core.config.plugins.visitors.PluginAttributeVisitor.visit(PluginAttributeVisitor.java:45)
	at org.apache.logging.log4j.core.config.plugins.util.PluginBuilder.generateParameters(PluginBuilder.java:246)
	at org.apache.logging.log4j.core.config.plugins.util.PluginBuilder.build(PluginBuilder.java:135)
	at org.apache.logging.log4j.core.config.AbstractConfiguration.createPluginObject(AbstractConfiguration.java:766)
	at org.apache.logging.log4j.core.config.AbstractConfiguration.createConfiguration(AbstractConfiguration.java:706)
	at org.apache.logging.log4j.core.config.AbstractConfiguration.createConfiguration(AbstractConfiguration.java:698)
	at org.apache.logging.log4j.core.config.AbstractConfiguration.doConfigure(AbstractConfiguration.java:358)
	at org.apache.logging.log4j.core.config.AbstractConfiguration.start(AbstractConfiguration.java:161)
	at org.apache.logging.log4j.core.LoggerContext.setConfiguration(LoggerContext.java:361)
	at org.apache.logging.log4j.core.LoggerContext.reconfigure(LoggerContext.java:426)
	at org.apache.logging.log4j.core.LoggerContext.reconfigure(LoggerContext.java:442)
	at org.apache.logging.log4j.core.config.xml.XmlConfigurationPropsTest.testWithConfigProp(XmlConfigurationPropsTest.java:76)
	at sun.reflect.NativeMethodAccessorImpl.invoke0(Native Method)
	at sun.reflect.NativeMethodAccessorImpl.invoke(NativeMethodAccessorImpl.java:57)
	at sun.reflect.DelegatingMethodAccessorImpl.invoke(DelegatingMethodAccessorImpl.java:43)
	at java.lang.reflect.Method.invoke(Method.java:606)
	at org.junit.runners.model.FrameworkMethod$1.runReflectiveCall(FrameworkMethod.java:47)
	at org.junit.internal.runners.model.ReflectiveCallable.run(ReflectiveCallable.java:12)
	at org.junit.runners.model.FrameworkMethod.invokeExplosively(FrameworkMethod.java:44)
	at org.junit.internal.runners.statements.InvokeMethod.evaluate(InvokeMethod.java:17)
	at org.junit.runners.ParentRunner.runLeaf(ParentRunner.java:271)
	at org.junit.runners.BlockJUnit4ClassRunner.runChild(BlockJUnit4ClassRunner.java:70)
	at org.junit.runners.BlockJUnit4ClassRunner.runChild(BlockJUnit4ClassRunner.java:50)
	at org.junit.runners.ParentRunner$3.run(ParentRunner.java:238)
	at org.junit.runners.ParentRunner$1.schedule(ParentRunner.java:63)
	at org.junit.runners.ParentRunner.runChildren(ParentRunner.java:236)
	at org.junit.runners.ParentRunner.access$000(ParentRunner.java:53)
	at org.junit.runners.ParentRunner$2.evaluate(ParentRunner.java:229)
	at org.junit.internal.runners.statements.RunAfters.evaluate(RunAfters.java:27)
	at org.junit.runners.ParentRunner.run(ParentRunner.java:309)
	at org.junit.runners.Suite.runChild(Suite.java:127)
	at org.junit.runners.Suite.runChild(Suite.java:26)
	at org.junit.runners.ParentRunner$3.run(ParentRunner.java:238)
	at org.junit.runners.ParentRunner$1.schedule(ParentRunner.java:63)
	at org.junit.runners.ParentRunner.runChildren(ParentRunner.java:236)
	at org.junit.runners.ParentRunner.access$000(ParentRunner.java:53)
	at org.junit.runners.ParentRunner$2.evaluate(ParentRunner.java:229)
	at org.junit.runners.ParentRunner.run(ParentRunner.java:309)
	at org.junit.runner.JUnitCore.run(JUnitCore.java:160)
	at org.junit.runner.JUnitCore.run(JUnitCore.java:138)
	at org.apache.maven.surefire.junitcore.JUnitCoreWrapper.createRequestAndRun(JUnitCoreWrapper.java:108)
	at org.apache.maven.surefire.junitcore.JUnitCoreWrapper.executeEager(JUnitCoreWrapper.java:78)
	at org.apache.maven.surefire.junitcore.JUnitCoreWrapper.execute(JUnitCoreWrapper.java:54)
	at org.apache.maven.surefire.junitcore.JUnitCoreProvider.invoke(JUnitCoreProvider.java:144)
	at org.apache.maven.surefire.booter.ForkedBooter.invokeProviderInSameClassLoader(ForkedBooter.java:203)
	at org.apache.maven.surefire.booter.ForkedBooter.runSuitesInProcess(ForkedBooter.java:155)
	at org.apache.maven.surefire.booter.ForkedBooter.main(ForkedBooter.java:103)

2016-07-16 10:00:21,774 ERROR Invalid status level specified: ${sys:log4j.level}. Defaulting to ERROR.
2016-07-16 10:00:21,789 ERROR No log4j2 configuration file found. Using default configuration: logging only errors to the console.
Tests run: 4, Failures: 0, Errors: 0, Skipped: 0, Time elapsed: 0.36 sec - in org.apache.logging.log4j.core.config.xml.XmlConfigurationPropsTest
Running org.apache.logging.log4j.core.config.AdvertiserTest
Tests run: 3, Failures: 0, Errors: 0, Skipped: 0, Time elapsed: 0.05 sec - in org.apache.logging.log4j.core.config.AdvertiserTest
Running org.apache.logging.log4j.core.config.FileOutputTest
Tests run: 1, Failures: 0, Errors: 0, Skipped: 0, Time elapsed: 0.373 sec - in org.apache.logging.log4j.core.config.FileOutputTest
Running org.apache.logging.log4j.core.config.plugins.convert.TypeConverterRegistryTest
Tests run: 6, Failures: 0, Errors: 0, Skipped: 0, Time elapsed: 0.108 sec - in org.apache.logging.log4j.core.config.plugins.convert.TypeConverterRegistryTest
Running org.apache.logging.log4j.core.config.plugins.convert.TypeConvertersTest
Tests run: 93, Failures: 0, Errors: 0, Skipped: 0, Time elapsed: 0.129 sec - in org.apache.logging.log4j.core.config.plugins.convert.TypeConvertersTest
Running org.apache.logging.log4j.core.config.plugins.processor.PluginProcessorTest
Tests run: 4, Failures: 0, Errors: 0, Skipped: 0, Time elapsed: 0.003 sec - in org.apache.logging.log4j.core.config.plugins.processor.PluginProcessorTest
Running org.apache.logging.log4j.core.config.plugins.validation.validators.RequiredValidatorTest
Tests run: 2, Failures: 0, Errors: 0, Skipped: 0, Time elapsed: 0.143 sec - in org.apache.logging.log4j.core.config.plugins.validation.validators.RequiredValidatorTest
Running org.apache.logging.log4j.core.config.plugins.util.PluginManagerPackagesTest
Tests run: 1, Failures: 0, Errors: 0, Skipped: 0, Time elapsed: 0.925 sec - in org.apache.logging.log4j.core.config.plugins.util.PluginManagerPackagesTest
Running org.apache.logging.log4j.core.config.plugins.util.ResolverUtilTest
Tests run: 16, Failures: 0, Errors: 0, Skipped: 4, Time elapsed: 0.029 sec - in org.apache.logging.log4j.core.config.plugins.util.ResolverUtilTest
Running org.apache.logging.log4j.core.config.TestConfigurator
Tests run: 16, Failures: 0, Errors: 0, Skipped: 0, Time elapsed: 6.711 sec - in org.apache.logging.log4j.core.config.TestConfigurator
Running org.apache.logging.log4j.core.config.ConfigurationTest
2016-07-16 10:00:33,881 WARN The bufferSize is set to 8192 but bufferedIO is not true: false
2016-07-16 10:00:33,901 WARN The bufferSize is set to 8192 but bufferedIO is not true: false
2016-07-16 10:00:33,921 WARN The bufferSize is set to 8192 but bufferedIO is not true: false
2016-07-16 10:00:33,968 WARN The bufferSize is set to 8192 but bufferedIO is not true: false
2016-07-16 10:00:33,989 WARN The bufferSize is set to 8192 but bufferedIO is not true: false
2016-07-16 10:00:34,009 WARN The bufferSize is set to 8192 but bufferedIO is not true: false
Tests run: 9, Failures: 0, Errors: 0, Skipped: 0, Time elapsed: 0.673 sec - in org.apache.logging.log4j.core.config.ConfigurationTest
Running org.apache.logging.log4j.core.config.ReconfigurationDeadlockTest
Tests run: 1, Failures: 0, Errors: 0, Skipped: 0, Time elapsed: 7.952 sec - in org.apache.logging.log4j.core.config.ReconfigurationDeadlockTest
Running org.apache.logging.log4j.core.config.TestConfiguratorError
Tests run: 2, Failures: 0, Errors: 0, Skipped: 0, Time elapsed: 0.029 sec - in org.apache.logging.log4j.core.config.TestConfiguratorError
Running org.apache.logging.log4j.core.StrictXmlConfigTest
Tests run: 9, Failures: 0, Errors: 0, Skipped: 0, Time elapsed: 0.017 sec - in org.apache.logging.log4j.core.StrictXmlConfigTest
Running org.apache.logging.log4j.core.util.IntegersTest
Tests run: 2, Failures: 0, Errors: 0, Skipped: 0, Time elapsed: 0.002 sec - in org.apache.logging.log4j.core.util.IntegersTest
Running org.apache.logging.log4j.core.util.SystemClockTest
Tests run: 2, Failures: 0, Errors: 0, Skipped: 0, Time elapsed: 0.103 sec - in org.apache.logging.log4j.core.util.SystemClockTest
Running org.apache.logging.log4j.core.util.UuidTest
Elapsed for 2000 UUIDS = 374737874 Average = 187368 ns
Elapsed for 200 UUIDS = 239206 Average = 1196 ns
Tests run: 2, Failures: 0, Errors: 0, Skipped: 0, Time elapsed: 0.056 sec - in org.apache.logging.log4j.core.util.UuidTest
Running org.apache.logging.log4j.core.util.ShutdownCallbackRegistryTest
Tests run: 1, Failures: 0, Errors: 0, Skipped: 0, Time elapsed: 0.32 sec - in org.apache.logging.log4j.core.util.ShutdownCallbackRegistryTest
Running org.apache.logging.log4j.core.util.FileUtilsTest
Tests run: 6, Failures: 0, Errors: 0, Skipped: 0, Time elapsed: 0.024 sec - in org.apache.logging.log4j.core.util.FileUtilsTest
Running org.apache.logging.log4j.core.util.ClockFactoryTest
Tests run: 8, Failures: 0, Errors: 0, Skipped: 0, Time elapsed: 0.081 sec - in org.apache.logging.log4j.core.util.ClockFactoryTest
Running org.apache.logging.log4j.core.util.KeyValuePairSerializationTest
Tests run: 4, Failures: 0, Errors: 0, Skipped: 0, Time elapsed: 0.02 sec - in org.apache.logging.log4j.core.util.KeyValuePairSerializationTest
Running org.apache.logging.log4j.core.util.ThrowablesTest
Tests run: 3, Failures: 0, Errors: 0, Skipped: 0, Time elapsed: 0.002 sec - in org.apache.logging.log4j.core.util.ThrowablesTest
Running org.apache.logging.log4j.core.impl.Log4jLogEventTest
Tests run: 5, Failures: 0, Errors: 0, Skipped: 0, Time elapsed: 0.141 sec - in org.apache.logging.log4j.core.impl.Log4jLogEventTest
Running org.apache.logging.log4j.core.impl.ThrowableFormatOptionsTest
Tests run: 35, Failures: 0, Errors: 0, Skipped: 0, Time elapsed: 0.048 sec - in org.apache.logging.log4j.core.impl.ThrowableFormatOptionsTest
Running org.apache.logging.log4j.core.impl.ThrowableProxyTest
10:00:47.060 [main] ERROR org.apache.logging.log4j.core.impl.ThrowableProxyTest - I always throw an Error when initialized
java.lang.Error: I always throw an Error when initialized
	at org.apache.logging.log4j.core.impl.ThrowableProxyTest$AlwaysThrowsError.<clinit>(ThrowableProxyTest.java:51) ~[test-classes/:?]
	at org.apache.logging.log4j.core.impl.ThrowableProxyTest.testLogStackTraceWithClassThatCannotInitialize(ThrowableProxyTest.java:96) [test-classes/:?]
	at sun.reflect.NativeMethodAccessorImpl.invoke0(Native Method) ~[?:1.7.0_101]
	at sun.reflect.NativeMethodAccessorImpl.invoke(NativeMethodAccessorImpl.java:57) ~[?:1.7.0_101]
	at sun.reflect.DelegatingMethodAccessorImpl.invoke(DelegatingMethodAccessorImpl.java:43) ~[?:1.7.0_101]
	at java.lang.reflect.Method.invoke(Method.java:606) ~[?:1.7.0_101]
	at org.junit.runners.model.FrameworkMethod$1.runReflectiveCall(FrameworkMethod.java:47) [junit-4.11.jar:?]
	at org.junit.internal.runners.model.ReflectiveCallable.run(ReflectiveCallable.java:12) [junit-4.11.jar:?]
	at org.junit.runners.model.FrameworkMethod.invokeExplosively(FrameworkMethod.java:44) [junit-4.11.jar:?]
	at org.junit.internal.runners.statements.InvokeMethod.evaluate(InvokeMethod.java:17) [junit-4.11.jar:?]
	at org.junit.runners.ParentRunner.runLeaf(ParentRunner.java:271) [junit-4.11.jar:?]
	at org.junit.runners.BlockJUnit4ClassRunner.runChild(BlockJUnit4ClassRunner.java:70) [junit-4.11.jar:?]
	at org.junit.runners.BlockJUnit4ClassRunner.runChild(BlockJUnit4ClassRunner.java:50) [junit-4.11.jar:?]
	at org.junit.runners.ParentRunner$3.run(ParentRunner.java:238) [junit-4.11.jar:?]
	at org.junit.runners.ParentRunner$1.schedule(ParentRunner.java:63) [junit-4.11.jar:?]
	at org.junit.runners.ParentRunner.runChildren(ParentRunner.java:236) [junit-4.11.jar:?]
	at org.junit.runners.ParentRunner.access$000(ParentRunner.java:53) [junit-4.11.jar:?]
	at org.junit.runners.ParentRunner$2.evaluate(ParentRunner.java:229) [junit-4.11.jar:?]
	at org.junit.runners.ParentRunner.run(ParentRunner.java:309) [junit-4.11.jar:?]
	at org.junit.runners.Suite.runChild(Suite.java:127) [junit-4.11.jar:?]
	at org.junit.runners.Suite.runChild(Suite.java:26) [junit-4.11.jar:?]
	at org.junit.runners.ParentRunner$3.run(ParentRunner.java:238) [junit-4.11.jar:?]
	at org.junit.runners.ParentRunner$1.schedule(ParentRunner.java:63) [junit-4.11.jar:?]
	at org.junit.runners.ParentRunner.runChildren(ParentRunner.java:236) [junit-4.11.jar:?]
	at org.junit.runners.ParentRunner.access$000(ParentRunner.java:53) [junit-4.11.jar:?]
	at org.junit.runners.ParentRunner$2.evaluate(ParentRunner.java:229) [junit-4.11.jar:?]
	at org.junit.runners.ParentRunner.run(ParentRunner.java:309) [junit-4.11.jar:?]
	at org.junit.runner.JUnitCore.run(JUnitCore.java:160) [junit-4.11.jar:?]
	at org.junit.runner.JUnitCore.run(JUnitCore.java:138) [junit-4.11.jar:?]
	at org.apache.maven.surefire.junitcore.JUnitCoreWrapper.createRequestAndRun(JUnitCoreWrapper.java:108) [surefire-junit47-2.18.1.jar:2.18.1]
	at org.apache.maven.surefire.junitcore.JUnitCoreWrapper.executeEager(JUnitCoreWrapper.java:78) [surefire-junit47-2.18.1.jar:2.18.1]
	at org.apache.maven.surefire.junitcore.JUnitCoreWrapper.execute(JUnitCoreWrapper.java:54) [surefire-junit47-2.18.1.jar:2.18.1]
	at org.apache.maven.surefire.junitcore.JUnitCoreProvider.invoke(JUnitCoreProvider.java:144) [surefire-junit47-2.18.1.jar:2.18.1]
	at org.apache.maven.surefire.booter.ForkedBooter.invokeProviderInSameClassLoader(ForkedBooter.java:203) [surefire-booter-2.18.1.jar:2.18.1]
	at org.apache.maven.surefire.booter.ForkedBooter.runSuitesInProcess(ForkedBooter.java:155) [surefire-booter-2.18.1.jar:2.18.1]
	at org.apache.maven.surefire.booter.ForkedBooter.main(ForkedBooter.java:103) [surefire-booter-2.18.1.jar:2.18.1]
10:00:47.062 [main] ERROR org.apache.logging.log4j.core.impl.ThrowableProxyTest - java.lang.Error: I always throw an Error when initialized
10:00:47.063 [main] ERROR org.apache.logging.log4j.core.impl.ThrowableProxyTest - Error
java.lang.Exception
	at org.apache.logging.log4j.core.impl.ThrowableProxyTest.testCircularSuppressedExceptions(ThrowableProxyTest.java:236) [test-classes/:?]
	at sun.reflect.NativeMethodAccessorImpl.invoke0(Native Method) ~[?:1.7.0_101]
	at sun.reflect.NativeMethodAccessorImpl.invoke(NativeMethodAccessorImpl.java:57) ~[?:1.7.0_101]
	at sun.reflect.DelegatingMethodAccessorImpl.invoke(DelegatingMethodAccessorImpl.java:43) ~[?:1.7.0_101]
	at java.lang.reflect.Method.invoke(Method.java:606) ~[?:1.7.0_101]
	at org.junit.runners.model.FrameworkMethod$1.runReflectiveCall(FrameworkMethod.java:47) [junit-4.11.jar:?]
	at org.junit.internal.runners.model.ReflectiveCallable.run(ReflectiveCallable.java:12) [junit-4.11.jar:?]
	at org.junit.runners.model.FrameworkMethod.invokeExplosively(FrameworkMethod.java:44) [junit-4.11.jar:?]
	at org.junit.internal.runners.statements.InvokeMethod.evaluate(InvokeMethod.java:17) [junit-4.11.jar:?]
	at org.junit.runners.ParentRunner.runLeaf(ParentRunner.java:271) [junit-4.11.jar:?]
	at org.junit.runners.BlockJUnit4ClassRunner.runChild(BlockJUnit4ClassRunner.java:70) [junit-4.11.jar:?]
	at org.junit.runners.BlockJUnit4ClassRunner.runChild(BlockJUnit4ClassRunner.java:50) [junit-4.11.jar:?]
	at org.junit.runners.ParentRunner$3.run(ParentRunner.java:238) [junit-4.11.jar:?]
	at org.junit.runners.ParentRunner$1.schedule(ParentRunner.java:63) [junit-4.11.jar:?]
	at org.junit.runners.ParentRunner.runChildren(ParentRunner.java:236) [junit-4.11.jar:?]
	at org.junit.runners.ParentRunner.access$000(ParentRunner.java:53) [junit-4.11.jar:?]
	at org.junit.runners.ParentRunner$2.evaluate(ParentRunner.java:229) [junit-4.11.jar:?]
	at org.junit.runners.ParentRunner.run(ParentRunner.java:309) [junit-4.11.jar:?]
	at org.junit.runners.Suite.runChild(Suite.java:127) [junit-4.11.jar:?]
	at org.junit.runners.Suite.runChild(Suite.java:26) [junit-4.11.jar:?]
	at org.junit.runners.ParentRunner$3.run(ParentRunner.java:238) [junit-4.11.jar:?]
	at org.junit.runners.ParentRunner$1.schedule(ParentRunner.java:63) [junit-4.11.jar:?]
	at org.junit.runners.ParentRunner.runChildren(ParentRunner.java:236) [junit-4.11.jar:?]
	at org.junit.runners.ParentRunner.access$000(ParentRunner.java:53) [junit-4.11.jar:?]
	at org.junit.runners.ParentRunner$2.evaluate(ParentRunner.java:229) [junit-4.11.jar:?]
	at org.junit.runners.ParentRunner.run(ParentRunner.java:309) [junit-4.11.jar:?]
	at org.junit.runner.JUnitCore.run(JUnitCore.java:160) [junit-4.11.jar:?]
	at org.junit.runner.JUnitCore.run(JUnitCore.java:138) [junit-4.11.jar:?]
	at org.apache.maven.surefire.junitcore.JUnitCoreWrapper.createRequestAndRun(JUnitCoreWrapper.java:108) [surefire-junit47-2.18.1.jar:2.18.1]
	at org.apache.maven.surefire.junitcore.JUnitCoreWrapper.executeEager(JUnitCoreWrapper.java:78) [surefire-junit47-2.18.1.jar:2.18.1]
	at org.apache.maven.surefire.junitcore.JUnitCoreWrapper.execute(JUnitCoreWrapper.java:54) [surefire-junit47-2.18.1.jar:2.18.1]
	at org.apache.maven.surefire.junitcore.JUnitCoreProvider.invoke(JUnitCoreProvider.java:144) [surefire-junit47-2.18.1.jar:2.18.1]
	at org.apache.maven.surefire.booter.ForkedBooter.invokeProviderInSameClassLoader(ForkedBooter.java:203) [surefire-booter-2.18.1.jar:2.18.1]
	at org.apache.maven.surefire.booter.ForkedBooter.runSuitesInProcess(ForkedBooter.java:155) [surefire-booter-2.18.1.jar:2.18.1]
	at org.apache.maven.surefire.booter.ForkedBooter.main(ForkedBooter.java:103) [surefire-booter-2.18.1.jar:2.18.1]
10:00:47.293 [main] ERROR org.apache.logging.log4j.core.impl.ThrowableProxyTest - Error
java.lang.Exception
	at org.apache.logging.log4j.core.impl.ThrowableProxyTest.testCircularSuppressedNestedException(ThrowableProxyTest.java:248) [test-classes/:?]
	at sun.reflect.NativeMethodAccessorImpl.invoke0(Native Method) ~[?:1.7.0_101]
	at sun.reflect.NativeMethodAccessorImpl.invoke(NativeMethodAccessorImpl.java:57) ~[?:1.7.0_101]
	at sun.reflect.DelegatingMethodAccessorImpl.invoke(DelegatingMethodAccessorImpl.java:43) ~[?:1.7.0_101]
	at java.lang.reflect.Method.invoke(Method.java:606) ~[?:1.7.0_101]
	at org.junit.runners.model.FrameworkMethod$1.runReflectiveCall(FrameworkMethod.java:47) [junit-4.11.jar:?]
	at org.junit.internal.runners.model.ReflectiveCallable.run(ReflectiveCallable.java:12) [junit-4.11.jar:?]
	at org.junit.runners.model.FrameworkMethod.invokeExplosively(FrameworkMethod.java:44) [junit-4.11.jar:?]
	at org.junit.internal.runners.statements.InvokeMethod.evaluate(InvokeMethod.java:17) [junit-4.11.jar:?]
	at org.junit.runners.ParentRunner.runLeaf(ParentRunner.java:271) [junit-4.11.jar:?]
	at org.junit.runners.BlockJUnit4ClassRunner.runChild(BlockJUnit4ClassRunner.java:70) [junit-4.11.jar:?]
	at org.junit.runners.BlockJUnit4ClassRunner.runChild(BlockJUnit4ClassRunner.java:50) [junit-4.11.jar:?]
	at org.junit.runners.ParentRunner$3.run(ParentRunner.java:238) [junit-4.11.jar:?]
	at org.junit.runners.ParentRunner$1.schedule(ParentRunner.java:63) [junit-4.11.jar:?]
	at org.junit.runners.ParentRunner.runChildren(ParentRunner.java:236) [junit-4.11.jar:?]
	at org.junit.runners.ParentRunner.access$000(ParentRunner.java:53) [junit-4.11.jar:?]
	at org.junit.runners.ParentRunner$2.evaluate(ParentRunner.java:229) [junit-4.11.jar:?]
	at org.junit.runners.ParentRunner.run(ParentRunner.java:309) [junit-4.11.jar:?]
	at org.junit.runners.Suite.runChild(Suite.java:127) [junit-4.11.jar:?]
	at org.junit.runners.Suite.runChild(Suite.java:26) [junit-4.11.jar:?]
	at org.junit.runners.ParentRunner$3.run(ParentRunner.java:238) [junit-4.11.jar:?]
	at org.junit.runners.ParentRunner$1.schedule(ParentRunner.java:63) [junit-4.11.jar:?]
	at org.junit.runners.ParentRunner.runChildren(ParentRunner.java:236) [junit-4.11.jar:?]
	at org.junit.runners.ParentRunner.access$000(ParentRunner.java:53) [junit-4.11.jar:?]
	at org.junit.runners.ParentRunner$2.evaluate(ParentRunner.java:229) [junit-4.11.jar:?]
	at org.junit.runners.ParentRunner.run(ParentRunner.java:309) [junit-4.11.jar:?]
	at org.junit.runner.JUnitCore.run(JUnitCore.java:160) [junit-4.11.jar:?]
	at org.junit.runner.JUnitCore.run(JUnitCore.java:138) [junit-4.11.jar:?]
	at org.apache.maven.surefire.junitcore.JUnitCoreWrapper.createRequestAndRun(JUnitCoreWrapper.java:108) [surefire-junit47-2.18.1.jar:2.18.1]
	at org.apache.maven.surefire.junitcore.JUnitCoreWrapper.executeEager(JUnitCoreWrapper.java:78) [surefire-junit47-2.18.1.jar:2.18.1]
	at org.apache.maven.surefire.junitcore.JUnitCoreWrapper.execute(JUnitCoreWrapper.java:54) [surefire-junit47-2.18.1.jar:2.18.1]
	at org.apache.maven.surefire.junitcore.JUnitCoreProvider.invoke(JUnitCoreProvider.java:144) [surefire-junit47-2.18.1.jar:2.18.1]
	at org.apache.maven.surefire.booter.ForkedBooter.invokeProviderInSameClassLoader(ForkedBooter.java:203) [surefire-booter-2.18.1.jar:2.18.1]
	at org.apache.maven.surefire.booter.ForkedBooter.runSuitesInProcess(ForkedBooter.java:155) [surefire-booter-2.18.1.jar:2.18.1]
	at org.apache.maven.surefire.booter.ForkedBooter.main(ForkedBooter.java:103) [surefire-booter-2.18.1.jar:2.18.1]
10:00:47.311 [main] ERROR org.apache.logging.log4j.core.impl.ThrowableProxyTest - Error
java.lang.Exception
	at org.apache.logging.log4j.core.impl.ThrowableProxyTest.testCircularCauseExceptions(ThrowableProxyTest.java:260) [test-classes/:?]
	at sun.reflect.NativeMethodAccessorImpl.invoke0(Native Method) ~[?:1.7.0_101]
	at sun.reflect.NativeMethodAccessorImpl.invoke(NativeMethodAccessorImpl.java:57) ~[?:1.7.0_101]
	at sun.reflect.DelegatingMethodAccessorImpl.invoke(DelegatingMethodAccessorImpl.java:43) ~[?:1.7.0_101]
	at java.lang.reflect.Method.invoke(Method.java:606) ~[?:1.7.0_101]
	at org.junit.runners.model.FrameworkMethod$1.runReflectiveCall(FrameworkMethod.java:47) [junit-4.11.jar:?]
	at org.junit.internal.runners.model.ReflectiveCallable.run(ReflectiveCallable.java:12) [junit-4.11.jar:?]
	at org.junit.runners.model.FrameworkMethod.invokeExplosively(FrameworkMethod.java:44) [junit-4.11.jar:?]
	at org.junit.internal.runners.statements.InvokeMethod.evaluate(InvokeMethod.java:17) [junit-4.11.jar:?]
	at org.junit.runners.ParentRunner.runLeaf(ParentRunner.java:271) [junit-4.11.jar:?]
	at org.junit.runners.BlockJUnit4ClassRunner.runChild(BlockJUnit4ClassRunner.java:70) [junit-4.11.jar:?]
	at org.junit.runners.BlockJUnit4ClassRunner.runChild(BlockJUnit4ClassRunner.java:50) [junit-4.11.jar:?]
	at org.junit.runners.ParentRunner$3.run(ParentRunner.java:238) [junit-4.11.jar:?]
	at org.junit.runners.ParentRunner$1.schedule(ParentRunner.java:63) [junit-4.11.jar:?]
	at org.junit.runners.ParentRunner.runChildren(ParentRunner.java:236) [junit-4.11.jar:?]
	at org.junit.runners.ParentRunner.access$000(ParentRunner.java:53) [junit-4.11.jar:?]
	at org.junit.runners.ParentRunner$2.evaluate(ParentRunner.java:229) [junit-4.11.jar:?]
	at org.junit.runners.ParentRunner.run(ParentRunner.java:309) [junit-4.11.jar:?]
	at org.junit.runners.Suite.runChild(Suite.java:127) [junit-4.11.jar:?]
	at org.junit.runners.Suite.runChild(Suite.java:26) [junit-4.11.jar:?]
	at org.junit.runners.ParentRunner$3.run(ParentRunner.java:238) [junit-4.11.jar:?]
	at org.junit.runners.ParentRunner$1.schedule(ParentRunner.java:63) [junit-4.11.jar:?]
	at org.junit.runners.ParentRunner.runChildren(ParentRunner.java:236) [junit-4.11.jar:?]
	at org.junit.runners.ParentRunner.access$000(ParentRunner.java:53) [junit-4.11.jar:?]
	at org.junit.runners.ParentRunner$2.evaluate(ParentRunner.java:229) [junit-4.11.jar:?]
	at org.junit.runners.ParentRunner.run(ParentRunner.java:309) [junit-4.11.jar:?]
	at org.junit.runner.JUnitCore.run(JUnitCore.java:160) [junit-4.11.jar:?]
	at org.junit.runner.JUnitCore.run(JUnitCore.java:138) [junit-4.11.jar:?]
	at org.apache.maven.surefire.junitcore.JUnitCoreWrapper.createRequestAndRun(JUnitCoreWrapper.java:108) [surefire-junit47-2.18.1.jar:2.18.1]
	at org.apache.maven.surefire.junitcore.JUnitCoreWrapper.executeEager(JUnitCoreWrapper.java:78) [surefire-junit47-2.18.1.jar:2.18.1]
	at org.apache.maven.surefire.junitcore.JUnitCoreWrapper.execute(JUnitCoreWrapper.java:54) [surefire-junit47-2.18.1.jar:2.18.1]
	at org.apache.maven.surefire.junitcore.JUnitCoreProvider.invoke(JUnitCoreProvider.java:144) [surefire-junit47-2.18.1.jar:2.18.1]
	at org.apache.maven.surefire.booter.ForkedBooter.invokeProviderInSameClassLoader(ForkedBooter.java:203) [surefire-booter-2.18.1.jar:2.18.1]
	at org.apache.maven.surefire.booter.ForkedBooter.runSuitesInProcess(ForkedBooter.java:155) [surefire-booter-2.18.1.jar:2.18.1]
	at org.apache.maven.surefire.booter.ForkedBooter.main(ForkedBooter.java:103) [surefire-booter-2.18.1.jar:2.18.1]
Caused by: java.lang.Exception: java.lang.Exception
	at org.apache.logging.log4j.core.impl.ThrowableProxyTest.testCircularCauseExceptions(ThrowableProxyTest.java:261) ~[test-classes/:?]
	... 34 more
Caused by: java.lang.Exception
	... 35 more
Tests run: 13, Failures: 0, Errors: 0, Skipped: 0, Time elapsed: 0.537 sec - in org.apache.logging.log4j.core.impl.ThrowableProxyTest
Running org.apache.logging.log4j.core.LoggerTest
Tests run: 16, Failures: 0, Errors: 0, Skipped: 0, Time elapsed: 7.133 sec - in org.apache.logging.log4j.core.LoggerTest
Running org.apache.logging.log4j.core.AppenderRefLevelJsonTest
Tests run: 3, Failures: 0, Errors: 0, Skipped: 0, Time elapsed: 0.014 sec - in org.apache.logging.log4j.core.AppenderRefLevelJsonTest
Running org.apache.logging.log4j.core.jackson.JacksonIssue429Test
Tests run: 1, Failures: 0, Errors: 0, Skipped: 0, Time elapsed: 0.058 sec - in org.apache.logging.log4j.core.jackson.JacksonIssue429Test
Running org.apache.logging.log4j.core.jackson.StackTraceElementMixInTest
Tests run: 4, Failures: 0, Errors: 0, Skipped: 0, Time elapsed: 0.336 sec - in org.apache.logging.log4j.core.jackson.StackTraceElementMixInTest
Running org.apache.logging.log4j.core.jackson.JacksonIssue429MyNamesTest
Tests run: 1, Failures: 0, Errors: 0, Skipped: 0, Time elapsed: 0.059 sec - in org.apache.logging.log4j.core.jackson.JacksonIssue429MyNamesTest
Running org.apache.logging.log4j.core.jackson.LevelMixInTest
Tests run: 2, Failures: 0, Errors: 0, Skipped: 0, Time elapsed: 0.25 sec - in org.apache.logging.log4j.core.jackson.LevelMixInTest
Running org.apache.logging.log4j.core.net.server.UdpJsonSocketServerTest
Tests run: 6, Failures: 0, Errors: 0, Skipped: 2, Time elapsed: 0.243 sec - in org.apache.logging.log4j.core.net.server.UdpJsonSocketServerTest
Running org.apache.logging.log4j.core.net.server.UdpXmlSocketServerTest
Tests run: 6, Failures: 0, Errors: 0, Skipped: 2, Time elapsed: 0.264 sec - in org.apache.logging.log4j.core.net.server.UdpXmlSocketServerTest
Running org.apache.logging.log4j.core.net.server.TcpJsonSocketServerTest
Tests run: 6, Failures: 0, Errors: 0, Skipped: 2, Time elapsed: 0.305 sec - in org.apache.logging.log4j.core.net.server.TcpJsonSocketServerTest
Running org.apache.logging.log4j.core.net.server.TcpXmlSocketServerTest
Tests run: 6, Failures: 0, Errors: 0, Skipped: 2, Time elapsed: 0.337 sec - in org.apache.logging.log4j.core.net.server.TcpXmlSocketServerTest
Running org.apache.logging.log4j.core.net.server.UdpSerializedSocketServerTest
Tests run: 6, Failures: 0, Errors: 0, Skipped: 2, Time elapsed: 0.192 sec - in org.apache.logging.log4j.core.net.server.UdpSerializedSocketServerTest
Running org.apache.logging.log4j.core.net.server.TcpSerializedSocketServerTest
Tests run: 6, Failures: 0, Errors: 0, Skipped: 2, Time elapsed: 0.245 sec - in org.apache.logging.log4j.core.net.server.TcpSerializedSocketServerTest
Running org.apache.logging.log4j.core.net.server.SslXmlSocketServerTest
Tests run: 6, Failures: 0, Errors: 0, Skipped: 2, Time elapsed: 0.603 sec - in org.apache.logging.log4j.core.net.server.SslXmlSocketServerTest
Running org.apache.logging.log4j.core.net.ssl.StoreConfigurationTest
Tests run: 1, Failures: 0, Errors: 0, Skipped: 1, Time elapsed: 0.001 sec - in org.apache.logging.log4j.core.net.ssl.StoreConfigurationTest
Running org.apache.logging.log4j.core.net.ssl.SslConfigurationTest
Tests run: 4, Failures: 0, Errors: 0, Skipped: 0, Time elapsed: 0.438 sec - in org.apache.logging.log4j.core.net.ssl.SslConfigurationTest
Running org.apache.logging.log4j.core.net.ssl.KeyStoreConfigurationTest
Tests run: 4, Failures: 0, Errors: 0, Skipped: 0, Time elapsed: 0.059 sec - in org.apache.logging.log4j.core.net.ssl.KeyStoreConfigurationTest
Running org.apache.logging.log4j.core.net.ssl.TrustStoreConfigurationTest
Tests run: 4, Failures: 0, Errors: 0, Skipped: 0, Time elapsed: 0.056 sec - in org.apache.logging.log4j.core.net.ssl.TrustStoreConfigurationTest
Running org.apache.logging.log4j.core.net.SocketTest
Tests run: 1, Failures: 0, Errors: 0, Skipped: 1, Time elapsed: 0.001 sec - in org.apache.logging.log4j.core.net.SocketTest
Running org.apache.logging.log4j.core.net.SocketMessageLossTest
Tests run: 1, Failures: 0, Errors: 0, Skipped: 1, Time elapsed: 0.001 sec - in org.apache.logging.log4j.core.net.SocketMessageLossTest
Running org.apache.logging.log4j.core.net.PriorityTest
Tests run: 1, Failures: 0, Errors: 0, Skipped: 0, Time elapsed: 0.006 sec - in org.apache.logging.log4j.core.net.PriorityTest
Running org.apache.logging.log4j.core.net.SocketReconnectTest
Tests run: 1, Failures: 0, Errors: 0, Skipped: 1, Time elapsed: 0 sec - in org.apache.logging.log4j.core.net.SocketReconnectTest
Running org.apache.logging.log4j.core.selector.ClassLoaderContextSelectorTest
Tests run: 1, Failures: 0, Errors: 0, Skipped: 0, Time elapsed: 0.28 sec - in org.apache.logging.log4j.core.selector.ClassLoaderContextSelectorTest
Running org.apache.logging.log4j.core.async.AsyncLoggerLocationTest
Tests run: 1, Failures: 0, Errors: 0, Skipped: 0, Time elapsed: 0.503 sec - in org.apache.logging.log4j.core.async.AsyncLoggerLocationTest
Running org.apache.logging.log4j.core.async.AsyncLoggerUseAfterShutdownTest
2016-07-16 10:01:09,668 FATAL Ignoring log event after log4j was shut down
Tests run: 1, Failures: 0, Errors: 0, Skipped: 0, Time elapsed: 0.396 sec - in org.apache.logging.log4j.core.async.AsyncLoggerUseAfterShutdownTest
Running org.apache.logging.log4j.core.async.AsyncLoggerTest
Tests run: 1, Failures: 0, Errors: 0, Skipped: 0, Time elapsed: 0.501 sec - in org.apache.logging.log4j.core.async.AsyncLoggerTest
Running org.apache.logging.log4j.core.async.AsyncRootReloadTest
2016-07-16 10:01:10,849 DEBUG Starting LoggerContext[name=1410328673] from configuration at classpath:LOG4J2-807.xml
2016-07-16 10:01:10,850 DEBUG Starting LoggerContext[name=1410328673, org.apache.logging.log4j.core.LoggerContext@18893021] with configuration XmlConfiguration[location=/home/ylyu/parallel/log4j2/log4j29/dataset/logging-log4j2/LOG4J2-1068_e7bbeceb123e60bc84186395e2a29c2a90769886/log4j-core/target/test-classes/LOG4J2-807.xml]...
2016-07-16 10:01:10,851 DEBUG Shutdown hook enabled. Registering a new one.
2016-07-16 10:01:10,857 DEBUG Starting configuration XmlConfiguration[location=/home/ylyu/parallel/log4j2/log4j29/dataset/logging-log4j2/LOG4J2-1068_e7bbeceb123e60bc84186395e2a29c2a90769886/log4j-core/target/test-classes/LOG4J2-807.xml]
2016-07-16 10:01:10,857 DEBUG PluginManager 'Core' found 78 plugins
2016-07-16 10:01:10,858 DEBUG PluginManager 'Level' found 1 plugins
2016-07-16 10:01:10,859 DEBUG PluginManager 'Lookup' found 13 plugins
2016-07-16 10:01:10,860 DEBUG Building Plugin[name=layout, class=org.apache.logging.log4j.core.layout.PatternLayout]. Searching for builder factory method...
2016-07-16 10:01:10,863 DEBUG Found builder factory method [newBuilder]: public static org.apache.logging.log4j.core.layout.PatternLayout$Builder org.apache.logging.log4j.core.layout.PatternLayout.newBuilder().
2016-07-16 10:01:10,873 DEBUG TypeConverterRegistry initializing.
2016-07-16 10:01:10,873 DEBUG PluginManager 'TypeConverter' found 21 plugins
2016-07-16 10:01:10,886 DEBUG Calling build() on class class org.apache.logging.log4j.core.layout.PatternLayout$Builder for element PatternLayout with params(name="%d %-5p [%c{1.}] %m%n", Configuration(asynRootConfig), null, name="null", name="null", name="null", name="null", name="null")
2016-07-16 10:01:10,887 DEBUG PluginManager 'Converter' found 33 plugins
2016-07-16 10:01:10,888 DEBUG Built Plugin[name=layout] OK from builder factory method.
2016-07-16 10:01:10,888 DEBUG Building Plugin[name=appender, class=org.apache.logging.log4j.core.appender.RandomAccessFileAppender]. Searching for builder factory method...
2016-07-16 10:01:10,891 DEBUG No builder factory method found in class org.apache.logging.log4j.core.appender.RandomAccessFileAppender. Going to try finding a factory method instead.
2016-07-16 10:01:10,891 DEBUG Still building Plugin[name=appender, class=org.apache.logging.log4j.core.appender.RandomAccessFileAppender]. Searching for factory method...
2016-07-16 10:01:10,891 DEBUG Found factory method [createAppender]: public static org.apache.logging.log4j.core.appender.RandomAccessFileAppender org.apache.logging.log4j.core.appender.RandomAccessFileAppender.createAppender(java.lang.String,java.lang.String,java.lang.String,java.lang.String,java.lang.String,java.lang.String,org.apache.logging.log4j.core.Layout,org.apache.logging.log4j.core.Filter,java.lang.String,java.lang.String,org.apache.logging.log4j.core.config.Configuration).
2016-07-16 10:01:10,898 DEBUG Calling createAppender on class org.apache.logging.log4j.core.appender.RandomAccessFileAppender for element RandomAccessFile with params(name="target/LOG4J2-807.log", name="true", name="FILE_APPENDER", name="false", name="null", name="null", PatternLayout(%d %-5p [%c{1.}] %m%n), null, name="null", name="null", Configuration(asynRootConfig))
2016-07-16 10:01:10,900 DEBUG Starting RandomAccessFileManager target/LOG4J2-807.log
2016-07-16 10:01:10,900 DEBUG Built Plugin[name=appender] OK from factory method.
2016-07-16 10:01:10,900 DEBUG Building Plugin[name=appenders, class=org.apache.logging.log4j.core.config.AppendersPlugin]. Searching for builder factory method...
2016-07-16 10:01:10,901 DEBUG No builder factory method found in class org.apache.logging.log4j.core.config.AppendersPlugin. Going to try finding a factory method instead.
2016-07-16 10:01:10,901 DEBUG Still building Plugin[name=appenders, class=org.apache.logging.log4j.core.config.AppendersPlugin]. Searching for factory method...
2016-07-16 10:01:10,901 DEBUG Found factory method [createAppenders]: public static java.util.concurrent.ConcurrentMap org.apache.logging.log4j.core.config.AppendersPlugin.createAppenders(org.apache.logging.log4j.core.Appender[]).
2016-07-16 10:01:10,901 DEBUG Calling createAppenders on class org.apache.logging.log4j.core.config.AppendersPlugin for element Appenders with params(={FILE_APPENDER})
2016-07-16 10:01:10,902 DEBUG Built Plugin[name=appenders] OK from factory method.
2016-07-16 10:01:10,902 DEBUG Building Plugin[name=AppenderRef, class=org.apache.logging.log4j.core.config.AppenderRef]. Searching for builder factory method...
2016-07-16 10:01:10,902 DEBUG No builder factory method found in class org.apache.logging.log4j.core.config.AppenderRef. Going to try finding a factory method instead.
2016-07-16 10:01:10,902 DEBUG Still building Plugin[name=AppenderRef, class=org.apache.logging.log4j.core.config.AppenderRef]. Searching for factory method...
2016-07-16 10:01:10,903 DEBUG Found factory method [createAppenderRef]: public static org.apache.logging.log4j.core.config.AppenderRef org.apache.logging.log4j.core.config.AppenderRef.createAppenderRef(java.lang.String,org.apache.logging.log4j.Level,org.apache.logging.log4j.core.Filter).
2016-07-16 10:01:10,903 DEBUG Calling createAppenderRef on class org.apache.logging.log4j.core.config.AppenderRef for element AppenderRef with params(name="FILE_APPENDER", name="null", null)
2016-07-16 10:01:10,903 DEBUG Built Plugin[name=AppenderRef] OK from factory method.
2016-07-16 10:01:10,903 DEBUG Building Plugin[name=asyncRoot, class=org.apache.logging.log4j.core.async.AsyncLoggerConfig$RootLogger]. Searching for builder factory method...
2016-07-16 10:01:10,904 DEBUG No builder factory method found in class org.apache.logging.log4j.core.async.AsyncLoggerConfig$RootLogger. Going to try finding a factory method instead.
2016-07-16 10:01:10,904 DEBUG Still building Plugin[name=asyncRoot, class=org.apache.logging.log4j.core.async.AsyncLoggerConfig$RootLogger]. Searching for factory method...
2016-07-16 10:01:10,904 DEBUG Found factory method [createLogger]: public static org.apache.logging.log4j.core.config.LoggerConfig org.apache.logging.log4j.core.async.AsyncLoggerConfig$RootLogger.createLogger(java.lang.String,java.lang.String,java.lang.String,org.apache.logging.log4j.core.config.AppenderRef[],org.apache.logging.log4j.core.config.Property[],org.apache.logging.log4j.core.config.Configuration,org.apache.logging.log4j.core.Filter).
2016-07-16 10:01:10,905 DEBUG Calling createLogger on class org.apache.logging.log4j.core.async.AsyncLoggerConfig$RootLogger for element asyncRoot with params(name="null", name="debug", name="null", ={FILE_APPENDER}, ={}, Configuration(asynRootConfig), null)
2016-07-16 10:01:10,905 DEBUG Built Plugin[name=asyncRoot] OK from factory method.
2016-07-16 10:01:10,905 DEBUG Building Plugin[name=loggers, class=org.apache.logging.log4j.core.config.LoggersPlugin]. Searching for builder factory method...
2016-07-16 10:01:10,906 DEBUG No builder factory method found in class org.apache.logging.log4j.core.config.LoggersPlugin. Going to try finding a factory method instead.
2016-07-16 10:01:10,906 DEBUG Still building Plugin[name=loggers, class=org.apache.logging.log4j.core.config.LoggersPlugin]. Searching for factory method...
2016-07-16 10:01:10,906 DEBUG Found factory method [createLoggers]: public static org.apache.logging.log4j.core.config.Loggers org.apache.logging.log4j.core.config.LoggersPlugin.createLoggers(org.apache.logging.log4j.core.config.LoggerConfig[]).
2016-07-16 10:01:10,907 DEBUG Calling createLoggers on class org.apache.logging.log4j.core.config.LoggersPlugin for element Loggers with params(={root})
2016-07-16 10:01:10,907 DEBUG Built Plugin[name=loggers] OK from factory method.
2016-07-16 10:01:10,910 DEBUG property AsyncLoggerConfig.WaitStrategy=null
2016-07-16 10:01:10,910 DEBUG disruptor event handler uses BlockingWaitStrategy
2016-07-16 10:01:10,943 DEBUG Starting AsyncLoggerConfig disruptor with ringbuffer size=262144, waitStrategy=BlockingWaitStrategy, exceptionHandler=null...
2016-07-16 10:01:10,944 DEBUG Started configuration XmlConfiguration[location=/home/ylyu/parallel/log4j2/log4j29/dataset/logging-log4j2/LOG4J2-1068_e7bbeceb123e60bc84186395e2a29c2a90769886/log4j-core/target/test-classes/LOG4J2-807.xml] OK.
2016-07-16 10:01:10,944 DEBUG Shutting down OutputStreamManager SYSTEM_OUT
2016-07-16 10:01:10,945 DEBUG Stopped org.apache.logging.log4j.core.config.DefaultConfiguration@6ada5bd7 OK
2016-07-16 10:01:10,988 DEBUG Registering MBean org.apache.logging.log4j2:type=1410328673
2016-07-16 10:01:10,990 DEBUG Registering MBean org.apache.logging.log4j2:type=1410328673,component=StatusLogger
2016-07-16 10:01:10,991 DEBUG Registering MBean org.apache.logging.log4j2:type=1410328673,component=ContextSelector
2016-07-16 10:01:10,992 DEBUG Registering MBean org.apache.logging.log4j2:type=1410328673,component=Loggers,name=
2016-07-16 10:01:10,994 DEBUG Registering MBean org.apache.logging.log4j2:type=1410328673,component=Loggers,name=,subtype=RingBuffer
2016-07-16 10:01:10,995 DEBUG Registering MBean org.apache.logging.log4j2:type=1410328673,component=Appenders,name=FILE_APPENDER
2016-07-16 10:01:10,995 DEBUG LoggerContext[name=1410328673, org.apache.logging.log4j.core.LoggerContext@18893021] started OK with configuration XmlConfiguration[location=/home/ylyu/parallel/log4j2/log4j29/dataset/logging-log4j2/LOG4J2-1068_e7bbeceb123e60bc84186395e2a29c2a90769886/log4j-core/target/test-classes/LOG4J2-807.xml].
2016-07-16 10:01:10,999 DEBUG Using default SystemClock for timestamps
2016-07-16 10:01:18,005 DEBUG Reconfiguration started for context 1410328673 (org.apache.logging.log4j.core.LoggerContext@18893021)
2016-07-16 10:01:18,006 DEBUG Not in a ServletContext environment, thus not loading WebLookup plugin.
2016-07-16 10:01:18,009 DEBUG Starting configuration XmlConfiguration[location=/home/ylyu/parallel/log4j2/log4j29/dataset/logging-log4j2/LOG4J2-1068_e7bbeceb123e60bc84186395e2a29c2a90769886/log4j-core/target/test-classes/LOG4J2-807.xml]
2016-07-16 10:01:18,009 DEBUG PluginManager 'Core' found 78 plugins
2016-07-16 10:01:18,010 DEBUG PluginManager 'Level' found 1 plugins
2016-07-16 10:01:18,010 DEBUG PluginManager 'Lookup' found 13 plugins
2016-07-16 10:01:18,010 DEBUG Building Plugin[name=layout, class=org.apache.logging.log4j.core.layout.PatternLayout]. Searching for builder factory method...
2016-07-16 10:01:18,011 DEBUG Found builder factory method [newBuilder]: public static org.apache.logging.log4j.core.layout.PatternLayout$Builder org.apache.logging.log4j.core.layout.PatternLayout.newBuilder().
2016-07-16 10:01:18,011 DEBUG Calling build() on class class org.apache.logging.log4j.core.layout.PatternLayout$Builder for element PatternLayout with params(name="%d %-5p [%c{1.}] %m%n", Configuration(asynRootConfig), null, name="null", name="null", name="null", name="null", name="null")
2016-07-16 10:01:18,012 DEBUG PluginManager 'Converter' found 33 plugins
2016-07-16 10:01:18,012 DEBUG Built Plugin[name=layout] OK from builder factory method.
2016-07-16 10:01:18,012 DEBUG Building Plugin[name=appender, class=org.apache.logging.log4j.core.appender.RandomAccessFileAppender]. Searching for builder factory method...
2016-07-16 10:01:18,013 DEBUG No builder factory method found in class org.apache.logging.log4j.core.appender.RandomAccessFileAppender. Going to try finding a factory method instead.
2016-07-16 10:01:18,013 DEBUG Still building Plugin[name=appender, class=org.apache.logging.log4j.core.appender.RandomAccessFileAppender]. Searching for factory method...
2016-07-16 10:01:18,013 DEBUG Found factory method [createAppender]: public static org.apache.logging.log4j.core.appender.RandomAccessFileAppender org.apache.logging.log4j.core.appender.RandomAccessFileAppender.createAppender(java.lang.String,java.lang.String,java.lang.String,java.lang.String,java.lang.String,java.lang.String,org.apache.logging.log4j.core.Layout,org.apache.logging.log4j.core.Filter,java.lang.String,java.lang.String,org.apache.logging.log4j.core.config.Configuration).
2016-07-16 10:01:18,015 DEBUG Calling createAppender on class org.apache.logging.log4j.core.appender.RandomAccessFileAppender for element RandomAccessFile with params(name="target/LOG4J2-807.log", name="true", name="FILE_APPENDER", name="false", name="null", name="null", PatternLayout(%d %-5p [%c{1.}] %m%n), null, name="null", name="null", Configuration(asynRootConfig))
2016-07-16 10:01:18,016 DEBUG Built Plugin[name=appender] OK from factory method.
2016-07-16 10:01:18,016 DEBUG Building Plugin[name=appenders, class=org.apache.logging.log4j.core.config.AppendersPlugin]. Searching for builder factory method...
2016-07-16 10:01:18,016 DEBUG No builder factory method found in class org.apache.logging.log4j.core.config.AppendersPlugin. Going to try finding a factory method instead.
2016-07-16 10:01:18,016 DEBUG Still building Plugin[name=appenders, class=org.apache.logging.log4j.core.config.AppendersPlugin]. Searching for factory method...
2016-07-16 10:01:18,016 DEBUG Found factory method [createAppenders]: public static java.util.concurrent.ConcurrentMap org.apache.logging.log4j.core.config.AppendersPlugin.createAppenders(org.apache.logging.log4j.core.Appender[]).
2016-07-16 10:01:18,017 DEBUG Calling createAppenders on class org.apache.logging.log4j.core.config.AppendersPlugin for element Appenders with params(={FILE_APPENDER})
2016-07-16 10:01:18,017 DEBUG Built Plugin[name=appenders] OK from factory method.
2016-07-16 10:01:18,017 DEBUG Building Plugin[name=AppenderRef, class=org.apache.logging.log4j.core.config.AppenderRef]. Searching for builder factory method...
2016-07-16 10:01:18,017 DEBUG No builder factory method found in class org.apache.logging.log4j.core.config.AppenderRef. Going to try finding a factory method instead.
2016-07-16 10:01:18,017 DEBUG Still building Plugin[name=AppenderRef, class=org.apache.logging.log4j.core.config.AppenderRef]. Searching for factory method...
2016-07-16 10:01:18,018 DEBUG Found factory method [createAppenderRef]: public static org.apache.logging.log4j.core.config.AppenderRef org.apache.logging.log4j.core.config.AppenderRef.createAppenderRef(java.lang.String,org.apache.logging.log4j.Level,org.apache.logging.log4j.core.Filter).
2016-07-16 10:01:18,018 DEBUG Calling createAppenderRef on class org.apache.logging.log4j.core.config.AppenderRef for element AppenderRef with params(name="FILE_APPENDER", name="null", null)
2016-07-16 10:01:18,019 DEBUG Built Plugin[name=AppenderRef] OK from factory method.
2016-07-16 10:01:18,019 DEBUG Building Plugin[name=asyncRoot, class=org.apache.logging.log4j.core.async.AsyncLoggerConfig$RootLogger]. Searching for builder factory method...
2016-07-16 10:01:18,019 DEBUG No builder factory method found in class org.apache.logging.log4j.core.async.AsyncLoggerConfig$RootLogger. Going to try finding a factory method instead.
2016-07-16 10:01:18,019 DEBUG Still building Plugin[name=asyncRoot, class=org.apache.logging.log4j.core.async.AsyncLoggerConfig$RootLogger]. Searching for factory method...
2016-07-16 10:01:18,019 DEBUG Found factory method [createLogger]: public static org.apache.logging.log4j.core.config.LoggerConfig org.apache.logging.log4j.core.async.AsyncLoggerConfig$RootLogger.createLogger(java.lang.String,java.lang.String,java.lang.String,org.apache.logging.log4j.core.config.AppenderRef[],org.apache.logging.log4j.core.config.Property[],org.apache.logging.log4j.core.config.Configuration,org.apache.logging.log4j.core.Filter).
2016-07-16 10:01:18,021 DEBUG Calling createLogger on class org.apache.logging.log4j.core.async.AsyncLoggerConfig$RootLogger for element asyncRoot with params(name="null", name="debug", name="null", ={FILE_APPENDER}, ={}, Configuration(asynRootConfig), null)
2016-07-16 10:01:18,021 DEBUG Built Plugin[name=asyncRoot] OK from factory method.
2016-07-16 10:01:18,021 DEBUG Building Plugin[name=loggers, class=org.apache.logging.log4j.core.config.LoggersPlugin]. Searching for builder factory method...
2016-07-16 10:01:18,021 DEBUG No builder factory method found in class org.apache.logging.log4j.core.config.LoggersPlugin. Going to try finding a factory method instead.
2016-07-16 10:01:18,022 DEBUG Still building Plugin[name=loggers, class=org.apache.logging.log4j.core.config.LoggersPlugin]. Searching for factory method...
2016-07-16 10:01:18,022 DEBUG Found factory method [createLoggers]: public static org.apache.logging.log4j.core.config.Loggers org.apache.logging.log4j.core.config.LoggersPlugin.createLoggers(org.apache.logging.log4j.core.config.LoggerConfig[]).
2016-07-16 10:01:18,022 DEBUG Calling createLoggers on class org.apache.logging.log4j.core.config.LoggersPlugin for element Loggers with params(={root})
2016-07-16 10:01:18,022 DEBUG Built Plugin[name=loggers] OK from factory method.
2016-07-16 10:01:18,022 DEBUG Started configuration XmlConfiguration[location=/home/ylyu/parallel/log4j2/log4j29/dataset/logging-log4j2/LOG4J2-1068_e7bbeceb123e60bc84186395e2a29c2a90769886/log4j-core/target/test-classes/LOG4J2-807.xml] OK.
2016-07-16 10:01:18,023 DEBUG Stopped XmlConfiguration[location=/home/ylyu/parallel/log4j2/log4j29/dataset/logging-log4j2/LOG4J2-1068_e7bbeceb123e60bc84186395e2a29c2a90769886/log4j-core/target/test-classes/LOG4J2-807.xml] OK
2016-07-16 10:01:18,023 DEBUG Unregistering MBean org.apache.logging.log4j2:type=1410328673
2016-07-16 10:01:18,023 DEBUG Unregistering MBean org.apache.logging.log4j2:type=1410328673,component=StatusLogger
2016-07-16 10:01:18,024 DEBUG Unregistering MBean org.apache.logging.log4j2:type=1410328673,component=ContextSelector
2016-07-16 10:01:18,024 DEBUG Unregistering MBean org.apache.logging.log4j2:type=1410328673,component=Loggers,name=
2016-07-16 10:01:18,024 DEBUG Unregistering MBean org.apache.logging.log4j2:type=1410328673,component=Appenders,name=FILE_APPENDER
2016-07-16 10:01:18,025 DEBUG Unregistering MBean org.apache.logging.log4j2:type=1410328673,component=Loggers,name=,subtype=RingBuffer
2016-07-16 10:01:18,025 DEBUG Registering MBean org.apache.logging.log4j2:type=1410328673
2016-07-16 10:01:18,025 DEBUG Registering MBean org.apache.logging.log4j2:type=1410328673,component=StatusLogger
2016-07-16 10:01:18,026 DEBUG Registering MBean org.apache.logging.log4j2:type=1410328673,component=ContextSelector
2016-07-16 10:01:18,026 DEBUG Registering MBean org.apache.logging.log4j2:type=1410328673,component=Loggers,name=
2016-07-16 10:01:18,026 DEBUG Registering MBean org.apache.logging.log4j2:type=1410328673,component=Loggers,name=,subtype=RingBuffer
2016-07-16 10:01:18,026 DEBUG Registering MBean org.apache.logging.log4j2:type=1410328673,component=Appenders,name=FILE_APPENDER
2016-07-16 10:01:18,027 DEBUG Reconfiguration completed for 1410328673 (org.apache.logging.log4j.core.LoggerContext@18893021)
2016-07-16 10:01:21,006 DEBUG Stopping LoggerContext[name=1410328673, org.apache.logging.log4j.core.LoggerContext@18893021]...
2016-07-16 10:01:21,006 DEBUG Unregistering MBean org.apache.logging.log4j2:type=1410328673
2016-07-16 10:01:21,007 DEBUG Unregistering MBean org.apache.logging.log4j2:type=1410328673,component=StatusLogger
2016-07-16 10:01:21,007 DEBUG Unregistering MBean org.apache.logging.log4j2:type=1410328673,component=ContextSelector
2016-07-16 10:01:21,008 DEBUG Unregistering MBean org.apache.logging.log4j2:type=1410328673,component=Loggers,name=
2016-07-16 10:01:21,008 DEBUG Unregistering MBean org.apache.logging.log4j2:type=1410328673,component=Appenders,name=FILE_APPENDER
2016-07-16 10:01:21,009 DEBUG Unregistering MBean org.apache.logging.log4j2:type=1410328673,component=Loggers,name=,subtype=RingBuffer
2016-07-16 10:01:21,009 DEBUG Shutting down RandomAccessFileManager target/LOG4J2-807.log
2016-07-16 10:01:21,010 DEBUG Stopped XmlConfiguration[location=/home/ylyu/parallel/log4j2/log4j29/dataset/logging-log4j2/LOG4J2-1068_e7bbeceb123e60bc84186395e2a29c2a90769886/log4j-core/target/test-classes/LOG4J2-807.xml] OK
2016-07-16 10:01:21,010 DEBUG Stopped LoggerContext[name=1410328673, org.apache.logging.log4j.core.LoggerContext@18893021]...
Tests run: 1, Failures: 0, Errors: 0, Skipped: 0, Time elapsed: 10.364 sec - in org.apache.logging.log4j.core.async.AsyncRootReloadTest
2016-07-16 10:01:21,641 ERROR Unable to set up error Appender. No appender named STDOUT was configured
Running org.apache.logging.log4j.core.async.AsyncLoggersWithAsyncAppenderTest
2016-07-16 10:01:21,869 ERROR No log4j2 configuration file found. Using default configuration: logging only errors to the console.
Tests run: 1, Failures: 0, Errors: 0, Skipped: 0, Time elapsed: 0.125 sec - in org.apache.logging.log4j.core.async.AsyncLoggersWithAsyncAppenderTest
Running org.apache.logging.log4j.core.async.AsyncLoggerTimestampMessageTest
Tests run: 1, Failures: 0, Errors: 0, Skipped: 0, Time elapsed: 0.579 sec - in org.apache.logging.log4j.core.async.AsyncLoggerTimestampMessageTest
Running org.apache.logging.log4j.core.async.AsyncLoggerContextSelectorTest
Tests run: 4, Failures: 0, Errors: 0, Skipped: 0, Time elapsed: 0.183 sec - in org.apache.logging.log4j.core.async.AsyncLoggerContextSelectorTest
Running org.apache.logging.log4j.core.async.AsyncLoggerContextTest
Tests run: 1, Failures: 0, Errors: 0, Skipped: 0, Time elapsed: 0.331 sec - in org.apache.logging.log4j.core.async.AsyncLoggerContextTest
Running org.apache.logging.log4j.core.async.AsyncLoggerConfigTest
Tests run: 2, Failures: 0, Errors: 0, Skipped: 0, Time elapsed: 0.54 sec - in org.apache.logging.log4j.core.async.AsyncLoggerConfigTest
Running org.apache.logging.log4j.core.async.RingBufferLogEventTest
Tests run: 5, Failures: 0, Errors: 0, Skipped: 0, Time elapsed: 0.081 sec - in org.apache.logging.log4j.core.async.RingBufferLogEventTest
Running org.apache.logging.log4j.core.async.AsyncLoggerThreadContextTest
Tests run: 1, Failures: 0, Errors: 0, Skipped: 0, Time elapsed: 0.592 sec - in org.apache.logging.log4j.core.async.AsyncLoggerThreadContextTest
Running org.apache.logging.log4j.core.async.AsyncLoggerThreadNameStrategyTest
Tests run: 5, Failures: 0, Errors: 0, Skipped: 0, Time elapsed: 0.088 sec - in org.apache.logging.log4j.core.async.AsyncLoggerThreadNameStrategyTest
Running org.apache.logging.log4j.core.async.AsyncLoggerConfigUseAfterShutdownTest
Tests run: 1, Failures: 0, Errors: 0, Skipped: 0, Time elapsed: 0.454 sec - in org.apache.logging.log4j.core.async.AsyncLoggerConfigUseAfterShutdownTest
Running org.apache.logging.log4j.core.async.AsyncLoggersWithAsyncLoggerConfigTest
2016-07-16 10:01:28,105 ERROR No log4j2 configuration file found. Using default configuration: logging only errors to the console.
Tests run: 1, Failures: 0, Errors: 0, Skipped: 0, Time elapsed: 0.131 sec - in org.apache.logging.log4j.core.async.AsyncLoggersWithAsyncLoggerConfigTest
Running org.apache.logging.log4j.core.async.AsyncLoggerConfigAutoFlushTest
Tests run: 1, Failures: 0, Errors: 0, Skipped: 0, Time elapsed: 0.536 sec - in org.apache.logging.log4j.core.async.AsyncLoggerConfigAutoFlushTest
Running org.apache.logging.log4j.core.HostNameTest
Tests run: 1, Failures: 0, Errors: 0, Skipped: 0, Time elapsed: 0.02 sec - in org.apache.logging.log4j.core.HostNameTest
Running org.apache.logging.log4j.core.jmx.ServerTest
Tests run: 10, Failures: 0, Errors: 0, Skipped: 0, Time elapsed: 0.036 sec - in org.apache.logging.log4j.core.jmx.ServerTest
Running org.apache.logging.log4j.core.pattern.StyleConverterTest
Tests run: 1, Failures: 0, Errors: 0, Skipped: 0, Time elapsed: 0.377 sec - in org.apache.logging.log4j.core.pattern.StyleConverterTest
Running org.apache.logging.log4j.core.pattern.CallerInformationTest
Tests run: 2, Failures: 0, Errors: 0, Skipped: 0, Time elapsed: 0.013 sec - in org.apache.logging.log4j.core.pattern.CallerInformationTest
Running org.apache.logging.log4j.core.pattern.MessagePatternConverterTest
Tests run: 2, Failures: 0, Errors: 0, Skipped: 0, Time elapsed: 0.195 sec - in org.apache.logging.log4j.core.pattern.MessagePatternConverterTest
Running org.apache.logging.log4j.core.pattern.ExtendedThrowablePatternConverterTest
Tests run: 3, Failures: 1, Errors: 0, Skipped: 0, Time elapsed: 0.096 sec <<< FAILURE! - in org.apache.logging.log4j.core.pattern.ExtendedThrowablePatternConverterTest
testDeserializedLogEventWithThrowableProxyButNoThrowable(org.apache.logging.log4j.core.pattern.ExtendedThrowablePatternConverterTest)  Time elapsed: 0.007 sec  <<< FAILURE!
java.lang.AssertionError: 
	at org.junit.Assert.fail(Assert.java:88)
	at org.junit.Assert.assertTrue(Assert.java:41)
	at org.apache.logging.log4j.core.pattern.ExtendedThrowablePatternConverterTest.testDeserializedLogEventWithThrowableProxyButNoThrowable(ExtendedThrowablePatternConverterTest.java:49)

Running org.apache.logging.log4j.core.pattern.RootThrowableTest
Tests run: 1, Failures: 0, Errors: 0, Skipped: 0, Time elapsed: 0.02 sec - in org.apache.logging.log4j.core.pattern.RootThrowableTest
Running org.apache.logging.log4j.core.pattern.ThrowablePatternConverterTest
Tests run: 8, Failures: 0, Errors: 0, Skipped: 0, Time elapsed: 0.075 sec - in org.apache.logging.log4j.core.pattern.ThrowablePatternConverterTest
Running org.apache.logging.log4j.core.pattern.LevelPatternConverterTest
Tests run: 8, Failures: 0, Errors: 0, Skipped: 0, Time elapsed: 0.053 sec - in org.apache.logging.log4j.core.pattern.LevelPatternConverterTest
Running org.apache.logging.log4j.core.pattern.MapPatternConverterTest
Tests run: 2, Failures: 0, Errors: 0, Skipped: 0, Time elapsed: 0.051 sec - in org.apache.logging.log4j.core.pattern.MapPatternConverterTest
Running org.apache.logging.log4j.core.pattern.FormattingInfoTest
Tests run: 3, Failures: 0, Errors: 0, Skipped: 0, Time elapsed: 0.003 sec - in org.apache.logging.log4j.core.pattern.FormattingInfoTest
Running org.apache.logging.log4j.core.pattern.LiteralPatternConverterTest
Tests run: 2, Failures: 0, Errors: 0, Skipped: 0, Time elapsed: 0.025 sec - in org.apache.logging.log4j.core.pattern.LiteralPatternConverterTest
Running org.apache.logging.log4j.core.pattern.MdcPatternConverterTest
Tests run: 3, Failures: 0, Errors: 0, Skipped: 0, Time elapsed: 0.052 sec - in org.apache.logging.log4j.core.pattern.MdcPatternConverterTest
Running org.apache.logging.log4j.core.pattern.PatternParserTest
Tests run: 6, Failures: 0, Errors: 0, Skipped: 0, Time elapsed: 0.021 sec - in org.apache.logging.log4j.core.pattern.PatternParserTest
Running org.apache.logging.log4j.core.pattern.EncodingPatternConverterTest
Tests run: 1, Failures: 0, Errors: 0, Skipped: 0, Time elapsed: 0.284 sec - in org.apache.logging.log4j.core.pattern.EncodingPatternConverterTest
Running org.apache.logging.log4j.core.pattern.RegexReplacementConverterTest
Tests run: 1, Failures: 0, Errors: 0, Skipped: 0, Time elapsed: 0.294 sec - in org.apache.logging.log4j.core.pattern.RegexReplacementConverterTest
Running org.apache.logging.log4j.core.pattern.NameAbbreviatorTest
Tests run: 7, Failures: 0, Errors: 0, Skipped: 0, Time elapsed: 0.005 sec - in org.apache.logging.log4j.core.pattern.NameAbbreviatorTest
Running org.apache.logging.log4j.core.pattern.ExtendedThrowableTest
Tests run: 1, Failures: 0, Errors: 0, Skipped: 0, Time elapsed: 0.019 sec - in org.apache.logging.log4j.core.pattern.ExtendedThrowableTest
Running org.apache.logging.log4j.core.pattern.NoConsoleNoAnsiTest
Tests run: 1, Failures: 0, Errors: 0, Skipped: 0, Time elapsed: 0.354 sec - in org.apache.logging.log4j.core.pattern.NoConsoleNoAnsiTest
Running org.apache.logging.log4j.core.pattern.MarkerPatternConverterTest
Tests run: 1, Failures: 0, Errors: 0, Skipped: 0, Time elapsed: 0.052 sec - in org.apache.logging.log4j.core.pattern.MarkerPatternConverterTest
Running org.apache.logging.log4j.core.pattern.ThrowableTest
Tests run: 1, Failures: 0, Errors: 0, Skipped: 0, Time elapsed: 0.013 sec - in org.apache.logging.log4j.core.pattern.ThrowableTest
Running org.apache.logging.log4j.core.pattern.RootThrowablePatternConverterTest
Tests run: 2, Failures: 0, Errors: 0, Skipped: 0, Time elapsed: 0.063 sec - in org.apache.logging.log4j.core.pattern.RootThrowablePatternConverterTest
Running org.apache.logging.log4j.core.pattern.DatePatternConverterTest
Tests run: 9, Failures: 0, Errors: 0, Skipped: 0, Time elapsed: 0.054 sec - in org.apache.logging.log4j.core.pattern.DatePatternConverterTest
Running org.apache.logging.log4j.core.pattern.RegexReplacementTest
Tests run: 2, Failures: 0, Errors: 0, Skipped: 0, Time elapsed: 0.012 sec - in org.apache.logging.log4j.core.pattern.RegexReplacementTest
Running org.apache.logging.log4j.core.layout.SerializedLayoutTest
Tests run: 3, Failures: 0, Errors: 0, Skipped: 0, Time elapsed: 0.071 sec - in org.apache.logging.log4j.core.layout.SerializedLayoutTest
Running org.apache.logging.log4j.core.layout.PatternLayoutTest
Tests run: 13, Failures: 0, Errors: 0, Skipped: 0, Time elapsed: 0.016 sec - in org.apache.logging.log4j.core.layout.PatternLayoutTest
Running org.apache.logging.log4j.core.layout.SyslogLayoutTest
Tests run: 1, Failures: 0, Errors: 0, Skipped: 0, Time elapsed: 0.016 sec - in org.apache.logging.log4j.core.layout.SyslogLayoutTest
Running org.apache.logging.log4j.core.layout.GelfLayoutTest
Tests run: 3, Failures: 0, Errors: 0, Skipped: 0, Time elapsed: 0.351 sec - in org.apache.logging.log4j.core.layout.GelfLayoutTest
Running org.apache.logging.log4j.core.layout.XmlLayoutTest
Tests run: 6, Failures: 0, Errors: 0, Skipped: 0, Time elapsed: 0.64 sec - in org.apache.logging.log4j.core.layout.XmlLayoutTest
Running org.apache.logging.log4j.core.layout.Rfc5424LayoutTest
Tests run: 8, Failures: 0, Errors: 0, Skipped: 0, Time elapsed: 0.051 sec - in org.apache.logging.log4j.core.layout.Rfc5424LayoutTest
Running org.apache.logging.log4j.core.layout.JsonLayoutTest
Tests run: 8, Failures: 0, Errors: 0, Skipped: 0, Time elapsed: 0.558 sec - in org.apache.logging.log4j.core.layout.JsonLayoutTest
Running org.apache.logging.log4j.core.layout.HtmlLayoutTest
Tests run: 5, Failures: 0, Errors: 0, Skipped: 0, Time elapsed: 0.014 sec - in org.apache.logging.log4j.core.layout.HtmlLayoutTest
Running org.apache.logging.log4j.core.appender.TlsSyslogFrameTest
Tests run: 5, Failures: 0, Errors: 0, Skipped: 0, Time elapsed: 0.003 sec - in org.apache.logging.log4j.core.appender.TlsSyslogFrameTest
Running org.apache.logging.log4j.core.appender.ConsoleAppenderTest
Test
Tests run: 4, Failures: 0, Errors: 0, Skipped: 0, Time elapsed: 0.326 sec - in org.apache.logging.log4j.core.appender.ConsoleAppenderTest
Running org.apache.logging.log4j.core.appender.XmlFileAppenderTest
Tests run: 1, Failures: 0, Errors: 0, Skipped: 0, Time elapsed: 0.845 sec - in org.apache.logging.log4j.core.appender.XmlFileAppenderTest
Running org.apache.logging.log4j.core.appender.AsyncAppenderTest
Tests run: 2, Failures: 0, Errors: 0, Skipped: 0, Time elapsed: 0.236 sec - in org.apache.logging.log4j.core.appender.AsyncAppenderTest
Running org.apache.logging.log4j.core.appender.XmlCompactFileAppenderTest
Tests run: 1, Failures: 0, Errors: 0, Skipped: 0, Time elapsed: 0.867 sec - in org.apache.logging.log4j.core.appender.XmlCompactFileAppenderTest
Running org.apache.logging.log4j.core.appender.JsonCompleteFileAppenderTest
Tests run: 1, Failures: 0, Errors: 0, Skipped: 0, Time elapsed: 0.649 sec - in org.apache.logging.log4j.core.appender.JsonCompleteFileAppenderTest
Running org.apache.logging.log4j.core.appender.mom.JmsAppenderTest
Tests run: 3, Failures: 0, Errors: 0, Skipped: 0, Time elapsed: 0.482 sec - in org.apache.logging.log4j.core.appender.mom.JmsAppenderTest
Running org.apache.logging.log4j.core.appender.rolling.RollingAppenderTimeAndSizeTest
Tests run: 1, Failures: 0, Errors: 0, Skipped: 0, Time elapsed: 0.504 sec - in org.apache.logging.log4j.core.appender.rolling.RollingAppenderTimeAndSizeTest
Running org.apache.logging.log4j.core.appender.rolling.action.FileRenameActionTest
Tests run: 3, Failures: 0, Errors: 0, Skipped: 0, Time elapsed: 0.03 sec - in org.apache.logging.log4j.core.appender.rolling.action.FileRenameActionTest
Running org.apache.logging.log4j.core.appender.rolling.RollingAppenderUncompressedTest
Tests run: 1, Failures: 0, Errors: 0, Skipped: 0, Time elapsed: 0.062 sec - in org.apache.logging.log4j.core.appender.rolling.RollingAppenderUncompressedTest
Running org.apache.logging.log4j.core.appender.rolling.PatternProcessorTest
Tests run: 11, Failures: 0, Errors: 0, Skipped: 0, Time elapsed: 0.137 sec - in org.apache.logging.log4j.core.appender.rolling.PatternProcessorTest
Running org.apache.logging.log4j.core.appender.rolling.OnStartupTriggeringPolicyTest
Tests run: 1, Failures: 0, Errors: 0, Skipped: 0, Time elapsed: 0.142 sec - in org.apache.logging.log4j.core.appender.rolling.OnStartupTriggeringPolicyTest
Running org.apache.logging.log4j.core.appender.rolling.RollingFileAppenderAccessTest
Tests run: 1, Failures: 0, Errors: 0, Skipped: 0, Time elapsed: 0.339 sec - in org.apache.logging.log4j.core.appender.rolling.RollingFileAppenderAccessTest
Running org.apache.logging.log4j.core.appender.rolling.RollingRandomAccessFileManagerTest
Tests run: 6, Failures: 0, Errors: 0, Skipped: 0, Time elapsed: 0.161 sec - in org.apache.logging.log4j.core.appender.rolling.RollingRandomAccessFileManagerTest
Running org.apache.logging.log4j.core.appender.rolling.RollingAppenderTimeTest
Tests run: 1, Failures: 0, Errors: 0, Skipped: 0, Time elapsed: 1.928 sec - in org.apache.logging.log4j.core.appender.rolling.RollingAppenderTimeTest
Running org.apache.logging.log4j.core.appender.rolling.RollingAppenderSizeTest
Tests run: 2, Failures: 0, Errors: 0, Skipped: 0, Time elapsed: 0.624 sec - in org.apache.logging.log4j.core.appender.rolling.RollingAppenderSizeTest
Running org.apache.logging.log4j.core.appender.rolling.RollingRandomAccessFileManagerHeaderFooterTest
Tests run: 1, Failures: 0, Errors: 0, Skipped: 0, Time elapsed: 0.897 sec - in org.apache.logging.log4j.core.appender.rolling.RollingRandomAccessFileManagerHeaderFooterTest
Running org.apache.logging.log4j.core.appender.MemoryMappedFileManagerTest
Tests run: 2, Failures: 0, Errors: 0, Skipped: 0, Time elapsed: 0.082 sec - in org.apache.logging.log4j.core.appender.MemoryMappedFileManagerTest
Running org.apache.logging.log4j.core.appender.SmtpAppenderTest
Tests run: 6, Failures: 0, Errors: 0, Skipped: 0, Time elapsed: 0.446 sec - in org.apache.logging.log4j.core.appender.SmtpAppenderTest
Running org.apache.logging.log4j.core.appender.XmlCompactFileAsyncAppenderValidationTest
Tests run: 1, Failures: 0, Errors: 0, Skipped: 1, Time elapsed: 0.002 sec - in org.apache.logging.log4j.core.appender.XmlCompactFileAsyncAppenderValidationTest
Running org.apache.logging.log4j.core.appender.AsyncAppenderNoLocationTest
Tests run: 1, Failures: 0, Errors: 0, Skipped: 0, Time elapsed: 0.568 sec - in org.apache.logging.log4j.core.appender.AsyncAppenderNoLocationTest
Running org.apache.logging.log4j.core.appender.routing.RoutingAppenderTest
Tests run: 1, Failures: 0, Errors: 0, Skipped: 0, Time elapsed: 0.456 sec - in org.apache.logging.log4j.core.appender.routing.RoutingAppenderTest
Running org.apache.logging.log4j.core.appender.routing.RoutingAppenderWithJndiTest
Context [Test ] This is a message from unknown context
Context [Test ] This is a message from Application1
Context [Test ] This is a message from Application2
Context [Test ] This is another message from Application2
Context [Test ] This is a message from Application3
Context [Test ] This is a message from Application4
Tests run: 1, Failures: 0, Errors: 0, Skipped: 0, Time elapsed: 0.602 sec - in org.apache.logging.log4j.core.appender.routing.RoutingAppenderWithJndiTest
Running org.apache.logging.log4j.core.appender.routing.JsonRoutingAppenderTest
2016-07-16 10:02:08,065 ERROR No log4j2 configuration file found. Using default configuration: logging only errors to the console.
Tests run: 1, Failures: 0, Errors: 0, Skipped: 0, Time elapsed: 0.039 sec - in org.apache.logging.log4j.core.appender.routing.JsonRoutingAppenderTest
Running org.apache.logging.log4j.core.appender.routing.RoutingDefaultAppenderTest
Tests run: 1, Failures: 0, Errors: 0, Skipped: 0, Time elapsed: 0.389 sec - in org.apache.logging.log4j.core.appender.routing.RoutingDefaultAppenderTest
Running org.apache.logging.log4j.core.appender.routing.JsonRoutingAppender2Test
2016-07-16 10:02:12,922 ERROR No log4j2 configuration file found. Using default configuration: logging only errors to the console.
Tests run: 1, Failures: 0, Errors: 0, Skipped: 0, Time elapsed: 0.044 sec - in org.apache.logging.log4j.core.appender.routing.JsonRoutingAppender2Test
Running org.apache.logging.log4j.core.appender.FileAppenderTest
Tests run: 6, Failures: 0, Errors: 0, Skipped: 1, Time elapsed: 3.367 sec - in org.apache.logging.log4j.core.appender.FileAppenderTest
Running org.apache.logging.log4j.core.appender.XmlCompleteFileAppenderTest
Tests run: 1, Failures: 0, Errors: 0, Skipped: 0, Time elapsed: 0.862 sec - in org.apache.logging.log4j.core.appender.XmlCompleteFileAppenderTest
Running org.apache.logging.log4j.core.appender.RollingRandomAccessFileAppenderRolloverTest
Tests run: 1, Failures: 0, Errors: 0, Skipped: 0, Time elapsed: 0.588 sec - in org.apache.logging.log4j.core.appender.RollingRandomAccessFileAppenderRolloverTest
Running org.apache.logging.log4j.core.appender.OutputStreamAppenderTest
Tests run: 1, Failures: 0, Errors: 0, Skipped: 0, Time elapsed: 0.19 sec - in org.apache.logging.log4j.core.appender.OutputStreamAppenderTest
Running org.apache.logging.log4j.core.appender.SocketAppenderTest
Tests run: 5, Failures: 0, Errors: 0, Skipped: 0, Time elapsed: 0.413 sec - in org.apache.logging.log4j.core.appender.SocketAppenderTest
Running org.apache.logging.log4j.core.appender.TlsSyslogAppenderTest
Tests run: 9, Failures: 0, Errors: 0, Skipped: 0, Time elapsed: 3.385 sec - in org.apache.logging.log4j.core.appender.TlsSyslogAppenderTest
Running org.apache.logging.log4j.core.appender.FailoverAppenderTest
Tests run: 2, Failures: 0, Errors: 0, Skipped: 0, Time elapsed: 1.595 sec - in org.apache.logging.log4j.core.appender.FailoverAppenderTest
Running org.apache.logging.log4j.core.appender.MemoryMappedFileAppenderLocationTest
Tests run: 1, Failures: 0, Errors: 0, Skipped: 0, Time elapsed: 0.465 sec - in org.apache.logging.log4j.core.appender.MemoryMappedFileAppenderLocationTest
Running org.apache.logging.log4j.core.appender.SyslogAppenderTest
Tests run: 5, Failures: 0, Errors: 0, Skipped: 0, Time elapsed: 1.466 sec - in org.apache.logging.log4j.core.appender.SyslogAppenderTest
Running org.apache.logging.log4j.core.appender.db.jpa.converter.StackTraceElementAttributeConverterTest
Tests run: 6, Failures: 0, Errors: 0, Skipped: 0, Time elapsed: 0.006 sec - in org.apache.logging.log4j.core.appender.db.jpa.converter.StackTraceElementAttributeConverterTest
Running org.apache.logging.log4j.core.appender.db.jpa.converter.ThrowableAttributeConverterTest
Tests run: 4, Failures: 0, Errors: 0, Skipped: 0, Time elapsed: 0.052 sec - in org.apache.logging.log4j.core.appender.db.jpa.converter.ThrowableAttributeConverterTest
Running org.apache.logging.log4j.core.appender.db.jpa.converter.ContextStackJsonAttributeConverterTest
Tests run: 4, Failures: 0, Errors: 0, Skipped: 0, Time elapsed: 0.312 sec - in org.apache.logging.log4j.core.appender.db.jpa.converter.ContextStackJsonAttributeConverterTest
Running org.apache.logging.log4j.core.appender.db.jpa.converter.ContextMapJsonAttributeConverterTest
Tests run: 4, Failures: 0, Errors: 0, Skipped: 0, Time elapsed: 0.291 sec - in org.apache.logging.log4j.core.appender.db.jpa.converter.ContextMapJsonAttributeConverterTest
Running org.apache.logging.log4j.core.appender.db.jpa.converter.ContextMapAttributeConverterTest
Tests run: 4, Failures: 0, Errors: 0, Skipped: 0, Time elapsed: 0.005 sec - in org.apache.logging.log4j.core.appender.db.jpa.converter.ContextMapAttributeConverterTest
Running org.apache.logging.log4j.core.appender.db.jpa.converter.MessageAttributeConverterTest
Tests run: 3, Failures: 0, Errors: 0, Skipped: 0, Time elapsed: 0.008 sec - in org.apache.logging.log4j.core.appender.db.jpa.converter.MessageAttributeConverterTest
Running org.apache.logging.log4j.core.appender.db.jpa.converter.MarkerAttributeConverterTest
Tests run: 4, Failures: 0, Errors: 0, Skipped: 0, Time elapsed: 0.006 sec - in org.apache.logging.log4j.core.appender.db.jpa.converter.MarkerAttributeConverterTest
Running org.apache.logging.log4j.core.appender.db.jpa.converter.ContextStackAttributeConverterTest
Tests run: 4, Failures: 0, Errors: 0, Skipped: 0, Time elapsed: 0.005 sec - in org.apache.logging.log4j.core.appender.db.jpa.converter.ContextStackAttributeConverterTest
Running org.apache.logging.log4j.core.appender.db.jpa.JpaH2AppenderTest
[EL Info]: server: 2016-07-16 10:02:34.07--ServerSession(262977498)--Detected server platform: org.eclipse.persistence.platform.server.NoServerPlatform.
[EL Info]: server: 2016-07-16 10:02:34.725--ServerSession(262977498)--Detected server platform: org.eclipse.persistence.platform.server.NoServerPlatform.
[EL Info]: 2016-07-16 10:02:34.787--ServerSession(262977498)--EclipseLink, version: Eclipse Persistence Services - 2.6.0.v20150309-bf26070
[EL Info]: connection: 2016-07-16 10:02:34.907--ServerSession(262977498)--/file:/home/ylyu/parallel/log4j2/log4j29/dataset/logging-log4j2/LOG4J2-1068_e7bbeceb123e60bc84186395e2a29c2a90769886/log4j-core/target/test-classes/_h2JpaAppenderTestUnit login successful
[EL Info]: connection: 2016-07-16 10:02:34.974--ServerSession(262977498)--/file:/home/ylyu/parallel/log4j2/log4j29/dataset/logging-log4j2/LOG4J2-1068_e7bbeceb123e60bc84186395e2a29c2a90769886/log4j-core/target/test-classes/_h2JpaAppenderTestUnit logout successful
[EL Warning]: 2016-07-16 10:02:34.975--session_manager_no_partition
[EL Info]: server: 2016-07-16 10:02:35.073--ServerSession(1977068326)--Detected server platform: org.eclipse.persistence.platform.server.NoServerPlatform.
[EL Info]: server: 2016-07-16 10:02:35.181--ServerSession(1977068326)--Detected server platform: org.eclipse.persistence.platform.server.NoServerPlatform.
[EL Info]: 2016-07-16 10:02:35.183--ServerSession(1977068326)--EclipseLink, version: Eclipse Persistence Services - 2.6.0.v20150309-bf26070
[EL Info]: connection: 2016-07-16 10:02:35.186--ServerSession(1977068326)--/file:/home/ylyu/parallel/log4j2/log4j29/dataset/logging-log4j2/LOG4J2-1068_e7bbeceb123e60bc84186395e2a29c2a90769886/log4j-core/target/test-classes/_h2JpaAppenderTestUnit login successful
[EL Info]: connection: 2016-07-16 10:02:35.22--ServerSession(1977068326)--/file:/home/ylyu/parallel/log4j2/log4j29/dataset/logging-log4j2/LOG4J2-1068_e7bbeceb123e60bc84186395e2a29c2a90769886/log4j-core/target/test-classes/_h2JpaAppenderTestUnit logout successful
[EL Warning]: 2016-07-16 10:02:35.22--session_manager_no_partition
Tests run: 2, Failures: 0, Errors: 0, Skipped: 0, Time elapsed: 2.272 sec - in org.apache.logging.log4j.core.appender.db.jpa.JpaH2AppenderTest
Running org.apache.logging.log4j.core.appender.db.jpa.JpaHyperSqlAppenderTest
[EL Info]: server: 2016-07-16 10:02:36.796--ServerSession(105408728)--Detected server platform: org.eclipse.persistence.platform.server.NoServerPlatform.
[EL Info]: server: 2016-07-16 10:02:37.417--ServerSession(105408728)--Detected server platform: org.eclipse.persistence.platform.server.NoServerPlatform.
[EL Info]: 2016-07-16 10:02:37.478--ServerSession(105408728)--EclipseLink, version: Eclipse Persistence Services - 2.6.0.v20150309-bf26070
[EL Info]: connection: 2016-07-16 10:02:37.598--ServerSession(105408728)--/file:/home/ylyu/parallel/log4j2/log4j29/dataset/logging-log4j2/LOG4J2-1068_e7bbeceb123e60bc84186395e2a29c2a90769886/log4j-core/target/test-classes/_hyperSqlJpaAppenderTestUnit login successful
[EL Info]: connection: 2016-07-16 10:02:37.663--ServerSession(105408728)--/file:/home/ylyu/parallel/log4j2/log4j29/dataset/logging-log4j2/LOG4J2-1068_e7bbeceb123e60bc84186395e2a29c2a90769886/log4j-core/target/test-classes/_hyperSqlJpaAppenderTestUnit logout successful
[EL Warning]: 2016-07-16 10:02:37.663--session_manager_no_partition
[EL Info]: server: 2016-07-16 10:02:37.829--ServerSession(523367798)--Detected server platform: org.eclipse.persistence.platform.server.NoServerPlatform.
[EL Info]: server: 2016-07-16 10:02:37.946--ServerSession(523367798)--Detected server platform: org.eclipse.persistence.platform.server.NoServerPlatform.
[EL Info]: 2016-07-16 10:02:37.952--ServerSession(523367798)--EclipseLink, version: Eclipse Persistence Services - 2.6.0.v20150309-bf26070
[EL Info]: connection: 2016-07-16 10:02:37.958--ServerSession(523367798)--/file:/home/ylyu/parallel/log4j2/log4j29/dataset/logging-log4j2/LOG4J2-1068_e7bbeceb123e60bc84186395e2a29c2a90769886/log4j-core/target/test-classes/_hyperSqlJpaAppenderTestUnit login successful
[EL Info]: connection: 2016-07-16 10:02:37.983--ServerSession(523367798)--/file:/home/ylyu/parallel/log4j2/log4j29/dataset/logging-log4j2/LOG4J2-1068_e7bbeceb123e60bc84186395e2a29c2a90769886/log4j-core/target/test-classes/_hyperSqlJpaAppenderTestUnit logout successful
[EL Warning]: 2016-07-16 10:02:37.984--session_manager_no_partition
Tests run: 8, Failures: 0, Errors: 0, Skipped: 0, Time elapsed: 2.425 sec - in org.apache.logging.log4j.core.appender.db.jpa.JpaHyperSqlAppenderTest
Running org.apache.logging.log4j.core.appender.db.jdbc.JdbcH2AppenderTest
Tests run: 2, Failures: 0, Errors: 0, Skipped: 0, Time elapsed: 1.331 sec - in org.apache.logging.log4j.core.appender.db.jdbc.JdbcH2AppenderTest
Running org.apache.logging.log4j.core.appender.db.jdbc.ColumnConfigTest
Tests run: 14, Failures: 0, Errors: 0, Skipped: 0, Time elapsed: 0.185 sec - in org.apache.logging.log4j.core.appender.db.jdbc.ColumnConfigTest
Running org.apache.logging.log4j.core.appender.db.jdbc.DataSourceConnectionSourceTest
Tests run: 8, Failures: 0, Errors: 0, Skipped: 0, Time elapsed: 0.197 sec - in org.apache.logging.log4j.core.appender.db.jdbc.DataSourceConnectionSourceTest
Running org.apache.logging.log4j.core.appender.db.jdbc.FactoryMethodConnectionSourceTest
Tests run: 7, Failures: 0, Errors: 0, Skipped: 0, Time elapsed: 0.043 sec - in org.apache.logging.log4j.core.appender.db.jdbc.FactoryMethodConnectionSourceTest
Running org.apache.logging.log4j.core.appender.db.jdbc.JdbcHyperSqlAppenderTest
Tests run: 2, Failures: 0, Errors: 0, Skipped: 0, Time elapsed: 1.058 sec - in org.apache.logging.log4j.core.appender.db.jdbc.JdbcHyperSqlAppenderTest
Running org.apache.logging.log4j.core.appender.db.AbstractDatabaseManagerTest
Tests run: 8, Failures: 0, Errors: 0, Skipped: 0, Time elapsed: 0.204 sec - in org.apache.logging.log4j.core.appender.db.AbstractDatabaseManagerTest
Running org.apache.logging.log4j.core.appender.db.AbstractDatabaseAppenderTest
Tests run: 5, Failures: 0, Errors: 0, Skipped: 0, Time elapsed: 0.227 sec - in org.apache.logging.log4j.core.appender.db.AbstractDatabaseAppenderTest
Running org.apache.logging.log4j.core.appender.MemoryMappedFileAppenderSimpleTest
Tests run: 1, Failures: 0, Errors: 0, Skipped: 0, Time elapsed: 0.396 sec - in org.apache.logging.log4j.core.appender.MemoryMappedFileAppenderSimpleTest
Running org.apache.logging.log4j.core.appender.MemoryMappedFileAppenderRemapTest
Tests run: 1, Failures: 0, Errors: 0, Skipped: 0, Time elapsed: 0.471 sec - in org.apache.logging.log4j.core.appender.MemoryMappedFileAppenderRemapTest
Running org.apache.logging.log4j.core.appender.rewrite.LoggerNameLevelRewritePolicyTest
Tests run: 1, Failures: 0, Errors: 0, Skipped: 0, Time elapsed: 0.058 sec - in org.apache.logging.log4j.core.appender.rewrite.LoggerNameLevelRewritePolicyTest
Running org.apache.logging.log4j.core.appender.rewrite.MapRewritePolicyTest
Tests run: 3, Failures: 0, Errors: 0, Skipped: 0, Time elapsed: 0.027 sec - in org.apache.logging.log4j.core.appender.rewrite.MapRewritePolicyTest
Running org.apache.logging.log4j.core.appender.rewrite.RewriteAppenderTest
Tests run: 3, Failures: 0, Errors: 0, Skipped: 0, Time elapsed: 0.483 sec - in org.apache.logging.log4j.core.appender.rewrite.RewriteAppenderTest
Running org.apache.logging.log4j.core.appender.RandomAccessFileManagerTest
Tests run: 5, Failures: 0, Errors: 0, Skipped: 0, Time elapsed: 0.054 sec - in org.apache.logging.log4j.core.appender.RandomAccessFileManagerTest
Running org.apache.logging.log4j.core.appender.XmlCompactFileAppenderValidationTest
Tests run: 1, Failures: 0, Errors: 0, Skipped: 1, Time elapsed: 0.001 sec - in org.apache.logging.log4j.core.appender.XmlCompactFileAppenderValidationTest
Running org.apache.logging.log4j.core.appender.XmlRandomAccessFileAppenderTest
Tests run: 1, Failures: 0, Errors: 0, Skipped: 1, Time elapsed: 0.001 sec - in org.apache.logging.log4j.core.appender.XmlRandomAccessFileAppenderTest
Running org.apache.logging.log4j.core.CollectionLoggingTest
Tests run: 4, Failures: 0, Errors: 0, Skipped: 0, Time elapsed: 0.074 sec - in org.apache.logging.log4j.core.CollectionLoggingTest

Results :

Failed tests: 
  ExtendedThrowablePatternConverterTest.testDeserializedLogEventWithThrowableProxyButNoThrowable:49 

Tests run: 767, Failures: 1, Errors: 0, Skipped: 29

[INFO] ------------------------------------------------------------------------
[INFO] BUILD FAILURE
[INFO] ------------------------------------------------------------------------
[INFO] Total time: 03:21 min
[INFO] Finished at: 2016-07-16T10:02:50-07:00
[INFO] Final Memory: 20M/927M
[INFO] ------------------------------------------------------------------------
[ERROR] Failed to execute goal org.apache.maven.plugins:maven-surefire-plugin:2.18.1:test (default-test) on project log4j-core: There are test failures.
[ERROR] 
[ERROR] Please refer to /home/ylyu/parallel/log4j2/log4j29/dataset/logging-log4j2/LOG4J2-1068_e7bbeceb123e60bc84186395e2a29c2a90769886/log4j-core/target/surefire-reports for the individual test results.
[ERROR] -> [Help 1]
[ERROR] 
[ERROR] To see the full stack trace of the errors, re-run Maven with the -e switch.
[ERROR] Re-run Maven using the -X switch to enable full debug logging.
[ERROR] 
[ERROR] For more information about the errors and possible solutions, please read the following articles:
[ERROR] [Help 1] http://cwiki.apache.org/confluence/display/MAVEN/MojoFailureException
