[INFO] Scanning for projects...
[INFO]                                                                         
[INFO] ------------------------------------------------------------------------
[INFO] Building Wicket Extensions 6.0-SNAPSHOT
[INFO] ------------------------------------------------------------------------
[INFO] 
[INFO] --- maven-remote-resources-plugin:1.2.1:process (default) @ wicket-extensions ---
[INFO] 
[INFO] --- maven-resources-plugin:2.5:resources (default-resources) @ wicket-extensions ---
[debug] execute contextualize
[INFO] Using 'UTF-8' encoding to copy filtered resources.
[INFO] Copying 137 resources
[INFO] skip non existing resourceDirectory /home/ylyu/dataset/wicket3/dataset/wicket/WICKET-4477_2624d2db86bb3762a1e6e51691d02127dcbf229c/wicket-extensions/src/main/resources
[INFO] Copying 3 resources
[INFO] 
[INFO] --- yuicompressor-maven-plugin:1.3.0:compress (default) @ wicket-extensions ---
[INFO] RatingPanel.css (1061b) -> RatingPanel.min.css (194b)[18%]
[INFO] tree.js (5166b) -> tree.min.js (2012b)[38%]
[INFO] tree.css (3181b) -> tree.min.css (2018b)[63%]
[INFO] tree-table.css (5329b) -> tree-table.min.css (3655b)[68%]
[INFO] base-tree.css (2988b) -> base-tree.min.css (1950b)[65%]
[INFO] nothing to do, /home/ylyu/dataset/wicket3/dataset/wicket/WICKET-4477_2624d2db86bb3762a1e6e51691d02127dcbf229c/wicket-extensions/target/classes/org/apache/wicket/extensions/markup/html/form/palette/palette.min.js is younger than original, use 'force' option or clean your target
[INFO] nothing to do, /home/ylyu/dataset/wicket3/dataset/wicket/WICKET-4477_2624d2db86bb3762a1e6e51691d02127dcbf229c/wicket-extensions/target/classes/org/apache/wicket/extensions/markup/html/form/palette/palette.min.css is younger than original, use 'force' option or clean your target
[INFO] nothing to do, /home/ylyu/dataset/wicket3/dataset/wicket/WICKET-4477_2624d2db86bb3762a1e6e51691d02127dcbf229c/wicket-extensions/target/classes/org/apache/wicket/extensions/markup/html/repeater/tree/theme/windows/theme.min.css is younger than original, use 'force' option or clean your target
[INFO] nothing to do, /home/ylyu/dataset/wicket3/dataset/wicket/WICKET-4477_2624d2db86bb3762a1e6e51691d02127dcbf229c/wicket-extensions/target/classes/org/apache/wicket/extensions/markup/html/repeater/tree/theme/human/theme.min.css is younger than original, use 'force' option or clean your target
[INFO] nothing to do, /home/ylyu/dataset/wicket3/dataset/wicket/WICKET-4477_2624d2db86bb3762a1e6e51691d02127dcbf229c/wicket-extensions/target/classes/org/apache/wicket/extensions/wizard/Wizard.min.css is younger than original, use 'force' option or clean your target
[INFO] nothing to do, /home/ylyu/dataset/wicket3/dataset/wicket/WICKET-4477_2624d2db86bb3762a1e6e51691d02127dcbf229c/wicket-extensions/target/classes/org/apache/wicket/extensions/ajax/markup/html/autocomplete/DefaultCssAutoCompleteTextField.min.css is younger than original, use 'force' option or clean your target
[INFO] nothing to do, /home/ylyu/dataset/wicket3/dataset/wicket/WICKET-4477_2624d2db86bb3762a1e6e51691d02127dcbf229c/wicket-extensions/target/classes/org/apache/wicket/extensions/ajax/markup/html/autocomplete/wicket-autocomplete.min.js is younger than original, use 'force' option or clean your target
[INFO] nothing to do, /home/ylyu/dataset/wicket3/dataset/wicket/WICKET-4477_2624d2db86bb3762a1e6e51691d02127dcbf229c/wicket-extensions/target/classes/org/apache/wicket/extensions/ajax/markup/html/form/upload/progressbar.min.js is younger than original, use 'force' option or clean your target
[INFO] nothing to do, /home/ylyu/dataset/wicket3/dataset/wicket/WICKET-4477_2624d2db86bb3762a1e6e51691d02127dcbf229c/wicket-extensions/target/classes/org/apache/wicket/extensions/ajax/markup/html/form/upload/UploadProgressBar.min.css is younger than original, use 'force' option or clean your target
[INFO] nothing to do, /home/ylyu/dataset/wicket3/dataset/wicket/WICKET-4477_2624d2db86bb3762a1e6e51691d02127dcbf229c/wicket-extensions/target/classes/org/apache/wicket/extensions/ajax/markup/html/modal/res/modal.min.js is younger than original, use 'force' option or clean your target
[INFO] nothing to do, /home/ylyu/dataset/wicket3/dataset/wicket/WICKET-4477_2624d2db86bb3762a1e6e51691d02127dcbf229c/wicket-extensions/target/classes/org/apache/wicket/extensions/ajax/markup/html/modal/res/modal.min.css is younger than original, use 'force' option or clean your target
[INFO] total input (17725b) -> output (9829b)[55%]
[INFO] nb warnings: 0, nb errors: 0
[INFO] 
[INFO] --- maven-compiler-plugin:2.3.2:compile (default-compile) @ wicket-extensions ---
[INFO] Nothing to compile - all classes are up to date
[INFO] 
[INFO] --- maven-bundle-plugin:2.3.7:manifest (bundle-manifest) @ wicket-extensions ---
[INFO] 
[INFO] --- maven-resources-plugin:2.5:testResources (default-testResources) @ wicket-extensions ---
[debug] execute contextualize
[INFO] Using 'UTF-8' encoding to copy filtered resources.
[INFO] Copying 6 resources
[INFO] Copying 3 resources
[INFO] 
[INFO] --- maven-compiler-plugin:2.3.2:testCompile (default-testCompile) @ wicket-extensions ---
[INFO] Nothing to compile - all classes are up to date
[INFO] 
[INFO] --- maven-surefire-plugin:2.11:test (default-test) @ wicket-extensions ---
[INFO] Surefire report directory: /home/ylyu/dataset/wicket3/dataset/wicket/WICKET-4477_2624d2db86bb3762a1e6e51691d02127dcbf229c/wicket-extensions/target/surefire-reports
[INFO] Using configured provider org.apache.maven.surefire.junitcore.JUnitCoreProvider

-------------------------------------------------------
 T E S T S
-------------------------------------------------------
Concurrency config is parallel='none', perCoreThreadCount=true, threadCount=2, useUnlimitedThreads=false
Running org.apache.wicket.extensions.markup.html.upload.UploadFormWithProgressBarTest
log4j:WARN No appenders could be found for logger (org.apache.wicket.Application).
log4j:WARN Please initialize the log4j system properly.
log4j:WARN See http://logging.apache.org/log4j/1.2/faq.html#noconfig for more info.
Tests run: 1, Failures: 0, Errors: 0, Skipped: 0, Time elapsed: 1.938 sec
Running org.apache.wicket.extensions.markup.html.tree.MoveChildToParentNodeMarkedForRecreationTest
Tests run: 1, Failures: 0, Errors: 0, Skipped: 0, Time elapsed: 0.228 sec
Running org.apache.wicket.extensions.markup.html.tree.TreeTest
Tests run: 3, Failures: 0, Errors: 0, Skipped: 0, Time elapsed: 0.326 sec
Running org.apache.wicket.extensions.markup.html.image.resource.ThumbnailImageResourceTest
Tests run: 1, Failures: 0, Errors: 0, Skipped: 0, Time elapsed: 0.38 sec
Running org.apache.wicket.extensions.markup.html.AjaxLazyLoadPanelTesterTest
Tests run: 1, Failures: 0, Errors: 0, Skipped: 0, Time elapsed: 0.056 sec
Running org.apache.wicket.extensions.markup.html.form.palette.PaletteTest
Tests run: 3, Failures: 0, Errors: 0, Skipped: 0, Time elapsed: 0.673 sec
Running org.apache.wicket.extensions.markup.html.form.select.SelectTest
Tests run: 1, Failures: 0, Errors: 0, Skipped: 0, Time elapsed: 0.067 sec
Running org.apache.wicket.extensions.markup.html.repeater.tree.table.TreeDataProviderTest
Tests run: 1, Failures: 0, Errors: 0, Skipped: 0, Time elapsed: 0.002 sec
Running org.apache.wicket.extensions.markup.html.repeater.tree.table.NodeModelTest
Tests run: 1, Failures: 0, Errors: 0, Skipped: 0, Time elapsed: 0.001 sec
Running org.apache.wicket.extensions.markup.html.repeater.data.table.DataTableTest
Tests run: 3, Failures: 0, Errors: 0, Skipped: 0, Time elapsed: 2.256 sec
Running org.apache.wicket.extensions.markup.html.repeater.util.TreeModelProviderTest
Tests run: 2, Failures: 0, Errors: 0, Skipped: 0, Time elapsed: 0.001 sec
Running org.apache.wicket.extensions.markup.html.repeater.util.ProviderSubsetTest
Tests run: 1, Failures: 0, Errors: 0, Skipped: 0, Time elapsed: 0.001 sec
Running org.apache.wicket.extensions.wizard.WizardModelTest
Tests run: 1, Failures: 0, Errors: 0, Skipped: 0, Time elapsed: 0.002 sec
Running org.apache.wicket.extensions.validation.validator.RfcCompliantEmailValidatorTest
Tests run: 2, Failures: 0, Errors: 0, Skipped: 0, Time elapsed: 0.005 sec
Running org.apache.wicket.extensions.ajax.markup.html.AjaxEditableTest
Tests run: 4, Failures: 0, Errors: 0, Skipped: 0, Time elapsed: 0.039 sec
Running org.apache.wicket.util.markup.xhtml.WellFormedXmlTest
Tests run: 1, Failures: 0, Errors: 0, Skipped: 0, Time elapsed: 0.094 sec
Running org.apache.wicket.util.license.ApacheLicenceHeaderTest
Tests run: 1, Failures: 0, Errors: 0, Skipped: 0, Time elapsed: 0.096 sec
Running org.apache.wicket.extensions.markup.html.basic.DefaultLinkParserTest
Tests run: 4, Failures: 1, Errors: 0, Skipped: 0, Time elapsed: 0.003 sec <<< FAILURE!

Results :

Failed tests:   testEmailWithMinusChar(org.apache.wicket.extensions.markup.html.basic.DefaultLinkParserTest): Expected chars to left of - to be included in the link. expected:<[<a href="mailto:my-test@example.com">my-]test@example.com</a>> but was:<[my-<a href="mailto:test@example.com">]test@example.com</a>>

Tests run: 32, Failures: 1, Errors: 0, Skipped: 0

[INFO] ------------------------------------------------------------------------
[INFO] BUILD FAILURE
[INFO] ------------------------------------------------------------------------
[INFO] Total time: 10.067 s
[INFO] Finished at: 2016-07-31T01:41:27-07:00
[INFO] Final Memory: 30M/606M
[INFO] ------------------------------------------------------------------------
[ERROR] Failed to execute goal org.apache.maven.plugins:maven-surefire-plugin:2.11:test (default-test) on project wicket-extensions: There are test failures.
[ERROR] 
[ERROR] Please refer to /home/ylyu/dataset/wicket3/dataset/wicket/WICKET-4477_2624d2db86bb3762a1e6e51691d02127dcbf229c/wicket-extensions/target/surefire-reports for the individual test results.
[ERROR] -> [Help 1]
[ERROR] 
[ERROR] To see the full stack trace of the errors, re-run Maven with the -e switch.
[ERROR] Re-run Maven using the -X switch to enable full debug logging.
[ERROR] 
[ERROR] For more information about the errors and possible solutions, please read the following articles:
[ERROR] [Help 1] http://cwiki.apache.org/confluence/display/MAVEN/MojoFailureException
