[INFO] Scanning for projects...
[INFO]                                                                         
[INFO] ------------------------------------------------------------------------
[INFO] Building Maven Project Builder 2.1-SNAPSHOT
[INFO] ------------------------------------------------------------------------
[INFO] 
[INFO] --- maven-resources-plugin:2.6:resources (default-resources) @ maven-project ---
[WARNING] Using platform encoding (UTF-8 actually) to copy filtered resources, i.e. build is platform dependent!
[INFO] Copying 2 resources
[INFO] 
[INFO] --- maven-compiler-plugin:3.1:compile (default-compile) @ maven-project ---
[INFO] Nothing to compile - all classes are up to date
[INFO] 
[INFO] --- maven-resources-plugin:2.6:testResources (default-testResources) @ maven-project ---
[WARNING] Using platform encoding (UTF-8 actually) to copy filtered resources, i.e. build is platform dependent!
[INFO] Copying 65 resources
[INFO] 
[INFO] --- maven-compiler-plugin:3.1:testCompile (default-testCompile) @ maven-project ---
[INFO] Nothing to compile - all classes are up to date
[INFO] 
[INFO] --- maven-surefire-plugin:2.12.4:test (default-test) @ maven-project ---
[INFO] Surefire report directory: /home/ylyu/parallel/maven/maven9/dataset/mng/MNG-1797_5d99b35cfec0cabbc90a4f4938d5c1bb5f135d8c/maven-project/target/surefire-reports

-------------------------------------------------------
 T E S T S
-------------------------------------------------------
Running org.apache.maven.project.TestProjectBuilder
Tests run: 0, Failures: 0, Errors: 0, Skipped: 0, Time elapsed: 0.001 sec
Running org.apache.maven.project.TestArtifactResolver
Tests run: 0, Failures: 0, Errors: 0, Skipped: 0, Time elapsed: 0 sec
Running org.apache.maven.project.interpolation.RegexBasedModelInterpolatorTest
Tests run: 11, Failures: 0, Errors: 0, Skipped: 0, Time elapsed: 0.061 sec
Running org.apache.maven.project.artifact.MavenMetadataSourceTest
Tests run: 3, Failures: 1, Errors: 0, Skipped: 0, Time elapsed: 0.237 sec <<< FAILURE!
testShouldNotCarryExclusionsOverFromDependencyToDependency(org.apache.maven.project.artifact.MavenMetadataSourceTest)  Time elapsed: 0.177 sec  <<< FAILURE!
junit.framework.AssertionFailedError: expected same:<org.apache.maven.artifact.resolver.filter.ScopeArtifactFilter@26c55db3> was not:<org.apache.maven.artifact.resolver.filter.AndArtifactFilter@678aa6a7>
	at junit.framework.Assert.fail(Assert.java:47)
	at junit.framework.Assert.failNotSame(Assert.java:278)
	at junit.framework.Assert.assertSame(Assert.java:242)
	at junit.framework.Assert.assertSame(Assert.java:249)
	at org.apache.maven.project.artifact.MavenMetadataSourceTest.testShouldNotCarryExclusionsOverFromDependencyToDependency(MavenMetadataSourceTest.java:67)

Running org.apache.maven.project.injection.TestProfileInjector
Tests run: 0, Failures: 0, Errors: 0, Skipped: 0, Time elapsed: 0 sec
Running org.apache.maven.project.injection.DefaultModelDefaultsInjectorTest
Tests run: 11, Failures: 0, Errors: 0, Skipped: 0, Time elapsed: 0.001 sec
Running org.apache.maven.project.injection.DefaultProfileInjectorTest
Tests run: 5, Failures: 0, Errors: 0, Skipped: 0, Time elapsed: 0.005 sec
Running org.apache.maven.project.ProjectSorterTest
Tests run: 5, Failures: 0, Errors: 0, Skipped: 0, Time elapsed: 0.003 sec
Running org.apache.maven.project.ProjectClasspathTest
Tests run: 1, Failures: 0, Errors: 0, Skipped: 0, Time elapsed: 0.068 sec
Running org.apache.maven.project.validation.DefaultModelValidatorTest
Tests run: 16, Failures: 0, Errors: 0, Skipped: 0, Time elapsed: 0.247 sec
Running org.apache.maven.project.canonical.CanonicalProjectBuilderTest
Tests run: 1, Failures: 0, Errors: 0, Skipped: 0, Time elapsed: 0.014 sec
Running org.apache.maven.project.ModelUtilsTest
Tests run: 9, Failures: 0, Errors: 0, Skipped: 0, Time elapsed: 0.001 sec
Running org.apache.maven.project.ProjectBaseDirectoryAlignmentTest
Tests run: 1, Failures: 0, Errors: 0, Skipped: 0, Time elapsed: 0.013 sec
Running org.apache.maven.project.inheritance.t03.ProjectInheritanceTest
Tests run: 1, Failures: 0, Errors: 0, Skipped: 0, Time elapsed: 0.016 sec
Running org.apache.maven.project.inheritance.DefaultModelInheritanceAssemblerTest
Resulting path is: '/file-management'
Resulting path is: 'http://maven.apache.org/shared/file-management'
Resulting path is: 'http://maven.apache.org/shared/file-management'
http://www.google.com/child
http://www.google.com/bottom
Tests run: 26, Failures: 0, Errors: 0, Skipped: 0, Time elapsed: 0.007 sec
Running org.apache.maven.project.inheritance.t00.ProjectInheritanceTest
Tests run: 1, Failures: 0, Errors: 0, Skipped: 0, Time elapsed: 0.015 sec
Running org.apache.maven.project.inheritance.t02.ProjectInheritanceTest
Local repository is at: /home/ylyu/parallel/maven/maven9/dataset/mng/MNG-1797_5d99b35cfec0cabbc90a4f4938d5c1bb5f135d8c/maven-project/src/test/resources/inheritance-repo/t02
Location of project-4's POM: /home/ylyu/parallel/maven/maven9/dataset/mng/MNG-1797_5d99b35cfec0cabbc90a4f4938d5c1bb5f135d8c/maven-project/src/test/resources/inheritance-repo/t02/p0/p1/p2/p3/p4/pom.xml
Tests run: 1, Failures: 0, Errors: 0, Skipped: 0, Time elapsed: 0.033 sec
Running org.apache.maven.project.inheritance.t01.ProjectInheritanceTest
Tests run: 1, Failures: 0, Errors: 0, Skipped: 0, Time elapsed: 0.024 sec
Running org.apache.maven.project.DefaultMavenProjectBuilderTest
Tests run: 2, Failures: 0, Errors: 0, Skipped: 0, Time elapsed: 0.029 sec
Running org.apache.maven.project.MavenProjectTest
Tests run: 5, Failures: 0, Errors: 0, Skipped: 0, Time elapsed: 0.053 sec
Running org.apache.maven.profiles.DefaultProfileManagerTest
Tests run: 6, Failures: 0, Errors: 0, Skipped: 0, Time elapsed: 0.044 sec

Results :

Failed tests:   testShouldNotCarryExclusionsOverFromDependencyToDependency(org.apache.maven.project.artifact.MavenMetadataSourceTest): expected same:<org.apache.maven.artifact.resolver.filter.ScopeArtifactFilter@26c55db3> was not:<org.apache.maven.artifact.resolver.filter.AndArtifactFilter@678aa6a7>

Tests run: 106, Failures: 1, Errors: 0, Skipped: 0

[INFO] ------------------------------------------------------------------------
[INFO] BUILD FAILURE
[INFO] ------------------------------------------------------------------------
[INFO] Total time: 2.247 s
[INFO] Finished at: 2016-07-13T22:16:27-07:00
[INFO] Final Memory: 21M/964M
[INFO] ------------------------------------------------------------------------
[ERROR] Failed to execute goal org.apache.maven.plugins:maven-surefire-plugin:2.12.4:test (default-test) on project maven-project: There are test failures.
[ERROR] 
[ERROR] Please refer to /home/ylyu/parallel/maven/maven9/dataset/mng/MNG-1797_5d99b35cfec0cabbc90a4f4938d5c1bb5f135d8c/maven-project/target/surefire-reports for the individual test results.
[ERROR] -> [Help 1]
[ERROR] 
[ERROR] To see the full stack trace of the errors, re-run Maven with the -e switch.
[ERROR] Re-run Maven using the -X switch to enable full debug logging.
[ERROR] 
[ERROR] For more information about the errors and possible solutions, please read the following articles:
[ERROR] [Help 1] http://cwiki.apache.org/confluence/display/MAVEN/MojoFailureException
