[INFO] Scanning for projects...
[WARNING] 
[WARNING] Some problems were encountered while building the effective model for org.apache.wicket:wicket:jar:1.3.0-incubating-SNAPSHOT
[WARNING] 'build.plugins.plugin.(groupId:artifactId)' must be unique but found duplicate declaration of plugin org.apache.maven.plugins:maven-source-plugin @ org.apache.wicket:wicket-parent:1.3.0-incubating-SNAPSHOT, /home/ylyu/dataset/wicket3/dataset/wicket/WICKET-294_5c592d85dd87dd02aeb88108f4e3c97689c85101/pom.xml, line 400, column 12
[WARNING] 'build.plugins.plugin.version' for org.apache.maven.plugins:maven-clover-plugin is missing. @ org.apache.wicket:wicket:[unknown-version], /home/ylyu/dataset/wicket3/dataset/wicket/WICKET-294_5c592d85dd87dd02aeb88108f4e3c97689c85101/jdk-1.4/wicket/pom.xml, line 44, column 12
[WARNING] 'build.plugins.plugin.version' for org.apache.maven.plugins:maven-javadoc-plugin is missing. @ org.apache.wicket:wicket-parent:1.3.0-incubating-SNAPSHOT, /home/ylyu/dataset/wicket3/dataset/wicket/WICKET-294_5c592d85dd87dd02aeb88108f4e3c97689c85101/pom.xml, line 358, column 12
[WARNING] 'build.plugins.plugin.version' for org.apache.maven.plugins:maven-compiler-plugin is missing. @ org.apache.wicket:wicket-jdk14:[unknown-version], /home/ylyu/dataset/wicket3/dataset/wicket/WICKET-294_5c592d85dd87dd02aeb88108f4e3c97689c85101/jdk-1.4/pom.xml, line 41, column 15
[WARNING] 'build.plugins.plugin.version' for org.apache.maven.plugins:maven-surefire-plugin is missing. @ org.apache.wicket:wicket-jdk14:[unknown-version], /home/ylyu/dataset/wicket3/dataset/wicket/WICKET-294_5c592d85dd87dd02aeb88108f4e3c97689c85101/jdk-1.4/pom.xml, line 65, column 15
[WARNING] 'build.plugins.plugin.version' for org.apache.maven.plugins:maven-site-plugin is missing. @ org.apache.wicket:wicket-parent:1.3.0-incubating-SNAPSHOT, /home/ylyu/dataset/wicket3/dataset/wicket/WICKET-294_5c592d85dd87dd02aeb88108f4e3c97689c85101/pom.xml, line 368, column 12
[WARNING] 'build.plugins.plugin.version' for org.codehaus.mojo:surefire-report-maven-plugin is missing. @ org.apache.wicket:wicket-parent:1.3.0-incubating-SNAPSHOT, /home/ylyu/dataset/wicket3/dataset/wicket/WICKET-294_5c592d85dd87dd02aeb88108f4e3c97689c85101/pom.xml, line 378, column 12
[WARNING] 'build.plugins.plugin.version' for org.apache.maven.plugins:maven-remote-resources-plugin is missing. @ org.apache.wicket:wicket-parent:1.3.0-incubating-SNAPSHOT, /home/ylyu/dataset/wicket3/dataset/wicket/WICKET-294_5c592d85dd87dd02aeb88108f4e3c97689c85101/pom.xml, line 383, column 12
[WARNING] 'build.plugins.plugin.version' for org.apache.maven.plugins:maven-source-plugin is missing. @ org.apache.wicket:wicket-parent:1.3.0-incubating-SNAPSHOT, /home/ylyu/dataset/wicket3/dataset/wicket/WICKET-294_5c592d85dd87dd02aeb88108f4e3c97689c85101/pom.xml, line 400, column 12
[WARNING] 'build.plugins.plugin.version' for org.apache.maven.plugins:maven-eclipse-plugin is missing. @ org.apache.wicket:wicket-parent:1.3.0-incubating-SNAPSHOT, /home/ylyu/dataset/wicket3/dataset/wicket/WICKET-294_5c592d85dd87dd02aeb88108f4e3c97689c85101/pom.xml, line 350, column 12
[WARNING] The expression ${pom.artifactId} is deprecated. Please use ${project.artifactId} instead.
[WARNING] 
[WARNING] Some problems were encountered while building the effective model for org.apache.wicket:wicket-examples:war:1.3.0-incubating-SNAPSHOT
[WARNING] 'build.plugins.plugin.(groupId:artifactId)' must be unique but found duplicate declaration of plugin org.apache.maven.plugins:maven-source-plugin @ org.apache.wicket:wicket-parent:1.3.0-incubating-SNAPSHOT, /home/ylyu/dataset/wicket3/dataset/wicket/WICKET-294_5c592d85dd87dd02aeb88108f4e3c97689c85101/pom.xml, line 400, column 12
[WARNING] 'build.plugins.plugin.version' for org.apache.maven.plugins:maven-javadoc-plugin is missing. @ org.apache.wicket:wicket-parent:1.3.0-incubating-SNAPSHOT, /home/ylyu/dataset/wicket3/dataset/wicket/WICKET-294_5c592d85dd87dd02aeb88108f4e3c97689c85101/pom.xml, line 358, column 12
[WARNING] 'build.plugins.plugin.version' for org.apache.maven.plugins:maven-compiler-plugin is missing. @ org.apache.wicket:wicket-jdk14:[unknown-version], /home/ylyu/dataset/wicket3/dataset/wicket/WICKET-294_5c592d85dd87dd02aeb88108f4e3c97689c85101/jdk-1.4/pom.xml, line 41, column 15
[WARNING] 'build.plugins.plugin.version' for org.apache.maven.plugins:maven-surefire-plugin is missing. @ org.apache.wicket:wicket-jdk14:[unknown-version], /home/ylyu/dataset/wicket3/dataset/wicket/WICKET-294_5c592d85dd87dd02aeb88108f4e3c97689c85101/jdk-1.4/pom.xml, line 65, column 15
[WARNING] 'build.plugins.plugin.version' for org.apache.maven.plugins:maven-site-plugin is missing. @ org.apache.wicket:wicket-parent:1.3.0-incubating-SNAPSHOT, /home/ylyu/dataset/wicket3/dataset/wicket/WICKET-294_5c592d85dd87dd02aeb88108f4e3c97689c85101/pom.xml, line 368, column 12
[WARNING] 'build.plugins.plugin.version' for org.codehaus.mojo:surefire-report-maven-plugin is missing. @ org.apache.wicket:wicket-parent:1.3.0-incubating-SNAPSHOT, /home/ylyu/dataset/wicket3/dataset/wicket/WICKET-294_5c592d85dd87dd02aeb88108f4e3c97689c85101/pom.xml, line 378, column 12
[WARNING] 'build.plugins.plugin.version' for org.apache.maven.plugins:maven-remote-resources-plugin is missing. @ org.apache.wicket:wicket-parent:1.3.0-incubating-SNAPSHOT, /home/ylyu/dataset/wicket3/dataset/wicket/WICKET-294_5c592d85dd87dd02aeb88108f4e3c97689c85101/pom.xml, line 383, column 12
[WARNING] 'build.plugins.plugin.version' for org.apache.maven.plugins:maven-source-plugin is missing. @ org.apache.wicket:wicket-parent:1.3.0-incubating-SNAPSHOT, /home/ylyu/dataset/wicket3/dataset/wicket/WICKET-294_5c592d85dd87dd02aeb88108f4e3c97689c85101/pom.xml, line 400, column 12
[WARNING] 'build.plugins.plugin.version' for org.apache.maven.plugins:maven-eclipse-plugin is missing. @ org.apache.wicket:wicket-parent:1.3.0-incubating-SNAPSHOT, /home/ylyu/dataset/wicket3/dataset/wicket/WICKET-294_5c592d85dd87dd02aeb88108f4e3c97689c85101/pom.xml, line 350, column 12
[WARNING] The expression ${pom.artifactId} is deprecated. Please use ${project.artifactId} instead.
[WARNING] 
[WARNING] Some problems were encountered while building the effective model for org.apache.wicket:wicket-portlet-examples:war:1.3.0-incubating-SNAPSHOT
[WARNING] 'build.plugins.plugin.(groupId:artifactId)' must be unique but found duplicate declaration of plugin org.apache.maven.plugins:maven-source-plugin @ org.apache.wicket:wicket-parent:1.3.0-incubating-SNAPSHOT, /home/ylyu/dataset/wicket3/dataset/wicket/WICKET-294_5c592d85dd87dd02aeb88108f4e3c97689c85101/pom.xml, line 400, column 12
[WARNING] 'build.plugins.plugin.version' for org.apache.maven.plugins:maven-javadoc-plugin is missing. @ org.apache.wicket:wicket-parent:1.3.0-incubating-SNAPSHOT, /home/ylyu/dataset/wicket3/dataset/wicket/WICKET-294_5c592d85dd87dd02aeb88108f4e3c97689c85101/pom.xml, line 358, column 12
[WARNING] 'build.plugins.plugin.version' for org.apache.maven.plugins:maven-compiler-plugin is missing. @ org.apache.wicket:wicket-jdk14:[unknown-version], /home/ylyu/dataset/wicket3/dataset/wicket/WICKET-294_5c592d85dd87dd02aeb88108f4e3c97689c85101/jdk-1.4/pom.xml, line 41, column 15
[WARNING] 'build.plugins.plugin.version' for org.apache.maven.plugins:maven-surefire-plugin is missing. @ org.apache.wicket:wicket-jdk14:[unknown-version], /home/ylyu/dataset/wicket3/dataset/wicket/WICKET-294_5c592d85dd87dd02aeb88108f4e3c97689c85101/jdk-1.4/pom.xml, line 65, column 15
[WARNING] 'build.plugins.plugin.version' for org.apache.maven.plugins:maven-site-plugin is missing. @ org.apache.wicket:wicket-parent:1.3.0-incubating-SNAPSHOT, /home/ylyu/dataset/wicket3/dataset/wicket/WICKET-294_5c592d85dd87dd02aeb88108f4e3c97689c85101/pom.xml, line 368, column 12
[WARNING] 'build.plugins.plugin.version' for org.codehaus.mojo:surefire-report-maven-plugin is missing. @ org.apache.wicket:wicket-parent:1.3.0-incubating-SNAPSHOT, /home/ylyu/dataset/wicket3/dataset/wicket/WICKET-294_5c592d85dd87dd02aeb88108f4e3c97689c85101/pom.xml, line 378, column 12
[WARNING] 'build.plugins.plugin.version' for org.apache.maven.plugins:maven-remote-resources-plugin is missing. @ org.apache.wicket:wicket-parent:1.3.0-incubating-SNAPSHOT, /home/ylyu/dataset/wicket3/dataset/wicket/WICKET-294_5c592d85dd87dd02aeb88108f4e3c97689c85101/pom.xml, line 383, column 12
[WARNING] 'build.plugins.plugin.version' for org.apache.maven.plugins:maven-source-plugin is missing. @ org.apache.wicket:wicket-parent:1.3.0-incubating-SNAPSHOT, /home/ylyu/dataset/wicket3/dataset/wicket/WICKET-294_5c592d85dd87dd02aeb88108f4e3c97689c85101/pom.xml, line 400, column 12
[WARNING] 'build.plugins.plugin.version' for org.apache.maven.plugins:maven-eclipse-plugin is missing. @ org.apache.wicket:wicket-parent:1.3.0-incubating-SNAPSHOT, /home/ylyu/dataset/wicket3/dataset/wicket/WICKET-294_5c592d85dd87dd02aeb88108f4e3c97689c85101/pom.xml, line 350, column 12
[WARNING] The expression ${pom.artifactId} is deprecated. Please use ${project.artifactId} instead.
[WARNING] 
[WARNING] Some problems were encountered while building the effective model for org.apache.wicket:wicket-extensions:jar:1.3.0-incubating-SNAPSHOT
[WARNING] 'build.plugins.plugin.(groupId:artifactId)' must be unique but found duplicate declaration of plugin org.apache.maven.plugins:maven-source-plugin @ org.apache.wicket:wicket-parent:1.3.0-incubating-SNAPSHOT, /home/ylyu/dataset/wicket3/dataset/wicket/WICKET-294_5c592d85dd87dd02aeb88108f4e3c97689c85101/pom.xml, line 400, column 12
[WARNING] 'build.plugins.plugin.version' for org.apache.maven.plugins:maven-javadoc-plugin is missing. @ org.apache.wicket:wicket-parent:1.3.0-incubating-SNAPSHOT, /home/ylyu/dataset/wicket3/dataset/wicket/WICKET-294_5c592d85dd87dd02aeb88108f4e3c97689c85101/pom.xml, line 358, column 12
[WARNING] 'build.plugins.plugin.version' for org.apache.maven.plugins:maven-compiler-plugin is missing. @ org.apache.wicket:wicket-jdk14:[unknown-version], /home/ylyu/dataset/wicket3/dataset/wicket/WICKET-294_5c592d85dd87dd02aeb88108f4e3c97689c85101/jdk-1.4/pom.xml, line 41, column 15
[WARNING] 'build.plugins.plugin.version' for org.apache.maven.plugins:maven-surefire-plugin is missing. @ org.apache.wicket:wicket-jdk14:[unknown-version], /home/ylyu/dataset/wicket3/dataset/wicket/WICKET-294_5c592d85dd87dd02aeb88108f4e3c97689c85101/jdk-1.4/pom.xml, line 65, column 15
[WARNING] 'build.plugins.plugin.version' for org.apache.maven.plugins:maven-site-plugin is missing. @ org.apache.wicket:wicket-parent:1.3.0-incubating-SNAPSHOT, /home/ylyu/dataset/wicket3/dataset/wicket/WICKET-294_5c592d85dd87dd02aeb88108f4e3c97689c85101/pom.xml, line 368, column 12
[WARNING] 'build.plugins.plugin.version' for org.codehaus.mojo:surefire-report-maven-plugin is missing. @ org.apache.wicket:wicket-parent:1.3.0-incubating-SNAPSHOT, /home/ylyu/dataset/wicket3/dataset/wicket/WICKET-294_5c592d85dd87dd02aeb88108f4e3c97689c85101/pom.xml, line 378, column 12
[WARNING] 'build.plugins.plugin.version' for org.apache.maven.plugins:maven-remote-resources-plugin is missing. @ org.apache.wicket:wicket-parent:1.3.0-incubating-SNAPSHOT, /home/ylyu/dataset/wicket3/dataset/wicket/WICKET-294_5c592d85dd87dd02aeb88108f4e3c97689c85101/pom.xml, line 383, column 12
[WARNING] 'build.plugins.plugin.version' for org.apache.maven.plugins:maven-source-plugin is missing. @ org.apache.wicket:wicket-parent:1.3.0-incubating-SNAPSHOT, /home/ylyu/dataset/wicket3/dataset/wicket/WICKET-294_5c592d85dd87dd02aeb88108f4e3c97689c85101/pom.xml, line 400, column 12
[WARNING] 'build.plugins.plugin.version' for org.apache.maven.plugins:maven-eclipse-plugin is missing. @ org.apache.wicket:wicket-parent:1.3.0-incubating-SNAPSHOT, /home/ylyu/dataset/wicket3/dataset/wicket/WICKET-294_5c592d85dd87dd02aeb88108f4e3c97689c85101/pom.xml, line 350, column 12
[WARNING] The expression ${pom.artifactId} is deprecated. Please use ${project.artifactId} instead.
[WARNING] 
[WARNING] Some problems were encountered while building the effective model for org.apache.wicket:wicket-spring:jar:1.3.0-incubating-SNAPSHOT
[WARNING] 'build.plugins.plugin.(groupId:artifactId)' must be unique but found duplicate declaration of plugin org.apache.maven.plugins:maven-source-plugin @ org.apache.wicket:wicket-parent:1.3.0-incubating-SNAPSHOT, /home/ylyu/dataset/wicket3/dataset/wicket/WICKET-294_5c592d85dd87dd02aeb88108f4e3c97689c85101/pom.xml, line 400, column 12
[WARNING] 'build.plugins.plugin.version' for org.apache.maven.plugins:maven-javadoc-plugin is missing. @ org.apache.wicket:wicket-parent:1.3.0-incubating-SNAPSHOT, /home/ylyu/dataset/wicket3/dataset/wicket/WICKET-294_5c592d85dd87dd02aeb88108f4e3c97689c85101/pom.xml, line 358, column 12
[WARNING] 'build.plugins.plugin.version' for org.apache.maven.plugins:maven-compiler-plugin is missing. @ org.apache.wicket:wicket-jdk14:[unknown-version], /home/ylyu/dataset/wicket3/dataset/wicket/WICKET-294_5c592d85dd87dd02aeb88108f4e3c97689c85101/jdk-1.4/pom.xml, line 41, column 15
[WARNING] 'build.plugins.plugin.version' for org.apache.maven.plugins:maven-surefire-plugin is missing. @ org.apache.wicket:wicket-jdk14:[unknown-version], /home/ylyu/dataset/wicket3/dataset/wicket/WICKET-294_5c592d85dd87dd02aeb88108f4e3c97689c85101/jdk-1.4/pom.xml, line 65, column 15
[WARNING] 'build.plugins.plugin.version' for org.apache.maven.plugins:maven-site-plugin is missing. @ org.apache.wicket:wicket-parent:1.3.0-incubating-SNAPSHOT, /home/ylyu/dataset/wicket3/dataset/wicket/WICKET-294_5c592d85dd87dd02aeb88108f4e3c97689c85101/pom.xml, line 368, column 12
[WARNING] 'build.plugins.plugin.version' for org.codehaus.mojo:surefire-report-maven-plugin is missing. @ org.apache.wicket:wicket-parent:1.3.0-incubating-SNAPSHOT, /home/ylyu/dataset/wicket3/dataset/wicket/WICKET-294_5c592d85dd87dd02aeb88108f4e3c97689c85101/pom.xml, line 378, column 12
[WARNING] 'build.plugins.plugin.version' for org.apache.maven.plugins:maven-remote-resources-plugin is missing. @ org.apache.wicket:wicket-parent:1.3.0-incubating-SNAPSHOT, /home/ylyu/dataset/wicket3/dataset/wicket/WICKET-294_5c592d85dd87dd02aeb88108f4e3c97689c85101/pom.xml, line 383, column 12
[WARNING] 'build.plugins.plugin.version' for org.apache.maven.plugins:maven-source-plugin is missing. @ org.apache.wicket:wicket-parent:1.3.0-incubating-SNAPSHOT, /home/ylyu/dataset/wicket3/dataset/wicket/WICKET-294_5c592d85dd87dd02aeb88108f4e3c97689c85101/pom.xml, line 400, column 12
[WARNING] 'build.plugins.plugin.version' for org.apache.maven.plugins:maven-eclipse-plugin is missing. @ org.apache.wicket:wicket-parent:1.3.0-incubating-SNAPSHOT, /home/ylyu/dataset/wicket3/dataset/wicket/WICKET-294_5c592d85dd87dd02aeb88108f4e3c97689c85101/pom.xml, line 350, column 12
[WARNING] The expression ${pom.artifactId} is deprecated. Please use ${project.artifactId} instead.
[WARNING] 
[WARNING] Some problems were encountered while building the effective model for org.apache.wicket:wicket-quickstart:war:1.3.0-incubating-SNAPSHOT
[WARNING] 'build.plugins.plugin.(groupId:artifactId)' must be unique but found duplicate declaration of plugin org.apache.maven.plugins:maven-source-plugin @ org.apache.wicket:wicket-parent:1.3.0-incubating-SNAPSHOT, /home/ylyu/dataset/wicket3/dataset/wicket/WICKET-294_5c592d85dd87dd02aeb88108f4e3c97689c85101/pom.xml, line 400, column 12
[WARNING] 'build.plugins.plugin.version' for org.apache.maven.plugins:maven-javadoc-plugin is missing. @ org.apache.wicket:wicket-parent:1.3.0-incubating-SNAPSHOT, /home/ylyu/dataset/wicket3/dataset/wicket/WICKET-294_5c592d85dd87dd02aeb88108f4e3c97689c85101/pom.xml, line 358, column 12
[WARNING] 'build.plugins.plugin.version' for org.apache.maven.plugins:maven-compiler-plugin is missing. @ org.apache.wicket:wicket-jdk14:[unknown-version], /home/ylyu/dataset/wicket3/dataset/wicket/WICKET-294_5c592d85dd87dd02aeb88108f4e3c97689c85101/jdk-1.4/pom.xml, line 41, column 15
[WARNING] 'build.plugins.plugin.version' for org.apache.maven.plugins:maven-surefire-plugin is missing. @ org.apache.wicket:wicket-jdk14:[unknown-version], /home/ylyu/dataset/wicket3/dataset/wicket/WICKET-294_5c592d85dd87dd02aeb88108f4e3c97689c85101/jdk-1.4/pom.xml, line 65, column 15
[WARNING] 'build.plugins.plugin.version' for org.apache.maven.plugins:maven-site-plugin is missing. @ org.apache.wicket:wicket-parent:1.3.0-incubating-SNAPSHOT, /home/ylyu/dataset/wicket3/dataset/wicket/WICKET-294_5c592d85dd87dd02aeb88108f4e3c97689c85101/pom.xml, line 368, column 12
[WARNING] 'build.plugins.plugin.version' for org.codehaus.mojo:surefire-report-maven-plugin is missing. @ org.apache.wicket:wicket-parent:1.3.0-incubating-SNAPSHOT, /home/ylyu/dataset/wicket3/dataset/wicket/WICKET-294_5c592d85dd87dd02aeb88108f4e3c97689c85101/pom.xml, line 378, column 12
[WARNING] 'build.plugins.plugin.version' for org.apache.maven.plugins:maven-remote-resources-plugin is missing. @ org.apache.wicket:wicket-parent:1.3.0-incubating-SNAPSHOT, /home/ylyu/dataset/wicket3/dataset/wicket/WICKET-294_5c592d85dd87dd02aeb88108f4e3c97689c85101/pom.xml, line 383, column 12
[WARNING] 'build.plugins.plugin.version' for org.apache.maven.plugins:maven-source-plugin is missing. @ org.apache.wicket:wicket-parent:1.3.0-incubating-SNAPSHOT, /home/ylyu/dataset/wicket3/dataset/wicket/WICKET-294_5c592d85dd87dd02aeb88108f4e3c97689c85101/pom.xml, line 400, column 12
[WARNING] 'build.plugins.plugin.version' for org.apache.maven.plugins:maven-eclipse-plugin is missing. @ org.apache.wicket:wicket-parent:1.3.0-incubating-SNAPSHOT, /home/ylyu/dataset/wicket3/dataset/wicket/WICKET-294_5c592d85dd87dd02aeb88108f4e3c97689c85101/pom.xml, line 350, column 12
[WARNING] The expression ${pom.artifactId} is deprecated. Please use ${project.artifactId} instead.
[WARNING] 
[WARNING] Some problems were encountered while building the effective model for org.apache.wicket:wicket-datetime:jar:1.3.0-incubating-SNAPSHOT
[WARNING] 'build.plugins.plugin.(groupId:artifactId)' must be unique but found duplicate declaration of plugin org.apache.maven.plugins:maven-source-plugin @ org.apache.wicket:wicket-parent:1.3.0-incubating-SNAPSHOT, /home/ylyu/dataset/wicket3/dataset/wicket/WICKET-294_5c592d85dd87dd02aeb88108f4e3c97689c85101/pom.xml, line 400, column 12
[WARNING] 'build.plugins.plugin.version' for org.apache.maven.plugins:maven-javadoc-plugin is missing. @ org.apache.wicket:wicket-parent:1.3.0-incubating-SNAPSHOT, /home/ylyu/dataset/wicket3/dataset/wicket/WICKET-294_5c592d85dd87dd02aeb88108f4e3c97689c85101/pom.xml, line 358, column 12
[WARNING] 'build.plugins.plugin.version' for org.apache.maven.plugins:maven-compiler-plugin is missing. @ org.apache.wicket:wicket-jdk14:[unknown-version], /home/ylyu/dataset/wicket3/dataset/wicket/WICKET-294_5c592d85dd87dd02aeb88108f4e3c97689c85101/jdk-1.4/pom.xml, line 41, column 15
[WARNING] 'build.plugins.plugin.version' for org.apache.maven.plugins:maven-surefire-plugin is missing. @ org.apache.wicket:wicket-jdk14:[unknown-version], /home/ylyu/dataset/wicket3/dataset/wicket/WICKET-294_5c592d85dd87dd02aeb88108f4e3c97689c85101/jdk-1.4/pom.xml, line 65, column 15
[WARNING] 'build.plugins.plugin.version' for org.apache.maven.plugins:maven-site-plugin is missing. @ org.apache.wicket:wicket-parent:1.3.0-incubating-SNAPSHOT, /home/ylyu/dataset/wicket3/dataset/wicket/WICKET-294_5c592d85dd87dd02aeb88108f4e3c97689c85101/pom.xml, line 368, column 12
[WARNING] 'build.plugins.plugin.version' for org.codehaus.mojo:surefire-report-maven-plugin is missing. @ org.apache.wicket:wicket-parent:1.3.0-incubating-SNAPSHOT, /home/ylyu/dataset/wicket3/dataset/wicket/WICKET-294_5c592d85dd87dd02aeb88108f4e3c97689c85101/pom.xml, line 378, column 12
[WARNING] 'build.plugins.plugin.version' for org.apache.maven.plugins:maven-remote-resources-plugin is missing. @ org.apache.wicket:wicket-parent:1.3.0-incubating-SNAPSHOT, /home/ylyu/dataset/wicket3/dataset/wicket/WICKET-294_5c592d85dd87dd02aeb88108f4e3c97689c85101/pom.xml, line 383, column 12
[WARNING] 'build.plugins.plugin.version' for org.apache.maven.plugins:maven-source-plugin is missing. @ org.apache.wicket:wicket-parent:1.3.0-incubating-SNAPSHOT, /home/ylyu/dataset/wicket3/dataset/wicket/WICKET-294_5c592d85dd87dd02aeb88108f4e3c97689c85101/pom.xml, line 400, column 12
[WARNING] 'build.plugins.plugin.version' for org.apache.maven.plugins:maven-eclipse-plugin is missing. @ org.apache.wicket:wicket-parent:1.3.0-incubating-SNAPSHOT, /home/ylyu/dataset/wicket3/dataset/wicket/WICKET-294_5c592d85dd87dd02aeb88108f4e3c97689c85101/pom.xml, line 350, column 12
[WARNING] The expression ${pom.artifactId} is deprecated. Please use ${project.artifactId} instead.
[WARNING] 
[WARNING] Some problems were encountered while building the effective model for org.apache.wicket:wicket-jdk14:pom:1.3.0-incubating-SNAPSHOT
[WARNING] 'build.plugins.plugin.(groupId:artifactId)' must be unique but found duplicate declaration of plugin org.apache.maven.plugins:maven-source-plugin @ org.apache.wicket:wicket-parent:1.3.0-incubating-SNAPSHOT, /home/ylyu/dataset/wicket3/dataset/wicket/WICKET-294_5c592d85dd87dd02aeb88108f4e3c97689c85101/pom.xml, line 400, column 12
[WARNING] 'build.plugins.plugin.version' for org.apache.maven.plugins:maven-javadoc-plugin is missing. @ org.apache.wicket:wicket-parent:1.3.0-incubating-SNAPSHOT, /home/ylyu/dataset/wicket3/dataset/wicket/WICKET-294_5c592d85dd87dd02aeb88108f4e3c97689c85101/pom.xml, line 358, column 12
[WARNING] 'build.plugins.plugin.version' for org.apache.maven.plugins:maven-compiler-plugin is missing. @ org.apache.wicket:wicket-jdk14:[unknown-version], /home/ylyu/dataset/wicket3/dataset/wicket/WICKET-294_5c592d85dd87dd02aeb88108f4e3c97689c85101/jdk-1.4/pom.xml, line 41, column 15
[WARNING] 'build.plugins.plugin.version' for org.apache.maven.plugins:maven-surefire-plugin is missing. @ org.apache.wicket:wicket-jdk14:[unknown-version], /home/ylyu/dataset/wicket3/dataset/wicket/WICKET-294_5c592d85dd87dd02aeb88108f4e3c97689c85101/jdk-1.4/pom.xml, line 65, column 15
[WARNING] 'build.plugins.plugin.version' for org.apache.maven.plugins:maven-site-plugin is missing. @ org.apache.wicket:wicket-parent:1.3.0-incubating-SNAPSHOT, /home/ylyu/dataset/wicket3/dataset/wicket/WICKET-294_5c592d85dd87dd02aeb88108f4e3c97689c85101/pom.xml, line 368, column 12
[WARNING] 'build.plugins.plugin.version' for org.codehaus.mojo:surefire-report-maven-plugin is missing. @ org.apache.wicket:wicket-parent:1.3.0-incubating-SNAPSHOT, /home/ylyu/dataset/wicket3/dataset/wicket/WICKET-294_5c592d85dd87dd02aeb88108f4e3c97689c85101/pom.xml, line 378, column 12
[WARNING] 'build.plugins.plugin.version' for org.apache.maven.plugins:maven-remote-resources-plugin is missing. @ org.apache.wicket:wicket-parent:1.3.0-incubating-SNAPSHOT, /home/ylyu/dataset/wicket3/dataset/wicket/WICKET-294_5c592d85dd87dd02aeb88108f4e3c97689c85101/pom.xml, line 383, column 12
[WARNING] 'build.plugins.plugin.version' for org.apache.maven.plugins:maven-source-plugin is missing. @ org.apache.wicket:wicket-parent:1.3.0-incubating-SNAPSHOT, /home/ylyu/dataset/wicket3/dataset/wicket/WICKET-294_5c592d85dd87dd02aeb88108f4e3c97689c85101/pom.xml, line 400, column 12
[WARNING] 'build.plugins.plugin.version' for org.apache.maven.plugins:maven-eclipse-plugin is missing. @ org.apache.wicket:wicket-parent:1.3.0-incubating-SNAPSHOT, /home/ylyu/dataset/wicket3/dataset/wicket/WICKET-294_5c592d85dd87dd02aeb88108f4e3c97689c85101/pom.xml, line 350, column 12
[WARNING] The expression ${pom.artifactId} is deprecated. Please use ${project.artifactId} instead.
[WARNING] 
[WARNING] It is highly recommended to fix these problems because they threaten the stability of your build.
[WARNING] 
[WARNING] For this reason, future Maven versions might no longer support building such malformed projects.
[WARNING] 
[INFO] ------------------------------------------------------------------------
[INFO] Reactor Build Order:
[INFO] 
[INFO] Wicket JDK 1.4 modules
[INFO] Wicket
[INFO] Wicket Extensions
[INFO] Wicket Examples
[INFO] Wicket Portlet Examples
[INFO] Wicket Spring Integration
[INFO] Wicket Quickstart
[INFO] Wicket Date/Time
[INFO]                                                                         
[INFO] ------------------------------------------------------------------------
[INFO] Building Wicket JDK 1.4 modules 1.3.0-incubating-SNAPSHOT
[INFO] ------------------------------------------------------------------------
[INFO] 
[INFO] --- maven-remote-resources-plugin:1.5:process (default) @ wicket-jdk14 ---
[INFO]                                                                         
[INFO] ------------------------------------------------------------------------
[INFO] Building Wicket 1.3.0-incubating-SNAPSHOT
[INFO] ------------------------------------------------------------------------
[INFO] 
[INFO] --- maven-remote-resources-plugin:1.5:process (default) @ wicket ---
[INFO] 
[INFO] --- maven-resources-plugin:2.6:resources (default-resources) @ wicket ---
[WARNING] Using platform encoding (UTF-8 actually) to copy filtered resources, i.e. build is platform dependent!
[INFO] Copying 123 resources
[INFO] skip non existing resourceDirectory /home/ylyu/dataset/wicket3/dataset/wicket/WICKET-294_5c592d85dd87dd02aeb88108f4e3c97689c85101/jdk-1.4/wicket/src/main/resources
[INFO] Copying 3 resources
[INFO] 
[INFO] --- maven-compiler-plugin:3.1:compile (default-compile) @ wicket ---
[INFO] Nothing to compile - all classes are up to date
[INFO] 
[INFO] --- maven-resources-plugin:2.6:testResources (default-testResources) @ wicket ---
[WARNING] Using platform encoding (UTF-8 actually) to copy filtered resources, i.e. build is platform dependent!
[INFO] Copying 500 resources
[INFO] Copying 3 resources
[INFO] 
[INFO] --- maven-compiler-plugin:3.1:testCompile (default-testCompile) @ wicket ---
[INFO] Nothing to compile - all classes are up to date
[INFO] 
[INFO] --- maven-surefire-plugin:2.12.4:test (default-test) @ wicket ---
[INFO] Surefire report directory: /home/ylyu/dataset/wicket3/dataset/wicket/WICKET-294_5c592d85dd87dd02aeb88108f4e3c97689c85101/jdk-1.4/wicket/target/surefire-reports

-------------------------------------------------------
 T E S T S
-------------------------------------------------------
Running wicket.behavior.AjaxHandlerTest
=== wicket.behavior.AjaxHandlerBodyOnLoadPage ===
Tests run: 1, Failures: 0, Errors: 0, Skipped: 0, Time elapsed: 0.548 sec
Running wicket.behavior.AttributeAppenderTest
Tests run: 2, Failures: 0, Errors: 0, Skipped: 0, Time elapsed: 0 sec
Running wicket.LocalizerTest
Tests run: 8, Failures: 0, Errors: 0, Skipped: 0, Time elapsed: 0.064 sec
Running wicket.resource.BundleStringResourceLoaderTest
Tests run: 6, Failures: 0, Errors: 0, Skipped: 0, Time elapsed: 0.054 sec
Running wicket.resource.ComponentStringResourceLoaderTest
Tests run: 10, Failures: 0, Errors: 0, Skipped: 0, Time elapsed: 0.114 sec
Running wicket.resource.InvalidResourceSpecificationExceptionTest
Tests run: 4, Failures: 0, Errors: 0, Skipped: 0, Time elapsed: 0 sec
Running wicket.resource.ApplicationStringResourceLoaderTest
Tests run: 6, Failures: 0, Errors: 0, Skipped: 0, Time elapsed: 0.053 sec
Running wicket.request.target.coding.MixedParamUrlCodingStrategyTest
Tests run: 12, Failures: 0, Errors: 0, Skipped: 0, Time elapsed: 0.008 sec
Running wicket.request.target.coding.PackageRequestTargetUrlCodingStrategyTest
Tests run: 5, Failures: 1, Errors: 1, Skipped: 0, Time elapsed: 0.051 sec <<< FAILURE!
test2(wicket.request.target.coding.PackageRequestTargetUrlCodingStrategyTest)  Time elapsed: 0.003 sec  <<< FAILURE!
junit.framework.AssertionFailedError
	at junit.framework.Assert.fail(Assert.java:47)
	at junit.framework.Assert.assertTrue(Assert.java:20)
	at junit.framework.Assert.assertNull(Assert.java:233)
	at junit.framework.Assert.assertNull(Assert.java:226)
	at wicket.request.target.coding.PackageRequestTargetUrlCodingStrategyTest.test2(PackageRequestTargetUrlCodingStrategyTest.java:46)

test3(wicket.request.target.coding.PackageRequestTargetUrlCodingStrategyTest)  Time elapsed: 0.001 sec  <<< ERROR!
wicket.WicketRuntimeException: Unable to load class with name: wicket.request.target.coding.
	at wicket.application.DefaultClassResolver.resolveClass(DefaultClassResolver.java:70)
	at wicket.request.target.coding.PackageRequestTargetUrlCodingStrategy.decode(PackageRequestTargetUrlCodingStrategy.java:80)
	at wicket.request.target.coding.PackageRequestTargetUrlCodingStrategyTest.test3(PackageRequestTargetUrlCodingStrategyTest.java:52)

Running wicket.AuthorizationTest
Tests run: 6, Failures: 0, Errors: 0, Skipped: 0, Time elapsed: 0.086 sec
Running wicket.properties.PropertiesTest
Tests run: 2, Failures: 0, Errors: 0, Skipped: 0, Time elapsed: 0.08 sec
Running wicket.ApplicationSettingsTest
Tests run: 8, Failures: 0, Errors: 0, Skipped: 0, Time elapsed: 0.048 sec
Running wicket.HomePageRedirectTest
Tests run: 1, Failures: 0, Errors: 0, Skipped: 0, Time elapsed: 0.002 sec
Running wicket.PageFactoryTest
Tests run: 2, Failures: 0, Errors: 0, Skipped: 0, Time elapsed: 0.051 sec
Running wicket.PageParametersTest
Tests run: 6, Failures: 0, Errors: 0, Skipped: 0, Time elapsed: 0.001 sec
Running wicket.util.resource.ResourceTest
Tests run: 1, Failures: 0, Errors: 0, Skipped: 0, Time elapsed: 0.058 sec
Running wicket.util.io.WicketOutputStreamTest
Tests run: 2, Failures: 0, Errors: 0, Skipped: 0, Time elapsed: 0.006 sec
Running wicket.util.io.XmlReaderTest
Tests run: 7, Failures: 0, Errors: 0, Skipped: 0, Time elapsed: 0.001 sec
Running wicket.util.size.BytesTest
Tests run: 4, Failures: 0, Errors: 0, Skipped: 0, Time elapsed: 0.003 sec
Running wicket.util.string.interpolator.VariableInterpolatorTest
Tests run: 3, Failures: 0, Errors: 0, Skipped: 0, Time elapsed: 0 sec
Running wicket.util.string.PrependingStringBufferTest
Tests run: 3, Failures: 0, Errors: 0, Skipped: 0, Time elapsed: 0 sec
Running wicket.util.string.StringsTest
Tests run: 21, Failures: 0, Errors: 0, Skipped: 0, Time elapsed: 0.044 sec
Running wicket.util.string.AppendingStringBufferTest
Tests run: 7, Failures: 0, Errors: 0, Skipped: 0, Time elapsed: 0 sec
Running wicket.util.string.StringListTest
Tests run: 8, Failures: 0, Errors: 0, Skipped: 0, Time elapsed: 0.002 sec
Running wicket.util.value.ValueMapTest
Tests run: 3, Failures: 0, Errors: 0, Skipped: 0, Time elapsed: 0.001 sec
Running wicket.util.crypt.Base64Test
Tests run: 14, Failures: 0, Errors: 0, Skipped: 0, Time elapsed: 0.097 sec
Running wicket.util.convert.converters.ConvertersTest
Tests run: 9, Failures: 0, Errors: 0, Skipped: 0, Time elapsed: 0.045 sec
Running wicket.util.lang.PropertyResolverTest
Tests run: 19, Failures: 0, Errors: 0, Skipped: 0, Time elapsed: 0.004 sec
Running wicket.util.lang.ObjectsTest
Tests run: 6, Failures: 0, Errors: 0, Skipped: 0, Time elapsed: 0.032 sec
Running wicket.util.lang.PrimitivesTest
Tests run: 2, Failures: 0, Errors: 0, Skipped: 0, Time elapsed: 0 sec
Running wicket.util.lang.BytesTest
Tests run: 3, Failures: 0, Errors: 0, Skipped: 0, Time elapsed: 0.001 sec
Running wicket.util.license.ApacheLicenceHeaderTest
Tests run: 1, Failures: 0, Errors: 0, Skipped: 0, Time elapsed: 2.009 sec
Running wicket.util.tester.apps_5.AjaxSubmitLinkClickTest
Tests run: 1, Failures: 0, Errors: 0, Skipped: 0, Time elapsed: 0.015 sec
Running wicket.util.tester.apps_5.AjaxLinkClickTest
Tests run: 3, Failures: 0, Errors: 0, Skipped: 0, Time elapsed: 0.016 sec
Running wicket.util.tester.apps_4.FormTesterTest
Tests run: 1, Failures: 0, Errors: 0, Skipped: 0, Time elapsed: 0.011 sec
Running wicket.util.tester.apps_2.Test
Tests run: 1, Failures: 0, Errors: 0, Skipped: 0, Time elapsed: 0.002 sec
Running wicket.util.tester.TagTesterTest
Tests run: 8, Failures: 0, Errors: 0, Skipped: 0, Time elapsed: 0.008 sec
Running wicket.util.tester.apps_3.FormTesterTest
Tests run: 7, Failures: 0, Errors: 0, Skipped: 0, Time elapsed: 0.101 sec
Running wicket.util.tester.WicketTesterTest
Tests run: 10, Failures: 0, Errors: 0, Skipped: 0, Time elapsed: 0.052 sec
Running wicket.util.tester.FormTesterTest
Tests run: 2, Failures: 0, Errors: 0, Skipped: 0, Time elapsed: 0.015 sec
Running wicket.util.time.TimeMapTest
Tests run: 1, Failures: 0, Errors: 0, Skipped: 0, Time elapsed: 0.001 sec
Running wicket.util.time.DurationTest
Tests run: 4, Failures: 0, Errors: 0, Skipped: 0, Time elapsed: 1.501 sec
Running wicket.util.time.TimeOfDayTest
Tests run: 1, Failures: 0, Errors: 0, Skipped: 0, Time elapsed: 0 sec
Running wicket.util.time.TimeTest
Tests run: 1, Failures: 0, Errors: 0, Skipped: 0, Time elapsed: 0 sec
Running wicket.util.parse.metapattern.MetaPatternTest
Tests run: 5, Failures: 0, Errors: 0, Skipped: 0, Time elapsed: 0.001 sec
Running wicket.util.parse.metapattern.parsers.IndexedParamTest
=== wicket.util.parse.metapattern.parsers.Page1 ===
Tests run: 1, Failures: 0, Errors: 0, Skipped: 0, Time elapsed: 0.006 sec
Running wicket.markup.ComponentCreateTagTest
=== wicket.markup.ComponentCreateTag_1 ===
=== wicket.markup.ComponentCreateTag_2 ===
=== wicket.markup.ComponentCreateTag_3 ===
=== wicket.markup.ComponentCreateTag_4 ===
=== wicket.markup.ComponentCreateTag_6 ===
Tests run: 5, Failures: 0, Errors: 0, Skipped: 0, Time elapsed: 0.021 sec
Running wicket.markup.HtmlProblemFinderTest
Tests run: 1, Failures: 0, Errors: 0, Skipped: 0, Time elapsed: 0.001 sec
Running wicket.markup.parser.XmlPullParserTest
Tests run: 8, Failures: 0, Errors: 0, Skipped: 0, Time elapsed: 0.009 sec
Running wicket.markup.parser.PrependContextPathHandlerTest
=== wicket.markup.parser.Page_1 ===
=== wicket.markup.parser.Page_1 ===
=== wicket.markup.parser.Page_2 ===
=== wicket.markup.parser.Page_1 ===
Tests run: 4, Failures: 0, Errors: 0, Skipped: 0, Time elapsed: 0.006 sec
Running wicket.markup.html.debug.WicketComponentTreeTest
=== wicket.markup.html.debug.WicketComponentTreeTestPage ===
Tests run: 1, Failures: 0, Errors: 0, Skipped: 0, Time elapsed: 0.007 sec
Running wicket.markup.html.autolink.AutolinkTest
=== wicket.markup.html.autolink.MyPage ===
=== wicket.markup.html.autolink.PageA ===
=== wicket.markup.html.autolink.sub.PageB ===
Tests run: 3, Failures: 0, Errors: 0, Skipped: 0, Time elapsed: 0.012 sec
Running wicket.markup.html.panel.PanelTest
=== wicket.markup.html.panel.PanelPage_1 ===
=== wicket.markup.html.panel.PanelPage_2 ===
=== wicket.markup.html.panel.InlinePanelPage_1 ===
=== wicket.markup.html.panel.InlinePanelPage_2 ===
=== wicket.markup.html.panel.InlinePanelPage_3 ===
=== wicket.markup.html.panel.InlinePanelPage_4 ===
=== wicket.markup.html.panel.InlinePanelPage_5 ===
=== wicket.markup.html.panel.PanelWithAttributeModifierPage ===
Tests run: 8, Failures: 0, Errors: 0, Skipped: 0, Time elapsed: 0.035 sec
Running wicket.markup.html.internal.HtmlHeaderContainerTest
Tests run: 1, Failures: 0, Errors: 0, Skipped: 0, Time elapsed: 0.002 sec
Running wicket.markup.html.navigation.paging.PagingNavigationIncrementLinkTest
Tests run: 4, Failures: 0, Errors: 0, Skipped: 0, Time elapsed: 0.002 sec
Running wicket.markup.html.navigation.paging.PagingNavigationLinkTest
Tests run: 4, Failures: 0, Errors: 0, Skipped: 0, Time elapsed: 0.001 sec
Running wicket.markup.html.list.PagedTableNavigatorWithLabelProviderTest
Tests run: 1, Failures: 0, Errors: 0, Skipped: 0, Time elapsed: 0.02 sec
Running wicket.markup.html.list.PagedTableNavigatorWithMarginTest
Tests run: 1, Failures: 0, Errors: 0, Skipped: 0, Time elapsed: 0.014 sec
Running wicket.markup.html.list.PagedTableNavigatorTest
Tests run: 1, Failures: 0, Errors: 0, Skipped: 0, Time elapsed: 0.03 sec
Running wicket.markup.html.list.ListViewTest
Tests run: 2, Failures: 0, Errors: 0, Skipped: 0, Time elapsed: 0.001 sec
Running wicket.markup.html.list.PagedTableTest
Tests run: 1, Failures: 0, Errors: 0, Skipped: 0, Time elapsed: 0.009 sec
Running wicket.markup.html.list.IncrementalTableNavigationTest
=== wicket.markup.html.list.IncrementalTableNavigationPage ===
=== wicket.markup.html.list.IncrementalTableNavigationPage : nextNext ===
=== wicket.markup.html.list.IncrementalTableNavigationPage : prev ===
Tests run: 1, Failures: 0, Errors: 0, Skipped: 0, Time elapsed: 0.006 sec
Running wicket.markup.html.list.SimpleTableTest
=== wicket.markup.html.list.SimpleTablePage_1 ===
=== wicket.markup.html.list.SimpleTablePage_2 ===
Tests run: 2, Failures: 0, Errors: 0, Skipped: 0, Time elapsed: 0.006 sec
Running wicket.markup.html.list.TableTest
Tests run: 2, Failures: 0, Errors: 0, Skipped: 0, Time elapsed: 0.001 sec
Running wicket.markup.html.ScopedComponentResolverTest
=== wicket.markup.html.ScopedPage ===
Tests run: 1, Failures: 0, Errors: 0, Skipped: 0, Time elapsed: 0.004 sec
Running wicket.markup.html.PackageResourceTest
Tests run: 2, Failures: 0, Errors: 0, Skipped: 0, Time elapsed: 0.001 sec
Running wicket.markup.html.form.login.InterceptTest
Tests run: 2, Failures: 0, Errors: 0, Skipped: 0, Time elapsed: 0.012 sec
Running wicket.markup.html.form.upload.FileUploadFieldTest
Tests run: 1, Failures: 0, Errors: 0, Skipped: 0, Time elapsed: 0.008 sec
Running wicket.markup.html.form.upload.FileUploadTest
Tests run: 1, Failures: 0, Errors: 0, Skipped: 0, Time elapsed: 0 sec
Running wicket.markup.html.form.PrimitiveTypeRequiredTest
Tests run: 1, Failures: 0, Errors: 0, Skipped: 0, Time elapsed: 0.001 sec
Running wicket.markup.html.form.validation.TypeValidatorTest
Tests run: 1, Failures: 0, Errors: 0, Skipped: 0, Time elapsed: 0.002 sec
Running wicket.markup.html.form.validation.EmailValidatorTest
Tests run: 2, Failures: 0, Errors: 0, Skipped: 0, Time elapsed: 0 sec
Running wicket.markup.html.form.encryption.CryptTest
Tests run: 2, Failures: 0, Errors: 0, Skipped: 0, Time elapsed: 0.002 sec
Running wicket.markup.html.form.persistence.CookieValuePersisterTest
Tests run: 1, Failures: 0, Errors: 0, Skipped: 0, Time elapsed: 0.004 sec
Running wicket.markup.html.form.ValidatorPropertiesTest
Tests run: 3, Failures: 0, Errors: 0, Skipped: 0, Time elapsed: 0.012 sec
Running wicket.markup.html.link.ContextPathLinkTest
=== wicket.markup.html.link.ContextPathPage ===
=== wicket.markup.html.link.ContextPathPage ===
=== wicket.markup.html.link.ContextPathPage ===
Tests run: 3, Failures: 0, Errors: 0, Skipped: 0, Time elapsed: 0.056 sec
Running wicket.markup.html.link.DownloadLinkTest
Tests run: 3, Failures: 0, Errors: 0, Skipped: 0, Time elapsed: 0.009 sec
Running wicket.markup.html.link.HrefTest
=== wicket.markup.html.link.Href_1 ===
=== wicket.markup.html.link.Href_1 ===
=== wicket.markup.html.link.Href_3 ===
=== wicket.markup.html.link.Href_2 ===
Tests run: 4, Failures: 0, Errors: 0, Skipped: 0, Time elapsed: 0.052 sec
Running wicket.markup.html.link.IndexedParamUrlCodingTest
Tests run: 1, Failures: 0, Errors: 0, Skipped: 0, Time elapsed: 0.001 sec
Running wicket.markup.html.header.threelayers.InheritanceHeadTest
=== wicket.markup.html.header.threelayers.MeldingPage ===
Tests run: 1, Failures: 0, Errors: 0, Skipped: 0, Time elapsed: 0.004 sec
Running wicket.markup.html.header.testing2.HeaderTest
=== wicket.markup.html.header.testing2.TestExtendedPage ===
=== wicket.markup.html.header.testing2.TestExtendedPage2 ===
Tests run: 2, Failures: 0, Errors: 0, Skipped: 0, Time elapsed: 0.049 sec
Running wicket.markup.html.header.HeaderScopingTest
=== wicket.markup.html.header.MyPage ===
Tests run: 1, Failures: 0, Errors: 0, Skipped: 0, Time elapsed: 0.004 sec
Running wicket.markup.html.header.testing3.HeaderTest
=== wicket.markup.html.header.testing3.TestPage ===
=== wicket.markup.html.header.testing3.TestPage : link ===
Tests run: 1, Failures: 0, Errors: 0, Skipped: 0, Time elapsed: 0.051 sec
Running wicket.markup.html.header.threelayers2.InheritanceHeadTest
=== wicket.markup.html.header.threelayers2.MeldingPage ===
Tests run: 1, Failures: 0, Errors: 0, Skipped: 0, Time elapsed: 0.048 sec
Running wicket.markup.html.basic.HomePageRedirectTest
Tests run: 2, Failures: 0, Errors: 0, Skipped: 0, Time elapsed: 0.003 sec
Running wicket.markup.html.basic.LabelTest
=== wicket.markup.html.basic.LabelWithEscapeMarkupPage ===
=== wicket.markup.html.basic.LabelWithoutEscapeMarkupPage ===
Tests run: 2, Failures: 0, Errors: 0, Skipped: 0, Time elapsed: 0.002 sec
Running wicket.markup.html.basic.SimpleResponsePageClassTest
Tests run: 1, Failures: 0, Errors: 0, Skipped: 0, Time elapsed: 0.049 sec
Running wicket.markup.outputTransformer.OutputTransformerContainerTest
=== wicket.markup.outputTransformer.Page_2 ===
=== wicket.markup.outputTransformer.Page_1 ===
Tests run: 2, Failures: 0, Errors: 0, Skipped: 0, Time elapsed: 0.737 sec
Running wicket.markup.MarkupParserTest
Tests run: 8, Failures: 0, Errors: 0, Skipped: 0, Time elapsed: 0.101 sec
Running wicket.markup.WicketNamespaceTest
=== wicket.markup.WicketNamespace_1 ===
=== wicket.markup.WicketNamespace_2 ===
=== wicket.markup.WicketNamespace_3 ===
=== wicket.markup.WicketNamespace_4 ===
=== wicket.markup.WicketNamespace_6 ===
=== wicket.markup.WicketNamespace_5 ===
Tests run: 6, Failures: 0, Errors: 0, Skipped: 0, Time elapsed: 0.054 sec
Running wicket.stateless.StatelessComponentTest
=== wicket.stateless.StatelessComponentPage ===
Tests run: 2, Failures: 0, Errors: 0, Skipped: 0, Time elapsed: 0.058 sec
Running wicket.AttributeModifierTest
Tests run: 9, Failures: 0, Errors: 0, Skipped: 0, Time elapsed: 0.001 sec
Running wicket.TesterTest
Tests run: 1, Failures: 0, Errors: 0, Skipped: 0, Time elapsed: 0.003 sec
Running wicket.protocol.http.WicketTagPanelTest
Tests run: 2, Failures: 0, Errors: 0, Skipped: 0, Time elapsed: 0.049 sec
Running wicket.protocol.http.WebRequestCodingStrategyTest
Tests run: 1, Failures: 0, Errors: 0, Skipped: 0, Time elapsed: 0 sec
Running wicket.protocol.http.WebResponseExceptionsTest
Tests run: 4, Failures: 0, Errors: 0, Skipped: 0, Time elapsed: 0.057 sec
Running wicket.protocol.http.ClientPropertiesTest
Tests run: 7, Failures: 0, Errors: 0, Skipped: 0, Time elapsed: 0.001 sec
Running wicket.protocol.http.WebResponseTest
Tests run: 2, Failures: 0, Errors: 0, Skipped: 0, Time elapsed: 0.001 sec
Running wicket.protocol.http.WebRequestTest
Tests run: 6, Failures: 0, Errors: 0, Skipped: 0, Time elapsed: 0.002 sec
Running wicket.protocol.http.MockWebApplicationTest
Tests run: 3, Failures: 0, Errors: 0, Skipped: 0, Time elapsed: 0.05 sec
Running wicket.DisabledComponentTest
=== wicket.DisabledComponentPage1 ===
=== wicket.DisabledComponentPage2 : link ===
=== wicket.DisabledComponentPage1 ===
=== wicket.DisabledComponentPage1 : link ===
Tests run: 2, Failures: 0, Errors: 0, Skipped: 0, Time elapsed: 0.006 sec
Running wicket.ajax.AjaxTimerBehaviorTest
Tests run: 2, Failures: 0, Errors: 0, Skipped: 0, Time elapsed: 0.099 sec
Running wicket.AttributeModifierComponentTest
Tests run: 1, Failures: 0, Errors: 0, Skipped: 0, Time elapsed: 0.003 sec
Running wicket.FormDispatchEventTest
Tests run: 1, Failures: 0, Errors: 0, Skipped: 0, Time elapsed: 0.05 sec
Running wicket.ResourceTest
Tests run: 2, Failures: 0, Errors: 0, Skipped: 0, Time elapsed: 0.002 sec
Running wicket.model.StringResourceModelTest
Tests run: 9, Failures: 0, Errors: 0, Skipped: 0, Time elapsed: 0.034 sec
Running wicket.model.ModelToStringTest
Tests run: 7, Failures: 0, Errors: 0, Skipped: 0, Time elapsed: 0.004 sec
Running wicket.SharedResourceUrlTest
Tests run: 2, Failures: 0, Errors: 0, Skipped: 0, Time elapsed: 0.001 sec
Running wicket.MarkupContainerTest
Tests run: 1, Failures: 0, Errors: 0, Skipped: 0, Time elapsed: 0 sec
Running wicket.session.DefaultPageFactoryTest
Tests run: 1, Failures: 0, Errors: 0, Skipped: 0, Time elapsed: 0.001 sec

Results :

Failed tests:   test2(wicket.request.target.coding.PackageRequestTargetUrlCodingStrategyTest)

Tests in error: 
  test3(wicket.request.target.coding.PackageRequestTargetUrlCodingStrategyTest): Unable to load class with name: wicket.request.target.coding.

Tests run: 408, Failures: 1, Errors: 1, Skipped: 0

[INFO] ------------------------------------------------------------------------
[INFO] Reactor Summary:
[INFO] 
[INFO] Wicket JDK 1.4 modules ............................. SUCCESS [  1.605 s]
[INFO] Wicket ............................................. FAILURE [  8.321 s]
[INFO] Wicket Extensions .................................. SKIPPED
[INFO] Wicket Examples .................................... SKIPPED
[INFO] Wicket Portlet Examples ............................ SKIPPED
[INFO] Wicket Spring Integration .......................... SKIPPED
[INFO] Wicket Quickstart .................................. SKIPPED
[INFO] Wicket Date/Time ................................... SKIPPED
[INFO] ------------------------------------------------------------------------
[INFO] BUILD FAILURE
[INFO] ------------------------------------------------------------------------
[INFO] Total time: 10.607 s
[INFO] Finished at: 2016-07-31T11:47:04-07:00
[INFO] Final Memory: 18M/606M
[INFO] ------------------------------------------------------------------------
[ERROR] Failed to execute goal org.apache.maven.plugins:maven-surefire-plugin:2.12.4:test (default-test) on project wicket: There are test failures.
[ERROR] 
[ERROR] Please refer to /home/ylyu/dataset/wicket3/dataset/wicket/WICKET-294_5c592d85dd87dd02aeb88108f4e3c97689c85101/jdk-1.4/wicket/target/surefire-reports for the individual test results.
[ERROR] -> [Help 1]
[ERROR] 
[ERROR] To see the full stack trace of the errors, re-run Maven with the -e switch.
[ERROR] Re-run Maven using the -X switch to enable full debug logging.
[ERROR] 
[ERROR] For more information about the errors and possible solutions, please read the following articles:
[ERROR] [Help 1] http://cwiki.apache.org/confluence/display/MAVEN/MojoFailureException
[ERROR] 
[ERROR] After correcting the problems, you can resume the build with the command
[ERROR]   mvn <goals> -rf :wicket
