[INFO] Scanning for projects...
[WARNING] 
[WARNING] Some problems were encountered while building the effective model for org.apache.accumulo:accumulo-core:jar:1.4.0-incubating-SNAPSHOT
[WARNING] 'build.plugins.plugin.version' for org.apache.maven.plugins:maven-clean-plugin is missing. @ org.apache.accumulo:accumulo:1.4.0-incubating-SNAPSHOT, /local/rsaha/FLAIR-temp/dataset-fla/dataset/accumulo/versions/ACCUMULO-151_b007b22eebe713a3d96f564864aeb29a336b6a0e/pom.xml, line 59, column 15
[WARNING] 'build.plugins.plugin.version' for org.apache.maven.plugins:maven-compiler-plugin is missing. @ org.apache.accumulo:accumulo:1.4.0-incubating-SNAPSHOT, /local/rsaha/FLAIR-temp/dataset-fla/dataset/accumulo/versions/ACCUMULO-151_b007b22eebe713a3d96f564864aeb29a336b6a0e/pom.xml, line 145, column 15
[WARNING] 'build.plugins.plugin.version' for org.apache.maven.plugins:maven-surefire-plugin is missing. @ org.apache.accumulo:accumulo:1.4.0-incubating-SNAPSHOT, /local/rsaha/FLAIR-temp/dataset-fla/dataset/accumulo/versions/ACCUMULO-151_b007b22eebe713a3d96f564864aeb29a336b6a0e/pom.xml, line 172, column 15
[WARNING] 'build.plugins.plugin.version' for org.apache.maven.plugins:maven-jar-plugin is missing. @ org.apache.accumulo:accumulo-core:[unknown-version], /local/rsaha/FLAIR-temp/dataset-fla/dataset/accumulo/versions/ACCUMULO-151_b007b22eebe713a3d96f564864aeb29a336b6a0e/src/core/pom.xml, line 61, column 15
[WARNING] 
[WARNING] It is highly recommended to fix these problems because they threaten the stability of your build.
[WARNING] 
[WARNING] For this reason, future Maven versions might no longer support building such malformed projects.
[WARNING] 
[INFO]                                                                         
[INFO] ------------------------------------------------------------------------
[INFO] Building accumulo-core 1.4.0-incubating-SNAPSHOT
[INFO] ------------------------------------------------------------------------
[INFO] 
[INFO] --- maven-enforcer-plugin:1.0-beta-1:enforce (enforce-mvn) @ accumulo-core ---
[INFO] 
[INFO] --- exec-maven-plugin:1.1.1:exec (generate-core-thrift) @ accumulo-core ---
[INFO] thrift is not available
[INFO] 
[INFO] --- maven-resources-plugin:2.4:resources (default-resources) @ accumulo-core ---
[INFO] Using 'UTF-8' encoding to copy filtered resources.
[INFO] skip non existing resourceDirectory /local/rsaha/FLAIR-temp/dataset-fla/dataset/accumulo/versions/ACCUMULO-151_b007b22eebe713a3d96f564864aeb29a336b6a0e/src/core/src/main/resources
[INFO] 
[INFO] --- maven-dependency-plugin:2.8:copy-dependencies (copy-dependencies) @ accumulo-core ---
[INFO] commons-collections-3.2.jar already exists in destination.
[INFO] commons-lang-2.4.jar already exists in destination.
[INFO] log4j-1.2.16.jar already exists in destination.
[INFO] jline-0.9.94.jar already exists in destination.
[INFO] libthrift-0.6.1.jar already exists in destination.
[INFO] 
[INFO] --- maven-compiler-plugin:3.1:compile (default-compile) @ accumulo-core ---
[INFO] Nothing to compile - all classes are up to date
[INFO] 
[INFO] --- exec-maven-plugin:1.1.1:exec (generate-documentation) @ accumulo-core ---
[INFO] HADOOP_HOME is not set
[INFO] 
[INFO] --- maven-resources-plugin:2.4:testResources (default-testResources) @ accumulo-core ---
[INFO] Using 'UTF-8' encoding to copy filtered resources.
[INFO] Copying 2 resources
[INFO] 
[INFO] --- maven-compiler-plugin:3.1:testCompile (default-testCompile) @ accumulo-core ---
[INFO] Nothing to compile - all classes are up to date
[INFO] 
[INFO] --- maven-surefire-plugin:2.12.4:test (default-test) @ accumulo-core ---
[INFO] Surefire report directory: /local/rsaha/FLAIR-temp/dataset-fla/dataset/accumulo/versions/ACCUMULO-151_b007b22eebe713a3d96f564864aeb29a336b6a0e/src/core/target/surefire-reports

-------------------------------------------------------
 T E S T S
-------------------------------------------------------
Running org.apache.accumulo.core.iterators.RegExFilterTest
Tests run: 1, Failures: 0, Errors: 0, Skipped: 0, Time elapsed: 0.111 sec
Running org.apache.accumulo.core.iterators.RegExIteratorTest
Tests run: 2, Failures: 0, Errors: 0, Skipped: 0, Time elapsed: 0.044 sec
Running org.apache.accumulo.core.iterators.ColumnFilterTest
Tests run: 3, Failures: 0, Errors: 0, Skipped: 0, Time elapsed: 0 sec
Running org.apache.accumulo.core.iterators.FilterTest
Tests run: 8, Failures: 0, Errors: 0, Skipped: 0, Time elapsed: 0.296 sec
Running org.apache.accumulo.core.iterators.LargeRowFilterTest
Tests run: 5, Failures: 0, Errors: 0, Skipped: 0, Time elapsed: 0.124 sec
Running org.apache.accumulo.core.iterators.WholeRowIteratorTest
Tests run: 3, Failures: 0, Errors: 0, Skipped: 0, Time elapsed: 0.002 sec
Running org.apache.accumulo.core.iterators.filter.ColumnFilterTest
Tests run: 3, Failures: 0, Errors: 0, Skipped: 0, Time elapsed: 0 sec
Running org.apache.accumulo.core.iterators.VersioningIteratorTest
Tests run: 5, Failures: 0, Errors: 0, Skipped: 0, Time elapsed: 0.004 sec
Running org.apache.accumulo.core.iterators.FilteringIteratorTest
Tests run: 6, Failures: 0, Errors: 0, Skipped: 0, Time elapsed: 0.05 sec
Running org.apache.accumulo.core.iterators.ColumnFamilySkippingIteratorTest
Tests run: 3, Failures: 0, Errors: 0, Skipped: 0, Time elapsed: 0.435 sec
Running org.apache.accumulo.core.iterators.system.MultiIteratorTest
Tests run: 7, Failures: 0, Errors: 0, Skipped: 0, Time elapsed: 0.268 sec
Running org.apache.accumulo.core.iterators.system.SourceSwitchingIteratorTest
Tests run: 5, Failures: 0, Errors: 0, Skipped: 0, Time elapsed: 0.003 sec
Running org.apache.accumulo.core.iterators.system.DeletingIteratorTest
Tests run: 4, Failures: 0, Errors: 0, Skipped: 0, Time elapsed: 0.002 sec
Running org.apache.accumulo.core.iterators.system.TimeSettingIteratorTest
Tests run: 1, Failures: 0, Errors: 0, Skipped: 0, Time elapsed: 0 sec
Running org.apache.accumulo.core.iterators.IterUtilTest
Tests run: 5, Failures: 0, Errors: 0, Skipped: 0, Time elapsed: 0.028 sec
Running org.apache.accumulo.core.iterators.AggregatingIteratorTest
Tests run: 7, Failures: 0, Errors: 0, Skipped: 0, Time elapsed: 0.005 sec
Running org.apache.accumulo.core.iterators.IntersectingIteratorTest
Tests run: 5, Failures: 0, Errors: 0, Skipped: 0, Time elapsed: 0.554 sec
Running org.apache.accumulo.core.iterators.CombinerTest
Tests run: 10, Failures: 1, Errors: 0, Skipped: 0, Time elapsed: 0.033 sec <<< FAILURE!
test1(org.apache.accumulo.core.iterators.CombinerTest)  Time elapsed: 0.006 sec  <<< FAILURE!
org.junit.ComparisonFailure: expected:<[4]> but was:<[9]>
	at org.junit.Assert.assertEquals(Assert.java:99)
	at org.junit.Assert.assertEquals(Assert.java:117)
	at org.apache.accumulo.core.iterators.CombinerTest.test1(CombinerTest.java:103)
	at sun.reflect.NativeMethodAccessorImpl.invoke0(Native Method)
	at sun.reflect.NativeMethodAccessorImpl.invoke(NativeMethodAccessorImpl.java:57)
	at sun.reflect.DelegatingMethodAccessorImpl.invoke(DelegatingMethodAccessorImpl.java:43)
	at java.lang.reflect.Method.invoke(Method.java:606)
	at org.junit.internal.runners.TestMethod.invoke(TestMethod.java:59)
	at org.junit.internal.runners.MethodRoadie.runTestMethod(MethodRoadie.java:98)
	at org.junit.internal.runners.MethodRoadie$2.run(MethodRoadie.java:79)
	at org.junit.internal.runners.MethodRoadie.runBeforesThenTestThenAfters(MethodRoadie.java:87)
	at org.junit.internal.runners.MethodRoadie.runTest(MethodRoadie.java:77)
	at org.junit.internal.runners.MethodRoadie.run(MethodRoadie.java:42)
	at org.junit.internal.runners.JUnit4ClassRunner.invokeTestMethod(JUnit4ClassRunner.java:88)
	at org.junit.internal.runners.JUnit4ClassRunner.runMethods(JUnit4ClassRunner.java:51)
	at org.junit.internal.runners.JUnit4ClassRunner$1.run(JUnit4ClassRunner.java:44)
	at org.junit.internal.runners.ClassRoadie.runUnprotected(ClassRoadie.java:27)
	at org.junit.internal.runners.ClassRoadie.runProtected(ClassRoadie.java:37)
	at org.junit.internal.runners.JUnit4ClassRunner.run(JUnit4ClassRunner.java:42)
	at org.apache.maven.surefire.junit4.JUnit4Provider.execute(JUnit4Provider.java:252)
	at org.apache.maven.surefire.junit4.JUnit4Provider.executeTestSet(JUnit4Provider.java:141)
	at org.apache.maven.surefire.junit4.JUnit4Provider.invoke(JUnit4Provider.java:112)
	at sun.reflect.NativeMethodAccessorImpl.invoke0(Native Method)
	at sun.reflect.NativeMethodAccessorImpl.invoke(NativeMethodAccessorImpl.java:57)
	at sun.reflect.DelegatingMethodAccessorImpl.invoke(DelegatingMethodAccessorImpl.java:43)
	at java.lang.reflect.Method.invoke(Method.java:606)
	at org.apache.maven.surefire.util.ReflectionUtils.invokeMethodWithArray(ReflectionUtils.java:189)
	at org.apache.maven.surefire.booter.ProviderFactory$ProviderProxy.invoke(ProviderFactory.java:165)
	at org.apache.maven.surefire.booter.ProviderFactory.invokeProvider(ProviderFactory.java:85)
	at org.apache.maven.surefire.booter.ForkedBooter.runSuitesInProcess(ForkedBooter.java:115)
	at org.apache.maven.surefire.booter.ForkedBooter.main(ForkedBooter.java:75)

Running org.apache.accumulo.core.iterators.RowDeletingIteratorTest
Tests run: 4, Failures: 0, Errors: 0, Skipped: 0, Time elapsed: 0.001 sec
Running org.apache.accumulo.core.iterators.FamilyIntersectingIteratorTest
Tests run: 4, Failures: 0, Errors: 0, Skipped: 0, Time elapsed: 2.306 sec
Running org.apache.accumulo.core.iterators.aggregation.conf.AggregatorConfigurationTest
Tests run: 2, Failures: 0, Errors: 0, Skipped: 0, Time elapsed: 0.002 sec
Running org.apache.accumulo.core.iterators.aggregation.NumSummationTest
Tests run: 5, Failures: 0, Errors: 0, Skipped: 0, Time elapsed: 0.001 sec
Running org.apache.accumulo.core.conf.PropertyTest
Tests run: 3, Failures: 0, Errors: 0, Skipped: 0, Time elapsed: 0.004 sec
Running org.apache.accumulo.core.client.RowIteratorTest
Tests run: 2, Failures: 0, Errors: 0, Skipped: 0, Time elapsed: 0.001 sec
Running org.apache.accumulo.core.client.mapreduce.lib.partition.RangePartitionerTest
Tests run: 2, Failures: 0, Errors: 0, Skipped: 0, Time elapsed: 0.464 sec
Running org.apache.accumulo.core.client.mapreduce.AccumuloRowInputFormatTest
Tests run: 1, Failures: 0, Errors: 0, Skipped: 0, Time elapsed: 0.025 sec
Running org.apache.accumulo.core.client.mapreduce.AccumuloInputFormatTest
Tests run: 11, Failures: 0, Errors: 0, Skipped: 0, Time elapsed: 0.121 sec
Running org.apache.accumulo.core.client.mapreduce.AccumuloFileOutputFormatTest
file:/local/rsaha/FLAIR-temp/dataset-fla/dataset/accumulo/versions/ACCUMULO-151_b007b22eebe713a3d96f564864aeb29a336b6a0e/target/_temporary/_attempt__0000_r_000000_0/part-r-00000.rf
file:/local/rsaha/FLAIR-temp/dataset-fla/dataset/accumulo/versions/ACCUMULO-151_b007b22eebe713a3d96f564864aeb29a336b6a0e/target/_temporary/_attempt__0000_r_000000_0/part-r-00000.rf
Tests run: 4, Failures: 0, Errors: 0, Skipped: 0, Time elapsed: 0.048 sec
Running org.apache.accumulo.core.client.mock.MockConnectorTest
Tests run: 5, Failures: 0, Errors: 0, Skipped: 0, Time elapsed: 0.016 sec
Running org.apache.accumulo.core.client.impl.ScannerOptionsTest
Tests run: 1, Failures: 0, Errors: 0, Skipped: 0, Time elapsed: 0 sec
Running org.apache.accumulo.core.client.impl.TabletLocatorImplTest
Tests run: 16, Failures: 0, Errors: 0, Skipped: 0, Time elapsed: 0.023 sec
Running org.apache.accumulo.core.client.admin.TableOperationsHelperTest
Tests run: 1, Failures: 0, Errors: 0, Skipped: 0, Time elapsed: 0 sec
Running org.apache.accumulo.core.client.admin.FindMaxTest
Tests run: 1, Failures: 0, Errors: 0, Skipped: 0, Time elapsed: 0.867 sec
Running org.apache.accumulo.core.client.ClientSideIteratorTest
Tests run: 2, Failures: 0, Errors: 0, Skipped: 0, Time elapsed: 0.007 sec
Running org.apache.accumulo.core.data.ColumnTest
Tests run: 3, Failures: 0, Errors: 0, Skipped: 0, Time elapsed: 0 sec
Running org.apache.accumulo.core.data.KeyTest
Tests run: 3, Failures: 0, Errors: 0, Skipped: 0, Time elapsed: 0 sec
Running org.apache.accumulo.core.data.MapFileTest
Tests run: 3, Failures: 0, Errors: 0, Skipped: 0, Time elapsed: 0.769 sec
Running org.apache.accumulo.core.data.MutationTest
Tests run: 8, Failures: 0, Errors: 0, Skipped: 0, Time elapsed: 0.025 sec
Running org.apache.accumulo.core.data.KeyExtentTest
Tests run: 3, Failures: 0, Errors: 0, Skipped: 0, Time elapsed: 0.006 sec
Running org.apache.accumulo.core.data.RangeTest
Tests run: 43, Failures: 0, Errors: 0, Skipped: 0, Time elapsed: 0.009 sec
Running org.apache.accumulo.core.util.MetadataTableTest
Tests run: 1, Failures: 0, Errors: 0, Skipped: 0, Time elapsed: 0 sec
Running org.apache.accumulo.core.util.TextUtilTest
Tests run: 1, Failures: 0, Errors: 0, Skipped: 0, Time elapsed: 0 sec
Running org.apache.accumulo.core.util.MergeTest
Tests run: 1, Failures: 0, Errors: 0, Skipped: 0, Time elapsed: 0.001 sec
Running org.apache.accumulo.core.util.LocalityGroupUtilTest
Tests run: 2, Failures: 0, Errors: 0, Skipped: 0, Time elapsed: 0.005 sec
Running org.apache.accumulo.core.util.EscapeTokenizerTest
Tests run: 11, Failures: 0, Errors: 0, Skipped: 0, Time elapsed: 0 sec
Running org.apache.accumulo.core.util.TestStringUtil
Tests run: 1, Failures: 0, Errors: 0, Skipped: 0, Time elapsed: 0 sec
Running org.apache.accumulo.core.util.AddressUtilTest
Tests run: 2, Failures: 0, Errors: 0, Skipped: 0, Time elapsed: 0.014 sec
Running org.apache.accumulo.core.util.TestVersion
Tests run: 1, Failures: 0, Errors: 0, Skipped: 0, Time elapsed: 0 sec
Running org.apache.accumulo.core.security.VisibilityEvaluatorTest
Tests run: 1, Failures: 0, Errors: 0, Skipped: 0, Time elapsed: 0.001 sec
Running org.apache.accumulo.core.security.ColumnVisibilityTest
Tests run: 10, Failures: 0, Errors: 0, Skipped: 0, Time elapsed: 0.014 sec
Running org.apache.accumulo.core.security.AuthorizationsTest
Tests run: 2, Failures: 0, Errors: 0, Skipped: 0, Time elapsed: 0.001 sec
Running org.apache.accumulo.core.file.blockfile.cache.TestCachedBlockQueue
Tests run: 2, Failures: 0, Errors: 0, Skipped: 0, Time elapsed: 0.002 sec
Running org.apache.accumulo.core.file.blockfile.cache.TestLruBlockCache
Tests run: 7, Failures: 0, Errors: 0, Skipped: 0, Time elapsed: 1.035 sec
Running org.apache.accumulo.core.file.rfile.RFileTest
Tests run: 19, Failures: 0, Errors: 0, Skipped: 0, Time elapsed: 1.386 sec
Running org.apache.accumulo.core.file.rfile.MultiLevelIndexTest
Tests run: 1, Failures: 0, Errors: 0, Skipped: 0, Time elapsed: 0.196 sec

Results :

Failed tests:   test1(org.apache.accumulo.core.iterators.CombinerTest): expected:<[4]> but was:<[9]>

Tests run: 272, Failures: 1, Errors: 0, Skipped: 0

[INFO] ------------------------------------------------------------------------
[INFO] BUILD FAILURE
[INFO] ------------------------------------------------------------------------
[INFO] Total time: 12.640 s
[INFO] Finished at: 2016-08-09T20:12:55-07:00
[INFO] Final Memory: 13M/246M
[INFO] ------------------------------------------------------------------------
[ERROR] Failed to execute goal org.apache.maven.plugins:maven-surefire-plugin:2.12.4:test (default-test) on project accumulo-core: There are test failures.
[ERROR] 
[ERROR] Please refer to /local/rsaha/FLAIR-temp/dataset-fla/dataset/accumulo/versions/ACCUMULO-151_b007b22eebe713a3d96f564864aeb29a336b6a0e/src/core/target/surefire-reports for the individual test results.
[ERROR] -> [Help 1]
[ERROR] 
[ERROR] To see the full stack trace of the errors, re-run Maven with the -e switch.
[ERROR] Re-run Maven using the -X switch to enable full debug logging.
[ERROR] 
[ERROR] For more information about the errors and possible solutions, please read the following articles:
[ERROR] [Help 1] http://cwiki.apache.org/confluence/display/MAVEN/MojoFailureException
