[INFO] Scanning for projects...
[INFO]                                                                         
[INFO] ------------------------------------------------------------------------
[INFO] Building flink-runtime 0.10-SNAPSHOT
[INFO] ------------------------------------------------------------------------
[INFO] 
[INFO] --- maven-checkstyle-plugin:2.16:check (validate) @ flink-runtime ---
[INFO] 
[INFO] --- maven-enforcer-plugin:1.3.1:enforce (enforce-maven) @ flink-runtime ---
[INFO] 
[INFO] --- git-commit-id-plugin:2.1.5:revision (default) @ flink-runtime ---
[info] 
[info] 
[INFO] 
[INFO] --- build-helper-maven-plugin:1.7:add-source (add-source) @ flink-runtime ---
[INFO] Source directory: /space/parallel/flink/flink9/dataset/flink/FLINK-2754_68912126d73b92a07d15ec3f21f9ac922744fb45/flink-runtime/src/main/scala added.
[INFO] 
[INFO] --- maven-remote-resources-plugin:1.5:process (default) @ flink-runtime ---
[INFO] 
[INFO] --- maven-resources-plugin:2.6:resources (default-resources) @ flink-runtime ---
[INFO] Using 'UTF-8' encoding to copy filtered resources.
[INFO] Copying 60 resources
[INFO] Copying 3 resources
[INFO] 
[INFO] --- scala-maven-plugin:3.1.4:compile (scala-compile-first) @ flink-runtime ---
[INFO] Nothing to compile - all classes are up to date
[INFO] 
[INFO] --- maven-compiler-plugin:3.1:compile (default-compile) @ flink-runtime ---
[INFO] Changes detected - recompiling the module!
[INFO] Compiling 483 source files to /space/parallel/flink/flink9/dataset/flink/FLINK-2754_68912126d73b92a07d15ec3f21f9ac922744fb45/flink-runtime/target/classes
[WARNING] /space/parallel/flink/flink9/dataset/flink/FLINK-2754_68912126d73b92a07d15ec3f21f9ac922744fb45/flink-runtime/src/main/java/org/apache/flink/runtime/operators/CollectorMapDriver.java:[23,45] org.apache.flink.api.common.functions.GenericCollectorMap in org.apache.flink.api.common.functions has been deprecated
[WARNING] /space/parallel/flink/flink9/dataset/flink/FLINK-2754_68912126d73b92a07d15ec3f21f9ac922744fb45/flink-runtime/src/main/java/org/apache/flink/runtime/operators/CollectorMapDriver.java:[43,63] org.apache.flink.api.common.functions.GenericCollectorMap in org.apache.flink.api.common.functions has been deprecated
[WARNING] /space/parallel/flink/flink9/dataset/flink/FLINK-2754_68912126d73b92a07d15ec3f21f9ac922744fb45/flink-runtime/src/main/java/org/apache/flink/runtime/util/SignalHandler.java:[21,16] sun.misc.Signal is internal proprietary API and may be removed in a future release
[WARNING] /space/parallel/flink/flink9/dataset/flink/FLINK-2754_68912126d73b92a07d15ec3f21f9ac922744fb45/flink-runtime/src/main/java/org/apache/flink/runtime/util/SignalHandler.java:[32,57] sun.misc.SignalHandler is internal proprietary API and may be removed in a future release
[WARNING] /space/parallel/flink/flink9/dataset/flink/FLINK-2754_68912126d73b92a07d15ec3f21f9ac922744fb45/flink-runtime/src/main/java/org/apache/flink/runtime/operators/chaining/ChainedCollectorMapDriver.java:[22,45] org.apache.flink.api.common.functions.GenericCollectorMap in org.apache.flink.api.common.functions has been deprecated
[WARNING] /space/parallel/flink/flink9/dataset/flink/FLINK-2754_68912126d73b92a07d15ec3f21f9ac922744fb45/flink-runtime/src/main/java/org/apache/flink/runtime/util/DependencyVisitor.java:[191,29] visitMethodInsn(int,java.lang.String,java.lang.String,java.lang.String) in org.objectweb.asm.MethodVisitor has been deprecated
[WARNING] /space/parallel/flink/flink9/dataset/flink/FLINK-2754_68912126d73b92a07d15ec3f21f9ac922744fb45/flink-runtime/src/main/java/org/apache/flink/runtime/util/DataOutputSerializer.java:[303,38] sun.misc.Unsafe is internal proprietary API and may be removed in a future release
[WARNING] /space/parallel/flink/flink9/dataset/flink/FLINK-2754_68912126d73b92a07d15ec3f21f9ac922744fb45/flink-runtime/src/main/java/org/apache/flink/runtime/jobmanager/web/JobManagerInfoServlet.java:[127,81] unchecked conversion
  required: scala.Tuple3<java.lang.Integer,java.lang.Integer,java.lang.Integer>
  found:    scala.Tuple3
[WARNING] /space/parallel/flink/flink9/dataset/flink/FLINK-2754_68912126d73b92a07d15ec3f21f9ac922744fb45/flink-runtime/src/main/java/org/apache/flink/runtime/util/DataInputDeserializer.java:[316,38] sun.misc.Unsafe is internal proprietary API and may be removed in a future release
[WARNING] /space/parallel/flink/flink9/dataset/flink/FLINK-2754_68912126d73b92a07d15ec3f21f9ac922744fb45/flink-runtime/src/main/java/org/apache/flink/runtime/util/SignalHandler.java:[34,39] sun.misc.SignalHandler is internal proprietary API and may be removed in a future release
[WARNING] /space/parallel/flink/flink9/dataset/flink/FLINK-2754_68912126d73b92a07d15ec3f21f9ac922744fb45/flink-runtime/src/main/java/org/apache/flink/runtime/util/SignalHandler.java:[38,57] sun.misc.Signal is internal proprietary API and may be removed in a future release
[WARNING] /space/parallel/flink/flink9/dataset/flink/FLINK-2754_68912126d73b92a07d15ec3f21f9ac922744fb45/flink-runtime/src/main/java/org/apache/flink/runtime/util/SignalHandler.java:[38,39] sun.misc.Signal is internal proprietary API and may be removed in a future release
[WARNING] /space/parallel/flink/flink9/dataset/flink/FLINK-2754_68912126d73b92a07d15ec3f21f9ac922744fb45/flink-runtime/src/main/java/org/apache/flink/runtime/util/SignalHandler.java:[47,36] sun.misc.Signal is internal proprietary API and may be removed in a future release
[INFO] 
[INFO] --- build-helper-maven-plugin:1.7:add-test-source (add-test-source) @ flink-runtime ---
[INFO] Test Source directory: /space/parallel/flink/flink9/dataset/flink/FLINK-2754_68912126d73b92a07d15ec3f21f9ac922744fb45/flink-runtime/src/test/scala added.
[INFO] 
[INFO] --- maven-resources-plugin:2.6:testResources (default-testResources) @ flink-runtime ---
[INFO] Using 'UTF-8' encoding to copy filtered resources.
[INFO] Copying 2 resources
[INFO] Copying 3 resources
[INFO] 
[INFO] --- scala-maven-plugin:3.1.4:testCompile (scala-test-compile) @ flink-runtime ---
[INFO] Nothing to compile - all classes are up to date
[INFO] 
[INFO] --- maven-compiler-plugin:3.1:testCompile (default-testCompile) @ flink-runtime ---
[INFO] Nothing to compile - all classes are up to date
[INFO] 
[INFO] --- maven-surefire-plugin:2.18.1:test (default-test) @ flink-runtime ---
[INFO] Surefire report directory: /space/parallel/flink/flink9/dataset/flink/FLINK-2754_68912126d73b92a07d15ec3f21f9ac922744fb45/flink-runtime/target/surefire-reports

-------------------------------------------------------
 T E S T S
-------------------------------------------------------
Running org.apache.flink.runtime.operators.hash.HashTableTest
Running org.apache.flink.runtime.operators.drivers.ReduceDriverTest
Running org.apache.flink.runtime.operators.MatchTaskTest
Running org.apache.flink.runtime.operators.MapTaskTest
Running org.apache.flink.runtime.operators.resettable.SpillingResettableMutableObjectIteratorTest
Running org.apache.flink.runtime.operators.FullOuterJoinTaskTest
Running org.apache.flink.runtime.operators.resettable.SpillingResettableIteratorTest
Running org.apache.flink.runtime.operators.resettable.BlockResettableMutableObjectIteratorTest
Running org.apache.flink.runtime.operators.drivers.AllReduceDriverTest
Running org.apache.flink.runtime.operators.drivers.GroupReduceDriverTest
Running org.apache.flink.runtime.operators.drivers.AllGroupReduceDriverTest
Running org.apache.flink.runtime.operators.drivers.ReduceCombineDriverTest
Running org.apache.flink.runtime.operators.resettable.ReusingBlockResettableIteratorTest
Running org.apache.flink.runtime.operators.resettable.NonReusingBlockResettableIteratorTest
Running org.apache.flink.runtime.operators.hash.MemoryHashTableTest
Running org.apache.flink.runtime.operators.CoGroupTaskTest
Tests run: 1, Failures: 0, Errors: 0, Skipped: 0, Time elapsed: 1.833 sec - in org.apache.flink.runtime.operators.hash.HashTableTest
Running org.apache.flink.runtime.operators.RightOuterJoinTaskTest
Tests run: 3, Failures: 0, Errors: 0, Skipped: 0, Time elapsed: 0.868 sec - in org.apache.flink.runtime.operators.drivers.AllGroupReduceDriverTest
Tests run: 3, Failures: 0, Errors: 0, Skipped: 0, Time elapsed: 1.385 sec - in org.apache.flink.runtime.operators.drivers.AllReduceDriverTest
Running org.apache.flink.runtime.operators.hash.CompactingHashTableTest
Running org.apache.flink.runtime.operators.LeftOuterJoinTaskTest
Running org.apache.flink.runtime.operators.CombinerOversizedRecordsTest
Running org.apache.flink.runtime.operators.CachedMatchTaskTest
Tests run: 3, Failures: 0, Errors: 0, Skipped: 0, Time elapsed: 1.336 sec - in org.apache.flink.runtime.operators.drivers.ReduceCombineDriverTest
Running org.apache.flink.runtime.operators.CombineTaskTest
Tests run: 3, Failures: 0, Errors: 0, Skipped: 0, Time elapsed: 2.012 sec - in org.apache.flink.runtime.operators.drivers.ReduceDriverTest
Running org.apache.flink.runtime.operators.sort.FixedLengthRecordSorterTest
Tests run: 3, Failures: 0, Errors: 0, Skipped: 0, Time elapsed: 2.781 sec - in org.apache.flink.runtime.operators.resettable.BlockResettableMutableObjectIteratorTest
Tests run: 5, Failures: 0, Errors: 0, Skipped: 0, Time elapsed: 2.69 sec - in org.apache.flink.runtime.operators.drivers.GroupReduceDriverTest
Tests run: 4, Failures: 0, Errors: 0, Skipped: 0, Time elapsed: 2.946 sec - in org.apache.flink.runtime.operators.resettable.SpillingResettableIteratorTest
Tests run: 6, Failures: 0, Errors: 0, Skipped: 0, Time elapsed: 3.286 sec - in org.apache.flink.runtime.operators.MapTaskTest
Running org.apache.flink.runtime.operators.sort.LargeRecordHandlerTest
Tests run: 3, Failures: 0, Errors: 0, Skipped: 0, Time elapsed: 3.568 sec - in org.apache.flink.runtime.operators.resettable.NonReusingBlockResettableIteratorTest
Tests run: 2, Failures: 0, Errors: 0, Skipped: 0, Time elapsed: 4.478 sec - in org.apache.flink.runtime.operators.resettable.SpillingResettableMutableObjectIteratorTest
Running org.apache.flink.runtime.operators.sort.MergeIteratorTest
Running org.apache.flink.runtime.operators.util.RecordOutputEmitterTest
Running org.apache.flink.runtime.operators.util.BloomFilterTest
Tests run: 3, Failures: 0, Errors: 0, Skipped: 0, Time elapsed: 0.235 sec - in org.apache.flink.runtime.operators.sort.MergeIteratorTest
Running org.apache.flink.runtime.operators.ReduceTaskTest
Running org.apache.flink.runtime.operators.sort.NormalizedKeySorterTest
Tests run: 9, Failures: 0, Errors: 0, Skipped: 0, Time elapsed: 0.295 sec - in org.apache.flink.runtime.operators.util.BloomFilterTest
Running org.apache.flink.runtime.operators.util.OutputEmitterTest
Tests run: 6, Failures: 0, Errors: 0, Skipped: 0, Time elapsed: 3.403 sec - in org.apache.flink.runtime.operators.CombineTaskTest
Running org.apache.flink.runtime.operators.CrossTaskTest
Tests run: 7, Failures: 0, Errors: 0, Skipped: 0, Time elapsed: 1.13 sec - in org.apache.flink.runtime.operators.util.OutputEmitterTest
Tests run: 3, Failures: 0, Errors: 0, Skipped: 0, Time elapsed: 5.921 sec - in org.apache.flink.runtime.operators.resettable.ReusingBlockResettableIteratorTest
Running org.apache.flink.runtime.checkpoint.CheckpointCoordinatorTest
Running org.apache.flink.runtime.checkpoint.CoordinatorShutdownTest
Running org.apache.flink.runtime.checkpoint.CheckpointStateRestoreTest
Running org.apache.flink.runtime.fs.s3.S3FileSystemTest
Tests run: 2, Failures: 0, Errors: 0, Skipped: 0, Time elapsed: 5.692 sec - in org.apache.flink.runtime.operators.CombinerOversizedRecordsTest
Running org.apache.flink.runtime.memory.MemorySegmentSimpleTest
Tests run: 3, Failures: 0, Errors: 0, Skipped: 0, Time elapsed: 1.578 sec - in org.apache.flink.runtime.checkpoint.CheckpointStateRestoreTest
Tests run: 5, Failures: 0, Errors: 0, Skipped: 0, Time elapsed: 1.113 sec - in org.apache.flink.runtime.fs.s3.S3FileSystemTest
Running org.apache.flink.runtime.memory.MemoryManagerConcurrentModReleaseTest
Running org.apache.flink.runtime.memory.MemoryManagerTest
Running org.apache.flink.runtime.memory.MemoryManagerLazyAllocationTest
Running org.apache.flink.runtime.iterative.event.EventWithAggregatorsTest
Tests run: 2, Failures: 0, Errors: 0, Skipped: 0, Time elapsed: 0.084 sec - in org.apache.flink.runtime.iterative.event.EventWithAggregatorsTest
Tests run: 26, Failures: 0, Errors: 0, Skipped: 0, Time elapsed: 9.678 sec - in org.apache.flink.runtime.operators.FullOuterJoinTaskTest
Tests run: 4, Failures: 0, Errors: 0, Skipped: 0, Time elapsed: 1.04 sec - in org.apache.flink.runtime.memory.MemoryManagerTest
Tests run: 2, Failures: 0, Errors: 0, Skipped: 0, Time elapsed: 1.339 sec - in org.apache.flink.runtime.memory.MemoryManagerConcurrentModReleaseTest
Tests run: 8, Failures: 0, Errors: 0, Skipped: 0, Time elapsed: 3.442 sec - in org.apache.flink.runtime.checkpoint.CheckpointCoordinatorTest
Tests run: 4, Failures: 0, Errors: 0, Skipped: 0, Time elapsed: 1.16 sec - in org.apache.flink.runtime.memory.MemoryManagerLazyAllocationTest
Tests run: 9, Failures: 0, Errors: 0, Skipped: 0, Time elapsed: 3.469 sec - in org.apache.flink.runtime.memory.MemorySegmentSimpleTest
Tests run: 18, Failures: 0, Errors: 0, Skipped: 0, Time elapsed: 10.494 sec - in org.apache.flink.runtime.operators.CoGroupTaskTest
Tests run: 26, Failures: 0, Errors: 0, Skipped: 0, Time elapsed: 10.311 sec - in org.apache.flink.runtime.operators.RightOuterJoinTaskTest
Running org.apache.flink.runtime.iterative.concurrent.SuperstepBarrierTest
Running org.apache.flink.runtime.iterative.concurrent.BrokerTest
Running org.apache.flink.runtime.net.NetUtilsTest
Running org.apache.flink.runtime.blob.BlobCacheRetriesTest
Running org.apache.flink.runtime.blob.BlobServerPutTest
Running org.apache.flink.runtime.iterative.concurrent.BlockingBackChannelTest
Running org.apache.flink.runtime.blob.BlobServerGetTest
Running org.apache.flink.runtime.iterative.concurrent.SuperstepKickoffLatchTest
Running org.apache.flink.runtime.operators.DataSinkTaskTest
Tests run: 5, Failures: 0, Errors: 0, Skipped: 0, Time elapsed: 0.564 sec - in org.apache.flink.runtime.iterative.concurrent.SuperstepKickoffLatchTest
Tests run: 8, Failures: 0, Errors: 0, Skipped: 0, Time elapsed: 8.636 sec - in org.apache.flink.runtime.operators.util.RecordOutputEmitterTest
Tests run: 2, Failures: 0, Errors: 0, Skipped: 0, Time elapsed: 6.718 sec - in org.apache.flink.runtime.checkpoint.CoordinatorShutdownTest
Tests run: 2, Failures: 0, Errors: 0, Skipped: 0, Time elapsed: 1.492 sec - in org.apache.flink.runtime.iterative.concurrent.SuperstepBarrierTest
Tests run: 26, Failures: 0, Errors: 0, Skipped: 0, Time elapsed: 11.752 sec - in org.apache.flink.runtime.operators.LeftOuterJoinTaskTest
Running org.apache.flink.runtime.blob.BlobKeyTest
Running org.apache.flink.runtime.operators.chaining.ChainTaskTest
Tests run: 4, Failures: 0, Errors: 0, Skipped: 0, Time elapsed: 0.418 sec - in org.apache.flink.runtime.blob.BlobKeyTest
Tests run: 2, Failures: 0, Errors: 0, Skipped: 0, Time elapsed: 1.804 sec - in org.apache.flink.runtime.blob.BlobCacheRetriesTest
Tests run: 12, Failures: 0, Errors: 0, Skipped: 0, Time elapsed: 9.372 sec - in org.apache.flink.runtime.operators.ReduceTaskTest
Running org.apache.flink.runtime.blob.BlobUtilsTest
Tests run: 1, Failures: 0, Errors: 0, Skipped: 0, Time elapsed: 2.687 sec - in org.apache.flink.runtime.iterative.concurrent.BrokerTest
Running org.apache.flink.runtime.blob.BlobServerDeleteTest
Tests run: 2, Failures: 0, Errors: 0, Skipped: 0, Time elapsed: 0.506 sec - in org.apache.flink.runtime.blob.BlobUtilsTest
Tests run: 22, Failures: 0, Errors: 0, Skipped: 0, Time elapsed: 13.223 sec - in org.apache.flink.runtime.operators.CachedMatchTaskTest
Tests run: 1, Failures: 0, Errors: 0, Skipped: 0, Time elapsed: 2.594 sec - in org.apache.flink.runtime.iterative.concurrent.BlockingBackChannelTest
Tests run: 2, Failures: 0, Errors: 0, Skipped: 0, Time elapsed: 2.654 sec - in org.apache.flink.runtime.blob.BlobServerGetTest
Tests run: 1, Failures: 0, Errors: 0, Skipped: 0, Time elapsed: 3.091 sec - in org.apache.flink.runtime.net.NetUtilsTest
Running org.apache.flink.runtime.blob.BlobClientTest
Running org.apache.flink.runtime.filecache.FileCacheDeleteValidationTest
Running org.apache.flink.runtime.jobgraph.JobGraphTest
Running org.apache.flink.runtime.leaderelection.ZooKeeperLeaderElectionTest
Running org.apache.flink.runtime.blob.BlobCacheSuccessTest
Running org.apache.flink.runtime.jobgraph.jsonplan.JsonGeneratorTest
Running org.apache.flink.runtime.jobgraph.JobIdTest
Tests run: 32, Failures: 0, Errors: 0, Skipped: 0, Time elapsed: 10.435 sec - in org.apache.flink.runtime.operators.CrossTaskTest
Tests run: 1, Failures: 0, Errors: 0, Skipped: 0, Time elapsed: 0.13 sec - in org.apache.flink.runtime.jobgraph.JobIdTest
Tests run: 6, Failures: 0, Errors: 0, Skipped: 0, Time elapsed: 1.135 sec - in org.apache.flink.runtime.jobgraph.JobGraphTest
Running org.apache.flink.runtime.leaderelection.StandaloneLeaderElectionTest
Tests run: 5, Failures: 0, Errors: 0, Skipped: 0, Time elapsed: 2.384 sec - in org.apache.flink.runtime.blob.BlobServerDeleteTest
Running org.apache.flink.runtime.leaderelection.LeaderChangeStateCleanupTest
Running org.apache.flink.runtime.leaderelection.JobManagerLeaderElectionTest
Running org.apache.flink.runtime.leaderelection.ZooKeeperLeaderRetrievalTest
Running org.apache.flink.runtime.jobgraph.JobTaskVertexTest
Tests run: 1, Failures: 0, Errors: 0, Skipped: 0, Time elapsed: 0.702 sec - in org.apache.flink.runtime.leaderelection.StandaloneLeaderElectionTest
Running org.apache.flink.runtime.event.task.TaskEventTest
Tests run: 3, Failures: 0, Errors: 0, Skipped: 0, Time elapsed: 0.073 sec - in org.apache.flink.runtime.event.task.TaskEventTest
Tests run: 1, Failures: 0, Errors: 0, Skipped: 0, Time elapsed: 2.168 sec - in org.apache.flink.runtime.blob.BlobCacheSuccessTest
Tests run: 5, Failures: 0, Errors: 0, Skipped: 0, Time elapsed: 6.269 sec - in org.apache.flink.runtime.blob.BlobServerPutTest
Running org.apache.flink.runtime.messages.CheckpointMessagesTest
Tests run: 4, Failures: 0, Errors: 0, Skipped: 0, Time elapsed: 1.6 sec - in org.apache.flink.runtime.jobgraph.JobTaskVertexTest
Tests run: 1, Failures: 0, Errors: 0, Skipped: 0, Time elapsed: 2.725 sec - in org.apache.flink.runtime.jobgraph.jsonplan.JsonGeneratorTest
Tests run: 2, Failures: 0, Errors: 0, Skipped: 0, Time elapsed: 0.443 sec - in org.apache.flink.runtime.messages.CheckpointMessagesTest
Running org.apache.flink.runtime.executiongraph.TerminalStateDeadlockTest
Running org.apache.flink.runtime.messages.WebMonitorMessagesTest
Running org.apache.flink.runtime.executiongraph.ExecutionStateProgressTest
Tests run: 46, Failures: 0, Errors: 0, Skipped: 0, Time elapsed: 19.559 sec - in org.apache.flink.runtime.operators.MatchTaskTest
Running org.apache.flink.runtime.operators.DataSourceTaskTest
Tests run: 3, Failures: 0, Errors: 0, Skipped: 0, Time elapsed: 0.589 sec - in org.apache.flink.runtime.messages.WebMonitorMessagesTest
Running org.apache.flink.runtime.executiongraph.ExecutionVertexCancelTest
Running org.apache.flink.runtime.executiongraph.ExecutionVertexSchedulingTest
Running org.apache.flink.runtime.executiongraph.ExecutionGraphDeploymentTest
Tests run: 9, Failures: 1, Errors: 1, Skipped: 0, Time elapsed: 18.702 sec <<< FAILURE! - in org.apache.flink.runtime.operators.sort.FixedLengthRecordSorterTest
testFlushPartialMemoryPage(org.apache.flink.runtime.operators.sort.FixedLengthRecordSorterTest)  Time elapsed: 1.351 sec  <<< ERROR!
java.io.EOFException: null
	at org.apache.flink.runtime.operators.sort.FixedLengthRecordSorter$SingleSegmentInputView.nextSegment(FixedLengthRecordSorter.java:489)
	at org.apache.flink.runtime.memory.AbstractPagedInputView.advance(AbstractPagedInputView.java:159)
	at org.apache.flink.runtime.memory.AbstractPagedInputView.readInt(AbstractPagedInputView.java:338)
	at org.apache.flink.runtime.operators.testutils.types.IntPairComparator.readWithKeyDenormalization(IntPairComparator.java:140)
	at org.apache.flink.runtime.operators.testutils.types.IntPairComparator.readWithKeyDenormalization(IntPairComparator.java:29)
	at org.apache.flink.runtime.operators.sort.FixedLengthRecordSorter.writeToOutput(FixedLengthRecordSorter.java:451)
	at org.apache.flink.runtime.operators.sort.FixedLengthRecordSorterTest.testFlushPartialMemoryPage(FixedLengthRecordSorterTest.java:455)

testFlushPartialMemoryPage(org.apache.flink.runtime.operators.sort.FixedLengthRecordSorterTest)  Time elapsed: 1.353 sec  <<< FAILURE!
java.lang.AssertionError: Memory Leak: Some memory has not been returned to the memory manager.
	at org.junit.Assert.fail(Assert.java:88)
	at org.apache.flink.runtime.operators.sort.FixedLengthRecordSorterTest.afterTest(FixedLengthRecordSorterTest.java:78)

Running org.apache.flink.runtime.executiongraph.PointwisePatternTest
Running org.apache.flink.runtime.executiongraph.VertexSlotSharingTest
Running org.apache.flink.runtime.executiongraph.AllVerticesIteratorTest
Tests run: 1, Failures: 0, Errors: 0, Skipped: 0, Time elapsed: 3.051 sec - in org.apache.flink.runtime.executiongraph.ExecutionStateProgressTest
Tests run: 3, Failures: 0, Errors: 0, Skipped: 0, Time elapsed: 19.301 sec - in org.apache.flink.runtime.operators.sort.LargeRecordHandlerTest
Tests run: 1, Failures: 0, Errors: 0, Skipped: 0, Time elapsed: 7.435 sec - in org.apache.flink.runtime.filecache.FileCacheDeleteValidationTest
Tests run: 4, Failures: 0, Errors: 0, Skipped: 0, Time elapsed: 7.517 sec - in org.apache.flink.runtime.blob.BlobClientTest
Running org.apache.flink.runtime.executiongraph.ExecutionGraphRestartTest
Running org.apache.flink.runtime.executiongraph.TaskManagerLossFailsTasksTest
Running org.apache.flink.runtime.executiongraph.ExecutionGraphConstructionTest
Tests run: 1, Failures: 0, Errors: 0, Skipped: 0, Time elapsed: 2.396 sec - in org.apache.flink.runtime.executiongraph.VertexSlotSharingTest
Running org.apache.flink.runtime.executiongraph.VertexLocationConstraintTest
Running org.apache.flink.runtime.executiongraph.ExecutionVertexDeploymentTest
Running org.apache.flink.runtime.jobmanager.SlotCountExceedingParallelismTest
Tests run: 7, Failures: 0, Errors: 0, Skipped: 0, Time elapsed: 4.123 sec - in org.apache.flink.runtime.executiongraph.PointwisePatternTest
Running org.apache.flink.runtime.executiongraph.LocalInputSplitsTest
Running org.apache.flink.runtime.jobmanager.JobManagerProcessReapingTest
Tests run: 1, Failures: 0, Errors: 0, Skipped: 0, Time elapsed: 3.379 sec - in org.apache.flink.runtime.executiongraph.TaskManagerLossFailsTasksTest
Tests run: 11, Failures: 0, Errors: 0, Skipped: 0, Time elapsed: 6.657 sec - in org.apache.flink.runtime.executiongraph.ExecutionVertexCancelTest
Tests run: 6, Failures: 0, Errors: 0, Skipped: 0, Time elapsed: 3.372 sec - in org.apache.flink.runtime.executiongraph.VertexLocationConstraintTest
Tests run: 1, Failures: 0, Errors: 0, Skipped: 0, Time elapsed: 5.821 sec - in org.apache.flink.runtime.executiongraph.AllVerticesIteratorTest
Tests run: 3, Failures: 0, Errors: 0, Skipped: 0, Time elapsed: 7.308 sec - in org.apache.flink.runtime.executiongraph.ExecutionVertexSchedulingTest
[ERROR] [07/14/2016 21:53:20.461] [TestingActorSystem-akka.actor.default-dispatcher-7] [akka://TestingActorSystem/user/$a] Kill (akka.actor.ActorKilledException)
Running org.apache.flink.runtime.jobmanager.JobManagerConnectionTest
Running org.apache.flink.runtime.jobmanager.JobManagerStartupTest
Tests run: 1, Failures: 0, Errors: 0, Skipped: 0, Time elapsed: 9.78 sec - in org.apache.flink.runtime.executiongraph.TerminalStateDeadlockTest
Running org.apache.flink.runtime.jobmanager.scheduler.SchedulerSlotSharingTest
Tests run: 7, Failures: 0, Errors: 0, Skipped: 0, Time elapsed: 3.676 sec - in org.apache.flink.runtime.executiongraph.LocalInputSplitsTest
[ERROR] [07/14/2016 21:53:21.799] [TestingActorSystem-akka.actor.default-dispatcher-7] [akka://TestingActorSystem/user/$c] Kill (akka.actor.ActorKilledException)
Tests run: 3, Failures: 0, Errors: 0, Skipped: 0, Time elapsed: 28.203 sec - in org.apache.flink.runtime.operators.hash.CompactingHashTableTest
[INFO] [07/14/2016 21:53:21.830] [TestingActorSystem-akka.actor.default-dispatcher-6] [akka://TestingActorSystem/user/$c] Message [akka.dispatch.sysmsg.Terminate] from Actor[akka://TestingActorSystem/user/$c#82582891] to Actor[akka://TestingActorSystem/user/$c#82582891] was not delivered. [1] dead letters encountered. This logging can be turned off or adjusted with configuration settings 'akka.log-dead-letters' and 'akka.log-dead-letters-during-shutdown'.
Tests run: 2, Failures: 0, Errors: 0, Skipped: 0, Time elapsed: 12.658 sec - in org.apache.flink.runtime.leaderelection.JobManagerLeaderElectionTest
Running org.apache.flink.runtime.jobmanager.scheduler.ScheduleOrUpdateConsumersTest
Running org.apache.flink.runtime.jobmanager.scheduler.SlotAllocationFutureTest
Running org.apache.flink.runtime.jobmanager.scheduler.ScheduleWithCoLocationHintTest
Tests run: 8, Failures: 0, Errors: 0, Skipped: 0, Time elapsed: 7.071 sec - in org.apache.flink.runtime.executiongraph.ExecutionGraphConstructionTest
Running org.apache.flink.runtime.jobmanager.JobManagerTest
Tests run: 3, Failures: 0, Errors: 0, Skipped: 0, Time elapsed: 0.649 sec - in org.apache.flink.runtime.jobmanager.scheduler.SlotAllocationFutureTest
Tests run: 2, Failures: 0, Errors: 0, Skipped: 0, Time elapsed: 7.924 sec - in org.apache.flink.runtime.executiongraph.ExecutionGraphRestartTest
Running org.apache.flink.runtime.jobmanager.scheduler.SetQueueTest
Tests run: 2, Failures: 0, Errors: 0, Skipped: 0, Time elapsed: 0.091 sec - in org.apache.flink.runtime.jobmanager.scheduler.SetQueueTest
Running org.apache.flink.runtime.jobmanager.scheduler.CoLocationConstraintTest
Running org.apache.flink.runtime.jobmanager.scheduler.LifoSetQueueTest
Tests run: 2, Failures: 0, Errors: 0, Skipped: 0, Time elapsed: 0.708 sec - in org.apache.flink.runtime.jobmanager.scheduler.CoLocationConstraintTest
Tests run: 2, Failures: 0, Errors: 0, Skipped: 0, Time elapsed: 0.1 sec - in org.apache.flink.runtime.jobmanager.scheduler.LifoSetQueueTest
Running org.apache.flink.runtime.jobmanager.scheduler.SchedulerIsolatedTasksTest
Running org.apache.flink.runtime.jobmanager.JobSubmitTest
Tests run: 7, Failures: 0, Errors: 0, Skipped: 0, Time elapsed: 9.72 sec - in org.apache.flink.runtime.executiongraph.ExecutionVertexDeploymentTest
Tests run: 2, Failures: 0, Errors: 0, Skipped: 0, Time elapsed: 5.582 sec - in org.apache.flink.runtime.jobmanager.JobManagerConnectionTest
Running org.apache.flink.runtime.taskmanager.TaskExecutionStateTest
Tests run: 12, Failures: 0, Errors: 0, Skipped: 0, Time elapsed: 5.713 sec - in org.apache.flink.runtime.jobmanager.scheduler.SchedulerSlotSharingTest
Tests run: 9, Failures: 0, Errors: 0, Skipped: 0, Time elapsed: 4.051 sec - in org.apache.flink.runtime.jobmanager.scheduler.ScheduleWithCoLocationHintTest
Tests run: 3, Failures: 0, Errors: 0, Skipped: 0, Time elapsed: 0.455 sec - in org.apache.flink.runtime.taskmanager.TaskExecutionStateTest
Running org.apache.flink.runtime.taskmanager.TaskAsyncCallTest
Tests run: 2, Failures: 0, Errors: 0, Skipped: 0, Time elapsed: 22.658 sec - in org.apache.flink.runtime.operators.chaining.ChainTaskTest
Running org.apache.flink.runtime.taskmanager.TaskManagerTest
Running org.apache.flink.runtime.taskmanager.TaskManagerStartupTest
Tests run: 2, Failures: 0, Errors: 0, Skipped: 0, Time elapsed: 8.058 sec - in org.apache.flink.runtime.jobmanager.JobManagerStartupTest
Running org.apache.flink.runtime.taskmanager.TaskInputSplitProviderTest
Running org.apache.flink.runtime.taskmanager.TaskManagerComponentsStartupShutdownTest
Running org.apache.flink.runtime.taskmanager.TaskCancelTest
Tests run: 2, Failures: 0, Errors: 0, Skipped: 0, Time elapsed: 20.401 sec - in org.apache.flink.runtime.leaderelection.ZooKeeperLeaderRetrievalTest
Running org.apache.flink.runtime.taskmanager.TaskManagerRegistrationTest
Tests run: 1, Failures: 0, Errors: 0, Skipped: 0, Time elapsed: 13.311 sec - in org.apache.flink.runtime.jobmanager.SlotCountExceedingParallelismTest
Running org.apache.flink.runtime.jobmanager.JobManagerRegistrationTest
Running org.apache.flink.runtime.taskmanager.TaskTest
Running org.apache.flink.runtime.taskmanager.TaskManagerConfigurationTest
Tests run: 1, Failures: 0, Errors: 0, Skipped: 0, Time elapsed: 12.429 sec - in org.apache.flink.runtime.jobmanager.JobManagerProcessReapingTest
Running org.apache.flink.runtime.taskmanager.TaskManagerProcessReapingTest
Tests run: 2, Failures: 0, Errors: 0, Skipped: 0, Time elapsed: 1.163 sec - in org.apache.flink.runtime.jobmanager.JobManagerRegistrationTest
Tests run: 2, Failures: 0, Errors: 0, Skipped: 0, Time elapsed: 4.099 sec - in org.apache.flink.runtime.taskmanager.TaskAsyncCallTest
Running org.apache.flink.runtime.akka.FlinkUntypedActorTest
Tests run: 2, Failures: 0, Errors: 0, Skipped: 0, Time elapsed: 7.194 sec - in org.apache.flink.runtime.jobmanager.JobSubmitTest
Running org.apache.flink.runtime.client.SerializedJobExecutionResultTest
Tests run: 2, Failures: 0, Errors: 0, Skipped: 0, Time elapsed: 0.151 sec - in org.apache.flink.runtime.client.SerializedJobExecutionResultTest
Tests run: 3, Failures: 0, Errors: 0, Skipped: 0, Time elapsed: 2.691 sec - in org.apache.flink.runtime.taskmanager.TaskManagerConfigurationTest
Tests run: 1, Failures: 0, Errors: 0, Skipped: 0, Time elapsed: 5.344 sec - in org.apache.flink.runtime.taskmanager.TaskInputSplitProviderTest
Tests run: 2, Failures: 0, Errors: 0, Skipped: 0, Time elapsed: 11.649 sec - in org.apache.flink.runtime.jobmanager.JobManagerTest
Running org.apache.flink.runtime.deployment.TaskDeploymentDescriptorTest
Tests run: 5, Failures: 0, Errors: 0, Skipped: 0, Time elapsed: 9.941 sec - in org.apache.flink.runtime.jobmanager.scheduler.SchedulerIsolatedTasksTest
Running org.apache.flink.runtime.util.MathUtilTest
Running org.apache.flink.runtime.execution.librarycache.BlobLibraryCacheManagerTest
Tests run: 3, Failures: 0, Errors: 0, Skipped: 0, Time elapsed: 0.114 sec - in org.apache.flink.runtime.util.MathUtilTest
Tests run: 19, Failures: 0, Errors: 0, Skipped: 0, Time elapsed: 5.244 sec - in org.apache.flink.runtime.taskmanager.TaskTest
Tests run: 1, Failures: 0, Errors: 0, Skipped: 0, Time elapsed: 1.132 sec - in org.apache.flink.runtime.deployment.TaskDeploymentDescriptorTest
Tests run: 6, Failures: 0, Errors: 0, Skipped: 0, Time elapsed: 23.663 sec - in org.apache.flink.runtime.executiongraph.ExecutionGraphDeploymentTest
Running org.apache.flink.runtime.util.AtomicDisposableReferenceCounterTest
Running org.apache.flink.runtime.util.LRUCacheMapTest
Tests run: 1, Failures: 0, Errors: 0, Skipped: 0, Time elapsed: 14.418 sec - in org.apache.flink.runtime.jobmanager.scheduler.ScheduleOrUpdateConsumersTest
Running org.apache.flink.runtime.util.UnionIteratorTest
Running org.apache.flink.runtime.util.ReusingKeyGroupedIteratorTest
Tests run: 2, Failures: 0, Errors: 0, Skipped: 0, Time elapsed: 0.05 sec - in org.apache.flink.runtime.util.UnionIteratorTest
Tests run: 5, Failures: 0, Errors: 0, Skipped: 0, Time elapsed: 0.133 sec - in org.apache.flink.runtime.util.LRUCacheMapTest
Tests run: 3, Failures: 0, Errors: 0, Skipped: 0, Time elapsed: 8.691 sec - in org.apache.flink.runtime.taskmanager.TaskManagerStartupTest
Tests run: 3, Failures: 0, Errors: 0, Skipped: 0, Time elapsed: 0.266 sec - in org.apache.flink.runtime.util.AtomicDisposableReferenceCounterTest
Running org.apache.flink.runtime.akka.FlinkActorTest
Tests run: 4, Failures: 0, Errors: 0, Skipped: 0, Time elapsed: 0.305 sec - in org.apache.flink.runtime.util.ReusingKeyGroupedIteratorTest
Tests run: 1, Failures: 0, Errors: 0, Skipped: 0, Time elapsed: 8.211 sec - in org.apache.flink.runtime.taskmanager.TaskManagerComponentsStartupShutdownTest
Running org.apache.flink.runtime.akka.AkkaUtilsTest
Running org.apache.flink.runtime.util.event.TaskEventHandlerTest
Tests run: 2, Failures: 0, Errors: 0, Skipped: 0, Time elapsed: 2.385 sec - in org.apache.flink.runtime.execution.librarycache.BlobLibraryCacheManagerTest
Tests run: 2, Failures: 0, Errors: 0, Skipped: 0, Time elapsed: 0.876 sec - in org.apache.flink.runtime.akka.FlinkActorTest
Tests run: 1, Failures: 0, Errors: 0, Skipped: 0, Time elapsed: 0.183 sec - in org.apache.flink.runtime.util.event.TaskEventHandlerTest
Tests run: 2, Failures: 0, Errors: 0, Skipped: 0, Time elapsed: 6.136 sec - in org.apache.flink.runtime.akka.FlinkUntypedActorTest
Running org.apache.flink.runtime.util.DataInputOutputSerializerTest
Running org.apache.flink.runtime.util.DelegatingConfigurationTest
Running org.apache.flink.runtime.util.SerializedThrowableTest
Tests run: 1, Failures: 0, Errors: 0, Skipped: 0, Time elapsed: 0.085 sec - in org.apache.flink.runtime.util.DelegatingConfigurationTest
Tests run: 2, Failures: 0, Errors: 0, Skipped: 0, Time elapsed: 0.119 sec - in org.apache.flink.runtime.util.SerializedThrowableTest
Running org.apache.flink.runtime.util.NonReusingKeyGroupedIteratorTest
Running org.apache.flink.runtime.util.JarFileCreatorTest
Running org.apache.flink.runtime.util.ClassLoaderUtilsTest
Running org.apache.flink.runtime.util.ZooKeeperUtilTest
Running org.apache.flink.runtime.util.EnvironmentInformationTest
Tests run: 3, Failures: 0, Errors: 0, Skipped: 0, Time elapsed: 1.967 sec - in org.apache.flink.runtime.akka.AkkaUtilsTest
Tests run: 4, Failures: 0, Errors: 0, Skipped: 0, Time elapsed: 0.388 sec - in org.apache.flink.runtime.util.NonReusingKeyGroupedIteratorTest
Running org.apache.flink.runtime.instance.InstanceTest
Running org.apache.flink.runtime.instance.HardwareTest
Tests run: 3, Failures: 0, Errors: 0, Skipped: 0, Time elapsed: 0.761 sec - in org.apache.flink.runtime.util.ClassLoaderUtilsTest
Tests run: 1, Failures: 0, Errors: 0, Skipped: 0, Time elapsed: 0.637 sec - in org.apache.flink.runtime.util.ZooKeeperUtilTest
Tests run: 4, Failures: 0, Errors: 0, Skipped: 0, Time elapsed: 0.543 sec - in org.apache.flink.runtime.instance.InstanceTest
Running org.apache.flink.runtime.instance.SimpleSlotTest
Running org.apache.flink.runtime.instance.InstanceConnectionInfoTest
Tests run: 9, Failures: 0, Errors: 0, Skipped: 0, Time elapsed: 1.394 sec - in org.apache.flink.runtime.util.JarFileCreatorTest
Tests run: 2, Failures: 0, Errors: 0, Skipped: 0, Time elapsed: 1.071 sec - in org.apache.flink.runtime.instance.HardwareTest
Running org.apache.flink.runtime.instance.SharedSlotsTest
Running org.apache.flink.runtime.io.disk.iomanager.BufferFileWriterFileSegmentReaderTest
Running org.apache.flink.runtime.state.ByteStreamStateHandleTest
Tests run: 1, Failures: 0, Errors: 0, Skipped: 0, Time elapsed: 0.165 sec - in org.apache.flink.runtime.state.ByteStreamStateHandleTest
Running org.apache.flink.runtime.io.disk.iomanager.IOManagerTest
Running org.apache.flink.runtime.instance.InstanceManagerTest
Tests run: 8, Failures: 0, Errors: 0, Skipped: 0, Time elapsed: 0.587 sec - in org.apache.flink.runtime.instance.SharedSlotsTest
Running org.apache.flink.runtime.io.disk.iomanager.BufferFileWriterReaderTest
Tests run: 14, Failures: 0, Errors: 0, Skipped: 0, Time elapsed: 49.748 sec - in org.apache.flink.runtime.operators.hash.MemoryHashTableTest
Tests run: 1, Failures: 0, Errors: 0, Skipped: 0, Time elapsed: 1.053 sec - in org.apache.flink.runtime.io.disk.iomanager.IOManagerTest
Tests run: 2, Failures: 0, Errors: 0, Skipped: 0, Time elapsed: 4.139 sec - in org.apache.flink.runtime.util.DataInputOutputSerializerTest
Tests run: 3, Failures: 0, Errors: 0, Skipped: 0, Time elapsed: 2.55 sec - in org.apache.flink.runtime.instance.SimpleSlotTest
Running org.apache.flink.runtime.io.disk.iomanager.IOManagerAsyncTest
Running org.apache.flink.runtime.io.disk.iomanager.AsynchronousBufferFileWriterTest
Running org.apache.flink.runtime.io.disk.ChannelViewsTest
Tests run: 1, Failures: 0, Errors: 0, Skipped: 0, Time elapsed: 2.418 sec - in org.apache.flink.runtime.io.disk.iomanager.BufferFileWriterFileSegmentReaderTest
Running org.apache.flink.runtime.io.disk.iomanager.AsynchronousFileIOChannelTest
Running org.apache.flink.runtime.io.network.DefaultChannelSelectorTest
Tests run: 1, Failures: 0, Errors: 0, Skipped: 0, Time elapsed: 0.017 sec - in org.apache.flink.runtime.io.network.DefaultChannelSelectorTest
Running org.apache.flink.runtime.io.network.netty.CancelPartitionRequestTest
Running org.apache.flink.runtime.io.disk.FileChannelStreamsTest
Tests run: 6, Failures: 0, Errors: 0, Skipped: 0, Time elapsed: 4.143 sec - in org.apache.flink.runtime.instance.InstanceConnectionInfoTest
Running org.apache.flink.runtime.io.disk.SpillingBufferTest
Tests run: 3, Failures: 0, Errors: 0, Skipped: 0, Time elapsed: 5.568 sec - in org.apache.flink.runtime.util.EnvironmentInformationTest
Running org.apache.flink.runtime.io.disk.SeekableFileChannelInputViewTest
Running org.apache.flink.runtime.io.network.netty.NettyServerLowAndHighWatermarkTest
Running org.apache.flink.runtime.io.network.netty.PartitionRequestClientHandlerTest
Tests run: 2, Failures: 0, Errors: 0, Skipped: 0, Time elapsed: 3.585 sec - in org.apache.flink.runtime.io.disk.iomanager.BufferFileWriterReaderTest
Running org.apache.flink.runtime.io.network.netty.PartitionRequestClientFactoryTest
Tests run: 2, Failures: 0, Errors: 0, Skipped: 0, Time elapsed: 1.448 sec - in org.apache.flink.runtime.io.disk.FileChannelStreamsTest
Running org.apache.flink.runtime.io.network.netty.PartitionRequestQueueTest
Tests run: 1, Failures: 0, Errors: 0, Skipped: 0, Time elapsed: 2.768 sec - in org.apache.flink.runtime.io.disk.SeekableFileChannelInputViewTest
Running org.apache.flink.runtime.io.network.netty.ServerTransportErrorHandlingTest
Running org.apache.flink.runtime.io.network.netty.NettyMessageSerializationTest
Running org.apache.flink.runtime.io.network.netty.ClientTransportErrorHandlingTest
Tests run: 6, Failures: 0, Errors: 0, Skipped: 0, Time elapsed: 5.974 sec - in org.apache.flink.runtime.io.disk.iomanager.IOManagerAsyncTest
Running org.apache.flink.runtime.io.network.partition.PartialConsumePipelinedResultTest
Tests run: 1, Failures: 0, Errors: 0, Skipped: 0, Time elapsed: 5.25 sec - in org.apache.flink.runtime.io.network.netty.PartitionRequestClientFactoryTest
Tests run: 1, Failures: 0, Errors: 0, Skipped: 0, Time elapsed: 22.568 sec - in org.apache.flink.runtime.taskmanager.TaskCancelTest
Tests run: 1, Failures: 0, Errors: 0, Skipped: 0, Time elapsed: 6.582 sec - in org.apache.flink.runtime.io.network.netty.NettyServerLowAndHighWatermarkTest
Tests run: 1, Failures: 0, Errors: 0, Skipped: 0, Time elapsed: 5.242 sec - in org.apache.flink.runtime.io.network.netty.PartitionRequestQueueTest
Tests run: 4, Failures: 0, Errors: 0, Skipped: 0, Time elapsed: 6.573 sec - in org.apache.flink.runtime.io.network.netty.PartitionRequestClientHandlerTest
Tests run: 4, Failures: 0, Errors: 0, Skipped: 0, Time elapsed: 43.708 sec - in org.apache.flink.runtime.leaderelection.LeaderChangeStateCleanupTest
Running org.apache.flink.runtime.io.network.partition.SpilledSubpartitionViewTest
Running org.apache.flink.runtime.io.network.partition.SpilledSubpartitionViewSyncIOTest
Tests run: 4, Failures: 0, Errors: 0, Skipped: 0, Time elapsed: 9.348 sec - in org.apache.flink.runtime.io.disk.iomanager.AsynchronousFileIOChannelTest
Tests run: 4, Failures: 0, Errors: 0, Skipped: 0, Time elapsed: 8.302 sec - in org.apache.flink.runtime.io.disk.SpillingBufferTest
Tests run: 1, Failures: 0, Errors: 0, Skipped: 0, Time elapsed: 4.405 sec - in org.apache.flink.runtime.io.network.netty.NettyMessageSerializationTest
Tests run: 4, Failures: 0, Errors: 0, Skipped: 0, Time elapsed: 11.779 sec - in org.apache.flink.runtime.instance.InstanceManagerTest
Running org.apache.flink.runtime.io.network.partition.SpillableSubpartitionTest
Running org.apache.flink.runtime.io.network.partition.PipelinedSubpartitionTest
Running org.apache.flink.runtime.io.network.partition.consumer.LocalInputChannelTest
Running org.apache.flink.runtime.io.network.partition.consumer.RemoteInputChannelTest
Running org.apache.flink.runtime.io.network.partition.consumer.InputChannelTest
Running org.apache.flink.runtime.io.network.partition.consumer.UnionInputGateTest
Tests run: 2, Failures: 0, Errors: 0, Skipped: 0, Time elapsed: 2.643 sec - in org.apache.flink.runtime.io.network.partition.SpilledSubpartitionViewTest
Tests run: 6, Failures: 0, Errors: 0, Skipped: 0, Time elapsed: 1.72 sec - in org.apache.flink.runtime.io.network.partition.SpillableSubpartitionTest
Running org.apache.flink.runtime.io.network.partition.SpilledSubpartitionViewAsyncIOTest
Running org.apache.flink.runtime.io.network.partition.consumer.SingleInputGateTest
Tests run: 4, Failures: 0, Errors: 0, Skipped: 0, Time elapsed: 1.264 sec - in org.apache.flink.runtime.io.network.partition.consumer.InputChannelTest
Running org.apache.flink.runtime.io.network.partition.ProducerFailedExceptionTest
Tests run: 6, Failures: 0, Errors: 0, Skipped: 0, Time elapsed: 7.27 sec - in org.apache.flink.runtime.io.network.netty.ClientTransportErrorHandlingTest
Tests run: 2, Failures: 0, Errors: 0, Skipped: 0, Time elapsed: 0.133 sec - in org.apache.flink.runtime.io.network.partition.ProducerFailedExceptionTest
Tests run: 1, Failures: 0, Errors: 0, Skipped: 0, Time elapsed: 8.551 sec - in org.apache.flink.runtime.io.network.netty.ServerTransportErrorHandlingTest
Tests run: 2, Failures: 0, Errors: 0, Skipped: 0, Time elapsed: 3.491 sec - in org.apache.flink.runtime.io.network.partition.SpilledSubpartitionViewSyncIOTest
Tests run: 7, Failures: 0, Errors: 0, Skipped: 0, Time elapsed: 26.596 sec - in org.apache.flink.runtime.taskmanager.TaskManagerRegistrationTest
Tests run: 4, Failures: 0, Errors: 0, Skipped: 0, Time elapsed: 13.421 sec - in org.apache.flink.runtime.io.disk.iomanager.AsynchronousBufferFileWriterTest
Tests run: 1, Failures: 0, Errors: 0, Skipped: 0, Time elapsed: 2.391 sec - in org.apache.flink.runtime.io.network.partition.consumer.UnionInputGateTest
Running org.apache.flink.runtime.io.network.api.serialization.SpanningRecordSerializationTest
Running org.apache.flink.runtime.io.network.api.serialization.EventSerializerTest
Running org.apache.flink.runtime.io.network.api.serialization.SpanningRecordSerializerTest
Tests run: 1, Failures: 0, Errors: 0, Skipped: 0, Time elapsed: 0.326 sec - in org.apache.flink.runtime.io.network.api.serialization.EventSerializerTest
Running org.apache.flink.runtime.io.network.buffer.BufferPoolFactoryTest
Running org.apache.flink.runtime.io.network.DataExchangeModeTest
Tests run: 3, Failures: 0, Errors: 0, Skipped: 0, Time elapsed: 0.112 sec - in org.apache.flink.runtime.io.network.DataExchangeModeTest
Running org.apache.flink.runtime.io.network.api.reader.AbstractReaderTest
Tests run: 1, Failures: 0, Errors: 0, Skipped: 0, Time elapsed: 27.407 sec - in org.apache.flink.runtime.taskmanager.TaskManagerProcessReapingTest
Tests run: 2, Failures: 0, Errors: 0, Skipped: 0, Time elapsed: 2.963 sec - in org.apache.flink.runtime.io.network.partition.consumer.SingleInputGateTest
Tests run: 7, Failures: 0, Errors: 0, Skipped: 0, Time elapsed: 30.731 sec - in org.apache.flink.runtime.taskmanager.TaskManagerTest
Tests run: 7, Failures: 0, Errors: 0, Skipped: 0, Time elapsed: 1.186 sec - in org.apache.flink.runtime.io.network.buffer.BufferPoolFactoryTest
Running org.apache.flink.runtime.io.network.api.serialization.PagedViewsTest
Tests run: 12, Failures: 0, Errors: 0, Skipped: 0, Time elapsed: 5.868 sec - in org.apache.flink.runtime.io.network.partition.PipelinedSubpartitionTest
Running org.apache.flink.runtime.io.network.buffer.BufferTest
Running org.apache.flink.runtime.io.network.buffer.LocalBufferPoolTest
Running org.apache.flink.runtime.io.network.NetworkEnvironmentTest
Tests run: 1, Failures: 0, Errors: 0, Skipped: 0, Time elapsed: 5.854 sec - in org.apache.flink.runtime.io.network.partition.SpilledSubpartitionViewAsyncIOTest
Running org.apache.flink.runtime.io.network.buffer.NetworkBufferPoolTest
Tests run: 4, Failures: 0, Errors: 0, Skipped: 0, Time elapsed: 3.176 sec - in org.apache.flink.runtime.io.network.api.reader.AbstractReaderTest
Running org.apache.flink.runtime.io.network.serialization.LargeRecordsTest
Tests run: 2, Failures: 0, Errors: 0, Skipped: 0, Time elapsed: 2.411 sec - in org.apache.flink.runtime.io.network.buffer.BufferTest
Tests run: 2, Failures: 0, Errors: 0, Skipped: 0, Time elapsed: 2.241 sec - in org.apache.flink.runtime.io.network.buffer.NetworkBufferPoolTest
Tests run: 6, Failures: 0, Errors: 0, Skipped: 0, Time elapsed: 5.973 sec - in org.apache.flink.runtime.io.network.api.serialization.SpanningRecordSerializerTest
Tests run: 3, Failures: 0, Errors: 0, Skipped: 0, Time elapsed: 52.636 sec - in org.apache.flink.runtime.operators.DataSourceTaskTest
Running org.apache.flink.runtime.io.network.api.writer.RecordWriterTest
Tests run: 10, Failures: 0, Errors: 0, Skipped: 0, Time elapsed: 3.535 sec - in org.apache.flink.runtime.io.network.buffer.LocalBufferPoolTest
Tests run: 4, Failures: 0, Errors: 0, Skipped: 0, Time elapsed: 7.77 sec - in org.apache.flink.runtime.io.network.api.serialization.SpanningRecordSerializationTest
Tests run: 1, Failures: 0, Errors: 0, Skipped: 0, Time elapsed: 15.102 sec - in org.apache.flink.runtime.io.network.partition.PartialConsumePipelinedResultTest
Tests run: 3, Failures: 0, Errors: 0, Skipped: 0, Time elapsed: 11.994 sec - in org.apache.flink.runtime.io.network.partition.consumer.LocalInputChannelTest
Tests run: 3, Failures: 0, Errors: 0, Skipped: 0, Time elapsed: 3.515 sec - in org.apache.flink.runtime.io.network.api.writer.RecordWriterTest
Running org.apache.flink.runtime.io.network.api.reader.BufferReaderTest
Tests run: 10, Failures: 0, Errors: 0, Skipped: 0, Time elapsed: 9.305 sec - in org.apache.flink.runtime.io.network.api.serialization.PagedViewsTest
Tests run: 1, Failures: 0, Errors: 0, Skipped: 0, Time elapsed: 8.116 sec - in org.apache.flink.runtime.io.network.NetworkEnvironmentTest
Tests run: 2, Failures: 0, Errors: 0, Skipped: 0, Time elapsed: 25.749 sec - in org.apache.flink.runtime.io.network.netty.CancelPartitionRequestTest
Tests run: 7, Failures: 0, Errors: 0, Skipped: 0, Time elapsed: 65.707 sec - in org.apache.flink.runtime.operators.DataSinkTaskTest
Tests run: 2, Failures: 0, Errors: 0, Skipped: 0, Time elapsed: 3.714 sec - in org.apache.flink.runtime.io.network.api.reader.BufferReaderTest
Tests run: 8, Failures: 0, Errors: 0, Skipped: 0, Time elapsed: 29.893 sec - in org.apache.flink.runtime.io.network.partition.consumer.RemoteInputChannelTest
Tests run: 8, Failures: 0, Errors: 0, Skipped: 0, Time elapsed: 94.004 sec - in org.apache.flink.runtime.operators.sort.NormalizedKeySorterTest
Tests run: 2, Failures: 0, Errors: 0, Skipped: 0, Time elapsed: 30.274 sec - in org.apache.flink.runtime.io.network.serialization.LargeRecordsTest
Tests run: 6, Failures: 0, Errors: 0, Skipped: 0, Time elapsed: 87.555 sec - in org.apache.flink.runtime.leaderelection.ZooKeeperLeaderElectionTest
Tests run: 6, Failures: 0, Errors: 0, Skipped: 0, Time elapsed: 70.15 sec - in org.apache.flink.runtime.io.disk.ChannelViewsTest

Results :

Tests in error: 
org.apache.flink.runtime.operators.sort.FixedLengthRecordSorterTest.testFlushPartialMemoryPage(org.apache.flink.runtime.operators.sort.FixedLengthRecordSorterTest)
  Run 1: FixedLengthRecordSorterTest.testFlushPartialMemoryPage:455 Â» EOF
  Run 2: FixedLengthRecordSorterTest.afterTest:78 Memory Leak: Some memory has not been returned to the memory manager.


Tests run: 831, Failures: 0, Errors: 1, Skipped: 0

[INFO] ------------------------------------------------------------------------
[INFO] BUILD FAILURE
[INFO] ------------------------------------------------------------------------
[INFO] Total time: 02:18 min
[INFO] Finished at: 2016-07-14T21:54:54-07:00
[INFO] Final Memory: 51M/3502M
[INFO] ------------------------------------------------------------------------
[ERROR] Failed to execute goal org.apache.maven.plugins:maven-surefire-plugin:2.18.1:test (default-test) on project flink-runtime: There are test failures.
[ERROR] 
[ERROR] Please refer to /space/parallel/flink/flink9/dataset/flink/FLINK-2754_68912126d73b92a07d15ec3f21f9ac922744fb45/flink-runtime/target/surefire-reports for the individual test results.
[ERROR] -> [Help 1]
[ERROR] 
[ERROR] To see the full stack trace of the errors, re-run Maven with the -e switch.
[ERROR] Re-run Maven using the -X switch to enable full debug logging.
[ERROR] 
[ERROR] For more information about the errors and possible solutions, please read the following articles:
[ERROR] [Help 1] http://cwiki.apache.org/confluence/display/MAVEN/MojoFailureException
