[INFO] Scanning for projects...
[INFO]                                                                         
[INFO] ------------------------------------------------------------------------
[INFO] Building Oak upgrade 1.1-SNAPSHOT
[INFO] ------------------------------------------------------------------------
[INFO] 
[INFO] --- jacoco-maven-plugin:0.7.1.201405082137:prepare-agent (pre-unit-test) @ oak-upgrade ---
[INFO] Skipping JaCoCo execution because property jacoco.skip is set.
[INFO] test.opts.coverage set to empty
[INFO] 
[INFO] --- maven-remote-resources-plugin:1.4:process (default) @ oak-upgrade ---
[INFO] 
[INFO] --- maven-resources-plugin:2.6:resources (default-resources) @ oak-upgrade ---
[INFO] Using 'UTF-8' encoding to copy filtered resources.
[INFO] skip non existing resourceDirectory /home/ylyu/parallel/oak/oak9/dataset/oak/OAK-2047_a0a495f0732b05a7a21dd5f68d7a7fc3c5cc1e2e/oak-upgrade/src/main/resources
[INFO] Copying 3 resources
[INFO] 
[INFO] --- maven-compiler-plugin:2.5.1:compile (default-compile) @ oak-upgrade ---
[INFO] Nothing to compile - all classes are up to date
[INFO] 
[INFO] --- maven-resources-plugin:2.6:testResources (default-testResources) @ oak-upgrade ---
[INFO] Using 'UTF-8' encoding to copy filtered resources.
[INFO] Copying 3 resources
[INFO] Copying 3 resources
[INFO] 
[INFO] --- maven-compiler-plugin:2.5.1:testCompile (default-testCompile) @ oak-upgrade ---
[INFO] Nothing to compile - all classes are up to date
[INFO] 
[INFO] --- maven-surefire-plugin:2.12.4:test (default-test) @ oak-upgrade ---
[INFO] Surefire report directory: /home/ylyu/parallel/oak/oak9/dataset/oak/OAK-2047_a0a495f0732b05a7a21dd5f68d7a7fc3c5cc1e2e/oak-upgrade/target/surefire-reports

-------------------------------------------------------
 T E S T S
-------------------------------------------------------
Running org.apache.jackrabbit.oak.upgrade.RepositoryGroupMemberSplitUpgradeTest
Tests run: 3, Failures: 0, Errors: 0, Skipped: 0, Time elapsed: 8.858 sec
Running org.apache.jackrabbit.oak.upgrade.TickerTest
Tests run: 2, Failures: 0, Errors: 0, Skipped: 0, Time elapsed: 0.005 sec
Running org.apache.jackrabbit.oak.upgrade.RepositoryUpgradeTest
Tests run: 9, Failures: 1, Errors: 0, Skipped: 0, Time elapsed: 4.384 sec <<< FAILURE!
verifyPrivileges(org.apache.jackrabbit.oak.upgrade.RepositoryUpgradeTest)  Time elapsed: 0.018 sec  <<< FAILURE!
junit.framework.AssertionFailedError: Miss match in aggregate privilege jcr:all expected [rep:readNodes, rep:readProperties, rep:addProperties, rep:alterProperties, rep:removeProperties, jcr:addChildNodes, jcr:removeChildNodes, jcr:removeNode, jcr:readAccessControl, jcr:modifyAccessControl, jcr:nodeTypeManagement, jcr:versionManagement, jcr:lockManagement, jcr:lifecycleManagement, jcr:retentionManagement, jcr:workspaceManagement, jcr:nodeTypeDefinitionManagement, jcr:namespaceManagement, rep:privilegeManagement, rep:userManagement, rep:indexDefinitionManagement, jcr:read, jcr:modifyProperties, jcr:write, rep:write] actual [test:privilege, rep:alterProperties, jcr:read, jcr:addChildNodes, jcr:nodeTypeManagement, jcr:removeChildNodes, jcr:nodeTypeDefinitionManagement, jcr:removeNode, jcr:write, jcr:readAccessControl, rep:readProperties, test:aggregate, jcr:modifyAccessControl, jcr:lifecycleManagement, jcr:versionManagement, jcr:namespaceManagement, jcr:lockManagement, jcr:workspaceManagement, rep:readNodes, jcr:modifyProperties, jcr:retentionManagement, rep:removeProperties, rep:write, rep:addProperties, rep:privilegeManagement]
	at junit.framework.Assert.fail(Assert.java:50)
	at junit.framework.Assert.assertTrue(Assert.java:20)
	at org.apache.jackrabbit.oak.upgrade.RepositoryUpgradeTest.verifyPrivileges(RepositoryUpgradeTest.java:258)
	at sun.reflect.NativeMethodAccessorImpl.invoke0(Native Method)
	at sun.reflect.NativeMethodAccessorImpl.invoke(NativeMethodAccessorImpl.java:57)
	at sun.reflect.DelegatingMethodAccessorImpl.invoke(DelegatingMethodAccessorImpl.java:43)
	at java.lang.reflect.Method.invoke(Method.java:606)
	at org.junit.runners.model.FrameworkMethod$1.runReflectiveCall(FrameworkMethod.java:45)
	at org.junit.internal.runners.model.ReflectiveCallable.run(ReflectiveCallable.java:15)
	at org.junit.runners.model.FrameworkMethod.invokeExplosively(FrameworkMethod.java:42)
	at org.junit.internal.runners.statements.InvokeMethod.evaluate(InvokeMethod.java:20)
	at org.junit.internal.runners.statements.RunBefores.evaluate(RunBefores.java:28)
	at org.junit.runners.ParentRunner.runLeaf(ParentRunner.java:263)
	at org.junit.runners.BlockJUnit4ClassRunner.runChild(BlockJUnit4ClassRunner.java:68)
	at org.junit.runners.BlockJUnit4ClassRunner.runChild(BlockJUnit4ClassRunner.java:47)
	at org.junit.runners.ParentRunner$3.run(ParentRunner.java:231)
	at org.junit.runners.ParentRunner$1.schedule(ParentRunner.java:60)
	at org.junit.runners.ParentRunner.runChildren(ParentRunner.java:229)
	at org.junit.runners.ParentRunner.access$000(ParentRunner.java:50)
	at org.junit.runners.ParentRunner$2.evaluate(ParentRunner.java:222)
	at org.junit.internal.runners.statements.RunBefores.evaluate(RunBefores.java:28)
	at org.junit.runners.ParentRunner.run(ParentRunner.java:300)
	at org.apache.maven.surefire.junit4.JUnit4Provider.execute(JUnit4Provider.java:252)
	at org.apache.maven.surefire.junit4.JUnit4Provider.executeTestSet(JUnit4Provider.java:141)
	at org.apache.maven.surefire.junit4.JUnit4Provider.invoke(JUnit4Provider.java:112)
	at sun.reflect.NativeMethodAccessorImpl.invoke0(Native Method)
	at sun.reflect.NativeMethodAccessorImpl.invoke(NativeMethodAccessorImpl.java:57)
	at sun.reflect.DelegatingMethodAccessorImpl.invoke(DelegatingMethodAccessorImpl.java:43)
	at java.lang.reflect.Method.invoke(Method.java:606)
	at org.apache.maven.surefire.util.ReflectionUtils.invokeMethodWithArray(ReflectionUtils.java:189)
	at org.apache.maven.surefire.booter.ProviderFactory$ProviderProxy.invoke(ProviderFactory.java:165)
	at org.apache.maven.surefire.booter.ProviderFactory.invokeProvider(ProviderFactory.java:85)
	at org.apache.maven.surefire.booter.ForkedBooter.runSuitesInProcess(ForkedBooter.java:115)
	at org.apache.maven.surefire.booter.ForkedBooter.main(ForkedBooter.java:75)

Running org.apache.jackrabbit.oak.upgrade.RepositoryGroupMemberUpgradeTest
Tests run: 3, Failures: 0, Errors: 0, Skipped: 0, Time elapsed: 2.544 sec

Results :

Failed tests:   verifyPrivileges(org.apache.jackrabbit.oak.upgrade.RepositoryUpgradeTest): Miss match in aggregate privilege jcr:all expected [rep:readNodes, rep:readProperties, rep:addProperties, rep:alterProperties, rep:removeProperties, jcr:addChildNodes, jcr:removeChildNodes, jcr:removeNode, jcr:readAccessControl, jcr:modifyAccessControl, jcr:nodeTypeManagement, jcr:versionManagement, jcr:lockManagement, jcr:lifecycleManagement, jcr:retentionManagement, jcr:workspaceManagement, jcr:nodeTypeDefinitionManagement, jcr:namespaceManagement, rep:privilegeManagement, rep:userManagement, rep:indexDefinitionManagement, jcr:read, jcr:modifyProperties, jcr:write, rep:write] actual [test:privilege, rep:alterProperties, jcr:read, jcr:addChildNodes, jcr:nodeTypeManagement, jcr:removeChildNodes, jcr:nodeTypeDefinitionManagement, jcr:removeNode, jcr:write, jcr:readAccessControl, rep:readProperties, test:aggregate, jcr:modifyAccessControl, jcr:lifecycleManagement, jcr:versionManagement, jcr:namespaceManagement, jcr:lockManagement, jcr:workspaceManagement, rep:readNodes, jcr:modifyProperties, jcr:retentionManagement, rep:removeProperties, rep:write, rep:addProperties, rep:privilegeManagement]

Tests run: 17, Failures: 1, Errors: 0, Skipped: 0

[INFO] ------------------------------------------------------------------------
[INFO] BUILD FAILURE
[INFO] ------------------------------------------------------------------------
[INFO] Total time: 18.448 s
[INFO] Finished at: 2016-07-29T06:10:23-07:00
[INFO] Final Memory: 19M/964M
[INFO] ------------------------------------------------------------------------
[ERROR] Failed to execute goal org.apache.maven.plugins:maven-surefire-plugin:2.12.4:test (default-test) on project oak-upgrade: There are test failures.
[ERROR] 
[ERROR] Please refer to /home/ylyu/parallel/oak/oak9/dataset/oak/OAK-2047_a0a495f0732b05a7a21dd5f68d7a7fc3c5cc1e2e/oak-upgrade/target/surefire-reports for the individual test results.
[ERROR] -> [Help 1]
[ERROR] 
[ERROR] To see the full stack trace of the errors, re-run Maven with the -e switch.
[ERROR] Re-run Maven using the -X switch to enable full debug logging.
[ERROR] 
[ERROR] For more information about the errors and possible solutions, please read the following articles:
[ERROR] [Help 1] http://cwiki.apache.org/confluence/display/MAVEN/MojoFailureException
