[INFO] Scanning for projects...
[INFO]                                                                         
[INFO] ------------------------------------------------------------------------
[INFO] Building Oak Core 0.11-SNAPSHOT
[INFO] ------------------------------------------------------------------------
[INFO] 
[INFO] --- maven-remote-resources-plugin:1.2.1:process (default) @ oak-core ---
[INFO] 
[INFO] --- maven-resources-plugin:2.5:resources (default-resources) @ oak-core ---
[debug] execute contextualize
[INFO] Using 'UTF-8' encoding to copy filtered resources.
[INFO] Copying 2 resources
[INFO] Copying 3 resources
[INFO] 
[INFO] --- maven-compiler-plugin:2.3.2:compile (default-compile) @ oak-core ---
[INFO] Compiling 1 source file to /home/ylyu/parallel/oak/oak9/dataset/oak/OAK-1104_7ae92779c024b1e0be75d04cbc2242af46643a6f/oak-core/target/classes
[INFO] 
[INFO] --- maven-scr-plugin:1.9.0:scr (generate-scr-scrdescriptor) @ oak-core ---
[INFO] Generating 1 MetaType Descriptor in /home/ylyu/parallel/oak/oak9/dataset/oak/OAK-1104_7ae92779c024b1e0be75d04cbc2242af46643a6f/oak-core/target/scr-plugin-generated/OSGI-INF/metatype/org.apache.jackrabbit.oak.plugins.mongomk.MongoMicroKernelService.xml
[INFO] Writing 1 Service Component Descriptors to /home/ylyu/parallel/oak/oak9/dataset/oak/OAK-1104_7ae92779c024b1e0be75d04cbc2242af46643a6f/oak-core/target/scr-plugin-generated/OSGI-INF/org.apache.jackrabbit.oak.security.authorization.restriction.RestrictionProviderImpl.xml
[INFO] Writing 1 Service Component Descriptors to /home/ylyu/parallel/oak/oak9/dataset/oak/OAK-1104_7ae92779c024b1e0be75d04cbc2242af46643a6f/oak-core/target/scr-plugin-generated/OSGI-INF/org.apache.jackrabbit.oak.security.authorization.AuthorizationConfigurationImpl.xml
[INFO] Writing 1 Service Component Descriptors to /home/ylyu/parallel/oak/oak9/dataset/oak/OAK-1104_7ae92779c024b1e0be75d04cbc2242af46643a6f/oak-core/target/scr-plugin-generated/OSGI-INF/org.apache.jackrabbit.oak.security.authentication.AuthenticationConfigurationImpl.xml
[INFO] Writing 1 Service Component Descriptors to /home/ylyu/parallel/oak/oak9/dataset/oak/OAK-1104_7ae92779c024b1e0be75d04cbc2242af46643a6f/oak-core/target/scr-plugin-generated/OSGI-INF/org.apache.jackrabbit.oak.security.privilege.PrivilegeConfigurationImpl.xml
[INFO] Writing 1 Service Component Descriptors to /home/ylyu/parallel/oak/oak9/dataset/oak/OAK-1104_7ae92779c024b1e0be75d04cbc2242af46643a6f/oak-core/target/scr-plugin-generated/OSGI-INF/org.apache.jackrabbit.oak.security.principal.PrincipalConfigurationImpl.xml
[INFO] Writing 1 Service Component Descriptors to /home/ylyu/parallel/oak/oak9/dataset/oak/OAK-1104_7ae92779c024b1e0be75d04cbc2242af46643a6f/oak-core/target/scr-plugin-generated/OSGI-INF/org.apache.jackrabbit.oak.security.user.UserConfigurationImpl.xml
[INFO] Writing 1 Service Component Descriptors to /home/ylyu/parallel/oak/oak9/dataset/oak/OAK-1104_7ae92779c024b1e0be75d04cbc2242af46643a6f/oak-core/target/scr-plugin-generated/OSGI-INF/org.apache.jackrabbit.oak.plugins.commit.ConflictValidatorProvider.xml
[INFO] Writing 1 Service Component Descriptors to /home/ylyu/parallel/oak/oak9/dataset/oak/OAK-1104_7ae92779c024b1e0be75d04cbc2242af46643a6f/oak-core/target/scr-plugin-generated/OSGI-INF/org.apache.jackrabbit.oak.plugins.nodetype.RegistrationEditorProvider.xml
[INFO] Writing 1 Service Component Descriptors to /home/ylyu/parallel/oak/oak9/dataset/oak/OAK-1104_7ae92779c024b1e0be75d04cbc2242af46643a6f/oak-core/target/scr-plugin-generated/OSGI-INF/org.apache.jackrabbit.oak.plugins.nodetype.TypeEditorProvider.xml
[INFO] Writing 1 Service Component Descriptors to /home/ylyu/parallel/oak/oak9/dataset/oak/OAK-1104_7ae92779c024b1e0be75d04cbc2242af46643a6f/oak-core/target/scr-plugin-generated/OSGI-INF/org.apache.jackrabbit.oak.plugins.nodetype.write.InitialContent.xml
[INFO] Writing 1 Service Component Descriptors to /home/ylyu/parallel/oak/oak9/dataset/oak/OAK-1104_7ae92779c024b1e0be75d04cbc2242af46643a6f/oak-core/target/scr-plugin-generated/OSGI-INF/org.apache.jackrabbit.oak.plugins.mongomk.MongoMicroKernelService.xml
[INFO] Writing 1 Service Component Descriptors to /home/ylyu/parallel/oak/oak9/dataset/oak/OAK-1104_7ae92779c024b1e0be75d04cbc2242af46643a6f/oak-core/target/scr-plugin-generated/OSGI-INF/org.apache.jackrabbit.oak.plugins.segment.SegmentNodeStoreService.xml
[INFO] Writing 1 Service Component Descriptors to /home/ylyu/parallel/oak/oak9/dataset/oak/OAK-1104_7ae92779c024b1e0be75d04cbc2242af46643a6f/oak-core/target/scr-plugin-generated/OSGI-INF/org.apache.jackrabbit.oak.plugins.version.VersionEditorProvider.xml
[INFO] Writing 1 Service Component Descriptors to /home/ylyu/parallel/oak/oak9/dataset/oak/OAK-1104_7ae92779c024b1e0be75d04cbc2242af46643a6f/oak-core/target/scr-plugin-generated/OSGI-INF/org.apache.jackrabbit.oak.plugins.index.property.PropertyIndexProvider.xml
[INFO] Writing 1 Service Component Descriptors to /home/ylyu/parallel/oak/oak9/dataset/oak/OAK-1104_7ae92779c024b1e0be75d04cbc2242af46643a6f/oak-core/target/scr-plugin-generated/OSGI-INF/org.apache.jackrabbit.oak.plugins.index.property.PropertyIndexEditorProvider.xml
[INFO] Writing 1 Service Component Descriptors to /home/ylyu/parallel/oak/oak9/dataset/oak/OAK-1104_7ae92779c024b1e0be75d04cbc2242af46643a6f/oak-core/target/scr-plugin-generated/OSGI-INF/org.apache.jackrabbit.oak.plugins.name.NamespaceValidatorProvider.xml
[INFO] Writing 1 Service Component Descriptors to /home/ylyu/parallel/oak/oak9/dataset/oak/OAK-1104_7ae92779c024b1e0be75d04cbc2242af46643a6f/oak-core/target/scr-plugin-generated/OSGI-INF/org.apache.jackrabbit.oak.plugins.name.NameValidatorProvider.xml
[INFO] Writing 1 Service Component Descriptors to /home/ylyu/parallel/oak/oak9/dataset/oak/OAK-1104_7ae92779c024b1e0be75d04cbc2242af46643a6f/oak-core/target/scr-plugin-generated/OSGI-INF/org.apache.jackrabbit.oak.spi.security.user.action.DefaultAuthorizableActionProvider.xml
[INFO] 
[INFO] --- maven-resources-plugin:2.5:testResources (default-testResources) @ oak-core ---
[debug] execute contextualize
[INFO] Using 'UTF-8' encoding to copy filtered resources.
[INFO] Copying 9 resources
[INFO] Copying 3 resources
[INFO] 
[INFO] --- maven-compiler-plugin:2.3.2:testCompile (default-testCompile) @ oak-core ---
[INFO] Nothing to compile - all classes are up to date
[INFO] 
[INFO] --- maven-surefire-plugin:2.9:test (default-test) @ oak-core ---
[INFO] Surefire report directory: /home/ylyu/parallel/oak/oak9/dataset/oak/OAK-1104_7ae92779c024b1e0be75d04cbc2242af46643a6f/oak-core/target/surefire-reports

-------------------------------------------------------
 T E S T S
-------------------------------------------------------
Running org.apache.jackrabbit.oak.security.authorization.restriction.RestrictionProviderImplTest
Tests run: 2, Failures: 0, Errors: 0, Skipped: 0, Time elapsed: 2.069 sec
Running org.apache.jackrabbit.oak.security.authorization.accesscontrol.AccessControlManagerImplTest
Tests run: 101, Failures: 0, Errors: 0, Skipped: 0, Time elapsed: 9.427 sec
Running org.apache.jackrabbit.oak.security.authorization.accesscontrol.ACLTest
Tests run: 44, Failures: 0, Errors: 0, Skipped: 0, Time elapsed: 3.141 sec
Running org.apache.jackrabbit.oak.security.authorization.accesscontrol.AccessControlValidatorTest
Tests run: 15, Failures: 0, Errors: 0, Skipped: 0, Time elapsed: 1.284 sec
Running org.apache.jackrabbit.oak.security.authorization.accesscontrol.ReadPolicyTest
Tests run: 2, Failures: 0, Errors: 0, Skipped: 0, Time elapsed: 0.153 sec
Running org.apache.jackrabbit.oak.security.authorization.permission.FlatPermissionHookTest
Tests run: 8, Failures: 0, Errors: 0, Skipped: 0, Time elapsed: 0.73 sec
Running org.apache.jackrabbit.oak.security.authorization.permission.PermissionProviderImplTest
Tests run: 5, Failures: 0, Errors: 0, Skipped: 0, Time elapsed: 0.431 sec
Running org.apache.jackrabbit.oak.security.authorization.permission.AllPermissionsTest
Tests run: 4, Failures: 0, Errors: 0, Skipped: 0, Time elapsed: 0.322 sec
Running org.apache.jackrabbit.oak.security.authorization.permission.PermissionStoreTest
Tests run: 6, Failures: 0, Errors: 0, Skipped: 0, Time elapsed: 0.507 sec
Running org.apache.jackrabbit.oak.security.authorization.evaluation.Jr2CompatibilityTest
Tests run: 3, Failures: 0, Errors: 0, Skipped: 0, Time elapsed: 0.275 sec
Running org.apache.jackrabbit.oak.security.authorization.evaluation.JcrUUIDTest
Tests run: 7, Failures: 0, Errors: 0, Skipped: 0, Time elapsed: 0.825 sec
Running org.apache.jackrabbit.oak.security.authorization.evaluation.ChildOrderPropertyTest
Tests run: 5, Failures: 0, Errors: 0, Skipped: 0, Time elapsed: 0.347 sec
Running org.apache.jackrabbit.oak.security.authorization.evaluation.RootTest
Tests run: 8, Failures: 0, Errors: 0, Skipped: 0, Time elapsed: 0.576 sec
Running org.apache.jackrabbit.oak.security.authorization.evaluation.ShadowInvisibleContentTest
Tests run: 3, Failures: 0, Errors: 0, Skipped: 3, Time elapsed: 0.001 sec
Running org.apache.jackrabbit.oak.security.authorization.evaluation.HiddenTreeTest
Tests run: 6, Failures: 0, Errors: 0, Skipped: 0, Time elapsed: 0.409 sec
Running org.apache.jackrabbit.oak.security.authorization.evaluation.TreeTest
Tests run: 9, Failures: 0, Errors: 0, Skipped: 0, Time elapsed: 0.643 sec
Running org.apache.jackrabbit.oak.security.authentication.ldap.LdapLoginWithRepoLoginTest
Tests run: 1, Failures: 0, Errors: 0, Skipped: 1, Time elapsed: 0 sec
Running org.apache.jackrabbit.oak.security.authentication.ldap.LdapLoginStandaloneTest
Tests run: 1, Failures: 0, Errors: 0, Skipped: 1, Time elapsed: 0 sec
Running org.apache.jackrabbit.oak.security.authentication.Jackrabbit2ConfigurationTest
Tests run: 10, Failures: 0, Errors: 0, Skipped: 0, Time elapsed: 0.66 sec
Running org.apache.jackrabbit.oak.security.authentication.GuestDefaultLoginModuleTest
Tests run: 2, Failures: 0, Errors: 0, Skipped: 0, Time elapsed: 0.129 sec
Running org.apache.jackrabbit.oak.security.authentication.TokenDefaultLoginModuleTest
Tests run: 10, Failures: 0, Errors: 0, Skipped: 0, Time elapsed: 0.651 sec
Running org.apache.jackrabbit.oak.security.authentication.user.LoginModuleImplTest
Tests run: 6, Failures: 0, Errors: 0, Skipped: 0, Time elapsed: 0.391 sec
Running org.apache.jackrabbit.oak.security.authentication.user.UserAuthenticationTest
Tests run: 8, Failures: 0, Errors: 0, Skipped: 0, Time elapsed: 0.529 sec
Running org.apache.jackrabbit.oak.security.authentication.token.TokenAuthenticationTest
Tests run: 6, Failures: 0, Errors: 0, Skipped: 0, Time elapsed: 0.401 sec
Running org.apache.jackrabbit.oak.security.authentication.token.TokenProviderImplTest
Tests run: 13, Failures: 0, Errors: 0, Skipped: 0, Time elapsed: 0.88 sec
Running org.apache.jackrabbit.oak.security.authentication.token.TokenInfoTest
Tests run: 10, Failures: 0, Errors: 0, Skipped: 0, Time elapsed: 0.696 sec
Running org.apache.jackrabbit.oak.security.authentication.token.TokenLoginModuleTest
Tests run: 6, Failures: 0, Errors: 0, Skipped: 0, Time elapsed: 0.378 sec
Running org.apache.jackrabbit.oak.security.privilege.PrivilegeValidatorTest
Tests run: 6, Failures: 0, Errors: 0, Skipped: 0, Time elapsed: 0.387 sec
Running org.apache.jackrabbit.oak.security.privilege.PrivilegeDefinitionWriterTest
Tests run: 3, Failures: 0, Errors: 0, Skipped: 0, Time elapsed: 0.19 sec
Running org.apache.jackrabbit.oak.security.privilege.PrivilegeDefinitionReaderTest
Tests run: 3, Failures: 0, Errors: 0, Skipped: 0, Time elapsed: 0.197 sec
Running org.apache.jackrabbit.oak.security.ConfigurationParametersTest
Tests run: 11, Failures: 0, Errors: 0, Skipped: 0, Time elapsed: 0.003 sec
Running org.apache.jackrabbit.oak.security.principal.PrincipalProviderImplTest
Tests run: 8, Failures: 0, Errors: 0, Skipped: 0, Time elapsed: 0.694 sec
Running org.apache.jackrabbit.oak.security.user.UserValidatorTest
Tests run: 14, Failures: 0, Errors: 0, Skipped: 1, Time elapsed: 1.097 sec
Running org.apache.jackrabbit.oak.security.user.query.UserQueryManagerTest
Tests run: 4, Failures: 0, Errors: 0, Skipped: 0, Time elapsed: 0.58 sec
Running org.apache.jackrabbit.oak.security.user.UserProviderTest
Tests run: 11, Failures: 0, Errors: 0, Skipped: 0, Time elapsed: 0.614 sec
Running org.apache.jackrabbit.oak.security.user.UserInitializerTest
Tests run: 7, Failures: 0, Errors: 0, Skipped: 0, Time elapsed: 0.578 sec
Running org.apache.jackrabbit.oak.security.user.UserManagerImplTest
Tests run: 7, Failures: 0, Errors: 0, Skipped: 0, Time elapsed: 0.555 sec
Running org.apache.jackrabbit.oak.security.user.EveryoneGroupTest
Tests run: 15, Failures: 0, Errors: 0, Skipped: 0, Time elapsed: 1.214 sec
Running org.apache.jackrabbit.oak.security.user.AuthorizableImplTest
Tests run: 3, Failures: 0, Errors: 0, Skipped: 0, Time elapsed: 0.242 sec
Running org.apache.jackrabbit.oak.query.SQL2ParserTest
Tests run: 4, Failures: 0, Errors: 0, Skipped: 0, Time elapsed: 0.002 sec
Running org.apache.jackrabbit.oak.query.ast.LikePatternTest
Tests run: 1, Failures: 0, Errors: 0, Skipped: 0, Time elapsed: 0 sec
Running org.apache.jackrabbit.oak.query.ast.FullTextTest
Tests run: 7, Failures: 0, Errors: 0, Skipped: 0, Time elapsed: 0.008 sec
Running org.apache.jackrabbit.oak.query.IteratorsTest
Tests run: 5, Failures: 0, Errors: 0, Skipped: 0, Time elapsed: 0.002 sec
Running org.apache.jackrabbit.oak.query.index.TraversingIndexTest
Tests run: 1, Failures: 0, Errors: 0, Skipped: 0, Time elapsed: 0.01 sec
Running org.apache.jackrabbit.oak.query.index.TraversingIndexQueryTest
Tests run: 4, Failures: 0, Errors: 0, Skipped: 0, Time elapsed: 0.794 sec
Running org.apache.jackrabbit.oak.query.index.FilterTest
Tests run: 3, Failures: 0, Errors: 0, Skipped: 0, Time elapsed: 0.114 sec
Running org.apache.jackrabbit.oak.core.ImmutableTreeTest
Tests run: 15, Failures: 0, Errors: 0, Skipped: 0, Time elapsed: 0.084 sec
Running org.apache.jackrabbit.oak.core.RootTest
Tests run: 72, Failures: 0, Errors: 0, Skipped: 0, Time elapsed: 2.175 sec
Running org.apache.jackrabbit.oak.core.ImmutableRootTest
Tests run: 6, Failures: 0, Errors: 0, Skipped: 0, Time elapsed: 0.003 sec
Running org.apache.jackrabbit.oak.core.DefaultConflictHandlerOursTest
Tests run: 7, Failures: 0, Errors: 0, Skipped: 0, Time elapsed: 0.011 sec
Running org.apache.jackrabbit.oak.core.MutableTreeTest
Tests run: 63, Failures: 0, Errors: 0, Skipped: 0, Time elapsed: 3.103 sec
Running org.apache.jackrabbit.oak.core.DefaultConflictHandlerTheirsTest
Tests run: 7, Failures: 0, Errors: 0, Skipped: 0, Time elapsed: 0.005 sec
Running org.apache.jackrabbit.oak.util.TreeLocationTest
Tests run: 15, Failures: 0, Errors: 0, Skipped: 0, Time elapsed: 0.014 sec
Running org.apache.jackrabbit.oak.SecureNodeStateDiffTest
Tests run: 9, Failures: 0, Errors: 0, Skipped: 0, Time elapsed: 0.004 sec
Running org.apache.jackrabbit.oak.namepath.GlobalNameMapperTest
Tests run: 4, Failures: 0, Errors: 0, Skipped: 0, Time elapsed: 0 sec
Running org.apache.jackrabbit.oak.namepath.NamePathMapperImplTest
Tests run: 11, Failures: 0, Errors: 0, Skipped: 0, Time elapsed: 0.003 sec
Running org.apache.jackrabbit.oak.api.UniquePropertyTest
Tests run: 1, Failures: 0, Errors: 0, Skipped: 0, Time elapsed: 0.069 sec
Running org.apache.jackrabbit.oak.api.RootTest
Tests run: 6, Failures: 0, Errors: 0, Skipped: 0, Time elapsed: 0.01 sec
Running org.apache.jackrabbit.oak.api.QueryTest
Tests run: 1, Failures: 0, Errors: 0, Skipped: 0, Time elapsed: 0.047 sec
Running org.apache.jackrabbit.oak.api.TreeTest
Tests run: 33, Failures: 0, Errors: 0, Skipped: 0, Time elapsed: 0.052 sec
Running org.apache.jackrabbit.oak.api.ContentSessionTest
Tests run: 9, Failures: 0, Errors: 0, Skipped: 0, Time elapsed: 0.006 sec
Running org.apache.jackrabbit.oak.plugins.identifier.IdentifierManagerTest
Tests run: 4, Failures: 0, Errors: 0, Skipped: 0, Time elapsed: 0.234 sec
Running org.apache.jackrabbit.oak.plugins.nodetype.TypeEditorTest
Tests run: 5, Failures: 0, Errors: 0, Skipped: 0, Time elapsed: 0.089 sec
Running org.apache.jackrabbit.oak.plugins.mongomk.MongoMKCommitRemoveTest
Tests run: 6, Failures: 0, Errors: 0, Skipped: 1, Time elapsed: 0.006 sec
Running org.apache.jackrabbit.oak.plugins.mongomk.RevisionTest
Tests run: 6, Failures: 0, Errors: 0, Skipped: 0, Time elapsed: 0.042 sec
Running org.apache.jackrabbit.oak.plugins.mongomk.MongoMKCommitAddTest
Tests run: 14, Failures: 0, Errors: 0, Skipped: 1, Time elapsed: 0.018 sec
Running org.apache.jackrabbit.oak.plugins.mongomk.MongoDocumentStoreTest
Tests run: 6, Failures: 0, Errors: 0, Skipped: 1, Time elapsed: 0.009 sec
Running org.apache.jackrabbit.oak.plugins.mongomk.ConcurrentConflictTest
Tests run: 2, Failures: 0, Errors: 0, Skipped: 2, Time elapsed: 0 sec
Running org.apache.jackrabbit.oak.plugins.mongomk.RandomizedTest
Tests run: 2, Failures: 0, Errors: 0, Skipped: 0, Time elapsed: 0.465 sec
Running org.apache.jackrabbit.oak.plugins.mongomk.ConflictTest
Tests run: 54, Failures: 0, Errors: 0, Skipped: 0, Time elapsed: 0.057 sec
Running org.apache.jackrabbit.oak.plugins.mongomk.ClusterTest
Tests run: 9, Failures: 0, Errors: 0, Skipped: 0, Time elapsed: 0.044 sec
Running org.apache.jackrabbit.oak.plugins.mongomk.MongoMKCommitMoveTest
Tests run: 1, Failures: 0, Errors: 0, Skipped: 1, Time elapsed: 0 sec
Running org.apache.jackrabbit.oak.plugins.mongomk.MongoMKDiffTest
Tests run: 1, Failures: 0, Errors: 0, Skipped: 1, Time elapsed: 0.083 sec
Running org.apache.jackrabbit.oak.plugins.mongomk.MongoMKGetHeadRevisionTest
Tests run: 1, Failures: 0, Errors: 0, Skipped: 0, Time elapsed: 0.002 sec
Running org.apache.jackrabbit.oak.plugins.mongomk.IsolationTest
Tests run: 2, Failures: 0, Errors: 0, Skipped: 0, Time elapsed: 0.002 sec
Running org.apache.jackrabbit.oak.plugins.mongomk.BlobTest
Tests run: 1, Failures: 0, Errors: 0, Skipped: 0, Time elapsed: 0.045 sec
Running org.apache.jackrabbit.oak.plugins.mongomk.DocumentSplitTest
Tests run: 5, Failures: 0, Errors: 0, Skipped: 0, Time elapsed: 0.106 sec
Running org.apache.jackrabbit.oak.plugins.mongomk.blob.MongoMKReadGridFSTest
Tests run: 1, Failures: 0, Errors: 0, Skipped: 1, Time elapsed: 0 sec
Running org.apache.jackrabbit.oak.plugins.mongomk.blob.MongoMKReadTest
Tests run: 1, Failures: 0, Errors: 0, Skipped: 1, Time elapsed: 0 sec
Running org.apache.jackrabbit.oak.plugins.mongomk.blob.MongoMKGetLengthGridFSTest
Tests run: 1, Failures: 0, Errors: 0, Skipped: 1, Time elapsed: 0 sec
Running org.apache.jackrabbit.oak.plugins.mongomk.blob.MongoMKGetLengthTest
Tests run: 1, Failures: 0, Errors: 0, Skipped: 1, Time elapsed: 0 sec
Running org.apache.jackrabbit.oak.plugins.mongomk.blob.MongoMKWriteGridFSTest
Tests run: 1, Failures: 0, Errors: 0, Skipped: 1, Time elapsed: 0.001 sec
Running org.apache.jackrabbit.oak.plugins.mongomk.blob.MongoBlobStoreTest
Tests run: 1, Failures: 0, Errors: 0, Skipped: 1, Time elapsed: 0 sec
Running org.apache.jackrabbit.oak.plugins.mongomk.blob.MongoMKWriteTest
Tests run: 1, Failures: 0, Errors: 0, Skipped: 1, Time elapsed: 0 sec
Running org.apache.jackrabbit.oak.plugins.mongomk.util.MergeSortedIteratorsTest
Tests run: 1, Failures: 0, Errors: 0, Skipped: 0, Time elapsed: 0 sec
Running org.apache.jackrabbit.oak.plugins.mongomk.util.UtilsTest
Tests run: 1, Failures: 0, Errors: 0, Skipped: 0, Time elapsed: 0 sec
Running org.apache.jackrabbit.oak.plugins.mongomk.MongoMKBranchMergeTest
Tests run: 20, Failures: 0, Errors: 0, Skipped: 2, Time elapsed: 0.151 sec
Running org.apache.jackrabbit.oak.plugins.mongomk.impl.MongoMKConcurrentAddTest
Tests run: 1, Failures: 0, Errors: 0, Skipped: 1, Time elapsed: 0 sec
Running org.apache.jackrabbit.oak.plugins.mongomk.impl.MongoMKWaitForCommitTest
Tests run: 1, Failures: 0, Errors: 0, Skipped: 1, Time elapsed: 0 sec
Running org.apache.jackrabbit.oak.plugins.mongomk.impl.command.ConcurrentWriteMultipleMkMongoTest
Tests run: 1, Failures: 0, Errors: 0, Skipped: 1, Time elapsed: 0 sec
Running org.apache.jackrabbit.oak.plugins.mongomk.impl.MongoMKGetChildCountTest
Tests run: 1, Failures: 0, Errors: 0, Skipped: 1, Time elapsed: 0 sec
Running org.apache.jackrabbit.oak.plugins.mongomk.impl.MongoMKGetJournalTest
Tests run: 1, Failures: 0, Errors: 0, Skipped: 1, Time elapsed: 0 sec
Running org.apache.jackrabbit.oak.plugins.mongomk.impl.MongoMKLimitsTest
Tests run: 1, Failures: 0, Errors: 0, Skipped: 1, Time elapsed: 0 sec
Running org.apache.jackrabbit.oak.plugins.mongomk.impl.MongoMKGetRevisionHistoryTest
Tests run: 1, Failures: 0, Errors: 0, Skipped: 1, Time elapsed: 0 sec
Running org.apache.jackrabbit.oak.plugins.mongomk.multitenancy.MultiTenancyTest
Tests run: 1, Failures: 0, Errors: 0, Skipped: 1, Time elapsed: 0 sec
Running org.apache.jackrabbit.oak.plugins.mongomk.MongoMKNodeExistsTest
Tests run: 8, Failures: 0, Errors: 0, Skipped: 0, Time elapsed: 0.005 sec
Running org.apache.jackrabbit.oak.plugins.mongomk.MongoMKCommitCopyTest
Tests run: 21, Failures: 0, Errors: 0, Skipped: 14, Time elapsed: 0.007 sec
Running org.apache.jackrabbit.oak.plugins.mongomk.RandomizedClusterTest
Tests run: 1, Failures: 0, Errors: 0, Skipped: 0, Time elapsed: 0.113 sec
Running org.apache.jackrabbit.oak.plugins.mongomk.MongoMKBranchTest
Tests run: 4, Failures: 0, Errors: 0, Skipped: 0, Time elapsed: 0.004 sec
Running org.apache.jackrabbit.oak.plugins.mongomk.MongoMKRebaseTest
Tests run: 19, Failures: 0, Errors: 0, Skipped: 9, Time elapsed: 0.009 sec
Running org.apache.jackrabbit.oak.plugins.mongomk.MongoDbTest
Tests run: 1, Failures: 0, Errors: 0, Skipped: 1, Time elapsed: 0 sec
Running org.apache.jackrabbit.oak.plugins.mongomk.MongoMKGetNodesTest
Tests run: 7, Failures: 0, Errors: 0, Skipped: 3, Time elapsed: 0.002 sec
Running org.apache.jackrabbit.oak.plugins.mongomk.SimpleTest
Tests run: 18, Failures: 0, Errors: 0, Skipped: 0, Time elapsed: 0.016 sec
Running org.apache.jackrabbit.oak.plugins.segment.MapRecordTest
Tests run: 1, Failures: 1, Errors: 0, Skipped: 0, Time elapsed: 0.012 sec <<< FAILURE!
Running org.apache.jackrabbit.oak.plugins.segment.file.TarFileTest
Tests run: 2, Failures: 0, Errors: 0, Skipped: 0, Time elapsed: 0.007 sec
Running org.apache.jackrabbit.oak.plugins.segment.MergeTest
Tests run: 3, Failures: 0, Errors: 0, Skipped: 0, Time elapsed: 0.105 sec
Running org.apache.jackrabbit.oak.plugins.segment.SegmentSizeTest
Tests run: 5, Failures: 0, Errors: 0, Skipped: 0, Time elapsed: 0.01 sec
Running org.apache.jackrabbit.oak.plugins.segment.CompareAgainstBaseStateTest
Tests run: 8, Failures: 0, Errors: 0, Skipped: 0, Time elapsed: 0.002 sec
Running org.apache.jackrabbit.oak.plugins.segment.JournalTest
Tests run: 3, Failures: 0, Errors: 0, Skipped: 0, Time elapsed: 0.001 sec
Running org.apache.jackrabbit.oak.plugins.segment.RecordTest
Tests run: 10, Failures: 0, Errors: 0, Skipped: 0, Time elapsed: 0.107 sec
Running org.apache.jackrabbit.oak.plugins.memory.MemoryNodeBuilderTest
Tests run: 35, Failures: 0, Errors: 0, Skipped: 0, Time elapsed: 0.005 sec
Running org.apache.jackrabbit.oak.plugins.memory.MemoryPropertyBuilderTest
Tests run: 12, Failures: 0, Errors: 0, Skipped: 0, Time elapsed: 0.002 sec
Running org.apache.jackrabbit.oak.plugins.memory.PropertyStatesTest
Tests run: 3, Failures: 0, Errors: 0, Skipped: 0, Time elapsed: 0 sec
Running org.apache.jackrabbit.oak.plugins.index.aggregate.SimpleNodeAggregatorTest
Tests run: 7, Failures: 0, Errors: 0, Skipped: 0, Time elapsed: 0.001 sec
Running org.apache.jackrabbit.oak.plugins.index.property.MultipleIndicesTest
Tests run: 2, Failures: 0, Errors: 0, Skipped: 0, Time elapsed: 0.221 sec
Running org.apache.jackrabbit.oak.plugins.index.property.PropertyIndexQueryTest
Tests run: 6, Failures: 0, Errors: 0, Skipped: 0, Time elapsed: 0.745 sec
Running org.apache.jackrabbit.oak.plugins.index.property.strategy.ContentMirrorStoreStrategyTest
Tests run: 2, Failures: 0, Errors: 0, Skipped: 0, Time elapsed: 0 sec
Running org.apache.jackrabbit.oak.plugins.index.property.PropertyIndexTest
Tests run: 9, Failures: 0, Errors: 0, Skipped: 0, Time elapsed: 0.039 sec
Running org.apache.jackrabbit.oak.plugins.index.property.RelativePathTest
Tests run: 1, Failures: 0, Errors: 0, Skipped: 0, Time elapsed: 0.058 sec
Running org.apache.jackrabbit.oak.plugins.index.nodetype.NodeTypeIndexTest
Tests run: 1, Failures: 0, Errors: 0, Skipped: 0, Time elapsed: 0.051 sec
Running org.apache.jackrabbit.oak.plugins.index.AsyncIndexUpdateTest
Tests run: 3, Failures: 0, Errors: 0, Skipped: 0, Time elapsed: 0.002 sec
Running org.apache.jackrabbit.oak.plugins.index.diffindex.DiffCollectorTest
Tests run: 3, Failures: 0, Errors: 0, Skipped: 0, Time elapsed: 0 sec
Running org.apache.jackrabbit.oak.plugins.index.IndexUpdateTest
Tests run: 4, Failures: 0, Errors: 0, Skipped: 0, Time elapsed: 0.021 sec
Running org.apache.jackrabbit.oak.plugins.name.ReadWriteNamespaceRegistryTest
Tests run: 3, Failures: 0, Errors: 0, Skipped: 0, Time elapsed: 0.209 sec
Running org.apache.jackrabbit.oak.plugins.name.NameValidatorTest
Tests run: 10, Failures: 0, Errors: 0, Skipped: 0, Time elapsed: 0.001 sec
Running org.apache.jackrabbit.oak.spi.commit.SubtreeValidatorTest
Tests run: 1, Failures: 0, Errors: 0, Skipped: 0, Time elapsed: 0 sec
Running org.apache.jackrabbit.oak.spi.security.authorization.restriction.AbstractRestrictionProviderTest
Tests run: 21, Failures: 0, Errors: 0, Skipped: 0, Time elapsed: 1.419 sec
Running org.apache.jackrabbit.oak.spi.security.authorization.restriction.CompositeRestrictionProviderTest
Tests run: 15, Failures: 0, Errors: 0, Skipped: 0, Time elapsed: 0.974 sec
Running org.apache.jackrabbit.oak.spi.security.authorization.restriction.RestrictionImplTest
Tests run: 6, Failures: 0, Errors: 0, Skipped: 0, Time elapsed: 0.386 sec
Running org.apache.jackrabbit.oak.spi.security.authorization.restriction.RestrictionDefinitionImplTest
Tests run: 6, Failures: 0, Errors: 0, Skipped: 0, Time elapsed: 0.495 sec
Running org.apache.jackrabbit.oak.spi.security.authorization.accesscontrol.ACETest
Tests run: 26, Failures: 0, Errors: 0, Skipped: 0, Time elapsed: 1.997 sec
Running org.apache.jackrabbit.oak.spi.security.authorization.accesscontrol.ImmutableACLTest
Tests run: 14, Failures: 0, Errors: 0, Skipped: 0, Time elapsed: 1.119 sec
Running org.apache.jackrabbit.oak.spi.security.authentication.GuestLoginModuleTest
Tests run: 3, Failures: 0, Errors: 0, Skipped: 0, Time elapsed: 0 sec
Running org.apache.jackrabbit.oak.spi.security.authentication.external.ExternalLoginModuleTest
Tests run: 8, Failures: 0, Errors: 0, Skipped: 0, Time elapsed: 0.673 sec
Running org.apache.jackrabbit.oak.spi.security.authentication.PreAuthTest
Tests run: 6, Failures: 0, Errors: 0, Skipped: 0, Time elapsed: 0.463 sec
Running org.apache.jackrabbit.oak.spi.security.authentication.AbstractLoginModuleTest
Tests run: 4, Failures: 0, Errors: 0, Skipped: 0, Time elapsed: 0 sec
Running org.apache.jackrabbit.oak.spi.security.privilege.PrivilegeBitsTest
Tests run: 12, Failures: 0, Errors: 0, Skipped: 0, Time elapsed: 0.915 sec
Running org.apache.jackrabbit.oak.spi.security.privilege.PrivilegeBitsProviderTest
Tests run: 10, Failures: 0, Errors: 0, Skipped: 0, Time elapsed: 0.827 sec
Running org.apache.jackrabbit.oak.spi.security.principal.EveryonePrincipalTest
Tests run: 7, Failures: 0, Errors: 0, Skipped: 0, Time elapsed: 0.002 sec
Running org.apache.jackrabbit.oak.spi.security.principal.PrincipalImplTest
Tests run: 3, Failures: 0, Errors: 0, Skipped: 0, Time elapsed: 0.001 sec
Running org.apache.jackrabbit.oak.spi.security.user.action.PasswordChangeActionTest
Tests run: 4, Failures: 0, Errors: 0, Skipped: 0, Time elapsed: 0.313 sec
Running org.apache.jackrabbit.oak.spi.security.user.action.PasswordValidationActionTest
Tests run: 4, Failures: 0, Errors: 0, Skipped: 0, Time elapsed: 0.508 sec
Running org.apache.jackrabbit.oak.spi.security.user.action.AccessControlActionTest
Tests run: 2, Failures: 0, Errors: 0, Skipped: 0, Time elapsed: 0.14 sec
Running org.apache.jackrabbit.oak.spi.security.user.util.PasswordUtilTest
Tests run: 8, Failures: 0, Errors: 0, Skipped: 0, Time elapsed: 0.125 sec
Running org.apache.jackrabbit.oak.OakTest
Tests run: 1, Failures: 0, Errors: 0, Skipped: 0, Time elapsed: 0 sec
Running org.apache.jackrabbit.oak.kernel.KernelNodeStateTest
Tests run: 6, Failures: 0, Errors: 0, Skipped: 0, Time elapsed: 0.003 sec
Running org.apache.jackrabbit.oak.kernel.NodeStoreTest
Tests run: 33, Failures: 0, Errors: 0, Skipped: 1, Time elapsed: 0.06 sec
Running org.apache.jackrabbit.oak.kernel.LargeKernelNodeStateTest
Tests run: 3, Failures: 0, Errors: 0, Skipped: 0, Time elapsed: 0.006 sec
Running org.apache.jackrabbit.oak.kernel.TypeCodesTest
Tests run: 4, Failures: 0, Errors: 0, Skipped: 0, Time elapsed: 0 sec
Running org.apache.jackrabbit.oak.kernel.KernelNodeStoreCacheTest
Tests run: 4, Failures: 0, Errors: 0, Skipped: 0, Time elapsed: 0.003 sec
Running org.apache.jackrabbit.oak.kernel.KernelNodeBuilderTest
Tests run: 2, Failures: 0, Errors: 0, Skipped: 0, Time elapsed: 0.001 sec
Running org.apache.jackrabbit.oak.kernel.JsopDiffTest
Tests run: 2, Failures: 0, Errors: 0, Skipped: 0, Time elapsed: 0 sec

Results :

Failed tests:   testOak1104(org.apache.jackrabbit.oak.plugins.segment.MapRecordTest): 

Tests run: 1260, Failures: 1, Errors: 0, Skipped: 58

[INFO] ------------------------------------------------------------------------
[INFO] BUILD FAILURE
[INFO] ------------------------------------------------------------------------
[INFO] Total time: 56.125 s
[INFO] Finished at: 2016-07-29T14:17:57-07:00
[INFO] Final Memory: 24M/964M
[INFO] ------------------------------------------------------------------------
[ERROR] Failed to execute goal org.apache.maven.plugins:maven-surefire-plugin:2.9:test (default-test) on project oak-core: There are test failures.
[ERROR] 
[ERROR] Please refer to /home/ylyu/parallel/oak/oak9/dataset/oak/OAK-1104_7ae92779c024b1e0be75d04cbc2242af46643a6f/oak-core/target/surefire-reports for the individual test results.
[ERROR] -> [Help 1]
[ERROR] 
[ERROR] To see the full stack trace of the errors, re-run Maven with the -e switch.
[ERROR] Re-run Maven using the -X switch to enable full debug logging.
[ERROR] 
[ERROR] For more information about the errors and possible solutions, please read the following articles:
[ERROR] [Help 1] http://cwiki.apache.org/confluence/display/MAVEN/MojoFailureException
