[INFO] Scanning for projects...
[WARNING] 
[WARNING] Some problems were encountered while building the effective model for org.apache.wicket:wicket:jar:1.5-SNAPSHOT
[WARNING] 'distributionManagement.repository.id' must not be 'local', this identifier is reserved for the local repository, using it for other repositories will corrupt your repository metadata. @ org.apache.wicket:wicket-parent:1.5-SNAPSHOT, /home/ylyu/dataset/wicket3/dataset/wicket/WICKET-3098_1b7afefc08fa2acc45d0d4687251b43c34158bd2/pom.xml, line 268, column 10
[WARNING] 'distributionManagement.snapshotRepository.id' must not be 'local', this identifier is reserved for the local repository, using it for other repositories will corrupt your repository metadata. @ org.apache.wicket:wicket-parent:1.5-SNAPSHOT, /home/ylyu/dataset/wicket3/dataset/wicket/WICKET-3098_1b7afefc08fa2acc45d0d4687251b43c34158bd2/pom.xml, line 272, column 10
[WARNING] 
[WARNING] It is highly recommended to fix these problems because they threaten the stability of your build.
[WARNING] 
[WARNING] For this reason, future Maven versions might no longer support building such malformed projects.
[WARNING] 
[INFO]                                                                         
[INFO] ------------------------------------------------------------------------
[INFO] Building Wicket 1.5-SNAPSHOT
[INFO] ------------------------------------------------------------------------
[INFO] 
[INFO] --- maven-remote-resources-plugin:1.1:process (default) @ wicket ---
[INFO] Setting property: classpath.resource.loader.class => 'org.codehaus.plexus.velocity.ContextClassLoaderResourceLoader'.
[INFO] Setting property: velocimacro.messages.on => 'false'.
[INFO] Setting property: resource.loader => 'classpath'.
[INFO] Setting property: resource.manager.logwhenfound => 'false'.
[INFO] 
[INFO] --- maven-resources-plugin:2.4.3:resources (default-resources) @ wicket ---
[INFO] Using 'UTF-8' encoding to copy filtered resources.
[INFO] Copying 112 resources
[INFO] Copying 0 resource
[INFO] Copying 3 resources
[INFO] 
[INFO] --- maven-compiler-plugin:2.3.2:compile (default-compile) @ wicket ---
[INFO] Nothing to compile - all classes are up to date
[INFO] 
[INFO] --- maven-bundle-plugin:1.4.3:manifest (bundle-manifest) @ wicket ---
[WARNING] Warning in manifest for org.apache.wicket:wicket:jar:1.5-SNAPSHOT : Superfluous export-package instructions: [org, org.apache, org.apache.wicket.ajax.markup, org.apache.wicket.ajax.markup.html.navigation, org.apache.wicket.markup.html.navigation, org.apache.wicket.protocol, org.apache.wicket.util]
[INFO] 
[INFO] --- maven-resources-plugin:2.4.3:testResources (default-testResources) @ wicket ---
[INFO] Using 'UTF-8' encoding to copy filtered resources.
[INFO] Copying 785 resources
[INFO] Copying 3 resources
[INFO] 
[INFO] --- maven-compiler-plugin:2.3.2:testCompile (default-testCompile) @ wicket ---
[INFO] Nothing to compile - all classes are up to date
[INFO] 
[INFO] --- maven-surefire-plugin:2.6:test (default-test) @ wicket ---
[INFO] Surefire report directory: /home/ylyu/dataset/wicket3/dataset/wicket/WICKET-3098_1b7afefc08fa2acc45d0d4687251b43c34158bd2/wicket/target/surefire-reports

-------------------------------------------------------
 T E S T S
-------------------------------------------------------
Running org.apache.wicket.markup.html.link.BookmarkablePageLinkTest
Tests run: 3, Failures: 0, Errors: 0, Skipped: 0, Time elapsed: 0.764 sec
Running org.apache.wicket.protocol.http.WebExternalResourceTest
Tests run: 2, Failures: 0, Errors: 0, Skipped: 0, Time elapsed: 0.009 sec
Running org.apache.wicket.util.tester.apps_5.AjaxSubmitLinkClickTest
Tests run: 2, Failures: 0, Errors: 0, Skipped: 0, Time elapsed: 0.255 sec
Running org.apache.wicket.markup.html.form.upload.FileUploadTest
Tests run: 1, Failures: 0, Errors: 0, Skipped: 0, Time elapsed: 0.091 sec
Running org.apache.wicket.markup.html.border.ComponentBorderTest
Tests run: 2, Failures: 0, Errors: 0, Skipped: 0, Time elapsed: 0.069 sec
Running org.apache.wicket.markup.html.link.submitLink.FormPageTest
Tests run: 3, Failures: 0, Errors: 0, Skipped: 0, Time elapsed: 0.156 sec
Running org.apache.wicket.request.mapper.info.ComponentInfoTest
Tests run: 10, Failures: 0, Errors: 0, Skipped: 0, Time elapsed: 0.005 sec
Running org.apache.wicket.markup.html.basic.SimpleResponsePageClassTest
Tests run: 1, Failures: 0, Errors: 0, Skipped: 0, Time elapsed: 0.093 sec
Running org.apache.wicket.markup.html.form.feedback.FormFeedbackTest
Tests run: 2, Failures: 0, Errors: 0, Skipped: 0, Time elapsed: 0.13 sec
Running org.apache.wicket.request.cycle.RequestHandlerStackTest
Tests run: 3, Failures: 0, Errors: 0, Skipped: 0, Time elapsed: 0.005 sec
Running org.apache.wicket.pageStore.PageAccessSynchronizerTest
Tests run: 4, Failures: 0, Errors: 0, Skipped: 0, Time elapsed: 22.61 sec
Running org.apache.wicket.markup.html.form.RadioGroupTest
Tests run: 4, Failures: 0, Errors: 0, Skipped: 0, Time elapsed: 0.039 sec
Running org.apache.wicket.model.InheritedModelTest
Tests run: 2, Failures: 0, Errors: 0, Skipped: 0, Time elapsed: 0.009 sec
Running org.apache.wicket.markup.html.debug.WicketComponentTreeTest
Tests run: 1, Failures: 0, Errors: 0, Skipped: 0, Time elapsed: 0.026 sec
Running org.apache.wicket.request.mapper.ResourceMapperTest
Tests run: 5, Failures: 0, Errors: 0, Skipped: 0, Time elapsed: 0.006 sec
Running org.apache.wicket.protocol.http.WicketFilterTest
********************************************************************
*** WARNING: Wicket is running in DEVELOPMENT mode.              ***
***                               ^^^^^^^^^^^                    ***
*** Do NOT deploy to your live server(s) without changing this.  ***
*** See Application#getConfigurationType() for more information. ***
********************************************************************
Tests run: 4, Failures: 0, Errors: 0, Skipped: 0, Time elapsed: 0.381 sec
Running org.apache.wicket.AuthorizationTest
Tests run: 6, Failures: 0, Errors: 0, Skipped: 0, Time elapsed: 0.029 sec
Running org.apache.wicket.markup.html.PackageResourceTest
Tests run: 3, Failures: 0, Errors: 0, Skipped: 0, Time elapsed: 0.017 sec
Running org.apache.wicket.protocol.http.RequestUtilsTest
Tests run: 6, Failures: 0, Errors: 0, Skipped: 0, Time elapsed: 0.002 sec
Running org.apache.wicket.markup.html.list.SimpleTableTest
Tests run: 2, Failures: 0, Errors: 0, Skipped: 0, Time elapsed: 0.014 sec
Running org.apache.wicket.ajax.AjaxHeaderContributionTest
Tests run: 2, Failures: 0, Errors: 0, Skipped: 0, Time elapsed: 0.087 sec
Running org.apache.wicket.markup.MarkupCacheTest
Tests run: 1, Failures: 0, Errors: 0, Skipped: 0, Time elapsed: 0.002 sec
Running org.apache.wicket.util.resource.ResourceTest
Tests run: 1, Failures: 0, Errors: 0, Skipped: 0, Time elapsed: 0.021 sec
Running org.apache.wicket.ajax.markup.html.form.AjaxButtonTest
Tests run: 1, Failures: 0, Errors: 0, Skipped: 0, Time elapsed: 0.007 sec
Running org.apache.wicket.versioning.PageVersioningTest
Tests run: 1, Failures: 0, Errors: 0, Skipped: 0, Time elapsed: 0.156 sec
Running org.apache.wicket.markup.html.header.HeaderScopingTest
Tests run: 2, Failures: 0, Errors: 0, Skipped: 0, Time elapsed: 0.014 sec
Running org.apache.wicket.util.lang.ObjectsTest
Tests run: 6, Failures: 0, Errors: 0, Skipped: 0, Time elapsed: 0.009 sec
Running org.apache.wicket.model.ModelDetachTest
Tests run: 4, Failures: 0, Errors: 0, Skipped: 0, Time elapsed: 0.001 sec
Running org.apache.wicket.util.time.TimeMapTest
Tests run: 1, Failures: 0, Errors: 0, Skipped: 0, Time elapsed: 0.003 sec
Running org.apache.wicket.BehaviorRequestTest
Tests run: 2, Failures: 1, Errors: 0, Skipped: 0, Time elapsed: 0.009 sec <<< FAILURE!
Running org.apache.wicket.markup.html.border.BoxBorderTest
=== org.apache.wicket.markup.html.border.BorderTestHierarchyPage_4 ===
Tests run: 12, Failures: 0, Errors: 0, Skipped: 0, Time elapsed: 0.224 sec
Running org.apache.wicket.ajax.AjaxTimerBehaviorTest
Tests run: 2, Failures: 0, Errors: 0, Skipped: 0, Time elapsed: 0.014 sec
Running org.apache.wicket.util.time.DurationTest
Tests run: 4, Failures: 0, Errors: 0, Skipped: 0, Time elapsed: 1.503 sec
Running org.apache.wicket.util.string.interpolator.VariableInterpolatorTest
Tests run: 4, Failures: 0, Errors: 0, Skipped: 0, Time elapsed: 0.002 sec
Running org.apache.wicket.VisitorTest
Tests run: 6, Failures: 0, Errors: 0, Skipped: 0, Time elapsed: 0.007 sec
Running org.apache.wicket.util.tester.apps_2.Test
Tests run: 1, Failures: 0, Errors: 0, Skipped: 0, Time elapsed: 0.004 sec
Running org.apache.wicket.markup.html.header.threelayers2.InheritanceHeadTest
Tests run: 1, Failures: 0, Errors: 0, Skipped: 0, Time elapsed: 0.007 sec
Running org.apache.wicket.redirect.encodingtest.RequestEncodingTest
Tests run: 2, Failures: 0, Errors: 0, Skipped: 0, Time elapsed: 0.02 sec
Running org.apache.wicket.markup.html.navigation.paging.PagingNavigationIncrementLinkTest
Tests run: 4, Failures: 0, Errors: 0, Skipped: 0, Time elapsed: 0.003 sec
Running org.apache.wicket.util.string.AppendingStringBufferTest
Tests run: 7, Failures: 0, Errors: 0, Skipped: 0, Time elapsed: 0.002 sec
Running org.apache.wicket.AttributeModifierComponentTest
Tests run: 1, Failures: 0, Errors: 0, Skipped: 0, Time elapsed: 0.008 sec
Running org.apache.wicket.markup.HtmlProblemFinderTest
Tests run: 1, Failures: 0, Errors: 0, Skipped: 0, Time elapsed: 0.002 sec
Running org.apache.wicket.protocol.http.WebSessionTest
Tests run: 1, Failures: 0, Errors: 0, Skipped: 0, Time elapsed: 0.001 sec
Running org.apache.wicket.markup.parser.filter.OpenCloseTagExpanderTest
Tests run: 1, Failures: 0, Errors: 0, Skipped: 0, Time elapsed: 0.005 sec
Running org.apache.wicket.markup.html.form.validation.innerfeedback.InnerFeedbackTest
Tests run: 1, Failures: 0, Errors: 0, Skipped: 0, Time elapsed: 0.052 sec
Running org.apache.wicket.util.collections.MiniMapTest
Tests run: 1, Failures: 0, Errors: 0, Skipped: 0, Time elapsed: 0.002 sec
Running org.apache.wicket.markup.html.form.FormComponentPanelProcessingTest
Tests run: 1, Failures: 0, Errors: 0, Skipped: 0, Time elapsed: 0.007 sec
Running org.apache.wicket.ajax.form.AjaxFormSubmitTest
=== org.apache.wicket.ajax.form.AjaxFormSubmitTestPage ===
Tests run: 2, Failures: 0, Errors: 0, Skipped: 0, Time elapsed: 0.012 sec
Running org.apache.wicket.util.value.ValueMapTest
Tests run: 7, Failures: 0, Errors: 0, Skipped: 0, Time elapsed: 0.005 sec
Running org.apache.wicket.ComponentConfigurationTest
Tests run: 2, Failures: 0, Errors: 0, Skipped: 0, Time elapsed: 0.05 sec
Running org.apache.wicket.markup.outputTransformer.OutputTransformerContainerTest
Tests run: 3, Failures: 0, Errors: 0, Skipped: 0, Time elapsed: 0.15 sec
Running org.apache.wicket.markup.html.header.testing3.HeaderTest
Tests run: 1, Failures: 0, Errors: 0, Skipped: 0, Time elapsed: 0.009 sec
Running org.apache.wicket.markup.html.form.ValidatorPropertiesTest
Tests run: 3, Failures: 0, Errors: 0, Skipped: 0, Time elapsed: 0.201 sec
Running org.apache.wicket.markup.html.form.imagebutton.ImageButtonTest
Tests run: 1, Failures: 0, Errors: 0, Skipped: 0, Time elapsed: 0.022 sec
Running org.apache.wicket.markup.parser.MergedMarkupTest
Tests run: 2, Failures: 0, Errors: 0, Skipped: 0, Time elapsed: 0.005 sec
Running org.apache.wicket.redirect.intercept.InterceptTest
Tests run: 2, Failures: 0, Errors: 0, Skipped: 0, Time elapsed: 0.01 sec
Running org.apache.wicket.markup.parser.filter.DoubleHeaderPartPageTest
Tests run: 1, Failures: 0, Errors: 0, Skipped: 0, Time elapsed: 0.009 sec
Running org.apache.wicket.model.PropertyModelTest
Tests run: 3, Failures: 0, Errors: 0, Skipped: 0, Time elapsed: 0.003 sec
Running org.apache.wicket.request.mapper.PageInstanceMapperTest
Tests run: 10, Failures: 0, Errors: 0, Skipped: 0, Time elapsed: 0.003 sec
Running org.apache.wicket.behavior.ImmutableBehaviorIndexTest
<html><body><a wicket:id="container" href="bookmarkable/org.apache.wicket.behavior.ImmutableBehaviorIndexTest$MyPage?1-2.IBehaviorListener.2-container" onclick="bookmarkable/org.apache.wicket.behavior.ImmutableBehaviorIndexTest$MyPage?1-2.IBehaviorListener.4-container"></a></body></html>
Tests run: 3, Failures: 0, Errors: 0, Skipped: 0, Time elapsed: 0.007 sec
Running org.apache.wicket.protocol.http.request.CryptedUrlWebRequestCodingStrategyTest
Tests run: 3, Failures: 0, Errors: 0, Skipped: 0, Time elapsed: 0.023 sec
Running org.apache.wicket.markup.html.panel.PanelTest
Tests run: 12, Failures: 0, Errors: 0, Skipped: 0, Time elapsed: 0.059 sec
Running org.apache.wicket.markup.parser.filter.HeaderSectionTest
Tests run: 19, Failures: 0, Errors: 0, Skipped: 0, Time elapsed: 0.087 sec
Running org.apache.wicket.util.parse.metapattern.MetaPatternTest
Tests run: 5, Failures: 0, Errors: 0, Skipped: 0, Time elapsed: 0.003 sec
Running org.apache.wicket.request.mapper.PackageMapperTest
Tests run: 18, Failures: 0, Errors: 0, Skipped: 0, Time elapsed: 0.006 sec
Running org.apache.wicket.protocol.http.ClientPropertiesTest
Tests run: 7, Failures: 0, Errors: 0, Skipped: 0, Time elapsed: 0.003 sec
Running org.apache.wicket.markup.html.link.DownloadLinkTest
Tests run: 4, Failures: 0, Errors: 0, Skipped: 0, Time elapsed: 0.019 sec
Running org.apache.wicket.markup.html.list.PagedTableNavigatorTest
Tests run: 1, Failures: 0, Errors: 0, Skipped: 0, Time elapsed: 0.087 sec
Running org.apache.wicket.stateless.TemporarySessionTest
Tests run: 1, Failures: 0, Errors: 0, Skipped: 0, Time elapsed: 0.017 sec
Running org.apache.wicket.markup.html.ScopedComponentResolverTest
Tests run: 1, Failures: 0, Errors: 0, Skipped: 0, Time elapsed: 0.002 sec
Running org.apache.wicket.RestartWithMountedPageTest
Tests run: 1, Failures: 0, Errors: 0, Skipped: 0, Time elapsed: 0.004 sec
Running org.apache.wicket.resource.ComponentStringResourceLoaderTest
Tests run: 10, Failures: 0, Errors: 0, Skipped: 0, Time elapsed: 0.027 sec
Running org.apache.wicket.ComponentEventsTest
Tests run: 28, Failures: 0, Errors: 0, Skipped: 0, Time elapsed: 0.128 sec
Running org.apache.wicket.request.mapper.MountedMapperTest
Tests run: 23, Failures: 0, Errors: 0, Skipped: 0, Time elapsed: 0.005 sec
Running org.apache.wicket.PageFactoryTest
Tests run: 2, Failures: 0, Errors: 0, Skipped: 0, Time elapsed: 0.002 sec
Running org.apache.wicket.ajax.AjaxPostprocessingCallDecoratorTest
Tests run: 3, Failures: 0, Errors: 0, Skipped: 0, Time elapsed: 0.001 sec
Running org.apache.wicket.ajax.AjaxBehaviorAndMetaDataTest
Tests run: 1, Failures: 0, Errors: 0, Skipped: 0, Time elapsed: 0.003 sec
Running org.apache.wicket.markup.html.form.upload.FileUploadFieldTest
Tests run: 2, Failures: 0, Errors: 0, Skipped: 0, Time elapsed: 0.019 sec
Running org.apache.wicket.markup.resolver.WicketContainerResolverTest
Tests run: 1, Failures: 0, Errors: 0, Skipped: 0, Time elapsed: 0.003 sec
Running org.apache.wicket.markup.html.image.InvalidImageTest
Tests run: 1, Failures: 0, Errors: 0, Skipped: 0, Time elapsed: 0.006 sec
Running org.apache.wicket.protocol.http.WebResponseExceptionsTest
ERROR - WebPage                    - ^^^^^^^^^^^^^^^^^^^^^^^^^^^^^^^^^^^^^^^^^^^^^^^^^^^^^^^^^^^^^^^^^^^^^^^^^^^^^^^^^^^^^^^^^
ERROR - WebPage                    - You probably forgot to add a <body> or <head> tag to your markup since no Header Container was 
found but components were found which want to write to the <head> section.
<script type="text/javascript" src="../resource/org.apache.wicket.markup.html.WicketEventReference/wicket-event.js"></script>
<script type="text/javascript" src="../resource/org.apache.wicket.ajax.WicketAjaxReference/wicket-ajax.js"></script>
<script type="text/javascript" src="../resource/org.apache.wicket.ajax.AbstractDefaultAjaxBehavior/wicket-ajax-debug.js"></script>
<script type="text/javascript" id="wicket-ajax-debug-enable"><!--/*--><![CDATA[/*><!--*/
wicketAjaxDebugEnable=true;
/*-->]]>*/</script>
<script type="text/javascript" id="wicket-ajax-base-url"><!--/*--><![CDATA[/*><!--*/
Wicket.Ajax.baseUrl="wicket/bookmarkable/org.apache.wicket.protocol.http.TestErrorPage?0";
/*-->]]>*/</script>

ERROR - WebPage                    - ^^^^^^^^^^^^^^^^^^^^^^^^^^^^^^^^^^^^^^^^^^^^^^^^^^^^^^^^^^^^^^^^^^^^^^^^^^^^^^^^^^^^^^^^^
ERROR - DefaultExceptionMapper     - Unexpected error occurred
java.lang.IllegalStateException: Intentional error
	at org.apache.wicket.protocol.http.TestErrorPage$1.onAfterRender(TestErrorPage.java:54)
	at org.apache.wicket.Component.afterRender(Component.java:1119)
	at org.apache.wicket.Component.render(Component.java:2548)
	at org.apache.wicket.ajax.AjaxRequestTarget.respondComponent(AjaxRequestTarget.java:881)
	at org.apache.wicket.ajax.AjaxRequestTarget.respondComponents(AjaxRequestTarget.java:710)
	at org.apache.wicket.ajax.AjaxRequestTarget.respond(AjaxRequestTarget.java:621)
	at org.apache.wicket.request.RequestHandlerStack.executeRequestHandler(RequestHandlerStack.java:84)
	at org.apache.wicket.request.RequestHandlerStack.executeRequestHandler(RequestHandlerStack.java:118)
	at org.apache.wicket.request.cycle.RequestCycle.processRequest(RequestCycle.java:219)
	at org.apache.wicket.request.cycle.RequestCycle.processRequestAndDetach(RequestCycle.java:260)
	at org.apache.wicket.util.tester.BaseWicketTester.processRequest(BaseWicketTester.java:503)
	at org.apache.wicket.util.tester.BaseWicketTester.processRequest(BaseWicketTester.java:444)
	at org.apache.wicket.util.tester.BaseWicketTester.processRequest(BaseWicketTester.java:416)
	at org.apache.wicket.util.tester.BaseWicketTester.executeBehavior(BaseWicketTester.java:749)
	at org.apache.wicket.util.tester.BaseWicketTester.executeAjaxEvent(BaseWicketTester.java:1603)
	at org.apache.wicket.protocol.http.WebResponseExceptionsTest.testInternalErrorPage(WebResponseExceptionsTest.java:86)
	at org.apache.wicket.protocol.http.WebResponseExceptionsTest.testBufferedExceptionErrorPage(WebResponseExceptionsTest.java:43)
	at sun.reflect.NativeMethodAccessorImpl.invoke0(Native Method)
	at sun.reflect.NativeMethodAccessorImpl.invoke(NativeMethodAccessorImpl.java:57)
	at sun.reflect.DelegatingMethodAccessorImpl.invoke(DelegatingMethodAccessorImpl.java:43)
	at java.lang.reflect.Method.invoke(Method.java:606)
	at junit.framework.TestCase.runTest(TestCase.java:168)
	at junit.framework.TestCase.runBare(TestCase.java:134)
	at junit.framework.TestResult$1.protect(TestResult.java:110)
	at junit.framework.TestResult.runProtected(TestResult.java:128)
	at junit.framework.TestResult.run(TestResult.java:113)
	at junit.framework.TestCase.run(TestCase.java:124)
	at junit.framework.TestSuite.runTest(TestSuite.java:232)
	at junit.framework.TestSuite.run(TestSuite.java:227)
	at org.junit.internal.runners.JUnit38ClassRunner.run(JUnit38ClassRunner.java:83)
	at org.apache.maven.surefire.junit4.JUnit4TestSet.execute(JUnit4TestSet.java:59)
	at org.apache.maven.surefire.suite.AbstractDirectoryTestSuite.executeTestSet(AbstractDirectoryTestSuite.java:120)
	at org.apache.maven.surefire.suite.AbstractDirectoryTestSuite.execute(AbstractDirectoryTestSuite.java:103)
	at org.apache.maven.surefire.Surefire.run(Surefire.java:169)
	at sun.reflect.NativeMethodAccessorImpl.invoke0(Native Method)
	at sun.reflect.NativeMethodAccessorImpl.invoke(NativeMethodAccessorImpl.java:57)
	at sun.reflect.DelegatingMethodAccessorImpl.invoke(DelegatingMethodAccessorImpl.java:43)
	at java.lang.reflect.Method.invoke(Method.java:606)
	at org.apache.maven.surefire.booter.SurefireBooter.runSuitesInProcess(SurefireBooter.java:350)
	at org.apache.maven.surefire.booter.SurefireBooter.main(SurefireBooter.java:1021)
ERROR - WebPage                    - ^^^^^^^^^^^^^^^^^^^^^^^^^^^^^^^^^^^^^^^^^^^^^^^^^^^^^^^^^^^^^^^^^^^^^^^^^^^^^^^^^^^^^^^^^
ERROR - WebPage                    - You probably forgot to add a <body> or <head> tag to your markup since no Header Container was 
found but components were found which want to write to the <head> section.
<script type="text/javascript" src="../resource/org.apache.wicket.markup.html.WicketEventReference/wicket-event.js"></script>
<script type="text/javascript" src="../resource/org.apache.wicket.ajax.WicketAjaxReference/wicket-ajax.js"></script>
<script type="text/javascript" src="../resource/org.apache.wicket.ajax.AbstractDefaultAjaxBehavior/wicket-ajax-debug.js"></script>
<script type="text/javascript" id="wicket-ajax-debug-enable"><!--/*--><![CDATA[/*><!--*/
wicketAjaxDebugEnable=true;
/*-->]]>*/</script>
<script type="text/javascript" id="wicket-ajax-base-url"><!--/*--><![CDATA[/*><!--*/
Wicket.Ajax.baseUrl="wicket/bookmarkable/org.apache.wicket.protocol.http.TestErrorPage?0";
/*-->]]>*/</script>

ERROR - WebPage                    - ^^^^^^^^^^^^^^^^^^^^^^^^^^^^^^^^^^^^^^^^^^^^^^^^^^^^^^^^^^^^^^^^^^^^^^^^^^^^^^^^^^^^^^^^^
ERROR - DefaultExceptionMapper     - Unexpected error occurred
java.lang.IllegalStateException: Intentional error
	at org.apache.wicket.protocol.http.TestErrorPage$1.onAfterRender(TestErrorPage.java:54)
	at org.apache.wicket.Component.afterRender(Component.java:1119)
	at org.apache.wicket.Component.render(Component.java:2548)
	at org.apache.wicket.ajax.AjaxRequestTarget.respondComponent(AjaxRequestTarget.java:881)
	at org.apache.wicket.ajax.AjaxRequestTarget.respondComponents(AjaxRequestTarget.java:710)
	at org.apache.wicket.ajax.AjaxRequestTarget.respond(AjaxRequestTarget.java:621)
	at org.apache.wicket.request.RequestHandlerStack.executeRequestHandler(RequestHandlerStack.java:84)
	at org.apache.wicket.request.RequestHandlerStack.executeRequestHandler(RequestHandlerStack.java:118)
	at org.apache.wicket.request.cycle.RequestCycle.processRequest(RequestCycle.java:219)
	at org.apache.wicket.request.cycle.RequestCycle.processRequestAndDetach(RequestCycle.java:260)
	at org.apache.wicket.util.tester.BaseWicketTester.processRequest(BaseWicketTester.java:503)
	at org.apache.wicket.util.tester.BaseWicketTester.processRequest(BaseWicketTester.java:444)
	at org.apache.wicket.util.tester.BaseWicketTester.processRequest(BaseWicketTester.java:416)
	at org.apache.wicket.util.tester.BaseWicketTester.executeBehavior(BaseWicketTester.java:749)
	at org.apache.wicket.util.tester.BaseWicketTester.executeAjaxEvent(BaseWicketTester.java:1603)
	at org.apache.wicket.protocol.http.WebResponseExceptionsTest.testInternalErrorPage(WebResponseExceptionsTest.java:86)
	at org.apache.wicket.protocol.http.WebResponseExceptionsTest.testExceptionErrorPage(WebResponseExceptionsTest.java:53)
	at sun.reflect.NativeMethodAccessorImpl.invoke0(Native Method)
	at sun.reflect.NativeMethodAccessorImpl.invoke(NativeMethodAccessorImpl.java:57)
	at sun.reflect.DelegatingMethodAccessorImpl.invoke(DelegatingMethodAccessorImpl.java:43)
	at java.lang.reflect.Method.invoke(Method.java:606)
	at junit.framework.TestCase.runTest(TestCase.java:168)
	at junit.framework.TestCase.runBare(TestCase.java:134)
	at junit.framework.TestResult$1.protect(TestResult.java:110)
	at junit.framework.TestResult.runProtected(TestResult.java:128)
	at junit.framework.TestResult.run(TestResult.java:113)
	at junit.framework.TestCase.run(TestCase.java:124)
	at junit.framework.TestSuite.runTest(TestSuite.java:232)
	at junit.framework.TestSuite.run(TestSuite.java:227)
	at org.junit.internal.runners.JUnit38ClassRunner.run(JUnit38ClassRunner.java:83)
	at org.apache.maven.surefire.junit4.JUnit4TestSet.execute(JUnit4TestSet.java:59)
	at org.apache.maven.surefire.suite.AbstractDirectoryTestSuite.executeTestSet(AbstractDirectoryTestSuite.java:120)
	at org.apache.maven.surefire.suite.AbstractDirectoryTestSuite.execute(AbstractDirectoryTestSuite.java:103)
	at org.apache.maven.surefire.Surefire.run(Surefire.java:169)
	at sun.reflect.NativeMethodAccessorImpl.invoke0(Native Method)
	at sun.reflect.NativeMethodAccessorImpl.invoke(NativeMethodAccessorImpl.java:57)
	at sun.reflect.DelegatingMethodAccessorImpl.invoke(DelegatingMethodAccessorImpl.java:43)
	at java.lang.reflect.Method.invoke(Method.java:606)
	at org.apache.maven.surefire.booter.SurefireBooter.runSuitesInProcess(SurefireBooter.java:350)
	at org.apache.maven.surefire.booter.SurefireBooter.main(SurefireBooter.java:1021)
ERROR - WebPage                    - ^^^^^^^^^^^^^^^^^^^^^^^^^^^^^^^^^^^^^^^^^^^^^^^^^^^^^^^^^^^^^^^^^^^^^^^^^^^^^^^^^^^^^^^^^
ERROR - WebPage                    - You probably forgot to add a <body> or <head> tag to your markup since no Header Container was 
found but components were found which want to write to the <head> section.
<script type="text/javascript" src="../resource/org.apache.wicket.markup.html.WicketEventReference/wicket-event.js"></script>
<script type="text/javascript" src="../resource/org.apache.wicket.ajax.WicketAjaxReference/wicket-ajax.js"></script>
<script type="text/javascript" src="../resource/org.apache.wicket.ajax.AbstractDefaultAjaxBehavior/wicket-ajax-debug.js"></script>
<script type="text/javascript" id="wicket-ajax-debug-enable"><!--/*--><![CDATA[/*><!--*/
wicketAjaxDebugEnable=true;
/*-->]]>*/</script>
<script type="text/javascript" id="wicket-ajax-base-url"><!--/*--><![CDATA[/*><!--*/
Wicket.Ajax.baseUrl="wicket/bookmarkable/org.apache.wicket.protocol.http.TestErrorPage?0";
/*-->]]>*/</script>

ERROR - WebPage                    - ^^^^^^^^^^^^^^^^^^^^^^^^^^^^^^^^^^^^^^^^^^^^^^^^^^^^^^^^^^^^^^^^^^^^^^^^^^^^^^^^^^^^^^^^^
ERROR - DefaultExceptionMapper     - Unexpected error occurred
java.lang.IllegalStateException: Intentional error
	at org.apache.wicket.protocol.http.TestErrorPage$1.onAfterRender(TestErrorPage.java:54)
	at org.apache.wicket.Component.afterRender(Component.java:1119)
	at org.apache.wicket.Component.render(Component.java:2548)
	at org.apache.wicket.ajax.AjaxRequestTarget.respondComponent(AjaxRequestTarget.java:881)
	at org.apache.wicket.ajax.AjaxRequestTarget.respondComponents(AjaxRequestTarget.java:710)
	at org.apache.wicket.ajax.AjaxRequestTarget.respond(AjaxRequestTarget.java:621)
	at org.apache.wicket.request.RequestHandlerStack.executeRequestHandler(RequestHandlerStack.java:84)
	at org.apache.wicket.request.RequestHandlerStack.executeRequestHandler(RequestHandlerStack.java:118)
	at org.apache.wicket.request.cycle.RequestCycle.processRequest(RequestCycle.java:219)
	at org.apache.wicket.request.cycle.RequestCycle.processRequestAndDetach(RequestCycle.java:260)
	at org.apache.wicket.util.tester.BaseWicketTester.processRequest(BaseWicketTester.java:503)
	at org.apache.wicket.util.tester.BaseWicketTester.processRequest(BaseWicketTester.java:444)
	at org.apache.wicket.util.tester.BaseWicketTester.processRequest(BaseWicketTester.java:416)
	at org.apache.wicket.util.tester.BaseWicketTester.executeBehavior(BaseWicketTester.java:749)
	at org.apache.wicket.util.tester.BaseWicketTester.executeAjaxEvent(BaseWicketTester.java:1603)
	at org.apache.wicket.protocol.http.WebResponseExceptionsTest.testInternalErrorPage(WebResponseExceptionsTest.java:86)
	at sun.reflect.NativeMethodAccessorImpl.invoke0(Native Method)
	at sun.reflect.NativeMethodAccessorImpl.invoke(NativeMethodAccessorImpl.java:57)
	at sun.reflect.DelegatingMethodAccessorImpl.invoke(DelegatingMethodAccessorImpl.java:43)
	at java.lang.reflect.Method.invoke(Method.java:606)
	at junit.framework.TestCase.runTest(TestCase.java:168)
	at junit.framework.TestCase.runBare(TestCase.java:134)
	at junit.framework.TestResult$1.protect(TestResult.java:110)
	at junit.framework.TestResult.runProtected(TestResult.java:128)
	at junit.framework.TestResult.run(TestResult.java:113)
	at junit.framework.TestCase.run(TestCase.java:124)
	at junit.framework.TestSuite.runTest(TestSuite.java:232)
	at junit.framework.TestSuite.run(TestSuite.java:227)
	at org.junit.internal.runners.JUnit38ClassRunner.run(JUnit38ClassRunner.java:83)
	at org.apache.maven.surefire.junit4.JUnit4TestSet.execute(JUnit4TestSet.java:59)
	at org.apache.maven.surefire.suite.AbstractDirectoryTestSuite.executeTestSet(AbstractDirectoryTestSuite.java:120)
	at org.apache.maven.surefire.suite.AbstractDirectoryTestSuite.execute(AbstractDirectoryTestSuite.java:103)
	at org.apache.maven.surefire.Surefire.run(Surefire.java:169)
	at sun.reflect.NativeMethodAccessorImpl.invoke0(Native Method)
	at sun.reflect.NativeMethodAccessorImpl.invoke(NativeMethodAccessorImpl.java:57)
	at sun.reflect.DelegatingMethodAccessorImpl.invoke(DelegatingMethodAccessorImpl.java:43)
	at java.lang.reflect.Method.invoke(Method.java:606)
	at org.apache.maven.surefire.booter.SurefireBooter.runSuitesInProcess(SurefireBooter.java:350)
	at org.apache.maven.surefire.booter.SurefireBooter.main(SurefireBooter.java:1021)
Tests run: 4, Failures: 0, Errors: 0, Skipped: 0, Time elapsed: 0.026 sec
Running org.apache.wicket.MetaDataTest
Tests run: 1, Failures: 0, Errors: 0, Skipped: 0, Time elapsed: 0.002 sec
Running org.apache.wicket.markup.html.navigation.paging.PagingNavigationLinkTest
Tests run: 4, Failures: 0, Errors: 0, Skipped: 0, Time elapsed: 0.002 sec
Running org.apache.wicket.markupFragments.MarkupFragmentTest
Tests run: 8, Failures: 0, Errors: 0, Skipped: 0, Time elapsed: 0.027 sec
Running org.apache.wicket.protocol.http.WicketURLTest
Tests run: 4, Failures: 0, Errors: 0, Skipped: 0, Time elapsed: 0.001 sec
Running org.apache.wicket.util.tester.TagTesterTest
Tests run: 10, Failures: 0, Errors: 0, Skipped: 0, Time elapsed: 0.005 sec
Running org.apache.wicket.markup.ComponentCreateTagTest
Tests run: 5, Failures: 0, Errors: 0, Skipped: 0, Time elapsed: 0.04 sec
Running org.apache.wicket.validation.validator.CreditCardValidatorTest
Tests run: 2, Failures: 0, Errors: 0, Skipped: 0, Time elapsed: 0.002 sec
Running org.apache.wicket.util.io.WicketOutputStreamTest
Tests run: 5, Failures: 0, Errors: 0, Skipped: 0, Time elapsed: 0.06 sec
Running org.apache.wicket.markup.html.link.BookmarkableHomePageLinksTest
Tests run: 1, Failures: 0, Errors: 0, Skipped: 0, Time elapsed: 0.003 sec
Running org.apache.wicket.util.time.TimeFrameTest
Tests run: 5, Failures: 0, Errors: 0, Skipped: 0, Time elapsed: 0.002 sec
Running org.apache.wicket.markup.html.autolink.AutolinkTest
Tests run: 4, Failures: 0, Errors: 0, Skipped: 0, Time elapsed: 0.019 sec
Running org.apache.wicket.resource.loader.ClassStringResourceLoaderTest
Tests run: 1, Failures: 0, Errors: 0, Skipped: 0, Time elapsed: 0.002 sec
Running org.apache.wicket.markup.html.form.validation.HomePageTest
Tests run: 7, Failures: 0, Errors: 0, Skipped: 0, Time elapsed: 0.097 sec
Running org.apache.wicket.util.tester.apps_5.AjaxLinkClickTest
Tests run: 3, Failures: 0, Errors: 0, Skipped: 0, Time elapsed: 0.01 sec
Running org.apache.wicket.util.string.UrlUtilsTest
Tests run: 1, Failures: 0, Errors: 0, Skipped: 0, Time elapsed: 0 sec
Running org.apache.wicket.DisabledComponentTest
Tests run: 2, Failures: 0, Errors: 0, Skipped: 0, Time elapsed: 0.034 sec
Running org.apache.wicket.util.lang.PropertyResolverTest
Tests run: 33, Failures: 0, Errors: 0, Skipped: 0, Time elapsed: 0.102 sec
Running org.apache.wicket.markup.html.link.ClientSideImageMapTest
Tests run: 1, Failures: 0, Errors: 0, Skipped: 0, Time elapsed: 0.007 sec
Running org.apache.wicket.request.mapper.BookmarkableMapperTest
Tests run: 18, Failures: 0, Errors: 0, Skipped: 0, Time elapsed: 0.003 sec
Running org.apache.wicket.FeedbackMessagesTest
Tests run: 1, Failures: 0, Errors: 0, Skipped: 0, Time elapsed: 0.003 sec
Running org.apache.wicket.resource.ApplicationStringResourceLoaderTest
Tests run: 6, Failures: 0, Errors: 0, Skipped: 0, Time elapsed: 0.214 sec
Running org.apache.wicket.markup.html.internal.HtmlHeaderContainerTest
Tests run: 1, Failures: 0, Errors: 0, Skipped: 0, Time elapsed: 0.049 sec
Running org.apache.wicket.util.string.interpolator.PropertyVariableInterpolatorTest
Tests run: 2, Failures: 0, Errors: 0, Skipped: 0, Time elapsed: 0.001 sec
Running org.apache.wicket.util.lang.PrimitivesTest
Tests run: 2, Failures: 0, Errors: 0, Skipped: 0, Time elapsed: 0.001 sec
Running org.apache.wicket.util.string.PrependingStringBufferTest
Tests run: 5, Failures: 0, Errors: 0, Skipped: 0, Time elapsed: 0.001 sec
Running org.apache.wicket.validation.validator.EmailValidatorTest
Tests run: 2, Failures: 0, Errors: 0, Skipped: 0, Time elapsed: 0.002 sec
Running org.apache.wicket.ajax.AjaxBehaviorEnabledTest
<!DOCTYPE html PUBLIC "-//W3C//DTD XHTML 1.0 Transitional//EN" "http://www.w3.org/TR/xhtml1/DTD/xhtml1-transitional.dtd">
<html xmlns="http://www.w3.org/1999/xhtml">
<head>
<meta http-equiv="Content-Type" content="text/html; charset=UTF-8" />
<title>Insert title here</title>
<script type="text/javascript" src="../resource/org.apache.wicket.markup.html.WicketEventReference/wicket-event.js"></script>
<script type="text/javascript" src="../resource/org.apache.wicket.ajax.WicketAjaxReference/wicket-ajax.js"></script>
<script type="text/javascript" src="../resource/org.apache.wicket.ajax.AbstractDefaultAjaxBehavior/wicket-ajax-debug.js"></script>
<script type="text/javascript" id="wicket-ajax-debug-enable"><!--/*--><![CDATA[/*><!--*/
wicketAjaxDebugEnable=true;
/*-->]]>*/</script>
<script type="text/javascript" id="wicket-ajax-base-url"><!--/*--><![CDATA[/*><!--*/
Wicket.Ajax.baseUrl="wicket/bookmarkable/org.apache.wicket.ajax.AjaxBehaviorEnabledPage?0";
/*-->]]>*/</script>
</head>
<body>
	<span wicket:id="enabled" id="enabled1" onclick="var wcall=wicketAjaxGet('../page?0-1.IBehaviorListener.1-enabled',function() { }.bind(this),function() { }.bind(this), function() {return Wicket.$('enabled1') != null;}.bind(this));">this label is ajax enabled</span>
	<span wicket:id="disabled" id="disabled2">this label is not ajax enabled</span>
</body>
</html>
Tests run: 1, Failures: 0, Errors: 0, Skipped: 0, Time elapsed: 0.005 sec
Running org.apache.wicket.markup.MarkupParserTest
Tests run: 8, Failures: 0, Errors: 0, Skipped: 0, Time elapsed: 0.097 sec
Running org.apache.wicket.PageMarkupLoadingTest
Tests run: 4, Failures: 0, Errors: 0, Skipped: 0, Time elapsed: 0.052 sec
Running org.apache.wicket.markup.html.list.IncrementalTableNavigationTest
Tests run: 1, Failures: 0, Errors: 0, Skipped: 0, Time elapsed: 0.053 sec
Running org.apache.wicket.markup.html.form.encryption.CryptTest
Tests run: 2, Failures: 0, Errors: 0, Skipped: 0, Time elapsed: 0.072 sec
Running org.apache.wicket.ParentResourceEscapePathTest
<html><head><wicket:link><script type="text/javascript" src="../resource/org.apache.wicket.ParentResourceEscapePathTestPage/-updir-/-updir-/-updir-/ParentResourceTest.js"></script></wicket:link></head></html>
<html><head><wicket:link><script type="text/javascript" src="../resource/org.apache.wicket.ParentResourceEscapePathTestPage/$up$/$up$/$up$/ParentResourceTest.js"></script></wicket:link></head></html>
Tests run: 3, Failures: 0, Errors: 0, Skipped: 0, Time elapsed: 0.055 sec
Running org.apache.wicket.resource.BundleStringResourceLoaderTest
Tests run: 6, Failures: 0, Errors: 0, Skipped: 0, Time elapsed: 0.054 sec
Running org.apache.wicket.markup.html.internal.EnclosureTest
Tests run: 14, Failures: 0, Errors: 0, Skipped: 0, Time elapsed: 0.608 sec
Running org.apache.wicket.markup.html.link.submitLink.FormPage2Test
Tests run: 3, Failures: 0, Errors: 0, Skipped: 0, Time elapsed: 0.095 sec
Running org.apache.wicket.LocalizerTest
Tests run: 10, Failures: 0, Errors: 0, Skipped: 0, Time elapsed: 0.534 sec
Running org.apache.wicket.SetResponsePageTest
Tests run: 1, Failures: 0, Errors: 0, Skipped: 0, Time elapsed: 0.004 sec
Running org.apache.wicket.markup.parser.RelativePathPrefixHandlerTest
Tests run: 3, Failures: 0, Errors: 0, Skipped: 0, Time elapsed: 0.006 sec
Running org.apache.wicket.CachingDisabledLocalizerTest
Tests run: 10, Failures: 0, Errors: 0, Skipped: 0, Time elapsed: 0.036 sec
Running org.apache.wicket.BehaviorUrlTest
Tests run: 1, Failures: 0, Errors: 0, Skipped: 0, Time elapsed: 0.003 sec
Running org.apache.wicket.ResourceTest
Tests run: 1, Failures: 0, Errors: 0, Skipped: 0, Time elapsed: 0.001 sec
Running org.apache.wicket.RemoveTest
Tests run: 1, Failures: 0, Errors: 0, Skipped: 0, Time elapsed: 0.004 sec
Running org.apache.wicket.markup.html.link.HrefTest
Tests run: 4, Failures: 0, Errors: 0, Skipped: 0, Time elapsed: 0.01 sec
Running org.apache.wicket.ajax.markup.html.componentMap.SimpleTestPanelTest
Tests run: 1, Failures: 0, Errors: 0, Skipped: 0, Time elapsed: 0.007 sec
Running org.apache.wicket.resource.InvalidResourceSpecificationExceptionTest
Tests run: 4, Failures: 0, Errors: 0, Skipped: 0, Time elapsed: 0.001 sec
Running org.apache.wicket.markup.html.basic.HomePageRedirectTest
Tests run: 2, Failures: 0, Errors: 0, Skipped: 0, Time elapsed: 0.005 sec
Running org.apache.wicket.ajax.markup.html.ajaxLink.AjaxLinkTest
Tests run: 6, Failures: 0, Errors: 0, Skipped: 0, Time elapsed: 0.023 sec
Running org.apache.wicket.page.persistent.disk.DiskDataStoreTest
Starting...
Took: 7323 ms
Save: 1000 files, 256711057 bytes
Read: 20 files, 5142770 bytes
Average save time (ns): 644.151
Tests run: 1, Failures: 0, Errors: 0, Skipped: 0, Time elapsed: 7.363 sec
Running org.apache.wicket.util.cookies.CookieUtilsTest
Tests run: 1, Failures: 0, Errors: 0, Skipped: 0, Time elapsed: 0.005 sec
Running org.apache.wicket.page.persistent.disk.PageWindowManagerTest
Tests run: 2, Failures: 0, Errors: 0, Skipped: 0, Time elapsed: 0.001 sec
Running org.apache.wicket.markup.html.header.testing.HeaderTest
Tests run: 1, Failures: 0, Errors: 0, Skipped: 0, Time elapsed: 0.005 sec
Running org.apache.wicket.TesterTest
Tests run: 1, Failures: 0, Errors: 0, Skipped: 0, Time elapsed: 0.003 sec
Running org.apache.wicket.request.mapper.HomePageMapperTest
Tests run: 3, Failures: 0, Errors: 0, Skipped: 0, Time elapsed: 0.001 sec
Running org.apache.wicket.properties.PropertiesTest
Tests run: 2, Failures: 0, Errors: 0, Skipped: 0, Time elapsed: 0.041 sec
Running org.apache.wicket.util.collections.MicroMapTest
Tests run: 1, Failures: 0, Errors: 0, Skipped: 0, Time elapsed: 0.001 sec
Running org.apache.wicket.validation.validator.MinimumValidatorTest
Tests run: 2, Failures: 0, Errors: 0, Skipped: 0, Time elapsed: 0 sec
Running org.apache.wicket.FormDispatchEventTest
Tests run: 1, Failures: 0, Errors: 0, Skipped: 0, Time elapsed: 0.015 sec
Running org.apache.wicket.markup.html.SecurePackageResourceGuardTest
Tests run: 12, Failures: 0, Errors: 0, Skipped: 0, Time elapsed: 0.006 sec
Running org.apache.wicket.util.tester.apps_4.FormTesterTest
Tests run: 1, Failures: 0, Errors: 0, Skipped: 0, Time elapsed: 0.015 sec
Running org.apache.wicket.request.UrlTest
Tests run: 26, Failures: 0, Errors: 0, Skipped: 0, Time elapsed: 0.003 sec
Running org.apache.wicket.request.mapper.info.PageComponentInfoTest
Tests run: 2, Failures: 0, Errors: 0, Skipped: 0, Time elapsed: 0 sec
Running org.apache.wicket.resource.loader.PackageStringResourceLoaderTest
Tests run: 4, Failures: 0, Errors: 0, Skipped: 0, Time elapsed: 0.03 sec
Running org.apache.wicket.markup.html.form.imagebutton.InvalidImageButtonTest
Tests run: 1, Failures: 0, Errors: 0, Skipped: 0, Time elapsed: 0.005 sec
Running org.apache.wicket.behavior.AttributeAppenderTest
Tests run: 2, Failures: 0, Errors: 0, Skipped: 0, Time elapsed: 0.001 sec
Running org.apache.wicket.markup.html.list.PagedTableTest
Tests run: 1, Failures: 0, Errors: 0, Skipped: 0, Time elapsed: 0.014 sec
Running org.apache.wicket.util.string.JavascriptStripperTest
 attr:   /\[((?:[\w-]*:)?[\w-]+)\s*(?:([!^$*~|]?=)\s*((['"])([^\4]*?)\4|([^'"][^\]]*?)))?\]/ after regex
Tests run: 11, Failures: 0, Errors: 0, Skipped: 0, Time elapsed: 0.002 sec
Running org.apache.wicket.util.string.StringsTest
Tests run: 21, Failures: 0, Errors: 0, Skipped: 0, Time elapsed: 0.003 sec
Running org.apache.wicket.markup.resolver.WicketMessageResolverTest
Tests run: 7, Failures: 0, Errors: 0, Skipped: 0, Time elapsed: 0.032 sec
Running org.apache.wicket.stateless.pages.StatelessFormTest
Tests run: 1, Failures: 0, Errors: 0, Skipped: 0, Time elapsed: 0.003 sec
Running org.apache.wicket.model.AbstractPropertyModelObjectClassTest
Tests run: 3, Failures: 0, Errors: 0, Skipped: 0, Time elapsed: 0.002 sec
Running org.apache.wicket.markup.html.form.CheckGroupTest
Tests run: 3, Failures: 0, Errors: 0, Skipped: 0, Time elapsed: 0.017 sec
Running org.apache.wicket.redirect.abort.AbortExceptionTest
ERROR - Component                  - Error while getting default model object for Component: [ [Component id = test, page = org.apache.wicket.redirect.abort.AbortExceptionPage, path = 0:test.AbortExceptionPage$2, isVisible = true, isVersioned = true]]
Tests run: 2, Failures: 0, Errors: 0, Skipped: 0, Time elapsed: 0.004 sec
Running org.apache.wicket.util.lang.BytesTest
Tests run: 3, Failures: 0, Errors: 0, Skipped: 0, Time elapsed: 0.002 sec
Running org.apache.wicket.SharedResourceUrlTest
Tests run: 2, Failures: 0, Errors: 0, Skipped: 0, Time elapsed: 0.003 sec
Running org.apache.wicket.markup.html.basic.LabelTest
Tests run: 2, Failures: 0, Errors: 0, Skipped: 0, Time elapsed: 0.005 sec
Running org.apache.wicket.AttributeModifierTest
Tests run: 9, Failures: 0, Errors: 0, Skipped: 0, Time elapsed: 0.002 sec
Running org.apache.wicket.model.ResourceModelTest
Tests run: 1, Failures: 0, Errors: 0, Skipped: 0, Time elapsed: 0.004 sec
Running org.apache.wicket.util.string.StringListTest
Tests run: 8, Failures: 0, Errors: 0, Skipped: 0, Time elapsed: 0.002 sec
Running org.apache.wicket.util.tester.WicketTesterTest
Tests run: 27, Failures: 0, Errors: 0, Skipped: 0, Time elapsed: 0.653 sec
Running org.apache.wicket.markup.html.basic.SimplePageTest
ERROR - WebPage                    - ^^^^^^^^^^^^^^^^^^^^^^^^^^^^^^^^^^^^^^^^^^^^^^^^^^^^^^^^^^^^^^^^^^^^^^^^^^^^^^^^^^^^^^^^^
ERROR - WebPage                    - You probably forgot to add a <body> or <head> tag to your markup since no Header Container was 
found but components were found which want to write to the <head> section.
<link rel="stylesheet" type="text/css" href="../../BasePage.css" />
<script type="text/javascript" src="../resource/org.apache.wicket.markup.html.WicketEventReference/wicket-event.js"></script>
<script type="text/javascript" src="../resource/org.apache.wicket.ajax.WicketAjaxReference/wicket-ajax.js"></script>
<script type="text/javascript" src="../resource/org.apache.wicket.ajax.AbstractDefaultAjaxBehavior/wicket-ajax-debug.js"></script>
<script type="text/javascript" id="wicket-ajax-debug-enable"><!--/*--><![CDATA[/*><!--*/
wicketAjaxDebugEnable=true;
/*-->]]>*/</script>
<script type="text/javascript" id="wicket-ajax-base-url"><!--/*--><![CDATA[/*><!--*/
Wicket.Ajax.baseUrl="wicket/bookmarkable/org.apache.wicket.markup.html.basic.SimplePage_13?0";
/*-->]]>*/</script>

ERROR - WebPage                    - ^^^^^^^^^^^^^^^^^^^^^^^^^^^^^^^^^^^^^^^^^^^^^^^^^^^^^^^^^^^^^^^^^^^^^^^^^^^^^^^^^^^^^^^^^
Tests run: 18, Failures: 0, Errors: 0, Skipped: 0, Time elapsed: 0.614 sec
Running org.apache.wicket.markup.html.list.PagedTableNavigatorWithLabelProviderTest
Tests run: 1, Failures: 0, Errors: 0, Skipped: 0, Time elapsed: 0.448 sec
Running org.apache.wicket.request.cycle.UrlRendererTest
Tests run: 9, Failures: 0, Errors: 0, Skipped: 0, Time elapsed: 0.191 sec
Running org.apache.wicket.markup.html.form.DropDownChoiceTest
Tests run: 1, Failures: 0, Errors: 0, Skipped: 0, Time elapsed: 0.197 sec
Running org.apache.wicket.util.size.BytesTest
Tests run: 4, Failures: 0, Errors: 0, Skipped: 0, Time elapsed: 0.045 sec
Running org.apache.wicket.util.convert.converters.ConvertersTest
Tests run: 11, Failures: 0, Errors: 0, Skipped: 0, Time elapsed: 0.004 sec
Running org.apache.wicket.util.io.XmlReaderTest
Tests run: 7, Failures: 0, Errors: 0, Skipped: 0, Time elapsed: 0.002 sec
Running org.apache.wicket.markup.html.link.AutolinkTest
Tests run: 4, Failures: 0, Errors: 0, Skipped: 0, Time elapsed: 0.136 sec
Running org.apache.wicket.markup.html.list.TableTest
Tests run: 2, Failures: 0, Errors: 0, Skipped: 0, Time elapsed: 0.002 sec
Running org.apache.wicket.markup.html.form.FormSubmitTest
Tests run: 12, Failures: 0, Errors: 0, Skipped: 0, Time elapsed: 1.357 sec
Running org.apache.wicket.request.resource.WriteCallbackTest
Tests run: 1, Failures: 0, Errors: 0, Skipped: 0, Time elapsed: 0.043 sec
Running org.apache.wicket.markup.html.link.ExternalLinkTest
Tests run: 2, Failures: 0, Errors: 0, Skipped: 0, Time elapsed: 0.047 sec
Running org.apache.wicket.ApplicationSettingsTest
Tests run: 8, Failures: 0, Errors: 0, Skipped: 0, Time elapsed: 0.045 sec
Running org.apache.wicket.markup.html.header.threelayers.InheritanceHeadTest
Tests run: 1, Failures: 0, Errors: 0, Skipped: 0, Time elapsed: 0.005 sec
Running org.apache.wicket.util.time.TimeOfDayTest
Tests run: 1, Failures: 0, Errors: 0, Skipped: 0, Time elapsed: 0 sec
Running org.apache.wicket.MarkupContainerTest
Tests run: 2, Failures: 0, Errors: 0, Skipped: 0, Time elapsed: 0.042 sec
Running org.apache.wicket.ajax.AjaxPreprocessingCallDecoratorTest
Tests run: 3, Failures: 0, Errors: 0, Skipped: 0, Time elapsed: 0.001 sec
Running org.apache.wicket.markup.html.form.PrimitiveTypeRequiredTest
Tests run: 1, Failures: 0, Errors: 0, Skipped: 0, Time elapsed: 0 sec
Running org.apache.wicket.session.DefaultPageFactoryTest
Tests run: 1, Failures: 0, Errors: 0, Skipped: 0, Time elapsed: 0.002 sec
Running org.apache.wicket.model.ModelToStringTest
Tests run: 6, Failures: 0, Errors: 0, Skipped: 0, Time elapsed: 0.046 sec
Running org.apache.wicket.markup.html.tags.InputTagNotClosedTest
Tests run: 2, Failures: 0, Errors: 0, Skipped: 0, Time elapsed: 0.12 sec
Running org.apache.wicket.markup.html.header.testing2.HeaderTest
Tests run: 2, Failures: 0, Errors: 0, Skipped: 0, Time elapsed: 0.005 sec
Running org.apache.wicket.markup.MarkupInheritanceTest
=== org.apache.wicket.markup.MarkupInheritanceExtension_4 ===
Tests run: 14, Failures: 0, Errors: 0, Skipped: 0, Time elapsed: 0.053 sec
Running org.apache.wicket.markup.html.form.DisabledItemRetainingCheckBoxTest
Tests run: 5, Failures: 0, Errors: 0, Skipped: 0, Time elapsed: 0.019 sec
Running org.apache.wicket.markup.html.list.PagedTableNavigatorWithMarginTest
Tests run: 1, Failures: 0, Errors: 0, Skipped: 0, Time elapsed: 0.035 sec
Running org.apache.wicket.util.crypt.Base64Test
Tests run: 16, Failures: 0, Errors: 0, Skipped: 0, Time elapsed: 0.045 sec
Running org.apache.wicket.markup.renderStrategy.ChildFirstHeaderRenderStrategyTest
ERROR - stHeaderRenderStrategyTest - === PARENT first header render strategy ===
ERROR - stHeaderRenderStrategyTest - === CHILD first header render strategy ===
ERROR - stHeaderRenderStrategyTest - === PARENT first header render strategy ===
ERROR - stHeaderRenderStrategyTest - === CHILD first header render strategy ===
Tests run: 2, Failures: 0, Errors: 0, Skipped: 0, Time elapsed: 0.017 sec
Running org.apache.wicket.markup.html.form.login.InterceptTest
Tests run: 3, Failures: 0, Errors: 0, Skipped: 0, Time elapsed: 0.013 sec
Running org.apache.wicket.util.tester.apps_3.FormTesterTest
Tests run: 7, Failures: 0, Errors: 0, Skipped: 0, Time elapsed: 0.057 sec
Running org.apache.wicket.markup.html.form.LocalizedErrorMessageTest
Tests run: 2, Failures: 0, Errors: 0, Skipped: 0, Time elapsed: 0.029 sec
Running org.apache.wicket.markup.html.basic.XmlPageTest
Tests run: 3, Failures: 0, Errors: 0, Skipped: 0, Time elapsed: 0.012 sec
Running org.apache.wicket.redirect.RestartWithMountedPageTest
Tests run: 1, Failures: 0, Errors: 0, Skipped: 0, Time elapsed: 0.002 sec
Running org.apache.wicket.protocol.http.WicketTagPanelTest
Tests run: 2, Failures: 0, Errors: 0, Skipped: 0, Time elapsed: 0.006 sec
Running org.apache.wicket.protocol.https.SwitchProtocolRequestHandlerTest
Tests run: 1, Failures: 0, Errors: 0, Skipped: 0, Time elapsed: 0.013 sec
Running org.apache.wicket.model.StringResourceModelTest
Tests run: 9, Failures: 0, Errors: 0, Skipped: 0, Time elapsed: 0.052 sec
Running org.apache.wicket.util.tester.FormTesterTest
Tests run: 7, Failures: 0, Errors: 0, Skipped: 0, Time elapsed: 0.032 sec
Running org.apache.wicket.request.mapper.BasicResourceReferenceMapperTest
Tests run: 23, Failures: 0, Errors: 0, Skipped: 0, Time elapsed: 0.006 sec
Running org.apache.wicket.markup.html.list.ListViewTest
Tests run: 2, Failures: 0, Errors: 0, Skipped: 0, Time elapsed: 0.001 sec
Running org.apache.wicket.ajax.form.OnChangeAjaxBehaviorTest
Tests run: 2, Failures: 0, Errors: 0, Skipped: 0, Time elapsed: 0.023 sec
Running org.apache.wicket.ajax.AjaxRequestTargetTest
Tests run: 5, Failures: 0, Errors: 0, Skipped: 0, Time elapsed: 0.016 sec
Running org.apache.wicket.markup.html.image.ImageTest
Tests run: 2, Failures: 0, Errors: 0, Skipped: 0, Time elapsed: 0.018 sec
Running org.apache.wicket.ComponentInitializationTest
[Page class = org.apache.wicket.ComponentInitializationTest$1, id = 0, render count = 0]
[Page class = org.apache.wicket.ComponentInitializationTest$1, id = 0, render count = 0]
[TestComponent [Component id = t1]]
[TestComponent [Component id = t1]]
[TestComponent [Component id = t2]]
[TestComponent [Component id = t2]]
[Page class = org.apache.wicket.ComponentInitializationTest$2, id = 0, render count = 0]
[TestComponent [Component id = t1]]
[TestComponent [Component id = t2]]
[TestComponent [Component id = t3]]
[TestComponent [Component id = t4]]
Tests run: 6, Failures: 0, Errors: 0, Skipped: 0, Time elapsed: 0.01 sec
Running org.apache.wicket.util.time.TimeTest
Tests run: 1, Failures: 0, Errors: 0, Skipped: 0, Time elapsed: 0 sec
Running org.apache.wicket.stateless.StatelessFormTest
Tests run: 1, Failures: 0, Errors: 0, Skipped: 0, Time elapsed: 0.006 sec
Running org.apache.wicket.stateless.StatelessComponentTest
Tests run: 5, Failures: 0, Errors: 0, Skipped: 0, Time elapsed: 0.011 sec
Running org.apache.wicket.stateless.ImageStatelessTest
Tests run: 2, Failures: 0, Errors: 0, Skipped: 0, Time elapsed: 0.002 sec
Running org.apache.wicket.markup.parser.XmlPullParserTest
Tests run: 9, Failures: 0, Errors: 0, Skipped: 0, Time elapsed: 0.002 sec
Running org.apache.wicket.util.resource.UrlResourceStreamTest
Tests run: 1, Failures: 0, Errors: 0, Skipped: 0, Time elapsed: 0.001 sec
Running org.apache.wicket.markup.html.header.inheritance.InheritanceHeadTest
Tests run: 2, Failures: 0, Errors: 0, Skipped: 0, Time elapsed: 0.008 sec
Running org.apache.wicket.markup.html.form.FormTest
Tests run: 1, Failures: 0, Errors: 0, Skipped: 0, Time elapsed: 0.003 sec
Running org.apache.wicket.validation.validator.UrlValidatorTest
Tests run: 6, Failures: 0, Errors: 0, Skipped: 0, Time elapsed: 0.487 sec
Running org.apache.wicket.validation.validator.RangeValidatorTest
Tests run: 2, Failures: 0, Errors: 0, Skipped: 0, Time elapsed: 0.001 sec
Running org.apache.wicket.resource.loader.ComponentStringResourceLoaderTest
Tests run: 2, Failures: 0, Errors: 0, Skipped: 0, Time elapsed: 0.01 sec
Running org.apache.wicket.markup.html.form.EnumChoiceRendererTest
Tests run: 1, Failures: 0, Errors: 0, Skipped: 0, Time elapsed: 0.001 sec
Running org.apache.wicket.ajax.form.AjaxFormSubmitBehaviorTest
Tests run: 1, Failures: 0, Errors: 0, Skipped: 0, Time elapsed: 0.005 sec
Running org.apache.wicket.ajax.AjaxComponentVisibilityTest
Tests run: 1, Failures: 0, Errors: 0, Skipped: 0, Time elapsed: 0.006 sec
Running org.apache.wicket.protocol.https.HttpsRequestCheckerTest
Tests run: 1, Failures: 0, Errors: 0, Skipped: 0, Time elapsed: 0.009 sec
Running org.apache.wicket.validation.validator.MaximumValidatorTest
Tests run: 2, Failures: 0, Errors: 0, Skipped: 0, Time elapsed: 0.001 sec
Running org.apache.wicket.ajax.DomReadyOrderTest
ERROR - DomReadyOrderTest          - '<?xml version="1.0" encoding="UTF-8"?><ajax-response><component id="listViewContainer3" ><![CDATA[<div id="listViewContainer3">
          
             <label>0</label><br/>
          
             <label>1</label><br/>
          
        </div>]]></component></ajax-response>'
Tests run: 3, Failures: 0, Errors: 0, Skipped: 0, Time elapsed: 0.015 sec
Running org.apache.wicket.ComponentTest
Tests run: 3, Failures: 0, Errors: 0, Skipped: 0, Time elapsed: 0.012 sec
Running org.apache.wicket.markup.WicketNamespaceTest
Tests run: 6, Failures: 0, Errors: 0, Skipped: 0, Time elapsed: 0.014 sec
Running org.apache.wicket.markup.html.form.FormParentDisabledRawInputTest
Tests run: 1, Failures: 0, Errors: 0, Skipped: 0, Time elapsed: 0.003 sec
Running org.apache.wicket.util.license.ApacheLicenceHeaderTest
Tests run: 1, Failures: 0, Errors: 0, Skipped: 0, Time elapsed: 4.468 sec

Results :

Failed tests: 
  testDisabledBehaviorRequest(org.apache.wicket.BehaviorRequestTest)

Tests run: 972, Failures: 1, Errors: 0, Skipped: 0

[INFO] ------------------------------------------------------------------------
[INFO] BUILD FAILURE
[INFO] ------------------------------------------------------------------------
[INFO] Total time: 51.792 s
[INFO] Finished at: 2016-07-31T10:24:22-07:00
[INFO] Final Memory: 15M/606M
[INFO] ------------------------------------------------------------------------
[ERROR] Failed to execute goal org.apache.maven.plugins:maven-surefire-plugin:2.6:test (default-test) on project wicket: There are test failures.
[ERROR] 
[ERROR] Please refer to /home/ylyu/dataset/wicket3/dataset/wicket/WICKET-3098_1b7afefc08fa2acc45d0d4687251b43c34158bd2/wicket/target/surefire-reports for the individual test results.
[ERROR] -> [Help 1]
[ERROR] 
[ERROR] To see the full stack trace of the errors, re-run Maven with the -e switch.
[ERROR] Re-run Maven using the -X switch to enable full debug logging.
[ERROR] 
[ERROR] For more information about the errors and possible solutions, please read the following articles:
[ERROR] [Help 1] http://cwiki.apache.org/confluence/display/MAVEN/MojoFailureException
