[INFO] Scanning for projects...
[INFO]                                                                         
[INFO] ------------------------------------------------------------------------
[INFO] Building Wicket Core 6.0-SNAPSHOT
[INFO] ------------------------------------------------------------------------
[INFO] 
[INFO] --- maven-remote-resources-plugin:1.2.1:process (default) @ wicket-core ---
[INFO] 
[INFO] --- maven-resources-plugin:2.5:resources (default-resources) @ wicket-core ---
[debug] execute contextualize
[INFO] Using 'UTF-8' encoding to copy filtered resources.
[INFO] Copying 75 resources
[INFO] Copying 1 resource
[INFO] Copying 3 resources
[INFO] 
[INFO] --- maven-compiler-plugin:2.3.2:compile (default-compile) @ wicket-core ---
[INFO] Nothing to compile - all classes are up to date
[INFO] 
[INFO] --- maven-bundle-plugin:2.2.0:manifest (bundle-manifest) @ wicket-core ---
[WARNING] Warning in manifest for org.apache.wicket:wicket-core:jar:6.0-SNAPSHOT : Superfluous export-package instructions: [org.apache.wicket.protocol, org, org.apache.wicket.markup.html.navigation, org.apache.wicket.ajax.markup.html.navigation, org.apache.wicket.serialize, org.apache, org.apache.wicket.ajax.markup, org.apache.wicket.util, org.apache.wicket.ajax.res]
[INFO] 
[INFO] --- maven-resources-plugin:2.5:testResources (default-testResources) @ wicket-core ---
[debug] execute contextualize
[INFO] Using 'UTF-8' encoding to copy filtered resources.
[INFO] Copying 890 resources
[INFO] Copying 3 resources
[INFO] 
[INFO] --- maven-compiler-plugin:2.3.2:testCompile (default-testCompile) @ wicket-core ---
[INFO] Nothing to compile - all classes are up to date
[INFO] 
[INFO] --- maven-surefire-plugin:2.10:test (default-test) @ wicket-core ---
[INFO] Surefire report directory: /home/ylyu/dataset/wicket3/dataset/wicket/WICKET-4256_09166ea81d1df1df326fad3866664e0064e0459c/wicket-core/target/surefire-reports

-------------------------------------------------------
 T E S T S
-------------------------------------------------------
Running org.apache.wicket.behavior.ImmutableBehaviorIdsTest
Tests run: 3, Failures: 0, Errors: 0, Skipped: 0, Time elapsed: 0.63 sec
Running org.apache.wicket.ComponentInitializationIntegrationTest
Tests run: 1, Failures: 0, Errors: 0, Skipped: 0, Time elapsed: 0.004 sec
Running org.apache.wicket.PageMarkupLoadingTest
Tests run: 4, Failures: 0, Errors: 0, Skipped: 0, Time elapsed: 0.067 sec
Running org.apache.wicket.LocalizerTest
Tests run: 10, Failures: 0, Errors: 0, Skipped: 0, Time elapsed: 1.558 sec
Running org.apache.wicket.resource.BundleStringResourceLoaderTest
Tests run: 6, Failures: 0, Errors: 0, Skipped: 0, Time elapsed: 0.017 sec
Running org.apache.wicket.resource.loader.PackageStringResourceLoaderTest
Tests run: 4, Failures: 0, Errors: 0, Skipped: 0, Time elapsed: 0.11 sec
Running org.apache.wicket.resource.loader.ComponentStringResourceLoaderTest
Tests run: 3, Failures: 0, Errors: 0, Skipped: 0, Time elapsed: 0.028 sec
Running org.apache.wicket.resource.loader.ClassStringResourceLoaderTest
Tests run: 1, Failures: 0, Errors: 0, Skipped: 0, Time elapsed: 0.003 sec
Running org.apache.wicket.resource.loader.PropertiesResolverTest
Tests run: 1, Failures: 0, Errors: 0, Skipped: 0, Time elapsed: 0.016 sec
Running org.apache.wicket.resource.loader.InitializerStringResourceLoaderTest
Tests run: 6, Failures: 0, Errors: 0, Skipped: 0, Time elapsed: 0.019 sec
Running org.apache.wicket.resource.TextTemplateResourceReferenceTest
Tests run: 1, Failures: 0, Errors: 0, Skipped: 0, Time elapsed: 0.048 sec
Running org.apache.wicket.resource.ComponentStringResourceLoaderTest
Tests run: 10, Failures: 0, Errors: 0, Skipped: 0, Time elapsed: 0.127 sec
Running org.apache.wicket.resource.InvalidResourceSpecificationExceptionTest
Tests run: 4, Failures: 0, Errors: 0, Skipped: 0, Time elapsed: 0 sec
Running org.apache.wicket.resource.XmlFilePropertiesLoaderTest
Tests run: 1, Failures: 0, Errors: 0, Skipped: 0, Time elapsed: 0.032 sec
Running org.apache.wicket.resource.ApplicationStringResourceLoaderTest
Tests run: 6, Failures: 0, Errors: 0, Skipped: 0, Time elapsed: 0.023 sec
Running org.apache.wicket.ComponentConfigurationTest
Tests run: 2, Failures: 0, Errors: 0, Skipped: 0, Time elapsed: 0.008 sec
Running org.apache.wicket.request.resource.MetaInfStaticResourceReferenceTest
Tests run: 2, Failures: 0, Errors: 0, Skipped: 0, Time elapsed: 0.003 sec
Running org.apache.wicket.request.resource.ResourceReferenceRegistryTest
Tests run: 2, Failures: 0, Errors: 0, Skipped: 0, Time elapsed: 0 sec
Running org.apache.wicket.request.resource.ByteArrayResourceTest
Tests run: 3, Failures: 0, Errors: 0, Skipped: 0, Time elapsed: 0.117 sec
Running org.apache.wicket.request.resource.PackageResourceReferenceTest
Tests run: 4, Failures: 0, Errors: 0, Skipped: 0, Time elapsed: 0.013 sec
Running org.apache.wicket.request.resource.WriteCallbackTest
Tests run: 1, Failures: 0, Errors: 0, Skipped: 0, Time elapsed: 0 sec
Running org.apache.wicket.request.resource.DynamicImageResourceTest
Tests run: 2, Failures: 0, Errors: 0, Skipped: 0, Time elapsed: 0.047 sec
Running org.apache.wicket.request.resource.CssPackageResourceTest
Tests run: 3, Failures: 0, Errors: 0, Skipped: 0, Time elapsed: 0 sec
Running org.apache.wicket.request.resource.JavaScriptPackageResourceTest
Tests run: 3, Failures: 0, Errors: 0, Skipped: 0, Time elapsed: 0 sec
Running org.apache.wicket.request.resource.caching.ContextRelativeResourceCachingTest
Tests run: 2, Failures: 0, Errors: 0, Skipped: 0, Time elapsed: 0 sec
Running org.apache.wicket.request.handler.PageProviderTest
Tests run: 7, Failures: 0, Errors: 0, Skipped: 0, Time elapsed: 0.02 sec
Running org.apache.wicket.request.handler.PageIdPoliticTest
Tests run: 2, Failures: 0, Errors: 0, Skipped: 0, Time elapsed: 0.018 sec
Running org.apache.wicket.request.handler.render.WebPageRendererTest
Tests run: 19, Failures: 0, Errors: 0, Skipped: 0, Time elapsed: 0.078 sec
Running org.apache.wicket.request.handler.ListenerInterfaceRequestHandlerTest
Tests run: 2, Failures: 0, Errors: 0, Skipped: 0, Time elapsed: 0.01 sec
Running org.apache.wicket.request.cycle.RequestCycleListenerDetachOrderTest
Tests run: 1, Failures: 0, Errors: 0, Skipped: 0, Time elapsed: 0.002 sec
Running org.apache.wicket.request.cycle.UrlRendererTest
Tests run: 11, Failures: 0, Errors: 0, Skipped: 0, Time elapsed: 0.002 sec
Running org.apache.wicket.request.cycle.RequestHandlerStackTest
Tests run: 3, Failures: 0, Errors: 0, Skipped: 0, Time elapsed: 0.002 sec
Running org.apache.wicket.request.cycle.RequestCycleListenerTest
ERROR - RequestCycle               - Error during request processing. URL=/
java.lang.RuntimeException: testing purposes only
	at org.apache.wicket.request.cycle.RequestCycleListenerTest$1.respond(RequestCycleListenerTest.java:85)
	at org.apache.wicket.request.cycle.RequestCycle$HandlerExecutor.respond(RequestCycle.java:756)
	at org.apache.wicket.request.RequestHandlerStack.execute(RequestHandlerStack.java:64)
	at org.apache.wicket.request.cycle.RequestCycle.execute(RequestCycle.java:253)
	at org.apache.wicket.request.cycle.RequestCycle.processRequest(RequestCycle.java:210)
	at org.apache.wicket.request.cycle.RequestCycle.processRequestAndDetach(RequestCycle.java:281)
	at org.apache.wicket.request.cycle.RequestCycleListenerTest.basicOperations(RequestCycleListenerTest.java:191)
	at sun.reflect.NativeMethodAccessorImpl.invoke0(Native Method)
	at sun.reflect.NativeMethodAccessorImpl.invoke(NativeMethodAccessorImpl.java:57)
	at sun.reflect.DelegatingMethodAccessorImpl.invoke(DelegatingMethodAccessorImpl.java:43)
	at java.lang.reflect.Method.invoke(Method.java:606)
	at org.junit.runners.model.FrameworkMethod$1.runReflectiveCall(FrameworkMethod.java:44)
	at org.junit.internal.runners.model.ReflectiveCallable.run(ReflectiveCallable.java:15)
	at org.junit.runners.model.FrameworkMethod.invokeExplosively(FrameworkMethod.java:41)
	at org.junit.internal.runners.statements.InvokeMethod.evaluate(InvokeMethod.java:20)
	at org.junit.internal.runners.statements.RunBefores.evaluate(RunBefores.java:28)
	at org.junit.internal.runners.statements.RunAfters.evaluate(RunAfters.java:31)
	at org.junit.runners.BlockJUnit4ClassRunner.runNotIgnored(BlockJUnit4ClassRunner.java:79)
	at org.junit.runners.BlockJUnit4ClassRunner.runChild(BlockJUnit4ClassRunner.java:71)
	at org.junit.runners.BlockJUnit4ClassRunner.runChild(BlockJUnit4ClassRunner.java:49)
	at org.junit.runners.ParentRunner$3.run(ParentRunner.java:193)
	at org.junit.runners.ParentRunner$1.schedule(ParentRunner.java:52)
	at org.junit.runners.ParentRunner.runChildren(ParentRunner.java:191)
	at org.junit.runners.ParentRunner.access$000(ParentRunner.java:42)
	at org.junit.runners.ParentRunner$2.evaluate(ParentRunner.java:184)
	at org.junit.runners.ParentRunner.run(ParentRunner.java:236)
	at org.apache.maven.surefire.junit4.JUnit4TestSet.execute(JUnit4TestSet.java:53)
	at org.apache.maven.surefire.junit4.JUnit4Provider.executeTestSet(JUnit4Provider.java:123)
	at org.apache.maven.surefire.junit4.JUnit4Provider.invoke(JUnit4Provider.java:104)
	at sun.reflect.NativeMethodAccessorImpl.invoke0(Native Method)
	at sun.reflect.NativeMethodAccessorImpl.invoke(NativeMethodAccessorImpl.java:57)
	at sun.reflect.DelegatingMethodAccessorImpl.invoke(DelegatingMethodAccessorImpl.java:43)
	at java.lang.reflect.Method.invoke(Method.java:606)
	at org.apache.maven.surefire.util.ReflectionUtils.invokeMethodWithArray(ReflectionUtils.java:164)
	at org.apache.maven.surefire.booter.ProviderFactory$ProviderProxy.invoke(ProviderFactory.java:110)
	at org.apache.maven.surefire.booter.SurefireStarter.invokeProvider(SurefireStarter.java:175)
	at org.apache.maven.surefire.booter.SurefireStarter.runSuitesInProcessWhenForked(SurefireStarter.java:107)
	at org.apache.maven.surefire.booter.ForkedBooter.main(ForkedBooter.java:68)
ERROR - ListenerCollection         - Error invoking listener: org.apache.wicket.request.cycle.RequestCycleListenerTest$4@7f646501
java.lang.RuntimeException
	at org.apache.wicket.request.cycle.RequestCycleListenerTest$4.onDetach(RequestCycleListenerTest.java:242)
	at org.apache.wicket.request.cycle.RequestCycleListenerCollection$3.notify(RequestCycleListenerCollection.java:105)
	at org.apache.wicket.request.cycle.RequestCycleListenerCollection$3.notify(RequestCycleListenerCollection.java:101)
	at org.apache.wicket.util.listener.ListenerCollection$1.notify(ListenerCollection.java:119)
	at org.apache.wicket.util.listener.ListenerCollection.reversedNotify(ListenerCollection.java:143)
	at org.apache.wicket.util.listener.ListenerCollection.reversedNotifyIgnoringExceptions(ListenerCollection.java:113)
	at org.apache.wicket.request.cycle.RequestCycleListenerCollection.onDetach(RequestCycleListenerCollection.java:100)
	at org.apache.wicket.request.cycle.RequestCycle.onDetach(RequestCycle.java:571)
	at org.apache.wicket.request.cycle.RequestCycle.detach(RequestCycle.java:510)
	at org.apache.wicket.request.cycle.RequestCycle.processRequestAndDetach(RequestCycle.java:285)
	at org.apache.wicket.request.cycle.RequestCycleListenerTest.exceptionHandingInOnDetach(RequestCycleListenerTest.java:248)
	at sun.reflect.NativeMethodAccessorImpl.invoke0(Native Method)
	at sun.reflect.NativeMethodAccessorImpl.invoke(NativeMethodAccessorImpl.java:57)
	at sun.reflect.DelegatingMethodAccessorImpl.invoke(DelegatingMethodAccessorImpl.java:43)
	at java.lang.reflect.Method.invoke(Method.java:606)
	at org.junit.runners.model.FrameworkMethod$1.runReflectiveCall(FrameworkMethod.java:44)
	at org.junit.internal.runners.model.ReflectiveCallable.run(ReflectiveCallable.java:15)
	at org.junit.runners.model.FrameworkMethod.invokeExplosively(FrameworkMethod.java:41)
	at org.junit.internal.runners.statements.InvokeMethod.evaluate(InvokeMethod.java:20)
	at org.junit.internal.runners.statements.RunBefores.evaluate(RunBefores.java:28)
	at org.junit.internal.runners.statements.RunAfters.evaluate(RunAfters.java:31)
	at org.junit.runners.BlockJUnit4ClassRunner.runNotIgnored(BlockJUnit4ClassRunner.java:79)
	at org.junit.runners.BlockJUnit4ClassRunner.runChild(BlockJUnit4ClassRunner.java:71)
	at org.junit.runners.BlockJUnit4ClassRunner.runChild(BlockJUnit4ClassRunner.java:49)
	at org.junit.runners.ParentRunner$3.run(ParentRunner.java:193)
	at org.junit.runners.ParentRunner$1.schedule(ParentRunner.java:52)
	at org.junit.runners.ParentRunner.runChildren(ParentRunner.java:191)
	at org.junit.runners.ParentRunner.access$000(ParentRunner.java:42)
	at org.junit.runners.ParentRunner$2.evaluate(ParentRunner.java:184)
	at org.junit.runners.ParentRunner.run(ParentRunner.java:236)
	at org.apache.maven.surefire.junit4.JUnit4TestSet.execute(JUnit4TestSet.java:53)
	at org.apache.maven.surefire.junit4.JUnit4Provider.executeTestSet(JUnit4Provider.java:123)
	at org.apache.maven.surefire.junit4.JUnit4Provider.invoke(JUnit4Provider.java:104)
	at sun.reflect.NativeMethodAccessorImpl.invoke0(Native Method)
	at sun.reflect.NativeMethodAccessorImpl.invoke(NativeMethodAccessorImpl.java:57)
	at sun.reflect.DelegatingMethodAccessorImpl.invoke(DelegatingMethodAccessorImpl.java:43)
	at java.lang.reflect.Method.invoke(Method.java:606)
	at org.apache.maven.surefire.util.ReflectionUtils.invokeMethodWithArray(ReflectionUtils.java:164)
	at org.apache.maven.surefire.booter.ProviderFactory$ProviderProxy.invoke(ProviderFactory.java:110)
	at org.apache.maven.surefire.booter.SurefireStarter.invokeProvider(SurefireStarter.java:175)
	at org.apache.maven.surefire.booter.SurefireStarter.runSuitesInProcessWhenForked(SurefireStarter.java:107)
	at org.apache.maven.surefire.booter.ForkedBooter.main(ForkedBooter.java:68)
ERROR - ListenerCollection         - Error invoking listener: org.apache.wicket.request.cycle.RequestCycleListenerTest$4@7f646501
java.lang.RuntimeException
	at org.apache.wicket.request.cycle.RequestCycleListenerTest$4.onDetach(RequestCycleListenerTest.java:242)
	at org.apache.wicket.request.cycle.RequestCycleListenerCollection$3.notify(RequestCycleListenerCollection.java:105)
	at org.apache.wicket.request.cycle.RequestCycleListenerCollection$3.notify(RequestCycleListenerCollection.java:101)
	at org.apache.wicket.util.listener.ListenerCollection$1.notify(ListenerCollection.java:119)
	at org.apache.wicket.util.listener.ListenerCollection.reversedNotify(ListenerCollection.java:143)
	at org.apache.wicket.util.listener.ListenerCollection.reversedNotifyIgnoringExceptions(ListenerCollection.java:113)
	at org.apache.wicket.request.cycle.RequestCycleListenerCollection.onDetach(RequestCycleListenerCollection.java:100)
	at org.apache.wicket.request.cycle.RequestCycle.onDetach(RequestCycle.java:571)
	at org.apache.wicket.request.cycle.RequestCycle.detach(RequestCycle.java:510)
	at org.apache.wicket.request.cycle.RequestCycle.processRequestAndDetach(RequestCycle.java:285)
	at org.apache.wicket.request.cycle.RequestCycleListenerTest.exceptionHandingInOnDetach(RequestCycleListenerTest.java:248)
	at sun.reflect.NativeMethodAccessorImpl.invoke0(Native Method)
	at sun.reflect.NativeMethodAccessorImpl.invoke(NativeMethodAccessorImpl.java:57)
	at sun.reflect.DelegatingMethodAccessorImpl.invoke(DelegatingMethodAccessorImpl.java:43)
	at java.lang.reflect.Method.invoke(Method.java:606)
	at org.junit.runners.model.FrameworkMethod$1.runReflectiveCall(FrameworkMethod.java:44)
	at org.junit.internal.runners.model.ReflectiveCallable.run(ReflectiveCallable.java:15)
	at org.junit.runners.model.FrameworkMethod.invokeExplosively(FrameworkMethod.java:41)
	at org.junit.internal.runners.statements.InvokeMethod.evaluate(InvokeMethod.java:20)
	at org.junit.internal.runners.statements.RunBefores.evaluate(RunBefores.java:28)
	at org.junit.internal.runners.statements.RunAfters.evaluate(RunAfters.java:31)
	at org.junit.runners.BlockJUnit4ClassRunner.runNotIgnored(BlockJUnit4ClassRunner.java:79)
	at org.junit.runners.BlockJUnit4ClassRunner.runChild(BlockJUnit4ClassRunner.java:71)
	at org.junit.runners.BlockJUnit4ClassRunner.runChild(BlockJUnit4ClassRunner.java:49)
	at org.junit.runners.ParentRunner$3.run(ParentRunner.java:193)
	at org.junit.runners.ParentRunner$1.schedule(ParentRunner.java:52)
	at org.junit.runners.ParentRunner.runChildren(ParentRunner.java:191)
	at org.junit.runners.ParentRunner.access$000(ParentRunner.java:42)
	at org.junit.runners.ParentRunner$2.evaluate(ParentRunner.java:184)
	at org.junit.runners.ParentRunner.run(ParentRunner.java:236)
	at org.apache.maven.surefire.junit4.JUnit4TestSet.execute(JUnit4TestSet.java:53)
	at org.apache.maven.surefire.junit4.JUnit4Provider.executeTestSet(JUnit4Provider.java:123)
	at org.apache.maven.surefire.junit4.JUnit4Provider.invoke(JUnit4Provider.java:104)
	at sun.reflect.NativeMethodAccessorImpl.invoke0(Native Method)
	at sun.reflect.NativeMethodAccessorImpl.invoke(NativeMethodAccessorImpl.java:57)
	at sun.reflect.DelegatingMethodAccessorImpl.invoke(DelegatingMethodAccessorImpl.java:43)
	at java.lang.reflect.Method.invoke(Method.java:606)
	at org.apache.maven.surefire.util.ReflectionUtils.invokeMethodWithArray(ReflectionUtils.java:164)
	at org.apache.maven.surefire.booter.ProviderFactory$ProviderProxy.invoke(ProviderFactory.java:110)
	at org.apache.maven.surefire.booter.SurefireStarter.invokeProvider(SurefireStarter.java:175)
	at org.apache.maven.surefire.booter.SurefireStarter.runSuitesInProcessWhenForked(SurefireStarter.java:107)
	at org.apache.maven.surefire.booter.ForkedBooter.main(ForkedBooter.java:68)
ERROR - ListenerCollection         - Error invoking listener: org.apache.wicket.request.cycle.RequestCycleListenerTest$4@7f646501
java.lang.RuntimeException
	at org.apache.wicket.request.cycle.RequestCycleListenerTest$4.onDetach(RequestCycleListenerTest.java:242)
	at org.apache.wicket.request.cycle.RequestCycleListenerCollection$3.notify(RequestCycleListenerCollection.java:105)
	at org.apache.wicket.request.cycle.RequestCycleListenerCollection$3.notify(RequestCycleListenerCollection.java:101)
	at org.apache.wicket.util.listener.ListenerCollection$1.notify(ListenerCollection.java:119)
	at org.apache.wicket.util.listener.ListenerCollection.reversedNotify(ListenerCollection.java:143)
	at org.apache.wicket.util.listener.ListenerCollection.reversedNotifyIgnoringExceptions(ListenerCollection.java:113)
	at org.apache.wicket.request.cycle.RequestCycleListenerCollection.onDetach(RequestCycleListenerCollection.java:100)
	at org.apache.wicket.request.cycle.RequestCycle.onDetach(RequestCycle.java:571)
	at org.apache.wicket.request.cycle.RequestCycle.detach(RequestCycle.java:510)
	at org.apache.wicket.request.cycle.RequestCycle.processRequestAndDetach(RequestCycle.java:285)
	at org.apache.wicket.request.cycle.RequestCycleListenerTest.exceptionHandingInOnDetach(RequestCycleListenerTest.java:248)
	at sun.reflect.NativeMethodAccessorImpl.invoke0(Native Method)
	at sun.reflect.NativeMethodAccessorImpl.invoke(NativeMethodAccessorImpl.java:57)
	at sun.reflect.DelegatingMethodAccessorImpl.invoke(DelegatingMethodAccessorImpl.java:43)
	at java.lang.reflect.Method.invoke(Method.java:606)
	at org.junit.runners.model.FrameworkMethod$1.runReflectiveCall(FrameworkMethod.java:44)
	at org.junit.internal.runners.model.ReflectiveCallable.run(ReflectiveCallable.java:15)
	at org.junit.runners.model.FrameworkMethod.invokeExplosively(FrameworkMethod.java:41)
	at org.junit.internal.runners.statements.InvokeMethod.evaluate(InvokeMethod.java:20)
	at org.junit.internal.runners.statements.RunBefores.evaluate(RunBefores.java:28)
	at org.junit.internal.runners.statements.RunAfters.evaluate(RunAfters.java:31)
	at org.junit.runners.BlockJUnit4ClassRunner.runNotIgnored(BlockJUnit4ClassRunner.java:79)
	at org.junit.runners.BlockJUnit4ClassRunner.runChild(BlockJUnit4ClassRunner.java:71)
	at org.junit.runners.BlockJUnit4ClassRunner.runChild(BlockJUnit4ClassRunner.java:49)
	at org.junit.runners.ParentRunner$3.run(ParentRunner.java:193)
	at org.junit.runners.ParentRunner$1.schedule(ParentRunner.java:52)
	at org.junit.runners.ParentRunner.runChildren(ParentRunner.java:191)
	at org.junit.runners.ParentRunner.access$000(ParentRunner.java:42)
	at org.junit.runners.ParentRunner$2.evaluate(ParentRunner.java:184)
	at org.junit.runners.ParentRunner.run(ParentRunner.java:236)
	at org.apache.maven.surefire.junit4.JUnit4TestSet.execute(JUnit4TestSet.java:53)
	at org.apache.maven.surefire.junit4.JUnit4Provider.executeTestSet(JUnit4Provider.java:123)
	at org.apache.maven.surefire.junit4.JUnit4Provider.invoke(JUnit4Provider.java:104)
	at sun.reflect.NativeMethodAccessorImpl.invoke0(Native Method)
	at sun.reflect.NativeMethodAccessorImpl.invoke(NativeMethodAccessorImpl.java:57)
	at sun.reflect.DelegatingMethodAccessorImpl.invoke(DelegatingMethodAccessorImpl.java:43)
	at java.lang.reflect.Method.invoke(Method.java:606)
	at org.apache.maven.surefire.util.ReflectionUtils.invokeMethodWithArray(ReflectionUtils.java:164)
	at org.apache.maven.surefire.booter.ProviderFactory$ProviderProxy.invoke(ProviderFactory.java:110)
	at org.apache.maven.surefire.booter.SurefireStarter.invokeProvider(SurefireStarter.java:175)
	at org.apache.maven.surefire.booter.SurefireStarter.runSuitesInProcessWhenForked(SurefireStarter.java:107)
	at org.apache.maven.surefire.booter.ForkedBooter.main(ForkedBooter.java:68)
Tests run: 4, Failures: 0, Errors: 0, Skipped: 0, Time elapsed: 0.007 sec
Running org.apache.wicket.request.cycle.MultiRequestCycleListenerCallOrderTest
Tests run: 4, Failures: 0, Errors: 0, Skipped: 0, Time elapsed: 0.025 sec
Running org.apache.wicket.request.mapper.BasicResourceReferenceMapperTest
Tests run: 27, Failures: 0, Errors: 0, Skipped: 0, Time elapsed: 0.013 sec
Running org.apache.wicket.request.mapper.info.PageComponentInfoTest
Tests run: 2, Failures: 0, Errors: 0, Skipped: 0, Time elapsed: 0 sec
Running org.apache.wicket.request.mapper.info.ComponentInfoTest
Tests run: 11, Failures: 0, Errors: 0, Skipped: 0, Time elapsed: 0.002 sec
Running org.apache.wicket.request.mapper.PageInstanceMapperTest
Tests run: 10, Failures: 0, Errors: 0, Skipped: 0, Time elapsed: 0.049 sec
Running org.apache.wicket.request.mapper.CustomHomePageTest
Tests run: 2, Failures: 0, Errors: 0, Skipped: 0, Time elapsed: 0 sec
Running org.apache.wicket.request.mapper.PackageMapperTest
Tests run: 22, Failures: 0, Errors: 0, Skipped: 0, Time elapsed: 0 sec
Running org.apache.wicket.request.mapper.BookmarkableMapperTest
Tests run: 18, Failures: 0, Errors: 0, Skipped: 0, Time elapsed: 0 sec
Running org.apache.wicket.request.mapper.MountedMapperTest
Tests run: 35, Failures: 0, Errors: 0, Skipped: 0, Time elapsed: 0.001 sec
Running org.apache.wicket.request.mapper.CryptoMapperTest
ERROR - AbstractCrypt              - Error decoding text: style.css
java.lang.RuntimeException: Unable to decrypt the text '�ܥy�,'
	at org.apache.wicket.util.crypt.AbstractCrypt.decryptByteArray(AbstractCrypt.java:150)
	at org.apache.wicket.util.crypt.AbstractCrypt.decryptUrlSafe(AbstractCrypt.java:66)
	at org.apache.wicket.request.mapper.CryptoMapper.decryptUrl(CryptoMapper.java:175)
	at org.apache.wicket.request.mapper.CryptoMapper.mapRequest(CryptoMapper.java:106)
	at org.apache.wicket.request.mapper.CryptoMapperTest.decryptFailed(CryptoMapperTest.java:114)
	at sun.reflect.NativeMethodAccessorImpl.invoke0(Native Method)
	at sun.reflect.NativeMethodAccessorImpl.invoke(NativeMethodAccessorImpl.java:57)
	at sun.reflect.DelegatingMethodAccessorImpl.invoke(DelegatingMethodAccessorImpl.java:43)
	at java.lang.reflect.Method.invoke(Method.java:606)
	at org.junit.runners.model.FrameworkMethod$1.runReflectiveCall(FrameworkMethod.java:44)
	at org.junit.internal.runners.model.ReflectiveCallable.run(ReflectiveCallable.java:15)
	at org.junit.runners.model.FrameworkMethod.invokeExplosively(FrameworkMethod.java:41)
	at org.junit.internal.runners.statements.InvokeMethod.evaluate(InvokeMethod.java:20)
	at org.junit.internal.runners.statements.RunBefores.evaluate(RunBefores.java:28)
	at org.junit.internal.runners.statements.RunAfters.evaluate(RunAfters.java:31)
	at org.junit.runners.BlockJUnit4ClassRunner.runNotIgnored(BlockJUnit4ClassRunner.java:79)
	at org.junit.runners.BlockJUnit4ClassRunner.runChild(BlockJUnit4ClassRunner.java:71)
	at org.junit.runners.BlockJUnit4ClassRunner.runChild(BlockJUnit4ClassRunner.java:49)
	at org.junit.runners.ParentRunner$3.run(ParentRunner.java:193)
	at org.junit.runners.ParentRunner$1.schedule(ParentRunner.java:52)
	at org.junit.runners.ParentRunner.runChildren(ParentRunner.java:191)
	at org.junit.runners.ParentRunner.access$000(ParentRunner.java:42)
	at org.junit.runners.ParentRunner$2.evaluate(ParentRunner.java:184)
	at org.junit.runners.ParentRunner.run(ParentRunner.java:236)
	at org.apache.maven.surefire.junit4.JUnit4TestSet.execute(JUnit4TestSet.java:53)
	at org.apache.maven.surefire.junit4.JUnit4Provider.executeTestSet(JUnit4Provider.java:123)
	at org.apache.maven.surefire.junit4.JUnit4Provider.invoke(JUnit4Provider.java:104)
	at sun.reflect.NativeMethodAccessorImpl.invoke0(Native Method)
	at sun.reflect.NativeMethodAccessorImpl.invoke(NativeMethodAccessorImpl.java:57)
	at sun.reflect.DelegatingMethodAccessorImpl.invoke(DelegatingMethodAccessorImpl.java:43)
	at java.lang.reflect.Method.invoke(Method.java:606)
	at org.apache.maven.surefire.util.ReflectionUtils.invokeMethodWithArray(ReflectionUtils.java:164)
	at org.apache.maven.surefire.booter.ProviderFactory$ProviderProxy.invoke(ProviderFactory.java:110)
	at org.apache.maven.surefire.booter.SurefireStarter.invokeProvider(SurefireStarter.java:175)
	at org.apache.maven.surefire.booter.SurefireStarter.runSuitesInProcessWhenForked(SurefireStarter.java:107)
	at org.apache.maven.surefire.booter.ForkedBooter.main(ForkedBooter.java:68)
Caused by: javax.crypto.IllegalBlockSizeException: Input length must be multiple of 8 when decrypting with padded cipher
	at com.sun.crypto.provider.CipherCore.doFinal(CipherCore.java:750)
	at com.sun.crypto.provider.CipherCore.doFinal(CipherCore.java:676)
	at com.sun.crypto.provider.PBECipherCore.doFinal(PBECipherCore.java:422)
	at com.sun.crypto.provider.PBEWithMD5AndDESCipher.engineDoFinal(PBEWithMD5AndDESCipher.java:316)
	at javax.crypto.Cipher.doFinal(Cipher.java:1966)
	at org.apache.wicket.util.crypt.SunJceCrypt.crypt(SunJceCrypt.java:94)
	at org.apache.wicket.util.crypt.AbstractCrypt.decryptByteArray(AbstractCrypt.java:146)
	... 35 more
ERROR - CryptoMapper               - Error decrypting URL
java.lang.IllegalArgumentException: Argument 'url' may not be null.
	at org.apache.wicket.util.lang.Args.notNull(Args.java:41)
	at org.apache.wicket.request.Url.parse(Url.java:142)
	at org.apache.wicket.request.mapper.CryptoMapper.decryptUrl(CryptoMapper.java:176)
	at org.apache.wicket.request.mapper.CryptoMapper.mapRequest(CryptoMapper.java:106)
	at org.apache.wicket.request.mapper.CryptoMapperTest.decryptFailed(CryptoMapperTest.java:114)
	at sun.reflect.NativeMethodAccessorImpl.invoke0(Native Method)
	at sun.reflect.NativeMethodAccessorImpl.invoke(NativeMethodAccessorImpl.java:57)
	at sun.reflect.DelegatingMethodAccessorImpl.invoke(DelegatingMethodAccessorImpl.java:43)
	at java.lang.reflect.Method.invoke(Method.java:606)
	at org.junit.runners.model.FrameworkMethod$1.runReflectiveCall(FrameworkMethod.java:44)
	at org.junit.internal.runners.model.ReflectiveCallable.run(ReflectiveCallable.java:15)
	at org.junit.runners.model.FrameworkMethod.invokeExplosively(FrameworkMethod.java:41)
	at org.junit.internal.runners.statements.InvokeMethod.evaluate(InvokeMethod.java:20)
	at org.junit.internal.runners.statements.RunBefores.evaluate(RunBefores.java:28)
	at org.junit.internal.runners.statements.RunAfters.evaluate(RunAfters.java:31)
	at org.junit.runners.BlockJUnit4ClassRunner.runNotIgnored(BlockJUnit4ClassRunner.java:79)
	at org.junit.runners.BlockJUnit4ClassRunner.runChild(BlockJUnit4ClassRunner.java:71)
	at org.junit.runners.BlockJUnit4ClassRunner.runChild(BlockJUnit4ClassRunner.java:49)
	at org.junit.runners.ParentRunner$3.run(ParentRunner.java:193)
	at org.junit.runners.ParentRunner$1.schedule(ParentRunner.java:52)
	at org.junit.runners.ParentRunner.runChildren(ParentRunner.java:191)
	at org.junit.runners.ParentRunner.access$000(ParentRunner.java:42)
	at org.junit.runners.ParentRunner$2.evaluate(ParentRunner.java:184)
	at org.junit.runners.ParentRunner.run(ParentRunner.java:236)
	at org.apache.maven.surefire.junit4.JUnit4TestSet.execute(JUnit4TestSet.java:53)
	at org.apache.maven.surefire.junit4.JUnit4Provider.executeTestSet(JUnit4Provider.java:123)
	at org.apache.maven.surefire.junit4.JUnit4Provider.invoke(JUnit4Provider.java:104)
	at sun.reflect.NativeMethodAccessorImpl.invoke0(Native Method)
	at sun.reflect.NativeMethodAccessorImpl.invoke(NativeMethodAccessorImpl.java:57)
	at sun.reflect.DelegatingMethodAccessorImpl.invoke(DelegatingMethodAccessorImpl.java:43)
	at java.lang.reflect.Method.invoke(Method.java:606)
	at org.apache.maven.surefire.util.ReflectionUtils.invokeMethodWithArray(ReflectionUtils.java:164)
	at org.apache.maven.surefire.booter.ProviderFactory$ProviderProxy.invoke(ProviderFactory.java:110)
	at org.apache.maven.surefire.booter.SurefireStarter.invokeProvider(SurefireStarter.java:175)
	at org.apache.maven.surefire.booter.SurefireStarter.runSuitesInProcessWhenForked(SurefireStarter.java:107)
	at org.apache.maven.surefire.booter.ForkedBooter.main(ForkedBooter.java:68)
Tests run: 9, Failures: 0, Errors: 0, Skipped: 0, Time elapsed: 0.069 sec
Running org.apache.wicket.request.mapper.ResourceMapperTest
Tests run: 8, Failures: 0, Errors: 0, Skipped: 0, Time elapsed: 0.009 sec
Running org.apache.wicket.request.mapper.UrlInfoTest
Tests run: 1, Failures: 0, Errors: 0, Skipped: 0, Time elapsed: 0 sec
Running org.apache.wicket.AuthorizationTest
Tests run: 6, Failures: 0, Errors: 0, Skipped: 0, Time elapsed: 0.025 sec
Running org.apache.wicket.ComponentTest
Tests run: 3, Failures: 0, Errors: 0, Skipped: 0, Time elapsed: 0.025 sec
Running org.apache.wicket.RestartResponseExceptionTest
Tests run: 1, Failures: 0, Errors: 0, Skipped: 0, Time elapsed: 0.003 sec
Running org.apache.wicket.settings.ISecuritySettingsTest
Tests run: 1, Failures: 0, Errors: 0, Skipped: 0, Time elapsed: 0.009 sec
Running org.apache.wicket.BehaviorRequestTest
Tests run: 2, Failures: 0, Errors: 0, Skipped: 0, Time elapsed: 0.007 sec
Running org.apache.wicket.SetResponsePageTest
Tests run: 1, Failures: 0, Errors: 0, Skipped: 0, Time elapsed: 0.006 sec
Running org.apache.wicket.pageStore.AsynchronousDataStoreTest
Tests run: 1, Failures: 0, Errors: 0, Skipped: 0, Time elapsed: 2.456 sec
Running org.apache.wicket.pageStore.memory.HttpSessionDataStoreTest
Tests run: 3, Failures: 0, Errors: 0, Skipped: 0, Time elapsed: 0.005 sec
Running org.apache.wicket.pageStore.memory.PageNumberEvictionStrategyTest
Tests run: 2, Failures: 0, Errors: 0, Skipped: 0, Time elapsed: 0.001 sec
Running org.apache.wicket.pageStore.memory.PageTableTest
Tests run: 1, Failures: 0, Errors: 0, Skipped: 0, Time elapsed: 0 sec
Running org.apache.wicket.pageStore.memory.MemorySizeEvictionStrategyTest
Tests run: 1, Failures: 0, Errors: 0, Skipped: 0, Time elapsed: 0.01 sec
Running org.apache.wicket.properties.PropertiesTest
Tests run: 2, Failures: 0, Errors: 0, Skipped: 0, Time elapsed: 0.088 sec
Running org.apache.wicket.ApplicationSettingsTest
Tests run: 8, Failures: 0, Errors: 0, Skipped: 0, Time elapsed: 0.002 sec
Running org.apache.wicket.EventDispatcherTest
Tests run: 1, Failures: 0, Errors: 0, Skipped: 0, Time elapsed: 0.009 sec
Running org.apache.wicket.ComponentEventsTest
Tests run: 32, Failures: 0, Errors: 0, Skipped: 0, Time elapsed: 0.066 sec
Running org.apache.wicket.RequestEncodingTest
Tests run: 2, Failures: 0, Errors: 0, Skipped: 0, Time elapsed: 0.017 sec
Running org.apache.wicket.authorization.ComponentIsRenderedAllowedTest
Tests run: 2, Failures: 1, Errors: 0, Skipped: 0, Time elapsed: 0.006 sec <<< FAILURE!
Running org.apache.wicket.PageFactoryTest
Tests run: 2, Failures: 0, Errors: 0, Skipped: 0, Time elapsed: 0 sec
Running org.apache.wicket.PlaceholderTagIdTest
Tests run: 1, Failures: 0, Errors: 0, Skipped: 0, Time elapsed: 0 sec
Running org.apache.wicket.page.PersistentPageManagerTest
Tests run: 1, Failures: 0, Errors: 0, Skipped: 0, Time elapsed: 0 sec
Running org.apache.wicket.page.persistent.disk.DiskDataStoreTest
ERROR - DiskDataStoreTest          - Starting...
ERROR - DiskDataStoreTest          - Took: 7365 ms
ERROR - DiskDataStoreTest          - Save: 1000 files, 256439210 bytes
ERROR - DiskDataStoreTest          - Read: 20 files, 5125342 bytes
ERROR - DiskDataStoreTest          - Average save time (ns): 840.592
Tests run: 1, Failures: 0, Errors: 0, Skipped: 0, Time elapsed: 8.342 sec
Running org.apache.wicket.page.persistent.disk.PageWindowManagerTest
Tests run: 2, Failures: 0, Errors: 0, Skipped: 0, Time elapsed: 0 sec
Running org.apache.wicket.page.PageAccessSynchronizerTest
Tests run: 6, Failures: 0, Errors: 0, Skipped: 0, Time elapsed: 22.332 sec
Running org.apache.wicket.markupFragments.MarkupFragmentTest
Tests run: 8, Failures: 0, Errors: 0, Skipped: 0, Time elapsed: 0.039 sec
Running org.apache.wicket.versioning.PageVersioningTest
Tests run: 1, Failures: 0, Errors: 0, Skipped: 0, Time elapsed: 1.043 sec
Running org.apache.wicket.util.resource.locator.ResourceNameIteratorTest
Tests run: 3, Failures: 0, Errors: 0, Skipped: 0, Time elapsed: 0.011 sec
Running org.apache.wicket.util.resource.locator.CachingResourceStreamLocatorTest
Tests run: 4, Failures: 0, Errors: 0, Skipped: 0, Time elapsed: 0.015 sec
Running org.apache.wicket.util.resource.UrlResourceStreamTest
Tests run: 2, Failures: 0, Errors: 0, Skipped: 0, Time elapsed: 0.003 sec
Running org.apache.wicket.util.resource.ResourceTest
Tests run: 1, Failures: 0, Errors: 0, Skipped: 0, Time elapsed: 0.033 sec
Running org.apache.wicket.util.io.SerializableCheckerTest
WARN  - SerializableChecker        - Wasn't possible to check the object class org.apache.wicket.util.io.SerializableCheckerTest$ProblematicType possible due an problematic implementation of equals method
Tests run: 3, Failures: 0, Errors: 0, Skipped: 0, Time elapsed: 0.009 sec
Running org.apache.wicket.util.string.interpolator.PropertyVariableInterpolatorTest
Tests run: 3, Failures: 0, Errors: 0, Skipped: 0, Time elapsed: 0.002 sec
Running org.apache.wicket.util.string.JavaScriptStripperTest
 attr:   /\[((?:[\w-]*:)?[\w-]+)\s*(?:([!^$*~|]?=)\s*((['"])([^\4]*?)\4|([^'"][^\]]*?)))?\]/ after regex
 var test = function () {
var c = "!=";

if ( !l.match.PSEUDO.test(c) && !/!=/.test(c)) {
alert("/something bad will happen */* ");
}
var importantFunction = function () {alert("really important function ")}

}
Tests run: 12, Failures: 0, Errors: 0, Skipped: 0, Time elapsed: 0.006 sec
Running org.apache.wicket.util.string.UrlUtilsTest
Tests run: 2, Failures: 0, Errors: 0, Skipped: 0, Time elapsed: 0 sec
Running org.apache.wicket.util.iterator.AbstractHierarchyIteratorTest
Tests run: 14, Failures: 0, Errors: 0, Skipped: 0, Time elapsed: 0.034 sec
Running org.apache.wicket.util.iterator.ComponentIteratorTest
Tests run: 25, Failures: 0, Errors: 0, Skipped: 0, Time elapsed: 0.043 sec
Running org.apache.wicket.util.markup.xhtml.WellFormedXmlTest
Tests run: 1, Failures: 0, Errors: 0, Skipped: 0, Time elapsed: 0.208 sec
Running org.apache.wicket.util.cookies.CookieUtilsTest
Tests run: 1, Failures: 0, Errors: 0, Skipped: 0, Time elapsed: 0.009 sec
Running org.apache.wicket.util.cookies.SetCookieAndRedirectTest
Tests run: 2, Failures: 0, Errors: 0, Skipped: 0, Time elapsed: 0.013 sec
Running org.apache.wicket.util.template.CssTemplateTest
Tests run: 1, Failures: 0, Errors: 0, Skipped: 0, Time elapsed: 0 sec
Running org.apache.wicket.util.lang.PropertyResolverTest
Tests run: 36, Failures: 0, Errors: 0, Skipped: 0, Time elapsed: 0.034 sec
Running org.apache.wicket.util.lang.WicketObjectsTest
Tests run: 5, Failures: 0, Errors: 0, Skipped: 0, Time elapsed: 0.008 sec
Running org.apache.wicket.util.license.ApacheLicenceHeaderTest
Tests run: 1, Failures: 0, Errors: 0, Skipped: 0, Time elapsed: 3.523 sec
Running org.apache.wicket.util.tester.apps_5.AjaxSubmitLinkClickTest
Tests run: 2, Failures: 0, Errors: 0, Skipped: 0, Time elapsed: 0.012 sec
Running org.apache.wicket.util.tester.apps_5.AjaxLinkClickTest
Tests run: 3, Failures: 0, Errors: 0, Skipped: 0, Time elapsed: 0.015 sec
Running org.apache.wicket.util.tester.apps_4.FormTesterTest
Tests run: 1, Failures: 0, Errors: 0, Skipped: 0, Time elapsed: 0.037 sec
Running org.apache.wicket.util.tester.apps_2.Test
Tests run: 1, Failures: 0, Errors: 0, Skipped: 0, Time elapsed: 0.003 sec
Running org.apache.wicket.util.tester.TagTesterTest
Tests run: 10, Failures: 0, Errors: 0, Skipped: 0, Time elapsed: 0.007 sec
Running org.apache.wicket.util.tester.WicketTesterSessionCreationTest
Tests run: 1, Failures: 0, Errors: 0, Skipped: 0, Time elapsed: 0.003 sec
Running org.apache.wicket.util.tester.apps_3.FormTesterTest
Tests run: 7, Failures: 0, Errors: 0, Skipped: 0, Time elapsed: 0.126 sec
Running org.apache.wicket.util.tester.WicketTesterSessionInvalidateTest
Tests run: 1, Failures: 0, Errors: 0, Skipped: 0, Time elapsed: 0.005 sec
Running org.apache.wicket.util.tester.FormTesterSubmitLinkTest
Tests run: 3, Failures: 0, Errors: 0, Skipped: 0, Time elapsed: 0.014 sec
Running org.apache.wicket.util.tester.WicketTesterTest
Tests run: 43, Failures: 0, Errors: 0, Skipped: 0, Time elapsed: 0.346 sec
Running org.apache.wicket.util.tester.FormTesterTest
Tests run: 8, Failures: 0, Errors: 0, Skipped: 0, Time elapsed: 0.072 sec
Running org.apache.wicket.markup.MarkupFragmentTest
Tests run: 3, Failures: 0, Errors: 0, Skipped: 0, Time elapsed: 0.003 sec
Running org.apache.wicket.markup.MarkupCacheTest
Tests run: 2, Failures: 0, Errors: 0, Skipped: 0, Time elapsed: 0.004 sec
Running org.apache.wicket.markup.ComponentTagAttributeEscapingTest
<html><body><a wicket:id="link" onclick="alert(&#039;alerting: &amp; ££ &#039;)" href="../page?0-1.ILinkListener-link" some_attribute="&amp;">link</a><input type="submit" wicket:id="button" value="Watch escaped value: &gt;&gt;" name="button" id="button1"/></body></html>
Tests run: 1, Failures: 0, Errors: 0, Skipped: 0, Time elapsed: 0.003 sec
Running org.apache.wicket.markup.HtmlProblemFinderTest
Tests run: 1, Failures: 0, Errors: 0, Skipped: 0, Time elapsed: 0.002 sec
Running org.apache.wicket.markup.MarkupInheritanceTest
=== org.apache.wicket.markup.MarkupInheritanceExtension_4 ===
Tests run: 14, Failures: 0, Errors: 0, Skipped: 0, Time elapsed: 0.071 sec
Running org.apache.wicket.markup.parser.RelativePathPrefixHandlerTest
Tests run: 3, Failures: 0, Errors: 0, Skipped: 0, Time elapsed: 0.009 sec
Running org.apache.wicket.markup.parser.filter.HeaderSectionTest
Tests run: 20, Failures: 0, Errors: 0, Skipped: 0, Time elapsed: 0.075 sec
Running org.apache.wicket.markup.parser.filter.DoubleHeaderPartPageTest
Tests run: 1, Failures: 0, Errors: 0, Skipped: 0, Time elapsed: 0.006 sec
Running org.apache.wicket.markup.parser.filter.OpenCloseTagExpanderTest
Tests run: 1, Failures: 0, Errors: 0, Skipped: 0, Time elapsed: 0.004 sec
Running org.apache.wicket.markup.parser.XmlPullParserTest
Tests run: 11, Failures: 0, Errors: 0, Skipped: 0, Time elapsed: 0.01 sec
Running org.apache.wicket.markup.parser.MergedMarkupTest
Tests run: 2, Failures: 0, Errors: 0, Skipped: 0, Time elapsed: 0.004 sec
Running org.apache.wicket.markup.html.debug.WicketComponentTreeTest
Tests run: 1, Failures: 0, Errors: 0, Skipped: 0, Time elapsed: 0.015 sec
Running org.apache.wicket.markup.html.autolink.AutolinkTest
Tests run: 4, Failures: 0, Errors: 0, Skipped: 0, Time elapsed: 0.02 sec
Running org.apache.wicket.markup.html.panel.PanelTest
ERROR - MarkupFactory              - Error while reading the markup file:/home/ylyu/dataset/wicket3/dataset/wicket/WICKET-4256_09166ea81d1df1df326fad3866664e0064e0459c/wicket-core/target/test-classes/org/apache/wicket/markup/html/panel/SimplePanel_1.html
Tag does not have a close tag
 MarkupStream: [markup = file:/home/ylyu/dataset/wicket3/dataset/wicket/WICKET-4256_09166ea81d1df1df326fad3866664e0064e0459c/wicket-core/target/test-classes/org/apache/wicket/markup/html/panel/SimplePanel_1.html
<!-- tag not closed in panel (and wicket:panel is missing as well -->
<span wicket:id="test">xxxx, index = 2, current = [Raw markup]]
	at org.apache.wicket.markup.parser.filter.HtmlHandler.postProcess(HtmlHandler.java:84)
	at org.apache.wicket.markup.AbstractMarkupParser.postProcess(AbstractMarkupParser.java:328)
	at org.apache.wicket.markup.AbstractMarkupParser.parseMarkup(AbstractMarkupParser.java:313)
	at org.apache.wicket.markup.AbstractMarkupParser.parse(AbstractMarkupParser.java:181)
	at org.apache.wicket.markup.loader.SimpleMarkupLoader.loadMarkup(SimpleMarkupLoader.java:51)
	at org.apache.wicket.markup.loader.InheritedMarkupMarkupLoader.loadMarkup(InheritedMarkupMarkupLoader.java:56)
	at org.apache.wicket.markup.loader.DefaultMarkupLoader.loadMarkup(DefaultMarkupLoader.java:52)
	at org.apache.wicket.markup.MarkupFactory.loadMarkup(MarkupFactory.java:430)
	at org.apache.wicket.markup.MarkupCache.loadMarkup(MarkupCache.java:447)
	at org.apache.wicket.markup.MarkupCache.loadMarkupAndWatchForChanges(MarkupCache.java:540)
	at org.apache.wicket.markup.MarkupCache.getMarkup(MarkupCache.java:305)
	at org.apache.wicket.markup.MarkupFactory.getMarkup(MarkupFactory.java:236)
	at org.apache.wicket.markup.MarkupFactory.getMarkup(MarkupFactory.java:194)
	at org.apache.wicket.MarkupContainer.getAssociatedMarkup(MarkupContainer.java:445)
	at org.apache.wicket.MarkupContainer.getAssociatedMarkupStream(MarkupContainer.java:412)
	at org.apache.wicket.markup.html.panel.AssociatedMarkupSourcingStrategy.renderHeadFromAssociatedMarkupFile(AssociatedMarkupSourcingStrategy.java:243)
	at org.apache.wicket.markup.html.panel.AssociatedMarkupSourcingStrategy.renderHead(AssociatedMarkupSourcingStrategy.java:219)
	at org.apache.wicket.Component.renderHead(Component.java:2660)
	at org.apache.wicket.markup.renderStrategy.ChildFirstHeaderRenderStrategy$1.component(ChildFirstHeaderRenderStrategy.java:82)
	at org.apache.wicket.markup.renderStrategy.DeepChildFirstVisitor.visit(DeepChildFirstVisitor.java:96)
	at org.apache.wicket.markup.renderStrategy.DeepChildFirstVisitor.visit(DeepChildFirstVisitor.java:87)
	at org.apache.wicket.markup.renderStrategy.DeepChildFirstVisitor.visit(DeepChildFirstVisitor.java:51)
	at org.apache.wicket.markup.renderStrategy.ChildFirstHeaderRenderStrategy.renderChildHeaders(ChildFirstHeaderRenderStrategy.java:77)
	at org.apache.wicket.markup.renderStrategy.ChildFirstHeaderRenderStrategy.renderHeader(ChildFirstHeaderRenderStrategy.java:56)
	at org.apache.wicket.markup.html.internal.HtmlHeaderContainer.onComponentTagBody(HtmlHeaderContainer.java:134)
	at org.apache.wicket.markup.html.panel.DefaultMarkupSourcingStrategy.onComponentTagBody(DefaultMarkupSourcingStrategy.java:72)
	at org.apache.wicket.Component.internalRenderComponent(Component.java:2524)
	at org.apache.wicket.MarkupContainer.onRender(MarkupContainer.java:1584)
	at org.apache.wicket.Component.internalRender(Component.java:2354)
	at org.apache.wicket.Component.render(Component.java:2282)
	at org.apache.wicket.MarkupContainer.renderNext(MarkupContainer.java:1481)
	at org.apache.wicket.MarkupContainer.renderAll(MarkupContainer.java:1646)
	at org.apache.wicket.Page.onRender(Page.java:913)
	at org.apache.wicket.markup.html.WebPage.onRender(WebPage.java:140)
	at org.apache.wicket.Component.internalRender(Component.java:2354)
	at org.apache.wicket.Component.render(Component.java:2282)
	at org.apache.wicket.Page.renderPage(Page.java:1053)
	at org.apache.wicket.request.handler.render.WebPageRenderer.renderPage(WebPageRenderer.java:105)
	at org.apache.wicket.request.handler.render.WebPageRenderer.respond(WebPageRenderer.java:224)
	at org.apache.wicket.request.handler.RenderPageRequestHandler.respond(RenderPageRequestHandler.java:174)
	at org.apache.wicket.request.cycle.RequestCycle$HandlerExecutor.respond(RequestCycle.java:756)
	at org.apache.wicket.request.RequestHandlerStack.execute(RequestHandlerStack.java:64)
	at org.apache.wicket.request.cycle.RequestCycle.execute(RequestCycle.java:253)
	at org.apache.wicket.request.cycle.RequestCycle.processRequest(RequestCycle.java:210)
	at org.apache.wicket.request.cycle.RequestCycle.processRequestAndDetach(RequestCycle.java:281)
	at org.apache.wicket.util.tester.BaseWicketTester.processRequest(BaseWicketTester.java:594)
	at org.apache.wicket.util.tester.BaseWicketTester.processRequest(BaseWicketTester.java:514)
	at org.apache.wicket.util.tester.BaseWicketTester.processRequest(BaseWicketTester.java:486)
	at org.apache.wicket.util.tester.BaseWicketTester.startPage(BaseWicketTester.java:1124)
	at org.apache.wicket.util.tester.BaseWicketTester.startPage(BaseWicketTester.java:1097)
	at org.apache.wicket.util.tester.WicketTester.executeTest(WicketTester.java:621)
	at org.apache.wicket.WicketTestCase.executeTest(WicketTestCase.java:101)
	at org.apache.wicket.markup.html.panel.PanelTest.renderHomePage_1(PanelTest.java:45)
	at sun.reflect.NativeMethodAccessorImpl.invoke0(Native Method)
	at sun.reflect.NativeMethodAccessorImpl.invoke(NativeMethodAccessorImpl.java:57)
	at sun.reflect.DelegatingMethodAccessorImpl.invoke(DelegatingMethodAccessorImpl.java:43)
	at java.lang.reflect.Method.invoke(Method.java:606)
	at org.junit.runners.model.FrameworkMethod$1.runReflectiveCall(FrameworkMethod.java:44)
	at org.junit.internal.runners.model.ReflectiveCallable.run(ReflectiveCallable.java:15)
	at org.junit.runners.model.FrameworkMethod.invokeExplosively(FrameworkMethod.java:41)
	at org.junit.internal.runners.statements.InvokeMethod.evaluate(InvokeMethod.java:20)
	at org.junit.internal.runners.statements.RunBefores.evaluate(RunBefores.java:28)
	at org.junit.internal.runners.statements.RunAfters.evaluate(RunAfters.java:31)
	at org.junit.runners.BlockJUnit4ClassRunner.runNotIgnored(BlockJUnit4ClassRunner.java:79)
	at org.junit.runners.BlockJUnit4ClassRunner.runChild(BlockJUnit4ClassRunner.java:71)
	at org.junit.runners.BlockJUnit4ClassRunner.runChild(BlockJUnit4ClassRunner.java:49)
	at org.junit.runners.ParentRunner$3.run(ParentRunner.java:193)
	at org.junit.runners.ParentRunner$1.schedule(ParentRunner.java:52)
	at org.junit.runners.ParentRunner.runChildren(ParentRunner.java:191)
	at org.junit.runners.ParentRunner.access$000(ParentRunner.java:42)
	at org.junit.runners.ParentRunner$2.evaluate(ParentRunner.java:184)
	at org.junit.runners.ParentRunner.run(ParentRunner.java:236)
	at org.apache.maven.surefire.junit4.JUnit4TestSet.execute(JUnit4TestSet.java:53)
	at org.apache.maven.surefire.junit4.JUnit4Provider.executeTestSet(JUnit4Provider.java:123)
	at org.apache.maven.surefire.junit4.JUnit4Provider.invoke(JUnit4Provider.java:104)
	at sun.reflect.NativeMethodAccessorImpl.invoke0(Native Method)
	at sun.reflect.NativeMethodAccessorImpl.invoke(NativeMethodAccessorImpl.java:57)
	at sun.reflect.DelegatingMethodAccessorImpl.invoke(DelegatingMethodAccessorImpl.java:43)
	at java.lang.reflect.Method.invoke(Method.java:606)
	at org.apache.maven.surefire.util.ReflectionUtils.invokeMethodWithArray(ReflectionUtils.java:164)
	at org.apache.maven.surefire.booter.ProviderFactory$ProviderProxy.invoke(ProviderFactory.java:110)
	at org.apache.maven.surefire.booter.SurefireStarter.invokeProvider(SurefireStarter.java:175)
	at org.apache.maven.surefire.booter.SurefireStarter.runSuitesInProcessWhenForked(SurefireStarter.java:107)
	at org.apache.maven.surefire.booter.ForkedBooter.main(ForkedBooter.java:68)
Tests run: 14, Failures: 0, Errors: 0, Skipped: 0, Time elapsed: 0.053 sec
Running org.apache.wicket.markup.html.internal.HeaderResponseTest
Tests run: 6, Failures: 0, Errors: 0, Skipped: 0, Time elapsed: 0.009 sec
Running org.apache.wicket.markup.html.internal.TogglePageTest
Tests run: 4, Failures: 0, Errors: 0, Skipped: 0, Time elapsed: 0.028 sec
Running org.apache.wicket.markup.html.internal.InlineEnclosureTest
Tests run: 3, Failures: 0, Errors: 0, Skipped: 0, Time elapsed: 0.038 sec
Running org.apache.wicket.markup.html.internal.AjaxEnclosureTest
Tests run: 4, Failures: 0, Errors: 0, Skipped: 0, Time elapsed: 0.044 sec
Running org.apache.wicket.markup.html.internal.EnclosureTest
Tests run: 18, Failures: 0, Errors: 0, Skipped: 0, Time elapsed: 0.077 sec
Running org.apache.wicket.markup.html.internal.HtmlHeaderContainerTest
Tests run: 1, Failures: 0, Errors: 0, Skipped: 0, Time elapsed: 0.003 sec
Running org.apache.wicket.markup.html.navigation.paging.PagingNavigationIncrementLinkTest
Tests run: 4, Failures: 0, Errors: 0, Skipped: 0, Time elapsed: 0.003 sec
Running org.apache.wicket.markup.html.navigation.paging.PagingNavigationLinkTest
Tests run: 4, Failures: 0, Errors: 0, Skipped: 0, Time elapsed: 0.002 sec
Running org.apache.wicket.markup.html.list.PagedTableNavigatorWithLabelProviderTest
Tests run: 1, Failures: 0, Errors: 0, Skipped: 0, Time elapsed: 0.169 sec
Running org.apache.wicket.markup.html.list.PagedTableNavigatorWithMarginTest
Tests run: 1, Failures: 0, Errors: 0, Skipped: 0, Time elapsed: 0.057 sec
Running org.apache.wicket.markup.html.list.PagedTableNavigatorTest
Tests run: 1, Failures: 0, Errors: 0, Skipped: 0, Time elapsed: 0.052 sec
Running org.apache.wicket.markup.html.list.ListViewTest
Tests run: 2, Failures: 0, Errors: 0, Skipped: 0, Time elapsed: 0.002 sec
Running org.apache.wicket.markup.html.list.PagedTableTest
Tests run: 1, Failures: 0, Errors: 0, Skipped: 0, Time elapsed: 0.025 sec
Running org.apache.wicket.markup.html.list.IncrementalTableNavigationTest
Tests run: 1, Failures: 0, Errors: 0, Skipped: 0, Time elapsed: 0.007 sec
Running org.apache.wicket.markup.html.list.SimpleTableTest
Tests run: 2, Failures: 0, Errors: 0, Skipped: 0, Time elapsed: 0.007 sec
Running org.apache.wicket.markup.html.list.TableTest
Tests run: 2, Failures: 0, Errors: 0, Skipped: 0, Time elapsed: 0.002 sec
Running org.apache.wicket.markup.html.tree.TreeTest
Tests run: 3, Failures: 0, Errors: 0, Skipped: 0, Time elapsed: 0.037 sec
Running org.apache.wicket.markup.html.ComponentMarkupIdTest
Tests run: 8, Failures: 0, Errors: 0, Skipped: 0, Time elapsed: 0.021 sec
Running org.apache.wicket.markup.html.tags.InputTagNotClosedTest
Tests run: 2, Failures: 0, Errors: 0, Skipped: 0, Time elapsed: 0.007 sec
Running org.apache.wicket.markup.html.SecurePackageResourceGuardTest
Tests run: 14, Failures: 0, Errors: 0, Skipped: 0, Time elapsed: 0.011 sec
Running org.apache.wicket.markup.html.image.InvalidImageTest
Tests run: 1, Failures: 0, Errors: 0, Skipped: 0, Time elapsed: 0.003 sec
Running org.apache.wicket.markup.html.image.AjaxUpdatedImageTest
Tests run: 1, Failures: 0, Errors: 0, Skipped: 0, Time elapsed: 0.006 sec
Running org.apache.wicket.markup.html.image.ImageTest
Tests run: 2, Failures: 0, Errors: 0, Skipped: 0, Time elapsed: 0.024 sec
Running org.apache.wicket.markup.html.PackageResourceTest
Tests run: 4, Failures: 0, Errors: 0, Skipped: 0, Time elapsed: 0.007 sec
Running org.apache.wicket.markup.html.XmlDeclResponseTest
Tests run: 3, Failures: 0, Errors: 0, Skipped: 0, Time elapsed: 0.015 sec
Running org.apache.wicket.markup.html.DecoratingHeaderResponseTest
Tests run: 2, Failures: 0, Errors: 0, Skipped: 0, Time elapsed: 0.015 sec
Running org.apache.wicket.markup.html.form.login.InterceptTest
Tests run: 3, Failures: 0, Errors: 0, Skipped: 0, Time elapsed: 0.016 sec
Running org.apache.wicket.markup.html.form.FormTest
Tests run: 4, Failures: 0, Errors: 0, Skipped: 0, Time elapsed: 0.011 sec
Running org.apache.wicket.markup.html.form.AutoLabelWithinEnclosureTest
Tests run: 2, Failures: 0, Errors: 0, Skipped: 0, Time elapsed: 0.006 sec
Running org.apache.wicket.markup.html.form.upload.FileUploadFieldTest
Tests run: 2, Failures: 0, Errors: 0, Skipped: 0, Time elapsed: 0.013 sec
Running org.apache.wicket.markup.html.form.upload.FileUploadTest
Tests run: 2, Failures: 0, Errors: 0, Skipped: 0, Time elapsed: 0.004 sec
Running org.apache.wicket.markup.html.form.PrimitiveTypeRequiredTest
Tests run: 1, Failures: 0, Errors: 0, Skipped: 0, Time elapsed: 0.001 sec
Running org.apache.wicket.markup.html.form.AbstractTextComponentConvertEmptyStringsToNullTest
Tests run: 1, Failures: 0, Errors: 0, Skipped: 0, Time elapsed: 0.004 sec
Running org.apache.wicket.markup.html.form.FormParentDisabledRawInputTest
Tests run: 1, Failures: 0, Errors: 0, Skipped: 0, Time elapsed: 0.003 sec
Running org.apache.wicket.markup.html.form.DropDownChoiceTest
Tests run: 4, Failures: 0, Errors: 0, Skipped: 0, Time elapsed: 0.045 sec
Running org.apache.wicket.markup.html.form.feedback.FormFeedbackTest
Tests run: 2, Failures: 0, Errors: 0, Skipped: 0, Time elapsed: 0.01 sec
Running org.apache.wicket.markup.html.form.FormWithMultipleButtonsTest
Tests run: 3, Failures: 0, Errors: 0, Skipped: 0, Time elapsed: 0.011 sec
Running org.apache.wicket.markup.html.form.AutoLabelWithContentTest
Tests run: 2, Failures: 0, Errors: 0, Skipped: 0, Time elapsed: 0.007 sec
Running org.apache.wicket.markup.html.form.FormSubmitTest
Tests run: 12, Failures: 0, Errors: 0, Skipped: 0, Time elapsed: 0.188 sec
Running org.apache.wicket.markup.html.form.AutoFormLabelPickupTest
Tests run: 8, Failures: 0, Errors: 0, Skipped: 0, Time elapsed: 0.577 sec
Running org.apache.wicket.markup.html.form.LocalizedErrorMessageTest
Tests run: 2, Failures: 0, Errors: 0, Skipped: 0, Time elapsed: 0.884 sec
Running org.apache.wicket.markup.html.form.EnumChoiceRendererTest
Tests run: 1, Failures: 0, Errors: 0, Skipped: 0, Time elapsed: 0.001 sec
Running org.apache.wicket.markup.html.form.validation.FormValidatorBehaviorTest
Tests run: 2, Failures: 0, Errors: 0, Skipped: 0, Time elapsed: 0.051 sec
Running org.apache.wicket.markup.html.form.validation.HomePageTest
Tests run: 7, Failures: 0, Errors: 0, Skipped: 0, Time elapsed: 1.564 sec
Running org.apache.wicket.markup.html.form.validation.innerfeedback.InnerFeedbackTest
Tests run: 1, Failures: 0, Errors: 0, Skipped: 0, Time elapsed: 0.441 sec
Running org.apache.wicket.markup.html.form.FormComponentTest
Tests run: 5, Failures: 0, Errors: 0, Skipped: 0, Time elapsed: 0.299 sec
Running org.apache.wicket.markup.html.form.FormComponentPanelProcessingTest
Tests run: 1, Failures: 0, Errors: 0, Skipped: 0, Time elapsed: 0.004 sec
Running org.apache.wicket.markup.html.form.imagebutton.InvalidImageButtonTest
Tests run: 1, Failures: 0, Errors: 0, Skipped: 0, Time elapsed: 0.047 sec
Running org.apache.wicket.markup.html.form.imagebutton.ImageButtonTest
Tests run: 1, Failures: 0, Errors: 0, Skipped: 0, Time elapsed: 0.055 sec
Running org.apache.wicket.markup.html.form.DisabledItemRetainingCheckBoxTest
Tests run: 5, Failures: 0, Errors: 0, Skipped: 0, Time elapsed: 0.064 sec
Running org.apache.wicket.markup.html.form.CheckGroupTest
Tests run: 3, Failures: 0, Errors: 0, Skipped: 0, Time elapsed: 0.147 sec
Running org.apache.wicket.markup.html.form.encryption.CryptTest
ERROR - AbstractCrypt              - Error decoding text: style.css
java.lang.RuntimeException: Unable to decrypt the text '�ܥy�,'
	at org.apache.wicket.util.crypt.AbstractCrypt.decryptByteArray(AbstractCrypt.java:150)
	at org.apache.wicket.util.crypt.AbstractCrypt.decryptUrlSafe(AbstractCrypt.java:66)
	at org.apache.wicket.markup.html.form.encryption.CryptTest.crypt(CryptTest.java:50)
	at sun.reflect.NativeMethodAccessorImpl.invoke0(Native Method)
	at sun.reflect.NativeMethodAccessorImpl.invoke(NativeMethodAccessorImpl.java:57)
	at sun.reflect.DelegatingMethodAccessorImpl.invoke(DelegatingMethodAccessorImpl.java:43)
	at java.lang.reflect.Method.invoke(Method.java:606)
	at org.junit.runners.model.FrameworkMethod$1.runReflectiveCall(FrameworkMethod.java:44)
	at org.junit.internal.runners.model.ReflectiveCallable.run(ReflectiveCallable.java:15)
	at org.junit.runners.model.FrameworkMethod.invokeExplosively(FrameworkMethod.java:41)
	at org.junit.internal.runners.statements.InvokeMethod.evaluate(InvokeMethod.java:20)
	at org.junit.internal.runners.statements.RunBefores.evaluate(RunBefores.java:28)
	at org.junit.internal.runners.statements.RunAfters.evaluate(RunAfters.java:31)
	at org.junit.runners.BlockJUnit4ClassRunner.runNotIgnored(BlockJUnit4ClassRunner.java:79)
	at org.junit.runners.BlockJUnit4ClassRunner.runChild(BlockJUnit4ClassRunner.java:71)
	at org.junit.runners.BlockJUnit4ClassRunner.runChild(BlockJUnit4ClassRunner.java:49)
	at org.junit.runners.ParentRunner$3.run(ParentRunner.java:193)
	at org.junit.runners.ParentRunner$1.schedule(ParentRunner.java:52)
	at org.junit.runners.ParentRunner.runChildren(ParentRunner.java:191)
	at org.junit.runners.ParentRunner.access$000(ParentRunner.java:42)
	at org.junit.runners.ParentRunner$2.evaluate(ParentRunner.java:184)
	at org.junit.runners.ParentRunner.run(ParentRunner.java:236)
	at org.apache.maven.surefire.junit4.JUnit4TestSet.execute(JUnit4TestSet.java:53)
	at org.apache.maven.surefire.junit4.JUnit4Provider.executeTestSet(JUnit4Provider.java:123)
	at org.apache.maven.surefire.junit4.JUnit4Provider.invoke(JUnit4Provider.java:104)
	at sun.reflect.NativeMethodAccessorImpl.invoke0(Native Method)
	at sun.reflect.NativeMethodAccessorImpl.invoke(NativeMethodAccessorImpl.java:57)
	at sun.reflect.DelegatingMethodAccessorImpl.invoke(DelegatingMethodAccessorImpl.java:43)
	at java.lang.reflect.Method.invoke(Method.java:606)
	at org.apache.maven.surefire.util.ReflectionUtils.invokeMethodWithArray(ReflectionUtils.java:164)
	at org.apache.maven.surefire.booter.ProviderFactory$ProviderProxy.invoke(ProviderFactory.java:110)
	at org.apache.maven.surefire.booter.SurefireStarter.invokeProvider(SurefireStarter.java:175)
	at org.apache.maven.surefire.booter.SurefireStarter.runSuitesInProcessWhenForked(SurefireStarter.java:107)
	at org.apache.maven.surefire.booter.ForkedBooter.main(ForkedBooter.java:68)
Caused by: javax.crypto.IllegalBlockSizeException: Input length must be multiple of 8 when decrypting with padded cipher
	at com.sun.crypto.provider.CipherCore.doFinal(CipherCore.java:750)
	at com.sun.crypto.provider.CipherCore.doFinal(CipherCore.java:676)
	at com.sun.crypto.provider.PBECipherCore.doFinal(PBECipherCore.java:422)
	at com.sun.crypto.provider.PBEWithMD5AndDESCipher.engineDoFinal(PBEWithMD5AndDESCipher.java:316)
	at javax.crypto.Cipher.doFinal(Cipher.java:1966)
	at org.apache.wicket.util.crypt.SunJceCrypt.crypt(SunJceCrypt.java:94)
	at org.apache.wicket.util.crypt.AbstractCrypt.decryptByteArray(AbstractCrypt.java:146)
	... 33 more
Tests run: 2, Failures: 0, Errors: 0, Skipped: 0, Time elapsed: 0.046 sec
Running org.apache.wicket.markup.html.form.formComponentPanel.SimplePageTest
Tests run: 2, Failures: 0, Errors: 0, Skipped: 0, Time elapsed: 0.004 sec
Running org.apache.wicket.markup.html.form.CheckBoxMultipleChoiceTest
Tests run: 4, Failures: 0, Errors: 0, Skipped: 0, Time elapsed: 0.141 sec
Running org.apache.wicket.markup.html.form.RadioGroupTest
Tests run: 4, Failures: 0, Errors: 0, Skipped: 0, Time elapsed: 0.099 sec
Running org.apache.wicket.markup.html.form.ValidatorPropertiesTest
Tests run: 3, Failures: 0, Errors: 0, Skipped: 0, Time elapsed: 0.854 sec
Running org.apache.wicket.markup.html.form.NestedFormsTest
Tests run: 2, Failures: 0, Errors: 0, Skipped: 0, Time elapsed: 0.006 sec
Running org.apache.wicket.markup.html.form.AutoLabelTest
Tests run: 3, Failures: 0, Errors: 0, Skipped: 0, Time elapsed: 0.749 sec
Running org.apache.wicket.markup.html.form.TextFieldTest
Tests run: 2, Failures: 0, Errors: 0, Skipped: 0, Time elapsed: 0.003 sec
Running org.apache.wicket.markup.html.TransparentWebMarkupContainerTest
ERROR - MarkupContainer            - Unable to find component with id 'c1' in [BorderBodyContainer [Component id = border_body]]
	Expected: 'border:border_body.c1'.
	Found with similar names: 'border:c1'
Tests run: 5, Failures: 0, Errors: 0, Skipped: 0, Time elapsed: 0.351 sec
Running org.apache.wicket.markup.html.link.BookmarkableHomePageLinksTest
Tests run: 1, Failures: 0, Errors: 0, Skipped: 0, Time elapsed: 0.003 sec
Running org.apache.wicket.markup.html.link.submitLink.FormPageTest
Tests run: 3, Failures: 0, Errors: 0, Skipped: 0, Time elapsed: 0.054 sec
Running org.apache.wicket.markup.html.link.submitLink.FormPage2Test
Tests run: 3, Failures: 0, Errors: 0, Skipped: 0, Time elapsed: 0.094 sec
Running org.apache.wicket.markup.html.link.ExternalLinkTest
Tests run: 2, Failures: 0, Errors: 0, Skipped: 0, Time elapsed: 0.004 sec
Running org.apache.wicket.markup.html.link.AutolinkTest
Tests run: 4, Failures: 0, Errors: 0, Skipped: 0, Time elapsed: 0.188 sec
Running org.apache.wicket.markup.html.link.DownloadLinkTest
Tests run: 4, Failures: 0, Errors: 0, Skipped: 0, Time elapsed: 0.052 sec
Running org.apache.wicket.markup.html.link.BookmarkablePageLinkTest
Tests run: 4, Failures: 0, Errors: 0, Skipped: 0, Time elapsed: 0.096 sec
Running org.apache.wicket.markup.html.link.AbstractLinkTest
Tests run: 1, Failures: 0, Errors: 0, Skipped: 0, Time elapsed: 0.002 sec
Running org.apache.wicket.markup.html.link.HrefTest
Tests run: 4, Failures: 0, Errors: 0, Skipped: 0, Time elapsed: 0.093 sec
Running org.apache.wicket.markup.html.link.ClientSideImageMapTest
Tests run: 1, Failures: 0, Errors: 0, Skipped: 0, Time elapsed: 0.049 sec
Running org.apache.wicket.markup.html.header.inheritance.InheritanceHeadTest
Tests run: 2, Failures: 0, Errors: 0, Skipped: 0, Time elapsed: 0.051 sec
Running org.apache.wicket.markup.html.header.threelayers.InheritanceHeadTest
Tests run: 1, Failures: 0, Errors: 0, Skipped: 0, Time elapsed: 0.048 sec
Running org.apache.wicket.markup.html.header.testing2.HeaderTest
Tests run: 2, Failures: 0, Errors: 0, Skipped: 0, Time elapsed: 0.092 sec
Running org.apache.wicket.markup.html.header.testing.HeaderTest
Tests run: 1, Failures: 0, Errors: 0, Skipped: 0, Time elapsed: 0.004 sec
Running org.apache.wicket.markup.html.header.HeaderScopingTest
Tests run: 2, Failures: 0, Errors: 0, Skipped: 0, Time elapsed: 0.094 sec
Running org.apache.wicket.markup.html.header.testing3.HeaderTest
Tests run: 1, Failures: 0, Errors: 0, Skipped: 0, Time elapsed: 0.013 sec
Running org.apache.wicket.markup.html.header.threelayers2.InheritanceHeadTest
Tests run: 1, Failures: 0, Errors: 0, Skipped: 0, Time elapsed: 0.049 sec
Running org.apache.wicket.markup.html.border.ComponentBorderTest
Tests run: 2, Failures: 0, Errors: 0, Skipped: 0, Time elapsed: 0.098 sec
Running org.apache.wicket.markup.html.border.BoxBorderTest
=== org.apache.wicket.markup.html.border.BorderTestHierarchyPage_4 ===
ERROR - MarkupContainer            - Unable to find component with id 'label1' in [BorderBodyContainer [Component id = border1_body]]
	Expected: 'border1:border1_body.label1'.
	Found with similar names: 'label1'
Tests run: 12, Failures: 0, Errors: 0, Skipped: 0, Time elapsed: 0.431 sec
Running org.apache.wicket.markup.html.WebPageTest
Tests run: 1, Failures: 0, Errors: 0, Skipped: 0, Time elapsed: 0.004 sec
Running org.apache.wicket.markup.html.MarkupHeadFirstTest
Tests run: 1, Failures: 0, Errors: 0, Skipped: 0, Time elapsed: 0.016 sec
Running org.apache.wicket.markup.html.HeaderContributorTest
Tests run: 1, Failures: 0, Errors: 0, Skipped: 0, Time elapsed: 0.003 sec
Running org.apache.wicket.markup.html.basic.HomePageRedirectTest
Tests run: 2, Failures: 0, Errors: 0, Skipped: 0, Time elapsed: 0.048 sec
Running org.apache.wicket.markup.html.basic.XmlPageTest
Tests run: 3, Failures: 0, Errors: 0, Skipped: 0, Time elapsed: 0.097 sec
Running org.apache.wicket.markup.html.basic.LabelTest
Tests run: 2, Failures: 0, Errors: 0, Skipped: 0, Time elapsed: 0.047 sec
Running org.apache.wicket.markup.html.basic.SimplePageTest
ERROR - MarkupFactory              - Error while reading the markup file:/home/ylyu/dataset/wicket3/dataset/wicket/WICKET-4256_09166ea81d1df1df326fad3866664e0064e0459c/wicket-core/target/test-classes/org/apache/wicket/markup/html/basic/SimplePage_4.html
Tag  '<span>' (line 4, column 3) has a mismatched close tag at  '</body>' (line 5, column 1)
 MarkupStream: [markup = file:/home/ylyu/dataset/wicket3/dataset/wicket/WICKET-4256_09166ea81d1df1df326fad3866664e0064e0459c/wicket-core/target/test-classes/org/apache/wicket/markup/html/basic/SimplePage_4.html
<html xmlns:wicket>
<head></head><body>
  <!--  force a markup exception -->
  <span>
</body>
</html>
, index = 3, current = [Raw markup]]
	at org.apache.wicket.markup.AbstractMarkupParser.parseMarkup(AbstractMarkupParser.java:299)
	at org.apache.wicket.markup.AbstractMarkupParser.parse(AbstractMarkupParser.java:181)
	at org.apache.wicket.markup.loader.SimpleMarkupLoader.loadMarkup(SimpleMarkupLoader.java:51)
	at org.apache.wicket.markup.loader.InheritedMarkupMarkupLoader.loadMarkup(InheritedMarkupMarkupLoader.java:56)
	at org.apache.wicket.markup.loader.DefaultMarkupLoader.loadMarkup(DefaultMarkupLoader.java:52)
	at org.apache.wicket.markup.MarkupFactory.loadMarkup(MarkupFactory.java:430)
	at org.apache.wicket.markup.MarkupCache.loadMarkup(MarkupCache.java:447)
	at org.apache.wicket.markup.MarkupCache.loadMarkupAndWatchForChanges(MarkupCache.java:540)
	at org.apache.wicket.markup.MarkupCache.getMarkup(MarkupCache.java:305)
	at org.apache.wicket.markup.MarkupFactory.getMarkup(MarkupFactory.java:236)
	at org.apache.wicket.markup.MarkupFactory.getMarkup(MarkupFactory.java:194)
	at org.apache.wicket.MarkupContainer.getAssociatedMarkup(MarkupContainer.java:445)
	at org.apache.wicket.MarkupContainer.hasAssociatedMarkup(MarkupContainer.java:1855)
	at org.apache.wicket.Component.getMarkup(Component.java:723)
	at org.apache.wicket.Component.internalRender(Component.java:2319)
	at org.apache.wicket.Component.render(Component.java:2282)
	at org.apache.wicket.Page.renderPage(Page.java:1053)
	at org.apache.wicket.request.handler.render.WebPageRenderer.renderPage(WebPageRenderer.java:105)
	at org.apache.wicket.request.handler.render.WebPageRenderer.respond(WebPageRenderer.java:224)
	at org.apache.wicket.request.handler.RenderPageRequestHandler.respond(RenderPageRequestHandler.java:174)
	at org.apache.wicket.request.cycle.RequestCycle$HandlerExecutor.respond(RequestCycle.java:756)
	at org.apache.wicket.request.RequestHandlerStack.execute(RequestHandlerStack.java:64)
	at org.apache.wicket.request.cycle.RequestCycle.execute(RequestCycle.java:253)
	at org.apache.wicket.request.cycle.RequestCycle.processRequest(RequestCycle.java:210)
	at org.apache.wicket.request.cycle.RequestCycle.processRequestAndDetach(RequestCycle.java:281)
	at org.apache.wicket.util.tester.BaseWicketTester.processRequest(BaseWicketTester.java:594)
	at org.apache.wicket.util.tester.BaseWicketTester.processRequest(BaseWicketTester.java:514)
	at org.apache.wicket.util.tester.BaseWicketTester.processRequest(BaseWicketTester.java:486)
	at org.apache.wicket.util.tester.BaseWicketTester.startPage(BaseWicketTester.java:1124)
	at org.apache.wicket.util.tester.BaseWicketTester.startPage(BaseWicketTester.java:1097)
	at org.apache.wicket.util.tester.WicketTester.executeTest(WicketTester.java:621)
	at org.apache.wicket.WicketTestCase.executeTest(WicketTestCase.java:101)
	at org.apache.wicket.markup.html.basic.SimplePageTest.renderHomePage_4(SimplePageTest.java:220)
	at sun.reflect.NativeMethodAccessorImpl.invoke0(Native Method)
	at sun.reflect.NativeMethodAccessorImpl.invoke(NativeMethodAccessorImpl.java:57)
	at sun.reflect.DelegatingMethodAccessorImpl.invoke(DelegatingMethodAccessorImpl.java:43)
	at java.lang.reflect.Method.invoke(Method.java:606)
	at org.junit.runners.model.FrameworkMethod$1.runReflectiveCall(FrameworkMethod.java:44)
	at org.junit.internal.runners.model.ReflectiveCallable.run(ReflectiveCallable.java:15)
	at org.junit.runners.model.FrameworkMethod.invokeExplosively(FrameworkMethod.java:41)
	at org.junit.internal.runners.statements.InvokeMethod.evaluate(InvokeMethod.java:20)
	at org.junit.internal.runners.statements.RunBefores.evaluate(RunBefores.java:28)
	at org.junit.internal.runners.statements.RunAfters.evaluate(RunAfters.java:31)
	at org.junit.runners.BlockJUnit4ClassRunner.runNotIgnored(BlockJUnit4ClassRunner.java:79)
	at org.junit.runners.BlockJUnit4ClassRunner.runChild(BlockJUnit4ClassRunner.java:71)
	at org.junit.runners.BlockJUnit4ClassRunner.runChild(BlockJUnit4ClassRunner.java:49)
	at org.junit.runners.ParentRunner$3.run(ParentRunner.java:193)
	at org.junit.runners.ParentRunner$1.schedule(ParentRunner.java:52)
	at org.junit.runners.ParentRunner.runChildren(ParentRunner.java:191)
	at org.junit.runners.ParentRunner.access$000(ParentRunner.java:42)
	at org.junit.runners.ParentRunner$2.evaluate(ParentRunner.java:184)
	at org.junit.runners.ParentRunner.run(ParentRunner.java:236)
	at org.apache.maven.surefire.junit4.JUnit4TestSet.execute(JUnit4TestSet.java:53)
	at org.apache.maven.surefire.junit4.JUnit4Provider.executeTestSet(JUnit4Provider.java:123)
	at org.apache.maven.surefire.junit4.JUnit4Provider.invoke(JUnit4Provider.java:104)
	at sun.reflect.NativeMethodAccessorImpl.invoke0(Native Method)
	at sun.reflect.NativeMethodAccessorImpl.invoke(NativeMethodAccessorImpl.java:57)
	at sun.reflect.DelegatingMethodAccessorImpl.invoke(DelegatingMethodAccessorImpl.java:43)
	at java.lang.reflect.Method.invoke(Method.java:606)
	at org.apache.maven.surefire.util.ReflectionUtils.invokeMethodWithArray(ReflectionUtils.java:164)
	at org.apache.maven.surefire.booter.ProviderFactory$ProviderProxy.invoke(ProviderFactory.java:110)
	at org.apache.maven.surefire.booter.SurefireStarter.invokeProvider(SurefireStarter.java:175)
	at org.apache.maven.surefire.booter.SurefireStarter.runSuitesInProcessWhenForked(SurefireStarter.java:107)
	at org.apache.maven.surefire.booter.ForkedBooter.main(ForkedBooter.java:68)
Caused by: java.text.ParseException: Tag  '<span>' (line 4, column 3) has a mismatched close tag at  '</body>' (line 5, column 1)
	at org.apache.wicket.markup.parser.filter.HtmlHandler.onComponentTag(HtmlHandler.java:134)
	at org.apache.wicket.markup.parser.AbstractMarkupFilter.nextElement(AbstractMarkupFilter.java:83)
	at org.apache.wicket.markup.parser.AbstractMarkupFilter.nextElement(AbstractMarkupFilter.java:78)
	at org.apache.wicket.markup.parser.AbstractMarkupFilter.nextElement(AbstractMarkupFilter.java:78)
	at org.apache.wicket.markup.parser.AbstractMarkupFilter.nextElement(AbstractMarkupFilter.java:78)
	at org.apache.wicket.markup.parser.AbstractMarkupFilter.nextElement(AbstractMarkupFilter.java:78)
	at org.apache.wicket.markup.parser.AbstractMarkupFilter.nextElement(AbstractMarkupFilter.java:78)
	at org.apache.wicket.markup.parser.AbstractMarkupFilter.nextElement(AbstractMarkupFilter.java:78)
	at org.apache.wicket.markup.parser.AbstractMarkupFilter.nextElement(AbstractMarkupFilter.java:78)
	at org.apache.wicket.markup.parser.AbstractMarkupFilter.nextElement(AbstractMarkupFilter.java:78)
	at org.apache.wicket.markup.parser.filter.OpenCloseTagExpander.nextElement(OpenCloseTagExpander.java:78)
	at org.apache.wicket.markup.parser.AbstractMarkupFilter.nextElement(AbstractMarkupFilter.java:78)
	at org.apache.wicket.markup.parser.AbstractMarkupFilter.nextElement(AbstractMarkupFilter.java:78)
	at org.apache.wicket.markup.parser.AbstractMarkupFilter.nextElement(AbstractMarkupFilter.java:78)
	at org.apache.wicket.markup.parser.AbstractMarkupFilter.nextElement(AbstractMarkupFilter.java:78)
	at org.apache.wicket.markup.parser.AbstractMarkupFilter.nextElement(AbstractMarkupFilter.java:78)
	at org.apache.wicket.markup.AbstractMarkupParser.getNextTag(AbstractMarkupParser.java:213)
	at org.apache.wicket.markup.AbstractMarkupParser.parseMarkup(AbstractMarkupParser.java:228)
	... 63 more
ERROR - MarkupFactory              - Error while reading the markup file:/home/ylyu/dataset/wicket3/dataset/wicket/WICKET-4256_09166ea81d1df1df326fad3866664e0064e0459c/wicket-core/target/test-classes/org/apache/wicket/markup/html/basic/SimplePage_4.html
Tag  '<span>' (line 4, column 3) has a mismatched close tag at  '</body>' (line 5, column 1)
 MarkupStream: [markup = file:/home/ylyu/dataset/wicket3/dataset/wicket/WICKET-4256_09166ea81d1df1df326fad3866664e0064e0459c/wicket-core/target/test-classes/org/apache/wicket/markup/html/basic/SimplePage_4.html
<html xmlns:wicket>
<head></head><body>
  <!--  force a markup exception -->
  <span>
</body>
</html>
, index = 3, current = [Raw markup]]
	at org.apache.wicket.markup.AbstractMarkupParser.parseMarkup(AbstractMarkupParser.java:299)
	at org.apache.wicket.markup.AbstractMarkupParser.parse(AbstractMarkupParser.java:181)
	at org.apache.wicket.markup.loader.SimpleMarkupLoader.loadMarkup(SimpleMarkupLoader.java:51)
	at org.apache.wicket.markup.loader.InheritedMarkupMarkupLoader.loadMarkup(InheritedMarkupMarkupLoader.java:56)
	at org.apache.wicket.markup.loader.DefaultMarkupLoader.loadMarkup(DefaultMarkupLoader.java:52)
	at org.apache.wicket.markup.MarkupFactory.loadMarkup(MarkupFactory.java:430)
	at org.apache.wicket.markup.MarkupCache.loadMarkup(MarkupCache.java:447)
	at org.apache.wicket.markup.MarkupCache.loadMarkupAndWatchForChanges(MarkupCache.java:540)
	at org.apache.wicket.markup.MarkupCache.getMarkup(MarkupCache.java:305)
	at org.apache.wicket.markup.MarkupFactory.getMarkup(MarkupFactory.java:236)
	at org.apache.wicket.markup.MarkupFactory.getMarkup(MarkupFactory.java:194)
	at org.apache.wicket.MarkupContainer.getAssociatedMarkup(MarkupContainer.java:445)
	at org.apache.wicket.MarkupContainer.hasAssociatedMarkup(MarkupContainer.java:1855)
	at org.apache.wicket.Component.getMarkup(Component.java:723)
	at org.apache.wicket.MarkupContainer.add(MarkupContainer.java:187)
	at org.apache.wicket.markup.html.WebPage.validateHeaders(WebPage.java:263)
	at org.apache.wicket.markup.html.WebPage.onAfterRender(WebPage.java:226)
	at org.apache.wicket.Component.afterRender(Component.java:950)
	at org.apache.wicket.Component.render(Component.java:2294)
	at org.apache.wicket.Page.renderPage(Page.java:1053)
	at org.apache.wicket.request.handler.render.WebPageRenderer.renderPage(WebPageRenderer.java:105)
	at org.apache.wicket.request.handler.render.WebPageRenderer.respond(WebPageRenderer.java:224)
	at org.apache.wicket.request.handler.RenderPageRequestHandler.respond(RenderPageRequestHandler.java:174)
	at org.apache.wicket.request.cycle.RequestCycle$HandlerExecutor.respond(RequestCycle.java:756)
	at org.apache.wicket.request.RequestHandlerStack.execute(RequestHandlerStack.java:64)
	at org.apache.wicket.request.cycle.RequestCycle.execute(RequestCycle.java:253)
	at org.apache.wicket.request.cycle.RequestCycle.processRequest(RequestCycle.java:210)
	at org.apache.wicket.request.cycle.RequestCycle.processRequestAndDetach(RequestCycle.java:281)
	at org.apache.wicket.util.tester.BaseWicketTester.processRequest(BaseWicketTester.java:594)
	at org.apache.wicket.util.tester.BaseWicketTester.processRequest(BaseWicketTester.java:514)
	at org.apache.wicket.util.tester.BaseWicketTester.processRequest(BaseWicketTester.java:486)
	at org.apache.wicket.util.tester.BaseWicketTester.startPage(BaseWicketTester.java:1124)
	at org.apache.wicket.util.tester.BaseWicketTester.startPage(BaseWicketTester.java:1097)
	at org.apache.wicket.util.tester.WicketTester.executeTest(WicketTester.java:621)
	at org.apache.wicket.WicketTestCase.executeTest(WicketTestCase.java:101)
	at org.apache.wicket.markup.html.basic.SimplePageTest.renderHomePage_4(SimplePageTest.java:220)
	at sun.reflect.NativeMethodAccessorImpl.invoke0(Native Method)
	at sun.reflect.NativeMethodAccessorImpl.invoke(NativeMethodAccessorImpl.java:57)
	at sun.reflect.DelegatingMethodAccessorImpl.invoke(DelegatingMethodAccessorImpl.java:43)
	at java.lang.reflect.Method.invoke(Method.java:606)
	at org.junit.runners.model.FrameworkMethod$1.runReflectiveCall(FrameworkMethod.java:44)
	at org.junit.internal.runners.model.ReflectiveCallable.run(ReflectiveCallable.java:15)
	at org.junit.runners.model.FrameworkMethod.invokeExplosively(FrameworkMethod.java:41)
	at org.junit.internal.runners.statements.InvokeMethod.evaluate(InvokeMethod.java:20)
	at org.junit.internal.runners.statements.RunBefores.evaluate(RunBefores.java:28)
	at org.junit.internal.runners.statements.RunAfters.evaluate(RunAfters.java:31)
	at org.junit.runners.BlockJUnit4ClassRunner.runNotIgnored(BlockJUnit4ClassRunner.java:79)
	at org.junit.runners.BlockJUnit4ClassRunner.runChild(BlockJUnit4ClassRunner.java:71)
	at org.junit.runners.BlockJUnit4ClassRunner.runChild(BlockJUnit4ClassRunner.java:49)
	at org.junit.runners.ParentRunner$3.run(ParentRunner.java:193)
	at org.junit.runners.ParentRunner$1.schedule(ParentRunner.java:52)
	at org.junit.runners.ParentRunner.runChildren(ParentRunner.java:191)
	at org.junit.runners.ParentRunner.access$000(ParentRunner.java:42)
	at org.junit.runners.ParentRunner$2.evaluate(ParentRunner.java:184)
	at org.junit.runners.ParentRunner.run(ParentRunner.java:236)
	at org.apache.maven.surefire.junit4.JUnit4TestSet.execute(JUnit4TestSet.java:53)
	at org.apache.maven.surefire.junit4.JUnit4Provider.executeTestSet(JUnit4Provider.java:123)
	at org.apache.maven.surefire.junit4.JUnit4Provider.invoke(JUnit4Provider.java:104)
	at sun.reflect.NativeMethodAccessorImpl.invoke0(Native Method)
	at sun.reflect.NativeMethodAccessorImpl.invoke(NativeMethodAccessorImpl.java:57)
	at sun.reflect.DelegatingMethodAccessorImpl.invoke(DelegatingMethodAccessorImpl.java:43)
	at java.lang.reflect.Method.invoke(Method.java:606)
	at org.apache.maven.surefire.util.ReflectionUtils.invokeMethodWithArray(ReflectionUtils.java:164)
	at org.apache.maven.surefire.booter.ProviderFactory$ProviderProxy.invoke(ProviderFactory.java:110)
	at org.apache.maven.surefire.booter.SurefireStarter.invokeProvider(SurefireStarter.java:175)
	at org.apache.maven.surefire.booter.SurefireStarter.runSuitesInProcessWhenForked(SurefireStarter.java:107)
	at org.apache.maven.surefire.booter.ForkedBooter.main(ForkedBooter.java:68)
Caused by: java.text.ParseException: Tag  '<span>' (line 4, column 3) has a mismatched close tag at  '</body>' (line 5, column 1)
	at org.apache.wicket.markup.parser.filter.HtmlHandler.onComponentTag(HtmlHandler.java:134)
	at org.apache.wicket.markup.parser.AbstractMarkupFilter.nextElement(AbstractMarkupFilter.java:83)
	at org.apache.wicket.markup.parser.AbstractMarkupFilter.nextElement(AbstractMarkupFilter.java:78)
	at org.apache.wicket.markup.parser.AbstractMarkupFilter.nextElement(AbstractMarkupFilter.java:78)
	at org.apache.wicket.markup.parser.AbstractMarkupFilter.nextElement(AbstractMarkupFilter.java:78)
	at org.apache.wicket.markup.parser.AbstractMarkupFilter.nextElement(AbstractMarkupFilter.java:78)
	at org.apache.wicket.markup.parser.AbstractMarkupFilter.nextElement(AbstractMarkupFilter.java:78)
	at org.apache.wicket.markup.parser.AbstractMarkupFilter.nextElement(AbstractMarkupFilter.java:78)
	at org.apache.wicket.markup.parser.AbstractMarkupFilter.nextElement(AbstractMarkupFilter.java:78)
	at org.apache.wicket.markup.parser.AbstractMarkupFilter.nextElement(AbstractMarkupFilter.java:78)
	at org.apache.wicket.markup.parser.filter.OpenCloseTagExpander.nextElement(OpenCloseTagExpander.java:78)
	at org.apache.wicket.markup.parser.AbstractMarkupFilter.nextElement(AbstractMarkupFilter.java:78)
	at org.apache.wicket.markup.parser.AbstractMarkupFilter.nextElement(AbstractMarkupFilter.java:78)
	at org.apache.wicket.markup.parser.AbstractMarkupFilter.nextElement(AbstractMarkupFilter.java:78)
	at org.apache.wicket.markup.parser.AbstractMarkupFilter.nextElement(AbstractMarkupFilter.java:78)
	at org.apache.wicket.markup.parser.AbstractMarkupFilter.nextElement(AbstractMarkupFilter.java:78)
	at org.apache.wicket.markup.AbstractMarkupParser.getNextTag(AbstractMarkupParser.java:213)
	at org.apache.wicket.markup.AbstractMarkupParser.parseMarkup(AbstractMarkupParser.java:228)
	... 66 more
ERROR - MarkupFactory              - Error while reading the markup file:/home/ylyu/dataset/wicket3/dataset/wicket/WICKET-4256_09166ea81d1df1df326fad3866664e0064e0459c/wicket-core/target/test-classes/org/apache/wicket/markup/html/basic/SimplePanel_6.html
Opening/closing quote not found for quote at (line 6, column 17)
 MarkupStream: [markup = file:/home/ylyu/dataset/wicket3/dataset/wicket/WICKET-4256_09166ea81d1df1df326fad3866664e0064e0459c/wicket-core/target/test-classes/org/apache/wicket/markup/html/basic/SimplePanel_6.html
<html xmlns:wicket>
<body>
  <wicket:panel>
	<table>
	    <!-- Notice that the wicket:id named container is missing its closing quote. -->
		<tr wicket:id="container>
			<td>Boom baby ... BOOM!</td>
		</tr>
	</table>
  </wicket:panel>
</body>
</html>
, index = 2, current = [Raw markup]]
	at org.apache.wicket.markup.AbstractMarkupParser.parseMarkup(AbstractMarkupParser.java:299)
	at org.apache.wicket.markup.AbstractMarkupParser.parse(AbstractMarkupParser.java:181)
	at org.apache.wicket.markup.loader.SimpleMarkupLoader.loadMarkup(SimpleMarkupLoader.java:51)
	at org.apache.wicket.markup.loader.InheritedMarkupMarkupLoader.loadMarkup(InheritedMarkupMarkupLoader.java:56)
	at org.apache.wicket.markup.loader.DefaultMarkupLoader.loadMarkup(DefaultMarkupLoader.java:52)
	at org.apache.wicket.markup.MarkupFactory.loadMarkup(MarkupFactory.java:430)
	at org.apache.wicket.markup.MarkupCache.loadMarkup(MarkupCache.java:447)
	at org.apache.wicket.markup.MarkupCache.loadMarkupAndWatchForChanges(MarkupCache.java:540)
	at org.apache.wicket.markup.MarkupCache.getMarkup(MarkupCache.java:305)
	at org.apache.wicket.markup.MarkupFactory.getMarkup(MarkupFactory.java:236)
	at org.apache.wicket.markup.MarkupFactory.getMarkup(MarkupFactory.java:194)
	at org.apache.wicket.MarkupContainer.getAssociatedMarkup(MarkupContainer.java:445)
	at org.apache.wicket.MarkupContainer.getAssociatedMarkupStream(MarkupContainer.java:412)
	at org.apache.wicket.markup.html.panel.AssociatedMarkupSourcingStrategy.renderHeadFromAssociatedMarkupFile(AssociatedMarkupSourcingStrategy.java:243)
	at org.apache.wicket.markup.html.panel.AssociatedMarkupSourcingStrategy.renderHead(AssociatedMarkupSourcingStrategy.java:219)
	at org.apache.wicket.Component.renderHead(Component.java:2660)
	at org.apache.wicket.markup.renderStrategy.ChildFirstHeaderRenderStrategy$1.component(ChildFirstHeaderRenderStrategy.java:82)
	at org.apache.wicket.markup.renderStrategy.DeepChildFirstVisitor.visit(DeepChildFirstVisitor.java:96)
	at org.apache.wicket.markup.renderStrategy.DeepChildFirstVisitor.visit(DeepChildFirstVisitor.java:87)
	at org.apache.wicket.markup.renderStrategy.DeepChildFirstVisitor.visit(DeepChildFirstVisitor.java:51)
	at org.apache.wicket.markup.renderStrategy.ChildFirstHeaderRenderStrategy.renderChildHeaders(ChildFirstHeaderRenderStrategy.java:77)
	at org.apache.wicket.markup.renderStrategy.ChildFirstHeaderRenderStrategy.renderHeader(ChildFirstHeaderRenderStrategy.java:56)
	at org.apache.wicket.markup.html.internal.HtmlHeaderContainer.onComponentTagBody(HtmlHeaderContainer.java:134)
	at org.apache.wicket.markup.html.panel.DefaultMarkupSourcingStrategy.onComponentTagBody(DefaultMarkupSourcingStrategy.java:72)
	at org.apache.wicket.Component.internalRenderComponent(Component.java:2524)
	at org.apache.wicket.MarkupContainer.onRender(MarkupContainer.java:1584)
	at org.apache.wicket.Component.internalRender(Component.java:2354)
	at org.apache.wicket.Component.render(Component.java:2282)
	at org.apache.wicket.MarkupContainer.renderNext(MarkupContainer.java:1481)
	at org.apache.wicket.MarkupContainer.renderAll(MarkupContainer.java:1646)
	at org.apache.wicket.Page.onRender(Page.java:913)
	at org.apache.wicket.markup.html.WebPage.onRender(WebPage.java:140)
	at org.apache.wicket.Component.internalRender(Component.java:2354)
	at org.apache.wicket.Component.render(Component.java:2282)
	at org.apache.wicket.Page.renderPage(Page.java:1053)
	at org.apache.wicket.request.handler.render.WebPageRenderer.renderPage(WebPageRenderer.java:105)
	at org.apache.wicket.request.handler.render.WebPageRenderer.respond(WebPageRenderer.java:224)
	at org.apache.wicket.request.handler.RenderPageRequestHandler.respond(RenderPageRequestHandler.java:174)
	at org.apache.wicket.request.cycle.RequestCycle$HandlerExecutor.respond(RequestCycle.java:756)
	at org.apache.wicket.request.RequestHandlerStack.execute(RequestHandlerStack.java:64)
	at org.apache.wicket.request.cycle.RequestCycle.execute(RequestCycle.java:253)
	at org.apache.wicket.request.cycle.RequestCycle.processRequest(RequestCycle.java:210)
	at org.apache.wicket.request.cycle.RequestCycle.processRequestAndDetach(RequestCycle.java:281)
	at org.apache.wicket.util.tester.BaseWicketTester.processRequest(BaseWicketTester.java:594)
	at org.apache.wicket.util.tester.BaseWicketTester.processRequest(BaseWicketTester.java:514)
	at org.apache.wicket.util.tester.BaseWicketTester.processRequest(BaseWicketTester.java:486)
	at org.apache.wicket.util.tester.BaseWicketTester.startPage(BaseWicketTester.java:1124)
	at org.apache.wicket.util.tester.BaseWicketTester.startPage(BaseWicketTester.java:1097)
	at org.apache.wicket.util.tester.WicketTester.executeTest(WicketTester.java:621)
	at org.apache.wicket.WicketTestCase.executeTest(WicketTestCase.java:101)
	at org.apache.wicket.markup.html.basic.SimplePageTest.renderHomePage_6(SimplePageTest.java:260)
	at sun.reflect.NativeMethodAccessorImpl.invoke0(Native Method)
	at sun.reflect.NativeMethodAccessorImpl.invoke(NativeMethodAccessorImpl.java:57)
	at sun.reflect.DelegatingMethodAccessorImpl.invoke(DelegatingMethodAccessorImpl.java:43)
	at java.lang.reflect.Method.invoke(Method.java:606)
	at org.junit.runners.model.FrameworkMethod$1.runReflectiveCall(FrameworkMethod.java:44)
	at org.junit.internal.runners.model.ReflectiveCallable.run(ReflectiveCallable.java:15)
	at org.junit.runners.model.FrameworkMethod.invokeExplosively(FrameworkMethod.java:41)
	at org.junit.internal.runners.statements.InvokeMethod.evaluate(InvokeMethod.java:20)
	at org.junit.internal.runners.statements.RunBefores.evaluate(RunBefores.java:28)
	at org.junit.internal.runners.statements.RunAfters.evaluate(RunAfters.java:31)
	at org.junit.runners.BlockJUnit4ClassRunner.runNotIgnored(BlockJUnit4ClassRunner.java:79)
	at org.junit.runners.BlockJUnit4ClassRunner.runChild(BlockJUnit4ClassRunner.java:71)
	at org.junit.runners.BlockJUnit4ClassRunner.runChild(BlockJUnit4ClassRunner.java:49)
	at org.junit.runners.ParentRunner$3.run(ParentRunner.java:193)
	at org.junit.runners.ParentRunner$1.schedule(ParentRunner.java:52)
	at org.junit.runners.ParentRunner.runChildren(ParentRunner.java:191)
	at org.junit.runners.ParentRunner.access$000(ParentRunner.java:42)
	at org.junit.runners.ParentRunner$2.evaluate(ParentRunner.java:184)
	at org.junit.runners.ParentRunner.run(ParentRunner.java:236)
	at org.apache.maven.surefire.junit4.JUnit4TestSet.execute(JUnit4TestSet.java:53)
	at org.apache.maven.surefire.junit4.JUnit4Provider.executeTestSet(JUnit4Provider.java:123)
	at org.apache.maven.surefire.junit4.JUnit4Provider.invoke(JUnit4Provider.java:104)
	at sun.reflect.NativeMethodAccessorImpl.invoke0(Native Method)
	at sun.reflect.NativeMethodAccessorImpl.invoke(NativeMethodAccessorImpl.java:57)
	at sun.reflect.DelegatingMethodAccessorImpl.invoke(DelegatingMethodAccessorImpl.java:43)
	at java.lang.reflect.Method.invoke(Method.java:606)
	at org.apache.maven.surefire.util.ReflectionUtils.invokeMethodWithArray(ReflectionUtils.java:164)
	at org.apache.maven.surefire.booter.ProviderFactory$ProviderProxy.invoke(ProviderFactory.java:110)
	at org.apache.maven.surefire.booter.SurefireStarter.invokeProvider(SurefireStarter.java:175)
	at org.apache.maven.surefire.booter.SurefireStarter.runSuitesInProcessWhenForked(SurefireStarter.java:107)
	at org.apache.maven.surefire.booter.ForkedBooter.main(ForkedBooter.java:68)
Caused by: java.text.ParseException: Opening/closing quote not found for quote at (line 6, column 17)
	at org.apache.wicket.util.io.FullyBufferedReader.findOutOfQuotes(FullyBufferedReader.java:285)
	at org.apache.wicket.util.io.FullyBufferedReader.findOutOfQuotes(FullyBufferedReader.java:278)
	at org.apache.wicket.util.io.FullyBufferedReader.findOutOfQuotes(FullyBufferedReader.java:278)
	at org.apache.wicket.util.io.FullyBufferedReader.findOutOfQuotes(FullyBufferedReader.java:278)
	at org.apache.wicket.util.io.FullyBufferedReader.findOutOfQuotes(FullyBufferedReader.java:278)
	at org.apache.wicket.util.io.FullyBufferedReader.findOutOfQuotes(FullyBufferedReader.java:278)
	at org.apache.wicket.util.io.FullyBufferedReader.findOutOfQuotes(FullyBufferedReader.java:278)
	at org.apache.wicket.util.io.FullyBufferedReader.findOutOfQuotes(FullyBufferedReader.java:278)
	at org.apache.wicket.util.io.FullyBufferedReader.findOutOfQuotes(FullyBufferedReader.java:278)
	at org.apache.wicket.util.io.FullyBufferedReader.findOutOfQuotes(FullyBufferedReader.java:234)
	at org.apache.wicket.markup.parser.XmlPullParser.next(XmlPullParser.java:216)
	at org.apache.wicket.markup.parser.filter.RootMarkupFilter.nextElement(RootMarkupFilter.java:58)
	at org.apache.wicket.markup.parser.AbstractMarkupFilter.nextElement(AbstractMarkupFilter.java:78)
	at org.apache.wicket.markup.parser.AbstractMarkupFilter.nextElement(AbstractMarkupFilter.java:78)
	at org.apache.wicket.markup.parser.AbstractMarkupFilter.nextElement(AbstractMarkupFilter.java:78)
	at org.apache.wicket.markup.parser.AbstractMarkupFilter.nextElement(AbstractMarkupFilter.java:78)
	at org.apache.wicket.markup.parser.AbstractMarkupFilter.nextElement(AbstractMarkupFilter.java:78)
	at org.apache.wicket.markup.parser.AbstractMarkupFilter.nextElement(AbstractMarkupFilter.java:78)
	at org.apache.wicket.markup.parser.AbstractMarkupFilter.nextElement(AbstractMarkupFilter.java:78)
	at org.apache.wicket.markup.parser.AbstractMarkupFilter.nextElement(AbstractMarkupFilter.java:78)
	at org.apache.wicket.markup.parser.AbstractMarkupFilter.nextElement(AbstractMarkupFilter.java:78)
	at org.apache.wicket.markup.parser.filter.OpenCloseTagExpander.nextElement(OpenCloseTagExpander.java:78)
	at org.apache.wicket.markup.parser.AbstractMarkupFilter.nextElement(AbstractMarkupFilter.java:78)
	at org.apache.wicket.markup.parser.AbstractMarkupFilter.nextElement(AbstractMarkupFilter.java:78)
	at org.apache.wicket.markup.parser.AbstractMarkupFilter.nextElement(AbstractMarkupFilter.java:78)
	at org.apache.wicket.markup.parser.AbstractMarkupFilter.nextElement(AbstractMarkupFilter.java:78)
	at org.apache.wicket.markup.parser.AbstractMarkupFilter.nextElement(AbstractMarkupFilter.java:78)
	at org.apache.wicket.markup.AbstractMarkupParser.getNextTag(AbstractMarkupParser.java:213)
	at org.apache.wicket.markup.AbstractMarkupParser.parseMarkup(AbstractMarkupParser.java:228)
	... 81 more
ERROR - WebPage                    - ^^^^^^^^^^^^^^^^^^^^^^^^^^^^^^^^^^^^^^^^^^^^^^^^^^^^^^^^^^^^^^^^^^^^^^^^^^^^^^^^^^^^^^^^^
ERROR - WebPage                    - You probably forgot to add a <body> or <head> tag to your markup since no Header Container was 
found but components were found which want to write to the <head> section.
<script type="text/javascript" src="../resource/org.apache.wicket.ajax.AbstractDefaultAjaxBehavior/res/js/jquery/jquery.min.js"></script>
<script type="text/javascript" src="../resource/org.apache.wicket.ajax.AbstractDefaultAjaxBehavior/res/js/wicket-event-jquery.js"></script>
<script type="text/javascript" src="../resource/org.apache.wicket.ajax.AbstractDefaultAjaxBehavior/res/js/wicket-ajax-jquery.js"></script>
<script type="text/javascript" src="../resource/org.apache.wicket.ajax.AbstractDefaultAjaxBehavior/res/js/wicket-ajax-jquery-debug.js"></script>
<script type="text/javascript" id="wicket-ajax-debug-enable">
/*<![CDATA[*/
Wicket.Ajax.DebugWindow.enabled=true;
/*]]>*/
</script>
<script type="text/javascript" id="wicket-ajax-base-url">
/*<![CDATA[*/
Wicket.Ajax.baseUrl="wicket/bookmarkable/org.apache.wicket.markup.html.basic.SimplePage_13";
/*]]>*/
</script>
<link rel="stylesheet" type="text/css" href="../../BasePage.css" />

ERROR - WebPage                    - ^^^^^^^^^^^^^^^^^^^^^^^^^^^^^^^^^^^^^^^^^^^^^^^^^^^^^^^^^^^^^^^^^^^^^^^^^^^^^^^^^^^^^^^^^
Tests run: 18, Failures: 0, Errors: 0, Skipped: 0, Time elapsed: 0.789 sec
Running org.apache.wicket.markup.html.basic.SimpleResponsePageClassTest
Tests run: 1, Failures: 0, Errors: 0, Skipped: 0, Time elapsed: 0.013 sec
Running org.apache.wicket.markup.MarkupVariationTest
Tests run: 1, Failures: 0, Errors: 0, Skipped: 0, Time elapsed: 0.099 sec
Running org.apache.wicket.markup.outputTransformer.OutputTransformerContainerTest
Tests run: 3, Failures: 0, Errors: 0, Skipped: 0, Time elapsed: 0.259 sec
Running org.apache.wicket.markup.MarkupParserTest
Tests run: 17, Failures: 0, Errors: 0, Skipped: 0, Time elapsed: 0.016 sec
Running org.apache.wicket.markup.RefreshingViewOnRemoveTest
Tests run: 1, Failures: 0, Errors: 0, Skipped: 0, Time elapsed: 0.004 sec
Running org.apache.wicket.markup.resolver.inparent.AutoLinkResolveInParentsMarkupTest
Tests run: 1, Failures: 0, Errors: 0, Skipped: 0, Time elapsed: 0.003 sec
Running org.apache.wicket.markup.resolver.WicketMessageResolverTest
Tests run: 7, Failures: 0, Errors: 0, Skipped: 0, Time elapsed: 0.043 sec
Running org.apache.wicket.markup.resolver.WicketContainerResolverTest
Tests run: 1, Failures: 0, Errors: 0, Skipped: 0, Time elapsed: 0.002 sec
Running org.apache.wicket.markup.resolver.issue3559.MyTest
Tests run: 1, Failures: 0, Errors: 0, Skipped: 0, Time elapsed: 0.006 sec
Running org.apache.wicket.markup.resolver.issue3989.Issue3989Test
Tests run: 1, Failures: 0, Errors: 0, Skipped: 0, Time elapsed: 0.004 sec
Running org.apache.wicket.markup.resolver.border.WicketMessageResolverTest
Tests run: 1, Failures: 0, Errors: 0, Skipped: 0, Time elapsed: 0.007 sec
Running org.apache.wicket.markup.transformer.AbstractTransformerBehaviorTest
Tests run: 2, Failures: 0, Errors: 0, Skipped: 0, Time elapsed: 0.005 sec
Running org.apache.wicket.markup.WicketNamespaceTest
Tests run: 9, Failures: 0, Errors: 0, Skipped: 0, Time elapsed: 0.016 sec
Running org.apache.wicket.markup.renderStrategy.ChildFirstHeaderRenderStrategyTest
Tests run: 2, Failures: 0, Errors: 0, Skipped: 0, Time elapsed: 0.011 sec
Running org.apache.wicket.stateless.TemporarySessionTest
Tests run: 1, Failures: 0, Errors: 0, Skipped: 0, Time elapsed: 0.009 sec
Running org.apache.wicket.stateless.StatelessFormTest
Tests run: 2, Failures: 0, Errors: 0, Skipped: 0, Time elapsed: 0.03 sec
Running org.apache.wicket.stateless.pages.StatelessFormTest
Tests run: 1, Failures: 0, Errors: 0, Skipped: 0, Time elapsed: 0.003 sec
Running org.apache.wicket.stateless.pages.RefreshStatelessPageTest
Tests run: 1, Failures: 0, Errors: 0, Skipped: 0, Time elapsed: 0.002 sec
Running org.apache.wicket.stateless.StatelessComponentTest
Tests run: 5, Failures: 0, Errors: 0, Skipped: 0, Time elapsed: 0.009 sec
Running org.apache.wicket.stateless.ImageStatelessTest
Tests run: 2, Failures: 0, Errors: 0, Skipped: 0, Time elapsed: 0.002 sec
Running org.apache.wicket.stateless.StatelessFormUrlTest
Tests run: 1, Failures: 0, Errors: 0, Skipped: 0, Time elapsed: 0.002 sec
Running org.apache.wicket.AttributeModifierTest
Tests run: 16, Failures: 0, Errors: 0, Skipped: 0, Time elapsed: 0.003 sec
Running org.apache.wicket.TesterTest
Tests run: 1, Failures: 0, Errors: 0, Skipped: 0, Time elapsed: 0.002 sec
Running org.apache.wicket.DefaultExceptionMapperTest
ERROR - DefaultExceptionMapper     - Unexpected error occurred
org.apache.wicket.WicketRuntimeException: Method onFormSubmitted of interface org.apache.wicket.markup.html.form.IFormSubmitListener targeted at [ [Component id = form]] on component [ [Component id = form]] threw an exception
	at org.apache.wicket.RequestListenerInterface.internalInvoke(RequestListenerInterface.java:269)
	at org.apache.wicket.RequestListenerInterface.invoke(RequestListenerInterface.java:215)
	at org.apache.wicket.request.handler.ListenerInterfaceRequestHandler.invokeListener(ListenerInterfaceRequestHandler.java:255)
	at org.apache.wicket.request.handler.ListenerInterfaceRequestHandler.respond(ListenerInterfaceRequestHandler.java:241)
	at org.apache.wicket.request.cycle.RequestCycle$HandlerExecutor.respond(RequestCycle.java:756)
	at org.apache.wicket.request.RequestHandlerStack.execute(RequestHandlerStack.java:64)
	at org.apache.wicket.request.cycle.RequestCycle.execute(RequestCycle.java:253)
	at org.apache.wicket.request.cycle.RequestCycle.processRequest(RequestCycle.java:210)
	at org.apache.wicket.request.cycle.RequestCycle.processRequestAndDetach(RequestCycle.java:281)
	at org.apache.wicket.util.tester.BaseWicketTester.processRequest(BaseWicketTester.java:594)
	at org.apache.wicket.util.tester.BaseWicketTester.processRequest(BaseWicketTester.java:514)
	at org.apache.wicket.util.tester.BaseWicketTester.processRequest(BaseWicketTester.java:486)
	at org.apache.wicket.util.tester.BaseWicketTester.submitForm(BaseWicketTester.java:1868)
	at org.apache.wicket.DefaultExceptionMapperTest.showNoExceptionPage(DefaultExceptionMapperTest.java:63)
	at sun.reflect.NativeMethodAccessorImpl.invoke0(Native Method)
	at sun.reflect.NativeMethodAccessorImpl.invoke(NativeMethodAccessorImpl.java:57)
	at sun.reflect.DelegatingMethodAccessorImpl.invoke(DelegatingMethodAccessorImpl.java:43)
	at java.lang.reflect.Method.invoke(Method.java:606)
	at org.junit.runners.model.FrameworkMethod$1.runReflectiveCall(FrameworkMethod.java:44)
	at org.junit.internal.runners.model.ReflectiveCallable.run(ReflectiveCallable.java:15)
	at org.junit.runners.model.FrameworkMethod.invokeExplosively(FrameworkMethod.java:41)
	at org.junit.internal.runners.statements.InvokeMethod.evaluate(InvokeMethod.java:20)
	at org.junit.internal.runners.statements.RunBefores.evaluate(RunBefores.java:28)
	at org.junit.internal.runners.statements.RunAfters.evaluate(RunAfters.java:31)
	at org.junit.runners.BlockJUnit4ClassRunner.runNotIgnored(BlockJUnit4ClassRunner.java:79)
	at org.junit.runners.BlockJUnit4ClassRunner.runChild(BlockJUnit4ClassRunner.java:71)
	at org.junit.runners.BlockJUnit4ClassRunner.runChild(BlockJUnit4ClassRunner.java:49)
	at org.junit.runners.ParentRunner$3.run(ParentRunner.java:193)
	at org.junit.runners.ParentRunner$1.schedule(ParentRunner.java:52)
	at org.junit.runners.ParentRunner.runChildren(ParentRunner.java:191)
	at org.junit.runners.ParentRunner.access$000(ParentRunner.java:42)
	at org.junit.runners.ParentRunner$2.evaluate(ParentRunner.java:184)
	at org.junit.runners.ParentRunner.run(ParentRunner.java:236)
	at org.apache.maven.surefire.junit4.JUnit4TestSet.execute(JUnit4TestSet.java:53)
	at org.apache.maven.surefire.junit4.JUnit4Provider.executeTestSet(JUnit4Provider.java:123)
	at org.apache.maven.surefire.junit4.JUnit4Provider.invoke(JUnit4Provider.java:104)
	at sun.reflect.NativeMethodAccessorImpl.invoke0(Native Method)
	at sun.reflect.NativeMethodAccessorImpl.invoke(NativeMethodAccessorImpl.java:57)
	at sun.reflect.DelegatingMethodAccessorImpl.invoke(DelegatingMethodAccessorImpl.java:43)
	at java.lang.reflect.Method.invoke(Method.java:606)
	at org.apache.maven.surefire.util.ReflectionUtils.invokeMethodWithArray(ReflectionUtils.java:164)
	at org.apache.maven.surefire.booter.ProviderFactory$ProviderProxy.invoke(ProviderFactory.java:110)
	at org.apache.maven.surefire.booter.SurefireStarter.invokeProvider(SurefireStarter.java:175)
	at org.apache.maven.surefire.booter.SurefireStarter.runSuitesInProcessWhenForked(SurefireStarter.java:107)
	at org.apache.maven.surefire.booter.ForkedBooter.main(ForkedBooter.java:68)
Caused by: java.lang.reflect.InvocationTargetException
	at sun.reflect.GeneratedMethodAccessor17.invoke(Unknown Source)
	at sun.reflect.DelegatingMethodAccessorImpl.invoke(DelegatingMethodAccessorImpl.java:43)
	at java.lang.reflect.Method.invoke(Method.java:606)
	at org.apache.wicket.RequestListenerInterface.internalInvoke(RequestListenerInterface.java:259)
	... 44 more
Caused by: java.lang.RuntimeException: test
	at org.apache.wicket.DefaultExceptionMapperTest$ShowNoExceptionPage$1.onSubmit(DefaultExceptionMapperTest.java:99)
	at org.apache.wicket.markup.html.form.Form$10.component(Form.java:1202)
	at org.apache.wicket.markup.html.form.Form$10.component(Form.java:1195)
	at org.apache.wicket.util.visit.Visits.visitPostOrderHelper(Visits.java:273)
	at org.apache.wicket.util.visit.Visits.visitPostOrder(Visits.java:244)
	at org.apache.wicket.markup.html.form.Form.delegateSubmit(Form.java:1194)
	at org.apache.wicket.markup.html.form.Form.process(Form.java:844)
	at org.apache.wicket.markup.html.form.Form.onFormSubmitted(Form.java:768)
	at org.apache.wicket.markup.html.form.Form.onFormSubmitted(Form.java:698)
	... 48 more
Tests run: 1, Failures: 0, Errors: 0, Skipped: 0, Time elapsed: 0.004 sec
Running org.apache.wicket.protocol.http.WicketURLTest
Tests run: 4, Failures: 0, Errors: 0, Skipped: 0, Time elapsed: 0 sec
Running org.apache.wicket.protocol.http.request.CryptedUrlWebRequestCodingStrategyTest
Tests run: 3, Failures: 0, Errors: 0, Skipped: 0, Time elapsed: 0.012 sec
Running org.apache.wicket.protocol.http.request.WebClientInfoTest
Tests run: 19, Failures: 0, Errors: 0, Skipped: 0, Time elapsed: 0.036 sec
Running org.apache.wicket.protocol.http.request.UserAgentTest
Tests run: 2, Failures: 0, Errors: 0, Skipped: 0, Time elapsed: 0 sec
Running org.apache.wicket.protocol.http.WebSessionTest
Tests run: 1, Failures: 0, Errors: 0, Skipped: 0, Time elapsed: 0 sec
Running org.apache.wicket.protocol.http.BufferedWebResponseTest
Tests run: 1, Failures: 0, Errors: 0, Skipped: 0, Time elapsed: 0.001 sec
Running org.apache.wicket.protocol.http.WicketTagPanelTest
Tests run: 2, Failures: 0, Errors: 0, Skipped: 0, Time elapsed: 0.004 sec
Running org.apache.wicket.protocol.http.RequestUtilsTest
Tests run: 6, Failures: 0, Errors: 0, Skipped: 0, Time elapsed: 0.001 sec
Running org.apache.wicket.protocol.http.WebResponseExceptionsTest
ERROR - WebPage                    - ^^^^^^^^^^^^^^^^^^^^^^^^^^^^^^^^^^^^^^^^^^^^^^^^^^^^^^^^^^^^^^^^^^^^^^^^^^^^^^^^^^^^^^^^^
ERROR - WebPage                    - You probably forgot to add a <body> or <head> tag to your markup since no Header Container was 
found but components were found which want to write to the <head> section.
<script type="text/javascript" src="../resource/org.apache.wicket.ajax.AbstractDefaultAjaxBehavior/res/js/jquery/jquery.min.js"></script>
<script type="text/javascript" src="../resource/org.apache.wicket.ajax.AbstractDefaultAjaxBehavior/res/js/wicket-event-jquery.js"></script>
<script type="text/javascript" src="../resource/org.apache.wicket.ajax.AbstractDefaultAjaxBehavior/res/js/wicket-ajax-jquery.js"></script>
<script type="text/javascript" src="../resource/org.apache.wicket.ajax.AbstractDefaultAjaxBehavior/res/js/wicket-ajax-jquery-debug.js"></script>
<script type="text/javascript" id="wicket-ajax-debug-enable">
/*<![CDATA[*/
Wicket.Ajax.DebugWindow.enabled=true;
/*]]>*/
</script>
<script type="text/javascript" id="wicket-ajax-base-url">
/*<![CDATA[*/
Wicket.Ajax.baseUrl="wicket/bookmarkable/org.apache.wicket.protocol.http.TestErrorPage";
/*]]>*/
</script>

ERROR - WebPage                    - ^^^^^^^^^^^^^^^^^^^^^^^^^^^^^^^^^^^^^^^^^^^^^^^^^^^^^^^^^^^^^^^^^^^^^^^^^^^^^^^^^^^^^^^^^
ERROR - DefaultExceptionMapper     - Unexpected error occurred
java.lang.IllegalStateException: Intentional error
	at org.apache.wicket.protocol.http.TestErrorPage$1.onAfterRender(TestErrorPage.java:54)
	at org.apache.wicket.Component.afterRender(Component.java:950)
	at org.apache.wicket.Component.render(Component.java:2294)
	at org.apache.wicket.ajax.AjaxRequestTarget.respondComponent(AjaxRequestTarget.java:996)
	at org.apache.wicket.ajax.AjaxRequestTarget.respondComponents(AjaxRequestTarget.java:810)
	at org.apache.wicket.ajax.AjaxRequestTarget.constructResponseBody(AjaxRequestTarget.java:679)
	at org.apache.wicket.ajax.AjaxRequestTarget.respond(AjaxRequestTarget.java:648)
	at org.apache.wicket.request.cycle.RequestCycle$HandlerExecutor.respond(RequestCycle.java:756)
	at org.apache.wicket.request.RequestHandlerStack.execute(RequestHandlerStack.java:64)
	at org.apache.wicket.request.RequestHandlerStack.execute(RequestHandlerStack.java:97)
	at org.apache.wicket.request.cycle.RequestCycle.execute(RequestCycle.java:253)
	at org.apache.wicket.request.cycle.RequestCycle.processRequest(RequestCycle.java:210)
	at org.apache.wicket.request.cycle.RequestCycle.processRequestAndDetach(RequestCycle.java:281)
	at org.apache.wicket.util.tester.BaseWicketTester.processRequest(BaseWicketTester.java:594)
	at org.apache.wicket.util.tester.BaseWicketTester.processRequest(BaseWicketTester.java:514)
	at org.apache.wicket.util.tester.BaseWicketTester.processRequest(BaseWicketTester.java:486)
	at org.apache.wicket.util.tester.BaseWicketTester.executeBehavior(BaseWicketTester.java:1055)
	at org.apache.wicket.util.tester.BaseWicketTester.executeAjaxEvent(BaseWicketTester.java:2200)
	at org.apache.wicket.protocol.http.WebResponseExceptionsTest.internalErrorPage(WebResponseExceptionsTest.java:94)
	at org.apache.wicket.protocol.http.WebResponseExceptionsTest.bufferedExceptionErrorPage(WebResponseExceptionsTest.java:47)
	at sun.reflect.NativeMethodAccessorImpl.invoke0(Native Method)
	at sun.reflect.NativeMethodAccessorImpl.invoke(NativeMethodAccessorImpl.java:57)
	at sun.reflect.DelegatingMethodAccessorImpl.invoke(DelegatingMethodAccessorImpl.java:43)
	at java.lang.reflect.Method.invoke(Method.java:606)
	at org.junit.runners.model.FrameworkMethod$1.runReflectiveCall(FrameworkMethod.java:44)
	at org.junit.internal.runners.model.ReflectiveCallable.run(ReflectiveCallable.java:15)
	at org.junit.runners.model.FrameworkMethod.invokeExplosively(FrameworkMethod.java:41)
	at org.junit.internal.runners.statements.InvokeMethod.evaluate(InvokeMethod.java:20)
	at org.junit.internal.runners.statements.RunBefores.evaluate(RunBefores.java:28)
	at org.junit.internal.runners.statements.RunAfters.evaluate(RunAfters.java:31)
	at org.junit.runners.BlockJUnit4ClassRunner.runNotIgnored(BlockJUnit4ClassRunner.java:79)
	at org.junit.runners.BlockJUnit4ClassRunner.runChild(BlockJUnit4ClassRunner.java:71)
	at org.junit.runners.BlockJUnit4ClassRunner.runChild(BlockJUnit4ClassRunner.java:49)
	at org.junit.runners.ParentRunner$3.run(ParentRunner.java:193)
	at org.junit.runners.ParentRunner$1.schedule(ParentRunner.java:52)
	at org.junit.runners.ParentRunner.runChildren(ParentRunner.java:191)
	at org.junit.runners.ParentRunner.access$000(ParentRunner.java:42)
	at org.junit.runners.ParentRunner$2.evaluate(ParentRunner.java:184)
	at org.junit.runners.ParentRunner.run(ParentRunner.java:236)
	at org.apache.maven.surefire.junit4.JUnit4TestSet.execute(JUnit4TestSet.java:53)
	at org.apache.maven.surefire.junit4.JUnit4Provider.executeTestSet(JUnit4Provider.java:123)
	at org.apache.maven.surefire.junit4.JUnit4Provider.invoke(JUnit4Provider.java:104)
	at sun.reflect.NativeMethodAccessorImpl.invoke0(Native Method)
	at sun.reflect.NativeMethodAccessorImpl.invoke(NativeMethodAccessorImpl.java:57)
	at sun.reflect.DelegatingMethodAccessorImpl.invoke(DelegatingMethodAccessorImpl.java:43)
	at java.lang.reflect.Method.invoke(Method.java:606)
	at org.apache.maven.surefire.util.ReflectionUtils.invokeMethodWithArray(ReflectionUtils.java:164)
	at org.apache.maven.surefire.booter.ProviderFactory$ProviderProxy.invoke(ProviderFactory.java:110)
	at org.apache.maven.surefire.booter.SurefireStarter.invokeProvider(SurefireStarter.java:175)
	at org.apache.maven.surefire.booter.SurefireStarter.runSuitesInProcessWhenForked(SurefireStarter.java:107)
	at org.apache.maven.surefire.booter.ForkedBooter.main(ForkedBooter.java:68)
ERROR - WebPage                    - ^^^^^^^^^^^^^^^^^^^^^^^^^^^^^^^^^^^^^^^^^^^^^^^^^^^^^^^^^^^^^^^^^^^^^^^^^^^^^^^^^^^^^^^^^
ERROR - WebPage                    - You probably forgot to add a <body> or <head> tag to your markup since no Header Container was 
found but components were found which want to write to the <head> section.
<script type="text/javascript" src="../resource/org.apache.wicket.ajax.AbstractDefaultAjaxBehavior/res/js/jquery/jquery.min.js"></script>
<script type="text/javascript" src="../resource/org.apache.wicket.ajax.AbstractDefaultAjaxBehavior/res/js/wicket-event-jquery.js"></script>
<script type="text/javascript" src="../resource/org.apache.wicket.ajax.AbstractDefaultAjaxBehavior/res/js/wicket-ajax-jquery.js"></script>
<script type="text/javascript" src="../resource/org.apache.wicket.ajax.AbstractDefaultAjaxBehavior/res/js/wicket-ajax-jquery-debug.js"></script>
<script type="text/javascript" id="wicket-ajax-debug-enable">
/*<![CDATA[*/
Wicket.Ajax.DebugWindow.enabled=true;
/*]]>*/
</script>
<script type="text/javascript" id="wicket-ajax-base-url">
/*<![CDATA[*/
Wicket.Ajax.baseUrl="wicket/bookmarkable/org.apache.wicket.protocol.http.TestErrorPage";
/*]]>*/
</script>

ERROR - WebPage                    - ^^^^^^^^^^^^^^^^^^^^^^^^^^^^^^^^^^^^^^^^^^^^^^^^^^^^^^^^^^^^^^^^^^^^^^^^^^^^^^^^^^^^^^^^^
ERROR - DefaultExceptionMapper     - Unexpected error occurred
java.lang.IllegalStateException: Intentional error
	at org.apache.wicket.protocol.http.TestErrorPage$1.onAfterRender(TestErrorPage.java:54)
	at org.apache.wicket.Component.afterRender(Component.java:950)
	at org.apache.wicket.Component.render(Component.java:2294)
	at org.apache.wicket.ajax.AjaxRequestTarget.respondComponent(AjaxRequestTarget.java:996)
	at org.apache.wicket.ajax.AjaxRequestTarget.respondComponents(AjaxRequestTarget.java:810)
	at org.apache.wicket.ajax.AjaxRequestTarget.constructResponseBody(AjaxRequestTarget.java:679)
	at org.apache.wicket.ajax.AjaxRequestTarget.respond(AjaxRequestTarget.java:648)
	at org.apache.wicket.request.cycle.RequestCycle$HandlerExecutor.respond(RequestCycle.java:756)
	at org.apache.wicket.request.RequestHandlerStack.execute(RequestHandlerStack.java:64)
	at org.apache.wicket.request.RequestHandlerStack.execute(RequestHandlerStack.java:97)
	at org.apache.wicket.request.cycle.RequestCycle.execute(RequestCycle.java:253)
	at org.apache.wicket.request.cycle.RequestCycle.processRequest(RequestCycle.java:210)
	at org.apache.wicket.request.cycle.RequestCycle.processRequestAndDetach(RequestCycle.java:281)
	at org.apache.wicket.util.tester.BaseWicketTester.processRequest(BaseWicketTester.java:594)
	at org.apache.wicket.util.tester.BaseWicketTester.processRequest(BaseWicketTester.java:514)
	at org.apache.wicket.util.tester.BaseWicketTester.processRequest(BaseWicketTester.java:486)
	at org.apache.wicket.util.tester.BaseWicketTester.executeBehavior(BaseWicketTester.java:1055)
	at org.apache.wicket.util.tester.BaseWicketTester.executeAjaxEvent(BaseWicketTester.java:2200)
	at org.apache.wicket.protocol.http.WebResponseExceptionsTest.internalErrorPage(WebResponseExceptionsTest.java:94)
	at org.apache.wicket.protocol.http.WebResponseExceptionsTest.exceptionErrorPage(WebResponseExceptionsTest.java:59)
	at sun.reflect.NativeMethodAccessorImpl.invoke0(Native Method)
	at sun.reflect.NativeMethodAccessorImpl.invoke(NativeMethodAccessorImpl.java:57)
	at sun.reflect.DelegatingMethodAccessorImpl.invoke(DelegatingMethodAccessorImpl.java:43)
	at java.lang.reflect.Method.invoke(Method.java:606)
	at org.junit.runners.model.FrameworkMethod$1.runReflectiveCall(FrameworkMethod.java:44)
	at org.junit.internal.runners.model.ReflectiveCallable.run(ReflectiveCallable.java:15)
	at org.junit.runners.model.FrameworkMethod.invokeExplosively(FrameworkMethod.java:41)
	at org.junit.internal.runners.statements.InvokeMethod.evaluate(InvokeMethod.java:20)
	at org.junit.internal.runners.statements.RunBefores.evaluate(RunBefores.java:28)
	at org.junit.internal.runners.statements.RunAfters.evaluate(RunAfters.java:31)
	at org.junit.runners.BlockJUnit4ClassRunner.runNotIgnored(BlockJUnit4ClassRunner.java:79)
	at org.junit.runners.BlockJUnit4ClassRunner.runChild(BlockJUnit4ClassRunner.java:71)
	at org.junit.runners.BlockJUnit4ClassRunner.runChild(BlockJUnit4ClassRunner.java:49)
	at org.junit.runners.ParentRunner$3.run(ParentRunner.java:193)
	at org.junit.runners.ParentRunner$1.schedule(ParentRunner.java:52)
	at org.junit.runners.ParentRunner.runChildren(ParentRunner.java:191)
	at org.junit.runners.ParentRunner.access$000(ParentRunner.java:42)
	at org.junit.runners.ParentRunner$2.evaluate(ParentRunner.java:184)
	at org.junit.runners.ParentRunner.run(ParentRunner.java:236)
	at org.apache.maven.surefire.junit4.JUnit4TestSet.execute(JUnit4TestSet.java:53)
	at org.apache.maven.surefire.junit4.JUnit4Provider.executeTestSet(JUnit4Provider.java:123)
	at org.apache.maven.surefire.junit4.JUnit4Provider.invoke(JUnit4Provider.java:104)
	at sun.reflect.NativeMethodAccessorImpl.invoke0(Native Method)
	at sun.reflect.NativeMethodAccessorImpl.invoke(NativeMethodAccessorImpl.java:57)
	at sun.reflect.DelegatingMethodAccessorImpl.invoke(DelegatingMethodAccessorImpl.java:43)
	at java.lang.reflect.Method.invoke(Method.java:606)
	at org.apache.maven.surefire.util.ReflectionUtils.invokeMethodWithArray(ReflectionUtils.java:164)
	at org.apache.maven.surefire.booter.ProviderFactory$ProviderProxy.invoke(ProviderFactory.java:110)
	at org.apache.maven.surefire.booter.SurefireStarter.invokeProvider(SurefireStarter.java:175)
	at org.apache.maven.surefire.booter.SurefireStarter.runSuitesInProcessWhenForked(SurefireStarter.java:107)
	at org.apache.maven.surefire.booter.ForkedBooter.main(ForkedBooter.java:68)
ERROR - WebPage                    - ^^^^^^^^^^^^^^^^^^^^^^^^^^^^^^^^^^^^^^^^^^^^^^^^^^^^^^^^^^^^^^^^^^^^^^^^^^^^^^^^^^^^^^^^^
ERROR - WebPage                    - You probably forgot to add a <body> or <head> tag to your markup since no Header Container was 
found but components were found which want to write to the <head> section.
<script type="text/javascript" src="../resource/org.apache.wicket.ajax.AbstractDefaultAjaxBehavior/res/js/jquery/jquery.min.js"></script>
<script type="text/javascript" src="../resource/org.apache.wicket.ajax.AbstractDefaultAjaxBehavior/res/js/wicket-event-jquery.js"></script>
<script type="text/javascript" src="../resource/org.apache.wicket.ajax.AbstractDefaultAjaxBehavior/res/js/wicket-ajax-jquery.js"></script>
<script type="text/javascript" src="../resource/org.apache.wicket.ajax.AbstractDefaultAjaxBehavior/res/js/wicket-ajax-jquery-debug.js"></script>
<script type="text/javascript" id="wicket-ajax-debug-enable">
/*<![CDATA[*/
Wicket.Ajax.DebugWindow.enabled=true;
/*]]>*/
</script>
<script type="text/javascript" id="wicket-ajax-base-url">
/*<![CDATA[*/
Wicket.Ajax.baseUrl="wicket/bookmarkable/org.apache.wicket.protocol.http.TestErrorPage";
/*]]>*/
</script>

ERROR - WebPage                    - ^^^^^^^^^^^^^^^^^^^^^^^^^^^^^^^^^^^^^^^^^^^^^^^^^^^^^^^^^^^^^^^^^^^^^^^^^^^^^^^^^^^^^^^^^
ERROR - DefaultExceptionMapper     - Unexpected error occurred
java.lang.IllegalStateException: Intentional error
	at org.apache.wicket.protocol.http.TestErrorPage$1.onAfterRender(TestErrorPage.java:54)
	at org.apache.wicket.Component.afterRender(Component.java:950)
	at org.apache.wicket.Component.render(Component.java:2294)
	at org.apache.wicket.ajax.AjaxRequestTarget.respondComponent(AjaxRequestTarget.java:996)
	at org.apache.wicket.ajax.AjaxRequestTarget.respondComponents(AjaxRequestTarget.java:810)
	at org.apache.wicket.ajax.AjaxRequestTarget.constructResponseBody(AjaxRequestTarget.java:679)
	at org.apache.wicket.ajax.AjaxRequestTarget.respond(AjaxRequestTarget.java:648)
	at org.apache.wicket.request.cycle.RequestCycle$HandlerExecutor.respond(RequestCycle.java:756)
	at org.apache.wicket.request.RequestHandlerStack.execute(RequestHandlerStack.java:64)
	at org.apache.wicket.request.RequestHandlerStack.execute(RequestHandlerStack.java:97)
	at org.apache.wicket.request.cycle.RequestCycle.execute(RequestCycle.java:253)
	at org.apache.wicket.request.cycle.RequestCycle.processRequest(RequestCycle.java:210)
	at org.apache.wicket.request.cycle.RequestCycle.processRequestAndDetach(RequestCycle.java:281)
	at org.apache.wicket.util.tester.BaseWicketTester.processRequest(BaseWicketTester.java:594)
	at org.apache.wicket.util.tester.BaseWicketTester.processRequest(BaseWicketTester.java:514)
	at org.apache.wicket.util.tester.BaseWicketTester.processRequest(BaseWicketTester.java:486)
	at org.apache.wicket.util.tester.BaseWicketTester.executeBehavior(BaseWicketTester.java:1055)
	at org.apache.wicket.util.tester.BaseWicketTester.executeAjaxEvent(BaseWicketTester.java:2200)
	at org.apache.wicket.protocol.http.WebResponseExceptionsTest.internalErrorPage(WebResponseExceptionsTest.java:94)
	at sun.reflect.NativeMethodAccessorImpl.invoke0(Native Method)
	at sun.reflect.NativeMethodAccessorImpl.invoke(NativeMethodAccessorImpl.java:57)
	at sun.reflect.DelegatingMethodAccessorImpl.invoke(DelegatingMethodAccessorImpl.java:43)
	at java.lang.reflect.Method.invoke(Method.java:606)
	at org.junit.runners.model.FrameworkMethod$1.runReflectiveCall(FrameworkMethod.java:44)
	at org.junit.internal.runners.model.ReflectiveCallable.run(ReflectiveCallable.java:15)
	at org.junit.runners.model.FrameworkMethod.invokeExplosively(FrameworkMethod.java:41)
	at org.junit.internal.runners.statements.InvokeMethod.evaluate(InvokeMethod.java:20)
	at org.junit.internal.runners.statements.RunBefores.evaluate(RunBefores.java:28)
	at org.junit.internal.runners.statements.RunAfters.evaluate(RunAfters.java:31)
	at org.junit.runners.BlockJUnit4ClassRunner.runNotIgnored(BlockJUnit4ClassRunner.java:79)
	at org.junit.runners.BlockJUnit4ClassRunner.runChild(BlockJUnit4ClassRunner.java:71)
	at org.junit.runners.BlockJUnit4ClassRunner.runChild(BlockJUnit4ClassRunner.java:49)
	at org.junit.runners.ParentRunner$3.run(ParentRunner.java:193)
	at org.junit.runners.ParentRunner$1.schedule(ParentRunner.java:52)
	at org.junit.runners.ParentRunner.runChildren(ParentRunner.java:191)
	at org.junit.runners.ParentRunner.access$000(ParentRunner.java:42)
	at org.junit.runners.ParentRunner$2.evaluate(ParentRunner.java:184)
	at org.junit.runners.ParentRunner.run(ParentRunner.java:236)
	at org.apache.maven.surefire.junit4.JUnit4TestSet.execute(JUnit4TestSet.java:53)
	at org.apache.maven.surefire.junit4.JUnit4Provider.executeTestSet(JUnit4Provider.java:123)
	at org.apache.maven.surefire.junit4.JUnit4Provider.invoke(JUnit4Provider.java:104)
	at sun.reflect.NativeMethodAccessorImpl.invoke0(Native Method)
	at sun.reflect.NativeMethodAccessorImpl.invoke(NativeMethodAccessorImpl.java:57)
	at sun.reflect.DelegatingMethodAccessorImpl.invoke(DelegatingMethodAccessorImpl.java:43)
	at java.lang.reflect.Method.invoke(Method.java:606)
	at org.apache.maven.surefire.util.ReflectionUtils.invokeMethodWithArray(ReflectionUtils.java:164)
	at org.apache.maven.surefire.booter.ProviderFactory$ProviderProxy.invoke(ProviderFactory.java:110)
	at org.apache.maven.surefire.booter.SurefireStarter.invokeProvider(SurefireStarter.java:175)
	at org.apache.maven.surefire.booter.SurefireStarter.runSuitesInProcessWhenForked(SurefireStarter.java:107)
	at org.apache.maven.surefire.booter.ForkedBooter.main(ForkedBooter.java:68)
Tests run: 4, Failures: 0, Errors: 0, Skipped: 0, Time elapsed: 0.022 sec
Running org.apache.wicket.protocol.http.HeaderBufferingWebResponseTest
ERROR - DefaultExceptionMapper     - Connection lost, give up responding.
org.apache.wicket.protocol.http.servlet.ResponseIOException: java.net.SocketException: Connection reset by peer: socket write error
	at org.apache.wicket.protocol.http.HeaderBufferingWebResponseTest$ProblematicResponse.flush(HeaderBufferingWebResponseTest.java:117)
	at org.apache.wicket.protocol.http.HeaderBufferingWebResponse.flush(HeaderBufferingWebResponse.java:92)
	at org.apache.wicket.request.resource.AbstractResource.setResponseHeaders(AbstractResource.java:612)
	at org.apache.wicket.request.resource.AbstractResource.respond(AbstractResource.java:486)
	at org.apache.wicket.request.handler.resource.ResourceRequestHandler.respond(ResourceRequestHandler.java:78)
	at org.apache.wicket.request.handler.resource.ResourceReferenceRequestHandler.respond(ResourceReferenceRequestHandler.java:108)
	at org.apache.wicket.request.cycle.RequestCycle$HandlerExecutor.respond(RequestCycle.java:756)
	at org.apache.wicket.request.RequestHandlerStack.execute(RequestHandlerStack.java:64)
	at org.apache.wicket.request.cycle.RequestCycle.execute(RequestCycle.java:253)
	at org.apache.wicket.request.cycle.RequestCycle.processRequest(RequestCycle.java:210)
	at org.apache.wicket.request.cycle.RequestCycle.processRequestAndDetach(RequestCycle.java:281)
	at org.apache.wicket.util.tester.BaseWicketTester.processRequest(BaseWicketTester.java:594)
	at org.apache.wicket.util.tester.BaseWicketTester.processRequest(BaseWicketTester.java:514)
	at org.apache.wicket.util.tester.BaseWicketTester.startResourceReference(BaseWicketTester.java:795)
	at org.apache.wicket.util.tester.BaseWicketTester.startResourceReference(BaseWicketTester.java:774)
	at org.apache.wicket.util.tester.BaseWicketTester.startResource(BaseWicketTester.java:753)
	at org.apache.wicket.protocol.http.HeaderBufferingWebResponseTest.giveUpRespondingOnIOExceptions(HeaderBufferingWebResponseTest.java:82)
	at sun.reflect.NativeMethodAccessorImpl.invoke0(Native Method)
	at sun.reflect.NativeMethodAccessorImpl.invoke(NativeMethodAccessorImpl.java:57)
	at sun.reflect.DelegatingMethodAccessorImpl.invoke(DelegatingMethodAccessorImpl.java:43)
	at java.lang.reflect.Method.invoke(Method.java:606)
	at org.junit.runners.model.FrameworkMethod$1.runReflectiveCall(FrameworkMethod.java:44)
	at org.junit.internal.runners.model.ReflectiveCallable.run(ReflectiveCallable.java:15)
	at org.junit.runners.model.FrameworkMethod.invokeExplosively(FrameworkMethod.java:41)
	at org.junit.internal.runners.statements.InvokeMethod.evaluate(InvokeMethod.java:20)
	at org.junit.internal.runners.statements.RunBefores.evaluate(RunBefores.java:28)
	at org.junit.internal.runners.statements.RunAfters.evaluate(RunAfters.java:31)
	at org.junit.runners.BlockJUnit4ClassRunner.runNotIgnored(BlockJUnit4ClassRunner.java:79)
	at org.junit.runners.BlockJUnit4ClassRunner.runChild(BlockJUnit4ClassRunner.java:71)
	at org.junit.runners.BlockJUnit4ClassRunner.runChild(BlockJUnit4ClassRunner.java:49)
	at org.junit.runners.ParentRunner$3.run(ParentRunner.java:193)
	at org.junit.runners.ParentRunner$1.schedule(ParentRunner.java:52)
	at org.junit.runners.ParentRunner.runChildren(ParentRunner.java:191)
	at org.junit.runners.ParentRunner.access$000(ParentRunner.java:42)
	at org.junit.runners.ParentRunner$2.evaluate(ParentRunner.java:184)
	at org.junit.runners.ParentRunner.run(ParentRunner.java:236)
	at org.apache.maven.surefire.junit4.JUnit4TestSet.execute(JUnit4TestSet.java:53)
	at org.apache.maven.surefire.junit4.JUnit4Provider.executeTestSet(JUnit4Provider.java:123)
	at org.apache.maven.surefire.junit4.JUnit4Provider.invoke(JUnit4Provider.java:104)
	at sun.reflect.NativeMethodAccessorImpl.invoke0(Native Method)
	at sun.reflect.NativeMethodAccessorImpl.invoke(NativeMethodAccessorImpl.java:57)
	at sun.reflect.DelegatingMethodAccessorImpl.invoke(DelegatingMethodAccessorImpl.java:43)
	at java.lang.reflect.Method.invoke(Method.java:606)
	at org.apache.maven.surefire.util.ReflectionUtils.invokeMethodWithArray(ReflectionUtils.java:164)
	at org.apache.maven.surefire.booter.ProviderFactory$ProviderProxy.invoke(ProviderFactory.java:110)
	at org.apache.maven.surefire.booter.SurefireStarter.invokeProvider(SurefireStarter.java:175)
	at org.apache.maven.surefire.booter.SurefireStarter.runSuitesInProcessWhenForked(SurefireStarter.java:107)
	at org.apache.maven.surefire.booter.ForkedBooter.main(ForkedBooter.java:68)
Caused by: java.net.SocketException: Connection reset by peer: socket write error
	... 48 more
Tests run: 1, Failures: 0, Errors: 0, Skipped: 0, Time elapsed: 0.003 sec
Running org.apache.wicket.protocol.http.servlet.XForwardedRequestWrapperTest
Tests run: 7, Failures: 0, Errors: 0, Skipped: 0, Time elapsed: 0.01 sec
Running org.apache.wicket.protocol.http.servlet.WicketSessionFilterTest
Tests run: 1, Failures: 0, Errors: 0, Skipped: 0, Time elapsed: 0.002 sec
Running org.apache.wicket.protocol.http.servlet.ServletWebRequestTest
Tests run: 4, Failures: 0, Errors: 0, Skipped: 0, Time elapsed: 0.002 sec
Running org.apache.wicket.protocol.http.servlet.ServletWebResponseTest
Tests run: 3, Failures: 0, Errors: 0, Skipped: 0, Time elapsed: 0.008 sec
Running org.apache.wicket.protocol.http.servlet.SecuredRemoteAddressRequestWrapperFactoryTest
Tests run: 1, Failures: 0, Errors: 0, Skipped: 0, Time elapsed: 0.001 sec
Running org.apache.wicket.protocol.http.ClientPropertiesTest
Tests run: 7, Failures: 0, Errors: 0, Skipped: 0, Time elapsed: 0.001 sec
Running org.apache.wicket.protocol.http.StoredResponsesMapTest
Tests run: 4, Failures: 0, Errors: 0, Skipped: 1, Time elapsed: 3.053 sec
Running org.apache.wicket.protocol.http.WicketFilterTest
********************************************************************
*** WARNING: Wicket is running in DEVELOPMENT mode.              ***
***                               ^^^^^^^^^^^                    ***
*** Do NOT deploy to your live server(s) without changing this.  ***
*** See Application#getConfigurationType() for more information. ***
********************************************************************
********************************************************************
*** WARNING: Wicket is running in DEVELOPMENT mode.              ***
***                               ^^^^^^^^^^^                    ***
*** Do NOT deploy to your live server(s) without changing this.  ***
*** See Application#getConfigurationType() for more information. ***
********************************************************************
Tests run: 6, Failures: 0, Errors: 0, Skipped: 0, Time elapsed: 21.202 sec
Running org.apache.wicket.protocol.http.ModifyCookiePageTest
Tests run: 1, Failures: 0, Errors: 0, Skipped: 0, Time elapsed: 0.003 sec
Running org.apache.wicket.protocol.http.mock.MockHttpServletRequestTest
Tests run: 3, Failures: 0, Errors: 0, Skipped: 0, Time elapsed: 0.002 sec
Running org.apache.wicket.protocol.http.WebExternalResourceTest
Tests run: 2, Failures: 0, Errors: 0, Skipped: 0, Time elapsed: 0.002 sec
Running org.apache.wicket.protocol.https.SwitchProtocolRequestHandlerTest
Tests run: 1, Failures: 0, Errors: 0, Skipped: 0, Time elapsed: 0.005 sec
Running org.apache.wicket.protocol.https.HttpsMapperApplicationTest
Tests run: 7, Failures: 0, Errors: 0, Skipped: 0, Time elapsed: 0.013 sec
Running org.apache.wicket.protocol.https.HttpsRequestCheckerTest
Tests run: 1, Failures: 0, Errors: 0, Skipped: 0, Time elapsed: 0.005 sec
Running org.apache.wicket.DisabledComponentTest
Tests run: 2, Failures: 0, Errors: 0, Skipped: 0, Time elapsed: 0.007 sec
Running org.apache.wicket.ConverterLocatorTest
Tests run: 1, Failures: 0, Errors: 0, Skipped: 0, Time elapsed: 0 sec
Running org.apache.wicket.BehaviorUrlTest
Tests run: 3, Failures: 0, Errors: 0, Skipped: 0, Time elapsed: 0.007 sec
Running org.apache.wicket.validation.validator.UrlValidatorTest
Tests run: 6, Failures: 0, Errors: 0, Skipped: 0, Time elapsed: 1.421 sec
Running org.apache.wicket.validation.validator.RangeValidatorTest
Tests run: 3, Failures: 0, Errors: 0, Skipped: 0, Time elapsed: 0.001 sec
Running org.apache.wicket.validation.validator.CreditCardValidatorTest
Tests run: 3, Failures: 0, Errors: 0, Skipped: 0, Time elapsed: 0.001 sec
Running org.apache.wicket.validation.validator.EmailValidatorTest
Tests run: 2, Failures: 0, Errors: 0, Skipped: 0, Time elapsed: 0.001 sec
Running org.apache.wicket.validation.ValidationErrorTest
Tests run: 1, Failures: 0, Errors: 0, Skipped: 0, Time elapsed: 0 sec
Running org.apache.wicket.validation.ValidatorBehaviorTest
Tests run: 2, Failures: 0, Errors: 0, Skipped: 0, Time elapsed: 0.034 sec
Running org.apache.wicket.ajax.AjaxBehaviorEnabledTest
<!DOCTYPE html PUBLIC "-//W3C//DTD XHTML 1.0 Transitional//EN" "http://www.w3.org/TR/xhtml1/DTD/xhtml1-transitional.dtd">
<html xmlns="http://www.w3.org/1999/xhtml">
<head>
<meta http-equiv="Content-Type" content="text/html; charset=UTF-8" />
<title>Insert title here</title>
<script type="text/javascript" src="../resource/org.apache.wicket.ajax.AbstractDefaultAjaxBehavior/res/js/jquery/jquery.min.js"></script>
<script type="text/javascript" src="../resource/org.apache.wicket.ajax.AbstractDefaultAjaxBehavior/res/js/wicket-event-jquery.js"></script>
<script type="text/javascript" src="../resource/org.apache.wicket.ajax.AbstractDefaultAjaxBehavior/res/js/wicket-ajax-jquery.js"></script>
<script type="text/javascript" src="../resource/org.apache.wicket.ajax.AbstractDefaultAjaxBehavior/res/js/wicket-ajax-jquery-debug.js"></script>
<script type="text/javascript" id="wicket-ajax-debug-enable">
/*<![CDATA[*/
Wicket.Ajax.DebugWindow.enabled=true;
/*]]>*/
</script>
<script type="text/javascript" id="wicket-ajax-base-url">
/*<![CDATA[*/
Wicket.Ajax.baseUrl="wicket/bookmarkable/org.apache.wicket.ajax.AjaxBehaviorEnabledPage?0";
/*]]>*/
</script>
</head>
<body>
	<span wicket:id="enabled" id="enabled1" onclick="var wcall=Wicket.Ajax.get(&#039;../page?0-1.IBehaviorListener.0-enabled&#039;, Wicket.bind(function() { }, this), Wicket.bind(function() { }, this), Wicket.bind(function() {return Wicket.$(&#039;enabled1&#039;) != null;}, this));">this label is ajax enabled</span>
	<span wicket:id="disabled" id="disabled2">this label is not ajax enabled</span>
</body>
</html>
Tests run: 1, Failures: 0, Errors: 0, Skipped: 0, Time elapsed: 0.007 sec
Running org.apache.wicket.ajax.DomReadyOrderTest
ERROR - DomReadyOrderTest          - '<?xml version="1.0" encoding="UTF-8"?><ajax-response><component id="listViewContainer3" ><![CDATA[<div wicket:id="listViewContainer" id="listViewContainer3">
          <wicket:container wicket:id="listView">
             <label wicket:id="label">0</label><br/>
          </wicket:container><wicket:container wicket:id="listView">
             <label wicket:id="label">1</label><br/>
          </wicket:container>
        </div>]]></component></ajax-response>'
Tests run: 3, Failures: 0, Errors: 0, Skipped: 0, Time elapsed: 0.019 sec
Running org.apache.wicket.ajax.AjaxRequestTargetTest
Tests run: 8, Failures: 0, Errors: 0, Skipped: 0, Time elapsed: 0.111 sec
Running org.apache.wicket.ajax.AjaxPostprocessingCallDecoratorTest
Tests run: 3, Failures: 0, Errors: 0, Skipped: 0, Time elapsed: 0 sec
Running org.apache.wicket.ajax.AjaxTimerBehaviorTest
Tests run: 2, Failures: 0, Errors: 0, Skipped: 0, Time elapsed: 0.013 sec
Running org.apache.wicket.ajax.AjaxComponentVisibilityTest
Tests run: 1, Failures: 0, Errors: 0, Skipped: 0, Time elapsed: 0.006 sec
Running org.apache.wicket.ajax.markup.html.componentMap.SimpleTestPanelTest
Tests run: 1, Failures: 0, Errors: 0, Skipped: 0, Time elapsed: 0.009 sec
Running org.apache.wicket.ajax.markup.html.form.AjaxButtonTest
Tests run: 1, Failures: 0, Errors: 0, Skipped: 0, Time elapsed: 0.006 sec
Running org.apache.wicket.ajax.markup.html.ajaxLink.AjaxLinkTest
Tests run: 6, Failures: 0, Errors: 0, Skipped: 0, Time elapsed: 0.033 sec
Running org.apache.wicket.ajax.form.AjaxFormSubmitTest
=== org.apache.wicket.ajax.form.AjaxFormSubmitTestPage ===
Tests run: 2, Failures: 0, Errors: 0, Skipped: 0, Time elapsed: 0.01 sec
Running org.apache.wicket.ajax.form.AjaxFormSubmitBehaviorTest
Tests run: 1, Failures: 0, Errors: 0, Skipped: 0, Time elapsed: 0.005 sec
Running org.apache.wicket.ajax.form.OnChangeAjaxBehaviorTest
Tests run: 2, Failures: 0, Errors: 0, Skipped: 0, Time elapsed: 0.143 sec
Running org.apache.wicket.ajax.InternalErrorCallsAjaxOnFailureTest
ERROR - DefaultExceptionMapper     - Unexpected error occurred
org.apache.wicket.WicketRuntimeException: Failure link clicked
	at org.apache.wicket.ajax.InternalErrorCallsAjaxOnFailurePage$1.onClick(InternalErrorCallsAjaxOnFailurePage.java:43)
	at org.apache.wicket.ajax.markup.html.AjaxLink$1.onEvent(AjaxLink.java:86)
	at org.apache.wicket.ajax.AjaxEventBehavior.respond(AjaxEventBehavior.java:166)
	at org.apache.wicket.ajax.AbstractDefaultAjaxBehavior.onRequest(AbstractDefaultAjaxBehavior.java:288)
	at sun.reflect.GeneratedMethodAccessor19.invoke(Unknown Source)
	at sun.reflect.DelegatingMethodAccessorImpl.invoke(DelegatingMethodAccessorImpl.java:43)
	at java.lang.reflect.Method.invoke(Method.java:606)
	at org.apache.wicket.RequestListenerInterface.internalInvoke(RequestListenerInterface.java:259)
	at org.apache.wicket.RequestListenerInterface.invoke(RequestListenerInterface.java:240)
	at org.apache.wicket.request.handler.ListenerInterfaceRequestHandler.invokeListener(ListenerInterfaceRequestHandler.java:262)
	at org.apache.wicket.request.handler.ListenerInterfaceRequestHandler.respond(ListenerInterfaceRequestHandler.java:241)
	at org.apache.wicket.request.cycle.RequestCycle$HandlerExecutor.respond(RequestCycle.java:756)
	at org.apache.wicket.request.RequestHandlerStack.execute(RequestHandlerStack.java:64)
	at org.apache.wicket.request.cycle.RequestCycle.execute(RequestCycle.java:253)
	at org.apache.wicket.request.cycle.RequestCycle.processRequest(RequestCycle.java:210)
	at org.apache.wicket.request.cycle.RequestCycle.processRequestAndDetach(RequestCycle.java:281)
	at org.apache.wicket.util.tester.BaseWicketTester.processRequest(BaseWicketTester.java:594)
	at org.apache.wicket.util.tester.BaseWicketTester.processRequest(BaseWicketTester.java:514)
	at org.apache.wicket.util.tester.BaseWicketTester.processRequest(BaseWicketTester.java:486)
	at org.apache.wicket.util.tester.BaseWicketTester.executeBehavior(BaseWicketTester.java:1055)
	at org.apache.wicket.util.tester.BaseWicketTester.clickLink(BaseWicketTester.java:1763)
	at org.apache.wicket.ajax.InternalErrorCallsAjaxOnFailureTest.showsInternalErrorPage(InternalErrorCallsAjaxOnFailureTest.java:53)
	at sun.reflect.NativeMethodAccessorImpl.invoke0(Native Method)
	at sun.reflect.NativeMethodAccessorImpl.invoke(NativeMethodAccessorImpl.java:57)
	at sun.reflect.DelegatingMethodAccessorImpl.invoke(DelegatingMethodAccessorImpl.java:43)
	at java.lang.reflect.Method.invoke(Method.java:606)
	at org.junit.runners.model.FrameworkMethod$1.runReflectiveCall(FrameworkMethod.java:44)
	at org.junit.internal.runners.model.ReflectiveCallable.run(ReflectiveCallable.java:15)
	at org.junit.runners.model.FrameworkMethod.invokeExplosively(FrameworkMethod.java:41)
	at org.junit.internal.runners.statements.InvokeMethod.evaluate(InvokeMethod.java:20)
	at org.junit.internal.runners.statements.RunBefores.evaluate(RunBefores.java:28)
	at org.junit.internal.runners.statements.RunAfters.evaluate(RunAfters.java:31)
	at org.junit.runners.BlockJUnit4ClassRunner.runNotIgnored(BlockJUnit4ClassRunner.java:79)
	at org.junit.runners.BlockJUnit4ClassRunner.runChild(BlockJUnit4ClassRunner.java:71)
	at org.junit.runners.BlockJUnit4ClassRunner.runChild(BlockJUnit4ClassRunner.java:49)
	at org.junit.runners.ParentRunner$3.run(ParentRunner.java:193)
	at org.junit.runners.ParentRunner$1.schedule(ParentRunner.java:52)
	at org.junit.runners.ParentRunner.runChildren(ParentRunner.java:191)
	at org.junit.runners.ParentRunner.access$000(ParentRunner.java:42)
	at org.junit.runners.ParentRunner$2.evaluate(ParentRunner.java:184)
	at org.junit.runners.ParentRunner.run(ParentRunner.java:236)
	at org.apache.maven.surefire.junit4.JUnit4TestSet.execute(JUnit4TestSet.java:53)
	at org.apache.maven.surefire.junit4.JUnit4Provider.executeTestSet(JUnit4Provider.java:123)
	at org.apache.maven.surefire.junit4.JUnit4Provider.invoke(JUnit4Provider.java:104)
	at sun.reflect.NativeMethodAccessorImpl.invoke0(Native Method)
	at sun.reflect.NativeMethodAccessorImpl.invoke(NativeMethodAccessorImpl.java:57)
	at sun.reflect.DelegatingMethodAccessorImpl.invoke(DelegatingMethodAccessorImpl.java:43)
	at java.lang.reflect.Method.invoke(Method.java:606)
	at org.apache.maven.surefire.util.ReflectionUtils.invokeMethodWithArray(ReflectionUtils.java:164)
	at org.apache.maven.surefire.booter.ProviderFactory$ProviderProxy.invoke(ProviderFactory.java:110)
	at org.apache.maven.surefire.booter.SurefireStarter.invokeProvider(SurefireStarter.java:175)
	at org.apache.maven.surefire.booter.SurefireStarter.runSuitesInProcessWhenForked(SurefireStarter.java:107)
	at org.apache.maven.surefire.booter.ForkedBooter.main(ForkedBooter.java:68)
Tests run: 2, Failures: 0, Errors: 0, Skipped: 0, Time elapsed: 0.01 sec
Running org.apache.wicket.ajax.AjaxChannelTest
Tests run: 1, Failures: 0, Errors: 0, Skipped: 0, Time elapsed: 0.001 sec
Running org.apache.wicket.ajax.AjaxPreprocessingCallDecoratorTest
Tests run: 3, Failures: 0, Errors: 0, Skipped: 0, Time elapsed: 0 sec
Running org.apache.wicket.ajax.AjaxBehaviorAndMetaDataTest
Tests run: 1, Failures: 0, Errors: 0, Skipped: 0, Time elapsed: 0.004 sec
Running org.apache.wicket.ajax.AjaxHeaderContributionTest
Tests run: 2, Failures: 0, Errors: 0, Skipped: 0, Time elapsed: 0.016 sec
Running org.apache.wicket.AttributeModifierComponentTest
Tests run: 1, Failures: 0, Errors: 0, Skipped: 0, Time elapsed: 0.003 sec
Running org.apache.wicket.ComponentInitializationTest
[Page class = org.apache.wicket.ComponentInitializationTest$1, id = 0, render count = 0]
[Page class = org.apache.wicket.ComponentInitializationTest$1, id = 0, render count = 0]
[TestComponent [Component id = t1]]
[TestComponent [Component id = t1]]
[TestComponent [Component id = t2]]
[TestComponent [Component id = t2]]
[Page class = org.apache.wicket.ComponentInitializationTest$2, id = 0, render count = 0]
[TestComponent [Component id = t1]]
[TestComponent [Component id = t2]]
[TestComponent [Component id = t3]]
[TestComponent [Component id = t4]]
Tests run: 5, Failures: 0, Errors: 0, Skipped: 0, Time elapsed: 0.008 sec
Running org.apache.wicket.FormDispatchEventTest
Tests run: 1, Failures: 0, Errors: 0, Skipped: 0, Time elapsed: 0.081 sec
Running org.apache.wicket.ExceptionMapperTest
Tests run: 1, Failures: 0, Errors: 0, Skipped: 1, Time elapsed: 0 sec
Running org.apache.wicket.ComponentWithLazyModelCreationTest
Tests run: 2, Failures: 0, Errors: 0, Skipped: 0, Time elapsed: 0.004 sec
Running org.apache.wicket.ResourceTest
Tests run: 2, Failures: 0, Errors: 0, Skipped: 0, Time elapsed: 0.002 sec
Running org.apache.wicket.intercept.InterceptDataCleanedAfterReadTest
Tests run: 1, Failures: 0, Errors: 0, Skipped: 0, Time elapsed: 0.007 sec
Running org.apache.wicket.RemoveTest
Tests run: 1, Failures: 0, Errors: 0, Skipped: 0, Time elapsed: 0.003 sec
Running org.apache.wicket.RestartWithMountedPageTest
Tests run: 1, Failures: 0, Errors: 0, Skipped: 0, Time elapsed: 0.002 sec
Running org.apache.wicket.ParentResourceEscapePathTest
ERROR - rentResourceEscapePathTest - <html><head><wicket:link><script type="text/javascript" src="../resource/org.apache.wicket.ParentResourceEscapePathTestPage/-updir-/-updir-/-updir-/ParentResourceTest.js"></script></wicket:link></head></html>
ERROR - rentResourceEscapePathTest - <html><head><wicket:link><script type="text/javascript" src="../resource/org.apache.wicket.ParentResourceEscapePathTestPage/$up$/$up$/$up$/ParentResourceTest.js"></script></wicket:link></head></html>
Tests run: 3, Failures: 0, Errors: 0, Skipped: 0, Time elapsed: 0.006 sec
Running org.apache.wicket.model.StringResourceModelTest
Tests run: 11, Failures: 0, Errors: 0, Skipped: 0, Time elapsed: 0.018 sec
Running org.apache.wicket.model.DetachableTest
Tests run: 1, Failures: 0, Errors: 0, Skipped: 0, Time elapsed: 0.001 sec
Running org.apache.wicket.model.ModelDetachTest
Tests run: 4, Failures: 0, Errors: 0, Skipped: 0, Time elapsed: 0.001 sec
Running org.apache.wicket.model.PropertyModelTest
Tests run: 5, Failures: 0, Errors: 0, Skipped: 1, Time elapsed: 0.003 sec
Running org.apache.wicket.model.AbstractPropertyModelObjectClassTest
Tests run: 4, Failures: 0, Errors: 0, Skipped: 0, Time elapsed: 0.001 sec
Running org.apache.wicket.model.PropertyModelWithListTest
Tests run: 3, Failures: 0, Errors: 0, Skipped: 0, Time elapsed: 0.001 sec
Running org.apache.wicket.model.ModelToStringTest
Tests run: 6, Failures: 0, Errors: 0, Skipped: 0, Time elapsed: 0.004 sec
Running org.apache.wicket.model.InheritedModelTest
Tests run: 3, Failures: 0, Errors: 0, Skipped: 0, Time elapsed: 0.007 sec
Running org.apache.wicket.model.ResourceModelTest
Tests run: 1, Failures: 0, Errors: 0, Skipped: 0, Time elapsed: 0.005 sec
Running org.apache.wicket.CachingDisabledLocalizerTest
Tests run: 10, Failures: 0, Errors: 0, Skipped: 0, Time elapsed: 0.18 sec
Running org.apache.wicket.redirect.abort.AbortExceptionTest
ERROR - Component                  - Error while getting default model object for Component: [ [Component id = test, page = org.apache.wicket.redirect.abort.AbortExceptionPage, path = 0:test., isVisible = true, isVersioned = true, markup = [markup = file:/home/ylyu/dataset/wicket3/dataset/wicket/WICKET-4256_09166ea81d1df1df326fad3866664e0064e0459c/wicket-core/target/test-classes/org/apache/wicket/redirect/abort/AbortExceptionPage.html
<span wicket:id="test">test</span>, index = 0, current =  '<span wicket:id="test">' (line 0, column 0)]]]
org.apache.wicket.request.http.flow.AbortWithHttpErrorCodeException: this error will NOT be rendered
Tests run: 2, Failures: 0, Errors: 0, Skipped: 0, Time elapsed: 0.003 sec
Running org.apache.wicket.redirect.intercept.InterceptTest
Tests run: 2, Failures: 0, Errors: 0, Skipped: 0, Time elapsed: 0.007 sec
Running org.apache.wicket.redirect.RestartWithMountedPageTest
Tests run: 1, Failures: 0, Errors: 0, Skipped: 0, Time elapsed: 0.002 sec
Running org.apache.wicket.SharedResourceUrlTest
Tests run: 2, Failures: 0, Errors: 0, Skipped: 0, Time elapsed: 0.003 sec
Running org.apache.wicket.response.filter.ResponseFilterTest
Tests run: 4, Failures: 0, Errors: 0, Skipped: 0, Time elapsed: 0.012 sec
Running org.apache.wicket.VisitorTest
Tests run: 6, Failures: 0, Errors: 0, Skipped: 0, Time elapsed: 0.005 sec
Running org.apache.wicket.MarkupContainerTest
Tests run: 6, Failures: 0, Errors: 0, Skipped: 0, Time elapsed: 0.007 sec
Running org.apache.wicket.MetaDataTest
Tests run: 1, Failures: 0, Errors: 0, Skipped: 0, Time elapsed: 0 sec
Running org.apache.wicket.session.DefaultPageFactoryTest
Tests run: 1, Failures: 0, Errors: 0, Skipped: 0, Time elapsed: 0.002 sec
Running org.apache.wicket.FeedbackMessagesTest
Tests run: 1, Failures: 0, Errors: 0, Skipped: 0, Time elapsed: 0.003 sec
Running org.apache.wicket.RestartResponseAtInterceptPageExceptionTest
Tests run: 1, Failures: 0, Errors: 0, Skipped: 0, Time elapsed: 0.002 sec

Results :

Failed tests:   onBeforeRenderNotCalledOnVetoedComponents(org.apache.wicket.authorization.ComponentIsRenderedAllowedTest)

Tests run: 1251, Failures: 1, Errors: 0, Skipped: 3

[INFO] ------------------------------------------------------------------------
[INFO] BUILD FAILURE
[INFO] ------------------------------------------------------------------------
[INFO] Total time: 01:26 min
[INFO] Finished at: 2016-07-31T03:56:11-07:00
[INFO] Final Memory: 21M/858M
[INFO] ------------------------------------------------------------------------
[ERROR] Failed to execute goal org.apache.maven.plugins:maven-surefire-plugin:2.10:test (default-test) on project wicket-core: There are test failures.
[ERROR] 
[ERROR] Please refer to /home/ylyu/dataset/wicket3/dataset/wicket/WICKET-4256_09166ea81d1df1df326fad3866664e0064e0459c/wicket-core/target/surefire-reports for the individual test results.
[ERROR] -> [Help 1]
[ERROR] 
[ERROR] To see the full stack trace of the errors, re-run Maven with the -e switch.
[ERROR] Re-run Maven using the -X switch to enable full debug logging.
[ERROR] 
[ERROR] For more information about the errors and possible solutions, please read the following articles:
[ERROR] [Help 1] http://cwiki.apache.org/confluence/display/MAVEN/MojoFailureException
