[INFO] Scanning for projects...
[INFO]                                                                         
[INFO] ------------------------------------------------------------------------
[INFO] Building Oak JCR Binding 0.5-SNAPSHOT
[INFO] ------------------------------------------------------------------------
[INFO] 
[INFO] --- maven-remote-resources-plugin:1.2.1:process (default) @ oak-jcr ---
[INFO] 
[INFO] --- maven-resources-plugin:2.5:resources (default-resources) @ oak-jcr ---
[debug] execute contextualize
[INFO] Using 'UTF-8' encoding to copy filtered resources.
[INFO] Copying 1 resource
[INFO] Copying 3 resources
[INFO] 
[INFO] --- maven-compiler-plugin:2.3.2:compile (default-compile) @ oak-jcr ---
[INFO] Nothing to compile - all classes are up to date
[INFO] 
[INFO] --- maven-resources-plugin:2.5:testResources (default-testResources) @ oak-jcr ---
[debug] execute contextualize
[INFO] Using 'UTF-8' encoding to copy filtered resources.
[INFO] Copying 2 resources
[INFO] Copying 3 resources
[INFO] 
[INFO] --- maven-compiler-plugin:2.3.2:testCompile (default-testCompile) @ oak-jcr ---
[INFO] Nothing to compile - all classes are up to date
[INFO] 
[INFO] --- maven-surefire-plugin:2.9:test (default-test) @ oak-jcr ---
[INFO] Surefire report directory: /home/ylyu/parallel/oak/oak9/dataset/oak/OAK-238_24ce6788cecaaa6fa9c0e7a626842756a0d32224/oak-jcr/target/surefire-reports

-------------------------------------------------------
 T E S T S
-------------------------------------------------------
Running org.apache.jackrabbit.oak.jcr.security.privilege.PrivilegeManagerImplTest
Tests run: 6, Failures: 0, Errors: 0, Skipped: 0, Time elapsed: 2.457 sec
Running org.apache.jackrabbit.oak.jcr.security.user.ImpersonationImplTest
Tests run: 2, Failures: 0, Errors: 0, Skipped: 0, Time elapsed: 0.025 sec
Running org.apache.jackrabbit.oak.jcr.security.user.GroupImplTest
Tests run: 23, Failures: 0, Errors: 0, Skipped: 0, Time elapsed: 0.21 sec
Running org.apache.jackrabbit.oak.jcr.security.user.UserImplTest
Tests run: 8, Failures: 0, Errors: 0, Skipped: 0, Time elapsed: 0.059 sec
Running org.apache.jackrabbit.oak.jcr.security.user.UserManagerImplTest
Tests run: 27, Failures: 0, Errors: 0, Skipped: 0, Time elapsed: 0.191 sec
Running org.apache.jackrabbit.oak.jcr.security.user.EveryoneGroupTest
Tests run: 5, Failures: 0, Errors: 0, Skipped: 0, Time elapsed: 0.028 sec
Running org.apache.jackrabbit.oak.jcr.security.user.AuthorizableImplTest
Tests run: 16, Failures: 0, Errors: 0, Skipped: 0, Time elapsed: 0.116 sec
Running org.apache.jackrabbit.oak.jcr.query.qom.QomTest
Tests run: 28, Failures: 0, Errors: 0, Skipped: 0, Time elapsed: 0.053 sec
Running org.apache.jackrabbit.oak.jcr.query.QueryTest
Tests run: 1, Failures: 0, Errors: 0, Skipped: 0, Time elapsed: 0.218 sec
Running org.apache.jackrabbit.oak.jcr.RepositoryTest
Tests run: 74, Failures: 0, Errors: 0, Skipped: 2, Time elapsed: 6.429 sec
Running org.apache.jackrabbit.oak.jcr.ValueFactoryTest
Tests run: 2, Failures: 2, Errors: 0, Skipped: 0, Time elapsed: 0.002 sec <<< FAILURE!
Running org.apache.jackrabbit.oak.jcr.CompatibilityIssuesTest
Tests run: 1, Failures: 0, Errors: 0, Skipped: 0, Time elapsed: 0.06 sec
Running org.apache.jackrabbit.oak.jcr.CRUDTest
Tests run: 3, Failures: 0, Errors: 0, Skipped: 0, Time elapsed: 0.05 sec
Running org.apache.jackrabbit.oak.jcr.OrderableNodesTest
Tests run: 1, Failures: 0, Errors: 0, Skipped: 0, Time elapsed: 0.041 sec

Results :

Failed tests:   testReferenceValue(org.apache.jackrabbit.oak.jcr.ValueFactoryTest): Conversion to REFERENCE value must validate identifier string 
  testWeakReferenceValue(org.apache.jackrabbit.oak.jcr.ValueFactoryTest): Conversion to WEAK_REFERENCE value must validate identifier string 

Tests run: 197, Failures: 2, Errors: 0, Skipped: 2

[INFO] ------------------------------------------------------------------------
[INFO] BUILD FAILURE
[INFO] ------------------------------------------------------------------------
[INFO] Total time: 12.534 s
[INFO] Finished at: 2016-07-29T17:45:16-07:00
[INFO] Final Memory: 17M/964M
[INFO] ------------------------------------------------------------------------
[ERROR] Failed to execute goal org.apache.maven.plugins:maven-surefire-plugin:2.9:test (default-test) on project oak-jcr: There are test failures.
[ERROR] 
[ERROR] Please refer to /home/ylyu/parallel/oak/oak9/dataset/oak/OAK-238_24ce6788cecaaa6fa9c0e7a626842756a0d32224/oak-jcr/target/surefire-reports for the individual test results.
[ERROR] -> [Help 1]
[ERROR] 
[ERROR] To see the full stack trace of the errors, re-run Maven with the -e switch.
[ERROR] Re-run Maven using the -X switch to enable full debug logging.
[ERROR] 
[ERROR] For more information about the errors and possible solutions, please read the following articles:
[ERROR] [Help 1] http://cwiki.apache.org/confluence/display/MAVEN/MojoFailureException
