[INFO] Scanning for projects...
[INFO]                                                                         
[INFO] ------------------------------------------------------------------------
[INFO] Building flink-streaming-java 1.1-SNAPSHOT
[INFO] ------------------------------------------------------------------------
[INFO] 
[INFO] --- maven-checkstyle-plugin:2.16:check (validate) @ flink-streaming-java_2.10 ---
[INFO] 
[INFO] --- maven-enforcer-plugin:1.3.1:enforce (enforce-maven) @ flink-streaming-java_2.10 ---
[INFO] 
[INFO] --- maven-remote-resources-plugin:1.5:process (default) @ flink-streaming-java_2.10 ---
[INFO] 
[INFO] --- maven-resources-plugin:2.6:resources (default-resources) @ flink-streaming-java_2.10 ---
[INFO] Using 'UTF-8' encoding to copy filtered resources.
[INFO] skip non existing resourceDirectory /space/parallel/flink/flink9/dataset/flink/FLINK-3740_f2f5bd5bed2f737b8418be09359691e899462184/flink-streaming-java/src/main/resources
[INFO] Copying 3 resources
[INFO] 
[INFO] --- maven-compiler-plugin:3.1:compile (default-compile) @ flink-streaming-java_2.10 ---
[INFO] Changes detected - recompiling the module!
[INFO] Compiling 228 source files to /space/parallel/flink/flink9/dataset/flink/FLINK-3740_f2f5bd5bed2f737b8418be09359691e899462184/flink-streaming-java/target/classes
[WARNING] /space/parallel/flink/flink9/dataset/flink/FLINK-3740_f2f5bd5bed2f737b8418be09359691e899462184/flink-streaming-java/src/main/java/org/apache/flink/streaming/runtime/operators/ExtractTimestampsOperator.java:[20,48] org.apache.flink.streaming.api.functions.TimestampExtractor in org.apache.flink.streaming.api.functions has been deprecated
[WARNING] /space/parallel/flink/flink9/dataset/flink/FLINK-3740_f2f5bd5bed2f737b8418be09359691e899462184/flink-streaming-java/src/main/java/org/apache/flink/streaming/api/environment/StreamExecutionEnvironment.java:[54,12] org.apache.flink.streaming.api.functions.TimestampExtractor in org.apache.flink.streaming.api.functions has been deprecated
[WARNING] /space/parallel/flink/flink9/dataset/flink/FLINK-3740_f2f5bd5bed2f737b8418be09359691e899462184/flink-streaming-java/src/main/java/org/apache/flink/streaming/api/environment/StreamExecutionEnvironment.java:[92,39] org.apache.flink.streaming.runtime.operators.ExtractTimestampsOperator in org.apache.flink.streaming.runtime.operators has been deprecated
[WARNING] /space/parallel/flink/flink9/dataset/flink/FLINK-3740_f2f5bd5bed2f737b8418be09359691e899462184/flink-streaming-java/src/main/java/org/apache/flink/streaming/api/operators/AbstractStreamOperator.java:[28,27] org.apache.flink.api.common.state.OperatorState in org.apache.flink.api.common.state has been deprecated
[WARNING] /space/parallel/flink/flink9/dataset/flink/FLINK-3740_f2f5bd5bed2f737b8418be09359691e899462184/flink-streaming-java/src/main/java/org/apache/flink/streaming/api/operators/AbstractStreamOperator.java:[192,67] unchecked conversion
  required: java.util.HashMap<java.lang.String,org.apache.flink.runtime.state.KvStateSnapshot>
  found:    java.util.HashMap
[WARNING] /space/parallel/flink/flink9/dataset/flink/FLINK-3740_f2f5bd5bed2f737b8418be09359691e899462184/flink-streaming-java/src/main/java/org/apache/flink/streaming/api/datastream/KeyedStream.java:[145,119] unchecked cast
  required: org.apache.flink.streaming.api.transformations.OneInputTransformation<T,R>
  found:    org.apache.flink.streaming.api.transformations.StreamTransformation<R>
[WARNING] /space/parallel/flink/flink9/dataset/flink/FLINK-3740_f2f5bd5bed2f737b8418be09359691e899462184/flink-streaming-java/src/main/java/org/apache/flink/streaming/api/datastream/CoGroupedStreams.java:[356,32] unchecked conversion
  required: java.lang.Class<org.apache.flink.streaming.api.datastream.CoGroupedStreams.TaggedUnion<T1,T2>>
  found:    java.lang.Class
[WARNING] /space/parallel/flink/flink9/dataset/flink/FLINK-3740_f2f5bd5bed2f737b8418be09359691e899462184/flink-streaming-java/src/main/java/org/apache/flink/streaming/util/FieldAccessor.java:[127,107] unchecked conversion
  required: java.lang.Class<X>
  found:    java.lang.Class
[WARNING] /space/parallel/flink/flink9/dataset/flink/FLINK-3740_f2f5bd5bed2f737b8418be09359691e899462184/flink-streaming-java/src/main/java/org/apache/flink/streaming/util/FieldAccessor.java:[127,66] unchecked method invocation: method getInfoFor in class org.apache.flink.api.common.typeinfo.BasicTypeInfo is applied to given types
  required: java.lang.Class<X>
  found: java.lang.Class
[WARNING] /space/parallel/flink/flink9/dataset/flink/FLINK-3740_f2f5bd5bed2f737b8418be09359691e899462184/flink-streaming-java/src/main/java/org/apache/flink/streaming/runtime/operators/windowing/WindowOperator.java:[444,63] <S>getKeyValueState(java.lang.String,org.apache.flink.api.common.typeinfo.TypeInformation<S>,S) in org.apache.flink.streaming.api.windowing.triggers.Trigger.TriggerContext has been deprecated
[WARNING] /space/parallel/flink/flink9/dataset/flink/FLINK-3740_f2f5bd5bed2f737b8418be09359691e899462184/flink-streaming-java/src/main/java/org/apache/flink/streaming/runtime/operators/windowing/WindowOperator.java:[425,63] <S>getKeyValueState(java.lang.String,java.lang.Class<S>,S) in org.apache.flink.streaming.api.windowing.triggers.Trigger.TriggerContext has been deprecated
[WARNING] /space/parallel/flink/flink9/dataset/flink/FLINK-3740_f2f5bd5bed2f737b8418be09359691e899462184/flink-streaming-java/src/main/java/org/apache/flink/streaming/api/functions/source/FromElementsFunction.java:[66,55] Possible heap pollution from parameterized vararg type T
[WARNING] /space/parallel/flink/flink9/dataset/flink/FLINK-3740_f2f5bd5bed2f737b8418be09359691e899462184/flink-streaming-java/src/main/java/org/apache/flink/streaming/runtime/operators/windowing/EvictingWindowOperator.java:[191,53] unchecked conversion
  required: java.lang.Iterable<org.apache.flink.streaming.runtime.streamrecord.StreamRecord<capture#1 of ? super IN>>
  found:    java.lang.Iterable
[WARNING] /space/parallel/flink/flink9/dataset/flink/FLINK-3740_f2f5bd5bed2f737b8418be09359691e899462184/flink-streaming-java/src/main/java/org/apache/flink/streaming/runtime/operators/windowing/EvictingWindowOperator.java:[226,89] unchecked cast
  required: org.apache.flink.api.common.state.StateDescriptor<? extends org.apache.flink.api.common.state.AppendingState<IN,java.lang.Iterable<IN>>,?>
  found:    org.apache.flink.api.common.state.StateDescriptor<capture#2 of ? extends org.apache.flink.api.common.state.ListState<org.apache.flink.streaming.runtime.streamrecord.StreamRecord<IN>>,capture#3 of ?>
[INFO] 
[INFO] --- maven-resources-plugin:2.6:testResources (default-testResources) @ flink-streaming-java_2.10 ---
[INFO] Using 'UTF-8' encoding to copy filtered resources.
[INFO] Copying 3 resources
[INFO] Copying 3 resources
[INFO] 
[INFO] --- maven-compiler-plugin:3.1:testCompile (default-testCompile) @ flink-streaming-java_2.10 ---
[INFO] Changes detected - recompiling the module!
[INFO] Compiling 127 source files to /space/parallel/flink/flink9/dataset/flink/FLINK-3740_f2f5bd5bed2f737b8418be09359691e899462184/flink-streaming-java/target/test-classes
[WARNING] /space/parallel/flink/flink9/dataset/flink/FLINK-3740_f2f5bd5bed2f737b8418be09359691e899462184/flink-streaming-java/src/test/java/org/apache/flink/streaming/api/RestartStrategyTest.java:[38,20] enableCheckpointing() in org.apache.flink.streaming.api.environment.StreamExecutionEnvironment has been deprecated
[WARNING] /space/parallel/flink/flink9/dataset/flink/FLINK-3740_f2f5bd5bed2f737b8418be09359691e899462184/flink-streaming-java/src/test/java/org/apache/flink/streaming/api/RestartStrategyTest.java:[59,20] enableCheckpointing() in org.apache.flink.streaming.api.environment.StreamExecutionEnvironment has been deprecated
[WARNING] /space/parallel/flink/flink9/dataset/flink/FLINK-3740_f2f5bd5bed2f737b8418be09359691e899462184/flink-streaming-java/src/test/java/org/apache/flink/streaming/api/RestartStrategyTest.java:[60,20] setNumberOfExecutionRetries(int) in org.apache.flink.streaming.api.environment.StreamExecutionEnvironment has been deprecated
[WARNING] /space/parallel/flink/flink9/dataset/flink/FLINK-3740_f2f5bd5bed2f737b8418be09359691e899462184/flink-streaming-java/src/test/java/org/apache/flink/streaming/api/RestartStrategyTest.java:[80,20] enableCheckpointing() in org.apache.flink.streaming.api.environment.StreamExecutionEnvironment has been deprecated
[WARNING] /space/parallel/flink/flink9/dataset/flink/FLINK-3740_f2f5bd5bed2f737b8418be09359691e899462184/flink-streaming-java/src/test/java/org/apache/flink/streaming/api/RestartStrategyTest.java:[81,20] setNumberOfExecutionRetries(int) in org.apache.flink.streaming.api.environment.StreamExecutionEnvironment has been deprecated
[WARNING] /space/parallel/flink/flink9/dataset/flink/FLINK-3740_f2f5bd5bed2f737b8418be09359691e899462184/flink-streaming-java/src/test/java/org/apache/flink/streaming/api/RestartStrategyTest.java:[82,32] setExecutionRetryDelay(long) in org.apache.flink.api.common.ExecutionConfig has been deprecated
[WARNING] /space/parallel/flink/flink9/dataset/flink/FLINK-3740_f2f5bd5bed2f737b8418be09359691e899462184/flink-streaming-java/src/test/java/org/apache/flink/streaming/runtime/state/StateBackendITCase.java:[72,60] <S>getKeyValueState(java.lang.String,java.lang.Class<S>,S) in org.apache.flink.api.common.functions.RuntimeContext has been deprecated
[WARNING] /space/parallel/flink/flink9/dataset/flink/FLINK-3740_f2f5bd5bed2f737b8418be09359691e899462184/flink-streaming-java/src/test/java/org/apache/flink/streaming/runtime/operators/windowing/TimeWindowTranslationTest.java:[70,203] unchecked cast
  required: org.apache.flink.streaming.api.transformations.OneInputTransformation<org.apache.flink.api.java.tuple.Tuple2<java.lang.String,java.lang.Integer>,org.apache.flink.api.java.tuple.Tuple2<java.lang.String,java.lang.Integer>>
  found:    org.apache.flink.streaming.api.transformations.StreamTransformation<org.apache.flink.api.java.tuple.Tuple2<java.lang.String,java.lang.Integer>>
[WARNING] /space/parallel/flink/flink9/dataset/flink/FLINK-3740_f2f5bd5bed2f737b8418be09359691e899462184/flink-streaming-java/src/test/java/org/apache/flink/streaming/runtime/operators/windowing/TimeWindowTranslationTest.java:[89,203] unchecked cast
  required: org.apache.flink.streaming.api.transformations.OneInputTransformation<org.apache.flink.api.java.tuple.Tuple2<java.lang.String,java.lang.Integer>,org.apache.flink.api.java.tuple.Tuple2<java.lang.String,java.lang.Integer>>
  found:    org.apache.flink.streaming.api.transformations.StreamTransformation<org.apache.flink.api.java.tuple.Tuple2<java.lang.String,java.lang.Integer>>
[WARNING] /space/parallel/flink/flink9/dataset/flink/FLINK-3740_f2f5bd5bed2f737b8418be09359691e899462184/flink-streaming-java/src/test/java/org/apache/flink/streaming/runtime/operators/windowing/TimeWindowTranslationTest.java:[109,203] unchecked cast
  required: org.apache.flink.streaming.api.transformations.OneInputTransformation<org.apache.flink.api.java.tuple.Tuple2<java.lang.String,java.lang.Integer>,org.apache.flink.api.java.tuple.Tuple2<java.lang.String,java.lang.Integer>>
  found:    org.apache.flink.streaming.api.transformations.StreamTransformation<org.apache.flink.api.java.tuple.Tuple2<java.lang.String,java.lang.Integer>>
[WARNING] /space/parallel/flink/flink9/dataset/flink/FLINK-3740_f2f5bd5bed2f737b8418be09359691e899462184/flink-streaming-java/src/test/java/org/apache/flink/streaming/runtime/operators/windowing/TimeWindowTranslationTest.java:[132,203] unchecked cast
  required: org.apache.flink.streaming.api.transformations.OneInputTransformation<org.apache.flink.api.java.tuple.Tuple2<java.lang.String,java.lang.Integer>,org.apache.flink.api.java.tuple.Tuple2<java.lang.String,java.lang.Integer>>
  found:    org.apache.flink.streaming.api.transformations.StreamTransformation<org.apache.flink.api.java.tuple.Tuple2<java.lang.String,java.lang.Integer>>
[WARNING] /space/parallel/flink/flink9/dataset/flink/FLINK-3740_f2f5bd5bed2f737b8418be09359691e899462184/flink-streaming-java/src/test/java/org/apache/flink/streaming/runtime/operators/windowing/TimeWindowTranslationTest.java:[162,203] unchecked cast
  required: org.apache.flink.streaming.api.transformations.OneInputTransformation<org.apache.flink.api.java.tuple.Tuple2<java.lang.String,java.lang.Integer>,org.apache.flink.api.java.tuple.Tuple2<java.lang.String,java.lang.Integer>>
  found:    org.apache.flink.streaming.api.transformations.StreamTransformation<org.apache.flink.api.java.tuple.Tuple2<java.lang.String,java.lang.Integer>>
[WARNING] /space/parallel/flink/flink9/dataset/flink/FLINK-3740_f2f5bd5bed2f737b8418be09359691e899462184/flink-streaming-java/src/test/java/org/apache/flink/streaming/runtime/operators/windowing/TimeWindowTranslationTest.java:[180,203] unchecked cast
  required: org.apache.flink.streaming.api.transformations.OneInputTransformation<org.apache.flink.api.java.tuple.Tuple2<java.lang.String,java.lang.Integer>,org.apache.flink.api.java.tuple.Tuple2<java.lang.String,java.lang.Integer>>
  found:    org.apache.flink.streaming.api.transformations.StreamTransformation<org.apache.flink.api.java.tuple.Tuple2<java.lang.String,java.lang.Integer>>
[WARNING] /space/parallel/flink/flink9/dataset/flink/FLINK-3740_f2f5bd5bed2f737b8418be09359691e899462184/flink-streaming-java/src/test/java/org/apache/flink/streaming/runtime/operators/windowing/WindowTranslationTest.java:[104,203] unchecked cast
  required: org.apache.flink.streaming.api.transformations.OneInputTransformation<org.apache.flink.api.java.tuple.Tuple2<java.lang.String,java.lang.Integer>,org.apache.flink.api.java.tuple.Tuple2<java.lang.String,java.lang.Integer>>
  found:    org.apache.flink.streaming.api.transformations.StreamTransformation<org.apache.flink.api.java.tuple.Tuple2<java.lang.String,java.lang.Integer>>
[WARNING] /space/parallel/flink/flink9/dataset/flink/FLINK-3740_f2f5bd5bed2f737b8418be09359691e899462184/flink-streaming-java/src/test/java/org/apache/flink/streaming/runtime/operators/windowing/WindowTranslationTest.java:[126,203] unchecked cast
  required: org.apache.flink.streaming.api.transformations.OneInputTransformation<org.apache.flink.api.java.tuple.Tuple2<java.lang.String,java.lang.Integer>,org.apache.flink.api.java.tuple.Tuple2<java.lang.String,java.lang.Integer>>
  found:    org.apache.flink.streaming.api.transformations.StreamTransformation<org.apache.flink.api.java.tuple.Tuple2<java.lang.String,java.lang.Integer>>
[WARNING] /space/parallel/flink/flink9/dataset/flink/FLINK-3740_f2f5bd5bed2f737b8418be09359691e899462184/flink-streaming-java/src/test/java/org/apache/flink/streaming/runtime/operators/windowing/WindowTranslationTest.java:[151,203] unchecked cast
  required: org.apache.flink.streaming.api.transformations.OneInputTransformation<org.apache.flink.api.java.tuple.Tuple2<java.lang.String,java.lang.Integer>,org.apache.flink.api.java.tuple.Tuple2<java.lang.String,java.lang.Integer>>
  found:    org.apache.flink.streaming.api.transformations.StreamTransformation<org.apache.flink.api.java.tuple.Tuple2<java.lang.String,java.lang.Integer>>
[WARNING] /space/parallel/flink/flink9/dataset/flink/FLINK-3740_f2f5bd5bed2f737b8418be09359691e899462184/flink-streaming-java/src/test/java/org/apache/flink/streaming/runtime/operators/windowing/WindowTranslationTest.java:[175,203] unchecked cast
  required: org.apache.flink.streaming.api.transformations.OneInputTransformation<org.apache.flink.api.java.tuple.Tuple2<java.lang.String,java.lang.Integer>,org.apache.flink.api.java.tuple.Tuple2<java.lang.String,java.lang.Integer>>
  found:    org.apache.flink.streaming.api.transformations.StreamTransformation<org.apache.flink.api.java.tuple.Tuple2<java.lang.String,java.lang.Integer>>
[WARNING] /space/parallel/flink/flink9/dataset/flink/FLINK-3740_f2f5bd5bed2f737b8418be09359691e899462184/flink-streaming-java/src/test/java/org/apache/flink/streaming/runtime/operators/windowing/WindowTranslationTest.java:[200,203] unchecked cast
  required: org.apache.flink.streaming.api.transformations.OneInputTransformation<org.apache.flink.api.java.tuple.Tuple2<java.lang.String,java.lang.Integer>,org.apache.flink.api.java.tuple.Tuple2<java.lang.String,java.lang.Integer>>
  found:    org.apache.flink.streaming.api.transformations.StreamTransformation<org.apache.flink.api.java.tuple.Tuple2<java.lang.String,java.lang.Integer>>
[WARNING] /space/parallel/flink/flink9/dataset/flink/FLINK-3740_f2f5bd5bed2f737b8418be09359691e899462184/flink-streaming-java/src/test/java/org/apache/flink/streaming/runtime/operators/windowing/WindowTranslationTest.java:[226,203] unchecked cast
  required: org.apache.flink.streaming.api.transformations.OneInputTransformation<org.apache.flink.api.java.tuple.Tuple2<java.lang.String,java.lang.Integer>,org.apache.flink.api.java.tuple.Tuple2<java.lang.String,java.lang.Integer>>
  found:    org.apache.flink.streaming.api.transformations.StreamTransformation<org.apache.flink.api.java.tuple.Tuple2<java.lang.String,java.lang.Integer>>
[WARNING] /space/parallel/flink/flink9/dataset/flink/FLINK-3740_f2f5bd5bed2f737b8418be09359691e899462184/flink-streaming-java/src/test/java/org/apache/flink/streaming/api/StreamExecutionEnvironmentTest.java:[142,68] unchecked cast
  required: org.apache.flink.streaming.api.functions.source.SourceFunction<T>
  found:    capture#1 of ?
[WARNING] /space/parallel/flink/flink9/dataset/flink/FLINK-3740_f2f5bd5bed2f737b8418be09359691e899462184/flink-streaming-java/src/test/java/org/apache/flink/streaming/api/DataStreamTest.java:[762,69] unchecked call to <R>map(org.apache.flink.streaming.api.functions.co.CoMapFunction<IN1,IN2,R>) as a member of the raw type org.apache.flink.streaming.api.datastream.ConnectedStreams
[WARNING] /space/parallel/flink/flink9/dataset/flink/FLINK-3740_f2f5bd5bed2f737b8418be09359691e899462184/flink-streaming-java/src/test/java/org/apache/flink/streaming/api/DataStreamTest.java:[775,31] unchecked conversion
  required: org.apache.flink.streaming.api.functions.sink.SinkFunction<capture#2 of ?>
  found:    org.apache.flink.streaming.util.NoOpSink
[WARNING] /space/parallel/flink/flink9/dataset/flink/FLINK-3740_f2f5bd5bed2f737b8418be09359691e899462184/flink-streaming-java/src/test/java/org/apache/flink/streaming/runtime/operators/windowing/AllWindowTranslationTest.java:[78,203] unchecked cast
  required: org.apache.flink.streaming.api.transformations.OneInputTransformation<org.apache.flink.api.java.tuple.Tuple2<java.lang.String,java.lang.Integer>,org.apache.flink.api.java.tuple.Tuple2<java.lang.String,java.lang.Integer>>
  found:    org.apache.flink.streaming.api.transformations.StreamTransformation<org.apache.flink.api.java.tuple.Tuple2<java.lang.String,java.lang.Integer>>
[WARNING] /space/parallel/flink/flink9/dataset/flink/FLINK-3740_f2f5bd5bed2f737b8418be09359691e899462184/flink-streaming-java/src/test/java/org/apache/flink/streaming/runtime/operators/windowing/AllWindowTranslationTest.java:[100,203] unchecked cast
  required: org.apache.flink.streaming.api.transformations.OneInputTransformation<org.apache.flink.api.java.tuple.Tuple2<java.lang.String,java.lang.Integer>,org.apache.flink.api.java.tuple.Tuple2<java.lang.String,java.lang.Integer>>
  found:    org.apache.flink.streaming.api.transformations.StreamTransformation<org.apache.flink.api.java.tuple.Tuple2<java.lang.String,java.lang.Integer>>
[WARNING] /space/parallel/flink/flink9/dataset/flink/FLINK-3740_f2f5bd5bed2f737b8418be09359691e899462184/flink-streaming-java/src/test/java/org/apache/flink/streaming/runtime/operators/windowing/AllWindowTranslationTest.java:[124,203] unchecked cast
  required: org.apache.flink.streaming.api.transformations.OneInputTransformation<org.apache.flink.api.java.tuple.Tuple2<java.lang.String,java.lang.Integer>,org.apache.flink.api.java.tuple.Tuple2<java.lang.String,java.lang.Integer>>
  found:    org.apache.flink.streaming.api.transformations.StreamTransformation<org.apache.flink.api.java.tuple.Tuple2<java.lang.String,java.lang.Integer>>
[WARNING] /space/parallel/flink/flink9/dataset/flink/FLINK-3740_f2f5bd5bed2f737b8418be09359691e899462184/flink-streaming-java/src/test/java/org/apache/flink/streaming/runtime/operators/windowing/AllWindowTranslationTest.java:[147,203] unchecked cast
  required: org.apache.flink.streaming.api.transformations.OneInputTransformation<org.apache.flink.api.java.tuple.Tuple2<java.lang.String,java.lang.Integer>,org.apache.flink.api.java.tuple.Tuple2<java.lang.String,java.lang.Integer>>
  found:    org.apache.flink.streaming.api.transformations.StreamTransformation<org.apache.flink.api.java.tuple.Tuple2<java.lang.String,java.lang.Integer>>
[WARNING] /space/parallel/flink/flink9/dataset/flink/FLINK-3740_f2f5bd5bed2f737b8418be09359691e899462184/flink-streaming-java/src/test/java/org/apache/flink/streaming/runtime/operators/windowing/AllWindowTranslationTest.java:[171,203] unchecked cast
  required: org.apache.flink.streaming.api.transformations.OneInputTransformation<org.apache.flink.api.java.tuple.Tuple2<java.lang.String,java.lang.Integer>,org.apache.flink.api.java.tuple.Tuple2<java.lang.String,java.lang.Integer>>
  found:    org.apache.flink.streaming.api.transformations.StreamTransformation<org.apache.flink.api.java.tuple.Tuple2<java.lang.String,java.lang.Integer>>
[WARNING] /space/parallel/flink/flink9/dataset/flink/FLINK-3740_f2f5bd5bed2f737b8418be09359691e899462184/flink-streaming-java/src/test/java/org/apache/flink/streaming/runtime/operators/windowing/AllWindowTranslationTest.java:[196,203] unchecked cast
  required: org.apache.flink.streaming.api.transformations.OneInputTransformation<org.apache.flink.api.java.tuple.Tuple2<java.lang.String,java.lang.Integer>,org.apache.flink.api.java.tuple.Tuple2<java.lang.String,java.lang.Integer>>
  found:    org.apache.flink.streaming.api.transformations.StreamTransformation<org.apache.flink.api.java.tuple.Tuple2<java.lang.String,java.lang.Integer>>
[WARNING] /space/parallel/flink/flink9/dataset/flink/FLINK-3740_f2f5bd5bed2f737b8418be09359691e899462184/flink-streaming-java/src/test/java/org/apache/flink/streaming/runtime/operators/windowing/AllWindowTranslationTest.java:[223,171] unchecked cast
  required: org.apache.flink.streaming.api.transformations.OneInputTransformation<org.apache.flink.api.java.tuple.Tuple2<java.lang.String,java.lang.Integer>,java.lang.Integer>
  found:    org.apache.flink.streaming.api.transformations.StreamTransformation<java.lang.Integer>
[WARNING] /space/parallel/flink/flink9/dataset/flink/FLINK-3740_f2f5bd5bed2f737b8418be09359691e899462184/flink-streaming-java/src/test/java/org/apache/flink/streaming/runtime/operators/windowing/AllWindowTranslationTest.java:[236,171] unchecked cast
  required: org.apache.flink.streaming.api.transformations.OneInputTransformation<org.apache.flink.api.java.tuple.Tuple2<java.lang.String,java.lang.Integer>,java.lang.Integer>
  found:    org.apache.flink.streaming.api.transformations.StreamTransformation<java.lang.Integer>
[INFO] 
[INFO] --- maven-surefire-plugin:2.18.1:test (default-test) @ flink-streaming-java_2.10 ---
[INFO] Surefire report directory: /space/parallel/flink/flink9/dataset/flink/FLINK-3740_f2f5bd5bed2f737b8418be09359691e899462184/flink-streaming-java/target/surefire-reports

-------------------------------------------------------
 T E S T S
-------------------------------------------------------
Running org.apache.flink.streaming.api.functions.source.FileMonitoringFunctionTest
Running org.apache.flink.streaming.api.operators.StreamFilterTest
Running org.apache.flink.streaming.api.operators.StreamCounterTest
Running org.apache.flink.streaming.api.functions.AscendingTimestampExtractorTest
Running org.apache.flink.streaming.api.operators.StreamingRuntimeContextTest
Running org.apache.flink.streaming.api.operators.StreamGroupedReduceTest
Running org.apache.flink.streaming.api.functions.source.SocketTextStreamFunctionTest
Tests run: 5, Failures: 0, Errors: 0, Skipped: 0, Time elapsed: 0.365 sec - in org.apache.flink.streaming.api.functions.AscendingTimestampExtractorTest
Running org.apache.flink.streaming.api.operators.co.CoStreamMapTest
Running org.apache.flink.streaming.api.operators.StreamProjectTest
Running org.apache.flink.streaming.api.operators.StreamMapTest
Running org.apache.flink.streaming.api.functions.IngestionTimeExtractorTest
Running org.apache.flink.streaming.api.operators.StreamGroupedFoldTest
Running org.apache.flink.streaming.api.functions.windowing.delta.extractor.FieldsFromArrayTest
Running org.apache.flink.streaming.api.functions.windowing.delta.extractor.FieldFromTupleTest
Running org.apache.flink.streaming.api.functions.windowing.delta.extractor.FieldsFromTupleTest
Tests run: 1, Failures: 0, Errors: 0, Skipped: 0, Time elapsed: 0.234 sec - in org.apache.flink.streaming.api.functions.IngestionTimeExtractorTest
Running org.apache.flink.streaming.api.operators.co.SelfConnectionTest
Running org.apache.flink.streaming.api.operators.co.CoStreamFlatMapTest
Tests run: 3, Failures: 0, Errors: 0, Skipped: 0, Time elapsed: 0.195 sec - in org.apache.flink.streaming.api.functions.windowing.delta.extractor.FieldsFromArrayTest
Tests run: 1, Failures: 0, Errors: 0, Skipped: 0, Time elapsed: 0.05 sec - in org.apache.flink.streaming.api.functions.windowing.delta.extractor.FieldsFromTupleTest
Tests run: 1, Failures: 0, Errors: 0, Skipped: 0, Time elapsed: 0.24 sec - in org.apache.flink.streaming.api.functions.windowing.delta.extractor.FieldFromTupleTest
Tests run: 1, Failures: 0, Errors: 0, Skipped: 0, Time elapsed: 1.828 sec - in org.apache.flink.streaming.api.functions.source.FileMonitoringFunctionTest
Running org.apache.flink.streaming.api.functions.FromElementsFunctionTest
Running org.apache.flink.streaming.api.functions.PrintSinkFunctionTest
Running org.apache.flink.streaming.api.functions.sink.SocketClientSinkTest
Running org.apache.flink.streaming.api.operators.StreamFlatMapTest
Running org.apache.flink.streaming.api.streamtask.StreamVertexTest
Running org.apache.flink.streaming.api.operators.FoldApplyWindowFunctionTest
Tests run: 2, Failures: 0, Errors: 0, Skipped: 0, Time elapsed: 2.478 sec - in org.apache.flink.streaming.api.operators.StreamFilterTest
Tests run: 1, Failures: 0, Errors: 0, Skipped: 0, Time elapsed: 2.266 sec - in org.apache.flink.streaming.api.operators.StreamCounterTest
Tests run: 5, Failures: 0, Errors: 0, Skipped: 0, Time elapsed: 1.964 sec - in org.apache.flink.streaming.api.functions.source.SocketTextStreamFunctionTest
Tests run: 2, Failures: 0, Errors: 0, Skipped: 0, Time elapsed: 2.144 sec - in org.apache.flink.streaming.api.operators.co.CoStreamMapTest
Tests run: 4, Failures: 0, Errors: 0, Skipped: 0, Time elapsed: 1.364 sec - in org.apache.flink.streaming.api.functions.sink.SocketClientSinkTest
Tests run: 2, Failures: 0, Errors: 0, Skipped: 0, Time elapsed: 2.301 sec - in org.apache.flink.streaming.api.operators.StreamMapTest
Running org.apache.flink.streaming.api.functions.windowing.delta.extractor.ArrayFromTupleTest
Tests run: 2, Failures: 0, Errors: 0, Skipped: 0, Time elapsed: 0.137 sec - in org.apache.flink.streaming.api.functions.windowing.delta.extractor.ArrayFromTupleTest
Tests run: 2, Failures: 0, Errors: 0, Skipped: 0, Time elapsed: 2.424 sec - in org.apache.flink.streaming.api.operators.StreamGroupedFoldTest
Running org.apache.flink.streaming.api.functions.windowing.delta.extractor.ConcatenatedExtractTest
Running org.apache.flink.streaming.api.AggregationFunctionTest
Tests run: 2, Failures: 0, Errors: 0, Skipped: 0, Time elapsed: 2.634 sec - in org.apache.flink.streaming.api.operators.co.CoStreamFlatMapTest
Running org.apache.flink.streaming.api.IterateTest
Tests run: 2, Failures: 0, Errors: 0, Skipped: 0, Time elapsed: 0.357 sec - in org.apache.flink.streaming.api.functions.windowing.delta.extractor.ConcatenatedExtractTest
Tests run: 2, Failures: 0, Errors: 0, Skipped: 0, Time elapsed: 3.22 sec - in org.apache.flink.streaming.api.operators.StreamGroupedReduceTest
Tests run: 1, Failures: 0, Errors: 0, Skipped: 0, Time elapsed: 1.897 sec - in org.apache.flink.streaming.api.operators.FoldApplyWindowFunctionTest
Running org.apache.flink.streaming.api.ChainedRuntimeContextTest
Running org.apache.flink.streaming.api.graph.SlotAllocationTest
Tests run: 5, Failures: 0, Errors: 0, Skipped: 0, Time elapsed: 2.914 sec - in org.apache.flink.streaming.api.functions.FromElementsFunctionTest
Running org.apache.flink.streaming.api.functions.windowing.delta.extractor.FieldFromArrayTest
Running org.apache.flink.streaming.api.streamtask.StreamIterationHeadTest
Tests run: 2, Failures: 0, Errors: 0, Skipped: 0, Time elapsed: 2.87 sec - in org.apache.flink.streaming.api.operators.StreamFlatMapTest
Tests run: 3, Failures: 0, Errors: 0, Skipped: 0, Time elapsed: 0.215 sec - in org.apache.flink.streaming.api.functions.windowing.delta.extractor.FieldFromArrayTest
Running org.apache.flink.streaming.api.graph.StreamGraphGeneratorTest
Running org.apache.flink.streaming.api.graph.StreamingJobGraphGeneratorTest
Running org.apache.flink.streaming.api.OutputSplitterTest
Running org.apache.flink.streaming.api.TypeFillTest
Running org.apache.flink.streaming.api.DataStreamTest
Tests run: 3, Failures: 0, Errors: 0, Skipped: 0, Time elapsed: 3.709 sec - in org.apache.flink.streaming.api.functions.PrintSinkFunctionTest
Running org.apache.flink.streaming.api.SourceFunctionTest
Running org.apache.flink.streaming.api.StreamExecutionEnvironmentTest
Running org.apache.flink.streaming.api.windowing.deltafunction.CosineDistanceTest
Tests run: 1, Failures: 0, Errors: 0, Skipped: 0, Time elapsed: 0.045 sec - in org.apache.flink.streaming.api.windowing.deltafunction.CosineDistanceTest
Running org.apache.flink.streaming.api.PartitionerTest
Running org.apache.flink.streaming.api.RestartStrategyTest
Tests run: 4, Failures: 0, Errors: 0, Skipped: 0, Time elapsed: 2.112 sec - in org.apache.flink.streaming.api.graph.SlotAllocationTest
Tests run: 3, Failures: 0, Errors: 0, Skipped: 0, Time elapsed: 6.273 sec - in org.apache.flink.streaming.api.operators.StreamingRuntimeContextTest
Tests run: 4, Failures: 0, Errors: 0, Skipped: 0, Time elapsed: 2.227 sec - in org.apache.flink.streaming.api.graph.StreamGraphGeneratorTest
Running org.apache.flink.streaming.api.collector.OutputSelectorTest
Running org.apache.flink.streaming.graph.TranslationTest
Running org.apache.flink.streaming.api.collector.DirectedOutputTest
Tests run: 1, Failures: 0, Errors: 0, Skipped: 0, Time elapsed: 0.132 sec - in org.apache.flink.streaming.api.collector.OutputSelectorTest
Running org.apache.flink.streaming.graph.StreamingJobGraphGeneratorNodeHashTest
Running org.apache.flink.streaming.api.windowing.deltafunction.EuclideanDistanceTest
Tests run: 1, Failures: 0, Errors: 0, Skipped: 0, Time elapsed: 0.081 sec - in org.apache.flink.streaming.api.windowing.deltafunction.EuclideanDistanceTest
Tests run: 2, Failures: 0, Errors: 0, Skipped: 0, Time elapsed: 2.943 sec - in org.apache.flink.streaming.api.graph.StreamingJobGraphGeneratorTest
Tests run: 4, Failures: 0, Errors: 0, Skipped: 0, Time elapsed: 4.233 sec - in org.apache.flink.streaming.api.AggregationFunctionTest
Running org.apache.flink.streaming.util.TypeInformationSerializationSchemaTest
Running org.apache.flink.streaming.util.keys.ArrayKeySelectorTest
Tests run: 3, Failures: 0, Errors: 0, Skipped: 0, Time elapsed: 2.77 sec - in org.apache.flink.streaming.api.SourceFunctionTest
Tests run: 2, Failures: 0, Errors: 0, Skipped: 0, Time elapsed: 0.403 sec - in org.apache.flink.streaming.util.keys.ArrayKeySelectorTest
Running org.apache.flink.streaming.util.FieldAccessorTest
Tests run: 2, Failures: 0, Errors: 0, Skipped: 0, Time elapsed: 0.232 sec - in org.apache.flink.streaming.util.FieldAccessorTest
Running org.apache.flink.streaming.util.HDFSCopyUtilitiesTest
Tests run: 3, Failures: 0, Errors: 0, Skipped: 0, Time elapsed: 3.256 sec - in org.apache.flink.streaming.api.RestartStrategyTest
Running org.apache.flink.streaming.runtime.operators.TimestampsAndPeriodicWatermarksOperatorTest
Running org.apache.flink.streaming.runtime.operators.windowing.MergingWindowSetTest
Running org.apache.flink.streaming.runtime.operators.TimestampsAndPunctuatedWatermarksOperatorTest
Running org.apache.flink.streaming.runtime.operators.StreamSourceOperatorTest
Running org.apache.flink.streaming.runtime.operators.windowing.WindowOperatorTest
Tests run: 2, Failures: 0, Errors: 0, Skipped: 0, Time elapsed: 1.244 sec - in org.apache.flink.streaming.runtime.operators.windowing.MergingWindowSetTest
Tests run: 1, Failures: 0, Errors: 0, Skipped: 0, Time elapsed: 6.563 sec - in org.apache.flink.streaming.api.streamtask.StreamIterationHeadTest
Running org.apache.flink.streaming.runtime.operators.windowing.KeyMapPutIfAbsentTest
Running org.apache.flink.streaming.runtime.operators.windowing.TimeWindowTranslationTest
Tests run: 2, Failures: 0, Errors: 0, Skipped: 0, Time elapsed: 2.859 sec - in org.apache.flink.streaming.runtime.operators.TimestampsAndPeriodicWatermarksOperatorTest
Tests run: 3, Failures: 0, Errors: 0, Skipped: 0, Time elapsed: 10.735 sec - in org.apache.flink.streaming.api.streamtask.StreamVertexTest
Running org.apache.flink.streaming.runtime.operators.windowing.EvictingWindowOperatorTest
Tests run: 5, Failures: 0, Errors: 0, Skipped: 0, Time elapsed: 3.221 sec - in org.apache.flink.streaming.runtime.operators.StreamSourceOperatorTest
Running org.apache.flink.streaming.runtime.operators.windowing.AccumulatingAlignedProcessingTimeWindowOperatorTest
Tests run: 11, Failures: 1, Errors: 3, Skipped: 0, Time elapsed: 3.387 sec <<< FAILURE! - in org.apache.flink.streaming.runtime.operators.windowing.WindowOperatorTest
testPointSessions(org.apache.flink.streaming.runtime.operators.windowing.WindowOperatorTest)  Time elapsed: 2.557 sec  <<< ERROR!
java.lang.IllegalStateException: Window TimeWindow{start=0, end=3000} is not in in-flight window set.
	at org.apache.flink.streaming.runtime.operators.windowing.MergingWindowSet.getStateWindow(MergingWindowSet.java:86)
	at org.apache.flink.streaming.runtime.operators.windowing.WindowOperator.processTriggerResult(WindowOperator.java:322)
	at org.apache.flink.streaming.runtime.operators.windowing.WindowOperator.processTriggersFor(WindowOperator.java:369)
	at org.apache.flink.streaming.runtime.operators.windowing.WindowOperator.processWatermark(WindowOperator.java:347)
	at org.apache.flink.streaming.util.OneInputStreamOperatorTestHarness.processWatermark(OneInputStreamOperatorTestHarness.java:216)
	at org.apache.flink.streaming.runtime.operators.windowing.WindowOperatorTest.testPointSessions(WindowOperatorTest.java:668)

testReduceSessionWindows(org.apache.flink.streaming.runtime.operators.windowing.WindowOperatorTest)  Time elapsed: 0.024 sec  <<< ERROR!
java.lang.IllegalStateException: Window TimeWindow{start=0, end=5500} is not in in-flight window set.
	at org.apache.flink.streaming.runtime.operators.windowing.MergingWindowSet.getStateWindow(MergingWindowSet.java:86)
	at org.apache.flink.streaming.runtime.operators.windowing.WindowOperator.processTriggerResult(WindowOperator.java:322)
	at org.apache.flink.streaming.runtime.operators.windowing.WindowOperator.processTriggersFor(WindowOperator.java:369)
	at org.apache.flink.streaming.runtime.operators.windowing.WindowOperator.processWatermark(WindowOperator.java:347)
	at org.apache.flink.streaming.util.OneInputStreamOperatorTestHarness.processWatermark(OneInputStreamOperatorTestHarness.java:216)
	at org.apache.flink.streaming.runtime.operators.windowing.WindowOperatorTest.testReduceSessionWindows(WindowOperatorTest.java:489)

testSessionWindowsWithCountTrigger(org.apache.flink.streaming.runtime.operators.windowing.WindowOperatorTest)  Time elapsed: 0.112 sec  <<< FAILURE!
org.junit.internal.ArrayComparisonFailure: Output was not correct.: arrays first differed at element [1]; expected:<Record @ 9999 : (key1-22,10,10000)> but was:<Record @ 9999 : (key1-19,2500,10000)>
	at org.junit.internal.ComparisonCriteria.arrayEquals(ComparisonCriteria.java:50)
	at org.junit.Assert.internalArrayEquals(Assert.java:473)
	at org.junit.Assert.assertArrayEquals(Assert.java:265)
	at org.apache.flink.streaming.util.TestHarnessUtil.assertOutputEqualsSorted(TestHarnessUtil.java:114)
	at org.apache.flink.streaming.runtime.operators.windowing.WindowOperatorTest.testSessionWindowsWithCountTrigger(WindowOperatorTest.java:578)

testSessionWindows(org.apache.flink.streaming.runtime.operators.windowing.WindowOperatorTest)  Time elapsed: 0.054 sec  <<< ERROR!
java.lang.IllegalStateException: Window TimeWindow{start=10, end=4000} is not in in-flight window set.
	at org.apache.flink.streaming.runtime.operators.windowing.MergingWindowSet.getStateWindow(MergingWindowSet.java:86)
	at org.apache.flink.streaming.runtime.operators.windowing.WindowOperator.processTriggerResult(WindowOperator.java:322)
	at org.apache.flink.streaming.runtime.operators.windowing.WindowOperator.processTriggersFor(WindowOperator.java:369)
	at org.apache.flink.streaming.runtime.operators.windowing.WindowOperator.processWatermark(WindowOperator.java:347)
	at org.apache.flink.streaming.util.OneInputStreamOperatorTestHarness.processWatermark(OneInputStreamOperatorTestHarness.java:216)
	at org.apache.flink.streaming.runtime.operators.windowing.WindowOperatorTest.testSessionWindows(WindowOperatorTest.java:414)

Tests run: 2, Failures: 0, Errors: 0, Skipped: 0, Time elapsed: 5.786 sec - in org.apache.flink.streaming.util.TypeInformationSerializationSchemaTest
Tests run: 11, Failures: 0, Errors: 0, Skipped: 0, Time elapsed: 6.385 sec - in org.apache.flink.streaming.graph.StreamingJobGraphGeneratorNodeHashTest
Tests run: 2, Failures: 0, Errors: 0, Skipped: 0, Time elapsed: 4.084 sec - in org.apache.flink.streaming.runtime.operators.TimestampsAndPunctuatedWatermarksOperatorTest
Tests run: 2, Failures: 0, Errors: 0, Skipped: 0, Time elapsed: 13.024 sec - in org.apache.flink.streaming.api.operators.StreamProjectTest
Tests run: 2, Failures: 0, Errors: 0, Skipped: 0, Time elapsed: 12.938 sec - in org.apache.flink.streaming.api.operators.co.SelfConnectionTest
Running org.apache.flink.streaming.runtime.operators.StreamTaskTimerTest
Running org.apache.flink.streaming.runtime.operators.windowing.KeyMapPutTest
Running org.apache.flink.streaming.runtime.operators.windowing.KeyMapTest
Running org.apache.flink.streaming.runtime.operators.windowing.AggregatingAlignedProcessingTimeWindowOperatorTest
Running org.apache.flink.streaming.runtime.streamrecord.StreamRecordSerializerTest
Tests run: 1, Failures: 0, Errors: 0, Skipped: 0, Time elapsed: 10.888 sec - in org.apache.flink.streaming.api.TypeFillTest
Tests run: 1, Failures: 0, Errors: 0, Skipped: 0, Time elapsed: 8.847 sec - in org.apache.flink.streaming.graph.TranslationTest
Running org.apache.flink.streaming.runtime.partitioner.RescalePartitionerTest
Running org.apache.flink.streaming.runtime.streamrecord.StreamRecordTest
Tests run: 2, Failures: 0, Errors: 0, Skipped: 0, Time elapsed: 3.771 sec - in org.apache.flink.streaming.runtime.operators.windowing.EvictingWindowOperatorTest
Running org.apache.flink.streaming.runtime.streamrecord.MultiplexingStreamRecordSerializerTest
Running org.apache.flink.streaming.runtime.operators.windowing.WindowTranslationTest
Tests run: 8, Failures: 0, Errors: 0, Skipped: 0, Time elapsed: 0.216 sec - in org.apache.flink.streaming.runtime.streamrecord.StreamRecordTest
Tests run: 3, Failures: 0, Errors: 0, Skipped: 0, Time elapsed: 1.334 sec - in org.apache.flink.streaming.runtime.streamrecord.StreamRecordSerializerTest
Running org.apache.flink.streaming.runtime.operators.windowing.AllWindowTranslationTest
Tests run: 2, Failures: 0, Errors: 0, Skipped: 0, Time elapsed: 8.663 sec - in org.apache.flink.streaming.util.HDFSCopyUtilitiesTest
Tests run: 1, Failures: 0, Errors: 0, Skipped: 0, Time elapsed: 13.611 sec - in org.apache.flink.streaming.api.ChainedRuntimeContextTest
Running org.apache.flink.streaming.runtime.partitioner.GlobalPartitionerTest
Tests run: 1, Failures: 0, Errors: 0, Skipped: 0, Time elapsed: 0.072 sec - in org.apache.flink.streaming.runtime.partitioner.GlobalPartitionerTest
Running org.apache.flink.streaming.runtime.partitioner.ShufflePartitionerTest
Tests run: 2, Failures: 0, Errors: 0, Skipped: 0, Time elapsed: 0.062 sec - in org.apache.flink.streaming.runtime.partitioner.ShufflePartitionerTest
Tests run: 4, Failures: 0, Errors: 0, Skipped: 0, Time elapsed: 13.449 sec - in org.apache.flink.streaming.api.StreamExecutionEnvironmentTest
Running org.apache.flink.streaming.runtime.partitioner.HashPartitionerTest
Tests run: 2, Failures: 0, Errors: 0, Skipped: 0, Time elapsed: 14.387 sec - in org.apache.flink.streaming.api.OutputSplitterTest
Tests run: 2, Failures: 0, Errors: 0, Skipped: 0, Time elapsed: 0.222 sec - in org.apache.flink.streaming.runtime.partitioner.HashPartitionerTest
Tests run: 3, Failures: 0, Errors: 0, Skipped: 0, Time elapsed: 2.91 sec - in org.apache.flink.streaming.runtime.streamrecord.MultiplexingStreamRecordSerializerTest
Running org.apache.flink.streaming.runtime.partitioner.RebalancePartitionerTest
Tests run: 2, Failures: 0, Errors: 0, Skipped: 0, Time elapsed: 0.084 sec - in org.apache.flink.streaming.runtime.partitioner.RebalancePartitionerTest
Running org.apache.flink.streaming.runtime.partitioner.ForwardPartitionerTest
Tests run: 8, Failures: 0, Errors: 0, Skipped: 0, Time elapsed: 14.741 sec - in org.apache.flink.streaming.api.DataStreamTest
Tests run: 2, Failures: 0, Errors: 0, Skipped: 0, Time elapsed: 0.132 sec - in org.apache.flink.streaming.runtime.partitioner.ForwardPartitionerTest
Running org.apache.flink.streaming.runtime.partitioner.BroadcastPartitionerTest
Tests run: 1, Failures: 0, Errors: 0, Skipped: 0, Time elapsed: 0.128 sec - in org.apache.flink.streaming.runtime.partitioner.BroadcastPartitionerTest
Running org.apache.flink.streaming.runtime.tasks.StreamTaskTest
Tests run: 2, Failures: 0, Errors: 0, Skipped: 0, Time elapsed: 9.76 sec - in org.apache.flink.streaming.runtime.operators.windowing.KeyMapPutIfAbsentTest
Tests run: 1, Failures: 0, Errors: 0, Skipped: 0, Time elapsed: 14.173 sec - in org.apache.flink.streaming.api.collector.DirectedOutputTest
Tests run: 3, Failures: 0, Errors: 0, Skipped: 0, Time elapsed: 4.922 sec - in org.apache.flink.streaming.runtime.partitioner.RescalePartitionerTest
Running org.apache.flink.streaming.runtime.io.BufferSpillerTest
Tests run: 3, Failures: 0, Errors: 0, Skipped: 0, Time elapsed: 15.89 sec - in org.apache.flink.streaming.api.PartitionerTest
Running org.apache.flink.streaming.runtime.io.BarrierBufferTest
Running org.apache.flink.streaming.runtime.io.SpilledBufferOrEventSequenceTest
Running org.apache.flink.streaming.runtime.tasks.SourceStreamTaskStoppingTest
Tests run: 12, Failures: 0, Errors: 0, Skipped: 0, Time elapsed: 0.71 sec - in org.apache.flink.streaming.runtime.io.BarrierBufferTest
Tests run: 2, Failures: 0, Errors: 0, Skipped: 0, Time elapsed: 0.74 sec - in org.apache.flink.streaming.runtime.tasks.SourceStreamTaskStoppingTest
Running org.apache.flink.streaming.runtime.io.BarrierTrackerTest
Running org.apache.flink.streaming.runtime.io.BarrierBufferMassiveRandomTest
Running org.apache.flink.streaming.runtime.tasks.SourceStreamTaskTest
Tests run: 7, Failures: 0, Errors: 0, Skipped: 0, Time elapsed: 0.285 sec - in org.apache.flink.streaming.runtime.io.BarrierTrackerTest
Tests run: 3, Failures: 0, Errors: 0, Skipped: 1, Time elapsed: 12.18 sec - in org.apache.flink.streaming.runtime.operators.windowing.TimeWindowTranslationTest
Running org.apache.flink.streaming.runtime.tasks.StreamTaskAsyncCheckpointTest
Tests run: 2, Failures: 0, Errors: 0, Skipped: 0, Time elapsed: 10.391 sec - in org.apache.flink.streaming.runtime.operators.StreamTaskTimerTest
Running org.apache.flink.streaming.runtime.tasks.TwoInputStreamTaskTest
Tests run: 1, Failures: 0, Errors: 0, Skipped: 0, Time elapsed: 4.754 sec - in org.apache.flink.streaming.runtime.tasks.StreamTaskTest
Running org.apache.flink.streaming.runtime.io.StreamRecordWriterTest
Tests run: 8, Failures: 0, Errors: 0, Skipped: 0, Time elapsed: 3.91 sec - in org.apache.flink.streaming.runtime.io.SpilledBufferOrEventSequenceTest
Running org.apache.flink.streaming.runtime.tasks.OneInputStreamTaskTest
Tests run: 6, Failures: 0, Errors: 0, Skipped: 0, Time elapsed: 10.021 sec - in org.apache.flink.streaming.runtime.operators.windowing.AllWindowTranslationTest
Tests run: 6, Failures: 0, Errors: 0, Skipped: 0, Time elapsed: 10.805 sec - in org.apache.flink.streaming.runtime.operators.windowing.WindowTranslationTest
Tests run: 1, Failures: 0, Errors: 0, Skipped: 0, Time elapsed: 4.003 sec - in org.apache.flink.streaming.runtime.tasks.StreamTaskAsyncCheckpointTest
Tests run: 14, Failures: 0, Errors: 0, Skipped: 0, Time elapsed: 24.609 sec - in org.apache.flink.streaming.api.IterateTest
Tests run: 2, Failures: 0, Errors: 0, Skipped: 0, Time elapsed: 13.637 sec - in org.apache.flink.streaming.runtime.operators.windowing.KeyMapPutTest
Tests run: 10, Failures: 0, Errors: 0, Skipped: 0, Time elapsed: 15.522 sec - in org.apache.flink.streaming.runtime.operators.windowing.AccumulatingAlignedProcessingTimeWindowOperatorTest
Tests run: 1, Failures: 0, Errors: 0, Skipped: 0, Time elapsed: 3.797 sec - in org.apache.flink.streaming.runtime.io.StreamRecordWriterTest
Tests run: 3, Failures: 0, Errors: 0, Skipped: 0, Time elapsed: 8.703 sec - in org.apache.flink.streaming.runtime.io.BufferSpillerTest
Tests run: 12, Failures: 0, Errors: 0, Skipped: 0, Time elapsed: 14.759 sec - in org.apache.flink.streaming.runtime.operators.windowing.AggregatingAlignedProcessingTimeWindowOperatorTest
Tests run: 4, Failures: 0, Errors: 0, Skipped: 0, Time elapsed: 5.884 sec - in org.apache.flink.streaming.runtime.tasks.TwoInputStreamTaskTest
Tests run: 2, Failures: 0, Errors: 0, Skipped: 0, Time elapsed: 8.342 sec - in org.apache.flink.streaming.runtime.tasks.SourceStreamTaskTest
Tests run: 4, Failures: 0, Errors: 0, Skipped: 0, Time elapsed: 16.107 sec - in org.apache.flink.streaming.runtime.operators.windowing.KeyMapTest
Tests run: 4, Failures: 0, Errors: 0, Skipped: 0, Time elapsed: 5.517 sec - in org.apache.flink.streaming.runtime.tasks.OneInputStreamTaskTest
Tests run: 1, Failures: 0, Errors: 0, Skipped: 0, Time elapsed: 12.094 sec - in org.apache.flink.streaming.runtime.io.BarrierBufferMassiveRandomTest

Results :

Failed tests: 
  WindowOperatorTest.testSessionWindowsWithCountTrigger:578 Output was not correct.: arrays first differed at element [1]; expected:<Record @ 9999 : (key1-22,10,10000)> but was:<Record @ 9999 : (key1-19,2500,10000)>
Tests in error: 
  WindowOperatorTest.testPointSessions:668 » IllegalState Window TimeWindow{star...
  WindowOperatorTest.testReduceSessionWindows:489 » IllegalState Window TimeWind...
  WindowOperatorTest.testSessionWindows:414 » IllegalState Window TimeWindow{sta...

Tests run: 284, Failures: 1, Errors: 3, Skipped: 1

[INFO] ------------------------------------------------------------------------
[INFO] BUILD FAILURE
[INFO] ------------------------------------------------------------------------
[INFO] Total time: 50.812 s
[INFO] Finished at: 2016-07-14T11:38:37-07:00
[INFO] Final Memory: 58M/3502M
[INFO] ------------------------------------------------------------------------
[ERROR] Failed to execute goal org.apache.maven.plugins:maven-surefire-plugin:2.18.1:test (default-test) on project flink-streaming-java_2.10: There are test failures.
[ERROR] 
[ERROR] Please refer to /space/parallel/flink/flink9/dataset/flink/FLINK-3740_f2f5bd5bed2f737b8418be09359691e899462184/flink-streaming-java/target/surefire-reports for the individual test results.
[ERROR] -> [Help 1]
[ERROR] 
[ERROR] To see the full stack trace of the errors, re-run Maven with the -e switch.
[ERROR] Re-run Maven using the -X switch to enable full debug logging.
[ERROR] 
[ERROR] For more information about the errors and possible solutions, please read the following articles:
[ERROR] [Help 1] http://cwiki.apache.org/confluence/display/MAVEN/MojoFailureException
