[INFO] Scanning for projects...
[INFO]                                                                         
[INFO] ------------------------------------------------------------------------
[INFO] Building Maven Compat 3.0.2-SNAPSHOT
[INFO] ------------------------------------------------------------------------
[INFO] 
[INFO] --- modello-maven-plugin:1.4:java (standard) @ maven-compat ---
[INFO] outputDirectory: /home/ylyu/parallel/maven/maven9/dataset/mng/MNG-4933_469d0096fdae81b066c88757ed44bbef8ce5bfc3/maven-compat/target/generated-sources/modello
[INFO] Working on model: src/main/mdo/profiles.mdo
[INFO] Generating current version: 1.0.0
[INFO] Working on model: src/main/mdo/paramdoc.mdo
[INFO] Generating current version: 1.0.0
[INFO] 
[INFO] --- modello-maven-plugin:1.4:xpp3-reader (standard) @ maven-compat ---
[INFO] outputDirectory: /home/ylyu/parallel/maven/maven9/dataset/mng/MNG-4933_469d0096fdae81b066c88757ed44bbef8ce5bfc3/maven-compat/target/generated-sources/modello
[INFO] Working on model: src/main/mdo/profiles.mdo
[INFO] Generating current version: 1.0.0
[INFO] Working on model: src/main/mdo/paramdoc.mdo
[INFO] Generating current version: 1.0.0
[INFO] 
[INFO] --- modello-maven-plugin:1.4:xpp3-writer (standard) @ maven-compat ---
[INFO] outputDirectory: /home/ylyu/parallel/maven/maven9/dataset/mng/MNG-4933_469d0096fdae81b066c88757ed44bbef8ce5bfc3/maven-compat/target/generated-sources/modello
[INFO] Working on model: src/main/mdo/profiles.mdo
[INFO] Generating current version: 1.0.0
[INFO] Working on model: src/main/mdo/paramdoc.mdo
[INFO] Generating current version: 1.0.0
[INFO] 
[INFO] --- maven-remote-resources-plugin:1.1:process (default) @ maven-compat ---
[INFO] Setting property: classpath.resource.loader.class => 'org.codehaus.plexus.velocity.ContextClassLoaderResourceLoader'.
[INFO] Setting property: velocimacro.messages.on => 'false'.
[INFO] Setting property: resource.loader => 'classpath'.
[INFO] Setting property: resource.manager.logwhenfound => 'false'.
[INFO] 
[INFO] --- maven-resources-plugin:2.4.2:resources (default-resources) @ maven-compat ---
[INFO] Using 'UTF-8' encoding to copy filtered resources.
[INFO] Copying 4 resources
[INFO] Copying 3 resources
[INFO] 
[INFO] --- maven-compiler-plugin:2.0.2:compile (default-compile) @ maven-compat ---
[INFO] Compiling 15 source files to /home/ylyu/parallel/maven/maven9/dataset/mng/MNG-4933_469d0096fdae81b066c88757ed44bbef8ce5bfc3/maven-compat/target/classes
[INFO] 
[INFO] --- animal-sniffer-maven-plugin:1.6:check (check-java-1.5-compat) @ maven-compat ---
[INFO] Checking unresolved references to org.codehaus.mojo.signature:java15:1.0
[INFO] 
[INFO] --- plexus-component-metadata:1.5.5:generate-metadata (default) @ maven-compat ---
[INFO] Discovered 34 component descriptors(s)
[INFO] 
[INFO] --- maven-resources-plugin:2.4.2:testResources (default-testResources) @ maven-compat ---
[INFO] Using 'UTF-8' encoding to copy filtered resources.
[INFO] Copying 156 resources
[INFO] Copying 3 resources
[INFO] 
[INFO] --- maven-compiler-plugin:2.0.2:testCompile (default-testCompile) @ maven-compat ---
[INFO] Nothing to compile - all classes are up to date
[INFO] 
[INFO] --- plexus-component-metadata:1.5.5:generate-test-metadata (default) @ maven-compat ---
[INFO] Discovered 12 component descriptors(s)
[INFO] 
[INFO] --- maven-surefire-plugin:2.4.3:test (default-test) @ maven-compat ---
[INFO] Surefire report directory: /home/ylyu/parallel/maven/maven9/dataset/mng/MNG-4933_469d0096fdae81b066c88757ed44bbef8ce5bfc3/maven-compat/target/surefire-reports

-------------------------------------------------------
 T E S T S
-------------------------------------------------------
Running org.apache.maven.repository.metadata.TestMetadataSource
Tests run: 0, Failures: 0, Errors: 0, Skipped: 0, Time elapsed: 0.011 sec
Running org.apache.maven.repository.legacy.DefaultWagonManagerTest
Tests run: 7, Failures: 0, Errors: 0, Skipped: 0, Time elapsed: 0.983 sec
Running org.apache.maven.project.inheritance.t09.ProjectInheritanceTest
Tests run: 2, Failures: 0, Errors: 0, Skipped: 0, Time elapsed: 0.417 sec
Running org.apache.maven.project.inheritance.t12.ProjectInheritanceTest
Tests run: 1, Failures: 0, Errors: 0, Skipped: 0, Time elapsed: 0.084 sec
Running org.apache.maven.project.path.DefaultPathTranslatorTest
Tests run: 3, Failures: 0, Errors: 1, Skipped: 0, Time elapsed: 0.005 sec <<< FAILURE!
Running org.apache.maven.artifact.repository.MavenArtifactRepositoryTest
Tests run: 1, Failures: 0, Errors: 0, Skipped: 0, Time elapsed: 0.004 sec
Running org.apache.maven.repository.legacy.resolver.conflict.FarthestConflictResolverTest
Tests run: 4, Failures: 0, Errors: 0, Skipped: 0, Time elapsed: 0.191 sec
Running org.apache.maven.project.inheritance.t06.ProjectInheritanceTest
Tests run: 1, Failures: 0, Errors: 0, Skipped: 0, Time elapsed: 0.089 sec
Running org.apache.maven.repository.legacy.LegacyRepositorySystemTest
Tests run: 2, Failures: 0, Errors: 0, Skipped: 0, Time elapsed: 0.109 sec
Running org.apache.maven.artifact.resolver.ArtifactResolverTest
Tests run: 7, Failures: 0, Errors: 0, Skipped: 0, Time elapsed: 0.332 sec
Running org.apache.maven.artifact.resolver.filter.FilterHashEqualsTest
Tests run: 1, Failures: 0, Errors: 0, Skipped: 0, Time elapsed: 0.002 sec
Running org.apache.maven.project.inheritance.t02.ProjectInheritanceTest
Tests run: 1, Failures: 0, Errors: 0, Skipped: 0, Time elapsed: 0.063 sec
Running org.apache.maven.project.inheritance.t04.ProjectInheritanceTest
Tests run: 1, Failures: 0, Errors: 0, Skipped: 0, Time elapsed: 0.064 sec
Running org.apache.maven.artifact.resolver.filter.OrArtifactFilterTest
Tests run: 1, Failures: 0, Errors: 0, Skipped: 0, Time elapsed: 0.002 sec
Running org.apache.maven.artifact.resolver.filter.ScopeArtifactFilterTest
Tests run: 5, Failures: 0, Errors: 0, Skipped: 0, Time elapsed: 0.003 sec
Running org.apache.maven.project.inheritance.t12scm.ProjectInheritanceTest
Tests run: 2, Failures: 0, Errors: 0, Skipped: 0, Time elapsed: 0.103 sec
Running org.apache.maven.repository.legacy.resolver.conflict.OldestConflictResolverTest
Tests run: 4, Failures: 0, Errors: 0, Skipped: 0, Time elapsed: 0.102 sec
Running org.apache.maven.artifact.resolver.ArtifactResolutionExceptionTest
Tests run: 1, Failures: 0, Errors: 0, Skipped: 0, Time elapsed: 0.001 sec
Running org.apache.maven.project.inheritance.t00.ProjectInheritanceTest
Tests run: 1, Failures: 0, Errors: 0, Skipped: 0, Time elapsed: 0.04 sec
Running org.apache.maven.artifact.transform.TransformationManagerTest
Tests run: 1, Failures: 0, Errors: 0, Skipped: 0, Time elapsed: 0.027 sec
Running org.apache.maven.artifact.resolver.TestFileWagon
Tests run: 0, Failures: 0, Errors: 0, Skipped: 0, Time elapsed: 0.002 sec
Running org.apache.maven.project.inheritance.t05.ProjectInheritanceTest
Tests run: 1, Failures: 0, Errors: 0, Skipped: 0, Time elapsed: 0.05 sec
Running org.apache.maven.profiles.manager.DefaultProfileManagerTest
Tests run: 5, Failures: 0, Errors: 0, Skipped: 0, Time elapsed: 0.116 sec
Running org.apache.maven.repository.MirrorProcessorTest
Tests run: 8, Failures: 0, Errors: 0, Skipped: 0, Time elapsed: 0.178 sec
Running org.apache.maven.artifact.factory.DefaultArtifactFactoryTest
Tests run: 1, Failures: 0, Errors: 0, Skipped: 0, Time elapsed: 0.022 sec
Running org.apache.maven.repository.legacy.DefaultUpdateCheckManagerTest
Tests run: 7, Failures: 0, Errors: 0, Skipped: 0, Time elapsed: 0.167 sec
Running org.apache.maven.artifact.metadata.TestMetadataSource
Tests run: 0, Failures: 0, Errors: 0, Skipped: 0, Time elapsed: 0.001 sec
Running org.apache.maven.artifact.DefaultArtifactTest
Tests run: 11, Failures: 0, Errors: 0, Skipped: 0, Time elapsed: 0.004 sec
Running org.apache.maven.artifact.resolver.TestTransferListener
Tests run: 0, Failures: 0, Errors: 0, Skipped: 0, Time elapsed: 0 sec
Running org.apache.maven.project.inheritance.t01.ProjectInheritanceTest
Tests run: 1, Failures: 0, Errors: 0, Skipped: 0, Time elapsed: 0.047 sec
Running org.apache.maven.artifact.resolver.filter.AndArtifactFilterTest
Tests run: 1, Failures: 0, Errors: 0, Skipped: 0, Time elapsed: 0.002 sec
Running org.apache.maven.project.ModelUtilsTest
Tests run: 15, Failures: 0, Errors: 0, Skipped: 0, Time elapsed: 0.005 sec
Running org.apache.maven.repository.metadata.DefaultGraphConflictResolverTest
Tests run: 3, Failures: 0, Errors: 0, Skipped: 0, Time elapsed: 0.086 sec
Running org.apache.maven.project.inheritance.t07.ProjectInheritanceTest
Tests run: 1, Failures: 0, Errors: 0, Skipped: 0, Time elapsed: 0.039 sec
Running org.apache.maven.project.inheritance.t08.ProjectInheritanceTest
Tests run: 1, Failures: 0, Errors: 0, Skipped: 0, Time elapsed: 0.045 sec
Running org.apache.maven.repository.metadata.DefaultClasspathTransformationTest
Tests run: 3, Failures: 0, Errors: 0, Skipped: 0, Time elapsed: 0.06 sec
Running org.apache.maven.repository.legacy.resolver.conflict.NearestConflictResolverTest
Tests run: 4, Failures: 0, Errors: 0, Skipped: 0, Time elapsed: 0.077 sec
Running org.apache.maven.project.TestMavenRepositorySystem
Tests run: 0, Failures: 0, Errors: 0, Skipped: 0, Time elapsed: 0.001 sec
Running org.apache.maven.artifact.installer.ArtifactInstallerTest
Tests run: 1, Failures: 0, Errors: 0, Skipped: 0, Time elapsed: 0.036 sec
Running org.apache.maven.repository.LegacyRepositorySystemTest
Tests run: 2, Failures: 0, Errors: 0, Skipped: 0, Time elapsed: 0.078 sec
Running org.apache.maven.artifact.ArtifactUtilsTest
Tests run: 3, Failures: 0, Errors: 0, Skipped: 0, Time elapsed: 0.002 sec
Running org.apache.maven.repository.legacy.resolver.conflict.NewestConflictResolverTest
Tests run: 4, Failures: 0, Errors: 0, Skipped: 0, Time elapsed: 0.091 sec
Running org.apache.maven.project.inheritance.t10.ProjectInheritanceTest
Tests run: 1, Failures: 0, Errors: 0, Skipped: 0, Time elapsed: 0.04 sec
Running org.apache.maven.repository.legacy.resolver.DefaultArtifactCollectorTest
Tests run: 29, Failures: 0, Errors: 0, Skipped: 0, Time elapsed: 0.535 sec
Running org.apache.maven.project.inheritance.t03.ProjectInheritanceTest
Tests run: 1, Failures: 0, Errors: 0, Skipped: 0, Time elapsed: 0.031 sec
Running org.apache.maven.artifact.resolver.DefaultArtifactResolverTest
Tests run: 2, Failures: 0, Errors: 0, Skipped: 0, Time elapsed: 0.055 sec
Running org.apache.maven.project.inheritance.t11.ProjectInheritanceTest
Tests run: 1, Failures: 0, Errors: 0, Skipped: 0, Time elapsed: 0.03 sec
Running org.apache.maven.repository.metadata.DefaultGraphConflictResolutionPolicyTest
Tests run: 1, Failures: 0, Errors: 0, Skipped: 0, Time elapsed: 0.015 sec
Running org.apache.maven.project.TestProjectBuilder
Tests run: 0, Failures: 0, Errors: 0, Skipped: 0, Time elapsed: 0.001 sec
Running org.apache.maven.artifact.deployer.ArtifactDeployerTest
Tests run: 1, Failures: 0, Errors: 0, Skipped: 0, Time elapsed: 0.03 sec
Running org.apache.maven.project.TestArtifactResolver
Tests run: 0, Failures: 0, Errors: 0, Skipped: 0, Time elapsed: 0.001 sec
Running org.apache.maven.project.ProjectClasspathTest
Tests run: 1, Failures: 0, Errors: 0, Skipped: 0, Time elapsed: 0.053 sec

Results :

Tests in error: 
  testUnalignToBasedirWherePathEqualsBasedir(org.apache.maven.project.path.DefaultPathTranslatorTest)

Tests run: 155, Failures: 0, Errors: 1, Skipped: 0

[INFO] ------------------------------------------------------------------------
[INFO] BUILD FAILURE
[INFO] ------------------------------------------------------------------------
[INFO] Total time: 11.418 s
[INFO] Finished at: 2016-07-13T21:54:26-07:00
[INFO] Final Memory: 59M/2726M
[INFO] ------------------------------------------------------------------------
[ERROR] Failed to execute goal org.apache.maven.plugins:maven-surefire-plugin:2.4.3:test (default-test) on project maven-compat: There are test failures.
[ERROR] 
[ERROR] Please refer to /home/ylyu/parallel/maven/maven9/dataset/mng/MNG-4933_469d0096fdae81b066c88757ed44bbef8ce5bfc3/maven-compat/target/surefire-reports for the individual test results.
[ERROR] -> [Help 1]
[ERROR] 
[ERROR] To see the full stack trace of the errors, re-run Maven with the -e switch.
[ERROR] Re-run Maven using the -X switch to enable full debug logging.
[ERROR] 
[ERROR] For more information about the errors and possible solutions, please read the following articles:
[ERROR] [Help 1] http://cwiki.apache.org/confluence/display/MAVEN/MojoFailureException
