[INFO] Scanning for projects...
[INFO]                                                                         
[INFO] ------------------------------------------------------------------------
[INFO] Building Wicket Util 6.2.0-SNAPSHOT
[INFO] ------------------------------------------------------------------------
[INFO] 
[INFO] --- maven-remote-resources-plugin:1.3:process (default) @ wicket-util ---
[INFO] 
[INFO] --- maven-resources-plugin:2.6:resources (default-resources) @ wicket-util ---
[INFO] Using 'UTF-8' encoding to copy filtered resources.
[INFO] Copying 11 resources
[INFO] skip non existing resourceDirectory /home/ylyu/dataset/wicket3/dataset/wicket/WICKET-4816_66bfc8851c0250c02ff6ee0af0f42407a7873ca5/wicket-util/src/main/resources
[INFO] Copying 3 resources
[INFO] 
[INFO] --- maven-compiler-plugin:2.5.1:compile (default-compile) @ wicket-util ---
[INFO] Nothing to compile - all classes are up to date
[INFO] 
[INFO] >>> clirr-maven-plugin:2.5:check (clirr-check) > compile @ wicket-util >>>
[INFO] 
[INFO] --- maven-remote-resources-plugin:1.3:process (default) @ wicket-util ---
[INFO] 
[INFO] --- maven-resources-plugin:2.6:resources (default-resources) @ wicket-util ---
[INFO] Using 'UTF-8' encoding to copy filtered resources.
[INFO] Copying 11 resources
[INFO] skip non existing resourceDirectory /home/ylyu/dataset/wicket3/dataset/wicket/WICKET-4816_66bfc8851c0250c02ff6ee0af0f42407a7873ca5/wicket-util/src/main/resources
[INFO] Copying 3 resources
[INFO] Copying 3 resources
[INFO] 
[INFO] --- maven-compiler-plugin:2.5.1:compile (default-compile) @ wicket-util ---
[INFO] Nothing to compile - all classes are up to date
[INFO] 
[INFO] <<< clirr-maven-plugin:2.5:check (clirr-check) < compile @ wicket-util <<<
[INFO] 
[INFO] --- clirr-maven-plugin:2.5:check (clirr-check) @ wicket-util ---
[INFO] Comparing to version: 6.0.0
[INFO] Succeeded with 0 errors; 0 warnings; and 0 other changes.
[INFO] 
[INFO] --- maven-bundle-plugin:2.3.7:manifest (bundle-manifest) @ wicket-util ---
[WARNING] Manifest org.apache.wicket:wicket-util:jar:6.2.0-SNAPSHOT : Did not find matching referal for org.apache.wicket*
[INFO] 
[INFO] --- maven-resources-plugin:2.6:testResources (default-testResources) @ wicket-util ---
[INFO] Using 'UTF-8' encoding to copy filtered resources.
[INFO] Copying 8 resources
[INFO] Copying 3 resources
[INFO] 
[INFO] --- maven-compiler-plugin:2.5.1:testCompile (default-testCompile) @ wicket-util ---
[INFO] Nothing to compile - all classes are up to date
[INFO] 
[INFO] --- maven-surefire-plugin:2.12.2:test (default-test) @ wicket-util ---
[INFO] Surefire report directory: /home/ylyu/dataset/wicket3/dataset/wicket/WICKET-4816_66bfc8851c0250c02ff6ee0af0f42407a7873ca5/wicket-util/target/surefire-reports
[INFO] Using configured provider org.apache.maven.surefire.junitcore.JUnitCoreProvider

-------------------------------------------------------
 T E S T S
-------------------------------------------------------
Concurrency config is parallel='none', perCoreThreadCount=true, threadCount=2, useUnlimitedThreads=false
Running org.apache.wicket.util.io.FullyBufferedReaderTest
Tests run: 6, Failures: 0, Errors: 0, Skipped: 0, Time elapsed: 0.003 sec
Running org.apache.wicket.util.io.LastModifiedTest
Tests run: 3, Failures: 0, Errors: 0, Skipped: 0, Time elapsed: 0.066 sec
Running org.apache.wicket.util.io.XmlReaderTest
Tests run: 7, Failures: 0, Errors: 0, Skipped: 0, Time elapsed: 0.002 sec
Running org.apache.wicket.util.size.BytesTest
Tests run: 4, Failures: 0, Errors: 0, Skipped: 0, Time elapsed: 0.006 sec
Running org.apache.wicket.util.string.interpolator.VariableInterpolatorTest
Tests run: 4, Failures: 0, Errors: 0, Skipped: 0, Time elapsed: 0 sec
Running org.apache.wicket.util.string.PrependingStringBufferTest
Tests run: 5, Failures: 0, Errors: 0, Skipped: 0, Time elapsed: 0 sec
Running org.apache.wicket.util.string.StringValueTest
Tests run: 7, Failures: 0, Errors: 0, Skipped: 0, Time elapsed: 0.002 sec
Running org.apache.wicket.util.string.AppendingStringBufferTest
Tests run: 7, Failures: 0, Errors: 0, Skipped: 0, Time elapsed: 0 sec
Running org.apache.wicket.util.string.StringListTest
Tests run: 8, Failures: 0, Errors: 0, Skipped: 0, Time elapsed: 0.003 sec
Running org.apache.wicket.util.value.ValueMapTest
Tests run: 6, Failures: 0, Errors: 0, Skipped: 0, Time elapsed: 0.002 sec
Running org.apache.wicket.util.value.LongValueTest
Tests run: 2, Failures: 0, Errors: 0, Skipped: 0, Time elapsed: 0 sec
Running org.apache.wicket.util.encoding.UrlEncoderTest
Tests run: 3, Failures: 0, Errors: 0, Skipped: 0, Time elapsed: 0.002 sec
Running org.apache.wicket.util.encoding.UrlDecoderTest
Tests run: 2, Failures: 0, Errors: 0, Skipped: 0, Time elapsed: 0.001 sec
Running org.apache.wicket.util.crypt.Base64Test
Tests run: 15, Failures: 0, Errors: 0, Skipped: 0, Time elapsed: 0.087 sec
Running org.apache.wicket.util.convert.converters.ConvertersTest
Tests run: 12, Failures: 0, Errors: 0, Skipped: 0, Time elapsed: 0.052 sec
Running org.apache.wicket.util.file.WebXmlFileTest
Tests run: 2, Failures: 0, Errors: 0, Skipped: 0, Time elapsed: 0.07 sec
Running org.apache.wicket.util.file.FilesTest
Tests run: 5, Failures: 0, Errors: 0, Skipped: 0, Time elapsed: 0.257 sec
Running org.apache.wicket.util.lang.ArgsTest
Tests run: 2, Failures: 0, Errors: 0, Skipped: 0, Time elapsed: 0.001 sec
Running org.apache.wicket.util.lang.NumbersTest
Tests run: 2, Failures: 0, Errors: 0, Skipped: 0, Time elapsed: 0 sec
Running org.apache.wicket.util.lang.PackagesTest
Tests run: 4, Failures: 0, Errors: 0, Skipped: 0, Time elapsed: 0 sec
Running org.apache.wicket.util.lang.ObjectsTest
Tests run: 1, Failures: 0, Errors: 0, Skipped: 0, Time elapsed: 0 sec
Running org.apache.wicket.util.lang.PrimitivesTest
Tests run: 2, Failures: 0, Errors: 0, Skipped: 0, Time elapsed: 0 sec
Running org.apache.wicket.util.lang.ClassesTest
Tests run: 2, Failures: 0, Errors: 0, Skipped: 0, Time elapsed: 0.002 sec
Running org.apache.wicket.util.lang.BytesTest
Tests run: 4, Failures: 0, Errors: 0, Skipped: 0, Time elapsed: 0.002 sec
Running org.apache.wicket.util.collections.MostRecentlyUsedMapTest
Tests run: 1, Failures: 0, Errors: 0, Skipped: 0, Time elapsed: 0.001 sec
Running org.apache.wicket.util.collections.ReverseListIteratorTest
Tests run: 1, Failures: 0, Errors: 0, Skipped: 0, Time elapsed: 0.001 sec
Running org.apache.wicket.util.collections.MicroMapTest
Tests run: 1, Failures: 0, Errors: 0, Skipped: 0, Time elapsed: 0.002 sec
Running org.apache.wicket.util.collections.MiniMapTest
Tests run: 1, Failures: 0, Errors: 0, Skipped: 0, Time elapsed: 0.001 sec
Running org.apache.wicket.util.LongEncoderTest
Tests run: 1, Failures: 0, Errors: 0, Skipped: 0, Time elapsed: 0.086 sec
Running org.apache.wicket.util.visit.ClassVisitFilterTest
Tests run: 1, Failures: 0, Errors: 0, Skipped: 0, Time elapsed: 0 sec
Running org.apache.wicket.util.visit.AllVisitFilterTest
Tests run: 1, Failures: 0, Errors: 0, Skipped: 0, Time elapsed: 0 sec
Running org.apache.wicket.util.time.TimeMapTest
Tests run: 1, Failures: 0, Errors: 0, Skipped: 0, Time elapsed: 0.003 sec
Running org.apache.wicket.util.time.DurationTest
Tests run: 5, Failures: 0, Errors: 0, Skipped: 0, Time elapsed: 1.501 sec
Running org.apache.wicket.util.time.TimeOfDayTest
Tests run: 1, Failures: 0, Errors: 0, Skipped: 0, Time elapsed: 0 sec
Running org.apache.wicket.util.time.TimeTest
Tests run: 1, Failures: 0, Errors: 0, Skipped: 0, Time elapsed: 0 sec
Running org.apache.wicket.util.time.TimeFrameTest
Tests run: 5, Failures: 0, Errors: 0, Skipped: 0, Time elapsed: 0.001 sec
Running org.apache.wicket.util.parse.metapattern.MetaPatternTest
Tests run: 5, Failures: 0, Errors: 0, Skipped: 0, Time elapsed: 0.006 sec
Running org.apache.wicket.util.string.StringsTest
Tests run: 23, Failures: 1, Errors: 0, Skipped: 0, Time elapsed: 0.047 sec <<< FAILURE!
Running org.apache.wicket.util.parse.metapattern.parsers.VariableAssignmentParserTest
Tests run: 1, Failures: 0, Errors: 0, Skipped: 0, Time elapsed: 0.001 sec

Results :

Failed tests:   stripJSessionId(org.apache.wicket.util.string.StringsTest): expected:<http://localhost/abc[;a=b;c=d]> but was:<http://localhost/abc[]>

Tests run: 164, Failures: 1, Errors: 0, Skipped: 0

[INFO] ------------------------------------------------------------------------
[INFO] BUILD FAILURE
[INFO] ------------------------------------------------------------------------
[INFO] Total time: 7.099 s
[INFO] Finished at: 2016-07-30T22:03:09-07:00
[INFO] Final Memory: 23M/606M
[INFO] ------------------------------------------------------------------------
[ERROR] Failed to execute goal org.apache.maven.plugins:maven-surefire-plugin:2.12.2:test (default-test) on project wicket-util: There are test failures.
[ERROR] 
[ERROR] Please refer to /home/ylyu/dataset/wicket3/dataset/wicket/WICKET-4816_66bfc8851c0250c02ff6ee0af0f42407a7873ca5/wicket-util/target/surefire-reports for the individual test results.
[ERROR] -> [Help 1]
[ERROR] 
[ERROR] To see the full stack trace of the errors, re-run Maven with the -e switch.
[ERROR] Re-run Maven using the -X switch to enable full debug logging.
[ERROR] 
[ERROR] For more information about the errors and possible solutions, please read the following articles:
[ERROR] [Help 1] http://cwiki.apache.org/confluence/display/MAVEN/MojoFailureException
