[INFO] Scanning for projects...
[INFO]                                                                         
[INFO] ------------------------------------------------------------------------
[INFO] Building flink-runtime 0.9-SNAPSHOT
[INFO] ------------------------------------------------------------------------
[INFO] 
[INFO] --- maven-checkstyle-plugin:2.12.1:check (validate) @ flink-runtime ---
[INFO] 
[INFO] 
[INFO] --- maven-enforcer-plugin:1.3.1:enforce (enforce-maven) @ flink-runtime ---
[INFO] 
[INFO] --- git-commit-id-plugin:2.1.5:revision (default) @ flink-runtime ---
[info] 
[info] 
[INFO] 
[INFO] --- build-helper-maven-plugin:1.7:add-source (add-source) @ flink-runtime ---
[INFO] Source directory: /space/parallel/flink/flink9/dataset/flink/FLINK-1705_5308ac8325a5b31627023bfd002a9a3757d15c1f/flink-runtime/src/main/scala added.
[INFO] 
[INFO] --- maven-remote-resources-plugin:1.5:process (default) @ flink-runtime ---
[INFO] 
[INFO] --- maven-resources-plugin:2.6:resources (default-resources) @ flink-runtime ---
[INFO] Using 'UTF-8' encoding to copy filtered resources.
[INFO] Copying 63 resources
[INFO] Copying 3 resources
[INFO] 
[INFO] --- scala-maven-plugin:3.1.4:compile (scala-compile-first) @ flink-runtime ---
[INFO] Nothing to compile - all classes are up to date
[INFO] 
[INFO] --- maven-compiler-plugin:3.1:compile (default-compile) @ flink-runtime ---
[INFO] Nothing to compile - all classes are up to date
[INFO] 
[INFO] --- build-helper-maven-plugin:1.7:add-test-source (add-test-source) @ flink-runtime ---
[INFO] Test Source directory: /space/parallel/flink/flink9/dataset/flink/FLINK-1705_5308ac8325a5b31627023bfd002a9a3757d15c1f/flink-runtime/src/test/scala added.
[INFO] 
[INFO] --- maven-resources-plugin:2.6:testResources (default-testResources) @ flink-runtime ---
[INFO] Using 'UTF-8' encoding to copy filtered resources.
[INFO] Copying 2 resources
[INFO] Copying 3 resources
[INFO] 
[INFO] --- scala-maven-plugin:3.1.4:testCompile (scala-test-compile) @ flink-runtime ---
[INFO] Nothing to compile - all classes are up to date
[INFO] 
[INFO] --- maven-compiler-plugin:3.1:testCompile (default-testCompile) @ flink-runtime ---
[INFO] Nothing to compile - all classes are up to date
[INFO] 
[INFO] --- maven-surefire-plugin:2.17:test (default-test) @ flink-runtime ---
[INFO] Surefire report directory: /space/parallel/flink/flink9/dataset/flink/FLINK-1705_5308ac8325a5b31627023bfd002a9a3757d15c1f/flink-runtime/target/surefire-reports

-------------------------------------------------------
 T E S T S
-------------------------------------------------------

-------------------------------------------------------
 T E S T S
-------------------------------------------------------
Running org.apache.flink.runtime.operators.drivers.AllGroupReduceDriverTest
Running org.apache.flink.runtime.operators.hash.MemoryHashTableTest
Running org.apache.flink.runtime.operators.MapTaskTest
Running org.apache.flink.runtime.operators.CoGroupTaskTest
Running org.apache.flink.runtime.operators.drivers.ReduceDriverTest
Running org.apache.flink.runtime.operators.drivers.ReduceCombineDriverTest
Running org.apache.flink.runtime.operators.chaining.ChainTaskTest
Running org.apache.flink.runtime.operators.drivers.AllReduceDriverTest
Running org.apache.flink.runtime.operators.drivers.GroupReduceDriverTest
Running org.apache.flink.runtime.operators.resettable.SpillingResettableIteratorTest
Running org.apache.flink.runtime.operators.resettable.SpillingResettableMutableObjectIteratorTest
Running org.apache.flink.runtime.operators.resettable.ReusingBlockResettableIteratorTest
Running org.apache.flink.runtime.operators.resettable.BlockResettableMutableObjectIteratorTest
Running org.apache.flink.runtime.operators.resettable.NonReusingBlockResettableIteratorTest
Running org.apache.flink.runtime.operators.CombineTaskTest
Running org.apache.flink.runtime.operators.MatchTaskTest
Running org.apache.flink.runtime.operators.DataSinkTaskTest
Running org.apache.flink.runtime.operators.CachedMatchTaskTest
Running org.apache.flink.runtime.operators.sort.FixedLengthRecordSorterTest
Running org.apache.flink.runtime.operators.sort.MergeIteratorTest
Running org.apache.flink.runtime.operators.sort.LargeRecordHandlerTest
Running org.apache.flink.runtime.operators.sort.NormalizedKeySorterTest
Running org.apache.flink.runtime.operators.util.RecordOutputEmitterTest
Running org.apache.flink.runtime.operators.util.OutputEmitterTest
Tests run: 3, Failures: 0, Errors: 0, Skipped: 0, Time elapsed: 0.628 sec - in org.apache.flink.runtime.operators.sort.MergeIteratorTest
Running org.apache.flink.runtime.operators.DataSourceTaskTest
Tests run: 3, Failures: 0, Errors: 0, Skipped: 0, Time elapsed: 2.217 sec - in org.apache.flink.runtime.operators.drivers.ReduceCombineDriverTest
Running org.apache.flink.runtime.operators.ReduceTaskTest
Tests run: 3, Failures: 0, Errors: 0, Skipped: 0, Time elapsed: 2.703 sec - in org.apache.flink.runtime.operators.drivers.AllGroupReduceDriverTest
Running org.apache.flink.runtime.operators.CrossTaskTest
Tests run: 3, Failures: 0, Errors: 0, Skipped: 0, Time elapsed: 2.911 sec - in org.apache.flink.runtime.operators.drivers.AllReduceDriverTest
Running org.apache.flink.runtime.fs.s3.S3FileSystemTest
Tests run: 5, Failures: 0, Errors: 0, Skipped: 0, Time elapsed: 0.086 sec - in org.apache.flink.runtime.fs.s3.S3FileSystemTest
Running org.apache.flink.runtime.memory.MemorySegmentTest
Tests run: 3, Failures: 0, Errors: 0, Skipped: 0, Time elapsed: 3.194 sec - in org.apache.flink.runtime.operators.drivers.ReduceDriverTest
Running org.apache.flink.runtime.memory.DefaultMemoryManagerTest
Tests run: 4, Failures: 0, Errors: 0, Skipped: 0, Time elapsed: 3.348 sec - in org.apache.flink.runtime.operators.resettable.SpillingResettableIteratorTest
Running org.apache.flink.runtime.iterative.event.EventWithAggregatorsTest
Tests run: 3, Failures: 0, Errors: 0, Skipped: 0, Time elapsed: 3.205 sec - in org.apache.flink.runtime.operators.resettable.NonReusingBlockResettableIteratorTest
Running org.apache.flink.runtime.iterative.concurrent.SuperstepBarrierTest
Tests run: 2, Failures: 0, Errors: 0, Skipped: 0, Time elapsed: 0.111 sec - in org.apache.flink.runtime.iterative.event.EventWithAggregatorsTest
Running org.apache.flink.runtime.iterative.concurrent.BlockingBackChannelTest
Tests run: 5, Failures: 0, Errors: 0, Skipped: 0, Time elapsed: 3.571 sec - in org.apache.flink.runtime.operators.drivers.GroupReduceDriverTest
Running org.apache.flink.runtime.iterative.concurrent.BrokerTest
Tests run: 4, Failures: 0, Errors: 0, Skipped: 0, Time elapsed: 0.542 sec - in org.apache.flink.runtime.memory.DefaultMemoryManagerTest
Running org.apache.flink.runtime.iterative.concurrent.SuperstepKickoffLatchTest
Tests run: 7, Failures: 0, Errors: 0, Skipped: 0, Time elapsed: 3.024 sec - in org.apache.flink.runtime.operators.util.OutputEmitterTest
Running org.apache.flink.runtime.net.NetUtilsTest
Tests run: 3, Failures: 0, Errors: 0, Skipped: 0, Time elapsed: 3.866 sec - in org.apache.flink.runtime.operators.resettable.ReusingBlockResettableIteratorTest
Running org.apache.flink.runtime.blob.BlobCacheRetriesTest
Tests run: 5, Failures: 0, Errors: 0, Skipped: 0, Time elapsed: 0.47 sec - in org.apache.flink.runtime.iterative.concurrent.SuperstepKickoffLatchTest
Running org.apache.flink.runtime.blob.BlobServerGetTest
Tests run: 3, Failures: 0, Errors: 0, Skipped: 0, Time elapsed: 4.251 sec - in org.apache.flink.runtime.operators.resettable.BlockResettableMutableObjectIteratorTest
Tests run: 6, Failures: 0, Errors: 0, Skipped: 0, Time elapsed: 4.488 sec - in org.apache.flink.runtime.operators.MapTaskTest
Running org.apache.flink.runtime.blob.BlobKeyTest
Running org.apache.flink.runtime.blob.BlobServerPutTest
Tests run: 4, Failures: 0, Errors: 0, Skipped: 0, Time elapsed: 0.026 sec - in org.apache.flink.runtime.blob.BlobKeyTest
Running org.apache.flink.runtime.blob.BlobUtilsTest
Tests run: 2, Failures: 0, Errors: 0, Skipped: 0, Time elapsed: 0.524 sec - in org.apache.flink.runtime.blob.BlobCacheRetriesTest
Running org.apache.flink.runtime.blob.BlobClientTest
Tests run: 2, Failures: 0, Errors: 0, Skipped: 0, Time elapsed: 1.239 sec - in org.apache.flink.runtime.iterative.concurrent.SuperstepBarrierTest
Running org.apache.flink.runtime.blob.BlobServerDeleteTest
Tests run: 1, Failures: 0, Errors: 0, Skipped: 0, Time elapsed: 1.208 sec - in org.apache.flink.runtime.iterative.concurrent.BlockingBackChannelTest
Running org.apache.flink.runtime.blob.BlobCacheSuccessTest
Tests run: 2, Failures: 0, Errors: 0, Skipped: 0, Time elapsed: 0.214 sec - in org.apache.flink.runtime.blob.BlobUtilsTest
Running org.apache.flink.runtime.filecache.FileCacheDeleteValidationTest
Tests run: 1, Failures: 0, Errors: 0, Skipped: 0, Time elapsed: 0.282 sec - in org.apache.flink.runtime.blob.BlobCacheSuccessTest
Running org.apache.flink.runtime.jobgraph.JobGraphTest
Tests run: 2, Failures: 0, Errors: 0, Skipped: 0, Time elapsed: 4.996 sec - in org.apache.flink.runtime.operators.resettable.SpillingResettableMutableObjectIteratorTest
Running org.apache.flink.runtime.jobgraph.JobTaskVertexTest
Tests run: 2, Failures: 0, Errors: 0, Skipped: 0, Time elapsed: 0.92 sec - in org.apache.flink.runtime.blob.BlobServerGetTest
Running org.apache.flink.runtime.jobgraph.JobIdTest
Tests run: 1, Failures: 0, Errors: 0, Skipped: 0, Time elapsed: 0.003 sec - in org.apache.flink.runtime.jobgraph.JobIdTest
Running org.apache.flink.runtime.event.task.TaskEventTest
Tests run: 6, Failures: 0, Errors: 0, Skipped: 0, Time elapsed: 0.182 sec - in org.apache.flink.runtime.jobgraph.JobGraphTest
Running org.apache.flink.runtime.executiongraph.ExecutionStateProgressTest
Tests run: 4, Failures: 0, Errors: 0, Skipped: 0, Time elapsed: 0.09 sec - in org.apache.flink.runtime.jobgraph.JobTaskVertexTest
Running org.apache.flink.runtime.executiongraph.ExecutionVertexSchedulingTest
Tests run: 3, Failures: 0, Errors: 0, Skipped: 0, Time elapsed: 0.079 sec - in org.apache.flink.runtime.event.task.TaskEventTest
Running org.apache.flink.runtime.executiongraph.ExecutionGraphDeploymentTest
Tests run: 9, Failures: 0, Errors: 0, Skipped: 0, Time elapsed: 2.317 sec - in org.apache.flink.runtime.memory.MemorySegmentTest
Running org.apache.flink.runtime.executiongraph.VertexSlotSharingTest
Tests run: 1, Failures: 0, Errors: 0, Skipped: 0, Time elapsed: 2.333 sec - in org.apache.flink.runtime.iterative.concurrent.BrokerTest
Running org.apache.flink.runtime.executiongraph.PointwisePatternTest
Tests run: 6, Failures: 0, Errors: 0, Skipped: 0, Time elapsed: 5.677 sec - in org.apache.flink.runtime.operators.CombineTaskTest
Running org.apache.flink.runtime.executiongraph.ExecutionVertexCancelTest
Tests run: 5, Failures: 0, Errors: 0, Skipped: 0, Time elapsed: 1.339 sec - in org.apache.flink.runtime.blob.BlobServerDeleteTest
Running org.apache.flink.runtime.executiongraph.AllVerticesIteratorTest
Tests run: 1, Failures: 0, Errors: 0, Skipped: 0, Time elapsed: 1.19 sec - in org.apache.flink.runtime.executiongraph.VertexSlotSharingTest
Running org.apache.flink.runtime.executiongraph.ExecutionGraphConstructionTest
Tests run: 1, Failures: 0, Errors: 0, Skipped: 0, Time elapsed: 3.114 sec - in org.apache.flink.runtime.net.NetUtilsTest
Tests run: 8, Failures: 0, Errors: 0, Skipped: 0, Time elapsed: 0.475 sec - in org.apache.flink.runtime.executiongraph.ExecutionGraphConstructionTest
Running org.apache.flink.runtime.executiongraph.ExecutionVertexDeploymentTest
Running org.apache.flink.runtime.executiongraph.VertexLocationConstraintTest
Tests run: 7, Failures: 0, Errors: 0, Skipped: 0, Time elapsed: 2.536 sec - in org.apache.flink.runtime.executiongraph.PointwisePatternTest
Running org.apache.flink.runtime.executiongraph.LocalInputSplitsTest
Tests run: 1, Failures: 0, Errors: 0, Skipped: 0, Time elapsed: 2.551 sec - in org.apache.flink.runtime.executiongraph.AllVerticesIteratorTest
Running org.apache.flink.runtime.profiling.impl.InstanceProfilerTest
Tests run: 1, Failures: 0, Errors: 0, Skipped: 0, Time elapsed: 4.833 sec - in org.apache.flink.runtime.executiongraph.ExecutionStateProgressTest
Running org.apache.flink.runtime.profiling.types.ProfilingTypesTest
Tests run: 3, Failures: 0, Errors: 0, Skipped: 0, Time elapsed: 0.002 sec - in org.apache.flink.runtime.profiling.types.ProfilingTypesTest
Running org.apache.flink.runtime.jobmanager.JobManagerProcessReapingTest
Tests run: 18, Failures: 0, Errors: 0, Skipped: 0, Time elapsed: 10.357 sec - in org.apache.flink.runtime.operators.CoGroupTaskTest
Running org.apache.flink.runtime.jobmanager.JobManagerStartupTest
Tests run: 12, Failures: 0, Errors: 0, Skipped: 0, Time elapsed: 8.157 sec - in org.apache.flink.runtime.operators.ReduceTaskTest
Running org.apache.flink.runtime.jobmanager.JobManagerConnectionTest
Tests run: 3, Failures: 0, Errors: 0, Skipped: 0, Time elapsed: 5.87 sec - in org.apache.flink.runtime.executiongraph.ExecutionVertexSchedulingTest
Running org.apache.flink.runtime.jobmanager.JobManagerTest
Tests run: 1, Failures: 0, Errors: 0, Skipped: 0, Time elapsed: 0.007 sec - in org.apache.flink.runtime.jobmanager.JobManagerTest
Running org.apache.flink.runtime.jobmanager.scheduler.SchedulerSlotSharingTest
Tests run: 7, Failures: 0, Errors: 0, Skipped: 0, Time elapsed: 4.26 sec - in org.apache.flink.runtime.executiongraph.ExecutionVertexDeploymentTest
Running org.apache.flink.runtime.jobmanager.scheduler.SlotAllocationFutureTest
Tests run: 3, Failures: 0, Errors: 0, Skipped: 0, Time elapsed: 0.04 sec - in org.apache.flink.runtime.jobmanager.scheduler.SlotAllocationFutureTest
Running org.apache.flink.runtime.jobmanager.scheduler.SetQueueTest
Tests run: 2, Failures: 0, Errors: 0, Skipped: 0, Time elapsed: 0.003 sec - in org.apache.flink.runtime.jobmanager.scheduler.SetQueueTest
Running org.apache.flink.runtime.jobmanager.scheduler.ScheduleWithCoLocationHintTest
Tests run: 9, Failures: 0, Errors: 0, Skipped: 0, Time elapsed: 0.907 sec - in org.apache.flink.runtime.jobmanager.scheduler.ScheduleWithCoLocationHintTest
Running org.apache.flink.runtime.jobmanager.scheduler.SchedulerIsolatedTasksTest
Tests run: 8, Failures: 0, Errors: 0, Skipped: 0, Time elapsed: 11.924 sec - in org.apache.flink.runtime.operators.util.RecordOutputEmitterTest
Running org.apache.flink.runtime.jobmanager.scheduler.LifoSetQueueTest
Tests run: 7, Failures: 0, Errors: 0, Skipped: 0, Time elapsed: 4.124 sec - in org.apache.flink.runtime.executiongraph.LocalInputSplitsTest
Running org.apache.flink.runtime.jobmanager.scheduler.SharedSlotsTest
Tests run: 2, Failures: 0, Errors: 0, Skipped: 0, Time elapsed: 0.261 sec - in org.apache.flink.runtime.jobmanager.scheduler.LifoSetQueueTest
Running org.apache.flink.runtime.jobmanager.JobSubmitTest
Tests run: 2, Failures: 0, Errors: 0, Skipped: 0, Time elapsed: 0.094 sec - in org.apache.flink.runtime.jobmanager.scheduler.SharedSlotsTest
Running org.apache.flink.runtime.taskmanager.TaskExecutionStateTest
Tests run: 22, Failures: 0, Errors: 0, Skipped: 0, Time elapsed: 12.56 sec - in org.apache.flink.runtime.operators.CachedMatchTaskTest
Running org.apache.flink.runtime.taskmanager.TaskManagerTest
Tests run: 2, Failures: 0, Errors: 0, Skipped: 0, Time elapsed: 0.169 sec - in org.apache.flink.runtime.taskmanager.TaskExecutionStateTest
Running org.apache.flink.runtime.taskmanager.TaskTest
Tests run: 5, Failures: 0, Errors: 0, Skipped: 0, Time elapsed: 8.691 sec - in org.apache.flink.runtime.blob.BlobServerPutTest
Running org.apache.flink.runtime.taskmanager.TaskManagerProcessReapingTest
Tests run: 32, Failures: 0, Errors: 0, Skipped: 0, Time elapsed: 10.615 sec - in org.apache.flink.runtime.operators.CrossTaskTest
Running org.apache.flink.runtime.deployment.TaskDeploymentDescriptorTest
Tests run: 1, Failures: 0, Errors: 0, Skipped: 0, Time elapsed: 0.165 sec - in org.apache.flink.runtime.deployment.TaskDeploymentDescriptorTest
Running org.apache.flink.runtime.execution.librarycache.BlobLibraryCacheManagerTest
Tests run: 6, Failures: 0, Errors: 0, Skipped: 0, Time elapsed: 0.731 sec - in org.apache.flink.runtime.taskmanager.TaskTest
Running org.apache.flink.runtime.util.MathUtilTest
Tests run: 3, Failures: 0, Errors: 0, Skipped: 0, Time elapsed: 0.009 sec - in org.apache.flink.runtime.util.MathUtilTest
Running org.apache.flink.runtime.util.ReusingKeyGroupedIteratorTest
Tests run: 4, Failures: 0, Errors: 0, Skipped: 0, Time elapsed: 0.076 sec - in org.apache.flink.runtime.util.ReusingKeyGroupedIteratorTest
Running org.apache.flink.runtime.util.AtomicDisposableReferenceCounterTest
Tests run: 2, Failures: 0, Errors: 0, Skipped: 0, Time elapsed: 0.102 sec - in org.apache.flink.runtime.util.AtomicDisposableReferenceCounterTest
Running org.apache.flink.runtime.util.LRUCacheMapTest
Tests run: 5, Failures: 0, Errors: 0, Skipped: 0, Time elapsed: 0.022 sec - in org.apache.flink.runtime.util.LRUCacheMapTest
Running org.apache.flink.runtime.util.event.TaskEventHandlerTest
Tests run: 1, Failures: 0, Errors: 0, Skipped: 0, Time elapsed: 0.215 sec - in org.apache.flink.runtime.util.event.TaskEventHandlerTest
Running org.apache.flink.runtime.util.DataInputOutputSerializerTest
Tests run: 6, Failures: 0, Errors: 0, Skipped: 0, Time elapsed: 7.059 sec - in org.apache.flink.runtime.executiongraph.VertexLocationConstraintTest
Running org.apache.flink.runtime.util.NonReusingKeyGroupedIteratorTest
Tests run: 4, Failures: 0, Errors: 0, Skipped: 0, Time elapsed: 0.07 sec - in org.apache.flink.runtime.util.NonReusingKeyGroupedIteratorTest
Tests run: 11, Failures: 0, Errors: 0, Skipped: 0, Time elapsed: 8.234 sec - in org.apache.flink.runtime.executiongraph.ExecutionVertexCancelTest
Running org.apache.flink.runtime.util.DelegatingConfigurationTest
Tests run: 12, Failures: 0, Errors: 0, Skipped: 0, Time elapsed: 3.133 sec - in org.apache.flink.runtime.jobmanager.scheduler.SchedulerSlotSharingTest
Running org.apache.flink.runtime.util.EnvironmentInformationTest
Running org.apache.flink.runtime.instance.HardwareTest
Tests run: 2, Failures: 0, Errors: 0, Skipped: 0, Time elapsed: 0.004 sec - in org.apache.flink.runtime.instance.HardwareTest
Running org.apache.flink.runtime.instance.InstanceTest
Tests run: 4, Failures: 0, Errors: 0, Skipped: 0, Time elapsed: 0.01 sec - in org.apache.flink.runtime.instance.InstanceTest
Running org.apache.flink.runtime.instance.SimpleSlotTest
Tests run: 1, Failures: 0, Errors: 0, Skipped: 0, Time elapsed: 0.07 sec - in org.apache.flink.runtime.util.DelegatingConfigurationTest
Running org.apache.flink.runtime.instance.InstanceConnectionInfoTest
Tests run: 3, Failures: 0, Errors: 0, Skipped: 0, Time elapsed: 0.147 sec - in org.apache.flink.runtime.instance.SimpleSlotTest
Running org.apache.flink.runtime.instance.InstanceManagerTest
Tests run: 6, Failures: 1, Errors: 0, Skipped: 0, Time elapsed: 0.422 sec <<< FAILURE! - in org.apache.flink.runtime.instance.InstanceConnectionInfoTest
testGetHostname2(org.apache.flink.runtime.instance.InstanceConnectionInfoTest)  Time elapsed: 0.008 sec  <<< FAILURE!
java.lang.AssertionError: null
	at org.junit.Assert.fail(Assert.java:86)
	at org.junit.Assert.assertTrue(Assert.java:41)
	at org.junit.Assert.assertTrue(Assert.java:52)
	at org.apache.flink.runtime.instance.InstanceConnectionInfoTest.testGetHostname2(InstanceConnectionInfoTest.java:192)

Running org.apache.flink.runtime.types.StringRecordTest
Tests run: 1, Failures: 0, Errors: 0, Skipped: 0, Time elapsed: 10.148 sec - in org.apache.flink.runtime.filecache.FileCacheDeleteValidationTest
Tests run: 4, Failures: 0, Errors: 0, Skipped: 0, Time elapsed: 0.509 sec - in org.apache.flink.runtime.instance.InstanceManagerTest
Running org.apache.flink.runtime.types.TypeTest
Running org.apache.flink.runtime.io.disk.iomanager.IOManagerAsyncTest
Tests run: 2, Failures: 0, Errors: 0, Skipped: 0, Time elapsed: 0.009 sec - in org.apache.flink.runtime.types.TypeTest
Running org.apache.flink.runtime.io.disk.iomanager.IOManagerTest
Tests run: 1, Failures: 0, Errors: 0, Skipped: 0, Time elapsed: 0.023 sec - in org.apache.flink.runtime.io.disk.iomanager.IOManagerTest
Running org.apache.flink.runtime.io.disk.iomanager.AsynchronousFileIOChannelsTest
Tests run: 2, Failures: 0, Errors: 0, Skipped: 0, Time elapsed: 0.197 sec - in org.apache.flink.runtime.io.disk.iomanager.AsynchronousFileIOChannelsTest
Tests run: 3, Failures: 0, Errors: 0, Skipped: 0, Time elapsed: 0.407 sec - in org.apache.flink.runtime.types.StringRecordTest
Running org.apache.flink.runtime.io.disk.SeekableFileChannelInputViewTest
Running org.apache.flink.runtime.io.disk.ChannelViewsTest
Tests run: 1, Failures: 0, Errors: 0, Skipped: 0, Time elapsed: 1.835 sec - in org.apache.flink.runtime.execution.librarycache.BlobLibraryCacheManagerTest
Running org.apache.flink.runtime.io.disk.FileChannelStreamsTest
Tests run: 2, Failures: 0, Errors: 0, Skipped: 0, Time elapsed: 0.101 sec - in org.apache.flink.runtime.io.disk.FileChannelStreamsTest
Running org.apache.flink.runtime.io.disk.SpillingBufferTest
Tests run: 1, Failures: 0, Errors: 0, Skipped: 0, Time elapsed: 0.585 sec - in org.apache.flink.runtime.io.disk.SeekableFileChannelInputViewTest
Running org.apache.flink.runtime.io.network.DefaultChannelSelectorTest
Tests run: 1, Failures: 0, Errors: 0, Skipped: 0, Time elapsed: 0.022 sec - in org.apache.flink.runtime.io.network.DefaultChannelSelectorTest
Running org.apache.flink.runtime.io.network.netty.PartitionRequestClientFactoryTest
Tests run: 3, Failures: 0, Errors: 0, Skipped: 0, Time elapsed: 7.607 sec - in org.apache.flink.runtime.profiling.impl.InstanceProfilerTest
Running org.apache.flink.runtime.io.network.netty.PartitionRequestClientHandlerTest
Tests run: 5, Failures: 0, Errors: 0, Skipped: 0, Time elapsed: 4.036 sec - in org.apache.flink.runtime.jobmanager.scheduler.SchedulerIsolatedTasksTest
Running org.apache.flink.runtime.io.network.netty.NettyMessageSerializationTest
Tests run: 4, Failures: 0, Errors: 0, Skipped: 0, Time elapsed: 11.724 sec - in org.apache.flink.runtime.blob.BlobClientTest
Running org.apache.flink.runtime.io.network.partition.consumer.UnionInputGateTest
Tests run: 3, Failures: 0, Errors: 0, Skipped: 0, Time elapsed: 16.206 sec - in org.apache.flink.runtime.operators.sort.LargeRecordHandlerTest
Running org.apache.flink.runtime.io.network.partition.consumer.SingleInputGateTest
Tests run: 1, Failures: 0, Errors: 0, Skipped: 0, Time elapsed: 0.656 sec - in org.apache.flink.runtime.io.network.netty.PartitionRequestClientHandlerTest
Running org.apache.flink.runtime.io.network.partition.queue.PipelinedPartitionQueueTest
Tests run: 6, Failures: 0, Errors: 0, Skipped: 0, Time elapsed: 2.875 sec - in org.apache.flink.runtime.io.disk.iomanager.IOManagerAsyncTest
Running org.apache.flink.runtime.io.network.api.reader.BufferReaderTest
Tests run: 3, Failures: 0, Errors: 0, Skipped: 0, Time elapsed: 3.841 sec - in org.apache.flink.runtime.util.EnvironmentInformationTest
Running org.apache.flink.runtime.io.network.api.reader.AbstractReaderTest
Tests run: 2, Failures: 0, Errors: 0, Skipped: 0, Time elapsed: 4.189 sec - in org.apache.flink.runtime.util.DataInputOutputSerializerTest
Running org.apache.flink.runtime.io.network.api.serialization.PagedViewsTest
Tests run: 1, Failures: 0, Errors: 0, Skipped: 0, Time elapsed: 1.903 sec - in org.apache.flink.runtime.io.network.partition.consumer.UnionInputGateTest
Running org.apache.flink.runtime.io.network.api.serialization.SpanningRecordSerializationTest
Tests run: 2, Failures: 0, Errors: 0, Skipped: 0, Time elapsed: 8.1 sec - in org.apache.flink.runtime.jobmanager.JobManagerStartupTest
Running org.apache.flink.runtime.io.network.api.serialization.SpanningRecordSerializerTest
Tests run: 4, Failures: 0, Errors: 0, Skipped: 0, Time elapsed: 0.542 sec - in org.apache.flink.runtime.io.network.api.reader.AbstractReaderTest
Running org.apache.flink.runtime.io.network.api.serialization.EventSerializerTest
Tests run: 1, Failures: 0, Errors: 0, Skipped: 0, Time elapsed: 2.886 sec - in org.apache.flink.runtime.io.network.netty.PartitionRequestClientFactoryTest
Tests run: 1, Failures: 0, Errors: 0, Skipped: 0, Time elapsed: 0.032 sec - in org.apache.flink.runtime.io.network.api.serialization.EventSerializerTest
Running org.apache.flink.runtime.io.network.buffer.LocalBufferPoolTest
Tests run: 1, Failures: 0, Errors: 0, Skipped: 0, Time elapsed: 2.432 sec - in org.apache.flink.runtime.io.network.netty.NettyMessageSerializationTest
Tests run: 1, Failures: 0, Errors: 0, Skipped: 0, Time elapsed: 2.138 sec - in org.apache.flink.runtime.io.network.partition.consumer.SingleInputGateTest
Running org.apache.flink.runtime.io.network.serialization.LargeRecordsTest
Running org.apache.flink.runtime.io.network.buffer.BufferTest
Running org.apache.flink.runtime.io.network.buffer.BufferPoolFactoryTest
Tests run: 2, Failures: 0, Errors: 0, Skipped: 0, Time elapsed: 0.168 sec - in org.apache.flink.runtime.io.network.buffer.BufferTest
Tests run: 7, Failures: 0, Errors: 0, Skipped: 0, Time elapsed: 0.194 sec - in org.apache.flink.runtime.io.network.buffer.BufferPoolFactoryTest
Tests run: 2, Failures: 0, Errors: 0, Skipped: 0, Time elapsed: 6.786 sec - in org.apache.flink.runtime.jobmanager.JobSubmitTest
Tests run: 9, Failures: 0, Errors: 0, Skipped: 0, Time elapsed: 1.104 sec - in org.apache.flink.runtime.io.network.buffer.LocalBufferPoolTest
Tests run: 2, Failures: 0, Errors: 0, Skipped: 0, Time elapsed: 10.645 sec - in org.apache.flink.runtime.jobmanager.JobManagerConnectionTest
Tests run: 4, Failures: 0, Errors: 0, Skipped: 0, Time elapsed: 5.834 sec - in org.apache.flink.runtime.io.disk.SpillingBufferTest
Tests run: 4, Failures: 0, Errors: 0, Skipped: 0, Time elapsed: 3.297 sec - in org.apache.flink.runtime.io.network.api.serialization.SpanningRecordSerializationTest
Tests run: 10, Failures: 0, Errors: 0, Skipped: 0, Time elapsed: 5.184 sec - in org.apache.flink.runtime.io.network.partition.queue.PipelinedPartitionQueueTest
Tests run: 46, Failures: 0, Errors: 0, Skipped: 0, Time elapsed: 21.897 sec - in org.apache.flink.runtime.operators.MatchTaskTest
Tests run: 6, Failures: 0, Errors: 0, Skipped: 0, Time elapsed: 17.79 sec - in org.apache.flink.runtime.executiongraph.ExecutionGraphDeploymentTest
Tests run: 6, Failures: 0, Errors: 0, Skipped: 0, Time elapsed: 4.654 sec - in org.apache.flink.runtime.io.network.api.serialization.SpanningRecordSerializerTest
Tests run: 10, Failures: 0, Errors: 0, Skipped: 0, Time elapsed: 5.703 sec - in org.apache.flink.runtime.io.network.api.serialization.PagedViewsTest
Tests run: 2, Failures: 0, Errors: 0, Skipped: 0, Time elapsed: 7.056 sec - in org.apache.flink.runtime.io.network.api.reader.BufferReaderTest
Tests run: 1, Failures: 0, Errors: 0, Skipped: 0, Time elapsed: 14.82 sec - in org.apache.flink.runtime.jobmanager.JobManagerProcessReapingTest
Tests run: 2, Failures: 0, Errors: 0, Skipped: 0, Time elapsed: 25.375 sec - in org.apache.flink.runtime.operators.chaining.ChainTaskTest
Tests run: 6, Failures: 0, Errors: 0, Skipped: 0, Time elapsed: 25.959 sec - in org.apache.flink.runtime.operators.sort.FixedLengthRecordSorterTest
Tests run: 5, Failures: 0, Errors: 0, Skipped: 0, Time elapsed: 14.167 sec - in org.apache.flink.runtime.taskmanager.TaskManagerTest
Tests run: 1, Failures: 0, Errors: 0, Skipped: 0, Time elapsed: 16.498 sec - in org.apache.flink.runtime.taskmanager.TaskManagerProcessReapingTest
Tests run: 14, Failures: 0, Errors: 0, Skipped: 0, Time elapsed: 30.7 sec - in org.apache.flink.runtime.operators.hash.MemoryHashTableTest
Tests run: 3, Failures: 0, Errors: 0, Skipped: 0, Time elapsed: 32.143 sec - in org.apache.flink.runtime.operators.DataSourceTaskTest
Tests run: 7, Failures: 0, Errors: 0, Skipped: 0, Time elapsed: 41.7 sec - in org.apache.flink.runtime.operators.DataSinkTaskTest
Tests run: 2, Failures: 0, Errors: 0, Skipped: 0, Time elapsed: 28.486 sec - in org.apache.flink.runtime.io.network.serialization.LargeRecordsTest
Tests run: 8, Failures: 0, Errors: 0, Skipped: 0, Time elapsed: 54.734 sec - in org.apache.flink.runtime.operators.sort.NormalizedKeySorterTest
Tests run: 6, Failures: 0, Errors: 0, Skipped: 0, Time elapsed: 55.444 sec - in org.apache.flink.runtime.io.disk.ChannelViewsTest

Results :

Failed tests: 
  InstanceConnectionInfoTest.testGetHostname2:192 null

Tests run: 562, Failures: 1, Errors: 0, Skipped: 0

[INFO] ------------------------------------------------------------------------
[INFO] BUILD FAILURE
[INFO] ------------------------------------------------------------------------
[INFO] Total time: 01:19 min
[INFO] Finished at: 2016-07-15T06:59:35-07:00
[INFO] Final Memory: 32M/2476M
[INFO] ------------------------------------------------------------------------
[ERROR] Failed to execute goal org.apache.maven.plugins:maven-surefire-plugin:2.17:test (default-test) on project flink-runtime: There are test failures.
[ERROR] 
[ERROR] Please refer to /space/parallel/flink/flink9/dataset/flink/FLINK-1705_5308ac8325a5b31627023bfd002a9a3757d15c1f/flink-runtime/target/surefire-reports for the individual test results.
[ERROR] -> [Help 1]
[ERROR] 
[ERROR] To see the full stack trace of the errors, re-run Maven with the -e switch.
[ERROR] Re-run Maven using the -X switch to enable full debug logging.
[ERROR] 
[ERROR] For more information about the errors and possible solutions, please read the following articles:
[ERROR] [Help 1] http://cwiki.apache.org/confluence/display/MAVEN/MojoFailureException
