[INFO] Scanning for projects...
[INFO]                                                                         
[INFO] ------------------------------------------------------------------------
[INFO] Building Apache Log4j Core 2.4-SNAPSHOT
[INFO] ------------------------------------------------------------------------
[INFO] 
[INFO] --- maven-remote-resources-plugin:1.1:process (default) @ log4j-core ---
[INFO] Setting property: classpath.resource.loader.class => 'org.codehaus.plexus.velocity.ContextClassLoaderResourceLoader'.
[INFO] Setting property: velocimacro.messages.on => 'false'.
[INFO] Setting property: resource.loader => 'classpath'.
[INFO] Setting property: resource.manager.logwhenfound => 'false'.
[INFO] 
[INFO] --- maven-resources-plugin:2.7:resources (default-resources) @ log4j-core ---
[INFO] Using 'UTF-8' encoding to copy filtered resources.
[INFO] Copying 8 resources
[INFO] 
[INFO] --- maven-compiler-plugin:3.3:compile (default-compile) @ log4j-core ---
[INFO] Changes detected - recompiling the module!
[INFO] Compiling 412 source files to /home/ylyu/parallel/log4j2/log4j29/dataset/logging-log4j2/LOG4J2-1067_4786a7395121e0fd1b4e12d7e1b3c0eebd64d794/log4j-core/target/classes
[WARNING] /home/ylyu/parallel/log4j2/log4j29/dataset/logging-log4j2/LOG4J2-1067_4786a7395121e0fd1b4e12d7e1b3c0eebd64d794/log4j-core/src/main/java/org/apache/logging/log4j/core/config/plugins/util/ResolverUtil.java:[252,36] [cast] redundant cast to BundleWiring
[WARNING] /home/ylyu/parallel/log4j2/log4j29/dataset/logging-log4j2/LOG4J2-1067_4786a7395121e0fd1b4e12d7e1b3c0eebd64d794/log4j-core/src/main/java/org/apache/logging/log4j/core/config/plugins/util/ResolverUtil.java:[255,40] [cast] redundant cast to Collection<String>
[WARNING] /home/ylyu/parallel/log4j2/log4j29/dataset/logging-log4j2/LOG4J2-1067_4786a7395121e0fd1b4e12d7e1b3c0eebd64d794/log4j-core/src/main/java/org/apache/logging/log4j/core/async/AsyncLogger.java:[128,34] [unchecked] unchecked generic array creation for varargs parameter of type EventHandler<? super RingBufferLogEvent>[]
[WARNING] /home/ylyu/parallel/log4j2/log4j29/dataset/logging-log4j2/LOG4J2-1067_4786a7395121e0fd1b4e12d7e1b3c0eebd64d794/log4j-core/src/main/java/org/apache/logging/log4j/core/async/AsyncLogger.java:[193,91] [unchecked] unchecked conversion
[WARNING]   required: ExceptionHandler<RingBufferLogEvent>
  found:    ExceptionHandler
/home/ylyu/parallel/log4j2/log4j29/dataset/logging-log4j2/LOG4J2-1067_4786a7395121e0fd1b4e12d7e1b3c0eebd64d794/log4j-core/src/main/java/org/apache/logging/log4j/core/lookup/MainMapLookup.java:[63,23] [deprecation] setMainArguments(String[]) in MapLookup has been deprecated
[WARNING] /home/ylyu/parallel/log4j2/log4j29/dataset/logging-log4j2/LOG4J2-1067_4786a7395121e0fd1b4e12d7e1b3c0eebd64d794/log4j-core/src/main/java/org/apache/logging/log4j/core/jackson/ListOfMapEntrySerializer.java:[35,7] [serial] serializable class ListOfMapEntrySerializer has no definition of serialVersionUID
[WARNING] /home/ylyu/parallel/log4j2/log4j29/dataset/logging-log4j2/LOG4J2-1067_4786a7395121e0fd1b4e12d7e1b3c0eebd64d794/log4j-core/src/main/java/org/apache/logging/log4j/core/jackson/MessageSerializer.java:[33,6] [serial] serializable class MessageSerializer has no definition of serialVersionUID
[INFO] 
[INFO] --- maven-compiler-plugin:3.3:compile (process-plugins) @ log4j-core ---
[INFO] Changes detected - recompiling the module!
[INFO] Compiling 412 source files to /home/ylyu/parallel/log4j2/log4j29/dataset/logging-log4j2/LOG4J2-1067_4786a7395121e0fd1b4e12d7e1b3c0eebd64d794/log4j-core/target/classes
[INFO] 
[INFO] --- maven-bundle-plugin:2.5.3:manifest (default) @ log4j-core ---
[INFO] 
[INFO] --- maven-resources-plugin:2.7:testResources (default-testResources) @ log4j-core ---
[INFO] Using 'UTF-8' encoding to copy filtered resources.
[INFO] Copying 160 resources
[INFO] 
[INFO] --- maven-compiler-plugin:3.3:testCompile (default-testCompile) @ log4j-core ---
[INFO] Changes detected - recompiling the module!
[INFO] Compiling 301 source files to /home/ylyu/parallel/log4j2/log4j29/dataset/logging-log4j2/LOG4J2-1067_4786a7395121e0fd1b4e12d7e1b3c0eebd64d794/log4j-core/target/test-classes
[WARNING] bad path element "/home/ylyu/.m2/repository/org/mockejb/mockejb/0.6-beta2/commons-logging.jar": no such file or directory
Note: CAL10NAnnotationProcessor 0.8.1 initialized
warning: Supported source version 'RELEASE_5' from annotation processor 'ch.qos.cal10n.verifier.processor.CAL10NAnnotationProcessor' less than -source '1.7'
warning: No processor claimed any of these annotations: org.junit.AfterClass,javax.persistence.Convert,org.junit.Ignore,javax.persistence.Column,javax.persistence.Id,com.fasterxml.jackson.databind.annotation.JsonDeserialize,org.junit.Before,javax.persistence.Temporal,org.junit.Rule,javax.persistence.GeneratedValue,org.junit.experimental.categories.Category,javax.persistence.Table,org.junit.ClassRule,org.junit.Test,javax.persistence.Basic,com.fasterxml.jackson.annotation.JsonProperty,javax.persistence.Transient,org.junit.runners.Parameterized.Parameters,javax.persistence.Entity,org.junit.After,org.junit.runner.RunWith,org.junit.BeforeClass
/home/ylyu/parallel/log4j2/log4j29/dataset/logging-log4j2/LOG4J2-1067_4786a7395121e0fd1b4e12d7e1b3c0eebd64d794/log4j-core/src/test/java/org/apache/logging/log4j/test/layout/BasicLayout.java:[32,7] [serial] serializable class BasicLayout has no definition of serialVersionUID
[WARNING] /home/ylyu/parallel/log4j2/log4j29/dataset/logging-log4j2/LOG4J2-1067_4786a7395121e0fd1b4e12d7e1b3c0eebd64d794/log4j-core/src/test/java/org/apache/logging/log4j/test/appender/DeadlockAppender.java:[32,7] [serial] serializable class DeadlockAppender has no definition of serialVersionUID
[WARNING] /home/ylyu/parallel/log4j2/log4j29/dataset/logging-log4j2/LOG4J2-1067_4786a7395121e0fd1b4e12d7e1b3c0eebd64d794/log4j-core/src/test/java/org/apache/logging/log4j/core/lookup/MapLookupTest.java:[55,17] [deprecation] setMainArguments(String[]) in MapLookup has been deprecated
[WARNING] /home/ylyu/parallel/log4j2/log4j29/dataset/logging-log4j2/LOG4J2-1067_4786a7395121e0fd1b4e12d7e1b3c0eebd64d794/log4j-core/src/test/java/org/apache/logging/log4j/core/appender/rolling/action/FileRenameActionTest.java:[71,31] [try] auto-closeable resource pos is never referenced in body of corresponding try statement
[WARNING] /home/ylyu/parallel/log4j2/log4j29/dataset/logging-log4j2/LOG4J2-1067_4786a7395121e0fd1b4e12d7e1b3c0eebd64d794/log4j-core/src/test/java/org/apache/logging/log4j/core/tools/GenerateExtendedLoggerTest.java:[93,73] [rawtypes] found raw type: Class
[WARNING]   missing type arguments for generic class Class<T>
  where T is a type-variable:
    T extends Object declared in class Class
/home/ylyu/parallel/log4j2/log4j29/dataset/logging-log4j2/LOG4J2-1067_4786a7395121e0fd1b4e12d7e1b3c0eebd64d794/log4j-core/src/test/java/org/apache/logging/log4j/core/tools/GenerateExtendedLoggerTest.java:[94,73] [rawtypes] found raw type: Class
[WARNING]   missing type arguments for generic class Class<T>
  where T is a type-variable:
    T extends Object declared in class Class
/home/ylyu/parallel/log4j2/log4j29/dataset/logging-log4j2/LOG4J2-1067_4786a7395121e0fd1b4e12d7e1b3c0eebd64d794/log4j-core/src/test/java/org/apache/logging/log4j/core/tools/GenerateExtendedLoggerTest.java:[95,73] [rawtypes] found raw type: Class
[WARNING]   missing type arguments for generic class Class<T>
  where T is a type-variable:
    T extends Object declared in class Class
/home/ylyu/parallel/log4j2/log4j29/dataset/logging-log4j2/LOG4J2-1067_4786a7395121e0fd1b4e12d7e1b3c0eebd64d794/log4j-core/src/test/java/org/apache/logging/log4j/core/tools/GenerateExtendedLoggerTest.java:[96,73] [rawtypes] found raw type: Class
[WARNING]   missing type arguments for generic class Class<T>
  where T is a type-variable:
    T extends Object declared in class Class
/home/ylyu/parallel/log4j2/log4j29/dataset/logging-log4j2/LOG4J2-1067_4786a7395121e0fd1b4e12d7e1b3c0eebd64d794/log4j-core/src/test/java/org/apache/logging/log4j/core/tools/GenerateExtendedLoggerTest.java:[123,66] [rawtypes] found raw type: Class
[WARNING]   missing type arguments for generic class Class<T>
  where T is a type-variable:
    T extends Object declared in class Class
/home/ylyu/parallel/log4j2/log4j29/dataset/logging-log4j2/LOG4J2-1067_4786a7395121e0fd1b4e12d7e1b3c0eebd64d794/log4j-core/src/test/java/org/apache/logging/log4j/core/tools/GenerateCustomLoggerTest.java:[93,73] [rawtypes] found raw type: Class
[WARNING]   missing type arguments for generic class Class<T>
  where T is a type-variable:
    T extends Object declared in class Class
/home/ylyu/parallel/log4j2/log4j29/dataset/logging-log4j2/LOG4J2-1067_4786a7395121e0fd1b4e12d7e1b3c0eebd64d794/log4j-core/src/test/java/org/apache/logging/log4j/core/tools/GenerateCustomLoggerTest.java:[94,73] [rawtypes] found raw type: Class
[WARNING]   missing type arguments for generic class Class<T>
  where T is a type-variable:
    T extends Object declared in class Class
/home/ylyu/parallel/log4j2/log4j29/dataset/logging-log4j2/LOG4J2-1067_4786a7395121e0fd1b4e12d7e1b3c0eebd64d794/log4j-core/src/test/java/org/apache/logging/log4j/core/tools/GenerateCustomLoggerTest.java:[95,73] [rawtypes] found raw type: Class
[WARNING]   missing type arguments for generic class Class<T>
  where T is a type-variable:
    T extends Object declared in class Class
/home/ylyu/parallel/log4j2/log4j29/dataset/logging-log4j2/LOG4J2-1067_4786a7395121e0fd1b4e12d7e1b3c0eebd64d794/log4j-core/src/test/java/org/apache/logging/log4j/core/tools/GenerateCustomLoggerTest.java:[96,73] [rawtypes] found raw type: Class
[WARNING]   missing type arguments for generic class Class<T>
  where T is a type-variable:
    T extends Object declared in class Class
/home/ylyu/parallel/log4j2/log4j29/dataset/logging-log4j2/LOG4J2-1067_4786a7395121e0fd1b4e12d7e1b3c0eebd64d794/log4j-core/src/test/java/org/apache/logging/log4j/core/tools/GenerateCustomLoggerTest.java:[123,66] [rawtypes] found raw type: Class
[INFO] 
[INFO] --- maven-surefire-plugin:2.18.1:test (default-test) @ log4j-core ---
[INFO] Surefire report directory: /home/ylyu/parallel/log4j2/log4j29/dataset/logging-log4j2/LOG4J2-1067_4786a7395121e0fd1b4e12d7e1b3c0eebd64d794/log4j-core/target/surefire-reports
[INFO] parallel='none', perCoreThreadCount=true, threadCount=0, useUnlimitedThreads=false, threadCountSuites=0, threadCountClasses=0, threadCountMethods=0, parallelOptimized=true

-------------------------------------------------------
 T E S T S
-------------------------------------------------------
Running org.apache.logging.log4j.MarkerMixInTest
Tests run: 3, Failures: 0, Errors: 0, Skipped: 0, Time elapsed: 0.253 sec - in org.apache.logging.log4j.MarkerMixInTest
Running org.apache.logging.log4j.core.LoggerUpdateTest
Tests run: 1, Failures: 0, Errors: 0, Skipped: 0, Time elapsed: 0.011 sec - in org.apache.logging.log4j.core.LoggerUpdateTest
Running org.apache.logging.log4j.core.LogEventTest
Tests run: 1, Failures: 0, Errors: 0, Skipped: 0, Time elapsed: 0.082 sec - in org.apache.logging.log4j.core.LogEventTest
Running org.apache.logging.log4j.core.LateConfigTest
Tests run: 1, Failures: 0, Errors: 0, Skipped: 0, Time elapsed: 0.103 sec - in org.apache.logging.log4j.core.LateConfigTest
Running org.apache.logging.log4j.core.LoggerDateTest
Tests run: 1, Failures: 0, Errors: 0, Skipped: 0, Time elapsed: 0.003 sec - in org.apache.logging.log4j.core.LoggerDateTest
Running org.apache.logging.log4j.core.LookupTest
Tests run: 1, Failures: 0, Errors: 0, Skipped: 0, Time elapsed: 0.002 sec - in org.apache.logging.log4j.core.LookupTest
Running org.apache.logging.log4j.core.tools.GenerateCustomLoggerTest
Tests run: 1, Failures: 0, Errors: 0, Skipped: 0, Time elapsed: 0.898 sec - in org.apache.logging.log4j.core.tools.GenerateCustomLoggerTest
Running org.apache.logging.log4j.core.tools.GenerateExtendedLoggerTest
Tests run: 1, Failures: 0, Errors: 0, Skipped: 0, Time elapsed: 0.959 sec - in org.apache.logging.log4j.core.tools.GenerateExtendedLoggerTest
2016-07-16 10:08:05,387 DEBUG Starting LoggerContext[name=1616995172] from configuration at log4j-marker-lookup.yaml
2016-07-16 10:08:05,388 DEBUG Starting LoggerContext[name=1616995172, org.apache.logging.log4j.core.LoggerContext@6e774f6e] with configuration YamlConfiguration[location=/home/ylyu/parallel/log4j2/log4j29/dataset/logging-log4j2/LOG4J2-1067_4786a7395121e0fd1b4e12d7e1b3c0eebd64d794/log4j-core/target/test-classes/log4j-marker-lookup.yaml]...
2016-07-16 10:08:05,389 DEBUG Shutdown hook enabled. Registering a new one.
2016-07-16 10:08:05,395 DEBUG Starting configuration YamlConfiguration[location=/home/ylyu/parallel/log4j2/log4j29/dataset/logging-log4j2/LOG4J2-1067_4786a7395121e0fd1b4e12d7e1b3c0eebd64d794/log4j-core/target/test-classes/log4j-marker-lookup.yaml]
2016-07-16 10:08:05,396 DEBUG PluginManager 'Core' found 78 plugins
2016-07-16 10:08:05,396 DEBUG PluginManager 'Level' found 1 plugins
2016-07-16 10:08:05,396 DEBUG Processing node for object Appenders
2016-07-16 10:08:05,396 DEBUG Node Console is of type STRING
2016-07-16 10:08:05,396 DEBUG Processing node for array RandomAccessFile
2016-07-16 10:08:05,397 DEBUG Processing RandomAccessFile[0]
2016-07-16 10:08:05,397 DEBUG Processing node for object PatternLayout
2016-07-16 10:08:05,397 DEBUG Node Pattern is of type STRING
2016-07-16 10:08:05,397 DEBUG Returning PatternLayout with parent RandomAccessFile of type layout:class org.apache.logging.log4j.core.layout.PatternLayout
2016-07-16 10:08:05,397 DEBUG Processing RandomAccessFile[1]
2016-07-16 10:08:05,398 DEBUG Processing node for object PatternLayout
2016-07-16 10:08:05,398 DEBUG Node Pattern is of type STRING
2016-07-16 10:08:05,398 DEBUG Returning PatternLayout with parent RandomAccessFile of type layout:class org.apache.logging.log4j.core.layout.PatternLayout
2016-07-16 10:08:05,398 DEBUG Processing RandomAccessFile[2]
2016-07-16 10:08:05,398 DEBUG Processing node for object PatternLayout
2016-07-16 10:08:05,399 DEBUG Node Pattern is of type STRING
2016-07-16 10:08:05,399 DEBUG Returning PatternLayout with parent RandomAccessFile of type layout:class org.apache.logging.log4j.core.layout.PatternLayout
2016-07-16 10:08:05,399 DEBUG Processing node for object Routing
2016-07-16 10:08:05,399 DEBUG Node name is of type STRING
2016-07-16 10:08:05,399 DEBUG Processing node for object Routes
2016-07-16 10:08:05,399 DEBUG Node pattern is of type STRING
2016-07-16 10:08:05,400 DEBUG Processing node for array Route
2016-07-16 10:08:05,400 DEBUG Processing Route[0]
2016-07-16 10:08:05,400 DEBUG Processing Route[1]
2016-07-16 10:08:05,400 DEBUG Processing Route[2]
2016-07-16 10:08:05,400 DEBUG Returning Routes with parent Routing of type Routes:class org.apache.logging.log4j.core.appender.routing.Routes
2016-07-16 10:08:05,400 DEBUG Returning Routing with parent Appenders of type appender:class org.apache.logging.log4j.core.appender.routing.RoutingAppender
2016-07-16 10:08:05,401 DEBUG Returning Appenders with parent root of type appenders:class org.apache.logging.log4j.core.config.AppendersPlugin
2016-07-16 10:08:05,401 DEBUG Processing node for object Loggers
2016-07-16 10:08:05,401 DEBUG Processing node for object Root
2016-07-16 10:08:05,401 DEBUG Node level is of type STRING
2016-07-16 10:08:05,401 DEBUG Processing node for array AppenderRef
2016-07-16 10:08:05,401 DEBUG Processing AppenderRef[0]
2016-07-16 10:08:05,402 DEBUG Returning Root with parent Loggers of type root:class org.apache.logging.log4j.core.config.LoggerConfig$RootLogger
2016-07-16 10:08:05,402 DEBUG Returning Loggers with parent root of type loggers:class org.apache.logging.log4j.core.config.LoggersPlugin
2016-07-16 10:08:05,402 DEBUG Completed parsing configuration
2016-07-16 10:08:05,402 DEBUG PluginManager 'Lookup' found 13 plugins
2016-07-16 10:08:05,404 DEBUG Building Plugin[name=layout, class=org.apache.logging.log4j.core.layout.PatternLayout]. Searching for builder factory method...
2016-07-16 10:08:05,406 DEBUG Found builder factory method [newBuilder]: public static org.apache.logging.log4j.core.layout.PatternLayout$Builder org.apache.logging.log4j.core.layout.PatternLayout.newBuilder().
2016-07-16 10:08:05,416 DEBUG TypeConverterRegistry initializing.
2016-07-16 10:08:05,416 DEBUG PluginManager 'TypeConverter' found 21 plugins
2016-07-16 10:08:05,429 DEBUG Calling build() on class class org.apache.logging.log4j.core.layout.PatternLayout$Builder for element PatternLayout with params(name="%d{ISO8601_BASIC} %-5level %logger{1} %X %msg%n", Configuration(/home/ylyu/parallel/log4j2/log4j29/dataset/logging-log4j2/LOG4J2-1067_4786a7395121e0fd1b4e12d7e1b3c0eebd64d794/log4j-core/target/test-classes/log4j-marker-lookup.yaml), null, name="null", name="null", name="null", name="null", name="null")
2016-07-16 10:08:05,429 DEBUG PluginManager 'Converter' found 33 plugins
2016-07-16 10:08:05,430 DEBUG Built Plugin[name=layout] OK from builder factory method.
2016-07-16 10:08:05,430 DEBUG Building Plugin[name=appender, class=org.apache.logging.log4j.core.appender.RandomAccessFileAppender]. Searching for builder factory method...
2016-07-16 10:08:05,432 DEBUG No builder factory method found in class org.apache.logging.log4j.core.appender.RandomAccessFileAppender. Going to try finding a factory method instead.
2016-07-16 10:08:05,433 DEBUG Still building Plugin[name=appender, class=org.apache.logging.log4j.core.appender.RandomAccessFileAppender]. Searching for factory method...
2016-07-16 10:08:05,433 DEBUG Found factory method [createAppender]: public static org.apache.logging.log4j.core.appender.RandomAccessFileAppender org.apache.logging.log4j.core.appender.RandomAccessFileAppender.createAppender(java.lang.String,java.lang.String,java.lang.String,java.lang.String,java.lang.String,java.lang.String,org.apache.logging.log4j.core.Layout,org.apache.logging.log4j.core.Filter,java.lang.String,java.lang.String,org.apache.logging.log4j.core.config.Configuration).
2016-07-16 10:08:05,439 DEBUG Calling createAppender on class org.apache.logging.log4j.core.appender.RandomAccessFileAppender for element RandomAccessFile with params(name="target/logs/sql.log", name="false", name="SQL_APPENDER", name="null", name="null", name="null", PatternLayout(%d{ISO8601_BASIC} %-5level %logger{1} %X %msg%n), null, name="null", name="null", Configuration(/home/ylyu/parallel/log4j2/log4j29/dataset/logging-log4j2/LOG4J2-1067_4786a7395121e0fd1b4e12d7e1b3c0eebd64d794/log4j-core/target/test-classes/log4j-marker-lookup.yaml))
2016-07-16 10:08:05,441 DEBUG Starting RandomAccessFileManager target/logs/sql.log
2016-07-16 10:08:05,441 DEBUG Built Plugin[name=appender] OK from factory method.
2016-07-16 10:08:05,441 DEBUG Building Plugin[name=layout, class=org.apache.logging.log4j.core.layout.PatternLayout]. Searching for builder factory method...
2016-07-16 10:08:05,442 DEBUG Found builder factory method [newBuilder]: public static org.apache.logging.log4j.core.layout.PatternLayout$Builder org.apache.logging.log4j.core.layout.PatternLayout.newBuilder().
2016-07-16 10:08:05,442 DEBUG Calling build() on class class org.apache.logging.log4j.core.layout.PatternLayout$Builder for element PatternLayout with params(name="%d{ISO8601_BASIC} %-5level %logger{1} %X %msg%n", Configuration(/home/ylyu/parallel/log4j2/log4j29/dataset/logging-log4j2/LOG4J2-1067_4786a7395121e0fd1b4e12d7e1b3c0eebd64d794/log4j-core/target/test-classes/log4j-marker-lookup.yaml), null, name="null", name="null", name="null", name="null", name="null")
2016-07-16 10:08:05,443 DEBUG Built Plugin[name=layout] OK from builder factory method.
2016-07-16 10:08:05,443 DEBUG Building Plugin[name=appender, class=org.apache.logging.log4j.core.appender.RandomAccessFileAppender]. Searching for builder factory method...
2016-07-16 10:08:05,443 DEBUG No builder factory method found in class org.apache.logging.log4j.core.appender.RandomAccessFileAppender. Going to try finding a factory method instead.
2016-07-16 10:08:05,444 DEBUG Still building Plugin[name=appender, class=org.apache.logging.log4j.core.appender.RandomAccessFileAppender]. Searching for factory method...
2016-07-16 10:08:05,444 DEBUG Found factory method [createAppender]: public static org.apache.logging.log4j.core.appender.RandomAccessFileAppender org.apache.logging.log4j.core.appender.RandomAccessFileAppender.createAppender(java.lang.String,java.lang.String,java.lang.String,java.lang.String,java.lang.String,java.lang.String,org.apache.logging.log4j.core.Layout,org.apache.logging.log4j.core.Filter,java.lang.String,java.lang.String,org.apache.logging.log4j.core.config.Configuration).
2016-07-16 10:08:05,446 DEBUG Calling createAppender on class org.apache.logging.log4j.core.appender.RandomAccessFileAppender for element RandomAccessFile with params(name="target/logs/payload.log", name="false", name="PAYLOAD_APPENDER", name="null", name="null", name="null", PatternLayout(%d{ISO8601_BASIC} %-5level %logger{1} %X %msg%n), null, name="null", name="null", Configuration(/home/ylyu/parallel/log4j2/log4j29/dataset/logging-log4j2/LOG4J2-1067_4786a7395121e0fd1b4e12d7e1b3c0eebd64d794/log4j-core/target/test-classes/log4j-marker-lookup.yaml))
2016-07-16 10:08:05,446 DEBUG Starting RandomAccessFileManager target/logs/payload.log
2016-07-16 10:08:05,446 DEBUG Built Plugin[name=appender] OK from factory method.
2016-07-16 10:08:05,447 DEBUG Building Plugin[name=layout, class=org.apache.logging.log4j.core.layout.PatternLayout]. Searching for builder factory method...
2016-07-16 10:08:05,447 DEBUG Found builder factory method [newBuilder]: public static org.apache.logging.log4j.core.layout.PatternLayout$Builder org.apache.logging.log4j.core.layout.PatternLayout.newBuilder().
2016-07-16 10:08:05,449 DEBUG Calling build() on class class org.apache.logging.log4j.core.layout.PatternLayout$Builder for element PatternLayout with params(name="%d{ISO8601_BASIC} %-5level %logger{1} %X %msg%n", Configuration(/home/ylyu/parallel/log4j2/log4j29/dataset/logging-log4j2/LOG4J2-1067_4786a7395121e0fd1b4e12d7e1b3c0eebd64d794/log4j-core/target/test-classes/log4j-marker-lookup.yaml), null, name="null", name="null", name="null", name="null", name="null")
2016-07-16 10:08:05,449 DEBUG Built Plugin[name=layout] OK from builder factory method.
2016-07-16 10:08:05,449 DEBUG Building Plugin[name=appender, class=org.apache.logging.log4j.core.appender.RandomAccessFileAppender]. Searching for builder factory method...
2016-07-16 10:08:05,449 DEBUG No builder factory method found in class org.apache.logging.log4j.core.appender.RandomAccessFileAppender. Going to try finding a factory method instead.
2016-07-16 10:08:05,450 DEBUG Still building Plugin[name=appender, class=org.apache.logging.log4j.core.appender.RandomAccessFileAppender]. Searching for factory method...
2016-07-16 10:08:05,450 DEBUG Found factory method [createAppender]: public static org.apache.logging.log4j.core.appender.RandomAccessFileAppender org.apache.logging.log4j.core.appender.RandomAccessFileAppender.createAppender(java.lang.String,java.lang.String,java.lang.String,java.lang.String,java.lang.String,java.lang.String,org.apache.logging.log4j.core.Layout,org.apache.logging.log4j.core.Filter,java.lang.String,java.lang.String,org.apache.logging.log4j.core.config.Configuration).
2016-07-16 10:08:05,451 DEBUG Calling createAppender on class org.apache.logging.log4j.core.appender.RandomAccessFileAppender for element RandomAccessFile with params(name="target/logs/performance.log", name="false", name="PERFORMANCE_APPENDER", name="null", name="null", name="null", PatternLayout(%d{ISO8601_BASIC} %-5level %logger{1} %X %msg%n), null, name="null", name="null", Configuration(/home/ylyu/parallel/log4j2/log4j29/dataset/logging-log4j2/LOG4J2-1067_4786a7395121e0fd1b4e12d7e1b3c0eebd64d794/log4j-core/target/test-classes/log4j-marker-lookup.yaml))
2016-07-16 10:08:05,451 DEBUG Starting RandomAccessFileManager target/logs/performance.log
2016-07-16 10:08:05,451 DEBUG Built Plugin[name=appender] OK from factory method.
2016-07-16 10:08:05,452 DEBUG Building Plugin[name=Route, class=org.apache.logging.log4j.core.appender.routing.Route]. Searching for builder factory method...
2016-07-16 10:08:05,452 DEBUG No builder factory method found in class org.apache.logging.log4j.core.appender.routing.Route. Going to try finding a factory method instead.
2016-07-16 10:08:05,452 DEBUG Still building Plugin[name=Route, class=org.apache.logging.log4j.core.appender.routing.Route]. Searching for factory method...
2016-07-16 10:08:05,452 DEBUG Found factory method [createRoute]: public static org.apache.logging.log4j.core.appender.routing.Route org.apache.logging.log4j.core.appender.routing.Route.createRoute(java.lang.String,java.lang.String,org.apache.logging.log4j.core.config.Node).
2016-07-16 10:08:05,455 DEBUG Calling createRoute on class org.apache.logging.log4j.core.appender.routing.Route for element Route with params(name="PERFORMANCE_APPENDER", name="PERFORMANCE", Node=Route)
2016-07-16 10:08:05,455 DEBUG Built Plugin[name=Route] OK from factory method.
2016-07-16 10:08:05,455 DEBUG Building Plugin[name=Route, class=org.apache.logging.log4j.core.appender.routing.Route]. Searching for builder factory method...
2016-07-16 10:08:05,455 DEBUG No builder factory method found in class org.apache.logging.log4j.core.appender.routing.Route. Going to try finding a factory method instead.
2016-07-16 10:08:05,456 DEBUG Still building Plugin[name=Route, class=org.apache.logging.log4j.core.appender.routing.Route]. Searching for factory method...
2016-07-16 10:08:05,456 DEBUG Found factory method [createRoute]: public static org.apache.logging.log4j.core.appender.routing.Route org.apache.logging.log4j.core.appender.routing.Route.createRoute(java.lang.String,java.lang.String,org.apache.logging.log4j.core.config.Node).
2016-07-16 10:08:05,456 DEBUG Calling createRoute on class org.apache.logging.log4j.core.appender.routing.Route for element Route with params(name="PAYLOAD_APPENDER", name="PAYLOAD", Node=Route)
2016-07-16 10:08:05,456 DEBUG Built Plugin[name=Route] OK from factory method.
2016-07-16 10:08:05,457 DEBUG Building Plugin[name=Route, class=org.apache.logging.log4j.core.appender.routing.Route]. Searching for builder factory method...
2016-07-16 10:08:05,457 DEBUG No builder factory method found in class org.apache.logging.log4j.core.appender.routing.Route. Going to try finding a factory method instead.
2016-07-16 10:08:05,457 DEBUG Still building Plugin[name=Route, class=org.apache.logging.log4j.core.appender.routing.Route]. Searching for factory method...
2016-07-16 10:08:05,457 DEBUG Found factory method [createRoute]: public static org.apache.logging.log4j.core.appender.routing.Route org.apache.logging.log4j.core.appender.routing.Route.createRoute(java.lang.String,java.lang.String,org.apache.logging.log4j.core.config.Node).
2016-07-16 10:08:05,458 DEBUG Calling createRoute on class org.apache.logging.log4j.core.appender.routing.Route for element Route with params(name="SQL_APPENDER", name="SQL", Node=Route)
2016-07-16 10:08:05,458 DEBUG Built Plugin[name=Route] OK from factory method.
2016-07-16 10:08:05,458 DEBUG Building Plugin[name=Routes, class=org.apache.logging.log4j.core.appender.routing.Routes]. Searching for builder factory method...
2016-07-16 10:08:05,458 DEBUG No builder factory method found in class org.apache.logging.log4j.core.appender.routing.Routes. Going to try finding a factory method instead.
2016-07-16 10:08:05,458 DEBUG Still building Plugin[name=Routes, class=org.apache.logging.log4j.core.appender.routing.Routes]. Searching for factory method...
2016-07-16 10:08:05,459 DEBUG Found factory method [createRoutes]: public static org.apache.logging.log4j.core.appender.routing.Routes org.apache.logging.log4j.core.appender.routing.Routes.createRoutes(java.lang.String,org.apache.logging.log4j.core.appender.routing.Route[]).
2016-07-16 10:08:05,459 DEBUG Calling createRoutes on class org.apache.logging.log4j.core.appender.routing.Routes for element Routes with params(name="${marker:}", ={Route(type=static Reference=PERFORMANCE_APPENDER key='PERFORMANCE'), Route(type=static Reference=PAYLOAD_APPENDER key='PAYLOAD'), Route(type=static Reference=SQL_APPENDER key='SQL')})
2016-07-16 10:08:05,460 DEBUG Built Plugin[name=Routes] OK from factory method.
2016-07-16 10:08:05,460 DEBUG Building Plugin[name=appender, class=org.apache.logging.log4j.core.appender.routing.RoutingAppender]. Searching for builder factory method...
2016-07-16 10:08:05,460 DEBUG No builder factory method found in class org.apache.logging.log4j.core.appender.routing.RoutingAppender. Going to try finding a factory method instead.
2016-07-16 10:08:05,460 DEBUG Still building Plugin[name=appender, class=org.apache.logging.log4j.core.appender.routing.RoutingAppender]. Searching for factory method...
2016-07-16 10:08:05,461 DEBUG Found factory method [createAppender]: public static org.apache.logging.log4j.core.appender.routing.RoutingAppender org.apache.logging.log4j.core.appender.routing.RoutingAppender.createAppender(java.lang.String,java.lang.String,org.apache.logging.log4j.core.appender.routing.Routes,org.apache.logging.log4j.core.config.Configuration,org.apache.logging.log4j.core.appender.rewrite.RewritePolicy,org.apache.logging.log4j.core.Filter).
2016-07-16 10:08:05,461 DEBUG Calling createAppender on class org.apache.logging.log4j.core.appender.routing.RoutingAppender for element Routing with params(name="ROUTING_APPENDER", name="null", Routes({Route(type=static Reference=PERFORMANCE_APPENDER key='PERFORMANCE'),Route(type=static Reference=PAYLOAD_APPENDER key='PAYLOAD'),Route(type=static Reference=SQL_APPENDER key='SQL')}), Configuration(/home/ylyu/parallel/log4j2/log4j29/dataset/logging-log4j2/LOG4J2-1067_4786a7395121e0fd1b4e12d7e1b3c0eebd64d794/log4j-core/target/test-classes/log4j-marker-lookup.yaml), null, null)
2016-07-16 10:08:05,462 DEBUG Built Plugin[name=appender] OK from factory method.
2016-07-16 10:08:05,462 DEBUG Building Plugin[name=appenders, class=org.apache.logging.log4j.core.config.AppendersPlugin]. Searching for builder factory method...
2016-07-16 10:08:05,462 DEBUG No builder factory method found in class org.apache.logging.log4j.core.config.AppendersPlugin. Going to try finding a factory method instead.
2016-07-16 10:08:05,462 DEBUG Still building Plugin[name=appenders, class=org.apache.logging.log4j.core.config.AppendersPlugin]. Searching for factory method...
2016-07-16 10:08:05,463 DEBUG Found factory method [createAppenders]: public static java.util.concurrent.ConcurrentMap org.apache.logging.log4j.core.config.AppendersPlugin.createAppenders(org.apache.logging.log4j.core.Appender[]).
2016-07-16 10:08:05,463 ERROR Appenders contains an invalid element or attribute "Console"
2016-07-16 10:08:05,463 DEBUG Calling createAppenders on class org.apache.logging.log4j.core.config.AppendersPlugin for element Appenders with params(={SQL_APPENDER, PAYLOAD_APPENDER, PERFORMANCE_APPENDER, ROUTING_APPENDER})
2016-07-16 10:08:05,463 DEBUG Built Plugin[name=appenders] OK from factory method.
2016-07-16 10:08:05,463 DEBUG Building Plugin[name=AppenderRef, class=org.apache.logging.log4j.core.config.AppenderRef]. Searching for builder factory method...
2016-07-16 10:08:05,464 DEBUG No builder factory method found in class org.apache.logging.log4j.core.config.AppenderRef. Going to try finding a factory method instead.
2016-07-16 10:08:05,464 DEBUG Still building Plugin[name=AppenderRef, class=org.apache.logging.log4j.core.config.AppenderRef]. Searching for factory method...
2016-07-16 10:08:05,464 DEBUG Found factory method [createAppenderRef]: public static org.apache.logging.log4j.core.config.AppenderRef org.apache.logging.log4j.core.config.AppenderRef.createAppenderRef(java.lang.String,org.apache.logging.log4j.Level,org.apache.logging.log4j.core.Filter).
2016-07-16 10:08:05,464 DEBUG Calling createAppenderRef on class org.apache.logging.log4j.core.config.AppenderRef for element AppenderRef with params(name="ROUTING_APPENDER", name="null", null)
2016-07-16 10:08:05,465 DEBUG Built Plugin[name=AppenderRef] OK from factory method.
2016-07-16 10:08:05,465 DEBUG Building Plugin[name=root, class=org.apache.logging.log4j.core.config.LoggerConfig$RootLogger]. Searching for builder factory method...
2016-07-16 10:08:05,465 DEBUG No builder factory method found in class org.apache.logging.log4j.core.config.LoggerConfig$RootLogger. Going to try finding a factory method instead.
2016-07-16 10:08:05,465 DEBUG Still building Plugin[name=root, class=org.apache.logging.log4j.core.config.LoggerConfig$RootLogger]. Searching for factory method...
2016-07-16 10:08:05,466 DEBUG Found factory method [createLogger]: public static org.apache.logging.log4j.core.config.LoggerConfig org.apache.logging.log4j.core.config.LoggerConfig$RootLogger.createLogger(java.lang.String,org.apache.logging.log4j.Level,java.lang.String,org.apache.logging.log4j.core.config.AppenderRef[],org.apache.logging.log4j.core.config.Property[],org.apache.logging.log4j.core.config.Configuration,org.apache.logging.log4j.core.Filter).
2016-07-16 10:08:05,467 DEBUG Calling createLogger on class org.apache.logging.log4j.core.config.LoggerConfig$RootLogger for element Root with params(name="null", name="TRACE", name="null", ={ROUTING_APPENDER}, ={}, Configuration(/home/ylyu/parallel/log4j2/log4j29/dataset/logging-log4j2/LOG4J2-1067_4786a7395121e0fd1b4e12d7e1b3c0eebd64d794/log4j-core/target/test-classes/log4j-marker-lookup.yaml), null)
2016-07-16 10:08:05,467 DEBUG Built Plugin[name=root] OK from factory method.
2016-07-16 10:08:05,468 DEBUG Building Plugin[name=loggers, class=org.apache.logging.log4j.core.config.LoggersPlugin]. Searching for builder factory method...
2016-07-16 10:08:05,468 DEBUG No builder factory method found in class org.apache.logging.log4j.core.config.LoggersPlugin. Going to try finding a factory method instead.
2016-07-16 10:08:05,468 DEBUG Still building Plugin[name=loggers, class=org.apache.logging.log4j.core.config.LoggersPlugin]. Searching for factory method...
2016-07-16 10:08:05,469 DEBUG Found factory method [createLoggers]: public static org.apache.logging.log4j.core.config.Loggers org.apache.logging.log4j.core.config.LoggersPlugin.createLoggers(org.apache.logging.log4j.core.config.LoggerConfig[]).
2016-07-16 10:08:05,469 DEBUG Calling createLoggers on class org.apache.logging.log4j.core.config.LoggersPlugin for element Loggers with params(={root})
2016-07-16 10:08:05,469 DEBUG Built Plugin[name=loggers] OK from factory method.
2016-07-16 10:08:05,470 DEBUG Started configuration YamlConfiguration[location=/home/ylyu/parallel/log4j2/log4j29/dataset/logging-log4j2/LOG4J2-1067_4786a7395121e0fd1b4e12d7e1b3c0eebd64d794/log4j-core/target/test-classes/log4j-marker-lookup.yaml] OK.
2016-07-16 10:08:05,470 DEBUG Shutting down OutputStreamManager SYSTEM_OUT
2016-07-16 10:08:05,470 DEBUG Stopped org.apache.logging.log4j.core.config.DefaultConfiguration@1a5c9f29 OK
2016-07-16 10:08:05,521 DEBUG Registering MBean org.apache.logging.log4j2:type=1616995172
2016-07-16 10:08:05,524 DEBUG Registering MBean org.apache.logging.log4j2:type=1616995172,component=StatusLogger
2016-07-16 10:08:05,525 DEBUG Registering MBean org.apache.logging.log4j2:type=1616995172,component=ContextSelector
2016-07-16 10:08:05,526 DEBUG Registering MBean org.apache.logging.log4j2:type=1616995172,component=Loggers,name=
2016-07-16 10:08:05,527 DEBUG Registering MBean org.apache.logging.log4j2:type=1616995172,component=Appenders,name=PERFORMANCE_APPENDER
2016-07-16 10:08:05,528 DEBUG Registering MBean org.apache.logging.log4j2:type=1616995172,component=Appenders,name=SQL_APPENDER
2016-07-16 10:08:05,528 DEBUG Registering MBean org.apache.logging.log4j2:type=1616995172,component=Appenders,name=ROUTING_APPENDER
2016-07-16 10:08:05,529 DEBUG Registering MBean org.apache.logging.log4j2:type=1616995172,component=Appenders,name=PAYLOAD_APPENDER
2016-07-16 10:08:05,529 DEBUG LoggerContext[name=1616995172, org.apache.logging.log4j.core.LoggerContext@6e774f6e] started OK with configuration YamlConfiguration[location=/home/ylyu/parallel/log4j2/log4j29/dataset/logging-log4j2/LOG4J2-1067_4786a7395121e0fd1b4e12d7e1b3c0eebd64d794/log4j-core/target/test-classes/log4j-marker-lookup.yaml].
Running org.apache.logging.log4j.core.lookup.MarkerLookupConfigTest
2016-07-16 10:08:05,535 DEBUG Using default SystemClock for timestamps
2016-07-16 10:08:05,548 DEBUG Stopping LoggerContext[name=1616995172, org.apache.logging.log4j.core.LoggerContext@6e774f6e]...
2016-07-16 10:08:05,549 DEBUG Unregistering MBean org.apache.logging.log4j2:type=1616995172
2016-07-16 10:08:05,549 DEBUG Unregistering MBean org.apache.logging.log4j2:type=1616995172,component=StatusLogger
2016-07-16 10:08:05,549 DEBUG Unregistering MBean org.apache.logging.log4j2:type=1616995172,component=ContextSelector
2016-07-16 10:08:05,550 DEBUG Unregistering MBean org.apache.logging.log4j2:type=1616995172,component=Loggers,name=
2016-07-16 10:08:05,550 DEBUG Unregistering MBean org.apache.logging.log4j2:type=1616995172,component=Appenders,name=PERFORMANCE_APPENDER
2016-07-16 10:08:05,551 DEBUG Unregistering MBean org.apache.logging.log4j2:type=1616995172,component=Appenders,name=SQL_APPENDER
2016-07-16 10:08:05,551 DEBUG Unregistering MBean org.apache.logging.log4j2:type=1616995172,component=Appenders,name=PAYLOAD_APPENDER
2016-07-16 10:08:05,551 DEBUG Unregistering MBean org.apache.logging.log4j2:type=1616995172,component=Appenders,name=ROUTING_APPENDER
2016-07-16 10:08:05,551 DEBUG Shutting down RandomAccessFileManager target/logs/payload.log
2016-07-16 10:08:05,552 DEBUG Shutting down RandomAccessFileManager target/logs/sql.log
2016-07-16 10:08:05,552 DEBUG Shutting down RandomAccessFileManager target/logs/performance.log
2016-07-16 10:08:05,552 DEBUG Stopped YamlConfiguration[location=/home/ylyu/parallel/log4j2/log4j29/dataset/logging-log4j2/LOG4J2-1067_4786a7395121e0fd1b4e12d7e1b3c0eebd64d794/log4j-core/target/test-classes/log4j-marker-lookup.yaml] OK
2016-07-16 10:08:05,552 DEBUG Stopped LoggerContext[name=1616995172, org.apache.logging.log4j.core.LoggerContext@6e774f6e]...
Tests run: 1, Failures: 0, Errors: 0, Skipped: 0, Time elapsed: 0.022 sec - in org.apache.logging.log4j.core.lookup.MarkerLookupConfigTest
Running org.apache.logging.log4j.core.lookup.ResourceBundleLookupTest
Tests run: 3, Failures: 0, Errors: 0, Skipped: 0, Time elapsed: 0.029 sec - in org.apache.logging.log4j.core.lookup.ResourceBundleLookupTest
Running org.apache.logging.log4j.core.lookup.JndiLookupTest
Tests run: 1, Failures: 0, Errors: 0, Skipped: 0, Time elapsed: 0.159 sec - in org.apache.logging.log4j.core.lookup.JndiLookupTest
Running org.apache.logging.log4j.core.lookup.StrSubstitutorTest
Tests run: 1, Failures: 0, Errors: 0, Skipped: 0, Time elapsed: 0.119 sec - in org.apache.logging.log4j.core.lookup.StrSubstitutorTest
Running org.apache.logging.log4j.core.lookup.Log4jLookupTest
Tests run: 2, Failures: 0, Errors: 0, Skipped: 0, Time elapsed: 0.161 sec - in org.apache.logging.log4j.core.lookup.Log4jLookupTest
Running org.apache.logging.log4j.core.lookup.Log4jLookupWithSpacesTest
Tests run: 2, Failures: 0, Errors: 0, Skipped: 0, Time elapsed: 0.161 sec - in org.apache.logging.log4j.core.lookup.Log4jLookupWithSpacesTest
Running org.apache.logging.log4j.core.lookup.MapLookupTest
Tests run: 4, Failures: 0, Errors: 0, Skipped: 0, Time elapsed: 0.004 sec - in org.apache.logging.log4j.core.lookup.MapLookupTest
Running org.apache.logging.log4j.core.lookup.ContextMapLookupTest
Tests run: 2, Failures: 0, Errors: 0, Skipped: 0, Time elapsed: 0.344 sec - in org.apache.logging.log4j.core.lookup.ContextMapLookupTest
Running org.apache.logging.log4j.core.lookup.InterpolatorTest
java:version = Java version 1.7.0_101
java:runtime = OpenJDK Runtime Environment (build 1.7.0_101-b00) from Oracle Corporation
java:vm = OpenJDK 64-Bit Server VM (build 24.95-b01, mixed mode)
java:os = Linux 4.2.0-27-generic unknown, architecture: amd64-64
java:locale = default locale: en_US, platform encoding: UTF-8
java:hw = processors: 16, architecture: amd64-64
Tests run: 2, Failures: 0, Errors: 0, Skipped: 0, Time elapsed: 0.11 sec - in org.apache.logging.log4j.core.lookup.InterpolatorTest
Running org.apache.logging.log4j.core.lookup.MainInputArgumentsJmxLookupTest
Tests run: 1, Failures: 0, Errors: 0, Skipped: 0, Time elapsed: 0.004 sec - in org.apache.logging.log4j.core.lookup.MainInputArgumentsJmxLookupTest
Running org.apache.logging.log4j.core.lookup.DateLookupTest
Tests run: 1, Failures: 0, Errors: 0, Skipped: 0, Time elapsed: 0.042 sec - in org.apache.logging.log4j.core.lookup.DateLookupTest
Running org.apache.logging.log4j.core.lookup.MarkerLookupTest
Tests run: 6, Failures: 0, Errors: 0, Skipped: 0, Time elapsed: 0.043 sec - in org.apache.logging.log4j.core.lookup.MarkerLookupTest
Running org.apache.logging.log4j.core.lookup.StructuredDataLookupTest
Tests run: 1, Failures: 0, Errors: 0, Skipped: 0, Time elapsed: 0.043 sec - in org.apache.logging.log4j.core.lookup.StructuredDataLookupTest
Running org.apache.logging.log4j.core.lookup.EnvironmentLookupTest
Tests run: 1, Failures: 0, Errors: 0, Skipped: 0, Time elapsed: 0.003 sec - in org.apache.logging.log4j.core.lookup.EnvironmentLookupTest
Running org.apache.logging.log4j.core.lookup.SystemPropertiesLookupTest
Tests run: 1, Failures: 0, Errors: 0, Skipped: 0, Time elapsed: 0.021 sec - in org.apache.logging.log4j.core.lookup.SystemPropertiesLookupTest
Running org.apache.logging.log4j.core.BasicLoggingTest
10:08:10.984 [main] ERROR org.apache.logging.log4j.core.BasicLoggingTest - Test message
Tests run: 1, Failures: 0, Errors: 0, Skipped: 0, Time elapsed: 0.253 sec - in org.apache.logging.log4j.core.BasicLoggingTest
Running org.apache.logging.log4j.core.ExtendedLevelTest
Tests run: 1, Failures: 0, Errors: 0, Skipped: 0, Time elapsed: 0.014 sec - in org.apache.logging.log4j.core.ExtendedLevelTest
Running org.apache.logging.log4j.core.filter.BurstFilterLogDelayTest
Tests run: 1, Failures: 0, Errors: 0, Skipped: 0, Time elapsed: 0.029 sec - in org.apache.logging.log4j.core.filter.BurstFilterLogDelayTest
Running org.apache.logging.log4j.core.filter.BurstFilterTest
Tests run: 1, Failures: 0, Errors: 0, Skipped: 0, Time elapsed: 6.846 sec - in org.apache.logging.log4j.core.filter.BurstFilterTest
Running org.apache.logging.log4j.core.filter.MarkerFilterTest
Tests run: 1, Failures: 0, Errors: 0, Skipped: 0, Time elapsed: 0.043 sec - in org.apache.logging.log4j.core.filter.MarkerFilterTest
Running org.apache.logging.log4j.core.filter.DynamicThresholdFilterSerializationTest
Tests run: 6, Failures: 0, Errors: 0, Skipped: 0, Time elapsed: 0.029 sec - in org.apache.logging.log4j.core.filter.DynamicThresholdFilterSerializationTest
Running org.apache.logging.log4j.core.filter.RegexFilterTest
Tests run: 3, Failures: 0, Errors: 0, Skipped: 0, Time elapsed: 0.029 sec - in org.apache.logging.log4j.core.filter.RegexFilterTest
Running org.apache.logging.log4j.core.filter.TimeFilterTest
Tests run: 1, Failures: 0, Errors: 0, Skipped: 0, Time elapsed: 0.064 sec - in org.apache.logging.log4j.core.filter.TimeFilterTest
Running org.apache.logging.log4j.core.filter.ThresholdFilterTest
Tests run: 1, Failures: 0, Errors: 0, Skipped: 0, Time elapsed: 0.044 sec - in org.apache.logging.log4j.core.filter.ThresholdFilterTest
Running org.apache.logging.log4j.core.filter.StructuredDataFilterTest
Tests run: 2, Failures: 0, Errors: 0, Skipped: 0, Time elapsed: 0.33 sec - in org.apache.logging.log4j.core.filter.StructuredDataFilterTest
Running org.apache.logging.log4j.core.filter.DynamicThresholdFilterTest
Tests run: 2, Failures: 0, Errors: 0, Skipped: 0, Time elapsed: 0.347 sec - in org.apache.logging.log4j.core.filter.DynamicThresholdFilterTest
Running org.apache.logging.log4j.core.filter.ThreadContextMapFilterTest
Tests run: 1, Failures: 0, Errors: 0, Skipped: 0, Time elapsed: 0.043 sec - in org.apache.logging.log4j.core.filter.ThreadContextMapFilterTest
Running org.apache.logging.log4j.core.filter.MapFilterTest
Tests run: 2, Failures: 0, Errors: 0, Skipped: 0, Time elapsed: 0.341 sec - in org.apache.logging.log4j.core.filter.MapFilterTest
Running org.apache.logging.log4j.core.osgi.equinox.EquinoxLoadCoreBundleTest
Tests run: 1, Failures: 0, Errors: 0, Skipped: 1, Time elapsed: 0.001 sec - in org.apache.logging.log4j.core.osgi.equinox.EquinoxLoadCoreBundleTest
Running org.apache.logging.log4j.core.osgi.felix.FelixLoadCoreBundleTest
Tests run: 1, Failures: 0, Errors: 0, Skipped: 1, Time elapsed: 0.001 sec - in org.apache.logging.log4j.core.osgi.felix.FelixLoadCoreBundleTest
Running org.apache.logging.log4j.core.DeadlockTest
Tests run: 1, Failures: 0, Errors: 0, Skipped: 0, Time elapsed: 0.016 sec - in org.apache.logging.log4j.core.DeadlockTest
Running org.apache.logging.log4j.core.LogEventFactoryTest
Tests run: 1, Failures: 0, Errors: 0, Skipped: 0, Time elapsed: 0.01 sec - in org.apache.logging.log4j.core.LogEventFactoryTest
Running org.apache.logging.log4j.core.LoggerSerializationTest
Tests run: 1, Failures: 0, Errors: 0, Skipped: 1, Time elapsed: 0 sec - in org.apache.logging.log4j.core.LoggerSerializationTest
Running org.apache.logging.log4j.core.FileConfigTest
Tests run: 1, Failures: 0, Errors: 0, Skipped: 0, Time elapsed: 6.116 sec - in org.apache.logging.log4j.core.FileConfigTest
Running org.apache.logging.log4j.core.LevelTest
Tests run: 1, Failures: 0, Errors: 0, Skipped: 0, Time elapsed: 0.032 sec - in org.apache.logging.log4j.core.LevelTest
Running org.apache.logging.log4j.core.AppenderRefLevelTest
Tests run: 3, Failures: 0, Errors: 0, Skipped: 0, Time elapsed: 0.012 sec - in org.apache.logging.log4j.core.AppenderRefLevelTest
Running org.apache.logging.log4j.core.TimestampMessageTest
Tests run: 1, Failures: 0, Errors: 0, Skipped: 0, Time elapsed: 0.06 sec - in org.apache.logging.log4j.core.TimestampMessageTest
Running org.apache.logging.log4j.core.ShutdownDisabledTest
Tests run: 1, Failures: 0, Errors: 0, Skipped: 0, Time elapsed: 0.003 sec - in org.apache.logging.log4j.core.ShutdownDisabledTest
Running org.apache.logging.log4j.core.config.XIncludeTest
Tests run: 3, Failures: 0, Errors: 0, Skipped: 0, Time elapsed: 0.487 sec - in org.apache.logging.log4j.core.config.XIncludeTest
Running org.apache.logging.log4j.core.config.MissingRootLoggerTest
Tests run: 1, Failures: 0, Errors: 0, Skipped: 0, Time elapsed: 0.381 sec - in org.apache.logging.log4j.core.config.MissingRootLoggerTest
Running org.apache.logging.log4j.core.config.CustomConfigurationTest
2016-07-16 10:08:37,046 WARN The bufferSize is set to 4000 but bufferedIO is not true: false
Tests run: 1, Failures: 0, Errors: 0, Skipped: 0, Time elapsed: 0.451 sec - in org.apache.logging.log4j.core.config.CustomConfigurationTest
Running org.apache.logging.log4j.core.config.xml.XmlLoggerPropsTest
Tests run: 1, Failures: 0, Errors: 0, Skipped: 0, Time elapsed: 0.404 sec - in org.apache.logging.log4j.core.config.xml.XmlLoggerPropsTest
Running org.apache.logging.log4j.core.config.xml.XmlConfigurationPropsTest
2016-07-16 10:08:38,366 WARN Error while converting string [${sys:log.level}] to type [class org.apache.logging.log4j.Level]. Using default value [null]. java.lang.IllegalArgumentException: Unknown level constant [${SYS:LOG.LEVEL}].
	at org.apache.logging.log4j.Level.valueOf(Level.java:286)
	at org.apache.logging.log4j.core.config.plugins.convert.TypeConverters$LevelConverter.convert(TypeConverters.java:230)
	at org.apache.logging.log4j.core.config.plugins.convert.TypeConverters$LevelConverter.convert(TypeConverters.java:226)
	at org.apache.logging.log4j.core.config.plugins.convert.TypeConverters.convert(TypeConverters.java:336)
	at org.apache.logging.log4j.core.config.plugins.visitors.AbstractPluginVisitor.convert(AbstractPluginVisitor.java:130)
	at org.apache.logging.log4j.core.config.plugins.visitors.PluginAttributeVisitor.visit(PluginAttributeVisitor.java:45)
	at org.apache.logging.log4j.core.config.plugins.util.PluginBuilder.generateParameters(PluginBuilder.java:246)
	at org.apache.logging.log4j.core.config.plugins.util.PluginBuilder.build(PluginBuilder.java:135)
	at org.apache.logging.log4j.core.config.AbstractConfiguration.createPluginObject(AbstractConfiguration.java:766)
	at org.apache.logging.log4j.core.config.AbstractConfiguration.createConfiguration(AbstractConfiguration.java:706)
	at org.apache.logging.log4j.core.config.AbstractConfiguration.createConfiguration(AbstractConfiguration.java:698)
	at org.apache.logging.log4j.core.config.AbstractConfiguration.doConfigure(AbstractConfiguration.java:358)
	at org.apache.logging.log4j.core.config.AbstractConfiguration.start(AbstractConfiguration.java:161)
	at org.apache.logging.log4j.core.LoggerContext.setConfiguration(LoggerContext.java:361)
	at org.apache.logging.log4j.core.LoggerContext.reconfigure(LoggerContext.java:426)
	at org.apache.logging.log4j.core.LoggerContext.reconfigure(LoggerContext.java:442)
	at org.apache.logging.log4j.core.LoggerContext.start(LoggerContext.java:138)
	at org.apache.logging.log4j.core.impl.Log4jContextFactory.getContext(Log4jContextFactory.java:146)
	at org.apache.logging.log4j.core.impl.Log4jContextFactory.getContext(Log4jContextFactory.java:41)
	at org.apache.logging.log4j.LogManager.getContext(LogManager.java:146)
	at org.apache.logging.log4j.core.config.xml.XmlConfigurationPropsTest.testDefaultStatus(XmlConfigurationPropsTest.java:61)
	at sun.reflect.NativeMethodAccessorImpl.invoke0(Native Method)
	at sun.reflect.NativeMethodAccessorImpl.invoke(NativeMethodAccessorImpl.java:57)
	at sun.reflect.DelegatingMethodAccessorImpl.invoke(DelegatingMethodAccessorImpl.java:43)
	at java.lang.reflect.Method.invoke(Method.java:606)
	at org.junit.runners.model.FrameworkMethod$1.runReflectiveCall(FrameworkMethod.java:47)
	at org.junit.internal.runners.model.ReflectiveCallable.run(ReflectiveCallable.java:12)
	at org.junit.runners.model.FrameworkMethod.invokeExplosively(FrameworkMethod.java:44)
	at org.junit.internal.runners.statements.InvokeMethod.evaluate(InvokeMethod.java:17)
	at org.junit.runners.ParentRunner.runLeaf(ParentRunner.java:271)
	at org.junit.runners.BlockJUnit4ClassRunner.runChild(BlockJUnit4ClassRunner.java:70)
	at org.junit.runners.BlockJUnit4ClassRunner.runChild(BlockJUnit4ClassRunner.java:50)
	at org.junit.runners.ParentRunner$3.run(ParentRunner.java:238)
	at org.junit.runners.ParentRunner$1.schedule(ParentRunner.java:63)
	at org.junit.runners.ParentRunner.runChildren(ParentRunner.java:236)
	at org.junit.runners.ParentRunner.access$000(ParentRunner.java:53)
	at org.junit.runners.ParentRunner$2.evaluate(ParentRunner.java:229)
	at org.junit.internal.runners.statements.RunAfters.evaluate(RunAfters.java:27)
	at org.junit.runners.ParentRunner.run(ParentRunner.java:309)
	at org.junit.runners.Suite.runChild(Suite.java:127)
	at org.junit.runners.Suite.runChild(Suite.java:26)
	at org.junit.runners.ParentRunner$3.run(ParentRunner.java:238)
	at org.junit.runners.ParentRunner$1.schedule(ParentRunner.java:63)
	at org.junit.runners.ParentRunner.runChildren(ParentRunner.java:236)
	at org.junit.runners.ParentRunner.access$000(ParentRunner.java:53)
	at org.junit.runners.ParentRunner$2.evaluate(ParentRunner.java:229)
	at org.junit.runners.ParentRunner.run(ParentRunner.java:309)
	at org.junit.runner.JUnitCore.run(JUnitCore.java:160)
	at org.junit.runner.JUnitCore.run(JUnitCore.java:138)
	at org.apache.maven.surefire.junitcore.JUnitCoreWrapper.createRequestAndRun(JUnitCoreWrapper.java:108)
	at org.apache.maven.surefire.junitcore.JUnitCoreWrapper.executeEager(JUnitCoreWrapper.java:78)
	at org.apache.maven.surefire.junitcore.JUnitCoreWrapper.execute(JUnitCoreWrapper.java:54)
	at org.apache.maven.surefire.junitcore.JUnitCoreProvider.invoke(JUnitCoreProvider.java:144)
	at org.apache.maven.surefire.booter.ForkedBooter.invokeProviderInSameClassLoader(ForkedBooter.java:203)
	at org.apache.maven.surefire.booter.ForkedBooter.runSuitesInProcess(ForkedBooter.java:155)
	at org.apache.maven.surefire.booter.ForkedBooter.main(ForkedBooter.java:103)

2016-07-16 10:08:38,441 WARN Error while converting string [${sys:log.level}] to type [class org.apache.logging.log4j.Level]. Using default value [null]. java.lang.IllegalArgumentException: Unknown level constant [${SYS:LOG.LEVEL}].
	at org.apache.logging.log4j.Level.valueOf(Level.java:286)
	at org.apache.logging.log4j.core.config.plugins.convert.TypeConverters$LevelConverter.convert(TypeConverters.java:230)
	at org.apache.logging.log4j.core.config.plugins.convert.TypeConverters$LevelConverter.convert(TypeConverters.java:226)
	at org.apache.logging.log4j.core.config.plugins.convert.TypeConverters.convert(TypeConverters.java:336)
	at org.apache.logging.log4j.core.config.plugins.visitors.AbstractPluginVisitor.convert(AbstractPluginVisitor.java:130)
	at org.apache.logging.log4j.core.config.plugins.visitors.PluginAttributeVisitor.visit(PluginAttributeVisitor.java:45)
	at org.apache.logging.log4j.core.config.plugins.util.PluginBuilder.generateParameters(PluginBuilder.java:246)
	at org.apache.logging.log4j.core.config.plugins.util.PluginBuilder.build(PluginBuilder.java:135)
	at org.apache.logging.log4j.core.config.AbstractConfiguration.createPluginObject(AbstractConfiguration.java:766)
	at org.apache.logging.log4j.core.config.AbstractConfiguration.createConfiguration(AbstractConfiguration.java:706)
	at org.apache.logging.log4j.core.config.AbstractConfiguration.createConfiguration(AbstractConfiguration.java:698)
	at org.apache.logging.log4j.core.config.AbstractConfiguration.doConfigure(AbstractConfiguration.java:358)
	at org.apache.logging.log4j.core.config.AbstractConfiguration.start(AbstractConfiguration.java:161)
	at org.apache.logging.log4j.core.LoggerContext.setConfiguration(LoggerContext.java:361)
	at org.apache.logging.log4j.core.LoggerContext.reconfigure(LoggerContext.java:426)
	at org.apache.logging.log4j.core.LoggerContext.reconfigure(LoggerContext.java:442)
	at org.apache.logging.log4j.core.config.xml.XmlConfigurationPropsTest.testDefaultStatus(XmlConfigurationPropsTest.java:62)
	at sun.reflect.NativeMethodAccessorImpl.invoke0(Native Method)
	at sun.reflect.NativeMethodAccessorImpl.invoke(NativeMethodAccessorImpl.java:57)
	at sun.reflect.DelegatingMethodAccessorImpl.invoke(DelegatingMethodAccessorImpl.java:43)
	at java.lang.reflect.Method.invoke(Method.java:606)
	at org.junit.runners.model.FrameworkMethod$1.runReflectiveCall(FrameworkMethod.java:47)
	at org.junit.internal.runners.model.ReflectiveCallable.run(ReflectiveCallable.java:12)
	at org.junit.runners.model.FrameworkMethod.invokeExplosively(FrameworkMethod.java:44)
	at org.junit.internal.runners.statements.InvokeMethod.evaluate(InvokeMethod.java:17)
	at org.junit.runners.ParentRunner.runLeaf(ParentRunner.java:271)
	at org.junit.runners.BlockJUnit4ClassRunner.runChild(BlockJUnit4ClassRunner.java:70)
	at org.junit.runners.BlockJUnit4ClassRunner.runChild(BlockJUnit4ClassRunner.java:50)
	at org.junit.runners.ParentRunner$3.run(ParentRunner.java:238)
	at org.junit.runners.ParentRunner$1.schedule(ParentRunner.java:63)
	at org.junit.runners.ParentRunner.runChildren(ParentRunner.java:236)
	at org.junit.runners.ParentRunner.access$000(ParentRunner.java:53)
	at org.junit.runners.ParentRunner$2.evaluate(ParentRunner.java:229)
	at org.junit.internal.runners.statements.RunAfters.evaluate(RunAfters.java:27)
	at org.junit.runners.ParentRunner.run(ParentRunner.java:309)
	at org.junit.runners.Suite.runChild(Suite.java:127)
	at org.junit.runners.Suite.runChild(Suite.java:26)
	at org.junit.runners.ParentRunner$3.run(ParentRunner.java:238)
	at org.junit.runners.ParentRunner$1.schedule(ParentRunner.java:63)
	at org.junit.runners.ParentRunner.runChildren(ParentRunner.java:236)
	at org.junit.runners.ParentRunner.access$000(ParentRunner.java:53)
	at org.junit.runners.ParentRunner$2.evaluate(ParentRunner.java:229)
	at org.junit.runners.ParentRunner.run(ParentRunner.java:309)
	at org.junit.runner.JUnitCore.run(JUnitCore.java:160)
	at org.junit.runner.JUnitCore.run(JUnitCore.java:138)
	at org.apache.maven.surefire.junitcore.JUnitCoreWrapper.createRequestAndRun(JUnitCoreWrapper.java:108)
	at org.apache.maven.surefire.junitcore.JUnitCoreWrapper.executeEager(JUnitCoreWrapper.java:78)
	at org.apache.maven.surefire.junitcore.JUnitCoreWrapper.execute(JUnitCoreWrapper.java:54)
	at org.apache.maven.surefire.junitcore.JUnitCoreProvider.invoke(JUnitCoreProvider.java:144)
	at org.apache.maven.surefire.booter.ForkedBooter.invokeProviderInSameClassLoader(ForkedBooter.java:203)
	at org.apache.maven.surefire.booter.ForkedBooter.runSuitesInProcess(ForkedBooter.java:155)
	at org.apache.maven.surefire.booter.ForkedBooter.main(ForkedBooter.java:103)

2016-07-16 10:08:38,454 WARN Error while converting string [${sys:log.level}] to type [class org.apache.logging.log4j.Level]. Using default value [null]. java.lang.IllegalArgumentException: Unknown level constant [${SYS:LOG.LEVEL}].
	at org.apache.logging.log4j.Level.valueOf(Level.java:286)
	at org.apache.logging.log4j.core.config.plugins.convert.TypeConverters$LevelConverter.convert(TypeConverters.java:230)
	at org.apache.logging.log4j.core.config.plugins.convert.TypeConverters$LevelConverter.convert(TypeConverters.java:226)
	at org.apache.logging.log4j.core.config.plugins.convert.TypeConverters.convert(TypeConverters.java:336)
	at org.apache.logging.log4j.core.config.plugins.visitors.AbstractPluginVisitor.convert(AbstractPluginVisitor.java:130)
	at org.apache.logging.log4j.core.config.plugins.visitors.PluginAttributeVisitor.visit(PluginAttributeVisitor.java:45)
	at org.apache.logging.log4j.core.config.plugins.util.PluginBuilder.generateParameters(PluginBuilder.java:246)
	at org.apache.logging.log4j.core.config.plugins.util.PluginBuilder.build(PluginBuilder.java:135)
	at org.apache.logging.log4j.core.config.AbstractConfiguration.createPluginObject(AbstractConfiguration.java:766)
	at org.apache.logging.log4j.core.config.AbstractConfiguration.createConfiguration(AbstractConfiguration.java:706)
	at org.apache.logging.log4j.core.config.AbstractConfiguration.createConfiguration(AbstractConfiguration.java:698)
	at org.apache.logging.log4j.core.config.AbstractConfiguration.doConfigure(AbstractConfiguration.java:358)
	at org.apache.logging.log4j.core.config.AbstractConfiguration.start(AbstractConfiguration.java:161)
	at org.apache.logging.log4j.core.LoggerContext.setConfiguration(LoggerContext.java:361)
	at org.apache.logging.log4j.core.LoggerContext.reconfigure(LoggerContext.java:426)
	at org.apache.logging.log4j.core.LoggerContext.reconfigure(LoggerContext.java:442)
	at org.apache.logging.log4j.core.config.xml.XmlConfigurationPropsTest.testWithConfigProp(XmlConfigurationPropsTest.java:76)
	at sun.reflect.NativeMethodAccessorImpl.invoke0(Native Method)
	at sun.reflect.NativeMethodAccessorImpl.invoke(NativeMethodAccessorImpl.java:57)
	at sun.reflect.DelegatingMethodAccessorImpl.invoke(DelegatingMethodAccessorImpl.java:43)
	at java.lang.reflect.Method.invoke(Method.java:606)
	at org.junit.runners.model.FrameworkMethod$1.runReflectiveCall(FrameworkMethod.java:47)
	at org.junit.internal.runners.model.ReflectiveCallable.run(ReflectiveCallable.java:12)
	at org.junit.runners.model.FrameworkMethod.invokeExplosively(FrameworkMethod.java:44)
	at org.junit.internal.runners.statements.InvokeMethod.evaluate(InvokeMethod.java:17)
	at org.junit.runners.ParentRunner.runLeaf(ParentRunner.java:271)
	at org.junit.runners.BlockJUnit4ClassRunner.runChild(BlockJUnit4ClassRunner.java:70)
	at org.junit.runners.BlockJUnit4ClassRunner.runChild(BlockJUnit4ClassRunner.java:50)
	at org.junit.runners.ParentRunner$3.run(ParentRunner.java:238)
	at org.junit.runners.ParentRunner$1.schedule(ParentRunner.java:63)
	at org.junit.runners.ParentRunner.runChildren(ParentRunner.java:236)
	at org.junit.runners.ParentRunner.access$000(ParentRunner.java:53)
	at org.junit.runners.ParentRunner$2.evaluate(ParentRunner.java:229)
	at org.junit.internal.runners.statements.RunAfters.evaluate(RunAfters.java:27)
	at org.junit.runners.ParentRunner.run(ParentRunner.java:309)
	at org.junit.runners.Suite.runChild(Suite.java:127)
	at org.junit.runners.Suite.runChild(Suite.java:26)
	at org.junit.runners.ParentRunner$3.run(ParentRunner.java:238)
	at org.junit.runners.ParentRunner$1.schedule(ParentRunner.java:63)
	at org.junit.runners.ParentRunner.runChildren(ParentRunner.java:236)
	at org.junit.runners.ParentRunner.access$000(ParentRunner.java:53)
	at org.junit.runners.ParentRunner$2.evaluate(ParentRunner.java:229)
	at org.junit.runners.ParentRunner.run(ParentRunner.java:309)
	at org.junit.runner.JUnitCore.run(JUnitCore.java:160)
	at org.junit.runner.JUnitCore.run(JUnitCore.java:138)
	at org.apache.maven.surefire.junitcore.JUnitCoreWrapper.createRequestAndRun(JUnitCoreWrapper.java:108)
	at org.apache.maven.surefire.junitcore.JUnitCoreWrapper.executeEager(JUnitCoreWrapper.java:78)
	at org.apache.maven.surefire.junitcore.JUnitCoreWrapper.execute(JUnitCoreWrapper.java:54)
	at org.apache.maven.surefire.junitcore.JUnitCoreProvider.invoke(JUnitCoreProvider.java:144)
	at org.apache.maven.surefire.booter.ForkedBooter.invokeProviderInSameClassLoader(ForkedBooter.java:203)
	at org.apache.maven.surefire.booter.ForkedBooter.runSuitesInProcess(ForkedBooter.java:155)
	at org.apache.maven.surefire.booter.ForkedBooter.main(ForkedBooter.java:103)

2016-07-16 10:08:38,472 ERROR Invalid status level specified: ${sys:log4j.level}. Defaulting to ERROR.
2016-07-16 10:08:38,491 ERROR No log4j2 configuration file found. Using default configuration: logging only errors to the console.
Tests run: 4, Failures: 0, Errors: 0, Skipped: 0, Time elapsed: 0.428 sec - in org.apache.logging.log4j.core.config.xml.XmlConfigurationPropsTest
Running org.apache.logging.log4j.core.config.AdvertiserTest
Tests run: 3, Failures: 0, Errors: 0, Skipped: 0, Time elapsed: 0.057 sec - in org.apache.logging.log4j.core.config.AdvertiserTest
Running org.apache.logging.log4j.core.config.FileOutputTest
Tests run: 1, Failures: 0, Errors: 0, Skipped: 0, Time elapsed: 0.443 sec - in org.apache.logging.log4j.core.config.FileOutputTest
Running org.apache.logging.log4j.core.config.plugins.convert.TypeConverterRegistryTest
Tests run: 6, Failures: 0, Errors: 0, Skipped: 0, Time elapsed: 0.125 sec - in org.apache.logging.log4j.core.config.plugins.convert.TypeConverterRegistryTest
Running org.apache.logging.log4j.core.config.plugins.convert.TypeConvertersTest
Tests run: 93, Failures: 0, Errors: 0, Skipped: 0, Time elapsed: 0.148 sec - in org.apache.logging.log4j.core.config.plugins.convert.TypeConvertersTest
Running org.apache.logging.log4j.core.config.plugins.processor.PluginProcessorTest
Tests run: 4, Failures: 0, Errors: 0, Skipped: 0, Time elapsed: 0.003 sec - in org.apache.logging.log4j.core.config.plugins.processor.PluginProcessorTest
Running org.apache.logging.log4j.core.config.plugins.validation.validators.RequiredValidatorTest
Tests run: 2, Failures: 0, Errors: 0, Skipped: 0, Time elapsed: 0.167 sec - in org.apache.logging.log4j.core.config.plugins.validation.validators.RequiredValidatorTest
Running org.apache.logging.log4j.core.config.plugins.util.PluginManagerPackagesTest
Tests run: 1, Failures: 0, Errors: 0, Skipped: 0, Time elapsed: 1.154 sec - in org.apache.logging.log4j.core.config.plugins.util.PluginManagerPackagesTest
Running org.apache.logging.log4j.core.config.plugins.util.ResolverUtilTest
Tests run: 16, Failures: 0, Errors: 0, Skipped: 4, Time elapsed: 0.035 sec - in org.apache.logging.log4j.core.config.plugins.util.ResolverUtilTest
Running org.apache.logging.log4j.core.config.TestConfigurator
Tests run: 16, Failures: 0, Errors: 0, Skipped: 0, Time elapsed: 6.821 sec - in org.apache.logging.log4j.core.config.TestConfigurator
Running org.apache.logging.log4j.core.config.ConfigurationTest
2016-07-16 10:08:51,775 WARN The bufferSize is set to 8192 but bufferedIO is not true: false
2016-07-16 10:08:51,798 WARN The bufferSize is set to 8192 but bufferedIO is not true: false
2016-07-16 10:08:51,818 WARN The bufferSize is set to 8192 but bufferedIO is not true: false
2016-07-16 10:08:51,869 WARN The bufferSize is set to 8192 but bufferedIO is not true: false
2016-07-16 10:08:51,893 WARN The bufferSize is set to 8192 but bufferedIO is not true: false
2016-07-16 10:08:51,914 WARN The bufferSize is set to 8192 but bufferedIO is not true: false
Tests run: 9, Failures: 0, Errors: 0, Skipped: 0, Time elapsed: 0.752 sec - in org.apache.logging.log4j.core.config.ConfigurationTest
Running org.apache.logging.log4j.core.config.ReconfigurationDeadlockTest
Tests run: 1, Failures: 0, Errors: 0, Skipped: 0, Time elapsed: 7.992 sec - in org.apache.logging.log4j.core.config.ReconfigurationDeadlockTest
Running org.apache.logging.log4j.core.config.TestConfiguratorError
Tests run: 2, Failures: 0, Errors: 0, Skipped: 0, Time elapsed: 0.041 sec - in org.apache.logging.log4j.core.config.TestConfiguratorError
Running org.apache.logging.log4j.core.StrictXmlConfigTest
Tests run: 9, Failures: 0, Errors: 0, Skipped: 0, Time elapsed: 0.021 sec - in org.apache.logging.log4j.core.StrictXmlConfigTest
Running org.apache.logging.log4j.core.util.IntegersTest
Tests run: 2, Failures: 0, Errors: 0, Skipped: 0, Time elapsed: 0.003 sec - in org.apache.logging.log4j.core.util.IntegersTest
Running org.apache.logging.log4j.core.util.SystemClockTest
Tests run: 2, Failures: 0, Errors: 0, Skipped: 0, Time elapsed: 0.104 sec - in org.apache.logging.log4j.core.util.SystemClockTest
Running org.apache.logging.log4j.core.util.UuidTest
Elapsed for 2000 UUIDS = 557561054 Average = 278780 ns
Elapsed for 200 UUIDS = 235296 Average = 1176 ns
Tests run: 2, Failures: 0, Errors: 0, Skipped: 0, Time elapsed: 0.081 sec - in org.apache.logging.log4j.core.util.UuidTest
Running org.apache.logging.log4j.core.util.ShutdownCallbackRegistryTest
Tests run: 1, Failures: 0, Errors: 0, Skipped: 0, Time elapsed: 0.419 sec - in org.apache.logging.log4j.core.util.ShutdownCallbackRegistryTest
Running org.apache.logging.log4j.core.util.FileUtilsTest
Tests run: 6, Failures: 0, Errors: 0, Skipped: 0, Time elapsed: 0.037 sec - in org.apache.logging.log4j.core.util.FileUtilsTest
Running org.apache.logging.log4j.core.util.ClockFactoryTest
Tests run: 8, Failures: 0, Errors: 0, Skipped: 0, Time elapsed: 0.105 sec - in org.apache.logging.log4j.core.util.ClockFactoryTest
Running org.apache.logging.log4j.core.util.KeyValuePairSerializationTest
Tests run: 4, Failures: 0, Errors: 0, Skipped: 0, Time elapsed: 0.032 sec - in org.apache.logging.log4j.core.util.KeyValuePairSerializationTest
Running org.apache.logging.log4j.core.util.ThrowablesTest
Tests run: 3, Failures: 0, Errors: 0, Skipped: 0, Time elapsed: 0.003 sec - in org.apache.logging.log4j.core.util.ThrowablesTest
Running org.apache.logging.log4j.core.impl.Log4jLogEventTest
Tests run: 5, Failures: 0, Errors: 0, Skipped: 0, Time elapsed: 0.189 sec - in org.apache.logging.log4j.core.impl.Log4jLogEventTest
Running org.apache.logging.log4j.core.impl.ThrowableFormatOptionsTest
Tests run: 35, Failures: 0, Errors: 0, Skipped: 0, Time elapsed: 0.063 sec - in org.apache.logging.log4j.core.impl.ThrowableFormatOptionsTest
Running org.apache.logging.log4j.core.impl.ThrowableProxyTest
10:09:06.581 [main] ERROR org.apache.logging.log4j.core.impl.ThrowableProxyTest - I always throw an Error when initialized
java.lang.Error: I always throw an Error when initialized
	at org.apache.logging.log4j.core.impl.ThrowableProxyTest$AlwaysThrowsError.<clinit>(ThrowableProxyTest.java:51) ~[test-classes/:?]
	at org.apache.logging.log4j.core.impl.ThrowableProxyTest.testLogStackTraceWithClassThatCannotInitialize(ThrowableProxyTest.java:96) [test-classes/:?]
	at sun.reflect.NativeMethodAccessorImpl.invoke0(Native Method) ~[?:1.7.0_101]
	at sun.reflect.NativeMethodAccessorImpl.invoke(NativeMethodAccessorImpl.java:57) ~[?:1.7.0_101]
	at sun.reflect.DelegatingMethodAccessorImpl.invoke(DelegatingMethodAccessorImpl.java:43) ~[?:1.7.0_101]
	at java.lang.reflect.Method.invoke(Method.java:606) ~[?:1.7.0_101]
	at org.junit.runners.model.FrameworkMethod$1.runReflectiveCall(FrameworkMethod.java:47) [junit-4.11.jar:?]
	at org.junit.internal.runners.model.ReflectiveCallable.run(ReflectiveCallable.java:12) [junit-4.11.jar:?]
	at org.junit.runners.model.FrameworkMethod.invokeExplosively(FrameworkMethod.java:44) [junit-4.11.jar:?]
	at org.junit.internal.runners.statements.InvokeMethod.evaluate(InvokeMethod.java:17) [junit-4.11.jar:?]
	at org.junit.runners.ParentRunner.runLeaf(ParentRunner.java:271) [junit-4.11.jar:?]
	at org.junit.runners.BlockJUnit4ClassRunner.runChild(BlockJUnit4ClassRunner.java:70) [junit-4.11.jar:?]
	at org.junit.runners.BlockJUnit4ClassRunner.runChild(BlockJUnit4ClassRunner.java:50) [junit-4.11.jar:?]
	at org.junit.runners.ParentRunner$3.run(ParentRunner.java:238) [junit-4.11.jar:?]
	at org.junit.runners.ParentRunner$1.schedule(ParentRunner.java:63) [junit-4.11.jar:?]
	at org.junit.runners.ParentRunner.runChildren(ParentRunner.java:236) [junit-4.11.jar:?]
	at org.junit.runners.ParentRunner.access$000(ParentRunner.java:53) [junit-4.11.jar:?]
	at org.junit.runners.ParentRunner$2.evaluate(ParentRunner.java:229) [junit-4.11.jar:?]
	at org.junit.runners.ParentRunner.run(ParentRunner.java:309) [junit-4.11.jar:?]
	at org.junit.runners.Suite.runChild(Suite.java:127) [junit-4.11.jar:?]
	at org.junit.runners.Suite.runChild(Suite.java:26) [junit-4.11.jar:?]
	at org.junit.runners.ParentRunner$3.run(ParentRunner.java:238) [junit-4.11.jar:?]
	at org.junit.runners.ParentRunner$1.schedule(ParentRunner.java:63) [junit-4.11.jar:?]
	at org.junit.runners.ParentRunner.runChildren(ParentRunner.java:236) [junit-4.11.jar:?]
	at org.junit.runners.ParentRunner.access$000(ParentRunner.java:53) [junit-4.11.jar:?]
	at org.junit.runners.ParentRunner$2.evaluate(ParentRunner.java:229) [junit-4.11.jar:?]
	at org.junit.runners.ParentRunner.run(ParentRunner.java:309) [junit-4.11.jar:?]
	at org.junit.runner.JUnitCore.run(JUnitCore.java:160) [junit-4.11.jar:?]
	at org.junit.runner.JUnitCore.run(JUnitCore.java:138) [junit-4.11.jar:?]
	at org.apache.maven.surefire.junitcore.JUnitCoreWrapper.createRequestAndRun(JUnitCoreWrapper.java:108) [surefire-junit47-2.18.1.jar:2.18.1]
	at org.apache.maven.surefire.junitcore.JUnitCoreWrapper.executeEager(JUnitCoreWrapper.java:78) [surefire-junit47-2.18.1.jar:2.18.1]
	at org.apache.maven.surefire.junitcore.JUnitCoreWrapper.execute(JUnitCoreWrapper.java:54) [surefire-junit47-2.18.1.jar:2.18.1]
	at org.apache.maven.surefire.junitcore.JUnitCoreProvider.invoke(JUnitCoreProvider.java:144) [surefire-junit47-2.18.1.jar:2.18.1]
	at org.apache.maven.surefire.booter.ForkedBooter.invokeProviderInSameClassLoader(ForkedBooter.java:203) [surefire-booter-2.18.1.jar:2.18.1]
	at org.apache.maven.surefire.booter.ForkedBooter.runSuitesInProcess(ForkedBooter.java:155) [surefire-booter-2.18.1.jar:2.18.1]
	at org.apache.maven.surefire.booter.ForkedBooter.main(ForkedBooter.java:103) [surefire-booter-2.18.1.jar:2.18.1]
10:09:06.584 [main] ERROR org.apache.logging.log4j.core.impl.ThrowableProxyTest - java.lang.Error: I always throw an Error when initialized
10:09:06.584 [main] ERROR org.apache.logging.log4j.core.impl.ThrowableProxyTest - Error
java.lang.Exception
	at org.apache.logging.log4j.core.impl.ThrowableProxyTest.testCircularSuppressedExceptions(ThrowableProxyTest.java:236) [test-classes/:?]
	at sun.reflect.NativeMethodAccessorImpl.invoke0(Native Method) ~[?:1.7.0_101]
	at sun.reflect.NativeMethodAccessorImpl.invoke(NativeMethodAccessorImpl.java:57) ~[?:1.7.0_101]
	at sun.reflect.DelegatingMethodAccessorImpl.invoke(DelegatingMethodAccessorImpl.java:43) ~[?:1.7.0_101]
	at java.lang.reflect.Method.invoke(Method.java:606) ~[?:1.7.0_101]
	at org.junit.runners.model.FrameworkMethod$1.runReflectiveCall(FrameworkMethod.java:47) [junit-4.11.jar:?]
	at org.junit.internal.runners.model.ReflectiveCallable.run(ReflectiveCallable.java:12) [junit-4.11.jar:?]
	at org.junit.runners.model.FrameworkMethod.invokeExplosively(FrameworkMethod.java:44) [junit-4.11.jar:?]
	at org.junit.internal.runners.statements.InvokeMethod.evaluate(InvokeMethod.java:17) [junit-4.11.jar:?]
	at org.junit.runners.ParentRunner.runLeaf(ParentRunner.java:271) [junit-4.11.jar:?]
	at org.junit.runners.BlockJUnit4ClassRunner.runChild(BlockJUnit4ClassRunner.java:70) [junit-4.11.jar:?]
	at org.junit.runners.BlockJUnit4ClassRunner.runChild(BlockJUnit4ClassRunner.java:50) [junit-4.11.jar:?]
	at org.junit.runners.ParentRunner$3.run(ParentRunner.java:238) [junit-4.11.jar:?]
	at org.junit.runners.ParentRunner$1.schedule(ParentRunner.java:63) [junit-4.11.jar:?]
	at org.junit.runners.ParentRunner.runChildren(ParentRunner.java:236) [junit-4.11.jar:?]
	at org.junit.runners.ParentRunner.access$000(ParentRunner.java:53) [junit-4.11.jar:?]
	at org.junit.runners.ParentRunner$2.evaluate(ParentRunner.java:229) [junit-4.11.jar:?]
	at org.junit.runners.ParentRunner.run(ParentRunner.java:309) [junit-4.11.jar:?]
	at org.junit.runners.Suite.runChild(Suite.java:127) [junit-4.11.jar:?]
	at org.junit.runners.Suite.runChild(Suite.java:26) [junit-4.11.jar:?]
	at org.junit.runners.ParentRunner$3.run(ParentRunner.java:238) [junit-4.11.jar:?]
	at org.junit.runners.ParentRunner$1.schedule(ParentRunner.java:63) [junit-4.11.jar:?]
	at org.junit.runners.ParentRunner.runChildren(ParentRunner.java:236) [junit-4.11.jar:?]
	at org.junit.runners.ParentRunner.access$000(ParentRunner.java:53) [junit-4.11.jar:?]
	at org.junit.runners.ParentRunner$2.evaluate(ParentRunner.java:229) [junit-4.11.jar:?]
	at org.junit.runners.ParentRunner.run(ParentRunner.java:309) [junit-4.11.jar:?]
	at org.junit.runner.JUnitCore.run(JUnitCore.java:160) [junit-4.11.jar:?]
	at org.junit.runner.JUnitCore.run(JUnitCore.java:138) [junit-4.11.jar:?]
	at org.apache.maven.surefire.junitcore.JUnitCoreWrapper.createRequestAndRun(JUnitCoreWrapper.java:108) [surefire-junit47-2.18.1.jar:2.18.1]
	at org.apache.maven.surefire.junitcore.JUnitCoreWrapper.executeEager(JUnitCoreWrapper.java:78) [surefire-junit47-2.18.1.jar:2.18.1]
	at org.apache.maven.surefire.junitcore.JUnitCoreWrapper.execute(JUnitCoreWrapper.java:54) [surefire-junit47-2.18.1.jar:2.18.1]
	at org.apache.maven.surefire.junitcore.JUnitCoreProvider.invoke(JUnitCoreProvider.java:144) [surefire-junit47-2.18.1.jar:2.18.1]
	at org.apache.maven.surefire.booter.ForkedBooter.invokeProviderInSameClassLoader(ForkedBooter.java:203) [surefire-booter-2.18.1.jar:2.18.1]
	at org.apache.maven.surefire.booter.ForkedBooter.runSuitesInProcess(ForkedBooter.java:155) [surefire-booter-2.18.1.jar:2.18.1]
	at org.apache.maven.surefire.booter.ForkedBooter.main(ForkedBooter.java:103) [surefire-booter-2.18.1.jar:2.18.1]
10:09:06.905 [main] ERROR org.apache.logging.log4j.core.impl.ThrowableProxyTest - Error
java.lang.Exception
	at org.apache.logging.log4j.core.impl.ThrowableProxyTest.testCircularSuppressedNestedException(ThrowableProxyTest.java:248) [test-classes/:?]
	at sun.reflect.NativeMethodAccessorImpl.invoke0(Native Method) ~[?:1.7.0_101]
	at sun.reflect.NativeMethodAccessorImpl.invoke(NativeMethodAccessorImpl.java:57) ~[?:1.7.0_101]
	at sun.reflect.DelegatingMethodAccessorImpl.invoke(DelegatingMethodAccessorImpl.java:43) ~[?:1.7.0_101]
	at java.lang.reflect.Method.invoke(Method.java:606) ~[?:1.7.0_101]
	at org.junit.runners.model.FrameworkMethod$1.runReflectiveCall(FrameworkMethod.java:47) [junit-4.11.jar:?]
	at org.junit.internal.runners.model.ReflectiveCallable.run(ReflectiveCallable.java:12) [junit-4.11.jar:?]
	at org.junit.runners.model.FrameworkMethod.invokeExplosively(FrameworkMethod.java:44) [junit-4.11.jar:?]
	at org.junit.internal.runners.statements.InvokeMethod.evaluate(InvokeMethod.java:17) [junit-4.11.jar:?]
	at org.junit.runners.ParentRunner.runLeaf(ParentRunner.java:271) [junit-4.11.jar:?]
	at org.junit.runners.BlockJUnit4ClassRunner.runChild(BlockJUnit4ClassRunner.java:70) [junit-4.11.jar:?]
	at org.junit.runners.BlockJUnit4ClassRunner.runChild(BlockJUnit4ClassRunner.java:50) [junit-4.11.jar:?]
	at org.junit.runners.ParentRunner$3.run(ParentRunner.java:238) [junit-4.11.jar:?]
	at org.junit.runners.ParentRunner$1.schedule(ParentRunner.java:63) [junit-4.11.jar:?]
	at org.junit.runners.ParentRunner.runChildren(ParentRunner.java:236) [junit-4.11.jar:?]
	at org.junit.runners.ParentRunner.access$000(ParentRunner.java:53) [junit-4.11.jar:?]
	at org.junit.runners.ParentRunner$2.evaluate(ParentRunner.java:229) [junit-4.11.jar:?]
	at org.junit.runners.ParentRunner.run(ParentRunner.java:309) [junit-4.11.jar:?]
	at org.junit.runners.Suite.runChild(Suite.java:127) [junit-4.11.jar:?]
	at org.junit.runners.Suite.runChild(Suite.java:26) [junit-4.11.jar:?]
	at org.junit.runners.ParentRunner$3.run(ParentRunner.java:238) [junit-4.11.jar:?]
	at org.junit.runners.ParentRunner$1.schedule(ParentRunner.java:63) [junit-4.11.jar:?]
	at org.junit.runners.ParentRunner.runChildren(ParentRunner.java:236) [junit-4.11.jar:?]
	at org.junit.runners.ParentRunner.access$000(ParentRunner.java:53) [junit-4.11.jar:?]
	at org.junit.runners.ParentRunner$2.evaluate(ParentRunner.java:229) [junit-4.11.jar:?]
	at org.junit.runners.ParentRunner.run(ParentRunner.java:309) [junit-4.11.jar:?]
	at org.junit.runner.JUnitCore.run(JUnitCore.java:160) [junit-4.11.jar:?]
	at org.junit.runner.JUnitCore.run(JUnitCore.java:138) [junit-4.11.jar:?]
	at org.apache.maven.surefire.junitcore.JUnitCoreWrapper.createRequestAndRun(JUnitCoreWrapper.java:108) [surefire-junit47-2.18.1.jar:2.18.1]
	at org.apache.maven.surefire.junitcore.JUnitCoreWrapper.executeEager(JUnitCoreWrapper.java:78) [surefire-junit47-2.18.1.jar:2.18.1]
	at org.apache.maven.surefire.junitcore.JUnitCoreWrapper.execute(JUnitCoreWrapper.java:54) [surefire-junit47-2.18.1.jar:2.18.1]
	at org.apache.maven.surefire.junitcore.JUnitCoreProvider.invoke(JUnitCoreProvider.java:144) [surefire-junit47-2.18.1.jar:2.18.1]
	at org.apache.maven.surefire.booter.ForkedBooter.invokeProviderInSameClassLoader(ForkedBooter.java:203) [surefire-booter-2.18.1.jar:2.18.1]
	at org.apache.maven.surefire.booter.ForkedBooter.runSuitesInProcess(ForkedBooter.java:155) [surefire-booter-2.18.1.jar:2.18.1]
	at org.apache.maven.surefire.booter.ForkedBooter.main(ForkedBooter.java:103) [surefire-booter-2.18.1.jar:2.18.1]
10:09:06.933 [main] ERROR org.apache.logging.log4j.core.impl.ThrowableProxyTest - Error
java.lang.Exception
	at org.apache.logging.log4j.core.impl.ThrowableProxyTest.testCircularCauseExceptions(ThrowableProxyTest.java:260) [test-classes/:?]
	at sun.reflect.NativeMethodAccessorImpl.invoke0(Native Method) ~[?:1.7.0_101]
	at sun.reflect.NativeMethodAccessorImpl.invoke(NativeMethodAccessorImpl.java:57) ~[?:1.7.0_101]
	at sun.reflect.DelegatingMethodAccessorImpl.invoke(DelegatingMethodAccessorImpl.java:43) ~[?:1.7.0_101]
	at java.lang.reflect.Method.invoke(Method.java:606) ~[?:1.7.0_101]
	at org.junit.runners.model.FrameworkMethod$1.runReflectiveCall(FrameworkMethod.java:47) [junit-4.11.jar:?]
	at org.junit.internal.runners.model.ReflectiveCallable.run(ReflectiveCallable.java:12) [junit-4.11.jar:?]
	at org.junit.runners.model.FrameworkMethod.invokeExplosively(FrameworkMethod.java:44) [junit-4.11.jar:?]
	at org.junit.internal.runners.statements.InvokeMethod.evaluate(InvokeMethod.java:17) [junit-4.11.jar:?]
	at org.junit.runners.ParentRunner.runLeaf(ParentRunner.java:271) [junit-4.11.jar:?]
	at org.junit.runners.BlockJUnit4ClassRunner.runChild(BlockJUnit4ClassRunner.java:70) [junit-4.11.jar:?]
	at org.junit.runners.BlockJUnit4ClassRunner.runChild(BlockJUnit4ClassRunner.java:50) [junit-4.11.jar:?]
	at org.junit.runners.ParentRunner$3.run(ParentRunner.java:238) [junit-4.11.jar:?]
	at org.junit.runners.ParentRunner$1.schedule(ParentRunner.java:63) [junit-4.11.jar:?]
	at org.junit.runners.ParentRunner.runChildren(ParentRunner.java:236) [junit-4.11.jar:?]
	at org.junit.runners.ParentRunner.access$000(ParentRunner.java:53) [junit-4.11.jar:?]
	at org.junit.runners.ParentRunner$2.evaluate(ParentRunner.java:229) [junit-4.11.jar:?]
	at org.junit.runners.ParentRunner.run(ParentRunner.java:309) [junit-4.11.jar:?]
	at org.junit.runners.Suite.runChild(Suite.java:127) [junit-4.11.jar:?]
	at org.junit.runners.Suite.runChild(Suite.java:26) [junit-4.11.jar:?]
	at org.junit.runners.ParentRunner$3.run(ParentRunner.java:238) [junit-4.11.jar:?]
	at org.junit.runners.ParentRunner$1.schedule(ParentRunner.java:63) [junit-4.11.jar:?]
	at org.junit.runners.ParentRunner.runChildren(ParentRunner.java:236) [junit-4.11.jar:?]
	at org.junit.runners.ParentRunner.access$000(ParentRunner.java:53) [junit-4.11.jar:?]
	at org.junit.runners.ParentRunner$2.evaluate(ParentRunner.java:229) [junit-4.11.jar:?]
	at org.junit.runners.ParentRunner.run(ParentRunner.java:309) [junit-4.11.jar:?]
	at org.junit.runner.JUnitCore.run(JUnitCore.java:160) [junit-4.11.jar:?]
	at org.junit.runner.JUnitCore.run(JUnitCore.java:138) [junit-4.11.jar:?]
	at org.apache.maven.surefire.junitcore.JUnitCoreWrapper.createRequestAndRun(JUnitCoreWrapper.java:108) [surefire-junit47-2.18.1.jar:2.18.1]
	at org.apache.maven.surefire.junitcore.JUnitCoreWrapper.executeEager(JUnitCoreWrapper.java:78) [surefire-junit47-2.18.1.jar:2.18.1]
	at org.apache.maven.surefire.junitcore.JUnitCoreWrapper.execute(JUnitCoreWrapper.java:54) [surefire-junit47-2.18.1.jar:2.18.1]
	at org.apache.maven.surefire.junitcore.JUnitCoreProvider.invoke(JUnitCoreProvider.java:144) [surefire-junit47-2.18.1.jar:2.18.1]
	at org.apache.maven.surefire.booter.ForkedBooter.invokeProviderInSameClassLoader(ForkedBooter.java:203) [surefire-booter-2.18.1.jar:2.18.1]
	at org.apache.maven.surefire.booter.ForkedBooter.runSuitesInProcess(ForkedBooter.java:155) [surefire-booter-2.18.1.jar:2.18.1]
	at org.apache.maven.surefire.booter.ForkedBooter.main(ForkedBooter.java:103) [surefire-booter-2.18.1.jar:2.18.1]
Caused by: java.lang.Exception: java.lang.Exception
	at org.apache.logging.log4j.core.impl.ThrowableProxyTest.testCircularCauseExceptions(ThrowableProxyTest.java:261) ~[test-classes/:?]
	... 34 more
Caused by: java.lang.Exception
	... 35 more
Tests run: 13, Failures: 0, Errors: 3, Skipped: 0, Time elapsed: 0.719 sec <<< FAILURE! - in org.apache.logging.log4j.core.impl.ThrowableProxyTest
testSerialization_getExtendedStackTraceAsStringWithNestedThrowableDepth1(org.apache.logging.log4j.core.impl.ThrowableProxyTest)  Time elapsed: 0.013 sec  <<< ERROR!
java.lang.NullPointerException: null
	at org.apache.logging.log4j.core.impl.ThrowableProxy.formatCause(ThrowableProxy.java:210)
	at org.apache.logging.log4j.core.impl.ThrowableProxy.getExtendedStackTraceAsString(ThrowableProxy.java:367)
	at org.apache.logging.log4j.core.impl.ThrowableProxy.getExtendedStackTraceAsString(ThrowableProxy.java:348)
	at org.apache.logging.log4j.core.impl.ThrowableProxyTest.testSerialization_getExtendedStackTraceAsStringWithNestedThrowable(ThrowableProxyTest.java:174)
	at org.apache.logging.log4j.core.impl.ThrowableProxyTest.testSerialization_getExtendedStackTraceAsStringWithNestedThrowableDepth1(ThrowableProxyTest.java:152)

testSerialization_getExtendedStackTraceAsStringWithNestedThrowableDepth2(org.apache.logging.log4j.core.impl.ThrowableProxyTest)  Time elapsed: 0.007 sec  <<< ERROR!
java.lang.NullPointerException: null
	at org.apache.logging.log4j.core.impl.ThrowableProxy.formatCause(ThrowableProxy.java:210)
	at org.apache.logging.log4j.core.impl.ThrowableProxy.getExtendedStackTraceAsString(ThrowableProxy.java:367)
	at org.apache.logging.log4j.core.impl.ThrowableProxy.getExtendedStackTraceAsString(ThrowableProxy.java:348)
	at org.apache.logging.log4j.core.impl.ThrowableProxyTest.testSerialization_getExtendedStackTraceAsStringWithNestedThrowable(ThrowableProxyTest.java:174)
	at org.apache.logging.log4j.core.impl.ThrowableProxyTest.testSerialization_getExtendedStackTraceAsStringWithNestedThrowableDepth2(ThrowableProxyTest.java:159)

testSerialization_getExtendedStackTraceAsStringWithNestedThrowableDepth3(org.apache.logging.log4j.core.impl.ThrowableProxyTest)  Time elapsed: 0.007 sec  <<< ERROR!
java.lang.NullPointerException: null
	at org.apache.logging.log4j.core.impl.ThrowableProxy.formatCause(ThrowableProxy.java:210)
	at org.apache.logging.log4j.core.impl.ThrowableProxy.getExtendedStackTraceAsString(ThrowableProxy.java:367)
	at org.apache.logging.log4j.core.impl.ThrowableProxy.getExtendedStackTraceAsString(ThrowableProxy.java:348)
	at org.apache.logging.log4j.core.impl.ThrowableProxyTest.testSerialization_getExtendedStackTraceAsStringWithNestedThrowable(ThrowableProxyTest.java:174)
	at org.apache.logging.log4j.core.impl.ThrowableProxyTest.testSerialization_getExtendedStackTraceAsStringWithNestedThrowableDepth3(ThrowableProxyTest.java:166)

Running org.apache.logging.log4j.core.LoggerTest
Tests run: 16, Failures: 0, Errors: 0, Skipped: 0, Time elapsed: 7.17 sec - in org.apache.logging.log4j.core.LoggerTest
Running org.apache.logging.log4j.core.AppenderRefLevelJsonTest
Tests run: 3, Failures: 0, Errors: 0, Skipped: 0, Time elapsed: 0.016 sec - in org.apache.logging.log4j.core.AppenderRefLevelJsonTest
Running org.apache.logging.log4j.core.jackson.JacksonIssue429Test
Tests run: 1, Failures: 0, Errors: 0, Skipped: 0, Time elapsed: 0.079 sec - in org.apache.logging.log4j.core.jackson.JacksonIssue429Test
Running org.apache.logging.log4j.core.jackson.StackTraceElementMixInTest
Tests run: 4, Failures: 0, Errors: 0, Skipped: 0, Time elapsed: 0.438 sec - in org.apache.logging.log4j.core.jackson.StackTraceElementMixInTest
Running org.apache.logging.log4j.core.jackson.JacksonIssue429MyNamesTest
Tests run: 1, Failures: 0, Errors: 0, Skipped: 0, Time elapsed: 0.072 sec - in org.apache.logging.log4j.core.jackson.JacksonIssue429MyNamesTest
Running org.apache.logging.log4j.core.jackson.LevelMixInTest
Tests run: 2, Failures: 0, Errors: 0, Skipped: 0, Time elapsed: 0.333 sec - in org.apache.logging.log4j.core.jackson.LevelMixInTest
Running org.apache.logging.log4j.core.net.server.UdpJsonSocketServerTest
Tests run: 6, Failures: 0, Errors: 0, Skipped: 2, Time elapsed: 0.302 sec - in org.apache.logging.log4j.core.net.server.UdpJsonSocketServerTest
Running org.apache.logging.log4j.core.net.server.UdpXmlSocketServerTest
Tests run: 6, Failures: 0, Errors: 0, Skipped: 2, Time elapsed: 0.304 sec - in org.apache.logging.log4j.core.net.server.UdpXmlSocketServerTest
Running org.apache.logging.log4j.core.net.server.TcpJsonSocketServerTest
Tests run: 6, Failures: 0, Errors: 0, Skipped: 2, Time elapsed: 0.333 sec - in org.apache.logging.log4j.core.net.server.TcpJsonSocketServerTest
Running org.apache.logging.log4j.core.net.server.TcpXmlSocketServerTest
Tests run: 6, Failures: 0, Errors: 0, Skipped: 2, Time elapsed: 0.405 sec - in org.apache.logging.log4j.core.net.server.TcpXmlSocketServerTest
Running org.apache.logging.log4j.core.net.server.UdpSerializedSocketServerTest
Tests run: 6, Failures: 0, Errors: 0, Skipped: 2, Time elapsed: 0.205 sec - in org.apache.logging.log4j.core.net.server.UdpSerializedSocketServerTest
Running org.apache.logging.log4j.core.net.server.TcpSerializedSocketServerTest
Tests run: 6, Failures: 0, Errors: 0, Skipped: 2, Time elapsed: 0.256 sec - in org.apache.logging.log4j.core.net.server.TcpSerializedSocketServerTest
Running org.apache.logging.log4j.core.net.server.SslXmlSocketServerTest
Tests run: 6, Failures: 0, Errors: 0, Skipped: 2, Time elapsed: 0.753 sec - in org.apache.logging.log4j.core.net.server.SslXmlSocketServerTest
Running org.apache.logging.log4j.core.net.ssl.StoreConfigurationTest
Tests run: 1, Failures: 0, Errors: 0, Skipped: 1, Time elapsed: 0.001 sec - in org.apache.logging.log4j.core.net.ssl.StoreConfigurationTest
Running org.apache.logging.log4j.core.net.ssl.SslConfigurationTest
Tests run: 4, Failures: 0, Errors: 0, Skipped: 0, Time elapsed: 0.513 sec - in org.apache.logging.log4j.core.net.ssl.SslConfigurationTest
Running org.apache.logging.log4j.core.net.ssl.KeyStoreConfigurationTest
Tests run: 4, Failures: 0, Errors: 0, Skipped: 0, Time elapsed: 0.072 sec - in org.apache.logging.log4j.core.net.ssl.KeyStoreConfigurationTest
Running org.apache.logging.log4j.core.net.ssl.TrustStoreConfigurationTest
Tests run: 4, Failures: 0, Errors: 0, Skipped: 0, Time elapsed: 0.069 sec - in org.apache.logging.log4j.core.net.ssl.TrustStoreConfigurationTest
Running org.apache.logging.log4j.core.net.SocketTest
Tests run: 1, Failures: 0, Errors: 0, Skipped: 1, Time elapsed: 0.001 sec - in org.apache.logging.log4j.core.net.SocketTest
Running org.apache.logging.log4j.core.net.SocketMessageLossTest
Tests run: 1, Failures: 0, Errors: 0, Skipped: 1, Time elapsed: 0 sec - in org.apache.logging.log4j.core.net.SocketMessageLossTest
Running org.apache.logging.log4j.core.net.PriorityTest
Tests run: 1, Failures: 0, Errors: 0, Skipped: 0, Time elapsed: 0.006 sec - in org.apache.logging.log4j.core.net.PriorityTest
Running org.apache.logging.log4j.core.net.SocketReconnectTest
Tests run: 1, Failures: 0, Errors: 0, Skipped: 1, Time elapsed: 0.001 sec - in org.apache.logging.log4j.core.net.SocketReconnectTest
Running org.apache.logging.log4j.core.selector.ClassLoaderContextSelectorTest
Tests run: 1, Failures: 0, Errors: 0, Skipped: 0, Time elapsed: 0.346 sec - in org.apache.logging.log4j.core.selector.ClassLoaderContextSelectorTest
Running org.apache.logging.log4j.core.async.AsyncLoggerLocationTest
Tests run: 1, Failures: 0, Errors: 0, Skipped: 0, Time elapsed: 0.567 sec - in org.apache.logging.log4j.core.async.AsyncLoggerLocationTest
Running org.apache.logging.log4j.core.async.AsyncLoggerUseAfterShutdownTest
2016-07-16 10:09:34,009 FATAL Ignoring log event after log4j was shut down
Tests run: 1, Failures: 0, Errors: 0, Skipped: 0, Time elapsed: 0.465 sec - in org.apache.logging.log4j.core.async.AsyncLoggerUseAfterShutdownTest
Running org.apache.logging.log4j.core.async.AsyncLoggerTest
Tests run: 1, Failures: 0, Errors: 0, Skipped: 0, Time elapsed: 0.565 sec - in org.apache.logging.log4j.core.async.AsyncLoggerTest
Running org.apache.logging.log4j.core.async.AsyncRootReloadTest
2016-07-16 10:09:35,743 DEBUG Starting LoggerContext[name=1616995172] from configuration at classpath:LOG4J2-807.xml
2016-07-16 10:09:35,744 DEBUG Starting LoggerContext[name=1616995172, org.apache.logging.log4j.core.LoggerContext@18893021] with configuration XmlConfiguration[location=/home/ylyu/parallel/log4j2/log4j29/dataset/logging-log4j2/LOG4J2-1067_4786a7395121e0fd1b4e12d7e1b3c0eebd64d794/log4j-core/target/test-classes/LOG4J2-807.xml]...
2016-07-16 10:09:35,745 DEBUG Shutdown hook enabled. Registering a new one.
2016-07-16 10:09:35,752 DEBUG Starting configuration XmlConfiguration[location=/home/ylyu/parallel/log4j2/log4j29/dataset/logging-log4j2/LOG4J2-1067_4786a7395121e0fd1b4e12d7e1b3c0eebd64d794/log4j-core/target/test-classes/LOG4J2-807.xml]
2016-07-16 10:09:35,753 DEBUG PluginManager 'Core' found 78 plugins
2016-07-16 10:09:35,753 DEBUG PluginManager 'Level' found 1 plugins
2016-07-16 10:09:35,754 DEBUG PluginManager 'Lookup' found 13 plugins
2016-07-16 10:09:35,756 DEBUG Building Plugin[name=layout, class=org.apache.logging.log4j.core.layout.PatternLayout]. Searching for builder factory method...
2016-07-16 10:09:35,759 DEBUG Found builder factory method [newBuilder]: public static org.apache.logging.log4j.core.layout.PatternLayout$Builder org.apache.logging.log4j.core.layout.PatternLayout.newBuilder().
2016-07-16 10:09:35,770 DEBUG TypeConverterRegistry initializing.
2016-07-16 10:09:35,771 DEBUG PluginManager 'TypeConverter' found 21 plugins
2016-07-16 10:09:35,787 DEBUG Calling build() on class class org.apache.logging.log4j.core.layout.PatternLayout$Builder for element PatternLayout with params(name="%d %-5p [%c{1.}] %m%n", Configuration(asynRootConfig), null, name="null", name="null", name="null", name="null", name="null")
2016-07-16 10:09:35,787 DEBUG PluginManager 'Converter' found 33 plugins
2016-07-16 10:09:35,788 DEBUG Built Plugin[name=layout] OK from builder factory method.
2016-07-16 10:09:35,789 DEBUG Building Plugin[name=appender, class=org.apache.logging.log4j.core.appender.RandomAccessFileAppender]. Searching for builder factory method...
2016-07-16 10:09:35,792 DEBUG No builder factory method found in class org.apache.logging.log4j.core.appender.RandomAccessFileAppender. Going to try finding a factory method instead.
2016-07-16 10:09:35,792 DEBUG Still building Plugin[name=appender, class=org.apache.logging.log4j.core.appender.RandomAccessFileAppender]. Searching for factory method...
2016-07-16 10:09:35,792 DEBUG Found factory method [createAppender]: public static org.apache.logging.log4j.core.appender.RandomAccessFileAppender org.apache.logging.log4j.core.appender.RandomAccessFileAppender.createAppender(java.lang.String,java.lang.String,java.lang.String,java.lang.String,java.lang.String,java.lang.String,org.apache.logging.log4j.core.Layout,org.apache.logging.log4j.core.Filter,java.lang.String,java.lang.String,org.apache.logging.log4j.core.config.Configuration).
2016-07-16 10:09:35,800 DEBUG Calling createAppender on class org.apache.logging.log4j.core.appender.RandomAccessFileAppender for element RandomAccessFile with params(name="target/LOG4J2-807.log", name="true", name="FILE_APPENDER", name="false", name="null", name="null", PatternLayout(%d %-5p [%c{1.}] %m%n), null, name="null", name="null", Configuration(asynRootConfig))
2016-07-16 10:09:35,802 DEBUG Starting RandomAccessFileManager target/LOG4J2-807.log
2016-07-16 10:09:35,803 DEBUG Built Plugin[name=appender] OK from factory method.
2016-07-16 10:09:35,803 DEBUG Building Plugin[name=appenders, class=org.apache.logging.log4j.core.config.AppendersPlugin]. Searching for builder factory method...
2016-07-16 10:09:35,803 DEBUG No builder factory method found in class org.apache.logging.log4j.core.config.AppendersPlugin. Going to try finding a factory method instead.
2016-07-16 10:09:35,803 DEBUG Still building Plugin[name=appenders, class=org.apache.logging.log4j.core.config.AppendersPlugin]. Searching for factory method...
2016-07-16 10:09:35,804 DEBUG Found factory method [createAppenders]: public static java.util.concurrent.ConcurrentMap org.apache.logging.log4j.core.config.AppendersPlugin.createAppenders(org.apache.logging.log4j.core.Appender[]).
2016-07-16 10:09:35,804 DEBUG Calling createAppenders on class org.apache.logging.log4j.core.config.AppendersPlugin for element Appenders with params(={FILE_APPENDER})
2016-07-16 10:09:35,804 DEBUG Built Plugin[name=appenders] OK from factory method.
2016-07-16 10:09:35,804 DEBUG Building Plugin[name=AppenderRef, class=org.apache.logging.log4j.core.config.AppenderRef]. Searching for builder factory method...
2016-07-16 10:09:35,805 DEBUG No builder factory method found in class org.apache.logging.log4j.core.config.AppenderRef. Going to try finding a factory method instead.
2016-07-16 10:09:35,805 DEBUG Still building Plugin[name=AppenderRef, class=org.apache.logging.log4j.core.config.AppenderRef]. Searching for factory method...
2016-07-16 10:09:35,805 DEBUG Found factory method [createAppenderRef]: public static org.apache.logging.log4j.core.config.AppenderRef org.apache.logging.log4j.core.config.AppenderRef.createAppenderRef(java.lang.String,org.apache.logging.log4j.Level,org.apache.logging.log4j.core.Filter).
2016-07-16 10:09:35,806 DEBUG Calling createAppenderRef on class org.apache.logging.log4j.core.config.AppenderRef for element AppenderRef with params(name="FILE_APPENDER", name="null", null)
2016-07-16 10:09:35,806 DEBUG Built Plugin[name=AppenderRef] OK from factory method.
2016-07-16 10:09:35,806 DEBUG Building Plugin[name=asyncRoot, class=org.apache.logging.log4j.core.async.AsyncLoggerConfig$RootLogger]. Searching for builder factory method...
2016-07-16 10:09:35,807 DEBUG No builder factory method found in class org.apache.logging.log4j.core.async.AsyncLoggerConfig$RootLogger. Going to try finding a factory method instead.
2016-07-16 10:09:35,807 DEBUG Still building Plugin[name=asyncRoot, class=org.apache.logging.log4j.core.async.AsyncLoggerConfig$RootLogger]. Searching for factory method...
2016-07-16 10:09:35,807 DEBUG Found factory method [createLogger]: public static org.apache.logging.log4j.core.config.LoggerConfig org.apache.logging.log4j.core.async.AsyncLoggerConfig$RootLogger.createLogger(java.lang.String,java.lang.String,java.lang.String,org.apache.logging.log4j.core.config.AppenderRef[],org.apache.logging.log4j.core.config.Property[],org.apache.logging.log4j.core.config.Configuration,org.apache.logging.log4j.core.Filter).
2016-07-16 10:09:35,808 DEBUG Calling createLogger on class org.apache.logging.log4j.core.async.AsyncLoggerConfig$RootLogger for element asyncRoot with params(name="null", name="debug", name="null", ={FILE_APPENDER}, ={}, Configuration(asynRootConfig), null)
2016-07-16 10:09:35,808 DEBUG Built Plugin[name=asyncRoot] OK from factory method.
2016-07-16 10:09:35,808 DEBUG Building Plugin[name=loggers, class=org.apache.logging.log4j.core.config.LoggersPlugin]. Searching for builder factory method...
2016-07-16 10:09:35,809 DEBUG No builder factory method found in class org.apache.logging.log4j.core.config.LoggersPlugin. Going to try finding a factory method instead.
2016-07-16 10:09:35,809 DEBUG Still building Plugin[name=loggers, class=org.apache.logging.log4j.core.config.LoggersPlugin]. Searching for factory method...
2016-07-16 10:09:35,810 DEBUG Found factory method [createLoggers]: public static org.apache.logging.log4j.core.config.Loggers org.apache.logging.log4j.core.config.LoggersPlugin.createLoggers(org.apache.logging.log4j.core.config.LoggerConfig[]).
2016-07-16 10:09:35,810 DEBUG Calling createLoggers on class org.apache.logging.log4j.core.config.LoggersPlugin for element Loggers with params(={root})
2016-07-16 10:09:35,810 DEBUG Built Plugin[name=loggers] OK from factory method.
2016-07-16 10:09:35,815 DEBUG property AsyncLoggerConfig.WaitStrategy=null
2016-07-16 10:09:35,815 DEBUG disruptor event handler uses BlockingWaitStrategy
2016-07-16 10:09:35,853 DEBUG Starting AsyncLoggerConfig disruptor with ringbuffer size=262144, waitStrategy=BlockingWaitStrategy, exceptionHandler=null...
2016-07-16 10:09:35,854 DEBUG Started configuration XmlConfiguration[location=/home/ylyu/parallel/log4j2/log4j29/dataset/logging-log4j2/LOG4J2-1067_4786a7395121e0fd1b4e12d7e1b3c0eebd64d794/log4j-core/target/test-classes/LOG4J2-807.xml] OK.
2016-07-16 10:09:35,855 DEBUG Shutting down OutputStreamManager SYSTEM_OUT
2016-07-16 10:09:35,855 DEBUG Stopped org.apache.logging.log4j.core.config.DefaultConfiguration@6ada5bd7 OK
2016-07-16 10:09:35,906 DEBUG Registering MBean org.apache.logging.log4j2:type=1616995172
2016-07-16 10:09:35,909 DEBUG Registering MBean org.apache.logging.log4j2:type=1616995172,component=StatusLogger
2016-07-16 10:09:35,910 DEBUG Registering MBean org.apache.logging.log4j2:type=1616995172,component=ContextSelector
2016-07-16 10:09:35,912 DEBUG Registering MBean org.apache.logging.log4j2:type=1616995172,component=Loggers,name=
2016-07-16 10:09:35,913 DEBUG Registering MBean org.apache.logging.log4j2:type=1616995172,component=Loggers,name=,subtype=RingBuffer
2016-07-16 10:09:35,914 DEBUG Registering MBean org.apache.logging.log4j2:type=1616995172,component=Appenders,name=FILE_APPENDER
2016-07-16 10:09:35,915 DEBUG LoggerContext[name=1616995172, org.apache.logging.log4j.core.LoggerContext@18893021] started OK with configuration XmlConfiguration[location=/home/ylyu/parallel/log4j2/log4j29/dataset/logging-log4j2/LOG4J2-1067_4786a7395121e0fd1b4e12d7e1b3c0eebd64d794/log4j-core/target/test-classes/LOG4J2-807.xml].
2016-07-16 10:09:35,920 DEBUG Using default SystemClock for timestamps
2016-07-16 10:09:42,928 DEBUG Reconfiguration started for context 1616995172 (org.apache.logging.log4j.core.LoggerContext@18893021)
2016-07-16 10:09:42,930 DEBUG Not in a ServletContext environment, thus not loading WebLookup plugin.
2016-07-16 10:09:42,936 DEBUG Starting configuration XmlConfiguration[location=/home/ylyu/parallel/log4j2/log4j29/dataset/logging-log4j2/LOG4J2-1067_4786a7395121e0fd1b4e12d7e1b3c0eebd64d794/log4j-core/target/test-classes/LOG4J2-807.xml]
2016-07-16 10:09:42,936 DEBUG PluginManager 'Core' found 78 plugins
2016-07-16 10:09:42,937 DEBUG PluginManager 'Level' found 1 plugins
2016-07-16 10:09:42,938 DEBUG PluginManager 'Lookup' found 13 plugins
2016-07-16 10:09:42,939 DEBUG Building Plugin[name=layout, class=org.apache.logging.log4j.core.layout.PatternLayout]. Searching for builder factory method...
2016-07-16 10:09:42,939 DEBUG Found builder factory method [newBuilder]: public static org.apache.logging.log4j.core.layout.PatternLayout$Builder org.apache.logging.log4j.core.layout.PatternLayout.newBuilder().
2016-07-16 10:09:42,941 DEBUG Calling build() on class class org.apache.logging.log4j.core.layout.PatternLayout$Builder for element PatternLayout with params(name="%d %-5p [%c{1.}] %m%n", Configuration(asynRootConfig), null, name="null", name="null", name="null", name="null", name="null")
2016-07-16 10:09:42,942 DEBUG PluginManager 'Converter' found 33 plugins
2016-07-16 10:09:42,943 DEBUG Built Plugin[name=layout] OK from builder factory method.
2016-07-16 10:09:42,944 DEBUG Building Plugin[name=appender, class=org.apache.logging.log4j.core.appender.RandomAccessFileAppender]. Searching for builder factory method...
2016-07-16 10:09:42,944 DEBUG No builder factory method found in class org.apache.logging.log4j.core.appender.RandomAccessFileAppender. Going to try finding a factory method instead.
2016-07-16 10:09:42,945 DEBUG Still building Plugin[name=appender, class=org.apache.logging.log4j.core.appender.RandomAccessFileAppender]. Searching for factory method...
2016-07-16 10:09:42,945 DEBUG Found factory method [createAppender]: public static org.apache.logging.log4j.core.appender.RandomAccessFileAppender org.apache.logging.log4j.core.appender.RandomAccessFileAppender.createAppender(java.lang.String,java.lang.String,java.lang.String,java.lang.String,java.lang.String,java.lang.String,org.apache.logging.log4j.core.Layout,org.apache.logging.log4j.core.Filter,java.lang.String,java.lang.String,org.apache.logging.log4j.core.config.Configuration).
2016-07-16 10:09:42,949 DEBUG Calling createAppender on class org.apache.logging.log4j.core.appender.RandomAccessFileAppender for element RandomAccessFile with params(name="target/LOG4J2-807.log", name="true", name="FILE_APPENDER", name="false", name="null", name="null", PatternLayout(%d %-5p [%c{1.}] %m%n), null, name="null", name="null", Configuration(asynRootConfig))
2016-07-16 10:09:42,950 DEBUG Built Plugin[name=appender] OK from factory method.
2016-07-16 10:09:42,950 DEBUG Building Plugin[name=appenders, class=org.apache.logging.log4j.core.config.AppendersPlugin]. Searching for builder factory method...
2016-07-16 10:09:42,950 DEBUG No builder factory method found in class org.apache.logging.log4j.core.config.AppendersPlugin. Going to try finding a factory method instead.
2016-07-16 10:09:42,951 DEBUG Still building Plugin[name=appenders, class=org.apache.logging.log4j.core.config.AppendersPlugin]. Searching for factory method...
2016-07-16 10:09:42,951 DEBUG Found factory method [createAppenders]: public static java.util.concurrent.ConcurrentMap org.apache.logging.log4j.core.config.AppendersPlugin.createAppenders(org.apache.logging.log4j.core.Appender[]).
2016-07-16 10:09:42,951 DEBUG Calling createAppenders on class org.apache.logging.log4j.core.config.AppendersPlugin for element Appenders with params(={FILE_APPENDER})
2016-07-16 10:09:42,952 DEBUG Built Plugin[name=appenders] OK from factory method.
2016-07-16 10:09:42,952 DEBUG Building Plugin[name=AppenderRef, class=org.apache.logging.log4j.core.config.AppenderRef]. Searching for builder factory method...
2016-07-16 10:09:42,952 DEBUG No builder factory method found in class org.apache.logging.log4j.core.config.AppenderRef. Going to try finding a factory method instead.
2016-07-16 10:09:42,953 DEBUG Still building Plugin[name=AppenderRef, class=org.apache.logging.log4j.core.config.AppenderRef]. Searching for factory method...
2016-07-16 10:09:42,954 DEBUG Found factory method [createAppenderRef]: public static org.apache.logging.log4j.core.config.AppenderRef org.apache.logging.log4j.core.config.AppenderRef.createAppenderRef(java.lang.String,org.apache.logging.log4j.Level,org.apache.logging.log4j.core.Filter).
2016-07-16 10:09:42,955 DEBUG Calling createAppenderRef on class org.apache.logging.log4j.core.config.AppenderRef for element AppenderRef with params(name="FILE_APPENDER", name="null", null)
2016-07-16 10:09:42,955 DEBUG Built Plugin[name=AppenderRef] OK from factory method.
2016-07-16 10:09:42,955 DEBUG Building Plugin[name=asyncRoot, class=org.apache.logging.log4j.core.async.AsyncLoggerConfig$RootLogger]. Searching for builder factory method...
2016-07-16 10:09:42,956 DEBUG No builder factory method found in class org.apache.logging.log4j.core.async.AsyncLoggerConfig$RootLogger. Going to try finding a factory method instead.
2016-07-16 10:09:42,956 DEBUG Still building Plugin[name=asyncRoot, class=org.apache.logging.log4j.core.async.AsyncLoggerConfig$RootLogger]. Searching for factory method...
2016-07-16 10:09:42,956 DEBUG Found factory method [createLogger]: public static org.apache.logging.log4j.core.config.LoggerConfig org.apache.logging.log4j.core.async.AsyncLoggerConfig$RootLogger.createLogger(java.lang.String,java.lang.String,java.lang.String,org.apache.logging.log4j.core.config.AppenderRef[],org.apache.logging.log4j.core.config.Property[],org.apache.logging.log4j.core.config.Configuration,org.apache.logging.log4j.core.Filter).
2016-07-16 10:09:42,959 DEBUG Calling createLogger on class org.apache.logging.log4j.core.async.AsyncLoggerConfig$RootLogger for element asyncRoot with params(name="null", name="debug", name="null", ={FILE_APPENDER}, ={}, Configuration(asynRootConfig), null)
2016-07-16 10:09:42,959 DEBUG Built Plugin[name=asyncRoot] OK from factory method.
2016-07-16 10:09:42,960 DEBUG Building Plugin[name=loggers, class=org.apache.logging.log4j.core.config.LoggersPlugin]. Searching for builder factory method...
2016-07-16 10:09:42,960 DEBUG No builder factory method found in class org.apache.logging.log4j.core.config.LoggersPlugin. Going to try finding a factory method instead.
2016-07-16 10:09:42,960 DEBUG Still building Plugin[name=loggers, class=org.apache.logging.log4j.core.config.LoggersPlugin]. Searching for factory method...
2016-07-16 10:09:42,961 DEBUG Found factory method [createLoggers]: public static org.apache.logging.log4j.core.config.Loggers org.apache.logging.log4j.core.config.LoggersPlugin.createLoggers(org.apache.logging.log4j.core.config.LoggerConfig[]).
2016-07-16 10:09:42,961 DEBUG Calling createLoggers on class org.apache.logging.log4j.core.config.LoggersPlugin for element Loggers with params(={root})
2016-07-16 10:09:42,961 DEBUG Built Plugin[name=loggers] OK from factory method.
2016-07-16 10:09:42,961 DEBUG Started configuration XmlConfiguration[location=/home/ylyu/parallel/log4j2/log4j29/dataset/logging-log4j2/LOG4J2-1067_4786a7395121e0fd1b4e12d7e1b3c0eebd64d794/log4j-core/target/test-classes/LOG4J2-807.xml] OK.
2016-07-16 10:09:42,962 DEBUG Stopped XmlConfiguration[location=/home/ylyu/parallel/log4j2/log4j29/dataset/logging-log4j2/LOG4J2-1067_4786a7395121e0fd1b4e12d7e1b3c0eebd64d794/log4j-core/target/test-classes/LOG4J2-807.xml] OK
2016-07-16 10:09:42,962 DEBUG Unregistering MBean org.apache.logging.log4j2:type=1616995172
2016-07-16 10:09:42,963 DEBUG Unregistering MBean org.apache.logging.log4j2:type=1616995172,component=StatusLogger
2016-07-16 10:09:42,963 DEBUG Unregistering MBean org.apache.logging.log4j2:type=1616995172,component=ContextSelector
2016-07-16 10:09:42,963 DEBUG Unregistering MBean org.apache.logging.log4j2:type=1616995172,component=Loggers,name=
2016-07-16 10:09:42,964 DEBUG Unregistering MBean org.apache.logging.log4j2:type=1616995172,component=Appenders,name=FILE_APPENDER
2016-07-16 10:09:42,964 DEBUG Unregistering MBean org.apache.logging.log4j2:type=1616995172,component=Loggers,name=,subtype=RingBuffer
2016-07-16 10:09:42,965 DEBUG Registering MBean org.apache.logging.log4j2:type=1616995172
2016-07-16 10:09:42,965 DEBUG Registering MBean org.apache.logging.log4j2:type=1616995172,component=StatusLogger
2016-07-16 10:09:42,965 DEBUG Registering MBean org.apache.logging.log4j2:type=1616995172,component=ContextSelector
2016-07-16 10:09:42,966 DEBUG Registering MBean org.apache.logging.log4j2:type=1616995172,component=Loggers,name=
2016-07-16 10:09:42,966 DEBUG Registering MBean org.apache.logging.log4j2:type=1616995172,component=Loggers,name=,subtype=RingBuffer
2016-07-16 10:09:42,966 DEBUG Registering MBean org.apache.logging.log4j2:type=1616995172,component=Appenders,name=FILE_APPENDER
2016-07-16 10:09:42,966 DEBUG Reconfiguration completed for 1616995172 (org.apache.logging.log4j.core.LoggerContext@18893021)
2016-07-16 10:09:45,929 DEBUG Stopping LoggerContext[name=1616995172, org.apache.logging.log4j.core.LoggerContext@18893021]...
2016-07-16 10:09:45,930 DEBUG Unregistering MBean org.apache.logging.log4j2:type=1616995172
2016-07-16 10:09:45,930 DEBUG Unregistering MBean org.apache.logging.log4j2:type=1616995172,component=StatusLogger
2016-07-16 10:09:45,931 DEBUG Unregistering MBean org.apache.logging.log4j2:type=1616995172,component=ContextSelector
2016-07-16 10:09:45,932 DEBUG Unregistering MBean org.apache.logging.log4j2:type=1616995172,component=Loggers,name=
2016-07-16 10:09:45,933 DEBUG Unregistering MBean org.apache.logging.log4j2:type=1616995172,component=Appenders,name=FILE_APPENDER
2016-07-16 10:09:45,934 DEBUG Unregistering MBean org.apache.logging.log4j2:type=1616995172,component=Loggers,name=,subtype=RingBuffer
2016-07-16 10:09:45,935 DEBUG Shutting down RandomAccessFileManager target/LOG4J2-807.log
2016-07-16 10:09:45,935 DEBUG Stopped XmlConfiguration[location=/home/ylyu/parallel/log4j2/log4j29/dataset/logging-log4j2/LOG4J2-1067_4786a7395121e0fd1b4e12d7e1b3c0eebd64d794/log4j-core/target/test-classes/LOG4J2-807.xml] OK
2016-07-16 10:09:45,936 DEBUG Stopped LoggerContext[name=1616995172, org.apache.logging.log4j.core.LoggerContext@18893021]...
Tests run: 1, Failures: 0, Errors: 0, Skipped: 0, Time elapsed: 10.452 sec - in org.apache.logging.log4j.core.async.AsyncRootReloadTest
2016-07-16 10:09:46,610 ERROR Unable to set up error Appender. No appender named STDOUT was configured
Running org.apache.logging.log4j.core.async.AsyncLoggersWithAsyncAppenderTest
2016-07-16 10:09:46,857 ERROR No log4j2 configuration file found. Using default configuration: logging only errors to the console.
Tests run: 1, Failures: 0, Errors: 0, Skipped: 0, Time elapsed: 0.126 sec - in org.apache.logging.log4j.core.async.AsyncLoggersWithAsyncAppenderTest
Running org.apache.logging.log4j.core.async.AsyncLoggerTimestampMessageTest
Tests run: 1, Failures: 0, Errors: 0, Skipped: 0, Time elapsed: 0.622 sec - in org.apache.logging.log4j.core.async.AsyncLoggerTimestampMessageTest
Running org.apache.logging.log4j.core.async.AsyncLoggerContextSelectorTest
Tests run: 4, Failures: 0, Errors: 0, Skipped: 0, Time elapsed: 0.19 sec - in org.apache.logging.log4j.core.async.AsyncLoggerContextSelectorTest
Running org.apache.logging.log4j.core.async.AsyncLoggerContextTest
Tests run: 1, Failures: 0, Errors: 0, Skipped: 0, Time elapsed: 0.378 sec - in org.apache.logging.log4j.core.async.AsyncLoggerContextTest
Running org.apache.logging.log4j.core.async.AsyncLoggerConfigTest
Tests run: 2, Failures: 0, Errors: 0, Skipped: 0, Time elapsed: 0.62 sec - in org.apache.logging.log4j.core.async.AsyncLoggerConfigTest
Running org.apache.logging.log4j.core.async.RingBufferLogEventTest
Tests run: 5, Failures: 0, Errors: 0, Skipped: 0, Time elapsed: 0.094 sec - in org.apache.logging.log4j.core.async.RingBufferLogEventTest
Running org.apache.logging.log4j.core.async.AsyncLoggerThreadContextTest
Tests run: 1, Failures: 0, Errors: 0, Skipped: 0, Time elapsed: 0.628 sec - in org.apache.logging.log4j.core.async.AsyncLoggerThreadContextTest
Running org.apache.logging.log4j.core.async.AsyncLoggerThreadNameStrategyTest
Tests run: 5, Failures: 0, Errors: 0, Skipped: 0, Time elapsed: 0.104 sec - in org.apache.logging.log4j.core.async.AsyncLoggerThreadNameStrategyTest
Running org.apache.logging.log4j.core.async.AsyncLoggerConfigUseAfterShutdownTest
Tests run: 1, Failures: 0, Errors: 0, Skipped: 0, Time elapsed: 0.495 sec - in org.apache.logging.log4j.core.async.AsyncLoggerConfigUseAfterShutdownTest
Running org.apache.logging.log4j.core.async.AsyncLoggersWithAsyncLoggerConfigTest
2016-07-16 10:09:53,657 ERROR No log4j2 configuration file found. Using default configuration: logging only errors to the console.
Tests run: 1, Failures: 0, Errors: 0, Skipped: 0, Time elapsed: 0.138 sec - in org.apache.logging.log4j.core.async.AsyncLoggersWithAsyncLoggerConfigTest
Running org.apache.logging.log4j.core.async.AsyncLoggerConfigAutoFlushTest
Tests run: 1, Failures: 0, Errors: 0, Skipped: 0, Time elapsed: 0.612 sec - in org.apache.logging.log4j.core.async.AsyncLoggerConfigAutoFlushTest
Running org.apache.logging.log4j.core.HostNameTest
Tests run: 1, Failures: 0, Errors: 0, Skipped: 0, Time elapsed: 0.021 sec - in org.apache.logging.log4j.core.HostNameTest
Running org.apache.logging.log4j.core.jmx.ServerTest
Tests run: 10, Failures: 0, Errors: 0, Skipped: 0, Time elapsed: 0.036 sec - in org.apache.logging.log4j.core.jmx.ServerTest
Running org.apache.logging.log4j.core.pattern.StyleConverterTest
Tests run: 1, Failures: 0, Errors: 0, Skipped: 0, Time elapsed: 0.422 sec - in org.apache.logging.log4j.core.pattern.StyleConverterTest
Running org.apache.logging.log4j.core.pattern.CallerInformationTest
Tests run: 2, Failures: 0, Errors: 0, Skipped: 0, Time elapsed: 0.014 sec - in org.apache.logging.log4j.core.pattern.CallerInformationTest
Running org.apache.logging.log4j.core.pattern.MessagePatternConverterTest
Tests run: 2, Failures: 0, Errors: 0, Skipped: 0, Time elapsed: 0.203 sec - in org.apache.logging.log4j.core.pattern.MessagePatternConverterTest
Running org.apache.logging.log4j.core.pattern.ExtendedThrowablePatternConverterTest
Tests run: 2, Failures: 0, Errors: 0, Skipped: 0, Time elapsed: 0.099 sec - in org.apache.logging.log4j.core.pattern.ExtendedThrowablePatternConverterTest
Running org.apache.logging.log4j.core.pattern.RootThrowableTest
Tests run: 1, Failures: 0, Errors: 0, Skipped: 0, Time elapsed: 0.024 sec - in org.apache.logging.log4j.core.pattern.RootThrowableTest
Running org.apache.logging.log4j.core.pattern.ThrowablePatternConverterTest
Tests run: 8, Failures: 0, Errors: 0, Skipped: 0, Time elapsed: 0.081 sec - in org.apache.logging.log4j.core.pattern.ThrowablePatternConverterTest
Running org.apache.logging.log4j.core.pattern.LevelPatternConverterTest
Tests run: 8, Failures: 0, Errors: 0, Skipped: 0, Time elapsed: 0.056 sec - in org.apache.logging.log4j.core.pattern.LevelPatternConverterTest
Running org.apache.logging.log4j.core.pattern.MapPatternConverterTest
Tests run: 2, Failures: 0, Errors: 0, Skipped: 0, Time elapsed: 0.052 sec - in org.apache.logging.log4j.core.pattern.MapPatternConverterTest
Running org.apache.logging.log4j.core.pattern.FormattingInfoTest
Tests run: 3, Failures: 0, Errors: 0, Skipped: 0, Time elapsed: 0.002 sec - in org.apache.logging.log4j.core.pattern.FormattingInfoTest
Running org.apache.logging.log4j.core.pattern.LiteralPatternConverterTest
Tests run: 2, Failures: 0, Errors: 0, Skipped: 0, Time elapsed: 0.029 sec - in org.apache.logging.log4j.core.pattern.LiteralPatternConverterTest
Running org.apache.logging.log4j.core.pattern.MdcPatternConverterTest
Tests run: 3, Failures: 0, Errors: 0, Skipped: 0, Time elapsed: 0.054 sec - in org.apache.logging.log4j.core.pattern.MdcPatternConverterTest
Running org.apache.logging.log4j.core.pattern.PatternParserTest
Tests run: 6, Failures: 0, Errors: 0, Skipped: 0, Time elapsed: 0.019 sec - in org.apache.logging.log4j.core.pattern.PatternParserTest
Running org.apache.logging.log4j.core.pattern.EncodingPatternConverterTest
Tests run: 1, Failures: 0, Errors: 0, Skipped: 0, Time elapsed: 0.314 sec - in org.apache.logging.log4j.core.pattern.EncodingPatternConverterTest
Running org.apache.logging.log4j.core.pattern.RegexReplacementConverterTest
Tests run: 1, Failures: 0, Errors: 0, Skipped: 0, Time elapsed: 0.295 sec - in org.apache.logging.log4j.core.pattern.RegexReplacementConverterTest
Running org.apache.logging.log4j.core.pattern.NameAbbreviatorTest
Tests run: 7, Failures: 0, Errors: 0, Skipped: 0, Time elapsed: 0.005 sec - in org.apache.logging.log4j.core.pattern.NameAbbreviatorTest
Running org.apache.logging.log4j.core.pattern.ExtendedThrowableTest
Tests run: 1, Failures: 0, Errors: 0, Skipped: 0, Time elapsed: 0.021 sec - in org.apache.logging.log4j.core.pattern.ExtendedThrowableTest
Running org.apache.logging.log4j.core.pattern.NoConsoleNoAnsiTest
Tests run: 1, Failures: 0, Errors: 0, Skipped: 0, Time elapsed: 0.395 sec - in org.apache.logging.log4j.core.pattern.NoConsoleNoAnsiTest
Running org.apache.logging.log4j.core.pattern.MarkerPatternConverterTest
Tests run: 1, Failures: 0, Errors: 0, Skipped: 0, Time elapsed: 0.05 sec - in org.apache.logging.log4j.core.pattern.MarkerPatternConverterTest
Running org.apache.logging.log4j.core.pattern.ThrowableTest
Tests run: 1, Failures: 0, Errors: 0, Skipped: 0, Time elapsed: 0.014 sec - in org.apache.logging.log4j.core.pattern.ThrowableTest
Running org.apache.logging.log4j.core.pattern.RootThrowablePatternConverterTest
Tests run: 2, Failures: 0, Errors: 0, Skipped: 0, Time elapsed: 0.069 sec - in org.apache.logging.log4j.core.pattern.RootThrowablePatternConverterTest
Running org.apache.logging.log4j.core.pattern.DatePatternConverterTest
Tests run: 9, Failures: 0, Errors: 0, Skipped: 0, Time elapsed: 0.055 sec - in org.apache.logging.log4j.core.pattern.DatePatternConverterTest
Running org.apache.logging.log4j.core.pattern.RegexReplacementTest
Tests run: 2, Failures: 0, Errors: 0, Skipped: 0, Time elapsed: 0.011 sec - in org.apache.logging.log4j.core.pattern.RegexReplacementTest
Running org.apache.logging.log4j.core.layout.SerializedLayoutTest
Tests run: 3, Failures: 0, Errors: 0, Skipped: 0, Time elapsed: 0.07 sec - in org.apache.logging.log4j.core.layout.SerializedLayoutTest
Running org.apache.logging.log4j.core.layout.PatternLayoutTest
Tests run: 13, Failures: 0, Errors: 0, Skipped: 0, Time elapsed: 0.013 sec - in org.apache.logging.log4j.core.layout.PatternLayoutTest
Running org.apache.logging.log4j.core.layout.SyslogLayoutTest
Tests run: 1, Failures: 0, Errors: 0, Skipped: 0, Time elapsed: 0.016 sec - in org.apache.logging.log4j.core.layout.SyslogLayoutTest
Running org.apache.logging.log4j.core.layout.GelfLayoutTest
Tests run: 3, Failures: 0, Errors: 0, Skipped: 0, Time elapsed: 0.256 sec - in org.apache.logging.log4j.core.layout.GelfLayoutTest
Running org.apache.logging.log4j.core.layout.XmlLayoutTest
Tests run: 6, Failures: 0, Errors: 0, Skipped: 0, Time elapsed: 0.526 sec - in org.apache.logging.log4j.core.layout.XmlLayoutTest
Running org.apache.logging.log4j.core.layout.Rfc5424LayoutTest
Tests run: 8, Failures: 0, Errors: 0, Skipped: 0, Time elapsed: 0.036 sec - in org.apache.logging.log4j.core.layout.Rfc5424LayoutTest
Running org.apache.logging.log4j.core.layout.JsonLayoutTest
Tests run: 8, Failures: 0, Errors: 0, Skipped: 0, Time elapsed: 0.494 sec - in org.apache.logging.log4j.core.layout.JsonLayoutTest
Running org.apache.logging.log4j.core.layout.HtmlLayoutTest
Tests run: 5, Failures: 0, Errors: 0, Skipped: 0, Time elapsed: 0.016 sec - in org.apache.logging.log4j.core.layout.HtmlLayoutTest
Running org.apache.logging.log4j.core.appender.TlsSyslogFrameTest
Tests run: 5, Failures: 0, Errors: 0, Skipped: 0, Time elapsed: 0.003 sec - in org.apache.logging.log4j.core.appender.TlsSyslogFrameTest
Running org.apache.logging.log4j.core.appender.ConsoleAppenderTest
Test
Tests run: 4, Failures: 0, Errors: 0, Skipped: 0, Time elapsed: 0.291 sec - in org.apache.logging.log4j.core.appender.ConsoleAppenderTest
Running org.apache.logging.log4j.core.appender.XmlFileAppenderTest
Tests run: 1, Failures: 0, Errors: 0, Skipped: 0, Time elapsed: 0.811 sec - in org.apache.logging.log4j.core.appender.XmlFileAppenderTest
Running org.apache.logging.log4j.core.appender.AsyncAppenderTest
Tests run: 2, Failures: 0, Errors: 0, Skipped: 0, Time elapsed: 0.227 sec - in org.apache.logging.log4j.core.appender.AsyncAppenderTest
Running org.apache.logging.log4j.core.appender.XmlCompactFileAppenderTest
Tests run: 1, Failures: 0, Errors: 0, Skipped: 0, Time elapsed: 0.69 sec - in org.apache.logging.log4j.core.appender.XmlCompactFileAppenderTest
Running org.apache.logging.log4j.core.appender.JsonCompleteFileAppenderTest
Tests run: 1, Failures: 0, Errors: 0, Skipped: 0, Time elapsed: 0.531 sec - in org.apache.logging.log4j.core.appender.JsonCompleteFileAppenderTest
Running org.apache.logging.log4j.core.appender.mom.JmsAppenderTest
Tests run: 3, Failures: 0, Errors: 0, Skipped: 0, Time elapsed: 0.366 sec - in org.apache.logging.log4j.core.appender.mom.JmsAppenderTest
Running org.apache.logging.log4j.core.appender.rolling.RollingAppenderTimeAndSizeTest
Tests run: 1, Failures: 0, Errors: 0, Skipped: 0, Time elapsed: 0.42 sec - in org.apache.logging.log4j.core.appender.rolling.RollingAppenderTimeAndSizeTest
Running org.apache.logging.log4j.core.appender.rolling.action.FileRenameActionTest
Tests run: 3, Failures: 0, Errors: 0, Skipped: 0, Time elapsed: 0.026 sec - in org.apache.logging.log4j.core.appender.rolling.action.FileRenameActionTest
Running org.apache.logging.log4j.core.appender.rolling.RollingAppenderUncompressedTest
Tests run: 1, Failures: 0, Errors: 0, Skipped: 0, Time elapsed: 0.053 sec - in org.apache.logging.log4j.core.appender.rolling.RollingAppenderUncompressedTest
Running org.apache.logging.log4j.core.appender.rolling.PatternProcessorTest
Tests run: 11, Failures: 0, Errors: 0, Skipped: 0, Time elapsed: 0.12 sec - in org.apache.logging.log4j.core.appender.rolling.PatternProcessorTest
Running org.apache.logging.log4j.core.appender.rolling.OnStartupTriggeringPolicyTest
Tests run: 1, Failures: 0, Errors: 0, Skipped: 0, Time elapsed: 0.123 sec - in org.apache.logging.log4j.core.appender.rolling.OnStartupTriggeringPolicyTest
Running org.apache.logging.log4j.core.appender.rolling.RollingFileAppenderAccessTest
Tests run: 1, Failures: 0, Errors: 0, Skipped: 0, Time elapsed: 0.266 sec - in org.apache.logging.log4j.core.appender.rolling.RollingFileAppenderAccessTest
Running org.apache.logging.log4j.core.appender.rolling.RollingRandomAccessFileManagerTest
Tests run: 6, Failures: 0, Errors: 0, Skipped: 0, Time elapsed: 0.129 sec - in org.apache.logging.log4j.core.appender.rolling.RollingRandomAccessFileManagerTest
Running org.apache.logging.log4j.core.appender.rolling.RollingAppenderTimeTest
Tests run: 1, Failures: 0, Errors: 0, Skipped: 0, Time elapsed: 2.059 sec - in org.apache.logging.log4j.core.appender.rolling.RollingAppenderTimeTest
Running org.apache.logging.log4j.core.appender.rolling.RollingAppenderSizeTest
Tests run: 2, Failures: 0, Errors: 0, Skipped: 0, Time elapsed: 0.552 sec - in org.apache.logging.log4j.core.appender.rolling.RollingAppenderSizeTest
Running org.apache.logging.log4j.core.appender.rolling.RollingRandomAccessFileManagerHeaderFooterTest
Tests run: 1, Failures: 0, Errors: 0, Skipped: 0, Time elapsed: 0.389 sec - in org.apache.logging.log4j.core.appender.rolling.RollingRandomAccessFileManagerHeaderFooterTest
Running org.apache.logging.log4j.core.appender.MemoryMappedFileManagerTest
Tests run: 2, Failures: 0, Errors: 0, Skipped: 0, Time elapsed: 0.07 sec - in org.apache.logging.log4j.core.appender.MemoryMappedFileManagerTest
Running org.apache.logging.log4j.core.appender.SmtpAppenderTest
Tests run: 6, Failures: 0, Errors: 0, Skipped: 0, Time elapsed: 0.311 sec - in org.apache.logging.log4j.core.appender.SmtpAppenderTest
Running org.apache.logging.log4j.core.appender.XmlCompactFileAsyncAppenderValidationTest
Tests run: 1, Failures: 0, Errors: 0, Skipped: 1, Time elapsed: 0.001 sec - in org.apache.logging.log4j.core.appender.XmlCompactFileAsyncAppenderValidationTest
Running org.apache.logging.log4j.core.appender.AsyncAppenderNoLocationTest
Tests run: 1, Failures: 0, Errors: 0, Skipped: 0, Time elapsed: 0.447 sec - in org.apache.logging.log4j.core.appender.AsyncAppenderNoLocationTest
Running org.apache.logging.log4j.core.appender.routing.RoutingAppenderTest
Tests run: 1, Failures: 0, Errors: 0, Skipped: 0, Time elapsed: 0.376 sec - in org.apache.logging.log4j.core.appender.routing.RoutingAppenderTest
Running org.apache.logging.log4j.core.appender.routing.RoutingAppenderWithJndiTest
Context [Test ] This is a message from unknown context
Context [Test ] This is a message from Application1
Context [Test ] This is a message from Application2
Context [Test ] This is another message from Application2
Context [Test ] This is a message from Application3
Context [Test ] This is a message from Application4
Tests run: 1, Failures: 0, Errors: 0, Skipped: 0, Time elapsed: 0.444 sec - in org.apache.logging.log4j.core.appender.routing.RoutingAppenderWithJndiTest
Running org.apache.logging.log4j.core.appender.routing.JsonRoutingAppenderTest
2016-07-16 10:10:31,745 ERROR No log4j2 configuration file found. Using default configuration: logging only errors to the console.
Tests run: 1, Failures: 0, Errors: 0, Skipped: 0, Time elapsed: 0.034 sec - in org.apache.logging.log4j.core.appender.routing.JsonRoutingAppenderTest
Running org.apache.logging.log4j.core.appender.routing.RoutingDefaultAppenderTest
Tests run: 1, Failures: 0, Errors: 0, Skipped: 0, Time elapsed: 0.378 sec - in org.apache.logging.log4j.core.appender.routing.RoutingDefaultAppenderTest
Running org.apache.logging.log4j.core.appender.routing.JsonRoutingAppender2Test
2016-07-16 10:10:33,282 ERROR No log4j2 configuration file found. Using default configuration: logging only errors to the console.
Tests run: 1, Failures: 0, Errors: 0, Skipped: 0, Time elapsed: 0.034 sec - in org.apache.logging.log4j.core.appender.routing.JsonRoutingAppender2Test
Running org.apache.logging.log4j.core.appender.FileAppenderTest
Tests run: 6, Failures: 0, Errors: 0, Skipped: 1, Time elapsed: 3.32 sec - in org.apache.logging.log4j.core.appender.FileAppenderTest
Running org.apache.logging.log4j.core.appender.XmlCompleteFileAppenderTest
Tests run: 1, Failures: 0, Errors: 0, Skipped: 0, Time elapsed: 0.798 sec - in org.apache.logging.log4j.core.appender.XmlCompleteFileAppenderTest
Running org.apache.logging.log4j.core.appender.RollingRandomAccessFileAppenderRolloverTest
Tests run: 1, Failures: 0, Errors: 0, Skipped: 0, Time elapsed: 0.467 sec - in org.apache.logging.log4j.core.appender.RollingRandomAccessFileAppenderRolloverTest
Running org.apache.logging.log4j.core.appender.OutputStreamAppenderTest
Tests run: 1, Failures: 0, Errors: 0, Skipped: 0, Time elapsed: 0.173 sec - in org.apache.logging.log4j.core.appender.OutputStreamAppenderTest
Running org.apache.logging.log4j.core.appender.SocketAppenderTest
Tests run: 5, Failures: 0, Errors: 0, Skipped: 0, Time elapsed: 0.423 sec - in org.apache.logging.log4j.core.appender.SocketAppenderTest
Running org.apache.logging.log4j.core.appender.TlsSyslogAppenderTest
Tests run: 9, Failures: 0, Errors: 0, Skipped: 0, Time elapsed: 3.48 sec - in org.apache.logging.log4j.core.appender.TlsSyslogAppenderTest
Running org.apache.logging.log4j.core.appender.FailoverAppenderTest
Tests run: 2, Failures: 0, Errors: 0, Skipped: 0, Time elapsed: 1.497 sec - in org.apache.logging.log4j.core.appender.FailoverAppenderTest
Running org.apache.logging.log4j.core.appender.MemoryMappedFileAppenderLocationTest
Tests run: 1, Failures: 0, Errors: 0, Skipped: 0, Time elapsed: 0.368 sec - in org.apache.logging.log4j.core.appender.MemoryMappedFileAppenderLocationTest
Running org.apache.logging.log4j.core.appender.SyslogAppenderTest
Tests run: 5, Failures: 0, Errors: 0, Skipped: 0, Time elapsed: 1.461 sec - in org.apache.logging.log4j.core.appender.SyslogAppenderTest
Running org.apache.logging.log4j.core.appender.db.jpa.converter.StackTraceElementAttributeConverterTest
Tests run: 6, Failures: 0, Errors: 0, Skipped: 0, Time elapsed: 0.006 sec - in org.apache.logging.log4j.core.appender.db.jpa.converter.StackTraceElementAttributeConverterTest
Running org.apache.logging.log4j.core.appender.db.jpa.converter.ThrowableAttributeConverterTest
Tests run: 4, Failures: 0, Errors: 0, Skipped: 0, Time elapsed: 0.048 sec - in org.apache.logging.log4j.core.appender.db.jpa.converter.ThrowableAttributeConverterTest
Running org.apache.logging.log4j.core.appender.db.jpa.converter.ContextStackJsonAttributeConverterTest
Tests run: 4, Failures: 0, Errors: 0, Skipped: 0, Time elapsed: 0.245 sec - in org.apache.logging.log4j.core.appender.db.jpa.converter.ContextStackJsonAttributeConverterTest
Running org.apache.logging.log4j.core.appender.db.jpa.converter.ContextMapJsonAttributeConverterTest
Tests run: 4, Failures: 0, Errors: 0, Skipped: 0, Time elapsed: 0.254 sec - in org.apache.logging.log4j.core.appender.db.jpa.converter.ContextMapJsonAttributeConverterTest
Running org.apache.logging.log4j.core.appender.db.jpa.converter.ContextMapAttributeConverterTest
Tests run: 4, Failures: 0, Errors: 0, Skipped: 0, Time elapsed: 0.004 sec - in org.apache.logging.log4j.core.appender.db.jpa.converter.ContextMapAttributeConverterTest
Running org.apache.logging.log4j.core.appender.db.jpa.converter.MessageAttributeConverterTest
Tests run: 3, Failures: 0, Errors: 0, Skipped: 0, Time elapsed: 0.006 sec - in org.apache.logging.log4j.core.appender.db.jpa.converter.MessageAttributeConverterTest
Running org.apache.logging.log4j.core.appender.db.jpa.converter.MarkerAttributeConverterTest
Tests run: 4, Failures: 0, Errors: 0, Skipped: 0, Time elapsed: 0.006 sec - in org.apache.logging.log4j.core.appender.db.jpa.converter.MarkerAttributeConverterTest
Running org.apache.logging.log4j.core.appender.db.jpa.converter.ContextStackAttributeConverterTest
Tests run: 4, Failures: 0, Errors: 0, Skipped: 0, Time elapsed: 0.004 sec - in org.apache.logging.log4j.core.appender.db.jpa.converter.ContextStackAttributeConverterTest
Running org.apache.logging.log4j.core.appender.db.jpa.JpaH2AppenderTest
[EL Info]: server: 2016-07-16 10:10:53.703--ServerSession(40627151)--Detected server platform: org.eclipse.persistence.platform.server.NoServerPlatform.
[EL Info]: server: 2016-07-16 10:10:54.151--ServerSession(40627151)--Detected server platform: org.eclipse.persistence.platform.server.NoServerPlatform.
[EL Info]: 2016-07-16 10:10:54.192--ServerSession(40627151)--EclipseLink, version: Eclipse Persistence Services - 2.6.0.v20150309-bf26070
[EL Info]: connection: 2016-07-16 10:10:54.268--ServerSession(40627151)--/file:/home/ylyu/parallel/log4j2/log4j29/dataset/logging-log4j2/LOG4J2-1067_4786a7395121e0fd1b4e12d7e1b3c0eebd64d794/log4j-core/target/test-classes/_h2JpaAppenderTestUnit login successful
[EL Info]: connection: 2016-07-16 10:10:54.311--ServerSession(40627151)--/file:/home/ylyu/parallel/log4j2/log4j29/dataset/logging-log4j2/LOG4J2-1067_4786a7395121e0fd1b4e12d7e1b3c0eebd64d794/log4j-core/target/test-classes/_h2JpaAppenderTestUnit logout successful
[EL Warning]: 2016-07-16 10:10:54.311--session_manager_no_partition
[EL Info]: server: 2016-07-16 10:10:54.369--ServerSession(237872015)--Detected server platform: org.eclipse.persistence.platform.server.NoServerPlatform.
[EL Info]: server: 2016-07-16 10:10:54.45--ServerSession(237872015)--Detected server platform: org.eclipse.persistence.platform.server.NoServerPlatform.
[EL Info]: 2016-07-16 10:10:54.452--ServerSession(237872015)--EclipseLink, version: Eclipse Persistence Services - 2.6.0.v20150309-bf26070
[EL Info]: connection: 2016-07-16 10:10:54.454--ServerSession(237872015)--/file:/home/ylyu/parallel/log4j2/log4j29/dataset/logging-log4j2/LOG4J2-1067_4786a7395121e0fd1b4e12d7e1b3c0eebd64d794/log4j-core/target/test-classes/_h2JpaAppenderTestUnit login successful
[EL Info]: connection: 2016-07-16 10:10:54.473--ServerSession(237872015)--/file:/home/ylyu/parallel/log4j2/log4j29/dataset/logging-log4j2/LOG4J2-1067_4786a7395121e0fd1b4e12d7e1b3c0eebd64d794/log4j-core/target/test-classes/_h2JpaAppenderTestUnit logout successful
[EL Warning]: 2016-07-16 10:10:54.473--session_manager_no_partition
Tests run: 2, Failures: 0, Errors: 0, Skipped: 0, Time elapsed: 2.084 sec - in org.apache.logging.log4j.core.appender.db.jpa.JpaH2AppenderTest
Running org.apache.logging.log4j.core.appender.db.jpa.JpaHyperSqlAppenderTest
[EL Info]: server: 2016-07-16 10:10:56.165--ServerSession(105408728)--Detected server platform: org.eclipse.persistence.platform.server.NoServerPlatform.
[EL Info]: server: 2016-07-16 10:10:56.605--ServerSession(105408728)--Detected server platform: org.eclipse.persistence.platform.server.NoServerPlatform.
[EL Info]: 2016-07-16 10:10:56.646--ServerSession(105408728)--EclipseLink, version: Eclipse Persistence Services - 2.6.0.v20150309-bf26070
[EL Info]: connection: 2016-07-16 10:10:56.725--ServerSession(105408728)--/file:/home/ylyu/parallel/log4j2/log4j29/dataset/logging-log4j2/LOG4J2-1067_4786a7395121e0fd1b4e12d7e1b3c0eebd64d794/log4j-core/target/test-classes/_hyperSqlJpaAppenderTestUnit login successful
[EL Info]: connection: 2016-07-16 10:10:56.768--ServerSession(105408728)--/file:/home/ylyu/parallel/log4j2/log4j29/dataset/logging-log4j2/LOG4J2-1067_4786a7395121e0fd1b4e12d7e1b3c0eebd64d794/log4j-core/target/test-classes/_hyperSqlJpaAppenderTestUnit logout successful
[EL Warning]: 2016-07-16 10:10:56.768--session_manager_no_partition
[EL Info]: server: 2016-07-16 10:10:56.882--ServerSession(523367798)--Detected server platform: org.eclipse.persistence.platform.server.NoServerPlatform.
[EL Info]: server: 2016-07-16 10:10:56.968--ServerSession(523367798)--Detected server platform: org.eclipse.persistence.platform.server.NoServerPlatform.
[EL Info]: 2016-07-16 10:10:56.97--ServerSession(523367798)--EclipseLink, version: Eclipse Persistence Services - 2.6.0.v20150309-bf26070
[EL Info]: connection: 2016-07-16 10:10:56.972--ServerSession(523367798)--/file:/home/ylyu/parallel/log4j2/log4j29/dataset/logging-log4j2/LOG4J2-1067_4786a7395121e0fd1b4e12d7e1b3c0eebd64d794/log4j-core/target/test-classes/_hyperSqlJpaAppenderTestUnit login successful
[EL Info]: connection: 2016-07-16 10:10:56.991--ServerSession(523367798)--/file:/home/ylyu/parallel/log4j2/log4j29/dataset/logging-log4j2/LOG4J2-1067_4786a7395121e0fd1b4e12d7e1b3c0eebd64d794/log4j-core/target/test-classes/_hyperSqlJpaAppenderTestUnit logout successful
[EL Warning]: 2016-07-16 10:10:56.992--session_manager_no_partition
Tests run: 8, Failures: 0, Errors: 0, Skipped: 0, Time elapsed: 1.855 sec - in org.apache.logging.log4j.core.appender.db.jpa.JpaHyperSqlAppenderTest
Running org.apache.logging.log4j.core.appender.db.jdbc.JdbcH2AppenderTest
Tests run: 2, Failures: 0, Errors: 0, Skipped: 0, Time elapsed: 1.137 sec - in org.apache.logging.log4j.core.appender.db.jdbc.JdbcH2AppenderTest
Running org.apache.logging.log4j.core.appender.db.jdbc.ColumnConfigTest
Tests run: 14, Failures: 0, Errors: 0, Skipped: 0, Time elapsed: 0.164 sec - in org.apache.logging.log4j.core.appender.db.jdbc.ColumnConfigTest
Running org.apache.logging.log4j.core.appender.db.jdbc.DataSourceConnectionSourceTest
Tests run: 8, Failures: 0, Errors: 0, Skipped: 0, Time elapsed: 0.166 sec - in org.apache.logging.log4j.core.appender.db.jdbc.DataSourceConnectionSourceTest
Running org.apache.logging.log4j.core.appender.db.jdbc.FactoryMethodConnectionSourceTest
Tests run: 7, Failures: 0, Errors: 0, Skipped: 0, Time elapsed: 0.035 sec - in org.apache.logging.log4j.core.appender.db.jdbc.FactoryMethodConnectionSourceTest
Running org.apache.logging.log4j.core.appender.db.jdbc.JdbcHyperSqlAppenderTest
Tests run: 2, Failures: 0, Errors: 0, Skipped: 0, Time elapsed: 0.871 sec - in org.apache.logging.log4j.core.appender.db.jdbc.JdbcHyperSqlAppenderTest
Running org.apache.logging.log4j.core.appender.db.AbstractDatabaseManagerTest
Tests run: 8, Failures: 0, Errors: 0, Skipped: 0, Time elapsed: 0.167 sec - in org.apache.logging.log4j.core.appender.db.AbstractDatabaseManagerTest
Running org.apache.logging.log4j.core.appender.db.AbstractDatabaseAppenderTest
Tests run: 5, Failures: 0, Errors: 0, Skipped: 0, Time elapsed: 0.198 sec - in org.apache.logging.log4j.core.appender.db.AbstractDatabaseAppenderTest
Running org.apache.logging.log4j.core.appender.MemoryMappedFileAppenderSimpleTest
Tests run: 1, Failures: 0, Errors: 0, Skipped: 0, Time elapsed: 0.37 sec - in org.apache.logging.log4j.core.appender.MemoryMappedFileAppenderSimpleTest
Running org.apache.logging.log4j.core.appender.MemoryMappedFileAppenderRemapTest
Tests run: 1, Failures: 0, Errors: 0, Skipped: 0, Time elapsed: 0.382 sec - in org.apache.logging.log4j.core.appender.MemoryMappedFileAppenderRemapTest
Running org.apache.logging.log4j.core.appender.rewrite.LoggerNameLevelRewritePolicyTest
Tests run: 1, Failures: 0, Errors: 0, Skipped: 0, Time elapsed: 0.048 sec - in org.apache.logging.log4j.core.appender.rewrite.LoggerNameLevelRewritePolicyTest
Running org.apache.logging.log4j.core.appender.rewrite.MapRewritePolicyTest
Tests run: 3, Failures: 0, Errors: 0, Skipped: 0, Time elapsed: 0.025 sec - in org.apache.logging.log4j.core.appender.rewrite.MapRewritePolicyTest
Running org.apache.logging.log4j.core.appender.rewrite.RewriteAppenderTest
Tests run: 3, Failures: 0, Errors: 0, Skipped: 0, Time elapsed: 0.452 sec - in org.apache.logging.log4j.core.appender.rewrite.RewriteAppenderTest
Running org.apache.logging.log4j.core.appender.RandomAccessFileManagerTest
Tests run: 5, Failures: 0, Errors: 0, Skipped: 0, Time elapsed: 0.043 sec - in org.apache.logging.log4j.core.appender.RandomAccessFileManagerTest
Running org.apache.logging.log4j.core.appender.XmlCompactFileAppenderValidationTest
Tests run: 1, Failures: 0, Errors: 0, Skipped: 1, Time elapsed: 0.001 sec - in org.apache.logging.log4j.core.appender.XmlCompactFileAppenderValidationTest
Running org.apache.logging.log4j.core.appender.XmlRandomAccessFileAppenderTest
Tests run: 1, Failures: 0, Errors: 0, Skipped: 1, Time elapsed: 0.001 sec - in org.apache.logging.log4j.core.appender.XmlRandomAccessFileAppenderTest
Running org.apache.logging.log4j.core.CollectionLoggingTest
Tests run: 4, Failures: 0, Errors: 0, Skipped: 0, Time elapsed: 0.078 sec - in org.apache.logging.log4j.core.CollectionLoggingTest

Results :

Tests in error: 
  ThrowableProxyTest.testSerialization_getExtendedStackTraceAsStringWithNestedThrowableDepth1:152->testSerialization_getExtendedStackTraceAsStringWithNestedThrowable:174 » NullPointer
  ThrowableProxyTest.testSerialization_getExtendedStackTraceAsStringWithNestedThrowableDepth2:159->testSerialization_getExtendedStackTraceAsStringWithNestedThrowable:174 » NullPointer
  ThrowableProxyTest.testSerialization_getExtendedStackTraceAsStringWithNestedThrowableDepth3:166->testSerialization_getExtendedStackTraceAsStringWithNestedThrowable:174 » NullPointer

Tests run: 766, Failures: 0, Errors: 3, Skipped: 29

[INFO] ------------------------------------------------------------------------
[INFO] BUILD FAILURE
[INFO] ------------------------------------------------------------------------
[INFO] Total time: 03:21 min
[INFO] Finished at: 2016-07-16T10:11:07-07:00
[INFO] Final Memory: 20M/926M
[INFO] ------------------------------------------------------------------------
[ERROR] Failed to execute goal org.apache.maven.plugins:maven-surefire-plugin:2.18.1:test (default-test) on project log4j-core: There are test failures.
[ERROR] 
[ERROR] Please refer to /home/ylyu/parallel/log4j2/log4j29/dataset/logging-log4j2/LOG4J2-1067_4786a7395121e0fd1b4e12d7e1b3c0eebd64d794/log4j-core/target/surefire-reports for the individual test results.
[ERROR] -> [Help 1]
[ERROR] 
[ERROR] To see the full stack trace of the errors, re-run Maven with the -e switch.
[ERROR] Re-run Maven using the -X switch to enable full debug logging.
[ERROR] 
[ERROR] For more information about the errors and possible solutions, please read the following articles:
[ERROR] [Help 1] http://cwiki.apache.org/confluence/display/MAVEN/MojoFailureException
