[INFO] Scanning for projects...
[INFO]                                                                         
[INFO] ------------------------------------------------------------------------
[INFO] Building Maven Core 3.0.3-SNAPSHOT
[INFO] ------------------------------------------------------------------------
[INFO] 
[INFO] --- modello-maven-plugin:1.4:java (standard) @ maven-core ---
[INFO] outputDirectory: /home/ylyu/parallel/maven/maven9/dataset/mng/MNG-5003_a7d9b689faf5489524169598caef0fb7a5ea326f/maven-core/target/generated-sources/modello
[INFO] Working on model: src/main/mdo/toolchains.mdo
[INFO] Generating current version: 1.0.0
[INFO] 
[INFO] --- modello-maven-plugin:1.4:xpp3-reader (standard) @ maven-core ---
[INFO] outputDirectory: /home/ylyu/parallel/maven/maven9/dataset/mng/MNG-5003_a7d9b689faf5489524169598caef0fb7a5ea326f/maven-core/target/generated-sources/modello
[INFO] Working on model: src/main/mdo/toolchains.mdo
[INFO] Generating current version: 1.0.0
[INFO] 
[INFO] --- modello-maven-plugin:1.4:xpp3-writer (standard) @ maven-core ---
[INFO] outputDirectory: /home/ylyu/parallel/maven/maven9/dataset/mng/MNG-5003_a7d9b689faf5489524169598caef0fb7a5ea326f/maven-core/target/generated-sources/modello
[INFO] Working on model: src/main/mdo/toolchains.mdo
[INFO] Generating current version: 1.0.0
[INFO] 
[INFO] --- maven-remote-resources-plugin:1.1:process (default) @ maven-core ---
[INFO] Setting property: classpath.resource.loader.class => 'org.codehaus.plexus.velocity.ContextClassLoaderResourceLoader'.
[INFO] Setting property: velocimacro.messages.on => 'false'.
[INFO] Setting property: resource.loader => 'classpath'.
[INFO] Setting property: resource.manager.logwhenfound => 'false'.
[INFO] 
[INFO] --- buildnumber-maven-plugin:1.0-beta-1:create (default) @ maven-core ---
[INFO] Storing buildNumber: NON-CANONICAL_2016-07-13_21-50_ylyu at timestamp: 1468471852773
[INFO] 
[INFO] --- maven-resources-plugin:2.4.2:resources (default-resources) @ maven-core ---
[INFO] Using 'UTF-8' encoding to copy filtered resources.
[INFO] Copying 16 resources
[INFO] Copying 3 resources
[INFO] 
[INFO] --- maven-compiler-plugin:2.0.2:compile (default-compile) @ maven-core ---
[INFO] Compiling 4 source files to /home/ylyu/parallel/maven/maven9/dataset/mng/MNG-5003_a7d9b689faf5489524169598caef0fb7a5ea326f/maven-core/target/classes
[INFO] 
[INFO] --- animal-sniffer-maven-plugin:1.6:check (check-java-1.5-compat) @ maven-core ---
[INFO] Checking unresolved references to org.codehaus.mojo.signature:java15:1.0
[INFO] 
[INFO] --- plexus-component-metadata:1.5.5:generate-metadata (default) @ maven-core ---
[INFO] Discovered 59 component descriptors(s)
[INFO] 
[INFO] --- maven-resources-plugin:2.4.2:testResources (default-testResources) @ maven-core ---
[INFO] Using 'UTF-8' encoding to copy filtered resources.
[INFO] Copying 212 resources
[INFO] Copying 3 resources
[INFO] 
[INFO] --- maven-compiler-plugin:2.0.2:testCompile (default-testCompile) @ maven-core ---
[INFO] Nothing to compile - all classes are up to date
[INFO] 
[INFO] --- plexus-component-metadata:1.5.5:generate-test-metadata (default) @ maven-core ---
[INFO] Discovered 4 component descriptors(s)
[INFO] 
[INFO] --- maven-surefire-plugin:2.4.3:test (default-test) @ maven-core ---
[INFO] Surefire report directory: /home/ylyu/parallel/maven/maven9/dataset/mng/MNG-5003_a7d9b689faf5489524169598caef0fb7a5ea326f/maven-core/target/surefire-reports

-------------------------------------------------------
 T E S T S
-------------------------------------------------------
Running org.apache.maven.project.artifact.DefaultMavenMetadataCacheTest
Tests run: 1, Failures: 0, Errors: 0, Skipped: 0, Time elapsed: 0.48 sec
Running org.apache.maven.project.artifact.MavenMetadataSourceTest
Tests run: 1, Failures: 0, Errors: 0, Skipped: 0, Time elapsed: 0.085 sec
Running org.apache.maven.lifecycle.internal.BuilderCommonTest
Tests run: 4, Failures: 0, Errors: 0, Skipped: 0, Time elapsed: 0.021 sec
Running org.apache.maven.lifecycle.internal.ThreadConfigurationServiceTest
Tests run: 1, Failures: 0, Errors: 0, Skipped: 0, Time elapsed: 0.002 sec
Running org.apache.maven.toolchain.RequirementMatcherFactoryTest
Tests run: 2, Failures: 0, Errors: 0, Skipped: 0, Time elapsed: 0.005 sec
Running org.apache.maven.project.ProjectBuilderTest
Tests run: 1, Failures: 0, Errors: 0, Skipped: 0, Time elapsed: 0.272 sec
Running org.apache.maven.plugin.PluginManagerTest
Tests run: 11, Failures: 1, Errors: 0, Skipped: 0, Time elapsed: 0.875 sec <<< FAILURE!
Running org.apache.maven.MavenLifecycleParticipantTest
Tests run: 1, Failures: 0, Errors: 0, Skipped: 0, Time elapsed: 0.148 sec
Running org.apache.maven.configuration.DefaultBeanConfiguratorTest
Tests run: 3, Failures: 0, Errors: 0, Skipped: 0, Time elapsed: 0.116 sec
Running org.apache.maven.lifecycle.internal.BuildListCalculatorTest
Tests run: 1, Failures: 0, Errors: 0, Skipped: 0, Time elapsed: 0.003 sec
Running org.apache.maven.lifecycle.LifecycleExecutorSubModulesTest
Tests run: 1, Failures: 0, Errors: 0, Skipped: 0, Time elapsed: 0.052 sec
Running org.apache.maven.project.canonical.CanonicalProjectBuilderTest
Tests run: 1, Failures: 0, Errors: 0, Skipped: 0, Time elapsed: 0.047 sec
Running org.apache.maven.lifecycle.MavenExecutionPlanTest
Tests run: 6, Failures: 0, Errors: 0, Skipped: 0, Time elapsed: 0.004 sec
Running org.apache.maven.repository.TestRepositoryConnectorFactory
Tests run: 0, Failures: 0, Errors: 0, Skipped: 0, Time elapsed: 0.001 sec
Running org.apache.maven.project.ProjectSorterTest
Tests run: 12, Failures: 0, Errors: 0, Skipped: 0, Time elapsed: 0.004 sec
Running org.apache.maven.lifecycle.LifecycleExecutorTest
Tests run: 12, Failures: 0, Errors: 0, Skipped: 0, Time elapsed: 0.659 sec
Running org.apache.maven.settings.SettingsUtilsTest
Tests run: 1, Failures: 0, Errors: 0, Skipped: 0, Time elapsed: 0.003 sec
Running org.apache.maven.lifecycle.internal.stub.ProjectDependencyGraphStubTest
Tests run: 1, Failures: 0, Errors: 0, Skipped: 0, Time elapsed: 0.001 sec
Running org.apache.maven.lifecycle.internal.ConcurrentBuildLoggerTest
Tests run: 1, Failures: 0, Errors: 0, Skipped: 0, Time elapsed: 0.004 sec
Running org.apache.maven.lifecycle.internal.ThreadOutputMuxerTest
Tests run: 2, Failures: 0, Errors: 0, Skipped: 0, Time elapsed: 0.539 sec
Running org.apache.maven.lifecycle.internal.LifecycleWeaveBuilderTest
Tests run: 2, Failures: 0, Errors: 0, Skipped: 0, Time elapsed: 0.027 sec
Running org.apache.maven.lifecycle.internal.ConcurrencyDependencyGraphTest
Tests run: 2, Failures: 0, Errors: 0, Skipped: 0, Time elapsed: 0.002 sec
Running org.apache.maven.project.MavenProjectTest
Tests run: 8, Failures: 0, Errors: 0, Skipped: 0, Time elapsed: 0.296 sec
Running org.apache.maven.lifecycle.internal.ExecutionPlanItemTest
Tests run: 2, Failures: 0, Errors: 0, Skipped: 0, Time elapsed: 0.002 sec
Running org.apache.maven.plugin.PluginParameterExpressionEvaluatorTest
Tests run: 16, Failures: 0, Errors: 0, Skipped: 0, Time elapsed: 0.404 sec
Running org.apache.maven.repository.TestRepositorySystem
Tests run: 0, Failures: 0, Errors: 0, Skipped: 0, Time elapsed: 0.001 sec
Running org.apache.maven.settings.PomConstructionWithSettingsTest
Tests run: 3, Failures: 0, Errors: 0, Skipped: 0, Time elapsed: 0.099 sec
Running org.apache.maven.lifecycle.internal.PhaseRecorderTest
Tests run: 1, Failures: 0, Errors: 0, Skipped: 0, Time elapsed: 0.001 sec
Running org.apache.maven.lifecycle.internal.LifecycleExecutionPlanCalculatorTest
Tests run: 1, Failures: 0, Errors: 0, Skipped: 0, Time elapsed: 0.021 sec
Running org.apache.maven.project.PomConstructionTest
Tests run: 122, Failures: 0, Errors: 0, Skipped: 0, Time elapsed: 2.355 sec
Running org.apache.maven.execution.DefaultMavenExecutionTest
Tests run: 2, Failures: 0, Errors: 0, Skipped: 0, Time elapsed: 0.001 sec
Running org.apache.maven.project.TestMetadataSource
Tests run: 0, Failures: 0, Errors: 0, Skipped: 0, Time elapsed: 0.001 sec
Running org.apache.maven.lifecycle.internal.LifecycleTaskSegmentCalculatorImplTest
Tests run: 1, Failures: 0, Errors: 0, Skipped: 0, Time elapsed: 0.001 sec
Running org.apache.maven.lifecycle.internal.ProjectBuildListTest
Tests run: 1, Failures: 0, Errors: 0, Skipped: 0, Time elapsed: 0.001 sec
Running org.apache.maven.MavenTest
Tests run: 1, Failures: 0, Errors: 0, Skipped: 0, Time elapsed: 0.019 sec
Running org.apache.maven.project.ExtensionDescriptorBuilderTest
Tests run: 2, Failures: 0, Errors: 0, Skipped: 0, Time elapsed: 0.001 sec
Running org.apache.maven.lifecycle.DefaultSchedulesTest
Tests run: 1, Failures: 0, Errors: 0, Skipped: 0, Time elapsed: 0.014 sec
Running org.apache.maven.rtinfo.internal.DefaultRuntimeInformationTest
Tests run: 2, Failures: 0, Errors: 0, Skipped: 0, Time elapsed: 0.026 sec
Running org.apache.maven.lifecycle.DefaultLifecyclesTest
Tests run: 1, Failures: 0, Errors: 0, Skipped: 0, Time elapsed: 0.014 sec
Running org.apache.maven.project.DefaultMavenProjectBuilderTest
Tests run: 3, Failures: 0, Errors: 0, Skipped: 0, Time elapsed: 0.053 sec
Running org.apache.maven.ProjectDependenciesResolverTest
Tests run: 2, Failures: 0, Errors: 0, Skipped: 0, Time elapsed: 0.042 sec

Results :

Failed tests: 
  testPluginRealmCache(org.apache.maven.plugin.PluginManagerTest)

Tests run: 236, Failures: 1, Errors: 0, Skipped: 0

[INFO] ------------------------------------------------------------------------
[INFO] BUILD FAILURE
[INFO] ------------------------------------------------------------------------
[INFO] Total time: 13.718 s
[INFO] Finished at: 2016-07-13T21:51:04-07:00
[INFO] Final Memory: 59M/2733M
[INFO] ------------------------------------------------------------------------
[ERROR] Failed to execute goal org.apache.maven.plugins:maven-surefire-plugin:2.4.3:test (default-test) on project maven-core: There are test failures.
[ERROR] 
[ERROR] Please refer to /home/ylyu/parallel/maven/maven9/dataset/mng/MNG-5003_a7d9b689faf5489524169598caef0fb7a5ea326f/maven-core/target/surefire-reports for the individual test results.
[ERROR] -> [Help 1]
[ERROR] 
[ERROR] To see the full stack trace of the errors, re-run Maven with the -e switch.
[ERROR] Re-run Maven using the -X switch to enable full debug logging.
[ERROR] 
[ERROR] For more information about the errors and possible solutions, please read the following articles:
[ERROR] [Help 1] http://cwiki.apache.org/confluence/display/MAVEN/MojoFailureException
