[INFO] Scanning for projects...
[INFO]                                                                         
[INFO] ------------------------------------------------------------------------
[INFO] Building Wicket Util 7.0.0-SNAPSHOT
[INFO] ------------------------------------------------------------------------
[INFO] 
[INFO] --- maven-remote-resources-plugin:1.5:process (default) @ wicket-util ---
[INFO] 
[INFO] --- maven-resources-plugin:2.6:resources (default-resources) @ wicket-util ---
[INFO] Using 'UTF-8' encoding to copy filtered resources.
[INFO] Copying 11 resources
[INFO] skip non existing resourceDirectory /home/ylyu/dataset/wicket3/dataset/wicket/WICKET-5706_0f8a6d757367e73eaadcb0dff1372d169bcefb76/wicket-util/src/main/resources
[INFO] Copying 3 resources
[INFO] 
[INFO] --- maven-compiler-plugin:3.1:compile (default-compile) @ wicket-util ---
[INFO] Nothing to compile - all classes are up to date
[INFO] 
[INFO] >>> clirr-maven-plugin:2.6.1:check (clirr-check) > compile @ wicket-util >>>
[INFO] 
[INFO] --- maven-remote-resources-plugin:1.5:process (default) @ wicket-util ---
[INFO] 
[INFO] --- maven-resources-plugin:2.6:resources (default-resources) @ wicket-util ---
[INFO] Using 'UTF-8' encoding to copy filtered resources.
[INFO] Copying 11 resources
[INFO] skip non existing resourceDirectory /home/ylyu/dataset/wicket3/dataset/wicket/WICKET-5706_0f8a6d757367e73eaadcb0dff1372d169bcefb76/wicket-util/src/main/resources
[INFO] Copying 3 resources
[INFO] Copying 3 resources
[INFO] 
[INFO] --- maven-compiler-plugin:3.1:compile (default-compile) @ wicket-util ---
[INFO] Nothing to compile - all classes are up to date
[INFO] 
[INFO] <<< clirr-maven-plugin:2.6.1:check (clirr-check) < compile @ wicket-util <<<
[INFO] 
[INFO] --- clirr-maven-plugin:2.6.1:check (clirr-check) @ wicket-util ---
[INFO] Skipping execution
[INFO] 
[INFO] --- maven-bundle-plugin:2.5.0:manifest (bundle-manifest) @ wicket-util ---
[WARNING] Manifest org.apache.wicket:wicket-util:jar:7.0.0-SNAPSHOT : Unused Import-Package instructions: [org.apache.wicket*] 
[INFO] 
[INFO] --- maven-resources-plugin:2.6:testResources (default-testResources) @ wicket-util ---
[INFO] Using 'UTF-8' encoding to copy filtered resources.
[INFO] Copying 9 resources
[INFO] Copying 3 resources
[INFO] 
[INFO] --- maven-compiler-plugin:3.1:testCompile (default-testCompile) @ wicket-util ---
[INFO] Nothing to compile - all classes are up to date
[INFO] 
[INFO] --- maven-surefire-plugin:2.17:test (default-test) @ wicket-util ---
[INFO] Surefire report directory: /home/ylyu/dataset/wicket3/dataset/wicket/WICKET-5706_0f8a6d757367e73eaadcb0dff1372d169bcefb76/wicket-util/target/surefire-reports
[INFO] Using configured provider org.apache.maven.surefire.junitcore.JUnitCoreProvider
[INFO] parallel='none', perCoreThreadCount=true, threadCount=0, useUnlimitedThreads=false, threadCountSuites=0, threadCountClasses=0, threadCountMethods=0, parallelOptimized=true

-------------------------------------------------------
 T E S T S
-------------------------------------------------------
Running org.apache.wicket.util.resource.ResourceUtilsTest
Tests run: 1, Failures: 1, Errors: 0, Skipped: 0, Time elapsed: 0.046 sec <<< FAILURE! - in org.apache.wicket.util.resource.ResourceUtilsTest
getLocaleFromFilename(org.apache.wicket.util.resource.ResourceUtilsTest)  Time elapsed: 0.045 sec  <<< FAILURE!
java.lang.AssertionError: 
Expected: is "some.ext"
     but: was "some"
	at org.hamcrest.MatcherAssert.assertThat(MatcherAssert.java:20)
	at org.junit.Assert.assertThat(Assert.java:865)
	at org.junit.Assert.assertThat(Assert.java:832)
	at org.apache.wicket.util.resource.ResourceUtilsTest.getLocaleFromFilename(ResourceUtilsTest.java:39)

Running org.apache.wicket.util.io.FullyBufferedReaderTest
Tests run: 6, Failures: 0, Errors: 0, Skipped: 0, Time elapsed: 0.001 sec - in org.apache.wicket.util.io.FullyBufferedReaderTest
Running org.apache.wicket.util.io.LastModifiedTest
Tests run: 3, Failures: 0, Errors: 0, Skipped: 0, Time elapsed: 0.137 sec - in org.apache.wicket.util.io.LastModifiedTest
Running org.apache.wicket.util.io.XmlReaderTest
Tests run: 8, Failures: 0, Errors: 0, Skipped: 0, Time elapsed: 0.017 sec - in org.apache.wicket.util.io.XmlReaderTest
Running org.apache.wicket.util.size.BytesTest
Tests run: 4, Failures: 0, Errors: 0, Skipped: 0, Time elapsed: 0.004 sec - in org.apache.wicket.util.size.BytesTest
Running org.apache.wicket.util.string.interpolator.VariableInterpolatorTest
Tests run: 4, Failures: 0, Errors: 0, Skipped: 0, Time elapsed: 0.001 sec - in org.apache.wicket.util.string.interpolator.VariableInterpolatorTest
Running org.apache.wicket.util.string.PrependingStringBufferTest
Tests run: 5, Failures: 0, Errors: 0, Skipped: 0, Time elapsed: 0 sec - in org.apache.wicket.util.string.PrependingStringBufferTest
Running org.apache.wicket.util.string.StringValueTest
Tests run: 8, Failures: 0, Errors: 0, Skipped: 0, Time elapsed: 0 sec - in org.apache.wicket.util.string.StringValueTest
Running org.apache.wicket.util.string.StringsTest
Tests run: 23, Failures: 0, Errors: 0, Skipped: 0, Time elapsed: 0.002 sec - in org.apache.wicket.util.string.StringsTest
Running org.apache.wicket.util.string.AppendingStringBufferTest
Tests run: 8, Failures: 0, Errors: 0, Skipped: 0, Time elapsed: 0 sec - in org.apache.wicket.util.string.AppendingStringBufferTest
Running org.apache.wicket.util.string.StringListTest
Tests run: 8, Failures: 0, Errors: 0, Skipped: 0, Time elapsed: 0 sec - in org.apache.wicket.util.string.StringListTest
Running org.apache.wicket.util.value.ValueMapTest
Tests run: 6, Failures: 0, Errors: 0, Skipped: 0, Time elapsed: 0.001 sec - in org.apache.wicket.util.value.ValueMapTest
Running org.apache.wicket.util.value.LongValueTest
Tests run: 2, Failures: 0, Errors: 0, Skipped: 0, Time elapsed: 0.001 sec - in org.apache.wicket.util.value.LongValueTest
Running org.apache.wicket.util.encoding.UrlEncoderTest
Tests run: 3, Failures: 0, Errors: 0, Skipped: 0, Time elapsed: 0 sec - in org.apache.wicket.util.encoding.UrlEncoderTest
Running org.apache.wicket.util.encoding.UrlDecoderTest
Tests run: 3, Failures: 0, Errors: 0, Skipped: 0, Time elapsed: 0 sec - in org.apache.wicket.util.encoding.UrlDecoderTest
Running org.apache.wicket.util.crypt.Base64Test
Tests run: 15, Failures: 0, Errors: 0, Skipped: 0, Time elapsed: 0.074 sec - in org.apache.wicket.util.crypt.Base64Test
Running org.apache.wicket.util.convert.converter.BigIntegerConverterTest
Tests run: 7, Failures: 0, Errors: 0, Skipped: 0, Time elapsed: 0.004 sec - in org.apache.wicket.util.convert.converter.BigIntegerConverterTest
Running org.apache.wicket.util.convert.converters.ConvertersTest
Tests run: 13, Failures: 0, Errors: 0, Skipped: 0, Time elapsed: 0.008 sec - in org.apache.wicket.util.convert.converters.ConvertersTest
Running org.apache.wicket.util.file.WebXmlFileTest
Tests run: 2, Failures: 0, Errors: 0, Skipped: 0, Time elapsed: 0.112 sec - in org.apache.wicket.util.file.WebXmlFileTest
Running org.apache.wicket.util.file.FilesTest
Tests run: 5, Failures: 0, Errors: 0, Skipped: 2, Time elapsed: 0.001 sec - in org.apache.wicket.util.file.FilesTest
Running org.apache.wicket.util.lang.ArgsTest
Tests run: 2, Failures: 0, Errors: 0, Skipped: 0, Time elapsed: 0.001 sec - in org.apache.wicket.util.lang.ArgsTest
Running org.apache.wicket.util.lang.NumbersTest
Tests run: 2, Failures: 0, Errors: 0, Skipped: 0, Time elapsed: 0 sec - in org.apache.wicket.util.lang.NumbersTest
Running org.apache.wicket.util.lang.PackagesTest
Tests run: 6, Failures: 0, Errors: 0, Skipped: 0, Time elapsed: 0.001 sec - in org.apache.wicket.util.lang.PackagesTest
Running org.apache.wicket.util.lang.ObjectsTest
Tests run: 1, Failures: 0, Errors: 0, Skipped: 0, Time elapsed: 0 sec - in org.apache.wicket.util.lang.ObjectsTest
Running org.apache.wicket.util.lang.PrimitivesTest
Tests run: 2, Failures: 0, Errors: 0, Skipped: 0, Time elapsed: 0 sec - in org.apache.wicket.util.lang.PrimitivesTest
Running org.apache.wicket.util.lang.ClassesTest
Tests run: 2, Failures: 0, Errors: 0, Skipped: 0, Time elapsed: 0 sec - in org.apache.wicket.util.lang.ClassesTest
Running org.apache.wicket.util.lang.BytesTest
Tests run: 4, Failures: 0, Errors: 0, Skipped: 0, Time elapsed: 0 sec - in org.apache.wicket.util.lang.BytesTest
Running org.apache.wicket.util.collections.MostRecentlyUsedMapTest
Tests run: 1, Failures: 0, Errors: 0, Skipped: 0, Time elapsed: 0 sec - in org.apache.wicket.util.collections.MostRecentlyUsedMapTest
Running org.apache.wicket.util.collections.ReverseListIteratorTest
Tests run: 1, Failures: 0, Errors: 0, Skipped: 0, Time elapsed: 0 sec - in org.apache.wicket.util.collections.ReverseListIteratorTest
Running org.apache.wicket.util.collections.MicroMapTest
Tests run: 1, Failures: 0, Errors: 0, Skipped: 0, Time elapsed: 0 sec - in org.apache.wicket.util.collections.MicroMapTest
Running org.apache.wicket.util.collections.MiniMapTest
Tests run: 1, Failures: 0, Errors: 0, Skipped: 0, Time elapsed: 0 sec - in org.apache.wicket.util.collections.MiniMapTest
Running org.apache.wicket.util.LongEncoderTest
Tests run: 1, Failures: 0, Errors: 0, Skipped: 0, Time elapsed: 0.128 sec - in org.apache.wicket.util.LongEncoderTest
Running org.apache.wicket.util.visit.ClassVisitFilterTest
Tests run: 1, Failures: 0, Errors: 0, Skipped: 0, Time elapsed: 0 sec - in org.apache.wicket.util.visit.ClassVisitFilterTest
Running org.apache.wicket.util.visit.AllVisitFilterTest
Tests run: 1, Failures: 0, Errors: 0, Skipped: 0, Time elapsed: 0 sec - in org.apache.wicket.util.visit.AllVisitFilterTest
Running org.apache.wicket.util.time.TimeMapTest
Tests run: 1, Failures: 0, Errors: 0, Skipped: 0, Time elapsed: 0 sec - in org.apache.wicket.util.time.TimeMapTest
Running org.apache.wicket.util.time.DurationTest
Tests run: 5, Failures: 0, Errors: 0, Skipped: 0, Time elapsed: 1.502 sec - in org.apache.wicket.util.time.DurationTest
Running org.apache.wicket.util.time.TimeOfDayTest
Tests run: 1, Failures: 0, Errors: 0, Skipped: 0, Time elapsed: 0 sec - in org.apache.wicket.util.time.TimeOfDayTest
Running org.apache.wicket.util.time.TimeTest
Tests run: 2, Failures: 0, Errors: 0, Skipped: 0, Time elapsed: 0 sec - in org.apache.wicket.util.time.TimeTest
Running org.apache.wicket.util.time.TimeFrameTest
Tests run: 5, Failures: 0, Errors: 0, Skipped: 0, Time elapsed: 0.001 sec - in org.apache.wicket.util.time.TimeFrameTest
Running org.apache.wicket.util.parse.metapattern.MetaPatternTest
Tests run: 5, Failures: 0, Errors: 0, Skipped: 0, Time elapsed: 0.044 sec - in org.apache.wicket.util.parse.metapattern.MetaPatternTest
Running org.apache.wicket.util.parse.metapattern.parsers.VariableAssignmentParserTest
Tests run: 1, Failures: 0, Errors: 0, Skipped: 0, Time elapsed: 0 sec - in org.apache.wicket.util.parse.metapattern.parsers.VariableAssignmentParserTest

Results :

Failed tests: 
  ResourceUtilsTest.getLocaleFromFilename:39->Assert.assertThat:832->Assert.assertThat:865 
Expected: is "some.ext"
     but: was "some"

Tests run: 180, Failures: 1, Errors: 0, Skipped: 2

[INFO] ------------------------------------------------------------------------
[INFO] BUILD FAILURE
[INFO] ------------------------------------------------------------------------
[INFO] Total time: 7.258 s
[INFO] Finished at: 2016-07-30T11:54:55-07:00
[INFO] Final Memory: 24M/606M
[INFO] ------------------------------------------------------------------------
[ERROR] Failed to execute goal org.apache.maven.plugins:maven-surefire-plugin:2.17:test (default-test) on project wicket-util: There are test failures.
[ERROR] 
[ERROR] Please refer to /home/ylyu/dataset/wicket3/dataset/wicket/WICKET-5706_0f8a6d757367e73eaadcb0dff1372d169bcefb76/wicket-util/target/surefire-reports for the individual test results.
[ERROR] -> [Help 1]
[ERROR] 
[ERROR] To see the full stack trace of the errors, re-run Maven with the -e switch.
[ERROR] Re-run Maven using the -X switch to enable full debug logging.
[ERROR] 
[ERROR] For more information about the errors and possible solutions, please read the following articles:
[ERROR] [Help 1] http://cwiki.apache.org/confluence/display/MAVEN/MojoFailureException
