[INFO] Scanning for projects...
[INFO]                                                                         
[INFO] ------------------------------------------------------------------------
[INFO] Building Core 1.5.1-SNAPSHOT
[INFO] ------------------------------------------------------------------------
[INFO] 
[INFO] --- maven-sortpom-plugin:2.1.0:verify (verify-sorted-pom) @ accumulo-core ---
[INFO] Verifying file /home/ylyu/parallel/accumulo/accumulo9/dataset/accumulo/ACCUMULO-1358_4d10c92f842472a92ace86e838851cc6915231e6/core/pom.xml
[INFO] 
[INFO] --- maven-enforcer-plugin:1.0.1:enforce (enforce-mvn) @ accumulo-core ---
[INFO] 
[INFO] --- maven-resources-plugin:2.6:copy-resources (prepare-filtered-java-source) @ accumulo-core ---
[INFO] Using 'UTF-8' encoding to copy filtered resources.
[INFO] Copying 1 resource
[INFO] 
[INFO] --- build-helper-maven-plugin:1.8:add-source (add-filtered-java-source) @ accumulo-core ---
[INFO] Source directory: /home/ylyu/parallel/accumulo/accumulo9/dataset/accumulo/ACCUMULO-1358_4d10c92f842472a92ace86e838851cc6915231e6/core/target/filtered-java-src added.
[INFO] 
[INFO] --- maven-remote-resources-plugin:1.4:process (default) @ accumulo-core ---
[INFO] 
[INFO] --- maven-resources-plugin:2.6:resources (default-resources) @ accumulo-core ---
[INFO] Using 'UTF-8' encoding to copy filtered resources.
[INFO] Copying 1 resource
[INFO] Copying 3 resources
[INFO] 
[INFO] --- maven-compiler-plugin:2.5.1:compile (default-compile) @ accumulo-core ---
[INFO] Compiling 2 source files to /home/ylyu/parallel/accumulo/accumulo9/dataset/accumulo/ACCUMULO-1358_4d10c92f842472a92ace86e838851cc6915231e6/core/target/classes
[INFO] 
[INFO] --- maven-resources-plugin:2.6:testResources (default-testResources) @ accumulo-core ---
[INFO] Using 'UTF-8' encoding to copy filtered resources.
[INFO] Copying 6 resources
[INFO] Copying 3 resources
[INFO] 
[INFO] --- maven-compiler-plugin:2.5.1:testCompile (default-testCompile) @ accumulo-core ---
[INFO] Nothing to compile - all classes are up to date
[INFO] 
[INFO] --- maven-surefire-plugin:2.12.4:test (default-test) @ accumulo-core ---
[INFO] Surefire report directory: /home/ylyu/parallel/accumulo/accumulo9/dataset/accumulo/ACCUMULO-1358_4d10c92f842472a92ace86e838851cc6915231e6/core/target/surefire-reports

-------------------------------------------------------
 T E S T S
-------------------------------------------------------
Running org.apache.accumulo.core.iterators.AggregatingIteratorTest
Tests run: 7, Failures: 0, Errors: 0, Skipped: 0, Time elapsed: 0.422 sec
Running org.apache.accumulo.core.iterators.FirstEntryInRowIteratorTest
Tests run: 1, Failures: 0, Errors: 0, Skipped: 0, Time elapsed: 0 sec
Running org.apache.accumulo.core.iterators.FirstEntryInRowTest
Tests run: 2, Failures: 0, Errors: 0, Skipped: 0, Time elapsed: 0.192 sec
Running org.apache.accumulo.core.iterators.system.ColumnFamilySkippingIteratorTest
Tests run: 3, Failures: 0, Errors: 0, Skipped: 0, Time elapsed: 2.252 sec
Running org.apache.accumulo.core.iterators.system.SourceSwitchingIteratorTest
Tests run: 5, Failures: 0, Errors: 0, Skipped: 0, Time elapsed: 0.001 sec
Running org.apache.accumulo.core.iterators.system.TimeSettingIteratorTest
Tests run: 1, Failures: 0, Errors: 0, Skipped: 0, Time elapsed: 0 sec
Running org.apache.accumulo.core.iterators.system.DeletingIteratorTest
Tests run: 4, Failures: 0, Errors: 0, Skipped: 0, Time elapsed: 0 sec
Running org.apache.accumulo.core.iterators.system.VisibilityFilterTest
Tests run: 1, Failures: 0, Errors: 0, Skipped: 0, Time elapsed: 0.006 sec
Running org.apache.accumulo.core.iterators.system.ColumnFilterTest
Tests run: 3, Failures: 0, Errors: 0, Skipped: 0, Time elapsed: 0 sec
Running org.apache.accumulo.core.iterators.system.MultiIteratorTest
Tests run: 7, Failures: 0, Errors: 0, Skipped: 0, Time elapsed: 0.171 sec
Running org.apache.accumulo.core.iterators.IterUtilTest
Tests run: 5, Failures: 0, Errors: 0, Skipped: 0, Time elapsed: 0.006 sec
Running org.apache.accumulo.core.iterators.aggregation.NumSummationTest
Tests run: 5, Failures: 0, Errors: 0, Skipped: 0, Time elapsed: 0.002 sec
Running org.apache.accumulo.core.iterators.aggregation.conf.AggregatorConfigurationTest
Tests run: 2, Failures: 0, Errors: 0, Skipped: 0, Time elapsed: 0.002 sec
Running org.apache.accumulo.core.iterators.user.RowFilterTest
Tests run: 1, Failures: 0, Errors: 0, Skipped: 0, Time elapsed: 0.239 sec
Running org.apache.accumulo.core.iterators.user.LargeRowFilterTest
Tests run: 5, Failures: 0, Errors: 0, Skipped: 0, Time elapsed: 0.117 sec
Running org.apache.accumulo.core.iterators.user.FilterTest
Tests run: 11, Failures: 0, Errors: 0, Skipped: 0, Time elapsed: 0.086 sec
Running org.apache.accumulo.core.iterators.user.VersioningIteratorTest
Tests run: 6, Failures: 0, Errors: 0, Skipped: 0, Time elapsed: 0.004 sec
Running org.apache.accumulo.core.iterators.user.IntersectingIteratorTest
Tests run: 6, Failures: 0, Errors: 0, Skipped: 0, Time elapsed: 0.376 sec
Running org.apache.accumulo.core.iterators.user.RowDeletingIteratorTest
Tests run: 4, Failures: 0, Errors: 0, Skipped: 0, Time elapsed: 0.001 sec
Running org.apache.accumulo.core.iterators.user.WholeRowIteratorTest
Tests run: 3, Failures: 0, Errors: 0, Skipped: 0, Time elapsed: 0.001 sec
Running org.apache.accumulo.core.iterators.user.RegExFilterTest
Tests run: 1, Failures: 0, Errors: 0, Skipped: 0, Time elapsed: 0.001 sec
Running org.apache.accumulo.core.iterators.user.IndexedDocIteratorTest
Tests run: 5, Failures: 0, Errors: 0, Skipped: 0, Time elapsed: 3.052 sec
Running org.apache.accumulo.core.iterators.user.GrepIteratorTest
Tests run: 1, Failures: 0, Errors: 0, Skipped: 0, Time elapsed: 0 sec
Running org.apache.accumulo.core.iterators.user.VisibilityFilterTest
Tests run: 9, Failures: 0, Errors: 0, Skipped: 0, Time elapsed: 0.034 sec
Running org.apache.accumulo.core.iterators.user.TransformingIteratorTest
Tests run: 16, Failures: 0, Errors: 0, Skipped: 0, Time elapsed: 0.054 sec
Running org.apache.accumulo.core.iterators.user.CombinerTest
Tests run: 14, Failures: 0, Errors: 0, Skipped: 0, Time elapsed: 0.006 sec
Running org.apache.accumulo.core.data.MutationTest
Tests run: 13, Failures: 0, Errors: 0, Skipped: 0, Time elapsed: 0.273 sec
Running org.apache.accumulo.core.data.KeyTest
Tests run: 5, Failures: 0, Errors: 0, Skipped: 0, Time elapsed: 0.001 sec
Running org.apache.accumulo.core.data.ColumnTest
Tests run: 3, Failures: 0, Errors: 0, Skipped: 0, Time elapsed: 0.001 sec
Running org.apache.accumulo.core.data.KeyExtentTest
Tests run: 3, Failures: 0, Errors: 0, Skipped: 0, Time elapsed: 0 sec
Running org.apache.accumulo.core.data.RangeTest
Tests run: 43, Failures: 0, Errors: 0, Skipped: 0, Time elapsed: 0.002 sec
Running org.apache.accumulo.core.security.AuthorizationsTest
Tests run: 2, Failures: 0, Errors: 0, Skipped: 0, Time elapsed: 0 sec
Running org.apache.accumulo.core.security.ColumnVisibilityTest
Tests run: 12, Failures: 0, Errors: 0, Skipped: 0, Time elapsed: 0 sec
Running org.apache.accumulo.core.security.VisibilityEvaluatorTest
Tests run: 4, Failures: 0, Errors: 0, Skipped: 0, Time elapsed: 0 sec
Running org.apache.accumulo.core.util.LocalityGroupUtilTest
Tests run: 2, Failures: 0, Errors: 0, Skipped: 0, Time elapsed: 0 sec
Running org.apache.accumulo.core.util.MergeTest
Tests run: 1, Failures: 0, Errors: 0, Skipped: 0, Time elapsed: 0 sec
Running org.apache.accumulo.core.util.TestStringUtil
Tests run: 1, Failures: 0, Errors: 0, Skipped: 0, Time elapsed: 0 sec
Running org.apache.accumulo.core.util.shell.command.FormatterCommandTest
Tests run: 1, Failures: 0, Errors: 0, Skipped: 0, Time elapsed: 0.004 sec
Running org.apache.accumulo.core.util.shell.TableDiskUsageTest
Tests run: 1, Failures: 0, Errors: 0, Skipped: 0, Time elapsed: 0 sec
Running org.apache.accumulo.core.util.shell.ShellTest
Tests run: 10, Failures: 2, Errors: 0, Skipped: 0, Time elapsed: 0.054 sec <<< FAILURE!
setIterTest(org.apache.accumulo.core.util.shell.ShellTest)  Time elapsed: 0.004 sec  <<< FAILURE!
java.lang.AssertionError: java.lang.IllegalArgumentException present in test@fake t> setiter -class VersioningIterator -p 1
ERROR: java.lang.IllegalArgumentException: VersioningIterator
 was not false expected:<false> but was:<true>
	at org.junit.Assert.fail(Assert.java:88)
	at org.junit.Assert.failNotEquals(Assert.java:743)
	at org.junit.Assert.assertEquals(Assert.java:118)
	at org.apache.accumulo.core.util.shell.ShellTest.assertBadExit(ShellTest.java:100)
	at org.apache.accumulo.core.util.shell.ShellTest.exec(ShellTest.java:77)
	at org.apache.accumulo.core.util.shell.ShellTest.setIterTest(ShellTest.java:209)
	at sun.reflect.NativeMethodAccessorImpl.invoke0(Native Method)
	at sun.reflect.NativeMethodAccessorImpl.invoke(NativeMethodAccessorImpl.java:57)
	at sun.reflect.DelegatingMethodAccessorImpl.invoke(DelegatingMethodAccessorImpl.java:43)
	at java.lang.reflect.Method.invoke(Method.java:606)
	at org.junit.runners.model.FrameworkMethod$1.runReflectiveCall(FrameworkMethod.java:47)
	at org.junit.internal.runners.model.ReflectiveCallable.run(ReflectiveCallable.java:12)
	at org.junit.runners.model.FrameworkMethod.invokeExplosively(FrameworkMethod.java:44)
	at org.junit.internal.runners.statements.InvokeMethod.evaluate(InvokeMethod.java:17)
	at org.junit.internal.runners.statements.RunBefores.evaluate(RunBefores.java:26)
	at org.junit.runners.ParentRunner.runLeaf(ParentRunner.java:271)
	at org.junit.runners.BlockJUnit4ClassRunner.runChild(BlockJUnit4ClassRunner.java:70)
	at org.junit.runners.BlockJUnit4ClassRunner.runChild(BlockJUnit4ClassRunner.java:50)
	at org.junit.runners.ParentRunner$3.run(ParentRunner.java:238)
	at org.junit.runners.ParentRunner$1.schedule(ParentRunner.java:63)
	at org.junit.runners.ParentRunner.runChildren(ParentRunner.java:236)
	at org.junit.runners.ParentRunner.access$000(ParentRunner.java:53)
	at org.junit.runners.ParentRunner$2.evaluate(ParentRunner.java:229)
	at org.junit.runners.ParentRunner.run(ParentRunner.java:309)
	at org.apache.maven.surefire.junit4.JUnit4Provider.execute(JUnit4Provider.java:252)
	at org.apache.maven.surefire.junit4.JUnit4Provider.executeTestSet(JUnit4Provider.java:141)
	at org.apache.maven.surefire.junit4.JUnit4Provider.invoke(JUnit4Provider.java:112)
	at sun.reflect.NativeMethodAccessorImpl.invoke0(Native Method)
	at sun.reflect.NativeMethodAccessorImpl.invoke(NativeMethodAccessorImpl.java:57)
	at sun.reflect.DelegatingMethodAccessorImpl.invoke(DelegatingMethodAccessorImpl.java:43)
	at java.lang.reflect.Method.invoke(Method.java:606)
	at org.apache.maven.surefire.util.ReflectionUtils.invokeMethodWithArray(ReflectionUtils.java:189)
	at org.apache.maven.surefire.booter.ProviderFactory$ProviderProxy.invoke(ProviderFactory.java:165)
	at org.apache.maven.surefire.booter.ProviderFactory.invokeProvider(ProviderFactory.java:85)
	at org.apache.maven.surefire.booter.ForkedBooter.runSuitesInProcess(ForkedBooter.java:115)
	at org.apache.maven.surefire.booter.ForkedBooter.main(ForkedBooter.java:75)

duContextTest(org.apache.accumulo.core.util.shell.ShellTest)  Time elapsed: 0.002 sec  <<< FAILURE!
java.lang.AssertionError: expected:<1> but was:<0>
	at org.junit.Assert.fail(Assert.java:88)
	at org.junit.Assert.failNotEquals(Assert.java:743)
	at org.junit.Assert.assertEquals(Assert.java:118)
	at org.junit.Assert.assertEquals(Assert.java:555)
	at org.junit.Assert.assertEquals(Assert.java:542)
	at org.apache.accumulo.core.util.shell.ShellTest.assertGoodExit(ShellTest.java:91)
	at org.apache.accumulo.core.util.shell.ShellTest.exec(ShellTest.java:63)
	at org.apache.accumulo.core.util.shell.ShellTest.duContextTest(ShellTest.java:172)
	at sun.reflect.NativeMethodAccessorImpl.invoke0(Native Method)
	at sun.reflect.NativeMethodAccessorImpl.invoke(NativeMethodAccessorImpl.java:57)
	at sun.reflect.DelegatingMethodAccessorImpl.invoke(DelegatingMethodAccessorImpl.java:43)
	at java.lang.reflect.Method.invoke(Method.java:606)
	at org.junit.runners.model.FrameworkMethod$1.runReflectiveCall(FrameworkMethod.java:47)
	at org.junit.internal.runners.model.ReflectiveCallable.run(ReflectiveCallable.java:12)
	at org.junit.runners.model.FrameworkMethod.invokeExplosively(FrameworkMethod.java:44)
	at org.junit.internal.runners.statements.InvokeMethod.evaluate(InvokeMethod.java:17)
	at org.junit.internal.runners.statements.RunBefores.evaluate(RunBefores.java:26)
	at org.junit.runners.ParentRunner.runLeaf(ParentRunner.java:271)
	at org.junit.runners.BlockJUnit4ClassRunner.runChild(BlockJUnit4ClassRunner.java:70)
	at org.junit.runners.BlockJUnit4ClassRunner.runChild(BlockJUnit4ClassRunner.java:50)
	at org.junit.runners.ParentRunner$3.run(ParentRunner.java:238)
	at org.junit.runners.ParentRunner$1.schedule(ParentRunner.java:63)
	at org.junit.runners.ParentRunner.runChildren(ParentRunner.java:236)
	at org.junit.runners.ParentRunner.access$000(ParentRunner.java:53)
	at org.junit.runners.ParentRunner$2.evaluate(ParentRunner.java:229)
	at org.junit.runners.ParentRunner.run(ParentRunner.java:309)
	at org.apache.maven.surefire.junit4.JUnit4Provider.execute(JUnit4Provider.java:252)
	at org.apache.maven.surefire.junit4.JUnit4Provider.executeTestSet(JUnit4Provider.java:141)
	at org.apache.maven.surefire.junit4.JUnit4Provider.invoke(JUnit4Provider.java:112)
	at sun.reflect.NativeMethodAccessorImpl.invoke0(Native Method)
	at sun.reflect.NativeMethodAccessorImpl.invoke(NativeMethodAccessorImpl.java:57)
	at sun.reflect.DelegatingMethodAccessorImpl.invoke(DelegatingMethodAccessorImpl.java:43)
	at java.lang.reflect.Method.invoke(Method.java:606)
	at org.apache.maven.surefire.util.ReflectionUtils.invokeMethodWithArray(ReflectionUtils.java:189)
	at org.apache.maven.surefire.booter.ProviderFactory$ProviderProxy.invoke(ProviderFactory.java:165)
	at org.apache.maven.surefire.booter.ProviderFactory.invokeProvider(ProviderFactory.java:85)
	at org.apache.maven.surefire.booter.ForkedBooter.runSuitesInProcess(ForkedBooter.java:115)
	at org.apache.maven.surefire.booter.ForkedBooter.main(ForkedBooter.java:75)

Running org.apache.accumulo.core.util.TextUtilTest
Tests run: 1, Failures: 0, Errors: 0, Skipped: 0, Time elapsed: 0 sec
Running org.apache.accumulo.core.util.TestVersion
Tests run: 1, Failures: 0, Errors: 0, Skipped: 0, Time elapsed: 0 sec
Running org.apache.accumulo.core.util.MetadataTableTest
Tests run: 1, Failures: 0, Errors: 0, Skipped: 0, Time elapsed: 0 sec
Running org.apache.accumulo.core.util.AddressUtilTest
Tests run: 2, Failures: 0, Errors: 0, Skipped: 0, Time elapsed: 0.009 sec
Running org.apache.accumulo.core.file.blockfile.cache.TestCachedBlockQueue
Tests run: 2, Failures: 0, Errors: 0, Skipped: 0, Time elapsed: 0 sec
Running org.apache.accumulo.core.file.blockfile.cache.TestLruBlockCache
Tests run: 7, Failures: 0, Errors: 0, Skipped: 0, Time elapsed: 1.025 sec
Running org.apache.accumulo.core.file.rfile.MultiLevelIndexTest
Tests run: 1, Failures: 0, Errors: 0, Skipped: 0, Time elapsed: 4.029 sec
Running org.apache.accumulo.core.file.rfile.RFileTest
Tests run: 21, Failures: 0, Errors: 0, Skipped: 0, Time elapsed: 9.802 sec
Running org.apache.accumulo.core.file.rfile.BlockIndexTest
Tests run: 2, Failures: 0, Errors: 0, Skipped: 0, Time elapsed: 0.007 sec
Running org.apache.accumulo.core.file.rfile.RelativeKeyTest
Tests run: 6, Failures: 0, Errors: 0, Skipped: 0, Time elapsed: 0.004 sec
Running org.apache.accumulo.core.conf.PropertyTest
Tests run: 3, Failures: 0, Errors: 0, Skipped: 0, Time elapsed: 0.001 sec
Running org.apache.accumulo.core.cli.TestClientOpts
Tests run: 1, Failures: 0, Errors: 0, Skipped: 0, Time elapsed: 0.021 sec
Running org.apache.accumulo.core.client.BatchWriterConfigTest
Tests run: 10, Failures: 0, Errors: 0, Skipped: 0, Time elapsed: 0.003 sec
Running org.apache.accumulo.core.client.RowIteratorTest
Tests run: 2, Failures: 0, Errors: 0, Skipped: 0, Time elapsed: 0.001 sec
Running org.apache.accumulo.core.client.impl.TabletLocatorImplTest
Tests run: 18, Failures: 0, Errors: 0, Skipped: 0, Time elapsed: 0.017 sec
Running org.apache.accumulo.core.client.impl.ScannerOptionsTest
Tests run: 2, Failures: 0, Errors: 0, Skipped: 0, Time elapsed: 0 sec
Running org.apache.accumulo.core.client.mapred.AccumuloRowInputFormatTest
Tests run: 1, Failures: 0, Errors: 0, Skipped: 0, Time elapsed: 4.151 sec
Running org.apache.accumulo.core.client.mapred.AccumuloInputFormatTest
Tests run: 6, Failures: 0, Errors: 0, Skipped: 0, Time elapsed: 4.054 sec
Running org.apache.accumulo.core.client.mapred.AccumuloOutputFormatTest
Tests run: 2, Failures: 0, Errors: 0, Skipped: 0, Time elapsed: 4.037 sec
Running org.apache.accumulo.core.client.mapred.AccumuloFileOutputFormatTest
Tests run: 4, Failures: 0, Errors: 0, Skipped: 0, Time elapsed: 12.065 sec
Running org.apache.accumulo.core.client.mapreduce.AccumuloRowInputFormatTest
Tests run: 1, Failures: 0, Errors: 0, Skipped: 0, Time elapsed: 4.021 sec
Running org.apache.accumulo.core.client.mapreduce.AccumuloInputFormatTest
Tests run: 9, Failures: 0, Errors: 0, Skipped: 0, Time elapsed: 4.056 sec
Running org.apache.accumulo.core.client.mapreduce.lib.partition.RangePartitionerTest
Tests run: 2, Failures: 0, Errors: 0, Skipped: 0, Time elapsed: 0.161 sec
Running org.apache.accumulo.core.client.mapreduce.AccumuloOutputFormatTest
Tests run: 2, Failures: 0, Errors: 0, Skipped: 0, Time elapsed: 4.017 sec
Running org.apache.accumulo.core.client.mapreduce.AccumuloFileOutputFormatTest
Tests run: 4, Failures: 0, Errors: 0, Skipped: 0, Time elapsed: 12.042 sec
Running org.apache.accumulo.core.client.ClientSideIteratorTest
Tests run: 2, Failures: 0, Errors: 0, Skipped: 0, Time elapsed: 0.002 sec
Running org.apache.accumulo.core.client.security.SecurityErrorCodeTest
Tests run: 1, Failures: 0, Errors: 0, Skipped: 0, Time elapsed: 0 sec
Running org.apache.accumulo.core.client.security.tokens.PasswordTokenTest
Tests run: 1, Failures: 0, Errors: 0, Skipped: 0, Time elapsed: 0 sec
Running org.apache.accumulo.core.client.TestThrift1474
Tests run: 1, Failures: 0, Errors: 0, Skipped: 0, Time elapsed: 0.034 sec
Running org.apache.accumulo.core.client.mock.MockTableOperationsTest
Tests run: 6, Failures: 0, Errors: 0, Skipped: 0, Time elapsed: 0.029 sec
Running org.apache.accumulo.core.client.mock.TestBatchScanner821
Tests run: 1, Failures: 0, Errors: 0, Skipped: 0, Time elapsed: 0.001 sec
Running org.apache.accumulo.core.client.mock.MockConnectorTest
Tests run: 9, Failures: 0, Errors: 0, Skipped: 0, Time elapsed: 0.009 sec
Running org.apache.accumulo.core.client.admin.FindMaxTest
Tests run: 1, Failures: 0, Errors: 0, Skipped: 0, Time elapsed: 0.566 sec
Running org.apache.accumulo.core.client.admin.TableOperationsHelperTest
Tests run: 1, Failures: 0, Errors: 0, Skipped: 0, Time elapsed: 0.001 sec

Results :

Failed tests:   setIterTest(org.apache.accumulo.core.util.shell.ShellTest): java.lang.IllegalArgumentException present in test@fake t> setiter -class VersioningIterator -p 1(..)
  duContextTest(org.apache.accumulo.core.util.shell.ShellTest): expected:<1> but was:<0>

Tests run: 363, Failures: 2, Errors: 0, Skipped: 0

[INFO] ------------------------------------------------------------------------
[INFO] BUILD FAILURE
[INFO] ------------------------------------------------------------------------
[INFO] Total time: 01:16 min
[INFO] Finished at: 2016-07-26T17:01:26-07:00
[INFO] Final Memory: 27M/606M
[INFO] ------------------------------------------------------------------------
[ERROR] Failed to execute goal org.apache.maven.plugins:maven-surefire-plugin:2.12.4:test (default-test) on project accumulo-core: There are test failures.
[ERROR] 
[ERROR] Please refer to /home/ylyu/parallel/accumulo/accumulo9/dataset/accumulo/ACCUMULO-1358_4d10c92f842472a92ace86e838851cc6915231e6/core/target/surefire-reports for the individual test results.
[ERROR] -> [Help 1]
[ERROR] 
[ERROR] To see the full stack trace of the errors, re-run Maven with the -e switch.
[ERROR] Re-run Maven using the -X switch to enable full debug logging.
[ERROR] 
[ERROR] For more information about the errors and possible solutions, please read the following articles:
[ERROR] [Help 1] http://cwiki.apache.org/confluence/display/MAVEN/MojoFailureException
