Apache Maven 3.5.4 (1edded0938998edf8bf061f1ceb3cfdeccf443fe; 2018-06-17T11:33:14-07:00)
Maven home: /usr/local/apache-maven
Java version: 1.8.0_312, vendor: Private Build, runtime: /usr/lib/jvm/java-8-openjdk-amd64/jre
Default locale: en_US, platform encoding: UTF-8
OS name: "linux", version: "4.15.0-173-generic", arch: "amd64", family: "unix"
[INFO] Scanning for projects...
[INFO] ------------------------------------------------------------------------
[INFO] Reactor Build Order:
[INFO] 
[INFO] Apache Tamaya Base                                                 [pom]
[INFO] Apache Tamaya Build Configuration                                  [jar]
[INFO] Apache Tamaya Code - all                                           [pom]
[INFO] Apache Tamaya Core API                                             [jar]
[INFO] Apache Tamaya Core SPI Support                                     [jar]
[INFO] Apache Tamaya Core Implementation                                  [jar]
[INFO] Apache Tamaya Core Examples                                        [pom]
[INFO] Apache Tamaya Minimal Example                                      [jar]
[INFO] Apache Tamaya Custom Propertysource Example                        [jar]
[INFO] Apache Tamaya Distribution                                         [jar]
[INFO] 
[INFO] --------------------< org.apache.tamaya:tamaya-all >--------------------
[INFO] Building Apache Tamaya Base 0.4-incubating-SNAPSHOT               [1/10]
[INFO] --------------------------------[ pom ]---------------------------------
[INFO] 
[INFO] --- maven-enforcer-plugin:3.0.0-M1:enforce (enforce-maven-version) @ tamaya-all ---
[INFO] Skipping Rule Enforcement.
[INFO] 
[INFO] --- maven-enforcer-plugin:3.0.0-M1:enforce (enforce-versions) @ tamaya-all ---
[INFO] Skipping Rule Enforcement.
[INFO] 
[INFO] --- apache-rat-plugin:0.12:check (default) @ tamaya-all ---
[INFO] RAT will not execute since it is configured to be skipped via system property 'rat.skip'.
[INFO] 
[INFO] --- maven-remote-resources-plugin:1.5:process (process-resource-bundles) @ tamaya-all ---
[INFO] 
[INFO] --- karaf-maven-plugin:4.0.5:features-generate-descriptor (generate) @ tamaya-all ---
[INFO] Generating feature descriptor file /data-depot/user/Workspace/Reproducibility/Reproducibility-Scanner/reproducer/workspace/Bears-196/target/feature/feature.xml
[INFO] ...done!
[INFO] 
[INFO] --- bnd-maven-plugin:3.3.0:bnd-process (default) @ tamaya-all ---
[INFO] skip project with packaging=pom
[INFO] 
[INFO] ---------------< org.apache.tamaya:buildconfigurations >----------------
[INFO] Building Apache Tamaya Build Configuration 0.4-incubating-SNAPSHOT [2/10]
[INFO] --------------------------------[ jar ]---------------------------------
[INFO] 
[INFO] --- maven-enforcer-plugin:3.0.0-M1:enforce (enforce-maven-version) @ buildconfigurations ---
[INFO] Skipping Rule Enforcement.
[INFO] 
[INFO] --- maven-enforcer-plugin:3.0.0-M1:enforce (enforce-versions) @ buildconfigurations ---
[INFO] Skipping Rule Enforcement.
[INFO] 
[INFO] --- apache-rat-plugin:0.12:check (default) @ buildconfigurations ---
[INFO] RAT will not execute since it is configured to be skipped via system property 'rat.skip'.
[INFO] 
[INFO] --- maven-remote-resources-plugin:1.5:process (process-resource-bundles) @ buildconfigurations ---
[INFO] 
[INFO] --- karaf-maven-plugin:4.0.5:features-generate-descriptor (generate) @ buildconfigurations ---
[INFO] Generating feature descriptor file /data-depot/user/Workspace/Reproducibility/Reproducibility-Scanner/reproducer/workspace/Bears-196/buildconfigurations/target/feature/feature.xml
[INFO] ...done!
[INFO] 
[INFO] --- maven-resources-plugin:3.1.0:resources (default-resources) @ buildconfigurations ---
[INFO] Using 'UTF-8' encoding to copy filtered resources.
[INFO] Copying 2 resources
[INFO] Copying 3 resources
[INFO] 
[INFO] --- maven-compiler-plugin:3.7.0:compile (default-compile) @ buildconfigurations ---
[INFO] No sources to compile
[INFO] 
[INFO] --- bnd-maven-plugin:3.3.0:bnd-process (default) @ buildconfigurations ---
[INFO] 
[INFO] --- maven-resources-plugin:3.1.0:testResources (default-testResources) @ buildconfigurations ---
[INFO] Using 'UTF-8' encoding to copy filtered resources.
[INFO] skip non existing resourceDirectory /data-depot/user/Workspace/Reproducibility/Reproducibility-Scanner/reproducer/workspace/Bears-196/buildconfigurations/src/test/resources
[INFO] Copying 3 resources
[INFO] 
[INFO] --- maven-compiler-plugin:3.7.0:testCompile (default-testCompile) @ buildconfigurations ---
[INFO] No sources to compile
[INFO] 
[INFO] --- maven-surefire-plugin:2.22.0:test (default-test) @ buildconfigurations ---
[INFO] Tests are skipped.
[INFO] 
[INFO] -------------------< org.apache.tamaya:tamaya-code >--------------------
[INFO] Building Apache Tamaya Code - all 0.4-incubating-SNAPSHOT         [3/10]
[INFO] --------------------------------[ pom ]---------------------------------
[INFO] 
[INFO] --- maven-enforcer-plugin:3.0.0-M1:enforce (enforce-maven-version) @ tamaya-code ---
[INFO] Skipping Rule Enforcement.
[INFO] 
[INFO] --- maven-enforcer-plugin:3.0.0-M1:enforce (enforce-versions) @ tamaya-code ---
[INFO] Skipping Rule Enforcement.
[INFO] 
[INFO] --- apache-rat-plugin:0.12:check (default) @ tamaya-code ---
[INFO] RAT will not execute since it is configured to be skipped via system property 'rat.skip'.
[INFO] 
[INFO] --- maven-remote-resources-plugin:1.5:process (process-resource-bundles) @ tamaya-code ---
[INFO] 
[INFO] --- karaf-maven-plugin:4.0.5:features-generate-descriptor (generate) @ tamaya-code ---
[INFO] Generating feature descriptor file /data-depot/user/Workspace/Reproducibility/Reproducibility-Scanner/reproducer/workspace/Bears-196/code/target/feature/feature.xml
[INFO] ...done!
[INFO] 
[INFO] --- bnd-maven-plugin:3.3.0:bnd-process (default) @ tamaya-code ---
[INFO] skip project with packaging=pom
[INFO] 
[INFO] --------------------< org.apache.tamaya:tamaya-api >--------------------
[INFO] Building Apache Tamaya Core API 0.4-incubating-SNAPSHOT           [4/10]
[INFO] --------------------------------[ jar ]---------------------------------
[INFO] 
[INFO] --- maven-enforcer-plugin:3.0.0-M1:enforce (enforce-maven-version) @ tamaya-api ---
[INFO] Skipping Rule Enforcement.
[INFO] 
[INFO] --- maven-enforcer-plugin:3.0.0-M1:enforce (enforce-versions) @ tamaya-api ---
[INFO] Skipping Rule Enforcement.
[INFO] 
[INFO] --- apache-rat-plugin:0.12:check (default) @ tamaya-api ---
[INFO] RAT will not execute since it is configured to be skipped via system property 'rat.skip'.
[INFO] 
[INFO] --- maven-remote-resources-plugin:1.5:process (process-resource-bundles) @ tamaya-api ---
[INFO] 
[INFO] --- karaf-maven-plugin:4.0.5:features-generate-descriptor (generate) @ tamaya-api ---
[INFO] Generating feature descriptor file /data-depot/user/Workspace/Reproducibility/Reproducibility-Scanner/reproducer/workspace/Bears-196/code/api/target/feature/feature.xml
[INFO] ...done!
[INFO] 
[INFO] --- maven-resources-plugin:3.1.0:resources (default-resources) @ tamaya-api ---
[INFO] Using 'UTF-8' encoding to copy filtered resources.
[INFO] Copying 1 resource
[INFO] Copying 3 resources
[INFO] 
[INFO] --- maven-compiler-plugin:3.7.0:compile (default-compile) @ tamaya-api ---
[INFO] Nothing to compile - all classes are up to date
[INFO] 
[INFO] --- bnd-maven-plugin:3.3.0:bnd-process (default) @ tamaya-api ---
[INFO] 
[INFO] --- maven-resources-plugin:3.1.0:testResources (default-testResources) @ tamaya-api ---
[INFO] Using 'UTF-8' encoding to copy filtered resources.
[INFO] Copying 2 resources
[INFO] Copying 3 resources
[INFO] 
[INFO] --- maven-compiler-plugin:3.7.0:testCompile (default-testCompile) @ tamaya-api ---
[INFO] Changes detected - recompiling the module!
[INFO] Compiling 17 source files to /data-depot/user/Workspace/Reproducibility/Reproducibility-Scanner/reproducer/workspace/Bears-196/code/api/target/test-classes
[WARNING] /data-depot/user/Workspace/Reproducibility/Reproducibility-Scanner/reproducer/workspace/Bears-196/code/api/src/test/java/org/apache/tamaya/spi/FilterContextTest.java:[77,66] of(java.lang.String,java.lang.String,java.lang.String) in org.apache.tamaya.spi.PropertyValue has been deprecated
[WARNING] /data-depot/user/Workspace/Reproducibility/Reproducibility-Scanner/reproducer/workspace/Bears-196/code/api/src/test/java/org/apache/tamaya/spi/FilterContextTest.java:[89,40] of(java.lang.String,java.lang.String,java.lang.String) in org.apache.tamaya.spi.PropertyValue has been deprecated
[WARNING] /data-depot/user/Workspace/Reproducibility/Reproducibility-Scanner/reproducer/workspace/Bears-196/code/api/src/test/java/org/apache/tamaya/spi/FilterContextTest.java:[94,40] of(java.lang.String,java.lang.String,java.lang.String) in org.apache.tamaya.spi.PropertyValue has been deprecated
[WARNING] /data-depot/user/Workspace/Reproducibility/Reproducibility-Scanner/reproducer/workspace/Bears-196/code/api/src/test/java/org/apache/tamaya/spi/FilterContextTest.java:[99,42] of(java.lang.String,java.lang.String,java.lang.String) in org.apache.tamaya.spi.PropertyValue has been deprecated
[WARNING] /data-depot/user/Workspace/Reproducibility/Reproducibility-Scanner/reproducer/workspace/Bears-196/code/api/src/test/java/org/apache/tamaya/spi/FilterContextTest.java:[107,42] of(java.lang.String,java.lang.String,java.lang.String) in org.apache.tamaya.spi.PropertyValue has been deprecated
[WARNING] /data-depot/user/Workspace/Reproducibility/Reproducibility-Scanner/reproducer/workspace/Bears-196/code/api/src/test/java/org/apache/tamaya/spi/FilterContextTest.java:[118,47] of(java.lang.String,java.lang.String,java.lang.String) in org.apache.tamaya.spi.PropertyValue has been deprecated
[WARNING] /data-depot/user/Workspace/Reproducibility/Reproducibility-Scanner/reproducer/workspace/Bears-196/code/api/src/test/java/org/apache/tamaya/spi/FilterContextTest.java:[120,42] of(java.lang.String,java.lang.String,java.lang.String) in org.apache.tamaya.spi.PropertyValue has been deprecated
[WARNING] /data-depot/user/Workspace/Reproducibility/Reproducibility-Scanner/reproducer/workspace/Bears-196/code/api/src/test/java/org/apache/tamaya/spi/FilterContextTest.java:[130,47] of(java.lang.String,java.lang.String,java.lang.String) in org.apache.tamaya.spi.PropertyValue has been deprecated
[WARNING] /data-depot/user/Workspace/Reproducibility/Reproducibility-Scanner/reproducer/workspace/Bears-196/code/api/src/test/java/org/apache/tamaya/spi/FilterContextTest.java:[132,42] of(java.lang.String,java.lang.String,java.lang.String) in org.apache.tamaya.spi.PropertyValue has been deprecated
[WARNING] /data-depot/user/Workspace/Reproducibility/Reproducibility-Scanner/reproducer/workspace/Bears-196/code/api/src/test/java/org/apache/tamaya/ConfigurationProviderTest.java:[40,32] org.apache.tamaya.ConfigurationProvider in org.apache.tamaya has been deprecated
[WARNING] /data-depot/user/Workspace/Reproducibility/Reproducibility-Scanner/reproducer/workspace/Bears-196/code/api/src/test/java/org/apache/tamaya/ConfigurationProviderTest.java:[53,13] org.apache.tamaya.ConfigurationProvider in org.apache.tamaya has been deprecated
[WARNING] /data-depot/user/Workspace/Reproducibility/Reproducibility-Scanner/reproducer/workspace/Bears-196/code/api/src/test/java/org/apache/tamaya/ConfigurationProviderTest.java:[56,13] org.apache.tamaya.ConfigurationProvider in org.apache.tamaya has been deprecated
[WARNING] /data-depot/user/Workspace/Reproducibility/Reproducibility-Scanner/reproducer/workspace/Bears-196/code/api/src/test/java/org/apache/tamaya/ConfigurationProviderTest.java:[66,39] org.apache.tamaya.ConfigurationProvider in org.apache.tamaya has been deprecated
[WARNING] /data-depot/user/Workspace/Reproducibility/Reproducibility-Scanner/reproducer/workspace/Bears-196/code/api/src/test/java/org/apache/tamaya/ConfigurationProviderTest.java:[72,20] org.apache.tamaya.ConfigurationProvider in org.apache.tamaya has been deprecated
[WARNING] /data-depot/user/Workspace/Reproducibility/Reproducibility-Scanner/reproducer/workspace/Bears-196/code/api/src/test/java/org/apache/tamaya/spi/PropertyValueTest.java:[37,22] of(java.lang.String,java.lang.String,java.lang.String) in org.apache.tamaya.spi.PropertyValue has been deprecated
[WARNING] /data-depot/user/Workspace/Reproducibility/Reproducibility-Scanner/reproducer/workspace/Bears-196/code/api/src/test/java/org/apache/tamaya/spi/PropertyValueTest.java:[42,22] of(java.lang.String,java.lang.String,java.lang.String) in org.apache.tamaya.spi.PropertyValue has been deprecated
[WARNING] /data-depot/user/Workspace/Reproducibility/Reproducibility-Scanner/reproducer/workspace/Bears-196/code/api/src/test/java/org/apache/tamaya/spi/PropertyValueTest.java:[47,33] of(java.lang.String,java.lang.String,java.lang.String) in org.apache.tamaya.spi.PropertyValue has been deprecated
[WARNING] /data-depot/user/Workspace/Reproducibility/Reproducibility-Scanner/reproducer/workspace/Bears-196/code/api/src/test/java/org/apache/tamaya/spi/PropertyValueTest.java:[52,22] of(java.lang.String,java.lang.String,java.lang.String) in org.apache.tamaya.spi.PropertyValue has been deprecated
[WARNING] /data-depot/user/Workspace/Reproducibility/Reproducibility-Scanner/reproducer/workspace/Bears-196/code/api/src/test/java/org/apache/tamaya/spi/PropertyValueTest.java:[113,41] of(java.lang.String,java.lang.String,java.lang.String) in org.apache.tamaya.spi.PropertyValue has been deprecated
[WARNING] /data-depot/user/Workspace/Reproducibility/Reproducibility-Scanner/reproducer/workspace/Bears-196/code/api/src/test/java/org/apache/tamaya/spi/PropertyValueTest.java:[120,96] of(java.lang.String,java.lang.String,java.lang.String) in org.apache.tamaya.spi.PropertyValue has been deprecated
[WARNING] /data-depot/user/Workspace/Reproducibility/Reproducibility-Scanner/reproducer/workspace/Bears-196/code/api/src/test/java/org/apache/tamaya/spi/PropertyValueTest.java:[120,33] of(java.lang.String,java.lang.String,java.lang.String) in org.apache.tamaya.spi.PropertyValue has been deprecated
[WARNING] /data-depot/user/Workspace/Reproducibility/Reproducibility-Scanner/reproducer/workspace/Bears-196/code/api/src/test/java/org/apache/tamaya/spi/PropertyValueTest.java:[121,98] of(java.lang.String,java.lang.String,java.lang.String) in org.apache.tamaya.spi.PropertyValue has been deprecated
[WARNING] /data-depot/user/Workspace/Reproducibility/Reproducibility-Scanner/reproducer/workspace/Bears-196/code/api/src/test/java/org/apache/tamaya/spi/PropertyValueTest.java:[121,33] of(java.lang.String,java.lang.String,java.lang.String) in org.apache.tamaya.spi.PropertyValue has been deprecated
[WARNING] /data-depot/user/Workspace/Reproducibility/Reproducibility-Scanner/reproducer/workspace/Bears-196/code/api/src/test/java/org/apache/tamaya/spi/PropertyValueTest.java:[122,98] of(java.lang.String,java.lang.String,java.lang.String) in org.apache.tamaya.spi.PropertyValue has been deprecated
[WARNING] /data-depot/user/Workspace/Reproducibility/Reproducibility-Scanner/reproducer/workspace/Bears-196/code/api/src/test/java/org/apache/tamaya/spi/PropertyValueTest.java:[122,33] of(java.lang.String,java.lang.String,java.lang.String) in org.apache.tamaya.spi.PropertyValue has been deprecated
[WARNING] /data-depot/user/Workspace/Reproducibility/Reproducibility-Scanner/reproducer/workspace/Bears-196/code/api/src/test/java/org/apache/tamaya/spi/PropertyValueTest.java:[123,89] of(java.lang.String,java.lang.String,java.lang.String) in org.apache.tamaya.spi.PropertyValue has been deprecated
[WARNING] /data-depot/user/Workspace/Reproducibility/Reproducibility-Scanner/reproducer/workspace/Bears-196/code/api/src/test/java/org/apache/tamaya/spi/PropertyValueTest.java:[123,33] of(java.lang.String,java.lang.String,java.lang.String) in org.apache.tamaya.spi.PropertyValue has been deprecated
[WARNING] /data-depot/user/Workspace/Reproducibility/Reproducibility-Scanner/reproducer/workspace/Bears-196/code/api/src/test/java/org/apache/tamaya/spi/PropertyValueTest.java:[128,85] of(java.lang.String,java.lang.String,java.lang.String) in org.apache.tamaya.spi.PropertyValue has been deprecated
[WARNING] /data-depot/user/Workspace/Reproducibility/Reproducibility-Scanner/reproducer/workspace/Bears-196/code/api/src/test/java/org/apache/tamaya/spi/PropertyValueTest.java:[128,33] of(java.lang.String,java.lang.String,java.lang.String) in org.apache.tamaya.spi.PropertyValue has been deprecated
[WARNING] /data-depot/user/Workspace/Reproducibility/Reproducibility-Scanner/reproducer/workspace/Bears-196/code/api/src/test/java/org/apache/tamaya/spi/PropertyValueTest.java:[129,88] of(java.lang.String,java.lang.String,java.lang.String) in org.apache.tamaya.spi.PropertyValue has been deprecated
[WARNING] /data-depot/user/Workspace/Reproducibility/Reproducibility-Scanner/reproducer/workspace/Bears-196/code/api/src/test/java/org/apache/tamaya/spi/PropertyValueTest.java:[129,33] of(java.lang.String,java.lang.String,java.lang.String) in org.apache.tamaya.spi.PropertyValue has been deprecated
[WARNING] /data-depot/user/Workspace/Reproducibility/Reproducibility-Scanner/reproducer/workspace/Bears-196/code/api/src/test/java/org/apache/tamaya/spi/PropertyValueTest.java:[130,87] of(java.lang.String,java.lang.String,java.lang.String) in org.apache.tamaya.spi.PropertyValue has been deprecated
[WARNING] /data-depot/user/Workspace/Reproducibility/Reproducibility-Scanner/reproducer/workspace/Bears-196/code/api/src/test/java/org/apache/tamaya/spi/PropertyValueTest.java:[130,33] of(java.lang.String,java.lang.String,java.lang.String) in org.apache.tamaya.spi.PropertyValue has been deprecated
[WARNING] /data-depot/user/Workspace/Reproducibility/Reproducibility-Scanner/reproducer/workspace/Bears-196/code/api/src/test/java/org/apache/tamaya/spi/PropertyValueTest.java:[131,87] of(java.lang.String,java.lang.String,java.lang.String) in org.apache.tamaya.spi.PropertyValue has been deprecated
[WARNING] /data-depot/user/Workspace/Reproducibility/Reproducibility-Scanner/reproducer/workspace/Bears-196/code/api/src/test/java/org/apache/tamaya/spi/PropertyValueTest.java:[131,33] of(java.lang.String,java.lang.String,java.lang.String) in org.apache.tamaya.spi.PropertyValue has been deprecated
[WARNING] /data-depot/user/Workspace/Reproducibility/Reproducibility-Scanner/reproducer/workspace/Bears-196/code/api/src/test/java/org/apache/tamaya/spi/PropertyValueTest.java:[136,41] of(java.lang.String,java.lang.String,java.lang.String) in org.apache.tamaya.spi.PropertyValue has been deprecated
[WARNING] /data-depot/user/Workspace/Reproducibility/Reproducibility-Scanner/reproducer/workspace/Bears-196/code/api/src/test/java/org/apache/tamaya/spi/PropertyValueTest.java:[142,41] of(java.lang.String,java.lang.String,java.lang.String) in org.apache.tamaya.spi.PropertyValue has been deprecated
[WARNING] /data-depot/user/Workspace/Reproducibility/Reproducibility-Scanner/reproducer/workspace/Bears-196/code/api/src/test/java/org/apache/tamaya/spi/PropertyValueTest.java:[148,41] of(java.lang.String,java.lang.String,java.lang.String) in org.apache.tamaya.spi.PropertyValue has been deprecated
[WARNING] /data-depot/user/Workspace/Reproducibility/Reproducibility-Scanner/reproducer/workspace/Bears-196/code/api/src/test/java/org/apache/tamaya/spi/PropertyValueTest.java:[149,33] getSource() in org.apache.tamaya.spi.PropertyValue has been deprecated
[WARNING] /data-depot/user/Workspace/Reproducibility/Reproducibility-Scanner/reproducer/workspace/Bears-196/code/api/src/test/java/org/apache/tamaya/spi/PropertyValueTest.java:[150,27] of(java.lang.String,java.lang.String,java.lang.String) in org.apache.tamaya.spi.PropertyValue has been deprecated
[WARNING] /data-depot/user/Workspace/Reproducibility/Reproducibility-Scanner/reproducer/workspace/Bears-196/code/api/src/test/java/org/apache/tamaya/spi/PropertyValueTest.java:[151,33] getSource() in org.apache.tamaya.spi.PropertyValue has been deprecated
[INFO] /data-depot/user/Workspace/Reproducibility/Reproducibility-Scanner/reproducer/workspace/Bears-196/code/api/src/test/java/org/apache/tamaya/ConfigurationTest.java: Some input files use unchecked or unsafe operations.
[INFO] /data-depot/user/Workspace/Reproducibility/Reproducibility-Scanner/reproducer/workspace/Bears-196/code/api/src/test/java/org/apache/tamaya/ConfigurationTest.java: Recompile with -Xlint:unchecked for details.
[INFO] 
[INFO] --- maven-surefire-plugin:2.22.0:test (default-test) @ tamaya-api ---
[INFO] 
[INFO] -------------------------------------------------------
[INFO]  T E S T S
[INFO] -------------------------------------------------------
[INFO] Running org.apache.tamaya.TypeLiteralTest
[INFO] Tests run: 14, Failures: 0, Errors: 0, Skipped: 0, Time elapsed: 0.099 s - in org.apache.tamaya.TypeLiteralTest
[INFO] Running org.apache.tamaya.ConfigExceptionTest
[INFO] Tests run: 2, Failures: 0, Errors: 0, Skipped: 0, Time elapsed: 0.001 s - in org.apache.tamaya.ConfigExceptionTest
[INFO] Running org.apache.tamaya.spi.ConfigurationProviderSpiTest
[INFO] Tests run: 1, Failures: 0, Errors: 0, Skipped: 0, Time elapsed: 0.08 s - in org.apache.tamaya.spi.ConfigurationProviderSpiTest
[INFO] Running org.apache.tamaya.spi.ServiceContextTest
[INFO] Tests run: 5, Failures: 0, Errors: 0, Skipped: 0, Time elapsed: 0.028 s - in org.apache.tamaya.spi.ServiceContextTest
[INFO] Running org.apache.tamaya.spi.ConversionContextTest
[INFO] Tests run: 6, Failures: 0, Errors: 0, Skipped: 0, Time elapsed: 0.001 s - in org.apache.tamaya.spi.ConversionContextTest
[INFO] Running org.apache.tamaya.spi.PropertyValueTest
{a=aVal, b.b2.b3=b3Val, c[0]=cVal1, c[1]=cVal2}
[INFO] Tests run: 36, Failures: 0, Errors: 0, Skipped: 0, Time elapsed: 0.018 s - in org.apache.tamaya.spi.PropertyValueTest
[INFO] Running org.apache.tamaya.spi.PropertySourceTest
[INFO] Tests run: 1, Failures: 0, Errors: 0, Skipped: 0, Time elapsed: 0.001 s - in org.apache.tamaya.spi.PropertySourceTest
[INFO] Running org.apache.tamaya.spi.PropertySourceProviderTest
[INFO] Tests run: 1, Failures: 0, Errors: 0, Skipped: 0, Time elapsed: 0.001 s - in org.apache.tamaya.spi.PropertySourceProviderTest
[INFO] Running org.apache.tamaya.spi.FilterContextTest
FilterContext{createValue='[PropertyValue{'testToString', createValue='val', metaData={source=mySource}}]', configEntries=[key-1, key-0]}
[INFO] Tests run: 10, Failures: 0, Errors: 0, Skipped: 0, Time elapsed: 0.002 s - in org.apache.tamaya.spi.FilterContextTest
[INFO] Running org.apache.tamaya.spi.ServiceContextManagerTest
[INFO] Tests run: 2, Failures: 0, Errors: 0, Skipped: 0, Time elapsed: 0.003 s - in org.apache.tamaya.spi.ServiceContextManagerTest
[INFO] Running org.apache.tamaya.ConfigurationTest
[INFO] Tests run: 13, Failures: 0, Errors: 0, Skipped: 0, Time elapsed: 0.032 s - in org.apache.tamaya.ConfigurationTest
[INFO] Running org.apache.tamaya.ConfigurationProviderTest
[INFO] Tests run: 4, Failures: 0, Errors: 0, Skipped: 0, Time elapsed: 0.016 s - in org.apache.tamaya.ConfigurationProviderTest
[INFO] 
[INFO] Results:
[INFO] 
[INFO] Tests run: 95, Failures: 0, Errors: 0, Skipped: 0
[INFO] 
[INFO] 
[INFO] ----------------< org.apache.tamaya:tamaya-spisupport >-----------------
[INFO] Building Apache Tamaya Core SPI Support 0.4-incubating-SNAPSHOT   [5/10]
[INFO] --------------------------------[ jar ]---------------------------------
[INFO] 
[INFO] --- maven-enforcer-plugin:3.0.0-M1:enforce (enforce-maven-version) @ tamaya-spisupport ---
[INFO] Skipping Rule Enforcement.
[INFO] 
[INFO] --- maven-enforcer-plugin:3.0.0-M1:enforce (enforce-versions) @ tamaya-spisupport ---
[INFO] Skipping Rule Enforcement.
[INFO] 
[INFO] --- apache-rat-plugin:0.12:check (default) @ tamaya-spisupport ---
[INFO] RAT will not execute since it is configured to be skipped via system property 'rat.skip'.
[INFO] 
[INFO] --- maven-remote-resources-plugin:1.5:process (process-resource-bundles) @ tamaya-spisupport ---
[INFO] 
[INFO] --- karaf-maven-plugin:4.0.5:features-generate-descriptor (generate) @ tamaya-spisupport ---
[INFO] Generating feature descriptor file /data-depot/user/Workspace/Reproducibility/Reproducibility-Scanner/reproducer/workspace/Bears-196/code/spi-support/target/feature/feature.xml
[WARNING] Error while opening artifact
java.io.FileNotFoundException: /data-depot/user/Workspace/Reproducibility/Reproducibility-Scanner/reproducer/workspace/Bears-196/code/api/target/classes (Is a directory)
    at java.io.FileInputStream.open0 (Native Method)
    at java.io.FileInputStream.open (FileInputStream.java:195)
    at java.io.FileInputStream.<init> (FileInputStream.java:138)
    at org.apache.karaf.tooling.features.GenerateDescriptorMojo.getManifest (GenerateDescriptorMojo.java:411)
    at org.apache.karaf.tooling.features.GenerateDescriptorMojo.writeFeatures (GenerateDescriptorMojo.java:353)
    at org.apache.karaf.tooling.features.GenerateDescriptorMojo.execute (GenerateDescriptorMojo.java:264)
    at org.apache.maven.plugin.DefaultBuildPluginManager.executeMojo (DefaultBuildPluginManager.java:137)
    at org.apache.maven.lifecycle.internal.MojoExecutor.execute (MojoExecutor.java:208)
    at org.apache.maven.lifecycle.internal.MojoExecutor.execute (MojoExecutor.java:154)
    at org.apache.maven.lifecycle.internal.MojoExecutor.execute (MojoExecutor.java:146)
    at org.apache.maven.lifecycle.internal.LifecycleModuleBuilder.buildProject (LifecycleModuleBuilder.java:117)
    at org.apache.maven.lifecycle.internal.LifecycleModuleBuilder.buildProject (LifecycleModuleBuilder.java:81)
    at org.apache.maven.lifecycle.internal.builder.singlethreaded.SingleThreadedBuilder.build (SingleThreadedBuilder.java:56)
    at org.apache.maven.lifecycle.internal.LifecycleStarter.execute (LifecycleStarter.java:128)
    at org.apache.maven.DefaultMaven.doExecute (DefaultMaven.java:305)
    at org.apache.maven.DefaultMaven.doExecute (DefaultMaven.java:192)
    at org.apache.maven.DefaultMaven.execute (DefaultMaven.java:105)
    at org.apache.maven.cli.MavenCli.execute (MavenCli.java:954)
    at org.apache.maven.cli.MavenCli.doMain (MavenCli.java:288)
    at org.apache.maven.cli.MavenCli.main (MavenCli.java:192)
    at sun.reflect.NativeMethodAccessorImpl.invoke0 (Native Method)
    at sun.reflect.NativeMethodAccessorImpl.invoke (NativeMethodAccessorImpl.java:62)
    at sun.reflect.DelegatingMethodAccessorImpl.invoke (DelegatingMethodAccessorImpl.java:43)
    at java.lang.reflect.Method.invoke (Method.java:498)
    at org.codehaus.plexus.classworlds.launcher.Launcher.launchEnhanced (Launcher.java:289)
    at org.codehaus.plexus.classworlds.launcher.Launcher.launch (Launcher.java:229)
    at org.codehaus.plexus.classworlds.launcher.Launcher.mainWithExitCode (Launcher.java:415)
    at org.codehaus.plexus.classworlds.launcher.Launcher.main (Launcher.java:356)
[INFO] ...done!
[INFO] 
[INFO] --- maven-resources-plugin:3.1.0:resources (default-resources) @ tamaya-spisupport ---
[INFO] Using 'UTF-8' encoding to copy filtered resources.
[INFO] skip non existing resourceDirectory /data-depot/user/Workspace/Reproducibility/Reproducibility-Scanner/reproducer/workspace/Bears-196/code/spi-support/src/main/resources
[INFO] Copying 3 resources
[INFO] 
[INFO] --- maven-compiler-plugin:3.7.0:compile (default-compile) @ tamaya-spisupport ---
[INFO] Changes detected - recompiling the module!
[INFO] Compiling 32 source files to /data-depot/user/Workspace/Reproducibility/Reproducibility-Scanner/reproducer/workspace/Bears-196/code/spi-support/target/classes
[WARNING] /data-depot/user/Workspace/Reproducibility/Reproducibility-Scanner/reproducer/workspace/Bears-196/code/spi-support/src/main/java/org/apache/tamaya/spisupport/DefaultConfiguration.java:[252,18] <T>query(org.apache.tamaya.ConfigQuery<T>) in org.apache.tamaya.Configuration has been deprecated
[WARNING] /data-depot/user/Workspace/Reproducibility/Reproducibility-Scanner/reproducer/workspace/Bears-196/code/spi-support/src/main/java/org/apache/tamaya/spisupport/DefaultConfiguration.java:[247,26] with(org.apache.tamaya.ConfigOperator) in org.apache.tamaya.Configuration has been deprecated
[WARNING] /data-depot/user/Workspace/Reproducibility/Reproducibility-Scanner/reproducer/workspace/Bears-196/code/spi-support/src/main/java/org/apache/tamaya/spisupport/DefaultConfiguration.java:[247,31] org.apache.tamaya.ConfigOperator in org.apache.tamaya has been deprecated
[WARNING] /data-depot/user/Workspace/Reproducibility/Reproducibility-Scanner/reproducer/workspace/Bears-196/code/spi-support/src/main/java/org/apache/tamaya/spisupport/DefaultConfiguration.java:[252,24] org.apache.tamaya.ConfigQuery in org.apache.tamaya has been deprecated
[WARNING] /data-depot/user/Workspace/Reproducibility/Reproducibility-Scanner/reproducer/workspace/Bears-196/code/spi-support/src/main/java/org/apache/tamaya/spisupport/propertysource/EnvironmentPropertySource.java:[222,29] of(java.lang.String,java.lang.String,java.lang.String) in org.apache.tamaya.spi.PropertyValue has been deprecated
[WARNING] /data-depot/user/Workspace/Reproducibility/Reproducibility-Scanner/reproducer/workspace/Bears-196/code/spi-support/src/main/java/org/apache/tamaya/spisupport/propertysource/EnvironmentPropertySource.java:[238,58] of(java.lang.String,java.lang.String,java.lang.String) in org.apache.tamaya.spi.PropertyValue has been deprecated
[WARNING] /data-depot/user/Workspace/Reproducibility/Reproducibility-Scanner/reproducer/workspace/Bears-196/code/spi-support/src/main/java/org/apache/tamaya/spisupport/propertysource/EnvironmentPropertySource.java:[244,67] of(java.lang.String,java.lang.String,java.lang.String) in org.apache.tamaya.spi.PropertyValue has been deprecated
[WARNING] /data-depot/user/Workspace/Reproducibility/Reproducibility-Scanner/reproducer/workspace/Bears-196/code/spi-support/src/main/java/org/apache/tamaya/spisupport/propertysource/CLIPropertySource.java:[123,34] of(java.lang.String,java.lang.String,java.lang.String) in org.apache.tamaya.spi.PropertyValue has been deprecated
[WARNING] /data-depot/user/Workspace/Reproducibility/Reproducibility-Scanner/reproducer/workspace/Bears-196/code/spi-support/src/main/java/org/apache/tamaya/spisupport/DefaultConfigurationContext.java:[161,53] isScannable() in org.apache.tamaya.spi.PropertySource has been deprecated
[WARNING] /data-depot/user/Workspace/Reproducibility/Reproducibility-Scanner/reproducer/workspace/Bears-196/code/spi-support/src/main/java/org/apache/tamaya/spisupport/DefaultConfigurationContext.java:[162,23] isScannable() in org.apache.tamaya.spi.PropertySource has been deprecated
[WARNING] /data-depot/user/Workspace/Reproducibility/Reproducibility-Scanner/reproducer/workspace/Bears-196/code/spi-support/src/main/java/org/apache/tamaya/spisupport/propertysource/BuildablePropertySource.java:[148,48] of(java.lang.String,java.lang.String,java.lang.String) in org.apache.tamaya.spi.PropertyValue has been deprecated
[WARNING] /data-depot/user/Workspace/Reproducibility/Reproducibility-Scanner/reproducer/workspace/Bears-196/code/spi-support/src/main/java/org/apache/tamaya/spisupport/propertysource/BuildablePropertySource.java:[160,48] of(java.lang.String,java.lang.String,java.lang.String) in org.apache.tamaya.spi.PropertyValue has been deprecated
[WARNING] /data-depot/user/Workspace/Reproducibility/Reproducibility-Scanner/reproducer/workspace/Bears-196/code/spi-support/src/main/java/org/apache/tamaya/spisupport/propertysource/SimplePropertySource.java:[81,59] of(java.lang.String,java.lang.String,java.lang.String) in org.apache.tamaya.spi.PropertyValue has been deprecated
[WARNING] /data-depot/user/Workspace/Reproducibility/Reproducibility-Scanner/reproducer/workspace/Bears-196/code/spi-support/src/main/java/org/apache/tamaya/spisupport/propertysource/SimplePropertySource.java:[153,50] of(java.lang.String,java.lang.String,java.lang.String) in org.apache.tamaya.spi.PropertyValue has been deprecated
[WARNING] /data-depot/user/Workspace/Reproducibility/Reproducibility-Scanner/reproducer/workspace/Bears-196/code/spi-support/src/main/java/org/apache/tamaya/spisupport/propertysource/SimplePropertySource.java:[262,63] of(java.lang.String,java.lang.String,java.lang.String) in org.apache.tamaya.spi.PropertyValue has been deprecated
[WARNING] /data-depot/user/Workspace/Reproducibility/Reproducibility-Scanner/reproducer/workspace/Bears-196/code/spi-support/src/main/java/org/apache/tamaya/spisupport/propertysource/SimplePropertySource.java:[275,51] of(java.lang.String,java.lang.String,java.lang.String) in org.apache.tamaya.spi.PropertyValue has been deprecated
[WARNING] /data-depot/user/Workspace/Reproducibility/Reproducibility-Scanner/reproducer/workspace/Bears-196/code/spi-support/src/main/java/org/apache/tamaya/spisupport/propertysource/WrappedPropertySource.java:[96,20] isScannable() in org.apache.tamaya.spi.PropertySource has been deprecated
[WARNING] /data-depot/user/Workspace/Reproducibility/Reproducibility-Scanner/reproducer/workspace/Bears-196/code/spi-support/src/main/java/org/apache/tamaya/spisupport/propertysource/WrappedPropertySource.java:[97,24] isScannable() in org.apache.tamaya.spi.PropertySource has been deprecated
[INFO] /data-depot/user/Workspace/Reproducibility/Reproducibility-Scanner/reproducer/workspace/Bears-196/code/spi-support/src/main/java/org/apache/tamaya/spisupport/DefaultConfiguration.java: Some input files use unchecked or unsafe operations.
[INFO] /data-depot/user/Workspace/Reproducibility/Reproducibility-Scanner/reproducer/workspace/Bears-196/code/spi-support/src/main/java/org/apache/tamaya/spisupport/DefaultConfiguration.java: Recompile with -Xlint:unchecked for details.
[INFO] 
[INFO] --- bnd-maven-plugin:3.3.0:bnd-process (default) @ tamaya-spisupport ---
[INFO] 
[INFO] --- maven-resources-plugin:3.1.0:testResources (default-testResources) @ tamaya-spisupport ---
[INFO] Using 'UTF-8' encoding to copy filtered resources.
[INFO] Copying 14 resources
[INFO] Copying 3 resources
[INFO] 
[INFO] --- maven-compiler-plugin:3.7.0:testCompile (default-testCompile) @ tamaya-spisupport ---
[INFO] Nothing to compile - all classes are up to date
[INFO] 
[INFO] --- maven-surefire-plugin:2.22.0:test (default-test) @ tamaya-spisupport ---
[INFO] 
[INFO] -------------------------------------------------------
[INFO]  T E S T S
[INFO] -------------------------------------------------------
[INFO] Running org.apache.tamaya.spisupport.DefaultConfigurationTest
[INFO] Tests run: 28, Failures: 0, Errors: 0, Skipped: 0, Time elapsed: 0.152 s - in org.apache.tamaya.spisupport.DefaultConfigurationTest
[INFO] Running org.apache.tamaya.spisupport.DefaultConfigurationBuilderTest
[INFO] Tests run: 16, Failures: 0, Errors: 0, Skipped: 0, Time elapsed: 0.081 s - in org.apache.tamaya.spisupport.DefaultConfigurationBuilderTest
[INFO] Running org.apache.tamaya.spisupport.EnumConverterTest
[ERROR] Tests run: 5, Failures: 0, Errors: 1, Skipped: 0, Time elapsed: 0.005 s <<< FAILURE! - in org.apache.tamaya.spisupport.EnumConverterTest
[ERROR] testConvert_Nulls(org.apache.tamaya.spisupport.EnumConverterTest)  Time elapsed: 0.005 s  <<< ERROR!
java.lang.NullPointerException
	at org.apache.tamaya.spisupport.EnumConverterTest.testConvert_Nulls(EnumConverterTest.java:61)

[INFO] Running org.apache.tamaya.spisupport.PriorityServiceComparatorTest
[INFO] Tests run: 1, Failures: 0, Errors: 0, Skipped: 0, Time elapsed: 0.001 s - in org.apache.tamaya.spisupport.PriorityServiceComparatorTest
[INFO] Running org.apache.tamaya.spisupport.DefaultConfigurationSnapshotTest
[INFO] Tests run: 3, Failures: 0, Errors: 0, Skipped: 0, Time elapsed: 0.155 s - in org.apache.tamaya.spisupport.DefaultConfigurationSnapshotTest
[INFO] Running org.apache.tamaya.spisupport.PropertyConverterManagerTest
[INFO] Tests run: 13, Failures: 0, Errors: 0, Skipped: 0, Time elapsed: 0.006 s - in org.apache.tamaya.spisupport.PropertyConverterManagerTest
[INFO] Running org.apache.tamaya.spisupport.RegexPropertyFilterTest
[INFO] Tests run: 2, Failures: 0, Errors: 0, Skipped: 0, Time elapsed: 0 s - in org.apache.tamaya.spisupport.RegexPropertyFilterTest
[INFO] Running org.apache.tamaya.spisupport.DefaultConfigurationContextTest
ConfigurationContext{
  Property Sources
  ----------------
  No property sources loaded.

  Property Filters
  ----------------
  No property filters loaded.

  Property Converters
  -------------------
  CLASS                         TYPE                          INFO


}
[INFO] Tests run: 1, Failures: 0, Errors: 0, Skipped: 0, Time elapsed: 0.011 s - in org.apache.tamaya.spisupport.DefaultConfigurationContextTest
[INFO] Running org.apache.tamaya.spisupport.BuildablePropertySourceTest
[INFO] Tests run: 10, Failures: 0, Errors: 0, Skipped: 0, Time elapsed: 0.004 s - in org.apache.tamaya.spisupport.BuildablePropertySourceTest
[INFO] Running org.apache.tamaya.spisupport.BuildablePropertySourceProviderTest
[INFO] Tests run: 4, Failures: 0, Errors: 0, Skipped: 0, Time elapsed: 0.001 s - in org.apache.tamaya.spisupport.BuildablePropertySourceProviderTest
[INFO] Running org.apache.tamaya.spisupport.DefaultConfigValueEvaluatorTest
[INFO] Tests run: 2, Failures: 0, Errors: 0, Skipped: 0, Time elapsed: 0.001 s - in org.apache.tamaya.spisupport.DefaultConfigValueEvaluatorTest
[INFO] Running org.apache.tamaya.spisupport.propertysource.BasePropertySourceTest
[INFO] Tests run: 5, Failures: 0, Errors: 0, Skipped: 0, Time elapsed: 0.009 s - in org.apache.tamaya.spisupport.propertysource.BasePropertySourceTest
[INFO] Running org.apache.tamaya.spisupport.propertysource.PropertiesResourcePropertySourceTest
/data-depot/user/Workspace/Reproducibility/Reproducibility-Scanner/reproducer/workspace/Bears-196/code/spi-support/target/test-classes/testfile.properties
[INFO] Tests run: 5, Failures: 0, Errors: 0, Skipped: 0, Time elapsed: 0.004 s - in org.apache.tamaya.spisupport.propertysource.PropertiesResourcePropertySourceTest
[INFO] Running org.apache.tamaya.spisupport.propertysource.EnumConverterTest
[INFO] Tests run: 4, Failures: 0, Errors: 0, Skipped: 0, Time elapsed: 0.003 s - in org.apache.tamaya.spisupport.propertysource.EnumConverterTest
[INFO] Running org.apache.tamaya.spisupport.propertysource.PropertiesFilePropertySourceTest
[INFO] Tests run: 3, Failures: 0, Errors: 0, Skipped: 0, Time elapsed: 0.002 s - in org.apache.tamaya.spisupport.propertysource.PropertiesFilePropertySourceTest
[INFO] Running org.apache.tamaya.spisupport.propertysource.WrappedPropertySourceTest
[INFO] Tests run: 7, Failures: 0, Errors: 0, Skipped: 0, Time elapsed: 0.002 s - in org.apache.tamaya.spisupport.propertysource.WrappedPropertySourceTest
[INFO] Running org.apache.tamaya.spisupport.propertysource.SimplePropertySourceTest
[INFO] Tests run: 14, Failures: 0, Errors: 0, Skipped: 0, Time elapsed: 0.019 s - in org.apache.tamaya.spisupport.propertysource.SimplePropertySourceTest
[INFO] Running org.apache.tamaya.spisupport.propertysource.JavaConfigurationProviderTest
[INFO] Tests run: 2, Failures: 0, Errors: 0, Skipped: 0, Time elapsed: 0.007 s - in org.apache.tamaya.spisupport.propertysource.JavaConfigurationProviderTest
[INFO] Running org.apache.tamaya.spisupport.propertysource.SystemPropertySourceTest
[INFO] Tests run: 6, Failures: 0, Errors: 0, Skipped: 0, Time elapsed: 0.005 s - in org.apache.tamaya.spisupport.propertysource.SystemPropertySourceTest
[INFO] Running org.apache.tamaya.spisupport.propertysource.CLIPropertySourceTest
[INFO] Tests run: 1, Failures: 0, Errors: 0, Skipped: 0, Time elapsed: 0.001 s - in org.apache.tamaya.spisupport.propertysource.CLIPropertySourceTest
[INFO] Running org.apache.tamaya.spisupport.propertysource.EnvironmentPropertySourceTest
EnvironmentPropertySource{  defaultOrdinal=0
  ordinal=null
  prefix=null
  disabled=false
  name='EnvironmentPropertySource'
  prefix=fancyprefix
  disabled=false
}
[INFO] Tests run: 9, Failures: 0, Errors: 0, Skipped: 0, Time elapsed: 0.005 s - in org.apache.tamaya.spisupport.propertysource.EnvironmentPropertySourceTest
[INFO] Running org.apache.tamaya.spisupport.propertysource.MapPropertySourceTest
[INFO] Tests run: 3, Failures: 0, Errors: 0, Skipped: 0, Time elapsed: 0 s - in org.apache.tamaya.spisupport.propertysource.MapPropertySourceTest
[INFO] Running org.apache.tamaya.spisupport.ReflectionUtilTest
[INFO] Tests run: 1, Failures: 0, Errors: 0, Skipped: 0, Time elapsed: 0 s - in org.apache.tamaya.spisupport.ReflectionUtilTest
[INFO] Running org.apache.tamaya.spisupport.DefaultPropertySourceSnapshotTest
[INFO] Tests run: 8, Failures: 0, Errors: 0, Skipped: 0, Time elapsed: 0.006 s - in org.apache.tamaya.spisupport.DefaultPropertySourceSnapshotTest
[INFO] Running org.apache.tamaya.spisupport.PropertyFilterComparatorTest
[INFO] Tests run: 3, Failures: 0, Errors: 0, Skipped: 0, Time elapsed: 0 s - in org.apache.tamaya.spisupport.PropertyFilterComparatorTest
[INFO] Running org.apache.tamaya.spisupport.DefaultServiceContextTest
[INFO] Tests run: 9, Failures: 0, Errors: 0, Skipped: 0, Time elapsed: 0.01 s - in org.apache.tamaya.spisupport.DefaultServiceContextTest
[INFO] 
[INFO] Results:
[INFO] 
[ERROR] Errors: 
[ERROR]   EnumConverterTest.testConvert_Nulls:61 Â» NullPointer
[INFO] 
[ERROR] Tests run: 165, Failures: 0, Errors: 1, Skipped: 0
[INFO] 
[INFO] ------------------------------------------------------------------------
[INFO] Reactor Summary:
[INFO] 
[INFO] Apache Tamaya Base 0.4-incubating-SNAPSHOT ......... SUCCESS [  1.246 s]
[INFO] Apache Tamaya Build Configuration .................. SUCCESS [  0.452 s]
[INFO] Apache Tamaya Code - all ........................... SUCCESS [  0.097 s]
[INFO] Apache Tamaya Core API ............................. SUCCESS [  3.040 s]
[INFO] Apache Tamaya Core SPI Support ..................... FAILURE [  2.095 s]
[INFO] Apache Tamaya Core Implementation .................. SKIPPED
[INFO] Apache Tamaya Core Examples ........................ SKIPPED
[INFO] Apache Tamaya Minimal Example ...................... SKIPPED
[INFO] Apache Tamaya Custom Propertysource Example ........ SKIPPED
[INFO] Apache Tamaya Distribution 0.4-incubating-SNAPSHOT . SKIPPED
[INFO] ------------------------------------------------------------------------
[INFO] BUILD FAILURE
[INFO] ------------------------------------------------------------------------
[INFO] Total time: 8.194 s
[INFO] Finished at: 2022-07-14T17:12:15-07:00
[INFO] ------------------------------------------------------------------------
[ERROR] Failed to execute goal org.apache.maven.plugins:maven-surefire-plugin:2.22.0:test (default-test) on project tamaya-spisupport: There are test failures.
[ERROR] 
[ERROR] Please refer to /data-depot/user/Workspace/Reproducibility/Reproducibility-Scanner/reproducer/workspace/Bears-196/code/spi-support/target/surefire-reports for the individual test results.
[ERROR] Please refer to dump files (if any exist) [date]-jvmRun[N].dump, [date].dumpstream and [date]-jvmRun[N].dumpstream.
[ERROR] -> [Help 1]
[ERROR] 
[ERROR] To see the full stack trace of the errors, re-run Maven with the -e switch.
[ERROR] Re-run Maven using the -X switch to enable full debug logging.
[ERROR] 
[ERROR] For more information about the errors and possible solutions, please read the following articles:
[ERROR] [Help 1] http://cwiki.apache.org/confluence/display/MAVEN/MojoFailureException
[ERROR] 
[ERROR] After correcting the problems, you can resume the build with the command
[ERROR]   mvn <goals> -rf :tamaya-spisupport
Running the tests related to the bug Bears-196...
The tests related to the bug Bears-196 were executed.