Apache Maven 3.5.4 (1edded0938998edf8bf061f1ceb3cfdeccf443fe; 2018-06-17T11:33:14-07:00)
Maven home: /usr/local/apache-maven
Java version: 1.8.0_312, vendor: Private Build, runtime: /usr/lib/jvm/java-8-openjdk-amd64/jre
Default locale: en_US, platform encoding: UTF-8
OS name: "linux", version: "4.15.0-173-generic", arch: "amd64", family: "unix"
[INFO] Scanning for projects...
[INFO] Inspecting build with total of 8 modules...
[INFO] Installing Nexus Staging features:
[INFO]   ... total of 7 executions of maven-deploy-plugin replaced with nexus-staging-maven-plugin
[INFO] ------------------------------------------------------------------------
[INFO] Reactor Build Order:
[INFO] 
[INFO] Debezium Checkstyle Rules                                          [jar]
[INFO] Debezium Parent POM                                                [pom]
[INFO] Debezium Assembly Descriptors                                      [jar]
[INFO] Debezium Core                                                      [jar]
[INFO] Debezium Embedded                                                  [jar]
[INFO] Debezium Connector for MySQL                                       [jar]
[INFO] Debezium Connector for PostgreSQL                                  [jar]
[INFO] Debezium Connector for MongoDB                                     [jar]
[INFO] 
[INFO] ------------------< io.debezium:debezium-checkstyle >-------------------
[INFO] Building Debezium Checkstyle Rules 0.8.0-SNAPSHOT                  [1/8]
[INFO] --------------------------------[ jar ]---------------------------------
[INFO] 
[INFO] --- maven-enforcer-plugin:3.0.0-M1:enforce (enforce-java-version) @ debezium-checkstyle ---
[INFO] Skipping Rule Enforcement.
[INFO] 
[INFO] --- maven-enforcer-plugin:3.0.0-M1:enforce (enforce-maven-version) @ debezium-checkstyle ---
[INFO] Skipping Rule Enforcement.
[INFO] 
[INFO] --- buildnumber-maven-plugin:1.3:create (get-scm-revision) @ debezium-checkstyle ---
[INFO] Executing: /bin/sh -c cd /data-depot/user/Workspace/Reproducibility/Reproducibility-Scanner/reproducer/workspace/Bears-163/support/checkstyle && git rev-parse --verify HEAD
[INFO] Working directory: /data-depot/user/Workspace/Reproducibility/Reproducibility-Scanner/reproducer/workspace/Bears-163/support/checkstyle
[INFO] Storing buildNumber: UNKNOWN at timestamp: 1657776425332
[WARNING] Cannot get the branch information from the git repository: 
Detecting the current branch failed: fatal: not a git repository: /data-depot/user/Workspace/Reproducibility/Reproducibility-Scanner/reproducer/workspace/Bears-163/../../.git/modules/benchmarks/bears-benchmark

[INFO] Executing: /bin/sh -c cd /data-depot/user/Workspace/Reproducibility/Reproducibility-Scanner/reproducer/workspace/Bears-163/support/checkstyle && git rev-parse --verify HEAD
[INFO] Working directory: /data-depot/user/Workspace/Reproducibility/Reproducibility-Scanner/reproducer/workspace/Bears-163/support/checkstyle
[INFO] Storing buildScmBranch: UNKNOWN_BRANCH
[INFO] 
[INFO] --- maven-resources-plugin:2.7:resources (default-resources) @ debezium-checkstyle ---
[INFO] Using 'UTF-8' encoding to copy filtered resources.
[INFO] Copying 4 resources
[INFO] 
[INFO] --- maven-compiler-plugin:3.1:compile (default-compile) @ debezium-checkstyle ---
[INFO] Nothing to compile - all classes are up to date
[INFO] 
[INFO] --- maven-resources-plugin:2.7:testResources (default-testResources) @ debezium-checkstyle ---
[INFO] Using 'UTF-8' encoding to copy filtered resources.
[INFO] skip non existing resourceDirectory /data-depot/user/Workspace/Reproducibility/Reproducibility-Scanner/reproducer/workspace/Bears-163/support/checkstyle/src/test/resources
[INFO] 
[INFO] --- maven-compiler-plugin:3.1:testCompile (default-testCompile) @ debezium-checkstyle ---
[INFO] No sources to compile
[INFO] 
[INFO] --- maven-surefire-plugin:2.18.1:test (default-test) @ debezium-checkstyle ---
[INFO] No tests to run.
[INFO] 
[INFO] --------------------< io.debezium:debezium-parent >---------------------
[INFO] Building Debezium Parent POM 0.8.0-SNAPSHOT                        [2/8]
[INFO] --------------------------------[ pom ]---------------------------------
[INFO] 
[INFO] --- maven-enforcer-plugin:3.0.0-M1:enforce (enforce-java-version) @ debezium-parent ---
[INFO] Skipping Rule Enforcement.
[INFO] 
[INFO] --- maven-enforcer-plugin:3.0.0-M1:enforce (enforce-maven-version) @ debezium-parent ---
[INFO] Skipping Rule Enforcement.
[INFO] 
[INFO] --- maven-enforcer-plugin:3.0.0-M1:enforce (enforce-maven) @ debezium-parent ---
[INFO] Skipping Rule Enforcement.
[INFO] 
[INFO] --- buildnumber-maven-plugin:1.3:create (get-scm-revision) @ debezium-parent ---
[INFO] 
[INFO] -------------< io.debezium:debezium-assembly-descriptors >--------------
[INFO] Building Debezium Assembly Descriptors 0.8.0-SNAPSHOT              [3/8]
[INFO] --------------------------------[ jar ]---------------------------------
[INFO] 
[INFO] --- maven-enforcer-plugin:3.0.0-M1:enforce (enforce-java-version) @ debezium-assembly-descriptors ---
[INFO] Skipping Rule Enforcement.
[INFO] 
[INFO] --- maven-enforcer-plugin:3.0.0-M1:enforce (enforce-maven-version) @ debezium-assembly-descriptors ---
[INFO] Skipping Rule Enforcement.
[INFO] 
[INFO] --- maven-enforcer-plugin:3.0.0-M1:enforce (enforce-maven) @ debezium-assembly-descriptors ---
[INFO] Skipping Rule Enforcement.
[INFO] 
[INFO] --- buildnumber-maven-plugin:1.3:create (get-scm-revision) @ debezium-assembly-descriptors ---
[INFO] 
[INFO] --- maven-resources-plugin:2.7:resources (default-resources) @ debezium-assembly-descriptors ---
[INFO] Using 'UTF-8' encoding to copy filtered resources.
[INFO] Copying 1 resource
[INFO] 
[INFO] --- maven-compiler-plugin:3.1:compile (default-compile) @ debezium-assembly-descriptors ---
[INFO] No sources to compile
[INFO] 
[INFO] --- maven-resources-plugin:2.7:testResources (default-testResources) @ debezium-assembly-descriptors ---
[INFO] Using 'UTF-8' encoding to copy filtered resources.
[INFO] skip non existing resourceDirectory /data-depot/user/Workspace/Reproducibility/Reproducibility-Scanner/reproducer/workspace/Bears-163/debezium-assembly-descriptors/src/test/resources
[INFO] 
[INFO] --- maven-compiler-plugin:3.1:testCompile (default-testCompile) @ debezium-assembly-descriptors ---
[INFO] No sources to compile
[INFO] 
[INFO] --- maven-surefire-plugin:2.18.1:test (default-test) @ debezium-assembly-descriptors ---
[INFO] Tests are skipped.
[INFO] 
[INFO] ---------------------< io.debezium:debezium-core >----------------------
[INFO] Building Debezium Core 0.8.0-SNAPSHOT                              [4/8]
[INFO] --------------------------------[ jar ]---------------------------------
[INFO] 
[INFO] --- maven-enforcer-plugin:3.0.0-M1:enforce (enforce-java-version) @ debezium-core ---
[INFO] Skipping Rule Enforcement.
[INFO] 
[INFO] --- maven-enforcer-plugin:3.0.0-M1:enforce (enforce-maven-version) @ debezium-core ---
[INFO] Skipping Rule Enforcement.
[INFO] 
[INFO] --- maven-enforcer-plugin:3.0.0-M1:enforce (enforce-maven) @ debezium-core ---
[INFO] Skipping Rule Enforcement.
[INFO] 
[INFO] --- buildnumber-maven-plugin:1.3:create (get-scm-revision) @ debezium-core ---
[INFO] 
[INFO] --- maven-resources-plugin:2.7:resources (default-resources) @ debezium-core ---
[INFO] Using 'UTF-8' encoding to copy filtered resources.
[INFO] skip non existing resourceDirectory /data-depot/user/Workspace/Reproducibility/Reproducibility-Scanner/reproducer/workspace/Bears-163/debezium-core/src/main/resources
[INFO] 
[INFO] --- maven-compiler-plugin:3.1:compile (default-compile) @ debezium-core ---
[INFO] Nothing to compile - all classes are up to date
[INFO] 
[INFO] --- maven-resources-plugin:2.7:testResources (default-testResources) @ debezium-core ---
[INFO] Using 'UTF-8' encoding to copy filtered resources.
[INFO] Copying 8 resources
[INFO] 
[INFO] --- maven-compiler-plugin:3.1:testCompile (default-testCompile) @ debezium-core ---
[INFO] Nothing to compile - all classes are up to date
[INFO] 
[INFO] --- maven-surefire-plugin:2.18.1:test (default-test) @ debezium-core ---
[INFO] Surefire report directory: /data-depot/user/Workspace/Reproducibility/Reproducibility-Scanner/reproducer/workspace/Bears-163/debezium-core/target/surefire-reports

-------------------------------------------------------
 T E S T S
-------------------------------------------------------
Running io.debezium.kafka.ZookeeperServerTest
2022-07-13 22:27:06,991 ERROR ZOO ZKShutdownHandler is not registered, so ZooKeeper server won't take any action on ERROR or SHUTDOWN server state changes
2022-07-13 22:27:06,998 ERROR ZOO ZKShutdownHandler is not registered, so ZooKeeper server won't take any action on ERROR or SHUTDOWN server state changes
2022-07-13 22:27:07,003 ERROR ZOO ZKShutdownHandler is not registered, so ZooKeeper server won't take any action on ERROR or SHUTDOWN server state changes
2022-07-13 22:27:07,004 ERROR ZOO ZKShutdownHandler is not registered, so ZooKeeper server won't take any action on ERROR or SHUTDOWN server state changes
Tests run: 2, Failures: 0, Errors: 0, Skipped: 0, Time elapsed: 0.296 sec - in io.debezium.kafka.ZookeeperServerTest
Running io.debezium.kafka.KafkaClusterTest
Skipped shouldStartClusterWithMultipleBrokerAndLeaveData(io.debezium.kafka.KafkaClusterTest) because: long-running
Skipped shouldStartClusterAndAllowAsynchronousProductionAndAutomaticConsumersToUseIt(io.debezium.kafka.KafkaClusterTest) because: long-running
2022-07-13 22:27:07,266 ERROR ZOO ZKShutdownHandler is not registered, so ZooKeeper server won't take any action on ERROR or SHUTDOWN server state changes
2022-07-13 22:27:08,458 INFO  DBZ Started Kafka server 1 at localhost:41167 with storage in /data-depot/user/Workspace/Reproducibility/Reproducibility-Scanner/reproducer/workspace/Bears-163/debezium-core/target/data/cluster/kafka/broker1 (io.debezium.kafka.KafkaServer)
The consumer completed normally in   0.31625s total;   1 samples;  0.31625s avg;  0.31625s min;  0.31625s max
2022-07-13 22:27:10,816 INFO  DBZ Stopped Kafka server 1 at localhost:41167 (io.debezium.kafka.KafkaServer)
2022-07-13 22:27:10,816 ERROR ZOO ZKShutdownHandler is not registered, so ZooKeeper server won't take any action on ERROR or SHUTDOWN server state changes
Skipped shouldStartClusterWithMultipleBrokerAndRemoveData(io.debezium.kafka.KafkaClusterTest) because: long-running
Skipped shouldStartClusterWithOneBrokerAndRemoveData(io.debezium.kafka.KafkaClusterTest) because: long-running
Skipped shouldStartClusterWithOneBrokerAndLeaveData(io.debezium.kafka.KafkaClusterTest) because: long-running
Skipped shouldStartClusterAndAllowProducersAndConsumersToUseIt(io.debezium.kafka.KafkaClusterTest) because: long-running
Tests run: 9, Failures: 0, Errors: 0, Skipped: 0, Time elapsed: 3.804 sec - in io.debezium.kafka.KafkaClusterTest
Running io.debezium.text.XmlCharactersTest
Tests run: 4, Failures: 0, Errors: 0, Skipped: 0, Time elapsed: 0.05 sec - in io.debezium.text.XmlCharactersTest
Running io.debezium.text.TokenStreamTest
Tests run: 46, Failures: 0, Errors: 0, Skipped: 0, Time elapsed: 0.019 sec - in io.debezium.text.TokenStreamTest
Running io.debezium.text.PositionTest
Tests run: 5, Failures: 0, Errors: 0, Skipped: 0, Time elapsed: 0.001 sec - in io.debezium.text.PositionTest
Running io.debezium.config.ConfigurationTest
Tests run: 5, Failures: 0, Errors: 0, Skipped: 0, Time elapsed: 0.014 sec - in io.debezium.config.ConfigurationTest
Running io.debezium.function.BufferedBlockingConsumerTest
Tests run: 1, Failures: 0, Errors: 0, Skipped: 0, Time elapsed: 0.003 sec - in io.debezium.function.BufferedBlockingConsumerTest
Running io.debezium.function.PredicatesTest
Tests run: 4, Failures: 0, Errors: 0, Skipped: 0, Time elapsed: 0.004 sec - in io.debezium.function.PredicatesTest
Running io.debezium.time.ConversionsTest
Tests run: 20, Failures: 0, Errors: 0, Skipped: 0, Time elapsed: 0.018 sec - in io.debezium.time.ConversionsTest
Running io.debezium.time.TemporalsTest
Tests run: 3, Failures: 0, Errors: 0, Skipped: 0, Time elapsed: 0.001 sec - in io.debezium.time.TemporalsTest
Running io.debezium.util.ElapsedTimeStrategyTest
Tests run: 5, Failures: 0, Errors: 0, Skipped: 0, Time elapsed: 0.007 sec - in io.debezium.util.ElapsedTimeStrategyTest
Running io.debezium.util.SchemaNameAdjusterTest
Tests run: 7, Failures: 0, Errors: 0, Skipped: 0, Time elapsed: 0.006 sec - in io.debezium.util.SchemaNameAdjusterTest
Running io.debezium.util.HashCodeTest
Tests run: 4, Failures: 0, Errors: 0, Skipped: 0, Time elapsed: 0.002 sec - in io.debezium.util.HashCodeTest
Running io.debezium.util.StringsTest
Tests run: 42, Failures: 0, Errors: 0, Skipped: 0, Time elapsed: 0.014 sec - in io.debezium.util.StringsTest
Running io.debezium.util.TestingTest
Tests run: 2, Failures: 0, Errors: 0, Skipped: 0, Time elapsed: 0 sec - in io.debezium.util.TestingTest
Running io.debezium.relational.mapping.TruncateStringsTest
Tests run: 1, Failures: 0, Errors: 0, Skipped: 0, Time elapsed: 0 sec - in io.debezium.relational.mapping.TruncateStringsTest
Running io.debezium.relational.mapping.ColumnMappersTest
Tests run: 7, Failures: 0, Errors: 0, Skipped: 0, Time elapsed: 0.003 sec - in io.debezium.relational.mapping.ColumnMappersTest
Running io.debezium.relational.mapping.MaskStringsTest
Tests run: 1, Failures: 0, Errors: 0, Skipped: 0, Time elapsed: 0 sec - in io.debezium.relational.mapping.MaskStringsTest
Running io.debezium.relational.TableTest
Tests run: 17, Failures: 0, Errors: 0, Skipped: 0, Time elapsed: 0.009 sec - in io.debezium.relational.TableTest
Running io.debezium.relational.TableIdParserTest
Tests run: 5, Failures: 0, Errors: 0, Skipped: 0, Time elapsed: 0.002 sec - in io.debezium.relational.TableIdParserTest
Running io.debezium.relational.ColumnEditorTest
Tests run: 4, Failures: 0, Errors: 0, Skipped: 0, Time elapsed: 0 sec - in io.debezium.relational.ColumnEditorTest
Running io.debezium.relational.TableEditorTest
Tests run: 11, Failures: 0, Errors: 0, Skipped: 0, Time elapsed: 0.004 sec - in io.debezium.relational.TableEditorTest
Running io.debezium.relational.ddl.DdlParserSql2003Test
Tests run: 3, Failures: 0, Errors: 0, Skipped: 0, Time elapsed: 0.024 sec - in io.debezium.relational.ddl.DdlParserSql2003Test
Running io.debezium.relational.ddl.DataTypeGrammarParserTest
Tests run: 14, Failures: 0, Errors: 0, Skipped: 0, Time elapsed: 0.008 sec - in io.debezium.relational.ddl.DataTypeGrammarParserTest
Running io.debezium.relational.ddl.DataTypeParserTest
Tests run: 6, Failures: 0, Errors: 0, Skipped: 0, Time elapsed: 0.008 sec - in io.debezium.relational.ddl.DataTypeParserTest
Running io.debezium.relational.ddl.DdlChangesTest
Tests run: 3, Failures: 0, Errors: 0, Skipped: 0, Time elapsed: 0.006 sec - in io.debezium.relational.ddl.DdlChangesTest
Running io.debezium.relational.SelectorsTest
Tests run: 12, Failures: 0, Errors: 0, Skipped: 0, Time elapsed: 0.006 sec - in io.debezium.relational.SelectorsTest
Running io.debezium.relational.TableSchemaBuilderTest
Tests run: 4, Failures: 0, Errors: 0, Skipped: 0, Time elapsed: 0.016 sec - in io.debezium.relational.TableSchemaBuilderTest
Running io.debezium.relational.history.FileDatabaseHistoryTest
Tests run: 1, Failures: 0, Errors: 0, Skipped: 0, Time elapsed: 0.051 sec - in io.debezium.relational.history.FileDatabaseHistoryTest
Running io.debezium.relational.history.KafkaDatabaseHistoryTest
2022-07-13 22:27:11,137 ERROR ZOO ZKShutdownHandler is not registered, so ZooKeeper server won't take any action on ERROR or SHUTDOWN server state changes
2022-07-13 22:27:11,433 INFO  DBZ Started Kafka server 1 at localhost:34943 with storage in /data-depot/user/Workspace/Reproducibility/Reproducibility-Scanner/reproducer/workspace/Bears-163/debezium-core/target/data/history_cluster/kafka/broker1 (io.debezium.kafka.KafkaServer)
2022-07-13 22:27:11,597 INFO  DBZ KafkaDatabaseHistory Consumer config: {enable.auto.commit=false, value.deserializer=org.apache.kafka.common.serialization.StringDeserializer, group.id=my-db-history, auto.offset.reset=earliest, session.timeout.ms=50000, bootstrap.servers=localhost:34943, max.poll.interval.ms=100, client.id=my-db-history, key.deserializer=org.apache.kafka.common.serialization.StringDeserializer, fetch.min.bytes=1} (io.debezium.relational.history.KafkaDatabaseHistory)
2022-07-13 22:27:11,597 INFO  DBZ KafkaDatabaseHistory Producer config: {bootstrap.servers=localhost:34943, value.serializer=org.apache.kafka.common.serialization.StringSerializer, buffer.memory=1048576, retries=1, key.serializer=org.apache.kafka.common.serialization.StringSerializer, client.id=my-db-history, linger.ms=0, batch.size=32768, max.block.ms=10000, acks=1} (io.debezium.relational.history.KafkaDatabaseHistory)
2022-07-13 22:27:11,750 INFO  DBZ Database history topic '(name=schema-changes-topic, numPartitions=1, replicationFactor=1, replicasAssignments=null, configs={cleanup.policy=delete, retention.ms=9223372036854775807})' created (io.debezium.relational.history.KafkaDatabaseHistory)
2022-07-13 22:27:11,753 WARN  KAF Error registering AppInfo mbean
javax.management.InstanceAlreadyExistsException: kafka.admin.client:type=app-info,id=my-db-history
	at com.sun.jmx.mbeanserver.Repository.addMBean(Repository.java:437)
	at com.sun.jmx.interceptor.DefaultMBeanServerInterceptor.registerWithRepository(DefaultMBeanServerInterceptor.java:1898)
	at com.sun.jmx.interceptor.DefaultMBeanServerInterceptor.registerDynamicMBean(DefaultMBeanServerInterceptor.java:966)
	at com.sun.jmx.interceptor.DefaultMBeanServerInterceptor.registerObject(DefaultMBeanServerInterceptor.java:900)
	at com.sun.jmx.interceptor.DefaultMBeanServerInterceptor.registerMBean(DefaultMBeanServerInterceptor.java:324)
	at com.sun.jmx.mbeanserver.JmxMBeanServer.registerMBean(JmxMBeanServer.java:522)
	at org.apache.kafka.common.utils.AppInfoParser.registerAppInfo(AppInfoParser.java:62)
	at org.apache.kafka.clients.admin.KafkaAdminClient.<init>(KafkaAdminClient.java:378)
	at org.apache.kafka.clients.admin.KafkaAdminClient.createInternal(KafkaAdminClient.java:329)
	at org.apache.kafka.clients.admin.AdminClient.create(AdminClient.java:51)
	at io.debezium.relational.history.KafkaDatabaseHistory.initializeStorage(KafkaDatabaseHistory.java:335)
	at io.debezium.relational.history.KafkaDatabaseHistoryTest.testHistoryTopicContent(KafkaDatabaseHistoryTest.java:114)
	at io.debezium.relational.history.KafkaDatabaseHistoryTest.shouldStopOnUnparseableSQL(KafkaDatabaseHistoryTest.java:254)
	at sun.reflect.NativeMethodAccessorImpl.invoke0(Native Method)
	at sun.reflect.NativeMethodAccessorImpl.invoke(NativeMethodAccessorImpl.java:62)
	at sun.reflect.DelegatingMethodAccessorImpl.invoke(DelegatingMethodAccessorImpl.java:43)
	at java.lang.reflect.Method.invoke(Method.java:498)
	at org.junit.runners.model.FrameworkMethod$1.runReflectiveCall(FrameworkMethod.java:50)
	at org.junit.internal.runners.model.ReflectiveCallable.run(ReflectiveCallable.java:12)
	at org.junit.runners.model.FrameworkMethod.invokeExplosively(FrameworkMethod.java:47)
	at org.junit.internal.runners.statements.InvokeMethod.evaluate(InvokeMethod.java:17)
	at org.junit.internal.runners.statements.ExpectException.evaluate(ExpectException.java:19)
	at org.junit.internal.runners.statements.RunBefores.evaluate(RunBefores.java:26)
	at org.junit.internal.runners.statements.RunAfters.evaluate(RunAfters.java:27)
	at org.junit.runners.ParentRunner.runLeaf(ParentRunner.java:325)
	at org.junit.runners.BlockJUnit4ClassRunner.runChild(BlockJUnit4ClassRunner.java:78)
	at org.junit.runners.BlockJUnit4ClassRunner.runChild(BlockJUnit4ClassRunner.java:57)
	at org.junit.runners.ParentRunner$3.run(ParentRunner.java:290)
	at org.junit.runners.ParentRunner$1.schedule(ParentRunner.java:71)
	at org.junit.runners.ParentRunner.runChildren(ParentRunner.java:288)
	at org.junit.runners.ParentRunner.access$000(ParentRunner.java:58)
	at org.junit.runners.ParentRunner$2.evaluate(ParentRunner.java:268)
	at org.junit.runners.ParentRunner.run(ParentRunner.java:363)
	at org.apache.maven.surefire.junit4.JUnit4Provider.execute(JUnit4Provider.java:283)
	at org.apache.maven.surefire.junit4.JUnit4Provider.executeWithRerun(JUnit4Provider.java:173)
	at org.apache.maven.surefire.junit4.JUnit4Provider.executeTestSet(JUnit4Provider.java:153)
	at org.apache.maven.surefire.junit4.JUnit4Provider.invoke(JUnit4Provider.java:128)
	at org.apache.maven.surefire.booter.ForkedBooter.invokeProviderInSameClassLoader(ForkedBooter.java:203)
	at org.apache.maven.surefire.booter.ForkedBooter.runSuitesInProcess(ForkedBooter.java:155)
	at org.apache.maven.surefire.booter.ForkedBooter.main(ForkedBooter.java:103)
2022-07-13 22:27:11,753 WARN  KAF Error registering AppInfo mbean
javax.management.InstanceAlreadyExistsException: kafka.admin.client:type=app-info,id=my-db-history
	at com.sun.jmx.mbeanserver.Repository.addMBean(Repository.java:437)
	at com.sun.jmx.interceptor.DefaultMBeanServerInterceptor.registerWithRepository(DefaultMBeanServerInterceptor.java:1898)
	at com.sun.jmx.interceptor.DefaultMBeanServerInterceptor.registerDynamicMBean(DefaultMBeanServerInterceptor.java:966)
	at com.sun.jmx.interceptor.DefaultMBeanServerInterceptor.registerObject(DefaultMBeanServerInterceptor.java:900)
	at com.sun.jmx.interceptor.DefaultMBeanServerInterceptor.registerMBean(DefaultMBeanServerInterceptor.java:324)
	at com.sun.jmx.mbeanserver.JmxMBeanServer.registerMBean(JmxMBeanServer.java:522)
	at org.apache.kafka.common.utils.AppInfoParser.registerAppInfo(AppInfoParser.java:62)
	at org.apache.kafka.clients.admin.KafkaAdminClient.<init>(KafkaAdminClient.java:378)
	at org.apache.kafka.clients.admin.KafkaAdminClient.createInternal(KafkaAdminClient.java:329)
	at org.apache.kafka.clients.admin.AdminClient.create(AdminClient.java:51)
	at io.debezium.relational.history.KafkaDatabaseHistory.initializeStorage(KafkaDatabaseHistory.java:335)
	at io.debezium.relational.history.KafkaDatabaseHistoryTest.testHistoryTopicContent(KafkaDatabaseHistoryTest.java:114)
	at io.debezium.relational.history.KafkaDatabaseHistoryTest.shouldStopOnUnparseableSQL(KafkaDatabaseHistoryTest.java:254)
	at sun.reflect.NativeMethodAccessorImpl.invoke0(Native Method)
	at sun.reflect.NativeMethodAccessorImpl.invoke(NativeMethodAccessorImpl.java:62)
	at sun.reflect.DelegatingMethodAccessorImpl.invoke(DelegatingMethodAccessorImpl.java:43)
	at java.lang.reflect.Method.invoke(Method.java:498)
	at org.junit.runners.model.FrameworkMethod$1.runReflectiveCall(FrameworkMethod.java:50)
	at org.junit.internal.runners.model.ReflectiveCallable.run(ReflectiveCallable.java:12)
	at org.junit.runners.model.FrameworkMethod.invokeExplosively(FrameworkMethod.java:47)
	at org.junit.internal.runners.statements.InvokeMethod.evaluate(InvokeMethod.java:17)
	at org.junit.internal.runners.statements.ExpectException.evaluate(ExpectException.java:19)
	at org.junit.internal.runners.statements.RunBefores.evaluate(RunBefores.java:26)
	at org.junit.internal.runners.statements.RunAfters.evaluate(RunAfters.java:27)
	at org.junit.runners.ParentRunner.runLeaf(ParentRunner.java:325)
	at org.junit.runners.BlockJUnit4ClassRunner.runChild(BlockJUnit4ClassRunner.java:78)
	at org.junit.runners.BlockJUnit4ClassRunner.runChild(BlockJUnit4ClassRunner.java:57)
	at org.junit.runners.ParentRunner$3.run(ParentRunner.java:290)
	at org.junit.runners.ParentRunner$1.schedule(ParentRunner.java:71)
	at org.junit.runners.ParentRunner.runChildren(ParentRunner.java:288)
	at org.junit.runners.ParentRunner.access$000(ParentRunner.java:58)
	at org.junit.runners.ParentRunner$2.evaluate(ParentRunner.java:268)
	at org.junit.runners.ParentRunner.run(ParentRunner.java:363)
	at org.apache.maven.surefire.junit4.JUnit4Provider.execute(JUnit4Provider.java:283)
	at org.apache.maven.surefire.junit4.JUnit4Provider.executeWithRerun(JUnit4Provider.java:173)
	at org.apache.maven.surefire.junit4.JUnit4Provider.executeTestSet(JUnit4Provider.java:153)
	at org.apache.maven.surefire.junit4.JUnit4Provider.invoke(JUnit4Provider.java:128)
	at org.apache.maven.surefire.booter.ForkedBooter.invokeProviderInSameClassLoader(ForkedBooter.java:203)
	at org.apache.maven.surefire.booter.ForkedBooter.runSuitesInProcess(ForkedBooter.java:155)
	at org.apache.maven.surefire.booter.ForkedBooter.main(ForkedBooter.java:103)
2022-07-13 22:27:11,869 INFO  DBZ Database history topic '(name=schema-changes-topic, numPartitions=1, replicationFactor=1, replicasAssignments=null, configs={cleanup.policy=delete, retention.ms=9223372036854775807})' created (io.debezium.relational.history.KafkaDatabaseHistory)
2022-07-13 22:27:12,042 INFO  DBZ KafkaDatabaseHistory Consumer config: {enable.auto.commit=false, value.deserializer=org.apache.kafka.common.serialization.StringDeserializer, group.id=my-db-history, auto.offset.reset=earliest, session.timeout.ms=50000, bootstrap.servers=localhost:34943, max.poll.interval.ms=100, client.id=my-db-history, key.deserializer=org.apache.kafka.common.serialization.StringDeserializer, fetch.min.bytes=1} (io.debezium.relational.history.KafkaDatabaseHistory)
2022-07-13 22:27:12,042 INFO  DBZ KafkaDatabaseHistory Producer config: {bootstrap.servers=localhost:34943, value.serializer=org.apache.kafka.common.serialization.StringSerializer, buffer.memory=1048576, retries=1, key.serializer=org.apache.kafka.common.serialization.StringSerializer, client.id=my-db-history, linger.ms=0, batch.size=32768, max.block.ms=10000, acks=1} (io.debezium.relational.history.KafkaDatabaseHistory)
2022-07-13 22:27:12,099 ERROR DBZ Unexpected exception while processing record 'ConsumerRecord(topic = schema-changes-topic, partition = 0, offset = 0, CreateTime = 1657776431578, serialized key size = -1, serialized value size = 137, headers = RecordHeaders(headers = [], isReadOnly = false), key = null, value = {"source":{"server":"my-server"},"position":{"filename":"my-txn-file.log","position":39},"databaseName":"db1","ddl":"xxxDROP TABLE foo;"})' (io.debezium.relational.history.KafkaDatabaseHistory)
io.debezium.text.ParsingException: Failed to parse statement 'xxxDROP TABLE foo;'
	at io.debezium.relational.ddl.DdlParser.parse(DdlParser.java:292)
	at io.debezium.relational.ddl.DdlParser.parse(DdlParser.java:267)
	at io.debezium.relational.history.AbstractDatabaseHistory.lambda$recover$1(AbstractDatabaseHistory.java:75)
	at io.debezium.relational.history.KafkaDatabaseHistory.recoverRecords(KafkaDatabaseHistory.java:238)
	at io.debezium.relational.history.AbstractDatabaseHistory.recover(AbstractDatabaseHistory.java:63)
	at io.debezium.relational.history.KafkaDatabaseHistoryTest.testHistoryTopicContent(KafkaDatabaseHistoryTest.java:176)
	at io.debezium.relational.history.KafkaDatabaseHistoryTest.shouldStopOnUnparseableSQL(KafkaDatabaseHistoryTest.java:254)
	at sun.reflect.NativeMethodAccessorImpl.invoke0(Native Method)
	at sun.reflect.NativeMethodAccessorImpl.invoke(NativeMethodAccessorImpl.java:62)
	at sun.reflect.DelegatingMethodAccessorImpl.invoke(DelegatingMethodAccessorImpl.java:43)
	at java.lang.reflect.Method.invoke(Method.java:498)
	at org.junit.runners.model.FrameworkMethod$1.runReflectiveCall(FrameworkMethod.java:50)
	at org.junit.internal.runners.model.ReflectiveCallable.run(ReflectiveCallable.java:12)
	at org.junit.runners.model.FrameworkMethod.invokeExplosively(FrameworkMethod.java:47)
	at org.junit.internal.runners.statements.InvokeMethod.evaluate(InvokeMethod.java:17)
	at org.junit.internal.runners.statements.ExpectException.evaluate(ExpectException.java:19)
	at org.junit.internal.runners.statements.RunBefores.evaluate(RunBefores.java:26)
	at org.junit.internal.runners.statements.RunAfters.evaluate(RunAfters.java:27)
	at org.junit.runners.ParentRunner.runLeaf(ParentRunner.java:325)
	at org.junit.runners.BlockJUnit4ClassRunner.runChild(BlockJUnit4ClassRunner.java:78)
	at org.junit.runners.BlockJUnit4ClassRunner.runChild(BlockJUnit4ClassRunner.java:57)
	at org.junit.runners.ParentRunner$3.run(ParentRunner.java:290)
	at org.junit.runners.ParentRunner$1.schedule(ParentRunner.java:71)
	at org.junit.runners.ParentRunner.runChildren(ParentRunner.java:288)
	at org.junit.runners.ParentRunner.access$000(ParentRunner.java:58)
	at org.junit.runners.ParentRunner$2.evaluate(ParentRunner.java:268)
	at org.junit.runners.ParentRunner.run(ParentRunner.java:363)
	at org.apache.maven.surefire.junit4.JUnit4Provider.execute(JUnit4Provider.java:283)
	at org.apache.maven.surefire.junit4.JUnit4Provider.executeWithRerun(JUnit4Provider.java:173)
	at org.apache.maven.surefire.junit4.JUnit4Provider.executeTestSet(JUnit4Provider.java:153)
	at org.apache.maven.surefire.junit4.JUnit4Provider.invoke(JUnit4Provider.java:128)
	at org.apache.maven.surefire.booter.ForkedBooter.invokeProviderInSameClassLoader(ForkedBooter.java:203)
	at org.apache.maven.surefire.booter.ForkedBooter.runSuitesInProcess(ForkedBooter.java:155)
	at org.apache.maven.surefire.booter.ForkedBooter.main(ForkedBooter.java:103)
Caused by: io.debezium.text.ParsingException: Expecting token type 128 at line 1, column 1 but found 'xxxDROP':  ===>> xxxDROP TABLE foo;
	at io.debezium.text.TokenStream.consume(TokenStream.java:737)
	at io.debezium.relational.ddl.DdlParser.consumeStatement(DdlParser.java:568)
	at io.debezium.relational.ddl.DdlParser.parseUnknownStatement(DdlParser.java:376)
	at io.debezium.relational.ddl.DdlParserSql2003.parseNextStatement(DdlParserSql2003.java:120)
	at io.debezium.relational.ddl.DdlParser.parse(DdlParser.java:286)
	... 33 more
2022-07-13 22:27:13,223 INFO  DBZ Stopped Kafka server 1 at localhost:34943 (io.debezium.kafka.KafkaServer)
2022-07-13 22:27:13,224 ERROR ZOO ZKShutdownHandler is not registered, so ZooKeeper server won't take any action on ERROR or SHUTDOWN server state changes
2022-07-13 22:27:13,229 ERROR ZOO ZKShutdownHandler is not registered, so ZooKeeper server won't take any action on ERROR or SHUTDOWN server state changes
2022-07-13 22:27:13,523 INFO  DBZ Started Kafka server 1 at localhost:45647 with storage in /data-depot/user/Workspace/Reproducibility/Reproducibility-Scanner/reproducer/workspace/Bears-163/debezium-core/target/data/history_cluster/kafka/broker1 (io.debezium.kafka.KafkaServer)
2022-07-13 22:27:13,542 INFO  DBZ KafkaDatabaseHistory Consumer config: {enable.auto.commit=false, value.deserializer=org.apache.kafka.common.serialization.StringDeserializer, group.id=my-db-history, auto.offset.reset=earliest, session.timeout.ms=50000, bootstrap.servers=localhost:45647, max.poll.interval.ms=100, client.id=my-db-history, key.deserializer=org.apache.kafka.common.serialization.StringDeserializer, fetch.min.bytes=1} (io.debezium.relational.history.KafkaDatabaseHistory)
2022-07-13 22:27:13,542 INFO  DBZ KafkaDatabaseHistory Producer config: {bootstrap.servers=localhost:45647, value.serializer=org.apache.kafka.common.serialization.StringSerializer, buffer.memory=1048576, retries=1, key.serializer=org.apache.kafka.common.serialization.StringSerializer, client.id=my-db-history, linger.ms=0, batch.size=32768, max.block.ms=10000, acks=1} (io.debezium.relational.history.KafkaDatabaseHistory)
2022-07-13 22:27:13,547 WARN  KAF Error registering AppInfo mbean
javax.management.InstanceAlreadyExistsException: kafka.admin.client:type=app-info,id=my-db-history
	at com.sun.jmx.mbeanserver.Repository.addMBean(Repository.java:437)
	at com.sun.jmx.interceptor.DefaultMBeanServerInterceptor.registerWithRepository(DefaultMBeanServerInterceptor.java:1898)
	at com.sun.jmx.interceptor.DefaultMBeanServerInterceptor.registerDynamicMBean(DefaultMBeanServerInterceptor.java:966)
	at com.sun.jmx.interceptor.DefaultMBeanServerInterceptor.registerObject(DefaultMBeanServerInterceptor.java:900)
	at com.sun.jmx.interceptor.DefaultMBeanServerInterceptor.registerMBean(DefaultMBeanServerInterceptor.java:324)
	at com.sun.jmx.mbeanserver.JmxMBeanServer.registerMBean(JmxMBeanServer.java:522)
	at org.apache.kafka.common.utils.AppInfoParser.registerAppInfo(AppInfoParser.java:62)
	at org.apache.kafka.clients.admin.KafkaAdminClient.<init>(KafkaAdminClient.java:378)
	at org.apache.kafka.clients.admin.KafkaAdminClient.createInternal(KafkaAdminClient.java:329)
	at org.apache.kafka.clients.admin.AdminClient.create(AdminClient.java:51)
	at io.debezium.relational.history.KafkaDatabaseHistory.initializeStorage(KafkaDatabaseHistory.java:335)
	at io.debezium.relational.history.KafkaDatabaseHistoryTest.testHistoryTopicContent(KafkaDatabaseHistoryTest.java:111)
	at io.debezium.relational.history.KafkaDatabaseHistoryTest.shouldStartWithEmptyTopicAndStoreDataAndRecoverAllState(KafkaDatabaseHistoryTest.java:84)
	at sun.reflect.NativeMethodAccessorImpl.invoke0(Native Method)
	at sun.reflect.NativeMethodAccessorImpl.invoke(NativeMethodAccessorImpl.java:62)
	at sun.reflect.DelegatingMethodAccessorImpl.invoke(DelegatingMethodAccessorImpl.java:43)
	at java.lang.reflect.Method.invoke(Method.java:498)
	at org.junit.runners.model.FrameworkMethod$1.runReflectiveCall(FrameworkMethod.java:50)
	at org.junit.internal.runners.model.ReflectiveCallable.run(ReflectiveCallable.java:12)
	at org.junit.runners.model.FrameworkMethod.invokeExplosively(FrameworkMethod.java:47)
	at org.junit.internal.runners.statements.InvokeMethod.evaluate(InvokeMethod.java:17)
	at org.junit.internal.runners.statements.RunBefores.evaluate(RunBefores.java:26)
	at org.junit.internal.runners.statements.RunAfters.evaluate(RunAfters.java:27)
	at org.junit.runners.ParentRunner.runLeaf(ParentRunner.java:325)
	at org.junit.runners.BlockJUnit4ClassRunner.runChild(BlockJUnit4ClassRunner.java:78)
	at org.junit.runners.BlockJUnit4ClassRunner.runChild(BlockJUnit4ClassRunner.java:57)
	at org.junit.runners.ParentRunner$3.run(ParentRunner.java:290)
	at org.junit.runners.ParentRunner$1.schedule(ParentRunner.java:71)
	at org.junit.runners.ParentRunner.runChildren(ParentRunner.java:288)
	at org.junit.runners.ParentRunner.access$000(ParentRunner.java:58)
	at org.junit.runners.ParentRunner$2.evaluate(ParentRunner.java:268)
	at org.junit.runners.ParentRunner.run(ParentRunner.java:363)
	at org.apache.maven.surefire.junit4.JUnit4Provider.execute(JUnit4Provider.java:283)
	at org.apache.maven.surefire.junit4.JUnit4Provider.executeWithRerun(JUnit4Provider.java:173)
	at org.apache.maven.surefire.junit4.JUnit4Provider.executeTestSet(JUnit4Provider.java:153)
	at org.apache.maven.surefire.junit4.JUnit4Provider.invoke(JUnit4Provider.java:128)
	at org.apache.maven.surefire.booter.ForkedBooter.invokeProviderInSameClassLoader(ForkedBooter.java:203)
	at org.apache.maven.surefire.booter.ForkedBooter.runSuitesInProcess(ForkedBooter.java:155)
	at org.apache.maven.surefire.booter.ForkedBooter.main(ForkedBooter.java:103)
2022-07-13 22:27:13,547 WARN  KAF Error registering AppInfo mbean
javax.management.InstanceAlreadyExistsException: kafka.admin.client:type=app-info,id=my-db-history
	at com.sun.jmx.mbeanserver.Repository.addMBean(Repository.java:437)
	at com.sun.jmx.interceptor.DefaultMBeanServerInterceptor.registerWithRepository(DefaultMBeanServerInterceptor.java:1898)
	at com.sun.jmx.interceptor.DefaultMBeanServerInterceptor.registerDynamicMBean(DefaultMBeanServerInterceptor.java:966)
	at com.sun.jmx.interceptor.DefaultMBeanServerInterceptor.registerObject(DefaultMBeanServerInterceptor.java:900)
	at com.sun.jmx.interceptor.DefaultMBeanServerInterceptor.registerMBean(DefaultMBeanServerInterceptor.java:324)
	at com.sun.jmx.mbeanserver.JmxMBeanServer.registerMBean(JmxMBeanServer.java:522)
	at org.apache.kafka.common.utils.AppInfoParser.registerAppInfo(AppInfoParser.java:62)
	at org.apache.kafka.clients.admin.KafkaAdminClient.<init>(KafkaAdminClient.java:378)
	at org.apache.kafka.clients.admin.KafkaAdminClient.createInternal(KafkaAdminClient.java:329)
	at org.apache.kafka.clients.admin.AdminClient.create(AdminClient.java:51)
	at io.debezium.relational.history.KafkaDatabaseHistory.initializeStorage(KafkaDatabaseHistory.java:335)
	at io.debezium.relational.history.KafkaDatabaseHistoryTest.testHistoryTopicContent(KafkaDatabaseHistoryTest.java:111)
	at io.debezium.relational.history.KafkaDatabaseHistoryTest.shouldStartWithEmptyTopicAndStoreDataAndRecoverAllState(KafkaDatabaseHistoryTest.java:84)
	at sun.reflect.NativeMethodAccessorImpl.invoke0(Native Method)
	at sun.reflect.NativeMethodAccessorImpl.invoke(NativeMethodAccessorImpl.java:62)
	at sun.reflect.DelegatingMethodAccessorImpl.invoke(DelegatingMethodAccessorImpl.java:43)
	at java.lang.reflect.Method.invoke(Method.java:498)
	at org.junit.runners.model.FrameworkMethod$1.runReflectiveCall(FrameworkMethod.java:50)
	at org.junit.internal.runners.model.ReflectiveCallable.run(ReflectiveCallable.java:12)
	at org.junit.runners.model.FrameworkMethod.invokeExplosively(FrameworkMethod.java:47)
	at org.junit.internal.runners.statements.InvokeMethod.evaluate(InvokeMethod.java:17)
	at org.junit.internal.runners.statements.RunBefores.evaluate(RunBefores.java:26)
	at org.junit.internal.runners.statements.RunAfters.evaluate(RunAfters.java:27)
	at org.junit.runners.ParentRunner.runLeaf(ParentRunner.java:325)
	at org.junit.runners.BlockJUnit4ClassRunner.runChild(BlockJUnit4ClassRunner.java:78)
	at org.junit.runners.BlockJUnit4ClassRunner.runChild(BlockJUnit4ClassRunner.java:57)
	at org.junit.runners.ParentRunner$3.run(ParentRunner.java:290)
	at org.junit.runners.ParentRunner$1.schedule(ParentRunner.java:71)
	at org.junit.runners.ParentRunner.runChildren(ParentRunner.java:288)
	at org.junit.runners.ParentRunner.access$000(ParentRunner.java:58)
	at org.junit.runners.ParentRunner$2.evaluate(ParentRunner.java:268)
	at org.junit.runners.ParentRunner.run(ParentRunner.java:363)
	at org.apache.maven.surefire.junit4.JUnit4Provider.execute(JUnit4Provider.java:283)
	at org.apache.maven.surefire.junit4.JUnit4Provider.executeWithRerun(JUnit4Provider.java:173)
	at org.apache.maven.surefire.junit4.JUnit4Provider.executeTestSet(JUnit4Provider.java:153)
	at org.apache.maven.surefire.junit4.JUnit4Provider.invoke(JUnit4Provider.java:128)
	at org.apache.maven.surefire.booter.ForkedBooter.invokeProviderInSameClassLoader(ForkedBooter.java:203)
	at org.apache.maven.surefire.booter.ForkedBooter.runSuitesInProcess(ForkedBooter.java:155)
	at org.apache.maven.surefire.booter.ForkedBooter.main(ForkedBooter.java:103)
2022-07-13 22:27:13,665 INFO  DBZ Database history topic '(name=schema-changes-topic, numPartitions=1, replicationFactor=1, replicasAssignments=null, configs={cleanup.policy=delete, retention.ms=9223372036854775807})' created (io.debezium.relational.history.KafkaDatabaseHistory)
2022-07-13 22:27:13,667 WARN  KAF Error registering AppInfo mbean
javax.management.InstanceAlreadyExistsException: kafka.admin.client:type=app-info,id=my-db-history
	at com.sun.jmx.mbeanserver.Repository.addMBean(Repository.java:437)
	at com.sun.jmx.interceptor.DefaultMBeanServerInterceptor.registerWithRepository(DefaultMBeanServerInterceptor.java:1898)
	at com.sun.jmx.interceptor.DefaultMBeanServerInterceptor.registerDynamicMBean(DefaultMBeanServerInterceptor.java:966)
	at com.sun.jmx.interceptor.DefaultMBeanServerInterceptor.registerObject(DefaultMBeanServerInterceptor.java:900)
	at com.sun.jmx.interceptor.DefaultMBeanServerInterceptor.registerMBean(DefaultMBeanServerInterceptor.java:324)
	at com.sun.jmx.mbeanserver.JmxMBeanServer.registerMBean(JmxMBeanServer.java:522)
	at org.apache.kafka.common.utils.AppInfoParser.registerAppInfo(AppInfoParser.java:62)
	at org.apache.kafka.clients.admin.KafkaAdminClient.<init>(KafkaAdminClient.java:378)
	at org.apache.kafka.clients.admin.KafkaAdminClient.createInternal(KafkaAdminClient.java:329)
	at org.apache.kafka.clients.admin.AdminClient.create(AdminClient.java:51)
	at io.debezium.relational.history.KafkaDatabaseHistory.initializeStorage(KafkaDatabaseHistory.java:335)
	at io.debezium.relational.history.KafkaDatabaseHistoryTest.testHistoryTopicContent(KafkaDatabaseHistoryTest.java:114)
	at io.debezium.relational.history.KafkaDatabaseHistoryTest.shouldStartWithEmptyTopicAndStoreDataAndRecoverAllState(KafkaDatabaseHistoryTest.java:84)
	at sun.reflect.NativeMethodAccessorImpl.invoke0(Native Method)
	at sun.reflect.NativeMethodAccessorImpl.invoke(NativeMethodAccessorImpl.java:62)
	at sun.reflect.DelegatingMethodAccessorImpl.invoke(DelegatingMethodAccessorImpl.java:43)
	at java.lang.reflect.Method.invoke(Method.java:498)
	at org.junit.runners.model.FrameworkMethod$1.runReflectiveCall(FrameworkMethod.java:50)
	at org.junit.internal.runners.model.ReflectiveCallable.run(ReflectiveCallable.java:12)
	at org.junit.runners.model.FrameworkMethod.invokeExplosively(FrameworkMethod.java:47)
	at org.junit.internal.runners.statements.InvokeMethod.evaluate(InvokeMethod.java:17)
	at org.junit.internal.runners.statements.RunBefores.evaluate(RunBefores.java:26)
	at org.junit.internal.runners.statements.RunAfters.evaluate(RunAfters.java:27)
	at org.junit.runners.ParentRunner.runLeaf(ParentRunner.java:325)
	at org.junit.runners.BlockJUnit4ClassRunner.runChild(BlockJUnit4ClassRunner.java:78)
	at org.junit.runners.BlockJUnit4ClassRunner.runChild(BlockJUnit4ClassRunner.java:57)
	at org.junit.runners.ParentRunner$3.run(ParentRunner.java:290)
	at org.junit.runners.ParentRunner$1.schedule(ParentRunner.java:71)
	at org.junit.runners.ParentRunner.runChildren(ParentRunner.java:288)
	at org.junit.runners.ParentRunner.access$000(ParentRunner.java:58)
	at org.junit.runners.ParentRunner$2.evaluate(ParentRunner.java:268)
	at org.junit.runners.ParentRunner.run(ParentRunner.java:363)
	at org.apache.maven.surefire.junit4.JUnit4Provider.execute(JUnit4Provider.java:283)
	at org.apache.maven.surefire.junit4.JUnit4Provider.executeWithRerun(JUnit4Provider.java:173)
	at org.apache.maven.surefire.junit4.JUnit4Provider.executeTestSet(JUnit4Provider.java:153)
	at org.apache.maven.surefire.junit4.JUnit4Provider.invoke(JUnit4Provider.java:128)
	at org.apache.maven.surefire.booter.ForkedBooter.invokeProviderInSameClassLoader(ForkedBooter.java:203)
	at org.apache.maven.surefire.booter.ForkedBooter.runSuitesInProcess(ForkedBooter.java:155)
	at org.apache.maven.surefire.booter.ForkedBooter.main(ForkedBooter.java:103)
2022-07-13 22:27:13,667 WARN  KAF Error registering AppInfo mbean
javax.management.InstanceAlreadyExistsException: kafka.admin.client:type=app-info,id=my-db-history
	at com.sun.jmx.mbeanserver.Repository.addMBean(Repository.java:437)
	at com.sun.jmx.interceptor.DefaultMBeanServerInterceptor.registerWithRepository(DefaultMBeanServerInterceptor.java:1898)
	at com.sun.jmx.interceptor.DefaultMBeanServerInterceptor.registerDynamicMBean(DefaultMBeanServerInterceptor.java:966)
	at com.sun.jmx.interceptor.DefaultMBeanServerInterceptor.registerObject(DefaultMBeanServerInterceptor.java:900)
	at com.sun.jmx.interceptor.DefaultMBeanServerInterceptor.registerMBean(DefaultMBeanServerInterceptor.java:324)
	at com.sun.jmx.mbeanserver.JmxMBeanServer.registerMBean(JmxMBeanServer.java:522)
	at org.apache.kafka.common.utils.AppInfoParser.registerAppInfo(AppInfoParser.java:62)
	at org.apache.kafka.clients.admin.KafkaAdminClient.<init>(KafkaAdminClient.java:378)
	at org.apache.kafka.clients.admin.KafkaAdminClient.createInternal(KafkaAdminClient.java:329)
	at org.apache.kafka.clients.admin.AdminClient.create(AdminClient.java:51)
	at io.debezium.relational.history.KafkaDatabaseHistory.initializeStorage(KafkaDatabaseHistory.java:335)
	at io.debezium.relational.history.KafkaDatabaseHistoryTest.testHistoryTopicContent(KafkaDatabaseHistoryTest.java:114)
	at io.debezium.relational.history.KafkaDatabaseHistoryTest.shouldStartWithEmptyTopicAndStoreDataAndRecoverAllState(KafkaDatabaseHistoryTest.java:84)
	at sun.reflect.NativeMethodAccessorImpl.invoke0(Native Method)
	at sun.reflect.NativeMethodAccessorImpl.invoke(NativeMethodAccessorImpl.java:62)
	at sun.reflect.DelegatingMethodAccessorImpl.invoke(DelegatingMethodAccessorImpl.java:43)
	at java.lang.reflect.Method.invoke(Method.java:498)
	at org.junit.runners.model.FrameworkMethod$1.runReflectiveCall(FrameworkMethod.java:50)
	at org.junit.internal.runners.model.ReflectiveCallable.run(ReflectiveCallable.java:12)
	at org.junit.runners.model.FrameworkMethod.invokeExplosively(FrameworkMethod.java:47)
	at org.junit.internal.runners.statements.InvokeMethod.evaluate(InvokeMethod.java:17)
	at org.junit.internal.runners.statements.RunBefores.evaluate(RunBefores.java:26)
	at org.junit.internal.runners.statements.RunAfters.evaluate(RunAfters.java:27)
	at org.junit.runners.ParentRunner.runLeaf(ParentRunner.java:325)
	at org.junit.runners.BlockJUnit4ClassRunner.runChild(BlockJUnit4ClassRunner.java:78)
	at org.junit.runners.BlockJUnit4ClassRunner.runChild(BlockJUnit4ClassRunner.java:57)
	at org.junit.runners.ParentRunner$3.run(ParentRunner.java:290)
	at org.junit.runners.ParentRunner$1.schedule(ParentRunner.java:71)
	at org.junit.runners.ParentRunner.runChildren(ParentRunner.java:288)
	at org.junit.runners.ParentRunner.access$000(ParentRunner.java:58)
	at org.junit.runners.ParentRunner$2.evaluate(ParentRunner.java:268)
	at org.junit.runners.ParentRunner.run(ParentRunner.java:363)
	at org.apache.maven.surefire.junit4.JUnit4Provider.execute(JUnit4Provider.java:283)
	at org.apache.maven.surefire.junit4.JUnit4Provider.executeWithRerun(JUnit4Provider.java:173)
	at org.apache.maven.surefire.junit4.JUnit4Provider.executeTestSet(JUnit4Provider.java:153)
	at org.apache.maven.surefire.junit4.JUnit4Provider.invoke(JUnit4Provider.java:128)
	at org.apache.maven.surefire.booter.ForkedBooter.invokeProviderInSameClassLoader(ForkedBooter.java:203)
	at org.apache.maven.surefire.booter.ForkedBooter.runSuitesInProcess(ForkedBooter.java:155)
	at org.apache.maven.surefire.booter.ForkedBooter.main(ForkedBooter.java:103)
2022-07-13 22:27:13,781 INFO  DBZ Database history topic '(name=schema-changes-topic, numPartitions=1, replicationFactor=1, replicasAssignments=null, configs={cleanup.policy=delete, retention.ms=9223372036854775807})' created (io.debezium.relational.history.KafkaDatabaseHistory)
2022-07-13 22:27:14,336 INFO  DBZ KafkaDatabaseHistory Consumer config: {enable.auto.commit=false, value.deserializer=org.apache.kafka.common.serialization.StringDeserializer, group.id=my-db-history, auto.offset.reset=earliest, session.timeout.ms=50000, bootstrap.servers=localhost:45647, max.poll.interval.ms=100, client.id=my-db-history, key.deserializer=org.apache.kafka.common.serialization.StringDeserializer, fetch.min.bytes=1} (io.debezium.relational.history.KafkaDatabaseHistory)
2022-07-13 22:27:14,336 INFO  DBZ KafkaDatabaseHistory Producer config: {bootstrap.servers=localhost:45647, value.serializer=org.apache.kafka.common.serialization.StringSerializer, buffer.memory=1048576, retries=1, key.serializer=org.apache.kafka.common.serialization.StringSerializer, client.id=my-db-history, linger.ms=0, batch.size=32768, max.block.ms=10000, acks=1} (io.debezium.relational.history.KafkaDatabaseHistory)
2022-07-13 22:27:15,407 INFO  DBZ Stopped Kafka server 1 at localhost:45647 (io.debezium.kafka.KafkaServer)
2022-07-13 22:27:15,408 ERROR ZOO ZKShutdownHandler is not registered, so ZooKeeper server won't take any action on ERROR or SHUTDOWN server state changes
2022-07-13 22:27:15,413 ERROR ZOO ZKShutdownHandler is not registered, so ZooKeeper server won't take any action on ERROR or SHUTDOWN server state changes
2022-07-13 22:27:15,659 INFO  DBZ Started Kafka server 1 at localhost:35713 with storage in /data-depot/user/Workspace/Reproducibility/Reproducibility-Scanner/reproducer/workspace/Bears-163/debezium-core/target/data/history_cluster/kafka/broker1 (io.debezium.kafka.KafkaServer)
2022-07-13 22:27:15,808 INFO  DBZ KafkaDatabaseHistory Consumer config: {enable.auto.commit=false, value.deserializer=org.apache.kafka.common.serialization.StringDeserializer, group.id=my-db-history, auto.offset.reset=earliest, session.timeout.ms=50000, bootstrap.servers=localhost:35713, max.poll.interval.ms=100, client.id=my-db-history, key.deserializer=org.apache.kafka.common.serialization.StringDeserializer, fetch.min.bytes=1} (io.debezium.relational.history.KafkaDatabaseHistory)
2022-07-13 22:27:15,808 INFO  DBZ KafkaDatabaseHistory Producer config: {bootstrap.servers=localhost:35713, value.serializer=org.apache.kafka.common.serialization.StringSerializer, buffer.memory=1048576, retries=1, key.serializer=org.apache.kafka.common.serialization.StringSerializer, client.id=my-db-history, linger.ms=0, batch.size=32768, max.block.ms=10000, acks=1} (io.debezium.relational.history.KafkaDatabaseHistory)
2022-07-13 22:27:15,814 WARN  KAF Error registering AppInfo mbean
javax.management.InstanceAlreadyExistsException: kafka.admin.client:type=app-info,id=my-db-history
	at com.sun.jmx.mbeanserver.Repository.addMBean(Repository.java:437)
	at com.sun.jmx.interceptor.DefaultMBeanServerInterceptor.registerWithRepository(DefaultMBeanServerInterceptor.java:1898)
	at com.sun.jmx.interceptor.DefaultMBeanServerInterceptor.registerDynamicMBean(DefaultMBeanServerInterceptor.java:966)
	at com.sun.jmx.interceptor.DefaultMBeanServerInterceptor.registerObject(DefaultMBeanServerInterceptor.java:900)
	at com.sun.jmx.interceptor.DefaultMBeanServerInterceptor.registerMBean(DefaultMBeanServerInterceptor.java:324)
	at com.sun.jmx.mbeanserver.JmxMBeanServer.registerMBean(JmxMBeanServer.java:522)
	at org.apache.kafka.common.utils.AppInfoParser.registerAppInfo(AppInfoParser.java:62)
	at org.apache.kafka.clients.admin.KafkaAdminClient.<init>(KafkaAdminClient.java:378)
	at org.apache.kafka.clients.admin.KafkaAdminClient.createInternal(KafkaAdminClient.java:329)
	at org.apache.kafka.clients.admin.AdminClient.create(AdminClient.java:51)
	at io.debezium.relational.history.KafkaDatabaseHistory.initializeStorage(KafkaDatabaseHistory.java:335)
	at io.debezium.relational.history.KafkaDatabaseHistoryTest.testHistoryTopicContent(KafkaDatabaseHistoryTest.java:111)
	at io.debezium.relational.history.KafkaDatabaseHistoryTest.shouldIgnoreUnparseableMessages(KafkaDatabaseHistoryTest.java:232)
	at sun.reflect.NativeMethodAccessorImpl.invoke0(Native Method)
	at sun.reflect.NativeMethodAccessorImpl.invoke(NativeMethodAccessorImpl.java:62)
	at sun.reflect.DelegatingMethodAccessorImpl.invoke(DelegatingMethodAccessorImpl.java:43)
	at java.lang.reflect.Method.invoke(Method.java:498)
	at org.junit.runners.model.FrameworkMethod$1.runReflectiveCall(FrameworkMethod.java:50)
	at org.junit.internal.runners.model.ReflectiveCallable.run(ReflectiveCallable.java:12)
	at org.junit.runners.model.FrameworkMethod.invokeExplosively(FrameworkMethod.java:47)
	at org.junit.internal.runners.statements.InvokeMethod.evaluate(InvokeMethod.java:17)
	at org.junit.internal.runners.statements.RunBefores.evaluate(RunBefores.java:26)
	at org.junit.internal.runners.statements.RunAfters.evaluate(RunAfters.java:27)
	at org.junit.runners.ParentRunner.runLeaf(ParentRunner.java:325)
	at org.junit.runners.BlockJUnit4ClassRunner.runChild(BlockJUnit4ClassRunner.java:78)
	at org.junit.runners.BlockJUnit4ClassRunner.runChild(BlockJUnit4ClassRunner.java:57)
	at org.junit.runners.ParentRunner$3.run(ParentRunner.java:290)
	at org.junit.runners.ParentRunner$1.schedule(ParentRunner.java:71)
	at org.junit.runners.ParentRunner.runChildren(ParentRunner.java:288)
	at org.junit.runners.ParentRunner.access$000(ParentRunner.java:58)
	at org.junit.runners.ParentRunner$2.evaluate(ParentRunner.java:268)
	at org.junit.runners.ParentRunner.run(ParentRunner.java:363)
	at org.apache.maven.surefire.junit4.JUnit4Provider.execute(JUnit4Provider.java:283)
	at org.apache.maven.surefire.junit4.JUnit4Provider.executeWithRerun(JUnit4Provider.java:173)
	at org.apache.maven.surefire.junit4.JUnit4Provider.executeTestSet(JUnit4Provider.java:153)
	at org.apache.maven.surefire.junit4.JUnit4Provider.invoke(JUnit4Provider.java:128)
	at org.apache.maven.surefire.booter.ForkedBooter.invokeProviderInSameClassLoader(ForkedBooter.java:203)
	at org.apache.maven.surefire.booter.ForkedBooter.runSuitesInProcess(ForkedBooter.java:155)
	at org.apache.maven.surefire.booter.ForkedBooter.main(ForkedBooter.java:103)
2022-07-13 22:27:15,814 WARN  KAF Error registering AppInfo mbean
javax.management.InstanceAlreadyExistsException: kafka.admin.client:type=app-info,id=my-db-history
	at com.sun.jmx.mbeanserver.Repository.addMBean(Repository.java:437)
	at com.sun.jmx.interceptor.DefaultMBeanServerInterceptor.registerWithRepository(DefaultMBeanServerInterceptor.java:1898)
	at com.sun.jmx.interceptor.DefaultMBeanServerInterceptor.registerDynamicMBean(DefaultMBeanServerInterceptor.java:966)
	at com.sun.jmx.interceptor.DefaultMBeanServerInterceptor.registerObject(DefaultMBeanServerInterceptor.java:900)
	at com.sun.jmx.interceptor.DefaultMBeanServerInterceptor.registerMBean(DefaultMBeanServerInterceptor.java:324)
	at com.sun.jmx.mbeanserver.JmxMBeanServer.registerMBean(JmxMBeanServer.java:522)
	at org.apache.kafka.common.utils.AppInfoParser.registerAppInfo(AppInfoParser.java:62)
	at org.apache.kafka.clients.admin.KafkaAdminClient.<init>(KafkaAdminClient.java:378)
	at org.apache.kafka.clients.admin.KafkaAdminClient.createInternal(KafkaAdminClient.java:329)
	at org.apache.kafka.clients.admin.AdminClient.create(AdminClient.java:51)
	at io.debezium.relational.history.KafkaDatabaseHistory.initializeStorage(KafkaDatabaseHistory.java:335)
	at io.debezium.relational.history.KafkaDatabaseHistoryTest.testHistoryTopicContent(KafkaDatabaseHistoryTest.java:111)
	at io.debezium.relational.history.KafkaDatabaseHistoryTest.shouldIgnoreUnparseableMessages(KafkaDatabaseHistoryTest.java:232)
	at sun.reflect.NativeMethodAccessorImpl.invoke0(Native Method)
	at sun.reflect.NativeMethodAccessorImpl.invoke(NativeMethodAccessorImpl.java:62)
	at sun.reflect.DelegatingMethodAccessorImpl.invoke(DelegatingMethodAccessorImpl.java:43)
	at java.lang.reflect.Method.invoke(Method.java:498)
	at org.junit.runners.model.FrameworkMethod$1.runReflectiveCall(FrameworkMethod.java:50)
	at org.junit.internal.runners.model.ReflectiveCallable.run(ReflectiveCallable.java:12)
	at org.junit.runners.model.FrameworkMethod.invokeExplosively(FrameworkMethod.java:47)
	at org.junit.internal.runners.statements.InvokeMethod.evaluate(InvokeMethod.java:17)
	at org.junit.internal.runners.statements.RunBefores.evaluate(RunBefores.java:26)
	at org.junit.internal.runners.statements.RunAfters.evaluate(RunAfters.java:27)
	at org.junit.runners.ParentRunner.runLeaf(ParentRunner.java:325)
	at org.junit.runners.BlockJUnit4ClassRunner.runChild(BlockJUnit4ClassRunner.java:78)
	at org.junit.runners.BlockJUnit4ClassRunner.runChild(BlockJUnit4ClassRunner.java:57)
	at org.junit.runners.ParentRunner$3.run(ParentRunner.java:290)
	at org.junit.runners.ParentRunner$1.schedule(ParentRunner.java:71)
	at org.junit.runners.ParentRunner.runChildren(ParentRunner.java:288)
	at org.junit.runners.ParentRunner.access$000(ParentRunner.java:58)
	at org.junit.runners.ParentRunner$2.evaluate(ParentRunner.java:268)
	at org.junit.runners.ParentRunner.run(ParentRunner.java:363)
	at org.apache.maven.surefire.junit4.JUnit4Provider.execute(JUnit4Provider.java:283)
	at org.apache.maven.surefire.junit4.JUnit4Provider.executeWithRerun(JUnit4Provider.java:173)
	at org.apache.maven.surefire.junit4.JUnit4Provider.executeTestSet(JUnit4Provider.java:153)
	at org.apache.maven.surefire.junit4.JUnit4Provider.invoke(JUnit4Provider.java:128)
	at org.apache.maven.surefire.booter.ForkedBooter.invokeProviderInSameClassLoader(ForkedBooter.java:203)
	at org.apache.maven.surefire.booter.ForkedBooter.runSuitesInProcess(ForkedBooter.java:155)
	at org.apache.maven.surefire.booter.ForkedBooter.main(ForkedBooter.java:103)
2022-07-13 22:27:15,929 INFO  DBZ Database history topic '(name=schema-changes-topic, numPartitions=1, replicationFactor=1, replicasAssignments=null, configs={cleanup.policy=delete, retention.ms=9223372036854775807})' created (io.debezium.relational.history.KafkaDatabaseHistory)
2022-07-13 22:27:15,932 WARN  KAF Error registering AppInfo mbean
javax.management.InstanceAlreadyExistsException: kafka.admin.client:type=app-info,id=my-db-history
	at com.sun.jmx.mbeanserver.Repository.addMBean(Repository.java:437)
	at com.sun.jmx.interceptor.DefaultMBeanServerInterceptor.registerWithRepository(DefaultMBeanServerInterceptor.java:1898)
	at com.sun.jmx.interceptor.DefaultMBeanServerInterceptor.registerDynamicMBean(DefaultMBeanServerInterceptor.java:966)
	at com.sun.jmx.interceptor.DefaultMBeanServerInterceptor.registerObject(DefaultMBeanServerInterceptor.java:900)
	at com.sun.jmx.interceptor.DefaultMBeanServerInterceptor.registerMBean(DefaultMBeanServerInterceptor.java:324)
	at com.sun.jmx.mbeanserver.JmxMBeanServer.registerMBean(JmxMBeanServer.java:522)
	at org.apache.kafka.common.utils.AppInfoParser.registerAppInfo(AppInfoParser.java:62)
	at org.apache.kafka.clients.admin.KafkaAdminClient.<init>(KafkaAdminClient.java:378)
	at org.apache.kafka.clients.admin.KafkaAdminClient.createInternal(KafkaAdminClient.java:329)
	at org.apache.kafka.clients.admin.AdminClient.create(AdminClient.java:51)
	at io.debezium.relational.history.KafkaDatabaseHistory.initializeStorage(KafkaDatabaseHistory.java:335)
	at io.debezium.relational.history.KafkaDatabaseHistoryTest.testHistoryTopicContent(KafkaDatabaseHistoryTest.java:114)
	at io.debezium.relational.history.KafkaDatabaseHistoryTest.shouldIgnoreUnparseableMessages(KafkaDatabaseHistoryTest.java:232)
	at sun.reflect.NativeMethodAccessorImpl.invoke0(Native Method)
	at sun.reflect.NativeMethodAccessorImpl.invoke(NativeMethodAccessorImpl.java:62)
	at sun.reflect.DelegatingMethodAccessorImpl.invoke(DelegatingMethodAccessorImpl.java:43)
	at java.lang.reflect.Method.invoke(Method.java:498)
	at org.junit.runners.model.FrameworkMethod$1.runReflectiveCall(FrameworkMethod.java:50)
	at org.junit.internal.runners.model.ReflectiveCallable.run(ReflectiveCallable.java:12)
	at org.junit.runners.model.FrameworkMethod.invokeExplosively(FrameworkMethod.java:47)
	at org.junit.internal.runners.statements.InvokeMethod.evaluate(InvokeMethod.java:17)
	at org.junit.internal.runners.statements.RunBefores.evaluate(RunBefores.java:26)
	at org.junit.internal.runners.statements.RunAfters.evaluate(RunAfters.java:27)
	at org.junit.runners.ParentRunner.runLeaf(ParentRunner.java:325)
	at org.junit.runners.BlockJUnit4ClassRunner.runChild(BlockJUnit4ClassRunner.java:78)
	at org.junit.runners.BlockJUnit4ClassRunner.runChild(BlockJUnit4ClassRunner.java:57)
	at org.junit.runners.ParentRunner$3.run(ParentRunner.java:290)
	at org.junit.runners.ParentRunner$1.schedule(ParentRunner.java:71)
	at org.junit.runners.ParentRunner.runChildren(ParentRunner.java:288)
	at org.junit.runners.ParentRunner.access$000(ParentRunner.java:58)
	at org.junit.runners.ParentRunner$2.evaluate(ParentRunner.java:268)
	at org.junit.runners.ParentRunner.run(ParentRunner.java:363)
	at org.apache.maven.surefire.junit4.JUnit4Provider.execute(JUnit4Provider.java:283)
	at org.apache.maven.surefire.junit4.JUnit4Provider.executeWithRerun(JUnit4Provider.java:173)
	at org.apache.maven.surefire.junit4.JUnit4Provider.executeTestSet(JUnit4Provider.java:153)
	at org.apache.maven.surefire.junit4.JUnit4Provider.invoke(JUnit4Provider.java:128)
	at org.apache.maven.surefire.booter.ForkedBooter.invokeProviderInSameClassLoader(ForkedBooter.java:203)
	at org.apache.maven.surefire.booter.ForkedBooter.runSuitesInProcess(ForkedBooter.java:155)
	at org.apache.maven.surefire.booter.ForkedBooter.main(ForkedBooter.java:103)
2022-07-13 22:27:15,932 WARN  KAF Error registering AppInfo mbean
javax.management.InstanceAlreadyExistsException: kafka.admin.client:type=app-info,id=my-db-history
	at com.sun.jmx.mbeanserver.Repository.addMBean(Repository.java:437)
	at com.sun.jmx.interceptor.DefaultMBeanServerInterceptor.registerWithRepository(DefaultMBeanServerInterceptor.java:1898)
	at com.sun.jmx.interceptor.DefaultMBeanServerInterceptor.registerDynamicMBean(DefaultMBeanServerInterceptor.java:966)
	at com.sun.jmx.interceptor.DefaultMBeanServerInterceptor.registerObject(DefaultMBeanServerInterceptor.java:900)
	at com.sun.jmx.interceptor.DefaultMBeanServerInterceptor.registerMBean(DefaultMBeanServerInterceptor.java:324)
	at com.sun.jmx.mbeanserver.JmxMBeanServer.registerMBean(JmxMBeanServer.java:522)
	at org.apache.kafka.common.utils.AppInfoParser.registerAppInfo(AppInfoParser.java:62)
	at org.apache.kafka.clients.admin.KafkaAdminClient.<init>(KafkaAdminClient.java:378)
	at org.apache.kafka.clients.admin.KafkaAdminClient.createInternal(KafkaAdminClient.java:329)
	at org.apache.kafka.clients.admin.AdminClient.create(AdminClient.java:51)
	at io.debezium.relational.history.KafkaDatabaseHistory.initializeStorage(KafkaDatabaseHistory.java:335)
	at io.debezium.relational.history.KafkaDatabaseHistoryTest.testHistoryTopicContent(KafkaDatabaseHistoryTest.java:114)
	at io.debezium.relational.history.KafkaDatabaseHistoryTest.shouldIgnoreUnparseableMessages(KafkaDatabaseHistoryTest.java:232)
	at sun.reflect.NativeMethodAccessorImpl.invoke0(Native Method)
	at sun.reflect.NativeMethodAccessorImpl.invoke(NativeMethodAccessorImpl.java:62)
	at sun.reflect.DelegatingMethodAccessorImpl.invoke(DelegatingMethodAccessorImpl.java:43)
	at java.lang.reflect.Method.invoke(Method.java:498)
	at org.junit.runners.model.FrameworkMethod$1.runReflectiveCall(FrameworkMethod.java:50)
	at org.junit.internal.runners.model.ReflectiveCallable.run(ReflectiveCallable.java:12)
	at org.junit.runners.model.FrameworkMethod.invokeExplosively(FrameworkMethod.java:47)
	at org.junit.internal.runners.statements.InvokeMethod.evaluate(InvokeMethod.java:17)
	at org.junit.internal.runners.statements.RunBefores.evaluate(RunBefores.java:26)
	at org.junit.internal.runners.statements.RunAfters.evaluate(RunAfters.java:27)
	at org.junit.runners.ParentRunner.runLeaf(ParentRunner.java:325)
	at org.junit.runners.BlockJUnit4ClassRunner.runChild(BlockJUnit4ClassRunner.java:78)
	at org.junit.runners.BlockJUnit4ClassRunner.runChild(BlockJUnit4ClassRunner.java:57)
	at org.junit.runners.ParentRunner$3.run(ParentRunner.java:290)
	at org.junit.runners.ParentRunner$1.schedule(ParentRunner.java:71)
	at org.junit.runners.ParentRunner.runChildren(ParentRunner.java:288)
	at org.junit.runners.ParentRunner.access$000(ParentRunner.java:58)
	at org.junit.runners.ParentRunner$2.evaluate(ParentRunner.java:268)
	at org.junit.runners.ParentRunner.run(ParentRunner.java:363)
	at org.apache.maven.surefire.junit4.JUnit4Provider.execute(JUnit4Provider.java:283)
	at org.apache.maven.surefire.junit4.JUnit4Provider.executeWithRerun(JUnit4Provider.java:173)
	at org.apache.maven.surefire.junit4.JUnit4Provider.executeTestSet(JUnit4Provider.java:153)
	at org.apache.maven.surefire.junit4.JUnit4Provider.invoke(JUnit4Provider.java:128)
	at org.apache.maven.surefire.booter.ForkedBooter.invokeProviderInSameClassLoader(ForkedBooter.java:203)
	at org.apache.maven.surefire.booter.ForkedBooter.runSuitesInProcess(ForkedBooter.java:155)
	at org.apache.maven.surefire.booter.ForkedBooter.main(ForkedBooter.java:103)
2022-07-13 22:27:16,043 INFO  DBZ Database history topic '(name=schema-changes-topic, numPartitions=1, replicationFactor=1, replicasAssignments=null, configs={cleanup.policy=delete, retention.ms=9223372036854775807})' created (io.debezium.relational.history.KafkaDatabaseHistory)
2022-07-13 22:27:16,176 WARN  DBZ Skipping null database history record. This is often not an issue, but if it happens repeatedly please check the 'schema-changes-topic' topic. (io.debezium.relational.history.KafkaDatabaseHistory)
2022-07-13 22:27:16,176 ERROR DBZ Error while deserializing history record 'ConsumerRecord(topic = schema-changes-topic, partition = 0, offset = 1, CreateTime = 1657776435792, serialized key size = -1, serialized value size = 0, headers = RecordHeaders(headers = [], isReadOnly = false), key = null, value = )' (io.debezium.relational.history.KafkaDatabaseHistory)
java.io.IOException: Expected data to start with an Object, but was null
	at io.debezium.document.JacksonReader.parseDocument(JacksonReader.java:115)
	at io.debezium.document.JacksonReader.parse(JacksonReader.java:101)
	at io.debezium.document.JacksonReader.read(JacksonReader.java:56)
	at io.debezium.relational.history.KafkaDatabaseHistory.recoverRecords(KafkaDatabaseHistory.java:231)
	at io.debezium.relational.history.AbstractDatabaseHistory.recover(AbstractDatabaseHistory.java:63)
	at io.debezium.relational.history.KafkaDatabaseHistoryTest.testHistoryTopicContent(KafkaDatabaseHistoryTest.java:125)
	at io.debezium.relational.history.KafkaDatabaseHistoryTest.shouldIgnoreUnparseableMessages(KafkaDatabaseHistoryTest.java:232)
	at sun.reflect.NativeMethodAccessorImpl.invoke0(Native Method)
	at sun.reflect.NativeMethodAccessorImpl.invoke(NativeMethodAccessorImpl.java:62)
	at sun.reflect.DelegatingMethodAccessorImpl.invoke(DelegatingMethodAccessorImpl.java:43)
	at java.lang.reflect.Method.invoke(Method.java:498)
	at org.junit.runners.model.FrameworkMethod$1.runReflectiveCall(FrameworkMethod.java:50)
	at org.junit.internal.runners.model.ReflectiveCallable.run(ReflectiveCallable.java:12)
	at org.junit.runners.model.FrameworkMethod.invokeExplosively(FrameworkMethod.java:47)
	at org.junit.internal.runners.statements.InvokeMethod.evaluate(InvokeMethod.java:17)
	at org.junit.internal.runners.statements.RunBefores.evaluate(RunBefores.java:26)
	at org.junit.internal.runners.statements.RunAfters.evaluate(RunAfters.java:27)
	at org.junit.runners.ParentRunner.runLeaf(ParentRunner.java:325)
	at org.junit.runners.BlockJUnit4ClassRunner.runChild(BlockJUnit4ClassRunner.java:78)
	at org.junit.runners.BlockJUnit4ClassRunner.runChild(BlockJUnit4ClassRunner.java:57)
	at org.junit.runners.ParentRunner$3.run(ParentRunner.java:290)
	at org.junit.runners.ParentRunner$1.schedule(ParentRunner.java:71)
	at org.junit.runners.ParentRunner.runChildren(ParentRunner.java:288)
	at org.junit.runners.ParentRunner.access$000(ParentRunner.java:58)
	at org.junit.runners.ParentRunner$2.evaluate(ParentRunner.java:268)
	at org.junit.runners.ParentRunner.run(ParentRunner.java:363)
	at org.apache.maven.surefire.junit4.JUnit4Provider.execute(JUnit4Provider.java:283)
	at org.apache.maven.surefire.junit4.JUnit4Provider.executeWithRerun(JUnit4Provider.java:173)
	at org.apache.maven.surefire.junit4.JUnit4Provider.executeTestSet(JUnit4Provider.java:153)
	at org.apache.maven.surefire.junit4.JUnit4Provider.invoke(JUnit4Provider.java:128)
	at org.apache.maven.surefire.booter.ForkedBooter.invokeProviderInSameClassLoader(ForkedBooter.java:203)
	at org.apache.maven.surefire.booter.ForkedBooter.runSuitesInProcess(ForkedBooter.java:155)
	at org.apache.maven.surefire.booter.ForkedBooter.main(ForkedBooter.java:103)
2022-07-13 22:27:16,179 WARN  DBZ Skipping invalid database history record '{
  "position" : {
    "filename" : "my-txn-file.log",
    "position" : 39
  },
  "databaseName" : "db1",
  "ddl" : "DROP TABLE foo;"
}'. This is often not an issue, but if it happens repeatedly please check the 'schema-changes-topic' topic. (io.debezium.relational.history.KafkaDatabaseHistory)
2022-07-13 22:27:16,180 WARN  DBZ Skipping invalid database history record '{
  "source" : {
    "server" : "my-server"
  },
  "databaseName" : "db1",
  "ddl" : "DROP TABLE foo;"
}'. This is often not an issue, but if it happens repeatedly please check the 'schema-changes-topic' topic. (io.debezium.relational.history.KafkaDatabaseHistory)
2022-07-13 22:27:16,182 ERROR DBZ Error while deserializing history record 'ConsumerRecord(topic = schema-changes-topic, partition = 0, offset = 4, CreateTime = 1657776435799, serialized key size = -1, serialized value size = 133, headers = RecordHeaders(headers = [], isReadOnly = false), key = null, value = {"source":{"server":"my-server"},"position":{"filename":"my-txn-file.log","position":39},"databaseName":"db1","ddl":"DROP TABLE foo;")' (io.debezium.relational.history.KafkaDatabaseHistory)
com.fasterxml.jackson.core.io.JsonEOFException: Unexpected end-of-input: expected close marker for Object (start marker at [Source: (String)"{"source":{"server":"my-server"},"position":{"filename":"my-txn-file.log","position":39},"databaseName":"db1","ddl":"DROP TABLE foo;""; line: 1, column: 1])
 at [Source: (String)"{"source":{"server":"my-server"},"position":{"filename":"my-txn-file.log","position":39},"databaseName":"db1","ddl":"DROP TABLE foo;""; line: 1, column: 267]
	at com.fasterxml.jackson.core.base.ParserMinimalBase._reportInvalidEOF(ParserMinimalBase.java:588)
	at com.fasterxml.jackson.core.base.ParserBase._handleEOF(ParserBase.java:483)
	at com.fasterxml.jackson.core.base.ParserBase._eofAsNextChar(ParserBase.java:495)
	at com.fasterxml.jackson.core.json.ReaderBasedJsonParser._skipWSOrEnd(ReaderBasedJsonParser.java:2332)
	at com.fasterxml.jackson.core.json.ReaderBasedJsonParser.nextToken(ReaderBasedJsonParser.java:646)
	at io.debezium.document.JacksonReader.parseDocument(JacksonReader.java:191)
	at io.debezium.document.JacksonReader.parse(JacksonReader.java:101)
	at io.debezium.document.JacksonReader.read(JacksonReader.java:56)
	at io.debezium.relational.history.KafkaDatabaseHistory.recoverRecords(KafkaDatabaseHistory.java:231)
	at io.debezium.relational.history.AbstractDatabaseHistory.recover(AbstractDatabaseHistory.java:63)
	at io.debezium.relational.history.KafkaDatabaseHistoryTest.testHistoryTopicContent(KafkaDatabaseHistoryTest.java:125)
	at io.debezium.relational.history.KafkaDatabaseHistoryTest.shouldIgnoreUnparseableMessages(KafkaDatabaseHistoryTest.java:232)
	at sun.reflect.NativeMethodAccessorImpl.invoke0(Native Method)
	at sun.reflect.NativeMethodAccessorImpl.invoke(NativeMethodAccessorImpl.java:62)
	at sun.reflect.DelegatingMethodAccessorImpl.invoke(DelegatingMethodAccessorImpl.java:43)
	at java.lang.reflect.Method.invoke(Method.java:498)
	at org.junit.runners.model.FrameworkMethod$1.runReflectiveCall(FrameworkMethod.java:50)
	at org.junit.internal.runners.model.ReflectiveCallable.run(ReflectiveCallable.java:12)
	at org.junit.runners.model.FrameworkMethod.invokeExplosively(FrameworkMethod.java:47)
	at org.junit.internal.runners.statements.InvokeMethod.evaluate(InvokeMethod.java:17)
	at org.junit.internal.runners.statements.RunBefores.evaluate(RunBefores.java:26)
	at org.junit.internal.runners.statements.RunAfters.evaluate(RunAfters.java:27)
	at org.junit.runners.ParentRunner.runLeaf(ParentRunner.java:325)
	at org.junit.runners.BlockJUnit4ClassRunner.runChild(BlockJUnit4ClassRunner.java:78)
	at org.junit.runners.BlockJUnit4ClassRunner.runChild(BlockJUnit4ClassRunner.java:57)
	at org.junit.runners.ParentRunner$3.run(ParentRunner.java:290)
	at org.junit.runners.ParentRunner$1.schedule(ParentRunner.java:71)
	at org.junit.runners.ParentRunner.runChildren(ParentRunner.java:288)
	at org.junit.runners.ParentRunner.access$000(ParentRunner.java:58)
	at org.junit.runners.ParentRunner$2.evaluate(ParentRunner.java:268)
	at org.junit.runners.ParentRunner.run(ParentRunner.java:363)
	at org.apache.maven.surefire.junit4.JUnit4Provider.execute(JUnit4Provider.java:283)
	at org.apache.maven.surefire.junit4.JUnit4Provider.executeWithRerun(JUnit4Provider.java:173)
	at org.apache.maven.surefire.junit4.JUnit4Provider.executeTestSet(JUnit4Provider.java:153)
	at org.apache.maven.surefire.junit4.JUnit4Provider.invoke(JUnit4Provider.java:128)
	at org.apache.maven.surefire.booter.ForkedBooter.invokeProviderInSameClassLoader(ForkedBooter.java:203)
	at org.apache.maven.surefire.booter.ForkedBooter.runSuitesInProcess(ForkedBooter.java:155)
	at org.apache.maven.surefire.booter.ForkedBooter.main(ForkedBooter.java:103)
2022-07-13 22:27:16,183 ERROR DBZ Error while deserializing history record 'ConsumerRecord(topic = schema-changes-topic, partition = 0, offset = 5, CreateTime = 1657776435801, serialized key size = -1, serialized value size = 133, headers = RecordHeaders(headers = [], isReadOnly = false), key = null, value = "source":{"server":"my-server"},"position":{"filename":"my-txn-file.log","position":39},"databaseName":"db1","ddl":"DROP TABLE foo;"})' (io.debezium.relational.history.KafkaDatabaseHistory)
java.io.IOException: Expected data to start with an Object, but was VALUE_STRING
	at io.debezium.document.JacksonReader.parseDocument(JacksonReader.java:115)
	at io.debezium.document.JacksonReader.parse(JacksonReader.java:101)
	at io.debezium.document.JacksonReader.read(JacksonReader.java:56)
	at io.debezium.relational.history.KafkaDatabaseHistory.recoverRecords(KafkaDatabaseHistory.java:231)
	at io.debezium.relational.history.AbstractDatabaseHistory.recover(AbstractDatabaseHistory.java:63)
	at io.debezium.relational.history.KafkaDatabaseHistoryTest.testHistoryTopicContent(KafkaDatabaseHistoryTest.java:125)
	at io.debezium.relational.history.KafkaDatabaseHistoryTest.shouldIgnoreUnparseableMessages(KafkaDatabaseHistoryTest.java:232)
	at sun.reflect.NativeMethodAccessorImpl.invoke0(Native Method)
	at sun.reflect.NativeMethodAccessorImpl.invoke(NativeMethodAccessorImpl.java:62)
	at sun.reflect.DelegatingMethodAccessorImpl.invoke(DelegatingMethodAccessorImpl.java:43)
	at java.lang.reflect.Method.invoke(Method.java:498)
	at org.junit.runners.model.FrameworkMethod$1.runReflectiveCall(FrameworkMethod.java:50)
	at org.junit.internal.runners.model.ReflectiveCallable.run(ReflectiveCallable.java:12)
	at org.junit.runners.model.FrameworkMethod.invokeExplosively(FrameworkMethod.java:47)
	at org.junit.internal.runners.statements.InvokeMethod.evaluate(InvokeMethod.java:17)
	at org.junit.internal.runners.statements.RunBefores.evaluate(RunBefores.java:26)
	at org.junit.internal.runners.statements.RunAfters.evaluate(RunAfters.java:27)
	at org.junit.runners.ParentRunner.runLeaf(ParentRunner.java:325)
	at org.junit.runners.BlockJUnit4ClassRunner.runChild(BlockJUnit4ClassRunner.java:78)
	at org.junit.runners.BlockJUnit4ClassRunner.runChild(BlockJUnit4ClassRunner.java:57)
	at org.junit.runners.ParentRunner$3.run(ParentRunner.java:290)
	at org.junit.runners.ParentRunner$1.schedule(ParentRunner.java:71)
	at org.junit.runners.ParentRunner.runChildren(ParentRunner.java:288)
	at org.junit.runners.ParentRunner.access$000(ParentRunner.java:58)
	at org.junit.runners.ParentRunner$2.evaluate(ParentRunner.java:268)
	at org.junit.runners.ParentRunner.run(ParentRunner.java:363)
	at org.apache.maven.surefire.junit4.JUnit4Provider.execute(JUnit4Provider.java:283)
	at org.apache.maven.surefire.junit4.JUnit4Provider.executeWithRerun(JUnit4Provider.java:173)
	at org.apache.maven.surefire.junit4.JUnit4Provider.executeTestSet(JUnit4Provider.java:153)
	at org.apache.maven.surefire.junit4.JUnit4Provider.invoke(JUnit4Provider.java:128)
	at org.apache.maven.surefire.booter.ForkedBooter.invokeProviderInSameClassLoader(ForkedBooter.java:203)
	at org.apache.maven.surefire.booter.ForkedBooter.runSuitesInProcess(ForkedBooter.java:155)
	at org.apache.maven.surefire.booter.ForkedBooter.main(ForkedBooter.java:103)
2022-07-13 22:27:16,211 INFO  DBZ KafkaDatabaseHistory Consumer config: {enable.auto.commit=false, value.deserializer=org.apache.kafka.common.serialization.StringDeserializer, group.id=my-db-history, auto.offset.reset=earliest, session.timeout.ms=50000, bootstrap.servers=localhost:35713, max.poll.interval.ms=100, client.id=my-db-history, key.deserializer=org.apache.kafka.common.serialization.StringDeserializer, fetch.min.bytes=1} (io.debezium.relational.history.KafkaDatabaseHistory)
2022-07-13 22:27:16,211 INFO  DBZ KafkaDatabaseHistory Producer config: {bootstrap.servers=localhost:35713, value.serializer=org.apache.kafka.common.serialization.StringSerializer, buffer.memory=1048576, retries=1, key.serializer=org.apache.kafka.common.serialization.StringSerializer, client.id=my-db-history, linger.ms=0, batch.size=32768, max.block.ms=10000, acks=1} (io.debezium.relational.history.KafkaDatabaseHistory)
2022-07-13 22:27:16,232 WARN  DBZ Skipping null database history record. This is often not an issue, but if it happens repeatedly please check the 'schema-changes-topic' topic. (io.debezium.relational.history.KafkaDatabaseHistory)
2022-07-13 22:27:16,232 ERROR DBZ Error while deserializing history record 'ConsumerRecord(topic = schema-changes-topic, partition = 0, offset = 1, CreateTime = 1657776435792, serialized key size = -1, serialized value size = 0, headers = RecordHeaders(headers = [], isReadOnly = false), key = null, value = )' (io.debezium.relational.history.KafkaDatabaseHistory)
java.io.IOException: Expected data to start with an Object, but was null
	at io.debezium.document.JacksonReader.parseDocument(JacksonReader.java:115)
	at io.debezium.document.JacksonReader.parse(JacksonReader.java:101)
	at io.debezium.document.JacksonReader.read(JacksonReader.java:56)
	at io.debezium.relational.history.KafkaDatabaseHistory.recoverRecords(KafkaDatabaseHistory.java:231)
	at io.debezium.relational.history.AbstractDatabaseHistory.recover(AbstractDatabaseHistory.java:63)
	at io.debezium.relational.history.KafkaDatabaseHistoryTest.testHistoryTopicContent(KafkaDatabaseHistoryTest.java:170)
	at io.debezium.relational.history.KafkaDatabaseHistoryTest.shouldIgnoreUnparseableMessages(KafkaDatabaseHistoryTest.java:232)
	at sun.reflect.NativeMethodAccessorImpl.invoke0(Native Method)
	at sun.reflect.NativeMethodAccessorImpl.invoke(NativeMethodAccessorImpl.java:62)
	at sun.reflect.DelegatingMethodAccessorImpl.invoke(DelegatingMethodAccessorImpl.java:43)
	at java.lang.reflect.Method.invoke(Method.java:498)
	at org.junit.runners.model.FrameworkMethod$1.runReflectiveCall(FrameworkMethod.java:50)
	at org.junit.internal.runners.model.ReflectiveCallable.run(ReflectiveCallable.java:12)
	at org.junit.runners.model.FrameworkMethod.invokeExplosively(FrameworkMethod.java:47)
	at org.junit.internal.runners.statements.InvokeMethod.evaluate(InvokeMethod.java:17)
	at org.junit.internal.runners.statements.RunBefores.evaluate(RunBefores.java:26)
	at org.junit.internal.runners.statements.RunAfters.evaluate(RunAfters.java:27)
	at org.junit.runners.ParentRunner.runLeaf(ParentRunner.java:325)
	at org.junit.runners.BlockJUnit4ClassRunner.runChild(BlockJUnit4ClassRunner.java:78)
	at org.junit.runners.BlockJUnit4ClassRunner.runChild(BlockJUnit4ClassRunner.java:57)
	at org.junit.runners.ParentRunner$3.run(ParentRunner.java:290)
	at org.junit.runners.ParentRunner$1.schedule(ParentRunner.java:71)
	at org.junit.runners.ParentRunner.runChildren(ParentRunner.java:288)
	at org.junit.runners.ParentRunner.access$000(ParentRunner.java:58)
	at org.junit.runners.ParentRunner$2.evaluate(ParentRunner.java:268)
	at org.junit.runners.ParentRunner.run(ParentRunner.java:363)
	at org.apache.maven.surefire.junit4.JUnit4Provider.execute(JUnit4Provider.java:283)
	at org.apache.maven.surefire.junit4.JUnit4Provider.executeWithRerun(JUnit4Provider.java:173)
	at org.apache.maven.surefire.junit4.JUnit4Provider.executeTestSet(JUnit4Provider.java:153)
	at org.apache.maven.surefire.junit4.JUnit4Provider.invoke(JUnit4Provider.java:128)
	at org.apache.maven.surefire.booter.ForkedBooter.invokeProviderInSameClassLoader(ForkedBooter.java:203)
	at org.apache.maven.surefire.booter.ForkedBooter.runSuitesInProcess(ForkedBooter.java:155)
	at org.apache.maven.surefire.booter.ForkedBooter.main(ForkedBooter.java:103)
2022-07-13 22:27:16,233 WARN  DBZ Skipping invalid database history record '{
  "position" : {
    "filename" : "my-txn-file.log",
    "position" : 39
  },
  "databaseName" : "db1",
  "ddl" : "DROP TABLE foo;"
}'. This is often not an issue, but if it happens repeatedly please check the 'schema-changes-topic' topic. (io.debezium.relational.history.KafkaDatabaseHistory)
2022-07-13 22:27:16,233 WARN  DBZ Skipping invalid database history record '{
  "source" : {
    "server" : "my-server"
  },
  "databaseName" : "db1",
  "ddl" : "DROP TABLE foo;"
}'. This is often not an issue, but if it happens repeatedly please check the 'schema-changes-topic' topic. (io.debezium.relational.history.KafkaDatabaseHistory)
2022-07-13 22:27:16,234 ERROR DBZ Error while deserializing history record 'ConsumerRecord(topic = schema-changes-topic, partition = 0, offset = 4, CreateTime = 1657776435799, serialized key size = -1, serialized value size = 133, headers = RecordHeaders(headers = [], isReadOnly = false), key = null, value = {"source":{"server":"my-server"},"position":{"filename":"my-txn-file.log","position":39},"databaseName":"db1","ddl":"DROP TABLE foo;")' (io.debezium.relational.history.KafkaDatabaseHistory)
com.fasterxml.jackson.core.io.JsonEOFException: Unexpected end-of-input: expected close marker for Object (start marker at [Source: (String)"{"source":{"server":"my-server"},"position":{"filename":"my-txn-file.log","position":39},"databaseName":"db1","ddl":"DROP TABLE foo;""; line: 1, column: 1])
 at [Source: (String)"{"source":{"server":"my-server"},"position":{"filename":"my-txn-file.log","position":39},"databaseName":"db1","ddl":"DROP TABLE foo;""; line: 1, column: 267]
	at com.fasterxml.jackson.core.base.ParserMinimalBase._reportInvalidEOF(ParserMinimalBase.java:588)
	at com.fasterxml.jackson.core.base.ParserBase._handleEOF(ParserBase.java:483)
	at com.fasterxml.jackson.core.base.ParserBase._eofAsNextChar(ParserBase.java:495)
	at com.fasterxml.jackson.core.json.ReaderBasedJsonParser._skipWSOrEnd(ReaderBasedJsonParser.java:2332)
	at com.fasterxml.jackson.core.json.ReaderBasedJsonParser.nextToken(ReaderBasedJsonParser.java:646)
	at io.debezium.document.JacksonReader.parseDocument(JacksonReader.java:191)
	at io.debezium.document.JacksonReader.parse(JacksonReader.java:101)
	at io.debezium.document.JacksonReader.read(JacksonReader.java:56)
	at io.debezium.relational.history.KafkaDatabaseHistory.recoverRecords(KafkaDatabaseHistory.java:231)
	at io.debezium.relational.history.AbstractDatabaseHistory.recover(AbstractDatabaseHistory.java:63)
	at io.debezium.relational.history.KafkaDatabaseHistoryTest.testHistoryTopicContent(KafkaDatabaseHistoryTest.java:170)
	at io.debezium.relational.history.KafkaDatabaseHistoryTest.shouldIgnoreUnparseableMessages(KafkaDatabaseHistoryTest.java:232)
	at sun.reflect.NativeMethodAccessorImpl.invoke0(Native Method)
	at sun.reflect.NativeMethodAccessorImpl.invoke(NativeMethodAccessorImpl.java:62)
	at sun.reflect.DelegatingMethodAccessorImpl.invoke(DelegatingMethodAccessorImpl.java:43)
	at java.lang.reflect.Method.invoke(Method.java:498)
	at org.junit.runners.model.FrameworkMethod$1.runReflectiveCall(FrameworkMethod.java:50)
	at org.junit.internal.runners.model.ReflectiveCallable.run(ReflectiveCallable.java:12)
	at org.junit.runners.model.FrameworkMethod.invokeExplosively(FrameworkMethod.java:47)
	at org.junit.internal.runners.statements.InvokeMethod.evaluate(InvokeMethod.java:17)
	at org.junit.internal.runners.statements.RunBefores.evaluate(RunBefores.java:26)
	at org.junit.internal.runners.statements.RunAfters.evaluate(RunAfters.java:27)
	at org.junit.runners.ParentRunner.runLeaf(ParentRunner.java:325)
	at org.junit.runners.BlockJUnit4ClassRunner.runChild(BlockJUnit4ClassRunner.java:78)
	at org.junit.runners.BlockJUnit4ClassRunner.runChild(BlockJUnit4ClassRunner.java:57)
	at org.junit.runners.ParentRunner$3.run(ParentRunner.java:290)
	at org.junit.runners.ParentRunner$1.schedule(ParentRunner.java:71)
	at org.junit.runners.ParentRunner.runChildren(ParentRunner.java:288)
	at org.junit.runners.ParentRunner.access$000(ParentRunner.java:58)
	at org.junit.runners.ParentRunner$2.evaluate(ParentRunner.java:268)
	at org.junit.runners.ParentRunner.run(ParentRunner.java:363)
	at org.apache.maven.surefire.junit4.JUnit4Provider.execute(JUnit4Provider.java:283)
	at org.apache.maven.surefire.junit4.JUnit4Provider.executeWithRerun(JUnit4Provider.java:173)
	at org.apache.maven.surefire.junit4.JUnit4Provider.executeTestSet(JUnit4Provider.java:153)
	at org.apache.maven.surefire.junit4.JUnit4Provider.invoke(JUnit4Provider.java:128)
	at org.apache.maven.surefire.booter.ForkedBooter.invokeProviderInSameClassLoader(ForkedBooter.java:203)
	at org.apache.maven.surefire.booter.ForkedBooter.runSuitesInProcess(ForkedBooter.java:155)
	at org.apache.maven.surefire.booter.ForkedBooter.main(ForkedBooter.java:103)
2022-07-13 22:27:16,234 ERROR DBZ Error while deserializing history record 'ConsumerRecord(topic = schema-changes-topic, partition = 0, offset = 5, CreateTime = 1657776435801, serialized key size = -1, serialized value size = 133, headers = RecordHeaders(headers = [], isReadOnly = false), key = null, value = "source":{"server":"my-server"},"position":{"filename":"my-txn-file.log","position":39},"databaseName":"db1","ddl":"DROP TABLE foo;"})' (io.debezium.relational.history.KafkaDatabaseHistory)
java.io.IOException: Expected data to start with an Object, but was VALUE_STRING
	at io.debezium.document.JacksonReader.parseDocument(JacksonReader.java:115)
	at io.debezium.document.JacksonReader.parse(JacksonReader.java:101)
	at io.debezium.document.JacksonReader.read(JacksonReader.java:56)
	at io.debezium.relational.history.KafkaDatabaseHistory.recoverRecords(KafkaDatabaseHistory.java:231)
	at io.debezium.relational.history.AbstractDatabaseHistory.recover(AbstractDatabaseHistory.java:63)
	at io.debezium.relational.history.KafkaDatabaseHistoryTest.testHistoryTopicContent(KafkaDatabaseHistoryTest.java:170)
	at io.debezium.relational.history.KafkaDatabaseHistoryTest.shouldIgnoreUnparseableMessages(KafkaDatabaseHistoryTest.java:232)
	at sun.reflect.NativeMethodAccessorImpl.invoke0(Native Method)
	at sun.reflect.NativeMethodAccessorImpl.invoke(NativeMethodAccessorImpl.java:62)
	at sun.reflect.DelegatingMethodAccessorImpl.invoke(DelegatingMethodAccessorImpl.java:43)
	at java.lang.reflect.Method.invoke(Method.java:498)
	at org.junit.runners.model.FrameworkMethod$1.runReflectiveCall(FrameworkMethod.java:50)
	at org.junit.internal.runners.model.ReflectiveCallable.run(ReflectiveCallable.java:12)
	at org.junit.runners.model.FrameworkMethod.invokeExplosively(FrameworkMethod.java:47)
	at org.junit.internal.runners.statements.InvokeMethod.evaluate(InvokeMethod.java:17)
	at org.junit.internal.runners.statements.RunBefores.evaluate(RunBefores.java:26)
	at org.junit.internal.runners.statements.RunAfters.evaluate(RunAfters.java:27)
	at org.junit.runners.ParentRunner.runLeaf(ParentRunner.java:325)
	at org.junit.runners.BlockJUnit4ClassRunner.runChild(BlockJUnit4ClassRunner.java:78)
	at org.junit.runners.BlockJUnit4ClassRunner.runChild(BlockJUnit4ClassRunner.java:57)
	at org.junit.runners.ParentRunner$3.run(ParentRunner.java:290)
	at org.junit.runners.ParentRunner$1.schedule(ParentRunner.java:71)
	at org.junit.runners.ParentRunner.runChildren(ParentRunner.java:288)
	at org.junit.runners.ParentRunner.access$000(ParentRunner.java:58)
	at org.junit.runners.ParentRunner$2.evaluate(ParentRunner.java:268)
	at org.junit.runners.ParentRunner.run(ParentRunner.java:363)
	at org.apache.maven.surefire.junit4.JUnit4Provider.execute(JUnit4Provider.java:283)
	at org.apache.maven.surefire.junit4.JUnit4Provider.executeWithRerun(JUnit4Provider.java:173)
	at org.apache.maven.surefire.junit4.JUnit4Provider.executeTestSet(JUnit4Provider.java:153)
	at org.apache.maven.surefire.junit4.JUnit4Provider.invoke(JUnit4Provider.java:128)
	at org.apache.maven.surefire.booter.ForkedBooter.invokeProviderInSameClassLoader(ForkedBooter.java:203)
	at org.apache.maven.surefire.booter.ForkedBooter.runSuitesInProcess(ForkedBooter.java:155)
	at org.apache.maven.surefire.booter.ForkedBooter.main(ForkedBooter.java:103)
2022-07-13 22:27:16,262 WARN  DBZ Skipping null database history record. This is often not an issue, but if it happens repeatedly please check the 'schema-changes-topic' topic. (io.debezium.relational.history.KafkaDatabaseHistory)
2022-07-13 22:27:16,262 ERROR DBZ Error while deserializing history record 'ConsumerRecord(topic = schema-changes-topic, partition = 0, offset = 1, CreateTime = 1657776435792, serialized key size = -1, serialized value size = 0, headers = RecordHeaders(headers = [], isReadOnly = false), key = null, value = )' (io.debezium.relational.history.KafkaDatabaseHistory)
java.io.IOException: Expected data to start with an Object, but was null
	at io.debezium.document.JacksonReader.parseDocument(JacksonReader.java:115)
	at io.debezium.document.JacksonReader.parse(JacksonReader.java:101)
	at io.debezium.document.JacksonReader.read(JacksonReader.java:56)
	at io.debezium.relational.history.KafkaDatabaseHistory.recoverRecords(KafkaDatabaseHistory.java:231)
	at io.debezium.relational.history.AbstractDatabaseHistory.recover(AbstractDatabaseHistory.java:63)
	at io.debezium.relational.history.KafkaDatabaseHistoryTest.testHistoryTopicContent(KafkaDatabaseHistoryTest.java:176)
	at io.debezium.relational.history.KafkaDatabaseHistoryTest.shouldIgnoreUnparseableMessages(KafkaDatabaseHistoryTest.java:232)
	at sun.reflect.NativeMethodAccessorImpl.invoke0(Native Method)
	at sun.reflect.NativeMethodAccessorImpl.invoke(NativeMethodAccessorImpl.java:62)
	at sun.reflect.DelegatingMethodAccessorImpl.invoke(DelegatingMethodAccessorImpl.java:43)
	at java.lang.reflect.Method.invoke(Method.java:498)
	at org.junit.runners.model.FrameworkMethod$1.runReflectiveCall(FrameworkMethod.java:50)
	at org.junit.internal.runners.model.ReflectiveCallable.run(ReflectiveCallable.java:12)
	at org.junit.runners.model.FrameworkMethod.invokeExplosively(FrameworkMethod.java:47)
	at org.junit.internal.runners.statements.InvokeMethod.evaluate(InvokeMethod.java:17)
	at org.junit.internal.runners.statements.RunBefores.evaluate(RunBefores.java:26)
	at org.junit.internal.runners.statements.RunAfters.evaluate(RunAfters.java:27)
	at org.junit.runners.ParentRunner.runLeaf(ParentRunner.java:325)
	at org.junit.runners.BlockJUnit4ClassRunner.runChild(BlockJUnit4ClassRunner.java:78)
	at org.junit.runners.BlockJUnit4ClassRunner.runChild(BlockJUnit4ClassRunner.java:57)
	at org.junit.runners.ParentRunner$3.run(ParentRunner.java:290)
	at org.junit.runners.ParentRunner$1.schedule(ParentRunner.java:71)
	at org.junit.runners.ParentRunner.runChildren(ParentRunner.java:288)
	at org.junit.runners.ParentRunner.access$000(ParentRunner.java:58)
	at org.junit.runners.ParentRunner$2.evaluate(ParentRunner.java:268)
	at org.junit.runners.ParentRunner.run(ParentRunner.java:363)
	at org.apache.maven.surefire.junit4.JUnit4Provider.execute(JUnit4Provider.java:283)
	at org.apache.maven.surefire.junit4.JUnit4Provider.executeWithRerun(JUnit4Provider.java:173)
	at org.apache.maven.surefire.junit4.JUnit4Provider.executeTestSet(JUnit4Provider.java:153)
	at org.apache.maven.surefire.junit4.JUnit4Provider.invoke(JUnit4Provider.java:128)
	at org.apache.maven.surefire.booter.ForkedBooter.invokeProviderInSameClassLoader(ForkedBooter.java:203)
	at org.apache.maven.surefire.booter.ForkedBooter.runSuitesInProcess(ForkedBooter.java:155)
	at org.apache.maven.surefire.booter.ForkedBooter.main(ForkedBooter.java:103)
2022-07-13 22:27:16,263 WARN  DBZ Skipping invalid database history record '{
  "position" : {
    "filename" : "my-txn-file.log",
    "position" : 39
  },
  "databaseName" : "db1",
  "ddl" : "DROP TABLE foo;"
}'. This is often not an issue, but if it happens repeatedly please check the 'schema-changes-topic' topic. (io.debezium.relational.history.KafkaDatabaseHistory)
2022-07-13 22:27:16,263 WARN  DBZ Skipping invalid database history record '{
  "source" : {
    "server" : "my-server"
  },
  "databaseName" : "db1",
  "ddl" : "DROP TABLE foo;"
}'. This is often not an issue, but if it happens repeatedly please check the 'schema-changes-topic' topic. (io.debezium.relational.history.KafkaDatabaseHistory)
2022-07-13 22:27:16,264 ERROR DBZ Error while deserializing history record 'ConsumerRecord(topic = schema-changes-topic, partition = 0, offset = 4, CreateTime = 1657776435799, serialized key size = -1, serialized value size = 133, headers = RecordHeaders(headers = [], isReadOnly = false), key = null, value = {"source":{"server":"my-server"},"position":{"filename":"my-txn-file.log","position":39},"databaseName":"db1","ddl":"DROP TABLE foo;")' (io.debezium.relational.history.KafkaDatabaseHistory)
com.fasterxml.jackson.core.io.JsonEOFException: Unexpected end-of-input: expected close marker for Object (start marker at [Source: (String)"{"source":{"server":"my-server"},"position":{"filename":"my-txn-file.log","position":39},"databaseName":"db1","ddl":"DROP TABLE foo;""; line: 1, column: 1])
 at [Source: (String)"{"source":{"server":"my-server"},"position":{"filename":"my-txn-file.log","position":39},"databaseName":"db1","ddl":"DROP TABLE foo;""; line: 1, column: 267]
	at com.fasterxml.jackson.core.base.ParserMinimalBase._reportInvalidEOF(ParserMinimalBase.java:588)
	at com.fasterxml.jackson.core.base.ParserBase._handleEOF(ParserBase.java:483)
	at com.fasterxml.jackson.core.base.ParserBase._eofAsNextChar(ParserBase.java:495)
	at com.fasterxml.jackson.core.json.ReaderBasedJsonParser._skipWSOrEnd(ReaderBasedJsonParser.java:2332)
	at com.fasterxml.jackson.core.json.ReaderBasedJsonParser.nextToken(ReaderBasedJsonParser.java:646)
	at io.debezium.document.JacksonReader.parseDocument(JacksonReader.java:191)
	at io.debezium.document.JacksonReader.parse(JacksonReader.java:101)
	at io.debezium.document.JacksonReader.read(JacksonReader.java:56)
	at io.debezium.relational.history.KafkaDatabaseHistory.recoverRecords(KafkaDatabaseHistory.java:231)
	at io.debezium.relational.history.AbstractDatabaseHistory.recover(AbstractDatabaseHistory.java:63)
	at io.debezium.relational.history.KafkaDatabaseHistoryTest.testHistoryTopicContent(KafkaDatabaseHistoryTest.java:176)
	at io.debezium.relational.history.KafkaDatabaseHistoryTest.shouldIgnoreUnparseableMessages(KafkaDatabaseHistoryTest.java:232)
	at sun.reflect.NativeMethodAccessorImpl.invoke0(Native Method)
	at sun.reflect.NativeMethodAccessorImpl.invoke(NativeMethodAccessorImpl.java:62)
	at sun.reflect.DelegatingMethodAccessorImpl.invoke(DelegatingMethodAccessorImpl.java:43)
	at java.lang.reflect.Method.invoke(Method.java:498)
	at org.junit.runners.model.FrameworkMethod$1.runReflectiveCall(FrameworkMethod.java:50)
	at org.junit.internal.runners.model.ReflectiveCallable.run(ReflectiveCallable.java:12)
	at org.junit.runners.model.FrameworkMethod.invokeExplosively(FrameworkMethod.java:47)
	at org.junit.internal.runners.statements.InvokeMethod.evaluate(InvokeMethod.java:17)
	at org.junit.internal.runners.statements.RunBefores.evaluate(RunBefores.java:26)
	at org.junit.internal.runners.statements.RunAfters.evaluate(RunAfters.java:27)
	at org.junit.runners.ParentRunner.runLeaf(ParentRunner.java:325)
	at org.junit.runners.BlockJUnit4ClassRunner.runChild(BlockJUnit4ClassRunner.java:78)
	at org.junit.runners.BlockJUnit4ClassRunner.runChild(BlockJUnit4ClassRunner.java:57)
	at org.junit.runners.ParentRunner$3.run(ParentRunner.java:290)
	at org.junit.runners.ParentRunner$1.schedule(ParentRunner.java:71)
	at org.junit.runners.ParentRunner.runChildren(ParentRunner.java:288)
	at org.junit.runners.ParentRunner.access$000(ParentRunner.java:58)
	at org.junit.runners.ParentRunner$2.evaluate(ParentRunner.java:268)
	at org.junit.runners.ParentRunner.run(ParentRunner.java:363)
	at org.apache.maven.surefire.junit4.JUnit4Provider.execute(JUnit4Provider.java:283)
	at org.apache.maven.surefire.junit4.JUnit4Provider.executeWithRerun(JUnit4Provider.java:173)
	at org.apache.maven.surefire.junit4.JUnit4Provider.executeTestSet(JUnit4Provider.java:153)
	at org.apache.maven.surefire.junit4.JUnit4Provider.invoke(JUnit4Provider.java:128)
	at org.apache.maven.surefire.booter.ForkedBooter.invokeProviderInSameClassLoader(ForkedBooter.java:203)
	at org.apache.maven.surefire.booter.ForkedBooter.runSuitesInProcess(ForkedBooter.java:155)
	at org.apache.maven.surefire.booter.ForkedBooter.main(ForkedBooter.java:103)
2022-07-13 22:27:16,264 ERROR DBZ Error while deserializing history record 'ConsumerRecord(topic = schema-changes-topic, partition = 0, offset = 5, CreateTime = 1657776435801, serialized key size = -1, serialized value size = 133, headers = RecordHeaders(headers = [], isReadOnly = false), key = null, value = "source":{"server":"my-server"},"position":{"filename":"my-txn-file.log","position":39},"databaseName":"db1","ddl":"DROP TABLE foo;"})' (io.debezium.relational.history.KafkaDatabaseHistory)
java.io.IOException: Expected data to start with an Object, but was VALUE_STRING
	at io.debezium.document.JacksonReader.parseDocument(JacksonReader.java:115)
	at io.debezium.document.JacksonReader.parse(JacksonReader.java:101)
	at io.debezium.document.JacksonReader.read(JacksonReader.java:56)
	at io.debezium.relational.history.KafkaDatabaseHistory.recoverRecords(KafkaDatabaseHistory.java:231)
	at io.debezium.relational.history.AbstractDatabaseHistory.recover(AbstractDatabaseHistory.java:63)
	at io.debezium.relational.history.KafkaDatabaseHistoryTest.testHistoryTopicContent(KafkaDatabaseHistoryTest.java:176)
	at io.debezium.relational.history.KafkaDatabaseHistoryTest.shouldIgnoreUnparseableMessages(KafkaDatabaseHistoryTest.java:232)
	at sun.reflect.NativeMethodAccessorImpl.invoke0(Native Method)
	at sun.reflect.NativeMethodAccessorImpl.invoke(NativeMethodAccessorImpl.java:62)
	at sun.reflect.DelegatingMethodAccessorImpl.invoke(DelegatingMethodAccessorImpl.java:43)
	at java.lang.reflect.Method.invoke(Method.java:498)
	at org.junit.runners.model.FrameworkMethod$1.runReflectiveCall(FrameworkMethod.java:50)
	at org.junit.internal.runners.model.ReflectiveCallable.run(ReflectiveCallable.java:12)
	at org.junit.runners.model.FrameworkMethod.invokeExplosively(FrameworkMethod.java:47)
	at org.junit.internal.runners.statements.InvokeMethod.evaluate(InvokeMethod.java:17)
	at org.junit.internal.runners.statements.RunBefores.evaluate(RunBefores.java:26)
	at org.junit.internal.runners.statements.RunAfters.evaluate(RunAfters.java:27)
	at org.junit.runners.ParentRunner.runLeaf(ParentRunner.java:325)
	at org.junit.runners.BlockJUnit4ClassRunner.runChild(BlockJUnit4ClassRunner.java:78)
	at org.junit.runners.BlockJUnit4ClassRunner.runChild(BlockJUnit4ClassRunner.java:57)
	at org.junit.runners.ParentRunner$3.run(ParentRunner.java:290)
	at org.junit.runners.ParentRunner$1.schedule(ParentRunner.java:71)
	at org.junit.runners.ParentRunner.runChildren(ParentRunner.java:288)
	at org.junit.runners.ParentRunner.access$000(ParentRunner.java:58)
	at org.junit.runners.ParentRunner$2.evaluate(ParentRunner.java:268)
	at org.junit.runners.ParentRunner.run(ParentRunner.java:363)
	at org.apache.maven.surefire.junit4.JUnit4Provider.execute(JUnit4Provider.java:283)
	at org.apache.maven.surefire.junit4.JUnit4Provider.executeWithRerun(JUnit4Provider.java:173)
	at org.apache.maven.surefire.junit4.JUnit4Provider.executeTestSet(JUnit4Provider.java:153)
	at org.apache.maven.surefire.junit4.JUnit4Provider.invoke(JUnit4Provider.java:128)
	at org.apache.maven.surefire.booter.ForkedBooter.invokeProviderInSameClassLoader(ForkedBooter.java:203)
	at org.apache.maven.surefire.booter.ForkedBooter.runSuitesInProcess(ForkedBooter.java:155)
	at org.apache.maven.surefire.booter.ForkedBooter.main(ForkedBooter.java:103)
2022-07-13 22:27:16,265 WARN  DBZ Ignoring unparseable statements 'xxxDROP TABLE foo;' stored in database history: {} (io.debezium.relational.history.KafkaDatabaseHistory)
io.debezium.text.ParsingException: Failed to parse statement 'xxxDROP TABLE foo;'
	at io.debezium.relational.ddl.DdlParser.parse(DdlParser.java:292)
	at io.debezium.relational.ddl.DdlParser.parse(DdlParser.java:267)
	at io.debezium.relational.history.AbstractDatabaseHistory.lambda$recover$1(AbstractDatabaseHistory.java:75)
	at io.debezium.relational.history.KafkaDatabaseHistory.recoverRecords(KafkaDatabaseHistory.java:238)
	at io.debezium.relational.history.AbstractDatabaseHistory.recover(AbstractDatabaseHistory.java:63)
	at io.debezium.relational.history.KafkaDatabaseHistoryTest.testHistoryTopicContent(KafkaDatabaseHistoryTest.java:176)
	at io.debezium.relational.history.KafkaDatabaseHistoryTest.shouldIgnoreUnparseableMessages(KafkaDatabaseHistoryTest.java:232)
	at sun.reflect.NativeMethodAccessorImpl.invoke0(Native Method)
	at sun.reflect.NativeMethodAccessorImpl.invoke(NativeMethodAccessorImpl.java:62)
	at sun.reflect.DelegatingMethodAccessorImpl.invoke(DelegatingMethodAccessorImpl.java:43)
	at java.lang.reflect.Method.invoke(Method.java:498)
	at org.junit.runners.model.FrameworkMethod$1.runReflectiveCall(FrameworkMethod.java:50)
	at org.junit.internal.runners.model.ReflectiveCallable.run(ReflectiveCallable.java:12)
	at org.junit.runners.model.FrameworkMethod.invokeExplosively(FrameworkMethod.java:47)
	at org.junit.internal.runners.statements.InvokeMethod.evaluate(InvokeMethod.java:17)
	at org.junit.internal.runners.statements.RunBefores.evaluate(RunBefores.java:26)
	at org.junit.internal.runners.statements.RunAfters.evaluate(RunAfters.java:27)
	at org.junit.runners.ParentRunner.runLeaf(ParentRunner.java:325)
	at org.junit.runners.BlockJUnit4ClassRunner.runChild(BlockJUnit4ClassRunner.java:78)
	at org.junit.runners.BlockJUnit4ClassRunner.runChild(BlockJUnit4ClassRunner.java:57)
	at org.junit.runners.ParentRunner$3.run(ParentRunner.java:290)
	at org.junit.runners.ParentRunner$1.schedule(ParentRunner.java:71)
	at org.junit.runners.ParentRunner.runChildren(ParentRunner.java:288)
	at org.junit.runners.ParentRunner.access$000(ParentRunner.java:58)
	at org.junit.runners.ParentRunner$2.evaluate(ParentRunner.java:268)
	at org.junit.runners.ParentRunner.run(ParentRunner.java:363)
	at org.apache.maven.surefire.junit4.JUnit4Provider.execute(JUnit4Provider.java:283)
	at org.apache.maven.surefire.junit4.JUnit4Provider.executeWithRerun(JUnit4Provider.java:173)
	at org.apache.maven.surefire.junit4.JUnit4Provider.executeTestSet(JUnit4Provider.java:153)
	at org.apache.maven.surefire.junit4.JUnit4Provider.invoke(JUnit4Provider.java:128)
	at org.apache.maven.surefire.booter.ForkedBooter.invokeProviderInSameClassLoader(ForkedBooter.java:203)
	at org.apache.maven.surefire.booter.ForkedBooter.runSuitesInProcess(ForkedBooter.java:155)
	at org.apache.maven.surefire.booter.ForkedBooter.main(ForkedBooter.java:103)
Caused by: io.debezium.text.ParsingException: Expecting token type 128 at line 1, column 1 but found 'xxxDROP':  ===>> xxxDROP TABLE foo;
	at io.debezium.text.TokenStream.consume(TokenStream.java:737)
	at io.debezium.relational.ddl.DdlParser.consumeStatement(DdlParser.java:568)
	at io.debezium.relational.ddl.DdlParser.parseUnknownStatement(DdlParser.java:376)
	at io.debezium.relational.ddl.DdlParserSql2003.parseNextStatement(DdlParserSql2003.java:120)
	at io.debezium.relational.ddl.DdlParser.parse(DdlParser.java:286)
	... 32 more
2022-07-13 22:27:16,287 WARN  DBZ Skipping null database history record. This is often not an issue, but if it happens repeatedly please check the 'schema-changes-topic' topic. (io.debezium.relational.history.KafkaDatabaseHistory)
2022-07-13 22:27:16,287 ERROR DBZ Error while deserializing history record 'ConsumerRecord(topic = schema-changes-topic, partition = 0, offset = 1, CreateTime = 1657776435792, serialized key size = -1, serialized value size = 0, headers = RecordHeaders(headers = [], isReadOnly = false), key = null, value = )' (io.debezium.relational.history.KafkaDatabaseHistory)
java.io.IOException: Expected data to start with an Object, but was null
	at io.debezium.document.JacksonReader.parseDocument(JacksonReader.java:115)
	at io.debezium.document.JacksonReader.parse(JacksonReader.java:101)
	at io.debezium.document.JacksonReader.read(JacksonReader.java:56)
	at io.debezium.relational.history.KafkaDatabaseHistory.recoverRecords(KafkaDatabaseHistory.java:231)
	at io.debezium.relational.history.AbstractDatabaseHistory.recover(AbstractDatabaseHistory.java:63)
	at io.debezium.relational.history.KafkaDatabaseHistoryTest.testHistoryTopicContent(KafkaDatabaseHistoryTest.java:182)
	at io.debezium.relational.history.KafkaDatabaseHistoryTest.shouldIgnoreUnparseableMessages(KafkaDatabaseHistoryTest.java:232)
	at sun.reflect.NativeMethodAccessorImpl.invoke0(Native Method)
	at sun.reflect.NativeMethodAccessorImpl.invoke(NativeMethodAccessorImpl.java:62)
	at sun.reflect.DelegatingMethodAccessorImpl.invoke(DelegatingMethodAccessorImpl.java:43)
	at java.lang.reflect.Method.invoke(Method.java:498)
	at org.junit.runners.model.FrameworkMethod$1.runReflectiveCall(FrameworkMethod.java:50)
	at org.junit.internal.runners.model.ReflectiveCallable.run(ReflectiveCallable.java:12)
	at org.junit.runners.model.FrameworkMethod.invokeExplosively(FrameworkMethod.java:47)
	at org.junit.internal.runners.statements.InvokeMethod.evaluate(InvokeMethod.java:17)
	at org.junit.internal.runners.statements.RunBefores.evaluate(RunBefores.java:26)
	at org.junit.internal.runners.statements.RunAfters.evaluate(RunAfters.java:27)
	at org.junit.runners.ParentRunner.runLeaf(ParentRunner.java:325)
	at org.junit.runners.BlockJUnit4ClassRunner.runChild(BlockJUnit4ClassRunner.java:78)
	at org.junit.runners.BlockJUnit4ClassRunner.runChild(BlockJUnit4ClassRunner.java:57)
	at org.junit.runners.ParentRunner$3.run(ParentRunner.java:290)
	at org.junit.runners.ParentRunner$1.schedule(ParentRunner.java:71)
	at org.junit.runners.ParentRunner.runChildren(ParentRunner.java:288)
	at org.junit.runners.ParentRunner.access$000(ParentRunner.java:58)
	at org.junit.runners.ParentRunner$2.evaluate(ParentRunner.java:268)
	at org.junit.runners.ParentRunner.run(ParentRunner.java:363)
	at org.apache.maven.surefire.junit4.JUnit4Provider.execute(JUnit4Provider.java:283)
	at org.apache.maven.surefire.junit4.JUnit4Provider.executeWithRerun(JUnit4Provider.java:173)
	at org.apache.maven.surefire.junit4.JUnit4Provider.executeTestSet(JUnit4Provider.java:153)
	at org.apache.maven.surefire.junit4.JUnit4Provider.invoke(JUnit4Provider.java:128)
	at org.apache.maven.surefire.booter.ForkedBooter.invokeProviderInSameClassLoader(ForkedBooter.java:203)
	at org.apache.maven.surefire.booter.ForkedBooter.runSuitesInProcess(ForkedBooter.java:155)
	at org.apache.maven.surefire.booter.ForkedBooter.main(ForkedBooter.java:103)
2022-07-13 22:27:16,287 WARN  DBZ Skipping invalid database history record '{
  "position" : {
    "filename" : "my-txn-file.log",
    "position" : 39
  },
  "databaseName" : "db1",
  "ddl" : "DROP TABLE foo;"
}'. This is often not an issue, but if it happens repeatedly please check the 'schema-changes-topic' topic. (io.debezium.relational.history.KafkaDatabaseHistory)
2022-07-13 22:27:16,288 WARN  DBZ Skipping invalid database history record '{
  "source" : {
    "server" : "my-server"
  },
  "databaseName" : "db1",
  "ddl" : "DROP TABLE foo;"
}'. This is often not an issue, but if it happens repeatedly please check the 'schema-changes-topic' topic. (io.debezium.relational.history.KafkaDatabaseHistory)
2022-07-13 22:27:16,288 ERROR DBZ Error while deserializing history record 'ConsumerRecord(topic = schema-changes-topic, partition = 0, offset = 4, CreateTime = 1657776435799, serialized key size = -1, serialized value size = 133, headers = RecordHeaders(headers = [], isReadOnly = false), key = null, value = {"source":{"server":"my-server"},"position":{"filename":"my-txn-file.log","position":39},"databaseName":"db1","ddl":"DROP TABLE foo;")' (io.debezium.relational.history.KafkaDatabaseHistory)
com.fasterxml.jackson.core.io.JsonEOFException: Unexpected end-of-input: expected close marker for Object (start marker at [Source: (String)"{"source":{"server":"my-server"},"position":{"filename":"my-txn-file.log","position":39},"databaseName":"db1","ddl":"DROP TABLE foo;""; line: 1, column: 1])
 at [Source: (String)"{"source":{"server":"my-server"},"position":{"filename":"my-txn-file.log","position":39},"databaseName":"db1","ddl":"DROP TABLE foo;""; line: 1, column: 267]
	at com.fasterxml.jackson.core.base.ParserMinimalBase._reportInvalidEOF(ParserMinimalBase.java:588)
	at com.fasterxml.jackson.core.base.ParserBase._handleEOF(ParserBase.java:483)
	at com.fasterxml.jackson.core.base.ParserBase._eofAsNextChar(ParserBase.java:495)
	at com.fasterxml.jackson.core.json.ReaderBasedJsonParser._skipWSOrEnd(ReaderBasedJsonParser.java:2332)
	at com.fasterxml.jackson.core.json.ReaderBasedJsonParser.nextToken(ReaderBasedJsonParser.java:646)
	at io.debezium.document.JacksonReader.parseDocument(JacksonReader.java:191)
	at io.debezium.document.JacksonReader.parse(JacksonReader.java:101)
	at io.debezium.document.JacksonReader.read(JacksonReader.java:56)
	at io.debezium.relational.history.KafkaDatabaseHistory.recoverRecords(KafkaDatabaseHistory.java:231)
	at io.debezium.relational.history.AbstractDatabaseHistory.recover(AbstractDatabaseHistory.java:63)
	at io.debezium.relational.history.KafkaDatabaseHistoryTest.testHistoryTopicContent(KafkaDatabaseHistoryTest.java:182)
	at io.debezium.relational.history.KafkaDatabaseHistoryTest.shouldIgnoreUnparseableMessages(KafkaDatabaseHistoryTest.java:232)
	at sun.reflect.NativeMethodAccessorImpl.invoke0(Native Method)
	at sun.reflect.NativeMethodAccessorImpl.invoke(NativeMethodAccessorImpl.java:62)
	at sun.reflect.DelegatingMethodAccessorImpl.invoke(DelegatingMethodAccessorImpl.java:43)
	at java.lang.reflect.Method.invoke(Method.java:498)
	at org.junit.runners.model.FrameworkMethod$1.runReflectiveCall(FrameworkMethod.java:50)
	at org.junit.internal.runners.model.ReflectiveCallable.run(ReflectiveCallable.java:12)
	at org.junit.runners.model.FrameworkMethod.invokeExplosively(FrameworkMethod.java:47)
	at org.junit.internal.runners.statements.InvokeMethod.evaluate(InvokeMethod.java:17)
	at org.junit.internal.runners.statements.RunBefores.evaluate(RunBefores.java:26)
	at org.junit.internal.runners.statements.RunAfters.evaluate(RunAfters.java:27)
	at org.junit.runners.ParentRunner.runLeaf(ParentRunner.java:325)
	at org.junit.runners.BlockJUnit4ClassRunner.runChild(BlockJUnit4ClassRunner.java:78)
	at org.junit.runners.BlockJUnit4ClassRunner.runChild(BlockJUnit4ClassRunner.java:57)
	at org.junit.runners.ParentRunner$3.run(ParentRunner.java:290)
	at org.junit.runners.ParentRunner$1.schedule(ParentRunner.java:71)
	at org.junit.runners.ParentRunner.runChildren(ParentRunner.java:288)
	at org.junit.runners.ParentRunner.access$000(ParentRunner.java:58)
	at org.junit.runners.ParentRunner$2.evaluate(ParentRunner.java:268)
	at org.junit.runners.ParentRunner.run(ParentRunner.java:363)
	at org.apache.maven.surefire.junit4.JUnit4Provider.execute(JUnit4Provider.java:283)
	at org.apache.maven.surefire.junit4.JUnit4Provider.executeWithRerun(JUnit4Provider.java:173)
	at org.apache.maven.surefire.junit4.JUnit4Provider.executeTestSet(JUnit4Provider.java:153)
	at org.apache.maven.surefire.junit4.JUnit4Provider.invoke(JUnit4Provider.java:128)
	at org.apache.maven.surefire.booter.ForkedBooter.invokeProviderInSameClassLoader(ForkedBooter.java:203)
	at org.apache.maven.surefire.booter.ForkedBooter.runSuitesInProcess(ForkedBooter.java:155)
	at org.apache.maven.surefire.booter.ForkedBooter.main(ForkedBooter.java:103)
2022-07-13 22:27:16,288 ERROR DBZ Error while deserializing history record 'ConsumerRecord(topic = schema-changes-topic, partition = 0, offset = 5, CreateTime = 1657776435801, serialized key size = -1, serialized value size = 133, headers = RecordHeaders(headers = [], isReadOnly = false), key = null, value = "source":{"server":"my-server"},"position":{"filename":"my-txn-file.log","position":39},"databaseName":"db1","ddl":"DROP TABLE foo;"})' (io.debezium.relational.history.KafkaDatabaseHistory)
java.io.IOException: Expected data to start with an Object, but was VALUE_STRING
	at io.debezium.document.JacksonReader.parseDocument(JacksonReader.java:115)
	at io.debezium.document.JacksonReader.parse(JacksonReader.java:101)
	at io.debezium.document.JacksonReader.read(JacksonReader.java:56)
	at io.debezium.relational.history.KafkaDatabaseHistory.recoverRecords(KafkaDatabaseHistory.java:231)
	at io.debezium.relational.history.AbstractDatabaseHistory.recover(AbstractDatabaseHistory.java:63)
	at io.debezium.relational.history.KafkaDatabaseHistoryTest.testHistoryTopicContent(KafkaDatabaseHistoryTest.java:182)
	at io.debezium.relational.history.KafkaDatabaseHistoryTest.shouldIgnoreUnparseableMessages(KafkaDatabaseHistoryTest.java:232)
	at sun.reflect.NativeMethodAccessorImpl.invoke0(Native Method)
	at sun.reflect.NativeMethodAccessorImpl.invoke(NativeMethodAccessorImpl.java:62)
	at sun.reflect.DelegatingMethodAccessorImpl.invoke(DelegatingMethodAccessorImpl.java:43)
	at java.lang.reflect.Method.invoke(Method.java:498)
	at org.junit.runners.model.FrameworkMethod$1.runReflectiveCall(FrameworkMethod.java:50)
	at org.junit.internal.runners.model.ReflectiveCallable.run(ReflectiveCallable.java:12)
	at org.junit.runners.model.FrameworkMethod.invokeExplosively(FrameworkMethod.java:47)
	at org.junit.internal.runners.statements.InvokeMethod.evaluate(InvokeMethod.java:17)
	at org.junit.internal.runners.statements.RunBefores.evaluate(RunBefores.java:26)
	at org.junit.internal.runners.statements.RunAfters.evaluate(RunAfters.java:27)
	at org.junit.runners.ParentRunner.runLeaf(ParentRunner.java:325)
	at org.junit.runners.BlockJUnit4ClassRunner.runChild(BlockJUnit4ClassRunner.java:78)
	at org.junit.runners.BlockJUnit4ClassRunner.runChild(BlockJUnit4ClassRunner.java:57)
	at org.junit.runners.ParentRunner$3.run(ParentRunner.java:290)
	at org.junit.runners.ParentRunner$1.schedule(ParentRunner.java:71)
	at org.junit.runners.ParentRunner.runChildren(ParentRunner.java:288)
	at org.junit.runners.ParentRunner.access$000(ParentRunner.java:58)
	at org.junit.runners.ParentRunner$2.evaluate(ParentRunner.java:268)
	at org.junit.runners.ParentRunner.run(ParentRunner.java:363)
	at org.apache.maven.surefire.junit4.JUnit4Provider.execute(JUnit4Provider.java:283)
	at org.apache.maven.surefire.junit4.JUnit4Provider.executeWithRerun(JUnit4Provider.java:173)
	at org.apache.maven.surefire.junit4.JUnit4Provider.executeTestSet(JUnit4Provider.java:153)
	at org.apache.maven.surefire.junit4.JUnit4Provider.invoke(JUnit4Provider.java:128)
	at org.apache.maven.surefire.booter.ForkedBooter.invokeProviderInSameClassLoader(ForkedBooter.java:203)
	at org.apache.maven.surefire.booter.ForkedBooter.runSuitesInProcess(ForkedBooter.java:155)
	at org.apache.maven.surefire.booter.ForkedBooter.main(ForkedBooter.java:103)
2022-07-13 22:27:16,289 WARN  DBZ Ignoring unparseable statements 'xxxDROP TABLE foo;' stored in database history: {} (io.debezium.relational.history.KafkaDatabaseHistory)
io.debezium.text.ParsingException: Failed to parse statement 'xxxDROP TABLE foo;'
	at io.debezium.relational.ddl.DdlParser.parse(DdlParser.java:292)
	at io.debezium.relational.ddl.DdlParser.parse(DdlParser.java:267)
	at io.debezium.relational.history.AbstractDatabaseHistory.lambda$recover$1(AbstractDatabaseHistory.java:75)
	at io.debezium.relational.history.KafkaDatabaseHistory.recoverRecords(KafkaDatabaseHistory.java:238)
	at io.debezium.relational.history.AbstractDatabaseHistory.recover(AbstractDatabaseHistory.java:63)
	at io.debezium.relational.history.KafkaDatabaseHistoryTest.testHistoryTopicContent(KafkaDatabaseHistoryTest.java:182)
	at io.debezium.relational.history.KafkaDatabaseHistoryTest.shouldIgnoreUnparseableMessages(KafkaDatabaseHistoryTest.java:232)
	at sun.reflect.NativeMethodAccessorImpl.invoke0(Native Method)
	at sun.reflect.NativeMethodAccessorImpl.invoke(NativeMethodAccessorImpl.java:62)
	at sun.reflect.DelegatingMethodAccessorImpl.invoke(DelegatingMethodAccessorImpl.java:43)
	at java.lang.reflect.Method.invoke(Method.java:498)
	at org.junit.runners.model.FrameworkMethod$1.runReflectiveCall(FrameworkMethod.java:50)
	at org.junit.internal.runners.model.ReflectiveCallable.run(ReflectiveCallable.java:12)
	at org.junit.runners.model.FrameworkMethod.invokeExplosively(FrameworkMethod.java:47)
	at org.junit.internal.runners.statements.InvokeMethod.evaluate(InvokeMethod.java:17)
	at org.junit.internal.runners.statements.RunBefores.evaluate(RunBefores.java:26)
	at org.junit.internal.runners.statements.RunAfters.evaluate(RunAfters.java:27)
	at org.junit.runners.ParentRunner.runLeaf(ParentRunner.java:325)
	at org.junit.runners.BlockJUnit4ClassRunner.runChild(BlockJUnit4ClassRunner.java:78)
	at org.junit.runners.BlockJUnit4ClassRunner.runChild(BlockJUnit4ClassRunner.java:57)
	at org.junit.runners.ParentRunner$3.run(ParentRunner.java:290)
	at org.junit.runners.ParentRunner$1.schedule(ParentRunner.java:71)
	at org.junit.runners.ParentRunner.runChildren(ParentRunner.java:288)
	at org.junit.runners.ParentRunner.access$000(ParentRunner.java:58)
	at org.junit.runners.ParentRunner$2.evaluate(ParentRunner.java:268)
	at org.junit.runners.ParentRunner.run(ParentRunner.java:363)
	at org.apache.maven.surefire.junit4.JUnit4Provider.execute(JUnit4Provider.java:283)
	at org.apache.maven.surefire.junit4.JUnit4Provider.executeWithRerun(JUnit4Provider.java:173)
	at org.apache.maven.surefire.junit4.JUnit4Provider.executeTestSet(JUnit4Provider.java:153)
	at org.apache.maven.surefire.junit4.JUnit4Provider.invoke(JUnit4Provider.java:128)
	at org.apache.maven.surefire.booter.ForkedBooter.invokeProviderInSameClassLoader(ForkedBooter.java:203)
	at org.apache.maven.surefire.booter.ForkedBooter.runSuitesInProcess(ForkedBooter.java:155)
	at org.apache.maven.surefire.booter.ForkedBooter.main(ForkedBooter.java:103)
Caused by: io.debezium.text.ParsingException: Expecting token type 128 at line 1, column 1 but found 'xxxDROP':  ===>> xxxDROP TABLE foo;
	at io.debezium.text.TokenStream.consume(TokenStream.java:737)
	at io.debezium.relational.ddl.DdlParser.consumeStatement(DdlParser.java:568)
	at io.debezium.relational.ddl.DdlParser.parseUnknownStatement(DdlParser.java:376)
	at io.debezium.relational.ddl.DdlParserSql2003.parseNextStatement(DdlParserSql2003.java:120)
	at io.debezium.relational.ddl.DdlParser.parse(DdlParser.java:286)
	... 32 more
2022-07-13 22:27:16,314 WARN  DBZ Skipping null database history record. This is often not an issue, but if it happens repeatedly please check the 'schema-changes-topic' topic. (io.debezium.relational.history.KafkaDatabaseHistory)
2022-07-13 22:27:16,315 ERROR DBZ Error while deserializing history record 'ConsumerRecord(topic = schema-changes-topic, partition = 0, offset = 1, CreateTime = 1657776435792, serialized key size = -1, serialized value size = 0, headers = RecordHeaders(headers = [], isReadOnly = false), key = null, value = )' (io.debezium.relational.history.KafkaDatabaseHistory)
java.io.IOException: Expected data to start with an Object, but was null
	at io.debezium.document.JacksonReader.parseDocument(JacksonReader.java:115)
	at io.debezium.document.JacksonReader.parse(JacksonReader.java:101)
	at io.debezium.document.JacksonReader.read(JacksonReader.java:56)
	at io.debezium.relational.history.KafkaDatabaseHistory.recoverRecords(KafkaDatabaseHistory.java:231)
	at io.debezium.relational.history.AbstractDatabaseHistory.recover(AbstractDatabaseHistory.java:63)
	at io.debezium.relational.history.KafkaDatabaseHistoryTest.testHistoryTopicContent(KafkaDatabaseHistoryTest.java:188)
	at io.debezium.relational.history.KafkaDatabaseHistoryTest.shouldIgnoreUnparseableMessages(KafkaDatabaseHistoryTest.java:232)
	at sun.reflect.NativeMethodAccessorImpl.invoke0(Native Method)
	at sun.reflect.NativeMethodAccessorImpl.invoke(NativeMethodAccessorImpl.java:62)
	at sun.reflect.DelegatingMethodAccessorImpl.invoke(DelegatingMethodAccessorImpl.java:43)
	at java.lang.reflect.Method.invoke(Method.java:498)
	at org.junit.runners.model.FrameworkMethod$1.runReflectiveCall(FrameworkMethod.java:50)
	at org.junit.internal.runners.model.ReflectiveCallable.run(ReflectiveCallable.java:12)
	at org.junit.runners.model.FrameworkMethod.invokeExplosively(FrameworkMethod.java:47)
	at org.junit.internal.runners.statements.InvokeMethod.evaluate(InvokeMethod.java:17)
	at org.junit.internal.runners.statements.RunBefores.evaluate(RunBefores.java:26)
	at org.junit.internal.runners.statements.RunAfters.evaluate(RunAfters.java:27)
	at org.junit.runners.ParentRunner.runLeaf(ParentRunner.java:325)
	at org.junit.runners.BlockJUnit4ClassRunner.runChild(BlockJUnit4ClassRunner.java:78)
	at org.junit.runners.BlockJUnit4ClassRunner.runChild(BlockJUnit4ClassRunner.java:57)
	at org.junit.runners.ParentRunner$3.run(ParentRunner.java:290)
	at org.junit.runners.ParentRunner$1.schedule(ParentRunner.java:71)
	at org.junit.runners.ParentRunner.runChildren(ParentRunner.java:288)
	at org.junit.runners.ParentRunner.access$000(ParentRunner.java:58)
	at org.junit.runners.ParentRunner$2.evaluate(ParentRunner.java:268)
	at org.junit.runners.ParentRunner.run(ParentRunner.java:363)
	at org.apache.maven.surefire.junit4.JUnit4Provider.execute(JUnit4Provider.java:283)
	at org.apache.maven.surefire.junit4.JUnit4Provider.executeWithRerun(JUnit4Provider.java:173)
	at org.apache.maven.surefire.junit4.JUnit4Provider.executeTestSet(JUnit4Provider.java:153)
	at org.apache.maven.surefire.junit4.JUnit4Provider.invoke(JUnit4Provider.java:128)
	at org.apache.maven.surefire.booter.ForkedBooter.invokeProviderInSameClassLoader(ForkedBooter.java:203)
	at org.apache.maven.surefire.booter.ForkedBooter.runSuitesInProcess(ForkedBooter.java:155)
	at org.apache.maven.surefire.booter.ForkedBooter.main(ForkedBooter.java:103)
2022-07-13 22:27:16,316 WARN  DBZ Skipping invalid database history record '{
  "position" : {
    "filename" : "my-txn-file.log",
    "position" : 39
  },
  "databaseName" : "db1",
  "ddl" : "DROP TABLE foo;"
}'. This is often not an issue, but if it happens repeatedly please check the 'schema-changes-topic' topic. (io.debezium.relational.history.KafkaDatabaseHistory)
2022-07-13 22:27:16,316 WARN  DBZ Skipping invalid database history record '{
  "source" : {
    "server" : "my-server"
  },
  "databaseName" : "db1",
  "ddl" : "DROP TABLE foo;"
}'. This is often not an issue, but if it happens repeatedly please check the 'schema-changes-topic' topic. (io.debezium.relational.history.KafkaDatabaseHistory)
2022-07-13 22:27:16,317 ERROR DBZ Error while deserializing history record 'ConsumerRecord(topic = schema-changes-topic, partition = 0, offset = 4, CreateTime = 1657776435799, serialized key size = -1, serialized value size = 133, headers = RecordHeaders(headers = [], isReadOnly = false), key = null, value = {"source":{"server":"my-server"},"position":{"filename":"my-txn-file.log","position":39},"databaseName":"db1","ddl":"DROP TABLE foo;")' (io.debezium.relational.history.KafkaDatabaseHistory)
com.fasterxml.jackson.core.io.JsonEOFException: Unexpected end-of-input: expected close marker for Object (start marker at [Source: (String)"{"source":{"server":"my-server"},"position":{"filename":"my-txn-file.log","position":39},"databaseName":"db1","ddl":"DROP TABLE foo;""; line: 1, column: 1])
 at [Source: (String)"{"source":{"server":"my-server"},"position":{"filename":"my-txn-file.log","position":39},"databaseName":"db1","ddl":"DROP TABLE foo;""; line: 1, column: 267]
	at com.fasterxml.jackson.core.base.ParserMinimalBase._reportInvalidEOF(ParserMinimalBase.java:588)
	at com.fasterxml.jackson.core.base.ParserBase._handleEOF(ParserBase.java:483)
	at com.fasterxml.jackson.core.base.ParserBase._eofAsNextChar(ParserBase.java:495)
	at com.fasterxml.jackson.core.json.ReaderBasedJsonParser._skipWSOrEnd(ReaderBasedJsonParser.java:2332)
	at com.fasterxml.jackson.core.json.ReaderBasedJsonParser.nextToken(ReaderBasedJsonParser.java:646)
	at io.debezium.document.JacksonReader.parseDocument(JacksonReader.java:191)
	at io.debezium.document.JacksonReader.parse(JacksonReader.java:101)
	at io.debezium.document.JacksonReader.read(JacksonReader.java:56)
	at io.debezium.relational.history.KafkaDatabaseHistory.recoverRecords(KafkaDatabaseHistory.java:231)
	at io.debezium.relational.history.AbstractDatabaseHistory.recover(AbstractDatabaseHistory.java:63)
	at io.debezium.relational.history.KafkaDatabaseHistoryTest.testHistoryTopicContent(KafkaDatabaseHistoryTest.java:188)
	at io.debezium.relational.history.KafkaDatabaseHistoryTest.shouldIgnoreUnparseableMessages(KafkaDatabaseHistoryTest.java:232)
	at sun.reflect.NativeMethodAccessorImpl.invoke0(Native Method)
	at sun.reflect.NativeMethodAccessorImpl.invoke(NativeMethodAccessorImpl.java:62)
	at sun.reflect.DelegatingMethodAccessorImpl.invoke(DelegatingMethodAccessorImpl.java:43)
	at java.lang.reflect.Method.invoke(Method.java:498)
	at org.junit.runners.model.FrameworkMethod$1.runReflectiveCall(FrameworkMethod.java:50)
	at org.junit.internal.runners.model.ReflectiveCallable.run(ReflectiveCallable.java:12)
	at org.junit.runners.model.FrameworkMethod.invokeExplosively(FrameworkMethod.java:47)
	at org.junit.internal.runners.statements.InvokeMethod.evaluate(InvokeMethod.java:17)
	at org.junit.internal.runners.statements.RunBefores.evaluate(RunBefores.java:26)
	at org.junit.internal.runners.statements.RunAfters.evaluate(RunAfters.java:27)
	at org.junit.runners.ParentRunner.runLeaf(ParentRunner.java:325)
	at org.junit.runners.BlockJUnit4ClassRunner.runChild(BlockJUnit4ClassRunner.java:78)
	at org.junit.runners.BlockJUnit4ClassRunner.runChild(BlockJUnit4ClassRunner.java:57)
	at org.junit.runners.ParentRunner$3.run(ParentRunner.java:290)
	at org.junit.runners.ParentRunner$1.schedule(ParentRunner.java:71)
	at org.junit.runners.ParentRunner.runChildren(ParentRunner.java:288)
	at org.junit.runners.ParentRunner.access$000(ParentRunner.java:58)
	at org.junit.runners.ParentRunner$2.evaluate(ParentRunner.java:268)
	at org.junit.runners.ParentRunner.run(ParentRunner.java:363)
	at org.apache.maven.surefire.junit4.JUnit4Provider.execute(JUnit4Provider.java:283)
	at org.apache.maven.surefire.junit4.JUnit4Provider.executeWithRerun(JUnit4Provider.java:173)
	at org.apache.maven.surefire.junit4.JUnit4Provider.executeTestSet(JUnit4Provider.java:153)
	at org.apache.maven.surefire.junit4.JUnit4Provider.invoke(JUnit4Provider.java:128)
	at org.apache.maven.surefire.booter.ForkedBooter.invokeProviderInSameClassLoader(ForkedBooter.java:203)
	at org.apache.maven.surefire.booter.ForkedBooter.runSuitesInProcess(ForkedBooter.java:155)
	at org.apache.maven.surefire.booter.ForkedBooter.main(ForkedBooter.java:103)
2022-07-13 22:27:16,318 ERROR DBZ Error while deserializing history record 'ConsumerRecord(topic = schema-changes-topic, partition = 0, offset = 5, CreateTime = 1657776435801, serialized key size = -1, serialized value size = 133, headers = RecordHeaders(headers = [], isReadOnly = false), key = null, value = "source":{"server":"my-server"},"position":{"filename":"my-txn-file.log","position":39},"databaseName":"db1","ddl":"DROP TABLE foo;"})' (io.debezium.relational.history.KafkaDatabaseHistory)
java.io.IOException: Expected data to start with an Object, but was VALUE_STRING
	at io.debezium.document.JacksonReader.parseDocument(JacksonReader.java:115)
	at io.debezium.document.JacksonReader.parse(JacksonReader.java:101)
	at io.debezium.document.JacksonReader.read(JacksonReader.java:56)
	at io.debezium.relational.history.KafkaDatabaseHistory.recoverRecords(KafkaDatabaseHistory.java:231)
	at io.debezium.relational.history.AbstractDatabaseHistory.recover(AbstractDatabaseHistory.java:63)
	at io.debezium.relational.history.KafkaDatabaseHistoryTest.testHistoryTopicContent(KafkaDatabaseHistoryTest.java:188)
	at io.debezium.relational.history.KafkaDatabaseHistoryTest.shouldIgnoreUnparseableMessages(KafkaDatabaseHistoryTest.java:232)
	at sun.reflect.NativeMethodAccessorImpl.invoke0(Native Method)
	at sun.reflect.NativeMethodAccessorImpl.invoke(NativeMethodAccessorImpl.java:62)
	at sun.reflect.DelegatingMethodAccessorImpl.invoke(DelegatingMethodAccessorImpl.java:43)
	at java.lang.reflect.Method.invoke(Method.java:498)
	at org.junit.runners.model.FrameworkMethod$1.runReflectiveCall(FrameworkMethod.java:50)
	at org.junit.internal.runners.model.ReflectiveCallable.run(ReflectiveCallable.java:12)
	at org.junit.runners.model.FrameworkMethod.invokeExplosively(FrameworkMethod.java:47)
	at org.junit.internal.runners.statements.InvokeMethod.evaluate(InvokeMethod.java:17)
	at org.junit.internal.runners.statements.RunBefores.evaluate(RunBefores.java:26)
	at org.junit.internal.runners.statements.RunAfters.evaluate(RunAfters.java:27)
	at org.junit.runners.ParentRunner.runLeaf(ParentRunner.java:325)
	at org.junit.runners.BlockJUnit4ClassRunner.runChild(BlockJUnit4ClassRunner.java:78)
	at org.junit.runners.BlockJUnit4ClassRunner.runChild(BlockJUnit4ClassRunner.java:57)
	at org.junit.runners.ParentRunner$3.run(ParentRunner.java:290)
	at org.junit.runners.ParentRunner$1.schedule(ParentRunner.java:71)
	at org.junit.runners.ParentRunner.runChildren(ParentRunner.java:288)
	at org.junit.runners.ParentRunner.access$000(ParentRunner.java:58)
	at org.junit.runners.ParentRunner$2.evaluate(ParentRunner.java:268)
	at org.junit.runners.ParentRunner.run(ParentRunner.java:363)
	at org.apache.maven.surefire.junit4.JUnit4Provider.execute(JUnit4Provider.java:283)
	at org.apache.maven.surefire.junit4.JUnit4Provider.executeWithRerun(JUnit4Provider.java:173)
	at org.apache.maven.surefire.junit4.JUnit4Provider.executeTestSet(JUnit4Provider.java:153)
	at org.apache.maven.surefire.junit4.JUnit4Provider.invoke(JUnit4Provider.java:128)
	at org.apache.maven.surefire.booter.ForkedBooter.invokeProviderInSameClassLoader(ForkedBooter.java:203)
	at org.apache.maven.surefire.booter.ForkedBooter.runSuitesInProcess(ForkedBooter.java:155)
	at org.apache.maven.surefire.booter.ForkedBooter.main(ForkedBooter.java:103)
2022-07-13 22:27:16,319 WARN  DBZ Ignoring unparseable statements 'xxxDROP TABLE foo;' stored in database history: {} (io.debezium.relational.history.KafkaDatabaseHistory)
io.debezium.text.ParsingException: Failed to parse statement 'xxxDROP TABLE foo;'
	at io.debezium.relational.ddl.DdlParser.parse(DdlParser.java:292)
	at io.debezium.relational.ddl.DdlParser.parse(DdlParser.java:267)
	at io.debezium.relational.history.AbstractDatabaseHistory.lambda$recover$1(AbstractDatabaseHistory.java:75)
	at io.debezium.relational.history.KafkaDatabaseHistory.recoverRecords(KafkaDatabaseHistory.java:238)
	at io.debezium.relational.history.AbstractDatabaseHistory.recover(AbstractDatabaseHistory.java:63)
	at io.debezium.relational.history.KafkaDatabaseHistoryTest.testHistoryTopicContent(KafkaDatabaseHistoryTest.java:188)
	at io.debezium.relational.history.KafkaDatabaseHistoryTest.shouldIgnoreUnparseableMessages(KafkaDatabaseHistoryTest.java:232)
	at sun.reflect.NativeMethodAccessorImpl.invoke0(Native Method)
	at sun.reflect.NativeMethodAccessorImpl.invoke(NativeMethodAccessorImpl.java:62)
	at sun.reflect.DelegatingMethodAccessorImpl.invoke(DelegatingMethodAccessorImpl.java:43)
	at java.lang.reflect.Method.invoke(Method.java:498)
	at org.junit.runners.model.FrameworkMethod$1.runReflectiveCall(FrameworkMethod.java:50)
	at org.junit.internal.runners.model.ReflectiveCallable.run(ReflectiveCallable.java:12)
	at org.junit.runners.model.FrameworkMethod.invokeExplosively(FrameworkMethod.java:47)
	at org.junit.internal.runners.statements.InvokeMethod.evaluate(InvokeMethod.java:17)
	at org.junit.internal.runners.statements.RunBefores.evaluate(RunBefores.java:26)
	at org.junit.internal.runners.statements.RunAfters.evaluate(RunAfters.java:27)
	at org.junit.runners.ParentRunner.runLeaf(ParentRunner.java:325)
	at org.junit.runners.BlockJUnit4ClassRunner.runChild(BlockJUnit4ClassRunner.java:78)
	at org.junit.runners.BlockJUnit4ClassRunner.runChild(BlockJUnit4ClassRunner.java:57)
	at org.junit.runners.ParentRunner$3.run(ParentRunner.java:290)
	at org.junit.runners.ParentRunner$1.schedule(ParentRunner.java:71)
	at org.junit.runners.ParentRunner.runChildren(ParentRunner.java:288)
	at org.junit.runners.ParentRunner.access$000(ParentRunner.java:58)
	at org.junit.runners.ParentRunner$2.evaluate(ParentRunner.java:268)
	at org.junit.runners.ParentRunner.run(ParentRunner.java:363)
	at org.apache.maven.surefire.junit4.JUnit4Provider.execute(JUnit4Provider.java:283)
	at org.apache.maven.surefire.junit4.JUnit4Provider.executeWithRerun(JUnit4Provider.java:173)
	at org.apache.maven.surefire.junit4.JUnit4Provider.executeTestSet(JUnit4Provider.java:153)
	at org.apache.maven.surefire.junit4.JUnit4Provider.invoke(JUnit4Provider.java:128)
	at org.apache.maven.surefire.booter.ForkedBooter.invokeProviderInSameClassLoader(ForkedBooter.java:203)
	at org.apache.maven.surefire.booter.ForkedBooter.runSuitesInProcess(ForkedBooter.java:155)
	at org.apache.maven.surefire.booter.ForkedBooter.main(ForkedBooter.java:103)
Caused by: io.debezium.text.ParsingException: Expecting token type 128 at line 1, column 1 but found 'xxxDROP':  ===>> xxxDROP TABLE foo;
	at io.debezium.text.TokenStream.consume(TokenStream.java:737)
	at io.debezium.relational.ddl.DdlParser.consumeStatement(DdlParser.java:568)
	at io.debezium.relational.ddl.DdlParser.parseUnknownStatement(DdlParser.java:376)
	at io.debezium.relational.ddl.DdlParserSql2003.parseNextStatement(DdlParserSql2003.java:120)
	at io.debezium.relational.ddl.DdlParser.parse(DdlParser.java:286)
	... 32 more
2022-07-13 22:27:17,595 INFO  DBZ Stopped Kafka server 1 at localhost:35713 (io.debezium.kafka.KafkaServer)
2022-07-13 22:27:17,596 ERROR ZOO ZKShutdownHandler is not registered, so ZooKeeper server won't take any action on ERROR or SHUTDOWN server state changes
2022-07-13 22:27:17,602 ERROR ZOO ZKShutdownHandler is not registered, so ZooKeeper server won't take any action on ERROR or SHUTDOWN server state changes
2022-07-13 22:27:17,800 INFO  DBZ Started Kafka server 1 at localhost:36597 with storage in /data-depot/user/Workspace/Reproducibility/Reproducibility-Scanner/reproducer/workspace/Bears-163/debezium-core/target/data/history_cluster/kafka/broker1 (io.debezium.kafka.KafkaServer)
2022-07-13 22:27:17,803 INFO  DBZ KafkaDatabaseHistory Consumer config: {enable.auto.commit=false, value.deserializer=org.apache.kafka.common.serialization.StringDeserializer, group.id=my-db-history, auto.offset.reset=earliest, session.timeout.ms=50000, bootstrap.servers=localhost:36597, max.poll.interval.ms=100, client.id=my-db-history, key.deserializer=org.apache.kafka.common.serialization.StringDeserializer, fetch.min.bytes=1} (io.debezium.relational.history.KafkaDatabaseHistory)
2022-07-13 22:27:17,803 INFO  DBZ KafkaDatabaseHistory Producer config: {bootstrap.servers=localhost:36597, value.serializer=org.apache.kafka.common.serialization.StringSerializer, buffer.memory=1048576, retries=1, key.serializer=org.apache.kafka.common.serialization.StringSerializer, client.id=my-db-history, linger.ms=0, batch.size=32768, max.block.ms=10000, acks=1} (io.debezium.relational.history.KafkaDatabaseHistory)
2022-07-13 22:27:17,807 WARN  KAF Error registering AppInfo mbean
javax.management.InstanceAlreadyExistsException: kafka.admin.client:type=app-info,id=my-db-history
	at com.sun.jmx.mbeanserver.Repository.addMBean(Repository.java:437)
	at com.sun.jmx.interceptor.DefaultMBeanServerInterceptor.registerWithRepository(DefaultMBeanServerInterceptor.java:1898)
	at com.sun.jmx.interceptor.DefaultMBeanServerInterceptor.registerDynamicMBean(DefaultMBeanServerInterceptor.java:966)
	at com.sun.jmx.interceptor.DefaultMBeanServerInterceptor.registerObject(DefaultMBeanServerInterceptor.java:900)
	at com.sun.jmx.interceptor.DefaultMBeanServerInterceptor.registerMBean(DefaultMBeanServerInterceptor.java:324)
	at com.sun.jmx.mbeanserver.JmxMBeanServer.registerMBean(JmxMBeanServer.java:522)
	at org.apache.kafka.common.utils.AppInfoParser.registerAppInfo(AppInfoParser.java:62)
	at org.apache.kafka.clients.admin.KafkaAdminClient.<init>(KafkaAdminClient.java:378)
	at org.apache.kafka.clients.admin.KafkaAdminClient.createInternal(KafkaAdminClient.java:329)
	at org.apache.kafka.clients.admin.AdminClient.create(AdminClient.java:51)
	at io.debezium.relational.history.KafkaDatabaseHistory.initializeStorage(KafkaDatabaseHistory.java:335)
	at io.debezium.relational.history.KafkaDatabaseHistoryTest.testHistoryTopicContent(KafkaDatabaseHistoryTest.java:111)
	at io.debezium.relational.history.KafkaDatabaseHistoryTest.testExists(KafkaDatabaseHistoryTest.java:260)
	at sun.reflect.NativeMethodAccessorImpl.invoke0(Native Method)
	at sun.reflect.NativeMethodAccessorImpl.invoke(NativeMethodAccessorImpl.java:62)
	at sun.reflect.DelegatingMethodAccessorImpl.invoke(DelegatingMethodAccessorImpl.java:43)
	at java.lang.reflect.Method.invoke(Method.java:498)
	at org.junit.runners.model.FrameworkMethod$1.runReflectiveCall(FrameworkMethod.java:50)
	at org.junit.internal.runners.model.ReflectiveCallable.run(ReflectiveCallable.java:12)
	at org.junit.runners.model.FrameworkMethod.invokeExplosively(FrameworkMethod.java:47)
	at org.junit.internal.runners.statements.InvokeMethod.evaluate(InvokeMethod.java:17)
	at org.junit.internal.runners.statements.RunBefores.evaluate(RunBefores.java:26)
	at org.junit.internal.runners.statements.RunAfters.evaluate(RunAfters.java:27)
	at org.junit.runners.ParentRunner.runLeaf(ParentRunner.java:325)
	at org.junit.runners.BlockJUnit4ClassRunner.runChild(BlockJUnit4ClassRunner.java:78)
	at org.junit.runners.BlockJUnit4ClassRunner.runChild(BlockJUnit4ClassRunner.java:57)
	at org.junit.runners.ParentRunner$3.run(ParentRunner.java:290)
	at org.junit.runners.ParentRunner$1.schedule(ParentRunner.java:71)
	at org.junit.runners.ParentRunner.runChildren(ParentRunner.java:288)
	at org.junit.runners.ParentRunner.access$000(ParentRunner.java:58)
	at org.junit.runners.ParentRunner$2.evaluate(ParentRunner.java:268)
	at org.junit.runners.ParentRunner.run(ParentRunner.java:363)
	at org.apache.maven.surefire.junit4.JUnit4Provider.execute(JUnit4Provider.java:283)
	at org.apache.maven.surefire.junit4.JUnit4Provider.executeWithRerun(JUnit4Provider.java:173)
	at org.apache.maven.surefire.junit4.JUnit4Provider.executeTestSet(JUnit4Provider.java:153)
	at org.apache.maven.surefire.junit4.JUnit4Provider.invoke(JUnit4Provider.java:128)
	at org.apache.maven.surefire.booter.ForkedBooter.invokeProviderInSameClassLoader(ForkedBooter.java:203)
	at org.apache.maven.surefire.booter.ForkedBooter.runSuitesInProcess(ForkedBooter.java:155)
	at org.apache.maven.surefire.booter.ForkedBooter.main(ForkedBooter.java:103)
2022-07-13 22:27:17,807 WARN  KAF Error registering AppInfo mbean
javax.management.InstanceAlreadyExistsException: kafka.admin.client:type=app-info,id=my-db-history
	at com.sun.jmx.mbeanserver.Repository.addMBean(Repository.java:437)
	at com.sun.jmx.interceptor.DefaultMBeanServerInterceptor.registerWithRepository(DefaultMBeanServerInterceptor.java:1898)
	at com.sun.jmx.interceptor.DefaultMBeanServerInterceptor.registerDynamicMBean(DefaultMBeanServerInterceptor.java:966)
	at com.sun.jmx.interceptor.DefaultMBeanServerInterceptor.registerObject(DefaultMBeanServerInterceptor.java:900)
	at com.sun.jmx.interceptor.DefaultMBeanServerInterceptor.registerMBean(DefaultMBeanServerInterceptor.java:324)
	at com.sun.jmx.mbeanserver.JmxMBeanServer.registerMBean(JmxMBeanServer.java:522)
	at org.apache.kafka.common.utils.AppInfoParser.registerAppInfo(AppInfoParser.java:62)
	at org.apache.kafka.clients.admin.KafkaAdminClient.<init>(KafkaAdminClient.java:378)
	at org.apache.kafka.clients.admin.KafkaAdminClient.createInternal(KafkaAdminClient.java:329)
	at org.apache.kafka.clients.admin.AdminClient.create(AdminClient.java:51)
	at io.debezium.relational.history.KafkaDatabaseHistory.initializeStorage(KafkaDatabaseHistory.java:335)
	at io.debezium.relational.history.KafkaDatabaseHistoryTest.testHistoryTopicContent(KafkaDatabaseHistoryTest.java:111)
	at io.debezium.relational.history.KafkaDatabaseHistoryTest.testExists(KafkaDatabaseHistoryTest.java:260)
	at sun.reflect.NativeMethodAccessorImpl.invoke0(Native Method)
	at sun.reflect.NativeMethodAccessorImpl.invoke(NativeMethodAccessorImpl.java:62)
	at sun.reflect.DelegatingMethodAccessorImpl.invoke(DelegatingMethodAccessorImpl.java:43)
	at java.lang.reflect.Method.invoke(Method.java:498)
	at org.junit.runners.model.FrameworkMethod$1.runReflectiveCall(FrameworkMethod.java:50)
	at org.junit.internal.runners.model.ReflectiveCallable.run(ReflectiveCallable.java:12)
	at org.junit.runners.model.FrameworkMethod.invokeExplosively(FrameworkMethod.java:47)
	at org.junit.internal.runners.statements.InvokeMethod.evaluate(InvokeMethod.java:17)
	at org.junit.internal.runners.statements.RunBefores.evaluate(RunBefores.java:26)
	at org.junit.internal.runners.statements.RunAfters.evaluate(RunAfters.java:27)
	at org.junit.runners.ParentRunner.runLeaf(ParentRunner.java:325)
	at org.junit.runners.BlockJUnit4ClassRunner.runChild(BlockJUnit4ClassRunner.java:78)
	at org.junit.runners.BlockJUnit4ClassRunner.runChild(BlockJUnit4ClassRunner.java:57)
	at org.junit.runners.ParentRunner$3.run(ParentRunner.java:290)
	at org.junit.runners.ParentRunner$1.schedule(ParentRunner.java:71)
	at org.junit.runners.ParentRunner.runChildren(ParentRunner.java:288)
	at org.junit.runners.ParentRunner.access$000(ParentRunner.java:58)
	at org.junit.runners.ParentRunner$2.evaluate(ParentRunner.java:268)
	at org.junit.runners.ParentRunner.run(ParentRunner.java:363)
	at org.apache.maven.surefire.junit4.JUnit4Provider.execute(JUnit4Provider.java:283)
	at org.apache.maven.surefire.junit4.JUnit4Provider.executeWithRerun(JUnit4Provider.java:173)
	at org.apache.maven.surefire.junit4.JUnit4Provider.executeTestSet(JUnit4Provider.java:153)
	at org.apache.maven.surefire.junit4.JUnit4Provider.invoke(JUnit4Provider.java:128)
	at org.apache.maven.surefire.booter.ForkedBooter.invokeProviderInSameClassLoader(ForkedBooter.java:203)
	at org.apache.maven.surefire.booter.ForkedBooter.runSuitesInProcess(ForkedBooter.java:155)
	at org.apache.maven.surefire.booter.ForkedBooter.main(ForkedBooter.java:103)
2022-07-13 22:27:17,919 INFO  DBZ Database history topic '(name=schema-changes-topic, numPartitions=1, replicationFactor=1, replicasAssignments=null, configs={cleanup.policy=delete, retention.ms=9223372036854775807})' created (io.debezium.relational.history.KafkaDatabaseHistory)
2022-07-13 22:27:17,921 WARN  KAF Error registering AppInfo mbean
javax.management.InstanceAlreadyExistsException: kafka.admin.client:type=app-info,id=my-db-history
	at com.sun.jmx.mbeanserver.Repository.addMBean(Repository.java:437)
	at com.sun.jmx.interceptor.DefaultMBeanServerInterceptor.registerWithRepository(DefaultMBeanServerInterceptor.java:1898)
	at com.sun.jmx.interceptor.DefaultMBeanServerInterceptor.registerDynamicMBean(DefaultMBeanServerInterceptor.java:966)
	at com.sun.jmx.interceptor.DefaultMBeanServerInterceptor.registerObject(DefaultMBeanServerInterceptor.java:900)
	at com.sun.jmx.interceptor.DefaultMBeanServerInterceptor.registerMBean(DefaultMBeanServerInterceptor.java:324)
	at com.sun.jmx.mbeanserver.JmxMBeanServer.registerMBean(JmxMBeanServer.java:522)
	at org.apache.kafka.common.utils.AppInfoParser.registerAppInfo(AppInfoParser.java:62)
	at org.apache.kafka.clients.admin.KafkaAdminClient.<init>(KafkaAdminClient.java:378)
	at org.apache.kafka.clients.admin.KafkaAdminClient.createInternal(KafkaAdminClient.java:329)
	at org.apache.kafka.clients.admin.AdminClient.create(AdminClient.java:51)
	at io.debezium.relational.history.KafkaDatabaseHistory.initializeStorage(KafkaDatabaseHistory.java:335)
	at io.debezium.relational.history.KafkaDatabaseHistoryTest.testHistoryTopicContent(KafkaDatabaseHistoryTest.java:114)
	at io.debezium.relational.history.KafkaDatabaseHistoryTest.testExists(KafkaDatabaseHistoryTest.java:260)
	at sun.reflect.NativeMethodAccessorImpl.invoke0(Native Method)
	at sun.reflect.NativeMethodAccessorImpl.invoke(NativeMethodAccessorImpl.java:62)
	at sun.reflect.DelegatingMethodAccessorImpl.invoke(DelegatingMethodAccessorImpl.java:43)
	at java.lang.reflect.Method.invoke(Method.java:498)
	at org.junit.runners.model.FrameworkMethod$1.runReflectiveCall(FrameworkMethod.java:50)
	at org.junit.internal.runners.model.ReflectiveCallable.run(ReflectiveCallable.java:12)
	at org.junit.runners.model.FrameworkMethod.invokeExplosively(FrameworkMethod.java:47)
	at org.junit.internal.runners.statements.InvokeMethod.evaluate(InvokeMethod.java:17)
	at org.junit.internal.runners.statements.RunBefores.evaluate(RunBefores.java:26)
	at org.junit.internal.runners.statements.RunAfters.evaluate(RunAfters.java:27)
	at org.junit.runners.ParentRunner.runLeaf(ParentRunner.java:325)
	at org.junit.runners.BlockJUnit4ClassRunner.runChild(BlockJUnit4ClassRunner.java:78)
	at org.junit.runners.BlockJUnit4ClassRunner.runChild(BlockJUnit4ClassRunner.java:57)
	at org.junit.runners.ParentRunner$3.run(ParentRunner.java:290)
	at org.junit.runners.ParentRunner$1.schedule(ParentRunner.java:71)
	at org.junit.runners.ParentRunner.runChildren(ParentRunner.java:288)
	at org.junit.runners.ParentRunner.access$000(ParentRunner.java:58)
	at org.junit.runners.ParentRunner$2.evaluate(ParentRunner.java:268)
	at org.junit.runners.ParentRunner.run(ParentRunner.java:363)
	at org.apache.maven.surefire.junit4.JUnit4Provider.execute(JUnit4Provider.java:283)
	at org.apache.maven.surefire.junit4.JUnit4Provider.executeWithRerun(JUnit4Provider.java:173)
	at org.apache.maven.surefire.junit4.JUnit4Provider.executeTestSet(JUnit4Provider.java:153)
	at org.apache.maven.surefire.junit4.JUnit4Provider.invoke(JUnit4Provider.java:128)
	at org.apache.maven.surefire.booter.ForkedBooter.invokeProviderInSameClassLoader(ForkedBooter.java:203)
	at org.apache.maven.surefire.booter.ForkedBooter.runSuitesInProcess(ForkedBooter.java:155)
	at org.apache.maven.surefire.booter.ForkedBooter.main(ForkedBooter.java:103)
2022-07-13 22:27:17,921 WARN  KAF Error registering AppInfo mbean
javax.management.InstanceAlreadyExistsException: kafka.admin.client:type=app-info,id=my-db-history
	at com.sun.jmx.mbeanserver.Repository.addMBean(Repository.java:437)
	at com.sun.jmx.interceptor.DefaultMBeanServerInterceptor.registerWithRepository(DefaultMBeanServerInterceptor.java:1898)
	at com.sun.jmx.interceptor.DefaultMBeanServerInterceptor.registerDynamicMBean(DefaultMBeanServerInterceptor.java:966)
	at com.sun.jmx.interceptor.DefaultMBeanServerInterceptor.registerObject(DefaultMBeanServerInterceptor.java:900)
	at com.sun.jmx.interceptor.DefaultMBeanServerInterceptor.registerMBean(DefaultMBeanServerInterceptor.java:324)
	at com.sun.jmx.mbeanserver.JmxMBeanServer.registerMBean(JmxMBeanServer.java:522)
	at org.apache.kafka.common.utils.AppInfoParser.registerAppInfo(AppInfoParser.java:62)
	at org.apache.kafka.clients.admin.KafkaAdminClient.<init>(KafkaAdminClient.java:378)
	at org.apache.kafka.clients.admin.KafkaAdminClient.createInternal(KafkaAdminClient.java:329)
	at org.apache.kafka.clients.admin.AdminClient.create(AdminClient.java:51)
	at io.debezium.relational.history.KafkaDatabaseHistory.initializeStorage(KafkaDatabaseHistory.java:335)
	at io.debezium.relational.history.KafkaDatabaseHistoryTest.testHistoryTopicContent(KafkaDatabaseHistoryTest.java:114)
	at io.debezium.relational.history.KafkaDatabaseHistoryTest.testExists(KafkaDatabaseHistoryTest.java:260)
	at sun.reflect.NativeMethodAccessorImpl.invoke0(Native Method)
	at sun.reflect.NativeMethodAccessorImpl.invoke(NativeMethodAccessorImpl.java:62)
	at sun.reflect.DelegatingMethodAccessorImpl.invoke(DelegatingMethodAccessorImpl.java:43)
	at java.lang.reflect.Method.invoke(Method.java:498)
	at org.junit.runners.model.FrameworkMethod$1.runReflectiveCall(FrameworkMethod.java:50)
	at org.junit.internal.runners.model.ReflectiveCallable.run(ReflectiveCallable.java:12)
	at org.junit.runners.model.FrameworkMethod.invokeExplosively(FrameworkMethod.java:47)
	at org.junit.internal.runners.statements.InvokeMethod.evaluate(InvokeMethod.java:17)
	at org.junit.internal.runners.statements.RunBefores.evaluate(RunBefores.java:26)
	at org.junit.internal.runners.statements.RunAfters.evaluate(RunAfters.java:27)
	at org.junit.runners.ParentRunner.runLeaf(ParentRunner.java:325)
	at org.junit.runners.BlockJUnit4ClassRunner.runChild(BlockJUnit4ClassRunner.java:78)
	at org.junit.runners.BlockJUnit4ClassRunner.runChild(BlockJUnit4ClassRunner.java:57)
	at org.junit.runners.ParentRunner$3.run(ParentRunner.java:290)
	at org.junit.runners.ParentRunner$1.schedule(ParentRunner.java:71)
	at org.junit.runners.ParentRunner.runChildren(ParentRunner.java:288)
	at org.junit.runners.ParentRunner.access$000(ParentRunner.java:58)
	at org.junit.runners.ParentRunner$2.evaluate(ParentRunner.java:268)
	at org.junit.runners.ParentRunner.run(ParentRunner.java:363)
	at org.apache.maven.surefire.junit4.JUnit4Provider.execute(JUnit4Provider.java:283)
	at org.apache.maven.surefire.junit4.JUnit4Provider.executeWithRerun(JUnit4Provider.java:173)
	at org.apache.maven.surefire.junit4.JUnit4Provider.executeTestSet(JUnit4Provider.java:153)
	at org.apache.maven.surefire.junit4.JUnit4Provider.invoke(JUnit4Provider.java:128)
	at org.apache.maven.surefire.booter.ForkedBooter.invokeProviderInSameClassLoader(ForkedBooter.java:203)
	at org.apache.maven.surefire.booter.ForkedBooter.runSuitesInProcess(ForkedBooter.java:155)
	at org.apache.maven.surefire.booter.ForkedBooter.main(ForkedBooter.java:103)
2022-07-13 22:27:18,032 INFO  DBZ Database history topic '(name=schema-changes-topic, numPartitions=1, replicationFactor=1, replicasAssignments=null, configs={cleanup.policy=delete, retention.ms=9223372036854775807})' created (io.debezium.relational.history.KafkaDatabaseHistory)
2022-07-13 22:27:18,576 INFO  DBZ KafkaDatabaseHistory Consumer config: {enable.auto.commit=false, value.deserializer=org.apache.kafka.common.serialization.StringDeserializer, group.id=my-db-history, auto.offset.reset=earliest, session.timeout.ms=50000, bootstrap.servers=localhost:36597, max.poll.interval.ms=100, client.id=my-db-history, key.deserializer=org.apache.kafka.common.serialization.StringDeserializer, fetch.min.bytes=1} (io.debezium.relational.history.KafkaDatabaseHistory)
2022-07-13 22:27:18,576 INFO  DBZ KafkaDatabaseHistory Producer config: {bootstrap.servers=localhost:36597, value.serializer=org.apache.kafka.common.serialization.StringSerializer, buffer.memory=1048576, retries=1, key.serializer=org.apache.kafka.common.serialization.StringSerializer, client.id=my-db-history, linger.ms=0, batch.size=32768, max.block.ms=10000, acks=1} (io.debezium.relational.history.KafkaDatabaseHistory)
2022-07-13 22:27:18,670 INFO  DBZ KafkaDatabaseHistory Consumer config: {enable.auto.commit=false, value.deserializer=org.apache.kafka.common.serialization.StringDeserializer, group.id=my-db-history, auto.offset.reset=earliest, session.timeout.ms=50000, bootstrap.servers=localhost:36597, max.poll.interval.ms=100, client.id=my-db-history, key.deserializer=org.apache.kafka.common.serialization.StringDeserializer, fetch.min.bytes=1} (io.debezium.relational.history.KafkaDatabaseHistory)
2022-07-13 22:27:18,670 INFO  DBZ KafkaDatabaseHistory Producer config: {bootstrap.servers=localhost:36597, value.serializer=org.apache.kafka.common.serialization.StringSerializer, buffer.memory=1048576, retries=1, key.serializer=org.apache.kafka.common.serialization.StringSerializer, client.id=my-db-history, linger.ms=0, batch.size=32768, max.block.ms=10000, acks=1} (io.debezium.relational.history.KafkaDatabaseHistory)
2022-07-13 22:27:19,681 INFO  DBZ Stopped Kafka server 1 at localhost:36597 (io.debezium.kafka.KafkaServer)
2022-07-13 22:27:19,682 ERROR ZOO ZKShutdownHandler is not registered, so ZooKeeper server won't take any action on ERROR or SHUTDOWN server state changes
Tests run: 4, Failures: 0, Errors: 0, Skipped: 0, Time elapsed: 8.55 sec - in io.debezium.relational.history.KafkaDatabaseHistoryTest
Running io.debezium.relational.history.HistoryRecordTest
{
  "source" : {
    "server" : "abc"
  },
  "position" : {
    "file" : "x.log",
    "positionInt" : 100,
    "positionLong" : 9223372036854775807,
    "entry" : 1
  },
  "databaseName" : "db",
  "ddl" : "CREATE TABLE foo ( first VARCHAR(22) NOT NULL );"
}
Tests run: 1, Failures: 0, Errors: 0, Skipped: 0, Time elapsed: 0.003 sec - in io.debezium.relational.history.HistoryRecordTest
Running io.debezium.relational.history.MemoryDatabaseHistoryTest
Tests run: 1, Failures: 0, Errors: 0, Skipped: 0, Time elapsed: 0.013 sec - in io.debezium.relational.history.MemoryDatabaseHistoryTest
Running io.debezium.document.PathsTest
Tests run: 7, Failures: 0, Errors: 0, Skipped: 0, Time elapsed: 0.005 sec - in io.debezium.document.PathsTest
Running io.debezium.document.DocumentTest
Tests run: 1, Failures: 0, Errors: 0, Skipped: 0, Time elapsed: 0.001 sec - in io.debezium.document.DocumentTest
Running io.debezium.document.JacksonArrayReadingAndWritingTest
Tests run: 4, Failures: 0, Errors: 0, Skipped: 0, Time elapsed: 0.003 sec - in io.debezium.document.JacksonArrayReadingAndWritingTest
Running io.debezium.document.ArraySerdesTest
Tests run: 2, Failures: 0, Errors: 0, Skipped: 0, Time elapsed: 0.003 sec - in io.debezium.document.ArraySerdesTest
Running io.debezium.document.JacksonWriterTest
Tests run: 4, Failures: 0, Errors: 0, Skipped: 0, Time elapsed: 0 sec - in io.debezium.document.JacksonWriterTest
Running io.debezium.document.DocumentSerdesTest
Tests run: 5, Failures: 0, Errors: 0, Skipped: 0, Time elapsed: 0.006 sec - in io.debezium.document.DocumentSerdesTest
Running io.debezium.data.EnvelopeTest
Tests run: 1, Failures: 0, Errors: 0, Skipped: 0, Time elapsed: 0.001 sec - in io.debezium.data.EnvelopeTest
Running io.debezium.transforms.UnwrapFromEnvelopeTest
2022-07-13 22:27:19,733 WARN  DBZ Expected Envelope for transformation, passing it unchanged (io.debezium.transforms.UnwrapFromEnvelope)
2022-07-13 22:27:19,733 WARN  DBZ Expected Envelope for transformation, passing it unchanged (io.debezium.transforms.UnwrapFromEnvelope)
Tests run: 8, Failures: 0, Errors: 0, Skipped: 0, Time elapsed: 0.008 sec - in io.debezium.transforms.UnwrapFromEnvelopeTest
Running io.debezium.transforms.ByLogicalTableRouterTest
2022-07-13 22:27:19,740 ERROR DBZ The 'topic.replacement' value '' is invalid: A value is required (io.debezium.transforms.ByLogicalTableRouter)
2022-07-13 22:27:19,741 ERROR DBZ The 'topic.replacement' value is invalid: A value is required (io.debezium.transforms.ByLogicalTableRouter)
2022-07-13 22:27:19,742 ERROR DBZ The 'key.field.replacement' value is invalid: key.field.replacement must be non-empty if key.field.regex is set. (io.debezium.transforms.ByLogicalTableRouter)
2022-07-13 22:27:19,742 ERROR DBZ The 'key.field.replacement' value is invalid: key.field.replacement must be non-empty if key.field.regex is set. (io.debezium.transforms.ByLogicalTableRouter)
Tests run: 5, Failures: 0, Errors: 0, Skipped: 0, Time elapsed: 0.007 sec - in io.debezium.transforms.ByLogicalTableRouterTest

Results :

Tests run: 291, Failures: 0, Errors: 0, Skipped: 0

[INFO] 
[INFO] -------------------< io.debezium:debezium-embedded >--------------------
[INFO] Building Debezium Embedded 0.8.0-SNAPSHOT                          [5/8]
[INFO] --------------------------------[ jar ]---------------------------------
[INFO] 
[INFO] --- maven-enforcer-plugin:3.0.0-M1:enforce (enforce-java-version) @ debezium-embedded ---
[INFO] Skipping Rule Enforcement.
[INFO] 
[INFO] --- maven-enforcer-plugin:3.0.0-M1:enforce (enforce-maven-version) @ debezium-embedded ---
[INFO] Skipping Rule Enforcement.
[INFO] 
[INFO] --- maven-enforcer-plugin:3.0.0-M1:enforce (enforce-maven) @ debezium-embedded ---
[INFO] Skipping Rule Enforcement.
[INFO] 
[INFO] --- buildnumber-maven-plugin:1.3:create (get-scm-revision) @ debezium-embedded ---
[INFO] 
[INFO] --- maven-resources-plugin:2.7:resources (default-resources) @ debezium-embedded ---
[INFO] Using 'UTF-8' encoding to copy filtered resources.
[INFO] skip non existing resourceDirectory /data-depot/user/Workspace/Reproducibility/Reproducibility-Scanner/reproducer/workspace/Bears-163/debezium-embedded/src/main/resources
[INFO] 
[INFO] --- maven-compiler-plugin:3.1:compile (default-compile) @ debezium-embedded ---
[INFO] Changes detected - recompiling the module!
[INFO] Compiling 5 source files to /data-depot/user/Workspace/Reproducibility/Reproducibility-Scanner/reproducer/workspace/Bears-163/debezium-embedded/target/classes
[INFO] 
[INFO] --- maven-resources-plugin:2.7:testResources (default-testResources) @ debezium-embedded ---
[INFO] Using 'UTF-8' encoding to copy filtered resources.
[INFO] Copying 13 resources
[INFO] 
[INFO] --- maven-compiler-plugin:3.1:testCompile (default-testCompile) @ debezium-embedded ---
[INFO] Nothing to compile - all classes are up to date
[INFO] 
[INFO] --- maven-surefire-plugin:2.18.1:test (default-test) @ debezium-embedded ---
[INFO] Surefire report directory: /data-depot/user/Workspace/Reproducibility/Reproducibility-Scanner/reproducer/workspace/Bears-163/debezium-embedded/target/surefire-reports

-------------------------------------------------------
 T E S T S
-------------------------------------------------------
Running io.debezium.embedded.OffsetCommitPolicyTest
Tests run: 4, Failures: 0, Errors: 0, Skipped: 0, Time elapsed: 0.085 sec - in io.debezium.embedded.OffsetCommitPolicyTest
Running io.debezium.embedded.EmbeddedEngineTest
2022-07-13 22:27:22,432 INFO   EmbeddedEngineTest||test  Stopping the connector   [io.debezium.embedded.EmbeddedEngineTest]
2022-07-13 22:27:22,436 INFO   EmbeddedEngineTest||engine  Connector 'org.apache.kafka.connect.file.FileStreamSourceConnector' completed normally.   [io.debezium.embedded.EmbeddedEngineTest]
2022-07-13 22:27:22,466 INFO   EmbeddedEngineTest||test  Stopping the connector   [io.debezium.embedded.EmbeddedEngineTest]
2022-07-13 22:27:22,468 WARN   EmbeddedEngineTest||engine  Flush of EmbeddedConnector{id=testing-connector} offsets interrupted, cancelling   [io.debezium.embedded.EmbeddedEngine]
2022-07-13 22:27:22,468 INFO   EmbeddedEngineTest||engine  Connector 'org.apache.kafka.connect.file.FileStreamSourceConnector' completed normally.   [io.debezium.embedded.EmbeddedEngineTest]
Tests run: 1, Failures: 0, Errors: 0, Skipped: 0, Time elapsed: 1.383 sec - in io.debezium.embedded.EmbeddedEngineTest
Running io.debezium.connector.simple.SimpleSourceConnectorOutputTest
Tests run: 5, Failures: 0, Errors: 0, Skipped: 0, Time elapsed: 1.636 sec - in io.debezium.connector.simple.SimpleSourceConnectorOutputTest

Results :

Tests run: 10, Failures: 0, Errors: 0, Skipped: 0

[INFO] 
[INFO] ----------------< io.debezium:debezium-connector-mysql >----------------
[INFO] Building Debezium Connector for MySQL 0.8.0-SNAPSHOT               [6/8]
[INFO] --------------------------------[ jar ]---------------------------------
[INFO] 
[INFO] --- maven-enforcer-plugin:3.0.0-M1:enforce (enforce-java-version) @ debezium-connector-mysql ---
[INFO] Skipping Rule Enforcement.
[INFO] 
[INFO] --- maven-enforcer-plugin:3.0.0-M1:enforce (enforce-maven-version) @ debezium-connector-mysql ---
[INFO] Skipping Rule Enforcement.
[INFO] 
[INFO] --- maven-enforcer-plugin:3.0.0-M1:enforce (enforce-maven) @ debezium-connector-mysql ---
[INFO] Skipping Rule Enforcement.
[INFO] 
[INFO] --- buildnumber-maven-plugin:1.3:create (get-scm-revision) @ debezium-connector-mysql ---
[INFO] 
[INFO] --- maven-resources-plugin:2.7:resources (default-resources) @ debezium-connector-mysql ---
[INFO] Using 'UTF-8' encoding to copy filtered resources.
[INFO] Copying 1 resource
[INFO] 
[INFO] --- maven-compiler-plugin:3.1:compile (default-compile) @ debezium-connector-mysql ---
[INFO] Nothing to compile - all classes are up to date
[INFO] 
[INFO] --- maven-resources-plugin:2.7:testResources (default-testResources) @ debezium-connector-mysql ---
[INFO] Using 'UTF-8' encoding to copy filtered resources.
[INFO] Copying 38 resources
[INFO] 
[INFO] --- maven-compiler-plugin:3.1:testCompile (default-testCompile) @ debezium-connector-mysql ---
[INFO] Nothing to compile - all classes are up to date
[INFO] 
[INFO] --- maven-surefire-plugin:2.18.1:test (default-test) @ debezium-connector-mysql ---
[INFO] Surefire report directory: /data-depot/user/Workspace/Reproducibility/Reproducibility-Scanner/reproducer/workspace/Bears-163/debezium-connector-mysql/target/surefire-reports

-------------------------------------------------------
 T E S T S
-------------------------------------------------------
Running io.debezium.connector.mysql.MySqlGeometryTest
Tests run: 5, Failures: 0, Errors: 0, Skipped: 0, Time elapsed: 0.019 sec - in io.debezium.connector.mysql.MySqlGeometryTest
Running io.debezium.connector.mysql.MySqlDdlParserTest
Tests run: 86, Failures: 0, Errors: 1, Skipped: 0, Time elapsed: 0.649 sec <<< FAILURE! - in io.debezium.connector.mysql.MySqlDdlParserTest
shouldParseAlterTableStatementAddConstraintUniqueKey(io.debezium.connector.mysql.MySqlDdlParserTest)  Time elapsed: 0.012 sec  <<< ERROR!
io.debezium.text.ParsingException: Failed to parse statement 'ALTER TABLE t ADD CONSTRAINT UNIQUE KEY col_key ('col1');'
	at io.debezium.text.TokenStream.consume(TokenStream.java:737)
	at io.debezium.relational.ddl.DdlParser.consumeStatement(DdlParser.java:568)
	at io.debezium.relational.ddl.DdlParser.parseUnknownStatement(DdlParser.java:376)
	at io.debezium.connector.mysql.MySqlDdlParser.parseNextStatement(MySqlDdlParser.java:176)
	at io.debezium.relational.ddl.DdlParser.parse(DdlParser.java:286)
	at io.debezium.relational.ddl.DdlParser.parse(DdlParser.java:267)
	at io.debezium.connector.mysql.MySqlDdlParserTest.shouldParseAlterTableStatementAddConstraintUniqueKey(MySqlDdlParserTest.java:475)

Running io.debezium.connector.mysql.MySqlTaskContextTest
Tests run: 9, Failures: 0, Errors: 0, Skipped: 0, Time elapsed: 0.161 sec - in io.debezium.connector.mysql.MySqlTaskContextTest
Running io.debezium.connector.mysql.TableConvertersTest
Tests run: 1, Failures: 0, Errors: 0, Skipped: 1, Time elapsed: 0.001 sec - in io.debezium.connector.mysql.TableConvertersTest
Running io.debezium.connector.mysql.MySqlUnsignedIntegerConverterTest
Tests run: 5, Failures: 0, Errors: 0, Skipped: 0, Time elapsed: 0.004 sec - in io.debezium.connector.mysql.MySqlUnsignedIntegerConverterTest
Running io.debezium.connector.mysql.MySqlConnectorTest
Tests run: 1, Failures: 0, Errors: 0, Skipped: 0, Time elapsed: 0.023 sec - in io.debezium.connector.mysql.MySqlConnectorTest
Running io.debezium.connector.mysql.SourceInfoTest
Tests run: 35, Failures: 0, Errors: 0, Skipped: 0, Time elapsed: 0.235 sec - in io.debezium.connector.mysql.SourceInfoTest
Running io.debezium.connector.mysql.GtidSetTest
Tests run: 9, Failures: 0, Errors: 0, Skipped: 0, Time elapsed: 0.004 sec - in io.debezium.connector.mysql.GtidSetTest
Running io.debezium.connector.mysql.ChainedReaderTest
Tests run: 5, Failures: 0, Errors: 0, Skipped: 0, Time elapsed: 0.106 sec - in io.debezium.connector.mysql.ChainedReaderTest
Running io.debezium.connector.mysql.MySqlValueConvertersTest
Tests run: 4, Failures: 0, Errors: 0, Skipped: 0, Time elapsed: 0.005 sec - in io.debezium.connector.mysql.MySqlValueConvertersTest
Running io.debezium.connector.mysql.FiltersTest
Tests run: 22, Failures: 0, Errors: 0, Skipped: 0, Time elapsed: 0.02 sec - in io.debezium.connector.mysql.FiltersTest
Running io.debezium.connector.mysql.MySqlSchemaTest
2022-07-13 22:27:26,070 WARN   ||  Ignoring unparseable DDL statement 'xxxCREATE TABLE mytable
# Create the database that we'll use to populate data and watch the effect in the binlog
CREATE DATABASE connector_test;

# Create and populate our products using a single insert with many rows
CREATE TABLE connector_test.products (
  id INTEGER NOT NULL AUTO_INCREMENT PRIMARY KEY,
  name VARCHAR(255) NOT NULL,
  description VARCHAR(512),
  weight FLOAT
);
ALTER TABLE connector_test.products AUTO_INCREMENT = 101;

# Create and populate the products on hand using multiple inserts
CREATE TABLE connector_test.products_on_hand (
  product_id INTEGER NOT NULL PRIMARY KEY,
  quantity INTEGER NOT NULL,
  FOREIGN KEY (product_id) REFERENCES products(id)
);

# Create some customers ...
CREATE TABLE connector_test.customers (
  id INTEGER NOT NULL AUTO_INCREMENT PRIMARY KEY,
  first_name VARCHAR(255) NOT NULL,
  last_name VARCHAR(255) NOT NULL,
  email VARCHAR(255) NOT NULL UNIQUE KEY
) AUTO_INCREMENT=1001;

# Create some veyr simple orders
CREATE TABLE connector_test.orders (
  order_number INTEGER NOT NULL AUTO_INCREMENT PRIMARY KEY,
  order_date DATE NOT NULL,
  purchaser INTEGER NOT NULL,
  quantity INTEGER NOT NULL,
  product_id INTEGER NOT NULL,
  FOREIGN KEY order_customer (purchaser) REFERENCES customers(id),
  FOREIGN KEY ordered_product (product_id) REFERENCES products(id)
) AUTO_INCREMENT = 10001;': {}   [io.debezium.connector.mysql.MySqlSchema]
2022-07-13 22:27:26,078 WARN   ||  Ignoring unparseable statements 'xxxCREATE TABLE mytable
# Create the database that we'll use to populate data and watch the effect in the binlog
CREATE DATABASE connector_test;

# Create and populate our products using a single insert with many rows
CREATE TABLE connector_test.products (
  id INTEGER NOT NULL AUTO_INCREMENT PRIMARY KEY,
  name VARCHAR(255) NOT NULL,
  description VARCHAR(512),
  weight FLOAT
);
ALTER TABLE connector_test.products AUTO_INCREMENT = 101;

# Create and populate the products on hand using multiple inserts
CREATE TABLE connector_test.products_on_hand (
  product_id INTEGER NOT NULL PRIMARY KEY,
  quantity INTEGER NOT NULL,
  FOREIGN KEY (product_id) REFERENCES products(id)
);

# Create some customers ...
CREATE TABLE connector_test.customers (
  id INTEGER NOT NULL AUTO_INCREMENT PRIMARY KEY,
  first_name VARCHAR(255) NOT NULL,
  last_name VARCHAR(255) NOT NULL,
  email VARCHAR(255) NOT NULL UNIQUE KEY
) AUTO_INCREMENT=1001;

# Create some veyr simple orders
CREATE TABLE connector_test.orders (
  order_number INTEGER NOT NULL AUTO_INCREMENT PRIMARY KEY,
  order_date DATE NOT NULL,
  purchaser INTEGER NOT NULL,
  quantity INTEGER NOT NULL,
  product_id INTEGER NOT NULL,
  FOREIGN KEY order_customer (purchaser) REFERENCES customers(id),
  FOREIGN KEY ordered_product (product_id) REFERENCES products(id)
) AUTO_INCREMENT = 10001;' stored in database history: {}   [io.debezium.relational.history.FileDatabaseHistory]
io.debezium.text.ParsingException: Failed to parse statement 'xxxCREATE TABLE mytable
# Create the database that we'll use to populate data and watch the effect in the binlog
CREATE DATABASE connector_test;

# Create and populate our products using a single insert with many rows
CREATE TABLE connector_test.products (
  id INTEGER NOT NULL AUTO_INCREMENT PRIMARY KEY,
  name VARCHAR(255) NOT NULL,
  description VARCHAR(512),
  weight FLOAT
);
ALTER TABLE connector_test.products AUTO_INCREMENT = 101;

# Create and populate the products on hand using multiple inserts
CREATE TABLE connector_test.products_on_hand (
  product_id INTEGER NOT NULL PRIMARY KEY,
  quantity INTEGER NOT NULL,
  FOREIGN KEY (product_id) REFERENCES products(id)
);

# Create some customers ...
CREATE TABLE connector_test.customers (
  id INTEGER NOT NULL AUTO_INCREMENT PRIMARY KEY,
  first_name VARCHAR(255) NOT NULL,
  last_name VARCHAR(255) NOT NULL,
  email VARCHAR(255) NOT NULL UNIQUE KEY
) AUTO_INCREMENT=1001;

# Create some veyr simple orders
CREATE TABLE connector_test.orders (
  order_number INTEGER NOT NULL AUTO_INCREMENT PRIMARY KEY,
  order_date DATE NOT NULL,
  purchaser INTEGER NOT NULL,
  quantity INTEGER NOT NULL,
  product_id INTEGER NOT NULL,
  FOREIGN KEY order_customer (purchaser) REFERENCES customers(id),
  FOREIGN KEY ordered_product (product_id) REFERENCES products(id)
) AUTO_INCREMENT = 10001;'
	at io.debezium.relational.ddl.DdlParser.parse(DdlParser.java:292)
	at io.debezium.relational.ddl.DdlParser.parse(DdlParser.java:267)
	at io.debezium.relational.history.AbstractDatabaseHistory.lambda$recover$1(AbstractDatabaseHistory.java:75)
	at io.debezium.relational.history.FileDatabaseHistory.lambda$recoverRecords$2(FileDatabaseHistory.java:131)
	at io.debezium.util.FunctionalReadWriteLock.write(FunctionalReadWriteLock.java:96)
	at io.debezium.relational.history.FileDatabaseHistory.recoverRecords(FileDatabaseHistory.java:126)
	at io.debezium.relational.history.AbstractDatabaseHistory.recover(AbstractDatabaseHistory.java:63)
	at io.debezium.connector.mysql.MySqlSchema.loadHistory(MySqlSchema.java:268)
	at io.debezium.connector.mysql.MySqlSchemaTest.assertHistoryRecorded(MySqlSchemaTest.java:196)
	at io.debezium.connector.mysql.MySqlSchemaTest.shouldIgnoreUnparseableDdlAndRecover(MySqlSchemaTest.java:101)
	at sun.reflect.NativeMethodAccessorImpl.invoke0(Native Method)
	at sun.reflect.NativeMethodAccessorImpl.invoke(NativeMethodAccessorImpl.java:62)
	at sun.reflect.DelegatingMethodAccessorImpl.invoke(DelegatingMethodAccessorImpl.java:43)
	at java.lang.reflect.Method.invoke(Method.java:498)
	at org.junit.runners.model.FrameworkMethod$1.runReflectiveCall(FrameworkMethod.java:50)
	at org.junit.internal.runners.model.ReflectiveCallable.run(ReflectiveCallable.java:12)
	at org.junit.runners.model.FrameworkMethod.invokeExplosively(FrameworkMethod.java:47)
	at org.junit.internal.runners.statements.InvokeMethod.evaluate(InvokeMethod.java:17)
	at org.junit.internal.runners.statements.RunBefores.evaluate(RunBefores.java:26)
	at org.junit.internal.runners.statements.RunAfters.evaluate(RunAfters.java:27)
	at org.junit.runners.ParentRunner.runLeaf(ParentRunner.java:325)
	at org.junit.runners.BlockJUnit4ClassRunner.runChild(BlockJUnit4ClassRunner.java:78)
	at org.junit.runners.BlockJUnit4ClassRunner.runChild(BlockJUnit4ClassRunner.java:57)
	at org.junit.runners.ParentRunner$3.run(ParentRunner.java:290)
	at org.junit.runners.ParentRunner$1.schedule(ParentRunner.java:71)
	at org.junit.runners.ParentRunner.runChildren(ParentRunner.java:288)
	at org.junit.runners.ParentRunner.access$000(ParentRunner.java:58)
	at org.junit.runners.ParentRunner$2.evaluate(ParentRunner.java:268)
	at org.junit.runners.ParentRunner.run(ParentRunner.java:363)
	at org.apache.maven.surefire.junit4.JUnit4Provider.execute(JUnit4Provider.java:283)
	at org.apache.maven.surefire.junit4.JUnit4Provider.executeWithRerun(JUnit4Provider.java:173)
	at org.apache.maven.surefire.junit4.JUnit4Provider.executeTestSet(JUnit4Provider.java:153)
	at org.apache.maven.surefire.junit4.JUnit4Provider.invoke(JUnit4Provider.java:128)
	at org.apache.maven.surefire.booter.ForkedBooter.invokeProviderInSameClassLoader(ForkedBooter.java:203)
	at org.apache.maven.surefire.booter.ForkedBooter.runSuitesInProcess(ForkedBooter.java:155)
	at org.apache.maven.surefire.booter.ForkedBooter.main(ForkedBooter.java:103)
Caused by: io.debezium.text.ParsingException: Expecting token type 128 at line 1, column 1 but found 'xxxCREATE':  ===>> xxxCREATE TABLE myta
	at io.debezium.text.TokenStream.consume(TokenStream.java:737)
	at io.debezium.relational.ddl.DdlParser.consumeStatement(DdlParser.java:568)
	at io.debezium.relational.ddl.DdlParser.parseUnknownStatement(DdlParser.java:376)
	at io.debezium.connector.mysql.MySqlDdlParser.parseNextStatement(MySqlDdlParser.java:176)
	at io.debezium.relational.ddl.DdlParser.parse(DdlParser.java:286)
	... 35 more
Tests run: 5, Failures: 0, Errors: 0, Skipped: 0, Time elapsed: 0.574 sec - in io.debezium.connector.mysql.MySqlSchemaTest

Results :

Tests in error: 
  MySqlDdlParserTest.shouldParseAlterTableStatementAddConstraintUniqueKey:475 » Parsing

Tests run: 187, Failures: 0, Errors: 1, Skipped: 1

[INFO] ------------------------------------------------------------------------
[INFO] Reactor Summary:
[INFO] 
[INFO] Debezium Checkstyle Rules .......................... SUCCESS [  0.869 s]
[INFO] Debezium Parent POM 0.8.0-SNAPSHOT ................. SUCCESS [  0.241 s]
[INFO] Debezium Assembly Descriptors ...................... SUCCESS [  0.139 s]
[INFO] Debezium Core ...................................... SUCCESS [ 13.785 s]
[INFO] Debezium Embedded .................................. SUCCESS [  4.263 s]
[INFO] Debezium Connector for MySQL ....................... FAILURE [  2.537 s]
[INFO] Debezium Connector for PostgreSQL .................. SKIPPED
[INFO] Debezium Connector for MongoDB 0.8.0-SNAPSHOT ...... SKIPPED
[INFO] ------------------------------------------------------------------------
[INFO] BUILD FAILURE
[INFO] ------------------------------------------------------------------------
[INFO] Total time: 22.487 s
[INFO] Finished at: 2022-07-13T22:27:26-07:00
[INFO] ------------------------------------------------------------------------
[ERROR] Failed to execute goal org.apache.maven.plugins:maven-surefire-plugin:2.18.1:test (default-test) on project debezium-connector-mysql: There are test failures.
[ERROR] 
[ERROR] Please refer to /data-depot/user/Workspace/Reproducibility/Reproducibility-Scanner/reproducer/workspace/Bears-163/debezium-connector-mysql/target/surefire-reports for the individual test results.
[ERROR] -> [Help 1]
[ERROR] 
[ERROR] To see the full stack trace of the errors, re-run Maven with the -e switch.
[ERROR] Re-run Maven using the -X switch to enable full debug logging.
[ERROR] 
[ERROR] For more information about the errors and possible solutions, please read the following articles:
[ERROR] [Help 1] http://cwiki.apache.org/confluence/display/MAVEN/MojoFailureException
[ERROR] 
[ERROR] After correcting the problems, you can resume the build with the command
[ERROR]   mvn <goals> -rf :debezium-connector-mysql
Running the tests related to the bug Bears-163...
The tests related to the bug Bears-163 were executed.