Apache Maven 3.5.4 (1edded0938998edf8bf061f1ceb3cfdeccf443fe; 2018-06-17T11:33:14-07:00)
Maven home: /usr/local/apache-maven
Java version: 1.8.0_312, vendor: Private Build, runtime: /usr/lib/jvm/java-8-openjdk-amd64/jre
Default locale: en_US, platform encoding: UTF-8
OS name: "linux", version: "4.15.0-173-generic", arch: "amd64", family: "unix"
[INFO] Scanning for projects...
[INFO] 
[INFO] ----------------< org.broadinstitute:consent-ontology >-----------------
[INFO] Building Consent Management: Ontology Services 0.1.0-SNAPSHOT
[INFO] --------------------------------[ jar ]---------------------------------
[INFO] 
[INFO] --- maven-resources-plugin:2.6:resources (default-resources) @ consent-ontology ---
[INFO] Using 'UTF-8' encoding to copy filtered resources.
[INFO] Copying 58 resources
[INFO] 
[INFO] --- download-maven-plugin:1.2.1:wget (swagger-ui) @ consent-ontology ---
[INFO] Got from cache: /home/user/.m2/repository/.cache/maven-download-plugin/v2.2.8.tar.gz
[INFO] Expanding: /data-depot/user/Workspace/Reproducibility/Reproducibility-Scanner/reproducer/workspace/Bears-207/target/v2.2.8.tar.gz into /data-depot/user/Workspace/Reproducibility/Reproducibility-Scanner/reproducer/workspace/Bears-207/target
[INFO] 
[INFO] --- maven-compiler-plugin:2.3.2:compile (default-compile) @ consent-ontology ---
[INFO] Nothing to compile - all classes are up to date
[INFO] 
[INFO] --- maven-dependency-plugin:2.1:copy-dependencies (copy-dependencies) @ consent-ontology ---
[INFO] logback-access-1.1.7.jar already exists in destination.
[INFO] logback-classic-1.2.3.jar already exists in destination.
[INFO] logback-core-1.2.3.jar already exists in destination.
[INFO] classmate-1.1.0.jar already exists in destination.
[INFO] jackson-annotations-2.7.0.jar already exists in destination.
[INFO] jackson-core-2.7.9.jar already exists in destination.
[INFO] jackson-databind-2.7.9.1.jar already exists in destination.
[INFO] jackson-dataformat-yaml-2.7.6.jar already exists in destination.
[INFO] jackson-datatype-guava-2.7.6.jar already exists in destination.
[INFO] jackson-datatype-jdk8-2.7.6.jar already exists in destination.
[INFO] jackson-datatype-joda-2.7.6.jar already exists in destination.
[INFO] jackson-datatype-jsr310-2.7.6.jar already exists in destination.
[INFO] jackson-jaxrs-base-2.7.6.jar already exists in destination.
[INFO] jackson-jaxrs-json-provider-2.7.6.jar already exists in destination.
[INFO] jackson-module-afterburner-2.7.6.jar already exists in destination.
[INFO] jackson-module-jaxb-annotations-2.7.6.jar already exists in destination.
[INFO] aterm-java-1.8.2-p1.jar already exists in destination.
[INFO] shared-objects-1.4.9-p1.jar already exists in destination.
[INFO] jjtraveler-0.6.jar already exists in destination.
[INFO] pellet-common-2.3.6-ansell.jar already exists in destination.
[INFO] pellet-core-2.3.6-ansell.jar already exists in destination.
[INFO] pellet-jena-2.3.6-ansell.jar already exists in destination.
[INFO] pellet-owlapiv3-2.3.6-ansell.jar already exists in destination.
[INFO] pellet-query-2.3.6-ansell.jar already exists in destination.
[INFO] caffeine-2.1.0.jar already exists in destination.
[INFO] btf-1.2.jar already exists in destination.
[INFO] jackson-coreutils-1.8.jar already exists in destination.
[INFO] json-schema-core-1.2.5.jar already exists in destination.
[INFO] json-schema-validator-2.2.6.jar already exists in destination.
[INFO] msg-simple-1.1.jar already exists in destination.
[INFO] uri-template-0.9.jar already exists in destination.
[INFO] jsonld-java-0.8.0.jar already exists in destination.
[INFO] google-api-client-1.20.0.jar already exists in destination.
[INFO] google-api-services-storage-v1-rev35-1.20.0.jar already exists in destination.
[INFO] jsr305-2.0.1.jar already exists in destination.
[INFO] gson-2.3.1.jar already exists in destination.
[INFO] guava-18.0.jar already exists in destination.
[INFO] google-http-client-1.20.0.jar already exists in destination.
[INFO] google-http-client-jackson2-1.20.0.jar already exists in destination.
[INFO] guice-4.0.jar already exists in destination.
[INFO] guice-assistedinject-4.0.jar already exists in destination.
[INFO] guice-multibindings-4.0.jar already exists in destination.
[INFO] guice-servlet-4.0.jar already exists in destination.
[INFO] google-oauth-client-1.20.0.jar already exists in destination.
[INFO] libphonenumber-6.2.jar already exists in destination.
[INFO] arq-2.8.7.jar already exists in destination.
[INFO] iri-0.8.jar already exists in destination.
[INFO] jena-2.6.4.jar already exists in destination.
[INFO] dropwizard-guice-0.8.3.0.jar already exists in destination.
[INFO] icu4j-3.4.4.jar already exists in destination.
[INFO] jzlib-1.1.3.jar already exists in destination.
[INFO] jersey2-guice-0.10.jar already exists in destination.
[INFO] config-1.3.0.jar already exists in destination.
[INFO] akka-actor_2.11-2.4.20.jar already exists in destination.
[INFO] akka-slf4j_2.11-2.4.20.jar already exists in destination.
[INFO] akka-testkit_2.11-2.4.20.jar already exists in destination.
[INFO] commons-beanutils-1.9.2.jar already exists in destination.
[INFO] commons-codec-1.10.jar already exists in destination.
[INFO] commons-collections-3.2.2.jar already exists in destination.
[INFO] commons-digester-1.8.1.jar already exists in destination.
[INFO] commons-io-2.4.jar already exists in destination.
[INFO] commons-logging-1.1.3.jar already exists in destination.
[INFO] commons-validator-1.5.1.jar already exists in destination.
[INFO] dropwizard-assets-1.0.0.jar already exists in destination.
[INFO] dropwizard-configuration-1.0.0.jar already exists in destination.
[INFO] dropwizard-core-1.0.0.jar already exists in destination.
[INFO] dropwizard-jackson-1.0.0.jar already exists in destination.
[INFO] dropwizard-jersey-1.0.0.jar already exists in destination.
[INFO] dropwizard-jetty-1.0.0.jar already exists in destination.
[INFO] dropwizard-lifecycle-1.0.0.jar already exists in destination.
[INFO] dropwizard-logging-1.0.0.jar already exists in destination.
[INFO] dropwizard-metrics-1.0.0.jar already exists in destination.
[INFO] dropwizard-request-logging-1.0.0.jar already exists in destination.
[INFO] dropwizard-servlets-1.0.0.jar already exists in destination.
[INFO] dropwizard-testing-1.0.0.jar already exists in destination.
[INFO] dropwizard-util-1.0.0.jar already exists in destination.
[INFO] dropwizard-validation-1.0.0.jar already exists in destination.
[INFO] metrics-annotation-3.1.2.jar already exists in destination.
[INFO] metrics-core-3.1.0.jar already exists in destination.
[INFO] metrics-healthchecks-3.1.2.jar already exists in destination.
[INFO] metrics-jersey2-3.1.2.jar already exists in destination.
[INFO] metrics-jetty9-3.1.2.jar already exists in destination.
[INFO] metrics-json-3.1.2.jar already exists in destination.
[INFO] metrics-jvm-3.1.2.jar already exists in destination.
[INFO] metrics-logback-3.1.2.jar already exists in destination.
[INFO] metrics-servlets-3.1.2.jar already exists in destination.
[INFO] netty-buffer-4.1.12.Final.jar already exists in destination.
[INFO] netty-codec-4.1.12.Final.jar already exists in destination.
[INFO] netty-codec-http-4.1.12.Final.jar already exists in destination.
[INFO] netty-codec-socks-4.1.12.Final.jar already exists in destination.
[INFO] netty-common-4.1.12.Final.jar already exists in destination.
[INFO] netty-handler-4.1.12.Final.jar already exists in destination.
[INFO] netty-resolver-4.1.12.Final.jar already exists in destination.
[INFO] netty-transport-4.1.12.Final.jar already exists in destination.
[INFO] sentry-1.7.5.jar already exists in destination.
[INFO] sentry-logback-1.7.5.jar already exists in destination.
[INFO] jakarta-regexp-1.4.jar already exists in destination.
[INFO] janino-2.5.10.jar already exists in destination.
[INFO] activation-1.1.jar already exists in destination.
[INFO] javax.annotation-api-1.2.jar already exists in destination.
[INFO] mailapi-1.4.3.jar already exists in destination.
[INFO] javax.servlet-api-3.1.0.jar already exists in destination.
[INFO] validation-api-1.1.0.Final.jar already exists in destination.
[INFO] javax.ws.rs-api-2.0.1.jar already exists in destination.
[INFO] joda-time-2.9.4.jar already exists in destination.
[INFO] junit-4.11.jar already exists in destination.
[INFO] relaxngDatatype-20030225.jar already exists in destination.
[INFO] jopt-simple-4.6.jar already exists in destination.
[INFO] trove4j-3.0.3.jar already exists in destination.
[INFO] argparse4j-0.7.0.jar already exists in destination.
[INFO] owlapi-distribution-5.0.5.jar already exists in destination.
[INFO] antlr-runtime-3.5.jar already exists in destination.
[INFO] commons-collections4-4.1.jar already exists in destination.
[INFO] commons-lang3-3.4.jar already exists in destination.
[INFO] commons-rdf-api-0.1.0-incubating.jar already exists in destination.
[INFO] httpasyncclient-4.1.2.jar already exists in destination.
[INFO] httpclient-4.5.2.jar already exists in destination.
[INFO] httpcore-4.4.5.jar already exists in destination.
[INFO] httpcore-nio-4.4.5.jar already exists in destination.
[INFO] httpcore-osgi-4.4.4.jar already exists in destination.
[INFO] lucene-analyzers-common-4.9.0.jar already exists in destination.
[INFO] lucene-core-4.9.0.jar already exists in destination.
[INFO] lucene-expressions-4.9.0.jar already exists in destination.
[INFO] lucene-memory-4.9.0.jar already exists in destination.
[INFO] lucene-queries-4.9.0.jar already exists in destination.
[INFO] lucene-sandbox-4.9.0.jar already exists in destination.
[INFO] assertj-core-3.4.1.jar already exists in destination.
[INFO] bcmail-jdk15on-1.56.jar already exists in destination.
[INFO] bcpkix-jdk15on-1.56.jar already exists in destination.
[INFO] bcprov-jdk15on-1.56.jar already exists in destination.
[INFO] wstx-asl-3.2.9.jar already exists in destination.
[INFO] dropwizard-sentry-1.3.2-3.jar already exists in destination.
[INFO] jetty-continuation-9.3.9.v20160517.jar already exists in destination.
[INFO] jetty-http-9.3.9.v20160517.jar already exists in destination.
[INFO] jetty-io-9.3.9.v20160517.jar already exists in destination.
[INFO] jetty-security-9.3.9.v20160517.jar already exists in destination.
[INFO] jetty-server-9.3.9.v20160517.jar already exists in destination.
[INFO] jetty-servlet-9.3.9.v20160517.jar already exists in destination.
[INFO] jetty-servlets-9.3.9.v20160517.jar already exists in destination.
[INFO] jetty-util-9.3.9.v20160517.jar already exists in destination.
[INFO] jetty-webapp-9.3.9.v20160517.jar already exists in destination.
[INFO] jetty-xml-9.3.9.v20160517.jar already exists in destination.
[INFO] jetty-setuid-java-1.0.3.jar already exists in destination.
[INFO] rest-5.5.0.jar already exists in destination.
[INFO] org.everit.json.schema-1.5.1.jar already exists in destination.
[INFO] javax.el-3.0.0.jar already exists in destination.
[INFO] grizzly-framework-2.3.19.jar already exists in destination.
[INFO] grizzly-http-2.3.19.jar already exists in destination.
[INFO] grizzly-http-server-2.3.19.jar already exists in destination.
[INFO] grizzly-http-servlet-2.3.19.jar already exists in destination.
[INFO] hk2-api-2.4.0-b25.jar already exists in destination.
[INFO] hk2-locator-2.4.0-b25.jar already exists in destination.
[INFO] hk2-utils-2.4.0-b25.jar already exists in destination.
[INFO] osgi-resource-locator-1.0.1.jar already exists in destination.
[INFO] aopalliance-repackaged-2.4.0-b25.jar already exists in destination.
[INFO] javax.inject-2.4.0-b25.jar already exists in destination.
[INFO] jersey-guava-2.19.jar already exists in destination.
[INFO] jersey-container-grizzly2-http-2.20.jar already exists in destination.
[INFO] jersey-container-grizzly2-servlet-2.20.jar already exists in destination.
[INFO] jersey-container-servlet-2.23.1.jar already exists in destination.
[INFO] jersey-container-servlet-core-2.19.jar already exists in destination.
[INFO] jersey-client-2.19.jar already exists in destination.
[INFO] jersey-common-2.19.jar already exists in destination.
[INFO] jersey-server-2.19.jar already exists in destination.
[INFO] jersey-bean-validation-2.23.1.jar already exists in destination.
[INFO] jersey-metainf-services-2.23.1.jar already exists in destination.
[INFO] jersey-media-jaxb-2.19.jar already exists in destination.
[INFO] jersey-test-framework-core-2.19.jar already exists in destination.
[INFO] jersey-test-framework-provider-grizzly2-2.20.jar already exists in destination.
[INFO] jersey-test-framework-provider-inmemory-2.19.jar already exists in destination.
[INFO] hamcrest-core-1.3.jar already exists in destination.
[INFO] hibernate-validator-5.2.4.Final.jar already exists in destination.
[INFO] javassist-3.18.2-GA.jar already exists in destination.
[INFO] jboss-logging-3.2.1.Final.jar already exists in destination.
[INFO] jgrapht-jdk1.5-0.7.3.jar already exists in destination.
[INFO] json-20160810.jar already exists in destination.
[INFO] metainf-services-1.4.jar already exists in destination.
[INFO] mockserver-client-java-3.10.8.jar already exists in destination.
[INFO] mockserver-core-3.10.8.jar already exists in destination.
[INFO] mockserver-logging-3.10.8.jar already exists in destination.
[INFO] mockserver-netty-3.10.8.jar already exists in destination.
[INFO] mockito-core-1.10.19.jar already exists in destination.
[INFO] rhino-1.7R4.jar already exists in destination.
[INFO] objenesis-2.3.jar already exists in destination.
[INFO] sesame-model-4.0.2.jar already exists in destination.
[INFO] sesame-rio-api-4.0.2.jar already exists in destination.
[INFO] sesame-rio-binary-4.0.2.jar already exists in destination.
[INFO] sesame-rio-datatypes-4.0.2.jar already exists in destination.
[INFO] sesame-rio-languages-4.0.2.jar already exists in destination.
[INFO] sesame-rio-n3-4.0.2.jar already exists in destination.
[INFO] sesame-rio-nquads-4.0.2.jar already exists in destination.
[INFO] sesame-rio-ntriples-4.0.2.jar already exists in destination.
[INFO] sesame-rio-rdfjson-4.0.2.jar already exists in destination.
[INFO] sesame-rio-rdfxml-4.0.2.jar already exists in destination.
[INFO] sesame-rio-trig-4.0.2.jar already exists in destination.
[INFO] sesame-rio-trix-4.0.2.jar already exists in destination.
[INFO] sesame-rio-turtle-4.0.2.jar already exists in destination.
[INFO] sesame-util-4.0.2.jar already exists in destination.
[INFO] asm-5.2.jar already exists in destination.
[INFO] asm-analysis-5.2.jar already exists in destination.
[INFO] asm-commons-4.1.jar already exists in destination.
[INFO] asm-debug-all-5.0.3.jar already exists in destination.
[INFO] asm-tree-5.2.jar already exists in destination.
[INFO] asm-util-5.2.jar already exists in destination.
[INFO] parboiled-core-1.1.8.jar already exists in destination.
[INFO] parboiled-java-1.1.8.jar already exists in destination.
[INFO] reflections-0.9.9.jar already exists in destination.
[INFO] scala-library-2.11.11.jar already exists in destination.
[INFO] scala-java8-compat_2.11-0.7.0.jar already exists in destination.
[INFO] semargl-core-0.6.1.jar already exists in destination.
[INFO] semargl-rdf-0.6.1.jar already exists in destination.
[INFO] semargl-rdfa-0.6.1.jar already exists in destination.
[INFO] semargl-sesame-0.6.1.jar already exists in destination.
[INFO] jsonassert-1.2.3.jar already exists in destination.
[INFO] jcl-over-slf4j-1.7.21.jar already exists in destination.
[INFO] jul-to-slf4j-1.7.21.jar already exists in destination.
[INFO] log4j-over-slf4j-1.7.21.jar already exists in destination.
[INFO] slf4j-api-1.7.16.jar already exists in destination.
[INFO] springloaded-1.2.6.RELEASE.jar already exists in destination.
[INFO] xz-1.5.jar already exists in destination.
[INFO] swagger-ui-2.2.8.jar already exists in destination.
[INFO] snakeyaml-1.15.jar already exists in destination.
[INFO] xercesImpl-2.11.0.jar already exists in destination.
[INFO] xml-apis-1.4.01.jar already exists in destination.
[INFO] 
[INFO] --- maven-resources-plugin:2.6:copy-resources (copy-resources-to-src) @ consent-ontology ---
[INFO] Using 'UTF-8' encoding to copy filtered resources.
[INFO] Copying 51 resources
[INFO] 
[INFO] --- maven-resources-plugin:2.6:copy-resources (copy-resources-to-target) @ consent-ontology ---
[INFO] Using 'UTF-8' encoding to copy filtered resources.
[INFO] Copying 51 resources
[INFO] 
[INFO] --- maven-resources-plugin:2.6:testResources (default-testResources) @ consent-ontology ---
[INFO] Using 'UTF-8' encoding to copy filtered resources.
[INFO] Copying 7 resources
[INFO] 
[INFO] --- maven-compiler-plugin:2.3.2:testCompile (default-testCompile) @ consent-ontology ---
[INFO] Nothing to compile - all classes are up to date
[INFO] 
[INFO] --- maven-surefire-plugin:2.19.1:test (default-test) @ consent-ontology ---

-------------------------------------------------------
 T E S T S
-------------------------------------------------------
Running org.broadinstitute.dsde.consent.ontology.service.ElasticSearchHealthCheckTest
Tests run: 4, Failures: 0, Errors: 0, Skipped: 0, Time elapsed: 3.045 sec - in org.broadinstitute.dsde.consent.ontology.service.ElasticSearchHealthCheckTest
Running org.broadinstitute.dsde.consent.ontology.service.StoreOntologyServiceTest
17:43:03.432 [main] ERROR o.b.d.c.o.s.StoreOntologyService - Unable to convert key name to url: error:
17:43:03.558 [main] ERROR o.b.d.c.o.s.StoreOntologyService - Problem with storage service. null
Tests run: 4, Failures: 0, Errors: 0, Skipped: 0, Time elapsed: 0.347 sec - in org.broadinstitute.dsde.consent.ontology.service.StoreOntologyServiceTest
Running org.broadinstitute.dsde.consent.ontology.service.ElasticSearchAutocompleteAPITest
Tests run: 3, Failures: 0, Errors: 0, Skipped: 0, Time elapsed: 1.032 sec - in org.broadinstitute.dsde.consent.ontology.service.ElasticSearchAutocompleteAPITest
Running org.broadinstitute.dsde.consent.ontology.service.validate.UseRestrictionValidateImplTest
17:43:14.074 [main] ERROR o.b.d.c.o.d.models.UseRestriction - Parse exception on "{"type":"named","weird": "http://purl.obolibrary.org/obo/BLURB"}"
Tests run: 4, Failures: 0, Errors: 0, Skipped: 0, Time elapsed: 9.48 sec - in org.broadinstitute.dsde.consent.ontology.service.validate.UseRestrictionValidateImplTest
Running org.broadinstitute.dsde.consent.ontology.service.ElasticSearchSupportTest
Tests run: 4, Failures: 0, Errors: 0, Skipped: 0, Time elapsed: 0.002 sec - in org.broadinstitute.dsde.consent.ontology.service.ElasticSearchSupportTest
Running org.broadinstitute.dsde.consent.ontology.cloudstore.GCSHealthCheckTest
Tests run: 2, Failures: 0, Errors: 0, Skipped: 0, Time elapsed: 0.015 sec - in org.broadinstitute.dsde.consent.ontology.cloudstore.GCSHealthCheckTest
Running org.broadinstitute.dsde.consent.ontology.truthtable.ControlSetMatchTest
Tests run: 18, Failures: 0, Errors: 18, Skipped: 0, Time elapsed: 0.616 sec <<< FAILURE! - in org.broadinstitute.dsde.consent.ontology.truthtable.ControlSetMatchTest
testControlSetA_UC1(org.broadinstitute.dsde.consent.ontology.truthtable.ControlSetMatchTest)  Time elapsed: 0.309 sec  <<< ERROR!
java.lang.ExceptionInInitializerError
	at org.broadinstitute.dsde.consent.ontology.truthtable.ControlSetMatchTest.testControlSetA_UC1(ControlSetMatchTest.java:99)
Caused by: java.lang.IllegalArgumentException: Invalid version number: Version number may be negative or greater than 255
	at org.broadinstitute.dsde.consent.ontology.truthtable.ControlSetMatchTest.testControlSetA_UC1(ControlSetMatchTest.java:99)

testControlSetA_UC2(org.broadinstitute.dsde.consent.ontology.truthtable.ControlSetMatchTest)  Time elapsed: 0.037 sec  <<< ERROR!
java.lang.NoClassDefFoundError: Could not initialize class org.mindswap.pellet.jena.PelletReasonerFactory
	at org.broadinstitute.dsde.consent.ontology.truthtable.ControlSetMatchTest.testControlSetA_UC2(ControlSetMatchTest.java:123)

testControlSetA_UC3(org.broadinstitute.dsde.consent.ontology.truthtable.ControlSetMatchTest)  Time elapsed: 0.014 sec  <<< ERROR!
java.lang.NoClassDefFoundError: Could not initialize class org.mindswap.pellet.jena.PelletReasonerFactory
	at org.broadinstitute.dsde.consent.ontology.truthtable.ControlSetMatchTest.testControlSetA_UC3(ControlSetMatchTest.java:147)

testControlSetB_UC1(org.broadinstitute.dsde.consent.ontology.truthtable.ControlSetMatchTest)  Time elapsed: 0.018 sec  <<< ERROR!
java.lang.NoClassDefFoundError: Could not initialize class org.mindswap.pellet.jena.PelletReasonerFactory
	at org.broadinstitute.dsde.consent.ontology.truthtable.ControlSetMatchTest.testControlSetB_UC1(ControlSetMatchTest.java:171)

testControlSetB_UC2(org.broadinstitute.dsde.consent.ontology.truthtable.ControlSetMatchTest)  Time elapsed: 0.015 sec  <<< ERROR!
java.lang.NoClassDefFoundError: Could not initialize class org.mindswap.pellet.jena.PelletReasonerFactory
	at org.broadinstitute.dsde.consent.ontology.truthtable.ControlSetMatchTest.testControlSetB_UC2(ControlSetMatchTest.java:197)

testControlSetB_UC3(org.broadinstitute.dsde.consent.ontology.truthtable.ControlSetMatchTest)  Time elapsed: 0.015 sec  <<< ERROR!
java.lang.NoClassDefFoundError: Could not initialize class org.mindswap.pellet.jena.PelletReasonerFactory
	at org.broadinstitute.dsde.consent.ontology.truthtable.ControlSetMatchTest.testControlSetB_UC3(ControlSetMatchTest.java:221)

testControlSetC_UC1(org.broadinstitute.dsde.consent.ontology.truthtable.ControlSetMatchTest)  Time elapsed: 0.014 sec  <<< ERROR!
java.lang.NoClassDefFoundError: Could not initialize class org.mindswap.pellet.jena.PelletReasonerFactory
	at org.broadinstitute.dsde.consent.ontology.truthtable.ControlSetMatchTest.testControlSetC_UC1(ControlSetMatchTest.java:246)

testControlSetC_UC2(org.broadinstitute.dsde.consent.ontology.truthtable.ControlSetMatchTest)  Time elapsed: 0.025 sec  <<< ERROR!
java.lang.NoClassDefFoundError: Could not initialize class org.mindswap.pellet.jena.PelletReasonerFactory
	at org.broadinstitute.dsde.consent.ontology.truthtable.ControlSetMatchTest.testControlSetC_UC2(ControlSetMatchTest.java:270)

testControlSetC_UC3(org.broadinstitute.dsde.consent.ontology.truthtable.ControlSetMatchTest)  Time elapsed: 0.022 sec  <<< ERROR!
java.lang.NoClassDefFoundError: Could not initialize class org.mindswap.pellet.jena.PelletReasonerFactory
	at org.broadinstitute.dsde.consent.ontology.truthtable.ControlSetMatchTest.testControlSetC_UC3(ControlSetMatchTest.java:294)

testDefaultControlSetA_UC1(org.broadinstitute.dsde.consent.ontology.truthtable.ControlSetMatchTest)  Time elapsed: 0.02 sec  <<< ERROR!
java.lang.NoClassDefFoundError: Could not initialize class org.mindswap.pellet.jena.PelletReasonerFactory
	at org.broadinstitute.dsde.consent.ontology.truthtable.ControlSetMatchTest.testDefaultControlSetA_UC1(ControlSetMatchTest.java:111)

testDefaultControlSetA_UC2(org.broadinstitute.dsde.consent.ontology.truthtable.ControlSetMatchTest)  Time elapsed: 0.014 sec  <<< ERROR!
java.lang.NoClassDefFoundError: Could not initialize class org.mindswap.pellet.jena.PelletReasonerFactory
	at org.broadinstitute.dsde.consent.ontology.truthtable.ControlSetMatchTest.testDefaultControlSetA_UC2(ControlSetMatchTest.java:135)

testDefaultControlSetA_UC3(org.broadinstitute.dsde.consent.ontology.truthtable.ControlSetMatchTest)  Time elapsed: 0.013 sec  <<< ERROR!
java.lang.NoClassDefFoundError: Could not initialize class org.mindswap.pellet.jena.PelletReasonerFactory
	at org.broadinstitute.dsde.consent.ontology.truthtable.ControlSetMatchTest.testDefaultControlSetA_UC3(ControlSetMatchTest.java:159)

testDefaultControlSetB_UC1(org.broadinstitute.dsde.consent.ontology.truthtable.ControlSetMatchTest)  Time elapsed: 0.024 sec  <<< ERROR!
java.lang.NoClassDefFoundError: Could not initialize class org.mindswap.pellet.jena.PelletReasonerFactory
	at org.broadinstitute.dsde.consent.ontology.truthtable.ControlSetMatchTest.testDefaultControlSetB_UC1(ControlSetMatchTest.java:185)

testDefaultControlSetB_UC2(org.broadinstitute.dsde.consent.ontology.truthtable.ControlSetMatchTest)  Time elapsed: 0.015 sec  <<< ERROR!
java.lang.NoClassDefFoundError: Could not initialize class org.mindswap.pellet.jena.PelletReasonerFactory
	at org.broadinstitute.dsde.consent.ontology.truthtable.ControlSetMatchTest.testDefaultControlSetB_UC2(ControlSetMatchTest.java:209)

testDefaultControlSetB_UC3(org.broadinstitute.dsde.consent.ontology.truthtable.ControlSetMatchTest)  Time elapsed: 0.014 sec  <<< ERROR!
java.lang.NoClassDefFoundError: Could not initialize class org.mindswap.pellet.jena.PelletReasonerFactory
	at org.broadinstitute.dsde.consent.ontology.truthtable.ControlSetMatchTest.testDefaultControlSetB_UC3(ControlSetMatchTest.java:233)

testDefaultControlSetC_UC1(org.broadinstitute.dsde.consent.ontology.truthtable.ControlSetMatchTest)  Time elapsed: 0.014 sec  <<< ERROR!
java.lang.NoClassDefFoundError: Could not initialize class org.mindswap.pellet.jena.PelletReasonerFactory
	at org.broadinstitute.dsde.consent.ontology.truthtable.ControlSetMatchTest.testDefaultControlSetC_UC1(ControlSetMatchTest.java:258)

testDefaultControlSetC_UC2(org.broadinstitute.dsde.consent.ontology.truthtable.ControlSetMatchTest)  Time elapsed: 0.014 sec  <<< ERROR!
java.lang.NoClassDefFoundError: Could not initialize class org.mindswap.pellet.jena.PelletReasonerFactory
	at org.broadinstitute.dsde.consent.ontology.truthtable.ControlSetMatchTest.testDefaultControlSetC_UC2(ControlSetMatchTest.java:282)

testDefaultControlSetC_UC3(org.broadinstitute.dsde.consent.ontology.truthtable.ControlSetMatchTest)  Time elapsed: 0.014 sec  <<< ERROR!
java.lang.NoClassDefFoundError: Could not initialize class org.mindswap.pellet.jena.PelletReasonerFactory
	at org.broadinstitute.dsde.consent.ontology.truthtable.ControlSetMatchTest.testDefaultControlSetC_UC3(ControlSetMatchTest.java:306)

Running org.broadinstitute.dsde.consent.ontology.truthtable.MethodsResearchMatchTest
Tests run: 30, Failures: 0, Errors: 30, Skipped: 0, Time elapsed: 0.392 sec <<< FAILURE! - in org.broadinstitute.dsde.consent.ontology.truthtable.MethodsResearchMatchTest
testMRPA_UC1(org.broadinstitute.dsde.consent.ontology.truthtable.MethodsResearchMatchTest)  Time elapsed: 0.01 sec  <<< ERROR!
java.lang.NoClassDefFoundError: Could not initialize class org.mindswap.pellet.jena.PelletReasonerFactory
	at org.broadinstitute.dsde.consent.ontology.truthtable.MethodsResearchMatchTest.testMRPA_UC1(MethodsResearchMatchTest.java:138)

testMRPA_UC2(org.broadinstitute.dsde.consent.ontology.truthtable.MethodsResearchMatchTest)  Time elapsed: 0.02 sec  <<< ERROR!
java.lang.NoClassDefFoundError: Could not initialize class org.mindswap.pellet.jena.PelletReasonerFactory
	at org.broadinstitute.dsde.consent.ontology.truthtable.MethodsResearchMatchTest.testMRPA_UC2(MethodsResearchMatchTest.java:162)

testMRPA_UC3(org.broadinstitute.dsde.consent.ontology.truthtable.MethodsResearchMatchTest)  Time elapsed: 0.014 sec  <<< ERROR!
java.lang.NoClassDefFoundError: Could not initialize class org.mindswap.pellet.jena.PelletReasonerFactory
	at org.broadinstitute.dsde.consent.ontology.truthtable.MethodsResearchMatchTest.testMRPA_UC3(MethodsResearchMatchTest.java:187)

testMRPA_UC4(org.broadinstitute.dsde.consent.ontology.truthtable.MethodsResearchMatchTest)  Time elapsed: 0.013 sec  <<< ERROR!
java.lang.NoClassDefFoundError: Could not initialize class org.mindswap.pellet.jena.PelletReasonerFactory
	at org.broadinstitute.dsde.consent.ontology.truthtable.MethodsResearchMatchTest.testMRPA_UC4(MethodsResearchMatchTest.java:211)

testMRPB_UC1(org.broadinstitute.dsde.consent.ontology.truthtable.MethodsResearchMatchTest)  Time elapsed: 0.013 sec  <<< ERROR!
java.lang.NoClassDefFoundError: Could not initialize class org.mindswap.pellet.jena.PelletReasonerFactory
	at org.broadinstitute.dsde.consent.ontology.truthtable.MethodsResearchMatchTest.testMRPB_UC1(MethodsResearchMatchTest.java:235)

testMRPB_UC2(org.broadinstitute.dsde.consent.ontology.truthtable.MethodsResearchMatchTest)  Time elapsed: 0.012 sec  <<< ERROR!
java.lang.NoClassDefFoundError: Could not initialize class org.mindswap.pellet.jena.PelletReasonerFactory
	at org.broadinstitute.dsde.consent.ontology.truthtable.MethodsResearchMatchTest.testMRPB_UC2(MethodsResearchMatchTest.java:260)

testMRPB_UC3(org.broadinstitute.dsde.consent.ontology.truthtable.MethodsResearchMatchTest)  Time elapsed: 0.012 sec  <<< ERROR!
java.lang.NoClassDefFoundError: Could not initialize class org.mindswap.pellet.jena.PelletReasonerFactory
	at org.broadinstitute.dsde.consent.ontology.truthtable.MethodsResearchMatchTest.testMRPB_UC3(MethodsResearchMatchTest.java:284)

testMRPB_UC4(org.broadinstitute.dsde.consent.ontology.truthtable.MethodsResearchMatchTest)  Time elapsed: 0.014 sec  <<< ERROR!
java.lang.NoClassDefFoundError: Could not initialize class org.mindswap.pellet.jena.PelletReasonerFactory
	at org.broadinstitute.dsde.consent.ontology.truthtable.MethodsResearchMatchTest.testMRPB_UC4(MethodsResearchMatchTest.java:308)

testMRPC_UC1(org.broadinstitute.dsde.consent.ontology.truthtable.MethodsResearchMatchTest)  Time elapsed: 0.015 sec  <<< ERROR!
java.lang.NoClassDefFoundError: Could not initialize class org.mindswap.pellet.jena.PelletReasonerFactory
	at org.broadinstitute.dsde.consent.ontology.truthtable.MethodsResearchMatchTest.testMRPC_UC1(MethodsResearchMatchTest.java:333)

testMRPC_UC2(org.broadinstitute.dsde.consent.ontology.truthtable.MethodsResearchMatchTest)  Time elapsed: 0.013 sec  <<< ERROR!
java.lang.NoClassDefFoundError: Could not initialize class org.mindswap.pellet.jena.PelletReasonerFactory
	at org.broadinstitute.dsde.consent.ontology.truthtable.MethodsResearchMatchTest.testMRPC_UC2(MethodsResearchMatchTest.java:358)

testMRPC_UC3(org.broadinstitute.dsde.consent.ontology.truthtable.MethodsResearchMatchTest)  Time elapsed: 0.016 sec  <<< ERROR!
java.lang.NoClassDefFoundError: Could not initialize class org.mindswap.pellet.jena.PelletReasonerFactory
	at org.broadinstitute.dsde.consent.ontology.truthtable.MethodsResearchMatchTest.testMRPC_UC3(MethodsResearchMatchTest.java:382)

testMRPC_UC4(org.broadinstitute.dsde.consent.ontology.truthtable.MethodsResearchMatchTest)  Time elapsed: 0.014 sec  <<< ERROR!
java.lang.NoClassDefFoundError: Could not initialize class org.mindswap.pellet.jena.PelletReasonerFactory
	at org.broadinstitute.dsde.consent.ontology.truthtable.MethodsResearchMatchTest.testMRPC_UC4(MethodsResearchMatchTest.java:406)

testCSD_UC1(org.broadinstitute.dsde.consent.ontology.truthtable.MethodsResearchMatchTest)  Time elapsed: 0.013 sec  <<< ERROR!
java.lang.NoClassDefFoundError: Could not initialize class org.mindswap.pellet.jena.PelletReasonerFactory
	at org.broadinstitute.dsde.consent.ontology.truthtable.MethodsResearchMatchTest.testCSD_UC1(MethodsResearchMatchTest.java:454)

testCSD_UC2(org.broadinstitute.dsde.consent.ontology.truthtable.MethodsResearchMatchTest)  Time elapsed: 0.012 sec  <<< ERROR!
java.lang.NoClassDefFoundError: Could not initialize class org.mindswap.pellet.jena.PelletReasonerFactory
	at org.broadinstitute.dsde.consent.ontology.truthtable.MethodsResearchMatchTest.testCSD_UC2(MethodsResearchMatchTest.java:467)

testCSA_mUC4(org.broadinstitute.dsde.consent.ontology.truthtable.MethodsResearchMatchTest)  Time elapsed: 0.012 sec  <<< ERROR!
java.lang.NoClassDefFoundError: Could not initialize class org.mindswap.pellet.jena.PelletReasonerFactory
	at org.broadinstitute.dsde.consent.ontology.truthtable.MethodsResearchMatchTest.testCSA_mUC4(MethodsResearchMatchTest.java:430)

testCSC_mUC4(org.broadinstitute.dsde.consent.ontology.truthtable.MethodsResearchMatchTest)  Time elapsed: 0.016 sec  <<< ERROR!
java.lang.NoClassDefFoundError: Could not initialize class org.mindswap.pellet.jena.PelletReasonerFactory
	at org.broadinstitute.dsde.consent.ontology.truthtable.MethodsResearchMatchTest.testCSC_mUC4(MethodsResearchMatchTest.java:442)

testCSD_mUC3(org.broadinstitute.dsde.consent.ontology.truthtable.MethodsResearchMatchTest)  Time elapsed: 0.014 sec  <<< ERROR!
java.lang.NoClassDefFoundError: Could not initialize class org.mindswap.pellet.jena.PelletReasonerFactory
	at org.broadinstitute.dsde.consent.ontology.truthtable.MethodsResearchMatchTest.testCSD_mUC3(MethodsResearchMatchTest.java:479)

testCSD_mUC4(org.broadinstitute.dsde.consent.ontology.truthtable.MethodsResearchMatchTest)  Time elapsed: 0.012 sec  <<< ERROR!
java.lang.NoClassDefFoundError: Could not initialize class org.mindswap.pellet.jena.PelletReasonerFactory
	at org.broadinstitute.dsde.consent.ontology.truthtable.MethodsResearchMatchTest.testCSD_mUC4(MethodsResearchMatchTest.java:492)

testDefaultMRPA_UC1(org.broadinstitute.dsde.consent.ontology.truthtable.MethodsResearchMatchTest)  Time elapsed: 0.012 sec  <<< ERROR!
java.lang.NoClassDefFoundError: Could not initialize class org.mindswap.pellet.jena.PelletReasonerFactory
	at org.broadinstitute.dsde.consent.ontology.truthtable.MethodsResearchMatchTest.testDefaultMRPA_UC1(MethodsResearchMatchTest.java:150)

testDefaultMRPA_UC2(org.broadinstitute.dsde.consent.ontology.truthtable.MethodsResearchMatchTest)  Time elapsed: 0.011 sec  <<< ERROR!
java.lang.NoClassDefFoundError: Could not initialize class org.mindswap.pellet.jena.PelletReasonerFactory
	at org.broadinstitute.dsde.consent.ontology.truthtable.MethodsResearchMatchTest.testDefaultMRPA_UC2(MethodsResearchMatchTest.java:175)

testDefaultMRPA_UC3(org.broadinstitute.dsde.consent.ontology.truthtable.MethodsResearchMatchTest)  Time elapsed: 0.012 sec  <<< ERROR!
java.lang.NoClassDefFoundError: Could not initialize class org.mindswap.pellet.jena.PelletReasonerFactory
	at org.broadinstitute.dsde.consent.ontology.truthtable.MethodsResearchMatchTest.testDefaultMRPA_UC3(MethodsResearchMatchTest.java:199)

testDefaultMRPA_UC4(org.broadinstitute.dsde.consent.ontology.truthtable.MethodsResearchMatchTest)  Time elapsed: 0.012 sec  <<< ERROR!
java.lang.NoClassDefFoundError: Could not initialize class org.mindswap.pellet.jena.PelletReasonerFactory
	at org.broadinstitute.dsde.consent.ontology.truthtable.MethodsResearchMatchTest.testDefaultMRPA_UC4(MethodsResearchMatchTest.java:223)

testDefaultMRPB_UC1(org.broadinstitute.dsde.consent.ontology.truthtable.MethodsResearchMatchTest)  Time elapsed: 0.012 sec  <<< ERROR!
java.lang.NoClassDefFoundError: Could not initialize class org.mindswap.pellet.jena.PelletReasonerFactory
	at org.broadinstitute.dsde.consent.ontology.truthtable.MethodsResearchMatchTest.testDefaultMRPB_UC1(MethodsResearchMatchTest.java:248)

testDefaultMRPB_UC2(org.broadinstitute.dsde.consent.ontology.truthtable.MethodsResearchMatchTest)  Time elapsed: 0.011 sec  <<< ERROR!
java.lang.NoClassDefFoundError: Could not initialize class org.mindswap.pellet.jena.PelletReasonerFactory
	at org.broadinstitute.dsde.consent.ontology.truthtable.MethodsResearchMatchTest.testDefaultMRPB_UC2(MethodsResearchMatchTest.java:272)

testDefaultMRPB_UC3(org.broadinstitute.dsde.consent.ontology.truthtable.MethodsResearchMatchTest)  Time elapsed: 0.012 sec  <<< ERROR!
java.lang.NoClassDefFoundError: Could not initialize class org.mindswap.pellet.jena.PelletReasonerFactory
	at org.broadinstitute.dsde.consent.ontology.truthtable.MethodsResearchMatchTest.testDefaultMRPB_UC3(MethodsResearchMatchTest.java:296)

testDefaultMRPB_UC4(org.broadinstitute.dsde.consent.ontology.truthtable.MethodsResearchMatchTest)  Time elapsed: 0.011 sec  <<< ERROR!
java.lang.NoClassDefFoundError: Could not initialize class org.mindswap.pellet.jena.PelletReasonerFactory
	at org.broadinstitute.dsde.consent.ontology.truthtable.MethodsResearchMatchTest.testDefaultMRPB_UC4(MethodsResearchMatchTest.java:320)

testDefaultMRPC_UC1(org.broadinstitute.dsde.consent.ontology.truthtable.MethodsResearchMatchTest)  Time elapsed: 0.011 sec  <<< ERROR!
java.lang.NoClassDefFoundError: Could not initialize class org.mindswap.pellet.jena.PelletReasonerFactory
	at org.broadinstitute.dsde.consent.ontology.truthtable.MethodsResearchMatchTest.testDefaultMRPC_UC1(MethodsResearchMatchTest.java:346)

testDefaultMRPC_UC2(org.broadinstitute.dsde.consent.ontology.truthtable.MethodsResearchMatchTest)  Time elapsed: 0.012 sec  <<< ERROR!
java.lang.NoClassDefFoundError: Could not initialize class org.mindswap.pellet.jena.PelletReasonerFactory
	at org.broadinstitute.dsde.consent.ontology.truthtable.MethodsResearchMatchTest.testDefaultMRPC_UC2(MethodsResearchMatchTest.java:370)

testDefaultMRPC_UC3(org.broadinstitute.dsde.consent.ontology.truthtable.MethodsResearchMatchTest)  Time elapsed: 0.012 sec  <<< ERROR!
java.lang.NoClassDefFoundError: Could not initialize class org.mindswap.pellet.jena.PelletReasonerFactory
	at org.broadinstitute.dsde.consent.ontology.truthtable.MethodsResearchMatchTest.testDefaultMRPC_UC3(MethodsResearchMatchTest.java:394)

testDefaultMRPC_UC4(org.broadinstitute.dsde.consent.ontology.truthtable.MethodsResearchMatchTest)  Time elapsed: 0.011 sec  <<< ERROR!
java.lang.NoClassDefFoundError: Could not initialize class org.mindswap.pellet.jena.PelletReasonerFactory
	at org.broadinstitute.dsde.consent.ontology.truthtable.MethodsResearchMatchTest.testDefaultMRPC_UC4(MethodsResearchMatchTest.java:418)

Running org.broadinstitute.dsde.consent.ontology.match.MRPMatchTest
Tests run: 11, Failures: 0, Errors: 11, Skipped: 0, Time elapsed: 0.127 sec <<< FAILURE! - in org.broadinstitute.dsde.consent.ontology.match.MRPMatchTest
parameterizedTest[MRPMatchTest 0: MRPA vs. UC1](org.broadinstitute.dsde.consent.ontology.match.MRPMatchTest)  Time elapsed: 0.018 sec  <<< ERROR!
java.lang.NoClassDefFoundError: Could not initialize class org.mindswap.pellet.jena.PelletReasonerFactory
	at org.broadinstitute.dsde.consent.ontology.match.MRPMatchTest.parameterizedTest(MRPMatchTest.java:10)

parameterizedTest[MRPMatchTest 1: MRPA vs. UC2](org.broadinstitute.dsde.consent.ontology.match.MRPMatchTest)  Time elapsed: 0.01 sec  <<< ERROR!
java.lang.NoClassDefFoundError: Could not initialize class org.mindswap.pellet.jena.PelletReasonerFactory
	at org.broadinstitute.dsde.consent.ontology.match.MRPMatchTest.parameterizedTest(MRPMatchTest.java:10)

parameterizedTest[MRPMatchTest 2: MRPA vs. UC3](org.broadinstitute.dsde.consent.ontology.match.MRPMatchTest)  Time elapsed: 0.01 sec  <<< ERROR!
java.lang.NoClassDefFoundError: Could not initialize class org.mindswap.pellet.jena.PelletReasonerFactory
	at org.broadinstitute.dsde.consent.ontology.match.MRPMatchTest.parameterizedTest(MRPMatchTest.java:10)

parameterizedTest[MRPMatchTest 3: MRPA vs. UC4](org.broadinstitute.dsde.consent.ontology.match.MRPMatchTest)  Time elapsed: 0.013 sec  <<< ERROR!
java.lang.NoClassDefFoundError: Could not initialize class org.mindswap.pellet.jena.PelletReasonerFactory
	at org.broadinstitute.dsde.consent.ontology.match.MRPMatchTest.parameterizedTest(MRPMatchTest.java:10)

parameterizedTest[MRPMatchTest 4: MRPB vs. UC1](org.broadinstitute.dsde.consent.ontology.match.MRPMatchTest)  Time elapsed: 0.011 sec  <<< ERROR!
java.lang.NoClassDefFoundError: Could not initialize class org.mindswap.pellet.jena.PelletReasonerFactory
	at org.broadinstitute.dsde.consent.ontology.match.MRPMatchTest.parameterizedTest(MRPMatchTest.java:10)

parameterizedTest[MRPMatchTest 5: MRPB vs. UC2](org.broadinstitute.dsde.consent.ontology.match.MRPMatchTest)  Time elapsed: 0.01 sec  <<< ERROR!
java.lang.NoClassDefFoundError: Could not initialize class org.mindswap.pellet.jena.PelletReasonerFactory
	at org.broadinstitute.dsde.consent.ontology.match.MRPMatchTest.parameterizedTest(MRPMatchTest.java:10)

parameterizedTest[MRPMatchTest 6: MRPB vs. UC3](org.broadinstitute.dsde.consent.ontology.match.MRPMatchTest)  Time elapsed: 0.01 sec  <<< ERROR!
java.lang.NoClassDefFoundError: Could not initialize class org.mindswap.pellet.jena.PelletReasonerFactory
	at org.broadinstitute.dsde.consent.ontology.match.MRPMatchTest.parameterizedTest(MRPMatchTest.java:10)

parameterizedTest[MRPMatchTest 7: MRPB vs. UC4](org.broadinstitute.dsde.consent.ontology.match.MRPMatchTest)  Time elapsed: 0.01 sec  <<< ERROR!
java.lang.NoClassDefFoundError: Could not initialize class org.mindswap.pellet.jena.PelletReasonerFactory
	at org.broadinstitute.dsde.consent.ontology.match.MRPMatchTest.parameterizedTest(MRPMatchTest.java:10)

parameterizedTest[MRPMatchTest 8: MRPC vs. UC1](org.broadinstitute.dsde.consent.ontology.match.MRPMatchTest)  Time elapsed: 0.009 sec  <<< ERROR!
java.lang.NoClassDefFoundError: Could not initialize class org.mindswap.pellet.jena.PelletReasonerFactory
	at org.broadinstitute.dsde.consent.ontology.match.MRPMatchTest.parameterizedTest(MRPMatchTest.java:10)

parameterizedTest[MRPMatchTest 9: MRPC vs. UC2](org.broadinstitute.dsde.consent.ontology.match.MRPMatchTest)  Time elapsed: 0.009 sec  <<< ERROR!
java.lang.NoClassDefFoundError: Could not initialize class org.mindswap.pellet.jena.PelletReasonerFactory
	at org.broadinstitute.dsde.consent.ontology.match.MRPMatchTest.parameterizedTest(MRPMatchTest.java:10)

parameterizedTest[MRPMatchTest 10: MRPC vs. UC4](org.broadinstitute.dsde.consent.ontology.match.MRPMatchTest)  Time elapsed: 0.012 sec  <<< ERROR!
java.lang.NoClassDefFoundError: Could not initialize class org.mindswap.pellet.jena.PelletReasonerFactory
	at org.broadinstitute.dsde.consent.ontology.match.MRPMatchTest.parameterizedTest(MRPMatchTest.java:10)

Running org.broadinstitute.dsde.consent.ontology.match.HMBMatchTest
Tests run: 14, Failures: 0, Errors: 14, Skipped: 0, Time elapsed: 0.135 sec <<< FAILURE! - in org.broadinstitute.dsde.consent.ontology.match.HMBMatchTest
parameterizedTest[HMBMatchTest 0: MRPA vs. UC1](org.broadinstitute.dsde.consent.ontology.match.HMBMatchTest)  Time elapsed: 0.009 sec  <<< ERROR!
java.lang.NoClassDefFoundError: Could not initialize class org.mindswap.pellet.jena.PelletReasonerFactory
	at org.broadinstitute.dsde.consent.ontology.match.HMBMatchTest.parameterizedTest(HMBMatchTest.java:10)

parameterizedTest[HMBMatchTest 1: MRPA vs. UC2](org.broadinstitute.dsde.consent.ontology.match.HMBMatchTest)  Time elapsed: 0.011 sec  <<< ERROR!
java.lang.NoClassDefFoundError: Could not initialize class org.mindswap.pellet.jena.PelletReasonerFactory
	at org.broadinstitute.dsde.consent.ontology.match.HMBMatchTest.parameterizedTest(HMBMatchTest.java:10)

parameterizedTest[HMBMatchTest 2: MRPA vs. UC3](org.broadinstitute.dsde.consent.ontology.match.HMBMatchTest)  Time elapsed: 0.008 sec  <<< ERROR!
java.lang.NoClassDefFoundError: Could not initialize class org.mindswap.pellet.jena.PelletReasonerFactory
	at org.broadinstitute.dsde.consent.ontology.match.HMBMatchTest.parameterizedTest(HMBMatchTest.java:10)

parameterizedTest[HMBMatchTest 3: MRPA vs. UC4](org.broadinstitute.dsde.consent.ontology.match.HMBMatchTest)  Time elapsed: 0.008 sec  <<< ERROR!
java.lang.NoClassDefFoundError: Could not initialize class org.mindswap.pellet.jena.PelletReasonerFactory
	at org.broadinstitute.dsde.consent.ontology.match.HMBMatchTest.parameterizedTest(HMBMatchTest.java:10)

parameterizedTest[HMBMatchTest 4: MRPB vs. UC1](org.broadinstitute.dsde.consent.ontology.match.HMBMatchTest)  Time elapsed: 0.009 sec  <<< ERROR!
java.lang.NoClassDefFoundError: Could not initialize class org.mindswap.pellet.jena.PelletReasonerFactory
	at org.broadinstitute.dsde.consent.ontology.match.HMBMatchTest.parameterizedTest(HMBMatchTest.java:10)

parameterizedTest[HMBMatchTest 5: MRPB vs. UC2](org.broadinstitute.dsde.consent.ontology.match.HMBMatchTest)  Time elapsed: 0.009 sec  <<< ERROR!
java.lang.NoClassDefFoundError: Could not initialize class org.mindswap.pellet.jena.PelletReasonerFactory
	at org.broadinstitute.dsde.consent.ontology.match.HMBMatchTest.parameterizedTest(HMBMatchTest.java:10)

parameterizedTest[HMBMatchTest 6: MRPB vs. UC3](org.broadinstitute.dsde.consent.ontology.match.HMBMatchTest)  Time elapsed: 0.008 sec  <<< ERROR!
java.lang.NoClassDefFoundError: Could not initialize class org.mindswap.pellet.jena.PelletReasonerFactory
	at org.broadinstitute.dsde.consent.ontology.match.HMBMatchTest.parameterizedTest(HMBMatchTest.java:10)

parameterizedTest[HMBMatchTest 7: MRPB vs. UC4](org.broadinstitute.dsde.consent.ontology.match.HMBMatchTest)  Time elapsed: 0.008 sec  <<< ERROR!
java.lang.NoClassDefFoundError: Could not initialize class org.mindswap.pellet.jena.PelletReasonerFactory
	at org.broadinstitute.dsde.consent.ontology.match.HMBMatchTest.parameterizedTest(HMBMatchTest.java:10)

parameterizedTest[HMBMatchTest 8: MRPC vs. UC1](org.broadinstitute.dsde.consent.ontology.match.HMBMatchTest)  Time elapsed: 0.009 sec  <<< ERROR!
java.lang.NoClassDefFoundError: Could not initialize class org.mindswap.pellet.jena.PelletReasonerFactory
	at org.broadinstitute.dsde.consent.ontology.match.HMBMatchTest.parameterizedTest(HMBMatchTest.java:10)

parameterizedTest[HMBMatchTest 9: MRPC vs. UC4](org.broadinstitute.dsde.consent.ontology.match.HMBMatchTest)  Time elapsed: 0.008 sec  <<< ERROR!
java.lang.NoClassDefFoundError: Could not initialize class org.mindswap.pellet.jena.PelletReasonerFactory
	at org.broadinstitute.dsde.consent.ontology.match.HMBMatchTest.parameterizedTest(HMBMatchTest.java:10)

parameterizedTest[HMBMatchTest 10: CSA vs. UC1](org.broadinstitute.dsde.consent.ontology.match.HMBMatchTest)  Time elapsed: 0.019 sec  <<< ERROR!
java.lang.NoClassDefFoundError: Could not initialize class org.mindswap.pellet.jena.PelletReasonerFactory
	at org.broadinstitute.dsde.consent.ontology.match.HMBMatchTest.parameterizedTest(HMBMatchTest.java:10)

parameterizedTest[HMBMatchTest 11: CSB vs. UC1](org.broadinstitute.dsde.consent.ontology.match.HMBMatchTest)  Time elapsed: 0.01 sec  <<< ERROR!
java.lang.NoClassDefFoundError: Could not initialize class org.mindswap.pellet.jena.PelletReasonerFactory
	at org.broadinstitute.dsde.consent.ontology.match.HMBMatchTest.parameterizedTest(HMBMatchTest.java:10)

parameterizedTest[HMBMatchTest 12: CSC vs. UC1](org.broadinstitute.dsde.consent.ontology.match.HMBMatchTest)  Time elapsed: 0.009 sec  <<< ERROR!
java.lang.NoClassDefFoundError: Could not initialize class org.mindswap.pellet.jena.PelletReasonerFactory
	at org.broadinstitute.dsde.consent.ontology.match.HMBMatchTest.parameterizedTest(HMBMatchTest.java:10)

parameterizedTest[HMBMatchTest 13: CSD vs. UC1](org.broadinstitute.dsde.consent.ontology.match.HMBMatchTest)  Time elapsed: 0.008 sec  <<< ERROR!
java.lang.NoClassDefFoundError: Could not initialize class org.mindswap.pellet.jena.PelletReasonerFactory
	at org.broadinstitute.dsde.consent.ontology.match.HMBMatchTest.parameterizedTest(HMBMatchTest.java:10)

Running org.broadinstitute.dsde.consent.ontology.match.CSMatchTest
Tests run: 11, Failures: 0, Errors: 11, Skipped: 0, Time elapsed: 0.088 sec <<< FAILURE! - in org.broadinstitute.dsde.consent.ontology.match.CSMatchTest
parameterizedTest[CSMatchTest 0: CSA vs. UC1](org.broadinstitute.dsde.consent.ontology.match.CSMatchTest)  Time elapsed: 0.004 sec  <<< ERROR!
java.lang.NoClassDefFoundError: Could not initialize class org.mindswap.pellet.jena.PelletReasonerFactory
	at org.broadinstitute.dsde.consent.ontology.match.CSMatchTest.parameterizedTest(CSMatchTest.java:10)

parameterizedTest[CSMatchTest 1: CSA vs. UC2](org.broadinstitute.dsde.consent.ontology.match.CSMatchTest)  Time elapsed: 0.008 sec  <<< ERROR!
java.lang.NoClassDefFoundError: Could not initialize class org.mindswap.pellet.jena.PelletReasonerFactory
	at org.broadinstitute.dsde.consent.ontology.match.CSMatchTest.parameterizedTest(CSMatchTest.java:10)

parameterizedTest[CSMatchTest 2: CSA vs. UC3](org.broadinstitute.dsde.consent.ontology.match.CSMatchTest)  Time elapsed: 0.008 sec  <<< ERROR!
java.lang.NoClassDefFoundError: Could not initialize class org.mindswap.pellet.jena.PelletReasonerFactory
	at org.broadinstitute.dsde.consent.ontology.match.CSMatchTest.parameterizedTest(CSMatchTest.java:10)

parameterizedTest[CSMatchTest 3: CSB vs. UC1](org.broadinstitute.dsde.consent.ontology.match.CSMatchTest)  Time elapsed: 0.007 sec  <<< ERROR!
java.lang.NoClassDefFoundError: Could not initialize class org.mindswap.pellet.jena.PelletReasonerFactory
	at org.broadinstitute.dsde.consent.ontology.match.CSMatchTest.parameterizedTest(CSMatchTest.java:10)

parameterizedTest[CSMatchTest 4: CSB vs. UC2](org.broadinstitute.dsde.consent.ontology.match.CSMatchTest)  Time elapsed: 0.008 sec  <<< ERROR!
java.lang.NoClassDefFoundError: Could not initialize class org.mindswap.pellet.jena.PelletReasonerFactory
	at org.broadinstitute.dsde.consent.ontology.match.CSMatchTest.parameterizedTest(CSMatchTest.java:10)

parameterizedTest[CSMatchTest 5: CSB vs. UC3](org.broadinstitute.dsde.consent.ontology.match.CSMatchTest)  Time elapsed: 0.009 sec  <<< ERROR!
java.lang.NoClassDefFoundError: Could not initialize class org.mindswap.pellet.jena.PelletReasonerFactory
	at org.broadinstitute.dsde.consent.ontology.match.CSMatchTest.parameterizedTest(CSMatchTest.java:10)

parameterizedTest[CSMatchTest 6: CSC vs. UC1](org.broadinstitute.dsde.consent.ontology.match.CSMatchTest)  Time elapsed: 0.008 sec  <<< ERROR!
java.lang.NoClassDefFoundError: Could not initialize class org.mindswap.pellet.jena.PelletReasonerFactory
	at org.broadinstitute.dsde.consent.ontology.match.CSMatchTest.parameterizedTest(CSMatchTest.java:10)

parameterizedTest[CSMatchTest 7: CSC vs. UC2](org.broadinstitute.dsde.consent.ontology.match.CSMatchTest)  Time elapsed: 0.008 sec  <<< ERROR!
java.lang.NoClassDefFoundError: Could not initialize class org.mindswap.pellet.jena.PelletReasonerFactory
	at org.broadinstitute.dsde.consent.ontology.match.CSMatchTest.parameterizedTest(CSMatchTest.java:10)

parameterizedTest[CSMatchTest 8: CSD vs. UC1](org.broadinstitute.dsde.consent.ontology.match.CSMatchTest)  Time elapsed: 0.008 sec  <<< ERROR!
java.lang.NoClassDefFoundError: Could not initialize class org.mindswap.pellet.jena.PelletReasonerFactory
	at org.broadinstitute.dsde.consent.ontology.match.CSMatchTest.parameterizedTest(CSMatchTest.java:10)

parameterizedTest[CSMatchTest 9: CSD vs. UC2](org.broadinstitute.dsde.consent.ontology.match.CSMatchTest)  Time elapsed: 0.012 sec  <<< ERROR!
java.lang.NoClassDefFoundError: Could not initialize class org.mindswap.pellet.jena.PelletReasonerFactory
	at org.broadinstitute.dsde.consent.ontology.match.CSMatchTest.parameterizedTest(CSMatchTest.java:10)

parameterizedTest[CSMatchTest 10: CSD vs. UC4](org.broadinstitute.dsde.consent.ontology.match.CSMatchTest)  Time elapsed: 0.007 sec  <<< ERROR!
java.lang.NoClassDefFoundError: Could not initialize class org.mindswap.pellet.jena.PelletReasonerFactory
	at org.broadinstitute.dsde.consent.ontology.match.CSMatchTest.parameterizedTest(CSMatchTest.java:10)

Running org.broadinstitute.dsde.consent.ontology.resources.SwaggerResourceTest
Tests run: 6, Failures: 1, Errors: 0, Skipped: 0, Time elapsed: 0.164 sec <<< FAILURE! - in org.broadinstitute.dsde.consent.ontology.resources.SwaggerResourceTest
testNotFound(org.broadinstitute.dsde.consent.ontology.resources.SwaggerResourceTest)  Time elapsed: 0.159 sec  <<< FAILURE!
java.lang.AssertionError: expected:<200> but was:<404>
	at org.broadinstitute.dsde.consent.ontology.resources.SwaggerResourceTest.testNotFound(SwaggerResourceTest.java:59)

Running org.broadinstitute.dsde.consent.ontology.resources.ValidationResourceTest
Tests run: 3, Failures: 0, Errors: 0, Skipped: 0, Time elapsed: 0.006 sec - in org.broadinstitute.dsde.consent.ontology.resources.ValidationResourceTest
Running org.broadinstitute.dsde.consent.ontology.resources.OntologySearchResourceTest
Tests run: 3, Failures: 0, Errors: 0, Skipped: 0, Time elapsed: 0.012 sec - in org.broadinstitute.dsde.consent.ontology.resources.OntologySearchResourceTest
Running org.broadinstitute.dsde.consent.ontology.resources.model.DataUseValidatorTest
Tests run: 4, Failures: 0, Errors: 0, Skipped: 0, Time elapsed: 0 sec - in org.broadinstitute.dsde.consent.ontology.resources.model.DataUseValidatorTest
Running org.broadinstitute.dsde.consent.ontology.resources.model.DataUseTest
INFO  [2022-07-15 00:43:16,508] org.eclipse.jetty.util.log: Logging initialized @16761ms
INFO  [2022-07-15 00:43:16,582] io.dropwizard.server.DefaultServerFactory: Registering jersey handler with root path prefix: /
INFO  [2022-07-15 00:43:16,583] io.dropwizard.server.DefaultServerFactory: Registering admin handler with root path prefix: /
INFO  [2022-07-15 00:43:16,588] io.dropwizard.server.SimpleServerFactory: Registering jersey handler with root path prefix: /application
INFO  [2022-07-15 00:43:16,588] io.dropwizard.server.SimpleServerFactory: Registering admin handler with root path prefix: /admin
INFO  [2022-07-15 00:43:16,588] io.dropwizard.server.ServerFactory: Starting FakeApplication
INFO  [2022-07-15 00:43:16,697] org.eclipse.jetty.setuid.SetUIDListener: Opened FakeApplication@329f649d{HTTP/1.1,[http/1.1]}{0.0.0.0:38323}
INFO  [2022-07-15 00:43:16,699] org.eclipse.jetty.server.Server: jetty-9.3.9.v20160517
INFO  [2022-07-15 00:43:17,101] io.dropwizard.jersey.DropwizardResourceConfig: The following paths were found for the configured resources:

    GET     /schemas/data-use (org.broadinstitute.dsde.consent.ontology.resources.DataUseResource)
    POST    /schemas/data-use/consent/translate (org.broadinstitute.dsde.consent.ontology.resources.DataUseResource)
    POST    /schemas/data-use/dar/translate (org.broadinstitute.dsde.consent.ontology.resources.DataUseResource)

INFO  [2022-07-15 00:43:17,102] org.eclipse.jetty.server.handler.ContextHandler: Started i.d.j.MutableServletContextHandler@626a783b{/application,null,AVAILABLE}
INFO  [2022-07-15 00:43:17,105] io.dropwizard.setup.AdminEnvironment: tasks = 

    POST    /tasks/log-level (io.dropwizard.servlets.tasks.LogConfigurationTask)
    POST    /tasks/gc (io.dropwizard.servlets.tasks.GarbageCollectionTask)

INFO  [2022-07-15 00:43:17,110] org.eclipse.jetty.server.handler.ContextHandler: Started i.d.j.MutableServletContextHandler@5e396d2c{/admin,null,AVAILABLE}
INFO  [2022-07-15 00:43:17,116] org.eclipse.jetty.server.AbstractConnector: Started FakeApplication@329f649d{HTTP/1.1,[http/1.1]}{0.0.0.0:38323}
INFO  [2022-07-15 00:43:17,116] org.eclipse.jetty.server.Server: Started @17371ms
INFO  [2022-07-15 00:43:22,533] org.eclipse.jetty.server.AbstractConnector: Stopped FakeApplication@329f649d{HTTP/1.1,[http/1.1]}{0.0.0.0:0}
INFO  [2022-07-15 00:43:22,535] org.eclipse.jetty.server.handler.ContextHandler: Stopped i.d.j.MutableServletContextHandler@5e396d2c{/admin,null,UNAVAILABLE}
INFO  [2022-07-15 00:43:22,543] org.eclipse.jetty.server.handler.ContextHandler: Stopped i.d.j.MutableServletContextHandler@626a783b{/application,null,UNAVAILABLE}
Tests run: 30, Failures: 0, Errors: 0, Skipped: 0, Time elapsed: 6.87 sec - in org.broadinstitute.dsde.consent.ontology.resources.model.DataUseTest
Running org.broadinstitute.dsde.consent.ontology.resources.OntologySearchParentTest
Tests run: 2, Failures: 0, Errors: 0, Skipped: 0, Time elapsed: 0.001 sec - in org.broadinstitute.dsde.consent.ontology.resources.OntologySearchParentTest
Running org.broadinstitute.dsde.consent.ontology.resources.DataUseResourceTest
Tests run: 3, Failures: 0, Errors: 0, Skipped: 0, Time elapsed: 0.006 sec - in org.broadinstitute.dsde.consent.ontology.resources.DataUseResourceTest
Running org.broadinstitute.dsde.consent.ontology.resources.AllTermsResourceTest
Tests run: 2, Failures: 0, Errors: 0, Skipped: 0, Time elapsed: 0.001 sec - in org.broadinstitute.dsde.consent.ontology.resources.AllTermsResourceTest
Running org.broadinstitute.dsde.consent.ontology.DataUseOwlTest
Tests run: 5, Failures: 0, Errors: 5, Skipped: 0, Time elapsed: 0.047 sec <<< FAILURE! - in org.broadinstitute.dsde.consent.ontology.DataUseOwlTest
testNegativeMethodsAgainstInverse(org.broadinstitute.dsde.consent.ontology.DataUseOwlTest)  Time elapsed: 0.012 sec  <<< ERROR!
java.lang.NoClassDefFoundError: Could not initialize class org.mindswap.pellet.jena.PelletReasonerFactory
	at org.broadinstitute.dsde.consent.ontology.DataUseOwlTest.testNegativeMethodsAgainstInverse(DataUseOwlTest.java:40)

testNegativeMethodsAgainstNothing(org.broadinstitute.dsde.consent.ontology.DataUseOwlTest)  Time elapsed: 0.009 sec  <<< ERROR!
java.lang.NoClassDefFoundError: Could not initialize class org.mindswap.pellet.jena.PelletReasonerFactory
	at org.broadinstitute.dsde.consent.ontology.DataUseOwlTest.testNegativeMethodsAgainstNothing(DataUseOwlTest.java:47)

testNegativeAggregateAgainstInverse(org.broadinstitute.dsde.consent.ontology.DataUseOwlTest)  Time elapsed: 0.009 sec  <<< ERROR!
java.lang.NoClassDefFoundError: Could not initialize class org.mindswap.pellet.jena.PelletReasonerFactory
	at org.broadinstitute.dsde.consent.ontology.DataUseOwlTest.testNegativeAggregateAgainstInverse(DataUseOwlTest.java:61)

testNegativeAggregateAgainstNothing(org.broadinstitute.dsde.consent.ontology.DataUseOwlTest)  Time elapsed: 0.008 sec  <<< ERROR!
java.lang.NoClassDefFoundError: Could not initialize class org.mindswap.pellet.jena.PelletReasonerFactory
	at org.broadinstitute.dsde.consent.ontology.DataUseOwlTest.testNegativeAggregateAgainstNothing(DataUseOwlTest.java:68)

testPositiveAggregate(org.broadinstitute.dsde.consent.ontology.DataUseOwlTest)  Time elapsed: 0.009 sec  <<< ERROR!
java.lang.NoClassDefFoundError: Could not initialize class org.mindswap.pellet.jena.PelletReasonerFactory
	at org.broadinstitute.dsde.consent.ontology.DataUseOwlTest.testPositiveAggregate(DataUseOwlTest.java:54)

Running org.broadinstitute.dsde.consent.ontology.TranslateTest
Tests run: 1, Failures: 0, Errors: 0, Skipped: 0, Time elapsed: 0.203 sec - in org.broadinstitute.dsde.consent.ontology.TranslateTest
Running org.broadinstitute.dsde.consent.ontology.datause.builder.DARRestrictionBuilderTest
Tests run: 14, Failures: 0, Errors: 0, Skipped: 0, Time elapsed: 0.003 sec - in org.broadinstitute.dsde.consent.ontology.datause.builder.DARRestrictionBuilderTest
Running org.broadinstitute.dsde.consent.ontology.datause.builder.ConsentRestrictionBuilderTest
Tests run: 17, Failures: 0, Errors: 0, Skipped: 0, Time elapsed: 0.001 sec - in org.broadinstitute.dsde.consent.ontology.datause.builder.ConsentRestrictionBuilderTest
Running org.broadinstitute.dsde.consent.ontology.datause.services.TextTranslationServiceImplTest
Tests run: 1, Failures: 0, Errors: 1, Skipped: 0, Time elapsed: 5.229 sec <<< FAILURE! - in org.broadinstitute.dsde.consent.ontology.datause.services.TextTranslationServiceImplTest
testTranslateSample(org.broadinstitute.dsde.consent.ontology.datause.services.TextTranslationServiceImplTest)  Time elapsed: 5.229 sec  <<< ERROR!
java.lang.NoClassDefFoundError: Could not initialize class org.mindswap.pellet.jena.PelletReasonerFactory
	at org.broadinstitute.dsde.consent.ontology.datause.services.TextTranslationServiceImplTest.testTranslateSample(TextTranslationServiceImplTest.java:53)

Running org.broadinstitute.dsde.consent.ontology.datause.services.HtmlTranslatorTest
Tests run: 1, Failures: 0, Errors: 0, Skipped: 0, Time elapsed: 4.388 sec - in org.broadinstitute.dsde.consent.ontology.datause.services.HtmlTranslatorTest
Running org.broadinstitute.dsde.consent.ontology.datause.models.OrTest
Tests run: 5, Failures: 0, Errors: 1, Skipped: 0, Time elapsed: 0 sec <<< FAILURE! - in org.broadinstitute.dsde.consent.ontology.datause.models.OrTest
testCreateOntologicalRestriction(org.broadinstitute.dsde.consent.ontology.datause.models.OrTest)  Time elapsed: 0 sec  <<< ERROR!
java.lang.NoClassDefFoundError: Could not initialize class org.mindswap.pellet.jena.PelletReasonerFactory
	at org.broadinstitute.dsde.consent.ontology.datause.models.OrTest.testCreateOntologicalRestriction(OrTest.java:58)

Running org.broadinstitute.dsde.consent.ontology.datause.models.AndTest
Tests run: 1, Failures: 0, Errors: 0, Skipped: 0, Time elapsed: 0 sec - in org.broadinstitute.dsde.consent.ontology.datause.models.AndTest
Running org.broadinstitute.dsde.consent.ontology.datause.models.SomeTest
Tests run: 4, Failures: 0, Errors: 1, Skipped: 0, Time elapsed: 0 sec <<< FAILURE! - in org.broadinstitute.dsde.consent.ontology.datause.models.SomeTest
testCreateOntologicalRestriction(org.broadinstitute.dsde.consent.ontology.datause.models.SomeTest)  Time elapsed: 0 sec  <<< ERROR!
java.lang.NoClassDefFoundError: Could not initialize class org.mindswap.pellet.jena.PelletReasonerFactory
	at org.broadinstitute.dsde.consent.ontology.datause.models.SomeTest.testCreateOntologicalRestriction(SomeTest.java:41)

Running org.broadinstitute.dsde.consent.ontology.datause.models.ResearchPurposeTest
Tests run: 4, Failures: 0, Errors: 0, Skipped: 0, Time elapsed: 0 sec - in org.broadinstitute.dsde.consent.ontology.datause.models.ResearchPurposeTest
Running org.broadinstitute.dsde.consent.ontology.datause.models.OnlyTest
Tests run: 4, Failures: 0, Errors: 1, Skipped: 0, Time elapsed: 0 sec <<< FAILURE! - in org.broadinstitute.dsde.consent.ontology.datause.models.OnlyTest
testCreateOntologicalRestriction(org.broadinstitute.dsde.consent.ontology.datause.models.OnlyTest)  Time elapsed: 0 sec  <<< ERROR!
java.lang.NoClassDefFoundError: Could not initialize class org.mindswap.pellet.jena.PelletReasonerFactory
	at org.broadinstitute.dsde.consent.ontology.datause.models.OnlyTest.testCreateOntologicalRestriction(OnlyTest.java:40)

Running org.broadinstitute.dsde.consent.ontology.datause.models.ConsentTest
Tests run: 5, Failures: 0, Errors: 0, Skipped: 0, Time elapsed: 0 sec - in org.broadinstitute.dsde.consent.ontology.datause.models.ConsentTest
Running org.broadinstitute.dsde.consent.ontology.datause.models.visitor.NamedVisitorTest
Tests run: 1, Failures: 0, Errors: 0, Skipped: 0, Time elapsed: 0 sec - in org.broadinstitute.dsde.consent.ontology.datause.models.visitor.NamedVisitorTest
Running org.broadinstitute.dsde.consent.ontology.actor.MatchWorkerActorTest

Results :

Failed tests: 
  SwaggerResourceTest.testNotFound:59 expected:<200> but was:<404>
Tests in error: 
  DataUseOwlTest.testNegativeAggregateAgainstInverse:61 » NoClassDefFound Could ...
  DataUseOwlTest.testNegativeAggregateAgainstNothing:68 » NoClassDefFound Could ...
  DataUseOwlTest.testNegativeMethodsAgainstInverse:40 » NoClassDefFound Could no...
  DataUseOwlTest.testNegativeMethodsAgainstNothing:47 » NoClassDefFound Could no...
  DataUseOwlTest.testPositiveAggregate:54 » NoClassDefFound Could not initialize...
  OnlyTest.testCreateOntologicalRestriction:40 NoClassDefFound Could not initial...
  OrTest.testCreateOntologicalRestriction:58 NoClassDefFound Could not initializ...
  SomeTest.testCreateOntologicalRestriction:41 NoClassDefFound Could not initial...
  TextTranslationServiceImplTest.testTranslateSample:53 » NoClassDefFound Could ...
  CSMatchTest.parameterizedTest:10->MatchTestBase.parameterizedTest:30->TruthTableTests.assertResponse:34 » NoClassDefFound
  CSMatchTest.parameterizedTest:10->MatchTestBase.parameterizedTest:30->TruthTableTests.assertResponse:34 » NoClassDefFound
  CSMatchTest.parameterizedTest:10->MatchTestBase.parameterizedTest:30->TruthTableTests.assertResponse:34 » NoClassDefFound
  CSMatchTest.parameterizedTest:10->MatchTestBase.parameterizedTest:30->TruthTableTests.assertResponse:34 » NoClassDefFound
  CSMatchTest.parameterizedTest:10->MatchTestBase.parameterizedTest:30->TruthTableTests.assertResponse:34 » NoClassDefFound
  CSMatchTest.parameterizedTest:10->MatchTestBase.parameterizedTest:30->TruthTableTests.assertResponse:34 » NoClassDefFound
  CSMatchTest.parameterizedTest:10->MatchTestBase.parameterizedTest:30->TruthTableTests.assertResponse:34 » NoClassDefFound
  CSMatchTest.parameterizedTest:10->MatchTestBase.parameterizedTest:30->TruthTableTests.assertResponse:34 » NoClassDefFound
  CSMatchTest.parameterizedTest:10->MatchTestBase.parameterizedTest:30->TruthTableTests.assertResponse:34 » NoClassDefFound
  CSMatchTest.parameterizedTest:10->MatchTestBase.parameterizedTest:30->TruthTableTests.assertResponse:34 » NoClassDefFound
  CSMatchTest.parameterizedTest:10->MatchTestBase.parameterizedTest:30->TruthTableTests.assertResponse:34 » NoClassDefFound
  HMBMatchTest.parameterizedTest:10->MatchTestBase.parameterizedTest:30->TruthTableTests.assertResponse:34 » NoClassDefFound
  HMBMatchTest.parameterizedTest:10->MatchTestBase.parameterizedTest:30->TruthTableTests.assertResponse:34 » NoClassDefFound
  HMBMatchTest.parameterizedTest:10->MatchTestBase.parameterizedTest:30->TruthTableTests.assertResponse:34 » NoClassDefFound
  HMBMatchTest.parameterizedTest:10->MatchTestBase.parameterizedTest:30->TruthTableTests.assertResponse:34 » NoClassDefFound
  HMBMatchTest.parameterizedTest:10->MatchTestBase.parameterizedTest:30->TruthTableTests.assertResponse:34 » NoClassDefFound
  HMBMatchTest.parameterizedTest:10->MatchTestBase.parameterizedTest:30->TruthTableTests.assertResponse:34 » NoClassDefFound
  HMBMatchTest.parameterizedTest:10->MatchTestBase.parameterizedTest:30->TruthTableTests.assertResponse:34 » NoClassDefFound
  HMBMatchTest.parameterizedTest:10->MatchTestBase.parameterizedTest:30->TruthTableTests.assertResponse:34 » NoClassDefFound
  HMBMatchTest.parameterizedTest:10->MatchTestBase.parameterizedTest:30->TruthTableTests.assertResponse:34 » NoClassDefFound
  HMBMatchTest.parameterizedTest:10->MatchTestBase.parameterizedTest:30->TruthTableTests.assertResponse:34 » NoClassDefFound
  HMBMatchTest.parameterizedTest:10->MatchTestBase.parameterizedTest:30->TruthTableTests.assertResponse:34 » NoClassDefFound
  HMBMatchTest.parameterizedTest:10->MatchTestBase.parameterizedTest:30->TruthTableTests.assertResponse:34 » NoClassDefFound
  HMBMatchTest.parameterizedTest:10->MatchTestBase.parameterizedTest:30->TruthTableTests.assertResponse:34 » NoClassDefFound
  HMBMatchTest.parameterizedTest:10->MatchTestBase.parameterizedTest:30->TruthTableTests.assertResponse:34 » NoClassDefFound
  MRPMatchTest.parameterizedTest:10->MatchTestBase.parameterizedTest:30->TruthTableTests.assertResponse:34 » NoClassDefFound
  MRPMatchTest.parameterizedTest:10->MatchTestBase.parameterizedTest:30->TruthTableTests.assertResponse:34 » NoClassDefFound
  MRPMatchTest.parameterizedTest:10->MatchTestBase.parameterizedTest:30->TruthTableTests.assertResponse:34 » NoClassDefFound
  MRPMatchTest.parameterizedTest:10->MatchTestBase.parameterizedTest:30->TruthTableTests.assertResponse:34 » NoClassDefFound
  MRPMatchTest.parameterizedTest:10->MatchTestBase.parameterizedTest:30->TruthTableTests.assertResponse:34 » NoClassDefFound
  MRPMatchTest.parameterizedTest:10->MatchTestBase.parameterizedTest:30->TruthTableTests.assertResponse:34 » NoClassDefFound
  MRPMatchTest.parameterizedTest:10->MatchTestBase.parameterizedTest:30->TruthTableTests.assertResponse:34 » NoClassDefFound
  MRPMatchTest.parameterizedTest:10->MatchTestBase.parameterizedTest:30->TruthTableTests.assertResponse:34 » NoClassDefFound
  MRPMatchTest.parameterizedTest:10->MatchTestBase.parameterizedTest:30->TruthTableTests.assertResponse:34 » NoClassDefFound
  MRPMatchTest.parameterizedTest:10->MatchTestBase.parameterizedTest:30->TruthTableTests.assertResponse:34 » NoClassDefFound
  MRPMatchTest.parameterizedTest:10->MatchTestBase.parameterizedTest:30->TruthTableTests.assertResponse:34 » NoClassDefFound
  ControlSetMatchTest.testControlSetA_UC1:99->TruthTableTests.assertResponse:34 » ExceptionInInitializer
  ControlSetMatchTest.testControlSetA_UC2:123->TruthTableTests.assertResponse:34 » NoClassDefFound
  ControlSetMatchTest.testControlSetA_UC3:147->TruthTableTests.assertResponse:34 » NoClassDefFound
  ControlSetMatchTest.testControlSetB_UC1:171->TruthTableTests.assertResponse:34 » NoClassDefFound
  ControlSetMatchTest.testControlSetB_UC2:197->TruthTableTests.assertResponse:34 » NoClassDefFound
  ControlSetMatchTest.testControlSetB_UC3:221->TruthTableTests.assertResponse:34 » NoClassDefFound
  ControlSetMatchTest.testControlSetC_UC1:246->TruthTableTests.assertResponse:34 » NoClassDefFound
  ControlSetMatchTest.testControlSetC_UC2:270->TruthTableTests.assertResponse:34 » NoClassDefFound
  ControlSetMatchTest.testControlSetC_UC3:294->TruthTableTests.assertResponse:34 » NoClassDefFound
  ControlSetMatchTest.testDefaultControlSetA_UC1:111->TruthTableTests.assertResponse:34 » NoClassDefFound
  ControlSetMatchTest.testDefaultControlSetA_UC2:135->TruthTableTests.assertResponse:34 » NoClassDefFound
  ControlSetMatchTest.testDefaultControlSetA_UC3:159->TruthTableTests.assertResponse:34 » NoClassDefFound
  ControlSetMatchTest.testDefaultControlSetB_UC1:185->TruthTableTests.assertResponse:34 » NoClassDefFound
  ControlSetMatchTest.testDefaultControlSetB_UC2:209->TruthTableTests.assertResponse:34 » NoClassDefFound
  ControlSetMatchTest.testDefaultControlSetB_UC3:233->TruthTableTests.assertResponse:34 » NoClassDefFound
  ControlSetMatchTest.testDefaultControlSetC_UC1:258->TruthTableTests.assertResponse:34 » NoClassDefFound
  ControlSetMatchTest.testDefaultControlSetC_UC2:282->TruthTableTests.assertResponse:34 » NoClassDefFound
  ControlSetMatchTest.testDefaultControlSetC_UC3:306->TruthTableTests.assertResponse:34 » NoClassDefFound
  MethodsResearchMatchTest.testCSA_mUC4:430->TruthTableTests.assertResponse:34 » NoClassDefFound
  MethodsResearchMatchTest.testCSC_mUC4:442->TruthTableTests.assertResponse:34 » NoClassDefFound
  MethodsResearchMatchTest.testCSD_UC1:454->TruthTableTests.assertResponse:34 » NoClassDefFound
  MethodsResearchMatchTest.testCSD_UC2:467->TruthTableTests.assertResponse:34 » NoClassDefFound
  MethodsResearchMatchTest.testCSD_mUC3:479->TruthTableTests.assertResponse:34 » NoClassDefFound
  MethodsResearchMatchTest.testCSD_mUC4:492->TruthTableTests.assertResponse:34 » NoClassDefFound
  MethodsResearchMatchTest.testDefaultMRPA_UC1:150->TruthTableTests.assertResponse:34 » NoClassDefFound
  MethodsResearchMatchTest.testDefaultMRPA_UC2:175->TruthTableTests.assertResponse:34 » NoClassDefFound
  MethodsResearchMatchTest.testDefaultMRPA_UC3:199->TruthTableTests.assertResponse:34 » NoClassDefFound
  MethodsResearchMatchTest.testDefaultMRPA_UC4:223->TruthTableTests.assertResponse:34 » NoClassDefFound
  MethodsResearchMatchTest.testDefaultMRPB_UC1:248->TruthTableTests.assertResponse:34 » NoClassDefFound
  MethodsResearchMatchTest.testDefaultMRPB_UC2:272->TruthTableTests.assertResponse:34 » NoClassDefFound
  MethodsResearchMatchTest.testDefaultMRPB_UC3:296->TruthTableTests.assertResponse:34 » NoClassDefFound
  MethodsResearchMatchTest.testDefaultMRPB_UC4:320->TruthTableTests.assertResponse:34 » NoClassDefFound
  MethodsResearchMatchTest.testDefaultMRPC_UC1:346->TruthTableTests.assertResponse:34 » NoClassDefFound
  MethodsResearchMatchTest.testDefaultMRPC_UC2:370->TruthTableTests.assertResponse:34 » NoClassDefFound
  MethodsResearchMatchTest.testDefaultMRPC_UC3:394->TruthTableTests.assertResponse:34 » NoClassDefFound
  MethodsResearchMatchTest.testDefaultMRPC_UC4:418->TruthTableTests.assertResponse:34 » NoClassDefFound
  MethodsResearchMatchTest.testMRPA_UC1:138->TruthTableTests.assertResponse:34 » NoClassDefFound
  MethodsResearchMatchTest.testMRPA_UC2:162->TruthTableTests.assertResponse:34 » NoClassDefFound
  MethodsResearchMatchTest.testMRPA_UC3:187->TruthTableTests.assertResponse:34 » NoClassDefFound
  MethodsResearchMatchTest.testMRPA_UC4:211->TruthTableTests.assertResponse:34 » NoClassDefFound
  MethodsResearchMatchTest.testMRPB_UC1:235->TruthTableTests.assertResponse:34 » NoClassDefFound
  MethodsResearchMatchTest.testMRPB_UC2:260->TruthTableTests.assertResponse:34 » NoClassDefFound
  MethodsResearchMatchTest.testMRPB_UC3:284->TruthTableTests.assertResponse:34 » NoClassDefFound
  MethodsResearchMatchTest.testMRPB_UC4:308->TruthTableTests.assertResponse:34 » NoClassDefFound
  MethodsResearchMatchTest.testMRPC_UC1:333->TruthTableTests.assertResponse:34 » NoClassDefFound
  MethodsResearchMatchTest.testMRPC_UC2:358->TruthTableTests.assertResponse:34 » NoClassDefFound
  MethodsResearchMatchTest.testMRPC_UC3:382->TruthTableTests.assertResponse:34 » NoClassDefFound
  MethodsResearchMatchTest.testMRPC_UC4:406->TruthTableTests.assertResponse:34 » NoClassDefFound

Tests run: 221, Failures: 1, Errors: 93, Skipped: 0

[INFO] ------------------------------------------------------------------------
[INFO] BUILD FAILURE
[INFO] ------------------------------------------------------------------------
[INFO] Total time: 38.019 s
[INFO] Finished at: 2022-07-14T17:43:33-07:00
[INFO] ------------------------------------------------------------------------
[ERROR] Failed to execute goal org.apache.maven.plugins:maven-surefire-plugin:2.19.1:test (default-test) on project consent-ontology: Execution default-test of goal org.apache.maven.plugins:maven-surefire-plugin:2.19.1:test failed: The forked VM terminated without properly saying goodbye. VM crash or System.exit called?
[ERROR] Command was /bin/sh -c cd /data-depot/user/Workspace/Reproducibility/Reproducibility-Scanner/reproducer/workspace/Bears-207 && /usr/lib/jvm/java-8-openjdk-amd64/jre/bin/java -Xmx1024m -jar /data-depot/user/Workspace/Reproducibility/Reproducibility-Scanner/reproducer/workspace/Bears-207/target/surefire/surefirebooter2517807163508972590.jar /data-depot/user/Workspace/Reproducibility/Reproducibility-Scanner/reproducer/workspace/Bears-207/target/surefire/surefire4315027437864526490tmp /data-depot/user/Workspace/Reproducibility/Reproducibility-Scanner/reproducer/workspace/Bears-207/target/surefire/surefire_04691783323000922362tmp
[ERROR] -> [Help 1]
[ERROR] 
[ERROR] To see the full stack trace of the errors, re-run Maven with the -e switch.
[ERROR] Re-run Maven using the -X switch to enable full debug logging.
[ERROR] 
[ERROR] For more information about the errors and possible solutions, please read the following articles:
[ERROR] [Help 1] http://cwiki.apache.org/confluence/display/MAVEN/PluginExecutionException
Running the tests related to the bug Bears-207...
The tests related to the bug Bears-207 were executed.