Apache Maven 3.5.4 (1edded0938998edf8bf061f1ceb3cfdeccf443fe; 2018-06-17T11:33:14-07:00)
Maven home: /usr/local/apache-maven
Java version: 1.8.0_312, vendor: Private Build, runtime: /usr/lib/jvm/java-8-openjdk-amd64/jre
Default locale: en_US, platform encoding: UTF-8
OS name: "linux", version: "4.15.0-173-generic", arch: "amd64", family: "unix"
[INFO] Scanning for projects...
[INFO] ------------------------------------------------------------------------
[INFO] Reactor Build Order:
[INFO] 
[INFO] dubbo-parent                                                       [pom]
[INFO] Hessian Lite(Alibaba embed version)                                [jar]
[INFO] dubbo-common                                                       [jar]
[INFO] dubbo-container                                                    [pom]
[INFO] dubbo-container-api                                                [jar]
[INFO] dubbo-container-spring                                             [jar]
[INFO] dubbo-container-log4j                                              [jar]
[INFO] dubbo-container-logback                                            [jar]
[INFO] dubbo-remoting                                                     [pom]
[INFO] dubbo-remoting-api                                                 [jar]
[INFO] dubbo-remoting-netty                                               [jar]
[INFO] dubbo-remoting-mina                                                [jar]
[INFO] dubbo-remoting-grizzly                                             [jar]
[INFO] dubbo-remoting-p2p                                                 [jar]
[INFO] dubbo-remoting-http                                                [jar]
[INFO] dubbo-remoting-zookeeper                                           [jar]
[INFO] dubbo-remoting-netty4                                              [jar]
[INFO] dubbo-rpc                                                          [pom]
[INFO] dubbo-rpc-api                                                      [jar]
[INFO] dubbo-rpc-default                                                  [jar]
[INFO] dubbo-rpc-injvm                                                    [jar]
[INFO] dubbo-rpc-rmi                                                      [jar]
[INFO] dubbo-rpc-hessian                                                  [jar]
[INFO] dubbo-rpc-http                                                     [jar]
[INFO] dubbo-rpc-webservice                                               [jar]
[INFO] dubbo-cluster                                                      [jar]
[INFO] dubbo-registry                                                     [pom]
[INFO] dubbo-registry-api                                                 [jar]
[INFO] dubbo-monitor                                                      [pom]
[INFO] dubbo-monitor-api                                                  [jar]
[INFO] dubbo-filter                                                       [pom]
[INFO] dubbo-filter-validation                                            [jar]
[INFO] dubbo-filter-cache                                                 [jar]
[INFO] dubbo-registry-default                                             [jar]
[INFO] dubbo-monitor-default                                              [jar]
[INFO] dubbo-registry-multicast                                           [jar]
[INFO] dubbo-config                                                       [pom]
[INFO] dubbo-config-api                                                   [jar]
[INFO] dubbo-config-spring                                                [jar]
[INFO] dubbo-rpc-thrift                                                   [jar]
[INFO] dubbo-rpc-memcached                                                [jar]
[INFO] dubbo-rpc-redis                                                    [jar]
[INFO] dubbo-rpc-rest                                                     [jar]
[INFO] dubbo-registry-zookeeper                                           [jar]
[INFO] dubbo-registry-redis                                               [jar]
[INFO] dubbo-demo                                                         [pom]
[INFO] dubbo-demo-api                                                     [jar]
[INFO] dubbo-demo-provider                                                [jar]
[INFO] dubbo-demo-consumer                                                [jar]
[INFO] dubbo-plugin                                                       [pom]
[INFO] dubbo-qos                                                          [jar]
[INFO] dubbo-dependencies-bom                                             [pom]
[INFO] dubbo-bom                                                          [pom]
[INFO] dubbo-all                                                          [jar]
[INFO] dubbo-test                                                         [pom]
[INFO] dubbo-test-benchmark                                               [jar]
[INFO] dubbo-test-compatibility                                           [pom]
[INFO] dubbo-test-spring3                                                 [jar]
[INFO] dubbo-test-integration                                             [jar]
[INFO] dubbo-test-examples                                                [jar]
[INFO] 
[INFO] ----------------------< com.alibaba:dubbo-parent >----------------------
[INFO] Building dubbo-parent 2.6.1                                       [1/60]
[INFO] --------------------------------[ pom ]---------------------------------
[INFO] 
[INFO] --- maven-enforcer-plugin:1.0:enforce (enforce-maven) @ dubbo-parent ---
[INFO] Skipping Rule Enforcement.
[INFO] 
[INFO] ----------------------< com.alibaba:hessian-lite >----------------------
[INFO] Building Hessian Lite(Alibaba embed version) 3.2.1-fixed-2        [2/60]
[INFO] --------------------------------[ jar ]---------------------------------
[INFO] 
[INFO] --- maven-enforcer-plugin:1.0:enforce (enforce-maven) @ hessian-lite ---
[INFO] Skipping Rule Enforcement.
[INFO] 
[INFO] --- maven-resources-plugin:3.0.1:resources (default-resources) @ hessian-lite ---
[INFO] Using 'UTF-8' encoding to copy filtered resources.
[INFO] skip non existing resourceDirectory /data-depot/user/Workspace/Reproducibility/Reproducibility-Scanner/reproducer/workspace/Bears-150/hessian-lite/src/main/resources
[INFO] 
[INFO] --- maven-compiler-plugin:3.6.0:compile (default-compile) @ hessian-lite ---
[INFO] Nothing to compile - all classes are up to date
[INFO] 
[INFO] --- maven-resources-plugin:3.0.1:testResources (default-testResources) @ hessian-lite ---
[INFO] Using 'UTF-8' encoding to copy filtered resources.
[INFO] skip non existing resourceDirectory /data-depot/user/Workspace/Reproducibility/Reproducibility-Scanner/reproducer/workspace/Bears-150/hessian-lite/src/test/resources
[INFO] 
[INFO] --- maven-compiler-plugin:3.6.0:testCompile (default-testCompile) @ hessian-lite ---
[INFO] Nothing to compile - all classes are up to date
[INFO] 
[INFO] --- maven-surefire-plugin:2.19.1:test (default-test) @ hessian-lite ---

-------------------------------------------------------
 T E S T S
-------------------------------------------------------
Running com.alibaba.com.caucho.hessian.io.Hessian2EnumSetTest
Tests run: 3, Failures: 0, Errors: 0, Skipped: 0, Time elapsed: 0.155 sec - in com.alibaba.com.caucho.hessian.io.Hessian2EnumSetTest
Running com.alibaba.com.caucho.hessian.io.HessianJavaSerializeTest
Tests run: 3, Failures: 0, Errors: 0, Skipped: 0, Time elapsed: 0 sec - in com.alibaba.com.caucho.hessian.io.HessianJavaSerializeTest
Running com.alibaba.com.caucho.hessian.io.LocaleSerializerTest
Tests run: 2, Failures: 2, Errors: 0, Skipped: 0, Time elapsed: 0 sec <<< FAILURE! - in com.alibaba.com.caucho.hessian.io.LocaleSerializerTest
hessian1(com.alibaba.com.caucho.hessian.io.LocaleSerializerTest)  Time elapsed: 0 sec  <<< FAILURE!
junit.framework.AssertionFailedError: expected:<zh-hant_CN> but was:<zh_HANT_CN>
	at com.alibaba.com.caucho.hessian.io.LocaleSerializerTest.hessian1(LocaleSerializerTest.java:39)

hessian2(com.alibaba.com.caucho.hessian.io.LocaleSerializerTest)  Time elapsed: 0 sec  <<< FAILURE!
junit.framework.AssertionFailedError: expected:<zh-hant_CN> but was:<zh_HANT_CN>
	at com.alibaba.com.caucho.hessian.io.LocaleSerializerTest.hessian2(LocaleSerializerTest.java:23)

Running com.alibaba.com.caucho.hessian.io.Hessian2StringShortTest
Tests run: 5, Failures: 0, Errors: 0, Skipped: 0, Time elapsed: 0.007 sec - in com.alibaba.com.caucho.hessian.io.Hessian2StringShortTest
Running com.alibaba.com.caucho.hessian.io.java8.Java8TimeSerializerTest
Tests run: 16, Failures: 0, Errors: 0, Skipped: 0, Time elapsed: 0.053 sec - in com.alibaba.com.caucho.hessian.io.java8.Java8TimeSerializerTest
Running com.alibaba.com.caucho.hessian.io.SerializerFactoryTest
Tests run: 4, Failures: 0, Errors: 0, Skipped: 0, Time elapsed: 0.016 sec - in com.alibaba.com.caucho.hessian.io.SerializerFactoryTest

Results :

Failed tests: 
  LocaleSerializerTest.hessian1:39 expected:<zh-hant_CN> but was:<zh_HANT_CN>
  LocaleSerializerTest.hessian2:23 expected:<zh-hant_CN> but was:<zh_HANT_CN>

Tests run: 33, Failures: 2, Errors: 0, Skipped: 0

[INFO] ------------------------------------------------------------------------
[INFO] Reactor Summary:
[INFO] 
[INFO] dubbo-parent 2.6.1 ................................. SUCCESS [  0.296 s]
[INFO] Hessian Lite(Alibaba embed version) 3.2.1-fixed-2 .. FAILURE [  1.506 s]
[INFO] dubbo-common ....................................... SKIPPED
[INFO] dubbo-container .................................... SKIPPED
[INFO] dubbo-container-api ................................ SKIPPED
[INFO] dubbo-container-spring ............................. SKIPPED
[INFO] dubbo-container-log4j .............................. SKIPPED
[INFO] dubbo-container-logback ............................ SKIPPED
[INFO] dubbo-remoting ..................................... SKIPPED
[INFO] dubbo-remoting-api ................................. SKIPPED
[INFO] dubbo-remoting-netty ............................... SKIPPED
[INFO] dubbo-remoting-mina ................................ SKIPPED
[INFO] dubbo-remoting-grizzly ............................. SKIPPED
[INFO] dubbo-remoting-p2p ................................. SKIPPED
[INFO] dubbo-remoting-http ................................ SKIPPED
[INFO] dubbo-remoting-zookeeper ........................... SKIPPED
[INFO] dubbo-remoting-netty4 .............................. SKIPPED
[INFO] dubbo-rpc .......................................... SKIPPED
[INFO] dubbo-rpc-api ...................................... SKIPPED
[INFO] dubbo-rpc-default .................................. SKIPPED
[INFO] dubbo-rpc-injvm .................................... SKIPPED
[INFO] dubbo-rpc-rmi ...................................... SKIPPED
[INFO] dubbo-rpc-hessian .................................. SKIPPED
[INFO] dubbo-rpc-http ..................................... SKIPPED
[INFO] dubbo-rpc-webservice ............................... SKIPPED
[INFO] dubbo-cluster ...................................... SKIPPED
[INFO] dubbo-registry ..................................... SKIPPED
[INFO] dubbo-registry-api ................................. SKIPPED
[INFO] dubbo-monitor ...................................... SKIPPED
[INFO] dubbo-monitor-api .................................. SKIPPED
[INFO] dubbo-filter ....................................... SKIPPED
[INFO] dubbo-filter-validation ............................ SKIPPED
[INFO] dubbo-filter-cache ................................. SKIPPED
[INFO] dubbo-registry-default ............................. SKIPPED
[INFO] dubbo-monitor-default .............................. SKIPPED
[INFO] dubbo-registry-multicast ........................... SKIPPED
[INFO] dubbo-config ....................................... SKIPPED
[INFO] dubbo-config-api ................................... SKIPPED
[INFO] dubbo-config-spring ................................ SKIPPED
[INFO] dubbo-rpc-thrift ................................... SKIPPED
[INFO] dubbo-rpc-memcached ................................ SKIPPED
[INFO] dubbo-rpc-redis .................................... SKIPPED
[INFO] dubbo-rpc-rest ..................................... SKIPPED
[INFO] dubbo-registry-zookeeper ........................... SKIPPED
[INFO] dubbo-registry-redis ............................... SKIPPED
[INFO] dubbo-demo ......................................... SKIPPED
[INFO] dubbo-demo-api ..................................... SKIPPED
[INFO] dubbo-demo-provider ................................ SKIPPED
[INFO] dubbo-demo-consumer ................................ SKIPPED
[INFO] dubbo-plugin ....................................... SKIPPED
[INFO] dubbo-qos .......................................... SKIPPED
[INFO] dubbo-dependencies-bom ............................. SKIPPED
[INFO] dubbo-bom .......................................... SKIPPED
[INFO] dubbo-all .......................................... SKIPPED
[INFO] dubbo-test ......................................... SKIPPED
[INFO] dubbo-test-benchmark ............................... SKIPPED
[INFO] dubbo-test-compatibility ........................... SKIPPED
[INFO] dubbo-test-spring3 ................................. SKIPPED
[INFO] dubbo-test-integration ............................. SKIPPED
[INFO] dubbo-test-examples 2.6.1 .......................... SKIPPED
[INFO] ------------------------------------------------------------------------
[INFO] BUILD FAILURE
[INFO] ------------------------------------------------------------------------
[INFO] Total time: 2.345 s
[INFO] Finished at: 2022-07-13T21:07:24-07:00
[INFO] ------------------------------------------------------------------------
[ERROR] Failed to execute goal org.apache.maven.plugins:maven-surefire-plugin:2.19.1:test (default-test) on project hessian-lite: There are test failures.
[ERROR] 
[ERROR] Please refer to /data-depot/user/Workspace/Reproducibility/Reproducibility-Scanner/reproducer/workspace/Bears-150/hessian-lite/target/surefire-reports for the individual test results.
[ERROR] -> [Help 1]
[ERROR] 
[ERROR] To see the full stack trace of the errors, re-run Maven with the -e switch.
[ERROR] Re-run Maven using the -X switch to enable full debug logging.
[ERROR] 
[ERROR] For more information about the errors and possible solutions, please read the following articles:
[ERROR] [Help 1] http://cwiki.apache.org/confluence/display/MAVEN/MojoFailureException
[ERROR] 
[ERROR] After correcting the problems, you can resume the build with the command
[ERROR]   mvn <goals> -rf :hessian-lite
Running the tests related to the bug Bears-150...
The tests related to the bug Bears-150 were executed.