Apache Maven 3.5.4 (1edded0938998edf8bf061f1ceb3cfdeccf443fe; 2018-06-17T11:33:14-07:00)
Maven home: /usr/local/apache-maven
Java version: 1.8.0_312, vendor: Private Build, runtime: /usr/lib/jvm/java-8-openjdk-amd64/jre
Default locale: en_US, platform encoding: UTF-8
OS name: "linux", version: "4.15.0-173-generic", arch: "amd64", family: "unix"
[INFO] Scanning for projects...
[INFO] ------------------------------------------------------------------------
[INFO] Reactor Build Order:
[INFO] 
[INFO] cucumber-seeds-parent                                              [pom]
[INFO] seeds-core                                                         [jar]
[INFO] seeds-db                                                           [jar]
[INFO] test-steps                                                         [jar]
[INFO] 
[INFO] ----------------< com.github.smallcreep.cucumber:seeds >----------------
[INFO] Building cucumber-seeds-parent 0.0.1-SNAPSHOT                      [1/4]
[INFO] --------------------------------[ pom ]---------------------------------
[INFO] 
[INFO] --- maven-enforcer-plugin:1.4.1:enforce (enforce-maven) @ seeds ---
[INFO] Skipping Rule Enforcement.
[INFO] 
[INFO] --- buildnumber-maven-plugin:1.4:create (jcabi-build-number) @ seeds ---
[INFO] ShortRevision tag detected. The value is '7'.
[INFO] Executing: /bin/sh -c cd '/data-depot/user/Workspace/Reproducibility/Reproducibility-Scanner/reproducer/workspace/Bears-240' && 'git' 'rev-parse' '--verify' '--short=7' 'HEAD'
[INFO] Working directory: /data-depot/user/Workspace/Reproducibility/Reproducibility-Scanner/reproducer/workspace/Bears-240
[INFO] Storing buildNumber: null at timestamp: 2022-07-14T19:21:28
[WARNING] Cannot get the branch information from the git repository: 
Detecting the current branch failed: fatal: not a git repository: /data-depot/user/Workspace/Reproducibility/Reproducibility-Scanner/reproducer/workspace/Bears-240/../../.git/modules/benchmarks/bears-benchmark

[INFO] ShortRevision tag detected. The value is '7'.
[INFO] Executing: /bin/sh -c cd '/data-depot/user/Workspace/Reproducibility/Reproducibility-Scanner/reproducer/workspace/Bears-240' && 'git' 'rev-parse' '--verify' '--short=7' 'HEAD'
[INFO] Working directory: /data-depot/user/Workspace/Reproducibility/Reproducibility-Scanner/reproducer/workspace/Bears-240
[INFO] Storing buildScmBranch: UNKNOWN_BRANCH
[INFO] 
[INFO] --- buildnumber-maven-plugin:1.4:create-timestamp (jcabi-build-number) @ seeds ---
[INFO] 
[INFO] -------------< com.github.smallcreep.cucumber:seeds-core >--------------
[INFO] Building seeds-core 0.0.1-SNAPSHOT                                 [2/4]
[INFO] --------------------------------[ jar ]---------------------------------
[INFO] 
[INFO] --- maven-enforcer-plugin:1.4.1:enforce (enforce-maven) @ seeds-core ---
[INFO] Skipping Rule Enforcement.
[INFO] 
[INFO] --- buildnumber-maven-plugin:1.4:create (jcabi-build-number) @ seeds-core ---
[INFO] ShortRevision tag detected. The value is '7'.
[INFO] Executing: /bin/sh -c cd '/data-depot/user/Workspace/Reproducibility/Reproducibility-Scanner/reproducer/workspace/Bears-240/seeds-core' && 'git' 'rev-parse' '--verify' '--short=7' 'HEAD'
[INFO] Working directory: /data-depot/user/Workspace/Reproducibility/Reproducibility-Scanner/reproducer/workspace/Bears-240/seeds-core
[INFO] Storing buildNumber: null at timestamp: 2022-07-14T19:21:28
[WARNING] Cannot get the branch information from the git repository: 
Detecting the current branch failed: fatal: not a git repository: /data-depot/user/Workspace/Reproducibility/Reproducibility-Scanner/reproducer/workspace/Bears-240/../../.git/modules/benchmarks/bears-benchmark

[INFO] ShortRevision tag detected. The value is '7'.
[INFO] Executing: /bin/sh -c cd '/data-depot/user/Workspace/Reproducibility/Reproducibility-Scanner/reproducer/workspace/Bears-240/seeds-core' && 'git' 'rev-parse' '--verify' '--short=7' 'HEAD'
[INFO] Working directory: /data-depot/user/Workspace/Reproducibility/Reproducibility-Scanner/reproducer/workspace/Bears-240/seeds-core
[INFO] Storing buildScmBranch: UNKNOWN_BRANCH
[INFO] 
[INFO] --- buildnumber-maven-plugin:1.4:create-timestamp (jcabi-build-number) @ seeds-core ---
[INFO] 
[INFO] --- maven-resources-plugin:3.0.1:resources (default-resources) @ seeds-core ---
[INFO] Using 'UTF-8' encoding to copy filtered resources.
[INFO] skip non existing resourceDirectory /data-depot/user/Workspace/Reproducibility/Reproducibility-Scanner/reproducer/workspace/Bears-240/seeds-core/src/main/resources
[INFO] 
[INFO] --- maven-compiler-plugin:3.7.0:compile (default-compile) @ seeds-core ---
[INFO] Changes detected - recompiling the module!
[INFO] Compiling 21 source files to /data-depot/user/Workspace/Reproducibility/Reproducibility-Scanner/reproducer/workspace/Bears-240/seeds-core/target/classes
[INFO] 
[INFO] --- maven-resources-plugin:3.0.1:testResources (default-testResources) @ seeds-core ---
[INFO] Using 'UTF-8' encoding to copy filtered resources.
[INFO] skip non existing resourceDirectory /data-depot/user/Workspace/Reproducibility/Reproducibility-Scanner/reproducer/workspace/Bears-240/seeds-core/src/test/resources
[INFO] 
[INFO] --- maven-compiler-plugin:3.7.0:testCompile (default-testCompile) @ seeds-core ---
[INFO] Nothing to compile - all classes are up to date
[INFO] 
[INFO] --- maven-surefire-plugin:2.19.1:test (default-test) @ seeds-core ---

-------------------------------------------------------
 T E S T S
-------------------------------------------------------
Running com.github.smallcreep.cucumber.seeds.context.CxSimpleTest
Tests run: 5, Failures: 0, Errors: 0, Skipped: 0, Time elapsed: 0.078 sec - in com.github.smallcreep.cucumber.seeds.context.CxSimpleTest
Running com.github.smallcreep.cucumber.seeds.suit.StSimpleTest
Tests run: 3, Failures: 0, Errors: 0, Skipped: 0, Time elapsed: 0.015 sec - in com.github.smallcreep.cucumber.seeds.suit.StSimpleTest
Running com.github.smallcreep.cucumber.seeds.props.PrMapTest
Tests run: 1, Failures: 0, Errors: 0, Skipped: 0, Time elapsed: 0.069 sec - in com.github.smallcreep.cucumber.seeds.props.PrMapTest
Running com.github.smallcreep.cucumber.seeds.scenario.ScSimpleTest
Tests run: 1, Failures: 0, Errors: 0, Skipped: 0, Time elapsed: 0.013 sec - in com.github.smallcreep.cucumber.seeds.scenario.ScSimpleTest
Running com.github.smallcreep.cucumber.seeds.context.CxJoinedTest
Tests run: 4, Failures: 0, Errors: 0, Skipped: 0, Time elapsed: 0.076 sec - in com.github.smallcreep.cucumber.seeds.context.CxJoinedTest
Running com.github.smallcreep.cucumber.seeds.suit.StDefaultTest
Tests run: 2, Failures: 1, Errors: 0, Skipped: 0, Time elapsed: 0.077 sec <<< FAILURE! - in com.github.smallcreep.cucumber.seeds.suit.StDefaultTest
checkSystemPropertiesOverriddenInContext(com.github.smallcreep.cucumber.seeds.suit.StDefaultTest)  Time elapsed: 0.077 sec  <<< FAILURE!
java.lang.AssertionError: 

Expected: "overridden"
     but: was "test2"
	at org.hamcrest.MatcherAssert.assertThat(MatcherAssert.java:20)
	at org.hamcrest.MatcherAssert.assertThat(MatcherAssert.java:8)
	at com.github.smallcreep.cucumber.seeds.suit.StDefaultTest.checkSystemPropertiesOverriddenInContext(StDefaultTest.java:62)
	at sun.reflect.NativeMethodAccessorImpl.invoke0(Native Method)
	at sun.reflect.NativeMethodAccessorImpl.invoke(NativeMethodAccessorImpl.java:62)
	at sun.reflect.DelegatingMethodAccessorImpl.invoke(DelegatingMethodAccessorImpl.java:43)
	at java.lang.reflect.Method.invoke(Method.java:498)
	at org.junit.runners.model.FrameworkMethod$1.runReflectiveCall(FrameworkMethod.java:50)
	at org.junit.internal.runners.model.ReflectiveCallable.run(ReflectiveCallable.java:12)
	at org.junit.runners.model.FrameworkMethod.invokeExplosively(FrameworkMethod.java:47)
	at org.junit.internal.runners.statements.InvokeMethod.evaluate(InvokeMethod.java:17)
	at org.junit.runners.ParentRunner.runLeaf(ParentRunner.java:325)
	at org.junit.runners.BlockJUnit4ClassRunner.runChild(BlockJUnit4ClassRunner.java:78)
	at org.junit.runners.BlockJUnit4ClassRunner.runChild(BlockJUnit4ClassRunner.java:57)
	at org.junit.runners.ParentRunner$3.run(ParentRunner.java:290)
	at org.apache.maven.surefire.junitcore.pc.Scheduler$1.run(Scheduler.java:393)
	at java.util.concurrent.Executors$RunnableAdapter.call(Executors.java:511)
	at java.util.concurrent.FutureTask.run(FutureTask.java:266)
	at java.util.concurrent.ThreadPoolExecutor.runWorker(ThreadPoolExecutor.java:1149)
	at java.util.concurrent.ThreadPoolExecutor$Worker.run(ThreadPoolExecutor.java:624)
	at java.lang.Thread.run(Thread.java:748)

Running com.github.smallcreep.cucumber.seeds.suit.StEnvelopeTest
Tests run: 3, Failures: 0, Errors: 0, Skipped: 0, Time elapsed: 0.014 sec - in com.github.smallcreep.cucumber.seeds.suit.StEnvelopeTest
Running com.github.smallcreep.cucumber.seeds.suit.StSmartTest
Tests run: 4, Failures: 0, Errors: 0, Skipped: 0, Time elapsed: 0.073 sec - in com.github.smallcreep.cucumber.seeds.suit.StSmartTest
Running com.github.smallcreep.cucumber.seeds.context.CxPropertiesTest
Tests run: 3, Failures: 0, Errors: 0, Skipped: 0, Time elapsed: 0.076 sec - in com.github.smallcreep.cucumber.seeds.context.CxPropertiesTest

Results :

Failed tests: 
  StDefaultTest.checkSystemPropertiesOverriddenInContext:62 
Expected: "overridden"
     but: was "test2"

Tests run: 26, Failures: 1, Errors: 0, Skipped: 0

[INFO] ------------------------------------------------------------------------
[INFO] Reactor Summary:
[INFO] 
[INFO] cucumber-seeds-parent 0.0.1-SNAPSHOT ............... SUCCESS [  0.726 s]
[INFO] seeds-core ......................................... FAILURE [  2.144 s]
[INFO] seeds-db ........................................... SKIPPED
[INFO] test-steps 0.0.1-SNAPSHOT .......................... SKIPPED
[INFO] ------------------------------------------------------------------------
[INFO] BUILD FAILURE
[INFO] ------------------------------------------------------------------------
[INFO] Total time: 3.325 s
[INFO] Finished at: 2022-07-14T19:21:30-07:00
[INFO] ------------------------------------------------------------------------
[ERROR] Failed to execute goal org.apache.maven.plugins:maven-surefire-plugin:2.19.1:test (default-test) on project seeds-core: There are test failures.
[ERROR] 
[ERROR] Please refer to /data-depot/user/Workspace/Reproducibility/Reproducibility-Scanner/reproducer/workspace/Bears-240/seeds-core/target/surefire-reports for the individual test results.
[ERROR] -> [Help 1]
[ERROR] 
[ERROR] To see the full stack trace of the errors, re-run Maven with the -e switch.
[ERROR] Re-run Maven using the -X switch to enable full debug logging.
[ERROR] 
[ERROR] For more information about the errors and possible solutions, please read the following articles:
[ERROR] [Help 1] http://cwiki.apache.org/confluence/display/MAVEN/MojoFailureException
[ERROR] 
[ERROR] After correcting the problems, you can resume the build with the command
[ERROR]   mvn <goals> -rf :seeds-core
Running the tests related to the bug Bears-240...
The tests related to the bug Bears-240 were executed.