Apache Maven 3.6.3
Maven home: /usr/share/maven
Java version: 1.8.0_342, vendor: Private Build, runtime: /usr/lib/jvm/java-8-openjdk-amd64/jre
Default locale: en_US, platform encoding: UTF-8
OS name: "linux", version: "5.15.0-41-generic", arch: "amd64", family: "unix"
[INFO] Scanning for projects...
[WARNING] 
[WARNING] Some problems were encountered while building the effective model for org.apache.servicecomb:java-chassis-parent:pom:0.6.0-SNAPSHOT
[WARNING] 'build.plugins.plugin.version' for org.apache.rat:apache-rat-plugin is missing. @ org.apache.servicecomb:java-chassis:0.6.0-SNAPSHOT, /On-the-Reproducibility/section-2/reproducibility-scanner/reproducer/workspace/Bears-153/pom.xml, line 200, column 15
[WARNING] 
[WARNING] Some problems were encountered while building the effective model for org.apache.servicecomb:java-chassis-dependencies:pom:0.6.0-SNAPSHOT
[WARNING] 'build.plugins.plugin.version' for org.apache.rat:apache-rat-plugin is missing. @ org.apache.servicecomb:java-chassis:0.6.0-SNAPSHOT, /On-the-Reproducibility/section-2/reproducibility-scanner/reproducer/workspace/Bears-153/pom.xml, line 200, column 15
[WARNING] 
[WARNING] Some problems were encountered while building the effective model for org.apache.servicecomb:common-javassist:jar:0.6.0-SNAPSHOT
[WARNING] 'build.plugins.plugin.version' for org.apache.rat:apache-rat-plugin is missing. @ org.apache.servicecomb:java-chassis:0.6.0-SNAPSHOT, /On-the-Reproducibility/section-2/reproducibility-scanner/reproducer/workspace/Bears-153/pom.xml, line 200, column 15
[WARNING] 
[WARNING] Some problems were encountered while building the effective model for org.apache.servicecomb:common-protobuf:jar:0.6.0-SNAPSHOT
[WARNING] 'build.plugins.plugin.version' for org.apache.rat:apache-rat-plugin is missing. @ org.apache.servicecomb:java-chassis:0.6.0-SNAPSHOT, /On-the-Reproducibility/section-2/reproducibility-scanner/reproducer/workspace/Bears-153/pom.xml, line 200, column 15
[WARNING] 
[WARNING] Some problems were encountered while building the effective model for org.apache.servicecomb:common-rest:jar:0.6.0-SNAPSHOT
[WARNING] 'build.plugins.plugin.version' for org.apache.rat:apache-rat-plugin is missing. @ org.apache.servicecomb:java-chassis:0.6.0-SNAPSHOT, /On-the-Reproducibility/section-2/reproducibility-scanner/reproducer/workspace/Bears-153/pom.xml, line 200, column 15
[WARNING] 
[WARNING] Some problems were encountered while building the effective model for org.apache.servicecomb:common:pom:0.6.0-SNAPSHOT
[WARNING] 'build.plugins.plugin.version' for org.apache.rat:apache-rat-plugin is missing. @ org.apache.servicecomb:java-chassis:0.6.0-SNAPSHOT, /On-the-Reproducibility/section-2/reproducibility-scanner/reproducer/workspace/Bears-153/pom.xml, line 200, column 15
[WARNING] 
[WARNING] Some problems were encountered while building the effective model for org.apache.servicecomb:foundation-vertx:jar:0.6.0-SNAPSHOT
[WARNING] 'build.plugins.plugin.version' for org.apache.rat:apache-rat-plugin is missing. @ org.apache.servicecomb:java-chassis:0.6.0-SNAPSHOT, /On-the-Reproducibility/section-2/reproducibility-scanner/reproducer/workspace/Bears-153/pom.xml, line 200, column 15
[WARNING] 
[WARNING] Some problems were encountered while building the effective model for org.apache.servicecomb:foundation-common:jar:0.6.0-SNAPSHOT
[WARNING] 'build.plugins.plugin.version' for org.apache.rat:apache-rat-plugin is missing. @ org.apache.servicecomb:java-chassis:0.6.0-SNAPSHOT, /On-the-Reproducibility/section-2/reproducibility-scanner/reproducer/workspace/Bears-153/pom.xml, line 200, column 15
[WARNING] 
[WARNING] Some problems were encountered while building the effective model for org.apache.servicecomb:foundation-config:jar:0.6.0-SNAPSHOT
[WARNING] 'build.plugins.plugin.version' for org.apache.rat:apache-rat-plugin is missing. @ org.apache.servicecomb:java-chassis:0.6.0-SNAPSHOT, /On-the-Reproducibility/section-2/reproducibility-scanner/reproducer/workspace/Bears-153/pom.xml, line 200, column 15
[WARNING] 
[WARNING] Some problems were encountered while building the effective model for org.apache.servicecomb:foundation-config-cc:jar:0.6.0-SNAPSHOT
[WARNING] 'build.plugins.plugin.version' for org.apache.rat:apache-rat-plugin is missing. @ org.apache.servicecomb:java-chassis:0.6.0-SNAPSHOT, /On-the-Reproducibility/section-2/reproducibility-scanner/reproducer/workspace/Bears-153/pom.xml, line 200, column 15
[WARNING] 
[WARNING] Some problems were encountered while building the effective model for org.apache.servicecomb:foundation-metrics:jar:0.6.0-SNAPSHOT
[WARNING] 'build.plugins.plugin.version' for org.apache.rat:apache-rat-plugin is missing. @ org.apache.servicecomb:java-chassis:0.6.0-SNAPSHOT, /On-the-Reproducibility/section-2/reproducibility-scanner/reproducer/workspace/Bears-153/pom.xml, line 200, column 15
[WARNING] 
[WARNING] Some problems were encountered while building the effective model for org.apache.servicecomb:foundation-ssl:jar:0.6.0-SNAPSHOT
[WARNING] 'build.plugins.plugin.version' for org.apache.rat:apache-rat-plugin is missing. @ org.apache.servicecomb:java-chassis:0.6.0-SNAPSHOT, /On-the-Reproducibility/section-2/reproducibility-scanner/reproducer/workspace/Bears-153/pom.xml, line 200, column 15
[WARNING] 
[WARNING] Some problems were encountered while building the effective model for org.apache.servicecomb:foundation-test-scaffolding:jar:0.6.0-SNAPSHOT
[WARNING] 'build.plugins.plugin.version' for org.apache.rat:apache-rat-plugin is missing. @ org.apache.servicecomb:java-chassis:0.6.0-SNAPSHOT, /On-the-Reproducibility/section-2/reproducibility-scanner/reproducer/workspace/Bears-153/pom.xml, line 200, column 15
[WARNING] 
[WARNING] Some problems were encountered while building the effective model for org.apache.servicecomb:foundations:pom:0.6.0-SNAPSHOT
[WARNING] 'build.plugins.plugin.version' for org.apache.rat:apache-rat-plugin is missing. @ org.apache.servicecomb:java-chassis:0.6.0-SNAPSHOT, /On-the-Reproducibility/section-2/reproducibility-scanner/reproducer/workspace/Bears-153/pom.xml, line 200, column 15
[WARNING] 
[WARNING] Some problems were encountered while building the effective model for org.apache.servicecomb:handler-tracing-zipkin:jar:0.6.0-SNAPSHOT
[WARNING] 'build.plugins.plugin.version' for org.apache.rat:apache-rat-plugin is missing. @ org.apache.servicecomb:java-chassis:0.6.0-SNAPSHOT, /On-the-Reproducibility/section-2/reproducibility-scanner/reproducer/workspace/Bears-153/pom.xml, line 200, column 15
[WARNING] 
[WARNING] Some problems were encountered while building the effective model for org.apache.servicecomb:handler-bizkeeper:jar:0.6.0-SNAPSHOT
[WARNING] 'build.plugins.plugin.version' for org.apache.rat:apache-rat-plugin is missing. @ org.apache.servicecomb:java-chassis:0.6.0-SNAPSHOT, /On-the-Reproducibility/section-2/reproducibility-scanner/reproducer/workspace/Bears-153/pom.xml, line 200, column 15
[WARNING] 
[WARNING] Some problems were encountered while building the effective model for org.apache.servicecomb:handler-flowcontrol-qps:jar:0.6.0-SNAPSHOT
[WARNING] 'build.plugins.plugin.version' for org.apache.rat:apache-rat-plugin is missing. @ org.apache.servicecomb:java-chassis:0.6.0-SNAPSHOT, /On-the-Reproducibility/section-2/reproducibility-scanner/reproducer/workspace/Bears-153/pom.xml, line 200, column 15
[WARNING] 
[WARNING] Some problems were encountered while building the effective model for org.apache.servicecomb:handler-loadbalance:jar:0.6.0-SNAPSHOT
[WARNING] 'build.plugins.plugin.version' for org.apache.rat:apache-rat-plugin is missing. @ org.apache.servicecomb:java-chassis:0.6.0-SNAPSHOT, /On-the-Reproducibility/section-2/reproducibility-scanner/reproducer/workspace/Bears-153/pom.xml, line 200, column 15
[WARNING] 
[WARNING] Some problems were encountered while building the effective model for org.apache.servicecomb:handler-publickey-auth:jar:0.6.0-SNAPSHOT
[WARNING] 'build.plugins.plugin.version' for org.apache.rat:apache-rat-plugin is missing. @ org.apache.servicecomb:java-chassis:0.6.0-SNAPSHOT, /On-the-Reproducibility/section-2/reproducibility-scanner/reproducer/workspace/Bears-153/pom.xml, line 200, column 15
[WARNING] 
[WARNING] Some problems were encountered while building the effective model for org.apache.servicecomb:handlers:pom:0.6.0-SNAPSHOT
[WARNING] 'build.plugins.plugin.version' for org.apache.rat:apache-rat-plugin is missing. @ org.apache.servicecomb:java-chassis:0.6.0-SNAPSHOT, /On-the-Reproducibility/section-2/reproducibility-scanner/reproducer/workspace/Bears-153/pom.xml, line 200, column 15
[WARNING] 
[WARNING] Some problems were encountered while building the effective model for org.apache.servicecomb:provider-jaxrs:jar:0.6.0-SNAPSHOT
[WARNING] 'build.plugins.plugin.version' for org.apache.rat:apache-rat-plugin is missing. @ org.apache.servicecomb:java-chassis:0.6.0-SNAPSHOT, /On-the-Reproducibility/section-2/reproducibility-scanner/reproducer/workspace/Bears-153/pom.xml, line 200, column 15
[WARNING] 
[WARNING] Some problems were encountered while building the effective model for org.apache.servicecomb:provider-pojo:jar:0.6.0-SNAPSHOT
[WARNING] 'build.plugins.plugin.version' for org.apache.rat:apache-rat-plugin is missing. @ org.apache.servicecomb:java-chassis:0.6.0-SNAPSHOT, /On-the-Reproducibility/section-2/reproducibility-scanner/reproducer/workspace/Bears-153/pom.xml, line 200, column 15
[WARNING] 
[WARNING] Some problems were encountered while building the effective model for org.apache.servicecomb:provider-rest-common:jar:0.6.0-SNAPSHOT
[WARNING] 'build.plugins.plugin.version' for org.apache.rat:apache-rat-plugin is missing. @ org.apache.servicecomb:java-chassis:0.6.0-SNAPSHOT, /On-the-Reproducibility/section-2/reproducibility-scanner/reproducer/workspace/Bears-153/pom.xml, line 200, column 15
[WARNING] 
[WARNING] Some problems were encountered while building the effective model for org.apache.servicecomb:provider-springmvc:jar:0.6.0-SNAPSHOT
[WARNING] 'build.plugins.plugin.version' for org.apache.rat:apache-rat-plugin is missing. @ org.apache.servicecomb:java-chassis:0.6.0-SNAPSHOT, /On-the-Reproducibility/section-2/reproducibility-scanner/reproducer/workspace/Bears-153/pom.xml, line 200, column 15
[WARNING] 
[WARNING] Some problems were encountered while building the effective model for org.apache.servicecomb:providers:pom:0.6.0-SNAPSHOT
[WARNING] 'build.plugins.plugin.version' for org.apache.rat:apache-rat-plugin is missing. @ org.apache.servicecomb:java-chassis:0.6.0-SNAPSHOT, /On-the-Reproducibility/section-2/reproducibility-scanner/reproducer/workspace/Bears-153/pom.xml, line 200, column 15
[WARNING] 
[WARNING] Some problems were encountered while building the effective model for org.apache.servicecomb:transport-highway:jar:0.6.0-SNAPSHOT
[WARNING] 'build.plugins.plugin.version' for org.apache.rat:apache-rat-plugin is missing. @ org.apache.servicecomb:java-chassis:0.6.0-SNAPSHOT, /On-the-Reproducibility/section-2/reproducibility-scanner/reproducer/workspace/Bears-153/pom.xml, line 200, column 15
[WARNING] 
[WARNING] Some problems were encountered while building the effective model for org.apache.servicecomb:transport-rest-vertx:jar:0.6.0-SNAPSHOT
[WARNING] 'build.plugins.plugin.version' for org.apache.rat:apache-rat-plugin is missing. @ org.apache.servicecomb:java-chassis:0.6.0-SNAPSHOT, /On-the-Reproducibility/section-2/reproducibility-scanner/reproducer/workspace/Bears-153/pom.xml, line 200, column 15
[WARNING] 
[WARNING] Some problems were encountered while building the effective model for org.apache.servicecomb:transport-rest-servlet:jar:0.6.0-SNAPSHOT
[WARNING] 'build.plugins.plugin.version' for org.apache.rat:apache-rat-plugin is missing. @ org.apache.servicecomb:java-chassis:0.6.0-SNAPSHOT, /On-the-Reproducibility/section-2/reproducibility-scanner/reproducer/workspace/Bears-153/pom.xml, line 200, column 15
[WARNING] 
[WARNING] Some problems were encountered while building the effective model for org.apache.servicecomb:transport-rest-client:jar:0.6.0-SNAPSHOT
[WARNING] 'build.plugins.plugin.version' for org.apache.rat:apache-rat-plugin is missing. @ org.apache.servicecomb:java-chassis:0.6.0-SNAPSHOT, /On-the-Reproducibility/section-2/reproducibility-scanner/reproducer/workspace/Bears-153/pom.xml, line 200, column 15
[WARNING] 
[WARNING] Some problems were encountered while building the effective model for org.apache.servicecomb:transport-rest:pom:0.6.0-SNAPSHOT
[WARNING] 'build.plugins.plugin.version' for org.apache.rat:apache-rat-plugin is missing. @ org.apache.servicecomb:java-chassis:0.6.0-SNAPSHOT, /On-the-Reproducibility/section-2/reproducibility-scanner/reproducer/workspace/Bears-153/pom.xml, line 200, column 15
[WARNING] 
[WARNING] Some problems were encountered while building the effective model for org.apache.servicecomb:transports:pom:0.6.0-SNAPSHOT
[WARNING] 'build.plugins.plugin.version' for org.apache.rat:apache-rat-plugin is missing. @ org.apache.servicecomb:java-chassis:0.6.0-SNAPSHOT, /On-the-Reproducibility/section-2/reproducibility-scanner/reproducer/workspace/Bears-153/pom.xml, line 200, column 15
[WARNING] 
[WARNING] Some problems were encountered while building the effective model for org.apache.servicecomb:swagger-generator-core:jar:0.6.0-SNAPSHOT
[WARNING] 'build.plugins.plugin.version' for org.apache.rat:apache-rat-plugin is missing. @ org.apache.servicecomb:java-chassis:0.6.0-SNAPSHOT, /On-the-Reproducibility/section-2/reproducibility-scanner/reproducer/workspace/Bears-153/pom.xml, line 200, column 15
[WARNING] 
[WARNING] Some problems were encountered while building the effective model for org.apache.servicecomb:swagger-generator-jaxrs:jar:0.6.0-SNAPSHOT
[WARNING] 'build.plugins.plugin.version' for org.apache.rat:apache-rat-plugin is missing. @ org.apache.servicecomb:java-chassis:0.6.0-SNAPSHOT, /On-the-Reproducibility/section-2/reproducibility-scanner/reproducer/workspace/Bears-153/pom.xml, line 200, column 15
[WARNING] 
[WARNING] Some problems were encountered while building the effective model for org.apache.servicecomb:swagger-generator-springmvc:jar:0.6.0-SNAPSHOT
[WARNING] 'build.plugins.plugin.version' for org.apache.rat:apache-rat-plugin is missing. @ org.apache.servicecomb:java-chassis:0.6.0-SNAPSHOT, /On-the-Reproducibility/section-2/reproducibility-scanner/reproducer/workspace/Bears-153/pom.xml, line 200, column 15
[WARNING] 
[WARNING] Some problems were encountered while building the effective model for org.apache.servicecomb:swagger-generator:pom:0.6.0-SNAPSHOT
[WARNING] 'build.plugins.plugin.version' for org.apache.rat:apache-rat-plugin is missing. @ org.apache.servicecomb:java-chassis:0.6.0-SNAPSHOT, /On-the-Reproducibility/section-2/reproducibility-scanner/reproducer/workspace/Bears-153/pom.xml, line 200, column 15
[WARNING] 
[WARNING] Some problems were encountered while building the effective model for org.apache.servicecomb:swagger-invocation-core:jar:0.6.0-SNAPSHOT
[WARNING] 'build.plugins.plugin.version' for org.apache.rat:apache-rat-plugin is missing. @ org.apache.servicecomb:java-chassis:0.6.0-SNAPSHOT, /On-the-Reproducibility/section-2/reproducibility-scanner/reproducer/workspace/Bears-153/pom.xml, line 200, column 15
[WARNING] 
[WARNING] Some problems were encountered while building the effective model for org.apache.servicecomb:swagger-invocation-jaxrs:jar:0.6.0-SNAPSHOT
[WARNING] 'build.plugins.plugin.version' for org.apache.rat:apache-rat-plugin is missing. @ org.apache.servicecomb:java-chassis:0.6.0-SNAPSHOT, /On-the-Reproducibility/section-2/reproducibility-scanner/reproducer/workspace/Bears-153/pom.xml, line 200, column 15
[WARNING] 
[WARNING] Some problems were encountered while building the effective model for org.apache.servicecomb:swagger-invocation-springmvc:jar:0.6.0-SNAPSHOT
[WARNING] 'build.plugins.plugin.version' for org.apache.rat:apache-rat-plugin is missing. @ org.apache.servicecomb:java-chassis:0.6.0-SNAPSHOT, /On-the-Reproducibility/section-2/reproducibility-scanner/reproducer/workspace/Bears-153/pom.xml, line 200, column 15
[WARNING] 
[WARNING] Some problems were encountered while building the effective model for org.apache.servicecomb:swagger-invocation:pom:0.6.0-SNAPSHOT
[WARNING] 'build.plugins.plugin.version' for org.apache.rat:apache-rat-plugin is missing. @ org.apache.servicecomb:java-chassis:0.6.0-SNAPSHOT, /On-the-Reproducibility/section-2/reproducibility-scanner/reproducer/workspace/Bears-153/pom.xml, line 200, column 15
[WARNING] 
[WARNING] Some problems were encountered while building the effective model for org.apache.servicecomb:swagger:pom:0.6.0-SNAPSHOT
[WARNING] 'build.plugins.plugin.version' for org.apache.rat:apache-rat-plugin is missing. @ org.apache.servicecomb:java-chassis:0.6.0-SNAPSHOT, /On-the-Reproducibility/section-2/reproducibility-scanner/reproducer/workspace/Bears-153/pom.xml, line 200, column 15
[WARNING] 
[WARNING] Some problems were encountered while building the effective model for org.apache.servicecomb:java-chassis-core:jar:0.6.0-SNAPSHOT
[WARNING] 'build.plugins.plugin.version' for org.apache.rat:apache-rat-plugin is missing. @ org.apache.servicecomb:java-chassis:0.6.0-SNAPSHOT, /On-the-Reproducibility/section-2/reproducibility-scanner/reproducer/workspace/Bears-153/pom.xml, line 200, column 15
[WARNING] 
[WARNING] Some problems were encountered while building the effective model for org.apache.servicecomb:service-registry:jar:0.6.0-SNAPSHOT
[WARNING] 'build.plugins.plugin.version' for org.apache.rat:apache-rat-plugin is missing. @ org.apache.servicecomb:java-chassis:0.6.0-SNAPSHOT, /On-the-Reproducibility/section-2/reproducibility-scanner/reproducer/workspace/Bears-153/pom.xml, line 200, column 15
[WARNING] 
[WARNING] Some problems were encountered while building the effective model for org.apache.servicecomb:spring-boot-starter-configuration:jar:0.6.0-SNAPSHOT
[WARNING] 'build.plugins.plugin.version' for org.apache.rat:apache-rat-plugin is missing. @ org.apache.servicecomb:java-chassis:0.6.0-SNAPSHOT, /On-the-Reproducibility/section-2/reproducibility-scanner/reproducer/workspace/Bears-153/pom.xml, line 200, column 15
[WARNING] 
[WARNING] Some problems were encountered while building the effective model for org.apache.servicecomb:spring-boot-starter-provider:jar:0.6.0-SNAPSHOT
[WARNING] 'build.plugins.plugin.version' for org.apache.rat:apache-rat-plugin is missing. @ org.apache.servicecomb:java-chassis:0.6.0-SNAPSHOT, /On-the-Reproducibility/section-2/reproducibility-scanner/reproducer/workspace/Bears-153/pom.xml, line 200, column 15
[WARNING] 
[WARNING] Some problems were encountered while building the effective model for org.apache.servicecomb:spring-boot-starter-transport:jar:0.6.0-SNAPSHOT
[WARNING] 'build.plugins.plugin.version' for org.apache.rat:apache-rat-plugin is missing. @ org.apache.servicecomb:java-chassis:0.6.0-SNAPSHOT, /On-the-Reproducibility/section-2/reproducibility-scanner/reproducer/workspace/Bears-153/pom.xml, line 200, column 15
[WARNING] 
[WARNING] Some problems were encountered while building the effective model for org.apache.servicecomb:spring-boot-starter-discovery:jar:0.6.0-SNAPSHOT
[WARNING] 'build.plugins.plugin.version' for org.apache.rat:apache-rat-plugin is missing. @ org.apache.servicecomb:java-chassis:0.6.0-SNAPSHOT, /On-the-Reproducibility/section-2/reproducibility-scanner/reproducer/workspace/Bears-153/pom.xml, line 200, column 15
[WARNING] 
[WARNING] Some problems were encountered while building the effective model for org.apache.servicecomb:spring-boot-starter-registry:jar:0.6.0-SNAPSHOT
[WARNING] 'build.plugins.plugin.version' for org.apache.rat:apache-rat-plugin is missing. @ org.apache.servicecomb:java-chassis:0.6.0-SNAPSHOT, /On-the-Reproducibility/section-2/reproducibility-scanner/reproducer/workspace/Bears-153/pom.xml, line 200, column 15
[WARNING] 
[WARNING] Some problems were encountered while building the effective model for org.apache.servicecomb:spring-cloud-zuul:jar:0.6.0-SNAPSHOT
[WARNING] 'build.plugins.plugin.version' for org.apache.rat:apache-rat-plugin is missing. @ org.apache.servicecomb:java-chassis:0.6.0-SNAPSHOT, /On-the-Reproducibility/section-2/reproducibility-scanner/reproducer/workspace/Bears-153/pom.xml, line 200, column 15
[WARNING] 
[WARNING] Some problems were encountered while building the effective model for org.apache.servicecomb:spring-cloud-zuul-zipkin:jar:0.6.0-SNAPSHOT
[WARNING] 'build.plugins.plugin.version' for org.apache.rat:apache-rat-plugin is missing. @ org.apache.servicecomb:java-chassis:0.6.0-SNAPSHOT, /On-the-Reproducibility/section-2/reproducibility-scanner/reproducer/workspace/Bears-153/pom.xml, line 200, column 15
[WARNING] 
[WARNING] Some problems were encountered while building the effective model for org.apache.servicecomb:spring-boot-starter-servicecomb:jar:0.6.0-SNAPSHOT
[WARNING] 'build.plugins.plugin.version' for org.apache.rat:apache-rat-plugin is missing. @ org.apache.servicecomb:java-chassis:0.6.0-SNAPSHOT, /On-the-Reproducibility/section-2/reproducibility-scanner/reproducer/workspace/Bears-153/pom.xml, line 200, column 15
[WARNING] 
[WARNING] Some problems were encountered while building the effective model for org.apache.servicecomb:spring-boot-starter-parent:pom:0.6.0-SNAPSHOT
[WARNING] 'build.plugins.plugin.version' for org.apache.rat:apache-rat-plugin is missing. @ org.apache.servicecomb:java-chassis:0.6.0-SNAPSHOT, /On-the-Reproducibility/section-2/reproducibility-scanner/reproducer/workspace/Bears-153/pom.xml, line 200, column 15
[WARNING] 
[WARNING] Some problems were encountered while building the effective model for org.apache.servicecomb:tracing-common:jar:0.6.0-SNAPSHOT
[WARNING] 'build.plugins.plugin.version' for org.apache.rat:apache-rat-plugin is missing. @ org.apache.servicecomb:java-chassis:0.6.0-SNAPSHOT, /On-the-Reproducibility/section-2/reproducibility-scanner/reproducer/workspace/Bears-153/pom.xml, line 200, column 15
[WARNING] 
[WARNING] Some problems were encountered while building the effective model for org.apache.servicecomb:tracing-zipkin:jar:0.6.0-SNAPSHOT
[WARNING] 'build.plugins.plugin.version' for org.apache.rat:apache-rat-plugin is missing. @ org.apache.servicecomb:java-chassis:0.6.0-SNAPSHOT, /On-the-Reproducibility/section-2/reproducibility-scanner/reproducer/workspace/Bears-153/pom.xml, line 200, column 15
[WARNING] 
[WARNING] Some problems were encountered while building the effective model for org.apache.servicecomb:tracing:pom:0.6.0-SNAPSHOT
[WARNING] 'build.plugins.plugin.version' for org.apache.rat:apache-rat-plugin is missing. @ org.apache.servicecomb:java-chassis:0.6.0-SNAPSHOT, /On-the-Reproducibility/section-2/reproducibility-scanner/reproducer/workspace/Bears-153/pom.xml, line 200, column 15
[WARNING] 
[WARNING] Some problems were encountered while building the effective model for org.apache.servicecomb:edge-core:jar:0.6.0-SNAPSHOT
[WARNING] 'build.plugins.plugin.version' for org.apache.rat:apache-rat-plugin is missing. @ org.apache.servicecomb:java-chassis:0.6.0-SNAPSHOT, /On-the-Reproducibility/section-2/reproducibility-scanner/reproducer/workspace/Bears-153/pom.xml, line 200, column 15
[WARNING] 
[WARNING] Some problems were encountered while building the effective model for org.apache.servicecomb:edge:pom:0.6.0-SNAPSHOT
[WARNING] 'build.plugins.plugin.version' for org.apache.rat:apache-rat-plugin is missing. @ org.apache.servicecomb:java-chassis:0.6.0-SNAPSHOT, /On-the-Reproducibility/section-2/reproducibility-scanner/reproducer/workspace/Bears-153/pom.xml, line 200, column 15
[WARNING] 
[WARNING] Some problems were encountered while building the effective model for org.apache.servicecomb:metrics-common:jar:0.6.0-SNAPSHOT
[WARNING] 'build.plugins.plugin.version' for org.apache.rat:apache-rat-plugin is missing. @ org.apache.servicecomb:java-chassis:0.6.0-SNAPSHOT, /On-the-Reproducibility/section-2/reproducibility-scanner/reproducer/workspace/Bears-153/pom.xml, line 200, column 15
[WARNING] 
[WARNING] Some problems were encountered while building the effective model for org.apache.servicecomb:metrics-core:jar:0.6.0-SNAPSHOT
[WARNING] 'build.plugins.plugin.version' for org.apache.rat:apache-rat-plugin is missing. @ org.apache.servicecomb:java-chassis:0.6.0-SNAPSHOT, /On-the-Reproducibility/section-2/reproducibility-scanner/reproducer/workspace/Bears-153/pom.xml, line 200, column 15
[WARNING] 
[WARNING] Some problems were encountered while building the effective model for org.apache.servicecomb:metrics-extension:pom:0.6.0-SNAPSHOT
[WARNING] 'build.plugins.plugin.version' for org.apache.rat:apache-rat-plugin is missing. @ org.apache.servicecomb:java-chassis:0.6.0-SNAPSHOT, /On-the-Reproducibility/section-2/reproducibility-scanner/reproducer/workspace/Bears-153/pom.xml, line 200, column 15
[WARNING] 
[WARNING] Some problems were encountered while building the effective model for org.apache.servicecomb:metrics-prometheus:jar:0.6.0-SNAPSHOT
[WARNING] 'build.plugins.plugin.version' for org.apache.rat:apache-rat-plugin is missing. @ org.apache.servicecomb:java-chassis:0.6.0-SNAPSHOT, /On-the-Reproducibility/section-2/reproducibility-scanner/reproducer/workspace/Bears-153/pom.xml, line 200, column 15
[WARNING] 
[WARNING] Some problems were encountered while building the effective model for org.apache.servicecomb:metrics-integration:pom:0.6.0-SNAPSHOT
[WARNING] 'build.plugins.plugin.version' for org.apache.rat:apache-rat-plugin is missing. @ org.apache.servicecomb:java-chassis:0.6.0-SNAPSHOT, /On-the-Reproducibility/section-2/reproducibility-scanner/reproducer/workspace/Bears-153/pom.xml, line 200, column 15
[WARNING] 
[WARNING] Some problems were encountered while building the effective model for org.apache.servicecomb:metrics:pom:0.6.0-SNAPSHOT
[WARNING] 'build.plugins.plugin.version' for org.apache.rat:apache-rat-plugin is missing. @ org.apache.servicecomb:java-chassis:0.6.0-SNAPSHOT, /On-the-Reproducibility/section-2/reproducibility-scanner/reproducer/workspace/Bears-153/pom.xml, line 200, column 15
[WARNING] 
[WARNING] Some problems were encountered while building the effective model for org.apache.servicecomb:config-apollo:jar:0.6.0-SNAPSHOT
[WARNING] 'build.plugins.plugin.version' for org.apache.rat:apache-rat-plugin is missing. @ org.apache.servicecomb:java-chassis:0.6.0-SNAPSHOT, /On-the-Reproducibility/section-2/reproducibility-scanner/reproducer/workspace/Bears-153/pom.xml, line 200, column 15
[WARNING] 
[WARNING] Some problems were encountered while building the effective model for org.apache.servicecomb:dynamic-config:pom:0.6.0-SNAPSHOT
[WARNING] 'build.plugins.plugin.version' for org.apache.rat:apache-rat-plugin is missing. @ org.apache.servicecomb:java-chassis:0.6.0-SNAPSHOT, /On-the-Reproducibility/section-2/reproducibility-scanner/reproducer/workspace/Bears-153/pom.xml, line 200, column 15
[WARNING] 
[WARNING] Some problems were encountered while building the effective model for org.apache.servicecomb:java-chassis:pom:0.6.0-SNAPSHOT
[WARNING] 'build.plugins.plugin.version' for org.apache.rat:apache-rat-plugin is missing. @ line 200, column 15
[WARNING] 
[WARNING] It is highly recommended to fix these problems because they threaten the stability of your build.
[WARNING] 
[WARNING] For this reason, future Maven versions might no longer support building such malformed projects.
[WARNING] 
[INFO] ------------------------------------------------------------------------
[INFO] Reactor Build Order:
[INFO] 
[INFO] ServiceComb Java Chassis                                           [pom]
[INFO] Java Chassis::Dependencies                                         [pom]
[INFO] Java Chassis::Parent                                               [pom]
[INFO] Java Chassis::Foundations                                          [pom]
[INFO] Java Chassis::Foundations::Common                                  [jar]
[INFO] Java Chassis::Common                                               [pom]
[INFO] Java Chassis::Common::Javassist                                    [jar]
[INFO] Java Chassis::Foundations::Test Scaffolding                        [jar]
[INFO] Java Chassis::Foundations::Config                                  [jar]
[INFO] Java Chassis::Foundations::SSL                                     [jar]
[INFO] Java Chassis::Foundations::Vertx                                   [jar]
[INFO] Java Chassis::Service Registry                                     [jar]
[INFO] Java Chassis::Swagger                                              [pom]
[INFO] Java Chassis::Swagger::Generator                                   [pom]
[INFO] Java Chassis::Swagger::Generator::Core                             [jar]
[INFO] Java Chassis::Swagger::Generator::Jaxrs                            [jar]
[INFO] Java Chassis::Swagger::Invocation                                  [pom]
[INFO] Java Chassis::Swagger::Invocation::Core                            [jar]
[INFO] Java Chassis::Foundations::Metrics                                 [jar]
[INFO] Java Chassis::Core                                                 [jar]
[INFO] Java Chassis::Common::Protobuf                                     [jar]
[INFO] Java Chassis::Common::Rest                                         [jar]
[INFO] Java Chassis::Foundations::Config CC                               [jar]
[INFO] Java Chassis::Handlers                                             [pom]
[INFO] Java Chassis::Handlers::Tracing Zipkin                             [jar]
[INFO] Java Chassis::Handlers::Bizkeeper                                  [jar]
[INFO] Java Chassis::Handlers::Flow Control QPS                           [jar]
[INFO] Java Chassis::Handlers::Loadbalance                                [jar]
[INFO] Java Chassis::Handlers::PublicKey Auth                             [jar]
[INFO] Java Chassis::Providers                                            [pom]
[INFO] Java Chassis::Providers::Rest Common                               [jar]
[INFO] Java Chassis::Swagger::Invocation::JAXRS                           [jar]
[INFO] Java Chassis::Providers::JAXRS                                     [jar]
[INFO] Java Chassis::Providers::POJO                                      [jar]
[INFO] Java Chassis::Swagger::Invocation::Spring MVC                      [jar]
[INFO] Java Chassis::Swagger::Generator::Spring MVC                       [jar]
[INFO] Java Chassis::Providers::Spring MVC                                [jar]
[INFO] Java Chassis::Transports                                           [pom]
[INFO] Java Chassis::Transports::Hightway                                 [jar]
[INFO] Java Chassis::Transports::Rest                                     [pom]
[INFO] Java Chassis::Transports::Rest::Client                             [jar]
[INFO] Java Chassis::Transports::Rest::Vertx                              [jar]
[INFO] Java Chassis::Transports::Rest::Servlet                            [jar]
[INFO] Java Chassis::Spring Boot Starter::Parent                          [pom]
[INFO] Java Chassis::Spring Boot Starter::Configuration                   [jar]
[INFO] Java Chassis::Spring Boot Starter::ServiceComb                     [jar]
[INFO] Java Chassis::Spring Boot Starter::Provider                        [jar]
[INFO] Java Chassis::Spring Boot Starter::Transport                       [jar]
[INFO] Java Chassis::Spring Boot Starter::Discovery                       [jar]
[INFO] Java Chassis::Spring Boot Starter::Registry                        [jar]
[INFO] Java Chassis::Spring Boot Starter::Spring Cloud Zuul               [jar]
[INFO] Java Chassis::Spring Boot Starter::Spring Cloud Zuul Zipkin        [jar]
[INFO] Java Chassis::Tracing                                              [pom]
[INFO] Java Chassis::Tracing::Common                                      [jar]
[INFO] tracing-zipkin                                                     [jar]
[INFO] Java Chassis::Edge                                                 [pom]
[INFO] Java Chassis::Edge::Core                                           [jar]
[INFO] Java Chassis::Metrics                                              [pom]
[INFO] Java Chassis::Metrics::Common                                      [jar]
[INFO] Java Chassis::Metrics::Core                                        [jar]
[INFO] metrics-extension                                                  [pom]
[INFO] Java Chassis::Metrics::Integration                                 [pom]
[INFO] metrics-prometheus                                                 [jar]
[INFO] Java Chassis::Dynamic Config                                       [pom]
[INFO] Java Chassis::Dynamic Config::Apollo                               [jar]
[INFO] 
[INFO] ----------------< org.apache.servicecomb:java-chassis >-----------------
[INFO] Building ServiceComb Java Chassis 0.6.0-SNAPSHOT                  [1/65]
[INFO] --------------------------------[ pom ]---------------------------------
[INFO] 
[INFO] ----------< org.apache.servicecomb:java-chassis-dependencies >----------
[INFO] Building Java Chassis::Dependencies 0.6.0-SNAPSHOT                [2/65]
[INFO] --------------------------------[ pom ]---------------------------------
[INFO] 
[INFO] -------------< org.apache.servicecomb:java-chassis-parent >-------------
[INFO] Building Java Chassis::Parent 0.6.0-SNAPSHOT                      [3/65]
[INFO] --------------------------------[ pom ]---------------------------------
[INFO] 
[INFO] --- maven-remote-resources-plugin:1.5:process (default) @ java-chassis-parent ---
[INFO] 
[INFO] -----------------< org.apache.servicecomb:foundations >-----------------
[INFO] Building Java Chassis::Foundations 0.6.0-SNAPSHOT                 [4/65]
[INFO] --------------------------------[ pom ]---------------------------------
[INFO] 
[INFO] --- maven-remote-resources-plugin:1.5:process (default) @ foundations ---
[INFO] 
[INFO] --------------< org.apache.servicecomb:foundation-common >--------------
[INFO] Building Java Chassis::Foundations::Common 0.6.0-SNAPSHOT         [5/65]
[INFO] --------------------------------[ jar ]---------------------------------
[INFO] 
[INFO] --- maven-remote-resources-plugin:1.5:process (default) @ foundation-common ---
[INFO] 
[INFO] --- maven-resources-plugin:2.6:resources (default-resources) @ foundation-common ---
[INFO] Using 'UTF-8' encoding to copy filtered resources.
[INFO] Copying 4 resources
[INFO] Copying 4 resources
[INFO] 
[INFO] --- maven-compiler-plugin:3.1:compile (default-compile) @ foundation-common ---
[INFO] Nothing to compile - all classes are up to date
[INFO] 
[INFO] --- maven-resources-plugin:2.6:testResources (default-testResources) @ foundation-common ---
[INFO] Using 'UTF-8' encoding to copy filtered resources.
[INFO] Copying 11 resources
[INFO] Copying 4 resources
[INFO] 
[INFO] --- maven-compiler-plugin:3.1:testCompile (default-testCompile) @ foundation-common ---
[INFO] Nothing to compile - all classes are up to date
[INFO] 
[INFO] --- maven-surefire-plugin:2.18.1:test (default-test) @ foundation-common ---
[INFO] Surefire report directory: /On-the-Reproducibility/section-2/reproducibility-scanner/reproducer/workspace/Bears-153/foundations/foundation-common/target/surefire-reports

-------------------------------------------------------
 T E S T S
-------------------------------------------------------
Running org.apache.servicecomb.foundation.common.part.TestFilePart
Running org.apache.servicecomb.foundation.common.cache.TestVersionedCache
Tests run: 4, Failures: 0, Errors: 0, Skipped: 0, Time elapsed: 0.048 sec - in org.apache.servicecomb.foundation.common.part.TestFilePart
Running org.apache.servicecomb.foundation.common.event.TestEventBus
Tests run: 10, Failures: 0, Errors: 0, Skipped: 0, Time elapsed: 0.09 sec - in org.apache.servicecomb.foundation.common.cache.TestVersionedCache
Running org.apache.servicecomb.foundation.common.net.TestIpPort
Tests run: 1, Failures: 0, Errors: 0, Skipped: 0, Time elapsed: 0.001 sec - in org.apache.servicecomb.foundation.common.net.TestIpPort
Running org.apache.servicecomb.foundation.common.net.TestNetUtils
2022-08-17 00:15:31,228 [main           ] INFO  NetUtils                       - add network interface name:eth0,host address:172.17.0.10
2022-08-17 00:15:31,229 [main           ] INFO  NetUtils                       - add host name from localhost:c54519622e17,host address:172.17.0.10
2022-08-17 00:15:31,364 [main           ] ERROR NetUtils                       - address 1.1.1.1:8080 is not valid.
Tests run: 7, Failures: 0, Errors: 0, Skipped: 0, Time elapsed: 0.21 sec - in org.apache.servicecomb.foundation.common.net.TestNetUtils
Running org.apache.servicecomb.foundation.common.net.TestURIEndpointObject
Tests run: 3, Failures: 0, Errors: 0, Skipped: 0, Time elapsed: 0.009 sec - in org.apache.servicecomb.foundation.common.net.TestURIEndpointObject
Running org.apache.servicecomb.foundation.common.part.TestInputStreamPart
Tests run: 2, Failures: 0, Errors: 0, Skipped: 0, Time elapsed: 0.022 sec - in org.apache.servicecomb.foundation.common.part.TestInputStreamPart
Running org.apache.servicecomb.foundation.common.part.TestResourcePart
Tests run: 2, Failures: 0, Errors: 0, Skipped: 0, Time elapsed: 0 sec - in org.apache.servicecomb.foundation.common.part.TestResourcePart
Running org.apache.servicecomb.foundation.common.part.TestAbstractPart
Tests run: 13, Failures: 0, Errors: 0, Skipped: 0, Time elapsed: 0.012 sec - in org.apache.servicecomb.foundation.common.part.TestAbstractPart
Running org.apache.servicecomb.foundation.common.event.TestEventManager
Tests run: 2, Failures: 0, Errors: 0, Skipped: 0, Time elapsed: 0.069 sec - in org.apache.servicecomb.foundation.common.event.TestEventManager
Running org.apache.servicecomb.foundation.common.utils.TestRollingFileAppenderExt
Tests run: 1, Failures: 0, Errors: 0, Skipped: 0, Time elapsed: 0.113 sec - in org.apache.servicecomb.foundation.common.utils.TestRollingFileAppenderExt
Running org.apache.servicecomb.foundation.common.utils.TestRSAUtil
Tests run: 2, Failures: 0, Errors: 0, Skipped: 0, Time elapsed: 0.329 sec - in org.apache.servicecomb.foundation.common.utils.TestRSAUtil
Running org.apache.servicecomb.foundation.common.utils.TestFortifyUtils
Tests run: 6, Failures: 0, Errors: 0, Skipped: 0, Time elapsed: 0.032 sec - in org.apache.servicecomb.foundation.common.utils.TestFortifyUtils
Running org.apache.servicecomb.foundation.common.http.TestHttpStatusUtils
Tests run: 3, Failures: 0, Errors: 0, Skipped: 0, Time elapsed: 0.009 sec - in org.apache.servicecomb.foundation.common.http.TestHttpStatusUtils
Running org.apache.servicecomb.foundation.common.config.TestConfig
2022-08-17 00:15:32,263 [INFO] Write merged log4j config file to /On-the-Reproducibility/section-2/reproducibility-scanner/reproducer/workspace/Bears-153/foundations/foundation-common/target/test-classes/config/merged.log4j.properties org.apache.servicecomb.foundation.common.utils.Log4jUtils.outputFile(Log4jUtils.java:103)
Tests run: 1, Failures: 0, Errors: 0, Skipped: 0, Time elapsed: 1.175 sec - in org.apache.servicecomb.foundation.common.event.TestEventBus
Running org.apache.servicecomb.foundation.common.utils.TestBeanUtils
2022-08-17 00:15:32,288 [INFO] Refreshing org.springframework.context.support.ClassPathXmlApplicationContext@7ce69770: startup date [Wed Aug 17 00:15:32 PDT 2022]; root of context hierarchy org.springframework.context.support.AbstractApplicationContext.prepareRefresh(AbstractApplicationContext.java:582)
2022-08-17 00:15:32,339 [INFO] Loading XML bean definitions from file [/On-the-Reproducibility/section-2/reproducibility-scanner/reproducer/workspace/Bears-153/foundations/foundation-common/target/test-classes/META-INF/spring/common.bean.xml] org.springframework.beans.factory.xml.XmlBeanDefinitionReader.loadBeanDefinitions(XmlBeanDefinitionReader.java:317)
Tests run: 1, Failures: 0, Errors: 0, Skipped: 0, Time elapsed: 0.15 sec - in org.apache.servicecomb.foundation.common.utils.TestBeanUtils
Running org.apache.servicecomb.foundation.common.utils.TestSPIServiceUtils
2022-08-17 00:15:32,445 [INFO] Loading XML bean definitions from file [/On-the-Reproducibility/section-2/reproducibility-scanner/reproducer/workspace/Bears-153/foundations/foundation-common/target/test-classes/META-INF/spring/config.bean.xml] org.springframework.beans.factory.xml.XmlBeanDefinitionReader.loadBeanDefinitions(XmlBeanDefinitionReader.java:317)
2022-08-17 00:15:32,483 [INFO] Loading XML bean definitions from file [/On-the-Reproducibility/section-2/reproducibility-scanner/reproducer/workspace/Bears-153/foundations/foundation-common/target/classes/META-INF/spring/common.bean.xml] org.springframework.beans.factory.xml.XmlBeanDefinitionReader.loadBeanDefinitions(XmlBeanDefinitionReader.java:317)
2022-08-17 00:15:32,582 [main           ] INFO  SPIServiceUtils                - get the SPI service success, the extend service is: class org.apache.servicecomb.foundation.common.utils.SPIServiceDefImpl
2022-08-17 00:15:32,584 [main           ] INFO  SPIServiceUtils                - Can not get the SPI service, the interface type is: interface org.apache.servicecomb.foundation.common.utils.SPIServiceDef0
Tests run: 3, Failures: 0, Errors: 0, Skipped: 0, Time elapsed: 0.144 sec - in org.apache.servicecomb.foundation.common.utils.TestSPIServiceUtils
Running org.apache.servicecomb.foundation.common.spring.TestPaasNamespaceHandler
Tests run: 1, Failures: 0, Errors: 0, Skipped: 0, Time elapsed: 0.017 sec - in org.apache.servicecomb.foundation.common.spring.TestPaasNamespaceHandler
Running org.apache.servicecomb.foundation.common.http.TestHttpStatus
Tests run: 5, Failures: 0, Errors: 0, Skipped: 0, Time elapsed: 0.003 sec - in org.apache.servicecomb.foundation.common.http.TestHttpStatus
Tests run: 8, Failures: 0, Errors: 0, Skipped: 0, Time elapsed: 0.868 sec - in org.apache.servicecomb.foundation.common.config.TestConfig

Results :

Tests run: 75, Failures: 0, Errors: 0, Skipped: 0

[INFO] 
[INFO] -------------------< org.apache.servicecomb:common >--------------------
[INFO] Building Java Chassis::Common 0.6.0-SNAPSHOT                      [6/65]
[INFO] --------------------------------[ pom ]---------------------------------
[INFO] 
[INFO] --- maven-remote-resources-plugin:1.5:process (default) @ common ---
[INFO] 
[INFO] --------------< org.apache.servicecomb:common-javassist >---------------
[INFO] Building Java Chassis::Common::Javassist 0.6.0-SNAPSHOT           [7/65]
[INFO] --------------------------------[ jar ]---------------------------------
[INFO] 
[INFO] --- maven-remote-resources-plugin:1.5:process (default) @ common-javassist ---
[INFO] 
[INFO] --- maven-resources-plugin:2.6:resources (default-resources) @ common-javassist ---
[INFO] Using 'UTF-8' encoding to copy filtered resources.
[INFO] skip non existing resourceDirectory /On-the-Reproducibility/section-2/reproducibility-scanner/reproducer/workspace/Bears-153/common/common-javassist/src/main/resources
[INFO] Copying 4 resources
[INFO] 
[INFO] --- maven-compiler-plugin:3.1:compile (default-compile) @ common-javassist ---
[INFO] Nothing to compile - all classes are up to date
[INFO] 
[INFO] --- maven-resources-plugin:2.6:testResources (default-testResources) @ common-javassist ---
[INFO] Using 'UTF-8' encoding to copy filtered resources.
[INFO] Copying 1 resource
[INFO] Copying 4 resources
[INFO] 
[INFO] --- maven-compiler-plugin:3.1:testCompile (default-testCompile) @ common-javassist ---
[INFO] Nothing to compile - all classes are up to date
[INFO] 
[INFO] --- maven-surefire-plugin:2.18.1:test (default-test) @ common-javassist ---
[INFO] Surefire report directory: /On-the-Reproducibility/section-2/reproducibility-scanner/reproducer/workspace/Bears-153/common/common-javassist/target/surefire-reports

-------------------------------------------------------
 T E S T S
-------------------------------------------------------
Running org.apache.servicecomb.common.javassist.TestJavassistUtils
2022-08-17 00:15:34,023 [main           ] INFO  JavassistUtils                 - generate cse.ut.single.IntWrapper in classLoader sun.misc.Launcher$AppClassLoader@7f31245a.
2022-08-17 00:15:34,044 [main           ] INFO  JavassistUtils                 - generate cse.ut.TestAddParameter in classLoader sun.misc.Launcher$AppClassLoader@7f31245a.
2022-08-17 00:15:34,060 [main           ] INFO  JavassistUtils                 - generate cse.ut.testField in classLoader sun.misc.Launcher$AppClassLoader@7f31245a.
2022-08-17 00:15:34,068 [main           ] INFO  JavassistUtils                 - generate cse.ut.multi.Wrapper in classLoader sun.misc.Launcher$AppClassLoader@7f31245a.
2022-08-17 00:15:34,070 [main           ] INFO  JavassistUtils                 - generate cse.ut.TestInterface in classLoader sun.misc.Launcher$AppClassLoader@7f31245a.
Tests run: 8, Failures: 0, Errors: 0, Skipped: 0, Time elapsed: 0.246 sec - in org.apache.servicecomb.common.javassist.TestJavassistUtils

Results :

Tests run: 8, Failures: 0, Errors: 0, Skipped: 0

[INFO] 
[INFO] ---------< org.apache.servicecomb:foundation-test-scaffolding >---------
[INFO] Building Java Chassis::Foundations::Test Scaffolding 0.6.0-SNAPSHOT [8/65]
[INFO] --------------------------------[ jar ]---------------------------------
[INFO] 
[INFO] --- maven-remote-resources-plugin:1.5:process (default) @ foundation-test-scaffolding ---
[INFO] 
[INFO] --- maven-resources-plugin:2.6:resources (default-resources) @ foundation-test-scaffolding ---
[INFO] Using 'UTF-8' encoding to copy filtered resources.
[INFO] skip non existing resourceDirectory /On-the-Reproducibility/section-2/reproducibility-scanner/reproducer/workspace/Bears-153/foundations/foundation-test-scaffolding/src/main/resources
[INFO] Copying 4 resources
[INFO] 
[INFO] --- maven-compiler-plugin:3.1:compile (default-compile) @ foundation-test-scaffolding ---
[INFO] Nothing to compile - all classes are up to date
[INFO] 
[INFO] --- maven-resources-plugin:2.6:testResources (default-testResources) @ foundation-test-scaffolding ---
[INFO] Using 'UTF-8' encoding to copy filtered resources.
[INFO] skip non existing resourceDirectory /On-the-Reproducibility/section-2/reproducibility-scanner/reproducer/workspace/Bears-153/foundations/foundation-test-scaffolding/src/test/resources
[INFO] Copying 4 resources
[INFO] 
[INFO] --- maven-compiler-plugin:3.1:testCompile (default-testCompile) @ foundation-test-scaffolding ---
[INFO] No sources to compile
[INFO] 
[INFO] --- maven-surefire-plugin:2.18.1:test (default-test) @ foundation-test-scaffolding ---
[INFO] 
[INFO] --------------< org.apache.servicecomb:foundation-config >--------------
[INFO] Building Java Chassis::Foundations::Config 0.6.0-SNAPSHOT         [9/65]
[INFO] --------------------------------[ jar ]---------------------------------
[INFO] 
[INFO] --- maven-remote-resources-plugin:1.5:process (default) @ foundation-config ---
[INFO] 
[INFO] --- maven-resources-plugin:2.6:resources (default-resources) @ foundation-config ---
[INFO] Using 'UTF-8' encoding to copy filtered resources.
[INFO] Copying 2 resources
[INFO] Copying 4 resources
[INFO] 
[INFO] --- maven-compiler-plugin:3.1:compile (default-compile) @ foundation-config ---
[INFO] Nothing to compile - all classes are up to date
[INFO] 
[INFO] --- maven-resources-plugin:2.6:testResources (default-testResources) @ foundation-config ---
[INFO] Using 'UTF-8' encoding to copy filtered resources.
[INFO] Copying 7 resources
[INFO] Copying 4 resources
[INFO] 
[INFO] --- maven-compiler-plugin:3.1:testCompile (default-testCompile) @ foundation-config ---
[INFO] Nothing to compile - all classes are up to date
[INFO] 
[INFO] --- maven-surefire-plugin:2.18.1:test (default-test) @ foundation-config ---
[INFO] Surefire report directory: /On-the-Reproducibility/section-2/reproducibility-scanner/reproducer/workspace/Bears-153/foundations/foundation-config/target/surefire-reports

-------------------------------------------------------
 T E S T S
-------------------------------------------------------
Running org.apache.servicecomb.config.TestConfigMapping
Running org.apache.servicecomb.config.TestConfigUtil
2022-08-17 00:15:35,999 [main           ] WARN  URLConfigurationSource         - No URLs will be polled as dynamic configuration sources.
2022-08-17 00:15:35,999 [main           ] INFO  URLConfigurationSource         - To enable URLs as dynamic configuration sources, define System property archaius.configurationSource.additionalUrls or make config.properties available on classpath.
2022-08-17 00:15:36,026 [main           ] INFO  ConfigUtil                     - create dynamic config:
Tests run: 2, Failures: 0, Errors: 0, Skipped: 0, Time elapsed: 0.157 sec - in org.apache.servicecomb.config.TestConfigMapping
Running org.apache.servicecomb.config.archaius.sources.TestMicroserviceConfigLoader
Tests run: 5, Failures: 0, Errors: 0, Skipped: 0, Time elapsed: 0.087 sec - in org.apache.servicecomb.config.archaius.sources.TestMicroserviceConfigLoader
Running org.apache.servicecomb.config.TestConfigurationSpringInitializer
2022-08-17 00:15:36,157 [main           ] WARN  URLConfigurationSource         - No URLs will be polled as dynamic configuration sources.
2022-08-17 00:15:36,158 [main           ] INFO  URLConfigurationSource         - To enable URLs as dynamic configuration sources, define System property archaius.configurationSource.additionalUrls or make config.properties available on classpath.
2022-08-17 00:15:36,177 [main           ] INFO  ConfigUtil                     - create local config:
2022-08-17 00:15:36,178 [main           ] INFO  ConfigUtil                     -  file:/On-the-Reproducibility/section-2/reproducibility-scanner/reproducer/workspace/Bears-153/foundations/foundation-config/target/test-classes/microservice.yaml.
2022-08-17 00:15:36,190 [main           ] INFO  ConfigUtil                     - create dynamic config:
2022-08-17 00:15:36,201 [main           ] INFO  SPIServiceUtils                - get the SPI service success, the extend service is: class org.apache.servicecomb.config.MapBasedConfigurationSource
2022-08-17 00:15:36,205 [main           ] INFO  ConfigUtil                     - create local config:
2022-08-17 00:15:36,206 [main           ] INFO  ConfigUtil                     -  file:/On-the-Reproducibility/section-2/reproducibility-scanner/reproducer/workspace/Bears-153/foundations/foundation-config/target/test-classes/microservice.yaml.
2022-08-17 00:15:36,226 [main           ] INFO  SPIServiceUtils                - get the SPI service success, the extend service is: class org.apache.servicecomb.config.MapBasedConfigurationSource
2022-08-17 00:15:36,230 [main           ] WARN  ConfigUtil                     - Configuration installed by others, will ignore this configuration.
Tests run: 1, Failures: 0, Errors: 0, Skipped: 0, Time elapsed: 0.111 sec - in org.apache.servicecomb.config.TestConfigurationSpringInitializer
2022-08-17 00:15:36,294 [main           ] INFO  ConfigUtil                     - create dynamic config:
2022-08-17 00:15:36,305 [main           ] INFO  ConfigUtil                     - create local config:
2022-08-17 00:15:36,305 [main           ] INFO  ConfigUtil                     -  file:/On-the-Reproducibility/section-2/reproducibility-scanner/reproducer/workspace/Bears-153/foundations/foundation-config/target/test-classes/microservice.yaml.
2022-08-17 00:15:36,316 [main           ] INFO  ConfigUtil                     - config center SPI service can not find, skip to load configuration from config center
2022-08-17 00:15:36,341 [main           ] INFO  ConfigUtil                     - config center URL is missing, skip to load configuration from config center
2022-08-17 00:15:36,364 [main           ] INFO  ConfigUtil                     - create dynamic config:
2022-08-17 00:15:36,373 [main           ] INFO  ConfigUtil                     - create local config:
2022-08-17 00:15:36,373 [main           ] INFO  ConfigUtil                     -  file:/On-the-Reproducibility/section-2/reproducibility-scanner/reproducer/workspace/Bears-153/foundations/foundation-config/target/test-classes/microservice.yaml.
2022-08-17 00:15:36,380 [main           ] INFO  SPIServiceUtils                - get the SPI service success, the extend service is: class org.apache.servicecomb.config.MapBasedConfigurationSource
Tests run: 12, Failures: 0, Errors: 0, Skipped: 0, Time elapsed: 0.513 sec - in org.apache.servicecomb.config.TestConfigUtil
Running org.apache.servicecomb.config.TestLastPropertyPlaceholderConfigurer
2022-08-17 00:15:36,547 [main           ] INFO  tationConfigApplicationContext - Refreshing org.springframework.context.annotation.AnnotationConfigApplicationContext@c97721b: startup date [Wed Aug 17 00:15:36 PDT 2022]; root of context hierarchy
2022-08-17 00:15:36,698 [main           ] INFO  redAnnotationBeanPostProcessor - JSR-330 'javax.inject.Inject' annotation found and supported for autowiring
2022-08-17 00:15:36,779 [main           ] INFO  tationConfigApplicationContext - Closing org.springframework.context.annotation.AnnotationConfigApplicationContext@c97721b: startup date [Wed Aug 17 00:15:36 PDT 2022]; root of context hierarchy
Tests run: 1, Failures: 0, Errors: 0, Skipped: 0, Time elapsed: 0.386 sec - in org.apache.servicecomb.config.TestLastPropertyPlaceholderConfigurer
Running org.apache.servicecomb.config.archaius.sources.TestYAMLConfigurationSource
Tests run: 3, Failures: 0, Errors: 0, Skipped: 0, Time elapsed: 0.021 sec - in org.apache.servicecomb.config.archaius.sources.TestYAMLConfigurationSource
Running org.apache.servicecomb.config.DynamicPropertiesTest
Tests run: 6, Failures: 0, Errors: 0, Skipped: 0, Time elapsed: 0.028 sec - in org.apache.servicecomb.config.DynamicPropertiesTest

Results :

Tests run: 30, Failures: 0, Errors: 0, Skipped: 0

[INFO] 
[INFO] ---------------< org.apache.servicecomb:foundation-ssl >----------------
[INFO] Building Java Chassis::Foundations::SSL 0.6.0-SNAPSHOT           [10/65]
[INFO] --------------------------------[ jar ]---------------------------------
[INFO] 
[INFO] --- maven-remote-resources-plugin:1.5:process (default) @ foundation-ssl ---
[INFO] 
[INFO] --- maven-resources-plugin:2.6:resources (default-resources) @ foundation-ssl ---
[INFO] Using 'UTF-8' encoding to copy filtered resources.
[INFO] skip non existing resourceDirectory /On-the-Reproducibility/section-2/reproducibility-scanner/reproducer/workspace/Bears-153/foundations/foundation-ssl/src/main/resources
[INFO] Copying 4 resources
[INFO] 
[INFO] --- maven-compiler-plugin:3.1:compile (default-compile) @ foundation-ssl ---
[INFO] Nothing to compile - all classes are up to date
[INFO] 
[INFO] --- maven-resources-plugin:2.6:testResources (default-testResources) @ foundation-ssl ---
[INFO] Using 'UTF-8' encoding to copy filtered resources.
[INFO] Copying 9 resources
[INFO] Copying 4 resources
[INFO] 
[INFO] --- maven-compiler-plugin:3.1:testCompile (default-testCompile) @ foundation-ssl ---
[INFO] Nothing to compile - all classes are up to date
[INFO] 
[INFO] --- maven-surefire-plugin:2.18.1:test (default-test) @ foundation-ssl ---
[INFO] Surefire report directory: /On-the-Reproducibility/section-2/reproducibility-scanner/reproducer/workspace/Bears-153/foundations/foundation-ssl/target/surefire-reports

-------------------------------------------------------
 T E S T S
-------------------------------------------------------
Running org.apache.servicecomb.foundation.ssl.CertificateUtilTest
Tests run: 4, Failures: 0, Errors: 0, Skipped: 0, Time elapsed: 0.372 sec - in org.apache.servicecomb.foundation.ssl.CertificateUtilTest
Running org.apache.servicecomb.foundation.ssl.TestSSLOptionFactory
2022-08-17 00:15:38,558 [main           ] WARN  URLConfigurationSource         - No URLs will be polled as dynamic configuration sources.
2022-08-17 00:15:38,558 [main           ] INFO  URLConfigurationSource         - To enable URLs as dynamic configuration sources, define System property archaius.configurationSource.additionalUrls or make config.properties available on classpath.
2022-08-17 00:15:38,583 [main           ] INFO  DynamicPropertyFactory         - DynamicPropertyFactory is initialized with configuration sources: com.netflix.config.ConcurrentCompositeConfiguration@3c407114
Tests run: 3, Failures: 0, Errors: 0, Skipped: 0, Time elapsed: 0.207 sec - in org.apache.servicecomb.foundation.ssl.TestSSLOptionFactory
Running org.apache.servicecomb.foundation.ssl.SSLManagerTest
Tests run: 10, Failures: 1, Errors: 0, Skipped: 0, Time elapsed: 0.989 sec <<< FAILURE! - in org.apache.servicecomb.foundation.ssl.SSLManagerTest
testCreateSSLEngine(org.apache.servicecomb.foundation.ssl.SSLManagerTest)  Time elapsed: 0.019 sec  <<< FAILURE!
java.lang.AssertionError: expected:<false> but was:<true>
	at org.apache.servicecomb.foundation.ssl.SSLManagerTest.testCreateSSLEngine(SSLManagerTest.java:202)

Running org.apache.servicecomb.foundation.ssl.KeyStoreUtilTest
Tests run: 7, Failures: 0, Errors: 0, Skipped: 0, Time elapsed: 0.305 sec - in org.apache.servicecomb.foundation.ssl.KeyStoreUtilTest
Running org.apache.servicecomb.foundation.ssl.TestSSLSocketFactoryExt
Tests run: 1, Failures: 0, Errors: 0, Skipped: 0, Time elapsed: 0.014 sec - in org.apache.servicecomb.foundation.ssl.TestSSLSocketFactoryExt
Running org.apache.servicecomb.foundation.ssl.TrustManagerExtTest
2022-08-17 00:15:39,978 [main           ] ERROR TrustManagerExt                - CN does not match IP: e=[10.67.147.114],t=null
Tests run: 5, Failures: 0, Errors: 0, Skipped: 0, Time elapsed: 0.337 sec - in org.apache.servicecomb.foundation.ssl.TrustManagerExtTest
Running org.apache.servicecomb.foundation.ssl.TestTrustAllManager
Tests run: 1, Failures: 0, Errors: 0, Skipped: 0, Time elapsed: 0.002 sec - in org.apache.servicecomb.foundation.ssl.TestTrustAllManager
Running org.apache.servicecomb.foundation.ssl.SSLOptionTest
2022-08-17 00:15:40,327 [main           ] INFO  ConfigUtil                     - create local config:
2022-08-17 00:15:40,328 [main           ] INFO  ConfigUtil                     -  file:/On-the-Reproducibility/section-2/reproducibility-scanner/reproducer/workspace/Bears-153/foundations/foundation-ssl/target/test-classes/microservice.yaml.
2022-08-17 00:15:40,380 [main           ] WARN  SSLCustom                      - init SSLCustom class failed, name is 123
2022-08-17 00:15:40,430 [main           ] INFO  ConfigUtil                     - create local config:
2022-08-17 00:15:40,430 [main           ] INFO  ConfigUtil                     -  file:/On-the-Reproducibility/section-2/reproducibility-scanner/reproducer/workspace/Bears-153/foundations/foundation-ssl/target/test-classes/microservice.yaml.
2022-08-17 00:15:40,439 [main           ] INFO  ConfigUtil                     - create local config:
2022-08-17 00:15:40,440 [main           ] INFO  ConfigUtil                     -  file:/On-the-Reproducibility/section-2/reproducibility-scanner/reproducer/workspace/Bears-153/foundations/foundation-ssl/target/test-classes/microservice.yaml.
2022-08-17 00:15:40,443 [main           ] WARN  SSLCustom                      - init SSLCustom class failed, name is 123
2022-08-17 00:15:40,495 [main           ] INFO  ConfigUtil                     - create local config:
2022-08-17 00:15:40,496 [main           ] INFO  ConfigUtil                     -  file:/On-the-Reproducibility/section-2/reproducibility-scanner/reproducer/workspace/Bears-153/foundations/foundation-ssl/target/test-classes/microservice.yaml.
Tests run: 11, Failures: 0, Errors: 0, Skipped: 0, Time elapsed: 0.259 sec - in org.apache.servicecomb.foundation.ssl.SSLOptionTest

Results :

Failed tests: 
  SSLManagerTest.testCreateSSLEngine:202 expected:<false> but was:<true>

Tests run: 42, Failures: 1, Errors: 0, Skipped: 0

[INFO] ------------------------------------------------------------------------
[INFO] Reactor Summary for ServiceComb Java Chassis 0.6.0-SNAPSHOT:
[INFO] 
[INFO] ServiceComb Java Chassis ........................... SUCCESS [  0.075 s]
[INFO] Java Chassis::Dependencies ......................... SUCCESS [  0.001 s]
[INFO] Java Chassis::Parent ............................... SUCCESS [  0.684 s]
[INFO] Java Chassis::Foundations .......................... SUCCESS [  0.040 s]
[INFO] Java Chassis::Foundations::Common .................. SUCCESS [  3.808 s]
[INFO] Java Chassis::Common ............................... SUCCESS [  0.032 s]
[INFO] Java Chassis::Common::Javassist .................... SUCCESS [  1.161 s]
[INFO] Java Chassis::Foundations::Test Scaffolding ........ SUCCESS [  0.489 s]
[INFO] Java Chassis::Foundations::Config .................. SUCCESS [  2.282 s]
[INFO] Java Chassis::Foundations::SSL ..................... FAILURE [  3.690 s]
[INFO] Java Chassis::Foundations::Vertx ................... SKIPPED
[INFO] Java Chassis::Service Registry ..................... SKIPPED
[INFO] Java Chassis::Swagger .............................. SKIPPED
[INFO] Java Chassis::Swagger::Generator ................... SKIPPED
[INFO] Java Chassis::Swagger::Generator::Core ............. SKIPPED
[INFO] Java Chassis::Swagger::Generator::Jaxrs ............ SKIPPED
[INFO] Java Chassis::Swagger::Invocation .................. SKIPPED
[INFO] Java Chassis::Swagger::Invocation::Core ............ SKIPPED
[INFO] Java Chassis::Foundations::Metrics ................. SKIPPED
[INFO] Java Chassis::Core ................................. SKIPPED
[INFO] Java Chassis::Common::Protobuf ..................... SKIPPED
[INFO] Java Chassis::Common::Rest ......................... SKIPPED
[INFO] Java Chassis::Foundations::Config CC ............... SKIPPED
[INFO] Java Chassis::Handlers ............................. SKIPPED
[INFO] Java Chassis::Handlers::Tracing Zipkin ............. SKIPPED
[INFO] Java Chassis::Handlers::Bizkeeper .................. SKIPPED
[INFO] Java Chassis::Handlers::Flow Control QPS ........... SKIPPED
[INFO] Java Chassis::Handlers::Loadbalance ................ SKIPPED
[INFO] Java Chassis::Handlers::PublicKey Auth ............. SKIPPED
[INFO] Java Chassis::Providers ............................ SKIPPED
[INFO] Java Chassis::Providers::Rest Common ............... SKIPPED
[INFO] Java Chassis::Swagger::Invocation::JAXRS ........... SKIPPED
[INFO] Java Chassis::Providers::JAXRS ..................... SKIPPED
[INFO] Java Chassis::Providers::POJO ...................... SKIPPED
[INFO] Java Chassis::Swagger::Invocation::Spring MVC ...... SKIPPED
[INFO] Java Chassis::Swagger::Generator::Spring MVC ....... SKIPPED
[INFO] Java Chassis::Providers::Spring MVC ................ SKIPPED
[INFO] Java Chassis::Transports ........................... SKIPPED
[INFO] Java Chassis::Transports::Hightway ................. SKIPPED
[INFO] Java Chassis::Transports::Rest ..................... SKIPPED
[INFO] Java Chassis::Transports::Rest::Client ............. SKIPPED
[INFO] Java Chassis::Transports::Rest::Vertx .............. SKIPPED
[INFO] Java Chassis::Transports::Rest::Servlet ............ SKIPPED
[INFO] Java Chassis::Spring Boot Starter::Parent .......... SKIPPED
[INFO] Java Chassis::Spring Boot Starter::Configuration ... SKIPPED
[INFO] Java Chassis::Spring Boot Starter::ServiceComb ..... SKIPPED
[INFO] Java Chassis::Spring Boot Starter::Provider ........ SKIPPED
[INFO] Java Chassis::Spring Boot Starter::Transport ....... SKIPPED
[INFO] Java Chassis::Spring Boot Starter::Discovery ....... SKIPPED
[INFO] Java Chassis::Spring Boot Starter::Registry ........ SKIPPED
[INFO] Java Chassis::Spring Boot Starter::Spring Cloud Zuul SKIPPED
[INFO] Java Chassis::Spring Boot Starter::Spring Cloud Zuul Zipkin SKIPPED
[INFO] Java Chassis::Tracing .............................. SKIPPED
[INFO] Java Chassis::Tracing::Common ...................... SKIPPED
[INFO] tracing-zipkin ..................................... SKIPPED
[INFO] Java Chassis::Edge ................................. SKIPPED
[INFO] Java Chassis::Edge::Core ........................... SKIPPED
[INFO] Java Chassis::Metrics .............................. SKIPPED
[INFO] Java Chassis::Metrics::Common ...................... SKIPPED
[INFO] Java Chassis::Metrics::Core ........................ SKIPPED
[INFO] metrics-extension .................................. SKIPPED
[INFO] Java Chassis::Metrics::Integration ................. SKIPPED
[INFO] metrics-prometheus ................................. SKIPPED
[INFO] Java Chassis::Dynamic Config ....................... SKIPPED
[INFO] Java Chassis::Dynamic Config::Apollo ............... SKIPPED
[INFO] ------------------------------------------------------------------------
[INFO] BUILD FAILURE
[INFO] ------------------------------------------------------------------------
[INFO] Total time:  12.997 s
[INFO] Finished at: 2022-08-17T00:15:40-07:00
[INFO] ------------------------------------------------------------------------
[ERROR] Failed to execute goal org.apache.maven.plugins:maven-surefire-plugin:2.18.1:test (default-test) on project foundation-ssl: There are test failures.
[ERROR] 
[ERROR] Please refer to /On-the-Reproducibility/section-2/reproducibility-scanner/reproducer/workspace/Bears-153/foundations/foundation-ssl/target/surefire-reports for the individual test results.
[ERROR] -> [Help 1]
[ERROR] 
[ERROR] To see the full stack trace of the errors, re-run Maven with the -e switch.
[ERROR] Re-run Maven using the -X switch to enable full debug logging.
[ERROR] 
[ERROR] For more information about the errors and possible solutions, please read the following articles:
[ERROR] [Help 1] http://cwiki.apache.org/confluence/display/MAVEN/MojoFailureException
[ERROR] 
[ERROR] After correcting the problems, you can resume the build with the command
[ERROR]   mvn <args> -rf :foundation-ssl
Running the tests related to the bug Bears-153...
The tests related to the bug Bears-153 were executed.