[[1;34mINFO[m] Scanning for projects...
[[1;34mINFO[m] [1m------------------------------------------------------------------------[m
[[1;34mINFO[m] [1mReactor Build Order:[m
[[1;34mINFO[m] 
[[1;34mINFO[m] accumulo                                                           [pom]
[[1;34mINFO[m] cloudtrace                                                         [jar]
[[1;34mINFO[m] accumulo-start                                                     [jar]
[[1;34mINFO[m] accumulo-core                                                      [jar]
[[1;34mINFO[m] accumulo-server                                                    [jar]
[[1;34mINFO[m] accumulo-examples                                                  [jar]
[[1;34mINFO[m] accumulo-assemble                                                  [pom]
[[1;34mINFO[m] 
[[1;34mINFO[m] [1m--------------------< [0;36morg.apache.accumulo:accumulo[0;1m >--------------------[m
[[1;34mINFO[m] [1mBuilding accumulo 1.5.0-incubating-SNAPSHOT                        [1/7][m
[[1;34mINFO[m] [1m--------------------------------[ pom ]---------------------------------[m
[[1;34mINFO[m] 
[[1;34mINFO[m] [1m--- [0;32mmaven-enforcer-plugin:1.0.1:enforce[m [1m(enforce-mvn)[m @ [36maccumulo[0;1m ---[m
[[1;34mINFO[m] 
[[1;34mINFO[m] [1m--- [0;32mmaven-remote-resources-plugin:1.2.1:process[m [1m(default)[m @ [36maccumulo[0;1m ---[m
[[1;34mINFO[m] 
[[1;34mINFO[m] [1m--- [0;32mmaven-dependency-plugin:2.3:copy-dependencies[m [1m(copy-dependencies)[m @ [36maccumulo[0;1m ---[m
[[1;34mINFO[m] 
[[1;34mINFO[m] [1m--- [0;32mmaven-site-plugin:3.0:attach-descriptor[m [1m(attach-descriptor)[m @ [36maccumulo[0;1m ---[m
[[1;34mINFO[m] 
[[1;34mINFO[m] [1m--- [0;32mmaven-install-plugin:2.3.1:install[m [1m(default-install)[m @ [36maccumulo[0;1m ---[m
[[1;34mINFO[m] Installing /home/user/Reproducibility-Scanner/benchmarks/bugs-dot-jar/accumulo/pom.xml to /home/user/.m2/repository/org/apache/accumulo/accumulo/1.5.0-incubating-SNAPSHOT/accumulo-1.5.0-incubating-SNAPSHOT.pom
[[1;34mINFO[m] 
[[1;34mINFO[m] [1m-------------------< [0;36morg.apache.accumulo:cloudtrace[0;1m >-------------------[m
[[1;34mINFO[m] [1mBuilding cloudtrace 1.5.0-incubating-SNAPSHOT                      [2/7][m
[[1;34mINFO[m] [1m--------------------------------[ jar ]---------------------------------[m
[[1;34mINFO[m] 
[[1;34mINFO[m] [1m--- [0;32mmaven-enforcer-plugin:1.0.1:enforce[m [1m(enforce-mvn)[m @ [36mcloudtrace[0;1m ---[m
[[1;34mINFO[m] 
[[1;34mINFO[m] [1m--- [0;32mmaven-remote-resources-plugin:1.2.1:process[m [1m(default)[m @ [36mcloudtrace[0;1m ---[m
[[1;34mINFO[m] 
[[1;34mINFO[m] [1m--- [0;32mmaven-resources-plugin:2.5:resources[m [1m(default-resources)[m @ [36mcloudtrace[0;1m ---[m
[debug] execute contextualize
[[1;34mINFO[m] Using 'UTF-8' encoding to copy filtered resources.
[[1;34mINFO[m] Copying 4 resources to META-INF
[[1;34mINFO[m] skip non existing resourceDirectory /home/user/Reproducibility-Scanner/benchmarks/bugs-dot-jar/accumulo/src/trace/src/main/resources
[[1;34mINFO[m] Copying 3 resources
[[1;34mINFO[m] 
[[1;34mINFO[m] [1m--- [0;32mmaven-dependency-plugin:2.3:copy-dependencies[m [1m(copy-dependencies)[m @ [36mcloudtrace[0;1m ---[m
[[1;34mINFO[m] Copying libthrift-0.6.1.jar to /home/user/Reproducibility-Scanner/benchmarks/bugs-dot-jar/accumulo/lib/libthrift-0.6.1.jar
[[1;34mINFO[m] Copying log4j-1.2.16.jar to /home/user/Reproducibility-Scanner/benchmarks/bugs-dot-jar/accumulo/lib/log4j-1.2.16.jar
[[1;34mINFO[m] 
[[1;34mINFO[m] [1m--- [0;32mmaven-compiler-plugin:2.3.2:compile[m [1m(default-compile)[m @ [36mcloudtrace[0;1m ---[m
[[1;34mINFO[m] Compiling 22 source files to /home/user/Reproducibility-Scanner/benchmarks/bugs-dot-jar/accumulo/src/trace/target/classes
[[1;34mINFO[m] 
[[1;34mINFO[m] [1m--- [0;32mmaven-resources-plugin:2.5:testResources[m [1m(default-testResources)[m @ [36mcloudtrace[0;1m ---[m
[debug] execute contextualize
[[1;34mINFO[m] Using 'UTF-8' encoding to copy filtered resources.
[[1;34mINFO[m] skip non existing resourceDirectory /home/user/Reproducibility-Scanner/benchmarks/bugs-dot-jar/accumulo/src/trace/src/test/resources
[[1;34mINFO[m] Copying 3 resources
[[1;34mINFO[m] 
[[1;34mINFO[m] [1m--- [0;32mmaven-compiler-plugin:2.3.2:testCompile[m [1m(default-testCompile)[m @ [36mcloudtrace[0;1m ---[m
[[1;34mINFO[m] Compiling 3 source files to /home/user/Reproducibility-Scanner/benchmarks/bugs-dot-jar/accumulo/src/trace/target/test-classes
[[1;34mINFO[m] 
[[1;34mINFO[m] [1m--- [0;32mmaven-surefire-plugin:2.9:test[m [1m(default-test)[m @ [36mcloudtrace[0;1m ---[m
[[1;34mINFO[m] Tests are skipped.
[[1;34mINFO[m] 
[[1;34mINFO[m] [1m--- [0;32mmaven-jar-plugin:2.3.1:jar[m [1m(default-jar)[m @ [36mcloudtrace[0;1m ---[m
[[1;34mINFO[m] Building jar: /home/user/Reproducibility-Scanner/benchmarks/bugs-dot-jar/accumulo/lib/cloudtrace-1.5.0-incubating-SNAPSHOT.jar
[[1;34mINFO[m] 
[[1;34mINFO[m] [1m--- [0;32mmaven-site-plugin:3.0:attach-descriptor[m [1m(attach-descriptor)[m @ [36mcloudtrace[0;1m ---[m
[[1;34mINFO[m] 
[[1;34mINFO[m] [1m--- [0;32mmaven-install-plugin:2.3.1:install[m [1m(default-install)[m @ [36mcloudtrace[0;1m ---[m
[[1;34mINFO[m] Installing /home/user/Reproducibility-Scanner/benchmarks/bugs-dot-jar/accumulo/lib/cloudtrace-1.5.0-incubating-SNAPSHOT.jar to /home/user/.m2/repository/org/apache/accumulo/cloudtrace/1.5.0-incubating-SNAPSHOT/cloudtrace-1.5.0-incubating-SNAPSHOT.jar
[[1;34mINFO[m] Installing /home/user/Reproducibility-Scanner/benchmarks/bugs-dot-jar/accumulo/src/trace/pom.xml to /home/user/.m2/repository/org/apache/accumulo/cloudtrace/1.5.0-incubating-SNAPSHOT/cloudtrace-1.5.0-incubating-SNAPSHOT.pom
[[1;34mINFO[m] 
[[1;34mINFO[m] [1m-----------------< [0;36morg.apache.accumulo:accumulo-start[0;1m >-----------------[m
[[1;34mINFO[m] [1mBuilding accumulo-start 1.5.0-incubating-SNAPSHOT                  [3/7][m
[[1;34mINFO[m] [1m--------------------------------[ jar ]---------------------------------[m
[[1;34mINFO[m] 
[[1;34mINFO[m] [1m--- [0;32mmaven-enforcer-plugin:1.0.1:enforce[m [1m(enforce-mvn)[m @ [36maccumulo-start[0;1m ---[m
[[1;34mINFO[m] 
[[1;34mINFO[m] [1m--- [0;32mmaven-remote-resources-plugin:1.2.1:process[m [1m(default)[m @ [36maccumulo-start[0;1m ---[m
[[1;34mINFO[m] 
[[1;34mINFO[m] [1m--- [0;32mmaven-resources-plugin:2.5:resources[m [1m(default-resources)[m @ [36maccumulo-start[0;1m ---[m
[debug] execute contextualize
[[1;34mINFO[m] Using 'UTF-8' encoding to copy filtered resources.
[[1;34mINFO[m] Copying 4 resources to META-INF
[[1;34mINFO[m] skip non existing resourceDirectory /home/user/Reproducibility-Scanner/benchmarks/bugs-dot-jar/accumulo/src/start/src/main/resources
[[1;34mINFO[m] Copying 3 resources
[[1;34mINFO[m] 
[[1;34mINFO[m] [1m--- [0;32mmaven-dependency-plugin:2.3:copy-dependencies[m [1m(copy-dependencies)[m @ [36maccumulo-start[0;1m ---[m
[[1;34mINFO[m] Copying commons-jci-core-1.0.jar to /home/user/Reproducibility-Scanner/benchmarks/bugs-dot-jar/accumulo/lib/commons-jci-core-1.0.jar
[[1;34mINFO[m] Copying commons-logging-api-1.0.4.jar to /home/user/Reproducibility-Scanner/benchmarks/bugs-dot-jar/accumulo/lib/commons-logging-api-1.0.4.jar
[[1;34mINFO[m] Copying commons-io-1.4.jar to /home/user/Reproducibility-Scanner/benchmarks/bugs-dot-jar/accumulo/lib/commons-io-1.4.jar
[[1;34mINFO[m] Copying commons-jci-fam-1.0.jar to /home/user/Reproducibility-Scanner/benchmarks/bugs-dot-jar/accumulo/lib/commons-jci-fam-1.0.jar
[[1;34mINFO[m] Copying commons-logging-1.0.4.jar to /home/user/Reproducibility-Scanner/benchmarks/bugs-dot-jar/accumulo/lib/commons-logging-1.0.4.jar
[[1;34mINFO[m] log4j-1.2.16.jar already exists in destination.
[[1;34mINFO[m] 
[[1;34mINFO[m] [1m--- [0;32mmaven-compiler-plugin:2.3.2:compile[m [1m(default-compile)[m @ [36maccumulo-start[0;1m ---[m
[[1;34mINFO[m] Compiling 5 source files to /home/user/Reproducibility-Scanner/benchmarks/bugs-dot-jar/accumulo/src/start/target/classes
[[1;34mINFO[m] 
[[1;34mINFO[m] [1m--- [0;32mmaven-resources-plugin:2.5:testResources[m [1m(default-testResources)[m @ [36maccumulo-start[0;1m ---[m
[debug] execute contextualize
[[1;34mINFO[m] Using 'UTF-8' encoding to copy filtered resources.
[[1;34mINFO[m] Copying 3 resources
[[1;34mINFO[m] Copying 3 resources
[[1;34mINFO[m] 
[[1;34mINFO[m] [1m--- [0;32mmaven-compiler-plugin:2.3.2:testCompile[m [1m(default-testCompile)[m @ [36maccumulo-start[0;1m ---[m
[[1;34mINFO[m] Compiling 2 source files to /home/user/Reproducibility-Scanner/benchmarks/bugs-dot-jar/accumulo/src/start/target/test-classes
[[1;34mINFO[m] 
[[1;34mINFO[m] [1m--- [0;32mmaven-surefire-plugin:2.9:test[m [1m(default-test)[m @ [36maccumulo-start[0;1m ---[m
[[1;34mINFO[m] Tests are skipped.
[[1;34mINFO[m] 
[[1;34mINFO[m] [1m--- [0;32mmaven-jar-plugin:2.3.1:jar[m [1m(default-jar)[m @ [36maccumulo-start[0;1m ---[m
[[1;34mINFO[m] Building jar: /home/user/Reproducibility-Scanner/benchmarks/bugs-dot-jar/accumulo/lib/accumulo-start-1.5.0-incubating-SNAPSHOT.jar
[[1;34mINFO[m] 
[[1;34mINFO[m] [1m--- [0;32mmaven-site-plugin:3.0:attach-descriptor[m [1m(attach-descriptor)[m @ [36maccumulo-start[0;1m ---[m
[[1;34mINFO[m] 
[[1;34mINFO[m] [1m--- [0;32mmaven-install-plugin:2.3.1:install[m [1m(default-install)[m @ [36maccumulo-start[0;1m ---[m
[[1;34mINFO[m] Installing /home/user/Reproducibility-Scanner/benchmarks/bugs-dot-jar/accumulo/lib/accumulo-start-1.5.0-incubating-SNAPSHOT.jar to /home/user/.m2/repository/org/apache/accumulo/accumulo-start/1.5.0-incubating-SNAPSHOT/accumulo-start-1.5.0-incubating-SNAPSHOT.jar
[[1;34mINFO[m] Installing /home/user/Reproducibility-Scanner/benchmarks/bugs-dot-jar/accumulo/src/start/pom.xml to /home/user/.m2/repository/org/apache/accumulo/accumulo-start/1.5.0-incubating-SNAPSHOT/accumulo-start-1.5.0-incubating-SNAPSHOT.pom
[[1;34mINFO[m] 
[[1;34mINFO[m] [1m-----------------< [0;36morg.apache.accumulo:accumulo-core[0;1m >------------------[m
[[1;34mINFO[m] [1mBuilding accumulo-core 1.5.0-incubating-SNAPSHOT                   [4/7][m
[[1;34mINFO[m] [1m--------------------------------[ jar ]---------------------------------[m
[[1;34mINFO[m] 
[[1;34mINFO[m] [1m--- [0;32mmaven-enforcer-plugin:1.0.1:enforce[m [1m(enforce-mvn)[m @ [36maccumulo-core[0;1m ---[m
[[1;34mINFO[m] 
[[1;34mINFO[m] [1m--- [0;32mexec-maven-plugin:1.2:exec[m [1m(generate-core-thrift)[m @ [36maccumulo-core[0;1m ---[m
thrift is not available
[[1;34mINFO[m] 
[[1;34mINFO[m] [1m--- [0;32mmaven-remote-resources-plugin:1.2.1:process[m [1m(default)[m @ [36maccumulo-core[0;1m ---[m
[[1;34mINFO[m] 
[[1;34mINFO[m] [1m--- [0;32mmaven-resources-plugin:2.5:resources[m [1m(default-resources)[m @ [36maccumulo-core[0;1m ---[m
[debug] execute contextualize
[[1;34mINFO[m] Using 'UTF-8' encoding to copy filtered resources.
[[1;34mINFO[m] Copying 4 resources to META-INF
[[1;34mINFO[m] Copying 1 resource
[[1;34mINFO[m] Copying 3 resources
[[1;34mINFO[m] 
[[1;34mINFO[m] [1m--- [0;32mmaven-dependency-plugin:2.3:copy-dependencies[m [1m(copy-dependencies)[m @ [36maccumulo-core[0;1m ---[m
[[1;34mINFO[m] Copying commons-collections-3.2.jar to /home/user/Reproducibility-Scanner/benchmarks/bugs-dot-jar/accumulo/lib/commons-collections-3.2.jar
[[1;34mINFO[m] Copying jline-0.9.94.jar to /home/user/Reproducibility-Scanner/benchmarks/bugs-dot-jar/accumulo/lib/jline-0.9.94.jar
[[1;34mINFO[m] Copying commons-lang-2.4.jar to /home/user/Reproducibility-Scanner/benchmarks/bugs-dot-jar/accumulo/lib/commons-lang-2.4.jar
[[1;34mINFO[m] libthrift-0.6.1.jar already exists in destination.
[[1;34mINFO[m] log4j-1.2.16.jar already exists in destination.
[[1;34mINFO[m] 
[[1;34mINFO[m] [1m--- [0;32mmaven-compiler-plugin:2.3.2:compile[m [1m(default-compile)[m @ [36maccumulo-core[0;1m ---[m
[[1;34mINFO[m] Compiling 419 source files to /home/user/Reproducibility-Scanner/benchmarks/bugs-dot-jar/accumulo/src/core/target/classes
[[1;34mINFO[m] 
[[1;34mINFO[m] [1m--- [0;32mmaven-resources-plugin:2.5:testResources[m [1m(default-testResources)[m @ [36maccumulo-core[0;1m ---[m
[debug] execute contextualize
[[1;34mINFO[m] Using 'UTF-8' encoding to copy filtered resources.
[[1;34mINFO[m] Copying 2 resources
[[1;34mINFO[m] Copying 3 resources
[[1;34mINFO[m] 
[[1;34mINFO[m] [1m--- [0;32mmaven-compiler-plugin:2.3.2:testCompile[m [1m(default-testCompile)[m @ [36maccumulo-core[0;1m ---[m
[[1;34mINFO[m] Compiling 55 source files to /home/user/Reproducibility-Scanner/benchmarks/bugs-dot-jar/accumulo/src/core/target/test-classes
[[1;34mINFO[m] 
[[1;34mINFO[m] [1m--- [0;32mmaven-surefire-plugin:2.9:test[m [1m(default-test)[m @ [36maccumulo-core[0;1m ---[m
[[1;34mINFO[m] Tests are skipped.
[[1;34mINFO[m] 
[[1;34mINFO[m] [1m--- [0;32mmaven-jar-plugin:2.3.1:jar[m [1m(default-jar)[m @ [36maccumulo-core[0;1m ---[m
[[1;34mINFO[m] Building jar: /home/user/Reproducibility-Scanner/benchmarks/bugs-dot-jar/accumulo/lib/accumulo-core-1.5.0-incubating-SNAPSHOT.jar
[[1;34mINFO[m] 
[[1;34mINFO[m] [1m--- [0;32mmaven-site-plugin:3.0:attach-descriptor[m [1m(attach-descriptor)[m @ [36maccumulo-core[0;1m ---[m
[[1;34mINFO[m] 
[[1;34mINFO[m] [1m--- [0;32mmaven-install-plugin:2.3.1:install[m [1m(default-install)[m @ [36maccumulo-core[0;1m ---[m
[[1;34mINFO[m] Installing /home/user/Reproducibility-Scanner/benchmarks/bugs-dot-jar/accumulo/lib/accumulo-core-1.5.0-incubating-SNAPSHOT.jar to /home/user/.m2/repository/org/apache/accumulo/accumulo-core/1.5.0-incubating-SNAPSHOT/accumulo-core-1.5.0-incubating-SNAPSHOT.jar
[[1;34mINFO[m] Installing /home/user/Reproducibility-Scanner/benchmarks/bugs-dot-jar/accumulo/src/core/pom.xml to /home/user/.m2/repository/org/apache/accumulo/accumulo-core/1.5.0-incubating-SNAPSHOT/accumulo-core-1.5.0-incubating-SNAPSHOT.pom
[[1;34mINFO[m] 
[[1;34mINFO[m] [1m----------------< [0;36morg.apache.accumulo:accumulo-server[0;1m >-----------------[m
[[1;34mINFO[m] [1mBuilding accumulo-server 1.5.0-incubating-SNAPSHOT                 [5/7][m
[[1;34mINFO[m] [1m--------------------------------[ jar ]---------------------------------[m
[[1;34mINFO[m] 
[[1;34mINFO[m] [1m--- [0;32mmaven-enforcer-plugin:1.0.1:enforce[m [1m(enforce-mvn)[m @ [36maccumulo-server[0;1m ---[m
[[1;34mINFO[m] 
[[1;34mINFO[m] [1m--- [0;32mmaven-remote-resources-plugin:1.2.1:process[m [1m(default)[m @ [36maccumulo-server[0;1m ---[m
[[1;34mINFO[m] 
[[1;34mINFO[m] [1m--- [0;32mmaven-resources-plugin:2.5:resources[m [1m(default-resources)[m @ [36maccumulo-server[0;1m ---[m
[debug] execute contextualize
[[1;34mINFO[m] Using 'UTF-8' encoding to copy filtered resources.
[[1;34mINFO[m] Copying 4 resources to META-INF
[[1;34mINFO[m] Copying 37 resources
[[1;34mINFO[m] Copying 3 resources
[[1;34mINFO[m] 
[[1;34mINFO[m] [1m--- [0;32mmaven-dependency-plugin:2.3:copy-dependencies[m [1m(copy-dependencies)[m @ [36maccumulo-server[0;1m ---[m
[[1;34mINFO[m] Copying commons-configuration-1.5.jar to /home/user/Reproducibility-Scanner/benchmarks/bugs-dot-jar/accumulo/lib/commons-configuration-1.5.jar
[[1;34mINFO[m] log4j-1.2.16.jar already exists in destination.
[[1;34mINFO[m] jline-0.9.94.jar already exists in destination.
[[1;34mINFO[m] commons-io-1.4.jar already exists in destination.
[[1;34mINFO[m] commons-lang-2.4.jar already exists in destination.
[[1;34mINFO[m] 
[[1;34mINFO[m] [1m--- [0;32mmaven-compiler-plugin:2.3.2:compile[m [1m(default-compile)[m @ [36maccumulo-server[0;1m ---[m
[[1;34mINFO[m] Compiling 404 source files to /home/user/Reproducibility-Scanner/benchmarks/bugs-dot-jar/accumulo/src/server/target/classes
[[1;34mINFO[m] 
[[1;34mINFO[m] [1m--- [0;32mmaven-resources-plugin:2.5:testResources[m [1m(default-testResources)[m @ [36maccumulo-server[0;1m ---[m
[debug] execute contextualize
[[1;34mINFO[m] Using 'UTF-8' encoding to copy filtered resources.
[[1;34mINFO[m] skip non existing resourceDirectory /home/user/Reproducibility-Scanner/benchmarks/bugs-dot-jar/accumulo/src/server/src/test/resources
[[1;34mINFO[m] Copying 3 resources
[[1;34mINFO[m] 
[[1;34mINFO[m] [1m--- [0;32mmaven-compiler-plugin:2.3.2:testCompile[m [1m(default-testCompile)[m @ [36maccumulo-server[0;1m ---[m
[[1;34mINFO[m] Compiling 23 source files to /home/user/Reproducibility-Scanner/benchmarks/bugs-dot-jar/accumulo/src/server/target/test-classes
[[1;34mINFO[m] 
[[1;34mINFO[m] [1m--- [0;32mmaven-surefire-plugin:2.9:test[m [1m(default-test)[m @ [36maccumulo-server[0;1m ---[m
[[1;34mINFO[m] Tests are skipped.
[[1;34mINFO[m] 
[[1;34mINFO[m] [1m--- [0;32mmaven-jar-plugin:2.3.1:jar[m [1m(default-jar)[m @ [36maccumulo-server[0;1m ---[m
[[1;34mINFO[m] Building jar: /home/user/Reproducibility-Scanner/benchmarks/bugs-dot-jar/accumulo/lib/accumulo-server-1.5.0-incubating-SNAPSHOT.jar
[[1;34mINFO[m] 
[[1;34mINFO[m] [1m--- [0;32mmaven-site-plugin:3.0:attach-descriptor[m [1m(attach-descriptor)[m @ [36maccumulo-server[0;1m ---[m
[[1;34mINFO[m] 
[[1;34mINFO[m] [1m--- [0;32mmaven-install-plugin:2.3.1:install[m [1m(default-install)[m @ [36maccumulo-server[0;1m ---[m
[[1;34mINFO[m] Installing /home/user/Reproducibility-Scanner/benchmarks/bugs-dot-jar/accumulo/lib/accumulo-server-1.5.0-incubating-SNAPSHOT.jar to /home/user/.m2/repository/org/apache/accumulo/accumulo-server/1.5.0-incubating-SNAPSHOT/accumulo-server-1.5.0-incubating-SNAPSHOT.jar
[[1;34mINFO[m] Installing /home/user/Reproducibility-Scanner/benchmarks/bugs-dot-jar/accumulo/src/server/pom.xml to /home/user/.m2/repository/org/apache/accumulo/accumulo-server/1.5.0-incubating-SNAPSHOT/accumulo-server-1.5.0-incubating-SNAPSHOT.pom
[[1;34mINFO[m] 
[[1;34mINFO[m] [1m---------------< [0;36morg.apache.accumulo:accumulo-examples[0;1m >----------------[m
[[1;34mINFO[m] [1mBuilding accumulo-examples 1.5.0-incubating-SNAPSHOT               [6/7][m
[[1;34mINFO[m] [1m--------------------------------[ jar ]---------------------------------[m
[[1;34mINFO[m] 
[[1;34mINFO[m] [1m--- [0;32mmaven-enforcer-plugin:1.0.1:enforce[m [1m(enforce-mvn)[m @ [36maccumulo-examples[0;1m ---[m
[[1;34mINFO[m] 
[[1;34mINFO[m] [1m--- [0;32mmaven-remote-resources-plugin:1.2.1:process[m [1m(default)[m @ [36maccumulo-examples[0;1m ---[m
[[1;34mINFO[m] 
[[1;34mINFO[m] [1m--- [0;32mmaven-resources-plugin:2.5:resources[m [1m(default-resources)[m @ [36maccumulo-examples[0;1m ---[m
[debug] execute contextualize
[[1;34mINFO[m] Using 'UTF-8' encoding to copy filtered resources.
[[1;34mINFO[m] Copying 4 resources to META-INF
[[1;34mINFO[m] skip non existing resourceDirectory /home/user/Reproducibility-Scanner/benchmarks/bugs-dot-jar/accumulo/src/examples/src/main/resources
[[1;34mINFO[m] Copying 3 resources
[[1;34mINFO[m] 
[[1;34mINFO[m] [1m--- [0;32mmaven-dependency-plugin:2.3:copy-dependencies[m [1m(copy-dependencies)[m @ [36maccumulo-examples[0;1m ---[m
[[1;34mINFO[m] 
[[1;34mINFO[m] [1m--- [0;32mmaven-compiler-plugin:2.3.2:compile[m [1m(default-compile)[m @ [36maccumulo-examples[0;1m ---[m
[[1;34mINFO[m] Compiling 38 source files to /home/user/Reproducibility-Scanner/benchmarks/bugs-dot-jar/accumulo/src/examples/target/classes
[[1;34mINFO[m] 
[[1;34mINFO[m] [1m--- [0;32mmaven-resources-plugin:2.5:testResources[m [1m(default-testResources)[m @ [36maccumulo-examples[0;1m ---[m
[debug] execute contextualize
[[1;34mINFO[m] Using 'UTF-8' encoding to copy filtered resources.
[[1;34mINFO[m] skip non existing resourceDirectory /home/user/Reproducibility-Scanner/benchmarks/bugs-dot-jar/accumulo/src/examples/src/test/resources
[[1;34mINFO[m] Copying 3 resources
[[1;34mINFO[m] 
[[1;34mINFO[m] [1m--- [0;32mmaven-compiler-plugin:2.3.2:testCompile[m [1m(default-testCompile)[m @ [36maccumulo-examples[0;1m ---[m
[[1;34mINFO[m] Compiling 5 source files to /home/user/Reproducibility-Scanner/benchmarks/bugs-dot-jar/accumulo/src/examples/target/test-classes
[[1;34mINFO[m] 
[[1;34mINFO[m] [1m--- [0;32mmaven-surefire-plugin:2.9:test[m [1m(default-test)[m @ [36maccumulo-examples[0;1m ---[m
[[1;34mINFO[m] Tests are skipped.
[[1;34mINFO[m] 
[[1;34mINFO[m] [1m--- [0;32mmaven-jar-plugin:2.3.1:jar[m [1m(default-jar)[m @ [36maccumulo-examples[0;1m ---[m
[[1;34mINFO[m] Building jar: /home/user/Reproducibility-Scanner/benchmarks/bugs-dot-jar/accumulo/lib/accumulo-examples-1.5.0-incubating-SNAPSHOT.jar
[[1;34mINFO[m] 
[[1;34mINFO[m] [1m--- [0;32mmaven-site-plugin:3.0:attach-descriptor[m [1m(attach-descriptor)[m @ [36maccumulo-examples[0;1m ---[m
[[1;34mINFO[m] 
[[1;34mINFO[m] [1m--- [0;32mmaven-install-plugin:2.3.1:install[m [1m(default-install)[m @ [36maccumulo-examples[0;1m ---[m
[[1;34mINFO[m] Installing /home/user/Reproducibility-Scanner/benchmarks/bugs-dot-jar/accumulo/lib/accumulo-examples-1.5.0-incubating-SNAPSHOT.jar to /home/user/.m2/repository/org/apache/accumulo/accumulo-examples/1.5.0-incubating-SNAPSHOT/accumulo-examples-1.5.0-incubating-SNAPSHOT.jar
[[1;34mINFO[m] Installing /home/user/Reproducibility-Scanner/benchmarks/bugs-dot-jar/accumulo/src/examples/pom.xml to /home/user/.m2/repository/org/apache/accumulo/accumulo-examples/1.5.0-incubating-SNAPSHOT/accumulo-examples-1.5.0-incubating-SNAPSHOT.pom
[[1;34mINFO[m] 
[[1;34mINFO[m] [1m---------------< [0;36morg.apache.accumulo:accumulo-assemble[0;1m >----------------[m
[[1;34mINFO[m] [1mBuilding accumulo-assemble 1.5.0-incubating-SNAPSHOT               [7/7][m
[[1;34mINFO[m] [1m--------------------------------[ pom ]---------------------------------[m
[[1;34mINFO[m] 
[[1;34mINFO[m] [1m--- [0;32mmaven-enforcer-plugin:1.0.1:enforce[m [1m(enforce-mvn)[m @ [36maccumulo-assemble[0;1m ---[m
[[1;34mINFO[m] 
[[1;34mINFO[m] [1m--- [0;32mmaven-remote-resources-plugin:1.2.1:process[m [1m(default)[m @ [36maccumulo-assemble[0;1m ---[m
[[1;34mINFO[m] 
[[1;34mINFO[m] [1m--- [0;32mmaven-dependency-plugin:2.3:copy-dependencies[m [1m(copy-dependencies)[m @ [36maccumulo-assemble[0;1m ---[m
[[1;34mINFO[m] 
[[1;34mINFO[m] [1m--- [0;32mexec-maven-plugin:1.2:exec[m [1m(user-manual)[m @ [36maccumulo-assemble[0;1m ---[m
[[1;34mINFO[m] 
[[1;34mINFO[m] [1m--- [0;32mmaven-site-plugin:3.0:attach-descriptor[m [1m(attach-descriptor)[m @ [36maccumulo-assemble[0;1m ---[m
[[1;34mINFO[m] 
[[1;34mINFO[m] [1m--- [0;32mexec-maven-plugin:1.2:exec[m [1m(config webpage)[m @ [36maccumulo-assemble[0;1m ---[m
[[1;34mINFO[m] 
[[1;34mINFO[m] [1m--- [0;32mmaven-assembly-plugin:2.2.1:single[m [1m(distro-assembly)[m @ [36maccumulo-assemble[0;1m ---[m
[[1;34mINFO[m] Reading assembly descriptor: src/assemble/dist.xml
[[1;34mINFO[m] Building tar : /home/user/Reproducibility-Scanner/benchmarks/bugs-dot-jar/accumulo/src/assemble/target/accumulo-assemble-1.5.0-incubating-SNAPSHOT-dist.tar.gz
[[1;34mINFO[m] 
[[1;34mINFO[m] [1m--- [0;32mmaven-install-plugin:2.3.1:install[m [1m(default-install)[m @ [36maccumulo-assemble[0;1m ---[m
[[1;34mINFO[m] Installing /home/user/Reproducibility-Scanner/benchmarks/bugs-dot-jar/accumulo/src/assemble/pom.xml to /home/user/.m2/repository/org/apache/accumulo/accumulo-assemble/1.5.0-incubating-SNAPSHOT/accumulo-assemble-1.5.0-incubating-SNAPSHOT.pom
[[1;34mINFO[m] Installing /home/user/Reproducibility-Scanner/benchmarks/bugs-dot-jar/accumulo/src/assemble/target/accumulo-assemble-1.5.0-incubating-SNAPSHOT-dist.tar.gz to /home/user/.m2/repository/org/apache/accumulo/accumulo-assemble/1.5.0-incubating-SNAPSHOT/accumulo-assemble-1.5.0-incubating-SNAPSHOT-dist.tar.gz
[[1;34mINFO[m] [1m------------------------------------------------------------------------[m
[[1;34mINFO[m] [1mReactor Summary for accumulo 1.5.0-incubating-SNAPSHOT:[m
[[1;34mINFO[m] 
[[1;34mINFO[m] accumulo ........................................... [1;32mSUCCESS[m [  1.327 s]
[[1;34mINFO[m] cloudtrace ......................................... [1;32mSUCCESS[m [  1.674 s]
[[1;34mINFO[m] accumulo-start ..................................... [1;32mSUCCESS[m [  0.875 s]
[[1;34mINFO[m] accumulo-core ...................................... [1;32mSUCCESS[m [  6.340 s]
[[1;34mINFO[m] accumulo-server .................................... [1;32mSUCCESS[m [  4.226 s]
[[1;34mINFO[m] accumulo-examples .................................. [1;32mSUCCESS[m [  1.696 s]
[[1;34mINFO[m] accumulo-assemble .................................. [1;32mSUCCESS[m [  3.208 s]
[[1;34mINFO[m] [1m------------------------------------------------------------------------[m
[[1;34mINFO[m] [1;32mBUILD SUCCESS[m
[[1;34mINFO[m] [1m------------------------------------------------------------------------[m
[[1;34mINFO[m] Total time:  19.517 s
[[1;34mINFO[m] Finished at: 2022-07-15T22:32:51-07:00
[[1;34mINFO[m] [1m------------------------------------------------------------------------[m
[[1;34mINFO[m] Scanning for projects...
[[1;34mINFO[m] 
[[1;34mINFO[m] [1m-----------------< [0;36morg.apache.accumulo:accumulo-core[0;1m >------------------[m
[[1;34mINFO[m] [1mBuilding accumulo-core 1.5.0-incubating-SNAPSHOT[m
[[1;34mINFO[m] [1m--------------------------------[ jar ]---------------------------------[m
[[1;34mINFO[m] 
[[1;34mINFO[m] [1m--- [0;32mmaven-enforcer-plugin:1.0.1:enforce[m [1m(enforce-mvn)[m @ [36maccumulo-core[0;1m ---[m
[[1;34mINFO[m] 
[[1;34mINFO[m] [1m--- [0;32mexec-maven-plugin:1.2:exec[m [1m(generate-core-thrift)[m @ [36maccumulo-core[0;1m ---[m
thrift is not available
[[1;34mINFO[m] 
[[1;34mINFO[m] [1m--- [0;32mmaven-remote-resources-plugin:1.2.1:process[m [1m(default)[m @ [36maccumulo-core[0;1m ---[m
[[1;34mINFO[m] 
[[1;34mINFO[m] [1m--- [0;32mmaven-resources-plugin:2.5:resources[m [1m(default-resources)[m @ [36maccumulo-core[0;1m ---[m
[debug] execute contextualize
[[1;34mINFO[m] Using 'UTF-8' encoding to copy filtered resources.
[[1;34mINFO[m] Copying 4 resources to META-INF
[[1;34mINFO[m] Copying 1 resource
[[1;34mINFO[m] Copying 3 resources
[[1;34mINFO[m] 
[[1;34mINFO[m] [1m--- [0;32mmaven-dependency-plugin:2.3:copy-dependencies[m [1m(copy-dependencies)[m @ [36maccumulo-core[0;1m ---[m
[[1;34mINFO[m] libthrift-0.6.1.jar already exists in destination.
[[1;34mINFO[m] log4j-1.2.16.jar already exists in destination.
[[1;34mINFO[m] commons-collections-3.2.jar already exists in destination.
[[1;34mINFO[m] jline-0.9.94.jar already exists in destination.
[[1;34mINFO[m] commons-lang-2.4.jar already exists in destination.
[[1;34mINFO[m] 
[[1;34mINFO[m] [1m--- [0;32mmaven-compiler-plugin:2.3.2:compile[m [1m(default-compile)[m @ [36maccumulo-core[0;1m ---[m
[[1;34mINFO[m] Nothing to compile - all classes are up to date
[[1;34mINFO[m] 
[[1;34mINFO[m] [1m--- [0;32mmaven-resources-plugin:2.5:testResources[m [1m(default-testResources)[m @ [36maccumulo-core[0;1m ---[m
[debug] execute contextualize
[[1;34mINFO[m] Using 'UTF-8' encoding to copy filtered resources.
[[1;34mINFO[m] Copying 2 resources
[[1;34mINFO[m] Copying 3 resources
[[1;34mINFO[m] 
[[1;34mINFO[m] [1m--- [0;32mmaven-compiler-plugin:2.3.2:testCompile[m [1m(default-testCompile)[m @ [36maccumulo-core[0;1m ---[m
[[1;34mINFO[m] Nothing to compile - all classes are up to date
[[1;34mINFO[m] 
[[1;34mINFO[m] [1m--- [0;32mmaven-surefire-plugin:2.9:test[m [1m(default-test)[m @ [36maccumulo-core[0;1m ---[m
[[1;34mINFO[m] Surefire report directory: /home/user/Reproducibility-Scanner/benchmarks/bugs-dot-jar/accumulo/src/core/target/surefire-reports

-------------------------------------------------------
 T E S T S
-------------------------------------------------------
Running org.apache.accumulo.core.conf.PropertyTest
Tests run: 3, Failures: 0, Errors: 0, Skipped: 0, Time elapsed: 0.028 sec
Running org.apache.accumulo.core.client.RowIteratorTest
Tests run: 2, Failures: 0, Errors: 0, Skipped: 0, Time elapsed: 0.06 sec
Running org.apache.accumulo.core.client.admin.FindMaxTest
Tests run: 1, Failures: 0, Errors: 0, Skipped: 0, Time elapsed: 0.577 sec
Running org.apache.accumulo.core.client.admin.TableOperationsHelperTest
Tests run: 1, Failures: 0, Errors: 0, Skipped: 0, Time elapsed: 0 sec
Running org.apache.accumulo.core.client.mock.MockConnectorTest
Tests run: 6, Failures: 0, Errors: 0, Skipped: 0, Time elapsed: 0.018 sec
Running org.apache.accumulo.core.client.mapreduce.AccumuloRowInputFormatTest
Tests run: 1, Failures: 0, Errors: 0, Skipped: 0, Time elapsed: 0.052 sec
Running org.apache.accumulo.core.client.mapreduce.AccumuloInputFormatTest
22/07/15 22:32:56 INFO jvm.JvmMetrics: Initializing JVM Metrics with processName=JobTracker, sessionId=
22/07/15 22:32:56 INFO jvm.JvmMetrics: Cannot initialize JVM Metrics with processName=JobTracker, sessionId= - already initialized
Tests run: 10, Failures: 1, Errors: 0, Skipped: 0, Time elapsed: 0.402 sec <<< FAILURE!
Running org.apache.accumulo.core.client.mapreduce.AccumuloFileOutputFormatTest
22/07/15 22:32:56 WARN util.NativeCodeLoader: Unable to load native-hadoop library for your platform... using builtin-java classes where applicable
22/07/15 22:32:56 INFO compress.CodecPool: Got brand-new compressor
file:/home/user/Reproducibility-Scanner/benchmarks/bugs-dot-jar/accumulo/target/_temporary/_attempt__0000_r_000000_0/part-r-00000.rf
file:/home/user/Reproducibility-Scanner/benchmarks/bugs-dot-jar/accumulo/target/_temporary/_attempt__0000_r_000000_0/part-r-00000.rf
Tests run: 4, Failures: 0, Errors: 0, Skipped: 0, Time elapsed: 0.059 sec
Running org.apache.accumulo.core.client.mapreduce.lib.partition.RangePartitionerTest
Tests run: 2, Failures: 0, Errors: 0, Skipped: 0, Time elapsed: 0.245 sec
Running org.apache.accumulo.core.client.ClientSideIteratorTest
Tests run: 2, Failures: 0, Errors: 0, Skipped: 0, Time elapsed: 0.008 sec
Running org.apache.accumulo.core.client.impl.ScannerOptionsTest
Tests run: 1, Failures: 0, Errors: 0, Skipped: 0, Time elapsed: 0 sec
Running org.apache.accumulo.core.client.impl.TabletLocatorImplTest
Tests run: 16, Failures: 0, Errors: 0, Skipped: 0, Time elapsed: 0.033 sec
Running org.apache.accumulo.core.security.VisibilityEvaluatorTest
Tests run: 1, Failures: 0, Errors: 0, Skipped: 0, Time elapsed: 0.003 sec
Running org.apache.accumulo.core.security.ColumnVisibilityTest
Tests run: 10, Failures: 0, Errors: 0, Skipped: 0, Time elapsed: 0.002 sec
Running org.apache.accumulo.core.security.AuthorizationsTest
Tests run: 2, Failures: 0, Errors: 0, Skipped: 0, Time elapsed: 0 sec
Running org.apache.accumulo.core.util.LocalityGroupUtilTest
Tests run: 2, Failures: 0, Errors: 0, Skipped: 0, Time elapsed: 0.003 sec
Running org.apache.accumulo.core.util.MetadataTableTest
Tests run: 1, Failures: 0, Errors: 0, Skipped: 0, Time elapsed: 0 sec
Running org.apache.accumulo.core.util.MergeTest
Tests run: 1, Failures: 0, Errors: 0, Skipped: 0, Time elapsed: 0.002 sec
Running org.apache.accumulo.core.util.TextUtilTest
Tests run: 1, Failures: 0, Errors: 0, Skipped: 0, Time elapsed: 0 sec
Running org.apache.accumulo.core.util.EscapeTokenizerTest
Tests run: 11, Failures: 0, Errors: 0, Skipped: 0, Time elapsed: 0.002 sec
Running org.apache.accumulo.core.util.AddressUtilTest
Tests run: 2, Failures: 0, Errors: 0, Skipped: 0, Time elapsed: 0.037 sec
Running org.apache.accumulo.core.util.TestStringUtil
Tests run: 1, Failures: 0, Errors: 0, Skipped: 0, Time elapsed: 0.001 sec
Running org.apache.accumulo.core.util.TestVersion
Tests run: 1, Failures: 0, Errors: 0, Skipped: 0, Time elapsed: 0 sec
Running org.apache.accumulo.core.iterators.IterUtilTest
Tests run: 5, Failures: 0, Errors: 0, Skipped: 0, Time elapsed: 0.005 sec
Running org.apache.accumulo.core.iterators.AggregatingIteratorTest
Tests run: 7, Failures: 0, Errors: 0, Skipped: 0, Time elapsed: 0.008 sec
Running org.apache.accumulo.core.iterators.system.ColumnFilterTest
Tests run: 3, Failures: 0, Errors: 0, Skipped: 0, Time elapsed: 0 sec
Running org.apache.accumulo.core.iterators.system.ColumnFamilySkippingIteratorTest
Tests run: 3, Failures: 0, Errors: 0, Skipped: 0, Time elapsed: 0.4 sec
Running org.apache.accumulo.core.iterators.system.DeletingIteratorTest
Tests run: 4, Failures: 0, Errors: 0, Skipped: 0, Time elapsed: 0.001 sec
Running org.apache.accumulo.core.iterators.system.TimeSettingIteratorTest
Tests run: 1, Failures: 0, Errors: 0, Skipped: 0, Time elapsed: 0.001 sec
Running org.apache.accumulo.core.iterators.system.MultiIteratorTest
Tests run: 7, Failures: 0, Errors: 0, Skipped: 0, Time elapsed: 0.064 sec
Running org.apache.accumulo.core.iterators.system.SourceSwitchingIteratorTest
Tests run: 5, Failures: 0, Errors: 0, Skipped: 0, Time elapsed: 0.001 sec
Running org.apache.accumulo.core.iterators.user.WholeRowIteratorTest
Tests run: 3, Failures: 0, Errors: 0, Skipped: 0, Time elapsed: 0.001 sec
Running org.apache.accumulo.core.iterators.user.GrepIteratorTest
Tests run: 1, Failures: 0, Errors: 0, Skipped: 0, Time elapsed: 0.001 sec
Running org.apache.accumulo.core.iterators.user.FilterTest
Tests run: 9, Failures: 0, Errors: 0, Skipped: 0, Time elapsed: 0.042 sec
Running org.apache.accumulo.core.iterators.user.RegExFilterTest
Tests run: 1, Failures: 0, Errors: 0, Skipped: 0, Time elapsed: 0.001 sec
Running org.apache.accumulo.core.iterators.user.VersioningIteratorTest
Tests run: 5, Failures: 0, Errors: 0, Skipped: 0, Time elapsed: 0.003 sec
Running org.apache.accumulo.core.iterators.user.IntersectingIteratorTest
Tests run: 6, Failures: 0, Errors: 0, Skipped: 0, Time elapsed: 0.387 sec
Running org.apache.accumulo.core.iterators.user.IndexedDocIteratorTest
Tests run: 5, Failures: 0, Errors: 0, Skipped: 0, Time elapsed: 0.444 sec
Running org.apache.accumulo.core.iterators.user.RowDeletingIteratorTest
Tests run: 4, Failures: 0, Errors: 0, Skipped: 0, Time elapsed: 0.001 sec
Running org.apache.accumulo.core.iterators.user.LargeRowFilterTest
Tests run: 5, Failures: 0, Errors: 0, Skipped: 0, Time elapsed: 0.025 sec
Running org.apache.accumulo.core.iterators.user.CombinerTest
Tests run: 10, Failures: 0, Errors: 0, Skipped: 0, Time elapsed: 0.005 sec
Running org.apache.accumulo.core.iterators.aggregation.conf.AggregatorConfigurationTest
Tests run: 2, Failures: 0, Errors: 0, Skipped: 0, Time elapsed: 0.001 sec
Running org.apache.accumulo.core.iterators.aggregation.NumSummationTest
Tests run: 5, Failures: 0, Errors: 0, Skipped: 0, Time elapsed: 0.001 sec
Running org.apache.accumulo.core.file.rfile.RFileTest
Tests run: 19, Failures: 0, Errors: 0, Skipped: 0, Time elapsed: 2.623 sec
Running org.apache.accumulo.core.file.rfile.MultiLevelIndexTest
Tests run: 1, Failures: 0, Errors: 0, Skipped: 0, Time elapsed: 0.217 sec
Running org.apache.accumulo.core.file.blockfile.cache.TestLruBlockCache
Tests run: 7, Failures: 0, Errors: 0, Skipped: 0, Time elapsed: 1.038 sec
Running org.apache.accumulo.core.file.blockfile.cache.TestCachedBlockQueue
Tests run: 2, Failures: 0, Errors: 0, Skipped: 0, Time elapsed: 0.002 sec
Running org.apache.accumulo.core.data.ColumnTest
Tests run: 3, Failures: 0, Errors: 0, Skipped: 0, Time elapsed: 0.001 sec
Running org.apache.accumulo.core.data.RangeTest
Tests run: 43, Failures: 0, Errors: 0, Skipped: 0, Time elapsed: 0.015 sec
Running org.apache.accumulo.core.data.MutationTest
Tests run: 8, Failures: 0, Errors: 0, Skipped: 0, Time elapsed: 0.022 sec
Running org.apache.accumulo.core.data.KeyExtentTest
Tests run: 3, Failures: 0, Errors: 0, Skipped: 0, Time elapsed: 0 sec
Running org.apache.accumulo.core.data.MapFileTest
Tests run: 3, Failures: 0, Errors: 0, Skipped: 0, Time elapsed: 0.442 sec
Running org.apache.accumulo.core.data.KeyTest
Tests run: 4, Failures: 0, Errors: 0, Skipped: 0, Time elapsed: 0.001 sec

Results :

Failed tests:   testAddIterator(org.apache.accumulo.core.client.mapreduce.AccumuloInputFormatTest): expected:<[v1]> but was:<[junk]>

Tests run: 266, Failures: 1, Errors: 0, Skipped: 0

[[1;34mINFO[m] [1m------------------------------------------------------------------------[m
[[1;34mINFO[m] [1;31mBUILD FAILURE[m
[[1;34mINFO[m] [1m------------------------------------------------------------------------[m
[[1;34mINFO[m] Total time:  9.796 s
[[1;34mINFO[m] Finished at: 2022-07-15T22:33:03-07:00
[[1;34mINFO[m] [1m------------------------------------------------------------------------[m
[[1;31mERROR[m] Failed to execute goal [32morg.apache.maven.plugins:maven-surefire-plugin:2.9:test[m [1m(default-test)[m on project [36maccumulo-core[m: [1;31mThere are test failures.[m
[[1;31mERROR[m] [1;31m[m
[[1;31mERROR[m] [1;31mPlease refer to /home/user/Reproducibility-Scanner/benchmarks/bugs-dot-jar/accumulo/src/core/target/surefire-reports for the individual test results.[m
[[1;31mERROR[m] -> [1m[Help 1][m
[[1;31mERROR[m] 
[[1;31mERROR[m] To see the full stack trace of the errors, re-run Maven with the [1m-e[m switch.
[[1;31mERROR[m] Re-run Maven using the [1m-X[m switch to enable full debug logging.
[[1;31mERROR[m] 
[[1;31mERROR[m] For more information about the errors and possible solutions, please read the following articles:
[[1;31mERROR[m] [1m[Help 1][m http://cwiki.apache.org/confluence/display/MAVEN/MojoFailureException