[INFO] Scanning for projects...
[INFO] ------------------------------------------------------------------------
[INFO] Reactor Build Order:
[INFO] 
[INFO] Apache Log4j 2                                                     [pom]
[INFO] Apache Log4j API                                                   [jar]
[INFO] Apache Log4J Core                                                  [jar]
[INFO] Apache Log4j 1.x Compatibility API                                 [jar]
[INFO] Apache Log4j SLF4J Binding                                         [jar]
[INFO] Apache Log4j Commons Logging Bridge                                [jar]
[INFO] Apache Log4j Flume NG Bridge                                       [jar]
[INFO] Log4j Web Adapters                                                 [jar]
[INFO] 
[INFO] -------------------< org.apache.logging.log4j:log4j >-------------------
[INFO] Building Apache Log4j 2 2.0-beta4-SNAPSHOT                         [1/8]
[INFO] --------------------------------[ pom ]---------------------------------
[INFO] 
[INFO] --- maven-remote-resources-plugin:1.1:process (default) @ log4j ---
[INFO] Setting property: classpath.resource.loader.class => 'org.codehaus.plexus.velocity.ContextClassLoaderResourceLoader'.
[INFO] Setting property: velocimacro.messages.on => 'false'.
[INFO] Setting property: resource.loader => 'classpath'.
[INFO] Setting property: resource.manager.logwhenfound => 'false'.
[INFO] 
[INFO] --- maven-bundle-plugin:2.3.7:manifest (bundle-manifest) @ log4j ---
[WARNING] Ignoring project type pom - supportedProjectTypes = [jar, bundle]
[INFO] 
[INFO] --- maven-install-plugin:2.3.1:install (default-install) @ log4j ---
[INFO] Installing /data-depot/user/Workspace/Reproducibility/Reproducibility-Scanner/benchmarks/bugs-dot-jar/logging-log4j2/pom.xml to /home/user/.m2/repository/org/apache/logging/log4j/log4j/2.0-beta4-SNAPSHOT/log4j-2.0-beta4-SNAPSHOT.pom
[INFO] 
[INFO] -----------------< org.apache.logging.log4j:log4j-api >-----------------
[INFO] Building Apache Log4j API 2.0-beta4-SNAPSHOT                       [2/8]
[INFO] --------------------------------[ jar ]---------------------------------
[INFO] 
[INFO] --- maven-remote-resources-plugin:1.1:process (default) @ log4j-api ---
[INFO] 
[INFO] --- maven-resources-plugin:2.5:resources (default-resources) @ log4j-api ---
[debug] execute contextualize
[INFO] Using 'UTF-8' encoding to copy filtered resources.
[INFO] skip non existing resourceDirectory /data-depot/user/Workspace/Reproducibility/Reproducibility-Scanner/benchmarks/bugs-dot-jar/logging-log4j2/api/src/main/resources
[INFO] Copying 3 resources
[INFO] 
[INFO] --- maven-compiler-plugin:2.3.2:compile (default-compile) @ log4j-api ---
[INFO] Compiling 41 source files to /data-depot/user/Workspace/Reproducibility/Reproducibility-Scanner/benchmarks/bugs-dot-jar/logging-log4j2/api/target/classes
[INFO] 
[INFO] --- maven-bundle-plugin:2.3.7:manifest (bundle-manifest) @ log4j-api ---
[INFO] 
[INFO] --- maven-resources-plugin:2.5:testResources (default-testResources) @ log4j-api ---
[debug] execute contextualize
[INFO] Using 'UTF-8' encoding to copy filtered resources.
[INFO] Copying 1 resource
[INFO] Copying 3 resources
[INFO] 
[INFO] --- maven-compiler-plugin:2.3.2:testCompile (default-testCompile) @ log4j-api ---
[INFO] Compiling 16 source files to /data-depot/user/Workspace/Reproducibility/Reproducibility-Scanner/benchmarks/bugs-dot-jar/logging-log4j2/api/target/test-classes
[INFO] 
[INFO] --- maven-surefire-plugin:2.12.4:test (default-test) @ log4j-api ---
[INFO] Tests are skipped.
[INFO] 
[INFO] --- maven-jar-plugin:2.3.1:jar (default-jar) @ log4j-api ---
[INFO] Building jar: /data-depot/user/Workspace/Reproducibility/Reproducibility-Scanner/benchmarks/bugs-dot-jar/logging-log4j2/api/target/log4j-api-2.0-beta4-SNAPSHOT.jar
[INFO] 
[INFO] --- maven-install-plugin:2.3.1:install (default-install) @ log4j-api ---
[INFO] Installing /data-depot/user/Workspace/Reproducibility/Reproducibility-Scanner/benchmarks/bugs-dot-jar/logging-log4j2/api/target/log4j-api-2.0-beta4-SNAPSHOT.jar to /home/user/.m2/repository/org/apache/logging/log4j/log4j-api/2.0-beta4-SNAPSHOT/log4j-api-2.0-beta4-SNAPSHOT.jar
[INFO] Installing /data-depot/user/Workspace/Reproducibility/Reproducibility-Scanner/benchmarks/bugs-dot-jar/logging-log4j2/api/pom.xml to /home/user/.m2/repository/org/apache/logging/log4j/log4j-api/2.0-beta4-SNAPSHOT/log4j-api-2.0-beta4-SNAPSHOT.pom
[INFO] 
[INFO] ----------------< org.apache.logging.log4j:log4j-core >-----------------
[INFO] Building Apache Log4J Core 2.0-beta4-SNAPSHOT                      [3/8]
[INFO] --------------------------------[ jar ]---------------------------------
[INFO] 
[INFO] --- maven-remote-resources-plugin:1.1:process (default) @ log4j-core ---
[INFO] 
[INFO] --- maven-resources-plugin:2.5:resources (default-resources) @ log4j-core ---
[debug] execute contextualize
[INFO] Using 'UTF-8' encoding to copy filtered resources.
[INFO] Copying 2 resources
[INFO] Copying 3 resources
[INFO] 
[INFO] --- maven-compiler-plugin:2.3.2:compile (default-compile) @ log4j-core ---
[INFO] Compiling 214 source files to /data-depot/user/Workspace/Reproducibility/Reproducibility-Scanner/benchmarks/bugs-dot-jar/logging-log4j2/core/target/classes
[INFO] 
[INFO] --- maven-bundle-plugin:2.3.7:manifest (bundle-manifest) @ log4j-core ---
[INFO] 
[INFO] >>> exec-maven-plugin:1.2.1:java (default) > validate @ log4j-core >>>
[INFO] 
[INFO] <<< exec-maven-plugin:1.2.1:java (default) < validate @ log4j-core <<<
[INFO] 
[INFO] 
[INFO] --- exec-maven-plugin:1.2.1:java (default) @ log4j-core ---
[INFO] 
[INFO] --- maven-resources-plugin:2.5:testResources (default-testResources) @ log4j-core ---
[debug] execute contextualize
[INFO] Using 'UTF-8' encoding to copy filtered resources.
[INFO] Copying 51 resources
[INFO] Copying 3 resources
[INFO] 
[INFO] --- maven-compiler-plugin:2.3.2:testCompile (default-testCompile) @ log4j-core ---
[INFO] Compiling 100 source files to /data-depot/user/Workspace/Reproducibility/Reproducibility-Scanner/benchmarks/bugs-dot-jar/logging-log4j2/core/target/test-classes
[WARNING] /data-depot/user/Workspace/Reproducibility/Reproducibility-Scanner/benchmarks/bugs-dot-jar/logging-log4j2/core/src/test/java/org/apache/logging/log4j/ReflectionComparison.java:[25,18] Reflection is internal proprietary API and may be removed in a future release
[WARNING] /data-depot/user/Workspace/Reproducibility/Reproducibility-Scanner/benchmarks/bugs-dot-jar/logging-log4j2/core/src/test/java/org/apache/logging/log4j/ReflectionComparison.java:[83,12] Reflection is internal proprietary API and may be removed in a future release
[INFO] 
[INFO] --- maven-surefire-plugin:2.12.4:test (default-test) @ log4j-core ---
[INFO] Tests are skipped.
[INFO] 
[INFO] --- maven-jar-plugin:2.3.1:jar (default-jar) @ log4j-core ---
[INFO] Building jar: /data-depot/user/Workspace/Reproducibility/Reproducibility-Scanner/benchmarks/bugs-dot-jar/logging-log4j2/core/target/log4j-core-2.0-beta4-SNAPSHOT.jar
[INFO] 
[INFO] --- maven-jar-plugin:2.3.1:test-jar (default) @ log4j-core ---
[INFO] Building jar: /data-depot/user/Workspace/Reproducibility/Reproducibility-Scanner/benchmarks/bugs-dot-jar/logging-log4j2/core/target/log4j-core-2.0-beta4-SNAPSHOT-tests.jar
[INFO] 
[INFO] --- maven-install-plugin:2.3.1:install (default-install) @ log4j-core ---
[INFO] Installing /data-depot/user/Workspace/Reproducibility/Reproducibility-Scanner/benchmarks/bugs-dot-jar/logging-log4j2/core/target/log4j-core-2.0-beta4-SNAPSHOT.jar to /home/user/.m2/repository/org/apache/logging/log4j/log4j-core/2.0-beta4-SNAPSHOT/log4j-core-2.0-beta4-SNAPSHOT.jar
[INFO] Installing /data-depot/user/Workspace/Reproducibility/Reproducibility-Scanner/benchmarks/bugs-dot-jar/logging-log4j2/core/pom.xml to /home/user/.m2/repository/org/apache/logging/log4j/log4j-core/2.0-beta4-SNAPSHOT/log4j-core-2.0-beta4-SNAPSHOT.pom
[INFO] Installing /data-depot/user/Workspace/Reproducibility/Reproducibility-Scanner/benchmarks/bugs-dot-jar/logging-log4j2/core/target/log4j-core-2.0-beta4-SNAPSHOT-tests.jar to /home/user/.m2/repository/org/apache/logging/log4j/log4j-core/2.0-beta4-SNAPSHOT/log4j-core-2.0-beta4-SNAPSHOT-tests.jar
[INFO] 
[INFO] -----------< org.apache.logging.log4j.adapters:log4j12-api >------------
[INFO] Building Apache Log4j 1.x Compatibility API 2.0-beta4-SNAPSHOT     [4/8]
[INFO] --------------------------------[ jar ]---------------------------------
[INFO] 
[INFO] --- maven-remote-resources-plugin:1.1:process (default) @ log4j12-api ---
[INFO] 
[INFO] --- maven-resources-plugin:2.5:resources (default-resources) @ log4j12-api ---
[debug] execute contextualize
[INFO] Using 'UTF-8' encoding to copy filtered resources.
[INFO] skip non existing resourceDirectory /data-depot/user/Workspace/Reproducibility/Reproducibility-Scanner/benchmarks/bugs-dot-jar/logging-log4j2/log4j12-api/src/main/resources
[INFO] Copying 3 resources
[INFO] 
[INFO] --- maven-compiler-plugin:2.3.2:compile (default-compile) @ log4j12-api ---
[INFO] Compiling 24 source files to /data-depot/user/Workspace/Reproducibility/Reproducibility-Scanner/benchmarks/bugs-dot-jar/logging-log4j2/log4j12-api/target/classes
[INFO] 
[INFO] --- maven-bundle-plugin:2.3.7:manifest (bundle-manifest) @ log4j12-api ---
[WARNING] Manifest org.apache.logging.log4j.adapters:log4j12-api:jar:2.0-beta4-SNAPSHOT : Superfluous export-package instructions: [org.apache.logging.log4j.*]
[INFO] 
[INFO] --- maven-resources-plugin:2.5:testResources (default-testResources) @ log4j12-api ---
[debug] execute contextualize
[INFO] Using 'UTF-8' encoding to copy filtered resources.
[INFO] Copying 4 resources
[INFO] Copying 3 resources
[INFO] 
[INFO] --- maven-compiler-plugin:2.3.2:testCompile (default-testCompile) @ log4j12-api ---
[INFO] Compiling 6 source files to /data-depot/user/Workspace/Reproducibility/Reproducibility-Scanner/benchmarks/bugs-dot-jar/logging-log4j2/log4j12-api/target/test-classes
[INFO] 
[INFO] --- maven-surefire-plugin:2.12.4:test (default-test) @ log4j12-api ---
[INFO] Tests are skipped.
[INFO] 
[INFO] --- maven-jar-plugin:2.3.1:jar (default-jar) @ log4j12-api ---
[INFO] Building jar: /data-depot/user/Workspace/Reproducibility/Reproducibility-Scanner/benchmarks/bugs-dot-jar/logging-log4j2/log4j12-api/target/log4j12-api-2.0-beta4-SNAPSHOT.jar
[INFO] 
[INFO] --- maven-install-plugin:2.3.1:install (default-install) @ log4j12-api ---
[INFO] Installing /data-depot/user/Workspace/Reproducibility/Reproducibility-Scanner/benchmarks/bugs-dot-jar/logging-log4j2/log4j12-api/target/log4j12-api-2.0-beta4-SNAPSHOT.jar to /home/user/.m2/repository/org/apache/logging/log4j/adapters/log4j12-api/2.0-beta4-SNAPSHOT/log4j12-api-2.0-beta4-SNAPSHOT.jar
[INFO] Installing /data-depot/user/Workspace/Reproducibility/Reproducibility-Scanner/benchmarks/bugs-dot-jar/logging-log4j2/log4j12-api/pom.xml to /home/user/.m2/repository/org/apache/logging/log4j/adapters/log4j12-api/2.0-beta4-SNAPSHOT/log4j12-api-2.0-beta4-SNAPSHOT.pom
[INFO] 
[INFO] ---------< org.apache.logging.log4j.adapters:log4j-slf4j-impl >---------
[INFO] Building Apache Log4j SLF4J Binding 2.0-beta4-SNAPSHOT             [5/8]
[INFO] --------------------------------[ jar ]---------------------------------
[INFO] 
[INFO] --- maven-remote-resources-plugin:1.1:process (default) @ log4j-slf4j-impl ---
[INFO] 
[INFO] --- maven-resources-plugin:2.5:resources (default-resources) @ log4j-slf4j-impl ---
[debug] execute contextualize
[INFO] Using 'UTF-8' encoding to copy filtered resources.
[INFO] skip non existing resourceDirectory /data-depot/user/Workspace/Reproducibility/Reproducibility-Scanner/benchmarks/bugs-dot-jar/logging-log4j2/slf4j-impl/src/main/resources
[INFO] Copying 3 resources
[INFO] 
[INFO] --- maven-compiler-plugin:2.3.2:compile (default-compile) @ log4j-slf4j-impl ---
[INFO] Compiling 12 source files to /data-depot/user/Workspace/Reproducibility/Reproducibility-Scanner/benchmarks/bugs-dot-jar/logging-log4j2/slf4j-impl/target/classes
[INFO] 
[INFO] --- maven-bundle-plugin:2.3.7:manifest (bundle-manifest) @ log4j-slf4j-impl ---
[WARNING] Manifest org.apache.logging.log4j.adapters:log4j-slf4j-impl:jar:2.0-beta4-SNAPSHOT : Superfluous export-package instructions: [org.apache.logging.log4j.*]
[INFO] 
[INFO] --- maven-resources-plugin:2.5:testResources (default-testResources) @ log4j-slf4j-impl ---
[debug] execute contextualize
[INFO] Using 'UTF-8' encoding to copy filtered resources.
[INFO] Copying 1 resource
[INFO] Copying 3 resources
[INFO] 
[INFO] --- maven-compiler-plugin:2.3.2:testCompile (default-testCompile) @ log4j-slf4j-impl ---
[INFO] Compiling 2 source files to /data-depot/user/Workspace/Reproducibility/Reproducibility-Scanner/benchmarks/bugs-dot-jar/logging-log4j2/slf4j-impl/target/test-classes
[INFO] 
[INFO] --- maven-surefire-plugin:2.12.4:test (default-test) @ log4j-slf4j-impl ---
[INFO] Tests are skipped.
[INFO] 
[INFO] --- maven-jar-plugin:2.3.1:jar (default-jar) @ log4j-slf4j-impl ---
[INFO] Building jar: /data-depot/user/Workspace/Reproducibility/Reproducibility-Scanner/benchmarks/bugs-dot-jar/logging-log4j2/slf4j-impl/target/log4j-slf4j-impl-2.0-beta4-SNAPSHOT.jar
[INFO] 
[INFO] --- maven-install-plugin:2.3.1:install (default-install) @ log4j-slf4j-impl ---
[INFO] Installing /data-depot/user/Workspace/Reproducibility/Reproducibility-Scanner/benchmarks/bugs-dot-jar/logging-log4j2/slf4j-impl/target/log4j-slf4j-impl-2.0-beta4-SNAPSHOT.jar to /home/user/.m2/repository/org/apache/logging/log4j/adapters/log4j-slf4j-impl/2.0-beta4-SNAPSHOT/log4j-slf4j-impl-2.0-beta4-SNAPSHOT.jar
[INFO] Installing /data-depot/user/Workspace/Reproducibility/Reproducibility-Scanner/benchmarks/bugs-dot-jar/logging-log4j2/slf4j-impl/pom.xml to /home/user/.m2/repository/org/apache/logging/log4j/adapters/log4j-slf4j-impl/2.0-beta4-SNAPSHOT/log4j-slf4j-impl-2.0-beta4-SNAPSHOT.pom
[INFO] 
[INFO] ------------< org.apache.logging.log4j.adapters:log4j-jcl >-------------
[INFO] Building Apache Log4j Commons Logging Bridge 2.0-beta4-SNAPSHOT    [6/8]
[INFO] --------------------------------[ jar ]---------------------------------
[INFO] 
[INFO] --- maven-remote-resources-plugin:1.1:process (default) @ log4j-jcl ---
[INFO] 
[INFO] --- maven-resources-plugin:2.5:resources (default-resources) @ log4j-jcl ---
[debug] execute contextualize
[INFO] Using 'UTF-8' encoding to copy filtered resources.
[INFO] Copying 1 resource
[INFO] Copying 3 resources
[INFO] 
[INFO] --- maven-compiler-plugin:2.3.2:compile (default-compile) @ log4j-jcl ---
[INFO] Compiling 3 source files to /data-depot/user/Workspace/Reproducibility/Reproducibility-Scanner/benchmarks/bugs-dot-jar/logging-log4j2/jcl-bridge/target/classes
[INFO] 
[INFO] --- maven-bundle-plugin:2.3.7:manifest (bundle-manifest) @ log4j-jcl ---
[INFO] 
[INFO] --- maven-resources-plugin:2.5:testResources (default-testResources) @ log4j-jcl ---
[debug] execute contextualize
[INFO] Using 'UTF-8' encoding to copy filtered resources.
[INFO] Copying 1 resource
[INFO] Copying 3 resources
[INFO] 
[INFO] --- maven-compiler-plugin:2.3.2:testCompile (default-testCompile) @ log4j-jcl ---
[INFO] Compiling 1 source file to /data-depot/user/Workspace/Reproducibility/Reproducibility-Scanner/benchmarks/bugs-dot-jar/logging-log4j2/jcl-bridge/target/test-classes
[INFO] 
[INFO] --- maven-surefire-plugin:2.12.4:test (default-test) @ log4j-jcl ---
[INFO] Tests are skipped.
[INFO] 
[INFO] --- maven-jar-plugin:2.3.1:jar (default-jar) @ log4j-jcl ---
[INFO] Building jar: /data-depot/user/Workspace/Reproducibility/Reproducibility-Scanner/benchmarks/bugs-dot-jar/logging-log4j2/jcl-bridge/target/log4j-jcl-2.0-beta4-SNAPSHOT.jar
[INFO] 
[INFO] --- maven-install-plugin:2.3.1:install (default-install) @ log4j-jcl ---
[INFO] Installing /data-depot/user/Workspace/Reproducibility/Reproducibility-Scanner/benchmarks/bugs-dot-jar/logging-log4j2/jcl-bridge/target/log4j-jcl-2.0-beta4-SNAPSHOT.jar to /home/user/.m2/repository/org/apache/logging/log4j/adapters/log4j-jcl/2.0-beta4-SNAPSHOT/log4j-jcl-2.0-beta4-SNAPSHOT.jar
[INFO] Installing /data-depot/user/Workspace/Reproducibility/Reproducibility-Scanner/benchmarks/bugs-dot-jar/logging-log4j2/jcl-bridge/pom.xml to /home/user/.m2/repository/org/apache/logging/log4j/adapters/log4j-jcl/2.0-beta4-SNAPSHOT/log4j-jcl-2.0-beta4-SNAPSHOT.pom
[INFO] 
[INFO] ----------< org.apache.logging.log4j.adapters:log4j-flume-ng >----------
[INFO] Building Apache Log4j Flume NG Bridge 2.0-beta4-SNAPSHOT           [7/8]
[INFO] --------------------------------[ jar ]---------------------------------
[INFO] 
[INFO] --- maven-remote-resources-plugin:1.1:process (default) @ log4j-flume-ng ---
[INFO] 
[INFO] --- maven-resources-plugin:2.5:resources (default-resources) @ log4j-flume-ng ---
[debug] execute contextualize
[INFO] Using 'UTF-8' encoding to copy filtered resources.
[INFO] skip non existing resourceDirectory /data-depot/user/Workspace/Reproducibility/Reproducibility-Scanner/benchmarks/bugs-dot-jar/logging-log4j2/flume-ng/src/main/resources
[INFO] Copying 3 resources
[INFO] 
[INFO] --- maven-compiler-plugin:2.3.2:compile (default-compile) @ log4j-flume-ng ---
[INFO] Compiling 11 source files to /data-depot/user/Workspace/Reproducibility/Reproducibility-Scanner/benchmarks/bugs-dot-jar/logging-log4j2/flume-ng/target/classes
[INFO] 
[INFO] --- maven-bundle-plugin:2.3.7:manifest (bundle-manifest) @ log4j-flume-ng ---
[INFO] 
[INFO] >>> exec-maven-plugin:1.2.1:java (default) > validate @ log4j-flume-ng >>>
[INFO] 
[INFO] <<< exec-maven-plugin:1.2.1:java (default) < validate @ log4j-flume-ng <<<
[INFO] 
[INFO] 
[INFO] --- exec-maven-plugin:1.2.1:java (default) @ log4j-flume-ng ---
[INFO] 
[INFO] --- maven-resources-plugin:2.5:testResources (default-testResources) @ log4j-flume-ng ---
[debug] execute contextualize
[INFO] Using 'UTF-8' encoding to copy filtered resources.
[INFO] Copying 2 resources
[INFO] Copying 3 resources
[INFO] 
[INFO] --- maven-compiler-plugin:2.3.2:testCompile (default-testCompile) @ log4j-flume-ng ---
[INFO] Compiling 3 source files to /data-depot/user/Workspace/Reproducibility/Reproducibility-Scanner/benchmarks/bugs-dot-jar/logging-log4j2/flume-ng/target/test-classes
[INFO] 
[INFO] --- maven-surefire-plugin:2.12.4:test (default-test) @ log4j-flume-ng ---
[INFO] Tests are skipped.
[INFO] 
[INFO] --- maven-jar-plugin:2.3.1:jar (default-jar) @ log4j-flume-ng ---
[INFO] Building jar: /data-depot/user/Workspace/Reproducibility/Reproducibility-Scanner/benchmarks/bugs-dot-jar/logging-log4j2/flume-ng/target/log4j-flume-ng-2.0-beta4-SNAPSHOT.jar
[INFO] 
[INFO] --- maven-jar-plugin:2.3.1:test-jar (default) @ log4j-flume-ng ---
[INFO] Building jar: /data-depot/user/Workspace/Reproducibility/Reproducibility-Scanner/benchmarks/bugs-dot-jar/logging-log4j2/flume-ng/target/log4j-flume-ng-2.0-beta4-SNAPSHOT-tests.jar
[INFO] 
[INFO] --- maven-install-plugin:2.3.1:install (default-install) @ log4j-flume-ng ---
[INFO] Installing /data-depot/user/Workspace/Reproducibility/Reproducibility-Scanner/benchmarks/bugs-dot-jar/logging-log4j2/flume-ng/target/log4j-flume-ng-2.0-beta4-SNAPSHOT.jar to /home/user/.m2/repository/org/apache/logging/log4j/adapters/log4j-flume-ng/2.0-beta4-SNAPSHOT/log4j-flume-ng-2.0-beta4-SNAPSHOT.jar
[INFO] Installing /data-depot/user/Workspace/Reproducibility/Reproducibility-Scanner/benchmarks/bugs-dot-jar/logging-log4j2/flume-ng/pom.xml to /home/user/.m2/repository/org/apache/logging/log4j/adapters/log4j-flume-ng/2.0-beta4-SNAPSHOT/log4j-flume-ng-2.0-beta4-SNAPSHOT.pom
[INFO] Installing /data-depot/user/Workspace/Reproducibility/Reproducibility-Scanner/benchmarks/bugs-dot-jar/logging-log4j2/flume-ng/target/log4j-flume-ng-2.0-beta4-SNAPSHOT-tests.jar to /home/user/.m2/repository/org/apache/logging/log4j/adapters/log4j-flume-ng/2.0-beta4-SNAPSHOT/log4j-flume-ng-2.0-beta4-SNAPSHOT-tests.jar
[INFO] 
[INFO] ------------< org.apache.logging.log4j.adapters:log4j-web >-------------
[INFO] Building Log4j Web Adapters 2.0-beta4-SNAPSHOT                     [8/8]
[INFO] --------------------------------[ jar ]---------------------------------
[INFO] 
[INFO] --- maven-remote-resources-plugin:1.1:process (default) @ log4j-web ---
[INFO] 
[INFO] --- maven-resources-plugin:2.5:resources (default-resources) @ log4j-web ---
[debug] execute contextualize
[INFO] Using 'UTF-8' encoding to copy filtered resources.
[INFO] skip non existing resourceDirectory /data-depot/user/Workspace/Reproducibility/Reproducibility-Scanner/benchmarks/bugs-dot-jar/logging-log4j2/web/src/main/resources
[INFO] Copying 3 resources
[INFO] 
[INFO] --- maven-compiler-plugin:2.3.2:compile (default-compile) @ log4j-web ---
[INFO] Compiling 3 source files to /data-depot/user/Workspace/Reproducibility/Reproducibility-Scanner/benchmarks/bugs-dot-jar/logging-log4j2/web/target/classes
[INFO] 
[INFO] --- maven-bundle-plugin:2.3.7:manifest (bundle-manifest) @ log4j-web ---
[INFO] 
[INFO] --- maven-resources-plugin:2.5:testResources (default-testResources) @ log4j-web ---
[debug] execute contextualize
[INFO] Using 'UTF-8' encoding to copy filtered resources.
[INFO] Copying 1 resource
[INFO] Copying 3 resources
[INFO] 
[INFO] --- maven-compiler-plugin:2.3.2:testCompile (default-testCompile) @ log4j-web ---
[INFO] Compiling 1 source file to /data-depot/user/Workspace/Reproducibility/Reproducibility-Scanner/benchmarks/bugs-dot-jar/logging-log4j2/web/target/test-classes
[INFO] 
[INFO] --- maven-surefire-plugin:2.12.4:test (default-test) @ log4j-web ---
[INFO] Tests are skipped.
[INFO] 
[INFO] --- maven-jar-plugin:2.3.1:jar (default-jar) @ log4j-web ---
[INFO] Building jar: /data-depot/user/Workspace/Reproducibility/Reproducibility-Scanner/benchmarks/bugs-dot-jar/logging-log4j2/web/target/log4j-web-2.0-beta4-SNAPSHOT.jar
[INFO] 
[INFO] --- maven-install-plugin:2.3.1:install (default-install) @ log4j-web ---
[INFO] Installing /data-depot/user/Workspace/Reproducibility/Reproducibility-Scanner/benchmarks/bugs-dot-jar/logging-log4j2/web/target/log4j-web-2.0-beta4-SNAPSHOT.jar to /home/user/.m2/repository/org/apache/logging/log4j/adapters/log4j-web/2.0-beta4-SNAPSHOT/log4j-web-2.0-beta4-SNAPSHOT.jar
[INFO] Installing /data-depot/user/Workspace/Reproducibility/Reproducibility-Scanner/benchmarks/bugs-dot-jar/logging-log4j2/web/pom.xml to /home/user/.m2/repository/org/apache/logging/log4j/adapters/log4j-web/2.0-beta4-SNAPSHOT/log4j-web-2.0-beta4-SNAPSHOT.pom
[INFO] ------------------------------------------------------------------------
[INFO] Reactor Summary:
[INFO] 
[INFO] Apache Log4j 2 2.0-beta4-SNAPSHOT .................. SUCCESS [  0.647 s]
[INFO] Apache Log4j API ................................... SUCCESS [  2.355 s]
[INFO] Apache Log4J Core .................................. SUCCESS [  3.456 s]
[INFO] Apache Log4j 1.x Compatibility API ................. SUCCESS [  1.473 s]
[INFO] Apache Log4j SLF4J Binding ......................... SUCCESS [  0.937 s]
[INFO] Apache Log4j Commons Logging Bridge ................ SUCCESS [  0.778 s]
[INFO] Apache Log4j Flume NG Bridge ....................... SUCCESS [  1.945 s]
[INFO] Log4j Web Adapters 2.0-beta4-SNAPSHOT .............. SUCCESS [  1.240 s]
[INFO] ------------------------------------------------------------------------
[INFO] BUILD SUCCESS
[INFO] ------------------------------------------------------------------------
[INFO] Total time: 13.026 s
[INFO] Finished at: 2022-07-16T10:56:31-07:00
[INFO] ------------------------------------------------------------------------
[INFO] Scanning for projects...
[INFO] 
[INFO] ----------------< org.apache.logging.log4j:log4j-core >-----------------
[INFO] Building Apache Log4J Core 2.0-beta4-SNAPSHOT
[INFO] --------------------------------[ jar ]---------------------------------
[INFO] 
[INFO] --- maven-remote-resources-plugin:1.1:process (default) @ log4j-core ---
[INFO] Setting property: classpath.resource.loader.class => 'org.codehaus.plexus.velocity.ContextClassLoaderResourceLoader'.
[INFO] Setting property: velocimacro.messages.on => 'false'.
[INFO] Setting property: resource.loader => 'classpath'.
[INFO] Setting property: resource.manager.logwhenfound => 'false'.
[INFO] 
[INFO] --- maven-resources-plugin:2.5:resources (default-resources) @ log4j-core ---
[debug] execute contextualize
[INFO] Using 'UTF-8' encoding to copy filtered resources.
[INFO] Copying 2 resources
[INFO] Copying 3 resources
[INFO] 
[INFO] --- maven-compiler-plugin:2.3.2:compile (default-compile) @ log4j-core ---
[INFO] Compiling 17 source files to /data-depot/user/Workspace/Reproducibility/Reproducibility-Scanner/benchmarks/bugs-dot-jar/logging-log4j2/core/target/classes
[INFO] 
[INFO] --- maven-bundle-plugin:2.3.7:manifest (bundle-manifest) @ log4j-core ---
[INFO] 
[INFO] >>> exec-maven-plugin:1.2.1:java (default) > validate @ log4j-core >>>
[INFO] 
[INFO] <<< exec-maven-plugin:1.2.1:java (default) < validate @ log4j-core <<<
[INFO] 
[INFO] 
[INFO] --- exec-maven-plugin:1.2.1:java (default) @ log4j-core ---
[INFO] 
[INFO] --- maven-resources-plugin:2.5:testResources (default-testResources) @ log4j-core ---
[debug] execute contextualize
[INFO] Using 'UTF-8' encoding to copy filtered resources.
[INFO] Copying 51 resources
[INFO] Copying 3 resources
[INFO] 
[INFO] --- maven-compiler-plugin:2.3.2:testCompile (default-testCompile) @ log4j-core ---
[INFO] Nothing to compile - all classes are up to date
[INFO] 
[INFO] --- maven-surefire-plugin:2.12.4:test (default-test) @ log4j-core ---
[INFO] Surefire report directory: /data-depot/user/Workspace/Reproducibility/Reproducibility-Scanner/benchmarks/bugs-dot-jar/logging-log4j2/core/target/surefire-reports

-------------------------------------------------------
 T E S T S
-------------------------------------------------------

-------------------------------------------------------
 T E S T S
-------------------------------------------------------
Running org.apache.logging.log4j.core.filter.ThreadContextMapFilterTest
Tests run: 1, Failures: 0, Errors: 0, Skipped: 0, Time elapsed: 0.071 sec
Running org.apache.logging.log4j.core.filter.DynamicThresholdFilterTest
Tests run: 2, Failures: 0, Errors: 0, Skipped: 0, Time elapsed: 0.291 sec
Running org.apache.logging.log4j.core.filter.MapFilterTest
Tests run: 2, Failures: 0, Errors: 0, Skipped: 0, Time elapsed: 0.305 sec
Running org.apache.logging.log4j.core.filter.RegexFilterTest
Tests run: 1, Failures: 0, Errors: 0, Skipped: 0, Time elapsed: 0.065 sec
Running org.apache.logging.log4j.core.filter.BurstFilterTest
Tests run: 1, Failures: 0, Errors: 0, Skipped: 0, Time elapsed: 7.102 sec
Running org.apache.logging.log4j.core.filter.ThresholdFilterTest
Tests run: 1, Failures: 0, Errors: 0, Skipped: 0, Time elapsed: 0.065 sec
Running org.apache.logging.log4j.core.filter.StructuredDataFilterTest
Tests run: 2, Failures: 0, Errors: 0, Skipped: 0, Time elapsed: 0.23 sec
Running org.apache.logging.log4j.core.filter.TimeFilterTest
Tests run: 1, Failures: 0, Errors: 0, Skipped: 0, Time elapsed: 0.08 sec
Running org.apache.logging.log4j.core.filter.MarkerFilterTest
Tests run: 1, Failures: 0, Errors: 0, Skipped: 0, Time elapsed: 0.064 sec
Running org.apache.logging.log4j.core.ThreadedTest
Counter = 100
Tests run: 1, Failures: 0, Errors: 0, Skipped: 0, Time elapsed: 0.535 sec
Running org.apache.logging.log4j.core.config.TestConfigurator
2022-07-16 10:56:45,868 ERROR Console contains an invalid element or attribute "TypoLayout"
2022-07-16 10:56:45,884 ERROR FileManager (/rootdir/test.log) java.io.FileNotFoundException: /rootdir/test.log (No such file or directory)
2022-07-16 10:56:45,885 ERROR Unable to invoke method createAppender in class org.apache.logging.log4j.core.appender.FileAppender for element File java.lang.reflect.InvocationTargetException
	at sun.reflect.NativeMethodAccessorImpl.invoke0(Native Method)
	at sun.reflect.NativeMethodAccessorImpl.invoke(NativeMethodAccessorImpl.java:62)
	at sun.reflect.DelegatingMethodAccessorImpl.invoke(DelegatingMethodAccessorImpl.java:43)
	at java.lang.reflect.Method.invoke(Method.java:498)
	at org.apache.logging.log4j.core.config.BaseConfiguration.createPluginObject(BaseConfiguration.java:711)
	at org.apache.logging.log4j.core.config.BaseConfiguration.createConfiguration(BaseConfiguration.java:477)
	at org.apache.logging.log4j.core.config.BaseConfiguration.createConfiguration(BaseConfiguration.java:469)
	at org.apache.logging.log4j.core.config.BaseConfiguration.doConfigure(BaseConfiguration.java:156)
	at org.apache.logging.log4j.core.config.BaseConfiguration.start(BaseConfiguration.java:114)
	at org.apache.logging.log4j.core.LoggerContext.setConfiguration(LoggerContext.java:251)
	at org.apache.logging.log4j.core.config.Configurator.initialize(Configurator.java:62)
	at org.apache.logging.log4j.core.config.Configurator.initialize(Configurator.java:43)
	at org.apache.logging.log4j.core.config.TestConfigurator.testBadFileName(TestConfigurator.java:229)
	at sun.reflect.NativeMethodAccessorImpl.invoke0(Native Method)
	at sun.reflect.NativeMethodAccessorImpl.invoke(NativeMethodAccessorImpl.java:62)
	at sun.reflect.DelegatingMethodAccessorImpl.invoke(DelegatingMethodAccessorImpl.java:43)
	at java.lang.reflect.Method.invoke(Method.java:498)
	at org.junit.runners.model.FrameworkMethod$1.runReflectiveCall(FrameworkMethod.java:44)
	at org.junit.internal.runners.model.ReflectiveCallable.run(ReflectiveCallable.java:15)
	at org.junit.runners.model.FrameworkMethod.invokeExplosively(FrameworkMethod.java:41)
	at org.junit.internal.runners.statements.InvokeMethod.evaluate(InvokeMethod.java:20)
	at org.junit.runners.BlockJUnit4ClassRunner.runChild(BlockJUnit4ClassRunner.java:76)
	at org.junit.runners.BlockJUnit4ClassRunner.runChild(BlockJUnit4ClassRunner.java:50)
	at org.junit.runners.ParentRunner$3.run(ParentRunner.java:193)
	at org.junit.runners.ParentRunner$1.schedule(ParentRunner.java:52)
	at org.junit.runners.ParentRunner.runChildren(ParentRunner.java:191)
	at org.junit.runners.ParentRunner.access$000(ParentRunner.java:42)
	at org.junit.runners.ParentRunner$2.evaluate(ParentRunner.java:184)
	at org.junit.runners.ParentRunner.run(ParentRunner.java:236)
	at org.apache.maven.surefire.junit4.JUnit4Provider.execute(JUnit4Provider.java:252)
	at org.apache.maven.surefire.junit4.JUnit4Provider.executeTestSet(JUnit4Provider.java:141)
	at org.apache.maven.surefire.junit4.JUnit4Provider.invoke(JUnit4Provider.java:112)
	at sun.reflect.NativeMethodAccessorImpl.invoke0(Native Method)
	at sun.reflect.NativeMethodAccessorImpl.invoke(NativeMethodAccessorImpl.java:62)
	at sun.reflect.DelegatingMethodAccessorImpl.invoke(DelegatingMethodAccessorImpl.java:43)
	at java.lang.reflect.Method.invoke(Method.java:498)
	at org.apache.maven.surefire.util.ReflectionUtils.invokeMethodWithArray(ReflectionUtils.java:189)
	at org.apache.maven.surefire.booter.ProviderFactory$ProviderProxy.invoke(ProviderFactory.java:165)
	at org.apache.maven.surefire.booter.ProviderFactory.invokeProvider(ProviderFactory.java:85)
	at org.apache.maven.surefire.booter.ForkedBooter.runSuitesInProcess(ForkedBooter.java:115)
	at org.apache.maven.surefire.booter.ForkedBooter.main(ForkedBooter.java:75)
Caused by: java.lang.IllegalStateException: Unable to create a manager
	at org.apache.logging.log4j.core.appender.AbstractManager.getManager(AbstractManager.java:70)
	at org.apache.logging.log4j.core.appender.OutputStreamManager.getManager(OutputStreamManager.java:47)
	at org.apache.logging.log4j.core.appender.FileManager.getFileManager(FileManager.java:58)
	at org.apache.logging.log4j.core.appender.FileAppender.createAppender(FileAppender.java:99)
	... 41 more

2022-07-16 10:56:45,888 ERROR Null object returned for File in appenders
2022-07-16 10:56:45,893 ERROR Unable to locate appender File for logger org.apache.logging.log4j.test2
2022-07-16 10:56:45,929 ERROR KeyValuePair contains an invalid element or attribute "key1"
2022-07-16 10:56:45,930 ERROR A null key is not valid in MapFilter
2022-07-16 10:56:45,930 ERROR ThreadContextMapFilter is not configured with any valid key value pairs
2022-07-16 10:56:46,506 ERROR Unknown object "logger" of type org.apache.logging.log4j.core.config.LoggerConfig is ignored
2022-07-16 10:56:46,507 ERROR Unknown object "logger" of type org.apache.logging.log4j.core.config.LoggerConfig is ignored
2022-07-16 10:56:46,508 ERROR Unknown object "root" of type org.apache.logging.log4j.core.config.LoggerConfig is ignored
2022-07-16 10:56:46,508 WARN No Loggers were configured, using default. Is the Loggers element missing?
Tests run: 12, Failures: 0, Errors: 0, Skipped: 0, Time elapsed: 0.946 sec
Running org.apache.logging.log4j.core.config.XMLConfigurationPropsTest
2022-07-16 10:56:46,965 DEBUG Generated plugins in 0.000127917 seconds
2022-07-16 10:56:46,973 DEBUG Calling createLayout on class org.apache.logging.log4j.core.layout.PatternLayout for element PatternLayout with params(pattern="[%-5level] %msg%n", Configuration(DSI), null, charset="null")
2022-07-16 10:56:46,974 DEBUG Generated plugins in 0.000119322 seconds
2022-07-16 10:56:46,976 DEBUG Calling createAppender on class org.apache.logging.log4j.core.appender.ConsoleAppender for element Console with params(PatternLayout([%-5level] %msg%n), null, target="SYSTEM_OUT", name="Console", suppressExceptions="null")
2022-07-16 10:56:46,977 DEBUG Calling createAppenders on class org.apache.logging.log4j.core.config.plugins.AppendersPlugin for element appenders with params(appenders={Console})
2022-07-16 10:56:46,977 DEBUG Generated plugins in 0.000200022 seconds
2022-07-16 10:56:46,979 DEBUG Calling createAppenderRef on class org.apache.logging.log4j.core.config.AppenderRef for element appender-ref with params(ref="Console", level="null", null)
2022-07-16 10:56:46,980 DEBUG Calling createLogger on class org.apache.logging.log4j.core.config.LoggerConfig$RootLogger for element root with params(additivity="null", level="debug", appender-ref={org.apache.logging.log4j.core.config.AppenderRef@3ecf72fd}, properties={}, Configuration(DSI), null)
2022-07-16 10:56:46,981 DEBUG Calling createLoggers on class org.apache.logging.log4j.core.config.plugins.LoggersPlugin for element loggers with params(loggers={root})
2022-07-16 10:56:46,981 DEBUG Reconfiguration completed
2022-07-16 10:56:46,981 DEBUG Reconfiguration started for context Default
2022-07-16 10:56:46,982 DEBUG Generated plugins in 0.000158931 seconds
2022-07-16 10:56:46,985 DEBUG Generated plugins in 0.000101474 seconds
2022-07-16 10:56:46,986 DEBUG Calling createLayout on class org.apache.logging.log4j.core.layout.PatternLayout for element PatternLayout with params(pattern="[%-5level] %msg%n", Configuration(DSI), null, charset="null")
2022-07-16 10:56:46,986 DEBUG Generated plugins in 0.000092846 seconds
2022-07-16 10:56:46,988 DEBUG Calling createAppender on class org.apache.logging.log4j.core.appender.ConsoleAppender for element Console with params(PatternLayout([%-5level] %msg%n), null, target="SYSTEM_OUT", name="Console", suppressExceptions="null")
2022-07-16 10:56:46,988 DEBUG Calling createAppenders on class org.apache.logging.log4j.core.config.plugins.AppendersPlugin for element appenders with params(appenders={Console})
2022-07-16 10:56:46,989 DEBUG Generated plugins in 0.000118005 seconds
2022-07-16 10:56:46,990 DEBUG Calling createAppenderRef on class org.apache.logging.log4j.core.config.AppenderRef for element appender-ref with params(ref="Console", level="null", null)
2022-07-16 10:56:46,991 DEBUG Calling createLogger on class org.apache.logging.log4j.core.config.LoggerConfig$RootLogger for element root with params(additivity="null", level="debug", appender-ref={org.apache.logging.log4j.core.config.AppenderRef@326de728}, properties={}, Configuration(DSI), null)
2022-07-16 10:56:46,991 DEBUG Calling createLoggers on class org.apache.logging.log4j.core.config.plugins.LoggersPlugin for element loggers with params(loggers={root})
2022-07-16 10:56:46,992 DEBUG Reconfiguration completed
2022-07-16 10:56:46,993 DEBUG Reconfiguration started for context Default
2022-07-16 10:56:46,993 DEBUG Generated plugins in 0.000085846 seconds
2022-07-16 10:56:47,002 DEBUG Generated plugins in 0.000079033 seconds
2022-07-16 10:56:47,002 DEBUG Calling createLayout on class org.apache.logging.log4j.core.layout.PatternLayout for element PatternLayout with params(pattern="[%-5level] %msg%n", Configuration(DSI), null, charset="null")
2022-07-16 10:56:47,003 DEBUG Generated plugins in 0.000109573 seconds
2022-07-16 10:56:47,004 DEBUG Calling createAppender on class org.apache.logging.log4j.core.appender.ConsoleAppender for element Console with params(PatternLayout([%-5level] %msg%n), null, target="SYSTEM_OUT", name="Console", suppressExceptions="null")
2022-07-16 10:56:47,004 DEBUG Calling createAppenders on class org.apache.logging.log4j.core.config.plugins.AppendersPlugin for element appenders with params(appenders={Console})
2022-07-16 10:56:47,005 DEBUG Generated plugins in 0.000084036 seconds
2022-07-16 10:56:47,005 DEBUG Calling createAppenderRef on class org.apache.logging.log4j.core.config.AppenderRef for element appender-ref with params(ref="Console", level="null", null)
2022-07-16 10:56:47,006 DEBUG Calling createLogger on class org.apache.logging.log4j.core.config.LoggerConfig$RootLogger for element root with params(additivity="null", level="${sys:log.level}", appender-ref={org.apache.logging.log4j.core.config.AppenderRef@2cfb4a64}, properties={}, Configuration(DSI), null)
2022-07-16 10:56:47,006 DEBUG Calling createLoggers on class org.apache.logging.log4j.core.config.plugins.LoggersPlugin for element loggers with params(loggers={root})
2022-07-16 10:56:47,007 DEBUG Reconfiguration completed
2022-07-16 10:56:47,007 DEBUG Reconfiguration started for context Default
2022-07-16 10:56:47,008 DEBUG Generated plugins in 0.000166856 seconds
2022-07-16 10:56:47,043 DEBUG Generated plugins in 0.000067851 seconds
2022-07-16 10:56:47,044 DEBUG Generated plugins in 0.000137589 seconds
2022-07-16 10:56:47,044 DEBUG Reconfiguration completed
Tests run: 3, Failures: 0, Errors: 0, Skipped: 0, Time elapsed: 0.298 sec
Running org.apache.logging.log4j.core.config.FileOutputTest
Tests run: 1, Failures: 0, Errors: 0, Skipped: 0, Time elapsed: 0.279 sec
Running org.apache.logging.log4j.core.config.XMLConfigurationTest
Tests run: 2, Failures: 0, Errors: 0, Skipped: 0, Time elapsed: 0.298 sec
Running org.apache.logging.log4j.core.config.XMLLoggerPropsTest
Tests run: 1, Failures: 0, Errors: 0, Skipped: 0, Time elapsed: 0.259 sec
Running org.apache.logging.log4j.core.pattern.RootThrowablePatternConverterTest
Tests run: 1, Failures: 0, Errors: 1, Skipped: 0, Time elapsed: 0.066 sec <<< FAILURE!
testFull(org.apache.logging.log4j.core.pattern.RootThrowablePatternConverterTest)  Time elapsed: 0.024 sec  <<< ERROR!
java.util.EmptyStackException
	at java.util.Stack.peek(Stack.java:102)
	at org.apache.logging.log4j.core.impl.ThrowableProxy.resolvePackageData(ThrowableProxy.java:352)
	at org.apache.logging.log4j.core.impl.ThrowableProxy.<init>(ThrowableProxy.java:70)
	at org.apache.logging.log4j.core.impl.Log4jLogEvent.<init>(Log4jLogEvent.java:105)
	at org.apache.logging.log4j.core.impl.Log4jLogEvent.<init>(Log4jLogEvent.java:77)
	at org.apache.logging.log4j.core.impl.Log4jLogEvent.<init>(Log4jLogEvent.java:63)
	at org.apache.logging.log4j.core.pattern.RootThrowablePatternConverterTest.testFull(RootThrowablePatternConverterTest.java:45)
	at sun.reflect.NativeMethodAccessorImpl.invoke0(Native Method)
	at sun.reflect.NativeMethodAccessorImpl.invoke(NativeMethodAccessorImpl.java:62)
	at sun.reflect.DelegatingMethodAccessorImpl.invoke(DelegatingMethodAccessorImpl.java:43)
	at java.lang.reflect.Method.invoke(Method.java:498)
	at org.junit.runners.model.FrameworkMethod$1.runReflectiveCall(FrameworkMethod.java:44)
	at org.junit.internal.runners.model.ReflectiveCallable.run(ReflectiveCallable.java:15)
	at org.junit.runners.model.FrameworkMethod.invokeExplosively(FrameworkMethod.java:41)
	at org.junit.internal.runners.statements.InvokeMethod.evaluate(InvokeMethod.java:20)
	at org.junit.internal.runners.statements.RunBefores.evaluate(RunBefores.java:28)
	at org.junit.runners.BlockJUnit4ClassRunner.runChild(BlockJUnit4ClassRunner.java:76)
	at org.junit.runners.BlockJUnit4ClassRunner.runChild(BlockJUnit4ClassRunner.java:50)
	at org.junit.runners.ParentRunner$3.run(ParentRunner.java:193)
	at org.junit.runners.ParentRunner$1.schedule(ParentRunner.java:52)
	at org.junit.runners.ParentRunner.runChildren(ParentRunner.java:191)
	at org.junit.runners.ParentRunner.access$000(ParentRunner.java:42)
	at org.junit.runners.ParentRunner$2.evaluate(ParentRunner.java:184)
	at org.junit.runners.ParentRunner.run(ParentRunner.java:236)
	at org.apache.maven.surefire.junit4.JUnit4Provider.execute(JUnit4Provider.java:252)
	at org.apache.maven.surefire.junit4.JUnit4Provider.executeTestSet(JUnit4Provider.java:141)
	at org.apache.maven.surefire.junit4.JUnit4Provider.invoke(JUnit4Provider.java:112)
	at sun.reflect.NativeMethodAccessorImpl.invoke0(Native Method)
	at sun.reflect.NativeMethodAccessorImpl.invoke(NativeMethodAccessorImpl.java:62)
	at sun.reflect.DelegatingMethodAccessorImpl.invoke(DelegatingMethodAccessorImpl.java:43)
	at java.lang.reflect.Method.invoke(Method.java:498)
	at org.apache.maven.surefire.util.ReflectionUtils.invokeMethodWithArray(ReflectionUtils.java:189)
	at org.apache.maven.surefire.booter.ProviderFactory$ProviderProxy.invoke(ProviderFactory.java:165)
	at org.apache.maven.surefire.booter.ProviderFactory.invokeProvider(ProviderFactory.java:85)
	at org.apache.maven.surefire.booter.ForkedBooter.runSuitesInProcess(ForkedBooter.java:115)
	at org.apache.maven.surefire.booter.ForkedBooter.main(ForkedBooter.java:75)

Running org.apache.logging.log4j.core.pattern.RootThrowableTest
Tests run: 1, Failures: 0, Errors: 1, Skipped: 0, Time elapsed: 0.275 sec <<< FAILURE!
testException(org.apache.logging.log4j.core.pattern.RootThrowableTest)  Time elapsed: 0.009 sec  <<< ERROR!
java.util.EmptyStackException
	at java.util.Stack.peek(Stack.java:102)
	at org.apache.logging.log4j.core.impl.ThrowableProxy.resolvePackageData(ThrowableProxy.java:352)
	at org.apache.logging.log4j.core.impl.ThrowableProxy.<init>(ThrowableProxy.java:70)
	at org.apache.logging.log4j.core.impl.Log4jLogEvent.<init>(Log4jLogEvent.java:105)
	at org.apache.logging.log4j.core.impl.Log4jLogEvent.<init>(Log4jLogEvent.java:77)
	at org.apache.logging.log4j.core.config.LoggerConfig.createEvent(LoggerConfig.java:351)
	at org.apache.logging.log4j.core.config.LoggerConfig.log(LoggerConfig.java:280)
	at org.apache.logging.log4j.core.Logger.log(Logger.java:106)
	at org.apache.logging.log4j.spi.AbstractLogger.error(AbstractLogger.java:1012)
	at org.apache.logging.log4j.core.pattern.RootThrowableTest.testException(RootThrowableTest.java:70)
	at sun.reflect.NativeMethodAccessorImpl.invoke0(Native Method)
	at sun.reflect.NativeMethodAccessorImpl.invoke(NativeMethodAccessorImpl.java:62)
	at sun.reflect.DelegatingMethodAccessorImpl.invoke(DelegatingMethodAccessorImpl.java:43)
	at java.lang.reflect.Method.invoke(Method.java:498)
	at org.junit.runners.model.FrameworkMethod$1.runReflectiveCall(FrameworkMethod.java:44)
	at org.junit.internal.runners.model.ReflectiveCallable.run(ReflectiveCallable.java:15)
	at org.junit.runners.model.FrameworkMethod.invokeExplosively(FrameworkMethod.java:41)
	at org.junit.internal.runners.statements.InvokeMethod.evaluate(InvokeMethod.java:20)
	at org.junit.runners.BlockJUnit4ClassRunner.runChild(BlockJUnit4ClassRunner.java:76)
	at org.junit.runners.BlockJUnit4ClassRunner.runChild(BlockJUnit4ClassRunner.java:50)
	at org.junit.runners.ParentRunner$3.run(ParentRunner.java:193)
	at org.junit.runners.ParentRunner$1.schedule(ParentRunner.java:52)
	at org.junit.runners.ParentRunner.runChildren(ParentRunner.java:191)
	at org.junit.runners.ParentRunner.access$000(ParentRunner.java:42)
	at org.junit.runners.ParentRunner$2.evaluate(ParentRunner.java:184)
	at org.junit.internal.runners.statements.RunBefores.evaluate(RunBefores.java:28)
	at org.junit.internal.runners.statements.RunAfters.evaluate(RunAfters.java:31)
	at org.junit.runners.ParentRunner.run(ParentRunner.java:236)
	at org.apache.maven.surefire.junit4.JUnit4Provider.execute(JUnit4Provider.java:252)
	at org.apache.maven.surefire.junit4.JUnit4Provider.executeTestSet(JUnit4Provider.java:141)
	at org.apache.maven.surefire.junit4.JUnit4Provider.invoke(JUnit4Provider.java:112)
	at sun.reflect.NativeMethodAccessorImpl.invoke0(Native Method)
	at sun.reflect.NativeMethodAccessorImpl.invoke(NativeMethodAccessorImpl.java:62)
	at sun.reflect.DelegatingMethodAccessorImpl.invoke(DelegatingMethodAccessorImpl.java:43)
	at java.lang.reflect.Method.invoke(Method.java:498)
	at org.apache.maven.surefire.util.ReflectionUtils.invokeMethodWithArray(ReflectionUtils.java:189)
	at org.apache.maven.surefire.booter.ProviderFactory$ProviderProxy.invoke(ProviderFactory.java:165)
	at org.apache.maven.surefire.booter.ProviderFactory.invokeProvider(ProviderFactory.java:85)
	at org.apache.maven.surefire.booter.ForkedBooter.runSuitesInProcess(ForkedBooter.java:115)
	at org.apache.maven.surefire.booter.ForkedBooter.main(ForkedBooter.java:75)

Running org.apache.logging.log4j.core.pattern.MarkerPatternConverterTest
Tests run: 1, Failures: 0, Errors: 0, Skipped: 0, Time elapsed: 0.067 sec
Running org.apache.logging.log4j.core.pattern.LevelPatternConverterTest
Tests run: 1, Failures: 0, Errors: 0, Skipped: 0, Time elapsed: 0.066 sec
Running org.apache.logging.log4j.core.pattern.StyleConverterTest
Tests run: 1, Failures: 0, Errors: 0, Skipped: 0, Time elapsed: 0.251 sec
Running org.apache.logging.log4j.core.pattern.PatternParserTest
Tests run: 3, Failures: 0, Errors: 0, Skipped: 0, Time elapsed: 0.208 sec
Running org.apache.logging.log4j.core.pattern.RegexReplacementConverterTest
Tests run: 1, Failures: 0, Errors: 0, Skipped: 0, Time elapsed: 0.214 sec
Running org.apache.logging.log4j.core.pattern.ExtendedThrowablePatternConverterTest
Tests run: 2, Failures: 0, Errors: 2, Skipped: 0, Time elapsed: 0.089 sec <<< FAILURE!
testFull(org.apache.logging.log4j.core.pattern.ExtendedThrowablePatternConverterTest)  Time elapsed: 0.024 sec  <<< ERROR!
java.util.EmptyStackException
	at java.util.Stack.peek(Stack.java:102)
	at org.apache.logging.log4j.core.impl.ThrowableProxy.resolvePackageData(ThrowableProxy.java:352)
	at org.apache.logging.log4j.core.impl.ThrowableProxy.<init>(ThrowableProxy.java:70)
	at org.apache.logging.log4j.core.impl.Log4jLogEvent.<init>(Log4jLogEvent.java:105)
	at org.apache.logging.log4j.core.impl.Log4jLogEvent.<init>(Log4jLogEvent.java:77)
	at org.apache.logging.log4j.core.impl.Log4jLogEvent.<init>(Log4jLogEvent.java:63)
	at org.apache.logging.log4j.core.pattern.ExtendedThrowablePatternConverterTest.testFull(ExtendedThrowablePatternConverterTest.java:48)
	at sun.reflect.NativeMethodAccessorImpl.invoke0(Native Method)
	at sun.reflect.NativeMethodAccessorImpl.invoke(NativeMethodAccessorImpl.java:62)
	at sun.reflect.DelegatingMethodAccessorImpl.invoke(DelegatingMethodAccessorImpl.java:43)
	at java.lang.reflect.Method.invoke(Method.java:498)
	at org.junit.runners.model.FrameworkMethod$1.runReflectiveCall(FrameworkMethod.java:44)
	at org.junit.internal.runners.model.ReflectiveCallable.run(ReflectiveCallable.java:15)
	at org.junit.runners.model.FrameworkMethod.invokeExplosively(FrameworkMethod.java:41)
	at org.junit.internal.runners.statements.InvokeMethod.evaluate(InvokeMethod.java:20)
	at org.junit.internal.runners.statements.RunBefores.evaluate(RunBefores.java:28)
	at org.junit.runners.BlockJUnit4ClassRunner.runChild(BlockJUnit4ClassRunner.java:76)
	at org.junit.runners.BlockJUnit4ClassRunner.runChild(BlockJUnit4ClassRunner.java:50)
	at org.junit.runners.ParentRunner$3.run(ParentRunner.java:193)
	at org.junit.runners.ParentRunner$1.schedule(ParentRunner.java:52)
	at org.junit.runners.ParentRunner.runChildren(ParentRunner.java:191)
	at org.junit.runners.ParentRunner.access$000(ParentRunner.java:42)
	at org.junit.runners.ParentRunner$2.evaluate(ParentRunner.java:184)
	at org.junit.runners.ParentRunner.run(ParentRunner.java:236)
	at org.apache.maven.surefire.junit4.JUnit4Provider.execute(JUnit4Provider.java:252)
	at org.apache.maven.surefire.junit4.JUnit4Provider.executeTestSet(JUnit4Provider.java:141)
	at org.apache.maven.surefire.junit4.JUnit4Provider.invoke(JUnit4Provider.java:112)
	at sun.reflect.NativeMethodAccessorImpl.invoke0(Native Method)
	at sun.reflect.NativeMethodAccessorImpl.invoke(NativeMethodAccessorImpl.java:62)
	at sun.reflect.DelegatingMethodAccessorImpl.invoke(DelegatingMethodAccessorImpl.java:43)
	at java.lang.reflect.Method.invoke(Method.java:498)
	at org.apache.maven.surefire.util.ReflectionUtils.invokeMethodWithArray(ReflectionUtils.java:189)
	at org.apache.maven.surefire.booter.ProviderFactory$ProviderProxy.invoke(ProviderFactory.java:165)
	at org.apache.maven.surefire.booter.ProviderFactory.invokeProvider(ProviderFactory.java:85)
	at org.apache.maven.surefire.booter.ForkedBooter.runSuitesInProcess(ForkedBooter.java:115)
	at org.apache.maven.surefire.booter.ForkedBooter.main(ForkedBooter.java:75)

testFiltering(org.apache.logging.log4j.core.pattern.ExtendedThrowablePatternConverterTest)  Time elapsed: 0.015 sec  <<< ERROR!
java.util.EmptyStackException
	at java.util.Stack.peek(Stack.java:102)
	at org.apache.logging.log4j.core.impl.ThrowableProxy.resolvePackageData(ThrowableProxy.java:352)
	at org.apache.logging.log4j.core.impl.ThrowableProxy.<init>(ThrowableProxy.java:70)
	at org.apache.logging.log4j.core.impl.Log4jLogEvent.<init>(Log4jLogEvent.java:105)
	at org.apache.logging.log4j.core.impl.Log4jLogEvent.<init>(Log4jLogEvent.java:77)
	at org.apache.logging.log4j.core.impl.Log4jLogEvent.<init>(Log4jLogEvent.java:63)
	at org.apache.logging.log4j.core.pattern.ExtendedThrowablePatternConverterTest.testFiltering(ExtendedThrowablePatternConverterTest.java:68)
	at sun.reflect.NativeMethodAccessorImpl.invoke0(Native Method)
	at sun.reflect.NativeMethodAccessorImpl.invoke(NativeMethodAccessorImpl.java:62)
	at sun.reflect.DelegatingMethodAccessorImpl.invoke(DelegatingMethodAccessorImpl.java:43)
	at java.lang.reflect.Method.invoke(Method.java:498)
	at org.junit.runners.model.FrameworkMethod$1.runReflectiveCall(FrameworkMethod.java:44)
	at org.junit.internal.runners.model.ReflectiveCallable.run(ReflectiveCallable.java:15)
	at org.junit.runners.model.FrameworkMethod.invokeExplosively(FrameworkMethod.java:41)
	at org.junit.internal.runners.statements.InvokeMethod.evaluate(InvokeMethod.java:20)
	at org.junit.internal.runners.statements.RunBefores.evaluate(RunBefores.java:28)
	at org.junit.runners.BlockJUnit4ClassRunner.runChild(BlockJUnit4ClassRunner.java:76)
	at org.junit.runners.BlockJUnit4ClassRunner.runChild(BlockJUnit4ClassRunner.java:50)
	at org.junit.runners.ParentRunner$3.run(ParentRunner.java:193)
	at org.junit.runners.ParentRunner$1.schedule(ParentRunner.java:52)
	at org.junit.runners.ParentRunner.runChildren(ParentRunner.java:191)
	at org.junit.runners.ParentRunner.access$000(ParentRunner.java:42)
	at org.junit.runners.ParentRunner$2.evaluate(ParentRunner.java:184)
	at org.junit.runners.ParentRunner.run(ParentRunner.java:236)
	at org.apache.maven.surefire.junit4.JUnit4Provider.execute(JUnit4Provider.java:252)
	at org.apache.maven.surefire.junit4.JUnit4Provider.executeTestSet(JUnit4Provider.java:141)
	at org.apache.maven.surefire.junit4.JUnit4Provider.invoke(JUnit4Provider.java:112)
	at sun.reflect.NativeMethodAccessorImpl.invoke0(Native Method)
	at sun.reflect.NativeMethodAccessorImpl.invoke(NativeMethodAccessorImpl.java:62)
	at sun.reflect.DelegatingMethodAccessorImpl.invoke(DelegatingMethodAccessorImpl.java:43)
	at java.lang.reflect.Method.invoke(Method.java:498)
	at org.apache.maven.surefire.util.ReflectionUtils.invokeMethodWithArray(ReflectionUtils.java:189)
	at org.apache.maven.surefire.booter.ProviderFactory$ProviderProxy.invoke(ProviderFactory.java:165)
	at org.apache.maven.surefire.booter.ProviderFactory.invokeProvider(ProviderFactory.java:85)
	at org.apache.maven.surefire.booter.ForkedBooter.runSuitesInProcess(ForkedBooter.java:115)
	at org.apache.maven.surefire.booter.ForkedBooter.main(ForkedBooter.java:75)

Running org.apache.logging.log4j.core.pattern.ExtendedThrowableTest
Tests run: 1, Failures: 0, Errors: 1, Skipped: 0, Time elapsed: 0.279 sec <<< FAILURE!
testException(org.apache.logging.log4j.core.pattern.ExtendedThrowableTest)  Time elapsed: 0.01 sec  <<< ERROR!
java.util.EmptyStackException
	at java.util.Stack.peek(Stack.java:102)
	at org.apache.logging.log4j.core.impl.ThrowableProxy.resolvePackageData(ThrowableProxy.java:352)
	at org.apache.logging.log4j.core.impl.ThrowableProxy.<init>(ThrowableProxy.java:70)
	at org.apache.logging.log4j.core.impl.Log4jLogEvent.<init>(Log4jLogEvent.java:105)
	at org.apache.logging.log4j.core.impl.Log4jLogEvent.<init>(Log4jLogEvent.java:77)
	at org.apache.logging.log4j.core.config.LoggerConfig.createEvent(LoggerConfig.java:351)
	at org.apache.logging.log4j.core.config.LoggerConfig.log(LoggerConfig.java:280)
	at org.apache.logging.log4j.core.Logger.log(Logger.java:106)
	at org.apache.logging.log4j.spi.AbstractLogger.error(AbstractLogger.java:1012)
	at org.apache.logging.log4j.core.pattern.ExtendedThrowableTest.testException(ExtendedThrowableTest.java:69)
	at sun.reflect.NativeMethodAccessorImpl.invoke0(Native Method)
	at sun.reflect.NativeMethodAccessorImpl.invoke(NativeMethodAccessorImpl.java:62)
	at sun.reflect.DelegatingMethodAccessorImpl.invoke(DelegatingMethodAccessorImpl.java:43)
	at java.lang.reflect.Method.invoke(Method.java:498)
	at org.junit.runners.model.FrameworkMethod$1.runReflectiveCall(FrameworkMethod.java:44)
	at org.junit.internal.runners.model.ReflectiveCallable.run(ReflectiveCallable.java:15)
	at org.junit.runners.model.FrameworkMethod.invokeExplosively(FrameworkMethod.java:41)
	at org.junit.internal.runners.statements.InvokeMethod.evaluate(InvokeMethod.java:20)
	at org.junit.runners.BlockJUnit4ClassRunner.runChild(BlockJUnit4ClassRunner.java:76)
	at org.junit.runners.BlockJUnit4ClassRunner.runChild(BlockJUnit4ClassRunner.java:50)
	at org.junit.runners.ParentRunner$3.run(ParentRunner.java:193)
	at org.junit.runners.ParentRunner$1.schedule(ParentRunner.java:52)
	at org.junit.runners.ParentRunner.runChildren(ParentRunner.java:191)
	at org.junit.runners.ParentRunner.access$000(ParentRunner.java:42)
	at org.junit.runners.ParentRunner$2.evaluate(ParentRunner.java:184)
	at org.junit.internal.runners.statements.RunBefores.evaluate(RunBefores.java:28)
	at org.junit.internal.runners.statements.RunAfters.evaluate(RunAfters.java:31)
	at org.junit.runners.ParentRunner.run(ParentRunner.java:236)
	at org.apache.maven.surefire.junit4.JUnit4Provider.execute(JUnit4Provider.java:252)
	at org.apache.maven.surefire.junit4.JUnit4Provider.executeTestSet(JUnit4Provider.java:141)
	at org.apache.maven.surefire.junit4.JUnit4Provider.invoke(JUnit4Provider.java:112)
	at sun.reflect.NativeMethodAccessorImpl.invoke0(Native Method)
	at sun.reflect.NativeMethodAccessorImpl.invoke(NativeMethodAccessorImpl.java:62)
	at sun.reflect.DelegatingMethodAccessorImpl.invoke(DelegatingMethodAccessorImpl.java:43)
	at java.lang.reflect.Method.invoke(Method.java:498)
	at org.apache.maven.surefire.util.ReflectionUtils.invokeMethodWithArray(ReflectionUtils.java:189)
	at org.apache.maven.surefire.booter.ProviderFactory$ProviderProxy.invoke(ProviderFactory.java:165)
	at org.apache.maven.surefire.booter.ProviderFactory.invokeProvider(ProviderFactory.java:85)
	at org.apache.maven.surefire.booter.ForkedBooter.runSuitesInProcess(ForkedBooter.java:115)
	at org.apache.maven.surefire.booter.ForkedBooter.main(ForkedBooter.java:75)

Running org.apache.logging.log4j.core.pattern.NameAbbreviatorTest
Tests run: 6, Failures: 0, Errors: 0, Skipped: 0, Time elapsed: 0.054 sec
Running org.apache.logging.log4j.core.pattern.MapPatternConverterTest
Tests run: 2, Failures: 0, Errors: 0, Skipped: 0, Time elapsed: 0.07 sec
Running org.apache.logging.log4j.core.pattern.RegexReplacementTest
Tests run: 2, Failures: 0, Errors: 0, Skipped: 0, Time elapsed: 0.261 sec
Running org.apache.logging.log4j.core.FileConfigTest
Tests run: 1, Failures: 0, Errors: 0, Skipped: 0, Time elapsed: 6.301 sec
Running org.apache.logging.log4j.core.StrictXMLConfigTest
2022-07-16 10:56:59,431 DEBUG Generated plugins in 0.002563878 seconds
2022-07-16 10:56:59,439 DEBUG Calling createProperty on class org.apache.logging.log4j.core.config.Property for element property with params(name="filename", value="target/test.log")
2022-07-16 10:56:59,441 DEBUG Calling configureSubstitutor on class org.apache.logging.log4j.core.config.plugins.PropertiesPlugin for element properties with params(properties={filename=target/test.log})
2022-07-16 10:56:59,442 DEBUG Generated plugins in 0.000995468 seconds
2022-07-16 10:56:59,444 DEBUG Calling createFilter on class org.apache.logging.log4j.core.filter.ThresholdFilter for element ThresholdFilter with params(level="trace", onMatch="null", onMismatch="null")
2022-07-16 10:56:59,447 DEBUG Calling createLayout on class org.apache.logging.log4j.core.layout.PatternLayout for element PatternLayout with params(pattern="%m MDC%X%n", Configuration(XMLConfigTest), null, charset="null")
2022-07-16 10:56:59,448 DEBUG Generated plugins in 0.000751056 seconds
2022-07-16 10:56:59,449 DEBUG Calling createFilter on class org.apache.logging.log4j.core.filter.MarkerFilter for element MarkerFilter with params(marker="FLOW", onMatch="DENY", onMismatch="NEUTRAL")
2022-07-16 10:56:59,450 DEBUG Calling createFilter on class org.apache.logging.log4j.core.filter.MarkerFilter for element MarkerFilter with params(marker="EXCEPTION", onMatch="DENY", onMismatch="ACCEPT")
2022-07-16 10:56:59,451 DEBUG Calling createFilters on class org.apache.logging.log4j.core.filter.CompositeFilter for element filters with params(filters={FLOW, EXCEPTION})
2022-07-16 10:56:59,453 DEBUG Calling createAppender on class org.apache.logging.log4j.core.appender.ConsoleAppender for element Console with params(PatternLayout(%m MDC%X%n), filters({FLOW, EXCEPTION}), target="null", name="STDOUT", suppressExceptions="null")
2022-07-16 10:56:59,454 DEBUG Calling createLayout on class org.apache.logging.log4j.core.layout.PatternLayout for element PatternLayout with params(pattern="%C{1}.%M %m %ex%n", Configuration(XMLConfigTest), null, charset="null")
2022-07-16 10:56:59,455 DEBUG Calling createFilter on class org.apache.logging.log4j.core.filter.MarkerFilter for element MarkerFilter with params(marker="FLOW", onMatch="ACCEPT", onMismatch="NEUTRAL")
2022-07-16 10:56:59,455 DEBUG Calling createFilter on class org.apache.logging.log4j.core.filter.MarkerFilter for element MarkerFilter with params(marker="EXCEPTION", onMatch="ACCEPT", onMismatch="DENY")
2022-07-16 10:56:59,456 DEBUG Calling createFilters on class org.apache.logging.log4j.core.filter.CompositeFilter for element filters with params(filters={FLOW, EXCEPTION})
2022-07-16 10:56:59,457 DEBUG Calling createAppender on class org.apache.logging.log4j.core.appender.ConsoleAppender for element Console with params(PatternLayout(%C{1}.%M %m %ex%n), filters({FLOW, EXCEPTION}), target="null", name="FLOW", suppressExceptions="null")
2022-07-16 10:56:59,457 DEBUG Calling createLayout on class org.apache.logging.log4j.core.layout.PatternLayout for element PatternLayout with params(pattern="%d %p %C{1.} [%t] %m%n", Configuration(XMLConfigTest), null, charset="null")
2022-07-16 10:56:59,459 DEBUG Calling createAppender on class org.apache.logging.log4j.core.appender.FileAppender for element File with params(fileName="target/test.log", append="null", locking="null", name="File", immediateFlush="null", suppressExceptions="null", bufferedIO="null", PatternLayout(%d %p %C{1.} [%t] %m%n), null)
2022-07-16 10:56:59,460 DEBUG Starting FileManager target/test.log
2022-07-16 10:56:59,461 DEBUG Calling createAppender on class org.apache.logging.log4j.test.appender.ListAppender for element List with params(name="List", entryPerNewLine="null", raw="null", null, null)
2022-07-16 10:56:59,462 DEBUG Calling createAppenders on class org.apache.logging.log4j.core.config.plugins.AppendersPlugin for element appenders with params(appenders={STDOUT, FLOW, File, List})
2022-07-16 10:56:59,462 DEBUG Calling createPair on class org.apache.logging.log4j.core.helpers.KeyValuePair for element KeyValuePair with params(key="test", value="123")
2022-07-16 10:56:59,463 DEBUG Calling createFilter on class org.apache.logging.log4j.core.filter.ThreadContextMapFilter for element ThreadContextMapFilter with params(pairs={test=123}, operator="null", onmatch="null", onmismatch="null")
2022-07-16 10:56:59,464 DEBUG Calling createAppenderRef on class org.apache.logging.log4j.core.config.AppenderRef for element appender-ref with params(ref="STDOUT", level="null", null)
2022-07-16 10:56:59,464 DEBUG Calling createLogger on class org.apache.logging.log4j.core.config.LoggerConfig for element logger with params(additivity="false", level="debug", name="org.apache.logging.log4j.test1", appender-ref={org.apache.logging.log4j.core.config.AppenderRef@233c0b17}, properties={}, Configuration(XMLConfigTest), ThreadContextMapFilter(isAnd=true, {test=[123]}))
2022-07-16 10:56:59,465 DEBUG Calling createAppenderRef on class org.apache.logging.log4j.core.config.AppenderRef for element appender-ref with params(ref="File", level="null", null)
2022-07-16 10:56:59,466 DEBUG Calling createLogger on class org.apache.logging.log4j.core.config.LoggerConfig for element logger with params(additivity="false", level="debug", name="org.apache.logging.log4j.test2", appender-ref={org.apache.logging.log4j.core.config.AppenderRef@63d4e2ba}, properties={}, Configuration(XMLConfigTest), null)
2022-07-16 10:56:59,466 DEBUG Calling createAppenderRef on class org.apache.logging.log4j.core.config.AppenderRef for element appender-ref with params(ref="List", level="null", null)
2022-07-16 10:56:59,467 DEBUG Calling createLogger on class org.apache.logging.log4j.core.config.LoggerConfig$RootLogger for element root with params(additivity="null", level="trace", appender-ref={org.apache.logging.log4j.core.config.AppenderRef@33a10788}, properties={}, Configuration(XMLConfigTest), null)
2022-07-16 10:56:59,468 DEBUG Calling createLoggers on class org.apache.logging.log4j.core.config.plugins.LoggersPlugin for element loggers with params(loggers={org.apache.logging.log4j.test1, org.apache.logging.log4j.test2, root})
2022-07-16 10:56:59,468 DEBUG Reconfiguration completed
2022-07-16 10:56:59,493 DEBUG Reconfiguration started for context sun.misc.Launcher$AppClassLoader@7f31245a
2022-07-16 10:56:59,494 DEBUG Generated plugins in 0.001031619 seconds
2022-07-16 10:56:59,510 DEBUG Generated plugins in 0.000707763 seconds
2022-07-16 10:56:59,511 DEBUG Generated plugins in 0.000675116 seconds
2022-07-16 10:56:59,512 DEBUG Shutting down FileManager target/test.log
2022-07-16 10:56:59,512 DEBUG Reconfiguration completed
Tests run: 9, Failures: 0, Errors: 2, Skipped: 0, Time elapsed: 0.312 sec <<< FAILURE!
throwing(org.apache.logging.log4j.core.StrictXMLConfigTest)  Time elapsed: 0.005 sec  <<< ERROR!
java.util.EmptyStackException
	at java.util.Stack.peek(Stack.java:102)
	at org.apache.logging.log4j.core.impl.ThrowableProxy.resolvePackageData(ThrowableProxy.java:352)
	at org.apache.logging.log4j.core.impl.ThrowableProxy.<init>(ThrowableProxy.java:70)
	at org.apache.logging.log4j.core.impl.Log4jLogEvent.<init>(Log4jLogEvent.java:105)
	at org.apache.logging.log4j.core.impl.Log4jLogEvent.<init>(Log4jLogEvent.java:77)
	at org.apache.logging.log4j.core.config.LoggerConfig.createEvent(LoggerConfig.java:351)
	at org.apache.logging.log4j.core.config.LoggerConfig.log(LoggerConfig.java:280)
	at org.apache.logging.log4j.core.Logger.log(Logger.java:106)
	at org.apache.logging.log4j.spi.AbstractLogger.throwing(AbstractLogger.java:135)
	at org.apache.logging.log4j.core.StrictXMLConfigTest.throwing(StrictXMLConfigTest.java:90)
	at sun.reflect.NativeMethodAccessorImpl.invoke0(Native Method)
	at sun.reflect.NativeMethodAccessorImpl.invoke(NativeMethodAccessorImpl.java:62)
	at sun.reflect.DelegatingMethodAccessorImpl.invoke(DelegatingMethodAccessorImpl.java:43)
	at java.lang.reflect.Method.invoke(Method.java:498)
	at org.junit.runners.model.FrameworkMethod$1.runReflectiveCall(FrameworkMethod.java:44)
	at org.junit.internal.runners.model.ReflectiveCallable.run(ReflectiveCallable.java:15)
	at org.junit.runners.model.FrameworkMethod.invokeExplosively(FrameworkMethod.java:41)
	at org.junit.internal.runners.statements.InvokeMethod.evaluate(InvokeMethod.java:20)
	at org.junit.runners.BlockJUnit4ClassRunner.runChild(BlockJUnit4ClassRunner.java:76)
	at org.junit.runners.BlockJUnit4ClassRunner.runChild(BlockJUnit4ClassRunner.java:50)
	at org.junit.runners.ParentRunner$3.run(ParentRunner.java:193)
	at org.junit.runners.ParentRunner$1.schedule(ParentRunner.java:52)
	at org.junit.runners.ParentRunner.runChildren(ParentRunner.java:191)
	at org.junit.runners.ParentRunner.access$000(ParentRunner.java:42)
	at org.junit.runners.ParentRunner$2.evaluate(ParentRunner.java:184)
	at org.junit.internal.runners.statements.RunBefores.evaluate(RunBefores.java:28)
	at org.junit.internal.runners.statements.RunAfters.evaluate(RunAfters.java:31)
	at org.junit.runners.ParentRunner.run(ParentRunner.java:236)
	at org.apache.maven.surefire.junit4.JUnit4Provider.execute(JUnit4Provider.java:252)
	at org.apache.maven.surefire.junit4.JUnit4Provider.executeTestSet(JUnit4Provider.java:141)
	at org.apache.maven.surefire.junit4.JUnit4Provider.invoke(JUnit4Provider.java:112)
	at sun.reflect.NativeMethodAccessorImpl.invoke0(Native Method)
	at sun.reflect.NativeMethodAccessorImpl.invoke(NativeMethodAccessorImpl.java:62)
	at sun.reflect.DelegatingMethodAccessorImpl.invoke(DelegatingMethodAccessorImpl.java:43)
	at java.lang.reflect.Method.invoke(Method.java:498)
	at org.apache.maven.surefire.util.ReflectionUtils.invokeMethodWithArray(ReflectionUtils.java:189)
	at org.apache.maven.surefire.booter.ProviderFactory$ProviderProxy.invoke(ProviderFactory.java:165)
	at org.apache.maven.surefire.booter.ProviderFactory.invokeProvider(ProviderFactory.java:85)
	at org.apache.maven.surefire.booter.ForkedBooter.runSuitesInProcess(ForkedBooter.java:115)
	at org.apache.maven.surefire.booter.ForkedBooter.main(ForkedBooter.java:75)

catching(org.apache.logging.log4j.core.StrictXMLConfigTest)  Time elapsed: 0.001 sec  <<< ERROR!
java.util.EmptyStackException
	at java.util.Stack.peek(Stack.java:102)
	at org.apache.logging.log4j.core.impl.ThrowableProxy.resolvePackageData(ThrowableProxy.java:352)
	at org.apache.logging.log4j.core.impl.ThrowableProxy.<init>(ThrowableProxy.java:70)
	at org.apache.logging.log4j.core.impl.Log4jLogEvent.<init>(Log4jLogEvent.java:105)
	at org.apache.logging.log4j.core.impl.Log4jLogEvent.<init>(Log4jLogEvent.java:77)
	at org.apache.logging.log4j.core.config.LoggerConfig.createEvent(LoggerConfig.java:351)
	at org.apache.logging.log4j.core.config.LoggerConfig.log(LoggerConfig.java:280)
	at org.apache.logging.log4j.core.Logger.log(Logger.java:106)
	at org.apache.logging.log4j.spi.AbstractLogger.catching(AbstractLogger.java:163)
	at org.apache.logging.log4j.core.StrictXMLConfigTest.catching(StrictXMLConfigTest.java:101)
	at sun.reflect.NativeMethodAccessorImpl.invoke0(Native Method)
	at sun.reflect.NativeMethodAccessorImpl.invoke(NativeMethodAccessorImpl.java:62)
	at sun.reflect.DelegatingMethodAccessorImpl.invoke(DelegatingMethodAccessorImpl.java:43)
	at java.lang.reflect.Method.invoke(Method.java:498)
	at org.junit.runners.model.FrameworkMethod$1.runReflectiveCall(FrameworkMethod.java:44)
	at org.junit.internal.runners.model.ReflectiveCallable.run(ReflectiveCallable.java:15)
	at org.junit.runners.model.FrameworkMethod.invokeExplosively(FrameworkMethod.java:41)
	at org.junit.internal.runners.statements.InvokeMethod.evaluate(InvokeMethod.java:20)
	at org.junit.runners.BlockJUnit4ClassRunner.runChild(BlockJUnit4ClassRunner.java:76)
	at org.junit.runners.BlockJUnit4ClassRunner.runChild(BlockJUnit4ClassRunner.java:50)
	at org.junit.runners.ParentRunner$3.run(ParentRunner.java:193)
	at org.junit.runners.ParentRunner$1.schedule(ParentRunner.java:52)
	at org.junit.runners.ParentRunner.runChildren(ParentRunner.java:191)
	at org.junit.runners.ParentRunner.access$000(ParentRunner.java:42)
	at org.junit.runners.ParentRunner$2.evaluate(ParentRunner.java:184)
	at org.junit.internal.runners.statements.RunBefores.evaluate(RunBefores.java:28)
	at org.junit.internal.runners.statements.RunAfters.evaluate(RunAfters.java:31)
	at org.junit.runners.ParentRunner.run(ParentRunner.java:236)
	at org.apache.maven.surefire.junit4.JUnit4Provider.execute(JUnit4Provider.java:252)
	at org.apache.maven.surefire.junit4.JUnit4Provider.executeTestSet(JUnit4Provider.java:141)
	at org.apache.maven.surefire.junit4.JUnit4Provider.invoke(JUnit4Provider.java:112)
	at sun.reflect.NativeMethodAccessorImpl.invoke0(Native Method)
	at sun.reflect.NativeMethodAccessorImpl.invoke(NativeMethodAccessorImpl.java:62)
	at sun.reflect.DelegatingMethodAccessorImpl.invoke(DelegatingMethodAccessorImpl.java:43)
	at java.lang.reflect.Method.invoke(Method.java:498)
	at org.apache.maven.surefire.util.ReflectionUtils.invokeMethodWithArray(ReflectionUtils.java:189)
	at org.apache.maven.surefire.booter.ProviderFactory$ProviderProxy.invoke(ProviderFactory.java:165)
	at org.apache.maven.surefire.booter.ProviderFactory.invokeProvider(ProviderFactory.java:85)
	at org.apache.maven.surefire.booter.ForkedBooter.runSuitesInProcess(ForkedBooter.java:115)
	at org.apache.maven.surefire.booter.ForkedBooter.main(ForkedBooter.java:75)

Running org.apache.logging.log4j.core.helpers.UUIDTest
Elapsed for 200 UUIDS = 136619 Average = 683 ns
Elapsed for 2000 UUIDS = 9441414 Average = 4720 ns
Tests run: 2, Failures: 0, Errors: 0, Skipped: 0, Time elapsed: 0.081 sec
Running org.apache.logging.log4j.core.ThreadedPerfTest
Timer DebugLogger stopped. Elapsed time: 0.001795621 seconds Average per iteration: 0.000000000 seconds
Timer DebugDisabled stopped. Elapsed time: 0.001699117 seconds Average per iteration: 0.000000000 seconds
Tests run: 2, Failures: 0, Errors: 0, Skipped: 0, Time elapsed: 0.215 sec
Running org.apache.logging.log4j.core.layout.SyslogLayoutTest
10:57:00.580 [main] DEBUG  - starting mdc pattern test
10:57:00.582 [main] DEBUG  - empty mdc
10:57:00.582 [main] DEBUG  - filled mdc
10:57:00.588 [main] INFO   - Audit [Transfer@18060 Amount="200.00" FromAccount="123457" ToAccount="123456"] Transfer Complete
Tests run: 1, Failures: 0, Errors: 0, Skipped: 0, Time elapsed: 0.213 sec
Running org.apache.logging.log4j.core.layout.SerializedLayoutTest
10:57:01.004 [main] DEBUG  - starting mdc pattern test
10:57:01.014 [main] DEBUG  - empty mdc
10:57:01.014 [main] DEBUG  - filled mdc
Tests run: 1, Failures: 0, Errors: 1, Skipped: 0, Time elapsed: 0.247 sec <<< FAILURE!
testLayout(org.apache.logging.log4j.core.layout.SerializedLayoutTest)  Time elapsed: 0.026 sec  <<< ERROR!
java.util.EmptyStackException
	at java.util.Stack.peek(Stack.java:102)
	at org.apache.logging.log4j.core.impl.ThrowableProxy.resolvePackageData(ThrowableProxy.java:352)
	at org.apache.logging.log4j.core.impl.ThrowableProxy.<init>(ThrowableProxy.java:70)
	at org.apache.logging.log4j.core.impl.Log4jLogEvent.<init>(Log4jLogEvent.java:105)
	at org.apache.logging.log4j.core.impl.Log4jLogEvent.<init>(Log4jLogEvent.java:77)
	at org.apache.logging.log4j.core.config.LoggerConfig.createEvent(LoggerConfig.java:351)
	at org.apache.logging.log4j.core.config.LoggerConfig.log(LoggerConfig.java:280)
	at org.apache.logging.log4j.core.Logger.log(Logger.java:106)
	at org.apache.logging.log4j.spi.AbstractLogger.error(AbstractLogger.java:1012)
	at org.apache.logging.log4j.core.layout.SerializedLayoutTest.testLayout(SerializedLayoutTest.java:99)
	at sun.reflect.NativeMethodAccessorImpl.invoke0(Native Method)
	at sun.reflect.NativeMethodAccessorImpl.invoke(NativeMethodAccessorImpl.java:62)
	at sun.reflect.DelegatingMethodAccessorImpl.invoke(DelegatingMethodAccessorImpl.java:43)
	at java.lang.reflect.Method.invoke(Method.java:498)
	at org.junit.runners.model.FrameworkMethod$1.runReflectiveCall(FrameworkMethod.java:44)
	at org.junit.internal.runners.model.ReflectiveCallable.run(ReflectiveCallable.java:15)
	at org.junit.runners.model.FrameworkMethod.invokeExplosively(FrameworkMethod.java:41)
	at org.junit.internal.runners.statements.InvokeMethod.evaluate(InvokeMethod.java:20)
	at org.junit.runners.BlockJUnit4ClassRunner.runChild(BlockJUnit4ClassRunner.java:76)
	at org.junit.runners.BlockJUnit4ClassRunner.runChild(BlockJUnit4ClassRunner.java:50)
	at org.junit.runners.ParentRunner$3.run(ParentRunner.java:193)
	at org.junit.runners.ParentRunner$1.schedule(ParentRunner.java:52)
	at org.junit.runners.ParentRunner.runChildren(ParentRunner.java:191)
	at org.junit.runners.ParentRunner.access$000(ParentRunner.java:42)
	at org.junit.runners.ParentRunner$2.evaluate(ParentRunner.java:184)
	at org.junit.internal.runners.statements.RunBefores.evaluate(RunBefores.java:28)
	at org.junit.internal.runners.statements.RunAfters.evaluate(RunAfters.java:31)
	at org.junit.runners.ParentRunner.run(ParentRunner.java:236)
	at org.apache.maven.surefire.junit4.JUnit4Provider.execute(JUnit4Provider.java:252)
	at org.apache.maven.surefire.junit4.JUnit4Provider.executeTestSet(JUnit4Provider.java:141)
	at org.apache.maven.surefire.junit4.JUnit4Provider.invoke(JUnit4Provider.java:112)
	at sun.reflect.NativeMethodAccessorImpl.invoke0(Native Method)
	at sun.reflect.NativeMethodAccessorImpl.invoke(NativeMethodAccessorImpl.java:62)
	at sun.reflect.DelegatingMethodAccessorImpl.invoke(DelegatingMethodAccessorImpl.java:43)
	at java.lang.reflect.Method.invoke(Method.java:498)
	at org.apache.maven.surefire.util.ReflectionUtils.invokeMethodWithArray(ReflectionUtils.java:189)
	at org.apache.maven.surefire.booter.ProviderFactory$ProviderProxy.invoke(ProviderFactory.java:165)
	at org.apache.maven.surefire.booter.ProviderFactory.invokeProvider(ProviderFactory.java:85)
	at org.apache.maven.surefire.booter.ForkedBooter.runSuitesInProcess(ForkedBooter.java:115)
	at org.apache.maven.surefire.booter.ForkedBooter.main(ForkedBooter.java:75)

Running org.apache.logging.log4j.core.layout.HTMLLayoutTest
10:57:01.426 [main] DEBUG  - starting mdc pattern test
10:57:01.427 [main] DEBUG  - empty mdc
10:57:01.428 [main] DEBUG  - First line
Second line
10:57:01.428 [main] DEBUG  - filled mdc
Tests run: 1, Failures: 0, Errors: 1, Skipped: 0, Time elapsed: 0.213 sec <<< FAILURE!
testLayout(org.apache.logging.log4j.core.layout.HTMLLayoutTest)  Time elapsed: 0.016 sec  <<< ERROR!
java.util.EmptyStackException
	at java.util.Stack.peek(Stack.java:102)
	at org.apache.logging.log4j.core.impl.ThrowableProxy.resolvePackageData(ThrowableProxy.java:352)
	at org.apache.logging.log4j.core.impl.ThrowableProxy.<init>(ThrowableProxy.java:70)
	at org.apache.logging.log4j.core.impl.Log4jLogEvent.<init>(Log4jLogEvent.java:105)
	at org.apache.logging.log4j.core.impl.Log4jLogEvent.<init>(Log4jLogEvent.java:77)
	at org.apache.logging.log4j.core.config.LoggerConfig.createEvent(LoggerConfig.java:351)
	at org.apache.logging.log4j.core.config.LoggerConfig.log(LoggerConfig.java:280)
	at org.apache.logging.log4j.core.Logger.log(Logger.java:106)
	at org.apache.logging.log4j.spi.AbstractLogger.error(AbstractLogger.java:1012)
	at org.apache.logging.log4j.core.layout.HTMLLayoutTest.testLayout(HTMLLayoutTest.java:93)
	at sun.reflect.NativeMethodAccessorImpl.invoke0(Native Method)
	at sun.reflect.NativeMethodAccessorImpl.invoke(NativeMethodAccessorImpl.java:62)
	at sun.reflect.DelegatingMethodAccessorImpl.invoke(DelegatingMethodAccessorImpl.java:43)
	at java.lang.reflect.Method.invoke(Method.java:498)
	at org.junit.runners.model.FrameworkMethod$1.runReflectiveCall(FrameworkMethod.java:44)
	at org.junit.internal.runners.model.ReflectiveCallable.run(ReflectiveCallable.java:15)
	at org.junit.runners.model.FrameworkMethod.invokeExplosively(FrameworkMethod.java:41)
	at org.junit.internal.runners.statements.InvokeMethod.evaluate(InvokeMethod.java:20)
	at org.junit.runners.BlockJUnit4ClassRunner.runChild(BlockJUnit4ClassRunner.java:76)
	at org.junit.runners.BlockJUnit4ClassRunner.runChild(BlockJUnit4ClassRunner.java:50)
	at org.junit.runners.ParentRunner$3.run(ParentRunner.java:193)
	at org.junit.runners.ParentRunner$1.schedule(ParentRunner.java:52)
	at org.junit.runners.ParentRunner.runChildren(ParentRunner.java:191)
	at org.junit.runners.ParentRunner.access$000(ParentRunner.java:42)
	at org.junit.runners.ParentRunner$2.evaluate(ParentRunner.java:184)
	at org.junit.internal.runners.statements.RunBefores.evaluate(RunBefores.java:28)
	at org.junit.internal.runners.statements.RunAfters.evaluate(RunAfters.java:31)
	at org.junit.runners.ParentRunner.run(ParentRunner.java:236)
	at org.apache.maven.surefire.junit4.JUnit4Provider.execute(JUnit4Provider.java:252)
	at org.apache.maven.surefire.junit4.JUnit4Provider.executeTestSet(JUnit4Provider.java:141)
	at org.apache.maven.surefire.junit4.JUnit4Provider.invoke(JUnit4Provider.java:112)
	at sun.reflect.NativeMethodAccessorImpl.invoke0(Native Method)
	at sun.reflect.NativeMethodAccessorImpl.invoke(NativeMethodAccessorImpl.java:62)
	at sun.reflect.DelegatingMethodAccessorImpl.invoke(DelegatingMethodAccessorImpl.java:43)
	at java.lang.reflect.Method.invoke(Method.java:498)
	at org.apache.maven.surefire.util.ReflectionUtils.invokeMethodWithArray(ReflectionUtils.java:189)
	at org.apache.maven.surefire.booter.ProviderFactory$ProviderProxy.invoke(ProviderFactory.java:165)
	at org.apache.maven.surefire.booter.ProviderFactory.invokeProvider(ProviderFactory.java:85)
	at org.apache.maven.surefire.booter.ForkedBooter.runSuitesInProcess(ForkedBooter.java:115)
	at org.apache.maven.surefire.booter.ForkedBooter.main(ForkedBooter.java:75)

Running org.apache.logging.log4j.core.layout.RFC5424LayoutTest
10:57:01.857 [main] DEBUG  - starting mdc pattern test
10:57:01.860 [main] DEBUG  - empty mdc
10:57:01.861 [main] DEBUG  - filled mdc
10:57:01.866 [main] INFO   - Audit [Transfer@18060 Amount="200.00" FromAccount="123457" ToAccount="123456"] Transfer Complete
10:57:01.867 [main] DEBUG  - This is a test
Tests run: 1, Failures: 0, Errors: 0, Skipped: 0, Time elapsed: 0.237 sec
Running org.apache.logging.log4j.core.layout.XMLLayoutTest
10:57:02.268 [main] DEBUG  - starting mdc pattern test
10:57:02.270 [main] DEBUG  - empty mdc
10:57:02.270 [main] DEBUG  - filled mdc
Tests run: 1, Failures: 0, Errors: 1, Skipped: 0, Time elapsed: 0.213 sec <<< FAILURE!
testLayout(org.apache.logging.log4j.core.layout.XMLLayoutTest)  Time elapsed: 0.012 sec  <<< ERROR!
java.util.EmptyStackException
	at java.util.Stack.peek(Stack.java:102)
	at org.apache.logging.log4j.core.impl.ThrowableProxy.resolvePackageData(ThrowableProxy.java:352)
	at org.apache.logging.log4j.core.impl.ThrowableProxy.<init>(ThrowableProxy.java:70)
	at org.apache.logging.log4j.core.impl.Log4jLogEvent.<init>(Log4jLogEvent.java:105)
	at org.apache.logging.log4j.core.impl.Log4jLogEvent.<init>(Log4jLogEvent.java:77)
	at org.apache.logging.log4j.core.config.LoggerConfig.createEvent(LoggerConfig.java:351)
	at org.apache.logging.log4j.core.config.LoggerConfig.log(LoggerConfig.java:280)
	at org.apache.logging.log4j.core.Logger.log(Logger.java:106)
	at org.apache.logging.log4j.spi.AbstractLogger.error(AbstractLogger.java:1012)
	at org.apache.logging.log4j.core.layout.XMLLayoutTest.testLayout(XMLLayoutTest.java:88)
	at sun.reflect.NativeMethodAccessorImpl.invoke0(Native Method)
	at sun.reflect.NativeMethodAccessorImpl.invoke(NativeMethodAccessorImpl.java:62)
	at sun.reflect.DelegatingMethodAccessorImpl.invoke(DelegatingMethodAccessorImpl.java:43)
	at java.lang.reflect.Method.invoke(Method.java:498)
	at org.junit.runners.model.FrameworkMethod$1.runReflectiveCall(FrameworkMethod.java:44)
	at org.junit.internal.runners.model.ReflectiveCallable.run(ReflectiveCallable.java:15)
	at org.junit.runners.model.FrameworkMethod.invokeExplosively(FrameworkMethod.java:41)
	at org.junit.internal.runners.statements.InvokeMethod.evaluate(InvokeMethod.java:20)
	at org.junit.runners.BlockJUnit4ClassRunner.runChild(BlockJUnit4ClassRunner.java:76)
	at org.junit.runners.BlockJUnit4ClassRunner.runChild(BlockJUnit4ClassRunner.java:50)
	at org.junit.runners.ParentRunner$3.run(ParentRunner.java:193)
	at org.junit.runners.ParentRunner$1.schedule(ParentRunner.java:52)
	at org.junit.runners.ParentRunner.runChildren(ParentRunner.java:191)
	at org.junit.runners.ParentRunner.access$000(ParentRunner.java:42)
	at org.junit.runners.ParentRunner$2.evaluate(ParentRunner.java:184)
	at org.junit.internal.runners.statements.RunBefores.evaluate(RunBefores.java:28)
	at org.junit.internal.runners.statements.RunAfters.evaluate(RunAfters.java:31)
	at org.junit.runners.ParentRunner.run(ParentRunner.java:236)
	at org.apache.maven.surefire.junit4.JUnit4Provider.execute(JUnit4Provider.java:252)
	at org.apache.maven.surefire.junit4.JUnit4Provider.executeTestSet(JUnit4Provider.java:141)
	at org.apache.maven.surefire.junit4.JUnit4Provider.invoke(JUnit4Provider.java:112)
	at sun.reflect.NativeMethodAccessorImpl.invoke0(Native Method)
	at sun.reflect.NativeMethodAccessorImpl.invoke(NativeMethodAccessorImpl.java:62)
	at sun.reflect.DelegatingMethodAccessorImpl.invoke(DelegatingMethodAccessorImpl.java:43)
	at java.lang.reflect.Method.invoke(Method.java:498)
	at org.apache.maven.surefire.util.ReflectionUtils.invokeMethodWithArray(ReflectionUtils.java:189)
	at org.apache.maven.surefire.booter.ProviderFactory$ProviderProxy.invoke(ProviderFactory.java:165)
	at org.apache.maven.surefire.booter.ProviderFactory.invokeProvider(ProviderFactory.java:85)
	at org.apache.maven.surefire.booter.ForkedBooter.runSuitesInProcess(ForkedBooter.java:115)
	at org.apache.maven.surefire.booter.ForkedBooter.main(ForkedBooter.java:75)

Running org.apache.logging.log4j.core.layout.PatternLayoutTest
10:57:02.684 [main] DEBUG  - starting mdc pattern test
10:57:02.685 [main] DEBUG  - empty mdc, no key specified in pattern
10:57:02.685 [main] DEBUG  - empty mdc, key1 in pattern
10:57:02.685 [main] DEBUG  - empty mdc, key2 in pattern
10:57:02.686 [main] DEBUG  - empty mdc, key3 in pattern
10:57:02.686 [main] DEBUG  - empty mdc, key1, key2, and key3 in pattern
10:57:02.687 [main] DEBUG  - filled mdc, no key specified in pattern
10:57:02.687 [main] DEBUG  - filled mdc, key1 in pattern
10:57:02.687 [main] DEBUG  - filled mdc, key2 in pattern
10:57:02.688 [main] DEBUG  - filled mdc, key3 in pattern
10:57:02.688 [main] DEBUG  - filled mdc, key1, key2, and key3 in pattern
10:57:02.689 [main] DEBUG  - finished mdc pattern test
Tests run: 2, Failures: 0, Errors: 0, Skipped: 0, Time elapsed: 0.219 sec
Running org.apache.logging.log4j.core.AppenderRefLevelTest
Tests run: 3, Failures: 0, Errors: 0, Skipped: 0, Time elapsed: 0.298 sec
Running org.apache.logging.log4j.core.BasicLoggingTest
10:57:03.600 [main] ERROR org.apache.logging.log4j.core.BasicLoggingTest - Test message
Tests run: 1, Failures: 0, Errors: 0, Skipped: 0, Time elapsed: 0.229 sec
Running org.apache.logging.log4j.core.lookup.StrSubstitutorTest
Tests run: 1, Failures: 0, Errors: 0, Skipped: 0, Time elapsed: 0.141 sec
Running org.apache.logging.log4j.core.lookup.ContextMapLookupTest
Tests run: 1, Failures: 0, Errors: 0, Skipped: 0, Time elapsed: 0.051 sec
Running org.apache.logging.log4j.core.lookup.EnvironmentLookupTest
Tests run: 1, Failures: 0, Errors: 0, Skipped: 0, Time elapsed: 0.046 sec
Running org.apache.logging.log4j.core.lookup.StructuredDataLookupTest
Tests run: 1, Failures: 0, Errors: 0, Skipped: 0, Time elapsed: 0.053 sec
Running org.apache.logging.log4j.core.lookup.InterpolatorTest
Tests run: 1, Failures: 0, Errors: 0, Skipped: 0, Time elapsed: 0.138 sec
Running org.apache.logging.log4j.core.lookup.SystemPropertiesLookupTest
Tests run: 1, Failures: 0, Errors: 0, Skipped: 0, Time elapsed: 0.051 sec
Running org.apache.logging.log4j.core.lookup.DateLookupTest
Tests run: 1, Failures: 0, Errors: 0, Skipped: 0, Time elapsed: 0.077 sec
Running org.apache.logging.log4j.core.SimplePerfTest
Timer Setup stopped. Elapsed time: 0.092393004 seconds Average per iteration: 0.000000009 seconds
Timer DebugDisabled stopped. Elapsed time: 0.036301136 seconds Average per iteration: 0.000000003 seconds
Timer DebugLogger stopped. Elapsed time: 0.032283023 seconds Average per iteration: 0.000000003 seconds
Timer DebugDisabled stopped. Elapsed time: 0.036967706 seconds Average per iteration: 0.000000003 seconds
Tests run: 3, Failures: 0, Errors: 0, Skipped: 0, Time elapsed: 0.538 sec
Running org.apache.logging.log4j.core.appender.SyslogAppenderTest
Tests run: 5, Failures: 0, Errors: 0, Skipped: 0, Time elapsed: 0.266 sec
Running org.apache.logging.log4j.core.appender.routing.JSONRoutingAppender2Test
Tests run: 1, Failures: 0, Errors: 0, Skipped: 0, Time elapsed: 0.349 sec
Running org.apache.logging.log4j.core.appender.routing.JSONRoutingAppenderTest
Tests run: 1, Failures: 0, Errors: 0, Skipped: 0, Time elapsed: 0.389 sec
Running org.apache.logging.log4j.core.appender.routing.RoutingAppenderTest
2022-07-16 10:57:08,490 DEBUG Generated plugins in 0.002462428 seconds
2022-07-16 10:57:08,497 DEBUG Calling createProperty on class org.apache.logging.log4j.core.config.Property for element property with params(name="filename", value="target/rolling1/rollingtest-${sd:type}.log")
2022-07-16 10:57:08,498 DEBUG Calling configureSubstitutor on class org.apache.logging.log4j.core.config.plugins.PropertiesPlugin for element properties with params(properties={filename=target/rolling1/rollingtest-${sd:type}.log})
2022-07-16 10:57:08,500 DEBUG Generated plugins in 0.001009809 seconds
2022-07-16 10:57:08,502 DEBUG Calling createFilter on class org.apache.logging.log4j.core.filter.ThresholdFilter for element ThresholdFilter with params(level="debug", onMatch="null", onMismatch="null")
2022-07-16 10:57:08,504 DEBUG Calling createLayout on class org.apache.logging.log4j.core.layout.PatternLayout for element PatternLayout with params(pattern="%m%n", Configuration(RoutingTest), null, charset="null")
2022-07-16 10:57:08,506 DEBUG Generated plugins in 0.001028406 seconds
2022-07-16 10:57:08,507 DEBUG Calling createAppender on class org.apache.logging.log4j.core.appender.ConsoleAppender for element Console with params(PatternLayout(%m%n), null, target="null", name="STDOUT", suppressExceptions="null")
2022-07-16 10:57:08,508 DEBUG Calling createFilter on class org.apache.logging.log4j.core.filter.ThresholdFilter for element ThresholdFilter with params(level="debug", onMatch="null", onMismatch="null")
2022-07-16 10:57:08,510 DEBUG Calling createAppender on class org.apache.logging.log4j.test.appender.ListAppender for element List with params(name="List", entryPerNewLine="null", raw="null", null, ThresholdFilter(DEBUG))
2022-07-16 10:57:08,512 DEBUG Calling createRoute on class org.apache.logging.log4j.core.appender.routing.Route for element Route with params(ref="null", key="null", Node=Route)
2022-07-16 10:57:08,512 DEBUG Calling createRoute on class org.apache.logging.log4j.core.appender.routing.Route for element Route with params(ref="STDOUT", key="Audit", Node=Route)
2022-07-16 10:57:08,513 DEBUG Calling createRoute on class org.apache.logging.log4j.core.appender.routing.Route for element Route with params(ref="List", key="Service", Node=Route)
2022-07-16 10:57:08,513 DEBUG Calling createRoutes on class org.apache.logging.log4j.core.appender.routing.Routes for element Routes with params(pattern="${sd:type}", routes={Route(type=dynamic default), Route(type=static Reference=STDOUT key='Audit'), Route(type=static Reference=List key='Service')})
2022-07-16 10:57:08,514 DEBUG Calling createAppender on class org.apache.logging.log4j.core.appender.routing.RoutingAppender for element Routing with params(name="Routing", suppressExceptions="null", Routes({Route(type=dynamic default),Route(type=static Reference=STDOUT key='Audit'),Route(type=static Reference=List key='Service')}), Configuration(RoutingTest), null, null)
2022-07-16 10:57:08,515 DEBUG Calling createAppenders on class org.apache.logging.log4j.core.config.plugins.AppendersPlugin for element appenders with params(appenders={STDOUT, List, Routing})
2022-07-16 10:57:08,516 DEBUG Calling createAppenderRef on class org.apache.logging.log4j.core.config.AppenderRef for element appender-ref with params(ref="Routing", level="null", null)
2022-07-16 10:57:08,518 DEBUG Calling createLogger on class org.apache.logging.log4j.core.config.LoggerConfig for element logger with params(additivity="false", level="info", name="EventLogger", appender-ref={org.apache.logging.log4j.core.config.AppenderRef@5474c6c}, properties={}, Configuration(RoutingTest), null)
2022-07-16 10:57:08,519 DEBUG Calling createAppenderRef on class org.apache.logging.log4j.core.config.AppenderRef for element appender-ref with params(ref="STDOUT", level="null", null)
2022-07-16 10:57:08,520 DEBUG Calling createLogger on class org.apache.logging.log4j.core.config.LoggerConfig$RootLogger for element root with params(additivity="null", level="error", appender-ref={org.apache.logging.log4j.core.config.AppenderRef@591f989e}, properties={}, Configuration(RoutingTest), null)
2022-07-16 10:57:08,520 DEBUG Calling createLoggers on class org.apache.logging.log4j.core.config.plugins.LoggersPlugin for element loggers with params(loggers={EventLogger, root})
2022-07-16 10:57:08,521 DEBUG Reconfiguration completed
2022-07-16 10:57:08,530 DEBUG Calling createLayout on class org.apache.logging.log4j.core.layout.PatternLayout for element PatternLayout with params(pattern="%d %p %C{1.} [%t] %m%n", Configuration(RoutingTest), null, charset="null")
2022-07-16 10:57:08,531 DEBUG Calling createPolicy on class org.apache.logging.log4j.core.appender.rolling.SizeBasedTriggeringPolicy for element SizeBasedTriggeringPolicy with params(size="500")
2022-07-16 10:57:08,533 DEBUG Calling createAppender on class org.apache.logging.log4j.core.appender.RollingFileAppender for element RollingFile with params(fileName="target/rolling1/rollingtest-Unknown.log", filePattern="target/rolling1/test1-Unknown.%i.log.gz", append="null", name="Rolling-Unknown", bufferedIO="null", immediateFlush="null", SizeBasedTriggeringPolicy(SizeBasedTriggeringPolicy(size=500)), null, PatternLayout(%d %p %C{1.} [%t] %m%n), null, suppressExceptions="null", Configuration(RoutingTest))
2022-07-16 10:57:08,535 DEBUG Starting RollingFileManager target/rolling1/rollingtest-Unknown.log
2022-07-16 10:57:08,537 DEBUG Generated plugins in 0.000789153 seconds
2022-07-16 10:57:08,540 DEBUG Reconfiguration started for context sun.misc.Launcher$AppClassLoader@7f31245a
2022-07-16 10:57:08,541 DEBUG Generated plugins in 0.000787230 seconds
2022-07-16 10:57:08,556 DEBUG Generated plugins in 0.000551843 seconds
2022-07-16 10:57:08,557 DEBUG Generated plugins in 0.000684156 seconds
2022-07-16 10:57:08,558 DEBUG Shutting down RollingFileManager target/rolling1/rollingtest-Unknown.log
2022-07-16 10:57:08,558 DEBUG Reconfiguration completed
Tests run: 1, Failures: 0, Errors: 0, Skipped: 0, Time elapsed: 0.286 sec
Running org.apache.logging.log4j.core.appender.OutputStreamAppenderTest
Tests run: 1, Failures: 0, Errors: 0, Skipped: 0, Time elapsed: 0.147 sec
Running org.apache.logging.log4j.core.appender.SocketAppenderTest
Tests run: 2, Failures: 0, Errors: 0, Skipped: 0, Time elapsed: 0.317 sec
Running org.apache.logging.log4j.core.appender.AsynchAppenderTest
Tests run: 1, Failures: 0, Errors: 0, Skipped: 0, Time elapsed: 0.369 sec
Running org.apache.logging.log4j.core.appender.FailoverAppenderTest
2022-07-16 10:57:10,723 ERROR An exception occurred processing Appender Fail org.apache.logging.log4j.LoggingException: Always fail
	at org.apache.logging.log4j.test.appender.AlwaysFailAppender.append(AlwaysFailAppender.java:37)
	at org.apache.logging.log4j.core.config.AppenderControl.callAppender(AppenderControl.java:98)
	at org.apache.logging.log4j.core.appender.FailoverAppender.append(FailoverAppender.java:99)
	at org.apache.logging.log4j.core.config.AppenderControl.callAppender(AppenderControl.java:98)
	at org.apache.logging.log4j.core.config.LoggerConfig.callAppenders(LoggerConfig.java:335)
	at org.apache.logging.log4j.core.config.LoggerConfig.log(LoggerConfig.java:316)
	at org.apache.logging.log4j.core.config.LoggerConfig.log(LoggerConfig.java:281)
	at org.apache.logging.log4j.core.Logger.log(Logger.java:106)
	at org.apache.logging.log4j.spi.AbstractLogger.error(AbstractLogger.java:987)
	at org.apache.logging.log4j.core.appender.FailoverAppenderTest.testFailover(FailoverAppenderTest.java:70)
	at sun.reflect.NativeMethodAccessorImpl.invoke0(Native Method)
	at sun.reflect.NativeMethodAccessorImpl.invoke(NativeMethodAccessorImpl.java:62)
	at sun.reflect.DelegatingMethodAccessorImpl.invoke(DelegatingMethodAccessorImpl.java:43)
	at java.lang.reflect.Method.invoke(Method.java:498)
	at org.junit.runners.model.FrameworkMethod$1.runReflectiveCall(FrameworkMethod.java:44)
	at org.junit.internal.runners.model.ReflectiveCallable.run(ReflectiveCallable.java:15)
	at org.junit.runners.model.FrameworkMethod.invokeExplosively(FrameworkMethod.java:41)
	at org.junit.internal.runners.statements.InvokeMethod.evaluate(InvokeMethod.java:20)
	at org.junit.runners.BlockJUnit4ClassRunner.runChild(BlockJUnit4ClassRunner.java:76)
	at org.junit.runners.BlockJUnit4ClassRunner.runChild(BlockJUnit4ClassRunner.java:50)
	at org.junit.runners.ParentRunner$3.run(ParentRunner.java:193)
	at org.junit.runners.ParentRunner$1.schedule(ParentRunner.java:52)
	at org.junit.runners.ParentRunner.runChildren(ParentRunner.java:191)
	at org.junit.runners.ParentRunner.access$000(ParentRunner.java:42)
	at org.junit.runners.ParentRunner$2.evaluate(ParentRunner.java:184)
	at org.junit.internal.runners.statements.RunBefores.evaluate(RunBefores.java:28)
	at org.junit.internal.runners.statements.RunAfters.evaluate(RunAfters.java:31)
	at org.junit.runners.ParentRunner.run(ParentRunner.java:236)
	at org.apache.maven.surefire.junit4.JUnit4Provider.execute(JUnit4Provider.java:252)
	at org.apache.maven.surefire.junit4.JUnit4Provider.executeTestSet(JUnit4Provider.java:141)
	at org.apache.maven.surefire.junit4.JUnit4Provider.invoke(JUnit4Provider.java:112)
	at sun.reflect.NativeMethodAccessorImpl.invoke0(Native Method)
	at sun.reflect.NativeMethodAccessorImpl.invoke(NativeMethodAccessorImpl.java:62)
	at sun.reflect.DelegatingMethodAccessorImpl.invoke(DelegatingMethodAccessorImpl.java:43)
	at java.lang.reflect.Method.invoke(Method.java:498)
	at org.apache.maven.surefire.util.ReflectionUtils.invokeMethodWithArray(ReflectionUtils.java:189)
	at org.apache.maven.surefire.booter.ProviderFactory$ProviderProxy.invoke(ProviderFactory.java:165)
	at org.apache.maven.surefire.booter.ProviderFactory.invokeProvider(ProviderFactory.java:85)
	at org.apache.maven.surefire.booter.ForkedBooter.runSuitesInProcess(ForkedBooter.java:115)
	at org.apache.maven.surefire.booter.ForkedBooter.main(ForkedBooter.java:75)

2022-07-16 10:57:10,727 ERROR An exception occurred processing Appender Fail org.apache.logging.log4j.LoggingException: Always fail
	at org.apache.logging.log4j.test.appender.AlwaysFailAppender.append(AlwaysFailAppender.java:37)
	at org.apache.logging.log4j.core.config.AppenderControl.callAppender(AppenderControl.java:98)
	at org.apache.logging.log4j.core.appender.FailoverAppender.append(FailoverAppender.java:99)
	at org.apache.logging.log4j.core.config.AppenderControl.callAppender(AppenderControl.java:98)
	at org.apache.logging.log4j.core.config.LoggerConfig.callAppenders(LoggerConfig.java:335)
	at org.apache.logging.log4j.core.config.LoggerConfig.log(LoggerConfig.java:316)
	at org.apache.logging.log4j.core.config.LoggerConfig.log(LoggerConfig.java:281)
	at org.apache.logging.log4j.core.Logger.log(Logger.java:106)
	at org.apache.logging.log4j.spi.AbstractLogger.error(AbstractLogger.java:987)
	at org.apache.logging.log4j.core.appender.FailoverAppenderTest.testFailover(FailoverAppenderTest.java:75)
	at sun.reflect.NativeMethodAccessorImpl.invoke0(Native Method)
	at sun.reflect.NativeMethodAccessorImpl.invoke(NativeMethodAccessorImpl.java:62)
	at sun.reflect.DelegatingMethodAccessorImpl.invoke(DelegatingMethodAccessorImpl.java:43)
	at java.lang.reflect.Method.invoke(Method.java:498)
	at org.junit.runners.model.FrameworkMethod$1.runReflectiveCall(FrameworkMethod.java:44)
	at org.junit.internal.runners.model.ReflectiveCallable.run(ReflectiveCallable.java:15)
	at org.junit.runners.model.FrameworkMethod.invokeExplosively(FrameworkMethod.java:41)
	at org.junit.internal.runners.statements.InvokeMethod.evaluate(InvokeMethod.java:20)
	at org.junit.runners.BlockJUnit4ClassRunner.runChild(BlockJUnit4ClassRunner.java:76)
	at org.junit.runners.BlockJUnit4ClassRunner.runChild(BlockJUnit4ClassRunner.java:50)
	at org.junit.runners.ParentRunner$3.run(ParentRunner.java:193)
	at org.junit.runners.ParentRunner$1.schedule(ParentRunner.java:52)
	at org.junit.runners.ParentRunner.runChildren(ParentRunner.java:191)
	at org.junit.runners.ParentRunner.access$000(ParentRunner.java:42)
	at org.junit.runners.ParentRunner$2.evaluate(ParentRunner.java:184)
	at org.junit.internal.runners.statements.RunBefores.evaluate(RunBefores.java:28)
	at org.junit.internal.runners.statements.RunAfters.evaluate(RunAfters.java:31)
	at org.junit.runners.ParentRunner.run(ParentRunner.java:236)
	at org.apache.maven.surefire.junit4.JUnit4Provider.execute(JUnit4Provider.java:252)
	at org.apache.maven.surefire.junit4.JUnit4Provider.executeTestSet(JUnit4Provider.java:141)
	at org.apache.maven.surefire.junit4.JUnit4Provider.invoke(JUnit4Provider.java:112)
	at sun.reflect.NativeMethodAccessorImpl.invoke0(Native Method)
	at sun.reflect.NativeMethodAccessorImpl.invoke(NativeMethodAccessorImpl.java:62)
	at sun.reflect.DelegatingMethodAccessorImpl.invoke(DelegatingMethodAccessorImpl.java:43)
	at java.lang.reflect.Method.invoke(Method.java:498)
	at org.apache.maven.surefire.util.ReflectionUtils.invokeMethodWithArray(ReflectionUtils.java:189)
	at org.apache.maven.surefire.booter.ProviderFactory$ProviderProxy.invoke(ProviderFactory.java:165)
	at org.apache.maven.surefire.booter.ProviderFactory.invokeProvider(ProviderFactory.java:85)
	at org.apache.maven.surefire.booter.ForkedBooter.runSuitesInProcess(ForkedBooter.java:115)
	at org.apache.maven.surefire.booter.ForkedBooter.main(ForkedBooter.java:75)

Tests run: 1, Failures: 0, Errors: 0, Skipped: 0, Time elapsed: 0.283 sec
Running org.apache.logging.log4j.core.appender.FileAppenderTest
Tests run: 4, Failures: 0, Errors: 0, Skipped: 0, Time elapsed: 0.769 sec
Running org.apache.logging.log4j.core.appender.rolling.RollingAppenderUncompressedTest
Tests run: 1, Failures: 0, Errors: 0, Skipped: 0, Time elapsed: 0.355 sec
Running org.apache.logging.log4j.core.appender.rolling.RollingAppenderTimeAndSizeTest
Tests run: 1, Failures: 0, Errors: 0, Skipped: 0, Time elapsed: 10.389 sec
Running org.apache.logging.log4j.core.appender.rolling.RollingAppenderSizeTest
Tests run: 1, Failures: 0, Errors: 0, Skipped: 0, Time elapsed: 0.335 sec
Running org.apache.logging.log4j.core.appender.rolling.OnStartupTriggeringPolicyTest
Tests run: 1, Failures: 0, Errors: 0, Skipped: 0, Time elapsed: 0.146 sec
Running org.apache.logging.log4j.core.appender.rolling.RollingAppenderTimeTest
Tests run: 1, Failures: 0, Errors: 0, Skipped: 0, Time elapsed: 10.363 sec
Running org.apache.logging.log4j.core.appender.rewrite.RewriteAppenderTest
Tests run: 2, Failures: 0, Errors: 0, Skipped: 0, Time elapsed: 0.284 sec
Running org.apache.logging.log4j.core.appender.rewrite.MapRewritePolicyTest
Tests run: 1, Failures: 0, Errors: 1, Skipped: 0, Time elapsed: 0.065 sec <<< FAILURE!
org.apache.logging.log4j.core.appender.rewrite.MapRewritePolicyTest  Time elapsed: 0.065 sec  <<< ERROR!
java.util.EmptyStackException
	at java.util.Stack.peek(Stack.java:102)
	at org.apache.logging.log4j.core.impl.ThrowableProxy.resolvePackageData(ThrowableProxy.java:352)
	at org.apache.logging.log4j.core.impl.ThrowableProxy.<init>(ThrowableProxy.java:70)
	at org.apache.logging.log4j.core.impl.Log4jLogEvent.<init>(Log4jLogEvent.java:105)
	at org.apache.logging.log4j.core.appender.rewrite.MapRewritePolicyTest.setupClass(MapRewritePolicyTest.java:46)
	at sun.reflect.NativeMethodAccessorImpl.invoke0(Native Method)
	at sun.reflect.NativeMethodAccessorImpl.invoke(NativeMethodAccessorImpl.java:62)
	at sun.reflect.DelegatingMethodAccessorImpl.invoke(DelegatingMethodAccessorImpl.java:43)
	at java.lang.reflect.Method.invoke(Method.java:498)
	at org.junit.runners.model.FrameworkMethod$1.runReflectiveCall(FrameworkMethod.java:44)
	at org.junit.internal.runners.model.ReflectiveCallable.run(ReflectiveCallable.java:15)
	at org.junit.runners.model.FrameworkMethod.invokeExplosively(FrameworkMethod.java:41)
	at org.junit.internal.runners.statements.RunBefores.evaluate(RunBefores.java:27)
	at org.junit.runners.ParentRunner.run(ParentRunner.java:236)
	at org.apache.maven.surefire.junit4.JUnit4Provider.execute(JUnit4Provider.java:252)
	at org.apache.maven.surefire.junit4.JUnit4Provider.executeTestSet(JUnit4Provider.java:141)
	at org.apache.maven.surefire.junit4.JUnit4Provider.invoke(JUnit4Provider.java:112)
	at sun.reflect.NativeMethodAccessorImpl.invoke0(Native Method)
	at sun.reflect.NativeMethodAccessorImpl.invoke(NativeMethodAccessorImpl.java:62)
	at sun.reflect.DelegatingMethodAccessorImpl.invoke(DelegatingMethodAccessorImpl.java:43)
	at java.lang.reflect.Method.invoke(Method.java:498)
	at org.apache.maven.surefire.util.ReflectionUtils.invokeMethodWithArray(ReflectionUtils.java:189)
	at org.apache.maven.surefire.booter.ProviderFactory$ProviderProxy.invoke(ProviderFactory.java:165)
	at org.apache.maven.surefire.booter.ProviderFactory.invokeProvider(ProviderFactory.java:85)
	at org.apache.maven.surefire.booter.ForkedBooter.runSuitesInProcess(ForkedBooter.java:115)
	at org.apache.maven.surefire.booter.ForkedBooter.main(ForkedBooter.java:75)

Running org.apache.logging.log4j.core.CollectionLoggingTest
10:57:35.383 [main] ERROR org.apache.logging.log4j.core.CollectionLoggingTest - {java.runtime.name=OpenJDK Runtime Environment, sun.boot.library.path=/usr/lib/jvm/java-8-openjdk-amd64/jre/lib/amd64, java.vm.version=25.312-b07, java.vm.vendor=Private Build, java.vendor.url=http://java.oracle.com/, path.separator=:, java.vm.name=OpenJDK 64-Bit Server VM, file.encoding.pkg=sun.io, user.country=US, sun.java.launcher=SUN_STANDARD, sun.os.patch.level=unknown, java.vm.specification.name=Java Virtual Machine Specification, user.dir=/data-depot/user/Workspace/Reproducibility/Reproducibility-Scanner/benchmarks/bugs-dot-jar/logging-log4j2/core, java.runtime.version=1.8.0_312-8u312-b07-0ubuntu1~18.04-b07, basedir=/data-depot/user/Workspace/Reproducibility/Reproducibility-Scanner/benchmarks/bugs-dot-jar/logging-log4j2/core, java.awt.graphicsenv=sun.awt.X11GraphicsEnvironment, java.endorsed.dirs=/usr/lib/jvm/java-8-openjdk-amd64/jre/lib/endorsed, os.arch=amd64, surefire.real.class.path=/data-depot/user/Workspace/Reproducibility/Reproducibility-Scanner/benchmarks/bugs-dot-jar/logging-log4j2/core/target/surefire/surefirebooter5638138231065952541.jar, java.io.tmpdir=/tmp, line.separator=
, java.vm.specification.vendor=Oracle Corporation, os.name=Linux, sun.jnu.encoding=UTF-8, java.library.path=/usr/java/packages/lib/amd64:/usr/lib/x86_64-linux-gnu/jni:/lib/x86_64-linux-gnu:/usr/lib/x86_64-linux-gnu:/usr/lib/jni:/lib:/usr/lib, surefire.test.class.path=/data-depot/user/Workspace/Reproducibility/Reproducibility-Scanner/benchmarks/bugs-dot-jar/logging-log4j2/core/target/test-classes:/data-depot/user/Workspace/Reproducibility/Reproducibility-Scanner/benchmarks/bugs-dot-jar/logging-log4j2/core/target/classes:/home/user/.m2/repository/org/apache/logging/log4j/log4j-api/2.0-beta4-SNAPSHOT/log4j-api-2.0-beta4-SNAPSHOT.jar:/home/user/.m2/repository/org/osgi/core/4.3.0/core-4.3.0.jar:/home/user/.m2/repository/org/codehaus/jackson/jackson-core-asl/1.9.2/jackson-core-asl-1.9.2.jar:/home/user/.m2/repository/org/codehaus/jackson/jackson-mapper-asl/1.9.2/jackson-mapper-asl-1.9.2.jar:/home/user/.m2/repository/org/fusesource/jansi/jansi/1.9/jansi-1.9.jar:/home/user/.m2/repository/oro/oro/2.0.8/oro-2.0.8.jar:/home/user/.m2/repository/log4j/log4j/1.2.16/log4j-1.2.16.jar:/home/user/.m2/repository/org/slf4j/slf4j-api/1.7.1/slf4j-api-1.7.1.jar:/home/user/.m2/repository/org/slf4j/slf4j-ext/1.7.1/slf4j-ext-1.7.1.jar:/home/user/.m2/repository/ch/qos/cal10n/cal10n-api/0.7.4/cal10n-api-0.7.4.jar:/home/user/.m2/repository/junit/junit/4.7/junit-4.7.jar:/home/user/.m2/repository/org/mockejb/mockejb/0.6-beta2/mockejb-0.6-beta2.jar:/home/user/.m2/repository/cglib/cglib-full/2.0.2/cglib-full-2.0.2.jar:/home/user/.m2/repository/commons-logging/commons-logging/1.0.4/commons-logging-1.0.4.jar:/home/user/.m2/repository/ch/qos/logback/logback-core/1.0.7/logback-core-1.0.7.jar:/home/user/.m2/repository/ch/qos/logback/logback-classic/1.0.7/logback-classic-1.0.7.jar:/home/user/.m2/repository/org/apache/geronimo/specs/geronimo-jms_1.1_spec/1.0/geronimo-jms_1.1_spec-1.0.jar:, java.specification.name=Java Platform API Specification, java.class.version=52.0, sun.management.compiler=HotSpot 64-Bit Tiered Compilers, os.version=4.15.0-173-generic, user.home=/home/user, user.timezone=America/Los_Angeles, java.awt.printerjob=sun.print.PSPrinterJob, file.encoding=UTF-8, java.specification.version=1.8, java.class.path=/data-depot/user/Workspace/Reproducibility/Reproducibility-Scanner/benchmarks/bugs-dot-jar/logging-log4j2/core/target/test-classes:/data-depot/user/Workspace/Reproducibility/Reproducibility-Scanner/benchmarks/bugs-dot-jar/logging-log4j2/core/target/classes:/home/user/.m2/repository/org/apache/logging/log4j/log4j-api/2.0-beta4-SNAPSHOT/log4j-api-2.0-beta4-SNAPSHOT.jar:/home/user/.m2/repository/org/osgi/core/4.3.0/core-4.3.0.jar:/home/user/.m2/repository/org/codehaus/jackson/jackson-core-asl/1.9.2/jackson-core-asl-1.9.2.jar:/home/user/.m2/repository/org/codehaus/jackson/jackson-mapper-asl/1.9.2/jackson-mapper-asl-1.9.2.jar:/home/user/.m2/repository/org/fusesource/jansi/jansi/1.9/jansi-1.9.jar:/home/user/.m2/repository/oro/oro/2.0.8/oro-2.0.8.jar:/home/user/.m2/repository/log4j/log4j/1.2.16/log4j-1.2.16.jar:/home/user/.m2/repository/org/slf4j/slf4j-api/1.7.1/slf4j-api-1.7.1.jar:/home/user/.m2/repository/org/slf4j/slf4j-ext/1.7.1/slf4j-ext-1.7.1.jar:/home/user/.m2/repository/ch/qos/cal10n/cal10n-api/0.7.4/cal10n-api-0.7.4.jar:/home/user/.m2/repository/junit/junit/4.7/junit-4.7.jar:/home/user/.m2/repository/org/mockejb/mockejb/0.6-beta2/mockejb-0.6-beta2.jar:/home/user/.m2/repository/cglib/cglib-full/2.0.2/cglib-full-2.0.2.jar:/home/user/.m2/repository/commons-logging/commons-logging/1.0.4/commons-logging-1.0.4.jar:/home/user/.m2/repository/ch/qos/logback/logback-core/1.0.7/logback-core-1.0.7.jar:/home/user/.m2/repository/ch/qos/logback/logback-classic/1.0.7/logback-classic-1.0.7.jar:/home/user/.m2/repository/org/apache/geronimo/specs/geronimo-jms_1.1_spec/1.0/geronimo-jms_1.1_spec-1.0.jar:, user.name=user, java.vm.specification.version=1.8, sun.java.command=/data-depot/user/Workspace/Reproducibility/Reproducibility-Scanner/benchmarks/bugs-dot-jar/logging-log4j2/core/target/surefire/surefirebooter5638138231065952541.jar /data-depot/user/Workspace/Reproducibility/Reproducibility-Scanner/benchmarks/bugs-dot-jar/logging-log4j2/core/target/surefire/surefire6881803239571196147tmp /data-depot/user/Workspace/Reproducibility/Reproducibility-Scanner/benchmarks/bugs-dot-jar/logging-log4j2/core/target/surefire/surefire_637143366166669889477tmp, java.home=/usr/lib/jvm/java-8-openjdk-amd64/jre, sun.arch.data.model=64, user.language=en, java.specification.vendor=Oracle Corporation, awt.toolkit=sun.awt.X11.XToolkit, java.vm.info=mixed mode, java.version=1.8.0_312, java.ext.dirs=/usr/lib/jvm/java-8-openjdk-amd64/jre/lib/ext:/usr/java/packages/lib/ext, sun.boot.class.path=/usr/lib/jvm/java-8-openjdk-amd64/jre/lib/resources.jar:/usr/lib/jvm/java-8-openjdk-amd64/jre/lib/rt.jar:/usr/lib/jvm/java-8-openjdk-amd64/jre/lib/sunrsasign.jar:/usr/lib/jvm/java-8-openjdk-amd64/jre/lib/jsse.jar:/usr/lib/jvm/java-8-openjdk-amd64/jre/lib/jce.jar:/usr/lib/jvm/java-8-openjdk-amd64/jre/lib/charsets.jar:/usr/lib/jvm/java-8-openjdk-amd64/jre/lib/jfr.jar:/usr/lib/jvm/java-8-openjdk-amd64/jre/classes, java.vendor=Private Build, localRepository=/home/user/.m2/repository, file.separator=/, java.vendor.url.bug=http://bugreport.sun.com/bugreport/, sun.io.unicode.encoding=UnicodeLittle, sun.cpu.endian=little, sun.cpu.isalist=}
10:57:35.386 [main] ERROR org.apache.logging.log4j.core.CollectionLoggingTest - MyKey1="MyValue1" MyKey2="MyValue2"
10:57:35.386 [main] ERROR org.apache.logging.log4j.core.CollectionLoggingTest - {MyKey2=MyValue2, MyKey1=MyValue1}
10:57:35.388 [main] ERROR org.apache.logging.log4j.core.CollectionLoggingTest - {java.runtime.name=OpenJDK Runtime Environment, sun.boot.library.path=/usr/lib/jvm/java-8-openjdk-amd64/jre/lib/amd64, java.vm.version=25.312-b07, java.vm.vendor=Private Build, java.vendor.url=http://java.oracle.com/, path.separator=:, java.vm.name=OpenJDK 64-Bit Server VM, file.encoding.pkg=sun.io, user.country=US, sun.java.launcher=SUN_STANDARD, sun.os.patch.level=unknown, java.vm.specification.name=Java Virtual Machine Specification, user.dir=/data-depot/user/Workspace/Reproducibility/Reproducibility-Scanner/benchmarks/bugs-dot-jar/logging-log4j2/core, java.runtime.version=1.8.0_312-8u312-b07-0ubuntu1~18.04-b07, basedir=/data-depot/user/Workspace/Reproducibility/Reproducibility-Scanner/benchmarks/bugs-dot-jar/logging-log4j2/core, java.awt.graphicsenv=sun.awt.X11GraphicsEnvironment, java.endorsed.dirs=/usr/lib/jvm/java-8-openjdk-amd64/jre/lib/endorsed, os.arch=amd64, surefire.real.class.path=/data-depot/user/Workspace/Reproducibility/Reproducibility-Scanner/benchmarks/bugs-dot-jar/logging-log4j2/core/target/surefire/surefirebooter5638138231065952541.jar, java.io.tmpdir=/tmp, line.separator=
, java.vm.specification.vendor=Oracle Corporation, os.name=Linux, sun.jnu.encoding=UTF-8, java.library.path=/usr/java/packages/lib/amd64:/usr/lib/x86_64-linux-gnu/jni:/lib/x86_64-linux-gnu:/usr/lib/x86_64-linux-gnu:/usr/lib/jni:/lib:/usr/lib, surefire.test.class.path=/data-depot/user/Workspace/Reproducibility/Reproducibility-Scanner/benchmarks/bugs-dot-jar/logging-log4j2/core/target/test-classes:/data-depot/user/Workspace/Reproducibility/Reproducibility-Scanner/benchmarks/bugs-dot-jar/logging-log4j2/core/target/classes:/home/user/.m2/repository/org/apache/logging/log4j/log4j-api/2.0-beta4-SNAPSHOT/log4j-api-2.0-beta4-SNAPSHOT.jar:/home/user/.m2/repository/org/osgi/core/4.3.0/core-4.3.0.jar:/home/user/.m2/repository/org/codehaus/jackson/jackson-core-asl/1.9.2/jackson-core-asl-1.9.2.jar:/home/user/.m2/repository/org/codehaus/jackson/jackson-mapper-asl/1.9.2/jackson-mapper-asl-1.9.2.jar:/home/user/.m2/repository/org/fusesource/jansi/jansi/1.9/jansi-1.9.jar:/home/user/.m2/repository/oro/oro/2.0.8/oro-2.0.8.jar:/home/user/.m2/repository/log4j/log4j/1.2.16/log4j-1.2.16.jar:/home/user/.m2/repository/org/slf4j/slf4j-api/1.7.1/slf4j-api-1.7.1.jar:/home/user/.m2/repository/org/slf4j/slf4j-ext/1.7.1/slf4j-ext-1.7.1.jar:/home/user/.m2/repository/ch/qos/cal10n/cal10n-api/0.7.4/cal10n-api-0.7.4.jar:/home/user/.m2/repository/junit/junit/4.7/junit-4.7.jar:/home/user/.m2/repository/org/mockejb/mockejb/0.6-beta2/mockejb-0.6-beta2.jar:/home/user/.m2/repository/cglib/cglib-full/2.0.2/cglib-full-2.0.2.jar:/home/user/.m2/repository/commons-logging/commons-logging/1.0.4/commons-logging-1.0.4.jar:/home/user/.m2/repository/ch/qos/logback/logback-core/1.0.7/logback-core-1.0.7.jar:/home/user/.m2/repository/ch/qos/logback/logback-classic/1.0.7/logback-classic-1.0.7.jar:/home/user/.m2/repository/org/apache/geronimo/specs/geronimo-jms_1.1_spec/1.0/geronimo-jms_1.1_spec-1.0.jar:, java.specification.name=Java Platform API Specification, java.class.version=52.0, sun.management.compiler=HotSpot 64-Bit Tiered Compilers, os.version=4.15.0-173-generic, user.home=/home/user, user.timezone=America/Los_Angeles, java.awt.printerjob=sun.print.PSPrinterJob, file.encoding=UTF-8, java.specification.version=1.8, java.class.path=/data-depot/user/Workspace/Reproducibility/Reproducibility-Scanner/benchmarks/bugs-dot-jar/logging-log4j2/core/target/test-classes:/data-depot/user/Workspace/Reproducibility/Reproducibility-Scanner/benchmarks/bugs-dot-jar/logging-log4j2/core/target/classes:/home/user/.m2/repository/org/apache/logging/log4j/log4j-api/2.0-beta4-SNAPSHOT/log4j-api-2.0-beta4-SNAPSHOT.jar:/home/user/.m2/repository/org/osgi/core/4.3.0/core-4.3.0.jar:/home/user/.m2/repository/org/codehaus/jackson/jackson-core-asl/1.9.2/jackson-core-asl-1.9.2.jar:/home/user/.m2/repository/org/codehaus/jackson/jackson-mapper-asl/1.9.2/jackson-mapper-asl-1.9.2.jar:/home/user/.m2/repository/org/fusesource/jansi/jansi/1.9/jansi-1.9.jar:/home/user/.m2/repository/oro/oro/2.0.8/oro-2.0.8.jar:/home/user/.m2/repository/log4j/log4j/1.2.16/log4j-1.2.16.jar:/home/user/.m2/repository/org/slf4j/slf4j-api/1.7.1/slf4j-api-1.7.1.jar:/home/user/.m2/repository/org/slf4j/slf4j-ext/1.7.1/slf4j-ext-1.7.1.jar:/home/user/.m2/repository/ch/qos/cal10n/cal10n-api/0.7.4/cal10n-api-0.7.4.jar:/home/user/.m2/repository/junit/junit/4.7/junit-4.7.jar:/home/user/.m2/repository/org/mockejb/mockejb/0.6-beta2/mockejb-0.6-beta2.jar:/home/user/.m2/repository/cglib/cglib-full/2.0.2/cglib-full-2.0.2.jar:/home/user/.m2/repository/commons-logging/commons-logging/1.0.4/commons-logging-1.0.4.jar:/home/user/.m2/repository/ch/qos/logback/logback-core/1.0.7/logback-core-1.0.7.jar:/home/user/.m2/repository/ch/qos/logback/logback-classic/1.0.7/logback-classic-1.0.7.jar:/home/user/.m2/repository/org/apache/geronimo/specs/geronimo-jms_1.1_spec/1.0/geronimo-jms_1.1_spec-1.0.jar:, user.name=user, java.vm.specification.version=1.8, sun.java.command=/data-depot/user/Workspace/Reproducibility/Reproducibility-Scanner/benchmarks/bugs-dot-jar/logging-log4j2/core/target/surefire/surefirebooter5638138231065952541.jar /data-depot/user/Workspace/Reproducibility/Reproducibility-Scanner/benchmarks/bugs-dot-jar/logging-log4j2/core/target/surefire/surefire6881803239571196147tmp /data-depot/user/Workspace/Reproducibility/Reproducibility-Scanner/benchmarks/bugs-dot-jar/logging-log4j2/core/target/surefire/surefire_637143366166669889477tmp, java.home=/usr/lib/jvm/java-8-openjdk-amd64/jre, sun.arch.data.model=64, user.language=en, java.specification.vendor=Oracle Corporation, awt.toolkit=sun.awt.X11.XToolkit, java.vm.info=mixed mode, java.version=1.8.0_312, java.ext.dirs=/usr/lib/jvm/java-8-openjdk-amd64/jre/lib/ext:/usr/java/packages/lib/ext, sun.boot.class.path=/usr/lib/jvm/java-8-openjdk-amd64/jre/lib/resources.jar:/usr/lib/jvm/java-8-openjdk-amd64/jre/lib/rt.jar:/usr/lib/jvm/java-8-openjdk-amd64/jre/lib/sunrsasign.jar:/usr/lib/jvm/java-8-openjdk-amd64/jre/lib/jsse.jar:/usr/lib/jvm/java-8-openjdk-amd64/jre/lib/jce.jar:/usr/lib/jvm/java-8-openjdk-amd64/jre/lib/charsets.jar:/usr/lib/jvm/java-8-openjdk-amd64/jre/lib/jfr.jar:/usr/lib/jvm/java-8-openjdk-amd64/jre/classes, java.vendor=Private Build, localRepository=/home/user/.m2/repository, file.separator=/, java.vendor.url.bug=http://bugreport.sun.com/bugreport/, sun.io.unicode.encoding=UnicodeLittle, sun.cpu.endian=little, sun.cpu.isalist=}
10:57:35.440 [main] ERROR org.apache.logging.log4j.core.CollectionLoggingTest - {Big5=Big5, Big5-HKSCS=Big5-HKSCS, CESU-8=CESU-8, EUC-JP=EUC-JP, EUC-KR=EUC-KR, GB18030=GB18030, GB2312=GB2312, GBK=GBK, IBM-Thai=IBM-Thai, IBM00858=IBM00858, IBM01140=IBM01140, IBM01141=IBM01141, IBM01142=IBM01142, IBM01143=IBM01143, IBM01144=IBM01144, IBM01145=IBM01145, IBM01146=IBM01146, IBM01147=IBM01147, IBM01148=IBM01148, IBM01149=IBM01149, IBM037=IBM037, IBM1026=IBM1026, IBM1047=IBM1047, IBM273=IBM273, IBM277=IBM277, IBM278=IBM278, IBM280=IBM280, IBM284=IBM284, IBM285=IBM285, IBM290=IBM290, IBM297=IBM297, IBM420=IBM420, IBM424=IBM424, IBM437=IBM437, IBM500=IBM500, IBM775=IBM775, IBM850=IBM850, IBM852=IBM852, IBM855=IBM855, IBM857=IBM857, IBM860=IBM860, IBM861=IBM861, IBM862=IBM862, IBM863=IBM863, IBM864=IBM864, IBM865=IBM865, IBM866=IBM866, IBM868=IBM868, IBM869=IBM869, IBM870=IBM870, IBM871=IBM871, IBM918=IBM918, ISO-2022-CN=ISO-2022-CN, ISO-2022-JP=ISO-2022-JP, ISO-2022-JP-2=ISO-2022-JP-2, ISO-2022-KR=ISO-2022-KR, ISO-8859-1=ISO-8859-1, ISO-8859-13=ISO-8859-13, ISO-8859-15=ISO-8859-15, ISO-8859-2=ISO-8859-2, ISO-8859-3=ISO-8859-3, ISO-8859-4=ISO-8859-4, ISO-8859-5=ISO-8859-5, ISO-8859-6=ISO-8859-6, ISO-8859-7=ISO-8859-7, ISO-8859-8=ISO-8859-8, ISO-8859-9=ISO-8859-9, JIS_X0201=JIS_X0201, JIS_X0212-1990=JIS_X0212-1990, KOI8-R=KOI8-R, KOI8-U=KOI8-U, Shift_JIS=Shift_JIS, TIS-620=TIS-620, US-ASCII=US-ASCII, UTF-16=UTF-16, UTF-16BE=UTF-16BE, UTF-16LE=UTF-16LE, UTF-32=UTF-32, UTF-32BE=UTF-32BE, UTF-32LE=UTF-32LE, UTF-8=UTF-8, windows-1250=windows-1250, windows-1251=windows-1251, windows-1252=windows-1252, windows-1253=windows-1253, windows-1254=windows-1254, windows-1255=windows-1255, windows-1256=windows-1256, windows-1257=windows-1257, windows-1258=windows-1258, windows-31j=windows-31j, x-Big5-HKSCS-2001=x-Big5-HKSCS-2001, x-Big5-Solaris=x-Big5-Solaris, x-COMPOUND_TEXT=x-COMPOUND_TEXT, x-euc-jp-linux=x-euc-jp-linux, x-EUC-TW=x-EUC-TW, x-eucJP-Open=x-eucJP-Open, x-IBM1006=x-IBM1006, x-IBM1025=x-IBM1025, x-IBM1046=x-IBM1046, x-IBM1097=x-IBM1097, x-IBM1098=x-IBM1098, x-IBM1112=x-IBM1112, x-IBM1122=x-IBM1122, x-IBM1123=x-IBM1123, x-IBM1124=x-IBM1124, x-IBM1166=x-IBM1166, x-IBM1364=x-IBM1364, x-IBM1381=x-IBM1381, x-IBM1383=x-IBM1383, x-IBM300=x-IBM300, x-IBM33722=x-IBM33722, x-IBM737=x-IBM737, x-IBM833=x-IBM833, x-IBM834=x-IBM834, x-IBM856=x-IBM856, x-IBM874=x-IBM874, x-IBM875=x-IBM875, x-IBM921=x-IBM921, x-IBM922=x-IBM922, x-IBM930=x-IBM930, x-IBM933=x-IBM933, x-IBM935=x-IBM935, x-IBM937=x-IBM937, x-IBM939=x-IBM939, x-IBM942=x-IBM942, x-IBM942C=x-IBM942C, x-IBM943=x-IBM943, x-IBM943C=x-IBM943C, x-IBM948=x-IBM948, x-IBM949=x-IBM949, x-IBM949C=x-IBM949C, x-IBM950=x-IBM950, x-IBM964=x-IBM964, x-IBM970=x-IBM970, x-ISCII91=x-ISCII91, x-ISO-2022-CN-CNS=x-ISO-2022-CN-CNS, x-ISO-2022-CN-GB=x-ISO-2022-CN-GB, x-iso-8859-11=x-iso-8859-11, x-JIS0208=x-JIS0208, x-JISAutoDetect=x-JISAutoDetect, x-Johab=x-Johab, x-MacArabic=x-MacArabic, x-MacCentralEurope=x-MacCentralEurope, x-MacCroatian=x-MacCroatian, x-MacCyrillic=x-MacCyrillic, x-MacDingbat=x-MacDingbat, x-MacGreek=x-MacGreek, x-MacHebrew=x-MacHebrew, x-MacIceland=x-MacIceland, x-MacRoman=x-MacRoman, x-MacRomania=x-MacRomania, x-MacSymbol=x-MacSymbol, x-MacThai=x-MacThai, x-MacTurkish=x-MacTurkish, x-MacUkraine=x-MacUkraine, x-MS932_0213=x-MS932_0213, x-MS950-HKSCS=x-MS950-HKSCS, x-MS950-HKSCS-XP=x-MS950-HKSCS-XP, x-mswin-936=x-mswin-936, x-PCK=x-PCK, x-SJIS_0213=x-SJIS_0213, x-UTF-16LE-BOM=x-UTF-16LE-BOM, X-UTF-32BE-BOM=X-UTF-32BE-BOM, X-UTF-32LE-BOM=X-UTF-32LE-BOM, x-windows-50220=x-windows-50220, x-windows-50221=x-windows-50221, x-windows-874=x-windows-874, x-windows-949=x-windows-949, x-windows-950=x-windows-950, x-windows-iso2022jp=x-windows-iso2022jp}
10:57:35.445 [main] ERROR org.apache.logging.log4j.core.CollectionLoggingTest - java.net.NetworkInterface$2@2ac1fdc4
Tests run: 4, Failures: 0, Errors: 0, Skipped: 0, Time elapsed: 0.286 sec
Running org.apache.logging.log4j.core.net.JMSQueueTest
Tests run: 1, Failures: 0, Errors: 0, Skipped: 0, Time elapsed: 0.473 sec
Running org.apache.logging.log4j.core.net.JMSTopicTest
Tests run: 1, Failures: 0, Errors: 0, Skipped: 0, Time elapsed: 0.508 sec
Running org.apache.logging.log4j.core.net.SocketServerTest
Tests run: 1, Failures: 0, Errors: 0, Skipped: 0, Time elapsed: 0.338 sec
Running org.apache.logging.log4j.core.net.PriorityTest
Tests run: 1, Failures: 0, Errors: 0, Skipped: 0, Time elapsed: 0.046 sec
Running org.apache.logging.log4j.core.LoggerTest
Tests run: 10, Failures: 0, Errors: 2, Skipped: 0, Time elapsed: 6.349 sec <<< FAILURE!
throwing(org.apache.logging.log4j.core.LoggerTest)  Time elapsed: 0.005 sec  <<< ERROR!
java.util.EmptyStackException
	at java.util.Stack.peek(Stack.java:102)
	at org.apache.logging.log4j.core.impl.ThrowableProxy.resolvePackageData(ThrowableProxy.java:352)
	at org.apache.logging.log4j.core.impl.ThrowableProxy.<init>(ThrowableProxy.java:70)
	at org.apache.logging.log4j.core.impl.Log4jLogEvent.<init>(Log4jLogEvent.java:105)
	at org.apache.logging.log4j.core.impl.Log4jLogEvent.<init>(Log4jLogEvent.java:77)
	at org.apache.logging.log4j.core.config.LoggerConfig.createEvent(LoggerConfig.java:351)
	at org.apache.logging.log4j.core.config.LoggerConfig.log(LoggerConfig.java:280)
	at org.apache.logging.log4j.core.Logger.log(Logger.java:106)
	at org.apache.logging.log4j.spi.AbstractLogger.throwing(AbstractLogger.java:135)
	at org.apache.logging.log4j.core.LoggerTest.throwing(LoggerTest.java:100)
	at sun.reflect.NativeMethodAccessorImpl.invoke0(Native Method)
	at sun.reflect.NativeMethodAccessorImpl.invoke(NativeMethodAccessorImpl.java:62)
	at sun.reflect.DelegatingMethodAccessorImpl.invoke(DelegatingMethodAccessorImpl.java:43)
	at java.lang.reflect.Method.invoke(Method.java:498)
	at org.junit.runners.model.FrameworkMethod$1.runReflectiveCall(FrameworkMethod.java:44)
	at org.junit.internal.runners.model.ReflectiveCallable.run(ReflectiveCallable.java:15)
	at org.junit.runners.model.FrameworkMethod.invokeExplosively(FrameworkMethod.java:41)
	at org.junit.internal.runners.statements.InvokeMethod.evaluate(InvokeMethod.java:20)
	at org.junit.internal.runners.statements.RunBefores.evaluate(RunBefores.java:28)
	at org.junit.runners.BlockJUnit4ClassRunner.runChild(BlockJUnit4ClassRunner.java:76)
	at org.junit.runners.BlockJUnit4ClassRunner.runChild(BlockJUnit4ClassRunner.java:50)
	at org.junit.runners.ParentRunner$3.run(ParentRunner.java:193)
	at org.junit.runners.ParentRunner$1.schedule(ParentRunner.java:52)
	at org.junit.runners.ParentRunner.runChildren(ParentRunner.java:191)
	at org.junit.runners.ParentRunner.access$000(ParentRunner.java:42)
	at org.junit.runners.ParentRunner$2.evaluate(ParentRunner.java:184)
	at org.junit.internal.runners.statements.RunBefores.evaluate(RunBefores.java:28)
	at org.junit.internal.runners.statements.RunAfters.evaluate(RunAfters.java:31)
	at org.junit.runners.ParentRunner.run(ParentRunner.java:236)
	at org.apache.maven.surefire.junit4.JUnit4Provider.execute(JUnit4Provider.java:252)
	at org.apache.maven.surefire.junit4.JUnit4Provider.executeTestSet(JUnit4Provider.java:141)
	at org.apache.maven.surefire.junit4.JUnit4Provider.invoke(JUnit4Provider.java:112)
	at sun.reflect.NativeMethodAccessorImpl.invoke0(Native Method)
	at sun.reflect.NativeMethodAccessorImpl.invoke(NativeMethodAccessorImpl.java:62)
	at sun.reflect.DelegatingMethodAccessorImpl.invoke(DelegatingMethodAccessorImpl.java:43)
	at java.lang.reflect.Method.invoke(Method.java:498)
	at org.apache.maven.surefire.util.ReflectionUtils.invokeMethodWithArray(ReflectionUtils.java:189)
	at org.apache.maven.surefire.booter.ProviderFactory$ProviderProxy.invoke(ProviderFactory.java:165)
	at org.apache.maven.surefire.booter.ProviderFactory.invokeProvider(ProviderFactory.java:85)
	at org.apache.maven.surefire.booter.ForkedBooter.runSuitesInProcess(ForkedBooter.java:115)
	at org.apache.maven.surefire.booter.ForkedBooter.main(ForkedBooter.java:75)

catching(org.apache.logging.log4j.core.LoggerTest)  Time elapsed: 0.001 sec  <<< ERROR!
java.util.EmptyStackException
	at java.util.Stack.peek(Stack.java:102)
	at org.apache.logging.log4j.core.impl.ThrowableProxy.resolvePackageData(ThrowableProxy.java:352)
	at org.apache.logging.log4j.core.impl.ThrowableProxy.<init>(ThrowableProxy.java:70)
	at org.apache.logging.log4j.core.impl.Log4jLogEvent.<init>(Log4jLogEvent.java:105)
	at org.apache.logging.log4j.core.impl.Log4jLogEvent.<init>(Log4jLogEvent.java:77)
	at org.apache.logging.log4j.core.config.LoggerConfig.createEvent(LoggerConfig.java:351)
	at org.apache.logging.log4j.core.config.LoggerConfig.log(LoggerConfig.java:280)
	at org.apache.logging.log4j.core.Logger.log(Logger.java:106)
	at org.apache.logging.log4j.spi.AbstractLogger.catching(AbstractLogger.java:163)
	at org.apache.logging.log4j.core.LoggerTest.catching(LoggerTest.java:111)
	at sun.reflect.NativeMethodAccessorImpl.invoke0(Native Method)
	at sun.reflect.NativeMethodAccessorImpl.invoke(NativeMethodAccessorImpl.java:62)
	at sun.reflect.DelegatingMethodAccessorImpl.invoke(DelegatingMethodAccessorImpl.java:43)
	at java.lang.reflect.Method.invoke(Method.java:498)
	at org.junit.runners.model.FrameworkMethod$1.runReflectiveCall(FrameworkMethod.java:44)
	at org.junit.internal.runners.model.ReflectiveCallable.run(ReflectiveCallable.java:15)
	at org.junit.runners.model.FrameworkMethod.invokeExplosively(FrameworkMethod.java:41)
	at org.junit.internal.runners.statements.InvokeMethod.evaluate(InvokeMethod.java:20)
	at org.junit.internal.runners.statements.RunBefores.evaluate(RunBefores.java:28)
	at org.junit.runners.BlockJUnit4ClassRunner.runChild(BlockJUnit4ClassRunner.java:76)
	at org.junit.runners.BlockJUnit4ClassRunner.runChild(BlockJUnit4ClassRunner.java:50)
	at org.junit.runners.ParentRunner$3.run(ParentRunner.java:193)
	at org.junit.runners.ParentRunner$1.schedule(ParentRunner.java:52)
	at org.junit.runners.ParentRunner.runChildren(ParentRunner.java:191)
	at org.junit.runners.ParentRunner.access$000(ParentRunner.java:42)
	at org.junit.runners.ParentRunner$2.evaluate(ParentRunner.java:184)
	at org.junit.internal.runners.statements.RunBefores.evaluate(RunBefores.java:28)
	at org.junit.internal.runners.statements.RunAfters.evaluate(RunAfters.java:31)
	at org.junit.runners.ParentRunner.run(ParentRunner.java:236)
	at org.apache.maven.surefire.junit4.JUnit4Provider.execute(JUnit4Provider.java:252)
	at org.apache.maven.surefire.junit4.JUnit4Provider.executeTestSet(JUnit4Provider.java:141)
	at org.apache.maven.surefire.junit4.JUnit4Provider.invoke(JUnit4Provider.java:112)
	at sun.reflect.NativeMethodAccessorImpl.invoke0(Native Method)
	at sun.reflect.NativeMethodAccessorImpl.invoke(NativeMethodAccessorImpl.java:62)
	at sun.reflect.DelegatingMethodAccessorImpl.invoke(DelegatingMethodAccessorImpl.java:43)
	at java.lang.reflect.Method.invoke(Method.java:498)
	at org.apache.maven.surefire.util.ReflectionUtils.invokeMethodWithArray(ReflectionUtils.java:189)
	at org.apache.maven.surefire.booter.ProviderFactory$ProviderProxy.invoke(ProviderFactory.java:165)
	at org.apache.maven.surefire.booter.ProviderFactory.invokeProvider(ProviderFactory.java:85)
	at org.apache.maven.surefire.booter.ForkedBooter.runSuitesInProcess(ForkedBooter.java:115)
	at org.apache.maven.surefire.booter.ForkedBooter.main(ForkedBooter.java:75)


Results :

Tests in error: 
  testFull(org.apache.logging.log4j.core.pattern.RootThrowablePatternConverterTest)
  testException(org.apache.logging.log4j.core.pattern.RootThrowableTest)
  testFull(org.apache.logging.log4j.core.pattern.ExtendedThrowablePatternConverterTest)
  testFiltering(org.apache.logging.log4j.core.pattern.ExtendedThrowablePatternConverterTest)
  testException(org.apache.logging.log4j.core.pattern.ExtendedThrowableTest)
  throwing(org.apache.logging.log4j.core.StrictXMLConfigTest)
  catching(org.apache.logging.log4j.core.StrictXMLConfigTest)
  testLayout(org.apache.logging.log4j.core.layout.SerializedLayoutTest)
  testLayout(org.apache.logging.log4j.core.layout.HTMLLayoutTest)
  testLayout(org.apache.logging.log4j.core.layout.XMLLayoutTest)
  org.apache.logging.log4j.core.appender.rewrite.MapRewritePolicyTest
  throwing(org.apache.logging.log4j.core.LoggerTest)
  catching(org.apache.logging.log4j.core.LoggerTest)

Tests run: 132, Failures: 0, Errors: 13, Skipped: 0

[INFO] ------------------------------------------------------------------------
[INFO] BUILD FAILURE
[INFO] ------------------------------------------------------------------------
[INFO] Total time: 01:12 min
[INFO] Finished at: 2022-07-16T10:57:44-07:00
[INFO] ------------------------------------------------------------------------
[ERROR] Failed to execute goal org.apache.maven.plugins:maven-surefire-plugin:2.12.4:test (default-test) on project log4j-core: There are test failures.
[ERROR] 
[ERROR] Please refer to /data-depot/user/Workspace/Reproducibility/Reproducibility-Scanner/benchmarks/bugs-dot-jar/logging-log4j2/core/target/surefire-reports for the individual test results.
[ERROR] -> [Help 1]
[ERROR] 
[ERROR] To see the full stack trace of the errors, re-run Maven with the -e switch.
[ERROR] Re-run Maven using the -X switch to enable full debug logging.
[ERROR] 
[ERROR] For more information about the errors and possible solutions, please read the following articles:
[ERROR] [Help 1] http://cwiki.apache.org/confluence/display/MAVEN/MojoFailureExceptionlog4j:WARN No appenders could be found for logger (org.mockejb.jndi.MockContext).
log4j:WARN Please initialize the log4j system properly.
log4j:WARN See http://logging.apache.org/log4j/1.2/faq.html#noconfig for more info.
log4j:WARN No appenders could be found for logger (org.mockejb.jndi.MockContext).
log4j:WARN Please initialize the log4j system properly.
log4j:WARN See http://logging.apache.org/log4j/1.2/faq.html#noconfig for more info.