travis_fold:start:worker_info
[0K[33;1mWorker information[0m
hostname: d138559a-9341-4cee-b62a-b3efd9724514@1.worker-org-854d76759-wngbz.gce-production-3
version: v6.2.5 https://github.com/travis-ci/worker/tree/0bd72df572e7d08bf9338416c9db10866fed0617
instance: travis-job-8060c202-bba2-4c2d-8cb8-02c6655b66d2 travis-ci-sardonyx-xenial-1565528588-0c06deb6 (via amqp)
startup: 6.395002057s
travis_fold:end:worker_info
[0Ktravis_time:start:34803378
[0Ktravis_time:end:34803378:start=1573666220737858939,finish=1573666220948389811,duration=210530872,event=no_world_writable_dirs
[0Ktravis_time:start:0ffffcf0
[0Ktravis_time:end:0ffffcf0:start=1573666220952901795,finish=1573666220964020931,duration=11119136,event=agent
[0Ktravis_time:start:0fba6120
[0Ktravis_time:end:0fba6120:start=1573666220968069259,finish=1573666220971048511,duration=2979252,event=check_unsupported
[0Ktravis_time:start:13bef4f2
[0Ktravis_fold:start:system_info
[0K[33;1mBuild system information[0m
Build language: java
Build group: stable
Build dist: xenial
Build id: 611479501
Job id: 611479502
Runtime kernel version: 4.15.0-1037-gcp
travis-build version: b73877fd7
[34m[1mBuild image provisioning date and time[0m
Sun Aug 11 13:28:49 UTC 2019
[34m[1mOperating System Details[0m
Distributor ID:	Ubuntu
Description:	Ubuntu 16.04.6 LTS
Release:	16.04
Codename:	xenial
[34m[1mSystemd Version[0m
systemd 229
[34m[1mCookbooks Version[0m
790f512 https://github.com/travis-ci/travis-cookbooks/tree/790f512
[34m[1mgit version[0m
git version 2.22.0
[34m[1mbash version[0m
GNU bash, version 4.3.48(1)-release (x86_64-pc-linux-gnu)
[34m[1mgcc version[0m
gcc (Ubuntu 5.4.0-6ubuntu1~16.04.11) 5.4.0 20160609
[34m[1mdocker version[0m
Client:
 Version:           18.06.0-ce
 API version:       1.38
 Go version:        go1.10.3
 Git commit:        0ffa825
 Built:             Wed Jul 18 19:11:02 2018
 OS/Arch:           linux/amd64
 Experimental:      false

Server:
 Engine:
  Version:          18.06.0-ce
  API version:      1.38 (minimum version 1.12)
  Go version:       go1.10.3
  Git commit:       0ffa825
  Built:            Wed Jul 18 19:09:05 2018
  OS/Arch:          linux/amd64
  Experimental:     false
[34m[1mclang version[0m
clang version 7.0.0 (tags/RELEASE_700/final)
[34m[1mjq version[0m
jq-1.5
[34m[1mbats version[0m
Bats 0.4.0
[34m[1mshellcheck version[0m
0.6.0
[34m[1mshfmt version[0m
v2.6.3
[34m[1mccache version[0m
3.2.4
[34m[1mcmake version[0m
cmake version 3.12.4
[34m[1mheroku version[0m
heroku/7.27.1 linux-x64 node-v11.14.0
[34m[1mimagemagick version[0m
Version: ImageMagick 6.8.9-9 Q16 x86_64 2019-06-15 http://www.imagemagick.org
[34m[1mmd5deep version[0m
4.4
[34m[1mmercurial version[0m
version 4.8
[34m[1mmysql version[0m
mysql  Ver 14.14 Distrib 5.7.27, for Linux (x86_64) using  EditLine wrapper
[34m[1mopenssl version[0m
OpenSSL 1.0.2g  1 Mar 2016
[34m[1mpacker version[0m
1.3.3
[34m[1mpostgresql client version[0m
psql (PostgreSQL) 10.10 (Ubuntu 10.10-1.pgdg16.04+1)
[34m[1mragel version[0m
Ragel State Machine Compiler version 6.8 Feb 2013
[34m[1msudo version[0m
1.8.16
[34m[1mgzip version[0m
gzip 1.6
[34m[1mzip version[0m
Zip 3.0
[34m[1mvim version[0m
VIM - Vi IMproved 7.4 (2013 Aug 10, compiled Jun 07 2019 15:35:43)
[34m[1miptables version[0m
iptables v1.6.0
[34m[1mcurl version[0m
curl 7.47.0 (x86_64-pc-linux-gnu) libcurl/7.47.0 GnuTLS/3.4.10 zlib/1.2.8 libidn/1.32 librtmp/2.3
[34m[1mwget version[0m
GNU Wget 1.17.1 built on linux-gnu.
[34m[1mrsync version[0m
rsync  version 3.1.1  protocol version 31
[34m[1mgimme version[0m
v1.5.3
[34m[1mnvm version[0m
0.34.0
[34m[1mperlbrew version[0m
/home/travis/perl5/perlbrew/bin/perlbrew  - App::perlbrew/0.86
[34m[1mphpenv version[0m
rbenv 1.1.2-2-g4e92322
[34m[1mrvm version[0m
rvm 1.29.9 (latest) by Michal Papis, Piotr Kuczynski, Wayne E. Seguin [https://rvm.io]
[34m[1mdefault ruby version[0m
ruby 2.5.3p105 (2018-10-18 revision 65156) [x86_64-linux]
[34m[1mCouchDB version[0m
couchdb 1.6.1
[34m[1mElasticSearch version[0m
5.5.0
[34m[1mInstalled Firefox version[0m
firefox 63.0.1
[34m[1mMongoDB version[0m
MongoDB 4.0.12
[34m[1mPhantomJS version[0m
2.1.1
[34m[1mPre-installed PostgreSQL versions[0m
9.4.24
9.5.19
9.6.15
[34m[1mRedis version[0m
redis-server 5.0.5
[34m[1mPre-installed Go versions[0m
1.11.1
[34m[1mant version[0m
Apache Ant(TM) version 1.9.6 compiled on July 20 2018
[34m[1mmvn version[0m
Apache Maven 3.6.0 (97c98ec64a1fdfee7767ce5ffb20918da4f719f3; 2018-10-24T18:41:47Z)
[34m[1mgradle version[0m
Gradle 5.1.1!
[34m[1mlein version[0m
Leiningen 2.9.1 on Java 11.0.2 OpenJDK 64-Bit Server VM
[34m[1mPre-installed Node.js versions[0m
v10.16.2
v11.0.0
v4.9.1
v6.17.1
v8.12.0
v8.16.0
v8.9
[34m[1mphpenv versions[0m
  system
  5.6
  5.6.40
  7.1
  7.1.27
  7.2
* 7.2.15 (set by /home/travis/.phpenv/version)
  hhvm
  hhvm-stable
[34m[1mcomposer --version[0m
Composer version 1.8.4 2019-02-11 10:52:10
[34m[1mPre-installed Ruby versions[0m
ruby-2.3.8
ruby-2.4.5
ruby-2.5.3
travis_fold:end:system_info
[0K
travis_time:end:13bef4f2:start=1573666220975155775,finish=1573666220984000246,duration=8844471,event=show_system_info
[0Ktravis_time:start:1855b0f4
[0Ktravis_time:end:1855b0f4:start=1573666220988703363,finish=1573666221005369474,duration=16666111,event=rm_riak_source
[0Ktravis_time:start:095ad912
[0Ktravis_time:end:095ad912:start=1573666221010300189,finish=1573666221018269014,duration=7968825,event=fix_rwky_redis
[0Ktravis_time:start:005399ac
[0Ktravis_time:end:005399ac:start=1573666221022372617,finish=1573666221404379021,duration=382006404,event=wait_for_network
[0Ktravis_time:start:006ea16a
[0Ktravis_time:end:006ea16a:start=1573666221408583339,finish=1573666221693756377,duration=285173038,event=update_apt_keys
[0Ktravis_time:start:13a419ea
[0Ktravis_time:end:13a419ea:start=1573666221698014000,finish=1573666221766193112,duration=68179112,event=fix_hhvm_source
[0Ktravis_time:start:01cecd5e
[0Ktravis_time:end:01cecd5e:start=1573666221770399998,finish=1573666221773877520,duration=3477522,event=update_mongo_arch
[0Ktravis_time:start:1f0fb16b
[0Ktravis_time:end:1f0fb16b:start=1573666221777752844,finish=1573666221832860943,duration=55108099,event=fix_sudo_enabled_trusty
[0Ktravis_time:start:0f31dd04
[0Ktravis_time:end:0f31dd04:start=1573666221837568817,finish=1573666221840878960,duration=3310143,event=update_glibc
[0Ktravis_time:start:0d371f73
[0Ktravis_time:end:0d371f73:start=1573666221845037012,finish=1573666221856923118,duration=11886106,event=clean_up_path
[0Ktravis_time:start:14a215bd
[0Ktravis_time:end:14a215bd:start=1573666221861393495,finish=1573666221872981087,duration=11587592,event=fix_resolv_conf
[0Ktravis_time:start:011ef7fd
[0Ktravis_time:end:011ef7fd:start=1573666221877525991,finish=1573666221890204846,duration=12678855,event=fix_etc_hosts
[0Ktravis_time:start:088d40b6
[0Ktravis_time:end:088d40b6:start=1573666221894809333,finish=1573666221907425393,duration=12616060,event=fix_mvn_settings_xml
[0Ktravis_time:start:193da324
[0Ktravis_time:end:193da324:start=1573666221911661710,finish=1573666221924591732,duration=12930022,event=no_ipv6_localhost
[0Ktravis_time:start:0a36db35
[0Ktravis_time:end:0a36db35:start=1573666221929031749,finish=1573666221932137676,duration=3105927,event=fix_etc_mavenrc
[0Ktravis_time:start:0ad3b150
[0Ktravis_time:end:0ad3b150:start=1573666221936286916,finish=1573666221940449095,duration=4162179,event=fix_wwdr_certificate
[0Ktravis_time:start:1280b8ef
[0Ktravis_time:end:1280b8ef:start=1573666221944924081,finish=1573666221977141659,duration=32217578,event=put_localhost_first
[0Ktravis_time:start:09b2d460
[0Ktravis_time:end:09b2d460:start=1573666221981529214,finish=1573666221986282631,duration=4753417,event=home_paths
[0Ktravis_time:start:0340a058
[0Ktravis_time:end:0340a058:start=1573666221990685498,finish=1573666222008244743,duration=17559245,event=disable_initramfs
[0Ktravis_time:start:236fc38b
[0Ktravis_time:end:236fc38b:start=1573666222012787873,finish=1573666222516370511,duration=503582638,event=disable_ssh_roaming
[0Ktravis_time:start:011e636e
[0Ktravis_time:end:011e636e:start=1573666222520612097,finish=1573666222523768595,duration=3156498,event=debug_tools
[0Ktravis_time:start:09cf72c7
[0Ktravis_time:end:09cf72c7:start=1573666222527850778,finish=1573666222532294386,duration=4443608,event=uninstall_oclint
[0Ktravis_time:start:18a07976
[0Ktravis_time:end:18a07976:start=1573666222536498344,finish=1573666222540819485,duration=4321141,event=rvm_use
[0Ktravis_time:start:11391120
[0Ktravis_time:end:11391120:start=1573666222545001505,finish=1573666222556779563,duration=11778058,event=rm_etc_boto_cfg
[0Ktravis_time:start:1d534e35
[0Ktravis_time:end:1d534e35:start=1573666222561078711,finish=1573666222566686086,duration=5607375,event=rm_oraclejdk8_symlink
[0Ktravis_time:start:00061e6c
[0Ktravis_time:end:00061e6c:start=1573666222570991515,finish=1573666222703079744,duration=132088229,event=enable_i386
[0Ktravis_time:start:0f7336e3
[0Ktravis_time:end:0f7336e3:start=1573666222707492598,finish=1573666222713004792,duration=5512194,event=update_rubygems
[0Ktravis_time:start:2cee1453
[0Ktravis_time:end:2cee1453:start=1573666222717185070,finish=1573666223739801926,duration=1022616856,event=ensure_path_components
[0Ktravis_time:start:24371efc
[0Ktravis_time:end:24371efc:start=1573666223744703055,finish=1573666223748000433,duration=3297378,event=redefine_curl
[0Ktravis_time:start:0a2f260a
[0Ktravis_time:end:0a2f260a:start=1573666223752430784,finish=1573666223755534333,duration=3103549,event=nonblock_pipe
[0Ktravis_time:start:0261f1f0
[0Ktravis_time:end:0261f1f0:start=1573666223759641530,finish=1573666226845030155,duration=3085388625,event=apt_get_update
[0Ktravis_time:start:23b81061
[0Ktravis_time:end:23b81061:start=1573666226849250589,finish=1573666226852227749,duration=2977160,event=deprecate_xcode_64
[0Ktravis_time:start:05e0e5b8
[0Ktravis_time:end:05e0e5b8:start=1573666226856182307,finish=1573666229776984434,duration=2920802127,event=update_heroku
[0Ktravis_time:start:0105de60
[0Ktravis_time:end:0105de60:start=1573666229781145492,finish=1573666229784112095,duration=2966603,event=shell_session_update
[0Ktravis_time:start:0377f2b0
[0Ktravis_fold:start:docker_mtu
[0Ktravis_fold:end:docker_mtu
[0Ktravis_time:end:0377f2b0:start=1573666229788249317,finish=1573666232055646634,duration=2267397317,event=set_docker_mtu
[0Ktravis_time:start:29a91554
[0Ktravis_fold:start:resolvconf
[0Ktravis_fold:end:resolvconf
[0Ktravis_time:end:29a91554:start=1573666232060488016,finish=1573666232151142183,duration=90654167,event=resolvconf
[0Ktravis_time:start:01e38c44
[0Ktravis_time:end:01e38c44:start=1573666232162181893,finish=1573666232351593942,duration=189412049,event=maven_central_mirror
[0K
travis_fold:start:install_jdk
[0K[33;1mInstalling openjdk8[0m
travis_fold:end:install_jdk
[0Ktravis_time:start:3a6f7a86
[0Ktravis_time:end:3a6f7a86:start=1573666232364464360,finish=1573666232367811683,duration=3347323,event=fix_ps4
[0Ktravis_time:start:093d3494
[0K
travis_fold:start:git.checkout
[0Ktravis_time:start:2a2412e4
[0K$ git clone --depth=50 --branch=issue-460-npe-when-no-network https://github.com/Wikidata/Wikidata-Toolkit.git Wikidata/Wikidata-Toolkit
Cloning into 'Wikidata/Wikidata-Toolkit'...
remote: Enumerating objects: 5724, done.[K
remote: Counting objects:   0% (1/5724)[K
remote: Counting objects:   1% (58/5724)[K
remote: Counting objects:   2% (115/5724)[K
remote: Counting objects:   3% (172/5724)[K
remote: Counting objects:   4% (229/5724)[K
remote: Counting objects:   5% (287/5724)[K
remote: Counting objects:   6% (344/5724)[K
remote: Counting objects:   7% (401/5724)[K
remote: Counting objects:   8% (458/5724)[K
remote: Counting objects:   9% (516/5724)[K
remote: Counting objects:  10% (573/5724)[K
remote: Counting objects:  11% (630/5724)[K
remote: Counting objects:  12% (687/5724)[K
remote: Counting objects:  13% (745/5724)[K
remote: Counting objects:  14% (802/5724)[K
remote: Counting objects:  15% (859/5724)[K
remote: Counting objects:  16% (916/5724)[K
remote: Counting objects:  17% (974/5724)[K
remote: Counting objects:  18% (1031/5724)[K
remote: Counting objects:  19% (1088/5724)[K
remote: Counting objects:  20% (1145/5724)[K
remote: Counting objects:  21% (1203/5724)[K
remote: Counting objects:  22% (1260/5724)[K
remote: Counting objects:  23% (1317/5724)[K
remote: Counting objects:  24% (1374/5724)[K
remote: Counting objects:  25% (1431/5724)[K
remote: Counting objects:  26% (1489/5724)[K
remote: Counting objects:  27% (1546/5724)[K
remote: Counting objects:  28% (1603/5724)[K
remote: Counting objects:  29% (1660/5724)[K
remote: Counting objects:  30% (1718/5724)[K
remote: Counting objects:  31% (1775/5724)[K
remote: Counting objects:  32% (1832/5724)[K
remote: Counting objects:  33% (1889/5724)[K
remote: Counting objects:  34% (1947/5724)[K
remote: Counting objects:  35% (2004/5724)[K
remote: Counting objects:  36% (2061/5724)[K
remote: Counting objects:  37% (2118/5724)[K
remote: Counting objects:  38% (2176/5724)[K
remote: Counting objects:  39% (2233/5724)[K
remote: Counting objects:  40% (2290/5724)[K
remote: Counting objects:  41% (2347/5724)[K
remote: Counting objects:  42% (2405/5724)[K
remote: Counting objects:  43% (2462/5724)[K
remote: Counting objects:  44% (2519/5724)[K
remote: Counting objects:  45% (2576/5724)[K
remote: Counting objects:  46% (2634/5724)[K
remote: Counting objects:  47% (2691/5724)[K
remote: Counting objects:  48% (2748/5724)[K
remote: Counting objects:  49% (2805/5724)[K
remote: Counting objects:  50% (2862/5724)[K
remote: Counting objects:  51% (2920/5724)[K
remote: Counting objects:  52% (2977/5724)[K
remote: Counting objects:  53% (3034/5724)[K
remote: Counting objects:  54% (3091/5724)[K
remote: Counting objects:  55% (3149/5724)[K
remote: Counting objects:  56% (3206/5724)[K
remote: Counting objects:  57% (3263/5724)[K
remote: Counting objects:  58% (3320/5724)[K
remote: Counting objects:  59% (3378/5724)[K
remote: Counting objects:  60% (3435/5724)[K
remote: Counting objects:  61% (3492/5724)[K
remote: Counting objects:  62% (3549/5724)[K
remote: Counting objects:  63% (3607/5724)[K
remote: Counting objects:  64% (3664/5724)[K
remote: Counting objects:  65% (3721/5724)[K
remote: Counting objects:  66% (3778/5724)[K
remote: Counting objects:  67% (3836/5724)[K
remote: Counting objects:  68% (3893/5724)[K
remote: Counting objects:  69% (3950/5724)[K
remote: Counting objects:  70% (4007/5724)[K
remote: Counting objects:  71% (4065/5724)[K
remote: Counting objects:  72% (4122/5724)[K
remote: Counting objects:  73% (4179/5724)[K
remote: Counting objects:  74% (4236/5724)[K
remote: Counting objects:  75% (4293/5724)[K
remote: Counting objects:  76% (4351/5724)[K
remote: Counting objects:  77% (4408/5724)[K
remote: Counting objects:  78% (4465/5724)[K
remote: Counting objects:  79% (4522/5724)[K
remote: Counting objects:  80% (4580/5724)[K
remote: Counting objects:  81% (4637/5724)[K
remote: Counting objects:  82% (4694/5724)[K
remote: Counting objects:  83% (4751/5724)[K
remote: Counting objects:  84% (4809/5724)[K
remote: Counting objects:  85% (4866/5724)[K
remote: Counting objects:  86% (4923/5724)[K
remote: Counting objects:  87% (4980/5724)[K
remote: Counting objects:  88% (5038/5724)[K
remote: Counting objects:  89% (5095/5724)[K
remote: Counting objects:  90% (5152/5724)[K
remote: Counting objects:  91% (5209/5724)[K
remote: Counting objects:  92% (5267/5724)[K
remote: Counting objects:  93% (5324/5724)[K
remote: Counting objects:  94% (5381/5724)[K
remote: Counting objects:  95% (5438/5724)[K
remote: Counting objects:  96% (5496/5724)[K
remote: Counting objects:  97% (5553/5724)[K
remote: Counting objects:  98% (5610/5724)[K
remote: Counting objects:  99% (5667/5724)[K
remote: Counting objects: 100% (5724/5724)[K
remote: Counting objects: 100% (5724/5724), done.[K
remote: Compressing objects:   0% (1/1656)[K
remote: Compressing objects:   1% (17/1656)[K
remote: Compressing objects:   2% (34/1656)[K
remote: Compressing objects:   3% (50/1656)[K
remote: Compressing objects:   4% (67/1656)[K
remote: Compressing objects:   5% (83/1656)[K
remote: Compressing objects:   6% (100/1656)[K
remote: Compressing objects:   7% (116/1656)[K
remote: Compressing objects:   8% (133/1656)[K
remote: Compressing objects:   9% (150/1656)[K
remote: Compressing objects:  10% (166/1656)[K
remote: Compressing objects:  11% (183/1656)[K
remote: Compressing objects:  12% (199/1656)[K
remote: Compressing objects:  13% (216/1656)[K
remote: Compressing objects:  14% (232/1656)[K
remote: Compressing objects:  15% (249/1656)[K
remote: Compressing objects:  16% (265/1656)[K
remote: Compressing objects:  17% (282/1656)[K
remote: Compressing objects:  18% (299/1656)[K
remote: Compressing objects:  19% (315/1656)[K
remote: Compressing objects:  20% (332/1656)[K
remote: Compressing objects:  21% (348/1656)[K
remote: Compressing objects:  22% (365/1656)[K
remote: Compressing objects:  23% (381/1656)[K
remote: Compressing objects:  24% (398/1656)[K
remote: Compressing objects:  25% (414/1656)[K
remote: Compressing objects:  26% (431/1656)[K
remote: Compressing objects:  27% (448/1656)[K
remote: Compressing objects:  28% (464/1656)[K
remote: Compressing objects:  29% (481/1656)[K
remote: Compressing objects:  30% (497/1656)[K
remote: Compressing objects:  31% (514/1656)[K
remote: Compressing objects:  32% (530/1656)[K
remote: Compressing objects:  33% (547/1656)[K
remote: Compressing objects:  34% (564/1656)[K
remote: Compressing objects:  35% (580/1656)[K
remote: Compressing objects:  36% (597/1656)[K
remote: Compressing objects:  37% (613/1656)[K
remote: Compressing objects:  38% (630/1656)[K
remote: Compressing objects:  39% (646/1656)[K
remote: Compressing objects:  40% (663/1656)[K
remote: Compressing objects:  41% (679/1656)[K
remote: Compressing objects:  42% (696/1656)[K
remote: Compressing objects:  43% (713/1656)[K
remote: Compressing objects:  44% (729/1656)[K
remote: Compressing objects:  45% (746/1656)[K
remote: Compressing objects:  46% (762/1656)[K
remote: Compressing objects:  47% (779/1656)[K
remote: Compressing objects:  48% (795/1656)[K
remote: Compressing objects:  49% (812/1656)[K
remote: Compressing objects:  50% (828/1656)[K
remote: Compressing objects:  51% (845/1656)[K
remote: Compressing objects:  52% (862/1656)[K
remote: Compressing objects:  53% (878/1656)[K
remote: Compressing objects:  54% (895/1656)[K
remote: Compressing objects:  55% (911/1656)[K
remote: Compressing objects:  56% (928/1656)[K
remote: Compressing objects:  57% (944/1656)[K
remote: Compressing objects:  58% (961/1656)[K
remote: Compressing objects:  59% (978/1656)[K
remote: Compressing objects:  60% (994/1656)[K
remote: Compressing objects:  61% (1011/1656)[K
remote: Compressing objects:  62% (1027/1656)[K
remote: Compressing objects:  63% (1044/1656)[K
remote: Compressing objects:  64% (1060/1656)[K
remote: Compressing objects:  65% (1077/1656)[K
remote: Compressing objects:  66% (1093/1656)[K
remote: Compressing objects:  67% (1110/1656)[K
remote: Compressing objects:  68% (1127/1656)[K
remote: Compressing objects:  69% (1143/1656)[K
remote: Compressing objects:  70% (1160/1656)[K
remote: Compressing objects:  71% (1176/1656)[K
remote: Compressing objects:  72% (1193/1656)[K
remote: Compressing objects:  73% (1209/1656)[K
remote: Compressing objects:  74% (1226/1656)[K
remote: Compressing objects:  75% (1242/1656)[K
remote: Compressing objects:  76% (1259/1656)[K
remote: Compressing objects:  77% (1276/1656)[K
remote: Compressing objects:  78% (1292/1656)[K
remote: Compressing objects:  79% (1309/1656)[K
remote: Compressing objects:  80% (1325/1656)[K
remote: Compressing objects:  81% (1342/1656)[K
remote: Compressing objects:  82% (1358/1656)[K
remote: Compressing objects:  83% (1375/1656)[K
remote: Compressing objects:  84% (1392/1656)[K
remote: Compressing objects:  85% (1408/1656)[K
remote: Compressing objects:  86% (1425/1656)[K
remote: Compressing objects:  87% (1441/1656)[K
remote: Compressing objects:  88% (1458/1656)[K
remote: Compressing objects:  89% (1474/1656)[K
remote: Compressing objects:  90% (1491/1656)[K
remote: Compressing objects:  91% (1507/1656)[K
remote: Compressing objects:  92% (1524/1656)[K
remote: Compressing objects:  93% (1541/1656)[K
remote: Compressing objects:  94% (1557/1656)[K
remote: Compressing objects:  95% (1574/1656)[K
remote: Compressing objects:  96% (1590/1656)[K
remote: Compressing objects:  97% (1607/1656)[K
remote: Compressing objects:  98% (1623/1656)[K
remote: Compressing objects:  99% (1640/1656)[K
remote: Compressing objects: 100% (1656/1656)[K
remote: Compressing objects: 100% (1656/1656), done.[K
Receiving objects:   0% (1/5724)
Receiving objects:   1% (58/5724)
Receiving objects:   2% (115/5724)
Receiving objects:   3% (172/5724)
Receiving objects:   4% (229/5724)
Receiving objects:   5% (287/5724)
Receiving objects:   6% (344/5724)
Receiving objects:   7% (401/5724)
Receiving objects:   8% (458/5724)
Receiving objects:   9% (516/5724)
Receiving objects:  10% (573/5724)
Receiving objects:  11% (630/5724)
Receiving objects:  12% (687/5724)
Receiving objects:  13% (745/5724)
Receiving objects:  14% (802/5724)
Receiving objects:  15% (859/5724)
Receiving objects:  16% (916/5724)
Receiving objects:  17% (974/5724)
Receiving objects:  18% (1031/5724)
Receiving objects:  19% (1088/5724)
Receiving objects:  20% (1145/5724)
Receiving objects:  21% (1203/5724)
Receiving objects:  22% (1260/5724)
Receiving objects:  23% (1317/5724)
Receiving objects:  24% (1374/5724)
Receiving objects:  25% (1431/5724)
Receiving objects:  26% (1489/5724)
Receiving objects:  27% (1546/5724)
Receiving objects:  28% (1603/5724)
Receiving objects:  29% (1660/5724)
Receiving objects:  30% (1718/5724)
Receiving objects:  31% (1775/5724)
Receiving objects:  32% (1832/5724)
Receiving objects:  33% (1889/5724)
Receiving objects:  34% (1947/5724)
Receiving objects:  35% (2004/5724)
Receiving objects:  36% (2061/5724)
Receiving objects:  37% (2118/5724)
Receiving objects:  38% (2176/5724)
Receiving objects:  39% (2233/5724)
Receiving objects:  40% (2290/5724)
Receiving objects:  41% (2347/5724)
Receiving objects:  42% (2405/5724)
Receiving objects:  43% (2462/5724)
Receiving objects:  44% (2519/5724)
Receiving objects:  45% (2576/5724)
Receiving objects:  46% (2634/5724)
Receiving objects:  47% (2691/5724)
Receiving objects:  48% (2748/5724)
Receiving objects:  49% (2805/5724)
Receiving objects:  50% (2862/5724)
Receiving objects:  51% (2920/5724)
Receiving objects:  52% (2977/5724)
Receiving objects:  53% (3034/5724)
Receiving objects:  54% (3091/5724)
Receiving objects:  55% (3149/5724)
Receiving objects:  56% (3206/5724)
Receiving objects:  57% (3263/5724)
Receiving objects:  58% (3320/5724)
Receiving objects:  59% (3378/5724)
Receiving objects:  60% (3435/5724)
Receiving objects:  61% (3492/5724)
Receiving objects:  62% (3549/5724)
Receiving objects:  63% (3607/5724)
Receiving objects:  64% (3664/5724)
Receiving objects:  65% (3721/5724)
Receiving objects:  66% (3778/5724)
Receiving objects:  67% (3836/5724)
Receiving objects:  68% (3893/5724)
Receiving objects:  69% (3950/5724)
Receiving objects:  70% (4007/5724)
Receiving objects:  71% (4065/5724)
Receiving objects:  72% (4122/5724)
Receiving objects:  73% (4179/5724)
Receiving objects:  74% (4236/5724)
Receiving objects:  75% (4293/5724)
Receiving objects:  76% (4351/5724)
Receiving objects:  77% (4408/5724)
Receiving objects:  78% (4465/5724)
Receiving objects:  79% (4522/5724)
Receiving objects:  80% (4580/5724)
Receiving objects:  81% (4637/5724)
Receiving objects:  82% (4694/5724)
Receiving objects:  83% (4751/5724)
Receiving objects:  84% (4809/5724)
Receiving objects:  85% (4866/5724)
Receiving objects:  86% (4923/5724)
Receiving objects:  87% (4980/5724)
Receiving objects:  88% (5038/5724)
Receiving objects:  89% (5095/5724)
Receiving objects:  90% (5152/5724)
Receiving objects:  91% (5209/5724)
Receiving objects:  92% (5267/5724)
Receiving objects:  93% (5324/5724)
Receiving objects:  94% (5381/5724)
Receiving objects:  95% (5438/5724)
Receiving objects:  96% (5496/5724)
remote: Total 5724 (delta 2311), reused 5130 (delta 1934), pack-reused 0[K
Receiving objects:  97% (5553/5724)
Receiving objects:  98% (5610/5724)
Receiving objects:  99% (5667/5724)
Receiving objects: 100% (5724/5724)
Receiving objects: 100% (5724/5724), 1.20 MiB | 9.74 MiB/s, done.
Resolving deltas:   0% (0/2311)
Resolving deltas:   1% (26/2311)
Resolving deltas:   3% (80/2311)
Resolving deltas:   6% (159/2311)
Resolving deltas:   7% (162/2311)
Resolving deltas:   8% (198/2311)
Resolving deltas:   9% (208/2311)
Resolving deltas:  10% (234/2311)
Resolving deltas:  11% (258/2311)
Resolving deltas:  12% (287/2311)
Resolving deltas:  13% (321/2311)
Resolving deltas:  14% (331/2311)
Resolving deltas:  15% (353/2311)
Resolving deltas:  16% (375/2311)
Resolving deltas:  17% (397/2311)
Resolving deltas:  18% (418/2311)
Resolving deltas:  19% (450/2311)
Resolving deltas:  24% (562/2311)
Resolving deltas:  25% (586/2311)
Resolving deltas:  32% (762/2311)
Resolving deltas:  33% (764/2311)
Resolving deltas:  34% (792/2311)
Resolving deltas:  35% (814/2311)
Resolving deltas:  36% (832/2311)
Resolving deltas:  39% (904/2311)
Resolving deltas:  40% (933/2311)
Resolving deltas:  41% (952/2311)
Resolving deltas:  43% (1016/2311)
Resolving deltas:  45% (1046/2311)
Resolving deltas:  46% (1064/2311)
Resolving deltas:  48% (1122/2311)
Resolving deltas:  49% (1139/2311)
Resolving deltas:  50% (1159/2311)
Resolving deltas:  51% (1194/2311)
Resolving deltas:  52% (1208/2311)
Resolving deltas:  53% (1226/2311)
Resolving deltas:  54% (1253/2311)
Resolving deltas:  55% (1273/2311)
Resolving deltas:  56% (1303/2311)
Resolving deltas:  57% (1333/2311)
Resolving deltas:  58% (1359/2311)
Resolving deltas:  61% (1419/2311)
Resolving deltas:  62% (1433/2311)
Resolving deltas:  63% (1475/2311)
Resolving deltas:  64% (1484/2311)
Resolving deltas:  65% (1525/2311)
Resolving deltas:  66% (1529/2311)
Resolving deltas:  67% (1558/2311)
Resolving deltas:  68% (1572/2311)
Resolving deltas:  69% (1595/2311)
Resolving deltas:  70% (1624/2311)
Resolving deltas:  71% (1645/2311)
Resolving deltas:  72% (1667/2311)
Resolving deltas:  73% (1695/2311)
Resolving deltas:  74% (1717/2311)
Resolving deltas:  75% (1741/2311)
Resolving deltas:  76% (1757/2311)
Resolving deltas:  77% (1786/2311)
Resolving deltas:  78% (1812/2311)
Resolving deltas:  79% (1829/2311)
Resolving deltas:  80% (1851/2311)
Resolving deltas:  81% (1872/2311)
Resolving deltas:  82% (1897/2311)
Resolving deltas:  83% (1929/2311)
Resolving deltas:  84% (1948/2311)
Resolving deltas:  85% (1977/2311)
Resolving deltas:  86% (1991/2311)
Resolving deltas:  88% (2034/2311)
Resolving deltas:  89% (2063/2311)
Resolving deltas:  91% (2104/2311)
Resolving deltas:  92% (2127/2311)
Resolving deltas:  93% (2151/2311)
Resolving deltas:  94% (2179/2311)
Resolving deltas:  95% (2196/2311)
Resolving deltas:  96% (2219/2311)
Resolving deltas:  97% (2243/2311)
Resolving deltas:  98% (2267/2311)
Resolving deltas:  99% (2289/2311)
Resolving deltas: 100% (2311/2311)
Resolving deltas: 100% (2311/2311), done.
travis_time:end:2a2412e4:start=1573666232376852034,finish=1573666233287098485,duration=910246451,event=checkout
[0K$ cd Wikidata/Wikidata-Toolkit
$ git checkout -qf cf899ae11206c246cceca374f55a289901ce2f1a
travis_fold:end:git.checkout
[0K
travis_time:end:2a2412e4:start=1573666232376852034,finish=1573666233328091989,duration=951239955,event=checkout
[0Ktravis_time:start:01221618
[0Ktravis_time:end:01221618:start=1573666233332402522,finish=1573666233340347917,duration=7945395,event=env
[0Ktravis_fold:start:cache.1
[0KSetting up build cache
$ export CASHER_DIR=${TRAVIS_HOME}/.casher
travis_time:start:0b6585f8
[0K$ Installing caching utilities
travis_time:end:0b6585f8:start=1573666234389689328,finish=1573666234674840115,duration=285150787,event=setup_casher
[0Ktravis_time:start:174c73ec
[0Ktravis_time:end:174c73ec:start=1573666234681184064,finish=1573666234685148739,duration=3964675,event=setup_casher
[0Ktravis_time:start:019d37c6
[0Kattempting to download cache archive[0m
[32;1mfetching issue-460-npe-when-no-network/cache--linux-xenial-e3b0c44298fc1c149afbf4c8996fb92427ae41e4649b934ca495991b7852b855--jdk-openjdk8.tgz[0m
[32;1mfetching issue-460-npe-when-no-network/cache-linux-xenial-e3b0c44298fc1c149afbf4c8996fb92427ae41e4649b934ca495991b7852b855--jdk-openjdk8.tgz[0m
[32;1mfetching issue-460-npe-when-no-network/cache--jdk-openjdk8.tgz[0m
[32;1mfetching master/cache--linux-xenial-e3b0c44298fc1c149afbf4c8996fb92427ae41e4649b934ca495991b7852b855--jdk-openjdk8.tgz[0m
[32;1mfound cache[0m
travis_time:end:019d37c6:start=1573666234690244735,finish=1573666237562853182,duration=2872608447,event=setup_casher
[0Ktravis_time:start:057824b6
[0Ktravis_time:end:057824b6:start=1573666237567915427,finish=1573666237571719237,duration=3803810,event=setup_casher
[0Ktravis_time:start:05660a04
[0Kadding /home/travis/.m2 to cache[0m
travis_time:end:05660a04:start=1573666237576581298,finish=1573666239397679849,duration=1821098551,event=setup_casher
[0Ktravis_fold:end:cache.1
[0K
$ java -Xmx32m -version
openjdk version "1.8.0_222"
OpenJDK Runtime Environment (build 1.8.0_222-8u222-b10-1ubuntu1~16.04.1-b10)
OpenJDK 64-Bit Server VM (build 25.222-b10, mixed mode)
$ javac -J-Xmx32m -version
javac 1.8.0_222
travis_fold:start:install
[0Ktravis_time:start:041a7f36
[0K$ mvn install -DskipTests=true -Dmaven.javadoc.skip=true -B -V
Apache Maven 3.6.0 (97c98ec64a1fdfee7767ce5ffb20918da4f719f3; 2018-10-24T18:41:47Z)
Maven home: /usr/local/maven-3.6.0
Java version: 1.8.0_222, vendor: Private Build, runtime: /usr/lib/jvm/java-8-openjdk-amd64/jre
Default locale: en_US, platform encoding: UTF-8
OS name: "linux", version: "4.15.0-1037-gcp", arch: "amd64", family: "unix"
[INFO] Scanning for projects...
[INFO] ------------------------------------------------------------------------
[INFO] Reactor Build Order:
[INFO] 
[INFO] Wikidata Toolkit                                                   [pom]
[INFO] Wikidata Toolkit Utilities                                         [jar]
[INFO] Wikidata Toolkit Testing Utilities                                 [jar]
[INFO] Wikidata Toolkit Data Model                                        [jar]
[INFO] Wikidata Toolkit Storage                                           [jar]
[INFO] Wikidata Toolkit Dump File Handling                                [jar]
[INFO] Wikidata Toolkit Wikibase API                                      [jar]
[INFO] Wikidata Toolkit RDF                                               [jar]
[INFO] Wikidata Toolkit Examples                                          [jar]
[INFO] Wikidata Toolkit Distribution                                      [jar]
[INFO] 
[INFO] -------------------< org.wikidata.wdtk:wdtk-parent >--------------------
[INFO] Building Wikidata Toolkit 0.11.0-SNAPSHOT                         [1/10]
[INFO] --------------------------------[ pom ]---------------------------------
[INFO] 
[INFO] --- jacoco-maven-plugin:0.8.4:prepare-agent (prepare-agent) @ wdtk-parent ---
[INFO] argLine set to -javaagent:/home/travis/.m2/repository/org/jacoco/org.jacoco.agent/0.8.4/org.jacoco.agent-0.8.4-runtime.jar=destfile=/home/travis/build/Wikidata/Wikidata-Toolkit/target/jacoco.exec
[INFO] 
[INFO] --- license-maven-plugin:1.20:update-file-header (first) @ wdtk-parent ---
[WARNING] No file to scan.
[INFO] 
[INFO] 
[INFO] --- license-maven-plugin:1.20:update-project-license (first) @ wdtk-parent ---
[INFO] Will create or update license file [apache_v2] to /home/travis/build/Wikidata/Wikidata-Toolkit/LICENSE.txt
[INFO] 
[INFO] --- maven-install-plugin:2.4:install (default-install) @ wdtk-parent ---
[INFO] Installing /home/travis/build/Wikidata/Wikidata-Toolkit/pom.xml to /home/travis/.m2/repository/org/wikidata/wdtk/wdtk-parent/0.11.0-SNAPSHOT/wdtk-parent-0.11.0-SNAPSHOT.pom
[INFO] 
[INFO] --------------------< org.wikidata.wdtk:wdtk-util >---------------------
[INFO] Building Wikidata Toolkit Utilities 0.11.0-SNAPSHOT               [2/10]
[INFO] --------------------------------[ jar ]---------------------------------
[INFO] 
[INFO] --- jacoco-maven-plugin:0.8.4:prepare-agent (prepare-agent) @ wdtk-util ---
[INFO] argLine set to -javaagent:/home/travis/.m2/repository/org/jacoco/org.jacoco.agent/0.8.4/org.jacoco.agent-0.8.4-runtime.jar=destfile=/home/travis/build/Wikidata/Wikidata-Toolkit/wdtk-util/target/jacoco.exec
[INFO] 
[INFO] --- license-maven-plugin:1.20:update-file-header (first) @ wdtk-util ---
[INFO] Will search files to update from root /home/travis/build/Wikidata/Wikidata-Toolkit/wdtk-util/src/main/java
[INFO] Will search files to update from root /home/travis/build/Wikidata/Wikidata-Toolkit/wdtk-util/src/test/java
[INFO] Scan 14 files header done in 67.215ms.
[INFO] All files are up-to-date.
[INFO] 
[INFO] --- license-maven-plugin:1.20:update-project-license (first) @ wdtk-util ---
[INFO] Will create or update license file [apache_v2] to /home/travis/build/Wikidata/Wikidata-Toolkit/wdtk-util/LICENSE.txt
[INFO] 
[INFO] --- maven-resources-plugin:2.6:resources (default-resources) @ wdtk-util ---
[INFO] Using 'UTF-8' encoding to copy filtered resources.
[INFO] skip non existing resourceDirectory /home/travis/build/Wikidata/Wikidata-Toolkit/wdtk-util/src/main/resources
[INFO] Copying 1 resource
[INFO] 
[INFO] --- maven-compiler-plugin:3.8.0:compile (default-compile) @ wdtk-util ---
[INFO] Changes detected - recompiling the module!
[INFO] Compiling 9 source files to /home/travis/build/Wikidata/Wikidata-Toolkit/wdtk-util/target/classes
[INFO] 
[INFO] --- maven-resources-plugin:2.6:testResources (default-testResources) @ wdtk-util ---
[INFO] Using 'UTF-8' encoding to copy filtered resources.
[INFO] skip non existing resourceDirectory /home/travis/build/Wikidata/Wikidata-Toolkit/wdtk-util/src/test/resources
[INFO] 
[INFO] --- maven-compiler-plugin:3.8.0:testCompile (default-testCompile) @ wdtk-util ---
[INFO] Changes detected - recompiling the module!
[INFO] Compiling 5 source files to /home/travis/build/Wikidata/Wikidata-Toolkit/wdtk-util/target/test-classes
[INFO] 
[INFO] --- maven-surefire-plugin:2.12.4:test (default-test) @ wdtk-util ---
[INFO] Tests are skipped.
[INFO] 
[INFO] --- maven-jar-plugin:2.4:jar (default-jar) @ wdtk-util ---
[INFO] Building jar: /home/travis/build/Wikidata/Wikidata-Toolkit/wdtk-util/target/wdtk-util-0.11.0-SNAPSHOT.jar
[INFO] 
[INFO] --- maven-install-plugin:2.4:install (default-install) @ wdtk-util ---
[INFO] Installing /home/travis/build/Wikidata/Wikidata-Toolkit/wdtk-util/target/wdtk-util-0.11.0-SNAPSHOT.jar to /home/travis/.m2/repository/org/wikidata/wdtk/wdtk-util/0.11.0-SNAPSHOT/wdtk-util-0.11.0-SNAPSHOT.jar
[INFO] Installing /home/travis/build/Wikidata/Wikidata-Toolkit/wdtk-util/pom.xml to /home/travis/.m2/repository/org/wikidata/wdtk/wdtk-util/0.11.0-SNAPSHOT/wdtk-util-0.11.0-SNAPSHOT.pom
[INFO] 
[INFO] -------------------< org.wikidata.wdtk:wdtk-testing >-------------------
[INFO] Building Wikidata Toolkit Testing Utilities 0.11.0-SNAPSHOT       [3/10]
[INFO] --------------------------------[ jar ]---------------------------------
[INFO] 
[INFO] --- jacoco-maven-plugin:0.8.4:prepare-agent (prepare-agent) @ wdtk-testing ---
[INFO] argLine set to -javaagent:/home/travis/.m2/repository/org/jacoco/org.jacoco.agent/0.8.4/org.jacoco.agent-0.8.4-runtime.jar=destfile=/home/travis/build/Wikidata/Wikidata-Toolkit/wdtk-testing/target/jacoco.exec
[INFO] 
[INFO] --- license-maven-plugin:1.20:update-file-header (first) @ wdtk-testing ---
[INFO] Will search files to update from root /home/travis/build/Wikidata/Wikidata-Toolkit/wdtk-testing/src/main/java
[INFO] Will search files to update from root /home/travis/build/Wikidata/Wikidata-Toolkit/wdtk-testing/src/test/java
[INFO] Scan 7 files header done in 50.644ms.
[INFO] All files are up-to-date.
[INFO] 
[INFO] --- license-maven-plugin:1.20:update-project-license (first) @ wdtk-testing ---
[INFO] Will create or update license file [apache_v2] to /home/travis/build/Wikidata/Wikidata-Toolkit/wdtk-testing/LICENSE.txt
[INFO] 
[INFO] --- maven-resources-plugin:2.6:resources (default-resources) @ wdtk-testing ---
[INFO] Using 'UTF-8' encoding to copy filtered resources.
[INFO] skip non existing resourceDirectory /home/travis/build/Wikidata/Wikidata-Toolkit/wdtk-testing/src/main/resources
[INFO] Copying 1 resource
[INFO] 
[INFO] --- maven-compiler-plugin:3.8.0:compile (default-compile) @ wdtk-testing ---
[INFO] Changes detected - recompiling the module!
[INFO] Compiling 5 source files to /home/travis/build/Wikidata/Wikidata-Toolkit/wdtk-testing/target/classes
[INFO] 
[INFO] --- maven-resources-plugin:2.6:testResources (default-testResources) @ wdtk-testing ---
[INFO] Using 'UTF-8' encoding to copy filtered resources.
[INFO] Copying 1 resource
[INFO] 
[INFO] --- maven-compiler-plugin:3.8.0:testCompile (default-testCompile) @ wdtk-testing ---
[INFO] Changes detected - recompiling the module!
[INFO] Compiling 2 source files to /home/travis/build/Wikidata/Wikidata-Toolkit/wdtk-testing/target/test-classes
[INFO] 
[INFO] --- maven-surefire-plugin:2.12.4:test (default-test) @ wdtk-testing ---
[INFO] Tests are skipped.
[INFO] 
[INFO] --- maven-jar-plugin:2.4:jar (default-jar) @ wdtk-testing ---
[INFO] Building jar: /home/travis/build/Wikidata/Wikidata-Toolkit/wdtk-testing/target/wdtk-testing-0.11.0-SNAPSHOT.jar
[INFO] 
[INFO] --- maven-install-plugin:2.4:install (default-install) @ wdtk-testing ---
[INFO] Installing /home/travis/build/Wikidata/Wikidata-Toolkit/wdtk-testing/target/wdtk-testing-0.11.0-SNAPSHOT.jar to /home/travis/.m2/repository/org/wikidata/wdtk/wdtk-testing/0.11.0-SNAPSHOT/wdtk-testing-0.11.0-SNAPSHOT.jar
[INFO] Installing /home/travis/build/Wikidata/Wikidata-Toolkit/wdtk-testing/pom.xml to /home/travis/.m2/repository/org/wikidata/wdtk/wdtk-testing/0.11.0-SNAPSHOT/wdtk-testing-0.11.0-SNAPSHOT.pom
[INFO] 
[INFO] ------------------< org.wikidata.wdtk:wdtk-datamodel >------------------
[INFO] Building Wikidata Toolkit Data Model 0.11.0-SNAPSHOT              [4/10]
[INFO] --------------------------------[ jar ]---------------------------------
[INFO] 
[INFO] --- jacoco-maven-plugin:0.8.4:prepare-agent (prepare-agent) @ wdtk-datamodel ---
[INFO] argLine set to -javaagent:/home/travis/.m2/repository/org/jacoco/org.jacoco.agent/0.8.4/org.jacoco.agent-0.8.4-runtime.jar=destfile=/home/travis/build/Wikidata/Wikidata-Toolkit/wdtk-datamodel/target/jacoco.exec
[INFO] 
[INFO] --- license-maven-plugin:1.20:update-file-header (first) @ wdtk-datamodel ---
[INFO] Will search files to update from root /home/travis/build/Wikidata/Wikidata-Toolkit/wdtk-datamodel/src/main/java
[INFO] Will search files to update from root /home/travis/build/Wikidata/Wikidata-Toolkit/wdtk-datamodel/src/test/java
[INFO] Scan 157 files header done in 351.563ms.
[INFO] All files are up-to-date.
[INFO] 
[INFO] --- license-maven-plugin:1.20:update-project-license (first) @ wdtk-datamodel ---
[INFO] Will create or update license file [apache_v2] to /home/travis/build/Wikidata/Wikidata-Toolkit/wdtk-datamodel/LICENSE.txt
[INFO] 
[INFO] --- maven-resources-plugin:2.6:resources (default-resources) @ wdtk-datamodel ---
[INFO] Using 'UTF-8' encoding to copy filtered resources.
[INFO] skip non existing resourceDirectory /home/travis/build/Wikidata/Wikidata-Toolkit/wdtk-datamodel/src/main/resources
[INFO] Copying 1 resource
[INFO] 
[INFO] --- maven-compiler-plugin:3.8.0:compile (default-compile) @ wdtk-datamodel ---
[INFO] Changes detected - recompiling the module!
[INFO] Compiling 109 source files to /home/travis/build/Wikidata/Wikidata-Toolkit/wdtk-datamodel/target/classes
[INFO] /home/travis/build/Wikidata/Wikidata-Toolkit/wdtk-datamodel/src/main/java/org/wikidata/wdtk/datamodel/interfaces/ValueSnak.java: Some input files use or override a deprecated API.
[INFO] /home/travis/build/Wikidata/Wikidata-Toolkit/wdtk-datamodel/src/main/java/org/wikidata/wdtk/datamodel/interfaces/ValueSnak.java: Recompile with -Xlint:deprecation for details.
[INFO] 
[INFO] --- maven-resources-plugin:2.6:testResources (default-testResources) @ wdtk-datamodel ---
[INFO] Using 'UTF-8' encoding to copy filtered resources.
[INFO] skip non existing resourceDirectory /home/travis/build/Wikidata/Wikidata-Toolkit/wdtk-datamodel/src/test/resources
[INFO] 
[INFO] --- maven-compiler-plugin:3.8.0:testCompile (default-testCompile) @ wdtk-datamodel ---
[INFO] Changes detected - recompiling the module!
[INFO] Compiling 48 source files to /home/travis/build/Wikidata/Wikidata-Toolkit/wdtk-datamodel/target/test-classes
[INFO] /home/travis/build/Wikidata/Wikidata-Toolkit/wdtk-datamodel/src/test/java/org/wikidata/wdtk/datamodel/helpers/JsonSerializerTest.java: Some input files use or override a deprecated API.
[INFO] /home/travis/build/Wikidata/Wikidata-Toolkit/wdtk-datamodel/src/test/java/org/wikidata/wdtk/datamodel/helpers/JsonSerializerTest.java: Recompile with -Xlint:deprecation for details.
[INFO] 
[INFO] --- maven-surefire-plugin:2.12.4:test (default-test) @ wdtk-datamodel ---
[INFO] Tests are skipped.
[INFO] 
[INFO] --- maven-jar-plugin:2.4:jar (default-jar) @ wdtk-datamodel ---
[INFO] Building jar: /home/travis/build/Wikidata/Wikidata-Toolkit/wdtk-datamodel/target/wdtk-datamodel-0.11.0-SNAPSHOT.jar
[INFO] 
[INFO] --- maven-install-plugin:2.4:install (default-install) @ wdtk-datamodel ---
[INFO] Installing /home/travis/build/Wikidata/Wikidata-Toolkit/wdtk-datamodel/target/wdtk-datamodel-0.11.0-SNAPSHOT.jar to /home/travis/.m2/repository/org/wikidata/wdtk/wdtk-datamodel/0.11.0-SNAPSHOT/wdtk-datamodel-0.11.0-SNAPSHOT.jar
[INFO] Installing /home/travis/build/Wikidata/Wikidata-Toolkit/wdtk-datamodel/pom.xml to /home/travis/.m2/repository/org/wikidata/wdtk/wdtk-datamodel/0.11.0-SNAPSHOT/wdtk-datamodel-0.11.0-SNAPSHOT.pom
[INFO] 
[INFO] -------------------< org.wikidata.wdtk:wdtk-storage >-------------------
[INFO] Building Wikidata Toolkit Storage 0.11.0-SNAPSHOT                 [5/10]
[INFO] --------------------------------[ jar ]---------------------------------
[INFO] 
[INFO] --- jacoco-maven-plugin:0.8.4:prepare-agent (prepare-agent) @ wdtk-storage ---
[INFO] argLine set to -javaagent:/home/travis/.m2/repository/org/jacoco/org.jacoco.agent/0.8.4/org.jacoco.agent-0.8.4-runtime.jar=destfile=/home/travis/build/Wikidata/Wikidata-Toolkit/wdtk-storage/target/jacoco.exec
[INFO] 
[INFO] --- license-maven-plugin:1.20:update-file-header (first) @ wdtk-storage ---
[INFO] Will search files to update from root /home/travis/build/Wikidata/Wikidata-Toolkit/wdtk-storage/src/main/java
[INFO] Will search files to update from root /home/travis/build/Wikidata/Wikidata-Toolkit/wdtk-storage/src/test/java
[INFO] Scan 12 files header done in 17.666ms.
[INFO] All files are up-to-date.
[INFO] 
[INFO] --- license-maven-plugin:1.20:update-project-license (first) @ wdtk-storage ---
[INFO] Will create or update license file [apache_v2] to /home/travis/build/Wikidata/Wikidata-Toolkit/wdtk-storage/LICENSE.txt
[INFO] 
[INFO] --- maven-resources-plugin:2.6:resources (default-resources) @ wdtk-storage ---
[INFO] Using 'UTF-8' encoding to copy filtered resources.
[INFO] skip non existing resourceDirectory /home/travis/build/Wikidata/Wikidata-Toolkit/wdtk-storage/src/main/resources
[INFO] Copying 1 resource
[INFO] 
[INFO] --- maven-compiler-plugin:3.8.0:compile (default-compile) @ wdtk-storage ---
[INFO] Changes detected - recompiling the module!
[INFO] Compiling 8 source files to /home/travis/build/Wikidata/Wikidata-Toolkit/wdtk-storage/target/classes
[INFO] 
[INFO] --- maven-resources-plugin:2.6:testResources (default-testResources) @ wdtk-storage ---
[INFO] Using 'UTF-8' encoding to copy filtered resources.
[INFO] skip non existing resourceDirectory /home/travis/build/Wikidata/Wikidata-Toolkit/wdtk-storage/src/test/resources
[INFO] 
[INFO] --- maven-compiler-plugin:3.8.0:testCompile (default-testCompile) @ wdtk-storage ---
[INFO] Changes detected - recompiling the module!
[INFO] Compiling 4 source files to /home/travis/build/Wikidata/Wikidata-Toolkit/wdtk-storage/target/test-classes
[INFO] 
[INFO] --- maven-surefire-plugin:2.12.4:test (default-test) @ wdtk-storage ---
[INFO] Tests are skipped.
[INFO] 
[INFO] --- maven-jar-plugin:2.4:jar (default-jar) @ wdtk-storage ---
[INFO] Building jar: /home/travis/build/Wikidata/Wikidata-Toolkit/wdtk-storage/target/wdtk-storage-0.11.0-SNAPSHOT.jar
[INFO] 
[INFO] --- maven-install-plugin:2.4:install (default-install) @ wdtk-storage ---
[INFO] Installing /home/travis/build/Wikidata/Wikidata-Toolkit/wdtk-storage/target/wdtk-storage-0.11.0-SNAPSHOT.jar to /home/travis/.m2/repository/org/wikidata/wdtk/wdtk-storage/0.11.0-SNAPSHOT/wdtk-storage-0.11.0-SNAPSHOT.jar
[INFO] Installing /home/travis/build/Wikidata/Wikidata-Toolkit/wdtk-storage/pom.xml to /home/travis/.m2/repository/org/wikidata/wdtk/wdtk-storage/0.11.0-SNAPSHOT/wdtk-storage-0.11.0-SNAPSHOT.pom
[INFO] 
[INFO] ------------------< org.wikidata.wdtk:wdtk-dumpfiles >------------------
[INFO] Building Wikidata Toolkit Dump File Handling 0.11.0-SNAPSHOT      [6/10]
[INFO] --------------------------------[ jar ]---------------------------------
[INFO] 
[INFO] --- jacoco-maven-plugin:0.8.4:prepare-agent (prepare-agent) @ wdtk-dumpfiles ---
[INFO] argLine set to -javaagent:/home/travis/.m2/repository/org/jacoco/org.jacoco.agent/0.8.4/org.jacoco.agent-0.8.4-runtime.jar=destfile=/home/travis/build/Wikidata/Wikidata-Toolkit/wdtk-dumpfiles/target/jacoco.exec
[INFO] 
[INFO] --- license-maven-plugin:1.20:update-file-header (first) @ wdtk-dumpfiles ---
[INFO] Will search files to update from root /home/travis/build/Wikidata/Wikidata-Toolkit/wdtk-dumpfiles/src/main/java
[INFO] Will search files to update from root /home/travis/build/Wikidata/Wikidata-Toolkit/wdtk-dumpfiles/src/test/java
[INFO] Scan 33 files header done in 60.679ms.
[INFO] All files are up-to-date.
[INFO] 
[INFO] --- license-maven-plugin:1.20:update-project-license (first) @ wdtk-dumpfiles ---
[INFO] Will create or update license file [apache_v2] to /home/travis/build/Wikidata/Wikidata-Toolkit/wdtk-dumpfiles/LICENSE.txt
[INFO] 
[INFO] --- maven-resources-plugin:2.6:resources (default-resources) @ wdtk-dumpfiles ---
[INFO] Using 'UTF-8' encoding to copy filtered resources.
[INFO] skip non existing resourceDirectory /home/travis/build/Wikidata/Wikidata-Toolkit/wdtk-dumpfiles/src/main/resources
[INFO] Copying 1 resource
[INFO] 
[INFO] --- maven-compiler-plugin:3.8.0:compile (default-compile) @ wdtk-dumpfiles ---
[INFO] Changes detected - recompiling the module!
[INFO] Compiling 24 source files to /home/travis/build/Wikidata/Wikidata-Toolkit/wdtk-dumpfiles/target/classes
[INFO] 
[INFO] --- maven-resources-plugin:2.6:testResources (default-testResources) @ wdtk-dumpfiles ---
[INFO] Using 'UTF-8' encoding to copy filtered resources.
[INFO] Copying 17 resources
[INFO] 
[INFO] --- maven-compiler-plugin:3.8.0:testCompile (default-testCompile) @ wdtk-dumpfiles ---
[INFO] Changes detected - recompiling the module!
[INFO] Compiling 9 source files to /home/travis/build/Wikidata/Wikidata-Toolkit/wdtk-dumpfiles/target/test-classes
[INFO] 
[INFO] --- maven-surefire-plugin:2.12.4:test (default-test) @ wdtk-dumpfiles ---
[INFO] Tests are skipped.
[INFO] 
[INFO] --- maven-jar-plugin:2.4:jar (default-jar) @ wdtk-dumpfiles ---
[INFO] Building jar: /home/travis/build/Wikidata/Wikidata-Toolkit/wdtk-dumpfiles/target/wdtk-dumpfiles-0.11.0-SNAPSHOT.jar
[INFO] 
[INFO] --- maven-install-plugin:2.4:install (default-install) @ wdtk-dumpfiles ---
[INFO] Installing /home/travis/build/Wikidata/Wikidata-Toolkit/wdtk-dumpfiles/target/wdtk-dumpfiles-0.11.0-SNAPSHOT.jar to /home/travis/.m2/repository/org/wikidata/wdtk/wdtk-dumpfiles/0.11.0-SNAPSHOT/wdtk-dumpfiles-0.11.0-SNAPSHOT.jar
[INFO] Installing /home/travis/build/Wikidata/Wikidata-Toolkit/wdtk-dumpfiles/pom.xml to /home/travis/.m2/repository/org/wikidata/wdtk/wdtk-dumpfiles/0.11.0-SNAPSHOT/wdtk-dumpfiles-0.11.0-SNAPSHOT.pom
[INFO] 
[INFO] -----------------< org.wikidata.wdtk:wdtk-wikibaseapi >-----------------
[INFO] Building Wikidata Toolkit Wikibase API 0.11.0-SNAPSHOT            [7/10]
[INFO] --------------------------------[ jar ]---------------------------------
[INFO] 
[INFO] --- jacoco-maven-plugin:0.8.4:prepare-agent (prepare-agent) @ wdtk-wikibaseapi ---
[INFO] argLine set to -javaagent:/home/travis/.m2/repository/org/jacoco/org.jacoco.agent/0.8.4/org.jacoco.agent-0.8.4-runtime.jar=destfile=/home/travis/build/Wikidata/Wikidata-Toolkit/wdtk-wikibaseapi/target/jacoco.exec
[INFO] 
[INFO] --- license-maven-plugin:1.20:update-file-header (first) @ wdtk-wikibaseapi ---
[INFO] Will search files to update from root /home/travis/build/Wikidata/Wikidata-Toolkit/wdtk-wikibaseapi/src/main/java
[INFO] Will search files to update from root /home/travis/build/Wikidata/Wikidata-Toolkit/wdtk-wikibaseapi/src/test/java
[INFO] Scan 37 files header done in 89.71ms.
[INFO] All files are up-to-date.
[INFO] 
[INFO] --- license-maven-plugin:1.20:update-project-license (first) @ wdtk-wikibaseapi ---
[INFO] Will create or update license file [apache_v2] to /home/travis/build/Wikidata/Wikidata-Toolkit/wdtk-wikibaseapi/LICENSE.txt
[INFO] 
[INFO] --- maven-resources-plugin:2.6:resources (default-resources) @ wdtk-wikibaseapi ---
[INFO] Using 'UTF-8' encoding to copy filtered resources.
[INFO] skip non existing resourceDirectory /home/travis/build/Wikidata/Wikidata-Toolkit/wdtk-wikibaseapi/src/main/resources
[INFO] Copying 1 resource
[INFO] 
[INFO] --- maven-compiler-plugin:3.8.0:compile (default-compile) @ wdtk-wikibaseapi ---
[INFO] Changes detected - recompiling the module!
[INFO] Compiling 26 source files to /home/travis/build/Wikidata/Wikidata-Toolkit/wdtk-wikibaseapi/target/classes
[INFO] /home/travis/build/Wikidata/Wikidata-Toolkit/wdtk-wikibaseapi/src/main/java/org/wikidata/wdtk/wikibaseapi/StatementUpdate.java: Some input files use or override a deprecated API.
[INFO] /home/travis/build/Wikidata/Wikidata-Toolkit/wdtk-wikibaseapi/src/main/java/org/wikidata/wdtk/wikibaseapi/StatementUpdate.java: Recompile with -Xlint:deprecation for details.
[INFO] 
[INFO] --- maven-resources-plugin:2.6:testResources (default-testResources) @ wdtk-wikibaseapi ---
[INFO] Using 'UTF-8' encoding to copy filtered resources.
[INFO] Copying 19 resources
[INFO] 
[INFO] --- maven-compiler-plugin:3.8.0:testCompile (default-testCompile) @ wdtk-wikibaseapi ---
[INFO] Changes detected - recompiling the module!
[INFO] Compiling 11 source files to /home/travis/build/Wikidata/Wikidata-Toolkit/wdtk-wikibaseapi/target/test-classes
[INFO] /home/travis/build/Wikidata/Wikidata-Toolkit/wdtk-wikibaseapi/src/test/java/org/wikidata/wdtk/wikibaseapi/BasicApiConnectionTest.java: /home/travis/build/Wikidata/Wikidata-Toolkit/wdtk-wikibaseapi/src/test/java/org/wikidata/wdtk/wikibaseapi/BasicApiConnectionTest.java uses or overrides a deprecated API.
[INFO] /home/travis/build/Wikidata/Wikidata-Toolkit/wdtk-wikibaseapi/src/test/java/org/wikidata/wdtk/wikibaseapi/BasicApiConnectionTest.java: Recompile with -Xlint:deprecation for details.
[INFO] 
[INFO] --- maven-surefire-plugin:2.12.4:test (default-test) @ wdtk-wikibaseapi ---
[INFO] Tests are skipped.
[INFO] 
[INFO] --- maven-jar-plugin:2.4:jar (default-jar) @ wdtk-wikibaseapi ---
[INFO] Building jar: /home/travis/build/Wikidata/Wikidata-Toolkit/wdtk-wikibaseapi/target/wdtk-wikibaseapi-0.11.0-SNAPSHOT.jar
[INFO] 
[INFO] --- maven-install-plugin:2.4:install (default-install) @ wdtk-wikibaseapi ---
[INFO] Installing /home/travis/build/Wikidata/Wikidata-Toolkit/wdtk-wikibaseapi/target/wdtk-wikibaseapi-0.11.0-SNAPSHOT.jar to /home/travis/.m2/repository/org/wikidata/wdtk/wdtk-wikibaseapi/0.11.0-SNAPSHOT/wdtk-wikibaseapi-0.11.0-SNAPSHOT.jar
[INFO] Installing /home/travis/build/Wikidata/Wikidata-Toolkit/wdtk-wikibaseapi/pom.xml to /home/travis/.m2/repository/org/wikidata/wdtk/wdtk-wikibaseapi/0.11.0-SNAPSHOT/wdtk-wikibaseapi-0.11.0-SNAPSHOT.pom
[INFO] 
[INFO] ---------------------< org.wikidata.wdtk:wdtk-rdf >---------------------
[INFO] Building Wikidata Toolkit RDF 0.11.0-SNAPSHOT                     [8/10]
[INFO] --------------------------------[ jar ]---------------------------------
[INFO] 
[INFO] --- jacoco-maven-plugin:0.8.4:prepare-agent (prepare-agent) @ wdtk-rdf ---
[INFO] argLine set to -javaagent:/home/travis/.m2/repository/org/jacoco/org.jacoco.agent/0.8.4/org.jacoco.agent-0.8.4-runtime.jar=destfile=/home/travis/build/Wikidata/Wikidata-Toolkit/wdtk-rdf/target/jacoco.exec
[INFO] 
[INFO] --- license-maven-plugin:1.20:update-file-header (first) @ wdtk-rdf ---
[INFO] Will search files to update from root /home/travis/build/Wikidata/Wikidata-Toolkit/wdtk-rdf/src/main/java
[INFO] Will search files to update from root /home/travis/build/Wikidata/Wikidata-Toolkit/wdtk-rdf/src/test/java
[INFO] Scan 30 files header done in 106.832ms.
[INFO] All files are up-to-date.
[INFO] 
[INFO] --- license-maven-plugin:1.20:update-project-license (first) @ wdtk-rdf ---
[INFO] Will create or update license file [apache_v2] to /home/travis/build/Wikidata/Wikidata-Toolkit/wdtk-rdf/LICENSE.txt
[INFO] 
[INFO] --- maven-resources-plugin:2.6:resources (default-resources) @ wdtk-rdf ---
[INFO] Using 'UTF-8' encoding to copy filtered resources.
[INFO] skip non existing resourceDirectory /home/travis/build/Wikidata/Wikidata-Toolkit/wdtk-rdf/src/main/resources
[INFO] Copying 1 resource
[INFO] 
[INFO] --- maven-compiler-plugin:3.8.0:compile (default-compile) @ wdtk-rdf ---
[INFO] Changes detected - recompiling the module!
[INFO] Compiling 23 source files to /home/travis/build/Wikidata/Wikidata-Toolkit/wdtk-rdf/target/classes
[INFO] /home/travis/build/Wikidata/Wikidata-Toolkit/wdtk-rdf/src/main/java/org/wikidata/wdtk/rdf/PropertyRegister.java: /home/travis/build/Wikidata/Wikidata-Toolkit/wdtk-rdf/src/main/java/org/wikidata/wdtk/rdf/PropertyRegister.java uses or overrides a deprecated API.
[INFO] /home/travis/build/Wikidata/Wikidata-Toolkit/wdtk-rdf/src/main/java/org/wikidata/wdtk/rdf/PropertyRegister.java: Recompile with -Xlint:deprecation for details.
[INFO] 
[INFO] --- maven-resources-plugin:2.6:testResources (default-testResources) @ wdtk-rdf ---
[INFO] Using 'UTF-8' encoding to copy filtered resources.
[INFO] Copying 17 resources
[INFO] 
[INFO] --- maven-compiler-plugin:3.8.0:testCompile (default-testCompile) @ wdtk-rdf ---
[INFO] Changes detected - recompiling the module!
[INFO] Compiling 7 source files to /home/travis/build/Wikidata/Wikidata-Toolkit/wdtk-rdf/target/test-classes
[INFO] /home/travis/build/Wikidata/Wikidata-Toolkit/wdtk-rdf/src/test/java/org/wikidata/wdtk/rdf/PropertyRegisterTest.java: Some input files use or override a deprecated API.
[INFO] /home/travis/build/Wikidata/Wikidata-Toolkit/wdtk-rdf/src/test/java/org/wikidata/wdtk/rdf/PropertyRegisterTest.java: Recompile with -Xlint:deprecation for details.
[INFO] 
[INFO] --- maven-surefire-plugin:2.12.4:test (default-test) @ wdtk-rdf ---
[INFO] Tests are skipped.
[INFO] 
[INFO] --- maven-jar-plugin:2.4:jar (default-jar) @ wdtk-rdf ---
[INFO] Building jar: /home/travis/build/Wikidata/Wikidata-Toolkit/wdtk-rdf/target/wdtk-rdf-0.11.0-SNAPSHOT.jar
[INFO] 
[INFO] --- maven-install-plugin:2.4:install (default-install) @ wdtk-rdf ---
[INFO] Installing /home/travis/build/Wikidata/Wikidata-Toolkit/wdtk-rdf/target/wdtk-rdf-0.11.0-SNAPSHOT.jar to /home/travis/.m2/repository/org/wikidata/wdtk/wdtk-rdf/0.11.0-SNAPSHOT/wdtk-rdf-0.11.0-SNAPSHOT.jar
[INFO] Installing /home/travis/build/Wikidata/Wikidata-Toolkit/wdtk-rdf/pom.xml to /home/travis/.m2/repository/org/wikidata/wdtk/wdtk-rdf/0.11.0-SNAPSHOT/wdtk-rdf-0.11.0-SNAPSHOT.pom
[INFO] 
[INFO] ------------------< org.wikidata.wdtk:wdtk-examples >-------------------
[INFO] Building Wikidata Toolkit Examples 0.11.0-SNAPSHOT                [9/10]
[INFO] --------------------------------[ jar ]---------------------------------
[INFO] 
[INFO] --- jacoco-maven-plugin:0.8.4:prepare-agent (prepare-agent) @ wdtk-examples ---
[INFO] argLine set to -javaagent:/home/travis/.m2/repository/org/jacoco/org.jacoco.agent/0.8.4/org.jacoco.agent-0.8.4-runtime.jar=destfile=/home/travis/build/Wikidata/Wikidata-Toolkit/wdtk-examples/target/jacoco.exec
[INFO] 
[INFO] --- license-maven-plugin:1.20:update-file-header (first) @ wdtk-examples ---
[INFO] Will search files to update from root /home/travis/build/Wikidata/Wikidata-Toolkit/wdtk-examples/src/main/java
[INFO] Scan 21 files header done in 42.806ms.
[INFO] All files are up-to-date.
[INFO] 
[INFO] --- license-maven-plugin:1.20:update-project-license (first) @ wdtk-examples ---
[INFO] Will create or update license file [apache_v2] to /home/travis/build/Wikidata/Wikidata-Toolkit/wdtk-examples/LICENSE.txt
[INFO] 
[INFO] --- maven-resources-plugin:2.6:resources (default-resources) @ wdtk-examples ---
[INFO] Using 'UTF-8' encoding to copy filtered resources.
[INFO] skip non existing resourceDirectory /home/travis/build/Wikidata/Wikidata-Toolkit/wdtk-examples/src/main/resources
[INFO] Copying 1 resource
[INFO] 
[INFO] --- maven-compiler-plugin:3.8.0:compile (default-compile) @ wdtk-examples ---
[INFO] Changes detected - recompiling the module!
[INFO] Compiling 21 source files to /home/travis/build/Wikidata/Wikidata-Toolkit/wdtk-examples/target/classes
[INFO] /home/travis/build/Wikidata/Wikidata-Toolkit/wdtk-examples/src/main/java/org/wikidata/wdtk/examples/FetchOnlineDataExample.java: Some input files use or override a deprecated API.
[INFO] /home/travis/build/Wikidata/Wikidata-Toolkit/wdtk-examples/src/main/java/org/wikidata/wdtk/examples/FetchOnlineDataExample.java: Recompile with -Xlint:deprecation for details.
[INFO] 
[INFO] --- maven-resources-plugin:2.6:testResources (default-testResources) @ wdtk-examples ---
[INFO] Using 'UTF-8' encoding to copy filtered resources.
[INFO] skip non existing resourceDirectory /home/travis/build/Wikidata/Wikidata-Toolkit/wdtk-examples/src/test/resources
[INFO] 
[INFO] --- maven-compiler-plugin:3.8.0:testCompile (default-testCompile) @ wdtk-examples ---
[INFO] No sources to compile
[INFO] 
[INFO] --- maven-surefire-plugin:2.12.4:test (default-test) @ wdtk-examples ---
[INFO] Tests are skipped.
[INFO] 
[INFO] --- maven-jar-plugin:2.4:jar (default-jar) @ wdtk-examples ---
[INFO] Building jar: /home/travis/build/Wikidata/Wikidata-Toolkit/wdtk-examples/target/wdtk-examples-0.11.0-SNAPSHOT.jar
[INFO] 
[INFO] --- maven-install-plugin:2.4:install (default-install) @ wdtk-examples ---
[INFO] Installing /home/travis/build/Wikidata/Wikidata-Toolkit/wdtk-examples/target/wdtk-examples-0.11.0-SNAPSHOT.jar to /home/travis/.m2/repository/org/wikidata/wdtk/wdtk-examples/0.11.0-SNAPSHOT/wdtk-examples-0.11.0-SNAPSHOT.jar
[INFO] Installing /home/travis/build/Wikidata/Wikidata-Toolkit/wdtk-examples/pom.xml to /home/travis/.m2/repository/org/wikidata/wdtk/wdtk-examples/0.11.0-SNAPSHOT/wdtk-examples-0.11.0-SNAPSHOT.pom
[INFO] 
[INFO] ----------------< org.wikidata.wdtk:wdtk-distribution >-----------------
[INFO] Building Wikidata Toolkit Distribution 0.11.0-SNAPSHOT           [10/10]
[INFO] --------------------------------[ jar ]---------------------------------
[INFO] 
[INFO] --- jacoco-maven-plugin:0.8.4:prepare-agent (prepare-agent) @ wdtk-distribution ---
[INFO] argLine set to -javaagent:/home/travis/.m2/repository/org/jacoco/org.jacoco.agent/0.8.4/org.jacoco.agent-0.8.4-runtime.jar=destfile=/home/travis/build/Wikidata/Wikidata-Toolkit/wdtk-distribution/target/jacoco.exec
[INFO] 
[INFO] --- license-maven-plugin:1.20:update-file-header (first) @ wdtk-distribution ---
[WARNING] No file to scan.
[INFO] 
[INFO] 
[INFO] --- license-maven-plugin:1.20:update-project-license (first) @ wdtk-distribution ---
[INFO] Will create or update license file [apache_v2] to /home/travis/build/Wikidata/Wikidata-Toolkit/wdtk-distribution/LICENSE.txt
[INFO] 
[INFO] --- maven-resources-plugin:2.6:resources (default-resources) @ wdtk-distribution ---
[INFO] Using 'UTF-8' encoding to copy filtered resources.
[INFO] skip non existing resourceDirectory /home/travis/build/Wikidata/Wikidata-Toolkit/wdtk-distribution/src/main/resources
[INFO] Copying 1 resource
[INFO] 
[INFO] --- maven-compiler-plugin:3.8.0:compile (default-compile) @ wdtk-distribution ---
[INFO] No sources to compile
[INFO] 
[INFO] --- maven-resources-plugin:2.6:testResources (default-testResources) @ wdtk-distribution ---
[INFO] Using 'UTF-8' encoding to copy filtered resources.
[INFO] skip non existing resourceDirectory /home/travis/build/Wikidata/Wikidata-Toolkit/wdtk-distribution/src/test/resources
[INFO] 
[INFO] --- maven-compiler-plugin:3.8.0:testCompile (default-testCompile) @ wdtk-distribution ---
[INFO] No sources to compile
[INFO] 
[INFO] --- maven-surefire-plugin:2.12.4:test (default-test) @ wdtk-distribution ---
[INFO] Tests are skipped.
[INFO] 
[INFO] --- maven-jar-plugin:2.4:jar (default-jar) @ wdtk-distribution ---
[INFO] Building jar: /home/travis/build/Wikidata/Wikidata-Toolkit/wdtk-distribution/target/wdtk-distribution-0.11.0-SNAPSHOT.jar
[INFO] 
[INFO] --- maven-install-plugin:2.4:install (default-install) @ wdtk-distribution ---
[INFO] Installing /home/travis/build/Wikidata/Wikidata-Toolkit/wdtk-distribution/target/wdtk-distribution-0.11.0-SNAPSHOT.jar to /home/travis/.m2/repository/org/wikidata/wdtk/wdtk-distribution/0.11.0-SNAPSHOT/wdtk-distribution-0.11.0-SNAPSHOT.jar
[INFO] Installing /home/travis/build/Wikidata/Wikidata-Toolkit/wdtk-distribution/pom.xml to /home/travis/.m2/repository/org/wikidata/wdtk/wdtk-distribution/0.11.0-SNAPSHOT/wdtk-distribution-0.11.0-SNAPSHOT.pom
[INFO] ------------------------------------------------------------------------
[INFO] Reactor Summary for Wikidata Toolkit 0.11.0-SNAPSHOT:
[INFO] 
[INFO] Wikidata Toolkit ................................... SUCCESS [  2.492 s]
[INFO] Wikidata Toolkit Utilities ......................... SUCCESS [  3.080 s]
[INFO] Wikidata Toolkit Testing Utilities ................. SUCCESS [  0.616 s]
[INFO] Wikidata Toolkit Data Model ........................ SUCCESS [  4.344 s]
[INFO] Wikidata Toolkit Storage ........................... SUCCESS [  0.352 s]
[INFO] Wikidata Toolkit Dump File Handling ................ SUCCESS [  0.760 s]
[INFO] Wikidata Toolkit Wikibase API ...................... SUCCESS [  1.038 s]
[INFO] Wikidata Toolkit RDF ............................... SUCCESS [  0.857 s]
[INFO] Wikidata Toolkit Examples .......................... SUCCESS [  0.560 s]
[INFO] Wikidata Toolkit Distribution ...................... SUCCESS [  0.076 s]
[INFO] ------------------------------------------------------------------------
[INFO] BUILD SUCCESS
[INFO] ------------------------------------------------------------------------
[INFO] Total time:  14.616 s
[INFO] Finished at: 2019-11-13T17:30:57Z
[INFO] ------------------------------------------------------------------------
travis_time:end:041a7f36:start=1573666240251526679,finish=1573666257217193998,duration=16965667319,event=install
[0Ktravis_fold:end:install
[0Ktravis_time:start:0003a03a
[0K$ mvn test jacoco:report
[[1;34mINFO[m] Scanning for projects...
[[1;34mINFO[m] [1m------------------------------------------------------------------------[m
[[1;34mINFO[m] [1mReactor Build Order:[m
[[1;34mINFO[m] 
[[1;34mINFO[m] Wikidata Toolkit                                                   [pom]
[[1;34mINFO[m] Wikidata Toolkit Utilities                                         [jar]
[[1;34mINFO[m] Wikidata Toolkit Testing Utilities                                 [jar]
[[1;34mINFO[m] Wikidata Toolkit Data Model                                        [jar]
[[1;34mINFO[m] Wikidata Toolkit Storage                                           [jar]
[[1;34mINFO[m] Wikidata Toolkit Dump File Handling                                [jar]
[[1;34mINFO[m] Wikidata Toolkit Wikibase API                                      [jar]
[[1;34mINFO[m] Wikidata Toolkit RDF                                               [jar]
[[1;34mINFO[m] Wikidata Toolkit Examples                                          [jar]
[[1;34mINFO[m] Wikidata Toolkit Distribution                                      [jar]
[[1;34mINFO[m] 
[[1;34mINFO[m] [1m-------------------< [0;36morg.wikidata.wdtk:wdtk-parent[0;1m >--------------------[m
[[1;34mINFO[m] [1mBuilding Wikidata Toolkit 0.11.0-SNAPSHOT                         [1/10][m
[[1;34mINFO[m] [1m--------------------------------[ pom ]---------------------------------[m
[[1;34mINFO[m] 
[[1;34mINFO[m] [1m--- [0;32mjacoco-maven-plugin:0.8.4:prepare-agent[m [1m(prepare-agent)[m @ [36mwdtk-parent[0;1m ---[m
[[1;34mINFO[m] argLine set to -javaagent:/home/travis/.m2/repository/org/jacoco/org.jacoco.agent/0.8.4/org.jacoco.agent-0.8.4-runtime.jar=destfile=/home/travis/build/Wikidata/Wikidata-Toolkit/target/jacoco.exec
[[1;34mINFO[m] 
[[1;34mINFO[m] [1m--- [0;32mlicense-maven-plugin:1.20:update-file-header[m [1m(first)[m @ [36mwdtk-parent[0;1m ---[m
[[1;33mWARNING[m] No file to scan.
[[1;34mINFO[m] 
[[1;34mINFO[m] 
[[1;34mINFO[m] [1m--- [0;32mlicense-maven-plugin:1.20:update-project-license[m [1m(first)[m @ [36mwdtk-parent[0;1m ---[m
[[1;34mINFO[m] 
[[1;34mINFO[m] [1m--- [0;32mjacoco-maven-plugin:0.8.4:report[m [1m(default-cli)[m @ [36mwdtk-parent[0;1m ---[m
[[1;34mINFO[m] Skipping JaCoCo execution due to missing execution data file.
[[1;34mINFO[m] 
[[1;34mINFO[m] [1m--------------------< [0;36morg.wikidata.wdtk:wdtk-util[0;1m >---------------------[m
[[1;34mINFO[m] [1mBuilding Wikidata Toolkit Utilities 0.11.0-SNAPSHOT               [2/10][m
[[1;34mINFO[m] [1m--------------------------------[ jar ]---------------------------------[m
[[1;34mINFO[m] 
[[1;34mINFO[m] [1m--- [0;32mjacoco-maven-plugin:0.8.4:prepare-agent[m [1m(prepare-agent)[m @ [36mwdtk-util[0;1m ---[m
[[1;34mINFO[m] argLine set to -javaagent:/home/travis/.m2/repository/org/jacoco/org.jacoco.agent/0.8.4/org.jacoco.agent-0.8.4-runtime.jar=destfile=/home/travis/build/Wikidata/Wikidata-Toolkit/wdtk-util/target/jacoco.exec
[[1;34mINFO[m] 
[[1;34mINFO[m] [1m--- [0;32mlicense-maven-plugin:1.20:update-file-header[m [1m(first)[m @ [36mwdtk-util[0;1m ---[m
[[1;34mINFO[m] Will search files to update from root /home/travis/build/Wikidata/Wikidata-Toolkit/wdtk-util/src/main/java
[[1;34mINFO[m] Will search files to update from root /home/travis/build/Wikidata/Wikidata-Toolkit/wdtk-util/src/test/java
[[1;34mINFO[m] Scan 14 files header done in 209.92ms.
[[1;34mINFO[m] All files are up-to-date.
[[1;34mINFO[m] 
[[1;34mINFO[m] [1m--- [0;32mlicense-maven-plugin:1.20:update-project-license[m [1m(first)[m @ [36mwdtk-util[0;1m ---[m
[[1;34mINFO[m] 
[[1;34mINFO[m] [1m--- [0;32mmaven-resources-plugin:2.6:resources[m [1m(default-resources)[m @ [36mwdtk-util[0;1m ---[m
[[1;34mINFO[m] Using 'UTF-8' encoding to copy filtered resources.
[[1;34mINFO[m] skip non existing resourceDirectory /home/travis/build/Wikidata/Wikidata-Toolkit/wdtk-util/src/main/resources
[[1;34mINFO[m] Copying 1 resource
[[1;34mINFO[m] 
[[1;34mINFO[m] [1m--- [0;32mmaven-compiler-plugin:3.8.0:compile[m [1m(default-compile)[m @ [36mwdtk-util[0;1m ---[m
[[1;34mINFO[m] Changes detected - recompiling the module!
[[1;34mINFO[m] Compiling 9 source files to /home/travis/build/Wikidata/Wikidata-Toolkit/wdtk-util/target/classes
[[1;34mINFO[m] 
[[1;34mINFO[m] [1m--- [0;32mmaven-resources-plugin:2.6:testResources[m [1m(default-testResources)[m @ [36mwdtk-util[0;1m ---[m
[[1;34mINFO[m] Using 'UTF-8' encoding to copy filtered resources.
[[1;34mINFO[m] skip non existing resourceDirectory /home/travis/build/Wikidata/Wikidata-Toolkit/wdtk-util/src/test/resources
[[1;34mINFO[m] 
[[1;34mINFO[m] [1m--- [0;32mmaven-compiler-plugin:3.8.0:testCompile[m [1m(default-testCompile)[m @ [36mwdtk-util[0;1m ---[m
[[1;34mINFO[m] Nothing to compile - all classes are up to date
[[1;34mINFO[m] 
[[1;34mINFO[m] [1m--- [0;32mmaven-surefire-plugin:2.12.4:test[m [1m(default-test)[m @ [36mwdtk-util[0;1m ---[m
[[1;34mINFO[m] Surefire report directory: /home/travis/build/Wikidata/Wikidata-Toolkit/wdtk-util/target/surefire-reports

-------------------------------------------------------
 T E S T S
-------------------------------------------------------
Running org.wikidata.wdtk.util.DirectoryManagerTest
Tests run: 9, Failures: 0, Errors: 0, Skipped: 0, Time elapsed: 0.289 sec
Running org.wikidata.wdtk.util.NestedIteratorTest
Tests run: 4, Failures: 0, Errors: 0, Skipped: 0, Time elapsed: 0 sec
Running org.wikidata.wdtk.util.WebResourceFetcherTest
Tests run: 2, Failures: 0, Errors: 0, Skipped: 0, Time elapsed: 0.06 sec
Running org.wikidata.wdtk.util.TimerTest
Tests run: 4, Failures: 0, Errors: 0, Skipped: 0, Time elapsed: 0.895 sec
Running org.wikidata.wdtk.util.DirectoryManagerFactoryTest
Tests run: 4, Failures: 0, Errors: 0, Skipped: 0, Time elapsed: 0.009 sec

Results :

Tests run: 23, Failures: 0, Errors: 0, Skipped: 0

[[1;34mINFO[m] 
[[1;34mINFO[m] [1m--- [0;32mjacoco-maven-plugin:0.8.4:report[m [1m(default-cli)[m @ [36mwdtk-util[0;1m ---[m
[[1;34mINFO[m] Loading execution data file /home/travis/build/Wikidata/Wikidata-Toolkit/wdtk-util/target/jacoco.exec
[[1;34mINFO[m] Analyzed bundle 'Wikidata Toolkit Utilities' with 6 classes
[[1;34mINFO[m] 
[[1;34mINFO[m] [1m-------------------< [0;36morg.wikidata.wdtk:wdtk-testing[0;1m >-------------------[m
[[1;34mINFO[m] [1mBuilding Wikidata Toolkit Testing Utilities 0.11.0-SNAPSHOT       [3/10][m
[[1;34mINFO[m] [1m--------------------------------[ jar ]---------------------------------[m
[[1;34mINFO[m] 
[[1;34mINFO[m] [1m--- [0;32mjacoco-maven-plugin:0.8.4:prepare-agent[m [1m(prepare-agent)[m @ [36mwdtk-testing[0;1m ---[m
[[1;34mINFO[m] argLine set to -javaagent:/home/travis/.m2/repository/org/jacoco/org.jacoco.agent/0.8.4/org.jacoco.agent-0.8.4-runtime.jar=destfile=/home/travis/build/Wikidata/Wikidata-Toolkit/wdtk-testing/target/jacoco.exec
[[1;34mINFO[m] 
[[1;34mINFO[m] [1m--- [0;32mlicense-maven-plugin:1.20:update-file-header[m [1m(first)[m @ [36mwdtk-testing[0;1m ---[m
[[1;34mINFO[m] Will search files to update from root /home/travis/build/Wikidata/Wikidata-Toolkit/wdtk-testing/src/main/java
[[1;34mINFO[m] Will search files to update from root /home/travis/build/Wikidata/Wikidata-Toolkit/wdtk-testing/src/test/java
[[1;34mINFO[m] Scan 7 files header done in 15.505ms.
[[1;34mINFO[m] All files are up-to-date.
[[1;34mINFO[m] 
[[1;34mINFO[m] [1m--- [0;32mlicense-maven-plugin:1.20:update-project-license[m [1m(first)[m @ [36mwdtk-testing[0;1m ---[m
[[1;34mINFO[m] 
[[1;34mINFO[m] [1m--- [0;32mmaven-resources-plugin:2.6:resources[m [1m(default-resources)[m @ [36mwdtk-testing[0;1m ---[m
[[1;34mINFO[m] Using 'UTF-8' encoding to copy filtered resources.
[[1;34mINFO[m] skip non existing resourceDirectory /home/travis/build/Wikidata/Wikidata-Toolkit/wdtk-testing/src/main/resources
[[1;34mINFO[m] Copying 1 resource
[[1;34mINFO[m] 
[[1;34mINFO[m] [1m--- [0;32mmaven-compiler-plugin:3.8.0:compile[m [1m(default-compile)[m @ [36mwdtk-testing[0;1m ---[m
[[1;34mINFO[m] Changes detected - recompiling the module!
[[1;34mINFO[m] Compiling 5 source files to /home/travis/build/Wikidata/Wikidata-Toolkit/wdtk-testing/target/classes
[[1;34mINFO[m] 
[[1;34mINFO[m] [1m--- [0;32mmaven-resources-plugin:2.6:testResources[m [1m(default-testResources)[m @ [36mwdtk-testing[0;1m ---[m
[[1;34mINFO[m] Using 'UTF-8' encoding to copy filtered resources.
[[1;34mINFO[m] Copying 1 resource
[[1;34mINFO[m] 
[[1;34mINFO[m] [1m--- [0;32mmaven-compiler-plugin:3.8.0:testCompile[m [1m(default-testCompile)[m @ [36mwdtk-testing[0;1m ---[m
[[1;34mINFO[m] Nothing to compile - all classes are up to date
[[1;34mINFO[m] 
[[1;34mINFO[m] [1m--- [0;32mmaven-surefire-plugin:2.12.4:test[m [1m(default-test)[m @ [36mwdtk-testing[0;1m ---[m
[[1;34mINFO[m] Surefire report directory: /home/travis/build/Wikidata/Wikidata-Toolkit/wdtk-testing/target/surefire-reports

-------------------------------------------------------
 T E S T S
-------------------------------------------------------
Running org.wikidata.wdtk.testing.MockDirectoryManagerTest
Tests run: 20, Failures: 0, Errors: 0, Skipped: 0, Time elapsed: 0.739 sec
Running org.wikidata.wdtk.testing.MockWebResourceFetcherTest
Tests run: 4, Failures: 0, Errors: 0, Skipped: 0, Time elapsed: 0.016 sec

Results :

Tests run: 24, Failures: 0, Errors: 0, Skipped: 0

[[1;34mINFO[m] 
[[1;34mINFO[m] [1m--- [0;32mjacoco-maven-plugin:0.8.4:report[m [1m(default-cli)[m @ [36mwdtk-testing[0;1m ---[m
[[1;34mINFO[m] Loading execution data file /home/travis/build/Wikidata/Wikidata-Toolkit/wdtk-testing/target/jacoco.exec
[[1;34mINFO[m] Analyzed bundle 'Wikidata Toolkit Testing Utilities' with 4 classes
[[1;34mINFO[m] 
[[1;34mINFO[m] [1m------------------< [0;36morg.wikidata.wdtk:wdtk-datamodel[0;1m >------------------[m
[[1;34mINFO[m] [1mBuilding Wikidata Toolkit Data Model 0.11.0-SNAPSHOT              [4/10][m
[[1;34mINFO[m] [1m--------------------------------[ jar ]---------------------------------[m
[[1;34mINFO[m] 
[[1;34mINFO[m] [1m--- [0;32mjacoco-maven-plugin:0.8.4:prepare-agent[m [1m(prepare-agent)[m @ [36mwdtk-datamodel[0;1m ---[m
[[1;34mINFO[m] argLine set to -javaagent:/home/travis/.m2/repository/org/jacoco/org.jacoco.agent/0.8.4/org.jacoco.agent-0.8.4-runtime.jar=destfile=/home/travis/build/Wikidata/Wikidata-Toolkit/wdtk-datamodel/target/jacoco.exec
[[1;34mINFO[m] 
[[1;34mINFO[m] [1m--- [0;32mlicense-maven-plugin:1.20:update-file-header[m [1m(first)[m @ [36mwdtk-datamodel[0;1m ---[m
[[1;34mINFO[m] Will search files to update from root /home/travis/build/Wikidata/Wikidata-Toolkit/wdtk-datamodel/src/main/java
[[1;34mINFO[m] Will search files to update from root /home/travis/build/Wikidata/Wikidata-Toolkit/wdtk-datamodel/src/test/java
[[1;34mINFO[m] Scan 157 files header done in 384.422ms.
[[1;34mINFO[m] All files are up-to-date.
[[1;34mINFO[m] 
[[1;34mINFO[m] [1m--- [0;32mlicense-maven-plugin:1.20:update-project-license[m [1m(first)[m @ [36mwdtk-datamodel[0;1m ---[m
[[1;34mINFO[m] 
[[1;34mINFO[m] [1m--- [0;32mmaven-resources-plugin:2.6:resources[m [1m(default-resources)[m @ [36mwdtk-datamodel[0;1m ---[m
[[1;34mINFO[m] Using 'UTF-8' encoding to copy filtered resources.
[[1;34mINFO[m] skip non existing resourceDirectory /home/travis/build/Wikidata/Wikidata-Toolkit/wdtk-datamodel/src/main/resources
[[1;34mINFO[m] Copying 1 resource
[[1;34mINFO[m] 
[[1;34mINFO[m] [1m--- [0;32mmaven-compiler-plugin:3.8.0:compile[m [1m(default-compile)[m @ [36mwdtk-datamodel[0;1m ---[m
[[1;34mINFO[m] Changes detected - recompiling the module!
[[1;34mINFO[m] Compiling 109 source files to /home/travis/build/Wikidata/Wikidata-Toolkit/wdtk-datamodel/target/classes
[[1;34mINFO[m] /home/travis/build/Wikidata/Wikidata-Toolkit/wdtk-datamodel/src/main/java/org/wikidata/wdtk/datamodel/interfaces/ValueSnak.java: Some input files use or override a deprecated API.
[[1;34mINFO[m] /home/travis/build/Wikidata/Wikidata-Toolkit/wdtk-datamodel/src/main/java/org/wikidata/wdtk/datamodel/interfaces/ValueSnak.java: Recompile with -Xlint:deprecation for details.
[[1;34mINFO[m] 
[[1;34mINFO[m] [1m--- [0;32mmaven-resources-plugin:2.6:testResources[m [1m(default-testResources)[m @ [36mwdtk-datamodel[0;1m ---[m
[[1;34mINFO[m] Using 'UTF-8' encoding to copy filtered resources.
[[1;34mINFO[m] skip non existing resourceDirectory /home/travis/build/Wikidata/Wikidata-Toolkit/wdtk-datamodel/src/test/resources
[[1;34mINFO[m] 
[[1;34mINFO[m] [1m--- [0;32mmaven-compiler-plugin:3.8.0:testCompile[m [1m(default-testCompile)[m @ [36mwdtk-datamodel[0;1m ---[m
[[1;34mINFO[m] Nothing to compile - all classes are up to date
[[1;34mINFO[m] 
[[1;34mINFO[m] [1m--- [0;32mmaven-surefire-plugin:2.12.4:test[m [1m(default-test)[m @ [36mwdtk-datamodel[0;1m ---[m
[[1;34mINFO[m] Surefire report directory: /home/travis/build/Wikidata/Wikidata-Toolkit/wdtk-datamodel/target/surefire-reports

-------------------------------------------------------
 T E S T S
-------------------------------------------------------
Running org.wikidata.wdtk.datamodel.helpers.ReferenceBuilderTest
Tests run: 2, Failures: 0, Errors: 0, Skipped: 0, Time elapsed: 0.31 sec
Running org.wikidata.wdtk.datamodel.helpers.DatamodelConverterTest
SLF4J: Failed to load class "org.slf4j.impl.StaticLoggerBinder".
SLF4J: Defaulting to no-operation (NOP) logger implementation
SLF4J: See http://www.slf4j.org/codes.html#StaticLoggerBinder for further details.
Tests run: 3, Failures: 0, Errors: 0, Skipped: 0, Time elapsed: 0.107 sec
Running org.wikidata.wdtk.datamodel.helpers.FilterCopyTest
Tests run: 7, Failures: 0, Errors: 0, Skipped: 0, Time elapsed: 0.022 sec
Running org.wikidata.wdtk.datamodel.helpers.PropertyDocumentBuilderTest
Tests run: 3, Failures: 0, Errors: 0, Skipped: 0, Time elapsed: 0.043 sec
Running org.wikidata.wdtk.datamodel.helpers.StatementBuilderTest
Tests run: 6, Failures: 0, Errors: 0, Skipped: 0, Time elapsed: 0.016 sec
Running org.wikidata.wdtk.datamodel.helpers.JsonSerializerTest
Tests run: 5, Failures: 0, Errors: 0, Skipped: 0, Time elapsed: 1.376 sec
Running org.wikidata.wdtk.datamodel.helpers.DatamodelTest
Tests run: 39, Failures: 0, Errors: 0, Skipped: 0, Time elapsed: 0.092 sec
Running org.wikidata.wdtk.datamodel.helpers.StatementDocumentTest
Tests run: 1, Failures: 0, Errors: 0, Skipped: 0, Time elapsed: 0.007 sec
Running org.wikidata.wdtk.datamodel.helpers.DatamodelFilterTest
Tests run: 11, Failures: 0, Errors: 0, Skipped: 0, Time elapsed: 0.023 sec
Running org.wikidata.wdtk.datamodel.helpers.ItemDocumentBuilderTest
Tests run: 6, Failures: 0, Errors: 0, Skipped: 0, Time elapsed: 0.016 sec
Running org.wikidata.wdtk.datamodel.helpers.DatatypeConvertersTest
Tests run: 2, Failures: 0, Errors: 0, Skipped: 0, Time elapsed: 0.006 sec
Running org.wikidata.wdtk.datamodel.interfaces.NullEntityIdsTest
Tests run: 3, Failures: 0, Errors: 0, Skipped: 0, Time elapsed: 0.011 sec
Running org.wikidata.wdtk.datamodel.implementation.StringValueImplTest
Tests run: 6, Failures: 0, Errors: 0, Skipped: 0, Time elapsed: 0.033 sec
Running org.wikidata.wdtk.datamodel.implementation.MediaInfoIdValueImplTest
Tests run: 14, Failures: 0, Errors: 0, Skipped: 0, Time elapsed: 0.044 sec
Running org.wikidata.wdtk.datamodel.implementation.TimeValueImplTest
Tests run: 10, Failures: 0, Errors: 0, Skipped: 0, Time elapsed: 0.073 sec
Running org.wikidata.wdtk.datamodel.implementation.EntityRedirectDocumentImplTest
Tests run: 8, Failures: 0, Errors: 0, Skipped: 0, Time elapsed: 0.012 sec
Running org.wikidata.wdtk.datamodel.implementation.LexemeIdValueImplTest
Tests run: 14, Failures: 0, Errors: 0, Skipped: 0, Time elapsed: 0.029 sec
Running org.wikidata.wdtk.datamodel.implementation.UnsupportedValueImplTest
Tests run: 5, Failures: 0, Errors: 0, Skipped: 0, Time elapsed: 0.05 sec
Running org.wikidata.wdtk.datamodel.implementation.LexemeDocumentImplTest
Tests run: 29, Failures: 0, Errors: 0, Skipped: 0, Time elapsed: 0.068 sec
Running org.wikidata.wdtk.datamodel.implementation.FormDocumentImplTest
Tests run: 18, Failures: 0, Errors: 0, Skipped: 0, Time elapsed: 0.076 sec
Running org.wikidata.wdtk.datamodel.implementation.PropertyDocumentImplTest
Tests run: 26, Failures: 0, Errors: 0, Skipped: 0, Time elapsed: 0.106 sec
Running org.wikidata.wdtk.datamodel.implementation.PropertyIdValueImplTest
Tests run: 11, Failures: 0, Errors: 0, Skipped: 0, Time elapsed: 0.035 sec
Running org.wikidata.wdtk.datamodel.implementation.MediaInfoDocumentImplTest
Tests run: 20, Failures: 0, Errors: 0, Skipped: 0, Time elapsed: 0.112 sec
Running org.wikidata.wdtk.datamodel.implementation.GlobeCoordinatesValueImplTest
Tests run: 13, Failures: 0, Errors: 0, Skipped: 0, Time elapsed: 0.036 sec
Running org.wikidata.wdtk.datamodel.implementation.TermImplTest
Tests run: 7, Failures: 0, Errors: 0, Skipped: 0, Time elapsed: 0.017 sec
Running org.wikidata.wdtk.datamodel.implementation.StatementGroupTest
Tests run: 16, Failures: 0, Errors: 0, Skipped: 0, Time elapsed: 0.014 sec
Running org.wikidata.wdtk.datamodel.implementation.ItemIdValueImplTest
Tests run: 18, Failures: 0, Errors: 0, Skipped: 0, Time elapsed: 0.055 sec
Running org.wikidata.wdtk.datamodel.implementation.StatementDocumentAccessTest
Tests run: 10, Failures: 0, Errors: 0, Skipped: 0, Time elapsed: 0.011 sec
Running org.wikidata.wdtk.datamodel.implementation.SiteLinkImplTest
Tests run: 8, Failures: 0, Errors: 0, Skipped: 0, Time elapsed: 0.015 sec
Running org.wikidata.wdtk.datamodel.implementation.SenseIdValueImplTest
Tests run: 16, Failures: 0, Errors: 0, Skipped: 0, Time elapsed: 0.034 sec
Running org.wikidata.wdtk.datamodel.implementation.ClaimImplTest
Tests run: 7, Failures: 0, Errors: 0, Skipped: 0, Time elapsed: 0.004 sec
Running org.wikidata.wdtk.datamodel.implementation.SitesImplTest
Tests run: 3, Failures: 0, Errors: 0, Skipped: 0, Time elapsed: 0.019 sec
Running org.wikidata.wdtk.datamodel.implementation.DataObjectFactoryImplTest
Tests run: 25, Failures: 0, Errors: 0, Skipped: 0, Time elapsed: 0.013 sec
Running org.wikidata.wdtk.datamodel.implementation.WikimediaLanguageCodesTest
Tests run: 4, Failures: 0, Errors: 0, Skipped: 0, Time elapsed: 0.01 sec
Running org.wikidata.wdtk.datamodel.implementation.ItemDocumentImplTest
Tests run: 31, Failures: 0, Errors: 0, Skipped: 0, Time elapsed: 0.149 sec
Running org.wikidata.wdtk.datamodel.implementation.UnsupportedEntityIdValueTest
Tests run: 9, Failures: 0, Errors: 0, Skipped: 0, Time elapsed: 0.081 sec
Running org.wikidata.wdtk.datamodel.implementation.EntityIdValueImplTest
Tests run: 7, Failures: 0, Errors: 0, Skipped: 0, Time elapsed: 0.002 sec
Running org.wikidata.wdtk.datamodel.implementation.ReferenceImplTest
Tests run: 5, Failures: 0, Errors: 0, Skipped: 0, Time elapsed: 0.003 sec
Running org.wikidata.wdtk.datamodel.implementation.SnakImplTest
Tests run: 18, Failures: 0, Errors: 0, Skipped: 0, Time elapsed: 0.06 sec
Running org.wikidata.wdtk.datamodel.implementation.StatementImplTest
Tests run: 12, Failures: 0, Errors: 0, Skipped: 0, Time elapsed: 0.042 sec
Running org.wikidata.wdtk.datamodel.implementation.SnakGroupTest
Tests run: 8, Failures: 0, Errors: 0, Skipped: 0, Time elapsed: 0.003 sec
Running org.wikidata.wdtk.datamodel.implementation.QuantityValueImplTest
Tests run: 19, Failures: 0, Errors: 0, Skipped: 0, Time elapsed: 0.02 sec
Running org.wikidata.wdtk.datamodel.implementation.SenseDocumentImplTest
Tests run: 15, Failures: 0, Errors: 0, Skipped: 0, Time elapsed: 0.028 sec
Running org.wikidata.wdtk.datamodel.implementation.DatatypeIdImplTest
Tests run: 28, Failures: 0, Errors: 0, Skipped: 0, Time elapsed: 0.009 sec
Running org.wikidata.wdtk.datamodel.implementation.MonolingualTextValueImplTest
Tests run: 7, Failures: 0, Errors: 0, Skipped: 0, Time elapsed: 0.007 sec
Running org.wikidata.wdtk.datamodel.implementation.TermedStatementDocumentImplTest
Tests run: 4, Failures: 0, Errors: 0, Skipped: 0, Time elapsed: 0.004 sec
Running org.wikidata.wdtk.datamodel.implementation.FormIdValueImplTest
Tests run: 16, Failures: 0, Errors: 0, Skipped: 0, Time elapsed: 0.03 sec

Results :

Tests run: 555, Failures: 0, Errors: 0, Skipped: 0

[[1;34mINFO[m] 
[[1;34mINFO[m] [1m--- [0;32mjacoco-maven-plugin:0.8.4:report[m [1m(default-cli)[m @ [36mwdtk-datamodel[0;1m ---[m
[[1;34mINFO[m] Loading execution data file /home/travis/build/Wikidata/Wikidata-Toolkit/wdtk-datamodel/target/jacoco.exec
[[1;34mINFO[m] Analyzed bundle 'Wikidata Toolkit Data Model' with 87 classes
[[1;34mINFO[m] 
[[1;34mINFO[m] [1m-------------------< [0;36morg.wikidata.wdtk:wdtk-storage[0;1m >-------------------[m
[[1;34mINFO[m] [1mBuilding Wikidata Toolkit Storage 0.11.0-SNAPSHOT                 [5/10][m
[[1;34mINFO[m] [1m--------------------------------[ jar ]---------------------------------[m
[[1;34mINFO[m] 
[[1;34mINFO[m] [1m--- [0;32mjacoco-maven-plugin:0.8.4:prepare-agent[m [1m(prepare-agent)[m @ [36mwdtk-storage[0;1m ---[m
[[1;34mINFO[m] argLine set to -javaagent:/home/travis/.m2/repository/org/jacoco/org.jacoco.agent/0.8.4/org.jacoco.agent-0.8.4-runtime.jar=destfile=/home/travis/build/Wikidata/Wikidata-Toolkit/wdtk-storage/target/jacoco.exec
[[1;34mINFO[m] 
[[1;34mINFO[m] [1m--- [0;32mlicense-maven-plugin:1.20:update-file-header[m [1m(first)[m @ [36mwdtk-storage[0;1m ---[m
[[1;34mINFO[m] Will search files to update from root /home/travis/build/Wikidata/Wikidata-Toolkit/wdtk-storage/src/main/java
[[1;34mINFO[m] Will search files to update from root /home/travis/build/Wikidata/Wikidata-Toolkit/wdtk-storage/src/test/java
[[1;34mINFO[m] Scan 12 files header done in 18.741ms.
[[1;34mINFO[m] All files are up-to-date.
[[1;34mINFO[m] 
[[1;34mINFO[m] [1m--- [0;32mlicense-maven-plugin:1.20:update-project-license[m [1m(first)[m @ [36mwdtk-storage[0;1m ---[m
[[1;34mINFO[m] 
[[1;34mINFO[m] [1m--- [0;32mmaven-resources-plugin:2.6:resources[m [1m(default-resources)[m @ [36mwdtk-storage[0;1m ---[m
[[1;34mINFO[m] Using 'UTF-8' encoding to copy filtered resources.
[[1;34mINFO[m] skip non existing resourceDirectory /home/travis/build/Wikidata/Wikidata-Toolkit/wdtk-storage/src/main/resources
[[1;34mINFO[m] Copying 1 resource
[[1;34mINFO[m] 
[[1;34mINFO[m] [1m--- [0;32mmaven-compiler-plugin:3.8.0:compile[m [1m(default-compile)[m @ [36mwdtk-storage[0;1m ---[m
[[1;34mINFO[m] Changes detected - recompiling the module!
[[1;34mINFO[m] Compiling 8 source files to /home/travis/build/Wikidata/Wikidata-Toolkit/wdtk-storage/target/classes
[[1;34mINFO[m] 
[[1;34mINFO[m] [1m--- [0;32mmaven-resources-plugin:2.6:testResources[m [1m(default-testResources)[m @ [36mwdtk-storage[0;1m ---[m
[[1;34mINFO[m] Using 'UTF-8' encoding to copy filtered resources.
[[1;34mINFO[m] skip non existing resourceDirectory /home/travis/build/Wikidata/Wikidata-Toolkit/wdtk-storage/src/test/resources
[[1;34mINFO[m] 
[[1;34mINFO[m] [1m--- [0;32mmaven-compiler-plugin:3.8.0:testCompile[m [1m(default-testCompile)[m @ [36mwdtk-storage[0;1m ---[m
[[1;34mINFO[m] Nothing to compile - all classes are up to date
[[1;34mINFO[m] 
[[1;34mINFO[m] [1m--- [0;32mmaven-surefire-plugin:2.12.4:test[m [1m(default-test)[m @ [36mwdtk-storage[0;1m ---[m
[[1;34mINFO[m] Surefire report directory: /home/travis/build/Wikidata/Wikidata-Toolkit/wdtk-storage/target/surefire-reports

-------------------------------------------------------
 T E S T S
-------------------------------------------------------
Running org.wikidata.wdtk.storage.datastructures.BitVectorIteratorTest
Tests run: 5, Failures: 0, Errors: 0, Skipped: 0, Time elapsed: 0.204 sec
Running org.wikidata.wdtk.storage.datastructures.BitVectorImplTest
Tests run: 17, Failures: 0, Errors: 0, Skipped: 0, Time elapsed: 0.09 sec
Running org.wikidata.wdtk.storage.datastructures.RankedBitVectorImplTest
Tests run: 17, Failures: 0, Errors: 0, Skipped: 0, Time elapsed: 1.417 sec

Results :

Tests run: 39, Failures: 0, Errors: 0, Skipped: 0

[[1;34mINFO[m] 
[[1;34mINFO[m] [1m--- [0;32mjacoco-maven-plugin:0.8.4:report[m [1m(default-cli)[m @ [36mwdtk-storage[0;1m ---[m
[[1;34mINFO[m] Loading execution data file /home/travis/build/Wikidata/Wikidata-Toolkit/wdtk-storage/target/jacoco.exec
[[1;34mINFO[m] Analyzed bundle 'Wikidata Toolkit Storage' with 5 classes
[[1;34mINFO[m] 
[[1;34mINFO[m] [1m------------------< [0;36morg.wikidata.wdtk:wdtk-dumpfiles[0;1m >------------------[m
[[1;34mINFO[m] [1mBuilding Wikidata Toolkit Dump File Handling 0.11.0-SNAPSHOT      [6/10][m
[[1;34mINFO[m] [1m--------------------------------[ jar ]---------------------------------[m
[[1;34mINFO[m] 
[[1;34mINFO[m] [1m--- [0;32mjacoco-maven-plugin:0.8.4:prepare-agent[m [1m(prepare-agent)[m @ [36mwdtk-dumpfiles[0;1m ---[m
[[1;34mINFO[m] argLine set to -javaagent:/home/travis/.m2/repository/org/jacoco/org.jacoco.agent/0.8.4/org.jacoco.agent-0.8.4-runtime.jar=destfile=/home/travis/build/Wikidata/Wikidata-Toolkit/wdtk-dumpfiles/target/jacoco.exec
[[1;34mINFO[m] 
[[1;34mINFO[m] [1m--- [0;32mlicense-maven-plugin:1.20:update-file-header[m [1m(first)[m @ [36mwdtk-dumpfiles[0;1m ---[m
[[1;34mINFO[m] Will search files to update from root /home/travis/build/Wikidata/Wikidata-Toolkit/wdtk-dumpfiles/src/main/java
[[1;34mINFO[m] Will search files to update from root /home/travis/build/Wikidata/Wikidata-Toolkit/wdtk-dumpfiles/src/test/java
[[1;34mINFO[m] Scan 33 files header done in 62.864ms.
[[1;34mINFO[m] All files are up-to-date.
[[1;34mINFO[m] 
[[1;34mINFO[m] [1m--- [0;32mlicense-maven-plugin:1.20:update-project-license[m [1m(first)[m @ [36mwdtk-dumpfiles[0;1m ---[m
[[1;34mINFO[m] 
[[1;34mINFO[m] [1m--- [0;32mmaven-resources-plugin:2.6:resources[m [1m(default-resources)[m @ [36mwdtk-dumpfiles[0;1m ---[m
[[1;34mINFO[m] Using 'UTF-8' encoding to copy filtered resources.
[[1;34mINFO[m] skip non existing resourceDirectory /home/travis/build/Wikidata/Wikidata-Toolkit/wdtk-dumpfiles/src/main/resources
[[1;34mINFO[m] Copying 1 resource
[[1;34mINFO[m] 
[[1;34mINFO[m] [1m--- [0;32mmaven-compiler-plugin:3.8.0:compile[m [1m(default-compile)[m @ [36mwdtk-dumpfiles[0;1m ---[m
[[1;34mINFO[m] Changes detected - recompiling the module!
[[1;34mINFO[m] Compiling 24 source files to /home/travis/build/Wikidata/Wikidata-Toolkit/wdtk-dumpfiles/target/classes
[[1;34mINFO[m] 
[[1;34mINFO[m] [1m--- [0;32mmaven-resources-plugin:2.6:testResources[m [1m(default-testResources)[m @ [36mwdtk-dumpfiles[0;1m ---[m
[[1;34mINFO[m] Using 'UTF-8' encoding to copy filtered resources.
[[1;34mINFO[m] Copying 17 resources
[[1;34mINFO[m] 
[[1;34mINFO[m] [1m--- [0;32mmaven-compiler-plugin:3.8.0:testCompile[m [1m(default-testCompile)[m @ [36mwdtk-dumpfiles[0;1m ---[m
[[1;34mINFO[m] Nothing to compile - all classes are up to date
[[1;34mINFO[m] 
[[1;34mINFO[m] [1m--- [0;32mmaven-surefire-plugin:2.12.4:test[m [1m(default-test)[m @ [36mwdtk-dumpfiles[0;1m ---[m
[[1;34mINFO[m] Surefire report directory: /home/travis/build/Wikidata/Wikidata-Toolkit/wdtk-dumpfiles/target/surefire-reports

-------------------------------------------------------
 T E S T S
-------------------------------------------------------
Running org.wikidata.wdtk.dumpfiles.JsonDumpFileProcessingTest
SLF4J: Failed to load class "org.slf4j.impl.StaticLoggerBinder".
SLF4J: Defaulting to no-operation (NOP) logger implementation
SLF4J: See http://www.slf4j.org/codes.html#StaticLoggerBinder for further details.
Tests run: 4, Failures: 0, Errors: 0, Skipped: 1, Time elapsed: 4.017 sec
Running org.wikidata.wdtk.dumpfiles.SitesTest
Tests run: 1, Failures: 0, Errors: 0, Skipped: 0, Time elapsed: 0.25 sec
Running org.wikidata.wdtk.dumpfiles.wmf.WmfOnlineDailyDumpFileTest
Tests run: 6, Failures: 0, Errors: 0, Skipped: 0, Time elapsed: 0.03 sec
Running org.wikidata.wdtk.dumpfiles.wmf.WmfDumpFileManagerTest
Tests run: 10, Failures: 0, Errors: 0, Skipped: 0, Time elapsed: 0.253 sec
Running org.wikidata.wdtk.dumpfiles.wmf.WmfLocalDumpFileTest
Tests run: 3, Failures: 0, Errors: 0, Skipped: 0, Time elapsed: 0.286 sec
Running org.wikidata.wdtk.dumpfiles.wmf.WmfDumpFileTest
Tests run: 1, Failures: 0, Errors: 0, Skipped: 0, Time elapsed: 0.003 sec
Running org.wikidata.wdtk.dumpfiles.wmf.WmfOnlineStandardDumpFileTest
Tests run: 8, Failures: 0, Errors: 0, Skipped: 0, Time elapsed: 0.044 sec
Running org.wikidata.wdtk.dumpfiles.MwLocalDumpFileTest
Tests run: 11, Failures: 0, Errors: 0, Skipped: 0, Time elapsed: 0.014 sec
Running org.wikidata.wdtk.dumpfiles.MwDumpFileProcessingTest
Tests run: 6, Failures: 0, Errors: 0, Skipped: 0, Time elapsed: 0.781 sec

Results :

Tests run: 50, Failures: 0, Errors: 0, Skipped: 1

[[1;34mINFO[m] 
[[1;34mINFO[m] [1m--- [0;32mjacoco-maven-plugin:0.8.4:report[m [1m(default-cli)[m @ [36mwdtk-dumpfiles[0;1m ---[m
[[1;34mINFO[m] Loading execution data file /home/travis/build/Wikidata/Wikidata-Toolkit/wdtk-dumpfiles/target/jacoco.exec
[[1;34mINFO[m] Analyzed bundle 'Wikidata Toolkit Dump File Handling' with 22 classes
[[1;34mINFO[m] 
[[1;34mINFO[m] [1m-----------------< [0;36morg.wikidata.wdtk:wdtk-wikibaseapi[0;1m >-----------------[m
[[1;34mINFO[m] [1mBuilding Wikidata Toolkit Wikibase API 0.11.0-SNAPSHOT            [7/10][m
[[1;34mINFO[m] [1m--------------------------------[ jar ]---------------------------------[m
[[1;34mINFO[m] 
[[1;34mINFO[m] [1m--- [0;32mjacoco-maven-plugin:0.8.4:prepare-agent[m [1m(prepare-agent)[m @ [36mwdtk-wikibaseapi[0;1m ---[m
[[1;34mINFO[m] argLine set to -javaagent:/home/travis/.m2/repository/org/jacoco/org.jacoco.agent/0.8.4/org.jacoco.agent-0.8.4-runtime.jar=destfile=/home/travis/build/Wikidata/Wikidata-Toolkit/wdtk-wikibaseapi/target/jacoco.exec
[[1;34mINFO[m] 
[[1;34mINFO[m] [1m--- [0;32mlicense-maven-plugin:1.20:update-file-header[m [1m(first)[m @ [36mwdtk-wikibaseapi[0;1m ---[m
[[1;34mINFO[m] Will search files to update from root /home/travis/build/Wikidata/Wikidata-Toolkit/wdtk-wikibaseapi/src/main/java
[[1;34mINFO[m] Will search files to update from root /home/travis/build/Wikidata/Wikidata-Toolkit/wdtk-wikibaseapi/src/test/java
[[1;34mINFO[m] Scan 37 files header done in 194.424ms.
[[1;34mINFO[m] All files are up-to-date.
[[1;34mINFO[m] 
[[1;34mINFO[m] [1m--- [0;32mlicense-maven-plugin:1.20:update-project-license[m [1m(first)[m @ [36mwdtk-wikibaseapi[0;1m ---[m
[[1;34mINFO[m] 
[[1;34mINFO[m] [1m--- [0;32mmaven-resources-plugin:2.6:resources[m [1m(default-resources)[m @ [36mwdtk-wikibaseapi[0;1m ---[m
[[1;34mINFO[m] Using 'UTF-8' encoding to copy filtered resources.
[[1;34mINFO[m] skip non existing resourceDirectory /home/travis/build/Wikidata/Wikidata-Toolkit/wdtk-wikibaseapi/src/main/resources
[[1;34mINFO[m] Copying 1 resource
[[1;34mINFO[m] 
[[1;34mINFO[m] [1m--- [0;32mmaven-compiler-plugin:3.8.0:compile[m [1m(default-compile)[m @ [36mwdtk-wikibaseapi[0;1m ---[m
[[1;34mINFO[m] Changes detected - recompiling the module!
[[1;34mINFO[m] Compiling 26 source files to /home/travis/build/Wikidata/Wikidata-Toolkit/wdtk-wikibaseapi/target/classes
[[1;34mINFO[m] /home/travis/build/Wikidata/Wikidata-Toolkit/wdtk-wikibaseapi/src/main/java/org/wikidata/wdtk/wikibaseapi/StatementUpdate.java: Some input files use or override a deprecated API.
[[1;34mINFO[m] /home/travis/build/Wikidata/Wikidata-Toolkit/wdtk-wikibaseapi/src/main/java/org/wikidata/wdtk/wikibaseapi/StatementUpdate.java: Recompile with -Xlint:deprecation for details.
[[1;34mINFO[m] 
[[1;34mINFO[m] [1m--- [0;32mmaven-resources-plugin:2.6:testResources[m [1m(default-testResources)[m @ [36mwdtk-wikibaseapi[0;1m ---[m
[[1;34mINFO[m] Using 'UTF-8' encoding to copy filtered resources.
[[1;34mINFO[m] Copying 19 resources
[[1;34mINFO[m] 
[[1;34mINFO[m] [1m--- [0;32mmaven-compiler-plugin:3.8.0:testCompile[m [1m(default-testCompile)[m @ [36mwdtk-wikibaseapi[0;1m ---[m
[[1;34mINFO[m] Nothing to compile - all classes are up to date
[[1;34mINFO[m] 
[[1;34mINFO[m] [1m--- [0;32mmaven-surefire-plugin:2.12.4:test[m [1m(default-test)[m @ [36mwdtk-wikibaseapi[0;1m ---[m
[[1;34mINFO[m] Surefire report directory: /home/travis/build/Wikidata/Wikidata-Toolkit/wdtk-wikibaseapi/target/surefire-reports

-------------------------------------------------------
 T E S T S
-------------------------------------------------------
Running org.wikidata.wdtk.wikibaseapi.WbEditingActionTest
SLF4J: Failed to load class "org.slf4j.impl.StaticLoggerBinder".
SLF4J: Defaulting to no-operation (NOP) logger implementation
SLF4J: See http://www.slf4j.org/codes.html#StaticLoggerBinder for further details.
Tests run: 11, Failures: 0, Errors: 2, Skipped: 0, Time elapsed: 1.054 sec <<< FAILURE!
testNoTokenInReponse(org.wikidata.wdtk.wikibaseapi.WbEditingActionTest)  Time elapsed: 0.78 sec  <<< ERROR!
java.lang.Exception: Unexpected exception, expected<org.wikidata.wdtk.wikibaseapi.apierrors.TokenErrorException> but was<java.io.IOException>
	at org.junit.internal.runners.statements.ExpectException.evaluate(ExpectException.java:28)
	at org.junit.runners.ParentRunner.runLeaf(ParentRunner.java:325)
	at org.junit.runners.BlockJUnit4ClassRunner.runChild(BlockJUnit4ClassRunner.java:78)
	at org.junit.runners.BlockJUnit4ClassRunner.runChild(BlockJUnit4ClassRunner.java:57)
	at org.junit.runners.ParentRunner$3.run(ParentRunner.java:290)
	at org.junit.runners.ParentRunner$1.schedule(ParentRunner.java:71)
	at org.junit.runners.ParentRunner.runChildren(ParentRunner.java:288)
	at org.junit.runners.ParentRunner.access$000(ParentRunner.java:58)
	at org.junit.runners.ParentRunner$2.evaluate(ParentRunner.java:268)
	at org.junit.runners.ParentRunner.run(ParentRunner.java:363)
	at org.apache.maven.surefire.junit4.JUnit4Provider.execute(JUnit4Provider.java:252)
	at org.apache.maven.surefire.junit4.JUnit4Provider.executeTestSet(JUnit4Provider.java:141)
	at org.apache.maven.surefire.junit4.JUnit4Provider.invoke(JUnit4Provider.java:112)
	at sun.reflect.NativeMethodAccessorImpl.invoke0(Native Method)
	at sun.reflect.NativeMethodAccessorImpl.invoke(NativeMethodAccessorImpl.java:62)
	at sun.reflect.DelegatingMethodAccessorImpl.invoke(DelegatingMethodAccessorImpl.java:43)
	at java.lang.reflect.Method.invoke(Method.java:498)
	at org.apache.maven.surefire.util.ReflectionUtils.invokeMethodWithArray(ReflectionUtils.java:189)
	at org.apache.maven.surefire.booter.ProviderFactory$ProviderProxy.invoke(ProviderFactory.java:165)
	at org.apache.maven.surefire.booter.ProviderFactory.invokeProvider(ProviderFactory.java:85)
	at org.apache.maven.surefire.booter.ForkedBooter.runSuitesInProcess(ForkedBooter.java:115)
	at org.apache.maven.surefire.booter.ForkedBooter.main(ForkedBooter.java:75)
Caused by: java.io.IOException: API result not mocked for parameters {meta=tokens, format=json, action=query, type=csrf}
	at org.wikidata.wdtk.wikibaseapi.MockBasicApiConnection.sendRequest(MockBasicApiConnection.java:109)
	at org.wikidata.wdtk.wikibaseapi.ApiConnection.sendJsonRequest(ApiConnection.java:456)
	at org.wikidata.wdtk.wikibaseapi.ApiConnection.fetchToken(ApiConnection.java:428)
	at org.wikidata.wdtk.wikibaseapi.ApiConnection.getOrFetchToken(ApiConnection.java:397)
	at org.wikidata.wdtk.wikibaseapi.WbEditingAction.performAPIAction(WbEditingAction.java:712)
	at org.wikidata.wdtk.wikibaseapi.WbEditingAction.wbEditEntity(WbEditingAction.java:291)
	at org.wikidata.wdtk.wikibaseapi.WbEditingActionTest.testNoTokenInReponse(WbEditingActionTest.java:105)
	at sun.reflect.NativeMethodAccessorImpl.invoke0(Native Method)
	at sun.reflect.NativeMethodAccessorImpl.invoke(NativeMethodAccessorImpl.java:62)
	at sun.reflect.DelegatingMethodAccessorImpl.invoke(DelegatingMethodAccessorImpl.java:43)
	at java.lang.reflect.Method.invoke(Method.java:498)
	at org.junit.runners.model.FrameworkMethod$1.runReflectiveCall(FrameworkMethod.java:50)
	at org.junit.internal.runners.model.ReflectiveCallable.run(ReflectiveCallable.java:12)
	at org.junit.runners.model.FrameworkMethod.invokeExplosively(FrameworkMethod.java:47)
	at org.junit.internal.runners.statements.InvokeMethod.evaluate(InvokeMethod.java:17)
	at org.junit.internal.runners.statements.ExpectException.evaluate(ExpectException.java:19)
	... 21 more

testApiErrorGettingToken(org.wikidata.wdtk.wikibaseapi.WbEditingActionTest)  Time elapsed: 0.006 sec  <<< ERROR!
java.lang.Exception: Unexpected exception, expected<org.wikidata.wdtk.wikibaseapi.apierrors.TokenErrorException> but was<java.io.IOException>
	at org.junit.internal.runners.statements.ExpectException.evaluate(ExpectException.java:28)
	at org.junit.runners.ParentRunner.runLeaf(ParentRunner.java:325)
	at org.junit.runners.BlockJUnit4ClassRunner.runChild(BlockJUnit4ClassRunner.java:78)
	at org.junit.runners.BlockJUnit4ClassRunner.runChild(BlockJUnit4ClassRunner.java:57)
	at org.junit.runners.ParentRunner$3.run(ParentRunner.java:290)
	at org.junit.runners.ParentRunner$1.schedule(ParentRunner.java:71)
	at org.junit.runners.ParentRunner.runChildren(ParentRunner.java:288)
	at org.junit.runners.ParentRunner.access$000(ParentRunner.java:58)
	at org.junit.runners.ParentRunner$2.evaluate(ParentRunner.java:268)
	at org.junit.runners.ParentRunner.run(ParentRunner.java:363)
	at org.apache.maven.surefire.junit4.JUnit4Provider.execute(JUnit4Provider.java:252)
	at org.apache.maven.surefire.junit4.JUnit4Provider.executeTestSet(JUnit4Provider.java:141)
	at org.apache.maven.surefire.junit4.JUnit4Provider.invoke(JUnit4Provider.java:112)
	at sun.reflect.NativeMethodAccessorImpl.invoke0(Native Method)
	at sun.reflect.NativeMethodAccessorImpl.invoke(NativeMethodAccessorImpl.java:62)
	at sun.reflect.DelegatingMethodAccessorImpl.invoke(DelegatingMethodAccessorImpl.java:43)
	at java.lang.reflect.Method.invoke(Method.java:498)
	at org.apache.maven.surefire.util.ReflectionUtils.invokeMethodWithArray(ReflectionUtils.java:189)
	at org.apache.maven.surefire.booter.ProviderFactory$ProviderProxy.invoke(ProviderFactory.java:165)
	at org.apache.maven.surefire.booter.ProviderFactory.invokeProvider(ProviderFactory.java:85)
	at org.apache.maven.surefire.booter.ForkedBooter.runSuitesInProcess(ForkedBooter.java:115)
	at org.apache.maven.surefire.booter.ForkedBooter.main(ForkedBooter.java:75)
Caused by: java.io.IOException: Error when trying to fetch token: org.wikidata.wdtk.wikibaseapi.apierrors.TokenErrorException: [badtoken] bla bla
	at org.wikidata.wdtk.wikibaseapi.ApiConnection.fetchToken(ApiConnection.java:431)
	at org.wikidata.wdtk.wikibaseapi.ApiConnection.getOrFetchToken(ApiConnection.java:397)
	at org.wikidata.wdtk.wikibaseapi.WbEditingAction.performAPIAction(WbEditingAction.java:712)
	at org.wikidata.wdtk.wikibaseapi.WbEditingAction.wbEditEntity(WbEditingAction.java:291)
	at org.wikidata.wdtk.wikibaseapi.WbEditingActionTest.testApiErrorGettingToken(WbEditingActionTest.java:77)
	at sun.reflect.NativeMethodAccessorImpl.invoke0(Native Method)
	at sun.reflect.NativeMethodAccessorImpl.invoke(NativeMethodAccessorImpl.java:62)
	at sun.reflect.DelegatingMethodAccessorImpl.invoke(DelegatingMethodAccessorImpl.java:43)
	at java.lang.reflect.Method.invoke(Method.java:498)
	at org.junit.runners.model.FrameworkMethod$1.runReflectiveCall(FrameworkMethod.java:50)
	at org.junit.internal.runners.model.ReflectiveCallable.run(ReflectiveCallable.java:12)
	at org.junit.runners.model.FrameworkMethod.invokeExplosively(FrameworkMethod.java:47)
	at org.junit.internal.runners.statements.InvokeMethod.evaluate(InvokeMethod.java:17)
	at org.junit.internal.runners.statements.ExpectException.evaluate(ExpectException.java:19)
	... 21 more

Running org.wikidata.wdtk.wikibaseapi.WbGetEntitiesActionTest
Tests run: 9, Failures: 0, Errors: 0, Skipped: 0, Time elapsed: 1.394 sec
Running org.wikidata.wdtk.wikibaseapi.WikibaseDataFetcherTest
Tests run: 10, Failures: 0, Errors: 0, Skipped: 0, Time elapsed: 0.332 sec
Running org.wikidata.wdtk.wikibaseapi.StatementUpdateTest
Tests run: 12, Failures: 0, Errors: 0, Skipped: 0, Time elapsed: 0.232 sec
Running org.wikidata.wdtk.wikibaseapi.BasicApiConnectionTest
Tests run: 25, Failures: 0, Errors: 0, Skipped: 0, Time elapsed: 0.494 sec
Running org.wikidata.wdtk.wikibaseapi.WbSearchEntitiesActionTest
Tests run: 4, Failures: 0, Errors: 0, Skipped: 0, Time elapsed: 0.033 sec
Running org.wikidata.wdtk.wikibaseapi.TermStatementUpdateTest
Tests run: 12, Failures: 0, Errors: 0, Skipped: 0, Time elapsed: 0.055 sec
Running org.wikidata.wdtk.wikibaseapi.apierrors.MediaWikiApiErrorHandlerTest
Tests run: 6, Failures: 0, Errors: 0, Skipped: 0, Time elapsed: 0.006 sec
Running org.wikidata.wdtk.wikibaseapi.WikibaseDataEditorTest
Tests run: 22, Failures: 0, Errors: 0, Skipped: 0, Time elapsed: 0.313 sec

Results :

Tests in error: 
  testNoTokenInReponse(org.wikidata.wdtk.wikibaseapi.WbEditingActionTest): Unexpected exception, expected<org.wikidata.wdtk.wikibaseapi.apierrors.TokenErrorException> but was<java.io.IOException>
  testApiErrorGettingToken(org.wikidata.wdtk.wikibaseapi.WbEditingActionTest): Unexpected exception, expected<org.wikidata.wdtk.wikibaseapi.apierrors.TokenErrorException> but was<java.io.IOException>

Tests run: 111, Failures: 0, Errors: 2, Skipped: 0

[[1;34mINFO[m] [1m------------------------------------------------------------------------[m
[[1;34mINFO[m] [1mReactor Summary for Wikidata Toolkit 0.11.0-SNAPSHOT:[m
[[1;34mINFO[m] 
[[1;34mINFO[m] Wikidata Toolkit ................................... [1;32mSUCCESS[m [  2.128 s]
[[1;34mINFO[m] Wikidata Toolkit Utilities ......................... [1;32mSUCCESS[m [  4.642 s]
[[1;34mINFO[m] Wikidata Toolkit Testing Utilities ................. [1;32mSUCCESS[m [  1.867 s]
[[1;34mINFO[m] Wikidata Toolkit Data Model ........................ [1;32mSUCCESS[m [  7.579 s]
[[1;34mINFO[m] Wikidata Toolkit Storage ........................... [1;32mSUCCESS[m [  2.457 s]
[[1;34mINFO[m] Wikidata Toolkit Dump File Handling ................ [1;32mSUCCESS[m [  7.076 s]
[[1;34mINFO[m] Wikidata Toolkit Wikibase API ...................... [1;31mFAILURE[m [  5.661 s]
[[1;34mINFO[m] Wikidata Toolkit RDF ............................... [1;33mSKIPPED[m
[[1;34mINFO[m] Wikidata Toolkit Examples .......................... [1;33mSKIPPED[m
[[1;34mINFO[m] Wikidata Toolkit Distribution ...................... [1;33mSKIPPED[m
[[1;34mINFO[m] [1m------------------------------------------------------------------------[m
[[1;34mINFO[m] [1;31mBUILD FAILURE[m
[[1;34mINFO[m] [1m------------------------------------------------------------------------[m
[[1;34mINFO[m] Total time:  31.988 s
[[1;34mINFO[m] Finished at: 2019-11-13T17:31:30Z
[[1;34mINFO[m] [1m------------------------------------------------------------------------[m
[[1;31mERROR[m] Failed to execute goal [32morg.apache.maven.plugins:maven-surefire-plugin:2.12.4:test[m [1m(default-test)[m on project [36mwdtk-wikibaseapi[m: [1;31mThere are test failures.[m
[[1;31mERROR[m] [1;31m[m
[[1;31mERROR[m] [1;31mPlease refer to /home/travis/build/Wikidata/Wikidata-Toolkit/wdtk-wikibaseapi/target/surefire-reports for the individual test results.[m
[[1;31mERROR[m] -> [1m[Help 1][m
[[1;31mERROR[m] 
[[1;31mERROR[m] To see the full stack trace of the errors, re-run Maven with the [1m-e[m switch.
[[1;31mERROR[m] Re-run Maven using the [1m-X[m switch to enable full debug logging.
[[1;31mERROR[m] 
[[1;31mERROR[m] For more information about the errors and possible solutions, please read the following articles:
[[1;31mERROR[m] [1m[Help 1][m http://cwiki.apache.org/confluence/display/MAVEN/MojoFailureException
[[1;31mERROR[m] 
[[1;31mERROR[m] After correcting the problems, you can resume the build with the command
[[1;31mERROR[m]   [1mmvn <goals> -rf :wdtk-wikibaseapi[m
travis_time:end:0003a03a:start=1573666257223132882,finish=1573666290820398632,duration=33597265750,event=script
[0K[31;1mThe command "mvn test jacoco:report" exited with 1.[0m
travis_fold:start:cache.2
[0Kstore build cache
travis_time:start:1ab75146
[0Ktravis_time:end:1ab75146:start=1573666290825792699,finish=1573666290829566804,duration=3774105,event=cache
[0Ktravis_time:start:0625e240
[0K[32;1mchanges detected (content changed, file is created, or file is deleted):\n/home/travis/.m2/repository/org/wikidata/wdtk/wdtk-datamodel/0.11.0-SNAPSHOT/maven-metadata-local.xml
/home/travis/.m2/repository/org/wikidata/wdtk/wdtk-datamodel/0.11.0-SNAPSHOT/_remote.repositories
/home/travis/.m2/repository/org/wikidata/wdtk/wdtk-datamodel/0.11.0-SNAPSHOT/wdtk-datamodel-0.11.0-SNAPSHOT.jar
/home/travis/.m2/repository/org/wikidata/wdtk/wdtk-datamodel/maven-metadata-local.xml
/home/travis/.m2/repository/org/wikidata/wdtk/wdtk-distribution/0.11.0-SNAPSHOT/maven-metadata-local.xml
/home/travis/.m2/repository/org/wikidata/wdtk/wdtk-distribution/0.11.0-SNAPSHOT/_remote.repositories
/home/travis/.m2/repository/org/wikidata/wdtk/wdtk-distribution/0.11.0-SNAPSHOT/wdtk-distribution-0.11.0-SNAPSHOT.jar
/home/travis/.m2/repository/org/wikidata/wdtk/wdtk-distribution/maven-metadata-local.xml
/home/travis/.m2/repository/org/wikidata/wdtk/wdtk-dumpfiles/0.11.0-SNAPSHOT/maven-metadata-local.xml
/home/travis/.m2/repository/org/wikidata/wdtk/wdtk-dumpfiles/0.11.0-SNAPSHOT/_remote.re\n...[0m
[32;1mchanges detected, packing new archive[0m
[32;1muploading issue-460-npe-when-no-network/cache--linux-xenial-e3b0c44298fc1c149afbf4c8996fb92427ae41e4649b934ca495991b7852b855--jdk-openjdk8.tgz[0m
[32;1mcache uploaded[0m
travis_time:end:0625e240:start=1573666290834896146,finish=1573666294620060873,duration=3785164727,event=cache
[0Ktravis_fold:end:cache.2
[0K

Done. Your build exited with 1.
