[INFO] Scanning for projects...
[INFO]                                                                         
[INFO] ------------------------------------------------------------------------
[INFO] Building Wicket Request 7.0.0-SNAPSHOT
[INFO] ------------------------------------------------------------------------
[INFO] 
[INFO] --- maven-remote-resources-plugin:1.4:process (default) @ wicket-request ---
[INFO] 
[INFO] --- maven-resources-plugin:2.6:resources (default-resources) @ wicket-request ---
[INFO] Using 'UTF-8' encoding to copy filtered resources.
[INFO] Copying 1 resource
[INFO] skip non existing resourceDirectory /home/ylyu/dataset/wicket3/dataset/wicket/WICKET-5345_3fc7234ea6ee62617052ade8605c71d7818cbf9b/wicket-request/src/main/resources
[INFO] Copying 3 resources
[INFO] 
[INFO] --- maven-compiler-plugin:3.1:compile (default-compile) @ wicket-request ---
[INFO] Nothing to compile - all classes are up to date
[INFO] 
[INFO] >>> clirr-maven-plugin:2.5:check (clirr-check) > compile @ wicket-request >>>
[INFO] 
[INFO] --- maven-remote-resources-plugin:1.4:process (default) @ wicket-request ---
[INFO] 
[INFO] --- maven-resources-plugin:2.6:resources (default-resources) @ wicket-request ---
[INFO] Using 'UTF-8' encoding to copy filtered resources.
[INFO] Copying 1 resource
[INFO] skip non existing resourceDirectory /home/ylyu/dataset/wicket3/dataset/wicket/WICKET-5345_3fc7234ea6ee62617052ade8605c71d7818cbf9b/wicket-request/src/main/resources
[INFO] Copying 3 resources
[INFO] Copying 3 resources
[INFO] 
[INFO] --- maven-compiler-plugin:3.1:compile (default-compile) @ wicket-request ---
[INFO] Nothing to compile - all classes are up to date
[INFO] 
[INFO] <<< clirr-maven-plugin:2.5:check (clirr-check) < compile @ wicket-request <<<
[INFO] 
[INFO] --- clirr-maven-plugin:2.5:check (clirr-check) @ wicket-request ---
[INFO] Skipping execution
[INFO] 
[INFO] --- maven-bundle-plugin:2.3.7:manifest (bundle-manifest) @ wicket-request ---
[INFO] 
[INFO] --- maven-resources-plugin:2.6:testResources (default-testResources) @ wicket-request ---
[INFO] Using 'UTF-8' encoding to copy filtered resources.
[INFO] Copying 1 resource
[INFO] Copying 3 resources
[INFO] 
[INFO] --- maven-compiler-plugin:3.1:testCompile (default-testCompile) @ wicket-request ---
[INFO] Nothing to compile - all classes are up to date
[INFO] 
[INFO] --- maven-surefire-plugin:2.12.2:test (default-test) @ wicket-request ---
[INFO] Surefire report directory: /home/ylyu/dataset/wicket3/dataset/wicket/WICKET-5345_3fc7234ea6ee62617052ade8605c71d7818cbf9b/wicket-request/target/surefire-reports
[INFO] Using configured provider org.apache.maven.surefire.junitcore.JUnitCoreProvider

-------------------------------------------------------
 T E S T S
-------------------------------------------------------
Concurrency config is parallel='none', perCoreThreadCount=true, threadCount=2, useUnlimitedThreads=false
Running org.apache.wicket.request.HttpHeaderCollectionTest
Tests run: 3, Failures: 0, Errors: 0, Skipped: 0, Time elapsed: 0.023 sec
Running org.apache.wicket.request.util.license.ApacheLicenceHeaderTest
Tests run: 1, Failures: 0, Errors: 0, Skipped: 0, Time elapsed: 0.261 sec
Running org.apache.wicket.request.http.handler.RedirectRequestHandlerTest
Tests run: 3, Failures: 0, Errors: 0, Skipped: 0, Time elapsed: 0.272 sec
Running org.apache.wicket.request.UrlUtilsTest
Tests run: 2, Failures: 0, Errors: 0, Skipped: 0, Time elapsed: 0 sec
Running org.apache.wicket.request.mapper.mount.MountParametersTest
Tests run: 3, Failures: 0, Errors: 0, Skipped: 0, Time elapsed: 0.043 sec
Running org.apache.wicket.request.mapper.CompoundRequestMapperTest
Tests run: 2, Failures: 0, Errors: 0, Skipped: 0, Time elapsed: 0.003 sec
Running org.apache.wicket.request.mapper.parameter.PageParametersEncoderTest
Tests run: 1, Failures: 0, Errors: 0, Skipped: 0, Time elapsed: 0.002 sec
Running org.apache.wicket.request.mapper.parameter.PageParametersTest
Tests run: 6, Failures: 0, Errors: 0, Skipped: 0, Time elapsed: 0.001 sec
Running org.apache.wicket.request.mapper.parameter.UrlPathPageParametersEncoderTest
Tests run: 9, Failures: 0, Errors: 0, Skipped: 0, Time elapsed: 0.002 sec
Running org.apache.wicket.request.UrlTest
Tests run: 68, Failures: 1, Errors: 0, Skipped: 0, Time elapsed: 0.022 sec <<< FAILURE!
Running org.apache.wicket.request.parameter.CombinedRequestParametersAdapterTest
Tests run: 1, Failures: 0, Errors: 0, Skipped: 0, Time elapsed: 0.001 sec

Results :

Failed tests:   compact(org.apache.wicket.request.UrlTest): expected:<a/[]d> but was:<a/[b/../]d>

Tests run: 99, Failures: 1, Errors: 0, Skipped: 0

[INFO] ------------------------------------------------------------------------
[INFO] BUILD FAILURE
[INFO] ------------------------------------------------------------------------
[INFO] Total time: 4.793 s
[INFO] Finished at: 2016-07-30T16:39:19-07:00
[INFO] Final Memory: 23M/606M
[INFO] ------------------------------------------------------------------------
[ERROR] Failed to execute goal org.apache.maven.plugins:maven-surefire-plugin:2.12.2:test (default-test) on project wicket-request: There are test failures.
[ERROR] 
[ERROR] Please refer to /home/ylyu/dataset/wicket3/dataset/wicket/WICKET-5345_3fc7234ea6ee62617052ade8605c71d7818cbf9b/wicket-request/target/surefire-reports for the individual test results.
[ERROR] -> [Help 1]
[ERROR] 
[ERROR] To see the full stack trace of the errors, re-run Maven with the -e switch.
[ERROR] Re-run Maven using the -X switch to enable full debug logging.
[ERROR] 
[ERROR] For more information about the errors and possible solutions, please read the following articles:
[ERROR] [Help 1] http://cwiki.apache.org/confluence/display/MAVEN/MojoFailureException
