[INFO] Scanning for projects...
[INFO]                                                                         
[INFO] ------------------------------------------------------------------------
[INFO] Building flink-streaming-java 1.0-SNAPSHOT
[INFO] ------------------------------------------------------------------------
[INFO] 
[INFO] --- maven-checkstyle-plugin:2.16:check (validate) @ flink-streaming-java ---
[INFO] 
[INFO] --- maven-enforcer-plugin:1.3.1:enforce (enforce-maven) @ flink-streaming-java ---
[INFO] 
[INFO] --- maven-remote-resources-plugin:1.5:process (default) @ flink-streaming-java ---
[INFO] 
[INFO] --- maven-resources-plugin:2.6:resources (default-resources) @ flink-streaming-java ---
[INFO] Using 'UTF-8' encoding to copy filtered resources.
[INFO] skip non existing resourceDirectory /space/parallel/flink/flink9/dataset/flink/FLINK-2968_59685903e6460dcba24b68d48ecd8d6a819e81b5/flink-streaming-java/src/main/resources
[INFO] Copying 3 resources
[INFO] 
[INFO] --- maven-compiler-plugin:3.1:compile (default-compile) @ flink-streaming-java ---
[INFO] Changes detected - recompiling the module!
[INFO] Compiling 217 source files to /space/parallel/flink/flink9/dataset/flink/FLINK-2968_59685903e6460dcba24b68d48ecd8d6a819e81b5/flink-streaming-java/target/classes
[WARNING] /space/parallel/flink/flink9/dataset/flink/FLINK-2968_59685903e6460dcba24b68d48ecd8d6a819e81b5/flink-streaming-java/src/main/java/org/apache/flink/streaming/api/datastream/KeyedStream.java:[135,119] unchecked cast
  required: org.apache.flink.streaming.api.transformations.OneInputTransformation<T,R>
  found:    org.apache.flink.streaming.api.transformations.StreamTransformation<R>
[WARNING] /space/parallel/flink/flink9/dataset/flink/FLINK-2968_59685903e6460dcba24b68d48ecd8d6a819e81b5/flink-streaming-java/src/main/java/org/apache/flink/streaming/api/datastream/CoGroupedStreams.java:[345,32] unchecked conversion
  required: java.lang.Class<org.apache.flink.streaming.api.datastream.CoGroupedStreams.TaggedUnion<T1,T2>>
  found:    java.lang.Class
[WARNING] /space/parallel/flink/flink9/dataset/flink/FLINK-2968_59685903e6460dcba24b68d48ecd8d6a819e81b5/flink-streaming-java/src/main/java/org/apache/flink/streaming/api/functions/source/FromElementsFunction.java:[66,55] Possible heap pollution from parameterized vararg type T
[WARNING] /space/parallel/flink/flink9/dataset/flink/FLINK-2968_59685903e6460dcba24b68d48ecd8d6a819e81b5/flink-streaming-java/src/main/java/org/apache/flink/streaming/util/FieldAccessor.java:[125,107] unchecked conversion
  required: java.lang.Class<X>
  found:    java.lang.Class
[WARNING] /space/parallel/flink/flink9/dataset/flink/FLINK-2968_59685903e6460dcba24b68d48ecd8d6a819e81b5/flink-streaming-java/src/main/java/org/apache/flink/streaming/util/FieldAccessor.java:[125,66] unchecked method invocation: method getInfoFor in class org.apache.flink.api.common.typeinfo.BasicTypeInfo is applied to given types
  required: java.lang.Class<X>
  found: java.lang.Class
[WARNING] /space/parallel/flink/flink9/dataset/flink/FLINK-2968_59685903e6460dcba24b68d48ecd8d6a819e81b5/flink-streaming-java/src/main/java/org/apache/flink/streaming/runtime/operators/windowing/EvictingNonKeyedWindowOperator.java:[66,49] unchecked conversion
  required: java.lang.Iterable<org.apache.flink.streaming.runtime.streamrecord.StreamRecord<capture#1 of ? super IN>>
  found:    java.lang.Iterable
[WARNING] /space/parallel/flink/flink9/dataset/flink/FLINK-2968_59685903e6460dcba24b68d48ecd8d6a819e81b5/flink-streaming-java/src/main/java/org/apache/flink/streaming/runtime/operators/windowing/EvictingWindowOperator.java:[72,49] unchecked conversion
  required: java.lang.Iterable<org.apache.flink.streaming.runtime.streamrecord.StreamRecord<capture#2 of ? super IN>>
  found:    java.lang.Iterable
[INFO] 
[INFO] --- maven-resources-plugin:2.6:testResources (default-testResources) @ flink-streaming-java ---
[INFO] Using 'UTF-8' encoding to copy filtered resources.
[INFO] Copying 3 resources
[INFO] Copying 3 resources
[INFO] 
[INFO] --- maven-compiler-plugin:3.1:testCompile (default-testCompile) @ flink-streaming-java ---
[INFO] Changes detected - recompiling the module!
[INFO] Compiling 112 source files to /space/parallel/flink/flink9/dataset/flink/FLINK-2968_59685903e6460dcba24b68d48ecd8d6a819e81b5/flink-streaming-java/target/test-classes
[WARNING] /space/parallel/flink/flink9/dataset/flink/FLINK-2968_59685903e6460dcba24b68d48ecd8d6a819e81b5/flink-streaming-java/src/test/java/org/apache/flink/streaming/runtime/operators/windowing/TimeWindowTranslationTest.java:[64,203] unchecked cast
  required: org.apache.flink.streaming.api.transformations.OneInputTransformation<org.apache.flink.api.java.tuple.Tuple2<java.lang.String,java.lang.Integer>,org.apache.flink.api.java.tuple.Tuple2<java.lang.String,java.lang.Integer>>
  found:    org.apache.flink.streaming.api.transformations.StreamTransformation<org.apache.flink.api.java.tuple.Tuple2<java.lang.String,java.lang.Integer>>
[WARNING] /space/parallel/flink/flink9/dataset/flink/FLINK-2968_59685903e6460dcba24b68d48ecd8d6a819e81b5/flink-streaming-java/src/test/java/org/apache/flink/streaming/runtime/operators/windowing/TimeWindowTranslationTest.java:[83,203] unchecked cast
  required: org.apache.flink.streaming.api.transformations.OneInputTransformation<org.apache.flink.api.java.tuple.Tuple2<java.lang.String,java.lang.Integer>,org.apache.flink.api.java.tuple.Tuple2<java.lang.String,java.lang.Integer>>
  found:    org.apache.flink.streaming.api.transformations.StreamTransformation<org.apache.flink.api.java.tuple.Tuple2<java.lang.String,java.lang.Integer>>
[WARNING] /space/parallel/flink/flink9/dataset/flink/FLINK-2968_59685903e6460dcba24b68d48ecd8d6a819e81b5/flink-streaming-java/src/test/java/org/apache/flink/streaming/runtime/operators/windowing/TimeWindowTranslationTest.java:[108,203] unchecked cast
  required: org.apache.flink.streaming.api.transformations.OneInputTransformation<org.apache.flink.api.java.tuple.Tuple2<java.lang.String,java.lang.Integer>,org.apache.flink.api.java.tuple.Tuple2<java.lang.String,java.lang.Integer>>
  found:    org.apache.flink.streaming.api.transformations.StreamTransformation<org.apache.flink.api.java.tuple.Tuple2<java.lang.String,java.lang.Integer>>
[WARNING] /space/parallel/flink/flink9/dataset/flink/FLINK-2968_59685903e6460dcba24b68d48ecd8d6a819e81b5/flink-streaming-java/src/test/java/org/apache/flink/streaming/runtime/operators/windowing/TimeWindowTranslationTest.java:[126,203] unchecked cast
  required: org.apache.flink.streaming.api.transformations.OneInputTransformation<org.apache.flink.api.java.tuple.Tuple2<java.lang.String,java.lang.Integer>,org.apache.flink.api.java.tuple.Tuple2<java.lang.String,java.lang.Integer>>
  found:    org.apache.flink.streaming.api.transformations.StreamTransformation<org.apache.flink.api.java.tuple.Tuple2<java.lang.String,java.lang.Integer>>
[WARNING] /space/parallel/flink/flink9/dataset/flink/FLINK-2968_59685903e6460dcba24b68d48ecd8d6a819e81b5/flink-streaming-java/src/test/java/org/apache/flink/streaming/runtime/operators/windowing/WindowTranslationTest.java:[72,203] unchecked cast
  required: org.apache.flink.streaming.api.transformations.OneInputTransformation<org.apache.flink.api.java.tuple.Tuple2<java.lang.String,java.lang.Integer>,org.apache.flink.api.java.tuple.Tuple2<java.lang.String,java.lang.Integer>>
  found:    org.apache.flink.streaming.api.transformations.StreamTransformation<org.apache.flink.api.java.tuple.Tuple2<java.lang.String,java.lang.Integer>>
[WARNING] /space/parallel/flink/flink9/dataset/flink/FLINK-2968_59685903e6460dcba24b68d48ecd8d6a819e81b5/flink-streaming-java/src/test/java/org/apache/flink/streaming/runtime/operators/windowing/WindowTranslationTest.java:[91,203] unchecked cast
  required: org.apache.flink.streaming.api.transformations.OneInputTransformation<org.apache.flink.api.java.tuple.Tuple2<java.lang.String,java.lang.Integer>,org.apache.flink.api.java.tuple.Tuple2<java.lang.String,java.lang.Integer>>
  found:    org.apache.flink.streaming.api.transformations.StreamTransformation<org.apache.flink.api.java.tuple.Tuple2<java.lang.String,java.lang.Integer>>
[WARNING] /space/parallel/flink/flink9/dataset/flink/FLINK-2968_59685903e6460dcba24b68d48ecd8d6a819e81b5/flink-streaming-java/src/test/java/org/apache/flink/streaming/runtime/operators/windowing/WindowTranslationTest.java:[114,203] unchecked cast
  required: org.apache.flink.streaming.api.transformations.OneInputTransformation<org.apache.flink.api.java.tuple.Tuple2<java.lang.String,java.lang.Integer>,org.apache.flink.api.java.tuple.Tuple2<java.lang.String,java.lang.Integer>>
  found:    org.apache.flink.streaming.api.transformations.StreamTransformation<org.apache.flink.api.java.tuple.Tuple2<java.lang.String,java.lang.Integer>>
[WARNING] /space/parallel/flink/flink9/dataset/flink/FLINK-2968_59685903e6460dcba24b68d48ecd8d6a819e81b5/flink-streaming-java/src/test/java/org/apache/flink/streaming/runtime/operators/windowing/WindowTranslationTest.java:[138,203] unchecked cast
  required: org.apache.flink.streaming.api.transformations.OneInputTransformation<org.apache.flink.api.java.tuple.Tuple2<java.lang.String,java.lang.Integer>,org.apache.flink.api.java.tuple.Tuple2<java.lang.String,java.lang.Integer>>
  found:    org.apache.flink.streaming.api.transformations.StreamTransformation<org.apache.flink.api.java.tuple.Tuple2<java.lang.String,java.lang.Integer>>
[WARNING] /space/parallel/flink/flink9/dataset/flink/FLINK-2968_59685903e6460dcba24b68d48ecd8d6a819e81b5/flink-streaming-java/src/test/java/org/apache/flink/streaming/runtime/operators/windowing/WindowTranslationTest.java:[164,203] unchecked cast
  required: org.apache.flink.streaming.api.transformations.OneInputTransformation<org.apache.flink.api.java.tuple.Tuple2<java.lang.String,java.lang.Integer>,org.apache.flink.api.java.tuple.Tuple2<java.lang.String,java.lang.Integer>>
  found:    org.apache.flink.streaming.api.transformations.StreamTransformation<org.apache.flink.api.java.tuple.Tuple2<java.lang.String,java.lang.Integer>>
[WARNING] /space/parallel/flink/flink9/dataset/flink/FLINK-2968_59685903e6460dcba24b68d48ecd8d6a819e81b5/flink-streaming-java/src/test/java/org/apache/flink/streaming/runtime/operators/windowing/WindowTranslationTest.java:[189,203] unchecked cast
  required: org.apache.flink.streaming.api.transformations.OneInputTransformation<org.apache.flink.api.java.tuple.Tuple2<java.lang.String,java.lang.Integer>,org.apache.flink.api.java.tuple.Tuple2<java.lang.String,java.lang.Integer>>
  found:    org.apache.flink.streaming.api.transformations.StreamTransformation<org.apache.flink.api.java.tuple.Tuple2<java.lang.String,java.lang.Integer>>
[WARNING] /space/parallel/flink/flink9/dataset/flink/FLINK-2968_59685903e6460dcba24b68d48ecd8d6a819e81b5/flink-streaming-java/src/test/java/org/apache/flink/streaming/runtime/operators/windowing/WindowTranslationTest.java:[215,203] unchecked cast
  required: org.apache.flink.streaming.api.transformations.OneInputTransformation<org.apache.flink.api.java.tuple.Tuple2<java.lang.String,java.lang.Integer>,org.apache.flink.api.java.tuple.Tuple2<java.lang.String,java.lang.Integer>>
  found:    org.apache.flink.streaming.api.transformations.StreamTransformation<org.apache.flink.api.java.tuple.Tuple2<java.lang.String,java.lang.Integer>>
[WARNING] /space/parallel/flink/flink9/dataset/flink/FLINK-2968_59685903e6460dcba24b68d48ecd8d6a819e81b5/flink-streaming-java/src/test/java/org/apache/flink/streaming/runtime/operators/windowing/WindowTranslationTest.java:[242,203] unchecked cast
  required: org.apache.flink.streaming.api.transformations.OneInputTransformation<org.apache.flink.api.java.tuple.Tuple2<java.lang.String,java.lang.Integer>,org.apache.flink.api.java.tuple.Tuple2<java.lang.String,java.lang.Integer>>
  found:    org.apache.flink.streaming.api.transformations.StreamTransformation<org.apache.flink.api.java.tuple.Tuple2<java.lang.String,java.lang.Integer>>
[WARNING] /space/parallel/flink/flink9/dataset/flink/FLINK-2968_59685903e6460dcba24b68d48ecd8d6a819e81b5/flink-streaming-java/src/test/java/org/apache/flink/streaming/runtime/operators/windowing/NonKeyedWindowOperatorTest.java:[403,64] unchecked call to Factory(org.apache.flink.api.common.functions.ReduceFunction<T>) as a member of the raw type org.apache.flink.streaming.runtime.operators.windowing.buffers.PreAggregatingHeapWindowBuffer.Factory
[WARNING] /space/parallel/flink/flink9/dataset/flink/FLINK-2968_59685903e6460dcba24b68d48ecd8d6a819e81b5/flink-streaming-java/src/test/java/org/apache/flink/streaming/runtime/operators/windowing/AllWindowTranslationTest.java:[69,203] unchecked cast
  required: org.apache.flink.streaming.api.transformations.OneInputTransformation<org.apache.flink.api.java.tuple.Tuple2<java.lang.String,java.lang.Integer>,org.apache.flink.api.java.tuple.Tuple2<java.lang.String,java.lang.Integer>>
  found:    org.apache.flink.streaming.api.transformations.StreamTransformation<org.apache.flink.api.java.tuple.Tuple2<java.lang.String,java.lang.Integer>>
[WARNING] /space/parallel/flink/flink9/dataset/flink/FLINK-2968_59685903e6460dcba24b68d48ecd8d6a819e81b5/flink-streaming-java/src/test/java/org/apache/flink/streaming/runtime/operators/windowing/AllWindowTranslationTest.java:[92,203] unchecked cast
  required: org.apache.flink.streaming.api.transformations.OneInputTransformation<org.apache.flink.api.java.tuple.Tuple2<java.lang.String,java.lang.Integer>,org.apache.flink.api.java.tuple.Tuple2<java.lang.String,java.lang.Integer>>
  found:    org.apache.flink.streaming.api.transformations.StreamTransformation<org.apache.flink.api.java.tuple.Tuple2<java.lang.String,java.lang.Integer>>
[WARNING] /space/parallel/flink/flink9/dataset/flink/FLINK-2968_59685903e6460dcba24b68d48ecd8d6a819e81b5/flink-streaming-java/src/test/java/org/apache/flink/streaming/runtime/operators/windowing/AllWindowTranslationTest.java:[117,203] unchecked cast
  required: org.apache.flink.streaming.api.transformations.OneInputTransformation<org.apache.flink.api.java.tuple.Tuple2<java.lang.String,java.lang.Integer>,org.apache.flink.api.java.tuple.Tuple2<java.lang.String,java.lang.Integer>>
  found:    org.apache.flink.streaming.api.transformations.StreamTransformation<org.apache.flink.api.java.tuple.Tuple2<java.lang.String,java.lang.Integer>>
[WARNING] /space/parallel/flink/flink9/dataset/flink/FLINK-2968_59685903e6460dcba24b68d48ecd8d6a819e81b5/flink-streaming-java/src/test/java/org/apache/flink/streaming/runtime/operators/windowing/AllWindowTranslationTest.java:[141,203] unchecked cast
  required: org.apache.flink.streaming.api.transformations.OneInputTransformation<org.apache.flink.api.java.tuple.Tuple2<java.lang.String,java.lang.Integer>,org.apache.flink.api.java.tuple.Tuple2<java.lang.String,java.lang.Integer>>
  found:    org.apache.flink.streaming.api.transformations.StreamTransformation<org.apache.flink.api.java.tuple.Tuple2<java.lang.String,java.lang.Integer>>
[WARNING] /space/parallel/flink/flink9/dataset/flink/FLINK-2968_59685903e6460dcba24b68d48ecd8d6a819e81b5/flink-streaming-java/src/test/java/org/apache/flink/streaming/runtime/operators/windowing/AllWindowTranslationTest.java:[166,203] unchecked cast
  required: org.apache.flink.streaming.api.transformations.OneInputTransformation<org.apache.flink.api.java.tuple.Tuple2<java.lang.String,java.lang.Integer>,org.apache.flink.api.java.tuple.Tuple2<java.lang.String,java.lang.Integer>>
  found:    org.apache.flink.streaming.api.transformations.StreamTransformation<org.apache.flink.api.java.tuple.Tuple2<java.lang.String,java.lang.Integer>>
[WARNING] /space/parallel/flink/flink9/dataset/flink/FLINK-2968_59685903e6460dcba24b68d48ecd8d6a819e81b5/flink-streaming-java/src/test/java/org/apache/flink/streaming/runtime/operators/windowing/AllWindowTranslationTest.java:[192,203] unchecked cast
  required: org.apache.flink.streaming.api.transformations.OneInputTransformation<org.apache.flink.api.java.tuple.Tuple2<java.lang.String,java.lang.Integer>,org.apache.flink.api.java.tuple.Tuple2<java.lang.String,java.lang.Integer>>
  found:    org.apache.flink.streaming.api.transformations.StreamTransformation<org.apache.flink.api.java.tuple.Tuple2<java.lang.String,java.lang.Integer>>
[WARNING] /space/parallel/flink/flink9/dataset/flink/FLINK-2968_59685903e6460dcba24b68d48ecd8d6a819e81b5/flink-streaming-java/src/test/java/org/apache/flink/streaming/api/DataStreamTest.java:[633,72] unchecked call to <OUT>map(org.apache.flink.streaming.api.functions.co.CoMapFunction<IN1,IN2,OUT>) as a member of the raw type org.apache.flink.streaming.api.datastream.ConnectedStreams
[WARNING] /space/parallel/flink/flink9/dataset/flink/FLINK-2968_59685903e6460dcba24b68d48ecd8d6a819e81b5/flink-streaming-java/src/test/java/org/apache/flink/streaming/api/DataStreamTest.java:[646,31] unchecked conversion
  required: org.apache.flink.streaming.api.functions.sink.SinkFunction<capture#1 of ?>
  found:    org.apache.flink.streaming.util.NoOpSink
[WARNING] /space/parallel/flink/flink9/dataset/flink/FLINK-2968_59685903e6460dcba24b68d48ecd8d6a819e81b5/flink-streaming-java/src/test/java/org/apache/flink/streaming/runtime/operators/windowing/WindowOperatorTest.java:[435,64] unchecked call to Factory(org.apache.flink.api.common.functions.ReduceFunction<T>) as a member of the raw type org.apache.flink.streaming.runtime.operators.windowing.buffers.PreAggregatingHeapWindowBuffer.Factory
[WARNING] /space/parallel/flink/flink9/dataset/flink/FLINK-2968_59685903e6460dcba24b68d48ecd8d6a819e81b5/flink-streaming-java/src/test/java/org/apache/flink/streaming/api/graph/StreamGraphGeneratorTest.java:[257,40] unchecked conversion
  required: org.apache.flink.streaming.runtime.streamrecord.StreamRecord<java.lang.Integer>
  found:    org.apache.flink.streaming.runtime.streamrecord.StreamRecord
[WARNING] /space/parallel/flink/flink9/dataset/flink/FLINK-2968_59685903e6460dcba24b68d48ecd8d6a819e81b5/flink-streaming-java/src/test/java/org/apache/flink/streaming/api/graph/StreamGraphGeneratorTest.java:[262,40] unchecked conversion
  required: org.apache.flink.streaming.runtime.streamrecord.StreamRecord<java.lang.Integer>
  found:    org.apache.flink.streaming.runtime.streamrecord.StreamRecord
[WARNING] /space/parallel/flink/flink9/dataset/flink/FLINK-2968_59685903e6460dcba24b68d48ecd8d6a819e81b5/flink-streaming-java/src/test/java/org/apache/flink/streaming/api/StreamExecutionEnvironmentTest.java:[131,68] unchecked cast
  required: org.apache.flink.streaming.api.functions.source.SourceFunction<T>
  found:    capture#2 of ?
[INFO] 
[INFO] --- maven-surefire-plugin:2.18.1:test (default-test) @ flink-streaming-java ---
[INFO] Surefire report directory: /space/parallel/flink/flink9/dataset/flink/FLINK-2968_59685903e6460dcba24b68d48ecd8d6a819e81b5/flink-streaming-java/target/surefire-reports

-------------------------------------------------------
 T E S T S
-------------------------------------------------------
Running org.apache.flink.streaming.api.operators.FoldWindowFunctionTest
Running org.apache.flink.streaming.api.streamtask.StreamVertexTest
Running org.apache.flink.streaming.api.operators.StreamGroupedFoldTest
Running org.apache.flink.streaming.api.operators.StreamMapTest
Running org.apache.flink.streaming.api.functions.windowing.delta.extractor.FieldFromArrayTest
Running org.apache.flink.streaming.api.operators.co.CoStreamMapTest
Tests run: 3, Failures: 0, Errors: 0, Skipped: 0, Time elapsed: 0.131 sec - in org.apache.flink.streaming.api.functions.windowing.delta.extractor.FieldFromArrayTest
Running org.apache.flink.streaming.api.functions.windowing.delta.extractor.FieldsFromArrayTest
Tests run: 3, Failures: 0, Errors: 0, Skipped: 0, Time elapsed: 0.06 sec - in org.apache.flink.streaming.api.functions.windowing.delta.extractor.FieldsFromArrayTest
Running org.apache.flink.streaming.api.functions.FromElementsFunctionTest
Running org.apache.flink.streaming.api.operators.StreamProjectTest
Running org.apache.flink.streaming.api.operators.StreamGroupedReduceTest
Running org.apache.flink.streaming.api.operators.StreamCounterTest
Running org.apache.flink.streaming.api.operators.co.CoStreamFlatMapTest
Running org.apache.flink.streaming.api.functions.PrintSinkFunctionTest
Running org.apache.flink.streaming.api.functions.source.FileMonitoringFunctionTest
Running org.apache.flink.streaming.api.operators.StreamFilterTest
Running org.apache.flink.streaming.api.functions.windowing.delta.extractor.ConcatenatedExtractTest
Running org.apache.flink.streaming.api.operators.StreamFlatMapTest
Running org.apache.flink.streaming.api.functions.windowing.delta.extractor.ArrayFromTupleTest
Running org.apache.flink.streaming.api.functions.source.SocketTextStreamFunctionTest
Running org.apache.flink.streaming.api.operators.co.SelfConnectionTest
Tests run: 2, Failures: 0, Errors: 0, Skipped: 0, Time elapsed: 0.399 sec - in org.apache.flink.streaming.api.functions.windowing.delta.extractor.ConcatenatedExtractTest
Running org.apache.flink.streaming.api.functions.windowing.delta.extractor.FieldsFromTupleTest
Running org.apache.flink.streaming.api.functions.sink.SocketClientSinkTest
Running org.apache.flink.streaming.api.functions.windowing.delta.extractor.FieldFromTupleTest
Tests run: 2, Failures: 0, Errors: 0, Skipped: 0, Time elapsed: 0.446 sec - in org.apache.flink.streaming.api.functions.windowing.delta.extractor.ArrayFromTupleTest
Tests run: 1, Failures: 0, Errors: 0, Skipped: 0, Time elapsed: 0.178 sec - in org.apache.flink.streaming.api.functions.windowing.delta.extractor.FieldsFromTupleTest
Tests run: 1, Failures: 0, Errors: 0, Skipped: 0, Time elapsed: 0.244 sec - in org.apache.flink.streaming.api.functions.windowing.delta.extractor.FieldFromTupleTest
Running org.apache.flink.streaming.api.CoStreamTest
Tests run: 1, Failures: 0, Errors: 1, Skipped: 0, Time elapsed: 1.713 sec <<< FAILURE! - in org.apache.flink.streaming.api.operators.FoldWindowFunctionTest
testFoldWindowFunctionOutputTypeConfigurable(org.apache.flink.streaming.api.operators.FoldWindowFunctionTest)  Time elapsed: 1.633 sec  <<< ERROR!
java.lang.NullPointerException: null
	at org.apache.flink.streaming.api.functions.windowing.FoldWindowFunction.apply(FoldWindowFunction.java:70)
	at org.apache.flink.streaming.api.operators.FoldWindowFunctionTest.testFoldWindowFunctionOutputTypeConfigurable(FoldWindowFunctionTest.java:120)

Tests run: 2, Failures: 0, Errors: 0, Skipped: 0, Time elapsed: 2.252 sec - in org.apache.flink.streaming.api.operators.co.CoStreamMapTest
Tests run: 2, Failures: 0, Errors: 0, Skipped: 0, Time elapsed: 2.035 sec - in org.apache.flink.streaming.api.operators.co.CoStreamFlatMapTest
Tests run: 1, Failures: 0, Errors: 0, Skipped: 0, Time elapsed: 1.795 sec - in org.apache.flink.streaming.api.functions.source.FileMonitoringFunctionTest
Tests run: 1, Failures: 0, Errors: 0, Skipped: 0, Time elapsed: 2.169 sec - in org.apache.flink.streaming.api.operators.StreamCounterTest
Tests run: 5, Failures: 0, Errors: 0, Skipped: 0, Time elapsed: 1.784 sec - in org.apache.flink.streaming.api.functions.source.SocketTextStreamFunctionTest
Tests run: 4, Failures: 0, Errors: 0, Skipped: 0, Time elapsed: 1.548 sec - in org.apache.flink.streaming.api.functions.sink.SocketClientSinkTest
Tests run: 3, Failures: 0, Errors: 0, Skipped: 0, Time elapsed: 2.294 sec - in org.apache.flink.streaming.api.functions.PrintSinkFunctionTest
Running org.apache.flink.streaming.api.complex.ComplexIntegrationTest
Running org.apache.flink.streaming.api.IterateTest
Running org.apache.flink.streaming.api.AggregationFunctionTest
Tests run: 2, Failures: 0, Errors: 0, Skipped: 0, Time elapsed: 3.225 sec - in org.apache.flink.streaming.api.operators.StreamGroupedFoldTest
Tests run: 2, Failures: 0, Errors: 0, Skipped: 0, Time elapsed: 3.31 sec - in org.apache.flink.streaming.api.operators.StreamMapTest
Tests run: 2, Failures: 0, Errors: 0, Skipped: 0, Time elapsed: 2.558 sec - in org.apache.flink.streaming.api.operators.StreamFlatMapTest
Running org.apache.flink.streaming.api.ChainedRuntimeContextTest
Tests run: 2, Failures: 0, Errors: 0, Skipped: 0, Time elapsed: 3.477 sec - in org.apache.flink.streaming.api.operators.StreamGroupedReduceTest
Running org.apache.flink.streaming.api.DataStreamTest
Tests run: 5, Failures: 0, Errors: 0, Skipped: 0, Time elapsed: 4.013 sec - in org.apache.flink.streaming.api.functions.FromElementsFunctionTest
Tests run: 2, Failures: 0, Errors: 0, Skipped: 0, Time elapsed: 3.737 sec - in org.apache.flink.streaming.api.operators.StreamFilterTest
Running org.apache.flink.streaming.api.TypeFillTest
Running org.apache.flink.streaming.api.graph.StreamGraphGeneratorTest
Running org.apache.flink.streaming.api.streamtask.StreamIterationHeadTest
Running org.apache.flink.streaming.api.SourceFunctionTest
Running org.apache.flink.streaming.api.graph.StreamingJobGraphGeneratorTest
Running org.apache.flink.streaming.api.graph.SlotAllocationTest
Running org.apache.flink.streaming.api.windowing.deltafunction.CosineDistanceTest
Tests run: 1, Failures: 0, Errors: 0, Skipped: 0, Time elapsed: 0.113 sec - in org.apache.flink.streaming.api.windowing.deltafunction.CosineDistanceTest
Running org.apache.flink.streaming.api.OutputSplitterTest
Running org.apache.flink.streaming.api.StreamExecutionEnvironmentTest
Running org.apache.flink.streaming.api.PartitionerTest
Running org.apache.flink.streaming.api.windowing.deltafunction.EuclideanDistanceTest
Tests run: 1, Failures: 0, Errors: 0, Skipped: 0, Time elapsed: 0.032 sec - in org.apache.flink.streaming.api.windowing.deltafunction.EuclideanDistanceTest
Running org.apache.flink.streaming.graph.TranslationTest
Running org.apache.flink.streaming.api.collector.OutputSelectorTest
Tests run: 1, Failures: 0, Errors: 0, Skipped: 0, Time elapsed: 0.21 sec - in org.apache.flink.streaming.api.collector.OutputSelectorTest
Running org.apache.flink.streaming.api.collector.DirectedOutputTest
Running org.apache.flink.streaming.util.keys.ArrayKeySelectorTest
Tests run: 2, Failures: 0, Errors: 0, Skipped: 0, Time elapsed: 0.334 sec - in org.apache.flink.streaming.util.keys.ArrayKeySelectorTest
Tests run: 4, Failures: 0, Errors: 0, Skipped: 0, Time elapsed: 2.846 sec - in org.apache.flink.streaming.api.SourceFunctionTest
Running org.apache.flink.streaming.util.TypeInformationSerializationSchemaTest
Tests run: 1, Failures: 0, Errors: 0, Skipped: 0, Time elapsed: 3.09 sec - in org.apache.flink.streaming.api.graph.SlotAllocationTest
Running org.apache.flink.streaming.util.FieldAccessorTest
Tests run: 2, Failures: 0, Errors: 0, Skipped: 0, Time elapsed: 0.673 sec - in org.apache.flink.streaming.util.FieldAccessorTest
Tests run: 1, Failures: 0, Errors: 0, Skipped: 0, Time elapsed: 4.636 sec - in org.apache.flink.streaming.api.streamtask.StreamIterationHeadTest
Tests run: 4, Failures: 0, Errors: 0, Skipped: 0, Time elapsed: 6.229 sec - in org.apache.flink.streaming.api.AggregationFunctionTest
Running org.apache.flink.streaming.runtime.operators.windowing.WindowOperatorTest
Running org.apache.flink.streaming.runtime.operators.windowing.EvictingNonKeyedWindowOperatorTest
Tests run: 2, Failures: 0, Errors: 0, Skipped: 0, Time elapsed: 9.297 sec - in org.apache.flink.streaming.api.operators.co.SelfConnectionTest
Running org.apache.flink.streaming.runtime.operators.windowing.KeyMapPutIfAbsentTest
Running org.apache.flink.streaming.runtime.operators.windowing.EvictingWindowOperatorTest
Running org.apache.flink.streaming.runtime.operators.windowing.TimeWindowTranslationTest
Tests run: 3, Failures: 0, Errors: 0, Skipped: 0, Time elapsed: 12.36 sec - in org.apache.flink.streaming.api.streamtask.StreamVertexTest
Running org.apache.flink.streaming.runtime.operators.windowing.AccumulatingAlignedProcessingTimeWindowOperatorTest
Running org.apache.flink.streaming.runtime.operators.windowing.KeyMapTest
Tests run: 2, Failures: 0, Errors: 0, Skipped: 0, Time elapsed: 12.882 sec - in org.apache.flink.streaming.api.operators.StreamProjectTest
Tests run: 1, Failures: 0, Errors: 0, Skipped: 0, Time elapsed: 4.201 sec - in org.apache.flink.streaming.runtime.operators.windowing.EvictingNonKeyedWindowOperatorTest
Tests run: 1, Failures: 0, Errors: 0, Skipped: 0, Time elapsed: 3.381 sec - in org.apache.flink.streaming.runtime.operators.windowing.EvictingWindowOperatorTest
Tests run: 8, Failures: 0, Errors: 0, Skipped: 0, Time elapsed: 5.244 sec - in org.apache.flink.streaming.runtime.operators.windowing.WindowOperatorTest
Tests run: 2, Failures: 0, Errors: 0, Skipped: 0, Time elapsed: 7.269 sec - in org.apache.flink.streaming.util.TypeInformationSerializationSchemaTest
Tests run: 1, Failures: 0, Errors: 0, Skipped: 0, Time elapsed: 13.915 sec - in org.apache.flink.streaming.api.CoStreamTest
Running org.apache.flink.streaming.runtime.operators.windowing.KeyMapPutTest
Tests run: 4, Failures: 0, Errors: 0, Skipped: 0, Time elapsed: 11.976 sec - in org.apache.flink.streaming.api.graph.StreamGraphGeneratorTest
Running org.apache.flink.streaming.runtime.operators.windowing.NonKeyedWindowOperatorTest
Running org.apache.flink.streaming.runtime.operators.StreamTaskTimerTest
Running org.apache.flink.streaming.runtime.operators.windowing.AllWindowTranslationTest
Tests run: 1, Failures: 0, Errors: 0, Skipped: 0, Time elapsed: 13.582 sec - in org.apache.flink.streaming.api.ChainedRuntimeContextTest
Running org.apache.flink.streaming.runtime.operators.windowing.AggregatingAlignedProcessingTimeWindowOperatorTest
Tests run: 1, Failures: 0, Errors: 0, Skipped: 0, Time elapsed: 13.168 sec - in org.apache.flink.streaming.api.TypeFillTest
Running org.apache.flink.streaming.runtime.partitioner.ShufflePartitionerTest
Tests run: 7, Failures: 0, Errors: 0, Skipped: 0, Time elapsed: 13.869 sec - in org.apache.flink.streaming.api.DataStreamTest
Tests run: 2, Failures: 0, Errors: 0, Skipped: 0, Time elapsed: 0.143 sec - in org.apache.flink.streaming.runtime.partitioner.ShufflePartitionerTest
Running org.apache.flink.streaming.runtime.operators.windowing.WindowTranslationTest
Tests run: 2, Failures: 0, Errors: 0, Skipped: 0, Time elapsed: 12.882 sec - in org.apache.flink.streaming.api.StreamExecutionEnvironmentTest
Running org.apache.flink.streaming.runtime.streamrecord.StreamRecordSerializerTest
Tests run: 1, Failures: 0, Errors: 0, Skipped: 0, Time elapsed: 13.986 sec - in org.apache.flink.streaming.api.graph.StreamingJobGraphGeneratorTest
Running org.apache.flink.streaming.runtime.partitioner.GlobalPartitionerTest
Tests run: 1, Failures: 0, Errors: 0, Skipped: 0, Time elapsed: 0.022 sec - in org.apache.flink.streaming.runtime.partitioner.GlobalPartitionerTest
Tests run: 1, Failures: 0, Errors: 0, Skipped: 0, Time elapsed: 12.696 sec - in org.apache.flink.streaming.graph.TranslationTest
Tests run: 3, Failures: 0, Errors: 0, Skipped: 0, Time elapsed: 13.694 sec - in org.apache.flink.streaming.api.PartitionerTest
Running org.apache.flink.streaming.runtime.partitioner.ForwardPartitionerTest
Tests run: 2, Failures: 0, Errors: 0, Skipped: 0, Time elapsed: 0.029 sec - in org.apache.flink.streaming.runtime.partitioner.ForwardPartitionerTest
Running org.apache.flink.streaming.runtime.partitioner.HashPartitionerTest
Tests run: 2, Failures: 0, Errors: 0, Skipped: 0, Time elapsed: 0.363 sec - in org.apache.flink.streaming.runtime.partitioner.HashPartitionerTest
Running org.apache.flink.streaming.runtime.partitioner.RebalancePartitionerTest
Tests run: 2, Failures: 0, Errors: 0, Skipped: 0, Time elapsed: 0.034 sec - in org.apache.flink.streaming.runtime.partitioner.RebalancePartitionerTest
Tests run: 2, Failures: 0, Errors: 0, Skipped: 0, Time elapsed: 1.585 sec - in org.apache.flink.streaming.runtime.streamrecord.StreamRecordSerializerTest
Tests run: 8, Failures: 0, Errors: 0, Skipped: 0, Time elapsed: 3.734 sec - in org.apache.flink.streaming.runtime.operators.windowing.NonKeyedWindowOperatorTest
Tests run: 2, Failures: 0, Errors: 0, Skipped: 0, Time elapsed: 15.232 sec - in org.apache.flink.streaming.api.OutputSplitterTest
Running org.apache.flink.streaming.runtime.io.BarrierBufferTest
Running org.apache.flink.streaming.runtime.partitioner.BroadcastPartitionerTest
Tests run: 1, Failures: 0, Errors: 0, Skipped: 0, Time elapsed: 0.156 sec - in org.apache.flink.streaming.runtime.partitioner.BroadcastPartitionerTest
Tests run: 1, Failures: 0, Errors: 0, Skipped: 0, Time elapsed: 14.652 sec - in org.apache.flink.streaming.api.collector.DirectedOutputTest
Running org.apache.flink.streaming.runtime.io.BarrierBufferMassiveRandomTest
Running org.apache.flink.streaming.runtime.io.BufferSpillerTest
Tests run: 12, Failures: 0, Errors: 0, Skipped: 0, Time elapsed: 1.388 sec - in org.apache.flink.streaming.runtime.io.BarrierBufferTest
Running org.apache.flink.streaming.runtime.io.SpilledBufferOrEventSequenceTest
Running org.apache.flink.streaming.runtime.io.BarrierTrackerTest
Tests run: 7, Failures: 0, Errors: 0, Skipped: 0, Time elapsed: 0.173 sec - in org.apache.flink.streaming.runtime.io.BarrierTrackerTest
Tests run: 2, Failures: 0, Errors: 0, Skipped: 1, Time elapsed: 13.602 sec - in org.apache.flink.streaming.runtime.operators.windowing.TimeWindowTranslationTest
Running org.apache.flink.streaming.runtime.tasks.TwoInputStreamTaskTest
Running org.apache.flink.streaming.runtime.tasks.SourceStreamTaskTest
Tests run: 12, Failures: 0, Errors: 0, Skipped: 0, Time elapsed: 13.084 sec - in org.apache.flink.streaming.runtime.operators.windowing.AccumulatingAlignedProcessingTimeWindowOperatorTest
Tests run: 3, Failures: 0, Errors: 0, Skipped: 0, Time elapsed: 9.233 sec - in org.apache.flink.streaming.runtime.operators.windowing.AllWindowTranslationTest
Running org.apache.flink.streaming.runtime.io.StreamRecordWriterTest
Tests run: 2, Failures: 0, Errors: 0, Skipped: 0, Time elapsed: 9.712 sec - in org.apache.flink.streaming.runtime.operators.StreamTaskTimerTest
Tests run: 8, Failures: 0, Errors: 0, Skipped: 0, Time elapsed: 5.158 sec - in org.apache.flink.streaming.runtime.io.SpilledBufferOrEventSequenceTest
Running org.apache.flink.streaming.runtime.tasks.OneInputStreamTaskTest
Tests run: 2, Failures: 0, Errors: 0, Skipped: 0, Time elapsed: 18.017 sec - in org.apache.flink.streaming.runtime.operators.windowing.KeyMapPutIfAbsentTest
Tests run: 1, Failures: 0, Errors: 0, Skipped: 0, Time elapsed: 3.653 sec - in org.apache.flink.streaming.runtime.io.StreamRecordWriterTest
Tests run: 4, Failures: 0, Errors: 0, Skipped: 0, Time elapsed: 12.066 sec - in org.apache.flink.streaming.runtime.operators.windowing.WindowTranslationTest
Tests run: 13, Failures: 0, Errors: 0, Skipped: 0, Time elapsed: 12.998 sec - in org.apache.flink.streaming.runtime.operators.windowing.AggregatingAlignedProcessingTimeWindowOperatorTest
Tests run: 4, Failures: 0, Errors: 0, Skipped: 0, Time elapsed: 5.635 sec - in org.apache.flink.streaming.runtime.tasks.TwoInputStreamTaskTest
Tests run: 4, Failures: 0, Errors: 0, Skipped: 0, Time elapsed: 17.946 sec - in org.apache.flink.streaming.runtime.operators.windowing.KeyMapTest
Tests run: 2, Failures: 0, Errors: 0, Skipped: 0, Time elapsed: 15.984 sec - in org.apache.flink.streaming.runtime.operators.windowing.KeyMapPutTest
Tests run: 3, Failures: 0, Errors: 0, Skipped: 0, Time elapsed: 10.009 sec - in org.apache.flink.streaming.runtime.io.BufferSpillerTest
Tests run: 4, Failures: 0, Errors: 0, Skipped: 0, Time elapsed: 4.204 sec - in org.apache.flink.streaming.runtime.tasks.OneInputStreamTaskTest
Tests run: 2, Failures: 0, Errors: 0, Skipped: 0, Time elapsed: 7.542 sec - in org.apache.flink.streaming.runtime.tasks.SourceStreamTaskTest
Tests run: 14, Failures: 0, Errors: 0, Skipped: 0, Time elapsed: 30.502 sec - in org.apache.flink.streaming.api.IterateTest
Tests run: 1, Failures: 0, Errors: 0, Skipped: 0, Time elapsed: 13.076 sec - in org.apache.flink.streaming.runtime.io.BarrierBufferMassiveRandomTest
Tests run: 6, Failures: 0, Errors: 0, Skipped: 3, Time elapsed: 32.143 sec - in org.apache.flink.streaming.api.complex.ComplexIntegrationTest

Results :

Tests in error: 
  FoldWindowFunctionTest.testFoldWindowFunctionOutputTypeConfigurable:120 Â» NullPointer

Tests run: 232, Failures: 0, Errors: 1, Skipped: 4

[INFO] ------------------------------------------------------------------------
[INFO] BUILD FAILURE
[INFO] ------------------------------------------------------------------------
[INFO] Total time: 50.835 s
[INFO] Finished at: 2016-07-14T18:44:39-07:00
[INFO] Final Memory: 58M/3502M
[INFO] ------------------------------------------------------------------------
[ERROR] Failed to execute goal org.apache.maven.plugins:maven-surefire-plugin:2.18.1:test (default-test) on project flink-streaming-java: There are test failures.
[ERROR] 
[ERROR] Please refer to /space/parallel/flink/flink9/dataset/flink/FLINK-2968_59685903e6460dcba24b68d48ecd8d6a819e81b5/flink-streaming-java/target/surefire-reports for the individual test results.
[ERROR] -> [Help 1]
[ERROR] 
[ERROR] To see the full stack trace of the errors, re-run Maven with the -e switch.
[ERROR] Re-run Maven using the -X switch to enable full debug logging.
[ERROR] 
[ERROR] For more information about the errors and possible solutions, please read the following articles:
[ERROR] [Help 1] http://cwiki.apache.org/confluence/display/MAVEN/MojoFailureException
