[INFO] Scanning for projects...
[WARNING] 
[WARNING] Some problems were encountered while building the effective model for org.apache.maven:maven-project:jar:2.1-SNAPSHOT
[WARNING] 'build.pluginManagement.plugins.plugin.(groupId:artifactId)' must be unique but found duplicate declaration of plugin org.apache.maven.plugins:maven-release-plugin @ org.apache.maven:maven:2.1-SNAPSHOT, /home/ylyu/parallel/maven/maven9/dataset/mng/MNG-1856_faa5cf27cb1d03c6ffab1429f64cb759362c3df8/pom.xml, line 166, column 17
[WARNING] 'build.pluginManagement.plugins.plugin.(groupId:artifactId)' must be unique but found duplicate declaration of plugin org.apache.maven.plugins:maven-release-plugin @ org.apache.maven:maven:2.1-SNAPSHOT, /home/ylyu/parallel/maven/maven9/dataset/mng/MNG-1856_faa5cf27cb1d03c6ffab1429f64cb759362c3df8/pom.xml, line 172, column 17
[WARNING] 'build.pluginManagement.plugins.plugin.(groupId:artifactId)' must be unique but found duplicate declaration of plugin org.apache.maven.plugins:maven-release-plugin @ org.apache.maven:maven:2.1-SNAPSHOT, /home/ylyu/parallel/maven/maven9/dataset/mng/MNG-1856_faa5cf27cb1d03c6ffab1429f64cb759362c3df8/pom.xml, line 178, column 17
[WARNING] 'build.pluginManagement.plugins.plugin.(groupId:artifactId)' must be unique but found duplicate declaration of plugin org.apache.maven.plugins:maven-release-plugin @ org.apache.maven:maven:2.1-SNAPSHOT, /home/ylyu/parallel/maven/maven9/dataset/mng/MNG-1856_faa5cf27cb1d03c6ffab1429f64cb759362c3df8/pom.xml, line 184, column 17
[WARNING] 'build.pluginManagement.plugins.plugin.(groupId:artifactId)' must be unique but found duplicate declaration of plugin org.apache.maven.plugins:maven-release-plugin @ org.apache.maven:maven:2.1-SNAPSHOT, /home/ylyu/parallel/maven/maven9/dataset/mng/MNG-1856_faa5cf27cb1d03c6ffab1429f64cb759362c3df8/pom.xml, line 190, column 17
[WARNING] 'build.pluginManagement.plugins.plugin.(groupId:artifactId)' must be unique but found duplicate declaration of plugin org.apache.maven.plugins:maven-release-plugin @ org.apache.maven:maven:2.1-SNAPSHOT, /home/ylyu/parallel/maven/maven9/dataset/mng/MNG-1856_faa5cf27cb1d03c6ffab1429f64cb759362c3df8/pom.xml, line 196, column 17
[WARNING] 'build.pluginManagement.plugins.plugin.(groupId:artifactId)' must be unique but found duplicate declaration of plugin org.apache.maven.plugins:maven-release-plugin @ org.apache.maven:maven:2.1-SNAPSHOT, /home/ylyu/parallel/maven/maven9/dataset/mng/MNG-1856_faa5cf27cb1d03c6ffab1429f64cb759362c3df8/pom.xml, line 202, column 17
[WARNING] 
[WARNING] It is highly recommended to fix these problems because they threaten the stability of your build.
[WARNING] 
[WARNING] For this reason, future Maven versions might no longer support building such malformed projects.
[WARNING] 
[INFO]                                                                         
[INFO] ------------------------------------------------------------------------
[INFO] Building Maven Project Builder 2.1-SNAPSHOT
[INFO] ------------------------------------------------------------------------
[INFO] 
[INFO] --- maven-resources-plugin:2.6:resources (default-resources) @ maven-project ---
[WARNING] Using platform encoding (UTF-8 actually) to copy filtered resources, i.e. build is platform dependent!
[INFO] Copying 2 resources
[INFO] 
[INFO] --- maven-compiler-plugin:3.1:compile (default-compile) @ maven-project ---
[INFO] Nothing to compile - all classes are up to date
[INFO] 
[INFO] --- maven-resources-plugin:2.6:testResources (default-testResources) @ maven-project ---
[WARNING] Using platform encoding (UTF-8 actually) to copy filtered resources, i.e. build is platform dependent!
[INFO] Copying 57 resources
[INFO] 
[INFO] --- maven-compiler-plugin:3.1:testCompile (default-testCompile) @ maven-project ---
[INFO] Nothing to compile - all classes are up to date
[INFO] 
[INFO] --- maven-surefire-plugin:2.12.4:test (default-test) @ maven-project ---
[INFO] Surefire report directory: /home/ylyu/parallel/maven/maven9/dataset/mng/MNG-1856_faa5cf27cb1d03c6ffab1429f64cb759362c3df8/maven-project/target/surefire-reports

-------------------------------------------------------
 T E S T S
-------------------------------------------------------
Running org.apache.maven.project.TestProjectBuilder
Tests run: 0, Failures: 0, Errors: 0, Skipped: 0, Time elapsed: 0.001 sec
Running org.apache.maven.project.TestArtifactResolver
Tests run: 0, Failures: 0, Errors: 0, Skipped: 0, Time elapsed: 0 sec
Running org.apache.maven.project.interpolation.RegexBasedModelInterpolatorTest
>>> ${env.DOES_NOT_EXIST}
>>> ${DOES_NOT_EXIST}
Tests run: 7, Failures: 0, Errors: 0, Skipped: 0, Time elapsed: 0.053 sec
Running org.apache.maven.project.artifact.MavenMetadataSourceTest
Tests run: 2, Failures: 0, Errors: 0, Skipped: 0, Time elapsed: 0.19 sec
Running org.apache.maven.project.injection.TestProfileInjector
Tests run: 0, Failures: 0, Errors: 0, Skipped: 0, Time elapsed: 0 sec
Running org.apache.maven.project.injection.DefaultModelDefaultsInjectorTest
Tests run: 10, Failures: 0, Errors: 0, Skipped: 0, Time elapsed: 0.001 sec
Running org.apache.maven.project.injection.DefaultProfileInjectorTest
Tests run: 4, Failures: 0, Errors: 0, Skipped: 0, Time elapsed: 0 sec
Running org.apache.maven.project.ProjectSorterTest
Tests run: 4, Failures: 0, Errors: 0, Skipped: 0, Time elapsed: 0.001 sec
Running org.apache.maven.project.ProjectClasspathTest
Tests run: 1, Failures: 0, Errors: 0, Skipped: 0, Time elapsed: 0.069 sec
Running org.apache.maven.project.validation.DefaultModelValidatorTest
Tests run: 16, Failures: 0, Errors: 0, Skipped: 0, Time elapsed: 0.214 sec
Running org.apache.maven.project.canonical.CanonicalProjectBuilderTest
Tests run: 1, Failures: 0, Errors: 0, Skipped: 0, Time elapsed: 0.013 sec
Running org.apache.maven.project.ModelUtilsTest
Tests run: 5, Failures: 0, Errors: 0, Skipped: 0, Time elapsed: 0.001 sec
Running org.apache.maven.project.ProjectBaseDirectoryAlignmentTest
Tests run: 1, Failures: 0, Errors: 0, Skipped: 0, Time elapsed: 0.013 sec
Running org.apache.maven.project.inheritance.DefaultModelInheritanceAssemblerTest
Resulting path is: 'http://maven.apache.org/shared/file-management'
Tests run: 20, Failures: 1, Errors: 0, Skipped: 0, Time elapsed: 0.008 sec <<< FAILURE!
testDistributionManagementInheritance(org.apache.maven.project.inheritance.DefaultModelInheritanceAssemblerTest)  Time elapsed: 0.004 sec  <<< FAILURE!
junit.framework.AssertionFailedError: Check relocation NOT inherited
	at junit.framework.Assert.fail(Assert.java:47)
	at junit.framework.Assert.assertTrue(Assert.java:20)
	at junit.framework.Assert.assertNull(Assert.java:233)
	at org.apache.maven.project.inheritance.DefaultModelInheritanceAssemblerTest.testDistributionManagementInheritance(DefaultModelInheritanceAssemblerTest.java:103)

Running org.apache.maven.project.inheritance.t00.ProjectInheritanceTest
Tests run: 1, Failures: 0, Errors: 0, Skipped: 0, Time elapsed: 0.015 sec
Running org.apache.maven.project.inheritance.t01.ProjectInheritanceTest
Tests run: 1, Failures: 0, Errors: 0, Skipped: 0, Time elapsed: 0.021 sec
Running org.apache.maven.project.MavenProjectTest
Tests run: 1, Failures: 0, Errors: 0, Skipped: 0, Time elapsed: 0.012 sec
Running org.apache.maven.profiles.DefaultProfileManagerTest
Tests run: 6, Failures: 0, Errors: 0, Skipped: 0, Time elapsed: 0.039 sec

Results :

Failed tests:   testDistributionManagementInheritance(org.apache.maven.project.inheritance.DefaultModelInheritanceAssemblerTest): Check relocation NOT inherited

Tests run: 80, Failures: 1, Errors: 0, Skipped: 0

[INFO] ------------------------------------------------------------------------
[INFO] BUILD FAILURE
[INFO] ------------------------------------------------------------------------
[INFO] Total time: 1.952 s
[INFO] Finished at: 2016-07-13T22:16:05-07:00
[INFO] Final Memory: 21M/964M
[INFO] ------------------------------------------------------------------------
[ERROR] Failed to execute goal org.apache.maven.plugins:maven-surefire-plugin:2.12.4:test (default-test) on project maven-project: There are test failures.
[ERROR] 
[ERROR] Please refer to /home/ylyu/parallel/maven/maven9/dataset/mng/MNG-1856_faa5cf27cb1d03c6ffab1429f64cb759362c3df8/maven-project/target/surefire-reports for the individual test results.
[ERROR] -> [Help 1]
[ERROR] 
[ERROR] To see the full stack trace of the errors, re-run Maven with the -e switch.
[ERROR] Re-run Maven using the -X switch to enable full debug logging.
[ERROR] 
[ERROR] For more information about the errors and possible solutions, please read the following articles:
[ERROR] [Help 1] http://cwiki.apache.org/confluence/display/MAVEN/MojoFailureException
