[INFO] Scanning for projects...
[INFO]                                                                         
[INFO] ------------------------------------------------------------------------
[INFO] Building Apache Log4J Core 2.0-beta6-SNAPSHOT
[INFO] ------------------------------------------------------------------------
[INFO] 
[INFO] --- maven-bundle-plugin:2.3.7:cleanVersions (default) @ log4j-core ---
[INFO] 
[INFO] --- maven-remote-resources-plugin:1.1:process (default) @ log4j-core ---
[INFO] Setting property: classpath.resource.loader.class => 'org.codehaus.plexus.velocity.ContextClassLoaderResourceLoader'.
[INFO] Setting property: velocimacro.messages.on => 'false'.
[INFO] Setting property: resource.loader => 'classpath'.
[INFO] Setting property: resource.manager.logwhenfound => 'false'.
[INFO] 
[INFO] --- maven-resources-plugin:2.5:resources (default-resources) @ log4j-core ---
[debug] execute contextualize
[INFO] Using 'UTF-8' encoding to copy filtered resources.
[INFO] Copying 3 resources
[INFO] Copying 3 resources
[INFO] 
[INFO] --- maven-compiler-plugin:3.0:compile (default-compile) @ log4j-core ---
[INFO] Changes detected - recompiling the module!
[INFO] Compiling 258 source files to /home/ylyu/parallel/log4j2/log4j29/dataset/logging-log4j2/LOG4J2-219_ed951c76b1c63199176ec82aef001dbf7b9df8e6/core/target/classes
[WARNING] bootstrap class path not set in conjunction with -source 1.6
[WARNING] Signature attribute introduced in version 49.0 class files is ignored in version 48.0 class files
[WARNING] Signature attribute introduced in version 49.0 class files is ignored in version 48.0 class files
[WARNING] /home/ylyu/parallel/log4j2/log4j29/dataset/logging-log4j2/LOG4J2-219_ed951c76b1c63199176ec82aef001dbf7b9df8e6/core/src/main/java/org/apache/logging/log4j/core/config/LoggerConfig.java:[179,15] found raw type: org.apache.logging.log4j.core.config.AppenderControl
  missing type arguments for generic class org.apache.logging.log4j.core.config.AppenderControl<T>
[WARNING] /home/ylyu/parallel/log4j2/log4j29/dataset/logging-log4j2/LOG4J2-219_ed951c76b1c63199176ec82aef001dbf7b9df8e6/core/src/main/java/org/apache/logging/log4j/core/config/LoggerConfig.java:[214,38] found raw type: org.apache.logging.log4j.core.config.AppenderControl
  missing type arguments for generic class org.apache.logging.log4j.core.config.AppenderControl<T>
[WARNING] /home/ylyu/parallel/log4j2/log4j29/dataset/logging-log4j2/LOG4J2-219_ed951c76b1c63199176ec82aef001dbf7b9df8e6/core/src/main/java/org/apache/logging/log4j/core/config/LoggerConfig.java:[403,20] found raw type: org.apache.logging.log4j.core.config.AppenderControl
  missing type arguments for generic class org.apache.logging.log4j.core.config.AppenderControl<T>
[WARNING] /home/ylyu/parallel/log4j2/log4j29/dataset/logging-log4j2/LOG4J2-219_ed951c76b1c63199176ec82aef001dbf7b9df8e6/core/src/main/java/org/apache/logging/log4j/core/config/Node.java:[34,19] found raw type: org.apache.logging.log4j.core.config.plugins.PluginType
  missing type arguments for generic class org.apache.logging.log4j.core.config.plugins.PluginType<T>
[WARNING] /home/ylyu/parallel/log4j2/log4j29/dataset/logging-log4j2/LOG4J2-219_ed951c76b1c63199176ec82aef001dbf7b9df8e6/core/src/main/java/org/apache/logging/log4j/core/config/Node.java:[48,61] found raw type: org.apache.logging.log4j.core.config.plugins.PluginType
  missing type arguments for generic class org.apache.logging.log4j.core.config.plugins.PluginType<T>
[WARNING] /home/ylyu/parallel/log4j2/log4j29/dataset/logging-log4j2/LOG4J2-219_ed951c76b1c63199176ec82aef001dbf7b9df8e6/core/src/main/java/org/apache/logging/log4j/core/config/Node.java:[112,12] found raw type: org.apache.logging.log4j.core.config.plugins.PluginType
  missing type arguments for generic class org.apache.logging.log4j.core.config.plugins.PluginType<T>
[WARNING] /home/ylyu/parallel/log4j2/log4j29/dataset/logging-log4j2/LOG4J2-219_ed951c76b1c63199176ec82aef001dbf7b9df8e6/core/src/main/java/org/apache/logging/log4j/core/pattern/PatternParser.java:[116,27] found raw type: org.apache.logging.log4j.core.config.plugins.PluginType
  missing type arguments for generic class org.apache.logging.log4j.core.config.plugins.PluginType<T>
[WARNING] /home/ylyu/parallel/log4j2/log4j29/dataset/logging-log4j2/LOG4J2-219_ed951c76b1c63199176ec82aef001dbf7b9df8e6/core/src/main/java/org/apache/logging/log4j/core/pattern/PatternParser.java:[119,20] found raw type: org.apache.logging.log4j.core.config.plugins.PluginType
  missing type arguments for generic class org.apache.logging.log4j.core.config.plugins.PluginType<T>
[WARNING] /home/ylyu/parallel/log4j2/log4j29/dataset/logging-log4j2/LOG4J2-219_ed951c76b1c63199176ec82aef001dbf7b9df8e6/core/src/main/java/org/apache/logging/log4j/core/config/ConfigurationFactory.java:[110,39] found raw type: org.apache.logging.log4j.core.config.plugins.PluginType
  missing type arguments for generic class org.apache.logging.log4j.core.config.plugins.PluginType<T>
[WARNING] /home/ylyu/parallel/log4j2/log4j29/dataset/logging-log4j2/LOG4J2-219_ed951c76b1c63199176ec82aef001dbf7b9df8e6/core/src/main/java/org/apache/logging/log4j/core/config/ConfigurationFactory.java:[112,32] found raw type: org.apache.logging.log4j.core.config.plugins.PluginType
  missing type arguments for generic class org.apache.logging.log4j.core.config.plugins.PluginType<T>
[WARNING] /home/ylyu/parallel/log4j2/log4j29/dataset/logging-log4j2/LOG4J2-219_ed951c76b1c63199176ec82aef001dbf7b9df8e6/core/src/main/java/org/apache/logging/log4j/core/appender/DefaultErrorHandler.java:[40,19] found raw type: org.apache.logging.log4j.core.Appender
  missing type arguments for generic class org.apache.logging.log4j.core.Appender<T>
[WARNING] /home/ylyu/parallel/log4j2/log4j29/dataset/logging-log4j2/LOG4J2-219_ed951c76b1c63199176ec82aef001dbf7b9df8e6/core/src/main/java/org/apache/logging/log4j/core/appender/DefaultErrorHandler.java:[42,38] found raw type: org.apache.logging.log4j.core.Appender
  missing type arguments for generic class org.apache.logging.log4j.core.Appender<T>
[WARNING] /home/ylyu/parallel/log4j2/log4j29/dataset/logging-log4j2/LOG4J2-219_ed951c76b1c63199176ec82aef001dbf7b9df8e6/core/src/main/java/org/apache/logging/log4j/core/layout/AbstractStringLayout.java:[40,56] found raw type: java.lang.Class
  missing type arguments for generic class java.lang.Class<T>
[WARNING] /home/ylyu/parallel/log4j2/log4j29/dataset/logging-log4j2/LOG4J2-219_ed951c76b1c63199176ec82aef001dbf7b9df8e6/core/src/main/java/org/apache/logging/log4j/core/appender/FailoverAppender.java:[79,27] found raw type: org.apache.logging.log4j.core.config.AppenderControl
  missing type arguments for generic class org.apache.logging.log4j.core.config.AppenderControl<T>
[WARNING] /home/ylyu/parallel/log4j2/log4j29/dataset/logging-log4j2/LOG4J2-219_ed951c76b1c63199176ec82aef001dbf7b9df8e6/core/src/main/java/org/apache/logging/log4j/core/appender/FailoverAppender.java:[86,43] found raw type: org.apache.logging.log4j.core.config.AppenderControl
  missing type arguments for generic class org.apache.logging.log4j.core.config.AppenderControl<T>
[WARNING] /home/ylyu/parallel/log4j2/log4j29/dataset/logging-log4j2/LOG4J2-219_ed951c76b1c63199176ec82aef001dbf7b9df8e6/core/src/main/java/org/apache/logging/log4j/core/appender/FailoverAppender.java:[136,20] found raw type: org.apache.logging.log4j.core.config.AppenderControl
  missing type arguments for generic class org.apache.logging.log4j.core.config.AppenderControl<T>
[WARNING] /home/ylyu/parallel/log4j2/log4j29/dataset/logging-log4j2/LOG4J2-219_ed951c76b1c63199176ec82aef001dbf7b9df8e6/core/src/main/java/org/apache/logging/log4j/core/config/BaseConfiguration.java:[127,20] found raw type: org.apache.logging.log4j.core.Appender
  missing type arguments for generic class org.apache.logging.log4j.core.Appender<T>
[WARNING] /home/ylyu/parallel/log4j2/log4j29/dataset/logging-log4j2/LOG4J2-219_ed951c76b1c63199176ec82aef001dbf7b9df8e6/core/src/main/java/org/apache/logging/log4j/core/config/BaseConfiguration.java:[140,65] found raw type: org.apache.logging.log4j.core.Appender
  missing type arguments for generic class org.apache.logging.log4j.core.Appender<T>
[WARNING] /home/ylyu/parallel/log4j2/log4j29/dataset/logging-log4j2/LOG4J2-219_ed951c76b1c63199176ec82aef001dbf7b9df8e6/core/src/main/java/org/apache/logging/log4j/core/config/BaseConfiguration.java:[217,23] found raw type: org.apache.logging.log4j.core.Appender
  missing type arguments for generic class org.apache.logging.log4j.core.Appender<T>
[WARNING] /home/ylyu/parallel/log4j2/log4j29/dataset/logging-log4j2/LOG4J2-219_ed951c76b1c63199176ec82aef001dbf7b9df8e6/core/src/main/java/org/apache/logging/log4j/core/config/BaseConfiguration.java:[313,35] found raw type: org.apache.logging.log4j.core.Appender
  missing type arguments for generic class org.apache.logging.log4j.core.Appender<T>
[WARNING] /home/ylyu/parallel/log4j2/log4j29/dataset/logging-log4j2/LOG4J2-219_ed951c76b1c63199176ec82aef001dbf7b9df8e6/core/src/main/java/org/apache/logging/log4j/core/config/BaseConfiguration.java:[428,15] found raw type: org.apache.logging.log4j.core.Appender
  missing type arguments for generic class org.apache.logging.log4j.core.Appender<T>
[WARNING] /home/ylyu/parallel/log4j2/log4j29/dataset/logging-log4j2/LOG4J2-219_ed951c76b1c63199176ec82aef001dbf7b9df8e6/core/src/main/java/org/apache/logging/log4j/core/config/BaseConfiguration.java:[516,15] found raw type: org.apache.logging.log4j.core.config.plugins.PluginType
  missing type arguments for generic class org.apache.logging.log4j.core.config.plugins.PluginType<T>
[WARNING] /home/ylyu/parallel/log4j2/log4j29/dataset/logging-log4j2/LOG4J2-219_ed951c76b1c63199176ec82aef001dbf7b9df8e6/core/src/main/java/org/apache/logging/log4j/core/config/BaseConfiguration.java:[549,45] found raw type: org.apache.logging.log4j.core.config.plugins.PluginType
  missing type arguments for generic class org.apache.logging.log4j.core.config.plugins.PluginType<T>
[WARNING] /home/ylyu/parallel/log4j2/log4j29/dataset/logging-log4j2/LOG4J2-219_ed951c76b1c63199176ec82aef001dbf7b9df8e6/core/src/main/java/org/apache/logging/log4j/core/config/BaseConfiguration.java:[551,15] found raw type: java.lang.Class
  missing type arguments for generic class java.lang.Class<T>
[WARNING] /home/ylyu/parallel/log4j2/log4j29/dataset/logging-log4j2/LOG4J2-219_ed951c76b1c63199176ec82aef001dbf7b9df8e6/core/src/main/java/org/apache/logging/log4j/core/config/BaseConfiguration.java:[656,35] found raw type: org.apache.logging.log4j.core.config.plugins.PluginType
  missing type arguments for generic class org.apache.logging.log4j.core.config.plugins.PluginType<T>
[WARNING] /home/ylyu/parallel/log4j2/log4j29/dataset/logging-log4j2/LOG4J2-219_ed951c76b1c63199176ec82aef001dbf7b9df8e6/core/src/main/java/org/apache/logging/log4j/core/config/BaseConfiguration.java:[700,35] found raw type: org.apache.logging.log4j.core.config.plugins.PluginType
  missing type arguments for generic class org.apache.logging.log4j.core.config.plugins.PluginType<T>
[WARNING] /home/ylyu/parallel/log4j2/log4j29/dataset/logging-log4j2/LOG4J2-219_ed951c76b1c63199176ec82aef001dbf7b9df8e6/core/src/main/java/org/apache/logging/log4j/core/config/JSONConfiguration.java:[202,15] found raw type: org.apache.logging.log4j.core.config.plugins.PluginType
  missing type arguments for generic class org.apache.logging.log4j.core.config.plugins.PluginType<T>
[WARNING] /home/ylyu/parallel/log4j2/log4j29/dataset/logging-log4j2/LOG4J2-219_ed951c76b1c63199176ec82aef001dbf7b9df8e6/core/src/main/java/org/apache/logging/log4j/core/config/JSONConfiguration.java:[218,31] found raw type: org.apache.logging.log4j.core.config.plugins.PluginType
  missing type arguments for generic class org.apache.logging.log4j.core.config.plugins.PluginType<T>
[WARNING] /home/ylyu/parallel/log4j2/log4j29/dataset/logging-log4j2/LOG4J2-219_ed951c76b1c63199176ec82aef001dbf7b9df8e6/core/src/main/java/org/apache/logging/log4j/core/config/plugins/PluginManager.java:[47,64] found raw type: org.apache.logging.log4j.core.config.plugins.PluginType
  missing type arguments for generic class org.apache.logging.log4j.core.config.plugins.PluginType<T>
[WARNING] /home/ylyu/parallel/log4j2/log4j29/dataset/logging-log4j2/LOG4J2-219_ed951c76b1c63199176ec82aef001dbf7b9df8e6/core/src/main/java/org/apache/logging/log4j/core/config/plugins/PluginManager.java:[48,61] found raw type: org.apache.logging.log4j.core.config.plugins.PluginType
  missing type arguments for generic class org.apache.logging.log4j.core.config.plugins.PluginType<T>
[WARNING] /home/ylyu/parallel/log4j2/log4j29/dataset/logging-log4j2/LOG4J2-219_ed951c76b1c63199176ec82aef001dbf7b9df8e6/core/src/main/java/org/apache/logging/log4j/core/config/plugins/PluginManager.java:[59,25] found raw type: org.apache.logging.log4j.core.config.plugins.PluginType
  missing type arguments for generic class org.apache.logging.log4j.core.config.plugins.PluginType<T>
[WARNING] /home/ylyu/parallel/log4j2/log4j29/dataset/logging-log4j2/LOG4J2-219_ed951c76b1c63199176ec82aef001dbf7b9df8e6/core/src/main/java/org/apache/logging/log4j/core/config/plugins/PluginManager.java:[59,67] found raw type: org.apache.logging.log4j.core.config.plugins.PluginType
  missing type arguments for generic class org.apache.logging.log4j.core.config.plugins.PluginType<T>
[WARNING] /home/ylyu/parallel/log4j2/log4j29/dataset/logging-log4j2/LOG4J2-219_ed951c76b1c63199176ec82aef001dbf7b9df8e6/core/src/main/java/org/apache/logging/log4j/core/config/plugins/PluginManager.java:[113,12] found raw type: org.apache.logging.log4j.core.config.plugins.PluginType
  missing type arguments for generic class org.apache.logging.log4j.core.config.plugins.PluginType<T>
[WARNING] /home/ylyu/parallel/log4j2/log4j29/dataset/logging-log4j2/LOG4J2-219_ed951c76b1c63199176ec82aef001dbf7b9df8e6/core/src/main/java/org/apache/logging/log4j/core/config/plugins/PluginManager.java:[121,24] found raw type: org.apache.logging.log4j.core.config.plugins.PluginType
  missing type arguments for generic class org.apache.logging.log4j.core.config.plugins.PluginType<T>
[WARNING] /home/ylyu/parallel/log4j2/log4j29/dataset/logging-log4j2/LOG4J2-219_ed951c76b1c63199176ec82aef001dbf7b9df8e6/core/src/main/java/org/apache/logging/log4j/core/config/plugins/PluginManager.java:[151,63] found raw type: org.apache.logging.log4j.core.config.plugins.PluginType
  missing type arguments for generic class org.apache.logging.log4j.core.config.plugins.PluginType<T>
[WARNING] /home/ylyu/parallel/log4j2/log4j29/dataset/logging-log4j2/LOG4J2-219_ed951c76b1c63199176ec82aef001dbf7b9df8e6/core/src/main/java/org/apache/logging/log4j/core/config/plugins/PluginManager.java:[179,85] found raw type: org.apache.logging.log4j.core.config.plugins.PluginType
  missing type arguments for generic class org.apache.logging.log4j.core.config.plugins.PluginType<T>
[WARNING] /home/ylyu/parallel/log4j2/log4j29/dataset/logging-log4j2/LOG4J2-219_ed951c76b1c63199176ec82aef001dbf7b9df8e6/core/src/main/java/org/apache/logging/log4j/core/config/plugins/PluginManager.java:[181,31] found raw type: org.apache.logging.log4j.core.config.plugins.PluginType
  missing type arguments for generic class org.apache.logging.log4j.core.config.plugins.PluginType<T>
[WARNING] /home/ylyu/parallel/log4j2/log4j29/dataset/logging-log4j2/LOG4J2-219_ed951c76b1c63199176ec82aef001dbf7b9df8e6/core/src/main/java/org/apache/logging/log4j/core/config/plugins/PluginManager.java:[183,54] found raw type: org.apache.logging.log4j.core.config.plugins.PluginType
  missing type arguments for generic class org.apache.logging.log4j.core.config.plugins.PluginType<T>
[WARNING] /home/ylyu/parallel/log4j2/log4j29/dataset/logging-log4j2/LOG4J2-219_ed951c76b1c63199176ec82aef001dbf7b9df8e6/core/src/main/java/org/apache/logging/log4j/core/config/plugins/PluginManager.java:[200,64] found raw type: org.apache.logging.log4j.core.config.plugins.PluginType
  missing type arguments for generic class org.apache.logging.log4j.core.config.plugins.PluginType<T>
[WARNING] /home/ylyu/parallel/log4j2/log4j29/dataset/logging-log4j2/LOG4J2-219_ed951c76b1c63199176ec82aef001dbf7b9df8e6/core/src/main/java/org/apache/logging/log4j/core/config/plugins/PluginManager.java:[208,59] found raw type: org.apache.logging.log4j.core.config.plugins.PluginType
  missing type arguments for generic class org.apache.logging.log4j.core.config.plugins.PluginType<T>
[WARNING] /home/ylyu/parallel/log4j2/log4j29/dataset/logging-log4j2/LOG4J2-219_ed951c76b1c63199176ec82aef001dbf7b9df8e6/core/src/main/java/org/apache/logging/log4j/core/config/plugins/PluginManager.java:[209,65] found raw type: org.apache.logging.log4j.core.config.plugins.PluginType
  missing type arguments for generic class org.apache.logging.log4j.core.config.plugins.PluginType<T>
[WARNING] /home/ylyu/parallel/log4j2/log4j29/dataset/logging-log4j2/LOG4J2-219_ed951c76b1c63199176ec82aef001dbf7b9df8e6/core/src/main/java/org/apache/logging/log4j/core/config/plugins/PluginManager.java:[222,43] found raw type: org.apache.logging.log4j.core.config.plugins.PluginType
  missing type arguments for generic class org.apache.logging.log4j.core.config.plugins.PluginType<T>
[WARNING] /home/ylyu/parallel/log4j2/log4j29/dataset/logging-log4j2/LOG4J2-219_ed951c76b1c63199176ec82aef001dbf7b9df8e6/core/src/main/java/org/apache/logging/log4j/core/config/plugins/PluginManager.java:[224,63] found raw type: org.apache.logging.log4j.core.config.plugins.PluginType
  missing type arguments for generic class org.apache.logging.log4j.core.config.plugins.PluginType<T>
[WARNING] /home/ylyu/parallel/log4j2/log4j29/dataset/logging-log4j2/LOG4J2-219_ed951c76b1c63199176ec82aef001dbf7b9df8e6/core/src/main/java/org/apache/logging/log4j/core/config/plugins/PluginManager.java:[233,44] found raw type: org.apache.logging.log4j.core.config.plugins.PluginType
  missing type arguments for generic class org.apache.logging.log4j.core.config.plugins.PluginType<T>
[WARNING] /home/ylyu/parallel/log4j2/log4j29/dataset/logging-log4j2/LOG4J2-219_ed951c76b1c63199176ec82aef001dbf7b9df8e6/core/src/main/java/org/apache/logging/log4j/core/config/plugins/PluginManager.java:[251,82] found raw type: org.apache.logging.log4j.core.config.plugins.PluginType
  missing type arguments for generic class org.apache.logging.log4j.core.config.plugins.PluginType<T>
[WARNING] /home/ylyu/parallel/log4j2/log4j29/dataset/logging-log4j2/LOG4J2-219_ed951c76b1c63199176ec82aef001dbf7b9df8e6/core/src/main/java/org/apache/logging/log4j/core/config/plugins/PluginManager.java:[261,64] found raw type: org.apache.logging.log4j.core.config.plugins.PluginType
  missing type arguments for generic class org.apache.logging.log4j.core.config.plugins.PluginType<T>
[WARNING] /home/ylyu/parallel/log4j2/log4j29/dataset/logging-log4j2/LOG4J2-219_ed951c76b1c63199176ec82aef001dbf7b9df8e6/core/src/main/java/org/apache/logging/log4j/core/config/plugins/PluginManager.java:[264,46] found raw type: org.apache.logging.log4j.core.config.plugins.PluginType
  missing type arguments for generic class org.apache.logging.log4j.core.config.plugins.PluginType<T>
[WARNING] /home/ylyu/parallel/log4j2/log4j29/dataset/logging-log4j2/LOG4J2-219_ed951c76b1c63199176ec82aef001dbf7b9df8e6/core/src/main/java/org/apache/logging/log4j/core/config/plugins/PluginManager.java:[266,27] found raw type: org.apache.logging.log4j.core.config.plugins.PluginType
  missing type arguments for generic class org.apache.logging.log4j.core.config.plugins.PluginType<T>
[WARNING] Signature attribute introduced in version 49.0 class files is ignored in version 48.0 class files
[WARNING] /home/ylyu/parallel/log4j2/log4j29/dataset/logging-log4j2/LOG4J2-219_ed951c76b1c63199176ec82aef001dbf7b9df8e6/core/src/main/java/org/apache/logging/log4j/core/config/plugins/ResolverUtil.java:[281,61] unchecked conversion
  required: java.util.Collection<java.lang.String>
  found:    java.util.Collection
[WARNING] /home/ylyu/parallel/log4j2/log4j29/dataset/logging-log4j2/LOG4J2-219_ed951c76b1c63199176ec82aef001dbf7b9df8e6/core/src/main/java/org/apache/logging/log4j/core/config/XMLConfiguration.java:[266,23] found raw type: org.apache.logging.log4j.core.config.plugins.PluginType
  missing type arguments for generic class org.apache.logging.log4j.core.config.plugins.PluginType<T>
[WARNING] /home/ylyu/parallel/log4j2/log4j29/dataset/logging-log4j2/LOG4J2-219_ed951c76b1c63199176ec82aef001dbf7b9df8e6/core/src/main/java/org/apache/logging/log4j/core/appender/AsyncAppender.java:[84,35] found raw type: org.apache.logging.log4j.core.config.AppenderControl
  missing type arguments for generic class org.apache.logging.log4j.core.config.AppenderControl<T>
[WARNING] /home/ylyu/parallel/log4j2/log4j29/dataset/logging-log4j2/LOG4J2-219_ed951c76b1c63199176ec82aef001dbf7b9df8e6/core/src/main/java/org/apache/logging/log4j/core/appender/AsyncAppender.java:[92,37] found raw type: org.apache.logging.log4j.core.config.AppenderControl
  missing type arguments for generic class org.apache.logging.log4j.core.config.AppenderControl<T>
[WARNING] /home/ylyu/parallel/log4j2/log4j29/dataset/logging-log4j2/LOG4J2-219_ed951c76b1c63199176ec82aef001dbf7b9df8e6/core/src/main/java/org/apache/logging/log4j/core/appender/rewrite/RewriteAppender.java:[43,41] found raw type: org.apache.logging.log4j.core.config.AppenderControl
  missing type arguments for generic class org.apache.logging.log4j.core.config.AppenderControl<T>
[WARNING] /home/ylyu/parallel/log4j2/log4j29/dataset/logging-log4j2/LOG4J2-219_ed951c76b1c63199176ec82aef001dbf7b9df8e6/core/src/main/java/org/apache/logging/log4j/core/appender/rewrite/RewriteAppender.java:[43,100] found raw type: org.apache.logging.log4j.core.config.AppenderControl
  missing type arguments for generic class org.apache.logging.log4j.core.config.AppenderControl<T>
[WARNING] /home/ylyu/parallel/log4j2/log4j29/dataset/logging-log4j2/LOG4J2-219_ed951c76b1c63199176ec82aef001dbf7b9df8e6/core/src/main/java/org/apache/logging/log4j/core/appender/rewrite/RewriteAppender.java:[62,19] found raw type: org.apache.logging.log4j.core.Appender
  missing type arguments for generic class org.apache.logging.log4j.core.Appender<T>
[WARNING] /home/ylyu/parallel/log4j2/log4j29/dataset/logging-log4j2/LOG4J2-219_ed951c76b1c63199176ec82aef001dbf7b9df8e6/core/src/main/java/org/apache/logging/log4j/core/appender/rewrite/RewriteAppender.java:[64,41] found raw type: org.apache.logging.log4j.core.config.AppenderControl
  missing type arguments for generic class org.apache.logging.log4j.core.config.AppenderControl<T>
[WARNING] /home/ylyu/parallel/log4j2/log4j29/dataset/logging-log4j2/LOG4J2-219_ed951c76b1c63199176ec82aef001dbf7b9df8e6/core/src/main/java/org/apache/logging/log4j/core/appender/rewrite/RewriteAppender.java:[86,20] found raw type: org.apache.logging.log4j.core.config.AppenderControl
  missing type arguments for generic class org.apache.logging.log4j.core.config.AppenderControl<T>
[WARNING] /home/ylyu/parallel/log4j2/log4j29/dataset/logging-log4j2/LOG4J2-219_ed951c76b1c63199176ec82aef001dbf7b9df8e6/core/src/main/java/org/apache/logging/log4j/core/selector/ClassLoaderContextSelector.java:[82,21] found raw type: java.lang.Class
  missing type arguments for generic class java.lang.Class<T>
[WARNING] /home/ylyu/parallel/log4j2/log4j29/dataset/logging-log4j2/LOG4J2-219_ed951c76b1c63199176ec82aef001dbf7b9df8e6/core/src/main/java/org/apache/logging/log4j/core/selector/ClassLoaderContextSelector.java:[107,23] found raw type: java.lang.Class
  missing type arguments for generic class java.lang.Class<T>
[WARNING] /home/ylyu/parallel/log4j2/log4j29/dataset/logging-log4j2/LOG4J2-219_ed951c76b1c63199176ec82aef001dbf7b9df8e6/core/src/main/java/org/apache/logging/log4j/core/selector/ClassLoaderContextSelector.java:[222,19] found raw type: java.lang.Class
  missing type arguments for generic class java.lang.Class<T>
[WARNING] /home/ylyu/parallel/log4j2/log4j29/dataset/logging-log4j2/LOG4J2-219_ed951c76b1c63199176ec82aef001dbf7b9df8e6/core/src/main/java/org/apache/logging/log4j/core/selector/ClassLoaderContextSelector.java:[256,16] found raw type: java.lang.Class
  missing type arguments for generic class java.lang.Class<T>
[WARNING] /home/ylyu/parallel/log4j2/log4j29/dataset/logging-log4j2/LOG4J2-219_ed951c76b1c63199176ec82aef001dbf7b9df8e6/core/src/main/java/org/apache/logging/log4j/core/selector/ClassLoaderContextSelector.java:[259,24] found raw type: java.lang.Class
  missing type arguments for generic class java.lang.Class<T>
[WARNING] /home/ylyu/parallel/log4j2/log4j29/dataset/logging-log4j2/LOG4J2-219_ed951c76b1c63199176ec82aef001dbf7b9df8e6/core/src/main/java/org/apache/logging/log4j/core/net/MulticastDNSAdvertiser.java:[84,77] found raw type: java.lang.Class
  missing type arguments for generic class java.lang.Class<T>
[WARNING] /home/ylyu/parallel/log4j2/log4j29/dataset/logging-log4j2/LOG4J2-219_ed951c76b1c63199176ec82aef001dbf7b9df8e6/core/src/main/java/org/apache/logging/log4j/core/net/MulticastDNSAdvertiser.java:[109,79] found raw type: java.lang.Class
  missing type arguments for generic class java.lang.Class<T>
[WARNING] /home/ylyu/parallel/log4j2/log4j29/dataset/logging-log4j2/LOG4J2-219_ed951c76b1c63199176ec82aef001dbf7b9df8e6/core/src/main/java/org/apache/logging/log4j/core/net/MulticastDNSAdvertiser.java:[152,32] found raw type: java.lang.Class
  missing type arguments for generic class java.lang.Class<T>
[WARNING] /home/ylyu/parallel/log4j2/log4j29/dataset/logging-log4j2/LOG4J2-219_ed951c76b1c63199176ec82aef001dbf7b9df8e6/core/src/main/java/org/apache/logging/log4j/core/net/MulticastDNSAdvertiser.java:[182,32] found raw type: java.lang.Class
  missing type arguments for generic class java.lang.Class<T>
[WARNING] /home/ylyu/parallel/log4j2/log4j29/dataset/logging-log4j2/LOG4J2-219_ed951c76b1c63199176ec82aef001dbf7b9df8e6/core/src/main/java/org/apache/logging/log4j/core/lookup/Interpolator.java:[46,27] found raw type: org.apache.logging.log4j.core.config.plugins.PluginType
  missing type arguments for generic class org.apache.logging.log4j.core.config.plugins.PluginType<T>
[WARNING] /home/ylyu/parallel/log4j2/log4j29/dataset/logging-log4j2/LOG4J2-219_ed951c76b1c63199176ec82aef001dbf7b9df8e6/core/src/main/java/org/apache/logging/log4j/core/lookup/Interpolator.java:[48,38] found raw type: org.apache.logging.log4j.core.config.plugins.PluginType
  missing type arguments for generic class org.apache.logging.log4j.core.config.plugins.PluginType<T>
[WARNING] /home/ylyu/parallel/log4j2/log4j29/dataset/logging-log4j2/LOG4J2-219_ed951c76b1c63199176ec82aef001dbf7b9df8e6/core/src/main/java/org/apache/logging/log4j/core/appender/routing/RoutingAppender.java:[85,44] found raw type: org.apache.logging.log4j.core.config.AppenderControl
  missing type arguments for generic class org.apache.logging.log4j.core.config.AppenderControl<T>
[INFO] 
[INFO] >>> exec-maven-plugin:1.2.1:java (default) > validate @ log4j-core >>>
[INFO] 
[INFO] <<< exec-maven-plugin:1.2.1:java (default) < validate @ log4j-core <<<
[INFO] 
[INFO] --- exec-maven-plugin:1.2.1:java (default) @ log4j-core ---
[INFO] 
[INFO] --- maven-bundle-plugin:2.3.7:manifest (bundle-manifest) @ log4j-core ---
[INFO] 
[INFO] --- maven-resources-plugin:2.5:testResources (default-testResources) @ log4j-core ---
[debug] execute contextualize
[INFO] Using 'UTF-8' encoding to copy filtered resources.
[INFO] Copying 83 resources
[INFO] Copying 3 resources
[INFO] 
[INFO] --- maven-compiler-plugin:3.0:testCompile (default-testCompile) @ log4j-core ---
[INFO] Changes detected - recompiling the module!
[INFO] Compiling 152 source files to /home/ylyu/parallel/log4j2/log4j29/dataset/logging-log4j2/LOG4J2-219_ed951c76b1c63199176ec82aef001dbf7b9df8e6/core/target/test-classes
[WARNING] bootstrap class path not set in conjunction with -source 1.6
[WARNING] /home/ylyu/parallel/log4j2/log4j29/dataset/logging-log4j2/LOG4J2-219_ed951c76b1c63199176ec82aef001dbf7b9df8e6/core/src/test/java/org/apache/logging/log4j/ReflectionComparison.java:[25,19] sun.reflect.Reflection is internal proprietary API and may be removed in a future release
[WARNING] /home/ylyu/parallel/log4j2/log4j29/dataset/logging-log4j2/LOG4J2-219_ed951c76b1c63199176ec82aef001dbf7b9df8e6/core/src/test/java/org/apache/logging/log4j/test/appender/ListAppender.java:[74,15] found raw type: org.apache.logging.log4j.core.Layout
  missing type arguments for generic class org.apache.logging.log4j.core.Layout<T>
[WARNING] /home/ylyu/parallel/log4j2/log4j29/dataset/logging-log4j2/LOG4J2-219_ed951c76b1c63199176ec82aef001dbf7b9df8e6/core/src/test/java/org/apache/logging/log4j/test/appender/ListAppender.java:[129,15] found raw type: org.apache.logging.log4j.core.Layout
  missing type arguments for generic class org.apache.logging.log4j.core.Layout<T>
[WARNING] /home/ylyu/parallel/log4j2/log4j29/dataset/logging-log4j2/LOG4J2-219_ed951c76b1c63199176ec82aef001dbf7b9df8e6/core/src/test/java/org/apache/logging/dumbster/smtp/SmtpMessage.java:[73,12] found raw type: java.util.Iterator
  missing type arguments for generic class java.util.Iterator<E>
[WARNING] /home/ylyu/parallel/log4j2/log4j29/dataset/logging-log4j2/LOG4J2-219_ed951c76b1c63199176ec82aef001dbf7b9df8e6/core/src/test/java/org/apache/logging/dumbster/smtp/SmtpMessage.java:[74,15] found raw type: java.util.Set
  missing type arguments for generic class java.util.Set<E>
[WARNING] /home/ylyu/parallel/log4j2/log4j29/dataset/logging-log4j2/LOG4J2-219_ed951c76b1c63199176ec82aef001dbf7b9df8e6/core/src/test/java/org/apache/logging/log4j/core/layout/SyslogLayoutTest.java:[75,20] found raw type: org.apache.logging.log4j.core.Appender
  missing type arguments for generic class org.apache.logging.log4j.core.Appender<T>
[WARNING] /home/ylyu/parallel/log4j2/log4j29/dataset/logging-log4j2/LOG4J2-219_ed951c76b1c63199176ec82aef001dbf7b9df8e6/core/src/test/java/org/apache/logging/log4j/core/filter/MapFilterTest.java:[100,15] found raw type: org.apache.logging.log4j.core.Appender
  missing type arguments for generic class org.apache.logging.log4j.core.Appender<T>
[WARNING] /home/ylyu/parallel/log4j2/log4j29/dataset/logging-log4j2/LOG4J2-219_ed951c76b1c63199176ec82aef001dbf7b9df8e6/core/src/test/java/org/apache/logging/log4j/core/appender/SocketAppenderTest.java:[102,15] found raw type: org.apache.logging.log4j.core.appender.SocketAppender
  missing type arguments for generic class org.apache.logging.log4j.core.appender.SocketAppender<T>
[WARNING] /home/ylyu/parallel/log4j2/log4j29/dataset/logging-log4j2/LOG4J2-219_ed951c76b1c63199176ec82aef001dbf7b9df8e6/core/src/test/java/org/apache/logging/log4j/core/appender/SocketAppenderTest.java:[129,15] found raw type: org.apache.logging.log4j.core.appender.SocketAppender
  missing type arguments for generic class org.apache.logging.log4j.core.appender.SocketAppender<T>
[WARNING] /home/ylyu/parallel/log4j2/log4j29/dataset/logging-log4j2/LOG4J2-219_ed951c76b1c63199176ec82aef001dbf7b9df8e6/core/src/test/java/org/apache/logging/log4j/core/appender/SocketAppenderTest.java:[147,15] found raw type: org.apache.logging.log4j.core.appender.SocketAppender
  missing type arguments for generic class org.apache.logging.log4j.core.appender.SocketAppender<T>
[WARNING] /home/ylyu/parallel/log4j2/log4j29/dataset/logging-log4j2/LOG4J2-219_ed951c76b1c63199176ec82aef001dbf7b9df8e6/core/src/test/java/org/apache/logging/log4j/core/appender/SocketAppenderTest.java:[166,15] found raw type: org.apache.logging.log4j.core.appender.SocketAppender
  missing type arguments for generic class org.apache.logging.log4j.core.appender.SocketAppender<T>
[WARNING] /home/ylyu/parallel/log4j2/log4j29/dataset/logging-log4j2/LOG4J2-219_ed951c76b1c63199176ec82aef001dbf7b9df8e6/core/src/test/java/org/apache/logging/log4j/core/config/XMLConfigurationTest.java:[85,15] found raw type: org.apache.logging.log4j.core.Appender
  missing type arguments for generic class org.apache.logging.log4j.core.Appender<T>
[WARNING] /home/ylyu/parallel/log4j2/log4j29/dataset/logging-log4j2/LOG4J2-219_ed951c76b1c63199176ec82aef001dbf7b9df8e6/core/src/test/java/org/apache/logging/log4j/core/appender/SyslogAppenderTest.java:[99,15] found raw type: org.apache.logging.log4j.core.appender.SyslogAppender
  missing type arguments for generic class org.apache.logging.log4j.core.appender.SyslogAppender<T>
[WARNING] /home/ylyu/parallel/log4j2/log4j29/dataset/logging-log4j2/LOG4J2-219_ed951c76b1c63199176ec82aef001dbf7b9df8e6/core/src/test/java/org/apache/logging/log4j/core/appender/SyslogAppenderTest.java:[121,15] found raw type: org.apache.logging.log4j.core.appender.SyslogAppender
  missing type arguments for generic class org.apache.logging.log4j.core.appender.SyslogAppender<T>
[WARNING] /home/ylyu/parallel/log4j2/log4j29/dataset/logging-log4j2/LOG4J2-219_ed951c76b1c63199176ec82aef001dbf7b9df8e6/core/src/test/java/org/apache/logging/log4j/core/appender/SyslogAppenderTest.java:[144,15] found raw type: org.apache.logging.log4j.core.appender.SyslogAppender
  missing type arguments for generic class org.apache.logging.log4j.core.appender.SyslogAppender<T>
[WARNING] /home/ylyu/parallel/log4j2/log4j29/dataset/logging-log4j2/LOG4J2-219_ed951c76b1c63199176ec82aef001dbf7b9df8e6/core/src/test/java/org/apache/logging/log4j/core/appender/SyslogAppenderTest.java:[169,15] found raw type: org.apache.logging.log4j.core.appender.SyslogAppender
  missing type arguments for generic class org.apache.logging.log4j.core.appender.SyslogAppender<T>
[WARNING] /home/ylyu/parallel/log4j2/log4j29/dataset/logging-log4j2/LOG4J2-219_ed951c76b1c63199176ec82aef001dbf7b9df8e6/core/src/test/java/org/apache/logging/log4j/core/appender/SyslogAppenderTest.java:[188,15] found raw type: org.apache.logging.log4j.core.appender.SyslogAppender
  missing type arguments for generic class org.apache.logging.log4j.core.appender.SyslogAppender<T>
[WARNING] /home/ylyu/parallel/log4j2/log4j29/dataset/logging-log4j2/LOG4J2-219_ed951c76b1c63199176ec82aef001dbf7b9df8e6/core/src/test/java/org/apache/logging/log4j/core/appender/SyslogAppenderTest.java:[211,13] found raw type: org.apache.logging.log4j.core.appender.SyslogAppender
  missing type arguments for generic class org.apache.logging.log4j.core.appender.SyslogAppender<T>
[WARNING] /home/ylyu/parallel/log4j2/log4j29/dataset/logging-log4j2/LOG4J2-219_ed951c76b1c63199176ec82aef001dbf7b9df8e6/core/src/test/java/org/apache/logging/log4j/core/util/Profiler.java:[26,20] found raw type: java.lang.Class
  missing type arguments for generic class java.lang.Class<T>
[WARNING] /home/ylyu/parallel/log4j2/log4j29/dataset/logging-log4j2/LOG4J2-219_ed951c76b1c63199176ec82aef001dbf7b9df8e6/core/src/test/java/org/apache/logging/log4j/core/util/Profiler.java:[58,43] found raw type: java.lang.Class
  missing type arguments for generic class java.lang.Class<T>
[WARNING] /home/ylyu/parallel/log4j2/log4j29/dataset/logging-log4j2/LOG4J2-219_ed951c76b1c63199176ec82aef001dbf7b9df8e6/core/src/test/java/org/apache/logging/log4j/core/util/Profiler.java:[74,43] found raw type: java.lang.Class
  missing type arguments for generic class java.lang.Class<T>
[WARNING] /home/ylyu/parallel/log4j2/log4j29/dataset/logging-log4j2/LOG4J2-219_ed951c76b1c63199176ec82aef001dbf7b9df8e6/core/src/test/java/org/apache/logging/log4j/core/net/JMSTopicTest.java:[100,15] found raw type: org.apache.logging.log4j.core.appender.JMSTopicAppender
  missing type arguments for generic class org.apache.logging.log4j.core.appender.JMSTopicAppender<T>
[WARNING] /home/ylyu/parallel/log4j2/log4j29/dataset/logging-log4j2/LOG4J2-219_ed951c76b1c63199176ec82aef001dbf7b9df8e6/core/src/test/java/org/apache/logging/log4j/core/net/SocketServerTest.java:[89,15] found raw type: org.apache.logging.log4j.core.appender.SocketAppender
  missing type arguments for generic class org.apache.logging.log4j.core.appender.SocketAppender<T>
[WARNING] /home/ylyu/parallel/log4j2/log4j29/dataset/logging-log4j2/LOG4J2-219_ed951c76b1c63199176ec82aef001dbf7b9df8e6/core/src/test/java/org/apache/logging/log4j/core/net/SocketServerTest.java:[95,15] found raw type: org.apache.logging.log4j.core.appender.ConsoleAppender
  missing type arguments for generic class org.apache.logging.log4j.core.appender.ConsoleAppender<T>
[WARNING] /home/ylyu/parallel/log4j2/log4j29/dataset/logging-log4j2/LOG4J2-219_ed951c76b1c63199176ec82aef001dbf7b9df8e6/core/src/test/java/org/apache/logging/log4j/core/appender/SMTPAppenderTest.java:[131,15] found raw type: org.apache.logging.log4j.core.appender.SMTPAppender
  missing type arguments for generic class org.apache.logging.log4j.core.appender.SMTPAppender<T>
[WARNING] /home/ylyu/parallel/log4j2/log4j29/dataset/logging-log4j2/LOG4J2-219_ed951c76b1c63199176ec82aef001dbf7b9df8e6/core/src/test/java/org/apache/logging/log4j/core/util/Compare.java:[34,15] found raw type: java.lang.Class
  missing type arguments for generic class java.lang.Class<T>
[WARNING] /home/ylyu/parallel/log4j2/log4j29/dataset/logging-log4j2/LOG4J2-219_ed951c76b1c63199176ec82aef001dbf7b9df8e6/core/src/test/java/org/apache/logging/log4j/core/util/Compare.java:[56,41] found raw type: java.lang.Class
  missing type arguments for generic class java.lang.Class<T>
[WARNING] /home/ylyu/parallel/log4j2/log4j29/dataset/logging-log4j2/LOG4J2-219_ed951c76b1c63199176ec82aef001dbf7b9df8e6/core/src/test/java/org/apache/logging/log4j/core/util/Compare.java:[72,15] found raw type: java.lang.Class
  missing type arguments for generic class java.lang.Class<T>
[WARNING] /home/ylyu/parallel/log4j2/log4j29/dataset/logging-log4j2/LOG4J2-219_ed951c76b1c63199176ec82aef001dbf7b9df8e6/core/src/test/java/org/apache/logging/log4j/core/util/Compare.java:[111,42] found raw type: java.lang.Class
  missing type arguments for generic class java.lang.Class<T>
[WARNING] /home/ylyu/parallel/log4j2/log4j29/dataset/logging-log4j2/LOG4J2-219_ed951c76b1c63199176ec82aef001dbf7b9df8e6/core/src/test/java/org/apache/logging/log4j/core/net/JMSQueueTest.java:[99,15] found raw type: org.apache.logging.log4j.core.appender.JMSQueueAppender
  missing type arguments for generic class org.apache.logging.log4j.core.appender.JMSQueueAppender<T>
[WARNING] /home/ylyu/parallel/log4j2/log4j29/dataset/logging-log4j2/LOG4J2-219_ed951c76b1c63199176ec82aef001dbf7b9df8e6/core/src/test/java/org/apache/logging/log4j/core/net/JMSQueueTest.java:[106,15] found raw type: org.apache.logging.log4j.core.appender.ConsoleAppender
  missing type arguments for generic class org.apache.logging.log4j.core.appender.ConsoleAppender<T>
[WARNING] /home/ylyu/parallel/log4j2/log4j29/dataset/logging-log4j2/LOG4J2-219_ed951c76b1c63199176ec82aef001dbf7b9df8e6/core/src/test/java/org/apache/logging/dumbster/smtp/SimpleSmtpServer.java:[232,25] found raw type: java.util.Iterator
  missing type arguments for generic class java.util.Iterator<E>
[WARNING] /home/ylyu/parallel/log4j2/log4j29/dataset/logging-log4j2/LOG4J2-219_ed951c76b1c63199176ec82aef001dbf7b9df8e6/core/src/test/java/org/apache/logging/log4j/core/FileConfigTest.java:[42,20] found raw type: org.apache.logging.log4j.test.appender.ListAppender
  missing type arguments for generic class org.apache.logging.log4j.test.appender.ListAppender<T>
[WARNING] /home/ylyu/parallel/log4j2/log4j29/dataset/logging-log4j2/LOG4J2-219_ed951c76b1c63199176ec82aef001dbf7b9df8e6/core/src/test/java/org/apache/logging/log4j/ReflectionComparison.java:[42,45] found raw type: java.lang.Class
  missing type arguments for generic class java.lang.Class<T>
[WARNING] /home/ylyu/parallel/log4j2/log4j29/dataset/logging-log4j2/LOG4J2-219_ed951c76b1c63199176ec82aef001dbf7b9df8e6/core/src/test/java/org/apache/logging/log4j/ReflectionComparison.java:[48,19] found raw type: java.lang.Class
  missing type arguments for generic class java.lang.Class<T>
[WARNING] /home/ylyu/parallel/log4j2/log4j29/dataset/logging-log4j2/LOG4J2-219_ed951c76b1c63199176ec82aef001dbf7b9df8e6/core/src/test/java/org/apache/logging/log4j/ReflectionComparison.java:[83,13] sun.reflect.Reflection is internal proprietary API and may be removed in a future release
[WARNING] /home/ylyu/parallel/log4j2/log4j29/dataset/logging-log4j2/LOG4J2-219_ed951c76b1c63199176ec82aef001dbf7b9df8e6/core/src/test/java/org/apache/logging/log4j/ReflectionComparison.java:[83,23] getCallerClass(int) in sun.reflect.Reflection has been deprecated
[WARNING] /home/ylyu/parallel/log4j2/log4j29/dataset/logging-log4j2/LOG4J2-219_ed951c76b1c63199176ec82aef001dbf7b9df8e6/core/src/test/java/org/apache/logging/log4j/ReflectionComparison.java:[112,13] found raw type: java.lang.Class
  missing type arguments for generic class java.lang.Class<T>
[WARNING] /home/ylyu/parallel/log4j2/log4j29/dataset/logging-log4j2/LOG4J2-219_ed951c76b1c63199176ec82aef001dbf7b9df8e6/core/src/test/java/org/apache/logging/log4j/core/config/TestConfigurator.java:[205,9] found raw type: org.apache.logging.log4j.core.Layout
  missing type arguments for generic class org.apache.logging.log4j.core.Layout<T>
[WARNING] /home/ylyu/parallel/log4j2/log4j29/dataset/logging-log4j2/LOG4J2-219_ed951c76b1c63199176ec82aef001dbf7b9df8e6/core/src/test/java/org/apache/logging/log4j/core/layout/RFC5424LayoutTest.java:[79,20] found raw type: org.apache.logging.log4j.core.Appender
  missing type arguments for generic class org.apache.logging.log4j.core.Appender<T>
[WARNING] /home/ylyu/parallel/log4j2/log4j29/dataset/logging-log4j2/LOG4J2-219_ed951c76b1c63199176ec82aef001dbf7b9df8e6/core/src/test/java/org/apache/logging/log4j/core/layout/RFC5424LayoutTest.java:[143,20] found raw type: org.apache.logging.log4j.core.Appender
  missing type arguments for generic class org.apache.logging.log4j.core.Appender<T>
[WARNING] /home/ylyu/parallel/log4j2/log4j29/dataset/logging-log4j2/LOG4J2-219_ed951c76b1c63199176ec82aef001dbf7b9df8e6/core/src/test/java/org/apache/logging/log4j/core/layout/RFC5424LayoutTest.java:[206,20] found raw type: org.apache.logging.log4j.core.Appender
  missing type arguments for generic class org.apache.logging.log4j.core.Appender<T>
[WARNING] /home/ylyu/parallel/log4j2/log4j29/dataset/logging-log4j2/LOG4J2-219_ed951c76b1c63199176ec82aef001dbf7b9df8e6/core/src/test/java/org/apache/logging/log4j/core/appender/FileAppenderTest.java:[151,18] static method should be qualified by type name, java.lang.Thread, instead of by an expression
[WARNING] /home/ylyu/parallel/log4j2/log4j29/dataset/logging-log4j2/LOG4J2-219_ed951c76b1c63199176ec82aef001dbf7b9df8e6/core/src/test/java/org/apache/logging/log4j/core/layout/PatternLayoutTest.java:[79,15] found raw type: org.apache.logging.log4j.core.appender.FileAppender
  missing type arguments for generic class org.apache.logging.log4j.core.appender.FileAppender<T>
[INFO] 
[INFO] --- maven-surefire-plugin:2.12.4:test (default-test) @ log4j-core ---
[INFO] Surefire report directory: /home/ylyu/parallel/log4j2/log4j29/dataset/logging-log4j2/LOG4J2-219_ed951c76b1c63199176ec82aef001dbf7b9df8e6/core/target/surefire-reports

-------------------------------------------------------
 T E S T S
-------------------------------------------------------

-------------------------------------------------------
 T E S T S
-------------------------------------------------------
Running org.apache.logging.log4j.core.lookup.StrSubstitutorTest
Tests run: 1, Failures: 0, Errors: 0, Skipped: 0, Time elapsed: 0.248 sec
Running org.apache.logging.log4j.core.lookup.ContextMapLookupTest
Tests run: 1, Failures: 0, Errors: 0, Skipped: 0, Time elapsed: 0.149 sec
Running org.apache.logging.log4j.core.lookup.InterpolatorTest
Tests run: 1, Failures: 0, Errors: 0, Skipped: 0, Time elapsed: 0.248 sec
Running org.apache.logging.log4j.core.lookup.DateLookupTest
Tests run: 1, Failures: 0, Errors: 0, Skipped: 0, Time elapsed: 0.082 sec
Running org.apache.logging.log4j.core.lookup.StructuredDataLookupTest
Tests run: 1, Failures: 0, Errors: 0, Skipped: 0, Time elapsed: 0.152 sec
Running org.apache.logging.log4j.core.lookup.EnvironmentLookupTest
Tests run: 1, Failures: 0, Errors: 0, Skipped: 0, Time elapsed: 0.043 sec
Running org.apache.logging.log4j.core.lookup.SystemPropertiesLookupTest
Tests run: 1, Failures: 0, Errors: 0, Skipped: 0, Time elapsed: 0.049 sec
Running org.apache.logging.log4j.core.BasicLoggingTest
15:39:04.862 [main] ERROR org.apache.logging.log4j.core.BasicLoggingTest - Test message
Tests run: 1, Failures: 0, Errors: 0, Skipped: 0, Time elapsed: 0.331 sec
Running org.apache.logging.log4j.core.filter.BurstFilterTest
Tests run: 1, Failures: 0, Errors: 0, Skipped: 0, Time elapsed: 7.247 sec
Running org.apache.logging.log4j.core.filter.MarkerFilterTest
Tests run: 1, Failures: 0, Errors: 0, Skipped: 0, Time elapsed: 0.173 sec
Running org.apache.logging.log4j.core.filter.RegexFilterTest
Tests run: 2, Failures: 0, Errors: 0, Skipped: 0, Time elapsed: 0.185 sec
Running org.apache.logging.log4j.core.filter.TimeFilterTest
Tests run: 1, Failures: 0, Errors: 0, Skipped: 0, Time elapsed: 0.136 sec
Running org.apache.logging.log4j.core.filter.ThresholdFilterTest
Tests run: 1, Failures: 0, Errors: 0, Skipped: 0, Time elapsed: 0.174 sec
Running org.apache.logging.log4j.core.filter.StructuredDataFilterTest
Tests run: 2, Failures: 0, Errors: 0, Skipped: 0, Time elapsed: 0.427 sec
Running org.apache.logging.log4j.core.filter.DynamicThresholdFilterTest
Tests run: 2, Failures: 0, Errors: 0, Skipped: 0, Time elapsed: 0.47 sec
Running org.apache.logging.log4j.core.filter.ThreadContextMapFilterTest
Tests run: 1, Failures: 0, Errors: 0, Skipped: 0, Time elapsed: 0.155 sec
Running org.apache.logging.log4j.core.filter.MapFilterTest
Tests run: 2, Failures: 0, Errors: 0, Skipped: 0, Time elapsed: 0.48 sec
Running org.apache.logging.log4j.core.SimplePerfTest
Timer Setup stopped. Elapsed time: 0.099638229 seconds Average per iteration: 0.000000009 seconds
Timer DebugDisabled stopped. Elapsed time: 0.028480717 seconds Average per iteration: 0.000000002 seconds
Timer DebugDisabled stopped. Elapsed time: 0.026013434 seconds Average per iteration: 0.000000002 seconds
Timer DebugLogger stopped. Elapsed time: 0.023288157 seconds Average per iteration: 0.000000002 seconds
Tests run: 3, Failures: 0, Errors: 0, Skipped: 0, Time elapsed: 0.665 sec
Running org.apache.logging.log4j.core.FileConfigTest
Tests run: 1, Failures: 0, Errors: 0, Skipped: 0, Time elapsed: 6.62 sec
Running org.apache.logging.log4j.core.AppenderRefLevelTest
Tests run: 3, Failures: 0, Errors: 0, Skipped: 0, Time elapsed: 0.483 sec
Running org.apache.logging.log4j.core.ThreadedPerfTest
Timer DebugDisabled stopped. Elapsed time: 0.001997600 seconds Average per iteration: 0.000000000 seconds
Timer DebugLogger stopped. Elapsed time: 0.055310944 seconds Average per iteration: 0.000000000 seconds
Tests run: 2, Failures: 0, Errors: 0, Skipped: 0, Time elapsed: 0.419 sec
Running org.apache.logging.log4j.core.config.AdvertiserTest
Tests run: 3, Failures: 0, Errors: 0, Skipped: 0, Time elapsed: 3.186 sec
Running org.apache.logging.log4j.core.config.XMLLoggerPropsTest
Tests run: 1, Failures: 0, Errors: 0, Skipped: 0, Time elapsed: 0.462 sec
Running org.apache.logging.log4j.core.config.FileOutputTest
Tests run: 1, Failures: 0, Errors: 0, Skipped: 0, Time elapsed: 0.498 sec
Running org.apache.logging.log4j.core.config.BaseConfigurationTest
2016-07-16 15:39:33,586 DEBUG Generated plugins in 0.001632121 seconds
2016-07-16 15:39:33,588 DEBUG Generated plugins in 0.001583512 seconds
2016-07-16 15:39:33,590 DEBUG Generated plugins in 0.001546984 seconds
2016-07-16 15:39:33,592 DEBUG Generated plugins in 0.001567658 seconds
2016-07-16 15:39:33,594 DEBUG Generated plugins in 0.001541955 seconds
2016-07-16 15:39:33,596 DEBUG Generated plugins in 0.001558787 seconds
2016-07-16 15:39:33,598 DEBUG Generated plugins in 0.001548591 seconds
2016-07-16 15:39:33,608 DEBUG Calling createLayout on class org.apache.logging.log4j.core.layout.PatternLayout for element PatternLayout with params(pattern="%d %p %c{1.} [%t] %X{aKey} %location %m %ex%n", Configuration(MissingRootTest), null, charset="null")
2016-07-16 15:39:33,610 DEBUG Generated plugins in 0.001587143 seconds
2016-07-16 15:39:33,613 DEBUG Calling createAppender on class org.apache.logging.log4j.test.appender.ListAppender for element List with params(name="List", entryPerNewLine="null", raw="null", PatternLayout(%d %p %c{1.} [%t] %X{aKey} %location %m %ex%n), null)
2016-07-16 15:39:33,614 DEBUG Calling createAppenders on class org.apache.logging.log4j.core.config.plugins.AppendersPlugin for element appenders with params(appenders={List})
2016-07-16 15:39:33,616 DEBUG Generated plugins in 0.001608724 seconds
2016-07-16 15:39:33,617 DEBUG Calling createAppenderRef on class org.apache.logging.log4j.core.config.AppenderRef for element appender-ref with params(ref="List", level="null", null)
2016-07-16 15:39:33,619 DEBUG Calling createLogger on class org.apache.logging.log4j.core.config.LoggerConfig for element logger with params(additivity="null", level="info", name="sample", includeLocation="false", appender-ref={org.apache.logging.log4j.core.config.AppenderRef@24e6fbeb}, properties={}, Configuration(MissingRootTest), null)
2016-07-16 15:39:33,620 DEBUG Calling createLoggers on class org.apache.logging.log4j.core.config.plugins.LoggersPlugin for element loggers with params(loggers={sample})
2016-07-16 15:39:33,620 WARN No Root logger was configured, using default
2016-07-16 15:39:33,622 DEBUG Generated plugins in 0.001554598 seconds
2016-07-16 15:39:33,623 DEBUG Reconfiguration completed
2016-07-16 15:39:33,627 DEBUG Generated plugins in 0.001611797 seconds
2016-07-16 15:39:33,629 DEBUG Generated plugins in 0.001562280 seconds
2016-07-16 15:39:33,631 DEBUG Generated plugins in 0.001632819 seconds
2016-07-16 15:39:33,633 DEBUG Generated plugins in 0.001815454 seconds
2016-07-16 15:39:33,635 DEBUG Generated plugins in 0.001570661 seconds
2016-07-16 15:39:33,637 DEBUG Generated plugins in 0.001562280 seconds
2016-07-16 15:39:33,639 DEBUG Generated plugins in 0.001581486 seconds
2016-07-16 15:39:33,640 DEBUG Calling createLayout on class org.apache.logging.log4j.core.layout.PatternLayout for element PatternLayout with params(pattern="%d %p %c{1.} [%t] %X{aKey} %location %m %ex%n", Configuration(MissingRootTest), null, charset="null")
2016-07-16 15:39:33,642 DEBUG Generated plugins in 0.001538044 seconds
2016-07-16 15:39:33,644 DEBUG Calling createAppender on class org.apache.logging.log4j.test.appender.ListAppender for element List with params(name="List", entryPerNewLine="null", raw="null", PatternLayout(%d %p %c{1.} [%t] %X{aKey} %location %m %ex%n), null)
2016-07-16 15:39:33,645 DEBUG Calling createAppenders on class org.apache.logging.log4j.core.config.plugins.AppendersPlugin for element appenders with params(appenders={List})
2016-07-16 15:39:33,647 DEBUG Generated plugins in 0.001488458 seconds
2016-07-16 15:39:33,647 DEBUG Calling createAppenderRef on class org.apache.logging.log4j.core.config.AppenderRef for element appender-ref with params(ref="List", level="null", null)
2016-07-16 15:39:33,649 DEBUG Calling createLogger on class org.apache.logging.log4j.core.config.LoggerConfig for element logger with params(additivity="null", level="info", name="sample", includeLocation="false", appender-ref={org.apache.logging.log4j.core.config.AppenderRef@5d11684e}, properties={}, Configuration(MissingRootTest), null)
2016-07-16 15:39:33,650 DEBUG Calling createLoggers on class org.apache.logging.log4j.core.config.plugins.LoggersPlugin for element loggers with params(loggers={sample})
2016-07-16 15:39:33,650 WARN No Root logger was configured, using default
2016-07-16 15:39:33,652 DEBUG Generated plugins in 0.001496489 seconds
Tests run: 1, Failures: 1, Errors: 0, Skipped: 0, Time elapsed: 0.458 sec <<< FAILURE!
testMissingRootLogger(org.apache.logging.log4j.core.config.BaseConfigurationTest)  Time elapsed: 0.411 sec  <<< FAILURE!
java.lang.AssertionError: sampleAppenders Size expected:<1> but was:<0>
	at org.junit.Assert.fail(Assert.java:91)
	at org.junit.Assert.failNotEquals(Assert.java:645)
	at org.junit.Assert.assertEquals(Assert.java:126)
	at org.junit.Assert.assertEquals(Assert.java:470)
	at org.apache.logging.log4j.core.config.BaseConfigurationTest.testMissingRootLogger(BaseConfigurationTest.java:42)
	at sun.reflect.NativeMethodAccessorImpl.invoke0(Native Method)
	at sun.reflect.NativeMethodAccessorImpl.invoke(NativeMethodAccessorImpl.java:57)
	at sun.reflect.DelegatingMethodAccessorImpl.invoke(DelegatingMethodAccessorImpl.java:43)
	at java.lang.reflect.Method.invoke(Method.java:606)
	at org.junit.runners.model.FrameworkMethod$1.runReflectiveCall(FrameworkMethod.java:44)
	at org.junit.internal.runners.model.ReflectiveCallable.run(ReflectiveCallable.java:15)
	at org.junit.runners.model.FrameworkMethod.invokeExplosively(FrameworkMethod.java:41)
	at org.junit.internal.runners.statements.InvokeMethod.evaluate(InvokeMethod.java:20)
	at org.junit.runners.BlockJUnit4ClassRunner.runChild(BlockJUnit4ClassRunner.java:76)
	at org.junit.runners.BlockJUnit4ClassRunner.runChild(BlockJUnit4ClassRunner.java:50)
	at org.junit.runners.ParentRunner$3.run(ParentRunner.java:193)
	at org.junit.runners.ParentRunner$1.schedule(ParentRunner.java:52)
	at org.junit.runners.ParentRunner.runChildren(ParentRunner.java:191)
	at org.junit.runners.ParentRunner.access$000(ParentRunner.java:42)
	at org.junit.runners.ParentRunner$2.evaluate(ParentRunner.java:184)
	at org.junit.runners.ParentRunner.run(ParentRunner.java:236)
	at org.apache.maven.surefire.junit4.JUnit4Provider.execute(JUnit4Provider.java:252)
	at org.apache.maven.surefire.junit4.JUnit4Provider.executeTestSet(JUnit4Provider.java:141)
	at org.apache.maven.surefire.junit4.JUnit4Provider.invoke(JUnit4Provider.java:112)
	at sun.reflect.NativeMethodAccessorImpl.invoke0(Native Method)
	at sun.reflect.NativeMethodAccessorImpl.invoke(NativeMethodAccessorImpl.java:57)
	at sun.reflect.DelegatingMethodAccessorImpl.invoke(DelegatingMethodAccessorImpl.java:43)
	at java.lang.reflect.Method.invoke(Method.java:606)
	at org.apache.maven.surefire.util.ReflectionUtils.invokeMethodWithArray(ReflectionUtils.java:189)
	at org.apache.maven.surefire.booter.ProviderFactory$ProviderProxy.invoke(ProviderFactory.java:165)
	at org.apache.maven.surefire.booter.ProviderFactory.invokeProvider(ProviderFactory.java:85)
	at org.apache.maven.surefire.booter.ForkedBooter.runSuitesInProcess(ForkedBooter.java:115)
	at org.apache.maven.surefire.booter.ForkedBooter.main(ForkedBooter.java:75)

2016-07-16 15:39:33,661 DEBUG Shutting down OutputStreamManager SYSTEM_OUT
Running org.apache.logging.log4j.core.config.TestConfigurator
2016-07-16 15:39:35,359 ERROR Unknown object "logger" of type org.apache.logging.log4j.core.config.LoggerConfig is ignored
2016-07-16 15:39:35,361 ERROR Unknown object "logger" of type org.apache.logging.log4j.core.config.LoggerConfig is ignored
2016-07-16 15:39:35,362 ERROR Unknown object "root" of type org.apache.logging.log4j.core.config.LoggerConfig is ignored
2016-07-16 15:39:35,363 WARN No Loggers were configured, using default. Is the Loggers element missing?
2016-07-16 15:39:35,470 ERROR KeyValuePair contains an invalid element or attribute "key1"
2016-07-16 15:39:35,471 ERROR A null key is not valid in MapFilter
2016-07-16 15:39:35,471 ERROR ThreadContextMapFilter is not configured with any valid key value pairs
2016-07-16 15:39:35,564 ERROR Console contains an invalid element or attribute "TypoLayout"
2016-07-16 15:39:35,611 ERROR FileManager (/VeryLongDirectoryNameaaaaaaaaaaAAAAAAAAAAbbbbbbbbbbBBBBBBBBBBccccccccccCCCCCCCCCCddddddddddDDDDDDDDDDeeeeeeeeeeEEEEEEEEEEffffffffffFFFFFFFFFFggggggggggGGGGGGGGGGhhhhhhhhhhHHHHHHHHHHiiiiiiiiiiIIIIIIIIIIjjjjjjjjjjJJJJJJJJJJkkkkkkkkkkKKKKKKKKKKllllllllllLLLLLLLLLLmmmmmmmmmmMMMMMMMMMM/test.log) java.io.FileNotFoundException: /VeryLongDirectoryNameaaaaaaaaaaAAAAAAAAAAbbbbbbbbbbBBBBBBBBBBccccccccccCCCCCCCCCCddddddddddDDDDDDDDDDeeeeeeeeeeEEEEEEEEEEffffffffffFFFFFFFFFFggggggggggGGGGGGGGGGhhhhhhhhhhHHHHHHHHHHiiiiiiiiiiIIIIIIIIIIjjjjjjjjjjJJJJJJJJJJkkkkkkkkkkKKKKKKKKKKllllllllllLLLLLLLLLLmmmmmmmmmmMMMMMMMMMM/test.log (File name too long)
2016-07-16 15:39:35,611 ERROR Unable to invoke method createAppender in class org.apache.logging.log4j.core.appender.FileAppender for element File java.lang.reflect.InvocationTargetException
	at sun.reflect.NativeMethodAccessorImpl.invoke0(Native Method)
	at sun.reflect.NativeMethodAccessorImpl.invoke(NativeMethodAccessorImpl.java:57)
	at sun.reflect.DelegatingMethodAccessorImpl.invoke(DelegatingMethodAccessorImpl.java:43)
	at java.lang.reflect.Method.invoke(Method.java:606)
	at org.apache.logging.log4j.core.config.BaseConfiguration.createPluginObject(BaseConfiguration.java:765)
	at org.apache.logging.log4j.core.config.BaseConfiguration.createConfiguration(BaseConfiguration.java:529)
	at org.apache.logging.log4j.core.config.BaseConfiguration.createConfiguration(BaseConfiguration.java:521)
	at org.apache.logging.log4j.core.config.BaseConfiguration.doConfigure(BaseConfiguration.java:170)
	at org.apache.logging.log4j.core.config.BaseConfiguration.start(BaseConfiguration.java:123)
	at org.apache.logging.log4j.core.LoggerContext.setConfiguration(LoggerContext.java:322)
	at org.apache.logging.log4j.core.LoggerContext.start(LoggerContext.java:184)
	at org.apache.logging.log4j.core.config.Configurator.initialize(Configurator.java:68)
	at org.apache.logging.log4j.core.config.Configurator.initialize(Configurator.java:47)
	at org.apache.logging.log4j.core.config.TestConfigurator.testBadFileName(TestConfigurator.java:281)
	at sun.reflect.NativeMethodAccessorImpl.invoke0(Native Method)
	at sun.reflect.NativeMethodAccessorImpl.invoke(NativeMethodAccessorImpl.java:57)
	at sun.reflect.DelegatingMethodAccessorImpl.invoke(DelegatingMethodAccessorImpl.java:43)
	at java.lang.reflect.Method.invoke(Method.java:606)
	at org.junit.runners.model.FrameworkMethod$1.runReflectiveCall(FrameworkMethod.java:44)
	at org.junit.internal.runners.model.ReflectiveCallable.run(ReflectiveCallable.java:15)
	at org.junit.runners.model.FrameworkMethod.invokeExplosively(FrameworkMethod.java:41)
	at org.junit.internal.runners.statements.InvokeMethod.evaluate(InvokeMethod.java:20)
	at org.junit.runners.BlockJUnit4ClassRunner.runChild(BlockJUnit4ClassRunner.java:76)
	at org.junit.runners.BlockJUnit4ClassRunner.runChild(BlockJUnit4ClassRunner.java:50)
	at org.junit.runners.ParentRunner$3.run(ParentRunner.java:193)
	at org.junit.runners.ParentRunner$1.schedule(ParentRunner.java:52)
	at org.junit.runners.ParentRunner.runChildren(ParentRunner.java:191)
	at org.junit.runners.ParentRunner.access$000(ParentRunner.java:42)
	at org.junit.runners.ParentRunner$2.evaluate(ParentRunner.java:184)
	at org.junit.runners.ParentRunner.run(ParentRunner.java:236)
	at org.apache.maven.surefire.junit4.JUnit4Provider.execute(JUnit4Provider.java:252)
	at org.apache.maven.surefire.junit4.JUnit4Provider.executeTestSet(JUnit4Provider.java:141)
	at org.apache.maven.surefire.junit4.JUnit4Provider.invoke(JUnit4Provider.java:112)
	at sun.reflect.NativeMethodAccessorImpl.invoke0(Native Method)
	at sun.reflect.NativeMethodAccessorImpl.invoke(NativeMethodAccessorImpl.java:57)
	at sun.reflect.DelegatingMethodAccessorImpl.invoke(DelegatingMethodAccessorImpl.java:43)
	at java.lang.reflect.Method.invoke(Method.java:606)
	at org.apache.maven.surefire.util.ReflectionUtils.invokeMethodWithArray(ReflectionUtils.java:189)
	at org.apache.maven.surefire.booter.ProviderFactory$ProviderProxy.invoke(ProviderFactory.java:165)
	at org.apache.maven.surefire.booter.ProviderFactory.invokeProvider(ProviderFactory.java:85)
	at org.apache.maven.surefire.booter.ForkedBooter.runSuitesInProcess(ForkedBooter.java:115)
	at org.apache.maven.surefire.booter.ForkedBooter.main(ForkedBooter.java:75)
Caused by: java.lang.IllegalStateException: Unable to create a manager
	at org.apache.logging.log4j.core.appender.AbstractManager.getManager(AbstractManager.java:73)
	at org.apache.logging.log4j.core.appender.OutputStreamManager.getManager(OutputStreamManager.java:49)
	at org.apache.logging.log4j.core.appender.FileManager.getFileManager(FileManager.java:64)
	at org.apache.logging.log4j.core.appender.FileAppender.createAppender(FileAppender.java:133)
	... 42 more

2016-07-16 15:39:35,616 ERROR Null object returned for File in appenders
2016-07-16 15:39:35,624 ERROR Unable to locate appender File for logger org.apache.logging.log4j.test2
Tests run: 13, Failures: 0, Errors: 0, Skipped: 0, Time elapsed: 1.559 sec
Running org.apache.logging.log4j.core.config.XMLConfigurationTest
Tests run: 2, Failures: 0, Errors: 0, Skipped: 0, Time elapsed: 0.554 sec
Running org.apache.logging.log4j.core.config.TestConfiguratorError
Tests run: 1, Failures: 0, Errors: 0, Skipped: 0, Time elapsed: 0.075 sec
Running org.apache.logging.log4j.core.config.XMLConfigurationPropsTest
2016-07-16 15:39:37,976 ERROR Invalid status specified: ${sys:log4j.level}. Defaulting to ERROR
2016-07-16 15:39:38,016 DEBUG Generated plugins in 0.000197372 seconds
2016-07-16 15:39:38,016 DEBUG Generated plugins in 0.000194787 seconds
2016-07-16 15:39:38,017 DEBUG Generated plugins in 0.000194159 seconds
2016-07-16 15:39:38,018 DEBUG Generated plugins in 0.000191994 seconds
2016-07-16 15:39:38,018 DEBUG Generated plugins in 0.000192483 seconds
2016-07-16 15:39:38,019 DEBUG Generated plugins in 0.000202609 seconds
2016-07-16 15:39:38,020 DEBUG Calling createLayout on class org.apache.logging.log4j.core.layout.PatternLayout for element PatternLayout with params(pattern="[%-5level] %msg%n", Configuration(DSI), null, charset="null")
2016-07-16 15:39:38,020 DEBUG Generated plugins in 0.000194996 seconds
2016-07-16 15:39:38,022 DEBUG Calling createAppender on class org.apache.logging.log4j.core.appender.ConsoleAppender for element Console with params(PatternLayout([%-5level] %msg%n), null, target="SYSTEM_OUT", name="Console", follow="null", suppressExceptions="null")
2016-07-16 15:39:38,022 DEBUG Calling createAppenders on class org.apache.logging.log4j.core.config.plugins.AppendersPlugin for element appenders with params(appenders={Console})
2016-07-16 15:39:38,023 DEBUG Generated plugins in 0.000196813 seconds
2016-07-16 15:39:38,024 DEBUG Calling createAppenderRef on class org.apache.logging.log4j.core.config.AppenderRef for element appender-ref with params(ref="Console", level="null", null)
2016-07-16 15:39:38,025 DEBUG Calling createLogger on class org.apache.logging.log4j.core.config.LoggerConfig$RootLogger for element root with params(additivity="null", level="${sys:log.level}", includeLocation="null", appender-ref={org.apache.logging.log4j.core.config.AppenderRef@79ebf294}, properties={}, Configuration(DSI), null)
2016-07-16 15:39:38,025 DEBUG Calling createLoggers on class org.apache.logging.log4j.core.config.plugins.LoggersPlugin for element loggers with params(loggers={root})
2016-07-16 15:39:38,026 DEBUG Reconfiguration completed
2016-07-16 15:39:38,027 DEBUG Reconfiguration started for context Default
2016-07-16 15:39:38,029 DEBUG Generated plugins in 0.000195207 seconds
2016-07-16 15:39:38,030 DEBUG Generated plugins in 0.000394743 seconds
2016-07-16 15:39:38,031 DEBUG Generated plugins in 0.000211340 seconds
2016-07-16 15:39:38,031 DEBUG Generated plugins in 0.000196254 seconds
2016-07-16 15:39:38,032 DEBUG Generated plugins in 0.000182775 seconds
2016-07-16 15:39:38,033 DEBUG Generated plugins in 0.000182356 seconds
2016-07-16 15:39:38,033 DEBUG Calling createLayout on class org.apache.logging.log4j.core.layout.PatternLayout for element PatternLayout with params(pattern="[%-5level] %msg%n", Configuration(DSI), null, charset="null")
2016-07-16 15:39:38,034 DEBUG Generated plugins in 0.000185778 seconds
2016-07-16 15:39:38,035 DEBUG Calling createAppender on class org.apache.logging.log4j.core.appender.ConsoleAppender for element Console with params(PatternLayout([%-5level] %msg%n), null, target="SYSTEM_OUT", name="Console", follow="null", suppressExceptions="null")
2016-07-16 15:39:38,036 DEBUG Calling createAppenders on class org.apache.logging.log4j.core.config.plugins.AppendersPlugin for element appenders with params(appenders={Console})
2016-07-16 15:39:38,036 DEBUG Generated plugins in 0.000178444 seconds
2016-07-16 15:39:38,037 DEBUG Calling createAppenderRef on class org.apache.logging.log4j.core.config.AppenderRef for element appender-ref with params(ref="Console", level="null", null)
2016-07-16 15:39:38,038 DEBUG Calling createLogger on class org.apache.logging.log4j.core.config.LoggerConfig$RootLogger for element root with params(additivity="null", level="debug", includeLocation="null", appender-ref={org.apache.logging.log4j.core.config.AppenderRef@71831114}, properties={}, Configuration(DSI), null)
2016-07-16 15:39:38,038 DEBUG Calling createLoggers on class org.apache.logging.log4j.core.config.plugins.LoggersPlugin for element loggers with params(loggers={root})
2016-07-16 15:39:38,039 DEBUG Reconfiguration completed
2016-07-16 15:39:38,039 DEBUG Reconfiguration started for context Default
2016-07-16 15:39:38,054 DEBUG Generated plugins in 0.000151835 seconds
2016-07-16 15:39:38,055 DEBUG Reconfiguration completed
Tests run: 3, Failures: 0, Errors: 0, Skipped: 0, Time elapsed: 0.457 sec
Running org.apache.logging.log4j.core.impl.Log4jLogEventTest
Tests run: 1, Failures: 0, Errors: 0, Skipped: 0, Time elapsed: 0.179 sec
Running org.apache.logging.log4j.core.impl.ThrowableFormatOptionsTest
Tests run: 35, Failures: 0, Errors: 0, Skipped: 0, Time elapsed: 0.106 sec
Running org.apache.logging.log4j.core.ThreadedTest
Counter = 100
Tests run: 1, Failures: 0, Errors: 0, Skipped: 0, Time elapsed: 0.703 sec
Running org.apache.logging.log4j.core.net.SocketServerTest
Tests run: 1, Failures: 0, Errors: 0, Skipped: 0, Time elapsed: 0.468 sec
Running org.apache.logging.log4j.core.net.JMSQueueTest
Tests run: 1, Failures: 0, Errors: 0, Skipped: 0, Time elapsed: 0.603 sec
Running org.apache.logging.log4j.core.net.JMSQueueFailoverTest
2016-07-16 15:39:43,893 ERROR An exception occurred processing Appender Log4j2Queue org.apache.logging.log4j.core.appender.AppenderRuntimeException: javax.naming.NameNotFoundException: Name Log4j2Queue not found. 
	at org.apache.logging.log4j.core.appender.JMSQueueAppender.append(JMSQueueAppender.java:55)
	at org.apache.logging.log4j.core.config.AppenderControl.callAppender(AppenderControl.java:102)
	at org.apache.logging.log4j.core.appender.rewrite.RewriteAppender.append(RewriteAppender.java:87)
	at org.apache.logging.log4j.core.config.AppenderControl.callAppender(AppenderControl.java:102)
	at org.apache.logging.log4j.core.appender.FailoverAppender.callAppender(FailoverAppender.java:124)
	at org.apache.logging.log4j.core.appender.FailoverAppender.append(FailoverAppender.java:111)
	at org.apache.logging.log4j.core.config.AppenderControl.callAppender(AppenderControl.java:102)
	at org.apache.logging.log4j.core.config.LoggerConfig.callAppenders(LoggerConfig.java:404)
	at org.apache.logging.log4j.core.config.LoggerConfig.log(LoggerConfig.java:385)
	at org.apache.logging.log4j.core.config.LoggerConfig.log(LoggerConfig.java:346)
	at org.apache.logging.log4j.core.Logger.log(Logger.java:108)
	at org.apache.logging.log4j.spi.AbstractLogger.debug(AbstractLogger.java:326)
	at org.apache.logging.log4j.core.net.JMSQueueFailoverTest.testFailover(JMSQueueFailoverTest.java:109)
	at sun.reflect.NativeMethodAccessorImpl.invoke0(Native Method)
	at sun.reflect.NativeMethodAccessorImpl.invoke(NativeMethodAccessorImpl.java:57)
	at sun.reflect.DelegatingMethodAccessorImpl.invoke(DelegatingMethodAccessorImpl.java:43)
	at java.lang.reflect.Method.invoke(Method.java:606)
	at org.junit.runners.model.FrameworkMethod$1.runReflectiveCall(FrameworkMethod.java:44)
	at org.junit.internal.runners.model.ReflectiveCallable.run(ReflectiveCallable.java:15)
	at org.junit.runners.model.FrameworkMethod.invokeExplosively(FrameworkMethod.java:41)
	at org.junit.internal.runners.statements.InvokeMethod.evaluate(InvokeMethod.java:20)
	at org.junit.internal.runners.statements.RunBefores.evaluate(RunBefores.java:28)
	at org.junit.runners.BlockJUnit4ClassRunner.runChild(BlockJUnit4ClassRunner.java:76)
	at org.junit.runners.BlockJUnit4ClassRunner.runChild(BlockJUnit4ClassRunner.java:50)
	at org.junit.runners.ParentRunner$3.run(ParentRunner.java:193)
	at org.junit.runners.ParentRunner$1.schedule(ParentRunner.java:52)
	at org.junit.runners.ParentRunner.runChildren(ParentRunner.java:191)
	at org.junit.runners.ParentRunner.access$000(ParentRunner.java:42)
	at org.junit.runners.ParentRunner$2.evaluate(ParentRunner.java:184)
	at org.junit.internal.runners.statements.RunBefores.evaluate(RunBefores.java:28)
	at org.junit.internal.runners.statements.RunAfters.evaluate(RunAfters.java:31)
	at org.junit.runners.ParentRunner.run(ParentRunner.java:236)
	at org.apache.maven.surefire.junit4.JUnit4Provider.execute(JUnit4Provider.java:252)
	at org.apache.maven.surefire.junit4.JUnit4Provider.executeTestSet(JUnit4Provider.java:141)
	at org.apache.maven.surefire.junit4.JUnit4Provider.invoke(JUnit4Provider.java:112)
	at sun.reflect.NativeMethodAccessorImpl.invoke0(Native Method)
	at sun.reflect.NativeMethodAccessorImpl.invoke(NativeMethodAccessorImpl.java:57)
	at sun.reflect.DelegatingMethodAccessorImpl.invoke(DelegatingMethodAccessorImpl.java:43)
	at java.lang.reflect.Method.invoke(Method.java:606)
	at org.apache.maven.surefire.util.ReflectionUtils.invokeMethodWithArray(ReflectionUtils.java:189)
	at org.apache.maven.surefire.booter.ProviderFactory$ProviderProxy.invoke(ProviderFactory.java:165)
	at org.apache.maven.surefire.booter.ProviderFactory.invokeProvider(ProviderFactory.java:85)
	at org.apache.maven.surefire.booter.ForkedBooter.runSuitesInProcess(ForkedBooter.java:115)
	at org.apache.maven.surefire.booter.ForkedBooter.main(ForkedBooter.java:75)
Caused by: javax.naming.NameNotFoundException: Name Log4j2Queue not found. 
	at org.mockejb.jndi.MockContext.lookup(MockContext.java:543)
	at org.mockejb.jndi.MockContext$$FastClassByCGLIB$$8f78c5.invoke(<generated>)
	at net.sf.cglib.reflect.FastMethod.invoke(FastMethod.java:53)
	at org.mockejb.interceptor.InterceptorInvoker$CglibMethodInvoker.intercept(InterceptorInvoker.java:95)
	at org.mockejb.interceptor.InvocationContext.proceed(InvocationContext.java:177)
	at org.mockejb.interceptor.InterceptorInvoker.invoke(InterceptorInvoker.java:53)
	at org.mockejb.interceptor.InterceptableProxy.intercept(InterceptableProxy.java:58)
	at $javax.naming.Context$$EnhancerByCGLIB$$b681ec35.lookup(<generated>)
	at javax.naming.InitialContext.lookup(InitialContext.java:411)
	at org.apache.logging.log4j.core.net.AbstractJMSManager.lookup(AbstractJMSManager.java:77)
	at org.apache.logging.log4j.core.net.JMSQueueManager.connect(JMSQueueManager.java:182)
	at org.apache.logging.log4j.core.net.JMSQueueManager.send(JMSQueueManager.java:105)
	at org.apache.logging.log4j.core.appender.JMSQueueAppender.append(JMSQueueAppender.java:53)
	... 43 more

2016-07-16 15:39:43,895 ERROR An exception occurred processing Appender Rewrite org.apache.logging.log4j.core.appender.AppenderRuntimeException: An exception occurred processing Appender Log4j2Queue
	at org.apache.logging.log4j.core.appender.DefaultErrorHandler.error(DefaultErrorHandler.java:71)
	at org.apache.logging.log4j.core.config.AppenderControl.callAppender(AppenderControl.java:104)
	at org.apache.logging.log4j.core.appender.rewrite.RewriteAppender.append(RewriteAppender.java:87)
	at org.apache.logging.log4j.core.config.AppenderControl.callAppender(AppenderControl.java:102)
	at org.apache.logging.log4j.core.appender.FailoverAppender.callAppender(FailoverAppender.java:124)
	at org.apache.logging.log4j.core.appender.FailoverAppender.append(FailoverAppender.java:111)
	at org.apache.logging.log4j.core.config.AppenderControl.callAppender(AppenderControl.java:102)
	at org.apache.logging.log4j.core.config.LoggerConfig.callAppenders(LoggerConfig.java:404)
	at org.apache.logging.log4j.core.config.LoggerConfig.log(LoggerConfig.java:385)
	at org.apache.logging.log4j.core.config.LoggerConfig.log(LoggerConfig.java:346)
	at org.apache.logging.log4j.core.Logger.log(Logger.java:108)
	at org.apache.logging.log4j.spi.AbstractLogger.debug(AbstractLogger.java:326)
	at org.apache.logging.log4j.core.net.JMSQueueFailoverTest.testFailover(JMSQueueFailoverTest.java:109)
	at sun.reflect.NativeMethodAccessorImpl.invoke0(Native Method)
	at sun.reflect.NativeMethodAccessorImpl.invoke(NativeMethodAccessorImpl.java:57)
	at sun.reflect.DelegatingMethodAccessorImpl.invoke(DelegatingMethodAccessorImpl.java:43)
	at java.lang.reflect.Method.invoke(Method.java:606)
	at org.junit.runners.model.FrameworkMethod$1.runReflectiveCall(FrameworkMethod.java:44)
	at org.junit.internal.runners.model.ReflectiveCallable.run(ReflectiveCallable.java:15)
	at org.junit.runners.model.FrameworkMethod.invokeExplosively(FrameworkMethod.java:41)
	at org.junit.internal.runners.statements.InvokeMethod.evaluate(InvokeMethod.java:20)
	at org.junit.internal.runners.statements.RunBefores.evaluate(RunBefores.java:28)
	at org.junit.runners.BlockJUnit4ClassRunner.runChild(BlockJUnit4ClassRunner.java:76)
	at org.junit.runners.BlockJUnit4ClassRunner.runChild(BlockJUnit4ClassRunner.java:50)
	at org.junit.runners.ParentRunner$3.run(ParentRunner.java:193)
	at org.junit.runners.ParentRunner$1.schedule(ParentRunner.java:52)
	at org.junit.runners.ParentRunner.runChildren(ParentRunner.java:191)
	at org.junit.runners.ParentRunner.access$000(ParentRunner.java:42)
	at org.junit.runners.ParentRunner$2.evaluate(ParentRunner.java:184)
	at org.junit.internal.runners.statements.RunBefores.evaluate(RunBefores.java:28)
	at org.junit.internal.runners.statements.RunAfters.evaluate(RunAfters.java:31)
	at org.junit.runners.ParentRunner.run(ParentRunner.java:236)
	at org.apache.maven.surefire.junit4.JUnit4Provider.execute(JUnit4Provider.java:252)
	at org.apache.maven.surefire.junit4.JUnit4Provider.executeTestSet(JUnit4Provider.java:141)
	at org.apache.maven.surefire.junit4.JUnit4Provider.invoke(JUnit4Provider.java:112)
	at sun.reflect.NativeMethodAccessorImpl.invoke0(Native Method)
	at sun.reflect.NativeMethodAccessorImpl.invoke(NativeMethodAccessorImpl.java:57)
	at sun.reflect.DelegatingMethodAccessorImpl.invoke(DelegatingMethodAccessorImpl.java:43)
	at java.lang.reflect.Method.invoke(Method.java:606)
	at org.apache.maven.surefire.util.ReflectionUtils.invokeMethodWithArray(ReflectionUtils.java:189)
	at org.apache.maven.surefire.booter.ProviderFactory$ProviderProxy.invoke(ProviderFactory.java:165)
	at org.apache.maven.surefire.booter.ProviderFactory.invokeProvider(ProviderFactory.java:85)
	at org.apache.maven.surefire.booter.ForkedBooter.runSuitesInProcess(ForkedBooter.java:115)
	at org.apache.maven.surefire.booter.ForkedBooter.main(ForkedBooter.java:75)
Caused by: org.apache.logging.log4j.core.appender.AppenderRuntimeException: javax.naming.NameNotFoundException: Name Log4j2Queue not found. 
	at org.apache.logging.log4j.core.appender.JMSQueueAppender.append(JMSQueueAppender.java:55)
	at org.apache.logging.log4j.core.config.AppenderControl.callAppender(AppenderControl.java:102)
	... 42 more
Caused by: javax.naming.NameNotFoundException: Name Log4j2Queue not found. 
	at org.mockejb.jndi.MockContext.lookup(MockContext.java:543)
	at org.mockejb.jndi.MockContext$$FastClassByCGLIB$$8f78c5.invoke(<generated>)
	at net.sf.cglib.reflect.FastMethod.invoke(FastMethod.java:53)
	at org.mockejb.interceptor.InterceptorInvoker$CglibMethodInvoker.intercept(InterceptorInvoker.java:95)
	at org.mockejb.interceptor.InvocationContext.proceed(InvocationContext.java:177)
	at org.mockejb.interceptor.InterceptorInvoker.invoke(InterceptorInvoker.java:53)
	at org.mockejb.interceptor.InterceptableProxy.intercept(InterceptableProxy.java:58)
	at $javax.naming.Context$$EnhancerByCGLIB$$b681ec35.lookup(<generated>)
	at javax.naming.InitialContext.lookup(InitialContext.java:411)
	at org.apache.logging.log4j.core.net.AbstractJMSManager.lookup(AbstractJMSManager.java:77)
	at org.apache.logging.log4j.core.net.JMSQueueManager.connect(JMSQueueManager.java:182)
	at org.apache.logging.log4j.core.net.JMSQueueManager.send(JMSQueueManager.java:105)
	at org.apache.logging.log4j.core.appender.JMSQueueAppender.append(JMSQueueAppender.java:53)
	... 43 more

Tests run: 2, Failures: 0, Errors: 0, Skipped: 0, Time elapsed: 0.635 sec
Running org.apache.logging.log4j.core.net.JMSTopicFailoverTest
Tests run: 2, Failures: 0, Errors: 0, Skipped: 0, Time elapsed: 0.678 sec
Running org.apache.logging.log4j.core.net.JMSTopicTest
Tests run: 1, Failures: 0, Errors: 0, Skipped: 0, Time elapsed: 0.673 sec
Running org.apache.logging.log4j.core.net.SocketTest
2016-07-16 15:39:47,086 ERROR TCPSocketManager (TCP:localhost:5514) java.net.ConnectException: Connection refused
2016-07-16 15:39:47,102 ERROR Unable to write to stream TCP:localhost:5514 for appender socket
2016-07-16 15:39:47,103 ERROR An exception occurred processing Appender socket org.apache.logging.log4j.core.appender.AppenderRuntimeException: Error writing to TCP:localhost:5514 socket not available
	at org.apache.logging.log4j.core.net.TCPSocketManager.write(TCPSocketManager.java:113)
	at org.apache.logging.log4j.core.appender.OutputStreamManager.write(OutputStreamManager.java:136)
	at org.apache.logging.log4j.core.appender.AbstractOutputStreamAppender.append(AbstractOutputStreamAppender.java:117)
	at org.apache.logging.log4j.core.config.AppenderControl.callAppender(AppenderControl.java:102)
	at org.apache.logging.log4j.core.config.LoggerConfig.callAppenders(LoggerConfig.java:404)
	at org.apache.logging.log4j.core.config.LoggerConfig.log(LoggerConfig.java:385)
	at org.apache.logging.log4j.core.config.LoggerConfig.log(LoggerConfig.java:346)
	at org.apache.logging.log4j.core.Logger.log(Logger.java:108)
	at org.apache.logging.log4j.spi.AbstractLogger.error(AbstractLogger.java:550)
	at org.apache.logging.log4j.core.net.SocketTest.testConnect(SocketTest.java:57)
	at sun.reflect.NativeMethodAccessorImpl.invoke0(Native Method)
	at sun.reflect.NativeMethodAccessorImpl.invoke(NativeMethodAccessorImpl.java:57)
	at sun.reflect.DelegatingMethodAccessorImpl.invoke(DelegatingMethodAccessorImpl.java:43)
	at java.lang.reflect.Method.invoke(Method.java:606)
	at org.junit.runners.model.FrameworkMethod$1.runReflectiveCall(FrameworkMethod.java:44)
	at org.junit.internal.runners.model.ReflectiveCallable.run(ReflectiveCallable.java:15)
	at org.junit.runners.model.FrameworkMethod.invokeExplosively(FrameworkMethod.java:41)
	at org.junit.internal.runners.statements.InvokeMethod.evaluate(InvokeMethod.java:20)
	at org.junit.runners.BlockJUnit4ClassRunner.runChild(BlockJUnit4ClassRunner.java:76)
	at org.junit.runners.BlockJUnit4ClassRunner.runChild(BlockJUnit4ClassRunner.java:50)
	at org.junit.runners.ParentRunner$3.run(ParentRunner.java:193)
	at org.junit.runners.ParentRunner$1.schedule(ParentRunner.java:52)
	at org.junit.runners.ParentRunner.runChildren(ParentRunner.java:191)
	at org.junit.runners.ParentRunner.access$000(ParentRunner.java:42)
	at org.junit.runners.ParentRunner$2.evaluate(ParentRunner.java:184)
	at org.junit.internal.runners.statements.RunBefores.evaluate(RunBefores.java:28)
	at org.junit.runners.ParentRunner.run(ParentRunner.java:236)
	at org.apache.maven.surefire.junit4.JUnit4Provider.execute(JUnit4Provider.java:252)
	at org.apache.maven.surefire.junit4.JUnit4Provider.executeTestSet(JUnit4Provider.java:141)
	at org.apache.maven.surefire.junit4.JUnit4Provider.invoke(JUnit4Provider.java:112)
	at sun.reflect.NativeMethodAccessorImpl.invoke0(Native Method)
	at sun.reflect.NativeMethodAccessorImpl.invoke(NativeMethodAccessorImpl.java:57)
	at sun.reflect.DelegatingMethodAccessorImpl.invoke(DelegatingMethodAccessorImpl.java:43)
	at java.lang.reflect.Method.invoke(Method.java:606)
	at org.apache.maven.surefire.util.ReflectionUtils.invokeMethodWithArray(ReflectionUtils.java:189)
	at org.apache.maven.surefire.booter.ProviderFactory$ProviderProxy.invoke(ProviderFactory.java:165)
	at org.apache.maven.surefire.booter.ProviderFactory.invokeProvider(ProviderFactory.java:85)
	at org.apache.maven.surefire.booter.ForkedBooter.runSuitesInProcess(ForkedBooter.java:115)
	at org.apache.maven.surefire.booter.ForkedBooter.main(ForkedBooter.java:75)

Tests run: 1, Failures: 0, Errors: 0, Skipped: 0, Time elapsed: 0.444 sec
Running org.apache.logging.log4j.core.net.SocketMessageLossTest
2016-07-16 15:39:48,174 DEBUG Generated plugins in 0.000018368 seconds
2016-07-16 15:39:48,174 DEBUG Generated plugins in 0.000014597 seconds
2016-07-16 15:39:48,175 DEBUG Generated plugins in 0.000014527 seconds
2016-07-16 15:39:48,175 DEBUG Generated plugins in 0.000014247 seconds
2016-07-16 15:39:48,175 DEBUG Generated plugins in 0.000014388 seconds
2016-07-16 15:39:48,176 DEBUG Generated plugins in 0.000014388 seconds
2016-07-16 15:39:48,185 DEBUG Calling createLayout on class org.apache.logging.log4j.core.layout.PatternLayout for element PatternLayout with params(pattern="%msg%n", Configuration(MyApp), null, charset="null")
2016-07-16 15:39:48,186 DEBUG Generated plugins in 0.000015225 seconds
2016-07-16 15:39:48,188 DEBUG Calling createAppender on class org.apache.logging.log4j.core.appender.SocketAppender for element Socket with params(host="localhost", port="5514", protocol="TCP", reconnectionDelay="0", immediateFail="null", name="socket", immediateFlush="null", suppressExceptions="false", PatternLayout(%msg%n), null, advertise="null", Configuration(MyApp))
2016-07-16 15:39:48,193 DEBUG Starting TCPSocketManager TCP:localhost:5514
2016-07-16 15:39:48,194 DEBUG Calling createAppenders on class org.apache.logging.log4j.core.config.plugins.AppendersPlugin for element appenders with params(appenders={socket})
2016-07-16 15:39:48,194 DEBUG Generated plugins in 0.000014736 seconds
2016-07-16 15:39:48,195 DEBUG Calling createAppenderRef on class org.apache.logging.log4j.core.config.AppenderRef for element appender-ref with params(ref="socket", level="null", null)
2016-07-16 15:39:48,198 DEBUG Calling createLogger on class org.apache.logging.log4j.core.config.LoggerConfig$RootLogger for element root with params(additivity="null", level="debug", includeLocation="null", appender-ref={org.apache.logging.log4j.core.config.AppenderRef@75ae0c29}, properties={}, Configuration(MyApp), null)
2016-07-16 15:39:48,199 DEBUG Calling createLoggers on class org.apache.logging.log4j.core.config.plugins.LoggersPlugin for element loggers with params(loggers={root})
2016-07-16 15:39:48,199 DEBUG Shutting down OutputStreamManager SYSTEM_OUT
2016-07-16 15:39:48,200 DEBUG Reconfiguration completed
2016-07-16 15:39:49,211 ERROR Unable to write to stream TCP:localhost:5514 for appender socket
2016-07-16 15:39:49,212 ERROR An exception occurred processing Appender socket org.apache.logging.log4j.core.appender.AppenderRuntimeException: Error writing to TCP:localhost:5514
	at org.apache.logging.log4j.core.net.TCPSocketManager.write(TCPSocketManager.java:127)
	at org.apache.logging.log4j.core.appender.OutputStreamManager.write(OutputStreamManager.java:136)
	at org.apache.logging.log4j.core.appender.AbstractOutputStreamAppender.append(AbstractOutputStreamAppender.java:117)
	at org.apache.logging.log4j.core.config.AppenderControl.callAppender(AppenderControl.java:102)
	at org.apache.logging.log4j.core.config.LoggerConfig.callAppenders(LoggerConfig.java:404)
	at org.apache.logging.log4j.core.config.LoggerConfig.log(LoggerConfig.java:385)
	at org.apache.logging.log4j.core.config.LoggerConfig.log(LoggerConfig.java:346)
	at org.apache.logging.log4j.core.Logger.log(Logger.java:108)
	at org.apache.logging.log4j.spi.AbstractLogger.error(AbstractLogger.java:550)
	at org.apache.logging.log4j.core.net.SocketMessageLossTest.testSocket(SocketMessageLossTest.java:79)
	at sun.reflect.NativeMethodAccessorImpl.invoke0(Native Method)
	at sun.reflect.NativeMethodAccessorImpl.invoke(NativeMethodAccessorImpl.java:57)
	at sun.reflect.DelegatingMethodAccessorImpl.invoke(DelegatingMethodAccessorImpl.java:43)
	at java.lang.reflect.Method.invoke(Method.java:606)
	at org.junit.runners.model.FrameworkMethod$1.runReflectiveCall(FrameworkMethod.java:44)
	at org.junit.internal.runners.model.ReflectiveCallable.run(ReflectiveCallable.java:15)
	at org.junit.runners.model.FrameworkMethod.invokeExplosively(FrameworkMethod.java:41)
	at org.junit.internal.runners.statements.InvokeMethod.evaluate(InvokeMethod.java:20)
	at org.junit.runners.BlockJUnit4ClassRunner.runChild(BlockJUnit4ClassRunner.java:76)
	at org.junit.runners.BlockJUnit4ClassRunner.runChild(BlockJUnit4ClassRunner.java:50)
	at org.junit.runners.ParentRunner$3.run(ParentRunner.java:193)
	at org.junit.runners.ParentRunner$1.schedule(ParentRunner.java:52)
	at org.junit.runners.ParentRunner.runChildren(ParentRunner.java:191)
	at org.junit.runners.ParentRunner.access$000(ParentRunner.java:42)
	at org.junit.runners.ParentRunner$2.evaluate(ParentRunner.java:184)
	at org.junit.internal.runners.statements.RunBefores.evaluate(RunBefores.java:28)
	at org.junit.runners.ParentRunner.run(ParentRunner.java:236)
	at org.apache.maven.surefire.junit4.JUnit4Provider.execute(JUnit4Provider.java:252)
	at org.apache.maven.surefire.junit4.JUnit4Provider.executeTestSet(JUnit4Provider.java:141)
	at org.apache.maven.surefire.junit4.JUnit4Provider.invoke(JUnit4Provider.java:112)
	at sun.reflect.NativeMethodAccessorImpl.invoke0(Native Method)
	at sun.reflect.NativeMethodAccessorImpl.invoke(NativeMethodAccessorImpl.java:57)
	at sun.reflect.DelegatingMethodAccessorImpl.invoke(DelegatingMethodAccessorImpl.java:43)
	at java.lang.reflect.Method.invoke(Method.java:606)
	at org.apache.maven.surefire.util.ReflectionUtils.invokeMethodWithArray(ReflectionUtils.java:189)
	at org.apache.maven.surefire.booter.ProviderFactory$ProviderProxy.invoke(ProviderFactory.java:165)
	at org.apache.maven.surefire.booter.ProviderFactory.invokeProvider(ProviderFactory.java:85)
	at org.apache.maven.surefire.booter.ForkedBooter.runSuitesInProcess(ForkedBooter.java:115)
	at org.apache.maven.surefire.booter.ForkedBooter.main(ForkedBooter.java:75)
Caused by: java.net.SocketException: Connection reset
	at java.net.SocketOutputStream.socketWrite(SocketOutputStream.java:118)
	at java.net.SocketOutputStream.write(SocketOutputStream.java:159)
	at org.apache.logging.log4j.core.net.TCPSocketManager.write(TCPSocketManager.java:118)
	... 38 more

2016-07-16 15:39:49,221 ERROR Unable to write to stream TCP:localhost:5514 for appender socket
2016-07-16 15:39:49,222 ERROR An exception occurred processing Appender socket org.apache.logging.log4j.core.appender.AppenderRuntimeException: Error writing to TCP:localhost:5514
	at org.apache.logging.log4j.core.net.TCPSocketManager.write(TCPSocketManager.java:127)
	at org.apache.logging.log4j.core.appender.OutputStreamManager.write(OutputStreamManager.java:136)
	at org.apache.logging.log4j.core.appender.AbstractOutputStreamAppender.append(AbstractOutputStreamAppender.java:117)
	at org.apache.logging.log4j.core.config.AppenderControl.callAppender(AppenderControl.java:102)
	at org.apache.logging.log4j.core.config.LoggerConfig.callAppenders(LoggerConfig.java:404)
	at org.apache.logging.log4j.core.config.LoggerConfig.log(LoggerConfig.java:385)
	at org.apache.logging.log4j.core.config.LoggerConfig.log(LoggerConfig.java:346)
	at org.apache.logging.log4j.core.Logger.log(Logger.java:108)
	at org.apache.logging.log4j.spi.AbstractLogger.error(AbstractLogger.java:550)
	at org.apache.logging.log4j.core.net.SocketMessageLossTest.testSocket(SocketMessageLossTest.java:87)
	at sun.reflect.NativeMethodAccessorImpl.invoke0(Native Method)
	at sun.reflect.NativeMethodAccessorImpl.invoke(NativeMethodAccessorImpl.java:57)
	at sun.reflect.DelegatingMethodAccessorImpl.invoke(DelegatingMethodAccessorImpl.java:43)
	at java.lang.reflect.Method.invoke(Method.java:606)
	at org.junit.runners.model.FrameworkMethod$1.runReflectiveCall(FrameworkMethod.java:44)
	at org.junit.internal.runners.model.ReflectiveCallable.run(ReflectiveCallable.java:15)
	at org.junit.runners.model.FrameworkMethod.invokeExplosively(FrameworkMethod.java:41)
	at org.junit.internal.runners.statements.InvokeMethod.evaluate(InvokeMethod.java:20)
	at org.junit.runners.BlockJUnit4ClassRunner.runChild(BlockJUnit4ClassRunner.java:76)
	at org.junit.runners.BlockJUnit4ClassRunner.runChild(BlockJUnit4ClassRunner.java:50)
	at org.junit.runners.ParentRunner$3.run(ParentRunner.java:193)
	at org.junit.runners.ParentRunner$1.schedule(ParentRunner.java:52)
	at org.junit.runners.ParentRunner.runChildren(ParentRunner.java:191)
	at org.junit.runners.ParentRunner.access$000(ParentRunner.java:42)
	at org.junit.runners.ParentRunner$2.evaluate(ParentRunner.java:184)
	at org.junit.internal.runners.statements.RunBefores.evaluate(RunBefores.java:28)
	at org.junit.runners.ParentRunner.run(ParentRunner.java:236)
	at org.apache.maven.surefire.junit4.JUnit4Provider.execute(JUnit4Provider.java:252)
	at org.apache.maven.surefire.junit4.JUnit4Provider.executeTestSet(JUnit4Provider.java:141)
	at org.apache.maven.surefire.junit4.JUnit4Provider.invoke(JUnit4Provider.java:112)
	at sun.reflect.NativeMethodAccessorImpl.invoke0(Native Method)
	at sun.reflect.NativeMethodAccessorImpl.invoke(NativeMethodAccessorImpl.java:57)
	at sun.reflect.DelegatingMethodAccessorImpl.invoke(DelegatingMethodAccessorImpl.java:43)
	at java.lang.reflect.Method.invoke(Method.java:606)
	at org.apache.maven.surefire.util.ReflectionUtils.invokeMethodWithArray(ReflectionUtils.java:189)
	at org.apache.maven.surefire.booter.ProviderFactory$ProviderProxy.invoke(ProviderFactory.java:165)
	at org.apache.maven.surefire.booter.ProviderFactory.invokeProvider(ProviderFactory.java:85)
	at org.apache.maven.surefire.booter.ForkedBooter.runSuitesInProcess(ForkedBooter.java:115)
	at org.apache.maven.surefire.booter.ForkedBooter.main(ForkedBooter.java:75)
Caused by: java.net.SocketException: Broken pipe
	at java.net.SocketOutputStream.socketWrite0(Native Method)
	at java.net.SocketOutputStream.socketWrite(SocketOutputStream.java:113)
	at java.net.SocketOutputStream.write(SocketOutputStream.java:159)
	at org.apache.logging.log4j.core.net.TCPSocketManager.write(TCPSocketManager.java:118)
	... 38 more

Tests run: 1, Failures: 0, Errors: 0, Skipped: 0, Time elapsed: 1.599 sec
2016-07-16 15:39:49,235 DEBUG Shutting down TCPSocketManager TCP:localhost:5514
Running org.apache.logging.log4j.core.net.JMSQueueAppenderTest
2016-07-16 15:39:50,287 DEBUG Found Plugin Map at file:/home/ylyu/parallel/log4j2/log4j29/dataset/logging-log4j2/LOG4J2-219_ed951c76b1c63199176ec82aef001dbf7b9df8e6/core/target/classes/org/apache/logging/log4j/core/config/plugins/Log4j2Plugins.dat
2016-07-16 15:39:50,293 DEBUG Generated plugins in 0.006340402 seconds
2016-07-16 15:39:50,295 DEBUG Generated plugins in 0.001692463 seconds
2016-07-16 15:39:50,297 DEBUG Generated plugins in 0.001668787 seconds
2016-07-16 15:39:50,299 DEBUG Generated plugins in 0.001675841 seconds
2016-07-16 15:39:50,302 DEBUG Generated plugins in 0.001674375 seconds
2016-07-16 15:39:50,304 DEBUG Generated plugins in 0.001707270 seconds
2016-07-16 15:39:50,312 DEBUG Calling createLayout on class org.apache.logging.log4j.core.layout.PatternLayout for element PatternLayout with params(pattern="%m%n", Configuration(ConfigTest), null, charset="null")
2016-07-16 15:39:50,314 DEBUG Generated plugins in 0.001714184 seconds
2016-07-16 15:39:50,317 DEBUG Calling createAppender on class org.apache.logging.log4j.core.appender.JMSQueueAppender for element JMSQueue with params(name="JMSQueue", factoryName="null", providerURL="null", urlPkgPrefixes="null", securityPrincipalName="null", securityCredentials="null", factoryBindingName="TestQueueConnectionFactory", queueBindingName="TestQueue", userName="null", password="null", PatternLayout(%m%n), null, suppressExceptions="null")
2016-07-16 15:39:50,327 DEBUG Starting JMSQueueManager JMSQueue:TestQueueConnectionFactory.TestQueue
2016-07-16 15:39:50,328 DEBUG Calling createAppenders on class org.apache.logging.log4j.core.config.plugins.AppendersPlugin for element appenders with params(appenders={JMSQueue})
2016-07-16 15:39:50,330 DEBUG Generated plugins in 0.001713276 seconds
2016-07-16 15:39:50,331 DEBUG Calling createAppenderRef on class org.apache.logging.log4j.core.config.AppenderRef for element appender-ref with params(ref="JMSQueue", level="null", null)
2016-07-16 15:39:50,334 DEBUG Calling createLogger on class org.apache.logging.log4j.core.config.LoggerConfig$RootLogger for element root with params(additivity="null", level="error", includeLocation="null", appender-ref={org.apache.logging.log4j.core.config.AppenderRef@27d54837}, properties={}, Configuration(ConfigTest), null)
2016-07-16 15:39:50,335 DEBUG Calling createLoggers on class org.apache.logging.log4j.core.config.plugins.LoggersPlugin for element loggers with params(loggers={root})
2016-07-16 15:39:50,336 DEBUG Shutting down OutputStreamManager SYSTEM_OUT
2016-07-16 15:39:50,336 DEBUG Reconfiguration completed
2016-07-16 15:39:50,350 DEBUG Generated plugins in 0.001740724 seconds
2016-07-16 15:39:50,350 DEBUG Reconfiguration started for context Default
2016-07-16 15:39:50,355 DEBUG Generated plugins in 0.001803022 seconds
2016-07-16 15:39:50,357 DEBUG Generated plugins in 0.001754622 seconds
2016-07-16 15:39:50,359 DEBUG Generated plugins in 0.001775645 seconds
2016-07-16 15:39:50,362 DEBUG Generated plugins in 0.001796318 seconds
2016-07-16 15:39:50,364 DEBUG Generated plugins in 0.001776692 seconds
2016-07-16 15:39:50,366 DEBUG Generated plugins in 0.001781162 seconds
2016-07-16 15:39:50,367 DEBUG Calling createLayout on class org.apache.logging.log4j.core.layout.PatternLayout for element PatternLayout with params(pattern="%m%n", Configuration(ConfigTest), null, charset="null")
2016-07-16 15:39:50,369 DEBUG Generated plugins in 0.001776622 seconds
2016-07-16 15:39:50,371 DEBUG Calling createAppender on class org.apache.logging.log4j.core.appender.JMSQueueAppender for element JMSQueue with params(name="JMSQueue", factoryName="null", providerURL="null", urlPkgPrefixes="null", securityPrincipalName="null", securityCredentials="null", factoryBindingName="TestQueueConnectionFactory", queueBindingName="TestQueue", userName="null", password="null", PatternLayout(%m%n), null, suppressExceptions="null")
2016-07-16 15:39:50,371 DEBUG Calling createAppenders on class org.apache.logging.log4j.core.config.plugins.AppendersPlugin for element appenders with params(appenders={JMSQueue})
2016-07-16 15:39:50,374 DEBUG Generated plugins in 0.001724102 seconds
2016-07-16 15:39:50,374 DEBUG Calling createAppenderRef on class org.apache.logging.log4j.core.config.AppenderRef for element appender-ref with params(ref="JMSQueue", level="null", null)
2016-07-16 15:39:50,376 DEBUG Calling createLogger on class org.apache.logging.log4j.core.config.LoggerConfig$RootLogger for element root with params(additivity="null", level="error", includeLocation="null", appender-ref={org.apache.logging.log4j.core.config.AppenderRef@2c803533}, properties={}, Configuration(ConfigTest), null)
2016-07-16 15:39:50,376 DEBUG Calling createLoggers on class org.apache.logging.log4j.core.config.plugins.LoggersPlugin for element loggers with params(loggers={root})
2016-07-16 15:39:50,377 DEBUG Shutting down OutputStreamManager SYSTEM_OUT
2016-07-16 15:39:50,377 DEBUG Reconfiguration completed
Tests run: 1, Failures: 0, Errors: 0, Skipped: 0, Time elapsed: 0.617 sec
Running org.apache.logging.log4j.core.net.PriorityTest
Tests run: 1, Failures: 0, Errors: 0, Skipped: 0, Time elapsed: 0.05 sec
Running org.apache.logging.log4j.core.net.SocketReconnectTest
2016-07-16 15:39:51,998 ERROR Unable to write to stream TCP:localhost:5514 for appender socket
2016-07-16 15:39:51,998 ERROR An exception occurred processing Appender socket org.apache.logging.log4j.core.appender.AppenderRuntimeException: Error writing to TCP:localhost:5514
	at org.apache.logging.log4j.core.net.TCPSocketManager.write(TCPSocketManager.java:127)
	at org.apache.logging.log4j.core.appender.OutputStreamManager.write(OutputStreamManager.java:136)
	at org.apache.logging.log4j.core.appender.AbstractOutputStreamAppender.append(AbstractOutputStreamAppender.java:117)
	at org.apache.logging.log4j.core.config.AppenderControl.callAppender(AppenderControl.java:102)
	at org.apache.logging.log4j.core.config.LoggerConfig.callAppenders(LoggerConfig.java:404)
	at org.apache.logging.log4j.core.config.LoggerConfig.log(LoggerConfig.java:385)
	at org.apache.logging.log4j.core.config.LoggerConfig.log(LoggerConfig.java:346)
	at org.apache.logging.log4j.core.Logger.log(Logger.java:108)
	at org.apache.logging.log4j.spi.AbstractLogger.error(AbstractLogger.java:550)
	at org.apache.logging.log4j.core.net.SocketReconnectTest.testReconnect(SocketReconnectTest.java:92)
	at sun.reflect.NativeMethodAccessorImpl.invoke0(Native Method)
	at sun.reflect.NativeMethodAccessorImpl.invoke(NativeMethodAccessorImpl.java:57)
	at sun.reflect.DelegatingMethodAccessorImpl.invoke(DelegatingMethodAccessorImpl.java:43)
	at java.lang.reflect.Method.invoke(Method.java:606)
	at org.junit.runners.model.FrameworkMethod$1.runReflectiveCall(FrameworkMethod.java:44)
	at org.junit.internal.runners.model.ReflectiveCallable.run(ReflectiveCallable.java:15)
	at org.junit.runners.model.FrameworkMethod.invokeExplosively(FrameworkMethod.java:41)
	at org.junit.internal.runners.statements.InvokeMethod.evaluate(InvokeMethod.java:20)
	at org.junit.runners.BlockJUnit4ClassRunner.runChild(BlockJUnit4ClassRunner.java:76)
	at org.junit.runners.BlockJUnit4ClassRunner.runChild(BlockJUnit4ClassRunner.java:50)
	at org.junit.runners.ParentRunner$3.run(ParentRunner.java:193)
	at org.junit.runners.ParentRunner$1.schedule(ParentRunner.java:52)
	at org.junit.runners.ParentRunner.runChildren(ParentRunner.java:191)
	at org.junit.runners.ParentRunner.access$000(ParentRunner.java:42)
	at org.junit.runners.ParentRunner$2.evaluate(ParentRunner.java:184)
	at org.junit.internal.runners.statements.RunBefores.evaluate(RunBefores.java:28)
	at org.junit.runners.ParentRunner.run(ParentRunner.java:236)
	at org.apache.maven.surefire.junit4.JUnit4Provider.execute(JUnit4Provider.java:252)
	at org.apache.maven.surefire.junit4.JUnit4Provider.executeTestSet(JUnit4Provider.java:141)
	at org.apache.maven.surefire.junit4.JUnit4Provider.invoke(JUnit4Provider.java:112)
	at sun.reflect.NativeMethodAccessorImpl.invoke0(Native Method)
	at sun.reflect.NativeMethodAccessorImpl.invoke(NativeMethodAccessorImpl.java:57)
	at sun.reflect.DelegatingMethodAccessorImpl.invoke(DelegatingMethodAccessorImpl.java:43)
	at java.lang.reflect.Method.invoke(Method.java:606)
	at org.apache.maven.surefire.util.ReflectionUtils.invokeMethodWithArray(ReflectionUtils.java:189)
	at org.apache.maven.surefire.booter.ProviderFactory$ProviderProxy.invoke(ProviderFactory.java:165)
	at org.apache.maven.surefire.booter.ProviderFactory.invokeProvider(ProviderFactory.java:85)
	at org.apache.maven.surefire.booter.ForkedBooter.runSuitesInProcess(ForkedBooter.java:115)
	at org.apache.maven.surefire.booter.ForkedBooter.main(ForkedBooter.java:75)
Caused by: java.net.SocketException: Broken pipe
	at java.net.SocketOutputStream.socketWrite0(Native Method)
	at java.net.SocketOutputStream.socketWrite(SocketOutputStream.java:113)
	at java.net.SocketOutputStream.write(SocketOutputStream.java:159)
	at org.apache.logging.log4j.core.net.TCPSocketManager.write(TCPSocketManager.java:118)
	... 38 more

Tests run: 1, Failures: 0, Errors: 0, Skipped: 0, Time elapsed: 1.286 sec
Running org.apache.logging.log4j.core.async.AsyncLoggerLocationTest
Tests run: 1, Failures: 0, Errors: 0, Skipped: 0, Time elapsed: 0.45 sec
Running org.apache.logging.log4j.core.async.AsyncLoggerTest
Tests run: 1, Failures: 0, Errors: 0, Skipped: 0, Time elapsed: 0.444 sec
Running org.apache.logging.log4j.core.async.AsyncLoggerContextSelectorTest
Tests run: 4, Failures: 0, Errors: 0, Skipped: 0, Time elapsed: 0.24 sec
Running org.apache.logging.log4j.core.async.AsyncLoggerContextTest
Tests run: 1, Failures: 0, Errors: 0, Skipped: 0, Time elapsed: 0.394 sec
Running org.apache.logging.log4j.core.async.AsyncLoggerConfigTest
Tests run: 1, Failures: 0, Errors: 0, Skipped: 0, Time elapsed: 0.453 sec
Running org.apache.logging.log4j.core.helpers.UUIDTest
Elapsed for 2000 UUIDS = 388231141 Average = 194115 ns
Elapsed for 200 UUIDS = 237740 Average = 1188 ns
Tests run: 2, Failures: 0, Errors: 0, Skipped: 0, Time elapsed: 0.105 sec
Running org.apache.logging.log4j.core.helpers.SystemClockTest
Tests run: 2, Failures: 0, Errors: 0, Skipped: 0, Time elapsed: 0.149 sec
Running org.apache.logging.log4j.core.helpers.ClockFactoryTest
Tests run: 8, Failures: 0, Errors: 0, Skipped: 0, Time elapsed: 0.075 sec
Running org.apache.logging.log4j.core.helpers.CachedClockTest
Tests run: 2, Failures: 0, Errors: 0, Skipped: 0, Time elapsed: 0.149 sec
Running org.apache.logging.log4j.core.pattern.StyleConverterTest
Tests run: 1, Failures: 0, Errors: 0, Skipped: 0, Time elapsed: 0.451 sec
Running org.apache.logging.log4j.core.pattern.MessagePatternConverterTest
Tests run: 2, Failures: 0, Errors: 0, Skipped: 0, Time elapsed: 0.315 sec
Running org.apache.logging.log4j.core.pattern.LevelPatternConverterTest
Tests run: 1, Failures: 0, Errors: 0, Skipped: 0, Time elapsed: 0.167 sec
Running org.apache.logging.log4j.core.pattern.MapPatternConverterTest
Tests run: 2, Failures: 0, Errors: 0, Skipped: 0, Time elapsed: 0.17 sec
Running org.apache.logging.log4j.core.pattern.PatternParserTest
Tests run: 3, Failures: 0, Errors: 0, Skipped: 0, Time elapsed: 0.373 sec
Running org.apache.logging.log4j.core.pattern.RegexReplacementConverterTest
Tests run: 1, Failures: 0, Errors: 0, Skipped: 0, Time elapsed: 0.378 sec
Running org.apache.logging.log4j.core.pattern.NameAbbreviatorTest
Tests run: 6, Failures: 0, Errors: 0, Skipped: 0, Time elapsed: 0.051 sec
Running org.apache.logging.log4j.core.pattern.MarkerPatternConverterTest
Tests run: 1, Failures: 0, Errors: 0, Skipped: 0, Time elapsed: 0.155 sec
Running org.apache.logging.log4j.core.pattern.RegexReplacementTest
Tests run: 2, Failures: 0, Errors: 0, Skipped: 0, Time elapsed: 0.422 sec
Running org.apache.logging.log4j.core.layout.PatternLayoutTest
15:40:04.360 [main] DEBUG  - starting mdc pattern test
15:40:04.362 [main] DEBUG  - empty mdc, no key specified in pattern
15:40:04.362 [main] DEBUG  - empty mdc, key1 in pattern
15:40:04.362 [main] DEBUG  - empty mdc, key2 in pattern
15:40:04.363 [main] DEBUG  - empty mdc, key3 in pattern
15:40:04.363 [main] DEBUG  - empty mdc, key1, key2, and key3 in pattern
15:40:04.363 [main] DEBUG  - filled mdc, no key specified in pattern
15:40:04.363 [main] DEBUG  - filled mdc, key1 in pattern
15:40:04.364 [main] DEBUG  - filled mdc, key2 in pattern
15:40:04.364 [main] DEBUG  - filled mdc, key3 in pattern
15:40:04.364 [main] DEBUG  - filled mdc, key1, key2, and key3 in pattern
15:40:04.364 [main] DEBUG  - finished mdc pattern test
Tests run: 2, Failures: 0, Errors: 0, Skipped: 0, Time elapsed: 0.365 sec
Running org.apache.logging.log4j.core.layout.SyslogLayoutTest
Tests run: 1, Failures: 0, Errors: 0, Skipped: 0, Time elapsed: 0.368 sec
Running org.apache.logging.log4j.core.appender.ConsoleAppenderTest
Tests run: 1, Failures: 0, Errors: 0, Skipped: 0, Time elapsed: 0.308 sec
Running org.apache.logging.log4j.core.appender.FastRollingFileAppenderTest
Tests run: 1, Failures: 0, Errors: 0, Skipped: 0, Time elapsed: 0.453 sec
Running org.apache.logging.log4j.core.appender.rolling.RollingAppenderTimeAndSizeTest
Tests run: 1, Failures: 0, Errors: 0, Skipped: 0, Time elapsed: 10.634 sec
Running org.apache.logging.log4j.core.appender.rolling.helper.FileRenameActionTest
Tests run: 3, Failures: 0, Errors: 0, Skipped: 0, Time elapsed: 0.083 sec
Running org.apache.logging.log4j.core.appender.rolling.RollingAppenderUncompressedTest
Tests run: 1, Failures: 0, Errors: 0, Skipped: 0, Time elapsed: 0.594 sec
Running org.apache.logging.log4j.core.appender.rolling.OnStartupTriggeringPolicyTest
Tests run: 1, Failures: 0, Errors: 0, Skipped: 0, Time elapsed: 0.264 sec
Running org.apache.logging.log4j.core.appender.rolling.RollingAppenderTimeTest
Tests run: 1, Failures: 0, Errors: 0, Skipped: 0, Time elapsed: 10.518 sec
Running org.apache.logging.log4j.core.appender.rolling.RollingAppenderSizeTest
Tests run: 1, Failures: 0, Errors: 0, Skipped: 0, Time elapsed: 0.528 sec
Running org.apache.logging.log4j.core.appender.AsyncAppenderNoLocationTest
Tests run: 1, Failures: 0, Errors: 0, Skipped: 0, Time elapsed: 0.502 sec
Running org.apache.logging.log4j.core.appender.routing.JSONRoutingAppender2Test
Tests run: 1, Failures: 0, Errors: 0, Skipped: 0, Time elapsed: 0.514 sec
Running org.apache.logging.log4j.core.appender.routing.RoutingAppenderTest
2016-07-16 15:40:34,887 DEBUG Found Plugin Map at file:/home/ylyu/parallel/log4j2/log4j29/dataset/logging-log4j2/LOG4J2-219_ed951c76b1c63199176ec82aef001dbf7b9df8e6/core/target/classes/org/apache/logging/log4j/core/config/plugins/Log4j2Plugins.dat
2016-07-16 15:40:34,893 DEBUG Generated plugins in 0.006180464 seconds
2016-07-16 15:40:34,895 DEBUG Generated plugins in 0.001586585 seconds
2016-07-16 15:40:34,897 DEBUG Generated plugins in 0.001527918 seconds
2016-07-16 15:40:34,899 DEBUG Generated plugins in 0.001582185 seconds
2016-07-16 15:40:34,901 DEBUG Generated plugins in 0.001573454 seconds
2016-07-16 15:40:34,903 DEBUG Generated plugins in 0.001564096 seconds
2016-07-16 15:40:34,905 DEBUG Generated plugins in 0.001528057 seconds
2016-07-16 15:40:34,907 DEBUG Generated plugins in 0.001552572 seconds
2016-07-16 15:40:34,909 DEBUG Generated plugins in 0.001558299 seconds
2016-07-16 15:40:34,910 DEBUG Generated plugins in 0.001572965 seconds
2016-07-16 15:40:34,912 DEBUG Generated plugins in 0.001570870 seconds
2016-07-16 15:40:34,914 DEBUG Generated plugins in 0.001565283 seconds
2016-07-16 15:40:34,916 DEBUG Generated plugins in 0.001617804 seconds
2016-07-16 15:40:34,918 DEBUG Generated plugins in 0.001601670 seconds
2016-07-16 15:40:34,920 DEBUG Generated plugins in 0.001640013 seconds
2016-07-16 15:40:34,922 DEBUG Generated plugins in 0.001609213 seconds
2016-07-16 15:40:34,924 DEBUG Generated plugins in 0.001674165 seconds
2016-07-16 15:40:34,926 DEBUG Generated plugins in 0.001541118 seconds
2016-07-16 15:40:34,928 DEBUG Generated plugins in 0.001529734 seconds
2016-07-16 15:40:34,930 DEBUG Generated plugins in 0.001601810 seconds
2016-07-16 15:40:34,932 DEBUG Generated plugins in 0.001542724 seconds
2016-07-16 15:40:34,934 DEBUG Generated plugins in 0.001509130 seconds
2016-07-16 15:40:34,940 DEBUG Calling createProperty on class org.apache.logging.log4j.core.config.Property for element property with params(name="filename", value="target/routing1/routingtest-${sd:type}.log")
2016-07-16 15:40:34,944 DEBUG Calling configureSubstitutor on class org.apache.logging.log4j.core.config.plugins.PropertiesPlugin for element properties with params(properties={filename=target/routing1/routingtest-${sd:type}.log}, Configuration(RoutingTest))
2016-07-16 15:40:34,946 DEBUG Generated plugins in 0.001559905 seconds
2016-07-16 15:40:34,948 DEBUG Calling createFilter on class org.apache.logging.log4j.core.filter.ThresholdFilter for element ThresholdFilter with params(level="debug", onMatch="null", onMismatch="null")
2016-07-16 15:40:34,949 DEBUG Calling createLayout on class org.apache.logging.log4j.core.layout.PatternLayout for element PatternLayout with params(pattern="%m%n", Configuration(RoutingTest), null, charset="null")
2016-07-16 15:40:34,951 DEBUG Generated plugins in 0.001590775 seconds
2016-07-16 15:40:34,953 DEBUG Calling createAppender on class org.apache.logging.log4j.core.appender.ConsoleAppender for element Console with params(PatternLayout(%m%n), null, target="null", name="STDOUT", follow="null", suppressExceptions="null")
2016-07-16 15:40:34,953 DEBUG Calling createFilter on class org.apache.logging.log4j.core.filter.ThresholdFilter for element ThresholdFilter with params(level="debug", onMatch="null", onMismatch="null")
2016-07-16 15:40:34,955 DEBUG Calling createAppender on class org.apache.logging.log4j.test.appender.ListAppender for element List with params(name="List", entryPerNewLine="null", raw="null", null, ThresholdFilter(DEBUG))
2016-07-16 15:40:34,957 DEBUG Calling createRoute on class org.apache.logging.log4j.core.appender.routing.Route for element Route with params(ref="null", key="null", Node=Route)
2016-07-16 15:40:34,958 DEBUG Calling createRoute on class org.apache.logging.log4j.core.appender.routing.Route for element Route with params(ref="STDOUT", key="Audit", Node=Route)
2016-07-16 15:40:34,959 DEBUG Calling createRoute on class org.apache.logging.log4j.core.appender.routing.Route for element Route with params(ref="List", key="Service", Node=Route)
2016-07-16 15:40:34,959 DEBUG Calling createRoutes on class org.apache.logging.log4j.core.appender.routing.Routes for element Routes with params(pattern="${sd:type}", routes={Route(type=dynamic - type=Route default), Route(type=static Reference=STDOUT key='Audit'), Route(type=static Reference=List key='Service')})
2016-07-16 15:40:34,960 DEBUG Calling createAppender on class org.apache.logging.log4j.core.appender.routing.RoutingAppender for element Routing with params(name="Routing", suppressExceptions="null", Routes({Route(type=dynamic - type=Route default),Route(type=static Reference=STDOUT key='Audit'),Route(type=static Reference=List key='Service')}), Configuration(RoutingTest), null, null)
2016-07-16 15:40:34,961 DEBUG Calling createAppenders on class org.apache.logging.log4j.core.config.plugins.AppendersPlugin for element appenders with params(appenders={STDOUT, List, Routing})
2016-07-16 15:40:34,962 DEBUG Calling createAppenderRef on class org.apache.logging.log4j.core.config.AppenderRef for element appender-ref with params(ref="Routing", level="null", null)
2016-07-16 15:40:34,963 DEBUG Calling createLogger on class org.apache.logging.log4j.core.config.LoggerConfig for element logger with params(additivity="false", level="info", name="EventLogger", includeLocation="null", appender-ref={org.apache.logging.log4j.core.config.AppenderRef@2eff024d}, properties={}, Configuration(RoutingTest), null)
2016-07-16 15:40:34,965 DEBUG Calling createAppenderRef on class org.apache.logging.log4j.core.config.AppenderRef for element appender-ref with params(ref="STDOUT", level="null", null)
2016-07-16 15:40:34,966 DEBUG Calling createLogger on class org.apache.logging.log4j.core.config.LoggerConfig$RootLogger for element root with params(additivity="null", level="error", includeLocation="null", appender-ref={org.apache.logging.log4j.core.config.AppenderRef@6eeae9f1}, properties={}, Configuration(RoutingTest), null)
2016-07-16 15:40:34,967 DEBUG Calling createLoggers on class org.apache.logging.log4j.core.config.plugins.LoggersPlugin for element loggers with params(loggers={EventLogger, root})
2016-07-16 15:40:34,967 DEBUG Reconfiguration completed
2016-07-16 15:40:34,978 DEBUG Calling createLayout on class org.apache.logging.log4j.core.layout.PatternLayout for element PatternLayout with params(pattern="%d %p %C{1.} [%t] %m%n", Configuration(RoutingTest), null, charset="null")
2016-07-16 15:40:34,979 DEBUG Calling createPolicy on class org.apache.logging.log4j.core.appender.rolling.SizeBasedTriggeringPolicy for element SizeBasedTriggeringPolicy with params(size="500")
2016-07-16 15:40:34,980 DEBUG Calling createAppender on class org.apache.logging.log4j.core.appender.RollingFileAppender for element RollingFile with params(fileName="target/routing1/routingtest-Alert.log", filePattern="target/routing1/test1-Alert.%i.log.gz", append="null", name="Routing-Alert", bufferedIO="null", immediateFlush="null", SizeBasedTriggeringPolicy(SizeBasedTriggeringPolicy(size=500)), null, PatternLayout(%d %p %C{1.} [%t] %m%n), null, suppressExceptions="null", advertise="null", advertiseURI="null", Configuration(RoutingTest))
2016-07-16 15:40:34,982 DEBUG Starting RollingFileManager target/routing1/routingtest-Alert.log
2016-07-16 15:40:34,985 DEBUG Generated plugins in 0.001761816 seconds
2016-07-16 15:40:34,987 DEBUG Calling createLayout on class org.apache.logging.log4j.core.layout.PatternLayout for element PatternLayout with params(pattern="%d %p %C{1.} [%t] %m%n", Configuration(RoutingTest), null, charset="null")
2016-07-16 15:40:34,988 DEBUG Calling createPolicy on class org.apache.logging.log4j.core.appender.rolling.SizeBasedTriggeringPolicy for element SizeBasedTriggeringPolicy with params(size="500")
2016-07-16 15:40:34,989 DEBUG Calling createAppender on class org.apache.logging.log4j.core.appender.RollingFileAppender for element RollingFile with params(fileName="target/routing1/routingtest-Activity.log", filePattern="target/routing1/test1-Activity.%i.log.gz", append="null", name="Routing-Activity", bufferedIO="null", immediateFlush="null", SizeBasedTriggeringPolicy(SizeBasedTriggeringPolicy(size=500)), null, PatternLayout(%d %p %C{1.} [%t] %m%n), null, suppressExceptions="null", advertise="null", advertiseURI="null", Configuration(RoutingTest))
2016-07-16 15:40:34,989 DEBUG Starting RollingFileManager target/routing1/routingtest-Activity.log
2016-07-16 15:40:34,991 DEBUG Generated plugins in 0.001686108 seconds
2016-07-16 15:40:34,992 DEBUG Reconfiguration started for context sun.misc.Launcher$AppClassLoader@1395ddba
2016-07-16 15:40:35,007 DEBUG Generated plugins in 0.001447601 seconds
2016-07-16 15:40:35,008 DEBUG Shutting down RollingFileManager target/routing1/routingtest-Activity.log
2016-07-16 15:40:35,008 DEBUG Shutting down RollingFileManager target/routing1/routingtest-Alert.log
2016-07-16 15:40:35,009 DEBUG Reconfiguration completed
Tests run: 1, Failures: 0, Errors: 0, Skipped: 0, Time elapsed: 0.453 sec
Running org.apache.logging.log4j.core.appender.routing.JSONRoutingAppenderTest
Tests run: 1, Failures: 0, Errors: 0, Skipped: 0, Time elapsed: 0.517 sec
Running org.apache.logging.log4j.core.appender.FastFileAppenderLocationTest
Tests run: 1, Failures: 0, Errors: 0, Skipped: 0, Time elapsed: 0.396 sec
Running org.apache.logging.log4j.core.appender.FileAppenderTest
Tests run: 4, Failures: 0, Errors: 0, Skipped: 0, Time elapsed: 0.789 sec
Running org.apache.logging.log4j.core.appender.OutputStreamAppenderTest
Tests run: 1, Failures: 0, Errors: 0, Skipped: 0, Time elapsed: 0.257 sec
Running org.apache.logging.log4j.core.appender.FastRollingFileAppenderLocationTest
Tests run: 1, Failures: 0, Errors: 0, Skipped: 0, Time elapsed: 0.404 sec
Running org.apache.logging.log4j.core.appender.FastFileAppenderTest
Tests run: 1, Failures: 0, Errors: 0, Skipped: 0, Time elapsed: 0.4 sec
Running org.apache.logging.log4j.core.appender.FailoverAppenderTest
2016-07-16 15:40:41,381 ERROR An exception occurred processing Appender Fail org.apache.logging.log4j.LoggingException: Always fail
	at org.apache.logging.log4j.test.appender.AlwaysFailAppender.append(AlwaysFailAppender.java:40)
	at org.apache.logging.log4j.core.config.AppenderControl.callAppender(AppenderControl.java:102)
	at org.apache.logging.log4j.core.appender.FailoverAppender.callAppender(FailoverAppender.java:124)
	at org.apache.logging.log4j.core.appender.FailoverAppender.append(FailoverAppender.java:111)
	at org.apache.logging.log4j.core.config.AppenderControl.callAppender(AppenderControl.java:102)
	at org.apache.logging.log4j.core.config.LoggerConfig.callAppenders(LoggerConfig.java:404)
	at org.apache.logging.log4j.core.config.LoggerConfig.log(LoggerConfig.java:385)
	at org.apache.logging.log4j.core.config.LoggerConfig.log(LoggerConfig.java:346)
	at org.apache.logging.log4j.core.Logger.log(Logger.java:108)
	at org.apache.logging.log4j.spi.AbstractLogger.error(AbstractLogger.java:550)
	at org.apache.logging.log4j.core.appender.FailoverAppenderTest.testFailover(FailoverAppenderTest.java:76)
	at sun.reflect.NativeMethodAccessorImpl.invoke0(Native Method)
	at sun.reflect.NativeMethodAccessorImpl.invoke(NativeMethodAccessorImpl.java:57)
	at sun.reflect.DelegatingMethodAccessorImpl.invoke(DelegatingMethodAccessorImpl.java:43)
	at java.lang.reflect.Method.invoke(Method.java:606)
	at org.junit.runners.model.FrameworkMethod$1.runReflectiveCall(FrameworkMethod.java:44)
	at org.junit.internal.runners.model.ReflectiveCallable.run(ReflectiveCallable.java:15)
	at org.junit.runners.model.FrameworkMethod.invokeExplosively(FrameworkMethod.java:41)
	at org.junit.internal.runners.statements.InvokeMethod.evaluate(InvokeMethod.java:20)
	at org.junit.runners.BlockJUnit4ClassRunner.runChild(BlockJUnit4ClassRunner.java:76)
	at org.junit.runners.BlockJUnit4ClassRunner.runChild(BlockJUnit4ClassRunner.java:50)
	at org.junit.runners.ParentRunner$3.run(ParentRunner.java:193)
	at org.junit.runners.ParentRunner$1.schedule(ParentRunner.java:52)
	at org.junit.runners.ParentRunner.runChildren(ParentRunner.java:191)
	at org.junit.runners.ParentRunner.access$000(ParentRunner.java:42)
	at org.junit.runners.ParentRunner$2.evaluate(ParentRunner.java:184)
	at org.junit.internal.runners.statements.RunBefores.evaluate(RunBefores.java:28)
	at org.junit.internal.runners.statements.RunAfters.evaluate(RunAfters.java:31)
	at org.junit.runners.ParentRunner.run(ParentRunner.java:236)
	at org.apache.maven.surefire.junit4.JUnit4Provider.execute(JUnit4Provider.java:252)
	at org.apache.maven.surefire.junit4.JUnit4Provider.executeTestSet(JUnit4Provider.java:141)
	at org.apache.maven.surefire.junit4.JUnit4Provider.invoke(JUnit4Provider.java:112)
	at sun.reflect.NativeMethodAccessorImpl.invoke0(Native Method)
	at sun.reflect.NativeMethodAccessorImpl.invoke(NativeMethodAccessorImpl.java:57)
	at sun.reflect.DelegatingMethodAccessorImpl.invoke(DelegatingMethodAccessorImpl.java:43)
	at java.lang.reflect.Method.invoke(Method.java:606)
	at org.apache.maven.surefire.util.ReflectionUtils.invokeMethodWithArray(ReflectionUtils.java:189)
	at org.apache.maven.surefire.booter.ProviderFactory$ProviderProxy.invoke(ProviderFactory.java:165)
	at org.apache.maven.surefire.booter.ProviderFactory.invokeProvider(ProviderFactory.java:85)
	at org.apache.maven.surefire.booter.ForkedBooter.runSuitesInProcess(ForkedBooter.java:115)
	at org.apache.maven.surefire.booter.ForkedBooter.main(ForkedBooter.java:75)

2016-07-16 15:40:41,385 ERROR An exception occurred processing Appender Once org.apache.logging.log4j.LoggingException: Always fail
	at org.apache.logging.log4j.test.appender.FailOnceAppender.append(FailOnceAppender.java:48)
	at org.apache.logging.log4j.core.config.AppenderControl.callAppender(AppenderControl.java:102)
	at org.apache.logging.log4j.core.appender.FailoverAppender.callAppender(FailoverAppender.java:124)
	at org.apache.logging.log4j.core.appender.FailoverAppender.append(FailoverAppender.java:111)
	at org.apache.logging.log4j.core.config.AppenderControl.callAppender(AppenderControl.java:102)
	at org.apache.logging.log4j.core.config.LoggerConfig.callAppenders(LoggerConfig.java:404)
	at org.apache.logging.log4j.core.config.LoggerConfig.log(LoggerConfig.java:385)
	at org.apache.logging.log4j.core.config.LoggerConfig.log(LoggerConfig.java:346)
	at org.apache.logging.log4j.core.Logger.log(Logger.java:108)
	at org.apache.logging.log4j.spi.AbstractLogger.error(AbstractLogger.java:550)
	at org.apache.logging.log4j.core.appender.FailoverAppenderTest.testRecovery(FailoverAppenderTest.java:90)
	at sun.reflect.NativeMethodAccessorImpl.invoke0(Native Method)
	at sun.reflect.NativeMethodAccessorImpl.invoke(NativeMethodAccessorImpl.java:57)
	at sun.reflect.DelegatingMethodAccessorImpl.invoke(DelegatingMethodAccessorImpl.java:43)
	at java.lang.reflect.Method.invoke(Method.java:606)
	at org.junit.runners.model.FrameworkMethod$1.runReflectiveCall(FrameworkMethod.java:44)
	at org.junit.internal.runners.model.ReflectiveCallable.run(ReflectiveCallable.java:15)
	at org.junit.runners.model.FrameworkMethod.invokeExplosively(FrameworkMethod.java:41)
	at org.junit.internal.runners.statements.InvokeMethod.evaluate(InvokeMethod.java:20)
	at org.junit.runners.BlockJUnit4ClassRunner.runChild(BlockJUnit4ClassRunner.java:76)
	at org.junit.runners.BlockJUnit4ClassRunner.runChild(BlockJUnit4ClassRunner.java:50)
	at org.junit.runners.ParentRunner$3.run(ParentRunner.java:193)
	at org.junit.runners.ParentRunner$1.schedule(ParentRunner.java:52)
	at org.junit.runners.ParentRunner.runChildren(ParentRunner.java:191)
	at org.junit.runners.ParentRunner.access$000(ParentRunner.java:42)
	at org.junit.runners.ParentRunner$2.evaluate(ParentRunner.java:184)
	at org.junit.internal.runners.statements.RunBefores.evaluate(RunBefores.java:28)
	at org.junit.internal.runners.statements.RunAfters.evaluate(RunAfters.java:31)
	at org.junit.runners.ParentRunner.run(ParentRunner.java:236)
	at org.apache.maven.surefire.junit4.JUnit4Provider.execute(JUnit4Provider.java:252)
	at org.apache.maven.surefire.junit4.JUnit4Provider.executeTestSet(JUnit4Provider.java:141)
	at org.apache.maven.surefire.junit4.JUnit4Provider.invoke(JUnit4Provider.java:112)
	at sun.reflect.NativeMethodAccessorImpl.invoke0(Native Method)
	at sun.reflect.NativeMethodAccessorImpl.invoke(NativeMethodAccessorImpl.java:57)
	at sun.reflect.DelegatingMethodAccessorImpl.invoke(DelegatingMethodAccessorImpl.java:43)
	at java.lang.reflect.Method.invoke(Method.java:606)
	at org.apache.maven.surefire.util.ReflectionUtils.invokeMethodWithArray(ReflectionUtils.java:189)
	at org.apache.maven.surefire.booter.ProviderFactory$ProviderProxy.invoke(ProviderFactory.java:165)
	at org.apache.maven.surefire.booter.ProviderFactory.invokeProvider(ProviderFactory.java:85)
	at org.apache.maven.surefire.booter.ForkedBooter.runSuitesInProcess(ForkedBooter.java:115)
	at org.apache.maven.surefire.booter.ForkedBooter.main(ForkedBooter.java:75)

Tests run: 2, Failures: 0, Errors: 0, Skipped: 0, Time elapsed: 1.52 sec
Running org.apache.logging.log4j.core.appender.SyslogAppenderTest
Tests run: 5, Failures: 0, Errors: 0, Skipped: 0, Time elapsed: 0.367 sec
Running org.apache.logging.log4j.core.appender.FastRollingFileAppenderRolloverTest
Tests run: 1, Failures: 0, Errors: 0, Skipped: 0, Time elapsed: 0.453 sec
Running org.apache.logging.log4j.core.appender.rewrite.RewriteAppenderTest
Tests run: 2, Failures: 0, Errors: 0, Skipped: 0, Time elapsed: 0.454 sec
Running org.apache.logging.log4j.core.CollectionLoggingTest
15:40:46.121 [main] ERROR org.apache.logging.log4j.core.CollectionLoggingTest - {Big5=Big5, Big5-HKSCS=Big5-HKSCS, EUC-JP=EUC-JP, EUC-KR=EUC-KR, GB18030=GB18030, GB2312=GB2312, GBK=GBK, IBM-Thai=IBM-Thai, IBM00858=IBM00858, IBM01140=IBM01140, IBM01141=IBM01141, IBM01142=IBM01142, IBM01143=IBM01143, IBM01144=IBM01144, IBM01145=IBM01145, IBM01146=IBM01146, IBM01147=IBM01147, IBM01148=IBM01148, IBM01149=IBM01149, IBM037=IBM037, IBM1026=IBM1026, IBM1047=IBM1047, IBM273=IBM273, IBM277=IBM277, IBM278=IBM278, IBM280=IBM280, IBM284=IBM284, IBM285=IBM285, IBM290=IBM290, IBM297=IBM297, IBM420=IBM420, IBM424=IBM424, IBM437=IBM437, IBM500=IBM500, IBM775=IBM775, IBM850=IBM850, IBM852=IBM852, IBM855=IBM855, IBM857=IBM857, IBM860=IBM860, IBM861=IBM861, IBM862=IBM862, IBM863=IBM863, IBM864=IBM864, IBM865=IBM865, IBM866=IBM866, IBM868=IBM868, IBM869=IBM869, IBM870=IBM870, IBM871=IBM871, IBM918=IBM918, ISO-2022-CN=ISO-2022-CN, ISO-2022-JP=ISO-2022-JP, ISO-2022-JP-2=ISO-2022-JP-2, ISO-2022-KR=ISO-2022-KR, ISO-8859-1=ISO-8859-1, ISO-8859-13=ISO-8859-13, ISO-8859-15=ISO-8859-15, ISO-8859-2=ISO-8859-2, ISO-8859-3=ISO-8859-3, ISO-8859-4=ISO-8859-4, ISO-8859-5=ISO-8859-5, ISO-8859-6=ISO-8859-6, ISO-8859-7=ISO-8859-7, ISO-8859-8=ISO-8859-8, ISO-8859-9=ISO-8859-9, JIS_X0201=JIS_X0201, JIS_X0212-1990=JIS_X0212-1990, KOI8-R=KOI8-R, KOI8-U=KOI8-U, Shift_JIS=Shift_JIS, TIS-620=TIS-620, US-ASCII=US-ASCII, UTF-16=UTF-16, UTF-16BE=UTF-16BE, UTF-16LE=UTF-16LE, UTF-32=UTF-32, UTF-32BE=UTF-32BE, UTF-32LE=UTF-32LE, UTF-8=UTF-8, windows-1250=windows-1250, windows-1251=windows-1251, windows-1252=windows-1252, windows-1253=windows-1253, windows-1254=windows-1254, windows-1255=windows-1255, windows-1256=windows-1256, windows-1257=windows-1257, windows-1258=windows-1258, windows-31j=windows-31j, x-Big5-HKSCS-2001=x-Big5-HKSCS-2001, x-Big5-Solaris=x-Big5-Solaris, x-COMPOUND_TEXT=x-COMPOUND_TEXT, x-euc-jp-linux=x-euc-jp-linux, x-EUC-TW=x-EUC-TW, x-eucJP-Open=x-eucJP-Open, x-IBM1006=x-IBM1006, x-IBM1025=x-IBM1025, x-IBM1046=x-IBM1046, x-IBM1097=x-IBM1097, x-IBM1098=x-IBM1098, x-IBM1112=x-IBM1112, x-IBM1122=x-IBM1122, x-IBM1123=x-IBM1123, x-IBM1124=x-IBM1124, x-IBM1364=x-IBM1364, x-IBM1381=x-IBM1381, x-IBM1383=x-IBM1383, x-IBM300=x-IBM300, x-IBM33722=x-IBM33722, x-IBM737=x-IBM737, x-IBM833=x-IBM833, x-IBM834=x-IBM834, x-IBM856=x-IBM856, x-IBM874=x-IBM874, x-IBM875=x-IBM875, x-IBM921=x-IBM921, x-IBM922=x-IBM922, x-IBM930=x-IBM930, x-IBM933=x-IBM933, x-IBM935=x-IBM935, x-IBM937=x-IBM937, x-IBM939=x-IBM939, x-IBM942=x-IBM942, x-IBM942C=x-IBM942C, x-IBM943=x-IBM943, x-IBM943C=x-IBM943C, x-IBM948=x-IBM948, x-IBM949=x-IBM949, x-IBM949C=x-IBM949C, x-IBM950=x-IBM950, x-IBM964=x-IBM964, x-IBM970=x-IBM970, x-ISCII91=x-ISCII91, x-ISO-2022-CN-CNS=x-ISO-2022-CN-CNS, x-ISO-2022-CN-GB=x-ISO-2022-CN-GB, x-iso-8859-11=x-iso-8859-11, x-JIS0208=x-JIS0208, x-JISAutoDetect=x-JISAutoDetect, x-Johab=x-Johab, x-MacArabic=x-MacArabic, x-MacCentralEurope=x-MacCentralEurope, x-MacCroatian=x-MacCroatian, x-MacCyrillic=x-MacCyrillic, x-MacDingbat=x-MacDingbat, x-MacGreek=x-MacGreek, x-MacHebrew=x-MacHebrew, x-MacIceland=x-MacIceland, x-MacRoman=x-MacRoman, x-MacRomania=x-MacRomania, x-MacSymbol=x-MacSymbol, x-MacThai=x-MacThai, x-MacTurkish=x-MacTurkish, x-MacUkraine=x-MacUkraine, x-MS932_0213=x-MS932_0213, x-MS950-HKSCS=x-MS950-HKSCS, x-MS950-HKSCS-XP=x-MS950-HKSCS-XP, x-mswin-936=x-mswin-936, x-PCK=x-PCK, x-SJIS_0213=x-SJIS_0213, x-UTF-16LE-BOM=x-UTF-16LE-BOM, X-UTF-32BE-BOM=X-UTF-32BE-BOM, X-UTF-32LE-BOM=X-UTF-32LE-BOM, x-windows-50220=x-windows-50220, x-windows-50221=x-windows-50221, x-windows-874=x-windows-874, x-windows-949=x-windows-949, x-windows-950=x-windows-950, x-windows-iso2022jp=x-windows-iso2022jp}
15:40:46.125 [main] ERROR org.apache.logging.log4j.core.CollectionLoggingTest - java.net.NetworkInterface$1@10614f3d
15:40:46.126 [main] ERROR org.apache.logging.log4j.core.CollectionLoggingTest - {java.runtime.name=OpenJDK Runtime Environment, sun.boot.library.path=/usr/lib/jvm/java-7-openjdk-amd64/jre/lib/amd64, java.vm.version=24.95-b01, java.vm.vendor=Oracle Corporation, java.vendor.url=http://java.oracle.com/, path.separator=:, java.vm.name=OpenJDK 64-Bit Server VM, file.encoding.pkg=sun.io, user.country=US, sun.java.launcher=SUN_STANDARD, sun.os.patch.level=unknown, java.vm.specification.name=Java Virtual Machine Specification, user.dir=/home/ylyu/parallel/log4j2/log4j29/dataset/logging-log4j2/LOG4J2-219_ed951c76b1c63199176ec82aef001dbf7b9df8e6/core, java.runtime.version=1.7.0_101-b00, basedir=/home/ylyu/parallel/log4j2/log4j29/dataset/logging-log4j2/LOG4J2-219_ed951c76b1c63199176ec82aef001dbf7b9df8e6/core, java.awt.graphicsenv=sun.awt.X11GraphicsEnvironment, java.endorsed.dirs=/usr/lib/jvm/java-7-openjdk-amd64/jre/lib/endorsed, os.arch=amd64, surefire.real.class.path=/home/ylyu/parallel/log4j2/log4j29/dataset/logging-log4j2/LOG4J2-219_ed951c76b1c63199176ec82aef001dbf7b9df8e6/core/target/surefire/surefirebooter7746376766572372134.jar, java.io.tmpdir=/tmp, line.separator=
, java.vm.specification.vendor=Oracle Corporation, os.name=Linux, sun.jnu.encoding=UTF-8, java.library.path=/usr/java/packages/lib/amd64:/usr/lib/x86_64-linux-gnu/jni:/lib/x86_64-linux-gnu:/usr/lib/x86_64-linux-gnu:/usr/lib/jni:/lib:/usr/lib, surefire.test.class.path=/home/ylyu/parallel/log4j2/log4j29/dataset/logging-log4j2/LOG4J2-219_ed951c76b1c63199176ec82aef001dbf7b9df8e6/core/target/test-classes:/home/ylyu/parallel/log4j2/log4j29/dataset/logging-log4j2/LOG4J2-219_ed951c76b1c63199176ec82aef001dbf7b9df8e6/core/target/classes:/home/ylyu/.m2/repository/org/apache/logging/log4j/log4j-api/2.0-beta6-SNAPSHOT/log4j-api-2.0-beta6-SNAPSHOT.jar:/home/ylyu/.m2/repository/org/osgi/core/4.3.0/core-4.3.0.jar:/home/ylyu/.m2/repository/com/lmax/disruptor/3.0.1/disruptor-3.0.1.jar:/home/ylyu/.m2/repository/org/codehaus/jackson/jackson-core-asl/1.9.2/jackson-core-asl-1.9.2.jar:/home/ylyu/.m2/repository/org/codehaus/jackson/jackson-mapper-asl/1.9.2/jackson-mapper-asl-1.9.2.jar:/home/ylyu/.m2/repository/org/fusesource/jansi/jansi/1.9/jansi-1.9.jar:/home/ylyu/.m2/repository/javax/jmdns/jmdns/3.4.1/jmdns-3.4.1.jar:/home/ylyu/.m2/repository/oro/oro/2.0.8/oro-2.0.8.jar:/home/ylyu/.m2/repository/log4j/log4j/1.2.16/log4j-1.2.16.jar:/home/ylyu/.m2/repository/org/slf4j/slf4j-api/1.7.2/slf4j-api-1.7.2.jar:/home/ylyu/.m2/repository/org/slf4j/slf4j-ext/1.7.2/slf4j-ext-1.7.2.jar:/home/ylyu/.m2/repository/ch/qos/cal10n/cal10n-api/0.7.4/cal10n-api-0.7.4.jar:/home/ylyu/.m2/repository/junit/junit/4.7/junit-4.7.jar:/home/ylyu/.m2/repository/org/mockejb/mockejb/0.6-beta2/mockejb-0.6-beta2.jar:/home/ylyu/.m2/repository/cglib/cglib-full/2.0.2/cglib-full-2.0.2.jar:/home/ylyu/.m2/repository/commons-logging/commons-logging/1.0.4/commons-logging-1.0.4.jar:/home/ylyu/.m2/repository/ch/qos/logback/logback-core/1.0.7/logback-core-1.0.7.jar:/home/ylyu/.m2/repository/ch/qos/logback/logback-classic/1.0.7/logback-classic-1.0.7.jar:/home/ylyu/.m2/repository/org/apache/geronimo/specs/geronimo-jms_1.1_spec/1.0/geronimo-jms_1.1_spec-1.0.jar:/home/ylyu/.m2/repository/javax/mail/mail/1.4.5/mail-1.4.5.jar:/home/ylyu/.m2/repository/javax/activation/activation/1.1/activation-1.1.jar:/usr/lib/jvm/java-7-openjdk-amd64/jre/../lib/jconsole.jar:, java.specification.name=Java Platform API Specification, java.class.version=51.0, sun.management.compiler=HotSpot 64-Bit Tiered Compilers, os.version=4.2.0-27-generic, user.home=/home/ylyu, user.timezone=America/Los_Angeles, java.awt.printerjob=sun.print.PSPrinterJob, file.encoding=UTF-8, java.specification.version=1.7, java.class.path=/home/ylyu/parallel/log4j2/log4j29/dataset/logging-log4j2/LOG4J2-219_ed951c76b1c63199176ec82aef001dbf7b9df8e6/core/target/test-classes:/home/ylyu/parallel/log4j2/log4j29/dataset/logging-log4j2/LOG4J2-219_ed951c76b1c63199176ec82aef001dbf7b9df8e6/core/target/classes:/home/ylyu/.m2/repository/org/apache/logging/log4j/log4j-api/2.0-beta6-SNAPSHOT/log4j-api-2.0-beta6-SNAPSHOT.jar:/home/ylyu/.m2/repository/org/osgi/core/4.3.0/core-4.3.0.jar:/home/ylyu/.m2/repository/com/lmax/disruptor/3.0.1/disruptor-3.0.1.jar:/home/ylyu/.m2/repository/org/codehaus/jackson/jackson-core-asl/1.9.2/jackson-core-asl-1.9.2.jar:/home/ylyu/.m2/repository/org/codehaus/jackson/jackson-mapper-asl/1.9.2/jackson-mapper-asl-1.9.2.jar:/home/ylyu/.m2/repository/org/fusesource/jansi/jansi/1.9/jansi-1.9.jar:/home/ylyu/.m2/repository/javax/jmdns/jmdns/3.4.1/jmdns-3.4.1.jar:/home/ylyu/.m2/repository/oro/oro/2.0.8/oro-2.0.8.jar:/home/ylyu/.m2/repository/log4j/log4j/1.2.16/log4j-1.2.16.jar:/home/ylyu/.m2/repository/org/slf4j/slf4j-api/1.7.2/slf4j-api-1.7.2.jar:/home/ylyu/.m2/repository/org/slf4j/slf4j-ext/1.7.2/slf4j-ext-1.7.2.jar:/home/ylyu/.m2/repository/ch/qos/cal10n/cal10n-api/0.7.4/cal10n-api-0.7.4.jar:/home/ylyu/.m2/repository/junit/junit/4.7/junit-4.7.jar:/home/ylyu/.m2/repository/org/mockejb/mockejb/0.6-beta2/mockejb-0.6-beta2.jar:/home/ylyu/.m2/repository/cglib/cglib-full/2.0.2/cglib-full-2.0.2.jar:/home/ylyu/.m2/repository/commons-logging/commons-logging/1.0.4/commons-logging-1.0.4.jar:/home/ylyu/.m2/repository/ch/qos/logback/logback-core/1.0.7/logback-core-1.0.7.jar:/home/ylyu/.m2/repository/ch/qos/logback/logback-classic/1.0.7/logback-classic-1.0.7.jar:/home/ylyu/.m2/repository/org/apache/geronimo/specs/geronimo-jms_1.1_spec/1.0/geronimo-jms_1.1_spec-1.0.jar:/home/ylyu/.m2/repository/javax/mail/mail/1.4.5/mail-1.4.5.jar:/home/ylyu/.m2/repository/javax/activation/activation/1.1/activation-1.1.jar:/usr/lib/jvm/java-7-openjdk-amd64/jre/../lib/jconsole.jar:, user.name=ylyu, java.vm.specification.version=1.7, sun.java.command=/home/ylyu/parallel/log4j2/log4j29/dataset/logging-log4j2/LOG4J2-219_ed951c76b1c63199176ec82aef001dbf7b9df8e6/core/target/surefire/surefirebooter7746376766572372134.jar /home/ylyu/parallel/log4j2/log4j29/dataset/logging-log4j2/LOG4J2-219_ed951c76b1c63199176ec82aef001dbf7b9df8e6/core/target/surefire/surefire2999704187807863461tmp /home/ylyu/parallel/log4j2/log4j29/dataset/logging-log4j2/LOG4J2-219_ed951c76b1c63199176ec82aef001dbf7b9df8e6/core/target/surefire/surefire_838782713411378888492tmp, java.home=/usr/lib/jvm/java-7-openjdk-amd64/jre, sun.arch.data.model=64, user.language=en, java.specification.vendor=Oracle Corporation, awt.toolkit=sun.awt.X11.XToolkit, java.vm.info=mixed mode, java.version=1.7.0_101, java.ext.dirs=/usr/lib/jvm/java-7-openjdk-amd64/jre/lib/ext:/usr/java/packages/lib/ext, sun.boot.class.path=/usr/lib/jvm/java-7-openjdk-amd64/jre/lib/resources.jar:/usr/lib/jvm/java-7-openjdk-amd64/jre/lib/rt.jar:/usr/lib/jvm/java-7-openjdk-amd64/jre/lib/sunrsasign.jar:/usr/lib/jvm/java-7-openjdk-amd64/jre/lib/jsse.jar:/usr/lib/jvm/java-7-openjdk-amd64/jre/lib/jce.jar:/usr/lib/jvm/java-7-openjdk-amd64/jre/lib/charsets.jar:/usr/lib/jvm/java-7-openjdk-amd64/jre/lib/rhino.jar:/usr/lib/jvm/java-7-openjdk-amd64/jre/lib/jfr.jar:/usr/lib/jvm/java-7-openjdk-amd64/jre/classes, java.vendor=Oracle Corporation, localRepository=/home/ylyu/.m2/repository, file.separator=/, java.vendor.url.bug=http://bugreport.sun.com/bugreport/, sun.io.unicode.encoding=UnicodeLittle, sun.cpu.endian=little, sun.cpu.isalist=}
15:40:46.127 [main] ERROR org.apache.logging.log4j.core.CollectionLoggingTest - {java.runtime.name=OpenJDK Runtime Environment, sun.boot.library.path=/usr/lib/jvm/java-7-openjdk-amd64/jre/lib/amd64, java.vm.version=24.95-b01, java.vm.vendor=Oracle Corporation, java.vendor.url=http://java.oracle.com/, path.separator=:, java.vm.name=OpenJDK 64-Bit Server VM, file.encoding.pkg=sun.io, user.country=US, sun.java.launcher=SUN_STANDARD, sun.os.patch.level=unknown, java.vm.specification.name=Java Virtual Machine Specification, user.dir=/home/ylyu/parallel/log4j2/log4j29/dataset/logging-log4j2/LOG4J2-219_ed951c76b1c63199176ec82aef001dbf7b9df8e6/core, java.runtime.version=1.7.0_101-b00, basedir=/home/ylyu/parallel/log4j2/log4j29/dataset/logging-log4j2/LOG4J2-219_ed951c76b1c63199176ec82aef001dbf7b9df8e6/core, java.awt.graphicsenv=sun.awt.X11GraphicsEnvironment, java.endorsed.dirs=/usr/lib/jvm/java-7-openjdk-amd64/jre/lib/endorsed, os.arch=amd64, surefire.real.class.path=/home/ylyu/parallel/log4j2/log4j29/dataset/logging-log4j2/LOG4J2-219_ed951c76b1c63199176ec82aef001dbf7b9df8e6/core/target/surefire/surefirebooter7746376766572372134.jar, java.io.tmpdir=/tmp, line.separator=
, java.vm.specification.vendor=Oracle Corporation, os.name=Linux, sun.jnu.encoding=UTF-8, java.library.path=/usr/java/packages/lib/amd64:/usr/lib/x86_64-linux-gnu/jni:/lib/x86_64-linux-gnu:/usr/lib/x86_64-linux-gnu:/usr/lib/jni:/lib:/usr/lib, surefire.test.class.path=/home/ylyu/parallel/log4j2/log4j29/dataset/logging-log4j2/LOG4J2-219_ed951c76b1c63199176ec82aef001dbf7b9df8e6/core/target/test-classes:/home/ylyu/parallel/log4j2/log4j29/dataset/logging-log4j2/LOG4J2-219_ed951c76b1c63199176ec82aef001dbf7b9df8e6/core/target/classes:/home/ylyu/.m2/repository/org/apache/logging/log4j/log4j-api/2.0-beta6-SNAPSHOT/log4j-api-2.0-beta6-SNAPSHOT.jar:/home/ylyu/.m2/repository/org/osgi/core/4.3.0/core-4.3.0.jar:/home/ylyu/.m2/repository/com/lmax/disruptor/3.0.1/disruptor-3.0.1.jar:/home/ylyu/.m2/repository/org/codehaus/jackson/jackson-core-asl/1.9.2/jackson-core-asl-1.9.2.jar:/home/ylyu/.m2/repository/org/codehaus/jackson/jackson-mapper-asl/1.9.2/jackson-mapper-asl-1.9.2.jar:/home/ylyu/.m2/repository/org/fusesource/jansi/jansi/1.9/jansi-1.9.jar:/home/ylyu/.m2/repository/javax/jmdns/jmdns/3.4.1/jmdns-3.4.1.jar:/home/ylyu/.m2/repository/oro/oro/2.0.8/oro-2.0.8.jar:/home/ylyu/.m2/repository/log4j/log4j/1.2.16/log4j-1.2.16.jar:/home/ylyu/.m2/repository/org/slf4j/slf4j-api/1.7.2/slf4j-api-1.7.2.jar:/home/ylyu/.m2/repository/org/slf4j/slf4j-ext/1.7.2/slf4j-ext-1.7.2.jar:/home/ylyu/.m2/repository/ch/qos/cal10n/cal10n-api/0.7.4/cal10n-api-0.7.4.jar:/home/ylyu/.m2/repository/junit/junit/4.7/junit-4.7.jar:/home/ylyu/.m2/repository/org/mockejb/mockejb/0.6-beta2/mockejb-0.6-beta2.jar:/home/ylyu/.m2/repository/cglib/cglib-full/2.0.2/cglib-full-2.0.2.jar:/home/ylyu/.m2/repository/commons-logging/commons-logging/1.0.4/commons-logging-1.0.4.jar:/home/ylyu/.m2/repository/ch/qos/logback/logback-core/1.0.7/logback-core-1.0.7.jar:/home/ylyu/.m2/repository/ch/qos/logback/logback-classic/1.0.7/logback-classic-1.0.7.jar:/home/ylyu/.m2/repository/org/apache/geronimo/specs/geronimo-jms_1.1_spec/1.0/geronimo-jms_1.1_spec-1.0.jar:/home/ylyu/.m2/repository/javax/mail/mail/1.4.5/mail-1.4.5.jar:/home/ylyu/.m2/repository/javax/activation/activation/1.1/activation-1.1.jar:/usr/lib/jvm/java-7-openjdk-amd64/jre/../lib/jconsole.jar:, java.specification.name=Java Platform API Specification, java.class.version=51.0, sun.management.compiler=HotSpot 64-Bit Tiered Compilers, os.version=4.2.0-27-generic, user.home=/home/ylyu, user.timezone=America/Los_Angeles, java.awt.printerjob=sun.print.PSPrinterJob, file.encoding=UTF-8, java.specification.version=1.7, java.class.path=/home/ylyu/parallel/log4j2/log4j29/dataset/logging-log4j2/LOG4J2-219_ed951c76b1c63199176ec82aef001dbf7b9df8e6/core/target/test-classes:/home/ylyu/parallel/log4j2/log4j29/dataset/logging-log4j2/LOG4J2-219_ed951c76b1c63199176ec82aef001dbf7b9df8e6/core/target/classes:/home/ylyu/.m2/repository/org/apache/logging/log4j/log4j-api/2.0-beta6-SNAPSHOT/log4j-api-2.0-beta6-SNAPSHOT.jar:/home/ylyu/.m2/repository/org/osgi/core/4.3.0/core-4.3.0.jar:/home/ylyu/.m2/repository/com/lmax/disruptor/3.0.1/disruptor-3.0.1.jar:/home/ylyu/.m2/repository/org/codehaus/jackson/jackson-core-asl/1.9.2/jackson-core-asl-1.9.2.jar:/home/ylyu/.m2/repository/org/codehaus/jackson/jackson-mapper-asl/1.9.2/jackson-mapper-asl-1.9.2.jar:/home/ylyu/.m2/repository/org/fusesource/jansi/jansi/1.9/jansi-1.9.jar:/home/ylyu/.m2/repository/javax/jmdns/jmdns/3.4.1/jmdns-3.4.1.jar:/home/ylyu/.m2/repository/oro/oro/2.0.8/oro-2.0.8.jar:/home/ylyu/.m2/repository/log4j/log4j/1.2.16/log4j-1.2.16.jar:/home/ylyu/.m2/repository/org/slf4j/slf4j-api/1.7.2/slf4j-api-1.7.2.jar:/home/ylyu/.m2/repository/org/slf4j/slf4j-ext/1.7.2/slf4j-ext-1.7.2.jar:/home/ylyu/.m2/repository/ch/qos/cal10n/cal10n-api/0.7.4/cal10n-api-0.7.4.jar:/home/ylyu/.m2/repository/junit/junit/4.7/junit-4.7.jar:/home/ylyu/.m2/repository/org/mockejb/mockejb/0.6-beta2/mockejb-0.6-beta2.jar:/home/ylyu/.m2/repository/cglib/cglib-full/2.0.2/cglib-full-2.0.2.jar:/home/ylyu/.m2/repository/commons-logging/commons-logging/1.0.4/commons-logging-1.0.4.jar:/home/ylyu/.m2/repository/ch/qos/logback/logback-core/1.0.7/logback-core-1.0.7.jar:/home/ylyu/.m2/repository/ch/qos/logback/logback-classic/1.0.7/logback-classic-1.0.7.jar:/home/ylyu/.m2/repository/org/apache/geronimo/specs/geronimo-jms_1.1_spec/1.0/geronimo-jms_1.1_spec-1.0.jar:/home/ylyu/.m2/repository/javax/mail/mail/1.4.5/mail-1.4.5.jar:/home/ylyu/.m2/repository/javax/activation/activation/1.1/activation-1.1.jar:/usr/lib/jvm/java-7-openjdk-amd64/jre/../lib/jconsole.jar:, user.name=ylyu, java.vm.specification.version=1.7, sun.java.command=/home/ylyu/parallel/log4j2/log4j29/dataset/logging-log4j2/LOG4J2-219_ed951c76b1c63199176ec82aef001dbf7b9df8e6/core/target/surefire/surefirebooter7746376766572372134.jar /home/ylyu/parallel/log4j2/log4j29/dataset/logging-log4j2/LOG4J2-219_ed951c76b1c63199176ec82aef001dbf7b9df8e6/core/target/surefire/surefire2999704187807863461tmp /home/ylyu/parallel/log4j2/log4j29/dataset/logging-log4j2/LOG4J2-219_ed951c76b1c63199176ec82aef001dbf7b9df8e6/core/target/surefire/surefire_838782713411378888492tmp, java.home=/usr/lib/jvm/java-7-openjdk-amd64/jre, sun.arch.data.model=64, user.language=en, java.specification.vendor=Oracle Corporation, awt.toolkit=sun.awt.X11.XToolkit, java.vm.info=mixed mode, java.version=1.7.0_101, java.ext.dirs=/usr/lib/jvm/java-7-openjdk-amd64/jre/lib/ext:/usr/java/packages/lib/ext, sun.boot.class.path=/usr/lib/jvm/java-7-openjdk-amd64/jre/lib/resources.jar:/usr/lib/jvm/java-7-openjdk-amd64/jre/lib/rt.jar:/usr/lib/jvm/java-7-openjdk-amd64/jre/lib/sunrsasign.jar:/usr/lib/jvm/java-7-openjdk-amd64/jre/lib/jsse.jar:/usr/lib/jvm/java-7-openjdk-amd64/jre/lib/jce.jar:/usr/lib/jvm/java-7-openjdk-amd64/jre/lib/charsets.jar:/usr/lib/jvm/java-7-openjdk-amd64/jre/lib/rhino.jar:/usr/lib/jvm/java-7-openjdk-amd64/jre/lib/jfr.jar:/usr/lib/jvm/java-7-openjdk-amd64/jre/classes, java.vendor=Oracle Corporation, localRepository=/home/ylyu/.m2/repository, file.separator=/, java.vendor.url.bug=http://bugreport.sun.com/bugreport/, sun.io.unicode.encoding=UnicodeLittle, sun.cpu.endian=little, sun.cpu.isalist=}
15:40:46.129 [main] ERROR org.apache.logging.log4j.core.CollectionLoggingTest - MyKey1="MyValue1" MyKey2="MyValue2"
15:40:46.129 [main] ERROR org.apache.logging.log4j.core.CollectionLoggingTest - {MyKey2=MyValue2, MyKey1=MyValue1}
Tests run: 4, Failures: 0, Errors: 0, Skipped: 0, Time elapsed: 0.383 sec

Results :

Failed tests:   testMissingRootLogger(org.apache.logging.log4j.core.config.BaseConfigurationTest): sampleAppenders Size expected:<1> but was:<0>

Tests run: 184, Failures: 1, Errors: 0, Skipped: 0

[INFO] ------------------------------------------------------------------------
[INFO] BUILD FAILURE
[INFO] ------------------------------------------------------------------------
[INFO] Total time: 01:51 min
[INFO] Finished at: 2016-07-16T15:40:47-07:00
[INFO] Final Memory: 23M/964M
[INFO] ------------------------------------------------------------------------
[ERROR] Failed to execute goal org.apache.maven.plugins:maven-surefire-plugin:2.12.4:test (default-test) on project log4j-core: There are test failures.
[ERROR] 
[ERROR] Please refer to /home/ylyu/parallel/log4j2/log4j29/dataset/logging-log4j2/LOG4J2-219_ed951c76b1c63199176ec82aef001dbf7b9df8e6/core/target/surefire-reports for the individual test results.
[ERROR] -> [Help 1]
[ERROR] 
[ERROR] To see the full stack trace of the errors, re-run Maven with the -e switch.
[ERROR] Re-run Maven using the -X switch to enable full debug logging.
[ERROR] 
[ERROR] For more information about the errors and possible solutions, please read the following articles:
[ERROR] [Help 1] http://cwiki.apache.org/confluence/display/MAVEN/MojoFailureException
