[INFO] Scanning for projects...
[INFO]                                                                         
[INFO] ------------------------------------------------------------------------
[INFO] Building flink-runtime 1.0-SNAPSHOT
[INFO] ------------------------------------------------------------------------
[INFO] 
[INFO] --- maven-checkstyle-plugin:2.16:check (validate) @ flink-runtime_2.10 ---
[INFO] 
[INFO] --- maven-enforcer-plugin:1.3.1:enforce (enforce-maven) @ flink-runtime_2.10 ---
[INFO] 
[INFO] --- git-commit-id-plugin:2.1.5:revision (default) @ flink-runtime_2.10 ---
[info] 
[info] 
[INFO] 
[INFO] --- build-helper-maven-plugin:1.7:add-source (add-source) @ flink-runtime_2.10 ---
[INFO] Source directory: /space/parallel/flink/flink9/dataset/flink/FLINK-3107_937963e339ddd57cc65e3da8af5398600e4d9ad2/flink-runtime/src/main/scala added.
[INFO] 
[INFO] --- maven-remote-resources-plugin:1.5:process (default) @ flink-runtime_2.10 ---
[INFO] 
[INFO] --- maven-resources-plugin:2.6:resources (default-resources) @ flink-runtime_2.10 ---
[INFO] Using 'UTF-8' encoding to copy filtered resources.
[INFO] Copying 1 resource
[INFO] Copying 3 resources
[INFO] 
[INFO] --- scala-maven-plugin:3.1.4:compile (scala-compile-first) @ flink-runtime_2.10 ---
[INFO] Nothing to compile - all classes are up to date
[INFO] 
[INFO] --- maven-compiler-plugin:3.1:compile (default-compile) @ flink-runtime_2.10 ---
[INFO] Changes detected - recompiling the module!
[INFO] Compiling 536 source files to /space/parallel/flink/flink9/dataset/flink/FLINK-3107_937963e339ddd57cc65e3da8af5398600e4d9ad2/flink-runtime/target/classes
[WARNING] /space/parallel/flink/flink9/dataset/flink/FLINK-3107_937963e339ddd57cc65e3da8af5398600e4d9ad2/flink-runtime/src/main/java/org/apache/flink/runtime/util/SignalHandler.java:[22,16] sun.misc.Signal is internal proprietary API and may be removed in a future release
[WARNING] /space/parallel/flink/flink9/dataset/flink/FLINK-3107_937963e339ddd57cc65e3da8af5398600e4d9ad2/flink-runtime/src/main/java/org/apache/flink/runtime/util/SignalHandler.java:[34,57] sun.misc.SignalHandler is internal proprietary API and may be removed in a future release
[WARNING] /space/parallel/flink/flink9/dataset/flink/FLINK-3107_937963e339ddd57cc65e3da8af5398600e4d9ad2/flink-runtime/src/main/java/org/apache/flink/runtime/state/AbstractStateBackend.java:[297,80] unchecked call to restoreState(Backend,org.apache.flink.api.common.typeutils.TypeSerializer<K>,java.lang.ClassLoader,long) as a member of the raw type org.apache.flink.runtime.state.KvStateSnapshot
[WARNING] /space/parallel/flink/flink9/dataset/flink/FLINK-3107_937963e339ddd57cc65e3da8af5398600e4d9ad2/flink-runtime/src/main/java/org/apache/flink/runtime/operators/shipping/OutputEmitter.java:[293,64] unchecked call to compare(T,T) as a member of the raw type org.apache.flink.api.common.typeutils.TypeComparator
[WARNING] /space/parallel/flink/flink9/dataset/flink/FLINK-3107_937963e339ddd57cc65e3da8af5398600e4d9ad2/flink-runtime/src/main/java/org/apache/flink/runtime/operators/udf/AssignRangeIndex.java:[51,51] unchecked call to CommonRangeBoundaries(org.apache.flink.api.common.typeutils.TypeComparator<T>,java.lang.Object[][]) as a member of the raw type org.apache.flink.api.common.distributions.CommonRangeBoundaries
[WARNING] /space/parallel/flink/flink9/dataset/flink/FLINK-3107_937963e339ddd57cc65e3da8af5398600e4d9ad2/flink-runtime/src/main/java/org/apache/flink/runtime/operators/udf/AssignRangeIndex.java:[56,80] unchecked call to getRangeIndex(T) as a member of the raw type org.apache.flink.api.common.distributions.RangeBoundaries
[WARNING] /space/parallel/flink/flink9/dataset/flink/FLINK-3107_937963e339ddd57cc65e3da8af5398600e4d9ad2/flink-runtime/src/main/java/org/apache/flink/runtime/util/DependencyVisitor.java:[191,29] visitMethodInsn(int,java.lang.String,java.lang.String,java.lang.String) in org.objectweb.asm.MethodVisitor has been deprecated
[WARNING] /space/parallel/flink/flink9/dataset/flink/FLINK-3107_937963e339ddd57cc65e3da8af5398600e4d9ad2/flink-runtime/src/main/java/org/apache/flink/runtime/zookeeper/ZooKeeperStateHandleStore.java:[90,44] unchecked conversion
  required: org.apache.flink.runtime.zookeeper.StateStorageHelper<T>
  found:    org.apache.flink.runtime.zookeeper.StateStorageHelper
[WARNING] /space/parallel/flink/flink9/dataset/flink/FLINK-3107_937963e339ddd57cc65e3da8af5398600e4d9ad2/flink-runtime/src/main/java/org/apache/flink/runtime/util/DataOutputSerializer.java:[336,38] sun.misc.Unsafe is internal proprietary API and may be removed in a future release
[WARNING] /space/parallel/flink/flink9/dataset/flink/FLINK-3107_937963e339ddd57cc65e3da8af5398600e4d9ad2/flink-runtime/src/main/java/org/apache/flink/runtime/util/DataInputDeserializer.java:[372,38] sun.misc.Unsafe is internal proprietary API and may be removed in a future release
[WARNING] /space/parallel/flink/flink9/dataset/flink/FLINK-3107_937963e339ddd57cc65e3da8af5398600e4d9ad2/flink-runtime/src/main/java/org/apache/flink/runtime/util/SignalHandler.java:[37,39] sun.misc.SignalHandler is internal proprietary API and may be removed in a future release
[WARNING] /space/parallel/flink/flink9/dataset/flink/FLINK-3107_937963e339ddd57cc65e3da8af5398600e4d9ad2/flink-runtime/src/main/java/org/apache/flink/runtime/util/SignalHandler.java:[41,57] sun.misc.Signal is internal proprietary API and may be removed in a future release
[WARNING] /space/parallel/flink/flink9/dataset/flink/FLINK-3107_937963e339ddd57cc65e3da8af5398600e4d9ad2/flink-runtime/src/main/java/org/apache/flink/runtime/util/SignalHandler.java:[41,39] sun.misc.Signal is internal proprietary API and may be removed in a future release
[WARNING] /space/parallel/flink/flink9/dataset/flink/FLINK-3107_937963e339ddd57cc65e3da8af5398600e4d9ad2/flink-runtime/src/main/java/org/apache/flink/runtime/util/SignalHandler.java:[50,36] sun.misc.Signal is internal proprietary API and may be removed in a future release
[INFO] 
[INFO] --- build-helper-maven-plugin:1.7:add-test-source (add-test-source) @ flink-runtime_2.10 ---
[INFO] Test Source directory: /space/parallel/flink/flink9/dataset/flink/FLINK-3107_937963e339ddd57cc65e3da8af5398600e4d9ad2/flink-runtime/src/test/scala added.
[INFO] 
[INFO] --- maven-resources-plugin:2.6:testResources (default-testResources) @ flink-runtime_2.10 ---
[INFO] Using 'UTF-8' encoding to copy filtered resources.
[INFO] Copying 2 resources
[INFO] Copying 3 resources
[INFO] 
[INFO] --- scala-maven-plugin:3.1.4:testCompile (scala-test-compile) @ flink-runtime_2.10 ---
[INFO] Nothing to compile - all classes are up to date
[INFO] 
[INFO] --- maven-compiler-plugin:3.1:testCompile (default-testCompile) @ flink-runtime_2.10 ---
[INFO] Nothing to compile - all classes are up to date
[INFO] 
[INFO] --- maven-surefire-plugin:2.18.1:test (default-test) @ flink-runtime_2.10 ---
[INFO] Surefire report directory: /space/parallel/flink/flink9/dataset/flink/FLINK-3107_937963e339ddd57cc65e3da8af5398600e4d9ad2/flink-runtime/target/surefire-reports

-------------------------------------------------------
 T E S T S
-------------------------------------------------------
Running org.apache.flink.runtime.operators.drivers.AllReduceDriverTest
Running org.apache.flink.runtime.operators.FlatMapTaskTest
Running org.apache.flink.runtime.operators.drivers.ReduceDriverTest
Running org.apache.flink.runtime.operators.resettable.ReusingBlockResettableIteratorTest
Running org.apache.flink.runtime.operators.hash.HashTableTest
Running org.apache.flink.runtime.operators.CombinerOversizedRecordsTest
Running org.apache.flink.runtime.operators.drivers.AllGroupReduceDriverTest
Tests run: 3, Failures: 0, Errors: 0, Skipped: 0, Time elapsed: 0.49 sec - in org.apache.flink.runtime.operators.drivers.ReduceDriverTest
Tests run: 3, Failures: 0, Errors: 0, Skipped: 0, Time elapsed: 0.721 sec - in org.apache.flink.runtime.operators.drivers.AllReduceDriverTest
Running org.apache.flink.runtime.operators.hash.CompactingHashTableTest
Running org.apache.flink.runtime.operators.resettable.SpillingResettableMutableObjectIteratorTest
Running org.apache.flink.runtime.operators.resettable.NonReusingBlockResettableIteratorTest
Running org.apache.flink.runtime.operators.drivers.GroupReduceDriverTest
Running org.apache.flink.runtime.operators.LeftOuterJoinTaskTest
Running org.apache.flink.runtime.operators.hash.MemoryHashTableTest
Running org.apache.flink.runtime.operators.JoinTaskTest
Running org.apache.flink.runtime.operators.CoGroupTaskTest
Running org.apache.flink.runtime.operators.FullOuterJoinTaskTest
Running org.apache.flink.runtime.operators.CombineTaskTest
Running org.apache.flink.runtime.operators.resettable.BlockResettableMutableObjectIteratorTest
Tests run: 3, Failures: 0, Errors: 0, Skipped: 0, Time elapsed: 1.162 sec - in org.apache.flink.runtime.operators.drivers.AllGroupReduceDriverTest
Running org.apache.flink.runtime.operators.drivers.ReduceCombineDriverTest
Running org.apache.flink.runtime.operators.CachedMatchTaskTest
Running org.apache.flink.runtime.operators.resettable.SpillingResettableIteratorTest
Running org.apache.flink.runtime.operators.RightOuterJoinTaskTest
Running org.apache.flink.runtime.operators.sort.MergeIteratorTest
Tests run: 5, Failures: 0, Errors: 0, Skipped: 0, Time elapsed: 2.301 sec - in org.apache.flink.runtime.operators.drivers.GroupReduceDriverTest
Running org.apache.flink.runtime.operators.sort.FixedLengthRecordSorterTest
Tests run: 3, Failures: 0, Errors: 0, Skipped: 0, Time elapsed: 1.757 sec - in org.apache.flink.runtime.operators.drivers.ReduceCombineDriverTest
Tests run: 3, Failures: 0, Errors: 0, Skipped: 0, Time elapsed: 0.626 sec - in org.apache.flink.runtime.operators.sort.MergeIteratorTest
Tests run: 3, Failures: 0, Errors: 0, Skipped: 0, Time elapsed: 3.362 sec - in org.apache.flink.runtime.operators.resettable.ReusingBlockResettableIteratorTest
Running org.apache.flink.runtime.operators.sort.LargeRecordHandlerTest
Tests run: 6, Failures: 0, Errors: 0, Skipped: 0, Time elapsed: 4.036 sec - in org.apache.flink.runtime.operators.FlatMapTaskTest
Tests run: 6, Failures: 0, Errors: 0, Skipped: 0, Time elapsed: 3.123 sec - in org.apache.flink.runtime.operators.CombineTaskTest
Tests run: 3, Failures: 0, Errors: 0, Skipped: 0, Time elapsed: 3.88 sec - in org.apache.flink.runtime.operators.resettable.NonReusingBlockResettableIteratorTest
Running org.apache.flink.runtime.operators.sort.NormalizedKeySorterTest
Running org.apache.flink.runtime.operators.ReduceTaskTest
Tests run: 4, Failures: 0, Errors: 0, Skipped: 0, Time elapsed: 3.895 sec - in org.apache.flink.runtime.operators.resettable.SpillingResettableIteratorTest
Running org.apache.flink.runtime.operators.util.OutputEmitterTest
Tests run: 2, Failures: 0, Errors: 0, Skipped: 0, Time elapsed: 5.096 sec - in org.apache.flink.runtime.operators.resettable.SpillingResettableMutableObjectIteratorTest
Running org.apache.flink.runtime.operators.util.BloomFilterTest
Running org.apache.flink.runtime.operators.util.BitSetTest
Tests run: 9, Failures: 0, Errors: 0, Skipped: 0, Time elapsed: 0.118 sec - in org.apache.flink.runtime.operators.util.BloomFilterTest
Tests run: 3, Failures: 0, Errors: 0, Skipped: 0, Time elapsed: 4.562 sec - in org.apache.flink.runtime.operators.resettable.BlockResettableMutableObjectIteratorTest
Running org.apache.flink.runtime.operators.CrossTaskTest
Tests run: 8, Failures: 0, Errors: 0, Skipped: 0, Time elapsed: 1.124 sec - in org.apache.flink.runtime.operators.util.OutputEmitterTest
Tests run: 2, Failures: 0, Errors: 0, Skipped: 0, Time elapsed: 6.816 sec - in org.apache.flink.runtime.operators.CombinerOversizedRecordsTest
Running org.apache.flink.runtime.checkpoint.HeapStateStoreTest
Tests run: 6, Failures: 0, Errors: 0, Skipped: 0, Time elapsed: 2.073 sec - in org.apache.flink.runtime.operators.util.BitSetTest
Tests run: 3, Failures: 0, Errors: 0, Skipped: 0, Time elapsed: 0.083 sec - in org.apache.flink.runtime.checkpoint.HeapStateStoreTest
Running org.apache.flink.runtime.checkpoint.SavepointStoreFactoryTest
Running org.apache.flink.runtime.checkpoint.SavepointCoordinatorTest
Running org.apache.flink.runtime.checkpoint.CheckpointStateRestoreTest
Running org.apache.flink.runtime.checkpoint.CheckpointCoordinatorTest
Running org.apache.flink.runtime.checkpoint.CheckpointIDCounterTest$StandaloneCheckpointIDCounterTest
Running org.apache.flink.runtime.checkpoint.ExecutionGraphCheckpointCoordinatorTest
Tests run: 6, Failures: 0, Errors: 0, Skipped: 0, Time elapsed: 1.176 sec - in org.apache.flink.runtime.checkpoint.SavepointStoreFactoryTest
Running org.apache.flink.runtime.checkpoint.StandaloneCompletedCheckpointStoreTest
Tests run: 6, Failures: 0, Errors: 0, Skipped: 0, Time elapsed: 0.694 sec - in org.apache.flink.runtime.checkpoint.StandaloneCompletedCheckpointStoreTest
Tests run: 3, Failures: 0, Errors: 0, Skipped: 0, Time elapsed: 2.044 sec - in org.apache.flink.runtime.checkpoint.CheckpointIDCounterTest$StandaloneCheckpointIDCounterTest
Tests run: 18, Failures: 0, Errors: 0, Skipped: 0, Time elapsed: 10.025 sec - in org.apache.flink.runtime.operators.CoGroupTaskTest
Running org.apache.flink.runtime.checkpoint.CoordinatorShutdownTest
Tests run: 3, Failures: 0, Errors: 0, Skipped: 0, Time elapsed: 2.826 sec - in org.apache.flink.runtime.checkpoint.CheckpointStateRestoreTest
Running org.apache.flink.runtime.operators.chaining.ChainTaskTest
Running org.apache.flink.runtime.checkpoint.stats.DisabledCheckpointStatsTrackerTest
Running org.apache.flink.runtime.memory.MemoryManagerConcurrentModReleaseTest
Tests run: 1, Failures: 0, Errors: 0, Skipped: 0, Time elapsed: 0.332 sec - in org.apache.flink.runtime.checkpoint.stats.DisabledCheckpointStatsTrackerTest
Running org.apache.flink.runtime.checkpoint.stats.SimpleCheckpointStatsTrackerTest
Tests run: 26, Failures: 0, Errors: 0, Skipped: 0, Time elapsed: 12.119 sec - in org.apache.flink.runtime.operators.FullOuterJoinTaskTest
Tests run: 2, Failures: 0, Errors: 0, Skipped: 0, Time elapsed: 1.077 sec - in org.apache.flink.runtime.memory.MemoryManagerConcurrentModReleaseTest
Running org.apache.flink.runtime.operators.DataSinkTaskTest
Tests run: 12, Failures: 0, Errors: 0, Skipped: 0, Time elapsed: 8.32 sec - in org.apache.flink.runtime.operators.ReduceTaskTest
Tests run: 22, Failures: 0, Errors: 0, Skipped: 0, Time elapsed: 12.231 sec - in org.apache.flink.runtime.operators.CachedMatchTaskTest
Running org.apache.flink.runtime.checkpoint.FileSystemStateStoreTest
Tests run: 3, Failures: 0, Errors: 0, Skipped: 0, Time elapsed: 14.046 sec - in org.apache.flink.runtime.operators.hash.HashTableTest
Tests run: 16, Failures: 0, Errors: 0, Skipped: 0, Time elapsed: 5.295 sec - in org.apache.flink.runtime.checkpoint.CheckpointCoordinatorTest
Running org.apache.flink.runtime.memory.MemorySegmentSimpleTest
Tests run: 14, Failures: 1, Errors: 0, Skipped: 0, Time elapsed: 6.147 sec <<< FAILURE! - in org.apache.flink.runtime.checkpoint.SavepointCoordinatorTest
testSimpleRollbackSavepoint(org.apache.flink.runtime.checkpoint.SavepointCoordinatorTest)  Time elapsed: 0.288 sec  <<< FAILURE!
java.lang.AssertionError: null
	at org.junit.Assert.fail(Assert.java:86)
	at org.junit.Assert.assertTrue(Assert.java:41)
	at org.junit.Assert.assertTrue(Assert.java:52)
	at org.apache.flink.runtime.checkpoint.SavepointCoordinatorTest.testSimpleRollbackSavepoint(SavepointCoordinatorTest.java:218)

Running org.apache.flink.runtime.iterative.concurrent.BrokerTest
Running org.apache.flink.runtime.operators.DataSourceTaskTest
Tests run: 3, Failures: 0, Errors: 0, Skipped: 0, Time elapsed: 1.663 sec - in org.apache.flink.runtime.checkpoint.FileSystemStateStoreTest
Running org.apache.flink.runtime.iterative.concurrent.BlockingBackChannelTest
Running org.apache.flink.runtime.memory.MemoryManagerTest
Running org.apache.flink.runtime.iterative.event.EventWithAggregatorsTest
Tests run: 2, Failures: 0, Errors: 0, Skipped: 0, Time elapsed: 0.089 sec - in org.apache.flink.runtime.iterative.event.EventWithAggregatorsTest
Running org.apache.flink.runtime.memory.MemoryManagerLazyAllocationTest
Running org.apache.flink.runtime.iterative.concurrent.SuperstepBarrierTest
Tests run: 5, Failures: 0, Errors: 0, Skipped: 0, Time elapsed: 3.591 sec - in org.apache.flink.runtime.checkpoint.stats.SimpleCheckpointStatsTrackerTest
Tests run: 1, Failures: 0, Errors: 0, Skipped: 0, Time elapsed: 1.059 sec - in org.apache.flink.runtime.iterative.concurrent.BlockingBackChannelTest
Tests run: 1, Failures: 0, Errors: 0, Skipped: 0, Time elapsed: 7.176 sec - in org.apache.flink.runtime.checkpoint.ExecutionGraphCheckpointCoordinatorTest
Tests run: 32, Failures: 0, Errors: 0, Skipped: 0, Time elapsed: 10.634 sec - in org.apache.flink.runtime.operators.CrossTaskTest
Tests run: 9, Failures: 0, Errors: 0, Skipped: 0, Time elapsed: 2.797 sec - in org.apache.flink.runtime.memory.MemorySegmentSimpleTest
Tests run: 4, Failures: 0, Errors: 0, Skipped: 0, Time elapsed: 1.484 sec - in org.apache.flink.runtime.memory.MemoryManagerTest
Tests run: 4, Failures: 0, Errors: 0, Skipped: 0, Time elapsed: 1.291 sec - in org.apache.flink.runtime.memory.MemoryManagerLazyAllocationTest
Running org.apache.flink.runtime.iterative.concurrent.SuperstepKickoffLatchTest
Running org.apache.flink.runtime.net.ConnectionUtilsTest
Tests run: 2, Failures: 0, Errors: 0, Skipped: 0, Time elapsed: 1.033 sec - in org.apache.flink.runtime.iterative.concurrent.SuperstepBarrierTest
Tests run: 5, Failures: 0, Errors: 0, Skipped: 0, Time elapsed: 0.589 sec - in org.apache.flink.runtime.iterative.concurrent.SuperstepKickoffLatchTest
Running org.apache.flink.runtime.blob.BlobServerGetTest
Tests run: 1, Failures: 0, Errors: 0, Skipped: 0, Time elapsed: 2.747 sec - in org.apache.flink.runtime.iterative.concurrent.BrokerTest
Running org.apache.flink.runtime.blob.BlobServerRangeTest
Tests run: 44, Failures: 0, Errors: 0, Skipped: 0, Time elapsed: 17.538 sec - in org.apache.flink.runtime.operators.LeftOuterJoinTaskTest
Running org.apache.flink.runtime.blob.BlobClientTest
Running org.apache.flink.runtime.blob.BlobServerPutTest
Tests run: 44, Failures: 0, Errors: 0, Skipped: 0, Time elapsed: 16.944 sec - in org.apache.flink.runtime.operators.RightOuterJoinTaskTest
Running org.apache.flink.runtime.blob.BlobKeyTest
Running org.apache.flink.runtime.blob.BlobCacheRetriesTest
Tests run: 2, Failures: 0, Errors: 0, Skipped: 0, Time elapsed: 1.166 sec - in org.apache.flink.runtime.blob.BlobServerGetTest
Running org.apache.flink.runtime.blob.BlobCacheSuccessTest
Running org.apache.flink.runtime.blob.BlobUtilsTest
Tests run: 4, Failures: 0, Errors: 0, Skipped: 0, Time elapsed: 0.668 sec - in org.apache.flink.runtime.blob.BlobKeyTest
Tests run: 3, Failures: 0, Errors: 0, Skipped: 0, Time elapsed: 1.182 sec - in org.apache.flink.runtime.blob.BlobServerRangeTest
Running org.apache.flink.runtime.jobgraph.JobTaskVertexTest
Tests run: 1, Failures: 0, Errors: 0, Skipped: 0, Time elapsed: 2.416 sec - in org.apache.flink.runtime.net.ConnectionUtilsTest
Running org.apache.flink.runtime.jobgraph.JobGraphTest
Running org.apache.flink.runtime.blob.BlobServerDeleteTest
Running org.apache.flink.runtime.filecache.FileCacheDeleteValidationTest
Tests run: 5, Failures: 0, Errors: 0, Skipped: 0, Time elapsed: 0.642 sec - in org.apache.flink.runtime.jobgraph.JobTaskVertexTest
Running org.apache.flink.runtime.jobgraph.JobIdTest
Tests run: 6, Failures: 0, Errors: 0, Skipped: 0, Time elapsed: 0.463 sec - in org.apache.flink.runtime.jobgraph.JobGraphTest
Tests run: 1, Failures: 0, Errors: 0, Skipped: 0, Time elapsed: 0.059 sec - in org.apache.flink.runtime.jobgraph.JobIdTest
Tests run: 1, Failures: 0, Errors: 0, Skipped: 0, Time elapsed: 1.316 sec - in org.apache.flink.runtime.blob.BlobCacheSuccessTest
Running org.apache.flink.runtime.leaderelection.ZooKeeperLeaderElectionTest
Tests run: 2, Failures: 0, Errors: 0, Skipped: 0, Time elapsed: 1.386 sec - in org.apache.flink.runtime.blob.BlobUtilsTest
Tests run: 2, Failures: 0, Errors: 0, Skipped: 0, Time elapsed: 2.019 sec - in org.apache.flink.runtime.blob.BlobCacheRetriesTest
Running org.apache.flink.runtime.leaderelection.LeaderChangeStateCleanupTest
Running org.apache.flink.runtime.jobgraph.jsonplan.JsonGeneratorTest
Running org.apache.flink.runtime.event.task.TaskEventTest
Tests run: 46, Failures: 0, Errors: 0, Skipped: 0, Time elapsed: 20.922 sec - in org.apache.flink.runtime.operators.JoinTaskTest
Tests run: 3, Failures: 0, Errors: 0, Skipped: 0, Time elapsed: 0.135 sec - in org.apache.flink.runtime.event.task.TaskEventTest
Tests run: 3, Failures: 0, Errors: 0, Skipped: 0, Time elapsed: 18.132 sec - in org.apache.flink.runtime.operators.sort.LargeRecordHandlerTest
Running org.apache.flink.runtime.leaderelection.StandaloneLeaderElectionTest
Running org.apache.flink.runtime.leaderelection.JobManagerLeaderElectionTest
Running org.apache.flink.runtime.leaderelection.ZooKeeperLeaderRetrievalTest
Running org.apache.flink.runtime.messages.CheckpointMessagesTest
Tests run: 2, Failures: 0, Errors: 0, Skipped: 0, Time elapsed: 11.105 sec - in org.apache.flink.runtime.checkpoint.CoordinatorShutdownTest
Running org.apache.flink.runtime.messages.WebMonitorMessagesTest
Tests run: 2, Failures: 0, Errors: 0, Skipped: 0, Time elapsed: 0.31 sec - in org.apache.flink.runtime.messages.CheckpointMessagesTest
Tests run: 3, Failures: 0, Errors: 0, Skipped: 0, Time elapsed: 0.153 sec - in org.apache.flink.runtime.messages.WebMonitorMessagesTest
Running org.apache.flink.runtime.executiongraph.ExecutionStateProgressTest
Tests run: 1, Failures: 0, Errors: 0, Skipped: 0, Time elapsed: 1.001 sec - in org.apache.flink.runtime.leaderelection.StandaloneLeaderElectionTest
Tests run: 1, Failures: 0, Errors: 0, Skipped: 0, Time elapsed: 1.445 sec - in org.apache.flink.runtime.jobgraph.jsonplan.JsonGeneratorTest
Tests run: 5, Failures: 0, Errors: 0, Skipped: 0, Time elapsed: 3.408 sec - in org.apache.flink.runtime.blob.BlobServerDeleteTest
Running org.apache.flink.runtime.executiongraph.TerminalStateDeadlockTest
Running org.apache.flink.runtime.executiongraph.VertexSlotSharingTest
Running org.apache.flink.runtime.executiongraph.ExecutionGraphRestartTest
Running org.apache.flink.runtime.executiongraph.ExecutionVertexSchedulingTest
Running org.apache.flink.runtime.executiongraph.ExecutionVertexCancelTest
Running org.apache.flink.runtime.executiongraph.ExecutionGraphDeploymentTest
Running org.apache.flink.runtime.executiongraph.AllVerticesIteratorTest
Running org.apache.flink.runtime.executiongraph.PointwisePatternTest
Tests run: 1, Failures: 0, Errors: 0, Skipped: 0, Time elapsed: 3.411 sec - in org.apache.flink.runtime.executiongraph.ExecutionStateProgressTest
Tests run: 1, Failures: 0, Errors: 0, Skipped: 0, Time elapsed: 6.952 sec - in org.apache.flink.runtime.filecache.FileCacheDeleteValidationTest
Tests run: 1, Failures: 0, Errors: 0, Skipped: 0, Time elapsed: 3.468 sec - in org.apache.flink.runtime.executiongraph.VertexSlotSharingTest
Running org.apache.flink.runtime.executiongraph.TaskManagerLossFailsTasksTest
Tests run: 7, Failures: 0, Errors: 0, Skipped: 0, Time elapsed: 4.495 sec - in org.apache.flink.runtime.executiongraph.ExecutionGraphRestartTest
Running org.apache.flink.runtime.executiongraph.ExecutionGraphConstructionTest
Tests run: 3, Failures: 0, Errors: 0, Skipped: 0, Time elapsed: 28.569 sec - in org.apache.flink.runtime.operators.hash.CompactingHashTableTest
Tests run: 5, Failures: 0, Errors: 0, Skipped: 0, Time elapsed: 10.332 sec - in org.apache.flink.runtime.blob.BlobServerPutTest
Running org.apache.flink.runtime.executiongraph.ExecutionVertexDeploymentTest
Running org.apache.flink.runtime.executiongraph.VertexLocationConstraintTest
Tests run: 4, Failures: 0, Errors: 0, Skipped: 0, Time elapsed: 11.155 sec - in org.apache.flink.runtime.blob.BlobClientTest
[ERROR] [07/14/2016 16:58:12.031] [TestingActorSystem-akka.actor.default-dispatcher-3] [akka://TestingActorSystem/user/$a] Kill (akka.actor.ActorKilledException)
Tests run: 11, Failures: 0, Errors: 0, Skipped: 0, Time elapsed: 5.248 sec - in org.apache.flink.runtime.executiongraph.ExecutionVertexCancelTest
Tests run: 7, Failures: 0, Errors: 0, Skipped: 0, Time elapsed: 4.687 sec - in org.apache.flink.runtime.executiongraph.PointwisePatternTest
[INFO] [07/14/2016 16:58:12.503] [TestingActorSystem-akka.actor.default-dispatcher-6] [akka://TestingActorSystem/user/$a] Message [org.apache.flink.runtime.messages.JobManagerMessages$LeaderSessionMessage] from Actor[akka://TestingActorSystem/deadLetters] to Actor[akka://TestingActorSystem/user/$a#1424001792] was not delivered. [1] dead letters encountered. This logging can be turned off or adjusted with configuration settings 'akka.log-dead-letters' and 'akka.log-dead-letters-during-shutdown'.
Tests run: 3, Failures: 0, Errors: 0, Skipped: 0, Time elapsed: 6.348 sec - in org.apache.flink.runtime.executiongraph.ExecutionVertexSchedulingTest
Tests run: 1, Failures: 0, Errors: 0, Skipped: 0, Time elapsed: 7.643 sec - in org.apache.flink.runtime.executiongraph.TerminalStateDeadlockTest
Running org.apache.flink.runtime.jobmanager.SlotCountExceedingParallelismTest
[ERROR] [07/14/2016 16:58:13.571] [TestingActorSystem-akka.actor.default-dispatcher-8] [akka://TestingActorSystem/user/$c] Kill (akka.actor.ActorKilledException)
[INFO] [07/14/2016 16:58:13.616] [TestingActorSystem-akka.actor.default-dispatcher-3] [akka://TestingActorSystem/user/$b] Message [akka.dispatch.sysmsg.Terminate] from Actor[akka://TestingActorSystem/user/$b#602727017] to Actor[akka://TestingActorSystem/user/$b#602727017] was not delivered. [2] dead letters encountered. This logging can be turned off or adjusted with configuration settings 'akka.log-dead-letters' and 'akka.log-dead-letters-during-shutdown'.
[INFO] [07/14/2016 16:58:13.621] [TestingActorSystem-akka.actor.default-dispatcher-8] [akka://TestingActorSystem/user/$c] Message [akka.dispatch.sysmsg.Terminate] from Actor[akka://TestingActorSystem/user/$c#-714322685] to Actor[akka://TestingActorSystem/user/$c#-714322685] was not delivered. [3] dead letters encountered. This logging can be turned off or adjusted with configuration settings 'akka.log-dead-letters' and 'akka.log-dead-letters-during-shutdown'.
Running org.apache.flink.runtime.executiongraph.LocalInputSplitsTest
Tests run: 1, Failures: 0, Errors: 0, Skipped: 0, Time elapsed: 5.946 sec - in org.apache.flink.runtime.executiongraph.AllVerticesIteratorTest
Tests run: 2, Failures: 0, Errors: 0, Skipped: 0, Time elapsed: 9.611 sec - in org.apache.flink.runtime.leaderelection.JobManagerLeaderElectionTest
Running org.apache.flink.runtime.jobmanager.JobManagerTest
Tests run: 1, Failures: 0, Errors: 0, Skipped: 0, Time elapsed: 3.778 sec - in org.apache.flink.runtime.executiongraph.TaskManagerLossFailsTasksTest
Running org.apache.flink.runtime.jobmanager.JobManagerProcessReapingTest
Running org.apache.flink.runtime.jobmanager.JobManagerStartupTest
Running org.apache.flink.runtime.jobmanager.scheduler.ScheduleOrUpdateConsumersTest
Tests run: 7, Failures: 0, Errors: 0, Skipped: 0, Time elapsed: 3.93 sec - in org.apache.flink.runtime.executiongraph.ExecutionVertexDeploymentTest
Running org.apache.flink.runtime.jobmanager.scheduler.SchedulerSlotSharingTest
Running org.apache.flink.runtime.jobmanager.scheduler.SetQueueTest
Running org.apache.flink.runtime.jobmanager.scheduler.SlotAllocationFutureTest
Tests run: 2, Failures: 0, Errors: 0, Skipped: 0, Time elapsed: 0.092 sec - in org.apache.flink.runtime.jobmanager.scheduler.SetQueueTest
Running org.apache.flink.runtime.jobmanager.JobManagerConnectionTest
Tests run: 6, Failures: 0, Errors: 0, Skipped: 0, Time elapsed: 4.099 sec - in org.apache.flink.runtime.executiongraph.VertexLocationConstraintTest
Tests run: 2, Failures: 0, Errors: 0, Skipped: 0, Time elapsed: 21.938 sec - in org.apache.flink.runtime.operators.chaining.ChainTaskTest
Tests run: 8, Failures: 0, Errors: 0, Skipped: 0, Time elapsed: 5.024 sec - in org.apache.flink.runtime.executiongraph.ExecutionGraphConstructionTest
Tests run: 3, Failures: 0, Errors: 0, Skipped: 0, Time elapsed: 1.251 sec - in org.apache.flink.runtime.jobmanager.scheduler.SlotAllocationFutureTest
Running org.apache.flink.runtime.jobmanager.scheduler.SchedulerIsolatedTasksTest
Running org.apache.flink.runtime.jobmanager.scheduler.ScheduleWithCoLocationHintTest
Running org.apache.flink.runtime.jobmanager.scheduler.CoLocationConstraintTest
Running org.apache.flink.runtime.jobmanager.StandaloneSubmittedJobGraphStoreTest
Running org.apache.flink.runtime.jobmanager.scheduler.LifoSetQueueTest
Tests run: 2, Failures: 0, Errors: 0, Skipped: 0, Time elapsed: 0.076 sec - in org.apache.flink.runtime.jobmanager.scheduler.LifoSetQueueTest
Tests run: 1, Failures: 0, Errors: 0, Skipped: 0, Time elapsed: 0.716 sec - in org.apache.flink.runtime.jobmanager.StandaloneSubmittedJobGraphStoreTest
Tests run: 2, Failures: 0, Errors: 0, Skipped: 0, Time elapsed: 1.016 sec - in org.apache.flink.runtime.jobmanager.scheduler.CoLocationConstraintTest
Tests run: 8, Failures: 0, Errors: 0, Skipped: 0, Time elapsed: 33.589 sec - in org.apache.flink.runtime.operators.sort.FixedLengthRecordSorterTest
Tests run: 7, Failures: 0, Errors: 0, Skipped: 0, Time elapsed: 5.336 sec - in org.apache.flink.runtime.executiongraph.LocalInputSplitsTest
Running org.apache.flink.runtime.jobmanager.JobSubmitTest
Running org.apache.flink.runtime.taskmanager.TaskExecutionStateTest
Running org.apache.flink.runtime.taskmanager.TaskManagerTest
Running org.apache.flink.runtime.taskmanager.TaskInputSplitProviderTest
Running org.apache.flink.runtime.jobmanager.JobManagerRegistrationTest
Tests run: 3, Failures: 0, Errors: 0, Skipped: 0, Time elapsed: 0.571 sec - in org.apache.flink.runtime.taskmanager.TaskExecutionStateTest
Running org.apache.flink.runtime.taskmanager.TaskAsyncCallTest
Tests run: 2, Failures: 0, Errors: 0, Skipped: 0, Time elapsed: 7.729 sec - in org.apache.flink.runtime.jobmanager.JobManagerStartupTest
Running org.apache.flink.runtime.taskmanager.TaskManagerRegistrationTest
Running org.apache.flink.runtime.taskmanager.TaskManagerStartupTest
Tests run: 2, Failures: 0, Errors: 0, Skipped: 0, Time elapsed: 2.287 sec - in org.apache.flink.runtime.jobmanager.JobManagerRegistrationTest
Tests run: 6, Failures: 0, Errors: 0, Skipped: 0, Time elapsed: 16.072 sec - in org.apache.flink.runtime.executiongraph.ExecutionGraphDeploymentTest
Tests run: 12, Failures: 0, Errors: 0, Skipped: 0, Time elapsed: 8.254 sec - in org.apache.flink.runtime.jobmanager.scheduler.SchedulerSlotSharingTest
Tests run: 14, Failures: 0, Errors: 0, Skipped: 0, Time elapsed: 40.704 sec - in org.apache.flink.runtime.operators.hash.MemoryHashTableTest
Tests run: 1, Failures: 0, Errors: 0, Skipped: 0, Time elapsed: 3.212 sec - in org.apache.flink.runtime.taskmanager.TaskInputSplitProviderTest
Tests run: 2, Failures: 0, Errors: 0, Skipped: 0, Time elapsed: 9.922 sec - in org.apache.flink.runtime.jobmanager.JobManagerTest
Running org.apache.flink.runtime.taskmanager.TaskCancelTest
Tests run: 1, Failures: 0, Errors: 0, Skipped: 0, Time elapsed: 11.127 sec - in org.apache.flink.runtime.jobmanager.SlotCountExceedingParallelismTest
Tests run: 1, Failures: 0, Errors: 0, Skipped: 0, Time elapsed: 9.865 sec - in org.apache.flink.runtime.jobmanager.scheduler.ScheduleOrUpdateConsumersTest
Tests run: 2, Failures: 0, Errors: 0, Skipped: 0, Time elapsed: 20.821 sec - in org.apache.flink.runtime.leaderelection.ZooKeeperLeaderRetrievalTest
Tests run: 9, Failures: 0, Errors: 0, Skipped: 0, Time elapsed: 7.87 sec - in org.apache.flink.runtime.jobmanager.scheduler.ScheduleWithCoLocationHintTest
Running org.apache.flink.runtime.akka.FlinkUntypedActorTest
Running org.apache.flink.runtime.taskmanager.TaskManagerComponentsStartupShutdownTest
Running org.apache.flink.runtime.taskmanager.TaskManagerConfigurationTest
Tests run: 2, Failures: 0, Errors: 0, Skipped: 0, Time elapsed: 10.467 sec - in org.apache.flink.runtime.jobmanager.JobManagerConnectionTest
Tests run: 2, Failures: 0, Errors: 0, Skipped: 0, Time elapsed: 5.167 sec - in org.apache.flink.runtime.taskmanager.TaskAsyncCallTest
Running org.apache.flink.runtime.taskmanager.TaskManagerProcessReapingTest
Running org.apache.flink.runtime.taskmanager.TaskTest
Running org.apache.flink.runtime.client.SerializedJobExecutionResultTest
Tests run: 1, Failures: 0, Errors: 0, Skipped: 0, Time elapsed: 12.354 sec - in org.apache.flink.runtime.jobmanager.JobManagerProcessReapingTest
Tests run: 2, Failures: 0, Errors: 0, Skipped: 0, Time elapsed: 0.161 sec - in org.apache.flink.runtime.client.SerializedJobExecutionResultTest
Running org.apache.flink.runtime.deployment.ResultPartitionDeploymentDescriptorTest
Tests run: 1, Failures: 0, Errors: 0, Skipped: 0, Time elapsed: 0.108 sec - in org.apache.flink.runtime.deployment.ResultPartitionDeploymentDescriptorTest
Running org.apache.flink.runtime.client.JobClientActorTest
Running org.apache.flink.runtime.akka.AkkaUtilsTest
Tests run: 5, Failures: 0, Errors: 0, Skipped: 0, Time elapsed: 10.606 sec - in org.apache.flink.runtime.jobmanager.scheduler.SchedulerIsolatedTasksTest
Tests run: 2, Failures: 0, Errors: 0, Skipped: 0, Time elapsed: 8.686 sec - in org.apache.flink.runtime.jobmanager.JobSubmitTest
Running org.apache.flink.runtime.execution.librarycache.BlobLibraryCacheManagerTest
Running org.apache.flink.runtime.util.ReusingKeyGroupedIteratorTest
Running org.apache.flink.runtime.deployment.TaskDeploymentDescriptorTest
Running org.apache.flink.runtime.util.AtomicDisposableReferenceCounterTest
Tests run: 4, Failures: 0, Errors: 0, Skipped: 0, Time elapsed: 0.042 sec - in org.apache.flink.runtime.util.ReusingKeyGroupedIteratorTest
Tests run: 7, Failures: 0, Errors: 0, Skipped: 0, Time elapsed: 2.033 sec - in org.apache.flink.runtime.akka.AkkaUtilsTest
Tests run: 3, Failures: 0, Errors: 0, Skipped: 0, Time elapsed: 0.174 sec - in org.apache.flink.runtime.util.AtomicDisposableReferenceCounterTest
Running org.apache.flink.runtime.util.MathUtilTest
Tests run: 3, Failures: 0, Errors: 0, Skipped: 0, Time elapsed: 0.128 sec - in org.apache.flink.runtime.util.MathUtilTest
Tests run: 3, Failures: 0, Errors: 0, Skipped: 0, Time elapsed: 3.569 sec - in org.apache.flink.runtime.taskmanager.TaskManagerConfigurationTest
Tests run: 15, Failures: 0, Errors: 0, Skipped: 0, Time elapsed: 3.306 sec - in org.apache.flink.runtime.taskmanager.TaskTest
Running org.apache.flink.runtime.util.LRUCacheMapTest
Tests run: 5, Failures: 0, Errors: 0, Skipped: 0, Time elapsed: 0.141 sec - in org.apache.flink.runtime.util.LRUCacheMapTest
Tests run: 1, Failures: 0, Errors: 0, Skipped: 0, Time elapsed: 0.959 sec - in org.apache.flink.runtime.deployment.TaskDeploymentDescriptorTest
Tests run: 2, Failures: 0, Errors: 0, Skipped: 0, Time elapsed: 5.078 sec - in org.apache.flink.runtime.akka.FlinkUntypedActorTest
Running org.apache.flink.runtime.util.UnionIteratorTest
Tests run: 2, Failures: 0, Errors: 0, Skipped: 0, Time elapsed: 0.034 sec - in org.apache.flink.runtime.util.UnionIteratorTest
Tests run: 4, Failures: 0, Errors: 0, Skipped: 0, Time elapsed: 26.904 sec - in org.apache.flink.runtime.leaderelection.LeaderChangeStateCleanupTest
Running org.apache.flink.runtime.util.ZooKeeperUtilTest
Running org.apache.flink.runtime.util.event.TaskEventHandlerTest
Tests run: 1, Failures: 0, Errors: 0, Skipped: 0, Time elapsed: 0.29 sec - in org.apache.flink.runtime.util.ZooKeeperUtilTest
Tests run: 2, Failures: 0, Errors: 0, Skipped: 0, Time elapsed: 2.488 sec - in org.apache.flink.runtime.execution.librarycache.BlobLibraryCacheManagerTest
Running org.apache.flink.runtime.util.NonReusingKeyGroupedIteratorTest
Tests run: 1, Failures: 0, Errors: 0, Skipped: 0, Time elapsed: 0.289 sec - in org.apache.flink.runtime.util.event.TaskEventHandlerTest
Tests run: 4, Failures: 0, Errors: 0, Skipped: 0, Time elapsed: 0.079 sec - in org.apache.flink.runtime.util.NonReusingKeyGroupedIteratorTest
Running org.apache.flink.runtime.util.ClassLoaderUtilsTest
Running org.apache.flink.runtime.util.DelegatingConfigurationTest
Tests run: 1, Failures: 0, Errors: 0, Skipped: 0, Time elapsed: 0.168 sec - in org.apache.flink.runtime.util.DelegatingConfigurationTest
Running org.apache.flink.runtime.util.EnvironmentInformationTest
Running org.apache.flink.runtime.util.SerializedThrowableTest
Running org.apache.flink.runtime.instance.HardwareTest
Running org.apache.flink.runtime.util.DataInputOutputSerializerTest
Tests run: 3, Failures: 0, Errors: 0, Skipped: 0, Time elapsed: 0.866 sec - in org.apache.flink.runtime.util.ClassLoaderUtilsTest
Tests run: 2, Failures: 0, Errors: 0, Skipped: 0, Time elapsed: 0.545 sec - in org.apache.flink.runtime.util.SerializedThrowableTest
Running org.apache.flink.runtime.instance.SimpleSlotTest
Tests run: 2, Failures: 0, Errors: 0, Skipped: 0, Time elapsed: 0.766 sec - in org.apache.flink.runtime.instance.HardwareTest
Running org.apache.flink.runtime.util.JarFileCreatorTest
Running org.apache.flink.runtime.instance.InstanceConnectionInfoTest
Running org.apache.flink.runtime.instance.SharedSlotsTest
Running org.apache.flink.runtime.instance.InstanceTest
Tests run: 1, Failures: 0, Errors: 0, Skipped: 0, Time elapsed: 7.949 sec - in org.apache.flink.runtime.taskmanager.TaskManagerComponentsStartupShutdownTest
Running org.apache.flink.runtime.instance.InstanceManagerTest
Tests run: 3, Failures: 0, Errors: 0, Skipped: 0, Time elapsed: 10.534 sec - in org.apache.flink.runtime.taskmanager.TaskManagerStartupTest
Tests run: 9, Failures: 0, Errors: 0, Skipped: 0, Time elapsed: 0.966 sec - in org.apache.flink.runtime.util.JarFileCreatorTest
Tests run: 4, Failures: 0, Errors: 0, Skipped: 0, Time elapsed: 0.748 sec - in org.apache.flink.runtime.instance.InstanceTest
Running org.apache.flink.runtime.state.FsCheckpointStateOutputStreamTest
Running org.apache.flink.runtime.io.disk.iomanager.BufferFileWriterFileSegmentReaderTest
Tests run: 8, Failures: 0, Errors: 0, Skipped: 0, Time elapsed: 1.039 sec - in org.apache.flink.runtime.instance.SharedSlotsTest
Running org.apache.flink.runtime.akka.FlinkActorTest
Running org.apache.flink.runtime.io.disk.iomanager.IOManagerAsyncTest
Running org.apache.flink.runtime.state.MemoryStateBackendTest
Running org.apache.flink.runtime.state.FileStateBackendTest
Running org.apache.flink.runtime.io.disk.iomanager.BufferFileWriterReaderTest
Running org.apache.flink.runtime.io.disk.iomanager.IOManagerTest
Tests run: 3, Failures: 0, Errors: 0, Skipped: 0, Time elapsed: 37.991 sec - in org.apache.flink.runtime.operators.DataSourceTaskTest
Tests run: 2, Failures: 0, Errors: 0, Skipped: 0, Time elapsed: 1.33 sec - in org.apache.flink.runtime.akka.FlinkActorTest
Tests run: 6, Failures: 0, Errors: 0, Skipped: 0, Time elapsed: 2.894 sec - in org.apache.flink.runtime.instance.InstanceConnectionInfoTest
Running org.apache.flink.runtime.io.disk.iomanager.AsynchronousFileIOChannelTest
Tests run: 13, Failures: 0, Errors: 0, Skipped: 0, Time elapsed: 1.337 sec - in org.apache.flink.runtime.state.MemoryStateBackendTest
Tests run: 1, Failures: 0, Errors: 0, Skipped: 0, Time elapsed: 2.076 sec - in org.apache.flink.runtime.io.disk.iomanager.BufferFileWriterFileSegmentReaderTest
Running org.apache.flink.runtime.io.disk.iomanager.AsynchronousBufferFileWriterTest
Tests run: 3, Failures: 0, Errors: 0, Skipped: 0, Time elapsed: 3.762 sec - in org.apache.flink.runtime.instance.SimpleSlotTest
Tests run: 1, Failures: 0, Errors: 0, Skipped: 0, Time elapsed: 1.3 sec - in org.apache.flink.runtime.io.disk.iomanager.IOManagerTest
Tests run: 3, Failures: 0, Errors: 0, Skipped: 0, Time elapsed: 5.041 sec - in org.apache.flink.runtime.util.EnvironmentInformationTest
Running org.apache.flink.runtime.io.disk.FileChannelStreamsTest
Running org.apache.flink.runtime.io.disk.SeekableFileChannelInputViewTest
Running org.apache.flink.runtime.io.disk.SpillingBufferTest
Tests run: 2, Failures: 0, Errors: 0, Skipped: 0, Time elapsed: 5.559 sec - in org.apache.flink.runtime.util.DataInputOutputSerializerTest
Tests run: 2, Failures: 0, Errors: 0, Skipped: 0, Time elapsed: 0.8 sec - in org.apache.flink.runtime.io.disk.FileChannelStreamsTest
Running org.apache.flink.runtime.io.network.netty.PartitionRequestClientHandlerTest
Running org.apache.flink.runtime.io.network.DefaultChannelSelectorTest
Running org.apache.flink.runtime.io.disk.ChannelViewsTest
Tests run: 1, Failures: 0, Errors: 0, Skipped: 0, Time elapsed: 0.092 sec - in org.apache.flink.runtime.io.network.DefaultChannelSelectorTest
Running org.apache.flink.runtime.io.network.netty.CancelPartitionRequestTest
Running org.apache.flink.runtime.io.network.netty.PartitionRequestClientFactoryTest
Tests run: 1, Failures: 0, Errors: 0, Skipped: 1, Time elapsed: 0.011 sec - in org.apache.flink.runtime.io.network.netty.PartitionRequestClientFactoryTest
Tests run: 1, Failures: 0, Errors: 0, Skipped: 0, Time elapsed: 1.095 sec - in org.apache.flink.runtime.io.disk.SeekableFileChannelInputViewTest
Tests run: 2, Failures: 0, Errors: 0, Skipped: 0, Time elapsed: 3.416 sec - in org.apache.flink.runtime.io.disk.iomanager.BufferFileWriterReaderTest
Tests run: 6, Failures: 0, Errors: 0, Skipped: 0, Time elapsed: 4.342 sec - in org.apache.flink.runtime.io.disk.iomanager.IOManagerAsyncTest
Running org.apache.flink.runtime.io.network.netty.NettyServerLowAndHighWatermarkTest
Running org.apache.flink.runtime.io.network.netty.NettyBufferPoolTest
Running org.apache.flink.runtime.io.network.netty.NettyConnectionManagerTest
Running org.apache.flink.runtime.io.network.netty.ServerTransportErrorHandlingTest
Tests run: 12, Failures: 0, Errors: 0, Skipped: 0, Time elapsed: 5.455 sec - in org.apache.flink.runtime.state.FileStateBackendTest
Running org.apache.flink.runtime.io.network.netty.ClientTransportErrorHandlingTest
Tests run: 4, Failures: 0, Errors: 0, Skipped: 0, Time elapsed: 5.162 sec - in org.apache.flink.runtime.io.disk.iomanager.AsynchronousFileIOChannelTest
Running org.apache.flink.runtime.io.network.netty.PartitionRequestQueueTest
Running org.apache.flink.runtime.io.network.netty.NettyMessageSerializationTest
Tests run: 4, Failures: 0, Errors: 0, Skipped: 0, Time elapsed: 4.027 sec - in org.apache.flink.runtime.io.network.netty.PartitionRequestClientHandlerTest
Tests run: 2, Failures: 0, Errors: 0, Skipped: 0, Time elapsed: 2.412 sec - in org.apache.flink.runtime.io.network.netty.NettyBufferPoolTest
Tests run: 4, Failures: 0, Errors: 0, Skipped: 0, Time elapsed: 9.241 sec - in org.apache.flink.runtime.instance.InstanceManagerTest
Tests run: 7, Failures: 0, Errors: 0, Skipped: 0, Time elapsed: 21.053 sec - in org.apache.flink.runtime.taskmanager.TaskManagerRegistrationTest
Tests run: 4, Failures: 0, Errors: 0, Skipped: 0, Time elapsed: 6.022 sec - in org.apache.flink.runtime.io.disk.SpillingBufferTest
Tests run: 2, Failures: 0, Errors: 0, Skipped: 0, Time elapsed: 4.223 sec - in org.apache.flink.runtime.io.network.netty.NettyConnectionManagerTest
Tests run: 1, Failures: 0, Errors: 0, Skipped: 0, Time elapsed: 4.864 sec - in org.apache.flink.runtime.io.network.netty.NettyServerLowAndHighWatermarkTest
Running org.apache.flink.runtime.io.network.partition.SpilledSubpartitionViewSyncIOTest
Running org.apache.flink.runtime.io.network.partition.PartialConsumePipelinedResultTest
Tests run: 1, Failures: 0, Errors: 0, Skipped: 0, Time elapsed: 20.402 sec - in org.apache.flink.runtime.taskmanager.TaskCancelTest
Running org.apache.flink.runtime.io.network.partition.SpilledSubpartitionViewTest
Running org.apache.flink.runtime.io.network.partition.consumer.InputChannelTest
Running org.apache.flink.runtime.io.network.partition.SpillableSubpartitionTest
Running org.apache.flink.runtime.io.network.partition.consumer.RemoteInputChannelTest
Running org.apache.flink.runtime.io.network.partition.consumer.LocalInputChannelTest
Tests run: 1, Failures: 0, Errors: 0, Skipped: 0, Time elapsed: 4.066 sec - in org.apache.flink.runtime.io.network.netty.NettyMessageSerializationTest
Running org.apache.flink.runtime.io.network.partition.PipelinedSubpartitionTest
Tests run: 1, Failures: 0, Errors: 0, Skipped: 0, Time elapsed: 5.245 sec - in org.apache.flink.runtime.io.network.netty.PartitionRequestQueueTest
Running org.apache.flink.runtime.io.network.partition.consumer.UnionInputGateTest
Tests run: 4, Failures: 0, Errors: 0, Skipped: 0, Time elapsed: 10.372 sec - in org.apache.flink.runtime.io.disk.iomanager.AsynchronousBufferFileWriterTest
Tests run: 8, Failures: 0, Errors: 0, Skipped: 0, Time elapsed: 26.285 sec - in org.apache.flink.runtime.taskmanager.TaskManagerTest
Tests run: 4, Failures: 0, Errors: 0, Skipped: 0, Time elapsed: 2.103 sec - in org.apache.flink.runtime.io.network.partition.consumer.InputChannelTest
Tests run: 2, Failures: 0, Errors: 0, Skipped: 0, Time elapsed: 2.416 sec - in org.apache.flink.runtime.io.network.partition.SpilledSubpartitionViewTest
Running org.apache.flink.runtime.io.network.partition.ProducerFailedExceptionTest
Tests run: 2, Failures: 0, Errors: 0, Skipped: 0, Time elapsed: 0.056 sec - in org.apache.flink.runtime.io.network.partition.ProducerFailedExceptionTest
Tests run: 2, Failures: 0, Errors: 0, Skipped: 0, Time elapsed: 3.111 sec - in org.apache.flink.runtime.io.network.partition.SpilledSubpartitionViewSyncIOTest
Tests run: 1, Failures: 0, Errors: 0, Skipped: 0, Time elapsed: 7.787 sec - in org.apache.flink.runtime.io.network.netty.ServerTransportErrorHandlingTest
Running org.apache.flink.runtime.io.network.partition.consumer.SingleInputGateTest
Tests run: 6, Failures: 0, Errors: 0, Skipped: 0, Time elapsed: 3.041 sec - in org.apache.flink.runtime.io.network.partition.SpillableSubpartitionTest
Running org.apache.flink.runtime.io.network.api.reader.AbstractReaderTest
Tests run: 1, Failures: 0, Errors: 0, Skipped: 0, Time elapsed: 1.874 sec - in org.apache.flink.runtime.io.network.partition.consumer.UnionInputGateTest
Running org.apache.flink.runtime.io.network.partition.SpilledSubpartitionViewAsyncIOTest
Tests run: 6, Failures: 0, Errors: 0, Skipped: 0, Time elapsed: 8.084 sec - in org.apache.flink.runtime.io.network.netty.ClientTransportErrorHandlingTest
Running org.apache.flink.runtime.io.network.api.serialization.PagedViewsTest
Running org.apache.flink.runtime.io.network.api.serialization.SpanningRecordSerializerTest
Tests run: 3, Failures: 0, Errors: 0, Skipped: 0, Time elapsed: 23.115 sec - in org.apache.flink.runtime.client.JobClientActorTest
Tests run: 4, Failures: 0, Errors: 0, Skipped: 0, Time elapsed: 1.726 sec - in org.apache.flink.runtime.io.network.api.reader.AbstractReaderTest
Running org.apache.flink.runtime.io.network.api.serialization.SpanningRecordSerializationTest
Running org.apache.flink.runtime.io.network.api.serialization.EventSerializerTest
Tests run: 12, Failures: 0, Errors: 0, Skipped: 0, Time elapsed: 5.382 sec - in org.apache.flink.runtime.io.network.partition.PipelinedSubpartitionTest
Running org.apache.flink.runtime.io.network.DataExchangeModeTest
Tests run: 3, Failures: 0, Errors: 0, Skipped: 0, Time elapsed: 0.152 sec - in org.apache.flink.runtime.io.network.DataExchangeModeTest
Tests run: 6, Failures: 0, Errors: 0, Skipped: 0, Time elapsed: 18.38 sec - in org.apache.flink.runtime.state.FsCheckpointStateOutputStreamTest
Running org.apache.flink.runtime.io.network.buffer.NetworkBufferPoolTest
Running org.apache.flink.runtime.io.network.buffer.BufferPoolFactoryTest
Running org.apache.flink.runtime.io.network.buffer.BufferTest
Tests run: 1, Failures: 0, Errors: 0, Skipped: 0, Time elapsed: 4.541 sec - in org.apache.flink.runtime.io.network.partition.SpilledSubpartitionViewAsyncIOTest
Tests run: 7, Failures: 0, Errors: 0, Skipped: 0, Time elapsed: 0.41 sec - in org.apache.flink.runtime.io.network.buffer.BufferPoolFactoryTest
Running org.apache.flink.runtime.io.network.buffer.LocalBufferPoolTest
Running org.apache.flink.runtime.io.network.serialization.LargeRecordsTest
Tests run: 1, Failures: 0, Errors: 0, Skipped: 0, Time elapsed: 2.829 sec - in org.apache.flink.runtime.io.network.api.serialization.EventSerializerTest
Tests run: 3, Failures: 0, Errors: 0, Skipped: 0, Time elapsed: 5.783 sec - in org.apache.flink.runtime.io.network.partition.consumer.SingleInputGateTest
Tests run: 2, Failures: 0, Errors: 0, Skipped: 0, Time elapsed: 1.28 sec - in org.apache.flink.runtime.io.network.buffer.BufferTest
Running org.apache.flink.runtime.io.network.NetworkEnvironmentTest
Tests run: 1, Failures: 0, Errors: 0, Skipped: 0, Time elapsed: 10.528 sec - in org.apache.flink.runtime.io.network.partition.PartialConsumePipelinedResultTest
Running org.apache.flink.runtime.io.network.api.writer.RecordWriterTest
Tests run: 2, Failures: 0, Errors: 0, Skipped: 0, Time elapsed: 2.337 sec - in org.apache.flink.runtime.io.network.buffer.NetworkBufferPoolTest
Tests run: 3, Failures: 0, Errors: 0, Skipped: 0, Time elapsed: 10.198 sec - in org.apache.flink.runtime.io.network.partition.consumer.LocalInputChannelTest
Tests run: 10, Failures: 0, Errors: 0, Skipped: 0, Time elapsed: 6.328 sec - in org.apache.flink.runtime.io.network.api.serialization.PagedViewsTest
Running org.apache.flink.runtime.io.network.api.reader.BufferReaderTest
Tests run: 4, Failures: 0, Errors: 0, Skipped: 0, Time elapsed: 6.496 sec - in org.apache.flink.runtime.io.network.api.serialization.SpanningRecordSerializationTest
Tests run: 10, Failures: 0, Errors: 0, Skipped: 0, Time elapsed: 3.769 sec - in org.apache.flink.runtime.io.network.buffer.LocalBufferPoolTest
Tests run: 6, Failures: 0, Errors: 0, Skipped: 0, Time elapsed: 7.366 sec - in org.apache.flink.runtime.io.network.api.serialization.SpanningRecordSerializerTest
Tests run: 1, Failures: 0, Errors: 0, Skipped: 0, Time elapsed: 31.115 sec - in org.apache.flink.runtime.taskmanager.TaskManagerProcessReapingTest
Tests run: 2, Failures: 0, Errors: 0, Skipped: 0, Time elapsed: 19.723 sec - in org.apache.flink.runtime.io.network.netty.CancelPartitionRequestTest
Tests run: 2, Failures: 0, Errors: 0, Skipped: 0, Time elapsed: 3.813 sec - in org.apache.flink.runtime.io.network.NetworkEnvironmentTest
Tests run: 3, Failures: 0, Errors: 0, Skipped: 0, Time elapsed: 3.303 sec - in org.apache.flink.runtime.io.network.api.writer.RecordWriterTest
Tests run: 2, Failures: 0, Errors: 0, Skipped: 0, Time elapsed: 3.226 sec - in org.apache.flink.runtime.io.network.api.reader.BufferReaderTest
Tests run: 7, Failures: 0, Errors: 0, Skipped: 0, Time elapsed: 68.102 sec - in org.apache.flink.runtime.operators.DataSinkTaskTest
Tests run: 8, Failures: 0, Errors: 0, Skipped: 0, Time elapsed: 90.962 sec - in org.apache.flink.runtime.operators.sort.NormalizedKeySorterTest
Tests run: 2, Failures: 0, Errors: 0, Skipped: 0, Time elapsed: 29.849 sec - in org.apache.flink.runtime.io.network.serialization.LargeRecordsTest
Tests run: 8, Failures: 0, Errors: 0, Skipped: 0, Time elapsed: 39.034 sec - in org.apache.flink.runtime.io.network.partition.consumer.RemoteInputChannelTest
Tests run: 6, Failures: 0, Errors: 0, Skipped: 0, Time elapsed: 88.078 sec - in org.apache.flink.runtime.leaderelection.ZooKeeperLeaderElectionTest
Tests run: 6, Failures: 0, Errors: 0, Skipped: 0, Time elapsed: 67.14 sec - in org.apache.flink.runtime.io.disk.ChannelViewsTest

Results :

Failed tests: 
  SavepointCoordinatorTest.testSimpleRollbackSavepoint:218 null

Tests run: 964, Failures: 1, Errors: 0, Skipped: 1

[INFO] ------------------------------------------------------------------------
[INFO] BUILD FAILURE
[INFO] ------------------------------------------------------------------------
[INFO] Total time: 02:19 min
[INFO] Finished at: 2016-07-14T16:59:45-07:00
[INFO] Final Memory: 59M/3502M
[INFO] ------------------------------------------------------------------------
[ERROR] Failed to execute goal org.apache.maven.plugins:maven-surefire-plugin:2.18.1:test (default-test) on project flink-runtime_2.10: There are test failures.
[ERROR] 
[ERROR] Please refer to /space/parallel/flink/flink9/dataset/flink/FLINK-3107_937963e339ddd57cc65e3da8af5398600e4d9ad2/flink-runtime/target/surefire-reports for the individual test results.
[ERROR] -> [Help 1]
[ERROR] 
[ERROR] To see the full stack trace of the errors, re-run Maven with the -e switch.
[ERROR] Re-run Maven using the -X switch to enable full debug logging.
[ERROR] 
[ERROR] For more information about the errors and possible solutions, please read the following articles:
[ERROR] [Help 1] http://cwiki.apache.org/confluence/display/MAVEN/MojoFailureException
