[INFO] Scanning for projects...
[INFO]                                                                         
[INFO] ------------------------------------------------------------------------
[INFO] Building Apache Log4j API 2.0-beta3-SNAPSHOT
[INFO] ------------------------------------------------------------------------
[INFO] 
[INFO] --- maven-remote-resources-plugin:1.1:process (default) @ log4j-api ---
[INFO] Setting property: classpath.resource.loader.class => 'org.codehaus.plexus.velocity.ContextClassLoaderResourceLoader'.
[INFO] Setting property: velocimacro.messages.on => 'false'.
[INFO] Setting property: resource.loader => 'classpath'.
[INFO] Setting property: resource.manager.logwhenfound => 'false'.
[INFO] 
[INFO] --- maven-resources-plugin:2.5:resources (default-resources) @ log4j-api ---
[debug] execute contextualize
[INFO] Using 'UTF-8' encoding to copy filtered resources.
[INFO] skip non existing resourceDirectory /home/ylyu/parallel/log4j2/log4j29/dataset/logging-log4j2/LOG4J2-104_3b12e13d1138dbe4590754d3550957fcc004f5c7/api/src/main/resources
[INFO] Copying 3 resources
[INFO] 
[INFO] --- maven-compiler-plugin:2.3.2:compile (default-compile) @ log4j-api ---
[INFO] Compiling 4 source files to /home/ylyu/parallel/log4j2/log4j29/dataset/logging-log4j2/LOG4J2-104_3b12e13d1138dbe4590754d3550957fcc004f5c7/api/target/classes
[INFO] 
[INFO] --- maven-bundle-plugin:2.3.7:manifest (bundle-manifest) @ log4j-api ---
[INFO] 
[INFO] --- maven-resources-plugin:2.5:testResources (default-testResources) @ log4j-api ---
[debug] execute contextualize
[INFO] Using 'UTF-8' encoding to copy filtered resources.
[INFO] Copying 1 resource
[INFO] Copying 3 resources
[INFO] 
[INFO] --- maven-compiler-plugin:2.3.2:testCompile (default-testCompile) @ log4j-api ---
[INFO] Nothing to compile - all classes are up to date
[INFO] 
[INFO] --- maven-surefire-plugin:2.7.2:test (default-test) @ log4j-api ---
[INFO] Surefire report directory: /home/ylyu/parallel/log4j2/log4j29/dataset/logging-log4j2/LOG4J2-104_3b12e13d1138dbe4590754d3550957fcc004f5c7/api/target/surefire-reports

-------------------------------------------------------
 T E S T S
-------------------------------------------------------
Running org.apache.logging.log4j.message.StructuredDataMessageTest
Tests run: 1, Failures: 0, Errors: 0, Skipped: 0, Time elapsed: 0.035 sec
Running org.apache.logging.log4j.message.StringFormattedMessageTest
Timer StringFormat stopped. Elapsed time: 0.029347656 seconds Average per iteration: 0.000058695 seconds
Timer Parameterized stopped. Elapsed time: 0.005957741 seconds Average per iteration: 0.000011915 seconds
Parameterized is 4.93 times faster than StringFormat.
Tests run: 4, Failures: 0, Errors: 0, Skipped: 0, Time elapsed: 0.09 sec
Running org.apache.logging.log4j.message.ParameterizedMessageTest
Tests run: 1, Failures: 0, Errors: 0, Skipped: 0, Time elapsed: 0.033 sec
Running org.apache.logging.log4j.message.ObjectMessageTest
Tests run: 2, Failures: 0, Errors: 0, Skipped: 0, Time elapsed: 0.035 sec
Running org.apache.logging.log4j.message.MapMessageTest
Tests run: 4, Failures: 0, Errors: 0, Skipped: 0, Time elapsed: 0.042 sec
Running org.apache.logging.log4j.message.ThreadDumpMessageTest
Tests run: 3, Failures: 0, Errors: 0, Skipped: 0, Time elapsed: 0.25 sec
Running org.apache.logging.log4j.EventLoggerTest
ERROR StatusLogger Unable to locate a logging implementation, using SimpleLogger
Tests run: 1, Failures: 0, Errors: 1, Skipped: 0, Time elapsed: 0.048 sec <<< FAILURE!
Running org.apache.logging.log4j.LevelTest
Tests run: 2, Failures: 0, Errors: 0, Skipped: 0, Time elapsed: 0.036 sec
Running org.apache.logging.log4j.LoggerTest
ERROR StatusLogger Unable to locate a logging implementation, using SimpleLogger
Tests run: 20, Failures: 0, Errors: 20, Skipped: 0, Time elapsed: 0.079 sec <<< FAILURE!
Running org.apache.logging.log4j.AbstractLoggerTest
Tests run: 6, Failures: 0, Errors: 0, Skipped: 0, Time elapsed: 0.065 sec
Running org.apache.logging.log4j.NoopThreadContextTest
Tests run: 1, Failures: 0, Errors: 0, Skipped: 0, Time elapsed: 0.039 sec

Results :

Tests in error: 

Tests run: 45, Failures: 0, Errors: 21, Skipped: 0

[INFO] ------------------------------------------------------------------------
[INFO] BUILD FAILURE
[INFO] ------------------------------------------------------------------------
[INFO] Total time: 4.737 s
[INFO] Finished at: 2016-07-16T16:25:21-07:00
[INFO] Final Memory: 20M/964M
[INFO] ------------------------------------------------------------------------
[ERROR] Failed to execute goal org.apache.maven.plugins:maven-surefire-plugin:2.7.2:test (default-test) on project log4j-api: There are test failures.
[ERROR] 
[ERROR] Please refer to /home/ylyu/parallel/log4j2/log4j29/dataset/logging-log4j2/LOG4J2-104_3b12e13d1138dbe4590754d3550957fcc004f5c7/api/target/surefire-reports for the individual test results.
[ERROR] -> [Help 1]
[ERROR] 
[ERROR] To see the full stack trace of the errors, re-run Maven with the -e switch.
[ERROR] Re-run Maven using the -X switch to enable full debug logging.
[ERROR] 
[ERROR] For more information about the errors and possible solutions, please read the following articles:
[ERROR] [Help 1] http://cwiki.apache.org/confluence/display/MAVEN/MojoFailureException
