[INFO] Scanning for projects...
[INFO]                                                                         
[INFO] ------------------------------------------------------------------------
[INFO] Building flink-runtime 1.0-SNAPSHOT
[INFO] ------------------------------------------------------------------------
[INFO] 
[INFO] --- maven-checkstyle-plugin:2.16:check (validate) @ flink-runtime ---
[INFO] 
[INFO] --- maven-enforcer-plugin:1.3.1:enforce (enforce-maven) @ flink-runtime ---
[INFO] 
[INFO] --- git-commit-id-plugin:2.1.5:revision (default) @ flink-runtime ---
[info] 
[info] 
[INFO] 
[INFO] --- build-helper-maven-plugin:1.7:add-source (add-source) @ flink-runtime ---
[INFO] Source directory: /space/parallel/flink/flink9/dataset/flink/FLINK-3011_5a86a0a19dad28162ba7ddf27bd9e63468a5966c/flink-runtime/src/main/scala added.
[INFO] 
[INFO] --- maven-remote-resources-plugin:1.5:process (default) @ flink-runtime ---
[INFO] 
[INFO] --- maven-resources-plugin:2.6:resources (default-resources) @ flink-runtime ---
[INFO] Using 'UTF-8' encoding to copy filtered resources.
[INFO] Copying 1 resource
[INFO] Copying 3 resources
[INFO] 
[INFO] --- scala-maven-plugin:3.1.4:compile (scala-compile-first) @ flink-runtime ---
[INFO] Nothing to compile - all classes are up to date
[INFO] 
[INFO] --- maven-compiler-plugin:3.1:compile (default-compile) @ flink-runtime ---
[INFO] Changes detected - recompiling the module!
[INFO] Compiling 505 source files to /space/parallel/flink/flink9/dataset/flink/FLINK-3011_5a86a0a19dad28162ba7ddf27bd9e63468a5966c/flink-runtime/target/classes
[WARNING] /space/parallel/flink/flink9/dataset/flink/FLINK-3011_5a86a0a19dad28162ba7ddf27bd9e63468a5966c/flink-runtime/src/main/java/org/apache/flink/runtime/operators/CollectorMapDriver.java:[23,45] org.apache.flink.api.common.functions.GenericCollectorMap in org.apache.flink.api.common.functions has been deprecated
[WARNING] /space/parallel/flink/flink9/dataset/flink/FLINK-3011_5a86a0a19dad28162ba7ddf27bd9e63468a5966c/flink-runtime/src/main/java/org/apache/flink/runtime/operators/CollectorMapDriver.java:[43,59] org.apache.flink.api.common.functions.GenericCollectorMap in org.apache.flink.api.common.functions has been deprecated
[WARNING] /space/parallel/flink/flink9/dataset/flink/FLINK-3011_5a86a0a19dad28162ba7ddf27bd9e63468a5966c/flink-runtime/src/main/java/org/apache/flink/runtime/operators/chaining/ChainedCollectorMapDriver.java:[22,45] org.apache.flink.api.common.functions.GenericCollectorMap in org.apache.flink.api.common.functions has been deprecated
[WARNING] /space/parallel/flink/flink9/dataset/flink/FLINK-3011_5a86a0a19dad28162ba7ddf27bd9e63468a5966c/flink-runtime/src/main/java/org/apache/flink/runtime/util/SignalHandler.java:[21,16] sun.misc.Signal is internal proprietary API and may be removed in a future release
[WARNING] /space/parallel/flink/flink9/dataset/flink/FLINK-3011_5a86a0a19dad28162ba7ddf27bd9e63468a5966c/flink-runtime/src/main/java/org/apache/flink/runtime/util/SignalHandler.java:[32,57] sun.misc.SignalHandler is internal proprietary API and may be removed in a future release
[WARNING] /space/parallel/flink/flink9/dataset/flink/FLINK-3011_5a86a0a19dad28162ba7ddf27bd9e63468a5966c/flink-runtime/src/main/java/org/apache/flink/runtime/zookeeper/ZooKeeperStateHandleStore.java:[90,44] unchecked conversion
  required: org.apache.flink.runtime.zookeeper.StateStorageHelper<T>
  found:    org.apache.flink.runtime.zookeeper.StateStorageHelper
[WARNING] /space/parallel/flink/flink9/dataset/flink/FLINK-3011_5a86a0a19dad28162ba7ddf27bd9e63468a5966c/flink-runtime/src/main/java/org/apache/flink/runtime/util/DataOutputSerializer.java:[308,38] sun.misc.Unsafe is internal proprietary API and may be removed in a future release
[WARNING] /space/parallel/flink/flink9/dataset/flink/FLINK-3011_5a86a0a19dad28162ba7ddf27bd9e63468a5966c/flink-runtime/src/main/java/org/apache/flink/runtime/util/DataInputDeserializer.java:[316,38] sun.misc.Unsafe is internal proprietary API and may be removed in a future release
[WARNING] /space/parallel/flink/flink9/dataset/flink/FLINK-3011_5a86a0a19dad28162ba7ddf27bd9e63468a5966c/flink-runtime/src/main/java/org/apache/flink/runtime/util/DependencyVisitor.java:[191,29] visitMethodInsn(int,java.lang.String,java.lang.String,java.lang.String) in org.objectweb.asm.MethodVisitor has been deprecated
[WARNING] /space/parallel/flink/flink9/dataset/flink/FLINK-3011_5a86a0a19dad28162ba7ddf27bd9e63468a5966c/flink-runtime/src/main/java/org/apache/flink/runtime/util/SignalHandler.java:[34,39] sun.misc.SignalHandler is internal proprietary API and may be removed in a future release
[WARNING] /space/parallel/flink/flink9/dataset/flink/FLINK-3011_5a86a0a19dad28162ba7ddf27bd9e63468a5966c/flink-runtime/src/main/java/org/apache/flink/runtime/util/SignalHandler.java:[38,57] sun.misc.Signal is internal proprietary API and may be removed in a future release
[WARNING] /space/parallel/flink/flink9/dataset/flink/FLINK-3011_5a86a0a19dad28162ba7ddf27bd9e63468a5966c/flink-runtime/src/main/java/org/apache/flink/runtime/util/SignalHandler.java:[38,39] sun.misc.Signal is internal proprietary API and may be removed in a future release
[WARNING] /space/parallel/flink/flink9/dataset/flink/FLINK-3011_5a86a0a19dad28162ba7ddf27bd9e63468a5966c/flink-runtime/src/main/java/org/apache/flink/runtime/util/SignalHandler.java:[47,36] sun.misc.Signal is internal proprietary API and may be removed in a future release
[INFO] 
[INFO] --- build-helper-maven-plugin:1.7:add-test-source (add-test-source) @ flink-runtime ---
[INFO] Test Source directory: /space/parallel/flink/flink9/dataset/flink/FLINK-3011_5a86a0a19dad28162ba7ddf27bd9e63468a5966c/flink-runtime/src/test/scala added.
[INFO] 
[INFO] --- maven-resources-plugin:2.6:testResources (default-testResources) @ flink-runtime ---
[INFO] Using 'UTF-8' encoding to copy filtered resources.
[INFO] Copying 2 resources
[INFO] Copying 3 resources
[INFO] 
[INFO] --- scala-maven-plugin:3.1.4:testCompile (scala-test-compile) @ flink-runtime ---
[INFO] Nothing to compile - all classes are up to date
[INFO] 
[INFO] --- maven-compiler-plugin:3.1:testCompile (default-testCompile) @ flink-runtime ---
[INFO] Nothing to compile - all classes are up to date
[INFO] 
[INFO] --- maven-surefire-plugin:2.18.1:test (default-test) @ flink-runtime ---
[INFO] Surefire report directory: /space/parallel/flink/flink9/dataset/flink/FLINK-3011_5a86a0a19dad28162ba7ddf27bd9e63468a5966c/flink-runtime/target/surefire-reports

-------------------------------------------------------
 T E S T S
-------------------------------------------------------
Running org.apache.flink.runtime.operators.resettable.SpillingResettableMutableObjectIteratorTest
Running org.apache.flink.runtime.operators.drivers.ReduceDriverTest
Running org.apache.flink.runtime.operators.drivers.AllGroupReduceDriverTest
Running org.apache.flink.runtime.operators.resettable.ReusingBlockResettableIteratorTest
Running org.apache.flink.runtime.operators.drivers.ReduceCombineDriverTest
Running org.apache.flink.runtime.operators.CachedMatchTaskTest
Running org.apache.flink.runtime.operators.resettable.BlockResettableMutableObjectIteratorTest
Running org.apache.flink.runtime.operators.resettable.NonReusingBlockResettableIteratorTest
Running org.apache.flink.runtime.operators.hash.CompactingHashTableTest
Running org.apache.flink.runtime.operators.CombineTaskTest
Running org.apache.flink.runtime.operators.CoGroupTaskTest
Running org.apache.flink.runtime.operators.drivers.GroupReduceDriverTest
Running org.apache.flink.runtime.operators.resettable.SpillingResettableIteratorTest
Running org.apache.flink.runtime.operators.JoinTaskTest
Running org.apache.flink.runtime.operators.CombinerOversizedRecordsTest
Running org.apache.flink.runtime.operators.LeftOuterJoinTaskTest
Running org.apache.flink.runtime.operators.drivers.AllReduceDriverTest
Running org.apache.flink.runtime.operators.FlatMapTaskTest
Running org.apache.flink.runtime.operators.FullOuterJoinTaskTest
Running org.apache.flink.runtime.operators.RightOuterJoinTaskTest
Running org.apache.flink.runtime.operators.hash.MemoryHashTableTest
Running org.apache.flink.runtime.operators.hash.HashTableTest
Tests run: 3, Failures: 0, Errors: 0, Skipped: 0, Time elapsed: 1.874 sec - in org.apache.flink.runtime.operators.drivers.ReduceCombineDriverTest
Tests run: 3, Failures: 0, Errors: 0, Skipped: 0, Time elapsed: 2.391 sec - in org.apache.flink.runtime.operators.drivers.ReduceDriverTest
Tests run: 3, Failures: 0, Errors: 0, Skipped: 0, Time elapsed: 2.386 sec - in org.apache.flink.runtime.operators.drivers.AllGroupReduceDriverTest
Tests run: 3, Failures: 0, Errors: 0, Skipped: 0, Time elapsed: 2.285 sec - in org.apache.flink.runtime.operators.resettable.BlockResettableMutableObjectIteratorTest
Tests run: 5, Failures: 0, Errors: 0, Skipped: 0, Time elapsed: 2.168 sec - in org.apache.flink.runtime.operators.drivers.GroupReduceDriverTest
Tests run: 6, Failures: 0, Errors: 0, Skipped: 0, Time elapsed: 2.878 sec - in org.apache.flink.runtime.operators.CombineTaskTest
Tests run: 3, Failures: 0, Errors: 0, Skipped: 0, Time elapsed: 3.108 sec - in org.apache.flink.runtime.operators.resettable.NonReusingBlockResettableIteratorTest
Tests run: 3, Failures: 0, Errors: 0, Skipped: 0, Time elapsed: 2.632 sec - in org.apache.flink.runtime.operators.drivers.AllReduceDriverTest
Tests run: 3, Failures: 0, Errors: 0, Skipped: 0, Time elapsed: 3.867 sec - in org.apache.flink.runtime.operators.resettable.ReusingBlockResettableIteratorTest
Running org.apache.flink.runtime.operators.sort.MergeIteratorTest
Tests run: 3, Failures: 0, Errors: 0, Skipped: 0, Time elapsed: 0.305 sec - in org.apache.flink.runtime.operators.sort.MergeIteratorTest
Running org.apache.flink.runtime.operators.util.BloomFilterTest
Running org.apache.flink.runtime.operators.sort.FixedLengthRecordSorterTest
Tests run: 9, Failures: 0, Errors: 0, Skipped: 0, Time elapsed: 0.126 sec - in org.apache.flink.runtime.operators.util.BloomFilterTest
Tests run: 6, Failures: 0, Errors: 0, Skipped: 0, Time elapsed: 3.438 sec - in org.apache.flink.runtime.operators.FlatMapTaskTest
Running org.apache.flink.runtime.operators.sort.NormalizedKeySorterTest
Running org.apache.flink.runtime.operators.sort.LargeRecordHandlerTest
Running org.apache.flink.runtime.operators.ReduceTaskTest
Running org.apache.flink.runtime.operators.util.RecordOutputEmitterTest
Running org.apache.flink.runtime.operators.util.OutputEmitterTest
Tests run: 2, Failures: 0, Errors: 0, Skipped: 0, Time elapsed: 5.799 sec - in org.apache.flink.runtime.operators.resettable.SpillingResettableMutableObjectIteratorTest
Tests run: 4, Failures: 0, Errors: 0, Skipped: 0, Time elapsed: 5.235 sec - in org.apache.flink.runtime.operators.resettable.SpillingResettableIteratorTest
Tests run: 2, Failures: 0, Errors: 0, Skipped: 0, Time elapsed: 4.901 sec - in org.apache.flink.runtime.operators.CombinerOversizedRecordsTest
Running org.apache.flink.runtime.checkpoint.CheckpointStateRestoreTest
Running org.apache.flink.runtime.operators.CrossTaskTest
Tests run: 7, Failures: 0, Errors: 0, Skipped: 0, Time elapsed: 1.628 sec - in org.apache.flink.runtime.operators.util.OutputEmitterTest
Running org.apache.flink.runtime.checkpoint.CheckpointCoordinatorTest
Running org.apache.flink.runtime.checkpoint.CoordinatorShutdownTest
Running org.apache.flink.runtime.checkpoint.StandaloneCompletedCheckpointStoreTest
Running org.apache.flink.runtime.checkpoint.CheckpointIDCounterTest$StandaloneCheckpointIDCounterTest
Tests run: 6, Failures: 0, Errors: 0, Skipped: 0, Time elapsed: 0.632 sec - in org.apache.flink.runtime.checkpoint.StandaloneCompletedCheckpointStoreTest
Running org.apache.flink.runtime.operators.chaining.ChainTaskTest
Running org.apache.flink.runtime.memory.MemoryManagerConcurrentModReleaseTest
Tests run: 3, Failures: 0, Errors: 0, Skipped: 0, Time elapsed: 3.452 sec - in org.apache.flink.runtime.checkpoint.CheckpointStateRestoreTest
Tests run: 8, Failures: 0, Errors: 0, Skipped: 0, Time elapsed: 2.794 sec - in org.apache.flink.runtime.checkpoint.CheckpointCoordinatorTest
Tests run: 2, Failures: 0, Errors: 0, Skipped: 0, Time elapsed: 1.267 sec - in org.apache.flink.runtime.memory.MemoryManagerConcurrentModReleaseTest
Tests run: 2, Failures: 0, Errors: 0, Skipped: 0, Time elapsed: 2.405 sec - in org.apache.flink.runtime.checkpoint.CheckpointIDCounterTest$StandaloneCheckpointIDCounterTest
Running org.apache.flink.runtime.memory.MemorySegmentSimpleTest
Running org.apache.flink.runtime.memory.MemoryManagerTest
23 > 18:28:22,427 INFO  org.apache.flink.runtime.blob.BlobServer                      - Created BLOB server storage directory /tmp/blobStore-27c3d0e5-abe7-45f2-917f-7f81769a5b8e
23 > 18:28:22,459 INFO  org.apache.flink.runtime.blob.BlobServer                      - Started BLOB server at 0.0.0.0:55800 - max concurrent requests: 50 - max backlog: 1000
Tests run: 18, Failures: 0, Errors: 0, Skipped: 0, Time elapsed: 11.099 sec - in org.apache.flink.runtime.operators.CoGroupTaskTest
Running org.apache.flink.runtime.memory.MemoryManagerLazyAllocationTest
Tests run: 22, Failures: 0, Errors: 0, Skipped: 0, Time elapsed: 11.945 sec - in org.apache.flink.runtime.operators.CachedMatchTaskTest
Running org.apache.flink.runtime.iterative.concurrent.SuperstepBarrierTest
Tests run: 26, Failures: 0, Errors: 0, Skipped: 0, Time elapsed: 11.201 sec - in org.apache.flink.runtime.operators.FullOuterJoinTaskTest
Running org.apache.flink.runtime.iterative.event.EventWithAggregatorsTest
Tests run: 4, Failures: 0, Errors: 0, Skipped: 0, Time elapsed: 1.992 sec - in org.apache.flink.runtime.memory.MemoryManagerTest
Tests run: 2, Failures: 0, Errors: 0, Skipped: 0, Time elapsed: 0.183 sec - in org.apache.flink.runtime.iterative.event.EventWithAggregatorsTest
Running org.apache.flink.runtime.iterative.concurrent.BlockingBackChannelTest
Running org.apache.flink.runtime.operators.DataSinkTaskTest
Tests run: 4, Failures: 0, Errors: 0, Skipped: 0, Time elapsed: 1.881 sec - in org.apache.flink.runtime.memory.MemoryManagerLazyAllocationTest
Tests run: 12, Failures: 0, Errors: 0, Skipped: 0, Time elapsed: 8.675 sec - in org.apache.flink.runtime.operators.ReduceTaskTest
Tests run: 2, Failures: 0, Errors: 0, Skipped: 0, Time elapsed: 1.931 sec - in org.apache.flink.runtime.iterative.concurrent.SuperstepBarrierTest
Running org.apache.flink.runtime.iterative.concurrent.SuperstepKickoffLatchTest
Running org.apache.flink.runtime.blob.BlobCacheRetriesTest
Running org.apache.flink.runtime.iterative.concurrent.BrokerTest
Running org.apache.flink.runtime.net.ConnectionUtilsTest
Tests run: 1, Failures: 0, Errors: 0, Skipped: 0, Time elapsed: 1.328 sec - in org.apache.flink.runtime.iterative.concurrent.BlockingBackChannelTest
23 > 18:28:25,891 INFO  org.apache.flink.runtime.blob.BlobCache                       - Created BLOB cache storage directory /tmp/blobStore-cd5f289d-8778-4b42-93a0-aa51a70d4ec5
Tests run: 9, Failures: 0, Errors: 0, Skipped: 0, Time elapsed: 4.332 sec - in org.apache.flink.runtime.memory.MemorySegmentSimpleTest
Tests run: 5, Failures: 0, Errors: 0, Skipped: 0, Time elapsed: 0.457 sec - in org.apache.flink.runtime.iterative.concurrent.SuperstepKickoffLatchTest
Running org.apache.flink.runtime.blob.BlobKeyTest
7 > 18:28:26,590 INFO  org.apache.flink.runtime.blob.BlobServer                      - Created BLOB server storage directory /tmp/blobStore-796e64f0-62fc-4933-85bb-abbb466ccf3e
7 > 18:28:26,641 INFO  org.apache.flink.runtime.blob.BlobServer                      - Started BLOB server at 0.0.0.0:34403 - max concurrent requests: 50 - max backlog: 1000
7 > 18:28:26,665 DEBUG org.apache.flink.runtime.blob.BlobClient                      - PUT content addressable BLOB buffer (10 bytes) to /127.0.0.1:56808
Tests run: 4, Failures: 0, Errors: 0, Skipped: 0, Time elapsed: 0.176 sec - in org.apache.flink.runtime.blob.BlobKeyTest
7 > 18:28:26,679 DEBUG org.apache.flink.runtime.blob.BlobServerConnection            - Received PUT request for content addressable BLOB
23 > 18:28:26,684 INFO  org.apache.flink.runtime.blob.BlobServer                      - Stopped BLOB server at 0.0.0.0:55800
7 > 18:28:26,731 INFO  org.apache.flink.runtime.blob.BlobCache                       - Created BLOB cache storage directory /tmp/blobStore-fded5ee6-97d7-46d1-b77d-eef9eda87263
7 > 18:28:26,731 INFO  org.apache.flink.runtime.blob.BlobCache                       - Downloading e89ad5a9631c3efdded7e3ecce79b4d0fedce1bf from localhost/127.0.0.1:34403
7 > 18:28:26,732 DEBUG org.apache.flink.runtime.blob.BlobClient                      - GET content addressable BLOB e89ad5a9631c3efdded7e3ecce79b4d0fedce1bf from /127.0.0.1:56812
7 > 18:28:26,733 DEBUG org.apache.flink.runtime.blob.BlobCache                       - Failed to fetch BLOB e89ad5a9631c3efdded7e3ecce79b4d0fedce1bf from localhost/127.0.0.1:34403 and store it under /tmp/blobStore-fded5ee6-97d7-46d1-b77d-eef9eda87263/cache/blob_e89ad5a9631c3efdded7e3ecce79b4d0fedce1bf Retrying...
java.io.IOException: GET operation failed: Premature end of response
	at org.apache.flink.runtime.blob.BlobClient.get(BlobClient.java:165)
	at org.apache.flink.runtime.blob.BlobCache.getURL(BlobCache.java:125)
	at org.apache.flink.runtime.blob.BlobCacheRetriesTest.testBlobFetchRetries(BlobCacheRetriesTest.java:70)
	at sun.reflect.NativeMethodAccessorImpl.invoke0(Native Method)
	at sun.reflect.NativeMethodAccessorImpl.invoke(NativeMethodAccessorImpl.java:57)
	at sun.reflect.DelegatingMethodAccessorImpl.invoke(DelegatingMethodAccessorImpl.java:43)
	at java.lang.reflect.Method.invoke(Method.java:606)
	at org.junit.runners.model.FrameworkMethod$1.runReflectiveCall(FrameworkMethod.java:47)
	at org.junit.internal.runners.model.ReflectiveCallable.run(ReflectiveCallable.java:12)
	at org.junit.runners.model.FrameworkMethod.invokeExplosively(FrameworkMethod.java:44)
	at org.junit.internal.runners.statements.InvokeMethod.evaluate(InvokeMethod.java:17)
	at org.junit.runners.ParentRunner.runLeaf(ParentRunner.java:271)
	at org.junit.runners.BlockJUnit4ClassRunner.runChild(BlockJUnit4ClassRunner.java:70)
	at org.junit.runners.BlockJUnit4ClassRunner.runChild(BlockJUnit4ClassRunner.java:50)
	at org.junit.runners.ParentRunner$3.run(ParentRunner.java:238)
	at org.junit.runners.ParentRunner$1.schedule(ParentRunner.java:63)
	at org.junit.runners.ParentRunner.runChildren(ParentRunner.java:236)
	at org.junit.runners.ParentRunner.access$000(ParentRunner.java:53)
	at org.junit.runners.ParentRunner$2.evaluate(ParentRunner.java:229)
	at org.junit.runners.ParentRunner.run(ParentRunner.java:309)
	at org.apache.maven.surefire.junit4.JUnit4Provider.execute(JUnit4Provider.java:283)
	at org.apache.maven.surefire.junit4.JUnit4Provider.executeWithRerun(JUnit4Provider.java:173)
	at org.apache.maven.surefire.junit4.JUnit4Provider.executeTestSet(JUnit4Provider.java:153)
	at org.apache.maven.surefire.junit4.JUnit4Provider.invoke(JUnit4Provider.java:128)
	at org.apache.maven.surefire.booter.ForkedBooter.invokeProviderInSameClassLoader(ForkedBooter.java:203)
	at org.apache.maven.surefire.booter.ForkedBooter.runSuitesInProcess(ForkedBooter.java:155)
	at org.apache.maven.surefire.booter.ForkedBooter.main(ForkedBooter.java:103)
Caused by: java.io.EOFException: Premature end of response
	at org.apache.flink.runtime.blob.BlobClient.receiveAndCheckResponse(BlobClient.java:209)
	at org.apache.flink.runtime.blob.BlobClient.get(BlobClient.java:159)
	... 26 more
7 > 18:28:26,738 INFO  org.apache.flink.runtime.blob.BlobCache                       - Downloading e89ad5a9631c3efdded7e3ecce79b4d0fedce1bf from localhost/127.0.0.1:34403 (retry 1)
7 > 18:28:26,739 DEBUG org.apache.flink.runtime.blob.BlobClient                      - GET content addressable BLOB e89ad5a9631c3efdded7e3ecce79b4d0fedce1bf from /127.0.0.1:56813
7 > 18:28:26,739 DEBUG org.apache.flink.runtime.blob.BlobCache                       - Failed to fetch BLOB e89ad5a9631c3efdded7e3ecce79b4d0fedce1bf from localhost/127.0.0.1:34403 and store it under /tmp/blobStore-fded5ee6-97d7-46d1-b77d-eef9eda87263/cache/blob_e89ad5a9631c3efdded7e3ecce79b4d0fedce1bf Retrying...
java.io.IOException: GET operation failed: Broken pipe
	at org.apache.flink.runtime.blob.BlobClient.get(BlobClient.java:165)
	at org.apache.flink.runtime.blob.BlobCache.getURL(BlobCache.java:125)
	at org.apache.flink.runtime.blob.BlobCacheRetriesTest.testBlobFetchRetries(BlobCacheRetriesTest.java:70)
	at sun.reflect.NativeMethodAccessorImpl.invoke0(Native Method)
	at sun.reflect.NativeMethodAccessorImpl.invoke(NativeMethodAccessorImpl.java:57)
	at sun.reflect.DelegatingMethodAccessorImpl.invoke(DelegatingMethodAccessorImpl.java:43)
	at java.lang.reflect.Method.invoke(Method.java:606)
	at org.junit.runners.model.FrameworkMethod$1.runReflectiveCall(FrameworkMethod.java:47)
	at org.junit.internal.runners.model.ReflectiveCallable.run(ReflectiveCallable.java:12)
	at org.junit.runners.model.FrameworkMethod.invokeExplosively(FrameworkMethod.java:44)
	at org.junit.internal.runners.statements.InvokeMethod.evaluate(InvokeMethod.java:17)
	at org.junit.runners.ParentRunner.runLeaf(ParentRunner.java:271)
	at org.junit.runners.BlockJUnit4ClassRunner.runChild(BlockJUnit4ClassRunner.java:70)
	at org.junit.runners.BlockJUnit4ClassRunner.runChild(BlockJUnit4ClassRunner.java:50)
	at org.junit.runners.ParentRunner$3.run(ParentRunner.java:238)
	at org.junit.runners.ParentRunner$1.schedule(ParentRunner.java:63)
	at org.junit.runners.ParentRunner.runChildren(ParentRunner.java:236)
	at org.junit.runners.ParentRunner.access$000(ParentRunner.java:53)
	at org.junit.runners.ParentRunner$2.evaluate(ParentRunner.java:229)
	at org.junit.runners.ParentRunner.run(ParentRunner.java:309)
	at org.apache.maven.surefire.junit4.JUnit4Provider.execute(JUnit4Provider.java:283)
	at org.apache.maven.surefire.junit4.JUnit4Provider.executeWithRerun(JUnit4Provider.java:173)
	at org.apache.maven.surefire.junit4.JUnit4Provider.executeTestSet(JUnit4Provider.java:153)
	at org.apache.maven.surefire.junit4.JUnit4Provider.invoke(JUnit4Provider.java:128)
	at org.apache.maven.surefire.booter.ForkedBooter.invokeProviderInSameClassLoader(ForkedBooter.java:203)
	at org.apache.maven.surefire.booter.ForkedBooter.runSuitesInProcess(ForkedBooter.java:155)
	at org.apache.maven.surefire.booter.ForkedBooter.main(ForkedBooter.java:103)
Caused by: java.net.SocketException: Broken pipe
	at java.net.SocketOutputStream.socketWrite0(Native Method)
	at java.net.SocketOutputStream.socketWrite(SocketOutputStream.java:113)
	at java.net.SocketOutputStream.write(SocketOutputStream.java:138)
	at org.apache.flink.runtime.blob.BlobClient.sendGetHeader(BlobClient.java:193)
	at org.apache.flink.runtime.blob.BlobClient.get(BlobClient.java:158)
	... 26 more
7 > 18:28:26,744 INFO  org.apache.flink.runtime.blob.BlobCache                       - Downloading e89ad5a9631c3efdded7e3ecce79b4d0fedce1bf from localhost/127.0.0.1:34403 (retry 2)
7 > 18:28:26,745 DEBUG org.apache.flink.runtime.blob.BlobClient                      - GET content addressable BLOB e89ad5a9631c3efdded7e3ecce79b4d0fedce1bf from /127.0.0.1:56814
Running org.apache.flink.runtime.blob.BlobServerGetTest
7 > 18:28:26,872 INFO  org.apache.flink.runtime.blob.BlobServer                      - Stopped BLOB server at 0.0.0.0:34403
7 > 18:28:26,881 INFO  org.apache.flink.runtime.blob.BlobServer                      - Created BLOB server storage directory /tmp/blobStore-8904d1e9-f131-4e39-a503-cc656e009f13
7 > 18:28:26,934 INFO  org.apache.flink.runtime.blob.BlobServer                      - Started BLOB server at 0.0.0.0:54928 - max concurrent requests: 50 - max backlog: 1000
7 > 18:28:26,935 DEBUG org.apache.flink.runtime.blob.BlobClient                      - PUT content addressable BLOB buffer (10 bytes) to /127.0.0.1:56859
7 > 18:28:26,955 DEBUG org.apache.flink.runtime.blob.BlobServerConnection            - Received PUT request for content addressable BLOB
7 > 18:28:26,965 INFO  org.apache.flink.runtime.blob.BlobCache                       - Created BLOB cache storage directory /tmp/blobStore-c05b014a-ee17-4ff3-b375-5c1aefda7281
7 > 18:28:26,965 INFO  org.apache.flink.runtime.blob.BlobCache                       - Downloading e89ad5a9631c3efdded7e3ecce79b4d0fedce1bf from localhost/127.0.0.1:54928
7 > 18:28:26,966 DEBUG org.apache.flink.runtime.blob.BlobClient                      - GET content addressable BLOB e89ad5a9631c3efdded7e3ecce79b4d0fedce1bf from /127.0.0.1:56861
7 > 18:28:26,966 DEBUG org.apache.flink.runtime.blob.BlobCache                       - Failed to fetch BLOB e89ad5a9631c3efdded7e3ecce79b4d0fedce1bf from localhost/127.0.0.1:54928 and store it under /tmp/blobStore-c05b014a-ee17-4ff3-b375-5c1aefda7281/cache/blob_e89ad5a9631c3efdded7e3ecce79b4d0fedce1bf Retrying...
java.io.IOException: GET operation failed: Connection reset
	at org.apache.flink.runtime.blob.BlobClient.get(BlobClient.java:165)
	at org.apache.flink.runtime.blob.BlobCache.getURL(BlobCache.java:125)
	at org.apache.flink.runtime.blob.BlobCacheRetriesTest.testBlobFetchWithTooManyFailures(BlobCacheRetriesTest.java:130)
	at sun.reflect.NativeMethodAccessorImpl.invoke0(Native Method)
	at sun.reflect.NativeMethodAccessorImpl.invoke(NativeMethodAccessorImpl.java:57)
	at sun.reflect.DelegatingMethodAccessorImpl.invoke(DelegatingMethodAccessorImpl.java:43)
	at java.lang.reflect.Method.invoke(Method.java:606)
	at org.junit.runners.model.FrameworkMethod$1.runReflectiveCall(FrameworkMethod.java:47)
	at org.junit.internal.runners.model.ReflectiveCallable.run(ReflectiveCallable.java:12)
	at org.junit.runners.model.FrameworkMethod.invokeExplosively(FrameworkMethod.java:44)
	at org.junit.internal.runners.statements.InvokeMethod.evaluate(InvokeMethod.java:17)
	at org.junit.runners.ParentRunner.runLeaf(ParentRunner.java:271)
	at org.junit.runners.BlockJUnit4ClassRunner.runChild(BlockJUnit4ClassRunner.java:70)
	at org.junit.runners.BlockJUnit4ClassRunner.runChild(BlockJUnit4ClassRunner.java:50)
	at org.junit.runners.ParentRunner$3.run(ParentRunner.java:238)
	at org.junit.runners.ParentRunner$1.schedule(ParentRunner.java:63)
	at org.junit.runners.ParentRunner.runChildren(ParentRunner.java:236)
	at org.junit.runners.ParentRunner.access$000(ParentRunner.java:53)
	at org.junit.runners.ParentRunner$2.evaluate(ParentRunner.java:229)
	at org.junit.runners.ParentRunner.run(ParentRunner.java:309)
	at org.apache.maven.surefire.junit4.JUnit4Provider.execute(JUnit4Provider.java:283)
	at org.apache.maven.surefire.junit4.JUnit4Provider.executeWithRerun(JUnit4Provider.java:173)
	at org.apache.maven.surefire.junit4.JUnit4Provider.executeTestSet(JUnit4Provider.java:153)
	at org.apache.maven.surefire.junit4.JUnit4Provider.invoke(JUnit4Provider.java:128)
	at org.apache.maven.surefire.booter.ForkedBooter.invokeProviderInSameClassLoader(ForkedBooter.java:203)
	at org.apache.maven.surefire.booter.ForkedBooter.runSuitesInProcess(ForkedBooter.java:155)
	at org.apache.maven.surefire.booter.ForkedBooter.main(ForkedBooter.java:103)
Caused by: java.net.SocketException: Connection reset
	at java.net.SocketInputStream.read(SocketInputStream.java:196)
	at java.net.SocketInputStream.read(SocketInputStream.java:122)
	at java.net.SocketInputStream.read(SocketInputStream.java:210)
	at org.apache.flink.runtime.blob.BlobClient.receiveAndCheckResponse(BlobClient.java:207)
	at org.apache.flink.runtime.blob.BlobClient.get(BlobClient.java:159)
	... 26 more
7 > 18:28:26,981 INFO  org.apache.flink.runtime.blob.BlobCache                       - Downloading e89ad5a9631c3efdded7e3ecce79b4d0fedce1bf from localhost/127.0.0.1:54928 (retry 1)
7 > 18:28:26,992 DEBUG org.apache.flink.runtime.blob.BlobClient                      - GET content addressable BLOB e89ad5a9631c3efdded7e3ecce79b4d0fedce1bf from /127.0.0.1:56862
7 > 18:28:26,992 DEBUG org.apache.flink.runtime.blob.BlobCache                       - Failed to fetch BLOB e89ad5a9631c3efdded7e3ecce79b4d0fedce1bf from localhost/127.0.0.1:54928 and store it under /tmp/blobStore-c05b014a-ee17-4ff3-b375-5c1aefda7281/cache/blob_e89ad5a9631c3efdded7e3ecce79b4d0fedce1bf Retrying...
java.io.IOException: GET operation failed: Broken pipe
	at org.apache.flink.runtime.blob.BlobClient.get(BlobClient.java:165)
	at org.apache.flink.runtime.blob.BlobCache.getURL(BlobCache.java:125)
	at org.apache.flink.runtime.blob.BlobCacheRetriesTest.testBlobFetchWithTooManyFailures(BlobCacheRetriesTest.java:130)
	at sun.reflect.NativeMethodAccessorImpl.invoke0(Native Method)
	at sun.reflect.NativeMethodAccessorImpl.invoke(NativeMethodAccessorImpl.java:57)
	at sun.reflect.DelegatingMethodAccessorImpl.invoke(DelegatingMethodAccessorImpl.java:43)
	at java.lang.reflect.Method.invoke(Method.java:606)
	at org.junit.runners.model.FrameworkMethod$1.runReflectiveCall(FrameworkMethod.java:47)
	at org.junit.internal.runners.model.ReflectiveCallable.run(ReflectiveCallable.java:12)
	at org.junit.runners.model.FrameworkMethod.invokeExplosively(FrameworkMethod.java:44)
	at org.junit.internal.runners.statements.InvokeMethod.evaluate(InvokeMethod.java:17)
	at org.junit.runners.ParentRunner.runLeaf(ParentRunner.java:271)
	at org.junit.runners.BlockJUnit4ClassRunner.runChild(BlockJUnit4ClassRunner.java:70)
	at org.junit.runners.BlockJUnit4ClassRunner.runChild(BlockJUnit4ClassRunner.java:50)
	at org.junit.runners.ParentRunner$3.run(ParentRunner.java:238)
	at org.junit.runners.ParentRunner$1.schedule(ParentRunner.java:63)
	at org.junit.runners.ParentRunner.runChildren(ParentRunner.java:236)
	at org.junit.runners.ParentRunner.access$000(ParentRunner.java:53)
	at org.junit.runners.ParentRunner$2.evaluate(ParentRunner.java:229)
	at org.junit.runners.ParentRunner.run(ParentRunner.java:309)
	at org.apache.maven.surefire.junit4.JUnit4Provider.execute(JUnit4Provider.java:283)
	at org.apache.maven.surefire.junit4.JUnit4Provider.executeWithRerun(JUnit4Provider.java:173)
	at org.apache.maven.surefire.junit4.JUnit4Provider.executeTestSet(JUnit4Provider.java:153)
	at org.apache.maven.surefire.junit4.JUnit4Provider.invoke(JUnit4Provider.java:128)
	at org.apache.maven.surefire.booter.ForkedBooter.invokeProviderInSameClassLoader(ForkedBooter.java:203)
	at org.apache.maven.surefire.booter.ForkedBooter.runSuitesInProcess(ForkedBooter.java:155)
	at org.apache.maven.surefire.booter.ForkedBooter.main(ForkedBooter.java:103)
Caused by: java.net.SocketException: Broken pipe
	at java.net.SocketOutputStream.socketWrite0(Native Method)
	at java.net.SocketOutputStream.socketWrite(SocketOutputStream.java:113)
	at java.net.SocketOutputStream.write(SocketOutputStream.java:138)
	at org.apache.flink.runtime.blob.BlobClient.sendGetHeader(BlobClient.java:193)
	at org.apache.flink.runtime.blob.BlobClient.get(BlobClient.java:158)
	... 26 more
7 > 18:28:27,000 INFO  org.apache.flink.runtime.blob.BlobCache                       - Downloading e89ad5a9631c3efdded7e3ecce79b4d0fedce1bf from localhost/127.0.0.1:54928 (retry 2)
7 > 18:28:27,001 DEBUG org.apache.flink.runtime.blob.BlobClient                      - GET content addressable BLOB e89ad5a9631c3efdded7e3ecce79b4d0fedce1bf from /127.0.0.1:56863
7 > 18:28:27,002 DEBUG org.apache.flink.runtime.blob.BlobCache                       - Failed to fetch BLOB e89ad5a9631c3efdded7e3ecce79b4d0fedce1bf from localhost/127.0.0.1:54928 and store it under /tmp/blobStore-c05b014a-ee17-4ff3-b375-5c1aefda7281/cache/blob_e89ad5a9631c3efdded7e3ecce79b4d0fedce1bf Retrying...
java.io.IOException: GET operation failed: Broken pipe
	at org.apache.flink.runtime.blob.BlobClient.get(BlobClient.java:165)
	at org.apache.flink.runtime.blob.BlobCache.getURL(BlobCache.java:125)
	at org.apache.flink.runtime.blob.BlobCacheRetriesTest.testBlobFetchWithTooManyFailures(BlobCacheRetriesTest.java:130)
	at sun.reflect.NativeMethodAccessorImpl.invoke0(Native Method)
	at sun.reflect.NativeMethodAccessorImpl.invoke(NativeMethodAccessorImpl.java:57)
	at sun.reflect.DelegatingMethodAccessorImpl.invoke(DelegatingMethodAccessorImpl.java:43)
	at java.lang.reflect.Method.invoke(Method.java:606)
	at org.junit.runners.model.FrameworkMethod$1.runReflectiveCall(FrameworkMethod.java:47)
	at org.junit.internal.runners.model.ReflectiveCallable.run(ReflectiveCallable.java:12)
	at org.junit.runners.model.FrameworkMethod.invokeExplosively(FrameworkMethod.java:44)
	at org.junit.internal.runners.statements.InvokeMethod.evaluate(InvokeMethod.java:17)
	at org.junit.runners.ParentRunner.runLeaf(ParentRunner.java:271)
	at org.junit.runners.BlockJUnit4ClassRunner.runChild(BlockJUnit4ClassRunner.java:70)
	at org.junit.runners.BlockJUnit4ClassRunner.runChild(BlockJUnit4ClassRunner.java:50)
	at org.junit.runners.ParentRunner$3.run(ParentRunner.java:238)
	at org.junit.runners.ParentRunner$1.schedule(ParentRunner.java:63)
	at org.junit.runners.ParentRunner.runChildren(ParentRunner.java:236)
	at org.junit.runners.ParentRunner.access$000(ParentRunner.java:53)
	at org.junit.runners.ParentRunner$2.evaluate(ParentRunner.java:229)
	at org.junit.runners.ParentRunner.run(ParentRunner.java:309)
	at org.apache.maven.surefire.junit4.JUnit4Provider.execute(JUnit4Provider.java:283)
	at org.apache.maven.surefire.junit4.JUnit4Provider.executeWithRerun(JUnit4Provider.java:173)
	at org.apache.maven.surefire.junit4.JUnit4Provider.executeTestSet(JUnit4Provider.java:153)
	at org.apache.maven.surefire.junit4.JUnit4Provider.invoke(JUnit4Provider.java:128)
	at org.apache.maven.surefire.booter.ForkedBooter.invokeProviderInSameClassLoader(ForkedBooter.java:203)
	at org.apache.maven.surefire.booter.ForkedBooter.runSuitesInProcess(ForkedBooter.java:155)
	at org.apache.maven.surefire.booter.ForkedBooter.main(ForkedBooter.java:103)
Caused by: java.net.SocketException: Broken pipe
	at java.net.SocketOutputStream.socketWrite0(Native Method)
	at java.net.SocketOutputStream.socketWrite(SocketOutputStream.java:113)
	at java.net.SocketOutputStream.write(SocketOutputStream.java:138)
	at org.apache.flink.runtime.blob.BlobClient.sendGetHeader(BlobClient.java:193)
	at org.apache.flink.runtime.blob.BlobClient.get(BlobClient.java:158)
	... 26 more
7 > 18:28:27,014 INFO  org.apache.flink.runtime.blob.BlobCache                       - Downloading e89ad5a9631c3efdded7e3ecce79b4d0fedce1bf from localhost/127.0.0.1:54928 (retry 3)
7 > 18:28:27,017 DEBUG org.apache.flink.runtime.blob.BlobClient                      - GET content addressable BLOB e89ad5a9631c3efdded7e3ecce79b4d0fedce1bf from /127.0.0.1:56864
7 > 18:28:27,021 DEBUG org.apache.flink.runtime.blob.BlobCache                       - Failed to fetch BLOB e89ad5a9631c3efdded7e3ecce79b4d0fedce1bf from localhost/127.0.0.1:54928 and store it under /tmp/blobStore-c05b014a-ee17-4ff3-b375-5c1aefda7281/cache/blob_e89ad5a9631c3efdded7e3ecce79b4d0fedce1bf Retrying...
java.io.IOException: GET operation failed: Broken pipe
	at org.apache.flink.runtime.blob.BlobClient.get(BlobClient.java:165)
	at org.apache.flink.runtime.blob.BlobCache.getURL(BlobCache.java:125)
	at org.apache.flink.runtime.blob.BlobCacheRetriesTest.testBlobFetchWithTooManyFailures(BlobCacheRetriesTest.java:130)
	at sun.reflect.NativeMethodAccessorImpl.invoke0(Native Method)
	at sun.reflect.NativeMethodAccessorImpl.invoke(NativeMethodAccessorImpl.java:57)
	at sun.reflect.DelegatingMethodAccessorImpl.invoke(DelegatingMethodAccessorImpl.java:43)
	at java.lang.reflect.Method.invoke(Method.java:606)
	at org.junit.runners.model.FrameworkMethod$1.runReflectiveCall(FrameworkMethod.java:47)
	at org.junit.internal.runners.model.ReflectiveCallable.run(ReflectiveCallable.java:12)
	at org.junit.runners.model.FrameworkMethod.invokeExplosively(FrameworkMethod.java:44)
	at org.junit.internal.runners.statements.InvokeMethod.evaluate(InvokeMethod.java:17)
	at org.junit.runners.ParentRunner.runLeaf(ParentRunner.java:271)
	at org.junit.runners.BlockJUnit4ClassRunner.runChild(BlockJUnit4ClassRunner.java:70)
	at org.junit.runners.BlockJUnit4ClassRunner.runChild(BlockJUnit4ClassRunner.java:50)
	at org.junit.runners.ParentRunner$3.run(ParentRunner.java:238)
	at org.junit.runners.ParentRunner$1.schedule(ParentRunner.java:63)
	at org.junit.runners.ParentRunner.runChildren(ParentRunner.java:236)
	at org.junit.runners.ParentRunner.access$000(ParentRunner.java:53)
	at org.junit.runners.ParentRunner$2.evaluate(ParentRunner.java:229)
	at org.junit.runners.ParentRunner.run(ParentRunner.java:309)
	at org.apache.maven.surefire.junit4.JUnit4Provider.execute(JUnit4Provider.java:283)
	at org.apache.maven.surefire.junit4.JUnit4Provider.executeWithRerun(JUnit4Provider.java:173)
	at org.apache.maven.surefire.junit4.JUnit4Provider.executeTestSet(JUnit4Provider.java:153)
	at org.apache.maven.surefire.junit4.JUnit4Provider.invoke(JUnit4Provider.java:128)
	at org.apache.maven.surefire.booter.ForkedBooter.invokeProviderInSameClassLoader(ForkedBooter.java:203)
	at org.apache.maven.surefire.booter.ForkedBooter.runSuitesInProcess(ForkedBooter.java:155)
	at org.apache.maven.surefire.booter.ForkedBooter.main(ForkedBooter.java:103)
Caused by: java.net.SocketException: Broken pipe
	at java.net.SocketOutputStream.socketWrite0(Native Method)
	at java.net.SocketOutputStream.socketWrite(SocketOutputStream.java:113)
	at java.net.SocketOutputStream.write(SocketOutputStream.java:138)
	at org.apache.flink.runtime.blob.BlobClient.sendGetHeader(BlobClient.java:193)
	at org.apache.flink.runtime.blob.BlobClient.get(BlobClient.java:158)
	... 26 more
7 > 18:28:27,033 INFO  org.apache.flink.runtime.blob.BlobCache                       - Downloading e89ad5a9631c3efdded7e3ecce79b4d0fedce1bf from localhost/127.0.0.1:54928 (retry 4)
7 > 18:28:27,036 DEBUG org.apache.flink.runtime.blob.BlobClient                      - GET content addressable BLOB e89ad5a9631c3efdded7e3ecce79b4d0fedce1bf from /127.0.0.1:56865
7 > 18:28:27,046 DEBUG org.apache.flink.runtime.blob.BlobCache                       - Failed to fetch BLOB e89ad5a9631c3efdded7e3ecce79b4d0fedce1bf from localhost/127.0.0.1:54928 and store it under /tmp/blobStore-c05b014a-ee17-4ff3-b375-5c1aefda7281/cache/blob_e89ad5a9631c3efdded7e3ecce79b4d0fedce1bf Retrying...
java.io.IOException: GET operation failed: Broken pipe
	at org.apache.flink.runtime.blob.BlobClient.get(BlobClient.java:165)
	at org.apache.flink.runtime.blob.BlobCache.getURL(BlobCache.java:125)
	at org.apache.flink.runtime.blob.BlobCacheRetriesTest.testBlobFetchWithTooManyFailures(BlobCacheRetriesTest.java:130)
	at sun.reflect.NativeMethodAccessorImpl.invoke0(Native Method)
	at sun.reflect.NativeMethodAccessorImpl.invoke(NativeMethodAccessorImpl.java:57)
	at sun.reflect.DelegatingMethodAccessorImpl.invoke(DelegatingMethodAccessorImpl.java:43)
	at java.lang.reflect.Method.invoke(Method.java:606)
	at org.junit.runners.model.FrameworkMethod$1.runReflectiveCall(FrameworkMethod.java:47)
	at org.junit.internal.runners.model.ReflectiveCallable.run(ReflectiveCallable.java:12)
	at org.junit.runners.model.FrameworkMethod.invokeExplosively(FrameworkMethod.java:44)
	at org.junit.internal.runners.statements.InvokeMethod.evaluate(InvokeMethod.java:17)
	at org.junit.runners.ParentRunner.runLeaf(ParentRunner.java:271)
	at org.junit.runners.BlockJUnit4ClassRunner.runChild(BlockJUnit4ClassRunner.java:70)
	at org.junit.runners.BlockJUnit4ClassRunner.runChild(BlockJUnit4ClassRunner.java:50)
	at org.junit.runners.ParentRunner$3.run(ParentRunner.java:238)
	at org.junit.runners.ParentRunner$1.schedule(ParentRunner.java:63)
	at org.junit.runners.ParentRunner.runChildren(ParentRunner.java:236)
	at org.junit.runners.ParentRunner.access$000(ParentRunner.java:53)
	at org.junit.runners.ParentRunner$2.evaluate(ParentRunner.java:229)
	at org.junit.runners.ParentRunner.run(ParentRunner.java:309)
	at org.apache.maven.surefire.junit4.JUnit4Provider.execute(JUnit4Provider.java:283)
	at org.apache.maven.surefire.junit4.JUnit4Provider.executeWithRerun(JUnit4Provider.java:173)
	at org.apache.maven.surefire.junit4.JUnit4Provider.executeTestSet(JUnit4Provider.java:153)
	at org.apache.maven.surefire.junit4.JUnit4Provider.invoke(JUnit4Provider.java:128)
	at org.apache.maven.surefire.booter.ForkedBooter.invokeProviderInSameClassLoader(ForkedBooter.java:203)
	at org.apache.maven.surefire.booter.ForkedBooter.runSuitesInProcess(ForkedBooter.java:155)
	at org.apache.maven.surefire.booter.ForkedBooter.main(ForkedBooter.java:103)
Caused by: java.net.SocketException: Broken pipe
	at java.net.SocketOutputStream.socketWrite0(Native Method)
	at java.net.SocketOutputStream.socketWrite(SocketOutputStream.java:113)
	at java.net.SocketOutputStream.write(SocketOutputStream.java:138)
	at org.apache.flink.runtime.blob.BlobClient.sendGetHeader(BlobClient.java:193)
	at org.apache.flink.runtime.blob.BlobClient.get(BlobClient.java:158)
	... 26 more
7 > 18:28:27,052 INFO  org.apache.flink.runtime.blob.BlobCache                       - Downloading e89ad5a9631c3efdded7e3ecce79b4d0fedce1bf from localhost/127.0.0.1:54928 (retry 5)
7 > 18:28:27,055 DEBUG org.apache.flink.runtime.blob.BlobClient                      - GET content addressable BLOB e89ad5a9631c3efdded7e3ecce79b4d0fedce1bf from /127.0.0.1:56866
7 > 18:28:27,063 ERROR org.apache.flink.runtime.blob.BlobCache                       - Failed to fetch BLOB e89ad5a9631c3efdded7e3ecce79b4d0fedce1bf from localhost/127.0.0.1:54928 and store it under /tmp/blobStore-c05b014a-ee17-4ff3-b375-5c1aefda7281/cache/blob_e89ad5a9631c3efdded7e3ecce79b4d0fedce1bf No retries left.
java.io.IOException: GET operation failed: Broken pipe
	at org.apache.flink.runtime.blob.BlobClient.get(BlobClient.java:165)
	at org.apache.flink.runtime.blob.BlobCache.getURL(BlobCache.java:125)
	at org.apache.flink.runtime.blob.BlobCacheRetriesTest.testBlobFetchWithTooManyFailures(BlobCacheRetriesTest.java:130)
	at sun.reflect.NativeMethodAccessorImpl.invoke0(Native Method)
	at sun.reflect.NativeMethodAccessorImpl.invoke(NativeMethodAccessorImpl.java:57)
	at sun.reflect.DelegatingMethodAccessorImpl.invoke(DelegatingMethodAccessorImpl.java:43)
	at java.lang.reflect.Method.invoke(Method.java:606)
	at org.junit.runners.model.FrameworkMethod$1.runReflectiveCall(FrameworkMethod.java:47)
	at org.junit.internal.runners.model.ReflectiveCallable.run(ReflectiveCallable.java:12)
	at org.junit.runners.model.FrameworkMethod.invokeExplosively(FrameworkMethod.java:44)
	at org.junit.internal.runners.statements.InvokeMethod.evaluate(InvokeMethod.java:17)
	at org.junit.runners.ParentRunner.runLeaf(ParentRunner.java:271)
	at org.junit.runners.BlockJUnit4ClassRunner.runChild(BlockJUnit4ClassRunner.java:70)
	at org.junit.runners.BlockJUnit4ClassRunner.runChild(BlockJUnit4ClassRunner.java:50)
	at org.junit.runners.ParentRunner$3.run(ParentRunner.java:238)
	at org.junit.runners.ParentRunner$1.schedule(ParentRunner.java:63)
	at org.junit.runners.ParentRunner.runChildren(ParentRunner.java:236)
	at org.junit.runners.ParentRunner.access$000(ParentRunner.java:53)
	at org.junit.runners.ParentRunner$2.evaluate(ParentRunner.java:229)
	at org.junit.runners.ParentRunner.run(ParentRunner.java:309)
	at org.apache.maven.surefire.junit4.JUnit4Provider.execute(JUnit4Provider.java:283)
	at org.apache.maven.surefire.junit4.JUnit4Provider.executeWithRerun(JUnit4Provider.java:173)
	at org.apache.maven.surefire.junit4.JUnit4Provider.executeTestSet(JUnit4Provider.java:153)
	at org.apache.maven.surefire.junit4.JUnit4Provider.invoke(JUnit4Provider.java:128)
	at org.apache.maven.surefire.booter.ForkedBooter.invokeProviderInSameClassLoader(ForkedBooter.java:203)
	at org.apache.maven.surefire.booter.ForkedBooter.runSuitesInProcess(ForkedBooter.java:155)
	at org.apache.maven.surefire.booter.ForkedBooter.main(ForkedBooter.java:103)
Caused by: java.net.SocketException: Broken pipe
	at java.net.SocketOutputStream.socketWrite0(Native Method)
	at java.net.SocketOutputStream.socketWrite(SocketOutputStream.java:113)
	at java.net.SocketOutputStream.write(SocketOutputStream.java:138)
	at org.apache.flink.runtime.blob.BlobClient.sendGetHeader(BlobClient.java:193)
	at org.apache.flink.runtime.blob.BlobClient.get(BlobClient.java:158)
	... 26 more
7 > 18:28:27,079 INFO  org.apache.flink.runtime.blob.BlobServer                      - Stopped BLOB server at 0.0.0.0:54928
Tests run: 2, Failures: 0, Errors: 0, Skipped: 0, Time elapsed: 1.536 sec - in org.apache.flink.runtime.blob.BlobCacheRetriesTest
23 > 18:28:27,505 INFO  org.apache.flink.runtime.blob.BlobServer                      - Created BLOB server storage directory /tmp/blobStore-2fe47d9c-9b21-432e-94d3-990c3c08473c
23 > 18:28:27,517 INFO  org.apache.flink.runtime.blob.BlobServer                      - Started BLOB server at 0.0.0.0:38320 - max concurrent requests: 50 - max backlog: 1000
23 > 18:28:27,685 INFO  org.apache.flink.runtime.blob.BlobServer                      - Stopped BLOB server at 0.0.0.0:38320
Tests run: 2, Failures: 0, Errors: 0, Skipped: 0, Time elapsed: 9.054 sec - in org.apache.flink.runtime.checkpoint.CoordinatorShutdownTest
Tests run: 1, Failures: 0, Errors: 0, Skipped: 0, Time elapsed: 2.355 sec - in org.apache.flink.runtime.iterative.concurrent.BrokerTest
15 > 18:28:27,955 INFO  org.apache.flink.runtime.blob.BlobServer                      - Created BLOB server storage directory /tmp/blobStore-36930624-6643-4227-8274-39e3d634573c
15 > 18:28:27,972 INFO  org.apache.flink.runtime.blob.BlobServer                      - Started BLOB server at 0.0.0.0:33133 - max concurrent requests: 50 - max backlog: 1000
Tests run: 1, Failures: 0, Errors: 0, Skipped: 0, Time elapsed: 2.37 sec - in org.apache.flink.runtime.net.ConnectionUtilsTest
Running org.apache.flink.runtime.blob.BlobCacheSuccessTest
15 > 18:28:28,097 DEBUG org.apache.flink.runtime.blob.BlobClient                      - PUT content addressable BLOB buffer (5000000 bytes) to /127.0.0.1:55408
15 > 18:28:28,119 DEBUG org.apache.flink.runtime.blob.BlobServerConnection            - Received PUT request for content addressable BLOB
Running org.apache.flink.runtime.blob.BlobServerPutTest
Tests run: 32, Failures: 0, Errors: 0, Skipped: 0, Time elapsed: 10.699 sec - in org.apache.flink.runtime.operators.CrossTaskTest
Running org.apache.flink.runtime.blob.BlobUtilsTest
Running org.apache.flink.runtime.blob.BlobClientTest
15 > 18:28:28,419 DEBUG org.apache.flink.runtime.blob.BlobClient                      - GET content addressable BLOB ac0730a276cf5e5ee9f8972f9aaa1805f3714ef7 from /127.0.0.1:55408
15 > 18:28:28,468 DEBUG org.apache.flink.runtime.blob.BlobServerConnection            - Socket connection closed
java.net.SocketException: Socket closed
	at java.net.SocketOutputStream.socketWrite(SocketOutputStream.java:121)
	at java.net.SocketOutputStream.write(SocketOutputStream.java:159)
	at org.apache.flink.runtime.blob.BlobServerConnection.get(BlobServerConnection.java:238)
	at org.apache.flink.runtime.blob.BlobServerConnection.run(BlobServerConnection.java:112)
15 > 18:28:28,475 DEBUG org.apache.flink.runtime.blob.BlobServerConnection            - Socket connection closed
java.net.SocketException: Socket closed
	at java.net.SocketInputStream.socketRead0(Native Method)
	at java.net.SocketInputStream.read(SocketInputStream.java:152)
	at java.net.SocketInputStream.read(SocketInputStream.java:122)
	at java.net.SocketInputStream.read(SocketInputStream.java:210)
	at org.apache.flink.runtime.blob.BlobServerConnection.run(BlobServerConnection.java:101)
15 > 18:28:28,514 INFO  org.apache.flink.runtime.blob.BlobServer                      - Stopped BLOB server at 0.0.0.0:33133
15 > 18:28:28,529 INFO  org.apache.flink.runtime.blob.BlobServer                      - Created BLOB server storage directory /tmp/blobStore-a8c26647-eb2d-4a73-94c4-87208d3049e0
15 > 18:28:28,539 INFO  org.apache.flink.runtime.blob.BlobServer                      - Started BLOB server at 0.0.0.0:39457 - max concurrent requests: 50 - max backlog: 1000
15 > 18:28:28,560 DEBUG org.apache.flink.runtime.blob.BlobClient                      - PUT content addressable BLOB buffer (2000000 bytes) to /127.0.0.1:60620
15 > 18:28:28,563 DEBUG org.apache.flink.runtime.blob.BlobServerConnection            - Received PUT request for content addressable BLOB
15 > 18:28:28,610 DEBUG org.apache.flink.runtime.blob.BlobClient                      - GET content addressable BLOB 12f54c986272a12566ffffa0f1976fe5d5bbe691 from /127.0.0.1:60620
15 > 18:28:28,663 ERROR org.apache.flink.runtime.blob.BlobServerConnection            - GET operation failed
java.io.IOException: Cannot find required BLOB at /tmp/blobStore-a8c26647-eb2d-4a73-94c4-87208d3049e0/cache/blob_12f54c986272a12566ffffa0f1976fe5d5bbe691
	at org.apache.flink.runtime.blob.BlobServerConnection.get(BlobServerConnection.java:202)
	at org.apache.flink.runtime.blob.BlobServerConnection.run(BlobServerConnection.java:112)
15 > 18:28:28,744 DEBUG org.apache.flink.runtime.blob.BlobServer                      - Shutting down connection BLOB connection for /127.0.0.1:60620
15 > 18:28:28,745 INFO  org.apache.flink.runtime.blob.BlobServer                      - Stopped BLOB server at 0.0.0.0:39457
Tests run: 2, Failures: 0, Errors: 0, Skipped: 0, Time elapsed: 1.974 sec - in org.apache.flink.runtime.blob.BlobServerGetTest
15 > 18:28:28,750 DEBUG org.apache.flink.runtime.blob.BlobServerConnection            - Socket connection closed
java.net.SocketException: Socket closed
	at java.net.SocketInputStream.socketRead0(Native Method)
	at java.net.SocketInputStream.read(SocketInputStream.java:152)
	at java.net.SocketInputStream.read(SocketInputStream.java:122)
	at java.net.SocketInputStream.read(SocketInputStream.java:210)
	at org.apache.flink.runtime.blob.BlobServerConnection.run(BlobServerConnection.java:101)
Running org.apache.flink.runtime.jobgraph.JobIdTest
Tests run: 44, Failures: 0, Errors: 0, Skipped: 0, Time elapsed: 16.516 sec - in org.apache.flink.runtime.operators.RightOuterJoinTaskTest
Tests run: 1, Failures: 0, Errors: 0, Skipped: 0, Time elapsed: 0.052 sec - in org.apache.flink.runtime.jobgraph.JobIdTest
Running org.apache.flink.runtime.blob.BlobServerDeleteTest
9 > 18:28:29,140 INFO  org.apache.flink.runtime.blob.BlobServer                      - Created BLOB server storage directory /tmp/blobStore-7470e526-b496-40fd-b274-76733ddd216d
9 > 18:28:29,211 INFO  org.apache.flink.runtime.blob.BlobServer                      - Started BLOB server at 0.0.0.0:33688 - max concurrent requests: 50 - max backlog: 1000
9 > 18:28:29,240 DEBUG org.apache.flink.runtime.blob.BlobClient                      - PUT content addressable BLOB buffer (128 bytes) to /127.0.0.1:58344
9 > 18:28:29,241 DEBUG org.apache.flink.runtime.blob.BlobServerConnection            - Received PUT request for content addressable BLOB
Tests run: 44, Failures: 0, Errors: 0, Skipped: 0, Time elapsed: 17.458 sec - in org.apache.flink.runtime.operators.LeftOuterJoinTaskTest
9 > 18:28:29,415 DEBUG org.apache.flink.runtime.blob.BlobClient                      - PUT content addressable BLOB buffer (128 bytes) to /127.0.0.1:58344
9 > 18:28:29,419 DEBUG org.apache.flink.runtime.blob.BlobServerConnection            - Received PUT request for content addressable BLOB
9 > 18:28:29,464 INFO  org.apache.flink.runtime.blob.BlobCache                       - Created BLOB cache storage directory /tmp/blobStore-7845edd9-3668-4b12-9598-23ece2d71188
9 > 18:28:29,465 INFO  org.apache.flink.runtime.blob.BlobCache                       - Downloading 0ae4f711ef5d6e9d26c611fd2c8c8ac45ecbf9e7 from 0.0.0.0/0.0.0.0:33688
9 > 18:28:29,471 DEBUG org.apache.flink.runtime.blob.BlobClient                      - GET content addressable BLOB 0ae4f711ef5d6e9d26c611fd2c8c8ac45ecbf9e7 from /127.0.0.1:58354
9 > 18:28:29,474 INFO  org.apache.flink.runtime.blob.BlobCache                       - Downloading 6679e963bacac02aa237b48d1fefed467c27fa05 from 0.0.0.0/0.0.0.0:33688
9 > 18:28:29,477 DEBUG org.apache.flink.runtime.blob.BlobClient                      - GET content addressable BLOB 6679e963bacac02aa237b48d1fefed467c27fa05 from /127.0.0.1:58356
9 > 18:28:29,484 DEBUG org.apache.flink.runtime.blob.BlobServer                      - Shutting down connection BLOB connection for /127.0.0.1:58356
3 > 18:28:29,446 INFO  org.apache.flink.runtime.blob.BlobServer                      - Created BLOB server storage directory /tmp/blobStore-0198f89c-6f2f-4de8-8df8-6f9b6f6de600
3 > 18:28:29,543 INFO  org.apache.flink.runtime.blob.BlobServer                      - Started BLOB server at 0.0.0.0:56539 - max concurrent requests: 50 - max backlog: 1000
Tests run: 2, Failures: 0, Errors: 0, Skipped: 0, Time elapsed: 1.232 sec - in org.apache.flink.runtime.blob.BlobUtilsTest
9 > 18:28:29,518 DEBUG org.apache.flink.runtime.blob.BlobServerConnection            - Socket connection closed
java.net.SocketException: Socket closed
	at java.net.SocketInputStream.socketRead0(Native Method)
	at java.net.SocketInputStream.read(SocketInputStream.java:152)
	at java.net.SocketInputStream.read(SocketInputStream.java:122)
	at java.net.SocketInputStream.read(SocketInputStream.java:210)
	at org.apache.flink.runtime.blob.BlobServerConnection.run(BlobServerConnection.java:101)
9 > 18:28:29,520 INFO  org.apache.flink.runtime.blob.BlobServer                      - Stopped BLOB server at 0.0.0.0:33688
Tests run: 1, Failures: 0, Errors: 0, Skipped: 0, Time elapsed: 1.474 sec - in org.apache.flink.runtime.blob.BlobCacheSuccessTest
Running org.apache.flink.runtime.jobgraph.JobTaskVertexTest
Running org.apache.flink.runtime.jobgraph.JobGraphTest
3 > 18:28:29,676 DEBUG org.apache.flink.runtime.blob.BlobClient                      - PUT content addressable BLOB buffer (2000000 bytes) to /127.0.0.1:49528
3 > 18:28:29,716 DEBUG org.apache.flink.runtime.blob.BlobServerConnection            - Received PUT request for content addressable BLOB
24 > 18:28:29,715 INFO  org.apache.flink.runtime.blob.BlobServer                      - Created BLOB server storage directory /tmp/blobStore-e9d00f42-a6e3-4fc9-81b5-1c484ae0b55d
24 > 18:28:29,783 INFO  org.apache.flink.runtime.blob.BlobServer                      - Started BLOB server at 0.0.0.0:46355 - max concurrent requests: 50 - max backlog: 1000
24 > 18:28:29,891 DEBUG org.apache.flink.runtime.blob.BlobClient                      - PUT content addressable BLOB buffer (17000 bytes) to /127.0.0.1:48129
24 > 18:28:29,896 DEBUG org.apache.flink.runtime.blob.BlobServerConnection            - Received PUT request for content addressable BLOB
Running org.apache.flink.runtime.filecache.FileCacheDeleteValidationTest
24 > 18:28:29,958 DEBUG org.apache.flink.runtime.blob.BlobClient                      - GET content addressable BLOB f4cfbb2fa70643191b6619c3ebb3f95242a7326d from /127.0.0.1:48129
24 > 18:28:30,003 DEBUG org.apache.flink.runtime.blob.BlobClient                      - GET content addressable BLOB 0000000000000000000000000000000000000000 from /127.0.0.1:48129
Running org.apache.flink.runtime.jobgraph.jsonplan.JsonGeneratorTest
24 > 18:28:30,044 ERROR org.apache.flink.runtime.blob.BlobServerConnection            - GET operation failed
java.io.IOException: Cannot find required BLOB at /tmp/blobStore-e9d00f42-a6e3-4fc9-81b5-1c484ae0b55d/cache/blob_0000000000000000000000000000000000000000
	at org.apache.flink.runtime.blob.BlobServerConnection.get(BlobServerConnection.java:202)
	at org.apache.flink.runtime.blob.BlobServerConnection.run(BlobServerConnection.java:112)
3 > 18:28:30,103 DEBUG org.apache.flink.runtime.blob.BlobClient                      - PUT content addressable BLOB buffer (44 bytes) to /127.0.0.1:49528
3 > 18:28:30,104 DEBUG org.apache.flink.runtime.blob.BlobServerConnection            - Received PUT request for content addressable BLOB
3 > 18:28:30,147 DEBUG org.apache.flink.runtime.blob.BlobClient                      - PUT BLOB buffer (2000000 bytes) under 13970600f3de21aaf9aac0c3fac53341 / "my test key" to /127.0.0.1:49528
3 > 18:28:30,150 DEBUG org.apache.flink.runtime.blob.BlobServerConnection            - Received PUT request for BLOB under 13970600f3de21aaf9aac0c3fac53341 / "my test key"
24 > 18:28:30,241 DEBUG org.apache.flink.runtime.blob.BlobClient                      - PUT BLOB buffer (17000 bytes) under fc6acb309b0284492136f496679e0041 / "testkey" to /127.0.0.1:48132
24 > 18:28:30,259 DEBUG org.apache.flink.runtime.blob.BlobServerConnection            - Socket connection closed
java.net.SocketException: Socket closed
	at java.net.SocketInputStream.socketRead0(Native Method)
	at java.net.SocketInputStream.read(SocketInputStream.java:152)
	at java.net.SocketInputStream.read(SocketInputStream.java:122)
	at java.net.SocketInputStream.read(SocketInputStream.java:210)
	at org.apache.flink.runtime.blob.BlobServerConnection.run(BlobServerConnection.java:101)
3 > 18:28:30,273 DEBUG org.apache.flink.runtime.blob.BlobClient                      - GET content addressable BLOB e87ba6c758855b7f2c2e1e1f0b146ff7f3b8f232 from /127.0.0.1:49528
24 > 18:28:30,280 DEBUG org.apache.flink.runtime.blob.BlobServerConnection            - Received PUT request for BLOB under fc6acb309b0284492136f496679e0041 / "testkey"
10 > 18:28:30,361 INFO  org.apache.flink.runtime.blob.BlobServer                      - Created BLOB server storage directory /tmp/blobStore-da27fb74-8842-4095-ab90-347a63a04e1a
3 > 18:28:30,400 DEBUG org.apache.flink.runtime.blob.BlobClient                      - GET content addressable BLOB 3d3b658589fc1de870015f96f2b4bddad36158b4 from /127.0.0.1:49540
10 > 18:28:30,443 INFO  org.apache.flink.runtime.blob.BlobServer                      - Started BLOB server at 0.0.0.0:51515 - max concurrent requests: 50 - max backlog: 1000
24 > 18:28:30,475 DEBUG org.apache.flink.runtime.blob.BlobClient                      - GET BLOB fc6acb309b0284492136f496679e0041 / "testkey" from /127.0.0.1:48132
Running org.apache.flink.runtime.operators.DataSourceTaskTest
10 > 18:28:30,539 DEBUG org.apache.flink.runtime.blob.BlobClient                      - PUT content addressable BLOB buffer (2000000 bytes) to /127.0.0.1:42671
10 > 18:28:30,548 DEBUG org.apache.flink.runtime.blob.BlobServerConnection            - Received PUT request for content addressable BLOB
24 > 18:28:30,577 DEBUG org.apache.flink.runtime.blob.BlobClient                      - GET BLOB fc6acb309b0284492136f496679e0041 / "testkey" from /127.0.0.1:48132
Tests run: 8, Failures: 0, Errors: 0, Skipped: 0, Time elapsed: 14.343 sec - in org.apache.flink.runtime.operators.util.RecordOutputEmitterTest
Tests run: 6, Failures: 0, Errors: 0, Skipped: 0, Time elapsed: 0.939 sec - in org.apache.flink.runtime.jobgraph.JobGraphTest
24 > 18:28:30,620 ERROR org.apache.flink.runtime.blob.BlobServerConnection            - GET operation failed
java.io.IOException: Cannot find required BLOB at /tmp/blobStore-e9d00f42-a6e3-4fc9-81b5-1c484ae0b55d/job_fc6acb309b0284492136f496679e0041/blob_dGVzdGtleQ==
	at org.apache.flink.runtime.blob.BlobServerConnection.get(BlobServerConnection.java:202)
	at org.apache.flink.runtime.blob.BlobServerConnection.run(BlobServerConnection.java:112)
24 > 18:28:30,621 DEBUG org.apache.flink.runtime.blob.BlobServerConnection            - Socket connection closed
java.net.SocketException: Socket closed
	at java.net.SocketInputStream.socketRead0(Native Method)
	at java.net.SocketInputStream.read(SocketInputStream.java:152)
	at java.net.SocketInputStream.read(SocketInputStream.java:122)
	at java.net.SocketInputStream.read(SocketInputStream.java:210)
	at org.apache.flink.runtime.blob.BlobServerConnection.run(BlobServerConnection.java:101)
Running org.apache.flink.runtime.leaderelection.StandaloneLeaderElectionTest
24 > 18:28:30,675 DEBUG org.apache.flink.runtime.blob.BlobClient                      - PUT content addressable BLOB stream to /127.0.0.1:48140
24 > 18:28:30,735 DEBUG org.apache.flink.runtime.blob.BlobServerConnection            - Received PUT request for content addressable BLOB
24 > 18:28:30,764 DEBUG org.apache.flink.runtime.blob.BlobClient                      - GET content addressable BLOB 7330500e9a462fd2f632c0105998c6559ed6b66c from /127.0.0.1:48140
Running org.apache.flink.runtime.event.task.TaskEventTest
Tests run: 3, Failures: 0, Errors: 0, Skipped: 0, Time elapsed: 0.07 sec - in org.apache.flink.runtime.event.task.TaskEventTest
10 > 18:28:30,870 ERROR org.apache.flink.runtime.blob.BlobServerConnection            - DELETE operation failed
java.io.IOException: Cannot delete BLOB file /tmp/blobStore-da27fb74-8842-4095-ab90-347a63a04e1a/cache/blob_8375c35365c646c380f4929f2e04d05ce3ddfbb9
	at org.apache.flink.runtime.blob.BlobServerConnection.delete(BlobServerConnection.java:390)
	at org.apache.flink.runtime.blob.BlobServerConnection.run(BlobServerConnection.java:115)
Tests run: 4, Failures: 0, Errors: 0, Skipped: 0, Time elapsed: 1.318 sec - in org.apache.flink.runtime.jobgraph.JobTaskVertexTest
10 > 18:28:31,028 DEBUG org.apache.flink.runtime.blob.BlobServer                      - Shutting down connection BLOB connection for /127.0.0.1:42671
Running org.apache.flink.runtime.leaderelection.ZooKeeperLeaderElectionTest
10 > 18:28:31,055 INFO  org.apache.flink.runtime.blob.BlobServer                      - Stopped BLOB server at 0.0.0.0:51515
10 > 18:28:31,055 DEBUG org.apache.flink.runtime.blob.BlobServerConnection            - Socket connection closed
java.net.SocketException: Socket closed
	at java.net.SocketInputStream.socketRead0(Native Method)
	at java.net.SocketInputStream.read(SocketInputStream.java:152)
	at java.net.SocketInputStream.read(SocketInputStream.java:122)
	at java.net.SocketInputStream.read(SocketInputStream.java:210)
	at org.apache.flink.runtime.blob.BlobServerConnection.run(BlobServerConnection.java:101)
10 > 18:28:31,070 INFO  org.apache.flink.runtime.blob.BlobServer                      - Created BLOB server storage directory /tmp/blobStore-e1e33513-f3d2-4fab-8ce6-cfb0e5e00b58
10 > 18:28:31,115 INFO  org.apache.flink.runtime.blob.BlobServer                      - Started BLOB server at 0.0.0.0:43064 - max concurrent requests: 50 - max backlog: 1000
Running org.apache.flink.runtime.leaderelection.LeaderChangeStateCleanupTest
Running org.apache.flink.runtime.leaderelection.JobManagerLeaderElectionTest
10 > 18:28:31,187 DEBUG org.apache.flink.runtime.blob.BlobClient                      - PUT BLOB buffer (2000000 bytes) under b5827696dc8f775b8d2e9306fed50f92 / "------------fdghljEgRJHF+##4U789Q345" to /127.0.0.1:46861
10 > 18:28:31,188 DEBUG org.apache.flink.runtime.blob.BlobServerConnection            - Received PUT request for BLOB under b5827696dc8f775b8d2e9306fed50f92 / "------------fdghljEgRJHF+##4U789Q345"
10 > 18:28:31,263 DEBUG org.apache.flink.runtime.blob.BlobServer                      - Shutting down connection BLOB connection for /127.0.0.1:46861
10 > 18:28:31,265 INFO  org.apache.flink.runtime.blob.BlobServer                      - Stopped BLOB server at 0.0.0.0:43064
10 > 18:28:31,267 INFO  org.apache.flink.runtime.blob.BlobServer                      - Created BLOB server storage directory /tmp/blobStore-547b159e-79db-4d9c-8008-1dbb4100913c
10 > 18:28:31,268 DEBUG org.apache.flink.runtime.blob.BlobServerConnection            - Socket connection closed
java.net.SocketException: Socket closed
	at java.net.SocketInputStream.socketRead0(Native Method)
	at java.net.SocketInputStream.read(SocketInputStream.java:152)
	at java.net.SocketInputStream.read(SocketInputStream.java:122)
	at java.net.SocketInputStream.read(SocketInputStream.java:210)
	at org.apache.flink.runtime.blob.BlobServerConnection.run(BlobServerConnection.java:101)
10 > 18:28:31,324 INFO  org.apache.flink.runtime.blob.BlobServer                      - Started BLOB server at 0.0.0.0:56642 - max concurrent requests: 50 - max backlog: 1000
10 > 18:28:31,356 DEBUG org.apache.flink.runtime.blob.BlobClient                      - PUT content addressable BLOB buffer (2000000 bytes) to /127.0.0.1:59259
10 > 18:28:31,402 DEBUG org.apache.flink.runtime.blob.BlobServerConnection            - Received PUT request for content addressable BLOB
10 > 18:28:31,505 DEBUG org.apache.flink.runtime.blob.BlobClient                      - GET content addressable BLOB 53208f0c2e658cceaf476977ba538341fcad381b from /127.0.0.1:59263
10 > 18:28:31,531 ERROR org.apache.flink.runtime.blob.BlobServerConnection            - GET operation failed
java.io.IOException: Cannot find required BLOB at /tmp/blobStore-547b159e-79db-4d9c-8008-1dbb4100913c/cache/blob_53208f0c2e658cceaf476977ba538341fcad381b
	at org.apache.flink.runtime.blob.BlobServerConnection.get(BlobServerConnection.java:202)
	at org.apache.flink.runtime.blob.BlobServerConnection.run(BlobServerConnection.java:112)
10 > 18:28:31,533 DEBUG org.apache.flink.runtime.blob.BlobServer                      - Shutting down connection BLOB connection for /127.0.0.1:59263
10 > 18:28:31,534 INFO  org.apache.flink.runtime.blob.BlobServer                      - Stopped BLOB server at 0.0.0.0:56642
10 > 18:28:31,535 INFO  org.apache.flink.runtime.blob.BlobServer                      - Created BLOB server storage directory /tmp/blobStore-7a91a188-2949-4177-9847-c1a0a833c9fb
10 > 18:28:31,539 INFO  org.apache.flink.runtime.blob.BlobServer                      - Started BLOB server at 0.0.0.0:51097 - max concurrent requests: 50 - max backlog: 1000
10 > 18:28:31,559 DEBUG org.apache.flink.runtime.blob.BlobServerConnection            - Socket connection closed
java.net.SocketException: Socket closed
	at java.net.SocketInputStream.socketRead0(Native Method)
	at java.net.SocketInputStream.read(SocketInputStream.java:152)
	at java.net.SocketInputStream.read(SocketInputStream.java:122)
	at java.net.SocketInputStream.read(SocketInputStream.java:210)
	at org.apache.flink.runtime.blob.BlobServerConnection.run(BlobServerConnection.java:101)
10 > 18:28:31,560 DEBUG org.apache.flink.runtime.blob.BlobClient                      - PUT BLOB buffer (2000000 bytes) under a8fae22c135294d4a424c9aea764105d / "random name" to /127.0.0.1:34848
Tests run: 3, Failures: 0, Errors: 0, Skipped: 0, Time elapsed: 15.351 sec - in org.apache.flink.runtime.operators.sort.LargeRecordHandlerTest
10 > 18:28:31,572 DEBUG org.apache.flink.runtime.blob.BlobServerConnection            - Received PUT request for BLOB under a8fae22c135294d4a424c9aea764105d / "random name"
10 > 18:28:31,583 DEBUG org.apache.flink.runtime.blob.BlobClient                      - PUT BLOB buffer (712 bytes) under a8fae22c135294d4a424c9aea764105d / "any nyme" to /127.0.0.1:34848
Tests run: 1, Failures: 0, Errors: 0, Skipped: 0, Time elapsed: 0.933 sec - in org.apache.flink.runtime.leaderelection.StandaloneLeaderElectionTest
10 > 18:28:31,624 DEBUG org.apache.flink.runtime.blob.BlobServerConnection            - Received PUT request for BLOB under a8fae22c135294d4a424c9aea764105d / "any nyme"
10 > 18:28:31,668 DEBUG org.apache.flink.runtime.blob.BlobClient                      - GET BLOB a8fae22c135294d4a424c9aea764105d / "random name" from /127.0.0.1:34849
10 > 18:28:31,691 ERROR org.apache.flink.runtime.blob.BlobServerConnection            - GET operation failed
java.io.IOException: Cannot find required BLOB at /tmp/blobStore-7a91a188-2949-4177-9847-c1a0a833c9fb/job_a8fae22c135294d4a424c9aea764105d/blob_cmFuZG9tIG5hbWU=
	at org.apache.flink.runtime.blob.BlobServerConnection.get(BlobServerConnection.java:202)
	at org.apache.flink.runtime.blob.BlobServerConnection.run(BlobServerConnection.java:112)
10 > 18:28:31,698 DEBUG org.apache.flink.runtime.blob.BlobClient                      - GET BLOB a8fae22c135294d4a424c9aea764105d / "any nyme" from /127.0.0.1:34851
10 > 18:28:31,698 DEBUG org.apache.flink.runtime.blob.BlobServerConnection            - Socket connection closed
java.net.SocketException: Socket closed
	at java.net.SocketInputStream.socketRead0(Native Method)
	at java.net.SocketInputStream.read(SocketInputStream.java:152)
	at java.net.SocketInputStream.read(SocketInputStream.java:122)
	at java.net.SocketInputStream.read(SocketInputStream.java:210)
	at org.apache.flink.runtime.blob.BlobServerConnection.run(BlobServerConnection.java:101)
Running org.apache.flink.runtime.leaderelection.ZooKeeperLeaderRetrievalTest
10 > 18:28:31,728 ERROR org.apache.flink.runtime.blob.BlobServerConnection            - GET operation failed
java.io.IOException: Cannot find required BLOB at /tmp/blobStore-7a91a188-2949-4177-9847-c1a0a833c9fb/job_a8fae22c135294d4a424c9aea764105d/blob_YW55IG55bWU=
	at org.apache.flink.runtime.blob.BlobServerConnection.get(BlobServerConnection.java:202)
	at org.apache.flink.runtime.blob.BlobServerConnection.run(BlobServerConnection.java:112)
10 > 18:28:31,730 DEBUG org.apache.flink.runtime.blob.BlobServer                      - Shutting down connection BLOB connection for /127.0.0.1:34851
10 > 18:28:31,741 INFO  org.apache.flink.runtime.blob.BlobServer                      - Stopped BLOB server at 0.0.0.0:51097
10 > 18:28:31,743 INFO  org.apache.flink.runtime.blob.BlobServer                      - Created BLOB server storage directory /tmp/blobStore-3eb9c94e-98f0-4f56-96d3-2c87d2cba238
10 > 18:28:31,744 INFO  org.apache.flink.runtime.blob.BlobServer                      - Started BLOB server at 0.0.0.0:41772 - max concurrent requests: 50 - max backlog: 1000
10 > 18:28:31,744 DEBUG org.apache.flink.runtime.blob.BlobServerConnection            - Socket connection closed
java.net.SocketException: Socket closed
	at java.net.SocketInputStream.socketRead0(Native Method)
	at java.net.SocketInputStream.read(SocketInputStream.java:152)
	at java.net.SocketInputStream.read(SocketInputStream.java:122)
	at java.net.SocketInputStream.read(SocketInputStream.java:210)
	at org.apache.flink.runtime.blob.BlobServerConnection.run(BlobServerConnection.java:101)
10 > 18:28:31,777 DEBUG org.apache.flink.runtime.blob.BlobClient                      - PUT content addressable BLOB buffer (2000000 bytes) to /127.0.0.1:41739
10 > 18:28:31,807 DEBUG org.apache.flink.runtime.blob.BlobServerConnection            - Received PUT request for content addressable BLOB
10 > 18:28:31,915 DEBUG org.apache.flink.runtime.blob.BlobServer                      - Shutting down connection BLOB connection for /127.0.0.1:41739
10 > 18:28:31,916 INFO  org.apache.flink.runtime.blob.BlobServer                      - Stopped BLOB server at 0.0.0.0:41772
Tests run: 5, Failures: 0, Errors: 0, Skipped: 0, Time elapsed: 2.86 sec - in org.apache.flink.runtime.blob.BlobServerDeleteTest
Tests run: 46, Failures: 0, Errors: 0, Skipped: 0, Time elapsed: 20.36 sec - in org.apache.flink.runtime.operators.JoinTaskTest
Tests run: 3, Failures: 0, Errors: 0, Skipped: 0, Time elapsed: 19.408 sec - in org.apache.flink.runtime.operators.hash.HashTableTest
Running org.apache.flink.runtime.messages.CheckpointMessagesTest
Tests run: 1, Failures: 0, Errors: 0, Skipped: 0, Time elapsed: 2.457 sec - in org.apache.flink.runtime.jobgraph.jsonplan.JsonGeneratorTest
Tests run: 2, Failures: 0, Errors: 0, Skipped: 0, Time elapsed: 0.28 sec - in org.apache.flink.runtime.messages.CheckpointMessagesTest
Running org.apache.flink.runtime.executiongraph.ExecutionStateProgressTest
Running org.apache.flink.runtime.executiongraph.ExecutionGraphDeploymentTest
Running org.apache.flink.runtime.executiongraph.TerminalStateDeadlockTest
Running org.apache.flink.runtime.messages.WebMonitorMessagesTest
Running org.apache.flink.runtime.executiongraph.ExecutionVertexSchedulingTest
Running org.apache.flink.runtime.executiongraph.VertexSlotSharingTest
Tests run: 3, Failures: 0, Errors: 0, Skipped: 0, Time elapsed: 0.838 sec - in org.apache.flink.runtime.messages.WebMonitorMessagesTest
Running org.apache.flink.runtime.executiongraph.ExecutionVertexCancelTest
Running org.apache.flink.runtime.executiongraph.ExecutionGraphRestartTest
Running org.apache.flink.runtime.executiongraph.PointwisePatternTest
3 > 18:28:35,163 DEBUG org.apache.flink.runtime.blob.BlobClient                      - GET BLOB 13970600f3de21aaf9aac0c3fac53341 / "my test key" from /127.0.0.1:49540
24 > 18:28:35,331 DEBUG org.apache.flink.runtime.blob.BlobClient                      - PUT BLOB stream under ad97af018b0e7fdeffc333f87978f0c2 / "testkey3" to /127.0.0.1:48221
24 > 18:28:35,336 DEBUG org.apache.flink.runtime.blob.BlobServerConnection            - Received PUT request for BLOB under ad97af018b0e7fdeffc333f87978f0c2 / "testkey3"
24 > 18:28:35,339 DEBUG org.apache.flink.runtime.blob.BlobClient                      - GET BLOB ad97af018b0e7fdeffc333f87978f0c2 / "testkey3" from /127.0.0.1:48221
9 > 18:28:36,840 INFO  org.apache.flink.runtime.blob.BlobServer                      - Created BLOB server storage directory /tmp/blobStore-5f8eb3f6-75c3-4219-8317-3632c2584d35
Running org.apache.flink.runtime.executiongraph.AllVerticesIteratorTest
9 > 18:28:36,863 INFO  org.apache.flink.runtime.blob.BlobServer                      - Started BLOB server at 0.0.0.0:42025 - max concurrent requests: 50 - max backlog: 1000
9 > 18:28:37,064 INFO  org.apache.flink.runtime.blob.BlobServer                      - Created BLOB server storage directory /tmp/blobStore-1a45468e-da96-4831-83a1-ff94b541a0ee
9 > 18:28:37,095 INFO  org.apache.flink.runtime.blob.BlobServer                      - Started BLOB server at 0.0.0.0:54766 - max concurrent requests: 50 - max backlog: 1000
Tests run: 1, Failures: 0, Errors: 0, Skipped: 0, Time elapsed: 7.192 sec - in org.apache.flink.runtime.filecache.FileCacheDeleteValidationTest
3 > 18:28:37,465 INFO  org.apache.flink.runtime.blob.BlobServer                      - Stopped BLOB server at 0.0.0.0:56539
3 > 18:28:37,468 INFO  org.apache.flink.runtime.blob.BlobServer                      - Created BLOB server storage directory /tmp/blobStore-07695759-cc0c-45b5-ad46-60c496fcf0a5
3 > 18:28:37,468 INFO  org.apache.flink.runtime.blob.BlobServer                      - Started BLOB server at 0.0.0.0:37903 - max concurrent requests: 50 - max backlog: 1000
3 > 18:28:37,533 DEBUG org.apache.flink.runtime.blob.BlobClient                      - PUT content addressable BLOB stream to /127.0.0.1:54798
3 > 18:28:37,535 DEBUG org.apache.flink.runtime.blob.BlobServerConnection            - Received PUT request for content addressable BLOB
3 > 18:28:37,652 DEBUG org.apache.flink.runtime.blob.BlobClient                      - PUT BLOB stream under 6915617a9a659803a6dc35b03b2435f8 / "my test key" to /127.0.0.1:54798
3 > 18:28:37,656 DEBUG org.apache.flink.runtime.blob.BlobServerConnection            - Received PUT request for BLOB under 6915617a9a659803a6dc35b03b2435f8 / "my test key"
3 > 18:28:37,726 DEBUG org.apache.flink.runtime.blob.BlobServer                      - Shutting down connection BLOB connection for /127.0.0.1:54798
3 > 18:28:37,733 INFO  org.apache.flink.runtime.blob.BlobServer                      - Stopped BLOB server at 0.0.0.0:37903
3 > 18:28:37,758 INFO  org.apache.flink.runtime.blob.BlobServer                      - Created BLOB server storage directory /tmp/blobStore-4ef56492-ffb7-4369-a4bf-bc0bff65530a
3 > 18:28:37,779 INFO  org.apache.flink.runtime.blob.BlobServer                      - Started BLOB server at 0.0.0.0:54749 - max concurrent requests: 50 - max backlog: 1000
3 > 18:28:37,891 DEBUG org.apache.flink.runtime.blob.BlobClient                      - PUT content addressable BLOB buffer (2000000 bytes) to /127.0.0.1:34652
3 > 18:28:37,893 DEBUG org.apache.flink.runtime.blob.BlobServerConnection            - Received PUT request for content addressable BLOB
3 > 18:28:38,021 ERROR org.apache.flink.runtime.blob.BlobServerConnection            - PUT operation failed
java.lang.RuntimeException: Could not create cache directory '/tmp/blobStore-4ef56492-ffb7-4369-a4bf-bc0bff65530a/cache'.
	at org.apache.flink.runtime.blob.BlobUtils.getCacheDirectory(BlobUtils.java:128)
	at org.apache.flink.runtime.blob.BlobUtils.getStorageLocation(BlobUtils.java:142)
	at org.apache.flink.runtime.blob.BlobServer.getStorageLocation(BlobServer.java:173)
	at org.apache.flink.runtime.blob.BlobServerConnection.put(BlobServerConnection.java:329)
	at org.apache.flink.runtime.blob.BlobServerConnection.run(BlobServerConnection.java:109)
Running org.apache.flink.runtime.executiongraph.TaskManagerLossFailsTasksTest
3 > 18:28:38,211 DEBUG org.apache.flink.runtime.blob.BlobServer                      - Shutting down connection BLOB connection for /127.0.0.1:34652
3 > 18:28:38,213 INFO  org.apache.flink.runtime.blob.BlobServer                      - Stopped BLOB server at 0.0.0.0:54749
3 > 18:28:38,214 INFO  org.apache.flink.runtime.blob.BlobServer                      - Created BLOB server storage directory /tmp/blobStore-d7fe78cb-63bd-499e-aa77-7d97c6b0f70f
3 > 18:28:38,215 INFO  org.apache.flink.runtime.blob.BlobServer                      - Started BLOB server at 0.0.0.0:39141 - max concurrent requests: 50 - max backlog: 1000
3 > 18:28:38,215 WARN  org.apache.flink.runtime.blob.BlobServerConnection            - Cannot delete BLOB server staging file /tmp/blobStore-4ef56492-ffb7-4369-a4bf-bc0bff65530a/incoming/temp-00000001
3 > 18:28:38,215 DEBUG org.apache.flink.runtime.blob.BlobServerConnection            - Socket connection closed
java.net.SocketException: Socket closed
	at java.net.SocketInputStream.socketRead0(Native Method)
	at java.net.SocketInputStream.read(SocketInputStream.java:152)
	at java.net.SocketInputStream.read(SocketInputStream.java:122)
	at java.net.SocketInputStream.read(SocketInputStream.java:210)
	at org.apache.flink.runtime.blob.BlobServerConnection.run(BlobServerConnection.java:101)
3 > 18:28:38,230 DEBUG org.apache.flink.runtime.blob.BlobClient                      - PUT BLOB buffer (2000000 bytes) under 3fb8e80862d063aae197e54e9cee2c8e / "my test key" to /127.0.0.1:49467
3 > 18:28:38,233 DEBUG org.apache.flink.runtime.blob.BlobServerConnection            - Received PUT request for BLOB under 3fb8e80862d063aae197e54e9cee2c8e / "my test key"
3 > 18:28:38,238 ERROR org.apache.flink.runtime.blob.BlobServerConnection            - PUT operation failed
java.lang.RuntimeException: Could not create jobId directory '/tmp/blobStore-d7fe78cb-63bd-499e-aa77-7d97c6b0f70f/job_3fb8e80862d063aae197e54e9cee2c8e'.
	at org.apache.flink.runtime.blob.BlobUtils.getJobDirectory(BlobUtils.java:169)
	at org.apache.flink.runtime.blob.BlobUtils.getStorageLocation(BlobUtils.java:155)
	at org.apache.flink.runtime.blob.BlobServer.getStorageLocation(BlobServer.java:186)
	at org.apache.flink.runtime.blob.BlobServerConnection.put(BlobServerConnection.java:319)
	at org.apache.flink.runtime.blob.BlobServerConnection.run(BlobServerConnection.java:109)
3 > 18:28:38,241 DEBUG org.apache.flink.runtime.blob.BlobServer                      - Shutting down connection BLOB connection for /127.0.0.1:49467
3 > 18:28:38,243 INFO  org.apache.flink.runtime.blob.BlobServer                      - Stopped BLOB server at 0.0.0.0:39141
3 > 18:28:38,244 INFO  org.apache.flink.runtime.blob.BlobServer                      - Created BLOB server storage directory /tmp/blobStore-8975c889-9007-4c30-916a-982de6ae6e6f
3 > 18:28:38,251 INFO  org.apache.flink.runtime.blob.BlobServer                      - Started BLOB server at 0.0.0.0:48400 - max concurrent requests: 50 - max backlog: 1000
Tests run: 8, Failures: 0, Errors: 0, Skipped: 0, Time elapsed: 22.751 sec - in org.apache.flink.runtime.operators.sort.FixedLengthRecordSorterTest
3 > 18:28:38,259 WARN  org.apache.flink.runtime.blob.BlobServerConnection            - Cannot delete BLOB server staging file /tmp/blobStore-d7fe78cb-63bd-499e-aa77-7d97c6b0f70f/incoming/temp-00000001
3 > 18:28:38,295 DEBUG org.apache.flink.runtime.blob.BlobServerConnection            - Socket connection closed
java.net.SocketException: Socket closed
	at java.net.SocketInputStream.socketRead0(Native Method)
	at java.net.SocketInputStream.read(SocketInputStream.java:152)
	at java.net.SocketInputStream.read(SocketInputStream.java:122)
	at java.net.SocketInputStream.read(SocketInputStream.java:210)
	at org.apache.flink.runtime.blob.BlobServerConnection.run(BlobServerConnection.java:101)
3 > 18:28:38,306 DEBUG org.apache.flink.runtime.blob.BlobClient                      - PUT content addressable BLOB stream to /127.0.0.1:37578
3 > 18:28:38,310 DEBUG org.apache.flink.runtime.blob.BlobServerConnection            - Received PUT request for content addressable BLOB
3 > 18:28:38,534 DEBUG org.apache.flink.runtime.blob.BlobClient                      - PUT BLOB stream under 2fb5770d52e3944ce1194489e1613fb6 / "my test key" to /127.0.0.1:37578
3 > 18:28:38,537 DEBUG org.apache.flink.runtime.blob.BlobServerConnection            - Received PUT request for BLOB under 2fb5770d52e3944ce1194489e1613fb6 / "my test key"
3 > 18:28:38,557 DEBUG org.apache.flink.runtime.blob.BlobServer                      - Shutting down connection BLOB connection for /127.0.0.1:37578
3 > 18:28:38,560 INFO  org.apache.flink.runtime.blob.BlobServer                      - Stopped BLOB server at 0.0.0.0:48400
Tests run: 5, Failures: 0, Errors: 0, Skipped: 0, Time elapsed: 10.388 sec - in org.apache.flink.runtime.blob.BlobServerPutTest
24 > 18:28:38,960 INFO  org.apache.flink.runtime.blob.BlobServer                      - Stopped BLOB server at 0.0.0.0:46355
Tests run: 4, Failures: 0, Errors: 0, Skipped: 0, Time elapsed: 10.582 sec - in org.apache.flink.runtime.blob.BlobClientTest
Tests run: 1, Failures: 0, Errors: 0, Skipped: 0, Time elapsed: 4.953 sec - in org.apache.flink.runtime.executiongraph.VertexSlotSharingTest
Tests run: 7, Failures: 0, Errors: 0, Skipped: 0, Time elapsed: 5.065 sec - in org.apache.flink.runtime.executiongraph.PointwisePatternTest
Running org.apache.flink.runtime.executiongraph.ExecutionGraphConstructionTest
9 > 18:28:40,169 INFO  org.apache.flink.runtime.blob.BlobCache                       - Created BLOB cache storage directory /tmp/blobStore-dd925f11-ceff-45ac-a208-9f068984aa16
9 > 18:28:40,211 INFO  org.apache.flink.runtime.blob.BlobCache                       - Created BLOB cache storage directory /tmp/blobStore-21804032-9138-4e8d-b343-473b610de199
Tests run: 1, Failures: 0, Errors: 0, Skipped: 0, Time elapsed: 7.358 sec - in org.apache.flink.runtime.executiongraph.ExecutionStateProgressTest
Running org.apache.flink.runtime.executiongraph.VertexLocationConstraintTest
Tests run: 11, Failures: 0, Errors: 0, Skipped: 0, Time elapsed: 6.054 sec - in org.apache.flink.runtime.executiongraph.ExecutionVertexCancelTest
Running org.apache.flink.runtime.executiongraph.ExecutionVertexDeploymentTest
Running org.apache.flink.runtime.executiongraph.LocalInputSplitsTest
Tests run: 3, Failures: 0, Errors: 0, Skipped: 0, Time elapsed: 29.532 sec - in org.apache.flink.runtime.operators.hash.CompactingHashTableTest
Tests run: 3, Failures: 0, Errors: 0, Skipped: 0, Time elapsed: 6.99 sec - in org.apache.flink.runtime.executiongraph.ExecutionVertexSchedulingTest
Running org.apache.flink.runtime.jobmanager.SlotCountExceedingParallelismTest
Tests run: 1, Failures: 0, Errors: 0, Skipped: 0, Time elapsed: 3.763 sec - in org.apache.flink.runtime.executiongraph.TaskManagerLossFailsTasksTest
Running org.apache.flink.runtime.jobmanager.JobManagerStartupTest
Running org.apache.flink.runtime.jobmanager.JobManagerProcessReapingTest
Tests run: 4, Failures: 2, Errors: 0, Skipped: 0, Time elapsed: 8.565 sec <<< FAILURE! - in org.apache.flink.runtime.executiongraph.ExecutionGraphRestartTest
testCancelWhileFailing(org.apache.flink.runtime.executiongraph.ExecutionGraphRestartTest)  Time elapsed: 7.67 sec  <<< FAILURE!
java.lang.AssertionError: expected:<CANCELLING> but was:<FAILING>
	at org.junit.Assert.fail(Assert.java:88)
	at org.junit.Assert.failNotEquals(Assert.java:743)
	at org.junit.Assert.assertEquals(Assert.java:118)
	at org.junit.Assert.assertEquals(Assert.java:144)
	at org.apache.flink.runtime.executiongraph.ExecutionGraphRestartTest.testCancelWhileFailing(ExecutionGraphRestartTest.java:293)

testCancelWhileRestarting(org.apache.flink.runtime.executiongraph.ExecutionGraphRestartTest)  Time elapsed: 0.191 sec  <<< FAILURE!
java.lang.AssertionError: expected:<CANCELED> but was:<RESTARTING>
	at org.junit.Assert.fail(Assert.java:88)
	at org.junit.Assert.failNotEquals(Assert.java:743)
	at org.junit.Assert.assertEquals(Assert.java:118)
	at org.junit.Assert.assertEquals(Assert.java:144)
	at org.apache.flink.runtime.executiongraph.ExecutionGraphRestartTest.testCancelWhileRestarting(ExecutionGraphRestartTest.java:217)

Running org.apache.flink.runtime.jobmanager.JobManagerConnectionTest
Running org.apache.flink.runtime.jobmanager.JobManagerTest
Tests run: 2, Failures: 0, Errors: 0, Skipped: 0, Time elapsed: 23.868 sec - in org.apache.flink.runtime.operators.chaining.ChainTaskTest
Running org.apache.flink.runtime.jobmanager.scheduler.SchedulerSlotSharingTest
Tests run: 1, Failures: 0, Errors: 0, Skipped: 0, Time elapsed: 7.485 sec - in org.apache.flink.runtime.executiongraph.AllVerticesIteratorTest
11 > 18:28:45,065 INFO  org.apache.flink.runtime.blob.BlobServer                      - Created BLOB server storage directory /tmp/blobStore-436c3145-508e-4d50-bf9a-c7dcfa90fd01
Tests run: 8, Failures: 0, Errors: 0, Skipped: 0, Time elapsed: 5.009 sec - in org.apache.flink.runtime.executiongraph.ExecutionGraphConstructionTest
11 > 18:28:45,223 INFO  org.apache.flink.runtime.blob.FileSystemBlobStore             - Created blob directory /tmp/junit1545609698696536280/recovery/blob.
11 > 18:28:45,224 INFO  org.apache.flink.runtime.blob.BlobServer                      - Started BLOB server at 0.0.0.0:33536 - max concurrent requests: 50 - max backlog: 1000
Tests run: 6, Failures: 0, Errors: 0, Skipped: 0, Time elapsed: 5.171 sec - in org.apache.flink.runtime.executiongraph.VertexLocationConstraintTest
[ERROR] [07/14/2016 18:28:45.721] [TestingActorSystem-akka.actor.default-dispatcher-3] [akka://TestingActorSystem/user/$a] Kill (akka.actor.ActorKilledException)
Tests run: 1, Failures: 0, Errors: 0, Skipped: 0, Time elapsed: 12.402 sec - in org.apache.flink.runtime.executiongraph.TerminalStateDeadlockTest
Running org.apache.flink.runtime.jobmanager.scheduler.ScheduleOrUpdateConsumersTest
11 > 18:28:45,776 INFO  org.apache.flink.runtime.blob.BlobServer                      - Created BLOB server storage directory /tmp/blobStore-5fd0202f-18a0-4944-b93c-5520c0abcc62
11 > 18:28:45,777 INFO  org.apache.flink.runtime.blob.FileSystemBlobStore             - Created blob directory /tmp/junit6556351784592295192/recovery/blob.
11 > 18:28:45,779 INFO  org.apache.flink.runtime.blob.BlobServer                      - Started BLOB server at 0.0.0.0:39078 - max concurrent requests: 50 - max backlog: 1000
Running org.apache.flink.runtime.jobmanager.scheduler.SlotAllocationFutureTest
11 > 18:28:45,911 DEBUG org.apache.flink.runtime.blob.FileSystemBlobStore             - Cleaning up /tmp/junit1545609698696536280/recovery/blob.
11 > 18:28:45,912 INFO  org.apache.flink.runtime.blob.BlobServer                      - Stopped BLOB server at 0.0.0.0:33536
Running org.apache.flink.runtime.jobmanager.scheduler.SetQueueTest
Tests run: 7, Failures: 0, Errors: 0, Skipped: 0, Time elapsed: 5.303 sec - in org.apache.flink.runtime.executiongraph.ExecutionVertexDeploymentTest
[INFO] [07/14/2016 18:28:45.922] [TestingActorSystem-akka.actor.default-dispatcher-3] [akka://TestingActorSystem/user/$a] Message [org.apache.flink.runtime.messages.JobManagerMessages$LeaderSessionMessage] from Actor[akka://TestingActorSystem/deadLetters] to Actor[akka://TestingActorSystem/user/$a#968661768] was not delivered. [1] dead letters encountered. This logging can be turned off or adjusted with configuration settings 'akka.log-dead-letters' and 'akka.log-dead-letters-during-shutdown'.
Tests run: 2, Failures: 0, Errors: 0, Skipped: 0, Time elapsed: 0.055 sec - in org.apache.flink.runtime.jobmanager.scheduler.SetQueueTest
Tests run: 3, Failures: 0, Errors: 0, Skipped: 0, Time elapsed: 0.684 sec - in org.apache.flink.runtime.jobmanager.scheduler.SlotAllocationFutureTest
Tests run: 7, Failures: 0, Errors: 0, Skipped: 0, Time elapsed: 5.887 sec - in org.apache.flink.runtime.executiongraph.LocalInputSplitsTest
11 > 18:28:47,032 INFO  org.apache.flink.runtime.blob.BlobServer                      - Created BLOB server storage directory /tmp/blobStore-2aa14055-59b0-436b-8876-a15f4f5517e5
11 > 18:28:47,032 INFO  org.apache.flink.runtime.blob.FileSystemBlobStore             - Created blob directory /tmp/junit6556351784592295192/recovery/blob.
Running org.apache.flink.runtime.jobmanager.scheduler.LifoSetQueueTest
11 > 18:28:47,081 INFO  org.apache.flink.runtime.blob.BlobServer                      - Started BLOB server at 0.0.0.0:52617 - max concurrent requests: 50 - max backlog: 1000
Tests run: 2, Failures: 0, Errors: 0, Skipped: 0, Time elapsed: 0.095 sec - in org.apache.flink.runtime.jobmanager.scheduler.LifoSetQueueTest
11 > 18:28:47,180 DEBUG org.apache.flink.runtime.blob.FileSystemBlobStore             - Cleaning up /tmp/junit6556351784592295192/recovery/blob.
11 > 18:28:47,180 INFO  org.apache.flink.runtime.blob.BlobServer                      - Stopped BLOB server at 0.0.0.0:39078
11 > 18:28:47,209 DEBUG org.apache.flink.runtime.blob.FileSystemBlobStore             - Cleaning up /tmp/junit6556351784592295192/recovery/blob.
11 > 18:28:47,209 INFO  org.apache.flink.runtime.blob.BlobServer                      - Stopped BLOB server at 0.0.0.0:52617
Tests run: 2, Failures: 0, Errors: 0, Skipped: 0, Time elapsed: 16.112 sec - in org.apache.flink.runtime.leaderelection.JobManagerLeaderElectionTest
Running org.apache.flink.runtime.jobmanager.scheduler.ScheduleWithCoLocationHintTest
Running org.apache.flink.runtime.jobmanager.scheduler.SchedulerIsolatedTasksTest
Running org.apache.flink.runtime.jobmanager.scheduler.CoLocationConstraintTest
24 > 18:28:48,169 INFO  org.apache.flink.runtime.blob.BlobServer                      - Created BLOB server storage directory /tmp/blobStore-85591b0b-bb83-4ee5-9adc-90c94af20f26
24 > 18:28:48,187 INFO  org.apache.flink.runtime.blob.BlobServer                      - Started BLOB server at 0.0.0.0:55419 - max concurrent requests: 50 - max backlog: 1000
Running org.apache.flink.runtime.taskmanager.TaskExecutionStateTest
Running org.apache.flink.runtime.jobmanager.StandaloneSubmittedJobGraphStoreTest
Running org.apache.flink.runtime.jobmanager.JobManagerRegistrationTest
Tests run: 2, Failures: 0, Errors: 0, Skipped: 0, Time elapsed: 0.801 sec - in org.apache.flink.runtime.jobmanager.scheduler.CoLocationConstraintTest
Tests run: 3, Failures: 0, Errors: 0, Skipped: 0, Time elapsed: 0.811 sec - in org.apache.flink.runtime.taskmanager.TaskExecutionStateTest
Running org.apache.flink.runtime.taskmanager.TaskManagerTest
16 > 18:28:49,448 INFO  org.apache.flink.runtime.blob.BlobServer                      - Created BLOB server storage directory /tmp/blobStore-4f76d31a-1f1c-49fe-80e7-090adb0e5d51
16 > 18:28:49,517 INFO  org.apache.flink.runtime.blob.BlobServer                      - Started BLOB server at 0.0.0.0:38713 - max concurrent requests: 50 - max backlog: 1000
Running org.apache.flink.runtime.jobmanager.JobSubmitTest
16 > 18:28:49,789 INFO  org.apache.flink.runtime.blob.BlobServer                      - Created BLOB server storage directory /tmp/blobStore-b8cbfe55-7907-40f5-a75c-63aaaee19381
16 > 18:28:49,793 INFO  org.apache.flink.runtime.blob.BlobServer                      - Started BLOB server at 0.0.0.0:39214 - max concurrent requests: 50 - max backlog: 1000
Running org.apache.flink.runtime.taskmanager.TaskAsyncCallTest
Tests run: 1, Failures: 0, Errors: 0, Skipped: 0, Time elapsed: 1.351 sec - in org.apache.flink.runtime.jobmanager.StandaloneSubmittedJobGraphStoreTest
Running org.apache.flink.runtime.taskmanager.TaskInputSplitProviderTest
16 > 18:28:50,256 INFO  org.apache.flink.runtime.blob.BlobServer                      - Stopped BLOB server at 0.0.0.0:39214
16 > 18:28:50,255 INFO  org.apache.flink.runtime.blob.BlobServer                      - Stopped BLOB server at 0.0.0.0:38713
Tests run: 2, Failures: 0, Errors: 0, Skipped: 0, Time elapsed: 1.789 sec - in org.apache.flink.runtime.jobmanager.JobManagerRegistrationTest
20 > 18:28:50,615 INFO  org.apache.flink.runtime.blob.BlobServer                      - Created BLOB server storage directory /tmp/blobStore-d2cae99f-6176-4217-998a-a44d8e02bf04
20 > 18:28:50,632 INFO  org.apache.flink.runtime.blob.BlobServer                      - Started BLOB server at 0.0.0.0:34585 - max concurrent requests: 50 - max backlog: 1000
Tests run: 12, Failures: 0, Errors: 0, Skipped: 0, Time elapsed: 7.262 sec - in org.apache.flink.runtime.jobmanager.scheduler.SchedulerSlotSharingTest
Running org.apache.flink.runtime.taskmanager.TaskManagerRegistrationTest
Running org.apache.flink.runtime.taskmanager.TaskManagerStartupTest
Tests run: 2, Failures: 0, Errors: 0, Skipped: 0, Time elapsed: 20.474 sec - in org.apache.flink.runtime.leaderelection.ZooKeeperLeaderRetrievalTest
Tests run: 2, Failures: 0, Errors: 0, Skipped: 0, Time elapsed: 9.829 sec - in org.apache.flink.runtime.jobmanager.JobManagerStartupTest
Tests run: 9, Failures: 0, Errors: 0, Skipped: 0, Time elapsed: 5.26 sec - in org.apache.flink.runtime.jobmanager.scheduler.ScheduleWithCoLocationHintTest
20 > 18:28:52,559 INFO  org.apache.flink.runtime.blob.BlobCache                       - Created BLOB cache storage directory /tmp/blobStore-380790c2-f756-41aa-90fc-b3d0d3565be4
24 > 18:28:52,838 INFO  org.apache.flink.runtime.blob.BlobCache                       - Created BLOB cache storage directory /tmp/blobStore-7b60c843-2de1-40d7-a6a3-f6bb11a5c1bf
Tests run: 2, Failures: 0, Errors: 0, Skipped: 0, Time elapsed: 9.468 sec - in org.apache.flink.runtime.jobmanager.JobManagerConnectionTest
24 > 18:28:52,875 INFO  org.apache.flink.runtime.blob.BlobCache                       - Created BLOB cache storage directory /tmp/blobStore-42ee3647-da6e-48a8-ad79-67f697ded80b
Tests run: 2, Failures: 0, Errors: 0, Skipped: 0, Time elapsed: 3.042 sec - in org.apache.flink.runtime.taskmanager.TaskAsyncCallTest
9 > 18:28:53,039 INFO  org.apache.flink.runtime.blob.BlobServer                      - Stopped BLOB server at 0.0.0.0:42025
9 > 18:28:53,025 INFO  org.apache.flink.runtime.blob.BlobServer                      - Stopped BLOB server at 0.0.0.0:54766
Running org.apache.flink.runtime.taskmanager.TaskCancelTest
9 > 18:28:53,244 INFO  org.apache.flink.runtime.blob.BlobServer                      - Created BLOB server storage directory /tmp/blobStore-257c2871-51bf-4ead-9023-7e1504dcf81a
9 > 18:28:53,246 INFO  org.apache.flink.runtime.blob.BlobServer                      - Started BLOB server at 0.0.0.0:46562 - max concurrent requests: 50 - max backlog: 1000
9 > 18:28:53,248 INFO  org.apache.flink.runtime.blob.BlobServer                      - Created BLOB server storage directory /tmp/blobStore-ba27c436-8fd9-4366-92a3-8cba52758d70
9 > 18:28:53,264 INFO  org.apache.flink.runtime.blob.BlobServer                      - Started BLOB server at 0.0.0.0:47748 - max concurrent requests: 50 - max backlog: 1000
20 > 18:28:53,273 INFO  org.apache.flink.runtime.blob.BlobServer                      - Stopped BLOB server at 0.0.0.0:34585
Tests run: 1, Failures: 0, Errors: 0, Skipped: 0, Time elapsed: 3.229 sec - in org.apache.flink.runtime.taskmanager.TaskInputSplitProviderTest
Tests run: 2, Failures: 0, Errors: 0, Skipped: 0, Time elapsed: 10.018 sec - in org.apache.flink.runtime.jobmanager.JobManagerTest
Running org.apache.flink.runtime.taskmanager.TaskManagerComponentsStartupShutdownTest
Tests run: 6, Failures: 0, Errors: 0, Skipped: 0, Time elapsed: 20.358 sec - in org.apache.flink.runtime.executiongraph.ExecutionGraphDeploymentTest
9 > 18:28:53,871 INFO  org.apache.flink.runtime.blob.BlobCache                       - Created BLOB cache storage directory /tmp/blobStore-274fc3cb-53e6-4839-bc56-1aa4b2b05e48
9 > 18:28:53,937 INFO  org.apache.flink.runtime.blob.BlobCache                       - Created BLOB cache storage directory /tmp/blobStore-f858ca46-eb1f-4da9-bdc3-60e4e93661b3
Running org.apache.flink.runtime.taskmanager.TaskManagerProcessReapingTest
Running org.apache.flink.runtime.taskmanager.TaskManagerConfigurationTest
Running org.apache.flink.runtime.taskmanager.TaskTest
12 > 18:28:54,628 INFO  org.apache.flink.runtime.blob.BlobServer                      - Created BLOB server storage directory /tmp/blobStore-d749bb03-7d9a-4221-8e9a-ebbbc98f3221
12 > 18:28:54,661 INFO  org.apache.flink.runtime.blob.BlobServer                      - Started BLOB server at 0.0.0.0:47996 - max concurrent requests: 50 - max backlog: 1000
Running org.apache.flink.runtime.akka.FlinkUntypedActorTest
Tests run: 1, Failures: 0, Errors: 0, Skipped: 0, Time elapsed: 11.866 sec - in org.apache.flink.runtime.jobmanager.JobManagerProcessReapingTest
9 > 18:28:56,036 INFO  org.apache.flink.runtime.blob.BlobServer                      - Stopped BLOB server at 0.0.0.0:47748
9 > 18:28:56,037 INFO  org.apache.flink.runtime.blob.BlobServer                      - Stopped BLOB server at 0.0.0.0:46562
Running org.apache.flink.runtime.client.JobClientActorTest
9 > 18:28:56,501 INFO  org.apache.flink.runtime.blob.BlobServer                      - Created BLOB server storage directory /tmp/blobStore-9b9725ea-b142-4778-ab64-c4b20bc24312
9 > 18:28:56,503 INFO  org.apache.flink.runtime.blob.BlobServer                      - Started BLOB server at 0.0.0.0:39349 - max concurrent requests: 50 - max backlog: 1000
9 > 18:28:56,508 INFO  org.apache.flink.runtime.blob.BlobServer                      - Created BLOB server storage directory /tmp/blobStore-9b40acf4-c699-42e2-87e6-b0f1ca70362f
9 > 18:28:56,517 INFO  org.apache.flink.runtime.blob.BlobServer                      - Started BLOB server at 0.0.0.0:46844 - max concurrent requests: 50 - max backlog: 1000
24 > 18:28:56,627 INFO  org.apache.flink.runtime.blob.BlobServer                      - Stopped BLOB server at 0.0.0.0:55419
Running org.apache.flink.runtime.client.SerializedJobExecutionResultTest
Tests run: 3, Failures: 0, Errors: 0, Skipped: 0, Time elapsed: 2.588 sec - in org.apache.flink.runtime.taskmanager.TaskManagerConfigurationTest
Tests run: 2, Failures: 0, Errors: 0, Skipped: 0, Time elapsed: 0.434 sec - in org.apache.flink.runtime.client.SerializedJobExecutionResultTest
9 > 18:28:57,481 INFO  org.apache.flink.runtime.blob.BlobCache                       - Created BLOB cache storage directory /tmp/blobStore-88aa9a02-f264-4d90-9297-72d6f205cab5
9 > 18:28:57,626 INFO  org.apache.flink.runtime.blob.BlobCache                       - Created BLOB cache storage directory /tmp/blobStore-0da7a537-6cc8-4cd3-b100-cdd5b88aa4db
21 > 18:28:57,643 INFO  org.apache.flink.runtime.blob.BlobCache                       - Created BLOB cache storage directory /tmp/blobStore-fa7064f4-b9ed-43df-b4c1-32ed1e926bd8
Running org.apache.flink.runtime.deployment.TaskDeploymentDescriptorTest
21 > 18:28:57,868 INFO  org.apache.flink.runtime.blob.BlobCache                       - Created BLOB cache storage directory /tmp/blobStore-6b4b6f34-550f-42d4-a1a7-065161a072cf
Tests run: 1, Failures: 0, Errors: 0, Skipped: 0, Time elapsed: 16.193 sec - in org.apache.flink.runtime.jobmanager.SlotCountExceedingParallelismTest
10 > 18:28:58,182 INFO  org.apache.flink.runtime.blob.BlobServer                      - Created BLOB server storage directory /tmp/blobStore-0dc75b10-103e-4681-9ced-6762be260311
10 > 18:28:58,207 INFO  org.apache.flink.runtime.blob.BlobServer                      - Started BLOB server at 0.0.0.0:52504 - max concurrent requests: 50 - max backlog: 1000
12 > 18:28:58,613 INFO  org.apache.flink.runtime.blob.BlobCache                       - Created BLOB cache storage directory /tmp/blobStore-a018fe80-b624-4b9c-8d60-8dc3dea5638e
12 > 18:28:58,650 INFO  org.apache.flink.runtime.blob.BlobCache                       - Created BLOB cache storage directory /tmp/blobStore-cac702fe-338a-4ee8-87d0-1ccca717a009
23 > 18:28:58,651 INFO  org.apache.flink.runtime.blob.BlobCache                       - Created BLOB cache storage directory /tmp/blobStore-d73b0560-2953-46fc-983b-6cd22c2eb030
10 > 18:28:58,719 DEBUG org.apache.flink.runtime.blob.BlobClient                      - PUT content addressable BLOB buffer (10 bytes) to /127.0.0.1:46472
10 > 18:28:58,892 DEBUG org.apache.flink.runtime.blob.BlobServerConnection            - Received PUT request for content addressable BLOB
10 > 18:28:58,920 DEBUG org.apache.flink.runtime.blob.BlobClient                      - PUT content addressable BLOB buffer (10 bytes) to /127.0.0.1:46472
21 > 18:28:58,922 INFO  org.apache.flink.runtime.blob.BlobServer                      - Created BLOB server storage directory /tmp/blobStore-623e6585-a37a-4996-989a-7d6828680f33
Running org.apache.flink.runtime.util.MathUtilTest
21 > 18:28:58,939 INFO  org.apache.flink.runtime.blob.BlobServer                      - Started BLOB server at 0.0.0.0:44802 - max concurrent requests: 50 - max backlog: 1000
Tests run: 1, Failures: 0, Errors: 0, Skipped: 0, Time elapsed: 1.217 sec - in org.apache.flink.runtime.deployment.TaskDeploymentDescriptorTest
10 > 18:28:58,959 DEBUG org.apache.flink.runtime.blob.BlobServerConnection            - Received PUT request for content addressable BLOB
Tests run: 3, Failures: 0, Errors: 0, Skipped: 0, Time elapsed: 0.078 sec - in org.apache.flink.runtime.util.MathUtilTest
Running org.apache.flink.runtime.akka.AkkaUtilsTest
Tests run: 2, Failures: 0, Errors: 0, Skipped: 0, Time elapsed: 9.848 sec - in org.apache.flink.runtime.jobmanager.JobSubmitTest
9 > 18:28:59,657 INFO  org.apache.flink.runtime.blob.BlobServer                      - Stopped BLOB server at 0.0.0.0:39349
9 > 18:28:59,657 INFO  org.apache.flink.runtime.blob.BlobServer                      - Stopped BLOB server at 0.0.0.0:46844
10 > 18:28:59,616 INFO  org.apache.flink.runtime.blob.BlobServer                      - Stopped BLOB server at 0.0.0.0:52504
18 > 18:28:59,848 INFO  org.apache.flink.runtime.blob.BlobServer                      - Created BLOB server storage directory /tmp/blobStore-344c3f3c-f88f-4e4c-9b9a-afb90f9445e5
Tests run: 5, Failures: 0, Errors: 0, Skipped: 0, Time elapsed: 11.94 sec - in org.apache.flink.runtime.jobmanager.scheduler.SchedulerIsolatedTasksTest
18 > 18:28:59,891 INFO  org.apache.flink.runtime.blob.BlobServer                      - Started BLOB server at 0.0.0.0:55867 - max concurrent requests: 50 - max backlog: 1000
9 > 18:28:59,967 INFO  org.apache.flink.runtime.blob.BlobServer                      - Created BLOB server storage directory /tmp/blobStore-0ed41ff2-bf31-4e33-a915-c6e49bda7aa8
9 > 18:28:59,976 INFO  org.apache.flink.runtime.blob.BlobServer                      - Started BLOB server at 0.0.0.0:34888 - max concurrent requests: 50 - max backlog: 1000
9 > 18:28:59,980 INFO  org.apache.flink.runtime.blob.BlobServer                      - Created BLOB server storage directory /tmp/blobStore-139366b6-864d-4d5e-baa2-764576ad5e4c
9 > 18:28:59,994 INFO  org.apache.flink.runtime.blob.BlobServer                      - Started BLOB server at 0.0.0.0:47336 - max concurrent requests: 50 - max backlog: 1000
Running org.apache.flink.runtime.util.ReusingKeyGroupedIteratorTest
23 > 18:29:00,074 INFO  org.apache.flink.runtime.blob.BlobCache                       - Created BLOB cache storage directory /tmp/blobStore-898f78ab-4fda-4f68-b37c-2a3a7f5b307b
Running org.apache.flink.runtime.execution.librarycache.BlobLibraryCacheManagerTest
Tests run: 4, Failures: 0, Errors: 0, Skipped: 0, Time elapsed: 0.302 sec - in org.apache.flink.runtime.util.ReusingKeyGroupedIteratorTest
16 > 18:29:00,440 INFO  org.apache.flink.runtime.blob.BlobServer                      - Created BLOB server storage directory /tmp/blobStore-616ca999-2cd2-4ea1-895b-c2118ed5e87e
16 > 18:29:00,459 INFO  org.apache.flink.runtime.blob.BlobServer                      - Started BLOB server at 0.0.0.0:47734 - max concurrent requests: 50 - max backlog: 1000
9 > 18:29:00,467 INFO  org.apache.flink.runtime.blob.BlobCache                       - Created BLOB cache storage directory /tmp/blobStore-35e4b26a-678f-4d2e-8660-0c87c19e5241
9 > 18:29:00,499 INFO  org.apache.flink.runtime.blob.BlobCache                       - Created BLOB cache storage directory /tmp/blobStore-b944e0f9-a394-4722-9b52-b03fd6b72aee
23 > 18:29:00,625 INFO  org.apache.flink.runtime.blob.BlobCache                       - Created BLOB cache storage directory /tmp/blobStore-10e099c3-cb0d-4a26-bf16-0401a779aca8
Tests run: 2, Failures: 0, Errors: 0, Skipped: 0, Time elapsed: 6.039 sec - in org.apache.flink.runtime.akka.FlinkUntypedActorTest
Tests run: 19, Failures: 0, Errors: 0, Skipped: 0, Time elapsed: 6.406 sec - in org.apache.flink.runtime.taskmanager.TaskTest
23 > 18:29:01,043 INFO  org.apache.flink.runtime.blob.BlobCache                       - Created BLOB cache storage directory /tmp/blobStore-4d89c76c-df0d-4344-bee7-3f9a338c6530
Running org.apache.flink.runtime.util.AtomicDisposableReferenceCounterTest
Running org.apache.flink.runtime.util.LRUCacheMapTest
Tests run: 5, Failures: 0, Errors: 0, Skipped: 0, Time elapsed: 0.078 sec - in org.apache.flink.runtime.util.LRUCacheMapTest
Tests run: 3, Failures: 0, Errors: 0, Skipped: 0, Time elapsed: 0.149 sec - in org.apache.flink.runtime.util.AtomicDisposableReferenceCounterTest
21 > 18:29:01,556 INFO  org.apache.flink.runtime.blob.BlobServer                      - Stopped BLOB server at 0.0.0.0:44802
12 > 18:29:01,519 INFO  org.apache.flink.runtime.blob.BlobServer                      - Stopped BLOB server at 0.0.0.0:47996
22 > 18:29:01,722 INFO  org.apache.flink.runtime.blob.BlobServer                      - Created BLOB server storage directory /tmp/blobStore-da8bb250-8233-4c46-bcce-844630d6b02e
22 > 18:29:01,823 INFO  org.apache.flink.runtime.blob.BlobServer                      - Started BLOB server at 0.0.0.0:46589 - max concurrent requests: 50 - max backlog: 1000
22 > 18:29:01,825 INFO  org.apache.flink.runtime.blob.BlobCache                       - Created BLOB cache storage directory /tmp/blobStore-bbd7e4a4-a6bc-491c-8555-025d3664ee5c
22 > 18:29:01,837 DEBUG org.apache.flink.runtime.blob.BlobClient                      - PUT content addressable BLOB buffer (8 bytes) to /127.0.0.1:60160
22 > 18:29:01,883 DEBUG org.apache.flink.runtime.blob.BlobServerConnection            - Received PUT request for content addressable BLOB
22 > 18:29:01,925 DEBUG org.apache.flink.runtime.blob.BlobClient                      - PUT content addressable BLOB buffer (8 bytes) to /127.0.0.1:60160
22 > 18:29:01,926 DEBUG org.apache.flink.runtime.blob.BlobServerConnection            - Received PUT request for content addressable BLOB
22 > 18:29:01,974 INFO  org.apache.flink.runtime.blob.BlobCache                       - Downloading dd5783bcf1e9002bc00ad5b83a95ed6e4ebb4ad5 from localhost/127.0.0.1:46589
22 > 18:29:01,979 DEBUG org.apache.flink.runtime.blob.BlobClient                      - GET content addressable BLOB dd5783bcf1e9002bc00ad5b83a95ed6e4ebb4ad5 from /127.0.0.1:60162
22 > 18:29:02,006 INFO  org.apache.flink.runtime.blob.BlobCache                       - Downloading e52e6f94e5afa6502299cf982d31105111e1d9a4 from localhost/127.0.0.1:46589
22 > 18:29:02,007 DEBUG org.apache.flink.runtime.blob.BlobClient                      - GET content addressable BLOB e52e6f94e5afa6502299cf982d31105111e1d9a4 from /127.0.0.1:60164
22 > 18:29:02,109 DEBUG org.apache.flink.runtime.blob.BlobCache                       - Failed to fetch BLOB e52e6f94e5afa6502299cf982d31105111e1d9a4 from localhost/127.0.0.1:46589 and store it under /tmp/blobStore-bbd7e4a4-a6bc-491c-8555-025d3664ee5c/cache/blob_e52e6f94e5afa6502299cf982d31105111e1d9a4 Retrying...
java.io.FileNotFoundException: /tmp/blobStore-bbd7e4a4-a6bc-491c-8555-025d3664ee5c/cache/blob_e52e6f94e5afa6502299cf982d31105111e1d9a4 (Permission denied)
	at java.io.FileOutputStream.open(Native Method)
	at java.io.FileOutputStream.<init>(FileOutputStream.java:221)
	at java.io.FileOutputStream.<init>(FileOutputStream.java:171)
	at org.apache.flink.runtime.blob.BlobCache.getURL(BlobCache.java:126)
	at org.apache.flink.runtime.execution.librarycache.BlobLibraryCacheManager.registerReferenceToBlobKeyAndGetURL(BlobLibraryCacheManager.java:245)
	at org.apache.flink.runtime.execution.librarycache.BlobLibraryCacheManager.registerTask(BlobLibraryCacheManager.java:114)
	at org.apache.flink.runtime.execution.librarycache.BlobLibraryCacheManagerTest.testRegisterAndDownload(BlobLibraryCacheManagerTest.java:209)
	at sun.reflect.NativeMethodAccessorImpl.invoke0(Native Method)
	at sun.reflect.NativeMethodAccessorImpl.invoke(NativeMethodAccessorImpl.java:57)
	at sun.reflect.DelegatingMethodAccessorImpl.invoke(DelegatingMethodAccessorImpl.java:43)
	at java.lang.reflect.Method.invoke(Method.java:606)
	at org.junit.runners.model.FrameworkMethod$1.runReflectiveCall(FrameworkMethod.java:47)
	at org.junit.internal.runners.model.ReflectiveCallable.run(ReflectiveCallable.java:12)
	at org.junit.runners.model.FrameworkMethod.invokeExplosively(FrameworkMethod.java:44)
	at org.junit.internal.runners.statements.InvokeMethod.evaluate(InvokeMethod.java:17)
	at org.junit.runners.ParentRunner.runLeaf(ParentRunner.java:271)
	at org.junit.runners.BlockJUnit4ClassRunner.runChild(BlockJUnit4ClassRunner.java:70)
	at org.junit.runners.BlockJUnit4ClassRunner.runChild(BlockJUnit4ClassRunner.java:50)
	at org.junit.runners.ParentRunner$3.run(ParentRunner.java:238)
	at org.junit.runners.ParentRunner$1.schedule(ParentRunner.java:63)
	at org.junit.runners.ParentRunner.runChildren(ParentRunner.java:236)
	at org.junit.runners.ParentRunner.access$000(ParentRunner.java:53)
	at org.junit.runners.ParentRunner$2.evaluate(ParentRunner.java:229)
	at org.junit.runners.ParentRunner.run(ParentRunner.java:309)
	at org.apache.maven.surefire.junit4.JUnit4Provider.execute(JUnit4Provider.java:283)
	at org.apache.maven.surefire.junit4.JUnit4Provider.executeWithRerun(JUnit4Provider.java:173)
	at org.apache.maven.surefire.junit4.JUnit4Provider.executeTestSet(JUnit4Provider.java:153)
	at org.apache.maven.surefire.junit4.JUnit4Provider.invoke(JUnit4Provider.java:128)
	at org.apache.maven.surefire.booter.ForkedBooter.invokeProviderInSameClassLoader(ForkedBooter.java:203)
	at org.apache.maven.surefire.booter.ForkedBooter.runSuitesInProcess(ForkedBooter.java:155)
	at org.apache.maven.surefire.booter.ForkedBooter.main(ForkedBooter.java:103)
22 > 18:29:02,149 INFO  org.apache.flink.runtime.blob.BlobCache                       - Downloading e52e6f94e5afa6502299cf982d31105111e1d9a4 from localhost/127.0.0.1:46589 (retry 1)
22 > 18:29:02,153 DEBUG org.apache.flink.runtime.blob.BlobClient                      - GET content addressable BLOB e52e6f94e5afa6502299cf982d31105111e1d9a4 from /127.0.0.1:60165
22 > 18:29:02,161 DEBUG org.apache.flink.runtime.blob.BlobCache                       - Failed to fetch BLOB e52e6f94e5afa6502299cf982d31105111e1d9a4 from localhost/127.0.0.1:46589 and store it under /tmp/blobStore-bbd7e4a4-a6bc-491c-8555-025d3664ee5c/cache/blob_e52e6f94e5afa6502299cf982d31105111e1d9a4 Retrying...
java.io.FileNotFoundException: /tmp/blobStore-bbd7e4a4-a6bc-491c-8555-025d3664ee5c/cache/blob_e52e6f94e5afa6502299cf982d31105111e1d9a4 (Permission denied)
	at java.io.FileOutputStream.open(Native Method)
	at java.io.FileOutputStream.<init>(FileOutputStream.java:221)
	at java.io.FileOutputStream.<init>(FileOutputStream.java:171)
	at org.apache.flink.runtime.blob.BlobCache.getURL(BlobCache.java:126)
	at org.apache.flink.runtime.execution.librarycache.BlobLibraryCacheManager.registerReferenceToBlobKeyAndGetURL(BlobLibraryCacheManager.java:245)
	at org.apache.flink.runtime.execution.librarycache.BlobLibraryCacheManager.registerTask(BlobLibraryCacheManager.java:114)
	at org.apache.flink.runtime.execution.librarycache.BlobLibraryCacheManagerTest.testRegisterAndDownload(BlobLibraryCacheManagerTest.java:209)
	at sun.reflect.NativeMethodAccessorImpl.invoke0(Native Method)
	at sun.reflect.NativeMethodAccessorImpl.invoke(NativeMethodAccessorImpl.java:57)
	at sun.reflect.DelegatingMethodAccessorImpl.invoke(DelegatingMethodAccessorImpl.java:43)
	at java.lang.reflect.Method.invoke(Method.java:606)
	at org.junit.runners.model.FrameworkMethod$1.runReflectiveCall(FrameworkMethod.java:47)
	at org.junit.internal.runners.model.ReflectiveCallable.run(ReflectiveCallable.java:12)
	at org.junit.runners.model.FrameworkMethod.invokeExplosively(FrameworkMethod.java:44)
	at org.junit.internal.runners.statements.InvokeMethod.evaluate(InvokeMethod.java:17)
	at org.junit.runners.ParentRunner.runLeaf(ParentRunner.java:271)
	at org.junit.runners.BlockJUnit4ClassRunner.runChild(BlockJUnit4ClassRunner.java:70)
	at org.junit.runners.BlockJUnit4ClassRunner.runChild(BlockJUnit4ClassRunner.java:50)
	at org.junit.runners.ParentRunner$3.run(ParentRunner.java:238)
	at org.junit.runners.ParentRunner$1.schedule(ParentRunner.java:63)
	at org.junit.runners.ParentRunner.runChildren(ParentRunner.java:236)
	at org.junit.runners.ParentRunner.access$000(ParentRunner.java:53)
	at org.junit.runners.ParentRunner$2.evaluate(ParentRunner.java:229)
	at org.junit.runners.ParentRunner.run(ParentRunner.java:309)
	at org.apache.maven.surefire.junit4.JUnit4Provider.execute(JUnit4Provider.java:283)
	at org.apache.maven.surefire.junit4.JUnit4Provider.executeWithRerun(JUnit4Provider.java:173)
	at org.apache.maven.surefire.junit4.JUnit4Provider.executeTestSet(JUnit4Provider.java:153)
	at org.apache.maven.surefire.junit4.JUnit4Provider.invoke(JUnit4Provider.java:128)
	at org.apache.maven.surefire.booter.ForkedBooter.invokeProviderInSameClassLoader(ForkedBooter.java:203)
	at org.apache.maven.surefire.booter.ForkedBooter.runSuitesInProcess(ForkedBooter.java:155)
	at org.apache.maven.surefire.booter.ForkedBooter.main(ForkedBooter.java:103)
22 > 18:29:02,162 INFO  org.apache.flink.runtime.blob.BlobCache                       - Downloading e52e6f94e5afa6502299cf982d31105111e1d9a4 from localhost/127.0.0.1:46589 (retry 2)
22 > 18:29:02,163 DEBUG org.apache.flink.runtime.blob.BlobClient                      - GET content addressable BLOB e52e6f94e5afa6502299cf982d31105111e1d9a4 from /127.0.0.1:60166
22 > 18:29:02,173 DEBUG org.apache.flink.runtime.blob.BlobCache                       - Failed to fetch BLOB e52e6f94e5afa6502299cf982d31105111e1d9a4 from localhost/127.0.0.1:46589 and store it under /tmp/blobStore-bbd7e4a4-a6bc-491c-8555-025d3664ee5c/cache/blob_e52e6f94e5afa6502299cf982d31105111e1d9a4 Retrying...
java.io.FileNotFoundException: /tmp/blobStore-bbd7e4a4-a6bc-491c-8555-025d3664ee5c/cache/blob_e52e6f94e5afa6502299cf982d31105111e1d9a4 (Permission denied)
	at java.io.FileOutputStream.open(Native Method)
	at java.io.FileOutputStream.<init>(FileOutputStream.java:221)
	at java.io.FileOutputStream.<init>(FileOutputStream.java:171)
	at org.apache.flink.runtime.blob.BlobCache.getURL(BlobCache.java:126)
	at org.apache.flink.runtime.execution.librarycache.BlobLibraryCacheManager.registerReferenceToBlobKeyAndGetURL(BlobLibraryCacheManager.java:245)
	at org.apache.flink.runtime.execution.librarycache.BlobLibraryCacheManager.registerTask(BlobLibraryCacheManager.java:114)
	at org.apache.flink.runtime.execution.librarycache.BlobLibraryCacheManagerTest.testRegisterAndDownload(BlobLibraryCacheManagerTest.java:209)
	at sun.reflect.NativeMethodAccessorImpl.invoke0(Native Method)
	at sun.reflect.NativeMethodAccessorImpl.invoke(NativeMethodAccessorImpl.java:57)
	at sun.reflect.DelegatingMethodAccessorImpl.invoke(DelegatingMethodAccessorImpl.java:43)
	at java.lang.reflect.Method.invoke(Method.java:606)
	at org.junit.runners.model.FrameworkMethod$1.runReflectiveCall(FrameworkMethod.java:47)
	at org.junit.internal.runners.model.ReflectiveCallable.run(ReflectiveCallable.java:12)
	at org.junit.runners.model.FrameworkMethod.invokeExplosively(FrameworkMethod.java:44)
	at org.junit.internal.runners.statements.InvokeMethod.evaluate(InvokeMethod.java:17)
	at org.junit.runners.ParentRunner.runLeaf(ParentRunner.java:271)
	at org.junit.runners.BlockJUnit4ClassRunner.runChild(BlockJUnit4ClassRunner.java:70)
	at org.junit.runners.BlockJUnit4ClassRunner.runChild(BlockJUnit4ClassRunner.java:50)
	at org.junit.runners.ParentRunner$3.run(ParentRunner.java:238)
	at org.junit.runners.ParentRunner$1.schedule(ParentRunner.java:63)
	at org.junit.runners.ParentRunner.runChildren(ParentRunner.java:236)
	at org.junit.runners.ParentRunner.access$000(ParentRunner.java:53)
	at org.junit.runners.ParentRunner$2.evaluate(ParentRunner.java:229)
	at org.junit.runners.ParentRunner.run(ParentRunner.java:309)
	at org.apache.maven.surefire.junit4.JUnit4Provider.execute(JUnit4Provider.java:283)
	at org.apache.maven.surefire.junit4.JUnit4Provider.executeWithRerun(JUnit4Provider.java:173)
	at org.apache.maven.surefire.junit4.JUnit4Provider.executeTestSet(JUnit4Provider.java:153)
	at org.apache.maven.surefire.junit4.JUnit4Provider.invoke(JUnit4Provider.java:128)
	at org.apache.maven.surefire.booter.ForkedBooter.invokeProviderInSameClassLoader(ForkedBooter.java:203)
	at org.apache.maven.surefire.booter.ForkedBooter.runSuitesInProcess(ForkedBooter.java:155)
	at org.apache.maven.surefire.booter.ForkedBooter.main(ForkedBooter.java:103)
22 > 18:29:02,175 INFO  org.apache.flink.runtime.blob.BlobCache                       - Downloading e52e6f94e5afa6502299cf982d31105111e1d9a4 from localhost/127.0.0.1:46589 (retry 3)
22 > 18:29:02,176 DEBUG org.apache.flink.runtime.blob.BlobClient                      - GET content addressable BLOB e52e6f94e5afa6502299cf982d31105111e1d9a4 from /127.0.0.1:60167
22 > 18:29:02,184 DEBUG org.apache.flink.runtime.blob.BlobCache                       - Failed to fetch BLOB e52e6f94e5afa6502299cf982d31105111e1d9a4 from localhost/127.0.0.1:46589 and store it under /tmp/blobStore-bbd7e4a4-a6bc-491c-8555-025d3664ee5c/cache/blob_e52e6f94e5afa6502299cf982d31105111e1d9a4 Retrying...
java.io.FileNotFoundException: /tmp/blobStore-bbd7e4a4-a6bc-491c-8555-025d3664ee5c/cache/blob_e52e6f94e5afa6502299cf982d31105111e1d9a4 (Permission denied)
	at java.io.FileOutputStream.open(Native Method)
	at java.io.FileOutputStream.<init>(FileOutputStream.java:221)
	at java.io.FileOutputStream.<init>(FileOutputStream.java:171)
	at org.apache.flink.runtime.blob.BlobCache.getURL(BlobCache.java:126)
	at org.apache.flink.runtime.execution.librarycache.BlobLibraryCacheManager.registerReferenceToBlobKeyAndGetURL(BlobLibraryCacheManager.java:245)
	at org.apache.flink.runtime.execution.librarycache.BlobLibraryCacheManager.registerTask(BlobLibraryCacheManager.java:114)
	at org.apache.flink.runtime.execution.librarycache.BlobLibraryCacheManagerTest.testRegisterAndDownload(BlobLibraryCacheManagerTest.java:209)
	at sun.reflect.NativeMethodAccessorImpl.invoke0(Native Method)
	at sun.reflect.NativeMethodAccessorImpl.invoke(NativeMethodAccessorImpl.java:57)
	at sun.reflect.DelegatingMethodAccessorImpl.invoke(DelegatingMethodAccessorImpl.java:43)
	at java.lang.reflect.Method.invoke(Method.java:606)
	at org.junit.runners.model.FrameworkMethod$1.runReflectiveCall(FrameworkMethod.java:47)
	at org.junit.internal.runners.model.ReflectiveCallable.run(ReflectiveCallable.java:12)
	at org.junit.runners.model.FrameworkMethod.invokeExplosively(FrameworkMethod.java:44)
	at org.junit.internal.runners.statements.InvokeMethod.evaluate(InvokeMethod.java:17)
	at org.junit.runners.ParentRunner.runLeaf(ParentRunner.java:271)
	at org.junit.runners.BlockJUnit4ClassRunner.runChild(BlockJUnit4ClassRunner.java:70)
	at org.junit.runners.BlockJUnit4ClassRunner.runChild(BlockJUnit4ClassRunner.java:50)
	at org.junit.runners.ParentRunner$3.run(ParentRunner.java:238)
	at org.junit.runners.ParentRunner$1.schedule(ParentRunner.java:63)
	at org.junit.runners.ParentRunner.runChildren(ParentRunner.java:236)
	at org.junit.runners.ParentRunner.access$000(ParentRunner.java:53)
	at org.junit.runners.ParentRunner$2.evaluate(ParentRunner.java:229)
	at org.junit.runners.ParentRunner.run(ParentRunner.java:309)
	at org.apache.maven.surefire.junit4.JUnit4Provider.execute(JUnit4Provider.java:283)
	at org.apache.maven.surefire.junit4.JUnit4Provider.executeWithRerun(JUnit4Provider.java:173)
	at org.apache.maven.surefire.junit4.JUnit4Provider.executeTestSet(JUnit4Provider.java:153)
	at org.apache.maven.surefire.junit4.JUnit4Provider.invoke(JUnit4Provider.java:128)
	at org.apache.maven.surefire.booter.ForkedBooter.invokeProviderInSameClassLoader(ForkedBooter.java:203)
	at org.apache.maven.surefire.booter.ForkedBooter.runSuitesInProcess(ForkedBooter.java:155)
	at org.apache.maven.surefire.booter.ForkedBooter.main(ForkedBooter.java:103)
22 > 18:29:02,185 INFO  org.apache.flink.runtime.blob.BlobCache                       - Downloading e52e6f94e5afa6502299cf982d31105111e1d9a4 from localhost/127.0.0.1:46589 (retry 4)
22 > 18:29:02,186 DEBUG org.apache.flink.runtime.blob.BlobClient                      - GET content addressable BLOB e52e6f94e5afa6502299cf982d31105111e1d9a4 from /127.0.0.1:60168
Running org.apache.flink.runtime.util.UnionIteratorTest
Tests run: 7, Failures: 0, Errors: 0, Skipped: 0, Time elapsed: 2.966 sec - in org.apache.flink.runtime.akka.AkkaUtilsTest
22 > 18:29:02,231 DEBUG org.apache.flink.runtime.blob.BlobCache                       - Failed to fetch BLOB e52e6f94e5afa6502299cf982d31105111e1d9a4 from localhost/127.0.0.1:46589 and store it under /tmp/blobStore-bbd7e4a4-a6bc-491c-8555-025d3664ee5c/cache/blob_e52e6f94e5afa6502299cf982d31105111e1d9a4 Retrying...
java.io.FileNotFoundException: /tmp/blobStore-bbd7e4a4-a6bc-491c-8555-025d3664ee5c/cache/blob_e52e6f94e5afa6502299cf982d31105111e1d9a4 (Permission denied)
	at java.io.FileOutputStream.open(Native Method)
	at java.io.FileOutputStream.<init>(FileOutputStream.java:221)
	at java.io.FileOutputStream.<init>(FileOutputStream.java:171)
	at org.apache.flink.runtime.blob.BlobCache.getURL(BlobCache.java:126)
	at org.apache.flink.runtime.execution.librarycache.BlobLibraryCacheManager.registerReferenceToBlobKeyAndGetURL(BlobLibraryCacheManager.java:245)
	at org.apache.flink.runtime.execution.librarycache.BlobLibraryCacheManager.registerTask(BlobLibraryCacheManager.java:114)
	at org.apache.flink.runtime.execution.librarycache.BlobLibraryCacheManagerTest.testRegisterAndDownload(BlobLibraryCacheManagerTest.java:209)
	at sun.reflect.NativeMethodAccessorImpl.invoke0(Native Method)
	at sun.reflect.NativeMethodAccessorImpl.invoke(NativeMethodAccessorImpl.java:57)
	at sun.reflect.DelegatingMethodAccessorImpl.invoke(DelegatingMethodAccessorImpl.java:43)
	at java.lang.reflect.Method.invoke(Method.java:606)
	at org.junit.runners.model.FrameworkMethod$1.runReflectiveCall(FrameworkMethod.java:47)
	at org.junit.internal.runners.model.ReflectiveCallable.run(ReflectiveCallable.java:12)
	at org.junit.runners.model.FrameworkMethod.invokeExplosively(FrameworkMethod.java:44)
	at org.junit.internal.runners.statements.InvokeMethod.evaluate(InvokeMethod.java:17)
	at org.junit.runners.ParentRunner.runLeaf(ParentRunner.java:271)
	at org.junit.runners.BlockJUnit4ClassRunner.runChild(BlockJUnit4ClassRunner.java:70)
	at org.junit.runners.BlockJUnit4ClassRunner.runChild(BlockJUnit4ClassRunner.java:50)
	at org.junit.runners.ParentRunner$3.run(ParentRunner.java:238)
	at org.junit.runners.ParentRunner$1.schedule(ParentRunner.java:63)
	at org.junit.runners.ParentRunner.runChildren(ParentRunner.java:236)
	at org.junit.runners.ParentRunner.access$000(ParentRunner.java:53)
	at org.junit.runners.ParentRunner$2.evaluate(ParentRunner.java:229)
	at org.junit.runners.ParentRunner.run(ParentRunner.java:309)
	at org.apache.maven.surefire.junit4.JUnit4Provider.execute(JUnit4Provider.java:283)
	at org.apache.maven.surefire.junit4.JUnit4Provider.executeWithRerun(JUnit4Provider.java:173)
	at org.apache.maven.surefire.junit4.JUnit4Provider.executeTestSet(JUnit4Provider.java:153)
	at org.apache.maven.surefire.junit4.JUnit4Provider.invoke(JUnit4Provider.java:128)
	at org.apache.maven.surefire.booter.ForkedBooter.invokeProviderInSameClassLoader(ForkedBooter.java:203)
	at org.apache.maven.surefire.booter.ForkedBooter.runSuitesInProcess(ForkedBooter.java:155)
	at org.apache.maven.surefire.booter.ForkedBooter.main(ForkedBooter.java:103)
22 > 18:29:02,232 INFO  org.apache.flink.runtime.blob.BlobCache                       - Downloading e52e6f94e5afa6502299cf982d31105111e1d9a4 from localhost/127.0.0.1:46589 (retry 5)
22 > 18:29:02,233 DEBUG org.apache.flink.runtime.blob.BlobClient                      - GET content addressable BLOB e52e6f94e5afa6502299cf982d31105111e1d9a4 from /127.0.0.1:60171
Tests run: 2, Failures: 0, Errors: 0, Skipped: 0, Time elapsed: 0.04 sec - in org.apache.flink.runtime.util.UnionIteratorTest
Tests run: 1, Failures: 0, Errors: 0, Skipped: 0, Time elapsed: 16.478 sec - in org.apache.flink.runtime.jobmanager.scheduler.ScheduleOrUpdateConsumersTest
22 > 18:29:02,248 ERROR org.apache.flink.runtime.blob.BlobCache                       - Failed to fetch BLOB e52e6f94e5afa6502299cf982d31105111e1d9a4 from localhost/127.0.0.1:46589 and store it under /tmp/blobStore-bbd7e4a4-a6bc-491c-8555-025d3664ee5c/cache/blob_e52e6f94e5afa6502299cf982d31105111e1d9a4 No retries left.
java.io.FileNotFoundException: /tmp/blobStore-bbd7e4a4-a6bc-491c-8555-025d3664ee5c/cache/blob_e52e6f94e5afa6502299cf982d31105111e1d9a4 (Permission denied)
	at java.io.FileOutputStream.open(Native Method)
	at java.io.FileOutputStream.<init>(FileOutputStream.java:221)
	at java.io.FileOutputStream.<init>(FileOutputStream.java:171)
	at org.apache.flink.runtime.blob.BlobCache.getURL(BlobCache.java:126)
	at org.apache.flink.runtime.execution.librarycache.BlobLibraryCacheManager.registerReferenceToBlobKeyAndGetURL(BlobLibraryCacheManager.java:245)
	at org.apache.flink.runtime.execution.librarycache.BlobLibraryCacheManager.registerTask(BlobLibraryCacheManager.java:114)
	at org.apache.flink.runtime.execution.librarycache.BlobLibraryCacheManagerTest.testRegisterAndDownload(BlobLibraryCacheManagerTest.java:209)
	at sun.reflect.NativeMethodAccessorImpl.invoke0(Native Method)
	at sun.reflect.NativeMethodAccessorImpl.invoke(NativeMethodAccessorImpl.java:57)
	at sun.reflect.DelegatingMethodAccessorImpl.invoke(DelegatingMethodAccessorImpl.java:43)
	at java.lang.reflect.Method.invoke(Method.java:606)
	at org.junit.runners.model.FrameworkMethod$1.runReflectiveCall(FrameworkMethod.java:47)
	at org.junit.internal.runners.model.ReflectiveCallable.run(ReflectiveCallable.java:12)
	at org.junit.runners.model.FrameworkMethod.invokeExplosively(FrameworkMethod.java:44)
	at org.junit.internal.runners.statements.InvokeMethod.evaluate(InvokeMethod.java:17)
	at org.junit.runners.ParentRunner.runLeaf(ParentRunner.java:271)
	at org.junit.runners.BlockJUnit4ClassRunner.runChild(BlockJUnit4ClassRunner.java:70)
	at org.junit.runners.BlockJUnit4ClassRunner.runChild(BlockJUnit4ClassRunner.java:50)
	at org.junit.runners.ParentRunner$3.run(ParentRunner.java:238)
	at org.junit.runners.ParentRunner$1.schedule(ParentRunner.java:63)
	at org.junit.runners.ParentRunner.runChildren(ParentRunner.java:236)
	at org.junit.runners.ParentRunner.access$000(ParentRunner.java:53)
	at org.junit.runners.ParentRunner$2.evaluate(ParentRunner.java:229)
	at org.junit.runners.ParentRunner.run(ParentRunner.java:309)
	at org.apache.maven.surefire.junit4.JUnit4Provider.execute(JUnit4Provider.java:283)
	at org.apache.maven.surefire.junit4.JUnit4Provider.executeWithRerun(JUnit4Provider.java:173)
	at org.apache.maven.surefire.junit4.JUnit4Provider.executeTestSet(JUnit4Provider.java:153)
	at org.apache.maven.surefire.junit4.JUnit4Provider.invoke(JUnit4Provider.java:128)
	at org.apache.maven.surefire.booter.ForkedBooter.invokeProviderInSameClassLoader(ForkedBooter.java:203)
	at org.apache.maven.surefire.booter.ForkedBooter.runSuitesInProcess(ForkedBooter.java:155)
	at org.apache.maven.surefire.booter.ForkedBooter.main(ForkedBooter.java:103)
22 > 18:29:02,275 INFO  org.apache.flink.runtime.blob.BlobServer                      - Stopped BLOB server at 0.0.0.0:46589
22 > 18:29:02,289 INFO  org.apache.flink.runtime.blob.BlobServer                      - Created BLOB server storage directory /tmp/blobStore-0d5330e7-70fc-47e5-a136-6b53536ef010
22 > 18:29:02,312 INFO  org.apache.flink.runtime.blob.BlobServer                      - Started BLOB server at 0.0.0.0:58961 - max concurrent requests: 50 - max backlog: 1000
22 > 18:29:02,318 DEBUG org.apache.flink.runtime.blob.BlobClient                      - PUT content addressable BLOB buffer (128 bytes) to /127.0.0.1:37992
21 > 18:29:02,336 INFO  org.apache.flink.runtime.blob.BlobServer                      - Created BLOB server storage directory /tmp/blobStore-619167c2-977e-47ec-b8ab-3cd945e2e2de
21 > 18:29:02,344 INFO  org.apache.flink.runtime.blob.BlobServer                      - Started BLOB server at 0.0.0.0:33900 - max concurrent requests: 50 - max backlog: 1000
22 > 18:29:02,357 DEBUG org.apache.flink.runtime.blob.BlobServerConnection            - Received PUT request for content addressable BLOB
22 > 18:29:02,359 DEBUG org.apache.flink.runtime.blob.BlobClient                      - PUT content addressable BLOB buffer (128 bytes) to /127.0.0.1:37992
22 > 18:29:02,402 DEBUG org.apache.flink.runtime.blob.BlobServerConnection            - Received PUT request for content addressable BLOB
Running org.apache.flink.runtime.akka.FlinkActorTest
Running org.apache.flink.runtime.util.event.TaskEventHandlerTest
18 > 18:29:02,552 INFO  org.apache.flink.runtime.blob.BlobCache                       - Created BLOB cache storage directory /tmp/blobStore-7154a174-0284-49bf-a822-f036e7f0c6f3
21 > 18:29:02,595 INFO  org.apache.flink.runtime.blob.BlobCache                       - Created BLOB cache storage directory /tmp/blobStore-2fe2d64a-8891-4e4c-9147-63d7c519f6f0
21 > 18:29:02,685 INFO  org.apache.flink.runtime.blob.BlobCache                       - Created BLOB cache storage directory /tmp/blobStore-c6e2382c-eb61-45c2-bf23-d05f3c6b3aa7
Running org.apache.flink.runtime.util.ZooKeeperUtilTest
21 > 18:29:02,739 INFO  org.apache.flink.runtime.blob.BlobServer                      - Stopped BLOB server at 0.0.0.0:33900
9 > 18:29:02,805 INFO  org.apache.flink.runtime.blob.BlobCache                       - Created BLOB cache storage directory /tmp/blobStore-3095f60b-14c2-47fa-8873-abc99362c717
Running org.apache.flink.runtime.util.DataInputOutputSerializerTest
9 > 18:29:02,871 INFO  org.apache.flink.runtime.blob.BlobCache                       - Created BLOB cache storage directory /tmp/blobStore-d01318dd-295a-4a15-ba7d-08fc3ba07c80
Tests run: 1, Failures: 0, Errors: 0, Skipped: 0, Time elapsed: 0.325 sec - in org.apache.flink.runtime.util.event.TaskEventHandlerTest
18 > 18:29:02,931 INFO  org.apache.flink.runtime.blob.BlobServer                      - Stopped BLOB server at 0.0.0.0:55867
Tests run: 1, Failures: 0, Errors: 0, Skipped: 0, Time elapsed: 9.394 sec - in org.apache.flink.runtime.taskmanager.TaskManagerComponentsStartupShutdownTest
Tests run: 14, Failures: 0, Errors: 0, Skipped: 0, Time elapsed: 50.746 sec - in org.apache.flink.runtime.operators.hash.MemoryHashTableTest
Tests run: 2, Failures: 0, Errors: 0, Skipped: 0, Time elapsed: 0.901 sec - in org.apache.flink.runtime.akka.FlinkActorTest
Running org.apache.flink.runtime.util.DelegatingConfigurationTest
22 > 18:29:03,471 INFO  org.apache.flink.runtime.blob.BlobServer                      - Stopped BLOB server at 0.0.0.0:58961
Tests run: 2, Failures: 0, Errors: 0, Skipped: 0, Time elapsed: 3.292 sec - in org.apache.flink.runtime.execution.librarycache.BlobLibraryCacheManagerTest
Tests run: 3, Failures: 0, Errors: 0, Skipped: 0, Time elapsed: 11.503 sec - in org.apache.flink.runtime.taskmanager.TaskManagerStartupTest
Tests run: 1, Failures: 0, Errors: 0, Skipped: 0, Time elapsed: 0.178 sec - in org.apache.flink.runtime.util.DelegatingConfigurationTest
Running org.apache.flink.runtime.util.ClassLoaderUtilsTest
Running org.apache.flink.runtime.instance.HardwareTest
Running org.apache.flink.runtime.util.NonReusingKeyGroupedIteratorTest
Tests run: 3, Failures: 0, Errors: 0, Skipped: 0, Time elapsed: 0.296 sec - in org.apache.flink.runtime.util.ClassLoaderUtilsTest
Tests run: 4, Failures: 0, Errors: 0, Skipped: 0, Time elapsed: 0.298 sec - in org.apache.flink.runtime.util.NonReusingKeyGroupedIteratorTest
Running org.apache.flink.runtime.util.SerializedThrowableTest
Running org.apache.flink.runtime.util.EnvironmentInformationTest
9 > 18:29:04,307 INFO  org.apache.flink.runtime.blob.BlobServer                      - Stopped BLOB server at 0.0.0.0:47336
9 > 18:29:04,308 INFO  org.apache.flink.runtime.blob.BlobServer                      - Stopped BLOB server at 0.0.0.0:34888
Tests run: 1, Failures: 0, Errors: 0, Skipped: 0, Time elapsed: 1.649 sec - in org.apache.flink.runtime.util.ZooKeeperUtilTest
Running org.apache.flink.runtime.util.JarFileCreatorTest
Tests run: 2, Failures: 0, Errors: 0, Skipped: 0, Time elapsed: 0.532 sec - in org.apache.flink.runtime.instance.HardwareTest
Running org.apache.flink.runtime.instance.InstanceTest
16 > 18:29:04,865 INFO  org.apache.flink.runtime.blob.BlobCache                       - Created BLOB cache storage directory /tmp/blobStore-249c7bdf-32ca-4021-a769-8929614cfccb
16 > 18:29:04,865 INFO  org.apache.flink.runtime.blob.BlobCache                       - Created BLOB cache storage directory /tmp/blobStore-2ac71868-8910-420e-b3c4-8d2cdf173255
7 > 18:29:04,922 INFO  org.apache.flink.runtime.blob.BlobServer                      - Created BLOB server storage directory /tmp/blobStore-a5773c76-74e2-442a-8b98-12044bbfdde6
7 > 18:29:04,946 INFO  org.apache.flink.runtime.blob.BlobServer                      - Started BLOB server at 0.0.0.0:52149 - max concurrent requests: 50 - max backlog: 1000
Tests run: 9, Failures: 0, Errors: 0, Skipped: 0, Time elapsed: 0.527 sec - in org.apache.flink.runtime.util.JarFileCreatorTest
Tests run: 4, Failures: 0, Errors: 0, Skipped: 0, Time elapsed: 0.603 sec - in org.apache.flink.runtime.instance.InstanceTest
Tests run: 4, Failures: 1, Errors: 0, Skipped: 0, Time elapsed: 34.006 sec <<< FAILURE! - in org.apache.flink.runtime.leaderelection.LeaderChangeStateCleanupTest
testReelectionOfSameJobManager(org.apache.flink.runtime.leaderelection.LeaderChangeStateCleanupTest)  Time elapsed: 19.072 sec  <<< FAILURE!
java.lang.AssertionError: TaskManager should not be able to register at JobManager.
	at org.junit.Assert.fail(Assert.java:88)
	at org.apache.flink.runtime.leaderelection.LeaderChangeStateCleanupTest.testReelectionOfSameJobManager(LeaderChangeStateCleanupTest.java:237)

Running org.apache.flink.runtime.instance.InstanceConnectionInfoTest
Tests run: 2, Failures: 0, Errors: 0, Skipped: 0, Time elapsed: 0.961 sec - in org.apache.flink.runtime.util.SerializedThrowableTest
Running org.apache.flink.runtime.instance.SimpleSlotTest
Running org.apache.flink.runtime.instance.InstanceManagerTest
Running org.apache.flink.runtime.io.disk.iomanager.IOManagerAsyncTest
Running org.apache.flink.runtime.instance.SharedSlotsTest
Running org.apache.flink.runtime.io.disk.iomanager.IOManagerTest
Running org.apache.flink.runtime.io.disk.iomanager.BufferFileWriterReaderTest
Running org.apache.flink.runtime.io.disk.iomanager.BufferFileWriterFileSegmentReaderTest
Tests run: 1, Failures: 0, Errors: 0, Skipped: 0, Time elapsed: 0.83 sec - in org.apache.flink.runtime.io.disk.iomanager.IOManagerTest
Running org.apache.flink.runtime.state.FileStateBackendTest
Running org.apache.flink.runtime.state.MemoryStateBackendTest
Tests run: 3, Failures: 0, Errors: 0, Skipped: 0, Time elapsed: 36.459 sec - in org.apache.flink.runtime.operators.DataSourceTaskTest
Tests run: 2, Failures: 0, Errors: 0, Skipped: 0, Time elapsed: 4.492 sec - in org.apache.flink.runtime.util.DataInputOutputSerializerTest
Running org.apache.flink.runtime.io.disk.iomanager.AsynchronousBufferFileWriterTest
Running org.apache.flink.runtime.io.disk.ChannelViewsTest
Tests run: 8, Failures: 0, Errors: 0, Skipped: 0, Time elapsed: 2.074 sec - in org.apache.flink.runtime.instance.SharedSlotsTest
Tests run: 6, Failures: 0, Errors: 0, Skipped: 0, Time elapsed: 2.856 sec - in org.apache.flink.runtime.instance.InstanceConnectionInfoTest
Tests run: 7, Failures: 0, Errors: 0, Skipped: 0, Time elapsed: 1.436 sec - in org.apache.flink.runtime.state.MemoryStateBackendTest
Tests run: 2, Failures: 0, Errors: 0, Skipped: 0, Time elapsed: 2.397 sec - in org.apache.flink.runtime.io.disk.iomanager.BufferFileWriterReaderTest
Running org.apache.flink.runtime.io.disk.iomanager.AsynchronousFileIOChannelTest
21 > 18:29:08,955 INFO  org.apache.flink.runtime.blob.BlobServer                      - Created BLOB server storage directory /tmp/blobStore-a335cc57-652b-41f7-b38d-8c993d010678
21 > 18:29:08,957 INFO  org.apache.flink.runtime.blob.BlobServer                      - Started BLOB server at 0.0.0.0:60628 - max concurrent requests: 50 - max backlog: 1000
Tests run: 3, Failures: 0, Errors: 0, Skipped: 0, Time elapsed: 3.968 sec - in org.apache.flink.runtime.instance.SimpleSlotTest
Tests run: 1, Failures: 0, Errors: 0, Skipped: 0, Time elapsed: 3.011 sec - in org.apache.flink.runtime.io.disk.iomanager.BufferFileWriterFileSegmentReaderTest
Running org.apache.flink.runtime.io.disk.SeekableFileChannelInputViewTest
Tests run: 6, Failures: 0, Errors: 0, Skipped: 0, Time elapsed: 4.197 sec - in org.apache.flink.runtime.io.disk.iomanager.IOManagerAsyncTest
Running org.apache.flink.runtime.io.disk.FileChannelStreamsTest
Running org.apache.flink.runtime.io.network.netty.PartitionRequestClientFactoryTest
Tests run: 1, Failures: 0, Errors: 0, Skipped: 1, Time elapsed: 0.012 sec - in org.apache.flink.runtime.io.network.netty.PartitionRequestClientFactoryTest
23 > 18:29:10,547 INFO  org.apache.flink.runtime.blob.BlobCache                       - Created BLOB cache storage directory /tmp/blobStore-91101ef0-a1d5-461c-bd79-15e45c04a720
21 > 18:29:10,704 INFO  org.apache.flink.runtime.blob.BlobCache                       - Created BLOB cache storage directory /tmp/blobStore-9b8b40b2-6c6f-4dd3-bc7c-e9161d5ccf26
Tests run: 3, Failures: 0, Errors: 0, Skipped: 0, Time elapsed: 6.433 sec - in org.apache.flink.runtime.util.EnvironmentInformationTest
Running org.apache.flink.runtime.io.network.netty.CancelPartitionRequestTest
Running org.apache.flink.runtime.io.network.DefaultChannelSelectorTest
Running org.apache.flink.runtime.io.disk.SpillingBufferTest
Tests run: 1, Failures: 0, Errors: 0, Skipped: 0, Time elapsed: 0.368 sec - in org.apache.flink.runtime.io.network.DefaultChannelSelectorTest
Running org.apache.flink.runtime.io.network.netty.PartitionRequestClientHandlerTest
21 > 18:29:11,355 INFO  org.apache.flink.runtime.blob.BlobServer                      - Stopped BLOB server at 0.0.0.0:60628
21 > 18:29:11,396 INFO  org.apache.flink.runtime.blob.BlobCache                       - Created BLOB cache storage directory /tmp/blobStore-fa79669c-d233-4783-8535-e2b7f4e3357f
Tests run: 7, Failures: 0, Errors: 0, Skipped: 0, Time elapsed: 19.985 sec - in org.apache.flink.runtime.taskmanager.TaskManagerRegistrationTest
Tests run: 2, Failures: 0, Errors: 0, Skipped: 0, Time elapsed: 1.41 sec - in org.apache.flink.runtime.io.disk.FileChannelStreamsTest
Running org.apache.flink.runtime.io.network.netty.PartitionRequestQueueTest
16 > 18:29:11,969 INFO  org.apache.flink.runtime.blob.BlobServer                      - Stopped BLOB server at 0.0.0.0:47734
Tests run: 1, Failures: 0, Errors: 0, Skipped: 0, Time elapsed: 2.584 sec - in org.apache.flink.runtime.io.disk.SeekableFileChannelInputViewTest
Running org.apache.flink.runtime.io.network.netty.ServerTransportErrorHandlingTest
Running org.apache.flink.runtime.io.network.netty.NettyMessageSerializationTest
Tests run: 1, Failures: 0, Errors: 0, Skipped: 0, Time elapsed: 19.71 sec - in org.apache.flink.runtime.taskmanager.TaskCancelTest
Tests run: 4, Failures: 0, Errors: 0, Skipped: 0, Time elapsed: 2.022 sec - in org.apache.flink.runtime.io.network.netty.PartitionRequestClientHandlerTest
Running org.apache.flink.runtime.io.network.netty.NettyServerLowAndHighWatermarkTest
Running org.apache.flink.runtime.io.network.partition.SpilledSubpartitionViewSyncIOTest
Running org.apache.flink.runtime.io.network.partition.SpilledSubpartitionViewTest
Running org.apache.flink.runtime.io.network.netty.ClientTransportErrorHandlingTest
Running org.apache.flink.runtime.io.network.partition.PartialConsumePipelinedResultTest
Tests run: 6, Failures: 0, Errors: 0, Skipped: 0, Time elapsed: 7.295 sec - in org.apache.flink.runtime.state.FileStateBackendTest
Tests run: 4, Failures: 0, Errors: 0, Skipped: 0, Time elapsed: 8.863 sec - in org.apache.flink.runtime.instance.InstanceManagerTest
Running org.apache.flink.runtime.io.network.partition.SpillableSubpartitionTest
Tests run: 1, Failures: 0, Errors: 0, Skipped: 0, Time elapsed: 3.304 sec - in org.apache.flink.runtime.io.network.netty.PartitionRequestQueueTest
Running org.apache.flink.runtime.io.network.partition.consumer.InputChannelTest
Tests run: 4, Failures: 0, Errors: 0, Skipped: 0, Time elapsed: 8.414 sec - in org.apache.flink.runtime.io.disk.iomanager.AsynchronousBufferFileWriterTest
Running org.apache.flink.runtime.io.network.partition.consumer.RemoteInputChannelTest
Running org.apache.flink.runtime.io.network.partition.consumer.LocalInputChannelTest
Tests run: 2, Failures: 0, Errors: 0, Skipped: 0, Time elapsed: 2.713 sec - in org.apache.flink.runtime.io.network.partition.SpilledSubpartitionViewTest
Running org.apache.flink.runtime.io.network.partition.consumer.UnionInputGateTest
Running org.apache.flink.runtime.io.network.partition.PipelinedSubpartitionTest
Tests run: 1, Failures: 0, Errors: 0, Skipped: 0, Time elapsed: 3.65 sec - in org.apache.flink.runtime.io.network.netty.NettyServerLowAndHighWatermarkTest
Tests run: 4, Failures: 0, Errors: 0, Skipped: 0, Time elapsed: 8.467 sec - in org.apache.flink.runtime.io.disk.iomanager.AsynchronousFileIOChannelTest
Tests run: 2, Failures: 0, Errors: 0, Skipped: 0, Time elapsed: 3.605 sec - in org.apache.flink.runtime.io.network.partition.SpilledSubpartitionViewSyncIOTest
Tests run: 1, Failures: 0, Errors: 0, Skipped: 0, Time elapsed: 22.972 sec - in org.apache.flink.runtime.taskmanager.TaskManagerProcessReapingTest
Tests run: 1, Failures: 0, Errors: 0, Skipped: 0, Time elapsed: 4.863 sec - in org.apache.flink.runtime.io.network.netty.NettyMessageSerializationTest
7 > 18:29:17,516 INFO  org.apache.flink.runtime.blob.BlobServer                      - Stopped BLOB server at 0.0.0.0:52149
Tests run: 6, Failures: 0, Errors: 0, Skipped: 0, Time elapsed: 2.951 sec - in org.apache.flink.runtime.io.network.partition.SpillableSubpartitionTest
Tests run: 4, Failures: 0, Errors: 0, Skipped: 0, Time elapsed: 6.929 sec - in org.apache.flink.runtime.io.disk.SpillingBufferTest
Running org.apache.flink.runtime.io.network.partition.consumer.SingleInputGateTest
Running org.apache.flink.runtime.io.network.partition.ProducerFailedExceptionTest
23 > 18:29:18,211 INFO  org.apache.flink.runtime.blob.BlobCache                       - Created BLOB cache storage directory /tmp/blobStore-40f8c1a4-9ebe-4104-bb7d-4c23b697b2b0
Tests run: 4, Failures: 0, Errors: 0, Skipped: 0, Time elapsed: 2.523 sec - in org.apache.flink.runtime.io.network.partition.consumer.InputChannelTest
Tests run: 2, Failures: 0, Errors: 0, Skipped: 0, Time elapsed: 0.211 sec - in org.apache.flink.runtime.io.network.partition.ProducerFailedExceptionTest
Tests run: 3, Failures: 0, Errors: 0, Skipped: 0, Time elapsed: 22.564 sec - in org.apache.flink.runtime.client.JobClientActorTest
23 > 18:29:18,879 INFO  org.apache.flink.runtime.blob.BlobCache                       - Created BLOB cache storage directory /tmp/blobStore-ea6a1f78-0f0f-4a3a-bc38-2ffde8db19c9
Tests run: 7, Failures: 0, Errors: 0, Skipped: 0, Time elapsed: 29.638 sec - in org.apache.flink.runtime.taskmanager.TaskManagerTest
Running org.apache.flink.runtime.io.network.partition.SpilledSubpartitionViewAsyncIOTest
Tests run: 1, Failures: 0, Errors: 0, Skipped: 0, Time elapsed: 2.834 sec - in org.apache.flink.runtime.io.network.partition.consumer.UnionInputGateTest
Running org.apache.flink.runtime.io.network.api.reader.AbstractReaderTest
Running org.apache.flink.runtime.io.network.api.serialization.PagedViewsTest
Running org.apache.flink.runtime.io.network.api.serialization.SpanningRecordSerializationTest
Running org.apache.flink.runtime.io.network.DataExchangeModeTest
Tests run: 3, Failures: 0, Errors: 0, Skipped: 0, Time elapsed: 0.123 sec - in org.apache.flink.runtime.io.network.DataExchangeModeTest
Tests run: 1, Failures: 0, Errors: 0, Skipped: 0, Time elapsed: 7.602 sec - in org.apache.flink.runtime.io.network.netty.ServerTransportErrorHandlingTest
Running org.apache.flink.runtime.io.network.buffer.NetworkBufferPoolTest
Running org.apache.flink.runtime.io.network.api.serialization.SpanningRecordSerializerTest
Tests run: 4, Failures: 0, Errors: 0, Skipped: 0, Time elapsed: 1.212 sec - in org.apache.flink.runtime.io.network.api.reader.AbstractReaderTest
Running org.apache.flink.runtime.io.network.api.serialization.EventSerializerTest
Running org.apache.flink.runtime.io.network.buffer.LocalBufferPoolTest
Tests run: 2, Failures: 0, Errors: 0, Skipped: 0, Time elapsed: 0.963 sec - in org.apache.flink.runtime.io.network.buffer.NetworkBufferPoolTest
Tests run: 6, Failures: 0, Errors: 0, Skipped: 0, Time elapsed: 7.648 sec - in org.apache.flink.runtime.io.network.netty.ClientTransportErrorHandlingTest
Running org.apache.flink.runtime.io.network.serialization.LargeRecordsTest
Running org.apache.flink.runtime.io.network.buffer.BufferTest
Tests run: 2, Failures: 0, Errors: 0, Skipped: 0, Time elapsed: 3.972 sec - in org.apache.flink.runtime.io.network.partition.consumer.SingleInputGateTest
Tests run: 1, Failures: 0, Errors: 0, Skipped: 0, Time elapsed: 1.171 sec - in org.apache.flink.runtime.io.network.api.serialization.EventSerializerTest
Running org.apache.flink.runtime.io.network.buffer.BufferPoolFactoryTest
Running org.apache.flink.runtime.io.network.NetworkEnvironmentTest
21 > 18:29:22,901 INFO  org.apache.flink.runtime.blob.BlobServer                      - Created BLOB server storage directory /tmp/blobStore-2920271c-b9aa-4047-ad7a-b48b253d4693
21 > 18:29:22,969 INFO  org.apache.flink.runtime.blob.BlobServer                      - Started BLOB server at 0.0.0.0:59033 - max concurrent requests: 50 - max backlog: 1000
Tests run: 2, Failures: 0, Errors: 0, Skipped: 0, Time elapsed: 2.235 sec - in org.apache.flink.runtime.io.network.buffer.BufferTest
Tests run: 12, Failures: 0, Errors: 0, Skipped: 0, Time elapsed: 7.624 sec - in org.apache.flink.runtime.io.network.partition.PipelinedSubpartitionTest
Tests run: 1, Failures: 0, Errors: 0, Skipped: 0, Time elapsed: 5.64 sec - in org.apache.flink.runtime.io.network.partition.SpilledSubpartitionViewAsyncIOTest
Tests run: 7, Failures: 0, Errors: 0, Skipped: 0, Time elapsed: 2.387 sec - in org.apache.flink.runtime.io.network.buffer.BufferPoolFactoryTest
Running org.apache.flink.runtime.io.network.api.writer.RecordWriterTest
21 > 18:29:26,367 INFO  org.apache.flink.runtime.blob.BlobCache                       - Created BLOB cache storage directory /tmp/blobStore-c9cb3c04-2e6c-4141-9263-bef79498409f
Tests run: 4, Failures: 0, Errors: 0, Skipped: 0, Time elapsed: 7.028 sec - in org.apache.flink.runtime.io.network.api.serialization.SpanningRecordSerializationTest
Tests run: 10, Failures: 0, Errors: 0, Skipped: 0, Time elapsed: 5.6 sec - in org.apache.flink.runtime.io.network.buffer.LocalBufferPoolTest
21 > 18:29:27,434 INFO  org.apache.flink.runtime.blob.BlobServer                      - Stopped BLOB server at 0.0.0.0:59033
Tests run: 1, Failures: 0, Errors: 0, Skipped: 0, Time elapsed: 13.65 sec - in org.apache.flink.runtime.io.network.partition.PartialConsumePipelinedResultTest
Tests run: 6, Failures: 0, Errors: 0, Skipped: 0, Time elapsed: 7.878 sec - in org.apache.flink.runtime.io.network.api.serialization.SpanningRecordSerializerTest
Tests run: 10, Failures: 0, Errors: 0, Skipped: 0, Time elapsed: 8.764 sec - in org.apache.flink.runtime.io.network.api.serialization.PagedViewsTest
Tests run: 3, Failures: 0, Errors: 0, Skipped: 0, Time elapsed: 12.214 sec - in org.apache.flink.runtime.io.network.partition.consumer.LocalInputChannelTest
Tests run: 3, Failures: 0, Errors: 0, Skipped: 0, Time elapsed: 5.384 sec - in org.apache.flink.runtime.io.network.api.writer.RecordWriterTest
Tests run: 1, Failures: 0, Errors: 0, Skipped: 0, Time elapsed: 7.776 sec - in org.apache.flink.runtime.io.network.NetworkEnvironmentTest
Running org.apache.flink.runtime.io.network.api.reader.BufferReaderTest
Tests run: 2, Failures: 0, Errors: 0, Skipped: 0, Time elapsed: 22.326 sec - in org.apache.flink.runtime.io.network.netty.CancelPartitionRequestTest
Tests run: 2, Failures: 0, Errors: 0, Skipped: 0, Time elapsed: 3.764 sec - in org.apache.flink.runtime.io.network.api.reader.BufferReaderTest
Tests run: 7, Failures: 0, Errors: 0, Skipped: 0, Time elapsed: 74.128 sec - in org.apache.flink.runtime.operators.DataSinkTaskTest
Tests run: 8, Failures: 0, Errors: 0, Skipped: 0, Time elapsed: 28.446 sec - in org.apache.flink.runtime.io.network.partition.consumer.RemoteInputChannelTest
Tests run: 8, Failures: 0, Errors: 0, Skipped: 0, Time elapsed: 96.416 sec - in org.apache.flink.runtime.operators.sort.NormalizedKeySorterTest
Tests run: 2, Failures: 0, Errors: 0, Skipped: 0, Time elapsed: 32.899 sec - in org.apache.flink.runtime.io.network.serialization.LargeRecordsTest
Tests run: 6, Failures: 0, Errors: 0, Skipped: 0, Time elapsed: 83.471 sec - in org.apache.flink.runtime.leaderelection.ZooKeeperLeaderElectionTest
Tests run: 6, Failures: 0, Errors: 0, Skipped: 0, Time elapsed: 66.68 sec - in org.apache.flink.runtime.io.disk.ChannelViewsTest

Results :

Failed tests: 
  ExecutionGraphRestartTest.testCancelWhileFailing:293 expected:<CANCELLING> but was:<FAILING>
  ExecutionGraphRestartTest.testCancelWhileRestarting:217 expected:<CANCELED> but was:<RESTARTING>
  LeaderChangeStateCleanupTest.testReelectionOfSameJobManager:237 TaskManager should not be able to register at JobManager.

Tests run: 894, Failures: 3, Errors: 0, Skipped: 1

[INFO] ------------------------------------------------------------------------
[INFO] BUILD FAILURE
[INFO] ------------------------------------------------------------------------
[INFO] Total time: 02:19 min
[INFO] Finished at: 2016-07-14T18:30:14-07:00
[INFO] Final Memory: 42M/2476M
[INFO] ------------------------------------------------------------------------
[ERROR] Failed to execute goal org.apache.maven.plugins:maven-surefire-plugin:2.18.1:test (default-test) on project flink-runtime: There are test failures.
[ERROR] 
[ERROR] Please refer to /space/parallel/flink/flink9/dataset/flink/FLINK-3011_5a86a0a19dad28162ba7ddf27bd9e63468a5966c/flink-runtime/target/surefire-reports for the individual test results.
[ERROR] -> [Help 1]
[ERROR] 
[ERROR] To see the full stack trace of the errors, re-run Maven with the -e switch.
[ERROR] Re-run Maven using the -X switch to enable full debug logging.
[ERROR] 
[ERROR] For more information about the errors and possible solutions, please read the following articles:
[ERROR] [Help 1] http://cwiki.apache.org/confluence/display/MAVEN/MojoFailureException
