[INFO] Scanning for projects...
[INFO]                                                                         
[INFO] ------------------------------------------------------------------------
[INFO] Building Oak Core 0.5-SNAPSHOT
[INFO] ------------------------------------------------------------------------
[INFO] 
[INFO] --- maven-remote-resources-plugin:1.2.1:process (default) @ oak-core ---
[INFO] 
[INFO] --- maven-resources-plugin:2.5:resources (default-resources) @ oak-core ---
[debug] execute contextualize
[INFO] Using 'UTF-8' encoding to copy filtered resources.
[INFO] Copying 1 resource
[INFO] Copying 3 resources
[INFO] 
[INFO] --- maven-compiler-plugin:2.3.2:compile (default-compile) @ oak-core ---
[INFO] Compiling 1 source file to /home/ylyu/parallel/oak/oak9/dataset/oak/OAK-278_db19e70f3be268fa5bde68029b87e4a3c30bded4/oak-core/target/classes
[INFO] 
[INFO] --- maven-scr-plugin:1.7.4:scr (generate-scr-scrdescriptor) @ oak-core ---
[INFO] Writing abstract service descriptor /home/ylyu/parallel/oak/oak9/dataset/oak/OAK-278_db19e70f3be268fa5bde68029b87e4a3c30bded4/oak-core/target/scr-plugin-generated/OSGI-INF/scr-plugin/scrinfo.xml with 4 entries.
[INFO] Generating 4 Service Component Descriptors to /home/ylyu/parallel/oak/oak9/dataset/oak/OAK-278_db19e70f3be268fa5bde68029b87e4a3c30bded4/oak-core/target/scr-plugin-generated/OSGI-INF/serviceComponents.xml
[INFO] 
[INFO] --- maven-resources-plugin:2.5:testResources (default-testResources) @ oak-core ---
[debug] execute contextualize
[INFO] Using 'UTF-8' encoding to copy filtered resources.
[INFO] Copying 7 resources
[INFO] Copying 3 resources
[INFO] 
[INFO] --- maven-compiler-plugin:2.3.2:testCompile (default-testCompile) @ oak-core ---
[INFO] Nothing to compile - all classes are up to date
[INFO] 
[INFO] --- maven-surefire-plugin:2.9:test (default-test) @ oak-core ---
[INFO] Surefire report directory: /home/ylyu/parallel/oak/oak9/dataset/oak/OAK-278_db19e70f3be268fa5bde68029b87e4a3c30bded4/oak-core/target/surefire-reports

-------------------------------------------------------
 T E S T S
-------------------------------------------------------
Running org.apache.jackrabbit.oak.security.user.UserProviderImplTest
Tests run: 13, Failures: 0, Errors: 0, Skipped: 1, Time elapsed: 0.58 sec
Running org.apache.jackrabbit.oak.query.QueryTest
Tests run: 5, Failures: 0, Errors: 0, Skipped: 0, Time elapsed: 0.555 sec
Running org.apache.jackrabbit.oak.query.FullTextTest
Tests run: 6, Failures: 0, Errors: 0, Skipped: 0, Time elapsed: 0.001 sec
Running org.apache.jackrabbit.oak.query.index.TraversingCursorTest
Tests run: 1, Failures: 0, Errors: 0, Skipped: 0, Time elapsed: 0 sec
Running org.apache.jackrabbit.oak.query.index.LikePatternTest
Tests run: 1, Failures: 0, Errors: 0, Skipped: 0, Time elapsed: 0 sec
Running org.apache.jackrabbit.oak.query.index.FilterTest
Tests run: 3, Failures: 0, Errors: 0, Skipped: 0, Time elapsed: 0.148 sec
Running org.apache.jackrabbit.oak.core.TreeImplTest
Tests run: 16, Failures: 0, Errors: 2, Skipped: 0, Time elapsed: 1.073 sec <<< FAILURE!
Running org.apache.jackrabbit.oak.core.DefaultConflictHandlerTest
Tests run: 14, Failures: 0, Errors: 0, Skipped: 0, Time elapsed: 0.017 sec
Running org.apache.jackrabbit.oak.core.RootImplTest
Tests run: 8, Failures: 0, Errors: 0, Skipped: 0, Time elapsed: 0.008 sec
Running org.apache.jackrabbit.oak.util.ArrayUtilsTest
Tests run: 9, Failures: 0, Errors: 0, Skipped: 0, Time elapsed: 0.003 sec
Running org.apache.jackrabbit.oak.namepath.NamePathMapperImplTest
Tests run: 7, Failures: 0, Errors: 0, Skipped: 0, Time elapsed: 0.01 sec
Running org.apache.jackrabbit.oak.plugins.lucene.LuceneEditorTest
Tests run: 1, Failures: 0, Errors: 0, Skipped: 0, Time elapsed: 0.429 sec
Running org.apache.jackrabbit.oak.plugins.lucene.Sql2QueryTest
Tests run: 1, Failures: 0, Errors: 0, Skipped: 0, Time elapsed: 0.041 sec
Running org.apache.jackrabbit.oak.plugins.memory.MemoryNodeBuilderTest
Tests run: 5, Failures: 0, Errors: 0, Skipped: 0, Time elapsed: 0.006 sec
Running org.apache.jackrabbit.oak.plugins.index.PropertyIndexTest
Tests run: 1, Failures: 0, Errors: 0, Skipped: 0, Time elapsed: 0.004 sec
Running org.apache.jackrabbit.oak.plugins.index.IndexTest
Tests run: 9, Failures: 0, Errors: 0, Skipped: 0, Time elapsed: 0.019 sec
Running org.apache.jackrabbit.oak.plugins.name.NameValidatorTest
Tests run: 9, Failures: 0, Errors: 0, Skipped: 0, Time elapsed: 0.002 sec
Running org.apache.jackrabbit.oak.plugins.name.NamespaceRegistryImplTest
Tests run: 1, Failures: 0, Errors: 0, Skipped: 0, Time elapsed: 0.005 sec
Running org.apache.jackrabbit.oak.spi.commit.SubtreeValidatorTest
Tests run: 1, Failures: 0, Errors: 0, Skipped: 0, Time elapsed: 0 sec
Running org.apache.jackrabbit.oak.spi.security.user.PasswordUtilityTest
Tests run: 7, Failures: 0, Errors: 0, Skipped: 0, Time elapsed: 0.191 sec
Running org.apache.jackrabbit.oak.spi.query.IndexManagerTest
Tests run: 4, Failures: 0, Errors: 0, Skipped: 0, Time elapsed: 0.012 sec
Running org.apache.jackrabbit.oak.kernel.KernelNodeStateTest
Tests run: 6, Failures: 0, Errors: 0, Skipped: 0, Time elapsed: 0.003 sec
Running org.apache.jackrabbit.oak.kernel.LargeKernelNodeStateTest
Tests run: 3, Failures: 0, Errors: 0, Skipped: 0, Time elapsed: 0.063 sec
Running org.apache.jackrabbit.oak.kernel.CoreValueFactoryTest
Tests run: 3, Failures: 0, Errors: 0, Skipped: 0, Time elapsed: 0.008 sec
Running org.apache.jackrabbit.oak.kernel.KernelNodeStoreTest
Tests run: 4, Failures: 0, Errors: 0, Skipped: 0, Time elapsed: 0.004 sec
Running org.apache.jackrabbit.oak.kernel.JsopDiffTest
Tests run: 2, Failures: 0, Errors: 0, Skipped: 0, Time elapsed: 0 sec
Running org.apache.jackrabbit.mk.LargeObjectTest
Tests run: 4, Failures: 0, Errors: 0, Skipped: 0, Time elapsed: 1.431 sec
Running org.apache.jackrabbit.mk.simple.SimpleKernelTest
Tests run: 2, Failures: 0, Errors: 0, Skipped: 0, Time elapsed: 0.001 sec
Running org.apache.jackrabbit.mk.simple.NodeVersionTest
Tests run: 1, Failures: 0, Errors: 0, Skipped: 0, Time elapsed: 0.001 sec
Running org.apache.jackrabbit.mk.simple.AscendingClockTest
Tests run: 2, Failures: 0, Errors: 0, Skipped: 0, Time elapsed: 0.027 sec
Running org.apache.jackrabbit.mk.ConflictingMoveTest
Tests run: 12, Failures: 0, Errors: 0, Skipped: 0, Time elapsed: 0.619 sec
Running org.apache.jackrabbit.mk.json.fast.JsopObjectTest
Tests run: 8, Failures: 0, Errors: 0, Skipped: 0, Time elapsed: 0.007 sec
Running org.apache.jackrabbit.mk.hash.HashTest
Tests run: 4, Failures: 0, Errors: 0, Skipped: 0, Time elapsed: 0.19 sec
Running org.apache.jackrabbit.mk.mem.MemoryNodeTest
Tests run: 2, Failures: 0, Errors: 0, Skipped: 0, Time elapsed: 0.003 sec
Running org.apache.jackrabbit.mk.wrapper.IndexWrapperTest
Tests run: 4, Failures: 0, Errors: 0, Skipped: 0, Time elapsed: 0.01 sec
Running org.apache.jackrabbit.mk.wrapper.VirtualRepositoryWrapperTest
Tests run: 8, Failures: 0, Errors: 0, Skipped: 0, Time elapsed: 1.144 sec
Running org.apache.jackrabbit.mk.wrapper.SecurityWrapperTest
Tests run: 4, Failures: 0, Errors: 0, Skipped: 0, Time elapsed: 0.007 sec
Running org.apache.jackrabbit.mk.large.LargeNodeTest
Tests run: 20, Failures: 0, Errors: 0, Skipped: 0, Time elapsed: 3.024 sec
Running org.apache.jackrabbit.mk.large.DescendantCountTest
Tests run: 4, Failures: 0, Errors: 0, Skipped: 0, Time elapsed: 0.183 sec
Running org.apache.jackrabbit.mk.large.CreateRandomNodesTraverseTest
Tests run: 4, Failures: 0, Errors: 0, Skipped: 0, Time elapsed: 0.669 sec
Running org.apache.jackrabbit.mk.large.ManyRevisionsTest
Tests run: 8, Failures: 0, Errors: 0, Skipped: 0, Time elapsed: 4.703 sec
Running org.apache.jackrabbit.mk.large.CreateNodesTraverseTest
Tests run: 4, Failures: 0, Errors: 0, Skipped: 0, Time elapsed: 0.583 sec

Results :

Tests in error: 
  nodeStatus(org.apache.jackrabbit.oak.core.TreeImplTest): Cannot get the base state of a removed tree
  propertyStatus(org.apache.jackrabbit.oak.core.TreeImplTest): Cannot build the path of a removed tree

Tests run: 231, Failures: 0, Errors: 2, Skipped: 1

[INFO] ------------------------------------------------------------------------
[INFO] BUILD FAILURE
[INFO] ------------------------------------------------------------------------
[INFO] Total time: 19.716 s
[INFO] Finished at: 2016-07-29T17:42:52-07:00
[INFO] Final Memory: 28M/964M
[INFO] ------------------------------------------------------------------------
[ERROR] Failed to execute goal org.apache.maven.plugins:maven-surefire-plugin:2.9:test (default-test) on project oak-core: There are test failures.
[ERROR] 
[ERROR] Please refer to /home/ylyu/parallel/oak/oak9/dataset/oak/OAK-278_db19e70f3be268fa5bde68029b87e4a3c30bded4/oak-core/target/surefire-reports for the individual test results.
[ERROR] -> [Help 1]
[ERROR] 
[ERROR] To see the full stack trace of the errors, re-run Maven with the -e switch.
[ERROR] Re-run Maven using the -X switch to enable full debug logging.
[ERROR] 
[ERROR] For more information about the errors and possible solutions, please read the following articles:
[ERROR] [Help 1] http://cwiki.apache.org/confluence/display/MAVEN/MojoFailureException
