[INFO] Scanning for projects...
[INFO] ------------------------------------------------------------------------
[INFO] Reactor Build Order:
[INFO] 
[INFO] flink-staging
[INFO] flink-avro
[INFO] flink-jdbc
[INFO] flink-spargel
[INFO] flink-hadoop-compatibility
[INFO] flink-streaming
[INFO] flink-streaming-core
[INFO] flink-streaming-scala
[INFO] flink-streaming-connectors
[INFO] flink-streaming-examples
[INFO] flink-hbase
[INFO] flink-gelly
[INFO] flink-hcatalog
[INFO] flink-table
[INFO] flink-ml
[INFO] flink-language-binding
[INFO] flink-language-binding-generic
[INFO] flink-python
[INFO] flink-tachyon
[INFO]                                                                         
[INFO] ------------------------------------------------------------------------
[INFO] Building flink-staging 0.9-SNAPSHOT
[INFO] ------------------------------------------------------------------------
[INFO] 
[INFO] --- maven-checkstyle-plugin:2.12.1:check (validate) @ flink-staging ---
[INFO] 
[INFO] 
[INFO] --- maven-enforcer-plugin:1.3.1:enforce (enforce-maven) @ flink-staging ---
[INFO] 
[INFO] --- maven-remote-resources-plugin:1.5:process (default) @ flink-staging ---
[INFO]                                                                         
[INFO] ------------------------------------------------------------------------
[INFO] Building flink-avro 0.9-SNAPSHOT
[INFO] ------------------------------------------------------------------------
[INFO] 
[INFO] --- maven-checkstyle-plugin:2.12.1:check (validate) @ flink-avro ---
[INFO] 
[INFO] 
[INFO] --- maven-enforcer-plugin:1.3.1:enforce (enforce-maven) @ flink-avro ---
[INFO] 
[INFO] --- avro-maven-plugin:1.7.7:schema (default) @ flink-avro ---
[INFO] 
[INFO] --- maven-remote-resources-plugin:1.5:process (default) @ flink-avro ---
[INFO] 
[INFO] --- maven-resources-plugin:2.6:resources (default-resources) @ flink-avro ---
[INFO] Using 'UTF-8' encoding to copy filtered resources.
[INFO] skip non existing resourceDirectory /space/parallel/flink/flink9/dataset/flink/FLINK-2082_0cfa43d79faebe7000cedfc71a8fa5de062422ff/flink-staging/flink-avro/src/main/resources
[INFO] Copying 3 resources
[INFO] 
[INFO] --- maven-compiler-plugin:3.1:compile (default-compile) @ flink-avro ---
[INFO] Nothing to compile - all classes are up to date
[INFO] 
[INFO] --- maven-resources-plugin:2.6:testResources (default-testResources) @ flink-avro ---
[INFO] Using 'UTF-8' encoding to copy filtered resources.
[INFO] Copying 4 resources
[INFO] Copying 3 resources
[INFO] 
[INFO] --- maven-compiler-plugin:3.1:testCompile (default-testCompile) @ flink-avro ---
[INFO] Changes detected - recompiling the module!
[INFO] Compiling 11 source files to /space/parallel/flink/flink9/dataset/flink/FLINK-2082_0cfa43d79faebe7000cedfc71a8fa5de062422ff/flink-staging/flink-avro/target/test-classes
[WARNING] /space/parallel/flink/flink9/dataset/flink/FLINK-2082_0cfa43d79faebe7000cedfc71a8fa5de062422ff/flink-staging/flink-avro/src/test/java/org/apache/flink/api/io/avro/generated/User.java:[830,135] unchecked cast
  required: java.util.List<java.lang.CharSequence>
  found:    java.lang.Object
[WARNING] /space/parallel/flink/flink9/dataset/flink/FLINK-2082_0cfa43d79faebe7000cedfc71a8fa5de062422ff/flink-staging/flink-avro/src/test/java/org/apache/flink/api/io/avro/generated/User.java:[831,132] unchecked cast
  required: java.util.List<java.lang.Boolean>
  found:    java.lang.Object
[WARNING] /space/parallel/flink/flink9/dataset/flink/FLINK-2082_0cfa43d79faebe7000cedfc71a8fa5de062422ff/flink-staging/flink-avro/src/test/java/org/apache/flink/api/io/avro/generated/User.java:[832,139] unchecked cast
  required: java.util.List<java.lang.CharSequence>
  found:    java.lang.Object
[WARNING] /space/parallel/flink/flink9/dataset/flink/FLINK-2082_0cfa43d79faebe7000cedfc71a8fa5de062422ff/flink-staging/flink-avro/src/test/java/org/apache/flink/api/io/avro/generated/User.java:[834,132] unchecked cast
  required: java.util.Map<java.lang.CharSequence,java.lang.Long>
  found:    java.lang.Object
[WARNING] /space/parallel/flink/flink9/dataset/flink/FLINK-2082_0cfa43d79faebe7000cedfc71a8fa5de062422ff/flink-staging/flink-avro/src/test/java/org/apache/flink/api/io/avro/AvroRecordInputFormatTest.java:[217,124] unchecked cast
  required: org.apache.flink.api.common.typeinfo.TypeInformation<org.apache.avro.generic.GenericData.Record>
  found:    org.apache.flink.api.common.typeinfo.TypeInformation<capture#1 of ?>
[WARNING] /space/parallel/flink/flink9/dataset/flink/FLINK-2082_0cfa43d79faebe7000cedfc71a8fa5de062422ff/flink-staging/flink-avro/src/test/java/org/apache/flink/api/io/avro/AvroRecordInputFormatTest.java:[256,96] unchecked cast
  required: org.apache.flink.api.common.typeinfo.TypeInformation<org.apache.flink.api.io.avro.generated.User>
  found:    org.apache.flink.api.common.typeinfo.TypeInformation<capture#2 of ?>
[INFO] 
[INFO] --- maven-assembly-plugin:2.4:single (create-test-dependency) @ flink-avro ---
[INFO] Reading assembly descriptor: src/test/assembly/test-assembly.xml
[INFO] Building jar: /space/parallel/flink/flink9/dataset/flink/FLINK-2082_0cfa43d79faebe7000cedfc71a8fa5de062422ff/flink-staging/flink-avro/target/maven-test-jar.jar
[INFO] 
[INFO] --- maven-clean-plugin:2.5:clean (remove-avroexternalprogram) @ flink-avro ---
[INFO] Deleting /space/parallel/flink/flink9/dataset/flink/FLINK-2082_0cfa43d79faebe7000cedfc71a8fa5de062422ff/flink-staging/flink-avro/target/test-classes (includes = [**/testjar/*.class], excludes = [])
[INFO] 
[INFO] --- maven-surefire-plugin:2.17:test (default-test) @ flink-avro ---
[INFO] Surefire report directory: /space/parallel/flink/flink9/dataset/flink/FLINK-2082_0cfa43d79faebe7000cedfc71a8fa5de062422ff/flink-staging/flink-avro/target/surefire-reports

-------------------------------------------------------
 T E S T S
-------------------------------------------------------

-------------------------------------------------------
 T E S T S
-------------------------------------------------------
Running org.apache.flink.api.java.io.AvroInputFormatTypeExtractionTest
Running org.apache.flink.api.avro.AvroOutputFormatTest
Running org.apache.flink.api.avro.EncoderDecoderTest
Running org.apache.flink.api.io.avro.AvroSplittableInputFormatTest
Running org.apache.flink.api.io.avro.AvroRecordInputFormatTest
Running org.apache.flink.api.io.avro.AvroPojoTest
Tests run: 1, Failures: 0, Errors: 0, Skipped: 0, Time elapsed: 0.498 sec - in org.apache.flink.api.java.io.AvroInputFormatTypeExtractionTest
Tests run: 8, Failures: 0, Errors: 0, Skipped: 0, Time elapsed: 0.942 sec - in org.apache.flink.api.avro.EncoderDecoderTest
Tests run: 3, Failures: 0, Errors: 0, Skipped: 0, Time elapsed: 2.023 sec - in org.apache.flink.api.io.avro.AvroRecordInputFormatTest
Tests run: 1, Failures: 0, Errors: 0, Skipped: 0, Time elapsed: 2.594 sec - in org.apache.flink.api.io.avro.AvroSplittableInputFormatTest
Tests run: 3, Failures: 0, Errors: 0, Skipped: 0, Time elapsed: 5.876 sec - in org.apache.flink.api.avro.AvroOutputFormatTest
Tests run: 12, Failures: 0, Errors: 0, Skipped: 0, Time elapsed: 8.536 sec - in org.apache.flink.api.io.avro.AvroPojoTest

Results :

Tests run: 28, Failures: 0, Errors: 0, Skipped: 0

[INFO]                                                                         
[INFO] ------------------------------------------------------------------------
[INFO] Building flink-jdbc 0.9-SNAPSHOT
[INFO] ------------------------------------------------------------------------
[INFO] 
[INFO] --- maven-checkstyle-plugin:2.12.1:check (validate) @ flink-jdbc ---
[INFO] 
[INFO] 
[INFO] --- maven-enforcer-plugin:1.3.1:enforce (enforce-maven) @ flink-jdbc ---
[INFO] 
[INFO] --- maven-remote-resources-plugin:1.5:process (default) @ flink-jdbc ---
[INFO] 
[INFO] --- maven-resources-plugin:2.6:resources (default-resources) @ flink-jdbc ---
[INFO] Using 'UTF-8' encoding to copy filtered resources.
[INFO] skip non existing resourceDirectory /space/parallel/flink/flink9/dataset/flink/FLINK-2082_0cfa43d79faebe7000cedfc71a8fa5de062422ff/flink-staging/flink-jdbc/src/main/resources
[INFO] Copying 3 resources
[INFO] 
[INFO] --- maven-compiler-plugin:3.1:compile (default-compile) @ flink-jdbc ---
[INFO] Nothing to compile - all classes are up to date
[INFO] 
[INFO] --- maven-resources-plugin:2.6:testResources (default-testResources) @ flink-jdbc ---
[INFO] Using 'UTF-8' encoding to copy filtered resources.
[INFO] Copying 2 resources
[INFO] Copying 3 resources
[INFO] 
[INFO] --- maven-compiler-plugin:3.1:testCompile (default-testCompile) @ flink-jdbc ---
[INFO] Nothing to compile - all classes are up to date
[INFO] 
[INFO] --- maven-surefire-plugin:2.17:test (default-test) @ flink-jdbc ---
[INFO] Surefire report directory: /space/parallel/flink/flink9/dataset/flink/FLINK-2082_0cfa43d79faebe7000cedfc71a8fa5de062422ff/flink-staging/flink-jdbc/target/surefire-reports

-------------------------------------------------------
 T E S T S
-------------------------------------------------------

-------------------------------------------------------
 T E S T S
-------------------------------------------------------
Running org.apache.flink.api.java.record.io.jdbc.JDBCOutputFormatTest
Running org.apache.flink.api.java.record.io.jdbc.JDBCInputFormatTest
Running org.apache.flink.api.java.io.jdbc.JDBCOutputFormatTest
Running org.apache.flink.api.java.io.jdbc.JDBCInputFormatTest
Tests run: 1, Failures: 0, Errors: 0, Skipped: 0, Time elapsed: 2.676 sec - in org.apache.flink.api.java.record.io.jdbc.JDBCOutputFormatTest
Tests run: 6, Failures: 0, Errors: 0, Skipped: 0, Time elapsed: 2.649 sec - in org.apache.flink.api.java.io.jdbc.JDBCInputFormatTest
Tests run: 6, Failures: 0, Errors: 0, Skipped: 0, Time elapsed: 2.813 sec - in org.apache.flink.api.java.io.jdbc.JDBCOutputFormatTest
Tests run: 7, Failures: 0, Errors: 0, Skipped: 0, Time elapsed: 2.96 sec - in org.apache.flink.api.java.record.io.jdbc.JDBCInputFormatTest

Results :

Tests run: 20, Failures: 0, Errors: 0, Skipped: 0

[INFO]                                                                         
[INFO] ------------------------------------------------------------------------
[INFO] Building flink-spargel 0.9-SNAPSHOT
[INFO] ------------------------------------------------------------------------
[INFO] 
[INFO] --- maven-checkstyle-plugin:2.12.1:check (validate) @ flink-spargel ---
[INFO] 
[INFO] 
[INFO] --- maven-enforcer-plugin:1.3.1:enforce (enforce-maven) @ flink-spargel ---
[INFO] 
[INFO] --- maven-remote-resources-plugin:1.5:process (default) @ flink-spargel ---
[INFO] 
[INFO] --- maven-resources-plugin:2.6:resources (default-resources) @ flink-spargel ---
[INFO] Using 'UTF-8' encoding to copy filtered resources.
[INFO] skip non existing resourceDirectory /space/parallel/flink/flink9/dataset/flink/FLINK-2082_0cfa43d79faebe7000cedfc71a8fa5de062422ff/flink-staging/flink-spargel/src/main/resources
[INFO] Copying 3 resources
[INFO] 
[INFO] --- maven-compiler-plugin:3.1:compile (default-compile) @ flink-spargel ---
[INFO] Nothing to compile - all classes are up to date
[INFO] 
[INFO] --- maven-resources-plugin:2.6:testResources (default-testResources) @ flink-spargel ---
[INFO] Using 'UTF-8' encoding to copy filtered resources.
[INFO] Copying 2 resources
[INFO] Copying 3 resources
[INFO] 
[INFO] --- maven-compiler-plugin:3.1:testCompile (default-testCompile) @ flink-spargel ---
[INFO] Nothing to compile - all classes are up to date
[INFO] 
[INFO] --- maven-surefire-plugin:2.17:test (default-test) @ flink-spargel ---
[INFO] Surefire report directory: /space/parallel/flink/flink9/dataset/flink/FLINK-2082_0cfa43d79faebe7000cedfc71a8fa5de062422ff/flink-staging/flink-spargel/target/surefire-reports

-------------------------------------------------------
 T E S T S
-------------------------------------------------------

-------------------------------------------------------
 T E S T S
-------------------------------------------------------
Running org.apache.flink.spargel.java.SpargelCompilerTest
Running org.apache.flink.spargel.java.SpargelTranslationTest
Tests run: 2, Failures: 0, Errors: 0, Skipped: 0, Time elapsed: 0.386 sec - in org.apache.flink.spargel.java.SpargelTranslationTest
Tests run: 2, Failures: 0, Errors: 0, Skipped: 0, Time elapsed: 0.671 sec - in org.apache.flink.spargel.java.SpargelCompilerTest

Results :

Tests run: 4, Failures: 0, Errors: 0, Skipped: 0

[INFO]                                                                         
[INFO] ------------------------------------------------------------------------
[INFO] Building flink-hadoop-compatibility 0.9-SNAPSHOT
[INFO] ------------------------------------------------------------------------
[INFO] 
[INFO] --- maven-checkstyle-plugin:2.12.1:check (validate) @ flink-hadoop-compatibility ---
[INFO] 
[INFO] 
[INFO] --- maven-enforcer-plugin:1.3.1:enforce (enforce-maven) @ flink-hadoop-compatibility ---
[INFO] 
[INFO] --- maven-remote-resources-plugin:1.5:process (default) @ flink-hadoop-compatibility ---
[INFO] 
[INFO] --- maven-resources-plugin:2.6:resources (default-resources) @ flink-hadoop-compatibility ---
[INFO] Using 'UTF-8' encoding to copy filtered resources.
[INFO] skip non existing resourceDirectory /space/parallel/flink/flink9/dataset/flink/FLINK-2082_0cfa43d79faebe7000cedfc71a8fa5de062422ff/flink-staging/flink-hadoop-compatibility/src/main/resources
[INFO] Copying 3 resources
[INFO] 
[INFO] --- maven-compiler-plugin:3.1:compile (default-compile) @ flink-hadoop-compatibility ---
[INFO] Nothing to compile - all classes are up to date
[INFO] 
[INFO] --- maven-resources-plugin:2.6:testResources (default-testResources) @ flink-hadoop-compatibility ---
[INFO] Using 'UTF-8' encoding to copy filtered resources.
[INFO] Copying 2 resources
[INFO] Copying 3 resources
[INFO] 
[INFO] --- maven-compiler-plugin:3.1:testCompile (default-testCompile) @ flink-hadoop-compatibility ---
[INFO] Nothing to compile - all classes are up to date
[INFO] 
[INFO] --- maven-surefire-plugin:2.17:test (default-test) @ flink-hadoop-compatibility ---
[INFO] Surefire report directory: /space/parallel/flink/flink9/dataset/flink/FLINK-2082_0cfa43d79faebe7000cedfc71a8fa5de062422ff/flink-staging/flink-hadoop-compatibility/target/surefire-reports

-------------------------------------------------------
 T E S T S
-------------------------------------------------------

-------------------------------------------------------
 T E S T S
-------------------------------------------------------
Running org.apache.flink.test.hadoopcompatibility.mapred.wrapper.HadoopTupleUnwrappingIteratorTest
Tests run: 1, Failures: 0, Errors: 0, Skipped: 0, Time elapsed: 0.224 sec - in org.apache.flink.test.hadoopcompatibility.mapred.wrapper.HadoopTupleUnwrappingIteratorTest

Results :

Tests run: 1, Failures: 0, Errors: 0, Skipped: 0

[INFO]                                                                         
[INFO] ------------------------------------------------------------------------
[INFO] Building flink-streaming 0.9-SNAPSHOT
[INFO] ------------------------------------------------------------------------
[INFO] 
[INFO] --- maven-checkstyle-plugin:2.12.1:check (validate) @ flink-streaming-parent ---
[INFO] 
[INFO] 
[INFO] --- maven-enforcer-plugin:1.3.1:enforce (enforce-maven) @ flink-streaming-parent ---
[INFO] 
[INFO] --- maven-remote-resources-plugin:1.5:process (default) @ flink-streaming-parent ---
[INFO]                                                                         
[INFO] ------------------------------------------------------------------------
[INFO] Building flink-streaming-core 0.9-SNAPSHOT
[INFO] ------------------------------------------------------------------------
[INFO] 
[INFO] --- maven-checkstyle-plugin:2.12.1:check (validate) @ flink-streaming-core ---
[INFO] 
[INFO] 
[INFO] --- maven-enforcer-plugin:1.3.1:enforce (enforce-maven) @ flink-streaming-core ---
[INFO] 
[INFO] --- maven-remote-resources-plugin:1.5:process (default) @ flink-streaming-core ---
[INFO] 
[INFO] --- maven-resources-plugin:2.6:resources (default-resources) @ flink-streaming-core ---
[INFO] Using 'UTF-8' encoding to copy filtered resources.
[INFO] skip non existing resourceDirectory /space/parallel/flink/flink9/dataset/flink/FLINK-2082_0cfa43d79faebe7000cedfc71a8fa5de062422ff/flink-staging/flink-streaming/flink-streaming-core/src/main/resources
[INFO] Copying 3 resources
[INFO] 
[INFO] --- maven-compiler-plugin:3.1:compile (default-compile) @ flink-streaming-core ---
[INFO] Nothing to compile - all classes are up to date
[INFO] 
[INFO] --- maven-resources-plugin:2.6:testResources (default-testResources) @ flink-streaming-core ---
[INFO] Using 'UTF-8' encoding to copy filtered resources.
[INFO] Copying 3 resources
[INFO] Copying 3 resources
[INFO] 
[INFO] --- maven-compiler-plugin:3.1:testCompile (default-testCompile) @ flink-streaming-core ---
[INFO] Nothing to compile - all classes are up to date
[INFO] 
[INFO] --- maven-surefire-plugin:2.17:test (default-test) @ flink-streaming-core ---
[INFO] Surefire report directory: /space/parallel/flink/flink9/dataset/flink/FLINK-2082_0cfa43d79faebe7000cedfc71a8fa5de062422ff/flink-staging/flink-streaming/flink-streaming-core/target/surefire-reports

-------------------------------------------------------
 T E S T S
-------------------------------------------------------

-------------------------------------------------------
 T E S T S
-------------------------------------------------------
Running org.apache.flink.streaming.api.operators.co.CoGroupedReduceTest
Running org.apache.flink.streaming.api.operators.StreamReduceTest
Running org.apache.flink.streaming.api.operators.co.CoFlatMapTest
Running org.apache.flink.streaming.api.operators.co.CoStreamReduceTest
Running org.apache.flink.streaming.api.operators.co.SelfConnectionTest
Running org.apache.flink.streaming.api.operators.co.CoMapTest
Running org.apache.flink.streaming.api.operators.GroupedFoldTest
Running org.apache.flink.streaming.api.operators.co.CoWindowTest
Running org.apache.flink.streaming.api.operators.FilterTest
Running org.apache.flink.streaming.api.operators.ProjectTest
Running org.apache.flink.streaming.api.operators.CounterTest
Running org.apache.flink.streaming.api.operators.StreamFoldTest
Running org.apache.flink.streaming.api.operators.GroupedReduceTest
Running org.apache.flink.streaming.api.operators.windowing.WindowReducerTest
Running org.apache.flink.streaming.api.operators.windowing.StreamDiscretizerTest
Running org.apache.flink.streaming.api.operators.windowing.WindowPartitionerTest
Running org.apache.flink.streaming.api.operators.FlatMapTest
Running org.apache.flink.streaming.api.operators.windowing.WindowIntegrationTest
Running org.apache.flink.streaming.api.operators.MapTest
Running org.apache.flink.streaming.api.operators.windowing.WindowFolderTest
Running org.apache.flink.streaming.api.operators.windowing.ParallelMergeTest
Running org.apache.flink.streaming.api.operators.windowing.WindowMergerTest
Running org.apache.flink.streaming.api.operators.windowing.GroupedStreamDiscretizerTest
Running org.apache.flink.streaming.api.operators.windowing.WindowFlattenerTest
Tests run: 1, Failures: 0, Errors: 0, Skipped: 0, Time elapsed: 0.354 sec - in org.apache.flink.streaming.api.operators.StreamReduceTest
Running org.apache.flink.streaming.api.operators.windowing.WindowMapperTest
Tests run: 1, Failures: 0, Errors: 0, Skipped: 0, Time elapsed: 0.913 sec - in org.apache.flink.streaming.api.operators.co.CoWindowTest
Running org.apache.flink.streaming.api.streamtask.StreamVertexTest
Tests run: 2, Failures: 0, Errors: 0, Skipped: 0, Time elapsed: 0.926 sec - in org.apache.flink.streaming.api.operators.windowing.ParallelMergeTest
Running org.apache.flink.streaming.api.IterateTest
Tests run: 1, Failures: 0, Errors: 0, Skipped: 0, Time elapsed: 1.723 sec - in org.apache.flink.streaming.api.operators.co.CoGroupedReduceTest
Running org.apache.flink.streaming.api.CoStreamTest
Tests run: 1, Failures: 0, Errors: 0, Skipped: 0, Time elapsed: 1.458 sec - in org.apache.flink.streaming.api.operators.StreamFoldTest
Running org.apache.flink.streaming.api.DataStreamTest
Tests run: 1, Failures: 0, Errors: 0, Skipped: 0, Time elapsed: 1.565 sec - in org.apache.flink.streaming.api.operators.co.CoMapTest
Running org.apache.flink.streaming.api.complex.ComplexIntegrationTest
Tests run: 1, Failures: 0, Errors: 0, Skipped: 0, Time elapsed: 1.664 sec - in org.apache.flink.streaming.api.operators.FilterTest
Running org.apache.flink.streaming.api.ChainedRuntimeContextTest
Tests run: 1, Failures: 0, Errors: 0, Skipped: 0, Time elapsed: 1.68 sec - in org.apache.flink.streaming.api.operators.MapTest
Running org.apache.flink.streaming.api.AggregationFunctionTest
Tests run: 2, Failures: 0, Errors: 0, Skipped: 0, Time elapsed: 1.798 sec - in org.apache.flink.streaming.api.operators.co.CoFlatMapTest
Running org.apache.flink.streaming.api.TypeFillTest
Tests run: 1, Failures: 0, Errors: 0, Skipped: 0, Time elapsed: 1.857 sec - in org.apache.flink.streaming.api.operators.CounterTest
Running org.apache.flink.streaming.api.OutputSplitterTest
Tests run: 1, Failures: 0, Errors: 0, Skipped: 0, Time elapsed: 0.412 sec - in org.apache.flink.streaming.api.DataStreamTest
Running org.apache.flink.streaming.api.graph.SlotAllocationTest
Tests run: 1, Failures: 0, Errors: 0, Skipped: 0, Time elapsed: 1.559 sec - in org.apache.flink.streaming.api.operators.windowing.WindowMapperTest
Running org.apache.flink.streaming.api.graph.StreamingJobGraphGeneratorTest
Tests run: 1, Failures: 0, Errors: 0, Skipped: 0, Time elapsed: 1.773 sec - in org.apache.flink.streaming.api.operators.windowing.GroupedStreamDiscretizerTest
Running org.apache.flink.streaming.api.WindowCrossJoinTest
Tests run: 1, Failures: 0, Errors: 0, Skipped: 0, Time elapsed: 2.054 sec - in org.apache.flink.streaming.api.operators.GroupedReduceTest
Running org.apache.flink.streaming.api.SourceFunctionTest
Tests run: 3, Failures: 0, Errors: 0, Skipped: 0, Time elapsed: 0.029 sec - in org.apache.flink.streaming.api.SourceFunctionTest
Tests run: 1, Failures: 0, Errors: 0, Skipped: 0, Time elapsed: 0.205 sec - in org.apache.flink.streaming.api.graph.StreamingJobGraphGeneratorTest
Running org.apache.flink.streaming.api.windowing.windowbuffer.SlidingTimePreReducerTest
Running org.apache.flink.streaming.api.windowing.windowbuffer.BasicWindowBufferTest
Tests run: 1, Failures: 0, Errors: 0, Skipped: 0, Time elapsed: 0.006 sec - in org.apache.flink.streaming.api.windowing.windowbuffer.BasicWindowBufferTest
Running org.apache.flink.streaming.api.windowing.windowbuffer.TumblingGroupedPreReducerTest
Tests run: 2, Failures: 0, Errors: 0, Skipped: 0, Time elapsed: 0.06 sec - in org.apache.flink.streaming.api.windowing.windowbuffer.TumblingGroupedPreReducerTest
Running org.apache.flink.streaming.api.windowing.windowbuffer.SlidingTimeGroupedPreReducerTest
Tests run: 1, Failures: 0, Errors: 0, Skipped: 0, Time elapsed: 2.184 sec - in org.apache.flink.streaming.api.operators.FlatMapTest
Running org.apache.flink.streaming.api.windowing.windowbuffer.JumpingCountGroupedPreReducerTest
Tests run: 4, Failures: 0, Errors: 0, Skipped: 0, Time elapsed: 0.097 sec - in org.apache.flink.streaming.api.windowing.windowbuffer.SlidingTimePreReducerTest
Running org.apache.flink.streaming.api.windowing.windowbuffer.SlidingCountPreReducerTest
Tests run: 2, Failures: 0, Errors: 0, Skipped: 0, Time elapsed: 0.05 sec - in org.apache.flink.streaming.api.windowing.windowbuffer.JumpingCountGroupedPreReducerTest
Running org.apache.flink.streaming.api.windowing.windowbuffer.SlidingCountGroupedPreReducerTest
Tests run: 4, Failures: 0, Errors: 0, Skipped: 0, Time elapsed: 0.05 sec - in org.apache.flink.streaming.api.windowing.windowbuffer.SlidingCountPreReducerTest
Running org.apache.flink.streaming.api.windowing.windowbuffer.JumpingTimePreReducerTest
Tests run: 4, Failures: 0, Errors: 0, Skipped: 0, Time elapsed: 0.014 sec - in org.apache.flink.streaming.api.windowing.windowbuffer.SlidingCountGroupedPreReducerTest
Running org.apache.flink.streaming.api.windowing.windowbuffer.TumblingPreReducerTest
Tests run: 1, Failures: 0, Errors: 0, Skipped: 0, Time elapsed: 0.011 sec - in org.apache.flink.streaming.api.windowing.windowbuffer.TumblingPreReducerTest
Running org.apache.flink.streaming.api.windowing.windowbuffer.JumpingCountPreReducerTest
Tests run: 1, Failures: 0, Errors: 0, Skipped: 0, Time elapsed: 0.024 sec - in org.apache.flink.streaming.api.windowing.windowbuffer.JumpingTimePreReducerTest
Running org.apache.flink.streaming.api.windowing.StreamWindowTest
Tests run: 4, Failures: 0, Errors: 0, Skipped: 0, Time elapsed: 0.111 sec - in org.apache.flink.streaming.api.windowing.windowbuffer.SlidingTimeGroupedPreReducerTest
Running org.apache.flink.streaming.api.windowing.deltafunction.CosineDistanceTest
Tests run: 1, Failures: 0, Errors: 0, Skipped: 0, Time elapsed: 0.008 sec - in org.apache.flink.streaming.api.windowing.windowbuffer.JumpingCountPreReducerTest
Tests run: 1, Failures: 0, Errors: 0, Skipped: 0, Time elapsed: 2.312 sec - in org.apache.flink.streaming.api.operators.co.CoStreamReduceTest
Running org.apache.flink.streaming.api.windowing.deltafunction.EuclideanDistanceTest
Tests run: 1, Failures: 0, Errors: 0, Skipped: 0, Time elapsed: 0.017 sec - in org.apache.flink.streaming.api.windowing.deltafunction.CosineDistanceTest
Running org.apache.flink.streaming.api.windowing.extractor.ConcatinatedExtractTest
Tests run: 1, Failures: 0, Errors: 0, Skipped: 0, Time elapsed: 0.011 sec - in org.apache.flink.streaming.api.windowing.deltafunction.EuclideanDistanceTest
Running org.apache.flink.streaming.api.windowing.extractor.FieldFromTupleTest
Running org.apache.flink.streaming.api.windowing.extractor.FieldsFromTupleTest
Tests run: 1, Failures: 0, Errors: 0, Skipped: 0, Time elapsed: 0.442 sec - in org.apache.flink.streaming.api.graph.SlotAllocationTest
Running org.apache.flink.streaming.api.windowing.extractor.FieldsFromArrayTest
Tests run: 2, Failures: 0, Errors: 0, Skipped: 0, Time elapsed: 0.022 sec - in org.apache.flink.streaming.api.windowing.extractor.ConcatinatedExtractTest
Running org.apache.flink.streaming.api.windowing.extractor.ArrayFromTupleTest
Tests run: 3, Failures: 0, Errors: 0, Skipped: 0, Time elapsed: 0.016 sec - in org.apache.flink.streaming.api.windowing.extractor.FieldsFromArrayTest
Running org.apache.flink.streaming.api.windowing.extractor.FieldFromArrayTest
Tests run: 1, Failures: 0, Errors: 0, Skipped: 0, Time elapsed: 0.563 sec - in org.apache.flink.streaming.api.TypeFillTest
Tests run: 1, Failures: 0, Errors: 0, Skipped: 0, Time elapsed: 0.033 sec - in org.apache.flink.streaming.api.windowing.extractor.FieldFromTupleTest
Running org.apache.flink.streaming.api.windowing.policy.PunctuationPolicyTest
Tests run: 4, Failures: 0, Errors: 0, Skipped: 0, Time elapsed: 0.07 sec - in org.apache.flink.streaming.api.windowing.StreamWindowTest
Running org.apache.flink.streaming.api.windowing.policy.TumblingEvictionPolicyTest
Tests run: 3, Failures: 0, Errors: 0, Skipped: 0, Time elapsed: 0.018 sec - in org.apache.flink.streaming.api.windowing.extractor.FieldFromArrayTest
Running org.apache.flink.streaming.api.windowing.policy.MultiTriggerPolicyTest
Tests run: 1, Failures: 0, Errors: 0, Skipped: 0, Time elapsed: 0.007 sec - in org.apache.flink.streaming.api.windowing.policy.TumblingEvictionPolicyTest
Running org.apache.flink.streaming.api.windowing.policy.MultiEvictionPolicyTest
Running org.apache.flink.streaming.api.windowing.policy.CountTriggerPolicyTest
Tests run: 2, Failures: 0, Errors: 0, Skipped: 0, Time elapsed: 0.033 sec - in org.apache.flink.streaming.api.windowing.extractor.ArrayFromTupleTest
Running org.apache.flink.streaming.api.windowing.policy.CountEvictionPolicyTest
Tests run: 1, Failures: 0, Errors: 0, Skipped: 0, Time elapsed: 2.387 sec - in org.apache.flink.streaming.api.operators.GroupedFoldTest
Running org.apache.flink.streaming.api.windowing.policy.TimeTriggerPolicyTest
Tests run: 5, Failures: 0, Errors: 0, Skipped: 0, Time elapsed: 0.027 sec - in org.apache.flink.streaming.api.windowing.policy.PunctuationPolicyTest
Running org.apache.flink.streaming.api.windowing.policy.DeltaPolicyTest
Tests run: 2, Failures: 0, Errors: 0, Skipped: 0, Time elapsed: 0.011 sec - in org.apache.flink.streaming.api.windowing.policy.DeltaPolicyTest
Running org.apache.flink.streaming.api.windowing.policy.TimeEvictionPolicyTest
Tests run: 3, Failures: 0, Errors: 0, Skipped: 0, Time elapsed: 0.051 sec - in org.apache.flink.streaming.api.windowing.policy.CountTriggerPolicyTest
Running org.apache.flink.streaming.api.collector.OutputSelectorTest
Tests run: 2, Failures: 0, Errors: 0, Skipped: 0, Time elapsed: 0.041 sec - in org.apache.flink.streaming.api.windowing.policy.TimeEvictionPolicyTest
Running org.apache.flink.streaming.api.collector.StreamCollectorTest
Tests run: 3, Failures: 0, Errors: 0, Skipped: 0, Time elapsed: 0.076 sec - in org.apache.flink.streaming.api.windowing.policy.CountEvictionPolicyTest
Running org.apache.flink.streaming.api.collector.DirectedOutputTest
Tests run: 1, Failures: 0, Errors: 0, Skipped: 0, Time elapsed: 0.131 sec - in org.apache.flink.streaming.api.windowing.extractor.FieldsFromTupleTest
Running org.apache.flink.streaming.runtime.partitioner.ShufflePartitionerTest
Tests run: 2, Failures: 0, Errors: 0, Skipped: 0, Time elapsed: 0.025 sec - in org.apache.flink.streaming.runtime.partitioner.ShufflePartitionerTest
Running org.apache.flink.streaming.runtime.partitioner.FieldsPartitionerTest
Tests run: 3, Failures: 0, Errors: 0, Skipped: 0, Time elapsed: 0.112 sec - in org.apache.flink.streaming.api.windowing.policy.TimeTriggerPolicyTest
Running org.apache.flink.streaming.runtime.partitioner.GlobalPartitionerTest
Tests run: 8, Failures: 0, Errors: 0, Skipped: 0, Time elapsed: 0.151 sec - in org.apache.flink.streaming.api.windowing.policy.MultiEvictionPolicyTest
Running org.apache.flink.streaming.runtime.partitioner.ForwardPartitionerTest
Tests run: 2, Failures: 0, Errors: 0, Skipped: 0, Time elapsed: 0.044 sec - in org.apache.flink.streaming.runtime.partitioner.FieldsPartitionerTest
Tests run: 1, Failures: 0, Errors: 0, Skipped: 0, Time elapsed: 0.108 sec - in org.apache.flink.streaming.api.collector.OutputSelectorTest
Tests run: 3, Failures: 0, Errors: 0, Skipped: 0, Time elapsed: 0.171 sec - in org.apache.flink.streaming.api.windowing.policy.MultiTriggerPolicyTest
Running org.apache.flink.streaming.runtime.io.BarrierBufferTest
Running org.apache.flink.streaming.runtime.partitioner.DistributePartitionerTest
Running org.apache.flink.streaming.runtime.partitioner.BroadcastPartitionerTest
Tests run: 1, Failures: 0, Errors: 0, Skipped: 0, Time elapsed: 0.005 sec - in org.apache.flink.streaming.runtime.partitioner.BroadcastPartitionerTest
Running org.apache.flink.streaming.runtime.io.SpillingBufferOrEventTest
Tests run: 2, Failures: 0, Errors: 0, Skipped: 0, Time elapsed: 0.054 sec - in org.apache.flink.streaming.runtime.partitioner.ForwardPartitionerTest
Running org.apache.flink.streaming.runtime.io.BarrierBufferIOTest
Tests run: 1, Failures: 0, Errors: 0, Skipped: 0, Time elapsed: 0.086 sec - in org.apache.flink.streaming.runtime.partitioner.GlobalPartitionerTest
Running org.apache.flink.streaming.runtime.io.CoRecordReaderTest
Tests run: 2, Failures: 0, Errors: 0, Skipped: 0, Time elapsed: 0.068 sec - in org.apache.flink.streaming.runtime.partitioner.DistributePartitionerTest
Tests run: 1, Failures: 0, Errors: 0, Skipped: 0, Time elapsed: 0.154 sec - in org.apache.flink.streaming.runtime.io.SpillingBufferOrEventTest
Tests run: 2, Failures: 0, Errors: 0, Skipped: 0, Time elapsed: 2.787 sec - in org.apache.flink.streaming.api.operators.windowing.StreamDiscretizerTest
Tests run: 1, Failures: 0, Errors: 0, Skipped: 0, Time elapsed: 0.285 sec - in org.apache.flink.streaming.runtime.io.CoRecordReaderTest
Tests run: 3, Failures: 0, Errors: 0, Skipped: 0, Time elapsed: 0.451 sec - in org.apache.flink.streaming.runtime.io.BarrierBufferTest
Tests run: 4, Failures: 0, Errors: 0, Skipped: 0, Time elapsed: 1.433 sec - in org.apache.flink.streaming.api.AggregationFunctionTest
Tests run: 2, Failures: 0, Errors: 0, Skipped: 0, Time elapsed: 1.338 sec - in org.apache.flink.streaming.api.collector.StreamCollectorTest
Tests run: 1, Failures: 0, Errors: 0, Skipped: 0, Time elapsed: 5.089 sec - in org.apache.flink.streaming.api.operators.windowing.WindowFolderTest
Tests run: 1, Failures: 0, Errors: 0, Skipped: 0, Time elapsed: 4.963 sec - in org.apache.flink.streaming.api.operators.windowing.WindowFlattenerTest
Tests run: 1, Failures: 0, Errors: 0, Skipped: 0, Time elapsed: 5.223 sec - in org.apache.flink.streaming.api.operators.windowing.WindowPartitionerTest
Tests run: 1, Failures: 0, Errors: 0, Skipped: 0, Time elapsed: 5.635 sec - in org.apache.flink.streaming.api.operators.windowing.WindowReducerTest
Tests run: 1, Failures: 0, Errors: 0, Skipped: 0, Time elapsed: 6.258 sec - in org.apache.flink.streaming.api.operators.windowing.WindowMergerTest
Tests run: 2, Failures: 0, Errors: 0, Skipped: 0, Time elapsed: 7.701 sec - in org.apache.flink.streaming.api.operators.ProjectTest
Tests run: 1, Failures: 0, Errors: 0, Skipped: 0, Time elapsed: 5.608 sec - in org.apache.flink.streaming.api.collector.DirectedOutputTest
Tests run: 2, Failures: 0, Errors: 0, Skipped: 0, Time elapsed: 6.545 sec - in org.apache.flink.streaming.api.OutputSplitterTest
Tests run: 1, Failures: 1, Errors: 0, Skipped: 0, Time elapsed: 7.225 sec <<< FAILURE! - in org.apache.flink.streaming.api.ChainedRuntimeContextTest
test(org.apache.flink.streaming.api.ChainedRuntimeContextTest)  Time elapsed: 7.208 sec  <<< FAILURE!
java.lang.AssertionError: Values should be different. Actual: org.apache.flink.streaming.runtime.tasks.StreamingRuntimeContext@627b987d
	at org.junit.Assert.fail(Assert.java:88)
	at org.junit.Assert.failEquals(Assert.java:185)
	at org.junit.Assert.assertNotEquals(Assert.java:161)
	at org.junit.Assert.assertNotEquals(Assert.java:175)
	at org.apache.flink.streaming.api.ChainedRuntimeContextTest.test(ChainedRuntimeContextTest.java:42)

Tests run: 3, Failures: 0, Errors: 0, Skipped: 0, Time elapsed: 8.133 sec - in org.apache.flink.streaming.api.streamtask.StreamVertexTest
Tests run: 1, Failures: 0, Errors: 0, Skipped: 0, Time elapsed: 8.104 sec - in org.apache.flink.streaming.api.WindowCrossJoinTest
Tests run: 1, Failures: 0, Errors: 0, Skipped: 0, Time elapsed: 8.96 sec - in org.apache.flink.streaming.api.CoStreamTest
Tests run: 3, Failures: 0, Errors: 0, Skipped: 0, Time elapsed: 10.578 sec - in org.apache.flink.streaming.api.operators.co.SelfConnectionTest
Tests run: 1, Failures: 0, Errors: 0, Skipped: 0, Time elapsed: 13.3 sec - in org.apache.flink.streaming.api.operators.windowing.WindowIntegrationTest
Tests run: 2, Failures: 0, Errors: 0, Skipped: 0, Time elapsed: 12.431 sec - in org.apache.flink.streaming.api.IterateTest
Tests run: 1, Failures: 0, Errors: 0, Skipped: 0, Time elapsed: 12.234 sec - in org.apache.flink.streaming.runtime.io.BarrierBufferIOTest
Tests run: 6, Failures: 0, Errors: 0, Skipped: 1, Time elapsed: 23.489 sec - in org.apache.flink.streaming.api.complex.ComplexIntegrationTest

Results :

Failed tests: 
  ChainedRuntimeContextTest.test:42 Values should be different. Actual: org.apache.flink.streaming.runtime.tasks.StreamingRuntimeContext@627b987d

Tests run: 150, Failures: 1, Errors: 0, Skipped: 1

[INFO] ------------------------------------------------------------------------
[INFO] Reactor Summary:
[INFO] 
[INFO] flink-staging ...................................... SUCCESS [  2.189 s]
[INFO] flink-avro ......................................... SUCCESS [ 14.619 s]
[INFO] flink-jdbc ......................................... SUCCESS [  4.194 s]
[INFO] flink-spargel ...................................... SUCCESS [  1.729 s]
[INFO] flink-hadoop-compatibility ......................... SUCCESS [  1.195 s]
[INFO] flink-streaming .................................... SUCCESS [  0.387 s]
[INFO] flink-streaming-core ............................... FAILURE [ 28.180 s]
[INFO] flink-streaming-scala .............................. SKIPPED
[INFO] flink-streaming-connectors ......................... SKIPPED
[INFO] flink-streaming-examples ........................... SKIPPED
[INFO] flink-hbase ........................................ SKIPPED
[INFO] flink-gelly ........................................ SKIPPED
[INFO] flink-hcatalog ..................................... SKIPPED
[INFO] flink-table ........................................ SKIPPED
[INFO] flink-ml ........................................... SKIPPED
[INFO] flink-language-binding ............................. SKIPPED
[INFO] flink-language-binding-generic ..................... SKIPPED
[INFO] flink-python ....................................... SKIPPED
[INFO] flink-tachyon ...................................... SKIPPED
[INFO] ------------------------------------------------------------------------
[INFO] BUILD FAILURE
[INFO] ------------------------------------------------------------------------
[INFO] Total time: 53.214 s
[INFO] Finished at: 2016-07-15T04:07:01-07:00
[INFO] Final Memory: 68M/3502M
[INFO] ------------------------------------------------------------------------
[ERROR] Failed to execute goal org.apache.maven.plugins:maven-surefire-plugin:2.17:test (default-test) on project flink-streaming-core: There are test failures.
[ERROR] 
[ERROR] Please refer to /space/parallel/flink/flink9/dataset/flink/FLINK-2082_0cfa43d79faebe7000cedfc71a8fa5de062422ff/flink-staging/flink-streaming/flink-streaming-core/target/surefire-reports for the individual test results.
[ERROR] -> [Help 1]
[ERROR] 
[ERROR] To see the full stack trace of the errors, re-run Maven with the -e switch.
[ERROR] Re-run Maven using the -X switch to enable full debug logging.
[ERROR] 
[ERROR] For more information about the errors and possible solutions, please read the following articles:
[ERROR] [Help 1] http://cwiki.apache.org/confluence/display/MAVEN/MojoFailureException
[ERROR] 
[ERROR] After correcting the problems, you can resume the build with the command
[ERROR]   mvn <goals> -rf :flink-streaming-core
