[INFO] Scanning for projects...
[WARNING] 
[WARNING] Some problems were encountered while building the effective model for org.apache.jackrabbit:oak-lucene:bundle:1.4-SNAPSHOT
[WARNING] 'dependencies.dependency.(groupId:artifactId:type:classifier)' must be unique: ch.qos.logback:logback-classic:jar -> duplicate declaration of version (?) @ org.apache.jackrabbit:oak-lucene:[unknown-version], /home/ylyu/parallel/oak/oak9/dataset/oak/OAK-3020_147515ae865fdade29511e10eabe9f2beb651518/oak-lucene/pom.xml, line 279, column 17
[WARNING] 
[WARNING] It is highly recommended to fix these problems because they threaten the stability of your build.
[WARNING] 
[WARNING] For this reason, future Maven versions might no longer support building such malformed projects.
[WARNING] 
[INFO]                                                                         
[INFO] ------------------------------------------------------------------------
[INFO] Building Oak Lucene 1.4-SNAPSHOT
[INFO] ------------------------------------------------------------------------
[INFO] 
[INFO] --- jacoco-maven-plugin:0.7.1.201405082137:prepare-agent (pre-unit-test) @ oak-lucene ---
[INFO] Skipping JaCoCo execution because property jacoco.skip is set.
[INFO] test.opts.coverage set to empty
[INFO] 
[INFO] --- maven-remote-resources-plugin:1.4:process (default) @ oak-lucene ---
[INFO] 
[INFO] --- maven-resources-plugin:2.6:resources (default-resources) @ oak-lucene ---
[INFO] Using 'UTF-8' encoding to copy filtered resources.
[INFO] Copying 2 resources
[INFO] Copying 3 resources
[INFO] 
[INFO] --- maven-compiler-plugin:2.5.1:compile (default-compile) @ oak-lucene ---
[INFO] Nothing to compile - all classes are up to date
[INFO] 
[INFO] --- maven-scr-plugin:1.16.0:scr (generate-scr-scrdescriptor) @ oak-lucene ---
[INFO] Generating 1 MetaType Descriptors in /home/ylyu/parallel/oak/oak9/dataset/oak/OAK-3020_147515ae865fdade29511e10eabe9f2beb651518/oak-lucene/target/classes/OSGI-INF/metatype/org.apache.jackrabbit.oak.plugins.index.lucene.LuceneIndexProviderService.xml
[INFO] Writing 1 Service Component Descriptors to /home/ylyu/parallel/oak/oak9/dataset/oak/OAK-3020_147515ae865fdade29511e10eabe9f2beb651518/oak-lucene/target/classes/OSGI-INF/org.apache.jackrabbit.oak.plugins.index.lucene.score.impl.ScorerProviderFactoryImpl.xml
[INFO] Writing 1 Service Component Descriptors to /home/ylyu/parallel/oak/oak9/dataset/oak/OAK-3020_147515ae865fdade29511e10eabe9f2beb651518/oak-lucene/target/classes/OSGI-INF/org.apache.jackrabbit.oak.plugins.index.lucene.LuceneIndexProviderService.xml
[INFO] 
[INFO] --- maven-resources-plugin:2.6:testResources (default-testResources) @ oak-lucene ---
[INFO] Using 'UTF-8' encoding to copy filtered resources.
[INFO] Copying 6 resources
[INFO] Copying 3 resources
[INFO] 
[INFO] --- maven-compiler-plugin:2.5.1:testCompile (default-testCompile) @ oak-lucene ---
[INFO] Nothing to compile - all classes are up to date
[INFO] 
[INFO] --- maven-surefire-plugin:2.12.4:test (default-test) @ oak-lucene ---
[INFO] Surefire report directory: /home/ylyu/parallel/oak/oak9/dataset/oak/OAK-3020_147515ae865fdade29511e10eabe9f2beb651518/oak-lucene/target/surefire-reports

-------------------------------------------------------
 T E S T S
-------------------------------------------------------
Running org.apache.jackrabbit.oak.plugins.index.lucene.LuceneIndexQueryTest
Tests run: 20, Failures: 0, Errors: 0, Skipped: 3, Time elapsed: 11.178 sec
Running org.apache.jackrabbit.oak.plugins.index.lucene.AggregateTest
Tests run: 17, Failures: 0, Errors: 0, Skipped: 0, Time elapsed: 0.008 sec
Running org.apache.jackrabbit.oak.plugins.index.lucene.LuceneIndexLookupTest
Tests run: 2, Failures: 0, Errors: 0, Skipped: 0, Time elapsed: 0 sec
Running org.apache.jackrabbit.oak.plugins.index.lucene.IndexDefinitionTest
Tests run: 37, Failures: 0, Errors: 0, Skipped: 0, Time elapsed: 0.169 sec
Running org.apache.jackrabbit.oak.plugins.index.lucene.OakDirectoryTest
Tests run: 7, Failures: 0, Errors: 0, Skipped: 0, Time elapsed: 0.274 sec
Running org.apache.jackrabbit.oak.plugins.index.lucene.LuceneIndexProviderServiceTest
Tests run: 4, Failures: 0, Errors: 0, Skipped: 0, Time elapsed: 0.142 sec
Running org.apache.jackrabbit.oak.plugins.index.lucene.LucenePropertyIndexTest
Tests run: 55, Failures: 0, Errors: 1, Skipped: 0, Time elapsed: 5.467 sec <<< FAILURE!
sortQueriesWithStringIgnoredMulti_OrderedProps(org.apache.jackrabbit.oak.plugins.index.lucene.LucenePropertyIndexTest)  Time elapsed: 0.038 sec  <<< ERROR!
org.apache.jackrabbit.oak.api.CommitFailedException: OakLucene0003: Failed to index the node /test/a
	at org.apache.jackrabbit.oak.plugins.index.lucene.LuceneIndexEditor.addOrUpdate(LuceneIndexEditor.java:300)
	at org.apache.jackrabbit.oak.plugins.index.lucene.LuceneIndexEditor.leave(LuceneIndexEditor.java:191)
	at org.apache.jackrabbit.oak.spi.commit.CompositeEditor.leave(CompositeEditor.java:74)
	at org.apache.jackrabbit.oak.spi.commit.VisibleEditor.leave(VisibleEditor.java:63)
	at org.apache.jackrabbit.oak.spi.commit.EditorDiff.childNodeAdded(EditorDiff.java:130)
	at org.apache.jackrabbit.oak.plugins.memory.EmptyNodeState.compareAgainstEmptyState(EmptyNodeState.java:161)
	at org.apache.jackrabbit.oak.plugins.memory.MemoryNodeState.compareAgainstBaseState(MemoryNodeState.java:126)
	at org.apache.jackrabbit.oak.spi.commit.EditorDiff.childNodeAdded(EditorDiff.java:125)
	at org.apache.jackrabbit.oak.plugins.memory.MemoryNodeState.compareAgainstBaseState(MemoryNodeState.java:168)
	at org.apache.jackrabbit.oak.spi.commit.EditorDiff.process(EditorDiff.java:52)
	at org.apache.jackrabbit.oak.spi.commit.EditorHook.processCommit(EditorHook.java:54)
	at org.apache.jackrabbit.oak.plugins.memory.MemoryNodeStore$MemoryNodeStoreBranch.merge(MemoryNodeStore.java:283)
	at org.apache.jackrabbit.oak.plugins.memory.MemoryNodeStore.merge(MemoryNodeStore.java:128)
	at org.apache.jackrabbit.oak.core.MutableRoot.commit(MutableRoot.java:247)
	at org.apache.jackrabbit.oak.core.MutableRoot.commit(MutableRoot.java:258)
	at org.apache.jackrabbit.oak.plugins.index.lucene.LucenePropertyIndexTest.sortQueriesWithStringIgnoredMulti_OrderedProps(LucenePropertyIndexTest.java:919)
	at sun.reflect.NativeMethodAccessorImpl.invoke0(Native Method)
	at sun.reflect.NativeMethodAccessorImpl.invoke(NativeMethodAccessorImpl.java:57)
	at sun.reflect.DelegatingMethodAccessorImpl.invoke(DelegatingMethodAccessorImpl.java:43)
	at java.lang.reflect.Method.invoke(Method.java:606)
	at org.junit.runners.model.FrameworkMethod$1.runReflectiveCall(FrameworkMethod.java:45)
	at org.junit.internal.runners.model.ReflectiveCallable.run(ReflectiveCallable.java:15)
	at org.junit.runners.model.FrameworkMethod.invokeExplosively(FrameworkMethod.java:42)
	at org.junit.internal.runners.statements.InvokeMethod.evaluate(InvokeMethod.java:20)
	at org.junit.internal.runners.statements.RunBefores.evaluate(RunBefores.java:28)
	at org.junit.internal.runners.statements.RunAfters.evaluate(RunAfters.java:30)
	at org.junit.rules.ExternalResource$1.evaluate(ExternalResource.java:46)
	at org.junit.rules.RunRules.evaluate(RunRules.java:18)
	at org.junit.runners.ParentRunner.runLeaf(ParentRunner.java:263)
	at org.junit.runners.BlockJUnit4ClassRunner.runChild(BlockJUnit4ClassRunner.java:68)
	at org.junit.runners.BlockJUnit4ClassRunner.runChild(BlockJUnit4ClassRunner.java:47)
	at org.junit.runners.ParentRunner$3.run(ParentRunner.java:231)
	at org.junit.runners.ParentRunner$1.schedule(ParentRunner.java:60)
	at org.junit.runners.ParentRunner.runChildren(ParentRunner.java:229)
	at org.junit.runners.ParentRunner.access$000(ParentRunner.java:50)
	at org.junit.runners.ParentRunner$2.evaluate(ParentRunner.java:222)
	at org.junit.runners.ParentRunner.run(ParentRunner.java:300)
	at org.apache.maven.surefire.junit4.JUnit4Provider.execute(JUnit4Provider.java:252)
	at org.apache.maven.surefire.junit4.JUnit4Provider.executeTestSet(JUnit4Provider.java:141)
	at org.apache.maven.surefire.junit4.JUnit4Provider.invoke(JUnit4Provider.java:112)
	at sun.reflect.NativeMethodAccessorImpl.invoke0(Native Method)
	at sun.reflect.NativeMethodAccessorImpl.invoke(NativeMethodAccessorImpl.java:57)
	at sun.reflect.DelegatingMethodAccessorImpl.invoke(DelegatingMethodAccessorImpl.java:43)
	at java.lang.reflect.Method.invoke(Method.java:606)
	at org.apache.maven.surefire.util.ReflectionUtils.invokeMethodWithArray(ReflectionUtils.java:189)
	at org.apache.maven.surefire.booter.ProviderFactory$ProviderProxy.invoke(ProviderFactory.java:165)
	at org.apache.maven.surefire.booter.ProviderFactory.invokeProvider(ProviderFactory.java:85)
	at org.apache.maven.surefire.booter.ForkedBooter.runSuitesInProcess(ForkedBooter.java:115)
	at org.apache.maven.surefire.booter.ForkedBooter.main(ForkedBooter.java:75)
Caused by: java.lang.IllegalArgumentException: DocValuesField ":dvfoo" appears more than once in this document (only one value is allowed per field)
	at org.apache.lucene.index.SortedDocValuesWriter.addValue(SortedDocValuesWriter.java:62)
	at org.apache.lucene.index.DocValuesProcessor.addSortedField(DocValuesProcessor.java:125)
	at org.apache.lucene.index.DocValuesProcessor.addField(DocValuesProcessor.java:59)
	at org.apache.lucene.index.TwoStoredFieldsConsumers.addField(TwoStoredFieldsConsumers.java:36)
	at org.apache.lucene.index.DocFieldProcessor.processDocument(DocFieldProcessor.java:236)
	at org.apache.lucene.index.DocumentsWriterPerThread.updateDocument(DocumentsWriterPerThread.java:253)
	at org.apache.lucene.index.DocumentsWriter.updateDocument(DocumentsWriter.java:455)
	at org.apache.lucene.index.IndexWriter.updateDocument(IndexWriter.java:1534)
	at org.apache.lucene.index.IndexWriter.updateDocument(IndexWriter.java:1507)
	at org.apache.jackrabbit.oak.plugins.index.lucene.LuceneIndexEditor.addOrUpdate(LuceneIndexEditor.java:293)
	... 48 more

Running org.apache.jackrabbit.oak.plugins.index.lucene.NodeStateAnalyzerFactoryTest
Tests run: 7, Failures: 0, Errors: 0, Skipped: 0, Time elapsed: 0.013 sec
Running org.apache.jackrabbit.oak.plugins.index.lucene.LuceneIndexEditorTest
Tests run: 8, Failures: 0, Errors: 0, Skipped: 0, Time elapsed: 0.337 sec
Running org.apache.jackrabbit.oak.plugins.index.lucene.IndexCopierTest
Tests run: 19, Failures: 0, Errors: 0, Skipped: 0, Time elapsed: 0.049 sec
Running org.apache.jackrabbit.oak.plugins.index.lucene.LuceneIndexExclusionQueryTest
Tests run: 2, Failures: 0, Errors: 0, Skipped: 0, Time elapsed: 0.16 sec
Running org.apache.jackrabbit.oak.plugins.index.lucene.LuceneIndexAggregationTest
Tests run: 9, Failures: 0, Errors: 0, Skipped: 0, Time elapsed: 2.656 sec
Running org.apache.jackrabbit.oak.plugins.index.lucene.LuceneIndexTest
Tests run: 17, Failures: 1, Errors: 0, Skipped: 0, Time elapsed: 0.993 sec <<< FAILURE!
multiValuesForOrderedIndexShouldNotThrow(org.apache.jackrabbit.oak.plugins.index.lucene.LuceneIndexTest)  Time elapsed: 0.015 sec  <<< FAILURE!
junit.framework.AssertionFailedError: Exception thrown when indexing invalid content
	at junit.framework.Assert.fail(Assert.java:50)
	at org.apache.jackrabbit.oak.plugins.index.lucene.LuceneIndexTest.multiValuesForOrderedIndexShouldNotThrow(LuceneIndexTest.java:773)
	at sun.reflect.NativeMethodAccessorImpl.invoke0(Native Method)
	at sun.reflect.NativeMethodAccessorImpl.invoke(NativeMethodAccessorImpl.java:57)
	at sun.reflect.DelegatingMethodAccessorImpl.invoke(DelegatingMethodAccessorImpl.java:43)
	at java.lang.reflect.Method.invoke(Method.java:606)
	at org.junit.runners.model.FrameworkMethod$1.runReflectiveCall(FrameworkMethod.java:45)
	at org.junit.internal.runners.model.ReflectiveCallable.run(ReflectiveCallable.java:15)
	at org.junit.runners.model.FrameworkMethod.invokeExplosively(FrameworkMethod.java:42)
	at org.junit.internal.runners.statements.InvokeMethod.evaluate(InvokeMethod.java:20)
	at org.junit.internal.runners.statements.RunAfters.evaluate(RunAfters.java:30)
	at org.junit.runners.ParentRunner.runLeaf(ParentRunner.java:263)
	at org.junit.runners.BlockJUnit4ClassRunner.runChild(BlockJUnit4ClassRunner.java:68)
	at org.junit.runners.BlockJUnit4ClassRunner.runChild(BlockJUnit4ClassRunner.java:47)
	at org.junit.runners.ParentRunner$3.run(ParentRunner.java:231)
	at org.junit.runners.ParentRunner$1.schedule(ParentRunner.java:60)
	at org.junit.runners.ParentRunner.runChildren(ParentRunner.java:229)
	at org.junit.runners.ParentRunner.access$000(ParentRunner.java:50)
	at org.junit.runners.ParentRunner$2.evaluate(ParentRunner.java:222)
	at org.junit.runners.ParentRunner.run(ParentRunner.java:300)
	at org.apache.maven.surefire.junit4.JUnit4Provider.execute(JUnit4Provider.java:252)
	at org.apache.maven.surefire.junit4.JUnit4Provider.executeTestSet(JUnit4Provider.java:141)
	at org.apache.maven.surefire.junit4.JUnit4Provider.invoke(JUnit4Provider.java:112)
	at sun.reflect.NativeMethodAccessorImpl.invoke0(Native Method)
	at sun.reflect.NativeMethodAccessorImpl.invoke(NativeMethodAccessorImpl.java:57)
	at sun.reflect.DelegatingMethodAccessorImpl.invoke(DelegatingMethodAccessorImpl.java:43)
	at java.lang.reflect.Method.invoke(Method.java:606)
	at org.apache.maven.surefire.util.ReflectionUtils.invokeMethodWithArray(ReflectionUtils.java:189)
	at org.apache.maven.surefire.booter.ProviderFactory$ProviderProxy.invoke(ProviderFactory.java:165)
	at org.apache.maven.surefire.booter.ProviderFactory.invokeProvider(ProviderFactory.java:85)
	at org.apache.maven.surefire.booter.ForkedBooter.runSuitesInProcess(ForkedBooter.java:115)
	at org.apache.maven.surefire.booter.ForkedBooter.main(ForkedBooter.java:75)

Running org.apache.jackrabbit.oak.plugins.index.lucene.IndexPlannerTest
Tests run: 22, Failures: 0, Errors: 0, Skipped: 0, Time elapsed: 0.108 sec
Running org.apache.jackrabbit.oak.jcr.query.QueryFulltextTest
Tests run: 4, Failures: 0, Errors: 0, Skipped: 0, Time elapsed: 4.23 sec
Running org.apache.jackrabbit.oak.jcr.query.QueryJcrTest
Tests run: 218, Failures: 0, Errors: 0, Skipped: 0, Time elapsed: 111.714 sec
Running org.apache.jackrabbit.oak.jcr.query.TextExtractionQueryTest
Tests run: 3, Failures: 0, Errors: 0, Skipped: 0, Time elapsed: 1.44 sec
Running org.apache.jackrabbit.oak.jcr.query.SuggestTest
Tests run: 3, Failures: 0, Errors: 0, Skipped: 0, Time elapsed: 2.205 sec
Running org.apache.jackrabbit.oak.jcr.query.SpellcheckTest
Tests run: 2, Failures: 0, Errors: 0, Skipped: 0, Time elapsed: 1.373 sec
Running org.apache.jackrabbit.oak.jcr.query.MultiSessionQueryTest
Tests run: 1, Failures: 0, Errors: 0, Skipped: 0, Time elapsed: 0.189 sec
Running org.apache.jackrabbit.oak.jcr.query.ResultSizeTest
Tests run: 2, Failures: 0, Errors: 0, Skipped: 0, Time elapsed: 2.782 sec

Results :

Failed tests:   multiValuesForOrderedIndexShouldNotThrow(org.apache.jackrabbit.oak.plugins.index.lucene.LuceneIndexTest): Exception thrown when indexing invalid content

Tests in error: 
  sortQueriesWithStringIgnoredMulti_OrderedProps(org.apache.jackrabbit.oak.plugins.index.lucene.LucenePropertyIndexTest): OakLucene0003: Failed to index the node /test/a

Tests run: 459, Failures: 1, Errors: 1, Skipped: 3

[INFO] ------------------------------------------------------------------------
[INFO] BUILD FAILURE
[INFO] ------------------------------------------------------------------------
[INFO] Total time: 02:29 min
[INFO] Finished at: 2016-07-28T21:07:42-07:00
[INFO] Final Memory: 26M/964M
[INFO] ------------------------------------------------------------------------
[ERROR] Failed to execute goal org.apache.maven.plugins:maven-surefire-plugin:2.12.4:test (default-test) on project oak-lucene: There are test failures.
[ERROR] 
[ERROR] Please refer to /home/ylyu/parallel/oak/oak9/dataset/oak/OAK-3020_147515ae865fdade29511e10eabe9f2beb651518/oak-lucene/target/surefire-reports for the individual test results.
[ERROR] -> [Help 1]
[ERROR] 
[ERROR] To see the full stack trace of the errors, re-run Maven with the -e switch.
[ERROR] Re-run Maven using the -X switch to enable full debug logging.
[ERROR] 
[ERROR] For more information about the errors and possible solutions, please read the following articles:
[ERROR] [Help 1] http://cwiki.apache.org/confluence/display/MAVEN/MojoFailureException
