[INFO] Scanning for projects...
[INFO]                                                                         
[INFO] ------------------------------------------------------------------------
[INFO] Building Maven Model Builder 3.0-SNAPSHOT
[INFO] ------------------------------------------------------------------------
[INFO] 
[INFO] --- maven-remote-resources-plugin:1.1:process (default) @ maven-model-builder ---
[INFO] Setting property: classpath.resource.loader.class => 'org.codehaus.plexus.velocity.ContextClassLoaderResourceLoader'.
[INFO] Setting property: velocimacro.messages.on => 'false'.
[INFO] Setting property: resource.loader => 'classpath'.
[INFO] Setting property: resource.manager.logwhenfound => 'false'.
[INFO] 
[INFO] --- maven-resources-plugin:2.4:resources (default-resources) @ maven-model-builder ---
[INFO] Using 'UTF-8' encoding to copy filtered resources.
[INFO] Copying 1 resource
[INFO] Copying 3 resources
[INFO] 
[INFO] --- maven-compiler-plugin:2.0.2:compile (default-compile) @ maven-model-builder ---
[INFO] Nothing to compile - all classes are up to date
[INFO] 
[INFO] --- plexus-component-metadata:1.3.0:generate-metadata (default) @ maven-model-builder ---
[INFO] Discovered 21 component descriptors(s)
[INFO] 
[INFO] --- maven-resources-plugin:2.4:testResources (default-testResources) @ maven-model-builder ---
[INFO] Using 'UTF-8' encoding to copy filtered resources.
[INFO] Copying 23 resources
[INFO] Copying 3 resources
[INFO] 
[INFO] --- maven-compiler-plugin:2.0.2:testCompile (default-testCompile) @ maven-model-builder ---
[INFO] Nothing to compile - all classes are up to date
[INFO] 
[INFO] --- plexus-component-metadata:1.3.0:generate-test-metadata (default) @ maven-model-builder ---
[INFO] 
[INFO] --- maven-surefire-plugin:2.4.3:test (default-test) @ maven-model-builder ---
[INFO] Surefire report directory: /home/ylyu/parallel/maven/maven9/dataset/mng/MNG-4383_0f3d4d243f95d9cff01a3842333c5018306103a8/maven-model-builder/target/surefire-reports

-------------------------------------------------------
 T E S T S
-------------------------------------------------------
Running org.apache.maven.model.profile.activation.PropertyProfileActivatorTest
Tests run: 10, Failures: 0, Errors: 0, Skipped: 0, Time elapsed: 0.328 sec
Running org.apache.maven.model.profile.activation.JdkVersionProfileActivatorTest
Tests run: 4, Failures: 0, Errors: 0, Skipped: 0, Time elapsed: 0.027 sec
Running org.apache.maven.model.validation.DefaultModelValidatorTest
Tests run: 21, Failures: 1, Errors: 0, Skipped: 0, Time elapsed: 0.168 sec <<< FAILURE!

Results :

Failed tests: 
  testBadDependencyVersion(org.apache.maven.model.validation.DefaultModelValidatorTest)

Tests run: 35, Failures: 1, Errors: 0, Skipped: 0

[INFO] ------------------------------------------------------------------------
[INFO] BUILD FAILURE
[INFO] ------------------------------------------------------------------------
[INFO] Total time: 2.447 s
[INFO] Finished at: 2016-07-13T22:05:47-07:00
[INFO] Final Memory: 14M/964M
[INFO] ------------------------------------------------------------------------
[ERROR] Failed to execute goal org.apache.maven.plugins:maven-surefire-plugin:2.4.3:test (default-test) on project maven-model-builder: There are test failures.
[ERROR] 
[ERROR] Please refer to /home/ylyu/parallel/maven/maven9/dataset/mng/MNG-4383_0f3d4d243f95d9cff01a3842333c5018306103a8/maven-model-builder/target/surefire-reports for the individual test results.
[ERROR] -> [Help 1]
[ERROR] 
[ERROR] To see the full stack trace of the errors, re-run Maven with the -e switch.
[ERROR] Re-run Maven using the -X switch to enable full debug logging.
[ERROR] 
[ERROR] For more information about the errors and possible solutions, please read the following articles:
[ERROR] [Help 1] http://cwiki.apache.org/confluence/display/MAVEN/MojoFailureException
