[INFO] Scanning for projects...
[INFO]                                                                         
[INFO] ------------------------------------------------------------------------
[INFO] Building Apache Log4j SLF4J Binding 2.4-SNAPSHOT
[INFO] ------------------------------------------------------------------------
[INFO] 
[INFO] --- maven-remote-resources-plugin:1.1:process (default) @ log4j-slf4j-impl ---
[INFO] Setting property: classpath.resource.loader.class => 'org.codehaus.plexus.velocity.ContextClassLoaderResourceLoader'.
[INFO] Setting property: velocimacro.messages.on => 'false'.
[INFO] Setting property: resource.loader => 'classpath'.
[INFO] Setting property: resource.manager.logwhenfound => 'false'.
[INFO] 
[INFO] --- maven-resources-plugin:2.7:resources (default-resources) @ log4j-slf4j-impl ---
[INFO] Using 'UTF-8' encoding to copy filtered resources.
[INFO] skip non existing resourceDirectory /home/ylyu/parallel/log4j2/log4j29/dataset/logging-log4j2/LOG4J2-1061_86d8944fa239255195bf0caed7af65b3c7e4cfaf/log4j-slf4j-impl/src/main/resources
[INFO] Copying 3 resources
[INFO] 
[INFO] --- maven-compiler-plugin:3.3:compile (default-compile) @ log4j-slf4j-impl ---
[INFO] Changes detected - recompiling the module!
[INFO] Compiling 12 source files to /home/ylyu/parallel/log4j2/log4j29/dataset/logging-log4j2/LOG4J2-1061_86d8944fa239255195bf0caed7af65b3c7e4cfaf/log4j-slf4j-impl/target/classes
[WARNING] warning: Supported source version 'RELEASE_5' from annotation processor 'ch.qos.cal10n.verifier.processor.CAL10NAnnotationProcessor' less than -source '1.7'
/home/ylyu/parallel/log4j2/log4j29/dataset/logging-log4j2/LOG4J2-1061_86d8944fa239255195bf0caed7af65b3c7e4cfaf/log4j-slf4j-impl/src/main/java/org/apache/logging/slf4j/Log4jMarker.java:[73,19] [deprecation] hasChildren() in Marker has been deprecated
[INFO] 
[INFO] --- maven-bundle-plugin:2.5.3:manifest (default) @ log4j-slf4j-impl ---
[INFO] 
[INFO] --- maven-resources-plugin:2.7:testResources (default-testResources) @ log4j-slf4j-impl ---
[INFO] Using 'UTF-8' encoding to copy filtered resources.
[INFO] Copying 1 resource
[INFO] Copying 3 resources
[INFO] 
[INFO] --- maven-compiler-plugin:3.3:testCompile (default-testCompile) @ log4j-slf4j-impl ---
[INFO] Nothing to compile - all classes are up to date
[INFO] 
[INFO] --- maven-surefire-plugin:2.18.1:test (default-test) @ log4j-slf4j-impl ---
[INFO] 
[INFO] --- maven-surefire-plugin:2.18.1:test (default-tests) @ log4j-slf4j-impl ---
[INFO] Surefire report directory: /home/ylyu/parallel/log4j2/log4j29/dataset/logging-log4j2/LOG4J2-1061_86d8944fa239255195bf0caed7af65b3c7e4cfaf/log4j-slf4j-impl/target/surefire-reports

-------------------------------------------------------
 T E S T S
-------------------------------------------------------
Running org.apache.logging.slf4j.CallerInformationTest
Running org.apache.logging.slf4j.SerializeTest
2016-07-16 10:13:58,721 ERROR Appenders contains an invalid element or attribute "SLF4J"
Tests run: 2, Failures: 0, Errors: 0, Skipped: 0, Time elapsed: 0.368 sec - in org.apache.logging.slf4j.CallerInformationTest
Running org.apache.logging.slf4j.LoggerTest
2016-07-16 10:13:58,819 ERROR No log4j2 configuration file found. Using default configuration: logging only errors to the console.
2016-07-16 10:13:58,830 ERROR Appenders contains an invalid element or attribute "SLF4J"
Tests run: 1, Failures: 0, Errors: 0, Skipped: 0, Time elapsed: 0.395 sec - in org.apache.logging.slf4j.SerializeTest
Running org.apache.logging.slf4j.MarkerTest
Tests run: 4, Failures: 0, Errors: 1, Skipped: 0, Time elapsed: 0.008 sec <<< FAILURE! - in org.apache.logging.slf4j.MarkerTest
testRemoveNullMarker(org.apache.logging.slf4j.MarkerTest)  Time elapsed: 0.007 sec  <<< ERROR!
java.lang.NullPointerException: null
	at org.apache.logging.slf4j.Log4jMarker.remove(Log4jMarker.java:59)
	at org.apache.logging.slf4j.MarkerTest.testRemoveNullMarker(MarkerTest.java:105)

Tests run: 12, Failures: 0, Errors: 0, Skipped: 0, Time elapsed: 0.079 sec - in org.apache.logging.slf4j.LoggerTest

Results :

Tests in error: 
  MarkerTest.testRemoveNullMarker:105 Â» NullPointer

Tests run: 19, Failures: 0, Errors: 1, Skipped: 0

[INFO] ------------------------------------------------------------------------
[INFO] BUILD FAILURE
[INFO] ------------------------------------------------------------------------
[INFO] Total time: 4.061 s
[INFO] Finished at: 2016-07-16T10:13:58-07:00
[INFO] Final Memory: 21M/964M
[INFO] ------------------------------------------------------------------------
[ERROR] Failed to execute goal org.apache.maven.plugins:maven-surefire-plugin:2.18.1:test (default-tests) on project log4j-slf4j-impl: There are test failures.
[ERROR] 
[ERROR] Please refer to /home/ylyu/parallel/log4j2/log4j29/dataset/logging-log4j2/LOG4J2-1061_86d8944fa239255195bf0caed7af65b3c7e4cfaf/log4j-slf4j-impl/target/surefire-reports for the individual test results.
[ERROR] -> [Help 1]
[ERROR] 
[ERROR] To see the full stack trace of the errors, re-run Maven with the -e switch.
[ERROR] Re-run Maven using the -X switch to enable full debug logging.
[ERROR] 
[ERROR] For more information about the errors and possible solutions, please read the following articles:
[ERROR] [Help 1] http://cwiki.apache.org/confluence/display/MAVEN/MojoFailureException
