[INFO] Scanning for projects...
[INFO]                                                                         
[INFO] ------------------------------------------------------------------------
[INFO] Building flink-runtime 1.0-SNAPSHOT
[INFO] ------------------------------------------------------------------------
[INFO] 
[INFO] --- maven-checkstyle-plugin:2.16:check (validate) @ flink-runtime ---
[INFO] 
[INFO] --- maven-enforcer-plugin:1.3.1:enforce (enforce-maven) @ flink-runtime ---
[INFO] 
[INFO] --- git-commit-id-plugin:2.1.5:revision (default) @ flink-runtime ---
[info] 
[info] 
[INFO] 
[INFO] --- build-helper-maven-plugin:1.7:add-source (add-source) @ flink-runtime ---
[INFO] Source directory: /space/parallel/flink/flink9/dataset/flink/FLINK-2964_76bebd4236cd9cff19e6442e9ab3d6113665924a/flink-runtime/src/main/scala added.
[INFO] 
[INFO] --- maven-remote-resources-plugin:1.5:process (default) @ flink-runtime ---
[INFO] 
[INFO] --- maven-resources-plugin:2.6:resources (default-resources) @ flink-runtime ---
[INFO] Using 'UTF-8' encoding to copy filtered resources.
[INFO] Copying 1 resource
[INFO] Copying 3 resources
[INFO] 
[INFO] --- scala-maven-plugin:3.1.4:compile (scala-compile-first) @ flink-runtime ---
[INFO] Nothing to compile - all classes are up to date
[INFO] 
[INFO] --- maven-compiler-plugin:3.1:compile (default-compile) @ flink-runtime ---
[INFO] Changes detected - recompiling the module!
[INFO] Compiling 505 source files to /space/parallel/flink/flink9/dataset/flink/FLINK-2964_76bebd4236cd9cff19e6442e9ab3d6113665924a/flink-runtime/target/classes
[WARNING] /space/parallel/flink/flink9/dataset/flink/FLINK-2964_76bebd4236cd9cff19e6442e9ab3d6113665924a/flink-runtime/src/main/java/org/apache/flink/runtime/operators/CollectorMapDriver.java:[23,45] org.apache.flink.api.common.functions.GenericCollectorMap in org.apache.flink.api.common.functions has been deprecated
[WARNING] /space/parallel/flink/flink9/dataset/flink/FLINK-2964_76bebd4236cd9cff19e6442e9ab3d6113665924a/flink-runtime/src/main/java/org/apache/flink/runtime/operators/CollectorMapDriver.java:[43,59] org.apache.flink.api.common.functions.GenericCollectorMap in org.apache.flink.api.common.functions has been deprecated
[WARNING] /space/parallel/flink/flink9/dataset/flink/FLINK-2964_76bebd4236cd9cff19e6442e9ab3d6113665924a/flink-runtime/src/main/java/org/apache/flink/runtime/operators/chaining/ChainedCollectorMapDriver.java:[22,45] org.apache.flink.api.common.functions.GenericCollectorMap in org.apache.flink.api.common.functions has been deprecated
[WARNING] /space/parallel/flink/flink9/dataset/flink/FLINK-2964_76bebd4236cd9cff19e6442e9ab3d6113665924a/flink-runtime/src/main/java/org/apache/flink/runtime/util/SignalHandler.java:[21,16] sun.misc.Signal is internal proprietary API and may be removed in a future release
[WARNING] /space/parallel/flink/flink9/dataset/flink/FLINK-2964_76bebd4236cd9cff19e6442e9ab3d6113665924a/flink-runtime/src/main/java/org/apache/flink/runtime/util/SignalHandler.java:[32,57] sun.misc.SignalHandler is internal proprietary API and may be removed in a future release
[WARNING] /space/parallel/flink/flink9/dataset/flink/FLINK-2964_76bebd4236cd9cff19e6442e9ab3d6113665924a/flink-runtime/src/main/java/org/apache/flink/runtime/util/DataInputDeserializer.java:[316,38] sun.misc.Unsafe is internal proprietary API and may be removed in a future release
[WARNING] /space/parallel/flink/flink9/dataset/flink/FLINK-2964_76bebd4236cd9cff19e6442e9ab3d6113665924a/flink-runtime/src/main/java/org/apache/flink/runtime/util/DependencyVisitor.java:[191,29] visitMethodInsn(int,java.lang.String,java.lang.String,java.lang.String) in org.objectweb.asm.MethodVisitor has been deprecated
[WARNING] /space/parallel/flink/flink9/dataset/flink/FLINK-2964_76bebd4236cd9cff19e6442e9ab3d6113665924a/flink-runtime/src/main/java/org/apache/flink/runtime/util/DataOutputSerializer.java:[308,38] sun.misc.Unsafe is internal proprietary API and may be removed in a future release
[WARNING] /space/parallel/flink/flink9/dataset/flink/FLINK-2964_76bebd4236cd9cff19e6442e9ab3d6113665924a/flink-runtime/src/main/java/org/apache/flink/runtime/util/SignalHandler.java:[34,39] sun.misc.SignalHandler is internal proprietary API and may be removed in a future release
[WARNING] /space/parallel/flink/flink9/dataset/flink/FLINK-2964_76bebd4236cd9cff19e6442e9ab3d6113665924a/flink-runtime/src/main/java/org/apache/flink/runtime/util/SignalHandler.java:[38,57] sun.misc.Signal is internal proprietary API and may be removed in a future release
[WARNING] /space/parallel/flink/flink9/dataset/flink/FLINK-2964_76bebd4236cd9cff19e6442e9ab3d6113665924a/flink-runtime/src/main/java/org/apache/flink/runtime/util/SignalHandler.java:[38,39] sun.misc.Signal is internal proprietary API and may be removed in a future release
[WARNING] /space/parallel/flink/flink9/dataset/flink/FLINK-2964_76bebd4236cd9cff19e6442e9ab3d6113665924a/flink-runtime/src/main/java/org/apache/flink/runtime/util/SignalHandler.java:[47,36] sun.misc.Signal is internal proprietary API and may be removed in a future release
[WARNING] /space/parallel/flink/flink9/dataset/flink/FLINK-2964_76bebd4236cd9cff19e6442e9ab3d6113665924a/flink-runtime/src/main/java/org/apache/flink/runtime/zookeeper/ZooKeeperStateHandleStore.java:[90,44] unchecked conversion
  required: org.apache.flink.runtime.zookeeper.StateStorageHelper<T>
  found:    org.apache.flink.runtime.zookeeper.StateStorageHelper
[INFO] 
[INFO] --- build-helper-maven-plugin:1.7:add-test-source (add-test-source) @ flink-runtime ---
[INFO] Test Source directory: /space/parallel/flink/flink9/dataset/flink/FLINK-2964_76bebd4236cd9cff19e6442e9ab3d6113665924a/flink-runtime/src/test/scala added.
[INFO] 
[INFO] --- maven-resources-plugin:2.6:testResources (default-testResources) @ flink-runtime ---
[INFO] Using 'UTF-8' encoding to copy filtered resources.
[INFO] Copying 2 resources
[INFO] Copying 3 resources
[INFO] 
[INFO] --- scala-maven-plugin:3.1.4:testCompile (scala-test-compile) @ flink-runtime ---
[INFO] Nothing to compile - all classes are up to date
[INFO] 
[INFO] --- maven-compiler-plugin:3.1:testCompile (default-testCompile) @ flink-runtime ---
[INFO] Nothing to compile - all classes are up to date
[INFO] 
[INFO] --- maven-surefire-plugin:2.18.1:test (default-test) @ flink-runtime ---
[INFO] Surefire report directory: /space/parallel/flink/flink9/dataset/flink/FLINK-2964_76bebd4236cd9cff19e6442e9ab3d6113665924a/flink-runtime/target/surefire-reports

-------------------------------------------------------
 T E S T S
-------------------------------------------------------
Running org.apache.flink.runtime.operators.resettable.SpillingResettableIteratorTest
Running org.apache.flink.runtime.operators.drivers.AllReduceDriverTest
Running org.apache.flink.runtime.operators.resettable.BlockResettableMutableObjectIteratorTest
Running org.apache.flink.runtime.operators.drivers.GroupReduceDriverTest
Running org.apache.flink.runtime.operators.drivers.ReduceDriverTest
Running org.apache.flink.runtime.operators.hash.CompactingHashTableTest
Running org.apache.flink.runtime.operators.drivers.ReduceCombineDriverTest
Running org.apache.flink.runtime.operators.CachedMatchTaskTest
Running org.apache.flink.runtime.operators.resettable.ReusingBlockResettableIteratorTest
Running org.apache.flink.runtime.operators.hash.HashTableTest
Running org.apache.flink.runtime.operators.CoGroupTaskTest
Running org.apache.flink.runtime.operators.hash.MemoryHashTableTest
Running org.apache.flink.runtime.operators.resettable.SpillingResettableMutableObjectIteratorTest
Running org.apache.flink.runtime.operators.resettable.NonReusingBlockResettableIteratorTest
Tests run: 5, Failures: 0, Errors: 0, Skipped: 0, Time elapsed: 0.899 sec - in org.apache.flink.runtime.operators.drivers.GroupReduceDriverTest
Running org.apache.flink.runtime.operators.RightOuterJoinTaskTest
Running org.apache.flink.runtime.operators.JoinTaskTest
Running org.apache.flink.runtime.operators.drivers.AllGroupReduceDriverTest
Running org.apache.flink.runtime.operators.LeftOuterJoinTaskTest
Running org.apache.flink.runtime.operators.CombineTaskTest
Tests run: 3, Failures: 0, Errors: 0, Skipped: 0, Time elapsed: 1.818 sec - in org.apache.flink.runtime.operators.drivers.AllReduceDriverTest
Running org.apache.flink.runtime.operators.CombinerOversizedRecordsTest
Running org.apache.flink.runtime.operators.FullOuterJoinTaskTest
Tests run: 3, Failures: 0, Errors: 0, Skipped: 0, Time elapsed: 1.569 sec - in org.apache.flink.runtime.operators.drivers.ReduceDriverTest
Running org.apache.flink.runtime.operators.FlatMapTaskTest
Tests run: 3, Failures: 0, Errors: 0, Skipped: 0, Time elapsed: 1.551 sec - in org.apache.flink.runtime.operators.drivers.ReduceCombineDriverTest
Tests run: 4, Failures: 0, Errors: 0, Skipped: 0, Time elapsed: 3.01 sec - in org.apache.flink.runtime.operators.resettable.SpillingResettableIteratorTest
Tests run: 3, Failures: 0, Errors: 0, Skipped: 0, Time elapsed: 3.075 sec - in org.apache.flink.runtime.operators.resettable.BlockResettableMutableObjectIteratorTest
Running org.apache.flink.runtime.operators.sort.FixedLengthRecordSorterTest
Tests run: 3, Failures: 0, Errors: 0, Skipped: 0, Time elapsed: 2.044 sec - in org.apache.flink.runtime.operators.drivers.AllGroupReduceDriverTest
Running org.apache.flink.runtime.operators.sort.LargeRecordHandlerTest
Running org.apache.flink.runtime.operators.sort.MergeIteratorTest
Running org.apache.flink.runtime.operators.util.BloomFilterTest
Tests run: 9, Failures: 0, Errors: 0, Skipped: 0, Time elapsed: 0.205 sec - in org.apache.flink.runtime.operators.util.BloomFilterTest
Running org.apache.flink.runtime.operators.util.RecordOutputEmitterTest
Tests run: 3, Failures: 0, Errors: 0, Skipped: 0, Time elapsed: 0.708 sec - in org.apache.flink.runtime.operators.sort.MergeIteratorTest
Tests run: 6, Failures: 0, Errors: 0, Skipped: 0, Time elapsed: 3.027 sec - in org.apache.flink.runtime.operators.CombineTaskTest
Tests run: 3, Failures: 0, Errors: 0, Skipped: 0, Time elapsed: 3.783 sec - in org.apache.flink.runtime.operators.resettable.NonReusingBlockResettableIteratorTest
Running org.apache.flink.runtime.operators.sort.NormalizedKeySorterTest
Tests run: 3, Failures: 0, Errors: 0, Skipped: 0, Time elapsed: 3.989 sec - in org.apache.flink.runtime.operators.resettable.ReusingBlockResettableIteratorTest
Running org.apache.flink.runtime.operators.util.OutputEmitterTest
Running org.apache.flink.runtime.checkpoint.CheckpointCoordinatorTest
Tests run: 2, Failures: 0, Errors: 0, Skipped: 0, Time elapsed: 4.659 sec - in org.apache.flink.runtime.operators.resettable.SpillingResettableMutableObjectIteratorTest
Tests run: 6, Failures: 0, Errors: 0, Skipped: 0, Time elapsed: 3.939 sec - in org.apache.flink.runtime.operators.FlatMapTaskTest
Running org.apache.flink.runtime.operators.ReduceTaskTest
Tests run: 7, Failures: 0, Errors: 0, Skipped: 0, Time elapsed: 0.879 sec - in org.apache.flink.runtime.operators.util.OutputEmitterTest
Tests run: 2, Failures: 0, Errors: 0, Skipped: 0, Time elapsed: 5.017 sec - in org.apache.flink.runtime.operators.CombinerOversizedRecordsTest
Running org.apache.flink.runtime.operators.CrossTaskTest
Running org.apache.flink.runtime.checkpoint.CheckpointStateRestoreTest
Running org.apache.flink.runtime.checkpoint.CheckpointIDCounterTest$StandaloneCheckpointIDCounterTest
Running org.apache.flink.runtime.checkpoint.StandaloneCompletedCheckpointStoreTest
Tests run: 8, Failures: 0, Errors: 0, Skipped: 0, Time elapsed: 2.255 sec - in org.apache.flink.runtime.checkpoint.CheckpointCoordinatorTest
Running org.apache.flink.runtime.checkpoint.CoordinatorShutdownTest
Running org.apache.flink.runtime.memory.MemoryManagerConcurrentModReleaseTest
Tests run: 6, Failures: 0, Errors: 0, Skipped: 0, Time elapsed: 0.737 sec - in org.apache.flink.runtime.checkpoint.StandaloneCompletedCheckpointStoreTest
Tests run: 3, Failures: 0, Errors: 0, Skipped: 0, Time elapsed: 2.179 sec - in org.apache.flink.runtime.checkpoint.CheckpointStateRestoreTest
Tests run: 2, Failures: 0, Errors: 0, Skipped: 0, Time elapsed: 2.078 sec - in org.apache.flink.runtime.checkpoint.CheckpointIDCounterTest$StandaloneCheckpointIDCounterTest
Running org.apache.flink.runtime.memory.MemorySegmentSimpleTest
Tests run: 2, Failures: 0, Errors: 0, Skipped: 0, Time elapsed: 1.493 sec - in org.apache.flink.runtime.memory.MemoryManagerConcurrentModReleaseTest
Running org.apache.flink.runtime.memory.MemoryManagerTest
Running org.apache.flink.runtime.operators.chaining.ChainTaskTest
Tests run: 18, Failures: 0, Errors: 0, Skipped: 0, Time elapsed: 9.71 sec - in org.apache.flink.runtime.operators.CoGroupTaskTest
Tests run: 4, Failures: 0, Errors: 0, Skipped: 0, Time elapsed: 1.146 sec - in org.apache.flink.runtime.memory.MemoryManagerTest
Running org.apache.flink.runtime.iterative.event.EventWithAggregatorsTest
Running org.apache.flink.runtime.memory.MemoryManagerLazyAllocationTest
Tests run: 2, Failures: 0, Errors: 0, Skipped: 0, Time elapsed: 0.205 sec - in org.apache.flink.runtime.iterative.event.EventWithAggregatorsTest
Running org.apache.flink.runtime.iterative.concurrent.SuperstepBarrierTest
Tests run: 26, Failures: 0, Errors: 0, Skipped: 0, Time elapsed: 10.337 sec - in org.apache.flink.runtime.operators.FullOuterJoinTaskTest
Running org.apache.flink.runtime.operators.DataSinkTaskTest
Tests run: 2, Failures: 0, Errors: 0, Skipped: 0, Time elapsed: 1.232 sec - in org.apache.flink.runtime.iterative.concurrent.SuperstepBarrierTest
Running org.apache.flink.runtime.iterative.concurrent.BrokerTest
Running org.apache.flink.runtime.iterative.concurrent.SuperstepKickoffLatchTest
Tests run: 22, Failures: 0, Errors: 0, Skipped: 0, Time elapsed: 12.134 sec - in org.apache.flink.runtime.operators.CachedMatchTaskTest
5 > 19:02:24,041 INFO  org.apache.flink.runtime.blob.BlobServer                      - Created BLOB server storage directory /tmp/blobStore-a7b906da-cdb1-4a17-af46-c3db9f73d922
5 > 19:02:24,066 INFO  org.apache.flink.runtime.blob.BlobServer                      - Started BLOB server at 0.0.0.0:58958 - max concurrent requests: 50 - max backlog: 1000
Tests run: 4, Failures: 0, Errors: 0, Skipped: 0, Time elapsed: 2.122 sec - in org.apache.flink.runtime.memory.MemoryManagerLazyAllocationTest
Tests run: 5, Failures: 0, Errors: 0, Skipped: 0, Time elapsed: 0.428 sec - in org.apache.flink.runtime.iterative.concurrent.SuperstepKickoffLatchTest
Running org.apache.flink.runtime.iterative.concurrent.BlockingBackChannelTest
Tests run: 9, Failures: 0, Errors: 0, Skipped: 0, Time elapsed: 4.219 sec - in org.apache.flink.runtime.memory.MemorySegmentSimpleTest
Running org.apache.flink.runtime.blob.BlobServerGetTest
Running org.apache.flink.runtime.net.ConnectionUtilsTest
Running org.apache.flink.runtime.blob.BlobServerPutTest
Running org.apache.flink.runtime.blob.BlobCacheRetriesTest
Tests run: 12, Failures: 0, Errors: 0, Skipped: 0, Time elapsed: 8.477 sec - in org.apache.flink.runtime.operators.ReduceTaskTest
9 > 19:02:25,834 INFO  org.apache.flink.runtime.blob.BlobServer                      - Created BLOB server storage directory /tmp/blobStore-3ce343fb-b508-478b-acee-9ee979a9f372
9 > 19:02:25,844 INFO  org.apache.flink.runtime.blob.BlobServer                      - Started BLOB server at 0.0.0.0:48684 - max concurrent requests: 50 - max backlog: 1000
22 > 19:02:25,892 INFO  org.apache.flink.runtime.blob.BlobServer                      - Created BLOB server storage directory /tmp/blobStore-304018ee-bb74-4df3-93e4-bbce47c168b8
22 > 19:02:25,931 INFO  org.apache.flink.runtime.blob.BlobServer                      - Started BLOB server at 0.0.0.0:40349 - max concurrent requests: 50 - max backlog: 1000
22 > 19:02:25,985 DEBUG org.apache.flink.runtime.blob.BlobClient                      - PUT content addressable BLOB buffer (2000000 bytes) to /127.0.0.1:43721
22 > 19:02:25,986 DEBUG org.apache.flink.runtime.blob.BlobServerConnection            - Received PUT request for content addressable BLOB
22 > 19:02:26,128 DEBUG org.apache.flink.runtime.blob.BlobClient                      - PUT content addressable BLOB buffer (44 bytes) to /127.0.0.1:43721
22 > 19:02:26,169 DEBUG org.apache.flink.runtime.blob.BlobServerConnection            - Received PUT request for content addressable BLOB
22 > 19:02:26,215 DEBUG org.apache.flink.runtime.blob.BlobClient                      - PUT BLOB buffer (2000000 bytes) under 20de9deee3b868b0ce191f8faa7e1f64 / "my test key" to /127.0.0.1:43721
22 > 19:02:26,219 DEBUG org.apache.flink.runtime.blob.BlobServerConnection            - Received PUT request for BLOB under 20de9deee3b868b0ce191f8faa7e1f64 / "my test key"
22 > 19:02:26,279 DEBUG org.apache.flink.runtime.blob.BlobClient                      - GET content addressable BLOB 21b3a1ba90052de9a82a924e49ab8616d5acc1b7 from /127.0.0.1:43721
22 > 19:02:26,325 DEBUG org.apache.flink.runtime.blob.BlobClient                      - GET content addressable BLOB 63c2b803889c8c87dd086510289f315eaa4fdb57 from /127.0.0.1:43731
10 > 19:02:26,388 INFO  org.apache.flink.runtime.blob.BlobServer                      - Created BLOB server storage directory /tmp/blobStore-2593a3b9-1461-4a42-b6c3-248a1752b686
10 > 19:02:26,423 INFO  org.apache.flink.runtime.blob.BlobServer                      - Started BLOB server at 0.0.0.0:33565 - max concurrent requests: 50 - max backlog: 1000
10 > 19:02:26,431 DEBUG org.apache.flink.runtime.blob.BlobClient                      - PUT content addressable BLOB buffer (10 bytes) to /127.0.0.1:42156
9 > 19:02:26,442 DEBUG org.apache.flink.runtime.blob.BlobClient                      - PUT content addressable BLOB buffer (5000000 bytes) to /127.0.0.1:33110
10 > 19:02:26,453 DEBUG org.apache.flink.runtime.blob.BlobServerConnection            - Received PUT request for content addressable BLOB
10 > 19:02:26,482 INFO  org.apache.flink.runtime.blob.BlobCache                       - Created BLOB cache storage directory /tmp/blobStore-51830446-aa59-46b8-9749-503a942a2983
10 > 19:02:26,482 INFO  org.apache.flink.runtime.blob.BlobCache                       - Downloading e89ad5a9631c3efdded7e3ecce79b4d0fedce1bf from localhost/127.0.0.1:33565
10 > 19:02:26,484 DEBUG org.apache.flink.runtime.blob.BlobClient                      - GET content addressable BLOB e89ad5a9631c3efdded7e3ecce79b4d0fedce1bf from /127.0.0.1:42159
10 > 19:02:26,485 DEBUG org.apache.flink.runtime.blob.BlobCache                       - Failed to fetch BLOB e89ad5a9631c3efdded7e3ecce79b4d0fedce1bf from localhost/127.0.0.1:33565 and store it under /tmp/blobStore-51830446-aa59-46b8-9749-503a942a2983/cache/blob_e89ad5a9631c3efdded7e3ecce79b4d0fedce1bf Retrying...
java.io.IOException: GET operation failed: Broken pipe
	at org.apache.flink.runtime.blob.BlobClient.get(BlobClient.java:165)
	at org.apache.flink.runtime.blob.BlobCache.getURL(BlobCache.java:125)
	at org.apache.flink.runtime.blob.BlobCacheRetriesTest.testBlobFetchRetries(BlobCacheRetriesTest.java:70)
	at sun.reflect.NativeMethodAccessorImpl.invoke0(Native Method)
	at sun.reflect.NativeMethodAccessorImpl.invoke(NativeMethodAccessorImpl.java:57)
	at sun.reflect.DelegatingMethodAccessorImpl.invoke(DelegatingMethodAccessorImpl.java:43)
	at java.lang.reflect.Method.invoke(Method.java:606)
	at org.junit.runners.model.FrameworkMethod$1.runReflectiveCall(FrameworkMethod.java:47)
	at org.junit.internal.runners.model.ReflectiveCallable.run(ReflectiveCallable.java:12)
	at org.junit.runners.model.FrameworkMethod.invokeExplosively(FrameworkMethod.java:44)
	at org.junit.internal.runners.statements.InvokeMethod.evaluate(InvokeMethod.java:17)
	at org.junit.runners.ParentRunner.runLeaf(ParentRunner.java:271)
	at org.junit.runners.BlockJUnit4ClassRunner.runChild(BlockJUnit4ClassRunner.java:70)
	at org.junit.runners.BlockJUnit4ClassRunner.runChild(BlockJUnit4ClassRunner.java:50)
	at org.junit.runners.ParentRunner$3.run(ParentRunner.java:238)
	at org.junit.runners.ParentRunner$1.schedule(ParentRunner.java:63)
	at org.junit.runners.ParentRunner.runChildren(ParentRunner.java:236)
	at org.junit.runners.ParentRunner.access$000(ParentRunner.java:53)
	at org.junit.runners.ParentRunner$2.evaluate(ParentRunner.java:229)
	at org.junit.runners.ParentRunner.run(ParentRunner.java:309)
	at org.apache.maven.surefire.junit4.JUnit4Provider.execute(JUnit4Provider.java:283)
	at org.apache.maven.surefire.junit4.JUnit4Provider.executeWithRerun(JUnit4Provider.java:173)
	at org.apache.maven.surefire.junit4.JUnit4Provider.executeTestSet(JUnit4Provider.java:153)
	at org.apache.maven.surefire.junit4.JUnit4Provider.invoke(JUnit4Provider.java:128)
	at org.apache.maven.surefire.booter.ForkedBooter.invokeProviderInSameClassLoader(ForkedBooter.java:203)
	at org.apache.maven.surefire.booter.ForkedBooter.runSuitesInProcess(ForkedBooter.java:155)
	at org.apache.maven.surefire.booter.ForkedBooter.main(ForkedBooter.java:103)
Caused by: java.net.SocketException: Broken pipe
	at java.net.SocketOutputStream.socketWrite0(Native Method)
	at java.net.SocketOutputStream.socketWrite(SocketOutputStream.java:113)
	at java.net.SocketOutputStream.write(SocketOutputStream.java:138)
	at org.apache.flink.runtime.blob.BlobClient.sendGetHeader(BlobClient.java:193)
	at org.apache.flink.runtime.blob.BlobClient.get(BlobClient.java:158)
	... 26 more
10 > 19:02:26,489 INFO  org.apache.flink.runtime.blob.BlobCache                       - Downloading e89ad5a9631c3efdded7e3ecce79b4d0fedce1bf from localhost/127.0.0.1:33565 (retry 1)
10 > 19:02:26,490 DEBUG org.apache.flink.runtime.blob.BlobClient                      - GET content addressable BLOB e89ad5a9631c3efdded7e3ecce79b4d0fedce1bf from /127.0.0.1:42160
10 > 19:02:26,490 DEBUG org.apache.flink.runtime.blob.BlobCache                       - Failed to fetch BLOB e89ad5a9631c3efdded7e3ecce79b4d0fedce1bf from localhost/127.0.0.1:33565 and store it under /tmp/blobStore-51830446-aa59-46b8-9749-503a942a2983/cache/blob_e89ad5a9631c3efdded7e3ecce79b4d0fedce1bf Retrying...
java.io.IOException: GET operation failed: Broken pipe
	at org.apache.flink.runtime.blob.BlobClient.get(BlobClient.java:165)
	at org.apache.flink.runtime.blob.BlobCache.getURL(BlobCache.java:125)
	at org.apache.flink.runtime.blob.BlobCacheRetriesTest.testBlobFetchRetries(BlobCacheRetriesTest.java:70)
	at sun.reflect.NativeMethodAccessorImpl.invoke0(Native Method)
	at sun.reflect.NativeMethodAccessorImpl.invoke(NativeMethodAccessorImpl.java:57)
	at sun.reflect.DelegatingMethodAccessorImpl.invoke(DelegatingMethodAccessorImpl.java:43)
	at java.lang.reflect.Method.invoke(Method.java:606)
	at org.junit.runners.model.FrameworkMethod$1.runReflectiveCall(FrameworkMethod.java:47)
	at org.junit.internal.runners.model.ReflectiveCallable.run(ReflectiveCallable.java:12)
	at org.junit.runners.model.FrameworkMethod.invokeExplosively(FrameworkMethod.java:44)
	at org.junit.internal.runners.statements.InvokeMethod.evaluate(InvokeMethod.java:17)
	at org.junit.runners.ParentRunner.runLeaf(ParentRunner.java:271)
	at org.junit.runners.BlockJUnit4ClassRunner.runChild(BlockJUnit4ClassRunner.java:70)
	at org.junit.runners.BlockJUnit4ClassRunner.runChild(BlockJUnit4ClassRunner.java:50)
	at org.junit.runners.ParentRunner$3.run(ParentRunner.java:238)
	at org.junit.runners.ParentRunner$1.schedule(ParentRunner.java:63)
	at org.junit.runners.ParentRunner.runChildren(ParentRunner.java:236)
	at org.junit.runners.ParentRunner.access$000(ParentRunner.java:53)
	at org.junit.runners.ParentRunner$2.evaluate(ParentRunner.java:229)
	at org.junit.runners.ParentRunner.run(ParentRunner.java:309)
	at org.apache.maven.surefire.junit4.JUnit4Provider.execute(JUnit4Provider.java:283)
	at org.apache.maven.surefire.junit4.JUnit4Provider.executeWithRerun(JUnit4Provider.java:173)
	at org.apache.maven.surefire.junit4.JUnit4Provider.executeTestSet(JUnit4Provider.java:153)
	at org.apache.maven.surefire.junit4.JUnit4Provider.invoke(JUnit4Provider.java:128)
	at org.apache.maven.surefire.booter.ForkedBooter.invokeProviderInSameClassLoader(ForkedBooter.java:203)
	at org.apache.maven.surefire.booter.ForkedBooter.runSuitesInProcess(ForkedBooter.java:155)
	at org.apache.maven.surefire.booter.ForkedBooter.main(ForkedBooter.java:103)
Caused by: java.net.SocketException: Broken pipe
	at java.net.SocketOutputStream.socketWrite0(Native Method)
	at java.net.SocketOutputStream.socketWrite(SocketOutputStream.java:113)
	at java.net.SocketOutputStream.write(SocketOutputStream.java:138)
	at org.apache.flink.runtime.blob.BlobClient.sendGetHeader(BlobClient.java:193)
	at org.apache.flink.runtime.blob.BlobClient.get(BlobClient.java:158)
	... 26 more
9 > 19:02:26,492 DEBUG org.apache.flink.runtime.blob.BlobServerConnection            - Received PUT request for content addressable BLOB
10 > 19:02:26,492 INFO  org.apache.flink.runtime.blob.BlobCache                       - Downloading e89ad5a9631c3efdded7e3ecce79b4d0fedce1bf from localhost/127.0.0.1:33565 (retry 2)
10 > 19:02:26,498 DEBUG org.apache.flink.runtime.blob.BlobClient                      - GET content addressable BLOB e89ad5a9631c3efdded7e3ecce79b4d0fedce1bf from /127.0.0.1:42161
10 > 19:02:26,543 INFO  org.apache.flink.runtime.blob.BlobServer                      - Stopped BLOB server at 0.0.0.0:33565
10 > 19:02:26,552 INFO  org.apache.flink.runtime.blob.BlobServer                      - Created BLOB server storage directory /tmp/blobStore-ce29a984-d9e0-430b-bbe5-0d7d3525d12d
10 > 19:02:26,553 INFO  org.apache.flink.runtime.blob.BlobServer                      - Started BLOB server at 0.0.0.0:58069 - max concurrent requests: 50 - max backlog: 1000
10 > 19:02:26,554 DEBUG org.apache.flink.runtime.blob.BlobClient                      - PUT content addressable BLOB buffer (10 bytes) to /127.0.0.1:56363
10 > 19:02:26,556 DEBUG org.apache.flink.runtime.blob.BlobServerConnection            - Received PUT request for content addressable BLOB
10 > 19:02:26,559 INFO  org.apache.flink.runtime.blob.BlobCache                       - Created BLOB cache storage directory /tmp/blobStore-b438c09b-b3ab-4e57-a57a-1559f9b8f3f0
10 > 19:02:26,559 INFO  org.apache.flink.runtime.blob.BlobCache                       - Downloading e89ad5a9631c3efdded7e3ecce79b4d0fedce1bf from localhost/127.0.0.1:58069
10 > 19:02:26,560 DEBUG org.apache.flink.runtime.blob.BlobClient                      - GET content addressable BLOB e89ad5a9631c3efdded7e3ecce79b4d0fedce1bf from /127.0.0.1:56364
10 > 19:02:26,560 DEBUG org.apache.flink.runtime.blob.BlobCache                       - Failed to fetch BLOB e89ad5a9631c3efdded7e3ecce79b4d0fedce1bf from localhost/127.0.0.1:58069 and store it under /tmp/blobStore-b438c09b-b3ab-4e57-a57a-1559f9b8f3f0/cache/blob_e89ad5a9631c3efdded7e3ecce79b4d0fedce1bf Retrying...
java.io.IOException: GET operation failed: Connection reset
	at org.apache.flink.runtime.blob.BlobClient.get(BlobClient.java:165)
	at org.apache.flink.runtime.blob.BlobCache.getURL(BlobCache.java:125)
	at org.apache.flink.runtime.blob.BlobCacheRetriesTest.testBlobFetchWithTooManyFailures(BlobCacheRetriesTest.java:130)
	at sun.reflect.NativeMethodAccessorImpl.invoke0(Native Method)
	at sun.reflect.NativeMethodAccessorImpl.invoke(NativeMethodAccessorImpl.java:57)
	at sun.reflect.DelegatingMethodAccessorImpl.invoke(DelegatingMethodAccessorImpl.java:43)
	at java.lang.reflect.Method.invoke(Method.java:606)
	at org.junit.runners.model.FrameworkMethod$1.runReflectiveCall(FrameworkMethod.java:47)
	at org.junit.internal.runners.model.ReflectiveCallable.run(ReflectiveCallable.java:12)
	at org.junit.runners.model.FrameworkMethod.invokeExplosively(FrameworkMethod.java:44)
	at org.junit.internal.runners.statements.InvokeMethod.evaluate(InvokeMethod.java:17)
	at org.junit.runners.ParentRunner.runLeaf(ParentRunner.java:271)
	at org.junit.runners.BlockJUnit4ClassRunner.runChild(BlockJUnit4ClassRunner.java:70)
	at org.junit.runners.BlockJUnit4ClassRunner.runChild(BlockJUnit4ClassRunner.java:50)
	at org.junit.runners.ParentRunner$3.run(ParentRunner.java:238)
	at org.junit.runners.ParentRunner$1.schedule(ParentRunner.java:63)
	at org.junit.runners.ParentRunner.runChildren(ParentRunner.java:236)
	at org.junit.runners.ParentRunner.access$000(ParentRunner.java:53)
	at org.junit.runners.ParentRunner$2.evaluate(ParentRunner.java:229)
	at org.junit.runners.ParentRunner.run(ParentRunner.java:309)
	at org.apache.maven.surefire.junit4.JUnit4Provider.execute(JUnit4Provider.java:283)
	at org.apache.maven.surefire.junit4.JUnit4Provider.executeWithRerun(JUnit4Provider.java:173)
	at org.apache.maven.surefire.junit4.JUnit4Provider.executeTestSet(JUnit4Provider.java:153)
	at org.apache.maven.surefire.junit4.JUnit4Provider.invoke(JUnit4Provider.java:128)
	at org.apache.maven.surefire.booter.ForkedBooter.invokeProviderInSameClassLoader(ForkedBooter.java:203)
	at org.apache.maven.surefire.booter.ForkedBooter.runSuitesInProcess(ForkedBooter.java:155)
	at org.apache.maven.surefire.booter.ForkedBooter.main(ForkedBooter.java:103)
Caused by: java.net.SocketException: Connection reset
	at java.net.SocketInputStream.read(SocketInputStream.java:196)
	at java.net.SocketInputStream.read(SocketInputStream.java:122)
	at java.net.SocketInputStream.read(SocketInputStream.java:210)
	at org.apache.flink.runtime.blob.BlobClient.receiveAndCheckResponse(BlobClient.java:207)
	at org.apache.flink.runtime.blob.BlobClient.get(BlobClient.java:159)
	... 26 more
10 > 19:02:26,562 INFO  org.apache.flink.runtime.blob.BlobCache                       - Downloading e89ad5a9631c3efdded7e3ecce79b4d0fedce1bf from localhost/127.0.0.1:58069 (retry 1)
10 > 19:02:26,574 DEBUG org.apache.flink.runtime.blob.BlobClient                      - GET content addressable BLOB e89ad5a9631c3efdded7e3ecce79b4d0fedce1bf from /127.0.0.1:56365
Tests run: 1, Failures: 0, Errors: 0, Skipped: 0, Time elapsed: 2.914 sec - in org.apache.flink.runtime.iterative.concurrent.BrokerTest
10 > 19:02:26,582 DEBUG org.apache.flink.runtime.blob.BlobCache                       - Failed to fetch BLOB e89ad5a9631c3efdded7e3ecce79b4d0fedce1bf from localhost/127.0.0.1:58069 and store it under /tmp/blobStore-b438c09b-b3ab-4e57-a57a-1559f9b8f3f0/cache/blob_e89ad5a9631c3efdded7e3ecce79b4d0fedce1bf Retrying...
java.io.IOException: GET operation failed: Connection reset
	at org.apache.flink.runtime.blob.BlobClient.get(BlobClient.java:165)
	at org.apache.flink.runtime.blob.BlobCache.getURL(BlobCache.java:125)
	at org.apache.flink.runtime.blob.BlobCacheRetriesTest.testBlobFetchWithTooManyFailures(BlobCacheRetriesTest.java:130)
	at sun.reflect.NativeMethodAccessorImpl.invoke0(Native Method)
	at sun.reflect.NativeMethodAccessorImpl.invoke(NativeMethodAccessorImpl.java:57)
	at sun.reflect.DelegatingMethodAccessorImpl.invoke(DelegatingMethodAccessorImpl.java:43)
	at java.lang.reflect.Method.invoke(Method.java:606)
	at org.junit.runners.model.FrameworkMethod$1.runReflectiveCall(FrameworkMethod.java:47)
	at org.junit.internal.runners.model.ReflectiveCallable.run(ReflectiveCallable.java:12)
	at org.junit.runners.model.FrameworkMethod.invokeExplosively(FrameworkMethod.java:44)
	at org.junit.internal.runners.statements.InvokeMethod.evaluate(InvokeMethod.java:17)
	at org.junit.runners.ParentRunner.runLeaf(ParentRunner.java:271)
	at org.junit.runners.BlockJUnit4ClassRunner.runChild(BlockJUnit4ClassRunner.java:70)
	at org.junit.runners.BlockJUnit4ClassRunner.runChild(BlockJUnit4ClassRunner.java:50)
	at org.junit.runners.ParentRunner$3.run(ParentRunner.java:238)
	at org.junit.runners.ParentRunner$1.schedule(ParentRunner.java:63)
	at org.junit.runners.ParentRunner.runChildren(ParentRunner.java:236)
	at org.junit.runners.ParentRunner.access$000(ParentRunner.java:53)
	at org.junit.runners.ParentRunner$2.evaluate(ParentRunner.java:229)
	at org.junit.runners.ParentRunner.run(ParentRunner.java:309)
	at org.apache.maven.surefire.junit4.JUnit4Provider.execute(JUnit4Provider.java:283)
	at org.apache.maven.surefire.junit4.JUnit4Provider.executeWithRerun(JUnit4Provider.java:173)
	at org.apache.maven.surefire.junit4.JUnit4Provider.executeTestSet(JUnit4Provider.java:153)
	at org.apache.maven.surefire.junit4.JUnit4Provider.invoke(JUnit4Provider.java:128)
	at org.apache.maven.surefire.booter.ForkedBooter.invokeProviderInSameClassLoader(ForkedBooter.java:203)
	at org.apache.maven.surefire.booter.ForkedBooter.runSuitesInProcess(ForkedBooter.java:155)
	at org.apache.maven.surefire.booter.ForkedBooter.main(ForkedBooter.java:103)
Caused by: java.net.SocketException: Connection reset
	at java.net.SocketInputStream.read(SocketInputStream.java:196)
	at java.net.SocketInputStream.read(SocketInputStream.java:122)
	at java.net.SocketInputStream.read(SocketInputStream.java:210)
	at org.apache.flink.runtime.blob.BlobClient.receiveAndCheckResponse(BlobClient.java:207)
	at org.apache.flink.runtime.blob.BlobClient.get(BlobClient.java:159)
	... 26 more
10 > 19:02:26,583 INFO  org.apache.flink.runtime.blob.BlobCache                       - Downloading e89ad5a9631c3efdded7e3ecce79b4d0fedce1bf from localhost/127.0.0.1:58069 (retry 2)
10 > 19:02:26,591 DEBUG org.apache.flink.runtime.blob.BlobClient                      - GET content addressable BLOB e89ad5a9631c3efdded7e3ecce79b4d0fedce1bf from /127.0.0.1:56367
10 > 19:02:26,591 DEBUG org.apache.flink.runtime.blob.BlobCache                       - Failed to fetch BLOB e89ad5a9631c3efdded7e3ecce79b4d0fedce1bf from localhost/127.0.0.1:58069 and store it under /tmp/blobStore-b438c09b-b3ab-4e57-a57a-1559f9b8f3f0/cache/blob_e89ad5a9631c3efdded7e3ecce79b4d0fedce1bf Retrying...
java.io.IOException: GET operation failed: Broken pipe
	at org.apache.flink.runtime.blob.BlobClient.get(BlobClient.java:165)
	at org.apache.flink.runtime.blob.BlobCache.getURL(BlobCache.java:125)
	at org.apache.flink.runtime.blob.BlobCacheRetriesTest.testBlobFetchWithTooManyFailures(BlobCacheRetriesTest.java:130)
	at sun.reflect.NativeMethodAccessorImpl.invoke0(Native Method)
	at sun.reflect.NativeMethodAccessorImpl.invoke(NativeMethodAccessorImpl.java:57)
	at sun.reflect.DelegatingMethodAccessorImpl.invoke(DelegatingMethodAccessorImpl.java:43)
	at java.lang.reflect.Method.invoke(Method.java:606)
	at org.junit.runners.model.FrameworkMethod$1.runReflectiveCall(FrameworkMethod.java:47)
	at org.junit.internal.runners.model.ReflectiveCallable.run(ReflectiveCallable.java:12)
	at org.junit.runners.model.FrameworkMethod.invokeExplosively(FrameworkMethod.java:44)
	at org.junit.internal.runners.statements.InvokeMethod.evaluate(InvokeMethod.java:17)
	at org.junit.runners.ParentRunner.runLeaf(ParentRunner.java:271)
	at org.junit.runners.BlockJUnit4ClassRunner.runChild(BlockJUnit4ClassRunner.java:70)
	at org.junit.runners.BlockJUnit4ClassRunner.runChild(BlockJUnit4ClassRunner.java:50)
	at org.junit.runners.ParentRunner$3.run(ParentRunner.java:238)
	at org.junit.runners.ParentRunner$1.schedule(ParentRunner.java:63)
	at org.junit.runners.ParentRunner.runChildren(ParentRunner.java:236)
	at org.junit.runners.ParentRunner.access$000(ParentRunner.java:53)
	at org.junit.runners.ParentRunner$2.evaluate(ParentRunner.java:229)
	at org.junit.runners.ParentRunner.run(ParentRunner.java:309)
	at org.apache.maven.surefire.junit4.JUnit4Provider.execute(JUnit4Provider.java:283)
	at org.apache.maven.surefire.junit4.JUnit4Provider.executeWithRerun(JUnit4Provider.java:173)
	at org.apache.maven.surefire.junit4.JUnit4Provider.executeTestSet(JUnit4Provider.java:153)
	at org.apache.maven.surefire.junit4.JUnit4Provider.invoke(JUnit4Provider.java:128)
	at org.apache.maven.surefire.booter.ForkedBooter.invokeProviderInSameClassLoader(ForkedBooter.java:203)
	at org.apache.maven.surefire.booter.ForkedBooter.runSuitesInProcess(ForkedBooter.java:155)
	at org.apache.maven.surefire.booter.ForkedBooter.main(ForkedBooter.java:103)
Caused by: java.net.SocketException: Broken pipe
	at java.net.SocketOutputStream.socketWrite0(Native Method)
	at java.net.SocketOutputStream.socketWrite(SocketOutputStream.java:113)
	at java.net.SocketOutputStream.write(SocketOutputStream.java:138)
	at org.apache.flink.runtime.blob.BlobClient.sendGetHeader(BlobClient.java:193)
	at org.apache.flink.runtime.blob.BlobClient.get(BlobClient.java:158)
	... 26 more
10 > 19:02:26,592 INFO  org.apache.flink.runtime.blob.BlobCache                       - Downloading e89ad5a9631c3efdded7e3ecce79b4d0fedce1bf from localhost/127.0.0.1:58069 (retry 3)
10 > 19:02:26,594 DEBUG org.apache.flink.runtime.blob.BlobClient                      - GET content addressable BLOB e89ad5a9631c3efdded7e3ecce79b4d0fedce1bf from /127.0.0.1:56368
10 > 19:02:26,594 DEBUG org.apache.flink.runtime.blob.BlobCache                       - Failed to fetch BLOB e89ad5a9631c3efdded7e3ecce79b4d0fedce1bf from localhost/127.0.0.1:58069 and store it under /tmp/blobStore-b438c09b-b3ab-4e57-a57a-1559f9b8f3f0/cache/blob_e89ad5a9631c3efdded7e3ecce79b4d0fedce1bf Retrying...
java.io.IOException: GET operation failed: Broken pipe
	at org.apache.flink.runtime.blob.BlobClient.get(BlobClient.java:165)
	at org.apache.flink.runtime.blob.BlobCache.getURL(BlobCache.java:125)
	at org.apache.flink.runtime.blob.BlobCacheRetriesTest.testBlobFetchWithTooManyFailures(BlobCacheRetriesTest.java:130)
	at sun.reflect.NativeMethodAccessorImpl.invoke0(Native Method)
	at sun.reflect.NativeMethodAccessorImpl.invoke(NativeMethodAccessorImpl.java:57)
	at sun.reflect.DelegatingMethodAccessorImpl.invoke(DelegatingMethodAccessorImpl.java:43)
	at java.lang.reflect.Method.invoke(Method.java:606)
	at org.junit.runners.model.FrameworkMethod$1.runReflectiveCall(FrameworkMethod.java:47)
	at org.junit.internal.runners.model.ReflectiveCallable.run(ReflectiveCallable.java:12)
	at org.junit.runners.model.FrameworkMethod.invokeExplosively(FrameworkMethod.java:44)
	at org.junit.internal.runners.statements.InvokeMethod.evaluate(InvokeMethod.java:17)
	at org.junit.runners.ParentRunner.runLeaf(ParentRunner.java:271)
	at org.junit.runners.BlockJUnit4ClassRunner.runChild(BlockJUnit4ClassRunner.java:70)
	at org.junit.runners.BlockJUnit4ClassRunner.runChild(BlockJUnit4ClassRunner.java:50)
	at org.junit.runners.ParentRunner$3.run(ParentRunner.java:238)
	at org.junit.runners.ParentRunner$1.schedule(ParentRunner.java:63)
	at org.junit.runners.ParentRunner.runChildren(ParentRunner.java:236)
	at org.junit.runners.ParentRunner.access$000(ParentRunner.java:53)
	at org.junit.runners.ParentRunner$2.evaluate(ParentRunner.java:229)
	at org.junit.runners.ParentRunner.run(ParentRunner.java:309)
	at org.apache.maven.surefire.junit4.JUnit4Provider.execute(JUnit4Provider.java:283)
	at org.apache.maven.surefire.junit4.JUnit4Provider.executeWithRerun(JUnit4Provider.java:173)
	at org.apache.maven.surefire.junit4.JUnit4Provider.executeTestSet(JUnit4Provider.java:153)
	at org.apache.maven.surefire.junit4.JUnit4Provider.invoke(JUnit4Provider.java:128)
	at org.apache.maven.surefire.booter.ForkedBooter.invokeProviderInSameClassLoader(ForkedBooter.java:203)
	at org.apache.maven.surefire.booter.ForkedBooter.runSuitesInProcess(ForkedBooter.java:155)
	at org.apache.maven.surefire.booter.ForkedBooter.main(ForkedBooter.java:103)
Caused by: java.net.SocketException: Broken pipe
	at java.net.SocketOutputStream.socketWrite0(Native Method)
	at java.net.SocketOutputStream.socketWrite(SocketOutputStream.java:113)
	at java.net.SocketOutputStream.write(SocketOutputStream.java:138)
	at org.apache.flink.runtime.blob.BlobClient.sendGetHeader(BlobClient.java:193)
	at org.apache.flink.runtime.blob.BlobClient.get(BlobClient.java:158)
	... 26 more
10 > 19:02:26,598 INFO  org.apache.flink.runtime.blob.BlobCache                       - Downloading e89ad5a9631c3efdded7e3ecce79b4d0fedce1bf from localhost/127.0.0.1:58069 (retry 4)
10 > 19:02:26,598 DEBUG org.apache.flink.runtime.blob.BlobClient                      - GET content addressable BLOB e89ad5a9631c3efdded7e3ecce79b4d0fedce1bf from /127.0.0.1:56369
10 > 19:02:26,599 DEBUG org.apache.flink.runtime.blob.BlobCache                       - Failed to fetch BLOB e89ad5a9631c3efdded7e3ecce79b4d0fedce1bf from localhost/127.0.0.1:58069 and store it under /tmp/blobStore-b438c09b-b3ab-4e57-a57a-1559f9b8f3f0/cache/blob_e89ad5a9631c3efdded7e3ecce79b4d0fedce1bf Retrying...
java.io.IOException: GET operation failed: Broken pipe
	at org.apache.flink.runtime.blob.BlobClient.get(BlobClient.java:165)
	at org.apache.flink.runtime.blob.BlobCache.getURL(BlobCache.java:125)
	at org.apache.flink.runtime.blob.BlobCacheRetriesTest.testBlobFetchWithTooManyFailures(BlobCacheRetriesTest.java:130)
	at sun.reflect.NativeMethodAccessorImpl.invoke0(Native Method)
	at sun.reflect.NativeMethodAccessorImpl.invoke(NativeMethodAccessorImpl.java:57)
	at sun.reflect.DelegatingMethodAccessorImpl.invoke(DelegatingMethodAccessorImpl.java:43)
	at java.lang.reflect.Method.invoke(Method.java:606)
	at org.junit.runners.model.FrameworkMethod$1.runReflectiveCall(FrameworkMethod.java:47)
	at org.junit.internal.runners.model.ReflectiveCallable.run(ReflectiveCallable.java:12)
	at org.junit.runners.model.FrameworkMethod.invokeExplosively(FrameworkMethod.java:44)
	at org.junit.internal.runners.statements.InvokeMethod.evaluate(InvokeMethod.java:17)
	at org.junit.runners.ParentRunner.runLeaf(ParentRunner.java:271)
	at org.junit.runners.BlockJUnit4ClassRunner.runChild(BlockJUnit4ClassRunner.java:70)
	at org.junit.runners.BlockJUnit4ClassRunner.runChild(BlockJUnit4ClassRunner.java:50)
	at org.junit.runners.ParentRunner$3.run(ParentRunner.java:238)
	at org.junit.runners.ParentRunner$1.schedule(ParentRunner.java:63)
	at org.junit.runners.ParentRunner.runChildren(ParentRunner.java:236)
	at org.junit.runners.ParentRunner.access$000(ParentRunner.java:53)
	at org.junit.runners.ParentRunner$2.evaluate(ParentRunner.java:229)
	at org.junit.runners.ParentRunner.run(ParentRunner.java:309)
	at org.apache.maven.surefire.junit4.JUnit4Provider.execute(JUnit4Provider.java:283)
	at org.apache.maven.surefire.junit4.JUnit4Provider.executeWithRerun(JUnit4Provider.java:173)
	at org.apache.maven.surefire.junit4.JUnit4Provider.executeTestSet(JUnit4Provider.java:153)
	at org.apache.maven.surefire.junit4.JUnit4Provider.invoke(JUnit4Provider.java:128)
	at org.apache.maven.surefire.booter.ForkedBooter.invokeProviderInSameClassLoader(ForkedBooter.java:203)
	at org.apache.maven.surefire.booter.ForkedBooter.runSuitesInProcess(ForkedBooter.java:155)
	at org.apache.maven.surefire.booter.ForkedBooter.main(ForkedBooter.java:103)
Caused by: java.net.SocketException: Broken pipe
	at java.net.SocketOutputStream.socketWrite0(Native Method)
	at java.net.SocketOutputStream.socketWrite(SocketOutputStream.java:113)
	at java.net.SocketOutputStream.write(SocketOutputStream.java:138)
	at org.apache.flink.runtime.blob.BlobClient.sendGetHeader(BlobClient.java:193)
	at org.apache.flink.runtime.blob.BlobClient.get(BlobClient.java:158)
	... 26 more
10 > 19:02:26,600 INFO  org.apache.flink.runtime.blob.BlobCache                       - Downloading e89ad5a9631c3efdded7e3ecce79b4d0fedce1bf from localhost/127.0.0.1:58069 (retry 5)
10 > 19:02:26,600 DEBUG org.apache.flink.runtime.blob.BlobClient                      - GET content addressable BLOB e89ad5a9631c3efdded7e3ecce79b4d0fedce1bf from /127.0.0.1:56370
10 > 19:02:26,601 ERROR org.apache.flink.runtime.blob.BlobCache                       - Failed to fetch BLOB e89ad5a9631c3efdded7e3ecce79b4d0fedce1bf from localhost/127.0.0.1:58069 and store it under /tmp/blobStore-b438c09b-b3ab-4e57-a57a-1559f9b8f3f0/cache/blob_e89ad5a9631c3efdded7e3ecce79b4d0fedce1bf No retries left.
java.io.IOException: GET operation failed: Broken pipe
	at org.apache.flink.runtime.blob.BlobClient.get(BlobClient.java:165)
	at org.apache.flink.runtime.blob.BlobCache.getURL(BlobCache.java:125)
	at org.apache.flink.runtime.blob.BlobCacheRetriesTest.testBlobFetchWithTooManyFailures(BlobCacheRetriesTest.java:130)
	at sun.reflect.NativeMethodAccessorImpl.invoke0(Native Method)
	at sun.reflect.NativeMethodAccessorImpl.invoke(NativeMethodAccessorImpl.java:57)
	at sun.reflect.DelegatingMethodAccessorImpl.invoke(DelegatingMethodAccessorImpl.java:43)
	at java.lang.reflect.Method.invoke(Method.java:606)
	at org.junit.runners.model.FrameworkMethod$1.runReflectiveCall(FrameworkMethod.java:47)
	at org.junit.internal.runners.model.ReflectiveCallable.run(ReflectiveCallable.java:12)
	at org.junit.runners.model.FrameworkMethod.invokeExplosively(FrameworkMethod.java:44)
	at org.junit.internal.runners.statements.InvokeMethod.evaluate(InvokeMethod.java:17)
	at org.junit.runners.ParentRunner.runLeaf(ParentRunner.java:271)
	at org.junit.runners.BlockJUnit4ClassRunner.runChild(BlockJUnit4ClassRunner.java:70)
	at org.junit.runners.BlockJUnit4ClassRunner.runChild(BlockJUnit4ClassRunner.java:50)
	at org.junit.runners.ParentRunner$3.run(ParentRunner.java:238)
	at org.junit.runners.ParentRunner$1.schedule(ParentRunner.java:63)
	at org.junit.runners.ParentRunner.runChildren(ParentRunner.java:236)
	at org.junit.runners.ParentRunner.access$000(ParentRunner.java:53)
	at org.junit.runners.ParentRunner$2.evaluate(ParentRunner.java:229)
	at org.junit.runners.ParentRunner.run(ParentRunner.java:309)
	at org.apache.maven.surefire.junit4.JUnit4Provider.execute(JUnit4Provider.java:283)
	at org.apache.maven.surefire.junit4.JUnit4Provider.executeWithRerun(JUnit4Provider.java:173)
	at org.apache.maven.surefire.junit4.JUnit4Provider.executeTestSet(JUnit4Provider.java:153)
	at org.apache.maven.surefire.junit4.JUnit4Provider.invoke(JUnit4Provider.java:128)
	at org.apache.maven.surefire.booter.ForkedBooter.invokeProviderInSameClassLoader(ForkedBooter.java:203)
	at org.apache.maven.surefire.booter.ForkedBooter.runSuitesInProcess(ForkedBooter.java:155)
	at org.apache.maven.surefire.booter.ForkedBooter.main(ForkedBooter.java:103)
Caused by: java.net.SocketException: Broken pipe
	at java.net.SocketOutputStream.socketWrite0(Native Method)
	at java.net.SocketOutputStream.socketWrite(SocketOutputStream.java:113)
	at java.net.SocketOutputStream.write(SocketOutputStream.java:138)
	at org.apache.flink.runtime.blob.BlobClient.sendGetHeader(BlobClient.java:193)
	at org.apache.flink.runtime.blob.BlobClient.get(BlobClient.java:158)
	... 26 more
10 > 19:02:26,606 INFO  org.apache.flink.runtime.blob.BlobServer                      - Stopped BLOB server at 0.0.0.0:58069
Tests run: 2, Failures: 0, Errors: 0, Skipped: 0, Time elapsed: 1.217 sec - in org.apache.flink.runtime.blob.BlobCacheRetriesTest
Running org.apache.flink.runtime.blob.BlobUtilsTest
Running org.apache.flink.runtime.blob.BlobKeyTest
Tests run: 8, Failures: 0, Errors: 0, Skipped: 0, Time elapsed: 11.809 sec - in org.apache.flink.runtime.operators.util.RecordOutputEmitterTest
9 > 19:02:27,083 DEBUG org.apache.flink.runtime.blob.BlobClient                      - GET content addressable BLOB 6ae47e698d5dc3465eb5bbd6b4a5288664c7996b from /127.0.0.1:33110
9 > 19:02:27,089 DEBUG org.apache.flink.runtime.blob.BlobServer                      - Shutting down connection BLOB connection for /127.0.0.1:33110
9 > 19:02:27,101 DEBUG org.apache.flink.runtime.blob.BlobServerConnection            - Socket connection closed
java.net.SocketException: Socket closed
	at java.net.SocketOutputStream.socketWrite(SocketOutputStream.java:121)
	at java.net.SocketOutputStream.write(SocketOutputStream.java:159)
	at org.apache.flink.runtime.blob.BlobServerConnection.get(BlobServerConnection.java:238)
	at org.apache.flink.runtime.blob.BlobServerConnection.run(BlobServerConnection.java:112)
9 > 19:02:27,127 DEBUG org.apache.flink.runtime.blob.BlobServerConnection            - Socket connection closed
java.net.SocketException: Socket closed
	at java.net.SocketInputStream.socketRead0(Native Method)
	at java.net.SocketInputStream.read(SocketInputStream.java:152)
	at java.net.SocketInputStream.read(SocketInputStream.java:122)
	at java.net.SocketInputStream.read(SocketInputStream.java:210)
	at org.apache.flink.runtime.blob.BlobServerConnection.run(BlobServerConnection.java:101)
9 > 19:02:27,107 INFO  org.apache.flink.runtime.blob.BlobServer                      - Stopped BLOB server at 0.0.0.0:48684
9 > 19:02:27,131 INFO  org.apache.flink.runtime.blob.BlobServer                      - Created BLOB server storage directory /tmp/blobStore-1e45a175-62b7-4800-9930-030c6c70fd53
9 > 19:02:27,163 INFO  org.apache.flink.runtime.blob.BlobServer                      - Started BLOB server at 0.0.0.0:32892 - max concurrent requests: 50 - max backlog: 1000
9 > 19:02:27,175 DEBUG org.apache.flink.runtime.blob.BlobClient                      - PUT content addressable BLOB buffer (2000000 bytes) to /127.0.0.1:44221
9 > 19:02:27,207 DEBUG org.apache.flink.runtime.blob.BlobServerConnection            - Received PUT request for content addressable BLOB
9 > 19:02:27,320 DEBUG org.apache.flink.runtime.blob.BlobClient                      - GET content addressable BLOB 23d8f0a95d6c329bb7e61381b11387ddc6e22c11 from /127.0.0.1:44221
9 > 19:02:27,359 ERROR org.apache.flink.runtime.blob.BlobServerConnection            - GET operation failed
java.io.IOException: Cannot find required BLOB at /tmp/blobStore-1e45a175-62b7-4800-9930-030c6c70fd53/cache/blob_23d8f0a95d6c329bb7e61381b11387ddc6e22c11
	at org.apache.flink.runtime.blob.BlobServerConnection.get(BlobServerConnection.java:202)
	at org.apache.flink.runtime.blob.BlobServerConnection.run(BlobServerConnection.java:112)
Tests run: 4, Failures: 0, Errors: 0, Skipped: 0, Time elapsed: 0.396 sec - in org.apache.flink.runtime.blob.BlobKeyTest
9 > 19:02:27,458 DEBUG org.apache.flink.runtime.blob.BlobServer                      - Shutting down connection BLOB connection for /127.0.0.1:44221
9 > 19:02:27,461 INFO  org.apache.flink.runtime.blob.BlobServer                      - Stopped BLOB server at 0.0.0.0:32892
Tests run: 2, Failures: 0, Errors: 0, Skipped: 0, Time elapsed: 2.261 sec - in org.apache.flink.runtime.blob.BlobServerGetTest
9 > 19:02:27,466 DEBUG org.apache.flink.runtime.blob.BlobServerConnection            - Socket connection closed
java.net.SocketException: Socket closed
	at java.net.SocketInputStream.socketRead0(Native Method)
	at java.net.SocketInputStream.read(SocketInputStream.java:152)
	at java.net.SocketInputStream.read(SocketInputStream.java:122)
	at java.net.SocketInputStream.read(SocketInputStream.java:210)
	at org.apache.flink.runtime.blob.BlobServerConnection.run(BlobServerConnection.java:101)
Running org.apache.flink.runtime.blob.BlobClientTest
Tests run: 2, Failures: 0, Errors: 0, Skipped: 0, Time elapsed: 0.665 sec - in org.apache.flink.runtime.blob.BlobUtilsTest
Tests run: 1, Failures: 0, Errors: 0, Skipped: 0, Time elapsed: 3.356 sec - in org.apache.flink.runtime.iterative.concurrent.BlockingBackChannelTest
5 > 19:02:27,846 INFO  org.apache.flink.runtime.blob.BlobCache                       - Created BLOB cache storage directory /tmp/blobStore-4754da05-f4e6-48a3-8a21-a1fe67efc158
22 > 19:02:27,920 DEBUG org.apache.flink.runtime.blob.BlobClient                      - GET BLOB 20de9deee3b868b0ce191f8faa7e1f64 / "my test key" from /127.0.0.1:43731
Running org.apache.flink.runtime.filecache.FileCacheDeleteValidationTest
Tests run: 44, Failures: 0, Errors: 0, Skipped: 0, Time elapsed: 16.489 sec - in org.apache.flink.runtime.operators.RightOuterJoinTaskTest
5 > 19:02:28,360 INFO  org.apache.flink.runtime.blob.BlobServer                      - Stopped BLOB server at 0.0.0.0:58958
Tests run: 32, Failures: 0, Errors: 0, Skipped: 0, Time elapsed: 11.016 sec - in org.apache.flink.runtime.operators.CrossTaskTest
Tests run: 1, Failures: 0, Errors: 0, Skipped: 0, Time elapsed: 3.436 sec - in org.apache.flink.runtime.net.ConnectionUtilsTest
Running org.apache.flink.runtime.jobgraph.JobTaskVertexTest
11 > 19:02:28,874 INFO  org.apache.flink.runtime.blob.BlobServer                      - Created BLOB server storage directory /tmp/blobStore-18b9fc57-e2dc-4348-9db3-adba9604dc8c
11 > 19:02:28,918 INFO  org.apache.flink.runtime.blob.BlobServer                      - Started BLOB server at 0.0.0.0:53749 - max concurrent requests: 50 - max backlog: 1000
5 > 19:02:28,936 INFO  org.apache.flink.runtime.blob.BlobServer                      - Created BLOB server storage directory /tmp/blobStore-0ce5f754-8955-4a84-83e5-d8f7558199f4
5 > 19:02:28,942 INFO  org.apache.flink.runtime.blob.BlobServer                      - Started BLOB server at 0.0.0.0:34024 - max concurrent requests: 50 - max backlog: 1000
Running org.apache.flink.runtime.blob.BlobCacheSuccessTest
Running org.apache.flink.runtime.blob.BlobServerDeleteTest
11 > 19:02:29,031 DEBUG org.apache.flink.runtime.blob.BlobClient                      - PUT content addressable BLOB buffer (17000 bytes) to /127.0.0.1:32811
5 > 19:02:29,047 INFO  org.apache.flink.runtime.blob.BlobServer                      - Stopped BLOB server at 0.0.0.0:34024
11 > 19:02:29,036 DEBUG org.apache.flink.runtime.blob.BlobServerConnection            - Received PUT request for content addressable BLOB
Tests run: 2, Failures: 0, Errors: 0, Skipped: 0, Time elapsed: 9.976 sec - in org.apache.flink.runtime.checkpoint.CoordinatorShutdownTest
11 > 19:02:29,082 DEBUG org.apache.flink.runtime.blob.BlobClient                      - GET content addressable BLOB f4cfbb2fa70643191b6619c3ebb3f95242a7326d from /127.0.0.1:32811
Running org.apache.flink.runtime.jobgraph.JobIdTest
11 > 19:02:29,123 DEBUG org.apache.flink.runtime.blob.BlobClient                      - GET content addressable BLOB 0000000000000000000000000000000000000000 from /127.0.0.1:32811
Tests run: 1, Failures: 0, Errors: 0, Skipped: 0, Time elapsed: 0.043 sec - in org.apache.flink.runtime.jobgraph.JobIdTest
11 > 19:02:29,164 ERROR org.apache.flink.runtime.blob.BlobServerConnection            - GET operation failed
java.io.IOException: Cannot find required BLOB at /tmp/blobStore-18b9fc57-e2dc-4348-9db3-adba9604dc8c/cache/blob_0000000000000000000000000000000000000000
	at org.apache.flink.runtime.blob.BlobServerConnection.get(BlobServerConnection.java:202)
	at org.apache.flink.runtime.blob.BlobServerConnection.run(BlobServerConnection.java:112)
11 > 19:02:29,251 DEBUG org.apache.flink.runtime.blob.BlobClient                      - PUT BLOB buffer (17000 bytes) under 64ce34ec406cee10f870022ba54e2201 / "testkey" to /127.0.0.1:32818
11 > 19:02:29,252 DEBUG org.apache.flink.runtime.blob.BlobServerConnection            - Socket connection closed
java.net.SocketException: Socket closed
	at java.net.SocketInputStream.socketRead0(Native Method)
	at java.net.SocketInputStream.read(SocketInputStream.java:152)
	at java.net.SocketInputStream.read(SocketInputStream.java:122)
	at java.net.SocketInputStream.read(SocketInputStream.java:210)
	at org.apache.flink.runtime.blob.BlobServerConnection.run(BlobServerConnection.java:101)
Running org.apache.flink.runtime.operators.DataSourceTaskTest
11 > 19:02:29,260 DEBUG org.apache.flink.runtime.blob.BlobServerConnection            - Received PUT request for BLOB under 64ce34ec406cee10f870022ba54e2201 / "testkey"
Running org.apache.flink.runtime.jobgraph.JobGraphTest
11 > 19:02:29,436 DEBUG org.apache.flink.runtime.blob.BlobClient                      - GET BLOB 64ce34ec406cee10f870022ba54e2201 / "testkey" from /127.0.0.1:32818
Running org.apache.flink.runtime.jobgraph.jsonplan.JsonGeneratorTest
11 > 19:02:29,517 DEBUG org.apache.flink.runtime.blob.BlobClient                      - GET BLOB 64ce34ec406cee10f870022ba54e2201 / "testkey" from /127.0.0.1:32818
11 > 19:02:29,556 ERROR org.apache.flink.runtime.blob.BlobServerConnection            - GET operation failed
java.io.IOException: Cannot find required BLOB at /tmp/blobStore-18b9fc57-e2dc-4348-9db3-adba9604dc8c/job_64ce34ec406cee10f870022ba54e2201/blob_dGVzdGtleQ==
	at org.apache.flink.runtime.blob.BlobServerConnection.get(BlobServerConnection.java:202)
	at org.apache.flink.runtime.blob.BlobServerConnection.run(BlobServerConnection.java:112)
11 > 19:02:29,556 DEBUG org.apache.flink.runtime.blob.BlobServerConnection            - Socket connection closed
java.net.SocketException: Socket closed
	at java.net.SocketInputStream.socketRead0(Native Method)
	at java.net.SocketInputStream.read(SocketInputStream.java:152)
	at java.net.SocketInputStream.read(SocketInputStream.java:122)
	at java.net.SocketInputStream.read(SocketInputStream.java:210)
	at org.apache.flink.runtime.blob.BlobServerConnection.run(BlobServerConnection.java:101)
11 > 19:02:29,595 DEBUG org.apache.flink.runtime.blob.BlobClient                      - PUT content addressable BLOB stream to /127.0.0.1:32829
11 > 19:02:29,599 DEBUG org.apache.flink.runtime.blob.BlobServerConnection            - Received PUT request for content addressable BLOB
11 > 19:02:29,657 DEBUG org.apache.flink.runtime.blob.BlobClient                      - GET content addressable BLOB 7330500e9a462fd2f632c0105998c6559ed6b66c from /127.0.0.1:32829
Running org.apache.flink.runtime.leaderelection.StandaloneLeaderElectionTest
Tests run: 44, Failures: 0, Errors: 0, Skipped: 0, Time elapsed: 17.452 sec - in org.apache.flink.runtime.operators.LeftOuterJoinTaskTest
Running org.apache.flink.runtime.leaderelection.ZooKeeperLeaderElectionTest
10 > 19:02:30,045 INFO  org.apache.flink.runtime.blob.BlobServer                      - Created BLOB server storage directory /tmp/blobStore-aba96de1-8178-4bda-92a1-6a139b456810
10 > 19:02:30,115 INFO  org.apache.flink.runtime.blob.BlobServer                      - Started BLOB server at 0.0.0.0:58250 - max concurrent requests: 50 - max backlog: 1000
10 > 19:02:30,135 DEBUG org.apache.flink.runtime.blob.BlobClient                      - PUT content addressable BLOB buffer (128 bytes) to /127.0.0.1:54743
Tests run: 4, Failures: 0, Errors: 0, Skipped: 0, Time elapsed: 1.339 sec - in org.apache.flink.runtime.jobgraph.JobTaskVertexTest
10 > 19:02:30,159 DEBUG org.apache.flink.runtime.blob.BlobServerConnection            - Received PUT request for content addressable BLOB
10 > 19:02:30,193 DEBUG org.apache.flink.runtime.blob.BlobClient                      - PUT content addressable BLOB buffer (128 bytes) to /127.0.0.1:54743
10 > 19:02:30,219 DEBUG org.apache.flink.runtime.blob.BlobServerConnection            - Received PUT request for content addressable BLOB
10 > 19:02:30,282 INFO  org.apache.flink.runtime.blob.BlobCache                       - Created BLOB cache storage directory /tmp/blobStore-1010da9a-236d-4a2d-aaa2-891a6e974742
10 > 19:02:30,283 INFO  org.apache.flink.runtime.blob.BlobCache                       - Downloading 0ae4f711ef5d6e9d26c611fd2c8c8ac45ecbf9e7 from 0.0.0.0/0.0.0.0:58250
10 > 19:02:30,286 DEBUG org.apache.flink.runtime.blob.BlobClient                      - GET content addressable BLOB 0ae4f711ef5d6e9d26c611fd2c8c8ac45ecbf9e7 from /127.0.0.1:54746
10 > 19:02:30,329 INFO  org.apache.flink.runtime.blob.BlobCache                       - Downloading 6679e963bacac02aa237b48d1fefed467c27fa05 from 0.0.0.0/0.0.0.0:58250
10 > 19:02:30,332 DEBUG org.apache.flink.runtime.blob.BlobClient                      - GET content addressable BLOB 6679e963bacac02aa237b48d1fefed467c27fa05 from /127.0.0.1:54747
10 > 19:02:30,352 DEBUG org.apache.flink.runtime.blob.BlobServer                      - Shutting down connection BLOB connection for /127.0.0.1:54746
10 > 19:02:30,361 INFO  org.apache.flink.runtime.blob.BlobServer                      - Stopped BLOB server at 0.0.0.0:58250
Tests run: 1, Failures: 0, Errors: 0, Skipped: 0, Time elapsed: 1.436 sec - in org.apache.flink.runtime.blob.BlobCacheSuccessTest
Tests run: 1, Failures: 0, Errors: 0, Skipped: 0, Time elapsed: 0.834 sec - in org.apache.flink.runtime.leaderelection.StandaloneLeaderElectionTest
Tests run: 6, Failures: 0, Errors: 0, Skipped: 0, Time elapsed: 1.397 sec - in org.apache.flink.runtime.jobgraph.JobGraphTest
13 > 19:02:30,714 INFO  org.apache.flink.runtime.blob.BlobServer                      - Created BLOB server storage directory /tmp/blobStore-b14d3b4e-9f3b-4dce-b418-fd11c6be24f1
13 > 19:02:30,788 INFO  org.apache.flink.runtime.blob.BlobServer                      - Started BLOB server at 0.0.0.0:41735 - max concurrent requests: 50 - max backlog: 1000
Running org.apache.flink.runtime.leaderelection.ZooKeeperLeaderRetrievalTest
Tests run: 3, Failures: 0, Errors: 0, Skipped: 0, Time elapsed: 16.607 sec - in org.apache.flink.runtime.operators.sort.LargeRecordHandlerTest
13 > 19:02:30,909 DEBUG org.apache.flink.runtime.blob.BlobClient                      - PUT content addressable BLOB buffer (2000000 bytes) to /127.0.0.1:56866
13 > 19:02:30,913 DEBUG org.apache.flink.runtime.blob.BlobServerConnection            - Received PUT request for content addressable BLOB
13 > 19:02:31,132 ERROR org.apache.flink.runtime.blob.BlobServerConnection            - DELETE operation failed
java.io.IOException: Cannot delete BLOB file /tmp/blobStore-b14d3b4e-9f3b-4dce-b418-fd11c6be24f1/cache/blob_00b333fad4767038456b462ea28ef02a2c39da7e
	at org.apache.flink.runtime.blob.BlobServerConnection.delete(BlobServerConnection.java:390)
	at org.apache.flink.runtime.blob.BlobServerConnection.run(BlobServerConnection.java:115)
13 > 19:02:31,220 DEBUG org.apache.flink.runtime.blob.BlobServerConnection            - Socket connection closed
java.net.SocketException: Socket closed
	at java.net.SocketInputStream.socketRead0(Native Method)
	at java.net.SocketInputStream.read(SocketInputStream.java:152)
	at java.net.SocketInputStream.read(SocketInputStream.java:122)
	at java.net.SocketInputStream.read(SocketInputStream.java:210)
	at org.apache.flink.runtime.blob.BlobServerConnection.run(BlobServerConnection.java:101)
13 > 19:02:31,232 INFO  org.apache.flink.runtime.blob.BlobServer                      - Stopped BLOB server at 0.0.0.0:41735
13 > 19:02:31,240 INFO  org.apache.flink.runtime.blob.BlobServer                      - Created BLOB server storage directory /tmp/blobStore-e48930ab-31ed-46c6-98c4-3c87502c4adc
13 > 19:02:31,257 INFO  org.apache.flink.runtime.blob.BlobServer                      - Started BLOB server at 0.0.0.0:43931 - max concurrent requests: 50 - max backlog: 1000
Running org.apache.flink.runtime.leaderelection.JobManagerLeaderElectionTest
13 > 19:02:31,334 DEBUG org.apache.flink.runtime.blob.BlobClient                      - PUT BLOB buffer (2000000 bytes) under f9e16387d8a7feb1db8908fe239bacd8 / "------------fdghljEgRJHF+##4U789Q345" to /127.0.0.1:34871
13 > 19:02:31,338 DEBUG org.apache.flink.runtime.blob.BlobServerConnection            - Received PUT request for BLOB under f9e16387d8a7feb1db8908fe239bacd8 / "------------fdghljEgRJHF+##4U789Q345"
22 > 19:02:31,436 INFO  org.apache.flink.runtime.blob.BlobServer                      - Stopped BLOB server at 0.0.0.0:40349
13 > 19:02:31,444 INFO  org.apache.flink.runtime.blob.BlobServer                      - Stopped BLOB server at 0.0.0.0:43931
13 > 19:02:31,445 INFO  org.apache.flink.runtime.blob.BlobServer                      - Created BLOB server storage directory /tmp/blobStore-337f3563-cf8d-42c4-9f2d-36bca2a2b719
22 > 19:02:31,450 INFO  org.apache.flink.runtime.blob.BlobServer                      - Created BLOB server storage directory /tmp/blobStore-f85b4b79-0d16-4a0e-8a5a-40588dc89e97
22 > 19:02:31,465 INFO  org.apache.flink.runtime.blob.BlobServer                      - Started BLOB server at 0.0.0.0:58002 - max concurrent requests: 50 - max backlog: 1000
13 > 19:02:31,467 INFO  org.apache.flink.runtime.blob.BlobServer                      - Started BLOB server at 0.0.0.0:41973 - max concurrent requests: 50 - max backlog: 1000
22 > 19:02:31,505 DEBUG org.apache.flink.runtime.blob.BlobClient                      - PUT content addressable BLOB stream to /127.0.0.1:36808
22 > 19:02:31,515 DEBUG org.apache.flink.runtime.blob.BlobServerConnection            - Received PUT request for content addressable BLOB
13 > 19:02:31,543 DEBUG org.apache.flink.runtime.blob.BlobClient                      - PUT content addressable BLOB buffer (2000000 bytes) to /127.0.0.1:48939
13 > 19:02:31,555 DEBUG org.apache.flink.runtime.blob.BlobServerConnection            - Received PUT request for content addressable BLOB
22 > 19:02:31,576 DEBUG org.apache.flink.runtime.blob.BlobClient                      - PUT BLOB stream under 8f60bf2addf2345c35bcbad2c7166eb4 / "my test key" to /127.0.0.1:36808
22 > 19:02:31,577 DEBUG org.apache.flink.runtime.blob.BlobServerConnection            - Received PUT request for BLOB under 8f60bf2addf2345c35bcbad2c7166eb4 / "my test key"
22 > 19:02:31,589 INFO  org.apache.flink.runtime.blob.BlobServer                      - Stopped BLOB server at 0.0.0.0:58002
22 > 19:02:31,604 INFO  org.apache.flink.runtime.blob.BlobServer                      - Created BLOB server storage directory /tmp/blobStore-67252379-96da-4279-8961-3d0e03505863
Running org.apache.flink.runtime.leaderelection.LeaderChangeStateCleanupTest
22 > 19:02:31,623 INFO  org.apache.flink.runtime.blob.BlobServer                      - Started BLOB server at 0.0.0.0:56688 - max concurrent requests: 50 - max backlog: 1000
22 > 19:02:31,675 DEBUG org.apache.flink.runtime.blob.BlobClient                      - PUT content addressable BLOB buffer (2000000 bytes) to /127.0.0.1:53879
Running org.apache.flink.runtime.messages.WebMonitorMessagesTest
22 > 19:02:31,679 DEBUG org.apache.flink.runtime.blob.BlobServerConnection            - Received PUT request for content addressable BLOB
13 > 19:02:31,698 DEBUG org.apache.flink.runtime.blob.BlobClient                      - GET content addressable BLOB 4a27d48973e77e9aca3a4ca1d9d770f7b02e1cee from /127.0.0.1:48945
13 > 19:02:31,704 ERROR org.apache.flink.runtime.blob.BlobServerConnection            - GET operation failed
java.io.IOException: Cannot find required BLOB at /tmp/blobStore-337f3563-cf8d-42c4-9f2d-36bca2a2b719/cache/blob_4a27d48973e77e9aca3a4ca1d9d770f7b02e1cee
	at org.apache.flink.runtime.blob.BlobServerConnection.get(BlobServerConnection.java:202)
	at org.apache.flink.runtime.blob.BlobServerConnection.run(BlobServerConnection.java:112)
13 > 19:02:31,711 DEBUG org.apache.flink.runtime.blob.BlobServer                      - Shutting down connection BLOB connection for /127.0.0.1:48945
13 > 19:02:31,715 DEBUG org.apache.flink.runtime.blob.BlobServer                      - Shutting down connection BLOB connection for /127.0.0.1:48939
13 > 19:02:31,728 INFO  org.apache.flink.runtime.blob.BlobServer                      - Stopped BLOB server at 0.0.0.0:41973
13 > 19:02:31,729 INFO  org.apache.flink.runtime.blob.BlobServer                      - Created BLOB server storage directory /tmp/blobStore-f6804727-2814-4263-8a38-376d15d20d11
13 > 19:02:31,743 INFO  org.apache.flink.runtime.blob.BlobServer                      - Started BLOB server at 0.0.0.0:37852 - max concurrent requests: 50 - max backlog: 1000
13 > 19:02:31,759 DEBUG org.apache.flink.runtime.blob.BlobServerConnection            - Socket connection closed
java.net.SocketException: Socket closed
	at java.net.SocketInputStream.socketRead0(Native Method)
	at java.net.SocketInputStream.read(SocketInputStream.java:152)
	at java.net.SocketInputStream.read(SocketInputStream.java:122)
	at java.net.SocketInputStream.read(SocketInputStream.java:210)
	at org.apache.flink.runtime.blob.BlobServerConnection.run(BlobServerConnection.java:101)
22 > 19:02:31,767 ERROR org.apache.flink.runtime.blob.BlobServerConnection            - PUT operation failed
java.lang.RuntimeException: Could not create cache directory '/tmp/blobStore-67252379-96da-4279-8961-3d0e03505863/cache'.
	at org.apache.flink.runtime.blob.BlobUtils.getCacheDirectory(BlobUtils.java:128)
	at org.apache.flink.runtime.blob.BlobUtils.getStorageLocation(BlobUtils.java:142)
	at org.apache.flink.runtime.blob.BlobServer.getStorageLocation(BlobServer.java:173)
	at org.apache.flink.runtime.blob.BlobServerConnection.put(BlobServerConnection.java:329)
	at org.apache.flink.runtime.blob.BlobServerConnection.run(BlobServerConnection.java:109)
13 > 19:02:31,813 DEBUG org.apache.flink.runtime.blob.BlobClient                      - PUT BLOB buffer (2000000 bytes) under 164547e462812f65e1617d64d0a3784f / "random name" to /127.0.0.1:49702
13 > 19:02:31,816 DEBUG org.apache.flink.runtime.blob.BlobServerConnection            - Received PUT request for BLOB under 164547e462812f65e1617d64d0a3784f / "random name"
13 > 19:02:31,834 DEBUG org.apache.flink.runtime.blob.BlobClient                      - PUT BLOB buffer (712 bytes) under 164547e462812f65e1617d64d0a3784f / "any nyme" to /127.0.0.1:49702
Tests run: 1, Failures: 0, Errors: 0, Skipped: 0, Time elapsed: 2.37 sec - in org.apache.flink.runtime.jobgraph.jsonplan.JsonGeneratorTest
13 > 19:02:31,872 DEBUG org.apache.flink.runtime.blob.BlobServerConnection            - Received PUT request for BLOB under 164547e462812f65e1617d64d0a3784f / "any nyme"
22 > 19:02:31,911 DEBUG org.apache.flink.runtime.blob.BlobServer                      - Shutting down connection BLOB connection for /127.0.0.1:53879
22 > 19:02:31,912 INFO  org.apache.flink.runtime.blob.BlobServer                      - Stopped BLOB server at 0.0.0.0:56688
22 > 19:02:31,913 INFO  org.apache.flink.runtime.blob.BlobServer                      - Created BLOB server storage directory /tmp/blobStore-641f3cdc-c2b3-4a0b-8087-67a6d8384e73
13 > 19:02:31,914 DEBUG org.apache.flink.runtime.blob.BlobClient                      - GET BLOB 164547e462812f65e1617d64d0a3784f / "random name" from /127.0.0.1:49704
22 > 19:02:31,923 INFO  org.apache.flink.runtime.blob.BlobServer                      - Started BLOB server at 0.0.0.0:50393 - max concurrent requests: 50 - max backlog: 1000
22 > 19:02:31,925 WARN  org.apache.flink.runtime.blob.BlobServerConnection            - Cannot delete BLOB server staging file /tmp/blobStore-67252379-96da-4279-8961-3d0e03505863/incoming/temp-00000001
22 > 19:02:31,925 DEBUG org.apache.flink.runtime.blob.BlobServerConnection            - Socket connection closed
java.net.SocketException: Socket closed
	at java.net.SocketInputStream.socketRead0(Native Method)
	at java.net.SocketInputStream.read(SocketInputStream.java:152)
	at java.net.SocketInputStream.read(SocketInputStream.java:122)
	at java.net.SocketInputStream.read(SocketInputStream.java:210)
	at org.apache.flink.runtime.blob.BlobServerConnection.run(BlobServerConnection.java:101)
Tests run: 3, Failures: 0, Errors: 0, Skipped: 0, Time elapsed: 0.262 sec - in org.apache.flink.runtime.messages.WebMonitorMessagesTest
13 > 19:02:31,936 ERROR org.apache.flink.runtime.blob.BlobServerConnection            - GET operation failed
java.io.IOException: Cannot find required BLOB at /tmp/blobStore-f6804727-2814-4263-8a38-376d15d20d11/job_164547e462812f65e1617d64d0a3784f/blob_cmFuZG9tIG5hbWU=
	at org.apache.flink.runtime.blob.BlobServerConnection.get(BlobServerConnection.java:202)
	at org.apache.flink.runtime.blob.BlobServerConnection.run(BlobServerConnection.java:112)
13 > 19:02:31,937 DEBUG org.apache.flink.runtime.blob.BlobServerConnection            - Socket connection closed
java.net.SocketException: Socket closed
	at java.net.SocketInputStream.socketRead0(Native Method)
	at java.net.SocketInputStream.read(SocketInputStream.java:152)
	at java.net.SocketInputStream.read(SocketInputStream.java:122)
	at java.net.SocketInputStream.read(SocketInputStream.java:210)
	at org.apache.flink.runtime.blob.BlobServerConnection.run(BlobServerConnection.java:101)
13 > 19:02:31,953 DEBUG org.apache.flink.runtime.blob.BlobClient                      - GET BLOB 164547e462812f65e1617d64d0a3784f / "any nyme" from /127.0.0.1:49706
13 > 19:02:31,954 ERROR org.apache.flink.runtime.blob.BlobServerConnection            - GET operation failed
java.io.IOException: Cannot find required BLOB at /tmp/blobStore-f6804727-2814-4263-8a38-376d15d20d11/job_164547e462812f65e1617d64d0a3784f/blob_YW55IG55bWU=
	at org.apache.flink.runtime.blob.BlobServerConnection.get(BlobServerConnection.java:202)
	at org.apache.flink.runtime.blob.BlobServerConnection.run(BlobServerConnection.java:112)
22 > 19:02:31,959 DEBUG org.apache.flink.runtime.blob.BlobClient                      - PUT BLOB buffer (2000000 bytes) under c542a8450c2c355f86645177a98b81f4 / "my test key" to /127.0.0.1:40101
22 > 19:02:31,962 DEBUG org.apache.flink.runtime.blob.BlobServerConnection            - Received PUT request for BLOB under c542a8450c2c355f86645177a98b81f4 / "my test key"
13 > 19:02:31,956 DEBUG org.apache.flink.runtime.blob.BlobServerConnection            - Socket connection closed
java.net.SocketException: Socket closed
	at java.net.SocketInputStream.socketRead0(Native Method)
	at java.net.SocketInputStream.read(SocketInputStream.java:152)
	at java.net.SocketInputStream.read(SocketInputStream.java:122)
	at java.net.SocketInputStream.read(SocketInputStream.java:210)
	at org.apache.flink.runtime.blob.BlobServerConnection.run(BlobServerConnection.java:101)
13 > 19:02:31,958 DEBUG org.apache.flink.runtime.blob.BlobServer                      - Shutting down connection BLOB connection for /127.0.0.1:49706
13 > 19:02:31,972 INFO  org.apache.flink.runtime.blob.BlobServer                      - Stopped BLOB server at 0.0.0.0:37852
13 > 19:02:31,973 INFO  org.apache.flink.runtime.blob.BlobServer                      - Created BLOB server storage directory /tmp/blobStore-3017b5ba-0126-49ef-a72f-839a13c97940
Running org.apache.flink.runtime.event.task.TaskEventTest
13 > 19:02:31,994 INFO  org.apache.flink.runtime.blob.BlobServer                      - Started BLOB server at 0.0.0.0:52288 - max concurrent requests: 50 - max backlog: 1000
22 > 19:02:31,998 ERROR org.apache.flink.runtime.blob.BlobServerConnection            - PUT operation failed
java.lang.RuntimeException: Could not create jobId directory '/tmp/blobStore-641f3cdc-c2b3-4a0b-8087-67a6d8384e73/job_c542a8450c2c355f86645177a98b81f4'.
	at org.apache.flink.runtime.blob.BlobUtils.getJobDirectory(BlobUtils.java:169)
	at org.apache.flink.runtime.blob.BlobUtils.getStorageLocation(BlobUtils.java:155)
	at org.apache.flink.runtime.blob.BlobServer.getStorageLocation(BlobServer.java:186)
	at org.apache.flink.runtime.blob.BlobServerConnection.put(BlobServerConnection.java:319)
	at org.apache.flink.runtime.blob.BlobServerConnection.run(BlobServerConnection.java:109)
22 > 19:02:32,005 DEBUG org.apache.flink.runtime.blob.BlobServer                      - Shutting down connection BLOB connection for /127.0.0.1:40101
22 > 19:02:32,006 INFO  org.apache.flink.runtime.blob.BlobServer                      - Stopped BLOB server at 0.0.0.0:50393
22 > 19:02:32,011 INFO  org.apache.flink.runtime.blob.BlobServer                      - Created BLOB server storage directory /tmp/blobStore-b8fe8340-928f-4214-acaa-999bc85bef91
13 > 19:02:32,028 DEBUG org.apache.flink.runtime.blob.BlobClient                      - PUT content addressable BLOB buffer (2000000 bytes) to /127.0.0.1:35765
22 > 19:02:32,033 INFO  org.apache.flink.runtime.blob.BlobServer                      - Started BLOB server at 0.0.0.0:57553 - max concurrent requests: 50 - max backlog: 1000
22 > 19:02:32,034 WARN  org.apache.flink.runtime.blob.BlobServerConnection            - Cannot delete BLOB server staging file /tmp/blobStore-641f3cdc-c2b3-4a0b-8087-67a6d8384e73/incoming/temp-00000001
22 > 19:02:32,034 DEBUG org.apache.flink.runtime.blob.BlobServerConnection            - Socket connection closed
java.net.SocketException: Socket closed
	at java.net.SocketInputStream.socketRead0(Native Method)
	at java.net.SocketInputStream.read(SocketInputStream.java:152)
	at java.net.SocketInputStream.read(SocketInputStream.java:122)
	at java.net.SocketInputStream.read(SocketInputStream.java:210)
	at org.apache.flink.runtime.blob.BlobServerConnection.run(BlobServerConnection.java:101)
Running org.apache.flink.runtime.executiongraph.ExecutionStateProgressTest
13 > 19:02:32,067 DEBUG org.apache.flink.runtime.blob.BlobServerConnection            - Received PUT request for content addressable BLOB
Running org.apache.flink.runtime.messages.CheckpointMessagesTest
22 > 19:02:32,070 DEBUG org.apache.flink.runtime.blob.BlobClient                      - PUT content addressable BLOB stream to /127.0.0.1:46999
22 > 19:02:32,083 DEBUG org.apache.flink.runtime.blob.BlobServerConnection            - Received PUT request for content addressable BLOB
Tests run: 3, Failures: 0, Errors: 0, Skipped: 0, Time elapsed: 0.154 sec - in org.apache.flink.runtime.event.task.TaskEventTest
13 > 19:02:32,182 DEBUG org.apache.flink.runtime.blob.BlobServer                      - Shutting down connection BLOB connection for /127.0.0.1:35765
13 > 19:02:32,183 INFO  org.apache.flink.runtime.blob.BlobServer                      - Stopped BLOB server at 0.0.0.0:52288
Tests run: 5, Failures: 0, Errors: 0, Skipped: 0, Time elapsed: 3.18 sec - in org.apache.flink.runtime.blob.BlobServerDeleteTest
22 > 19:02:32,180 DEBUG org.apache.flink.runtime.blob.BlobClient                      - PUT BLOB stream under 75603b1ff210d4c147dd0746f7d62995 / "my test key" to /127.0.0.1:46999
22 > 19:02:32,192 DEBUG org.apache.flink.runtime.blob.BlobServerConnection            - Received PUT request for BLOB under 75603b1ff210d4c147dd0746f7d62995 / "my test key"
13 > 19:02:32,186 DEBUG org.apache.flink.runtime.blob.BlobServerConnection            - Socket connection closed
java.net.SocketException: Socket closed
	at java.net.SocketInputStream.socketRead0(Native Method)
	at java.net.SocketInputStream.read(SocketInputStream.java:152)
	at java.net.SocketInputStream.read(SocketInputStream.java:122)
	at java.net.SocketInputStream.read(SocketInputStream.java:210)
	at org.apache.flink.runtime.blob.BlobServerConnection.run(BlobServerConnection.java:101)
22 > 19:02:32,245 INFO  org.apache.flink.runtime.blob.BlobServer                      - Stopped BLOB server at 0.0.0.0:57553
Tests run: 5, Failures: 0, Errors: 0, Skipped: 0, Time elapsed: 6.908 sec - in org.apache.flink.runtime.blob.BlobServerPutTest
Tests run: 46, Failures: 0, Errors: 0, Skipped: 0, Time elapsed: 20.321 sec - in org.apache.flink.runtime.operators.JoinTaskTest
Tests run: 2, Failures: 0, Errors: 0, Skipped: 0, Time elapsed: 0.63 sec - in org.apache.flink.runtime.messages.CheckpointMessagesTest
Tests run: 3, Failures: 0, Errors: 1, Skipped: 0, Time elapsed: 21.628 sec <<< FAILURE! - in org.apache.flink.runtime.operators.hash.HashTableTest
testSpillingWhenBuildingTableWithoutOverflow(org.apache.flink.runtime.operators.hash.HashTableTest)  Time elapsed: 1.361 sec  <<< ERROR!
java.lang.RuntimeException: Bug in Hybrid Hash Join: Request to spill a partition with less than two buffers.
	at org.apache.flink.runtime.operators.hash.HashPartition.spillPartition(HashPartition.java:301)
	at org.apache.flink.runtime.operators.hash.MutableHashTable.spillPartition(MutableHashTable.java:1108)
	at org.apache.flink.runtime.operators.hash.MutableHashTable.nextSegment(MutableHashTable.java:1277)
	at org.apache.flink.runtime.operators.hash.HashPartition$BuildSideBuffer.nextSegment(HashPartition.java:523)
	at org.apache.flink.runtime.memory.AbstractPagedOutputView.advance(AbstractPagedOutputView.java:140)
	at org.apache.flink.runtime.memory.AbstractPagedOutputView.write(AbstractPagedOutputView.java:201)
	at org.apache.flink.runtime.memory.AbstractPagedOutputView.write(AbstractPagedOutputView.java:178)
	at org.apache.flink.api.common.typeutils.base.array.BytePrimitiveArraySerializer.serialize(BytePrimitiveArraySerializer.java:74)
	at org.apache.flink.api.common.typeutils.base.array.BytePrimitiveArraySerializer.serialize(BytePrimitiveArraySerializer.java:30)
	at org.apache.flink.runtime.operators.hash.HashPartition.insertIntoBuildBuffer(HashPartition.java:256)
	at org.apache.flink.runtime.operators.hash.MutableHashTable.insertIntoTable(MutableHashTable.java:856)
	at org.apache.flink.runtime.operators.hash.MutableHashTable.buildInitialTable(MutableHashTable.java:685)
	at org.apache.flink.runtime.operators.hash.MutableHashTable.open(MutableHashTable.java:443)
	at org.apache.flink.runtime.operators.hash.HashTableTest.testSpillingWhenBuildingTableWithoutOverflow(HashTableTest.java:234)

Running org.apache.flink.runtime.executiongraph.TerminalStateDeadlockTest
Running org.apache.flink.runtime.executiongraph.ExecutionVertexSchedulingTest
Running org.apache.flink.runtime.executiongraph.ExecutionVertexCancelTest
Running org.apache.flink.runtime.executiongraph.ExecutionGraphDeploymentTest
11 > 19:02:34,091 DEBUG org.apache.flink.runtime.blob.BlobClient                      - PUT BLOB stream under 4d7e246ceaec7b22e5f687923ef09b58 / "testkey3" to /127.0.0.1:32905
11 > 19:02:34,106 DEBUG org.apache.flink.runtime.blob.BlobServerConnection            - Received PUT request for BLOB under 4d7e246ceaec7b22e5f687923ef09b58 / "testkey3"
11 > 19:02:34,119 DEBUG org.apache.flink.runtime.blob.BlobClient                      - GET BLOB 4d7e246ceaec7b22e5f687923ef09b58 / "testkey3" from /127.0.0.1:32905
Running org.apache.flink.runtime.executiongraph.VertexSlotSharingTest
Running org.apache.flink.runtime.executiongraph.AllVerticesIteratorTest
Running org.apache.flink.runtime.executiongraph.PointwisePatternTest
Tests run: 1, Failures: 0, Errors: 0, Skipped: 0, Time elapsed: 6.143 sec - in org.apache.flink.runtime.filecache.FileCacheDeleteValidationTest
Running org.apache.flink.runtime.executiongraph.ExecutionGraphConstructionTest
Tests run: 1, Failures: 0, Errors: 0, Skipped: 0, Time elapsed: 3.249 sec - in org.apache.flink.runtime.executiongraph.ExecutionStateProgressTest
Running org.apache.flink.runtime.executiongraph.TaskManagerLossFailsTasksTest
Tests run: 8, Failures: 0, Errors: 0, Skipped: 0, Time elapsed: 1.326 sec - in org.apache.flink.runtime.executiongraph.ExecutionGraphConstructionTest
Running org.apache.flink.runtime.executiongraph.ExecutionGraphRestartTest
Running org.apache.flink.runtime.executiongraph.ExecutionVertexDeploymentTest
Tests run: 3, Failures: 0, Errors: 0, Skipped: 0, Time elapsed: 25.836 sec - in org.apache.flink.runtime.operators.hash.CompactingHashTableTest
Running org.apache.flink.runtime.executiongraph.VertexLocationConstraintTest
Tests run: 1, Failures: 0, Errors: 0, Skipped: 0, Time elapsed: 3.251 sec - in org.apache.flink.runtime.executiongraph.AllVerticesIteratorTest
Tests run: 8, Failures: 0, Errors: 0, Skipped: 0, Time elapsed: 23.345 sec - in org.apache.flink.runtime.operators.sort.FixedLengthRecordSorterTest
11 > 19:02:37,797 INFO  org.apache.flink.runtime.blob.BlobServer                      - Stopped BLOB server at 0.0.0.0:53749
Tests run: 4, Failures: 0, Errors: 0, Skipped: 0, Time elapsed: 10.24 sec - in org.apache.flink.runtime.blob.BlobClientTest
23 > 19:02:38,664 INFO  org.apache.flink.runtime.blob.BlobServer                      - Created BLOB server storage directory /tmp/blobStore-6d4b5c94-01ba-456c-8d33-bc2dbd35f2d6
23 > 19:02:38,714 INFO  org.apache.flink.runtime.blob.BlobServer                      - Started BLOB server at 0.0.0.0:36320 - max concurrent requests: 50 - max backlog: 1000
Tests run: 2, Failures: 0, Errors: 0, Skipped: 0, Time elapsed: 17.927 sec - in org.apache.flink.runtime.operators.chaining.ChainTaskTest
23 > 19:02:38,831 INFO  org.apache.flink.runtime.blob.BlobServer                      - Created BLOB server storage directory /tmp/blobStore-b492c0e3-2add-40d5-881e-34c7f2a6321f
23 > 19:02:38,847 INFO  org.apache.flink.runtime.blob.BlobServer                      - Started BLOB server at 0.0.0.0:50314 - max concurrent requests: 50 - max backlog: 1000
Tests run: 1, Failures: 0, Errors: 0, Skipped: 0, Time elapsed: 5.09 sec - in org.apache.flink.runtime.executiongraph.VertexSlotSharingTest
Running org.apache.flink.runtime.jobmanager.SlotCountExceedingParallelismTest
Running org.apache.flink.runtime.executiongraph.LocalInputSplitsTest
Tests run: 7, Failures: 0, Errors: 0, Skipped: 0, Time elapsed: 5.133 sec - in org.apache.flink.runtime.executiongraph.PointwisePatternTest
Running org.apache.flink.runtime.jobmanager.JobManagerStartupTest
Tests run: 11, Failures: 0, Errors: 0, Skipped: 0, Time elapsed: 6.204 sec - in org.apache.flink.runtime.executiongraph.ExecutionVertexCancelTest
Tests run: 1, Failures: 0, Errors: 0, Skipped: 0, Time elapsed: 4.882 sec - in org.apache.flink.runtime.executiongraph.TaskManagerLossFailsTasksTest
Running org.apache.flink.runtime.jobmanager.JobManagerProcessReapingTest
Running org.apache.flink.runtime.jobmanager.JobManagerConnectionTest
Running org.apache.flink.runtime.jobmanager.scheduler.SchedulerSlotSharingTest
Running org.apache.flink.runtime.jobmanager.JobManagerTest
23 > 19:02:41,796 INFO  org.apache.flink.runtime.blob.BlobCache                       - Created BLOB cache storage directory /tmp/blobStore-aa32cade-d405-4d77-aecd-db9732fbab07
23 > 19:02:41,805 INFO  org.apache.flink.runtime.blob.BlobCache                       - Created BLOB cache storage directory /tmp/blobStore-00991299-1b0b-479c-8efe-37bde867fd9b
Running org.apache.flink.runtime.jobmanager.scheduler.ScheduleOrUpdateConsumersTest
5 > 19:02:42,010 INFO  org.apache.flink.runtime.blob.BlobServer                      - Created BLOB server storage directory /tmp/blobStore-70edbb6e-3d58-4c86-b273-bf73fd1ff492
5 > 19:02:42,079 INFO  org.apache.flink.runtime.blob.FileSystemBlobStore             - Created blob directory /tmp/junit4913575540244804185/recovery/blob.
Tests run: 3, Failures: 0, Errors: 0, Skipped: 0, Time elapsed: 8.534 sec - in org.apache.flink.runtime.executiongraph.ExecutionVertexSchedulingTest
5 > 19:02:42,181 INFO  org.apache.flink.runtime.blob.BlobServer                      - Started BLOB server at 0.0.0.0:58284 - max concurrent requests: 50 - max backlog: 1000
Tests run: 6, Failures: 0, Errors: 0, Skipped: 0, Time elapsed: 4.777 sec - in org.apache.flink.runtime.executiongraph.VertexLocationConstraintTest
Tests run: 14, Failures: 0, Errors: 0, Skipped: 0, Time elapsed: 30.508 sec - in org.apache.flink.runtime.operators.hash.MemoryHashTableTest
Running org.apache.flink.runtime.jobmanager.scheduler.SlotAllocationFutureTest
[ERROR] [07/14/2016 19:02:42.549] [TestingActorSystem-akka.actor.default-dispatcher-4] [akka://TestingActorSystem/user/$a] Kill (akka.actor.ActorKilledException)
5 > 19:02:42,722 DEBUG org.apache.flink.runtime.blob.FileSystemBlobStore             - Cleaning up /tmp/junit4913575540244804185/recovery/blob.
5 > 19:02:42,745 INFO  org.apache.flink.runtime.blob.BlobServer                      - Stopped BLOB server at 0.0.0.0:58284
[INFO] [07/14/2016 19:02:42.771] [TestingActorSystem-akka.actor.default-dispatcher-6] [akka://TestingActorSystem/user/$a] Message [org.apache.flink.runtime.messages.JobManagerMessages$LeaderSessionMessage] from Actor[akka://TestingActorSystem/deadLetters] to Actor[akka://TestingActorSystem/user/$a#480268423] was not delivered. [1] dead letters encountered. This logging can be turned off or adjusted with configuration settings 'akka.log-dead-letters' and 'akka.log-dead-letters-during-shutdown'.
Tests run: 2, Failures: 0, Errors: 0, Skipped: 0, Time elapsed: 7.194 sec - in org.apache.flink.runtime.executiongraph.ExecutionGraphRestartTest
Tests run: 3, Failures: 0, Errors: 0, Skipped: 0, Time elapsed: 1.187 sec - in org.apache.flink.runtime.jobmanager.scheduler.SlotAllocationFutureTest
5 > 19:02:43,581 INFO  org.apache.flink.runtime.blob.BlobServer                      - Created BLOB server storage directory /tmp/blobStore-5694eec7-4417-45a7-bf55-03e7317aa5fd
5 > 19:02:43,582 INFO  org.apache.flink.runtime.blob.FileSystemBlobStore             - Created blob directory /tmp/junit5484435790373633813/recovery/blob.
5 > 19:02:43,591 INFO  org.apache.flink.runtime.blob.BlobServer                      - Started BLOB server at 0.0.0.0:56454 - max concurrent requests: 50 - max backlog: 1000
Running org.apache.flink.runtime.jobmanager.scheduler.SetQueueTest
5 > 19:02:43,679 INFO  org.apache.flink.runtime.blob.BlobServer                      - Created BLOB server storage directory /tmp/blobStore-e2fca35c-2523-4e50-b235-0fdcaab8477e
5 > 19:02:43,680 INFO  org.apache.flink.runtime.blob.FileSystemBlobStore             - Created blob directory /tmp/junit5484435790373633813/recovery/blob.
Tests run: 2, Failures: 0, Errors: 0, Skipped: 0, Time elapsed: 0.016 sec - in org.apache.flink.runtime.jobmanager.scheduler.SetQueueTest
5 > 19:02:43,694 INFO  org.apache.flink.runtime.blob.BlobServer                      - Started BLOB server at 0.0.0.0:33653 - max concurrent requests: 50 - max backlog: 1000
Tests run: 7, Failures: 0, Errors: 0, Skipped: 0, Time elapsed: 6.827 sec - in org.apache.flink.runtime.executiongraph.ExecutionVertexDeploymentTest
5 > 19:02:43,962 DEBUG org.apache.flink.runtime.blob.FileSystemBlobStore             - Cleaning up /tmp/junit5484435790373633813/recovery/blob.
5 > 19:02:43,962 INFO  org.apache.flink.runtime.blob.BlobServer                      - Stopped BLOB server at 0.0.0.0:56454
[ERROR] [07/14/2016 19:02:43.964] [TestingActorSystem-akka.actor.default-dispatcher-3] [akka://TestingActorSystem/user/$c] Kill (akka.actor.ActorKilledException)
5 > 19:02:43,987 DEBUG org.apache.flink.runtime.blob.FileSystemBlobStore             - Cleaning up /tmp/junit5484435790373633813/recovery/blob.
5 > 19:02:43,988 INFO  org.apache.flink.runtime.blob.BlobServer                      - Stopped BLOB server at 0.0.0.0:33653
[INFO] [07/14/2016 19:02:43.989] [TestingActorSystem-akka.actor.default-dispatcher-7] [akka://TestingActorSystem/user/$c] Message [akka.dispatch.sysmsg.Terminate] from Actor[akka://TestingActorSystem/user/$c#-1987048313] to Actor[akka://TestingActorSystem/user/$c#-1987048313] was not delivered. [2] dead letters encountered. This logging can be turned off or adjusted with configuration settings 'akka.log-dead-letters' and 'akka.log-dead-letters-during-shutdown'.
[INFO] [07/14/2016 19:02:43.995] [TestingActorSystem-akka.actor.default-dispatcher-5] [akka://TestingActorSystem/user/$c] Message [org.apache.flink.runtime.messages.JobManagerMessages$LeaderSessionMessage] from Actor[akka://TestingActorSystem/deadLetters] to Actor[akka://TestingActorSystem/user/$c#-1987048313] was not delivered. [3] dead letters encountered. This logging can be turned off or adjusted with configuration settings 'akka.log-dead-letters' and 'akka.log-dead-letters-during-shutdown'.
Tests run: 2, Failures: 0, Errors: 0, Skipped: 0, Time elapsed: 12.74 sec - in org.apache.flink.runtime.leaderelection.JobManagerLeaderElectionTest
Running org.apache.flink.runtime.jobmanager.scheduler.CoLocationConstraintTest
Running org.apache.flink.runtime.jobmanager.scheduler.ScheduleWithCoLocationHintTest
Running org.apache.flink.runtime.jobmanager.StandaloneSubmittedJobGraphStoreTest
Tests run: 7, Failures: 0, Errors: 0, Skipped: 0, Time elapsed: 6.301 sec - in org.apache.flink.runtime.executiongraph.LocalInputSplitsTest
Tests run: 2, Failures: 0, Errors: 0, Skipped: 0, Time elapsed: 1.36 sec - in org.apache.flink.runtime.jobmanager.scheduler.CoLocationConstraintTest
Running org.apache.flink.runtime.jobmanager.scheduler.SchedulerIsolatedTasksTest
Tests run: 1, Failures: 0, Errors: 0, Skipped: 0, Time elapsed: 0.59 sec - in org.apache.flink.runtime.jobmanager.StandaloneSubmittedJobGraphStoreTest
Running org.apache.flink.runtime.jobmanager.scheduler.LifoSetQueueTest
Tests run: 2, Failures: 0, Errors: 0, Skipped: 0, Time elapsed: 0.045 sec - in org.apache.flink.runtime.jobmanager.scheduler.LifoSetQueueTest
Running org.apache.flink.runtime.jobmanager.JobSubmitTest
Running org.apache.flink.runtime.jobmanager.JobManagerRegistrationTest
Tests run: 2, Failures: 0, Errors: 0, Skipped: 0, Time elapsed: 6.514 sec - in org.apache.flink.runtime.jobmanager.JobManagerStartupTest
Tests run: 12, Failures: 0, Errors: 0, Skipped: 0, Time elapsed: 5.4 sec - in org.apache.flink.runtime.jobmanager.scheduler.SchedulerSlotSharingTest
Running org.apache.flink.runtime.taskmanager.TaskExecutionStateTest
9 > 19:02:46,651 INFO  org.apache.flink.runtime.blob.BlobServer                      - Created BLOB server storage directory /tmp/blobStore-abb006b7-1e29-4964-ab80-8bb6bb019281
9 > 19:02:46,703 INFO  org.apache.flink.runtime.blob.BlobServer                      - Started BLOB server at 0.0.0.0:60673 - max concurrent requests: 50 - max backlog: 1000
9 > 19:02:46,920 INFO  org.apache.flink.runtime.blob.BlobServer                      - Created BLOB server storage directory /tmp/blobStore-203d378d-60a2-49f7-b772-7f48a2445742
9 > 19:02:46,934 INFO  org.apache.flink.runtime.blob.BlobServer                      - Started BLOB server at 0.0.0.0:41166 - max concurrent requests: 50 - max backlog: 1000
9 > 19:02:47,070 INFO  org.apache.flink.runtime.blob.BlobServer                      - Stopped BLOB server at 0.0.0.0:41166
Tests run: 3, Failures: 0, Errors: 0, Skipped: 0, Time elapsed: 0.647 sec - in org.apache.flink.runtime.taskmanager.TaskExecutionStateTest
9 > 19:02:47,091 INFO  org.apache.flink.runtime.blob.BlobServer                      - Stopped BLOB server at 0.0.0.0:60673
Tests run: 2, Failures: 0, Errors: 0, Skipped: 0, Time elapsed: 1.022 sec - in org.apache.flink.runtime.jobmanager.JobManagerRegistrationTest
Running org.apache.flink.runtime.taskmanager.TaskAsyncCallTest
3 > 19:02:47,384 INFO  org.apache.flink.runtime.blob.BlobServer                      - Created BLOB server storage directory /tmp/blobStore-6b310f73-e4dc-4d5b-84ea-d7b4f68d5bc5
3 > 19:02:47,407 INFO  org.apache.flink.runtime.blob.BlobServer                      - Started BLOB server at 0.0.0.0:59976 - max concurrent requests: 50 - max backlog: 1000
Running org.apache.flink.runtime.taskmanager.TaskManagerTest
Running org.apache.flink.runtime.taskmanager.TaskManagerStartupTest
13 > 19:02:47,931 INFO  org.apache.flink.runtime.blob.BlobServer                      - Created BLOB server storage directory /tmp/blobStore-cf476023-4b28-4f33-9231-fe3792f4ab6e
13 > 19:02:47,940 INFO  org.apache.flink.runtime.blob.BlobServer                      - Started BLOB server at 0.0.0.0:55473 - max concurrent requests: 50 - max backlog: 1000
Running org.apache.flink.runtime.taskmanager.TaskInputSplitProviderTest
Running org.apache.flink.runtime.taskmanager.TaskCancelTest
Running org.apache.flink.runtime.taskmanager.TaskManagerComponentsStartupShutdownTest
Running org.apache.flink.runtime.taskmanager.TaskManagerConfigurationTest
Tests run: 2, Failures: 0, Errors: 0, Skipped: 0, Time elapsed: 1.881 sec - in org.apache.flink.runtime.taskmanager.TaskAsyncCallTest
Running org.apache.flink.runtime.taskmanager.TaskManagerRegistrationTest
4 > 19:02:49,452 INFO  org.apache.flink.runtime.blob.BlobServer                      - Created BLOB server storage directory /tmp/blobStore-4c67a8ed-7256-475d-ac86-4d9ee64484a1
4 > 19:02:49,469 INFO  org.apache.flink.runtime.blob.BlobServer                      - Started BLOB server at 0.0.0.0:46875 - max concurrent requests: 50 - max backlog: 1000
Tests run: 1, Failures: 0, Errors: 0, Skipped: 0, Time elapsed: 16.212 sec - in org.apache.flink.runtime.executiongraph.TerminalStateDeadlockTest
Tests run: 2, Failures: 0, Errors: 0, Skipped: 0, Time elapsed: 9.408 sec - in org.apache.flink.runtime.jobmanager.JobManagerConnectionTest
Tests run: 2, Failures: 0, Errors: 0, Skipped: 0, Time elapsed: 19.681 sec - in org.apache.flink.runtime.leaderelection.ZooKeeperLeaderRetrievalTest
13 > 19:02:50,505 INFO  org.apache.flink.runtime.blob.BlobCache                       - Created BLOB cache storage directory /tmp/blobStore-d7ad48b5-b240-4b20-a521-3f636c9a1c96
Running org.apache.flink.runtime.taskmanager.TaskTest
13 > 19:02:51,616 INFO  org.apache.flink.runtime.blob.BlobServer                      - Stopped BLOB server at 0.0.0.0:55473
Tests run: 1, Failures: 0, Errors: 0, Skipped: 0, Time elapsed: 3.724 sec - in org.apache.flink.runtime.taskmanager.TaskInputSplitProviderTest
3 > 19:02:51,788 INFO  org.apache.flink.runtime.blob.BlobCache                       - Created BLOB cache storage directory /tmp/blobStore-30e94be3-3d6e-47b7-9e13-3297ed3125f3
Tests run: 2, Failures: 0, Errors: 0, Skipped: 0, Time elapsed: 10.448 sec - in org.apache.flink.runtime.jobmanager.JobManagerTest
3 > 19:02:51,850 INFO  org.apache.flink.runtime.blob.BlobCache                       - Created BLOB cache storage directory /tmp/blobStore-a8bc0b13-4d29-4849-8a06-890bb80af698
Running org.apache.flink.runtime.taskmanager.TaskManagerProcessReapingTest
Running org.apache.flink.runtime.akka.FlinkUntypedActorTest
Tests run: 3, Failures: 0, Errors: 0, Skipped: 0, Time elapsed: 3.391 sec - in org.apache.flink.runtime.taskmanager.TaskManagerConfigurationTest
8 > 19:02:53,332 INFO  org.apache.flink.runtime.blob.BlobServer                      - Created BLOB server storage directory /tmp/blobStore-affbb0c5-859c-4360-99f9-0424ecc621b2
8 > 19:02:53,338 INFO  org.apache.flink.runtime.blob.BlobServer                      - Started BLOB server at 0.0.0.0:52360 - max concurrent requests: 50 - max backlog: 1000
5 > 19:02:53,413 INFO  org.apache.flink.runtime.blob.BlobServer                      - Created BLOB server storage directory /tmp/blobStore-a5cb586e-31bd-411a-b0ed-9dbf15ab124f
5 > 19:02:53,451 INFO  org.apache.flink.runtime.blob.BlobServer                      - Started BLOB server at 0.0.0.0:47143 - max concurrent requests: 50 - max backlog: 1000
8 > 19:02:53,512 DEBUG org.apache.flink.runtime.blob.BlobClient                      - PUT content addressable BLOB buffer (10 bytes) to /127.0.0.1:45610
8 > 19:02:53,515 DEBUG org.apache.flink.runtime.blob.BlobServerConnection            - Received PUT request for content addressable BLOB
8 > 19:02:53,536 DEBUG org.apache.flink.runtime.blob.BlobClient                      - PUT content addressable BLOB buffer (10 bytes) to /127.0.0.1:45610
Running org.apache.flink.runtime.client.SerializedJobExecutionResultTest
8 > 19:02:53,580 DEBUG org.apache.flink.runtime.blob.BlobServerConnection            - Received PUT request for content addressable BLOB
4 > 19:02:53,697 INFO  org.apache.flink.runtime.blob.BlobCache                       - Created BLOB cache storage directory /tmp/blobStore-1d15e37a-74b3-4b46-8373-60ff4f86ab3b
4 > 19:02:53,698 INFO  org.apache.flink.runtime.blob.BlobCache                       - Created BLOB cache storage directory /tmp/blobStore-bcc7dc2b-9f81-426c-bc9d-9174d48b8975
Tests run: 9, Failures: 0, Errors: 0, Skipped: 0, Time elapsed: 8.533 sec - in org.apache.flink.runtime.jobmanager.scheduler.ScheduleWithCoLocationHintTest
Tests run: 2, Failures: 0, Errors: 0, Skipped: 0, Time elapsed: 0.547 sec - in org.apache.flink.runtime.client.SerializedJobExecutionResultTest
Tests run: 2, Failures: 0, Errors: 0, Skipped: 0, Time elapsed: 8.072 sec - in org.apache.flink.runtime.jobmanager.JobSubmitTest
Tests run: 1, Failures: 0, Errors: 0, Skipped: 0, Time elapsed: 13.828 sec - in org.apache.flink.runtime.jobmanager.JobManagerProcessReapingTest
Tests run: 6, Failures: 0, Errors: 0, Skipped: 0, Time elapsed: 20.709 sec - in org.apache.flink.runtime.executiongraph.ExecutionGraphDeploymentTest
Tests run: 5, Failures: 0, Errors: 0, Skipped: 0, Time elapsed: 9.148 sec - in org.apache.flink.runtime.jobmanager.scheduler.SchedulerIsolatedTasksTest
Running org.apache.flink.runtime.client.JobClientActorTest
23 > 19:02:54,976 INFO  org.apache.flink.runtime.blob.BlobCache                       - Created BLOB cache storage directory /tmp/blobStore-b241ccad-73cb-44c0-a2d2-50e77ad3d816
23 > 19:02:55,024 INFO  org.apache.flink.runtime.blob.BlobCache                       - Created BLOB cache storage directory /tmp/blobStore-5c5dff2a-e64f-48bd-800d-dd1c155180d6
3 > 19:02:55,794 INFO  org.apache.flink.runtime.blob.BlobServer                      - Stopped BLOB server at 0.0.0.0:59976
Running org.apache.flink.runtime.execution.librarycache.BlobLibraryCacheManagerTest
23 > 19:02:55,896 INFO  org.apache.flink.runtime.blob.BlobServer                      - Stopped BLOB server at 0.0.0.0:36320
23 > 19:02:55,896 INFO  org.apache.flink.runtime.blob.BlobServer                      - Stopped BLOB server at 0.0.0.0:50314
11 > 19:02:56,108 INFO  org.apache.flink.runtime.blob.BlobServer                      - Created BLOB server storage directory /tmp/blobStore-9bfda151-42dd-457c-9046-c4d5f0b3892d
5 > 19:02:56,090 INFO  org.apache.flink.runtime.blob.BlobCache                       - Created BLOB cache storage directory /tmp/blobStore-db553b9b-6ce4-4fab-bf78-fff8754f1a6d
11 > 19:02:56,129 INFO  org.apache.flink.runtime.blob.BlobServer                      - Started BLOB server at 0.0.0.0:42729 - max concurrent requests: 50 - max backlog: 1000
10 > 19:02:56,124 INFO  org.apache.flink.runtime.blob.BlobCache                       - Created BLOB cache storage directory /tmp/blobStore-9405e401-8712-4d4a-8486-7f7147fc6bf1
10 > 19:02:56,327 INFO  org.apache.flink.runtime.blob.BlobCache                       - Created BLOB cache storage directory /tmp/blobStore-e8bcfb31-0069-4c94-bf64-caf9582570c9
5 > 19:02:56,335 INFO  org.apache.flink.runtime.blob.BlobServer                      - Stopped BLOB server at 0.0.0.0:47143
Tests run: 1, Failures: 0, Errors: 0, Skipped: 0, Time elapsed: 7.807 sec - in org.apache.flink.runtime.taskmanager.TaskManagerComponentsStartupShutdownTest
Running org.apache.flink.runtime.deployment.TaskDeploymentDescriptorTest
Running org.apache.flink.runtime.akka.AkkaUtilsTest
4 > 19:02:55,948 INFO  org.apache.flink.runtime.blob.BlobServer                      - Stopped BLOB server at 0.0.0.0:46875
Running org.apache.flink.runtime.util.MathUtilTest
13 > 19:02:57,117 INFO  org.apache.flink.runtime.blob.BlobServer                      - Created BLOB server storage directory /tmp/blobStore-d812f061-1af1-4b12-b28b-e5620e58ffd9
Running org.apache.flink.runtime.util.AtomicDisposableReferenceCounterTest
13 > 19:02:57,200 INFO  org.apache.flink.runtime.blob.BlobServer                      - Started BLOB server at 0.0.0.0:33650 - max concurrent requests: 50 - max backlog: 1000
13 > 19:02:57,203 INFO  org.apache.flink.runtime.blob.BlobCache                       - Created BLOB cache storage directory /tmp/blobStore-1b0f9913-a065-4820-8c9f-72a7f435162e
Tests run: 3, Failures: 0, Errors: 0, Skipped: 0, Time elapsed: 0.165 sec - in org.apache.flink.runtime.util.MathUtilTest
13 > 19:02:57,236 DEBUG org.apache.flink.runtime.blob.BlobClient                      - PUT content addressable BLOB buffer (8 bytes) to /127.0.0.1:48393
13 > 19:02:57,239 DEBUG org.apache.flink.runtime.blob.BlobServerConnection            - Received PUT request for content addressable BLOB
Tests run: 1, Failures: 0, Errors: 0, Skipped: 0, Time elapsed: 17.989 sec - in org.apache.flink.runtime.jobmanager.SlotCountExceedingParallelismTest
13 > 19:02:57,291 DEBUG org.apache.flink.runtime.blob.BlobClient                      - PUT content addressable BLOB buffer (8 bytes) to /127.0.0.1:48393
13 > 19:02:57,291 DEBUG org.apache.flink.runtime.blob.BlobServerConnection            - Received PUT request for content addressable BLOB
13 > 19:02:57,342 INFO  org.apache.flink.runtime.blob.BlobCache                       - Downloading dd5783bcf1e9002bc00ad5b83a95ed6e4ebb4ad5 from localhost/127.0.0.1:33650
13 > 19:02:57,344 DEBUG org.apache.flink.runtime.blob.BlobClient                      - GET content addressable BLOB dd5783bcf1e9002bc00ad5b83a95ed6e4ebb4ad5 from /127.0.0.1:48397
13 > 19:02:57,353 INFO  org.apache.flink.runtime.blob.BlobCache                       - Downloading e52e6f94e5afa6502299cf982d31105111e1d9a4 from localhost/127.0.0.1:33650
13 > 19:02:57,354 DEBUG org.apache.flink.runtime.blob.BlobClient                      - GET content addressable BLOB e52e6f94e5afa6502299cf982d31105111e1d9a4 from /127.0.0.1:48399
13 > 19:02:57,378 DEBUG org.apache.flink.runtime.blob.BlobCache                       - Failed to fetch BLOB e52e6f94e5afa6502299cf982d31105111e1d9a4 from localhost/127.0.0.1:33650 and store it under /tmp/blobStore-1b0f9913-a065-4820-8c9f-72a7f435162e/cache/blob_e52e6f94e5afa6502299cf982d31105111e1d9a4 Retrying...
java.io.FileNotFoundException: /tmp/blobStore-1b0f9913-a065-4820-8c9f-72a7f435162e/cache/blob_e52e6f94e5afa6502299cf982d31105111e1d9a4 (Permission denied)
	at java.io.FileOutputStream.open(Native Method)
	at java.io.FileOutputStream.<init>(FileOutputStream.java:221)
	at java.io.FileOutputStream.<init>(FileOutputStream.java:171)
	at org.apache.flink.runtime.blob.BlobCache.getURL(BlobCache.java:126)
	at org.apache.flink.runtime.execution.librarycache.BlobLibraryCacheManager.registerReferenceToBlobKeyAndGetURL(BlobLibraryCacheManager.java:245)
	at org.apache.flink.runtime.execution.librarycache.BlobLibraryCacheManager.registerTask(BlobLibraryCacheManager.java:114)
	at org.apache.flink.runtime.execution.librarycache.BlobLibraryCacheManagerTest.testRegisterAndDownload(BlobLibraryCacheManagerTest.java:209)
	at sun.reflect.NativeMethodAccessorImpl.invoke0(Native Method)
	at sun.reflect.NativeMethodAccessorImpl.invoke(NativeMethodAccessorImpl.java:57)
	at sun.reflect.DelegatingMethodAccessorImpl.invoke(DelegatingMethodAccessorImpl.java:43)
	at java.lang.reflect.Method.invoke(Method.java:606)
	at org.junit.runners.model.FrameworkMethod$1.runReflectiveCall(FrameworkMethod.java:47)
	at org.junit.internal.runners.model.ReflectiveCallable.run(ReflectiveCallable.java:12)
	at org.junit.runners.model.FrameworkMethod.invokeExplosively(FrameworkMethod.java:44)
	at org.junit.internal.runners.statements.InvokeMethod.evaluate(InvokeMethod.java:17)
	at org.junit.runners.ParentRunner.runLeaf(ParentRunner.java:271)
	at org.junit.runners.BlockJUnit4ClassRunner.runChild(BlockJUnit4ClassRunner.java:70)
	at org.junit.runners.BlockJUnit4ClassRunner.runChild(BlockJUnit4ClassRunner.java:50)
	at org.junit.runners.ParentRunner$3.run(ParentRunner.java:238)
	at org.junit.runners.ParentRunner$1.schedule(ParentRunner.java:63)
	at org.junit.runners.ParentRunner.runChildren(ParentRunner.java:236)
	at org.junit.runners.ParentRunner.access$000(ParentRunner.java:53)
	at org.junit.runners.ParentRunner$2.evaluate(ParentRunner.java:229)
	at org.junit.runners.ParentRunner.run(ParentRunner.java:309)
	at org.apache.maven.surefire.junit4.JUnit4Provider.execute(JUnit4Provider.java:283)
	at org.apache.maven.surefire.junit4.JUnit4Provider.executeWithRerun(JUnit4Provider.java:173)
	at org.apache.maven.surefire.junit4.JUnit4Provider.executeTestSet(JUnit4Provider.java:153)
	at org.apache.maven.surefire.junit4.JUnit4Provider.invoke(JUnit4Provider.java:128)
	at org.apache.maven.surefire.booter.ForkedBooter.invokeProviderInSameClassLoader(ForkedBooter.java:203)
	at org.apache.maven.surefire.booter.ForkedBooter.runSuitesInProcess(ForkedBooter.java:155)
	at org.apache.maven.surefire.booter.ForkedBooter.main(ForkedBooter.java:103)
13 > 19:02:57,382 INFO  org.apache.flink.runtime.blob.BlobCache                       - Downloading e52e6f94e5afa6502299cf982d31105111e1d9a4 from localhost/127.0.0.1:33650 (retry 1)
13 > 19:02:57,383 DEBUG org.apache.flink.runtime.blob.BlobClient                      - GET content addressable BLOB e52e6f94e5afa6502299cf982d31105111e1d9a4 from /127.0.0.1:48401
13 > 19:02:57,384 DEBUG org.apache.flink.runtime.blob.BlobCache                       - Failed to fetch BLOB e52e6f94e5afa6502299cf982d31105111e1d9a4 from localhost/127.0.0.1:33650 and store it under /tmp/blobStore-1b0f9913-a065-4820-8c9f-72a7f435162e/cache/blob_e52e6f94e5afa6502299cf982d31105111e1d9a4 Retrying...
java.io.FileNotFoundException: /tmp/blobStore-1b0f9913-a065-4820-8c9f-72a7f435162e/cache/blob_e52e6f94e5afa6502299cf982d31105111e1d9a4 (Permission denied)
	at java.io.FileOutputStream.open(Native Method)
	at java.io.FileOutputStream.<init>(FileOutputStream.java:221)
	at java.io.FileOutputStream.<init>(FileOutputStream.java:171)
	at org.apache.flink.runtime.blob.BlobCache.getURL(BlobCache.java:126)
	at org.apache.flink.runtime.execution.librarycache.BlobLibraryCacheManager.registerReferenceToBlobKeyAndGetURL(BlobLibraryCacheManager.java:245)
	at org.apache.flink.runtime.execution.librarycache.BlobLibraryCacheManager.registerTask(BlobLibraryCacheManager.java:114)
	at org.apache.flink.runtime.execution.librarycache.BlobLibraryCacheManagerTest.testRegisterAndDownload(BlobLibraryCacheManagerTest.java:209)
	at sun.reflect.NativeMethodAccessorImpl.invoke0(Native Method)
	at sun.reflect.NativeMethodAccessorImpl.invoke(NativeMethodAccessorImpl.java:57)
	at sun.reflect.DelegatingMethodAccessorImpl.invoke(DelegatingMethodAccessorImpl.java:43)
	at java.lang.reflect.Method.invoke(Method.java:606)
	at org.junit.runners.model.FrameworkMethod$1.runReflectiveCall(FrameworkMethod.java:47)
	at org.junit.internal.runners.model.ReflectiveCallable.run(ReflectiveCallable.java:12)
	at org.junit.runners.model.FrameworkMethod.invokeExplosively(FrameworkMethod.java:44)
	at org.junit.internal.runners.statements.InvokeMethod.evaluate(InvokeMethod.java:17)
	at org.junit.runners.ParentRunner.runLeaf(ParentRunner.java:271)
	at org.junit.runners.BlockJUnit4ClassRunner.runChild(BlockJUnit4ClassRunner.java:70)
	at org.junit.runners.BlockJUnit4ClassRunner.runChild(BlockJUnit4ClassRunner.java:50)
	at org.junit.runners.ParentRunner$3.run(ParentRunner.java:238)
	at org.junit.runners.ParentRunner$1.schedule(ParentRunner.java:63)
	at org.junit.runners.ParentRunner.runChildren(ParentRunner.java:236)
	at org.junit.runners.ParentRunner.access$000(ParentRunner.java:53)
	at org.junit.runners.ParentRunner$2.evaluate(ParentRunner.java:229)
	at org.junit.runners.ParentRunner.run(ParentRunner.java:309)
	at org.apache.maven.surefire.junit4.JUnit4Provider.execute(JUnit4Provider.java:283)
	at org.apache.maven.surefire.junit4.JUnit4Provider.executeWithRerun(JUnit4Provider.java:173)
	at org.apache.maven.surefire.junit4.JUnit4Provider.executeTestSet(JUnit4Provider.java:153)
	at org.apache.maven.surefire.junit4.JUnit4Provider.invoke(JUnit4Provider.java:128)
	at org.apache.maven.surefire.booter.ForkedBooter.invokeProviderInSameClassLoader(ForkedBooter.java:203)
	at org.apache.maven.surefire.booter.ForkedBooter.runSuitesInProcess(ForkedBooter.java:155)
	at org.apache.maven.surefire.booter.ForkedBooter.main(ForkedBooter.java:103)
13 > 19:02:57,410 INFO  org.apache.flink.runtime.blob.BlobCache                       - Downloading e52e6f94e5afa6502299cf982d31105111e1d9a4 from localhost/127.0.0.1:33650 (retry 2)
Tests run: 3, Failures: 0, Errors: 0, Skipped: 0, Time elapsed: 0.218 sec - in org.apache.flink.runtime.util.AtomicDisposableReferenceCounterTest
13 > 19:02:57,384 DEBUG org.apache.flink.runtime.blob.BlobServerConnection            - Socket connection closed
java.net.SocketException: Connection reset
	at java.net.SocketInputStream.read(SocketInputStream.java:196)
	at java.net.SocketInputStream.read(SocketInputStream.java:122)
	at java.net.SocketInputStream.read(SocketInputStream.java:210)
	at org.apache.flink.runtime.blob.BlobServerConnection.run(BlobServerConnection.java:101)
Running org.apache.flink.runtime.util.LRUCacheMapTest
13 > 19:02:57,415 DEBUG org.apache.flink.runtime.blob.BlobClient                      - GET content addressable BLOB e52e6f94e5afa6502299cf982d31105111e1d9a4 from /127.0.0.1:48402
13 > 19:02:57,436 DEBUG org.apache.flink.runtime.blob.BlobCache                       - Failed to fetch BLOB e52e6f94e5afa6502299cf982d31105111e1d9a4 from localhost/127.0.0.1:33650 and store it under /tmp/blobStore-1b0f9913-a065-4820-8c9f-72a7f435162e/cache/blob_e52e6f94e5afa6502299cf982d31105111e1d9a4 Retrying...
java.io.FileNotFoundException: /tmp/blobStore-1b0f9913-a065-4820-8c9f-72a7f435162e/cache/blob_e52e6f94e5afa6502299cf982d31105111e1d9a4 (Permission denied)
	at java.io.FileOutputStream.open(Native Method)
	at java.io.FileOutputStream.<init>(FileOutputStream.java:221)
	at java.io.FileOutputStream.<init>(FileOutputStream.java:171)
	at org.apache.flink.runtime.blob.BlobCache.getURL(BlobCache.java:126)
	at org.apache.flink.runtime.execution.librarycache.BlobLibraryCacheManager.registerReferenceToBlobKeyAndGetURL(BlobLibraryCacheManager.java:245)
	at org.apache.flink.runtime.execution.librarycache.BlobLibraryCacheManager.registerTask(BlobLibraryCacheManager.java:114)
	at org.apache.flink.runtime.execution.librarycache.BlobLibraryCacheManagerTest.testRegisterAndDownload(BlobLibraryCacheManagerTest.java:209)
	at sun.reflect.NativeMethodAccessorImpl.invoke0(Native Method)
	at sun.reflect.NativeMethodAccessorImpl.invoke(NativeMethodAccessorImpl.java:57)
	at sun.reflect.DelegatingMethodAccessorImpl.invoke(DelegatingMethodAccessorImpl.java:43)
	at java.lang.reflect.Method.invoke(Method.java:606)
	at org.junit.runners.model.FrameworkMethod$1.runReflectiveCall(FrameworkMethod.java:47)
	at org.junit.internal.runners.model.ReflectiveCallable.run(ReflectiveCallable.java:12)
	at org.junit.runners.model.FrameworkMethod.invokeExplosively(FrameworkMethod.java:44)
	at org.junit.internal.runners.statements.InvokeMethod.evaluate(InvokeMethod.java:17)
	at org.junit.runners.ParentRunner.runLeaf(ParentRunner.java:271)
	at org.junit.runners.BlockJUnit4ClassRunner.runChild(BlockJUnit4ClassRunner.java:70)
	at org.junit.runners.BlockJUnit4ClassRunner.runChild(BlockJUnit4ClassRunner.java:50)
	at org.junit.runners.ParentRunner$3.run(ParentRunner.java:238)
	at org.junit.runners.ParentRunner$1.schedule(ParentRunner.java:63)
	at org.junit.runners.ParentRunner.runChildren(ParentRunner.java:236)
	at org.junit.runners.ParentRunner.access$000(ParentRunner.java:53)
	at org.junit.runners.ParentRunner$2.evaluate(ParentRunner.java:229)
	at org.junit.runners.ParentRunner.run(ParentRunner.java:309)
	at org.apache.maven.surefire.junit4.JUnit4Provider.execute(JUnit4Provider.java:283)
	at org.apache.maven.surefire.junit4.JUnit4Provider.executeWithRerun(JUnit4Provider.java:173)
	at org.apache.maven.surefire.junit4.JUnit4Provider.executeTestSet(JUnit4Provider.java:153)
	at org.apache.maven.surefire.junit4.JUnit4Provider.invoke(JUnit4Provider.java:128)
	at org.apache.maven.surefire.booter.ForkedBooter.invokeProviderInSameClassLoader(ForkedBooter.java:203)
	at org.apache.maven.surefire.booter.ForkedBooter.runSuitesInProcess(ForkedBooter.java:155)
	at org.apache.maven.surefire.booter.ForkedBooter.main(ForkedBooter.java:103)
13 > 19:02:57,454 INFO  org.apache.flink.runtime.blob.BlobCache                       - Downloading e52e6f94e5afa6502299cf982d31105111e1d9a4 from localhost/127.0.0.1:33650 (retry 3)
13 > 19:02:57,462 DEBUG org.apache.flink.runtime.blob.BlobClient                      - GET content addressable BLOB e52e6f94e5afa6502299cf982d31105111e1d9a4 from /127.0.0.1:48403
13 > 19:02:57,470 DEBUG org.apache.flink.runtime.blob.BlobServerConnection            - Socket connection closed
java.net.SocketException: Connection reset
	at java.net.SocketInputStream.read(SocketInputStream.java:196)
	at java.net.SocketInputStream.read(SocketInputStream.java:122)
	at java.net.SocketInputStream.read(SocketInputStream.java:210)
	at org.apache.flink.runtime.blob.BlobServerConnection.run(BlobServerConnection.java:101)
13 > 19:02:57,488 DEBUG org.apache.flink.runtime.blob.BlobCache                       - Failed to fetch BLOB e52e6f94e5afa6502299cf982d31105111e1d9a4 from localhost/127.0.0.1:33650 and store it under /tmp/blobStore-1b0f9913-a065-4820-8c9f-72a7f435162e/cache/blob_e52e6f94e5afa6502299cf982d31105111e1d9a4 Retrying...
java.io.FileNotFoundException: /tmp/blobStore-1b0f9913-a065-4820-8c9f-72a7f435162e/cache/blob_e52e6f94e5afa6502299cf982d31105111e1d9a4 (Permission denied)
	at java.io.FileOutputStream.open(Native Method)
	at java.io.FileOutputStream.<init>(FileOutputStream.java:221)
	at java.io.FileOutputStream.<init>(FileOutputStream.java:171)
	at org.apache.flink.runtime.blob.BlobCache.getURL(BlobCache.java:126)
	at org.apache.flink.runtime.execution.librarycache.BlobLibraryCacheManager.registerReferenceToBlobKeyAndGetURL(BlobLibraryCacheManager.java:245)
	at org.apache.flink.runtime.execution.librarycache.BlobLibraryCacheManager.registerTask(BlobLibraryCacheManager.java:114)
	at org.apache.flink.runtime.execution.librarycache.BlobLibraryCacheManagerTest.testRegisterAndDownload(BlobLibraryCacheManagerTest.java:209)
	at sun.reflect.NativeMethodAccessorImpl.invoke0(Native Method)
	at sun.reflect.NativeMethodAccessorImpl.invoke(NativeMethodAccessorImpl.java:57)
	at sun.reflect.DelegatingMethodAccessorImpl.invoke(DelegatingMethodAccessorImpl.java:43)
	at java.lang.reflect.Method.invoke(Method.java:606)
	at org.junit.runners.model.FrameworkMethod$1.runReflectiveCall(FrameworkMethod.java:47)
	at org.junit.internal.runners.model.ReflectiveCallable.run(ReflectiveCallable.java:12)
	at org.junit.runners.model.FrameworkMethod.invokeExplosively(FrameworkMethod.java:44)
	at org.junit.internal.runners.statements.InvokeMethod.evaluate(InvokeMethod.java:17)
	at org.junit.runners.ParentRunner.runLeaf(ParentRunner.java:271)
	at org.junit.runners.BlockJUnit4ClassRunner.runChild(BlockJUnit4ClassRunner.java:70)
	at org.junit.runners.BlockJUnit4ClassRunner.runChild(BlockJUnit4ClassRunner.java:50)
	at org.junit.runners.ParentRunner$3.run(ParentRunner.java:238)
	at org.junit.runners.ParentRunner$1.schedule(ParentRunner.java:63)
	at org.junit.runners.ParentRunner.runChildren(ParentRunner.java:236)
	at org.junit.runners.ParentRunner.access$000(ParentRunner.java:53)
	at org.junit.runners.ParentRunner$2.evaluate(ParentRunner.java:229)
	at org.junit.runners.ParentRunner.run(ParentRunner.java:309)
	at org.apache.maven.surefire.junit4.JUnit4Provider.execute(JUnit4Provider.java:283)
	at org.apache.maven.surefire.junit4.JUnit4Provider.executeWithRerun(JUnit4Provider.java:173)
	at org.apache.maven.surefire.junit4.JUnit4Provider.executeTestSet(JUnit4Provider.java:153)
	at org.apache.maven.surefire.junit4.JUnit4Provider.invoke(JUnit4Provider.java:128)
	at org.apache.maven.surefire.booter.ForkedBooter.invokeProviderInSameClassLoader(ForkedBooter.java:203)
	at org.apache.maven.surefire.booter.ForkedBooter.runSuitesInProcess(ForkedBooter.java:155)
	at org.apache.maven.surefire.booter.ForkedBooter.main(ForkedBooter.java:103)
13 > 19:02:57,490 INFO  org.apache.flink.runtime.blob.BlobCache                       - Downloading e52e6f94e5afa6502299cf982d31105111e1d9a4 from localhost/127.0.0.1:33650 (retry 4)
13 > 19:02:57,490 DEBUG org.apache.flink.runtime.blob.BlobClient                      - GET content addressable BLOB e52e6f94e5afa6502299cf982d31105111e1d9a4 from /127.0.0.1:48405
13 > 19:02:57,491 DEBUG org.apache.flink.runtime.blob.BlobServerConnection            - Socket connection closed
java.net.SocketException: Connection reset
	at java.net.SocketInputStream.read(SocketInputStream.java:196)
	at java.net.SocketInputStream.read(SocketInputStream.java:122)
	at java.net.SocketInputStream.read(SocketInputStream.java:210)
	at org.apache.flink.runtime.blob.BlobServerConnection.run(BlobServerConnection.java:101)
13 > 19:02:57,496 DEBUG org.apache.flink.runtime.blob.BlobCache                       - Failed to fetch BLOB e52e6f94e5afa6502299cf982d31105111e1d9a4 from localhost/127.0.0.1:33650 and store it under /tmp/blobStore-1b0f9913-a065-4820-8c9f-72a7f435162e/cache/blob_e52e6f94e5afa6502299cf982d31105111e1d9a4 Retrying...
java.io.FileNotFoundException: /tmp/blobStore-1b0f9913-a065-4820-8c9f-72a7f435162e/cache/blob_e52e6f94e5afa6502299cf982d31105111e1d9a4 (Permission denied)
	at java.io.FileOutputStream.open(Native Method)
	at java.io.FileOutputStream.<init>(FileOutputStream.java:221)
	at java.io.FileOutputStream.<init>(FileOutputStream.java:171)
	at org.apache.flink.runtime.blob.BlobCache.getURL(BlobCache.java:126)
	at org.apache.flink.runtime.execution.librarycache.BlobLibraryCacheManager.registerReferenceToBlobKeyAndGetURL(BlobLibraryCacheManager.java:245)
	at org.apache.flink.runtime.execution.librarycache.BlobLibraryCacheManager.registerTask(BlobLibraryCacheManager.java:114)
	at org.apache.flink.runtime.execution.librarycache.BlobLibraryCacheManagerTest.testRegisterAndDownload(BlobLibraryCacheManagerTest.java:209)
	at sun.reflect.NativeMethodAccessorImpl.invoke0(Native Method)
	at sun.reflect.NativeMethodAccessorImpl.invoke(NativeMethodAccessorImpl.java:57)
	at sun.reflect.DelegatingMethodAccessorImpl.invoke(DelegatingMethodAccessorImpl.java:43)
	at java.lang.reflect.Method.invoke(Method.java:606)
	at org.junit.runners.model.FrameworkMethod$1.runReflectiveCall(FrameworkMethod.java:47)
	at org.junit.internal.runners.model.ReflectiveCallable.run(ReflectiveCallable.java:12)
	at org.junit.runners.model.FrameworkMethod.invokeExplosively(FrameworkMethod.java:44)
	at org.junit.internal.runners.statements.InvokeMethod.evaluate(InvokeMethod.java:17)
	at org.junit.runners.ParentRunner.runLeaf(ParentRunner.java:271)
	at org.junit.runners.BlockJUnit4ClassRunner.runChild(BlockJUnit4ClassRunner.java:70)
	at org.junit.runners.BlockJUnit4ClassRunner.runChild(BlockJUnit4ClassRunner.java:50)
	at org.junit.runners.ParentRunner$3.run(ParentRunner.java:238)
	at org.junit.runners.ParentRunner$1.schedule(ParentRunner.java:63)
	at org.junit.runners.ParentRunner.runChildren(ParentRunner.java:236)
	at org.junit.runners.ParentRunner.access$000(ParentRunner.java:53)
	at org.junit.runners.ParentRunner$2.evaluate(ParentRunner.java:229)
	at org.junit.runners.ParentRunner.run(ParentRunner.java:309)
	at org.apache.maven.surefire.junit4.JUnit4Provider.execute(JUnit4Provider.java:283)
	at org.apache.maven.surefire.junit4.JUnit4Provider.executeWithRerun(JUnit4Provider.java:173)
	at org.apache.maven.surefire.junit4.JUnit4Provider.executeTestSet(JUnit4Provider.java:153)
	at org.apache.maven.surefire.junit4.JUnit4Provider.invoke(JUnit4Provider.java:128)
	at org.apache.maven.surefire.booter.ForkedBooter.invokeProviderInSameClassLoader(ForkedBooter.java:203)
	at org.apache.maven.surefire.booter.ForkedBooter.runSuitesInProcess(ForkedBooter.java:155)
	at org.apache.maven.surefire.booter.ForkedBooter.main(ForkedBooter.java:103)
13 > 19:02:57,497 INFO  org.apache.flink.runtime.blob.BlobCache                       - Downloading e52e6f94e5afa6502299cf982d31105111e1d9a4 from localhost/127.0.0.1:33650 (retry 5)
13 > 19:02:57,497 DEBUG org.apache.flink.runtime.blob.BlobClient                      - GET content addressable BLOB e52e6f94e5afa6502299cf982d31105111e1d9a4 from /127.0.0.1:48406
13 > 19:02:57,498 DEBUG org.apache.flink.runtime.blob.BlobServerConnection            - Socket connection closed
java.net.SocketException: Connection reset
	at java.net.SocketInputStream.read(SocketInputStream.java:196)
	at java.net.SocketInputStream.read(SocketInputStream.java:122)
	at java.net.SocketInputStream.read(SocketInputStream.java:210)
	at org.apache.flink.runtime.blob.BlobServerConnection.run(BlobServerConnection.java:101)
13 > 19:02:57,508 ERROR org.apache.flink.runtime.blob.BlobCache                       - Failed to fetch BLOB e52e6f94e5afa6502299cf982d31105111e1d9a4 from localhost/127.0.0.1:33650 and store it under /tmp/blobStore-1b0f9913-a065-4820-8c9f-72a7f435162e/cache/blob_e52e6f94e5afa6502299cf982d31105111e1d9a4 No retries left.
java.io.FileNotFoundException: /tmp/blobStore-1b0f9913-a065-4820-8c9f-72a7f435162e/cache/blob_e52e6f94e5afa6502299cf982d31105111e1d9a4 (Permission denied)
	at java.io.FileOutputStream.open(Native Method)
	at java.io.FileOutputStream.<init>(FileOutputStream.java:221)
	at java.io.FileOutputStream.<init>(FileOutputStream.java:171)
	at org.apache.flink.runtime.blob.BlobCache.getURL(BlobCache.java:126)
	at org.apache.flink.runtime.execution.librarycache.BlobLibraryCacheManager.registerReferenceToBlobKeyAndGetURL(BlobLibraryCacheManager.java:245)
	at org.apache.flink.runtime.execution.librarycache.BlobLibraryCacheManager.registerTask(BlobLibraryCacheManager.java:114)
	at org.apache.flink.runtime.execution.librarycache.BlobLibraryCacheManagerTest.testRegisterAndDownload(BlobLibraryCacheManagerTest.java:209)
	at sun.reflect.NativeMethodAccessorImpl.invoke0(Native Method)
	at sun.reflect.NativeMethodAccessorImpl.invoke(NativeMethodAccessorImpl.java:57)
	at sun.reflect.DelegatingMethodAccessorImpl.invoke(DelegatingMethodAccessorImpl.java:43)
	at java.lang.reflect.Method.invoke(Method.java:606)
	at org.junit.runners.model.FrameworkMethod$1.runReflectiveCall(FrameworkMethod.java:47)
	at org.junit.internal.runners.model.ReflectiveCallable.run(ReflectiveCallable.java:12)
	at org.junit.runners.model.FrameworkMethod.invokeExplosively(FrameworkMethod.java:44)
	at org.junit.internal.runners.statements.InvokeMethod.evaluate(InvokeMethod.java:17)
	at org.junit.runners.ParentRunner.runLeaf(ParentRunner.java:271)
	at org.junit.runners.BlockJUnit4ClassRunner.runChild(BlockJUnit4ClassRunner.java:70)
	at org.junit.runners.BlockJUnit4ClassRunner.runChild(BlockJUnit4ClassRunner.java:50)
	at org.junit.runners.ParentRunner$3.run(ParentRunner.java:238)
	at org.junit.runners.ParentRunner$1.schedule(ParentRunner.java:63)
	at org.junit.runners.ParentRunner.runChildren(ParentRunner.java:236)
	at org.junit.runners.ParentRunner.access$000(ParentRunner.java:53)
	at org.junit.runners.ParentRunner$2.evaluate(ParentRunner.java:229)
	at org.junit.runners.ParentRunner.run(ParentRunner.java:309)
	at org.apache.maven.surefire.junit4.JUnit4Provider.execute(JUnit4Provider.java:283)
	at org.apache.maven.surefire.junit4.JUnit4Provider.executeWithRerun(JUnit4Provider.java:173)
	at org.apache.maven.surefire.junit4.JUnit4Provider.executeTestSet(JUnit4Provider.java:153)
	at org.apache.maven.surefire.junit4.JUnit4Provider.invoke(JUnit4Provider.java:128)
	at org.apache.maven.surefire.booter.ForkedBooter.invokeProviderInSameClassLoader(ForkedBooter.java:203)
	at org.apache.maven.surefire.booter.ForkedBooter.runSuitesInProcess(ForkedBooter.java:155)
	at org.apache.maven.surefire.booter.ForkedBooter.main(ForkedBooter.java:103)
19 > 19:02:57,486 INFO  org.apache.flink.runtime.blob.BlobCache                       - Created BLOB cache storage directory /tmp/blobStore-e6173574-96c0-4347-a18e-0ab68b2a3918
13 > 19:02:57,552 DEBUG org.apache.flink.runtime.blob.BlobServer                      - Shutting down connection BLOB connection for /127.0.0.1:48406
13 > 19:02:57,508 DEBUG org.apache.flink.runtime.blob.BlobServerConnection            - Socket connection closed
java.net.SocketException: Connection reset
	at java.net.SocketInputStream.read(SocketInputStream.java:196)
	at java.net.SocketInputStream.read(SocketInputStream.java:122)
	at java.net.SocketInputStream.read(SocketInputStream.java:210)
	at org.apache.flink.runtime.blob.BlobServerConnection.run(BlobServerConnection.java:101)
13 > 19:02:57,553 INFO  org.apache.flink.runtime.blob.BlobServer                      - Stopped BLOB server at 0.0.0.0:33650
13 > 19:02:57,569 INFO  org.apache.flink.runtime.blob.BlobServer                      - Created BLOB server storage directory /tmp/blobStore-c7499193-39a8-4d26-9ed7-73639e8a2d80
13 > 19:02:57,570 INFO  org.apache.flink.runtime.blob.BlobServer                      - Started BLOB server at 0.0.0.0:35051 - max concurrent requests: 50 - max backlog: 1000
13 > 19:02:57,579 DEBUG org.apache.flink.runtime.blob.BlobClient                      - PUT content addressable BLOB buffer (128 bytes) to /127.0.0.1:43932
23 > 19:02:57,579 INFO  org.apache.flink.runtime.blob.BlobServer                      - Created BLOB server storage directory /tmp/blobStore-be65dd5d-ac91-4996-a234-dd3e9a6a7690
13 > 19:02:57,580 DEBUG org.apache.flink.runtime.blob.BlobServerConnection            - Received PUT request for content addressable BLOB
13 > 19:02:57,581 DEBUG org.apache.flink.runtime.blob.BlobClient                      - PUT content addressable BLOB buffer (128 bytes) to /127.0.0.1:43932
23 > 19:02:57,588 INFO  org.apache.flink.runtime.blob.BlobServer                      - Started BLOB server at 0.0.0.0:57752 - max concurrent requests: 50 - max backlog: 1000
Tests run: 5, Failures: 0, Errors: 0, Skipped: 0, Time elapsed: 0.177 sec - in org.apache.flink.runtime.util.LRUCacheMapTest
23 > 19:02:57,604 INFO  org.apache.flink.runtime.blob.BlobServer                      - Created BLOB server storage directory /tmp/blobStore-bf16998e-1fe6-44b1-809c-87f63071a53c
23 > 19:02:57,611 INFO  org.apache.flink.runtime.blob.BlobServer                      - Started BLOB server at 0.0.0.0:55654 - max concurrent requests: 50 - max backlog: 1000
13 > 19:02:57,630 DEBUG org.apache.flink.runtime.blob.BlobServerConnection            - Received PUT request for content addressable BLOB
Tests run: 1, Failures: 0, Errors: 0, Skipped: 0, Time elapsed: 1.134 sec - in org.apache.flink.runtime.deployment.TaskDeploymentDescriptorTest
10 > 19:02:57,832 INFO  org.apache.flink.runtime.blob.BlobServer                      - Created BLOB server storage directory /tmp/blobStore-cefb3d51-fd08-4c17-94ae-9154f85be164
10 > 19:02:57,852 INFO  org.apache.flink.runtime.blob.BlobServer                      - Started BLOB server at 0.0.0.0:49736 - max concurrent requests: 50 - max backlog: 1000
Tests run: 1, Failures: 0, Errors: 0, Skipped: 0, Time elapsed: 15.979 sec - in org.apache.flink.runtime.jobmanager.scheduler.ScheduleOrUpdateConsumersTest
Tests run: 19, Failures: 0, Errors: 0, Skipped: 0, Time elapsed: 7.314 sec - in org.apache.flink.runtime.taskmanager.TaskTest
Tests run: 7, Failures: 0, Errors: 0, Skipped: 0, Time elapsed: 1.635 sec - in org.apache.flink.runtime.akka.AkkaUtilsTest
23 > 19:02:58,613 INFO  org.apache.flink.runtime.blob.BlobCache                       - Created BLOB cache storage directory /tmp/blobStore-9e75c9c6-21a9-48e1-b352-492ac1821162
Running org.apache.flink.runtime.util.event.TaskEventHandlerTest
Running org.apache.flink.runtime.util.ReusingKeyGroupedIteratorTest
23 > 19:02:58,643 INFO  org.apache.flink.runtime.blob.BlobCache                       - Created BLOB cache storage directory /tmp/blobStore-b4b259e4-f337-42db-85d8-2131039930fe
13 > 19:02:58,727 INFO  org.apache.flink.runtime.blob.BlobServer                      - Stopped BLOB server at 0.0.0.0:35051
Tests run: 1, Failures: 0, Errors: 0, Skipped: 0, Time elapsed: 0.114 sec - in org.apache.flink.runtime.util.event.TaskEventHandlerTest
Tests run: 2, Failures: 0, Errors: 0, Skipped: 0, Time elapsed: 2.9 sec - in org.apache.flink.runtime.execution.librarycache.BlobLibraryCacheManagerTest
Tests run: 4, Failures: 0, Errors: 0, Skipped: 0, Time elapsed: 0.235 sec - in org.apache.flink.runtime.util.ReusingKeyGroupedIteratorTest
19 > 19:02:58,870 INFO  org.apache.flink.runtime.blob.BlobCache                       - Created BLOB cache storage directory /tmp/blobStore-e25fbbf9-7e38-4833-a464-eb7fc8a49693
Running org.apache.flink.runtime.util.UnionIteratorTest
Tests run: 2, Failures: 0, Errors: 0, Skipped: 0, Time elapsed: 0.037 sec - in org.apache.flink.runtime.util.UnionIteratorTest
19 > 19:02:59,497 INFO  org.apache.flink.runtime.blob.BlobCache                       - Created BLOB cache storage directory /tmp/blobStore-875a0f52-c040-42cb-b6f4-0c380bede51e
Running org.apache.flink.runtime.util.ZooKeeperUtilTest
Tests run: 2, Failures: 0, Errors: 0, Skipped: 0, Time elapsed: 7.375 sec - in org.apache.flink.runtime.akka.FlinkUntypedActorTest
19 > 19:02:59,849 INFO  org.apache.flink.runtime.blob.BlobCache                       - Created BLOB cache storage directory /tmp/blobStore-c2982748-1dab-4066-baef-311281b3905e
Tests run: 3, Failures: 0, Errors: 0, Skipped: 0, Time elapsed: 12.085 sec - in org.apache.flink.runtime.taskmanager.TaskManagerStartupTest
Running org.apache.flink.runtime.util.DataInputOutputSerializerTest
Running org.apache.flink.runtime.util.ClassLoaderUtilsTest
10 > 19:03:00,102 INFO  org.apache.flink.runtime.blob.BlobServer                      - Stopped BLOB server at 0.0.0.0:49736
Tests run: 1, Failures: 0, Errors: 0, Skipped: 0, Time elapsed: 0.661 sec - in org.apache.flink.runtime.util.ZooKeeperUtilTest
Running org.apache.flink.runtime.instance.HardwareTest
Running org.apache.flink.runtime.util.SerializedThrowableTest
Tests run: 2, Failures: 0, Errors: 0, Skipped: 0, Time elapsed: 0.198 sec - in org.apache.flink.runtime.util.SerializedThrowableTest
Running org.apache.flink.runtime.util.NonReusingKeyGroupedIteratorTest
23 > 19:03:00,534 INFO  org.apache.flink.runtime.blob.BlobServer                      - Stopped BLOB server at 0.0.0.0:57752
23 > 19:03:00,540 INFO  org.apache.flink.runtime.blob.BlobServer                      - Stopped BLOB server at 0.0.0.0:55654
Tests run: 4, Failures: 0, Errors: 0, Skipped: 0, Time elapsed: 0.159 sec - in org.apache.flink.runtime.util.NonReusingKeyGroupedIteratorTest
10 > 19:03:00,728 INFO  org.apache.flink.runtime.blob.BlobServer                      - Created BLOB server storage directory /tmp/blobStore-309514f5-8237-4cec-9d9d-54b848d2b711
10 > 19:03:00,729 INFO  org.apache.flink.runtime.blob.BlobServer                      - Started BLOB server at 0.0.0.0:45060 - max concurrent requests: 50 - max backlog: 1000
Tests run: 3, Failures: 0, Errors: 0, Skipped: 0, Time elapsed: 0.675 sec - in org.apache.flink.runtime.util.ClassLoaderUtilsTest
23 > 19:03:00,826 INFO  org.apache.flink.runtime.blob.BlobServer                      - Created BLOB server storage directory /tmp/blobStore-caaf02d9-8e62-488b-81bc-6fd4e0b592f4
23 > 19:03:00,835 INFO  org.apache.flink.runtime.blob.BlobServer                      - Started BLOB server at 0.0.0.0:40580 - max concurrent requests: 50 - max backlog: 1000
23 > 19:03:00,837 INFO  org.apache.flink.runtime.blob.BlobServer                      - Created BLOB server storage directory /tmp/blobStore-8284622f-60f0-4d07-9233-36fc1bdafebc
23 > 19:03:00,863 INFO  org.apache.flink.runtime.blob.BlobServer                      - Started BLOB server at 0.0.0.0:60005 - max concurrent requests: 50 - max backlog: 1000
11 > 19:03:00,901 INFO  org.apache.flink.runtime.blob.BlobCache                       - Created BLOB cache storage directory /tmp/blobStore-4e059153-685f-49dc-a604-ed445ffe56b8
Tests run: 2, Failures: 0, Errors: 0, Skipped: 0, Time elapsed: 0.682 sec - in org.apache.flink.runtime.instance.HardwareTest
11 > 19:03:00,998 INFO  org.apache.flink.runtime.blob.BlobCache                       - Created BLOB cache storage directory /tmp/blobStore-83acd26d-bfa7-4704-81fe-1ccd86d64bf1
Running org.apache.flink.runtime.util.DelegatingConfigurationTest
Running org.apache.flink.runtime.akka.FlinkActorTest
Tests run: 1, Failures: 0, Errors: 0, Skipped: 0, Time elapsed: 0.24 sec - in org.apache.flink.runtime.util.DelegatingConfigurationTest
23 > 19:03:01,376 INFO  org.apache.flink.runtime.blob.BlobCache                       - Created BLOB cache storage directory /tmp/blobStore-de73793d-9a09-4e7e-9138-df188f11a77f
Running org.apache.flink.runtime.instance.InstanceTest
10 > 19:03:01,383 INFO  org.apache.flink.runtime.blob.BlobCache                       - Created BLOB cache storage directory /tmp/blobStore-6eb3dd1b-1c2d-45fa-9442-a78992c50ced
23 > 19:03:01,406 INFO  org.apache.flink.runtime.blob.BlobCache                       - Created BLOB cache storage directory /tmp/blobStore-fd0aa644-951f-4888-ac4e-4326397d6634
Running org.apache.flink.runtime.util.EnvironmentInformationTest
10 > 19:03:01,548 INFO  org.apache.flink.runtime.blob.BlobCache                       - Created BLOB cache storage directory /tmp/blobStore-f6a55ef3-5b49-4209-8383-5b1419a9319a
10 > 19:03:01,933 INFO  org.apache.flink.runtime.blob.BlobServer                      - Stopped BLOB server at 0.0.0.0:45060
Running org.apache.flink.runtime.instance.InstanceManagerTest
Running org.apache.flink.runtime.instance.SharedSlotsTest
Running org.apache.flink.runtime.util.JarFileCreatorTest
Tests run: 4, Failures: 0, Errors: 0, Skipped: 0, Time elapsed: 1.01 sec - in org.apache.flink.runtime.instance.InstanceTest
Running org.apache.flink.runtime.state.MemoryStateBackendTest
Running org.apache.flink.runtime.state.FileStateBackendTest
Running org.apache.flink.runtime.instance.SimpleSlotTest
Running org.apache.flink.runtime.instance.InstanceConnectionInfoTest
Tests run: 2, Failures: 0, Errors: 0, Skipped: 0, Time elapsed: 1.815 sec - in org.apache.flink.runtime.akka.FlinkActorTest
21 > 19:03:03,653 INFO  org.apache.flink.runtime.blob.BlobServer                      - Created BLOB server storage directory /tmp/blobStore-7ac2beb2-fbad-4d1b-b439-f215042e3fb2
21 > 19:03:03,697 INFO  org.apache.flink.runtime.blob.BlobServer                      - Started BLOB server at 0.0.0.0:35092 - max concurrent requests: 50 - max backlog: 1000
Running org.apache.flink.runtime.io.disk.iomanager.IOManagerTest
Tests run: 2, Failures: 0, Errors: 0, Skipped: 0, Time elapsed: 3.913 sec - in org.apache.flink.runtime.util.DataInputOutputSerializerTest
Tests run: 7, Failures: 0, Errors: 0, Skipped: 0, Time elapsed: 1.414 sec - in org.apache.flink.runtime.state.MemoryStateBackendTest
Running org.apache.flink.runtime.io.disk.iomanager.IOManagerAsyncTest
Tests run: 9, Failures: 0, Errors: 0, Skipped: 0, Time elapsed: 1.668 sec - in org.apache.flink.runtime.util.JarFileCreatorTest
23 > 19:03:04,001 INFO  org.apache.flink.runtime.blob.BlobServer                      - Stopped BLOB server at 0.0.0.0:40580
23 > 19:03:04,002 INFO  org.apache.flink.runtime.blob.BlobServer                      - Stopped BLOB server at 0.0.0.0:60005
Running org.apache.flink.runtime.io.disk.iomanager.BufferFileWriterReaderTest
Tests run: 8, Failures: 0, Errors: 0, Skipped: 0, Time elapsed: 1.858 sec - in org.apache.flink.runtime.instance.SharedSlotsTest
Running org.apache.flink.runtime.io.disk.iomanager.BufferFileWriterFileSegmentReaderTest
23 > 19:03:04,311 INFO  org.apache.flink.runtime.blob.BlobServer                      - Created BLOB server storage directory /tmp/blobStore-02de69de-2db0-4d69-b249-f9c6883df1f0
23 > 19:03:04,323 INFO  org.apache.flink.runtime.blob.BlobServer                      - Started BLOB server at 0.0.0.0:52478 - max concurrent requests: 50 - max backlog: 1000
23 > 19:03:04,355 INFO  org.apache.flink.runtime.blob.BlobServer                      - Created BLOB server storage directory /tmp/blobStore-3be04216-5138-4a6d-8788-45ba62d9b631
23 > 19:03:04,371 INFO  org.apache.flink.runtime.blob.BlobServer                      - Started BLOB server at 0.0.0.0:58527 - max concurrent requests: 50 - max backlog: 1000
23 > 19:03:05,079 INFO  org.apache.flink.runtime.blob.BlobCache                       - Created BLOB cache storage directory /tmp/blobStore-f6f8f6b4-85f5-401f-a5bf-8fb53fff2b91
23 > 19:03:05,147 INFO  org.apache.flink.runtime.blob.BlobCache                       - Created BLOB cache storage directory /tmp/blobStore-f60e8e52-6998-48ed-bf93-e5a2e2a83189
Running org.apache.flink.runtime.io.disk.iomanager.AsynchronousBufferFileWriterTest
Tests run: 1, Failures: 0, Errors: 0, Skipped: 0, Time elapsed: 1.626 sec - in org.apache.flink.runtime.io.disk.iomanager.IOManagerTest
Running org.apache.flink.runtime.io.disk.ChannelViewsTest
Running org.apache.flink.runtime.io.disk.FileChannelStreamsTest
Running org.apache.flink.runtime.io.disk.SpillingBufferTest
Tests run: 3, Failures: 0, Errors: 0, Skipped: 0, Time elapsed: 4.003 sec - in org.apache.flink.runtime.instance.SimpleSlotTest
Tests run: 2, Failures: 0, Errors: 0, Skipped: 0, Time elapsed: 0.651 sec - in org.apache.flink.runtime.io.disk.FileChannelStreamsTest
Tests run: 6, Failures: 0, Errors: 0, Skipped: 0, Time elapsed: 4.291 sec - in org.apache.flink.runtime.instance.InstanceConnectionInfoTest
23 > 19:03:07,193 INFO  org.apache.flink.runtime.blob.BlobCache                       - Created BLOB cache storage directory /tmp/blobStore-f062a489-90a6-4a9b-ab73-c8bd172f86bc
23 > 19:03:07,226 INFO  org.apache.flink.runtime.blob.BlobCache                       - Created BLOB cache storage directory /tmp/blobStore-1ec8dc12-43b0-49f4-8931-3e9b4a001f58
Tests run: 1, Failures: 0, Errors: 0, Skipped: 0, Time elapsed: 3.318 sec - in org.apache.flink.runtime.io.disk.iomanager.BufferFileWriterFileSegmentReaderTest
Running org.apache.flink.runtime.io.disk.SeekableFileChannelInputViewTest
Running org.apache.flink.runtime.io.disk.iomanager.AsynchronousFileIOChannelTest
23 > 19:03:07,911 INFO  org.apache.flink.runtime.blob.BlobServer                      - Stopped BLOB server at 0.0.0.0:52478
23 > 19:03:07,913 INFO  org.apache.flink.runtime.blob.BlobServer                      - Stopped BLOB server at 0.0.0.0:58527
10 > 19:03:08,010 INFO  org.apache.flink.runtime.blob.BlobServer                      - Created BLOB server storage directory /tmp/blobStore-9482a211-298e-456d-8a86-b0255e8e778f
10 > 19:03:08,025 INFO  org.apache.flink.runtime.blob.BlobServer                      - Started BLOB server at 0.0.0.0:49584 - max concurrent requests: 50 - max backlog: 1000
Tests run: 3, Failures: 0, Errors: 0, Skipped: 0, Time elapsed: 38.976 sec - in org.apache.flink.runtime.operators.DataSourceTaskTest
11 > 19:03:08,413 INFO  org.apache.flink.runtime.blob.BlobServer                      - Stopped BLOB server at 0.0.0.0:42729
Tests run: 6, Failures: 0, Errors: 0, Skipped: 0, Time elapsed: 4.461 sec - in org.apache.flink.runtime.io.disk.iomanager.IOManagerAsyncTest
Running org.apache.flink.runtime.io.network.DefaultChannelSelectorTest
Running org.apache.flink.runtime.io.network.netty.PartitionRequestClientFactoryTest
Tests run: 1, Failures: 0, Errors: 0, Skipped: 0, Time elapsed: 0.142 sec - in org.apache.flink.runtime.io.network.DefaultChannelSelectorTest
Tests run: 4, Failures: 0, Errors: 0, Skipped: 0, Time elapsed: 37.183 sec - in org.apache.flink.runtime.leaderelection.LeaderChangeStateCleanupTest
Tests run: 1, Failures: 0, Errors: 0, Skipped: 1, Time elapsed: 0.02 sec - in org.apache.flink.runtime.io.network.netty.PartitionRequestClientFactoryTest
Tests run: 2, Failures: 0, Errors: 0, Skipped: 0, Time elapsed: 4.684 sec - in org.apache.flink.runtime.io.disk.iomanager.BufferFileWriterReaderTest
Tests run: 4, Failures: 0, Errors: 0, Skipped: 0, Time elapsed: 6.879 sec - in org.apache.flink.runtime.instance.InstanceManagerTest
Tests run: 6, Failures: 0, Errors: 0, Skipped: 0, Time elapsed: 6.348 sec - in org.apache.flink.runtime.state.FileStateBackendTest
Running org.apache.flink.runtime.io.network.netty.CancelPartitionRequestTest
Tests run: 1, Failures: 0, Errors: 0, Skipped: 0, Time elapsed: 1.237 sec - in org.apache.flink.runtime.io.disk.SeekableFileChannelInputViewTest
Tests run: 1, Failures: 0, Errors: 0, Skipped: 0, Time elapsed: 20.799 sec - in org.apache.flink.runtime.taskmanager.TaskCancelTest
19 > 19:03:09,489 INFO  org.apache.flink.runtime.blob.BlobCache                       - Created BLOB cache storage directory /tmp/blobStore-f97d7465-7914-4aa3-a387-9447dc7fe218
Tests run: 3, Failures: 0, Errors: 0, Skipped: 0, Time elapsed: 8.033 sec - in org.apache.flink.runtime.util.EnvironmentInformationTest
10 > 19:03:09,638 INFO  org.apache.flink.runtime.blob.BlobCache                       - Created BLOB cache storage directory /tmp/blobStore-4db4d8b6-d583-4f41-9ce1-2db5f71dcd6f
10 > 19:03:09,661 INFO  org.apache.flink.runtime.blob.BlobServer                      - Stopped BLOB server at 0.0.0.0:49584
10 > 19:03:09,803 INFO  org.apache.flink.runtime.blob.BlobCache                       - Created BLOB cache storage directory /tmp/blobStore-1f03860e-afe7-4178-943d-0f9086da37cf
Tests run: 7, Failures: 0, Errors: 0, Skipped: 0, Time elapsed: 20.582 sec - in org.apache.flink.runtime.taskmanager.TaskManagerRegistrationTest
Running org.apache.flink.runtime.io.network.netty.PartitionRequestClientHandlerTest
Running org.apache.flink.runtime.io.network.netty.ServerTransportErrorHandlingTest
Running org.apache.flink.runtime.io.network.netty.NettyServerLowAndHighWatermarkTest
Running org.apache.flink.runtime.io.network.netty.PartitionRequestQueueTest
Running org.apache.flink.runtime.io.network.partition.SpillableSubpartitionTest
Running org.apache.flink.runtime.io.network.partition.SpilledSubpartitionViewTest
Running org.apache.flink.runtime.io.network.netty.NettyMessageSerializationTest
Running org.apache.flink.runtime.io.network.netty.ClientTransportErrorHandlingTest
Tests run: 4, Failures: 0, Errors: 0, Skipped: 0, Time elapsed: 4.716 sec - in org.apache.flink.runtime.io.disk.SpillingBufferTest
Running org.apache.flink.runtime.io.network.partition.SpilledSubpartitionViewSyncIOTest
Running org.apache.flink.runtime.io.network.partition.consumer.InputChannelTest
Running org.apache.flink.runtime.io.network.partition.PipelinedSubpartitionTest
Tests run: 6, Failures: 0, Errors: 0, Skipped: 0, Time elapsed: 1.484 sec - in org.apache.flink.runtime.io.network.partition.SpillableSubpartitionTest
Running org.apache.flink.runtime.io.network.partition.PartialConsumePipelinedResultTest
Running org.apache.flink.runtime.io.network.partition.consumer.RemoteInputChannelTest
Tests run: 4, Failures: 0, Errors: 0, Skipped: 0, Time elapsed: 1.221 sec - in org.apache.flink.runtime.io.network.partition.consumer.InputChannelTest
Tests run: 2, Failures: 0, Errors: 0, Skipped: 0, Time elapsed: 2.32 sec - in org.apache.flink.runtime.io.network.partition.SpilledSubpartitionViewTest
Running org.apache.flink.runtime.io.network.partition.consumer.LocalInputChannelTest
Tests run: 1, Failures: 0, Errors: 0, Skipped: 0, Time elapsed: 3.24 sec - in org.apache.flink.runtime.io.network.netty.PartitionRequestQueueTest
Tests run: 4, Failures: 0, Errors: 0, Skipped: 0, Time elapsed: 8.677 sec - in org.apache.flink.runtime.io.disk.iomanager.AsynchronousBufferFileWriterTest
Running org.apache.flink.runtime.io.network.partition.consumer.UnionInputGateTest
Running org.apache.flink.runtime.io.network.partition.ProducerFailedExceptionTest
Tests run: 4, Failures: 0, Errors: 0, Skipped: 0, Time elapsed: 4.636 sec - in org.apache.flink.runtime.io.network.netty.PartitionRequestClientHandlerTest
Tests run: 2, Failures: 0, Errors: 0, Skipped: 0, Time elapsed: 0.106 sec - in org.apache.flink.runtime.io.network.partition.ProducerFailedExceptionTest
Tests run: 2, Failures: 0, Errors: 0, Skipped: 0, Time elapsed: 3.474 sec - in org.apache.flink.runtime.io.network.partition.SpilledSubpartitionViewSyncIOTest
Running org.apache.flink.runtime.io.network.partition.consumer.SingleInputGateTest
Tests run: 1, Failures: 0, Errors: 0, Skipped: 0, Time elapsed: 5.092 sec - in org.apache.flink.runtime.io.network.netty.NettyServerLowAndHighWatermarkTest
Running org.apache.flink.runtime.io.network.partition.SpilledSubpartitionViewAsyncIOTest
Running org.apache.flink.runtime.io.network.api.serialization.PagedViewsTest
Tests run: 6, Failures: 0, Errors: 0, Skipped: 0, Time elapsed: 5.405 sec - in org.apache.flink.runtime.io.network.netty.ClientTransportErrorHandlingTest
Tests run: 1, Failures: 0, Errors: 0, Skipped: 0, Time elapsed: 5.843 sec - in org.apache.flink.runtime.io.network.netty.NettyMessageSerializationTest
Tests run: 3, Failures: 0, Errors: 0, Skipped: 0, Time elapsed: 22.094 sec - in org.apache.flink.runtime.client.JobClientActorTest
Running org.apache.flink.runtime.io.network.api.serialization.SpanningRecordSerializationTest
Running org.apache.flink.runtime.io.network.api.reader.AbstractReaderTest
12 > 19:03:17,855 INFO  org.apache.flink.runtime.blob.BlobServer                      - Created BLOB server storage directory /tmp/blobStore-a4838e78-d495-4ac5-afba-324e172f61b8
12 > 19:03:17,888 INFO  org.apache.flink.runtime.blob.BlobServer                      - Started BLOB server at 0.0.0.0:59836 - max concurrent requests: 50 - max backlog: 1000
19 > 19:03:17,923 INFO  org.apache.flink.runtime.blob.BlobCache                       - Created BLOB cache storage directory /tmp/blobStore-47dd4e8c-b76f-4ed1-9aeb-bfd0896ec2e8
19 > 19:03:18,121 INFO  org.apache.flink.runtime.blob.BlobCache                       - Created BLOB cache storage directory /tmp/blobStore-3d97abf5-de3d-493a-b2b9-a2a412d9c379
Running org.apache.flink.runtime.io.network.api.serialization.SpanningRecordSerializerTest
Tests run: 1, Failures: 0, Errors: 0, Skipped: 0, Time elapsed: 4.016 sec - in org.apache.flink.runtime.io.network.partition.consumer.UnionInputGateTest
Tests run: 7, Failures: 0, Errors: 0, Skipped: 0, Time elapsed: 30.853 sec - in org.apache.flink.runtime.taskmanager.TaskManagerTest
Tests run: 1, Failures: 0, Errors: 0, Skipped: 0, Time elapsed: 8.16 sec - in org.apache.flink.runtime.io.network.netty.ServerTransportErrorHandlingTest
Running org.apache.flink.runtime.io.network.api.serialization.EventSerializerTest
Running org.apache.flink.runtime.io.network.DataExchangeModeTest
Tests run: 3, Failures: 0, Errors: 0, Skipped: 0, Time elapsed: 0.019 sec - in org.apache.flink.runtime.io.network.DataExchangeModeTest
12 > 19:03:19,232 INFO  org.apache.flink.runtime.blob.BlobCache                       - Created BLOB cache storage directory /tmp/blobStore-6aaada65-b296-4cff-b0ca-786409f33f07
Tests run: 1, Failures: 0, Errors: 0, Skipped: 0, Time elapsed: 4.222 sec - in org.apache.flink.runtime.io.network.partition.SpilledSubpartitionViewAsyncIOTest
Tests run: 12, Failures: 0, Errors: 0, Skipped: 0, Time elapsed: 8.117 sec - in org.apache.flink.runtime.io.network.partition.PipelinedSubpartitionTest
Tests run: 1, Failures: 0, Errors: 0, Skipped: 0, Time elapsed: 27.657 sec - in org.apache.flink.runtime.taskmanager.TaskManagerProcessReapingTest
21 > 19:03:20,013 INFO  org.apache.flink.runtime.blob.BlobServer                      - Stopped BLOB server at 0.0.0.0:35092
Tests run: 1, Failures: 0, Errors: 0, Skipped: 0, Time elapsed: 1.609 sec - in org.apache.flink.runtime.io.network.api.serialization.EventSerializerTest
Running org.apache.flink.runtime.io.network.buffer.BufferPoolFactoryTest
Tests run: 7, Failures: 0, Errors: 0, Skipped: 0, Time elapsed: 0.49 sec - in org.apache.flink.runtime.io.network.buffer.BufferPoolFactoryTest
Tests run: 4, Failures: 0, Errors: 0, Skipped: 0, Time elapsed: 3.401 sec - in org.apache.flink.runtime.io.network.api.reader.AbstractReaderTest
Running org.apache.flink.runtime.io.network.buffer.LocalBufferPoolTest
Tests run: 4, Failures: 0, Errors: 0, Skipped: 0, Time elapsed: 13.529 sec - in org.apache.flink.runtime.io.disk.iomanager.AsynchronousFileIOChannelTest
Running org.apache.flink.runtime.io.network.NetworkEnvironmentTest
Tests run: 6, Failures: 0, Errors: 0, Skipped: 0, Time elapsed: 3.48 sec - in org.apache.flink.runtime.io.network.api.serialization.SpanningRecordSerializerTest
12 > 19:03:21,715 INFO  org.apache.flink.runtime.blob.BlobServer                      - Stopped BLOB server at 0.0.0.0:59836
Tests run: 1, Failures: 0, Errors: 0, Skipped: 0, Time elapsed: 9.793 sec - in org.apache.flink.runtime.io.network.partition.PartialConsumePipelinedResultTest
Running org.apache.flink.runtime.io.network.api.writer.RecordWriterTest
Tests run: 2, Failures: 0, Errors: 0, Skipped: 0, Time elapsed: 6.695 sec - in org.apache.flink.runtime.io.network.partition.consumer.SingleInputGateTest
Running org.apache.flink.runtime.io.network.buffer.BufferTest
Running org.apache.flink.runtime.io.network.serialization.LargeRecordsTest
Running org.apache.flink.runtime.io.network.buffer.NetworkBufferPoolTest
Tests run: 4, Failures: 0, Errors: 0, Skipped: 0, Time elapsed: 6.802 sec - in org.apache.flink.runtime.io.network.api.serialization.SpanningRecordSerializationTest
Tests run: 2, Failures: 0, Errors: 0, Skipped: 0, Time elapsed: 2.429 sec - in org.apache.flink.runtime.io.network.buffer.BufferTest
Running org.apache.flink.runtime.io.network.api.reader.BufferReaderTest
Tests run: 10, Failures: 0, Errors: 0, Skipped: 0, Time elapsed: 4.038 sec - in org.apache.flink.runtime.io.network.buffer.LocalBufferPoolTest
Tests run: 2, Failures: 0, Errors: 0, Skipped: 0, Time elapsed: 1.801 sec - in org.apache.flink.runtime.io.network.buffer.NetworkBufferPoolTest
Tests run: 10, Failures: 0, Errors: 0, Skipped: 0, Time elapsed: 9.648 sec - in org.apache.flink.runtime.io.network.api.serialization.PagedViewsTest
Tests run: 1, Failures: 0, Errors: 0, Skipped: 0, Time elapsed: 5.401 sec - in org.apache.flink.runtime.io.network.NetworkEnvironmentTest
Tests run: 3, Failures: 0, Errors: 0, Skipped: 0, Time elapsed: 13.469 sec - in org.apache.flink.runtime.io.network.partition.consumer.LocalInputChannelTest
Tests run: 2, Failures: 0, Errors: 0, Skipped: 0, Time elapsed: 18.864 sec - in org.apache.flink.runtime.io.network.netty.CancelPartitionRequestTest
Tests run: 3, Failures: 0, Errors: 0, Skipped: 0, Time elapsed: 6.599 sec - in org.apache.flink.runtime.io.network.api.writer.RecordWriterTest
Tests run: 2, Failures: 0, Errors: 0, Skipped: 0, Time elapsed: 5.244 sec - in org.apache.flink.runtime.io.network.api.reader.BufferReaderTest
Tests run: 7, Failures: 0, Errors: 0, Skipped: 0, Time elapsed: 67.211 sec - in org.apache.flink.runtime.operators.DataSinkTaskTest
Tests run: 6, Failures: 0, Errors: 0, Skipped: 0, Time elapsed: 75.905 sec - in org.apache.flink.runtime.leaderelection.ZooKeeperLeaderElectionTest
Tests run: 8, Failures: 0, Errors: 0, Skipped: 0, Time elapsed: 33.766 sec - in org.apache.flink.runtime.io.network.partition.consumer.RemoteInputChannelTest
Tests run: 2, Failures: 0, Errors: 0, Skipped: 0, Time elapsed: 29.976 sec - in org.apache.flink.runtime.io.network.serialization.LargeRecordsTest
Tests run: 8, Failures: 0, Errors: 0, Skipped: 0, Time elapsed: 97.679 sec - in org.apache.flink.runtime.operators.sort.NormalizedKeySorterTest
Tests run: 6, Failures: 0, Errors: 0, Skipped: 0, Time elapsed: 67.49 sec - in org.apache.flink.runtime.io.disk.ChannelViewsTest

Results :

Tests in error: 
  HashTableTest.testSpillingWhenBuildingTableWithoutOverflow:234 » Runtime Bug i...

Tests run: 892, Failures: 0, Errors: 1, Skipped: 1

[INFO] ------------------------------------------------------------------------
[INFO] BUILD FAILURE
[INFO] ------------------------------------------------------------------------
[INFO] Total time: 02:18 min
[INFO] Finished at: 2016-07-14T19:04:13-07:00
[INFO] Final Memory: 49M/3502M
[INFO] ------------------------------------------------------------------------
[ERROR] Failed to execute goal org.apache.maven.plugins:maven-surefire-plugin:2.18.1:test (default-test) on project flink-runtime: There are test failures.
[ERROR] 
[ERROR] Please refer to /space/parallel/flink/flink9/dataset/flink/FLINK-2964_76bebd4236cd9cff19e6442e9ab3d6113665924a/flink-runtime/target/surefire-reports for the individual test results.
[ERROR] -> [Help 1]
[ERROR] 
[ERROR] To see the full stack trace of the errors, re-run Maven with the -e switch.
[ERROR] Re-run Maven using the -X switch to enable full debug logging.
[ERROR] 
[ERROR] For more information about the errors and possible solutions, please read the following articles:
[ERROR] [Help 1] http://cwiki.apache.org/confluence/display/MAVEN/MojoFailureException
