[INFO] Scanning for projects...
[INFO]                                                                         
[INFO] ------------------------------------------------------------------------
[INFO] Building flink-java 0.9-SNAPSHOT
[INFO] ------------------------------------------------------------------------
[INFO] 
[INFO] --- maven-checkstyle-plugin:2.12.1:check (validate) @ flink-java ---
[INFO] 
[INFO] 
[INFO] --- maven-enforcer-plugin:1.3.1:enforce (enforce-maven) @ flink-java ---
[INFO] 
[INFO] --- maven-remote-resources-plugin:1.5:process (default) @ flink-java ---
[INFO] 
[INFO] --- maven-resources-plugin:2.6:resources (default-resources) @ flink-java ---
[INFO] Using 'UTF-8' encoding to copy filtered resources.
[INFO] skip non existing resourceDirectory /space/parallel/flink/flink9/dataset/flink/FLINK-1382_9cd96df752ed03b8e649d82d6df71ab1f400ee70/flink-java/src/main/resources
[INFO] Copying 3 resources
[INFO] 
[INFO] --- maven-compiler-plugin:3.1:compile (default-compile) @ flink-java ---
[INFO] Changes detected - recompiling the module!
[INFO] Compiling 224 source files to /space/parallel/flink/flink9/dataset/flink/FLINK-1382_9cd96df752ed03b8e649d82d6df71ab1f400ee70/flink-java/target/classes
[WARNING] /space/parallel/flink/flink9/dataset/flink/FLINK-1382_9cd96df752ed03b8e649d82d6df71ab1f400ee70/flink-java/src/main/java/org/apache/flink/api/java/record/operators/ReduceOperator.java: Some input files use or override a deprecated API.
[WARNING] /space/parallel/flink/flink9/dataset/flink/FLINK-1382_9cd96df752ed03b8e649d82d6df71ab1f400ee70/flink-java/src/main/java/org/apache/flink/api/java/record/operators/ReduceOperator.java: Recompile with -Xlint:deprecation for details.
[WARNING] /space/parallel/flink/flink9/dataset/flink/FLINK-1382_9cd96df752ed03b8e649d82d6df71ab1f400ee70/flink-java/src/main/java/org/apache/flink/api/java/typeutils/TupleTypeInfo.java: /space/parallel/flink/flink9/dataset/flink/FLINK-1382_9cd96df752ed03b8e649d82d6df71ab1f400ee70/flink-java/src/main/java/org/apache/flink/api/java/typeutils/TupleTypeInfo.java uses unchecked or unsafe operations.
[WARNING] /space/parallel/flink/flink9/dataset/flink/FLINK-1382_9cd96df752ed03b8e649d82d6df71ab1f400ee70/flink-java/src/main/java/org/apache/flink/api/java/typeutils/TupleTypeInfo.java: Recompile with -Xlint:unchecked for details.
[INFO] 
[INFO] --- maven-resources-plugin:2.6:testResources (default-testResources) @ flink-java ---
[INFO] Using 'UTF-8' encoding to copy filtered resources.
[INFO] skip non existing resourceDirectory /space/parallel/flink/flink9/dataset/flink/FLINK-1382_9cd96df752ed03b8e649d82d6df71ab1f400ee70/flink-java/src/test/resources
[INFO] Copying 3 resources
[INFO] 
[INFO] --- maven-compiler-plugin:3.1:testCompile (default-testCompile) @ flink-java ---
[INFO] Nothing to compile - all classes are up to date
[INFO] 
[INFO] --- maven-surefire-plugin:2.17:test (default-test) @ flink-java ---
[INFO] Surefire report directory: /space/parallel/flink/flink9/dataset/flink/FLINK-1382_9cd96df752ed03b8e649d82d6df71ab1f400ee70/flink-java/target/surefire-reports

-------------------------------------------------------
 T E S T S
-------------------------------------------------------

-------------------------------------------------------
 T E S T S
-------------------------------------------------------
Running org.apache.flink.api.java.operators.NamesTest
Running org.apache.flink.api.java.operators.translation.AggregateTranslationTest
Running org.apache.flink.api.java.operators.translation.CoGroupSortTranslationTest
Running org.apache.flink.api.java.operators.translation.DistinctTranslationTest
Running org.apache.flink.api.java.operators.KeysTest
Running org.apache.flink.api.java.operators.translation.DeltaIterationTranslationTest
Running org.apache.flink.api.java.type.extractor.PojoTypeExtractionTest
Running org.apache.flink.api.java.type.extractor.PojoTypeInformationTest
Running org.apache.flink.api.java.type.extractor.TypeExtractorInputFormatsTest
Running org.apache.flink.api.java.type.extractor.TypeExtractorTest
Running org.apache.flink.api.java.functions.SemanticPropUtilTest
Running org.apache.flink.api.java.functions.SemanticPropertiesTranslationTest
Running org.apache.flink.api.java.functions.SemanticPropertiesProjectionTest
Running org.apache.flink.api.java.functions.ClosureCleanerTest
Running org.apache.flink.api.java.functions.SelectByFunctionsTest
Running org.apache.flink.api.java.operator.GroupingTest
Running org.apache.flink.api.java.operator.MinByOperatorTest
Running org.apache.flink.api.java.operator.FirstNOperatorTest
Running org.apache.flink.api.java.operator.CrossOperatorTest
Running org.apache.flink.api.java.operator.JoinOperatorTest
Tests run: 4, Failures: 0, Errors: 0, Skipped: 0, Time elapsed: 0.959 sec - in org.apache.flink.api.java.type.extractor.TypeExtractorInputFormatsTest
Running org.apache.flink.api.java.operator.ProjectionOperatorTest
Running org.apache.flink.api.java.operator.MaxByOperatorTest
Running org.apache.flink.api.java.operator.CoGroupOperatorTest
Running org.apache.flink.api.java.operator.AggregateOperatorTest
Running org.apache.flink.api.java.operator.DistinctOperatorTest
Tests run: 10, Failures: 0, Errors: 0, Skipped: 0, Time elapsed: 0.301 sec - in org.apache.flink.api.java.operator.MaxByOperatorTest
Tests run: 10, Failures: 0, Errors: 0, Skipped: 0, Time elapsed: 1.263 sec - in org.apache.flink.api.java.operator.MinByOperatorTest
Tests run: 9, Failures: 0, Errors: 0, Skipped: 0, Time elapsed: 0.886 sec - in org.apache.flink.api.java.functions.SelectByFunctionsTest
Tests run: 23, Failures: 0, Errors: 0, Skipped: 0, Time elapsed: 1.033 sec - in org.apache.flink.api.java.operator.CrossOperatorTest
Tests run: 4, Failures: 0, Errors: 0, Skipped: 0, Time elapsed: 1.697 sec - in org.apache.flink.api.java.type.extractor.PojoTypeInformationTest
Tests run: 3, Failures: 0, Errors: 0, Skipped: 0, Time elapsed: 1.346 sec - in org.apache.flink.api.java.operator.FirstNOperatorTest
Running org.apache.flink.api.java.record.ReduceWrappingFunctionTest
Tests run: 5, Failures: 0, Errors: 0, Skipped: 0, Time elapsed: 1.797 sec - in org.apache.flink.api.java.functions.ClosureCleanerTest
Tests run: 2, Failures: 0, Errors: 0, Skipped: 0, Time elapsed: 1.763 sec - in org.apache.flink.api.java.operators.translation.CoGroupSortTranslationTest
Tests run: 11, Failures: 0, Errors: 0, Skipped: 0, Time elapsed: 2.226 sec - in org.apache.flink.api.java.type.extractor.PojoTypeExtractionTest
Tests run: 17, Failures: 0, Errors: 0, Skipped: 0, Time elapsed: 1.049 sec - in org.apache.flink.api.java.functions.SemanticPropUtilTest
Running org.apache.flink.api.java.record.io.TextInputFormatTest
Running org.apache.flink.api.java.record.CoGroupWrappingFunctionTest
Running org.apache.flink.api.java.record.io.ExternalProcessFixedLengthInputFormatTest
Running org.apache.flink.api.java.record.io.FixedLenghtInputFormatTest
Tests run: 6, Failures: 0, Errors: 0, Skipped: 0, Time elapsed: 2.238 sec - in org.apache.flink.api.java.operators.translation.DistinctTranslationTest
Running org.apache.flink.api.java.record.io.CsvInputFormatTest
Tests run: 3, Failures: 0, Errors: 0, Skipped: 0, Time elapsed: 2.062 sec - in org.apache.flink.api.java.functions.SemanticPropertiesTranslationTest
Tests run: 2, Failures: 0, Errors: 0, Skipped: 0, Time elapsed: 0.906 sec - in org.apache.flink.api.java.operator.AggregateOperatorTest
Running org.apache.flink.api.java.MultipleInvokationsTest
Tests run: 6, Failures: 0, Errors: 0, Skipped: 0, Time elapsed: 1.924 sec - in org.apache.flink.api.java.functions.SemanticPropertiesProjectionTest
Running org.apache.flink.api.java.typeutils.PojoTypeInfoTest
Running org.apache.flink.api.java.record.io.ExternalProcessInputFormatTest
Tests run: 3, Failures: 0, Errors: 0, Skipped: 0, Time elapsed: 0.989 sec - in org.apache.flink.api.java.operator.ProjectionOperatorTest
Running org.apache.flink.api.java.typeutils.TypeInfoParserTest
Running org.apache.flink.api.java.typeutils.runtime.AvroSerializerEmptyArrayTest
Running org.apache.flink.api.java.typeutils.runtime.TupleComparatorILDXC2Test
Running org.apache.flink.api.java.typeutils.runtime.AvroGenericTypeSerializerTest
Running org.apache.flink.api.java.typeutils.runtime.WritableSerializerTest
Tests run: 55, Failures: 0, Errors: 0, Skipped: 0, Time elapsed: 2.221 sec - in org.apache.flink.api.java.type.extractor.TypeExtractorTest
Running org.apache.flink.api.java.typeutils.runtime.TupleComparatorISD1Test
Running org.apache.flink.api.java.record.io.CsvOutputFormatTest
Tests run: 1, Failures: 0, Errors: 0, Skipped: 0, Time elapsed: 2.364 sec - in org.apache.flink.api.java.operators.translation.AggregateTranslationTest
Running org.apache.flink.api.java.typeutils.runtime.GenericPairComparatorTest
Tests run: 10, Failures: 0, Errors: 0, Skipped: 0, Time elapsed: 0.12 sec - in org.apache.flink.api.java.typeutils.runtime.TupleComparatorISD1Test
Running org.apache.flink.api.java.typeutils.runtime.TupleComparatorTTT2Test
Tests run: 2, Failures: 0, Errors: 0, Skipped: 0, Time elapsed: 0.068 sec - in org.apache.flink.api.java.typeutils.runtime.GenericPairComparatorTest
Running org.apache.flink.api.java.typeutils.runtime.TupleComparatorILD3Test
Tests run: 1, Failures: 0, Errors: 0, Skipped: 0, Time elapsed: 0.234 sec - in org.apache.flink.api.java.MultipleInvokationsTest
Running org.apache.flink.api.java.typeutils.runtime.KryoGenericArraySerializerTest
Tests run: 4, Failures: 0, Errors: 0, Skipped: 0, Time elapsed: 0.298 sec - in org.apache.flink.api.java.record.ReduceWrappingFunctionTest
Running org.apache.flink.api.java.typeutils.runtime.AvroGenericTypeComparatorTest
Tests run: 12, Failures: 0, Errors: 1, Skipped: 0, Time elapsed: 0.266 sec <<< FAILURE! - in org.apache.flink.api.java.typeutils.TypeInfoParserTest
testBasicTypes(org.apache.flink.api.java.typeutils.TypeInfoParserTest)  Time elapsed: 0.036 sec  <<< ERROR!
java.lang.IllegalArgumentException: String could not be parsed: Class 'Void' could not be found. Please note that inner classes must be declared static.
	at org.apache.flink.api.java.typeutils.TypeInfoParser.loadClass(TypeInfoParser.java:330)
	at org.apache.flink.api.java.typeutils.TypeInfoParser.parse(TypeInfoParser.java:310)
	at org.apache.flink.api.java.typeutils.TypeInfoParser.parse(TypeInfoParser.java:93)
	at org.apache.flink.api.java.typeutils.TypeInfoParserTest.testBasicTypes(TypeInfoParserTest.java:65)

Running org.apache.flink.api.java.typeutils.runtime.TupleSerializerTest
Tests run: 10, Failures: 0, Errors: 0, Skipped: 0, Time elapsed: 0.274 sec - in org.apache.flink.api.java.typeutils.runtime.TupleComparatorILDXC2Test
Running org.apache.flink.api.java.typeutils.runtime.ValueComparatorTest
Tests run: 2, Failures: 0, Errors: 0, Skipped: 0, Time elapsed: 0.331 sec - in org.apache.flink.api.java.record.io.TextInputFormatTest
Running org.apache.flink.api.java.typeutils.runtime.TupleComparatorISD2Test
Tests run: 3, Failures: 0, Errors: 0, Skipped: 0, Time elapsed: 2.706 sec - in org.apache.flink.api.java.operators.NamesTest
Running org.apache.flink.api.java.typeutils.runtime.TupleComparatorILDC3Test
Tests run: 10, Failures: 0, Errors: 0, Skipped: 0, Time elapsed: 0.191 sec - in org.apache.flink.api.java.typeutils.runtime.TupleComparatorTTT2Test
Running org.apache.flink.api.java.typeutils.runtime.TupleComparatorISD3Test
Tests run: 7, Failures: 0, Errors: 0, Skipped: 0, Time elapsed: 0.358 sec - in org.apache.flink.api.java.record.io.CsvOutputFormatTest
Tests run: 7, Failures: 0, Errors: 0, Skipped: 0, Time elapsed: 1.039 sec - in org.apache.flink.api.java.operator.DistinctOperatorTest
Running org.apache.flink.api.java.typeutils.runtime.TupleComparatorTTT3Test
Running org.apache.flink.api.java.typeutils.runtime.WritableComparatorTest
Tests run: 19, Failures: 0, Errors: 0, Skipped: 0, Time elapsed: 2.329 sec - in org.apache.flink.api.java.operator.GroupingTest
Running org.apache.flink.api.java.typeutils.runtime.KryoGenericTypeSerializerTest
Tests run: 1, Failures: 0, Errors: 0, Skipped: 0, Time elapsed: 0.472 sec - in org.apache.flink.api.java.typeutils.PojoTypeInfoTest
Tests run: 10, Failures: 0, Errors: 0, Skipped: 0, Time elapsed: 0.108 sec - in org.apache.flink.api.java.typeutils.runtime.TupleComparatorISD3Test
Running org.apache.flink.api.java.typeutils.runtime.PojoComparatorTest
Running org.apache.flink.api.java.typeutils.runtime.CopyableValueComparatorTest
Tests run: 10, Failures: 0, Errors: 0, Skipped: 0, Time elapsed: 0.302 sec - in org.apache.flink.api.java.typeutils.runtime.TupleComparatorILD3Test
Running org.apache.flink.api.java.typeutils.runtime.TupleComparatorILD2Test
Tests run: 10, Failures: 0, Errors: 0, Skipped: 0, Time elapsed: 0.214 sec - in org.apache.flink.api.java.typeutils.runtime.TupleComparatorISD2Test
Running org.apache.flink.api.java.typeutils.runtime.TupleComparatorTTT1Test
Tests run: 3, Failures: 0, Errors: 0, Skipped: 0, Time elapsed: 0.571 sec - in org.apache.flink.api.java.record.CoGroupWrappingFunctionTest
Tests run: 3, Failures: 0, Errors: 0, Skipped: 0, Time elapsed: 2.816 sec - in org.apache.flink.api.java.operators.translation.DeltaIterationTranslationTest
Running org.apache.flink.api.java.typeutils.runtime.TupleComparatorILDX1Test
Running org.apache.flink.api.java.typeutils.runtime.AvroGenericArraySerializerTest
Tests run: 10, Failures: 0, Errors: 0, Skipped: 0, Time elapsed: 0.269 sec - in org.apache.flink.api.java.typeutils.runtime.TupleComparatorILDC3Test
Running org.apache.flink.api.java.typeutils.runtime.PojoGenericTypeSerializerTest
Tests run: 10, Failures: 0, Errors: 0, Skipped: 0, Time elapsed: 0.177 sec - in org.apache.flink.api.java.typeutils.runtime.CopyableValueComparatorTest
Tests run: 5, Failures: 0, Errors: 0, Skipped: 0, Time elapsed: 0.69 sec - in org.apache.flink.api.java.record.io.ExternalProcessFixedLengthInputFormatTest
Tests run: 10, Failures: 0, Errors: 0, Skipped: 0, Time elapsed: 0.186 sec - in org.apache.flink.api.java.typeutils.runtime.TupleComparatorILD2Test
Running org.apache.flink.api.java.tuple.Tuple2Test
Running org.apache.flink.api.java.typeutils.runtime.KryoGenericTypeComparatorTest
Running org.apache.flink.api.java.typeutils.runtime.PojoSerializerTest
Tests run: 2, Failures: 0, Errors: 0, Skipped: 0, Time elapsed: 0.022 sec - in org.apache.flink.api.java.tuple.Tuple2Test
Running org.apache.flink.api.java.io.CSVReaderTest
Tests run: 8, Failures: 0, Errors: 0, Skipped: 0, Time elapsed: 0.735 sec - in org.apache.flink.api.java.record.io.CsvInputFormatTest
Running org.apache.flink.api.java.io.TypeSerializerFormatTest
Tests run: 10, Failures: 0, Errors: 0, Skipped: 0, Time elapsed: 0.342 sec - in org.apache.flink.api.java.typeutils.runtime.TupleComparatorTTT3Test
Running org.apache.flink.api.java.io.TextInputFormatTest
Tests run: 10, Failures: 0, Errors: 0, Skipped: 0, Time elapsed: 0.24 sec - in org.apache.flink.api.java.typeutils.runtime.TupleComparatorILDX1Test
Running org.apache.flink.api.java.io.CollectionInputFormatTest
Tests run: 10, Failures: 0, Errors: 0, Skipped: 0, Time elapsed: 0.291 sec - in org.apache.flink.api.java.typeutils.runtime.TupleComparatorTTT1Test
Running org.apache.flink.api.java.io.PrimitiveInputFormatTest
Tests run: 3, Failures: 0, Errors: 0, Skipped: 0, Time elapsed: 0.942 sec - in org.apache.flink.api.java.record.io.FixedLenghtInputFormatTest
Running org.apache.flink.api.java.io.CsvInputFormatTest
Tests run: 10, Failures: 0, Errors: 0, Skipped: 0, Time elapsed: 0.466 sec - in org.apache.flink.api.java.typeutils.runtime.PojoComparatorTest
Running org.apache.flink.api.common.operators.CollectionExecutionWithBroadcastVariableTest
Tests run: 2, Failures: 0, Errors: 0, Skipped: 0, Time elapsed: 0.202 sec - in org.apache.flink.api.java.io.TextInputFormatTest
Running org.apache.flink.api.common.operators.CollectionExecutionAccumulatorsTest
Tests run: 5, Failures: 0, Errors: 0, Skipped: 0, Time elapsed: 0.175 sec - in org.apache.flink.api.java.io.PrimitiveInputFormatTest
Running org.apache.flink.api.common.operators.base.JoinOperatorBaseTest
Tests run: 19, Failures: 0, Errors: 0, Skipped: 0, Time elapsed: 2.093 sec - in org.apache.flink.api.java.operator.CoGroupOperatorTest
Tests run: 1, Failures: 0, Errors: 0, Skipped: 0, Time elapsed: 0.053 sec - in org.apache.flink.api.common.operators.CollectionExecutionAccumulatorsTest
Running org.apache.flink.api.common.operators.base.GroupReduceOperatorTest
Running org.apache.flink.api.common.operators.base.CoGroupOperatorCollectionTest
Tests run: 1, Failures: 0, Errors: 0, Skipped: 0, Time elapsed: 0.036 sec - in org.apache.flink.api.common.operators.base.JoinOperatorBaseTest
Tests run: 4, Failures: 0, Errors: 0, Skipped: 0, Time elapsed: 1.072 sec - in org.apache.flink.api.java.record.io.ExternalProcessInputFormatTest
Running org.apache.flink.api.common.operators.CollectionExecutionIterationTest
Tests run: 12, Failures: 0, Errors: 0, Skipped: 0, Time elapsed: 0.377 sec - in org.apache.flink.api.java.io.CSVReaderTest
Tests run: 2, Failures: 0, Errors: 0, Skipped: 0, Time elapsed: 0.063 sec - in org.apache.flink.api.common.operators.base.GroupReduceOperatorTest
Running org.apache.flink.api.common.operators.base.ReduceOperatorTest
Tests run: 13, Failures: 0, Errors: 0, Skipped: 0, Time elapsed: 0.444 sec - in org.apache.flink.api.java.typeutils.runtime.PojoSerializerTest
Tests run: 52, Failures: 0, Errors: 0, Skipped: 0, Time elapsed: 2.48 sec - in org.apache.flink.api.java.operator.JoinOperatorTest
Tests run: 10, Failures: 0, Errors: 0, Skipped: 0, Time elapsed: 0.751 sec - in org.apache.flink.api.java.typeutils.runtime.WritableComparatorTest
Tests run: 10, Failures: 0, Errors: 0, Skipped: 0, Time elapsed: 0.907 sec - in org.apache.flink.api.java.typeutils.runtime.ValueComparatorTest
Tests run: 2, Failures: 0, Errors: 0, Skipped: 0, Time elapsed: 0.105 sec - in org.apache.flink.api.common.operators.base.ReduceOperatorTest
Tests run: 1, Failures: 0, Errors: 0, Skipped: 0, Time elapsed: 0.241 sec - in org.apache.flink.api.common.operators.base.CoGroupOperatorCollectionTest
Tests run: 6, Failures: 0, Errors: 0, Skipped: 0, Time elapsed: 3.564 sec - in org.apache.flink.api.java.operators.KeysTest
Tests run: 1, Failures: 0, Errors: 0, Skipped: 0, Time elapsed: 1.305 sec - in org.apache.flink.api.java.typeutils.runtime.WritableSerializerTest
Tests run: 2, Failures: 0, Errors: 0, Skipped: 0, Time elapsed: 0.523 sec - in org.apache.flink.api.common.operators.CollectionExecutionWithBroadcastVariableTest
Tests run: 14, Failures: 0, Errors: 0, Skipped: 0, Time elapsed: 0.553 sec - in org.apache.flink.api.java.io.CsvInputFormatTest
Tests run: 3, Failures: 0, Errors: 0, Skipped: 0, Time elapsed: 0.654 sec - in org.apache.flink.api.common.operators.CollectionExecutionIterationTest
Tests run: 2, Failures: 0, Errors: 0, Skipped: 0, Time elapsed: 2.144 sec - in org.apache.flink.api.java.typeutils.runtime.AvroSerializerEmptyArrayTest
Tests run: 4, Failures: 0, Errors: 0, Skipped: 0, Time elapsed: 2.077 sec - in org.apache.flink.api.java.typeutils.runtime.AvroGenericTypeComparatorTest
Tests run: 6, Failures: 0, Errors: 0, Skipped: 0, Time elapsed: 2.368 sec - in org.apache.flink.api.java.typeutils.runtime.AvroGenericTypeSerializerTest
Tests run: 5, Failures: 0, Errors: 0, Skipped: 0, Time elapsed: 1.901 sec - in org.apache.flink.api.java.typeutils.runtime.AvroGenericArraySerializerTest
Tests run: 4, Failures: 0, Errors: 0, Skipped: 0, Time elapsed: 1.895 sec - in org.apache.flink.api.java.io.CollectionInputFormatTest
Tests run: 10, Failures: 0, Errors: 0, Skipped: 0, Time elapsed: 2.411 sec - in org.apache.flink.api.java.typeutils.runtime.KryoGenericTypeSerializerTest
Tests run: 6, Failures: 0, Errors: 0, Skipped: 0, Time elapsed: 2.329 sec - in org.apache.flink.api.java.typeutils.runtime.PojoGenericTypeSerializerTest
Tests run: 6, Failures: 0, Errors: 0, Skipped: 0, Time elapsed: 2.91 sec - in org.apache.flink.api.java.typeutils.runtime.TupleSerializerTest
Tests run: 5, Failures: 0, Errors: 0, Skipped: 0, Time elapsed: 3.054 sec - in org.apache.flink.api.java.typeutils.runtime.KryoGenericArraySerializerTest
Tests run: 4, Failures: 0, Errors: 0, Skipped: 0, Time elapsed: 4.008 sec - in org.apache.flink.api.java.typeutils.runtime.KryoGenericTypeComparatorTest
Tests run: 40, Failures: 0, Errors: 0, Skipped: 0, Time elapsed: 6.313 sec - in org.apache.flink.api.java.io.TypeSerializerFormatTest

Results :

Tests in error: 
  TypeInfoParserTest.testBasicTypes:65 » IllegalArgument String could not be par...

Tests run: 638, Failures: 0, Errors: 1, Skipped: 0

[INFO] ------------------------------------------------------------------------
[INFO] BUILD FAILURE
[INFO] ------------------------------------------------------------------------
[INFO] Total time: 23.763 s
[INFO] Finished at: 2016-07-15T08:31:04-07:00
[INFO] Final Memory: 39M/2476M
[INFO] ------------------------------------------------------------------------
[ERROR] Failed to execute goal org.apache.maven.plugins:maven-surefire-plugin:2.17:test (default-test) on project flink-java: There are test failures.
[ERROR] 
[ERROR] Please refer to /space/parallel/flink/flink9/dataset/flink/FLINK-1382_9cd96df752ed03b8e649d82d6df71ab1f400ee70/flink-java/target/surefire-reports for the individual test results.
[ERROR] -> [Help 1]
[ERROR] 
[ERROR] To see the full stack trace of the errors, re-run Maven with the -e switch.
[ERROR] Re-run Maven using the -X switch to enable full debug logging.
[ERROR] 
[ERROR] For more information about the errors and possible solutions, please read the following articles:
[ERROR] [Help 1] http://cwiki.apache.org/confluence/display/MAVEN/MojoFailureException
