[INFO] Scanning for projects...
[INFO]                                                                         
[INFO] ------------------------------------------------------------------------
[INFO] Building flink-runtime 0.9-SNAPSHOT
[INFO] ------------------------------------------------------------------------
[INFO] 
[INFO] --- maven-checkstyle-plugin:2.12.1:check (validate) @ flink-runtime ---
[INFO] 
[INFO] 
[INFO] --- maven-enforcer-plugin:1.3.1:enforce (enforce-maven) @ flink-runtime ---
[INFO] 
[INFO] --- git-commit-id-plugin:2.1.5:revision (default) @ flink-runtime ---
[info] 
[info] 
[INFO] 
[INFO] --- build-helper-maven-plugin:1.7:add-source (add-source) @ flink-runtime ---
[INFO] Source directory: /space/parallel/flink/flink9/dataset/flink/FLINK-1761_380ef878c850f83b5e12176e465d59c737066e20/flink-runtime/src/main/scala added.
[INFO] 
[INFO] --- maven-remote-resources-plugin:1.5:process (default) @ flink-runtime ---
[INFO] 
[INFO] --- maven-resources-plugin:2.6:resources (default-resources) @ flink-runtime ---
[INFO] Using 'UTF-8' encoding to copy filtered resources.
[INFO] Copying 63 resources
[INFO] Copying 3 resources
[INFO] 
[INFO] --- scala-maven-plugin:3.1.4:compile (scala-compile-first) @ flink-runtime ---
[INFO] Nothing to compile - all classes are up to date
[INFO] 
[INFO] --- maven-compiler-plugin:3.1:compile (default-compile) @ flink-runtime ---
[INFO] Nothing to compile - all classes are up to date
[INFO] 
[INFO] --- build-helper-maven-plugin:1.7:add-test-source (add-test-source) @ flink-runtime ---
[INFO] Test Source directory: /space/parallel/flink/flink9/dataset/flink/FLINK-1761_380ef878c850f83b5e12176e465d59c737066e20/flink-runtime/src/test/scala added.
[INFO] 
[INFO] --- maven-resources-plugin:2.6:testResources (default-testResources) @ flink-runtime ---
[INFO] Using 'UTF-8' encoding to copy filtered resources.
[INFO] Copying 2 resources
[INFO] Copying 3 resources
[INFO] 
[INFO] --- scala-maven-plugin:3.1.4:testCompile (scala-test-compile) @ flink-runtime ---
[INFO] Nothing to compile - all classes are up to date
[INFO] 
[INFO] --- maven-compiler-plugin:3.1:testCompile (default-testCompile) @ flink-runtime ---
[INFO] Nothing to compile - all classes are up to date
[INFO] 
[INFO] --- maven-surefire-plugin:2.17:test (default-test) @ flink-runtime ---
[INFO] Surefire report directory: /space/parallel/flink/flink9/dataset/flink/FLINK-1761_380ef878c850f83b5e12176e465d59c737066e20/flink-runtime/target/surefire-reports

-------------------------------------------------------
 T E S T S
-------------------------------------------------------

-------------------------------------------------------
 T E S T S
-------------------------------------------------------
Running org.apache.flink.runtime.operators.CoGroupTaskTest
Running org.apache.flink.runtime.operators.MapTaskTest
Running org.apache.flink.runtime.operators.drivers.AllReduceDriverTest
Running org.apache.flink.runtime.operators.hash.MemoryHashTableTest
Running org.apache.flink.runtime.operators.drivers.ReduceDriverTest
Running org.apache.flink.runtime.operators.drivers.GroupReduceDriverTest
Running org.apache.flink.runtime.operators.drivers.AllGroupReduceDriverTest
Running org.apache.flink.runtime.operators.drivers.ReduceCombineDriverTest
Running org.apache.flink.runtime.operators.resettable.SpillingResettableIteratorTest
Running org.apache.flink.runtime.operators.chaining.ChainTaskTest
Running org.apache.flink.runtime.operators.resettable.SpillingResettableMutableObjectIteratorTest
Running org.apache.flink.runtime.operators.resettable.BlockResettableMutableObjectIteratorTest
Running org.apache.flink.runtime.operators.resettable.ReusingBlockResettableIteratorTest
Running org.apache.flink.runtime.operators.resettable.NonReusingBlockResettableIteratorTest
Running org.apache.flink.runtime.operators.DataSinkTaskTest
Running org.apache.flink.runtime.operators.CombineTaskTest
Running org.apache.flink.runtime.operators.CachedMatchTaskTest
Running org.apache.flink.runtime.operators.MatchTaskTest
Running org.apache.flink.runtime.operators.sort.FixedLengthRecordSorterTest
Running org.apache.flink.runtime.operators.sort.MergeIteratorTest
Running org.apache.flink.runtime.operators.sort.LargeRecordHandlerTest
Running org.apache.flink.runtime.operators.sort.NormalizedKeySorterTest
Running org.apache.flink.runtime.operators.util.RecordOutputEmitterTest
Running org.apache.flink.runtime.operators.util.OutputEmitterTest
Tests run: 3, Failures: 0, Errors: 0, Skipped: 0, Time elapsed: 0.966 sec - in org.apache.flink.runtime.operators.sort.MergeIteratorTest
Running org.apache.flink.runtime.operators.DataSourceTaskTest
Tests run: 3, Failures: 0, Errors: 0, Skipped: 0, Time elapsed: 2.109 sec - in org.apache.flink.runtime.operators.drivers.AllReduceDriverTest
Running org.apache.flink.runtime.operators.ReduceTaskTest
Tests run: 3, Failures: 0, Errors: 0, Skipped: 0, Time elapsed: 2.034 sec - in org.apache.flink.runtime.operators.drivers.ReduceCombineDriverTest
Running org.apache.flink.runtime.operators.CrossTaskTest
Tests run: 3, Failures: 0, Errors: 0, Skipped: 0, Time elapsed: 2.137 sec - in org.apache.flink.runtime.operators.drivers.AllGroupReduceDriverTest
Running org.apache.flink.runtime.fs.s3.S3FileSystemTest
Tests run: 3, Failures: 0, Errors: 0, Skipped: 0, Time elapsed: 2.252 sec - in org.apache.flink.runtime.operators.drivers.ReduceDriverTest
Tests run: 5, Failures: 0, Errors: 0, Skipped: 0, Time elapsed: 0.038 sec - in org.apache.flink.runtime.fs.s3.S3FileSystemTest
Running org.apache.flink.runtime.memory.MemorySegmentTest
Running org.apache.flink.runtime.memory.DefaultMemoryManagerTest
Tests run: 5, Failures: 0, Errors: 0, Skipped: 0, Time elapsed: 2.757 sec - in org.apache.flink.runtime.operators.drivers.GroupReduceDriverTest
Running org.apache.flink.runtime.iterative.event.EventWithAggregatorsTest
Tests run: 2, Failures: 0, Errors: 0, Skipped: 0, Time elapsed: 0.012 sec - in org.apache.flink.runtime.iterative.event.EventWithAggregatorsTest
Running org.apache.flink.runtime.iterative.concurrent.SuperstepBarrierTest
Tests run: 4, Failures: 0, Errors: 0, Skipped: 0, Time elapsed: 0.891 sec - in org.apache.flink.runtime.memory.DefaultMemoryManagerTest
Running org.apache.flink.runtime.iterative.concurrent.BlockingBackChannelTest
Tests run: 7, Failures: 0, Errors: 0, Skipped: 0, Time elapsed: 2.04 sec - in org.apache.flink.runtime.operators.util.OutputEmitterTest
Running org.apache.flink.runtime.iterative.concurrent.BrokerTest
Tests run: 3, Failures: 0, Errors: 0, Skipped: 0, Time elapsed: 3.837 sec - in org.apache.flink.runtime.operators.resettable.NonReusingBlockResettableIteratorTest
Running org.apache.flink.runtime.iterative.concurrent.SuperstepKickoffLatchTest
Tests run: 4, Failures: 0, Errors: 0, Skipped: 0, Time elapsed: 4.091 sec - in org.apache.flink.runtime.operators.resettable.SpillingResettableIteratorTest
Running org.apache.flink.runtime.net.NetUtilsTest
Tests run: 1, Failures: 0, Errors: 0, Skipped: 0, Time elapsed: 1.28 sec - in org.apache.flink.runtime.iterative.concurrent.BlockingBackChannelTest
Running org.apache.flink.runtime.blob.BlobCacheRetriesTest
Tests run: 6, Failures: 0, Errors: 0, Skipped: 0, Time elapsed: 4.483 sec - in org.apache.flink.runtime.operators.MapTaskTest
Running org.apache.flink.runtime.blob.BlobServerGetTest
Tests run: 2, Failures: 0, Errors: 0, Skipped: 0, Time elapsed: 1.69 sec - in org.apache.flink.runtime.iterative.concurrent.SuperstepBarrierTest
Running org.apache.flink.runtime.blob.BlobServerPutTest
Tests run: 5, Failures: 0, Errors: 0, Skipped: 0, Time elapsed: 0.494 sec - in org.apache.flink.runtime.iterative.concurrent.SuperstepKickoffLatchTest
Tests run: 2, Failures: 0, Errors: 0, Skipped: 0, Time elapsed: 0.176 sec - in org.apache.flink.runtime.blob.BlobCacheRetriesTest
Running org.apache.flink.runtime.blob.BlobUtilsTest
Running org.apache.flink.runtime.blob.BlobKeyTest
Tests run: 2, Failures: 0, Errors: 0, Skipped: 0, Time elapsed: 0.043 sec - in org.apache.flink.runtime.blob.BlobUtilsTest
Running org.apache.flink.runtime.blob.BlobClientTest
Tests run: 3, Failures: 0, Errors: 0, Skipped: 0, Time elapsed: 4.437 sec - in org.apache.flink.runtime.operators.resettable.ReusingBlockResettableIteratorTest
Running org.apache.flink.runtime.blob.BlobServerDeleteTest
Tests run: 4, Failures: 0, Errors: 0, Skipped: 0, Time elapsed: 0.208 sec - in org.apache.flink.runtime.blob.BlobKeyTest
Running org.apache.flink.runtime.blob.BlobCacheSuccessTest
Tests run: 3, Failures: 0, Errors: 0, Skipped: 0, Time elapsed: 4.734 sec - in org.apache.flink.runtime.operators.resettable.BlockResettableMutableObjectIteratorTest
Running org.apache.flink.runtime.filecache.FileCacheDeleteValidationTest
Tests run: 1, Failures: 0, Errors: 0, Skipped: 0, Time elapsed: 0.249 sec - in org.apache.flink.runtime.blob.BlobCacheSuccessTest
Running org.apache.flink.runtime.jobgraph.JobGraphTest
Tests run: 6, Failures: 0, Errors: 0, Skipped: 0, Time elapsed: 0.107 sec - in org.apache.flink.runtime.jobgraph.JobGraphTest
Running org.apache.flink.runtime.jobgraph.JobTaskVertexTest
Tests run: 4, Failures: 0, Errors: 0, Skipped: 0, Time elapsed: 0.115 sec - in org.apache.flink.runtime.jobgraph.JobTaskVertexTest
Running org.apache.flink.runtime.jobgraph.JobIdTest
Tests run: 1, Failures: 0, Errors: 0, Skipped: 0, Time elapsed: 0.002 sec - in org.apache.flink.runtime.jobgraph.JobIdTest
Running org.apache.flink.runtime.event.task.TaskEventTest
Tests run: 3, Failures: 0, Errors: 0, Skipped: 0, Time elapsed: 0.033 sec - in org.apache.flink.runtime.event.task.TaskEventTest
Running org.apache.flink.runtime.executiongraph.ExecutionStateProgressTest
Tests run: 2, Failures: 0, Errors: 0, Skipped: 0, Time elapsed: 1.264 sec - in org.apache.flink.runtime.blob.BlobServerGetTest
Running org.apache.flink.runtime.executiongraph.ExecutionVertexSchedulingTest
Tests run: 6, Failures: 0, Errors: 0, Skipped: 0, Time elapsed: 5.515 sec - in org.apache.flink.runtime.operators.CombineTaskTest
Running org.apache.flink.runtime.executiongraph.ExecutionGraphDeploymentTest
Tests run: 1, Failures: 0, Errors: 0, Skipped: 0, Time elapsed: 2.017 sec - in org.apache.flink.runtime.net.NetUtilsTest
Running org.apache.flink.runtime.executiongraph.VertexSlotSharingTest
Tests run: 9, Failures: 0, Errors: 0, Skipped: 0, Time elapsed: 4.185 sec - in org.apache.flink.runtime.memory.MemorySegmentTest
Running org.apache.flink.runtime.executiongraph.PointwisePatternTest
Tests run: 1, Failures: 0, Errors: 0, Skipped: 0, Time elapsed: 3.212 sec - in org.apache.flink.runtime.iterative.concurrent.BrokerTest
Running org.apache.flink.runtime.executiongraph.ExecutionVertexCancelTest
Tests run: 5, Failures: 0, Errors: 0, Skipped: 0, Time elapsed: 1.884 sec - in org.apache.flink.runtime.blob.BlobServerDeleteTest
Running org.apache.flink.runtime.executiongraph.AllVerticesIteratorTest
Tests run: 2, Failures: 0, Errors: 0, Skipped: 0, Time elapsed: 6.832 sec - in org.apache.flink.runtime.operators.resettable.SpillingResettableMutableObjectIteratorTest
Running org.apache.flink.runtime.executiongraph.ExecutionGraphConstructionTest
Tests run: 1, Failures: 0, Errors: 0, Skipped: 0, Time elapsed: 0.98 sec - in org.apache.flink.runtime.executiongraph.VertexSlotSharingTest
Running org.apache.flink.runtime.executiongraph.ExecutionVertexDeploymentTest
Tests run: 7, Failures: 0, Errors: 0, Skipped: 0, Time elapsed: 2.751 sec - in org.apache.flink.runtime.executiongraph.PointwisePatternTest
Running org.apache.flink.runtime.executiongraph.VertexLocationConstraintTest
Tests run: 18, Failures: 0, Errors: 0, Skipped: 0, Time elapsed: 9.381 sec - in org.apache.flink.runtime.operators.CoGroupTaskTest
Running org.apache.flink.runtime.executiongraph.LocalInputSplitsTest
Tests run: 7, Failures: 0, Errors: 0, Skipped: 0, Time elapsed: 2.298 sec - in org.apache.flink.runtime.executiongraph.ExecutionVertexDeploymentTest
Running org.apache.flink.runtime.profiling.impl.InstanceProfilerTest
Tests run: 1, Failures: 0, Errors: 0, Skipped: 0, Time elapsed: 4.181 sec - in org.apache.flink.runtime.executiongraph.ExecutionStateProgressTest
Running org.apache.flink.runtime.profiling.types.ProfilingTypesTest
Tests run: 3, Failures: 0, Errors: 0, Skipped: 0, Time elapsed: 0.019 sec - in org.apache.flink.runtime.profiling.types.ProfilingTypesTest
Running org.apache.flink.runtime.jobmanager.SlotCountExceedingParallelismTest
Tests run: 8, Failures: 0, Errors: 0, Skipped: 0, Time elapsed: 2.75 sec - in org.apache.flink.runtime.executiongraph.ExecutionGraphConstructionTest
Running org.apache.flink.runtime.jobmanager.JobManagerProcessReapingTest
Tests run: 1, Failures: 0, Errors: 0, Skipped: 0, Time elapsed: 3.918 sec - in org.apache.flink.runtime.executiongraph.AllVerticesIteratorTest
Running org.apache.flink.runtime.jobmanager.JobManagerStartupTest
Tests run: 12, Failures: 0, Errors: 0, Skipped: 0, Time elapsed: 8.661 sec - in org.apache.flink.runtime.operators.ReduceTaskTest
Running org.apache.flink.runtime.jobmanager.JobManagerConnectionTest
Tests run: 8, Failures: 0, Errors: 0, Skipped: 0, Time elapsed: 10.785 sec - in org.apache.flink.runtime.operators.util.RecordOutputEmitterTest
Running org.apache.flink.runtime.jobmanager.JobManagerTest
Tests run: 32, Failures: 0, Errors: 0, Skipped: 0, Time elapsed: 9.829 sec - in org.apache.flink.runtime.operators.CrossTaskTest
Running org.apache.flink.runtime.jobmanager.scheduler.SchedulerSlotSharingTest
Tests run: 5, Failures: 0, Errors: 0, Skipped: 0, Time elapsed: 8.539 sec - in org.apache.flink.runtime.blob.BlobServerPutTest
Running org.apache.flink.runtime.jobmanager.scheduler.SlotAllocationFutureTest
Tests run: 3, Failures: 0, Errors: 0, Skipped: 0, Time elapsed: 7.602 sec - in org.apache.flink.runtime.executiongraph.ExecutionVertexSchedulingTest
Running org.apache.flink.runtime.jobmanager.scheduler.ScheduleOrUpdateConsumersTest
Tests run: 3, Failures: 0, Errors: 0, Skipped: 0, Time elapsed: 0.294 sec - in org.apache.flink.runtime.jobmanager.scheduler.SlotAllocationFutureTest
Running org.apache.flink.runtime.jobmanager.scheduler.SetQueueTest
Tests run: 2, Failures: 0, Errors: 0, Skipped: 0, Time elapsed: 0.02 sec - in org.apache.flink.runtime.jobmanager.scheduler.SetQueueTest
Running org.apache.flink.runtime.jobmanager.scheduler.ScheduleWithCoLocationHintTest
Tests run: 4, Failures: 0, Errors: 0, Skipped: 0, Time elapsed: 8.902 sec - in org.apache.flink.runtime.blob.BlobClientTest
Running org.apache.flink.runtime.jobmanager.scheduler.SchedulerIsolatedTasksTest
Tests run: 22, Failures: 0, Errors: 0, Skipped: 0, Time elapsed: 13.133 sec - in org.apache.flink.runtime.operators.CachedMatchTaskTest
Running org.apache.flink.runtime.jobmanager.scheduler.LifoSetQueueTest
Tests run: 2, Failures: 0, Errors: 0, Skipped: 0, Time elapsed: 0.056 sec - in org.apache.flink.runtime.jobmanager.scheduler.LifoSetQueueTest
Running org.apache.flink.runtime.jobmanager.scheduler.SharedSlotsTest
Tests run: 6, Failures: 0, Errors: 0, Skipped: 0, Time elapsed: 5.519 sec - in org.apache.flink.runtime.executiongraph.VertexLocationConstraintTest
Running org.apache.flink.runtime.jobmanager.JobSubmitTest
Tests run: 2, Failures: 0, Errors: 0, Skipped: 0, Time elapsed: 0.439 sec - in org.apache.flink.runtime.jobmanager.JobSubmitTest
Running org.apache.flink.runtime.taskmanager.TaskExecutionStateTest
Tests run: 2, Failures: 0, Errors: 0, Skipped: 0, Time elapsed: 0.114 sec - in org.apache.flink.runtime.taskmanager.TaskExecutionStateTest
Running org.apache.flink.runtime.taskmanager.TaskManagerTest
Tests run: 1, Failures: 0, Errors: 0, Skipped: 0, Time elapsed: 10.444 sec - in org.apache.flink.runtime.filecache.FileCacheDeleteValidationTest
Running org.apache.flink.runtime.taskmanager.TaskTest
Tests run: 2, Failures: 0, Errors: 0, Skipped: 0, Time elapsed: 2.036 sec - in org.apache.flink.runtime.jobmanager.scheduler.SharedSlotsTest
Running org.apache.flink.runtime.taskmanager.TaskManagerProcessReapingTest
Tests run: 7, Failures: 0, Errors: 0, Skipped: 0, Time elapsed: 6.763 sec - in org.apache.flink.runtime.executiongraph.LocalInputSplitsTest
Running org.apache.flink.runtime.deployment.TaskDeploymentDescriptorTest
Tests run: 1, Failures: 0, Errors: 0, Skipped: 0, Time elapsed: 0.181 sec - in org.apache.flink.runtime.deployment.TaskDeploymentDescriptorTest
Running org.apache.flink.runtime.execution.librarycache.BlobLibraryCacheManagerTest
Tests run: 11, Failures: 0, Errors: 0, Skipped: 0, Time elapsed: 9.793 sec - in org.apache.flink.runtime.executiongraph.ExecutionVertexCancelTest
Running org.apache.flink.runtime.util.MathUtilTest
Tests run: 3, Failures: 0, Errors: 0, Skipped: 0, Time elapsed: 0 sec - in org.apache.flink.runtime.util.MathUtilTest
Running org.apache.flink.runtime.util.ReusingKeyGroupedIteratorTest
Tests run: 4, Failures: 0, Errors: 0, Skipped: 0, Time elapsed: 0.069 sec - in org.apache.flink.runtime.util.ReusingKeyGroupedIteratorTest
Running org.apache.flink.runtime.util.AtomicDisposableReferenceCounterTest
Tests run: 1, Failures: 0, Errors: 0, Skipped: 0, Time elapsed: 4.813 sec - in org.apache.flink.runtime.jobmanager.JobManagerTest
Running org.apache.flink.runtime.util.LRUCacheMapTest
Tests run: 3, Failures: 0, Errors: 0, Skipped: 0, Time elapsed: 0.117 sec - in org.apache.flink.runtime.util.AtomicDisposableReferenceCounterTest
Running org.apache.flink.runtime.util.event.TaskEventHandlerTest
Tests run: 5, Failures: 0, Errors: 0, Skipped: 0, Time elapsed: 0.109 sec - in org.apache.flink.runtime.util.LRUCacheMapTest
Running org.apache.flink.runtime.util.DataInputOutputSerializerTest
Tests run: 1, Failures: 0, Errors: 0, Skipped: 0, Time elapsed: 0.152 sec - in org.apache.flink.runtime.util.event.TaskEventHandlerTest
Running org.apache.flink.runtime.util.NonReusingKeyGroupedIteratorTest
Tests run: 4, Failures: 0, Errors: 0, Skipped: 0, Time elapsed: 0.03 sec - in org.apache.flink.runtime.util.NonReusingKeyGroupedIteratorTest
Running org.apache.flink.runtime.util.DelegatingConfigurationTest
Tests run: 1, Failures: 0, Errors: 0, Skipped: 0, Time elapsed: 0.019 sec - in org.apache.flink.runtime.util.DelegatingConfigurationTest
Running org.apache.flink.runtime.util.EnvironmentInformationTest
Tests run: 1, Failures: 0, Errors: 0, Skipped: 0, Time elapsed: 7.677 sec - in org.apache.flink.runtime.jobmanager.SlotCountExceedingParallelismTest
Running org.apache.flink.runtime.instance.HardwareTest
Tests run: 3, Failures: 0, Errors: 0, Skipped: 0, Time elapsed: 16.532 sec - in org.apache.flink.runtime.operators.sort.LargeRecordHandlerTest
Tests run: 2, Failures: 0, Errors: 0, Skipped: 0, Time elapsed: 0.01 sec - in org.apache.flink.runtime.instance.HardwareTest
Running org.apache.flink.runtime.instance.InstanceTest
Running org.apache.flink.runtime.instance.SimpleSlotTest
Tests run: 4, Failures: 0, Errors: 0, Skipped: 0, Time elapsed: 0.103 sec - in org.apache.flink.runtime.instance.InstanceTest
Running org.apache.flink.runtime.instance.InstanceConnectionInfoTest
Tests run: 3, Failures: 0, Errors: 0, Skipped: 0, Time elapsed: 0.312 sec - in org.apache.flink.runtime.instance.SimpleSlotTest
Running org.apache.flink.runtime.instance.InstanceManagerTest
Tests run: 2, Failures: 0, Errors: 0, Skipped: 0, Time elapsed: 17.619 sec - in org.apache.flink.runtime.operators.chaining.ChainTaskTest
Running org.apache.flink.runtime.types.StringRecordTest
Tests run: 3, Failures: 0, Errors: 0, Skipped: 0, Time elapsed: 0.219 sec - in org.apache.flink.runtime.types.StringRecordTest
Running org.apache.flink.runtime.types.TypeTest
Tests run: 2, Failures: 0, Errors: 0, Skipped: 0, Time elapsed: 0.008 sec - in org.apache.flink.runtime.types.TypeTest
Running org.apache.flink.runtime.io.disk.iomanager.BufferFileWriterFileSegmentReaderTest
Tests run: 1, Failures: 0, Errors: 0, Skipped: 0, Time elapsed: 1.785 sec - in org.apache.flink.runtime.execution.librarycache.BlobLibraryCacheManagerTest
Running org.apache.flink.runtime.io.disk.iomanager.IOManagerAsyncTest
Tests run: 4, Failures: 0, Errors: 0, Skipped: 0, Time elapsed: 0.552 sec - in org.apache.flink.runtime.instance.InstanceManagerTest
Running org.apache.flink.runtime.io.disk.iomanager.IOManagerTest
Tests run: 1, Failures: 0, Errors: 0, Skipped: 0, Time elapsed: 0.017 sec - in org.apache.flink.runtime.io.disk.iomanager.IOManagerTest
Running org.apache.flink.runtime.io.disk.iomanager.BufferFileWriterReaderTest
Tests run: 6, Failures: 0, Errors: 0, Skipped: 0, Time elapsed: 2.945 sec - in org.apache.flink.runtime.taskmanager.TaskTest
Running org.apache.flink.runtime.io.disk.iomanager.AsynchronousBufferFileWriterTest
Tests run: 2, Failures: 0, Errors: 0, Skipped: 0, Time elapsed: 8.081 sec - in org.apache.flink.runtime.jobmanager.JobManagerStartupTest
Tests run: 3, Failures: 0, Errors: 0, Skipped: 0, Time elapsed: 9.078 sec - in org.apache.flink.runtime.profiling.impl.InstanceProfilerTest
Running org.apache.flink.runtime.io.disk.ChannelViewsTest
Running org.apache.flink.runtime.io.disk.iomanager.AsynchronousFileIOChannelTest
Tests run: 6, Failures: 0, Errors: 0, Skipped: 0, Time elapsed: 1.413 sec - in org.apache.flink.runtime.instance.InstanceConnectionInfoTest
Running org.apache.flink.runtime.io.disk.SeekableFileChannelInputViewTest
Tests run: 1, Failures: 0, Errors: 0, Skipped: 0, Time elapsed: 5.58 sec - in org.apache.flink.runtime.jobmanager.scheduler.ScheduleOrUpdateConsumersTest
Running org.apache.flink.runtime.io.disk.FileChannelStreamsTest
Tests run: 1, Failures: 0, Errors: 0, Skipped: 0, Time elapsed: 0.193 sec - in org.apache.flink.runtime.io.disk.SeekableFileChannelInputViewTest
Running org.apache.flink.runtime.io.disk.SpillingBufferTest
Tests run: 1, Failures: 0, Errors: 0, Skipped: 0, Time elapsed: 0.998 sec - in org.apache.flink.runtime.io.disk.iomanager.BufferFileWriterFileSegmentReaderTest
Running org.apache.flink.runtime.io.network.DefaultChannelSelectorTest
Tests run: 2, Failures: 0, Errors: 0, Skipped: 0, Time elapsed: 0.068 sec - in org.apache.flink.runtime.io.disk.FileChannelStreamsTest
Tests run: 1, Failures: 0, Errors: 0, Skipped: 0, Time elapsed: 0.007 sec - in org.apache.flink.runtime.io.network.DefaultChannelSelectorTest
Running org.apache.flink.runtime.io.network.netty.PartitionRequestClientHandlerTest
Running org.apache.flink.runtime.io.network.netty.PartitionRequestClientFactoryTest
Tests run: 1, Failures: 0, Errors: 0, Skipped: 0, Time elapsed: 0.883 sec - in org.apache.flink.runtime.io.network.netty.PartitionRequestClientFactoryTest
Running org.apache.flink.runtime.io.network.netty.NettyMessageSerializationTest
Tests run: 2, Failures: 0, Errors: 1, Skipped: 0, Time elapsed: 1.001 sec <<< FAILURE! - in org.apache.flink.runtime.io.network.netty.PartitionRequestClientHandlerTest
testReceiveEmptyBuffer(org.apache.flink.runtime.io.network.netty.PartitionRequestClientHandlerTest)  Time elapsed: 0.916 sec  <<< ERROR!
java.lang.NullPointerException: null
	at org.apache.flink.runtime.io.network.netty.PartitionRequestClientHandler.notifyAllChannelsOfErrorAndClose(PartitionRequestClientHandler.java:136)
	at org.apache.flink.runtime.io.network.netty.PartitionRequestClientHandler.channelRead(PartitionRequestClientHandler.java:125)
	at org.apache.flink.runtime.io.network.netty.PartitionRequestClientHandlerTest.testReceiveEmptyBuffer(PartitionRequestClientHandlerTest.java:103)

Running org.apache.flink.runtime.io.network.partition.SpilledSubpartitionViewTest
Tests run: 2, Failures: 0, Errors: 0, Skipped: 0, Time elapsed: 4.208 sec - in org.apache.flink.runtime.util.DataInputOutputSerializerTest
Running org.apache.flink.runtime.io.network.partition.SpilledSubpartitionViewSyncIOTest
Tests run: 1, Failures: 0, Errors: 0, Skipped: 0, Time elapsed: 1.1 sec - in org.apache.flink.runtime.io.network.netty.NettyMessageSerializationTest
Running org.apache.flink.runtime.io.network.partition.SpillableSubpartitionTest
Tests run: 2, Failures: 0, Errors: 0, Skipped: 0, Time elapsed: 2.968 sec - in org.apache.flink.runtime.io.disk.iomanager.BufferFileWriterReaderTest
Running org.apache.flink.runtime.io.network.partition.PipelinedSubpartitionTest
Tests run: 2, Failures: 0, Errors: 0, Skipped: 0, Time elapsed: 0.116 sec - in org.apache.flink.runtime.io.network.partition.SpillableSubpartitionTest
Running org.apache.flink.runtime.io.network.partition.consumer.UnionInputGateTest
Tests run: 1, Failures: 0, Errors: 0, Skipped: 0, Time elapsed: 0.1 sec - in org.apache.flink.runtime.io.network.partition.consumer.UnionInputGateTest
Running org.apache.flink.runtime.io.network.partition.consumer.SingleInputGateTest
Tests run: 2, Failures: 0, Errors: 0, Skipped: 0, Time elapsed: 10.723 sec - in org.apache.flink.runtime.jobmanager.JobManagerConnectionTest
Running org.apache.flink.runtime.io.network.partition.SpilledSubpartitionViewAsyncIOTest
Tests run: 3, Failures: 0, Errors: 0, Skipped: 0, Time elapsed: 4.834 sec - in org.apache.flink.runtime.util.EnvironmentInformationTest
Running org.apache.flink.runtime.io.network.api.reader.BufferReaderTest
Tests run: 1, Failures: 0, Errors: 0, Skipped: 0, Time elapsed: 0.31 sec - in org.apache.flink.runtime.io.network.partition.consumer.SingleInputGateTest
Running org.apache.flink.runtime.io.network.api.reader.AbstractReaderTest
Tests run: 4, Failures: 0, Errors: 0, Skipped: 0, Time elapsed: 0.11 sec - in org.apache.flink.runtime.io.network.api.reader.AbstractReaderTest
Running org.apache.flink.runtime.io.network.api.serialization.PagedViewsTest
Tests run: 46, Failures: 0, Errors: 0, Skipped: 0, Time elapsed: 21.579 sec - in org.apache.flink.runtime.operators.MatchTaskTest
Running org.apache.flink.runtime.io.network.api.serialization.SpanningRecordSerializationTest
Tests run: 6, Failures: 0, Errors: 0, Skipped: 0, Time elapsed: 4.515 sec - in org.apache.flink.runtime.io.disk.iomanager.IOManagerAsyncTest
Running org.apache.flink.runtime.io.network.api.serialization.SpanningRecordSerializerTest
Tests run: 2, Failures: 0, Errors: 0, Skipped: 0, Time elapsed: 2.896 sec - in org.apache.flink.runtime.io.network.partition.SpilledSubpartitionViewTest
Running org.apache.flink.runtime.io.network.api.serialization.EventSerializerTest
Tests run: 1, Failures: 0, Errors: 0, Skipped: 0, Time elapsed: 0.015 sec - in org.apache.flink.runtime.io.network.api.serialization.EventSerializerTest
Running org.apache.flink.runtime.io.network.DataExchangeModeTest
Tests run: 3, Failures: 0, Errors: 0, Skipped: 0, Time elapsed: 0.029 sec - in org.apache.flink.runtime.io.network.DataExchangeModeTest
Running org.apache.flink.runtime.io.network.buffer.BufferPoolFactoryTest
Tests run: 2, Failures: 0, Errors: 0, Skipped: 0, Time elapsed: 2.135 sec - in org.apache.flink.runtime.io.network.partition.SpilledSubpartitionViewSyncIOTest
Running org.apache.flink.runtime.io.network.buffer.LocalBufferPoolTest
Tests run: 7, Failures: 0, Errors: 0, Skipped: 0, Time elapsed: 0.186 sec - in org.apache.flink.runtime.io.network.buffer.BufferPoolFactoryTest
Running org.apache.flink.runtime.io.network.buffer.BufferTest
Tests run: 2, Failures: 0, Errors: 0, Skipped: 0, Time elapsed: 0.041 sec - in org.apache.flink.runtime.io.network.buffer.BufferTest
Running org.apache.flink.runtime.io.network.serialization.LargeRecordsTest
Tests run: 5, Failures: 0, Errors: 0, Skipped: 0, Time elapsed: 10.037 sec - in org.apache.flink.runtime.jobmanager.scheduler.SchedulerIsolatedTasksTest
Tests run: 12, Failures: 0, Errors: 0, Skipped: 0, Time elapsed: 11.837 sec - in org.apache.flink.runtime.jobmanager.scheduler.SchedulerSlotSharingTest
Tests run: 9, Failures: 0, Errors: 0, Skipped: 0, Time elapsed: 10.407 sec - in org.apache.flink.runtime.jobmanager.scheduler.ScheduleWithCoLocationHintTest
Tests run: 1, Failures: 0, Errors: 0, Skipped: 0, Time elapsed: 2.424 sec - in org.apache.flink.runtime.io.network.partition.SpilledSubpartitionViewAsyncIOTest
Tests run: 4, Failures: 0, Errors: 0, Skipped: 0, Time elapsed: 5.129 sec - in org.apache.flink.runtime.io.disk.SpillingBufferTest
Tests run: 5, Failures: 0, Errors: 0, Skipped: 0, Time elapsed: 9.01 sec - in org.apache.flink.runtime.taskmanager.TaskManagerTest
Tests run: 10, Failures: 0, Errors: 0, Skipped: 0, Time elapsed: 1.632 sec - in org.apache.flink.runtime.io.network.buffer.LocalBufferPoolTest
Tests run: 4, Failures: 0, Errors: 0, Skipped: 0, Time elapsed: 3.28 sec - in org.apache.flink.runtime.io.network.api.serialization.SpanningRecordSerializationTest
Tests run: 10, Failures: 0, Errors: 0, Skipped: 0, Time elapsed: 4.726 sec - in org.apache.flink.runtime.io.network.partition.PipelinedSubpartitionTest
Tests run: 6, Failures: 0, Errors: 0, Skipped: 0, Time elapsed: 3.865 sec - in org.apache.flink.runtime.io.network.api.serialization.SpanningRecordSerializerTest
Tests run: 4, Failures: 0, Errors: 0, Skipped: 0, Time elapsed: 8.175 sec - in org.apache.flink.runtime.io.disk.iomanager.AsynchronousBufferFileWriterTest
Tests run: 4, Failures: 0, Errors: 0, Skipped: 0, Time elapsed: 7.926 sec - in org.apache.flink.runtime.io.disk.iomanager.AsynchronousFileIOChannelTest
Tests run: 10, Failures: 0, Errors: 0, Skipped: 0, Time elapsed: 4.833 sec - in org.apache.flink.runtime.io.network.api.serialization.PagedViewsTest
Tests run: 6, Failures: 0, Errors: 0, Skipped: 0, Time elapsed: 28.195 sec - in org.apache.flink.runtime.operators.sort.FixedLengthRecordSorterTest
Tests run: 1, Failures: 0, Errors: 0, Skipped: 0, Time elapsed: 19.375 sec - in org.apache.flink.runtime.jobmanager.JobManagerProcessReapingTest
Tests run: 2, Failures: 0, Errors: 0, Skipped: 0, Time elapsed: 7.853 sec - in org.apache.flink.runtime.io.network.api.reader.BufferReaderTest
Tests run: 6, Failures: 0, Errors: 0, Skipped: 0, Time elapsed: 25.326 sec - in org.apache.flink.runtime.executiongraph.ExecutionGraphDeploymentTest
Tests run: 1, Failures: 0, Errors: 0, Skipped: 0, Time elapsed: 15.667 sec - in org.apache.flink.runtime.taskmanager.TaskManagerProcessReapingTest
Tests run: 3, Failures: 0, Errors: 0, Skipped: 0, Time elapsed: 33.29 sec - in org.apache.flink.runtime.operators.DataSourceTaskTest
Tests run: 14, Failures: 0, Errors: 0, Skipped: 0, Time elapsed: 35.383 sec - in org.apache.flink.runtime.operators.hash.MemoryHashTableTest
Tests run: 7, Failures: 0, Errors: 0, Skipped: 0, Time elapsed: 39.866 sec - in org.apache.flink.runtime.operators.DataSinkTaskTest
Tests run: 2, Failures: 0, Errors: 0, Skipped: 0, Time elapsed: 28.817 sec - in org.apache.flink.runtime.io.network.serialization.LargeRecordsTest
Tests run: 8, Failures: 0, Errors: 0, Skipped: 0, Time elapsed: 57.824 sec - in org.apache.flink.runtime.operators.sort.NormalizedKeySorterTest
Tests run: 6, Failures: 0, Errors: 0, Skipped: 0, Time elapsed: 55.817 sec - in org.apache.flink.runtime.io.disk.ChannelViewsTest

Results :

Tests in error: 
  PartitionRequestClientHandlerTest.testReceiveEmptyBuffer:103 Â» NullPointer

Tests run: 586, Failures: 0, Errors: 1, Skipped: 0

[INFO] ------------------------------------------------------------------------
[INFO] BUILD FAILURE
[INFO] ------------------------------------------------------------------------
[INFO] Total time: 01:23 min
[INFO] Finished at: 2016-07-15T06:45:55-07:00
[INFO] Final Memory: 26M/2476M
[INFO] ------------------------------------------------------------------------
[ERROR] Failed to execute goal org.apache.maven.plugins:maven-surefire-plugin:2.17:test (default-test) on project flink-runtime: There are test failures.
[ERROR] 
[ERROR] Please refer to /space/parallel/flink/flink9/dataset/flink/FLINK-1761_380ef878c850f83b5e12176e465d59c737066e20/flink-runtime/target/surefire-reports for the individual test results.
[ERROR] -> [Help 1]
[ERROR] 
[ERROR] To see the full stack trace of the errors, re-run Maven with the -e switch.
[ERROR] Re-run Maven using the -X switch to enable full debug logging.
[ERROR] 
[ERROR] For more information about the errors and possible solutions, please read the following articles:
[ERROR] [Help 1] http://cwiki.apache.org/confluence/display/MAVEN/MojoFailureException
