[INFO] Scanning for projects...
[INFO]                                                                         
[INFO] ------------------------------------------------------------------------
[INFO] Building Apache Log4J Core 2.0-beta3-SNAPSHOT
[INFO] ------------------------------------------------------------------------
[INFO] 
[INFO] --- maven-remote-resources-plugin:1.1:process (default) @ log4j-core ---
[INFO] Setting property: classpath.resource.loader.class => 'org.codehaus.plexus.velocity.ContextClassLoaderResourceLoader'.
[INFO] Setting property: velocimacro.messages.on => 'false'.
[INFO] Setting property: resource.loader => 'classpath'.
[INFO] Setting property: resource.manager.logwhenfound => 'false'.
[INFO] 
[INFO] --- maven-resources-plugin:2.5:resources (default-resources) @ log4j-core ---
[debug] execute contextualize
[INFO] Using 'UTF-8' encoding to copy filtered resources.
[INFO] Copying 2 resources
[INFO] Copying 3 resources
[INFO] 
[INFO] --- maven-compiler-plugin:2.3.2:compile (default-compile) @ log4j-core ---
[INFO] Compiling 17 source files to /home/ylyu/parallel/log4j2/log4j29/dataset/logging-log4j2/LOG4J2-107_88641f4938789e63aea84289998b6c443fe0f5f9/core/target/classes
[INFO] 
[INFO] >>> exec-maven-plugin:1.2.1:java (default) > validate @ log4j-core >>>
[INFO] 
[INFO] <<< exec-maven-plugin:1.2.1:java (default) < validate @ log4j-core <<<
[INFO] 
[INFO] --- exec-maven-plugin:1.2.1:java (default) @ log4j-core ---
[INFO] 
[INFO] --- maven-bundle-plugin:2.3.7:manifest (bundle-manifest) @ log4j-core ---
[INFO] 
[INFO] --- maven-resources-plugin:2.5:testResources (default-testResources) @ log4j-core ---
[debug] execute contextualize
[INFO] Using 'UTF-8' encoding to copy filtered resources.
[INFO] Copying 44 resources
[INFO] Copying 3 resources
[INFO] 
[INFO] --- maven-compiler-plugin:2.3.2:testCompile (default-testCompile) @ log4j-core ---
[INFO] Nothing to compile - all classes are up to date
[INFO] 
[INFO] --- maven-surefire-plugin:2.7.2:test (default-test) @ log4j-core ---
[INFO] Surefire report directory: /home/ylyu/parallel/log4j2/log4j29/dataset/logging-log4j2/LOG4J2-107_88641f4938789e63aea84289998b6c443fe0f5f9/core/target/surefire-reports

-------------------------------------------------------
 T E S T S
-------------------------------------------------------
Running org.apache.logging.log4j.core.lookup.StrSubstitutorTest
Tests run: 1, Failures: 0, Errors: 0, Skipped: 0, Time elapsed: 0.138 sec
Running org.apache.logging.log4j.core.lookup.ContextMapLookupTest
Tests run: 1, Failures: 0, Errors: 0, Skipped: 0, Time elapsed: 0.053 sec
Running org.apache.logging.log4j.core.lookup.InterpolatorTest
Tests run: 1, Failures: 0, Errors: 0, Skipped: 0, Time elapsed: 0.135 sec
Running org.apache.logging.log4j.core.lookup.DateLookupTest
Tests run: 1, Failures: 0, Errors: 0, Skipped: 0, Time elapsed: 0.071 sec
Running org.apache.logging.log4j.core.lookup.StructuredDataLookupTest
Tests run: 1, Failures: 0, Errors: 0, Skipped: 0, Time elapsed: 0.061 sec
Running org.apache.logging.log4j.core.lookup.EnvironmentLookupTest
Tests run: 1, Failures: 0, Errors: 0, Skipped: 0, Time elapsed: 0.047 sec
Running org.apache.logging.log4j.core.lookup.SystemPropertiesLookupTest
Tests run: 1, Failures: 0, Errors: 0, Skipped: 0, Time elapsed: 0.055 sec
Running org.apache.logging.log4j.core.BasicLoggingTest
16:19:51.778 [main] ERROR org.apache.logging.log4j.core.BasicLoggingTest - Test message
Tests run: 1, Failures: 0, Errors: 0, Skipped: 0, Time elapsed: 0.241 sec
Running org.apache.logging.log4j.core.filter.BurstFilterTest
Tests run: 1, Failures: 0, Errors: 0, Skipped: 0, Time elapsed: 7.144 sec
Running org.apache.logging.log4j.core.filter.MarkerFilterTest
Tests run: 1, Failures: 0, Errors: 0, Skipped: 0, Time elapsed: 0.074 sec
Running org.apache.logging.log4j.core.filter.RegexFilterTest
Tests run: 1, Failures: 0, Errors: 0, Skipped: 0, Time elapsed: 0.073 sec
Running org.apache.logging.log4j.core.filter.TimeFilterTest
Tests run: 1, Failures: 0, Errors: 0, Skipped: 0, Time elapsed: 0.085 sec
Running org.apache.logging.log4j.core.filter.ThresholdFilterTest
Tests run: 1, Failures: 0, Errors: 0, Skipped: 0, Time elapsed: 0.074 sec
Running org.apache.logging.log4j.core.filter.StructuredDataFilterTest
Tests run: 1, Failures: 0, Errors: 0, Skipped: 0, Time elapsed: 0.073 sec
Running org.apache.logging.log4j.core.filter.DynamicThresholdFilterTest
Tests run: 2, Failures: 0, Errors: 0, Skipped: 0, Time elapsed: 0.396 sec
Running org.apache.logging.log4j.core.filter.ThreadContextMapFilterTest
Tests run: 1, Failures: 0, Errors: 0, Skipped: 0, Time elapsed: 0.07 sec
Running org.apache.logging.log4j.core.filter.MapFilterTest
Tests run: 2, Failures: 0, Errors: 0, Skipped: 0, Time elapsed: 0.396 sec
Running org.apache.logging.log4j.core.SimplePerfTest
Timer Setup stopped. Elapsed time: 0.114668353 seconds Average per iteration: 0.000000011 seconds
Timer DebugDisabled stopped. Elapsed time: 0.038288808 seconds Average per iteration: 0.000000003 seconds
Timer DebugDisabled stopped. Elapsed time: 0.031629791 seconds Average per iteration: 0.000000003 seconds
Timer DebugLogger stopped. Elapsed time: 0.028201002 seconds Average per iteration: 0.000000002 seconds
Tests run: 3, Failures: 0, Errors: 0, Skipped: 0, Time elapsed: 0.617 sec
Running org.apache.logging.log4j.core.AppenderRefLevelTest
2016-07-16 16:20:03,370 WARN No Loggers were configured, using default
Tests run: 3, Failures: 0, Errors: 0, Skipped: 0, Time elapsed: 0.375 sec
Running org.apache.logging.log4j.core.ThreadedPerfTest
Timer DebugDisabled stopped. Elapsed time: 0.001185975 seconds Average per iteration: 0.000000000 seconds
Timer DebugLogger stopped. Elapsed time: 0.050809953 seconds Average per iteration: 0.000000000 seconds
Tests run: 2, Failures: 0, Errors: 0, Skipped: 0, Time elapsed: 0.317 sec
Running org.apache.logging.log4j.core.config.XMLLoggerPropsTest
Tests run: 1, Failures: 0, Errors: 0, Skipped: 0, Time elapsed: 0.349 sec
Running org.apache.logging.log4j.core.config.FileOutputTest
Tests run: 1, Failures: 0, Errors: 0, Skipped: 0, Time elapsed: 0.38 sec
Running org.apache.logging.log4j.core.config.TestConfigurator
Tests run: 6, Failures: 0, Errors: 0, Skipped: 0, Time elapsed: 0.967 sec
Running org.apache.logging.log4j.core.config.XMLConfigurationTest
2016-07-16 16:20:06,770 WARN No Loggers were configured, using default
Tests run: 2, Failures: 0, Errors: 0, Skipped: 0, Time elapsed: 0.398 sec
Running org.apache.logging.log4j.core.config.XMLConfigurationPropsTest
2016-07-16 16:20:07,265 ERROR Invalid status specified: ${sys:log4j.level}. Defaulting to ERROR
2016-07-16 16:20:07,285 ERROR Invalid Log level specified: ${sys:log.level}. Defaulting to Error
2016-07-16 16:20:07,296 ERROR Invalid Log level specified: ${sys:log.level}. Defaulting to Error
2016-07-16 16:20:07,303 DEBUG Generated plugins in 0.000225378 seconds
2016-07-16 16:20:07,304 DEBUG Calling createLayout on class org.apache.logging.log4j.core.layout.PatternLayout for element PatternLayout with params(pattern="[%-5level] %msg%n", Configuration(DSI), null, charset="null")
2016-07-16 16:20:07,305 DEBUG Generated plugins in 0.000217137 seconds
2016-07-16 16:20:07,306 DEBUG Calling createAppender on class org.apache.logging.log4j.core.appender.ConsoleAppender for element Console with params(PatternLayout([%-5level] %msg%n), null, target="SYSTEM_OUT", name="Console", suppressExceptions="null")
2016-07-16 16:20:07,306 DEBUG Calling createAppenders on class org.apache.logging.log4j.core.config.plugins.AppendersPlugin for element appenders with params(appenders={Console})
2016-07-16 16:20:07,307 DEBUG Generated plugins in 0.000243327 seconds
2016-07-16 16:20:07,308 DEBUG Calling createAppenderRef on class org.apache.logging.log4j.core.config.AppenderRef for element appender-ref with params(ref="Console", level="null", null)
2016-07-16 16:20:07,309 DEBUG Calling createLogger on class org.apache.logging.log4j.core.config.LoggerConfig$RootLogger for element root with params(additivity="null", level="${sys:log.level}", appender-ref={org.apache.logging.log4j.core.config.AppenderRef@6af3a631}, properties={}, Configuration(DSI), null)
2016-07-16 16:20:07,309 ERROR Invalid Log level specified: ${sys:log.level}. Defaulting to Error
2016-07-16 16:20:07,310 DEBUG Calling createLoggers on class org.apache.logging.log4j.core.config.plugins.LoggersPlugin for element loggers with params(loggers={root})
2016-07-16 16:20:07,310 DEBUG Reconfiguration completed
2016-07-16 16:20:07,311 DEBUG Reconfiguration started for context Default
2016-07-16 16:20:07,311 DEBUG Generated plugins in 0.000258832 seconds
2016-07-16 16:20:07,314 DEBUG Generated plugins in 0.000221187 seconds
2016-07-16 16:20:07,315 DEBUG Calling createLayout on class org.apache.logging.log4j.core.layout.PatternLayout for element PatternLayout with params(pattern="[%-5level] %msg%n", Configuration(DSI), null, charset="null")
2016-07-16 16:20:07,316 DEBUG Generated plugins in 0.000207638 seconds
2016-07-16 16:20:07,317 DEBUG Calling createAppender on class org.apache.logging.log4j.core.appender.ConsoleAppender for element Console with params(PatternLayout([%-5level] %msg%n), null, target="SYSTEM_OUT", name="Console", suppressExceptions="null")
2016-07-16 16:20:07,317 DEBUG Calling createAppenders on class org.apache.logging.log4j.core.config.plugins.AppendersPlugin for element appenders with params(appenders={Console})
2016-07-16 16:20:07,318 DEBUG Generated plugins in 0.000195416 seconds
2016-07-16 16:20:07,319 DEBUG Calling createAppenderRef on class org.apache.logging.log4j.core.config.AppenderRef for element appender-ref with params(ref="Console", level="null", null)
2016-07-16 16:20:07,319 DEBUG Calling createLogger on class org.apache.logging.log4j.core.config.LoggerConfig$RootLogger for element root with params(additivity="null", level="debug", appender-ref={org.apache.logging.log4j.core.config.AppenderRef@222411d2}, properties={}, Configuration(DSI), null)
2016-07-16 16:20:07,320 DEBUG Calling createLoggers on class org.apache.logging.log4j.core.config.plugins.LoggersPlugin for element loggers with params(loggers={root})
2016-07-16 16:20:07,320 DEBUG Reconfiguration completed
2016-07-16 16:20:07,320 DEBUG Reconfiguration started for context Default
2016-07-16 16:20:07,321 DEBUG Generated plugins in 0.000205613 seconds
2016-07-16 16:20:07,368 DEBUG Generated plugins in 0.000179143 seconds
2016-07-16 16:20:07,370 DEBUG Generated plugins in 0.000345156 seconds
2016-07-16 16:20:07,370 WARN No Loggers were configured, using default
2016-07-16 16:20:07,370 DEBUG Reconfiguration completed
Tests run: 3, Failures: 0, Errors: 0, Skipped: 0, Time elapsed: 0.397 sec
Running org.apache.logging.log4j.core.ThreadedTest
Counter = 100
2016-07-16 16:20:08,217 WARN No Loggers were configured, using default
Tests run: 1, Failures: 0, Errors: 0, Skipped: 0, Time elapsed: 0.647 sec
Running org.apache.logging.log4j.core.net.SocketServerTest
Tests run: 1, Failures: 0, Errors: 0, Skipped: 0, Time elapsed: 0.449 sec
Running org.apache.logging.log4j.core.net.JMSQueueTest
log4j:WARN No appenders could be found for logger (org.mockejb.jndi.MockContext).
log4j:WARN Please initialize the log4j system properly.
log4j:WARN See http://logging.apache.org/log4j/1.2/faq.html#noconfig for more info.
Tests run: 1, Failures: 0, Errors: 0, Skipped: 0, Time elapsed: 0.595 sec
Running org.apache.logging.log4j.core.net.JMSTopicTest
log4j:WARN No appenders could be found for logger (org.mockejb.jndi.MockContext).
log4j:WARN Please initialize the log4j system properly.
log4j:WARN See http://logging.apache.org/log4j/1.2/faq.html#noconfig for more info.
Tests run: 1, Failures: 0, Errors: 0, Skipped: 0, Time elapsed: 0.606 sec
Running org.apache.logging.log4j.core.net.PriorityTest
Tests run: 1, Failures: 0, Errors: 0, Skipped: 0, Time elapsed: 0.056 sec
Running org.apache.logging.log4j.core.helpers.UUIDTest
Elapsed for 2000 UUIDS = 229948934 Average = 114974 ns
Elapsed for 200 UUIDS = 235435 Average = 1177 ns
Tests run: 2, Failures: 0, Errors: 0, Skipped: 0, Time elapsed: 0.105 sec
Running org.apache.logging.log4j.core.pattern.StyleConverterTest
Tests run: 1, Failures: 0, Errors: 0, Skipped: 0, Time elapsed: 0.359 sec
Running org.apache.logging.log4j.core.pattern.MapPatternConverterTest
Tests run: 2, Failures: 0, Errors: 0, Skipped: 0, Time elapsed: 0.077 sec
Running org.apache.logging.log4j.core.pattern.PatternParserTest
Tests run: 3, Failures: 1, Errors: 0, Skipped: 0, Time elapsed: 0.283 sec <<< FAILURE!
[m. Actual: [32m16 Jul 2016 16:20:12,665{GMT+0[m [Thread1] INFO : Hello, world
}
Running org.apache.logging.log4j.core.pattern.RegexReplacementConverterTest
Tests run: 1, Failures: 0, Errors: 0, Skipped: 0, Time elapsed: 0.261 sec
Running org.apache.logging.log4j.core.pattern.NameAbbreviatorTest
Tests run: 6, Failures: 0, Errors: 0, Skipped: 0, Time elapsed: 0.057 sec
Running org.apache.logging.log4j.core.pattern.MarkerPatternConverterTest
Tests run: 1, Failures: 0, Errors: 0, Skipped: 0, Time elapsed: 0.075 sec
Running org.apache.logging.log4j.core.pattern.RegexReplacementTest
Tests run: 2, Failures: 0, Errors: 0, Skipped: 0, Time elapsed: 0.372 sec
Running org.apache.logging.log4j.core.layout.PatternLayoutTest
Tests run: 2, Failures: 0, Errors: 0, Skipped: 0, Time elapsed: 0.266 sec
Running org.apache.logging.log4j.core.layout.SyslogLayoutTest
Tests run: 1, Failures: 0, Errors: 0, Skipped: 0, Time elapsed: 0.286 sec
Running org.apache.logging.log4j.core.layout.RFC5424LayoutTest
Tests run: 1, Failures: 0, Errors: 0, Skipped: 0, Time elapsed: 0.279 sec
Running org.apache.logging.log4j.core.appender.AsynchAppenderTest
Tests run: 1, Failures: 0, Errors: 0, Skipped: 0, Time elapsed: 0.455 sec
Running org.apache.logging.log4j.core.appender.rolling.RollingAppenderTimeAndSizeTest
2016-07-16 16:20:26,981 WARN No Loggers were configured, using default
Tests run: 1, Failures: 0, Errors: 0, Skipped: 0, Time elapsed: 10.444 sec
Running org.apache.logging.log4j.core.appender.rolling.RollingAppenderUncompressedTest
2016-07-16 16:20:27,481 WARN No Loggers were configured, using default
Tests run: 1, Failures: 0, Errors: 0, Skipped: 0, Time elapsed: 0.345 sec
Running org.apache.logging.log4j.core.appender.rolling.OnStartupTriggeringPolicyTest
Tests run: 1, Failures: 0, Errors: 0, Skipped: 0, Time elapsed: 0.126 sec
Running org.apache.logging.log4j.core.appender.rolling.RollingAppenderTimeTest
2016-07-16 16:20:38,278 WARN No Loggers were configured, using default
Tests run: 1, Failures: 0, Errors: 0, Skipped: 0, Time elapsed: 10.351 sec
Running org.apache.logging.log4j.core.appender.rolling.RollingAppenderSizeTest
2016-07-16 16:20:38,803 WARN No Loggers were configured, using default
Tests run: 1, Failures: 0, Errors: 0, Skipped: 0, Time elapsed: 0.361 sec
Running org.apache.logging.log4j.core.appender.routing.JSONRoutingAppender2Test
Tests run: 1, Failures: 0, Errors: 0, Skipped: 0, Time elapsed: 0.488 sec
Running org.apache.logging.log4j.core.appender.routing.RoutingAppenderTest
2016-07-16 16:20:39,913 DEBUG Generated plugins in 0.002975169 seconds
2016-07-16 16:20:39,922 DEBUG Calling createProperty on class org.apache.logging.log4j.core.config.Property for element property with params(name="filename", value="target/rolling1/rollingtest-${sd:type}.log")
2016-07-16 16:20:39,925 DEBUG Calling configureSubstitutor on class org.apache.logging.log4j.core.config.plugins.PropertiesPlugin for element properties with params(properties={filename=target/rolling1/rollingtest-${sd:type}.log})
2016-07-16 16:20:39,926 DEBUG Generated plugins in 0.000798985 seconds
2016-07-16 16:20:39,928 DEBUG Calling createFilter on class org.apache.logging.log4j.core.filter.ThresholdFilter for element ThresholdFilter with params(level="debug", onMatch="null", onMismatch="null")
2016-07-16 16:20:39,930 DEBUG Calling createLayout on class org.apache.logging.log4j.core.layout.PatternLayout for element PatternLayout with params(pattern="%m%n", Configuration(RoutingTest), null, charset="null")
2016-07-16 16:20:39,931 DEBUG Generated plugins in 0.000800521 seconds
2016-07-16 16:20:39,933 DEBUG Calling createAppender on class org.apache.logging.log4j.core.appender.ConsoleAppender for element Console with params(PatternLayout(%m%n), null, target="null", name="STDOUT", suppressExceptions="null")
2016-07-16 16:20:39,934 DEBUG Calling createFilter on class org.apache.logging.log4j.core.filter.ThresholdFilter for element ThresholdFilter with params(level="debug", onMatch="null", onMismatch="null")
2016-07-16 16:20:39,935 DEBUG Calling createAppender on class org.apache.logging.log4j.test.appender.ListAppender for element List with params(name="List", entryPerNewLine="null", raw="null", null, ThresholdFilter(DEBUG))
2016-07-16 16:20:39,937 DEBUG Calling createRoute on class org.apache.logging.log4j.core.appender.routing.Route for element Route with params(ref="null", key="null", Node=Route)
2016-07-16 16:20:39,938 DEBUG Calling createRoute on class org.apache.logging.log4j.core.appender.routing.Route for element Route with params(ref="STDOUT", key="Audit", Node=Route)
2016-07-16 16:20:39,939 DEBUG Calling createRoute on class org.apache.logging.log4j.core.appender.routing.Route for element Route with params(ref="List", key="Service", Node=Route)
2016-07-16 16:20:39,939 DEBUG Calling createRoutes on class org.apache.logging.log4j.core.appender.routing.Routes for element Routes with params(pattern="${sd:type}", routes={Route(type=dynamic default), Route(type=static Reference=STDOUT key='Audit'), Route(type=static Reference=List key='Service')})
2016-07-16 16:20:39,940 DEBUG Calling createAppender on class org.apache.logging.log4j.core.appender.routing.RoutingAppender for element Routing with params(name="Routing", suppressExceptions="null", Routes({Route(type=dynamic default),Route(type=static Reference=STDOUT key='Audit'),Route(type=static Reference=List key='Service')}), Configuration(RoutingTest), null, null)
2016-07-16 16:20:39,941 DEBUG Calling createAppenders on class org.apache.logging.log4j.core.config.plugins.AppendersPlugin for element appenders with params(appenders={STDOUT, List, Routing})
2016-07-16 16:20:39,942 DEBUG Calling createAppenderRef on class org.apache.logging.log4j.core.config.AppenderRef for element appender-ref with params(ref="Routing", level="null", null)
2016-07-16 16:20:39,943 DEBUG Calling createLogger on class org.apache.logging.log4j.core.config.LoggerConfig for element logger with params(additivity="false", level="info", name="EventLogger", appender-ref={org.apache.logging.log4j.core.config.AppenderRef@19d2360f}, properties={}, Configuration(RoutingTest), null)
2016-07-16 16:20:39,944 DEBUG Calling createAppenderRef on class org.apache.logging.log4j.core.config.AppenderRef for element appender-ref with params(ref="STDOUT", level="null", null)
2016-07-16 16:20:39,945 DEBUG Calling createLogger on class org.apache.logging.log4j.core.config.LoggerConfig$RootLogger for element root with params(additivity="null", level="error", appender-ref={org.apache.logging.log4j.core.config.AppenderRef@1c445f88}, properties={}, Configuration(RoutingTest), null)
2016-07-16 16:20:39,946 DEBUG Calling createLoggers on class org.apache.logging.log4j.core.config.plugins.LoggersPlugin for element loggers with params(loggers={EventLogger, root})
2016-07-16 16:20:39,947 DEBUG Reconfiguration completed
2016-07-16 16:20:39,958 DEBUG Calling createLayout on class org.apache.logging.log4j.core.layout.PatternLayout for element PatternLayout with params(pattern="%d %p %C{1.} [%t] %m%n", Configuration(RoutingTest), null, charset="null")
2016-07-16 16:20:39,959 DEBUG Calling createPolicy on class org.apache.logging.log4j.core.appender.rolling.SizeBasedTriggeringPolicy for element SizeBasedTriggeringPolicy with params(size="500")
2016-07-16 16:20:39,961 DEBUG Calling createAppender on class org.apache.logging.log4j.core.appender.RollingFileAppender for element RollingFile with params(fileName="target/rolling1/rollingtest-Unknown.log", filePattern="target/rolling1/test1-Unknown.%i.log.gz", append="null", name="Rolling-Unknown", bufferedIO="null", immediateFlush="null", SizeBasedTriggeringPolicy(SizeBasedTriggeringPolicy(size=500)), null, PatternLayout(%d %p %C{1.} [%t] %m%n), null, suppressExceptions="null", Configuration(RoutingTest))
2016-07-16 16:20:39,962 DEBUG Starting RollingFileManager target/rolling1/rollingtest-Unknown.log
2016-07-16 16:20:39,964 DEBUG Generated plugins in 0.000847733 seconds
2016-07-16 16:20:39,968 DEBUG Reconfiguration started for context sun.misc.Launcher$AppClassLoader@1395ddba
2016-07-16 16:20:39,969 DEBUG Generated plugins in 0.000687308 seconds
2016-07-16 16:20:39,988 DEBUG Generated plugins in 0.000719784 seconds
2016-07-16 16:20:39,989 DEBUG Generated plugins in 0.000634298 seconds
2016-07-16 16:20:39,989 WARN No Loggers were configured, using default
2016-07-16 16:20:39,990 DEBUG Shutting down RollingFileManager target/rolling1/rollingtest-Unknown.log
2016-07-16 16:20:39,990 DEBUG Reconfiguration completed
Tests run: 1, Failures: 0, Errors: 0, Skipped: 0, Time elapsed: 0.316 sec
Running org.apache.logging.log4j.core.appender.routing.JSONRoutingAppenderTest
Tests run: 1, Failures: 0, Errors: 0, Skipped: 0, Time elapsed: 0.389 sec
Running org.apache.logging.log4j.core.appender.FileAppenderTest
Tests run: 4, Failures: 0, Errors: 0, Skipped: 0, Time elapsed: 0.727 sec
Running org.apache.logging.log4j.core.appender.OutputStreamAppenderTest
Tests run: 1, Failures: 0, Errors: 0, Skipped: 0, Time elapsed: 0.14 sec
Running org.apache.logging.log4j.core.appender.SocketAppenderTest
Tests run: 2, Failures: 0, Errors: 0, Skipped: 0, Time elapsed: 0.267 sec
Running org.apache.logging.log4j.core.appender.FailoverAppenderTest
2016-07-16 16:20:42,962 ERROR An exception occurred processing Appender Fail org.apache.logging.log4j.LoggingException: Always fail
	at org.apache.logging.log4j.test.appender.AlwaysFailAppender.append(AlwaysFailAppender.java:37)
	at org.apache.logging.log4j.core.config.AppenderControl.callAppender(AppenderControl.java:98)
	at org.apache.logging.log4j.core.appender.FailoverAppender.append(FailoverAppender.java:99)
	at org.apache.logging.log4j.core.config.AppenderControl.callAppender(AppenderControl.java:98)
	at org.apache.logging.log4j.core.config.LoggerConfig.callAppenders(LoggerConfig.java:334)
	at org.apache.logging.log4j.core.config.LoggerConfig.log(LoggerConfig.java:315)
	at org.apache.logging.log4j.core.config.LoggerConfig.log(LoggerConfig.java:280)
	at org.apache.logging.log4j.core.Logger.log(Logger.java:106)
	at org.apache.logging.log4j.spi.AbstractLogger.error(AbstractLogger.java:987)
	at org.apache.logging.log4j.core.appender.FailoverAppenderTest.testFailover(FailoverAppenderTest.java:70)
	at sun.reflect.NativeMethodAccessorImpl.invoke0(Native Method)
	at sun.reflect.NativeMethodAccessorImpl.invoke(NativeMethodAccessorImpl.java:57)
	at sun.reflect.DelegatingMethodAccessorImpl.invoke(DelegatingMethodAccessorImpl.java:43)
	at java.lang.reflect.Method.invoke(Method.java:606)
	at org.junit.runners.model.FrameworkMethod$1.runReflectiveCall(FrameworkMethod.java:44)
	at org.junit.internal.runners.model.ReflectiveCallable.run(ReflectiveCallable.java:15)
	at org.junit.runners.model.FrameworkMethod.invokeExplosively(FrameworkMethod.java:41)
	at org.junit.internal.runners.statements.InvokeMethod.evaluate(InvokeMethod.java:20)
	at org.junit.runners.BlockJUnit4ClassRunner.runChild(BlockJUnit4ClassRunner.java:76)
	at org.junit.runners.BlockJUnit4ClassRunner.runChild(BlockJUnit4ClassRunner.java:50)
	at org.junit.runners.ParentRunner$3.run(ParentRunner.java:193)
	at org.junit.runners.ParentRunner$1.schedule(ParentRunner.java:52)
	at org.junit.runners.ParentRunner.runChildren(ParentRunner.java:191)
	at org.junit.runners.ParentRunner.access$000(ParentRunner.java:42)
	at org.junit.runners.ParentRunner$2.evaluate(ParentRunner.java:184)
	at org.junit.internal.runners.statements.RunBefores.evaluate(RunBefores.java:28)
	at org.junit.internal.runners.statements.RunAfters.evaluate(RunAfters.java:31)
	at org.junit.runners.ParentRunner.run(ParentRunner.java:236)
	at org.apache.maven.surefire.junit4.JUnit4TestSet.execute(JUnit4TestSet.java:35)
	at org.apache.maven.surefire.junit4.JUnit4Provider.executeTestSet(JUnit4Provider.java:115)
	at org.apache.maven.surefire.junit4.JUnit4Provider.invoke(JUnit4Provider.java:97)
	at sun.reflect.NativeMethodAccessorImpl.invoke0(Native Method)
	at sun.reflect.NativeMethodAccessorImpl.invoke(NativeMethodAccessorImpl.java:57)
	at sun.reflect.DelegatingMethodAccessorImpl.invoke(DelegatingMethodAccessorImpl.java:43)
	at java.lang.reflect.Method.invoke(Method.java:606)
	at org.apache.maven.surefire.booter.ProviderFactory$ClassLoaderProxy.invoke(ProviderFactory.java:103)
	at com.sun.proxy.$Proxy0.invoke(Unknown Source)
	at org.apache.maven.surefire.booter.SurefireStarter.invokeProvider(SurefireStarter.java:150)
	at org.apache.maven.surefire.booter.SurefireStarter.runSuitesInProcess(SurefireStarter.java:74)
	at org.apache.maven.surefire.booter.ForkedBooter.main(ForkedBooter.java:69)

2016-07-16 16:20:42,964 ERROR An exception occurred processing Appender Fail org.apache.logging.log4j.LoggingException: Always fail
	at org.apache.logging.log4j.test.appender.AlwaysFailAppender.append(AlwaysFailAppender.java:37)
	at org.apache.logging.log4j.core.config.AppenderControl.callAppender(AppenderControl.java:98)
	at org.apache.logging.log4j.core.appender.FailoverAppender.append(FailoverAppender.java:99)
	at org.apache.logging.log4j.core.config.AppenderControl.callAppender(AppenderControl.java:98)
	at org.apache.logging.log4j.core.config.LoggerConfig.callAppenders(LoggerConfig.java:334)
	at org.apache.logging.log4j.core.config.LoggerConfig.log(LoggerConfig.java:315)
	at org.apache.logging.log4j.core.config.LoggerConfig.log(LoggerConfig.java:280)
	at org.apache.logging.log4j.core.Logger.log(Logger.java:106)
	at org.apache.logging.log4j.spi.AbstractLogger.error(AbstractLogger.java:987)
	at org.apache.logging.log4j.core.appender.FailoverAppenderTest.testFailover(FailoverAppenderTest.java:75)
	at sun.reflect.NativeMethodAccessorImpl.invoke0(Native Method)
	at sun.reflect.NativeMethodAccessorImpl.invoke(NativeMethodAccessorImpl.java:57)
	at sun.reflect.DelegatingMethodAccessorImpl.invoke(DelegatingMethodAccessorImpl.java:43)
	at java.lang.reflect.Method.invoke(Method.java:606)
	at org.junit.runners.model.FrameworkMethod$1.runReflectiveCall(FrameworkMethod.java:44)
	at org.junit.internal.runners.model.ReflectiveCallable.run(ReflectiveCallable.java:15)
	at org.junit.runners.model.FrameworkMethod.invokeExplosively(FrameworkMethod.java:41)
	at org.junit.internal.runners.statements.InvokeMethod.evaluate(InvokeMethod.java:20)
	at org.junit.runners.BlockJUnit4ClassRunner.runChild(BlockJUnit4ClassRunner.java:76)
	at org.junit.runners.BlockJUnit4ClassRunner.runChild(BlockJUnit4ClassRunner.java:50)
	at org.junit.runners.ParentRunner$3.run(ParentRunner.java:193)
	at org.junit.runners.ParentRunner$1.schedule(ParentRunner.java:52)
	at org.junit.runners.ParentRunner.runChildren(ParentRunner.java:191)
	at org.junit.runners.ParentRunner.access$000(ParentRunner.java:42)
	at org.junit.runners.ParentRunner$2.evaluate(ParentRunner.java:184)
	at org.junit.internal.runners.statements.RunBefores.evaluate(RunBefores.java:28)
	at org.junit.internal.runners.statements.RunAfters.evaluate(RunAfters.java:31)
	at org.junit.runners.ParentRunner.run(ParentRunner.java:236)
	at org.apache.maven.surefire.junit4.JUnit4TestSet.execute(JUnit4TestSet.java:35)
	at org.apache.maven.surefire.junit4.JUnit4Provider.executeTestSet(JUnit4Provider.java:115)
	at org.apache.maven.surefire.junit4.JUnit4Provider.invoke(JUnit4Provider.java:97)
	at sun.reflect.NativeMethodAccessorImpl.invoke0(Native Method)
	at sun.reflect.NativeMethodAccessorImpl.invoke(NativeMethodAccessorImpl.java:57)
	at sun.reflect.DelegatingMethodAccessorImpl.invoke(DelegatingMethodAccessorImpl.java:43)
	at java.lang.reflect.Method.invoke(Method.java:606)
	at org.apache.maven.surefire.booter.ProviderFactory$ClassLoaderProxy.invoke(ProviderFactory.java:103)
	at com.sun.proxy.$Proxy0.invoke(Unknown Source)
	at org.apache.maven.surefire.booter.SurefireStarter.invokeProvider(SurefireStarter.java:150)
	at org.apache.maven.surefire.booter.SurefireStarter.runSuitesInProcess(SurefireStarter.java:74)
	at org.apache.maven.surefire.booter.ForkedBooter.main(ForkedBooter.java:69)

Tests run: 1, Failures: 0, Errors: 0, Skipped: 0, Time elapsed: 0.289 sec
Running org.apache.logging.log4j.core.appender.SyslogAppenderTest
Tests run: 5, Failures: 0, Errors: 0, Skipped: 0, Time elapsed: 0.274 sec
Running org.apache.logging.log4j.core.appender.rewrite.RewriteAppenderTest
Tests run: 2, Failures: 0, Errors: 0, Skipped: 0, Time elapsed: 0.306 sec
Running org.apache.logging.log4j.core.CollectionLoggingTest
16:20:44.656 [main] ERROR org.apache.logging.log4j.core.CollectionLoggingTest - {Big5=Big5, Big5-HKSCS=Big5-HKSCS, EUC-JP=EUC-JP, EUC-KR=EUC-KR, GB18030=GB18030, GB2312=GB2312, GBK=GBK, IBM-Thai=IBM-Thai, IBM00858=IBM00858, IBM01140=IBM01140, IBM01141=IBM01141, IBM01142=IBM01142, IBM01143=IBM01143, IBM01144=IBM01144, IBM01145=IBM01145, IBM01146=IBM01146, IBM01147=IBM01147, IBM01148=IBM01148, IBM01149=IBM01149, IBM037=IBM037, IBM1026=IBM1026, IBM1047=IBM1047, IBM273=IBM273, IBM277=IBM277, IBM278=IBM278, IBM280=IBM280, IBM284=IBM284, IBM285=IBM285, IBM290=IBM290, IBM297=IBM297, IBM420=IBM420, IBM424=IBM424, IBM437=IBM437, IBM500=IBM500, IBM775=IBM775, IBM850=IBM850, IBM852=IBM852, IBM855=IBM855, IBM857=IBM857, IBM860=IBM860, IBM861=IBM861, IBM862=IBM862, IBM863=IBM863, IBM864=IBM864, IBM865=IBM865, IBM866=IBM866, IBM868=IBM868, IBM869=IBM869, IBM870=IBM870, IBM871=IBM871, IBM918=IBM918, ISO-2022-CN=ISO-2022-CN, ISO-2022-JP=ISO-2022-JP, ISO-2022-JP-2=ISO-2022-JP-2, ISO-2022-KR=ISO-2022-KR, ISO-8859-1=ISO-8859-1, ISO-8859-13=ISO-8859-13, ISO-8859-15=ISO-8859-15, ISO-8859-2=ISO-8859-2, ISO-8859-3=ISO-8859-3, ISO-8859-4=ISO-8859-4, ISO-8859-5=ISO-8859-5, ISO-8859-6=ISO-8859-6, ISO-8859-7=ISO-8859-7, ISO-8859-8=ISO-8859-8, ISO-8859-9=ISO-8859-9, JIS_X0201=JIS_X0201, JIS_X0212-1990=JIS_X0212-1990, KOI8-R=KOI8-R, KOI8-U=KOI8-U, Shift_JIS=Shift_JIS, TIS-620=TIS-620, US-ASCII=US-ASCII, UTF-16=UTF-16, UTF-16BE=UTF-16BE, UTF-16LE=UTF-16LE, UTF-32=UTF-32, UTF-32BE=UTF-32BE, UTF-32LE=UTF-32LE, UTF-8=UTF-8, windows-1250=windows-1250, windows-1251=windows-1251, windows-1252=windows-1252, windows-1253=windows-1253, windows-1254=windows-1254, windows-1255=windows-1255, windows-1256=windows-1256, windows-1257=windows-1257, windows-1258=windows-1258, windows-31j=windows-31j, x-Big5-HKSCS-2001=x-Big5-HKSCS-2001, x-Big5-Solaris=x-Big5-Solaris, x-COMPOUND_TEXT=x-COMPOUND_TEXT, x-euc-jp-linux=x-euc-jp-linux, x-EUC-TW=x-EUC-TW, x-eucJP-Open=x-eucJP-Open, x-IBM1006=x-IBM1006, x-IBM1025=x-IBM1025, x-IBM1046=x-IBM1046, x-IBM1097=x-IBM1097, x-IBM1098=x-IBM1098, x-IBM1112=x-IBM1112, x-IBM1122=x-IBM1122, x-IBM1123=x-IBM1123, x-IBM1124=x-IBM1124, x-IBM1364=x-IBM1364, x-IBM1381=x-IBM1381, x-IBM1383=x-IBM1383, x-IBM300=x-IBM300, x-IBM33722=x-IBM33722, x-IBM737=x-IBM737, x-IBM833=x-IBM833, x-IBM834=x-IBM834, x-IBM856=x-IBM856, x-IBM874=x-IBM874, x-IBM875=x-IBM875, x-IBM921=x-IBM921, x-IBM922=x-IBM922, x-IBM930=x-IBM930, x-IBM933=x-IBM933, x-IBM935=x-IBM935, x-IBM937=x-IBM937, x-IBM939=x-IBM939, x-IBM942=x-IBM942, x-IBM942C=x-IBM942C, x-IBM943=x-IBM943, x-IBM943C=x-IBM943C, x-IBM948=x-IBM948, x-IBM949=x-IBM949, x-IBM949C=x-IBM949C, x-IBM950=x-IBM950, x-IBM964=x-IBM964, x-IBM970=x-IBM970, x-ISCII91=x-ISCII91, x-ISO-2022-CN-CNS=x-ISO-2022-CN-CNS, x-ISO-2022-CN-GB=x-ISO-2022-CN-GB, x-iso-8859-11=x-iso-8859-11, x-JIS0208=x-JIS0208, x-JISAutoDetect=x-JISAutoDetect, x-Johab=x-Johab, x-MacArabic=x-MacArabic, x-MacCentralEurope=x-MacCentralEurope, x-MacCroatian=x-MacCroatian, x-MacCyrillic=x-MacCyrillic, x-MacDingbat=x-MacDingbat, x-MacGreek=x-MacGreek, x-MacHebrew=x-MacHebrew, x-MacIceland=x-MacIceland, x-MacRoman=x-MacRoman, x-MacRomania=x-MacRomania, x-MacSymbol=x-MacSymbol, x-MacThai=x-MacThai, x-MacTurkish=x-MacTurkish, x-MacUkraine=x-MacUkraine, x-MS932_0213=x-MS932_0213, x-MS950-HKSCS=x-MS950-HKSCS, x-MS950-HKSCS-XP=x-MS950-HKSCS-XP, x-mswin-936=x-mswin-936, x-PCK=x-PCK, x-SJIS_0213=x-SJIS_0213, x-UTF-16LE-BOM=x-UTF-16LE-BOM, X-UTF-32BE-BOM=X-UTF-32BE-BOM, X-UTF-32LE-BOM=X-UTF-32LE-BOM, x-windows-50220=x-windows-50220, x-windows-50221=x-windows-50221, x-windows-874=x-windows-874, x-windows-949=x-windows-949, x-windows-950=x-windows-950, x-windows-iso2022jp=x-windows-iso2022jp}
16:20:44.661 [main] ERROR org.apache.logging.log4j.core.CollectionLoggingTest - {java.runtime.name=OpenJDK Runtime Environment, sun.boot.library.path=/usr/lib/jvm/java-7-openjdk-amd64/jre/lib/amd64, java.vm.version=24.95-b01, java.vm.vendor=Oracle Corporation, java.vendor.url=http://java.oracle.com/, path.separator=:, java.vm.name=OpenJDK 64-Bit Server VM, file.encoding.pkg=sun.io, user.country=US, sun.java.launcher=SUN_STANDARD, sun.os.patch.level=unknown, java.vm.specification.name=Java Virtual Machine Specification, user.dir=/home/ylyu/parallel/log4j2/log4j29/dataset/logging-log4j2/LOG4J2-107_88641f4938789e63aea84289998b6c443fe0f5f9/core, java.runtime.version=1.7.0_101-b00, basedir=/home/ylyu/parallel/log4j2/log4j29/dataset/logging-log4j2/LOG4J2-107_88641f4938789e63aea84289998b6c443fe0f5f9/core, java.awt.graphicsenv=sun.awt.X11GraphicsEnvironment, java.endorsed.dirs=/usr/lib/jvm/java-7-openjdk-amd64/jre/lib/endorsed, os.arch=amd64, java.io.tmpdir=/tmp, line.separator=
, java.vm.specification.vendor=Oracle Corporation, os.name=Linux, sun.jnu.encoding=UTF-8, java.library.path=/usr/java/packages/lib/amd64:/usr/lib/x86_64-linux-gnu/jni:/lib/x86_64-linux-gnu:/usr/lib/x86_64-linux-gnu:/usr/lib/jni:/lib:/usr/lib, surefire.test.class.path=/home/ylyu/parallel/log4j2/log4j29/dataset/logging-log4j2/LOG4J2-107_88641f4938789e63aea84289998b6c443fe0f5f9/core/target/test-classes:/home/ylyu/parallel/log4j2/log4j29/dataset/logging-log4j2/LOG4J2-107_88641f4938789e63aea84289998b6c443fe0f5f9/core/target/classes:/home/ylyu/.m2/repository/org/apache/logging/log4j/log4j-api/2.0-beta3-SNAPSHOT/log4j-api-2.0-beta3-SNAPSHOT.jar:/home/ylyu/.m2/repository/org/osgi/core/4.3.0/core-4.3.0.jar:/home/ylyu/.m2/repository/org/codehaus/jackson/jackson-core-asl/1.9.2/jackson-core-asl-1.9.2.jar:/home/ylyu/.m2/repository/org/codehaus/jackson/jackson-mapper-asl/1.9.2/jackson-mapper-asl-1.9.2.jar:/home/ylyu/.m2/repository/org/fusesource/jansi/jansi/1.9/jansi-1.9.jar:/home/ylyu/.m2/repository/oro/oro/2.0.8/oro-2.0.8.jar:/home/ylyu/.m2/repository/log4j/log4j/1.2.16/log4j-1.2.16.jar:/home/ylyu/.m2/repository/org/slf4j/slf4j-api/1.7.1/slf4j-api-1.7.1.jar:/home/ylyu/.m2/repository/org/slf4j/slf4j-ext/1.7.1/slf4j-ext-1.7.1.jar:/home/ylyu/.m2/repository/ch/qos/cal10n/cal10n-api/0.7.4/cal10n-api-0.7.4.jar:/home/ylyu/.m2/repository/junit/junit/4.7/junit-4.7.jar:/home/ylyu/.m2/repository/org/mockejb/mockejb/0.6-beta2/mockejb-0.6-beta2.jar:/home/ylyu/.m2/repository/cglib/cglib-full/2.0.2/cglib-full-2.0.2.jar:/home/ylyu/.m2/repository/commons-logging/commons-logging/1.0.4/commons-logging-1.0.4.jar:/home/ylyu/.m2/repository/ch/qos/logback/logback-core/1.0.7/logback-core-1.0.7.jar:/home/ylyu/.m2/repository/ch/qos/logback/logback-classic/1.0.7/logback-classic-1.0.7.jar:/home/ylyu/.m2/repository/org/apache/geronimo/specs/geronimo-jms_1.1_spec/1.0/geronimo-jms_1.1_spec-1.0.jar:, java.specification.name=Java Platform API Specification, java.class.version=51.0, sun.management.compiler=HotSpot 64-Bit Tiered Compilers, os.version=4.2.0-27-generic, user.home=/home/ylyu, user.timezone=America/Los_Angeles, java.awt.printerjob=sun.print.PSPrinterJob, file.encoding=UTF-8, java.specification.version=1.7, java.class.path=/home/ylyu/parallel/log4j2/log4j29/dataset/logging-log4j2/LOG4J2-107_88641f4938789e63aea84289998b6c443fe0f5f9/core/target/surefire/surefirebooter3295108122219555541.jar, user.name=ylyu, java.vm.specification.version=1.7, sun.java.command=/home/ylyu/parallel/log4j2/log4j29/dataset/logging-log4j2/LOG4J2-107_88641f4938789e63aea84289998b6c443fe0f5f9/core/target/surefire/surefirebooter3295108122219555541.jar /home/ylyu/parallel/log4j2/log4j29/dataset/logging-log4j2/LOG4J2-107_88641f4938789e63aea84289998b6c443fe0f5f9/core/target/surefire/surefire5490389550328525603tmp /home/ylyu/parallel/log4j2/log4j29/dataset/logging-log4j2/LOG4J2-107_88641f4938789e63aea84289998b6c443fe0f5f9/core/target/surefire/surefire6887787088409500241tmp, java.home=/usr/lib/jvm/java-7-openjdk-amd64/jre, sun.arch.data.model=64, user.language=en, java.specification.vendor=Oracle Corporation, awt.toolkit=sun.awt.X11.XToolkit, java.vm.info=mixed mode, java.version=1.7.0_101, java.ext.dirs=/usr/lib/jvm/java-7-openjdk-amd64/jre/lib/ext:/usr/java/packages/lib/ext, sun.boot.class.path=/usr/lib/jvm/java-7-openjdk-amd64/jre/lib/resources.jar:/usr/lib/jvm/java-7-openjdk-amd64/jre/lib/rt.jar:/usr/lib/jvm/java-7-openjdk-amd64/jre/lib/sunrsasign.jar:/usr/lib/jvm/java-7-openjdk-amd64/jre/lib/jsse.jar:/usr/lib/jvm/java-7-openjdk-amd64/jre/lib/jce.jar:/usr/lib/jvm/java-7-openjdk-amd64/jre/lib/charsets.jar:/usr/lib/jvm/java-7-openjdk-amd64/jre/lib/rhino.jar:/usr/lib/jvm/java-7-openjdk-amd64/jre/lib/jfr.jar:/usr/lib/jvm/java-7-openjdk-amd64/jre/classes, java.vendor=Oracle Corporation, localRepository=/home/ylyu/.m2/repository, file.separator=/, java.vendor.url.bug=http://bugreport.sun.com/bugreport/, sun.io.unicode.encoding=UnicodeLittle, sun.cpu.endian=little, sun.cpu.isalist=}
16:20:44.664 [main] ERROR org.apache.logging.log4j.core.CollectionLoggingTest - java.net.NetworkInterface$1@15423ab0
16:20:44.664 [main] ERROR org.apache.logging.log4j.core.CollectionLoggingTest - {java.runtime.name=OpenJDK Runtime Environment, sun.boot.library.path=/usr/lib/jvm/java-7-openjdk-amd64/jre/lib/amd64, java.vm.version=24.95-b01, java.vm.vendor=Oracle Corporation, java.vendor.url=http://java.oracle.com/, path.separator=:, java.vm.name=OpenJDK 64-Bit Server VM, file.encoding.pkg=sun.io, user.country=US, sun.java.launcher=SUN_STANDARD, sun.os.patch.level=unknown, java.vm.specification.name=Java Virtual Machine Specification, user.dir=/home/ylyu/parallel/log4j2/log4j29/dataset/logging-log4j2/LOG4J2-107_88641f4938789e63aea84289998b6c443fe0f5f9/core, java.runtime.version=1.7.0_101-b00, basedir=/home/ylyu/parallel/log4j2/log4j29/dataset/logging-log4j2/LOG4J2-107_88641f4938789e63aea84289998b6c443fe0f5f9/core, java.awt.graphicsenv=sun.awt.X11GraphicsEnvironment, java.endorsed.dirs=/usr/lib/jvm/java-7-openjdk-amd64/jre/lib/endorsed, os.arch=amd64, java.io.tmpdir=/tmp, line.separator=
, java.vm.specification.vendor=Oracle Corporation, os.name=Linux, sun.jnu.encoding=UTF-8, java.library.path=/usr/java/packages/lib/amd64:/usr/lib/x86_64-linux-gnu/jni:/lib/x86_64-linux-gnu:/usr/lib/x86_64-linux-gnu:/usr/lib/jni:/lib:/usr/lib, surefire.test.class.path=/home/ylyu/parallel/log4j2/log4j29/dataset/logging-log4j2/LOG4J2-107_88641f4938789e63aea84289998b6c443fe0f5f9/core/target/test-classes:/home/ylyu/parallel/log4j2/log4j29/dataset/logging-log4j2/LOG4J2-107_88641f4938789e63aea84289998b6c443fe0f5f9/core/target/classes:/home/ylyu/.m2/repository/org/apache/logging/log4j/log4j-api/2.0-beta3-SNAPSHOT/log4j-api-2.0-beta3-SNAPSHOT.jar:/home/ylyu/.m2/repository/org/osgi/core/4.3.0/core-4.3.0.jar:/home/ylyu/.m2/repository/org/codehaus/jackson/jackson-core-asl/1.9.2/jackson-core-asl-1.9.2.jar:/home/ylyu/.m2/repository/org/codehaus/jackson/jackson-mapper-asl/1.9.2/jackson-mapper-asl-1.9.2.jar:/home/ylyu/.m2/repository/org/fusesource/jansi/jansi/1.9/jansi-1.9.jar:/home/ylyu/.m2/repository/oro/oro/2.0.8/oro-2.0.8.jar:/home/ylyu/.m2/repository/log4j/log4j/1.2.16/log4j-1.2.16.jar:/home/ylyu/.m2/repository/org/slf4j/slf4j-api/1.7.1/slf4j-api-1.7.1.jar:/home/ylyu/.m2/repository/org/slf4j/slf4j-ext/1.7.1/slf4j-ext-1.7.1.jar:/home/ylyu/.m2/repository/ch/qos/cal10n/cal10n-api/0.7.4/cal10n-api-0.7.4.jar:/home/ylyu/.m2/repository/junit/junit/4.7/junit-4.7.jar:/home/ylyu/.m2/repository/org/mockejb/mockejb/0.6-beta2/mockejb-0.6-beta2.jar:/home/ylyu/.m2/repository/cglib/cglib-full/2.0.2/cglib-full-2.0.2.jar:/home/ylyu/.m2/repository/commons-logging/commons-logging/1.0.4/commons-logging-1.0.4.jar:/home/ylyu/.m2/repository/ch/qos/logback/logback-core/1.0.7/logback-core-1.0.7.jar:/home/ylyu/.m2/repository/ch/qos/logback/logback-classic/1.0.7/logback-classic-1.0.7.jar:/home/ylyu/.m2/repository/org/apache/geronimo/specs/geronimo-jms_1.1_spec/1.0/geronimo-jms_1.1_spec-1.0.jar:, java.specification.name=Java Platform API Specification, java.class.version=51.0, sun.management.compiler=HotSpot 64-Bit Tiered Compilers, os.version=4.2.0-27-generic, user.home=/home/ylyu, user.timezone=America/Los_Angeles, java.awt.printerjob=sun.print.PSPrinterJob, file.encoding=UTF-8, java.specification.version=1.7, java.class.path=/home/ylyu/parallel/log4j2/log4j29/dataset/logging-log4j2/LOG4J2-107_88641f4938789e63aea84289998b6c443fe0f5f9/core/target/surefire/surefirebooter3295108122219555541.jar, user.name=ylyu, java.vm.specification.version=1.7, sun.java.command=/home/ylyu/parallel/log4j2/log4j29/dataset/logging-log4j2/LOG4J2-107_88641f4938789e63aea84289998b6c443fe0f5f9/core/target/surefire/surefirebooter3295108122219555541.jar /home/ylyu/parallel/log4j2/log4j29/dataset/logging-log4j2/LOG4J2-107_88641f4938789e63aea84289998b6c443fe0f5f9/core/target/surefire/surefire5490389550328525603tmp /home/ylyu/parallel/log4j2/log4j29/dataset/logging-log4j2/LOG4J2-107_88641f4938789e63aea84289998b6c443fe0f5f9/core/target/surefire/surefire6887787088409500241tmp, java.home=/usr/lib/jvm/java-7-openjdk-amd64/jre, sun.arch.data.model=64, user.language=en, java.specification.vendor=Oracle Corporation, awt.toolkit=sun.awt.X11.XToolkit, java.vm.info=mixed mode, java.version=1.7.0_101, java.ext.dirs=/usr/lib/jvm/java-7-openjdk-amd64/jre/lib/ext:/usr/java/packages/lib/ext, sun.boot.class.path=/usr/lib/jvm/java-7-openjdk-amd64/jre/lib/resources.jar:/usr/lib/jvm/java-7-openjdk-amd64/jre/lib/rt.jar:/usr/lib/jvm/java-7-openjdk-amd64/jre/lib/sunrsasign.jar:/usr/lib/jvm/java-7-openjdk-amd64/jre/lib/jsse.jar:/usr/lib/jvm/java-7-openjdk-amd64/jre/lib/jce.jar:/usr/lib/jvm/java-7-openjdk-amd64/jre/lib/charsets.jar:/usr/lib/jvm/java-7-openjdk-amd64/jre/lib/rhino.jar:/usr/lib/jvm/java-7-openjdk-amd64/jre/lib/jfr.jar:/usr/lib/jvm/java-7-openjdk-amd64/jre/classes, java.vendor=Oracle Corporation, localRepository=/home/ylyu/.m2/repository, file.separator=/, java.vendor.url.bug=http://bugreport.sun.com/bugreport/, sun.io.unicode.encoding=UnicodeLittle, sun.cpu.endian=little, sun.cpu.isalist=}
16:20:44.665 [main] ERROR org.apache.logging.log4j.core.CollectionLoggingTest - MyKey1="MyValue1" MyKey2="MyValue2"
16:20:44.665 [main] ERROR org.apache.logging.log4j.core.CollectionLoggingTest - {MyKey2=MyValue2, MyKey1=MyValue1}
Tests run: 4, Failures: 0, Errors: 0, Skipped: 0, Time elapsed: 0.304 sec

Results :

Failed tests: 

Tests run: 95, Failures: 1, Errors: 0, Skipped: 0

[INFO] ------------------------------------------------------------------------
[INFO] BUILD FAILURE
[INFO] ------------------------------------------------------------------------
[INFO] Total time: 58.369 s
[INFO] Finished at: 2016-07-16T16:20:44-07:00
[INFO] Final Memory: 20M/964M
[INFO] ------------------------------------------------------------------------
[ERROR] Failed to execute goal org.apache.maven.plugins:maven-surefire-plugin:2.7.2:test (default-test) on project log4j-core: There are test failures.
[ERROR] 
[ERROR] Please refer to /home/ylyu/parallel/log4j2/log4j29/dataset/logging-log4j2/LOG4J2-107_88641f4938789e63aea84289998b6c443fe0f5f9/core/target/surefire-reports for the individual test results.
[ERROR] -> [Help 1]
[ERROR] 
[ERROR] To see the full stack trace of the errors, re-run Maven with the -e switch.
[ERROR] Re-run Maven using the -X switch to enable full debug logging.
[ERROR] 
[ERROR] For more information about the errors and possible solutions, please read the following articles:
[ERROR] [Help 1] http://cwiki.apache.org/confluence/display/MAVEN/MojoFailureException
