[INFO] Scanning for projects...
[INFO]                                                                         
[INFO] ------------------------------------------------------------------------
[INFO] Building Apache Log4j API 2.0RC1-SNAPSHOT
[INFO] ------------------------------------------------------------------------
[INFO] 
[INFO] --- maven-remote-resources-plugin:1.1:process (default) @ log4j-api ---
[INFO] Setting property: classpath.resource.loader.class => 'org.codehaus.plexus.velocity.ContextClassLoaderResourceLoader'.
[INFO] Setting property: velocimacro.messages.on => 'false'.
[INFO] Setting property: resource.loader => 'classpath'.
[INFO] Setting property: resource.manager.logwhenfound => 'false'.
[INFO] 
[INFO] --- maven-resources-plugin:2.5:resources (default-resources) @ log4j-api ---
[debug] execute contextualize
[INFO] Using 'UTF-8' encoding to copy filtered resources.
[INFO] skip non existing resourceDirectory /home/ylyu/parallel/log4j2/log4j29/dataset/logging-log4j2/LOG4J2-523_837dcd89d5f0ff02c240ec10704409ca133f5dbe/log4j-api/src/main/resources
[INFO] Copying 3 resources
[INFO] 
[INFO] --- maven-compiler-plugin:3.1:compile (default-compile) @ log4j-api ---
[INFO] Changes detected - recompiling the module!
[INFO] Compiling 61 source files to /home/ylyu/parallel/log4j2/log4j29/dataset/logging-log4j2/LOG4J2-523_837dcd89d5f0ff02c240ec10704409ca133f5dbe/log4j-api/target/classes
[WARNING] bootstrap class path not set in conjunction with -source 1.6
[INFO] 
[INFO] --- maven-bundle-plugin:2.3.7:manifest (bundle-manifest) @ log4j-api ---
[INFO] 
[INFO] --- maven-resources-plugin:2.5:testResources (default-testResources) @ log4j-api ---
[debug] execute contextualize
[INFO] Using 'UTF-8' encoding to copy filtered resources.
[INFO] Copying 7 resources
[INFO] Copying 3 resources
[INFO] 
[INFO] --- maven-compiler-plugin:3.1:testCompile (default-testCompile) @ log4j-api ---
[INFO] Nothing to compile - all classes are up to date
[INFO] 
[INFO] --- maven-surefire-plugin:2.16:test (default-test) @ log4j-api ---
[WARNING] The parameter forkMode is deprecated since version 2.14. Use forkCount and reuseForks instead.
[INFO] Surefire report directory: /home/ylyu/parallel/log4j2/log4j29/dataset/logging-log4j2/LOG4J2-523_837dcd89d5f0ff02c240ec10704409ca133f5dbe/log4j-api/target/surefire-reports

-------------------------------------------------------
 T E S T S
-------------------------------------------------------

-------------------------------------------------------
 T E S T S
-------------------------------------------------------
Running org.apache.logging.log4j.message.MessageFormatMessageTest
Tests run: 3, Failures: 0, Errors: 0, Skipped: 0, Time elapsed: 0.055 sec - in org.apache.logging.log4j.message.MessageFormatMessageTest
Running org.apache.logging.log4j.message.StructuredDataMessageTest
Tests run: 2, Failures: 0, Errors: 0, Skipped: 0, Time elapsed: 0.048 sec - in org.apache.logging.log4j.message.StructuredDataMessageTest
Running org.apache.logging.log4j.message.MessageFormatsPerfTest
Timer Parameterized stopped. Elapsed time: 0.004752490 seconds Average per iteration: 0.000009504 seconds
Timer FormattedParameterized stopped. Elapsed time: 0.015459019 seconds Average per iteration: 0.000030918 seconds
Timer MessageFormat stopped. Elapsed time: 0.023399554 seconds Average per iteration: 0.000046799 seconds
Timer StringFormat stopped. Elapsed time: 0.027910672 seconds Average per iteration: 0.000055821 seconds
Parameterized is 5.87 times faster than StringFormat.
Parameterized is 4.92 times faster than MessageFormat.
Parameterized is 3.25 times faster than Formatted.
Tests run: 4, Failures: 0, Errors: 0, Skipped: 0, Time elapsed: 0.135 sec - in org.apache.logging.log4j.message.MessageFormatsPerfTest
Running org.apache.logging.log4j.message.StringFormattedMessageTest
Tests run: 3, Failures: 0, Errors: 0, Skipped: 0, Time elapsed: 0.057 sec - in org.apache.logging.log4j.message.StringFormattedMessageTest
Running org.apache.logging.log4j.message.ParameterizedMessageTest
Tests run: 1, Failures: 0, Errors: 0, Skipped: 0, Time elapsed: 0.045 sec - in org.apache.logging.log4j.message.ParameterizedMessageTest
Running org.apache.logging.log4j.message.FormattedMessageTest
Tests run: 5, Failures: 0, Errors: 0, Skipped: 0, Time elapsed: 0.072 sec - in org.apache.logging.log4j.message.FormattedMessageTest
Running org.apache.logging.log4j.message.ObjectMessageTest
Tests run: 2, Failures: 0, Errors: 0, Skipped: 0, Time elapsed: 0.053 sec - in org.apache.logging.log4j.message.ObjectMessageTest
Running org.apache.logging.log4j.message.LocalizedMessageTest
Tests run: 4, Failures: 0, Errors: 2, Skipped: 0, Time elapsed: 0.105 sec <<< FAILURE! - in org.apache.logging.log4j.message.LocalizedMessageTest
testSerializationMessageFormat(org.apache.logging.log4j.message.LocalizedMessageTest)  Time elapsed: 0.05 sec  <<< ERROR!
org.apache.commons.lang3.SerializationException: java.io.EOFException
	at java.io.DataInputStream.readUnsignedShort(DataInputStream.java:340)
	at java.io.ObjectInputStream$BlockDataInputStream.readUnsignedShort(ObjectInputStream.java:2834)
	at java.io.ObjectInputStream$BlockDataInputStream.readUTF(ObjectInputStream.java:2890)
	at java.io.ObjectInputStream.readUTF(ObjectInputStream.java:1075)
	at org.apache.logging.log4j.message.LocalizedMessage.readObject(LocalizedMessage.java:278)
	at sun.reflect.NativeMethodAccessorImpl.invoke0(Native Method)
	at sun.reflect.NativeMethodAccessorImpl.invoke(NativeMethodAccessorImpl.java:57)
	at sun.reflect.DelegatingMethodAccessorImpl.invoke(DelegatingMethodAccessorImpl.java:43)
	at java.lang.reflect.Method.invoke(Method.java:606)
	at java.io.ObjectStreamClass.invokeReadObject(ObjectStreamClass.java:1058)
	at java.io.ObjectInputStream.readSerialData(ObjectInputStream.java:1907)
	at java.io.ObjectInputStream.readOrdinaryObject(ObjectInputStream.java:1806)
	at java.io.ObjectInputStream.readObject0(ObjectInputStream.java:1353)
	at java.io.ObjectInputStream.readObject(ObjectInputStream.java:373)
	at org.apache.commons.lang3.SerializationUtils.deserialize(SerializationUtils.java:209)
	at org.apache.commons.lang3.SerializationUtils.deserialize(SerializationUtils.java:253)
	at org.apache.logging.log4j.message.LocalizedMessageTest.roundtrip(LocalizedMessageTest.java:37)
	at org.apache.logging.log4j.message.LocalizedMessageTest.testSerializationMessageFormat(LocalizedMessageTest.java:50)

testSerializationStringFormat(org.apache.logging.log4j.message.LocalizedMessageTest)  Time elapsed: 0.001 sec  <<< ERROR!
org.apache.commons.lang3.SerializationException: java.io.EOFException
	at java.io.DataInputStream.readUnsignedShort(DataInputStream.java:340)
	at java.io.ObjectInputStream$BlockDataInputStream.readUnsignedShort(ObjectInputStream.java:2834)
	at java.io.ObjectInputStream$BlockDataInputStream.readUTF(ObjectInputStream.java:2890)
	at java.io.ObjectInputStream.readUTF(ObjectInputStream.java:1075)
	at org.apache.logging.log4j.message.LocalizedMessage.readObject(LocalizedMessage.java:278)
	at sun.reflect.NativeMethodAccessorImpl.invoke0(Native Method)
	at sun.reflect.NativeMethodAccessorImpl.invoke(NativeMethodAccessorImpl.java:57)
	at sun.reflect.DelegatingMethodAccessorImpl.invoke(DelegatingMethodAccessorImpl.java:43)
	at java.lang.reflect.Method.invoke(Method.java:606)
	at java.io.ObjectStreamClass.invokeReadObject(ObjectStreamClass.java:1058)
	at java.io.ObjectInputStream.readSerialData(ObjectInputStream.java:1907)
	at java.io.ObjectInputStream.readOrdinaryObject(ObjectInputStream.java:1806)
	at java.io.ObjectInputStream.readObject0(ObjectInputStream.java:1353)
	at java.io.ObjectInputStream.readObject(ObjectInputStream.java:373)
	at org.apache.commons.lang3.SerializationUtils.deserialize(SerializationUtils.java:209)
	at org.apache.commons.lang3.SerializationUtils.deserialize(SerializationUtils.java:253)
	at org.apache.logging.log4j.message.LocalizedMessageTest.roundtrip(LocalizedMessageTest.java:37)
	at org.apache.logging.log4j.message.LocalizedMessageTest.testSerializationStringFormat(LocalizedMessageTest.java:58)

Running org.apache.logging.log4j.message.MapMessageTest
Tests run: 4, Failures: 0, Errors: 0, Skipped: 0, Time elapsed: 0.055 sec - in org.apache.logging.log4j.message.MapMessageTest
Running org.apache.logging.log4j.message.ThreadDumpMessageTest
Tests run: 3, Failures: 0, Errors: 0, Skipped: 0, Time elapsed: 0.264 sec - in org.apache.logging.log4j.message.ThreadDumpMessageTest
Running org.apache.logging.log4j.EventLoggerTest
Tests run: 1, Failures: 0, Errors: 0, Skipped: 0, Time elapsed: 0.098 sec - in org.apache.logging.log4j.EventLoggerTest
Running org.apache.logging.log4j.osgi.equinox.EquinoxLoadApiBundleTest
Tests run: 1, Failures: 0, Errors: 0, Skipped: 0, Time elapsed: 0.558 sec - in org.apache.logging.log4j.osgi.equinox.EquinoxLoadApiBundleTest
Running org.apache.logging.log4j.osgi.felix.FelixLoadApiBundleTest
Tests run: 1, Failures: 0, Errors: 0, Skipped: 0, Time elapsed: 0.281 sec - in org.apache.logging.log4j.osgi.felix.FelixLoadApiBundleTest
Running org.apache.logging.log4j.ThreadContextTest
Timer ThreadContextCopy stopped. Elapsed time: 0.018251972 seconds Average per iteration: 0.000000018 seconds
Timer ThreadContextTest stopped. Elapsed time: 0.018443267 seconds
Tests run: 12, Failures: 0, Errors: 0, Skipped: 0, Time elapsed: 0.119 sec - in org.apache.logging.log4j.ThreadContextTest
Running org.apache.logging.log4j.LevelTest
Tests run: 2, Failures: 0, Errors: 0, Skipped: 0, Time elapsed: 0.052 sec - in org.apache.logging.log4j.LevelTest
Running org.apache.logging.log4j.LogManagerTest
Tests run: 1, Failures: 0, Errors: 0, Skipped: 0, Time elapsed: 0.072 sec - in org.apache.logging.log4j.LogManagerTest
Running org.apache.logging.log4j.ThreadContextInheritanceTest
Timer ThreadContextCopy stopped. Elapsed time: 0.020022868 seconds Average per iteration: 0.000000020 seconds
Timer ThreadContextTest stopped. Elapsed time: 0.020223591 seconds
Tests run: 12, Failures: 0, Errors: 0, Skipped: 0, Time elapsed: 0.124 sec - in org.apache.logging.log4j.ThreadContextInheritanceTest
Running org.apache.logging.log4j.LoggerTest
Tests run: 36, Failures: 0, Errors: 0, Skipped: 0, Time elapsed: 0.14 sec - in org.apache.logging.log4j.LoggerTest
Running org.apache.logging.log4j.spi.MutableThreadContextStackTest
Tests run: 19, Failures: 0, Errors: 0, Skipped: 0, Time elapsed: 0.067 sec - in org.apache.logging.log4j.spi.MutableThreadContextStackTest
Running org.apache.logging.log4j.spi.DefaultThreadContextMapTest
Tests run: 12, Failures: 0, Errors: 0, Skipped: 0, Time elapsed: 0.077 sec - in org.apache.logging.log4j.spi.DefaultThreadContextMapTest
Running org.apache.logging.log4j.spi.LoggerStreamTest
Tests run: 55, Failures: 0, Errors: 0, Skipped: 0, Time elapsed: 0.146 sec - in org.apache.logging.log4j.spi.LoggerStreamTest
Running org.apache.logging.log4j.spi.DefaultThreadContextStackTest
Tests run: 18, Failures: 0, Errors: 0, Skipped: 0, Time elapsed: 0.069 sec - in org.apache.logging.log4j.spi.DefaultThreadContextStackTest
Running org.apache.logging.log4j.AbstractLoggerTest
Tests run: 12, Failures: 0, Errors: 0, Skipped: 0, Time elapsed: 0.084 sec - in org.apache.logging.log4j.AbstractLoggerTest
Running org.apache.logging.log4j.NoopThreadContextTest
Tests run: 1, Failures: 0, Errors: 0, Skipped: 0, Time elapsed: 0.08 sec - in org.apache.logging.log4j.NoopThreadContextTest

Results :

Tests in error: 
  LocalizedMessageTest.testSerializationMessageFormat:50->roundtrip:37 » Serialization
  LocalizedMessageTest.testSerializationStringFormat:58->roundtrip:37 » Serialization

Tests run: 214, Failures: 0, Errors: 2, Skipped: 0

[INFO] ------------------------------------------------------------------------
[INFO] BUILD FAILURE
[INFO] ------------------------------------------------------------------------
[INFO] Total time: 11.867 s
[INFO] Finished at: 2016-07-16T12:31:30-07:00
[INFO] Final Memory: 22M/964M
[INFO] ------------------------------------------------------------------------
[ERROR] Failed to execute goal org.apache.maven.plugins:maven-surefire-plugin:2.16:test (default-test) on project log4j-api: There are test failures.
[ERROR] 
[ERROR] Please refer to /home/ylyu/parallel/log4j2/log4j29/dataset/logging-log4j2/LOG4J2-523_837dcd89d5f0ff02c240ec10704409ca133f5dbe/log4j-api/target/surefire-reports for the individual test results.
[ERROR] -> [Help 1]
[ERROR] 
[ERROR] To see the full stack trace of the errors, re-run Maven with the -e switch.
[ERROR] Re-run Maven using the -X switch to enable full debug logging.
[ERROR] 
[ERROR] For more information about the errors and possible solutions, please read the following articles:
[ERROR] [Help 1] http://cwiki.apache.org/confluence/display/MAVEN/MojoFailureException
