[INFO] Scanning for projects...
[INFO]                                                                         
[INFO] ------------------------------------------------------------------------
[INFO] Building Oak MicroKernel 0.6-SNAPSHOT
[INFO] ------------------------------------------------------------------------
[INFO] 
[INFO] --- maven-remote-resources-plugin:1.2.1:process (default) @ oak-mk ---
[INFO] 
[INFO] --- maven-resources-plugin:2.5:resources (default-resources) @ oak-mk ---
[debug] execute contextualize
[INFO] Using 'UTF-8' encoding to copy filtered resources.
[INFO] skip non existing resourceDirectory /home/ylyu/parallel/oak/oak9/dataset/oak/OAK-539_ffa818f318c1a993cdc01d2086aab5853efc9707/oak-mk/src/main/resources
[INFO] Copying 3 resources
[INFO] 
[INFO] --- maven-compiler-plugin:2.3.2:compile (default-compile) @ oak-mk ---
[INFO] Nothing to compile - all classes are up to date
[INFO] 
[INFO] --- maven-scr-plugin:1.9.0:scr (generate-scr-scrdescriptor) @ oak-mk ---
[INFO] Writing 1 Service Component Descriptors to /home/ylyu/parallel/oak/oak9/dataset/oak/OAK-539_ffa818f318c1a993cdc01d2086aab5853efc9707/oak-mk/target/scr-plugin-generated/OSGI-INF/org.apache.jackrabbit.mk.osgi.MicroKernelService.xml
[INFO] 
[INFO] --- maven-resources-plugin:2.5:testResources (default-testResources) @ oak-mk ---
[debug] execute contextualize
[INFO] Using 'UTF-8' encoding to copy filtered resources.
[INFO] Copying 1 resource
[INFO] Copying 3 resources
[INFO] 
[INFO] --- maven-compiler-plugin:2.3.2:testCompile (default-testCompile) @ oak-mk ---
[INFO] Nothing to compile - all classes are up to date
[INFO] 
[INFO] --- maven-surefire-plugin:2.9:test (default-test) @ oak-mk ---
[INFO] Surefire report directory: /home/ylyu/parallel/oak/oak9/dataset/oak/OAK-539_ffa818f318c1a993cdc01d2086aab5853efc9707/oak-mk/target/surefire-reports

-------------------------------------------------------
 T E S T S
-------------------------------------------------------
Running org.apache.jackrabbit.mk.MicroKernelImplTest
Tests run: 1, Failures: 0, Errors: 0, Skipped: 0, Time elapsed: 1.128 sec
Running org.apache.jackrabbit.mk.concurrent.ConcurrentCacheTest
Tests run: 1, Failures: 0, Errors: 0, Skipped: 0, Time elapsed: 1.01 sec
Running org.apache.jackrabbit.mk.concurrent.ConcurrentTest
Tests run: 2, Failures: 0, Errors: 0, Skipped: 1, Time elapsed: 1.017 sec
Running org.apache.jackrabbit.mk.concurrent.ConcurrentBlobTest
Tests run: 1, Failures: 0, Errors: 0, Skipped: 0, Time elapsed: 1.038 sec
Running org.apache.jackrabbit.mk.json.JsopTest
Tests run: 9, Failures: 0, Errors: 0, Skipped: 0, Time elapsed: 0.006 sec
Running org.apache.jackrabbit.mk.json.JsopStreamTest
Tests run: 5, Failures: 0, Errors: 0, Skipped: 0, Time elapsed: 0 sec
Running org.apache.jackrabbit.mk.store.DefaultRevisionStoreTest
Tests run: 4, Failures: 0, Errors: 0, Skipped: 1, Time elapsed: 0.851 sec
Running org.apache.jackrabbit.mk.persistence.GCPersistenceTest
Tests run: 8, Failures: 0, Errors: 0, Skipped: 0, Time elapsed: 0.497 sec
Running org.apache.jackrabbit.mk.blobs.FileBlobStoreTest
Tests run: 10, Failures: 0, Errors: 0, Skipped: 0, Time elapsed: 0.616 sec
Running org.apache.jackrabbit.mk.blobs.DbBlobStoreTest
Tests run: 10, Failures: 0, Errors: 0, Skipped: 0, Time elapsed: 0.177 sec
Running org.apache.jackrabbit.mk.blobs.MemoryBlobStoreTest
Tests run: 10, Failures: 0, Errors: 0, Skipped: 0, Time elapsed: 0.079 sec
Running org.apache.jackrabbit.mk.util.MicroKernelInputStreamTest
Tests run: 3, Failures: 0, Errors: 0, Skipped: 0, Time elapsed: 0.019 sec
Running org.apache.jackrabbit.mk.util.StringUtilsTest
Tests run: 1, Failures: 0, Errors: 0, Skipped: 0, Time elapsed: 0 sec
Running org.apache.jackrabbit.mk.util.NameFilterTest
Tests run: 1, Failures: 0, Errors: 0, Skipped: 0, Time elapsed: 0 sec
Running org.apache.jackrabbit.mk.util.IOUtilsTest
Tests run: 7, Failures: 0, Errors: 0, Skipped: 0, Time elapsed: 0.867 sec
Running org.apache.jackrabbit.mk.model.IdTest
Tests run: 4, Failures: 2, Errors: 0, Skipped: 0, Time elapsed: 0.004 sec <<< FAILURE!

Results :

Failed tests:   idCompareToGreaterThanOneByteTest(org.apache.jackrabbit.mk.model.IdTest): 0000000000000070 should be less than 00000000000000c0
  idCompareToGreaterThanTwoBytesTest(org.apache.jackrabbit.mk.model.IdTest): 0000000000000270 should be less than 00000000000002c0

Tests run: 77, Failures: 2, Errors: 0, Skipped: 2

[INFO] ------------------------------------------------------------------------
[INFO] BUILD FAILURE
[INFO] ------------------------------------------------------------------------
[INFO] Total time: 9.757 s
[INFO] Finished at: 2016-07-29T16:48:52-07:00
[INFO] Final Memory: 17M/964M
[INFO] ------------------------------------------------------------------------
[ERROR] Failed to execute goal org.apache.maven.plugins:maven-surefire-plugin:2.9:test (default-test) on project oak-mk: There are test failures.
[ERROR] 
[ERROR] Please refer to /home/ylyu/parallel/oak/oak9/dataset/oak/OAK-539_ffa818f318c1a993cdc01d2086aab5853efc9707/oak-mk/target/surefire-reports for the individual test results.
[ERROR] -> [Help 1]
[ERROR] 
[ERROR] To see the full stack trace of the errors, re-run Maven with the -e switch.
[ERROR] Re-run Maven using the -X switch to enable full debug logging.
[ERROR] 
[ERROR] For more information about the errors and possible solutions, please read the following articles:
[ERROR] [Help 1] http://cwiki.apache.org/confluence/display/MAVEN/MojoFailureException
