[INFO] Scanning for projects...
[INFO]                                                                         
[INFO] ------------------------------------------------------------------------
[INFO] Building flink-java 0.7-incubating-SNAPSHOT
[INFO] ------------------------------------------------------------------------
[INFO] 
[INFO] --- maven-checkstyle-plugin:2.12.1:check (validate) @ flink-java ---
[INFO] 
[INFO] 
[INFO] --- maven-enforcer-plugin:1.3.1:enforce (enforce-maven) @ flink-java ---
[INFO] 
[INFO] --- maven-remote-resources-plugin:1.5:process (default) @ flink-java ---
[INFO] 
[INFO] --- maven-resources-plugin:2.6:resources (default-resources) @ flink-java ---
[INFO] Using 'UTF-8' encoding to copy filtered resources.
[INFO] skip non existing resourceDirectory /space/parallel/flink/flink9/dataset/flink/FLINK-1145_22c370d9b57798b2ad4ccb66526e64300fd73557/flink-java/src/main/resources
[INFO] Copying 3 resources
[INFO] 
[INFO] --- maven-compiler-plugin:3.1:compile (default-compile) @ flink-java ---
[INFO] Changes detected - recompiling the module!
[INFO] Compiling 213 source files to /space/parallel/flink/flink9/dataset/flink/FLINK-1145_22c370d9b57798b2ad4ccb66526e64300fd73557/flink-java/target/classes
[WARNING] /space/parallel/flink/flink9/dataset/flink/FLINK-1145_22c370d9b57798b2ad4ccb66526e64300fd73557/flink-java/src/main/java/org/apache/flink/api/java/record/operators/CrossOperator.java: Some input files use or override a deprecated API.
[WARNING] /space/parallel/flink/flink9/dataset/flink/FLINK-1145_22c370d9b57798b2ad4ccb66526e64300fd73557/flink-java/src/main/java/org/apache/flink/api/java/record/operators/CrossOperator.java: Recompile with -Xlint:deprecation for details.
[WARNING] /space/parallel/flink/flink9/dataset/flink/FLINK-1145_22c370d9b57798b2ad4ccb66526e64300fd73557/flink-java/src/main/java/org/apache/flink/api/java/typeutils/TupleTypeInfo.java: Some input files use unchecked or unsafe operations.
[WARNING] /space/parallel/flink/flink9/dataset/flink/FLINK-1145_22c370d9b57798b2ad4ccb66526e64300fd73557/flink-java/src/main/java/org/apache/flink/api/java/typeutils/TupleTypeInfo.java: Recompile with -Xlint:unchecked for details.
[INFO] 
[INFO] --- maven-resources-plugin:2.6:testResources (default-testResources) @ flink-java ---
[INFO] Using 'UTF-8' encoding to copy filtered resources.
[INFO] skip non existing resourceDirectory /space/parallel/flink/flink9/dataset/flink/FLINK-1145_22c370d9b57798b2ad4ccb66526e64300fd73557/flink-java/src/test/resources
[INFO] Copying 3 resources
[INFO] 
[INFO] --- maven-compiler-plugin:3.1:testCompile (default-testCompile) @ flink-java ---
[INFO] Nothing to compile - all classes are up to date
[INFO] 
[INFO] --- maven-surefire-plugin:2.17:test (default-test) @ flink-java ---
[INFO] Surefire report directory: /space/parallel/flink/flink9/dataset/flink/FLINK-1145_22c370d9b57798b2ad4ccb66526e64300fd73557/flink-java/target/surefire-reports

-------------------------------------------------------
 T E S T S
-------------------------------------------------------

-------------------------------------------------------
 T E S T S
-------------------------------------------------------
Running org.apache.flink.api.java.functions.SemanticPropertiesTranslationTest
Running org.apache.flink.api.java.type.extractor.PojoTypeExtractionTest
Running org.apache.flink.api.java.type.extractor.PojoTypeInformationTest
Running org.apache.flink.api.java.operators.KeysTest
Running org.apache.flink.api.java.type.extractor.TypeExtractorTest
Running org.apache.flink.api.java.operators.translation.DistrinctTranslationTest
Running org.apache.flink.api.java.operators.translation.DeltaIterationTranslationTest
Running org.apache.flink.api.java.functions.SemanticPropUtilTest
Running org.apache.flink.api.java.type.extractor.TypeExtractorInputFormatsTest
Running org.apache.flink.api.java.operators.translation.AggregateTranslationTest
Running org.apache.flink.api.java.functions.SemanticPropertiesProjectionTest
Running org.apache.flink.api.java.functions.SelectByFunctionsTest
Running org.apache.flink.api.java.operator.CrossOperatorTest
Running org.apache.flink.api.java.operator.MinByOperatorTest
Running org.apache.flink.api.java.operator.FirstNOperatorTest
Running org.apache.flink.api.java.operator.GroupingTest
Tests run: 1, Failures: 0, Errors: 0, Skipped: 0, Time elapsed: 0.379 sec - in org.apache.flink.api.java.operators.translation.AggregateTranslationTest
Running org.apache.flink.api.java.operator.JoinOperatorTest
Running org.apache.flink.api.java.operator.ProjectionOperatorTest
Running org.apache.flink.api.java.operator.MaxByOperatorTest
Tests run: 17, Failures: 0, Errors: 0, Skipped: 0, Time elapsed: 0.486 sec - in org.apache.flink.api.java.functions.SemanticPropUtilTest
Running org.apache.flink.api.java.operator.CoGroupOperatorTest
Running org.apache.flink.api.java.operator.AggregateOperatorTest
Running org.apache.flink.api.java.operator.DistinctOperatorTest
Running org.apache.flink.api.java.MultipleInvokationsTest
Running org.apache.flink.api.java.record.ReduceWrappingFunctionTest
Running org.apache.flink.api.java.record.CoGroupWrappingFunctionTest
Tests run: 47, Failures: 0, Errors: 0, Skipped: 0, Time elapsed: 0.299 sec - in org.apache.flink.api.java.operator.JoinOperatorTest
Running org.apache.flink.api.java.record.io.ExternalProcessFixedLengthInputFormatTest
Running org.apache.flink.api.java.record.io.TextInputFormatTest
Tests run: 19, Failures: 0, Errors: 0, Skipped: 0, Time elapsed: 0.308 sec - in org.apache.flink.api.java.operator.CoGroupOperatorTest
Running org.apache.flink.api.java.record.io.FixedLenghtInputFormatTest
Tests run: 5, Failures: 0, Errors: 0, Skipped: 0, Time elapsed: 0.287 sec - in org.apache.flink.api.java.record.io.ExternalProcessFixedLengthInputFormatTest
Running org.apache.flink.api.java.record.io.CsvInputFormatTest
Tests run: 9, Failures: 0, Errors: 0, Skipped: 0, Time elapsed: 0.773 sec - in org.apache.flink.api.java.functions.SelectByFunctionsTest
Running org.apache.flink.api.java.record.io.CsvOutputFormatTest
Tests run: 4, Failures: 0, Errors: 0, Skipped: 0, Time elapsed: 1.043 sec - in org.apache.flink.api.java.type.extractor.TypeExtractorInputFormatsTest
Running org.apache.flink.api.java.record.io.ExternalProcessInputFormatTest
Tests run: 3, Failures: 0, Errors: 0, Skipped: 0, Time elapsed: 0.27 sec - in org.apache.flink.api.java.record.io.FixedLenghtInputFormatTest
Running org.apache.flink.api.java.typeutils.TypeInfoParserTest
Tests run: 2, Failures: 0, Errors: 0, Skipped: 0, Time elapsed: 0.712 sec - in org.apache.flink.api.java.operator.ProjectionOperatorTest
Running org.apache.flink.api.java.typeutils.runtime.AvroGenericTypeSerializerTest
Tests run: 8, Failures: 0, Errors: 0, Skipped: 0, Time elapsed: 0.181 sec - in org.apache.flink.api.java.record.io.CsvInputFormatTest
Running org.apache.flink.api.java.typeutils.runtime.AvroSerializerEmptyArrayTest
Tests run: 9, Failures: 0, Errors: 0, Skipped: 0, Time elapsed: 0.108 sec - in org.apache.flink.api.java.typeutils.TypeInfoParserTest
Running org.apache.flink.api.java.typeutils.runtime.WritableSerializerTest
Tests run: 10, Failures: 0, Errors: 0, Skipped: 0, Time elapsed: 0.988 sec - in org.apache.flink.api.java.operator.MinByOperatorTest
Running org.apache.flink.api.java.typeutils.runtime.TupleComparatorILDXC2Test
Tests run: 10, Failures: 0, Errors: 0, Skipped: 0, Time elapsed: 0.125 sec - in org.apache.flink.api.java.typeutils.runtime.TupleComparatorILDXC2Test
Running org.apache.flink.api.java.typeutils.runtime.TupleComparatorISD1Test
Tests run: 4, Failures: 0, Errors: 0, Skipped: 0, Time elapsed: 1.453 sec - in org.apache.flink.api.java.type.extractor.PojoTypeInformationTest
Running org.apache.flink.api.java.typeutils.runtime.GenericPairComparatorTest
Tests run: 10, Failures: 0, Errors: 0, Skipped: 0, Time elapsed: 0.098 sec - in org.apache.flink.api.java.typeutils.runtime.TupleComparatorISD1Test
Running org.apache.flink.api.java.typeutils.runtime.TupleComparatorTTT2Test
Tests run: 3, Failures: 0, Errors: 0, Skipped: 0, Time elapsed: 1.492 sec - in org.apache.flink.api.java.functions.SemanticPropertiesProjectionTest
Running org.apache.flink.api.java.typeutils.runtime.TupleComparatorILD3Test
Tests run: 2, Failures: 0, Errors: 0, Skipped: 0, Time elapsed: 0.103 sec - in org.apache.flink.api.java.typeutils.runtime.GenericPairComparatorTest
Running org.apache.flink.api.java.typeutils.runtime.KryoGenericArraySerializerTest
Tests run: 10, Failures: 0, Errors: 1, Skipped: 2, Time elapsed: 1.619 sec <<< FAILURE! - in org.apache.flink.api.java.type.extractor.PojoTypeExtractionTest
testGetterSetterWithVertex(org.apache.flink.api.java.type.extractor.PojoTypeExtractionTest)  Time elapsed: 0.29 sec  <<< ERROR!
java.lang.IllegalStateException: Detected more than one getters
	at org.apache.flink.api.java.typeutils.TypeExtractor.isValidPojoField(TypeExtractor.java:981)
	at org.apache.flink.api.java.typeutils.TypeExtractor.analyzePojo(TypeExtractor.java:1025)
	at org.apache.flink.api.java.typeutils.TypeExtractor.privateGetForClass(TypeExtractor.java:937)
	at org.apache.flink.api.java.typeutils.TypeExtractor.privateGetForClass(TypeExtractor.java:863)
	at org.apache.flink.api.java.typeutils.TypeExtractor.privateGetForObject(TypeExtractor.java:1146)
	at org.apache.flink.api.java.typeutils.TypeExtractor.getForObject(TypeExtractor.java:1116)
	at org.apache.flink.api.java.ExecutionEnvironment.fromElements(ExecutionEnvironment.java:466)
	at org.apache.flink.api.java.type.extractor.PojoTypeExtractionTest.testGetterSetterWithVertex(PojoTypeExtractionTest.java:561)

Tests run: 4, Failures: 0, Errors: 0, Skipped: 0, Time elapsed: 0.582 sec - in org.apache.flink.api.java.record.io.ExternalProcessInputFormatTest
Tests run: 10, Failures: 0, Errors: 0, Skipped: 0, Time elapsed: 0.09 sec - in org.apache.flink.api.java.typeutils.runtime.TupleComparatorILD3Test
Running org.apache.flink.api.java.typeutils.runtime.ValueComparatorTest
Running org.apache.flink.api.java.typeutils.runtime.TupleSerializerTest
Running org.apache.flink.api.java.typeutils.runtime.AvroGenericTypeComparatorTest
Tests run: 10, Failures: 0, Errors: 0, Skipped: 0, Time elapsed: 0.195 sec - in org.apache.flink.api.java.typeutils.runtime.TupleComparatorTTT2Test
Running org.apache.flink.api.java.typeutils.runtime.TupleComparatorISD2Test
Tests run: 2, Failures: 0, Errors: 0, Skipped: 0, Time elapsed: 1.103 sec - in org.apache.flink.api.java.operator.AggregateOperatorTest
Running org.apache.flink.api.java.typeutils.runtime.TupleComparatorILDC3Test
Tests run: 10, Failures: 0, Errors: 0, Skipped: 0, Time elapsed: 0.082 sec - in org.apache.flink.api.java.typeutils.runtime.TupleComparatorISD2Test
Running org.apache.flink.api.java.typeutils.runtime.TupleComparatorISD3Test
Tests run: 3, Failures: 0, Errors: 0, Skipped: 0, Time elapsed: 1.518 sec - in org.apache.flink.api.java.operator.FirstNOperatorTest
Tests run: 3, Failures: 0, Errors: 0, Skipped: 0, Time elapsed: 1.785 sec - in org.apache.flink.api.java.functions.SemanticPropertiesTranslationTest
Tests run: 1, Failures: 0, Errors: 0, Skipped: 0, Time elapsed: 1.79 sec - in org.apache.flink.api.java.operators.translation.DistrinctTranslationTest
Running org.apache.flink.api.java.typeutils.runtime.TupleComparatorTTT3Test
Running org.apache.flink.api.java.typeutils.runtime.WritableComparatorTest
Running org.apache.flink.api.java.typeutils.runtime.KryoGenericTypeSerializerTest
Tests run: 10, Failures: 0, Errors: 0, Skipped: 0, Time elapsed: 0.074 sec - in org.apache.flink.api.java.typeutils.runtime.TupleComparatorISD3Test
Running org.apache.flink.api.java.typeutils.runtime.CopyableValueComparatorTest
Tests run: 2, Failures: 0, Errors: 0, Skipped: 0, Time elapsed: 1.108 sec - in org.apache.flink.api.java.record.io.TextInputFormatTest
Running org.apache.flink.api.java.typeutils.runtime.PojoComparatorTest
Tests run: 10, Failures: 0, Errors: 0, Skipped: 0, Time elapsed: 0.024 sec - in org.apache.flink.api.java.typeutils.runtime.CopyableValueComparatorTest
Tests run: 10, Failures: 0, Errors: 0, Skipped: 0, Time elapsed: 0.154 sec - in org.apache.flink.api.java.typeutils.runtime.TupleComparatorILDC3Test
Running org.apache.flink.api.java.typeutils.runtime.TupleComparatorILD2Test
Running org.apache.flink.api.java.typeutils.runtime.TupleComparatorTTT1Test
Tests run: 14, Failures: 0, Errors: 0, Skipped: 0, Time elapsed: 1.632 sec - in org.apache.flink.api.java.operator.CrossOperatorTest
Running org.apache.flink.api.java.typeutils.runtime.TupleComparatorILDX1Test
Tests run: 10, Failures: 0, Errors: 0, Skipped: 0, Time elapsed: 0.075 sec - in org.apache.flink.api.java.typeutils.runtime.TupleComparatorTTT1Test
Running org.apache.flink.api.java.typeutils.runtime.AvroGenericArraySerializerTest
Tests run: 4, Failures: 0, Errors: 0, Skipped: 0, Time elapsed: 1.288 sec - in org.apache.flink.api.java.record.ReduceWrappingFunctionTest
Running org.apache.flink.api.java.typeutils.runtime.PojoGenericTypeSerializerTest
Tests run: 10, Failures: 0, Errors: 0, Skipped: 0, Time elapsed: 0.129 sec - in org.apache.flink.api.java.typeutils.runtime.TupleComparatorILDX1Test
Running org.apache.flink.api.java.typeutils.runtime.KryoGenericTypeComparatorTest
Tests run: 10, Failures: 0, Errors: 0, Skipped: 0, Time elapsed: 0.186 sec - in org.apache.flink.api.java.typeutils.runtime.TupleComparatorILD2Test
Running org.apache.flink.api.java.typeutils.runtime.PojoSerializerTest
Tests run: 7, Failures: 0, Errors: 0, Skipped: 0, Time elapsed: 1.064 sec - in org.apache.flink.api.java.record.io.CsvOutputFormatTest
Running org.apache.flink.api.java.tuple.Tuple2Test
Tests run: 7, Failures: 0, Errors: 0, Skipped: 0, Time elapsed: 1.46 sec - in org.apache.flink.api.java.operator.DistinctOperatorTest
Running org.apache.flink.api.java.io.CSVReaderTest
Tests run: 1, Failures: 0, Errors: 0, Skipped: 0, Time elapsed: 0.886 sec - in org.apache.flink.api.java.typeutils.runtime.WritableSerializerTest
Tests run: 2, Failures: 0, Errors: 0, Skipped: 0, Time elapsed: 0.027 sec - in org.apache.flink.api.java.tuple.Tuple2Test
Running org.apache.flink.api.java.io.TextInputFormatTest
Running org.apache.flink.api.java.io.CollectionInputFormatTest
Tests run: 10, Failures: 0, Errors: 0, Skipped: 0, Time elapsed: 0.369 sec - in org.apache.flink.api.java.typeutils.runtime.TupleComparatorTTT3Test
Tests run: 10, Failures: 0, Errors: 0, Skipped: 0, Time elapsed: 1.671 sec - in org.apache.flink.api.java.operator.MaxByOperatorTest
Running org.apache.flink.api.java.io.CsvInputFormatTest
Running org.apache.flink.api.common.operators.CollectionExecutionWithBroadcastVariableTest
Tests run: 10, Failures: 0, Errors: 0, Skipped: 0, Time elapsed: 0.152 sec - in org.apache.flink.api.java.io.CSVReaderTest
Running org.apache.flink.api.common.operators.CollectionExecutionAccumulatorsTest
Tests run: 2, Failures: 0, Errors: 0, Skipped: 0, Time elapsed: 0.176 sec - in org.apache.flink.api.java.io.TextInputFormatTest
Running org.apache.flink.api.common.operators.base.JoinOperatorBaseTest
Tests run: 19, Failures: 0, Errors: 0, Skipped: 0, Time elapsed: 2.049 sec - in org.apache.flink.api.java.operator.GroupingTest
Running org.apache.flink.api.common.operators.base.GroupReduceOperatorTest
Tests run: 1, Failures: 0, Errors: 0, Skipped: 0, Time elapsed: 0.02 sec - in org.apache.flink.api.common.operators.base.JoinOperatorBaseTest
Running org.apache.flink.api.common.operators.base.CoGroupOperatorCollectionTest
Tests run: 1, Failures: 0, Errors: 0, Skipped: 0, Time elapsed: 1.731 sec - in org.apache.flink.api.java.MultipleInvokationsTest
Running org.apache.flink.api.common.operators.base.ReduceOperatorTest
Tests run: 1, Failures: 0, Errors: 0, Skipped: 0, Time elapsed: 0.069 sec - in org.apache.flink.api.common.operators.base.CoGroupOperatorCollectionTest
Running org.apache.flink.api.common.operators.CollectionExecutionIterationTest
Tests run: 10, Failures: 0, Errors: 0, Skipped: 0, Time elapsed: 0.819 sec - in org.apache.flink.api.java.typeutils.runtime.ValueComparatorTest
Tests run: 3, Failures: 0, Errors: 0, Skipped: 0, Time elapsed: 1.82 sec - in org.apache.flink.api.java.record.CoGroupWrappingFunctionTest
Tests run: 10, Failures: 0, Errors: 0, Skipped: 0, Time elapsed: 0.664 sec - in org.apache.flink.api.java.typeutils.runtime.PojoComparatorTest
Tests run: 2, Failures: 0, Errors: 0, Skipped: 0, Time elapsed: 0.206 sec - in org.apache.flink.api.common.operators.base.ReduceOperatorTest
Tests run: 1, Failures: 0, Errors: 0, Skipped: 0, Time elapsed: 0.329 sec - in org.apache.flink.api.common.operators.CollectionExecutionAccumulatorsTest
Tests run: 2, Failures: 0, Errors: 0, Skipped: 0, Time elapsed: 0.268 sec - in org.apache.flink.api.common.operators.base.GroupReduceOperatorTest
Tests run: 2, Failures: 0, Errors: 0, Skipped: 0, Time elapsed: 0.461 sec - in org.apache.flink.api.common.operators.CollectionExecutionWithBroadcastVariableTest
Tests run: 9, Failures: 0, Errors: 0, Skipped: 0, Time elapsed: 0.491 sec - in org.apache.flink.api.java.io.CsvInputFormatTest
Tests run: 51, Failures: 0, Errors: 0, Skipped: 0, Time elapsed: 2.666 sec - in org.apache.flink.api.java.type.extractor.TypeExtractorTest
Tests run: 13, Failures: 0, Errors: 0, Skipped: 0, Time elapsed: 0.691 sec - in org.apache.flink.api.java.typeutils.runtime.PojoSerializerTest
Tests run: 3, Failures: 0, Errors: 0, Skipped: 0, Time elapsed: 2.808 sec - in org.apache.flink.api.java.operators.translation.DeltaIterationTranslationTest
Tests run: 3, Failures: 0, Errors: 0, Skipped: 0, Time elapsed: 0.443 sec - in org.apache.flink.api.common.operators.CollectionExecutionIterationTest
Tests run: 2, Failures: 0, Errors: 0, Skipped: 0, Time elapsed: 1.806 sec - in org.apache.flink.api.java.typeutils.runtime.AvroSerializerEmptyArrayTest
Tests run: 10, Failures: 0, Errors: 0, Skipped: 0, Time elapsed: 1.273 sec - in org.apache.flink.api.java.typeutils.runtime.WritableComparatorTest
Tests run: 6, Failures: 0, Errors: 0, Skipped: 0, Time elapsed: 3.139 sec - in org.apache.flink.api.java.operators.KeysTest
Tests run: 5, Failures: 0, Errors: 0, Skipped: 0, Time elapsed: 1.568 sec - in org.apache.flink.api.java.typeutils.runtime.KryoGenericTypeSerializerTest
Tests run: 2, Failures: 0, Errors: 0, Skipped: 0, Time elapsed: 1.404 sec - in org.apache.flink.api.java.io.CollectionInputFormatTest
Tests run: 4, Failures: 0, Errors: 0, Skipped: 0, Time elapsed: 1.655 sec - in org.apache.flink.api.java.typeutils.runtime.KryoGenericTypeComparatorTest
Tests run: 5, Failures: 0, Errors: 0, Skipped: 0, Time elapsed: 2.697 sec - in org.apache.flink.api.java.typeutils.runtime.AvroGenericTypeSerializerTest
Tests run: 5, Failures: 0, Errors: 0, Skipped: 0, Time elapsed: 2.392 sec - in org.apache.flink.api.java.typeutils.runtime.KryoGenericArraySerializerTest
Tests run: 4, Failures: 0, Errors: 0, Skipped: 0, Time elapsed: 2.367 sec - in org.apache.flink.api.java.typeutils.runtime.AvroGenericTypeComparatorTest
Tests run: 5, Failures: 0, Errors: 0, Skipped: 0, Time elapsed: 2.077 sec - in org.apache.flink.api.java.typeutils.runtime.AvroGenericArraySerializerTest
Tests run: 5, Failures: 0, Errors: 0, Skipped: 0, Time elapsed: 2.166 sec - in org.apache.flink.api.java.typeutils.runtime.PojoGenericTypeSerializerTest
Tests run: 6, Failures: 0, Errors: 0, Skipped: 0, Time elapsed: 2.593 sec - in org.apache.flink.api.java.typeutils.runtime.TupleSerializerTest

Results :

Tests in error: 
  PojoTypeExtractionTest.testGetterSetterWithVertex:561 Â» IllegalState Detected ...

Tests run: 535, Failures: 0, Errors: 1, Skipped: 2

[INFO] ------------------------------------------------------------------------
[INFO] BUILD FAILURE
[INFO] ------------------------------------------------------------------------
[INFO] Total time: 16.495 s
[INFO] Finished at: 2016-07-15T09:02:50-07:00
[INFO] Final Memory: 33M/2476M
[INFO] ------------------------------------------------------------------------
[ERROR] Failed to execute goal org.apache.maven.plugins:maven-surefire-plugin:2.17:test (default-test) on project flink-java: There are test failures.
[ERROR] 
[ERROR] Please refer to /space/parallel/flink/flink9/dataset/flink/FLINK-1145_22c370d9b57798b2ad4ccb66526e64300fd73557/flink-java/target/surefire-reports for the individual test results.
[ERROR] -> [Help 1]
[ERROR] 
[ERROR] To see the full stack trace of the errors, re-run Maven with the -e switch.
[ERROR] Re-run Maven using the -X switch to enable full debug logging.
[ERROR] 
[ERROR] For more information about the errors and possible solutions, please read the following articles:
[ERROR] [Help 1] http://cwiki.apache.org/confluence/display/MAVEN/MojoFailureException
