[INFO] Scanning for projects...
[INFO]                                                                         
[INFO] ------------------------------------------------------------------------
[INFO] Building Shell 1.7.1-SNAPSHOT
[INFO] ------------------------------------------------------------------------
[INFO] 
[INFO] --- maven-enforcer-plugin:1.3.1:enforce (enforce-mvn) @ accumulo-shell ---
[INFO] 
[INFO] --- mavanagaiata:0.7.1:commit (git-commit) @ accumulo-shell ---
[INFO] 
[INFO] --- apache-rat-plugin:0.11:check (check-licenses) @ accumulo-shell ---
[INFO] 51 implicit excludes (use -debug for more details).
[INFO] No excludes explicitly specified.
[INFO] 117 resources included (use -debug for more details)
[INFO] Rat check: Summary of files. Unapproved: 0 unknown: 0 generated: 0 approved: 117 licence.
[INFO] 
[INFO] --- sortpom-maven-plugin:2.4.0:sort (sort-pom) @ accumulo-shell ---
[INFO] Sorting file /home/ylyu/parallel/accumulo/accumulo9/dataset/accumulo/ACCUMULO-3945_3622556517432540b0ff90997c9e1d4ee3474e6e/shell/pom.xml
[INFO] Pom file is already sorted, exiting
[INFO] 
[INFO] --- maven-java-formatter-plugin:0.4:format (default) @ accumulo-shell ---
[INFO] Using 'UTF-8' encoding to format source files.
[INFO] Number of files to be formatted: 113
[INFO] Successfully formatted: 0 file(s)
[INFO] Fail to format        : 0 file(s)
[INFO] Skipped               : 113 file(s)
[INFO] Approximate time taken: 0s
[INFO] 
[INFO] --- maven-remote-resources-plugin:1.5:process (default) @ accumulo-shell ---
[INFO] 
[INFO] --- maven-resources-plugin:2.7:resources (default-resources) @ accumulo-shell ---
[INFO] Using 'UTF-8' encoding to copy filtered resources.
[INFO] Copying 0 resource
[INFO] Copying 3 resources
[INFO] 
[INFO] --- sortpom-maven-plugin:2.4.0:verify (verify-sorted-pom) @ accumulo-shell ---
[INFO] Verifying file /home/ylyu/parallel/accumulo/accumulo9/dataset/accumulo/ACCUMULO-3945_3622556517432540b0ff90997c9e1d4ee3474e6e/shell/pom.xml
[INFO] 
[INFO] --- maven-compiler-plugin:3.2:compile (default-compile) @ accumulo-shell ---
[INFO] Nothing to compile - all classes are up to date
[INFO] 
[INFO] --- maven-resources-plugin:2.7:testResources (default-testResources) @ accumulo-shell ---
[INFO] Using 'UTF-8' encoding to copy filtered resources.
[INFO] Copying 2 resources
[INFO] Copying 3 resources
[INFO] 
[INFO] --- maven-compiler-plugin:3.2:testCompile (default-testCompile) @ accumulo-shell ---
[INFO] Nothing to compile - all classes are up to date
[INFO] 
[INFO] --- maven-surefire-plugin:2.18.1:test (default-test) @ accumulo-shell ---
[INFO] Surefire report directory: /home/ylyu/parallel/accumulo/accumulo9/dataset/accumulo/ACCUMULO-3945_3622556517432540b0ff90997c9e1d4ee3474e6e/shell/target/surefire-reports

-------------------------------------------------------
 T E S T S
-------------------------------------------------------
Running org.apache.accumulo.shell.ShellUtilTest
Tests run: 3, Failures: 0, Errors: 0, Skipped: 0, Time elapsed: 0.086 sec - in org.apache.accumulo.shell.ShellUtilTest
Running org.apache.accumulo.shell.ShellSetInstanceTest
Tests run: 7, Failures: 0, Errors: 0, Skipped: 0, Time elapsed: 2.865 sec - in org.apache.accumulo.shell.ShellSetInstanceTest
Running org.apache.accumulo.shell.commands.FormatterCommandTest
Tests run: 1, Failures: 0, Errors: 0, Skipped: 0, Time elapsed: 1.925 sec - in org.apache.accumulo.shell.commands.FormatterCommandTest
Running org.apache.accumulo.shell.commands.HistoryCommandTest
Tests run: 2, Failures: 0, Errors: 0, Skipped: 0, Time elapsed: 0.6 sec - in org.apache.accumulo.shell.commands.HistoryCommandTest
Running org.apache.accumulo.shell.commands.DeleteTableCommandTest
Tests run: 1, Failures: 0, Errors: 0, Skipped: 0, Time elapsed: 0.135 sec - in org.apache.accumulo.shell.commands.DeleteTableCommandTest
Running org.apache.accumulo.shell.commands.DropUserCommandTest
Tests run: 1, Failures: 0, Errors: 0, Skipped: 0, Time elapsed: 0.589 sec - in org.apache.accumulo.shell.commands.DropUserCommandTest
Running org.apache.accumulo.shell.commands.GetAuthsCommandTest
Tests run: 1, Failures: 0, Errors: 0, Skipped: 0, Time elapsed: 0.012 sec - in org.apache.accumulo.shell.commands.GetAuthsCommandTest
Running org.apache.accumulo.shell.format.DeleterFormatterTest
Tests run: 6, Failures: 0, Errors: 0, Skipped: 0, Time elapsed: 0.719 sec - in org.apache.accumulo.shell.format.DeleterFormatterTest
Running org.apache.accumulo.shell.ShellOptionsJCTest
Tests run: 2, Failures: 1, Errors: 0, Skipped: 0, Time elapsed: 0.505 sec <<< FAILURE! - in org.apache.accumulo.shell.ShellOptionsJCTest
testTraceHosts(org.apache.accumulo.shell.ShellOptionsJCTest)  Time elapsed: 0.052 sec  <<< FAILURE!
org.junit.ComparisonFailure: expected:<localhost:[45454]> but was:<localhost:[2181]>
	at org.junit.Assert.assertEquals(Assert.java:115)
	at org.junit.Assert.assertEquals(Assert.java:144)
	at org.apache.accumulo.shell.ShellOptionsJCTest.testTraceHosts(ShellOptionsJCTest.java:59)

Running org.apache.accumulo.shell.PasswordConverterTest
Tests run: 5, Failures: 0, Errors: 0, Skipped: 0, Time elapsed: 0.079 sec - in org.apache.accumulo.shell.PasswordConverterTest
Running org.apache.accumulo.shell.ShellConfigTest
Tests run: 8, Failures: 0, Errors: 0, Skipped: 0, Time elapsed: 2.118 sec - in org.apache.accumulo.shell.ShellConfigTest
Running org.apache.accumulo.shell.ShellTest
Tests run: 12, Failures: 0, Errors: 0, Skipped: 0, Time elapsed: 2.773 sec - in org.apache.accumulo.shell.ShellTest

Results :

Failed tests: 
  ShellOptionsJCTest.testTraceHosts:59 expected:<localhost:[45454]> but was:<localhost:[2181]>

Tests run: 49, Failures: 1, Errors: 0, Skipped: 0

[INFO] ------------------------------------------------------------------------
[INFO] BUILD FAILURE
[INFO] ------------------------------------------------------------------------
[INFO] Total time: 32.595 s
[INFO] Finished at: 2016-07-26T00:20:01-07:00
[INFO] Final Memory: 38M/1369M
[INFO] ------------------------------------------------------------------------
[ERROR] Failed to execute goal org.apache.maven.plugins:maven-surefire-plugin:2.18.1:test (default-test) on project accumulo-shell: There are test failures.
[ERROR] 
[ERROR] Please refer to /home/ylyu/parallel/accumulo/accumulo9/dataset/accumulo/ACCUMULO-3945_3622556517432540b0ff90997c9e1d4ee3474e6e/shell/target/surefire-reports for the individual test results.
[ERROR] -> [Help 1]
[ERROR] 
[ERROR] To see the full stack trace of the errors, re-run Maven with the -e switch.
[ERROR] Re-run Maven using the -X switch to enable full debug logging.
[ERROR] 
[ERROR] For more information about the errors and possible solutions, please read the following articles:
[ERROR] [Help 1] http://cwiki.apache.org/confluence/display/MAVEN/MojoFailureException
