Apache Maven 3.6.3
Maven home: /usr/share/maven
Java version: 1.8.0_312, vendor: Private Build, runtime: /usr/lib/jvm/java-8-openjdk-amd64/jre
Default locale: en_US, platform encoding: UTF-8
OS name: "linux", version: "5.15.0-41-generic", arch: "amd64", family: "unix"
[INFO] Scanning for projects...
[WARNING] 
[WARNING] Some problems were encountered while building the effective model for edu.colostate.cs.cs414.warewolves:warewolves-chad:jar:1.0
[WARNING] 'build.plugins.plugin.version' for org.apache.maven.plugins:maven-compiler-plugin is missing. @ line 27, column 15
[WARNING] 
[WARNING] It is highly recommended to fix these problems because they threaten the stability of your build.
[WARNING] 
[WARNING] For this reason, future Maven versions might no longer support building such malformed projects.
[WARNING] 
[INFO] 
[INFO] ---------< edu.colostate.cs.cs414.warewolves:warewolves-chad >----------
[INFO] Building Chad 1.0
[INFO] --------------------------------[ jar ]---------------------------------
[INFO] 
[INFO] --- maven-resources-plugin:2.6:resources (default-resources) @ warewolves-chad ---
[INFO] Using 'UTF-8' encoding to copy filtered resources.
[INFO] skip non existing resourceDirectory /home/user/Workspace/reproducibility/Reproducibility-Scanner/reproducer/workspace/Bears-204/src/main/resources
[INFO] 
[INFO] --- maven-compiler-plugin:3.1:compile (default-compile) @ warewolves-chad ---
[INFO] Nothing to compile - all classes are up to date
[INFO] 
[INFO] --- maven-resources-plugin:2.6:testResources (default-testResources) @ warewolves-chad ---
[INFO] Using 'UTF-8' encoding to copy filtered resources.
[INFO] skip non existing resourceDirectory /home/user/Workspace/reproducibility/Reproducibility-Scanner/reproducer/workspace/Bears-204/src/test/resources
[INFO] 
[INFO] --- maven-compiler-plugin:3.1:testCompile (default-testCompile) @ warewolves-chad ---
[INFO] Nothing to compile - all classes are up to date
[INFO] 
[INFO] --- maven-surefire-plugin:2.21.0:test (default-test) @ warewolves-chad ---
[INFO] Downloading from central: https://repo.maven.apache.org/maven2/org/apache/maven/wagon/wagon-http/1.0-beta-6/wagon-http-1.0-beta-6.pom
[INFO] Downloaded from central: https://repo.maven.apache.org/maven2/org/apache/maven/wagon/wagon-http/1.0-beta-6/wagon-http-1.0-beta-6.pom (3.3 kB at 7.6 kB/s)
[INFO] Downloading from central: https://repo.maven.apache.org/maven2/org/apache/maven/wagon/wagon-http-shared/1.0-beta-6/wagon-http-shared-1.0-beta-6.pom
[INFO] Downloaded from central: https://repo.maven.apache.org/maven2/org/apache/maven/wagon/wagon-http-shared/1.0-beta-6/wagon-http-shared-1.0-beta-6.pom (2.1 kB at 62 kB/s)
[INFO] Downloading from central: https://repo.maven.apache.org/maven2/org/apache/maven/wagon/wagon-webdav-jackrabbit/1.0-beta-6/wagon-webdav-jackrabbit-1.0-beta-6.pom
[INFO] Downloaded from central: https://repo.maven.apache.org/maven2/org/apache/maven/wagon/wagon-webdav-jackrabbit/1.0-beta-6/wagon-webdav-jackrabbit-1.0-beta-6.pom (3.5 kB at 195 kB/s)
[INFO] Downloading from central: https://repo.maven.apache.org/maven2/org/apache/jackrabbit/jackrabbit-webdav/1.5.0/jackrabbit-webdav-1.5.0.pom
[INFO] Downloaded from central: https://repo.maven.apache.org/maven2/org/apache/jackrabbit/jackrabbit-webdav/1.5.0/jackrabbit-webdav-1.5.0.pom (3.3 kB at 185 kB/s)
[INFO] Downloading from central: https://repo.maven.apache.org/maven2/org/apache/jackrabbit/jackrabbit-parent/1.5.0/jackrabbit-parent-1.5.0.pom
[INFO] Downloaded from central: https://repo.maven.apache.org/maven2/org/apache/jackrabbit/jackrabbit-parent/1.5.0/jackrabbit-parent-1.5.0.pom (25 kB at 1.0 MB/s)
[INFO] Downloading from central: https://repo.maven.apache.org/maven2/org/apache/jackrabbit/jackrabbit-jcr-commons/1.5.0/jackrabbit-jcr-commons-1.5.0.pom
[INFO] Downloaded from central: https://repo.maven.apache.org/maven2/org/apache/jackrabbit/jackrabbit-jcr-commons/1.5.0/jackrabbit-jcr-commons-1.5.0.pom (3.0 kB at 199 kB/s)
[INFO] Downloading from central: https://repo.maven.apache.org/maven2/org/slf4j/slf4j-nop/1.5.3/slf4j-nop-1.5.3.pom
[INFO] Downloaded from central: https://repo.maven.apache.org/maven2/org/slf4j/slf4j-nop/1.5.3/slf4j-nop-1.5.3.pom (1.5 kB at 52 kB/s)
[INFO] Downloading from central: https://repo.maven.apache.org/maven2/org/apache/maven/wagon/wagon-http/1.0-beta-6/wagon-http-1.0-beta-6.jar
[INFO] Downloading from central: https://repo.maven.apache.org/maven2/org/apache/maven/wagon/wagon-http-shared/1.0-beta-6/wagon-http-shared-1.0-beta-6.jar
[INFO] Downloading from central: https://repo.maven.apache.org/maven2/org/apache/jackrabbit/jackrabbit-jcr-commons/1.5.0/jackrabbit-jcr-commons-1.5.0.jar
[INFO] Downloading from central: https://repo.maven.apache.org/maven2/org/apache/jackrabbit/jackrabbit-webdav/1.5.0/jackrabbit-webdav-1.5.0.jar
[INFO] Downloading from central: https://repo.maven.apache.org/maven2/org/apache/maven/wagon/wagon-webdav-jackrabbit/1.0-beta-6/wagon-webdav-jackrabbit-1.0-beta-6.jar
[INFO] Downloaded from central: https://repo.maven.apache.org/maven2/org/apache/maven/wagon/wagon-http/1.0-beta-6/wagon-http-1.0-beta-6.jar (11 kB at 106 kB/s)
[INFO] Downloading from central: https://repo.maven.apache.org/maven2/org/slf4j/slf4j-nop/1.5.3/slf4j-nop-1.5.3.jar
[INFO] Downloaded from central: https://repo.maven.apache.org/maven2/org/apache/jackrabbit/jackrabbit-jcr-commons/1.5.0/jackrabbit-jcr-commons-1.5.0.jar (203 kB at 2.6 MB/s)
[INFO] Downloaded from central: https://repo.maven.apache.org/maven2/org/apache/maven/wagon/wagon-webdav-jackrabbit/1.0-beta-6/wagon-webdav-jackrabbit-1.0-beta-6.jar (18 kB at 229 kB/s)
[INFO] Downloaded from central: https://repo.maven.apache.org/maven2/org/apache/maven/wagon/wagon-http-shared/1.0-beta-6/wagon-http-shared-1.0-beta-6.jar (25 kB at 224 kB/s)
[INFO] Downloaded from central: https://repo.maven.apache.org/maven2/org/slf4j/slf4j-nop/1.5.3/slf4j-nop-1.5.3.jar (5.2 kB at 347 kB/s)
[INFO] Downloaded from central: https://repo.maven.apache.org/maven2/org/apache/jackrabbit/jackrabbit-webdav/1.5.0/jackrabbit-webdav-1.5.0.jar (303 kB at 2.2 MB/s)
[INFO] 
[INFO] -------------------------------------------------------
[INFO]  T E S T S
[INFO] -------------------------------------------------------
[INFO] Running client.presenter.controller.util.HashPasswordsTest
[INFO] Tests run: 2, Failures: 0, Errors: 0, Skipped: 0, Time elapsed: 0.011 s - in client.presenter.controller.util.HashPasswordsTest
[INFO] Running client.presenter.controller.util.ViewMessageFactoryTest
[ERROR] Tests run: 22, Failures: 10, Errors: 0, Skipped: 0, Time elapsed: 0.065 s <<< FAILURE! - in client.presenter.controller.util.ViewMessageFactoryTest
[ERROR] createRegisterResponse  Time elapsed: 0 s  <<< FAILURE!
org.opentest4j.AssertionFailedError: expected: <client.presenter.controller.messages.RegisterResponseMessage@47db50c5> but was: <client.presenter.controller.messages.RegisterResponseMessage@5c072e3f>
	at client.presenter.controller.util.ViewMessageFactoryTest.testResponseEquals(ViewMessageFactoryTest.java:182)
	at client.presenter.controller.util.ViewMessageFactoryTest.createRegisterResponse(ViewMessageFactoryTest.java:49)

[ERROR] createViewValidMovesResponse  Time elapsed: 0 s  <<< FAILURE!
org.opentest4j.AssertionFailedError: expected: <client.presenter.controller.messages.ViewValidMovesResponse@5204062d> but was: <client.presenter.controller.messages.ViewValidMovesResponse@4fcd19b3>
	at client.presenter.controller.util.ViewMessageFactoryTest.testResponseEquals(ViewMessageFactoryTest.java:182)
	at client.presenter.controller.util.ViewMessageFactoryTest.createViewValidMovesResponse(ViewMessageFactoryTest.java:106)

[ERROR] createLoginResponse  Time elapsed: 0.001 s  <<< FAILURE!
org.opentest4j.AssertionFailedError: expected: <client.presenter.controller.messages.LoginResponseMessage@453da22c> but was: <client.presenter.controller.messages.LoginResponseMessage@71248c21>
	at client.presenter.controller.util.ViewMessageFactoryTest.testResponseEquals(ViewMessageFactoryTest.java:182)
	at client.presenter.controller.util.ViewMessageFactoryTest.createLoginResponse(ViewMessageFactoryTest.java:89)

[ERROR] createUnregisterResponse  Time elapsed: 0.001 s  <<< FAILURE!
org.opentest4j.AssertionFailedError: expected: <client.presenter.controller.messages.UnregisterResponseMessage@442675e1> but was: <client.presenter.controller.messages.UnregisterResponseMessage@6166e06f>
	at client.presenter.controller.util.ViewMessageFactoryTest.testResponseEquals(ViewMessageFactoryTest.java:182)
	at client.presenter.controller.util.ViewMessageFactoryTest.createUnregisterResponse(ViewMessageFactoryTest.java:69)

[ERROR] testMenuMessageResponse{MenuMessageTypes}[1]  Time elapsed: 0.001 s  <<< FAILURE!
org.opentest4j.AssertionFailedError: expected: <client.presenter.controller.messages.MenuMessageResponse@1c72da34> but was: <client.presenter.controller.messages.MenuMessageResponse@6b0c2d26>
	at client.presenter.controller.util.ViewMessageFactoryTest.testResponseEquals(ViewMessageFactoryTest.java:182)
	at client.presenter.controller.util.ViewMessageFactoryTest.testMenuMessageResponse(ViewMessageFactoryTest.java:146)

[ERROR] testMenuMessageResponse{MenuMessageTypes}[2]  Time elapsed: 0.001 s  <<< FAILURE!
org.opentest4j.AssertionFailedError: expected: <client.presenter.controller.messages.MenuMessageResponse@3d3fcdb0> but was: <client.presenter.controller.messages.MenuMessageResponse@641147d0>
	at client.presenter.controller.util.ViewMessageFactoryTest.testResponseEquals(ViewMessageFactoryTest.java:182)
	at client.presenter.controller.util.ViewMessageFactoryTest.testMenuMessageResponse(ViewMessageFactoryTest.java:146)

[ERROR] testMenuMessageResponse{MenuMessageTypes}[3]  Time elapsed: 0 s  <<< FAILURE!
org.opentest4j.AssertionFailedError: expected: <client.presenter.controller.messages.MenuMessageResponse@6e38921c> but was: <client.presenter.controller.messages.MenuMessageResponse@64d7f7e0>
	at client.presenter.controller.util.ViewMessageFactoryTest.testResponseEquals(ViewMessageFactoryTest.java:182)
	at client.presenter.controller.util.ViewMessageFactoryTest.testMenuMessageResponse(ViewMessageFactoryTest.java:146)

[ERROR] testMenuMessageResponse{MenuMessageTypes}[4]  Time elapsed: 0.001 s  <<< FAILURE!
org.opentest4j.AssertionFailedError: expected: <client.presenter.controller.messages.MenuMessageResponse@27c6e487> but was: <client.presenter.controller.messages.MenuMessageResponse@49070868>
	at client.presenter.controller.util.ViewMessageFactoryTest.testResponseEquals(ViewMessageFactoryTest.java:182)
	at client.presenter.controller.util.ViewMessageFactoryTest.testMenuMessageResponse(ViewMessageFactoryTest.java:146)

[ERROR] testMenuMessageResponse{MenuMessageTypes}[5]  Time elapsed: 0.001 s  <<< FAILURE!
org.opentest4j.AssertionFailedError: expected: <client.presenter.controller.messages.MenuMessageResponse@6385cb26> but was: <client.presenter.controller.messages.MenuMessageResponse@38364841>
	at client.presenter.controller.util.ViewMessageFactoryTest.testResponseEquals(ViewMessageFactoryTest.java:182)
	at client.presenter.controller.util.ViewMessageFactoryTest.testMenuMessageResponse(ViewMessageFactoryTest.java:146)

[ERROR] testMenuMessageResponse{MenuMessageTypes}[6]  Time elapsed: 0.001 s  <<< FAILURE!
org.opentest4j.AssertionFailedError: expected: <client.presenter.controller.messages.MenuMessageResponse@28c4711c> but was: <client.presenter.controller.messages.MenuMessageResponse@59717824>
	at client.presenter.controller.util.ViewMessageFactoryTest.testResponseEquals(ViewMessageFactoryTest.java:182)
	at client.presenter.controller.util.ViewMessageFactoryTest.testMenuMessageResponse(ViewMessageFactoryTest.java:146)

[INFO] Running client.presenter.controller.messages.UnregisterMessageTest
[INFO] Tests run: 6, Failures: 0, Errors: 0, Skipped: 0, Time elapsed: 0 s - in client.presenter.controller.messages.UnregisterMessageTest
[INFO] Running client.presenter.controller.messages.MovePieceMessageTest
[INFO] Tests run: 7, Failures: 0, Errors: 0, Skipped: 0, Time elapsed: 0 s - in client.presenter.controller.messages.MovePieceMessageTest
[INFO] Running client.presenter.controller.messages.UnregisterResponseMessageTest
[INFO] Tests run: 3, Failures: 0, Errors: 0, Skipped: 0, Time elapsed: 0 s - in client.presenter.controller.messages.UnregisterResponseMessageTest
[INFO] Running client.presenter.controller.messages.ViewValidMovesTest
[INFO] Tests run: 5, Failures: 0, Errors: 0, Skipped: 0, Time elapsed: 0 s - in client.presenter.controller.messages.ViewValidMovesTest
[INFO] Running client.presenter.controller.messages.MenuMessageTest
[INFO] Tests run: 9, Failures: 0, Errors: 0, Skipped: 0, Time elapsed: 0 s - in client.presenter.controller.messages.MenuMessageTest
[INFO] Running client.presenter.controller.messages.MovePieceResponseTest
[INFO] Tests run: 2, Failures: 0, Errors: 0, Skipped: 0, Time elapsed: 0 s - in client.presenter.controller.messages.MovePieceResponseTest
[INFO] Running client.presenter.controller.messages.LoginResponseMessageTest
[INFO] Tests run: 3, Failures: 0, Errors: 0, Skipped: 0, Time elapsed: 0 s - in client.presenter.controller.messages.LoginResponseMessageTest
[INFO] Running client.presenter.controller.messages.RegisterResponseMessageTest
[INFO] Tests run: 3, Failures: 0, Errors: 0, Skipped: 0, Time elapsed: 0.001 s - in client.presenter.controller.messages.RegisterResponseMessageTest
[INFO] Running client.presenter.controller.messages.RegisterMessageTest
[INFO] Tests run: 6, Failures: 0, Errors: 0, Skipped: 0, Time elapsed: 0.002 s - in client.presenter.controller.messages.RegisterMessageTest
[INFO] Running client.presenter.controller.messages.ViewValidMovesResponseTest
[INFO] Tests run: 2, Failures: 0, Errors: 0, Skipped: 0, Time elapsed: 0.001 s - in client.presenter.controller.messages.ViewValidMovesResponseTest
[INFO] Running client.presenter.controller.messages.LoginMessageTest
[INFO] Tests run: 5, Failures: 0, Errors: 0, Skipped: 0, Time elapsed: 0.003 s - in client.presenter.controller.messages.LoginMessageTest
[INFO] Running client.presenter.controller.messages.MenuMessageResponseTest
[INFO] Tests run: 3, Failures: 0, Errors: 0, Skipped: 0, Time elapsed: 0 s - in client.presenter.controller.messages.MenuMessageResponseTest
[INFO] Running client.presenter.network.messages.GameInfoTest
[INFO] Tests run: 2, Failures: 0, Errors: 0, Skipped: 0, Time elapsed: 0.001 s - in client.presenter.network.messages.GameInfoTest
[INFO] Running client.presenter.network.messages.GameRequestTest
[INFO] Tests run: 2, Failures: 0, Errors: 0, Skipped: 0, Time elapsed: 0.001 s - in client.presenter.network.messages.GameRequestTest
[INFO] Running client.presenter.network.messages.LogoutTest
[INFO] Tests run: 2, Failures: 0, Errors: 0, Skipped: 0, Time elapsed: 0.001 s - in client.presenter.network.messages.LogoutTest
[INFO] Running client.presenter.network.messages.UnregisterTest
[INFO] Tests run: 2, Failures: 0, Errors: 0, Skipped: 0, Time elapsed: 0.001 s - in client.presenter.network.messages.UnregisterTest
[INFO] Running client.presenter.network.messages.ResignTest
[INFO] Tests run: 2, Failures: 0, Errors: 0, Skipped: 0, Time elapsed: 0.001 s - in client.presenter.network.messages.ResignTest
[INFO] Running client.presenter.network.messages.InviteRequestTest
[INFO] Tests run: 2, Failures: 0, Errors: 0, Skipped: 0, Time elapsed: 0 s - in client.presenter.network.messages.InviteRequestTest
[INFO] Running client.presenter.network.messages.InviteResponseTest
[INFO] Tests run: 2, Failures: 0, Errors: 0, Skipped: 0, Time elapsed: 0 s - in client.presenter.network.messages.InviteResponseTest
[INFO] Running client.presenter.network.messages.InboxRequestTest
[INFO] Tests run: 2, Failures: 0, Errors: 0, Skipped: 0, Time elapsed: 0 s - in client.presenter.network.messages.InboxRequestTest
[INFO] Running client.presenter.network.messages.ActiveGameRequestTest
[INFO] Tests run: 2, Failures: 0, Errors: 0, Skipped: 0, Time elapsed: 0 s - in client.presenter.network.messages.ActiveGameRequestTest
[INFO] Running client.presenter.network.messages.RegisterResponseTest
[INFO] Tests run: 2, Failures: 0, Errors: 0, Skipped: 0, Time elapsed: 0 s - in client.presenter.network.messages.RegisterResponseTest
[INFO] Running client.presenter.network.messages.LoginResponseTest
[INFO] Tests run: 2, Failures: 0, Errors: 0, Skipped: 0, Time elapsed: 0.001 s - in client.presenter.network.messages.LoginResponseTest
[INFO] Running client.presenter.network.messages.MoveTest
[INFO] Tests run: 2, Failures: 0, Errors: 0, Skipped: 0, Time elapsed: 0.001 s - in client.presenter.network.messages.MoveTest
[INFO] Running client.presenter.network.messages.LoginTest
[INFO] Tests run: 2, Failures: 0, Errors: 0, Skipped: 0, Time elapsed: 0.001 s - in client.presenter.network.messages.LoginTest
[INFO] Running client.presenter.network.messages.ActiveGameResponseTest
[INFO] Tests run: 2, Failures: 0, Errors: 0, Skipped: 0, Time elapsed: 0.001 s - in client.presenter.network.messages.ActiveGameResponseTest
[INFO] Running client.presenter.network.messages.RegisterTest
[INFO] Tests run: 2, Failures: 0, Errors: 0, Skipped: 0, Time elapsed: 0 s - in client.presenter.network.messages.RegisterTest
[INFO] Running client.presenter.network.messages.InboxResponseTest
[INFO] Tests run: 2, Failures: 0, Errors: 0, Skipped: 0, Time elapsed: 0 s - in client.presenter.network.messages.InboxResponseTest
[INFO] Running client.game.PointTest
[INFO] Tests run: 5, Failures: 0, Errors: 0, Skipped: 0, Time elapsed: 0.001 s - in client.game.PointTest
[INFO] Running client.game.GameTest
[INFO] Tests run: 4, Failures: 0, Errors: 0, Skipped: 0, Time elapsed: 0.004 s - in client.game.GameTest
[INFO] Running client.game.GameBoardTest
[INFO] Tests run: 42, Failures: 0, Errors: 0, Skipped: 0, Time elapsed: 0.063 s - in client.game.GameBoardTest
[INFO] Running client.game.pieces.KingTest
[INFO] Tests run: 12, Failures: 0, Errors: 0, Skipped: 0, Time elapsed: 0.016 s - in client.game.pieces.KingTest
[INFO] Running client.game.pieces.QueenTest
[INFO] Tests run: 12, Failures: 0, Errors: 0, Skipped: 0, Time elapsed: 0.016 s - in client.game.pieces.QueenTest
[INFO] Running client.game.pieces.RookTest
[INFO] Tests run: 17, Failures: 0, Errors: 0, Skipped: 0, Time elapsed: 0.02 s - in client.game.pieces.RookTest
[INFO] 
[INFO] Results:
[INFO] 
[ERROR] Failures: 
[ERROR]   ViewMessageFactoryTest.createLoginResponse:89->testResponseEquals:182 expected: <client.presenter.controller.messages.LoginResponseMessage@453da22c> but was: <client.presenter.controller.messages.LoginResponseMessage@71248c21>
[ERROR]   ViewMessageFactoryTest.createRegisterResponse:49->testResponseEquals:182 expected: <client.presenter.controller.messages.RegisterResponseMessage@47db50c5> but was: <client.presenter.controller.messages.RegisterResponseMessage@5c072e3f>
[ERROR]   ViewMessageFactoryTest.createUnregisterResponse:69->testResponseEquals:182 expected: <client.presenter.controller.messages.UnregisterResponseMessage@442675e1> but was: <client.presenter.controller.messages.UnregisterResponseMessage@6166e06f>
[ERROR]   ViewMessageFactoryTest.createViewValidMovesResponse:106->testResponseEquals:182 expected: <client.presenter.controller.messages.ViewValidMovesResponse@5204062d> but was: <client.presenter.controller.messages.ViewValidMovesResponse@4fcd19b3>
[ERROR]   ViewMessageFactoryTest.testMenuMessageResponse:146->testResponseEquals:182 expected: <client.presenter.controller.messages.MenuMessageResponse@1c72da34> but was: <client.presenter.controller.messages.MenuMessageResponse@6b0c2d26>
[ERROR]   ViewMessageFactoryTest.testMenuMessageResponse:146->testResponseEquals:182 expected: <client.presenter.controller.messages.MenuMessageResponse@3d3fcdb0> but was: <client.presenter.controller.messages.MenuMessageResponse@641147d0>
[ERROR]   ViewMessageFactoryTest.testMenuMessageResponse:146->testResponseEquals:182 expected: <client.presenter.controller.messages.MenuMessageResponse@6e38921c> but was: <client.presenter.controller.messages.MenuMessageResponse@64d7f7e0>
[ERROR]   ViewMessageFactoryTest.testMenuMessageResponse:146->testResponseEquals:182 expected: <client.presenter.controller.messages.MenuMessageResponse@27c6e487> but was: <client.presenter.controller.messages.MenuMessageResponse@49070868>
[ERROR]   ViewMessageFactoryTest.testMenuMessageResponse:146->testResponseEquals:182 expected: <client.presenter.controller.messages.MenuMessageResponse@6385cb26> but was: <client.presenter.controller.messages.MenuMessageResponse@38364841>
[ERROR]   ViewMessageFactoryTest.testMenuMessageResponse:146->testResponseEquals:182 expected: <client.presenter.controller.messages.MenuMessageResponse@28c4711c> but was: <client.presenter.controller.messages.MenuMessageResponse@59717824>
[INFO] 
[ERROR] Tests run: 202, Failures: 10, Errors: 0, Skipped: 0
[INFO] 
[INFO] ------------------------------------------------------------------------
[INFO] BUILD FAILURE
[INFO] ------------------------------------------------------------------------
[INFO] Total time:  4.051 s
[INFO] Finished at: 2022-07-25T19:22:19-07:00
[INFO] ------------------------------------------------------------------------
[ERROR] Failed to execute goal org.apache.maven.plugins:maven-surefire-plugin:2.21.0:test (default-test) on project warewolves-chad: There are test failures.
[ERROR] 
[ERROR] Please refer to /home/user/Workspace/reproducibility/Reproducibility-Scanner/reproducer/workspace/Bears-204/target/surefire-reports for the individual test results.
[ERROR] Please refer to dump files (if any exist) [date]-jvmRun[N].dump, [date].dumpstream and [date]-jvmRun[N].dumpstream.
[ERROR] -> [Help 1]
[ERROR] 
[ERROR] To see the full stack trace of the errors, re-run Maven with the -e switch.
[ERROR] Re-run Maven using the -X switch to enable full debug logging.
[ERROR] 
[ERROR] For more information about the errors and possible solutions, please read the following articles:
[ERROR] [Help 1] http://cwiki.apache.org/confluence/display/MAVEN/MojoFailureException
Running the tests related to the bug Bears-204...
The tests related to the bug Bears-204 were executed.