[[1;34mINFO[m] Scanning for projects...
[[1;33mWARNING[m] 
[[1;33mWARNING[m] Some problems were encountered while building the effective model for org.apache.maven:apache-maven:jar:3.0-SNAPSHOT
[[1;33mWARNING[m] The expression ${pom.version} is deprecated. Please use ${project.version} instead.
[[1;33mWARNING[m] 
[[1;33mWARNING[m] It is highly recommended to fix these problems because they threaten the stability of your build.
[[1;33mWARNING[m] 
[[1;33mWARNING[m] For this reason, future Maven versions might no longer support building such malformed projects.
[[1;33mWARNING[m] 
[[1;34mINFO[m] [1m------------------------------------------------------------------------[m
[[1;34mINFO[m] [1mReactor Build Order:[m
[[1;34mINFO[m] 
[[1;34mINFO[m] Apache Maven 3.x                                                   [pom]
[[1;34mINFO[m] Maven Model                                                        [jar]
[[1;34mINFO[m] Maven Model Builder                                                [jar]
[[1;34mINFO[m] Maven Compat                                                       [jar]
[[1;34mINFO[m] Maven Plugin API                                                   [jar]
[[1;34mINFO[m] Maven Core                                                         [jar]
[[1;34mINFO[m] Maven Embedder                                                     [jar]
[[1;34mINFO[m] Maven Distribution                                                 [jar]
[[1;34mINFO[m] 
[[1;34mINFO[m] [1m-----------------------< [0;36morg.apache.maven:maven[0;1m >-----------------------[m
[[1;34mINFO[m] [1mBuilding Apache Maven 3.x 3.0-SNAPSHOT                             [1/8][m
[[1;34mINFO[m] [1m--------------------------------[ pom ]---------------------------------[m
Downloading from centralhttps: http://insecure.repo1.maven.org/maven2/org/apache/maven/plugins/maven-install-plugin/2.2/maven-install-plugin-2.2.pom
Downloaded from centralhttps: http://insecure.repo1.maven.org/maven2/org/apache/maven/plugins/maven-install-plugin/2.2/maven-install-plugin-2.2.pom (0 B at 0 B/s)
Downloading from centralhttps: http://insecure.repo1.maven.org/maven2/org/apache/maven/plugins/maven-install-plugin/2.2/maven-install-plugin-2.2.jar
Downloaded from centralhttps: http://insecure.repo1.maven.org/maven2/org/apache/maven/plugins/maven-install-plugin/2.2/maven-install-plugin-2.2.jar (0 B at 0 B/s)
[[1;34mINFO[m] 
[[1;34mINFO[m] [1m--- [0;32mmaven-remote-resources-plugin:1.1:process[m [1m(default)[m @ [36mmaven[0;1m ---[m
[[1;34mINFO[m] Setting property: classpath.resource.loader.class => 'org.codehaus.plexus.velocity.ContextClassLoaderResourceLoader'.
[[1;34mINFO[m] Setting property: velocimacro.messages.on => 'false'.
[[1;34mINFO[m] Setting property: resource.loader => 'classpath'.
[[1;34mINFO[m] Setting property: resource.manager.logwhenfound => 'false'.
[[1;34mINFO[m] 
[[1;34mINFO[m] [1m--- [0;32mmaven-install-plugin:2.2:install[m [1m(default-install)[m @ [36mmaven[0;1m ---[m
[[1;34mINFO[m] Installing /home/user/Workspace/reproducibility/Reproducibility-Scanner/benchmarks/bugs-dot-jar/maven/pom.xml to /home/user/.m2/repository/org/apache/maven/maven/3.0-SNAPSHOT/maven-3.0-SNAPSHOT.pom
[[1;34mINFO[m] 
[[1;34mINFO[m] [1m--------------------< [0;36morg.apache.maven:maven-model[0;1m >--------------------[m
[[1;34mINFO[m] [1mBuilding Maven Model 3.0-SNAPSHOT                                  [2/8][m
[[1;34mINFO[m] [1m--------------------------------[ jar ]---------------------------------[m
Downloading from centralhttps: http://insecure.repo1.maven.org/maven2/org/codehaus/modello/modello-maven-plugin/1.1/modello-maven-plugin-1.1.pom
Downloaded from centralhttps: http://insecure.repo1.maven.org/maven2/org/codehaus/modello/modello-maven-plugin/1.1/modello-maven-plugin-1.1.pom (0 B at 0 B/s)
Downloading from centralhttps: http://insecure.repo1.maven.org/maven2/org/codehaus/modello/modello/1.1/modello-1.1.pom
Downloaded from centralhttps: http://insecure.repo1.maven.org/maven2/org/codehaus/modello/modello/1.1/modello-1.1.pom (0 B at 0 B/s)
Downloading from centralhttps: http://insecure.repo1.maven.org/maven2/org/codehaus/modello/modello-maven-plugin/1.1/modello-maven-plugin-1.1.jar
Downloaded from centralhttps: http://insecure.repo1.maven.org/maven2/org/codehaus/modello/modello-maven-plugin/1.1/modello-maven-plugin-1.1.jar (0 B at 0 B/s)
Downloading from centralhttps: http://insecure.repo1.maven.org/maven2/org/apache/maven/plugins/maven-resources-plugin/2.4/maven-resources-plugin-2.4.pom
Downloaded from centralhttps: http://insecure.repo1.maven.org/maven2/org/apache/maven/plugins/maven-resources-plugin/2.4/maven-resources-plugin-2.4.pom (0 B at 0 B/s)
Downloading from centralhttps: http://insecure.repo1.maven.org/maven2/org/apache/maven/plugins/maven-resources-plugin/2.4/maven-resources-plugin-2.4.jar
Downloaded from centralhttps: http://insecure.repo1.maven.org/maven2/org/apache/maven/plugins/maven-resources-plugin/2.4/maven-resources-plugin-2.4.jar (0 B at 0 B/s)
Downloading from centralhttps: http://insecure.repo1.maven.org/maven2/org/apache/maven/plugins/maven-compiler-plugin/2.0.2/maven-compiler-plugin-2.0.2.pom
Downloaded from centralhttps: http://insecure.repo1.maven.org/maven2/org/apache/maven/plugins/maven-compiler-plugin/2.0.2/maven-compiler-plugin-2.0.2.pom (0 B at 0 B/s)
Downloading from centralhttps: http://insecure.repo1.maven.org/maven2/org/apache/maven/plugins/maven-compiler-plugin/2.0.2/maven-compiler-plugin-2.0.2.jar
Downloaded from centralhttps: http://insecure.repo1.maven.org/maven2/org/apache/maven/plugins/maven-compiler-plugin/2.0.2/maven-compiler-plugin-2.0.2.jar (0 B at 0 B/s)
Downloading from centralhttps: http://insecure.repo1.maven.org/maven2/org/apache/maven/plugins/maven-surefire-plugin/2.4.3/maven-surefire-plugin-2.4.3.pom
Downloaded from centralhttps: http://insecure.repo1.maven.org/maven2/org/apache/maven/plugins/maven-surefire-plugin/2.4.3/maven-surefire-plugin-2.4.3.pom (0 B at 0 B/s)
Downloading from centralhttps: http://insecure.repo1.maven.org/maven2/org/apache/maven/surefire/surefire/2.4.3/surefire-2.4.3.pom
Downloaded from centralhttps: http://insecure.repo1.maven.org/maven2/org/apache/maven/surefire/surefire/2.4.3/surefire-2.4.3.pom (0 B at 0 B/s)
Downloading from centralhttps: http://insecure.repo1.maven.org/maven2/org/apache/maven/plugins/maven-surefire-plugin/2.4.3/maven-surefire-plugin-2.4.3.jar
Downloaded from centralhttps: http://insecure.repo1.maven.org/maven2/org/apache/maven/plugins/maven-surefire-plugin/2.4.3/maven-surefire-plugin-2.4.3.jar (0 B at 0 B/s)
Downloading from centralhttps: http://insecure.repo1.maven.org/maven2/org/codehaus/plexus/plexus-utils/2.0.0/plexus-utils-2.0.0.pom
Downloaded from centralhttps: http://insecure.repo1.maven.org/maven2/org/codehaus/plexus/plexus-utils/2.0.0/plexus-utils-2.0.0.pom (0 B at 0 B/s)
Downloading from centralhttps: http://insecure.repo1.maven.org/maven2/org/codehaus/plexus/plexus-utils/2.0.0/plexus-utils-2.0.0.jar
Downloaded from centralhttps: http://insecure.repo1.maven.org/maven2/org/codehaus/plexus/plexus-utils/2.0.0/plexus-utils-2.0.0.jar (0 B at 0 B/s)
[[1;34mINFO[m] 
[[1;34mINFO[m] [1m--- [0;32mmodello-maven-plugin:1.1:java[m [1m(standard)[m @ [36mmaven-model[0;1m ---[m
Downloading from centralhttps: http://insecure.repo1.maven.org/maven2/org/codehaus/modello/modello-core/1.1/modello-core-1.1.pom
Downloaded from centralhttps: http://insecure.repo1.maven.org/maven2/org/codehaus/modello/modello-core/1.1/modello-core-1.1.pom (0 B at 0 B/s)
Downloading from centralhttps: http://insecure.repo1.maven.org/maven2/org/sonatype/plexus/plexus-build-api/0.0.3/plexus-build-api-0.0.3.pom
Downloaded from centralhttps: http://insecure.repo1.maven.org/maven2/org/sonatype/plexus/plexus-build-api/0.0.3/plexus-build-api-0.0.3.pom (0 B at 0 B/s)
Downloading from centralhttps: http://insecure.repo1.maven.org/maven2/org/codehaus/modello/modello-plugin-converters/1.1/modello-plugin-converters-1.1.pom
Downloaded from centralhttps: http://insecure.repo1.maven.org/maven2/org/codehaus/modello/modello-plugin-converters/1.1/modello-plugin-converters-1.1.pom (0 B at 0 B/s)
Downloading from centralhttps: http://insecure.repo1.maven.org/maven2/org/codehaus/modello/modello-plugins/1.1/modello-plugins-1.1.pom
Downloaded from centralhttps: http://insecure.repo1.maven.org/maven2/org/codehaus/modello/modello-plugins/1.1/modello-plugins-1.1.pom (0 B at 0 B/s)
Downloading from centralhttps: http://insecure.repo1.maven.org/maven2/org/codehaus/modello/modello-plugin-java/1.1/modello-plugin-java-1.1.pom
Downloaded from centralhttps: http://insecure.repo1.maven.org/maven2/org/codehaus/modello/modello-plugin-java/1.1/modello-plugin-java-1.1.pom (0 B at 0 B/s)
Downloading from centralhttps: http://insecure.repo1.maven.org/maven2/org/codehaus/modello/modello-plugin-dom4j/1.1/modello-plugin-dom4j-1.1.pom
Downloaded from centralhttps: http://insecure.repo1.maven.org/maven2/org/codehaus/modello/modello-plugin-dom4j/1.1/modello-plugin-dom4j-1.1.pom (0 B at 0 B/s)
Downloading from centralhttps: http://insecure.repo1.maven.org/maven2/org/codehaus/modello/modello-plugin-xml/1.1/modello-plugin-xml-1.1.pom
Downloaded from centralhttps: http://insecure.repo1.maven.org/maven2/org/codehaus/modello/modello-plugin-xml/1.1/modello-plugin-xml-1.1.pom (0 B at 0 B/s)
Downloading from centralhttps: http://insecure.repo1.maven.org/maven2/org/codehaus/modello/modello-plugin-jdom/1.1/modello-plugin-jdom-1.1.pom
Downloaded from centralhttps: http://insecure.repo1.maven.org/maven2/org/codehaus/modello/modello-plugin-jdom/1.1/modello-plugin-jdom-1.1.pom (0 B at 0 B/s)
Downloading from centralhttps: http://insecure.repo1.maven.org/maven2/org/codehaus/modello/modello-plugin-stax/1.1/modello-plugin-stax-1.1.pom
Downloaded from centralhttps: http://insecure.repo1.maven.org/maven2/org/codehaus/modello/modello-plugin-stax/1.1/modello-plugin-stax-1.1.pom (0 B at 0 B/s)
Downloading from centralhttps: http://insecure.repo1.maven.org/maven2/org/codehaus/modello/modello-plugin-xdoc/1.1/modello-plugin-xdoc-1.1.pom
Downloaded from centralhttps: http://insecure.repo1.maven.org/maven2/org/codehaus/modello/modello-plugin-xdoc/1.1/modello-plugin-xdoc-1.1.pom (0 B at 0 B/s)
Downloading from centralhttps: http://insecure.repo1.maven.org/maven2/org/codehaus/modello/modello-plugin-xpp3/1.1/modello-plugin-xpp3-1.1.pom
Downloaded from centralhttps: http://insecure.repo1.maven.org/maven2/org/codehaus/modello/modello-plugin-xpp3/1.1/modello-plugin-xpp3-1.1.pom (0 B at 0 B/s)
Downloading from centralhttps: http://insecure.repo1.maven.org/maven2/org/codehaus/modello/modello-plugin-xsd/1.1/modello-plugin-xsd-1.1.pom
Downloaded from centralhttps: http://insecure.repo1.maven.org/maven2/org/codehaus/modello/modello-plugin-xsd/1.1/modello-plugin-xsd-1.1.pom (0 B at 0 B/s)
Downloading from centralhttps: http://insecure.repo1.maven.org/maven2/org/codehaus/modello/modello-core/1.1/modello-core-1.1.jar
Downloading from centralhttps: http://insecure.repo1.maven.org/maven2/org/codehaus/modello/modello-plugin-converters/1.1/modello-plugin-converters-1.1.jar
Downloading from centralhttps: http://insecure.repo1.maven.org/maven2/org/codehaus/modello/modello-plugin-java/1.1/modello-plugin-java-1.1.jar
Downloading from centralhttps: http://insecure.repo1.maven.org/maven2/org/codehaus/modello/modello-plugin-xml/1.1/modello-plugin-xml-1.1.jar
Downloading from centralhttps: http://insecure.repo1.maven.org/maven2/org/codehaus/modello/modello-plugin-dom4j/1.1/modello-plugin-dom4j-1.1.jar
Downloaded from centralhttps: http://insecure.repo1.maven.org/maven2/org/codehaus/modello/modello-plugin-xml/1.1/modello-plugin-xml-1.1.jar (0 B at 0 B/s)
Downloading from centralhttps: http://insecure.repo1.maven.org/maven2/org/codehaus/modello/modello-plugin-jdom/1.1/modello-plugin-jdom-1.1.jar
Downloaded from centralhttps: http://insecure.repo1.maven.org/maven2/org/codehaus/modello/modello-plugin-converters/1.1/modello-plugin-converters-1.1.jar (0 B at 0 B/s)
Downloading from centralhttps: http://insecure.repo1.maven.org/maven2/org/codehaus/modello/modello-plugin-stax/1.1/modello-plugin-stax-1.1.jar
Downloaded from centralhttps: http://insecure.repo1.maven.org/maven2/org/codehaus/modello/modello-plugin-dom4j/1.1/modello-plugin-dom4j-1.1.jar (0 B at 0 B/s)
Downloading from centralhttps: http://insecure.repo1.maven.org/maven2/org/codehaus/modello/modello-plugin-xdoc/1.1/modello-plugin-xdoc-1.1.jar
Downloaded from centralhttps: http://insecure.repo1.maven.org/maven2/org/codehaus/modello/modello-core/1.1/modello-core-1.1.jar (0 B at 0 B/s)
Downloading from centralhttps: http://insecure.repo1.maven.org/maven2/org/codehaus/modello/modello-plugin-xpp3/1.1/modello-plugin-xpp3-1.1.jar
Downloaded from centralhttps: http://insecure.repo1.maven.org/maven2/org/codehaus/modello/modello-plugin-java/1.1/modello-plugin-java-1.1.jar (0 B at 0 B/s)
Downloading from centralhttps: http://insecure.repo1.maven.org/maven2/org/codehaus/modello/modello-plugin-xsd/1.1/modello-plugin-xsd-1.1.jar
Downloaded from centralhttps: http://insecure.repo1.maven.org/maven2/org/codehaus/modello/modello-plugin-jdom/1.1/modello-plugin-jdom-1.1.jar (0 B at 0 B/s)
Downloading from centralhttps: http://insecure.repo1.maven.org/maven2/org/sonatype/plexus/plexus-build-api/0.0.3/plexus-build-api-0.0.3.jar
Downloaded from centralhttps: http://insecure.repo1.maven.org/maven2/org/codehaus/modello/modello-plugin-stax/1.1/modello-plugin-stax-1.1.jar (0 B at 0 B/s)
Downloaded from centralhttps: http://insecure.repo1.maven.org/maven2/org/codehaus/modello/modello-plugin-xdoc/1.1/modello-plugin-xdoc-1.1.jar (0 B at 0 B/s)
Downloaded from centralhttps: http://insecure.repo1.maven.org/maven2/org/codehaus/modello/modello-plugin-xsd/1.1/modello-plugin-xsd-1.1.jar (0 B at 0 B/s)
Downloaded from centralhttps: http://insecure.repo1.maven.org/maven2/org/codehaus/modello/modello-plugin-xpp3/1.1/modello-plugin-xpp3-1.1.jar (0 B at 0 B/s)
Downloaded from centralhttps: http://insecure.repo1.maven.org/maven2/org/sonatype/plexus/plexus-build-api/0.0.3/plexus-build-api-0.0.3.jar (0 B at 0 B/s)
[[1;34mINFO[m] outputDirectory: /home/user/Workspace/reproducibility/Reproducibility-Scanner/benchmarks/bugs-dot-jar/maven/maven-model/target/generated-sources/modello
[[1;34mINFO[m] Working on model: src/main/mdo/maven.mdo
[[1;34mINFO[m] Generating current version: 4.0.0
[[1;34mINFO[m] 
[[1;34mINFO[m] [1m--- [0;32mmodello-maven-plugin:1.1:xpp3-reader[m [1m(standard)[m @ [36mmaven-model[0;1m ---[m
[[1;34mINFO[m] outputDirectory: /home/user/Workspace/reproducibility/Reproducibility-Scanner/benchmarks/bugs-dot-jar/maven/maven-model/target/generated-sources/modello
[[1;34mINFO[m] Working on model: src/main/mdo/maven.mdo
[[1;34mINFO[m] Generating current version: 4.0.0
[[1;34mINFO[m] 
[[1;34mINFO[m] [1m--- [0;32mmodello-maven-plugin:1.1:xpp3-writer[m [1m(standard)[m @ [36mmaven-model[0;1m ---[m
[[1;34mINFO[m] outputDirectory: /home/user/Workspace/reproducibility/Reproducibility-Scanner/benchmarks/bugs-dot-jar/maven/maven-model/target/generated-sources/modello
[[1;34mINFO[m] Working on model: src/main/mdo/maven.mdo
[[1;34mINFO[m] Generating current version: 4.0.0
[[1;34mINFO[m] 
[[1;34mINFO[m] [1m--- [0;32mmaven-remote-resources-plugin:1.1:process[m [1m(default)[m @ [36mmaven-model[0;1m ---[m
[[1;34mINFO[m] 
[[1;34mINFO[m] [1m--- [0;32mmaven-resources-plugin:2.4:resources[m [1m(default-resources)[m @ [36mmaven-model[0;1m ---[m
[[1;34mINFO[m] Using 'UTF-8' encoding to copy filtered resources.
[[1;34mINFO[m] skip non existing resourceDirectory /home/user/Workspace/reproducibility/Reproducibility-Scanner/benchmarks/bugs-dot-jar/maven/maven-model/src/main/resources
[[1;34mINFO[m] Copying 3 resources
[[1;34mINFO[m] 
[[1;34mINFO[m] [1m--- [0;32mmaven-compiler-plugin:2.0.2:compile[m [1m(default-compile)[m @ [36mmaven-model[0;1m ---[m
Downloading from centralhttps: http://insecure.repo1.maven.org/maven2/org/codehaus/plexus/plexus-compiler-manager/1.5.3/plexus-compiler-manager-1.5.3.pom
Downloaded from centralhttps: http://insecure.repo1.maven.org/maven2/org/codehaus/plexus/plexus-compiler-manager/1.5.3/plexus-compiler-manager-1.5.3.pom (0 B at 0 B/s)
Downloading from centralhttps: http://insecure.repo1.maven.org/maven2/org/codehaus/plexus/plexus-compiler-javac/1.5.3/plexus-compiler-javac-1.5.3.pom
Downloaded from centralhttps: http://insecure.repo1.maven.org/maven2/org/codehaus/plexus/plexus-compiler-javac/1.5.3/plexus-compiler-javac-1.5.3.pom (0 B at 0 B/s)
Downloading from centralhttps: http://insecure.repo1.maven.org/maven2/org/codehaus/plexus/plexus-compilers/1.5.3/plexus-compilers-1.5.3.pom
Downloaded from centralhttps: http://insecure.repo1.maven.org/maven2/org/codehaus/plexus/plexus-compilers/1.5.3/plexus-compilers-1.5.3.pom (0 B at 0 B/s)
Downloading from centralhttps: http://insecure.repo1.maven.org/maven2/org/codehaus/plexus/plexus-compiler-manager/1.5.3/plexus-compiler-manager-1.5.3.jar
Downloading from centralhttps: http://insecure.repo1.maven.org/maven2/org/codehaus/plexus/plexus-compiler-javac/1.5.3/plexus-compiler-javac-1.5.3.jar
Downloaded from centralhttps: http://insecure.repo1.maven.org/maven2/org/codehaus/plexus/plexus-compiler-javac/1.5.3/plexus-compiler-javac-1.5.3.jar (0 B at 0 B/s)
Downloaded from centralhttps: http://insecure.repo1.maven.org/maven2/org/codehaus/plexus/plexus-compiler-manager/1.5.3/plexus-compiler-manager-1.5.3.jar (0 B at 0 B/s)
[[1;34mINFO[m] Compiling 46 source files to /home/user/Workspace/reproducibility/Reproducibility-Scanner/benchmarks/bugs-dot-jar/maven/maven-model/target/classes
[[1;34mINFO[m] 
[[1;34mINFO[m] [1m--- [0;32mmaven-resources-plugin:2.4:testResources[m [1m(default-testResources)[m @ [36mmaven-model[0;1m ---[m
[[1;34mINFO[m] Using 'UTF-8' encoding to copy filtered resources.
[[1;34mINFO[m] skip non existing resourceDirectory /home/user/Workspace/reproducibility/Reproducibility-Scanner/benchmarks/bugs-dot-jar/maven/maven-model/src/test/resources
[[1;34mINFO[m] Copying 3 resources
[[1;34mINFO[m] 
[[1;34mINFO[m] [1m--- [0;32mmaven-compiler-plugin:2.0.2:testCompile[m [1m(default-testCompile)[m @ [36mmaven-model[0;1m ---[m
[[1;34mINFO[m] Compiling 37 source files to /home/user/Workspace/reproducibility/Reproducibility-Scanner/benchmarks/bugs-dot-jar/maven/maven-model/target/test-classes
[[1;34mINFO[m] 
[[1;34mINFO[m] [1m--- [0;32mmaven-surefire-plugin:2.4.3:test[m [1m(default-test)[m @ [36mmaven-model[0;1m ---[m
Downloading from centralhttps: http://insecure.repo1.maven.org/maven2/org/apache/maven/surefire/surefire-booter/2.4.3/surefire-booter-2.4.3.pom
Downloaded from centralhttps: http://insecure.repo1.maven.org/maven2/org/apache/maven/surefire/surefire-booter/2.4.3/surefire-booter-2.4.3.pom (0 B at 0 B/s)
Downloading from centralhttps: http://insecure.repo1.maven.org/maven2/org/apache/maven/surefire/surefire-api/2.4.3/surefire-api-2.4.3.pom
Downloaded from centralhttps: http://insecure.repo1.maven.org/maven2/org/apache/maven/surefire/surefire-api/2.4.3/surefire-api-2.4.3.pom (0 B at 0 B/s)
Downloading from centralhttps: http://insecure.repo1.maven.org/maven2/org/apache/maven/surefire/surefire-booter/2.4.3/surefire-booter-2.4.3.jar
Downloading from centralhttps: http://insecure.repo1.maven.org/maven2/org/apache/maven/surefire/surefire-api/2.4.3/surefire-api-2.4.3.jar
Downloaded from centralhttps: http://insecure.repo1.maven.org/maven2/org/apache/maven/surefire/surefire-api/2.4.3/surefire-api-2.4.3.jar (0 B at 0 B/s)
Downloaded from centralhttps: http://insecure.repo1.maven.org/maven2/org/apache/maven/surefire/surefire-booter/2.4.3/surefire-booter-2.4.3.jar (0 B at 0 B/s)
[[1;34mINFO[m] Tests are skipped.
[[1;34mINFO[m] 
[[1;34mINFO[m] [1m--- [0;32mmaven-jar-plugin:2.2:jar[m [1m(default-jar)[m @ [36mmaven-model[0;1m ---[m
[[1;34mINFO[m] Building jar: /home/user/Workspace/reproducibility/Reproducibility-Scanner/benchmarks/bugs-dot-jar/maven/maven-model/target/maven-model-3.0-SNAPSHOT.jar
[[1;34mINFO[m] 
[[1;34mINFO[m] [1m--- [0;32mmaven-install-plugin:2.2:install[m [1m(default-install)[m @ [36mmaven-model[0;1m ---[m
[[1;34mINFO[m] Installing /home/user/Workspace/reproducibility/Reproducibility-Scanner/benchmarks/bugs-dot-jar/maven/maven-model/target/maven-model-3.0-SNAPSHOT.jar to /home/user/.m2/repository/org/apache/maven/maven-model/3.0-SNAPSHOT/maven-model-3.0-SNAPSHOT.jar
[[1;34mINFO[m] Installing /home/user/Workspace/reproducibility/Reproducibility-Scanner/benchmarks/bugs-dot-jar/maven/maven-model/pom.xml to /home/user/.m2/repository/org/apache/maven/maven-model/3.0-SNAPSHOT/maven-model-3.0-SNAPSHOT.pom
[[1;34mINFO[m] 
[[1;34mINFO[m] [1m----------------< [0;36morg.apache.maven:maven-model-builder[0;1m >----------------[m
[[1;34mINFO[m] [1mBuilding Maven Model Builder 3.0-SNAPSHOT                          [3/8][m
[[1;34mINFO[m] [1m--------------------------------[ jar ]---------------------------------[m
Downloading from centralhttps: http://insecure.repo1.maven.org/maven2/org/codehaus/plexus/plexus-component-metadata/1.3.0/plexus-component-metadata-1.3.0.pom
Downloaded from centralhttps: http://insecure.repo1.maven.org/maven2/org/codehaus/plexus/plexus-component-metadata/1.3.0/plexus-component-metadata-1.3.0.pom (0 B at 0 B/s)
Downloading from centralhttps: http://insecure.repo1.maven.org/maven2/org/codehaus/plexus/plexus-containers/1.3.0/plexus-containers-1.3.0.pom
Downloaded from centralhttps: http://insecure.repo1.maven.org/maven2/org/codehaus/plexus/plexus-containers/1.3.0/plexus-containers-1.3.0.pom (0 B at 0 B/s)
Downloading from centralhttps: http://insecure.repo1.maven.org/maven2/org/codehaus/plexus/plexus-component-metadata/1.3.0/plexus-component-metadata-1.3.0.jar
Downloaded from centralhttps: http://insecure.repo1.maven.org/maven2/org/codehaus/plexus/plexus-component-metadata/1.3.0/plexus-component-metadata-1.3.0.jar (0 B at 0 B/s)
Downloading from centralhttps: http://insecure.repo1.maven.org/maven2/org/codehaus/plexus/plexus-component-annotations/1.3.0/plexus-component-annotations-1.3.0.pom
Downloaded from centralhttps: http://insecure.repo1.maven.org/maven2/org/codehaus/plexus/plexus-component-annotations/1.3.0/plexus-component-annotations-1.3.0.pom (0 B at 0 B/s)
Downloading from centralhttps: http://insecure.repo1.maven.org/maven2/org/codehaus/plexus/plexus-container-default/1.3.0/plexus-container-default-1.3.0.pom
Downloaded from centralhttps: http://insecure.repo1.maven.org/maven2/org/codehaus/plexus/plexus-container-default/1.3.0/plexus-container-default-1.3.0.pom (0 B at 0 B/s)
Downloading from centralhttps: http://insecure.repo1.maven.org/maven2/org/codehaus/plexus/plexus-classworlds/2.2.0/plexus-classworlds-2.2.0.pom
Downloaded from centralhttps: http://insecure.repo1.maven.org/maven2/org/codehaus/plexus/plexus-classworlds/2.2.0/plexus-classworlds-2.2.0.pom (0 B at 0 B/s)
Downloading from centralhttps: http://insecure.repo1.maven.org/maven2/com/google/code/google-collections/google-collect/snapshot-20080530/google-collect-snapshot-20080530.pom
Downloaded from centralhttps: http://insecure.repo1.maven.org/maven2/com/google/code/google-collections/google-collect/snapshot-20080530/google-collect-snapshot-20080530.pom (0 B at 0 B/s)
Downloading from centralhttps: http://insecure.repo1.maven.org/maven2/org/codehaus/plexus/plexus-component-annotations/1.3.0/plexus-component-annotations-1.3.0.jar
Downloading from centralhttps: http://insecure.repo1.maven.org/maven2/org/codehaus/plexus/plexus-classworlds/2.2.0/plexus-classworlds-2.2.0.jar
Downloading from centralhttps: http://insecure.repo1.maven.org/maven2/org/codehaus/plexus/plexus-container-default/1.3.0/plexus-container-default-1.3.0.jar
Downloading from centralhttps: http://insecure.repo1.maven.org/maven2/com/google/code/google-collections/google-collect/snapshot-20080530/google-collect-snapshot-20080530.jar
Downloaded from centralhttps: http://insecure.repo1.maven.org/maven2/org/codehaus/plexus/plexus-component-annotations/1.3.0/plexus-component-annotations-1.3.0.jar (0 B at 0 B/s)
Downloaded from centralhttps: http://insecure.repo1.maven.org/maven2/com/google/code/google-collections/google-collect/snapshot-20080530/google-collect-snapshot-20080530.jar (0 B at 0 B/s)
Downloaded from centralhttps: http://insecure.repo1.maven.org/maven2/org/codehaus/plexus/plexus-container-default/1.3.0/plexus-container-default-1.3.0.jar (0 B at 0 B/s)
Downloaded from centralhttps: http://insecure.repo1.maven.org/maven2/org/codehaus/plexus/plexus-classworlds/2.2.0/plexus-classworlds-2.2.0.jar (0 B at 0 B/s)
[[1;34mINFO[m] 
[[1;34mINFO[m] [1m--- [0;32mmaven-remote-resources-plugin:1.1:process[m [1m(default)[m @ [36mmaven-model-builder[0;1m ---[m
[[1;34mINFO[m] 
[[1;34mINFO[m] [1m--- [0;32mmaven-resources-plugin:2.4:resources[m [1m(default-resources)[m @ [36mmaven-model-builder[0;1m ---[m
[[1;34mINFO[m] Using 'UTF-8' encoding to copy filtered resources.
[[1;34mINFO[m] Copying 1 resource
[[1;34mINFO[m] Copying 3 resources
[[1;34mINFO[m] 
[[1;34mINFO[m] [1m--- [0;32mmaven-compiler-plugin:2.0.2:compile[m [1m(default-compile)[m @ [36mmaven-model-builder[0;1m ---[m
[[1;34mINFO[m] Compiling 72 source files to /home/user/Workspace/reproducibility/Reproducibility-Scanner/benchmarks/bugs-dot-jar/maven/maven-model-builder/target/classes
[[1;34mINFO[m] 
[[1;34mINFO[m] [1m--- [0;32mplexus-component-metadata:1.3.0:generate-metadata[m [1m(default)[m @ [36mmaven-model-builder[0;1m ---[m
Downloading from centralhttps: http://insecure.repo1.maven.org/maven2/org/codehaus/plexus/plexus-cli/1.2/plexus-cli-1.2.pom
Downloaded from centralhttps: http://insecure.repo1.maven.org/maven2/org/codehaus/plexus/plexus-cli/1.2/plexus-cli-1.2.pom (0 B at 0 B/s)
Downloading from centralhttps: http://insecure.repo1.maven.org/maven2/org/codehaus/plexus/plexus-tools/1.0.8/plexus-tools-1.0.8.pom
Downloaded from centralhttps: http://insecure.repo1.maven.org/maven2/org/codehaus/plexus/plexus-tools/1.0.8/plexus-tools-1.0.8.pom (0 B at 0 B/s)
Downloading from centralhttps: http://insecure.repo1.maven.org/maven2/commons-lang/commons-lang/1.0/commons-lang-1.0.pom
Downloaded from centralhttps: http://insecure.repo1.maven.org/maven2/commons-lang/commons-lang/1.0/commons-lang-1.0.pom (0 B at 0 B/s)
Downloading from centralhttps: http://insecure.repo1.maven.org/maven2/junit/junit/3.7/junit-3.7.pom
Downloaded from centralhttps: http://insecure.repo1.maven.org/maven2/junit/junit/3.7/junit-3.7.pom (0 B at 0 B/s)
Downloading from centralhttps: http://insecure.repo1.maven.org/maven2/org/codehaus/plexus/plexus-utils/1.4.5/plexus-utils-1.4.5.jar
Downloading from centralhttps: http://insecure.repo1.maven.org/maven2/org/codehaus/plexus/plexus-cli/1.2/plexus-cli-1.2.jar
Downloading from centralhttps: http://insecure.repo1.maven.org/maven2/commons-lang/commons-lang/1.0/commons-lang-1.0.jar
Downloading from centralhttps: http://insecure.repo1.maven.org/maven2/commons-logging/commons-logging/1.0/commons-logging-1.0.jar
Downloaded from centralhttps: http://insecure.repo1.maven.org/maven2/org/codehaus/plexus/plexus-cli/1.2/plexus-cli-1.2.jar (0 B at 0 B/s)
Downloaded from centralhttps: http://insecure.repo1.maven.org/maven2/commons-logging/commons-logging/1.0/commons-logging-1.0.jar (0 B at 0 B/s)
Downloaded from centralhttps: http://insecure.repo1.maven.org/maven2/commons-lang/commons-lang/1.0/commons-lang-1.0.jar (0 B at 0 B/s)
Downloaded from centralhttps: http://insecure.repo1.maven.org/maven2/org/codehaus/plexus/plexus-utils/1.4.5/plexus-utils-1.4.5.jar (0 B at 0 B/s)
[[1;34mINFO[m] Discovered 21 component descriptors(s)
[[1;34mINFO[m] 
[[1;34mINFO[m] [1m--- [0;32mmaven-resources-plugin:2.4:testResources[m [1m(default-testResources)[m @ [36mmaven-model-builder[0;1m ---[m
[[1;34mINFO[m] Using 'UTF-8' encoding to copy filtered resources.
[[1;34mINFO[m] Copying 23 resources
[[1;34mINFO[m] Copying 3 resources
[[1;34mINFO[m] 
[[1;34mINFO[m] [1m--- [0;32mmaven-compiler-plugin:2.0.2:testCompile[m [1m(default-testCompile)[m @ [36mmaven-model-builder[0;1m ---[m
[[1;34mINFO[m] Compiling 5 source files to /home/user/Workspace/reproducibility/Reproducibility-Scanner/benchmarks/bugs-dot-jar/maven/maven-model-builder/target/test-classes
[[1;34mINFO[m] 
[[1;34mINFO[m] [1m--- [0;32mplexus-component-metadata:1.3.0:generate-test-metadata[m [1m(default)[m @ [36mmaven-model-builder[0;1m ---[m
[[1;34mINFO[m] 
[[1;34mINFO[m] [1m--- [0;32mmaven-surefire-plugin:2.4.3:test[m [1m(default-test)[m @ [36mmaven-model-builder[0;1m ---[m
[[1;34mINFO[m] Tests are skipped.
[[1;34mINFO[m] 
[[1;34mINFO[m] [1m--- [0;32mmaven-jar-plugin:2.2:jar[m [1m(default-jar)[m @ [36mmaven-model-builder[0;1m ---[m
[[1;34mINFO[m] Building jar: /home/user/Workspace/reproducibility/Reproducibility-Scanner/benchmarks/bugs-dot-jar/maven/maven-model-builder/target/maven-model-builder-3.0-SNAPSHOT.jar
[[1;34mINFO[m] 
[[1;34mINFO[m] [1m--- [0;32mmaven-install-plugin:2.2:install[m [1m(default-install)[m @ [36mmaven-model-builder[0;1m ---[m
[[1;34mINFO[m] Installing /home/user/Workspace/reproducibility/Reproducibility-Scanner/benchmarks/bugs-dot-jar/maven/maven-model-builder/target/maven-model-builder-3.0-SNAPSHOT.jar to /home/user/.m2/repository/org/apache/maven/maven-model-builder/3.0-SNAPSHOT/maven-model-builder-3.0-SNAPSHOT.jar
[[1;34mINFO[m] Installing /home/user/Workspace/reproducibility/Reproducibility-Scanner/benchmarks/bugs-dot-jar/maven/maven-model-builder/pom.xml to /home/user/.m2/repository/org/apache/maven/maven-model-builder/3.0-SNAPSHOT/maven-model-builder-3.0-SNAPSHOT.pom
[[1;34mINFO[m] 
[[1;34mINFO[m] [1m-------------------< [0;36morg.apache.maven:maven-compat[0;1m >--------------------[m
[[1;34mINFO[m] [1mBuilding Maven Compat 3.0-SNAPSHOT                                 [4/8][m
[[1;34mINFO[m] [1m--------------------------------[ jar ]---------------------------------[m
[[1;34mINFO[m] 
[[1;34mINFO[m] [1m--- [0;32mmodello-maven-plugin:1.1:java[m [1m(standard)[m @ [36mmaven-compat[0;1m ---[m
[[1;34mINFO[m] outputDirectory: /home/user/Workspace/reproducibility/Reproducibility-Scanner/benchmarks/bugs-dot-jar/maven/maven-compat/target/generated-sources/modello
[[1;34mINFO[m] Working on model: src/main/mdo/metadata.mdo
[[1;34mINFO[m] Generating current version: 1.0.0
[[1;34mINFO[m] Working on model: src/main/mdo/profiles.mdo
[[1;34mINFO[m] Generating current version: 1.0.0
[[1;34mINFO[m] Working on model: src/main/mdo/paramdoc.mdo
[[1;34mINFO[m] Generating current version: 1.0.0
[[1;34mINFO[m] 
[[1;34mINFO[m] [1m--- [0;32mmodello-maven-plugin:1.1:xpp3-reader[m [1m(standard)[m @ [36mmaven-compat[0;1m ---[m
[[1;34mINFO[m] outputDirectory: /home/user/Workspace/reproducibility/Reproducibility-Scanner/benchmarks/bugs-dot-jar/maven/maven-compat/target/generated-sources/modello
[[1;34mINFO[m] Working on model: src/main/mdo/metadata.mdo
[[1;34mINFO[m] Generating current version: 1.0.0
[[1;34mINFO[m] Working on model: src/main/mdo/profiles.mdo
[[1;34mINFO[m] Generating current version: 1.0.0
[[1;34mINFO[m] Working on model: src/main/mdo/paramdoc.mdo
[[1;34mINFO[m] Generating current version: 1.0.0
[[1;34mINFO[m] 
[[1;34mINFO[m] [1m--- [0;32mmodello-maven-plugin:1.1:xpp3-writer[m [1m(standard)[m @ [36mmaven-compat[0;1m ---[m
[[1;34mINFO[m] outputDirectory: /home/user/Workspace/reproducibility/Reproducibility-Scanner/benchmarks/bugs-dot-jar/maven/maven-compat/target/generated-sources/modello
[[1;34mINFO[m] Working on model: src/main/mdo/metadata.mdo
[[1;34mINFO[m] Generating current version: 1.0.0
[[1;34mINFO[m] Working on model: src/main/mdo/profiles.mdo
[[1;34mINFO[m] Generating current version: 1.0.0
[[1;34mINFO[m] Working on model: src/main/mdo/paramdoc.mdo
[[1;34mINFO[m] Generating current version: 1.0.0
[[1;34mINFO[m] 
[[1;34mINFO[m] [1m--- [0;32mmodello-maven-plugin:1.1:java[m [1m(settings)[m @ [36mmaven-compat[0;1m ---[m
[[1;34mINFO[m] outputDirectory: /home/user/Workspace/reproducibility/Reproducibility-Scanner/benchmarks/bugs-dot-jar/maven/maven-compat/target/generated-sources/modello
[[1;34mINFO[m] Working on model: src/main/mdo/settings.mdo
[[1;34mINFO[m] Generating current version: 1.1.0
[[1;34mINFO[m] 
[[1;34mINFO[m] [1m--- [0;32mmodello-maven-plugin:1.1:xpp3-reader[m [1m(settings)[m @ [36mmaven-compat[0;1m ---[m
[[1;34mINFO[m] outputDirectory: /home/user/Workspace/reproducibility/Reproducibility-Scanner/benchmarks/bugs-dot-jar/maven/maven-compat/target/generated-sources/modello
[[1;34mINFO[m] Working on model: src/main/mdo/settings.mdo
[[1;34mINFO[m] Generating current version: 1.1.0
[[1;34mINFO[m] 
[[1;34mINFO[m] [1m--- [0;32mmodello-maven-plugin:1.1:xpp3-writer[m [1m(settings)[m @ [36mmaven-compat[0;1m ---[m
[[1;34mINFO[m] outputDirectory: /home/user/Workspace/reproducibility/Reproducibility-Scanner/benchmarks/bugs-dot-jar/maven/maven-compat/target/generated-sources/modello
[[1;34mINFO[m] Working on model: src/main/mdo/settings.mdo
[[1;34mINFO[m] Generating current version: 1.1.0
[[1;34mINFO[m] 
[[1;34mINFO[m] [1m--- [0;32mmaven-remote-resources-plugin:1.1:process[m [1m(default)[m @ [36mmaven-compat[0;1m ---[m
[[1;34mINFO[m] 
[[1;34mINFO[m] [1m--- [0;32mmaven-resources-plugin:2.4:resources[m [1m(default-resources)[m @ [36mmaven-compat[0;1m ---[m
[[1;34mINFO[m] Using 'UTF-8' encoding to copy filtered resources.
[[1;34mINFO[m] Copying 4 resources
[[1;34mINFO[m] Copying 3 resources
[[1;34mINFO[m] 
[[1;34mINFO[m] [1m--- [0;32mmaven-compiler-plugin:2.0.2:compile[m [1m(default-compile)[m @ [36mmaven-compat[0;1m ---[m
[[1;34mINFO[m] Compiling 221 source files to /home/user/Workspace/reproducibility/Reproducibility-Scanner/benchmarks/bugs-dot-jar/maven/maven-compat/target/classes
[[1;34mINFO[m] 
[[1;34mINFO[m] [1m--- [0;32mplexus-component-metadata:1.3.0:generate-metadata[m [1m(default)[m @ [36mmaven-compat[0;1m ---[m
[[1;34mINFO[m] Discovered 38 component descriptors(s)
[[1;34mINFO[m] 
[[1;34mINFO[m] [1m--- [0;32mmaven-resources-plugin:2.4:testResources[m [1m(default-testResources)[m @ [36mmaven-compat[0;1m ---[m
[[1;34mINFO[m] Using 'UTF-8' encoding to copy filtered resources.
[[1;34mINFO[m] Copying 7 resources
[[1;34mINFO[m] Copying 3 resources
[[1;34mINFO[m] 
[[1;34mINFO[m] [1m--- [0;32mmaven-compiler-plugin:2.0.2:testCompile[m [1m(default-testCompile)[m @ [36mmaven-compat[0;1m ---[m
[[1;34mINFO[m] Compiling 46 source files to /home/user/Workspace/reproducibility/Reproducibility-Scanner/benchmarks/bugs-dot-jar/maven/maven-compat/target/test-classes
[[1;34mINFO[m] 
[[1;34mINFO[m] [1m--- [0;32mplexus-component-metadata:1.3.0:generate-test-metadata[m [1m(default)[m @ [36mmaven-compat[0;1m ---[m
[[1;34mINFO[m] Discovered 6 component descriptors(s)
[[1;34mINFO[m] 
[[1;34mINFO[m] [1m--- [0;32mmaven-surefire-plugin:2.4.3:test[m [1m(default-test)[m @ [36mmaven-compat[0;1m ---[m
[[1;34mINFO[m] Tests are skipped.
[[1;34mINFO[m] 
[[1;34mINFO[m] [1m--- [0;32mmaven-jar-plugin:2.2:jar[m [1m(default-jar)[m @ [36mmaven-compat[0;1m ---[m
[[1;34mINFO[m] Building jar: /home/user/Workspace/reproducibility/Reproducibility-Scanner/benchmarks/bugs-dot-jar/maven/maven-compat/target/maven-compat-3.0-SNAPSHOT.jar
[[1;34mINFO[m] 
[[1;34mINFO[m] [1m--- [0;32mmaven-install-plugin:2.2:install[m [1m(default-install)[m @ [36mmaven-compat[0;1m ---[m
[[1;34mINFO[m] Installing /home/user/Workspace/reproducibility/Reproducibility-Scanner/benchmarks/bugs-dot-jar/maven/maven-compat/target/maven-compat-3.0-SNAPSHOT.jar to /home/user/.m2/repository/org/apache/maven/maven-compat/3.0-SNAPSHOT/maven-compat-3.0-SNAPSHOT.jar
[[1;34mINFO[m] Installing /home/user/Workspace/reproducibility/Reproducibility-Scanner/benchmarks/bugs-dot-jar/maven/maven-compat/pom.xml to /home/user/.m2/repository/org/apache/maven/maven-compat/3.0-SNAPSHOT/maven-compat-3.0-SNAPSHOT.pom
[[1;34mINFO[m] 
[[1;34mINFO[m] [1m-----------------< [0;36morg.apache.maven:maven-plugin-api[0;1m >------------------[m
[[1;34mINFO[m] [1mBuilding Maven Plugin API 3.0-SNAPSHOT                             [5/8][m
[[1;34mINFO[m] [1m--------------------------------[ jar ]---------------------------------[m
[[1;34mINFO[m] 
[[1;34mINFO[m] [1m--- [0;32mmodello-maven-plugin:1.1:java[m [1m(standard)[m @ [36mmaven-plugin-api[0;1m ---[m
[[1;34mINFO[m] outputDirectory: /home/user/Workspace/reproducibility/Reproducibility-Scanner/benchmarks/bugs-dot-jar/maven/maven-plugin-api/target/generated-sources/modello
[[1;34mINFO[m] Working on model: src/main/mdo/lifecycle.mdo
[[1;34mINFO[m] Generating current version: 1.0.0
[[1;34mINFO[m] 
[[1;34mINFO[m] [1m--- [0;32mmodello-maven-plugin:1.1:xpp3-reader[m [1m(standard)[m @ [36mmaven-plugin-api[0;1m ---[m
[[1;34mINFO[m] outputDirectory: /home/user/Workspace/reproducibility/Reproducibility-Scanner/benchmarks/bugs-dot-jar/maven/maven-plugin-api/target/generated-sources/modello
[[1;34mINFO[m] Working on model: src/main/mdo/lifecycle.mdo
[[1;34mINFO[m] Generating current version: 1.0.0
[[1;34mINFO[m] 
[[1;34mINFO[m] [1m--- [0;32mmodello-maven-plugin:1.1:xpp3-writer[m [1m(standard)[m @ [36mmaven-plugin-api[0;1m ---[m
[[1;34mINFO[m] outputDirectory: /home/user/Workspace/reproducibility/Reproducibility-Scanner/benchmarks/bugs-dot-jar/maven/maven-plugin-api/target/generated-sources/modello
[[1;34mINFO[m] Working on model: src/main/mdo/lifecycle.mdo
[[1;34mINFO[m] Generating current version: 1.0.0
[[1;34mINFO[m] 
[[1;34mINFO[m] [1m--- [0;32mmaven-remote-resources-plugin:1.1:process[m [1m(default)[m @ [36mmaven-plugin-api[0;1m ---[m
[[1;34mINFO[m] 
[[1;34mINFO[m] [1m--- [0;32mmaven-resources-plugin:2.4:resources[m [1m(default-resources)[m @ [36mmaven-plugin-api[0;1m ---[m
[[1;34mINFO[m] Using 'UTF-8' encoding to copy filtered resources.
[[1;34mINFO[m] skip non existing resourceDirectory /home/user/Workspace/reproducibility/Reproducibility-Scanner/benchmarks/bugs-dot-jar/maven/maven-plugin-api/src/main/resources
[[1;34mINFO[m] Copying 3 resources
[[1;34mINFO[m] 
[[1;34mINFO[m] [1m--- [0;32mmaven-compiler-plugin:2.0.2:compile[m [1m(default-compile)[m @ [36mmaven-plugin-api[0;1m ---[m
[[1;34mINFO[m] Compiling 25 source files to /home/user/Workspace/reproducibility/Reproducibility-Scanner/benchmarks/bugs-dot-jar/maven/maven-plugin-api/target/classes
[[1;34mINFO[m] 
[[1;34mINFO[m] [1m--- [0;32mmaven-resources-plugin:2.4:testResources[m [1m(default-testResources)[m @ [36mmaven-plugin-api[0;1m ---[m
[[1;34mINFO[m] Using 'UTF-8' encoding to copy filtered resources.
[[1;34mINFO[m] Copying 2 resources
[[1;34mINFO[m] Copying 3 resources
[[1;34mINFO[m] 
[[1;34mINFO[m] [1m--- [0;32mmaven-compiler-plugin:2.0.2:testCompile[m [1m(default-testCompile)[m @ [36mmaven-plugin-api[0;1m ---[m
[[1;34mINFO[m] Compiling 2 source files to /home/user/Workspace/reproducibility/Reproducibility-Scanner/benchmarks/bugs-dot-jar/maven/maven-plugin-api/target/test-classes
[[1;34mINFO[m] 
[[1;34mINFO[m] [1m--- [0;32mmaven-surefire-plugin:2.4.3:test[m [1m(default-test)[m @ [36mmaven-plugin-api[0;1m ---[m
[[1;34mINFO[m] Tests are skipped.
[[1;34mINFO[m] 
[[1;34mINFO[m] [1m--- [0;32mmaven-jar-plugin:2.2:jar[m [1m(default-jar)[m @ [36mmaven-plugin-api[0;1m ---[m
[[1;34mINFO[m] Building jar: /home/user/Workspace/reproducibility/Reproducibility-Scanner/benchmarks/bugs-dot-jar/maven/maven-plugin-api/target/maven-plugin-api-3.0-SNAPSHOT.jar
[[1;34mINFO[m] 
[[1;34mINFO[m] [1m--- [0;32mmaven-install-plugin:2.2:install[m [1m(default-install)[m @ [36mmaven-plugin-api[0;1m ---[m
[[1;34mINFO[m] Installing /home/user/Workspace/reproducibility/Reproducibility-Scanner/benchmarks/bugs-dot-jar/maven/maven-plugin-api/target/maven-plugin-api-3.0-SNAPSHOT.jar to /home/user/.m2/repository/org/apache/maven/maven-plugin-api/3.0-SNAPSHOT/maven-plugin-api-3.0-SNAPSHOT.jar
[[1;34mINFO[m] Installing /home/user/Workspace/reproducibility/Reproducibility-Scanner/benchmarks/bugs-dot-jar/maven/maven-plugin-api/pom.xml to /home/user/.m2/repository/org/apache/maven/maven-plugin-api/3.0-SNAPSHOT/maven-plugin-api-3.0-SNAPSHOT.pom
[[1;34mINFO[m] 
[[1;34mINFO[m] [1m--------------------< [0;36morg.apache.maven:maven-core[0;1m >---------------------[m
[[1;34mINFO[m] [1mBuilding Maven Core 3.0-SNAPSHOT                                   [6/8][m
[[1;34mINFO[m] [1m--------------------------------[ jar ]---------------------------------[m
[[1;34mINFO[m] 
[[1;34mINFO[m] [1m--- [0;32mmodello-maven-plugin:1.1:java[m [1m(standard)[m @ [36mmaven-core[0;1m ---[m
[[1;34mINFO[m] outputDirectory: /home/user/Workspace/reproducibility/Reproducibility-Scanner/benchmarks/bugs-dot-jar/maven/maven-core/target/generated-sources/modello
[[1;34mINFO[m] Working on model: src/main/mdo/toolchains.mdo
[[1;34mINFO[m] Generating current version: 1.0.0
[[1;34mINFO[m] 
[[1;34mINFO[m] [1m--- [0;32mmodello-maven-plugin:1.1:xpp3-reader[m [1m(standard)[m @ [36mmaven-core[0;1m ---[m
[[1;34mINFO[m] outputDirectory: /home/user/Workspace/reproducibility/Reproducibility-Scanner/benchmarks/bugs-dot-jar/maven/maven-core/target/generated-sources/modello
[[1;34mINFO[m] Working on model: src/main/mdo/toolchains.mdo
[[1;34mINFO[m] Generating current version: 1.0.0
[[1;34mINFO[m] 
[[1;34mINFO[m] [1m--- [0;32mmodello-maven-plugin:1.1:xpp3-writer[m [1m(standard)[m @ [36mmaven-core[0;1m ---[m
[[1;34mINFO[m] outputDirectory: /home/user/Workspace/reproducibility/Reproducibility-Scanner/benchmarks/bugs-dot-jar/maven/maven-core/target/generated-sources/modello
[[1;34mINFO[m] Working on model: src/main/mdo/toolchains.mdo
[[1;34mINFO[m] Generating current version: 1.0.0
[[1;34mINFO[m] 
[[1;34mINFO[m] [1m--- [0;32mmaven-remote-resources-plugin:1.1:process[m [1m(default)[m @ [36mmaven-core[0;1m ---[m
[[1;34mINFO[m] 
[[1;34mINFO[m] [1m--- [0;32mmaven-resources-plugin:2.4:resources[m [1m(default-resources)[m @ [36mmaven-core[0;1m ---[m
[[1;34mINFO[m] Using 'UTF-8' encoding to copy filtered resources.
[[1;34mINFO[m] Copying 16 resources
[[1;34mINFO[m] Copying 3 resources
[[1;34mINFO[m] 
[[1;34mINFO[m] [1m--- [0;32mmaven-compiler-plugin:2.0.2:compile[m [1m(default-compile)[m @ [36mmaven-core[0;1m ---[m
[[1;34mINFO[m] Compiling 182 source files to /home/user/Workspace/reproducibility/Reproducibility-Scanner/benchmarks/bugs-dot-jar/maven/maven-core/target/classes
[[1;34mINFO[m] 
[[1;34mINFO[m] [1m--- [0;32mplexus-component-metadata:1.3.0:generate-metadata[m [1m(default)[m @ [36mmaven-core[0;1m ---[m
[[1;34mINFO[m] Discovered 35 component descriptors(s)
[[1;34mINFO[m] 
[[1;34mINFO[m] [1m--- [0;32mmaven-resources-plugin:2.4:testResources[m [1m(default-testResources)[m @ [36mmaven-core[0;1m ---[m
[[1;34mINFO[m] Using 'UTF-8' encoding to copy filtered resources.
[[1;34mINFO[m] Copying 339 resources
[[1;34mINFO[m] Copying 3 resources
[[1;34mINFO[m] 
[[1;34mINFO[m] [1m--- [0;32mmaven-compiler-plugin:2.0.2:testCompile[m [1m(default-testCompile)[m @ [36mmaven-core[0;1m ---[m
[[1;34mINFO[m] Compiling 55 source files to /home/user/Workspace/reproducibility/Reproducibility-Scanner/benchmarks/bugs-dot-jar/maven/maven-core/target/test-classes
[[1;34mINFO[m] 
[[1;34mINFO[m] [1m--- [0;32mplexus-component-metadata:1.3.0:generate-test-metadata[m [1m(default)[m @ [36mmaven-core[0;1m ---[m
[[1;34mINFO[m] Discovered 6 component descriptors(s)
[[1;34mINFO[m] 
[[1;34mINFO[m] [1m--- [0;32mmaven-surefire-plugin:2.4.3:test[m [1m(default-test)[m @ [36mmaven-core[0;1m ---[m
[[1;34mINFO[m] Tests are skipped.
[[1;34mINFO[m] 
[[1;34mINFO[m] [1m--- [0;32mmaven-jar-plugin:2.2:jar[m [1m(default-jar)[m @ [36mmaven-core[0;1m ---[m
[[1;34mINFO[m] Building jar: /home/user/Workspace/reproducibility/Reproducibility-Scanner/benchmarks/bugs-dot-jar/maven/maven-core/target/maven-core-3.0-SNAPSHOT.jar
[[1;34mINFO[m] 
[[1;34mINFO[m] [1m--- [0;32mmaven-install-plugin:2.2:install[m [1m(default-install)[m @ [36mmaven-core[0;1m ---[m
[[1;34mINFO[m] Installing /home/user/Workspace/reproducibility/Reproducibility-Scanner/benchmarks/bugs-dot-jar/maven/maven-core/target/maven-core-3.0-SNAPSHOT.jar to /home/user/.m2/repository/org/apache/maven/maven-core/3.0-SNAPSHOT/maven-core-3.0-SNAPSHOT.jar
[[1;34mINFO[m] Installing /home/user/Workspace/reproducibility/Reproducibility-Scanner/benchmarks/bugs-dot-jar/maven/maven-core/pom.xml to /home/user/.m2/repository/org/apache/maven/maven-core/3.0-SNAPSHOT/maven-core-3.0-SNAPSHOT.pom
[[1;34mINFO[m] 
[[1;34mINFO[m] [1m------------------< [0;36morg.apache.maven:maven-embedder[0;1m >-------------------[m
[[1;34mINFO[m] [1mBuilding Maven Embedder 3.0-SNAPSHOT                               [7/8][m
[[1;34mINFO[m] [1m--------------------------------[ jar ]---------------------------------[m
Downloading from centralhttps: http://insecure.repo1.maven.org/maven2/org/apache/maven/plugins/maven-surefire-plugin/2.4.2/maven-surefire-plugin-2.4.2.pom
Downloaded from centralhttps: http://insecure.repo1.maven.org/maven2/org/apache/maven/plugins/maven-surefire-plugin/2.4.2/maven-surefire-plugin-2.4.2.pom (0 B at 0 B/s)
Downloading from centralhttps: http://insecure.repo1.maven.org/maven2/org/apache/maven/surefire/surefire/2.4.2/surefire-2.4.2.pom
Downloaded from centralhttps: http://insecure.repo1.maven.org/maven2/org/apache/maven/surefire/surefire/2.4.2/surefire-2.4.2.pom (0 B at 0 B/s)
Downloading from centralhttps: http://insecure.repo1.maven.org/maven2/org/apache/maven/plugins/maven-surefire-plugin/2.4.2/maven-surefire-plugin-2.4.2.jar
Downloaded from centralhttps: http://insecure.repo1.maven.org/maven2/org/apache/maven/plugins/maven-surefire-plugin/2.4.2/maven-surefire-plugin-2.4.2.jar (0 B at 0 B/s)
[[1;34mINFO[m] 
[[1;34mINFO[m] [1m--- [0;32mmaven-remote-resources-plugin:1.1:process[m [1m(default)[m @ [36mmaven-embedder[0;1m ---[m
[[1;34mINFO[m] 
[[1;34mINFO[m] [1m--- [0;32mmaven-resources-plugin:2.4:resources[m [1m(default-resources)[m @ [36mmaven-embedder[0;1m ---[m
[[1;34mINFO[m] Using 'UTF-8' encoding to copy filtered resources.
[[1;34mINFO[m] Copying 1 resource
[[1;34mINFO[m] Copying 3 resources
[[1;34mINFO[m] 
[[1;34mINFO[m] [1m--- [0;32mmaven-compiler-plugin:2.0.2:compile[m [1m(default-compile)[m @ [36mmaven-embedder[0;1m ---[m
[[1;34mINFO[m] Compiling 15 source files to /home/user/Workspace/reproducibility/Reproducibility-Scanner/benchmarks/bugs-dot-jar/maven/maven-embedder/target/classes
[[1;34mINFO[m] 
[[1;34mINFO[m] [1m--- [0;32mplexus-component-metadata:1.3.0:generate-metadata[m [1m(default)[m @ [36mmaven-embedder[0;1m ---[m
[[1;34mINFO[m] 
[[1;34mINFO[m] [1m--- [0;32mmaven-resources-plugin:2.4:testResources[m [1m(default-testResources)[m @ [36mmaven-embedder[0;1m ---[m
[[1;34mINFO[m] Using 'UTF-8' encoding to copy filtered resources.
[[1;34mINFO[m] Copying 7 resources
[[1;34mINFO[m] Copying 3 resources
[[1;34mINFO[m] 
[[1;34mINFO[m] [1m--- [0;32mmaven-compiler-plugin:2.0.2:testCompile[m [1m(default-testCompile)[m @ [36mmaven-embedder[0;1m ---[m
[[1;34mINFO[m] Compiling 4 source files to /home/user/Workspace/reproducibility/Reproducibility-Scanner/benchmarks/bugs-dot-jar/maven/maven-embedder/target/test-classes
[[1;34mINFO[m] 
[[1;34mINFO[m] [1m--- [0;32mplexus-component-metadata:1.3.0:generate-test-metadata[m [1m(default)[m @ [36mmaven-embedder[0;1m ---[m
[[1;34mINFO[m] 
[[1;34mINFO[m] [1m--- [0;32mmaven-surefire-plugin:2.4.2:test[m [1m(default-test)[m @ [36mmaven-embedder[0;1m ---[m
Downloading from centralhttps: http://insecure.repo1.maven.org/maven2/org/apache/maven/surefire/surefire-booter/2.4.2/surefire-booter-2.4.2.pom
Downloaded from centralhttps: http://insecure.repo1.maven.org/maven2/org/apache/maven/surefire/surefire-booter/2.4.2/surefire-booter-2.4.2.pom (0 B at 0 B/s)
Downloading from centralhttps: http://insecure.repo1.maven.org/maven2/org/apache/maven/surefire/surefire-api/2.4.2/surefire-api-2.4.2.pom
Downloaded from centralhttps: http://insecure.repo1.maven.org/maven2/org/apache/maven/surefire/surefire-api/2.4.2/surefire-api-2.4.2.pom (0 B at 0 B/s)
Downloading from centralhttps: http://insecure.repo1.maven.org/maven2/org/apache/maven/surefire/surefire-booter/2.4.2/surefire-booter-2.4.2.jar
Downloading from centralhttps: http://insecure.repo1.maven.org/maven2/org/apache/maven/maven-settings/2.0/maven-settings-2.0.jar
Downloading from centralhttps: http://insecure.repo1.maven.org/maven2/org/apache/maven/surefire/surefire-api/2.4.2/surefire-api-2.4.2.jar
Downloading from centralhttps: http://insecure.repo1.maven.org/maven2/doxia/doxia-sink-api/1.0-alpha-4/doxia-sink-api-1.0-alpha-4.jar
Downloading from centralhttps: http://insecure.repo1.maven.org/maven2/org/apache/maven/reporting/maven-reporting-api/2.0/maven-reporting-api-2.0.jar
Downloaded from centralhttps: http://insecure.repo1.maven.org/maven2/org/apache/maven/maven-settings/2.0/maven-settings-2.0.jar (0 B at 0 B/s)
Downloading from centralhttps: http://insecure.repo1.maven.org/maven2/org/apache/maven/maven-plugin-registry/2.0/maven-plugin-registry-2.0.jar
Downloaded from centralhttps: http://insecure.repo1.maven.org/maven2/org/apache/maven/reporting/maven-reporting-api/2.0/maven-reporting-api-2.0.jar (0 B at 0 B/s)
Downloaded from centralhttps: http://insecure.repo1.maven.org/maven2/org/apache/maven/maven-plugin-registry/2.0/maven-plugin-registry-2.0.jar (0 B at 0 B/s)
Downloaded from centralhttps: http://insecure.repo1.maven.org/maven2/doxia/doxia-sink-api/1.0-alpha-4/doxia-sink-api-1.0-alpha-4.jar (0 B at 0 B/s)
Downloaded from centralhttps: http://insecure.repo1.maven.org/maven2/org/apache/maven/surefire/surefire-booter/2.4.2/surefire-booter-2.4.2.jar (0 B at 0 B/s)
Downloaded from centralhttps: http://insecure.repo1.maven.org/maven2/org/apache/maven/surefire/surefire-api/2.4.2/surefire-api-2.4.2.jar (0 B at 0 B/s)
[[1;34mINFO[m] Tests are skipped.
[[1;34mINFO[m] 
[[1;34mINFO[m] [1m--- [0;32mmaven-jar-plugin:2.2:jar[m [1m(default-jar)[m @ [36mmaven-embedder[0;1m ---[m
[[1;34mINFO[m] Building jar: /home/user/Workspace/reproducibility/Reproducibility-Scanner/benchmarks/bugs-dot-jar/maven/maven-embedder/target/maven-embedder-3.0-SNAPSHOT.jar
[[1;34mINFO[m] 
[[1;34mINFO[m] [1m--- [0;32mmaven-install-plugin:2.2:install[m [1m(default-install)[m @ [36mmaven-embedder[0;1m ---[m
[[1;34mINFO[m] Installing /home/user/Workspace/reproducibility/Reproducibility-Scanner/benchmarks/bugs-dot-jar/maven/maven-embedder/target/maven-embedder-3.0-SNAPSHOT.jar to /home/user/.m2/repository/org/apache/maven/maven-embedder/3.0-SNAPSHOT/maven-embedder-3.0-SNAPSHOT.jar
[[1;34mINFO[m] Installing /home/user/Workspace/reproducibility/Reproducibility-Scanner/benchmarks/bugs-dot-jar/maven/maven-embedder/pom.xml to /home/user/.m2/repository/org/apache/maven/maven-embedder/3.0-SNAPSHOT/maven-embedder-3.0-SNAPSHOT.pom
[[1;34mINFO[m] 
[[1;34mINFO[m] [1m-------------------< [0;36morg.apache.maven:apache-maven[0;1m >--------------------[m
[[1;34mINFO[m] [1mBuilding Maven Distribution 3.0-SNAPSHOT                           [8/8][m
[[1;34mINFO[m] [1m--------------------------------[ jar ]---------------------------------[m
Downloading from centralhttps: http://insecure.repo1.maven.org/maven2/org/apache/maven/plugins/maven-assembly-plugin/2.2-beta-2/maven-assembly-plugin-2.2-beta-2.pom
Downloaded from centralhttps: http://insecure.repo1.maven.org/maven2/org/apache/maven/plugins/maven-assembly-plugin/2.2-beta-2/maven-assembly-plugin-2.2-beta-2.pom (0 B at 0 B/s)
Downloading from centralhttps: http://insecure.repo1.maven.org/maven2/org/apache/maven/plugins/maven-assembly-plugin/2.2-beta-2/maven-assembly-plugin-2.2-beta-2.jar
Downloaded from centralhttps: http://insecure.repo1.maven.org/maven2/org/apache/maven/plugins/maven-assembly-plugin/2.2-beta-2/maven-assembly-plugin-2.2-beta-2.jar (0 B at 0 B/s)
[[1;34mINFO[m] 
[[1;34mINFO[m] [1m--- [0;32mmaven-remote-resources-plugin:1.1:process[m [1m(default)[m @ [36mapache-maven[0;1m ---[m
[[1;34mINFO[m] 
[[1;34mINFO[m] [1m--- [0;32mmaven-resources-plugin:2.4:resources[m [1m(default-resources)[m @ [36mapache-maven[0;1m ---[m
[[1;34mINFO[m] Using 'UTF-8' encoding to copy filtered resources.
[[1;34mINFO[m] skip non existing resourceDirectory /home/user/Workspace/reproducibility/Reproducibility-Scanner/benchmarks/bugs-dot-jar/maven/apache-maven/src/main/resources
[[1;34mINFO[m] Copying 3 resources
[[1;34mINFO[m] 
[[1;34mINFO[m] [1m--- [0;32mmaven-compiler-plugin:2.0.2:compile[m [1m(default-compile)[m @ [36mapache-maven[0;1m ---[m
[[1;34mINFO[m] No sources to compile
[[1;34mINFO[m] 
[[1;34mINFO[m] [1m--- [0;32mmaven-resources-plugin:2.4:testResources[m [1m(default-testResources)[m @ [36mapache-maven[0;1m ---[m
[[1;34mINFO[m] Using 'UTF-8' encoding to copy filtered resources.
[[1;34mINFO[m] skip non existing resourceDirectory /home/user/Workspace/reproducibility/Reproducibility-Scanner/benchmarks/bugs-dot-jar/maven/apache-maven/src/test/resources
[[1;34mINFO[m] Copying 3 resources
[[1;34mINFO[m] 
[[1;34mINFO[m] [1m--- [0;32mmaven-compiler-plugin:2.0.2:testCompile[m [1m(default-testCompile)[m @ [36mapache-maven[0;1m ---[m
[[1;34mINFO[m] Compiling 1 source file to /home/user/Workspace/reproducibility/Reproducibility-Scanner/benchmarks/bugs-dot-jar/maven/apache-maven/target/test-classes
[[1;34mINFO[m] 
[[1;34mINFO[m] [1m--- [0;32mmaven-surefire-plugin:2.4.3:test[m [1m(default-test)[m @ [36mapache-maven[0;1m ---[m
[[1;34mINFO[m] Tests are skipped.
[[1;34mINFO[m] 
[[1;34mINFO[m] [1m--- [0;32mmaven-jar-plugin:2.2:jar[m [1m(default-jar)[m @ [36mapache-maven[0;1m ---[m
[[1;34mINFO[m] Building jar: /home/user/Workspace/reproducibility/Reproducibility-Scanner/benchmarks/bugs-dot-jar/maven/apache-maven/target/apache-maven-3.0-SNAPSHOT.jar
[[1;34mINFO[m] 
[[1;34mINFO[m] [1m--- [0;32mmaven-assembly-plugin:2.2-beta-2:single[m [1m(create-distro)[m @ [36mapache-maven[0;1m ---[m
Downloading from centralhttps: http://insecure.repo1.maven.org/maven2/org/codehaus/plexus/plexus-archiver/1.0-alpha-10/plexus-archiver-1.0-alpha-10.pom
Downloaded from centralhttps: http://insecure.repo1.maven.org/maven2/org/codehaus/plexus/plexus-archiver/1.0-alpha-10/plexus-archiver-1.0-alpha-10.pom (0 B at 0 B/s)
Downloading from centralhttps: http://insecure.repo1.maven.org/maven2/org/codehaus/plexus/plexus-io/1.0-alpha-2/plexus-io-1.0-alpha-2.pom
Downloaded from centralhttps: http://insecure.repo1.maven.org/maven2/org/codehaus/plexus/plexus-io/1.0-alpha-2/plexus-io-1.0-alpha-2.pom (0 B at 0 B/s)
Downloading from centralhttps: http://insecure.repo1.maven.org/maven2/org/codehaus/plexus/plexus-active-collections/1.0-beta-2/plexus-active-collections-1.0-beta-2.pom
Downloaded from centralhttps: http://insecure.repo1.maven.org/maven2/org/codehaus/plexus/plexus-active-collections/1.0-beta-2/plexus-active-collections-1.0-beta-2.pom (0 B at 0 B/s)
Downloading from centralhttps: http://insecure.repo1.maven.org/maven2/org/codehaus/plexus/plexus-container-default/1.0-alpha-22/plexus-container-default-1.0-alpha-22.pom
Downloaded from centralhttps: http://insecure.repo1.maven.org/maven2/org/codehaus/plexus/plexus-container-default/1.0-alpha-22/plexus-container-default-1.0-alpha-22.pom (0 B at 0 B/s)
Downloading from centralhttps: http://insecure.repo1.maven.org/maven2/org/codehaus/plexus/plexus-containers/1.0-alpha-22/plexus-containers-1.0-alpha-22.pom
Downloaded from centralhttps: http://insecure.repo1.maven.org/maven2/org/codehaus/plexus/plexus-containers/1.0-alpha-22/plexus-containers-1.0-alpha-22.pom (0 B at 0 B/s)
Downloading from centralhttps: http://insecure.repo1.maven.org/maven2/org/codehaus/plexus/plexus-archiver/1.0-alpha-10/plexus-archiver-1.0-alpha-10.jar
Downloading from centralhttps: http://insecure.repo1.maven.org/maven2/org/codehaus/plexus/plexus-io/1.0-alpha-2/plexus-io-1.0-alpha-2.jar
Downloading from centralhttps: http://insecure.repo1.maven.org/maven2/org/codehaus/plexus/plexus-active-collections/1.0-beta-2/plexus-active-collections-1.0-beta-2.jar
Downloaded from centralhttps: http://insecure.repo1.maven.org/maven2/org/codehaus/plexus/plexus-active-collections/1.0-beta-2/plexus-active-collections-1.0-beta-2.jar (0 B at 0 B/s)
Downloaded from centralhttps: http://insecure.repo1.maven.org/maven2/org/codehaus/plexus/plexus-archiver/1.0-alpha-10/plexus-archiver-1.0-alpha-10.jar (0 B at 0 B/s)
Downloaded from centralhttps: http://insecure.repo1.maven.org/maven2/org/codehaus/plexus/plexus-io/1.0-alpha-2/plexus-io-1.0-alpha-2.jar (0 B at 0 B/s)
[[1;34mINFO[m] Reading assembly descriptor: src/main/assembly/bin.xml
[[1;34mINFO[m] Processing DependencySet (output=boot)
[[1;34mINFO[m] Processing DependencySet (output=lib)
[[1;33mWARNING[m] The following patterns were never triggered in this artifact exclusion filter:
o  'org.codehaus.plexus:plexus-component-api'
o  'classworlds:classworlds'
o  'jmock:jmock'
o  'xml-apis:xml-apis'
o  'org.apache.maven:maven-artifact'
o  'org.apache.maven:maven-monitor'
o  'org.apache.maven:maven-plugin-descriptor'
o  'jdom:jdom'
o  'bouncycastle:bcprov-jdk15'
o  'bouncycastle:bcpg-jdk15'
o  'org.sonatype.mercury:mercury-mp3-cli'
o  'org.slf4j:slf4j-api'
o  'org.slf4j:slf4j-jdk14'
o  'org.apache.maven.mercury:mercury-crypto-api'
o  'org.apache.maven.mercury:mercury-crypto-basic'

[[1;34mINFO[m] No files selected for line-ending conversion. Skipping: src/bin
[[1;34mINFO[m] No files selected for line-ending conversion. Skipping: src/bin
[[1;34mINFO[m] Building tar : /home/user/Workspace/reproducibility/Reproducibility-Scanner/benchmarks/bugs-dot-jar/maven/apache-maven/target/apache-maven-3.0-SNAPSHOT-bin.tar.gz
[[1;34mINFO[m] Processing DependencySet (output=boot)
[[1;34mINFO[m] Processing DependencySet (output=lib)
[[1;33mWARNING[m] The following patterns were never triggered in this artifact exclusion filter:
o  'org.codehaus.plexus:plexus-component-api'
o  'classworlds:classworlds'
o  'jmock:jmock'
o  'xml-apis:xml-apis'
o  'org.apache.maven:maven-artifact'
o  'org.apache.maven:maven-monitor'
o  'org.apache.maven:maven-plugin-descriptor'
o  'jdom:jdom'
o  'bouncycastle:bcprov-jdk15'
o  'bouncycastle:bcpg-jdk15'
o  'org.sonatype.mercury:mercury-mp3-cli'
o  'org.slf4j:slf4j-api'
o  'org.slf4j:slf4j-jdk14'
o  'org.apache.maven.mercury:mercury-crypto-api'
o  'org.apache.maven.mercury:mercury-crypto-basic'

[[1;34mINFO[m] No files selected for line-ending conversion. Skipping: src/bin
[[1;34mINFO[m] No files selected for line-ending conversion. Skipping: src/bin
[[1;34mINFO[m] Building tar : /home/user/Workspace/reproducibility/Reproducibility-Scanner/benchmarks/bugs-dot-jar/maven/apache-maven/target/apache-maven-3.0-SNAPSHOT-bin.tar.bz2
[[1;34mINFO[m] Processing DependencySet (output=boot)
[[1;34mINFO[m] Processing DependencySet (output=lib)
[[1;33mWARNING[m] The following patterns were never triggered in this artifact exclusion filter:
o  'org.codehaus.plexus:plexus-component-api'
o  'classworlds:classworlds'
o  'jmock:jmock'
o  'xml-apis:xml-apis'
o  'org.apache.maven:maven-artifact'
o  'org.apache.maven:maven-monitor'
o  'org.apache.maven:maven-plugin-descriptor'
o  'jdom:jdom'
o  'bouncycastle:bcprov-jdk15'
o  'bouncycastle:bcpg-jdk15'
o  'org.sonatype.mercury:mercury-mp3-cli'
o  'org.slf4j:slf4j-api'
o  'org.slf4j:slf4j-jdk14'
o  'org.apache.maven.mercury:mercury-crypto-api'
o  'org.apache.maven.mercury:mercury-crypto-basic'

[[1;34mINFO[m] No files selected for line-ending conversion. Skipping: src/bin
[[1;34mINFO[m] No files selected for line-ending conversion. Skipping: src/bin
[[1;34mINFO[m] Building zip: /home/user/Workspace/reproducibility/Reproducibility-Scanner/benchmarks/bugs-dot-jar/maven/apache-maven/target/apache-maven-3.0-SNAPSHOT-bin.zip
[[1;34mINFO[m] 
[[1;34mINFO[m] [1m--- [0;32mmaven-install-plugin:2.2:install[m [1m(default-install)[m @ [36mapache-maven[0;1m ---[m
[[1;34mINFO[m] Installing /home/user/Workspace/reproducibility/Reproducibility-Scanner/benchmarks/bugs-dot-jar/maven/apache-maven/target/apache-maven-3.0-SNAPSHOT.jar to /home/user/.m2/repository/org/apache/maven/apache-maven/3.0-SNAPSHOT/apache-maven-3.0-SNAPSHOT.jar
[[1;34mINFO[m] Installing /home/user/Workspace/reproducibility/Reproducibility-Scanner/benchmarks/bugs-dot-jar/maven/apache-maven/pom.xml to /home/user/.m2/repository/org/apache/maven/apache-maven/3.0-SNAPSHOT/apache-maven-3.0-SNAPSHOT.pom
[[1;34mINFO[m] Installing /home/user/Workspace/reproducibility/Reproducibility-Scanner/benchmarks/bugs-dot-jar/maven/apache-maven/target/apache-maven-3.0-SNAPSHOT-bin.tar.gz to /home/user/.m2/repository/org/apache/maven/apache-maven/3.0-SNAPSHOT/apache-maven-3.0-SNAPSHOT-bin.tar.gz
[[1;34mINFO[m] Installing /home/user/Workspace/reproducibility/Reproducibility-Scanner/benchmarks/bugs-dot-jar/maven/apache-maven/target/apache-maven-3.0-SNAPSHOT-bin.tar.bz2 to /home/user/.m2/repository/org/apache/maven/apache-maven/3.0-SNAPSHOT/apache-maven-3.0-SNAPSHOT-bin.tar.bz2
[[1;34mINFO[m] Installing /home/user/Workspace/reproducibility/Reproducibility-Scanner/benchmarks/bugs-dot-jar/maven/apache-maven/target/apache-maven-3.0-SNAPSHOT-bin.zip to /home/user/.m2/repository/org/apache/maven/apache-maven/3.0-SNAPSHOT/apache-maven-3.0-SNAPSHOT-bin.zip
[[1;34mINFO[m] [1m------------------------------------------------------------------------[m
[[1;34mINFO[m] [1mReactor Summary for Apache Maven 3.x 3.0-SNAPSHOT:[m
[[1;34mINFO[m] 
[[1;34mINFO[m] Apache Maven 3.x ................................... [1;32mSUCCESS[m [  1.490 s]
[[1;34mINFO[m] Maven Model ........................................ [1;32mSUCCESS[m [ 10.244 s]
[[1;34mINFO[m] Maven Model Builder ................................ [1;32mSUCCESS[m [  4.405 s]
[[1;34mINFO[m] Maven Compat ....................................... [1;32mSUCCESS[m [  3.442 s]
[[1;34mINFO[m] Maven Plugin API ................................... [1;32mSUCCESS[m [  1.020 s]
[[1;34mINFO[m] Maven Core ......................................... [1;32mSUCCESS[m [  2.882 s]
[[1;34mINFO[m] Maven Embedder ..................................... [1;32mSUCCESS[m [  2.777 s]
[[1;34mINFO[m] Maven Distribution ................................. [1;32mSUCCESS[m [  5.758 s]
[[1;34mINFO[m] [1m------------------------------------------------------------------------[m
[[1;34mINFO[m] [1;32mBUILD SUCCESS[m
[[1;34mINFO[m] [1m------------------------------------------------------------------------[m
[[1;34mINFO[m] Total time:  32.204 s
[[1;34mINFO[m] Finished at: 2022-08-23T03:53:49-07:00
[[1;34mINFO[m] [1m------------------------------------------------------------------------[m
[[1;34mINFO[m] Scanning for projects...
[[1;33mWARNING[m] 
[[1;33mWARNING[m] Some problems were encountered while building the effective model for org.apache.maven:apache-maven:jar:3.0-SNAPSHOT
[[1;33mWARNING[m] The expression ${pom.version} is deprecated. Please use ${project.version} instead.
[[1;33mWARNING[m] 
[[1;33mWARNING[m] It is highly recommended to fix these problems because they threaten the stability of your build.
[[1;33mWARNING[m] 
[[1;33mWARNING[m] For this reason, future Maven versions might no longer support building such malformed projects.
[[1;33mWARNING[m] 
[[1;34mINFO[m] 
[[1;34mINFO[m] [1m----------------< [0;36morg.apache.maven:maven-model-builder[0;1m >----------------[m
[[1;34mINFO[m] [1mBuilding Maven Model Builder 3.0-SNAPSHOT[m
[[1;34mINFO[m] [1m--------------------------------[ jar ]---------------------------------[m
[[1;34mINFO[m] 
[[1;34mINFO[m] [1m--- [0;32mmaven-remote-resources-plugin:1.1:process[m [1m(default)[m @ [36mmaven-model-builder[0;1m ---[m
[[1;34mINFO[m] Setting property: classpath.resource.loader.class => 'org.codehaus.plexus.velocity.ContextClassLoaderResourceLoader'.
[[1;34mINFO[m] Setting property: velocimacro.messages.on => 'false'.
[[1;34mINFO[m] Setting property: resource.loader => 'classpath'.
[[1;34mINFO[m] Setting property: resource.manager.logwhenfound => 'false'.
[[1;34mINFO[m] 
[[1;34mINFO[m] [1m--- [0;32mmaven-resources-plugin:2.4:resources[m [1m(default-resources)[m @ [36mmaven-model-builder[0;1m ---[m
[[1;34mINFO[m] Using 'UTF-8' encoding to copy filtered resources.
[[1;34mINFO[m] Copying 1 resource
[[1;34mINFO[m] Copying 3 resources
[[1;34mINFO[m] 
[[1;34mINFO[m] [1m--- [0;32mmaven-compiler-plugin:2.0.2:compile[m [1m(default-compile)[m @ [36mmaven-model-builder[0;1m ---[m
[[1;34mINFO[m] Nothing to compile - all classes are up to date
[[1;34mINFO[m] 
[[1;34mINFO[m] [1m--- [0;32mplexus-component-metadata:1.3.0:generate-metadata[m [1m(default)[m @ [36mmaven-model-builder[0;1m ---[m
[[1;34mINFO[m] Discovered 21 component descriptors(s)
[[1;34mINFO[m] 
[[1;34mINFO[m] [1m--- [0;32mmaven-resources-plugin:2.4:testResources[m [1m(default-testResources)[m @ [36mmaven-model-builder[0;1m ---[m
[[1;34mINFO[m] Using 'UTF-8' encoding to copy filtered resources.
[[1;34mINFO[m] Copying 23 resources
[[1;34mINFO[m] Copying 3 resources
[[1;34mINFO[m] 
[[1;34mINFO[m] [1m--- [0;32mmaven-compiler-plugin:2.0.2:testCompile[m [1m(default-testCompile)[m @ [36mmaven-model-builder[0;1m ---[m
[[1;34mINFO[m] Nothing to compile - all classes are up to date
[[1;34mINFO[m] 
[[1;34mINFO[m] [1m--- [0;32mplexus-component-metadata:1.3.0:generate-test-metadata[m [1m(default)[m @ [36mmaven-model-builder[0;1m ---[m
[[1;34mINFO[m] 
[[1;34mINFO[m] [1m--- [0;32mmaven-surefire-plugin:2.4.3:test[m [1m(default-test)[m @ [36mmaven-model-builder[0;1m ---[m
Downloading from centralhttps: http://insecure.repo1.maven.org/maven2/org/apache/maven/surefire/surefire-junit/2.4.3/surefire-junit-2.4.3.pom
Downloaded from centralhttps: http://insecure.repo1.maven.org/maven2/org/apache/maven/surefire/surefire-junit/2.4.3/surefire-junit-2.4.3.pom (0 B at 0 B/s)
Downloading from centralhttps: http://insecure.repo1.maven.org/maven2/org/apache/maven/surefire/surefire-providers/2.4.3/surefire-providers-2.4.3.pom
Downloaded from centralhttps: http://insecure.repo1.maven.org/maven2/org/apache/maven/surefire/surefire-providers/2.4.3/surefire-providers-2.4.3.pom (0 B at 0 B/s)
Downloading from centralhttps: http://insecure.repo1.maven.org/maven2/org/apache/maven/surefire/surefire-junit/2.4.3/surefire-junit-2.4.3.jar
Downloaded from centralhttps: http://insecure.repo1.maven.org/maven2/org/apache/maven/surefire/surefire-junit/2.4.3/surefire-junit-2.4.3.jar (0 B at 0 B/s)
[[1;34mINFO[m] Surefire report directory: /home/user/Workspace/reproducibility/Reproducibility-Scanner/benchmarks/bugs-dot-jar/maven/maven-model-builder/target/surefire-reports

-------------------------------------------------------
 T E S T S
-------------------------------------------------------
Running org.apache.maven.model.profile.activation.JdkVersionProfileActivatorTest
Tests run: 4, Failures: 0, Errors: 0, Skipped: 0, Time elapsed: 0.21 sec
Running org.apache.maven.model.validation.DefaultModelValidatorTest
Tests run: 21, Failures: 1, Errors: 0, Skipped: 0, Time elapsed: 0.145 sec <<< FAILURE!
Running org.apache.maven.model.profile.activation.PropertyProfileActivatorTest
Tests run: 10, Failures: 0, Errors: 0, Skipped: 0, Time elapsed: 0.043 sec

Results :

Failed tests: 
  testBadDependencyVersion(org.apache.maven.model.validation.DefaultModelValidatorTest)

Tests run: 35, Failures: 1, Errors: 0, Skipped: 0

[[1;34mINFO[m] [1m------------------------------------------------------------------------[m
[[1;34mINFO[m] [1;31mBUILD FAILURE[m
[[1;34mINFO[m] [1m------------------------------------------------------------------------[m
[[1;34mINFO[m] Total time:  3.163 s
[[1;34mINFO[m] Finished at: 2022-08-23T03:53:54-07:00
[[1;34mINFO[m] [1m------------------------------------------------------------------------[m
[[1;31mERROR[m] Failed to execute goal [32morg.apache.maven.plugins:maven-surefire-plugin:2.4.3:test[m [1m(default-test)[m on project [36mmaven-model-builder[m: [1;31mThere are test failures.[m
[[1;31mERROR[m] [1;31m[m
[[1;31mERROR[m] [1;31mPlease refer to /home/user/Workspace/reproducibility/Reproducibility-Scanner/benchmarks/bugs-dot-jar/maven/maven-model-builder/target/surefire-reports for the individual test results.[m
[[1;31mERROR[m] -> [1m[Help 1][m
[[1;31mERROR[m] 
[[1;31mERROR[m] To see the full stack trace of the errors, re-run Maven with the [1m-e[m switch.
[[1;31mERROR[m] Re-run Maven using the [1m-X[m switch to enable full debug logging.
[[1;31mERROR[m] 
[[1;31mERROR[m] For more information about the errors and possible solutions, please read the following articles:
[[1;31mERROR[m] [1m[Help 1][m http://cwiki.apache.org/confluence/display/MAVEN/MojoFailureException