[[1;34mINFO[m] Scanning for projects...
[[1;34mINFO[m] [1m------------------------------------------------------------------------[m
[[1;34mINFO[m] [1mReactor Build Order:[m
[[1;34mINFO[m] 
[[1;34mINFO[m] Oak Parent POM                                                     [pom]
[[1;34mINFO[m] Oak Commons                                                     [bundle]
[[1;34mINFO[m] Oak Blob Store                                                  [bundle]
[[1;34mINFO[m] Oak Cloud Blob Store                                            [bundle]
[[1;34mINFO[m] Oak Core                                                        [bundle]
[[1;34mINFO[m] Oak JCR Binding                                                 [bundle]
[[1;34mINFO[m] Oak upgrade                                                        [jar]
[[1;34mINFO[m] Oak HTTP Binding                                                [bundle]
[[1;34mINFO[m] Oak Lucene                                                      [bundle]
[[1;34mINFO[m] Oak Solr core                                                   [bundle]
[[1;34mINFO[m] Oak Solr OSGi                                                   [bundle]
[[1;34mINFO[m] Oak External Authentication Support                             [bundle]
[[1;34mINFO[m] Oak LDAP Authentication Support                                 [bundle]
[[1;34mINFO[m] Oak TarMK Standby                                               [bundle]
[[1;34mINFO[m] Oak Remote API                                                  [bundle]
[[1;34mINFO[m] Oak Runnable Jar                                                   [jar]
[[1;34mINFO[m] Oak Integration Tests for OSGi deployments                         [jar]
[[1;34mINFO[m] Oak PojoSR                                                         [jar]
[[1;34mINFO[m] Oak CUG                                                         [bundle]
[[1;34mINFO[m] Oak Exercises                                                      [jar]
[[1;34mINFO[m] Oak Web Application Example                                        [war]
[[1;34mINFO[m] Oak Examples                                                       [pom]
[[1;34mINFO[m] Jackrabbit Oak                                                     [pom]
[[1;34mINFO[m] 
[[1;34mINFO[m] [1m------------------< [0;36morg.apache.jackrabbit:oak-parent[0;1m >------------------[m
[[1;34mINFO[m] [1mBuilding Oak Parent POM 1.4-SNAPSHOT                              [1/23][m
[[1;34mINFO[m] [1m--------------------------------[ pom ]---------------------------------[m
[[1;34mINFO[m] 
[[1;34mINFO[m] [1m--- [0;32mjacoco-maven-plugin:0.7.1.201405082137:prepare-agent[m [1m(pre-unit-test)[m @ [36moak-parent[0;1m ---[m
[[1;34mINFO[m] Skipping JaCoCo execution because property jacoco.skip is set.
[[1;34mINFO[m] test.opts.coverage set to empty
[[1;34mINFO[m] 
[[1;34mINFO[m] [1m--- [0;32mmaven-remote-resources-plugin:1.4:process[m [1m(default)[m @ [36moak-parent[0;1m ---[m
[[1;34mINFO[m] 
[[1;34mINFO[m] [1m--- [0;32mjacoco-maven-plugin:0.7.1.201405082137:report[m [1m(post-unit-test)[m @ [36moak-parent[0;1m ---[m
[[1;34mINFO[m] Skipping JaCoCo execution because property jacoco.skip is set.
[[1;34mINFO[m] 
[[1;34mINFO[m] [1m--- [0;32mmaven-site-plugin:3.3:attach-descriptor[m [1m(attach-descriptor)[m @ [36moak-parent[0;1m ---[m
[[1;34mINFO[m] 
[[1;34mINFO[m] [1m--- [0;32mmaven-install-plugin:2.3.1:install[m [1m(default-install)[m @ [36moak-parent[0;1m ---[m
[[1;34mINFO[m] Installing /home/user/Reproducibility-Scanner/benchmarks/bugs-dot-jar/jackrabbit-oak/oak-parent/pom.xml to /home/user/.m2/repository/org/apache/jackrabbit/oak-parent/1.4-SNAPSHOT/oak-parent-1.4-SNAPSHOT.pom
[[1;34mINFO[m] 
[[1;34mINFO[m] [1m-----------------< [0;36morg.apache.jackrabbit:oak-commons[0;1m >------------------[m
[[1;34mINFO[m] [1mBuilding Oak Commons 1.4-SNAPSHOT                                 [2/23][m
[[1;34mINFO[m] [1m-------------------------------[ bundle ]-------------------------------[m
[[1;34mINFO[m] 
[[1;34mINFO[m] [1m--- [0;32mjacoco-maven-plugin:0.7.1.201405082137:prepare-agent[m [1m(pre-unit-test)[m @ [36moak-commons[0;1m ---[m
[[1;34mINFO[m] Skipping JaCoCo execution because property jacoco.skip is set.
[[1;34mINFO[m] test.opts.coverage set to empty
[[1;34mINFO[m] 
[[1;34mINFO[m] [1m--- [0;32mmaven-remote-resources-plugin:1.4:process[m [1m(default)[m @ [36moak-commons[0;1m ---[m
[[1;34mINFO[m] 
[[1;34mINFO[m] [1m--- [0;32mmaven-resources-plugin:2.6:resources[m [1m(default-resources)[m @ [36moak-commons[0;1m ---[m
[[1;34mINFO[m] Using 'UTF-8' encoding to copy filtered resources.
[[1;34mINFO[m] skip non existing resourceDirectory /home/user/Reproducibility-Scanner/benchmarks/bugs-dot-jar/jackrabbit-oak/oak-commons/src/main/resources
[[1;34mINFO[m] Copying 3 resources
[[1;34mINFO[m] 
[[1;34mINFO[m] [1m--- [0;32mmaven-compiler-plugin:2.5.1:compile[m [1m(default-compile)[m @ [36moak-commons[0;1m ---[m
[[1;34mINFO[m] Compiling 32 source files to /home/user/Reproducibility-Scanner/benchmarks/bugs-dot-jar/jackrabbit-oak/oak-commons/target/classes
[[1;34mINFO[m] 
[[1;34mINFO[m] [1m--- [0;32mmaven-resources-plugin:2.6:testResources[m [1m(default-testResources)[m @ [36moak-commons[0;1m ---[m
[[1;34mINFO[m] Using 'UTF-8' encoding to copy filtered resources.
[[1;34mINFO[m] Copying 3 resources
[[1;34mINFO[m] Copying 3 resources
[[1;34mINFO[m] 
[[1;34mINFO[m] [1m--- [0;32mmaven-compiler-plugin:2.5.1:testCompile[m [1m(default-testCompile)[m @ [36moak-commons[0;1m ---[m
[[1;34mINFO[m] Compiling 20 source files to /home/user/Reproducibility-Scanner/benchmarks/bugs-dot-jar/jackrabbit-oak/oak-commons/target/test-classes
[[1;34mINFO[m] 
[[1;34mINFO[m] [1m--- [0;32mmaven-surefire-plugin:2.12.4:test[m [1m(default-test)[m @ [36moak-commons[0;1m ---[m
[[1;34mINFO[m] Tests are skipped.
[[1;34mINFO[m] 
[[1;34mINFO[m] [1m--- [0;32mjacoco-maven-plugin:0.7.1.201405082137:report[m [1m(post-unit-test)[m @ [36moak-commons[0;1m ---[m
[[1;34mINFO[m] Skipping JaCoCo execution because property jacoco.skip is set.
[[1;34mINFO[m] 
[[1;34mINFO[m] [1m--- [0;32mmaven-bundle-plugin:2.5.3:bundle[m [1m(default-bundle)[m @ [36moak-commons[0;1m ---[m
[[1;34mINFO[m] 
[[1;34mINFO[m] [1m--- [0;32mmaven-site-plugin:3.3:attach-descriptor[m [1m(attach-descriptor)[m @ [36moak-commons[0;1m ---[m
[[1;34mINFO[m] 
[[1;34mINFO[m] [1m--- [0;32mmaven-jar-plugin:2.4:test-jar[m [1m(default)[m @ [36moak-commons[0;1m ---[m
[[1;34mINFO[m] Building jar: /home/user/Reproducibility-Scanner/benchmarks/bugs-dot-jar/jackrabbit-oak/oak-commons/target/oak-commons-1.4-SNAPSHOT-tests.jar
[[1;34mINFO[m] 
[[1;34mINFO[m] [1m--- [0;32mmaven-bundle-plugin:2.5.3:baseline[m [1m(baseline)[m @ [36moak-commons[0;1m ---[m
[[1;34mINFO[m] Skipping Baseline execution
[[1;34mINFO[m] 
[[1;34mINFO[m] [1m--- [0;32mmaven-install-plugin:2.3.1:install[m [1m(default-install)[m @ [36moak-commons[0;1m ---[m
[[1;34mINFO[m] Installing /home/user/Reproducibility-Scanner/benchmarks/bugs-dot-jar/jackrabbit-oak/oak-commons/target/oak-commons-1.4-SNAPSHOT.jar to /home/user/.m2/repository/org/apache/jackrabbit/oak-commons/1.4-SNAPSHOT/oak-commons-1.4-SNAPSHOT.jar
[[1;34mINFO[m] Installing /home/user/Reproducibility-Scanner/benchmarks/bugs-dot-jar/jackrabbit-oak/oak-commons/pom.xml to /home/user/.m2/repository/org/apache/jackrabbit/oak-commons/1.4-SNAPSHOT/oak-commons-1.4-SNAPSHOT.pom
[[1;34mINFO[m] Installing /home/user/Reproducibility-Scanner/benchmarks/bugs-dot-jar/jackrabbit-oak/oak-commons/target/oak-commons-1.4-SNAPSHOT-tests.jar to /home/user/.m2/repository/org/apache/jackrabbit/oak-commons/1.4-SNAPSHOT/oak-commons-1.4-SNAPSHOT-tests.jar
[[1;34mINFO[m] 
[[1;34mINFO[m] [1m--- [0;32mmaven-bundle-plugin:2.5.3:install[m [1m(default-install)[m @ [36moak-commons[0;1m ---[m
[[1;34mINFO[m] Local OBR update disabled (enable with -DobrRepository)
[[1;34mINFO[m] 
[[1;34mINFO[m] [1m-------------------< [0;36morg.apache.jackrabbit:oak-blob[0;1m >-------------------[m
[[1;34mINFO[m] [1mBuilding Oak Blob Store 1.4-SNAPSHOT                              [3/23][m
[[1;34mINFO[m] [1m-------------------------------[ bundle ]-------------------------------[m
[[1;34mINFO[m] 
[[1;34mINFO[m] [1m--- [0;32mjacoco-maven-plugin:0.7.1.201405082137:prepare-agent[m [1m(pre-unit-test)[m @ [36moak-blob[0;1m ---[m
[[1;34mINFO[m] Skipping JaCoCo execution because property jacoco.skip is set.
[[1;34mINFO[m] test.opts.coverage set to empty
[[1;34mINFO[m] 
[[1;34mINFO[m] [1m--- [0;32mmaven-remote-resources-plugin:1.4:process[m [1m(default)[m @ [36moak-blob[0;1m ---[m
[[1;34mINFO[m] 
[[1;34mINFO[m] [1m--- [0;32mmaven-resources-plugin:2.6:resources[m [1m(default-resources)[m @ [36moak-blob[0;1m ---[m
[[1;34mINFO[m] Using 'UTF-8' encoding to copy filtered resources.
[[1;34mINFO[m] skip non existing resourceDirectory /home/user/Reproducibility-Scanner/benchmarks/bugs-dot-jar/jackrabbit-oak/oak-blob/src/main/resources
[[1;34mINFO[m] Copying 3 resources
[[1;34mINFO[m] 
[[1;34mINFO[m] [1m--- [0;32mmaven-compiler-plugin:2.5.1:compile[m [1m(default-compile)[m @ [36moak-blob[0;1m ---[m
[[1;34mINFO[m] Compiling 8 source files to /home/user/Reproducibility-Scanner/benchmarks/bugs-dot-jar/jackrabbit-oak/oak-blob/target/classes
[[1;34mINFO[m] 
[[1;34mINFO[m] [1m--- [0;32mmaven-scr-plugin:1.16.0:scr[m [1m(generate-scr-scrdescriptor)[m @ [36moak-blob[0;1m ---[m
[[1;34mINFO[m] Writing 1 Service Component Descriptors to /home/user/Reproducibility-Scanner/benchmarks/bugs-dot-jar/jackrabbit-oak/oak-blob/target/classes/OSGI-INF/org.apache.jackrabbit.oak.spi.blob.osgi.FileBlobStoreService.xml
[[1;34mINFO[m] 
[[1;34mINFO[m] [1m--- [0;32mmaven-resources-plugin:2.6:testResources[m [1m(default-testResources)[m @ [36moak-blob[0;1m ---[m
[[1;34mINFO[m] Using 'UTF-8' encoding to copy filtered resources.
[[1;34mINFO[m] Copying 1 resource
[[1;34mINFO[m] Copying 3 resources
[[1;34mINFO[m] 
[[1;34mINFO[m] [1m--- [0;32mmaven-compiler-plugin:2.5.1:testCompile[m [1m(default-testCompile)[m @ [36moak-blob[0;1m ---[m
[[1;34mINFO[m] Compiling 4 source files to /home/user/Reproducibility-Scanner/benchmarks/bugs-dot-jar/jackrabbit-oak/oak-blob/target/test-classes
[[1;34mINFO[m] 
[[1;34mINFO[m] [1m--- [0;32mmaven-surefire-plugin:2.12.4:test[m [1m(default-test)[m @ [36moak-blob[0;1m ---[m
[[1;34mINFO[m] Tests are skipped.
[[1;34mINFO[m] 
[[1;34mINFO[m] [1m--- [0;32mjacoco-maven-plugin:0.7.1.201405082137:report[m [1m(post-unit-test)[m @ [36moak-blob[0;1m ---[m
[[1;34mINFO[m] Skipping JaCoCo execution because property jacoco.skip is set.
[[1;34mINFO[m] 
[[1;34mINFO[m] [1m--- [0;32mmaven-bundle-plugin:2.5.3:bundle[m [1m(default-bundle)[m @ [36moak-blob[0;1m ---[m
[[1;34mINFO[m] 
[[1;34mINFO[m] [1m--- [0;32mmaven-site-plugin:3.3:attach-descriptor[m [1m(attach-descriptor)[m @ [36moak-blob[0;1m ---[m
[[1;34mINFO[m] 
[[1;34mINFO[m] [1m--- [0;32mmaven-jar-plugin:2.4:test-jar[m [1m(default)[m @ [36moak-blob[0;1m ---[m
[[1;34mINFO[m] Building jar: /home/user/Reproducibility-Scanner/benchmarks/bugs-dot-jar/jackrabbit-oak/oak-blob/target/oak-blob-1.4-SNAPSHOT-tests.jar
[[1;34mINFO[m] 
[[1;34mINFO[m] [1m--- [0;32mmaven-bundle-plugin:2.5.3:baseline[m [1m(baseline)[m @ [36moak-blob[0;1m ---[m
[[1;34mINFO[m] Skipping Baseline execution
[[1;34mINFO[m] 
[[1;34mINFO[m] [1m--- [0;32mmaven-install-plugin:2.3.1:install[m [1m(default-install)[m @ [36moak-blob[0;1m ---[m
[[1;34mINFO[m] Installing /home/user/Reproducibility-Scanner/benchmarks/bugs-dot-jar/jackrabbit-oak/oak-blob/target/oak-blob-1.4-SNAPSHOT.jar to /home/user/.m2/repository/org/apache/jackrabbit/oak-blob/1.4-SNAPSHOT/oak-blob-1.4-SNAPSHOT.jar
[[1;34mINFO[m] Installing /home/user/Reproducibility-Scanner/benchmarks/bugs-dot-jar/jackrabbit-oak/oak-blob/pom.xml to /home/user/.m2/repository/org/apache/jackrabbit/oak-blob/1.4-SNAPSHOT/oak-blob-1.4-SNAPSHOT.pom
[[1;34mINFO[m] Installing /home/user/Reproducibility-Scanner/benchmarks/bugs-dot-jar/jackrabbit-oak/oak-blob/target/oak-blob-1.4-SNAPSHOT-tests.jar to /home/user/.m2/repository/org/apache/jackrabbit/oak-blob/1.4-SNAPSHOT/oak-blob-1.4-SNAPSHOT-tests.jar
[[1;34mINFO[m] 
[[1;34mINFO[m] [1m--- [0;32mmaven-bundle-plugin:2.5.3:install[m [1m(default-install)[m @ [36moak-blob[0;1m ---[m
[[1;34mINFO[m] Local OBR update disabled (enable with -DobrRepository)
[[1;34mINFO[m] 
[[1;34mINFO[m] [1m----------------< [0;36morg.apache.jackrabbit:oak-blob-cloud[0;1m >----------------[m
[[1;34mINFO[m] [1mBuilding Oak Cloud Blob Store 1.4-SNAPSHOT                        [4/23][m
[[1;34mINFO[m] [1m-------------------------------[ bundle ]-------------------------------[m
[[1;34mINFO[m] 
[[1;34mINFO[m] [1m--- [0;32mjacoco-maven-plugin:0.7.1.201405082137:prepare-agent[m [1m(pre-unit-test)[m @ [36moak-blob-cloud[0;1m ---[m
[[1;34mINFO[m] Skipping JaCoCo execution because property jacoco.skip is set.
[[1;34mINFO[m] test.opts.coverage set to empty
[[1;34mINFO[m] 
[[1;34mINFO[m] [1m--- [0;32mmaven-remote-resources-plugin:1.4:process[m [1m(default)[m @ [36moak-blob-cloud[0;1m ---[m
[[1;34mINFO[m] 
[[1;34mINFO[m] [1m--- [0;32mmaven-resources-plugin:2.6:resources[m [1m(default-resources)[m @ [36moak-blob-cloud[0;1m ---[m
[[1;34mINFO[m] Using 'UTF-8' encoding to copy filtered resources.
[[1;34mINFO[m] skip non existing resourceDirectory /home/user/Reproducibility-Scanner/benchmarks/bugs-dot-jar/jackrabbit-oak/oak-blob-cloud/src/main/resources
[[1;34mINFO[m] Copying 3 resources
[[1;34mINFO[m] 
[[1;34mINFO[m] [1m--- [0;32mmaven-compiler-plugin:2.5.1:compile[m [1m(default-compile)[m @ [36moak-blob-cloud[0;1m ---[m
[[1;34mINFO[m] Compiling 6 source files to /home/user/Reproducibility-Scanner/benchmarks/bugs-dot-jar/jackrabbit-oak/oak-blob-cloud/target/classes
[[1;34mINFO[m] 
[[1;34mINFO[m] [1m--- [0;32mmaven-scr-plugin:1.16.0:scr[m [1m(generate-scr-scrdescriptor)[m @ [36moak-blob-cloud[0;1m ---[m
[[1;34mINFO[m] 
[[1;34mINFO[m] [1m--- [0;32mmaven-resources-plugin:2.6:testResources[m [1m(default-testResources)[m @ [36moak-blob-cloud[0;1m ---[m
[[1;34mINFO[m] Using 'UTF-8' encoding to copy filtered resources.
[[1;34mINFO[m] Copying 2 resources
[[1;34mINFO[m] Copying 3 resources
[[1;34mINFO[m] 
[[1;34mINFO[m] [1m--- [0;32mmaven-compiler-plugin:2.5.1:testCompile[m [1m(default-testCompile)[m @ [36moak-blob-cloud[0;1m ---[m
[[1;34mINFO[m] Compiling 7 source files to /home/user/Reproducibility-Scanner/benchmarks/bugs-dot-jar/jackrabbit-oak/oak-blob-cloud/target/test-classes
[[1;34mINFO[m] 
[[1;34mINFO[m] [1m--- [0;32mmaven-surefire-plugin:2.12.4:test[m [1m(default-test)[m @ [36moak-blob-cloud[0;1m ---[m
[[1;34mINFO[m] Tests are skipped.
[[1;34mINFO[m] 
[[1;34mINFO[m] [1m--- [0;32mjacoco-maven-plugin:0.7.1.201405082137:report[m [1m(post-unit-test)[m @ [36moak-blob-cloud[0;1m ---[m
[[1;34mINFO[m] Skipping JaCoCo execution because property jacoco.skip is set.
[[1;34mINFO[m] 
[[1;34mINFO[m] [1m--- [0;32mmaven-bundle-plugin:2.5.3:bundle[m [1m(default-bundle)[m @ [36moak-blob-cloud[0;1m ---[m
[[1;34mINFO[m] 
[[1;34mINFO[m] [1m--- [0;32mmaven-site-plugin:3.3:attach-descriptor[m [1m(attach-descriptor)[m @ [36moak-blob-cloud[0;1m ---[m
[[1;34mINFO[m] 
[[1;34mINFO[m] [1m--- [0;32mmaven-jar-plugin:2.4:test-jar[m [1m(default)[m @ [36moak-blob-cloud[0;1m ---[m
[[1;34mINFO[m] Building jar: /home/user/Reproducibility-Scanner/benchmarks/bugs-dot-jar/jackrabbit-oak/oak-blob-cloud/target/oak-blob-cloud-1.4-SNAPSHOT-tests.jar
[[1;34mINFO[m] 
[[1;34mINFO[m] [1m--- [0;32mmaven-bundle-plugin:2.5.3:baseline[m [1m(baseline)[m @ [36moak-blob-cloud[0;1m ---[m
[[1;34mINFO[m] Skipping Baseline execution
[[1;34mINFO[m] 
[[1;34mINFO[m] [1m--- [0;32mmaven-install-plugin:2.3.1:install[m [1m(default-install)[m @ [36moak-blob-cloud[0;1m ---[m
[[1;34mINFO[m] Installing /home/user/Reproducibility-Scanner/benchmarks/bugs-dot-jar/jackrabbit-oak/oak-blob-cloud/target/oak-blob-cloud-1.4-SNAPSHOT.jar to /home/user/.m2/repository/org/apache/jackrabbit/oak-blob-cloud/1.4-SNAPSHOT/oak-blob-cloud-1.4-SNAPSHOT.jar
[[1;34mINFO[m] Installing /home/user/Reproducibility-Scanner/benchmarks/bugs-dot-jar/jackrabbit-oak/oak-blob-cloud/pom.xml to /home/user/.m2/repository/org/apache/jackrabbit/oak-blob-cloud/1.4-SNAPSHOT/oak-blob-cloud-1.4-SNAPSHOT.pom
[[1;34mINFO[m] Installing /home/user/Reproducibility-Scanner/benchmarks/bugs-dot-jar/jackrabbit-oak/oak-blob-cloud/target/oak-blob-cloud-1.4-SNAPSHOT-tests.jar to /home/user/.m2/repository/org/apache/jackrabbit/oak-blob-cloud/1.4-SNAPSHOT/oak-blob-cloud-1.4-SNAPSHOT-tests.jar
[[1;34mINFO[m] 
[[1;34mINFO[m] [1m--- [0;32mmaven-bundle-plugin:2.5.3:install[m [1m(default-install)[m @ [36moak-blob-cloud[0;1m ---[m
[[1;34mINFO[m] Local OBR update disabled (enable with -DobrRepository)
[[1;34mINFO[m] 
[[1;34mINFO[m] [1m-------------------< [0;36morg.apache.jackrabbit:oak-core[0;1m >-------------------[m
[[1;34mINFO[m] [1mBuilding Oak Core 1.4-SNAPSHOT                                    [5/23][m
[[1;34mINFO[m] [1m-------------------------------[ bundle ]-------------------------------[m
[[1;34mINFO[m] 
[[1;34mINFO[m] [1m--- [0;32mjacoco-maven-plugin:0.7.1.201405082137:prepare-agent[m [1m(pre-unit-test)[m @ [36moak-core[0;1m ---[m
[[1;34mINFO[m] Skipping JaCoCo execution because property jacoco.skip is set.
[[1;34mINFO[m] test.opts.coverage set to empty
[[1;34mINFO[m] 
[[1;34mINFO[m] [1m--- [0;32mmaven-remote-resources-plugin:1.4:process[m [1m(default)[m @ [36moak-core[0;1m ---[m
[[1;34mINFO[m] 
[[1;34mINFO[m] [1m--- [0;32mmaven-resources-plugin:2.6:resources[m [1m(default-resources)[m @ [36moak-core[0;1m ---[m
[[1;34mINFO[m] Using 'UTF-8' encoding to copy filtered resources.
[[1;34mINFO[m] Copying 3 resources
[[1;34mINFO[m] Copying 3 resources
[[1;34mINFO[m] 
[[1;34mINFO[m] [1m--- [0;32mmaven-compiler-plugin:2.5.1:compile[m [1m(default-compile)[m @ [36moak-core[0;1m ---[m
[[1;34mINFO[m] Compiling 910 source files to /home/user/Reproducibility-Scanner/benchmarks/bugs-dot-jar/jackrabbit-oak/oak-core/target/classes
[[1;34mINFO[m] 
[[1;34mINFO[m] [1m--- [0;32mmaven-scr-plugin:1.16.0:scr[m [1m(generate-scr-scrdescriptor)[m @ [36moak-core[0;1m ---[m
[[1;34mINFO[m] Generating 1 MetaType Descriptors in /home/user/Reproducibility-Scanner/benchmarks/bugs-dot-jar/jackrabbit-oak/oak-core/target/classes/OSGI-INF/metatype/org.apache.jackrabbit.oak.security.authentication.AuthenticationConfigurationImpl.xml
[[1;34mINFO[m] Generating 1 MetaType Descriptors in /home/user/Reproducibility-Scanner/benchmarks/bugs-dot-jar/jackrabbit-oak/oak-core/target/classes/OSGI-INF/metatype/org.apache.jackrabbit.oak.security.authentication.token.TokenConfigurationImpl.xml
[[1;34mINFO[m] Generating 1 MetaType Descriptors in /home/user/Reproducibility-Scanner/benchmarks/bugs-dot-jar/jackrabbit-oak/oak-core/target/classes/OSGI-INF/metatype/org.apache.jackrabbit.oak.security.authorization.AuthorizationConfigurationImpl.xml
[[1;34mINFO[m] Generating 1 MetaType Descriptors in /home/user/Reproducibility-Scanner/benchmarks/bugs-dot-jar/jackrabbit-oak/oak-core/target/classes/OSGI-INF/metatype/org.apache.jackrabbit.oak.security.user.UserConfigurationImpl.xml
[[1;34mINFO[m] Generating 1 MetaType Descriptors in /home/user/Reproducibility-Scanner/benchmarks/bugs-dot-jar/jackrabbit-oak/oak-core/target/classes/OSGI-INF/metatype/org.apache.jackrabbit.oak.security.user.RandomAuthorizableNodeName.xml
[[1;34mINFO[m] Generating 1 MetaType Descriptors in /home/user/Reproducibility-Scanner/benchmarks/bugs-dot-jar/jackrabbit-oak/oak-core/target/classes/OSGI-INF/metatype/org.apache.jackrabbit.oak.spi.security.user.action.DefaultAuthorizableActionProvider.xml
[[1;34mINFO[m] Generating 1 MetaType Descriptors in /home/user/Reproducibility-Scanner/benchmarks/bugs-dot-jar/jackrabbit-oak/oak-core/target/classes/OSGI-INF/metatype/org.apache.jackrabbit.oak.plugins.blob.datastore.DataStoreTextProviderService.xml
[[1;34mINFO[m] Generating 1 MetaType Descriptors in /home/user/Reproducibility-Scanner/benchmarks/bugs-dot-jar/jackrabbit-oak/oak-core/target/classes/OSGI-INF/metatype/org.apache.jackrabbit.oak.plugins.document.DocumentNodeStoreService.xml
[[1;34mINFO[m] Generating 1 MetaType Descriptors in /home/user/Reproducibility-Scanner/benchmarks/bugs-dot-jar/jackrabbit-oak/oak-core/target/classes/OSGI-INF/metatype/org.apache.jackrabbit.oak.plugins.segment.SegmentNodeStoreService.xml
[[1;34mINFO[m] Writing 1 Service Component Descriptors to /home/user/Reproducibility-Scanner/benchmarks/bugs-dot-jar/jackrabbit-oak/oak-core/target/classes/OSGI-INF/org.apache.jackrabbit.oak.security.authentication.AuthenticationConfigurationImpl.xml
[[1;34mINFO[m] Writing 1 Service Component Descriptors to /home/user/Reproducibility-Scanner/benchmarks/bugs-dot-jar/jackrabbit-oak/oak-core/target/classes/OSGI-INF/org.apache.jackrabbit.oak.security.authentication.token.TokenConfigurationImpl.xml
[[1;34mINFO[m] Writing 1 Service Component Descriptors to /home/user/Reproducibility-Scanner/benchmarks/bugs-dot-jar/jackrabbit-oak/oak-core/target/classes/OSGI-INF/org.apache.jackrabbit.oak.security.privilege.PrivilegeConfigurationImpl.xml
[[1;34mINFO[m] Writing 1 Service Component Descriptors to /home/user/Reproducibility-Scanner/benchmarks/bugs-dot-jar/jackrabbit-oak/oak-core/target/classes/OSGI-INF/org.apache.jackrabbit.oak.security.principal.PrincipalConfigurationImpl.xml
[[1;34mINFO[m] Writing 1 Service Component Descriptors to /home/user/Reproducibility-Scanner/benchmarks/bugs-dot-jar/jackrabbit-oak/oak-core/target/classes/OSGI-INF/org.apache.jackrabbit.oak.security.SecurityProviderImpl.xml
[[1;34mINFO[m] Writing 1 Service Component Descriptors to /home/user/Reproducibility-Scanner/benchmarks/bugs-dot-jar/jackrabbit-oak/oak-core/target/classes/OSGI-INF/org.apache.jackrabbit.oak.security.authorization.AuthorizationConfigurationImpl.xml
[[1;34mINFO[m] Writing 1 Service Component Descriptors to /home/user/Reproducibility-Scanner/benchmarks/bugs-dot-jar/jackrabbit-oak/oak-core/target/classes/OSGI-INF/org.apache.jackrabbit.oak.security.authorization.restriction.RestrictionProviderImpl.xml
[[1;34mINFO[m] Writing 1 Service Component Descriptors to /home/user/Reproducibility-Scanner/benchmarks/bugs-dot-jar/jackrabbit-oak/oak-core/target/classes/OSGI-INF/org.apache.jackrabbit.oak.security.user.UserConfigurationImpl.xml
[[1;34mINFO[m] Writing 1 Service Component Descriptors to /home/user/Reproducibility-Scanner/benchmarks/bugs-dot-jar/jackrabbit-oak/oak-core/target/classes/OSGI-INF/org.apache.jackrabbit.oak.security.user.RandomAuthorizableNodeName.xml
[[1;34mINFO[m] Writing 1 Service Component Descriptors to /home/user/Reproducibility-Scanner/benchmarks/bugs-dot-jar/jackrabbit-oak/oak-core/target/classes/OSGI-INF/org.apache.jackrabbit.oak.security.user.UserAuthenticationFactoryImpl.xml
[[1;34mINFO[m] Writing 1 Service Component Descriptors to /home/user/Reproducibility-Scanner/benchmarks/bugs-dot-jar/jackrabbit-oak/oak-core/target/classes/OSGI-INF/org.apache.jackrabbit.oak.spi.security.user.action.DefaultAuthorizableActionProvider.xml
[[1;34mINFO[m] Writing 1 Service Component Descriptors to /home/user/Reproducibility-Scanner/benchmarks/bugs-dot-jar/jackrabbit-oak/oak-core/target/classes/OSGI-INF/org.apache.jackrabbit.oak.cache.ConsolidatedCacheStats.xml
[[1;34mINFO[m] Writing 1 Service Component Descriptors to /home/user/Reproducibility-Scanner/benchmarks/bugs-dot-jar/jackrabbit-oak/oak-core/target/classes/OSGI-INF/org.apache.jackrabbit.oak.plugins.commit.ConflictValidatorProvider.xml
[[1;34mINFO[m] Writing 1 Service Component Descriptors to /home/user/Reproducibility-Scanner/benchmarks/bugs-dot-jar/jackrabbit-oak/oak-core/target/classes/OSGI-INF/org.apache.jackrabbit.oak.plugins.index.counter.NodeCounterEditorProvider.xml
[[1;34mINFO[m] Writing 1 Service Component Descriptors to /home/user/Reproducibility-Scanner/benchmarks/bugs-dot-jar/jackrabbit-oak/oak-core/target/classes/OSGI-INF/org.apache.jackrabbit.oak.plugins.index.reference.ReferenceIndexProvider.xml
[[1;34mINFO[m] Writing 1 Service Component Descriptors to /home/user/Reproducibility-Scanner/benchmarks/bugs-dot-jar/jackrabbit-oak/oak-core/target/classes/OSGI-INF/org.apache.jackrabbit.oak.plugins.index.reference.ReferenceEditorProvider.xml
[[1;34mINFO[m] Writing 1 Service Component Descriptors to /home/user/Reproducibility-Scanner/benchmarks/bugs-dot-jar/jackrabbit-oak/oak-core/target/classes/OSGI-INF/org.apache.jackrabbit.oak.plugins.index.property.PropertyIndexEditorProvider.xml
[[1;34mINFO[m] Writing 1 Service Component Descriptors to /home/user/Reproducibility-Scanner/benchmarks/bugs-dot-jar/jackrabbit-oak/oak-core/target/classes/OSGI-INF/org.apache.jackrabbit.oak.plugins.index.property.PropertyIndexProvider.xml
[[1;34mINFO[m] Writing 1 Service Component Descriptors to /home/user/Reproducibility-Scanner/benchmarks/bugs-dot-jar/jackrabbit-oak/oak-core/target/classes/OSGI-INF/org.apache.jackrabbit.oak.plugins.index.property.OrderedPropertyIndexEditorProvider.xml
[[1;34mINFO[m] Writing 1 Service Component Descriptors to /home/user/Reproducibility-Scanner/benchmarks/bugs-dot-jar/jackrabbit-oak/oak-core/target/classes/OSGI-INF/org.apache.jackrabbit.oak.plugins.index.property.OrderedPropertyIndexProvider.xml
[[1;34mINFO[m] Writing 1 Service Component Descriptors to /home/user/Reproducibility-Scanner/benchmarks/bugs-dot-jar/jackrabbit-oak/oak-core/target/classes/OSGI-INF/org.apache.jackrabbit.oak.plugins.index.nodetype.NodeTypeIndexProvider.xml
[[1;34mINFO[m] Writing 1 Service Component Descriptors to /home/user/Reproducibility-Scanner/benchmarks/bugs-dot-jar/jackrabbit-oak/oak-core/target/classes/OSGI-INF/org.apache.jackrabbit.oak.plugins.nodetype.TypeEditorProvider.xml
[[1;34mINFO[m] Writing 1 Service Component Descriptors to /home/user/Reproducibility-Scanner/benchmarks/bugs-dot-jar/jackrabbit-oak/oak-core/target/classes/OSGI-INF/org.apache.jackrabbit.oak.plugins.blob.datastore.S3DataStoreService.xml
[[1;34mINFO[m] Writing 1 Service Component Descriptors to /home/user/Reproducibility-Scanner/benchmarks/bugs-dot-jar/jackrabbit-oak/oak-core/target/classes/OSGI-INF/org.apache.jackrabbit.oak.plugins.blob.datastore.CachingFDSService.xml
[[1;34mINFO[m] Writing 1 Service Component Descriptors to /home/user/Reproducibility-Scanner/benchmarks/bugs-dot-jar/jackrabbit-oak/oak-core/target/classes/OSGI-INF/org.apache.jackrabbit.oak.plugins.blob.datastore.DataStoreTextProviderService.xml
[[1;34mINFO[m] Writing 1 Service Component Descriptors to /home/user/Reproducibility-Scanner/benchmarks/bugs-dot-jar/jackrabbit-oak/oak-core/target/classes/OSGI-INF/org.apache.jackrabbit.oak.plugins.blob.datastore.SharedS3DataStoreService.xml
[[1;34mINFO[m] Writing 1 Service Component Descriptors to /home/user/Reproducibility-Scanner/benchmarks/bugs-dot-jar/jackrabbit-oak/oak-core/target/classes/OSGI-INF/org.apache.jackrabbit.oak.plugins.blob.datastore.FileDataStoreService.xml
[[1;34mINFO[m] Writing 1 Service Component Descriptors to /home/user/Reproducibility-Scanner/benchmarks/bugs-dot-jar/jackrabbit-oak/oak-core/target/classes/OSGI-INF/org.apache.jackrabbit.oak.plugins.blob.datastore.DbDataStoreService.xml
[[1;34mINFO[m] Writing 1 Service Component Descriptors to /home/user/Reproducibility-Scanner/benchmarks/bugs-dot-jar/jackrabbit-oak/oak-core/target/classes/OSGI-INF/org.apache.jackrabbit.oak.plugins.itemsave.ItemSaveValidatorProvider.xml
[[1;34mINFO[m] Writing 1 Service Component Descriptors to /home/user/Reproducibility-Scanner/benchmarks/bugs-dot-jar/jackrabbit-oak/oak-core/target/classes/OSGI-INF/org.apache.jackrabbit.oak.plugins.document.DocumentNodeStoreService.xml
[[1;34mINFO[m] Writing 1 Service Component Descriptors to /home/user/Reproducibility-Scanner/benchmarks/bugs-dot-jar/jackrabbit-oak/oak-core/target/classes/OSGI-INF/org.apache.jackrabbit.oak.plugins.document.DocumentDiscoveryLiteService.xml
[[1;34mINFO[m] Writing 1 Service Component Descriptors to /home/user/Reproducibility-Scanner/benchmarks/bugs-dot-jar/jackrabbit-oak/oak-core/target/classes/OSGI-INF/org.apache.jackrabbit.oak.plugins.version.VersionEditorProvider.xml
[[1;34mINFO[m] Writing 1 Service Component Descriptors to /home/user/Reproducibility-Scanner/benchmarks/bugs-dot-jar/jackrabbit-oak/oak-core/target/classes/OSGI-INF/org.apache.jackrabbit.oak.plugins.name.NamespaceEditorProvider.xml
[[1;34mINFO[m] Writing 1 Service Component Descriptors to /home/user/Reproducibility-Scanner/benchmarks/bugs-dot-jar/jackrabbit-oak/oak-core/target/classes/OSGI-INF/org.apache.jackrabbit.oak.plugins.name.NameValidatorProvider.xml
[[1;34mINFO[m] Writing 1 Service Component Descriptors to /home/user/Reproducibility-Scanner/benchmarks/bugs-dot-jar/jackrabbit-oak/oak-core/target/classes/OSGI-INF/org.apache.jackrabbit.oak.plugins.segment.SegmentDiscoveryLiteService.xml
[[1;34mINFO[m] Writing 1 Service Component Descriptors to /home/user/Reproducibility-Scanner/benchmarks/bugs-dot-jar/jackrabbit-oak/oak-core/target/classes/OSGI-INF/org.apache.jackrabbit.oak.plugins.segment.SegmentNodeStoreService.xml
[[1;34mINFO[m] Writing 1 Service Component Descriptors to /home/user/Reproducibility-Scanner/benchmarks/bugs-dot-jar/jackrabbit-oak/oak-core/target/classes/OSGI-INF/org.apache.jackrabbit.oak.plugins.atomic.AtomicCounterEditorProvider.xml
[[1;34mINFO[m] 
[[1;34mINFO[m] [1m--- [0;32mmaven-resources-plugin:2.6:testResources[m [1m(default-testResources)[m @ [36moak-core[0;1m ---[m
[[1;34mINFO[m] Using 'UTF-8' encoding to copy filtered resources.
[[1;34mINFO[m] Copying 12 resources
[[1;34mINFO[m] Copying 3 resources
[[1;34mINFO[m] 
[[1;34mINFO[m] [1m--- [0;32mmaven-compiler-plugin:2.5.1:testCompile[m [1m(default-testCompile)[m @ [36moak-core[0;1m ---[m
[[1;34mINFO[m] Compiling 408 source files to /home/user/Reproducibility-Scanner/benchmarks/bugs-dot-jar/jackrabbit-oak/oak-core/target/test-classes
[[1;34mINFO[m] 
[[1;34mINFO[m] [1m--- [0;32mmaven-surefire-plugin:2.12.4:test[m [1m(default-test)[m @ [36moak-core[0;1m ---[m
[[1;34mINFO[m] Tests are skipped.
[[1;34mINFO[m] 
[[1;34mINFO[m] [1m--- [0;32mjacoco-maven-plugin:0.7.1.201405082137:report[m [1m(post-unit-test)[m @ [36moak-core[0;1m ---[m
[[1;34mINFO[m] Skipping JaCoCo execution because property jacoco.skip is set.
[[1;34mINFO[m] 
[[1;34mINFO[m] [1m--- [0;32mmaven-bundle-plugin:2.5.3:bundle[m [1m(default-bundle)[m @ [36moak-core[0;1m ---[m
[[1;33mWARNING[m] Bundle org.apache.jackrabbit:oak-core:bundle:1.4-SNAPSHOT : Export org.apache.jackrabbit.oak.plugins.segment,  has 3,  private references [org.apache.jackrabbit.oak.plugins.blob, org.apache.jackrabbit.oak.plugins.segment.compaction, org.apache.jackrabbit.oak.cache], 
[[1;33mWARNING[m] Bundle org.apache.jackrabbit:oak-core:bundle:1.4-SNAPSHOT : Export org.apache.jackrabbit.oak.plugins.segment.file,  has 1,  private references [org.apache.jackrabbit.oak.plugins.segment.compaction], 
[[1;33mWARNING[m] Bundle org.apache.jackrabbit:oak-core:bundle:1.4-SNAPSHOT : Export org.apache.jackrabbit.oak.spi.query,  has 1,  private references [org.apache.jackrabbit.oak.query.ast], 
[[1;33mWARNING[m] Bundle org.apache.jackrabbit:oak-core:bundle:1.4-SNAPSHOT : Export org.apache.jackrabbit.oak.query,  has 3,  private references [org.apache.jackrabbit.oak.query.index, org.apache.jackrabbit.oak.query.plan, org.apache.jackrabbit.oak.query.ast], 
[[1;34mINFO[m] 
[[1;34mINFO[m] [1m--- [0;32mmaven-site-plugin:3.3:attach-descriptor[m [1m(attach-descriptor)[m @ [36moak-core[0;1m ---[m
[[1;34mINFO[m] 
[[1;34mINFO[m] [1m--- [0;32mmaven-jar-plugin:2.4:test-jar[m [1m(default)[m @ [36moak-core[0;1m ---[m
[[1;34mINFO[m] Building jar: /home/user/Reproducibility-Scanner/benchmarks/bugs-dot-jar/jackrabbit-oak/oak-core/target/oak-core-1.4-SNAPSHOT-tests.jar
[[1;34mINFO[m] 
[[1;34mINFO[m] [1m--- [0;32mmaven-bundle-plugin:2.5.3:baseline[m [1m(baseline)[m @ [36moak-core[0;1m ---[m
[[1;34mINFO[m] Skipping Baseline execution
[[1;34mINFO[m] 
[[1;34mINFO[m] [1m--- [0;32mmaven-install-plugin:2.3.1:install[m [1m(default-install)[m @ [36moak-core[0;1m ---[m
[[1;34mINFO[m] Installing /home/user/Reproducibility-Scanner/benchmarks/bugs-dot-jar/jackrabbit-oak/oak-core/target/oak-core-1.4-SNAPSHOT.jar to /home/user/.m2/repository/org/apache/jackrabbit/oak-core/1.4-SNAPSHOT/oak-core-1.4-SNAPSHOT.jar
[[1;34mINFO[m] Installing /home/user/Reproducibility-Scanner/benchmarks/bugs-dot-jar/jackrabbit-oak/oak-core/pom.xml to /home/user/.m2/repository/org/apache/jackrabbit/oak-core/1.4-SNAPSHOT/oak-core-1.4-SNAPSHOT.pom
[[1;34mINFO[m] Installing /home/user/Reproducibility-Scanner/benchmarks/bugs-dot-jar/jackrabbit-oak/oak-core/target/oak-core-1.4-SNAPSHOT-tests.jar to /home/user/.m2/repository/org/apache/jackrabbit/oak-core/1.4-SNAPSHOT/oak-core-1.4-SNAPSHOT-tests.jar
[[1;34mINFO[m] 
[[1;34mINFO[m] [1m--- [0;32mmaven-bundle-plugin:2.5.3:install[m [1m(default-install)[m @ [36moak-core[0;1m ---[m
[[1;34mINFO[m] Local OBR update disabled (enable with -DobrRepository)
[[1;34mINFO[m] 
[[1;34mINFO[m] [1m-------------------< [0;36morg.apache.jackrabbit:oak-jcr[0;1m >--------------------[m
[[1;34mINFO[m] [1mBuilding Oak JCR Binding 1.4-SNAPSHOT                             [6/23][m
[[1;34mINFO[m] [1m-------------------------------[ bundle ]-------------------------------[m
[[1;34mINFO[m] 
[[1;34mINFO[m] [1m--- [0;32mjacoco-maven-plugin:0.7.1.201405082137:prepare-agent[m [1m(pre-unit-test)[m @ [36moak-jcr[0;1m ---[m
[[1;34mINFO[m] Skipping JaCoCo execution because property jacoco.skip is set.
[[1;34mINFO[m] test.opts.coverage set to empty
[[1;34mINFO[m] 
[[1;34mINFO[m] [1m--- [0;32mmaven-remote-resources-plugin:1.4:process[m [1m(default)[m @ [36moak-jcr[0;1m ---[m
[[1;34mINFO[m] 
[[1;34mINFO[m] [1m--- [0;32mmaven-resources-plugin:2.6:resources[m [1m(default-resources)[m @ [36moak-jcr[0;1m ---[m
[[1;34mINFO[m] Using 'UTF-8' encoding to copy filtered resources.
[[1;34mINFO[m] Copying 1 resource
[[1;34mINFO[m] Copying 3 resources
[[1;34mINFO[m] 
[[1;34mINFO[m] [1m--- [0;32mmaven-compiler-plugin:2.5.1:compile[m [1m(default-compile)[m @ [36moak-jcr[0;1m ---[m
[[1;34mINFO[m] Compiling 104 source files to /home/user/Reproducibility-Scanner/benchmarks/bugs-dot-jar/jackrabbit-oak/oak-jcr/target/classes
[[1;34mINFO[m] 
[[1;34mINFO[m] [1m--- [0;32mmaven-scr-plugin:1.16.0:scr[m [1m(generate-scr-scrdescriptor)[m @ [36moak-jcr[0;1m ---[m
[[1;34mINFO[m] Writing 1 Service Component Descriptors to /home/user/Reproducibility-Scanner/benchmarks/bugs-dot-jar/jackrabbit-oak/oak-jcr/target/classes/OSGI-INF/org.apache.jackrabbit.oak.jcr.osgi.RepositoryManager.xml
[[1;34mINFO[m] Writing 1 Service Component Descriptors to /home/user/Reproducibility-Scanner/benchmarks/bugs-dot-jar/jackrabbit-oak/oak-jcr/target/classes/OSGI-INF/org.apache.jackrabbit.oak.jcr.observation.ConsolidatedListenerMBeanImpl.xml
[[1;34mINFO[m] 
[[1;34mINFO[m] [1m--- [0;32mmaven-resources-plugin:2.6:testResources[m [1m(default-testResources)[m @ [36moak-jcr[0;1m ---[m
[[1;34mINFO[m] Using 'UTF-8' encoding to copy filtered resources.
[[1;34mINFO[m] Copying 8 resources
[[1;34mINFO[m] Copying 3 resources
[[1;34mINFO[m] 
[[1;34mINFO[m] [1m--- [0;32mmaven-compiler-plugin:2.5.1:testCompile[m [1m(default-testCompile)[m @ [36moak-jcr[0;1m ---[m
[[1;34mINFO[m] Compiling 165 source files to /home/user/Reproducibility-Scanner/benchmarks/bugs-dot-jar/jackrabbit-oak/oak-jcr/target/test-classes
[[1;34mINFO[m] 
[[1;34mINFO[m] [1m--- [0;32mmaven-surefire-plugin:2.12.4:test[m [1m(default-test)[m @ [36moak-jcr[0;1m ---[m
[[1;34mINFO[m] Tests are skipped.
[[1;34mINFO[m] 
[[1;34mINFO[m] [1m--- [0;32mjacoco-maven-plugin:0.7.1.201405082137:report[m [1m(post-unit-test)[m @ [36moak-jcr[0;1m ---[m
[[1;34mINFO[m] Skipping JaCoCo execution because property jacoco.skip is set.
[[1;34mINFO[m] 
[[1;34mINFO[m] [1m--- [0;32mmaven-bundle-plugin:2.5.3:bundle[m [1m(default-bundle)[m @ [36moak-jcr[0;1m ---[m
[[1;34mINFO[m] 
[[1;34mINFO[m] [1m--- [0;32mmaven-site-plugin:3.3:attach-descriptor[m [1m(attach-descriptor)[m @ [36moak-jcr[0;1m ---[m
[[1;34mINFO[m] 
[[1;34mINFO[m] [1m--- [0;32mmaven-jar-plugin:2.4:test-jar[m [1m(default)[m @ [36moak-jcr[0;1m ---[m
[[1;34mINFO[m] Building jar: /home/user/Reproducibility-Scanner/benchmarks/bugs-dot-jar/jackrabbit-oak/oak-jcr/target/oak-jcr-1.4-SNAPSHOT-tests.jar
[[1;34mINFO[m] 
[[1;34mINFO[m] [1m--- [0;32mmaven-bundle-plugin:2.5.3:baseline[m [1m(baseline)[m @ [36moak-jcr[0;1m ---[m
[[1;34mINFO[m] Skipping Baseline execution
[[1;34mINFO[m] 
[[1;34mINFO[m] [1m--- [0;32mmaven-install-plugin:2.3.1:install[m [1m(default-install)[m @ [36moak-jcr[0;1m ---[m
[[1;34mINFO[m] Installing /home/user/Reproducibility-Scanner/benchmarks/bugs-dot-jar/jackrabbit-oak/oak-jcr/target/oak-jcr-1.4-SNAPSHOT.jar to /home/user/.m2/repository/org/apache/jackrabbit/oak-jcr/1.4-SNAPSHOT/oak-jcr-1.4-SNAPSHOT.jar
[[1;34mINFO[m] Installing /home/user/Reproducibility-Scanner/benchmarks/bugs-dot-jar/jackrabbit-oak/oak-jcr/pom.xml to /home/user/.m2/repository/org/apache/jackrabbit/oak-jcr/1.4-SNAPSHOT/oak-jcr-1.4-SNAPSHOT.pom
[[1;34mINFO[m] Installing /home/user/Reproducibility-Scanner/benchmarks/bugs-dot-jar/jackrabbit-oak/oak-jcr/target/oak-jcr-1.4-SNAPSHOT-tests.jar to /home/user/.m2/repository/org/apache/jackrabbit/oak-jcr/1.4-SNAPSHOT/oak-jcr-1.4-SNAPSHOT-tests.jar
[[1;34mINFO[m] 
[[1;34mINFO[m] [1m--- [0;32mmaven-bundle-plugin:2.5.3:install[m [1m(default-install)[m @ [36moak-jcr[0;1m ---[m
[[1;34mINFO[m] Local OBR update disabled (enable with -DobrRepository)
[[1;34mINFO[m] 
[[1;34mINFO[m] [1m-----------------< [0;36morg.apache.jackrabbit:oak-upgrade[0;1m >------------------[m
[[1;34mINFO[m] [1mBuilding Oak upgrade 1.4-SNAPSHOT                                 [7/23][m
[[1;34mINFO[m] [1m--------------------------------[ jar ]---------------------------------[m
[[1;34mINFO[m] 
[[1;34mINFO[m] [1m--- [0;32mjacoco-maven-plugin:0.7.1.201405082137:prepare-agent[m [1m(pre-unit-test)[m @ [36moak-upgrade[0;1m ---[m
[[1;34mINFO[m] Skipping JaCoCo execution because property jacoco.skip is set.
[[1;34mINFO[m] test.opts.coverage set to empty
[[1;34mINFO[m] 
[[1;34mINFO[m] [1m--- [0;32mmaven-remote-resources-plugin:1.4:process[m [1m(default)[m @ [36moak-upgrade[0;1m ---[m
[[1;34mINFO[m] 
[[1;34mINFO[m] [1m--- [0;32mmaven-resources-plugin:2.6:resources[m [1m(default-resources)[m @ [36moak-upgrade[0;1m ---[m
[[1;34mINFO[m] Using 'UTF-8' encoding to copy filtered resources.
[[1;34mINFO[m] skip non existing resourceDirectory /home/user/Reproducibility-Scanner/benchmarks/bugs-dot-jar/jackrabbit-oak/oak-upgrade/src/main/resources
[[1;34mINFO[m] Copying 3 resources
[[1;34mINFO[m] 
[[1;34mINFO[m] [1m--- [0;32mmaven-compiler-plugin:2.5.1:compile[m [1m(default-compile)[m @ [36moak-upgrade[0;1m ---[m
[[1;34mINFO[m] Compiling 20 source files to /home/user/Reproducibility-Scanner/benchmarks/bugs-dot-jar/jackrabbit-oak/oak-upgrade/target/classes
[[1;34mINFO[m] 
[[1;34mINFO[m] [1m--- [0;32mmaven-resources-plugin:2.6:testResources[m [1m(default-testResources)[m @ [36moak-upgrade[0;1m ---[m
[[1;34mINFO[m] Using 'UTF-8' encoding to copy filtered resources.
[[1;34mINFO[m] Copying 4 resources
[[1;34mINFO[m] Copying 3 resources
[[1;34mINFO[m] 
[[1;34mINFO[m] [1m--- [0;32mmaven-compiler-plugin:2.5.1:testCompile[m [1m(default-testCompile)[m @ [36moak-upgrade[0;1m ---[m
[[1;34mINFO[m] Compiling 20 source files to /home/user/Reproducibility-Scanner/benchmarks/bugs-dot-jar/jackrabbit-oak/oak-upgrade/target/test-classes
[[1;34mINFO[m] 
[[1;34mINFO[m] [1m--- [0;32mmaven-surefire-plugin:2.12.4:test[m [1m(default-test)[m @ [36moak-upgrade[0;1m ---[m
[[1;34mINFO[m] Tests are skipped.
[[1;34mINFO[m] 
[[1;34mINFO[m] [1m--- [0;32mjacoco-maven-plugin:0.7.1.201405082137:report[m [1m(post-unit-test)[m @ [36moak-upgrade[0;1m ---[m
[[1;34mINFO[m] Skipping JaCoCo execution because property jacoco.skip is set.
[[1;34mINFO[m] 
[[1;34mINFO[m] [1m--- [0;32mmaven-jar-plugin:2.4:jar[m [1m(default-jar)[m @ [36moak-upgrade[0;1m ---[m
[[1;34mINFO[m] Building jar: /home/user/Reproducibility-Scanner/benchmarks/bugs-dot-jar/jackrabbit-oak/oak-upgrade/target/oak-upgrade-1.4-SNAPSHOT.jar
[[1;34mINFO[m] 
[[1;34mINFO[m] [1m--- [0;32mmaven-site-plugin:3.3:attach-descriptor[m [1m(attach-descriptor)[m @ [36moak-upgrade[0;1m ---[m
[[1;34mINFO[m] 
[[1;34mINFO[m] [1m--- [0;32mmaven-install-plugin:2.3.1:install[m [1m(default-install)[m @ [36moak-upgrade[0;1m ---[m
[[1;34mINFO[m] Installing /home/user/Reproducibility-Scanner/benchmarks/bugs-dot-jar/jackrabbit-oak/oak-upgrade/target/oak-upgrade-1.4-SNAPSHOT.jar to /home/user/.m2/repository/org/apache/jackrabbit/oak-upgrade/1.4-SNAPSHOT/oak-upgrade-1.4-SNAPSHOT.jar
[[1;34mINFO[m] Installing /home/user/Reproducibility-Scanner/benchmarks/bugs-dot-jar/jackrabbit-oak/oak-upgrade/pom.xml to /home/user/.m2/repository/org/apache/jackrabbit/oak-upgrade/1.4-SNAPSHOT/oak-upgrade-1.4-SNAPSHOT.pom
[[1;34mINFO[m] 
[[1;34mINFO[m] [1m-------------------< [0;36morg.apache.jackrabbit:oak-http[0;1m >-------------------[m
[[1;34mINFO[m] [1mBuilding Oak HTTP Binding 1.4-SNAPSHOT                            [8/23][m
[[1;34mINFO[m] [1m-------------------------------[ bundle ]-------------------------------[m
[[1;34mINFO[m] 
[[1;34mINFO[m] [1m--- [0;32mjacoco-maven-plugin:0.7.1.201405082137:prepare-agent[m [1m(pre-unit-test)[m @ [36moak-http[0;1m ---[m
[[1;34mINFO[m] Skipping JaCoCo execution because property jacoco.skip is set.
[[1;34mINFO[m] test.opts.coverage set to empty
[[1;34mINFO[m] 
[[1;34mINFO[m] [1m--- [0;32mmaven-remote-resources-plugin:1.4:process[m [1m(default)[m @ [36moak-http[0;1m ---[m
[[1;34mINFO[m] 
[[1;34mINFO[m] [1m--- [0;32mmaven-resources-plugin:2.6:resources[m [1m(default-resources)[m @ [36moak-http[0;1m ---[m
[[1;34mINFO[m] Using 'UTF-8' encoding to copy filtered resources.
[[1;34mINFO[m] skip non existing resourceDirectory /home/user/Reproducibility-Scanner/benchmarks/bugs-dot-jar/jackrabbit-oak/oak-http/src/main/resources
[[1;34mINFO[m] Copying 3 resources
[[1;34mINFO[m] 
[[1;34mINFO[m] [1m--- [0;32mmaven-compiler-plugin:2.5.1:compile[m [1m(default-compile)[m @ [36moak-http[0;1m ---[m
[[1;34mINFO[m] Compiling 9 source files to /home/user/Reproducibility-Scanner/benchmarks/bugs-dot-jar/jackrabbit-oak/oak-http/target/classes
[[1;34mINFO[m] 
[[1;34mINFO[m] [1m--- [0;32mmaven-resources-plugin:2.6:testResources[m [1m(default-testResources)[m @ [36moak-http[0;1m ---[m
[[1;34mINFO[m] Using 'UTF-8' encoding to copy filtered resources.
[[1;34mINFO[m] skip non existing resourceDirectory /home/user/Reproducibility-Scanner/benchmarks/bugs-dot-jar/jackrabbit-oak/oak-http/src/test/resources
[[1;34mINFO[m] Copying 3 resources
[[1;34mINFO[m] 
[[1;34mINFO[m] [1m--- [0;32mmaven-compiler-plugin:2.5.1:testCompile[m [1m(default-testCompile)[m @ [36moak-http[0;1m ---[m
[[1;34mINFO[m] Compiling 1 source file to /home/user/Reproducibility-Scanner/benchmarks/bugs-dot-jar/jackrabbit-oak/oak-http/target/test-classes
[[1;34mINFO[m] 
[[1;34mINFO[m] [1m--- [0;32mmaven-surefire-plugin:2.12.4:test[m [1m(default-test)[m @ [36moak-http[0;1m ---[m
[[1;34mINFO[m] Tests are skipped.
[[1;34mINFO[m] 
[[1;34mINFO[m] [1m--- [0;32mjacoco-maven-plugin:0.7.1.201405082137:report[m [1m(post-unit-test)[m @ [36moak-http[0;1m ---[m
[[1;34mINFO[m] Skipping JaCoCo execution because property jacoco.skip is set.
[[1;34mINFO[m] 
[[1;34mINFO[m] [1m--- [0;32mmaven-bundle-plugin:2.5.3:bundle[m [1m(default-bundle)[m @ [36moak-http[0;1m ---[m
[[1;34mINFO[m] 
[[1;34mINFO[m] [1m--- [0;32mmaven-site-plugin:3.3:attach-descriptor[m [1m(attach-descriptor)[m @ [36moak-http[0;1m ---[m
[[1;34mINFO[m] 
[[1;34mINFO[m] [1m--- [0;32mmaven-bundle-plugin:2.5.3:baseline[m [1m(baseline)[m @ [36moak-http[0;1m ---[m
[[1;34mINFO[m] Skipping Baseline execution
[[1;34mINFO[m] 
[[1;34mINFO[m] [1m--- [0;32mmaven-install-plugin:2.3.1:install[m [1m(default-install)[m @ [36moak-http[0;1m ---[m
[[1;34mINFO[m] Installing /home/user/Reproducibility-Scanner/benchmarks/bugs-dot-jar/jackrabbit-oak/oak-http/target/oak-http-1.4-SNAPSHOT.jar to /home/user/.m2/repository/org/apache/jackrabbit/oak-http/1.4-SNAPSHOT/oak-http-1.4-SNAPSHOT.jar
[[1;34mINFO[m] Installing /home/user/Reproducibility-Scanner/benchmarks/bugs-dot-jar/jackrabbit-oak/oak-http/pom.xml to /home/user/.m2/repository/org/apache/jackrabbit/oak-http/1.4-SNAPSHOT/oak-http-1.4-SNAPSHOT.pom
[[1;34mINFO[m] 
[[1;34mINFO[m] [1m--- [0;32mmaven-bundle-plugin:2.5.3:install[m [1m(default-install)[m @ [36moak-http[0;1m ---[m
[[1;34mINFO[m] Local OBR update disabled (enable with -DobrRepository)
[[1;34mINFO[m] 
[[1;34mINFO[m] [1m------------------< [0;36morg.apache.jackrabbit:oak-lucene[0;1m >------------------[m
[[1;34mINFO[m] [1mBuilding Oak Lucene 1.4-SNAPSHOT                                  [9/23][m
[[1;34mINFO[m] [1m-------------------------------[ bundle ]-------------------------------[m
[[1;34mINFO[m] 
[[1;34mINFO[m] [1m--- [0;32mjacoco-maven-plugin:0.7.1.201405082137:prepare-agent[m [1m(pre-unit-test)[m @ [36moak-lucene[0;1m ---[m
[[1;34mINFO[m] Skipping JaCoCo execution because property jacoco.skip is set.
[[1;34mINFO[m] test.opts.coverage set to empty
[[1;34mINFO[m] 
[[1;34mINFO[m] [1m--- [0;32mmaven-remote-resources-plugin:1.4:process[m [1m(default)[m @ [36moak-lucene[0;1m ---[m
[[1;34mINFO[m] 
[[1;34mINFO[m] [1m--- [0;32mmaven-resources-plugin:2.6:resources[m [1m(default-resources)[m @ [36moak-lucene[0;1m ---[m
[[1;34mINFO[m] Using 'UTF-8' encoding to copy filtered resources.
[[1;34mINFO[m] Copying 2 resources
[[1;34mINFO[m] Copying 3 resources
[[1;34mINFO[m] 
[[1;34mINFO[m] [1m--- [0;32mmaven-compiler-plugin:2.5.1:compile[m [1m(default-compile)[m @ [36moak-lucene[0;1m ---[m
[[1;34mINFO[m] Compiling 50 source files to /home/user/Reproducibility-Scanner/benchmarks/bugs-dot-jar/jackrabbit-oak/oak-lucene/target/classes
[[1;34mINFO[m] 
[[1;34mINFO[m] [1m--- [0;32mmaven-scr-plugin:1.16.0:scr[m [1m(generate-scr-scrdescriptor)[m @ [36moak-lucene[0;1m ---[m
[[1;34mINFO[m] Generating 1 MetaType Descriptors in /home/user/Reproducibility-Scanner/benchmarks/bugs-dot-jar/jackrabbit-oak/oak-lucene/target/classes/OSGI-INF/metatype/org.apache.jackrabbit.oak.plugins.index.lucene.LuceneIndexProviderService.xml
[[1;34mINFO[m] Writing 1 Service Component Descriptors to /home/user/Reproducibility-Scanner/benchmarks/bugs-dot-jar/jackrabbit-oak/oak-lucene/target/classes/OSGI-INF/org.apache.jackrabbit.oak.plugins.index.lucene.LuceneIndexProviderService.xml
[[1;34mINFO[m] Writing 1 Service Component Descriptors to /home/user/Reproducibility-Scanner/benchmarks/bugs-dot-jar/jackrabbit-oak/oak-lucene/target/classes/OSGI-INF/org.apache.jackrabbit.oak.plugins.index.lucene.score.impl.ScorerProviderFactoryImpl.xml
[[1;34mINFO[m] 
[[1;34mINFO[m] [1m--- [0;32mmaven-resources-plugin:2.6:testResources[m [1m(default-testResources)[m @ [36moak-lucene[0;1m ---[m
[[1;34mINFO[m] Using 'UTF-8' encoding to copy filtered resources.
[[1;34mINFO[m] Copying 6 resources
[[1;34mINFO[m] Copying 3 resources
[[1;34mINFO[m] 
[[1;34mINFO[m] [1m--- [0;32mmaven-compiler-plugin:2.5.1:testCompile[m [1m(default-testCompile)[m @ [36moak-lucene[0;1m ---[m
[[1;34mINFO[m] Compiling 28 source files to /home/user/Reproducibility-Scanner/benchmarks/bugs-dot-jar/jackrabbit-oak/oak-lucene/target/test-classes
[[1;34mINFO[m] 
[[1;34mINFO[m] [1m--- [0;32mmaven-surefire-plugin:2.12.4:test[m [1m(default-test)[m @ [36moak-lucene[0;1m ---[m
[[1;34mINFO[m] Tests are skipped.
[[1;34mINFO[m] 
[[1;34mINFO[m] [1m--- [0;32mjacoco-maven-plugin:0.7.1.201405082137:report[m [1m(post-unit-test)[m @ [36moak-lucene[0;1m ---[m
[[1;34mINFO[m] Skipping JaCoCo execution because property jacoco.skip is set.
[[1;34mINFO[m] 
[[1;34mINFO[m] [1m--- [0;32mmaven-bundle-plugin:2.5.3:bundle[m [1m(default-bundle)[m @ [36moak-lucene[0;1m ---[m
[[1;33mWARNING[m] Bundle org.apache.jackrabbit:oak-lucene:bundle:1.4-SNAPSHOT : Export org.apache.lucene.analysis.snowball,  has 1,  private references [org.tartarus.snowball], 
[[1;34mINFO[m] 
[[1;34mINFO[m] [1m--- [0;32mmaven-site-plugin:3.3:attach-descriptor[m [1m(attach-descriptor)[m @ [36moak-lucene[0;1m ---[m
[[1;34mINFO[m] 
[[1;34mINFO[m] [1m--- [0;32mmaven-bundle-plugin:2.5.3:baseline[m [1m(baseline)[m @ [36moak-lucene[0;1m ---[m
[[1;34mINFO[m] Skipping Baseline execution
[[1;34mINFO[m] 
[[1;34mINFO[m] [1m--- [0;32mmaven-install-plugin:2.3.1:install[m [1m(default-install)[m @ [36moak-lucene[0;1m ---[m
[[1;34mINFO[m] Installing /home/user/Reproducibility-Scanner/benchmarks/bugs-dot-jar/jackrabbit-oak/oak-lucene/target/oak-lucene-1.4-SNAPSHOT.jar to /home/user/.m2/repository/org/apache/jackrabbit/oak-lucene/1.4-SNAPSHOT/oak-lucene-1.4-SNAPSHOT.jar
[[1;34mINFO[m] Installing /home/user/Reproducibility-Scanner/benchmarks/bugs-dot-jar/jackrabbit-oak/oak-lucene/pom.xml to /home/user/.m2/repository/org/apache/jackrabbit/oak-lucene/1.4-SNAPSHOT/oak-lucene-1.4-SNAPSHOT.pom
[[1;34mINFO[m] 
[[1;34mINFO[m] [1m--- [0;32mmaven-bundle-plugin:2.5.3:install[m [1m(default-install)[m @ [36moak-lucene[0;1m ---[m
[[1;34mINFO[m] Local OBR update disabled (enable with -DobrRepository)
[[1;34mINFO[m] 
[[1;34mINFO[m] [1m----------------< [0;36morg.apache.jackrabbit:oak-solr-core[0;1m >-----------------[m
[[1;34mINFO[m] [1mBuilding Oak Solr core 1.4-SNAPSHOT                              [10/23][m
[[1;34mINFO[m] [1m-------------------------------[ bundle ]-------------------------------[m
[[1;34mINFO[m] 
[[1;34mINFO[m] [1m--- [0;32mjacoco-maven-plugin:0.7.1.201405082137:prepare-agent[m [1m(pre-unit-test)[m @ [36moak-solr-core[0;1m ---[m
[[1;34mINFO[m] Skipping JaCoCo execution because property jacoco.skip is set.
[[1;34mINFO[m] test.opts.coverage set to empty
[[1;34mINFO[m] 
[[1;34mINFO[m] [1m--- [0;32mmaven-remote-resources-plugin:1.4:process[m [1m(default)[m @ [36moak-solr-core[0;1m ---[m
[[1;34mINFO[m] 
[[1;34mINFO[m] [1m--- [0;32mmaven-resources-plugin:2.6:resources[m [1m(default-resources)[m @ [36moak-solr-core[0;1m ---[m
[[1;34mINFO[m] Using 'UTF-8' encoding to copy filtered resources.
[[1;34mINFO[m] Copying 6 resources
[[1;34mINFO[m] Copying 3 resources
[[1;34mINFO[m] 
[[1;34mINFO[m] [1m--- [0;32mmaven-compiler-plugin:2.5.1:compile[m [1m(default-compile)[m @ [36moak-solr-core[0;1m ---[m
[[1;34mINFO[m] Compiling 41 source files to /home/user/Reproducibility-Scanner/benchmarks/bugs-dot-jar/jackrabbit-oak/oak-solr-core/target/classes
[[1;34mINFO[m] 
[[1;34mINFO[m] [1m--- [0;32mmaven-scr-plugin:1.16.0:scr[m [1m(generate-scr-scrdescriptor)[m @ [36moak-solr-core[0;1m ---[m
[[1;34mINFO[m] Generating 1 MetaType Descriptors in /home/user/Reproducibility-Scanner/benchmarks/bugs-dot-jar/jackrabbit-oak/oak-solr-core/target/classes/OSGI-INF/metatype/org.apache.jackrabbit.oak.plugins.index.solr.osgi.RemoteSolrServerConfigurationProvider.xml
[[1;34mINFO[m] Generating 1 MetaType Descriptors in /home/user/Reproducibility-Scanner/benchmarks/bugs-dot-jar/jackrabbit-oak/oak-solr-core/target/classes/OSGI-INF/metatype/org.apache.jackrabbit.oak.plugins.index.solr.osgi.SolrQueryIndexProviderService.xml
[[1;34mINFO[m] Generating 1 MetaType Descriptors in /home/user/Reproducibility-Scanner/benchmarks/bugs-dot-jar/jackrabbit-oak/oak-solr-core/target/classes/OSGI-INF/metatype/org.apache.jackrabbit.oak.plugins.index.solr.osgi.OakSolrConfigurationProviderService.xml
[[1;34mINFO[m] Generating 1 MetaType Descriptors in /home/user/Reproducibility-Scanner/benchmarks/bugs-dot-jar/jackrabbit-oak/oak-solr-core/target/classes/OSGI-INF/metatype/org.apache.jackrabbit.oak.plugins.index.solr.osgi.SolrServerProviderService.xml
[[1;34mINFO[m] Generating 1 MetaType Descriptors in /home/user/Reproducibility-Scanner/benchmarks/bugs-dot-jar/jackrabbit-oak/oak-solr-core/target/classes/OSGI-INF/metatype/org.apache.jackrabbit.oak.plugins.index.solr.osgi.EmbeddedSolrServerConfigurationProvider.xml
[[1;34mINFO[m] Generating 1 MetaType Descriptors in /home/user/Reproducibility-Scanner/benchmarks/bugs-dot-jar/jackrabbit-oak/oak-solr-core/target/classes/OSGI-INF/metatype/org.apache.jackrabbit.oak.plugins.index.solr.osgi.NodeStateSolrServersObserverService.xml
[[1;34mINFO[m] Writing 1 Service Component Descriptors to /home/user/Reproducibility-Scanner/benchmarks/bugs-dot-jar/jackrabbit-oak/oak-solr-core/target/classes/OSGI-INF/org.apache.jackrabbit.oak.plugins.index.solr.osgi.RemoteSolrServerConfigurationProvider.xml
[[1;34mINFO[m] Writing 1 Service Component Descriptors to /home/user/Reproducibility-Scanner/benchmarks/bugs-dot-jar/jackrabbit-oak/oak-solr-core/target/classes/OSGI-INF/org.apache.jackrabbit.oak.plugins.index.solr.osgi.SolrQueryIndexProviderService.xml
[[1;34mINFO[m] Writing 1 Service Component Descriptors to /home/user/Reproducibility-Scanner/benchmarks/bugs-dot-jar/jackrabbit-oak/oak-solr-core/target/classes/OSGI-INF/org.apache.jackrabbit.oak.plugins.index.solr.osgi.OakSolrConfigurationProviderService.xml
[[1;34mINFO[m] Writing 1 Service Component Descriptors to /home/user/Reproducibility-Scanner/benchmarks/bugs-dot-jar/jackrabbit-oak/oak-solr-core/target/classes/OSGI-INF/org.apache.jackrabbit.oak.plugins.index.solr.osgi.SolrServerProviderService.xml
[[1;34mINFO[m] Writing 1 Service Component Descriptors to /home/user/Reproducibility-Scanner/benchmarks/bugs-dot-jar/jackrabbit-oak/oak-solr-core/target/classes/OSGI-INF/org.apache.jackrabbit.oak.plugins.index.solr.osgi.EmbeddedSolrServerConfigurationProvider.xml
[[1;34mINFO[m] Writing 1 Service Component Descriptors to /home/user/Reproducibility-Scanner/benchmarks/bugs-dot-jar/jackrabbit-oak/oak-solr-core/target/classes/OSGI-INF/org.apache.jackrabbit.oak.plugins.index.solr.osgi.SolrIndexEditorProviderService.xml
[[1;34mINFO[m] Writing 1 Service Component Descriptors to /home/user/Reproducibility-Scanner/benchmarks/bugs-dot-jar/jackrabbit-oak/oak-solr-core/target/classes/OSGI-INF/org.apache.jackrabbit.oak.plugins.index.solr.osgi.NodeStateSolrServersObserverService.xml
[[1;34mINFO[m] 
[[1;34mINFO[m] [1m--- [0;32mmaven-resources-plugin:2.6:testResources[m [1m(default-testResources)[m @ [36moak-solr-core[0;1m ---[m
[[1;34mINFO[m] Using 'UTF-8' encoding to copy filtered resources.
[[1;34mINFO[m] Copying 15 resources
[[1;34mINFO[m] Copying 3 resources
[[1;34mINFO[m] 
[[1;34mINFO[m] [1m--- [0;32mmaven-compiler-plugin:2.5.1:testCompile[m [1m(default-testCompile)[m @ [36moak-solr-core[0;1m ---[m
[[1;34mINFO[m] Compiling 22 source files to /home/user/Reproducibility-Scanner/benchmarks/bugs-dot-jar/jackrabbit-oak/oak-solr-core/target/test-classes
[[1;34mINFO[m] 
[[1;34mINFO[m] [1m--- [0;32mmaven-surefire-plugin:2.12.4:test[m [1m(default-test)[m @ [36moak-solr-core[0;1m ---[m
[[1;34mINFO[m] Tests are skipped.
[[1;34mINFO[m] 
[[1;34mINFO[m] [1m--- [0;32mjacoco-maven-plugin:0.7.1.201405082137:report[m [1m(post-unit-test)[m @ [36moak-solr-core[0;1m ---[m
[[1;34mINFO[m] Skipping JaCoCo execution because property jacoco.skip is set.
[[1;34mINFO[m] 
[[1;34mINFO[m] [1m--- [0;32mmaven-bundle-plugin:2.5.3:bundle[m [1m(default-bundle)[m @ [36moak-solr-core[0;1m ---[m
[[1;34mINFO[m] 
[[1;34mINFO[m] [1m--- [0;32mmaven-site-plugin:3.3:attach-descriptor[m [1m(attach-descriptor)[m @ [36moak-solr-core[0;1m ---[m
[[1;34mINFO[m] 
[[1;34mINFO[m] [1m--- [0;32mmaven-bundle-plugin:2.5.3:baseline[m [1m(baseline)[m @ [36moak-solr-core[0;1m ---[m
[[1;34mINFO[m] Skipping Baseline execution
[[1;34mINFO[m] 
[[1;34mINFO[m] [1m--- [0;32mmaven-install-plugin:2.3.1:install[m [1m(default-install)[m @ [36moak-solr-core[0;1m ---[m
[[1;34mINFO[m] Installing /home/user/Reproducibility-Scanner/benchmarks/bugs-dot-jar/jackrabbit-oak/oak-solr-core/target/oak-solr-core-1.4-SNAPSHOT.jar to /home/user/.m2/repository/org/apache/jackrabbit/oak-solr-core/1.4-SNAPSHOT/oak-solr-core-1.4-SNAPSHOT.jar
[[1;34mINFO[m] Installing /home/user/Reproducibility-Scanner/benchmarks/bugs-dot-jar/jackrabbit-oak/oak-solr-core/pom.xml to /home/user/.m2/repository/org/apache/jackrabbit/oak-solr-core/1.4-SNAPSHOT/oak-solr-core-1.4-SNAPSHOT.pom
[[1;34mINFO[m] 
[[1;34mINFO[m] [1m--- [0;32mmaven-bundle-plugin:2.5.3:install[m [1m(default-install)[m @ [36moak-solr-core[0;1m ---[m
[[1;34mINFO[m] Local OBR update disabled (enable with -DobrRepository)
[[1;34mINFO[m] 
[[1;34mINFO[m] [1m----------------< [0;36morg.apache.jackrabbit:oak-solr-osgi[0;1m >-----------------[m
[[1;34mINFO[m] [1mBuilding Oak Solr OSGi 1.4-SNAPSHOT                              [11/23][m
[[1;34mINFO[m] [1m-------------------------------[ bundle ]-------------------------------[m
[[1;34mINFO[m] 
[[1;34mINFO[m] [1m--- [0;32mjacoco-maven-plugin:0.7.1.201405082137:prepare-agent[m [1m(pre-unit-test)[m @ [36moak-solr-osgi[0;1m ---[m
[[1;34mINFO[m] Skipping JaCoCo execution because property jacoco.skip is set.
[[1;34mINFO[m] test.opts.coverage set to empty
[[1;34mINFO[m] 
[[1;34mINFO[m] [1m--- [0;32mmaven-remote-resources-plugin:1.4:process[m [1m(default)[m @ [36moak-solr-osgi[0;1m ---[m
[[1;34mINFO[m] 
[[1;34mINFO[m] [1m--- [0;32mmaven-resources-plugin:2.6:resources[m [1m(default-resources)[m @ [36moak-solr-osgi[0;1m ---[m
[[1;34mINFO[m] Using 'UTF-8' encoding to copy filtered resources.
[[1;34mINFO[m] skip non existing resourceDirectory /home/user/Reproducibility-Scanner/benchmarks/bugs-dot-jar/jackrabbit-oak/oak-solr-osgi/src/main/resources
[[1;34mINFO[m] Copying 3 resources
[[1;34mINFO[m] 
[[1;34mINFO[m] [1m--- [0;32mmaven-compiler-plugin:2.5.1:compile[m [1m(default-compile)[m @ [36moak-solr-osgi[0;1m ---[m
[[1;34mINFO[m] No sources to compile
[[1;34mINFO[m] 
[[1;34mINFO[m] [1m--- [0;32mmaven-resources-plugin:2.6:testResources[m [1m(default-testResources)[m @ [36moak-solr-osgi[0;1m ---[m
[[1;34mINFO[m] Using 'UTF-8' encoding to copy filtered resources.
[[1;34mINFO[m] skip non existing resourceDirectory /home/user/Reproducibility-Scanner/benchmarks/bugs-dot-jar/jackrabbit-oak/oak-solr-osgi/src/test/resources
[[1;34mINFO[m] Copying 3 resources
[[1;34mINFO[m] 
[[1;34mINFO[m] [1m--- [0;32mmaven-compiler-plugin:2.5.1:testCompile[m [1m(default-testCompile)[m @ [36moak-solr-osgi[0;1m ---[m
[[1;34mINFO[m] No sources to compile
[[1;34mINFO[m] 
[[1;34mINFO[m] [1m--- [0;32mmaven-surefire-plugin:2.12.4:test[m [1m(default-test)[m @ [36moak-solr-osgi[0;1m ---[m
[[1;34mINFO[m] Tests are skipped.
[[1;34mINFO[m] 
[[1;34mINFO[m] [1m--- [0;32mjacoco-maven-plugin:0.7.1.201405082137:report[m [1m(post-unit-test)[m @ [36moak-solr-osgi[0;1m ---[m
[[1;34mINFO[m] Skipping JaCoCo execution because property jacoco.skip is set.
[[1;34mINFO[m] 
[[1;34mINFO[m] [1m--- [0;32mmaven-bundle-plugin:2.5.3:bundle[m [1m(default-bundle)[m @ [36moak-solr-osgi[0;1m ---[m
[[1;33mWARNING[m] Bundle org.apache.jackrabbit:oak-solr-osgi:bundle:1.4-SNAPSHOT : Unused Private-Package instructions, no such package(s) on the class path: [!*]
[[1;34mINFO[m] 
[[1;34mINFO[m] [1m--- [0;32mmaven-site-plugin:3.3:attach-descriptor[m [1m(attach-descriptor)[m @ [36moak-solr-osgi[0;1m ---[m
[[1;34mINFO[m] 
[[1;34mINFO[m] [1m--- [0;32mmaven-bundle-plugin:2.5.3:baseline[m [1m(baseline)[m @ [36moak-solr-osgi[0;1m ---[m
[[1;34mINFO[m] Skipping Baseline execution
[[1;34mINFO[m] 
[[1;34mINFO[m] [1m--- [0;32mmaven-install-plugin:2.3.1:install[m [1m(default-install)[m @ [36moak-solr-osgi[0;1m ---[m
[[1;34mINFO[m] Installing /home/user/Reproducibility-Scanner/benchmarks/bugs-dot-jar/jackrabbit-oak/oak-solr-osgi/target/oak-solr-osgi-1.4-SNAPSHOT.jar to /home/user/.m2/repository/org/apache/jackrabbit/oak-solr-osgi/1.4-SNAPSHOT/oak-solr-osgi-1.4-SNAPSHOT.jar
[[1;34mINFO[m] Installing /home/user/Reproducibility-Scanner/benchmarks/bugs-dot-jar/jackrabbit-oak/oak-solr-osgi/pom.xml to /home/user/.m2/repository/org/apache/jackrabbit/oak-solr-osgi/1.4-SNAPSHOT/oak-solr-osgi-1.4-SNAPSHOT.pom
[[1;34mINFO[m] 
[[1;34mINFO[m] [1m--- [0;32mmaven-bundle-plugin:2.5.3:install[m [1m(default-install)[m @ [36moak-solr-osgi[0;1m ---[m
[[1;34mINFO[m] Local OBR update disabled (enable with -DobrRepository)
[[1;34mINFO[m] 
[[1;34mINFO[m] [1m--------------< [0;36morg.apache.jackrabbit:oak-auth-external[0;1m >---------------[m
[[1;34mINFO[m] [1mBuilding Oak External Authentication Support 1.4-SNAPSHOT        [12/23][m
[[1;34mINFO[m] [1m-------------------------------[ bundle ]-------------------------------[m
[[1;34mINFO[m] 
[[1;34mINFO[m] [1m--- [0;32mjacoco-maven-plugin:0.7.1.201405082137:prepare-agent[m [1m(pre-unit-test)[m @ [36moak-auth-external[0;1m ---[m
[[1;34mINFO[m] Skipping JaCoCo execution because property jacoco.skip is set.
[[1;34mINFO[m] test.opts.coverage set to empty
[[1;34mINFO[m] 
[[1;34mINFO[m] [1m--- [0;32mmaven-remote-resources-plugin:1.4:process[m [1m(default)[m @ [36moak-auth-external[0;1m ---[m
[[1;34mINFO[m] 
[[1;34mINFO[m] [1m--- [0;32mmaven-resources-plugin:2.6:resources[m [1m(default-resources)[m @ [36moak-auth-external[0;1m ---[m
[[1;34mINFO[m] Using 'UTF-8' encoding to copy filtered resources.
[[1;34mINFO[m] skip non existing resourceDirectory /home/user/Reproducibility-Scanner/benchmarks/bugs-dot-jar/jackrabbit-oak/oak-auth-external/src/main/resources
[[1;34mINFO[m] Copying 3 resources
[[1;34mINFO[m] 
[[1;34mINFO[m] [1m--- [0;32mmaven-compiler-plugin:2.5.1:compile[m [1m(default-compile)[m @ [36moak-auth-external[0;1m ---[m
[[1;34mINFO[m] Compiling 27 source files to /home/user/Reproducibility-Scanner/benchmarks/bugs-dot-jar/jackrabbit-oak/oak-auth-external/target/classes
[[1;34mINFO[m] 
[[1;34mINFO[m] [1m--- [0;32mmaven-scr-plugin:1.16.0:scr[m [1m(generate-scr-scrdescriptor)[m @ [36moak-auth-external[0;1m ---[m
[[1;34mINFO[m] Generating 1 MetaType Descriptors in /home/user/Reproducibility-Scanner/benchmarks/bugs-dot-jar/jackrabbit-oak/oak-auth-external/target/classes/OSGI-INF/metatype/org.apache.jackrabbit.oak.spi.security.authentication.external.impl.ExternalLoginModuleFactory.xml
[[1;34mINFO[m] Generating 1 MetaType Descriptors in /home/user/Reproducibility-Scanner/benchmarks/bugs-dot-jar/jackrabbit-oak/oak-auth-external/target/classes/OSGI-INF/metatype/org.apache.jackrabbit.oak.spi.security.authentication.external.impl.DefaultSyncConfigImpl.xml
[[1;34mINFO[m] Writing 1 Service Component Descriptors to /home/user/Reproducibility-Scanner/benchmarks/bugs-dot-jar/jackrabbit-oak/oak-auth-external/target/classes/OSGI-INF/org.apache.jackrabbit.oak.spi.security.authentication.external.impl.DefaultSyncHandler.xml
[[1;34mINFO[m] Writing 1 Service Component Descriptors to /home/user/Reproducibility-Scanner/benchmarks/bugs-dot-jar/jackrabbit-oak/oak-auth-external/target/classes/OSGI-INF/org.apache.jackrabbit.oak.spi.security.authentication.external.impl.SyncManagerImpl.xml
[[1;34mINFO[m] Writing 1 Service Component Descriptors to /home/user/Reproducibility-Scanner/benchmarks/bugs-dot-jar/jackrabbit-oak/oak-auth-external/target/classes/OSGI-INF/org.apache.jackrabbit.oak.spi.security.authentication.external.impl.ExternalLoginModuleFactory.xml
[[1;34mINFO[m] Writing 1 Service Component Descriptors to /home/user/Reproducibility-Scanner/benchmarks/bugs-dot-jar/jackrabbit-oak/oak-auth-external/target/classes/OSGI-INF/org.apache.jackrabbit.oak.spi.security.authentication.external.impl.ExternalIDPManagerImpl.xml
[[1;34mINFO[m] 
[[1;34mINFO[m] [1m--- [0;32mmaven-resources-plugin:2.6:testResources[m [1m(default-testResources)[m @ [36moak-auth-external[0;1m ---[m
[[1;34mINFO[m] Using 'UTF-8' encoding to copy filtered resources.
[[1;34mINFO[m] Copying 2 resources
[[1;34mINFO[m] Copying 3 resources
[[1;34mINFO[m] 
[[1;34mINFO[m] [1m--- [0;32mmaven-compiler-plugin:2.5.1:testCompile[m [1m(default-testCompile)[m @ [36moak-auth-external[0;1m ---[m
[[1;34mINFO[m] Compiling 4 source files to /home/user/Reproducibility-Scanner/benchmarks/bugs-dot-jar/jackrabbit-oak/oak-auth-external/target/test-classes
[[1;34mINFO[m] 
[[1;34mINFO[m] [1m--- [0;32mmaven-surefire-plugin:2.12.4:test[m [1m(default-test)[m @ [36moak-auth-external[0;1m ---[m
[[1;34mINFO[m] Tests are skipped.
[[1;34mINFO[m] 
[[1;34mINFO[m] [1m--- [0;32mjacoco-maven-plugin:0.7.1.201405082137:report[m [1m(post-unit-test)[m @ [36moak-auth-external[0;1m ---[m
[[1;34mINFO[m] Skipping JaCoCo execution because property jacoco.skip is set.
[[1;34mINFO[m] 
[[1;34mINFO[m] [1m--- [0;32mmaven-bundle-plugin:2.5.3:bundle[m [1m(default-bundle)[m @ [36moak-auth-external[0;1m ---[m
[[1;34mINFO[m] 
[[1;34mINFO[m] [1m--- [0;32mmaven-site-plugin:3.3:attach-descriptor[m [1m(attach-descriptor)[m @ [36moak-auth-external[0;1m ---[m
[[1;34mINFO[m] 
[[1;34mINFO[m] [1m--- [0;32mmaven-jar-plugin:2.4:test-jar[m [1m(default)[m @ [36moak-auth-external[0;1m ---[m
[[1;34mINFO[m] Building jar: /home/user/Reproducibility-Scanner/benchmarks/bugs-dot-jar/jackrabbit-oak/oak-auth-external/target/oak-auth-external-1.4-SNAPSHOT-tests.jar
[[1;34mINFO[m] 
[[1;34mINFO[m] [1m--- [0;32mmaven-bundle-plugin:2.5.3:baseline[m [1m(baseline)[m @ [36moak-auth-external[0;1m ---[m
[[1;34mINFO[m] Skipping Baseline execution
[[1;34mINFO[m] 
[[1;34mINFO[m] [1m--- [0;32mmaven-install-plugin:2.3.1:install[m [1m(default-install)[m @ [36moak-auth-external[0;1m ---[m
[[1;34mINFO[m] Installing /home/user/Reproducibility-Scanner/benchmarks/bugs-dot-jar/jackrabbit-oak/oak-auth-external/target/oak-auth-external-1.4-SNAPSHOT.jar to /home/user/.m2/repository/org/apache/jackrabbit/oak-auth-external/1.4-SNAPSHOT/oak-auth-external-1.4-SNAPSHOT.jar
[[1;34mINFO[m] Installing /home/user/Reproducibility-Scanner/benchmarks/bugs-dot-jar/jackrabbit-oak/oak-auth-external/pom.xml to /home/user/.m2/repository/org/apache/jackrabbit/oak-auth-external/1.4-SNAPSHOT/oak-auth-external-1.4-SNAPSHOT.pom
[[1;34mINFO[m] Installing /home/user/Reproducibility-Scanner/benchmarks/bugs-dot-jar/jackrabbit-oak/oak-auth-external/target/oak-auth-external-1.4-SNAPSHOT-tests.jar to /home/user/.m2/repository/org/apache/jackrabbit/oak-auth-external/1.4-SNAPSHOT/oak-auth-external-1.4-SNAPSHOT-tests.jar
[[1;34mINFO[m] 
[[1;34mINFO[m] [1m--- [0;32mmaven-bundle-plugin:2.5.3:install[m [1m(default-install)[m @ [36moak-auth-external[0;1m ---[m
[[1;34mINFO[m] Local OBR update disabled (enable with -DobrRepository)
[[1;34mINFO[m] 
[[1;34mINFO[m] [1m----------------< [0;36morg.apache.jackrabbit:oak-auth-ldap[0;1m >-----------------[m
[[1;34mINFO[m] [1mBuilding Oak LDAP Authentication Support 1.4-SNAPSHOT            [13/23][m
[[1;34mINFO[m] [1m-------------------------------[ bundle ]-------------------------------[m
[[1;34mINFO[m] 
[[1;34mINFO[m] [1m--- [0;32mjacoco-maven-plugin:0.7.1.201405082137:prepare-agent[m [1m(pre-unit-test)[m @ [36moak-auth-ldap[0;1m ---[m
[[1;34mINFO[m] Skipping JaCoCo execution because property jacoco.skip is set.
[[1;34mINFO[m] test.opts.coverage set to empty
[[1;34mINFO[m] 
[[1;34mINFO[m] [1m--- [0;32mmaven-remote-resources-plugin:1.4:process[m [1m(default)[m @ [36moak-auth-ldap[0;1m ---[m
[[1;34mINFO[m] 
[[1;34mINFO[m] [1m--- [0;32mmaven-resources-plugin:2.6:resources[m [1m(default-resources)[m @ [36moak-auth-ldap[0;1m ---[m
[[1;34mINFO[m] Using 'UTF-8' encoding to copy filtered resources.
[[1;34mINFO[m] skip non existing resourceDirectory /home/user/Reproducibility-Scanner/benchmarks/bugs-dot-jar/jackrabbit-oak/oak-auth-ldap/src/main/resources
[[1;34mINFO[m] Copying 3 resources
[[1;34mINFO[m] 
[[1;34mINFO[m] [1m--- [0;32mmaven-compiler-plugin:2.5.1:compile[m [1m(default-compile)[m @ [36moak-auth-ldap[0;1m ---[m
[[1;34mINFO[m] Compiling 11 source files to /home/user/Reproducibility-Scanner/benchmarks/bugs-dot-jar/jackrabbit-oak/oak-auth-ldap/target/classes
[[1;34mINFO[m] 
[[1;34mINFO[m] [1m--- [0;32mmaven-scr-plugin:1.16.0:scr[m [1m(generate-scr-scrdescriptor)[m @ [36moak-auth-ldap[0;1m ---[m
[[1;34mINFO[m] Generating 1 MetaType Descriptors in /home/user/Reproducibility-Scanner/benchmarks/bugs-dot-jar/jackrabbit-oak/oak-auth-ldap/target/classes/OSGI-INF/metatype/org.apache.jackrabbit.oak.security.authentication.ldap.impl.LdapProviderConfig.xml
[[1;34mINFO[m] Writing 1 Service Component Descriptors to /home/user/Reproducibility-Scanner/benchmarks/bugs-dot-jar/jackrabbit-oak/oak-auth-ldap/target/classes/OSGI-INF/org.apache.jackrabbit.oak.security.authentication.ldap.impl.LdapIdentityProvider.xml
[[1;34mINFO[m] 
[[1;34mINFO[m] [1m--- [0;32mmaven-resources-plugin:2.6:testResources[m [1m(default-testResources)[m @ [36moak-auth-ldap[0;1m ---[m
[[1;34mINFO[m] Using 'UTF-8' encoding to copy filtered resources.
[[1;34mINFO[m] Copying 2 resources
[[1;34mINFO[m] Copying 3 resources
[[1;34mINFO[m] 
[[1;34mINFO[m] [1m--- [0;32mmaven-compiler-plugin:2.5.1:testCompile[m [1m(default-testCompile)[m @ [36moak-auth-ldap[0;1m ---[m
[[1;34mINFO[m] Compiling 10 source files to /home/user/Reproducibility-Scanner/benchmarks/bugs-dot-jar/jackrabbit-oak/oak-auth-ldap/target/test-classes
[[1;34mINFO[m] 
[[1;34mINFO[m] [1m--- [0;32mmaven-surefire-plugin:2.12.4:test[m [1m(default-test)[m @ [36moak-auth-ldap[0;1m ---[m
[[1;34mINFO[m] Tests are skipped.
[[1;34mINFO[m] 
[[1;34mINFO[m] [1m--- [0;32mjacoco-maven-plugin:0.7.1.201405082137:report[m [1m(post-unit-test)[m @ [36moak-auth-ldap[0;1m ---[m
[[1;34mINFO[m] Skipping JaCoCo execution because property jacoco.skip is set.
[[1;34mINFO[m] 
[[1;34mINFO[m] [1m--- [0;32mmaven-bundle-plugin:2.5.3:bundle[m [1m(default-bundle)[m @ [36moak-auth-ldap[0;1m ---[m
[[1;34mINFO[m] 
[[1;34mINFO[m] [1m--- [0;32mmaven-site-plugin:3.3:attach-descriptor[m [1m(attach-descriptor)[m @ [36moak-auth-ldap[0;1m ---[m
[[1;34mINFO[m] 
[[1;34mINFO[m] [1m--- [0;32mmaven-bundle-plugin:2.5.3:baseline[m [1m(baseline)[m @ [36moak-auth-ldap[0;1m ---[m
[[1;34mINFO[m] Skipping Baseline execution
[[1;34mINFO[m] 
[[1;34mINFO[m] [1m--- [0;32mmaven-install-plugin:2.3.1:install[m [1m(default-install)[m @ [36moak-auth-ldap[0;1m ---[m
[[1;34mINFO[m] Installing /home/user/Reproducibility-Scanner/benchmarks/bugs-dot-jar/jackrabbit-oak/oak-auth-ldap/target/oak-auth-ldap-1.4-SNAPSHOT.jar to /home/user/.m2/repository/org/apache/jackrabbit/oak-auth-ldap/1.4-SNAPSHOT/oak-auth-ldap-1.4-SNAPSHOT.jar
[[1;34mINFO[m] Installing /home/user/Reproducibility-Scanner/benchmarks/bugs-dot-jar/jackrabbit-oak/oak-auth-ldap/pom.xml to /home/user/.m2/repository/org/apache/jackrabbit/oak-auth-ldap/1.4-SNAPSHOT/oak-auth-ldap-1.4-SNAPSHOT.pom
[[1;34mINFO[m] 
[[1;34mINFO[m] [1m--- [0;32mmaven-bundle-plugin:2.5.3:install[m [1m(default-install)[m @ [36moak-auth-ldap[0;1m ---[m
[[1;34mINFO[m] Local OBR update disabled (enable with -DobrRepository)
[[1;34mINFO[m] 
[[1;34mINFO[m] [1m--------------< [0;36morg.apache.jackrabbit:oak-tarmk-standby[0;1m >---------------[m
[[1;34mINFO[m] [1mBuilding Oak TarMK Standby 1.4-SNAPSHOT                          [14/23][m
[[1;34mINFO[m] [1m-------------------------------[ bundle ]-------------------------------[m
[[1;34mINFO[m] 
[[1;34mINFO[m] [1m--- [0;32mjacoco-maven-plugin:0.7.1.201405082137:prepare-agent[m [1m(pre-unit-test)[m @ [36moak-tarmk-standby[0;1m ---[m
[[1;34mINFO[m] Skipping JaCoCo execution because property jacoco.skip is set.
[[1;34mINFO[m] test.opts.coverage set to empty
[[1;34mINFO[m] 
[[1;34mINFO[m] [1m--- [0;32mmaven-remote-resources-plugin:1.4:process[m [1m(default)[m @ [36moak-tarmk-standby[0;1m ---[m
[[1;34mINFO[m] 
[[1;34mINFO[m] [1m--- [0;32mmaven-resources-plugin:2.6:resources[m [1m(default-resources)[m @ [36moak-tarmk-standby[0;1m ---[m
[[1;34mINFO[m] Using 'UTF-8' encoding to copy filtered resources.
[[1;34mINFO[m] Copying 1 resource
[[1;34mINFO[m] Copying 3 resources
[[1;34mINFO[m] 
[[1;34mINFO[m] [1m--- [0;32mmaven-compiler-plugin:2.5.1:compile[m [1m(default-compile)[m @ [36moak-tarmk-standby[0;1m ---[m
[[1;34mINFO[m] Compiling 23 source files to /home/user/Reproducibility-Scanner/benchmarks/bugs-dot-jar/jackrabbit-oak/oak-tarmk-standby/target/classes
[[1;34mINFO[m] 
[[1;34mINFO[m] [1m--- [0;32mmaven-scr-plugin:1.16.0:scr[m [1m(generate-scr-scrdescriptor)[m @ [36moak-tarmk-standby[0;1m ---[m
[[1;34mINFO[m] Generating 1 MetaType Descriptors in /home/user/Reproducibility-Scanner/benchmarks/bugs-dot-jar/jackrabbit-oak/oak-tarmk-standby/target/classes/OSGI-INF/metatype/org.apache.jackrabbit.oak.plugins.segment.standby.store.StandbyStoreService.xml
[[1;34mINFO[m] Writing 1 Service Component Descriptors to /home/user/Reproducibility-Scanner/benchmarks/bugs-dot-jar/jackrabbit-oak/oak-tarmk-standby/target/classes/OSGI-INF/org.apache.jackrabbit.oak.plugins.segment.standby.store.StandbyStoreService.xml
[[1;34mINFO[m] 
[[1;34mINFO[m] [1m--- [0;32mmaven-resources-plugin:2.6:testResources[m [1m(default-testResources)[m @ [36moak-tarmk-standby[0;1m ---[m
[[1;34mINFO[m] Using 'UTF-8' encoding to copy filtered resources.
[[1;34mINFO[m] Copying 1 resource
[[1;34mINFO[m] Copying 3 resources
[[1;34mINFO[m] 
[[1;34mINFO[m] [1m--- [0;32mbuild-helper-maven-plugin:1.9:reserve-network-port[m [1m(reserve-network-port)[m @ [36moak-tarmk-standby[0;1m ---[m
[[1;34mINFO[m] Reserved port 38605 for standby.server.port
[[1;34mINFO[m] Reserved port 38885 for standby.proxy.port
[[1;34mINFO[m] 
[[1;34mINFO[m] [1m--- [0;32mmaven-compiler-plugin:2.5.1:testCompile[m [1m(default-testCompile)[m @ [36moak-tarmk-standby[0;1m ---[m
[[1;34mINFO[m] Compiling 16 source files to /home/user/Reproducibility-Scanner/benchmarks/bugs-dot-jar/jackrabbit-oak/oak-tarmk-standby/target/test-classes
[[1;34mINFO[m] 
[[1;34mINFO[m] [1m--- [0;32mmaven-surefire-plugin:2.12.4:test[m [1m(default-test)[m @ [36moak-tarmk-standby[0;1m ---[m
[[1;34mINFO[m] Tests are skipped.
[[1;34mINFO[m] 
[[1;34mINFO[m] [1m--- [0;32mjacoco-maven-plugin:0.7.1.201405082137:report[m [1m(post-unit-test)[m @ [36moak-tarmk-standby[0;1m ---[m
[[1;34mINFO[m] Skipping JaCoCo execution because property jacoco.skip is set.
[[1;34mINFO[m] 
[[1;34mINFO[m] [1m--- [0;32mmaven-bundle-plugin:2.5.3:bundle[m [1m(default-bundle)[m @ [36moak-tarmk-standby[0;1m ---[m
[[1;33mWARNING[m] Bundle org.apache.jackrabbit:oak-tarmk-standby:bundle:1.4-SNAPSHOT : Unused Import-Package instructions: [sun.nio.ch.*] 
[[1;34mINFO[m] 
[[1;34mINFO[m] [1m--- [0;32mmaven-site-plugin:3.3:attach-descriptor[m [1m(attach-descriptor)[m @ [36moak-tarmk-standby[0;1m ---[m
[[1;34mINFO[m] 
[[1;34mINFO[m] [1m--- [0;32mmaven-bundle-plugin:2.5.3:baseline[m [1m(baseline)[m @ [36moak-tarmk-standby[0;1m ---[m
[[1;34mINFO[m] Skipping Baseline execution
[[1;34mINFO[m] 
[[1;34mINFO[m] [1m--- [0;32mmaven-install-plugin:2.3.1:install[m [1m(default-install)[m @ [36moak-tarmk-standby[0;1m ---[m
[[1;34mINFO[m] Installing /home/user/Reproducibility-Scanner/benchmarks/bugs-dot-jar/jackrabbit-oak/oak-tarmk-standby/target/oak-tarmk-standby-1.4-SNAPSHOT.jar to /home/user/.m2/repository/org/apache/jackrabbit/oak-tarmk-standby/1.4-SNAPSHOT/oak-tarmk-standby-1.4-SNAPSHOT.jar
[[1;34mINFO[m] Installing /home/user/Reproducibility-Scanner/benchmarks/bugs-dot-jar/jackrabbit-oak/oak-tarmk-standby/pom.xml to /home/user/.m2/repository/org/apache/jackrabbit/oak-tarmk-standby/1.4-SNAPSHOT/oak-tarmk-standby-1.4-SNAPSHOT.pom
[[1;34mINFO[m] 
[[1;34mINFO[m] [1m--- [0;32mmaven-bundle-plugin:2.5.3:install[m [1m(default-install)[m @ [36moak-tarmk-standby[0;1m ---[m
[[1;34mINFO[m] Local OBR update disabled (enable with -DobrRepository)
[[1;34mINFO[m] 
[[1;34mINFO[m] [1m------------------< [0;36morg.apache.jackrabbit:oak-remote[0;1m >------------------[m
[[1;34mINFO[m] [1mBuilding Oak Remote API 1.4-SNAPSHOT                             [15/23][m
[[1;34mINFO[m] [1m-------------------------------[ bundle ]-------------------------------[m
[[1;34mINFO[m] 
[[1;34mINFO[m] [1m--- [0;32mjacoco-maven-plugin:0.7.1.201405082137:prepare-agent[m [1m(pre-unit-test)[m @ [36moak-remote[0;1m ---[m
[[1;34mINFO[m] Skipping JaCoCo execution because property jacoco.skip is set.
[[1;34mINFO[m] test.opts.coverage set to empty
[[1;34mINFO[m] 
[[1;34mINFO[m] [1m--- [0;32mmaven-remote-resources-plugin:1.4:process[m [1m(default)[m @ [36moak-remote[0;1m ---[m
[[1;34mINFO[m] 
[[1;34mINFO[m] [1m--- [0;32mmaven-resources-plugin:2.6:resources[m [1m(default-resources)[m @ [36moak-remote[0;1m ---[m
[[1;34mINFO[m] Using 'UTF-8' encoding to copy filtered resources.
[[1;34mINFO[m] skip non existing resourceDirectory /home/user/Reproducibility-Scanner/benchmarks/bugs-dot-jar/jackrabbit-oak/oak-remote/src/main/resources
[[1;34mINFO[m] Copying 3 resources
[[1;34mINFO[m] 
[[1;34mINFO[m] [1m--- [0;32mmaven-compiler-plugin:2.5.1:compile[m [1m(default-compile)[m @ [36moak-remote[0;1m ---[m
[[1;34mINFO[m] Compiling 69 source files to /home/user/Reproducibility-Scanner/benchmarks/bugs-dot-jar/jackrabbit-oak/oak-remote/target/classes
[[1;34mINFO[m] 
[[1;34mINFO[m] [1m--- [0;32mmaven-scr-plugin:1.16.0:scr[m [1m(generate-scr-scrdescriptor)[m @ [36moak-remote[0;1m ---[m
[[1;34mINFO[m] Generating 1 MetaType Descriptors in /home/user/Reproducibility-Scanner/benchmarks/bugs-dot-jar/jackrabbit-oak/oak-remote/target/classes/OSGI-INF/metatype/org.apache.jackrabbit.oak.remote.osgi.RemoteServletRegistration.xml
[[1;34mINFO[m] Writing 1 Service Component Descriptors to /home/user/Reproducibility-Scanner/benchmarks/bugs-dot-jar/jackrabbit-oak/oak-remote/target/classes/OSGI-INF/org.apache.jackrabbit.oak.remote.osgi.RemoteServletRegistration.xml
[[1;34mINFO[m] 
[[1;34mINFO[m] [1m--- [0;32mmaven-resources-plugin:2.6:testResources[m [1m(default-testResources)[m @ [36moak-remote[0;1m ---[m
[[1;34mINFO[m] Using 'UTF-8' encoding to copy filtered resources.
[[1;34mINFO[m] Copying 24 resources
[[1;34mINFO[m] Copying 3 resources
[[1;34mINFO[m] 
[[1;34mINFO[m] [1m--- [0;32mmaven-compiler-plugin:2.5.1:testCompile[m [1m(default-testCompile)[m @ [36moak-remote[0;1m ---[m
[[1;34mINFO[m] Compiling 19 source files to /home/user/Reproducibility-Scanner/benchmarks/bugs-dot-jar/jackrabbit-oak/oak-remote/target/test-classes
[[1;34mINFO[m] 
[[1;34mINFO[m] [1m--- [0;32mmaven-surefire-plugin:2.12.4:test[m [1m(default-test)[m @ [36moak-remote[0;1m ---[m
[[1;34mINFO[m] Tests are skipped.
[[1;34mINFO[m] 
[[1;34mINFO[m] [1m--- [0;32mjacoco-maven-plugin:0.7.1.201405082137:report[m [1m(post-unit-test)[m @ [36moak-remote[0;1m ---[m
[[1;34mINFO[m] Skipping JaCoCo execution because property jacoco.skip is set.
[[1;34mINFO[m] 
[[1;34mINFO[m] [1m--- [0;32mmaven-bundle-plugin:2.5.3:bundle[m [1m(default-bundle)[m @ [36moak-remote[0;1m ---[m
[[1;34mINFO[m] 
[[1;34mINFO[m] [1m--- [0;32mmaven-site-plugin:3.3:attach-descriptor[m [1m(attach-descriptor)[m @ [36moak-remote[0;1m ---[m
[[1;34mINFO[m] 
[[1;34mINFO[m] [1m--- [0;32mmaven-failsafe-plugin:2.18.1:integration-test[m [1m(default)[m @ [36moak-remote[0;1m ---[m
[[1;34mINFO[m] Tests are skipped.
[[1;34mINFO[m] 
[[1;34mINFO[m] [1m--- [0;32mmaven-failsafe-plugin:2.18.1:verify[m [1m(default)[m @ [36moak-remote[0;1m ---[m
[[1;34mINFO[m] Tests are skipped.
[[1;34mINFO[m] 
[[1;34mINFO[m] [1m--- [0;32mmaven-bundle-plugin:2.5.3:baseline[m [1m(baseline)[m @ [36moak-remote[0;1m ---[m
[[1;34mINFO[m] Skipping Baseline execution
[[1;34mINFO[m] 
[[1;34mINFO[m] [1m--- [0;32mmaven-install-plugin:2.3.1:install[m [1m(default-install)[m @ [36moak-remote[0;1m ---[m
[[1;34mINFO[m] Installing /home/user/Reproducibility-Scanner/benchmarks/bugs-dot-jar/jackrabbit-oak/oak-remote/target/oak-remote-1.4-SNAPSHOT.jar to /home/user/.m2/repository/org/apache/jackrabbit/oak-remote/1.4-SNAPSHOT/oak-remote-1.4-SNAPSHOT.jar
[[1;34mINFO[m] Installing /home/user/Reproducibility-Scanner/benchmarks/bugs-dot-jar/jackrabbit-oak/oak-remote/pom.xml to /home/user/.m2/repository/org/apache/jackrabbit/oak-remote/1.4-SNAPSHOT/oak-remote-1.4-SNAPSHOT.pom
[[1;34mINFO[m] 
[[1;34mINFO[m] [1m--- [0;32mmaven-bundle-plugin:2.5.3:install[m [1m(default-install)[m @ [36moak-remote[0;1m ---[m
[[1;34mINFO[m] Local OBR update disabled (enable with -DobrRepository)
[[1;34mINFO[m] 
[[1;34mINFO[m] [1m-------------------< [0;36morg.apache.jackrabbit:oak-run[0;1m >--------------------[m
[[1;34mINFO[m] [1mBuilding Oak Runnable Jar 1.4-SNAPSHOT                           [16/23][m
[[1;34mINFO[m] [1m--------------------------------[ jar ]---------------------------------[m
[[1;34mINFO[m] 
[[1;34mINFO[m] [1m--- [0;32mjacoco-maven-plugin:0.7.1.201405082137:prepare-agent[m [1m(pre-unit-test)[m @ [36moak-run[0;1m ---[m
[[1;34mINFO[m] Skipping JaCoCo execution because property jacoco.skip is set.
[[1;34mINFO[m] test.opts.coverage set to empty
[[1;34mINFO[m] 
[[1;34mINFO[m] [1m--- [0;32mgmaven-plugin:1.4:generateStubs[m [1m(default)[m @ [36moak-run[0;1m ---[m
[[1;34mINFO[m] Generated 13 Java stubs
[[1;34mINFO[m] 
[[1;34mINFO[m] [1m--- [0;32mmaven-remote-resources-plugin:1.4:process[m [1m(default)[m @ [36moak-run[0;1m ---[m
[[1;34mINFO[m] 
[[1;34mINFO[m] [1m--- [0;32mmaven-resources-plugin:2.6:resources[m [1m(default-resources)[m @ [36moak-run[0;1m ---[m
[[1;34mINFO[m] Using 'UTF-8' encoding to copy filtered resources.
[[1;34mINFO[m] Copying 10 resources
[[1;34mINFO[m] Copying 4 resources
[[1;34mINFO[m] Copying 3 resources
[[1;34mINFO[m] 
[[1;34mINFO[m] [1m--- [0;32mbuild-helper-maven-plugin:1.7:reserve-network-port[m [1m(reserve-network-port)[m @ [36moak-run[0;1m ---[m
[[1;34mINFO[m] Reserved port 45575 for jetty.http.port
[[1;34mINFO[m] 
[[1;34mINFO[m] [1m--- [0;32mmaven-compiler-plugin:2.5.1:compile[m [1m(default-compile)[m @ [36moak-run[0;1m ---[m
[[1;34mINFO[m] Compiling 154 source files to /home/user/Reproducibility-Scanner/benchmarks/bugs-dot-jar/jackrabbit-oak/oak-run/target/classes
[[1;34mINFO[m] 
[[1;34mINFO[m] [1m--- [0;32mgmaven-plugin:1.4:compile[m [1m(default)[m @ [36moak-run[0;1m ---[m
[[1;34mINFO[m] Compiled 26 Groovy classes
[[1;34mINFO[m] 
[[1;34mINFO[m] [1m--- [0;32mgmaven-plugin:1.4:generateTestStubs[m [1m(default)[m @ [36moak-run[0;1m ---[m
[[1;34mINFO[m] No sources found for Java stub generation
[[1;34mINFO[m] 
[[1;34mINFO[m] [1m--- [0;32mmaven-resources-plugin:2.6:testResources[m [1m(default-testResources)[m @ [36moak-run[0;1m ---[m
[[1;34mINFO[m] Using 'UTF-8' encoding to copy filtered resources.
[[1;34mINFO[m] skip non existing resourceDirectory /home/user/Reproducibility-Scanner/benchmarks/bugs-dot-jar/jackrabbit-oak/oak-run/src/test/resources
[[1;34mINFO[m] Copying 3 resources
[[1;34mINFO[m] 
[[1;34mINFO[m] [1m--- [0;32mmaven-compiler-plugin:2.5.1:testCompile[m [1m(default-testCompile)[m @ [36moak-run[0;1m ---[m
[[1;34mINFO[m] Compiling 7 source files to /home/user/Reproducibility-Scanner/benchmarks/bugs-dot-jar/jackrabbit-oak/oak-run/target/test-classes
[[1;34mINFO[m] 
[[1;34mINFO[m] [1m--- [0;32mgmaven-plugin:1.4:testCompile[m [1m(default)[m @ [36moak-run[0;1m ---[m
[[1;34mINFO[m] No sources found to compile
[[1;34mINFO[m] 
[[1;34mINFO[m] [1m--- [0;32mmaven-surefire-plugin:2.12.4:test[m [1m(default-test)[m @ [36moak-run[0;1m ---[m
[[1;34mINFO[m] Tests are skipped.
[[1;34mINFO[m] 
[[1;34mINFO[m] [1m--- [0;32mjacoco-maven-plugin:0.7.1.201405082137:report[m [1m(post-unit-test)[m @ [36moak-run[0;1m ---[m
[[1;34mINFO[m] Skipping JaCoCo execution because property jacoco.skip is set.
[[1;34mINFO[m] 
[[1;34mINFO[m] [1m--- [0;32mmaven-jar-plugin:2.4:jar[m [1m(default-jar)[m @ [36moak-run[0;1m ---[m
[[1;34mINFO[m] Building jar: /home/user/Reproducibility-Scanner/benchmarks/bugs-dot-jar/jackrabbit-oak/oak-run/target/oak-run-1.4-SNAPSHOT.jar
[[1;34mINFO[m] 
[[1;34mINFO[m] [1m--- [0;32mmaven-site-plugin:3.3:attach-descriptor[m [1m(attach-descriptor)[m @ [36moak-run[0;1m ---[m
[[1;34mINFO[m] 
[[1;34mINFO[m] [1m--- [0;32mmaven-dependency-plugin:2.8:unpack[m [1m(copy)[m @ [36moak-run[0;1m ---[m
[[1;34mINFO[m] Configured Artifact: org.apache.lucene:lucene-core:3.6.0:jar
[[1;34mINFO[m] Unpacking /home/user/.m2/repository/org/apache/lucene/lucene-core/3.6.0/lucene-core-3.6.0.jar to /home/user/Reproducibility-Scanner/benchmarks/bugs-dot-jar/jackrabbit-oak/oak-run/target/jr2 with includes "" and excludes ""
[[1;34mINFO[m] 
[[1;34mINFO[m] [1m--- [0;32mmaven-assembly-plugin:2.4:single[m [1m(create-oak)[m @ [36moak-run[0;1m ---[m
[[1;34mINFO[m] Reading assembly descriptor: src/main/assembly/oak-run.xml
[[1;34mINFO[m] Building jar: /home/user/Reproducibility-Scanner/benchmarks/bugs-dot-jar/jackrabbit-oak/oak-run/target/oak-run-1.4-SNAPSHOT-oak.jar
[[1;34mINFO[m] 
[[1;34mINFO[m] [1m--- [0;32mmaven-assembly-plugin:2.4:single[m [1m(create-jr2)[m @ [36moak-run[0;1m ---[m
[[1;34mINFO[m] Reading assembly descriptor: src/main/assembly/oak-run-jr2.xml
[[1;34mINFO[m] Building jar: /home/user/Reproducibility-Scanner/benchmarks/bugs-dot-jar/jackrabbit-oak/oak-run/target/oak-run-1.4-SNAPSHOT-jr2.jar
[[1;34mINFO[m] 
[[1;34mINFO[m] [1m--- [0;32mmaven-antrun-plugin:1.7:run[m [1m(default)[m @ [36moak-run[0;1m ---[m
[[1;34mINFO[m] Executing tasks

main:
     [copy] Copying 1 file to /home/user/Reproducibility-Scanner/benchmarks/bugs-dot-jar/jackrabbit-oak/oak-run/target
   [delete] Deleting: /home/user/Reproducibility-Scanner/benchmarks/bugs-dot-jar/jackrabbit-oak/oak-run/target/oak-run-1.4-SNAPSHOT-oak.jar
[[1;34mINFO[m] Executed tasks
[[1;34mINFO[m] 
[[1;34mINFO[m] [1m--- [0;32mmaven-install-plugin:2.3.1:install[m [1m(default-install)[m @ [36moak-run[0;1m ---[m
[[1;34mINFO[m] Installing /home/user/Reproducibility-Scanner/benchmarks/bugs-dot-jar/jackrabbit-oak/oak-run/target/oak-run-1.4-SNAPSHOT.jar to /home/user/.m2/repository/org/apache/jackrabbit/oak-run/1.4-SNAPSHOT/oak-run-1.4-SNAPSHOT.jar
[[1;34mINFO[m] Installing /home/user/Reproducibility-Scanner/benchmarks/bugs-dot-jar/jackrabbit-oak/oak-run/pom.xml to /home/user/.m2/repository/org/apache/jackrabbit/oak-run/1.4-SNAPSHOT/oak-run-1.4-SNAPSHOT.pom
[[1;34mINFO[m] Installing /home/user/Reproducibility-Scanner/benchmarks/bugs-dot-jar/jackrabbit-oak/oak-run/target/oak-run-1.4-SNAPSHOT-jr2.jar to /home/user/.m2/repository/org/apache/jackrabbit/oak-run/1.4-SNAPSHOT/oak-run-1.4-SNAPSHOT-jr2.jar
[[1;34mINFO[m] 
[[1;34mINFO[m] [1m-----------------< [0;36morg.apache.jackrabbit:oak-it-osgi[0;1m >------------------[m
[[1;34mINFO[m] [1mBuilding Oak Integration Tests for OSGi deployments 1.4-SNAPSHOT [17/23][m
[[1;34mINFO[m] [1m--------------------------------[ jar ]---------------------------------[m
[[1;34mINFO[m] 
[[1;34mINFO[m] [1m--- [0;32mjacoco-maven-plugin:0.7.1.201405082137:prepare-agent[m [1m(pre-unit-test)[m @ [36moak-it-osgi[0;1m ---[m
[[1;34mINFO[m] Skipping JaCoCo execution because property jacoco.skip is set.
[[1;34mINFO[m] test.opts.coverage set to empty
[[1;34mINFO[m] 
[[1;34mINFO[m] [1m--- [0;32mmaven-remote-resources-plugin:1.4:process[m [1m(default)[m @ [36moak-it-osgi[0;1m ---[m
[[1;34mINFO[m] 
[[1;34mINFO[m] [1m--- [0;32mmaven-resources-plugin:2.6:resources[m [1m(default-resources)[m @ [36moak-it-osgi[0;1m ---[m
[[1;34mINFO[m] Using 'UTF-8' encoding to copy filtered resources.
[[1;34mINFO[m] skip non existing resourceDirectory /home/user/Reproducibility-Scanner/benchmarks/bugs-dot-jar/jackrabbit-oak/oak-it-osgi/src/main/resources
[[1;34mINFO[m] Copying 3 resources
[[1;34mINFO[m] 
[[1;34mINFO[m] [1m--- [0;32mmaven-compiler-plugin:2.5.1:compile[m [1m(default-compile)[m @ [36moak-it-osgi[0;1m ---[m
[[1;34mINFO[m] No sources to compile
[[1;34mINFO[m] 
[[1;34mINFO[m] [1m--- [0;32mmaven-resources-plugin:2.6:testResources[m [1m(default-testResources)[m @ [36moak-it-osgi[0;1m ---[m
[[1;34mINFO[m] Using 'UTF-8' encoding to copy filtered resources.
[[1;34mINFO[m] Copying 1 resource
[[1;34mINFO[m] Copying 3 resources
[[1;34mINFO[m] 
[[1;34mINFO[m] [1m--- [0;32mmaven-compiler-plugin:2.5.1:testCompile[m [1m(default-testCompile)[m @ [36moak-it-osgi[0;1m ---[m
[[1;34mINFO[m] Compiling 1 source file to /home/user/Reproducibility-Scanner/benchmarks/bugs-dot-jar/jackrabbit-oak/oak-it-osgi/target/test-classes
[[1;34mINFO[m] 
[[1;34mINFO[m] [1m--- [0;32mmaven-surefire-plugin:2.12.4:test[m [1m(default-test)[m @ [36moak-it-osgi[0;1m ---[m
[[1;34mINFO[m] Tests are skipped.
[[1;34mINFO[m] 
[[1;34mINFO[m] [1m--- [0;32mjacoco-maven-plugin:0.7.1.201405082137:report[m [1m(post-unit-test)[m @ [36moak-it-osgi[0;1m ---[m
[[1;34mINFO[m] Skipping JaCoCo execution because property jacoco.skip is set.
[[1;34mINFO[m] 
[[1;34mINFO[m] [1m--- [0;32mmaven-jar-plugin:2.4:jar[m [1m(default-jar)[m @ [36moak-it-osgi[0;1m ---[m
[[1;34mINFO[m] Building jar: /home/user/Reproducibility-Scanner/benchmarks/bugs-dot-jar/jackrabbit-oak/oak-it-osgi/target/oak-it-osgi-1.4-SNAPSHOT.jar
[[1;34mINFO[m] 
[[1;34mINFO[m] [1m--- [0;32mmaven-site-plugin:3.3:attach-descriptor[m [1m(attach-descriptor)[m @ [36moak-it-osgi[0;1m ---[m
[[1;34mINFO[m] 
[[1;34mINFO[m] [1m--- [0;32mmaven-assembly-plugin:2.2.1:single[m [1m(default)[m @ [36moak-it-osgi[0;1m ---[m
[[1;34mINFO[m] Reading assembly descriptor: test-bundles.xml
[[1;34mINFO[m] Copying files to /home/user/Reproducibility-Scanner/benchmarks/bugs-dot-jar/jackrabbit-oak/oak-it-osgi/target/test-bundles
[[1;34mINFO[m] 
[[1;34mINFO[m] [1m--- [0;32mmaven-install-plugin:2.3.1:install[m [1m(default-install)[m @ [36moak-it-osgi[0;1m ---[m
[[1;34mINFO[m] Installing /home/user/Reproducibility-Scanner/benchmarks/bugs-dot-jar/jackrabbit-oak/oak-it-osgi/target/oak-it-osgi-1.4-SNAPSHOT.jar to /home/user/.m2/repository/org/apache/jackrabbit/oak-it-osgi/1.4-SNAPSHOT/oak-it-osgi-1.4-SNAPSHOT.jar
[[1;34mINFO[m] Installing /home/user/Reproducibility-Scanner/benchmarks/bugs-dot-jar/jackrabbit-oak/oak-it-osgi/pom.xml to /home/user/.m2/repository/org/apache/jackrabbit/oak-it-osgi/1.4-SNAPSHOT/oak-it-osgi-1.4-SNAPSHOT.pom
[[1;34mINFO[m] 
[[1;34mINFO[m] [1m------------------< [0;36morg.apache.jackrabbit:oak-pojosr[0;1m >------------------[m
[[1;34mINFO[m] [1mBuilding Oak PojoSR 1.4-SNAPSHOT                                 [18/23][m
[[1;34mINFO[m] [1m--------------------------------[ jar ]---------------------------------[m
[[1;34mINFO[m] 
[[1;34mINFO[m] [1m--- [0;32mjacoco-maven-plugin:0.7.1.201405082137:prepare-agent[m [1m(pre-unit-test)[m @ [36moak-pojosr[0;1m ---[m
[[1;34mINFO[m] Skipping JaCoCo execution because property jacoco.skip is set.
[[1;34mINFO[m] test.opts.coverage set to empty
[[1;34mINFO[m] 
[[1;34mINFO[m] [1m--- [0;32mmaven-remote-resources-plugin:1.4:process[m [1m(default)[m @ [36moak-pojosr[0;1m ---[m
[[1;34mINFO[m] 
[[1;34mINFO[m] [1m--- [0;32mmaven-resources-plugin:2.6:resources[m [1m(default-resources)[m @ [36moak-pojosr[0;1m ---[m
[[1;34mINFO[m] Using 'UTF-8' encoding to copy filtered resources.
[[1;34mINFO[m] Copying 1 resource
[[1;34mINFO[m] Copying 3 resources
[[1;34mINFO[m] 
[[1;34mINFO[m] [1m--- [0;32mmaven-compiler-plugin:2.5.1:compile[m [1m(default-compile)[m @ [36moak-pojosr[0;1m ---[m
[[1;34mINFO[m] Compiling 8 source files to /home/user/Reproducibility-Scanner/benchmarks/bugs-dot-jar/jackrabbit-oak/oak-pojosr/target/classes
[[1;34mINFO[m] 
[[1;34mINFO[m] [1m--- [0;32mgmaven-plugin:1.4:generateTestStubs[m [1m(default)[m @ [36moak-pojosr[0;1m ---[m
[[1;34mINFO[m] Generated 20 Java stubs
[[1;34mINFO[m] 
[[1;34mINFO[m] [1m--- [0;32mmaven-resources-plugin:2.6:testResources[m [1m(default-testResources)[m @ [36moak-pojosr[0;1m ---[m
[[1;34mINFO[m] Using 'UTF-8' encoding to copy filtered resources.
[[1;34mINFO[m] Copying 14 resources
[[1;34mINFO[m] Copying 3 resources
[[1;34mINFO[m] 
[[1;34mINFO[m] [1m--- [0;32mmaven-compiler-plugin:2.5.1:testCompile[m [1m(default-testCompile)[m @ [36moak-pojosr[0;1m ---[m
[[1;34mINFO[m] Compiling 14 source files to /home/user/Reproducibility-Scanner/benchmarks/bugs-dot-jar/jackrabbit-oak/oak-pojosr/target/test-classes
[[1;34mINFO[m] 
[[1;34mINFO[m] [1m--- [0;32mgmaven-plugin:1.4:testCompile[m [1m(default)[m @ [36moak-pojosr[0;1m ---[m
[[1;34mINFO[m] Compiled 27 Groovy classes
[[1;34mINFO[m] 
[[1;34mINFO[m] [1m--- [0;32mmaven-surefire-plugin:2.12.4:test[m [1m(default-test)[m @ [36moak-pojosr[0;1m ---[m
[[1;34mINFO[m] Tests are skipped.
[[1;34mINFO[m] 
[[1;34mINFO[m] [1m--- [0;32mjacoco-maven-plugin:0.7.1.201405082137:report[m [1m(post-unit-test)[m @ [36moak-pojosr[0;1m ---[m
[[1;34mINFO[m] Skipping JaCoCo execution because property jacoco.skip is set.
[[1;34mINFO[m] 
[[1;34mINFO[m] [1m--- [0;32mmaven-jar-plugin:2.4:jar[m [1m(default-jar)[m @ [36moak-pojosr[0;1m ---[m
[[1;34mINFO[m] Building jar: /home/user/Reproducibility-Scanner/benchmarks/bugs-dot-jar/jackrabbit-oak/oak-pojosr/target/oak-pojosr-1.4-SNAPSHOT.jar
[[1;34mINFO[m] 
[[1;34mINFO[m] [1m--- [0;32mmaven-site-plugin:3.3:attach-descriptor[m [1m(attach-descriptor)[m @ [36moak-pojosr[0;1m ---[m
[[1;34mINFO[m] 
[[1;34mINFO[m] [1m--- [0;32mmaven-install-plugin:2.3.1:install[m [1m(default-install)[m @ [36moak-pojosr[0;1m ---[m
[[1;34mINFO[m] Installing /home/user/Reproducibility-Scanner/benchmarks/bugs-dot-jar/jackrabbit-oak/oak-pojosr/target/oak-pojosr-1.4-SNAPSHOT.jar to /home/user/.m2/repository/org/apache/jackrabbit/oak-pojosr/1.4-SNAPSHOT/oak-pojosr-1.4-SNAPSHOT.jar
[[1;34mINFO[m] Installing /home/user/Reproducibility-Scanner/benchmarks/bugs-dot-jar/jackrabbit-oak/oak-pojosr/pom.xml to /home/user/.m2/repository/org/apache/jackrabbit/oak-pojosr/1.4-SNAPSHOT/oak-pojosr-1.4-SNAPSHOT.pom
[[1;34mINFO[m] 
[[1;34mINFO[m] [1m------------< [0;36morg.apache.jackrabbit:oak-authorization-cug[0;1m >-------------[m
[[1;34mINFO[m] [1mBuilding Oak CUG 1.4-SNAPSHOT                                    [19/23][m
[[1;34mINFO[m] [1m-------------------------------[ bundle ]-------------------------------[m
[[1;34mINFO[m] 
[[1;34mINFO[m] [1m--- [0;32mjacoco-maven-plugin:0.7.1.201405082137:prepare-agent[m [1m(pre-unit-test)[m @ [36moak-authorization-cug[0;1m ---[m
[[1;34mINFO[m] Skipping JaCoCo execution because property jacoco.skip is set.
[[1;34mINFO[m] test.opts.coverage set to empty
[[1;34mINFO[m] 
[[1;34mINFO[m] [1m--- [0;32mmaven-remote-resources-plugin:1.4:process[m [1m(default)[m @ [36moak-authorization-cug[0;1m ---[m
[[1;34mINFO[m] 
[[1;34mINFO[m] [1m--- [0;32mmaven-resources-plugin:2.6:resources[m [1m(default-resources)[m @ [36moak-authorization-cug[0;1m ---[m
[[1;34mINFO[m] Using 'UTF-8' encoding to copy filtered resources.
[[1;34mINFO[m] Copying 1 resource
[[1;34mINFO[m] Copying 3 resources
[[1;34mINFO[m] 
[[1;34mINFO[m] [1m--- [0;32mmaven-compiler-plugin:2.5.1:compile[m [1m(default-compile)[m @ [36moak-authorization-cug[0;1m ---[m
[[1;34mINFO[m] Compiling 16 source files to /home/user/Reproducibility-Scanner/benchmarks/bugs-dot-jar/jackrabbit-oak/oak-authorization-cug/target/classes
[[1;34mINFO[m] 
[[1;34mINFO[m] [1m--- [0;32mmaven-scr-plugin:1.16.0:scr[m [1m(generate-scr-scrdescriptor)[m @ [36moak-authorization-cug[0;1m ---[m
[[1;34mINFO[m] Generating 1 MetaType Descriptors in /home/user/Reproducibility-Scanner/benchmarks/bugs-dot-jar/jackrabbit-oak/oak-authorization-cug/target/classes/OSGI-INF/metatype/org.apache.jackrabbit.oak.spi.security.authorization.cug.impl.CugExcludeImpl.xml
[[1;34mINFO[m] Generating 1 MetaType Descriptors in /home/user/Reproducibility-Scanner/benchmarks/bugs-dot-jar/jackrabbit-oak/oak-authorization-cug/target/classes/OSGI-INF/metatype/org.apache.jackrabbit.oak.spi.security.authorization.cug.impl.CugConfiguration.xml
[[1;34mINFO[m] Writing 1 Service Component Descriptors to /home/user/Reproducibility-Scanner/benchmarks/bugs-dot-jar/jackrabbit-oak/oak-authorization-cug/target/classes/OSGI-INF/org.apache.jackrabbit.oak.spi.security.authorization.cug.impl.CugExcludeImpl.xml
[[1;34mINFO[m] Writing 1 Service Component Descriptors to /home/user/Reproducibility-Scanner/benchmarks/bugs-dot-jar/jackrabbit-oak/oak-authorization-cug/target/classes/OSGI-INF/org.apache.jackrabbit.oak.spi.security.authorization.cug.impl.CugConfiguration.xml
[[1;34mINFO[m] 
[[1;34mINFO[m] [1m--- [0;32mmaven-resources-plugin:2.6:testResources[m [1m(default-testResources)[m @ [36moak-authorization-cug[0;1m ---[m
[[1;34mINFO[m] Using 'UTF-8' encoding to copy filtered resources.
[[1;34mINFO[m] skip non existing resourceDirectory /home/user/Reproducibility-Scanner/benchmarks/bugs-dot-jar/jackrabbit-oak/oak-authorization-cug/src/test/resources
[[1;34mINFO[m] Copying 3 resources
[[1;34mINFO[m] 
[[1;34mINFO[m] [1m--- [0;32mmaven-compiler-plugin:2.5.1:testCompile[m [1m(default-testCompile)[m @ [36moak-authorization-cug[0;1m ---[m
[[1;34mINFO[m] Compiling 16 source files to /home/user/Reproducibility-Scanner/benchmarks/bugs-dot-jar/jackrabbit-oak/oak-authorization-cug/target/test-classes
[[1;34mINFO[m] 
[[1;34mINFO[m] [1m--- [0;32mmaven-surefire-plugin:2.12.4:test[m [1m(default-test)[m @ [36moak-authorization-cug[0;1m ---[m
[[1;34mINFO[m] Tests are skipped.
[[1;34mINFO[m] 
[[1;34mINFO[m] [1m--- [0;32mjacoco-maven-plugin:0.7.1.201405082137:report[m [1m(post-unit-test)[m @ [36moak-authorization-cug[0;1m ---[m
[[1;34mINFO[m] Skipping JaCoCo execution because property jacoco.skip is set.
[[1;34mINFO[m] 
[[1;34mINFO[m] [1m--- [0;32mmaven-bundle-plugin:2.5.3:bundle[m [1m(default-bundle)[m @ [36moak-authorization-cug[0;1m ---[m
[[1;34mINFO[m] 
[[1;34mINFO[m] [1m--- [0;32mmaven-site-plugin:3.3:attach-descriptor[m [1m(attach-descriptor)[m @ [36moak-authorization-cug[0;1m ---[m
[[1;34mINFO[m] 
[[1;34mINFO[m] [1m--- [0;32mmaven-jar-plugin:2.4:test-jar[m [1m(default)[m @ [36moak-authorization-cug[0;1m ---[m
[[1;34mINFO[m] Building jar: /home/user/Reproducibility-Scanner/benchmarks/bugs-dot-jar/jackrabbit-oak/oak-authorization-cug/target/oak-authorization-cug-1.4-SNAPSHOT-tests.jar
[[1;34mINFO[m] 
[[1;34mINFO[m] [1m--- [0;32mmaven-bundle-plugin:2.5.3:baseline[m [1m(baseline)[m @ [36moak-authorization-cug[0;1m ---[m
[[1;34mINFO[m] Skipping Baseline execution
[[1;34mINFO[m] 
[[1;34mINFO[m] [1m--- [0;32mmaven-install-plugin:2.3.1:install[m [1m(default-install)[m @ [36moak-authorization-cug[0;1m ---[m
[[1;34mINFO[m] Installing /home/user/Reproducibility-Scanner/benchmarks/bugs-dot-jar/jackrabbit-oak/oak-authorization-cug/target/oak-authorization-cug-1.4-SNAPSHOT.jar to /home/user/.m2/repository/org/apache/jackrabbit/oak-authorization-cug/1.4-SNAPSHOT/oak-authorization-cug-1.4-SNAPSHOT.jar
[[1;34mINFO[m] Installing /home/user/Reproducibility-Scanner/benchmarks/bugs-dot-jar/jackrabbit-oak/oak-authorization-cug/pom.xml to /home/user/.m2/repository/org/apache/jackrabbit/oak-authorization-cug/1.4-SNAPSHOT/oak-authorization-cug-1.4-SNAPSHOT.pom
[[1;34mINFO[m] Installing /home/user/Reproducibility-Scanner/benchmarks/bugs-dot-jar/jackrabbit-oak/oak-authorization-cug/target/oak-authorization-cug-1.4-SNAPSHOT-tests.jar to /home/user/.m2/repository/org/apache/jackrabbit/oak-authorization-cug/1.4-SNAPSHOT/oak-authorization-cug-1.4-SNAPSHOT-tests.jar
[[1;34mINFO[m] 
[[1;34mINFO[m] [1m--- [0;32mmaven-bundle-plugin:2.5.3:install[m [1m(default-install)[m @ [36moak-authorization-cug[0;1m ---[m
[[1;34mINFO[m] Local OBR update disabled (enable with -DobrRepository)
[[1;34mINFO[m] 
[[1;34mINFO[m] [1m-----------------< [0;36morg.apache.jackrabbit:oak-exercise[0;1m >-----------------[m
[[1;34mINFO[m] [1mBuilding Oak Exercises 1.4-SNAPSHOT                              [20/23][m
[[1;34mINFO[m] [1m--------------------------------[ jar ]---------------------------------[m
[[1;34mINFO[m] 
[[1;34mINFO[m] [1m--- [0;32mjacoco-maven-plugin:0.7.1.201405082137:prepare-agent[m [1m(pre-unit-test)[m @ [36moak-exercise[0;1m ---[m
[[1;34mINFO[m] Skipping JaCoCo execution because property jacoco.skip is set.
[[1;34mINFO[m] test.opts.coverage set to empty
[[1;34mINFO[m] 
[[1;34mINFO[m] [1m--- [0;32mmaven-remote-resources-plugin:1.4:process[m [1m(default)[m @ [36moak-exercise[0;1m ---[m
[[1;34mINFO[m] 
[[1;34mINFO[m] [1m--- [0;32mmaven-resources-plugin:2.6:resources[m [1m(default-resources)[m @ [36moak-exercise[0;1m ---[m
[[1;34mINFO[m] Using 'UTF-8' encoding to copy filtered resources.
[[1;34mINFO[m] skip non existing resourceDirectory /home/user/Reproducibility-Scanner/benchmarks/bugs-dot-jar/jackrabbit-oak/oak-exercise/src/main/resources
[[1;34mINFO[m] Copying 3 resources
[[1;34mINFO[m] 
[[1;34mINFO[m] [1m--- [0;32mmaven-compiler-plugin:2.5.1:compile[m [1m(default-compile)[m @ [36moak-exercise[0;1m ---[m
[[1;34mINFO[m] Compiling 7 source files to /home/user/Reproducibility-Scanner/benchmarks/bugs-dot-jar/jackrabbit-oak/oak-exercise/target/classes
[[1;34mINFO[m] 
[[1;34mINFO[m] [1m--- [0;32mmaven-scr-plugin:1.16.0:scr[m [1m(generate-scr-scrdescriptor)[m @ [36moak-exercise[0;1m ---[m
[[1;34mINFO[m] Generating 1 MetaType Descriptors in /home/user/Reproducibility-Scanner/benchmarks/bugs-dot-jar/jackrabbit-oak/oak-exercise/target/classes/OSGI-INF/metatype/org.apache.jackrabbit.oak.security.authentication.CustomLoginModuleFactory.xml
[[1;34mINFO[m] Generating 1 MetaType Descriptors in /home/user/Reproducibility-Scanner/benchmarks/bugs-dot-jar/jackrabbit-oak/oak-exercise/target/classes/OSGI-INF/metatype/org.apache.jackrabbit.oak.security.principal.CustomPrincipalConfiguration.xml
[[1;34mINFO[m] Writing 1 Service Component Descriptors to /home/user/Reproducibility-Scanner/benchmarks/bugs-dot-jar/jackrabbit-oak/oak-exercise/target/classes/OSGI-INF/org.apache.jackrabbit.oak.security.authentication.CustomLoginModuleFactory.xml
[[1;34mINFO[m] Writing 1 Service Component Descriptors to /home/user/Reproducibility-Scanner/benchmarks/bugs-dot-jar/jackrabbit-oak/oak-exercise/target/classes/OSGI-INF/org.apache.jackrabbit.oak.security.principal.CustomPrincipalConfiguration.xml
[[1;34mINFO[m] 
[[1;34mINFO[m] [1m--- [0;32mmaven-resources-plugin:2.6:testResources[m [1m(default-testResources)[m @ [36moak-exercise[0;1m ---[m
[[1;34mINFO[m] Using 'UTF-8' encoding to copy filtered resources.
[[1;34mINFO[m] skip non existing resourceDirectory /home/user/Reproducibility-Scanner/benchmarks/bugs-dot-jar/jackrabbit-oak/oak-exercise/src/test/resources
[[1;34mINFO[m] Copying 3 resources
[[1;34mINFO[m] 
[[1;34mINFO[m] [1m--- [0;32mmaven-compiler-plugin:2.5.1:testCompile[m [1m(default-testCompile)[m @ [36moak-exercise[0;1m ---[m
[[1;34mINFO[m] Compiling 60 source files to /home/user/Reproducibility-Scanner/benchmarks/bugs-dot-jar/jackrabbit-oak/oak-exercise/target/test-classes
[[1;34mINFO[m] 
[[1;34mINFO[m] [1m--- [0;32mmaven-surefire-plugin:2.12.4:test[m [1m(default-test)[m @ [36moak-exercise[0;1m ---[m
[[1;34mINFO[m] Tests are skipped.
[[1;34mINFO[m] 
[[1;34mINFO[m] [1m--- [0;32mjacoco-maven-plugin:0.7.1.201405082137:report[m [1m(post-unit-test)[m @ [36moak-exercise[0;1m ---[m
[[1;34mINFO[m] Skipping JaCoCo execution because property jacoco.skip is set.
[[1;34mINFO[m] 
[[1;34mINFO[m] [1m--- [0;32mmaven-jar-plugin:2.4:jar[m [1m(default-jar)[m @ [36moak-exercise[0;1m ---[m
[[1;34mINFO[m] Building jar: /home/user/Reproducibility-Scanner/benchmarks/bugs-dot-jar/jackrabbit-oak/oak-exercise/target/oak-exercise-1.4-SNAPSHOT.jar
[[1;34mINFO[m] 
[[1;34mINFO[m] [1m--- [0;32mmaven-site-plugin:3.3:attach-descriptor[m [1m(attach-descriptor)[m @ [36moak-exercise[0;1m ---[m
[[1;34mINFO[m] 
[[1;34mINFO[m] [1m--- [0;32mmaven-jar-plugin:2.4:test-jar[m [1m(default)[m @ [36moak-exercise[0;1m ---[m
[[1;34mINFO[m] Building jar: /home/user/Reproducibility-Scanner/benchmarks/bugs-dot-jar/jackrabbit-oak/oak-exercise/target/oak-exercise-1.4-SNAPSHOT-tests.jar
[[1;34mINFO[m] 
[[1;34mINFO[m] [1m--- [0;32mmaven-bundle-plugin:2.5.3:baseline[m [1m(baseline)[m @ [36moak-exercise[0;1m ---[m
[[1;34mINFO[m] Skipping Baseline execution
[[1;34mINFO[m] 
[[1;34mINFO[m] [1m--- [0;32mmaven-install-plugin:2.3.1:install[m [1m(default-install)[m @ [36moak-exercise[0;1m ---[m
[[1;34mINFO[m] Installing /home/user/Reproducibility-Scanner/benchmarks/bugs-dot-jar/jackrabbit-oak/oak-exercise/target/oak-exercise-1.4-SNAPSHOT.jar to /home/user/.m2/repository/org/apache/jackrabbit/oak-exercise/1.4-SNAPSHOT/oak-exercise-1.4-SNAPSHOT.jar
[[1;34mINFO[m] Installing /home/user/Reproducibility-Scanner/benchmarks/bugs-dot-jar/jackrabbit-oak/oak-exercise/pom.xml to /home/user/.m2/repository/org/apache/jackrabbit/oak-exercise/1.4-SNAPSHOT/oak-exercise-1.4-SNAPSHOT.pom
[[1;34mINFO[m] Installing /home/user/Reproducibility-Scanner/benchmarks/bugs-dot-jar/jackrabbit-oak/oak-exercise/target/oak-exercise-1.4-SNAPSHOT-tests.jar to /home/user/.m2/repository/org/apache/jackrabbit/oak-exercise/1.4-SNAPSHOT/oak-exercise-1.4-SNAPSHOT-tests.jar
[[1;34mINFO[m] 
[[1;34mINFO[m] [1m------------------< [0;36morg.apache.jackrabbit:oak-webapp[0;1m >------------------[m
[[1;34mINFO[m] [1mBuilding Oak Web Application Example 1.4-SNAPSHOT                [21/23][m
[[1;34mINFO[m] [1m--------------------------------[ war ]---------------------------------[m
[[1;34mINFO[m] 
[[1;34mINFO[m] [1m--- [0;32mjacoco-maven-plugin:0.7.1.201405082137:prepare-agent[m [1m(pre-unit-test)[m @ [36moak-webapp[0;1m ---[m
[[1;34mINFO[m] Skipping JaCoCo execution because property jacoco.skip is set.
[[1;34mINFO[m] test.opts.coverage set to empty
[[1;34mINFO[m] 
[[1;34mINFO[m] [1m--- [0;32mmaven-remote-resources-plugin:1.4:process[m [1m(default)[m @ [36moak-webapp[0;1m ---[m
[[1;34mINFO[m] 
[[1;34mINFO[m] [1m--- [0;32mmaven-resources-plugin:2.6:resources[m [1m(default-resources)[m @ [36moak-webapp[0;1m ---[m
[[1;34mINFO[m] Using 'UTF-8' encoding to copy filtered resources.
[[1;34mINFO[m] Copying 1 resource
[[1;34mINFO[m] Copying 3 resources
[[1;34mINFO[m] 
[[1;34mINFO[m] [1m--- [0;32mmaven-compiler-plugin:2.5.1:compile[m [1m(default-compile)[m @ [36moak-webapp[0;1m ---[m
[[1;34mINFO[m] Compiling 13 source files to /home/user/Reproducibility-Scanner/benchmarks/bugs-dot-jar/jackrabbit-oak/oak-examples/webapp/target/classes
[[1;34mINFO[m] 
[[1;34mINFO[m] [1m--- [0;32mmaven-resources-plugin:2.6:testResources[m [1m(default-testResources)[m @ [36moak-webapp[0;1m ---[m
[[1;34mINFO[m] Using 'UTF-8' encoding to copy filtered resources.
[[1;34mINFO[m] Copying 2 resources
[[1;34mINFO[m] Copying 3 resources
[[1;34mINFO[m] 
[[1;34mINFO[m] [1m--- [0;32mmaven-compiler-plugin:2.5.1:testCompile[m [1m(default-testCompile)[m @ [36moak-webapp[0;1m ---[m
[[1;34mINFO[m] Compiling 1 source file to /home/user/Reproducibility-Scanner/benchmarks/bugs-dot-jar/jackrabbit-oak/oak-examples/webapp/target/test-classes
[[1;34mINFO[m] 
[[1;34mINFO[m] [1m--- [0;32mmaven-surefire-plugin:2.12.4:test[m [1m(default-test)[m @ [36moak-webapp[0;1m ---[m
[[1;34mINFO[m] Tests are skipped.
[[1;34mINFO[m] 
[[1;34mINFO[m] [1m--- [0;32mjacoco-maven-plugin:0.7.1.201405082137:report[m [1m(post-unit-test)[m @ [36moak-webapp[0;1m ---[m
[[1;34mINFO[m] Skipping JaCoCo execution because property jacoco.skip is set.
[[1;34mINFO[m] 
[[1;34mINFO[m] [1m--- [0;32mmaven-war-plugin:2.2:war[m [1m(default-war)[m @ [36moak-webapp[0;1m ---[m
[[1;34mINFO[m] Packaging webapp
[[1;34mINFO[m] Assembling webapp [oak-webapp] in [/home/user/Reproducibility-Scanner/benchmarks/bugs-dot-jar/jackrabbit-oak/oak-examples/webapp/target/oak-webapp-1.4-SNAPSHOT]
[[1;34mINFO[m] Processing war project
[[1;34mINFO[m] Copying webapp resources [/home/user/Reproducibility-Scanner/benchmarks/bugs-dot-jar/jackrabbit-oak/oak-examples/webapp/src/main/webapp]
[[1;34mINFO[m] Webapp assembled in [122 msecs]
[[1;34mINFO[m] Building war: /home/user/Reproducibility-Scanner/benchmarks/bugs-dot-jar/jackrabbit-oak/oak-examples/webapp/target/oak-webapp-1.4-SNAPSHOT.war
[[1;34mINFO[m] WEB-INF/web.xml already added, skipping
[[1;34mINFO[m] 
[[1;34mINFO[m] [1m--- [0;32mmaven-site-plugin:3.3:attach-descriptor[m [1m(attach-descriptor)[m @ [36moak-webapp[0;1m ---[m
[[1;34mINFO[m] 
[[1;34mINFO[m] [1m--- [0;32mmaven-antrun-plugin:1.6:run[m [1m(default)[m @ [36moak-webapp[0;1m ---[m
[[1;34mINFO[m] Executing tasks

main:
      [jar] Building jar: /home/user/Reproducibility-Scanner/benchmarks/bugs-dot-jar/jackrabbit-oak/oak-examples/webapp/target/oak-webapp-1.4-SNAPSHOT.jar
[[1;34mINFO[m] Executed tasks
[[1;34mINFO[m] 
[[1;34mINFO[m] [1m--- [0;32mbuild-helper-maven-plugin:1.9:attach-artifact[m [1m(attach-artifacts)[m @ [36moak-webapp[0;1m ---[m
[[1;34mINFO[m] 
[[1;34mINFO[m] [1m--- [0;32mmaven-failsafe-plugin:2.12.4:integration-test[m [1m(failsafe-integration-tests)[m @ [36moak-webapp[0;1m ---[m
[[1;34mINFO[m] Tests are skipped.
[[1;34mINFO[m] 
[[1;34mINFO[m] [1m--- [0;32mmaven-failsafe-plugin:2.12.4:verify[m [1m(failsafe-verify)[m @ [36moak-webapp[0;1m ---[m
[[1;34mINFO[m] Tests are skipped.
[[1;34mINFO[m] 
[[1;34mINFO[m] [1m--- [0;32mmaven-install-plugin:2.3.1:install[m [1m(default-install)[m @ [36moak-webapp[0;1m ---[m
[[1;34mINFO[m] Installing /home/user/Reproducibility-Scanner/benchmarks/bugs-dot-jar/jackrabbit-oak/oak-examples/webapp/target/oak-webapp-1.4-SNAPSHOT.war to /home/user/.m2/repository/org/apache/jackrabbit/oak-webapp/1.4-SNAPSHOT/oak-webapp-1.4-SNAPSHOT.war
[[1;34mINFO[m] Installing /home/user/Reproducibility-Scanner/benchmarks/bugs-dot-jar/jackrabbit-oak/oak-examples/webapp/pom.xml to /home/user/.m2/repository/org/apache/jackrabbit/oak-webapp/1.4-SNAPSHOT/oak-webapp-1.4-SNAPSHOT.pom
[[1;34mINFO[m] Installing /home/user/Reproducibility-Scanner/benchmarks/bugs-dot-jar/jackrabbit-oak/oak-examples/webapp/target/oak-webapp-1.4-SNAPSHOT.jar to /home/user/.m2/repository/org/apache/jackrabbit/oak-webapp/1.4-SNAPSHOT/oak-webapp-1.4-SNAPSHOT.jar
[[1;34mINFO[m] 
[[1;34mINFO[m] [1m-----------------< [0;36morg.apache.jackrabbit:oak-examples[0;1m >-----------------[m
[[1;34mINFO[m] [1mBuilding Oak Examples 1.4-SNAPSHOT                               [22/23][m
[[1;34mINFO[m] [1m--------------------------------[ pom ]---------------------------------[m
[[1;34mINFO[m] 
[[1;34mINFO[m] [1m--- [0;32mjacoco-maven-plugin:0.7.1.201405082137:prepare-agent[m [1m(pre-unit-test)[m @ [36moak-examples[0;1m ---[m
[[1;34mINFO[m] Skipping JaCoCo execution because property jacoco.skip is set.
[[1;34mINFO[m] test.opts.coverage set to empty
[[1;34mINFO[m] 
[[1;34mINFO[m] [1m--- [0;32mmaven-remote-resources-plugin:1.4:process[m [1m(default)[m @ [36moak-examples[0;1m ---[m
[[1;34mINFO[m] 
[[1;34mINFO[m] [1m--- [0;32mjacoco-maven-plugin:0.7.1.201405082137:report[m [1m(post-unit-test)[m @ [36moak-examples[0;1m ---[m
[[1;34mINFO[m] Skipping JaCoCo execution because property jacoco.skip is set.
[[1;34mINFO[m] 
[[1;34mINFO[m] [1m--- [0;32mmaven-site-plugin:3.3:attach-descriptor[m [1m(attach-descriptor)[m @ [36moak-examples[0;1m ---[m
[[1;34mINFO[m] 
[[1;34mINFO[m] [1m--- [0;32mmaven-install-plugin:2.3.1:install[m [1m(default-install)[m @ [36moak-examples[0;1m ---[m
[[1;34mINFO[m] Installing /home/user/Reproducibility-Scanner/benchmarks/bugs-dot-jar/jackrabbit-oak/oak-examples/pom.xml to /home/user/.m2/repository/org/apache/jackrabbit/oak-examples/1.4-SNAPSHOT/oak-examples-1.4-SNAPSHOT.pom
[[1;34mINFO[m] 
[[1;34mINFO[m] [1m----------------< [0;36morg.apache.jackrabbit:jackrabbit-oak[0;1m >----------------[m
[[1;34mINFO[m] [1mBuilding Jackrabbit Oak 1.4-SNAPSHOT                             [23/23][m
[[1;34mINFO[m] [1m--------------------------------[ pom ]---------------------------------[m
[[1;34mINFO[m] 
[[1;34mINFO[m] [1m--- [0;32mjacoco-maven-plugin:0.7.1.201405082137:prepare-agent[m [1m(pre-unit-test)[m @ [36mjackrabbit-oak[0;1m ---[m
[[1;34mINFO[m] Skipping JaCoCo execution because property jacoco.skip is set.
[[1;34mINFO[m] test.opts.coverage set to empty
[[1;34mINFO[m] 
[[1;34mINFO[m] [1m--- [0;32mmaven-remote-resources-plugin:1.4:process[m [1m(default)[m @ [36mjackrabbit-oak[0;1m ---[m
[[1;34mINFO[m] 
[[1;34mINFO[m] [1m--- [0;32mjacoco-maven-plugin:0.7.1.201405082137:report[m [1m(post-unit-test)[m @ [36mjackrabbit-oak[0;1m ---[m
[[1;34mINFO[m] Skipping JaCoCo execution because property jacoco.skip is set.
[[1;34mINFO[m] 
[[1;34mINFO[m] [1m--- [0;32mmaven-site-plugin:3.3:attach-descriptor[m [1m(attach-descriptor)[m @ [36mjackrabbit-oak[0;1m ---[m
[[1;34mINFO[m] 
[[1;34mINFO[m] [1m--- [0;32mmaven-install-plugin:2.3.1:install[m [1m(default-install)[m @ [36mjackrabbit-oak[0;1m ---[m
[[1;34mINFO[m] Installing /home/user/Reproducibility-Scanner/benchmarks/bugs-dot-jar/jackrabbit-oak/pom.xml to /home/user/.m2/repository/org/apache/jackrabbit/jackrabbit-oak/1.4-SNAPSHOT/jackrabbit-oak-1.4-SNAPSHOT.pom
[[1;34mINFO[m] [1m------------------------------------------------------------------------[m
[[1;34mINFO[m] [1mReactor Summary for Jackrabbit Oak 1.4-SNAPSHOT:[m
[[1;34mINFO[m] 
[[1;34mINFO[m] Oak Parent POM ..................................... [1;32mSUCCESS[m [  1.095 s]
[[1;34mINFO[m] Oak Commons ........................................ [1;32mSUCCESS[m [  2.461 s]
[[1;34mINFO[m] Oak Blob Store ..................................... [1;32mSUCCESS[m [  0.736 s]
[[1;34mINFO[m] Oak Cloud Blob Store ............................... [1;32mSUCCESS[m [  0.715 s]
[[1;34mINFO[m] Oak Core ........................................... [1;32mSUCCESS[m [  9.674 s]
[[1;34mINFO[m] Oak JCR Binding .................................... [1;32mSUCCESS[m [  2.266 s]
[[1;34mINFO[m] Oak upgrade ........................................ [1;32mSUCCESS[m [  1.790 s]
[[1;34mINFO[m] Oak HTTP Binding ................................... [1;32mSUCCESS[m [  0.233 s]
[[1;34mINFO[m] Oak Lucene ......................................... [1;32mSUCCESS[m [  3.158 s]
[[1;34mINFO[m] Oak Solr core ...................................... [1;32mSUCCESS[m [  1.334 s]
[[1;34mINFO[m] Oak Solr OSGi ...................................... [1;32mSUCCESS[m [  5.674 s]
[[1;34mINFO[m] Oak External Authentication Support ................ [1;32mSUCCESS[m [  0.411 s]
[[1;34mINFO[m] Oak LDAP Authentication Support .................... [1;32mSUCCESS[m [  1.596 s]
[[1;34mINFO[m] Oak TarMK Standby .................................. [1;32mSUCCESS[m [  1.024 s]
[[1;34mINFO[m] Oak Remote API ..................................... [1;32mSUCCESS[m [  0.999 s]
[[1;34mINFO[m] Oak Runnable Jar ................................... [1;32mSUCCESS[m [ 27.498 s]
[[1;34mINFO[m] Oak Integration Tests for OSGi deployments ......... [1;32mSUCCESS[m [  1.478 s]
[[1;34mINFO[m] Oak PojoSR ......................................... [1;32mSUCCESS[m [  1.051 s]
[[1;34mINFO[m] Oak CUG ............................................ [1;32mSUCCESS[m [  0.457 s]
[[1;34mINFO[m] Oak Exercises ...................................... [1;32mSUCCESS[m [  0.353 s]
[[1;34mINFO[m] Oak Web Application Example ........................ [1;32mSUCCESS[m [  3.999 s]
[[1;34mINFO[m] Oak Examples ....................................... [1;32mSUCCESS[m [  0.022 s]
[[1;34mINFO[m] Jackrabbit Oak ..................................... [1;32mSUCCESS[m [  0.012 s]
[[1;34mINFO[m] [1m------------------------------------------------------------------------[m
[[1;34mINFO[m] [1;32mBUILD SUCCESS[m
[[1;34mINFO[m] [1m------------------------------------------------------------------------[m
[[1;34mINFO[m] Total time:  01:08 min
[[1;34mINFO[m] Finished at: 2022-08-29T05:40:01-07:00
[[1;34mINFO[m] [1m------------------------------------------------------------------------[m
[[1;34mINFO[m] Scanning for projects...
[[1;34mINFO[m] 
[[1;34mINFO[m] [1m-------------------< [0;36morg.apache.jackrabbit:oak-jcr[0;1m >--------------------[m
[[1;34mINFO[m] [1mBuilding Oak JCR Binding 1.4-SNAPSHOT[m
[[1;34mINFO[m] [1m-------------------------------[ bundle ]-------------------------------[m
[[1;34mINFO[m] 
[[1;34mINFO[m] [1m--- [0;32mjacoco-maven-plugin:0.7.1.201405082137:prepare-agent[m [1m(pre-unit-test)[m @ [36moak-jcr[0;1m ---[m
[[1;34mINFO[m] Skipping JaCoCo execution because property jacoco.skip is set.
[[1;34mINFO[m] test.opts.coverage set to empty
[[1;34mINFO[m] 
[[1;34mINFO[m] [1m--- [0;32mmaven-remote-resources-plugin:1.4:process[m [1m(default)[m @ [36moak-jcr[0;1m ---[m
[[1;34mINFO[m] 
[[1;34mINFO[m] [1m--- [0;32mmaven-resources-plugin:2.6:resources[m [1m(default-resources)[m @ [36moak-jcr[0;1m ---[m
[[1;34mINFO[m] Using 'UTF-8' encoding to copy filtered resources.
[[1;34mINFO[m] Copying 1 resource
[[1;34mINFO[m] Copying 3 resources
[[1;34mINFO[m] 
[[1;34mINFO[m] [1m--- [0;32mmaven-compiler-plugin:2.5.1:compile[m [1m(default-compile)[m @ [36moak-jcr[0;1m ---[m
[[1;34mINFO[m] Compiling 1 source file to /home/user/Reproducibility-Scanner/benchmarks/bugs-dot-jar/jackrabbit-oak/oak-jcr/target/classes
[[1;34mINFO[m] 
[[1;34mINFO[m] [1m--- [0;32mmaven-scr-plugin:1.16.0:scr[m [1m(generate-scr-scrdescriptor)[m @ [36moak-jcr[0;1m ---[m
[[1;34mINFO[m] Writing 1 Service Component Descriptors to /home/user/Reproducibility-Scanner/benchmarks/bugs-dot-jar/jackrabbit-oak/oak-jcr/target/classes/OSGI-INF/org.apache.jackrabbit.oak.jcr.osgi.RepositoryManager.xml
[[1;34mINFO[m] Writing 1 Service Component Descriptors to /home/user/Reproducibility-Scanner/benchmarks/bugs-dot-jar/jackrabbit-oak/oak-jcr/target/classes/OSGI-INF/org.apache.jackrabbit.oak.jcr.observation.ConsolidatedListenerMBeanImpl.xml
[[1;34mINFO[m] 
[[1;34mINFO[m] [1m--- [0;32mmaven-resources-plugin:2.6:testResources[m [1m(default-testResources)[m @ [36moak-jcr[0;1m ---[m
[[1;34mINFO[m] Using 'UTF-8' encoding to copy filtered resources.
[[1;34mINFO[m] Copying 8 resources
[[1;34mINFO[m] Copying 3 resources
[[1;34mINFO[m] 
[[1;34mINFO[m] [1m--- [0;32mmaven-compiler-plugin:2.5.1:testCompile[m [1m(default-testCompile)[m @ [36moak-jcr[0;1m ---[m
[[1;34mINFO[m] Nothing to compile - all classes are up to date
[[1;34mINFO[m] 
[[1;34mINFO[m] [1m--- [0;32mmaven-surefire-plugin:2.12.4:test[m [1m(default-test)[m @ [36moak-jcr[0;1m ---[m
[[1;34mINFO[m] Surefire report directory: /home/user/Reproducibility-Scanner/benchmarks/bugs-dot-jar/jackrabbit-oak/oak-jcr/target/surefire-reports

-------------------------------------------------------
 T E S T S
-------------------------------------------------------
Running org.apache.jackrabbit.oak.jcr.query.RemappingTest
Tests run: 4, Failures: 0, Errors: 0, Skipped: 0, Time elapsed: 1.214 sec
Running org.apache.jackrabbit.oak.jcr.query.PrefetchIteratorTest
Tests run: 3, Failures: 0, Errors: 0, Skipped: 0, Time elapsed: 0.156 sec
Running org.apache.jackrabbit.oak.jcr.query.QueryFulltextTest
Tests run: 2, Failures: 0, Errors: 0, Skipped: 0, Time elapsed: 0.32 sec
Running org.apache.jackrabbit.oak.jcr.query.QueryTest
Tests run: 23, Failures: 0, Errors: 0, Skipped: 1, Time elapsed: 17.281 sec
Running org.apache.jackrabbit.oak.jcr.query.QueryJcrTest
Tests run: 220, Failures: 0, Errors: 0, Skipped: 0, Time elapsed: 4.396 sec
Running org.apache.jackrabbit.oak.jcr.query.qom.QomTest
Tests run: 30, Failures: 0, Errors: 0, Skipped: 0, Time elapsed: 1.439 sec
Running org.apache.jackrabbit.oak.jcr.query.QueryPlanTest
Tests run: 7, Failures: 0, Errors: 0, Skipped: 1, Time elapsed: 0.371 sec
Running org.apache.jackrabbit.oak.jcr.SameNamePropertyNodeTest
Tests run: 12, Failures: 0, Errors: 0, Skipped: 0, Time elapsed: 0.116 sec
Running org.apache.jackrabbit.oak.jcr.session.SessionStatsTest
Tests run: 2, Failures: 0, Errors: 0, Skipped: 0, Time elapsed: 0.877 sec
Running org.apache.jackrabbit.oak.jcr.AutoCreatedItemsTest
Tests run: 1, Failures: 0, Errors: 0, Skipped: 0, Time elapsed: 0.103 sec
Running org.apache.jackrabbit.oak.jcr.nodetype.NodeTypeTest
Tests run: 6, Failures: 0, Errors: 0, Skipped: 0, Time elapsed: 0.541 sec
Running org.apache.jackrabbit.oak.jcr.nodetype.MixinTest
Tests run: 7, Failures: 0, Errors: 0, Skipped: 0, Time elapsed: 0.051 sec
Running org.apache.jackrabbit.oak.jcr.nodetype.NodeDefinitionTest
Tests run: 3, Failures: 0, Errors: 0, Skipped: 0, Time elapsed: 0.011 sec
Running org.apache.jackrabbit.oak.jcr.nodetype.NodeTypeEqualsTest
Tests run: 1, Failures: 0, Errors: 0, Skipped: 0, Time elapsed: 0.001 sec
Running org.apache.jackrabbit.oak.jcr.ValueFactoryTest
Tests run: 2, Failures: 0, Errors: 0, Skipped: 0, Time elapsed: 0.114 sec
Running org.apache.jackrabbit.oak.jcr.security.privilege.PrivilegeManagerTest
Tests run: 8, Failures: 0, Errors: 0, Skipped: 0, Time elapsed: 0.037 sec
Running org.apache.jackrabbit.oak.jcr.security.privilege.PrivilegeRegistrationTest
Tests run: 15, Failures: 0, Errors: 0, Skipped: 0, Time elapsed: 0.669 sec
Running org.apache.jackrabbit.oak.jcr.security.principal.PrincipalManagerTest
Tests run: 19, Failures: 0, Errors: 0, Skipped: 0, Time elapsed: 0.082 sec
Running org.apache.jackrabbit.oak.jcr.security.authorization.AccessControlImporterTest
Tests run: 7, Failures: 0, Errors: 0, Skipped: 0, Time elapsed: 0.063 sec
Running org.apache.jackrabbit.oak.jcr.security.authorization.NamespaceManagementTest
Tests run: 4, Failures: 0, Errors: 0, Skipped: 0, Time elapsed: 0.066 sec
Running org.apache.jackrabbit.oak.jcr.security.authorization.UserManagementTest
Tests run: 22, Failures: 0, Errors: 0, Skipped: 0, Time elapsed: 0.353 sec
Running org.apache.jackrabbit.oak.jcr.security.authorization.WorkspaceMoveTest
Tests run: 12, Failures: 0, Errors: 0, Skipped: 0, Time elapsed: 0.171 sec
Running org.apache.jackrabbit.oak.jcr.security.authorization.SessionMoveReferenceableTest
Tests run: 40, Failures: 0, Errors: 0, Skipped: 0, Time elapsed: 0.625 sec
Running org.apache.jackrabbit.oak.jcr.security.authorization.JackrabbitAccessControlListTest
Tests run: 9, Failures: 0, Errors: 0, Skipped: 0, Time elapsed: 0.03 sec
Running org.apache.jackrabbit.oak.jcr.security.authorization.WriteTest
Tests run: 32, Failures: 0, Errors: 0, Skipped: 0, Time elapsed: 0.347 sec
Running org.apache.jackrabbit.oak.jcr.security.authorization.VersionTest
Tests run: 1, Failures: 0, Errors: 0, Skipped: 0, Time elapsed: 0.033 sec
Running org.apache.jackrabbit.oak.jcr.security.authorization.ImportIgnoreTest
Tests run: 1, Failures: 0, Errors: 0, Skipped: 0, Time elapsed: 0.036 sec
Running org.apache.jackrabbit.oak.jcr.security.authorization.ItemModifiedTest
Tests run: 4, Failures: 0, Errors: 0, Skipped: 0, Time elapsed: 0.035 sec
Running org.apache.jackrabbit.oak.jcr.security.authorization.NodeTypeManagementTest
Tests run: 13, Failures: 0, Errors: 0, Skipped: 0, Time elapsed: 0.148 sec
Running org.apache.jackrabbit.oak.jcr.security.authorization.ReadNodeTypeTest
Tests run: 5, Failures: 0, Errors: 0, Skipped: 0, Time elapsed: 0.045 sec
Running org.apache.jackrabbit.oak.jcr.security.authorization.MixReferenceableTest
Tests run: 5, Failures: 0, Errors: 0, Skipped: 0, Time elapsed: 0.048 sec
Running org.apache.jackrabbit.oak.jcr.security.authorization.RenameTest
Tests run: 3, Failures: 0, Errors: 0, Skipped: 0, Time elapsed: 0.026 sec
Running org.apache.jackrabbit.oak.jcr.security.authorization.ReadTest
Tests run: 32, Failures: 0, Errors: 0, Skipped: 0, Time elapsed: 0.323 sec
Running org.apache.jackrabbit.oak.jcr.security.authorization.SessionMoveTest
Tests run: 40, Failures: 0, Errors: 0, Skipped: 0, Time elapsed: 0.439 sec
Running org.apache.jackrabbit.oak.jcr.security.authorization.QueryTest
Tests run: 1, Failures: 0, Errors: 0, Skipped: 0, Time elapsed: 0.01 sec
Running org.apache.jackrabbit.oak.jcr.security.authorization.ReadVersionContentTest
Tests run: 15, Failures: 0, Errors: 0, Skipped: 0, Time elapsed: 0.19 sec
Running org.apache.jackrabbit.oak.jcr.security.authorization.WriteRestrictionTest
Tests run: 7, Failures: 0, Errors: 0, Skipped: 0, Time elapsed: 0.067 sec
Running org.apache.jackrabbit.oak.jcr.security.authorization.NodeTypeDefinitionManagementTest
Tests run: 4, Failures: 0, Errors: 0, Skipped: 0, Time elapsed: 0.238 sec
Running org.apache.jackrabbit.oak.jcr.security.authorization.ReadPropertyTest
Tests run: 7, Failures: 0, Errors: 0, Skipped: 0, Time elapsed: 0.064 sec
Running org.apache.jackrabbit.oak.jcr.security.authorization.InheritanceTest
Tests run: 9, Failures: 0, Errors: 0, Skipped: 0, Time elapsed: 0.117 sec
Running org.apache.jackrabbit.oak.jcr.security.authorization.MiscTest
Tests run: 1, Failures: 0, Errors: 0, Skipped: 0, Time elapsed: 0.069 sec
Running org.apache.jackrabbit.oak.jcr.security.authorization.WritePropertyTest
Tests run: 4, Failures: 0, Errors: 0, Skipped: 0, Time elapsed: 0.054 sec
Running org.apache.jackrabbit.oak.jcr.security.authorization.ReadWithGlobRestrictionTest
Tests run: 10, Failures: 0, Errors: 0, Skipped: 0, Time elapsed: 0.101 sec
Running org.apache.jackrabbit.oak.jcr.security.authorization.IndexManagementTest
Tests run: 16, Failures: 0, Errors: 0, Skipped: 0, Time elapsed: 0.145 sec
Running org.apache.jackrabbit.oak.jcr.security.authorization.MixCreatedTest
Tests run: 5, Failures: 0, Errors: 0, Skipped: 0, Time elapsed: 0.042 sec
Running org.apache.jackrabbit.oak.jcr.security.authorization.ImportBesteffortTest
Tests run: 2, Failures: 0, Errors: 0, Skipped: 0, Time elapsed: 0.055 sec
Running org.apache.jackrabbit.oak.jcr.security.authorization.PrivilegeManagementTest
Tests run: 3, Failures: 0, Errors: 0, Skipped: 0, Time elapsed: 0.024 sec
Running org.apache.jackrabbit.oak.jcr.security.authorization.AccessControlManagementTest
Tests run: 16, Failures: 0, Errors: 0, Skipped: 0, Time elapsed: 0.14 sec
Running org.apache.jackrabbit.oak.jcr.security.authorization.VersionManagementTest
Tests run: 16, Failures: 0, Errors: 0, Skipped: 0, Time elapsed: 0.199 sec
Running org.apache.jackrabbit.oak.jcr.security.authorization.ImportAbortTest
Tests run: 1, Failures: 0, Errors: 0, Skipped: 0, Time elapsed: 0.038 sec
Running org.apache.jackrabbit.oak.jcr.security.authorization.HasPermissionTest
Tests run: 4, Failures: 0, Errors: 0, Skipped: 0, Time elapsed: 0.031 sec
Running org.apache.jackrabbit.oak.jcr.security.authorization.ObservationTest
Tests run: 1, Failures: 0, Errors: 0, Skipped: 0, Time elapsed: 5.03 sec
Running org.apache.jackrabbit.oak.jcr.security.authorization.MultipleMoveTest
Tests run: 8, Failures: 0, Errors: 0, Skipped: 0, Time elapsed: 0.087 sec
Running org.apache.jackrabbit.oak.jcr.security.authorization.CopyTest
Tests run: 9, Failures: 0, Errors: 0, Skipped: 0, Time elapsed: 0.08 sec
Running org.apache.jackrabbit.oak.jcr.security.authorization.AccessControlWorkspaceImporterTest
Tests run: 7, Failures: 0, Errors: 0, Skipped: 0, Time elapsed: 0.037 sec
Running org.apache.jackrabbit.oak.jcr.security.user.GroupImportWithoutAdminTest
Tests run: 12, Failures: 0, Errors: 0, Skipped: 0, Time elapsed: 0.627 sec
Running org.apache.jackrabbit.oak.jcr.security.user.GroupImportAbortTest
Tests run: 2, Failures: 0, Errors: 0, Skipped: 0, Time elapsed: 0.072 sec
Running org.apache.jackrabbit.oak.jcr.security.user.UserImportBestEffortTest
Tests run: 5, Failures: 0, Errors: 0, Skipped: 0, Time elapsed: 0.176 sec
Running org.apache.jackrabbit.oak.jcr.security.user.SystemUserTest
Tests run: 11, Failures: 0, Errors: 0, Skipped: 0, Time elapsed: 0.067 sec
Running org.apache.jackrabbit.oak.jcr.security.user.AuthorizableByTypeTestTest
Tests run: 7, Failures: 0, Errors: 0, Skipped: 0, Time elapsed: 0.035 sec
Running org.apache.jackrabbit.oak.jcr.security.user.NestedGroupTest
Tests run: 4, Failures: 0, Errors: 0, Skipped: 0, Time elapsed: 0.033 sec
Running org.apache.jackrabbit.oak.jcr.security.user.RemappingTest
Tests run: 18, Failures: 0, Errors: 0, Skipped: 0, Time elapsed: 0.141 sec
Running org.apache.jackrabbit.oak.jcr.security.user.ImpersonationTest
Tests run: 3, Failures: 0, Errors: 0, Skipped: 0, Time elapsed: 0.019 sec
Running org.apache.jackrabbit.oak.jcr.security.user.GroupImportTest
Tests run: 12, Failures: 0, Errors: 0, Skipped: 0, Time elapsed: 0.467 sec
Running org.apache.jackrabbit.oak.jcr.security.user.UserImportWithActionsTest
Tests run: 5, Failures: 0, Errors: 0, Skipped: 0, Time elapsed: 0.184 sec
Running org.apache.jackrabbit.oak.jcr.security.user.AuthorizablePropertyTest
Tests run: 26, Failures: 0, Errors: 0, Skipped: 0, Time elapsed: 0.13 sec
Running org.apache.jackrabbit.oak.jcr.security.user.UserImportHistoryTest
Tests run: 1, Failures: 0, Errors: 0, Skipped: 0, Time elapsed: 0.038 sec
Running org.apache.jackrabbit.oak.jcr.security.user.UserImportAbortTest
Tests run: 2, Failures: 0, Errors: 0, Skipped: 0, Time elapsed: 0.062 sec
Running org.apache.jackrabbit.oak.jcr.security.user.AuthorizableTest
Tests run: 2, Failures: 0, Errors: 0, Skipped: 0, Time elapsed: 0.013 sec
Running org.apache.jackrabbit.oak.jcr.security.user.UserImportTest
Tests run: 19, Failures: 0, Errors: 0, Skipped: 0, Time elapsed: 0.594 sec
Running org.apache.jackrabbit.oak.jcr.security.user.UserTest
Tests run: 22, Failures: 0, Errors: 0, Skipped: 0, Time elapsed: 0.124 sec
Running org.apache.jackrabbit.oak.jcr.security.user.UserManagerTest
Tests run: 26, Failures: 0, Errors: 0, Skipped: 0, Time elapsed: 0.158 sec
Running org.apache.jackrabbit.oak.jcr.security.user.EveryoneGroupTest
Tests run: 6, Failures: 0, Errors: 0, Skipped: 0, Time elapsed: 0.043 sec
Running org.apache.jackrabbit.oak.jcr.security.user.CreateGroupTest
Tests run: 6, Failures: 0, Errors: 0, Skipped: 0, Time elapsed: 0.031 sec
Running org.apache.jackrabbit.oak.jcr.security.user.AdministratorTest
Tests run: 4, Failures: 0, Errors: 0, Skipped: 0, Time elapsed: 0.017 sec
Running org.apache.jackrabbit.oak.jcr.security.user.CreateUserTest
Tests run: 14, Failures: 0, Errors: 0, Skipped: 0, Time elapsed: 0.074 sec
Running org.apache.jackrabbit.oak.jcr.security.user.UserQueryTest
Tests run: 34, Failures: 0, Errors: 0, Skipped: 0, Time elapsed: 1.833 sec
Running org.apache.jackrabbit.oak.jcr.security.user.UserImportIgnoreTest
Tests run: 1, Failures: 0, Errors: 0, Skipped: 0, Time elapsed: 0.032 sec
Running org.apache.jackrabbit.oak.jcr.security.user.UserImportPwExpiryTest
Tests run: 4, Failures: 0, Errors: 0, Skipped: 0, Time elapsed: 0.118 sec
Running org.apache.jackrabbit.oak.jcr.security.user.UserImportCacheTest
Tests run: 1, Failures: 0, Errors: 0, Skipped: 0, Time elapsed: 0.039 sec
Running org.apache.jackrabbit.oak.jcr.security.user.GroupImportBestEffortTest
Tests run: 4, Failures: 0, Errors: 0, Skipped: 0, Time elapsed: 0.124 sec
Running org.apache.jackrabbit.oak.jcr.security.user.GroupTest
Tests run: 33, Failures: 0, Errors: 0, Skipped: 0, Time elapsed: 0.623 sec
Running org.apache.jackrabbit.oak.jcr.security.user.GroupImportWithPoliciesTest
Tests run: 1, Failures: 0, Errors: 0, Skipped: 0, Time elapsed: 0.034 sec
Running org.apache.jackrabbit.oak.jcr.security.user.FindAuthorizablesTest
Tests run: 15, Failures: 0, Errors: 0, Skipped: 0, Time elapsed: 0.109 sec
Running org.apache.jackrabbit.oak.jcr.security.user.SystemUserImportTest
Tests run: 18, Failures: 0, Errors: 0, Skipped: 0, Time elapsed: 0.574 sec
Running org.apache.jackrabbit.oak.jcr.security.user.RefreshTest
Tests run: 2, Failures: 0, Errors: 0, Skipped: 0, Time elapsed: 0.014 sec
Running org.apache.jackrabbit.oak.jcr.security.user.GroupImportIgnoreTest
Tests run: 2, Failures: 0, Errors: 0, Skipped: 0, Time elapsed: 0.066 sec
Running org.apache.jackrabbit.oak.jcr.AtomicCounterTest
Tests run: 2, Failures: 0, Errors: 0, Skipped: 0, Time elapsed: 0.107 sec
Running org.apache.jackrabbit.oak.jcr.MoveRemoveTest
Tests run: 12, Failures: 0, Errors: 0, Skipped: 0, Time elapsed: 0.56 sec
Running org.apache.jackrabbit.oak.jcr.OrderableNodesTest
Tests run: 5, Failures: 0, Errors: 0, Skipped: 0, Time elapsed: 0.403 sec
Running org.apache.jackrabbit.oak.jcr.LongPathTest
Tests run: 1, Failures: 0, Errors: 0, Skipped: 0, Time elapsed: 0.052 sec
Running org.apache.jackrabbit.oak.jcr.ConflictResolutionTest
Tests run: 1, Failures: 0, Errors: 0, Skipped: 0, Time elapsed: 0.084 sec
Running org.apache.jackrabbit.oak.jcr.RefreshOnGCTest
Tests run: 2, Failures: 0, Errors: 0, Skipped: 0, Time elapsed: 0.237 sec
Running org.apache.jackrabbit.oak.jcr.RepositoryTest
Tests run: 118, Failures: 0, Errors: 0, Skipped: 3, Time elapsed: 10.695 sec
Running org.apache.jackrabbit.oak.jcr.ItemSaveTest
Tests run: 8, Failures: 0, Errors: 0, Skipped: 4, Time elapsed: 0.388 sec
Running org.apache.jackrabbit.oak.jcr.NamePathTest
Tests run: 13, Failures: 0, Errors: 0, Skipped: 0, Time elapsed: 0.293 sec
Running org.apache.jackrabbit.oak.jcr.random.RandomizedReadTest
Tests run: 1, Failures: 0, Errors: 0, Skipped: 0, Time elapsed: 9.545 sec
Running org.apache.jackrabbit.oak.jcr.NameAndPathPropertyTest
Tests run: 5, Failures: 0, Errors: 0, Skipped: 0, Time elapsed: 0.319 sec
Running org.apache.jackrabbit.oak.jcr.xml.ImportTest
Tests run: 12, Failures: 0, Errors: 0, Skipped: 0, Time elapsed: 0.081 sec
Running org.apache.jackrabbit.oak.jcr.CRUDTest
Tests run: 13, Failures: 0, Errors: 0, Skipped: 0, Time elapsed: 0.643 sec
Running org.apache.jackrabbit.oak.jcr.ConcurrentAddReferenceTest
Tests run: 1, Failures: 0, Errors: 0, Skipped: 0, Time elapsed: 1.774 sec
Running org.apache.jackrabbit.oak.jcr.SameNameSiblingTest
Tests run: 5, Failures: 0, Errors: 0, Skipped: 0, Time elapsed: 0.24 sec
Running org.apache.jackrabbit.oak.jcr.ValueJcrTest
Tests run: 8, Failures: 0, Errors: 0, Skipped: 0, Time elapsed: 0.039 sec
Running org.apache.jackrabbit.oak.jcr.JackrabbitNodeTest
Tests run: 8, Failures: 0, Errors: 0, Skipped: 0, Time elapsed: 0.107 sec
Running org.apache.jackrabbit.oak.jcr.cluster.FailoverTest
Tests run: 1, Failures: 0, Errors: 0, Skipped: 1, Time elapsed: 0 sec
Running org.apache.jackrabbit.oak.jcr.cluster.ManyChildrenTest
Tests run: 1, Failures: 0, Errors: 0, Skipped: 0, Time elapsed: 0.954 sec
Running org.apache.jackrabbit.oak.jcr.cluster.ObservationTest
Tests run: 1, Failures: 0, Errors: 0, Skipped: 1, Time elapsed: 0 sec
Running org.apache.jackrabbit.oak.jcr.version.VersionableTest
Tests run: 12, Failures: 1, Errors: 0, Skipped: 0, Time elapsed: 0.141 sec <<< FAILURE!
testReadOnlyAfterCheckin(org.apache.jackrabbit.oak.jcr.version.VersionableTest)  Time elapsed: 0.028 sec  <<< FAILURE!
junit.framework.AssertionFailedError: setProperty(..., null) must fail on a checked-in node
	at junit.framework.Assert.fail(Assert.java:50)
	at org.apache.jackrabbit.oak.jcr.version.VersionableTest.testReadOnlyAfterCheckin(VersionableTest.java:67)
	at sun.reflect.NativeMethodAccessorImpl.invoke0(Native Method)
	at sun.reflect.NativeMethodAccessorImpl.invoke(NativeMethodAccessorImpl.java:62)
	at sun.reflect.DelegatingMethodAccessorImpl.invoke(DelegatingMethodAccessorImpl.java:43)
	at java.lang.reflect.Method.invoke(Method.java:498)
	at junit.framework.TestCase.runTest(TestCase.java:168)
	at junit.framework.TestCase.runBare(TestCase.java:134)
	at junit.framework.TestResult$1.protect(TestResult.java:110)
	at junit.framework.TestResult.runProtected(TestResult.java:128)
	at junit.framework.TestResult.run(TestResult.java:113)
	at junit.framework.TestCase.run(TestCase.java:124)
	at org.apache.jackrabbit.test.AbstractJCRTest.run(AbstractJCRTest.java:464)
	at junit.framework.TestSuite.runTest(TestSuite.java:243)
	at junit.framework.TestSuite.run(TestSuite.java:238)
	at org.junit.internal.runners.JUnit38ClassRunner.run(JUnit38ClassRunner.java:83)
	at org.apache.maven.surefire.junit4.JUnit4Provider.execute(JUnit4Provider.java:252)
	at org.apache.maven.surefire.junit4.JUnit4Provider.executeTestSet(JUnit4Provider.java:141)
	at org.apache.maven.surefire.junit4.JUnit4Provider.invoke(JUnit4Provider.java:112)
	at sun.reflect.NativeMethodAccessorImpl.invoke0(Native Method)
	at sun.reflect.NativeMethodAccessorImpl.invoke(NativeMethodAccessorImpl.java:62)
	at sun.reflect.DelegatingMethodAccessorImpl.invoke(DelegatingMethodAccessorImpl.java:43)
	at java.lang.reflect.Method.invoke(Method.java:498)
	at org.apache.maven.surefire.util.ReflectionUtils.invokeMethodWithArray(ReflectionUtils.java:189)
	at org.apache.maven.surefire.booter.ProviderFactory$ProviderProxy.invoke(ProviderFactory.java:165)
	at org.apache.maven.surefire.booter.ProviderFactory.invokeProvider(ProviderFactory.java:85)
	at org.apache.maven.surefire.booter.ForkedBooter.runSuitesInProcess(ForkedBooter.java:115)
	at org.apache.maven.surefire.booter.ForkedBooter.main(ForkedBooter.java:75)

Running org.apache.jackrabbit.oak.jcr.version.HiddenNodeTest
Tests run: 6, Failures: 0, Errors: 0, Skipped: 0, Time elapsed: 0.413 sec
Running org.apache.jackrabbit.oak.jcr.version.VersionTest
Tests run: 7, Failures: 0, Errors: 0, Skipped: 0, Time elapsed: 0.039 sec
Running org.apache.jackrabbit.oak.jcr.version.VersionablePathNodeStoreTest
Tests run: 1, Failures: 0, Errors: 0, Skipped: 0, Time elapsed: 0.112 sec
Running org.apache.jackrabbit.oak.jcr.version.VersionHistoryTest
Tests run: 8, Failures: 0, Errors: 0, Skipped: 0, Time elapsed: 0.05 sec
Running org.apache.jackrabbit.oak.jcr.version.VersionablePathsTest
Tests run: 4, Failures: 0, Errors: 0, Skipped: 0, Time elapsed: 0.017 sec
Running org.apache.jackrabbit.oak.jcr.version.RestoreTest
Tests run: 2, Failures: 0, Errors: 0, Skipped: 0, Time elapsed: 0.021 sec
Running org.apache.jackrabbit.oak.jcr.ConcurrentFileOperationsTest
Tests run: 3, Failures: 0, Errors: 0, Skipped: 0, Time elapsed: 0.614 sec
Running org.apache.jackrabbit.oak.jcr.osgi.RepositoryManagerTest
Tests run: 1, Failures: 0, Errors: 0, Skipped: 0, Time elapsed: 0.11 sec
Running org.apache.jackrabbit.oak.jcr.CompatibilityIssuesTest
Tests run: 9, Failures: 0, Errors: 0, Skipped: 0, Time elapsed: 10.574 sec
Running org.apache.jackrabbit.oak.jcr.ReferencesTest
Tests run: 25, Failures: 0, Errors: 0, Skipped: 0, Time elapsed: 0.135 sec
Running org.apache.jackrabbit.oak.jcr.CopyTest
Tests run: 7, Failures: 0, Errors: 0, Skipped: 0, Time elapsed: 0.404 sec
Running org.apache.jackrabbit.oak.jcr.MoveTest
Tests run: 7, Failures: 0, Errors: 0, Skipped: 0, Time elapsed: 0.04 sec
Running org.apache.jackrabbit.oak.jcr.observation.ObservationRefreshTest
Tests run: 1, Failures: 0, Errors: 0, Skipped: 0, Time elapsed: 0.85 sec
Running org.apache.jackrabbit.oak.jcr.observation.ObservationJcrTest
Tests run: 11, Failures: 0, Errors: 0, Skipped: 0, Time elapsed: 0.099 sec
Running org.apache.jackrabbit.oak.jcr.observation.ObservationTest
Tests run: 28, Failures: 0, Errors: 0, Skipped: 0, Time elapsed: 6.647 sec

Results :

Failed tests:   testReadOnlyAfterCheckin(org.apache.jackrabbit.oak.jcr.version.VersionableTest): setProperty(..., null) must fail on a checked-in node

Tests run: 1413, Failures: 1, Errors: 0, Skipped: 11

[[1;34mINFO[m] [1m------------------------------------------------------------------------[m
[[1;34mINFO[m] [1;31mBUILD FAILURE[m
[[1;34mINFO[m] [1m------------------------------------------------------------------------[m
[[1;34mINFO[m] Total time:  01:34 min
[[1;34mINFO[m] Finished at: 2022-08-29T05:41:37-07:00
[[1;34mINFO[m] [1m------------------------------------------------------------------------[m
[[1;31mERROR[m] Failed to execute goal [32morg.apache.maven.plugins:maven-surefire-plugin:2.12.4:test[m [1m(default-test)[m on project [36moak-jcr[m: [1;31mThere are test failures.[m
[[1;31mERROR[m] [1;31m[m
[[1;31mERROR[m] [1;31mPlease refer to /home/user/Reproducibility-Scanner/benchmarks/bugs-dot-jar/jackrabbit-oak/oak-jcr/target/surefire-reports for the individual test results.[m
[[1;31mERROR[m] -> [1m[Help 1][m
[[1;31mERROR[m] 
[[1;31mERROR[m] To see the full stack trace of the errors, re-run Maven with the [1m-e[m switch.
[[1;31mERROR[m] Re-run Maven using the [1m-X[m switch to enable full debug logging.
[[1;31mERROR[m] 
[[1;31mERROR[m] For more information about the errors and possible solutions, please read the following articles:
[[1;31mERROR[m] [1m[Help 1][m http://cwiki.apache.org/confluence/display/MAVEN/MojoFailureException