[[1;34mINFO[m] Scanning for projects...
[[1;34mINFO[m] [1m------------------------------------------------------------------------[m
[[1;34mINFO[m] [1mReactor Build Order:[m
[[1;34mINFO[m] 
[[1;34mINFO[m] Apache Maven                                                       [pom]
[[1;34mINFO[m] Maven Model                                                        [jar]
[[1;34mINFO[m] Maven Artifact                                                     [jar]
[[1;34mINFO[m] Maven Plugin API                                                   [jar]
[[1;34mINFO[m] Maven Model Builder                                                [jar]
[[1;34mINFO[m] Maven Settings                                                     [jar]
[[1;34mINFO[m] Maven Settings Builder                                             [jar]
[[1;34mINFO[m] Maven Repository Metadata Model                                    [jar]
[[1;34mINFO[m] Maven Aether Provider                                              [jar]
[[1;34mINFO[m] Maven Core                                                         [jar]
[[1;34mINFO[m] Maven Compat                                                       [jar]
[[1;34mINFO[m] Maven Embedder                                                     [jar]
[[1;34mINFO[m] Maven Distribution                                                 [pom]
[[1;34mINFO[m] 
[[1;34mINFO[m] [1m-----------------------< [0;36morg.apache.maven:maven[0;1m >-----------------------[m
[[1;34mINFO[m] [1mBuilding Apache Maven 3.0.4-SNAPSHOT                              [1/13][m
[[1;34mINFO[m] [1m--------------------------------[ pom ]---------------------------------[m
Downloading from centralhttps: http://insecure.repo1.maven.org/maven2/org/codehaus/mojo/animal-sniffer-maven-plugin/1.6/animal-sniffer-maven-plugin-1.6.pom
Downloaded from centralhttps: http://insecure.repo1.maven.org/maven2/org/codehaus/mojo/animal-sniffer-maven-plugin/1.6/animal-sniffer-maven-plugin-1.6.pom (0 B at 0 B/s)
Downloading from centralhttps: http://insecure.repo1.maven.org/maven2/org/codehaus/mojo/animal-sniffer-parent/1.6/animal-sniffer-parent-1.6.pom
Downloaded from centralhttps: http://insecure.repo1.maven.org/maven2/org/codehaus/mojo/animal-sniffer-parent/1.6/animal-sniffer-parent-1.6.pom (0 B at 0 B/s)
Downloading from centralhttps: http://insecure.repo1.maven.org/maven2/org/codehaus/mojo/animal-sniffer-maven-plugin/1.6/animal-sniffer-maven-plugin-1.6.jar
Downloaded from centralhttps: http://insecure.repo1.maven.org/maven2/org/codehaus/mojo/animal-sniffer-maven-plugin/1.6/animal-sniffer-maven-plugin-1.6.jar (0 B at 0 B/s)
[[1;34mINFO[m] 
[[1;34mINFO[m] [1m--- [0;32mmaven-remote-resources-plugin:1.2.1:process[m [1m(default)[m @ [36mmaven[0;1m ---[m
[[1;34mINFO[m] 
[[1;34mINFO[m] [1m--- [0;32manimal-sniffer-maven-plugin:1.6:check[m [1m(check-java-1.5-compat)[m @ [36mmaven[0;1m ---[m
Downloading from centralhttps: http://insecure.repo1.maven.org/maven2/org/codehaus/mojo/animal-sniffer/1.6/animal-sniffer-1.6.pom
Downloaded from centralhttps: http://insecure.repo1.maven.org/maven2/org/codehaus/mojo/animal-sniffer/1.6/animal-sniffer-1.6.pom (0 B at 0 B/s)
Downloading from centralhttps: http://insecure.repo1.maven.org/maven2/org/codehaus/mojo/java-boot-classpath-detector/1.6/java-boot-classpath-detector-1.6.pom
Downloaded from centralhttps: http://insecure.repo1.maven.org/maven2/org/codehaus/mojo/java-boot-classpath-detector/1.6/java-boot-classpath-detector-1.6.pom (0 B at 0 B/s)
Downloading from centralhttps: http://insecure.repo1.maven.org/maven2/org/codehaus/mojo/animal-sniffer/1.6/animal-sniffer-1.6.jar
Downloading from centralhttps: http://insecure.repo1.maven.org/maven2/org/codehaus/mojo/java-boot-classpath-detector/1.6/java-boot-classpath-detector-1.6.jar
Downloaded from centralhttps: http://insecure.repo1.maven.org/maven2/org/codehaus/mojo/animal-sniffer/1.6/animal-sniffer-1.6.jar (0 B at 0 B/s)
Downloaded from centralhttps: http://insecure.repo1.maven.org/maven2/org/codehaus/mojo/java-boot-classpath-detector/1.6/java-boot-classpath-detector-1.6.jar (0 B at 0 B/s)
[[1;34mINFO[m] Checking unresolved references to org.codehaus.mojo.signature:java15:1.0
Downloading from centralhttps: http://insecure.repo1.maven.org/maven2/org/codehaus/mojo/signature/java15/1.0/java15-1.0.signature
Downloaded from centralhttps: http://insecure.repo1.maven.org/maven2/org/codehaus/mojo/signature/java15/1.0/java15-1.0.signature (0 B at 0 B/s)
[[1;34mINFO[m] 
[[1;34mINFO[m] [1m--- [0;32mmaven-site-plugin:3.0:attach-descriptor[m [1m(attach-descriptor)[m @ [36mmaven[0;1m ---[m
[[1;34mINFO[m] 
[[1;34mINFO[m] [1m--- [0;32mmaven-install-plugin:2.3.1:install[m [1m(default-install)[m @ [36mmaven[0;1m ---[m
[[1;34mINFO[m] Installing /home/user/Workspace/reproducibility/Reproducibility-Scanner/benchmarks/bugs-dot-jar/maven/pom.xml to /home/user/.m2/repository/org/apache/maven/maven/3.0.4-SNAPSHOT/maven-3.0.4-SNAPSHOT.pom
[[1;34mINFO[m] Installing /home/user/Workspace/reproducibility/Reproducibility-Scanner/benchmarks/bugs-dot-jar/maven/target/maven-3.0.4-SNAPSHOT-site.xml to /home/user/.m2/repository/org/apache/maven/maven/3.0.4-SNAPSHOT/maven-3.0.4-SNAPSHOT-site.xml
[[1;34mINFO[m] 
[[1;34mINFO[m] [1m--------------------< [0;36morg.apache.maven:maven-model[0;1m >--------------------[m
[[1;34mINFO[m] [1mBuilding Maven Model 3.0.4-SNAPSHOT                               [2/13][m
[[1;34mINFO[m] [1m--------------------------------[ jar ]---------------------------------[m
Downloading from centralhttps: http://insecure.repo1.maven.org/maven2/org/codehaus/modello/modello-maven-plugin/1.4.1/modello-maven-plugin-1.4.1.pom
Downloaded from centralhttps: http://insecure.repo1.maven.org/maven2/org/codehaus/modello/modello-maven-plugin/1.4.1/modello-maven-plugin-1.4.1.pom (0 B at 0 B/s)
Downloading from centralhttps: http://insecure.repo1.maven.org/maven2/org/codehaus/modello/modello/1.4.1/modello-1.4.1.pom
Downloaded from centralhttps: http://insecure.repo1.maven.org/maven2/org/codehaus/modello/modello/1.4.1/modello-1.4.1.pom (0 B at 0 B/s)
Downloading from centralhttps: http://insecure.repo1.maven.org/maven2/org/codehaus/modello/modello-maven-plugin/1.4.1/modello-maven-plugin-1.4.1.jar
Downloaded from centralhttps: http://insecure.repo1.maven.org/maven2/org/codehaus/modello/modello-maven-plugin/1.4.1/modello-maven-plugin-1.4.1.jar (0 B at 0 B/s)
[[1;34mINFO[m] 
[[1;34mINFO[m] [1m--- [0;32mmodello-maven-plugin:1.4.1:java[m [1m(standard)[m @ [36mmaven-model[0;1m ---[m
Downloading from centralhttps: http://insecure.repo1.maven.org/maven2/org/codehaus/modello/modello-core/1.4.1/modello-core-1.4.1.pom
Downloaded from centralhttps: http://insecure.repo1.maven.org/maven2/org/codehaus/modello/modello-core/1.4.1/modello-core-1.4.1.pom (0 B at 0 B/s)
Downloading from centralhttps: http://insecure.repo1.maven.org/maven2/org/codehaus/modello/modello-plugin-converters/1.4.1/modello-plugin-converters-1.4.1.pom
Downloaded from centralhttps: http://insecure.repo1.maven.org/maven2/org/codehaus/modello/modello-plugin-converters/1.4.1/modello-plugin-converters-1.4.1.pom (0 B at 0 B/s)
Downloading from centralhttps: http://insecure.repo1.maven.org/maven2/org/codehaus/modello/modello-plugins/1.4.1/modello-plugins-1.4.1.pom
Downloaded from centralhttps: http://insecure.repo1.maven.org/maven2/org/codehaus/modello/modello-plugins/1.4.1/modello-plugins-1.4.1.pom (0 B at 0 B/s)
Downloading from centralhttps: http://insecure.repo1.maven.org/maven2/org/codehaus/modello/modello-plugin-java/1.4.1/modello-plugin-java-1.4.1.pom
Downloaded from centralhttps: http://insecure.repo1.maven.org/maven2/org/codehaus/modello/modello-plugin-java/1.4.1/modello-plugin-java-1.4.1.pom (0 B at 0 B/s)
Downloading from centralhttps: http://insecure.repo1.maven.org/maven2/org/codehaus/modello/modello-plugin-dom4j/1.4.1/modello-plugin-dom4j-1.4.1.pom
Downloaded from centralhttps: http://insecure.repo1.maven.org/maven2/org/codehaus/modello/modello-plugin-dom4j/1.4.1/modello-plugin-dom4j-1.4.1.pom (0 B at 0 B/s)
Downloading from centralhttps: http://insecure.repo1.maven.org/maven2/org/codehaus/modello/modello-plugin-xml/1.4.1/modello-plugin-xml-1.4.1.pom
Downloaded from centralhttps: http://insecure.repo1.maven.org/maven2/org/codehaus/modello/modello-plugin-xml/1.4.1/modello-plugin-xml-1.4.1.pom (0 B at 0 B/s)
Downloading from centralhttps: http://insecure.repo1.maven.org/maven2/org/codehaus/modello/modello-plugin-jdom/1.4.1/modello-plugin-jdom-1.4.1.pom
Downloaded from centralhttps: http://insecure.repo1.maven.org/maven2/org/codehaus/modello/modello-plugin-jdom/1.4.1/modello-plugin-jdom-1.4.1.pom (0 B at 0 B/s)
Downloading from centralhttps: http://insecure.repo1.maven.org/maven2/org/codehaus/modello/modello-plugin-stax/1.4.1/modello-plugin-stax-1.4.1.pom
Downloaded from centralhttps: http://insecure.repo1.maven.org/maven2/org/codehaus/modello/modello-plugin-stax/1.4.1/modello-plugin-stax-1.4.1.pom (0 B at 0 B/s)
Downloading from centralhttps: http://insecure.repo1.maven.org/maven2/org/codehaus/modello/modello-plugin-xdoc/1.4.1/modello-plugin-xdoc-1.4.1.pom
Downloaded from centralhttps: http://insecure.repo1.maven.org/maven2/org/codehaus/modello/modello-plugin-xdoc/1.4.1/modello-plugin-xdoc-1.4.1.pom (0 B at 0 B/s)
Downloading from centralhttps: http://insecure.repo1.maven.org/maven2/org/codehaus/modello/modello-plugin-xsd/1.4.1/modello-plugin-xsd-1.4.1.pom
Downloaded from centralhttps: http://insecure.repo1.maven.org/maven2/org/codehaus/modello/modello-plugin-xsd/1.4.1/modello-plugin-xsd-1.4.1.pom (0 B at 0 B/s)
Downloading from centralhttps: http://insecure.repo1.maven.org/maven2/org/codehaus/modello/modello-plugin-xpp3/1.4.1/modello-plugin-xpp3-1.4.1.pom
Downloaded from centralhttps: http://insecure.repo1.maven.org/maven2/org/codehaus/modello/modello-plugin-xpp3/1.4.1/modello-plugin-xpp3-1.4.1.pom (0 B at 0 B/s)
Downloading from centralhttps: http://insecure.repo1.maven.org/maven2/org/codehaus/modello/modello-core/1.4.1/modello-core-1.4.1.jar
Downloading from centralhttps: http://insecure.repo1.maven.org/maven2/org/codehaus/modello/modello-plugin-dom4j/1.4.1/modello-plugin-dom4j-1.4.1.jar
Downloading from centralhttps: http://insecure.repo1.maven.org/maven2/org/codehaus/modello/modello-plugin-converters/1.4.1/modello-plugin-converters-1.4.1.jar
Downloading from centralhttps: http://insecure.repo1.maven.org/maven2/org/codehaus/modello/modello-plugin-java/1.4.1/modello-plugin-java-1.4.1.jar
Downloading from centralhttps: http://insecure.repo1.maven.org/maven2/org/codehaus/modello/modello-plugin-xml/1.4.1/modello-plugin-xml-1.4.1.jar
Downloaded from centralhttps: http://insecure.repo1.maven.org/maven2/org/codehaus/modello/modello-plugin-converters/1.4.1/modello-plugin-converters-1.4.1.jar (0 B at 0 B/s)
Downloading from centralhttps: http://insecure.repo1.maven.org/maven2/org/codehaus/modello/modello-plugin-jdom/1.4.1/modello-plugin-jdom-1.4.1.jar
Downloaded from centralhttps: http://insecure.repo1.maven.org/maven2/org/codehaus/modello/modello-plugin-dom4j/1.4.1/modello-plugin-dom4j-1.4.1.jar (0 B at 0 B/s)
Downloading from centralhttps: http://insecure.repo1.maven.org/maven2/org/codehaus/modello/modello-plugin-stax/1.4.1/modello-plugin-stax-1.4.1.jar
Downloaded from centralhttps: http://insecure.repo1.maven.org/maven2/org/codehaus/modello/modello-core/1.4.1/modello-core-1.4.1.jar (0 B at 0 B/s)
Downloading from centralhttps: http://insecure.repo1.maven.org/maven2/org/codehaus/modello/modello-plugin-xdoc/1.4.1/modello-plugin-xdoc-1.4.1.jar
Downloaded from centralhttps: http://insecure.repo1.maven.org/maven2/org/codehaus/modello/modello-plugin-xml/1.4.1/modello-plugin-xml-1.4.1.jar (0 B at 0 B/s)
Downloading from centralhttps: http://insecure.repo1.maven.org/maven2/org/codehaus/modello/modello-plugin-xpp3/1.4.1/modello-plugin-xpp3-1.4.1.jar
Downloaded from centralhttps: http://insecure.repo1.maven.org/maven2/org/codehaus/modello/modello-plugin-java/1.4.1/modello-plugin-java-1.4.1.jar (0 B at 0 B/s)
Downloading from centralhttps: http://insecure.repo1.maven.org/maven2/org/codehaus/modello/modello-plugin-xsd/1.4.1/modello-plugin-xsd-1.4.1.jar
Downloaded from centralhttps: http://insecure.repo1.maven.org/maven2/org/codehaus/modello/modello-plugin-jdom/1.4.1/modello-plugin-jdom-1.4.1.jar (0 B at 0 B/s)
Downloaded from centralhttps: http://insecure.repo1.maven.org/maven2/org/codehaus/modello/modello-plugin-xdoc/1.4.1/modello-plugin-xdoc-1.4.1.jar (0 B at 0 B/s)
Downloaded from centralhttps: http://insecure.repo1.maven.org/maven2/org/codehaus/modello/modello-plugin-xpp3/1.4.1/modello-plugin-xpp3-1.4.1.jar (0 B at 0 B/s)
Downloaded from centralhttps: http://insecure.repo1.maven.org/maven2/org/codehaus/modello/modello-plugin-stax/1.4.1/modello-plugin-stax-1.4.1.jar (0 B at 0 B/s)
Downloaded from centralhttps: http://insecure.repo1.maven.org/maven2/org/codehaus/modello/modello-plugin-xsd/1.4.1/modello-plugin-xsd-1.4.1.jar (0 B at 0 B/s)
[[1;34mINFO[m] outputDirectory: /home/user/Workspace/reproducibility/Reproducibility-Scanner/benchmarks/bugs-dot-jar/maven/maven-model/target/generated-sources/modello
[[1;34mINFO[m] Working on model: src/main/mdo/maven.mdo
[[1;34mINFO[m] Generating current version: 4.0.0
[[1;34mINFO[m] 
[[1;34mINFO[m] [1m--- [0;32mmodello-maven-plugin:1.4.1:xpp3-reader[m [1m(standard)[m @ [36mmaven-model[0;1m ---[m
[[1;34mINFO[m] outputDirectory: /home/user/Workspace/reproducibility/Reproducibility-Scanner/benchmarks/bugs-dot-jar/maven/maven-model/target/generated-sources/modello
[[1;34mINFO[m] Working on model: src/main/mdo/maven.mdo
[[1;34mINFO[m] Generating current version: 4.0.0
[[1;34mINFO[m] 
[[1;34mINFO[m] [1m--- [0;32mmodello-maven-plugin:1.4.1:xpp3-extended-reader[m [1m(standard)[m @ [36mmaven-model[0;1m ---[m
[[1;34mINFO[m] outputDirectory: /home/user/Workspace/reproducibility/Reproducibility-Scanner/benchmarks/bugs-dot-jar/maven/maven-model/target/generated-sources/modello
[[1;34mINFO[m] Working on model: src/main/mdo/maven.mdo
[[1;34mINFO[m] Generating current version: 4.0.0
[[1;34mINFO[m] 
[[1;34mINFO[m] [1m--- [0;32mmodello-maven-plugin:1.4.1:xpp3-writer[m [1m(standard)[m @ [36mmaven-model[0;1m ---[m
[[1;34mINFO[m] outputDirectory: /home/user/Workspace/reproducibility/Reproducibility-Scanner/benchmarks/bugs-dot-jar/maven/maven-model/target/generated-sources/modello
[[1;34mINFO[m] Working on model: src/main/mdo/maven.mdo
[[1;34mINFO[m] Generating current version: 4.0.0
[[1;34mINFO[m] 
[[1;34mINFO[m] [1m--- [0;32mmaven-remote-resources-plugin:1.2.1:process[m [1m(default)[m @ [36mmaven-model[0;1m ---[m
[[1;34mINFO[m] 
[[1;34mINFO[m] [1m--- [0;32mmaven-resources-plugin:2.5:resources[m [1m(default-resources)[m @ [36mmaven-model[0;1m ---[m
[debug] execute contextualize
[[1;34mINFO[m] Using 'UTF-8' encoding to copy filtered resources.
[[1;34mINFO[m] skip non existing resourceDirectory /home/user/Workspace/reproducibility/Reproducibility-Scanner/benchmarks/bugs-dot-jar/maven/maven-model/src/main/resources
[[1;34mINFO[m] Copying 3 resources
[[1;34mINFO[m] 
[[1;34mINFO[m] [1m--- [0;32mmaven-compiler-plugin:2.3.2:compile[m [1m(default-compile)[m @ [36mmaven-model[0;1m ---[m
[[1;34mINFO[m] Compiling 50 source files to /home/user/Workspace/reproducibility/Reproducibility-Scanner/benchmarks/bugs-dot-jar/maven/maven-model/target/classes
[[1;34mINFO[m] 
[[1;34mINFO[m] [1m--- [0;32manimal-sniffer-maven-plugin:1.6:check[m [1m(check-java-1.5-compat)[m @ [36mmaven-model[0;1m ---[m
[[1;34mINFO[m] Checking unresolved references to org.codehaus.mojo.signature:java15:1.0
[[1;34mINFO[m] 
[[1;34mINFO[m] [1m--- [0;32mmaven-resources-plugin:2.5:testResources[m [1m(default-testResources)[m @ [36mmaven-model[0;1m ---[m
[debug] execute contextualize
[[1;34mINFO[m] Using 'UTF-8' encoding to copy filtered resources.
[[1;34mINFO[m] skip non existing resourceDirectory /home/user/Workspace/reproducibility/Reproducibility-Scanner/benchmarks/bugs-dot-jar/maven/maven-model/src/test/resources
[[1;34mINFO[m] Copying 3 resources
[[1;34mINFO[m] 
[[1;34mINFO[m] [1m--- [0;32mmaven-compiler-plugin:2.3.2:testCompile[m [1m(default-testCompile)[m @ [36mmaven-model[0;1m ---[m
[[1;34mINFO[m] Compiling 37 source files to /home/user/Workspace/reproducibility/Reproducibility-Scanner/benchmarks/bugs-dot-jar/maven/maven-model/target/test-classes
[[1;34mINFO[m] 
[[1;34mINFO[m] [1m--- [0;32mmaven-surefire-plugin:2.9:test[m [1m(default-test)[m @ [36mmaven-model[0;1m ---[m
[[1;34mINFO[m] Tests are skipped.
[[1;34mINFO[m] 
[[1;34mINFO[m] [1m--- [0;32mmaven-jar-plugin:2.3.1:jar[m [1m(default-jar)[m @ [36mmaven-model[0;1m ---[m
[[1;34mINFO[m] Building jar: /home/user/Workspace/reproducibility/Reproducibility-Scanner/benchmarks/bugs-dot-jar/maven/maven-model/target/maven-model-3.0.4-SNAPSHOT.jar
[[1;34mINFO[m] 
[[1;34mINFO[m] [1m--- [0;32mmaven-site-plugin:3.0:attach-descriptor[m [1m(attach-descriptor)[m @ [36mmaven-model[0;1m ---[m
[[1;34mINFO[m] 
[[1;34mINFO[m] [1m--- [0;32mmaven-install-plugin:2.3.1:install[m [1m(default-install)[m @ [36mmaven-model[0;1m ---[m
[[1;34mINFO[m] Installing /home/user/Workspace/reproducibility/Reproducibility-Scanner/benchmarks/bugs-dot-jar/maven/maven-model/target/maven-model-3.0.4-SNAPSHOT.jar to /home/user/.m2/repository/org/apache/maven/maven-model/3.0.4-SNAPSHOT/maven-model-3.0.4-SNAPSHOT.jar
[[1;34mINFO[m] Installing /home/user/Workspace/reproducibility/Reproducibility-Scanner/benchmarks/bugs-dot-jar/maven/maven-model/pom.xml to /home/user/.m2/repository/org/apache/maven/maven-model/3.0.4-SNAPSHOT/maven-model-3.0.4-SNAPSHOT.pom
[[1;34mINFO[m] 
[[1;34mINFO[m] [1m------------------< [0;36morg.apache.maven:maven-artifact[0;1m >-------------------[m
[[1;34mINFO[m] [1mBuilding Maven Artifact 3.0.4-SNAPSHOT                            [3/13][m
[[1;34mINFO[m] [1m--------------------------------[ jar ]---------------------------------[m
[[1;34mINFO[m] 
[[1;34mINFO[m] [1m--- [0;32mmaven-remote-resources-plugin:1.2.1:process[m [1m(default)[m @ [36mmaven-artifact[0;1m ---[m
[[1;34mINFO[m] 
[[1;34mINFO[m] [1m--- [0;32mmaven-resources-plugin:2.5:resources[m [1m(default-resources)[m @ [36mmaven-artifact[0;1m ---[m
[debug] execute contextualize
[[1;34mINFO[m] Using 'UTF-8' encoding to copy filtered resources.
[[1;34mINFO[m] skip non existing resourceDirectory /home/user/Workspace/reproducibility/Reproducibility-Scanner/benchmarks/bugs-dot-jar/maven/maven-artifact/src/main/resources
[[1;34mINFO[m] Copying 3 resources
[[1;34mINFO[m] 
[[1;34mINFO[m] [1m--- [0;32mmaven-compiler-plugin:2.3.2:compile[m [1m(default-compile)[m @ [36mmaven-artifact[0;1m ---[m
[[1;34mINFO[m] Compiling 27 source files to /home/user/Workspace/reproducibility/Reproducibility-Scanner/benchmarks/bugs-dot-jar/maven/maven-artifact/target/classes
[[1;34mINFO[m] 
[[1;34mINFO[m] [1m--- [0;32manimal-sniffer-maven-plugin:1.6:check[m [1m(check-java-1.5-compat)[m @ [36mmaven-artifact[0;1m ---[m
[[1;34mINFO[m] Checking unresolved references to org.codehaus.mojo.signature:java15:1.0
[[1;34mINFO[m] 
[[1;34mINFO[m] [1m--- [0;32mplexus-component-metadata:1.5.5:generate-metadata[m [1m(default)[m @ [36mmaven-artifact[0;1m ---[m
[[1;34mINFO[m] 
[[1;34mINFO[m] [1m--- [0;32mmaven-resources-plugin:2.5:testResources[m [1m(default-testResources)[m @ [36mmaven-artifact[0;1m ---[m
[debug] execute contextualize
[[1;34mINFO[m] Using 'UTF-8' encoding to copy filtered resources.
[[1;34mINFO[m] skip non existing resourceDirectory /home/user/Workspace/reproducibility/Reproducibility-Scanner/benchmarks/bugs-dot-jar/maven/maven-artifact/src/test/resources
[[1;34mINFO[m] Copying 3 resources
[[1;34mINFO[m] 
[[1;34mINFO[m] [1m--- [0;32mmaven-compiler-plugin:2.3.2:testCompile[m [1m(default-testCompile)[m @ [36mmaven-artifact[0;1m ---[m
[[1;34mINFO[m] Compiling 3 source files to /home/user/Workspace/reproducibility/Reproducibility-Scanner/benchmarks/bugs-dot-jar/maven/maven-artifact/target/test-classes
[[1;34mINFO[m] 
[[1;34mINFO[m] [1m--- [0;32mplexus-component-metadata:1.5.5:generate-test-metadata[m [1m(default)[m @ [36mmaven-artifact[0;1m ---[m
[[1;34mINFO[m] 
[[1;34mINFO[m] [1m--- [0;32mmaven-surefire-plugin:2.9:test[m [1m(default-test)[m @ [36mmaven-artifact[0;1m ---[m
[[1;34mINFO[m] Tests are skipped.
[[1;34mINFO[m] 
[[1;34mINFO[m] [1m--- [0;32mmaven-jar-plugin:2.3.1:jar[m [1m(default-jar)[m @ [36mmaven-artifact[0;1m ---[m
[[1;34mINFO[m] Building jar: /home/user/Workspace/reproducibility/Reproducibility-Scanner/benchmarks/bugs-dot-jar/maven/maven-artifact/target/maven-artifact-3.0.4-SNAPSHOT.jar
[[1;34mINFO[m] 
[[1;34mINFO[m] [1m--- [0;32mmaven-site-plugin:3.0:attach-descriptor[m [1m(attach-descriptor)[m @ [36mmaven-artifact[0;1m ---[m
[[1;34mINFO[m] 
[[1;34mINFO[m] [1m--- [0;32mmaven-install-plugin:2.3.1:install[m [1m(default-install)[m @ [36mmaven-artifact[0;1m ---[m
[[1;34mINFO[m] Installing /home/user/Workspace/reproducibility/Reproducibility-Scanner/benchmarks/bugs-dot-jar/maven/maven-artifact/target/maven-artifact-3.0.4-SNAPSHOT.jar to /home/user/.m2/repository/org/apache/maven/maven-artifact/3.0.4-SNAPSHOT/maven-artifact-3.0.4-SNAPSHOT.jar
[[1;34mINFO[m] Installing /home/user/Workspace/reproducibility/Reproducibility-Scanner/benchmarks/bugs-dot-jar/maven/maven-artifact/pom.xml to /home/user/.m2/repository/org/apache/maven/maven-artifact/3.0.4-SNAPSHOT/maven-artifact-3.0.4-SNAPSHOT.pom
[[1;34mINFO[m] 
[[1;34mINFO[m] [1m-----------------< [0;36morg.apache.maven:maven-plugin-api[0;1m >------------------[m
[[1;34mINFO[m] [1mBuilding Maven Plugin API 3.0.4-SNAPSHOT                          [4/13][m
[[1;34mINFO[m] [1m--------------------------------[ jar ]---------------------------------[m
[[1;34mINFO[m] 
[[1;34mINFO[m] [1m--- [0;32mmodello-maven-plugin:1.4.1:java[m [1m(standard)[m @ [36mmaven-plugin-api[0;1m ---[m
[[1;34mINFO[m] outputDirectory: /home/user/Workspace/reproducibility/Reproducibility-Scanner/benchmarks/bugs-dot-jar/maven/maven-plugin-api/target/generated-sources/modello
[[1;34mINFO[m] Working on model: src/main/mdo/lifecycle.mdo
[[1;34mINFO[m] Generating current version: 1.0.0
[[1;34mINFO[m] Working on model: src/main/mdo/plugin.mdo
[[1;34mINFO[m] Generating current version: 1.0.0
[[1;34mINFO[m] 
[[1;34mINFO[m] [1m--- [0;32mmodello-maven-plugin:1.4.1:xpp3-reader[m [1m(standard)[m @ [36mmaven-plugin-api[0;1m ---[m
[[1;34mINFO[m] outputDirectory: /home/user/Workspace/reproducibility/Reproducibility-Scanner/benchmarks/bugs-dot-jar/maven/maven-plugin-api/target/generated-sources/modello
[[1;34mINFO[m] Working on model: src/main/mdo/lifecycle.mdo
[[1;34mINFO[m] Generating current version: 1.0.0
[[1;34mINFO[m] Working on model: src/main/mdo/plugin.mdo
[[1;34mINFO[m] Generating current version: 1.0.0
[[1;34mINFO[m] 
[[1;34mINFO[m] [1m--- [0;32mmodello-maven-plugin:1.4.1:xpp3-writer[m [1m(standard)[m @ [36mmaven-plugin-api[0;1m ---[m
[[1;34mINFO[m] outputDirectory: /home/user/Workspace/reproducibility/Reproducibility-Scanner/benchmarks/bugs-dot-jar/maven/maven-plugin-api/target/generated-sources/modello
[[1;34mINFO[m] Working on model: src/main/mdo/lifecycle.mdo
[[1;34mINFO[m] Generating current version: 1.0.0
[[1;34mINFO[m] Working on model: src/main/mdo/plugin.mdo
[[1;34mINFO[m] Generating current version: 1.0.0
[[1;34mINFO[m] 
[[1;34mINFO[m] [1m--- [0;32mmaven-remote-resources-plugin:1.2.1:process[m [1m(default)[m @ [36mmaven-plugin-api[0;1m ---[m
[[1;34mINFO[m] 
[[1;34mINFO[m] [1m--- [0;32mmaven-resources-plugin:2.5:resources[m [1m(default-resources)[m @ [36mmaven-plugin-api[0;1m ---[m
[debug] execute contextualize
[[1;34mINFO[m] Using 'UTF-8' encoding to copy filtered resources.
[[1;34mINFO[m] skip non existing resourceDirectory /home/user/Workspace/reproducibility/Reproducibility-Scanner/benchmarks/bugs-dot-jar/maven/maven-plugin-api/src/main/resources
[[1;34mINFO[m] Copying 3 resources
[[1;34mINFO[m] 
[[1;34mINFO[m] [1m--- [0;32mmaven-compiler-plugin:2.3.2:compile[m [1m(default-compile)[m @ [36mmaven-plugin-api[0;1m ---[m
[[1;34mINFO[m] Compiling 33 source files to /home/user/Workspace/reproducibility/Reproducibility-Scanner/benchmarks/bugs-dot-jar/maven/maven-plugin-api/target/classes
[[1;34mINFO[m] 
[[1;34mINFO[m] [1m--- [0;32manimal-sniffer-maven-plugin:1.6:check[m [1m(check-java-1.5-compat)[m @ [36mmaven-plugin-api[0;1m ---[m
[[1;34mINFO[m] Checking unresolved references to org.codehaus.mojo.signature:java15:1.0
[[1;34mINFO[m] 
[[1;34mINFO[m] [1m--- [0;32mmaven-resources-plugin:2.5:testResources[m [1m(default-testResources)[m @ [36mmaven-plugin-api[0;1m ---[m
[debug] execute contextualize
[[1;34mINFO[m] Using 'UTF-8' encoding to copy filtered resources.
[[1;34mINFO[m] Copying 2 resources
[[1;34mINFO[m] Copying 3 resources
[[1;34mINFO[m] 
[[1;34mINFO[m] [1m--- [0;32mmaven-compiler-plugin:2.3.2:testCompile[m [1m(default-testCompile)[m @ [36mmaven-plugin-api[0;1m ---[m
[[1;34mINFO[m] Compiling 2 source files to /home/user/Workspace/reproducibility/Reproducibility-Scanner/benchmarks/bugs-dot-jar/maven/maven-plugin-api/target/test-classes
[[1;34mINFO[m] 
[[1;34mINFO[m] [1m--- [0;32mmaven-surefire-plugin:2.9:test[m [1m(default-test)[m @ [36mmaven-plugin-api[0;1m ---[m
[[1;34mINFO[m] Tests are skipped.
[[1;34mINFO[m] 
[[1;34mINFO[m] [1m--- [0;32mmaven-jar-plugin:2.3.1:jar[m [1m(default-jar)[m @ [36mmaven-plugin-api[0;1m ---[m
[[1;34mINFO[m] Building jar: /home/user/Workspace/reproducibility/Reproducibility-Scanner/benchmarks/bugs-dot-jar/maven/maven-plugin-api/target/maven-plugin-api-3.0.4-SNAPSHOT.jar
[[1;34mINFO[m] 
[[1;34mINFO[m] [1m--- [0;32mmaven-site-plugin:3.0:attach-descriptor[m [1m(attach-descriptor)[m @ [36mmaven-plugin-api[0;1m ---[m
[[1;34mINFO[m] 
[[1;34mINFO[m] [1m--- [0;32mmaven-install-plugin:2.3.1:install[m [1m(default-install)[m @ [36mmaven-plugin-api[0;1m ---[m
[[1;34mINFO[m] Installing /home/user/Workspace/reproducibility/Reproducibility-Scanner/benchmarks/bugs-dot-jar/maven/maven-plugin-api/target/maven-plugin-api-3.0.4-SNAPSHOT.jar to /home/user/.m2/repository/org/apache/maven/maven-plugin-api/3.0.4-SNAPSHOT/maven-plugin-api-3.0.4-SNAPSHOT.jar
[[1;34mINFO[m] Installing /home/user/Workspace/reproducibility/Reproducibility-Scanner/benchmarks/bugs-dot-jar/maven/maven-plugin-api/pom.xml to /home/user/.m2/repository/org/apache/maven/maven-plugin-api/3.0.4-SNAPSHOT/maven-plugin-api-3.0.4-SNAPSHOT.pom
[[1;34mINFO[m] 
[[1;34mINFO[m] [1m----------------< [0;36morg.apache.maven:maven-model-builder[0;1m >----------------[m
[[1;34mINFO[m] [1mBuilding Maven Model Builder 3.0.4-SNAPSHOT                       [5/13][m
[[1;34mINFO[m] [1m--------------------------------[ jar ]---------------------------------[m
[[1;34mINFO[m] 
[[1;34mINFO[m] [1m--- [0;32mmaven-remote-resources-plugin:1.2.1:process[m [1m(default)[m @ [36mmaven-model-builder[0;1m ---[m
[[1;34mINFO[m] 
[[1;34mINFO[m] [1m--- [0;32mmaven-resources-plugin:2.5:resources[m [1m(default-resources)[m @ [36mmaven-model-builder[0;1m ---[m
[debug] execute contextualize
[[1;34mINFO[m] Using 'UTF-8' encoding to copy filtered resources.
[[1;34mINFO[m] Copying 1 resource
[[1;34mINFO[m] Copying 3 resources
[[1;34mINFO[m] 
[[1;34mINFO[m] [1m--- [0;32mmaven-compiler-plugin:2.3.2:compile[m [1m(default-compile)[m @ [36mmaven-model-builder[0;1m ---[m
[[1;34mINFO[m] Compiling 86 source files to /home/user/Workspace/reproducibility/Reproducibility-Scanner/benchmarks/bugs-dot-jar/maven/maven-model-builder/target/classes
[[1;34mINFO[m] 
[[1;34mINFO[m] [1m--- [0;32manimal-sniffer-maven-plugin:1.6:check[m [1m(check-java-1.5-compat)[m @ [36mmaven-model-builder[0;1m ---[m
[[1;34mINFO[m] Checking unresolved references to org.codehaus.mojo.signature:java15:1.0
[[1;34mINFO[m] 
[[1;34mINFO[m] [1m--- [0;32mplexus-component-metadata:1.5.5:generate-metadata[m [1m(default)[m @ [36mmaven-model-builder[0;1m ---[m
[[1;34mINFO[m] Discovered 26 component descriptors(s)
[[1;34mINFO[m] 
[[1;34mINFO[m] [1m--- [0;32mmaven-resources-plugin:2.5:testResources[m [1m(default-testResources)[m @ [36mmaven-model-builder[0;1m ---[m
[debug] execute contextualize
[[1;34mINFO[m] Using 'UTF-8' encoding to copy filtered resources.
[[1;34mINFO[m] Copying 50 resources
[[1;34mINFO[m] Copying 3 resources
[[1;34mINFO[m] 
[[1;34mINFO[m] [1m--- [0;32mmaven-compiler-plugin:2.3.2:testCompile[m [1m(default-testCompile)[m @ [36mmaven-model-builder[0;1m ---[m
[[1;34mINFO[m] Compiling 10 source files to /home/user/Workspace/reproducibility/Reproducibility-Scanner/benchmarks/bugs-dot-jar/maven/maven-model-builder/target/test-classes
[[1;34mINFO[m] 
[[1;34mINFO[m] [1m--- [0;32mplexus-component-metadata:1.5.5:generate-test-metadata[m [1m(default)[m @ [36mmaven-model-builder[0;1m ---[m
[[1;34mINFO[m] 
[[1;34mINFO[m] [1m--- [0;32mmaven-surefire-plugin:2.9:test[m [1m(default-test)[m @ [36mmaven-model-builder[0;1m ---[m
[[1;34mINFO[m] Tests are skipped.
[[1;34mINFO[m] 
[[1;34mINFO[m] [1m--- [0;32mmaven-jar-plugin:2.3.1:jar[m [1m(default-jar)[m @ [36mmaven-model-builder[0;1m ---[m
[[1;34mINFO[m] Building jar: /home/user/Workspace/reproducibility/Reproducibility-Scanner/benchmarks/bugs-dot-jar/maven/maven-model-builder/target/maven-model-builder-3.0.4-SNAPSHOT.jar
[[1;34mINFO[m] 
[[1;34mINFO[m] [1m--- [0;32mmaven-site-plugin:3.0:attach-descriptor[m [1m(attach-descriptor)[m @ [36mmaven-model-builder[0;1m ---[m
[[1;34mINFO[m] 
[[1;34mINFO[m] [1m--- [0;32mmaven-install-plugin:2.3.1:install[m [1m(default-install)[m @ [36mmaven-model-builder[0;1m ---[m
[[1;34mINFO[m] Installing /home/user/Workspace/reproducibility/Reproducibility-Scanner/benchmarks/bugs-dot-jar/maven/maven-model-builder/target/maven-model-builder-3.0.4-SNAPSHOT.jar to /home/user/.m2/repository/org/apache/maven/maven-model-builder/3.0.4-SNAPSHOT/maven-model-builder-3.0.4-SNAPSHOT.jar
[[1;34mINFO[m] Installing /home/user/Workspace/reproducibility/Reproducibility-Scanner/benchmarks/bugs-dot-jar/maven/maven-model-builder/pom.xml to /home/user/.m2/repository/org/apache/maven/maven-model-builder/3.0.4-SNAPSHOT/maven-model-builder-3.0.4-SNAPSHOT.pom
[[1;34mINFO[m] 
[[1;34mINFO[m] [1m------------------< [0;36morg.apache.maven:maven-settings[0;1m >-------------------[m
[[1;34mINFO[m] [1mBuilding Maven Settings 3.0.4-SNAPSHOT                            [6/13][m
[[1;34mINFO[m] [1m--------------------------------[ jar ]---------------------------------[m
[[1;34mINFO[m] 
[[1;34mINFO[m] [1m--- [0;32mmodello-maven-plugin:1.4.1:java[m [1m(standard)[m @ [36mmaven-settings[0;1m ---[m
[[1;34mINFO[m] outputDirectory: /home/user/Workspace/reproducibility/Reproducibility-Scanner/benchmarks/bugs-dot-jar/maven/maven-settings/target/generated-sources/modello
[[1;34mINFO[m] Working on model: src/main/mdo/settings.mdo
[[1;34mINFO[m] Generating current version: 1.1.0
[[1;34mINFO[m] 
[[1;34mINFO[m] [1m--- [0;32mmodello-maven-plugin:1.4.1:xpp3-reader[m [1m(standard)[m @ [36mmaven-settings[0;1m ---[m
[[1;34mINFO[m] outputDirectory: /home/user/Workspace/reproducibility/Reproducibility-Scanner/benchmarks/bugs-dot-jar/maven/maven-settings/target/generated-sources/modello
[[1;34mINFO[m] Working on model: src/main/mdo/settings.mdo
[[1;34mINFO[m] Generating current version: 1.1.0
[[1;34mINFO[m] 
[[1;34mINFO[m] [1m--- [0;32mmodello-maven-plugin:1.4.1:xpp3-writer[m [1m(standard)[m @ [36mmaven-settings[0;1m ---[m
[[1;34mINFO[m] outputDirectory: /home/user/Workspace/reproducibility/Reproducibility-Scanner/benchmarks/bugs-dot-jar/maven/maven-settings/target/generated-sources/modello
[[1;34mINFO[m] Working on model: src/main/mdo/settings.mdo
[[1;34mINFO[m] Generating current version: 1.1.0
[[1;34mINFO[m] 
[[1;34mINFO[m] [1m--- [0;32mmaven-remote-resources-plugin:1.2.1:process[m [1m(default)[m @ [36mmaven-settings[0;1m ---[m
[[1;34mINFO[m] 
[[1;34mINFO[m] [1m--- [0;32mmaven-resources-plugin:2.5:resources[m [1m(default-resources)[m @ [36mmaven-settings[0;1m ---[m
[debug] execute contextualize
[[1;34mINFO[m] Using 'UTF-8' encoding to copy filtered resources.
[[1;34mINFO[m] skip non existing resourceDirectory /home/user/Workspace/reproducibility/Reproducibility-Scanner/benchmarks/bugs-dot-jar/maven/maven-settings/src/main/resources
[[1;34mINFO[m] Copying 3 resources
[[1;34mINFO[m] 
[[1;34mINFO[m] [1m--- [0;32mmaven-compiler-plugin:2.3.2:compile[m [1m(default-compile)[m @ [36mmaven-settings[0;1m ---[m
[[1;34mINFO[m] Compiling 17 source files to /home/user/Workspace/reproducibility/Reproducibility-Scanner/benchmarks/bugs-dot-jar/maven/maven-settings/target/classes
[[1;34mINFO[m] 
[[1;34mINFO[m] [1m--- [0;32manimal-sniffer-maven-plugin:1.6:check[m [1m(check-java-1.5-compat)[m @ [36mmaven-settings[0;1m ---[m
[[1;34mINFO[m] Checking unresolved references to org.codehaus.mojo.signature:java15:1.0
[[1;34mINFO[m] 
[[1;34mINFO[m] [1m--- [0;32mmaven-resources-plugin:2.5:testResources[m [1m(default-testResources)[m @ [36mmaven-settings[0;1m ---[m
[debug] execute contextualize
[[1;34mINFO[m] Using 'UTF-8' encoding to copy filtered resources.
[[1;34mINFO[m] skip non existing resourceDirectory /home/user/Workspace/reproducibility/Reproducibility-Scanner/benchmarks/bugs-dot-jar/maven/maven-settings/src/test/resources
[[1;34mINFO[m] Copying 3 resources
[[1;34mINFO[m] 
[[1;34mINFO[m] [1m--- [0;32mmaven-compiler-plugin:2.3.2:testCompile[m [1m(default-testCompile)[m @ [36mmaven-settings[0;1m ---[m
[[1;34mINFO[m] No sources to compile
[[1;34mINFO[m] 
[[1;34mINFO[m] [1m--- [0;32mmaven-surefire-plugin:2.9:test[m [1m(default-test)[m @ [36mmaven-settings[0;1m ---[m
[[1;34mINFO[m] Tests are skipped.
[[1;34mINFO[m] 
[[1;34mINFO[m] [1m--- [0;32mmaven-jar-plugin:2.3.1:jar[m [1m(default-jar)[m @ [36mmaven-settings[0;1m ---[m
[[1;34mINFO[m] Building jar: /home/user/Workspace/reproducibility/Reproducibility-Scanner/benchmarks/bugs-dot-jar/maven/maven-settings/target/maven-settings-3.0.4-SNAPSHOT.jar
[[1;34mINFO[m] 
[[1;34mINFO[m] [1m--- [0;32mmaven-site-plugin:3.0:attach-descriptor[m [1m(attach-descriptor)[m @ [36mmaven-settings[0;1m ---[m
[[1;34mINFO[m] 
[[1;34mINFO[m] [1m--- [0;32mmaven-install-plugin:2.3.1:install[m [1m(default-install)[m @ [36mmaven-settings[0;1m ---[m
[[1;34mINFO[m] Installing /home/user/Workspace/reproducibility/Reproducibility-Scanner/benchmarks/bugs-dot-jar/maven/maven-settings/target/maven-settings-3.0.4-SNAPSHOT.jar to /home/user/.m2/repository/org/apache/maven/maven-settings/3.0.4-SNAPSHOT/maven-settings-3.0.4-SNAPSHOT.jar
[[1;34mINFO[m] Installing /home/user/Workspace/reproducibility/Reproducibility-Scanner/benchmarks/bugs-dot-jar/maven/maven-settings/pom.xml to /home/user/.m2/repository/org/apache/maven/maven-settings/3.0.4-SNAPSHOT/maven-settings-3.0.4-SNAPSHOT.pom
[[1;34mINFO[m] 
[[1;34mINFO[m] [1m--------------< [0;36morg.apache.maven:maven-settings-builder[0;1m >---------------[m
[[1;34mINFO[m] [1mBuilding Maven Settings Builder 3.0.4-SNAPSHOT                    [7/13][m
[[1;34mINFO[m] [1m--------------------------------[ jar ]---------------------------------[m
[[1;34mINFO[m] 
[[1;34mINFO[m] [1m--- [0;32mmaven-remote-resources-plugin:1.2.1:process[m [1m(default)[m @ [36mmaven-settings-builder[0;1m ---[m
[[1;34mINFO[m] 
[[1;34mINFO[m] [1m--- [0;32mmaven-resources-plugin:2.5:resources[m [1m(default-resources)[m @ [36mmaven-settings-builder[0;1m ---[m
[debug] execute contextualize
[[1;34mINFO[m] Using 'UTF-8' encoding to copy filtered resources.
[[1;34mINFO[m] skip non existing resourceDirectory /home/user/Workspace/reproducibility/Reproducibility-Scanner/benchmarks/bugs-dot-jar/maven/maven-settings-builder/src/main/resources
[[1;34mINFO[m] Copying 3 resources
[[1;34mINFO[m] 
[[1;34mINFO[m] [1m--- [0;32mmaven-compiler-plugin:2.3.2:compile[m [1m(default-compile)[m @ [36mmaven-settings-builder[0;1m ---[m
[[1;34mINFO[m] Compiling 30 source files to /home/user/Workspace/reproducibility/Reproducibility-Scanner/benchmarks/bugs-dot-jar/maven/maven-settings-builder/target/classes
[[1;34mINFO[m] 
[[1;34mINFO[m] [1m--- [0;32manimal-sniffer-maven-plugin:1.6:check[m [1m(check-java-1.5-compat)[m @ [36mmaven-settings-builder[0;1m ---[m
[[1;34mINFO[m] Checking unresolved references to org.codehaus.mojo.signature:java15:1.0
[[1;34mINFO[m] 
[[1;34mINFO[m] [1m--- [0;32mplexus-component-metadata:1.5.5:generate-metadata[m [1m(default)[m @ [36mmaven-settings-builder[0;1m ---[m
[[1;34mINFO[m] Discovered 5 component descriptors(s)
[[1;34mINFO[m] 
[[1;34mINFO[m] [1m--- [0;32mmaven-resources-plugin:2.5:testResources[m [1m(default-testResources)[m @ [36mmaven-settings-builder[0;1m ---[m
[debug] execute contextualize
[[1;34mINFO[m] Using 'UTF-8' encoding to copy filtered resources.
[[1;34mINFO[m] Copying 1 resource
[[1;34mINFO[m] Copying 3 resources
[[1;34mINFO[m] 
[[1;34mINFO[m] [1m--- [0;32mmaven-compiler-plugin:2.3.2:testCompile[m [1m(default-testCompile)[m @ [36mmaven-settings-builder[0;1m ---[m
[[1;34mINFO[m] Compiling 2 source files to /home/user/Workspace/reproducibility/Reproducibility-Scanner/benchmarks/bugs-dot-jar/maven/maven-settings-builder/target/test-classes
[[1;34mINFO[m] 
[[1;34mINFO[m] [1m--- [0;32mplexus-component-metadata:1.5.5:generate-test-metadata[m [1m(default)[m @ [36mmaven-settings-builder[0;1m ---[m
[[1;34mINFO[m] 
[[1;34mINFO[m] [1m--- [0;32mmaven-surefire-plugin:2.9:test[m [1m(default-test)[m @ [36mmaven-settings-builder[0;1m ---[m
[[1;34mINFO[m] Tests are skipped.
[[1;34mINFO[m] 
[[1;34mINFO[m] [1m--- [0;32mmaven-jar-plugin:2.3.1:jar[m [1m(default-jar)[m @ [36mmaven-settings-builder[0;1m ---[m
[[1;34mINFO[m] Building jar: /home/user/Workspace/reproducibility/Reproducibility-Scanner/benchmarks/bugs-dot-jar/maven/maven-settings-builder/target/maven-settings-builder-3.0.4-SNAPSHOT.jar
[[1;34mINFO[m] 
[[1;34mINFO[m] [1m--- [0;32mmaven-site-plugin:3.0:attach-descriptor[m [1m(attach-descriptor)[m @ [36mmaven-settings-builder[0;1m ---[m
[[1;34mINFO[m] 
[[1;34mINFO[m] [1m--- [0;32mmaven-install-plugin:2.3.1:install[m [1m(default-install)[m @ [36mmaven-settings-builder[0;1m ---[m
[[1;34mINFO[m] Installing /home/user/Workspace/reproducibility/Reproducibility-Scanner/benchmarks/bugs-dot-jar/maven/maven-settings-builder/target/maven-settings-builder-3.0.4-SNAPSHOT.jar to /home/user/.m2/repository/org/apache/maven/maven-settings-builder/3.0.4-SNAPSHOT/maven-settings-builder-3.0.4-SNAPSHOT.jar
[[1;34mINFO[m] Installing /home/user/Workspace/reproducibility/Reproducibility-Scanner/benchmarks/bugs-dot-jar/maven/maven-settings-builder/pom.xml to /home/user/.m2/repository/org/apache/maven/maven-settings-builder/3.0.4-SNAPSHOT/maven-settings-builder-3.0.4-SNAPSHOT.pom
[[1;34mINFO[m] 
[[1;34mINFO[m] [1m-------------< [0;36morg.apache.maven:maven-repository-metadata[0;1m >-------------[m
[[1;34mINFO[m] [1mBuilding Maven Repository Metadata Model 3.0.4-SNAPSHOT           [8/13][m
[[1;34mINFO[m] [1m--------------------------------[ jar ]---------------------------------[m
[[1;34mINFO[m] 
[[1;34mINFO[m] [1m--- [0;32mmodello-maven-plugin:1.4.1:java[m [1m(standard)[m @ [36mmaven-repository-metadata[0;1m ---[m
[[1;34mINFO[m] outputDirectory: /home/user/Workspace/reproducibility/Reproducibility-Scanner/benchmarks/bugs-dot-jar/maven/maven-repository-metadata/target/generated-sources/modello
[[1;34mINFO[m] Working on model: src/main/mdo/metadata.mdo
[[1;34mINFO[m] Generating current version: 1.1.0
[[1;34mINFO[m] 
[[1;34mINFO[m] [1m--- [0;32mmodello-maven-plugin:1.4.1:xpp3-reader[m [1m(standard)[m @ [36mmaven-repository-metadata[0;1m ---[m
[[1;34mINFO[m] outputDirectory: /home/user/Workspace/reproducibility/Reproducibility-Scanner/benchmarks/bugs-dot-jar/maven/maven-repository-metadata/target/generated-sources/modello
[[1;34mINFO[m] Working on model: src/main/mdo/metadata.mdo
[[1;34mINFO[m] Generating current version: 1.1.0
[[1;34mINFO[m] 
[[1;34mINFO[m] [1m--- [0;32mmodello-maven-plugin:1.4.1:xpp3-writer[m [1m(standard)[m @ [36mmaven-repository-metadata[0;1m ---[m
[[1;34mINFO[m] outputDirectory: /home/user/Workspace/reproducibility/Reproducibility-Scanner/benchmarks/bugs-dot-jar/maven/maven-repository-metadata/target/generated-sources/modello
[[1;34mINFO[m] Working on model: src/main/mdo/metadata.mdo
[[1;34mINFO[m] Generating current version: 1.1.0
[[1;34mINFO[m] 
[[1;34mINFO[m] [1m--- [0;32mmaven-remote-resources-plugin:1.2.1:process[m [1m(default)[m @ [36mmaven-repository-metadata[0;1m ---[m
[[1;34mINFO[m] 
[[1;34mINFO[m] [1m--- [0;32mmaven-resources-plugin:2.5:resources[m [1m(default-resources)[m @ [36mmaven-repository-metadata[0;1m ---[m
[debug] execute contextualize
[[1;34mINFO[m] Using 'UTF-8' encoding to copy filtered resources.
[[1;34mINFO[m] skip non existing resourceDirectory /home/user/Workspace/reproducibility/Reproducibility-Scanner/benchmarks/bugs-dot-jar/maven/maven-repository-metadata/src/main/resources
[[1;34mINFO[m] Copying 3 resources
[[1;34mINFO[m] 
[[1;34mINFO[m] [1m--- [0;32mmaven-compiler-plugin:2.3.2:compile[m [1m(default-compile)[m @ [36mmaven-repository-metadata[0;1m ---[m
[[1;34mINFO[m] Compiling 7 source files to /home/user/Workspace/reproducibility/Reproducibility-Scanner/benchmarks/bugs-dot-jar/maven/maven-repository-metadata/target/classes
[[1;34mINFO[m] 
[[1;34mINFO[m] [1m--- [0;32manimal-sniffer-maven-plugin:1.6:check[m [1m(check-java-1.5-compat)[m @ [36mmaven-repository-metadata[0;1m ---[m
[[1;34mINFO[m] Checking unresolved references to org.codehaus.mojo.signature:java15:1.0
[[1;34mINFO[m] 
[[1;34mINFO[m] [1m--- [0;32mmaven-resources-plugin:2.5:testResources[m [1m(default-testResources)[m @ [36mmaven-repository-metadata[0;1m ---[m
[debug] execute contextualize
[[1;34mINFO[m] Using 'UTF-8' encoding to copy filtered resources.
[[1;34mINFO[m] skip non existing resourceDirectory /home/user/Workspace/reproducibility/Reproducibility-Scanner/benchmarks/bugs-dot-jar/maven/maven-repository-metadata/src/test/resources
[[1;34mINFO[m] Copying 3 resources
[[1;34mINFO[m] 
[[1;34mINFO[m] [1m--- [0;32mmaven-compiler-plugin:2.3.2:testCompile[m [1m(default-testCompile)[m @ [36mmaven-repository-metadata[0;1m ---[m
[[1;34mINFO[m] No sources to compile
[[1;34mINFO[m] 
[[1;34mINFO[m] [1m--- [0;32mmaven-surefire-plugin:2.9:test[m [1m(default-test)[m @ [36mmaven-repository-metadata[0;1m ---[m
[[1;34mINFO[m] Tests are skipped.
[[1;34mINFO[m] 
[[1;34mINFO[m] [1m--- [0;32mmaven-jar-plugin:2.3.1:jar[m [1m(default-jar)[m @ [36mmaven-repository-metadata[0;1m ---[m
[[1;34mINFO[m] Building jar: /home/user/Workspace/reproducibility/Reproducibility-Scanner/benchmarks/bugs-dot-jar/maven/maven-repository-metadata/target/maven-repository-metadata-3.0.4-SNAPSHOT.jar
[[1;34mINFO[m] 
[[1;34mINFO[m] [1m--- [0;32mmaven-site-plugin:3.0:attach-descriptor[m [1m(attach-descriptor)[m @ [36mmaven-repository-metadata[0;1m ---[m
[[1;34mINFO[m] 
[[1;34mINFO[m] [1m--- [0;32mmaven-install-plugin:2.3.1:install[m [1m(default-install)[m @ [36mmaven-repository-metadata[0;1m ---[m
[[1;34mINFO[m] Installing /home/user/Workspace/reproducibility/Reproducibility-Scanner/benchmarks/bugs-dot-jar/maven/maven-repository-metadata/target/maven-repository-metadata-3.0.4-SNAPSHOT.jar to /home/user/.m2/repository/org/apache/maven/maven-repository-metadata/3.0.4-SNAPSHOT/maven-repository-metadata-3.0.4-SNAPSHOT.jar
[[1;34mINFO[m] Installing /home/user/Workspace/reproducibility/Reproducibility-Scanner/benchmarks/bugs-dot-jar/maven/maven-repository-metadata/pom.xml to /home/user/.m2/repository/org/apache/maven/maven-repository-metadata/3.0.4-SNAPSHOT/maven-repository-metadata-3.0.4-SNAPSHOT.pom
[[1;34mINFO[m] 
[[1;34mINFO[m] [1m---------------< [0;36morg.apache.maven:maven-aether-provider[0;1m >---------------[m
[[1;34mINFO[m] [1mBuilding Maven Aether Provider 3.0.4-SNAPSHOT                     [9/13][m
[[1;34mINFO[m] [1m--------------------------------[ jar ]---------------------------------[m
[[1;34mINFO[m] 
[[1;34mINFO[m] [1m--- [0;32mmaven-remote-resources-plugin:1.2.1:process[m [1m(default)[m @ [36mmaven-aether-provider[0;1m ---[m
[[1;34mINFO[m] 
[[1;34mINFO[m] [1m--- [0;32mmaven-resources-plugin:2.5:resources[m [1m(default-resources)[m @ [36mmaven-aether-provider[0;1m ---[m
[debug] execute contextualize
[[1;34mINFO[m] Using 'UTF-8' encoding to copy filtered resources.
[[1;34mINFO[m] skip non existing resourceDirectory /home/user/Workspace/reproducibility/Reproducibility-Scanner/benchmarks/bugs-dot-jar/maven/maven-aether-provider/src/main/resources
[[1;34mINFO[m] Copying 3 resources
[[1;34mINFO[m] 
[[1;34mINFO[m] [1m--- [0;32mmaven-compiler-plugin:2.3.2:compile[m [1m(default-compile)[m @ [36mmaven-aether-provider[0;1m ---[m
[[1;34mINFO[m] Compiling 19 source files to /home/user/Workspace/reproducibility/Reproducibility-Scanner/benchmarks/bugs-dot-jar/maven/maven-aether-provider/target/classes
[[1;34mINFO[m] 
[[1;34mINFO[m] [1m--- [0;32manimal-sniffer-maven-plugin:1.6:check[m [1m(check-java-1.5-compat)[m @ [36mmaven-aether-provider[0;1m ---[m
[[1;34mINFO[m] Checking unresolved references to org.codehaus.mojo.signature:java15:1.0
[[1;34mINFO[m] 
[[1;34mINFO[m] [1m--- [0;32mplexus-component-metadata:1.5.5:generate-metadata[m [1m(default)[m @ [36mmaven-aether-provider[0;1m ---[m
[[1;34mINFO[m] Discovered 5 component descriptors(s)
[[1;34mINFO[m] 
[[1;34mINFO[m] [1m--- [0;32mmaven-resources-plugin:2.5:testResources[m [1m(default-testResources)[m @ [36mmaven-aether-provider[0;1m ---[m
[debug] execute contextualize
[[1;34mINFO[m] Using 'UTF-8' encoding to copy filtered resources.
[[1;34mINFO[m] skip non existing resourceDirectory /home/user/Workspace/reproducibility/Reproducibility-Scanner/benchmarks/bugs-dot-jar/maven/maven-aether-provider/src/test/resources
[[1;34mINFO[m] Copying 3 resources
[[1;34mINFO[m] 
[[1;34mINFO[m] [1m--- [0;32mmaven-compiler-plugin:2.3.2:testCompile[m [1m(default-testCompile)[m @ [36mmaven-aether-provider[0;1m ---[m
[[1;34mINFO[m] Compiling 1 source file to /home/user/Workspace/reproducibility/Reproducibility-Scanner/benchmarks/bugs-dot-jar/maven/maven-aether-provider/target/test-classes
[[1;34mINFO[m] 
[[1;34mINFO[m] [1m--- [0;32mplexus-component-metadata:1.5.5:generate-test-metadata[m [1m(default)[m @ [36mmaven-aether-provider[0;1m ---[m
[[1;34mINFO[m] 
[[1;34mINFO[m] [1m--- [0;32mmaven-surefire-plugin:2.9:test[m [1m(default-test)[m @ [36mmaven-aether-provider[0;1m ---[m
[[1;34mINFO[m] Tests are skipped.
[[1;34mINFO[m] 
[[1;34mINFO[m] [1m--- [0;32mmaven-jar-plugin:2.3.1:jar[m [1m(default-jar)[m @ [36mmaven-aether-provider[0;1m ---[m
[[1;34mINFO[m] Building jar: /home/user/Workspace/reproducibility/Reproducibility-Scanner/benchmarks/bugs-dot-jar/maven/maven-aether-provider/target/maven-aether-provider-3.0.4-SNAPSHOT.jar
[[1;34mINFO[m] 
[[1;34mINFO[m] [1m--- [0;32mmaven-site-plugin:3.0:attach-descriptor[m [1m(attach-descriptor)[m @ [36mmaven-aether-provider[0;1m ---[m
[[1;34mINFO[m] 
[[1;34mINFO[m] [1m--- [0;32mmaven-install-plugin:2.3.1:install[m [1m(default-install)[m @ [36mmaven-aether-provider[0;1m ---[m
[[1;34mINFO[m] Installing /home/user/Workspace/reproducibility/Reproducibility-Scanner/benchmarks/bugs-dot-jar/maven/maven-aether-provider/target/maven-aether-provider-3.0.4-SNAPSHOT.jar to /home/user/.m2/repository/org/apache/maven/maven-aether-provider/3.0.4-SNAPSHOT/maven-aether-provider-3.0.4-SNAPSHOT.jar
[[1;34mINFO[m] Installing /home/user/Workspace/reproducibility/Reproducibility-Scanner/benchmarks/bugs-dot-jar/maven/maven-aether-provider/pom.xml to /home/user/.m2/repository/org/apache/maven/maven-aether-provider/3.0.4-SNAPSHOT/maven-aether-provider-3.0.4-SNAPSHOT.pom
[[1;34mINFO[m] 
[[1;34mINFO[m] [1m--------------------< [0;36morg.apache.maven:maven-core[0;1m >---------------------[m
[[1;34mINFO[m] [1mBuilding Maven Core 3.0.4-SNAPSHOT                               [10/13][m
[[1;34mINFO[m] [1m--------------------------------[ jar ]---------------------------------[m
[[1;34mINFO[m] 
[[1;34mINFO[m] [1m--- [0;32mmodello-maven-plugin:1.4.1:java[m [1m(standard)[m @ [36mmaven-core[0;1m ---[m
[[1;34mINFO[m] outputDirectory: /home/user/Workspace/reproducibility/Reproducibility-Scanner/benchmarks/bugs-dot-jar/maven/maven-core/target/generated-sources/modello
[[1;34mINFO[m] Working on model: src/main/mdo/toolchains.mdo
[[1;34mINFO[m] Generating current version: 1.0.0
[[1;34mINFO[m] 
[[1;34mINFO[m] [1m--- [0;32mmodello-maven-plugin:1.4.1:xpp3-reader[m [1m(standard)[m @ [36mmaven-core[0;1m ---[m
[[1;34mINFO[m] outputDirectory: /home/user/Workspace/reproducibility/Reproducibility-Scanner/benchmarks/bugs-dot-jar/maven/maven-core/target/generated-sources/modello
[[1;34mINFO[m] Working on model: src/main/mdo/toolchains.mdo
[[1;34mINFO[m] Generating current version: 1.0.0
[[1;34mINFO[m] 
[[1;34mINFO[m] [1m--- [0;32mmodello-maven-plugin:1.4.1:xpp3-writer[m [1m(standard)[m @ [36mmaven-core[0;1m ---[m
[[1;34mINFO[m] outputDirectory: /home/user/Workspace/reproducibility/Reproducibility-Scanner/benchmarks/bugs-dot-jar/maven/maven-core/target/generated-sources/modello
[[1;34mINFO[m] Working on model: src/main/mdo/toolchains.mdo
[[1;34mINFO[m] Generating current version: 1.0.0
[[1;34mINFO[m] 
[[1;34mINFO[m] [1m--- [0;32mmaven-remote-resources-plugin:1.2.1:process[m [1m(default)[m @ [36mmaven-core[0;1m ---[m
[[1;34mINFO[m] 
[[1;34mINFO[m] [1m--- [0;32mbuildnumber-maven-plugin:1.0:create[m [1m(default)[m @ [36mmaven-core[0;1m ---[m
[[1;34mINFO[m] Storing buildNumber: NON-CANONICAL_2022-08-23_15-03_user@ad3.host at timestamp: 1661292209839
[[1;34mINFO[m] Executing: /bin/sh -c cd /home/user/Workspace/reproducibility/Reproducibility-Scanner/benchmarks/bugs-dot-jar/maven/maven-core && svn --non-interactive info
[[1;34mINFO[m] Working directory: /home/user/Workspace/reproducibility/Reproducibility-Scanner/benchmarks/bugs-dot-jar/maven/maven-core
[[1;34mINFO[m] Storing buildScmBranch: UNKNOWN_BRANCH
[[1;34mINFO[m] 
[[1;34mINFO[m] [1m--- [0;32mmaven-resources-plugin:2.5:resources[m [1m(default-resources)[m @ [36mmaven-core[0;1m ---[m
[debug] execute contextualize
[[1;34mINFO[m] Using 'UTF-8' encoding to copy filtered resources.
[[1;34mINFO[m] Copying 16 resources
[[1;34mINFO[m] Copying 3 resources
[[1;34mINFO[m] 
[[1;34mINFO[m] [1m--- [0;32mmaven-compiler-plugin:2.3.2:compile[m [1m(default-compile)[m @ [36mmaven-core[0;1m ---[m
[[1;34mINFO[m] Compiling 298 source files to /home/user/Workspace/reproducibility/Reproducibility-Scanner/benchmarks/bugs-dot-jar/maven/maven-core/target/classes
[[1;34mINFO[m] 
[[1;34mINFO[m] [1m--- [0;32manimal-sniffer-maven-plugin:1.6:check[m [1m(check-java-1.5-compat)[m @ [36mmaven-core[0;1m ---[m
[[1;34mINFO[m] Checking unresolved references to org.codehaus.mojo.signature:java15:1.0
[[1;34mINFO[m] 
[[1;34mINFO[m] [1m--- [0;32mplexus-component-metadata:1.5.5:generate-metadata[m [1m(default)[m @ [36mmaven-core[0;1m ---[m
[[1;34mINFO[m] Discovered 59 component descriptors(s)
[[1;34mINFO[m] 
[[1;34mINFO[m] [1m--- [0;32mmaven-resources-plugin:2.5:testResources[m [1m(default-testResources)[m @ [36mmaven-core[0;1m ---[m
[debug] execute contextualize
[[1;34mINFO[m] Using 'UTF-8' encoding to copy filtered resources.
[[1;34mINFO[m] Copying 213 resources
[[1;34mINFO[m] Copying 3 resources
[[1;34mINFO[m] 
[[1;34mINFO[m] [1m--- [0;32mmaven-compiler-plugin:2.3.2:testCompile[m [1m(default-testCompile)[m @ [36mmaven-core[0;1m ---[m
[[1;34mINFO[m] Compiling 71 source files to /home/user/Workspace/reproducibility/Reproducibility-Scanner/benchmarks/bugs-dot-jar/maven/maven-core/target/test-classes
[[1;34mINFO[m] 
[[1;34mINFO[m] [1m--- [0;32mplexus-component-metadata:1.5.5:generate-test-metadata[m [1m(default)[m @ [36mmaven-core[0;1m ---[m
[[1;34mINFO[m] Discovered 4 component descriptors(s)
[[1;34mINFO[m] 
[[1;34mINFO[m] [1m--- [0;32mmaven-surefire-plugin:2.9:test[m [1m(default-test)[m @ [36mmaven-core[0;1m ---[m
[[1;34mINFO[m] Tests are skipped.
[[1;34mINFO[m] 
[[1;34mINFO[m] [1m--- [0;32mmaven-jar-plugin:2.3.1:jar[m [1m(default-jar)[m @ [36mmaven-core[0;1m ---[m
[[1;34mINFO[m] Building jar: /home/user/Workspace/reproducibility/Reproducibility-Scanner/benchmarks/bugs-dot-jar/maven/maven-core/target/maven-core-3.0.4-SNAPSHOT.jar
[[1;34mINFO[m] 
[[1;34mINFO[m] [1m--- [0;32mmaven-site-plugin:3.0:attach-descriptor[m [1m(attach-descriptor)[m @ [36mmaven-core[0;1m ---[m
[[1;34mINFO[m] 
[[1;34mINFO[m] [1m--- [0;32mmaven-install-plugin:2.3.1:install[m [1m(default-install)[m @ [36mmaven-core[0;1m ---[m
[[1;34mINFO[m] Installing /home/user/Workspace/reproducibility/Reproducibility-Scanner/benchmarks/bugs-dot-jar/maven/maven-core/target/maven-core-3.0.4-SNAPSHOT.jar to /home/user/.m2/repository/org/apache/maven/maven-core/3.0.4-SNAPSHOT/maven-core-3.0.4-SNAPSHOT.jar
[[1;34mINFO[m] Installing /home/user/Workspace/reproducibility/Reproducibility-Scanner/benchmarks/bugs-dot-jar/maven/maven-core/pom.xml to /home/user/.m2/repository/org/apache/maven/maven-core/3.0.4-SNAPSHOT/maven-core-3.0.4-SNAPSHOT.pom
[[1;34mINFO[m] 
[[1;34mINFO[m] [1m-------------------< [0;36morg.apache.maven:maven-compat[0;1m >--------------------[m
[[1;34mINFO[m] [1mBuilding Maven Compat 3.0.4-SNAPSHOT                             [11/13][m
[[1;34mINFO[m] [1m--------------------------------[ jar ]---------------------------------[m
Downloading from centralhttps: http://insecure.repo1.maven.org/maven2/org/apache/maven/wagon/wagon-file/2.1/wagon-file-2.1.pom
Downloaded from centralhttps: http://insecure.repo1.maven.org/maven2/org/apache/maven/wagon/wagon-file/2.1/wagon-file-2.1.pom (0 B at 0 B/s)
Downloading from centralhttps: http://insecure.repo1.maven.org/maven2/org/apache/maven/wagon/wagon-providers/2.1/wagon-providers-2.1.pom
Downloaded from centralhttps: http://insecure.repo1.maven.org/maven2/org/apache/maven/wagon/wagon-providers/2.1/wagon-providers-2.1.pom (0 B at 0 B/s)
Downloading from centralhttps: http://insecure.repo1.maven.org/maven2/org/apache/maven/wagon/wagon-file/2.1/wagon-file-2.1.jar
Downloaded from centralhttps: http://insecure.repo1.maven.org/maven2/org/apache/maven/wagon/wagon-file/2.1/wagon-file-2.1.jar (0 B at 0 B/s)
[[1;34mINFO[m] 
[[1;34mINFO[m] [1m--- [0;32mmodello-maven-plugin:1.4.1:java[m [1m(standard)[m @ [36mmaven-compat[0;1m ---[m
[[1;34mINFO[m] outputDirectory: /home/user/Workspace/reproducibility/Reproducibility-Scanner/benchmarks/bugs-dot-jar/maven/maven-compat/target/generated-sources/modello
[[1;34mINFO[m] Working on model: src/main/mdo/profiles.mdo
[[1;34mINFO[m] Generating current version: 1.0.0
[[1;34mINFO[m] Working on model: src/main/mdo/paramdoc.mdo
[[1;34mINFO[m] Generating current version: 1.0.0
[[1;34mINFO[m] 
[[1;34mINFO[m] [1m--- [0;32mmodello-maven-plugin:1.4.1:xpp3-reader[m [1m(standard)[m @ [36mmaven-compat[0;1m ---[m
[[1;34mINFO[m] outputDirectory: /home/user/Workspace/reproducibility/Reproducibility-Scanner/benchmarks/bugs-dot-jar/maven/maven-compat/target/generated-sources/modello
[[1;34mINFO[m] Working on model: src/main/mdo/profiles.mdo
[[1;34mINFO[m] Generating current version: 1.0.0
[[1;34mINFO[m] Working on model: src/main/mdo/paramdoc.mdo
[[1;34mINFO[m] Generating current version: 1.0.0
[[1;34mINFO[m] 
[[1;34mINFO[m] [1m--- [0;32mmodello-maven-plugin:1.4.1:xpp3-writer[m [1m(standard)[m @ [36mmaven-compat[0;1m ---[m
[[1;34mINFO[m] outputDirectory: /home/user/Workspace/reproducibility/Reproducibility-Scanner/benchmarks/bugs-dot-jar/maven/maven-compat/target/generated-sources/modello
[[1;34mINFO[m] Working on model: src/main/mdo/profiles.mdo
[[1;34mINFO[m] Generating current version: 1.0.0
[[1;34mINFO[m] Working on model: src/main/mdo/paramdoc.mdo
[[1;34mINFO[m] Generating current version: 1.0.0
[[1;34mINFO[m] 
[[1;34mINFO[m] [1m--- [0;32mmaven-remote-resources-plugin:1.2.1:process[m [1m(default)[m @ [36mmaven-compat[0;1m ---[m
[[1;34mINFO[m] 
[[1;34mINFO[m] [1m--- [0;32mmaven-resources-plugin:2.5:resources[m [1m(default-resources)[m @ [36mmaven-compat[0;1m ---[m
[debug] execute contextualize
[[1;34mINFO[m] Using 'UTF-8' encoding to copy filtered resources.
[[1;34mINFO[m] Copying 4 resources
[[1;34mINFO[m] Copying 3 resources
[[1;34mINFO[m] 
[[1;34mINFO[m] [1m--- [0;32mmaven-compiler-plugin:2.3.2:compile[m [1m(default-compile)[m @ [36mmaven-compat[0;1m ---[m
[[1;34mINFO[m] Compiling 146 source files to /home/user/Workspace/reproducibility/Reproducibility-Scanner/benchmarks/bugs-dot-jar/maven/maven-compat/target/classes
[[1;34mINFO[m] 
[[1;34mINFO[m] [1m--- [0;32manimal-sniffer-maven-plugin:1.6:check[m [1m(check-java-1.5-compat)[m @ [36mmaven-compat[0;1m ---[m
[[1;34mINFO[m] Checking unresolved references to org.codehaus.mojo.signature:java15:1.0
[[1;34mINFO[m] 
[[1;34mINFO[m] [1m--- [0;32mplexus-component-metadata:1.5.5:generate-metadata[m [1m(default)[m @ [36mmaven-compat[0;1m ---[m
[[1;34mINFO[m] Discovered 34 component descriptors(s)
[[1;34mINFO[m] 
[[1;34mINFO[m] [1m--- [0;32mmaven-resources-plugin:2.5:testResources[m [1m(default-testResources)[m @ [36mmaven-compat[0;1m ---[m
[debug] execute contextualize
[[1;34mINFO[m] Using 'UTF-8' encoding to copy filtered resources.
[[1;34mINFO[m] Copying 156 resources
[[1;34mINFO[m] Copying 3 resources
[[1;34mINFO[m] 
[[1;34mINFO[m] [1m--- [0;32mmaven-compiler-plugin:2.3.2:testCompile[m [1m(default-testCompile)[m @ [36mmaven-compat[0;1m ---[m
[[1;34mINFO[m] Compiling 71 source files to /home/user/Workspace/reproducibility/Reproducibility-Scanner/benchmarks/bugs-dot-jar/maven/maven-compat/target/test-classes
[[1;34mINFO[m] 
[[1;34mINFO[m] [1m--- [0;32mplexus-component-metadata:1.5.5:generate-test-metadata[m [1m(default)[m @ [36mmaven-compat[0;1m ---[m
[[1;34mINFO[m] Discovered 12 component descriptors(s)
[[1;34mINFO[m] 
[[1;34mINFO[m] [1m--- [0;32mmaven-surefire-plugin:2.9:test[m [1m(default-test)[m @ [36mmaven-compat[0;1m ---[m
[[1;34mINFO[m] Tests are skipped.
[[1;34mINFO[m] 
[[1;34mINFO[m] [1m--- [0;32mmaven-jar-plugin:2.3.1:jar[m [1m(default-jar)[m @ [36mmaven-compat[0;1m ---[m
[[1;34mINFO[m] Building jar: /home/user/Workspace/reproducibility/Reproducibility-Scanner/benchmarks/bugs-dot-jar/maven/maven-compat/target/maven-compat-3.0.4-SNAPSHOT.jar
[[1;34mINFO[m] 
[[1;34mINFO[m] [1m--- [0;32mmaven-site-plugin:3.0:attach-descriptor[m [1m(attach-descriptor)[m @ [36mmaven-compat[0;1m ---[m
[[1;34mINFO[m] 
[[1;34mINFO[m] [1m--- [0;32mmaven-install-plugin:2.3.1:install[m [1m(default-install)[m @ [36mmaven-compat[0;1m ---[m
[[1;34mINFO[m] Installing /home/user/Workspace/reproducibility/Reproducibility-Scanner/benchmarks/bugs-dot-jar/maven/maven-compat/target/maven-compat-3.0.4-SNAPSHOT.jar to /home/user/.m2/repository/org/apache/maven/maven-compat/3.0.4-SNAPSHOT/maven-compat-3.0.4-SNAPSHOT.jar
[[1;34mINFO[m] Installing /home/user/Workspace/reproducibility/Reproducibility-Scanner/benchmarks/bugs-dot-jar/maven/maven-compat/pom.xml to /home/user/.m2/repository/org/apache/maven/maven-compat/3.0.4-SNAPSHOT/maven-compat-3.0.4-SNAPSHOT.pom
[[1;34mINFO[m] 
[[1;34mINFO[m] [1m------------------< [0;36morg.apache.maven:maven-embedder[0;1m >-------------------[m
[[1;34mINFO[m] [1mBuilding Maven Embedder 3.0.4-SNAPSHOT                           [12/13][m
[[1;34mINFO[m] [1m--------------------------------[ jar ]---------------------------------[m
[[1;34mINFO[m] 
[[1;34mINFO[m] [1m--- [0;32mmaven-remote-resources-plugin:1.2.1:process[m [1m(default)[m @ [36mmaven-embedder[0;1m ---[m
[[1;34mINFO[m] 
[[1;34mINFO[m] [1m--- [0;32mmaven-resources-plugin:2.5:resources[m [1m(default-resources)[m @ [36mmaven-embedder[0;1m ---[m
[debug] execute contextualize
[[1;34mINFO[m] Using 'UTF-8' encoding to copy filtered resources.
[[1;34mINFO[m] Copying 1 resource
[[1;34mINFO[m] Copying 3 resources
[[1;34mINFO[m] 
[[1;34mINFO[m] [1m--- [0;32mmaven-compiler-plugin:2.3.2:compile[m [1m(default-compile)[m @ [36mmaven-embedder[0;1m ---[m
[[1;34mINFO[m] Compiling 11 source files to /home/user/Workspace/reproducibility/Reproducibility-Scanner/benchmarks/bugs-dot-jar/maven/maven-embedder/target/classes
[[1;34mINFO[m] 
[[1;34mINFO[m] [1m--- [0;32manimal-sniffer-maven-plugin:1.6:check[m [1m(check-java-1.5-compat)[m @ [36mmaven-embedder[0;1m ---[m
[[1;34mINFO[m] Checking unresolved references to org.codehaus.mojo.signature:java15:1.0
[[1;34mINFO[m] 
[[1;34mINFO[m] [1m--- [0;32mplexus-component-metadata:1.5.5:generate-metadata[m [1m(default)[m @ [36mmaven-embedder[0;1m ---[m
[[1;34mINFO[m] 
[[1;34mINFO[m] [1m--- [0;32mmaven-resources-plugin:2.5:testResources[m [1m(default-testResources)[m @ [36mmaven-embedder[0;1m ---[m
[debug] execute contextualize
[[1;34mINFO[m] Using 'UTF-8' encoding to copy filtered resources.
[[1;34mINFO[m] Copying 7 resources
[[1;34mINFO[m] Copying 3 resources
[[1;34mINFO[m] 
[[1;34mINFO[m] [1m--- [0;32mmaven-compiler-plugin:2.3.2:testCompile[m [1m(default-testCompile)[m @ [36mmaven-embedder[0;1m ---[m
[[1;34mINFO[m] No sources to compile
[[1;34mINFO[m] 
[[1;34mINFO[m] [1m--- [0;32mplexus-component-metadata:1.5.5:generate-test-metadata[m [1m(default)[m @ [36mmaven-embedder[0;1m ---[m
[[1;34mINFO[m] 
[[1;34mINFO[m] [1m--- [0;32mmaven-surefire-plugin:2.9:test[m [1m(default-test)[m @ [36mmaven-embedder[0;1m ---[m
[[1;34mINFO[m] Tests are skipped.
[[1;34mINFO[m] 
[[1;34mINFO[m] [1m--- [0;32mmaven-jar-plugin:2.3.1:jar[m [1m(default-jar)[m @ [36mmaven-embedder[0;1m ---[m
[[1;34mINFO[m] Building jar: /home/user/Workspace/reproducibility/Reproducibility-Scanner/benchmarks/bugs-dot-jar/maven/maven-embedder/target/maven-embedder-3.0.4-SNAPSHOT.jar
[[1;34mINFO[m] 
[[1;34mINFO[m] [1m--- [0;32mmaven-site-plugin:3.0:attach-descriptor[m [1m(attach-descriptor)[m @ [36mmaven-embedder[0;1m ---[m
[[1;34mINFO[m] 
[[1;34mINFO[m] [1m--- [0;32mmaven-install-plugin:2.3.1:install[m [1m(default-install)[m @ [36mmaven-embedder[0;1m ---[m
[[1;34mINFO[m] Installing /home/user/Workspace/reproducibility/Reproducibility-Scanner/benchmarks/bugs-dot-jar/maven/maven-embedder/target/maven-embedder-3.0.4-SNAPSHOT.jar to /home/user/.m2/repository/org/apache/maven/maven-embedder/3.0.4-SNAPSHOT/maven-embedder-3.0.4-SNAPSHOT.jar
[[1;34mINFO[m] Installing /home/user/Workspace/reproducibility/Reproducibility-Scanner/benchmarks/bugs-dot-jar/maven/maven-embedder/pom.xml to /home/user/.m2/repository/org/apache/maven/maven-embedder/3.0.4-SNAPSHOT/maven-embedder-3.0.4-SNAPSHOT.pom
[[1;34mINFO[m] 
[[1;34mINFO[m] [1m-------------------< [0;36morg.apache.maven:apache-maven[0;1m >--------------------[m
[[1;34mINFO[m] [1mBuilding Maven Distribution 3.0.4-SNAPSHOT                       [13/13][m
[[1;34mINFO[m] [1m--------------------------------[ pom ]---------------------------------[m
Downloading from centralhttps: http://insecure.repo1.maven.org/maven2/org/apache/maven/wagon/wagon-http/2.1/wagon-http-2.1.pom
Downloaded from centralhttps: http://insecure.repo1.maven.org/maven2/org/apache/maven/wagon/wagon-http/2.1/wagon-http-2.1.pom (0 B at 0 B/s)
Downloading from centralhttps: http://insecure.repo1.maven.org/maven2/org/apache/maven/wagon/wagon-http/2.1/wagon-http-2.1-shaded.jar
Downloaded from centralhttps: http://insecure.repo1.maven.org/maven2/org/apache/maven/wagon/wagon-http/2.1/wagon-http-2.1-shaded.jar (0 B at 0 B/s)
[[1;34mINFO[m] 
[[1;34mINFO[m] [1m--- [0;32mmaven-remote-resources-plugin:1.2.1:process[m [1m(default)[m @ [36mapache-maven[0;1m ---[m
[[1;34mINFO[m] 
[[1;34mINFO[m] [1m--- [0;32manimal-sniffer-maven-plugin:1.6:check[m [1m(check-java-1.5-compat)[m @ [36mapache-maven[0;1m ---[m
[[1;34mINFO[m] Checking unresolved references to org.codehaus.mojo.signature:java15:1.0
[[1;34mINFO[m] 
[[1;34mINFO[m] [1m--- [0;32mmaven-compiler-plugin:2.3.2:testCompile[m [1m(test-compile)[m @ [36mapache-maven[0;1m ---[m
[[1;34mINFO[m] Compiling 1 source file to /home/user/Workspace/reproducibility/Reproducibility-Scanner/benchmarks/bugs-dot-jar/maven/apache-maven/target/test-classes
[[1;34mINFO[m] 
[[1;34mINFO[m] [1m--- [0;32mmaven-surefire-plugin:2.9:test[m [1m(test)[m @ [36mapache-maven[0;1m ---[m
[[1;34mINFO[m] Tests are skipped.
[[1;34mINFO[m] 
[[1;34mINFO[m] [1m--- [0;32mmaven-site-plugin:3.0:attach-descriptor[m [1m(attach-descriptor)[m @ [36mapache-maven[0;1m ---[m
[[1;34mINFO[m] 
[[1;34mINFO[m] [1m--- [0;32mmaven-assembly-plugin:2.2-beta-5:single[m [1m(create-distro)[m @ [36mapache-maven[0;1m ---[m
Downloading from centralhttps: http://insecure.repo1.maven.org/maven2/org/apache/maven/shared/maven-common-artifact-filters/1.1/maven-common-artifact-filters-1.1.pom
Downloaded from centralhttps: http://insecure.repo1.maven.org/maven2/org/apache/maven/shared/maven-common-artifact-filters/1.1/maven-common-artifact-filters-1.1.pom (0 B at 0 B/s)
Downloading from centralhttps: http://insecure.repo1.maven.org/maven2/org/apache/maven/shared/maven-common-artifact-filters/1.1/maven-common-artifact-filters-1.1.jar
Downloaded from centralhttps: http://insecure.repo1.maven.org/maven2/org/apache/maven/shared/maven-common-artifact-filters/1.1/maven-common-artifact-filters-1.1.jar (0 B at 0 B/s)
[[1;34mINFO[m] Reading assembly descriptor: src/main/assembly/bin.xml
[[1;33mWARNING[m] The following patterns were never triggered in this artifact exclusion filter:
o  'junit:junit'
o  'log4j:log4j'
o  'commons-logging:commons-logging-api'

[[1;34mINFO[m] Building zip: /home/user/Workspace/reproducibility/Reproducibility-Scanner/benchmarks/bugs-dot-jar/maven/apache-maven/target/apache-maven-3.0.4-SNAPSHOT-bin.zip
[[1;33mWARNING[m] The following patterns were never triggered in this artifact exclusion filter:
o  'junit:junit'
o  'log4j:log4j'
o  'commons-logging:commons-logging-api'

[[1;34mINFO[m] Building tar : /home/user/Workspace/reproducibility/Reproducibility-Scanner/benchmarks/bugs-dot-jar/maven/apache-maven/target/apache-maven-3.0.4-SNAPSHOT-bin.tar.gz
[[1;34mINFO[m] 
[[1;34mINFO[m] [1m--- [0;32mmaven-install-plugin:2.3.1:install[m [1m(default-install)[m @ [36mapache-maven[0;1m ---[m
[[1;34mINFO[m] Installing /home/user/Workspace/reproducibility/Reproducibility-Scanner/benchmarks/bugs-dot-jar/maven/apache-maven/pom.xml to /home/user/.m2/repository/org/apache/maven/apache-maven/3.0.4-SNAPSHOT/apache-maven-3.0.4-SNAPSHOT.pom
[[1;34mINFO[m] Installing /home/user/Workspace/reproducibility/Reproducibility-Scanner/benchmarks/bugs-dot-jar/maven/apache-maven/target/apache-maven-3.0.4-SNAPSHOT-site.xml to /home/user/.m2/repository/org/apache/maven/apache-maven/3.0.4-SNAPSHOT/apache-maven-3.0.4-SNAPSHOT-site.xml
[[1;34mINFO[m] Installing /home/user/Workspace/reproducibility/Reproducibility-Scanner/benchmarks/bugs-dot-jar/maven/apache-maven/target/apache-maven-3.0.4-SNAPSHOT-bin.zip to /home/user/.m2/repository/org/apache/maven/apache-maven/3.0.4-SNAPSHOT/apache-maven-3.0.4-SNAPSHOT-bin.zip
[[1;34mINFO[m] Installing /home/user/Workspace/reproducibility/Reproducibility-Scanner/benchmarks/bugs-dot-jar/maven/apache-maven/target/apache-maven-3.0.4-SNAPSHOT-bin.tar.gz to /home/user/.m2/repository/org/apache/maven/apache-maven/3.0.4-SNAPSHOT/apache-maven-3.0.4-SNAPSHOT-bin.tar.gz
[[1;34mINFO[m] [1m------------------------------------------------------------------------[m
[[1;34mINFO[m] [1mReactor Summary for Apache Maven 3.0.4-SNAPSHOT:[m
[[1;34mINFO[m] 
[[1;34mINFO[m] Apache Maven ....................................... [1;32mSUCCESS[m [  4.269 s]
[[1;34mINFO[m] Maven Model ........................................ [1;32mSUCCESS[m [  7.587 s]
[[1;34mINFO[m] Maven Artifact ..................................... [1;32mSUCCESS[m [  1.557 s]
[[1;34mINFO[m] Maven Plugin API ................................... [1;32mSUCCESS[m [  2.872 s]
[[1;34mINFO[m] Maven Model Builder ................................ [1;32mSUCCESS[m [  2.434 s]
[[1;34mINFO[m] Maven Settings ..................................... [1;32mSUCCESS[m [  1.019 s]
[[1;34mINFO[m] Maven Settings Builder ............................. [1;32mSUCCESS[m [  1.404 s]
[[1;34mINFO[m] Maven Repository Metadata Model .................... [1;32mSUCCESS[m [  0.804 s]
[[1;34mINFO[m] Maven Aether Provider .............................. [1;32mSUCCESS[m [  2.019 s]
[[1;34mINFO[m] Maven Core ......................................... [1;32mSUCCESS[m [ 10.469 s]
[[1;34mINFO[m] Maven Compat ....................................... [1;32mSUCCESS[m [  8.007 s]
[[1;34mINFO[m] Maven Embedder ..................................... [1;32mSUCCESS[m [  2.179 s]
[[1;34mINFO[m] Maven Distribution ................................. [1;32mSUCCESS[m [  6.566 s]
[[1;34mINFO[m] [1m------------------------------------------------------------------------[m
[[1;34mINFO[m] [1;32mBUILD SUCCESS[m
[[1;34mINFO[m] [1m------------------------------------------------------------------------[m
[[1;34mINFO[m] Total time:  51.456 s
[[1;34mINFO[m] Finished at: 2022-08-23T15:03:56-07:00
[[1;34mINFO[m] [1m------------------------------------------------------------------------[m
[[1;34mINFO[m] Scanning for projects...
[[1;34mINFO[m] 
[[1;34mINFO[m] [1m--------------------< [0;36morg.apache.maven:maven-core[0;1m >---------------------[m
[[1;34mINFO[m] [1mBuilding Maven Core 3.0.4-SNAPSHOT[m
[[1;34mINFO[m] [1m--------------------------------[ jar ]---------------------------------[m
[[1;34mINFO[m] 
[[1;34mINFO[m] [1m--- [0;32mmodello-maven-plugin:1.4.1:java[m [1m(standard)[m @ [36mmaven-core[0;1m ---[m
[[1;34mINFO[m] outputDirectory: /home/user/Workspace/reproducibility/Reproducibility-Scanner/benchmarks/bugs-dot-jar/maven/maven-core/target/generated-sources/modello
[[1;34mINFO[m] Working on model: src/main/mdo/toolchains.mdo
[[1;34mINFO[m] Generating current version: 1.0.0
[[1;34mINFO[m] 
[[1;34mINFO[m] [1m--- [0;32mmodello-maven-plugin:1.4.1:xpp3-reader[m [1m(standard)[m @ [36mmaven-core[0;1m ---[m
[[1;34mINFO[m] outputDirectory: /home/user/Workspace/reproducibility/Reproducibility-Scanner/benchmarks/bugs-dot-jar/maven/maven-core/target/generated-sources/modello
[[1;34mINFO[m] Working on model: src/main/mdo/toolchains.mdo
[[1;34mINFO[m] Generating current version: 1.0.0
[[1;34mINFO[m] 
[[1;34mINFO[m] [1m--- [0;32mmodello-maven-plugin:1.4.1:xpp3-writer[m [1m(standard)[m @ [36mmaven-core[0;1m ---[m
[[1;34mINFO[m] outputDirectory: /home/user/Workspace/reproducibility/Reproducibility-Scanner/benchmarks/bugs-dot-jar/maven/maven-core/target/generated-sources/modello
[[1;34mINFO[m] Working on model: src/main/mdo/toolchains.mdo
[[1;34mINFO[m] Generating current version: 1.0.0
[[1;34mINFO[m] 
[[1;34mINFO[m] [1m--- [0;32mmaven-remote-resources-plugin:1.2.1:process[m [1m(default)[m @ [36mmaven-core[0;1m ---[m
[[1;34mINFO[m] 
[[1;34mINFO[m] [1m--- [0;32mbuildnumber-maven-plugin:1.0:create[m [1m(default)[m @ [36mmaven-core[0;1m ---[m
[[1;34mINFO[m] Storing buildNumber: NON-CANONICAL_2022-08-23_15-04_user@ad3.host at timestamp: 1661292240254
[[1;34mINFO[m] Executing: /bin/sh -c cd /home/user/Workspace/reproducibility/Reproducibility-Scanner/benchmarks/bugs-dot-jar/maven/maven-core && svn --non-interactive info
[[1;34mINFO[m] Working directory: /home/user/Workspace/reproducibility/Reproducibility-Scanner/benchmarks/bugs-dot-jar/maven/maven-core
[[1;34mINFO[m] Storing buildScmBranch: UNKNOWN_BRANCH
[[1;34mINFO[m] 
[[1;34mINFO[m] [1m--- [0;32mmaven-resources-plugin:2.5:resources[m [1m(default-resources)[m @ [36mmaven-core[0;1m ---[m
[debug] execute contextualize
[[1;34mINFO[m] Using 'UTF-8' encoding to copy filtered resources.
[[1;34mINFO[m] Copying 16 resources
[[1;34mINFO[m] Copying 3 resources
[[1;34mINFO[m] 
[[1;34mINFO[m] [1m--- [0;32mmaven-compiler-plugin:2.3.2:compile[m [1m(default-compile)[m @ [36mmaven-core[0;1m ---[m
[[1;34mINFO[m] Compiling 4 source files to /home/user/Workspace/reproducibility/Reproducibility-Scanner/benchmarks/bugs-dot-jar/maven/maven-core/target/classes
[[1;34mINFO[m] 
[[1;34mINFO[m] [1m--- [0;32manimal-sniffer-maven-plugin:1.6:check[m [1m(check-java-1.5-compat)[m @ [36mmaven-core[0;1m ---[m
[[1;34mINFO[m] Checking unresolved references to org.codehaus.mojo.signature:java15:1.0
[[1;34mINFO[m] 
[[1;34mINFO[m] [1m--- [0;32mplexus-component-metadata:1.5.5:generate-metadata[m [1m(default)[m @ [36mmaven-core[0;1m ---[m
[[1;34mINFO[m] Discovered 59 component descriptors(s)
[[1;34mINFO[m] 
[[1;34mINFO[m] [1m--- [0;32mmaven-resources-plugin:2.5:testResources[m [1m(default-testResources)[m @ [36mmaven-core[0;1m ---[m
[debug] execute contextualize
[[1;34mINFO[m] Using 'UTF-8' encoding to copy filtered resources.
[[1;34mINFO[m] Copying 213 resources
[[1;34mINFO[m] Copying 3 resources
[[1;34mINFO[m] 
[[1;34mINFO[m] [1m--- [0;32mmaven-compiler-plugin:2.3.2:testCompile[m [1m(default-testCompile)[m @ [36mmaven-core[0;1m ---[m
[[1;34mINFO[m] Nothing to compile - all classes are up to date
[[1;34mINFO[m] 
[[1;34mINFO[m] [1m--- [0;32mplexus-component-metadata:1.5.5:generate-test-metadata[m [1m(default)[m @ [36mmaven-core[0;1m ---[m
[[1;34mINFO[m] Discovered 4 component descriptors(s)
[[1;34mINFO[m] 
[[1;34mINFO[m] [1m--- [0;32mmaven-surefire-plugin:2.9:test[m [1m(default-test)[m @ [36mmaven-core[0;1m ---[m
[[1;34mINFO[m] Surefire report directory: /home/user/Workspace/reproducibility/Reproducibility-Scanner/benchmarks/bugs-dot-jar/maven/maven-core/target/surefire-reports
Downloading from centralhttps: http://insecure.repo1.maven.org/maven2/org/apache/maven/surefire/surefire-junit3/2.9/surefire-junit3-2.9.pom
Downloaded from centralhttps: http://insecure.repo1.maven.org/maven2/org/apache/maven/surefire/surefire-junit3/2.9/surefire-junit3-2.9.pom (0 B at 0 B/s)
Downloading from centralhttps: http://insecure.repo1.maven.org/maven2/org/apache/maven/surefire/surefire-junit3/2.9/surefire-junit3-2.9.jar
Downloaded from centralhttps: http://insecure.repo1.maven.org/maven2/org/apache/maven/surefire/surefire-junit3/2.9/surefire-junit3-2.9.jar (0 B at 0 B/s)

-------------------------------------------------------
 T E S T S
-------------------------------------------------------
Running org.apache.maven.MavenLifecycleParticipantTest
Tests run: 1, Failures: 0, Errors: 0, Skipped: 0, Time elapsed: 0.78 sec
Running org.apache.maven.settings.PomConstructionWithSettingsTest
Tests run: 3, Failures: 0, Errors: 0, Skipped: 0, Time elapsed: 0.197 sec
Running org.apache.maven.settings.SettingsUtilsTest
Tests run: 1, Failures: 0, Errors: 0, Skipped: 0, Time elapsed: 0.001 sec
Running org.apache.maven.rtinfo.internal.DefaultRuntimeInformationTest
Tests run: 2, Failures: 0, Errors: 0, Skipped: 0, Time elapsed: 0.053 sec
Running org.apache.maven.execution.DefaultMavenExecutionTest
Tests run: 2, Failures: 0, Errors: 0, Skipped: 0, Time elapsed: 0 sec
Running org.apache.maven.configuration.DefaultBeanConfiguratorTest
Tests run: 3, Failures: 0, Errors: 0, Skipped: 0, Time elapsed: 0.087 sec
Running org.apache.maven.toolchain.RequirementMatcherFactoryTest
Tests run: 2, Failures: 0, Errors: 0, Skipped: 0, Time elapsed: 0.001 sec
Running org.apache.maven.MavenTest
Tests run: 1, Failures: 0, Errors: 0, Skipped: 0, Time elapsed: 0.032 sec
Running org.apache.maven.lifecycle.internal.ThreadConfigurationServiceTest
Tests run: 1, Failures: 0, Errors: 0, Skipped: 0, Time elapsed: 0.001 sec
Running org.apache.maven.lifecycle.internal.LifecycleExecutionPlanCalculatorTest
Tests run: 1, Failures: 0, Errors: 0, Skipped: 0, Time elapsed: 0.031 sec
Running org.apache.maven.lifecycle.internal.BuilderCommonTest
Tests run: 4, Failures: 0, Errors: 0, Skipped: 0, Time elapsed: 0.002 sec
Running org.apache.maven.lifecycle.internal.LifecycleTaskSegmentCalculatorImplTest
Tests run: 1, Failures: 0, Errors: 0, Skipped: 0, Time elapsed: 0.001 sec
Running org.apache.maven.lifecycle.internal.PhaseRecorderTest
Tests run: 1, Failures: 0, Errors: 0, Skipped: 0, Time elapsed: 0.001 sec
Running org.apache.maven.lifecycle.internal.ConcurrentBuildLoggerTest
Tests run: 1, Failures: 0, Errors: 0, Skipped: 0, Time elapsed: 0.002 sec
Running org.apache.maven.lifecycle.internal.ExecutionPlanItemTest
Tests run: 2, Failures: 0, Errors: 0, Skipped: 0, Time elapsed: 0 sec
Running org.apache.maven.lifecycle.internal.ThreadOutputMuxerTest
Tests run: 2, Failures: 0, Errors: 0, Skipped: 0, Time elapsed: 0.738 sec
Running org.apache.maven.lifecycle.internal.BuildListCalculatorTest
Tests run: 1, Failures: 0, Errors: 0, Skipped: 0, Time elapsed: 0 sec
Running org.apache.maven.lifecycle.internal.ProjectBuildListTest
Tests run: 1, Failures: 0, Errors: 0, Skipped: 0, Time elapsed: 0 sec
Running org.apache.maven.lifecycle.internal.ConcurrencyDependencyGraphTest
Tests run: 2, Failures: 0, Errors: 0, Skipped: 0, Time elapsed: 0 sec
Running org.apache.maven.lifecycle.internal.stub.ProjectDependencyGraphStubTest
Tests run: 1, Failures: 0, Errors: 0, Skipped: 0, Time elapsed: 0 sec
Running org.apache.maven.lifecycle.internal.LifecycleWeaveBuilderTest
Tests run: 2, Failures: 0, Errors: 0, Skipped: 0, Time elapsed: 0.03 sec
Running org.apache.maven.lifecycle.DefaultSchedulesTest
Tests run: 1, Failures: 0, Errors: 0, Skipped: 0, Time elapsed: 0.022 sec
Running org.apache.maven.lifecycle.LifecycleExecutorSubModulesTest
Tests run: 1, Failures: 0, Errors: 0, Skipped: 0, Time elapsed: 0.024 sec
Running org.apache.maven.lifecycle.DefaultLifecyclesTest
Tests run: 1, Failures: 0, Errors: 0, Skipped: 0, Time elapsed: 0.021 sec
Running org.apache.maven.lifecycle.MavenExecutionPlanTest
Tests run: 6, Failures: 0, Errors: 0, Skipped: 0, Time elapsed: 0.001 sec
Running org.apache.maven.lifecycle.LifecycleExecutorTest
Tests run: 12, Failures: 0, Errors: 0, Skipped: 0, Time elapsed: 0.435 sec
Running org.apache.maven.project.PomConstructionTest
Tests run: 122, Failures: 0, Errors: 0, Skipped: 0, Time elapsed: 2.177 sec
Running org.apache.maven.project.DefaultMavenProjectBuilderTest
Tests run: 4, Failures: 0, Errors: 0, Skipped: 0, Time elapsed: 0.047 sec
Running org.apache.maven.project.canonical.CanonicalProjectBuilderTest
Tests run: 1, Failures: 0, Errors: 0, Skipped: 0, Time elapsed: 0.013 sec
Running org.apache.maven.project.ExtensionDescriptorBuilderTest
Tests run: 2, Failures: 0, Errors: 0, Skipped: 0, Time elapsed: 0.001 sec
Running org.apache.maven.project.MavenProjectTest
Tests run: 8, Failures: 0, Errors: 0, Skipped: 0, Time elapsed: 0.091 sec
Running org.apache.maven.project.artifact.MavenMetadataSourceTest
Tests run: 1, Failures: 0, Errors: 0, Skipped: 0, Time elapsed: 0.008 sec
Running org.apache.maven.project.artifact.DefaultMavenMetadataCacheTest
Tests run: 1, Failures: 0, Errors: 0, Skipped: 0, Time elapsed: 0.008 sec
Running org.apache.maven.project.ProjectBuilderTest
Tests run: 1, Failures: 0, Errors: 0, Skipped: 0, Time elapsed: 0.013 sec
Running org.apache.maven.project.TestMetadataSource
Tests run: 0, Failures: 0, Errors: 0, Skipped: 0, Time elapsed: 0 sec
Running org.apache.maven.project.ProjectSorterTest
Tests run: 12, Failures: 0, Errors: 0, Skipped: 0, Time elapsed: 0.001 sec
Running org.apache.maven.repository.TestRepositorySystem
Tests run: 0, Failures: 0, Errors: 0, Skipped: 0, Time elapsed: 0 sec
Running org.apache.maven.repository.TestRepositoryConnectorFactory
Tests run: 0, Failures: 0, Errors: 0, Skipped: 0, Time elapsed: 0 sec
Running org.apache.maven.plugin.PluginManagerTest
Tests run: 11, Failures: 1, Errors: 0, Skipped: 0, Time elapsed: 0.147 sec <<< FAILURE!
Running org.apache.maven.plugin.PluginParameterExpressionEvaluatorTest
Tests run: 16, Failures: 0, Errors: 0, Skipped: 0, Time elapsed: 0.197 sec
Running org.apache.maven.ProjectDependenciesResolverTest
Tests run: 2, Failures: 0, Errors: 0, Skipped: 0, Time elapsed: 0.03 sec

Results :

Failed tests:   testPluginRealmCache(org.apache.maven.plugin.PluginManagerTest): expected:<1> but was:<0>

Tests run: 237, Failures: 1, Errors: 0, Skipped: 0

[[1;34mINFO[m] [1m------------------------------------------------------------------------[m
[[1;34mINFO[m] [1;31mBUILD FAILURE[m
[[1;34mINFO[m] [1m------------------------------------------------------------------------[m
[[1;34mINFO[m] Total time:  15.733 s
[[1;34mINFO[m] Finished at: 2022-08-23T15:04:14-07:00
[[1;34mINFO[m] [1m------------------------------------------------------------------------[m
[[1;31mERROR[m] Failed to execute goal [32morg.apache.maven.plugins:maven-surefire-plugin:2.9:test[m [1m(default-test)[m on project [36mmaven-core[m: [1;31mThere are test failures.[m
[[1;31mERROR[m] [1;31m[m
[[1;31mERROR[m] [1;31mPlease refer to /home/user/Workspace/reproducibility/Reproducibility-Scanner/benchmarks/bugs-dot-jar/maven/maven-core/target/surefire-reports for the individual test results.[m
[[1;31mERROR[m] -> [1m[Help 1][m
[[1;31mERROR[m] 
[[1;31mERROR[m] To see the full stack trace of the errors, re-run Maven with the [1m-e[m switch.
[[1;31mERROR[m] Re-run Maven using the [1m-X[m switch to enable full debug logging.
[[1;31mERROR[m] 
[[1;31mERROR[m] For more information about the errors and possible solutions, please read the following articles:
[[1;31mERROR[m] [1m[Help 1][m http://cwiki.apache.org/confluence/display/MAVEN/MojoFailureException