[[1;34mINFO[m] Scanning for projects...
[[1;34mINFO[m] [1m------------------------------------------------------------------------[m
[[1;34mINFO[m] [1mReactor Build Order:[m
[[1;34mINFO[m] 
[[1;34mINFO[m] Apache Log4j 2                                                     [pom]
[[1;34mINFO[m] Apache Log4j API                                                   [jar]
[[1;34mINFO[m] Apache Log4J Core                                                  [jar]
[[1;34mINFO[m] Apache Log4j 1.x Compatibility API                                 [jar]
[[1;34mINFO[m] Apache Log4j SLF4J Binding                                         [jar]
[[1;34mINFO[m] Apache Log4j to SLF4J Adapter                                      [jar]
[[1;34mINFO[m] Apache Log4j Commons Logging Bridge                                [jar]
[[1;34mINFO[m] Apache Log4j Flume NG Bridge                                       [jar]
[[1;34mINFO[m] Apache Log4j Web Adapters                                          [jar]
[[1;34mINFO[m] Apache Log4j Tag Library                                           [jar]
[[1;34mINFO[m] log4j-samples                                                      [pom]
[[1;34mINFO[m] flume-common                                                       [jar]
[[1;34mINFO[m] flume-remote                                                       [war]
[[1;34mINFO[m] flume-embedded                                                     [war]
[[1;34mINFO[m] Apache Log4j Async                                                 [jar]
[[1;34mINFO[m] 
[[1;34mINFO[m] [1m-------------------< [0;36morg.apache.logging.log4j:log4j[0;1m >-------------------[m
[[1;34mINFO[m] [1mBuilding Apache Log4j 2 2.0-beta5-SNAPSHOT                        [1/15][m
[[1;34mINFO[m] [1m--------------------------------[ pom ]---------------------------------[m
[[1;34mINFO[m] 
[[1;34mINFO[m] [1m--- [0;32mmaven-remote-resources-plugin:1.1:process[m [1m(default)[m @ [36mlog4j[0;1m ---[m
[[1;34mINFO[m] Setting property: classpath.resource.loader.class => 'org.codehaus.plexus.velocity.ContextClassLoaderResourceLoader'.
[[1;34mINFO[m] Setting property: velocimacro.messages.on => 'false'.
[[1;34mINFO[m] Setting property: resource.loader => 'classpath'.
[[1;34mINFO[m] Setting property: resource.manager.logwhenfound => 'false'.
[[1;34mINFO[m] 
[[1;34mINFO[m] [1m--- [0;32mmaven-bundle-plugin:2.3.7:manifest[m [1m(bundle-manifest)[m @ [36mlog4j[0;1m ---[m
[[1;33mWARNING[m] Ignoring project type pom - supportedProjectTypes = [jar, bundle]
[[1;34mINFO[m] 
[[1;34mINFO[m] [1m--- [0;32mmaven-install-plugin:2.3.1:install[m [1m(default-install)[m @ [36mlog4j[0;1m ---[m
[[1;34mINFO[m] Installing /home/user/Reproducibility-Scanner/benchmarks/bugs-dot-jar/logging-log4j2/pom.xml to /home/user/.m2/repository/org/apache/logging/log4j/log4j/2.0-beta5-SNAPSHOT/log4j-2.0-beta5-SNAPSHOT.pom
[[1;34mINFO[m] 
[[1;34mINFO[m] [1m-----------------< [0;36morg.apache.logging.log4j:log4j-api[0;1m >-----------------[m
[[1;34mINFO[m] [1mBuilding Apache Log4j API 2.0-beta5-SNAPSHOT                      [2/15][m
[[1;34mINFO[m] [1m--------------------------------[ jar ]---------------------------------[m
[[1;34mINFO[m] 
[[1;34mINFO[m] [1m--- [0;32mmaven-remote-resources-plugin:1.1:process[m [1m(default)[m @ [36mlog4j-api[0;1m ---[m
[[1;34mINFO[m] 
[[1;34mINFO[m] [1m--- [0;32mmaven-resources-plugin:2.5:resources[m [1m(default-resources)[m @ [36mlog4j-api[0;1m ---[m
[debug] execute contextualize
[[1;34mINFO[m] Using 'UTF-8' encoding to copy filtered resources.
[[1;34mINFO[m] skip non existing resourceDirectory /home/user/Reproducibility-Scanner/benchmarks/bugs-dot-jar/logging-log4j2/api/src/main/resources
[[1;34mINFO[m] Copying 3 resources
[[1;34mINFO[m] 
[[1;34mINFO[m] [1m--- [0;32mmaven-compiler-plugin:2.3.2:compile[m [1m(default-compile)[m @ [36mlog4j-api[0;1m ---[m
[[1;34mINFO[m] Compiling 56 source files to /home/user/Reproducibility-Scanner/benchmarks/bugs-dot-jar/logging-log4j2/api/target/classes
[[1;34mINFO[m] 
[[1;34mINFO[m] [1m--- [0;32mmaven-bundle-plugin:2.3.7:manifest[m [1m(bundle-manifest)[m @ [36mlog4j-api[0;1m ---[m
[[1;34mINFO[m] 
[[1;34mINFO[m] [1m--- [0;32mmaven-resources-plugin:2.5:testResources[m [1m(default-testResources)[m @ [36mlog4j-api[0;1m ---[m
[debug] execute contextualize
[[1;34mINFO[m] Using 'UTF-8' encoding to copy filtered resources.
[[1;34mINFO[m] Copying 7 resources
[[1;34mINFO[m] Copying 3 resources
[[1;34mINFO[m] 
[[1;34mINFO[m] [1m--- [0;32mmaven-compiler-plugin:2.3.2:testCompile[m [1m(default-testCompile)[m @ [36mlog4j-api[0;1m ---[m
[[1;34mINFO[m] Compiling 20 source files to /home/user/Reproducibility-Scanner/benchmarks/bugs-dot-jar/logging-log4j2/api/target/test-classes
[[1;34mINFO[m] 
[[1;34mINFO[m] [1m--- [0;32mmaven-surefire-plugin:2.12.4:test[m [1m(default-test)[m @ [36mlog4j-api[0;1m ---[m
[[1;34mINFO[m] Tests are skipped.
[[1;34mINFO[m] 
[[1;34mINFO[m] [1m--- [0;32mmaven-jar-plugin:2.3.1:jar[m [1m(default-jar)[m @ [36mlog4j-api[0;1m ---[m
[[1;34mINFO[m] Building jar: /home/user/Reproducibility-Scanner/benchmarks/bugs-dot-jar/logging-log4j2/api/target/log4j-api-2.0-beta5-SNAPSHOT.jar
[[1;34mINFO[m] 
[[1;34mINFO[m] [1m--- [0;32mmaven-install-plugin:2.3.1:install[m [1m(default-install)[m @ [36mlog4j-api[0;1m ---[m
[[1;34mINFO[m] Installing /home/user/Reproducibility-Scanner/benchmarks/bugs-dot-jar/logging-log4j2/api/target/log4j-api-2.0-beta5-SNAPSHOT.jar to /home/user/.m2/repository/org/apache/logging/log4j/log4j-api/2.0-beta5-SNAPSHOT/log4j-api-2.0-beta5-SNAPSHOT.jar
[[1;34mINFO[m] Installing /home/user/Reproducibility-Scanner/benchmarks/bugs-dot-jar/logging-log4j2/api/pom.xml to /home/user/.m2/repository/org/apache/logging/log4j/log4j-api/2.0-beta5-SNAPSHOT/log4j-api-2.0-beta5-SNAPSHOT.pom
[[1;34mINFO[m] 
[[1;34mINFO[m] [1m----------------< [0;36morg.apache.logging.log4j:log4j-core[0;1m >-----------------[m
[[1;34mINFO[m] [1mBuilding Apache Log4J Core 2.0-beta5-SNAPSHOT                     [3/15][m
[[1;34mINFO[m] [1m--------------------------------[ jar ]---------------------------------[m
[[1;34mINFO[m] 
[[1;34mINFO[m] [1m--- [0;32mmaven-remote-resources-plugin:1.1:process[m [1m(default)[m @ [36mlog4j-core[0;1m ---[m
[[1;34mINFO[m] 
[[1;34mINFO[m] [1m--- [0;32mmaven-resources-plugin:2.5:resources[m [1m(default-resources)[m @ [36mlog4j-core[0;1m ---[m
[debug] execute contextualize
[[1;34mINFO[m] Using 'UTF-8' encoding to copy filtered resources.
[[1;34mINFO[m] Copying 2 resources
[[1;34mINFO[m] Copying 3 resources
[[1;34mINFO[m] 
[[1;34mINFO[m] [1m--- [0;32mmaven-compiler-plugin:2.3.2:compile[m [1m(default-compile)[m @ [36mlog4j-core[0;1m ---[m
[[1;34mINFO[m] Compiling 226 source files to /home/user/Reproducibility-Scanner/benchmarks/bugs-dot-jar/logging-log4j2/core/target/classes
[[1;34mINFO[m] 
[[1;34mINFO[m] [1m>>> [0;32mexec-maven-plugin:1.2.1:java[m [1m(default)[0;1m > [0;1mvalidate[m @ [36mlog4j-core[0;1m >>>[m
[[1;34mINFO[m] 
[[1;34mINFO[m] [1m<<< [0;32mexec-maven-plugin:1.2.1:java[m [1m(default)[0;1m < [0;1mvalidate[m @ [36mlog4j-core[0;1m <<<[m
[[1;34mINFO[m] 
[[1;34mINFO[m] 
[[1;34mINFO[m] [1m--- [0;32mexec-maven-plugin:1.2.1:java[m [1m(default)[m @ [36mlog4j-core[0;1m ---[m
[[1;34mINFO[m] 
[[1;34mINFO[m] [1m--- [0;32mmaven-bundle-plugin:2.3.7:manifest[m [1m(bundle-manifest)[m @ [36mlog4j-core[0;1m ---[m
[[1;34mINFO[m] 
[[1;34mINFO[m] [1m--- [0;32mmaven-resources-plugin:2.5:testResources[m [1m(default-testResources)[m @ [36mlog4j-core[0;1m ---[m
[debug] execute contextualize
[[1;34mINFO[m] Using 'UTF-8' encoding to copy filtered resources.
[[1;34mINFO[m] Copying 60 resources
[[1;34mINFO[m] Copying 3 resources
[[1;34mINFO[m] 
[[1;34mINFO[m] [1m--- [0;32mmaven-compiler-plugin:2.3.2:testCompile[m [1m(default-testCompile)[m @ [36mlog4j-core[0;1m ---[m
[[1;34mINFO[m] Compiling 129 source files to /home/user/Reproducibility-Scanner/benchmarks/bugs-dot-jar/logging-log4j2/core/target/test-classes
[[1;33mWARNING[m] /home/user/Reproducibility-Scanner/benchmarks/bugs-dot-jar/logging-log4j2/core/src/test/java/org/apache/logging/log4j/ReflectionComparison.java:[25,18] Reflection is internal proprietary API and may be removed in a future release
[[1;33mWARNING[m] /home/user/Reproducibility-Scanner/benchmarks/bugs-dot-jar/logging-log4j2/core/src/test/java/org/apache/logging/log4j/ReflectionComparison.java:[83,12] Reflection is internal proprietary API and may be removed in a future release
[[1;34mINFO[m] 
[[1;34mINFO[m] [1m--- [0;32mmaven-surefire-plugin:2.12.4:test[m [1m(default-test)[m @ [36mlog4j-core[0;1m ---[m
[[1;34mINFO[m] Tests are skipped.
[[1;34mINFO[m] 
[[1;34mINFO[m] [1m--- [0;32mmaven-jar-plugin:2.3.1:jar[m [1m(default-jar)[m @ [36mlog4j-core[0;1m ---[m
[[1;34mINFO[m] Building jar: /home/user/Reproducibility-Scanner/benchmarks/bugs-dot-jar/logging-log4j2/core/target/log4j-core-2.0-beta5-SNAPSHOT.jar
[[1;34mINFO[m] 
[[1;34mINFO[m] [1m--- [0;32mmaven-jar-plugin:2.3.1:test-jar[m [1m(default)[m @ [36mlog4j-core[0;1m ---[m
[[1;34mINFO[m] Building jar: /home/user/Reproducibility-Scanner/benchmarks/bugs-dot-jar/logging-log4j2/core/target/log4j-core-2.0-beta5-SNAPSHOT-tests.jar
[[1;34mINFO[m] 
[[1;34mINFO[m] [1m--- [0;32mmaven-install-plugin:2.3.1:install[m [1m(default-install)[m @ [36mlog4j-core[0;1m ---[m
[[1;34mINFO[m] Installing /home/user/Reproducibility-Scanner/benchmarks/bugs-dot-jar/logging-log4j2/core/target/log4j-core-2.0-beta5-SNAPSHOT.jar to /home/user/.m2/repository/org/apache/logging/log4j/log4j-core/2.0-beta5-SNAPSHOT/log4j-core-2.0-beta5-SNAPSHOT.jar
[[1;34mINFO[m] Installing /home/user/Reproducibility-Scanner/benchmarks/bugs-dot-jar/logging-log4j2/core/pom.xml to /home/user/.m2/repository/org/apache/logging/log4j/log4j-core/2.0-beta5-SNAPSHOT/log4j-core-2.0-beta5-SNAPSHOT.pom
[[1;34mINFO[m] Installing /home/user/Reproducibility-Scanner/benchmarks/bugs-dot-jar/logging-log4j2/core/target/log4j-core-2.0-beta5-SNAPSHOT-tests.jar to /home/user/.m2/repository/org/apache/logging/log4j/log4j-core/2.0-beta5-SNAPSHOT/log4j-core-2.0-beta5-SNAPSHOT-tests.jar
[[1;34mINFO[m] 
[[1;34mINFO[m] [1m---------------< [0;36morg.apache.logging.log4j:log4j-1.2-api[0;1m >---------------[m
[[1;34mINFO[m] [1mBuilding Apache Log4j 1.x Compatibility API 2.0-beta5-SNAPSHOT    [4/15][m
[[1;34mINFO[m] [1m--------------------------------[ jar ]---------------------------------[m
[[1;34mINFO[m] 
[[1;34mINFO[m] [1m--- [0;32mmaven-remote-resources-plugin:1.1:process[m [1m(default)[m @ [36mlog4j-1.2-api[0;1m ---[m
[[1;34mINFO[m] 
[[1;34mINFO[m] [1m--- [0;32mmaven-resources-plugin:2.5:resources[m [1m(default-resources)[m @ [36mlog4j-1.2-api[0;1m ---[m
[debug] execute contextualize
[[1;34mINFO[m] Using 'UTF-8' encoding to copy filtered resources.
[[1;34mINFO[m] skip non existing resourceDirectory /home/user/Reproducibility-Scanner/benchmarks/bugs-dot-jar/logging-log4j2/log4j12-api/src/main/resources
[[1;34mINFO[m] Copying 3 resources
[[1;34mINFO[m] 
[[1;34mINFO[m] [1m--- [0;32mmaven-compiler-plugin:2.3.2:compile[m [1m(default-compile)[m @ [36mlog4j-1.2-api[0;1m ---[m
[[1;34mINFO[m] Compiling 24 source files to /home/user/Reproducibility-Scanner/benchmarks/bugs-dot-jar/logging-log4j2/log4j12-api/target/classes
[[1;34mINFO[m] 
[[1;34mINFO[m] [1m--- [0;32mmaven-bundle-plugin:2.3.7:manifest[m [1m(bundle-manifest)[m @ [36mlog4j-1.2-api[0;1m ---[m
[[1;33mWARNING[m] Manifest org.apache.logging.log4j:log4j-1.2-api:jar:2.0-beta5-SNAPSHOT : Superfluous export-package instructions: [org.apache.logging.log4j.*]
[[1;34mINFO[m] 
[[1;34mINFO[m] [1m--- [0;32mmaven-resources-plugin:2.5:testResources[m [1m(default-testResources)[m @ [36mlog4j-1.2-api[0;1m ---[m
[debug] execute contextualize
[[1;34mINFO[m] Using 'UTF-8' encoding to copy filtered resources.
[[1;34mINFO[m] Copying 4 resources
[[1;34mINFO[m] Copying 3 resources
[[1;34mINFO[m] 
[[1;34mINFO[m] [1m--- [0;32mmaven-compiler-plugin:2.3.2:testCompile[m [1m(default-testCompile)[m @ [36mlog4j-1.2-api[0;1m ---[m
[[1;34mINFO[m] Compiling 6 source files to /home/user/Reproducibility-Scanner/benchmarks/bugs-dot-jar/logging-log4j2/log4j12-api/target/test-classes
[[1;34mINFO[m] 
[[1;34mINFO[m] [1m--- [0;32mmaven-surefire-plugin:2.12.4:test[m [1m(default-test)[m @ [36mlog4j-1.2-api[0;1m ---[m
[[1;34mINFO[m] Tests are skipped.
[[1;34mINFO[m] 
[[1;34mINFO[m] [1m--- [0;32mmaven-jar-plugin:2.3.1:jar[m [1m(default-jar)[m @ [36mlog4j-1.2-api[0;1m ---[m
[[1;34mINFO[m] Building jar: /home/user/Reproducibility-Scanner/benchmarks/bugs-dot-jar/logging-log4j2/log4j12-api/target/log4j-1.2-api-2.0-beta5-SNAPSHOT.jar
[[1;34mINFO[m] 
[[1;34mINFO[m] [1m--- [0;32mmaven-install-plugin:2.3.1:install[m [1m(default-install)[m @ [36mlog4j-1.2-api[0;1m ---[m
[[1;34mINFO[m] Installing /home/user/Reproducibility-Scanner/benchmarks/bugs-dot-jar/logging-log4j2/log4j12-api/target/log4j-1.2-api-2.0-beta5-SNAPSHOT.jar to /home/user/.m2/repository/org/apache/logging/log4j/log4j-1.2-api/2.0-beta5-SNAPSHOT/log4j-1.2-api-2.0-beta5-SNAPSHOT.jar
[[1;34mINFO[m] Installing /home/user/Reproducibility-Scanner/benchmarks/bugs-dot-jar/logging-log4j2/log4j12-api/pom.xml to /home/user/.m2/repository/org/apache/logging/log4j/log4j-1.2-api/2.0-beta5-SNAPSHOT/log4j-1.2-api-2.0-beta5-SNAPSHOT.pom
[[1;34mINFO[m] 
[[1;34mINFO[m] [1m-------------< [0;36morg.apache.logging.log4j:log4j-slf4j-impl[0;1m >--------------[m
[[1;34mINFO[m] [1mBuilding Apache Log4j SLF4J Binding 2.0-beta5-SNAPSHOT            [5/15][m
[[1;34mINFO[m] [1m--------------------------------[ jar ]---------------------------------[m
[[1;34mINFO[m] 
[[1;34mINFO[m] [1m--- [0;32mmaven-remote-resources-plugin:1.1:process[m [1m(default)[m @ [36mlog4j-slf4j-impl[0;1m ---[m
[[1;34mINFO[m] 
[[1;34mINFO[m] [1m--- [0;32mmaven-resources-plugin:2.5:resources[m [1m(default-resources)[m @ [36mlog4j-slf4j-impl[0;1m ---[m
[debug] execute contextualize
[[1;34mINFO[m] Using 'UTF-8' encoding to copy filtered resources.
[[1;34mINFO[m] skip non existing resourceDirectory /home/user/Reproducibility-Scanner/benchmarks/bugs-dot-jar/logging-log4j2/slf4j-impl/src/main/resources
[[1;34mINFO[m] Copying 3 resources
[[1;34mINFO[m] 
[[1;34mINFO[m] [1m--- [0;32mmaven-compiler-plugin:2.3.2:compile[m [1m(default-compile)[m @ [36mlog4j-slf4j-impl[0;1m ---[m
[[1;34mINFO[m] Compiling 12 source files to /home/user/Reproducibility-Scanner/benchmarks/bugs-dot-jar/logging-log4j2/slf4j-impl/target/classes
[[1;34mINFO[m] 
[[1;34mINFO[m] [1m--- [0;32mmaven-bundle-plugin:2.3.7:manifest[m [1m(bundle-manifest)[m @ [36mlog4j-slf4j-impl[0;1m ---[m
[[1;33mWARNING[m] Manifest org.apache.logging.log4j:log4j-slf4j-impl:jar:2.0-beta5-SNAPSHOT : Superfluous export-package instructions: [org.apache.logging.log4j.*]
[[1;34mINFO[m] 
[[1;34mINFO[m] [1m--- [0;32mmaven-resources-plugin:2.5:testResources[m [1m(default-testResources)[m @ [36mlog4j-slf4j-impl[0;1m ---[m
[debug] execute contextualize
[[1;34mINFO[m] Using 'UTF-8' encoding to copy filtered resources.
[[1;34mINFO[m] Copying 1 resource
[[1;34mINFO[m] Copying 3 resources
[[1;34mINFO[m] 
[[1;34mINFO[m] [1m--- [0;32mmaven-compiler-plugin:2.3.2:testCompile[m [1m(default-testCompile)[m @ [36mlog4j-slf4j-impl[0;1m ---[m
[[1;34mINFO[m] Compiling 2 source files to /home/user/Reproducibility-Scanner/benchmarks/bugs-dot-jar/logging-log4j2/slf4j-impl/target/test-classes
[[1;34mINFO[m] 
[[1;34mINFO[m] [1m--- [0;32mmaven-surefire-plugin:2.12.4:test[m [1m(default-test)[m @ [36mlog4j-slf4j-impl[0;1m ---[m
[[1;34mINFO[m] Tests are skipped.
[[1;34mINFO[m] 
[[1;34mINFO[m] [1m--- [0;32mmaven-jar-plugin:2.3.1:jar[m [1m(default-jar)[m @ [36mlog4j-slf4j-impl[0;1m ---[m
[[1;34mINFO[m] Building jar: /home/user/Reproducibility-Scanner/benchmarks/bugs-dot-jar/logging-log4j2/slf4j-impl/target/log4j-slf4j-impl-2.0-beta5-SNAPSHOT.jar
[[1;34mINFO[m] 
[[1;34mINFO[m] [1m--- [0;32mmaven-install-plugin:2.3.1:install[m [1m(default-install)[m @ [36mlog4j-slf4j-impl[0;1m ---[m
[[1;34mINFO[m] Installing /home/user/Reproducibility-Scanner/benchmarks/bugs-dot-jar/logging-log4j2/slf4j-impl/target/log4j-slf4j-impl-2.0-beta5-SNAPSHOT.jar to /home/user/.m2/repository/org/apache/logging/log4j/log4j-slf4j-impl/2.0-beta5-SNAPSHOT/log4j-slf4j-impl-2.0-beta5-SNAPSHOT.jar
[[1;34mINFO[m] Installing /home/user/Reproducibility-Scanner/benchmarks/bugs-dot-jar/logging-log4j2/slf4j-impl/pom.xml to /home/user/.m2/repository/org/apache/logging/log4j/log4j-slf4j-impl/2.0-beta5-SNAPSHOT/log4j-slf4j-impl-2.0-beta5-SNAPSHOT.pom
[[1;34mINFO[m] 
[[1;34mINFO[m] [1m--------------< [0;36morg.apache.logging.log4j:log4j-to-slf4j[0;1m >---------------[m
[[1;34mINFO[m] [1mBuilding Apache Log4j to SLF4J Adapter 2.0-beta5-SNAPSHOT         [6/15][m
[[1;34mINFO[m] [1m--------------------------------[ jar ]---------------------------------[m
[[1;34mINFO[m] 
[[1;34mINFO[m] [1m--- [0;32mmaven-remote-resources-plugin:1.1:process[m [1m(default)[m @ [36mlog4j-to-slf4j[0;1m ---[m
[[1;34mINFO[m] 
[[1;34mINFO[m] [1m--- [0;32mmaven-resources-plugin:2.5:resources[m [1m(default-resources)[m @ [36mlog4j-to-slf4j[0;1m ---[m
[debug] execute contextualize
[[1;34mINFO[m] Using 'UTF-8' encoding to copy filtered resources.
[[1;34mINFO[m] Copying 1 resource
[[1;34mINFO[m] Copying 3 resources
[[1;34mINFO[m] 
[[1;34mINFO[m] [1m--- [0;32mmaven-compiler-plugin:2.3.2:compile[m [1m(default-compile)[m @ [36mlog4j-to-slf4j[0;1m ---[m
[[1;34mINFO[m] Compiling 5 source files to /home/user/Reproducibility-Scanner/benchmarks/bugs-dot-jar/logging-log4j2/log4j-to-slf4j/target/classes
[[1;34mINFO[m] 
[[1;34mINFO[m] [1m--- [0;32mmaven-bundle-plugin:2.3.7:manifest[m [1m(bundle-manifest)[m @ [36mlog4j-to-slf4j[0;1m ---[m
[[1;33mWARNING[m] Manifest org.apache.logging.log4j:log4j-to-slf4j:jar:2.0-beta5-SNAPSHOT : Superfluous export-package instructions: [org.apache.logging.log4j.*]
[[1;34mINFO[m] 
[[1;34mINFO[m] [1m--- [0;32mmaven-resources-plugin:2.5:testResources[m [1m(default-testResources)[m @ [36mlog4j-to-slf4j[0;1m ---[m
[debug] execute contextualize
[[1;34mINFO[m] Using 'UTF-8' encoding to copy filtered resources.
[[1;34mINFO[m] Copying 1 resource
[[1;34mINFO[m] Copying 3 resources
[[1;34mINFO[m] 
[[1;34mINFO[m] [1m--- [0;32mmaven-compiler-plugin:2.3.2:testCompile[m [1m(default-testCompile)[m @ [36mlog4j-to-slf4j[0;1m ---[m
[[1;34mINFO[m] Compiling 1 source file to /home/user/Reproducibility-Scanner/benchmarks/bugs-dot-jar/logging-log4j2/log4j-to-slf4j/target/test-classes
[[1;34mINFO[m] 
[[1;34mINFO[m] [1m--- [0;32mmaven-surefire-plugin:2.12.4:test[m [1m(default-test)[m @ [36mlog4j-to-slf4j[0;1m ---[m
[[1;34mINFO[m] Tests are skipped.
[[1;34mINFO[m] 
[[1;34mINFO[m] [1m--- [0;32mmaven-jar-plugin:2.3.1:jar[m [1m(default-jar)[m @ [36mlog4j-to-slf4j[0;1m ---[m
[[1;34mINFO[m] Building jar: /home/user/Reproducibility-Scanner/benchmarks/bugs-dot-jar/logging-log4j2/log4j-to-slf4j/target/log4j-to-slf4j-2.0-beta5-SNAPSHOT.jar
[[1;34mINFO[m] 
[[1;34mINFO[m] [1m--- [0;32mmaven-install-plugin:2.3.1:install[m [1m(default-install)[m @ [36mlog4j-to-slf4j[0;1m ---[m
[[1;34mINFO[m] Installing /home/user/Reproducibility-Scanner/benchmarks/bugs-dot-jar/logging-log4j2/log4j-to-slf4j/target/log4j-to-slf4j-2.0-beta5-SNAPSHOT.jar to /home/user/.m2/repository/org/apache/logging/log4j/log4j-to-slf4j/2.0-beta5-SNAPSHOT/log4j-to-slf4j-2.0-beta5-SNAPSHOT.jar
[[1;34mINFO[m] Installing /home/user/Reproducibility-Scanner/benchmarks/bugs-dot-jar/logging-log4j2/log4j-to-slf4j/pom.xml to /home/user/.m2/repository/org/apache/logging/log4j/log4j-to-slf4j/2.0-beta5-SNAPSHOT/log4j-to-slf4j-2.0-beta5-SNAPSHOT.pom
[[1;34mINFO[m] 
[[1;34mINFO[m] [1m-----------------< [0;36morg.apache.logging.log4j:log4j-jcl[0;1m >-----------------[m
[[1;34mINFO[m] [1mBuilding Apache Log4j Commons Logging Bridge 2.0-beta5-SNAPSHOT   [7/15][m
[[1;34mINFO[m] [1m--------------------------------[ jar ]---------------------------------[m
[[1;34mINFO[m] 
[[1;34mINFO[m] [1m--- [0;32mmaven-remote-resources-plugin:1.1:process[m [1m(default)[m @ [36mlog4j-jcl[0;1m ---[m
[[1;34mINFO[m] 
[[1;34mINFO[m] [1m--- [0;32mmaven-resources-plugin:2.5:resources[m [1m(default-resources)[m @ [36mlog4j-jcl[0;1m ---[m
[debug] execute contextualize
[[1;34mINFO[m] Using 'UTF-8' encoding to copy filtered resources.
[[1;34mINFO[m] Copying 1 resource
[[1;34mINFO[m] Copying 3 resources
[[1;34mINFO[m] 
[[1;34mINFO[m] [1m--- [0;32mmaven-compiler-plugin:2.3.2:compile[m [1m(default-compile)[m @ [36mlog4j-jcl[0;1m ---[m
[[1;34mINFO[m] Compiling 3 source files to /home/user/Reproducibility-Scanner/benchmarks/bugs-dot-jar/logging-log4j2/jcl-bridge/target/classes
[[1;34mINFO[m] 
[[1;34mINFO[m] [1m--- [0;32mmaven-bundle-plugin:2.3.7:manifest[m [1m(bundle-manifest)[m @ [36mlog4j-jcl[0;1m ---[m
[[1;34mINFO[m] 
[[1;34mINFO[m] [1m--- [0;32mmaven-resources-plugin:2.5:testResources[m [1m(default-testResources)[m @ [36mlog4j-jcl[0;1m ---[m
[debug] execute contextualize
[[1;34mINFO[m] Using 'UTF-8' encoding to copy filtered resources.
[[1;34mINFO[m] Copying 1 resource
[[1;34mINFO[m] Copying 3 resources
[[1;34mINFO[m] 
[[1;34mINFO[m] [1m--- [0;32mmaven-compiler-plugin:2.3.2:testCompile[m [1m(default-testCompile)[m @ [36mlog4j-jcl[0;1m ---[m
[[1;34mINFO[m] Compiling 1 source file to /home/user/Reproducibility-Scanner/benchmarks/bugs-dot-jar/logging-log4j2/jcl-bridge/target/test-classes
[[1;34mINFO[m] 
[[1;34mINFO[m] [1m--- [0;32mmaven-surefire-plugin:2.12.4:test[m [1m(default-test)[m @ [36mlog4j-jcl[0;1m ---[m
[[1;34mINFO[m] Tests are skipped.
[[1;34mINFO[m] 
[[1;34mINFO[m] [1m--- [0;32mmaven-jar-plugin:2.3.1:jar[m [1m(default-jar)[m @ [36mlog4j-jcl[0;1m ---[m
[[1;34mINFO[m] Building jar: /home/user/Reproducibility-Scanner/benchmarks/bugs-dot-jar/logging-log4j2/jcl-bridge/target/log4j-jcl-2.0-beta5-SNAPSHOT.jar
[[1;34mINFO[m] 
[[1;34mINFO[m] [1m--- [0;32mmaven-install-plugin:2.3.1:install[m [1m(default-install)[m @ [36mlog4j-jcl[0;1m ---[m
[[1;34mINFO[m] Installing /home/user/Reproducibility-Scanner/benchmarks/bugs-dot-jar/logging-log4j2/jcl-bridge/target/log4j-jcl-2.0-beta5-SNAPSHOT.jar to /home/user/.m2/repository/org/apache/logging/log4j/log4j-jcl/2.0-beta5-SNAPSHOT/log4j-jcl-2.0-beta5-SNAPSHOT.jar
[[1;34mINFO[m] Installing /home/user/Reproducibility-Scanner/benchmarks/bugs-dot-jar/logging-log4j2/jcl-bridge/pom.xml to /home/user/.m2/repository/org/apache/logging/log4j/log4j-jcl/2.0-beta5-SNAPSHOT/log4j-jcl-2.0-beta5-SNAPSHOT.pom
[[1;34mINFO[m] 
[[1;34mINFO[m] [1m--------------< [0;36morg.apache.logging.log4j:log4j-flume-ng[0;1m >---------------[m
[[1;34mINFO[m] [1mBuilding Apache Log4j Flume NG Bridge 2.0-beta5-SNAPSHOT          [8/15][m
[[1;34mINFO[m] [1m--------------------------------[ jar ]---------------------------------[m
[[1;34mINFO[m] 
[[1;34mINFO[m] [1m--- [0;32mmaven-remote-resources-plugin:1.1:process[m [1m(default)[m @ [36mlog4j-flume-ng[0;1m ---[m
[[1;34mINFO[m] 
[[1;34mINFO[m] [1m--- [0;32mmaven-resources-plugin:2.5:resources[m [1m(default-resources)[m @ [36mlog4j-flume-ng[0;1m ---[m
[debug] execute contextualize
[[1;34mINFO[m] Using 'UTF-8' encoding to copy filtered resources.
[[1;34mINFO[m] skip non existing resourceDirectory /home/user/Reproducibility-Scanner/benchmarks/bugs-dot-jar/logging-log4j2/flume-ng/src/main/resources
[[1;34mINFO[m] Copying 3 resources
[[1;34mINFO[m] 
[[1;34mINFO[m] [1m--- [0;32mmaven-compiler-plugin:2.3.2:compile[m [1m(default-compile)[m @ [36mlog4j-flume-ng[0;1m ---[m
[[1;34mINFO[m] Compiling 13 source files to /home/user/Reproducibility-Scanner/benchmarks/bugs-dot-jar/logging-log4j2/flume-ng/target/classes
[[1;34mINFO[m] 
[[1;34mINFO[m] [1m--- [0;32mmaven-bundle-plugin:2.3.7:manifest[m [1m(bundle-manifest)[m @ [36mlog4j-flume-ng[0;1m ---[m
[[1;34mINFO[m] 
[[1;34mINFO[m] [1m>>> [0;32mexec-maven-plugin:1.2.1:java[m [1m(default)[0;1m > [0;1mvalidate[m @ [36mlog4j-flume-ng[0;1m >>>[m
[[1;34mINFO[m] 
[[1;34mINFO[m] [1m<<< [0;32mexec-maven-plugin:1.2.1:java[m [1m(default)[0;1m < [0;1mvalidate[m @ [36mlog4j-flume-ng[0;1m <<<[m
[[1;34mINFO[m] 
[[1;34mINFO[m] 
[[1;34mINFO[m] [1m--- [0;32mexec-maven-plugin:1.2.1:java[m [1m(default)[m @ [36mlog4j-flume-ng[0;1m ---[m
[[1;34mINFO[m] 
[[1;34mINFO[m] [1m--- [0;32mmaven-resources-plugin:2.5:testResources[m [1m(default-testResources)[m @ [36mlog4j-flume-ng[0;1m ---[m
[debug] execute contextualize
[[1;34mINFO[m] Using 'UTF-8' encoding to copy filtered resources.
[[1;34mINFO[m] Copying 3 resources
[[1;34mINFO[m] Copying 3 resources
[[1;34mINFO[m] 
[[1;34mINFO[m] [1m--- [0;32mmaven-compiler-plugin:2.3.2:testCompile[m [1m(default-testCompile)[m @ [36mlog4j-flume-ng[0;1m ---[m
[[1;34mINFO[m] Compiling 6 source files to /home/user/Reproducibility-Scanner/benchmarks/bugs-dot-jar/logging-log4j2/flume-ng/target/test-classes
[[1;34mINFO[m] 
[[1;34mINFO[m] [1m--- [0;32mmaven-surefire-plugin:2.12.4:test[m [1m(default-test)[m @ [36mlog4j-flume-ng[0;1m ---[m
[[1;34mINFO[m] Tests are skipped.
[[1;34mINFO[m] 
[[1;34mINFO[m] [1m--- [0;32mmaven-jar-plugin:2.3.1:jar[m [1m(default-jar)[m @ [36mlog4j-flume-ng[0;1m ---[m
[[1;34mINFO[m] Building jar: /home/user/Reproducibility-Scanner/benchmarks/bugs-dot-jar/logging-log4j2/flume-ng/target/log4j-flume-ng-2.0-beta5-SNAPSHOT.jar
[[1;34mINFO[m] 
[[1;34mINFO[m] [1m--- [0;32mmaven-jar-plugin:2.3.1:test-jar[m [1m(default)[m @ [36mlog4j-flume-ng[0;1m ---[m
[[1;34mINFO[m] Building jar: /home/user/Reproducibility-Scanner/benchmarks/bugs-dot-jar/logging-log4j2/flume-ng/target/log4j-flume-ng-2.0-beta5-SNAPSHOT-tests.jar
[[1;34mINFO[m] 
[[1;34mINFO[m] [1m--- [0;32mmaven-install-plugin:2.3.1:install[m [1m(default-install)[m @ [36mlog4j-flume-ng[0;1m ---[m
[[1;34mINFO[m] Installing /home/user/Reproducibility-Scanner/benchmarks/bugs-dot-jar/logging-log4j2/flume-ng/target/log4j-flume-ng-2.0-beta5-SNAPSHOT.jar to /home/user/.m2/repository/org/apache/logging/log4j/log4j-flume-ng/2.0-beta5-SNAPSHOT/log4j-flume-ng-2.0-beta5-SNAPSHOT.jar
[[1;34mINFO[m] Installing /home/user/Reproducibility-Scanner/benchmarks/bugs-dot-jar/logging-log4j2/flume-ng/pom.xml to /home/user/.m2/repository/org/apache/logging/log4j/log4j-flume-ng/2.0-beta5-SNAPSHOT/log4j-flume-ng-2.0-beta5-SNAPSHOT.pom
[[1;34mINFO[m] Installing /home/user/Reproducibility-Scanner/benchmarks/bugs-dot-jar/logging-log4j2/flume-ng/target/log4j-flume-ng-2.0-beta5-SNAPSHOT-tests.jar to /home/user/.m2/repository/org/apache/logging/log4j/log4j-flume-ng/2.0-beta5-SNAPSHOT/log4j-flume-ng-2.0-beta5-SNAPSHOT-tests.jar
[[1;34mINFO[m] 
[[1;34mINFO[m] [1m-----------------< [0;36morg.apache.logging.log4j:log4j-web[0;1m >-----------------[m
[[1;34mINFO[m] [1mBuilding Apache Log4j Web Adapters 2.0-beta5-SNAPSHOT             [9/15][m
[[1;34mINFO[m] [1m--------------------------------[ jar ]---------------------------------[m
[[1;34mINFO[m] 
[[1;34mINFO[m] [1m--- [0;32mmaven-remote-resources-plugin:1.1:process[m [1m(default)[m @ [36mlog4j-web[0;1m ---[m
[[1;34mINFO[m] 
[[1;34mINFO[m] [1m--- [0;32mmaven-resources-plugin:2.5:resources[m [1m(default-resources)[m @ [36mlog4j-web[0;1m ---[m
[debug] execute contextualize
[[1;34mINFO[m] Using 'UTF-8' encoding to copy filtered resources.
[[1;34mINFO[m] skip non existing resourceDirectory /home/user/Reproducibility-Scanner/benchmarks/bugs-dot-jar/logging-log4j2/web/src/main/resources
[[1;34mINFO[m] Copying 3 resources
[[1;34mINFO[m] 
[[1;34mINFO[m] [1m--- [0;32mmaven-compiler-plugin:2.3.2:compile[m [1m(default-compile)[m @ [36mlog4j-web[0;1m ---[m
[[1;34mINFO[m] Compiling 3 source files to /home/user/Reproducibility-Scanner/benchmarks/bugs-dot-jar/logging-log4j2/web/target/classes
[[1;34mINFO[m] 
[[1;34mINFO[m] [1m--- [0;32mmaven-bundle-plugin:2.3.7:manifest[m [1m(bundle-manifest)[m @ [36mlog4j-web[0;1m ---[m
[[1;34mINFO[m] 
[[1;34mINFO[m] [1m--- [0;32mmaven-resources-plugin:2.5:testResources[m [1m(default-testResources)[m @ [36mlog4j-web[0;1m ---[m
[debug] execute contextualize
[[1;34mINFO[m] Using 'UTF-8' encoding to copy filtered resources.
[[1;34mINFO[m] Copying 1 resource
[[1;34mINFO[m] Copying 3 resources
[[1;34mINFO[m] 
[[1;34mINFO[m] [1m--- [0;32mmaven-compiler-plugin:2.3.2:testCompile[m [1m(default-testCompile)[m @ [36mlog4j-web[0;1m ---[m
[[1;34mINFO[m] Compiling 1 source file to /home/user/Reproducibility-Scanner/benchmarks/bugs-dot-jar/logging-log4j2/web/target/test-classes
[[1;34mINFO[m] 
[[1;34mINFO[m] [1m--- [0;32mmaven-surefire-plugin:2.12.4:test[m [1m(default-test)[m @ [36mlog4j-web[0;1m ---[m
[[1;34mINFO[m] Tests are skipped.
[[1;34mINFO[m] 
[[1;34mINFO[m] [1m--- [0;32mmaven-jar-plugin:2.3.1:jar[m [1m(default-jar)[m @ [36mlog4j-web[0;1m ---[m
[[1;34mINFO[m] Building jar: /home/user/Reproducibility-Scanner/benchmarks/bugs-dot-jar/logging-log4j2/web/target/log4j-web-2.0-beta5-SNAPSHOT.jar
[[1;34mINFO[m] 
[[1;34mINFO[m] [1m--- [0;32mmaven-install-plugin:2.3.1:install[m [1m(default-install)[m @ [36mlog4j-web[0;1m ---[m
[[1;34mINFO[m] Installing /home/user/Reproducibility-Scanner/benchmarks/bugs-dot-jar/logging-log4j2/web/target/log4j-web-2.0-beta5-SNAPSHOT.jar to /home/user/.m2/repository/org/apache/logging/log4j/log4j-web/2.0-beta5-SNAPSHOT/log4j-web-2.0-beta5-SNAPSHOT.jar
[[1;34mINFO[m] Installing /home/user/Reproducibility-Scanner/benchmarks/bugs-dot-jar/logging-log4j2/web/pom.xml to /home/user/.m2/repository/org/apache/logging/log4j/log4j-web/2.0-beta5-SNAPSHOT/log4j-web-2.0-beta5-SNAPSHOT.pom
[[1;34mINFO[m] 
[[1;34mINFO[m] [1m---------------< [0;36morg.apache.logging.log4j:log4j-taglib[0;1m >----------------[m
[[1;34mINFO[m] [1mBuilding Apache Log4j Tag Library 2.0-beta5-SNAPSHOT             [10/15][m
[[1;34mINFO[m] [1m--------------------------------[ jar ]---------------------------------[m
[[1;34mINFO[m] 
[[1;34mINFO[m] [1m--- [0;32mmaven-remote-resources-plugin:1.1:process[m [1m(default)[m @ [36mlog4j-taglib[0;1m ---[m
[[1;34mINFO[m] 
[[1;34mINFO[m] [1m--- [0;32mmaven-resources-plugin:2.5:resources[m [1m(default-resources)[m @ [36mlog4j-taglib[0;1m ---[m
[debug] execute contextualize
[[1;34mINFO[m] Using 'UTF-8' encoding to copy filtered resources.
[[1;34mINFO[m] Copying 1 resource
[[1;34mINFO[m] Copying 3 resources
[[1;34mINFO[m] 
[[1;34mINFO[m] [1m--- [0;32mmaven-compiler-plugin:2.3.2:compile[m [1m(default-compile)[m @ [36mlog4j-taglib[0;1m ---[m
[[1;34mINFO[m] Compiling 20 source files to /home/user/Reproducibility-Scanner/benchmarks/bugs-dot-jar/logging-log4j2/taglib/target/classes
[[1;34mINFO[m] 
[[1;34mINFO[m] [1m--- [0;32mmaven-bundle-plugin:2.3.7:manifest[m [1m(bundle-manifest)[m @ [36mlog4j-taglib[0;1m ---[m
[[1;34mINFO[m] 
[[1;34mINFO[m] [1m--- [0;32mmaven-resources-plugin:2.5:testResources[m [1m(default-testResources)[m @ [36mlog4j-taglib[0;1m ---[m
[debug] execute contextualize
[[1;34mINFO[m] Using 'UTF-8' encoding to copy filtered resources.
[[1;34mINFO[m] skip non existing resourceDirectory /home/user/Reproducibility-Scanner/benchmarks/bugs-dot-jar/logging-log4j2/taglib/src/test/resources
[[1;34mINFO[m] Copying 3 resources
[[1;34mINFO[m] 
[[1;34mINFO[m] [1m--- [0;32mmaven-compiler-plugin:2.3.2:testCompile[m [1m(default-testCompile)[m @ [36mlog4j-taglib[0;1m ---[m
[[1;34mINFO[m] No sources to compile
[[1;34mINFO[m] 
[[1;34mINFO[m] [1m--- [0;32mmaven-surefire-plugin:2.12.4:test[m [1m(default-test)[m @ [36mlog4j-taglib[0;1m ---[m
[[1;34mINFO[m] Tests are skipped.
[[1;34mINFO[m] 
[[1;34mINFO[m] [1m--- [0;32mmaven-jar-plugin:2.3.1:jar[m [1m(default-jar)[m @ [36mlog4j-taglib[0;1m ---[m
[[1;34mINFO[m] Building jar: /home/user/Reproducibility-Scanner/benchmarks/bugs-dot-jar/logging-log4j2/taglib/target/log4j-taglib-2.0-beta5-SNAPSHOT.jar
[[1;34mINFO[m] 
[[1;34mINFO[m] [1m--- [0;32mmaven-install-plugin:2.3.1:install[m [1m(default-install)[m @ [36mlog4j-taglib[0;1m ---[m
[[1;34mINFO[m] Installing /home/user/Reproducibility-Scanner/benchmarks/bugs-dot-jar/logging-log4j2/taglib/target/log4j-taglib-2.0-beta5-SNAPSHOT.jar to /home/user/.m2/repository/org/apache/logging/log4j/log4j-taglib/2.0-beta5-SNAPSHOT/log4j-taglib-2.0-beta5-SNAPSHOT.jar
[[1;34mINFO[m] Installing /home/user/Reproducibility-Scanner/benchmarks/bugs-dot-jar/logging-log4j2/taglib/pom.xml to /home/user/.m2/repository/org/apache/logging/log4j/log4j-taglib/2.0-beta5-SNAPSHOT/log4j-taglib-2.0-beta5-SNAPSHOT.pom
[[1;34mINFO[m] 
[[1;34mINFO[m] [1m-----------< [0;36morg.apache.logging.log4j.samples:log4j-samples[0;1m >-----------[m
[[1;34mINFO[m] [1mBuilding log4j-samples 2.0-beta5-SNAPSHOT                        [11/15][m
[[1;34mINFO[m] [1m--------------------------------[ pom ]---------------------------------[m
[[1;34mINFO[m] 
[[1;34mINFO[m] [1m--- [0;32mmaven-remote-resources-plugin:1.1:process[m [1m(default)[m @ [36mlog4j-samples[0;1m ---[m
[[1;34mINFO[m] 
[[1;34mINFO[m] [1m--- [0;32mmaven-bundle-plugin:2.3.7:manifest[m [1m(bundle-manifest)[m @ [36mlog4j-samples[0;1m ---[m
[[1;33mWARNING[m] Ignoring project type pom - supportedProjectTypes = [jar, bundle]
[[1;34mINFO[m] 
[[1;34mINFO[m] [1m--- [0;32mmaven-install-plugin:2.3.1:install[m [1m(default-install)[m @ [36mlog4j-samples[0;1m ---[m
[[1;34mINFO[m] Installing /home/user/Reproducibility-Scanner/benchmarks/bugs-dot-jar/logging-log4j2/samples/pom.xml to /home/user/.m2/repository/org/apache/logging/log4j/samples/log4j-samples/2.0-beta5-SNAPSHOT/log4j-samples-2.0-beta5-SNAPSHOT.pom
[[1;34mINFO[m] 
[[1;34mINFO[m] [1m-----------< [0;36morg.apache.logging.log4j.samples:flume-common[0;1m >------------[m
[[1;34mINFO[m] [1mBuilding flume-common 2.0-beta5-SNAPSHOT                         [12/15][m
[[1;34mINFO[m] [1m--------------------------------[ jar ]---------------------------------[m
[[1;34mINFO[m] 
[[1;34mINFO[m] [1m--- [0;32mmaven-remote-resources-plugin:1.1:process[m [1m(default)[m @ [36mflume-common[0;1m ---[m
[[1;34mINFO[m] 
[[1;34mINFO[m] [1m--- [0;32mmaven-resources-plugin:2.5:resources[m [1m(default-resources)[m @ [36mflume-common[0;1m ---[m
[debug] execute contextualize
[[1;34mINFO[m] Using 'UTF-8' encoding to copy filtered resources.
[[1;34mINFO[m] skip non existing resourceDirectory /home/user/Reproducibility-Scanner/benchmarks/bugs-dot-jar/logging-log4j2/samples/flume-common/src/main/resources
[[1;34mINFO[m] Copying 3 resources
[[1;34mINFO[m] 
[[1;34mINFO[m] [1m--- [0;32mmaven-compiler-plugin:2.3.2:compile[m [1m(default-compile)[m @ [36mflume-common[0;1m ---[m
[[1;34mINFO[m] Compiling 13 source files to /home/user/Reproducibility-Scanner/benchmarks/bugs-dot-jar/logging-log4j2/samples/flume-common/target/classes
[[1;34mINFO[m] 
[[1;34mINFO[m] [1m--- [0;32mmaven-bundle-plugin:2.3.7:manifest[m [1m(bundle-manifest)[m @ [36mflume-common[0;1m ---[m
[[1;34mINFO[m] 
[[1;34mINFO[m] [1m--- [0;32mmaven-resources-plugin:2.5:testResources[m [1m(default-testResources)[m @ [36mflume-common[0;1m ---[m
[debug] execute contextualize
[[1;34mINFO[m] Using 'UTF-8' encoding to copy filtered resources.
[[1;34mINFO[m] skip non existing resourceDirectory /home/user/Reproducibility-Scanner/benchmarks/bugs-dot-jar/logging-log4j2/samples/flume-common/src/test/resources
[[1;34mINFO[m] Copying 3 resources
[[1;34mINFO[m] 
[[1;34mINFO[m] [1m--- [0;32mmaven-compiler-plugin:2.3.2:testCompile[m [1m(default-testCompile)[m @ [36mflume-common[0;1m ---[m
[[1;34mINFO[m] No sources to compile
[[1;34mINFO[m] 
[[1;34mINFO[m] [1m--- [0;32mmaven-surefire-plugin:2.12.4:test[m [1m(default-test)[m @ [36mflume-common[0;1m ---[m
[[1;34mINFO[m] Tests are skipped.
[[1;34mINFO[m] 
[[1;34mINFO[m] [1m--- [0;32mmaven-jar-plugin:2.3.1:jar[m [1m(default-jar)[m @ [36mflume-common[0;1m ---[m
[[1;34mINFO[m] Building jar: /home/user/Reproducibility-Scanner/benchmarks/bugs-dot-jar/logging-log4j2/samples/flume-common/target/flume-common-2.0-beta5-SNAPSHOT.jar
[[1;34mINFO[m] 
[[1;34mINFO[m] [1m--- [0;32mmaven-install-plugin:2.3.1:install[m [1m(default-install)[m @ [36mflume-common[0;1m ---[m
[[1;34mINFO[m] Installing /home/user/Reproducibility-Scanner/benchmarks/bugs-dot-jar/logging-log4j2/samples/flume-common/target/flume-common-2.0-beta5-SNAPSHOT.jar to /home/user/.m2/repository/org/apache/logging/log4j/samples/flume-common/2.0-beta5-SNAPSHOT/flume-common-2.0-beta5-SNAPSHOT.jar
[[1;34mINFO[m] Installing /home/user/Reproducibility-Scanner/benchmarks/bugs-dot-jar/logging-log4j2/samples/flume-common/pom.xml to /home/user/.m2/repository/org/apache/logging/log4j/samples/flume-common/2.0-beta5-SNAPSHOT/flume-common-2.0-beta5-SNAPSHOT.pom
[[1;34mINFO[m] 
[[1;34mINFO[m] [1m-----------< [0;36morg.apache.logging.log4j.samples:flume-remote[0;1m >------------[m
[[1;34mINFO[m] [1mBuilding flume-remote 2.0-beta5-SNAPSHOT                         [13/15][m
[[1;34mINFO[m] [1m--------------------------------[ war ]---------------------------------[m
[[1;34mINFO[m] 
[[1;34mINFO[m] [1m--- [0;32mmaven-remote-resources-plugin:1.1:process[m [1m(default)[m @ [36mflume-remote[0;1m ---[m
[[1;34mINFO[m] 
[[1;34mINFO[m] [1m--- [0;32mmaven-resources-plugin:2.5:resources[m [1m(default-resources)[m @ [36mflume-remote[0;1m ---[m
[debug] execute contextualize
[[1;34mINFO[m] Using 'UTF-8' encoding to copy filtered resources.
[[1;34mINFO[m] Copying 2 resources
[[1;34mINFO[m] Copying 1 resource to /home/user/Reproducibility-Scanner/benchmarks/bugs-dot-jar/logging-log4j2/samples/flume-remote/target
[[1;34mINFO[m] Copying 3 resources
[[1;34mINFO[m] 
[[1;34mINFO[m] [1m--- [0;32mmaven-compiler-plugin:2.3.2:compile[m [1m(default-compile)[m @ [36mflume-remote[0;1m ---[m
[[1;34mINFO[m] No sources to compile
[[1;34mINFO[m] 
[[1;34mINFO[m] [1m--- [0;32mmaven-bundle-plugin:2.3.7:manifest[m [1m(bundle-manifest)[m @ [36mflume-remote[0;1m ---[m
[[1;33mWARNING[m] Ignoring project type war - supportedProjectTypes = [jar, bundle]
[[1;34mINFO[m] 
[[1;34mINFO[m] [1m--- [0;32mmaven-resources-plugin:2.5:testResources[m [1m(default-testResources)[m @ [36mflume-remote[0;1m ---[m
[debug] execute contextualize
[[1;34mINFO[m] Using 'UTF-8' encoding to copy filtered resources.
[[1;34mINFO[m] skip non existing resourceDirectory /home/user/Reproducibility-Scanner/benchmarks/bugs-dot-jar/logging-log4j2/samples/flume-remote/src/test/resources
[[1;34mINFO[m] Copying 3 resources
[[1;34mINFO[m] 
[[1;34mINFO[m] [1m--- [0;32mmaven-compiler-plugin:2.3.2:testCompile[m [1m(default-testCompile)[m @ [36mflume-remote[0;1m ---[m
[[1;34mINFO[m] No sources to compile
[[1;34mINFO[m] 
[[1;34mINFO[m] [1m--- [0;32mmaven-surefire-plugin:2.12.4:test[m [1m(default-test)[m @ [36mflume-remote[0;1m ---[m
[[1;34mINFO[m] Tests are skipped.
[[1;34mINFO[m] 
[[1;34mINFO[m] [1m--- [0;32mmaven-war-plugin:2.2:war[m [1m(default-war)[m @ [36mflume-remote[0;1m ---[m
[[1;34mINFO[m] Packaging webapp
[[1;34mINFO[m] Assembling webapp [flume-remote] in [/home/user/Reproducibility-Scanner/benchmarks/bugs-dot-jar/logging-log4j2/samples/flume-remote/target/flume-remote-2.0-beta5-SNAPSHOT]
[[1;34mINFO[m] Processing war project
[[1;34mINFO[m] Copying webapp resources [/home/user/Reproducibility-Scanner/benchmarks/bugs-dot-jar/logging-log4j2/samples/flume-remote/src/main/webapp]
[[1;34mINFO[m] Webapp assembled in [49 msecs]
[[1;34mINFO[m] Building war: /home/user/Reproducibility-Scanner/benchmarks/bugs-dot-jar/logging-log4j2/samples/flume-remote/target/flume-remote-2.0-beta5-SNAPSHOT.war
[[1;34mINFO[m] WEB-INF/web.xml already added, skipping
[[1;34mINFO[m] 
[[1;34mINFO[m] [1m--- [0;32mmaven-install-plugin:2.3.1:install[m [1m(default-install)[m @ [36mflume-remote[0;1m ---[m
[[1;34mINFO[m] Installing /home/user/Reproducibility-Scanner/benchmarks/bugs-dot-jar/logging-log4j2/samples/flume-remote/target/flume-remote-2.0-beta5-SNAPSHOT.war to /home/user/.m2/repository/org/apache/logging/log4j/samples/flume-remote/2.0-beta5-SNAPSHOT/flume-remote-2.0-beta5-SNAPSHOT.war
[[1;34mINFO[m] Installing /home/user/Reproducibility-Scanner/benchmarks/bugs-dot-jar/logging-log4j2/samples/flume-remote/pom.xml to /home/user/.m2/repository/org/apache/logging/log4j/samples/flume-remote/2.0-beta5-SNAPSHOT/flume-remote-2.0-beta5-SNAPSHOT.pom
[[1;34mINFO[m] 
[[1;34mINFO[m] [1m----------< [0;36morg.apache.logging.log4j.samples:flume-embedded[0;1m >-----------[m
[[1;34mINFO[m] [1mBuilding flume-embedded 2.0-beta5-SNAPSHOT                       [14/15][m
[[1;34mINFO[m] [1m--------------------------------[ war ]---------------------------------[m
[[1;34mINFO[m] 
[[1;34mINFO[m] [1m--- [0;32mmaven-remote-resources-plugin:1.1:process[m [1m(default)[m @ [36mflume-embedded[0;1m ---[m
[[1;34mINFO[m] 
[[1;34mINFO[m] [1m--- [0;32mmaven-resources-plugin:2.5:resources[m [1m(default-resources)[m @ [36mflume-embedded[0;1m ---[m
[debug] execute contextualize
[[1;34mINFO[m] Using 'UTF-8' encoding to copy filtered resources.
[[1;34mINFO[m] Copying 2 resources
[[1;34mINFO[m] Copying 1 resource to /home/user/Reproducibility-Scanner/benchmarks/bugs-dot-jar/logging-log4j2/samples/flume-embedded/target
[[1;34mINFO[m] Copying 3 resources
[[1;34mINFO[m] 
[[1;34mINFO[m] [1m--- [0;32mmaven-compiler-plugin:2.3.2:compile[m [1m(default-compile)[m @ [36mflume-embedded[0;1m ---[m
[[1;34mINFO[m] No sources to compile
[[1;34mINFO[m] 
[[1;34mINFO[m] [1m--- [0;32mmaven-bundle-plugin:2.3.7:manifest[m [1m(bundle-manifest)[m @ [36mflume-embedded[0;1m ---[m
[[1;33mWARNING[m] Ignoring project type war - supportedProjectTypes = [jar, bundle]
[[1;34mINFO[m] 
[[1;34mINFO[m] [1m--- [0;32mmaven-resources-plugin:2.5:testResources[m [1m(default-testResources)[m @ [36mflume-embedded[0;1m ---[m
[debug] execute contextualize
[[1;34mINFO[m] Using 'UTF-8' encoding to copy filtered resources.
[[1;34mINFO[m] skip non existing resourceDirectory /home/user/Reproducibility-Scanner/benchmarks/bugs-dot-jar/logging-log4j2/samples/flume-embedded/src/test/resources
[[1;34mINFO[m] Copying 3 resources
[[1;34mINFO[m] 
[[1;34mINFO[m] [1m--- [0;32mmaven-compiler-plugin:2.3.2:testCompile[m [1m(default-testCompile)[m @ [36mflume-embedded[0;1m ---[m
[[1;34mINFO[m] No sources to compile
[[1;34mINFO[m] 
[[1;34mINFO[m] [1m--- [0;32mmaven-surefire-plugin:2.12.4:test[m [1m(default-test)[m @ [36mflume-embedded[0;1m ---[m
[[1;34mINFO[m] Tests are skipped.
[[1;34mINFO[m] 
[[1;34mINFO[m] [1m--- [0;32mmaven-war-plugin:2.2:war[m [1m(default-war)[m @ [36mflume-embedded[0;1m ---[m
[[1;34mINFO[m] Packaging webapp
[[1;34mINFO[m] Assembling webapp [flume-embedded] in [/home/user/Reproducibility-Scanner/benchmarks/bugs-dot-jar/logging-log4j2/samples/flume-embedded/target/flume-embedded-2.0-beta5-SNAPSHOT]
[[1;34mINFO[m] Processing war project
[[1;34mINFO[m] Copying webapp resources [/home/user/Reproducibility-Scanner/benchmarks/bugs-dot-jar/logging-log4j2/samples/flume-embedded/src/main/webapp]
[[1;34mINFO[m] Webapp assembled in [62 msecs]
[[1;34mINFO[m] Building war: /home/user/Reproducibility-Scanner/benchmarks/bugs-dot-jar/logging-log4j2/samples/flume-embedded/target/flume-embedded-2.0-beta5-SNAPSHOT.war
[[1;34mINFO[m] WEB-INF/web.xml already added, skipping
[[1;34mINFO[m] 
[[1;34mINFO[m] [1m--- [0;32mmaven-install-plugin:2.3.1:install[m [1m(default-install)[m @ [36mflume-embedded[0;1m ---[m
[[1;34mINFO[m] Installing /home/user/Reproducibility-Scanner/benchmarks/bugs-dot-jar/logging-log4j2/samples/flume-embedded/target/flume-embedded-2.0-beta5-SNAPSHOT.war to /home/user/.m2/repository/org/apache/logging/log4j/samples/flume-embedded/2.0-beta5-SNAPSHOT/flume-embedded-2.0-beta5-SNAPSHOT.war
[[1;34mINFO[m] Installing /home/user/Reproducibility-Scanner/benchmarks/bugs-dot-jar/logging-log4j2/samples/flume-embedded/pom.xml to /home/user/.m2/repository/org/apache/logging/log4j/samples/flume-embedded/2.0-beta5-SNAPSHOT/flume-embedded-2.0-beta5-SNAPSHOT.pom
[[1;34mINFO[m] 
[[1;34mINFO[m] [1m----------------< [0;36morg.apache.logging.log4j:log4j-async[0;1m >----------------[m
[[1;34mINFO[m] [1mBuilding Apache Log4j Async 2.0-beta5-SNAPSHOT                   [15/15][m
[[1;34mINFO[m] [1m--------------------------------[ jar ]---------------------------------[m
[[1;34mINFO[m] 
[[1;34mINFO[m] [1m--- [0;32mmaven-remote-resources-plugin:1.1:process[m [1m(default)[m @ [36mlog4j-async[0;1m ---[m
[[1;34mINFO[m] 
[[1;34mINFO[m] [1m--- [0;32mmaven-resources-plugin:2.5:resources[m [1m(default-resources)[m @ [36mlog4j-async[0;1m ---[m
[debug] execute contextualize
[[1;34mINFO[m] Using 'UTF-8' encoding to copy filtered resources.
[[1;34mINFO[m] skip non existing resourceDirectory /home/user/Reproducibility-Scanner/benchmarks/bugs-dot-jar/logging-log4j2/log4j-async/src/main/resources
[[1;34mINFO[m] Copying 3 resources
[[1;34mINFO[m] 
[[1;34mINFO[m] [1m--- [0;32mmaven-compiler-plugin:2.3.2:compile[m [1m(default-compile)[m @ [36mlog4j-async[0;1m ---[m
[[1;34mINFO[m] Compiling 16 source files to /home/user/Reproducibility-Scanner/benchmarks/bugs-dot-jar/logging-log4j2/log4j-async/target/classes
[[1;34mINFO[m] 
[[1;34mINFO[m] [1m--- [0;32mmaven-bundle-plugin:2.3.7:manifest[m [1m(bundle-manifest)[m @ [36mlog4j-async[0;1m ---[m
[[1;34mINFO[m] 
[[1;34mINFO[m] [1m>>> [0;32mexec-maven-plugin:1.2.1:java[m [1m(default)[0;1m > [0;1mvalidate[m @ [36mlog4j-async[0;1m >>>[m
[[1;34mINFO[m] 
[[1;34mINFO[m] [1m<<< [0;32mexec-maven-plugin:1.2.1:java[m [1m(default)[0;1m < [0;1mvalidate[m @ [36mlog4j-async[0;1m <<<[m
[[1;34mINFO[m] 
[[1;34mINFO[m] 
[[1;34mINFO[m] [1m--- [0;32mexec-maven-plugin:1.2.1:java[m [1m(default)[m @ [36mlog4j-async[0;1m ---[m
[[1;34mINFO[m] 
[[1;34mINFO[m] [1m--- [0;32mmaven-resources-plugin:2.5:testResources[m [1m(default-testResources)[m @ [36mlog4j-async[0;1m ---[m
[debug] execute contextualize
[[1;34mINFO[m] Using 'UTF-8' encoding to copy filtered resources.
[[1;34mINFO[m] Copying 22 resources
[[1;34mINFO[m] Copying 3 resources
[[1;34mINFO[m] 
[[1;34mINFO[m] [1m--- [0;32mmaven-compiler-plugin:2.3.2:testCompile[m [1m(default-testCompile)[m @ [36mlog4j-async[0;1m ---[m
[[1;34mINFO[m] Compiling 21 source files to /home/user/Reproducibility-Scanner/benchmarks/bugs-dot-jar/logging-log4j2/log4j-async/target/test-classes
[[1;34mINFO[m] 
[[1;34mINFO[m] [1m--- [0;32mmaven-surefire-plugin:2.12.4:test[m [1m(default-test)[m @ [36mlog4j-async[0;1m ---[m
[[1;34mINFO[m] Tests are skipped.
[[1;34mINFO[m] 
[[1;34mINFO[m] [1m--- [0;32mmaven-jar-plugin:2.3.1:jar[m [1m(default-jar)[m @ [36mlog4j-async[0;1m ---[m
[[1;34mINFO[m] Building jar: /home/user/Reproducibility-Scanner/benchmarks/bugs-dot-jar/logging-log4j2/log4j-async/target/log4j-async-2.0-beta5-SNAPSHOT.jar
[[1;34mINFO[m] 
[[1;34mINFO[m] [1m--- [0;32mmaven-jar-plugin:2.3.1:test-jar[m [1m(default)[m @ [36mlog4j-async[0;1m ---[m
[[1;34mINFO[m] Building jar: /home/user/Reproducibility-Scanner/benchmarks/bugs-dot-jar/logging-log4j2/log4j-async/target/log4j-async-2.0-beta5-SNAPSHOT-tests.jar
[[1;34mINFO[m] 
[[1;34mINFO[m] [1m--- [0;32mmaven-install-plugin:2.3.1:install[m [1m(default-install)[m @ [36mlog4j-async[0;1m ---[m
[[1;34mINFO[m] Installing /home/user/Reproducibility-Scanner/benchmarks/bugs-dot-jar/logging-log4j2/log4j-async/target/log4j-async-2.0-beta5-SNAPSHOT.jar to /home/user/.m2/repository/org/apache/logging/log4j/log4j-async/2.0-beta5-SNAPSHOT/log4j-async-2.0-beta5-SNAPSHOT.jar
[[1;34mINFO[m] Installing /home/user/Reproducibility-Scanner/benchmarks/bugs-dot-jar/logging-log4j2/log4j-async/pom.xml to /home/user/.m2/repository/org/apache/logging/log4j/log4j-async/2.0-beta5-SNAPSHOT/log4j-async-2.0-beta5-SNAPSHOT.pom
[[1;34mINFO[m] Installing /home/user/Reproducibility-Scanner/benchmarks/bugs-dot-jar/logging-log4j2/log4j-async/target/log4j-async-2.0-beta5-SNAPSHOT-tests.jar to /home/user/.m2/repository/org/apache/logging/log4j/log4j-async/2.0-beta5-SNAPSHOT/log4j-async-2.0-beta5-SNAPSHOT-tests.jar
[[1;34mINFO[m] [1m------------------------------------------------------------------------[m
[[1;34mINFO[m] [1mReactor Summary for Apache Log4j 2 2.0-beta5-SNAPSHOT:[m
[[1;34mINFO[m] 
[[1;34mINFO[m] Apache Log4j 2 ..................................... [1;32mSUCCESS[m [  0.776 s]
[[1;34mINFO[m] Apache Log4j API ................................... [1;32mSUCCESS[m [  2.540 s]
[[1;34mINFO[m] Apache Log4J Core .................................. [1;32mSUCCESS[m [  3.864 s]
[[1;34mINFO[m] Apache Log4j 1.x Compatibility API ................. [1;32mSUCCESS[m [  1.460 s]
[[1;34mINFO[m] Apache Log4j SLF4J Binding ......................... [1;32mSUCCESS[m [  0.942 s]
[[1;34mINFO[m] Apache Log4j to SLF4J Adapter ...................... [1;32mSUCCESS[m [  0.832 s]
[[1;34mINFO[m] Apache Log4j Commons Logging Bridge ................ [1;32mSUCCESS[m [  0.801 s]
[[1;34mINFO[m] Apache Log4j Flume NG Bridge ....................... [1;32mSUCCESS[m [  2.468 s]
[[1;34mINFO[m] Apache Log4j Web Adapters .......................... [1;32mSUCCESS[m [  0.894 s]
[[1;34mINFO[m] Apache Log4j Tag Library ........................... [1;32mSUCCESS[m [  0.611 s]
[[1;34mINFO[m] log4j-samples ...................................... [1;32mSUCCESS[m [  0.010 s]
[[1;34mINFO[m] flume-common ....................................... [1;32mSUCCESS[m [  0.685 s]
[[1;34mINFO[m] flume-remote ....................................... [1;32mSUCCESS[m [  0.930 s]
[[1;34mINFO[m] flume-embedded ..................................... [1;32mSUCCESS[m [  1.836 s]
[[1;34mINFO[m] Apache Log4j Async ................................. [1;32mSUCCESS[m [  1.654 s]
[[1;34mINFO[m] [1m------------------------------------------------------------------------[m
[[1;34mINFO[m] [1;32mBUILD SUCCESS[m
[[1;34mINFO[m] [1m------------------------------------------------------------------------[m
[[1;34mINFO[m] Total time:  20.520 s
[[1;34mINFO[m] Finished at: 2022-08-25T13:33:25-07:00
[[1;34mINFO[m] [1m------------------------------------------------------------------------[m
[[1;34mINFO[m] Scanning for projects...
[[1;34mINFO[m] 
[[1;34mINFO[m] [1m-----------------< [0;36morg.apache.logging.log4j:log4j-api[0;1m >-----------------[m
[[1;34mINFO[m] [1mBuilding Apache Log4j API 2.0-beta5-SNAPSHOT[m
[[1;34mINFO[m] [1m--------------------------------[ jar ]---------------------------------[m
[[1;34mINFO[m] 
[[1;34mINFO[m] [1m--- [0;32mmaven-remote-resources-plugin:1.1:process[m [1m(default)[m @ [36mlog4j-api[0;1m ---[m
[[1;34mINFO[m] Setting property: classpath.resource.loader.class => 'org.codehaus.plexus.velocity.ContextClassLoaderResourceLoader'.
[[1;34mINFO[m] Setting property: velocimacro.messages.on => 'false'.
[[1;34mINFO[m] Setting property: resource.loader => 'classpath'.
[[1;34mINFO[m] Setting property: resource.manager.logwhenfound => 'false'.
[[1;34mINFO[m] 
[[1;34mINFO[m] [1m--- [0;32mmaven-resources-plugin:2.5:resources[m [1m(default-resources)[m @ [36mlog4j-api[0;1m ---[m
[debug] execute contextualize
[[1;34mINFO[m] Using 'UTF-8' encoding to copy filtered resources.
[[1;34mINFO[m] skip non existing resourceDirectory /home/user/Reproducibility-Scanner/benchmarks/bugs-dot-jar/logging-log4j2/api/src/main/resources
[[1;34mINFO[m] Copying 3 resources
[[1;34mINFO[m] 
[[1;34mINFO[m] [1m--- [0;32mmaven-compiler-plugin:2.3.2:compile[m [1m(default-compile)[m @ [36mlog4j-api[0;1m ---[m
[[1;34mINFO[m] Compiling 6 source files to /home/user/Reproducibility-Scanner/benchmarks/bugs-dot-jar/logging-log4j2/api/target/classes
[[1;34mINFO[m] 
[[1;34mINFO[m] [1m--- [0;32mmaven-bundle-plugin:2.3.7:manifest[m [1m(bundle-manifest)[m @ [36mlog4j-api[0;1m ---[m
[[1;34mINFO[m] 
[[1;34mINFO[m] [1m--- [0;32mmaven-resources-plugin:2.5:testResources[m [1m(default-testResources)[m @ [36mlog4j-api[0;1m ---[m
[debug] execute contextualize
[[1;34mINFO[m] Using 'UTF-8' encoding to copy filtered resources.
[[1;34mINFO[m] Copying 7 resources
[[1;34mINFO[m] Copying 3 resources
[[1;34mINFO[m] 
[[1;34mINFO[m] [1m--- [0;32mmaven-compiler-plugin:2.3.2:testCompile[m [1m(default-testCompile)[m @ [36mlog4j-api[0;1m ---[m
[[1;34mINFO[m] Nothing to compile - all classes are up to date
[[1;34mINFO[m] 
[[1;34mINFO[m] [1m--- [0;32mmaven-surefire-plugin:2.12.4:test[m [1m(default-test)[m @ [36mlog4j-api[0;1m ---[m
[[1;34mINFO[m] Surefire report directory: /home/user/Reproducibility-Scanner/benchmarks/bugs-dot-jar/logging-log4j2/api/target/surefire-reports

-------------------------------------------------------
 T E S T S
-------------------------------------------------------

-------------------------------------------------------
 T E S T S
-------------------------------------------------------
Running org.apache.logging.log4j.ThreadContextTest
Tests run: 2, Failures: 0, Errors: 0, Skipped: 0, Time elapsed: 0.043 sec
Running org.apache.logging.log4j.LoggerTest
Tests run: 30, Failures: 0, Errors: 0, Skipped: 0, Time elapsed: 0.1 sec
Running org.apache.logging.log4j.message.FormattedMessageTest
Tests run: 5, Failures: 0, Errors: 0, Skipped: 0, Time elapsed: 0.054 sec
Running org.apache.logging.log4j.message.MapMessageTest
Tests run: 4, Failures: 1, Errors: 0, Skipped: 0, Time elapsed: 0.046 sec <<< FAILURE!
testXML(org.apache.logging.log4j.message.MapMessageTest)  Time elapsed: 0.011 sec  <<< FAILURE!
org.junit.ComparisonFailure: expected:<<Map>
  <Entry key=["message">Test message {}</Entry>
  <Entry key="project"]>Log4j</Entry>
</Map...> but was:<<Map>
  <Entry key=[message>Test message {}</Entry>
  <Entry key=project]>Log4j</Entry>
</Map...>
	at org.junit.Assert.assertEquals(Assert.java:123)
	at org.junit.Assert.assertEquals(Assert.java:145)
	at org.apache.logging.log4j.message.MapMessageTest.testXML(MapMessageTest.java:49)
	at sun.reflect.NativeMethodAccessorImpl.invoke0(Native Method)
	at sun.reflect.NativeMethodAccessorImpl.invoke(NativeMethodAccessorImpl.java:62)
	at sun.reflect.DelegatingMethodAccessorImpl.invoke(DelegatingMethodAccessorImpl.java:43)
	at java.lang.reflect.Method.invoke(Method.java:498)
	at org.junit.runners.model.FrameworkMethod$1.runReflectiveCall(FrameworkMethod.java:44)
	at org.junit.internal.runners.model.ReflectiveCallable.run(ReflectiveCallable.java:15)
	at org.junit.runners.model.FrameworkMethod.invokeExplosively(FrameworkMethod.java:41)
	at org.junit.internal.runners.statements.InvokeMethod.evaluate(InvokeMethod.java:20)
	at org.junit.runners.BlockJUnit4ClassRunner.runChild(BlockJUnit4ClassRunner.java:76)
	at org.junit.runners.BlockJUnit4ClassRunner.runChild(BlockJUnit4ClassRunner.java:50)
	at org.junit.runners.ParentRunner$3.run(ParentRunner.java:193)
	at org.junit.runners.ParentRunner$1.schedule(ParentRunner.java:52)
	at org.junit.runners.ParentRunner.runChildren(ParentRunner.java:191)
	at org.junit.runners.ParentRunner.access$000(ParentRunner.java:42)
	at org.junit.runners.ParentRunner$2.evaluate(ParentRunner.java:184)
	at org.junit.runners.ParentRunner.run(ParentRunner.java:236)
	at org.apache.maven.surefire.junit4.JUnit4Provider.execute(JUnit4Provider.java:252)
	at org.apache.maven.surefire.junit4.JUnit4Provider.executeTestSet(JUnit4Provider.java:141)
	at org.apache.maven.surefire.junit4.JUnit4Provider.invoke(JUnit4Provider.java:112)
	at sun.reflect.NativeMethodAccessorImpl.invoke0(Native Method)
	at sun.reflect.NativeMethodAccessorImpl.invoke(NativeMethodAccessorImpl.java:62)
	at sun.reflect.DelegatingMethodAccessorImpl.invoke(DelegatingMethodAccessorImpl.java:43)
	at java.lang.reflect.Method.invoke(Method.java:498)
	at org.apache.maven.surefire.util.ReflectionUtils.invokeMethodWithArray(ReflectionUtils.java:189)
	at org.apache.maven.surefire.booter.ProviderFactory$ProviderProxy.invoke(ProviderFactory.java:165)
	at org.apache.maven.surefire.booter.ProviderFactory.invokeProvider(ProviderFactory.java:85)
	at org.apache.maven.surefire.booter.ForkedBooter.runSuitesInProcess(ForkedBooter.java:115)
	at org.apache.maven.surefire.booter.ForkedBooter.main(ForkedBooter.java:75)

Running org.apache.logging.log4j.message.StructuredDataMessageTest
Tests run: 2, Failures: 0, Errors: 0, Skipped: 0, Time elapsed: 0.04 sec
Running org.apache.logging.log4j.message.MessageFormatMessageTest
Tests run: 2, Failures: 0, Errors: 0, Skipped: 0, Time elapsed: 0.048 sec
Running org.apache.logging.log4j.message.ThreadDumpMessageTest
Tests run: 3, Failures: 0, Errors: 0, Skipped: 0, Time elapsed: 0.254 sec
Running org.apache.logging.log4j.message.StringFormattedMessageTest
Tests run: 2, Failures: 0, Errors: 0, Skipped: 0, Time elapsed: 0.049 sec
Running org.apache.logging.log4j.message.MessageFormatsPerfTest
Timer Parameterized stopped. Elapsed time: 0.003364679 seconds Average per iteration: 0.000006729 seconds
Timer MessageFormat stopped. Elapsed time: 0.014676001 seconds Average per iteration: 0.000029352 seconds
Timer StringFormat stopped. Elapsed time: 0.017428378 seconds Average per iteration: 0.000034856 seconds
Timer FormattedParameterized stopped. Elapsed time: 0.008010403 seconds Average per iteration: 0.000016020 seconds
Parameterized is 5.18 times faster than StringFormat.
Parameterized is 4.36 times faster than MessageFormat.
Parameterized is 2.38 times faster than Formatted.
Tests run: 4, Failures: 0, Errors: 0, Skipped: 0, Time elapsed: 0.099 sec
Running org.apache.logging.log4j.message.ObjectMessageTest
Tests run: 2, Failures: 0, Errors: 0, Skipped: 0, Time elapsed: 0.043 sec
Running org.apache.logging.log4j.message.ParameterizedMessageTest
Tests run: 1, Failures: 0, Errors: 0, Skipped: 0, Time elapsed: 0.036 sec
Running org.apache.logging.log4j.message.LocalizedMessageTest
Tests run: 2, Failures: 0, Errors: 0, Skipped: 0, Time elapsed: 0.055 sec
Running org.apache.logging.log4j.EventLoggerTest
Tests run: 1, Failures: 0, Errors: 0, Skipped: 0, Time elapsed: 0.064 sec
Running org.apache.logging.log4j.LevelTest
Tests run: 2, Failures: 0, Errors: 0, Skipped: 0, Time elapsed: 0.036 sec
Running org.apache.logging.log4j.AbstractLoggerTest
Tests run: 12, Failures: 0, Errors: 0, Skipped: 0, Time elapsed: 0.057 sec
Running org.apache.logging.log4j.NoopThreadContextTest
Tests run: 1, Failures: 0, Errors: 0, Skipped: 0, Time elapsed: 0.055 sec

Results :

Failed tests:   testXML(org.apache.logging.log4j.message.MapMessageTest): expected:<<Map>(..)

Tests run: 75, Failures: 1, Errors: 0, Skipped: 0

[[1;34mINFO[m] [1m------------------------------------------------------------------------[m
[[1;34mINFO[m] [1;31mBUILD FAILURE[m
[[1;34mINFO[m] [1m------------------------------------------------------------------------[m
[[1;34mINFO[m] Total time:  5.828 s
[[1;34mINFO[m] Finished at: 2022-08-25T13:33:33-07:00
[[1;34mINFO[m] [1m------------------------------------------------------------------------[m
[[1;31mERROR[m] Failed to execute goal [32morg.apache.maven.plugins:maven-surefire-plugin:2.12.4:test[m [1m(default-test)[m on project [36mlog4j-api[m: [1;31mThere are test failures.[m
[[1;31mERROR[m] [1;31m[m
[[1;31mERROR[m] [1;31mPlease refer to /home/user/Reproducibility-Scanner/benchmarks/bugs-dot-jar/logging-log4j2/api/target/surefire-reports for the individual test results.[m
[[1;31mERROR[m] -> [1m[Help 1][m
[[1;31mERROR[m] 
[[1;31mERROR[m] To see the full stack trace of the errors, re-run Maven with the [1m-e[m switch.
[[1;31mERROR[m] Re-run Maven using the [1m-X[m switch to enable full debug logging.
[[1;31mERROR[m] 
[[1;31mERROR[m] For more information about the errors and possible solutions, please read the following articles:
[[1;31mERROR[m] [1m[Help 1][m http://cwiki.apache.org/confluence/display/MAVEN/MojoFailureException