[[1;34mINFO[m] Scanning for projects...
[[1;33mWARNING[m] The project org.apache.accumulo:accumulo-project:pom:1.6.0-SNAPSHOT uses prerequisites which is only intended for maven-plugin projects but not for non maven-plugin projects. For such purposes you should use the maven-enforcer-plugin. See https://maven.apache.org/enforcer/enforcer-rules/requireMavenVersion.html
[[1;34mINFO[m] [1m------------------------------------------------------------------------[m
[[1;34mINFO[m] [1mReactor Build Order:[m
[[1;34mINFO[m] 
[[1;34mINFO[m] Apache Accumulo Project                                            [pom]
[[1;34mINFO[m] Trace                                                              [jar]
[[1;34mINFO[m] Fate                                                               [jar]
[[1;34mINFO[m] Start                                                              [jar]
[[1;34mINFO[m] Core                                                               [jar]
[[1;34mINFO[m] Server                                                             [jar]
[[1;34mINFO[m] Simple Examples                                                    [jar]
[[1;34mINFO[m] MiniCluster                                                        [jar]
[[1;34mINFO[m] Accumulo Maven Plugin                                     [maven-plugin]
[[1;34mINFO[m] Testing                                                            [jar]
[[1;34mINFO[m] Proxy                                                              [jar]
[[1;34mINFO[m] Assemblies                                                         [pom]
[[1;34mINFO[m] Documentation                                                      [pom]
[[1;34mINFO[m] 
[[1;34mINFO[m] [1m----------------< [0;36morg.apache.accumulo:accumulo-project[0;1m >----------------[m
[[1;34mINFO[m] [1mBuilding Apache Accumulo Project 1.6.0-SNAPSHOT                   [1/13][m
[[1;34mINFO[m] [1m--------------------------------[ pom ]---------------------------------[m
[[1;34mINFO[m] 
[[1;34mINFO[m] [1m--- [0;32mmaven-sortpom-plugin:2.1.0:verify[m [1m(verify-sorted-pom)[m @ [36maccumulo-project[0;1m ---[m
[[1;34mINFO[m] Verifying file /home/user/Workspace/reproducibility/Reproducibility-Scanner/benchmarks/bugs-dot-jar/accumulo/pom.xml
[[1;34mINFO[m] 
[[1;34mINFO[m] [1m--- [0;32mmaven-enforcer-plugin:1.0.1:enforce[m [1m(enforce-mvn)[m @ [36maccumulo-project[0;1m ---[m
[[1;34mINFO[m] 
[[1;34mINFO[m] [1m--- [0;32mmaven-remote-resources-plugin:1.4:process[m [1m(default)[m @ [36maccumulo-project[0;1m ---[m
[[1;34mINFO[m] 
[[1;34mINFO[m] [1m--- [0;32mmaven-site-plugin:3.2:attach-descriptor[m [1m(attach-descriptor)[m @ [36maccumulo-project[0;1m ---[m
[[1;34mINFO[m] 
[[1;34mINFO[m] [1m--- [0;32mmaven-failsafe-plugin:2.12.4:integration-test[m [1m(run-integration-tests)[m @ [36maccumulo-project[0;1m ---[m
[[1;34mINFO[m] Tests are skipped.
[[1;34mINFO[m] 
[[1;34mINFO[m] [1m--- [0;32mmaven-failsafe-plugin:2.12.4:verify[m [1m(run-integration-tests)[m @ [36maccumulo-project[0;1m ---[m
[[1;34mINFO[m] Tests are skipped.
[[1;34mINFO[m] 
[[1;34mINFO[m] [1m--- [0;32mapache-rat-plugin:0.10:check[m [1m(default)[m @ [36maccumulo-project[0;1m ---[m
[[1;34mINFO[m] 63 implicit excludes (use -debug for more details).
[[1;34mINFO[m] No excludes explicitly specified.
[[1;34mINFO[m] 132 resources included (use -debug for more details)
[[1;34mINFO[m] Rat check: Summary of files. Unapproved: 4 unknown: 4 generated: 0 approved: 124 licence.
[[1;34mINFO[m] 
[[1;34mINFO[m] [1m-----------------< [0;36morg.apache.accumulo:accumulo-trace[0;1m >-----------------[m
[[1;34mINFO[m] [1mBuilding Trace 1.6.0-SNAPSHOT                                     [2/13][m
[[1;34mINFO[m] [1m--------------------------------[ jar ]---------------------------------[m
[[1;34mINFO[m] 
[[1;34mINFO[m] [1m--- [0;32mmaven-sortpom-plugin:2.1.0:verify[m [1m(verify-sorted-pom)[m @ [36maccumulo-trace[0;1m ---[m
[[1;34mINFO[m] Verifying file /home/user/Workspace/reproducibility/Reproducibility-Scanner/benchmarks/bugs-dot-jar/accumulo/trace/pom.xml
[[1;34mINFO[m] 
[[1;34mINFO[m] [1m--- [0;32mmaven-enforcer-plugin:1.0.1:enforce[m [1m(enforce-mvn)[m @ [36maccumulo-trace[0;1m ---[m
[[1;34mINFO[m] 
[[1;34mINFO[m] [1m--- [0;32mmaven-remote-resources-plugin:1.4:process[m [1m(default)[m @ [36maccumulo-trace[0;1m ---[m
[[1;34mINFO[m] 
[[1;34mINFO[m] [1m--- [0;32mmaven-resources-plugin:2.6:resources[m [1m(default-resources)[m @ [36maccumulo-trace[0;1m ---[m
[[1;34mINFO[m] Using 'UTF-8' encoding to copy filtered resources.
[[1;34mINFO[m] skip non existing resourceDirectory /home/user/Workspace/reproducibility/Reproducibility-Scanner/benchmarks/bugs-dot-jar/accumulo/trace/src/main/resources
[[1;34mINFO[m] Copying 3 resources
[[1;34mINFO[m] 
[[1;34mINFO[m] [1m--- [0;32mmaven-compiler-plugin:2.5.1:compile[m [1m(default-compile)[m @ [36maccumulo-trace[0;1m ---[m
[[1;34mINFO[m] Compiling 22 source files to /home/user/Workspace/reproducibility/Reproducibility-Scanner/benchmarks/bugs-dot-jar/accumulo/trace/target/classes
[[1;34mINFO[m] 
[[1;34mINFO[m] [1m--- [0;32mmaven-resources-plugin:2.6:testResources[m [1m(default-testResources)[m @ [36maccumulo-trace[0;1m ---[m
[[1;34mINFO[m] Using 'UTF-8' encoding to copy filtered resources.
[[1;34mINFO[m] skip non existing resourceDirectory /home/user/Workspace/reproducibility/Reproducibility-Scanner/benchmarks/bugs-dot-jar/accumulo/trace/src/test/resources
[[1;34mINFO[m] Copying 3 resources
[[1;34mINFO[m] 
[[1;34mINFO[m] [1m--- [0;32mmaven-compiler-plugin:2.5.1:testCompile[m [1m(default-testCompile)[m @ [36maccumulo-trace[0;1m ---[m
[[1;34mINFO[m] Compiling 3 source files to /home/user/Workspace/reproducibility/Reproducibility-Scanner/benchmarks/bugs-dot-jar/accumulo/trace/target/test-classes
[[1;34mINFO[m] 
[[1;34mINFO[m] [1m--- [0;32mmaven-surefire-plugin:2.12.4:test[m [1m(default-test)[m @ [36maccumulo-trace[0;1m ---[m
[[1;34mINFO[m] Tests are skipped.
[[1;34mINFO[m] 
[[1;34mINFO[m] [1m--- [0;32mmaven-jar-plugin:2.4:jar[m [1m(default-jar)[m @ [36maccumulo-trace[0;1m ---[m
[[1;34mINFO[m] Building jar: /home/user/Workspace/reproducibility/Reproducibility-Scanner/benchmarks/bugs-dot-jar/accumulo/trace/target/accumulo-trace-1.6.0-SNAPSHOT.jar
[[1;34mINFO[m] 
[[1;34mINFO[m] [1m--- [0;32mmaven-site-plugin:3.2:attach-descriptor[m [1m(attach-descriptor)[m @ [36maccumulo-trace[0;1m ---[m
[[1;34mINFO[m] 
[[1;34mINFO[m] [1m--- [0;32mmaven-failsafe-plugin:2.12.4:integration-test[m [1m(run-integration-tests)[m @ [36maccumulo-trace[0;1m ---[m
[[1;34mINFO[m] Tests are skipped.
[[1;34mINFO[m] 
[[1;34mINFO[m] [1m--- [0;32mmaven-failsafe-plugin:2.12.4:verify[m [1m(run-integration-tests)[m @ [36maccumulo-trace[0;1m ---[m
[[1;34mINFO[m] Tests are skipped.
[[1;34mINFO[m] 
[[1;34mINFO[m] [1m--- [0;32mapache-rat-plugin:0.10:check[m [1m(default)[m @ [36maccumulo-trace[0;1m ---[m
[[1;34mINFO[m] 51 implicit excludes (use -debug for more details).
[[1;34mINFO[m] No excludes explicitly specified.
[[1;34mINFO[m] 28 resources included (use -debug for more details)
[[1;34mINFO[m] Rat check: Summary of files. Unapproved: 0 unknown: 0 generated: 0 approved: 28 licence.
[[1;34mINFO[m] 
[[1;34mINFO[m] [1m--- [0;32mmaven-install-plugin:2.3.1:install[m [1m(default-install)[m @ [36maccumulo-trace[0;1m ---[m
[[1;34mINFO[m] Installing /home/user/Workspace/reproducibility/Reproducibility-Scanner/benchmarks/bugs-dot-jar/accumulo/trace/target/accumulo-trace-1.6.0-SNAPSHOT.jar to /home/user/.m2/repository/org/apache/accumulo/accumulo-trace/1.6.0-SNAPSHOT/accumulo-trace-1.6.0-SNAPSHOT.jar
[[1;34mINFO[m] Installing /home/user/Workspace/reproducibility/Reproducibility-Scanner/benchmarks/bugs-dot-jar/accumulo/trace/pom.xml to /home/user/.m2/repository/org/apache/accumulo/accumulo-trace/1.6.0-SNAPSHOT/accumulo-trace-1.6.0-SNAPSHOT.pom
[[1;34mINFO[m] 
[[1;34mINFO[m] [1m-----------------< [0;36morg.apache.accumulo:accumulo-fate[0;1m >------------------[m
[[1;34mINFO[m] [1mBuilding Fate 1.6.0-SNAPSHOT                                      [3/13][m
[[1;34mINFO[m] [1m--------------------------------[ jar ]---------------------------------[m
[[1;34mINFO[m] 
[[1;34mINFO[m] [1m--- [0;32mmaven-sortpom-plugin:2.1.0:verify[m [1m(verify-sorted-pom)[m @ [36maccumulo-fate[0;1m ---[m
[[1;34mINFO[m] Verifying file /home/user/Workspace/reproducibility/Reproducibility-Scanner/benchmarks/bugs-dot-jar/accumulo/fate/pom.xml
[[1;34mINFO[m] 
[[1;34mINFO[m] [1m--- [0;32mmaven-enforcer-plugin:1.0.1:enforce[m [1m(enforce-mvn)[m @ [36maccumulo-fate[0;1m ---[m
[[1;34mINFO[m] 
[[1;34mINFO[m] [1m--- [0;32mmaven-remote-resources-plugin:1.4:process[m [1m(default)[m @ [36maccumulo-fate[0;1m ---[m
[[1;34mINFO[m] 
[[1;34mINFO[m] [1m--- [0;32mmaven-resources-plugin:2.6:resources[m [1m(default-resources)[m @ [36maccumulo-fate[0;1m ---[m
[[1;34mINFO[m] Using 'UTF-8' encoding to copy filtered resources.
[[1;34mINFO[m] skip non existing resourceDirectory /home/user/Workspace/reproducibility/Reproducibility-Scanner/benchmarks/bugs-dot-jar/accumulo/fate/src/main/resources
[[1;34mINFO[m] Copying 3 resources
[[1;34mINFO[m] 
[[1;34mINFO[m] [1m--- [0;32mmaven-compiler-plugin:2.5.1:compile[m [1m(default-compile)[m @ [36maccumulo-fate[0;1m ---[m
[[1;34mINFO[m] Compiling 22 source files to /home/user/Workspace/reproducibility/Reproducibility-Scanner/benchmarks/bugs-dot-jar/accumulo/fate/target/classes
[[1;34mINFO[m] 
[[1;34mINFO[m] [1m--- [0;32mmaven-resources-plugin:2.6:testResources[m [1m(default-testResources)[m @ [36maccumulo-fate[0;1m ---[m
[[1;34mINFO[m] Using 'UTF-8' encoding to copy filtered resources.
[[1;34mINFO[m] Copying 1 resource
[[1;34mINFO[m] Copying 3 resources
[[1;34mINFO[m] 
[[1;34mINFO[m] [1m--- [0;32mmaven-compiler-plugin:2.5.1:testCompile[m [1m(default-testCompile)[m @ [36maccumulo-fate[0;1m ---[m
[[1;34mINFO[m] Compiling 4 source files to /home/user/Workspace/reproducibility/Reproducibility-Scanner/benchmarks/bugs-dot-jar/accumulo/fate/target/test-classes
[[1;34mINFO[m] 
[[1;34mINFO[m] [1m--- [0;32mmaven-surefire-plugin:2.12.4:test[m [1m(default-test)[m @ [36maccumulo-fate[0;1m ---[m
[[1;34mINFO[m] Tests are skipped.
[[1;34mINFO[m] 
[[1;34mINFO[m] [1m--- [0;32mmaven-jar-plugin:2.4:jar[m [1m(default-jar)[m @ [36maccumulo-fate[0;1m ---[m
[[1;34mINFO[m] Building jar: /home/user/Workspace/reproducibility/Reproducibility-Scanner/benchmarks/bugs-dot-jar/accumulo/fate/target/accumulo-fate-1.6.0-SNAPSHOT.jar
[[1;34mINFO[m] 
[[1;34mINFO[m] [1m--- [0;32mmaven-site-plugin:3.2:attach-descriptor[m [1m(attach-descriptor)[m @ [36maccumulo-fate[0;1m ---[m
[[1;34mINFO[m] 
[[1;34mINFO[m] [1m--- [0;32mmaven-failsafe-plugin:2.12.4:integration-test[m [1m(run-integration-tests)[m @ [36maccumulo-fate[0;1m ---[m
[[1;34mINFO[m] Tests are skipped.
[[1;34mINFO[m] 
[[1;34mINFO[m] [1m--- [0;32mmaven-failsafe-plugin:2.12.4:verify[m [1m(run-integration-tests)[m @ [36maccumulo-fate[0;1m ---[m
[[1;34mINFO[m] Tests are skipped.
[[1;34mINFO[m] 
[[1;34mINFO[m] [1m--- [0;32mapache-rat-plugin:0.10:check[m [1m(default)[m @ [36maccumulo-fate[0;1m ---[m
[[1;34mINFO[m] 51 implicit excludes (use -debug for more details).
[[1;34mINFO[m] No excludes explicitly specified.
[[1;34mINFO[m] 28 resources included (use -debug for more details)
[[1;34mINFO[m] Rat check: Summary of files. Unapproved: 0 unknown: 0 generated: 0 approved: 28 licence.
[[1;34mINFO[m] 
[[1;34mINFO[m] [1m--- [0;32mmaven-install-plugin:2.3.1:install[m [1m(default-install)[m @ [36maccumulo-fate[0;1m ---[m
[[1;34mINFO[m] Installing /home/user/Workspace/reproducibility/Reproducibility-Scanner/benchmarks/bugs-dot-jar/accumulo/fate/target/accumulo-fate-1.6.0-SNAPSHOT.jar to /home/user/.m2/repository/org/apache/accumulo/accumulo-fate/1.6.0-SNAPSHOT/accumulo-fate-1.6.0-SNAPSHOT.jar
[[1;34mINFO[m] Installing /home/user/Workspace/reproducibility/Reproducibility-Scanner/benchmarks/bugs-dot-jar/accumulo/fate/pom.xml to /home/user/.m2/repository/org/apache/accumulo/accumulo-fate/1.6.0-SNAPSHOT/accumulo-fate-1.6.0-SNAPSHOT.pom
[[1;34mINFO[m] 
[[1;34mINFO[m] [1m-----------------< [0;36morg.apache.accumulo:accumulo-start[0;1m >-----------------[m
[[1;34mINFO[m] [1mBuilding Start 1.6.0-SNAPSHOT                                     [4/13][m
[[1;34mINFO[m] [1m--------------------------------[ jar ]---------------------------------[m
[[1;34mINFO[m] 
[[1;34mINFO[m] [1m--- [0;32mmaven-sortpom-plugin:2.1.0:verify[m [1m(verify-sorted-pom)[m @ [36maccumulo-start[0;1m ---[m
[[1;34mINFO[m] Verifying file /home/user/Workspace/reproducibility/Reproducibility-Scanner/benchmarks/bugs-dot-jar/accumulo/start/pom.xml
[[1;34mINFO[m] 
[[1;34mINFO[m] [1m--- [0;32mmaven-enforcer-plugin:1.0.1:enforce[m [1m(enforce-mvn)[m @ [36maccumulo-start[0;1m ---[m
[[1;34mINFO[m] 
[[1;34mINFO[m] [1m--- [0;32mmaven-remote-resources-plugin:1.4:process[m [1m(default)[m @ [36maccumulo-start[0;1m ---[m
[[1;34mINFO[m] 
[[1;34mINFO[m] [1m--- [0;32mmaven-resources-plugin:2.6:resources[m [1m(default-resources)[m @ [36maccumulo-start[0;1m ---[m
[[1;34mINFO[m] Using 'UTF-8' encoding to copy filtered resources.
[[1;34mINFO[m] skip non existing resourceDirectory /home/user/Workspace/reproducibility/Reproducibility-Scanner/benchmarks/bugs-dot-jar/accumulo/start/src/main/resources
[[1;34mINFO[m] Copying 3 resources
[[1;34mINFO[m] 
[[1;34mINFO[m] [1m--- [0;32mmaven-compiler-plugin:2.5.1:compile[m [1m(default-compile)[m @ [36maccumulo-start[0;1m ---[m
[[1;34mINFO[m] Compiling 19 source files to /home/user/Workspace/reproducibility/Reproducibility-Scanner/benchmarks/bugs-dot-jar/accumulo/start/target/classes
[[1;34mINFO[m] 
[[1;34mINFO[m] [1m--- [0;32mmaven-resources-plugin:2.6:testResources[m [1m(default-testResources)[m @ [36maccumulo-start[0;1m ---[m
[[1;34mINFO[m] Using 'UTF-8' encoding to copy filtered resources.
[[1;34mINFO[m] Copying 6 resources
[[1;34mINFO[m] Copying 3 resources
[[1;34mINFO[m] 
[[1;34mINFO[m] [1m--- [0;32mmaven-compiler-plugin:2.5.1:testCompile[m [1m(default-testCompile)[m @ [36maccumulo-start[0;1m ---[m
[[1;34mINFO[m] Compiling 8 source files to /home/user/Workspace/reproducibility/Reproducibility-Scanner/benchmarks/bugs-dot-jar/accumulo/start/target/test-classes
[[1;34mINFO[m] 
[[1;34mINFO[m] [1m--- [0;32mmaven-surefire-plugin:2.12.4:test[m [1m(default-test)[m @ [36maccumulo-start[0;1m ---[m
[[1;34mINFO[m] Tests are skipped.
[[1;34mINFO[m] 
[[1;34mINFO[m] [1m--- [0;32mmaven-jar-plugin:2.4:jar[m [1m(default-jar)[m @ [36maccumulo-start[0;1m ---[m
[[1;34mINFO[m] Building jar: /home/user/Workspace/reproducibility/Reproducibility-Scanner/benchmarks/bugs-dot-jar/accumulo/start/target/accumulo-start-1.6.0-SNAPSHOT.jar
[[1;34mINFO[m] 
[[1;34mINFO[m] [1m--- [0;32mmaven-site-plugin:3.2:attach-descriptor[m [1m(attach-descriptor)[m @ [36maccumulo-start[0;1m ---[m
[[1;34mINFO[m] 
[[1;34mINFO[m] [1m--- [0;32mmaven-failsafe-plugin:2.12.4:integration-test[m [1m(run-integration-tests)[m @ [36maccumulo-start[0;1m ---[m
[[1;34mINFO[m] Tests are skipped.
[[1;34mINFO[m] 
[[1;34mINFO[m] [1m--- [0;32mmaven-failsafe-plugin:2.12.4:verify[m [1m(run-integration-tests)[m @ [36maccumulo-start[0;1m ---[m
[[1;34mINFO[m] Tests are skipped.
[[1;34mINFO[m] 
[[1;34mINFO[m] [1m--- [0;32mapache-rat-plugin:0.10:check[m [1m(default)[m @ [36maccumulo-start[0;1m ---[m
[[1;34mINFO[m] 51 implicit excludes (use -debug for more details).
[[1;34mINFO[m] No excludes explicitly specified.
[[1;34mINFO[m] 37 resources included (use -debug for more details)
[[1;34mINFO[m] Rat check: Summary of files. Unapproved: 0 unknown: 0 generated: 0 approved: 32 licence.
[[1;34mINFO[m] 
[[1;34mINFO[m] [1m--- [0;32mmaven-install-plugin:2.3.1:install[m [1m(default-install)[m @ [36maccumulo-start[0;1m ---[m
[[1;34mINFO[m] Installing /home/user/Workspace/reproducibility/Reproducibility-Scanner/benchmarks/bugs-dot-jar/accumulo/start/target/accumulo-start-1.6.0-SNAPSHOT.jar to /home/user/.m2/repository/org/apache/accumulo/accumulo-start/1.6.0-SNAPSHOT/accumulo-start-1.6.0-SNAPSHOT.jar
[[1;34mINFO[m] Installing /home/user/Workspace/reproducibility/Reproducibility-Scanner/benchmarks/bugs-dot-jar/accumulo/start/pom.xml to /home/user/.m2/repository/org/apache/accumulo/accumulo-start/1.6.0-SNAPSHOT/accumulo-start-1.6.0-SNAPSHOT.pom
[[1;34mINFO[m] 
[[1;34mINFO[m] [1m-----------------< [0;36morg.apache.accumulo:accumulo-core[0;1m >------------------[m
[[1;34mINFO[m] [1mBuilding Core 1.6.0-SNAPSHOT                                      [5/13][m
[[1;34mINFO[m] [1m--------------------------------[ jar ]---------------------------------[m
[[1;34mINFO[m] 
[[1;34mINFO[m] [1m--- [0;32mmaven-sortpom-plugin:2.1.0:verify[m [1m(verify-sorted-pom)[m @ [36maccumulo-core[0;1m ---[m
[[1;34mINFO[m] Verifying file /home/user/Workspace/reproducibility/Reproducibility-Scanner/benchmarks/bugs-dot-jar/accumulo/core/pom.xml
[[1;34mINFO[m] 
[[1;34mINFO[m] [1m--- [0;32mmaven-enforcer-plugin:1.0.1:enforce[m [1m(enforce-mvn)[m @ [36maccumulo-core[0;1m ---[m
[[1;34mINFO[m] 
[[1;34mINFO[m] [1m--- [0;32mmaven-resources-plugin:2.6:copy-resources[m [1m(prepare-filtered-java-source)[m @ [36maccumulo-core[0;1m ---[m
[[1;34mINFO[m] Using 'UTF-8' encoding to copy filtered resources.
[[1;34mINFO[m] Copying 1 resource
[[1;34mINFO[m] 
[[1;34mINFO[m] [1m--- [0;32mbuild-helper-maven-plugin:1.8:add-source[m [1m(add-filtered-java-source)[m @ [36maccumulo-core[0;1m ---[m
[[1;34mINFO[m] Source directory: /home/user/Workspace/reproducibility/Reproducibility-Scanner/benchmarks/bugs-dot-jar/accumulo/core/target/filtered-java-src added.
[[1;34mINFO[m] 
[[1;34mINFO[m] [1m--- [0;32mmaven-remote-resources-plugin:1.4:process[m [1m(default)[m @ [36maccumulo-core[0;1m ---[m
[[1;34mINFO[m] 
[[1;34mINFO[m] [1m--- [0;32mmaven-resources-plugin:2.6:resources[m [1m(default-resources)[m @ [36maccumulo-core[0;1m ---[m
[[1;34mINFO[m] Using 'UTF-8' encoding to copy filtered resources.
[[1;34mINFO[m] Copying 1 resource
[[1;34mINFO[m] Copying 3 resources
[[1;34mINFO[m] 
[[1;34mINFO[m] [1m--- [0;32mmaven-compiler-plugin:2.5.1:compile[m [1m(default-compile)[m @ [36maccumulo-core[0;1m ---[m
[[1;34mINFO[m] Compiling 546 source files to /home/user/Workspace/reproducibility/Reproducibility-Scanner/benchmarks/bugs-dot-jar/accumulo/core/target/classes
[[1;34mINFO[m] 
[[1;34mINFO[m] [1m--- [0;32mmaven-resources-plugin:2.6:testResources[m [1m(default-testResources)[m @ [36maccumulo-core[0;1m ---[m
[[1;34mINFO[m] Using 'UTF-8' encoding to copy filtered resources.
[[1;34mINFO[m] Copying 2 resources
[[1;34mINFO[m] Copying 7 resources
[[1;34mINFO[m] Copying 3 resources
[[1;34mINFO[m] 
[[1;34mINFO[m] [1m--- [0;32mmaven-compiler-plugin:2.5.1:testCompile[m [1m(default-testCompile)[m @ [36maccumulo-core[0;1m ---[m
[[1;34mINFO[m] Compiling 111 source files to /home/user/Workspace/reproducibility/Reproducibility-Scanner/benchmarks/bugs-dot-jar/accumulo/core/target/test-classes
[[1;34mINFO[m] 
[[1;34mINFO[m] [1m--- [0;32mmaven-surefire-plugin:2.12.4:test[m [1m(default-test)[m @ [36maccumulo-core[0;1m ---[m
[[1;34mINFO[m] Tests are skipped.
[[1;34mINFO[m] 
[[1;34mINFO[m] [1m--- [0;32mmaven-jar-plugin:2.4:jar[m [1m(default-jar)[m @ [36maccumulo-core[0;1m ---[m
[[1;34mINFO[m] Building jar: /home/user/Workspace/reproducibility/Reproducibility-Scanner/benchmarks/bugs-dot-jar/accumulo/core/target/accumulo-core-1.6.0-SNAPSHOT.jar
[[1;34mINFO[m] 
[[1;34mINFO[m] [1m--- [0;32mmaven-site-plugin:3.2:attach-descriptor[m [1m(attach-descriptor)[m @ [36maccumulo-core[0;1m ---[m
[[1;34mINFO[m] 
[[1;34mINFO[m] [1m--- [0;32mmaven-failsafe-plugin:2.12.4:integration-test[m [1m(run-integration-tests)[m @ [36maccumulo-core[0;1m ---[m
[[1;34mINFO[m] Tests are skipped.
[[1;34mINFO[m] 
[[1;34mINFO[m] [1m--- [0;32mmaven-failsafe-plugin:2.12.4:verify[m [1m(run-integration-tests)[m @ [36maccumulo-core[0;1m ---[m
[[1;34mINFO[m] Tests are skipped.
[[1;34mINFO[m] 
[[1;34mINFO[m] [1m--- [0;32mapache-rat-plugin:0.10:check[m [1m(default)[m @ [36maccumulo-core[0;1m ---[m
[[1;34mINFO[m] 51 implicit excludes (use -debug for more details).
[[1;34mINFO[m] Exclude: src/test/resources/shelltest.txt
[[1;34mINFO[m] Exclude: src/test/resources/org/apache/accumulo/core/file/rfile/ver_3.rf
[[1;34mINFO[m] Exclude: src/test/resources/org/apache/accumulo/core/file/rfile/ver_4.rf
[[1;34mINFO[m] Exclude: src/test/resources/org/apache/accumulo/core/file/rfile/ver_6.rf
[[1;34mINFO[m] 671 resources included (use -debug for more details)
[[1;34mINFO[m] Rat check: Summary of files. Unapproved: 0 unknown: 0 generated: 0 approved: 671 licence.
[[1;34mINFO[m] 
[[1;34mINFO[m] [1m--- [0;32mmaven-install-plugin:2.3.1:install[m [1m(default-install)[m @ [36maccumulo-core[0;1m ---[m
[[1;34mINFO[m] Installing /home/user/Workspace/reproducibility/Reproducibility-Scanner/benchmarks/bugs-dot-jar/accumulo/core/target/accumulo-core-1.6.0-SNAPSHOT.jar to /home/user/.m2/repository/org/apache/accumulo/accumulo-core/1.6.0-SNAPSHOT/accumulo-core-1.6.0-SNAPSHOT.jar
[[1;34mINFO[m] Installing /home/user/Workspace/reproducibility/Reproducibility-Scanner/benchmarks/bugs-dot-jar/accumulo/core/pom.xml to /home/user/.m2/repository/org/apache/accumulo/accumulo-core/1.6.0-SNAPSHOT/accumulo-core-1.6.0-SNAPSHOT.pom
[[1;34mINFO[m] 
[[1;34mINFO[m] [1m----------------< [0;36morg.apache.accumulo:accumulo-server[0;1m >-----------------[m
[[1;34mINFO[m] [1mBuilding Server 1.6.0-SNAPSHOT                                    [6/13][m
[[1;34mINFO[m] [1m--------------------------------[ jar ]---------------------------------[m
[[1;34mINFO[m] 
[[1;34mINFO[m] [1m--- [0;32mmaven-sortpom-plugin:2.1.0:verify[m [1m(verify-sorted-pom)[m @ [36maccumulo-server[0;1m ---[m
[[1;34mINFO[m] Verifying file /home/user/Workspace/reproducibility/Reproducibility-Scanner/benchmarks/bugs-dot-jar/accumulo/server/pom.xml
[[1;34mINFO[m] 
[[1;34mINFO[m] [1m--- [0;32mmaven-enforcer-plugin:1.0.1:enforce[m [1m(enforce-mvn)[m @ [36maccumulo-server[0;1m ---[m
[[1;34mINFO[m] 
[[1;34mINFO[m] [1m--- [0;32mmaven-remote-resources-plugin:1.4:process[m [1m(default)[m @ [36maccumulo-server[0;1m ---[m
[[1;34mINFO[m] 
[[1;34mINFO[m] [1m--- [0;32mmaven-resources-plugin:2.6:resources[m [1m(default-resources)[m @ [36maccumulo-server[0;1m ---[m
[[1;34mINFO[m] Using 'UTF-8' encoding to copy filtered resources.
[[1;34mINFO[m] Copying 68 resources
[[1;34mINFO[m] Copying 3 resources
[[1;34mINFO[m] 
[[1;34mINFO[m] [1m--- [0;32mmaven-compiler-plugin:2.5.1:compile[m [1m(default-compile)[m @ [36maccumulo-server[0;1m ---[m
[[1;34mINFO[m] Compiling 260 source files to /home/user/Workspace/reproducibility/Reproducibility-Scanner/benchmarks/bugs-dot-jar/accumulo/server/target/classes
[[1;34mINFO[m] 
[[1;34mINFO[m] [1m--- [0;32mmaven-resources-plugin:2.6:testResources[m [1m(default-testResources)[m @ [36maccumulo-server[0;1m ---[m
[[1;34mINFO[m] Using 'UTF-8' encoding to copy filtered resources.
[[1;34mINFO[m] Copying 2 resources
[[1;34mINFO[m] Copying 2 resources
[[1;34mINFO[m] Copying 3 resources
[[1;34mINFO[m] 
[[1;34mINFO[m] [1m--- [0;32mmaven-compiler-plugin:2.5.1:testCompile[m [1m(default-testCompile)[m @ [36maccumulo-server[0;1m ---[m
[[1;34mINFO[m] Compiling 30 source files to /home/user/Workspace/reproducibility/Reproducibility-Scanner/benchmarks/bugs-dot-jar/accumulo/server/target/test-classes
[[1;34mINFO[m] 
[[1;34mINFO[m] [1m--- [0;32mmaven-surefire-plugin:2.12.4:test[m [1m(default-test)[m @ [36maccumulo-server[0;1m ---[m
[[1;34mINFO[m] Tests are skipped.
[[1;34mINFO[m] 
[[1;34mINFO[m] [1m--- [0;32mmaven-jar-plugin:2.4:jar[m [1m(default-jar)[m @ [36maccumulo-server[0;1m ---[m
[[1;34mINFO[m] Building jar: /home/user/Workspace/reproducibility/Reproducibility-Scanner/benchmarks/bugs-dot-jar/accumulo/server/target/accumulo-server-1.6.0-SNAPSHOT.jar
[[1;34mINFO[m] 
[[1;34mINFO[m] [1m--- [0;32mmaven-site-plugin:3.2:attach-descriptor[m [1m(attach-descriptor)[m @ [36maccumulo-server[0;1m ---[m
[[1;34mINFO[m] 
[[1;34mINFO[m] [1m--- [0;32mmaven-failsafe-plugin:2.12.4:integration-test[m [1m(run-integration-tests)[m @ [36maccumulo-server[0;1m ---[m
[[1;34mINFO[m] Tests are skipped.
[[1;34mINFO[m] 
[[1;34mINFO[m] [1m--- [0;32mmaven-failsafe-plugin:2.12.4:verify[m [1m(run-integration-tests)[m @ [36maccumulo-server[0;1m ---[m
[[1;34mINFO[m] Tests are skipped.
[[1;34mINFO[m] 
[[1;34mINFO[m] [1m--- [0;32mapache-rat-plugin:0.10:check[m [1m(default)[m @ [36maccumulo-server[0;1m ---[m
[[1;34mINFO[m] 51 implicit excludes (use -debug for more details).
[[1;34mINFO[m] Exclude: src/main/resources/web/flot/**/*.js
[[1;34mINFO[m] 351 resources included (use -debug for more details)
[[1;34mINFO[m] Rat check: Summary of files. Unapproved: 0 unknown: 0 generated: 0 approved: 344 licence.
[[1;34mINFO[m] 
[[1;34mINFO[m] [1m--- [0;32mmaven-install-plugin:2.3.1:install[m [1m(default-install)[m @ [36maccumulo-server[0;1m ---[m
[[1;34mINFO[m] Installing /home/user/Workspace/reproducibility/Reproducibility-Scanner/benchmarks/bugs-dot-jar/accumulo/server/target/accumulo-server-1.6.0-SNAPSHOT.jar to /home/user/.m2/repository/org/apache/accumulo/accumulo-server/1.6.0-SNAPSHOT/accumulo-server-1.6.0-SNAPSHOT.jar
[[1;34mINFO[m] Installing /home/user/Workspace/reproducibility/Reproducibility-Scanner/benchmarks/bugs-dot-jar/accumulo/server/pom.xml to /home/user/.m2/repository/org/apache/accumulo/accumulo-server/1.6.0-SNAPSHOT/accumulo-server-1.6.0-SNAPSHOT.pom
[[1;34mINFO[m] 
[[1;34mINFO[m] [1m------------< [0;36morg.apache.accumulo:accumulo-examples-simple[0;1m >------------[m
[[1;34mINFO[m] [1mBuilding Simple Examples 1.6.0-SNAPSHOT                           [7/13][m
[[1;34mINFO[m] [1m--------------------------------[ jar ]---------------------------------[m
[[1;34mINFO[m] 
[[1;34mINFO[m] [1m--- [0;32mmaven-sortpom-plugin:2.1.0:verify[m [1m(verify-sorted-pom)[m @ [36maccumulo-examples-simple[0;1m ---[m
[[1;34mINFO[m] Verifying file /home/user/Workspace/reproducibility/Reproducibility-Scanner/benchmarks/bugs-dot-jar/accumulo/examples/simple/pom.xml
[[1;34mINFO[m] 
[[1;34mINFO[m] [1m--- [0;32mmaven-enforcer-plugin:1.0.1:enforce[m [1m(enforce-mvn)[m @ [36maccumulo-examples-simple[0;1m ---[m
[[1;34mINFO[m] 
[[1;34mINFO[m] [1m--- [0;32mmaven-remote-resources-plugin:1.4:process[m [1m(default)[m @ [36maccumulo-examples-simple[0;1m ---[m
[[1;34mINFO[m] 
[[1;34mINFO[m] [1m--- [0;32mmaven-resources-plugin:2.6:resources[m [1m(default-resources)[m @ [36maccumulo-examples-simple[0;1m ---[m
[[1;34mINFO[m] Using 'UTF-8' encoding to copy filtered resources.
[[1;34mINFO[m] Copying 1 resource
[[1;34mINFO[m] Copying 3 resources
[[1;34mINFO[m] 
[[1;34mINFO[m] [1m--- [0;32mmaven-compiler-plugin:2.5.1:compile[m [1m(default-compile)[m @ [36maccumulo-examples-simple[0;1m ---[m
[[1;34mINFO[m] Compiling 44 source files to /home/user/Workspace/reproducibility/Reproducibility-Scanner/benchmarks/bugs-dot-jar/accumulo/examples/simple/target/classes
[[1;34mINFO[m] 
[[1;34mINFO[m] [1m--- [0;32mmaven-resources-plugin:2.6:testResources[m [1m(default-testResources)[m @ [36maccumulo-examples-simple[0;1m ---[m
[[1;34mINFO[m] Using 'UTF-8' encoding to copy filtered resources.
[[1;34mINFO[m] Copying 1 resource
[[1;34mINFO[m] Copying 3 resources
[[1;34mINFO[m] 
[[1;34mINFO[m] [1m--- [0;32mmaven-compiler-plugin:2.5.1:testCompile[m [1m(default-testCompile)[m @ [36maccumulo-examples-simple[0;1m ---[m
[[1;34mINFO[m] Compiling 5 source files to /home/user/Workspace/reproducibility/Reproducibility-Scanner/benchmarks/bugs-dot-jar/accumulo/examples/simple/target/test-classes
[[1;34mINFO[m] 
[[1;34mINFO[m] [1m--- [0;32mmaven-surefire-plugin:2.12.4:test[m [1m(default-test)[m @ [36maccumulo-examples-simple[0;1m ---[m
[[1;34mINFO[m] Tests are skipped.
[[1;34mINFO[m] 
[[1;34mINFO[m] [1m--- [0;32mmaven-jar-plugin:2.4:jar[m [1m(default-jar)[m @ [36maccumulo-examples-simple[0;1m ---[m
[[1;34mINFO[m] Building jar: /home/user/Workspace/reproducibility/Reproducibility-Scanner/benchmarks/bugs-dot-jar/accumulo/examples/simple/target/accumulo-examples-simple-1.6.0-SNAPSHOT.jar
[[1;34mINFO[m] 
[[1;34mINFO[m] [1m--- [0;32mmaven-site-plugin:3.2:attach-descriptor[m [1m(attach-descriptor)[m @ [36maccumulo-examples-simple[0;1m ---[m
[[1;34mINFO[m] 
[[1;34mINFO[m] [1m--- [0;32mmaven-failsafe-plugin:2.12.4:integration-test[m [1m(run-integration-tests)[m @ [36maccumulo-examples-simple[0;1m ---[m
[[1;34mINFO[m] Tests are skipped.
[[1;34mINFO[m] 
[[1;34mINFO[m] [1m--- [0;32mmaven-failsafe-plugin:2.12.4:verify[m [1m(run-integration-tests)[m @ [36maccumulo-examples-simple[0;1m ---[m
[[1;34mINFO[m] Tests are skipped.
[[1;34mINFO[m] 
[[1;34mINFO[m] [1m--- [0;32mapache-rat-plugin:0.10:check[m [1m(default)[m @ [36maccumulo-examples-simple[0;1m ---[m
[[1;34mINFO[m] 51 implicit excludes (use -debug for more details).
[[1;34mINFO[m] Exclude: src/main/resources/META-INF/services/org.apache.accumulo.core.util.shell.ShellExtension
[[1;34mINFO[m] 51 resources included (use -debug for more details)
[[1;34mINFO[m] Rat check: Summary of files. Unapproved: 0 unknown: 0 generated: 0 approved: 51 licence.
[[1;34mINFO[m] 
[[1;34mINFO[m] [1m--- [0;32mmaven-install-plugin:2.3.1:install[m [1m(default-install)[m @ [36maccumulo-examples-simple[0;1m ---[m
[[1;34mINFO[m] Installing /home/user/Workspace/reproducibility/Reproducibility-Scanner/benchmarks/bugs-dot-jar/accumulo/examples/simple/target/accumulo-examples-simple-1.6.0-SNAPSHOT.jar to /home/user/.m2/repository/org/apache/accumulo/accumulo-examples-simple/1.6.0-SNAPSHOT/accumulo-examples-simple-1.6.0-SNAPSHOT.jar
[[1;34mINFO[m] Installing /home/user/Workspace/reproducibility/Reproducibility-Scanner/benchmarks/bugs-dot-jar/accumulo/examples/simple/pom.xml to /home/user/.m2/repository/org/apache/accumulo/accumulo-examples-simple/1.6.0-SNAPSHOT/accumulo-examples-simple-1.6.0-SNAPSHOT.pom
[[1;34mINFO[m] 
[[1;34mINFO[m] [1m--------------< [0;36morg.apache.accumulo:accumulo-minicluster[0;1m >--------------[m
[[1;34mINFO[m] [1mBuilding MiniCluster 1.6.0-SNAPSHOT                               [8/13][m
[[1;34mINFO[m] [1m--------------------------------[ jar ]---------------------------------[m
[[1;34mINFO[m] 
[[1;34mINFO[m] [1m--- [0;32mmaven-sortpom-plugin:2.1.0:verify[m [1m(verify-sorted-pom)[m @ [36maccumulo-minicluster[0;1m ---[m
[[1;34mINFO[m] Verifying file /home/user/Workspace/reproducibility/Reproducibility-Scanner/benchmarks/bugs-dot-jar/accumulo/minicluster/pom.xml
[[1;34mINFO[m] 
[[1;34mINFO[m] [1m--- [0;32mmaven-enforcer-plugin:1.0.1:enforce[m [1m(enforce-mvn)[m @ [36maccumulo-minicluster[0;1m ---[m
[[1;34mINFO[m] 
[[1;34mINFO[m] [1m--- [0;32mmaven-remote-resources-plugin:1.4:process[m [1m(default)[m @ [36maccumulo-minicluster[0;1m ---[m
[[1;34mINFO[m] 
[[1;34mINFO[m] [1m--- [0;32mmaven-resources-plugin:2.6:resources[m [1m(default-resources)[m @ [36maccumulo-minicluster[0;1m ---[m
[[1;34mINFO[m] Using 'UTF-8' encoding to copy filtered resources.
[[1;34mINFO[m] skip non existing resourceDirectory /home/user/Workspace/reproducibility/Reproducibility-Scanner/benchmarks/bugs-dot-jar/accumulo/minicluster/src/main/resources
[[1;34mINFO[m] Copying 3 resources
[[1;34mINFO[m] 
[[1;34mINFO[m] [1m--- [0;32mmaven-compiler-plugin:2.5.1:compile[m [1m(default-compile)[m @ [36maccumulo-minicluster[0;1m ---[m
[[1;34mINFO[m] Compiling 8 source files to /home/user/Workspace/reproducibility/Reproducibility-Scanner/benchmarks/bugs-dot-jar/accumulo/minicluster/target/classes
[[1;34mINFO[m] 
[[1;34mINFO[m] [1m--- [0;32mmaven-resources-plugin:2.6:testResources[m [1m(default-testResources)[m @ [36maccumulo-minicluster[0;1m ---[m
[[1;34mINFO[m] Using 'UTF-8' encoding to copy filtered resources.
[[1;34mINFO[m] Copying 2 resources
[[1;34mINFO[m] Copying 3 resources
[[1;34mINFO[m] 
[[1;34mINFO[m] [1m--- [0;32mmaven-compiler-plugin:2.5.1:testCompile[m [1m(default-testCompile)[m @ [36maccumulo-minicluster[0;1m ---[m
[[1;34mINFO[m] Compiling 3 source files to /home/user/Workspace/reproducibility/Reproducibility-Scanner/benchmarks/bugs-dot-jar/accumulo/minicluster/target/test-classes
[[1;34mINFO[m] 
[[1;34mINFO[m] [1m--- [0;32mmaven-surefire-plugin:2.12.4:test[m [1m(default-test)[m @ [36maccumulo-minicluster[0;1m ---[m
[[1;34mINFO[m] Tests are skipped.
[[1;34mINFO[m] 
[[1;34mINFO[m] [1m--- [0;32mmaven-jar-plugin:2.4:jar[m [1m(default-jar)[m @ [36maccumulo-minicluster[0;1m ---[m
[[1;34mINFO[m] Building jar: /home/user/Workspace/reproducibility/Reproducibility-Scanner/benchmarks/bugs-dot-jar/accumulo/minicluster/target/accumulo-minicluster-1.6.0-SNAPSHOT.jar
[[1;34mINFO[m] 
[[1;34mINFO[m] [1m--- [0;32mmaven-site-plugin:3.2:attach-descriptor[m [1m(attach-descriptor)[m @ [36maccumulo-minicluster[0;1m ---[m
[[1;34mINFO[m] 
[[1;34mINFO[m] [1m--- [0;32mmaven-failsafe-plugin:2.12.4:integration-test[m [1m(run-integration-tests)[m @ [36maccumulo-minicluster[0;1m ---[m
[[1;34mINFO[m] Tests are skipped.
[[1;34mINFO[m] 
[[1;34mINFO[m] [1m--- [0;32mmaven-failsafe-plugin:2.12.4:verify[m [1m(run-integration-tests)[m @ [36maccumulo-minicluster[0;1m ---[m
[[1;34mINFO[m] Tests are skipped.
[[1;34mINFO[m] 
[[1;34mINFO[m] [1m--- [0;32mapache-rat-plugin:0.10:check[m [1m(default)[m @ [36maccumulo-minicluster[0;1m ---[m
[[1;34mINFO[m] 51 implicit excludes (use -debug for more details).
[[1;34mINFO[m] No excludes explicitly specified.
[[1;34mINFO[m] 15 resources included (use -debug for more details)
[[1;34mINFO[m] Rat check: Summary of files. Unapproved: 0 unknown: 0 generated: 0 approved: 14 licence.
[[1;34mINFO[m] 
[[1;34mINFO[m] [1m--- [0;32mmaven-install-plugin:2.3.1:install[m [1m(default-install)[m @ [36maccumulo-minicluster[0;1m ---[m
[[1;34mINFO[m] Installing /home/user/Workspace/reproducibility/Reproducibility-Scanner/benchmarks/bugs-dot-jar/accumulo/minicluster/target/accumulo-minicluster-1.6.0-SNAPSHOT.jar to /home/user/.m2/repository/org/apache/accumulo/accumulo-minicluster/1.6.0-SNAPSHOT/accumulo-minicluster-1.6.0-SNAPSHOT.jar
[[1;34mINFO[m] Installing /home/user/Workspace/reproducibility/Reproducibility-Scanner/benchmarks/bugs-dot-jar/accumulo/minicluster/pom.xml to /home/user/.m2/repository/org/apache/accumulo/accumulo-minicluster/1.6.0-SNAPSHOT/accumulo-minicluster-1.6.0-SNAPSHOT.pom
[[1;34mINFO[m] 
[[1;34mINFO[m] [1m-------------< [0;36morg.apache.accumulo:accumulo-maven-plugin[0;1m >--------------[m
[[1;34mINFO[m] [1mBuilding Accumulo Maven Plugin 1.6.0-SNAPSHOT                     [9/13][m
[[1;34mINFO[m] [1m----------------------------[ maven-plugin ]----------------------------[m
[[1;34mINFO[m] 
[[1;34mINFO[m] [1m--- [0;32mmaven-sortpom-plugin:2.1.0:verify[m [1m(verify-sorted-pom)[m @ [36maccumulo-maven-plugin[0;1m ---[m
[[1;34mINFO[m] Verifying file /home/user/Workspace/reproducibility/Reproducibility-Scanner/benchmarks/bugs-dot-jar/accumulo/maven-plugin/pom.xml
[[1;34mINFO[m] 
[[1;34mINFO[m] [1m--- [0;32mmaven-enforcer-plugin:1.0.1:enforce[m [1m(enforce-mvn)[m @ [36maccumulo-maven-plugin[0;1m ---[m
[[1;34mINFO[m] 
[[1;34mINFO[m] [1m--- [0;32mmaven-plugin-plugin:3.2:helpmojo[m [1m(help-goal)[m @ [36maccumulo-maven-plugin[0;1m ---[m
[[1;34mINFO[m] Using 'UTF-8' encoding to read mojo metadata.
[[1;34mINFO[m] Applying mojo extractor for language: java
[[1;34mINFO[m] Mojo extractor for language: java found 0 mojo descriptors.
[[1;34mINFO[m] Applying mojo extractor for language: bsh
[[1;34mINFO[m] Mojo extractor for language: bsh found 0 mojo descriptors.
[[1;34mINFO[m] Applying mojo extractor for language: java-annotations
[[1;34mINFO[m] Mojo extractor for language: java-annotations found 0 mojo descriptors.
[[1;34mINFO[m] 
[[1;34mINFO[m] [1m--- [0;32mmaven-remote-resources-plugin:1.4:process[m [1m(default)[m @ [36maccumulo-maven-plugin[0;1m ---[m
[[1;34mINFO[m] 
[[1;34mINFO[m] [1m--- [0;32mmaven-resources-plugin:2.6:resources[m [1m(default-resources)[m @ [36maccumulo-maven-plugin[0;1m ---[m
[[1;34mINFO[m] Using 'UTF-8' encoding to copy filtered resources.
[[1;34mINFO[m] skip non existing resourceDirectory /home/user/Workspace/reproducibility/Reproducibility-Scanner/benchmarks/bugs-dot-jar/accumulo/maven-plugin/src/main/resources
[[1;34mINFO[m] Copying 3 resources
[[1;34mINFO[m] 
[[1;34mINFO[m] [1m--- [0;32mmaven-compiler-plugin:2.5.1:compile[m [1m(default-compile)[m @ [36maccumulo-maven-plugin[0;1m ---[m
[[1;34mINFO[m] Compiling 4 source files to /home/user/Workspace/reproducibility/Reproducibility-Scanner/benchmarks/bugs-dot-jar/accumulo/maven-plugin/target/classes
[[1;34mINFO[m] 
[[1;34mINFO[m] [1m--- [0;32mmaven-plugin-plugin:3.2:descriptor[m [1m(default-descriptor)[m @ [36maccumulo-maven-plugin[0;1m ---[m
[[1;34mINFO[m] Using 'UTF-8' encoding to read mojo metadata.
[[1;34mINFO[m] Applying mojo extractor for language: java
[[1;34mINFO[m] Mojo extractor for language: java found 0 mojo descriptors.
[[1;34mINFO[m] Applying mojo extractor for language: bsh
[[1;34mINFO[m] Mojo extractor for language: bsh found 0 mojo descriptors.
[[1;34mINFO[m] Applying mojo extractor for language: java-annotations
[[1;34mINFO[m] Mojo extractor for language: java-annotations found 3 mojo descriptors.
[[1;34mINFO[m] 
[[1;34mINFO[m] [1m--- [0;32mmaven-plugin-plugin:3.2:descriptor[m [1m(mojo-descriptor)[m @ [36maccumulo-maven-plugin[0;1m ---[m
[[1;34mINFO[m] Using 'UTF-8' encoding to read mojo metadata.
[[1;34mINFO[m] Applying mojo extractor for language: java
[[1;34mINFO[m] Mojo extractor for language: java found 0 mojo descriptors.
[[1;34mINFO[m] Applying mojo extractor for language: bsh
[[1;34mINFO[m] Mojo extractor for language: bsh found 0 mojo descriptors.
[[1;34mINFO[m] Applying mojo extractor for language: java-annotations
[[1;34mINFO[m] Mojo extractor for language: java-annotations found 3 mojo descriptors.
[[1;34mINFO[m] 
[[1;34mINFO[m] [1m--- [0;32mmaven-resources-plugin:2.6:testResources[m [1m(default-testResources)[m @ [36maccumulo-maven-plugin[0;1m ---[m
[[1;34mINFO[m] Using 'UTF-8' encoding to copy filtered resources.
[[1;34mINFO[m] skip non existing resourceDirectory /home/user/Workspace/reproducibility/Reproducibility-Scanner/benchmarks/bugs-dot-jar/accumulo/maven-plugin/src/test/resources
[[1;34mINFO[m] Copying 3 resources
[[1;34mINFO[m] 
[[1;34mINFO[m] [1m--- [0;32mmaven-compiler-plugin:2.5.1:testCompile[m [1m(default-testCompile)[m @ [36maccumulo-maven-plugin[0;1m ---[m
[[1;34mINFO[m] No sources to compile
[[1;34mINFO[m] 
[[1;34mINFO[m] [1m--- [0;32mmaven-surefire-plugin:2.12.4:test[m [1m(default-test)[m @ [36maccumulo-maven-plugin[0;1m ---[m
[[1;34mINFO[m] Tests are skipped.
[[1;34mINFO[m] 
[[1;34mINFO[m] [1m--- [0;32mmaven-jar-plugin:2.4:jar[m [1m(default-jar)[m @ [36maccumulo-maven-plugin[0;1m ---[m
[[1;34mINFO[m] Building jar: /home/user/Workspace/reproducibility/Reproducibility-Scanner/benchmarks/bugs-dot-jar/accumulo/maven-plugin/target/accumulo-maven-plugin-1.6.0-SNAPSHOT.jar
[[1;34mINFO[m] 
[[1;34mINFO[m] [1m--- [0;32mmaven-plugin-plugin:3.2:addPluginArtifactMetadata[m [1m(default-addPluginArtifactMetadata)[m @ [36maccumulo-maven-plugin[0;1m ---[m
[[1;34mINFO[m] 
[[1;34mINFO[m] [1m--- [0;32mmaven-site-plugin:3.2:attach-descriptor[m [1m(attach-descriptor)[m @ [36maccumulo-maven-plugin[0;1m ---[m
[[1;34mINFO[m] 
[[1;34mINFO[m] [1m--- [0;32mmaven-invoker-plugin:1.7:install[m [1m(integration-test)[m @ [36maccumulo-maven-plugin[0;1m ---[m
[[1;34mINFO[m] Installing /home/user/Workspace/reproducibility/Reproducibility-Scanner/benchmarks/bugs-dot-jar/accumulo/minicluster/pom.xml to /home/user/Workspace/reproducibility/Reproducibility-Scanner/benchmarks/bugs-dot-jar/accumulo/maven-plugin/target/local-repo/org/apache/accumulo/accumulo-minicluster/1.6.0-SNAPSHOT/accumulo-minicluster-1.6.0-SNAPSHOT.pom
[[1;34mINFO[m] Installing /home/user/Workspace/reproducibility/Reproducibility-Scanner/benchmarks/bugs-dot-jar/accumulo/minicluster/target/accumulo-minicluster-1.6.0-SNAPSHOT.jar to /home/user/Workspace/reproducibility/Reproducibility-Scanner/benchmarks/bugs-dot-jar/accumulo/maven-plugin/target/local-repo/org/apache/accumulo/accumulo-minicluster/1.6.0-SNAPSHOT/accumulo-minicluster-1.6.0-SNAPSHOT.jar
[[1;34mINFO[m] Installing /home/user/Workspace/reproducibility/Reproducibility-Scanner/benchmarks/bugs-dot-jar/accumulo/minicluster/pom.xml to /home/user/Workspace/reproducibility/Reproducibility-Scanner/benchmarks/bugs-dot-jar/accumulo/maven-plugin/target/local-repo/org/apache/accumulo/accumulo-minicluster/1.6.0-SNAPSHOT/accumulo-minicluster-1.6.0-SNAPSHOT.pom
[[1;34mINFO[m] Installing /home/user/Workspace/reproducibility/Reproducibility-Scanner/benchmarks/bugs-dot-jar/accumulo/pom.xml to /home/user/Workspace/reproducibility/Reproducibility-Scanner/benchmarks/bugs-dot-jar/accumulo/maven-plugin/target/local-repo/org/apache/accumulo/accumulo-project/1.6.0-SNAPSHOT/accumulo-project-1.6.0-SNAPSHOT.pom
[[1;34mINFO[m] Installing /home/user/Workspace/reproducibility/Reproducibility-Scanner/benchmarks/bugs-dot-jar/accumulo/core/pom.xml to /home/user/Workspace/reproducibility/Reproducibility-Scanner/benchmarks/bugs-dot-jar/accumulo/maven-plugin/target/local-repo/org/apache/accumulo/accumulo-core/1.6.0-SNAPSHOT/accumulo-core-1.6.0-SNAPSHOT.pom
[[1;34mINFO[m] Installing /home/user/Workspace/reproducibility/Reproducibility-Scanner/benchmarks/bugs-dot-jar/accumulo/core/target/accumulo-core-1.6.0-SNAPSHOT.jar to /home/user/Workspace/reproducibility/Reproducibility-Scanner/benchmarks/bugs-dot-jar/accumulo/maven-plugin/target/local-repo/org/apache/accumulo/accumulo-core/1.6.0-SNAPSHOT/accumulo-core-1.6.0-SNAPSHOT.jar
[[1;34mINFO[m] Installing /home/user/Workspace/reproducibility/Reproducibility-Scanner/benchmarks/bugs-dot-jar/accumulo/core/pom.xml to /home/user/Workspace/reproducibility/Reproducibility-Scanner/benchmarks/bugs-dot-jar/accumulo/maven-plugin/target/local-repo/org/apache/accumulo/accumulo-core/1.6.0-SNAPSHOT/accumulo-core-1.6.0-SNAPSHOT.pom
[[1;34mINFO[m] Installing /home/user/Workspace/reproducibility/Reproducibility-Scanner/benchmarks/bugs-dot-jar/accumulo/fate/pom.xml to /home/user/Workspace/reproducibility/Reproducibility-Scanner/benchmarks/bugs-dot-jar/accumulo/maven-plugin/target/local-repo/org/apache/accumulo/accumulo-fate/1.6.0-SNAPSHOT/accumulo-fate-1.6.0-SNAPSHOT.pom
[[1;34mINFO[m] Installing /home/user/Workspace/reproducibility/Reproducibility-Scanner/benchmarks/bugs-dot-jar/accumulo/fate/target/accumulo-fate-1.6.0-SNAPSHOT.jar to /home/user/Workspace/reproducibility/Reproducibility-Scanner/benchmarks/bugs-dot-jar/accumulo/maven-plugin/target/local-repo/org/apache/accumulo/accumulo-fate/1.6.0-SNAPSHOT/accumulo-fate-1.6.0-SNAPSHOT.jar
[[1;34mINFO[m] Installing /home/user/Workspace/reproducibility/Reproducibility-Scanner/benchmarks/bugs-dot-jar/accumulo/fate/pom.xml to /home/user/Workspace/reproducibility/Reproducibility-Scanner/benchmarks/bugs-dot-jar/accumulo/maven-plugin/target/local-repo/org/apache/accumulo/accumulo-fate/1.6.0-SNAPSHOT/accumulo-fate-1.6.0-SNAPSHOT.pom
[[1;34mINFO[m] Installing /home/user/Workspace/reproducibility/Reproducibility-Scanner/benchmarks/bugs-dot-jar/accumulo/trace/pom.xml to /home/user/Workspace/reproducibility/Reproducibility-Scanner/benchmarks/bugs-dot-jar/accumulo/maven-plugin/target/local-repo/org/apache/accumulo/accumulo-trace/1.6.0-SNAPSHOT/accumulo-trace-1.6.0-SNAPSHOT.pom
[[1;34mINFO[m] Installing /home/user/Workspace/reproducibility/Reproducibility-Scanner/benchmarks/bugs-dot-jar/accumulo/trace/target/accumulo-trace-1.6.0-SNAPSHOT.jar to /home/user/Workspace/reproducibility/Reproducibility-Scanner/benchmarks/bugs-dot-jar/accumulo/maven-plugin/target/local-repo/org/apache/accumulo/accumulo-trace/1.6.0-SNAPSHOT/accumulo-trace-1.6.0-SNAPSHOT.jar
[[1;34mINFO[m] Installing /home/user/Workspace/reproducibility/Reproducibility-Scanner/benchmarks/bugs-dot-jar/accumulo/trace/pom.xml to /home/user/Workspace/reproducibility/Reproducibility-Scanner/benchmarks/bugs-dot-jar/accumulo/maven-plugin/target/local-repo/org/apache/accumulo/accumulo-trace/1.6.0-SNAPSHOT/accumulo-trace-1.6.0-SNAPSHOT.pom
[[1;34mINFO[m] Installing /home/user/Workspace/reproducibility/Reproducibility-Scanner/benchmarks/bugs-dot-jar/accumulo/server/pom.xml to /home/user/Workspace/reproducibility/Reproducibility-Scanner/benchmarks/bugs-dot-jar/accumulo/maven-plugin/target/local-repo/org/apache/accumulo/accumulo-server/1.6.0-SNAPSHOT/accumulo-server-1.6.0-SNAPSHOT.pom
[[1;34mINFO[m] Installing /home/user/Workspace/reproducibility/Reproducibility-Scanner/benchmarks/bugs-dot-jar/accumulo/server/target/accumulo-server-1.6.0-SNAPSHOT.jar to /home/user/Workspace/reproducibility/Reproducibility-Scanner/benchmarks/bugs-dot-jar/accumulo/maven-plugin/target/local-repo/org/apache/accumulo/accumulo-server/1.6.0-SNAPSHOT/accumulo-server-1.6.0-SNAPSHOT.jar
[[1;34mINFO[m] Installing /home/user/Workspace/reproducibility/Reproducibility-Scanner/benchmarks/bugs-dot-jar/accumulo/server/pom.xml to /home/user/Workspace/reproducibility/Reproducibility-Scanner/benchmarks/bugs-dot-jar/accumulo/maven-plugin/target/local-repo/org/apache/accumulo/accumulo-server/1.6.0-SNAPSHOT/accumulo-server-1.6.0-SNAPSHOT.pom
[[1;34mINFO[m] Installing /home/user/Workspace/reproducibility/Reproducibility-Scanner/benchmarks/bugs-dot-jar/accumulo/start/pom.xml to /home/user/Workspace/reproducibility/Reproducibility-Scanner/benchmarks/bugs-dot-jar/accumulo/maven-plugin/target/local-repo/org/apache/accumulo/accumulo-start/1.6.0-SNAPSHOT/accumulo-start-1.6.0-SNAPSHOT.pom
[[1;34mINFO[m] Installing /home/user/Workspace/reproducibility/Reproducibility-Scanner/benchmarks/bugs-dot-jar/accumulo/start/target/accumulo-start-1.6.0-SNAPSHOT.jar to /home/user/Workspace/reproducibility/Reproducibility-Scanner/benchmarks/bugs-dot-jar/accumulo/maven-plugin/target/local-repo/org/apache/accumulo/accumulo-start/1.6.0-SNAPSHOT/accumulo-start-1.6.0-SNAPSHOT.jar
[[1;34mINFO[m] Installing /home/user/Workspace/reproducibility/Reproducibility-Scanner/benchmarks/bugs-dot-jar/accumulo/start/pom.xml to /home/user/Workspace/reproducibility/Reproducibility-Scanner/benchmarks/bugs-dot-jar/accumulo/maven-plugin/target/local-repo/org/apache/accumulo/accumulo-start/1.6.0-SNAPSHOT/accumulo-start-1.6.0-SNAPSHOT.pom
[[1;34mINFO[m] Installing /home/user/Workspace/reproducibility/Reproducibility-Scanner/benchmarks/bugs-dot-jar/accumulo/maven-plugin/pom.xml to /home/user/Workspace/reproducibility/Reproducibility-Scanner/benchmarks/bugs-dot-jar/accumulo/maven-plugin/target/local-repo/org/apache/accumulo/accumulo-maven-plugin/1.6.0-SNAPSHOT/accumulo-maven-plugin-1.6.0-SNAPSHOT.pom
[[1;34mINFO[m] Installing /home/user/Workspace/reproducibility/Reproducibility-Scanner/benchmarks/bugs-dot-jar/accumulo/maven-plugin/target/accumulo-maven-plugin-1.6.0-SNAPSHOT.jar to /home/user/Workspace/reproducibility/Reproducibility-Scanner/benchmarks/bugs-dot-jar/accumulo/maven-plugin/target/local-repo/org/apache/accumulo/accumulo-maven-plugin/1.6.0-SNAPSHOT/accumulo-maven-plugin-1.6.0-SNAPSHOT.jar
[[1;34mINFO[m] 
[[1;34mINFO[m] [1m--- [0;32mmaven-failsafe-plugin:2.12.4:integration-test[m [1m(run-integration-tests)[m @ [36maccumulo-maven-plugin[0;1m ---[m
[[1;34mINFO[m] Tests are skipped.
[[1;34mINFO[m] 
[[1;34mINFO[m] [1m--- [0;32mmaven-invoker-plugin:1.7:run[m [1m(integration-test)[m @ [36maccumulo-maven-plugin[0;1m ---[m
[[1;34mINFO[m] Building: plugin-test/pom.xml
[[1;34mINFO[m] run script postbuild.groovy
[[1;34mINFO[m] ..FAILED (15.7 s)
[[1;34mINFO[m]   The post-build script did not succeed. assert testCreateTable.isFile()
       |               |
       |               false
       /home/user/Workspace/reproducibility/Reproducibility-Scanner/benchmarks/bugs-dot-jar/accumulo/maven-plugin/target/it/plugin-test/target/accumulo-maven-plugin/plugin-it-instance/testCreateTablePassed
[[1;34mINFO[m] -------------------------------------------------
[[1;34mINFO[m] Build Summary:
[[1;34mINFO[m]   Passed: 0, Failed: 1, Errors: 0, Skipped: 0
[[1;34mINFO[m] -------------------------------------------------
[[1;31mERROR[m] The following builds failed:
[[1;31mERROR[m] *  plugin-test/pom.xml
[[1;34mINFO[m] -------------------------------------------------
[[1;34mINFO[m] 
[[1;34mINFO[m] [1m-----------------< [0;36morg.apache.accumulo:accumulo-test[0;1m >------------------[m
[[1;34mINFO[m] [1mBuilding Testing 1.6.0-SNAPSHOT                                  [10/13][m
[[1;34mINFO[m] [1m--------------------------------[ jar ]---------------------------------[m
[[1;34mINFO[m] 
[[1;34mINFO[m] [1m--- [0;32mmaven-sortpom-plugin:2.1.0:verify[m [1m(verify-sorted-pom)[m @ [36maccumulo-test[0;1m ---[m
[[1;34mINFO[m] Verifying file /home/user/Workspace/reproducibility/Reproducibility-Scanner/benchmarks/bugs-dot-jar/accumulo/test/pom.xml
[[1;34mINFO[m] 
[[1;34mINFO[m] [1m--- [0;32mmaven-enforcer-plugin:1.0.1:enforce[m [1m(enforce-mvn)[m @ [36maccumulo-test[0;1m ---[m
[[1;34mINFO[m] 
[[1;34mINFO[m] [1m--- [0;32mmaven-remote-resources-plugin:1.4:process[m [1m(default)[m @ [36maccumulo-test[0;1m ---[m
[[1;34mINFO[m] 
[[1;34mINFO[m] [1m--- [0;32mmaven-resources-plugin:2.6:resources[m [1m(default-resources)[m @ [36maccumulo-test[0;1m ---[m
[[1;34mINFO[m] Using 'UTF-8' encoding to copy filtered resources.
[[1;34mINFO[m] skip non existing resourceDirectory /home/user/Workspace/reproducibility/Reproducibility-Scanner/benchmarks/bugs-dot-jar/accumulo/test/src/main/resources
[[1;34mINFO[m] Copying 3 resources
[[1;34mINFO[m] 
[[1;34mINFO[m] [1m--- [0;32mmaven-compiler-plugin:2.5.1:compile[m [1m(default-compile)[m @ [36maccumulo-test[0;1m ---[m
[[1;34mINFO[m] Compiling 150 source files to /home/user/Workspace/reproducibility/Reproducibility-Scanner/benchmarks/bugs-dot-jar/accumulo/test/target/classes
[[1;34mINFO[m] 
[[1;34mINFO[m] [1m--- [0;32mmaven-resources-plugin:2.6:testResources[m [1m(default-testResources)[m @ [36maccumulo-test[0;1m ---[m
[[1;34mINFO[m] Using 'UTF-8' encoding to copy filtered resources.
[[1;34mINFO[m] Copying 11 resources
[[1;34mINFO[m] Copying 3 resources
[[1;34mINFO[m] 
[[1;34mINFO[m] [1m--- [0;32mmaven-compiler-plugin:2.5.1:testCompile[m [1m(default-testCompile)[m @ [36maccumulo-test[0;1m ---[m
[[1;34mINFO[m] Compiling 86 source files to /home/user/Workspace/reproducibility/Reproducibility-Scanner/benchmarks/bugs-dot-jar/accumulo/test/target/test-classes
[[1;34mINFO[m] 
[[1;34mINFO[m] [1m--- [0;32mmaven-surefire-plugin:2.12.4:test[m [1m(default-test)[m @ [36maccumulo-test[0;1m ---[m
[[1;34mINFO[m] Tests are skipped.
[[1;34mINFO[m] 
[[1;34mINFO[m] [1m--- [0;32mmaven-jar-plugin:2.4:jar[m [1m(default-jar)[m @ [36maccumulo-test[0;1m ---[m
[[1;34mINFO[m] Building jar: /home/user/Workspace/reproducibility/Reproducibility-Scanner/benchmarks/bugs-dot-jar/accumulo/test/target/accumulo-test-1.6.0-SNAPSHOT.jar
[[1;34mINFO[m] 
[[1;34mINFO[m] [1m--- [0;32mmaven-site-plugin:3.2:attach-descriptor[m [1m(attach-descriptor)[m @ [36maccumulo-test[0;1m ---[m
[[1;34mINFO[m] 
[[1;34mINFO[m] [1m--- [0;32mmaven-dependency-plugin:2.7:build-classpath[m [1m(setup-mini-classpath)[m @ [36maccumulo-test[0;1m ---[m
[[1;34mINFO[m] 
[[1;34mINFO[m] [1m>>> [0;32mexec-maven-plugin:1.2.1:java[m [1m(run-mini-for-integration-tests)[0;1m > [0;1mvalidate[m @ [36maccumulo-test[0;1m >>>[m
[[1;34mINFO[m] 
[[1;34mINFO[m] [1m--- [0;32mmaven-sortpom-plugin:2.1.0:verify[m [1m(verify-sorted-pom)[m @ [36maccumulo-test[0;1m ---[m
[[1;34mINFO[m] Verifying file /home/user/Workspace/reproducibility/Reproducibility-Scanner/benchmarks/bugs-dot-jar/accumulo/test/pom.xml
[[1;34mINFO[m] 
[[1;34mINFO[m] [1m--- [0;32mmaven-enforcer-plugin:1.0.1:enforce[m [1m(enforce-mvn)[m @ [36maccumulo-test[0;1m ---[m
[[1;34mINFO[m] 
[[1;34mINFO[m] [1m<<< [0;32mexec-maven-plugin:1.2.1:java[m [1m(run-mini-for-integration-tests)[0;1m < [0;1mvalidate[m @ [36maccumulo-test[0;1m <<<[m
[[1;34mINFO[m] 
[[1;34mINFO[m] 
[[1;34mINFO[m] [1m--- [0;32mexec-maven-plugin:1.2.1:java[m [1m(run-mini-for-integration-tests)[m @ [36maccumulo-test[0;1m ---[m
Starting MiniAccumuloCluster: testInstance1 in /home/user/Workspace/reproducibility/Reproducibility-Scanner/benchmarks/bugs-dot-jar/accumulo/test/target/accumulo-maven-plugin/testInstance1
[[1;33mWARNING[m] 
[1;31mjava.lang.reflect.InvocationTargetException[m
    [1mat[m sun.reflect.NativeMethodAccessorImpl.invoke0 ([1mNative Method[m)
    [1mat[m sun.reflect.NativeMethodAccessorImpl.invoke ([1mNativeMethodAccessorImpl.java:62[m)
    [1mat[m sun.reflect.DelegatingMethodAccessorImpl.invoke ([1mDelegatingMethodAccessorImpl.java:43[m)
    [1mat[m java.lang.reflect.Method.invoke ([1mMethod.java:498[m)
    [1mat[m org.codehaus.mojo.exec.ExecJavaMojo$1.run ([1mExecJavaMojo.java:297[m)
    [1mat[m java.lang.Thread.run ([1mThread.java:750[m)
[1mCaused by[m: org.apache.maven.plugin.MojoExecutionException: [1;31mUnable to start MiniAccumuloCluster[m
    [1mat[m org.apache.accumulo.maven.plugin.StartMojo.execute ([1mStartMojo.java:71[m)
    [1mat[m org.apache.accumulo.maven.plugin.StartMojo.main ([1mStartMojo.java:90[m)
    [1mat[m sun.reflect.NativeMethodAccessorImpl.invoke0 ([1mNative Method[m)
    [1mat[m sun.reflect.NativeMethodAccessorImpl.invoke ([1mNativeMethodAccessorImpl.java:62[m)
    [1mat[m sun.reflect.DelegatingMethodAccessorImpl.invoke ([1mDelegatingMethodAccessorImpl.java:43[m)
    [1mat[m java.lang.reflect.Method.invoke ([1mMethod.java:498[m)
    [1mat[m org.codehaus.mojo.exec.ExecJavaMojo$1.run ([1mExecJavaMojo.java:297[m)
    [1mat[m java.lang.Thread.run ([1mThread.java:750[m)
[1mCaused by[m: java.lang.RuntimeException: [1;31mInitialize process returned 1. Check the logs in /home/user/Workspace/reproducibility/Reproducibility-Scanner/benchmarks/bugs-dot-jar/accumulo/test/target/accumulo-maven-plugin/testInstance1/logs for errors.[m
    [1mat[m org.apache.accumulo.minicluster.MiniAccumuloCluster.start ([1mMiniAccumuloCluster.java:435[m)
    [1mat[m org.apache.accumulo.maven.plugin.StartMojo.execute ([1mStartMojo.java:68[m)
    [1mat[m org.apache.accumulo.maven.plugin.StartMojo.main ([1mStartMojo.java:90[m)
    [1mat[m sun.reflect.NativeMethodAccessorImpl.invoke0 ([1mNative Method[m)
    [1mat[m sun.reflect.NativeMethodAccessorImpl.invoke ([1mNativeMethodAccessorImpl.java:62[m)
    [1mat[m sun.reflect.DelegatingMethodAccessorImpl.invoke ([1mDelegatingMethodAccessorImpl.java:43[m)
    [1mat[m java.lang.reflect.Method.invoke ([1mMethod.java:498[m)
    [1mat[m org.codehaus.mojo.exec.ExecJavaMojo$1.run ([1mExecJavaMojo.java:297[m)
    [1mat[m java.lang.Thread.run ([1mThread.java:750[m)
[[1;34mINFO[m] 
[[1;34mINFO[m] [1m-----------------< [0;36morg.apache.accumulo:accumulo-proxy[0;1m >-----------------[m
[[1;34mINFO[m] [1mBuilding Proxy 1.6.0-SNAPSHOT                                    [11/13][m
[[1;34mINFO[m] [1m--------------------------------[ jar ]---------------------------------[m
[[1;34mINFO[m] 
[[1;34mINFO[m] [1m--- [0;32mmaven-sortpom-plugin:2.1.0:verify[m [1m(verify-sorted-pom)[m @ [36maccumulo-proxy[0;1m ---[m
[[1;34mINFO[m] Verifying file /home/user/Workspace/reproducibility/Reproducibility-Scanner/benchmarks/bugs-dot-jar/accumulo/proxy/pom.xml
[[1;34mINFO[m] 
[[1;34mINFO[m] [1m--- [0;32mmaven-enforcer-plugin:1.0.1:enforce[m [1m(enforce-mvn)[m @ [36maccumulo-proxy[0;1m ---[m
[[1;34mINFO[m] 
[[1;34mINFO[m] [1m--- [0;32mmaven-remote-resources-plugin:1.4:process[m [1m(default)[m @ [36maccumulo-proxy[0;1m ---[m
[[1;34mINFO[m] 
[[1;34mINFO[m] [1m--- [0;32mmaven-resources-plugin:2.6:resources[m [1m(default-resources)[m @ [36maccumulo-proxy[0;1m ---[m
[[1;34mINFO[m] Using 'UTF-8' encoding to copy filtered resources.
[[1;34mINFO[m] skip non existing resourceDirectory /home/user/Workspace/reproducibility/Reproducibility-Scanner/benchmarks/bugs-dot-jar/accumulo/proxy/src/main/resources
[[1;34mINFO[m] Copying 3 resources
[[1;34mINFO[m] 
[[1;34mINFO[m] [1m--- [0;32mmaven-compiler-plugin:2.5.1:compile[m [1m(default-compile)[m @ [36maccumulo-proxy[0;1m ---[m
[[1;34mINFO[m] Compiling 42 source files to /home/user/Workspace/reproducibility/Reproducibility-Scanner/benchmarks/bugs-dot-jar/accumulo/proxy/target/classes
[[1;34mINFO[m] 
[[1;34mINFO[m] [1m--- [0;32mmaven-resources-plugin:2.6:testResources[m [1m(default-testResources)[m @ [36maccumulo-proxy[0;1m ---[m
[[1;34mINFO[m] Using 'UTF-8' encoding to copy filtered resources.
[[1;34mINFO[m] Copying 1 resource
[[1;34mINFO[m] Copying 3 resources
[[1;34mINFO[m] 
[[1;34mINFO[m] [1m--- [0;32mmaven-compiler-plugin:2.5.1:testCompile[m [1m(default-testCompile)[m @ [36maccumulo-proxy[0;1m ---[m
[[1;34mINFO[m] Compiling 5 source files to /home/user/Workspace/reproducibility/Reproducibility-Scanner/benchmarks/bugs-dot-jar/accumulo/proxy/target/test-classes
[[1;34mINFO[m] 
[[1;34mINFO[m] [1m--- [0;32mmaven-surefire-plugin:2.12.4:test[m [1m(default-test)[m @ [36maccumulo-proxy[0;1m ---[m
[[1;34mINFO[m] Tests are skipped.
[[1;34mINFO[m] 
[[1;34mINFO[m] [1m--- [0;32mmaven-jar-plugin:2.4:jar[m [1m(default-jar)[m @ [36maccumulo-proxy[0;1m ---[m
[[1;34mINFO[m] Building jar: /home/user/Workspace/reproducibility/Reproducibility-Scanner/benchmarks/bugs-dot-jar/accumulo/proxy/target/accumulo-proxy-1.6.0-SNAPSHOT.jar
[[1;34mINFO[m] 
[[1;34mINFO[m] [1m--- [0;32mmaven-site-plugin:3.2:attach-descriptor[m [1m(attach-descriptor)[m @ [36maccumulo-proxy[0;1m ---[m
[[1;34mINFO[m] 
[[1;34mINFO[m] [1m--- [0;32mmaven-failsafe-plugin:2.12.4:integration-test[m [1m(run-integration-tests)[m @ [36maccumulo-proxy[0;1m ---[m
[[1;34mINFO[m] Tests are skipped.
[[1;34mINFO[m] 
[[1;34mINFO[m] [1m--- [0;32mmaven-failsafe-plugin:2.12.4:verify[m [1m(run-integration-tests)[m @ [36maccumulo-proxy[0;1m ---[m
[[1;34mINFO[m] Tests are skipped.
[[1;34mINFO[m] 
[[1;34mINFO[m] [1m--- [0;32mapache-rat-plugin:0.10:check[m [1m(default)[m @ [36maccumulo-proxy[0;1m ---[m
[[1;34mINFO[m] 51 implicit excludes (use -debug for more details).
[[1;34mINFO[m] No excludes explicitly specified.
[[1;34mINFO[m] 57 resources included (use -debug for more details)
[[1;34mINFO[m] Rat check: Summary of files. Unapproved: 0 unknown: 0 generated: 0 approved: 54 licence.
[[1;34mINFO[m] 
[[1;34mINFO[m] [1m--- [0;32mmaven-install-plugin:2.3.1:install[m [1m(default-install)[m @ [36maccumulo-proxy[0;1m ---[m
[[1;34mINFO[m] Installing /home/user/Workspace/reproducibility/Reproducibility-Scanner/benchmarks/bugs-dot-jar/accumulo/proxy/target/accumulo-proxy-1.6.0-SNAPSHOT.jar to /home/user/.m2/repository/org/apache/accumulo/accumulo-proxy/1.6.0-SNAPSHOT/accumulo-proxy-1.6.0-SNAPSHOT.jar
[[1;34mINFO[m] Installing /home/user/Workspace/reproducibility/Reproducibility-Scanner/benchmarks/bugs-dot-jar/accumulo/proxy/pom.xml to /home/user/.m2/repository/org/apache/accumulo/accumulo-proxy/1.6.0-SNAPSHOT/accumulo-proxy-1.6.0-SNAPSHOT.pom
[[1;34mINFO[m] 
[[1;34mINFO[m] [1m--------------------< [0;36morg.apache.accumulo:accumulo[0;1m >--------------------[m
[[1;34mINFO[m] [1mBuilding Assemblies 1.6.0-SNAPSHOT                               [12/13][m
[[1;34mINFO[m] [1m--------------------------------[ pom ]---------------------------------[m
[[1;34mINFO[m] 
[[1;34mINFO[m] [1m--- [0;32mmaven-sortpom-plugin:2.1.0:verify[m [1m(verify-sorted-pom)[m @ [36maccumulo[0;1m ---[m
[[1;34mINFO[m] Verifying file /home/user/Workspace/reproducibility/Reproducibility-Scanner/benchmarks/bugs-dot-jar/accumulo/assemble/pom.xml
[[1;34mINFO[m] 
[[1;34mINFO[m] [1m--- [0;32mmaven-enforcer-plugin:1.0.1:enforce[m [1m(enforce-mvn)[m @ [36maccumulo[0;1m ---[m
[[1;34mINFO[m] 
[[1;34mINFO[m] [1m--- [0;32mmaven-remote-resources-plugin:1.4:process[m [1m(default)[m @ [36maccumulo[0;1m ---[m
[[1;34mINFO[m] 
[[1;34mINFO[m] [1m--- [0;32mmaven-site-plugin:3.2:attach-descriptor[m [1m(attach-descriptor)[m @ [36maccumulo[0;1m ---[m
[[1;34mINFO[m] 
[[1;34mINFO[m] [1m--- [0;32mmaven-assembly-plugin:2.2.1:single[m [1m(directory-assembly)[m @ [36maccumulo[0;1m ---[m
[[1;34mINFO[m] Reading assembly descriptor: src/main/assemblies/dev-directory.xml
[[1;33mWARNING[m] The following patterns were never triggered in this artifact exclusion filter:
o  'org.apache.accumulo:accumulo-docs'

[[1;33mWARNING[m] The following patterns were never triggered in this artifact inclusion filter:
o  'org.apache.accumulo:accumulo-docs'

[[1;34mINFO[m] Copying files to /home/user/Workspace/reproducibility/Reproducibility-Scanner/benchmarks/bugs-dot-jar/accumulo/assemble/target/accumulo-1.6.0-SNAPSHOT-dev
[[1;34mINFO[m] 
[[1;34mINFO[m] [1m--- [0;32mmaven-failsafe-plugin:2.12.4:integration-test[m [1m(run-integration-tests)[m @ [36maccumulo[0;1m ---[m
[[1;34mINFO[m] Tests are skipped.
[[1;34mINFO[m] 
[[1;34mINFO[m] [1m--- [0;32mmaven-failsafe-plugin:2.12.4:verify[m [1m(run-integration-tests)[m @ [36maccumulo[0;1m ---[m
[[1;34mINFO[m] Tests are skipped.
[[1;34mINFO[m] 
[[1;34mINFO[m] [1m--- [0;32mapache-rat-plugin:0.10:check[m [1m(default)[m @ [36maccumulo[0;1m ---[m
[[1;34mINFO[m] 51 implicit excludes (use -debug for more details).
[[1;34mINFO[m] No excludes explicitly specified.
[[1;34mINFO[m] 33 resources included (use -debug for more details)
[[1;34mINFO[m] Rat check: Summary of files. Unapproved: 0 unknown: 0 generated: 0 approved: 33 licence.
[[1;34mINFO[m] 
[[1;34mINFO[m] [1m--- [0;32mmaven-install-plugin:2.3.1:install[m [1m(default-install)[m @ [36maccumulo[0;1m ---[m
[[1;34mINFO[m] Installing /home/user/Workspace/reproducibility/Reproducibility-Scanner/benchmarks/bugs-dot-jar/accumulo/assemble/pom.xml to /home/user/.m2/repository/org/apache/accumulo/accumulo/1.6.0-SNAPSHOT/accumulo-1.6.0-SNAPSHOT.pom
[[1;34mINFO[m] 
[[1;34mINFO[m] [1m-----------------< [0;36morg.apache.accumulo:accumulo-docs[0;1m >------------------[m
[[1;34mINFO[m] [1mBuilding Documentation 1.6.0-SNAPSHOT                            [13/13][m
[[1;34mINFO[m] [1m--------------------------------[ pom ]---------------------------------[m
[[1;34mINFO[m] 
[[1;34mINFO[m] [1m--- [0;32mmaven-sortpom-plugin:2.1.0:verify[m [1m(verify-sorted-pom)[m @ [36maccumulo-docs[0;1m ---[m
[[1;34mINFO[m] Verifying file /home/user/Workspace/reproducibility/Reproducibility-Scanner/benchmarks/bugs-dot-jar/accumulo/docs/pom.xml
[[1;34mINFO[m] 
[[1;34mINFO[m] [1m--- [0;32mmaven-enforcer-plugin:1.0.1:enforce[m [1m(enforce-mvn)[m @ [36maccumulo-docs[0;1m ---[m
[[1;34mINFO[m] 
[[1;34mINFO[m] [1m--- [0;32mmaven-remote-resources-plugin:1.4:process[m [1m(default)[m @ [36maccumulo-docs[0;1m ---[m
[[1;34mINFO[m] 
[[1;34mINFO[m] [1m--- [0;32mmaven-site-plugin:3.2:attach-descriptor[m [1m(attach-descriptor)[m @ [36maccumulo-docs[0;1m ---[m
[[1;34mINFO[m] 
[[1;34mINFO[m] [1m--- [0;32mmaven-failsafe-plugin:2.12.4:integration-test[m [1m(run-integration-tests)[m @ [36maccumulo-docs[0;1m ---[m
[[1;34mINFO[m] Tests are skipped.
[[1;34mINFO[m] 
[[1;34mINFO[m] [1m--- [0;32mmaven-failsafe-plugin:2.12.4:verify[m [1m(run-integration-tests)[m @ [36maccumulo-docs[0;1m ---[m
[[1;34mINFO[m] Tests are skipped.
[[1;34mINFO[m] 
[[1;34mINFO[m] [1m--- [0;32mapache-rat-plugin:0.10:check[m [1m(default)[m @ [36maccumulo-docs[0;1m ---[m
[[1;34mINFO[m] 51 implicit excludes (use -debug for more details).
[[1;34mINFO[m] No excludes explicitly specified.
[[1;34mINFO[m] 21 resources included (use -debug for more details)
[[1;34mINFO[m] Rat check: Summary of files. Unapproved: 0 unknown: 0 generated: 0 approved: 15 licence.
[[1;34mINFO[m] 
[[1;34mINFO[m] [1m--- [0;32mmaven-install-plugin:2.3.1:install[m [1m(default-install)[m @ [36maccumulo-docs[0;1m ---[m
[[1;34mINFO[m] Installing /home/user/Workspace/reproducibility/Reproducibility-Scanner/benchmarks/bugs-dot-jar/accumulo/docs/pom.xml to /home/user/.m2/repository/org/apache/accumulo/accumulo-docs/1.6.0-SNAPSHOT/accumulo-docs-1.6.0-SNAPSHOT.pom
[[1;34mINFO[m] [1m------------------------------------------------------------------------[m
[[1;34mINFO[m] [1mReactor Summary for Apache Accumulo Project 1.6.0-SNAPSHOT:[m
[[1;34mINFO[m] 
[[1;34mINFO[m] Apache Accumulo Project ............................ [1;31mFAILURE[m [  1.906 s]
[[1;34mINFO[m] Trace .............................................. [1;32mSUCCESS[m [  1.792 s]
[[1;34mINFO[m] Fate ............................................... [1;32mSUCCESS[m [  0.533 s]
[[1;34mINFO[m] Start .............................................. [1;32mSUCCESS[m [  1.590 s]
[[1;34mINFO[m] Core ............................................... [1;32mSUCCESS[m [  8.116 s]
[[1;34mINFO[m] Server ............................................. [1;32mSUCCESS[m [  2.597 s]
[[1;34mINFO[m] Simple Examples .................................... [1;32mSUCCESS[m [  0.527 s]
[[1;34mINFO[m] MiniCluster ........................................ [1;32mSUCCESS[m [  0.877 s]
[[1;34mINFO[m] Accumulo Maven Plugin .............................. [1;31mFAILURE[m [ 22.694 s]
[[1;34mINFO[m] Testing ............................................ [1;31mFAILURE[m [  5.595 s]
[[1;34mINFO[m] Proxy .............................................. [1;32mSUCCESS[m [  3.838 s]
[[1;34mINFO[m] Assemblies ......................................... [1;32mSUCCESS[m [  4.436 s]
[[1;34mINFO[m] Documentation ...................................... [1;32mSUCCESS[m [  0.040 s]
[[1;34mINFO[m] [1m------------------------------------------------------------------------[m
[[1;34mINFO[m] [1;31mBUILD FAILURE[m
[[1;34mINFO[m] [1m------------------------------------------------------------------------[m
[[1;34mINFO[m] Total time:  54.892 s
[[1;34mINFO[m] Finished at: 2022-08-29T09:16:14-07:00
[[1;34mINFO[m] [1m------------------------------------------------------------------------[m
[[1;31mERROR[m] Failed to execute goal [32morg.apache.rat:apache-rat-plugin:0.10:check[m [1m(default)[m on project [36maccumulo-project[m: [1;31mToo many files with unapproved license: 4 See RAT report in: /home/user/Workspace/reproducibility/Reproducibility-Scanner/benchmarks/bugs-dot-jar/accumulo/target/rat.txt[m -> [1m[Help 1][m
[[1;31mERROR[m] Failed to execute goal [32morg.apache.maven.plugins:maven-invoker-plugin:1.7:run[m [1m(integration-test)[m on project [36maccumulo-maven-plugin[m: [1;31m1 build failed. See console output above for details.[m -> [1m[Help 1][m
[[1;31mERROR[m] Failed to execute goal [32morg.codehaus.mojo:exec-maven-plugin:1.2.1:java[m [1m(run-mini-for-integration-tests)[m on project [36maccumulo-test[m: [1;31mAn exception occured while executing the Java class. null[m: InvocationTargetException: Unable to start MiniAccumuloCluster: Initialize process returned 1. Check the logs in /home/user/Workspace/reproducibility/Reproducibility-Scanner/benchmarks/bugs-dot-jar/accumulo/test/target/accumulo-maven-plugin/testInstance1/logs for errors. -> [1m[Help 2][m
[[1;31mERROR[m] 
[[1;31mERROR[m] To see the full stack trace of the errors, re-run Maven with the [1m-e[m switch.
[[1;31mERROR[m] Re-run Maven using the [1m-X[m switch to enable full debug logging.
[[1;31mERROR[m] 
[[1;31mERROR[m] For more information about the errors and possible solutions, please read the following articles:
[[1;31mERROR[m] [1m[Help 1][m http://cwiki.apache.org/confluence/display/MAVEN/MojoFailureException
[[1;31mERROR[m] [1m[Help 2][m http://cwiki.apache.org/confluence/display/MAVEN/MojoExecutionException
[[1;34mINFO[m] Build failures were ignored.
[[1;34mINFO[m] Scanning for projects...
[[1;34mINFO[m] 
[[1;34mINFO[m] [1m-----------------< [0;36morg.apache.accumulo:accumulo-start[0;1m >-----------------[m
[[1;34mINFO[m] [1mBuilding Start 1.6.0-SNAPSHOT[m
[[1;34mINFO[m] [1m--------------------------------[ jar ]---------------------------------[m
[[1;34mINFO[m] 
[[1;34mINFO[m] [1m--- [0;32mmaven-sortpom-plugin:2.1.0:verify[m [1m(verify-sorted-pom)[m @ [36maccumulo-start[0;1m ---[m
[[1;34mINFO[m] Verifying file /home/user/Workspace/reproducibility/Reproducibility-Scanner/benchmarks/bugs-dot-jar/accumulo/start/pom.xml
[[1;34mINFO[m] 
[[1;34mINFO[m] [1m--- [0;32mmaven-enforcer-plugin:1.0.1:enforce[m [1m(enforce-mvn)[m @ [36maccumulo-start[0;1m ---[m
[[1;34mINFO[m] 
[[1;34mINFO[m] [1m--- [0;32mmaven-remote-resources-plugin:1.4:process[m [1m(default)[m @ [36maccumulo-start[0;1m ---[m
[[1;34mINFO[m] 
[[1;34mINFO[m] [1m--- [0;32mmaven-resources-plugin:2.6:resources[m [1m(default-resources)[m @ [36maccumulo-start[0;1m ---[m
[[1;34mINFO[m] Using 'UTF-8' encoding to copy filtered resources.
[[1;34mINFO[m] skip non existing resourceDirectory /home/user/Workspace/reproducibility/Reproducibility-Scanner/benchmarks/bugs-dot-jar/accumulo/start/src/main/resources
[[1;34mINFO[m] Copying 3 resources
[[1;34mINFO[m] 
[[1;34mINFO[m] [1m--- [0;32mmaven-compiler-plugin:2.5.1:compile[m [1m(default-compile)[m @ [36maccumulo-start[0;1m ---[m
[[1;34mINFO[m] Nothing to compile - all classes are up to date
[[1;34mINFO[m] 
[[1;34mINFO[m] [1m--- [0;32mmaven-resources-plugin:2.6:testResources[m [1m(default-testResources)[m @ [36maccumulo-start[0;1m ---[m
[[1;34mINFO[m] Using 'UTF-8' encoding to copy filtered resources.
[[1;34mINFO[m] Copying 6 resources
[[1;34mINFO[m] Copying 3 resources
[[1;34mINFO[m] 
[[1;34mINFO[m] [1m--- [0;32mmaven-compiler-plugin:2.5.1:testCompile[m [1m(default-testCompile)[m @ [36maccumulo-start[0;1m ---[m
[[1;34mINFO[m] Nothing to compile - all classes are up to date
[[1;34mINFO[m] 
[[1;34mINFO[m] [1m--- [0;32mmaven-surefire-plugin:2.12.4:test[m [1m(default-test)[m @ [36maccumulo-start[0;1m ---[m
[[1;34mINFO[m] Surefire report directory: /home/user/Workspace/reproducibility/Reproducibility-Scanner/benchmarks/bugs-dot-jar/accumulo/start/target/surefire-reports

-------------------------------------------------------
 T E S T S
-------------------------------------------------------

-------------------------------------------------------
 T E S T S
-------------------------------------------------------
Running org.apache.accumulo.start.MainTest
Tests run: 6, Failures: 0, Errors: 0, Skipped: 0, Time elapsed: 0.165 sec
Running org.apache.accumulo.start.classloader.vfs.AccumuloReloadingVFSClassLoaderTest
Tests run: 3, Failures: 3, Errors: 0, Skipped: 0, Time elapsed: 0.224 sec <<< FAILURE!
testModifiedClass(org.apache.accumulo.start.classloader.vfs.AccumuloReloadingVFSClassLoaderTest)  Time elapsed: 0.153 sec  <<< FAILURE!
arrays first differed at element [0]; expected:<jar:file:///home/user/Workspace/reproducibility/Reproducibility-Scanner/benchmarks/bugs-dot-jar/accumulo/start/target/junit4323867041159612334/HelloWorld.jar!/> but was:<file:///home/user/Workspace/reproducibility/Reproducibility-Scanner/benchmarks/bugs-dot-jar/accumulo/start/target/junit4323867041159612334>
	at org.junit.internal.ComparisonCriteria.arrayEquals(ComparisonCriteria.java:50)
	at org.junit.Assert.internalArrayEquals(Assert.java:473)
	at org.junit.Assert.assertArrayEquals(Assert.java:265)
	at org.junit.Assert.assertArrayEquals(Assert.java:280)
	at org.apache.accumulo.start.classloader.vfs.AccumuloReloadingVFSClassLoaderTest.testModifiedClass(AccumuloReloadingVFSClassLoaderTest.java:137)
	at sun.reflect.NativeMethodAccessorImpl.invoke0(Native Method)
	at sun.reflect.NativeMethodAccessorImpl.invoke(NativeMethodAccessorImpl.java:62)
	at sun.reflect.DelegatingMethodAccessorImpl.invoke(DelegatingMethodAccessorImpl.java:43)
	at java.lang.reflect.Method.invoke(Method.java:498)
	at org.junit.runners.model.FrameworkMethod$1.runReflectiveCall(FrameworkMethod.java:47)
	at org.junit.internal.runners.model.ReflectiveCallable.run(ReflectiveCallable.java:12)
	at org.junit.runners.model.FrameworkMethod.invokeExplosively(FrameworkMethod.java:44)
	at org.junit.internal.runners.statements.InvokeMethod.evaluate(InvokeMethod.java:17)
	at org.junit.internal.runners.statements.RunBefores.evaluate(RunBefores.java:26)
	at org.junit.internal.runners.statements.RunAfters.evaluate(RunAfters.java:27)
	at org.junit.runners.ParentRunner.runLeaf(ParentRunner.java:271)
	at org.junit.runners.BlockJUnit4ClassRunner.runChild(BlockJUnit4ClassRunner.java:70)
	at org.junit.runners.BlockJUnit4ClassRunner.runChild(BlockJUnit4ClassRunner.java:50)
	at org.junit.runners.ParentRunner$3.run(ParentRunner.java:238)
	at org.junit.runners.ParentRunner$1.schedule(ParentRunner.java:63)
	at org.junit.runners.ParentRunner.runChildren(ParentRunner.java:236)
	at org.junit.runners.ParentRunner.access$000(ParentRunner.java:53)
	at org.junit.runners.ParentRunner$2.evaluate(ParentRunner.java:229)
	at org.junit.runners.ParentRunner.run(ParentRunner.java:309)
	at org.apache.maven.surefire.junit4.JUnit4Provider.execute(JUnit4Provider.java:252)
	at org.apache.maven.surefire.junit4.JUnit4Provider.executeTestSet(JUnit4Provider.java:141)
	at org.apache.maven.surefire.junit4.JUnit4Provider.invoke(JUnit4Provider.java:112)
	at sun.reflect.NativeMethodAccessorImpl.invoke0(Native Method)
	at sun.reflect.NativeMethodAccessorImpl.invoke(NativeMethodAccessorImpl.java:62)
	at sun.reflect.DelegatingMethodAccessorImpl.invoke(DelegatingMethodAccessorImpl.java:43)
	at java.lang.reflect.Method.invoke(Method.java:498)
	at org.apache.maven.surefire.util.ReflectionUtils.invokeMethodWithArray(ReflectionUtils.java:189)
	at org.apache.maven.surefire.booter.ProviderFactory$ProviderProxy.invoke(ProviderFactory.java:165)
	at org.apache.maven.surefire.booter.ProviderFactory.invokeProvider(ProviderFactory.java:85)
	at org.apache.maven.surefire.booter.ForkedBooter.runSuitesInProcess(ForkedBooter.java:115)
	at org.apache.maven.surefire.booter.ForkedBooter.main(ForkedBooter.java:75)

testReloading(org.apache.accumulo.start.classloader.vfs.AccumuloReloadingVFSClassLoaderTest)  Time elapsed: 0.004 sec  <<< FAILURE!
arrays first differed at element [0]; expected:<jar:file:///home/user/Workspace/reproducibility/Reproducibility-Scanner/benchmarks/bugs-dot-jar/accumulo/start/target/junit1213848624335046527/HelloWorld.jar!/> but was:<file:///home/user/Workspace/reproducibility/Reproducibility-Scanner/benchmarks/bugs-dot-jar/accumulo/start/target/junit1213848624335046527>
	at org.junit.internal.ComparisonCriteria.arrayEquals(ComparisonCriteria.java:50)
	at org.junit.Assert.internalArrayEquals(Assert.java:473)
	at org.junit.Assert.assertArrayEquals(Assert.java:265)
	at org.junit.Assert.assertArrayEquals(Assert.java:280)
	at org.apache.accumulo.start.classloader.vfs.AccumuloReloadingVFSClassLoaderTest.testReloading(AccumuloReloadingVFSClassLoaderTest.java:94)
	at sun.reflect.NativeMethodAccessorImpl.invoke0(Native Method)
	at sun.reflect.NativeMethodAccessorImpl.invoke(NativeMethodAccessorImpl.java:62)
	at sun.reflect.DelegatingMethodAccessorImpl.invoke(DelegatingMethodAccessorImpl.java:43)
	at java.lang.reflect.Method.invoke(Method.java:498)
	at org.junit.runners.model.FrameworkMethod$1.runReflectiveCall(FrameworkMethod.java:47)
	at org.junit.internal.runners.model.ReflectiveCallable.run(ReflectiveCallable.java:12)
	at org.junit.runners.model.FrameworkMethod.invokeExplosively(FrameworkMethod.java:44)
	at org.junit.internal.runners.statements.InvokeMethod.evaluate(InvokeMethod.java:17)
	at org.junit.internal.runners.statements.RunBefores.evaluate(RunBefores.java:26)
	at org.junit.internal.runners.statements.RunAfters.evaluate(RunAfters.java:27)
	at org.junit.runners.ParentRunner.runLeaf(ParentRunner.java:271)
	at org.junit.runners.BlockJUnit4ClassRunner.runChild(BlockJUnit4ClassRunner.java:70)
	at org.junit.runners.BlockJUnit4ClassRunner.runChild(BlockJUnit4ClassRunner.java:50)
	at org.junit.runners.ParentRunner$3.run(ParentRunner.java:238)
	at org.junit.runners.ParentRunner$1.schedule(ParentRunner.java:63)
	at org.junit.runners.ParentRunner.runChildren(ParentRunner.java:236)
	at org.junit.runners.ParentRunner.access$000(ParentRunner.java:53)
	at org.junit.runners.ParentRunner$2.evaluate(ParentRunner.java:229)
	at org.junit.runners.ParentRunner.run(ParentRunner.java:309)
	at org.apache.maven.surefire.junit4.JUnit4Provider.execute(JUnit4Provider.java:252)
	at org.apache.maven.surefire.junit4.JUnit4Provider.executeTestSet(JUnit4Provider.java:141)
	at org.apache.maven.surefire.junit4.JUnit4Provider.invoke(JUnit4Provider.java:112)
	at sun.reflect.NativeMethodAccessorImpl.invoke0(Native Method)
	at sun.reflect.NativeMethodAccessorImpl.invoke(NativeMethodAccessorImpl.java:62)
	at sun.reflect.DelegatingMethodAccessorImpl.invoke(DelegatingMethodAccessorImpl.java:43)
	at java.lang.reflect.Method.invoke(Method.java:498)
	at org.apache.maven.surefire.util.ReflectionUtils.invokeMethodWithArray(ReflectionUtils.java:189)
	at org.apache.maven.surefire.booter.ProviderFactory$ProviderProxy.invoke(ProviderFactory.java:165)
	at org.apache.maven.surefire.booter.ProviderFactory.invokeProvider(ProviderFactory.java:85)
	at org.apache.maven.surefire.booter.ForkedBooter.runSuitesInProcess(ForkedBooter.java:115)
	at org.apache.maven.surefire.booter.ForkedBooter.main(ForkedBooter.java:75)

testConstructor(org.apache.accumulo.start.classloader.vfs.AccumuloReloadingVFSClassLoaderTest)  Time elapsed: 0.006 sec  <<< FAILURE!
arrays first differed at element [0]; expected:<jar:file:///home/user/Workspace/reproducibility/Reproducibility-Scanner/benchmarks/bugs-dot-jar/accumulo/start/target/junit5609968399091500230/HelloWorld.jar!/> but was:<file:///home/user/Workspace/reproducibility/Reproducibility-Scanner/benchmarks/bugs-dot-jar/accumulo/start/target/junit5609968399091500230>
	at org.junit.internal.ComparisonCriteria.arrayEquals(ComparisonCriteria.java:50)
	at org.junit.Assert.internalArrayEquals(Assert.java:473)
	at org.junit.Assert.assertArrayEquals(Assert.java:265)
	at org.junit.Assert.assertArrayEquals(Assert.java:280)
	at org.apache.accumulo.start.classloader.vfs.AccumuloReloadingVFSClassLoaderTest.testConstructor(AccumuloReloadingVFSClassLoaderTest.java:76)
	at sun.reflect.NativeMethodAccessorImpl.invoke0(Native Method)
	at sun.reflect.NativeMethodAccessorImpl.invoke(NativeMethodAccessorImpl.java:62)
	at sun.reflect.DelegatingMethodAccessorImpl.invoke(DelegatingMethodAccessorImpl.java:43)
	at java.lang.reflect.Method.invoke(Method.java:498)
	at org.junit.runners.model.FrameworkMethod$1.runReflectiveCall(FrameworkMethod.java:47)
	at org.junit.internal.runners.model.ReflectiveCallable.run(ReflectiveCallable.java:12)
	at org.junit.runners.model.FrameworkMethod.invokeExplosively(FrameworkMethod.java:44)
	at org.junit.internal.runners.statements.InvokeMethod.evaluate(InvokeMethod.java:17)
	at org.junit.internal.runners.statements.RunBefores.evaluate(RunBefores.java:26)
	at org.junit.internal.runners.statements.RunAfters.evaluate(RunAfters.java:27)
	at org.junit.runners.ParentRunner.runLeaf(ParentRunner.java:271)
	at org.junit.runners.BlockJUnit4ClassRunner.runChild(BlockJUnit4ClassRunner.java:70)
	at org.junit.runners.BlockJUnit4ClassRunner.runChild(BlockJUnit4ClassRunner.java:50)
	at org.junit.runners.ParentRunner$3.run(ParentRunner.java:238)
	at org.junit.runners.ParentRunner$1.schedule(ParentRunner.java:63)
	at org.junit.runners.ParentRunner.runChildren(ParentRunner.java:236)
	at org.junit.runners.ParentRunner.access$000(ParentRunner.java:53)
	at org.junit.runners.ParentRunner$2.evaluate(ParentRunner.java:229)
	at org.junit.runners.ParentRunner.run(ParentRunner.java:309)
	at org.apache.maven.surefire.junit4.JUnit4Provider.execute(JUnit4Provider.java:252)
	at org.apache.maven.surefire.junit4.JUnit4Provider.executeTestSet(JUnit4Provider.java:141)
	at org.apache.maven.surefire.junit4.JUnit4Provider.invoke(JUnit4Provider.java:112)
	at sun.reflect.NativeMethodAccessorImpl.invoke0(Native Method)
	at sun.reflect.NativeMethodAccessorImpl.invoke(NativeMethodAccessorImpl.java:62)
	at sun.reflect.DelegatingMethodAccessorImpl.invoke(DelegatingMethodAccessorImpl.java:43)
	at java.lang.reflect.Method.invoke(Method.java:498)
	at org.apache.maven.surefire.util.ReflectionUtils.invokeMethodWithArray(ReflectionUtils.java:189)
	at org.apache.maven.surefire.booter.ProviderFactory$ProviderProxy.invoke(ProviderFactory.java:165)
	at org.apache.maven.surefire.booter.ProviderFactory.invokeProvider(ProviderFactory.java:85)
	at org.apache.maven.surefire.booter.ForkedBooter.runSuitesInProcess(ForkedBooter.java:115)
	at org.apache.maven.surefire.booter.ForkedBooter.main(ForkedBooter.java:75)

Running org.apache.accumulo.start.classloader.vfs.ContextManagerTest
Tests run: 2, Failures: 2, Errors: 0, Skipped: 0, Time elapsed: 0.232 sec <<< FAILURE!
testPostDelegation(org.apache.accumulo.start.classloader.vfs.ContextManagerTest)  Time elapsed: 0.154 sec  <<< FAILURE!
java.lang.AssertionError
	at org.junit.Assert.fail(Assert.java:86)
	at org.junit.Assert.assertTrue(Assert.java:41)
	at org.junit.Assert.assertFalse(Assert.java:64)
	at org.junit.Assert.assertFalse(Assert.java:74)
	at org.apache.accumulo.start.classloader.vfs.ContextManagerTest.testPostDelegation(ContextManagerTest.java:153)
	at sun.reflect.NativeMethodAccessorImpl.invoke0(Native Method)
	at sun.reflect.NativeMethodAccessorImpl.invoke(NativeMethodAccessorImpl.java:62)
	at sun.reflect.DelegatingMethodAccessorImpl.invoke(DelegatingMethodAccessorImpl.java:43)
	at java.lang.reflect.Method.invoke(Method.java:498)
	at org.junit.runners.model.FrameworkMethod$1.runReflectiveCall(FrameworkMethod.java:47)
	at org.junit.internal.runners.model.ReflectiveCallable.run(ReflectiveCallable.java:12)
	at org.junit.runners.model.FrameworkMethod.invokeExplosively(FrameworkMethod.java:44)
	at org.junit.internal.runners.statements.InvokeMethod.evaluate(InvokeMethod.java:17)
	at org.junit.internal.runners.statements.RunBefores.evaluate(RunBefores.java:26)
	at org.junit.internal.runners.statements.RunAfters.evaluate(RunAfters.java:27)
	at org.junit.runners.ParentRunner.runLeaf(ParentRunner.java:271)
	at org.junit.runners.BlockJUnit4ClassRunner.runChild(BlockJUnit4ClassRunner.java:70)
	at org.junit.runners.BlockJUnit4ClassRunner.runChild(BlockJUnit4ClassRunner.java:50)
	at org.junit.runners.ParentRunner$3.run(ParentRunner.java:238)
	at org.junit.runners.ParentRunner$1.schedule(ParentRunner.java:63)
	at org.junit.runners.ParentRunner.runChildren(ParentRunner.java:236)
	at org.junit.runners.ParentRunner.access$000(ParentRunner.java:53)
	at org.junit.runners.ParentRunner$2.evaluate(ParentRunner.java:229)
	at org.junit.runners.ParentRunner.run(ParentRunner.java:309)
	at org.apache.maven.surefire.junit4.JUnit4Provider.execute(JUnit4Provider.java:252)
	at org.apache.maven.surefire.junit4.JUnit4Provider.executeTestSet(JUnit4Provider.java:141)
	at org.apache.maven.surefire.junit4.JUnit4Provider.invoke(JUnit4Provider.java:112)
	at sun.reflect.NativeMethodAccessorImpl.invoke0(Native Method)
	at sun.reflect.NativeMethodAccessorImpl.invoke(NativeMethodAccessorImpl.java:62)
	at sun.reflect.DelegatingMethodAccessorImpl.invoke(DelegatingMethodAccessorImpl.java:43)
	at java.lang.reflect.Method.invoke(Method.java:498)
	at org.apache.maven.surefire.util.ReflectionUtils.invokeMethodWithArray(ReflectionUtils.java:189)
	at org.apache.maven.surefire.booter.ProviderFactory$ProviderProxy.invoke(ProviderFactory.java:165)
	at org.apache.maven.surefire.booter.ProviderFactory.invokeProvider(ProviderFactory.java:85)
	at org.apache.maven.surefire.booter.ForkedBooter.runSuitesInProcess(ForkedBooter.java:115)
	at org.apache.maven.surefire.booter.ForkedBooter.main(ForkedBooter.java:75)

differentContexts(org.apache.accumulo.start.classloader.vfs.ContextManagerTest)  Time elapsed: 0.01 sec  <<< FAILURE!
arrays first differed at element [0]; expected:<jar:file:///home/user/Workspace/reproducibility/Reproducibility-Scanner/benchmarks/bugs-dot-jar/accumulo/start/target/junit8476469889351631629/HelloWorld.jar!/> but was:<file:///home/user/Workspace/reproducibility/Reproducibility-Scanner/benchmarks/bugs-dot-jar/accumulo/start/target/junit8476469889351631629>
	at org.junit.internal.ComparisonCriteria.arrayEquals(ComparisonCriteria.java:50)
	at org.junit.Assert.internalArrayEquals(Assert.java:473)
	at org.junit.Assert.assertArrayEquals(Assert.java:265)
	at org.junit.Assert.assertArrayEquals(Assert.java:280)
	at org.apache.accumulo.start.classloader.vfs.ContextManagerTest.differentContexts(ContextManagerTest.java:112)
	at sun.reflect.NativeMethodAccessorImpl.invoke0(Native Method)
	at sun.reflect.NativeMethodAccessorImpl.invoke(NativeMethodAccessorImpl.java:62)
	at sun.reflect.DelegatingMethodAccessorImpl.invoke(DelegatingMethodAccessorImpl.java:43)
	at java.lang.reflect.Method.invoke(Method.java:498)
	at org.junit.runners.model.FrameworkMethod$1.runReflectiveCall(FrameworkMethod.java:47)
	at org.junit.internal.runners.model.ReflectiveCallable.run(ReflectiveCallable.java:12)
	at org.junit.runners.model.FrameworkMethod.invokeExplosively(FrameworkMethod.java:44)
	at org.junit.internal.runners.statements.InvokeMethod.evaluate(InvokeMethod.java:17)
	at org.junit.internal.runners.statements.RunBefores.evaluate(RunBefores.java:26)
	at org.junit.internal.runners.statements.RunAfters.evaluate(RunAfters.java:27)
	at org.junit.runners.ParentRunner.runLeaf(ParentRunner.java:271)
	at org.junit.runners.BlockJUnit4ClassRunner.runChild(BlockJUnit4ClassRunner.java:70)
	at org.junit.runners.BlockJUnit4ClassRunner.runChild(BlockJUnit4ClassRunner.java:50)
	at org.junit.runners.ParentRunner$3.run(ParentRunner.java:238)
	at org.junit.runners.ParentRunner$1.schedule(ParentRunner.java:63)
	at org.junit.runners.ParentRunner.runChildren(ParentRunner.java:236)
	at org.junit.runners.ParentRunner.access$000(ParentRunner.java:53)
	at org.junit.runners.ParentRunner$2.evaluate(ParentRunner.java:229)
	at org.junit.runners.ParentRunner.run(ParentRunner.java:309)
	at org.apache.maven.surefire.junit4.JUnit4Provider.execute(JUnit4Provider.java:252)
	at org.apache.maven.surefire.junit4.JUnit4Provider.executeTestSet(JUnit4Provider.java:141)
	at org.apache.maven.surefire.junit4.JUnit4Provider.invoke(JUnit4Provider.java:112)
	at sun.reflect.NativeMethodAccessorImpl.invoke0(Native Method)
	at sun.reflect.NativeMethodAccessorImpl.invoke(NativeMethodAccessorImpl.java:62)
	at sun.reflect.DelegatingMethodAccessorImpl.invoke(DelegatingMethodAccessorImpl.java:43)
	at java.lang.reflect.Method.invoke(Method.java:498)
	at org.apache.maven.surefire.util.ReflectionUtils.invokeMethodWithArray(ReflectionUtils.java:189)
	at org.apache.maven.surefire.booter.ProviderFactory$ProviderProxy.invoke(ProviderFactory.java:165)
	at org.apache.maven.surefire.booter.ProviderFactory.invokeProvider(ProviderFactory.java:85)
	at org.apache.maven.surefire.booter.ForkedBooter.runSuitesInProcess(ForkedBooter.java:115)
	at org.apache.maven.surefire.booter.ForkedBooter.main(ForkedBooter.java:75)

Running org.apache.accumulo.start.classloader.vfs.AccumuloVFSClassLoaderTest
Tests run: 2, Failures: 0, Errors: 0, Skipped: 0, Time elapsed: 1.15 sec
Running org.apache.accumulo.start.classloader.vfs.providers.ReadOnlyHdfsFileProviderTest
Tests run: 15, Failures: 0, Errors: 0, Skipped: 0, Time elapsed: 44.919 sec
Running org.apache.accumulo.start.classloader.vfs.providers.VfsClassLoaderTest
Tests run: 2, Failures: 0, Errors: 0, Skipped: 0, Time elapsed: 11.888 sec

Results :

Failed tests:   testModifiedClass(org.apache.accumulo.start.classloader.vfs.AccumuloReloadingVFSClassLoaderTest): arrays first differed at element [0]; expected:<jar:file:///home/user/Workspace/reproducibility/Reproducibility-Scanner/benchmarks/bugs-dot-jar/accumulo/start/target/junit4323867041159612334/HelloWorld.jar!/> but was:<file:///home/user/Workspace/reproducibility/Reproducibility-Scanner/benchmarks/bugs-dot-jar/accumulo/start/target/junit4323867041159612334>
  testReloading(org.apache.accumulo.start.classloader.vfs.AccumuloReloadingVFSClassLoaderTest): arrays first differed at element [0]; expected:<jar:file:///home/user/Workspace/reproducibility/Reproducibility-Scanner/benchmarks/bugs-dot-jar/accumulo/start/target/junit1213848624335046527/HelloWorld.jar!/> but was:<file:///home/user/Workspace/reproducibility/Reproducibility-Scanner/benchmarks/bugs-dot-jar/accumulo/start/target/junit1213848624335046527>
  testConstructor(org.apache.accumulo.start.classloader.vfs.AccumuloReloadingVFSClassLoaderTest): arrays first differed at element [0]; expected:<jar:file:///home/user/Workspace/reproducibility/Reproducibility-Scanner/benchmarks/bugs-dot-jar/accumulo/start/target/junit5609968399091500230/HelloWorld.jar!/> but was:<file:///home/user/Workspace/reproducibility/Reproducibility-Scanner/benchmarks/bugs-dot-jar/accumulo/start/target/junit5609968399091500230>
  testPostDelegation(org.apache.accumulo.start.classloader.vfs.ContextManagerTest)
  differentContexts(org.apache.accumulo.start.classloader.vfs.ContextManagerTest): arrays first differed at element [0]; expected:<jar:file:///home/user/Workspace/reproducibility/Reproducibility-Scanner/benchmarks/bugs-dot-jar/accumulo/start/target/junit8476469889351631629/HelloWorld.jar!/> but was:<file:///home/user/Workspace/reproducibility/Reproducibility-Scanner/benchmarks/bugs-dot-jar/accumulo/start/target/junit8476469889351631629>

Tests run: 30, Failures: 5, Errors: 0, Skipped: 0

[[1;34mINFO[m] [1m------------------------------------------------------------------------[m
[[1;34mINFO[m] [1;31mBUILD FAILURE[m
[[1;34mINFO[m] [1m------------------------------------------------------------------------[m
[[1;34mINFO[m] Total time:  01:04 min
[[1;34mINFO[m] Finished at: 2022-08-29T09:17:20-07:00
[[1;34mINFO[m] [1m------------------------------------------------------------------------[m
[[1;31mERROR[m] Failed to execute goal [32morg.apache.maven.plugins:maven-surefire-plugin:2.12.4:test[m [1m(default-test)[m on project [36maccumulo-start[m: [1;31mThere are test failures.[m
[[1;31mERROR[m] [1;31m[m
[[1;31mERROR[m] [1;31mPlease refer to /home/user/Workspace/reproducibility/Reproducibility-Scanner/benchmarks/bugs-dot-jar/accumulo/start/target/surefire-reports for the individual test results.[m
[[1;31mERROR[m] -> [1m[Help 1][m
[[1;31mERROR[m] 
[[1;31mERROR[m] To see the full stack trace of the errors, re-run Maven with the [1m-e[m switch.
[[1;31mERROR[m] Re-run Maven using the [1m-X[m switch to enable full debug logging.
[[1;31mERROR[m] 
[[1;31mERROR[m] For more information about the errors and possible solutions, please read the following articles:
[[1;31mERROR[m] [1m[Help 1][m http://cwiki.apache.org/confluence/display/MAVEN/MojoFailureException