[[1;34mINFO[m] Scanning for projects...
[[1;33mWARNING[m] 
[[1;33mWARNING[m] Some problems were encountered while building the effective model for org.apache.maven:apache-maven:jar:3.0-SNAPSHOT
[[1;33mWARNING[m] The expression ${pom.version} is deprecated. Please use ${project.version} instead.
[[1;33mWARNING[m] 
[[1;33mWARNING[m] It is highly recommended to fix these problems because they threaten the stability of your build.
[[1;33mWARNING[m] 
[[1;33mWARNING[m] For this reason, future Maven versions might no longer support building such malformed projects.
[[1;33mWARNING[m] 
[[1;34mINFO[m] [1m------------------------------------------------------------------------[m
[[1;34mINFO[m] [1mReactor Build Order:[m
[[1;34mINFO[m] 
[[1;34mINFO[m] Apache Maven                                                       [pom]
[[1;34mINFO[m] Maven Lifecycle Model                                              [jar]
[[1;34mINFO[m] Maven Reporting API                                                [jar]
[[1;34mINFO[m] Maven Model                                                        [jar]
[[1;34mINFO[m] Maven Compat                                                       [jar]
[[1;34mINFO[m] Maven Plugin API                                                   [jar]
[[1;34mINFO[m] Maven Project Builder                                              [jar]
[[1;34mINFO[m] Maven Mercury                                                      [jar]
[[1;34mINFO[m] Maven Project                                                      [jar]
[[1;34mINFO[m] Maven Core                                                         [jar]
[[1;34mINFO[m] Maven Toolchains                                                   [jar]
[[1;34mINFO[m] Maven Embedder                                                     [jar]
[[1;34mINFO[m] Maven Distribution                                                 [jar]
[[1;34mINFO[m] 
[[1;34mINFO[m] [1m-----------------------< [0;36morg.apache.maven:maven[0;1m >-----------------------[m
[[1;34mINFO[m] [1mBuilding Apache Maven 3.0-SNAPSHOT                                [1/13][m
[[1;34mINFO[m] [1m--------------------------------[ pom ]---------------------------------[m
[[1;34mINFO[m] 
[[1;34mINFO[m] [1m--- [0;32mmaven-remote-resources-plugin:1.0:process[m [1m(default)[m @ [36mmaven[0;1m ---[m
[[1;34mINFO[m] Setting property: classpath.resource.loader.class => 'org.codehaus.plexus.velocity.ContextClassLoaderResourceLoader'.
[[1;34mINFO[m] Setting property: velocimacro.messages.on => 'false'.
[[1;34mINFO[m] Setting property: resource.loader => 'classpath'.
[[1;34mINFO[m] Setting property: resource.manager.logwhenfound => 'false'.
[[1;34mINFO[m] 
[[1;34mINFO[m] [1m--- [0;32mmaven-install-plugin:2.2:install[m [1m(default-install)[m @ [36mmaven[0;1m ---[m
[[1;34mINFO[m] Installing /home/user/Workspace/reproducibility/Reproducibility-Scanner/benchmarks/bugs-dot-jar/maven/pom.xml to /home/user/.m2/repository/org/apache/maven/maven/3.0-SNAPSHOT/maven-3.0-SNAPSHOT.pom
[[1;34mINFO[m] 
[[1;34mINFO[m] [1m------------------< [0;36morg.apache.maven:maven-lifecycle[0;1m >------------------[m
[[1;34mINFO[m] [1mBuilding Maven Lifecycle Model 3.0-SNAPSHOT                       [2/13][m
[[1;34mINFO[m] [1m--------------------------------[ jar ]---------------------------------[m
Downloading from centralhttps: http://insecure.repo1.maven.org/maven2/org/codehaus/modello/modello-maven-plugin/1.0-alpha-22/modello-maven-plugin-1.0-alpha-22.pom
Downloaded from centralhttps: http://insecure.repo1.maven.org/maven2/org/codehaus/modello/modello-maven-plugin/1.0-alpha-22/modello-maven-plugin-1.0-alpha-22.pom (0 B at 0 B/s)
Downloading from centralhttps: http://insecure.repo1.maven.org/maven2/org/codehaus/modello/modello/1.0-alpha-22/modello-1.0-alpha-22.pom
Downloaded from centralhttps: http://insecure.repo1.maven.org/maven2/org/codehaus/modello/modello/1.0-alpha-22/modello-1.0-alpha-22.pom (0 B at 0 B/s)
Downloading from centralhttps: http://insecure.repo1.maven.org/maven2/org/codehaus/modello/modello-maven-plugin/1.0-alpha-22/modello-maven-plugin-1.0-alpha-22.jar
Downloaded from centralhttps: http://insecure.repo1.maven.org/maven2/org/codehaus/modello/modello-maven-plugin/1.0-alpha-22/modello-maven-plugin-1.0-alpha-22.jar (0 B at 0 B/s)
Downloading from centralhttps: http://insecure.repo1.maven.org/maven2/org/apache/maven/plugins/maven-resources-plugin/2.3/maven-resources-plugin-2.3.pom
Downloaded from centralhttps: http://insecure.repo1.maven.org/maven2/org/apache/maven/plugins/maven-resources-plugin/2.3/maven-resources-plugin-2.3.pom (0 B at 0 B/s)
Downloading from centralhttps: http://insecure.repo1.maven.org/maven2/org/apache/maven/plugins/maven-resources-plugin/2.3/maven-resources-plugin-2.3.jar
Downloaded from centralhttps: http://insecure.repo1.maven.org/maven2/org/apache/maven/plugins/maven-resources-plugin/2.3/maven-resources-plugin-2.3.jar (0 B at 0 B/s)
Downloading from centralhttps: http://insecure.repo1.maven.org/maven2/org/apache/maven/plugins/maven-jar-plugin/2.1/maven-jar-plugin-2.1.pom
Downloaded from centralhttps: http://insecure.repo1.maven.org/maven2/org/apache/maven/plugins/maven-jar-plugin/2.1/maven-jar-plugin-2.1.pom (0 B at 0 B/s)
Downloading from centralhttps: http://insecure.repo1.maven.org/maven2/org/apache/maven/plugins/maven-plugins/3/maven-plugins-3.pom
Downloaded from centralhttps: http://insecure.repo1.maven.org/maven2/org/apache/maven/plugins/maven-plugins/3/maven-plugins-3.pom (0 B at 0 B/s)
Downloading from centralhttps: http://insecure.repo1.maven.org/maven2/org/apache/maven/plugins/maven-jar-plugin/2.1/maven-jar-plugin-2.1.jar
Downloaded from centralhttps: http://insecure.repo1.maven.org/maven2/org/apache/maven/plugins/maven-jar-plugin/2.1/maven-jar-plugin-2.1.jar (0 B at 0 B/s)
Downloading from centralhttps: http://insecure.repo1.maven.org/maven2/org/codehaus/plexus/plexus-container-default/1.0-beta-3.0.5/plexus-container-default-1.0-beta-3.0.5.pom
Downloaded from centralhttps: http://insecure.repo1.maven.org/maven2/org/codehaus/plexus/plexus-container-default/1.0-beta-3.0.5/plexus-container-default-1.0-beta-3.0.5.pom (0 B at 0 B/s)
Downloading from centralhttps: http://insecure.repo1.maven.org/maven2/org/codehaus/plexus/plexus-containers/1.0-beta-3.0.5/plexus-containers-1.0-beta-3.0.5.pom
Downloaded from centralhttps: http://insecure.repo1.maven.org/maven2/org/codehaus/plexus/plexus-containers/1.0-beta-3.0.5/plexus-containers-1.0-beta-3.0.5.pom (0 B at 0 B/s)
Downloading from centralhttps: http://insecure.repo1.maven.org/maven2/org/codehaus/plexus/plexus-classworlds/1.3/plexus-classworlds-1.3.pom
Downloaded from centralhttps: http://insecure.repo1.maven.org/maven2/org/codehaus/plexus/plexus-classworlds/1.3/plexus-classworlds-1.3.pom (0 B at 0 B/s)
Downloading from centralhttps: http://insecure.repo1.maven.org/maven2/org/codehaus/plexus/plexus/2.0.0/plexus-2.0.0.pom
Downloaded from centralhttps: http://insecure.repo1.maven.org/maven2/org/codehaus/plexus/plexus/2.0.0/plexus-2.0.0.pom (0 B at 0 B/s)
Downloading from centralhttps: http://insecure.repo1.maven.org/maven2/org/codehaus/plexus/plexus-container-default/1.0-beta-3.0.5/plexus-container-default-1.0-beta-3.0.5.jar
Downloading from centralhttps: http://insecure.repo1.maven.org/maven2/org/codehaus/plexus/plexus-classworlds/1.3/plexus-classworlds-1.3.jar
Downloaded from centralhttps: http://insecure.repo1.maven.org/maven2/org/codehaus/plexus/plexus-container-default/1.0-beta-3.0.5/plexus-container-default-1.0-beta-3.0.5.jar (0 B at 0 B/s)
Downloaded from centralhttps: http://insecure.repo1.maven.org/maven2/org/codehaus/plexus/plexus-classworlds/1.3/plexus-classworlds-1.3.jar (0 B at 0 B/s)
[[1;34mINFO[m] 
[[1;34mINFO[m] [1m--- [0;32mmodello-maven-plugin:1.0-alpha-22:java[m [1m(standard)[m @ [36mmaven-lifecycle[0;1m ---[m
Downloading from centralhttps: http://insecure.repo1.maven.org/maven2/org/codehaus/modello/modello-core/1.0-alpha-22/modello-core-1.0-alpha-22.pom
Downloaded from centralhttps: http://insecure.repo1.maven.org/maven2/org/codehaus/modello/modello-core/1.0-alpha-22/modello-core-1.0-alpha-22.pom (0 B at 0 B/s)
Downloading from centralhttps: http://insecure.repo1.maven.org/maven2/org/codehaus/modello/modello-plugin-converters/1.0-alpha-22/modello-plugin-converters-1.0-alpha-22.pom
Downloaded from centralhttps: http://insecure.repo1.maven.org/maven2/org/codehaus/modello/modello-plugin-converters/1.0-alpha-22/modello-plugin-converters-1.0-alpha-22.pom (0 B at 0 B/s)
Downloading from centralhttps: http://insecure.repo1.maven.org/maven2/org/codehaus/modello/modello-plugins/1.0-alpha-22/modello-plugins-1.0-alpha-22.pom
Downloaded from centralhttps: http://insecure.repo1.maven.org/maven2/org/codehaus/modello/modello-plugins/1.0-alpha-22/modello-plugins-1.0-alpha-22.pom (0 B at 0 B/s)
Downloading from centralhttps: http://insecure.repo1.maven.org/maven2/org/codehaus/modello/modello-plugin-dom4j/1.0-alpha-22/modello-plugin-dom4j-1.0-alpha-22.pom
Downloaded from centralhttps: http://insecure.repo1.maven.org/maven2/org/codehaus/modello/modello-plugin-dom4j/1.0-alpha-22/modello-plugin-dom4j-1.0-alpha-22.pom (0 B at 0 B/s)
Downloading from centralhttps: http://insecure.repo1.maven.org/maven2/org/codehaus/modello/modello-plugin-xml/1.0-alpha-22/modello-plugin-xml-1.0-alpha-22.pom
Downloaded from centralhttps: http://insecure.repo1.maven.org/maven2/org/codehaus/modello/modello-plugin-xml/1.0-alpha-22/modello-plugin-xml-1.0-alpha-22.pom (0 B at 0 B/s)
Downloading from centralhttps: http://insecure.repo1.maven.org/maven2/org/codehaus/modello/modello-plugin-jdom/1.0-alpha-22/modello-plugin-jdom-1.0-alpha-22.pom
Downloaded from centralhttps: http://insecure.repo1.maven.org/maven2/org/codehaus/modello/modello-plugin-jdom/1.0-alpha-22/modello-plugin-jdom-1.0-alpha-22.pom (0 B at 0 B/s)
Downloading from centralhttps: http://insecure.repo1.maven.org/maven2/org/codehaus/modello/modello-plugin-stax/1.0-alpha-22/modello-plugin-stax-1.0-alpha-22.pom
Downloaded from centralhttps: http://insecure.repo1.maven.org/maven2/org/codehaus/modello/modello-plugin-stax/1.0-alpha-22/modello-plugin-stax-1.0-alpha-22.pom (0 B at 0 B/s)
Downloading from centralhttps: http://insecure.repo1.maven.org/maven2/org/codehaus/modello/modello-plugin-xdoc/1.0-alpha-22/modello-plugin-xdoc-1.0-alpha-22.pom
Downloaded from centralhttps: http://insecure.repo1.maven.org/maven2/org/codehaus/modello/modello-plugin-xdoc/1.0-alpha-22/modello-plugin-xdoc-1.0-alpha-22.pom (0 B at 0 B/s)
Downloading from centralhttps: http://insecure.repo1.maven.org/maven2/org/codehaus/modello/modello-plugin-xpp3/1.0-alpha-22/modello-plugin-xpp3-1.0-alpha-22.pom
Downloaded from centralhttps: http://insecure.repo1.maven.org/maven2/org/codehaus/modello/modello-plugin-xpp3/1.0-alpha-22/modello-plugin-xpp3-1.0-alpha-22.pom (0 B at 0 B/s)
Downloading from centralhttps: http://insecure.repo1.maven.org/maven2/org/codehaus/modello/modello-plugin-xsd/1.0-alpha-22/modello-plugin-xsd-1.0-alpha-22.pom
Downloaded from centralhttps: http://insecure.repo1.maven.org/maven2/org/codehaus/modello/modello-plugin-xsd/1.0-alpha-22/modello-plugin-xsd-1.0-alpha-22.pom (0 B at 0 B/s)
Downloading from centralhttps: http://insecure.repo1.maven.org/maven2/org/codehaus/modello/modello-core/1.0-alpha-22/modello-core-1.0-alpha-22.jar
Downloading from centralhttps: http://insecure.repo1.maven.org/maven2/org/codehaus/modello/modello-plugin-converters/1.0-alpha-22/modello-plugin-converters-1.0-alpha-22.jar
Downloading from centralhttps: http://insecure.repo1.maven.org/maven2/org/codehaus/modello/modello-plugin-jdom/1.0-alpha-22/modello-plugin-jdom-1.0-alpha-22.jar
Downloading from centralhttps: http://insecure.repo1.maven.org/maven2/org/codehaus/modello/modello-plugin-xml/1.0-alpha-22/modello-plugin-xml-1.0-alpha-22.jar
Downloading from centralhttps: http://insecure.repo1.maven.org/maven2/org/codehaus/modello/modello-plugin-dom4j/1.0-alpha-22/modello-plugin-dom4j-1.0-alpha-22.jar
Downloaded from centralhttps: http://insecure.repo1.maven.org/maven2/org/codehaus/modello/modello-plugin-converters/1.0-alpha-22/modello-plugin-converters-1.0-alpha-22.jar (0 B at 0 B/s)
Downloading from centralhttps: http://insecure.repo1.maven.org/maven2/org/codehaus/modello/modello-plugin-stax/1.0-alpha-22/modello-plugin-stax-1.0-alpha-22.jar
Downloaded from centralhttps: http://insecure.repo1.maven.org/maven2/org/codehaus/modello/modello-plugin-jdom/1.0-alpha-22/modello-plugin-jdom-1.0-alpha-22.jar (0 B at 0 B/s)
Downloading from centralhttps: http://insecure.repo1.maven.org/maven2/org/codehaus/modello/modello-plugin-xdoc/1.0-alpha-22/modello-plugin-xdoc-1.0-alpha-22.jar
Downloaded from centralhttps: http://insecure.repo1.maven.org/maven2/org/codehaus/modello/modello-plugin-dom4j/1.0-alpha-22/modello-plugin-dom4j-1.0-alpha-22.jar (0 B at 0 B/s)
Downloading from centralhttps: http://insecure.repo1.maven.org/maven2/org/codehaus/modello/modello-plugin-xpp3/1.0-alpha-22/modello-plugin-xpp3-1.0-alpha-22.jar
Downloaded from centralhttps: http://insecure.repo1.maven.org/maven2/org/codehaus/modello/modello-plugin-xml/1.0-alpha-22/modello-plugin-xml-1.0-alpha-22.jar (0 B at 0 B/s)
Downloading from centralhttps: http://insecure.repo1.maven.org/maven2/org/codehaus/modello/modello-plugin-xsd/1.0-alpha-22/modello-plugin-xsd-1.0-alpha-22.jar
Downloaded from centralhttps: http://insecure.repo1.maven.org/maven2/org/codehaus/modello/modello-core/1.0-alpha-22/modello-core-1.0-alpha-22.jar (0 B at 0 B/s)
Downloaded from centralhttps: http://insecure.repo1.maven.org/maven2/org/codehaus/modello/modello-plugin-xdoc/1.0-alpha-22/modello-plugin-xdoc-1.0-alpha-22.jar (0 B at 0 B/s)
Downloaded from centralhttps: http://insecure.repo1.maven.org/maven2/org/codehaus/modello/modello-plugin-stax/1.0-alpha-22/modello-plugin-stax-1.0-alpha-22.jar (0 B at 0 B/s)
Downloaded from centralhttps: http://insecure.repo1.maven.org/maven2/org/codehaus/modello/modello-plugin-xpp3/1.0-alpha-22/modello-plugin-xpp3-1.0-alpha-22.jar (0 B at 0 B/s)
Downloaded from centralhttps: http://insecure.repo1.maven.org/maven2/org/codehaus/modello/modello-plugin-xsd/1.0-alpha-22/modello-plugin-xsd-1.0-alpha-22.jar (0 B at 0 B/s)
[[1;34mINFO[m] outputDirectory: /home/user/Workspace/reproducibility/Reproducibility-Scanner/benchmarks/bugs-dot-jar/maven/maven-lifecycle/target/generated-sources/modello
[[1;34mINFO[m] Working on model: src/main/mdo/maven-lifecycle.mdo
[[1;34mINFO[m] Generating current version: 1.0.0
[[1;34mINFO[m] 
[[1;34mINFO[m] [1m--- [0;32mmodello-maven-plugin:1.0-alpha-22:xpp3-reader[m [1m(standard)[m @ [36mmaven-lifecycle[0;1m ---[m
[[1;34mINFO[m] outputDirectory: /home/user/Workspace/reproducibility/Reproducibility-Scanner/benchmarks/bugs-dot-jar/maven/maven-lifecycle/target/generated-sources/modello
[[1;34mINFO[m] Working on model: src/main/mdo/maven-lifecycle.mdo
[[1;34mINFO[m] Generating current version: 1.0.0
[[1;34mINFO[m] 
[[1;34mINFO[m] [1m--- [0;32mmodello-maven-plugin:1.0-alpha-22:xpp3-writer[m [1m(standard)[m @ [36mmaven-lifecycle[0;1m ---[m
[[1;34mINFO[m] outputDirectory: /home/user/Workspace/reproducibility/Reproducibility-Scanner/benchmarks/bugs-dot-jar/maven/maven-lifecycle/target/generated-sources/modello
[[1;34mINFO[m] Working on model: src/main/mdo/maven-lifecycle.mdo
[[1;34mINFO[m] Generating current version: 1.0.0
[[1;34mINFO[m] 
[[1;34mINFO[m] [1m--- [0;32mmaven-remote-resources-plugin:1.0:process[m [1m(default)[m @ [36mmaven-lifecycle[0;1m ---[m
[[1;34mINFO[m] 
[[1;34mINFO[m] [1m--- [0;32mmaven-resources-plugin:2.3:resources[m [1m(default-resources)[m @ [36mmaven-lifecycle[0;1m ---[m
[[1;34mINFO[m] Using 'UTF-8' encoding to copy filtered resources.
[[1;34mINFO[m] skip non existing resourceDirectory /home/user/Workspace/reproducibility/Reproducibility-Scanner/benchmarks/bugs-dot-jar/maven/maven-lifecycle/src/main/resources
[[1;34mINFO[m] Copying 3 resources
[[1;34mINFO[m] 
[[1;34mINFO[m] [1m--- [0;32mmaven-compiler-plugin:2.0.2:compile[m [1m(default-compile)[m @ [36mmaven-lifecycle[0;1m ---[m
[[1;34mINFO[m] Compiling 18 source files to /home/user/Workspace/reproducibility/Reproducibility-Scanner/benchmarks/bugs-dot-jar/maven/maven-lifecycle/target/classes
[[1;34mINFO[m] 
[[1;34mINFO[m] [1m--- [0;32mmaven-resources-plugin:2.3:testResources[m [1m(default-testResources)[m @ [36mmaven-lifecycle[0;1m ---[m
[[1;34mINFO[m] Using 'UTF-8' encoding to copy filtered resources.
[[1;34mINFO[m] Copying 2 resources
[[1;34mINFO[m] Copying 3 resources
[[1;34mINFO[m] 
[[1;34mINFO[m] [1m--- [0;32mmaven-compiler-plugin:2.0.2:testCompile[m [1m(default-testCompile)[m @ [36mmaven-lifecycle[0;1m ---[m
[[1;34mINFO[m] Compiling 2 source files to /home/user/Workspace/reproducibility/Reproducibility-Scanner/benchmarks/bugs-dot-jar/maven/maven-lifecycle/target/test-classes
[[1;34mINFO[m] 
[[1;34mINFO[m] [1m--- [0;32mmaven-surefire-plugin:2.4.2:test[m [1m(default-test)[m @ [36mmaven-lifecycle[0;1m ---[m
[[1;34mINFO[m] Tests are skipped.
[[1;34mINFO[m] 
[[1;34mINFO[m] [1m--- [0;32mmaven-jar-plugin:2.1:jar[m [1m(default-jar)[m @ [36mmaven-lifecycle[0;1m ---[m
[[1;34mINFO[m] Building jar: /home/user/Workspace/reproducibility/Reproducibility-Scanner/benchmarks/bugs-dot-jar/maven/maven-lifecycle/target/maven-lifecycle-3.0-SNAPSHOT.jar
[[1;34mINFO[m] 
[[1;34mINFO[m] [1m--- [0;32mmaven-install-plugin:2.2:install[m [1m(default-install)[m @ [36mmaven-lifecycle[0;1m ---[m
[[1;34mINFO[m] Installing /home/user/Workspace/reproducibility/Reproducibility-Scanner/benchmarks/bugs-dot-jar/maven/maven-lifecycle/target/maven-lifecycle-3.0-SNAPSHOT.jar to /home/user/.m2/repository/org/apache/maven/maven-lifecycle/3.0-SNAPSHOT/maven-lifecycle-3.0-SNAPSHOT.jar
[[1;34mINFO[m] Installing /home/user/Workspace/reproducibility/Reproducibility-Scanner/benchmarks/bugs-dot-jar/maven/maven-lifecycle/pom.xml to /home/user/.m2/repository/org/apache/maven/maven-lifecycle/3.0-SNAPSHOT/maven-lifecycle-3.0-SNAPSHOT.pom
[[1;34mINFO[m] 
[[1;34mINFO[m] [1m----------------< [0;36morg.apache.maven:maven-reporting-api[0;1m >----------------[m
[[1;34mINFO[m] [1mBuilding Maven Reporting API 3.0-SNAPSHOT                         [3/13][m
[[1;34mINFO[m] [1m--------------------------------[ jar ]---------------------------------[m
[[1;34mINFO[m] 
[[1;34mINFO[m] [1m--- [0;32mmaven-remote-resources-plugin:1.0:process[m [1m(default)[m @ [36mmaven-reporting-api[0;1m ---[m
[[1;34mINFO[m] 
[[1;34mINFO[m] [1m--- [0;32mmaven-resources-plugin:2.3:resources[m [1m(default-resources)[m @ [36mmaven-reporting-api[0;1m ---[m
[[1;34mINFO[m] Using 'UTF-8' encoding to copy filtered resources.
[[1;34mINFO[m] Copying 1 resource
[[1;34mINFO[m] Copying 3 resources
[[1;34mINFO[m] 
[[1;34mINFO[m] [1m--- [0;32mmaven-compiler-plugin:2.0.2:compile[m [1m(default-compile)[m @ [36mmaven-reporting-api[0;1m ---[m
[[1;34mINFO[m] Compiling 4 source files to /home/user/Workspace/reproducibility/Reproducibility-Scanner/benchmarks/bugs-dot-jar/maven/maven-reporting-api/target/classes
[[1;34mINFO[m] 
[[1;34mINFO[m] [1m--- [0;32mmaven-resources-plugin:2.3:testResources[m [1m(default-testResources)[m @ [36mmaven-reporting-api[0;1m ---[m
[[1;34mINFO[m] Using 'UTF-8' encoding to copy filtered resources.
[[1;34mINFO[m] skip non existing resourceDirectory /home/user/Workspace/reproducibility/Reproducibility-Scanner/benchmarks/bugs-dot-jar/maven/maven-reporting-api/src/test/resources
[[1;34mINFO[m] Copying 3 resources
[[1;34mINFO[m] 
[[1;34mINFO[m] [1m--- [0;32mmaven-compiler-plugin:2.0.2:testCompile[m [1m(default-testCompile)[m @ [36mmaven-reporting-api[0;1m ---[m
[[1;34mINFO[m] No sources to compile
[[1;34mINFO[m] 
[[1;34mINFO[m] [1m--- [0;32mmaven-surefire-plugin:2.4.2:test[m [1m(default-test)[m @ [36mmaven-reporting-api[0;1m ---[m
[[1;34mINFO[m] Tests are skipped.
[[1;34mINFO[m] 
[[1;34mINFO[m] [1m--- [0;32mmaven-jar-plugin:2.1:jar[m [1m(default-jar)[m @ [36mmaven-reporting-api[0;1m ---[m
[[1;34mINFO[m] Building jar: /home/user/Workspace/reproducibility/Reproducibility-Scanner/benchmarks/bugs-dot-jar/maven/maven-reporting-api/target/maven-reporting-api-3.0-SNAPSHOT.jar
[[1;34mINFO[m] 
[[1;34mINFO[m] [1m--- [0;32mmaven-install-plugin:2.2:install[m [1m(default-install)[m @ [36mmaven-reporting-api[0;1m ---[m
[[1;34mINFO[m] Installing /home/user/Workspace/reproducibility/Reproducibility-Scanner/benchmarks/bugs-dot-jar/maven/maven-reporting-api/target/maven-reporting-api-3.0-SNAPSHOT.jar to /home/user/.m2/repository/org/apache/maven/maven-reporting-api/3.0-SNAPSHOT/maven-reporting-api-3.0-SNAPSHOT.jar
[[1;34mINFO[m] Installing /home/user/Workspace/reproducibility/Reproducibility-Scanner/benchmarks/bugs-dot-jar/maven/maven-reporting-api/pom.xml to /home/user/.m2/repository/org/apache/maven/maven-reporting-api/3.0-SNAPSHOT/maven-reporting-api-3.0-SNAPSHOT.pom
[[1;34mINFO[m] 
[[1;34mINFO[m] [1m--------------------< [0;36morg.apache.maven:maven-model[0;1m >--------------------[m
[[1;34mINFO[m] [1mBuilding Maven Model 3.0-SNAPSHOT                                 [4/13][m
[[1;34mINFO[m] [1m--------------------------------[ jar ]---------------------------------[m
[[1;34mINFO[m] 
[[1;34mINFO[m] [1m--- [0;32mmodello-maven-plugin:1.0-alpha-22:java[m [1m(standard)[m @ [36mmaven-model[0;1m ---[m
[[1;34mINFO[m] outputDirectory: /home/user/Workspace/reproducibility/Reproducibility-Scanner/benchmarks/bugs-dot-jar/maven/maven-model/target/generated-sources/modello
[[1;34mINFO[m] Working on model: src/main/mdo/maven.mdo
[[1;34mINFO[m] Generating current version: 4.0.0
[[1;34mINFO[m] 
[[1;34mINFO[m] [1m--- [0;32mmodello-maven-plugin:1.0-alpha-22:xpp3-reader[m [1m(standard)[m @ [36mmaven-model[0;1m ---[m
[[1;34mINFO[m] outputDirectory: /home/user/Workspace/reproducibility/Reproducibility-Scanner/benchmarks/bugs-dot-jar/maven/maven-model/target/generated-sources/modello
[[1;34mINFO[m] Working on model: src/main/mdo/maven.mdo
[[1;34mINFO[m] Generating current version: 4.0.0
[[1;34mINFO[m] 
[[1;34mINFO[m] [1m--- [0;32mmodello-maven-plugin:1.0-alpha-22:xpp3-writer[m [1m(standard)[m @ [36mmaven-model[0;1m ---[m
[[1;34mINFO[m] outputDirectory: /home/user/Workspace/reproducibility/Reproducibility-Scanner/benchmarks/bugs-dot-jar/maven/maven-model/target/generated-sources/modello
[[1;34mINFO[m] Working on model: src/main/mdo/maven.mdo
[[1;34mINFO[m] Generating current version: 4.0.0
[[1;34mINFO[m] 
[[1;34mINFO[m] [1m--- [0;32mmaven-remote-resources-plugin:1.0:process[m [1m(default)[m @ [36mmaven-model[0;1m ---[m
[[1;34mINFO[m] 
[[1;34mINFO[m] [1m--- [0;32mmaven-resources-plugin:2.3:resources[m [1m(default-resources)[m @ [36mmaven-model[0;1m ---[m
[[1;34mINFO[m] Using 'UTF-8' encoding to copy filtered resources.
[[1;34mINFO[m] skip non existing resourceDirectory /home/user/Workspace/reproducibility/Reproducibility-Scanner/benchmarks/bugs-dot-jar/maven/maven-model/src/main/resources
[[1;34mINFO[m] Copying 3 resources
[[1;34mINFO[m] 
[[1;34mINFO[m] [1m--- [0;32mmaven-compiler-plugin:2.0.2:compile[m [1m(default-compile)[m @ [36mmaven-model[0;1m ---[m
[[1;34mINFO[m] Compiling 45 source files to /home/user/Workspace/reproducibility/Reproducibility-Scanner/benchmarks/bugs-dot-jar/maven/maven-model/target/classes
[[1;34mINFO[m] 
[[1;34mINFO[m] [1m--- [0;32mmaven-resources-plugin:2.3:testResources[m [1m(default-testResources)[m @ [36mmaven-model[0;1m ---[m
[[1;34mINFO[m] Using 'UTF-8' encoding to copy filtered resources.
[[1;34mINFO[m] skip non existing resourceDirectory /home/user/Workspace/reproducibility/Reproducibility-Scanner/benchmarks/bugs-dot-jar/maven/maven-model/src/test/resources
[[1;34mINFO[m] Copying 3 resources
[[1;34mINFO[m] 
[[1;34mINFO[m] [1m--- [0;32mmaven-compiler-plugin:2.0.2:testCompile[m [1m(default-testCompile)[m @ [36mmaven-model[0;1m ---[m
[[1;34mINFO[m] Compiling 37 source files to /home/user/Workspace/reproducibility/Reproducibility-Scanner/benchmarks/bugs-dot-jar/maven/maven-model/target/test-classes
[[1;34mINFO[m] 
[[1;34mINFO[m] [1m--- [0;32mmaven-surefire-plugin:2.4.2:test[m [1m(default-test)[m @ [36mmaven-model[0;1m ---[m
[[1;34mINFO[m] Tests are skipped.
[[1;34mINFO[m] 
[[1;34mINFO[m] [1m--- [0;32mmaven-jar-plugin:2.1:jar[m [1m(default-jar)[m @ [36mmaven-model[0;1m ---[m
[[1;34mINFO[m] Building jar: /home/user/Workspace/reproducibility/Reproducibility-Scanner/benchmarks/bugs-dot-jar/maven/maven-model/target/maven-model-3.0-SNAPSHOT.jar
[[1;34mINFO[m] 
[[1;34mINFO[m] [1m--- [0;32mmaven-install-plugin:2.2:install[m [1m(default-install)[m @ [36mmaven-model[0;1m ---[m
[[1;34mINFO[m] Installing /home/user/Workspace/reproducibility/Reproducibility-Scanner/benchmarks/bugs-dot-jar/maven/maven-model/target/maven-model-3.0-SNAPSHOT.jar to /home/user/.m2/repository/org/apache/maven/maven-model/3.0-SNAPSHOT/maven-model-3.0-SNAPSHOT.jar
[[1;34mINFO[m] Installing /home/user/Workspace/reproducibility/Reproducibility-Scanner/benchmarks/bugs-dot-jar/maven/maven-model/pom.xml to /home/user/.m2/repository/org/apache/maven/maven-model/3.0-SNAPSHOT/maven-model-3.0-SNAPSHOT.pom
[[1;34mINFO[m] 
[[1;34mINFO[m] [1m-------------------< [0;36morg.apache.maven:maven-compat[0;1m >--------------------[m
[[1;34mINFO[m] [1mBuilding Maven Compat 3.0-SNAPSHOT                                [5/13][m
[[1;34mINFO[m] [1m--------------------------------[ jar ]---------------------------------[m
Downloading from centralhttps: http://insecure.repo1.maven.org/maven2/org/codehaus/plexus/plexus-component-metadata/1.0-beta-3.0.5/plexus-component-metadata-1.0-beta-3.0.5.pom
Downloaded from centralhttps: http://insecure.repo1.maven.org/maven2/org/codehaus/plexus/plexus-component-metadata/1.0-beta-3.0.5/plexus-component-metadata-1.0-beta-3.0.5.pom (0 B at 0 B/s)
Downloading from centralhttps: http://insecure.repo1.maven.org/maven2/org/codehaus/plexus/plexus-component-metadata/1.0-beta-3.0.5/plexus-component-metadata-1.0-beta-3.0.5.jar
Downloaded from centralhttps: http://insecure.repo1.maven.org/maven2/org/codehaus/plexus/plexus-component-metadata/1.0-beta-3.0.5/plexus-component-metadata-1.0-beta-3.0.5.jar (0 B at 0 B/s)
Downloading from centralhttps: http://insecure.repo1.maven.org/maven2/org/codehaus/plexus/plexus-component-annotations/1.0-beta-3.0.5/plexus-component-annotations-1.0-beta-3.0.5.pom
Downloaded from centralhttps: http://insecure.repo1.maven.org/maven2/org/codehaus/plexus/plexus-component-annotations/1.0-beta-3.0.5/plexus-component-annotations-1.0-beta-3.0.5.pom (0 B at 0 B/s)
Downloading from centralhttps: http://insecure.repo1.maven.org/maven2/org/apache/maven/wagon/wagon-file/1.0-beta-4/wagon-file-1.0-beta-4.pom
Downloaded from centralhttps: http://insecure.repo1.maven.org/maven2/org/apache/maven/wagon/wagon-file/1.0-beta-4/wagon-file-1.0-beta-4.pom (0 B at 0 B/s)
Downloading from centralhttps: http://insecure.repo1.maven.org/maven2/org/apache/maven/wagon/wagon-providers/1.0-beta-4/wagon-providers-1.0-beta-4.pom
Downloaded from centralhttps: http://insecure.repo1.maven.org/maven2/org/apache/maven/wagon/wagon-providers/1.0-beta-4/wagon-providers-1.0-beta-4.pom (0 B at 0 B/s)
Downloading from centralhttps: http://insecure.repo1.maven.org/maven2/org/codehaus/plexus/plexus-component-annotations/1.0-beta-3.0.5/plexus-component-annotations-1.0-beta-3.0.5.jar
Downloading from centralhttps: http://insecure.repo1.maven.org/maven2/org/apache/maven/wagon/wagon-file/1.0-beta-4/wagon-file-1.0-beta-4.jar
Downloaded from centralhttps: http://insecure.repo1.maven.org/maven2/org/codehaus/plexus/plexus-component-annotations/1.0-beta-3.0.5/plexus-component-annotations-1.0-beta-3.0.5.jar (0 B at 0 B/s)
Downloaded from centralhttps: http://insecure.repo1.maven.org/maven2/org/apache/maven/wagon/wagon-file/1.0-beta-4/wagon-file-1.0-beta-4.jar (0 B at 0 B/s)
[[1;34mINFO[m] 
[[1;34mINFO[m] [1m--- [0;32mmodello-maven-plugin:1.0-alpha-22:java[m [1m(standard)[m @ [36mmaven-compat[0;1m ---[m
[[1;34mINFO[m] outputDirectory: /home/user/Workspace/reproducibility/Reproducibility-Scanner/benchmarks/bugs-dot-jar/maven/maven-compat/target/generated-sources/modello
[[1;34mINFO[m] Working on model: src/main/mdo/metadata.mdo
[[1;34mINFO[m] Generating current version: 1.0.0
[[1;34mINFO[m] 
[[1;34mINFO[m] [1m--- [0;32mmodello-maven-plugin:1.0-alpha-22:xpp3-reader[m [1m(standard)[m @ [36mmaven-compat[0;1m ---[m
[[1;34mINFO[m] outputDirectory: /home/user/Workspace/reproducibility/Reproducibility-Scanner/benchmarks/bugs-dot-jar/maven/maven-compat/target/generated-sources/modello
[[1;34mINFO[m] Working on model: src/main/mdo/metadata.mdo
[[1;34mINFO[m] Generating current version: 1.0.0
[[1;34mINFO[m] 
[[1;34mINFO[m] [1m--- [0;32mmodello-maven-plugin:1.0-alpha-22:xpp3-writer[m [1m(standard)[m @ [36mmaven-compat[0;1m ---[m
[[1;34mINFO[m] outputDirectory: /home/user/Workspace/reproducibility/Reproducibility-Scanner/benchmarks/bugs-dot-jar/maven/maven-compat/target/generated-sources/modello
[[1;34mINFO[m] Working on model: src/main/mdo/metadata.mdo
[[1;34mINFO[m] Generating current version: 1.0.0
[[1;34mINFO[m] 
[[1;34mINFO[m] [1m--- [0;32mmaven-remote-resources-plugin:1.0:process[m [1m(default)[m @ [36mmaven-compat[0;1m ---[m
[[1;34mINFO[m] 
[[1;34mINFO[m] [1m--- [0;32mmaven-resources-plugin:2.3:resources[m [1m(default-resources)[m @ [36mmaven-compat[0;1m ---[m
[[1;34mINFO[m] Using 'UTF-8' encoding to copy filtered resources.
[[1;34mINFO[m] skip non existing resourceDirectory /home/user/Workspace/reproducibility/Reproducibility-Scanner/benchmarks/bugs-dot-jar/maven/maven-compat/src/main/resources
[[1;34mINFO[m] Copying 3 resources
[[1;34mINFO[m] 
[[1;34mINFO[m] [1m--- [0;32mmaven-compiler-plugin:2.0.2:compile[m [1m(default-compile)[m @ [36mmaven-compat[0;1m ---[m
[[1;34mINFO[m] Compiling 142 source files to /home/user/Workspace/reproducibility/Reproducibility-Scanner/benchmarks/bugs-dot-jar/maven/maven-compat/target/classes
[[1;34mINFO[m] 
[[1;34mINFO[m] [1m--- [0;32mplexus-component-metadata:1.0-beta-3.0.5:generate-metadata[m [1m(default)[m @ [36mmaven-compat[0;1m ---[m
Downloading from centralhttps: http://insecure.repo1.maven.org/maven2/org/codehaus/plexus/plexus-classworlds/1.4/plexus-classworlds-1.4.pom
Downloaded from centralhttps: http://insecure.repo1.maven.org/maven2/org/codehaus/plexus/plexus-classworlds/1.4/plexus-classworlds-1.4.pom (0 B at 0 B/s)
Downloading from centralhttps: http://insecure.repo1.maven.org/maven2/org/codehaus/plexus/plexus-classworlds/1.4/plexus-classworlds-1.4.jar
Downloaded from centralhttps: http://insecure.repo1.maven.org/maven2/org/codehaus/plexus/plexus-classworlds/1.4/plexus-classworlds-1.4.jar (0 B at 0 B/s)
[[1;34mINFO[m] Discovered 30 component descriptors(s)
[[1;34mINFO[m] 
[[1;34mINFO[m] [1m--- [0;32mmaven-resources-plugin:2.3:testResources[m [1m(default-testResources)[m @ [36mmaven-compat[0;1m ---[m
[[1;34mINFO[m] Using 'UTF-8' encoding to copy filtered resources.
[[1;34mINFO[m] Copying 7 resources
[[1;34mINFO[m] Copying 3 resources
[[1;34mINFO[m] 
[[1;34mINFO[m] [1m--- [0;32mmaven-compiler-plugin:2.0.2:testCompile[m [1m(default-testCompile)[m @ [36mmaven-compat[0;1m ---[m
[[1;34mINFO[m] Compiling 39 source files to /home/user/Workspace/reproducibility/Reproducibility-Scanner/benchmarks/bugs-dot-jar/maven/maven-compat/target/test-classes
[[1;34mINFO[m] 
[[1;34mINFO[m] [1m--- [0;32mmaven-surefire-plugin:2.4.2:test[m [1m(default-test)[m @ [36mmaven-compat[0;1m ---[m
[[1;34mINFO[m] Tests are skipped.
[[1;34mINFO[m] 
[[1;34mINFO[m] [1m--- [0;32mmaven-jar-plugin:2.1:jar[m [1m(default-jar)[m @ [36mmaven-compat[0;1m ---[m
[[1;34mINFO[m] Building jar: /home/user/Workspace/reproducibility/Reproducibility-Scanner/benchmarks/bugs-dot-jar/maven/maven-compat/target/maven-compat-3.0-SNAPSHOT.jar
[[1;34mINFO[m] 
[[1;34mINFO[m] [1m--- [0;32mmaven-install-plugin:2.2:install[m [1m(default-install)[m @ [36mmaven-compat[0;1m ---[m
[[1;34mINFO[m] Installing /home/user/Workspace/reproducibility/Reproducibility-Scanner/benchmarks/bugs-dot-jar/maven/maven-compat/target/maven-compat-3.0-SNAPSHOT.jar to /home/user/.m2/repository/org/apache/maven/maven-compat/3.0-SNAPSHOT/maven-compat-3.0-SNAPSHOT.jar
[[1;34mINFO[m] Installing /home/user/Workspace/reproducibility/Reproducibility-Scanner/benchmarks/bugs-dot-jar/maven/maven-compat/pom.xml to /home/user/.m2/repository/org/apache/maven/maven-compat/3.0-SNAPSHOT/maven-compat-3.0-SNAPSHOT.pom
[[1;34mINFO[m] 
[[1;34mINFO[m] [1m-----------------< [0;36morg.apache.maven:maven-plugin-api[0;1m >------------------[m
[[1;34mINFO[m] [1mBuilding Maven Plugin API 3.0-SNAPSHOT                            [6/13][m
[[1;34mINFO[m] [1m--------------------------------[ jar ]---------------------------------[m
[[1;34mINFO[m] 
[[1;34mINFO[m] [1m--- [0;32mmodello-maven-plugin:1.0-alpha-22:java[m [1m(standard)[m @ [36mmaven-plugin-api[0;1m ---[m
[[1;34mINFO[m] outputDirectory: /home/user/Workspace/reproducibility/Reproducibility-Scanner/benchmarks/bugs-dot-jar/maven/maven-plugin-api/target/generated-sources/modello
[[1;34mINFO[m] Working on model: src/main/mdo/lifecycle.mdo
[[1;34mINFO[m] Generating current version: 1.0.0
[[1;34mINFO[m] 
[[1;34mINFO[m] [1m--- [0;32mmodello-maven-plugin:1.0-alpha-22:xpp3-reader[m [1m(standard)[m @ [36mmaven-plugin-api[0;1m ---[m
[[1;34mINFO[m] outputDirectory: /home/user/Workspace/reproducibility/Reproducibility-Scanner/benchmarks/bugs-dot-jar/maven/maven-plugin-api/target/generated-sources/modello
[[1;34mINFO[m] Working on model: src/main/mdo/lifecycle.mdo
[[1;34mINFO[m] Generating current version: 1.0.0
[[1;34mINFO[m] 
[[1;34mINFO[m] [1m--- [0;32mmodello-maven-plugin:1.0-alpha-22:xpp3-writer[m [1m(standard)[m @ [36mmaven-plugin-api[0;1m ---[m
[[1;34mINFO[m] outputDirectory: /home/user/Workspace/reproducibility/Reproducibility-Scanner/benchmarks/bugs-dot-jar/maven/maven-plugin-api/target/generated-sources/modello
[[1;34mINFO[m] Working on model: src/main/mdo/lifecycle.mdo
[[1;34mINFO[m] Generating current version: 1.0.0
[[1;34mINFO[m] 
[[1;34mINFO[m] [1m--- [0;32mmaven-remote-resources-plugin:1.0:process[m [1m(default)[m @ [36mmaven-plugin-api[0;1m ---[m
[[1;34mINFO[m] 
[[1;34mINFO[m] [1m--- [0;32mmaven-resources-plugin:2.3:resources[m [1m(default-resources)[m @ [36mmaven-plugin-api[0;1m ---[m
[[1;34mINFO[m] Using 'UTF-8' encoding to copy filtered resources.
[[1;34mINFO[m] skip non existing resourceDirectory /home/user/Workspace/reproducibility/Reproducibility-Scanner/benchmarks/bugs-dot-jar/maven/maven-plugin-api/src/main/resources
[[1;34mINFO[m] Copying 3 resources
[[1;34mINFO[m] 
[[1;34mINFO[m] [1m--- [0;32mmaven-compiler-plugin:2.0.2:compile[m [1m(default-compile)[m @ [36mmaven-plugin-api[0;1m ---[m
[[1;34mINFO[m] Compiling 23 source files to /home/user/Workspace/reproducibility/Reproducibility-Scanner/benchmarks/bugs-dot-jar/maven/maven-plugin-api/target/classes
[[1;34mINFO[m] 
[[1;34mINFO[m] [1m--- [0;32mmaven-resources-plugin:2.3:testResources[m [1m(default-testResources)[m @ [36mmaven-plugin-api[0;1m ---[m
[[1;34mINFO[m] Using 'UTF-8' encoding to copy filtered resources.
[[1;34mINFO[m] Copying 1 resource
[[1;34mINFO[m] Copying 3 resources
[[1;34mINFO[m] 
[[1;34mINFO[m] [1m--- [0;32mmaven-compiler-plugin:2.0.2:testCompile[m [1m(default-testCompile)[m @ [36mmaven-plugin-api[0;1m ---[m
[[1;34mINFO[m] Compiling 1 source file to /home/user/Workspace/reproducibility/Reproducibility-Scanner/benchmarks/bugs-dot-jar/maven/maven-plugin-api/target/test-classes
[[1;34mINFO[m] 
[[1;34mINFO[m] [1m--- [0;32mmaven-surefire-plugin:2.4.2:test[m [1m(default-test)[m @ [36mmaven-plugin-api[0;1m ---[m
[[1;34mINFO[m] Tests are skipped.
[[1;34mINFO[m] 
[[1;34mINFO[m] [1m--- [0;32mmaven-jar-plugin:2.1:jar[m [1m(default-jar)[m @ [36mmaven-plugin-api[0;1m ---[m
[[1;34mINFO[m] Building jar: /home/user/Workspace/reproducibility/Reproducibility-Scanner/benchmarks/bugs-dot-jar/maven/maven-plugin-api/target/maven-plugin-api-3.0-SNAPSHOT.jar
[[1;34mINFO[m] 
[[1;34mINFO[m] [1m--- [0;32mmaven-install-plugin:2.2:install[m [1m(default-install)[m @ [36mmaven-plugin-api[0;1m ---[m
[[1;34mINFO[m] Installing /home/user/Workspace/reproducibility/Reproducibility-Scanner/benchmarks/bugs-dot-jar/maven/maven-plugin-api/target/maven-plugin-api-3.0-SNAPSHOT.jar to /home/user/.m2/repository/org/apache/maven/maven-plugin-api/3.0-SNAPSHOT/maven-plugin-api-3.0-SNAPSHOT.jar
[[1;34mINFO[m] Installing /home/user/Workspace/reproducibility/Reproducibility-Scanner/benchmarks/bugs-dot-jar/maven/maven-plugin-api/pom.xml to /home/user/.m2/repository/org/apache/maven/maven-plugin-api/3.0-SNAPSHOT/maven-plugin-api-3.0-SNAPSHOT.pom
[[1;34mINFO[m] 
[[1;34mINFO[m] [1m---------------< [0;36morg.apache.maven:maven-project-builder[0;1m >---------------[m
[[1;34mINFO[m] [1mBuilding Maven Project Builder 3.0-SNAPSHOT                       [7/13][m
[[1;34mINFO[m] [1m--------------------------------[ jar ]---------------------------------[m
Downloading from centralhttps: http://insecure.repo1.maven.org/maven2/org/sonatype/spice/model-builder/1.3/model-builder-1.3.pom
Downloaded from centralhttps: http://insecure.repo1.maven.org/maven2/org/sonatype/spice/model-builder/1.3/model-builder-1.3.pom (0 B at 0 B/s)
Downloading from centralhttps: http://insecure.repo1.maven.org/maven2/org/codehaus/woodstox/wstx-asl/3.2.6/wstx-asl-3.2.6.pom
Downloaded from centralhttps: http://insecure.repo1.maven.org/maven2/org/codehaus/woodstox/wstx-asl/3.2.6/wstx-asl-3.2.6.pom (0 B at 0 B/s)
Downloading from centralhttps: http://insecure.repo1.maven.org/maven2/org/sonatype/spice/model-builder/1.3/model-builder-1.3.jar
Downloading from centralhttps: http://insecure.repo1.maven.org/maven2/org/codehaus/woodstox/wstx-asl/3.2.6/wstx-asl-3.2.6.jar
Downloaded from centralhttps: http://insecure.repo1.maven.org/maven2/org/sonatype/spice/model-builder/1.3/model-builder-1.3.jar (0 B at 0 B/s)
Downloaded from centralhttps: http://insecure.repo1.maven.org/maven2/org/codehaus/woodstox/wstx-asl/3.2.6/wstx-asl-3.2.6.jar (0 B at 0 B/s)
[[1;34mINFO[m] 
[[1;34mINFO[m] [1m--- [0;32mmaven-remote-resources-plugin:1.0:process[m [1m(default)[m @ [36mmaven-project-builder[0;1m ---[m
[[1;34mINFO[m] 
[[1;34mINFO[m] [1m--- [0;32mmaven-resources-plugin:2.3:resources[m [1m(default-resources)[m @ [36mmaven-project-builder[0;1m ---[m
[[1;34mINFO[m] Using 'UTF-8' encoding to copy filtered resources.
[[1;34mINFO[m] Copying 1 resource
[[1;34mINFO[m] Copying 3 resources
[[1;34mINFO[m] 
[[1;34mINFO[m] [1m--- [0;32mmaven-compiler-plugin:2.0.2:compile[m [1m(default-compile)[m @ [36mmaven-project-builder[0;1m ---[m
[[1;34mINFO[m] Compiling 19 source files to /home/user/Workspace/reproducibility/Reproducibility-Scanner/benchmarks/bugs-dot-jar/maven/maven-project-builder/target/classes
[[1;34mINFO[m] 
[[1;34mINFO[m] [1m--- [0;32mmaven-resources-plugin:2.3:testResources[m [1m(default-testResources)[m @ [36mmaven-project-builder[0;1m ---[m
[[1;34mINFO[m] Using 'UTF-8' encoding to copy filtered resources.
[[1;34mINFO[m] Copying 1 resource
[[1;34mINFO[m] Copying 3 resources
[[1;34mINFO[m] 
[[1;34mINFO[m] [1m--- [0;32mmaven-compiler-plugin:2.0.2:testCompile[m [1m(default-testCompile)[m @ [36mmaven-project-builder[0;1m ---[m
[[1;34mINFO[m] Compiling 10 source files to /home/user/Workspace/reproducibility/Reproducibility-Scanner/benchmarks/bugs-dot-jar/maven/maven-project-builder/target/test-classes
[[1;34mINFO[m] 
[[1;34mINFO[m] [1m--- [0;32mmaven-surefire-plugin:2.4.2:test[m [1m(default-test)[m @ [36mmaven-project-builder[0;1m ---[m
[[1;34mINFO[m] Tests are skipped.
[[1;34mINFO[m] 
[[1;34mINFO[m] [1m--- [0;32mmaven-jar-plugin:2.1:jar[m [1m(default-jar)[m @ [36mmaven-project-builder[0;1m ---[m
[[1;34mINFO[m] Building jar: /home/user/Workspace/reproducibility/Reproducibility-Scanner/benchmarks/bugs-dot-jar/maven/maven-project-builder/target/maven-project-builder-3.0-SNAPSHOT.jar
[[1;34mINFO[m] 
[[1;34mINFO[m] [1m--- [0;32mmaven-install-plugin:2.2:install[m [1m(default-install)[m @ [36mmaven-project-builder[0;1m ---[m
[[1;34mINFO[m] Installing /home/user/Workspace/reproducibility/Reproducibility-Scanner/benchmarks/bugs-dot-jar/maven/maven-project-builder/target/maven-project-builder-3.0-SNAPSHOT.jar to /home/user/.m2/repository/org/apache/maven/maven-project-builder/3.0-SNAPSHOT/maven-project-builder-3.0-SNAPSHOT.jar
[[1;34mINFO[m] Installing /home/user/Workspace/reproducibility/Reproducibility-Scanner/benchmarks/bugs-dot-jar/maven/maven-project-builder/pom.xml to /home/user/.m2/repository/org/apache/maven/maven-project-builder/3.0-SNAPSHOT/maven-project-builder-3.0-SNAPSHOT.pom
[[1;34mINFO[m] 
[[1;34mINFO[m] [1m-------------------< [0;36morg.apache.maven:maven-mercury[0;1m >-------------------[m
[[1;34mINFO[m] [1mBuilding Maven Mercury 3.0-SNAPSHOT                               [8/13][m
[[1;34mINFO[m] [1m--------------------------------[ jar ]---------------------------------[m
Downloading from centralhttps: http://insecure.repo1.maven.org/maven2/org/apache/maven/mercury/mercury-artifact/1.0.0-alpha-2/mercury-artifact-1.0.0-alpha-2.pom
Downloaded from centralhttps: http://insecure.repo1.maven.org/maven2/org/apache/maven/mercury/mercury-artifact/1.0.0-alpha-2/mercury-artifact-1.0.0-alpha-2.pom (0 B at 0 B/s)
Downloading from centralhttps: http://insecure.repo1.maven.org/maven2/org/apache/maven/mercury/mercury/1.0.0-alpha-2/mercury-1.0.0-alpha-2.pom
Downloaded from centralhttps: http://insecure.repo1.maven.org/maven2/org/apache/maven/mercury/mercury/1.0.0-alpha-2/mercury-1.0.0-alpha-2.pom (0 B at 0 B/s)
Downloading from centralhttps: http://insecure.repo1.maven.org/maven2/org/codehaus/plexus/plexus-lang/1.1/plexus-lang-1.1.pom
Downloaded from centralhttps: http://insecure.repo1.maven.org/maven2/org/codehaus/plexus/plexus-lang/1.1/plexus-lang-1.1.pom (0 B at 0 B/s)
Downloading from centralhttps: http://insecure.repo1.maven.org/maven2/org/apache/maven/mercury/mercury-external/1.0.0-alpha-2/mercury-external-1.0.0-alpha-2.pom
Downloaded from centralhttps: http://insecure.repo1.maven.org/maven2/org/apache/maven/mercury/mercury-external/1.0.0-alpha-2/mercury-external-1.0.0-alpha-2.pom (0 B at 0 B/s)
Downloading from centralhttps: http://insecure.repo1.maven.org/maven2/org/apache/maven/mercury/mercury-util/1.0.0-alpha-2/mercury-util-1.0.0-alpha-2.pom
Downloaded from centralhttps: http://insecure.repo1.maven.org/maven2/org/apache/maven/mercury/mercury-util/1.0.0-alpha-2/mercury-util-1.0.0-alpha-2.pom (0 B at 0 B/s)
Downloading from centralhttps: http://insecure.repo1.maven.org/maven2/org/apache/maven/mercury/mercury-repo-local-m2/1.0.0-alpha-2/mercury-repo-local-m2-1.0.0-alpha-2.pom
Downloaded from centralhttps: http://insecure.repo1.maven.org/maven2/org/apache/maven/mercury/mercury-repo-local-m2/1.0.0-alpha-2/mercury-repo-local-m2-1.0.0-alpha-2.pom (0 B at 0 B/s)
Downloading from centralhttps: http://insecure.repo1.maven.org/maven2/org/apache/maven/mercury/mercury-repo/1.0.0-alpha-2/mercury-repo-1.0.0-alpha-2.pom
Downloaded from centralhttps: http://insecure.repo1.maven.org/maven2/org/apache/maven/mercury/mercury-repo/1.0.0-alpha-2/mercury-repo-1.0.0-alpha-2.pom (0 B at 0 B/s)
Downloading from centralhttps: http://insecure.repo1.maven.org/maven2/org/apache/maven/mercury/mercury-repo-api/1.0.0-alpha-2/mercury-repo-api-1.0.0-alpha-2.pom
Downloaded from centralhttps: http://insecure.repo1.maven.org/maven2/org/apache/maven/mercury/mercury-repo-api/1.0.0-alpha-2/mercury-repo-api-1.0.0-alpha-2.pom (0 B at 0 B/s)
Downloading from centralhttps: http://insecure.repo1.maven.org/maven2/org/apache/maven/mercury/mercury-transport-api/1.0.0-alpha-2/mercury-transport-api-1.0.0-alpha-2.pom
Downloaded from centralhttps: http://insecure.repo1.maven.org/maven2/org/apache/maven/mercury/mercury-transport-api/1.0.0-alpha-2/mercury-transport-api-1.0.0-alpha-2.pom (0 B at 0 B/s)
Downloading from centralhttps: http://insecure.repo1.maven.org/maven2/org/apache/maven/mercury/mercury-transport/1.0.0-alpha-2/mercury-transport-1.0.0-alpha-2.pom
Downloaded from centralhttps: http://insecure.repo1.maven.org/maven2/org/apache/maven/mercury/mercury-transport/1.0.0-alpha-2/mercury-transport-1.0.0-alpha-2.pom (0 B at 0 B/s)
Downloading from centralhttps: http://insecure.repo1.maven.org/maven2/org/apache/maven/mercury/mercury-crypto-api/1.0.0-alpha-2/mercury-crypto-api-1.0.0-alpha-2.pom
Downloaded from centralhttps: http://insecure.repo1.maven.org/maven2/org/apache/maven/mercury/mercury-crypto-api/1.0.0-alpha-2/mercury-crypto-api-1.0.0-alpha-2.pom (0 B at 0 B/s)
Downloading from centralhttps: http://insecure.repo1.maven.org/maven2/org/apache/maven/mercury/mercury-crypto/1.0.0-alpha-2/mercury-crypto-1.0.0-alpha-2.pom
Downloaded from centralhttps: http://insecure.repo1.maven.org/maven2/org/apache/maven/mercury/mercury-crypto/1.0.0-alpha-2/mercury-crypto-1.0.0-alpha-2.pom (0 B at 0 B/s)
Downloading from centralhttps: http://insecure.repo1.maven.org/maven2/org/apache/maven/mercury/mercury-logging/1.0.0-alpha-2/mercury-logging-1.0.0-alpha-2.pom
Downloaded from centralhttps: http://insecure.repo1.maven.org/maven2/org/apache/maven/mercury/mercury-logging/1.0.0-alpha-2/mercury-logging-1.0.0-alpha-2.pom (0 B at 0 B/s)
Downloading from centralhttps: http://insecure.repo1.maven.org/maven2/org/apache/maven/mercury/mercury-event/1.0.0-alpha-2/mercury-event-1.0.0-alpha-2.pom
Downloaded from centralhttps: http://insecure.repo1.maven.org/maven2/org/apache/maven/mercury/mercury-event/1.0.0-alpha-2/mercury-event-1.0.0-alpha-2.pom (0 B at 0 B/s)
Downloading from centralhttps: http://insecure.repo1.maven.org/maven2/org/apache/maven/mercury/mercury-md-shared/1.0.0-alpha-2/mercury-md-shared-1.0.0-alpha-2.pom
Downloaded from centralhttps: http://insecure.repo1.maven.org/maven2/org/apache/maven/mercury/mercury-md-shared/1.0.0-alpha-2/mercury-md-shared-1.0.0-alpha-2.pom (0 B at 0 B/s)
Downloading from centralhttps: http://insecure.repo1.maven.org/maven2/org/apache/maven/mercury/mercury-md/1.0.0-alpha-2/mercury-md-1.0.0-alpha-2.pom
Downloaded from centralhttps: http://insecure.repo1.maven.org/maven2/org/apache/maven/mercury/mercury-md/1.0.0-alpha-2/mercury-md-1.0.0-alpha-2.pom (0 B at 0 B/s)
Downloading from centralhttps: http://insecure.repo1.maven.org/maven2/org/apache/maven/mercury/mercury-crypto-basic/1.0.0-alpha-2/mercury-crypto-basic-1.0.0-alpha-2.pom
Downloaded from centralhttps: http://insecure.repo1.maven.org/maven2/org/apache/maven/mercury/mercury-crypto-basic/1.0.0-alpha-2/mercury-crypto-basic-1.0.0-alpha-2.pom (0 B at 0 B/s)
Downloading from centralhttps: http://insecure.repo1.maven.org/maven2/bouncycastle/bcpg-jdk15/140/bcpg-jdk15-140.pom
Downloaded from centralhttps: http://insecure.repo1.maven.org/maven2/bouncycastle/bcpg-jdk15/140/bcpg-jdk15-140.pom (0 B at 0 B/s)
Downloading from centralhttps: http://insecure.repo1.maven.org/maven2/org/apache/maven/mercury/mercury-repo-remote-m2/1.0.0-alpha-2/mercury-repo-remote-m2-1.0.0-alpha-2.pom
Downloaded from centralhttps: http://insecure.repo1.maven.org/maven2/org/apache/maven/mercury/mercury-repo-remote-m2/1.0.0-alpha-2/mercury-repo-remote-m2-1.0.0-alpha-2.pom (0 B at 0 B/s)
Downloading from centralhttps: http://insecure.repo1.maven.org/maven2/org/apache/maven/mercury/mercury-transport-http/1.0.0-alpha-2/mercury-transport-http-1.0.0-alpha-2.pom
Downloaded from centralhttps: http://insecure.repo1.maven.org/maven2/org/apache/maven/mercury/mercury-transport-http/1.0.0-alpha-2/mercury-transport-http-1.0.0-alpha-2.pom (0 B at 0 B/s)
Downloading from centralhttps: http://insecure.repo1.maven.org/maven2/org/mortbay/jetty/jetty-client/6.1.12/jetty-client-6.1.12.pom
Downloaded from centralhttps: http://insecure.repo1.maven.org/maven2/org/mortbay/jetty/jetty-client/6.1.12/jetty-client-6.1.12.pom (0 B at 0 B/s)
Downloading from centralhttps: http://insecure.repo1.maven.org/maven2/org/mortbay/jetty/project/6.1.12/project-6.1.12.pom
Downloaded from centralhttps: http://insecure.repo1.maven.org/maven2/org/mortbay/jetty/project/6.1.12/project-6.1.12.pom (0 B at 0 B/s)
Downloading from centralhttps: http://insecure.repo1.maven.org/maven2/org/mortbay/jetty/jetty-sslengine/6.1.12/jetty-sslengine-6.1.12.pom
Downloaded from centralhttps: http://insecure.repo1.maven.org/maven2/org/mortbay/jetty/jetty-sslengine/6.1.12/jetty-sslengine-6.1.12.pom (0 B at 0 B/s)
Downloading from centralhttps: http://insecure.repo1.maven.org/maven2/org/mortbay/jetty/jetty/6.1.12/jetty-6.1.12.pom
Downloaded from centralhttps: http://insecure.repo1.maven.org/maven2/org/mortbay/jetty/jetty/6.1.12/jetty-6.1.12.pom (0 B at 0 B/s)
Downloading from centralhttps: http://insecure.repo1.maven.org/maven2/org/mortbay/jetty/jetty-util/6.1.12/jetty-util-6.1.12.pom
Downloaded from centralhttps: http://insecure.repo1.maven.org/maven2/org/mortbay/jetty/jetty-util/6.1.12/jetty-util-6.1.12.pom (0 B at 0 B/s)
Downloading from centralhttps: http://insecure.repo1.maven.org/maven2/org/mortbay/jetty/servlet-api-2.5/6.1.12/servlet-api-2.5-6.1.12.pom
Downloaded from centralhttps: http://insecure.repo1.maven.org/maven2/org/mortbay/jetty/servlet-api-2.5/6.1.12/servlet-api-2.5-6.1.12.pom (0 B at 0 B/s)
Downloading from centralhttps: http://insecure.repo1.maven.org/maven2/org/apache/maven/mercury/mercury-md-sat/1.0.0-alpha-2/mercury-md-sat-1.0.0-alpha-2.pom
Downloaded from centralhttps: http://insecure.repo1.maven.org/maven2/org/apache/maven/mercury/mercury-md-sat/1.0.0-alpha-2/mercury-md-sat-1.0.0-alpha-2.pom (0 B at 0 B/s)
Downloading from centralhttps: http://insecure.repo1.maven.org/maven2/org/sat4j/org.sat4j.core/2.0.4/org.sat4j.core-2.0.4.pom
Downloaded from centralhttps: http://insecure.repo1.maven.org/maven2/org/sat4j/org.sat4j.core/2.0.4/org.sat4j.core-2.0.4.pom (0 B at 0 B/s)
Downloading from centralhttps: http://insecure.repo1.maven.org/maven2/org/sat4j/org.sat4j.pb/2.0.4/org.sat4j.pb-2.0.4.pom
Downloaded from centralhttps: http://insecure.repo1.maven.org/maven2/org/sat4j/org.sat4j.pb/2.0.4/org.sat4j.pb-2.0.4.pom (0 B at 0 B/s)
Downloading from centralhttps: http://insecure.repo1.maven.org/maven2/org/apache/maven/mercury/mercury-repo-virtual/1.0.0-alpha-2/mercury-repo-virtual-1.0.0-alpha-2.pom
Downloaded from centralhttps: http://insecure.repo1.maven.org/maven2/org/apache/maven/mercury/mercury-repo-virtual/1.0.0-alpha-2/mercury-repo-virtual-1.0.0-alpha-2.pom (0 B at 0 B/s)
Downloading from centralhttps: http://insecure.repo1.maven.org/maven2/org/apache/maven/mercury/mercury-repo-cache-fs/1.0.0-alpha-2/mercury-repo-cache-fs-1.0.0-alpha-2.pom
Downloaded from centralhttps: http://insecure.repo1.maven.org/maven2/org/apache/maven/mercury/mercury-repo-cache-fs/1.0.0-alpha-2/mercury-repo-cache-fs-1.0.0-alpha-2.pom (0 B at 0 B/s)
Downloading from centralhttps: http://insecure.repo1.maven.org/maven2/org/apache/maven/mercury/mercury-artifact/1.0.0-alpha-2/mercury-artifact-1.0.0-alpha-2.jar
Downloading from centralhttps: http://insecure.repo1.maven.org/maven2/org/apache/maven/mercury/mercury-external/1.0.0-alpha-2/mercury-external-1.0.0-alpha-2.jar
Downloading from centralhttps: http://insecure.repo1.maven.org/maven2/org/codehaus/plexus/plexus-lang/1.1/plexus-lang-1.1.jar
Downloading from centralhttps: http://insecure.repo1.maven.org/maven2/org/apache/maven/mercury/mercury-repo-local-m2/1.0.0-alpha-2/mercury-repo-local-m2-1.0.0-alpha-2.jar
Downloading from centralhttps: http://insecure.repo1.maven.org/maven2/org/apache/maven/mercury/mercury-util/1.0.0-alpha-2/mercury-util-1.0.0-alpha-2.jar
Downloaded from centralhttps: http://insecure.repo1.maven.org/maven2/org/apache/maven/mercury/mercury-external/1.0.0-alpha-2/mercury-external-1.0.0-alpha-2.jar (0 B at 0 B/s)
Downloading from centralhttps: http://insecure.repo1.maven.org/maven2/org/apache/maven/mercury/mercury-repo-api/1.0.0-alpha-2/mercury-repo-api-1.0.0-alpha-2.jar
Downloaded from centralhttps: http://insecure.repo1.maven.org/maven2/org/apache/maven/mercury/mercury-repo-local-m2/1.0.0-alpha-2/mercury-repo-local-m2-1.0.0-alpha-2.jar (0 B at 0 B/s)
Downloading from centralhttps: http://insecure.repo1.maven.org/maven2/org/apache/maven/mercury/mercury-md-shared/1.0.0-alpha-2/mercury-md-shared-1.0.0-alpha-2.jar
Downloaded from centralhttps: http://insecure.repo1.maven.org/maven2/org/codehaus/plexus/plexus-lang/1.1/plexus-lang-1.1.jar (0 B at 0 B/s)
Downloading from centralhttps: http://insecure.repo1.maven.org/maven2/org/apache/maven/mercury/mercury-logging/1.0.0-alpha-2/mercury-logging-1.0.0-alpha-2.jar
Downloaded from centralhttps: http://insecure.repo1.maven.org/maven2/org/apache/maven/mercury/mercury-util/1.0.0-alpha-2/mercury-util-1.0.0-alpha-2.jar (0 B at 0 B/s)
Downloading from centralhttps: http://insecure.repo1.maven.org/maven2/org/apache/maven/mercury/mercury-repo-remote-m2/1.0.0-alpha-2/mercury-repo-remote-m2-1.0.0-alpha-2.jar
Downloaded from centralhttps: http://insecure.repo1.maven.org/maven2/org/apache/maven/mercury/mercury-repo-api/1.0.0-alpha-2/mercury-repo-api-1.0.0-alpha-2.jar (0 B at 0 B/s)
Downloading from centralhttps: http://insecure.repo1.maven.org/maven2/org/apache/maven/mercury/mercury-md-sat/1.0.0-alpha-2/mercury-md-sat-1.0.0-alpha-2.jar
Downloaded from centralhttps: http://insecure.repo1.maven.org/maven2/org/apache/maven/mercury/mercury-artifact/1.0.0-alpha-2/mercury-artifact-1.0.0-alpha-2.jar (0 B at 0 B/s)
Downloading from centralhttps: http://insecure.repo1.maven.org/maven2/org/sat4j/org.sat4j.core/2.0.4/org.sat4j.core-2.0.4.jar
Downloaded from centralhttps: http://insecure.repo1.maven.org/maven2/org/apache/maven/mercury/mercury-md-shared/1.0.0-alpha-2/mercury-md-shared-1.0.0-alpha-2.jar (0 B at 0 B/s)
Downloading from centralhttps: http://insecure.repo1.maven.org/maven2/org/sat4j/org.sat4j.pb/2.0.4/org.sat4j.pb-2.0.4.jar
Downloaded from centralhttps: http://insecure.repo1.maven.org/maven2/org/apache/maven/mercury/mercury-logging/1.0.0-alpha-2/mercury-logging-1.0.0-alpha-2.jar (0 B at 0 B/s)
Downloading from centralhttps: http://insecure.repo1.maven.org/maven2/org/apache/maven/mercury/mercury-repo-virtual/1.0.0-alpha-2/mercury-repo-virtual-1.0.0-alpha-2.jar
Downloaded from centralhttps: http://insecure.repo1.maven.org/maven2/org/apache/maven/mercury/mercury-repo-remote-m2/1.0.0-alpha-2/mercury-repo-remote-m2-1.0.0-alpha-2.jar (0 B at 0 B/s)
Downloading from centralhttps: http://insecure.repo1.maven.org/maven2/org/apache/maven/mercury/mercury-repo-cache-fs/1.0.0-alpha-2/mercury-repo-cache-fs-1.0.0-alpha-2.jar
Downloaded from centralhttps: http://insecure.repo1.maven.org/maven2/org/apache/maven/mercury/mercury-md-sat/1.0.0-alpha-2/mercury-md-sat-1.0.0-alpha-2.jar (0 B at 0 B/s)
Downloading from centralhttps: http://insecure.repo1.maven.org/maven2/org/apache/maven/mercury/mercury-event/1.0.0-alpha-2/mercury-event-1.0.0-alpha-2.jar
Downloaded from centralhttps: http://insecure.repo1.maven.org/maven2/org/apache/maven/mercury/mercury-repo-virtual/1.0.0-alpha-2/mercury-repo-virtual-1.0.0-alpha-2.jar (0 B at 0 B/s)
Downloading from centralhttps: http://insecure.repo1.maven.org/maven2/org/apache/maven/mercury/mercury-transport-http/1.0.0-alpha-2/mercury-transport-http-1.0.0-alpha-2.jar
Downloaded from centralhttps: http://insecure.repo1.maven.org/maven2/org/sat4j/org.sat4j.pb/2.0.4/org.sat4j.pb-2.0.4.jar (0 B at 0 B/s)
Downloading from centralhttps: http://insecure.repo1.maven.org/maven2/org/mortbay/jetty/jetty-client/6.1.12/jetty-client-6.1.12.jar
Downloaded from centralhttps: http://insecure.repo1.maven.org/maven2/org/sat4j/org.sat4j.core/2.0.4/org.sat4j.core-2.0.4.jar (0 B at 0 B/s)
Downloaded from centralhttps: http://insecure.repo1.maven.org/maven2/org/apache/maven/mercury/mercury-repo-cache-fs/1.0.0-alpha-2/mercury-repo-cache-fs-1.0.0-alpha-2.jar (0 B at 0 B/s)
Downloading from centralhttps: http://insecure.repo1.maven.org/maven2/org/mortbay/jetty/jetty-sslengine/6.1.12/jetty-sslengine-6.1.12.jar
Downloading from centralhttps: http://insecure.repo1.maven.org/maven2/org/mortbay/jetty/jetty/6.1.12/jetty-6.1.12.jar
Downloaded from centralhttps: http://insecure.repo1.maven.org/maven2/org/apache/maven/mercury/mercury-event/1.0.0-alpha-2/mercury-event-1.0.0-alpha-2.jar (0 B at 0 B/s)
Downloading from centralhttps: http://insecure.repo1.maven.org/maven2/org/mortbay/jetty/jetty-util/6.1.12/jetty-util-6.1.12.jar
Downloaded from centralhttps: http://insecure.repo1.maven.org/maven2/org/apache/maven/mercury/mercury-transport-http/1.0.0-alpha-2/mercury-transport-http-1.0.0-alpha-2.jar (0 B at 0 B/s)
Downloading from centralhttps: http://insecure.repo1.maven.org/maven2/org/mortbay/jetty/servlet-api-2.5/6.1.12/servlet-api-2.5-6.1.12.jar
Downloaded from centralhttps: http://insecure.repo1.maven.org/maven2/org/mortbay/jetty/jetty-sslengine/6.1.12/jetty-sslengine-6.1.12.jar (0 B at 0 B/s)
Downloading from centralhttps: http://insecure.repo1.maven.org/maven2/org/apache/maven/mercury/mercury-transport-api/1.0.0-alpha-2/mercury-transport-api-1.0.0-alpha-2.jar
Downloaded from centralhttps: http://insecure.repo1.maven.org/maven2/org/mortbay/jetty/jetty-client/6.1.12/jetty-client-6.1.12.jar (0 B at 0 B/s)
Downloading from centralhttps: http://insecure.repo1.maven.org/maven2/org/apache/maven/mercury/mercury-crypto-api/1.0.0-alpha-2/mercury-crypto-api-1.0.0-alpha-2.jar
Downloaded from centralhttps: http://insecure.repo1.maven.org/maven2/org/apache/maven/mercury/mercury-transport-api/1.0.0-alpha-2/mercury-transport-api-1.0.0-alpha-2.jar (0 B at 0 B/s)
Downloading from centralhttps: http://insecure.repo1.maven.org/maven2/org/apache/maven/mercury/mercury-crypto-basic/1.0.0-alpha-2/mercury-crypto-basic-1.0.0-alpha-2.jar
Downloaded from centralhttps: http://insecure.repo1.maven.org/maven2/org/apache/maven/mercury/mercury-crypto-api/1.0.0-alpha-2/mercury-crypto-api-1.0.0-alpha-2.jar (0 B at 0 B/s)
Downloading from centralhttps: http://insecure.repo1.maven.org/maven2/bouncycastle/bcpg-jdk15/140/bcpg-jdk15-140.jar
Downloaded from centralhttps: http://insecure.repo1.maven.org/maven2/org/mortbay/jetty/jetty/6.1.12/jetty-6.1.12.jar (0 B at 0 B/s)
Downloading from centralhttps: http://insecure.repo1.maven.org/maven2/org/apache/maven/mercury/mercury-transport-http/1.0.0-alpha-2/mercury-transport-http-1.0.0-alpha-2-tests.jar
Downloaded from centralhttps: http://insecure.repo1.maven.org/maven2/org/mortbay/jetty/jetty-util/6.1.12/jetty-util-6.1.12.jar (0 B at 0 B/s)
Downloaded from centralhttps: http://insecure.repo1.maven.org/maven2/org/mortbay/jetty/servlet-api-2.5/6.1.12/servlet-api-2.5-6.1.12.jar (0 B at 0 B/s)
Downloaded from centralhttps: http://insecure.repo1.maven.org/maven2/bouncycastle/bcpg-jdk15/140/bcpg-jdk15-140.jar (0 B at 0 B/s)
Downloaded from centralhttps: http://insecure.repo1.maven.org/maven2/org/apache/maven/mercury/mercury-crypto-basic/1.0.0-alpha-2/mercury-crypto-basic-1.0.0-alpha-2.jar (0 B at 0 B/s)
Downloaded from centralhttps: http://insecure.repo1.maven.org/maven2/org/apache/maven/mercury/mercury-transport-http/1.0.0-alpha-2/mercury-transport-http-1.0.0-alpha-2-tests.jar (0 B at 0 B/s)
[[1;34mINFO[m] 
[[1;34mINFO[m] [1m--- [0;32mmaven-remote-resources-plugin:1.0:process[m [1m(default)[m @ [36mmaven-mercury[0;1m ---[m
[[1;34mINFO[m] 
[[1;34mINFO[m] [1m--- [0;32mmaven-resources-plugin:2.3:resources[m [1m(default-resources)[m @ [36mmaven-mercury[0;1m ---[m
[[1;34mINFO[m] Using 'UTF-8' encoding to copy filtered resources.
[[1;34mINFO[m] skip non existing resourceDirectory /home/user/Workspace/reproducibility/Reproducibility-Scanner/benchmarks/bugs-dot-jar/maven/maven-mercury/src/main/resources
[[1;34mINFO[m] Copying 3 resources
[[1;34mINFO[m] 
[[1;34mINFO[m] [1m--- [0;32mmaven-compiler-plugin:2.0.2:compile[m [1m(default-compile)[m @ [36mmaven-mercury[0;1m ---[m
[[1;34mINFO[m] Compiling 5 source files to /home/user/Workspace/reproducibility/Reproducibility-Scanner/benchmarks/bugs-dot-jar/maven/maven-mercury/target/classes
[[1;34mINFO[m] 
[[1;34mINFO[m] [1m--- [0;32mplexus-component-metadata:1.0-beta-3.0.5:generate-metadata[m [1m(default)[m @ [36mmaven-mercury[0;1m ---[m
[[1;34mINFO[m] Discovered 1 component descriptors(s)
[[1;34mINFO[m] 
[[1;34mINFO[m] [1m--- [0;32mmaven-resources-plugin:2.3:testResources[m [1m(default-testResources)[m @ [36mmaven-mercury[0;1m ---[m
[[1;34mINFO[m] Using 'UTF-8' encoding to copy filtered resources.
[[1;34mINFO[m] Copying 11 resources
[[1;34mINFO[m] Copying 3 resources
[[1;34mINFO[m] 
[[1;34mINFO[m] [1m--- [0;32mmaven-compiler-plugin:2.0.2:testCompile[m [1m(default-testCompile)[m @ [36mmaven-mercury[0;1m ---[m
[[1;34mINFO[m] Compiling 1 source file to /home/user/Workspace/reproducibility/Reproducibility-Scanner/benchmarks/bugs-dot-jar/maven/maven-mercury/target/test-classes
[[1;34mINFO[m] 
[[1;34mINFO[m] [1m--- [0;32mmaven-surefire-plugin:2.4.2:test[m [1m(default-test)[m @ [36mmaven-mercury[0;1m ---[m
[[1;34mINFO[m] Tests are skipped.
[[1;34mINFO[m] 
[[1;34mINFO[m] [1m--- [0;32mmaven-jar-plugin:2.1:jar[m [1m(default-jar)[m @ [36mmaven-mercury[0;1m ---[m
[[1;34mINFO[m] Building jar: /home/user/Workspace/reproducibility/Reproducibility-Scanner/benchmarks/bugs-dot-jar/maven/maven-mercury/target/maven-mercury-3.0-SNAPSHOT.jar
[[1;34mINFO[m] 
[[1;34mINFO[m] [1m--- [0;32mmaven-install-plugin:2.2:install[m [1m(default-install)[m @ [36mmaven-mercury[0;1m ---[m
[[1;34mINFO[m] Installing /home/user/Workspace/reproducibility/Reproducibility-Scanner/benchmarks/bugs-dot-jar/maven/maven-mercury/target/maven-mercury-3.0-SNAPSHOT.jar to /home/user/.m2/repository/org/apache/maven/maven-mercury/3.0-SNAPSHOT/maven-mercury-3.0-SNAPSHOT.jar
[[1;34mINFO[m] Installing /home/user/Workspace/reproducibility/Reproducibility-Scanner/benchmarks/bugs-dot-jar/maven/maven-mercury/pom.xml to /home/user/.m2/repository/org/apache/maven/maven-mercury/3.0-SNAPSHOT/maven-mercury-3.0-SNAPSHOT.pom
[[1;34mINFO[m] 
[[1;34mINFO[m] [1m-------------------< [0;36morg.apache.maven:maven-project[0;1m >-------------------[m
[[1;34mINFO[m] [1mBuilding Maven Project 3.0-SNAPSHOT                               [9/13][m
[[1;34mINFO[m] [1m--------------------------------[ jar ]---------------------------------[m
[[1;34mINFO[m] 
[[1;34mINFO[m] [1m--- [0;32mmodello-maven-plugin:1.0-alpha-22:java[m [1m(standard)[m @ [36mmaven-project[0;1m ---[m
[[1;34mINFO[m] outputDirectory: /home/user/Workspace/reproducibility/Reproducibility-Scanner/benchmarks/bugs-dot-jar/maven/maven-project/target/generated-sources/modello
[[1;34mINFO[m] Working on model: src/main/mdo/profiles.mdo
[[1;34mINFO[m] Generating current version: 1.0.0
[[1;34mINFO[m] 
[[1;34mINFO[m] [1m--- [0;32mmodello-maven-plugin:1.0-alpha-22:xpp3-reader[m [1m(standard)[m @ [36mmaven-project[0;1m ---[m
[[1;34mINFO[m] outputDirectory: /home/user/Workspace/reproducibility/Reproducibility-Scanner/benchmarks/bugs-dot-jar/maven/maven-project/target/generated-sources/modello
[[1;34mINFO[m] Working on model: src/main/mdo/profiles.mdo
[[1;34mINFO[m] Generating current version: 1.0.0
[[1;34mINFO[m] 
[[1;34mINFO[m] [1m--- [0;32mmodello-maven-plugin:1.0-alpha-22:xpp3-writer[m [1m(standard)[m @ [36mmaven-project[0;1m ---[m
[[1;34mINFO[m] outputDirectory: /home/user/Workspace/reproducibility/Reproducibility-Scanner/benchmarks/bugs-dot-jar/maven/maven-project/target/generated-sources/modello
[[1;34mINFO[m] Working on model: src/main/mdo/profiles.mdo
[[1;34mINFO[m] Generating current version: 1.0.0
[[1;34mINFO[m] 
[[1;34mINFO[m] [1m--- [0;32mmaven-remote-resources-plugin:1.0:process[m [1m(default)[m @ [36mmaven-project[0;1m ---[m
[[1;34mINFO[m] 
[[1;34mINFO[m] [1m--- [0;32mmaven-resources-plugin:2.3:resources[m [1m(default-resources)[m @ [36mmaven-project[0;1m ---[m
[[1;34mINFO[m] Using 'UTF-8' encoding to copy filtered resources.
[[1;34mINFO[m] skip non existing resourceDirectory /home/user/Workspace/reproducibility/Reproducibility-Scanner/benchmarks/bugs-dot-jar/maven/maven-project/src/main/resources
[[1;34mINFO[m] Copying 3 resources
[[1;34mINFO[m] 
[[1;34mINFO[m] [1m--- [0;32mmaven-compiler-plugin:2.0.2:compile[m [1m(default-compile)[m @ [36mmaven-project[0;1m ---[m
[[1;34mINFO[m] Compiling 65 source files to /home/user/Workspace/reproducibility/Reproducibility-Scanner/benchmarks/bugs-dot-jar/maven/maven-project/target/classes
[[1;34mINFO[m] 
[[1;34mINFO[m] [1m--- [0;32mplexus-component-metadata:1.0-beta-3.0.5:generate-metadata[m [1m(default)[m @ [36mmaven-project[0;1m ---[m
[[1;34mINFO[m] Discovered 15 component descriptors(s)
[[1;34mINFO[m] 
[[1;34mINFO[m] [1m--- [0;32mmaven-resources-plugin:2.3:testResources[m [1m(default-testResources)[m @ [36mmaven-project[0;1m ---[m
[[1;34mINFO[m] Using 'UTF-8' encoding to copy filtered resources.
[[1;34mINFO[m] Copying 213 resources
[[1;34mINFO[m] Copying 3 resources
[[1;34mINFO[m] 
[[1;34mINFO[m] [1m--- [0;32mmaven-compiler-plugin:2.0.2:testCompile[m [1m(default-testCompile)[m @ [36mmaven-project[0;1m ---[m
[[1;34mINFO[m] Compiling 41 source files to /home/user/Workspace/reproducibility/Reproducibility-Scanner/benchmarks/bugs-dot-jar/maven/maven-project/target/test-classes
[[1;34mINFO[m] 
[[1;34mINFO[m] [1m--- [0;32mmaven-surefire-plugin:2.4.2:test[m [1m(default-test)[m @ [36mmaven-project[0;1m ---[m
[[1;34mINFO[m] Tests are skipped.
[[1;34mINFO[m] 
[[1;34mINFO[m] [1m--- [0;32mmaven-jar-plugin:2.1:jar[m [1m(default-jar)[m @ [36mmaven-project[0;1m ---[m
[[1;34mINFO[m] Building jar: /home/user/Workspace/reproducibility/Reproducibility-Scanner/benchmarks/bugs-dot-jar/maven/maven-project/target/maven-project-3.0-SNAPSHOT.jar
[[1;34mINFO[m] 
[[1;34mINFO[m] [1m--- [0;32mmaven-install-plugin:2.2:install[m [1m(default-install)[m @ [36mmaven-project[0;1m ---[m
[[1;34mINFO[m] Installing /home/user/Workspace/reproducibility/Reproducibility-Scanner/benchmarks/bugs-dot-jar/maven/maven-project/target/maven-project-3.0-SNAPSHOT.jar to /home/user/.m2/repository/org/apache/maven/maven-project/3.0-SNAPSHOT/maven-project-3.0-SNAPSHOT.jar
[[1;34mINFO[m] Installing /home/user/Workspace/reproducibility/Reproducibility-Scanner/benchmarks/bugs-dot-jar/maven/maven-project/pom.xml to /home/user/.m2/repository/org/apache/maven/maven-project/3.0-SNAPSHOT/maven-project-3.0-SNAPSHOT.pom
[[1;34mINFO[m] 
[[1;34mINFO[m] [1m--------------------< [0;36morg.apache.maven:maven-core[0;1m >---------------------[m
[[1;34mINFO[m] [1mBuilding Maven Core 3.0-SNAPSHOT                                 [10/13][m
[[1;34mINFO[m] [1m--------------------------------[ jar ]---------------------------------[m
Downloading from centralhttps: http://insecure.repo1.maven.org/maven2/org/apache/maven/shared/maven-test-tools/1.0-alpha-1/maven-test-tools-1.0-alpha-1.pom
Downloaded from centralhttps: http://insecure.repo1.maven.org/maven2/org/apache/maven/shared/maven-test-tools/1.0-alpha-1/maven-test-tools-1.0-alpha-1.pom (0 B at 0 B/s)
Downloading from centralhttps: http://insecure.repo1.maven.org/maven2/org/sonatype/plexus/plexus-plugin-manager/1.0-alpha-1/plexus-plugin-manager-1.0-alpha-1.pom
Downloaded from centralhttps: http://insecure.repo1.maven.org/maven2/org/sonatype/plexus/plexus-plugin-manager/1.0-alpha-1/plexus-plugin-manager-1.0-alpha-1.pom (0 B at 0 B/s)
Downloading from centralhttps: http://insecure.repo1.maven.org/maven2/org/apache/maven/mercury/mercury-plexus/1.0.0-alpha-2/mercury-plexus-1.0.0-alpha-2.pom
Downloaded from centralhttps: http://insecure.repo1.maven.org/maven2/org/apache/maven/mercury/mercury-plexus/1.0.0-alpha-2/mercury-plexus-1.0.0-alpha-2.pom (0 B at 0 B/s)
Downloading from centralhttps: http://insecure.repo1.maven.org/maven2/org/slf4j/slf4j-jdk14/1.5.3/slf4j-jdk14-1.5.3.pom
Downloaded from centralhttps: http://insecure.repo1.maven.org/maven2/org/slf4j/slf4j-jdk14/1.5.3/slf4j-jdk14-1.5.3.pom (0 B at 0 B/s)
Downloading from centralhttps: http://insecure.repo1.maven.org/maven2/org/apache/maven/shared/maven-test-tools/1.0-alpha-1/maven-test-tools-1.0-alpha-1.jar
Downloading from centralhttps: http://insecure.repo1.maven.org/maven2/org/apache/maven/mercury/mercury-plexus/1.0.0-alpha-2/mercury-plexus-1.0.0-alpha-2.jar
Downloading from centralhttps: http://insecure.repo1.maven.org/maven2/org/slf4j/slf4j-jdk14/1.5.3/slf4j-jdk14-1.5.3.jar
Downloading from centralhttps: http://insecure.repo1.maven.org/maven2/org/sonatype/plexus/plexus-plugin-manager/1.0-alpha-1/plexus-plugin-manager-1.0-alpha-1.jar
Downloaded from centralhttps: http://insecure.repo1.maven.org/maven2/org/apache/maven/shared/maven-test-tools/1.0-alpha-1/maven-test-tools-1.0-alpha-1.jar (0 B at 0 B/s)
Downloaded from centralhttps: http://insecure.repo1.maven.org/maven2/org/slf4j/slf4j-jdk14/1.5.3/slf4j-jdk14-1.5.3.jar (0 B at 0 B/s)
Downloaded from centralhttps: http://insecure.repo1.maven.org/maven2/org/sonatype/plexus/plexus-plugin-manager/1.0-alpha-1/plexus-plugin-manager-1.0-alpha-1.jar (0 B at 0 B/s)
Downloaded from centralhttps: http://insecure.repo1.maven.org/maven2/org/apache/maven/mercury/mercury-plexus/1.0.0-alpha-2/mercury-plexus-1.0.0-alpha-2.jar (0 B at 0 B/s)
[[1;34mINFO[m] 
[[1;34mINFO[m] [1m--- [0;32mmodello-maven-plugin:1.0-alpha-22:java[m [1m(standard)[m @ [36mmaven-core[0;1m ---[m
[[1;34mINFO[m] outputDirectory: /home/user/Workspace/reproducibility/Reproducibility-Scanner/benchmarks/bugs-dot-jar/maven/maven-core/target/generated-sources/modello
[[1;34mINFO[m] Working on model: src/main/mdo/settings.mdo
[[1;34mINFO[m] Generating current version: 1.0.0
[[1;34mINFO[m] 
[[1;34mINFO[m] [1m--- [0;32mmodello-maven-plugin:1.0-alpha-22:xpp3-reader[m [1m(standard)[m @ [36mmaven-core[0;1m ---[m
[[1;34mINFO[m] outputDirectory: /home/user/Workspace/reproducibility/Reproducibility-Scanner/benchmarks/bugs-dot-jar/maven/maven-core/target/generated-sources/modello
[[1;34mINFO[m] Working on model: src/main/mdo/settings.mdo
[[1;34mINFO[m] Generating current version: 1.0.0
[[1;34mINFO[m] 
[[1;34mINFO[m] [1m--- [0;32mmodello-maven-plugin:1.0-alpha-22:xpp3-writer[m [1m(standard)[m @ [36mmaven-core[0;1m ---[m
[[1;34mINFO[m] outputDirectory: /home/user/Workspace/reproducibility/Reproducibility-Scanner/benchmarks/bugs-dot-jar/maven/maven-core/target/generated-sources/modello
[[1;34mINFO[m] Working on model: src/main/mdo/settings.mdo
[[1;34mINFO[m] Generating current version: 1.0.0
[[1;34mINFO[m] 
[[1;34mINFO[m] [1m--- [0;32mmaven-remote-resources-plugin:1.0:process[m [1m(default)[m @ [36mmaven-core[0;1m ---[m
[[1;34mINFO[m] 
[[1;34mINFO[m] [1m--- [0;32mmaven-resources-plugin:2.3:resources[m [1m(default-resources)[m @ [36mmaven-core[0;1m ---[m
[[1;34mINFO[m] Using 'UTF-8' encoding to copy filtered resources.
[[1;34mINFO[m] Copying 19 resources
[[1;34mINFO[m] Copying 3 resources
[[1;34mINFO[m] 
[[1;34mINFO[m] [1m--- [0;32mmaven-compiler-plugin:2.0.2:compile[m [1m(default-compile)[m @ [36mmaven-core[0;1m ---[m
[[1;34mINFO[m] Compiling 128 source files to /home/user/Workspace/reproducibility/Reproducibility-Scanner/benchmarks/bugs-dot-jar/maven/maven-core/target/classes
[[1;34mINFO[m] 
[[1;34mINFO[m] [1m--- [0;32mplexus-component-metadata:1.0-beta-3.0.5:generate-metadata[m [1m(default)[m @ [36mmaven-core[0;1m ---[m
[[1;34mINFO[m] Discovered 20 component descriptors(s)
[[1;34mINFO[m] 
[[1;34mINFO[m] [1m--- [0;32mmaven-resources-plugin:2.3:testResources[m [1m(default-testResources)[m @ [36mmaven-core[0;1m ---[m
[[1;34mINFO[m] Using 'UTF-8' encoding to copy filtered resources.
[[1;34mINFO[m] Copying 145 resources
[[1;34mINFO[m] Copying 3 resources
[[1;34mINFO[m] 
[[1;34mINFO[m] [1m--- [0;32mmaven-compiler-plugin:2.0.2:testCompile[m [1m(default-testCompile)[m @ [36mmaven-core[0;1m ---[m
[[1;34mINFO[m] Compiling 16 source files to /home/user/Workspace/reproducibility/Reproducibility-Scanner/benchmarks/bugs-dot-jar/maven/maven-core/target/test-classes
[[1;34mINFO[m] 
[[1;34mINFO[m] [1m--- [0;32mmaven-surefire-plugin:2.4.2:test[m [1m(default-test)[m @ [36mmaven-core[0;1m ---[m
[[1;34mINFO[m] Tests are skipped.
[[1;34mINFO[m] 
[[1;34mINFO[m] [1m--- [0;32mmaven-jar-plugin:2.1:jar[m [1m(default-jar)[m @ [36mmaven-core[0;1m ---[m
[[1;34mINFO[m] Building jar: /home/user/Workspace/reproducibility/Reproducibility-Scanner/benchmarks/bugs-dot-jar/maven/maven-core/target/maven-core-3.0-SNAPSHOT.jar
[[1;34mINFO[m] 
[[1;34mINFO[m] [1m--- [0;32mmaven-install-plugin:2.2:install[m [1m(default-install)[m @ [36mmaven-core[0;1m ---[m
[[1;34mINFO[m] Installing /home/user/Workspace/reproducibility/Reproducibility-Scanner/benchmarks/bugs-dot-jar/maven/maven-core/target/maven-core-3.0-SNAPSHOT.jar to /home/user/.m2/repository/org/apache/maven/maven-core/3.0-SNAPSHOT/maven-core-3.0-SNAPSHOT.jar
[[1;34mINFO[m] Installing /home/user/Workspace/reproducibility/Reproducibility-Scanner/benchmarks/bugs-dot-jar/maven/maven-core/pom.xml to /home/user/.m2/repository/org/apache/maven/maven-core/3.0-SNAPSHOT/maven-core-3.0-SNAPSHOT.pom
[[1;34mINFO[m] 
[[1;34mINFO[m] [1m------------------< [0;36morg.apache.maven:maven-toolchain[0;1m >------------------[m
[[1;34mINFO[m] [1mBuilding Maven Toolchains 3.0-SNAPSHOT                           [11/13][m
[[1;34mINFO[m] [1m--------------------------------[ jar ]---------------------------------[m
[[1;34mINFO[m] 
[[1;34mINFO[m] [1m--- [0;32mmodello-maven-plugin:1.0-alpha-22:java[m [1m(standard)[m @ [36mmaven-toolchain[0;1m ---[m
[[1;34mINFO[m] outputDirectory: /home/user/Workspace/reproducibility/Reproducibility-Scanner/benchmarks/bugs-dot-jar/maven/maven-toolchain/target/generated-sources/modello
[[1;34mINFO[m] Working on model: src/main/mdo/toolchains.xml
[[1;34mINFO[m] Generating current version: 1.0.0
[[1;34mINFO[m] 
[[1;34mINFO[m] [1m--- [0;32mmodello-maven-plugin:1.0-alpha-22:xpp3-reader[m [1m(standard)[m @ [36mmaven-toolchain[0;1m ---[m
[[1;34mINFO[m] outputDirectory: /home/user/Workspace/reproducibility/Reproducibility-Scanner/benchmarks/bugs-dot-jar/maven/maven-toolchain/target/generated-sources/modello
[[1;34mINFO[m] Working on model: src/main/mdo/toolchains.xml
[[1;34mINFO[m] Generating current version: 1.0.0
[[1;34mINFO[m] 
[[1;34mINFO[m] [1m--- [0;32mmodello-maven-plugin:1.0-alpha-22:xpp3-writer[m [1m(standard)[m @ [36mmaven-toolchain[0;1m ---[m
[[1;34mINFO[m] outputDirectory: /home/user/Workspace/reproducibility/Reproducibility-Scanner/benchmarks/bugs-dot-jar/maven/maven-toolchain/target/generated-sources/modello
[[1;34mINFO[m] Working on model: src/main/mdo/toolchains.xml
[[1;34mINFO[m] Generating current version: 1.0.0
[[1;34mINFO[m] 
[[1;34mINFO[m] [1m--- [0;32mmodello-maven-plugin:1.0-alpha-22:java[m [1m(default)[m @ [36mmaven-toolchain[0;1m ---[m
[[1;34mINFO[m] outputDirectory: /home/user/Workspace/reproducibility/Reproducibility-Scanner/benchmarks/bugs-dot-jar/maven/maven-toolchain/target/generated-sources/modello
[[1;34mINFO[m] Working on model: src/main/mdo/toolchains.xml
[[1;34mINFO[m] Generating current version: 1.0.0
[[1;34mINFO[m] 
[[1;34mINFO[m] [1m--- [0;32mmodello-maven-plugin:1.0-alpha-22:xsd[m [1m(default)[m @ [36mmaven-toolchain[0;1m ---[m
[[1;34mINFO[m] outputDirectory: /home/user/Workspace/reproducibility/Reproducibility-Scanner/benchmarks/bugs-dot-jar/maven/maven-toolchain/target/generated-site/xsd
[[1;34mINFO[m] Working on model: src/main/mdo/toolchains.xml
[[1;34mINFO[m] Generating current version: 1.0.0
[[1;34mINFO[m] 
[[1;34mINFO[m] [1m--- [0;32mmodello-maven-plugin:1.0-alpha-22:xpp3-reader[m [1m(default)[m @ [36mmaven-toolchain[0;1m ---[m
[[1;34mINFO[m] outputDirectory: /home/user/Workspace/reproducibility/Reproducibility-Scanner/benchmarks/bugs-dot-jar/maven/maven-toolchain/target/generated-sources/modello
[[1;34mINFO[m] Working on model: src/main/mdo/toolchains.xml
[[1;34mINFO[m] Generating current version: 1.0.0
[[1;34mINFO[m] 
[[1;34mINFO[m] [1m--- [0;32mmaven-remote-resources-plugin:1.0:process[m [1m(default)[m @ [36mmaven-toolchain[0;1m ---[m
[[1;34mINFO[m] 
[[1;34mINFO[m] [1m--- [0;32mmaven-resources-plugin:2.3:resources[m [1m(default-resources)[m @ [36mmaven-toolchain[0;1m ---[m
[[1;34mINFO[m] Using 'UTF-8' encoding to copy filtered resources.
[[1;34mINFO[m] Copying 1 resource
[[1;34mINFO[m] Copying 3 resources
[[1;34mINFO[m] 
[[1;34mINFO[m] [1m--- [0;32mmaven-compiler-plugin:2.0.2:compile[m [1m(default-compile)[m @ [36mmaven-toolchain[0;1m ---[m
[[1;34mINFO[m] Compiling 17 source files to /home/user/Workspace/reproducibility/Reproducibility-Scanner/benchmarks/bugs-dot-jar/maven/maven-toolchain/target/classes
[[1;34mINFO[m] 
[[1;34mINFO[m] [1m--- [0;32mmaven-resources-plugin:2.3:testResources[m [1m(default-testResources)[m @ [36mmaven-toolchain[0;1m ---[m
[[1;34mINFO[m] Using 'UTF-8' encoding to copy filtered resources.
[[1;34mINFO[m] skip non existing resourceDirectory /home/user/Workspace/reproducibility/Reproducibility-Scanner/benchmarks/bugs-dot-jar/maven/maven-toolchain/src/test/resources
[[1;34mINFO[m] Copying 3 resources
[[1;34mINFO[m] 
[[1;34mINFO[m] [1m--- [0;32mmaven-compiler-plugin:2.0.2:testCompile[m [1m(default-testCompile)[m @ [36mmaven-toolchain[0;1m ---[m
[[1;34mINFO[m] Compiling 1 source file to /home/user/Workspace/reproducibility/Reproducibility-Scanner/benchmarks/bugs-dot-jar/maven/maven-toolchain/target/test-classes
[[1;34mINFO[m] 
[[1;34mINFO[m] [1m--- [0;32mmaven-surefire-plugin:2.4.2:test[m [1m(default-test)[m @ [36mmaven-toolchain[0;1m ---[m
[[1;34mINFO[m] Tests are skipped.
[[1;34mINFO[m] 
[[1;34mINFO[m] [1m--- [0;32mmaven-jar-plugin:2.1:jar[m [1m(default-jar)[m @ [36mmaven-toolchain[0;1m ---[m
[[1;34mINFO[m] Building jar: /home/user/Workspace/reproducibility/Reproducibility-Scanner/benchmarks/bugs-dot-jar/maven/maven-toolchain/target/maven-toolchain-3.0-SNAPSHOT.jar
[[1;34mINFO[m] 
[[1;34mINFO[m] [1m--- [0;32mmaven-install-plugin:2.2:install[m [1m(default-install)[m @ [36mmaven-toolchain[0;1m ---[m
[[1;34mINFO[m] Installing /home/user/Workspace/reproducibility/Reproducibility-Scanner/benchmarks/bugs-dot-jar/maven/maven-toolchain/target/maven-toolchain-3.0-SNAPSHOT.jar to /home/user/.m2/repository/org/apache/maven/maven-toolchain/3.0-SNAPSHOT/maven-toolchain-3.0-SNAPSHOT.jar
[[1;34mINFO[m] Installing /home/user/Workspace/reproducibility/Reproducibility-Scanner/benchmarks/bugs-dot-jar/maven/maven-toolchain/pom.xml to /home/user/.m2/repository/org/apache/maven/maven-toolchain/3.0-SNAPSHOT/maven-toolchain-3.0-SNAPSHOT.pom
[[1;34mINFO[m] 
[[1;34mINFO[m] [1m------------------< [0;36morg.apache.maven:maven-embedder[0;1m >-------------------[m
[[1;34mINFO[m] [1mBuilding Maven Embedder 3.0-SNAPSHOT                             [12/13][m
[[1;34mINFO[m] [1m--------------------------------[ jar ]---------------------------------[m
Downloading from centralhttps: http://insecure.repo1.maven.org/maven2/org/apache/maven/wagon/wagon-http-lightweight/1.0-beta-4/wagon-http-lightweight-1.0-beta-4.pom
Downloaded from centralhttps: http://insecure.repo1.maven.org/maven2/org/apache/maven/wagon/wagon-http-lightweight/1.0-beta-4/wagon-http-lightweight-1.0-beta-4.pom (0 B at 0 B/s)
Downloading from centralhttps: http://insecure.repo1.maven.org/maven2/org/apache/maven/wagon/wagon-http-shared/1.0-beta-4/wagon-http-shared-1.0-beta-4.pom
Downloaded from centralhttps: http://insecure.repo1.maven.org/maven2/org/apache/maven/wagon/wagon-http-shared/1.0-beta-4/wagon-http-shared-1.0-beta-4.pom (0 B at 0 B/s)
Downloading from centralhttps: http://insecure.repo1.maven.org/maven2/org/apache/maven/wagon/wagon-ssh/1.0-beta-4/wagon-ssh-1.0-beta-4.pom
Downloaded from centralhttps: http://insecure.repo1.maven.org/maven2/org/apache/maven/wagon/wagon-ssh/1.0-beta-4/wagon-ssh-1.0-beta-4.pom (0 B at 0 B/s)
Downloading from centralhttps: http://insecure.repo1.maven.org/maven2/org/apache/maven/wagon/wagon-ssh-common/1.0-beta-4/wagon-ssh-common-1.0-beta-4.pom
Downloaded from centralhttps: http://insecure.repo1.maven.org/maven2/org/apache/maven/wagon/wagon-ssh-common/1.0-beta-4/wagon-ssh-common-1.0-beta-4.pom (0 B at 0 B/s)
Downloading from centralhttps: http://insecure.repo1.maven.org/maven2/org/apache/maven/wagon/wagon-ssh-external/1.0-beta-4/wagon-ssh-external-1.0-beta-4.pom
Downloaded from centralhttps: http://insecure.repo1.maven.org/maven2/org/apache/maven/wagon/wagon-ssh-external/1.0-beta-4/wagon-ssh-external-1.0-beta-4.pom (0 B at 0 B/s)
Downloading from centralhttps: http://insecure.repo1.maven.org/maven2/org/apache/maven/wagon/wagon-http-lightweight/1.0-beta-4/wagon-http-lightweight-1.0-beta-4.jar
Downloading from centralhttps: http://insecure.repo1.maven.org/maven2/org/apache/maven/wagon/wagon-ssh-common/1.0-beta-4/wagon-ssh-common-1.0-beta-4.jar
Downloading from centralhttps: http://insecure.repo1.maven.org/maven2/org/apache/maven/wagon/wagon-ssh-external/1.0-beta-4/wagon-ssh-external-1.0-beta-4.jar
Downloading from centralhttps: http://insecure.repo1.maven.org/maven2/org/apache/maven/wagon/wagon-ssh/1.0-beta-4/wagon-ssh-1.0-beta-4.jar
Downloading from centralhttps: http://insecure.repo1.maven.org/maven2/org/apache/maven/wagon/wagon-http-shared/1.0-beta-4/wagon-http-shared-1.0-beta-4.jar
Downloaded from centralhttps: http://insecure.repo1.maven.org/maven2/org/apache/maven/wagon/wagon-ssh-common/1.0-beta-4/wagon-ssh-common-1.0-beta-4.jar (0 B at 0 B/s)
Downloaded from centralhttps: http://insecure.repo1.maven.org/maven2/org/apache/maven/wagon/wagon-ssh/1.0-beta-4/wagon-ssh-1.0-beta-4.jar (0 B at 0 B/s)
Downloaded from centralhttps: http://insecure.repo1.maven.org/maven2/org/apache/maven/wagon/wagon-ssh-external/1.0-beta-4/wagon-ssh-external-1.0-beta-4.jar (0 B at 0 B/s)
Downloaded from centralhttps: http://insecure.repo1.maven.org/maven2/org/apache/maven/wagon/wagon-http-lightweight/1.0-beta-4/wagon-http-lightweight-1.0-beta-4.jar (0 B at 0 B/s)
Downloaded from centralhttps: http://insecure.repo1.maven.org/maven2/org/apache/maven/wagon/wagon-http-shared/1.0-beta-4/wagon-http-shared-1.0-beta-4.jar (0 B at 0 B/s)
[[1;34mINFO[m] 
[[1;34mINFO[m] [1m--- [0;32mmaven-remote-resources-plugin:1.0:process[m [1m(default)[m @ [36mmaven-embedder[0;1m ---[m
[[1;34mINFO[m] 
[[1;34mINFO[m] [1m--- [0;32mmaven-resources-plugin:2.3:resources[m [1m(default-resources)[m @ [36mmaven-embedder[0;1m ---[m
[[1;34mINFO[m] Using 'UTF-8' encoding to copy filtered resources.
[[1;34mINFO[m] Copying 1 resource
[[1;34mINFO[m] Copying 3 resources
[[1;34mINFO[m] 
[[1;34mINFO[m] [1m--- [0;32mmaven-compiler-plugin:2.0.2:compile[m [1m(default-compile)[m @ [36mmaven-embedder[0;1m ---[m
[[1;34mINFO[m] Compiling 26 source files to /home/user/Workspace/reproducibility/Reproducibility-Scanner/benchmarks/bugs-dot-jar/maven/maven-embedder/target/classes
[[1;34mINFO[m] 
[[1;34mINFO[m] [1m--- [0;32mplexus-component-metadata:1.0-beta-3.0.5:generate-metadata[m [1m(default)[m @ [36mmaven-embedder[0;1m ---[m
[[1;34mINFO[m] Discovered 1 component descriptors(s)
[[1;34mINFO[m] 
[[1;34mINFO[m] [1m--- [0;32mmaven-resources-plugin:2.3:testResources[m [1m(default-testResources)[m @ [36mmaven-embedder[0;1m ---[m
[[1;34mINFO[m] Using 'UTF-8' encoding to copy filtered resources.
[[1;34mINFO[m] Copying 6 resources
[[1;34mINFO[m] Copying 3 resources
[[1;34mINFO[m] 
[[1;34mINFO[m] [1m--- [0;32mmaven-compiler-plugin:2.0.2:testCompile[m [1m(default-testCompile)[m @ [36mmaven-embedder[0;1m ---[m
[[1;34mINFO[m] Compiling 19 source files to /home/user/Workspace/reproducibility/Reproducibility-Scanner/benchmarks/bugs-dot-jar/maven/maven-embedder/target/test-classes
[[1;34mINFO[m] 
[[1;34mINFO[m] [1m--- [0;32mmaven-surefire-plugin:2.4.2:test[m [1m(default-test)[m @ [36mmaven-embedder[0;1m ---[m
[[1;34mINFO[m] Tests are skipped.
[[1;34mINFO[m] 
[[1;34mINFO[m] [1m--- [0;32mmaven-jar-plugin:2.1:jar[m [1m(default-jar)[m @ [36mmaven-embedder[0;1m ---[m
[[1;34mINFO[m] Building jar: /home/user/Workspace/reproducibility/Reproducibility-Scanner/benchmarks/bugs-dot-jar/maven/maven-embedder/target/maven-embedder-3.0-SNAPSHOT.jar
[[1;34mINFO[m] 
[[1;34mINFO[m] [1m--- [0;32mmaven-install-plugin:2.2:install[m [1m(default-install)[m @ [36mmaven-embedder[0;1m ---[m
[[1;34mINFO[m] Installing /home/user/Workspace/reproducibility/Reproducibility-Scanner/benchmarks/bugs-dot-jar/maven/maven-embedder/target/maven-embedder-3.0-SNAPSHOT.jar to /home/user/.m2/repository/org/apache/maven/maven-embedder/3.0-SNAPSHOT/maven-embedder-3.0-SNAPSHOT.jar
[[1;34mINFO[m] Installing /home/user/Workspace/reproducibility/Reproducibility-Scanner/benchmarks/bugs-dot-jar/maven/maven-embedder/pom.xml to /home/user/.m2/repository/org/apache/maven/maven-embedder/3.0-SNAPSHOT/maven-embedder-3.0-SNAPSHOT.pom
[[1;34mINFO[m] 
[[1;34mINFO[m] [1m-------------------< [0;36morg.apache.maven:apache-maven[0;1m >--------------------[m
[[1;34mINFO[m] [1mBuilding Maven Distribution 3.0-SNAPSHOT                         [13/13][m
[[1;34mINFO[m] [1m--------------------------------[ jar ]---------------------------------[m
Downloading from centralhttps: http://insecure.repo1.maven.org/maven2/org/sonatype/mercury/mercury-mp3-cli/1.0-alpha-1/mercury-mp3-cli-1.0-alpha-1.pom
Downloaded from centralhttps: http://insecure.repo1.maven.org/maven2/org/sonatype/mercury/mercury-mp3-cli/1.0-alpha-1/mercury-mp3-cli-1.0-alpha-1.pom (0 B at 0 B/s)
Downloading from centralhttps: http://insecure.repo1.maven.org/maven2/org/sonatype/mercury/mercury-mp3/1.0-alpha-1/mercury-mp3-1.0-alpha-1.pom
Downloaded from centralhttps: http://insecure.repo1.maven.org/maven2/org/sonatype/mercury/mercury-mp3/1.0-alpha-1/mercury-mp3-1.0-alpha-1.pom (0 B at 0 B/s)
Downloading from centralhttps: http://insecure.repo1.maven.org/maven2/org/sonatype/mercury/mercury-mp3-delta/1.0-alpha-1/mercury-mp3-delta-1.0-alpha-1.pom
Downloaded from centralhttps: http://insecure.repo1.maven.org/maven2/org/sonatype/mercury/mercury-mp3-delta/1.0-alpha-1/mercury-mp3-delta-1.0-alpha-1.pom (0 B at 0 B/s)
Downloading from centralhttps: http://insecure.repo1.maven.org/maven2/org/sonatype/mercury/mercury-mp3-api/1.0-alpha-1/mercury-mp3-api-1.0-alpha-1.pom
Downloaded from centralhttps: http://insecure.repo1.maven.org/maven2/org/sonatype/mercury/mercury-mp3-api/1.0-alpha-1/mercury-mp3-api-1.0-alpha-1.pom (0 B at 0 B/s)
Downloading from apache.snapshots: http://people.apache.org/repo/m2-snapshot-repository/org/apache/maven/mercury/mercury-event/1.0.0-alpha-4-SNAPSHOT/maven-metadata.xml
Downloading from apache.snapshots: http://people.apache.org/repo/m2-snapshot-repository/org/apache/maven/mercury/mercury-event/1.0.0-alpha-4-SNAPSHOT/mercury-event-1.0.0-alpha-4-SNAPSHOT.pom
[[1;33mWARNING[m] The POM for org.apache.maven.mercury:mercury-event:jar:1.0.0-alpha-4-SNAPSHOT is missing, no dependency information available
Downloading from apache.snapshots: http://people.apache.org/repo/m2-snapshot-repository/org/apache/maven/mercury/mercury-logging/1.0.0-alpha-4-SNAPSHOT/maven-metadata.xml
Downloading from apache.snapshots: http://people.apache.org/repo/m2-snapshot-repository/org/apache/maven/mercury/mercury-logging/1.0.0-alpha-4-SNAPSHOT/mercury-logging-1.0.0-alpha-4-SNAPSHOT.pom
[[1;33mWARNING[m] The POM for org.apache.maven.mercury:mercury-logging:jar:1.0.0-alpha-4-SNAPSHOT is missing, no dependency information available
Downloading from apache.snapshots: http://people.apache.org/repo/m2-snapshot-repository/org/apache/maven/mercury/mercury-plexus/1.0.0-alpha-4-SNAPSHOT/maven-metadata.xml
Downloading from apache.snapshots: http://people.apache.org/repo/m2-snapshot-repository/org/apache/maven/mercury/mercury-plexus/1.0.0-alpha-4-SNAPSHOT/mercury-plexus-1.0.0-alpha-4-SNAPSHOT.pom
[[1;33mWARNING[m] The POM for org.apache.maven.mercury:mercury-plexus:jar:1.0.0-alpha-4-SNAPSHOT is missing, no dependency information available
Downloading from centralhttps: http://insecure.repo1.maven.org/maven2/org/codehaus/plexus/plexus-cli/1.5/plexus-cli-1.5.pom
Downloaded from centralhttps: http://insecure.repo1.maven.org/maven2/org/codehaus/plexus/plexus-cli/1.5/plexus-cli-1.5.pom (0 B at 0 B/s)
Downloading from centralhttps: http://insecure.repo1.maven.org/maven2/org/codehaus/plexus/plexus-tools/1.0.11/plexus-tools-1.0.11.pom
Downloaded from centralhttps: http://insecure.repo1.maven.org/maven2/org/codehaus/plexus/plexus-tools/1.0.11/plexus-tools-1.0.11.pom (0 B at 0 B/s)
Downloading from centralhttps: http://insecure.repo1.maven.org/maven2/jline/jline/0.9.9/jline-0.9.9.pom
Downloaded from centralhttps: http://insecure.repo1.maven.org/maven2/jline/jline/0.9.9/jline-0.9.9.pom (0 B at 0 B/s)
Downloading from centralhttps: http://insecure.repo1.maven.org/maven2/org/mortbay/jetty/jetty-client/6.1.15.rc2/jetty-client-6.1.15.rc2.pom
Downloaded from centralhttps: http://insecure.repo1.maven.org/maven2/org/mortbay/jetty/jetty-client/6.1.15.rc2/jetty-client-6.1.15.rc2.pom (0 B at 0 B/s)
Downloading from centralhttps: http://insecure.repo1.maven.org/maven2/org/mortbay/jetty/project/6.1.15.rc2/project-6.1.15.rc2.pom
Downloaded from centralhttps: http://insecure.repo1.maven.org/maven2/org/mortbay/jetty/project/6.1.15.rc2/project-6.1.15.rc2.pom (0 B at 0 B/s)
Downloading from centralhttps: http://insecure.repo1.maven.org/maven2/org/mortbay/jetty/jetty-util5/6.1.15.rc2/jetty-util5-6.1.15.rc2.pom
Downloaded from centralhttps: http://insecure.repo1.maven.org/maven2/org/mortbay/jetty/jetty-util5/6.1.15.rc2/jetty-util5-6.1.15.rc2.pom (0 B at 0 B/s)
Downloading from centralhttps: http://insecure.repo1.maven.org/maven2/org/mortbay/jetty/jetty-util/6.1.15.rc2/jetty-util-6.1.15.rc2.pom
Downloaded from centralhttps: http://insecure.repo1.maven.org/maven2/org/mortbay/jetty/jetty-util/6.1.15.rc2/jetty-util-6.1.15.rc2.pom (0 B at 0 B/s)
Downloading from centralhttps: http://insecure.repo1.maven.org/maven2/org/sonatype/mercury/mercury-mp3-cli/1.0-alpha-1/mercury-mp3-cli-1.0-alpha-1.jar
Downloading from centralhttps: http://insecure.repo1.maven.org/maven2/org/sonatype/mercury/mercury-mp3-api/1.0-alpha-1/mercury-mp3-api-1.0-alpha-1.jar
Downloading from centralhttps: http://insecure.repo1.maven.org/maven2/org/sonatype/mercury/mercury-mp3-delta/1.0-alpha-1/mercury-mp3-delta-1.0-alpha-1.jar
Downloading from centralhttps: http://insecure.repo1.maven.org/maven2/jline/jline/0.9.9/jline-0.9.9.jar
Downloading from centralhttps: http://insecure.repo1.maven.org/maven2/org/codehaus/plexus/plexus-cli/1.5/plexus-cli-1.5.jar
Downloaded from centralhttps: http://insecure.repo1.maven.org/maven2/org/sonatype/mercury/mercury-mp3-delta/1.0-alpha-1/mercury-mp3-delta-1.0-alpha-1.jar (0 B at 0 B/s)
Downloading from centralhttps: http://insecure.repo1.maven.org/maven2/org/mortbay/jetty/jetty-client/6.1.15.rc2/jetty-client-6.1.15.rc2-assembly.jar
Downloaded from centralhttps: http://insecure.repo1.maven.org/maven2/jline/jline/0.9.9/jline-0.9.9.jar (0 B at 0 B/s)
Downloading from centralhttps: http://insecure.repo1.maven.org/maven2/org/mortbay/jetty/jetty-util5/6.1.15.rc2/jetty-util5-6.1.15.rc2.jar
Downloaded from centralhttps: http://insecure.repo1.maven.org/maven2/org/codehaus/plexus/plexus-cli/1.5/plexus-cli-1.5.jar (0 B at 0 B/s)
Downloading from centralhttps: http://insecure.repo1.maven.org/maven2/org/mortbay/jetty/jetty-util/6.1.15.rc2/jetty-util-6.1.15.rc2.jar
Downloaded from centralhttps: http://insecure.repo1.maven.org/maven2/org/sonatype/mercury/mercury-mp3-api/1.0-alpha-1/mercury-mp3-api-1.0-alpha-1.jar (0 B at 0 B/s)
Downloaded from centralhttps: http://insecure.repo1.maven.org/maven2/org/mortbay/jetty/jetty-util5/6.1.15.rc2/jetty-util5-6.1.15.rc2.jar (0 B at 0 B/s)
Downloaded from centralhttps: http://insecure.repo1.maven.org/maven2/org/mortbay/jetty/jetty-util/6.1.15.rc2/jetty-util-6.1.15.rc2.jar (0 B at 0 B/s)
Downloaded from centralhttps: http://insecure.repo1.maven.org/maven2/org/mortbay/jetty/jetty-client/6.1.15.rc2/jetty-client-6.1.15.rc2-assembly.jar (0 B at 0 B/s)
Downloaded from centralhttps: http://insecure.repo1.maven.org/maven2/org/sonatype/mercury/mercury-mp3-cli/1.0-alpha-1/mercury-mp3-cli-1.0-alpha-1.jar (0 B at 0 B/s)
[[1;34mINFO[m] 
[[1;34mINFO[m] [1m--- [0;32mmaven-remote-resources-plugin:1.0:process[m [1m(default)[m @ [36mapache-maven[0;1m ---[m
[[1;34mINFO[m] 
[[1;34mINFO[m] [1m--- [0;32mmaven-resources-plugin:2.3:resources[m [1m(default-resources)[m @ [36mapache-maven[0;1m ---[m
[[1;34mINFO[m] Using 'UTF-8' encoding to copy filtered resources.
[[1;34mINFO[m] skip non existing resourceDirectory /home/user/Workspace/reproducibility/Reproducibility-Scanner/benchmarks/bugs-dot-jar/maven/apache-maven/src/main/resources
[[1;34mINFO[m] Copying 3 resources
[[1;34mINFO[m] 
[[1;34mINFO[m] [1m--- [0;32mmaven-compiler-plugin:2.0.2:compile[m [1m(default-compile)[m @ [36mapache-maven[0;1m ---[m
[[1;34mINFO[m] No sources to compile
[[1;34mINFO[m] 
[[1;34mINFO[m] [1m--- [0;32mmaven-resources-plugin:2.3:testResources[m [1m(default-testResources)[m @ [36mapache-maven[0;1m ---[m
[[1;34mINFO[m] Using 'UTF-8' encoding to copy filtered resources.
[[1;34mINFO[m] skip non existing resourceDirectory /home/user/Workspace/reproducibility/Reproducibility-Scanner/benchmarks/bugs-dot-jar/maven/apache-maven/src/test/resources
[[1;34mINFO[m] Copying 3 resources
[[1;34mINFO[m] 
[[1;34mINFO[m] [1m--- [0;32mmaven-compiler-plugin:2.0.2:testCompile[m [1m(default-testCompile)[m @ [36mapache-maven[0;1m ---[m
[[1;34mINFO[m] Compiling 1 source file to /home/user/Workspace/reproducibility/Reproducibility-Scanner/benchmarks/bugs-dot-jar/maven/apache-maven/target/test-classes
[[1;34mINFO[m] 
[[1;34mINFO[m] [1m--- [0;32mmaven-surefire-plugin:2.4.2:test[m [1m(default-test)[m @ [36mapache-maven[0;1m ---[m
[[1;34mINFO[m] Tests are skipped.
[[1;34mINFO[m] 
[[1;34mINFO[m] [1m--- [0;32mmaven-jar-plugin:2.1:jar[m [1m(default-jar)[m @ [36mapache-maven[0;1m ---[m
[[1;34mINFO[m] Building jar: /home/user/Workspace/reproducibility/Reproducibility-Scanner/benchmarks/bugs-dot-jar/maven/apache-maven/target/apache-maven-3.0-SNAPSHOT.jar
[[1;34mINFO[m] 
[[1;34mINFO[m] [1m--- [0;32mmaven-assembly-plugin:2.2-beta-2:single[m [1m(create-distro)[m @ [36mapache-maven[0;1m ---[m
[[1;34mINFO[m] Reading assembly descriptor: src/main/assembly/bin.xml
[[1;34mINFO[m] Processing DependencySet (output=boot)
[[1;33mWARNING[m] Missing POM for org.apache.maven.mercury:mercury-event:jar:1.0.0-alpha-4-SNAPSHOT
[[1;33mWARNING[m] Missing POM for org.apache.maven.mercury:mercury-logging:jar:1.0.0-alpha-4-SNAPSHOT
[[1;33mWARNING[m] Missing POM for org.apache.maven.mercury:mercury-plexus:jar:1.0.0-alpha-4-SNAPSHOT
[[1;34mINFO[m] Processing DependencySet (output=lib)
[[1;33mWARNING[m] Missing POM for org.apache.maven.mercury:mercury-event:jar:1.0.0-alpha-4-SNAPSHOT
[[1;33mWARNING[m] Missing POM for org.apache.maven.mercury:mercury-logging:jar:1.0.0-alpha-4-SNAPSHOT
[[1;33mWARNING[m] Missing POM for org.apache.maven.mercury:mercury-plexus:jar:1.0.0-alpha-4-SNAPSHOT
[[1;33mWARNING[m] The following patterns were never triggered in this artifact exclusion filter:
o  'org.codehaus.plexus:plexus-component-api'
o  'classworlds:classworlds'
o  'jmock:jmock'
o  'xml-apis:xml-apis'
o  'org.apache.maven:maven-artifact'
o  'org.apache.maven:maven-monitor'
o  'org.apache.maven:maven-plugin-descriptor'
o  'jdom:jdom'

[[1;34mINFO[m] Processing DependencySet (output=bin/.cd/bin)
[[1;33mWARNING[m] Missing POM for org.apache.maven.mercury:mercury-event:jar:1.0.0-alpha-4-SNAPSHOT
[[1;33mWARNING[m] Missing POM for org.apache.maven.mercury:mercury-logging:jar:1.0.0-alpha-4-SNAPSHOT
[[1;33mWARNING[m] Missing POM for org.apache.maven.mercury:mercury-plexus:jar:1.0.0-alpha-4-SNAPSHOT
[[1;34mINFO[m] No files selected for line-ending conversion. Skipping: src/bin
[[1;34mINFO[m] No files selected for line-ending conversion. Skipping: src/bin
[[1;34mINFO[m] Building tar : /home/user/Workspace/reproducibility/Reproducibility-Scanner/benchmarks/bugs-dot-jar/maven/apache-maven/target/apache-maven-3.0-SNAPSHOT-bin.tar.gz
[[1;34mINFO[m] Processing DependencySet (output=boot)
[[1;33mWARNING[m] Missing POM for org.apache.maven.mercury:mercury-event:jar:1.0.0-alpha-4-SNAPSHOT
[[1;33mWARNING[m] Missing POM for org.apache.maven.mercury:mercury-logging:jar:1.0.0-alpha-4-SNAPSHOT
[[1;33mWARNING[m] Missing POM for org.apache.maven.mercury:mercury-plexus:jar:1.0.0-alpha-4-SNAPSHOT
[[1;34mINFO[m] Processing DependencySet (output=lib)
[[1;33mWARNING[m] Missing POM for org.apache.maven.mercury:mercury-event:jar:1.0.0-alpha-4-SNAPSHOT
[[1;33mWARNING[m] Missing POM for org.apache.maven.mercury:mercury-logging:jar:1.0.0-alpha-4-SNAPSHOT
[[1;33mWARNING[m] Missing POM for org.apache.maven.mercury:mercury-plexus:jar:1.0.0-alpha-4-SNAPSHOT
[[1;33mWARNING[m] The following patterns were never triggered in this artifact exclusion filter:
o  'org.codehaus.plexus:plexus-component-api'
o  'classworlds:classworlds'
o  'jmock:jmock'
o  'xml-apis:xml-apis'
o  'org.apache.maven:maven-artifact'
o  'org.apache.maven:maven-monitor'
o  'org.apache.maven:maven-plugin-descriptor'
o  'jdom:jdom'

[[1;34mINFO[m] Processing DependencySet (output=bin/.cd/bin)
[[1;33mWARNING[m] Missing POM for org.apache.maven.mercury:mercury-event:jar:1.0.0-alpha-4-SNAPSHOT
[[1;33mWARNING[m] Missing POM for org.apache.maven.mercury:mercury-logging:jar:1.0.0-alpha-4-SNAPSHOT
[[1;33mWARNING[m] Missing POM for org.apache.maven.mercury:mercury-plexus:jar:1.0.0-alpha-4-SNAPSHOT
[[1;34mINFO[m] No files selected for line-ending conversion. Skipping: src/bin
[[1;34mINFO[m] No files selected for line-ending conversion. Skipping: src/bin
[[1;34mINFO[m] Building tar : /home/user/Workspace/reproducibility/Reproducibility-Scanner/benchmarks/bugs-dot-jar/maven/apache-maven/target/apache-maven-3.0-SNAPSHOT-bin.tar.bz2
[[1;34mINFO[m] Processing DependencySet (output=boot)
[[1;33mWARNING[m] Missing POM for org.apache.maven.mercury:mercury-event:jar:1.0.0-alpha-4-SNAPSHOT
[[1;33mWARNING[m] Missing POM for org.apache.maven.mercury:mercury-logging:jar:1.0.0-alpha-4-SNAPSHOT
[[1;33mWARNING[m] Missing POM for org.apache.maven.mercury:mercury-plexus:jar:1.0.0-alpha-4-SNAPSHOT
[[1;34mINFO[m] Processing DependencySet (output=lib)
[[1;33mWARNING[m] Missing POM for org.apache.maven.mercury:mercury-event:jar:1.0.0-alpha-4-SNAPSHOT
[[1;33mWARNING[m] Missing POM for org.apache.maven.mercury:mercury-logging:jar:1.0.0-alpha-4-SNAPSHOT
[[1;33mWARNING[m] Missing POM for org.apache.maven.mercury:mercury-plexus:jar:1.0.0-alpha-4-SNAPSHOT
[[1;33mWARNING[m] The following patterns were never triggered in this artifact exclusion filter:
o  'org.codehaus.plexus:plexus-component-api'
o  'classworlds:classworlds'
o  'jmock:jmock'
o  'xml-apis:xml-apis'
o  'org.apache.maven:maven-artifact'
o  'org.apache.maven:maven-monitor'
o  'org.apache.maven:maven-plugin-descriptor'
o  'jdom:jdom'

[[1;34mINFO[m] Processing DependencySet (output=bin/.cd/bin)
[[1;33mWARNING[m] Missing POM for org.apache.maven.mercury:mercury-event:jar:1.0.0-alpha-4-SNAPSHOT
[[1;33mWARNING[m] Missing POM for org.apache.maven.mercury:mercury-logging:jar:1.0.0-alpha-4-SNAPSHOT
[[1;33mWARNING[m] Missing POM for org.apache.maven.mercury:mercury-plexus:jar:1.0.0-alpha-4-SNAPSHOT
[[1;34mINFO[m] No files selected for line-ending conversion. Skipping: src/bin
[[1;34mINFO[m] No files selected for line-ending conversion. Skipping: src/bin
[[1;34mINFO[m] Building zip: /home/user/Workspace/reproducibility/Reproducibility-Scanner/benchmarks/bugs-dot-jar/maven/apache-maven/target/apache-maven-3.0-SNAPSHOT-bin.zip
[[1;34mINFO[m] 
[[1;34mINFO[m] [1m--- [0;32mmaven-install-plugin:2.2:install[m [1m(default-install)[m @ [36mapache-maven[0;1m ---[m
[[1;34mINFO[m] Installing /home/user/Workspace/reproducibility/Reproducibility-Scanner/benchmarks/bugs-dot-jar/maven/apache-maven/target/apache-maven-3.0-SNAPSHOT.jar to /home/user/.m2/repository/org/apache/maven/apache-maven/3.0-SNAPSHOT/apache-maven-3.0-SNAPSHOT.jar
[[1;34mINFO[m] Installing /home/user/Workspace/reproducibility/Reproducibility-Scanner/benchmarks/bugs-dot-jar/maven/apache-maven/pom.xml to /home/user/.m2/repository/org/apache/maven/apache-maven/3.0-SNAPSHOT/apache-maven-3.0-SNAPSHOT.pom
[[1;34mINFO[m] Installing /home/user/Workspace/reproducibility/Reproducibility-Scanner/benchmarks/bugs-dot-jar/maven/apache-maven/target/apache-maven-3.0-SNAPSHOT-bin.tar.gz to /home/user/.m2/repository/org/apache/maven/apache-maven/3.0-SNAPSHOT/apache-maven-3.0-SNAPSHOT-bin.tar.gz
[[1;34mINFO[m] Installing /home/user/Workspace/reproducibility/Reproducibility-Scanner/benchmarks/bugs-dot-jar/maven/apache-maven/target/apache-maven-3.0-SNAPSHOT-bin.tar.bz2 to /home/user/.m2/repository/org/apache/maven/apache-maven/3.0-SNAPSHOT/apache-maven-3.0-SNAPSHOT-bin.tar.bz2
[[1;34mINFO[m] Installing /home/user/Workspace/reproducibility/Reproducibility-Scanner/benchmarks/bugs-dot-jar/maven/apache-maven/target/apache-maven-3.0-SNAPSHOT-bin.zip to /home/user/.m2/repository/org/apache/maven/apache-maven/3.0-SNAPSHOT/apache-maven-3.0-SNAPSHOT-bin.zip
[[1;34mINFO[m] [1m------------------------------------------------------------------------[m
[[1;34mINFO[m] [1mReactor Summary for Apache Maven 3.0-SNAPSHOT:[m
[[1;34mINFO[m] 
[[1;34mINFO[m] Apache Maven ....................................... [1;32mSUCCESS[m [  0.470 s]
[[1;34mINFO[m] Maven Lifecycle Model .............................. [1;32mSUCCESS[m [  8.432 s]
[[1;34mINFO[m] Maven Reporting API ................................ [1;32mSUCCESS[m [  0.343 s]
[[1;34mINFO[m] Maven Model ........................................ [1;32mSUCCESS[m [  1.350 s]
[[1;34mINFO[m] Maven Compat ....................................... [1;32mSUCCESS[m [  5.227 s]
[[1;34mINFO[m] Maven Plugin API ................................... [1;32mSUCCESS[m [  0.999 s]
[[1;34mINFO[m] Maven Project Builder .............................. [1;32mSUCCESS[m [  2.293 s]
[[1;34mINFO[m] Maven Mercury ...................................... [1;32mSUCCESS[m [  8.430 s]
[[1;34mINFO[m] Maven Project ...................................... [1;32mSUCCESS[m [  2.494 s]
[[1;34mINFO[m] Maven Core ......................................... [1;32mSUCCESS[m [  3.649 s]
[[1;34mINFO[m] Maven Toolchains ................................... [1;32mSUCCESS[m [  1.081 s]
[[1;34mINFO[m] Maven Embedder ..................................... [1;32mSUCCESS[m [  2.954 s]
[[1;34mINFO[m] Maven Distribution ................................. [1;32mSUCCESS[m [ 14.085 s]
[[1;34mINFO[m] [1m------------------------------------------------------------------------[m
[[1;34mINFO[m] [1;32mBUILD SUCCESS[m
[[1;34mINFO[m] [1m------------------------------------------------------------------------[m
[[1;34mINFO[m] Total time:  52.045 s
[[1;34mINFO[m] Finished at: 2022-08-28T17:26:34-07:00
[[1;34mINFO[m] [1m------------------------------------------------------------------------[m
[[1;34mINFO[m] Scanning for projects...
[[1;33mWARNING[m] 
[[1;33mWARNING[m] Some problems were encountered while building the effective model for org.apache.maven:apache-maven:jar:3.0-SNAPSHOT
[[1;33mWARNING[m] The expression ${pom.version} is deprecated. Please use ${project.version} instead.
[[1;33mWARNING[m] 
[[1;33mWARNING[m] It is highly recommended to fix these problems because they threaten the stability of your build.
[[1;33mWARNING[m] 
[[1;33mWARNING[m] For this reason, future Maven versions might no longer support building such malformed projects.
[[1;33mWARNING[m] 
[[1;34mINFO[m] 
[[1;34mINFO[m] [1m-------------------< [0;36morg.apache.maven:maven-project[0;1m >-------------------[m
[[1;34mINFO[m] [1mBuilding Maven Project 3.0-SNAPSHOT[m
[[1;34mINFO[m] [1m--------------------------------[ jar ]---------------------------------[m
[[1;34mINFO[m] 
[[1;34mINFO[m] [1m--- [0;32mmodello-maven-plugin:1.0-alpha-22:java[m [1m(standard)[m @ [36mmaven-project[0;1m ---[m
[[1;34mINFO[m] outputDirectory: /home/user/Workspace/reproducibility/Reproducibility-Scanner/benchmarks/bugs-dot-jar/maven/maven-project/target/generated-sources/modello
[[1;34mINFO[m] Working on model: src/main/mdo/profiles.mdo
[[1;34mINFO[m] Generating current version: 1.0.0
[[1;34mINFO[m] 
[[1;34mINFO[m] [1m--- [0;32mmodello-maven-plugin:1.0-alpha-22:xpp3-reader[m [1m(standard)[m @ [36mmaven-project[0;1m ---[m
[[1;34mINFO[m] outputDirectory: /home/user/Workspace/reproducibility/Reproducibility-Scanner/benchmarks/bugs-dot-jar/maven/maven-project/target/generated-sources/modello
[[1;34mINFO[m] Working on model: src/main/mdo/profiles.mdo
[[1;34mINFO[m] Generating current version: 1.0.0
[[1;34mINFO[m] 
[[1;34mINFO[m] [1m--- [0;32mmodello-maven-plugin:1.0-alpha-22:xpp3-writer[m [1m(standard)[m @ [36mmaven-project[0;1m ---[m
[[1;34mINFO[m] outputDirectory: /home/user/Workspace/reproducibility/Reproducibility-Scanner/benchmarks/bugs-dot-jar/maven/maven-project/target/generated-sources/modello
[[1;34mINFO[m] Working on model: src/main/mdo/profiles.mdo
[[1;34mINFO[m] Generating current version: 1.0.0
[[1;34mINFO[m] 
[[1;34mINFO[m] [1m--- [0;32mmaven-remote-resources-plugin:1.0:process[m [1m(default)[m @ [36mmaven-project[0;1m ---[m
[[1;34mINFO[m] Setting property: classpath.resource.loader.class => 'org.codehaus.plexus.velocity.ContextClassLoaderResourceLoader'.
[[1;34mINFO[m] Setting property: velocimacro.messages.on => 'false'.
[[1;34mINFO[m] Setting property: resource.loader => 'classpath'.
[[1;34mINFO[m] Setting property: resource.manager.logwhenfound => 'false'.
[[1;34mINFO[m] 
[[1;34mINFO[m] [1m--- [0;32mmaven-resources-plugin:2.3:resources[m [1m(default-resources)[m @ [36mmaven-project[0;1m ---[m
[[1;34mINFO[m] Using 'UTF-8' encoding to copy filtered resources.
[[1;34mINFO[m] skip non existing resourceDirectory /home/user/Workspace/reproducibility/Reproducibility-Scanner/benchmarks/bugs-dot-jar/maven/maven-project/src/main/resources
[[1;34mINFO[m] Copying 3 resources
[[1;34mINFO[m] 
[[1;34mINFO[m] [1m--- [0;32mmaven-compiler-plugin:2.0.2:compile[m [1m(default-compile)[m @ [36mmaven-project[0;1m ---[m
[[1;34mINFO[m] Compiling 11 source files to /home/user/Workspace/reproducibility/Reproducibility-Scanner/benchmarks/bugs-dot-jar/maven/maven-project/target/classes
[[1;34mINFO[m] 
[[1;34mINFO[m] [1m--- [0;32mplexus-component-metadata:1.0-beta-3.0.5:generate-metadata[m [1m(default)[m @ [36mmaven-project[0;1m ---[m
[[1;34mINFO[m] Discovered 15 component descriptors(s)
[[1;34mINFO[m] 
[[1;34mINFO[m] [1m--- [0;32mmaven-resources-plugin:2.3:testResources[m [1m(default-testResources)[m @ [36mmaven-project[0;1m ---[m
[[1;34mINFO[m] Using 'UTF-8' encoding to copy filtered resources.
[[1;34mINFO[m] Copying 213 resources
[[1;34mINFO[m] Copying 3 resources
[[1;34mINFO[m] 
[[1;34mINFO[m] [1m--- [0;32mmaven-compiler-plugin:2.0.2:testCompile[m [1m(default-testCompile)[m @ [36mmaven-project[0;1m ---[m
[[1;34mINFO[m] Nothing to compile - all classes are up to date
[[1;34mINFO[m] 
[[1;34mINFO[m] [1m--- [0;32mmaven-surefire-plugin:2.4.2:test[m [1m(default-test)[m @ [36mmaven-project[0;1m ---[m
Downloading from centralhttps: http://insecure.repo1.maven.org/maven2/org/apache/maven/surefire/surefire-junit/2.4.2/surefire-junit-2.4.2.pom
Downloaded from centralhttps: http://insecure.repo1.maven.org/maven2/org/apache/maven/surefire/surefire-junit/2.4.2/surefire-junit-2.4.2.pom (0 B at 0 B/s)
Downloading from centralhttps: http://insecure.repo1.maven.org/maven2/org/apache/maven/surefire/surefire-providers/2.4.2/surefire-providers-2.4.2.pom
Downloaded from centralhttps: http://insecure.repo1.maven.org/maven2/org/apache/maven/surefire/surefire-providers/2.4.2/surefire-providers-2.4.2.pom (0 B at 0 B/s)
Downloading from centralhttps: http://insecure.repo1.maven.org/maven2/org/apache/maven/surefire/surefire-junit/2.4.2/surefire-junit-2.4.2.jar
Downloaded from centralhttps: http://insecure.repo1.maven.org/maven2/org/apache/maven/surefire/surefire-junit/2.4.2/surefire-junit-2.4.2.jar (0 B at 0 B/s)
[[1;34mINFO[m] Surefire report directory: /home/user/Workspace/reproducibility/Reproducibility-Scanner/benchmarks/bugs-dot-jar/maven/maven-project/target/surefire-reports

-------------------------------------------------------
 T E S T S
-------------------------------------------------------
Running org.apache.maven.project.inheritance.t09.ProjectInheritanceTest
{basedir=/home/user/Workspace/reproducibility/Reproducibility-Scanner/benchmarks/bugs-dot-jar/maven/maven-project}
{basedir=/home/user/Workspace/reproducibility/Reproducibility-Scanner/benchmarks/bugs-dot-jar/maven/maven-project, plexus.home=/home/user/Workspace/reproducibility/Reproducibility-Scanner/benchmarks/bugs-dot-jar/maven/maven-project/target/plexus-home}
{basedir=/home/user/Workspace/reproducibility/Reproducibility-Scanner/benchmarks/bugs-dot-jar/maven/maven-project}
{basedir=/home/user/Workspace/reproducibility/Reproducibility-Scanner/benchmarks/bugs-dot-jar/maven/maven-project, plexus.home=/home/user/Workspace/reproducibility/Reproducibility-Scanner/benchmarks/bugs-dot-jar/maven/maven-project/target/plexus-home}
Tests run: 2, Failures: 0, Errors: 0, Skipped: 0, Time elapsed: 0.542 sec
Running org.apache.maven.project.inheritance.t12.ProjectInheritanceTest
{basedir=/home/user/Workspace/reproducibility/Reproducibility-Scanner/benchmarks/bugs-dot-jar/maven/maven-project}
{basedir=/home/user/Workspace/reproducibility/Reproducibility-Scanner/benchmarks/bugs-dot-jar/maven/maven-project, plexus.home=/home/user/Workspace/reproducibility/Reproducibility-Scanner/benchmarks/bugs-dot-jar/maven/maven-project/target/plexus-home}
Tests run: 1, Failures: 0, Errors: 0, Skipped: 0, Time elapsed: 0.054 sec
Running org.apache.maven.project.injection.TestProfileInjector
Tests run: 0, Failures: 0, Errors: 0, Skipped: 0, Time elapsed: 0.002 sec
Running org.apache.maven.profiles.activation.SystemPropertyProfileActivatorTest
Tests run: 4, Failures: 0, Errors: 0, Skipped: 0, Time elapsed: 0.003 sec
Running org.apache.maven.project.inheritance.t05.ProjectInheritanceTest
{basedir=/home/user/Workspace/reproducibility/Reproducibility-Scanner/benchmarks/bugs-dot-jar/maven/maven-project}
{basedir=/home/user/Workspace/reproducibility/Reproducibility-Scanner/benchmarks/bugs-dot-jar/maven/maven-project, plexus.home=/home/user/Workspace/reproducibility/Reproducibility-Scanner/benchmarks/bugs-dot-jar/maven/maven-project/target/plexus-home}
Artifact: maven-test:t05-a:jar 1.0 Scope: runtime
Artifact: maven-test:t05-b:jar 1.0 Scope: runtime
Artifact: maven-test:t05-c:jar 1.0 Scope: runtime
Artifact: maven-test:t05-d:jar 1.0 Scope: runtime
Tests run: 1, Failures: 0, Errors: 0, Skipped: 0, Time elapsed: 0.119 sec
Running org.apache.maven.project.validation.DefaultModelValidatorTest
{basedir=/home/user/Workspace/reproducibility/Reproducibility-Scanner/benchmarks/bugs-dot-jar/maven/maven-project}
{basedir=/home/user/Workspace/reproducibility/Reproducibility-Scanner/benchmarks/bugs-dot-jar/maven/maven-project, plexus.home=/home/user/Workspace/reproducibility/Reproducibility-Scanner/benchmarks/bugs-dot-jar/maven/maven-project/target/plexus-home}
{basedir=/home/user/Workspace/reproducibility/Reproducibility-Scanner/benchmarks/bugs-dot-jar/maven/maven-project}
{basedir=/home/user/Workspace/reproducibility/Reproducibility-Scanner/benchmarks/bugs-dot-jar/maven/maven-project, plexus.home=/home/user/Workspace/reproducibility/Reproducibility-Scanner/benchmarks/bugs-dot-jar/maven/maven-project/target/plexus-home}
{basedir=/home/user/Workspace/reproducibility/Reproducibility-Scanner/benchmarks/bugs-dot-jar/maven/maven-project}
{basedir=/home/user/Workspace/reproducibility/Reproducibility-Scanner/benchmarks/bugs-dot-jar/maven/maven-project, plexus.home=/home/user/Workspace/reproducibility/Reproducibility-Scanner/benchmarks/bugs-dot-jar/maven/maven-project/target/plexus-home}
{basedir=/home/user/Workspace/reproducibility/Reproducibility-Scanner/benchmarks/bugs-dot-jar/maven/maven-project}
{basedir=/home/user/Workspace/reproducibility/Reproducibility-Scanner/benchmarks/bugs-dot-jar/maven/maven-project, plexus.home=/home/user/Workspace/reproducibility/Reproducibility-Scanner/benchmarks/bugs-dot-jar/maven/maven-project/target/plexus-home}
{basedir=/home/user/Workspace/reproducibility/Reproducibility-Scanner/benchmarks/bugs-dot-jar/maven/maven-project}
{basedir=/home/user/Workspace/reproducibility/Reproducibility-Scanner/benchmarks/bugs-dot-jar/maven/maven-project, plexus.home=/home/user/Workspace/reproducibility/Reproducibility-Scanner/benchmarks/bugs-dot-jar/maven/maven-project/target/plexus-home}
{basedir=/home/user/Workspace/reproducibility/Reproducibility-Scanner/benchmarks/bugs-dot-jar/maven/maven-project}
{basedir=/home/user/Workspace/reproducibility/Reproducibility-Scanner/benchmarks/bugs-dot-jar/maven/maven-project, plexus.home=/home/user/Workspace/reproducibility/Reproducibility-Scanner/benchmarks/bugs-dot-jar/maven/maven-project/target/plexus-home}
{basedir=/home/user/Workspace/reproducibility/Reproducibility-Scanner/benchmarks/bugs-dot-jar/maven/maven-project}
{basedir=/home/user/Workspace/reproducibility/Reproducibility-Scanner/benchmarks/bugs-dot-jar/maven/maven-project, plexus.home=/home/user/Workspace/reproducibility/Reproducibility-Scanner/benchmarks/bugs-dot-jar/maven/maven-project/target/plexus-home}
{basedir=/home/user/Workspace/reproducibility/Reproducibility-Scanner/benchmarks/bugs-dot-jar/maven/maven-project}
{basedir=/home/user/Workspace/reproducibility/Reproducibility-Scanner/benchmarks/bugs-dot-jar/maven/maven-project, plexus.home=/home/user/Workspace/reproducibility/Reproducibility-Scanner/benchmarks/bugs-dot-jar/maven/maven-project/target/plexus-home}
{basedir=/home/user/Workspace/reproducibility/Reproducibility-Scanner/benchmarks/bugs-dot-jar/maven/maven-project}
{basedir=/home/user/Workspace/reproducibility/Reproducibility-Scanner/benchmarks/bugs-dot-jar/maven/maven-project, plexus.home=/home/user/Workspace/reproducibility/Reproducibility-Scanner/benchmarks/bugs-dot-jar/maven/maven-project/target/plexus-home}
{basedir=/home/user/Workspace/reproducibility/Reproducibility-Scanner/benchmarks/bugs-dot-jar/maven/maven-project}
{basedir=/home/user/Workspace/reproducibility/Reproducibility-Scanner/benchmarks/bugs-dot-jar/maven/maven-project, plexus.home=/home/user/Workspace/reproducibility/Reproducibility-Scanner/benchmarks/bugs-dot-jar/maven/maven-project/target/plexus-home}
{basedir=/home/user/Workspace/reproducibility/Reproducibility-Scanner/benchmarks/bugs-dot-jar/maven/maven-project}
{basedir=/home/user/Workspace/reproducibility/Reproducibility-Scanner/benchmarks/bugs-dot-jar/maven/maven-project, plexus.home=/home/user/Workspace/reproducibility/Reproducibility-Scanner/benchmarks/bugs-dot-jar/maven/maven-project/target/plexus-home}
{basedir=/home/user/Workspace/reproducibility/Reproducibility-Scanner/benchmarks/bugs-dot-jar/maven/maven-project}
{basedir=/home/user/Workspace/reproducibility/Reproducibility-Scanner/benchmarks/bugs-dot-jar/maven/maven-project, plexus.home=/home/user/Workspace/reproducibility/Reproducibility-Scanner/benchmarks/bugs-dot-jar/maven/maven-project/target/plexus-home}
{basedir=/home/user/Workspace/reproducibility/Reproducibility-Scanner/benchmarks/bugs-dot-jar/maven/maven-project}
{basedir=/home/user/Workspace/reproducibility/Reproducibility-Scanner/benchmarks/bugs-dot-jar/maven/maven-project, plexus.home=/home/user/Workspace/reproducibility/Reproducibility-Scanner/benchmarks/bugs-dot-jar/maven/maven-project/target/plexus-home}
{basedir=/home/user/Workspace/reproducibility/Reproducibility-Scanner/benchmarks/bugs-dot-jar/maven/maven-project}
{basedir=/home/user/Workspace/reproducibility/Reproducibility-Scanner/benchmarks/bugs-dot-jar/maven/maven-project, plexus.home=/home/user/Workspace/reproducibility/Reproducibility-Scanner/benchmarks/bugs-dot-jar/maven/maven-project/target/plexus-home}
{basedir=/home/user/Workspace/reproducibility/Reproducibility-Scanner/benchmarks/bugs-dot-jar/maven/maven-project}
{basedir=/home/user/Workspace/reproducibility/Reproducibility-Scanner/benchmarks/bugs-dot-jar/maven/maven-project, plexus.home=/home/user/Workspace/reproducibility/Reproducibility-Scanner/benchmarks/bugs-dot-jar/maven/maven-project/target/plexus-home}
{basedir=/home/user/Workspace/reproducibility/Reproducibility-Scanner/benchmarks/bugs-dot-jar/maven/maven-project}
{basedir=/home/user/Workspace/reproducibility/Reproducibility-Scanner/benchmarks/bugs-dot-jar/maven/maven-project, plexus.home=/home/user/Workspace/reproducibility/Reproducibility-Scanner/benchmarks/bugs-dot-jar/maven/maven-project/target/plexus-home}
Tests run: 16, Failures: 0, Errors: 0, Skipped: 0, Time elapsed: 0.198 sec
Running org.apache.maven.project.inheritance.t07.ProjectInheritanceTest
{basedir=/home/user/Workspace/reproducibility/Reproducibility-Scanner/benchmarks/bugs-dot-jar/maven/maven-project}
{basedir=/home/user/Workspace/reproducibility/Reproducibility-Scanner/benchmarks/bugs-dot-jar/maven/maven-project, plexus.home=/home/user/Workspace/reproducibility/Reproducibility-Scanner/benchmarks/bugs-dot-jar/maven/maven-project/target/plexus-home}
Project maven-t07:p1:pom:1.0 MavenProject: maven-t07:p1:1.0 @ /home/user/Workspace/reproducibility/Reproducibility-Scanner/benchmarks/bugs-dot-jar/maven/maven-project/src/test/resources/inheritance-repo/t07/p0/p1/pom.xml
Artifact: maven-test:t07-a:jar 1.0 Optional=false
Artifact: maven-test:t07-b:jar 1.0 Optional=false
Artifact: maven-test:t07-c:jar 1.0 Optional=false
Tests run: 1, Failures: 0, Errors: 0, Skipped: 0, Time elapsed: 0.066 sec
Running org.apache.maven.project.inheritance.t12scm.ProjectInheritanceTest
{basedir=/home/user/Workspace/reproducibility/Reproducibility-Scanner/benchmarks/bugs-dot-jar/maven/maven-project}
{basedir=/home/user/Workspace/reproducibility/Reproducibility-Scanner/benchmarks/bugs-dot-jar/maven/maven-project, plexus.home=/home/user/Workspace/reproducibility/Reproducibility-Scanner/benchmarks/bugs-dot-jar/maven/maven-project/target/plexus-home}



Parent SCM URL is: http://host/viewer?path=/p0
Child SCM URL is: http://host/viewer?path=/p0/p1

Parent SCM connection is: scm:svn:http://host/p0
Child SCM connection is: scm:svn:http://host/p0/p1

Parent SCM developer connection is: scm:svn:https://host/p0
Child SCM developer connection is: scm:svn:https://host/p0/p1
{basedir=/home/user/Workspace/reproducibility/Reproducibility-Scanner/benchmarks/bugs-dot-jar/maven/maven-project}
{basedir=/home/user/Workspace/reproducibility/Reproducibility-Scanner/benchmarks/bugs-dot-jar/maven/maven-project, plexus.home=/home/user/Workspace/reproducibility/Reproducibility-Scanner/benchmarks/bugs-dot-jar/maven/maven-project/target/plexus-home}



Child SCM URL is: http://host/viewer?path=/p0/p1
Child SCM connection is: scm:svn:http://host/p0/p1
Child SCM developer connection is: scm:svn:https://host/p0/p1
Tests run: 2, Failures: 0, Errors: 0, Skipped: 0, Time elapsed: 0.061 sec
Running org.apache.maven.project.SuperPomProjectBuilderTest
{basedir=/home/user/Workspace/reproducibility/Reproducibility-Scanner/benchmarks/bugs-dot-jar/maven/maven-project}
{basedir=/home/user/Workspace/reproducibility/Reproducibility-Scanner/benchmarks/bugs-dot-jar/maven/maven-project, plexus.home=/home/user/Workspace/reproducibility/Reproducibility-Scanner/benchmarks/bugs-dot-jar/maven/maven-project/target/plexus-home}
Tests run: 1, Failures: 0, Errors: 0, Skipped: 0, Time elapsed: 0.013 sec
Running org.apache.maven.profiles.activation.FileProfileActivatorTest
Tests run: 1, Failures: 0, Errors: 0, Skipped: 0, Time elapsed: 0.074 sec
Running org.apache.maven.project.inheritance.t02.ProjectInheritanceTest
{basedir=/home/user/Workspace/reproducibility/Reproducibility-Scanner/benchmarks/bugs-dot-jar/maven/maven-project}
{basedir=/home/user/Workspace/reproducibility/Reproducibility-Scanner/benchmarks/bugs-dot-jar/maven/maven-project, plexus.home=/home/user/Workspace/reproducibility/Reproducibility-Scanner/benchmarks/bugs-dot-jar/maven/maven-project/target/plexus-home}
Local repository is at: /home/user/Workspace/reproducibility/Reproducibility-Scanner/benchmarks/bugs-dot-jar/maven/maven-project/src/test/resources/inheritance-repo/t02
Location of project-4's POM: /home/user/Workspace/reproducibility/Reproducibility-Scanner/benchmarks/bugs-dot-jar/maven/maven-project/src/test/resources/inheritance-repo/t02/p0/p1/p2/p3/p4/pom.xml
Tests run: 1, Failures: 0, Errors: 0, Skipped: 0, Time elapsed: 0.265 sec
Running org.apache.maven.profiles.manager.DefaultProfileManagerTest
{basedir=/home/user/Workspace/reproducibility/Reproducibility-Scanner/benchmarks/bugs-dot-jar/maven/maven-project}
{basedir=/home/user/Workspace/reproducibility/Reproducibility-Scanner/benchmarks/bugs-dot-jar/maven/maven-project, plexus.home=/home/user/Workspace/reproducibility/Reproducibility-Scanner/benchmarks/bugs-dot-jar/maven/maven-project/target/plexus-home}
[WARNING] Cannot locate java version property: java.version. NOT enabling profile: notActivated
{basedir=/home/user/Workspace/reproducibility/Reproducibility-Scanner/benchmarks/bugs-dot-jar/maven/maven-project}
{basedir=/home/user/Workspace/reproducibility/Reproducibility-Scanner/benchmarks/bugs-dot-jar/maven/maven-project, plexus.home=/home/user/Workspace/reproducibility/Reproducibility-Scanner/benchmarks/bugs-dot-jar/maven/maven-project/target/plexus-home}
{basedir=/home/user/Workspace/reproducibility/Reproducibility-Scanner/benchmarks/bugs-dot-jar/maven/maven-project}
{basedir=/home/user/Workspace/reproducibility/Reproducibility-Scanner/benchmarks/bugs-dot-jar/maven/maven-project, plexus.home=/home/user/Workspace/reproducibility/Reproducibility-Scanner/benchmarks/bugs-dot-jar/maven/maven-project/target/plexus-home}
{basedir=/home/user/Workspace/reproducibility/Reproducibility-Scanner/benchmarks/bugs-dot-jar/maven/maven-project}
{basedir=/home/user/Workspace/reproducibility/Reproducibility-Scanner/benchmarks/bugs-dot-jar/maven/maven-project, plexus.home=/home/user/Workspace/reproducibility/Reproducibility-Scanner/benchmarks/bugs-dot-jar/maven/maven-project/target/plexus-home}
{basedir=/home/user/Workspace/reproducibility/Reproducibility-Scanner/benchmarks/bugs-dot-jar/maven/maven-project}
{basedir=/home/user/Workspace/reproducibility/Reproducibility-Scanner/benchmarks/bugs-dot-jar/maven/maven-project, plexus.home=/home/user/Workspace/reproducibility/Reproducibility-Scanner/benchmarks/bugs-dot-jar/maven/maven-project/target/plexus-home}
{basedir=/home/user/Workspace/reproducibility/Reproducibility-Scanner/benchmarks/bugs-dot-jar/maven/maven-project}
{basedir=/home/user/Workspace/reproducibility/Reproducibility-Scanner/benchmarks/bugs-dot-jar/maven/maven-project, plexus.home=/home/user/Workspace/reproducibility/Reproducibility-Scanner/benchmarks/bugs-dot-jar/maven/maven-project/target/plexus-home}
Tests run: 6, Failures: 0, Errors: 0, Skipped: 0, Time elapsed: 0.042 sec
Running org.apache.maven.project.MavenProjectTest
{basedir=/home/user/Workspace/reproducibility/Reproducibility-Scanner/benchmarks/bugs-dot-jar/maven/maven-project}
{basedir=/home/user/Workspace/reproducibility/Reproducibility-Scanner/benchmarks/bugs-dot-jar/maven/maven-project, plexus.home=/home/user/Workspace/reproducibility/Reproducibility-Scanner/benchmarks/bugs-dot-jar/maven/maven-project/target/plexus-home}
{basedir=/home/user/Workspace/reproducibility/Reproducibility-Scanner/benchmarks/bugs-dot-jar/maven/maven-project}
{basedir=/home/user/Workspace/reproducibility/Reproducibility-Scanner/benchmarks/bugs-dot-jar/maven/maven-project, plexus.home=/home/user/Workspace/reproducibility/Reproducibility-Scanner/benchmarks/bugs-dot-jar/maven/maven-project/target/plexus-home}
{basedir=/home/user/Workspace/reproducibility/Reproducibility-Scanner/benchmarks/bugs-dot-jar/maven/maven-project}
{basedir=/home/user/Workspace/reproducibility/Reproducibility-Scanner/benchmarks/bugs-dot-jar/maven/maven-project, plexus.home=/home/user/Workspace/reproducibility/Reproducibility-Scanner/benchmarks/bugs-dot-jar/maven/maven-project/target/plexus-home}
{basedir=/home/user/Workspace/reproducibility/Reproducibility-Scanner/benchmarks/bugs-dot-jar/maven/maven-project}
{basedir=/home/user/Workspace/reproducibility/Reproducibility-Scanner/benchmarks/bugs-dot-jar/maven/maven-project, plexus.home=/home/user/Workspace/reproducibility/Reproducibility-Scanner/benchmarks/bugs-dot-jar/maven/maven-project/target/plexus-home}
{basedir=/home/user/Workspace/reproducibility/Reproducibility-Scanner/benchmarks/bugs-dot-jar/maven/maven-project}
{basedir=/home/user/Workspace/reproducibility/Reproducibility-Scanner/benchmarks/bugs-dot-jar/maven/maven-project, plexus.home=/home/user/Workspace/reproducibility/Reproducibility-Scanner/benchmarks/bugs-dot-jar/maven/maven-project/target/plexus-home}
{basedir=/home/user/Workspace/reproducibility/Reproducibility-Scanner/benchmarks/bugs-dot-jar/maven/maven-project}
{basedir=/home/user/Workspace/reproducibility/Reproducibility-Scanner/benchmarks/bugs-dot-jar/maven/maven-project, plexus.home=/home/user/Workspace/reproducibility/Reproducibility-Scanner/benchmarks/bugs-dot-jar/maven/maven-project/target/plexus-home}
{basedir=/home/user/Workspace/reproducibility/Reproducibility-Scanner/benchmarks/bugs-dot-jar/maven/maven-project}
{basedir=/home/user/Workspace/reproducibility/Reproducibility-Scanner/benchmarks/bugs-dot-jar/maven/maven-project, plexus.home=/home/user/Workspace/reproducibility/Reproducibility-Scanner/benchmarks/bugs-dot-jar/maven/maven-project/target/plexus-home}
Tests run: 7, Failures: 0, Errors: 0, Skipped: 0, Time elapsed: 0.089 sec
Running org.apache.maven.project.inheritance.t04.ProjectInheritanceTest
{basedir=/home/user/Workspace/reproducibility/Reproducibility-Scanner/benchmarks/bugs-dot-jar/maven/maven-project}
{basedir=/home/user/Workspace/reproducibility/Reproducibility-Scanner/benchmarks/bugs-dot-jar/maven/maven-project, plexus.home=/home/user/Workspace/reproducibility/Reproducibility-Scanner/benchmarks/bugs-dot-jar/maven/maven-project/target/plexus-home}
Artifact: maven-test:t04-a:jar 1.0 Optional=false
Artifact: maven-test:t04-b:jar 1.0 Optional=false
Artifact: maven-test:t04-c:jar 1.0 Optional=false
Tests run: 1, Failures: 0, Errors: 0, Skipped: 0, Time elapsed: 0.053 sec
Running org.apache.maven.project.artifact.TestModelDefaultsInjector
Tests run: 0, Failures: 0, Errors: 0, Skipped: 0, Time elapsed: 0.001 sec
Running org.apache.maven.project.inheritance.t00.ProjectInheritanceTest
{basedir=/home/user/Workspace/reproducibility/Reproducibility-Scanner/benchmarks/bugs-dot-jar/maven/maven-project}
{basedir=/home/user/Workspace/reproducibility/Reproducibility-Scanner/benchmarks/bugs-dot-jar/maven/maven-project, plexus.home=/home/user/Workspace/reproducibility/Reproducibility-Scanner/benchmarks/bugs-dot-jar/maven/maven-project/target/plexus-home}
Tests run: 1, Failures: 0, Errors: 0, Skipped: 0, Time elapsed: 0.052 sec
Running org.apache.maven.project.builder.PomConstructionTest
{basedir=/home/user/Workspace/reproducibility/Reproducibility-Scanner/benchmarks/bugs-dot-jar/maven/maven-project}
{basedir=/home/user/Workspace/reproducibility/Reproducibility-Scanner/benchmarks/bugs-dot-jar/maven/maven-project, plexus.home=/home/user/Workspace/reproducibility/Reproducibility-Scanner/benchmarks/bugs-dot-jar/maven/maven-project/target/plexus-home}
{basedir=/home/user/Workspace/reproducibility/Reproducibility-Scanner/benchmarks/bugs-dot-jar/maven/maven-project}
{basedir=/home/user/Workspace/reproducibility/Reproducibility-Scanner/benchmarks/bugs-dot-jar/maven/maven-project, plexus.home=/home/user/Workspace/reproducibility/Reproducibility-Scanner/benchmarks/bugs-dot-jar/maven/maven-project/target/plexus-home}
{basedir=/home/user/Workspace/reproducibility/Reproducibility-Scanner/benchmarks/bugs-dot-jar/maven/maven-project}
{basedir=/home/user/Workspace/reproducibility/Reproducibility-Scanner/benchmarks/bugs-dot-jar/maven/maven-project, plexus.home=/home/user/Workspace/reproducibility/Reproducibility-Scanner/benchmarks/bugs-dot-jar/maven/maven-project/target/plexus-home}
{basedir=/home/user/Workspace/reproducibility/Reproducibility-Scanner/benchmarks/bugs-dot-jar/maven/maven-project}
{basedir=/home/user/Workspace/reproducibility/Reproducibility-Scanner/benchmarks/bugs-dot-jar/maven/maven-project, plexus.home=/home/user/Workspace/reproducibility/Reproducibility-Scanner/benchmarks/bugs-dot-jar/maven/maven-project/target/plexus-home}
{basedir=/home/user/Workspace/reproducibility/Reproducibility-Scanner/benchmarks/bugs-dot-jar/maven/maven-project}
{basedir=/home/user/Workspace/reproducibility/Reproducibility-Scanner/benchmarks/bugs-dot-jar/maven/maven-project, plexus.home=/home/user/Workspace/reproducibility/Reproducibility-Scanner/benchmarks/bugs-dot-jar/maven/maven-project/target/plexus-home}
{basedir=/home/user/Workspace/reproducibility/Reproducibility-Scanner/benchmarks/bugs-dot-jar/maven/maven-project}
{basedir=/home/user/Workspace/reproducibility/Reproducibility-Scanner/benchmarks/bugs-dot-jar/maven/maven-project, plexus.home=/home/user/Workspace/reproducibility/Reproducibility-Scanner/benchmarks/bugs-dot-jar/maven/maven-project/target/plexus-home}
{basedir=/home/user/Workspace/reproducibility/Reproducibility-Scanner/benchmarks/bugs-dot-jar/maven/maven-project}
{basedir=/home/user/Workspace/reproducibility/Reproducibility-Scanner/benchmarks/bugs-dot-jar/maven/maven-project, plexus.home=/home/user/Workspace/reproducibility/Reproducibility-Scanner/benchmarks/bugs-dot-jar/maven/maven-project/target/plexus-home}
{basedir=/home/user/Workspace/reproducibility/Reproducibility-Scanner/benchmarks/bugs-dot-jar/maven/maven-project}
{basedir=/home/user/Workspace/reproducibility/Reproducibility-Scanner/benchmarks/bugs-dot-jar/maven/maven-project, plexus.home=/home/user/Workspace/reproducibility/Reproducibility-Scanner/benchmarks/bugs-dot-jar/maven/maven-project/target/plexus-home}
{basedir=/home/user/Workspace/reproducibility/Reproducibility-Scanner/benchmarks/bugs-dot-jar/maven/maven-project}
{basedir=/home/user/Workspace/reproducibility/Reproducibility-Scanner/benchmarks/bugs-dot-jar/maven/maven-project, plexus.home=/home/user/Workspace/reproducibility/Reproducibility-Scanner/benchmarks/bugs-dot-jar/maven/maven-project/target/plexus-home}
{basedir=/home/user/Workspace/reproducibility/Reproducibility-Scanner/benchmarks/bugs-dot-jar/maven/maven-project}
{basedir=/home/user/Workspace/reproducibility/Reproducibility-Scanner/benchmarks/bugs-dot-jar/maven/maven-project, plexus.home=/home/user/Workspace/reproducibility/Reproducibility-Scanner/benchmarks/bugs-dot-jar/maven/maven-project/target/plexus-home}
{basedir=/home/user/Workspace/reproducibility/Reproducibility-Scanner/benchmarks/bugs-dot-jar/maven/maven-project}
{basedir=/home/user/Workspace/reproducibility/Reproducibility-Scanner/benchmarks/bugs-dot-jar/maven/maven-project, plexus.home=/home/user/Workspace/reproducibility/Reproducibility-Scanner/benchmarks/bugs-dot-jar/maven/maven-project/target/plexus-home}
{basedir=/home/user/Workspace/reproducibility/Reproducibility-Scanner/benchmarks/bugs-dot-jar/maven/maven-project}
{basedir=/home/user/Workspace/reproducibility/Reproducibility-Scanner/benchmarks/bugs-dot-jar/maven/maven-project, plexus.home=/home/user/Workspace/reproducibility/Reproducibility-Scanner/benchmarks/bugs-dot-jar/maven/maven-project/target/plexus-home}
{basedir=/home/user/Workspace/reproducibility/Reproducibility-Scanner/benchmarks/bugs-dot-jar/maven/maven-project}
{basedir=/home/user/Workspace/reproducibility/Reproducibility-Scanner/benchmarks/bugs-dot-jar/maven/maven-project, plexus.home=/home/user/Workspace/reproducibility/Reproducibility-Scanner/benchmarks/bugs-dot-jar/maven/maven-project/target/plexus-home}
{basedir=/home/user/Workspace/reproducibility/Reproducibility-Scanner/benchmarks/bugs-dot-jar/maven/maven-project}
{basedir=/home/user/Workspace/reproducibility/Reproducibility-Scanner/benchmarks/bugs-dot-jar/maven/maven-project, plexus.home=/home/user/Workspace/reproducibility/Reproducibility-Scanner/benchmarks/bugs-dot-jar/maven/maven-project/target/plexus-home}
{basedir=/home/user/Workspace/reproducibility/Reproducibility-Scanner/benchmarks/bugs-dot-jar/maven/maven-project}
{basedir=/home/user/Workspace/reproducibility/Reproducibility-Scanner/benchmarks/bugs-dot-jar/maven/maven-project, plexus.home=/home/user/Workspace/reproducibility/Reproducibility-Scanner/benchmarks/bugs-dot-jar/maven/maven-project/target/plexus-home}
{basedir=/home/user/Workspace/reproducibility/Reproducibility-Scanner/benchmarks/bugs-dot-jar/maven/maven-project}
{basedir=/home/user/Workspace/reproducibility/Reproducibility-Scanner/benchmarks/bugs-dot-jar/maven/maven-project, plexus.home=/home/user/Workspace/reproducibility/Reproducibility-Scanner/benchmarks/bugs-dot-jar/maven/maven-project/target/plexus-home}
{basedir=/home/user/Workspace/reproducibility/Reproducibility-Scanner/benchmarks/bugs-dot-jar/maven/maven-project}
{basedir=/home/user/Workspace/reproducibility/Reproducibility-Scanner/benchmarks/bugs-dot-jar/maven/maven-project, plexus.home=/home/user/Workspace/reproducibility/Reproducibility-Scanner/benchmarks/bugs-dot-jar/maven/maven-project/target/plexus-home}
{basedir=/home/user/Workspace/reproducibility/Reproducibility-Scanner/benchmarks/bugs-dot-jar/maven/maven-project}
{basedir=/home/user/Workspace/reproducibility/Reproducibility-Scanner/benchmarks/bugs-dot-jar/maven/maven-project, plexus.home=/home/user/Workspace/reproducibility/Reproducibility-Scanner/benchmarks/bugs-dot-jar/maven/maven-project/target/plexus-home}
{basedir=/home/user/Workspace/reproducibility/Reproducibility-Scanner/benchmarks/bugs-dot-jar/maven/maven-project}
{basedir=/home/user/Workspace/reproducibility/Reproducibility-Scanner/benchmarks/bugs-dot-jar/maven/maven-project, plexus.home=/home/user/Workspace/reproducibility/Reproducibility-Scanner/benchmarks/bugs-dot-jar/maven/maven-project/target/plexus-home}
{basedir=/home/user/Workspace/reproducibility/Reproducibility-Scanner/benchmarks/bugs-dot-jar/maven/maven-project}
{basedir=/home/user/Workspace/reproducibility/Reproducibility-Scanner/benchmarks/bugs-dot-jar/maven/maven-project, plexus.home=/home/user/Workspace/reproducibility/Reproducibility-Scanner/benchmarks/bugs-dot-jar/maven/maven-project/target/plexus-home}
{basedir=/home/user/Workspace/reproducibility/Reproducibility-Scanner/benchmarks/bugs-dot-jar/maven/maven-project}
{basedir=/home/user/Workspace/reproducibility/Reproducibility-Scanner/benchmarks/bugs-dot-jar/maven/maven-project, plexus.home=/home/user/Workspace/reproducibility/Reproducibility-Scanner/benchmarks/bugs-dot-jar/maven/maven-project/target/plexus-home}
{basedir=/home/user/Workspace/reproducibility/Reproducibility-Scanner/benchmarks/bugs-dot-jar/maven/maven-project}
{basedir=/home/user/Workspace/reproducibility/Reproducibility-Scanner/benchmarks/bugs-dot-jar/maven/maven-project, plexus.home=/home/user/Workspace/reproducibility/Reproducibility-Scanner/benchmarks/bugs-dot-jar/maven/maven-project/target/plexus-home}
{basedir=/home/user/Workspace/reproducibility/Reproducibility-Scanner/benchmarks/bugs-dot-jar/maven/maven-project}
{basedir=/home/user/Workspace/reproducibility/Reproducibility-Scanner/benchmarks/bugs-dot-jar/maven/maven-project, plexus.home=/home/user/Workspace/reproducibility/Reproducibility-Scanner/benchmarks/bugs-dot-jar/maven/maven-project/target/plexus-home}
{basedir=/home/user/Workspace/reproducibility/Reproducibility-Scanner/benchmarks/bugs-dot-jar/maven/maven-project}
{basedir=/home/user/Workspace/reproducibility/Reproducibility-Scanner/benchmarks/bugs-dot-jar/maven/maven-project, plexus.home=/home/user/Workspace/reproducibility/Reproducibility-Scanner/benchmarks/bugs-dot-jar/maven/maven-project/target/plexus-home}
{basedir=/home/user/Workspace/reproducibility/Reproducibility-Scanner/benchmarks/bugs-dot-jar/maven/maven-project}
{basedir=/home/user/Workspace/reproducibility/Reproducibility-Scanner/benchmarks/bugs-dot-jar/maven/maven-project, plexus.home=/home/user/Workspace/reproducibility/Reproducibility-Scanner/benchmarks/bugs-dot-jar/maven/maven-project/target/plexus-home}
{basedir=/home/user/Workspace/reproducibility/Reproducibility-Scanner/benchmarks/bugs-dot-jar/maven/maven-project}
{basedir=/home/user/Workspace/reproducibility/Reproducibility-Scanner/benchmarks/bugs-dot-jar/maven/maven-project, plexus.home=/home/user/Workspace/reproducibility/Reproducibility-Scanner/benchmarks/bugs-dot-jar/maven/maven-project/target/plexus-home}
{basedir=/home/user/Workspace/reproducibility/Reproducibility-Scanner/benchmarks/bugs-dot-jar/maven/maven-project}
{basedir=/home/user/Workspace/reproducibility/Reproducibility-Scanner/benchmarks/bugs-dot-jar/maven/maven-project, plexus.home=/home/user/Workspace/reproducibility/Reproducibility-Scanner/benchmarks/bugs-dot-jar/maven/maven-project/target/plexus-home}
{basedir=/home/user/Workspace/reproducibility/Reproducibility-Scanner/benchmarks/bugs-dot-jar/maven/maven-project}
{basedir=/home/user/Workspace/reproducibility/Reproducibility-Scanner/benchmarks/bugs-dot-jar/maven/maven-project, plexus.home=/home/user/Workspace/reproducibility/Reproducibility-Scanner/benchmarks/bugs-dot-jar/maven/maven-project/target/plexus-home}
{basedir=/home/user/Workspace/reproducibility/Reproducibility-Scanner/benchmarks/bugs-dot-jar/maven/maven-project}
{basedir=/home/user/Workspace/reproducibility/Reproducibility-Scanner/benchmarks/bugs-dot-jar/maven/maven-project, plexus.home=/home/user/Workspace/reproducibility/Reproducibility-Scanner/benchmarks/bugs-dot-jar/maven/maven-project/target/plexus-home}
{basedir=/home/user/Workspace/reproducibility/Reproducibility-Scanner/benchmarks/bugs-dot-jar/maven/maven-project}
{basedir=/home/user/Workspace/reproducibility/Reproducibility-Scanner/benchmarks/bugs-dot-jar/maven/maven-project, plexus.home=/home/user/Workspace/reproducibility/Reproducibility-Scanner/benchmarks/bugs-dot-jar/maven/maven-project/target/plexus-home}
{basedir=/home/user/Workspace/reproducibility/Reproducibility-Scanner/benchmarks/bugs-dot-jar/maven/maven-project}
{basedir=/home/user/Workspace/reproducibility/Reproducibility-Scanner/benchmarks/bugs-dot-jar/maven/maven-project, plexus.home=/home/user/Workspace/reproducibility/Reproducibility-Scanner/benchmarks/bugs-dot-jar/maven/maven-project/target/plexus-home}
{basedir=/home/user/Workspace/reproducibility/Reproducibility-Scanner/benchmarks/bugs-dot-jar/maven/maven-project}
{basedir=/home/user/Workspace/reproducibility/Reproducibility-Scanner/benchmarks/bugs-dot-jar/maven/maven-project, plexus.home=/home/user/Workspace/reproducibility/Reproducibility-Scanner/benchmarks/bugs-dot-jar/maven/maven-project/target/plexus-home}
{basedir=/home/user/Workspace/reproducibility/Reproducibility-Scanner/benchmarks/bugs-dot-jar/maven/maven-project}
{basedir=/home/user/Workspace/reproducibility/Reproducibility-Scanner/benchmarks/bugs-dot-jar/maven/maven-project, plexus.home=/home/user/Workspace/reproducibility/Reproducibility-Scanner/benchmarks/bugs-dot-jar/maven/maven-project/target/plexus-home}
{basedir=/home/user/Workspace/reproducibility/Reproducibility-Scanner/benchmarks/bugs-dot-jar/maven/maven-project}
{basedir=/home/user/Workspace/reproducibility/Reproducibility-Scanner/benchmarks/bugs-dot-jar/maven/maven-project, plexus.home=/home/user/Workspace/reproducibility/Reproducibility-Scanner/benchmarks/bugs-dot-jar/maven/maven-project/target/plexus-home}
{basedir=/home/user/Workspace/reproducibility/Reproducibility-Scanner/benchmarks/bugs-dot-jar/maven/maven-project}
{basedir=/home/user/Workspace/reproducibility/Reproducibility-Scanner/benchmarks/bugs-dot-jar/maven/maven-project, plexus.home=/home/user/Workspace/reproducibility/Reproducibility-Scanner/benchmarks/bugs-dot-jar/maven/maven-project/target/plexus-home}
{basedir=/home/user/Workspace/reproducibility/Reproducibility-Scanner/benchmarks/bugs-dot-jar/maven/maven-project}
{basedir=/home/user/Workspace/reproducibility/Reproducibility-Scanner/benchmarks/bugs-dot-jar/maven/maven-project, plexus.home=/home/user/Workspace/reproducibility/Reproducibility-Scanner/benchmarks/bugs-dot-jar/maven/maven-project/target/plexus-home}
{basedir=/home/user/Workspace/reproducibility/Reproducibility-Scanner/benchmarks/bugs-dot-jar/maven/maven-project}
{basedir=/home/user/Workspace/reproducibility/Reproducibility-Scanner/benchmarks/bugs-dot-jar/maven/maven-project, plexus.home=/home/user/Workspace/reproducibility/Reproducibility-Scanner/benchmarks/bugs-dot-jar/maven/maven-project/target/plexus-home}
{basedir=/home/user/Workspace/reproducibility/Reproducibility-Scanner/benchmarks/bugs-dot-jar/maven/maven-project}
{basedir=/home/user/Workspace/reproducibility/Reproducibility-Scanner/benchmarks/bugs-dot-jar/maven/maven-project, plexus.home=/home/user/Workspace/reproducibility/Reproducibility-Scanner/benchmarks/bugs-dot-jar/maven/maven-project/target/plexus-home}
{basedir=/home/user/Workspace/reproducibility/Reproducibility-Scanner/benchmarks/bugs-dot-jar/maven/maven-project}
{basedir=/home/user/Workspace/reproducibility/Reproducibility-Scanner/benchmarks/bugs-dot-jar/maven/maven-project, plexus.home=/home/user/Workspace/reproducibility/Reproducibility-Scanner/benchmarks/bugs-dot-jar/maven/maven-project/target/plexus-home}
{basedir=/home/user/Workspace/reproducibility/Reproducibility-Scanner/benchmarks/bugs-dot-jar/maven/maven-project}
{basedir=/home/user/Workspace/reproducibility/Reproducibility-Scanner/benchmarks/bugs-dot-jar/maven/maven-project, plexus.home=/home/user/Workspace/reproducibility/Reproducibility-Scanner/benchmarks/bugs-dot-jar/maven/maven-project/target/plexus-home}
{basedir=/home/user/Workspace/reproducibility/Reproducibility-Scanner/benchmarks/bugs-dot-jar/maven/maven-project}
{basedir=/home/user/Workspace/reproducibility/Reproducibility-Scanner/benchmarks/bugs-dot-jar/maven/maven-project, plexus.home=/home/user/Workspace/reproducibility/Reproducibility-Scanner/benchmarks/bugs-dot-jar/maven/maven-project/target/plexus-home}
{basedir=/home/user/Workspace/reproducibility/Reproducibility-Scanner/benchmarks/bugs-dot-jar/maven/maven-project}
{basedir=/home/user/Workspace/reproducibility/Reproducibility-Scanner/benchmarks/bugs-dot-jar/maven/maven-project, plexus.home=/home/user/Workspace/reproducibility/Reproducibility-Scanner/benchmarks/bugs-dot-jar/maven/maven-project/target/plexus-home}
{basedir=/home/user/Workspace/reproducibility/Reproducibility-Scanner/benchmarks/bugs-dot-jar/maven/maven-project}
{basedir=/home/user/Workspace/reproducibility/Reproducibility-Scanner/benchmarks/bugs-dot-jar/maven/maven-project, plexus.home=/home/user/Workspace/reproducibility/Reproducibility-Scanner/benchmarks/bugs-dot-jar/maven/maven-project/target/plexus-home}
{basedir=/home/user/Workspace/reproducibility/Reproducibility-Scanner/benchmarks/bugs-dot-jar/maven/maven-project}
{basedir=/home/user/Workspace/reproducibility/Reproducibility-Scanner/benchmarks/bugs-dot-jar/maven/maven-project, plexus.home=/home/user/Workspace/reproducibility/Reproducibility-Scanner/benchmarks/bugs-dot-jar/maven/maven-project/target/plexus-home}
{basedir=/home/user/Workspace/reproducibility/Reproducibility-Scanner/benchmarks/bugs-dot-jar/maven/maven-project}
{basedir=/home/user/Workspace/reproducibility/Reproducibility-Scanner/benchmarks/bugs-dot-jar/maven/maven-project, plexus.home=/home/user/Workspace/reproducibility/Reproducibility-Scanner/benchmarks/bugs-dot-jar/maven/maven-project/target/plexus-home}
{basedir=/home/user/Workspace/reproducibility/Reproducibility-Scanner/benchmarks/bugs-dot-jar/maven/maven-project}
{basedir=/home/user/Workspace/reproducibility/Reproducibility-Scanner/benchmarks/bugs-dot-jar/maven/maven-project, plexus.home=/home/user/Workspace/reproducibility/Reproducibility-Scanner/benchmarks/bugs-dot-jar/maven/maven-project/target/plexus-home}
{basedir=/home/user/Workspace/reproducibility/Reproducibility-Scanner/benchmarks/bugs-dot-jar/maven/maven-project}
{basedir=/home/user/Workspace/reproducibility/Reproducibility-Scanner/benchmarks/bugs-dot-jar/maven/maven-project, plexus.home=/home/user/Workspace/reproducibility/Reproducibility-Scanner/benchmarks/bugs-dot-jar/maven/maven-project/target/plexus-home}
{basedir=/home/user/Workspace/reproducibility/Reproducibility-Scanner/benchmarks/bugs-dot-jar/maven/maven-project}
{basedir=/home/user/Workspace/reproducibility/Reproducibility-Scanner/benchmarks/bugs-dot-jar/maven/maven-project, plexus.home=/home/user/Workspace/reproducibility/Reproducibility-Scanner/benchmarks/bugs-dot-jar/maven/maven-project/target/plexus-home}
{basedir=/home/user/Workspace/reproducibility/Reproducibility-Scanner/benchmarks/bugs-dot-jar/maven/maven-project}
{basedir=/home/user/Workspace/reproducibility/Reproducibility-Scanner/benchmarks/bugs-dot-jar/maven/maven-project, plexus.home=/home/user/Workspace/reproducibility/Reproducibility-Scanner/benchmarks/bugs-dot-jar/maven/maven-project/target/plexus-home}
{basedir=/home/user/Workspace/reproducibility/Reproducibility-Scanner/benchmarks/bugs-dot-jar/maven/maven-project}
{basedir=/home/user/Workspace/reproducibility/Reproducibility-Scanner/benchmarks/bugs-dot-jar/maven/maven-project, plexus.home=/home/user/Workspace/reproducibility/Reproducibility-Scanner/benchmarks/bugs-dot-jar/maven/maven-project/target/plexus-home}
{basedir=/home/user/Workspace/reproducibility/Reproducibility-Scanner/benchmarks/bugs-dot-jar/maven/maven-project}
{basedir=/home/user/Workspace/reproducibility/Reproducibility-Scanner/benchmarks/bugs-dot-jar/maven/maven-project, plexus.home=/home/user/Workspace/reproducibility/Reproducibility-Scanner/benchmarks/bugs-dot-jar/maven/maven-project/target/plexus-home}
{basedir=/home/user/Workspace/reproducibility/Reproducibility-Scanner/benchmarks/bugs-dot-jar/maven/maven-project}
{basedir=/home/user/Workspace/reproducibility/Reproducibility-Scanner/benchmarks/bugs-dot-jar/maven/maven-project, plexus.home=/home/user/Workspace/reproducibility/Reproducibility-Scanner/benchmarks/bugs-dot-jar/maven/maven-project/target/plexus-home}
[src/main/filters/child-a.properties, src/main/filters/child-c.properties, src/main/filters/child-b.properties, src/main/filters/child-d.properties, src/main/filters/parent-c.properties, src/main/filters/parent-b.properties, src/main/filters/parent-d.properties]
Tests run: 52, Failures: 0, Errors: 1, Skipped: 0, Time elapsed: 0.926 sec <<< FAILURE!
Running org.apache.maven.project.TestProjectBuilder
Tests run: 0, Failures: 0, Errors: 0, Skipped: 0, Time elapsed: 0.001 sec
Running org.apache.maven.project.inheritance.t10.ProjectInheritanceTest
{basedir=/home/user/Workspace/reproducibility/Reproducibility-Scanner/benchmarks/bugs-dot-jar/maven/maven-project}
{basedir=/home/user/Workspace/reproducibility/Reproducibility-Scanner/benchmarks/bugs-dot-jar/maven/maven-project, plexus.home=/home/user/Workspace/reproducibility/Reproducibility-Scanner/benchmarks/bugs-dot-jar/maven/maven-project/target/plexus-home}
Project maven-t10:p1:pom:1.0 MavenProject: maven-t10:p1:1.0 @ /home/user/Workspace/reproducibility/Reproducibility-Scanner/benchmarks/bugs-dot-jar/maven/maven-project/src/test/resources/inheritance-repo/t10/p0/p1/pom.xml
Tests run: 1, Failures: 0, Errors: 0, Skipped: 0, Time elapsed: 0.042 sec
Running org.apache.maven.project.canonical.CanonicalProjectBuilderTest
{basedir=/home/user/Workspace/reproducibility/Reproducibility-Scanner/benchmarks/bugs-dot-jar/maven/maven-project}
{basedir=/home/user/Workspace/reproducibility/Reproducibility-Scanner/benchmarks/bugs-dot-jar/maven/maven-project, plexus.home=/home/user/Workspace/reproducibility/Reproducibility-Scanner/benchmarks/bugs-dot-jar/maven/maven-project/target/plexus-home}
Tests run: 1, Failures: 0, Errors: 0, Skipped: 0, Time elapsed: 0.016 sec
Running org.apache.maven.project.inheritance.t08.ProjectInheritanceTest
{basedir=/home/user/Workspace/reproducibility/Reproducibility-Scanner/benchmarks/bugs-dot-jar/maven/maven-project}
{basedir=/home/user/Workspace/reproducibility/Reproducibility-Scanner/benchmarks/bugs-dot-jar/maven/maven-project, plexus.home=/home/user/Workspace/reproducibility/Reproducibility-Scanner/benchmarks/bugs-dot-jar/maven/maven-project/target/plexus-home}
Project maven-t08:p1:pom:1.0 MavenProject: maven-t08:p1:1.0 @ /home/user/Workspace/reproducibility/Reproducibility-Scanner/benchmarks/bugs-dot-jar/maven/maven-project/src/test/resources/inheritance-repo/t08/p0/p1/pom.xml
Artifact: maven-test:t08-a:jar 1.0 Optional=false
Artifact: maven-test:t08-b:jar 1.0 Optional=false
Artifact: maven-test:t08-c:jar 1.0 Optional=false
Artifact: maven-test:t08-d:jar 1.0 Optional=true
Tests run: 1, Failures: 0, Errors: 0, Skipped: 0, Time elapsed: 0.045 sec
Running org.apache.maven.project.ModelUtilsTest
Tests run: 15, Failures: 0, Errors: 0, Skipped: 0, Time elapsed: 0.006 sec
Running org.apache.maven.project.inheritance.t11.ProjectInheritanceTest
{basedir=/home/user/Workspace/reproducibility/Reproducibility-Scanner/benchmarks/bugs-dot-jar/maven/maven-project}
{basedir=/home/user/Workspace/reproducibility/Reproducibility-Scanner/benchmarks/bugs-dot-jar/maven/maven-project, plexus.home=/home/user/Workspace/reproducibility/Reproducibility-Scanner/benchmarks/bugs-dot-jar/maven/maven-project/target/plexus-home}
Tests run: 1, Failures: 0, Errors: 0, Skipped: 0, Time elapsed: 0.022 sec
Running org.apache.maven.project.ProjectBuilderURITest
Original URL String:
jar:file:/c:/Program Files/maven2.1/bin/../lib/maven-project-2.1-SNAPSHOT.jar!/org/apache/maven/project/pom-4.0.0.xml
URI result:
jar:file:/c:/Program%20Files/maven2.1/bin/../lib/maven-project-2.1-SNAPSHOT.jar!/org/apache/maven/project/pom-4.0.0.xml
Tests run: 1, Failures: 0, Errors: 0, Skipped: 0, Time elapsed: 0.001 sec
Running org.apache.maven.project.artifact.MavenMetadataSourceTest
{basedir=/home/user/Workspace/reproducibility/Reproducibility-Scanner/benchmarks/bugs-dot-jar/maven/maven-project}
{basedir=/home/user/Workspace/reproducibility/Reproducibility-Scanner/benchmarks/bugs-dot-jar/maven/maven-project, plexus.home=/home/user/Workspace/reproducibility/Reproducibility-Scanner/benchmarks/bugs-dot-jar/maven/maven-project/target/plexus-home}
{basedir=/home/user/Workspace/reproducibility/Reproducibility-Scanner/benchmarks/bugs-dot-jar/maven/maven-project}
{basedir=/home/user/Workspace/reproducibility/Reproducibility-Scanner/benchmarks/bugs-dot-jar/maven/maven-project, plexus.home=/home/user/Workspace/reproducibility/Reproducibility-Scanner/benchmarks/bugs-dot-jar/maven/maven-project/target/plexus-home}
{basedir=/home/user/Workspace/reproducibility/Reproducibility-Scanner/benchmarks/bugs-dot-jar/maven/maven-project}
{basedir=/home/user/Workspace/reproducibility/Reproducibility-Scanner/benchmarks/bugs-dot-jar/maven/maven-project, plexus.home=/home/user/Workspace/reproducibility/Reproducibility-Scanner/benchmarks/bugs-dot-jar/maven/maven-project/target/plexus-home}
Tests run: 3, Failures: 0, Errors: 0, Skipped: 0, Time elapsed: 0.019 sec
Running org.apache.maven.project.inheritance.t06.ProjectInheritanceTest
{basedir=/home/user/Workspace/reproducibility/Reproducibility-Scanner/benchmarks/bugs-dot-jar/maven/maven-project}
{basedir=/home/user/Workspace/reproducibility/Reproducibility-Scanner/benchmarks/bugs-dot-jar/maven/maven-project, plexus.home=/home/user/Workspace/reproducibility/Reproducibility-Scanner/benchmarks/bugs-dot-jar/maven/maven-project/target/plexus-home}
Artifact: maven-test:t06-a:jar 1.0 Optional=false
Artifact: maven-test:t06-b:jar 1.0 Optional=false
Artifact: maven-test:t06-c:jar 1.0 Optional=false
Artifact: maven-test:t06-d:jar 1.0 Optional=false
Tests run: 1, Failures: 0, Errors: 0, Skipped: 0, Time elapsed: 0.044 sec
Running org.apache.maven.project.builder.PluginBuilderTest
Tests run: 0, Failures: 0, Errors: 0, Skipped: 0, Time elapsed: 0.001 sec
Running org.apache.maven.project.inheritance.t03.ProjectInheritanceTest
{basedir=/home/user/Workspace/reproducibility/Reproducibility-Scanner/benchmarks/bugs-dot-jar/maven/maven-project}
{basedir=/home/user/Workspace/reproducibility/Reproducibility-Scanner/benchmarks/bugs-dot-jar/maven/maven-project, plexus.home=/home/user/Workspace/reproducibility/Reproducibility-Scanner/benchmarks/bugs-dot-jar/maven/maven-project/target/plexus-home}
Tests run: 1, Failures: 0, Errors: 0, Skipped: 0, Time elapsed: 0.024 sec
Running org.apache.maven.profiles.injection.DefaultProfileInjectorTest
Tests run: 7, Failures: 0, Errors: 0, Skipped: 0, Time elapsed: 0.004 sec
Running org.apache.maven.project.inheritance.t01.ProjectInheritanceTest
{basedir=/home/user/Workspace/reproducibility/Reproducibility-Scanner/benchmarks/bugs-dot-jar/maven/maven-project}
{basedir=/home/user/Workspace/reproducibility/Reproducibility-Scanner/benchmarks/bugs-dot-jar/maven/maven-project, plexus.home=/home/user/Workspace/reproducibility/Reproducibility-Scanner/benchmarks/bugs-dot-jar/maven/maven-project/target/plexus-home}
Tests run: 1, Failures: 0, Errors: 0, Skipped: 0, Time elapsed: 0.109 sec
Running org.apache.maven.project.DefaultMavenProjectBuilderTest
{basedir=/home/user/Workspace/reproducibility/Reproducibility-Scanner/benchmarks/bugs-dot-jar/maven/maven-project}
{basedir=/home/user/Workspace/reproducibility/Reproducibility-Scanner/benchmarks/bugs-dot-jar/maven/maven-project, plexus.home=/home/user/Workspace/reproducibility/Reproducibility-Scanner/benchmarks/bugs-dot-jar/maven/maven-project/target/plexus-home}
{basedir=/home/user/Workspace/reproducibility/Reproducibility-Scanner/benchmarks/bugs-dot-jar/maven/maven-project}
{basedir=/home/user/Workspace/reproducibility/Reproducibility-Scanner/benchmarks/bugs-dot-jar/maven/maven-project, plexus.home=/home/user/Workspace/reproducibility/Reproducibility-Scanner/benchmarks/bugs-dot-jar/maven/maven-project/target/plexus-home}
Tests run: 2, Failures: 0, Errors: 0, Skipped: 0, Time elapsed: 0.048 sec
Running org.apache.maven.profiles.activation.JdkPrefixProfileActivatorTest
Tests run: 2, Failures: 0, Errors: 0, Skipped: 0, Time elapsed: 0.002 sec
Running org.apache.maven.project.injection.DefaultModelDefaultsInjectorTest
Tests run: 11, Failures: 0, Errors: 0, Skipped: 0, Time elapsed: 0.002 sec
Running org.apache.maven.project.TestArtifactResolver
Tests run: 0, Failures: 0, Errors: 0, Skipped: 0, Time elapsed: 0.001 sec
Running org.apache.maven.project.ProjectClasspathTest
{basedir=/home/user/Workspace/reproducibility/Reproducibility-Scanner/benchmarks/bugs-dot-jar/maven/maven-project}
{basedir=/home/user/Workspace/reproducibility/Reproducibility-Scanner/benchmarks/bugs-dot-jar/maven/maven-project, plexus.home=/home/user/Workspace/reproducibility/Reproducibility-Scanner/benchmarks/bugs-dot-jar/maven/maven-project/target/plexus-home}
Tests run: 1, Failures: 0, Errors: 0, Skipped: 0, Time elapsed: 0.018 sec

Results :

Tests in error: 
  testPluginManagementDependencies(org.apache.maven.project.builder.PomConstructionTest)

Tests run: 146, Failures: 0, Errors: 1, Skipped: 0

[[1;34mINFO[m] [1m------------------------------------------------------------------------[m
[[1;34mINFO[m] [1;31mBUILD FAILURE[m
[[1;34mINFO[m] [1m------------------------------------------------------------------------[m
[[1;34mINFO[m] Total time:  6.773 s
[[1;34mINFO[m] Finished at: 2022-08-28T17:26:42-07:00
[[1;34mINFO[m] [1m------------------------------------------------------------------------[m
[[1;31mERROR[m] Failed to execute goal [32morg.apache.maven.plugins:maven-surefire-plugin:2.4.2:test[m [1m(default-test)[m on project [36mmaven-project[m: [1;31mThere are test failures.[m
[[1;31mERROR[m] [1;31m[m
[[1;31mERROR[m] [1;31mPlease refer to /home/user/Workspace/reproducibility/Reproducibility-Scanner/benchmarks/bugs-dot-jar/maven/maven-project/target/surefire-reports for the individual test results.[m
[[1;31mERROR[m] -> [1m[Help 1][m
[[1;31mERROR[m] 
[[1;31mERROR[m] To see the full stack trace of the errors, re-run Maven with the [1m-e[m switch.
[[1;31mERROR[m] Re-run Maven using the [1m-X[m switch to enable full debug logging.
[[1;31mERROR[m] 
[[1;31mERROR[m] For more information about the errors and possible solutions, please read the following articles:
[[1;31mERROR[m] [1m[Help 1][m http://cwiki.apache.org/confluence/display/MAVEN/MojoFailureException