travis_fold:start:system_info[0K[33;1mBuild system information[0m
Build language: java
Build group: stable
Build dist: precise
Build id: ''
Job id: ''
[34m[1mBuild image provisioning date and time[0m
Thu Feb  5 15:09:33 UTC 2015
[34m[1mOperating System Details[0m
Distributor ID:	Ubuntu
Description:	Ubuntu 12.04.5 LTS
Release:	12.04
Codename:	precise
[34m[1mLinux Version[0m
3.13.0-29-generic
[34m[1mCookbooks Version[0m
a68419e https://github.com/travis-ci/travis-cookbooks/tree/a68419e
[34m[1mGCC version[0m
gcc (Ubuntu/Linaro 4.6.3-1ubuntu5) 4.6.3
Copyright (C) 2011 Free Software Foundation, Inc.
This is free software; see the source for copying conditions.  There is NO
warranty; not even for MERCHANTABILITY or FITNESS FOR A PARTICULAR PURPOSE.

[34m[1mLLVM version[0m
clang version 3.4 (tags/RELEASE_34/final)
Target: x86_64-unknown-linux-gnu
Thread model: posix
[34m[1mPre-installed Ruby versions[0m
ruby-1.9.3-p551
[34m[1mPre-installed Node.js versions[0m
v0.10.36
[34m[1mPre-installed Go versions[0m
1.4.1
[34m[1mRedis version[0m
redis-server 2.8.19
[34m[1mriak version[0m
2.0.2
[34m[1mMongoDB version[0m
MongoDB 2.4.12
[34m[1mCouchDB version[0m
couchdb 1.6.1
[34m[1mNeo4j version[0m
1.9.4
[34m[1mRabbitMQ Version[0m
3.4.3
[34m[1mElasticSearch version[0m
1.4.0
[34m[1mInstalled Sphinx versions[0m
2.0.10
2.1.9
2.2.6
[34m[1mDefault Sphinx version[0m
2.2.6
[34m[1mInstalled Firefox version[0m
firefox 31.0esr
[34m[1mPhantomJS version[0m
1.9.8
[34m[1mant -version[0m
Apache Ant(TM) version 1.8.2 compiled on December 3 2011
[34m[1mmvn -version[0m
Apache Maven 3.2.5 (12a6b3acb947671f09b81f49094c53f426d8cea1; 2014-12-14T17:29:23+00:00)
Maven home: /usr/local/maven
Java version: 1.7.0_76, vendor: Oracle Corporation
Java home: /usr/lib/jvm/java-7-oracle/jre
Default locale: en_US, platform encoding: ANSI_X3.4-1968
OS name: "linux", version: "3.13.0-29-generic", arch: "amd64", family: "unix"
travis_fold:end:system_info[0K
grep: /etc/apt/sources.list.d/*: No such file or directory
W: Failed to fetch http://us.archive.ubuntu.com/ubuntu/dists/precise/main/source/Sources  404  Not Found [IP: 91.189.91.39 80]

W: Failed to fetch http://us.archive.ubuntu.com/ubuntu/dists/precise/restricted/source/Sources  404  Not Found [IP: 91.189.91.39 80]

W: Failed to fetch http://us.archive.ubuntu.com/ubuntu/dists/precise/universe/source/Sources  404  Not Found [IP: 91.189.91.39 80]

W: Failed to fetch http://us.archive.ubuntu.com/ubuntu/dists/precise/multiverse/source/Sources  404  Not Found [IP: 91.189.91.39 80]

W: Failed to fetch http://us.archive.ubuntu.com/ubuntu/dists/precise/main/binary-amd64/Packages  404  Not Found [IP: 91.189.91.39 80]

W: Failed to fetch http://us.archive.ubuntu.com/ubuntu/dists/precise/restricted/binary-amd64/Packages  404  Not Found [IP: 91.189.91.39 80]

W: Failed to fetch http://us.archive.ubuntu.com/ubuntu/dists/precise/universe/binary-amd64/Packages  404  Not Found [IP: 91.189.91.39 80]

W: Failed to fetch http://us.archive.ubuntu.com/ubuntu/dists/precise/multiverse/binary-amd64/Packages  404  Not Found [IP: 91.189.91.39 80]

W: Failed to fetch http://us.archive.ubuntu.com/ubuntu/dists/precise/main/binary-i386/Packages  404  Not Found [IP: 91.189.91.39 80]

W: Failed to fetch http://us.archive.ubuntu.com/ubuntu/dists/precise/restricted/binary-i386/Packages  404  Not Found [IP: 91.189.91.39 80]

W: Failed to fetch http://us.archive.ubuntu.com/ubuntu/dists/precise/universe/binary-i386/Packages  404  Not Found [IP: 91.189.91.39 80]

W: Failed to fetch http://us.archive.ubuntu.com/ubuntu/dists/precise/multiverse/binary-i386/Packages  404  Not Found [IP: 91.189.91.39 80]

W: Failed to fetch http://us.archive.ubuntu.com/ubuntu/dists/precise-updates/main/source/Sources  404  Not Found [IP: 91.189.91.39 80]

W: Failed to fetch http://us.archive.ubuntu.com/ubuntu/dists/precise-updates/restricted/source/Sources  404  Not Found [IP: 91.189.91.39 80]

W: Failed to fetch http://us.archive.ubuntu.com/ubuntu/dists/precise-updates/universe/source/Sources  404  Not Found [IP: 91.189.91.39 80]

W: Failed to fetch http://us.archive.ubuntu.com/ubuntu/dists/precise-updates/multiverse/source/Sources  404  Not Found [IP: 91.189.91.39 80]

W: Failed to fetch http://us.archive.ubuntu.com/ubuntu/dists/precise-updates/main/binary-amd64/Packages  404  Not Found [IP: 91.189.91.39 80]

W: Failed to fetch http://us.archive.ubuntu.com/ubuntu/dists/precise-updates/restricted/binary-amd64/Packages  404  Not Found [IP: 91.189.91.39 80]

W: Failed to fetch http://us.archive.ubuntu.com/ubuntu/dists/precise-updates/universe/binary-amd64/Packages  404  Not Found [IP: 91.189.91.39 80]

W: Failed to fetch http://us.archive.ubuntu.com/ubuntu/dists/precise-updates/multiverse/binary-amd64/Packages  404  Not Found [IP: 91.189.91.39 80]

W: Failed to fetch http://us.archive.ubuntu.com/ubuntu/dists/precise-updates/main/binary-i386/Packages  404  Not Found [IP: 91.189.91.39 80]

W: Failed to fetch http://us.archive.ubuntu.com/ubuntu/dists/precise-updates/restricted/binary-i386/Packages  404  Not Found [IP: 91.189.91.39 80]

W: Failed to fetch http://us.archive.ubuntu.com/ubuntu/dists/precise-updates/universe/binary-i386/Packages  404  Not Found [IP: 91.189.91.39 80]

W: Failed to fetch http://us.archive.ubuntu.com/ubuntu/dists/precise-updates/multiverse/binary-i386/Packages  404  Not Found [IP: 91.189.91.39 80]

W: Failed to fetch http://us.archive.ubuntu.com/ubuntu/dists/precise-backports/main/source/Sources  404  Not Found [IP: 91.189.91.39 80]

W: Failed to fetch http://us.archive.ubuntu.com/ubuntu/dists/precise-backports/restricted/source/Sources  404  Not Found [IP: 91.189.91.39 80]

W: Failed to fetch http://us.archive.ubuntu.com/ubuntu/dists/precise-backports/universe/source/Sources  404  Not Found [IP: 91.189.91.39 80]

W: Failed to fetch http://us.archive.ubuntu.com/ubuntu/dists/precise-backports/multiverse/source/Sources  404  Not Found [IP: 91.189.91.39 80]

W: Failed to fetch http://us.archive.ubuntu.com/ubuntu/dists/precise-backports/main/binary-amd64/Packages  404  Not Found [IP: 91.189.91.39 80]

W: Failed to fetch http://us.archive.ubuntu.com/ubuntu/dists/precise-backports/restricted/binary-amd64/Packages  404  Not Found [IP: 91.189.91.39 80]

W: Failed to fetch http://us.archive.ubuntu.com/ubuntu/dists/precise-backports/universe/binary-amd64/Packages  404  Not Found [IP: 91.189.91.39 80]

W: Failed to fetch http://us.archive.ubuntu.com/ubuntu/dists/precise-backports/multiverse/binary-amd64/Packages  404  Not Found [IP: 91.189.91.39 80]

W: Failed to fetch http://us.archive.ubuntu.com/ubuntu/dists/precise-backports/main/binary-i386/Packages  404  Not Found [IP: 91.189.91.39 80]

W: Failed to fetch http://us.archive.ubuntu.com/ubuntu/dists/precise-backports/restricted/binary-i386/Packages  404  Not Found [IP: 91.189.91.39 80]

W: Failed to fetch http://us.archive.ubuntu.com/ubuntu/dists/precise-backports/universe/binary-i386/Packages  404  Not Found [IP: 91.189.91.39 80]

W: Failed to fetch http://us.archive.ubuntu.com/ubuntu/dists/precise-backports/multiverse/binary-i386/Packages  404  Not Found [IP: 91.189.91.39 80]

W: Failed to fetch http://security.ubuntu.com/ubuntu/dists/precise-security/main/source/Sources  404  Not Found [IP: 185.125.190.36 80]

W: Failed to fetch http://security.ubuntu.com/ubuntu/dists/precise-security/restricted/source/Sources  404  Not Found [IP: 185.125.190.36 80]

W: Failed to fetch http://security.ubuntu.com/ubuntu/dists/precise-security/universe/source/Sources  404  Not Found [IP: 185.125.190.36 80]

W: Failed to fetch http://security.ubuntu.com/ubuntu/dists/precise-security/multiverse/source/Sources  404  Not Found [IP: 185.125.190.36 80]

W: Failed to fetch http://security.ubuntu.com/ubuntu/dists/precise-security/main/binary-amd64/Packages  404  Not Found [IP: 185.125.190.36 80]

W: Failed to fetch http://security.ubuntu.com/ubuntu/dists/precise-security/restricted/binary-amd64/Packages  404  Not Found [IP: 185.125.190.36 80]

W: Failed to fetch http://security.ubuntu.com/ubuntu/dists/precise-security/universe/binary-amd64/Packages  404  Not Found [IP: 185.125.190.36 80]

W: Failed to fetch http://security.ubuntu.com/ubuntu/dists/precise-security/multiverse/binary-amd64/Packages  404  Not Found [IP: 185.125.190.36 80]

W: Failed to fetch http://security.ubuntu.com/ubuntu/dists/precise-security/main/binary-i386/Packages  404  Not Found [IP: 185.125.190.36 80]

W: Failed to fetch http://security.ubuntu.com/ubuntu/dists/precise-security/restricted/binary-i386/Packages  404  Not Found [IP: 185.125.190.36 80]

W: Failed to fetch http://security.ubuntu.com/ubuntu/dists/precise-security/universe/binary-i386/Packages  404  Not Found [IP: 185.125.190.36 80]

W: Failed to fetch http://security.ubuntu.com/ubuntu/dists/precise-security/multiverse/binary-i386/Packages  404  Not Found [IP: 185.125.190.36 80]

E: Some index files failed to download. They have been ignored, or old ones used instead.
sed: cannot rename /etc/hosts: Device or resource busy
sed: cannot rename /etc/hosts: Device or resource busy
$ jdk_switcher use oraclejdk8
Switching to Oracle JDK8 (java-8-oracle), JAVA_HOME will be set to /usr/lib/jvm/java-8-oracle
$ cd failed/google/auto
$ java -Xmx32m -version
java version "1.8.0_31"
Java(TM) SE Runtime Environment (build 1.8.0_31-b13)
Java HotSpot(TM) 64-Bit Server VM (build 25.31-b07, mixed mode)
$ javac -J-Xmx32m -version
javac 1.8.0_31
travis_fold:start:install[0Ktravis_time:start:0fe92020[0K$ mvn -Dhttps.protocols=TLSv1.2 -B -U -f build-pom.xml dependency:go-offline test clean --quiet --fail-never -DskipTests=true
Java HotSpot(TM) 64-Bit Server VM warning: ignoring option MaxPermSize=192m; support was removed in 8.0

travis_time:end:0fe92020:start=1660950325420767369,finish=1660950422890725720,duration=97469958351[0Ktravis_fold:end:install[0Ktravis_time:start:19137a7f[0K$ mvn -Dhttps.protocols=TLSv1.2 -B -U -f build-pom.xml verify --fail-at-end -Dsource.skip=true -Dmaven.javadoc.skip=true
Java HotSpot(TM) 64-Bit Server VM warning: ignoring option MaxPermSize=192m; support was removed in 8.0
[INFO] Scanning for projects...
[INFO] ------------------------------------------------------------------------
[INFO] Reactor Build Order:
[INFO] 
[INFO] Auto (Parent)
[INFO] Auto Common Libraries
[INFO] AutoFactory
[INFO] AutoService
[INFO] AutoValue
[INFO] build-only
[INFO]                                                                         
[INFO] ------------------------------------------------------------------------
[INFO] Building Auto (Parent) 4-SNAPSHOT
[INFO] ------------------------------------------------------------------------
[INFO] 
[INFO] --- maven-enforcer-plugin:1.0:enforce (enforce-maven) @ auto-parent ---
[INFO]                                                                         
[INFO] ------------------------------------------------------------------------
[INFO] Building Auto Common Libraries 1.0-SNAPSHOT
[INFO] ------------------------------------------------------------------------
[INFO] 
[INFO] --- maven-enforcer-plugin:1.0:enforce (enforce-maven) @ auto-common ---
[INFO] 
[INFO] --- maven-resources-plugin:2.6:resources (default-resources) @ auto-common ---
[INFO] Using 'UTF-8' encoding to copy filtered resources.
[INFO] skip non existing resourceDirectory /home/travis/build/failed/google/auto/common/src/main/resources
[INFO] 
[INFO] --- maven-compiler-plugin:3.1:compile (default-compile) @ auto-common ---
[INFO] Changes detected - recompiling the module!
[INFO] Compiling 8 source files to /home/travis/build/failed/google/auto/common/target/classes
[WARNING] bootstrap class path not set in conjunction with -source 1.6
[INFO] 
[INFO] --- maven-resources-plugin:2.6:testResources (default-testResources) @ auto-common ---
[INFO] Using 'UTF-8' encoding to copy filtered resources.
[INFO] skip non existing resourceDirectory /home/travis/build/failed/google/auto/common/src/test/resources
[INFO] 
[INFO] --- maven-compiler-plugin:3.1:testCompile (default-testCompile) @ auto-common ---
[INFO] Changes detected - recompiling the module!
[INFO] Compiling 8 source files to /home/travis/build/failed/google/auto/common/target/test-classes
[WARNING] bootstrap class path not set in conjunction with -source 1.6
[WARNING] No processor claimed any of these annotations: com.google.auto.common.AnnotationMirrorsTest.OuterWithValueArray,org.junit.runner.RunWith,org.junit.runners.Parameterized.Parameters,org.junit.Test,javax.annotation.processing.SupportedAnnotationTypes,com.google.auto.common.AnnotationMirrorsTest.Stringy,com.google.auto.common.AnnotationMirrorsTest.AnnotatedOuter,org.junit.Rule,com.google.auto.common.AnnotationMirrorsTest.DefaultingOuter,com.google.auto.common.MoreElementsTest.InnerAnnotation,com.google.auto.common.AnnotationMirrorsTest.Outer,org.junit.Before,com.google.auto.common.AnnotationMirrorsTest.SimpleAnnotation
[WARNING] /home/travis/build/failed/google/auto/common/src/test/java/com/google/auto/common/MoreElementsTest.java:[389,21] getLocalAndInheritedMethods(javax.lang.model.element.TypeElement,javax.lang.model.util.Elements) in com.google.auto.common.MoreElements has been deprecated
[WARNING] /home/travis/build/failed/google/auto/common/src/test/java/com/google/auto/common/MoreElementsTest.java:[395,21] getLocalAndInheritedMethods(javax.lang.model.element.TypeElement,javax.lang.model.util.Elements) in com.google.auto.common.MoreElements has been deprecated
[INFO] 
[INFO] --- maven-surefire-plugin:2.12.4:test (default-test) @ auto-common ---
[INFO] Surefire report directory: /home/travis/build/failed/google/auto/common/target/surefire-reports
[INFO] Downloading: https://repo.maven.apache.org/maven2/org/apache/maven/surefire/surefire-junit4/2.12.4/surefire-junit4-2.12.4.pom
[INFO] Downloaded: https://repo.maven.apache.org/maven2/org/apache/maven/surefire/surefire-junit4/2.12.4/surefire-junit4-2.12.4.pom (3 KB at 4.6 KB/sec)
[INFO] Downloading: https://repo.maven.apache.org/maven2/org/apache/maven/surefire/surefire-providers/2.12.4/surefire-providers-2.12.4.pom
[INFO] Downloaded: https://repo.maven.apache.org/maven2/org/apache/maven/surefire/surefire-providers/2.12.4/surefire-providers-2.12.4.pom (3 KB at 104.2 KB/sec)
[INFO] Downloading: https://repo.maven.apache.org/maven2/org/apache/maven/surefire/surefire-junit4/2.12.4/surefire-junit4-2.12.4.jar
[INFO] Downloaded: https://repo.maven.apache.org/maven2/org/apache/maven/surefire/surefire-junit4/2.12.4/surefire-junit4-2.12.4.jar (37 KB at 424.2 KB/sec)

-------------------------------------------------------
 T E S T S
-------------------------------------------------------
Running com.google.auto.common.SuperficialValidationTest
Tests run: 10, Failures: 0, Errors: 0, Skipped: 0, Time elapsed: 1.133 sec
Running com.google.auto.common.MoreTypesTest
Tests run: 6, Failures: 0, Errors: 0, Skipped: 0, Time elapsed: 0.385 sec
Running com.google.auto.common.BasicAnnotationProcessorTest
Tests run: 6, Failures: 0, Errors: 0, Skipped: 0, Time elapsed: 0.615 sec
Running com.google.auto.common.MoreElementsTest
Tests run: 17, Failures: 0, Errors: 0, Skipped: 0, Time elapsed: 0.365 sec
Running com.google.auto.common.VisibilityTest
Tests run: 3, Failures: 0, Errors: 0, Skipped: 0, Time elapsed: 0.072 sec
Running com.google.auto.common.AnnotationMirrorsTest
Tests run: 5, Failures: 0, Errors: 0, Skipped: 0, Time elapsed: 0.124 sec
Running com.google.auto.common.MoreTypesIsTypeOfTest
Tests run: 13, Failures: 0, Errors: 0, Skipped: 0, Time elapsed: 0.277 sec
Running com.google.auto.common.OverridesTest
Tests run: 24, Failures: 0, Errors: 0, Skipped: 0, Time elapsed: 2.28 sec

Results :

Tests run: 84, Failures: 0, Errors: 0, Skipped: 0

[INFO] 
[INFO] --- maven-jar-plugin:2.6:jar (default-jar) @ auto-common ---
[INFO] Downloading: https://repo.maven.apache.org/maven2/org/apache/maven/reporting/maven-reporting-api/2.2.1/maven-reporting-api-2.2.1.pom
[INFO] Downloaded: https://repo.maven.apache.org/maven2/org/apache/maven/reporting/maven-reporting-api/2.2.1/maven-reporting-api-2.2.1.pom (2 KB at 95.2 KB/sec)
[INFO] Downloading: https://repo.maven.apache.org/maven2/org/apache/maven/reporting/maven-reporting/2.2.1/maven-reporting-2.2.1.pom
[INFO] Downloaded: https://repo.maven.apache.org/maven2/org/apache/maven/reporting/maven-reporting/2.2.1/maven-reporting-2.2.1.pom (2 KB at 74.2 KB/sec)
[INFO] Downloading: https://repo.maven.apache.org/maven2/org/apache/maven/doxia/doxia-sink-api/1.1/doxia-sink-api-1.1.pom
[INFO] Downloaded: https://repo.maven.apache.org/maven2/org/apache/maven/doxia/doxia-sink-api/1.1/doxia-sink-api-1.1.pom (2 KB at 110.6 KB/sec)
[INFO] Downloading: https://repo.maven.apache.org/maven2/org/apache/maven/doxia/doxia/1.1/doxia-1.1.pom
[INFO] Downloaded: https://repo.maven.apache.org/maven2/org/apache/maven/doxia/doxia/1.1/doxia-1.1.pom (15 KB at 592.9 KB/sec)
[INFO] Downloading: https://repo.maven.apache.org/maven2/org/apache/maven/doxia/doxia-logging-api/1.1/doxia-logging-api-1.1.pom
[INFO] Downloaded: https://repo.maven.apache.org/maven2/org/apache/maven/doxia/doxia-logging-api/1.1/doxia-logging-api-1.1.pom (2 KB at 96.1 KB/sec)
[INFO] Downloading: https://repo.maven.apache.org/maven2/commons-cli/commons-cli/1.2/commons-cli-1.2.pom
[INFO] Downloaded: https://repo.maven.apache.org/maven2/commons-cli/commons-cli/1.2/commons-cli-1.2.pom (8 KB at 354.2 KB/sec)
[INFO] Downloading: https://repo.maven.apache.org/maven2/org/apache/commons/commons-parent/11/commons-parent-11.pom
[INFO] Downloaded: https://repo.maven.apache.org/maven2/org/apache/commons/commons-parent/11/commons-parent-11.pom (25 KB at 752.2 KB/sec)
[INFO] Downloading: https://repo.maven.apache.org/maven2/org/apache/maven/maven-archiver/2.6/maven-archiver-2.6.pom
[INFO] Downloaded: https://repo.maven.apache.org/maven2/org/apache/maven/maven-archiver/2.6/maven-archiver-2.6.pom (5 KB at 183.5 KB/sec)
[INFO] Downloading: https://repo.maven.apache.org/maven2/org/apache/maven/shared/maven-shared-components/20/maven-shared-components-20.pom
[INFO] Downloaded: https://repo.maven.apache.org/maven2/org/apache/maven/shared/maven-shared-components/20/maven-shared-components-20.pom (5 KB at 237.4 KB/sec)
[INFO] Downloading: https://repo.maven.apache.org/maven2/org/apache/maven/maven-parent/24/maven-parent-24.pom
[INFO] Downloaded: https://repo.maven.apache.org/maven2/org/apache/maven/maven-parent/24/maven-parent-24.pom (37 KB at 1091.9 KB/sec)
[INFO] Downloading: https://repo.maven.apache.org/maven2/org/apache/apache/14/apache-14.pom
[INFO] Downloaded: https://repo.maven.apache.org/maven2/org/apache/apache/14/apache-14.pom (15 KB at 623.5 KB/sec)
[INFO] Downloading: https://repo.maven.apache.org/maven2/org/apache/maven/shared/maven-shared-utils/0.7/maven-shared-utils-0.7.pom
[INFO] Downloaded: https://repo.maven.apache.org/maven2/org/apache/maven/shared/maven-shared-utils/0.7/maven-shared-utils-0.7.pom (5 KB at 288.0 KB/sec)
[INFO] Downloading: https://repo.maven.apache.org/maven2/org/codehaus/plexus/plexus-archiver/2.8.1/plexus-archiver-2.8.1.pom
[INFO] Downloaded: https://repo.maven.apache.org/maven2/org/codehaus/plexus/plexus-archiver/2.8.1/plexus-archiver-2.8.1.pom (5 KB at 191.5 KB/sec)
[INFO] Downloading: https://repo.maven.apache.org/maven2/org/codehaus/plexus/plexus-utils/3.0.20/plexus-utils-3.0.20.pom
[INFO] Downloaded: https://repo.maven.apache.org/maven2/org/codehaus/plexus/plexus-utils/3.0.20/plexus-utils-3.0.20.pom (4 KB at 195.8 KB/sec)
[INFO] Downloading: https://repo.maven.apache.org/maven2/org/codehaus/plexus/plexus-io/2.3.2/plexus-io-2.3.2.pom
[INFO] Downloaded: https://repo.maven.apache.org/maven2/org/codehaus/plexus/plexus-io/2.3.2/plexus-io-2.3.2.pom (3 KB at 99.6 KB/sec)
[INFO] Downloading: https://repo.maven.apache.org/maven2/org/apache/commons/commons-compress/1.9/commons-compress-1.9.pom
[INFO] Downloaded: https://repo.maven.apache.org/maven2/org/apache/commons/commons-compress/1.9/commons-compress-1.9.pom (12 KB at 413.5 KB/sec)
[INFO] Downloading: https://repo.maven.apache.org/maven2/org/apache/commons/commons-parent/34/commons-parent-34.pom
[INFO] Downloaded: https://repo.maven.apache.org/maven2/org/apache/commons/commons-parent/34/commons-parent-34.pom (55 KB at 1162.4 KB/sec)
[INFO] Downloading: https://repo.maven.apache.org/maven2/org/codehaus/plexus/plexus-interpolation/1.21/plexus-interpolation-1.21.pom
[INFO] Downloaded: https://repo.maven.apache.org/maven2/org/codehaus/plexus/plexus-interpolation/1.21/plexus-interpolation-1.21.pom (2 KB at 65.4 KB/sec)
[INFO] Downloading: https://repo.maven.apache.org/maven2/org/codehaus/plexus/plexus-archiver/2.9/plexus-archiver-2.9.pom
[INFO] Downloaded: https://repo.maven.apache.org/maven2/org/codehaus/plexus/plexus-archiver/2.9/plexus-archiver-2.9.pom (5 KB at 236.9 KB/sec)
[INFO] Downloading: https://repo.maven.apache.org/maven2/org/codehaus/plexus/plexus-io/2.4/plexus-io-2.4.pom
[INFO] Downloaded: https://repo.maven.apache.org/maven2/org/codehaus/plexus/plexus-io/2.4/plexus-io-2.4.pom (4 KB at 191.6 KB/sec)
[INFO] Downloading: https://repo.maven.apache.org/maven2/commons-io/commons-io/2.2/commons-io-2.2.pom
[INFO] Downloaded: https://repo.maven.apache.org/maven2/commons-io/commons-io/2.2/commons-io-2.2.pom (11 KB at 431.0 KB/sec)
[INFO] Downloading: https://repo.maven.apache.org/maven2/org/apache/commons/commons-parent/24/commons-parent-24.pom
[INFO] Downloaded: https://repo.maven.apache.org/maven2/org/apache/commons/commons-parent/24/commons-parent-24.pom (47 KB at 1247.5 KB/sec)
[INFO] Downloading: https://repo.maven.apache.org/maven2/org/slf4j/slf4j-jdk14/1.5.6/slf4j-jdk14-1.5.6.jar
[INFO] Downloading: https://repo.maven.apache.org/maven2/org/slf4j/slf4j-api/1.5.6/slf4j-api-1.5.6.jar
[INFO] Downloading: https://repo.maven.apache.org/maven2/org/slf4j/jcl-over-slf4j/1.5.6/jcl-over-slf4j-1.5.6.jar
[INFO] Downloading: https://repo.maven.apache.org/maven2/org/apache/maven/reporting/maven-reporting-api/2.2.1/maven-reporting-api-2.2.1.jar
[INFO] Downloading: https://repo.maven.apache.org/maven2/org/apache/maven/doxia/doxia-sink-api/1.1/doxia-sink-api-1.1.jar
[INFO] Downloaded: https://repo.maven.apache.org/maven2/org/slf4j/slf4j-jdk14/1.5.6/slf4j-jdk14-1.5.6.jar (9 KB at 239.1 KB/sec)
[INFO] Downloading: https://repo.maven.apache.org/maven2/org/apache/maven/doxia/doxia-logging-api/1.1/doxia-logging-api-1.1.jar
[INFO] Downloaded: https://repo.maven.apache.org/maven2/org/apache/maven/doxia/doxia-logging-api/1.1/doxia-logging-api-1.1.jar (12 KB at 201.3 KB/sec)
[INFO] Downloading: https://repo.maven.apache.org/maven2/commons-cli/commons-cli/1.2/commons-cli-1.2.jar
[INFO] Downloaded: https://repo.maven.apache.org/maven2/org/slf4j/jcl-over-slf4j/1.5.6/jcl-over-slf4j-1.5.6.jar (17 KB at 276.8 KB/sec)
[INFO] Downloading: https://repo.maven.apache.org/maven2/backport-util-concurrent/backport-util-concurrent/3.1/backport-util-concurrent-3.1.jar
[INFO] Downloaded: https://repo.maven.apache.org/maven2/org/apache/maven/reporting/maven-reporting-api/2.2.1/maven-reporting-api-2.2.1.jar (10 KB at 147.0 KB/sec)
[INFO] Downloading: https://repo.maven.apache.org/maven2/org/sonatype/plexus/plexus-sec-dispatcher/1.3/plexus-sec-dispatcher-1.3.jar
[INFO] Downloaded: https://repo.maven.apache.org/maven2/org/apache/maven/doxia/doxia-sink-api/1.1/doxia-sink-api-1.1.jar (13 KB at 176.3 KB/sec)
[INFO] Downloading: https://repo.maven.apache.org/maven2/org/sonatype/plexus/plexus-cipher/1.4/plexus-cipher-1.4.jar
[INFO] Downloaded: https://repo.maven.apache.org/maven2/org/slf4j/slf4j-api/1.5.6/slf4j-api-1.5.6.jar (22 KB at 276.1 KB/sec)
[INFO] Downloading: https://repo.maven.apache.org/maven2/org/codehaus/plexus/plexus-interpolation/1.11/plexus-interpolation-1.11.jar
[INFO] Downloaded: https://repo.maven.apache.org/maven2/org/sonatype/plexus/plexus-cipher/1.4/plexus-cipher-1.4.jar (14 KB at 138.7 KB/sec)
[INFO] Downloading: https://repo.maven.apache.org/maven2/org/apache/maven/shared/maven-shared-utils/0.7/maven-shared-utils-0.7.jar
[INFO] Downloaded: https://repo.maven.apache.org/maven2/commons-cli/commons-cli/1.2/commons-cli-1.2.jar (41 KB at 409.8 KB/sec)
[INFO] Downloading: https://repo.maven.apache.org/maven2/org/codehaus/plexus/plexus-io/2.4/plexus-io-2.4.jar
[INFO] Downloaded: https://repo.maven.apache.org/maven2/org/sonatype/plexus/plexus-sec-dispatcher/1.3/plexus-sec-dispatcher-1.3.jar (28 KB at 232.4 KB/sec)
[INFO] Downloading: https://repo.maven.apache.org/maven2/org/apache/commons/commons-compress/1.9/commons-compress-1.9.jar
[INFO] Downloaded: https://repo.maven.apache.org/maven2/org/codehaus/plexus/plexus-interpolation/1.11/plexus-interpolation-1.11.jar (50 KB at 407.7 KB/sec)
[INFO] Downloaded: https://repo.maven.apache.org/maven2/org/codehaus/plexus/plexus-io/2.4/plexus-io-2.4.jar (80 KB at 516.5 KB/sec)
[INFO] Downloaded: https://repo.maven.apache.org/maven2/org/apache/maven/shared/maven-shared-utils/0.7/maven-shared-utils-0.7.jar (167 KB at 869.7 KB/sec)
[INFO] Downloaded: https://repo.maven.apache.org/maven2/backport-util-concurrent/backport-util-concurrent/3.1/backport-util-concurrent-3.1.jar (324 KB at 1452.7 KB/sec)
[INFO] Downloaded: https://repo.maven.apache.org/maven2/org/apache/commons/commons-compress/1.9/commons-compress-1.9.jar (370 KB at 1235.3 KB/sec)
[INFO] Building jar: /home/travis/build/failed/google/auto/common/target/auto-common-1.0-SNAPSHOT.jar
[INFO]                                                                         
[INFO] ------------------------------------------------------------------------
[INFO] Building AutoFactory 1.0-SNAPSHOT
[INFO] ------------------------------------------------------------------------
[INFO] 
[INFO] --- maven-enforcer-plugin:1.0:enforce (enforce-maven) @ auto-factory ---
[INFO] 
[INFO] --- maven-resources-plugin:2.6:resources (default-resources) @ auto-factory ---
[INFO] Using 'UTF-8' encoding to copy filtered resources.
[INFO] skip non existing resourceDirectory /home/travis/build/failed/google/auto/factory/src/main/resources
[INFO] 
[INFO] --- maven-compiler-plugin:3.1:compile (default-compile) @ auto-factory ---
[INFO] Changes detected - recompiling the module!
[INFO] Compiling 17 source files to /home/travis/build/failed/google/auto/factory/target/classes
[WARNING] bootstrap class path not set in conjunction with -source 1.6
[WARNING] No processor claimed any of these annotations: com.google.auto.value.AutoValue,com.google.auto.value.AutoValue.Builder
[WARNING] No processor claimed any of these annotations: javax.annotation.Generated
[INFO] 
[INFO] --- maven-resources-plugin:2.6:testResources (default-testResources) @ auto-factory ---
[INFO] Using 'UTF-8' encoding to copy filtered resources.
[INFO] Copying 67 resources
[INFO] 
[INFO] --- maven-compiler-plugin:3.1:testCompile (default-testCompile) @ auto-factory ---
[INFO] Changes detected - recompiling the module!
[INFO] Compiling 2 source files to /home/travis/build/failed/google/auto/factory/target/test-classes
[WARNING] bootstrap class path not set in conjunction with -source 1.6
[WARNING] No processor claimed any of these annotations: org.junit.runner.RunWith,org.junit.Test
[INFO] 
[INFO] --- maven-surefire-plugin:2.12.4:test (default-test) @ auto-factory ---
[INFO] Surefire report directory: /home/travis/build/failed/google/auto/factory/target/surefire-reports

-------------------------------------------------------
 T E S T S
-------------------------------------------------------
Running com.google.auto.factory.processor.AutoFactoryProcessorTest
Tests run: 36, Failures: 0, Errors: 0, Skipped: 0, Time elapsed: 5.416 sec
Running com.google.auto.factory.processor.AutoFactoryDeclarationTest
Tests run: 1, Failures: 0, Errors: 0, Skipped: 0, Time elapsed: 0 sec

Results :

Tests run: 37, Failures: 0, Errors: 0, Skipped: 0

[INFO] 
[INFO] --- maven-jar-plugin:2.6:jar (default-jar) @ auto-factory ---
[INFO] Building jar: /home/travis/build/failed/google/auto/factory/target/auto-factory-1.0-SNAPSHOT.jar
[INFO] 
[INFO] --- maven-invoker-plugin:1.8:install (integration-test) @ auto-factory ---
[INFO] Downloading: https://repo.maven.apache.org/maven2/org/apache/maven/shared/maven-invoker/2.1.1/maven-invoker-2.1.1.pom
[INFO] Downloaded: https://repo.maven.apache.org/maven2/org/apache/maven/shared/maven-invoker/2.1.1/maven-invoker-2.1.1.pom (6 KB at 258.8 KB/sec)
[INFO] Downloading: https://repo.maven.apache.org/maven2/org/apache/maven/reporting/maven-reporting-impl/2.1/maven-reporting-impl-2.1.pom
[INFO] Downloaded: https://repo.maven.apache.org/maven2/org/apache/maven/reporting/maven-reporting-impl/2.1/maven-reporting-impl-2.1.pom (5 KB at 152.3 KB/sec)
[INFO] Downloading: https://repo.maven.apache.org/maven2/org/apache/maven/maven-project/2.0.10/maven-project-2.0.10.pom
[INFO] Downloaded: https://repo.maven.apache.org/maven2/org/apache/maven/maven-project/2.0.10/maven-project-2.0.10.pom (3 KB at 163.5 KB/sec)
[INFO] Downloading: https://repo.maven.apache.org/maven2/org/apache/maven/maven/2.0.10/maven-2.0.10.pom
[INFO] Downloaded: https://repo.maven.apache.org/maven2/org/apache/maven/maven/2.0.10/maven-2.0.10.pom (24 KB at 790.4 KB/sec)
[INFO] Downloading: https://repo.maven.apache.org/maven2/org/apache/maven/maven-settings/2.0.10/maven-settings-2.0.10.pom
[INFO] Downloaded: https://repo.maven.apache.org/maven2/org/apache/maven/maven-settings/2.0.10/maven-settings-2.0.10.pom (3 KB at 136.6 KB/sec)
[INFO] Downloading: https://repo.maven.apache.org/maven2/org/apache/maven/maven-model/2.0.10/maven-model-2.0.10.pom
[INFO] Downloaded: https://repo.maven.apache.org/maven2/org/apache/maven/maven-model/2.0.10/maven-model-2.0.10.pom (4 KB at 171.5 KB/sec)
[INFO] Downloading: https://repo.maven.apache.org/maven2/org/codehaus/plexus/plexus-interpolation/1.1/plexus-interpolation-1.1.pom
[INFO] Downloaded: https://repo.maven.apache.org/maven2/org/codehaus/plexus/plexus-interpolation/1.1/plexus-interpolation-1.1.pom (2 KB at 87.7 KB/sec)
[INFO] Downloading: https://repo.maven.apache.org/maven2/org/apache/maven/maven-profile/2.0.10/maven-profile-2.0.10.pom
[INFO] Downloaded: https://repo.maven.apache.org/maven2/org/apache/maven/maven-profile/2.0.10/maven-profile-2.0.10.pom (3 KB at 120.3 KB/sec)
[INFO] Downloading: https://repo.maven.apache.org/maven2/org/apache/maven/maven-artifact-manager/2.0.10/maven-artifact-manager-2.0.10.pom
[INFO] Downloaded: https://repo.maven.apache.org/maven2/org/apache/maven/maven-artifact-manager/2.0.10/maven-artifact-manager-2.0.10.pom (3 KB at 164.9 KB/sec)
[INFO] Downloading: https://repo.maven.apache.org/maven2/org/apache/maven/maven-repository-metadata/2.0.10/maven-repository-metadata-2.0.10.pom
[INFO] Downloaded: https://repo.maven.apache.org/maven2/org/apache/maven/maven-repository-metadata/2.0.10/maven-repository-metadata-2.0.10.pom (3 KB at 150.7 KB/sec)
[INFO] Downloading: https://repo.maven.apache.org/maven2/org/apache/maven/maven-artifact/2.0.10/maven-artifact-2.0.10.pom
[INFO] Downloaded: https://repo.maven.apache.org/maven2/org/apache/maven/maven-artifact/2.0.10/maven-artifact-2.0.10.pom (2 KB at 93.1 KB/sec)
[INFO] Downloading: https://repo.maven.apache.org/maven2/org/apache/maven/maven-plugin-registry/2.0.10/maven-plugin-registry-2.0.10.pom
[INFO] Downloaded: https://repo.maven.apache.org/maven2/org/apache/maven/maven-plugin-registry/2.0.10/maven-plugin-registry-2.0.10.pom (2 KB at 123.0 KB/sec)
[INFO] Downloading: https://repo.maven.apache.org/maven2/org/apache/maven/maven-plugin-api/2.0.10/maven-plugin-api-2.0.10.pom
[INFO] Downloaded: https://repo.maven.apache.org/maven2/org/apache/maven/maven-plugin-api/2.0.10/maven-plugin-api-2.0.10.pom (2 KB at 85.9 KB/sec)
[INFO] Downloading: https://repo.maven.apache.org/maven2/org/apache/maven/doxia/doxia-sink-api/1.1.2/doxia-sink-api-1.1.2.pom
[INFO] Downloaded: https://repo.maven.apache.org/maven2/org/apache/maven/doxia/doxia-sink-api/1.1.2/doxia-sink-api-1.1.2.pom (2 KB at 102.5 KB/sec)
[INFO] Downloading: https://repo.maven.apache.org/maven2/org/apache/maven/doxia/doxia/1.1.2/doxia-1.1.2.pom
[INFO] Downloaded: https://repo.maven.apache.org/maven2/org/apache/maven/doxia/doxia/1.1.2/doxia-1.1.2.pom (18 KB at 770.9 KB/sec)
[INFO] Downloading: https://repo.maven.apache.org/maven2/org/apache/maven/doxia/doxia-logging-api/1.1.2/doxia-logging-api-1.1.2.pom
[INFO] Downloaded: https://repo.maven.apache.org/maven2/org/apache/maven/doxia/doxia-logging-api/1.1.2/doxia-logging-api-1.1.2.pom (2 KB at 102.9 KB/sec)
[INFO] Downloading: https://repo.maven.apache.org/maven2/org/apache/maven/doxia/doxia-core/1.1.2/doxia-core-1.1.2.pom
[INFO] Downloaded: https://repo.maven.apache.org/maven2/org/apache/maven/doxia/doxia-core/1.1.2/doxia-core-1.1.2.pom (4 KB at 213.7 KB/sec)
[INFO] Downloading: https://repo.maven.apache.org/maven2/org/codehaus/plexus/plexus-utils/1.5.12/plexus-utils-1.5.12.pom
[INFO] Downloaded: https://repo.maven.apache.org/maven2/org/codehaus/plexus/plexus-utils/1.5.12/plexus-utils-1.5.12.pom (6 KB at 305.7 KB/sec)
[INFO] Downloading: https://repo.maven.apache.org/maven2/xerces/xercesImpl/2.8.1/xercesImpl-2.8.1.pom
[INFO] Downloaded: https://repo.maven.apache.org/maven2/xerces/xercesImpl/2.8.1/xercesImpl-2.8.1.pom (3 KB at 134.7 KB/sec)
[INFO] Downloading: https://repo.maven.apache.org/maven2/xml-apis/xml-apis/1.3.03/xml-apis-1.3.03.pom
[INFO] Downloaded: https://repo.maven.apache.org/maven2/xml-apis/xml-apis/1.3.03/xml-apis-1.3.03.pom (738 B at 48.0 KB/sec)
[INFO] Downloading: https://repo.maven.apache.org/maven2/org/apache/apache/1/apache-1.pom
[INFO] Downloaded: https://repo.maven.apache.org/maven2/org/apache/apache/1/apache-1.pom (4 KB at 175.3 KB/sec)
[INFO] Downloading: https://repo.maven.apache.org/maven2/commons-httpclient/commons-httpclient/3.1/commons-httpclient-3.1.pom
[INFO] Downloaded: https://repo.maven.apache.org/maven2/commons-httpclient/commons-httpclient/3.1/commons-httpclient-3.1.pom (8 KB at 379.1 KB/sec)
[INFO] Downloading: https://repo.maven.apache.org/maven2/commons-codec/commons-codec/1.2/commons-codec-1.2.pom
[INFO] Downloaded: https://repo.maven.apache.org/maven2/commons-codec/commons-codec/1.2/commons-codec-1.2.pom (4 KB at 233.5 KB/sec)
[INFO] Downloading: https://repo.maven.apache.org/maven2/org/apache/maven/doxia/doxia-site-renderer/1.1.2/doxia-site-renderer-1.1.2.pom
[INFO] Downloaded: https://repo.maven.apache.org/maven2/org/apache/maven/doxia/doxia-site-renderer/1.1.2/doxia-site-renderer-1.1.2.pom (6 KB at 314.6 KB/sec)
[INFO] Downloading: https://repo.maven.apache.org/maven2/org/apache/maven/doxia/doxia-sitetools/1.1.2/doxia-sitetools-1.1.2.pom
[INFO] Downloaded: https://repo.maven.apache.org/maven2/org/apache/maven/doxia/doxia-sitetools/1.1.2/doxia-sitetools-1.1.2.pom (15 KB at 355.4 KB/sec)
[INFO] Downloading: https://repo.maven.apache.org/maven2/org/apache/maven/doxia/doxia-decoration-model/1.1.2/doxia-decoration-model-1.1.2.pom
[INFO] Downloaded: https://repo.maven.apache.org/maven2/org/apache/maven/doxia/doxia-decoration-model/1.1.2/doxia-decoration-model-1.1.2.pom (3 KB at 152.9 KB/sec)
[INFO] Downloading: https://repo.maven.apache.org/maven2/org/apache/maven/doxia/doxia-module-xhtml/1.1.2/doxia-module-xhtml-1.1.2.pom
[INFO] Downloaded: https://repo.maven.apache.org/maven2/org/apache/maven/doxia/doxia-module-xhtml/1.1.2/doxia-module-xhtml-1.1.2.pom (2 KB at 74.5 KB/sec)
[INFO] Downloading: https://repo.maven.apache.org/maven2/org/apache/maven/doxia/doxia-modules/1.1.2/doxia-modules-1.1.2.pom
[INFO] Downloaded: https://repo.maven.apache.org/maven2/org/apache/maven/doxia/doxia-modules/1.1.2/doxia-modules-1.1.2.pom (3 KB at 85.0 KB/sec)
[INFO] Downloading: https://repo.maven.apache.org/maven2/org/apache/maven/doxia/doxia-module-fml/1.1.2/doxia-module-fml-1.1.2.pom
[INFO] Downloaded: https://repo.maven.apache.org/maven2/org/apache/maven/doxia/doxia-module-fml/1.1.2/doxia-module-fml-1.1.2.pom (6 KB at 282.4 KB/sec)
[INFO] Downloading: https://repo.maven.apache.org/maven2/org/apache/maven/shared/maven-script-interpreter/1.1/maven-script-interpreter-1.1.pom
[INFO] Downloaded: https://repo.maven.apache.org/maven2/org/apache/maven/shared/maven-script-interpreter/1.1/maven-script-interpreter-1.1.pom (4 KB at 116.9 KB/sec)
[INFO] Downloading: https://repo.maven.apache.org/maven2/org/codehaus/groovy/groovy/2.0.1/groovy-2.0.1.pom
[INFO] Downloaded: https://repo.maven.apache.org/maven2/org/codehaus/groovy/groovy/2.0.1/groovy-2.0.1.pom (16 KB at 679.4 KB/sec)
[INFO] Downloading: https://repo.maven.apache.org/maven2/antlr/antlr/2.7.7/antlr-2.7.7.pom
[INFO] Downloaded: https://repo.maven.apache.org/maven2/antlr/antlr/2.7.7/antlr-2.7.7.pom (632 B at 34.3 KB/sec)
[INFO] Downloading: https://repo.maven.apache.org/maven2/org/ow2/asm/asm-tree/4.0/asm-tree-4.0.pom
[INFO] Downloaded: https://repo.maven.apache.org/maven2/org/ow2/asm/asm-tree/4.0/asm-tree-4.0.pom (3 KB at 107.0 KB/sec)
[INFO] Downloading: https://repo.maven.apache.org/maven2/org/ow2/asm/asm-parent/4.0/asm-parent-4.0.pom
[INFO] Downloaded: https://repo.maven.apache.org/maven2/org/ow2/asm/asm-parent/4.0/asm-parent-4.0.pom (6 KB at 153.3 KB/sec)
[INFO] Downloading: https://repo.maven.apache.org/maven2/org/ow2/ow2/1.3/ow2-1.3.pom
[INFO] Downloaded: https://repo.maven.apache.org/maven2/org/ow2/ow2/1.3/ow2-1.3.pom (10 KB at 464.3 KB/sec)
[INFO] Downloading: https://repo.maven.apache.org/maven2/org/ow2/asm/asm/4.0/asm-4.0.pom
[INFO] Downloaded: https://repo.maven.apache.org/maven2/org/ow2/asm/asm/4.0/asm-4.0.pom (2 KB at 75.5 KB/sec)
[INFO] Downloading: https://repo.maven.apache.org/maven2/org/ow2/asm/asm-commons/4.0/asm-commons-4.0.pom
[INFO] Downloaded: https://repo.maven.apache.org/maven2/org/ow2/asm/asm-commons/4.0/asm-commons-4.0.pom (3 KB at 60.1 KB/sec)
[INFO] Downloading: https://repo.maven.apache.org/maven2/org/ow2/asm/asm-util/4.0/asm-util-4.0.pom
[INFO] Downloaded: https://repo.maven.apache.org/maven2/org/ow2/asm/asm-util/4.0/asm-util-4.0.pom (3 KB at 119.8 KB/sec)
[INFO] Downloading: https://repo.maven.apache.org/maven2/org/ow2/asm/asm-analysis/4.0/asm-analysis-4.0.pom
[INFO] Downloaded: https://repo.maven.apache.org/maven2/org/ow2/asm/asm-analysis/4.0/asm-analysis-4.0.pom (3 KB at 88.9 KB/sec)
[INFO] Downloading: https://repo.maven.apache.org/maven2/org/apache/ant/ant/1.8.1/ant-1.8.1.pom
[INFO] Downloaded: https://repo.maven.apache.org/maven2/org/apache/ant/ant/1.8.1/ant-1.8.1.pom (9 KB at 505.5 KB/sec)
[INFO] Downloading: https://repo.maven.apache.org/maven2/org/apache/ant/ant-parent/1.8.1/ant-parent-1.8.1.pom
[INFO] Downloaded: https://repo.maven.apache.org/maven2/org/apache/ant/ant-parent/1.8.1/ant-parent-1.8.1.pom (5 KB at 209.0 KB/sec)
[INFO] Downloading: https://repo.maven.apache.org/maven2/org/apache/maven/doxia/doxia-sink-api/1.1.4/doxia-sink-api-1.1.4.pom
[INFO] Downloaded: https://repo.maven.apache.org/maven2/org/apache/maven/doxia/doxia-sink-api/1.1.4/doxia-sink-api-1.1.4.pom (2 KB at 76.9 KB/sec)
[INFO] Downloading: https://repo.maven.apache.org/maven2/org/apache/maven/doxia/doxia/1.1.4/doxia-1.1.4.pom
[INFO] Downloaded: https://repo.maven.apache.org/maven2/org/apache/maven/doxia/doxia/1.1.4/doxia-1.1.4.pom (19 KB at 594.6 KB/sec)
[INFO] Downloading: https://repo.maven.apache.org/maven2/org/apache/maven/doxia/doxia-logging-api/1.1.4/doxia-logging-api-1.1.4.pom
[INFO] Downloaded: https://repo.maven.apache.org/maven2/org/apache/maven/doxia/doxia-logging-api/1.1.4/doxia-logging-api-1.1.4.pom (2 KB at 81.2 KB/sec)
[INFO] Downloading: https://repo.maven.apache.org/maven2/org/apache/maven/doxia/doxia-site-renderer/1.1.4/doxia-site-renderer-1.1.4.pom
[INFO] Downloaded: https://repo.maven.apache.org/maven2/org/apache/maven/doxia/doxia-site-renderer/1.1.4/doxia-site-renderer-1.1.4.pom (6 KB at 142.3 KB/sec)
[INFO] Downloading: https://repo.maven.apache.org/maven2/org/apache/maven/doxia/doxia-sitetools/1.1.4/doxia-sitetools-1.1.4.pom
[INFO] Downloaded: https://repo.maven.apache.org/maven2/org/apache/maven/doxia/doxia-sitetools/1.1.4/doxia-sitetools-1.1.4.pom (16 KB at 347.7 KB/sec)
[INFO] Downloading: https://repo.maven.apache.org/maven2/org/apache/maven/doxia/doxia-core/1.1.4/doxia-core-1.1.4.pom
[INFO] Downloaded: https://repo.maven.apache.org/maven2/org/apache/maven/doxia/doxia-core/1.1.4/doxia-core-1.1.4.pom (4 KB at 191.3 KB/sec)
[INFO] Downloading: https://repo.maven.apache.org/maven2/xerces/xercesImpl/2.9.1/xercesImpl-2.9.1.pom
[INFO] Downloaded: https://repo.maven.apache.org/maven2/xerces/xercesImpl/2.9.1/xercesImpl-2.9.1.pom (2 KB at 70.1 KB/sec)
[INFO] Downloading: https://repo.maven.apache.org/maven2/xml-apis/xml-apis/1.3.04/xml-apis-1.3.04.pom
[INFO] Downloaded: https://repo.maven.apache.org/maven2/xml-apis/xml-apis/1.3.04/xml-apis-1.3.04.pom (2 KB at 118.6 KB/sec)
[INFO] Downloading: https://repo.maven.apache.org/maven2/org/apache/httpcomponents/httpclient/4.0.2/httpclient-4.0.2.pom
[INFO] Downloaded: https://repo.maven.apache.org/maven2/org/apache/httpcomponents/httpclient/4.0.2/httpclient-4.0.2.pom (8 KB at 430.5 KB/sec)
[INFO] Downloading: https://repo.maven.apache.org/maven2/org/apache/httpcomponents/httpcomponents-client/4.0.2/httpcomponents-client-4.0.2.pom
[INFO] Downloaded: https://repo.maven.apache.org/maven2/org/apache/httpcomponents/httpcomponents-client/4.0.2/httpcomponents-client-4.0.2.pom (9 KB at 547.2 KB/sec)
[INFO] Downloading: https://repo.maven.apache.org/maven2/org/apache/httpcomponents/project/4.1/project-4.1.pom
[INFO] Downloaded: https://repo.maven.apache.org/maven2/org/apache/httpcomponents/project/4.1/project-4.1.pom (16 KB at 695.6 KB/sec)
[INFO] Downloading: https://repo.maven.apache.org/maven2/org/apache/httpcomponents/httpcore/4.0.1/httpcore-4.0.1.pom
[INFO] Downloaded: https://repo.maven.apache.org/maven2/org/apache/httpcomponents/httpcore/4.0.1/httpcore-4.0.1.pom (5 KB at 238.7 KB/sec)
[INFO] Downloading: https://repo.maven.apache.org/maven2/org/apache/httpcomponents/httpcomponents-core/4.0.1/httpcomponents-core-4.0.1.pom
[INFO] Downloaded: https://repo.maven.apache.org/maven2/org/apache/httpcomponents/httpcomponents-core/4.0.1/httpcomponents-core-4.0.1.pom (10 KB at 507.4 KB/sec)
[INFO] Downloading: https://repo.maven.apache.org/maven2/org/apache/httpcomponents/project/4.0/project-4.0.pom
[INFO] Downloaded: https://repo.maven.apache.org/maven2/org/apache/httpcomponents/project/4.0/project-4.0.pom (13 KB at 609.8 KB/sec)
[INFO] Downloading: https://repo.maven.apache.org/maven2/commons-logging/commons-logging/1.1.1/commons-logging-1.1.1.pom
[INFO] Downloaded: https://repo.maven.apache.org/maven2/commons-logging/commons-logging/1.1.1/commons-logging-1.1.1.pom (18 KB at 747.3 KB/sec)
[INFO] Downloading: https://repo.maven.apache.org/maven2/org/apache/commons/commons-parent/5/commons-parent-5.pom
[INFO] Downloaded: https://repo.maven.apache.org/maven2/org/apache/commons/commons-parent/5/commons-parent-5.pom (16 KB at 626.6 KB/sec)
[INFO] Downloading: https://repo.maven.apache.org/maven2/commons-codec/commons-codec/1.3/commons-codec-1.3.pom
[INFO] Downloaded: https://repo.maven.apache.org/maven2/commons-codec/commons-codec/1.3/commons-codec-1.3.pom (6 KB at 298.0 KB/sec)
[INFO] Downloading: https://repo.maven.apache.org/maven2/org/apache/maven/doxia/doxia-decoration-model/1.1.4/doxia-decoration-model-1.1.4.pom
[INFO] Downloaded: https://repo.maven.apache.org/maven2/org/apache/maven/doxia/doxia-decoration-model/1.1.4/doxia-decoration-model-1.1.4.pom (3 KB at 107.6 KB/sec)
[INFO] Downloading: https://repo.maven.apache.org/maven2/org/apache/maven/doxia/doxia-module-xhtml/1.1.4/doxia-module-xhtml-1.1.4.pom
[INFO] Downloaded: https://repo.maven.apache.org/maven2/org/apache/maven/doxia/doxia-module-xhtml/1.1.4/doxia-module-xhtml-1.1.4.pom (2 KB at 86.9 KB/sec)
[INFO] Downloading: https://repo.maven.apache.org/maven2/org/apache/maven/doxia/doxia-modules/1.1.4/doxia-modules-1.1.4.pom
[INFO] Downloaded: https://repo.maven.apache.org/maven2/org/apache/maven/doxia/doxia-modules/1.1.4/doxia-modules-1.1.4.pom (3 KB at 54.1 KB/sec)
[INFO] Downloading: https://repo.maven.apache.org/maven2/org/apache/maven/doxia/doxia-module-fml/1.1.4/doxia-module-fml-1.1.4.pom
[INFO] Downloaded: https://repo.maven.apache.org/maven2/org/apache/maven/doxia/doxia-module-fml/1.1.4/doxia-module-fml-1.1.4.pom (6 KB at 267.8 KB/sec)
[INFO] Downloading: https://repo.maven.apache.org/maven2/org/codehaus/groovy/groovy-all/2.0.1/groovy-all-2.0.1.pom
[INFO] Downloaded: https://repo.maven.apache.org/maven2/org/codehaus/groovy/groovy-all/2.0.1/groovy-all-2.0.1.pom (18 KB at 579.0 KB/sec)
[INFO] Downloading: https://repo.maven.apache.org/maven2/org/codehaus/plexus/plexus-utils/3.0.7/plexus-utils-3.0.7.pom
[INFO] Downloaded: https://repo.maven.apache.org/maven2/org/codehaus/plexus/plexus-utils/3.0.7/plexus-utils-3.0.7.pom (3 KB at 136.3 KB/sec)
[INFO] Downloading: https://repo.maven.apache.org/maven2/org/codehaus/plexus/plexus/3.1/plexus-3.1.pom
[INFO] Downloaded: https://repo.maven.apache.org/maven2/org/codehaus/plexus/plexus/3.1/plexus-3.1.pom (19 KB at 478.4 KB/sec)
[INFO] Downloading: https://repo.maven.apache.org/maven2/org/codehaus/plexus/plexus-interpolation/1.2/plexus-interpolation-1.2.pom
[INFO] Downloaded: https://repo.maven.apache.org/maven2/org/codehaus/plexus/plexus-interpolation/1.2/plexus-interpolation-1.2.pom (3 KB at 86.0 KB/sec)
[INFO] Downloading: https://repo.maven.apache.org/maven2/org/apache/maven/doxia/doxia-core/1.1.2/doxia-core-1.1.2.jar
[INFO] Downloading: https://repo.maven.apache.org/maven2/xerces/xercesImpl/2.8.1/xercesImpl-2.8.1.jar
[INFO] Downloading: https://repo.maven.apache.org/maven2/commons-codec/commons-codec/1.2/commons-codec-1.2.jar
[INFO] Downloading: https://repo.maven.apache.org/maven2/commons-httpclient/commons-httpclient/3.1/commons-httpclient-3.1.jar
[INFO] Downloading: https://repo.maven.apache.org/maven2/org/codehaus/groovy/groovy/2.0.1/groovy-2.0.1.jar
[INFO] Downloaded: https://repo.maven.apache.org/maven2/commons-codec/commons-codec/1.2/commons-codec-1.2.jar (30 KB at 947.7 KB/sec)
[INFO] Downloading: https://repo.maven.apache.org/maven2/antlr/antlr/2.7.7/antlr-2.7.7.jar
[INFO] Downloaded: https://repo.maven.apache.org/maven2/org/apache/maven/doxia/doxia-core/1.1.2/doxia-core-1.1.2.jar (155 KB at 1081.0 KB/sec)
[INFO] Downloading: https://repo.maven.apache.org/maven2/org/ow2/asm/asm-tree/4.0/asm-tree-4.0.jar
[INFO] Downloaded: https://repo.maven.apache.org/maven2/org/ow2/asm/asm-tree/4.0/asm-tree-4.0.jar (22 KB at 121.3 KB/sec)
[INFO] Downloading: https://repo.maven.apache.org/maven2/org/ow2/asm/asm-commons/4.0/asm-commons-4.0.jar
[INFO] Downloaded: https://repo.maven.apache.org/maven2/org/ow2/asm/asm-commons/4.0/asm-commons-4.0.jar (37 KB at 174.8 KB/sec)
[INFO] Downloading: https://repo.maven.apache.org/maven2/org/ow2/asm/asm/4.0/asm-4.0.jar
[INFO] Downloaded: https://repo.maven.apache.org/maven2/org/ow2/asm/asm/4.0/asm-4.0.jar (45 KB at 183.4 KB/sec)
[INFO] Downloading: https://repo.maven.apache.org/maven2/org/ow2/asm/asm-util/4.0/asm-util-4.0.jar
[INFO] Downloaded: https://repo.maven.apache.org/maven2/commons-httpclient/commons-httpclient/3.1/commons-httpclient-3.1.jar (298 KB at 1154.5 KB/sec)
[INFO] Downloading: https://repo.maven.apache.org/maven2/org/ow2/asm/asm-analysis/4.0/asm-analysis-4.0.jar
[INFO] Downloaded: https://repo.maven.apache.org/maven2/antlr/antlr/2.7.7/antlr-2.7.7.jar (435 KB at 1564.2 KB/sec)
[INFO] Downloading: https://repo.maven.apache.org/maven2/org/apache/maven/doxia/doxia-logging-api/1.1.4/doxia-logging-api-1.1.4.jar
[INFO] Downloaded: https://repo.maven.apache.org/maven2/org/ow2/asm/asm-analysis/4.0/asm-analysis-4.0.jar (20 KB at 68.4 KB/sec)
[INFO] Downloading: https://repo.maven.apache.org/maven2/org/apache/maven/doxia/doxia-decoration-model/1.1.4/doxia-decoration-model-1.1.4.jar
[INFO] Downloaded: https://repo.maven.apache.org/maven2/org/ow2/asm/asm-util/4.0/asm-util-4.0.jar (37 KB at 123.7 KB/sec)
[INFO] Downloading: https://repo.maven.apache.org/maven2/org/apache/maven/doxia/doxia-module-xhtml/1.1.4/doxia-module-xhtml-1.1.4.jar
[INFO] Downloaded: https://repo.maven.apache.org/maven2/org/apache/maven/doxia/doxia-logging-api/1.1.4/doxia-logging-api-1.1.4.jar (12 KB at 36.9 KB/sec)
[INFO] Downloading: https://repo.maven.apache.org/maven2/org/apache/maven/doxia/doxia-module-fml/1.1.4/doxia-module-fml-1.1.4.jar
[INFO] Downloaded: https://repo.maven.apache.org/maven2/org/apache/maven/doxia/doxia-module-xhtml/1.1.4/doxia-module-xhtml-1.1.4.jar (15 KB at 43.9 KB/sec)
[INFO] Downloading: https://repo.maven.apache.org/maven2/commons-collections/commons-collections/3.2/commons-collections-3.2.jar
[INFO] Downloaded: https://repo.maven.apache.org/maven2/org/apache/maven/doxia/doxia-module-fml/1.1.4/doxia-module-fml-1.1.4.jar (37 KB at 109.4 KB/sec)
[INFO] Downloaded: https://repo.maven.apache.org/maven2/org/apache/maven/doxia/doxia-decoration-model/1.1.4/doxia-decoration-model-1.1.4.jar (52 KB at 143.9 KB/sec)
[INFO] Downloaded: https://repo.maven.apache.org/maven2/xerces/xercesImpl/2.8.1/xercesImpl-2.8.1.jar (1185 KB at 2052.9 KB/sec)
[INFO] Downloaded: https://repo.maven.apache.org/maven2/commons-collections/commons-collections/3.2/commons-collections-3.2.jar (558 KB at 970.2 KB/sec)
[INFO] Downloaded: https://repo.maven.apache.org/maven2/org/codehaus/groovy/groovy/2.0.1/groovy-2.0.1.jar (3194 KB at 2247.7 KB/sec)
[INFO] Installing /home/travis/build/failed/google/auto/pom.xml to /home/travis/.m2/repository/com/google/auto/auto-parent/4-SNAPSHOT/auto-parent-4-SNAPSHOT.pom
[INFO] Installing /home/travis/build/failed/google/auto/common/pom.xml to /home/travis/.m2/repository/com/google/auto/auto-common/1.0-SNAPSHOT/auto-common-1.0-SNAPSHOT.pom
[INFO] Installing /home/travis/build/failed/google/auto/common/target/auto-common-1.0-SNAPSHOT.jar to /home/travis/.m2/repository/com/google/auto/auto-common/1.0-SNAPSHOT/auto-common-1.0-SNAPSHOT.jar
[INFO] Installing /home/travis/build/failed/google/auto/factory/pom.xml to /home/travis/.m2/repository/com/google/auto/factory/auto-factory/1.0-SNAPSHOT/auto-factory-1.0-SNAPSHOT.pom
[INFO] Installing /home/travis/build/failed/google/auto/factory/target/auto-factory-1.0-SNAPSHOT.jar to /home/travis/.m2/repository/com/google/auto/factory/auto-factory/1.0-SNAPSHOT/auto-factory-1.0-SNAPSHOT.jar
[INFO] 
[INFO] --- maven-invoker-plugin:1.8:run (integration-test) @ auto-factory ---
[INFO] Building: functional/pom.xml
[INFO] Java HotSpot(TM) 64-Bit Server VM warning: ignoring option MaxPermSize=192m; support was removed in 8.0
[INFO] [INFO] Scanning for projects...
[INFO] [INFO]                                                                         
[INFO] [INFO] ------------------------------------------------------------------------
[INFO] [INFO] Building Auto-Value Functional Integration Test HEAD-SNAPSHOT
[INFO] [INFO] ------------------------------------------------------------------------
[INFO] [INFO] Downloading: https://repository.apache.org/snapshots/com/google/auto/factory/auto-factory/1.0-SNAPSHOT/maven-metadata.xml
[INFO] [INFO] Downloading: http://insecure.repo1.maven.org/maven2/com/google/inject/guice/4.0/guice-4.0.pom
[INFO] [INFO] Downloaded: http://insecure.repo1.maven.org/maven2/com/google/inject/guice/4.0/guice-4.0.pom (11 KB at 101.8 KB/sec)
[INFO] [INFO] Downloading: http://insecure.repo1.maven.org/maven2/com/google/inject/guice-parent/4.0/guice-parent-4.0.pom
[INFO] [INFO] Downloaded: http://insecure.repo1.maven.org/maven2/com/google/inject/guice-parent/4.0/guice-parent-4.0.pom (16 KB at 420.2 KB/sec)
[INFO] [INFO] Downloading: http://insecure.repo1.maven.org/maven2/com/google/google/5/google-5.pom
[INFO] [INFO] Downloaded: http://insecure.repo1.maven.org/maven2/com/google/google/5/google-5.pom (3 KB at 96.0 KB/sec)
[INFO] [INFO] Downloading: http://insecure.repo1.maven.org/maven2/aopalliance/aopalliance/1.0/aopalliance-1.0.pom
[INFO] [INFO] Downloaded: http://insecure.repo1.maven.org/maven2/aopalliance/aopalliance/1.0/aopalliance-1.0.pom (363 B at 17.7 KB/sec)
[INFO] [INFO] Downloading: http://insecure.repo1.maven.org/maven2/com/google/dagger/dagger/2.4/dagger-2.4.pom
[INFO] [INFO] Downloaded: http://insecure.repo1.maven.org/maven2/com/google/dagger/dagger/2.4/dagger-2.4.pom (4 KB at 125.9 KB/sec)
[INFO] [INFO] Downloading: http://insecure.repo1.maven.org/maven2/com/google/dagger/dagger-parent/2.4/dagger-parent-2.4.pom
[INFO] [INFO] Downloaded: http://insecure.repo1.maven.org/maven2/com/google/dagger/dagger-parent/2.4/dagger-parent-2.4.pom (8 KB at 304.5 KB/sec)
[INFO] [INFO] Downloading: http://insecure.repo1.maven.org/maven2/com/google/dagger/dagger-compiler/2.4/dagger-compiler-2.4.pom
[INFO] [INFO] Downloaded: http://insecure.repo1.maven.org/maven2/com/google/dagger/dagger-compiler/2.4/dagger-compiler-2.4.pom (7 KB at 266.9 KB/sec)
[INFO] [INFO] Downloading: http://insecure.repo1.maven.org/maven2/com/google/dagger/dagger-producers/2.4/dagger-producers-2.4.pom
[INFO] [INFO] Downloaded: http://insecure.repo1.maven.org/maven2/com/google/dagger/dagger-producers/2.4/dagger-producers-2.4.pom (3 KB at 41.7 KB/sec)
[INFO] [INFO] Downloading: http://insecure.repo1.maven.org/maven2/com/google/inject/guice/4.0/guice-4.0.jar
[INFO] [INFO] Downloading: http://insecure.repo1.maven.org/maven2/aopalliance/aopalliance/1.0/aopalliance-1.0.jar
[INFO] [INFO] Downloading: http://insecure.repo1.maven.org/maven2/com/google/dagger/dagger/2.4/dagger-2.4.jar
[INFO] [INFO] Downloading: http://insecure.repo1.maven.org/maven2/com/google/dagger/dagger-compiler/2.4/dagger-compiler-2.4.jar
[INFO] [INFO] Downloading: http://insecure.repo1.maven.org/maven2/com/google/dagger/dagger-producers/2.4/dagger-producers-2.4.jar
[INFO] [INFO] Downloaded: http://insecure.repo1.maven.org/maven2/aopalliance/aopalliance/1.0/aopalliance-1.0.jar (5 KB at 103.9 KB/sec)
[INFO] [INFO] Downloaded: http://insecure.repo1.maven.org/maven2/com/google/dagger/dagger/2.4/dagger-2.4.jar (26 KB at 214.2 KB/sec)
[INFO] [INFO] Downloaded: http://insecure.repo1.maven.org/maven2/com/google/dagger/dagger-producers/2.4/dagger-producers-2.4.jar (67 KB at 306.8 KB/sec)
[INFO] [INFO] Downloaded: http://insecure.repo1.maven.org/maven2/com/google/inject/guice/4.0/guice-4.0.jar (653 KB at 493.6 KB/sec)
[INFO] [INFO] Downloaded: http://insecure.repo1.maven.org/maven2/com/google/dagger/dagger-compiler/2.4/dagger-compiler-2.4.jar (8293 KB at 1084.4 KB/sec)
[INFO] [INFO] 
[INFO] [INFO] --- maven-resources-plugin:2.6:resources (default-resources) @ functional ---
[INFO] [WARNING] Using platform encoding (UTF-8 actually) to copy filtered resources, i.e. build is platform dependent!
[INFO] [INFO] skip non existing resourceDirectory /home/travis/build/failed/google/auto/factory/target/it/functional/src/main/resources
[INFO] [INFO] 
[INFO] [INFO] --- maven-compiler-plugin:3.1:compile (default-compile) @ functional ---
[INFO] [INFO] Changes detected - recompiling the module!
[INFO] [WARNING] File encoding has not been set, using platform encoding UTF-8, i.e. build is platform dependent!
[INFO] [INFO] Compiling 9 source files to /home/travis/build/failed/google/auto/factory/target/it/functional/target/classes
[INFO] [WARNING] bootstrap class path not set in conjunction with -source 1.6
[INFO] [WARNING] No processor claimed any of these annotations: javax.inject.Inject,com.google.auto.factory.Provided,com.google.auto.factory.AutoFactory,dagger.Module,javax.inject.Qualifier,com.google.auto.factory.Qualifier,dagger.Component,dagger.Provides
[INFO] [WARNING] No processor claimed any of these annotations: javax.inject.Inject,com.google.auto.factory.Qualifier,javax.annotation.Generated
[INFO] [WARNING] No processor claimed any of these annotations: javax.annotation.Generated
[INFO] [INFO] 
[INFO] [INFO] --- maven-resources-plugin:2.6:testResources (default-testResources) @ functional ---
[INFO] [WARNING] Using platform encoding (UTF-8 actually) to copy filtered resources, i.e. build is platform dependent!
[INFO] [INFO] skip non existing resourceDirectory /home/travis/build/failed/google/auto/factory/target/it/functional/src/test/resources
[INFO] [INFO] 
[INFO] [INFO] --- maven-compiler-plugin:3.1:testCompile (default-testCompile) @ functional ---
[INFO] [INFO] Changes detected - recompiling the module!
[INFO] [WARNING] File encoding has not been set, using platform encoding UTF-8, i.e. build is platform dependent!
[INFO] [INFO] Compiling 1 source file to /home/travis/build/failed/google/auto/factory/target/it/functional/target/test-classes
[INFO] [WARNING] bootstrap class path not set in conjunction with -source 1.6
[INFO] [WARNING] No processor claimed any of these annotations: org.junit.runner.RunWith,org.junit.Test
[INFO] [INFO] 
[INFO] [INFO] --- maven-surefire-plugin:2.12.4:test (default-test) @ functional ---
[INFO] [INFO] Surefire report directory: /home/travis/build/failed/google/auto/factory/target/it/functional/target/surefire-reports
[INFO] 
[INFO] -------------------------------------------------------
[INFO]  T E S T S
[INFO] -------------------------------------------------------
[INFO] Running com.google.auto.factory.DependencyInjectionIntegrationTest
[INFO] Tests run: 2, Failures: 0, Errors: 0, Skipped: 0, Time elapsed: 0.383 sec
[INFO] 
[INFO] Results :
[INFO] 
[INFO] Tests run: 2, Failures: 0, Errors: 0, Skipped: 0
[INFO] 
[INFO] [INFO] 
[INFO] [INFO] --- maven-jar-plugin:2.6:jar (default-jar) @ functional ---
[INFO] [INFO] Building jar: /home/travis/build/failed/google/auto/factory/target/it/functional/target/functional-HEAD-SNAPSHOT.jar
[INFO] [INFO] ------------------------------------------------------------------------
[INFO] [INFO] BUILD SUCCESS
[INFO] [INFO] ------------------------------------------------------------------------
[INFO] [INFO] Total time: 14.662 s
[INFO] [INFO] Finished at: 2022-08-19T23:07:45+00:00
[INFO] [INFO] Final Memory: 26M/463M
[INFO] [INFO] ------------------------------------------------------------------------
[INFO] ..SUCCESS (16.4 s)
[INFO] -------------------------------------------------
[INFO] Build Summary:
[INFO]   Passed: 1, Failed: 0, Errors: 0, Skipped: 0
[INFO] -------------------------------------------------
[INFO]                                                                         
[INFO] ------------------------------------------------------------------------
[INFO] Building AutoService 1.0-SNAPSHOT
[INFO] ------------------------------------------------------------------------
[INFO] 
[INFO] --- maven-enforcer-plugin:1.0:enforce (enforce-maven) @ auto-service ---
[INFO] 
[INFO] --- maven-resources-plugin:2.6:resources (default-resources) @ auto-service ---
[INFO] Using 'UTF-8' encoding to copy filtered resources.
[INFO] Copying 1 resource
[INFO] 
[INFO] --- maven-compiler-plugin:3.1:compile (default-compile) @ auto-service ---
[INFO] Changes detected - recompiling the module!
[INFO] Compiling 4 source files to /home/travis/build/failed/google/auto/service/target/classes
[WARNING] bootstrap class path not set in conjunction with -source 1.6
[INFO] 
[INFO] --- maven-resources-plugin:2.6:testResources (default-testResources) @ auto-service ---
[INFO] Using 'UTF-8' encoding to copy filtered resources.
[INFO] Copying 8 resources
[INFO] 
[INFO] --- maven-compiler-plugin:3.1:testCompile (default-testCompile) @ auto-service ---
[INFO] Changes detected - recompiling the module!
[INFO] Compiling 1 source file to /home/travis/build/failed/google/auto/service/target/test-classes
[WARNING] bootstrap class path not set in conjunction with -source 1.6
[INFO] 
[INFO] --- maven-surefire-plugin:2.12.4:test (default-test) @ auto-service ---
[INFO] Surefire report directory: /home/travis/build/failed/google/auto/service/target/surefire-reports

-------------------------------------------------------
 T E S T S
-------------------------------------------------------
Running com.google.auto.service.processor.AutoServiceProcessorTest
Tests run: 1, Failures: 0, Errors: 0, Skipped: 0, Time elapsed: 0.808 sec

Results :

Tests run: 1, Failures: 0, Errors: 0, Skipped: 0

[INFO] 
[INFO] --- maven-jar-plugin:2.6:jar (default-jar) @ auto-service ---
[INFO] Building jar: /home/travis/build/failed/google/auto/service/target/auto-service-1.0-SNAPSHOT.jar
[INFO]                                                                         
[INFO] ------------------------------------------------------------------------
[INFO] Building AutoValue 1.5-SNAPSHOT
[INFO] ------------------------------------------------------------------------
[INFO] 
[INFO] --- maven-enforcer-plugin:1.0:enforce (enforce-maven) @ auto-value ---
[INFO] 
[INFO] --- maven-resources-plugin:2.6:resources (default-resources) @ auto-value ---
[INFO] Using 'UTF-8' encoding to copy filtered resources.
[INFO] Copying 47 resources
[INFO] 
[INFO] --- maven-compiler-plugin:3.1:compile (default-compile) @ auto-value ---
[INFO] Changes detected - recompiling the module!
[INFO] Compiling 42 source files to /home/travis/build/failed/google/auto/value/target/classes
[WARNING] Cannot find annotation method 'value()' in type 'com.google.errorprone.annotations.CompatibleWith': class file for com.google.errorprone.annotations.CompatibleWith not found
[WARNING] Cannot find annotation method 'value()' in type 'com.google.errorprone.annotations.CompatibleWith'
[WARNING] Cannot find annotation method 'value()' in type 'com.google.errorprone.annotations.CompatibleWith'
[WARNING] Cannot find annotation method 'value()' in type 'com.google.errorprone.annotations.CompatibleWith'
[WARNING] Cannot find annotation method 'value()' in type 'com.google.errorprone.annotations.CompatibleWith'
[WARNING] Cannot find annotation method 'value()' in type 'com.google.errorprone.annotations.CompatibleWith'
[WARNING] Cannot find annotation method 'value()' in type 'com.google.errorprone.annotations.CompatibleWith'
[WARNING] No processor claimed any of these annotations: com.google.common.annotations.VisibleForTesting
[WARNING] Cannot find annotation method 'value()' in type 'com.google.errorprone.annotations.CompatibleWith': class file for com.google.errorprone.annotations.CompatibleWith not found
[WARNING] Cannot find annotation method 'value()' in type 'com.google.errorprone.annotations.CompatibleWith'
[WARNING] Cannot find annotation method 'value()' in type 'com.google.errorprone.annotations.CompatibleWith'
[WARNING] Cannot find annotation method 'value()' in type 'com.google.errorprone.annotations.CompatibleWith'
[WARNING] Cannot find annotation method 'value()' in type 'com.google.errorprone.annotations.CompatibleWith'
[WARNING] Cannot find annotation method 'value()' in type 'com.google.errorprone.annotations.CompatibleWith'
[WARNING] Cannot find annotation method 'value()' in type 'com.google.errorprone.annotations.CompatibleWith'
[WARNING] Cannot find annotation method 'value()' in type 'com.google.errorprone.annotations.CompatibleWith': class file for com.google.errorprone.annotations.CompatibleWith not found
[WARNING] Cannot find annotation method 'value()' in type 'com.google.errorprone.annotations.CompatibleWith'
[WARNING] Cannot find annotation method 'value()' in type 'com.google.errorprone.annotations.CompatibleWith'
[WARNING] Cannot find annotation method 'value()' in type 'com.google.errorprone.annotations.CompatibleWith'
[WARNING] Cannot find annotation method 'value()' in type 'com.google.errorprone.annotations.CompatibleWith'
[WARNING] Cannot find annotation method 'value()' in type 'com.google.errorprone.annotations.CompatibleWith'
[WARNING] Cannot find annotation method 'value()' in type 'com.google.errorprone.annotations.CompatibleWith'
[INFO] 
[INFO] --- maven-resources-plugin:2.6:testResources (default-testResources) @ auto-value ---
[INFO] Using 'UTF-8' encoding to copy filtered resources.
[INFO] skip non existing resourceDirectory /home/travis/build/failed/google/auto/value/src/test/resources
[INFO] 
[INFO] --- maven-compiler-plugin:3.1:testCompile (default-testCompile) @ auto-value ---
[INFO] Changes detected - recompiling the module!
[INFO] Compiling 19 source files to /home/travis/build/failed/google/auto/value/target/test-classes
[WARNING] No processor claimed any of these annotations: org.junit.Rule,com.google.auto.value.extension.memoized.Memoized,org.junit.runner.RunWith,com.google.auto.value.AutoValue,org.junit.Test,javax.annotation.processing.SupportedAnnotationTypes,javax.annotation.Nullable,org.junit.Before
[WARNING] No processor claimed any of these annotations: javax.annotation.Generated,javax.annotation.Nullable,com.google.errorprone.annotations.concurrent.LazyInit
[WARNING] /home/travis/build/failed/google/auto/value/src/test/java/com/google/auto/value/extension/memoized/MemoizedMethodSubject.java:[44,13] getSubject() in com.google.common.truth.Subject has been deprecated
[WARNING] /home/travis/build/failed/google/auto/value/src/test/java/com/google/auto/value/extension/memoized/MemoizedTest.java:[110,16] serializable class com.google.auto.value.extension.memoized.MemoizedTest.SomeCheckedException has no definition of serialVersionUID
[WARNING] /home/travis/build/failed/google/auto/value/src/test/java/com/google/auto/value/extension/memoized/MemoizedTest.java:[190,27] hasMessage(java.lang.String) in com.google.common.truth.ThrowableSubject has been deprecated
[INFO] 
[INFO] --- maven-surefire-plugin:2.12.4:test (default-test) @ auto-value ---
[INFO] Surefire report directory: /home/travis/build/failed/google/auto/value/target/surefire-reports

-------------------------------------------------------
 T E S T S
-------------------------------------------------------
Running com.google.auto.value.processor.TemplateVarsTest
Tests run: 8, Failures: 0, Errors: 0, Skipped: 0, Time elapsed: 0.362 sec
Running com.google.auto.value.processor.GeneratedDoesNotExistTest
Tests run: 1, Failures: 0, Errors: 0, Skipped: 0, Time elapsed: 1.008 sec
Running com.google.auto.value.processor.TypeSimplifierTest
Tests run: 20, Failures: 0, Errors: 0, Skipped: 0, Time elapsed: 0.651 sec
Running com.google.auto.value.processor.escapevelocity.ReferenceNodeTest
Tests run: 3, Failures: 0, Errors: 0, Skipped: 0, Time elapsed: 0.005 sec
Running com.google.auto.value.processor.escapevelocity.TemplateTest
Tests run: 59, Failures: 0, Errors: 0, Skipped: 0, Time elapsed: 0.488 sec
Running com.google.auto.value.processor.GuavaCollectionBuildersTest
Tests run: 1, Failures: 0, Errors: 0, Skipped: 0, Time elapsed: 0.219 sec
Running com.google.auto.value.processor.AutoAnnotationCompilationTest
Tests run: 5, Failures: 0, Errors: 0, Skipped: 0, Time elapsed: 0.62 sec
Running com.google.auto.value.processor.CompilationTest
Tests run: 73, Failures: 2, Errors: 0, Skipped: 0, Time elapsed: 3.073 sec <<< FAILURE!
builderClassExtendsParameterizedBaseClass(com.google.auto.value.processor.CompilationTest)  Time elapsed: 0.099 sec  <<< FAILURE!
java.lang.AssertionError: Not true that </SOURCE_OUTPUT/foo/bar/AutoValue_ExtendedClass.java> is equivalent to <foo/bar/AutoValue_ExtendedClass.java>.

Diffs:
======

Found 1 nodes that differed in expected and actual trees. 

> Difference in expected tree and actual tree.
  Expected node: Line 18 COMPILATION_UNIT->CLASS(AutoValue_ExtendedClass)->METHOD(toString)->BLOCK(non-static)->RETURN->PLUS->PLUS->STRING_LITERAL(ExtendedClass{value=)->STRING_LITERAL(ExtendedClass{value=)
  Actual node: Line 23 COMPILATION_UNIT->CLASS(AutoValue_ExtendedClass)->METHOD(toString)->BLOCK(non-static)->RETURN->PLUS->PLUS->PLUS->PLUS
  Expected node kind to be <STRING_LITERAL> but was <PLUS>.


Expected Source:
================

package foo.bar;
import javax.annotation.Generated;
@Generated("com.google.auto.value.processor.AutoValueProcessor")
final class AutoValue_ExtendedClass extends ExtendedClass {
    private final Integer value;
    
    private AutoValue_ExtendedClass(Integer value) {
        this.value = value;
    }
    
    @Override()
    public Integer value() {
        return value;
    }
    
    @Override()
    public String toString() {
        return "ExtendedClass{value=" + value + "}";
    }
    
    @Override()
    public boolean equals(Object o) {
        if (o == this) {
            return true;
        }
        if (o instanceof ExtendedClass) {
            ExtendedClass that = (ExtendedClass)o;
            return (this.value.equals(that.value()));
        }
        return false;
    }
    
    @Override()
    public int hashCode() {
        int h = 1;
        h *= 1000003;
        h ^= this.value.hashCode();
        return h;
    }
    
    static final class Builder extends ExtendedClass.Builder {
        private Integer value;
        
        Builder() {
        }
        
        @Override()
        public ExtendedClass.Builder value(Integer value) {
            if (value == null) {
                throw new NullPointerException("Null value");
            }
            this.value = value;
            return this;
        }
        
        @Override()
        public ExtendedClass build() {
            String missing = "";
            if (this.value == null) {
                missing += " value";
            }
            if (!missing.isEmpty()) {
                throw new IllegalStateException("Missing required properties:" + missing);
            }
            return new AutoValue_ExtendedClass(this.value);
        }
    }
}

Actual Source:
==============


package foo.bar;

import javax.annotation.Generated;

@Generated("com.google.auto.value.processor.AutoValueProcessor")
 final class AutoValue_ExtendedClass extends ExtendedClass {

  private final Integer value;

  private AutoValue_ExtendedClass(
      Integer value) {
    this.value = value;
  }

  @Override
  public Integer value() {
    return value;
  }

  @Override
  public String toString() {
    return "ExtendedClass{"
        + "value=" + value
        + "}";
  }

  @Override
  public boolean equals(Object o) {
    if (o == this) {
      return true;
    }
    if (o instanceof ExtendedClass) {
      ExtendedClass that = (ExtendedClass) o;
      return (this.value.equals(that.value()));
    }
    return false;
  }

  @Override
  public int hashCode() {
    int h = 1;
    h *= 1000003;
    h ^= this.value.hashCode();
    return h;
  }

  static final class Builder extends ExtendedClass.Builder {
    private Integer value;
    Builder() {
    }
    @Override
    public ExtendedClass.Builder value(Integer value) {
      if (value == null) {
        throw new NullPointerException("Null value");
      }
      this.value = value;
      return this;
    }
    @Override
    public ExtendedClass build() {
      String missing = "";
      if (this.value == null) {
        missing += " value";
      }
      if (!missing.isEmpty()) {
        throw new IllegalStateException("Missing required properties:" + missing);
      }
      return new AutoValue_ExtendedClass(
          this.value);
    }
  }

}

	at com.google.testing.compile.JavaFileObjectSubject.hasSourceEquivalentTo(JavaFileObjectSubject.java:135)
	at com.google.auto.value.processor.CompilationTest.builderClassExtendsParameterizedBaseClass(CompilationTest.java:2786)
	at sun.reflect.NativeMethodAccessorImpl.invoke0(Native Method)
	at sun.reflect.NativeMethodAccessorImpl.invoke(NativeMethodAccessorImpl.java:62)
	at sun.reflect.DelegatingMethodAccessorImpl.invoke(DelegatingMethodAccessorImpl.java:43)
	at java.lang.reflect.Method.invoke(Method.java:483)
	at org.junit.runners.model.FrameworkMethod$1.runReflectiveCall(FrameworkMethod.java:50)
	at org.junit.internal.runners.model.ReflectiveCallable.run(ReflectiveCallable.java:12)
	at org.junit.runners.model.FrameworkMethod.invokeExplosively(FrameworkMethod.java:47)
	at org.junit.internal.runners.statements.InvokeMethod.evaluate(InvokeMethod.java:17)
	at com.google.common.truth.Expect$1.evaluate(Expect.java:168)
	at org.junit.rules.RunRules.evaluate(RunRules.java:20)
	at org.junit.runners.ParentRunner.runLeaf(ParentRunner.java:325)
	at org.junit.runners.BlockJUnit4ClassRunner.runChild(BlockJUnit4ClassRunner.java:78)
	at org.junit.runners.BlockJUnit4ClassRunner.runChild(BlockJUnit4ClassRunner.java:57)
	at org.junit.runners.ParentRunner$3.run(ParentRunner.java:290)
	at org.junit.runners.ParentRunner$1.schedule(ParentRunner.java:71)
	at org.junit.runners.ParentRunner.runChildren(ParentRunner.java:288)
	at org.junit.runners.ParentRunner.access$000(ParentRunner.java:58)
	at org.junit.runners.ParentRunner$2.evaluate(ParentRunner.java:268)
	at org.junit.runners.ParentRunner.run(ParentRunner.java:363)
	at org.apache.maven.surefire.junit4.JUnit4Provider.execute(JUnit4Provider.java:252)
	at org.apache.maven.surefire.junit4.JUnit4Provider.executeTestSet(JUnit4Provider.java:141)
	at org.apache.maven.surefire.junit4.JUnit4Provider.invoke(JUnit4Provider.java:112)
	at sun.reflect.NativeMethodAccessorImpl.invoke0(Native Method)
	at sun.reflect.NativeMethodAccessorImpl.invoke(NativeMethodAccessorImpl.java:62)
	at sun.reflect.DelegatingMethodAccessorImpl.invoke(DelegatingMethodAccessorImpl.java:43)
	at java.lang.reflect.Method.invoke(Method.java:483)
	at org.apache.maven.surefire.util.ReflectionUtils.invokeMethodWithArray(ReflectionUtils.java:189)
	at org.apache.maven.surefire.booter.ProviderFactory$ProviderProxy.invoke(ProviderFactory.java:165)
	at org.apache.maven.surefire.booter.ProviderFactory.invokeProvider(ProviderFactory.java:85)
	at org.apache.maven.surefire.booter.ForkedBooter.runSuitesInProcess(ForkedBooter.java:115)
	at org.apache.maven.surefire.booter.ForkedBooter.main(ForkedBooter.java:75)

builderClassExtendsParameterizedBaseClassWithBuilder(com.google.auto.value.processor.CompilationTest)  Time elapsed: 0.071 sec  <<< FAILURE!
java.lang.AssertionError: Not true that </SOURCE_OUTPUT/foo/bar/AutoValue_ExtendedClass.java> is equivalent to <foo/bar/AutoValue_ExtendedClass.java>.

Diffs:
======

Found 1 nodes that differed in expected and actual trees. 

> Difference in expected tree and actual tree.
  Expected node: Line 18 COMPILATION_UNIT->CLASS(AutoValue_ExtendedClass)->METHOD(toString)->BLOCK(non-static)->RETURN->PLUS->PLUS->STRING_LITERAL(ExtendedClass{value=)->STRING_LITERAL(ExtendedClass{value=)
  Actual node: Line 23 COMPILATION_UNIT->CLASS(AutoValue_ExtendedClass)->METHOD(toString)->BLOCK(non-static)->RETURN->PLUS->PLUS->PLUS->PLUS
  Expected node kind to be <STRING_LITERAL> but was <PLUS>.


Expected Source:
================

package foo.bar;
import javax.annotation.Generated;
@Generated("com.google.auto.value.processor.AutoValueProcessor")
final class AutoValue_ExtendedClass extends ExtendedClass {
    private final java.lang.Integer value;
    
    private AutoValue_ExtendedClass(java.lang.Integer value) {
        this.value = value;
    }
    
    @Override()
    public java.lang.Integer value() {
        return value;
    }
    
    @Override()
    public String toString() {
        return "ExtendedClass{value=" + value + "}";
    }
    
    @Override()
    public boolean equals(Object o) {
        if (o == this) {
            return true;
        }
        if (o instanceof ExtendedClass) {
            ExtendedClass that = (ExtendedClass)o;
            return (this.value.equals(that.value()));
        }
        return false;
    }
    
    @Override()
    public int hashCode() {
        int h = 1;
        h *= 1000003;
        h ^= this.value.hashCode();
        return h;
    }
    
    static final class Builder extends ExtendedClass.Builder {
        private java.lang.Integer value;
        
        Builder() {
        }
        
        
        @Override()
        public ExtendedClass.Builder value(java.lang.Integer value) {
            if (value == null) {
                throw new NullPointerException("Null value");
            }
            this.value = value;
            return this;
        }
        @Override()
        public java.lang.Integer value() {
          if (value == null) {

            throw new IllegalStateException("Property \"value\" has not been set");
          }
          return value;
        }
        
        @Override()
        public ExtendedClass build() {
            String missing = "";
            if (this.value == null) {
                missing += " value";
            }
            if (!missing.isEmpty()) {
                throw new IllegalStateException("Missing required properties:" + missing);
            }
            return new AutoValue_ExtendedClass(this.value);
        }
    }
}

Actual Source:
==============


package foo.bar;

import javax.annotation.Generated;

@Generated("com.google.auto.value.processor.AutoValueProcessor")
 final class AutoValue_ExtendedClass extends ExtendedClass {

  private final java.lang.Integer value;

  private AutoValue_ExtendedClass(
      java.lang.Integer value) {
    this.value = value;
  }

  @Override
  public java.lang.Integer value() {
    return value;
  }

  @Override
  public String toString() {
    return "ExtendedClass{"
        + "value=" + value
        + "}";
  }

  @Override
  public boolean equals(Object o) {
    if (o == this) {
      return true;
    }
    if (o instanceof ExtendedClass) {
      ExtendedClass that = (ExtendedClass) o;
      return (this.value.equals(that.value()));
    }
    return false;
  }

  @Override
  public int hashCode() {
    int h = 1;
    h *= 1000003;
    h ^= this.value.hashCode();
    return h;
  }

  static final class Builder extends ExtendedClass.Builder {
    private java.lang.Integer value;
    Builder() {
    }
    @Override
    public ExtendedClass.Builder value(java.lang.Integer value) {
      if (value == null) {
        throw new NullPointerException("Null value");
      }
      this.value = value;
      return this;
    }
    @Override
    public java.lang.Integer value() {
      if (value == null) {
        throw new IllegalStateException("Property \"value\" has not been set");
      }
      return value;
    }
    @Override
    public ExtendedClass build() {
      String missing = "";
      if (this.value == null) {
        missing += " value";
      }
      if (!missing.isEmpty()) {
        throw new IllegalStateException("Missing required properties:" + missing);
      }
      return new AutoValue_ExtendedClass(
          this.value);
    }
  }

}

	at com.google.testing.compile.JavaFileObjectSubject.hasSourceEquivalentTo(JavaFileObjectSubject.java:135)
	at com.google.auto.value.processor.CompilationTest.builderClassExtendsParameterizedBaseClassWithBuilder(CompilationTest.java:2903)
	at sun.reflect.NativeMethodAccessorImpl.invoke0(Native Method)
	at sun.reflect.NativeMethodAccessorImpl.invoke(NativeMethodAccessorImpl.java:62)
	at sun.reflect.DelegatingMethodAccessorImpl.invoke(DelegatingMethodAccessorImpl.java:43)
	at java.lang.reflect.Method.invoke(Method.java:483)
	at org.junit.runners.model.FrameworkMethod$1.runReflectiveCall(FrameworkMethod.java:50)
	at org.junit.internal.runners.model.ReflectiveCallable.run(ReflectiveCallable.java:12)
	at org.junit.runners.model.FrameworkMethod.invokeExplosively(FrameworkMethod.java:47)
	at org.junit.internal.runners.statements.InvokeMethod.evaluate(InvokeMethod.java:17)
	at com.google.common.truth.Expect$1.evaluate(Expect.java:168)
	at org.junit.rules.RunRules.evaluate(RunRules.java:20)
	at org.junit.runners.ParentRunner.runLeaf(ParentRunner.java:325)
	at org.junit.runners.BlockJUnit4ClassRunner.runChild(BlockJUnit4ClassRunner.java:78)
	at org.junit.runners.BlockJUnit4ClassRunner.runChild(BlockJUnit4ClassRunner.java:57)
	at org.junit.runners.ParentRunner$3.run(ParentRunner.java:290)
	at org.junit.runners.ParentRunner$1.schedule(ParentRunner.java:71)
	at org.junit.runners.ParentRunner.runChildren(ParentRunner.java:288)
	at org.junit.runners.ParentRunner.access$000(ParentRunner.java:58)
	at org.junit.runners.ParentRunner$2.evaluate(ParentRunner.java:268)
	at org.junit.runners.ParentRunner.run(ParentRunner.java:363)
	at org.apache.maven.surefire.junit4.JUnit4Provider.execute(JUnit4Provider.java:252)
	at org.apache.maven.surefire.junit4.JUnit4Provider.executeTestSet(JUnit4Provider.java:141)
	at org.apache.maven.surefire.junit4.JUnit4Provider.invoke(JUnit4Provider.java:112)
	at sun.reflect.NativeMethodAccessorImpl.invoke0(Native Method)
	at sun.reflect.NativeMethodAccessorImpl.invoke(NativeMethodAccessorImpl.java:62)
	at sun.reflect.DelegatingMethodAccessorImpl.invoke(DelegatingMethodAccessorImpl.java:43)
	at java.lang.reflect.Method.invoke(Method.java:483)
	at org.apache.maven.surefire.util.ReflectionUtils.invokeMethodWithArray(ReflectionUtils.java:189)
	at org.apache.maven.surefire.booter.ProviderFactory$ProviderProxy.invoke(ProviderFactory.java:165)
	at org.apache.maven.surefire.booter.ProviderFactory.invokeProvider(ProviderFactory.java:85)
	at org.apache.maven.surefire.booter.ForkedBooter.runSuitesInProcess(ForkedBooter.java:115)
	at org.apache.maven.surefire.booter.ForkedBooter.main(ForkedBooter.java:75)

Running com.google.auto.value.processor.AutoAnnotationErrorsTest
Tests run: 12, Failures: 0, Errors: 0, Skipped: 0, Time elapsed: 0.389 sec
Running com.google.auto.value.processor.PropertyAnnotationsTest
Tests run: 21, Failures: 0, Errors: 0, Skipped: 0, Time elapsed: 1.179 sec
Running com.google.auto.value.processor.ExtensionTest
Tests run: 20, Failures: 0, Errors: 0, Skipped: 0, Time elapsed: 0.569 sec
Running com.google.auto.value.processor.SimplifyWithAnnotationsTest
SKIPPING TEST BECAUSE OF BUGGY COMPILER
Tests run: 1, Failures: 0, Errors: 0, Skipped: 0, Time elapsed: 0.024 sec
Running com.google.auto.value.processor.ReformatterTest
Tests run: 2, Failures: 0, Errors: 0, Skipped: 0, Time elapsed: 0 sec
Running com.google.auto.value.processor.JavaScannerTest
Tests run: 1, Failures: 0, Errors: 0, Skipped: 0, Time elapsed: 0 sec
Running com.google.auto.value.extension.memoized.MemoizedTest
Tests run: 11, Failures: 0, Errors: 0, Skipped: 0, Time elapsed: 0.009 sec
Running com.google.auto.value.extension.memoized.MemoizedValidationTest
Tests run: 7, Failures: 0, Errors: 0, Skipped: 0, Time elapsed: 0.167 sec

Results :

Failed tests:   builderClassExtendsParameterizedBaseClass(com.google.auto.value.processor.CompilationTest): Not true that </SOURCE_OUTPUT/foo/bar/AutoValue_ExtendedClass.java> is equivalent to <foo/bar/AutoValue_ExtendedClass.java>.(..)
  builderClassExtendsParameterizedBaseClassWithBuilder(com.google.auto.value.processor.CompilationTest): Not true that </SOURCE_OUTPUT/foo/bar/AutoValue_ExtendedClass.java> is equivalent to <foo/bar/AutoValue_ExtendedClass.java>.(..)

Tests run: 245, Failures: 2, Errors: 0, Skipped: 0

[INFO]                                                                         
[INFO] ------------------------------------------------------------------------
[INFO] Building build-only NO_VERSION
[INFO] ------------------------------------------------------------------------
[INFO] ------------------------------------------------------------------------
[INFO] Reactor Summary:
[INFO] 
[INFO] Auto (Parent) ...................................... SUCCESS [  0.540 s]
[INFO] Auto Common Libraries .............................. SUCCESS [ 12.770 s]
[INFO] AutoFactory ........................................ SUCCESS [ 27.861 s]
[INFO] AutoService ........................................ SUCCESS [  1.231 s]
[INFO] AutoValue .......................................... FAILURE [ 11.685 s]
[INFO] build-only ......................................... SUCCESS [  0.001 s]
[INFO] ------------------------------------------------------------------------
[INFO] BUILD FAILURE
[INFO] ------------------------------------------------------------------------
[INFO] Total time: 54.435 s
[INFO] Finished at: 2022-08-19T23:07:58+00:00
[INFO] Final Memory: 31M/446M
[INFO] ------------------------------------------------------------------------
[ERROR] Failed to execute goal org.apache.maven.plugins:maven-surefire-plugin:2.12.4:test (default-test) on project auto-value: There are test failures.
[ERROR] 
[ERROR] Please refer to /home/travis/build/failed/google/auto/value/target/surefire-reports for the individual test results.
[ERROR] -> [Help 1]
[ERROR] 
[ERROR] To see the full stack trace of the errors, re-run Maven with the -e switch.
[ERROR] Re-run Maven using the -X switch to enable full debug logging.
[ERROR] 
[ERROR] For more information about the errors and possible solutions, please read the following articles:
[ERROR] [Help 1] http://cwiki.apache.org/confluence/display/MAVEN/MojoFailureException
[ERROR] 
[ERROR] After correcting the problems, you can resume the build with the command
[ERROR]   mvn <goals> -rf :auto-value

travis_time:end:19137a7f:start=1660950422901344077,finish=1660950479108864898,duration=56207520821[0K
[31;1mThe command "mvn -Dhttps.protocols=TLSv1.2 -B -U -f build-pom.xml verify --fail-at-end -Dsource.skip=true -Dmaven.javadoc.skip=true" exited with 1.[0m

Done. Your build exited with 1.
