travis_fold:start:system_info[0K[33;1mBuild system information[0m
Build language: java
Build group: stable
Build dist: precise
Build id: ''
Job id: ''
Runtime kernel version: 4.15.0-109-generic
[34m[1mBuild image provisioning date and time[0m
Thu Feb  5 15:09:33 UTC 2015
[34m[1mOperating System Details[0m
Distributor ID:	Ubuntu
Description:	Ubuntu 12.04.5 LTS
Release:	12.04
Codename:	precise
[34m[1mLinux Version[0m
3.13.0-29-generic
[34m[1mCookbooks Version[0m
a68419e https://github.com/travis-ci/travis-cookbooks/tree/a68419e
[34m[1mGCC version[0m
gcc (Ubuntu/Linaro 4.6.3-1ubuntu5) 4.6.3
Copyright (C) 2011 Free Software Foundation, Inc.
This is free software; see the source for copying conditions.  There is NO
warranty; not even for MERCHANTABILITY or FITNESS FOR A PARTICULAR PURPOSE.

[34m[1mLLVM version[0m
clang version 3.4 (tags/RELEASE_34/final)
Target: x86_64-unknown-linux-gnu
Thread model: posix
[34m[1mPre-installed Ruby versions[0m
ruby-1.9.3-p551
[34m[1mPre-installed Node.js versions[0m
v0.10.36
[34m[1mPre-installed Go versions[0m
1.4.1
[34m[1mRedis version[0m
redis-server 2.8.19
[34m[1mriak version[0m
2.0.2
[34m[1mMongoDB version[0m
MongoDB 2.4.12
[34m[1mCouchDB version[0m
couchdb 1.6.1
[34m[1mNeo4j version[0m
1.9.4
[34m[1mRabbitMQ Version[0m
3.4.3
[34m[1mElasticSearch version[0m
1.4.0
[34m[1mInstalled Sphinx versions[0m
2.0.10
2.1.9
2.2.6
[34m[1mDefault Sphinx version[0m
2.2.6
[34m[1mInstalled Firefox version[0m
firefox 31.0esr
[34m[1mPhantomJS version[0m
1.9.8
[34m[1mant -version[0m
Apache Ant(TM) version 1.8.2 compiled on December 3 2011
[34m[1mmvn -version[0m
Apache Maven 3.2.5 (12a6b3acb947671f09b81f49094c53f426d8cea1; 2014-12-14T17:29:23+00:00)
Maven home: /usr/local/maven
Java version: 1.7.0_76, vendor: Oracle Corporation
Java home: /usr/lib/jvm/java-7-oracle/jre
Default locale: en_US, platform encoding: ANSI_X3.4-1968
OS name: "linux", version: "3.13.0-29-generic", arch: "amd64", family: "unix"
travis_fold:end:system_info[0K
[31;1mTimeout waiting for network availability.[0m
sed: cannot rename /etc/hosts: Device or resource busy
travis_fold:start:docker_mtu[0Ktee: /etc/docker/daemon.json: No such file or directory
docker: unrecognized service
travis_fold:end:docker_mtu[0K
travis_fold:start:install_jdk[0K[33;1mInstalling oraclejdk8[0m
$ jdk_switcher use "oraclejdk8"
Switching to Oracle JDK8 (java-8-oracle), JAVA_HOME will be set to /usr/lib/jvm/java-8-oracle
travis_fold:end:install_jdk[0K
$ cd failed/graphhopper/graphhopper


[33;1mSetting environment variables from .travis.yml[0m
$ export BASEURL=https://www-eu.apache.org/dist/maven/maven-3/VERSION/binaries/apache-maven-VERSION-bin.zip
$ export FILE=apache-maven-VERSION-bin.zip
$ export DIR=apache-maven-VERSION
$ export VERSION=3.3.9
$ export CI_DEPLOY_USERNAME=[secure]
$ export CI_DEPLOY_PASSWORD=[secure]

travis_fold:start:cache.1[0KSetting up build cache
$ export CASHER_DIR=${TRAVIS_HOME}/.casher
travis_time:start:00296c8a[0K$ Installing caching utilities

[31;1mThe command "eval curl -sf  -o $CASHER_DIR/bin/casher https:///files/casher " failed. Retrying, 2 of 3.[0m


[31;1mThe command "eval curl -sf  -o $CASHER_DIR/bin/casher https:///files/casher " failed. Retrying, 3 of 3.[0m


[31;1mThe command "eval curl -sf  -o $CASHER_DIR/bin/casher https:///files/casher " failed 3 times.[0m

travis_time:end:00296c8a:start=1660921496008934177,finish=1660921499082177795,duration=3073243618[0Ktravis_time:start:002d65d4[0K$ Installing caching utilities from the Travis CI server (https:///files/casher) failed, failing over to using GitHub (https://raw.githubusercontent.com/travis-ci/casher/bash/bin/casher)
travis_time:end:002d65d4:start=1660921499088511855,finish=1660921499308978252,duration=220466397[0Ktravis_time:start:0be0683c[0Ktravis_time:end:0be0683c:start=1660921499316784664,finish=1660921499322643414,duration=5858750[0Ktravis_time:start:203bba8c[0KYAML safe loading is not available. Please upgrade psych to a version that supports safe loading (>= 2.0).
attempting to download cache archive[0m
[31;1mcould not download cache[0m
travis_time:end:203bba8c:start=1660921499328724545,finish=1660921500743486630,duration=1414762085[0Ktravis_time:start:01fef140[0Ktravis_time:end:01fef140:start=1660921500749747534,finish=1660921500754371811,duration=4624277[0Ktravis_time:start:000b0358[0KYAML safe loading is not available. Please upgrade psych to a version that supports safe loading (>= 2.0).
adding /home/travis/.m2 to cache[0m
travis_time:end:000b0358:start=1660921500759944979,finish=1660921502205810793,duration=1445865814[0Ktravis_fold:end:cache.1[0K
$ java -Xmx32m -version
java version "1.8.0_31"
Java(TM) SE Runtime Environment (build 1.8.0_31-b13)
Java HotSpot(TM) 64-Bit Server VM (build 25.31-b07, mixed mode)
$ javac -J-Xmx32m -version
javac 1.8.0_31
travis_fold:start:before_install.1[0Ktravis_time:start:17937058[0K$ if [ "$TRAVIS_OS_NAME" == "linux" ]; then wget --no-check-certificate $(echo -n $BASEURL | sed -e 's#VERSION#'$VERSION'#g'); unzip -qq $(echo -n $FILE | sed -e 's#VERSION#'$VERSION'#'); export M2_HOME=$PWD/$(echo -n $DIR | sed -e 's#VERSION#'$VERSION'#'); export PATH=$M2_HOME/bin:$PATH; fi
--2022-08-19 15:05:02--  https://www-eu.apache.org/dist/maven/maven-3/3.3.9/binaries/apache-maven-3.3.9-bin.zip
Resolving www-eu.apache.org (www-eu.apache.org)... 65.108.131.22, 2a01:4f9:6b:2ecf::1
Connecting to www-eu.apache.org (www-eu.apache.org)|65.108.131.22|:443... connected.
WARNING: no certificate subject alternative name matches
	requested host name `www-eu.apache.org'.
HTTP request sent, awaiting response... 302 Found
Location: https://downloads.apache.org/maven/maven-3/3.3.9/binaries/apache-maven-3.3.9-bin.zip [following]
--2022-08-19 15:05:03--  https://downloads.apache.org/maven/maven-3/3.3.9/binaries/apache-maven-3.3.9-bin.zip
Resolving downloads.apache.org (downloads.apache.org)... 88.99.95.219, 135.181.214.104, 2a01:4f8:10a:201a::2, ...
Connecting to downloads.apache.org (downloads.apache.org)|88.99.95.219|:443... connected.
HTTP request sent, awaiting response... 200 OK
Length: 8617253 (8.2M) [application/zip]
Saving to: `apache-maven-3.3.9-bin.zip'

     0K .......... .......... .......... .......... ..........  0%  103K 81s
    50K .......... .......... .......... .......... ..........  1% 5.97M 41s
   100K .......... .......... .......... .......... ..........  1%  307K 36s
   150K .......... .......... .......... .......... ..........  2% 89.2M 27s
   200K .......... .......... .......... .......... ..........  2%  326K 26s
   250K .......... .......... .......... .......... ..........  3% 6.06M 22s
   300K .......... .......... .......... .......... ..........  4% 16.5M 19s
   350K .......... .......... .......... .......... ..........  4%  100M 16s
   400K .......... .......... .......... .......... ..........  5% 65.6M 15s
   450K .......... .......... .......... .......... ..........  5%  320K 15s
   500K .......... .......... .......... .......... ..........  6% 20.0M 14s
   550K .......... .......... .......... .......... ..........  7% 1.25M 13s
   600K .......... .......... .......... .......... ..........  7% 18.3M 12s
   650K .......... .......... .......... .......... ..........  8% 37.3M 11s
   700K .......... .......... .......... .......... ..........  8% 35.6M 10s
   750K .......... .......... .......... .......... ..........  9% 37.7M 10s
   800K .......... .......... .......... .......... .......... 10% 27.6M 9s
   850K .......... .......... .......... .......... .......... 10% 30.5M 9s
   900K .......... .......... .......... .......... .......... 11% 33.4M 8s
   950K .......... .......... .......... .......... .......... 11%  459K 8s
  1000K .......... .......... .......... .......... .......... 12% 22.3M 8s
  1050K .......... .......... .......... .......... .......... 13% 55.6M 8s
  1100K .......... .......... .......... .......... .......... 13% 80.8M 7s
  1150K .......... .......... .......... .......... .......... 14% 1.27M 7s
  1200K .......... .......... .......... .......... .......... 14%  420K 7s
  1250K .......... .......... .......... .......... .......... 15% 54.9M 7s
  1300K .......... .......... .......... .......... .......... 16% 5.61M 7s
  1350K .......... .......... .......... .......... .......... 16%  104M 7s
  1400K .......... .......... .......... .......... .......... 17%  100M 6s
  1450K .......... .......... .......... .......... .......... 17% 87.7M 6s
  1500K .......... .......... .......... .......... .......... 18% 64.6M 6s
  1550K .......... .......... .......... .......... .......... 19% 81.2M 6s
  1600K .......... .......... .......... .......... .......... 19% 18.3M 5s
  1650K .......... .......... .......... .......... .......... 20% 81.5M 5s
  1700K .......... .......... .......... .......... .......... 20% 68.8M 5s
  1750K .......... .......... .......... .......... .......... 21% 66.8M 5s
  1800K .......... .......... .......... .......... .......... 21% 3.64M 5s
  1850K .......... .......... .......... .......... .......... 22% 3.66M 5s
  1900K .......... .......... .......... .......... .......... 23% 32.7M 4s
  1950K .......... .......... .......... .......... .......... 23% 40.1M 4s
  2000K .......... .......... .......... .......... .......... 24% 35.4M 4s
  2050K .......... .......... .......... .......... .......... 24% 31.6M 4s
  2100K .......... .......... .......... .......... .......... 25% 48.1M 4s
  2150K .......... .......... .......... .......... .......... 26% 44.6M 4s
  2200K .......... .......... .......... .......... .......... 26% 30.7M 4s
  2250K .......... .......... .......... .......... .......... 27% 51.2M 4s
  2300K .......... .......... .......... .......... .......... 27% 31.9M 3s
  2350K .......... .......... .......... .......... .......... 28% 32.8M 3s
  2400K .......... .......... .......... .......... .......... 29% 30.3M 3s
  2450K .......... .......... .......... .......... .......... 29%  483K 3s
  2500K .......... .......... .......... .......... .......... 30% 9.32M 3s
  2550K .......... .......... .......... .......... .......... 30% 28.4M 3s
  2600K .......... .......... .......... .......... .......... 31% 19.0M 3s
  2650K .......... .......... .......... .......... .......... 32% 2.60M 3s
  2700K .......... .......... .......... .......... .......... 32% 37.3M 3s
  2750K .......... .......... .......... .......... .......... 33% 73.2M 3s
  2800K .......... .......... .......... .......... .......... 33% 69.9M 3s
  2850K .......... .......... .......... .......... .......... 34% 87.6M 3s
  2900K .......... .......... .......... .......... .......... 35% 6.55M 3s
  2950K .......... .......... .......... .......... .......... 35% 54.7M 3s
  3000K .......... .......... .......... .......... .......... 36%  112M 3s
  3050K .......... .......... .......... .......... .......... 36%  107M 3s
  3100K .......... .......... .......... .......... .......... 37% 97.9M 3s
  3150K .......... .......... .......... .......... .......... 38%  115M 2s
  3200K .......... .......... .......... .......... .......... 38% 56.4M 2s
  3250K .......... .......... .......... .......... .......... 39% 50.4M 2s
  3300K .......... .......... .......... .......... .......... 39% 97.3M 2s
  3350K .......... .......... .......... .......... .......... 40%  108M 2s
  3400K .......... .......... .......... .......... .......... 40% 53.4M 2s
  3450K .......... .......... .......... .......... .......... 41% 38.2M 2s
  3500K .......... .......... .......... .......... .......... 42% 42.1M 2s
  3550K .......... .......... .......... .......... .......... 42%  105M 2s
  3600K .......... .......... .......... .......... .......... 43% 68.4M 2s
  3650K .......... .......... .......... .......... .......... 43% 17.0M 2s
  3700K .......... .......... .......... .......... .......... 44% 66.2M 2s
  3750K .......... .......... .......... .......... .......... 45% 59.2M 2s
  3800K .......... .......... .......... .......... .......... 45% 41.8M 2s
  3850K .......... .......... .......... .......... .......... 46% 48.1M 2s
  3900K .......... .......... .......... .......... .......... 46% 15.2M 2s
  3950K .......... .......... .......... .......... .......... 47%  119M 2s
  4000K .......... .......... .......... .......... .......... 48% 47.8M 2s
  4050K .......... .......... .......... .......... .......... 48% 66.3M 2s
  4100K .......... .......... .......... .......... .......... 49%  122M 2s
  4150K .......... .......... .......... .......... .......... 49%  108M 2s
  4200K .......... .......... .......... .......... .......... 50%  110M 1s
  4250K .......... .......... .......... .......... .......... 51%  108M 1s
  4300K .......... .......... .......... .......... .......... 51%  109M 1s
  4350K .......... .......... .......... .......... .......... 52% 24.9M 1s
  4400K .......... .......... .......... .......... .......... 52% 87.1M 1s
  4450K .......... .......... .......... .......... .......... 53% 38.8M 1s
  4500K .......... .......... .......... .......... .......... 54%  113M 1s
  4550K .......... .......... .......... .......... .......... 54%  124M 1s
  4600K .......... .......... .......... .......... .......... 55% 94.6M 1s
  4650K .......... .......... .......... .......... .......... 55% 4.93M 1s
  4700K .......... .......... .......... .......... .......... 56%  597K 1s
  4750K .......... .......... .......... .......... .......... 57% 7.61M 1s
  4800K .......... .......... .......... .......... .......... 57% 7.68M 1s
  4850K .......... .......... .......... .......... .......... 58% 77.7M 1s
  4900K .......... .......... .......... .......... .......... 58% 87.0M 1s
  4950K .......... .......... .......... .......... .......... 59% 87.3M 1s
  5000K .......... .......... .......... .......... .......... 60% 74.2M 1s
  5050K .......... .......... .......... .......... .......... 60% 37.5M 1s
  5100K .......... .......... .......... .......... .......... 61% 6.42M 1s
  5150K .......... .......... .......... .......... .......... 61% 12.1M 1s
  5200K .......... .......... .......... .......... .......... 62% 3.44M 1s
  5250K .......... .......... .......... .......... .......... 62% 4.33M 1s
  5300K .......... .......... .......... .......... .......... 63% 6.80M 1s
  5350K .......... .......... .......... .......... .......... 64% 9.95M 1s
  5400K .......... .......... .......... .......... .......... 64% 14.4M 1s
  5450K .......... .......... .......... .......... .......... 65% 91.5M 1s
  5500K .......... .......... .......... .......... .......... 65% 19.8M 1s
  5550K .......... .......... .......... .......... .......... 66% 88.7M 1s
  5600K .......... .......... .......... .......... .......... 67% 69.1M 1s
  5650K .......... .......... .......... .......... .......... 67% 90.8M 1s
  5700K .......... .......... .......... .......... .......... 68% 46.4M 1s
  5750K .......... .......... .......... .......... .......... 68% 81.3M 1s
  5800K .......... .......... .......... .......... .......... 69% 74.9M 1s
  5850K .......... .......... .......... .......... .......... 70% 81.8M 1s
  5900K .......... .......... .......... .......... .......... 70% 86.0M 1s
  5950K .......... .......... .......... .......... .......... 71%  123M 1s
  6000K .......... .......... .......... .......... .......... 71%  100M 1s
  6050K .......... .......... .......... .......... .......... 72%  122M 1s
  6100K .......... .......... .......... .......... .......... 73%  128M 1s
  6150K .......... .......... .......... .......... .......... 73%  118M 1s
  6200K .......... .......... .......... .......... .......... 74%  116M 1s
  6250K .......... .......... .......... .......... .......... 74%  131M 1s
  6300K .......... .......... .......... .......... .......... 75%  123M 1s
  6350K .......... .......... .......... .......... .......... 76%  120M 1s
  6400K .......... .......... .......... .......... .......... 76%  110M 1s
  6450K .......... .......... .......... .......... .......... 77%  115M 1s
  6500K .......... .......... .......... .......... .......... 77%  109M 0s
  6550K .......... .......... .......... .......... .......... 78%  120M 0s
  6600K .......... .......... .......... .......... .......... 79%  103M 0s
  6650K .......... .......... .......... .......... .......... 79%  118M 0s
  6700K .......... .......... .......... .......... .......... 80%  121M 0s
  6750K .......... .......... .......... .......... .......... 80%  113M 0s
  6800K .......... .......... .......... .......... .......... 81% 93.0M 0s
  6850K .......... .......... .......... .......... .......... 81%  119M 0s
  6900K .......... .......... .......... .......... .......... 82%  113M 0s
  6950K .......... .......... .......... .......... .......... 83%  113M 0s
  7000K .......... .......... .......... .......... .......... 83% 93.7M 0s
  7050K .......... .......... .......... .......... .......... 84%  112M 0s
  7100K .......... .......... .......... .......... .......... 84%  116M 0s
  7150K .......... .......... .......... .......... .......... 85%  101M 0s
  7200K .......... .......... .......... .......... .......... 86% 87.5M 0s
  7250K .......... .......... .......... .......... .......... 86%  109M 0s
  7300K .......... .......... .......... .......... .......... 87%  107M 0s
  7350K .......... .......... .......... .......... .......... 87%  109M 0s
  7400K .......... .......... .......... .......... .......... 88% 72.2M 0s
  7450K .......... .......... .......... .......... .......... 89%  109M 0s
  7500K .......... .......... .......... .......... .......... 89%  122M 0s
  7550K .......... .......... .......... .......... .......... 90%  122M 0s
  7600K .......... .......... .......... .......... .......... 90% 85.9M 0s
  7650K .......... .......... .......... .......... .......... 91%  121M 0s
  7700K .......... .......... .......... .......... .......... 92%  689K 0s
  7750K .......... .......... .......... .......... .......... 92% 14.2M 0s
  7800K .......... .......... .......... .......... .......... 93% 5.97M 0s
  7850K .......... .......... .......... .......... .......... 93% 14.5M 0s
  7900K .......... .......... .......... .......... .......... 94% 79.1M 0s
  7950K .......... .......... .......... .......... .......... 95% 86.1M 0s
  8000K .......... .......... .......... .......... .......... 95% 61.2M 0s
  8050K .......... .......... .......... .......... .......... 96% 91.5M 0s
  8100K .......... .......... .......... .......... .......... 96% 12.5M 0s
  8150K .......... .......... .......... .......... .......... 97% 8.55M 0s
  8200K .......... .......... .......... .......... .......... 98% 94.0M 0s
  8250K .......... .......... .......... .......... .......... 98% 4.20M 0s
  8300K .......... .......... .......... .......... .......... 99% 2.66M 0s
  8350K .......... .......... .......... .......... .......... 99% 11.5M 0s
  8400K .......... .....                                      100%  119M=1.9s

2022-08-19 15:05:05 (4.44 MB/s) - `apache-maven-3.3.9-bin.zip' saved [8617253/8617253]

travis_time:end:17937058:start=1660921502539965102,finish=1660921505997654520,duration=3457689418[0Ktravis_fold:end:before_install.1[0Ktravis_fold:start:before_install.2[0Ktravis_time:start:04ce100e[0K$ if [ "$TRAVIS_OS_NAME" == "linux" ] && [ "$JVM" == "latest" ]; then sudo apt-get update -qq; sudo /bin/echo -e oracle-java9-installer shared/accepted-oracle-license-v1-1 select true | sudo debconf-set-selections; sudo apt-get -o Dpkg::Options::="--force-confnew" install -y oracle-java9-installer oracle-java9-set-default oracle-java9-unlimited-jce-policy; sudo update-java-alternatives -s java-9-oracle; fi
travis_time:end:04ce100e:start=1660921506004664735,finish=1660921506009369017,duration=4704282[0Ktravis_fold:end:before_install.2[0Ktravis_fold:start:install[0Ktravis_time:start:0a6bae20[0K$ true
travis_time:end:0a6bae20:start=1660921506015840877,finish=1660921506020239618,duration=4398741[0Ktravis_fold:end:install[0Ktravis_time:start:04043388[0K$ mvn clean test verify -Dhttps.protocols=TLSv1.2 -B
Java HotSpot(TM) 64-Bit Server VM warning: ignoring option MaxPermSize=192m; support was removed in 8.0
[INFO] Scanning for projects...
[INFO] ------------------------------------------------------------------------
[INFO] Reactor Build Order:
[INFO] 
[INFO] GraphHopper Parent Project
[INFO] GraphHopper Core
[INFO] GraphHopper Reader for OpenStreetMap Data
[INFO] GraphHopper Reader for Gtfs Data
[INFO] GraphHopper Reader JSON
[INFO] GraphHopper Tools
[INFO] GraphHopper Web
[INFO] GraphHopper Reader for Shapefile Data
[INFO]                                                                         
[INFO] ------------------------------------------------------------------------
[INFO] Building GraphHopper Parent Project 0.9-SNAPSHOT
[INFO] ------------------------------------------------------------------------
[INFO] Downloading: https://repo.maven.apache.org/maven2/org/apache/maven/plugins/maven-failsafe-plugin/2.19.1/maven-failsafe-plugin-2.19.1.pom
[INFO] Downloaded: https://repo.maven.apache.org/maven2/org/apache/maven/plugins/maven-failsafe-plugin/2.19.1/maven-failsafe-plugin-2.19.1.pom (10 KB at 17.7 KB/sec)
[INFO] Downloading: https://repo.maven.apache.org/maven2/org/apache/maven/surefire/surefire/2.19.1/surefire-2.19.1.pom
[INFO] Downloaded: https://repo.maven.apache.org/maven2/org/apache/maven/surefire/surefire/2.19.1/surefire-2.19.1.pom (19 KB at 530.0 KB/sec)
[INFO] Downloading: https://repo.maven.apache.org/maven2/org/apache/maven/maven-parent/26/maven-parent-26.pom
[INFO] Downloaded: https://repo.maven.apache.org/maven2/org/apache/maven/maven-parent/26/maven-parent-26.pom (39 KB at 658.5 KB/sec)
[INFO] Downloading: https://repo.maven.apache.org/maven2/org/apache/apache/16/apache-16.pom
[INFO] Downloaded: https://repo.maven.apache.org/maven2/org/apache/apache/16/apache-16.pom (16 KB at 601.4 KB/sec)
[INFO] Downloading: https://repo.maven.apache.org/maven2/org/apache/maven/plugins/maven-failsafe-plugin/2.19.1/maven-failsafe-plugin-2.19.1.jar
[INFO] Downloaded: https://repo.maven.apache.org/maven2/org/apache/maven/plugins/maven-failsafe-plugin/2.19.1/maven-failsafe-plugin-2.19.1.jar (85 KB at 273.5 KB/sec)
[INFO] Downloading: https://repo.maven.apache.org/maven2/org/apache/maven/plugins/maven-clean-plugin/2.5/maven-clean-plugin-2.5.pom
[INFO] Downloaded: https://repo.maven.apache.org/maven2/org/apache/maven/plugins/maven-clean-plugin/2.5/maven-clean-plugin-2.5.pom (4 KB at 174.0 KB/sec)
[INFO] Downloading: https://repo.maven.apache.org/maven2/org/apache/maven/plugins/maven-plugins/22/maven-plugins-22.pom
[INFO] Downloaded: https://repo.maven.apache.org/maven2/org/apache/maven/plugins/maven-plugins/22/maven-plugins-22.pom (13 KB at 454.8 KB/sec)
[INFO] Downloading: https://repo.maven.apache.org/maven2/org/apache/maven/maven-parent/21/maven-parent-21.pom
[INFO] Downloaded: https://repo.maven.apache.org/maven2/org/apache/maven/maven-parent/21/maven-parent-21.pom (26 KB at 695.7 KB/sec)
[INFO] Downloading: https://repo.maven.apache.org/maven2/org/apache/apache/10/apache-10.pom
[INFO] Downloaded: https://repo.maven.apache.org/maven2/org/apache/apache/10/apache-10.pom (15 KB at 437.9 KB/sec)
[INFO] Downloading: https://repo.maven.apache.org/maven2/org/apache/maven/plugins/maven-clean-plugin/2.5/maven-clean-plugin-2.5.jar
[INFO] Downloaded: https://repo.maven.apache.org/maven2/org/apache/maven/plugins/maven-clean-plugin/2.5/maven-clean-plugin-2.5.jar (25 KB at 801.9 KB/sec)
[INFO] Downloading: https://repo.osgeo.org/repository/release/junit/junit/4.12/junit-4.12.pom
[INFO] Downloading: http://insecure.repo1.maven.org/maven2/junit/junit/4.12/junit-4.12.pom
[INFO] Downloaded: http://insecure.repo1.maven.org/maven2/junit/junit/4.12/junit-4.12.pom (24 KB at 340.0 KB/sec)
[INFO] Downloading: https://repo.osgeo.org/repository/release/org/hamcrest/hamcrest-core/1.3/hamcrest-core-1.3.pom
[INFO] Downloading: http://insecure.repo1.maven.org/maven2/org/hamcrest/hamcrest-core/1.3/hamcrest-core-1.3.pom
[INFO] Downloaded: http://insecure.repo1.maven.org/maven2/org/hamcrest/hamcrest-core/1.3/hamcrest-core-1.3.pom (766 B at 32.5 KB/sec)
[INFO] Downloading: https://repo.osgeo.org/repository/release/org/hamcrest/hamcrest-parent/1.3/hamcrest-parent-1.3.pom
[INFO] Downloading: http://insecure.repo1.maven.org/maven2/org/hamcrest/hamcrest-parent/1.3/hamcrest-parent-1.3.pom
[INFO] Downloaded: http://insecure.repo1.maven.org/maven2/org/hamcrest/hamcrest-parent/1.3/hamcrest-parent-1.3.pom (2 KB at 87.5 KB/sec)
[INFO] Downloading: https://repo.osgeo.org/repository/release/junit/junit/4.12/junit-4.12.jar
[INFO] Downloading: https://repo.osgeo.org/repository/release/org/hamcrest/hamcrest-core/1.3/hamcrest-core-1.3.jar
[INFO] Downloading: http://insecure.repo1.maven.org/maven2/junit/junit/4.12/junit-4.12.jar
[INFO] Downloading: http://insecure.repo1.maven.org/maven2/org/hamcrest/hamcrest-core/1.3/hamcrest-core-1.3.jar
[INFO] Downloaded: http://insecure.repo1.maven.org/maven2/org/hamcrest/hamcrest-core/1.3/hamcrest-core-1.3.jar (44 KB at 343.5 KB/sec)
[INFO] Downloaded: http://insecure.repo1.maven.org/maven2/junit/junit/4.12/junit-4.12.jar (308 KB at 517.8 KB/sec)
[INFO] 
[INFO] --- maven-clean-plugin:2.5:clean (default-clean) @ graphhopper-parent ---
[INFO] Downloading: https://repo.maven.apache.org/maven2/org/apache/maven/maven-plugin-api/2.0.6/maven-plugin-api-2.0.6.pom
[INFO] Downloaded: https://repo.maven.apache.org/maven2/org/apache/maven/maven-plugin-api/2.0.6/maven-plugin-api-2.0.6.pom (2 KB at 88.8 KB/sec)
[INFO] Downloading: https://repo.maven.apache.org/maven2/org/apache/maven/maven/2.0.6/maven-2.0.6.pom
[INFO] Downloaded: https://repo.maven.apache.org/maven2/org/apache/maven/maven/2.0.6/maven-2.0.6.pom (9 KB at 519.7 KB/sec)
[INFO] Downloading: https://repo.maven.apache.org/maven2/org/apache/maven/maven-parent/5/maven-parent-5.pom
[INFO] Downloaded: https://repo.maven.apache.org/maven2/org/apache/maven/maven-parent/5/maven-parent-5.pom (15 KB at 595.2 KB/sec)
[INFO] Downloading: https://repo.maven.apache.org/maven2/org/apache/apache/3/apache-3.pom
[INFO] Downloaded: https://repo.maven.apache.org/maven2/org/apache/apache/3/apache-3.pom (4 KB at 152.3 KB/sec)
[INFO] Downloading: https://repo.maven.apache.org/maven2/org/codehaus/plexus/plexus-utils/3.0/plexus-utils-3.0.pom
[INFO] Downloaded: https://repo.maven.apache.org/maven2/org/codehaus/plexus/plexus-utils/3.0/plexus-utils-3.0.pom (4 KB at 189.1 KB/sec)
[INFO] Downloading: https://repo.maven.apache.org/maven2/org/sonatype/spice/spice-parent/16/spice-parent-16.pom
[INFO] Downloaded: https://repo.maven.apache.org/maven2/org/sonatype/spice/spice-parent/16/spice-parent-16.pom (9 KB at 371.0 KB/sec)
[INFO] Downloading: https://repo.maven.apache.org/maven2/org/sonatype/forge/forge-parent/5/forge-parent-5.pom
[INFO] Downloaded: https://repo.maven.apache.org/maven2/org/sonatype/forge/forge-parent/5/forge-parent-5.pom (9 KB at 388.9 KB/sec)
[INFO] Downloading: https://repo.maven.apache.org/maven2/org/apache/maven/maven-plugin-api/2.0.6/maven-plugin-api-2.0.6.jar
[INFO] Downloading: https://repo.maven.apache.org/maven2/org/codehaus/plexus/plexus-utils/3.0/plexus-utils-3.0.jar
[INFO] Downloaded: https://repo.maven.apache.org/maven2/org/apache/maven/maven-plugin-api/2.0.6/maven-plugin-api-2.0.6.jar (13 KB at 465.1 KB/sec)
[INFO] Downloaded: https://repo.maven.apache.org/maven2/org/codehaus/plexus/plexus-utils/3.0/plexus-utils-3.0.jar (221 KB at 1046.3 KB/sec)
[INFO] 
[INFO] --- maven-failsafe-plugin:2.19.1:integration-test (default) @ graphhopper-parent ---
[INFO] Downloading: https://repo.maven.apache.org/maven2/org/apache/maven/maven-plugin-api/2.2.1/maven-plugin-api-2.2.1.pom
[INFO] Downloaded: https://repo.maven.apache.org/maven2/org/apache/maven/maven-plugin-api/2.2.1/maven-plugin-api-2.2.1.pom (2 KB at 75.0 KB/sec)
[INFO] Downloading: https://repo.maven.apache.org/maven2/org/apache/maven/maven/2.2.1/maven-2.2.1.pom
[INFO] Downloaded: https://repo.maven.apache.org/maven2/org/apache/maven/maven/2.2.1/maven-2.2.1.pom (22 KB at 754.6 KB/sec)
[INFO] Downloading: https://repo.maven.apache.org/maven2/org/apache/maven/maven-parent/11/maven-parent-11.pom
[INFO] Downloaded: https://repo.maven.apache.org/maven2/org/apache/maven/maven-parent/11/maven-parent-11.pom (32 KB at 1172.2 KB/sec)
[INFO] Downloading: https://repo.maven.apache.org/maven2/org/apache/apache/5/apache-5.pom
[INFO] Downloaded: https://repo.maven.apache.org/maven2/org/apache/apache/5/apache-5.pom (5 KB at 190.5 KB/sec)
[INFO] Downloading: https://repo.maven.apache.org/maven2/org/apache/maven/surefire/maven-surefire-common/2.19.1/maven-surefire-common-2.19.1.pom
[INFO] Downloaded: https://repo.maven.apache.org/maven2/org/apache/maven/surefire/maven-surefire-common/2.19.1/maven-surefire-common-2.19.1.pom (8 KB at 421.2 KB/sec)
[INFO] Downloading: https://repo.maven.apache.org/maven2/org/apache/maven/plugin-tools/maven-plugin-annotations/3.3/maven-plugin-annotations-3.3.pom
[INFO] Downloaded: https://repo.maven.apache.org/maven2/org/apache/maven/plugin-tools/maven-plugin-annotations/3.3/maven-plugin-annotations-3.3.pom (2 KB at 99.4 KB/sec)
[INFO] Downloading: https://repo.maven.apache.org/maven2/org/apache/maven/plugin-tools/maven-plugin-tools/3.3/maven-plugin-tools-3.3.pom
[INFO] Downloaded: https://repo.maven.apache.org/maven2/org/apache/maven/plugin-tools/maven-plugin-tools/3.3/maven-plugin-tools-3.3.pom (13 KB at 617.6 KB/sec)
[INFO] Downloading: https://repo.maven.apache.org/maven2/org/apache/maven/maven-parent/24/maven-parent-24.pom
[INFO] Downloaded: https://repo.maven.apache.org/maven2/org/apache/maven/maven-parent/24/maven-parent-24.pom (37 KB at 1000.9 KB/sec)
[INFO] Downloading: https://repo.maven.apache.org/maven2/org/apache/apache/14/apache-14.pom
[INFO] Downloaded: https://repo.maven.apache.org/maven2/org/apache/apache/14/apache-14.pom (15 KB at 551.6 KB/sec)
[INFO] Downloading: https://repo.maven.apache.org/maven2/org/apache/maven/maven-artifact/2.2.1/maven-artifact-2.2.1.pom
[INFO] Downloaded: https://repo.maven.apache.org/maven2/org/apache/maven/maven-artifact/2.2.1/maven-artifact-2.2.1.pom (2 KB at 40.6 KB/sec)
[INFO] Downloading: https://repo.maven.apache.org/maven2/org/codehaus/plexus/plexus-utils/1.5.15/plexus-utils-1.5.15.pom
[INFO] Downloaded: https://repo.maven.apache.org/maven2/org/codehaus/plexus/plexus-utils/1.5.15/plexus-utils-1.5.15.pom (7 KB at 352.0 KB/sec)
[INFO] Downloading: https://repo.maven.apache.org/maven2/org/codehaus/plexus/plexus/2.0.2/plexus-2.0.2.pom
[INFO] Downloaded: https://repo.maven.apache.org/maven2/org/codehaus/plexus/plexus/2.0.2/plexus-2.0.2.pom (12 KB at 419.9 KB/sec)
[INFO] Downloading: https://repo.maven.apache.org/maven2/org/apache/maven/surefire/surefire-api/2.19.1/surefire-api-2.19.1.pom
[INFO] Downloaded: https://repo.maven.apache.org/maven2/org/apache/maven/surefire/surefire-api/2.19.1/surefire-api-2.19.1.pom (4 KB at 190.4 KB/sec)
[INFO] Downloading: https://repo.maven.apache.org/maven2/org/apache/maven/surefire/surefire-booter/2.19.1/surefire-booter-2.19.1.pom
[INFO] Downloaded: https://repo.maven.apache.org/maven2/org/apache/maven/surefire/surefire-booter/2.19.1/surefire-booter-2.19.1.pom (4 KB at 194.3 KB/sec)
[INFO] Downloading: https://repo.maven.apache.org/maven2/org/apache/maven/maven-plugin-descriptor/2.2.1/maven-plugin-descriptor-2.2.1.pom
[INFO] Downloaded: https://repo.maven.apache.org/maven2/org/apache/maven/maven-plugin-descriptor/2.2.1/maven-plugin-descriptor-2.2.1.pom (3 KB at 112.0 KB/sec)
[INFO] Downloading: https://repo.maven.apache.org/maven2/org/codehaus/plexus/plexus-container-default/1.0-alpha-9-stable-1/plexus-container-default-1.0-alpha-9-stable-1.pom
[INFO] Downloaded: https://repo.maven.apache.org/maven2/org/codehaus/plexus/plexus-container-default/1.0-alpha-9-stable-1/plexus-container-default-1.0-alpha-9-stable-1.pom (4 KB at 226.8 KB/sec)
[INFO] Downloading: https://repo.maven.apache.org/maven2/org/codehaus/plexus/plexus-containers/1.0.3/plexus-containers-1.0.3.pom
[INFO] Downloaded: https://repo.maven.apache.org/maven2/org/codehaus/plexus/plexus-containers/1.0.3/plexus-containers-1.0.3.pom (492 B at 30.0 KB/sec)
[INFO] Downloading: https://repo.maven.apache.org/maven2/org/codehaus/plexus/plexus/1.0.4/plexus-1.0.4.pom
[INFO] Downloaded: https://repo.maven.apache.org/maven2/org/codehaus/plexus/plexus/1.0.4/plexus-1.0.4.pom (6 KB at 311.3 KB/sec)
[INFO] Downloading: https://repo.maven.apache.org/maven2/org/codehaus/plexus/plexus-utils/1.0.4/plexus-utils-1.0.4.pom
[INFO] Downloaded: https://repo.maven.apache.org/maven2/org/codehaus/plexus/plexus-utils/1.0.4/plexus-utils-1.0.4.pom (7 KB at 372.0 KB/sec)
[INFO] Downloading: https://repo.maven.apache.org/maven2/classworlds/classworlds/1.1-alpha-2/classworlds-1.1-alpha-2.pom
[INFO] Downloaded: https://repo.maven.apache.org/maven2/classworlds/classworlds/1.1-alpha-2/classworlds-1.1-alpha-2.pom (4 KB at 169.7 KB/sec)
[INFO] Downloading: https://repo.maven.apache.org/maven2/org/apache/maven/maven-project/2.2.1/maven-project-2.2.1.pom
[INFO] Downloaded: https://repo.maven.apache.org/maven2/org/apache/maven/maven-project/2.2.1/maven-project-2.2.1.pom (3 KB at 159.3 KB/sec)
[INFO] Downloading: https://repo.maven.apache.org/maven2/org/apache/maven/maven-settings/2.2.1/maven-settings-2.2.1.pom
[INFO] Downloaded: https://repo.maven.apache.org/maven2/org/apache/maven/maven-settings/2.2.1/maven-settings-2.2.1.pom (3 KB at 81.8 KB/sec)
[INFO] Downloading: https://repo.maven.apache.org/maven2/org/apache/maven/maven-model/2.2.1/maven-model-2.2.1.pom
[INFO] Downloaded: https://repo.maven.apache.org/maven2/org/apache/maven/maven-model/2.2.1/maven-model-2.2.1.pom (4 KB at 175.8 KB/sec)
[INFO] Downloading: https://repo.maven.apache.org/maven2/org/codehaus/plexus/plexus-interpolation/1.11/plexus-interpolation-1.11.pom
[INFO] Downloaded: https://repo.maven.apache.org/maven2/org/codehaus/plexus/plexus-interpolation/1.11/plexus-interpolation-1.11.pom (889 B at 62.0 KB/sec)
[INFO] Downloading: https://repo.maven.apache.org/maven2/org/codehaus/plexus/plexus-components/1.1.14/plexus-components-1.1.14.pom
[INFO] Downloaded: https://repo.maven.apache.org/maven2/org/codehaus/plexus/plexus-components/1.1.14/plexus-components-1.1.14.pom (6 KB at 316.9 KB/sec)
[INFO] Downloading: https://repo.maven.apache.org/maven2/org/apache/maven/maven-profile/2.2.1/maven-profile-2.2.1.pom
[INFO] Downloaded: https://repo.maven.apache.org/maven2/org/apache/maven/maven-profile/2.2.1/maven-profile-2.2.1.pom (3 KB at 132.5 KB/sec)
[INFO] Downloading: https://repo.maven.apache.org/maven2/org/apache/maven/maven-artifact-manager/2.2.1/maven-artifact-manager-2.2.1.pom
[INFO] Downloaded: https://repo.maven.apache.org/maven2/org/apache/maven/maven-artifact-manager/2.2.1/maven-artifact-manager-2.2.1.pom (4 KB at 189.4 KB/sec)
[INFO] Downloading: https://repo.maven.apache.org/maven2/org/apache/maven/maven-repository-metadata/2.2.1/maven-repository-metadata-2.2.1.pom
[INFO] Downloaded: https://repo.maven.apache.org/maven2/org/apache/maven/maven-repository-metadata/2.2.1/maven-repository-metadata-2.2.1.pom (2 KB at 79.4 KB/sec)
[INFO] Downloading: https://repo.maven.apache.org/maven2/backport-util-concurrent/backport-util-concurrent/3.1/backport-util-concurrent-3.1.pom
[INFO] Downloaded: https://repo.maven.apache.org/maven2/backport-util-concurrent/backport-util-concurrent/3.1/backport-util-concurrent-3.1.pom (880 B at 53.7 KB/sec)
[INFO] Downloading: https://repo.maven.apache.org/maven2/org/apache/maven/maven-plugin-registry/2.2.1/maven-plugin-registry-2.2.1.pom
[INFO] Downloaded: https://repo.maven.apache.org/maven2/org/apache/maven/maven-plugin-registry/2.2.1/maven-plugin-registry-2.2.1.pom (2 KB at 125.6 KB/sec)
[INFO] Downloading: https://repo.maven.apache.org/maven2/org/apache/maven/maven-core/2.2.1/maven-core-2.2.1.pom
[INFO] Downloaded: https://repo.maven.apache.org/maven2/org/apache/maven/maven-core/2.2.1/maven-core-2.2.1.pom (12 KB at 378.7 KB/sec)
[INFO] Downloading: https://repo.maven.apache.org/maven2/org/apache/maven/maven-plugin-parameter-documenter/2.2.1/maven-plugin-parameter-documenter-2.2.1.pom
[INFO] Downloaded: https://repo.maven.apache.org/maven2/org/apache/maven/maven-plugin-parameter-documenter/2.2.1/maven-plugin-parameter-documenter-2.2.1.pom (2 KB at 127.4 KB/sec)
[INFO] Downloading: https://repo.maven.apache.org/maven2/org/slf4j/slf4j-jdk14/1.5.6/slf4j-jdk14-1.5.6.pom
[INFO] Downloaded: https://repo.maven.apache.org/maven2/org/slf4j/slf4j-jdk14/1.5.6/slf4j-jdk14-1.5.6.pom (2 KB at 123.6 KB/sec)
[INFO] Downloading: https://repo.maven.apache.org/maven2/org/slf4j/slf4j-parent/1.5.6/slf4j-parent-1.5.6.pom
[INFO] Downloaded: https://repo.maven.apache.org/maven2/org/slf4j/slf4j-parent/1.5.6/slf4j-parent-1.5.6.pom (8 KB at 429.7 KB/sec)
[INFO] Downloading: https://repo.maven.apache.org/maven2/org/slf4j/slf4j-api/1.5.6/slf4j-api-1.5.6.pom
[INFO] Downloaded: https://repo.maven.apache.org/maven2/org/slf4j/slf4j-api/1.5.6/slf4j-api-1.5.6.pom (3 KB at 138.8 KB/sec)
[INFO] Downloading: https://repo.maven.apache.org/maven2/org/slf4j/jcl-over-slf4j/1.5.6/jcl-over-slf4j-1.5.6.pom
[INFO] Downloaded: https://repo.maven.apache.org/maven2/org/slf4j/jcl-over-slf4j/1.5.6/jcl-over-slf4j-1.5.6.pom (3 KB at 132.4 KB/sec)
[INFO] Downloading: https://repo.maven.apache.org/maven2/org/apache/maven/reporting/maven-reporting-api/3.0/maven-reporting-api-3.0.pom
[INFO] Downloaded: https://repo.maven.apache.org/maven2/org/apache/maven/reporting/maven-reporting-api/3.0/maven-reporting-api-3.0.pom (3 KB at 144.8 KB/sec)
[INFO] Downloading: https://repo.maven.apache.org/maven2/org/apache/maven/shared/maven-shared-components/15/maven-shared-components-15.pom
[INFO] Downloaded: https://repo.maven.apache.org/maven2/org/apache/maven/shared/maven-shared-components/15/maven-shared-components-15.pom (10 KB at 414.5 KB/sec)
[INFO] Downloading: https://repo.maven.apache.org/maven2/org/apache/maven/maven-parent/16/maven-parent-16.pom
[INFO] Downloaded: https://repo.maven.apache.org/maven2/org/apache/maven/maven-parent/16/maven-parent-16.pom (23 KB at 841.7 KB/sec)
[INFO] Downloading: https://repo.maven.apache.org/maven2/org/apache/apache/7/apache-7.pom
[INFO] Downloaded: https://repo.maven.apache.org/maven2/org/apache/apache/7/apache-7.pom (15 KB at 612.7 KB/sec)
[INFO] Downloading: https://repo.maven.apache.org/maven2/org/apache/maven/maven-error-diagnostics/2.2.1/maven-error-diagnostics-2.2.1.pom
[INFO] Downloaded: https://repo.maven.apache.org/maven2/org/apache/maven/maven-error-diagnostics/2.2.1/maven-error-diagnostics-2.2.1.pom (2 KB at 111.2 KB/sec)
[INFO] Downloading: https://repo.maven.apache.org/maven2/org/apache/maven/maven-monitor/2.2.1/maven-monitor-2.2.1.pom
[INFO] Downloaded: https://repo.maven.apache.org/maven2/org/apache/maven/maven-monitor/2.2.1/maven-monitor-2.2.1.pom (2 KB at 72.2 KB/sec)
[INFO] Downloading: https://repo.maven.apache.org/maven2/classworlds/classworlds/1.1/classworlds-1.1.pom
[INFO] Downloaded: https://repo.maven.apache.org/maven2/classworlds/classworlds/1.1/classworlds-1.1.pom (4 KB at 190.9 KB/sec)
[INFO] Downloading: https://repo.maven.apache.org/maven2/org/sonatype/plexus/plexus-sec-dispatcher/1.3/plexus-sec-dispatcher-1.3.pom
[INFO] Downloaded: https://repo.maven.apache.org/maven2/org/sonatype/plexus/plexus-sec-dispatcher/1.3/plexus-sec-dispatcher-1.3.pom (3 KB at 180.7 KB/sec)
[INFO] Downloading: https://repo.maven.apache.org/maven2/org/sonatype/spice/spice-parent/12/spice-parent-12.pom
[INFO] Downloaded: https://repo.maven.apache.org/maven2/org/sonatype/spice/spice-parent/12/spice-parent-12.pom (7 KB at 368.8 KB/sec)
[INFO] Downloading: https://repo.maven.apache.org/maven2/org/sonatype/forge/forge-parent/4/forge-parent-4.pom
[INFO] Downloaded: https://repo.maven.apache.org/maven2/org/sonatype/forge/forge-parent/4/forge-parent-4.pom (9 KB at 431.6 KB/sec)
[INFO] Downloading: https://repo.maven.apache.org/maven2/org/codehaus/plexus/plexus-utils/1.5.5/plexus-utils-1.5.5.pom
[INFO] Downloaded: https://repo.maven.apache.org/maven2/org/codehaus/plexus/plexus-utils/1.5.5/plexus-utils-1.5.5.pom (6 KB at 279.2 KB/sec)
[INFO] Downloading: https://repo.maven.apache.org/maven2/org/codehaus/plexus/plexus/1.0.11/plexus-1.0.11.pom
[INFO] Downloaded: https://repo.maven.apache.org/maven2/org/codehaus/plexus/plexus/1.0.11/plexus-1.0.11.pom (9 KB at 515.2 KB/sec)
[INFO] Downloading: https://repo.maven.apache.org/maven2/org/sonatype/plexus/plexus-cipher/1.4/plexus-cipher-1.4.pom
[INFO] Downloaded: https://repo.maven.apache.org/maven2/org/sonatype/plexus/plexus-cipher/1.4/plexus-cipher-1.4.pom (3 KB at 144.0 KB/sec)
[INFO] Downloading: https://repo.maven.apache.org/maven2/org/apache/maven/maven-toolchain/2.2.1/maven-toolchain-2.2.1.pom
[INFO] Downloaded: https://repo.maven.apache.org/maven2/org/apache/maven/maven-toolchain/2.2.1/maven-toolchain-2.2.1.pom (4 KB at 125.6 KB/sec)
[INFO] Downloading: https://repo.maven.apache.org/maven2/org/apache/commons/commons-lang3/3.1/commons-lang3-3.1.pom
[INFO] Downloaded: https://repo.maven.apache.org/maven2/org/apache/commons/commons-lang3/3.1/commons-lang3-3.1.pom (17 KB at 777.1 KB/sec)
[INFO] Downloading: https://repo.maven.apache.org/maven2/org/apache/commons/commons-parent/22/commons-parent-22.pom
[INFO] Downloaded: https://repo.maven.apache.org/maven2/org/apache/commons/commons-parent/22/commons-parent-22.pom (41 KB at 1077.3 KB/sec)
[INFO] Downloading: https://repo.maven.apache.org/maven2/org/apache/apache/9/apache-9.pom
[INFO] Downloaded: https://repo.maven.apache.org/maven2/org/apache/apache/9/apache-9.pom (15 KB at 616.9 KB/sec)
[INFO] Downloading: https://repo.maven.apache.org/maven2/org/apache/maven/maven-plugin-api/2.2.1/maven-plugin-api-2.2.1.jar
[INFO] Downloading: https://repo.maven.apache.org/maven2/org/apache/maven/surefire/maven-surefire-common/2.19.1/maven-surefire-common-2.19.1.jar
[INFO] Downloading: https://repo.maven.apache.org/maven2/org/apache/maven/surefire/surefire-booter/2.19.1/surefire-booter-2.19.1.jar
[INFO] Downloading: https://repo.maven.apache.org/maven2/org/apache/maven/maven-artifact/2.2.1/maven-artifact-2.2.1.jar
[INFO] Downloading: https://repo.maven.apache.org/maven2/org/codehaus/plexus/plexus-utils/1.5.15/plexus-utils-1.5.15.jar
[INFO] Downloaded: https://repo.maven.apache.org/maven2/org/apache/maven/surefire/surefire-booter/2.19.1/surefire-booter-2.19.1.jar (45 KB at 1139.3 KB/sec)
[INFO] Downloading: https://repo.maven.apache.org/maven2/org/apache/maven/maven-plugin-descriptor/2.2.1/maven-plugin-descriptor-2.2.1.jar
[INFO] Downloaded: https://repo.maven.apache.org/maven2/org/apache/maven/maven-plugin-api/2.2.1/maven-plugin-api-2.2.1.jar (13 KB at 262.7 KB/sec)
[INFO] Downloading: https://repo.maven.apache.org/maven2/org/codehaus/plexus/plexus-container-default/1.0-alpha-9-stable-1/plexus-container-default-1.0-alpha-9-stable-1.jar
[INFO] Downloaded: https://repo.maven.apache.org/maven2/org/apache/maven/maven-artifact/2.2.1/maven-artifact-2.2.1.jar (79 KB at 1060.0 KB/sec)
[INFO] Downloading: https://repo.maven.apache.org/maven2/org/apache/maven/maven-project/2.2.1/maven-project-2.2.1.jar
[INFO] Downloaded: https://repo.maven.apache.org/maven2/org/apache/maven/maven-plugin-descriptor/2.2.1/maven-plugin-descriptor-2.2.1.jar (39 KB at 403.8 KB/sec)
[INFO] Downloading: https://repo.maven.apache.org/maven2/org/apache/maven/maven-settings/2.2.1/maven-settings-2.2.1.jar
[INFO] Downloaded: https://repo.maven.apache.org/maven2/org/apache/maven/maven-settings/2.2.1/maven-settings-2.2.1.jar (48 KB at 371.3 KB/sec)
[INFO] Downloading: https://repo.maven.apache.org/maven2/org/apache/maven/maven-profile/2.2.1/maven-profile-2.2.1.jar
[INFO] Downloaded: https://repo.maven.apache.org/maven2/org/apache/maven/surefire/maven-surefire-common/2.19.1/maven-surefire-common-2.19.1.jar (286 KB at 2025.9 KB/sec)
[INFO] Downloading: https://repo.maven.apache.org/maven2/org/apache/maven/maven-artifact-manager/2.2.1/maven-artifact-manager-2.2.1.jar
[INFO] Downloaded: https://repo.maven.apache.org/maven2/org/codehaus/plexus/plexus-utils/1.5.15/plexus-utils-1.5.15.jar (223 KB at 1547.0 KB/sec)
[INFO] Downloading: https://repo.maven.apache.org/maven2/backport-util-concurrent/backport-util-concurrent/3.1/backport-util-concurrent-3.1.jar
[INFO] Downloaded: https://repo.maven.apache.org/maven2/org/apache/maven/maven-profile/2.2.1/maven-profile-2.2.1.jar (35 KB at 214.5 KB/sec)
[INFO] Downloading: https://repo.maven.apache.org/maven2/org/apache/maven/maven-plugin-registry/2.2.1/maven-plugin-registry-2.2.1.jar
[INFO] Downloaded: https://repo.maven.apache.org/maven2/org/apache/maven/maven-project/2.2.1/maven-project-2.2.1.jar (153 KB at 913.9 KB/sec)
[INFO] Downloading: https://repo.maven.apache.org/maven2/org/codehaus/plexus/plexus-interpolation/1.11/plexus-interpolation-1.11.jar
[INFO] Downloaded: https://repo.maven.apache.org/maven2/org/codehaus/plexus/plexus-container-default/1.0-alpha-9-stable-1/plexus-container-default-1.0-alpha-9-stable-1.jar (190 KB at 1115.5 KB/sec)
[INFO] Downloading: https://repo.maven.apache.org/maven2/org/apache/maven/maven-model/2.2.1/maven-model-2.2.1.jar
[INFO] Downloaded: https://repo.maven.apache.org/maven2/org/apache/maven/maven-artifact-manager/2.2.1/maven-artifact-manager-2.2.1.jar (66 KB at 330.0 KB/sec)
[INFO] Downloading: https://repo.maven.apache.org/maven2/org/apache/maven/maven-core/2.2.1/maven-core-2.2.1.jar
[INFO] Downloaded: https://repo.maven.apache.org/maven2/org/codehaus/plexus/plexus-interpolation/1.11/plexus-interpolation-1.11.jar (50 KB at 238.0 KB/sec)
[INFO] Downloading: https://repo.maven.apache.org/maven2/org/apache/maven/maven-plugin-parameter-documenter/2.2.1/maven-plugin-parameter-documenter-2.2.1.jar
[INFO] Downloaded: https://repo.maven.apache.org/maven2/org/apache/maven/maven-model/2.2.1/maven-model-2.2.1.jar (86 KB at 387.0 KB/sec)
[INFO] Downloading: https://repo.maven.apache.org/maven2/org/slf4j/slf4j-jdk14/1.5.6/slf4j-jdk14-1.5.6.jar
[INFO] Downloaded: https://repo.maven.apache.org/maven2/org/apache/maven/maven-plugin-registry/2.2.1/maven-plugin-registry-2.2.1.jar (30 KB at 128.4 KB/sec)
[INFO] Downloading: https://repo.maven.apache.org/maven2/org/slf4j/slf4j-api/1.5.6/slf4j-api-1.5.6.jar
[INFO] Downloaded: https://repo.maven.apache.org/maven2/org/apache/maven/maven-plugin-parameter-documenter/2.2.1/maven-plugin-parameter-documenter-2.2.1.jar (22 KB at 90.7 KB/sec)
[INFO] Downloading: https://repo.maven.apache.org/maven2/org/slf4j/jcl-over-slf4j/1.5.6/jcl-over-slf4j-1.5.6.jar
[INFO] Downloaded: https://repo.maven.apache.org/maven2/org/slf4j/slf4j-jdk14/1.5.6/slf4j-jdk14-1.5.6.jar (9 KB at 35.9 KB/sec)
[INFO] Downloading: https://repo.maven.apache.org/maven2/org/apache/maven/reporting/maven-reporting-api/3.0/maven-reporting-api-3.0.jar
[INFO] Downloaded: https://repo.maven.apache.org/maven2/org/slf4j/slf4j-api/1.5.6/slf4j-api-1.5.6.jar (22 KB at 85.2 KB/sec)
[INFO] Downloading: https://repo.maven.apache.org/maven2/org/apache/maven/maven-repository-metadata/2.2.1/maven-repository-metadata-2.2.1.jar
[INFO] Downloaded: https://repo.maven.apache.org/maven2/org/apache/maven/reporting/maven-reporting-api/3.0/maven-reporting-api-3.0.jar (11 KB at 41.1 KB/sec)
[INFO] Downloading: https://repo.maven.apache.org/maven2/org/apache/maven/maven-error-diagnostics/2.2.1/maven-error-diagnostics-2.2.1.jar
[INFO] Downloaded: https://repo.maven.apache.org/maven2/org/slf4j/jcl-over-slf4j/1.5.6/jcl-over-slf4j-1.5.6.jar (17 KB at 62.6 KB/sec)
[INFO] Downloading: https://repo.maven.apache.org/maven2/org/apache/maven/maven-monitor/2.2.1/maven-monitor-2.2.1.jar
[INFO] Downloaded: https://repo.maven.apache.org/maven2/org/apache/maven/maven-monitor/2.2.1/maven-monitor-2.2.1.jar (11 KB at 36.3 KB/sec)
[INFO] Downloading: https://repo.maven.apache.org/maven2/classworlds/classworlds/1.1/classworlds-1.1.jar
[INFO] Downloaded: https://repo.maven.apache.org/maven2/org/apache/maven/maven-error-diagnostics/2.2.1/maven-error-diagnostics-2.2.1.jar (13 KB at 44.6 KB/sec)
[INFO] Downloading: https://repo.maven.apache.org/maven2/org/sonatype/plexus/plexus-sec-dispatcher/1.3/plexus-sec-dispatcher-1.3.jar
[INFO] Downloaded: https://repo.maven.apache.org/maven2/org/apache/maven/maven-repository-metadata/2.2.1/maven-repository-metadata-2.2.1.jar (26 KB at 87.9 KB/sec)
[INFO] Downloading: https://repo.maven.apache.org/maven2/org/sonatype/plexus/plexus-cipher/1.4/plexus-cipher-1.4.jar
[INFO] Downloaded: https://repo.maven.apache.org/maven2/backport-util-concurrent/backport-util-concurrent/3.1/backport-util-concurrent-3.1.jar (324 KB at 1113.2 KB/sec)
[INFO] Downloading: https://repo.maven.apache.org/maven2/org/apache/maven/maven-toolchain/2.2.1/maven-toolchain-2.2.1.jar
[INFO] Downloaded: https://repo.maven.apache.org/maven2/org/apache/maven/maven-core/2.2.1/maven-core-2.2.1.jar (174 KB at 569.6 KB/sec)
[INFO] Downloading: https://repo.maven.apache.org/maven2/org/apache/commons/commons-lang3/3.1/commons-lang3-3.1.jar
[INFO] Downloaded: https://repo.maven.apache.org/maven2/org/sonatype/plexus/plexus-cipher/1.4/plexus-cipher-1.4.jar (14 KB at 42.6 KB/sec)
[INFO] Downloading: https://repo.maven.apache.org/maven2/org/apache/maven/surefire/surefire-api/2.19.1/surefire-api-2.19.1.jar
[INFO] Downloaded: https://repo.maven.apache.org/maven2/classworlds/classworlds/1.1/classworlds-1.1.jar (37 KB at 116.2 KB/sec)
[INFO] Downloading: https://repo.maven.apache.org/maven2/org/apache/maven/plugin-tools/maven-plugin-annotations/3.3/maven-plugin-annotations-3.3.jar
[INFO] Downloaded: https://repo.maven.apache.org/maven2/org/sonatype/plexus/plexus-sec-dispatcher/1.3/plexus-sec-dispatcher-1.3.jar (28 KB at 88.0 KB/sec)
[INFO] Downloaded: https://repo.maven.apache.org/maven2/org/apache/maven/maven-toolchain/2.2.1/maven-toolchain-2.2.1.jar (37 KB at 114.8 KB/sec)
[INFO] Downloaded: https://repo.maven.apache.org/maven2/org/apache/maven/plugin-tools/maven-plugin-annotations/3.3/maven-plugin-annotations-3.3.jar (14 KB at 40.3 KB/sec)
[INFO] Downloaded: https://repo.maven.apache.org/maven2/org/apache/maven/surefire/surefire-api/2.19.1/surefire-api-2.19.1.jar (192 KB at 471.6 KB/sec)
[INFO] Downloaded: https://repo.maven.apache.org/maven2/org/apache/commons/commons-lang3/3.1/commons-lang3-3.1.jar (309 KB at 709.0 KB/sec)
[INFO] No tests to run.
[INFO] 
[INFO] --- maven-failsafe-plugin:2.19.1:verify (default) @ graphhopper-parent ---
[INFO]                                                                         
[INFO] ------------------------------------------------------------------------
[INFO] Building GraphHopper Core 0.9-SNAPSHOT
[INFO] ------------------------------------------------------------------------
[INFO] Downloading: https://repo.maven.apache.org/maven2/org/apache/maven/plugins/maven-jar-plugin/3.0.2/maven-jar-plugin-3.0.2.pom
[INFO] Downloaded: https://repo.maven.apache.org/maven2/org/apache/maven/plugins/maven-jar-plugin/3.0.2/maven-jar-plugin-3.0.2.pom (7 KB at 287.3 KB/sec)
[INFO] Downloading: https://repo.maven.apache.org/maven2/org/apache/maven/plugins/maven-plugins/30/maven-plugins-30.pom
[INFO] Downloaded: https://repo.maven.apache.org/maven2/org/apache/maven/plugins/maven-plugins/30/maven-plugins-30.pom (10 KB at 522.8 KB/sec)
[INFO] Downloading: https://repo.maven.apache.org/maven2/org/apache/maven/maven-parent/30/maven-parent-30.pom
[INFO] Downloaded: https://repo.maven.apache.org/maven2/org/apache/maven/maven-parent/30/maven-parent-30.pom (41 KB at 984.2 KB/sec)
[INFO] Downloading: https://repo.maven.apache.org/maven2/org/apache/apache/18/apache-18.pom
[INFO] Downloaded: https://repo.maven.apache.org/maven2/org/apache/apache/18/apache-18.pom (16 KB at 765.0 KB/sec)
[INFO] Downloading: https://repo.maven.apache.org/maven2/org/apache/maven/plugins/maven-jar-plugin/3.0.2/maven-jar-plugin-3.0.2.jar
[INFO] Downloaded: https://repo.maven.apache.org/maven2/org/apache/maven/plugins/maven-jar-plugin/3.0.2/maven-jar-plugin-3.0.2.jar (27 KB at 850.4 KB/sec)
[INFO] Downloading: https://repo.maven.apache.org/maven2/org/apache/maven/plugins/maven-resources-plugin/2.6/maven-resources-plugin-2.6.pom
[INFO] Downloaded: https://repo.maven.apache.org/maven2/org/apache/maven/plugins/maven-resources-plugin/2.6/maven-resources-plugin-2.6.pom (8 KB at 396.2 KB/sec)
[INFO] Downloading: https://repo.maven.apache.org/maven2/org/apache/maven/plugins/maven-plugins/23/maven-plugins-23.pom
[INFO] Downloaded: https://repo.maven.apache.org/maven2/org/apache/maven/plugins/maven-plugins/23/maven-plugins-23.pom (9 KB at 449.1 KB/sec)
[INFO] Downloading: https://repo.maven.apache.org/maven2/org/apache/maven/maven-parent/22/maven-parent-22.pom
[INFO] Downloaded: https://repo.maven.apache.org/maven2/org/apache/maven/maven-parent/22/maven-parent-22.pom (30 KB at 907.7 KB/sec)
[INFO] Downloading: https://repo.maven.apache.org/maven2/org/apache/apache/11/apache-11.pom
[INFO] Downloaded: https://repo.maven.apache.org/maven2/org/apache/apache/11/apache-11.pom (15 KB at 498.8 KB/sec)
[INFO] Downloading: https://repo.maven.apache.org/maven2/org/apache/maven/plugins/maven-resources-plugin/2.6/maven-resources-plugin-2.6.jar
[INFO] Downloaded: https://repo.maven.apache.org/maven2/org/apache/maven/plugins/maven-resources-plugin/2.6/maven-resources-plugin-2.6.jar (29 KB at 686.4 KB/sec)
[INFO] Downloading: https://repo.maven.apache.org/maven2/org/apache/maven/plugins/maven-compiler-plugin/3.5.1/maven-compiler-plugin-3.5.1.pom
[INFO] Downloaded: https://repo.maven.apache.org/maven2/org/apache/maven/plugins/maven-compiler-plugin/3.5.1/maven-compiler-plugin-3.5.1.pom (10 KB at 495.4 KB/sec)
[INFO] Downloading: https://repo.maven.apache.org/maven2/org/apache/maven/plugins/maven-plugins/28/maven-plugins-28.pom
[INFO] Downloaded: https://repo.maven.apache.org/maven2/org/apache/maven/plugins/maven-plugins/28/maven-plugins-28.pom (12 KB at 559.5 KB/sec)
[INFO] Downloading: https://repo.maven.apache.org/maven2/org/apache/maven/maven-parent/27/maven-parent-27.pom
[INFO] Downloaded: https://repo.maven.apache.org/maven2/org/apache/maven/maven-parent/27/maven-parent-27.pom (40 KB at 1242.3 KB/sec)
[INFO] Downloading: https://repo.maven.apache.org/maven2/org/apache/apache/17/apache-17.pom
[INFO] Downloaded: https://repo.maven.apache.org/maven2/org/apache/apache/17/apache-17.pom (16 KB at 653.3 KB/sec)
[INFO] Downloading: https://repo.maven.apache.org/maven2/org/apache/maven/plugins/maven-compiler-plugin/3.5.1/maven-compiler-plugin-3.5.1.jar
[INFO] Downloaded: https://repo.maven.apache.org/maven2/org/apache/maven/plugins/maven-compiler-plugin/3.5.1/maven-compiler-plugin-3.5.1.jar (50 KB at 860.5 KB/sec)
[INFO] Downloading: https://repo.maven.apache.org/maven2/org/apache/maven/plugins/maven-surefire-plugin/2.19.1/maven-surefire-plugin-2.19.1.pom
[INFO] Downloaded: https://repo.maven.apache.org/maven2/org/apache/maven/plugins/maven-surefire-plugin/2.19.1/maven-surefire-plugin-2.19.1.pom (6 KB at 217.3 KB/sec)
[INFO] Downloading: https://repo.maven.apache.org/maven2/org/apache/maven/plugins/maven-surefire-plugin/2.19.1/maven-surefire-plugin-2.19.1.jar
[INFO] Downloaded: https://repo.maven.apache.org/maven2/org/apache/maven/plugins/maven-surefire-plugin/2.19.1/maven-surefire-plugin-2.19.1.jar (38 KB at 646.6 KB/sec)
[INFO] Downloading: https://repo.osgeo.org/repository/release/com/carrotsearch/hppc/0.7.2/hppc-0.7.2.pom
[INFO] Downloading: http://insecure.repo1.maven.org/maven2/com/carrotsearch/hppc/0.7.2/hppc-0.7.2.pom
[INFO] Downloaded: http://insecure.repo1.maven.org/maven2/com/carrotsearch/hppc/0.7.2/hppc-0.7.2.pom (18 KB at 682.2 KB/sec)
[INFO] Downloading: https://repo.osgeo.org/repository/release/com/carrotsearch/hppc-parent/0.7.2/hppc-parent-0.7.2.pom
[INFO] Downloading: http://insecure.repo1.maven.org/maven2/com/carrotsearch/hppc-parent/0.7.2/hppc-parent-0.7.2.pom
[INFO] Downloaded: http://insecure.repo1.maven.org/maven2/com/carrotsearch/hppc-parent/0.7.2/hppc-parent-0.7.2.pom (20 KB at 712.6 KB/sec)
[INFO] Downloading: https://repo.osgeo.org/repository/release/org/sonatype/oss/oss-parent/9/oss-parent-9.pom
[INFO] Downloading: http://insecure.repo1.maven.org/maven2/org/sonatype/oss/oss-parent/9/oss-parent-9.pom
[INFO] Downloaded: http://insecure.repo1.maven.org/maven2/org/sonatype/oss/oss-parent/9/oss-parent-9.pom (7 KB at 291.6 KB/sec)
[INFO] Downloading: https://repo.osgeo.org/repository/release/org/slf4j/slf4j-api/1.7.21/slf4j-api-1.7.21.pom
[INFO] Downloading: http://insecure.repo1.maven.org/maven2/org/slf4j/slf4j-api/1.7.21/slf4j-api-1.7.21.pom
[INFO] Downloaded: http://insecure.repo1.maven.org/maven2/org/slf4j/slf4j-api/1.7.21/slf4j-api-1.7.21.pom (3 KB at 135.5 KB/sec)
[INFO] Downloading: https://repo.osgeo.org/repository/release/org/slf4j/slf4j-parent/1.7.21/slf4j-parent-1.7.21.pom
[INFO] Downloading: http://insecure.repo1.maven.org/maven2/org/slf4j/slf4j-parent/1.7.21/slf4j-parent-1.7.21.pom
[INFO] Downloaded: http://insecure.repo1.maven.org/maven2/org/slf4j/slf4j-parent/1.7.21/slf4j-parent-1.7.21.pom (14 KB at 549.5 KB/sec)
[INFO] Downloading: https://repo.osgeo.org/repository/release/org/slf4j/slf4j-log4j12/1.7.21/slf4j-log4j12-1.7.21.pom
[INFO] Downloading: http://insecure.repo1.maven.org/maven2/org/slf4j/slf4j-log4j12/1.7.21/slf4j-log4j12-1.7.21.pom
[INFO] Downloaded: http://insecure.repo1.maven.org/maven2/org/slf4j/slf4j-log4j12/1.7.21/slf4j-log4j12-1.7.21.pom (2 KB at 55.2 KB/sec)
[INFO] Downloading: https://repo.osgeo.org/repository/release/log4j/log4j/1.2.17/log4j-1.2.17.pom
[INFO] Downloaded: https://repo.osgeo.org/repository/release/log4j/log4j/1.2.17/log4j-1.2.17.pom (378 B at 3.8 KB/sec)
[INFO] Downloading: https://repo.osgeo.org/repository/release/org/apache/xmlgraphics/xmlgraphics-commons/2.1/xmlgraphics-commons-2.1.pom
[INFO] Downloading: http://insecure.repo1.maven.org/maven2/org/apache/xmlgraphics/xmlgraphics-commons/2.1/xmlgraphics-commons-2.1.pom
[INFO] Downloaded: http://insecure.repo1.maven.org/maven2/org/apache/xmlgraphics/xmlgraphics-commons/2.1/xmlgraphics-commons-2.1.pom (4 KB at 8.0 KB/sec)
[INFO] Downloading: https://repo.osgeo.org/repository/release/commons-io/commons-io/1.3.1/commons-io-1.3.1.pom
[INFO] Downloading: http://insecure.repo1.maven.org/maven2/commons-io/commons-io/1.3.1/commons-io-1.3.1.pom
[INFO] Downloaded: http://insecure.repo1.maven.org/maven2/commons-io/commons-io/1.3.1/commons-io-1.3.1.pom (7 KB at 275.9 KB/sec)
[INFO] Downloading: https://repo.osgeo.org/repository/release/commons-logging/commons-logging/1.0.4/commons-logging-1.0.4.pom
[INFO] Downloaded: https://repo.osgeo.org/repository/release/commons-logging/commons-logging/1.0.4/commons-logging-1.0.4.pom (6 KB at 53.0 KB/sec)
[INFO] Downloading: https://repo.osgeo.org/repository/release/com/fasterxml/jackson/core/jackson-annotations/2.8.4/jackson-annotations-2.8.4.pom
[INFO] Downloading: http://insecure.repo1.maven.org/maven2/com/fasterxml/jackson/core/jackson-annotations/2.8.4/jackson-annotations-2.8.4.pom
[INFO] Downloaded: http://insecure.repo1.maven.org/maven2/com/fasterxml/jackson/core/jackson-annotations/2.8.4/jackson-annotations-2.8.4.pom (2 KB at 78.5 KB/sec)
[INFO] Downloading: https://repo.osgeo.org/repository/release/com/fasterxml/jackson/jackson-parent/2.8/jackson-parent-2.8.pom
[INFO] Downloading: http://insecure.repo1.maven.org/maven2/com/fasterxml/jackson/jackson-parent/2.8/jackson-parent-2.8.pom
[INFO] Downloaded: http://insecure.repo1.maven.org/maven2/com/fasterxml/jackson/jackson-parent/2.8/jackson-parent-2.8.pom (8 KB at 338.5 KB/sec)
[INFO] Downloading: https://repo.osgeo.org/repository/release/com/fasterxml/oss-parent/27/oss-parent-27.pom
[INFO] Downloading: http://insecure.repo1.maven.org/maven2/com/fasterxml/oss-parent/27/oss-parent-27.pom
[INFO] Downloaded: http://insecure.repo1.maven.org/maven2/com/fasterxml/oss-parent/27/oss-parent-27.pom (20 KB at 767.1 KB/sec)
[INFO] Downloading: https://repo.osgeo.org/repository/release/org/json/json/20160810/json-20160810.pom
[INFO] Downloading: http://insecure.repo1.maven.org/maven2/org/json/json/20160810/json-20160810.pom
[INFO] Downloaded: http://insecure.repo1.maven.org/maven2/org/json/json/20160810/json-20160810.pom (6 KB at 251.7 KB/sec)
[INFO] Downloading: https://repo.osgeo.org/repository/release/com/vividsolutions/jts/1.13/jts-1.13.pom
[INFO] Downloading: http://insecure.repo1.maven.org/maven2/com/vividsolutions/jts/1.13/jts-1.13.pom
[INFO] Downloaded: http://insecure.repo1.maven.org/maven2/com/vividsolutions/jts/1.13/jts-1.13.pom (3 KB at 105.5 KB/sec)
[INFO] Downloading: https://repo.osgeo.org/repository/release/com/carrotsearch/hppc/0.7.2/hppc-0.7.2.jar
[INFO] Downloading: https://repo.osgeo.org/repository/release/org/slf4j/slf4j-api/1.7.21/slf4j-api-1.7.21.jar
[INFO] Downloading: https://repo.osgeo.org/repository/release/org/slf4j/slf4j-log4j12/1.7.21/slf4j-log4j12-1.7.21.jar
[INFO] Downloading: https://repo.osgeo.org/repository/release/log4j/log4j/1.2.17/log4j-1.2.17.jar
[INFO] Downloading: https://repo.osgeo.org/repository/release/org/apache/xmlgraphics/xmlgraphics-commons/2.1/xmlgraphics-commons-2.1.jar
[INFO] Downloading: https://repo.osgeo.org/repository/release/commons-io/commons-io/1.3.1/commons-io-1.3.1.jar
[INFO] Downloading: https://repo.osgeo.org/repository/release/commons-logging/commons-logging/1.0.4/commons-logging-1.0.4.jar
[INFO] Downloading: https://repo.osgeo.org/repository/release/com/fasterxml/jackson/core/jackson-annotations/2.8.4/jackson-annotations-2.8.4.jar
[INFO] Downloading: https://repo.osgeo.org/repository/release/org/json/json/20160810/json-20160810.jar
[INFO] Downloading: https://repo.osgeo.org/repository/release/com/vividsolutions/jts/1.13/jts-1.13.jar
[INFO] Downloaded: https://repo.osgeo.org/repository/release/commons-logging/commons-logging/1.0.4/commons-logging-1.0.4.jar (38 KB at 121.3 KB/sec)
[INFO] Downloading: http://insecure.repo1.maven.org/maven2/com/carrotsearch/hppc/0.7.2/hppc-0.7.2.jar
[INFO] Downloading: http://insecure.repo1.maven.org/maven2/org/slf4j/slf4j-api/1.7.21/slf4j-api-1.7.21.jar
[INFO] Downloading: http://insecure.repo1.maven.org/maven2/org/slf4j/slf4j-log4j12/1.7.21/slf4j-log4j12-1.7.21.jar
[INFO] Downloading: http://insecure.repo1.maven.org/maven2/log4j/log4j/1.2.17/log4j-1.2.17.jar
[INFO] Downloading: http://insecure.repo1.maven.org/maven2/org/apache/xmlgraphics/xmlgraphics-commons/2.1/xmlgraphics-commons-2.1.jar
[INFO] Downloaded: http://insecure.repo1.maven.org/maven2/org/slf4j/slf4j-log4j12/1.7.21/slf4j-log4j12-1.7.21.jar (10 KB at 171.1 KB/sec)
[INFO] Downloading: http://insecure.repo1.maven.org/maven2/commons-io/commons-io/1.3.1/commons-io-1.3.1.jar
[INFO] Downloaded: http://insecure.repo1.maven.org/maven2/org/slf4j/slf4j-api/1.7.21/slf4j-api-1.7.21.jar (41 KB at 378.4 KB/sec)
[INFO] Downloading: http://insecure.repo1.maven.org/maven2/com/fasterxml/jackson/core/jackson-annotations/2.8.4/jackson-annotations-2.8.4.jar
[INFO] Downloaded: http://insecure.repo1.maven.org/maven2/com/carrotsearch/hppc/0.7.2/hppc-0.7.2.jar (1632 KB at 13267.6 KB/sec)
[INFO] Downloading: http://insecure.repo1.maven.org/maven2/org/json/json/20160810/json-20160810.jar
[INFO] Downloaded: http://insecure.repo1.maven.org/maven2/org/json/json/20160810/json-20160810.jar (54 KB at 388.5 KB/sec)
[INFO] Downloading: http://insecure.repo1.maven.org/maven2/com/vividsolutions/jts/1.13/jts-1.13.jar
[INFO] Downloaded: http://insecure.repo1.maven.org/maven2/com/vividsolutions/jts/1.13/jts-1.13.jar (777 KB at 4022.6 KB/sec)
[INFO] Downloaded: http://insecure.repo1.maven.org/maven2/commons-io/commons-io/1.3.1/commons-io-1.3.1.jar (82 KB at 378.0 KB/sec)
[INFO] Downloaded: http://insecure.repo1.maven.org/maven2/com/fasterxml/jackson/core/jackson-annotations/2.8.4/jackson-annotations-2.8.4.jar (55 KB at 224.2 KB/sec)
[INFO] Downloaded: http://insecure.repo1.maven.org/maven2/log4j/log4j/1.2.17/log4j-1.2.17.jar (479 KB at 539.3 KB/sec)
[INFO] Downloaded: http://insecure.repo1.maven.org/maven2/org/apache/xmlgraphics/xmlgraphics-commons/2.1/xmlgraphics-commons-2.1.jar (630 KB at 355.5 KB/sec)
[INFO] 
[INFO] --- maven-clean-plugin:2.5:clean (default-clean) @ graphhopper-core ---
[INFO] 
[INFO] --- maven-resources-plugin:2.6:resources (default-resources) @ graphhopper-core ---
[INFO] Downloading: https://repo.maven.apache.org/maven2/org/apache/maven/maven-project/2.0.6/maven-project-2.0.6.pom
[INFO] Downloaded: https://repo.maven.apache.org/maven2/org/apache/maven/maven-project/2.0.6/maven-project-2.0.6.pom (3 KB at 151.5 KB/sec)
[INFO] Downloading: https://repo.maven.apache.org/maven2/org/apache/maven/maven-settings/2.0.6/maven-settings-2.0.6.pom
[INFO] Downloaded: https://repo.maven.apache.org/maven2/org/apache/maven/maven-settings/2.0.6/maven-settings-2.0.6.pom (2 KB at 130.3 KB/sec)
[INFO] Downloading: https://repo.maven.apache.org/maven2/org/apache/maven/maven-model/2.0.6/maven-model-2.0.6.pom
[INFO] Downloaded: https://repo.maven.apache.org/maven2/org/apache/maven/maven-model/2.0.6/maven-model-2.0.6.pom (3 KB at 198.4 KB/sec)
[INFO] Downloading: https://repo.maven.apache.org/maven2/org/codehaus/plexus/plexus-utils/1.4.1/plexus-utils-1.4.1.pom
[INFO] Downloaded: https://repo.maven.apache.org/maven2/org/codehaus/plexus/plexus-utils/1.4.1/plexus-utils-1.4.1.pom (2 KB at 109.7 KB/sec)
[INFO] Downloading: https://repo.maven.apache.org/maven2/junit/junit/3.8.1/junit-3.8.1.pom
[INFO] Downloaded: https://repo.maven.apache.org/maven2/junit/junit/3.8.1/junit-3.8.1.pom (998 B at 65.0 KB/sec)
[INFO] Downloading: https://repo.maven.apache.org/maven2/org/apache/maven/maven-profile/2.0.6/maven-profile-2.0.6.pom
[INFO] Downloaded: https://repo.maven.apache.org/maven2/org/apache/maven/maven-profile/2.0.6/maven-profile-2.0.6.pom (2 KB at 113.7 KB/sec)
[INFO] Downloading: https://repo.maven.apache.org/maven2/org/apache/maven/maven-artifact-manager/2.0.6/maven-artifact-manager-2.0.6.pom
[INFO] Downloaded: https://repo.maven.apache.org/maven2/org/apache/maven/maven-artifact-manager/2.0.6/maven-artifact-manager-2.0.6.pom (3 KB at 160.0 KB/sec)
[INFO] Downloading: https://repo.maven.apache.org/maven2/org/apache/maven/maven-repository-metadata/2.0.6/maven-repository-metadata-2.0.6.pom
[INFO] Downloaded: https://repo.maven.apache.org/maven2/org/apache/maven/maven-repository-metadata/2.0.6/maven-repository-metadata-2.0.6.pom (2 KB at 100.4 KB/sec)
[INFO] Downloading: https://repo.maven.apache.org/maven2/org/apache/maven/maven-artifact/2.0.6/maven-artifact-2.0.6.pom
[INFO] Downloaded: https://repo.maven.apache.org/maven2/org/apache/maven/maven-artifact/2.0.6/maven-artifact-2.0.6.pom (2 KB at 90.6 KB/sec)
[INFO] Downloading: https://repo.maven.apache.org/maven2/org/apache/maven/maven-plugin-registry/2.0.6/maven-plugin-registry-2.0.6.pom
[INFO] Downloaded: https://repo.maven.apache.org/maven2/org/apache/maven/maven-plugin-registry/2.0.6/maven-plugin-registry-2.0.6.pom (2 KB at 100.0 KB/sec)
[INFO] Downloading: https://repo.maven.apache.org/maven2/org/apache/maven/maven-core/2.0.6/maven-core-2.0.6.pom
[INFO] Downloaded: https://repo.maven.apache.org/maven2/org/apache/maven/maven-core/2.0.6/maven-core-2.0.6.pom (7 KB at 312.1 KB/sec)
[INFO] Downloading: https://repo.maven.apache.org/maven2/org/apache/maven/maven-plugin-parameter-documenter/2.0.6/maven-plugin-parameter-documenter-2.0.6.pom
[INFO] Downloaded: https://repo.maven.apache.org/maven2/org/apache/maven/maven-plugin-parameter-documenter/2.0.6/maven-plugin-parameter-documenter-2.0.6.pom (2 KB at 124.4 KB/sec)
[INFO] Downloading: https://repo.maven.apache.org/maven2/org/apache/maven/reporting/maven-reporting-api/2.0.6/maven-reporting-api-2.0.6.pom
[INFO] Downloaded: https://repo.maven.apache.org/maven2/org/apache/maven/reporting/maven-reporting-api/2.0.6/maven-reporting-api-2.0.6.pom (2 KB at 106.9 KB/sec)
[INFO] Downloading: https://repo.maven.apache.org/maven2/org/apache/maven/reporting/maven-reporting/2.0.6/maven-reporting-2.0.6.pom
[INFO] Downloaded: https://repo.maven.apache.org/maven2/org/apache/maven/reporting/maven-reporting/2.0.6/maven-reporting-2.0.6.pom (2 KB at 87.8 KB/sec)
[INFO] Downloading: https://repo.maven.apache.org/maven2/org/apache/maven/doxia/doxia-sink-api/1.0-alpha-7/doxia-sink-api-1.0-alpha-7.pom
[INFO] Downloaded: https://repo.maven.apache.org/maven2/org/apache/maven/doxia/doxia-sink-api/1.0-alpha-7/doxia-sink-api-1.0-alpha-7.pom (424 B at 24.4 KB/sec)
[INFO] Downloading: https://repo.maven.apache.org/maven2/org/apache/maven/doxia/doxia/1.0-alpha-7/doxia-1.0-alpha-7.pom
[INFO] Downloaded: https://repo.maven.apache.org/maven2/org/apache/maven/doxia/doxia/1.0-alpha-7/doxia-1.0-alpha-7.pom (4 KB at 182.0 KB/sec)
[INFO] Downloading: https://repo.maven.apache.org/maven2/org/apache/maven/maven-error-diagnostics/2.0.6/maven-error-diagnostics-2.0.6.pom
[INFO] Downloaded: https://repo.maven.apache.org/maven2/org/apache/maven/maven-error-diagnostics/2.0.6/maven-error-diagnostics-2.0.6.pom (2 KB at 110.9 KB/sec)
[INFO] Downloading: https://repo.maven.apache.org/maven2/commons-cli/commons-cli/1.0/commons-cli-1.0.pom
[INFO] Downloaded: https://repo.maven.apache.org/maven2/commons-cli/commons-cli/1.0/commons-cli-1.0.pom (3 KB at 102.8 KB/sec)
[INFO] Downloading: https://repo.maven.apache.org/maven2/org/apache/maven/maven-plugin-descriptor/2.0.6/maven-plugin-descriptor-2.0.6.pom
[INFO] Downloaded: https://repo.maven.apache.org/maven2/org/apache/maven/maven-plugin-descriptor/2.0.6/maven-plugin-descriptor-2.0.6.pom (2 KB at 109.5 KB/sec)
[INFO] Downloading: https://repo.maven.apache.org/maven2/org/codehaus/plexus/plexus-interactivity-api/1.0-alpha-4/plexus-interactivity-api-1.0-alpha-4.pom
[INFO] Downloaded: https://repo.maven.apache.org/maven2/org/codehaus/plexus/plexus-interactivity-api/1.0-alpha-4/plexus-interactivity-api-1.0-alpha-4.pom (7 KB at 364.5 KB/sec)
[INFO] Downloading: https://repo.maven.apache.org/maven2/org/apache/maven/maven-monitor/2.0.6/maven-monitor-2.0.6.pom
[INFO] Downloaded: https://repo.maven.apache.org/maven2/org/apache/maven/maven-monitor/2.0.6/maven-monitor-2.0.6.pom (2 KB at 81.6 KB/sec)
[INFO] Downloading: https://repo.maven.apache.org/maven2/org/codehaus/plexus/plexus-utils/2.0.5/plexus-utils-2.0.5.pom
[INFO] Downloaded: https://repo.maven.apache.org/maven2/org/codehaus/plexus/plexus-utils/2.0.5/plexus-utils-2.0.5.pom (4 KB at 191.5 KB/sec)
[INFO] Downloading: https://repo.maven.apache.org/maven2/org/codehaus/plexus/plexus/2.0.6/plexus-2.0.6.pom
[INFO] Downloaded: https://repo.maven.apache.org/maven2/org/codehaus/plexus/plexus/2.0.6/plexus-2.0.6.pom (17 KB at 545.7 KB/sec)
[INFO] Downloading: https://repo.maven.apache.org/maven2/org/apache/maven/shared/maven-filtering/1.1/maven-filtering-1.1.pom
[INFO] Downloaded: https://repo.maven.apache.org/maven2/org/apache/maven/shared/maven-filtering/1.1/maven-filtering-1.1.pom (6 KB at 297.5 KB/sec)
[INFO] Downloading: https://repo.maven.apache.org/maven2/org/apache/maven/shared/maven-shared-components/17/maven-shared-components-17.pom
[INFO] Downloaded: https://repo.maven.apache.org/maven2/org/apache/maven/shared/maven-shared-components/17/maven-shared-components-17.pom (9 KB at 424.9 KB/sec)
[INFO] Downloading: https://repo.maven.apache.org/maven2/org/codehaus/plexus/plexus-interpolation/1.12/plexus-interpolation-1.12.pom
[INFO] Downloaded: https://repo.maven.apache.org/maven2/org/codehaus/plexus/plexus-interpolation/1.12/plexus-interpolation-1.12.pom (889 B at 62.0 KB/sec)
[INFO] Downloading: https://repo.maven.apache.org/maven2/org/sonatype/plexus/plexus-build-api/0.0.4/plexus-build-api-0.0.4.pom
[INFO] Downloaded: https://repo.maven.apache.org/maven2/org/sonatype/plexus/plexus-build-api/0.0.4/plexus-build-api-0.0.4.pom (3 KB at 147.2 KB/sec)
[INFO] Downloading: https://repo.maven.apache.org/maven2/org/sonatype/spice/spice-parent/10/spice-parent-10.pom
[INFO] Downloaded: https://repo.maven.apache.org/maven2/org/sonatype/spice/spice-parent/10/spice-parent-10.pom (3 KB at 210.3 KB/sec)
[INFO] Downloading: https://repo.maven.apache.org/maven2/org/sonatype/forge/forge-parent/3/forge-parent-3.pom
[INFO] Downloaded: https://repo.maven.apache.org/maven2/org/sonatype/forge/forge-parent/3/forge-parent-3.pom (5 KB at 273.1 KB/sec)
[INFO] Downloading: https://repo.maven.apache.org/maven2/org/codehaus/plexus/plexus-utils/1.5.8/plexus-utils-1.5.8.pom
[INFO] Downloaded: https://repo.maven.apache.org/maven2/org/codehaus/plexus/plexus-utils/1.5.8/plexus-utils-1.5.8.pom (8 KB at 393.7 KB/sec)
[INFO] Downloading: https://repo.maven.apache.org/maven2/org/codehaus/plexus/plexus-interpolation/1.13/plexus-interpolation-1.13.pom
[INFO] Downloaded: https://repo.maven.apache.org/maven2/org/codehaus/plexus/plexus-interpolation/1.13/plexus-interpolation-1.13.pom (890 B at 48.3 KB/sec)
[INFO] Downloading: https://repo.maven.apache.org/maven2/org/codehaus/plexus/plexus-components/1.1.15/plexus-components-1.1.15.pom
[INFO] Downloaded: https://repo.maven.apache.org/maven2/org/codehaus/plexus/plexus-components/1.1.15/plexus-components-1.1.15.pom (3 KB at 79.5 KB/sec)
[INFO] Downloading: https://repo.maven.apache.org/maven2/org/codehaus/plexus/plexus/2.0.3/plexus-2.0.3.pom
[INFO] Downloaded: https://repo.maven.apache.org/maven2/org/codehaus/plexus/plexus/2.0.3/plexus-2.0.3.pom (16 KB at 838.8 KB/sec)
[INFO] Downloading: https://repo.maven.apache.org/maven2/org/apache/maven/maven-project/2.0.6/maven-project-2.0.6.jar
[INFO] Downloading: https://repo.maven.apache.org/maven2/org/apache/maven/maven-profile/2.0.6/maven-profile-2.0.6.jar
[INFO] Downloading: https://repo.maven.apache.org/maven2/org/apache/maven/maven-artifact-manager/2.0.6/maven-artifact-manager-2.0.6.jar
[INFO] Downloading: https://repo.maven.apache.org/maven2/org/apache/maven/maven-plugin-registry/2.0.6/maven-plugin-registry-2.0.6.jar
[INFO] Downloading: https://repo.maven.apache.org/maven2/org/apache/maven/maven-core/2.0.6/maven-core-2.0.6.jar
[INFO] Downloaded: https://repo.maven.apache.org/maven2/org/apache/maven/maven-profile/2.0.6/maven-profile-2.0.6.jar (35 KB at 1042.9 KB/sec)
[INFO] Downloading: https://repo.maven.apache.org/maven2/org/apache/maven/maven-plugin-parameter-documenter/2.0.6/maven-plugin-parameter-documenter-2.0.6.jar
[INFO] Downloaded: https://repo.maven.apache.org/maven2/org/apache/maven/maven-plugin-registry/2.0.6/maven-plugin-registry-2.0.6.jar (29 KB at 614.0 KB/sec)
[INFO] Downloading: https://repo.maven.apache.org/maven2/org/apache/maven/reporting/maven-reporting-api/2.0.6/maven-reporting-api-2.0.6.jar
[INFO] Downloaded: https://repo.maven.apache.org/maven2/org/apache/maven/maven-plugin-parameter-documenter/2.0.6/maven-plugin-parameter-documenter-2.0.6.jar (21 KB at 362.0 KB/sec)
[INFO] Downloading: https://repo.maven.apache.org/maven2/org/apache/maven/doxia/doxia-sink-api/1.0-alpha-7/doxia-sink-api-1.0-alpha-7.jar
[INFO] Downloaded: https://repo.maven.apache.org/maven2/org/apache/maven/maven-project/2.0.6/maven-project-2.0.6.jar (114 KB at 1956.2 KB/sec)
[INFO] Downloading: https://repo.maven.apache.org/maven2/org/apache/maven/maven-repository-metadata/2.0.6/maven-repository-metadata-2.0.6.jar
[INFO] Downloaded: https://repo.maven.apache.org/maven2/org/apache/maven/maven-artifact-manager/2.0.6/maven-artifact-manager-2.0.6.jar (56 KB at 935.3 KB/sec)
[INFO] Downloading: https://repo.maven.apache.org/maven2/org/apache/maven/maven-error-diagnostics/2.0.6/maven-error-diagnostics-2.0.6.jar
[INFO] Downloaded: https://repo.maven.apache.org/maven2/org/apache/maven/maven-core/2.0.6/maven-core-2.0.6.jar (149 KB at 2115.2 KB/sec)
[INFO] Downloading: https://repo.maven.apache.org/maven2/commons-cli/commons-cli/1.0/commons-cli-1.0.jar
[INFO] Downloaded: https://repo.maven.apache.org/maven2/org/apache/maven/reporting/maven-reporting-api/2.0.6/maven-reporting-api-2.0.6.jar (10 KB at 133.0 KB/sec)
[INFO] Downloading: https://repo.maven.apache.org/maven2/org/apache/maven/maven-plugin-descriptor/2.0.6/maven-plugin-descriptor-2.0.6.jar
[INFO] Downloaded: https://repo.maven.apache.org/maven2/org/apache/maven/doxia/doxia-sink-api/1.0-alpha-7/doxia-sink-api-1.0-alpha-7.jar (6 KB at 78.3 KB/sec)
[INFO] Downloading: https://repo.maven.apache.org/maven2/org/codehaus/plexus/plexus-interactivity-api/1.0-alpha-4/plexus-interactivity-api-1.0-alpha-4.jar
[INFO] Downloaded: https://repo.maven.apache.org/maven2/org/apache/maven/maven-error-diagnostics/2.0.6/maven-error-diagnostics-2.0.6.jar (14 KB at 147.7 KB/sec)
[INFO] Downloaded: https://repo.maven.apache.org/maven2/org/apache/maven/maven-repository-metadata/2.0.6/maven-repository-metadata-2.0.6.jar (24 KB at 265.6 KB/sec)
[INFO] Downloading: https://repo.maven.apache.org/maven2/org/apache/maven/maven-artifact/2.0.6/maven-artifact-2.0.6.jar
[INFO] Downloading: https://repo.maven.apache.org/maven2/org/apache/maven/maven-settings/2.0.6/maven-settings-2.0.6.jar
[INFO] Downloaded: https://repo.maven.apache.org/maven2/org/codehaus/plexus/plexus-interactivity-api/1.0-alpha-4/plexus-interactivity-api-1.0-alpha-4.jar (14 KB at 139.3 KB/sec)
[INFO] Downloading: https://repo.maven.apache.org/maven2/org/apache/maven/maven-model/2.0.6/maven-model-2.0.6.jar
[INFO] Downloaded: https://repo.maven.apache.org/maven2/commons-cli/commons-cli/1.0/commons-cli-1.0.jar (30 KB at 288.3 KB/sec)
[INFO] Downloading: https://repo.maven.apache.org/maven2/org/apache/maven/maven-monitor/2.0.6/maven-monitor-2.0.6.jar
[INFO] Downloaded: https://repo.maven.apache.org/maven2/org/apache/maven/maven-plugin-descriptor/2.0.6/maven-plugin-descriptor-2.0.6.jar (37 KB at 313.1 KB/sec)
[INFO] Downloading: https://repo.maven.apache.org/maven2/junit/junit/3.8.1/junit-3.8.1.jar
[INFO] Downloaded: https://repo.maven.apache.org/maven2/org/apache/maven/maven-monitor/2.0.6/maven-monitor-2.0.6.jar (11 KB at 84.1 KB/sec)
[INFO] Downloading: https://repo.maven.apache.org/maven2/org/codehaus/plexus/plexus-utils/2.0.5/plexus-utils-2.0.5.jar
[INFO] Downloaded: https://repo.maven.apache.org/maven2/org/apache/maven/maven-settings/2.0.6/maven-settings-2.0.6.jar (48 KB at 363.3 KB/sec)
[INFO] Downloading: https://repo.maven.apache.org/maven2/org/apache/maven/shared/maven-filtering/1.1/maven-filtering-1.1.jar
[INFO] Downloaded: https://repo.maven.apache.org/maven2/org/apache/maven/maven-artifact/2.0.6/maven-artifact-2.0.6.jar (86 KB at 636.7 KB/sec)
[INFO] Downloading: https://repo.maven.apache.org/maven2/org/sonatype/plexus/plexus-build-api/0.0.4/plexus-build-api-0.0.4.jar
[INFO] Downloaded: https://repo.maven.apache.org/maven2/org/apache/maven/maven-model/2.0.6/maven-model-2.0.6.jar (85 KB at 585.9 KB/sec)
[INFO] Downloading: https://repo.maven.apache.org/maven2/org/codehaus/plexus/plexus-interpolation/1.13/plexus-interpolation-1.13.jar
[INFO] Downloaded: https://repo.maven.apache.org/maven2/org/sonatype/plexus/plexus-build-api/0.0.4/plexus-build-api-0.0.4.jar (7 KB at 44.0 KB/sec)
[INFO] Downloaded: https://repo.maven.apache.org/maven2/org/apache/maven/shared/maven-filtering/1.1/maven-filtering-1.1.jar (43 KB at 243.3 KB/sec)
[INFO] Downloaded: https://repo.maven.apache.org/maven2/junit/junit/3.8.1/junit-3.8.1.jar (119 KB at 668.0 KB/sec)
[INFO] Downloaded: https://repo.maven.apache.org/maven2/org/codehaus/plexus/plexus-interpolation/1.13/plexus-interpolation-1.13.jar (60 KB at 322.3 KB/sec)
[INFO] Downloaded: https://repo.maven.apache.org/maven2/org/codehaus/plexus/plexus-utils/2.0.5/plexus-utils-2.0.5.jar (218 KB at 927.4 KB/sec)
[INFO] Using 'UTF-8' encoding to copy filtered resources.
[INFO] Copying 2 resources
[INFO] Copying 46 resources
[INFO] 
[INFO] --- maven-compiler-plugin:3.5.1:compile (default-compile) @ graphhopper-core ---
[INFO] Downloading: https://repo.maven.apache.org/maven2/org/apache/maven/maven-plugin-api/3.0/maven-plugin-api-3.0.pom
[INFO] Downloaded: https://repo.maven.apache.org/maven2/org/apache/maven/maven-plugin-api/3.0/maven-plugin-api-3.0.pom (3 KB at 93.1 KB/sec)
[INFO] Downloading: https://repo.maven.apache.org/maven2/org/apache/maven/maven/3.0/maven-3.0.pom
[INFO] Downloaded: https://repo.maven.apache.org/maven2/org/apache/maven/maven/3.0/maven-3.0.pom (22 KB at 822.0 KB/sec)
[INFO] Downloading: https://repo.maven.apache.org/maven2/org/apache/maven/maven-parent/15/maven-parent-15.pom
[INFO] Downloaded: https://repo.maven.apache.org/maven2/org/apache/maven/maven-parent/15/maven-parent-15.pom (24 KB at 901.6 KB/sec)
[INFO] Downloading: https://repo.maven.apache.org/maven2/org/apache/apache/6/apache-6.pom
[INFO] Downloaded: https://repo.maven.apache.org/maven2/org/apache/apache/6/apache-6.pom (13 KB at 520.7 KB/sec)
[INFO] Downloading: https://repo.maven.apache.org/maven2/org/apache/maven/maven-model/3.0/maven-model-3.0.pom
[INFO] Downloaded: https://repo.maven.apache.org/maven2/org/apache/maven/maven-model/3.0/maven-model-3.0.pom (4 KB at 237.5 KB/sec)
[INFO] Downloading: https://repo.maven.apache.org/maven2/org/codehaus/plexus/plexus-utils/2.0.4/plexus-utils-2.0.4.pom
[INFO] Downloaded: https://repo.maven.apache.org/maven2/org/codehaus/plexus/plexus-utils/2.0.4/plexus-utils-2.0.4.pom (4 KB at 203.5 KB/sec)
[INFO] Downloading: https://repo.maven.apache.org/maven2/org/apache/maven/maven-artifact/3.0/maven-artifact-3.0.pom
[INFO] Downloaded: https://repo.maven.apache.org/maven2/org/apache/maven/maven-artifact/3.0/maven-artifact-3.0.pom (2 KB at 144.8 KB/sec)
[INFO] Downloading: https://repo.maven.apache.org/maven2/org/sonatype/sisu/sisu-inject-plexus/1.4.2/sisu-inject-plexus-1.4.2.pom
[INFO] Downloaded: https://repo.maven.apache.org/maven2/org/sonatype/sisu/sisu-inject-plexus/1.4.2/sisu-inject-plexus-1.4.2.pom (6 KB at 276.0 KB/sec)
[INFO] Downloading: https://repo.maven.apache.org/maven2/org/sonatype/sisu/inject/guice-plexus/1.4.2/guice-plexus-1.4.2.pom
[INFO] Downloaded: https://repo.maven.apache.org/maven2/org/sonatype/sisu/inject/guice-plexus/1.4.2/guice-plexus-1.4.2.pom (4 KB at 190.9 KB/sec)
[INFO] Downloading: https://repo.maven.apache.org/maven2/org/sonatype/sisu/inject/guice-bean/1.4.2/guice-bean-1.4.2.pom
[INFO] Downloaded: https://repo.maven.apache.org/maven2/org/sonatype/sisu/inject/guice-bean/1.4.2/guice-bean-1.4.2.pom (3 KB at 70.7 KB/sec)
[INFO] Downloading: https://repo.maven.apache.org/maven2/org/sonatype/sisu/sisu-inject/1.4.2/sisu-inject-1.4.2.pom
[INFO] Downloaded: https://repo.maven.apache.org/maven2/org/sonatype/sisu/sisu-inject/1.4.2/sisu-inject-1.4.2.pom (2 KB at 81.3 KB/sec)
[INFO] Downloading: https://repo.maven.apache.org/maven2/org/sonatype/sisu/sisu-parent/1.4.2/sisu-parent-1.4.2.pom
[INFO] Downloaded: https://repo.maven.apache.org/maven2/org/sonatype/sisu/sisu-parent/1.4.2/sisu-parent-1.4.2.pom (8 KB at 421.9 KB/sec)
[INFO] Downloading: https://repo.maven.apache.org/maven2/org/sonatype/forge/forge-parent/6/forge-parent-6.pom
[INFO] Downloaded: https://repo.maven.apache.org/maven2/org/sonatype/forge/forge-parent/6/forge-parent-6.pom (11 KB at 500.1 KB/sec)
[INFO] Downloading: https://repo.maven.apache.org/maven2/org/codehaus/plexus/plexus-component-annotations/1.5.5/plexus-component-annotations-1.5.5.pom
[INFO] Downloaded: https://repo.maven.apache.org/maven2/org/codehaus/plexus/plexus-component-annotations/1.5.5/plexus-component-annotations-1.5.5.pom (815 B at 53.1 KB/sec)
[INFO] Downloading: https://repo.maven.apache.org/maven2/org/codehaus/plexus/plexus-containers/1.5.5/plexus-containers-1.5.5.pom
[INFO] Downloaded: https://repo.maven.apache.org/maven2/org/codehaus/plexus/plexus-containers/1.5.5/plexus-containers-1.5.5.pom (5 KB at 258.8 KB/sec)
[INFO] Downloading: https://repo.maven.apache.org/maven2/org/codehaus/plexus/plexus/2.0.7/plexus-2.0.7.pom
[INFO] Downloaded: https://repo.maven.apache.org/maven2/org/codehaus/plexus/plexus/2.0.7/plexus-2.0.7.pom (17 KB at 767.7 KB/sec)
[INFO] Downloading: https://repo.maven.apache.org/maven2/org/codehaus/plexus/plexus-classworlds/2.2.3/plexus-classworlds-2.2.3.pom
[INFO] Downloaded: https://repo.maven.apache.org/maven2/org/codehaus/plexus/plexus-classworlds/2.2.3/plexus-classworlds-2.2.3.pom (4 KB at 244.0 KB/sec)
[INFO] Downloading: https://repo.maven.apache.org/maven2/org/sonatype/sisu/sisu-inject-bean/1.4.2/sisu-inject-bean-1.4.2.pom
[INFO] Downloaded: https://repo.maven.apache.org/maven2/org/sonatype/sisu/sisu-inject-bean/1.4.2/sisu-inject-bean-1.4.2.pom (6 KB at 333.1 KB/sec)
[INFO] Downloading: https://repo.maven.apache.org/maven2/org/sonatype/sisu/sisu-guice/2.1.7/sisu-guice-2.1.7.pom
[INFO] Downloaded: https://repo.maven.apache.org/maven2/org/sonatype/sisu/sisu-guice/2.1.7/sisu-guice-2.1.7.pom (11 KB at 600.1 KB/sec)
[INFO] Downloading: https://repo.maven.apache.org/maven2/org/apache/maven/maven-core/3.0/maven-core-3.0.pom
[INFO] Downloaded: https://repo.maven.apache.org/maven2/org/apache/maven/maven-core/3.0/maven-core-3.0.pom (7 KB at 404.6 KB/sec)
[INFO] Downloading: https://repo.maven.apache.org/maven2/org/apache/maven/maven-settings/3.0/maven-settings-3.0.pom
[INFO] Downloaded: https://repo.maven.apache.org/maven2/org/apache/maven/maven-settings/3.0/maven-settings-3.0.pom (2 KB at 91.8 KB/sec)
[INFO] Downloading: https://repo.maven.apache.org/maven2/org/apache/maven/maven-settings-builder/3.0/maven-settings-builder-3.0.pom
[INFO] Downloaded: https://repo.maven.apache.org/maven2/org/apache/maven/maven-settings-builder/3.0/maven-settings-builder-3.0.pom (3 KB at 144.5 KB/sec)
[INFO] Downloading: https://repo.maven.apache.org/maven2/org/codehaus/plexus/plexus-interpolation/1.14/plexus-interpolation-1.14.pom
[INFO] Downloaded: https://repo.maven.apache.org/maven2/org/codehaus/plexus/plexus-interpolation/1.14/plexus-interpolation-1.14.pom (910 B at 59.2 KB/sec)
[INFO] Downloading: https://repo.maven.apache.org/maven2/org/codehaus/plexus/plexus-components/1.1.18/plexus-components-1.1.18.pom
[INFO] Downloaded: https://repo.maven.apache.org/maven2/org/codehaus/plexus/plexus-components/1.1.18/plexus-components-1.1.18.pom (6 KB at 290.5 KB/sec)
[INFO] Downloading: https://repo.maven.apache.org/maven2/org/apache/maven/maven-repository-metadata/3.0/maven-repository-metadata-3.0.pom
[INFO] Downloaded: https://repo.maven.apache.org/maven2/org/apache/maven/maven-repository-metadata/3.0/maven-repository-metadata-3.0.pom (2 KB at 110.8 KB/sec)
[INFO] Downloading: https://repo.maven.apache.org/maven2/org/apache/maven/maven-model-builder/3.0/maven-model-builder-3.0.pom
[INFO] Downloaded: https://repo.maven.apache.org/maven2/org/apache/maven/maven-model-builder/3.0/maven-model-builder-3.0.pom (3 KB at 137.1 KB/sec)
[INFO] Downloading: https://repo.maven.apache.org/maven2/org/apache/maven/maven-aether-provider/3.0/maven-aether-provider-3.0.pom
[INFO] Downloaded: https://repo.maven.apache.org/maven2/org/apache/maven/maven-aether-provider/3.0/maven-aether-provider-3.0.pom (3 KB at 150.8 KB/sec)
[INFO] Downloading: https://repo.maven.apache.org/maven2/org/sonatype/aether/aether-api/1.7/aether-api-1.7.pom
[INFO] Downloaded: https://repo.maven.apache.org/maven2/org/sonatype/aether/aether-api/1.7/aether-api-1.7.pom (2 KB at 96.1 KB/sec)
[INFO] Downloading: https://repo.maven.apache.org/maven2/org/sonatype/aether/aether-parent/1.7/aether-parent-1.7.pom
[INFO] Downloaded: https://repo.maven.apache.org/maven2/org/sonatype/aether/aether-parent/1.7/aether-parent-1.7.pom (8 KB at 397.0 KB/sec)
[INFO] Downloading: https://repo.maven.apache.org/maven2/org/sonatype/aether/aether-util/1.7/aether-util-1.7.pom
[INFO] Downloaded: https://repo.maven.apache.org/maven2/org/sonatype/aether/aether-util/1.7/aether-util-1.7.pom (3 KB at 111.9 KB/sec)
[INFO] Downloading: https://repo.maven.apache.org/maven2/org/sonatype/aether/aether-impl/1.7/aether-impl-1.7.pom
[INFO] Downloaded: https://repo.maven.apache.org/maven2/org/sonatype/aether/aether-impl/1.7/aether-impl-1.7.pom (4 KB at 128.8 KB/sec)
[INFO] Downloading: https://repo.maven.apache.org/maven2/org/sonatype/aether/aether-spi/1.7/aether-spi-1.7.pom
[INFO] Downloaded: https://repo.maven.apache.org/maven2/org/sonatype/aether/aether-spi/1.7/aether-spi-1.7.pom (2 KB at 50.0 KB/sec)
[INFO] Downloading: https://repo.maven.apache.org/maven2/org/apache/maven/reporting/maven-reporting-api/2.2.1/maven-reporting-api-2.2.1.pom
[INFO] Downloaded: https://repo.maven.apache.org/maven2/org/apache/maven/reporting/maven-reporting-api/2.2.1/maven-reporting-api-2.2.1.pom (2 KB at 120.6 KB/sec)
[INFO] Downloading: https://repo.maven.apache.org/maven2/org/apache/maven/reporting/maven-reporting/2.2.1/maven-reporting-2.2.1.pom
[INFO] Downloaded: https://repo.maven.apache.org/maven2/org/apache/maven/reporting/maven-reporting/2.2.1/maven-reporting-2.2.1.pom (2 KB at 78.3 KB/sec)
[INFO] Downloading: https://repo.maven.apache.org/maven2/org/apache/maven/doxia/doxia-sink-api/1.1/doxia-sink-api-1.1.pom
[INFO] Downloaded: https://repo.maven.apache.org/maven2/org/apache/maven/doxia/doxia-sink-api/1.1/doxia-sink-api-1.1.pom (2 KB at 132.7 KB/sec)
[INFO] Downloading: https://repo.maven.apache.org/maven2/org/apache/maven/doxia/doxia/1.1/doxia-1.1.pom
[INFO] Downloaded: https://repo.maven.apache.org/maven2/org/apache/maven/doxia/doxia/1.1/doxia-1.1.pom (15 KB at 673.7 KB/sec)
[INFO] Downloading: https://repo.maven.apache.org/maven2/org/apache/maven/doxia/doxia-logging-api/1.1/doxia-logging-api-1.1.pom
[INFO] Downloaded: https://repo.maven.apache.org/maven2/org/apache/maven/doxia/doxia-logging-api/1.1/doxia-logging-api-1.1.pom (2 KB at 96.1 KB/sec)
[INFO] Downloading: https://repo.maven.apache.org/maven2/org/codehaus/plexus/plexus-container-default/1.0-alpha-30/plexus-container-default-1.0-alpha-30.pom
[INFO] Downloaded: https://repo.maven.apache.org/maven2/org/codehaus/plexus/plexus-container-default/1.0-alpha-30/plexus-container-default-1.0-alpha-30.pom (4 KB at 141.5 KB/sec)
[INFO] Downloading: https://repo.maven.apache.org/maven2/org/codehaus/plexus/plexus-containers/1.0-alpha-30/plexus-containers-1.0-alpha-30.pom
[INFO] Downloaded: https://repo.maven.apache.org/maven2/org/codehaus/plexus/plexus-containers/1.0-alpha-30/plexus-containers-1.0-alpha-30.pom (2 KB at 102.8 KB/sec)
[INFO] Downloading: https://repo.maven.apache.org/maven2/org/codehaus/plexus/plexus-utils/1.4.5/plexus-utils-1.4.5.pom
[INFO] Downloaded: https://repo.maven.apache.org/maven2/org/codehaus/plexus/plexus-utils/1.4.5/plexus-utils-1.4.5.pom (3 KB at 67.0 KB/sec)
[INFO] Downloading: https://repo.maven.apache.org/maven2/org/codehaus/plexus/plexus-classworlds/1.2-alpha-9/plexus-classworlds-1.2-alpha-9.pom
[INFO] Downloaded: https://repo.maven.apache.org/maven2/org/codehaus/plexus/plexus-classworlds/1.2-alpha-9/plexus-classworlds-1.2-alpha-9.pom (4 KB at 185.1 KB/sec)
[INFO] Downloading: https://repo.maven.apache.org/maven2/org/codehaus/plexus/plexus/1.0.10/plexus-1.0.10.pom
[INFO] Downloaded: https://repo.maven.apache.org/maven2/org/codehaus/plexus/plexus/1.0.10/plexus-1.0.10.pom (9 KB at 447.6 KB/sec)
[INFO] Downloading: https://repo.maven.apache.org/maven2/commons-cli/commons-cli/1.2/commons-cli-1.2.pom
[INFO] Downloaded: https://repo.maven.apache.org/maven2/commons-cli/commons-cli/1.2/commons-cli-1.2.pom (8 KB at 410.2 KB/sec)
[INFO] Downloading: https://repo.maven.apache.org/maven2/org/apache/commons/commons-parent/11/commons-parent-11.pom
[INFO] Downloaded: https://repo.maven.apache.org/maven2/org/apache/commons/commons-parent/11/commons-parent-11.pom (25 KB at 802.4 KB/sec)
[INFO] Downloading: https://repo.maven.apache.org/maven2/org/apache/apache/4/apache-4.pom
[INFO] Downloaded: https://repo.maven.apache.org/maven2/org/apache/apache/4/apache-4.pom (5 KB at 219.5 KB/sec)
[INFO] Downloading: https://repo.maven.apache.org/maven2/org/apache/maven/shared/maven-shared-utils/3.0.0/maven-shared-utils-3.0.0.pom
[INFO] Downloaded: https://repo.maven.apache.org/maven2/org/apache/maven/shared/maven-shared-utils/3.0.0/maven-shared-utils-3.0.0.pom (6 KB at 175.9 KB/sec)
[INFO] Downloading: https://repo.maven.apache.org/maven2/org/apache/maven/shared/maven-shared-components/21/maven-shared-components-21.pom
[INFO] Downloaded: https://repo.maven.apache.org/maven2/org/apache/maven/shared/maven-shared-components/21/maven-shared-components-21.pom (5 KB at 249.4 KB/sec)
[INFO] Downloading: https://repo.maven.apache.org/maven2/org/apache/maven/maven-parent/25/maven-parent-25.pom
[INFO] Downloaded: https://repo.maven.apache.org/maven2/org/apache/maven/maven-parent/25/maven-parent-25.pom (37 KB at 1075.4 KB/sec)
[INFO] Downloading: https://repo.maven.apache.org/maven2/org/apache/apache/15/apache-15.pom
[INFO] Downloaded: https://repo.maven.apache.org/maven2/org/apache/apache/15/apache-15.pom (15 KB at 646.9 KB/sec)
[INFO] Downloading: https://repo.maven.apache.org/maven2/commons-io/commons-io/2.4/commons-io-2.4.pom
[INFO] Downloaded: https://repo.maven.apache.org/maven2/commons-io/commons-io/2.4/commons-io-2.4.pom (10 KB at 551.5 KB/sec)
[INFO] Downloading: https://repo.maven.apache.org/maven2/org/apache/commons/commons-parent/25/commons-parent-25.pom
[INFO] Downloaded: https://repo.maven.apache.org/maven2/org/apache/commons/commons-parent/25/commons-parent-25.pom (48 KB at 943.4 KB/sec)
[INFO] Downloading: https://repo.maven.apache.org/maven2/com/google/code/findbugs/jsr305/2.0.1/jsr305-2.0.1.pom
[INFO] Downloaded: https://repo.maven.apache.org/maven2/com/google/code/findbugs/jsr305/2.0.1/jsr305-2.0.1.pom (965 B at 62.8 KB/sec)
[INFO] Downloading: https://repo.maven.apache.org/maven2/org/apache/maven/shared/maven-shared-incremental/1.1/maven-shared-incremental-1.1.pom
[INFO] Downloaded: https://repo.maven.apache.org/maven2/org/apache/maven/shared/maven-shared-incremental/1.1/maven-shared-incremental-1.1.pom (5 KB at 165.4 KB/sec)
[INFO] Downloading: https://repo.maven.apache.org/maven2/org/apache/maven/shared/maven-shared-components/19/maven-shared-components-19.pom
[INFO] Downloaded: https://repo.maven.apache.org/maven2/org/apache/maven/shared/maven-shared-components/19/maven-shared-components-19.pom (7 KB at 248.4 KB/sec)
[INFO] Downloading: https://repo.maven.apache.org/maven2/org/apache/maven/maven-parent/23/maven-parent-23.pom
[INFO] Downloaded: https://repo.maven.apache.org/maven2/org/apache/maven/maven-parent/23/maven-parent-23.pom (32 KB at 1026.5 KB/sec)
[INFO] Downloading: https://repo.maven.apache.org/maven2/org/apache/apache/13/apache-13.pom
[INFO] Downloaded: https://repo.maven.apache.org/maven2/org/apache/apache/13/apache-13.pom (14 KB at 649.8 KB/sec)
[INFO] Downloading: https://repo.maven.apache.org/maven2/org/apache/maven/shared/maven-shared-utils/0.1/maven-shared-utils-0.1.pom
[INFO] Downloaded: https://repo.maven.apache.org/maven2/org/apache/maven/shared/maven-shared-utils/0.1/maven-shared-utils-0.1.pom (4 KB at 232.5 KB/sec)
[INFO] Downloading: https://repo.maven.apache.org/maven2/org/apache/maven/shared/maven-shared-components/18/maven-shared-components-18.pom
[INFO] Downloaded: https://repo.maven.apache.org/maven2/org/apache/maven/shared/maven-shared-components/18/maven-shared-components-18.pom (5 KB at 301.1 KB/sec)
[INFO] Downloading: https://repo.maven.apache.org/maven2/org/codehaus/plexus/plexus-compiler-api/2.7/plexus-compiler-api-2.7.pom
[INFO] Downloaded: https://repo.maven.apache.org/maven2/org/codehaus/plexus/plexus-compiler-api/2.7/plexus-compiler-api-2.7.pom (891 B at 66.9 KB/sec)
[INFO] Downloading: https://repo.maven.apache.org/maven2/org/codehaus/plexus/plexus-compiler/2.7/plexus-compiler-2.7.pom
[INFO] Downloaded: https://repo.maven.apache.org/maven2/org/codehaus/plexus/plexus-compiler/2.7/plexus-compiler-2.7.pom (5 KB at 283.4 KB/sec)
[INFO] Downloading: https://repo.maven.apache.org/maven2/org/codehaus/plexus/plexus-components/4.0/plexus-components-4.0.pom
[INFO] Downloaded: https://repo.maven.apache.org/maven2/org/codehaus/plexus/plexus-components/4.0/plexus-components-4.0.pom (3 KB at 185.3 KB/sec)
[INFO] Downloading: https://repo.maven.apache.org/maven2/org/codehaus/plexus/plexus/4.0/plexus-4.0.pom
[INFO] Downloaded: https://repo.maven.apache.org/maven2/org/codehaus/plexus/plexus/4.0/plexus-4.0.pom (21 KB at 912.9 KB/sec)
[INFO] Downloading: https://repo.maven.apache.org/maven2/org/sonatype/forge/forge-parent/10/forge-parent-10.pom
[INFO] Downloaded: https://repo.maven.apache.org/maven2/org/sonatype/forge/forge-parent/10/forge-parent-10.pom (14 KB at 575.7 KB/sec)
[INFO] Downloading: https://repo.maven.apache.org/maven2/org/codehaus/plexus/plexus-utils/3.0.22/plexus-utils-3.0.22.pom
[INFO] Downloaded: https://repo.maven.apache.org/maven2/org/codehaus/plexus/plexus-utils/3.0.22/plexus-utils-3.0.22.pom (4 KB at 220.1 KB/sec)
[INFO] Downloading: https://repo.maven.apache.org/maven2/org/codehaus/plexus/plexus/3.3.1/plexus-3.3.1.pom
[INFO] Downloaded: https://repo.maven.apache.org/maven2/org/codehaus/plexus/plexus/3.3.1/plexus-3.3.1.pom (20 KB at 768.0 KB/sec)
[INFO] Downloading: https://repo.maven.apache.org/maven2/org/sonatype/spice/spice-parent/17/spice-parent-17.pom
[INFO] Downloaded: https://repo.maven.apache.org/maven2/org/sonatype/spice/spice-parent/17/spice-parent-17.pom (7 KB at 388.3 KB/sec)
[INFO] Downloading: https://repo.maven.apache.org/maven2/org/codehaus/plexus/plexus-compiler-manager/2.7/plexus-compiler-manager-2.7.pom
[INFO] Downloaded: https://repo.maven.apache.org/maven2/org/codehaus/plexus/plexus-compiler-manager/2.7/plexus-compiler-manager-2.7.pom (711 B at 43.4 KB/sec)
[INFO] Downloading: https://repo.maven.apache.org/maven2/org/codehaus/plexus/plexus-compiler-javac/2.7/plexus-compiler-javac-2.7.pom
[INFO] Downloaded: https://repo.maven.apache.org/maven2/org/codehaus/plexus/plexus-compiler-javac/2.7/plexus-compiler-javac-2.7.pom (792 B at 59.5 KB/sec)
[INFO] Downloading: https://repo.maven.apache.org/maven2/org/codehaus/plexus/plexus-compilers/2.7/plexus-compilers-2.7.pom
[INFO] Downloaded: https://repo.maven.apache.org/maven2/org/codehaus/plexus/plexus-compilers/2.7/plexus-compilers-2.7.pom (2 KB at 90.0 KB/sec)
[INFO] Downloading: https://repo.maven.apache.org/maven2/org/apache/maven/maven-plugin-api/3.0/maven-plugin-api-3.0.jar
[INFO] Downloading: https://repo.maven.apache.org/maven2/org/apache/maven/maven-model/3.0/maven-model-3.0.jar
[INFO] Downloading: https://repo.maven.apache.org/maven2/org/sonatype/sisu/sisu-inject-plexus/1.4.2/sisu-inject-plexus-1.4.2.jar
[INFO] Downloading: https://repo.maven.apache.org/maven2/org/sonatype/sisu/sisu-inject-bean/1.4.2/sisu-inject-bean-1.4.2.jar
[INFO] Downloading: https://repo.maven.apache.org/maven2/org/sonatype/sisu/sisu-guice/2.1.7/sisu-guice-2.1.7-noaop.jar
[INFO] Downloaded: https://repo.maven.apache.org/maven2/org/apache/maven/maven-plugin-api/3.0/maven-plugin-api-3.0.jar (48 KB at 1291.2 KB/sec)
[INFO] Downloading: https://repo.maven.apache.org/maven2/org/apache/maven/maven-artifact/3.0/maven-artifact-3.0.jar
[INFO] Downloaded: https://repo.maven.apache.org/maven2/org/apache/maven/maven-artifact/3.0/maven-artifact-3.0.jar (51 KB at 685.0 KB/sec)
[INFO] Downloading: https://repo.maven.apache.org/maven2/org/codehaus/plexus/plexus-utils/2.0.4/plexus-utils-2.0.4.jar
[INFO] Downloaded: https://repo.maven.apache.org/maven2/org/sonatype/sisu/sisu-inject-bean/1.4.2/sisu-inject-bean-1.4.2.jar (150 KB at 1965.8 KB/sec)
[INFO] Downloading: https://repo.maven.apache.org/maven2/org/apache/maven/maven-core/3.0/maven-core-3.0.jar
[INFO] Downloaded: https://repo.maven.apache.org/maven2/org/apache/maven/maven-model/3.0/maven-model-3.0.jar (161 KB at 1961.3 KB/sec)
[INFO] Downloading: https://repo.maven.apache.org/maven2/org/apache/maven/maven-settings/3.0/maven-settings-3.0.jar
[INFO] Downloaded: https://repo.maven.apache.org/maven2/org/sonatype/sisu/sisu-inject-plexus/1.4.2/sisu-inject-plexus-1.4.2.jar (197 KB at 1743.3 KB/sec)
[INFO] Downloading: https://repo.maven.apache.org/maven2/org/apache/maven/maven-settings-builder/3.0/maven-settings-builder-3.0.jar
[INFO] Downloaded: https://repo.maven.apache.org/maven2/org/apache/maven/maven-settings/3.0/maven-settings-3.0.jar (46 KB at 396.3 KB/sec)
[INFO] Downloading: https://repo.maven.apache.org/maven2/org/apache/maven/maven-repository-metadata/3.0/maven-repository-metadata-3.0.jar
[INFO] Downloaded: https://repo.maven.apache.org/maven2/org/apache/maven/maven-repository-metadata/3.0/maven-repository-metadata-3.0.jar (30 KB at 179.1 KB/sec)
[INFO] Downloading: https://repo.maven.apache.org/maven2/org/apache/maven/maven-model-builder/3.0/maven-model-builder-3.0.jar
[INFO] Downloaded: https://repo.maven.apache.org/maven2/org/codehaus/plexus/plexus-utils/2.0.4/plexus-utils-2.0.4.jar (217 KB at 1239.6 KB/sec)
[INFO] Downloading: https://repo.maven.apache.org/maven2/org/apache/maven/maven-aether-provider/3.0/maven-aether-provider-3.0.jar
[INFO] Downloaded: https://repo.maven.apache.org/maven2/org/apache/maven/maven-settings-builder/3.0/maven-settings-builder-3.0.jar (37 KB at 198.4 KB/sec)
[INFO] Downloading: https://repo.maven.apache.org/maven2/org/sonatype/aether/aether-impl/1.7/aether-impl-1.7.jar
[INFO] Downloaded: https://repo.maven.apache.org/maven2/org/apache/maven/maven-aether-provider/3.0/maven-aether-provider-3.0.jar (50 KB at 241.5 KB/sec)
[INFO] Downloading: https://repo.maven.apache.org/maven2/org/sonatype/aether/aether-spi/1.7/aether-spi-1.7.jar
[INFO] Downloaded: https://repo.maven.apache.org/maven2/org/apache/maven/maven-model-builder/3.0/maven-model-builder-3.0.jar (145 KB at 639.4 KB/sec)
[INFO] Downloading: https://repo.maven.apache.org/maven2/org/sonatype/aether/aether-api/1.7/aether-api-1.7.jar
[INFO] Downloaded: https://repo.maven.apache.org/maven2/org/sonatype/aether/aether-spi/1.7/aether-spi-1.7.jar (14 KB at 57.3 KB/sec)
[INFO] Downloading: https://repo.maven.apache.org/maven2/org/sonatype/aether/aether-util/1.7/aether-util-1.7.jar
[INFO] Downloaded: https://repo.maven.apache.org/maven2/org/sonatype/sisu/sisu-guice/2.1.7/sisu-guice-2.1.7-noaop.jar (461 KB at 1927.5 KB/sec)
[INFO] Downloading: https://repo.maven.apache.org/maven2/org/codehaus/plexus/plexus-interpolation/1.14/plexus-interpolation-1.14.jar
[INFO] Downloaded: https://repo.maven.apache.org/maven2/org/sonatype/aether/aether-impl/1.7/aether-impl-1.7.jar (104 KB at 427.1 KB/sec)
[INFO] Downloading: https://repo.maven.apache.org/maven2/org/codehaus/plexus/plexus-classworlds/2.2.3/plexus-classworlds-2.2.3.jar
[INFO] Downloaded: https://repo.maven.apache.org/maven2/org/apache/maven/maven-core/3.0/maven-core-3.0.jar (515 KB at 2100.8 KB/sec)
[INFO] Downloading: https://repo.maven.apache.org/maven2/org/codehaus/plexus/plexus-component-annotations/1.5.5/plexus-component-annotations-1.5.5.jar
[INFO] Downloaded: https://repo.maven.apache.org/maven2/org/codehaus/plexus/plexus-component-annotations/1.5.5/plexus-component-annotations-1.5.5.jar (5 KB at 15.8 KB/sec)
[INFO] Downloading: https://repo.maven.apache.org/maven2/org/apache/maven/shared/maven-shared-utils/3.0.0/maven-shared-utils-3.0.0.jar
[INFO] Downloaded: https://repo.maven.apache.org/maven2/org/sonatype/aether/aether-api/1.7/aether-api-1.7.jar (73 KB at 264.4 KB/sec)
[INFO] Downloading: https://repo.maven.apache.org/maven2/commons-io/commons-io/2.4/commons-io-2.4.jar
[INFO] Downloaded: https://repo.maven.apache.org/maven2/org/sonatype/aether/aether-util/1.7/aether-util-1.7.jar (106 KB at 364.8 KB/sec)
[INFO] Downloading: https://repo.maven.apache.org/maven2/com/google/code/findbugs/jsr305/2.0.1/jsr305-2.0.1.jar
[INFO] Downloaded: https://repo.maven.apache.org/maven2/org/codehaus/plexus/plexus-interpolation/1.14/plexus-interpolation-1.14.jar (60 KB at 191.2 KB/sec)
[INFO] Downloading: https://repo.maven.apache.org/maven2/org/apache/maven/shared/maven-shared-incremental/1.1/maven-shared-incremental-1.1.jar
[INFO] Downloaded: https://repo.maven.apache.org/maven2/org/codehaus/plexus/plexus-classworlds/2.2.3/plexus-classworlds-2.2.3.jar (46 KB at 144.3 KB/sec)
[INFO] Downloading: https://repo.maven.apache.org/maven2/org/codehaus/plexus/plexus-compiler-api/2.7/plexus-compiler-api-2.7.jar
[INFO] Downloaded: https://repo.maven.apache.org/maven2/com/google/code/findbugs/jsr305/2.0.1/jsr305-2.0.1.jar (32 KB at 95.5 KB/sec)
[INFO] Downloading: https://repo.maven.apache.org/maven2/org/codehaus/plexus/plexus-compiler-manager/2.7/plexus-compiler-manager-2.7.jar
[INFO] Downloaded: https://repo.maven.apache.org/maven2/org/apache/maven/shared/maven-shared-incremental/1.1/maven-shared-incremental-1.1.jar (14 KB at 39.9 KB/sec)
[INFO] Downloading: https://repo.maven.apache.org/maven2/org/codehaus/plexus/plexus-compiler-javac/2.7/plexus-compiler-javac-2.7.jar
[INFO] Downloaded: https://repo.maven.apache.org/maven2/org/apache/maven/shared/maven-shared-utils/3.0.0/maven-shared-utils-3.0.0.jar (152 KB at 455.1 KB/sec)
[INFO] Downloaded: https://repo.maven.apache.org/maven2/org/codehaus/plexus/plexus-compiler-manager/2.7/plexus-compiler-manager-2.7.jar (5 KB at 13.4 KB/sec)
[INFO] Downloaded: https://repo.maven.apache.org/maven2/commons-io/commons-io/2.4/commons-io-2.4.jar (181 KB at 513.6 KB/sec)
[INFO] Downloaded: https://repo.maven.apache.org/maven2/org/codehaus/plexus/plexus-compiler-javac/2.7/plexus-compiler-javac-2.7.jar (20 KB at 53.8 KB/sec)
[INFO] Downloaded: https://repo.maven.apache.org/maven2/org/codehaus/plexus/plexus-compiler-api/2.7/plexus-compiler-api-2.7.jar (26 KB at 66.6 KB/sec)
[INFO] Changes detected - recompiling the module!
[INFO] Compiling 266 source files to /home/travis/build/failed/graphhopper/graphhopper/core/target/classes
[INFO] 
[INFO] --- maven-resources-plugin:2.6:testResources (default-testResources) @ graphhopper-core ---
[INFO] Using 'UTF-8' encoding to copy filtered resources.
[INFO] Copying 11 resources
[INFO] 
[INFO] --- maven-compiler-plugin:3.5.1:testCompile (default-testCompile) @ graphhopper-core ---
[INFO] Changes detected - recompiling the module!
[INFO] Compiling 130 source files to /home/travis/build/failed/graphhopper/graphhopper/core/target/test-classes
[INFO] 
[INFO] --- maven-surefire-plugin:2.19.1:test (default-test) @ graphhopper-core ---
[INFO] Downloading: https://repo.maven.apache.org/maven2/org/apache/maven/surefire/surefire-junit4/2.19.1/surefire-junit4-2.19.1.pom
[INFO] Downloaded: https://repo.maven.apache.org/maven2/org/apache/maven/surefire/surefire-junit4/2.19.1/surefire-junit4-2.19.1.pom (4 KB at 93.8 KB/sec)
[INFO] Downloading: https://repo.maven.apache.org/maven2/org/apache/maven/surefire/surefire-providers/2.19.1/surefire-providers-2.19.1.pom
[INFO] Downloaded: https://repo.maven.apache.org/maven2/org/apache/maven/surefire/surefire-providers/2.19.1/surefire-providers-2.19.1.pom (3 KB at 147.2 KB/sec)
[INFO] Downloading: https://repo.maven.apache.org/maven2/org/apache/maven/surefire/surefire-junit4/2.19.1/surefire-junit4-2.19.1.jar
[INFO] Downloaded: https://repo.maven.apache.org/maven2/org/apache/maven/surefire/surefire-junit4/2.19.1/surefire-junit4-2.19.1.jar (74 KB at 1712.8 KB/sec)

-------------------------------------------------------
 T E S T S
-------------------------------------------------------
Running com.graphhopper.reader.OSMElementTest
Tests run: 2, Failures: 0, Errors: 0, Skipped: 0, Time elapsed: 0.038 sec - in com.graphhopper.reader.OSMElementTest
Running com.graphhopper.reader.osm.conditional.ConditionalParserTest
Tests run: 5, Failures: 0, Errors: 0, Skipped: 0, Time elapsed: 0.155 sec - in com.graphhopper.reader.osm.conditional.ConditionalParserTest
Running com.graphhopper.reader.osm.conditional.DateRangeParserTest
Tests run: 18, Failures: 0, Errors: 0, Skipped: 0, Time elapsed: 0.037 sec - in com.graphhopper.reader.osm.conditional.DateRangeParserTest
Running com.graphhopper.reader.osm.conditional.ConditionalOSMTagInspectorTest
Tests run: 7, Failures: 0, Errors: 0, Skipped: 0, Time elapsed: 0.018 sec - in com.graphhopper.reader.osm.conditional.ConditionalOSMTagInspectorTest
Running com.graphhopper.reader.dem.CGIARProviderTest
Tests run: 3, Failures: 0, Errors: 0, Skipped: 0, Time elapsed: 0.117 sec - in com.graphhopper.reader.dem.CGIARProviderTest
Running com.graphhopper.reader.dem.TunnelElevationInterpolatorTest
Tests run: 5, Failures: 0, Errors: 0, Skipped: 0, Time elapsed: 0.066 sec - in com.graphhopper.reader.dem.TunnelElevationInterpolatorTest
Running com.graphhopper.reader.dem.BridgeElevationInterpolatorTest
Tests run: 1, Failures: 0, Errors: 0, Skipped: 0, Time elapsed: 0.002 sec - in com.graphhopper.reader.dem.BridgeElevationInterpolatorTest
Running com.graphhopper.reader.dem.ElevationInterpolatorTest
Tests run: 3, Failures: 0, Errors: 0, Skipped: 0, Time elapsed: 0.001 sec - in com.graphhopper.reader.dem.ElevationInterpolatorTest
Running com.graphhopper.reader.dem.HeightTileTest
Tests run: 3, Failures: 0, Errors: 0, Skipped: 0, Time elapsed: 0.006 sec - in com.graphhopper.reader.dem.HeightTileTest
Running com.graphhopper.reader.dem.SRTMProviderTest
Tests run: 4, Failures: 0, Errors: 0, Skipped: 0, Time elapsed: 1.983 sec - in com.graphhopper.reader.dem.SRTMProviderTest
Running com.graphhopper.reader.OSMNodeTest
Tests run: 1, Failures: 0, Errors: 0, Skipped: 0, Time elapsed: 0.001 sec - in com.graphhopper.reader.OSMNodeTest
Running com.graphhopper.reader.PrinctonReaderTest
Tests run: 2, Failures: 0, Errors: 0, Skipped: 0, Time elapsed: 0.041 sec - in com.graphhopper.reader.PrinctonReaderTest
Running com.graphhopper.routing.util.MotorcycleFlagEncoderTest
Tests run: 4, Failures: 0, Errors: 0, Skipped: 0, Time elapsed: 0.006 sec - in com.graphhopper.routing.util.MotorcycleFlagEncoderTest
Running com.graphhopper.routing.util.BikeFlagEncoderTest
Tests run: 25, Failures: 0, Errors: 0, Skipped: 0, Time elapsed: 0.054 sec - in com.graphhopper.routing.util.BikeFlagEncoderTest
Running com.graphhopper.routing.util.Bike2WeightFlagEncoderTest
Tests run: 29, Failures: 0, Errors: 0, Skipped: 0, Time elapsed: 0.023 sec - in com.graphhopper.routing.util.Bike2WeightFlagEncoderTest
Running com.graphhopper.routing.util.FootFlagEncoderTest
Tests run: 12, Failures: 0, Errors: 0, Skipped: 0, Time elapsed: 0.007 sec - in com.graphhopper.routing.util.FootFlagEncoderTest
Running com.graphhopper.routing.util.MountainBikeFlagEncoderTest
Tests run: 17, Failures: 0, Errors: 0, Skipped: 0, Time elapsed: 0.01 sec - in com.graphhopper.routing.util.MountainBikeFlagEncoderTest
Running com.graphhopper.routing.util.spatialrules.SpatialRuleLookupArrayTest
Tests run: 5, Failures: 0, Errors: 0, Skipped: 0, Time elapsed: 0.029 sec - in com.graphhopper.routing.util.spatialrules.SpatialRuleLookupArrayTest
Running com.graphhopper.routing.util.spatialrules.PolygonTest
Tests run: 1, Failures: 0, Errors: 0, Skipped: 0, Time elapsed: 0 sec - in com.graphhopper.routing.util.spatialrules.PolygonTest
Running com.graphhopper.routing.util.AbstractFlagEncoderTest
Tests run: 1, Failures: 0, Errors: 0, Skipped: 0, Time elapsed: 0 sec - in com.graphhopper.routing.util.AbstractFlagEncoderTest
Running com.graphhopper.routing.util.HikeFlagEncoderTest
Tests run: 1, Failures: 0, Errors: 0, Skipped: 0, Time elapsed: 0 sec - in com.graphhopper.routing.util.HikeFlagEncoderTest
Running com.graphhopper.routing.util.CarFlagEncoderTest
Tests run: 21, Failures: 0, Errors: 0, Skipped: 0, Time elapsed: 0.004 sec - in com.graphhopper.routing.util.CarFlagEncoderTest
Running com.graphhopper.routing.util.Car4WDFlagEncoderTest
Tests run: 21, Failures: 0, Errors: 0, Skipped: 0, Time elapsed: 0.01 sec - in com.graphhopper.routing.util.Car4WDFlagEncoderTest
Running com.graphhopper.routing.util.tour.SinglePointTourTest
Tests run: 1, Failures: 0, Errors: 0, Skipped: 0, Time elapsed: 0.003 sec - in com.graphhopper.routing.util.tour.SinglePointTourTest
Running com.graphhopper.routing.util.DataFlagEncoderTest
Tests run: 18, Failures: 0, Errors: 0, Skipped: 0, Time elapsed: 0.018 sec - in com.graphhopper.routing.util.DataFlagEncoderTest
Running com.graphhopper.routing.util.EncodedValueTest
Tests run: 2, Failures: 0, Errors: 0, Skipped: 0, Time elapsed: 0 sec - in com.graphhopper.routing.util.EncodedValueTest
Running com.graphhopper.routing.util.NameSimilarityEdgeFilterTest
Tests run: 4, Failures: 0, Errors: 0, Skipped: 0, Time elapsed: 0.003 sec - in com.graphhopper.routing.util.NameSimilarityEdgeFilterTest
Running com.graphhopper.routing.util.RacingBikeFlagEncoderTest
Tests run: 18, Failures: 0, Errors: 0, Skipped: 0, Time elapsed: 0.01 sec - in com.graphhopper.routing.util.RacingBikeFlagEncoderTest
Running com.graphhopper.routing.util.EncodingManagerTest
Tests run: 10, Failures: 0, Errors: 0, Skipped: 0, Time elapsed: 0.012 sec - in com.graphhopper.routing.util.EncodingManagerTest
Running com.graphhopper.routing.util.EncodedDoubleValueTest
Tests run: 4, Failures: 0, Errors: 0, Skipped: 0, Time elapsed: 0 sec - in com.graphhopper.routing.util.EncodedDoubleValueTest
Running com.graphhopper.routing.ch.CHAlgoFactoryDecoratorTest
Tests run: 1, Failures: 0, Errors: 0, Skipped: 0, Time elapsed: 0.001 sec - in com.graphhopper.routing.ch.CHAlgoFactoryDecoratorTest
Running com.graphhopper.routing.ch.DijkstraBidirectionCHTest
Tests run: 27, Failures: 0, Errors: 0, Skipped: 0, Time elapsed: 0.426 sec - in com.graphhopper.routing.ch.DijkstraBidirectionCHTest
Running com.graphhopper.routing.ch.PrepareContractionHierarchiesTest
Tests run: 18, Failures: 0, Errors: 0, Skipped: 0, Time elapsed: 0.089 sec - in com.graphhopper.routing.ch.PrepareContractionHierarchiesTest
Running com.graphhopper.routing.ch.PrepareEncoderTest
Tests run: 1, Failures: 0, Errors: 0, Skipped: 0, Time elapsed: 0 sec - in com.graphhopper.routing.ch.PrepareEncoderTest
Running com.graphhopper.routing.weighting.AbstractWeightingTest
Tests run: 1, Failures: 0, Errors: 0, Skipped: 0, Time elapsed: 0 sec - in com.graphhopper.routing.weighting.AbstractWeightingTest
Running com.graphhopper.routing.weighting.ShortFastestWeightingTest
Tests run: 2, Failures: 0, Errors: 0, Skipped: 0, Time elapsed: 0 sec - in com.graphhopper.routing.weighting.ShortFastestWeightingTest
Running com.graphhopper.routing.weighting.GenericWeightingTest
Tests run: 6, Failures: 0, Errors: 0, Skipped: 0, Time elapsed: 0.018 sec - in com.graphhopper.routing.weighting.GenericWeightingTest
Running com.graphhopper.routing.weighting.FastestWeightingTest
Tests run: 4, Failures: 0, Errors: 0, Skipped: 0, Time elapsed: 0.003 sec - in com.graphhopper.routing.weighting.FastestWeightingTest
Running com.graphhopper.routing.lm.LandmarkStorageTest
2022-08-19 15:05:47,333 [main] WARN  com.graphhopper.routing.lm.LandmarkStorage - next start node not found in big enough network of size 2, first element is 5, 0.0,0.0
Tests run: 7, Failures: 0, Errors: 0, Skipped: 0, Time elapsed: 0.031 sec - in com.graphhopper.routing.lm.LandmarkStorageTest
Running com.graphhopper.routing.lm.PrepareLandmarksTest
Tests run: 2, Failures: 0, Errors: 0, Skipped: 0, Time elapsed: 0.045 sec - in com.graphhopper.routing.lm.PrepareLandmarksTest
Running com.graphhopper.routing.lm.LMAlgoFactoryDecoratorTest
Tests run: 1, Failures: 0, Errors: 0, Skipped: 0, Time elapsed: 0.001 sec - in com.graphhopper.routing.lm.LMAlgoFactoryDecoratorTest
Running com.graphhopper.routing.template.RoundTripRoutingTemplateTest
Tests run: 1, Failures: 0, Errors: 0, Skipped: 0, Time elapsed: 0.007 sec - in com.graphhopper.routing.template.RoundTripRoutingTemplateTest
Running com.graphhopper.routing.PathBidirRefTest
Tests run: 2, Failures: 0, Errors: 0, Skipped: 0, Time elapsed: 0.005 sec - in com.graphhopper.routing.PathBidirRefTest
Running com.graphhopper.routing.AStarTest
Tests run: 96, Failures: 0, Errors: 0, Skipped: 0, Time elapsed: 0.338 sec - in com.graphhopper.routing.AStarTest
Running com.graphhopper.routing.QueryGraphTest
Tests run: 17, Failures: 0, Errors: 0, Skipped: 0, Time elapsed: 0.038 sec - in com.graphhopper.routing.QueryGraphTest
Running com.graphhopper.routing.subnetwork.PrepareRoutingSubnetworksTest
Tests run: 9, Failures: 0, Errors: 0, Skipped: 0, Time elapsed: 0.026 sec - in com.graphhopper.routing.subnetwork.PrepareRoutingSubnetworksTest
Running com.graphhopper.routing.subnetwork.SubnetworkStorageTest
Tests run: 1, Failures: 0, Errors: 0, Skipped: 0, Time elapsed: 0 sec - in com.graphhopper.routing.subnetwork.SubnetworkStorageTest
Running com.graphhopper.routing.DijkstraTest
Tests run: 96, Failures: 0, Errors: 0, Skipped: 0, Time elapsed: 0.281 sec - in com.graphhopper.routing.DijkstraTest
Running com.graphhopper.routing.EdgeBasedRoutingAlgorithmTest
Tests run: 16, Failures: 0, Errors: 0, Skipped: 0, Time elapsed: 0.071 sec - in com.graphhopper.routing.EdgeBasedRoutingAlgorithmTest
Running com.graphhopper.routing.PathTest
Tests run: 19, Failures: 0, Errors: 0, Skipped: 0, Time elapsed: 0.074 sec - in com.graphhopper.routing.PathTest
Running com.graphhopper.routing.DijkstraOneToManyTest
Tests run: 30, Failures: 0, Errors: 0, Skipped: 0, Time elapsed: 0.075 sec - in com.graphhopper.routing.DijkstraOneToManyTest
Running com.graphhopper.routing.AStarBidirectionTest
Tests run: 100, Failures: 0, Errors: 0, Skipped: 0, Time elapsed: 0.302 sec - in com.graphhopper.routing.AStarBidirectionTest
Running com.graphhopper.routing.AlternativeRouteTest
Tests run: 6, Failures: 0, Errors: 0, Skipped: 0, Time elapsed: 0.018 sec - in com.graphhopper.routing.AlternativeRouteTest
Running com.graphhopper.routing.DijkstraBidirectionRefTest
Tests run: 96, Failures: 0, Errors: 0, Skipped: 0, Time elapsed: 0.273 sec - in com.graphhopper.routing.DijkstraBidirectionRefTest
Running com.graphhopper.storage.index.Location2IDQuadtreeTest
Tests run: 8, Failures: 0, Errors: 0, Skipped: 0, Time elapsed: 1.79 sec - in com.graphhopper.storage.index.Location2IDQuadtreeTest
Running com.graphhopper.storage.index.Location2IDFullIndexTest
Tests run: 8, Failures: 0, Errors: 0, Skipped: 0, Time elapsed: 0.165 sec - in com.graphhopper.storage.index.Location2IDFullIndexTest
Running com.graphhopper.storage.index.LocationIndexTreeCHTest
Tests run: 23, Failures: 0, Errors: 0, Skipped: 0, Time elapsed: 0.63 sec - in com.graphhopper.storage.index.LocationIndexTreeCHTest
Running com.graphhopper.storage.index.LocationIndexTreeTest
Tests run: 20, Failures: 0, Errors: 0, Skipped: 0, Time elapsed: 0.438 sec - in com.graphhopper.storage.index.LocationIndexTreeTest
Running com.graphhopper.storage.index.Location2IDFullWithEdgesIndexTest
Tests run: 8, Failures: 0, Errors: 0, Skipped: 0, Time elapsed: 0.17 sec - in com.graphhopper.storage.index.Location2IDFullWithEdgesIndexTest
Running com.graphhopper.storage.index.BresenhamLineTest
Tests run: 9, Failures: 0, Errors: 0, Skipped: 0, Time elapsed: 0.001 sec - in com.graphhopper.storage.index.BresenhamLineTest
Running com.graphhopper.storage.GraphEdgeIdFinderTest
Tests run: 1, Failures: 0, Errors: 0, Skipped: 0, Time elapsed: 0.005 sec - in com.graphhopper.storage.GraphEdgeIdFinderTest
Running com.graphhopper.storage.UnsafeDataAccessTest
Tests run: 15, Failures: 0, Errors: 0, Skipped: 0, Time elapsed: 0.014 sec - in com.graphhopper.storage.UnsafeDataAccessTest
Running com.graphhopper.storage.EdgeTest
Tests run: 1, Failures: 0, Errors: 0, Skipped: 0, Time elapsed: 0 sec - in com.graphhopper.storage.EdgeTest
Running com.graphhopper.storage.GraphHopperStorageCHTest
Tests run: 56, Failures: 0, Errors: 0, Skipped: 0, Time elapsed: 0.69 sec - in com.graphhopper.storage.GraphHopperStorageCHTest
Running com.graphhopper.storage.GraphHopperStorageTest
Tests run: 47, Failures: 0, Errors: 0, Skipped: 0, Time elapsed: 0.404 sec - in com.graphhopper.storage.GraphHopperStorageTest
Running com.graphhopper.storage.GraphStorageViaMMapTest
Tests run: 39, Failures: 0, Errors: 0, Skipped: 0, Time elapsed: 17.37 sec - in com.graphhopper.storage.GraphStorageViaMMapTest
Running com.graphhopper.storage.RAMDirectoryTest
Tests run: 2, Failures: 0, Errors: 0, Skipped: 0, Time elapsed: 0.003 sec - in com.graphhopper.storage.RAMDirectoryTest
Running com.graphhopper.storage.MMapDirectoryTest
Tests run: 2, Failures: 0, Errors: 0, Skipped: 0, Time elapsed: 0.216 sec - in com.graphhopper.storage.MMapDirectoryTest
Running com.graphhopper.storage.RAMDataAccessTest
Tests run: 14, Failures: 0, Errors: 0, Skipped: 0, Time elapsed: 0.009 sec - in com.graphhopper.storage.RAMDataAccessTest
Running com.graphhopper.storage.VLongStorageTest
Tests run: 2, Failures: 0, Errors: 0, Skipped: 0, Time elapsed: 0 sec - in com.graphhopper.storage.VLongStorageTest
Running com.graphhopper.storage.GraphHopperStorageWithTurnCostsTest
Tests run: 48, Failures: 0, Errors: 0, Skipped: 0, Time elapsed: 0.703 sec - in com.graphhopper.storage.GraphHopperStorageWithTurnCostsTest
Running com.graphhopper.storage.MMapDataAccessTest
Tests run: 16, Failures: 0, Errors: 0, Skipped: 0, Time elapsed: 1.113 sec - in com.graphhopper.storage.MMapDataAccessTest
Running com.graphhopper.storage.SimpleFSLockFactoryTest
Tests run: 2, Failures: 0, Errors: 0, Skipped: 0, Time elapsed: 0.002 sec - in com.graphhopper.storage.SimpleFSLockFactoryTest
Running com.graphhopper.storage.StorablePropertiesTest
Tests run: 3, Failures: 0, Errors: 0, Skipped: 0, Time elapsed: 0.002 sec - in com.graphhopper.storage.StorablePropertiesTest
Running com.graphhopper.storage.NativeFSLockFactoryTest
Tests run: 3, Failures: 0, Errors: 0, Skipped: 0, Time elapsed: 0.004 sec - in com.graphhopper.storage.NativeFSLockFactoryTest
Running com.graphhopper.storage.RAMIntDataAccessTest
Tests run: 14, Failures: 0, Errors: 0, Skipped: 0, Time elapsed: 0.007 sec - in com.graphhopper.storage.RAMIntDataAccessTest
Running com.graphhopper.storage.GraphHopperStorageForDataFlagEncoderTest
Tests run: 1, Failures: 0, Errors: 0, Skipped: 0, Time elapsed: 0.047 sec - in com.graphhopper.storage.GraphHopperStorageForDataFlagEncoderTest
Running com.graphhopper.util.shapes.GHPoint3DTest
Tests run: 1, Failures: 0, Errors: 0, Skipped: 0, Time elapsed: 0 sec - in com.graphhopper.util.shapes.GHPoint3DTest
Running com.graphhopper.util.shapes.BBoxTest
Tests run: 7, Failures: 0, Errors: 0, Skipped: 0, Time elapsed: 0.002 sec - in com.graphhopper.util.shapes.BBoxTest
Running com.graphhopper.util.shapes.GHPointTest
Tests run: 1, Failures: 0, Errors: 0, Skipped: 0, Time elapsed: 0 sec - in com.graphhopper.util.shapes.GHPointTest
Running com.graphhopper.util.shapes.CircleTest
Tests run: 5, Failures: 0, Errors: 0, Skipped: 0, Time elapsed: 0.001 sec - in com.graphhopper.util.shapes.CircleTest
Running com.graphhopper.util.BitUtilBigTest
Tests run: 10, Failures: 0, Errors: 0, Skipped: 0, Time elapsed: 0.001 sec - in com.graphhopper.util.BitUtilBigTest
Running com.graphhopper.util.SimpleIntDequeTest
Tests run: 3, Failures: 0, Errors: 0, Skipped: 0, Time elapsed: 0 sec - in com.graphhopper.util.SimpleIntDequeTest
Running com.graphhopper.util.TranslationMapTest
Tests run: 2, Failures: 0, Errors: 0, Skipped: 0, Time elapsed: 0 sec - in com.graphhopper.util.TranslationMapTest
Running com.graphhopper.util.DepthFirstSearchTest
Tests run: 2, Failures: 0, Errors: 0, Skipped: 0, Time elapsed: 0.02 sec - in com.graphhopper.util.DepthFirstSearchTest
Running com.graphhopper.util.BreadthFirstSearchTest
Tests run: 2, Failures: 0, Errors: 0, Skipped: 0, Time elapsed: 0.005 sec - in com.graphhopper.util.BreadthFirstSearchTest
Running com.graphhopper.util.GHUtilityTest
Tests run: 7, Failures: 0, Errors: 0, Skipped: 0, Time elapsed: 0.046 sec - in com.graphhopper.util.GHUtilityTest
Running com.graphhopper.util.ConfigMapTest
Tests run: 1, Failures: 0, Errors: 0, Skipped: 0, Time elapsed: 0 sec - in com.graphhopper.util.ConfigMapTest
Running com.graphhopper.util.FinishInstructionTest
Tests run: 1, Failures: 0, Errors: 0, Skipped: 0, Time elapsed: 0 sec - in com.graphhopper.util.FinishInstructionTest
Running com.graphhopper.util.PointListTest
Tests run: 4, Failures: 0, Errors: 0, Skipped: 0, Time elapsed: 0 sec - in com.graphhopper.util.PointListTest
Running com.graphhopper.util.DistanceCalcEarthTest
Tests run: 6, Failures: 0, Errors: 0, Skipped: 0, Time elapsed: 0 sec - in com.graphhopper.util.DistanceCalcEarthTest
Running com.graphhopper.util.InstructionTest
Tests run: 1, Failures: 0, Errors: 0, Skipped: 0, Time elapsed: 0 sec - in com.graphhopper.util.InstructionTest
Running com.graphhopper.util.CHEdgeIteratorTest
Tests run: 1, Failures: 0, Errors: 0, Skipped: 0, Time elapsed: 0.002 sec - in com.graphhopper.util.CHEdgeIteratorTest
Running com.graphhopper.util.DouglasPeuckerTest
Tests run: 4, Failures: 0, Errors: 0, Skipped: 0, Time elapsed: 0.004 sec - in com.graphhopper.util.DouglasPeuckerTest
Running com.graphhopper.util.BitUtilLittleTest
Tests run: 10, Failures: 0, Errors: 0, Skipped: 0, Time elapsed: 0 sec - in com.graphhopper.util.BitUtilLittleTest
Running com.graphhopper.util.AngleCalcTest
Tests run: 8, Failures: 0, Errors: 0, Skipped: 0, Time elapsed: 0 sec - in com.graphhopper.util.AngleCalcTest
Running com.graphhopper.util.PMapTest
Tests run: 6, Failures: 0, Errors: 0, Skipped: 0, Time elapsed: 0 sec - in com.graphhopper.util.PMapTest
Running com.graphhopper.util.HelperTest
Tests run: 9, Failures: 0, Errors: 0, Skipped: 0, Time elapsed: 0.002 sec - in com.graphhopper.util.HelperTest
Running com.graphhopper.util.InstructionListTest
Tests run: 11, Failures: 0, Errors: 0, Skipped: 0, Time elapsed: 0.15 sec - in com.graphhopper.util.InstructionListTest
Running com.graphhopper.coll.GHTreeMapComposedTest
Tests run: 1, Failures: 0, Errors: 0, Skipped: 0, Time elapsed: 0 sec - in com.graphhopper.coll.GHTreeMapComposedTest
Running com.graphhopper.coll.GHTBitSetTest
Tests run: 5, Failures: 0, Errors: 0, Skipped: 0, Time elapsed: 0 sec - in com.graphhopper.coll.GHTBitSetTest
Running com.graphhopper.coll.BitSetImplTest
Tests run: 5, Failures: 0, Errors: 0, Skipped: 0, Time elapsed: 0 sec - in com.graphhopper.coll.BitSetImplTest
Running com.graphhopper.coll.GHLongIntBTreeTest
Tests run: 6, Failures: 0, Errors: 0, Skipped: 0, Time elapsed: 0.005 sec - in com.graphhopper.coll.GHLongIntBTreeTest
Running com.graphhopper.coll.GHSortedCollectionTest
Tests run: 3, Failures: 0, Errors: 0, Skipped: 0, Time elapsed: 0 sec - in com.graphhopper.coll.GHSortedCollectionTest
Running com.graphhopper.coll.CompressedArrayTest
Tests run: 2, Failures: 0, Errors: 0, Skipped: 0, Time elapsed: 0.021 sec - in com.graphhopper.coll.CompressedArrayTest
Running com.graphhopper.coll.GHIntArrayListTest
Tests run: 3, Failures: 0, Errors: 0, Skipped: 0, Time elapsed: 0 sec - in com.graphhopper.coll.GHIntArrayListTest
Running com.graphhopper.coll.OSMIDMapTest
Tests run: 5, Failures: 0, Errors: 0, Skipped: 0, Time elapsed: 0.028 sec - in com.graphhopper.coll.OSMIDMapTest
Running com.graphhopper.geohash.LinearKeyAlgoTest
Tests run: 3, Failures: 0, Errors: 0, Skipped: 0, Time elapsed: 0 sec - in com.graphhopper.geohash.LinearKeyAlgoTest
Running com.graphhopper.geohash.SpatialKeyAlgoTest
Tests run: 10, Failures: 0, Errors: 0, Skipped: 0, Time elapsed: 0.001 sec - in com.graphhopper.geohash.SpatialKeyAlgoTest
Running com.graphhopper.GHRequestTest
Tests run: 2, Failures: 0, Errors: 0, Skipped: 0, Time elapsed: 0.014 sec - in com.graphhopper.GHRequestTest
Running com.graphhopper.GHResponseTest
Tests run: 2, Failures: 0, Errors: 0, Skipped: 0, Time elapsed: 0 sec - in com.graphhopper.GHResponseTest
Running com.graphhopper.search.NameIndexTest
Tests run: 5, Failures: 0, Errors: 0, Skipped: 0, Time elapsed: 0 sec - in com.graphhopper.search.NameIndexTest
Running com.graphhopper.apache.commons.lang3.StringUtilsTest
Tests run: 3, Failures: 0, Errors: 0, Skipped: 0, Time elapsed: 0 sec - in com.graphhopper.apache.commons.lang3.StringUtilsTest
Running com.graphhopper.apache.commons.collections.IntDoubleBinaryHeapTest
Tests run: 6, Failures: 0, Errors: 0, Skipped: 0, Time elapsed: 0 sec - in com.graphhopper.apache.commons.collections.IntDoubleBinaryHeapTest
Running com.graphhopper.GraphHopperAPITest
Tests run: 4, Failures: 0, Errors: 0, Skipped: 0, Time elapsed: 0.51 sec - in com.graphhopper.GraphHopperAPITest

Results :

Tests run: 1316, Failures: 0, Errors: 0, Skipped: 0

[INFO] 
[INFO] --- maven-resources-plugin:2.6:resources (default-resources) @ graphhopper-core ---
[INFO] Using 'UTF-8' encoding to copy filtered resources.
[INFO] Copying 2 resources
[INFO] Copying 46 resources
[INFO] 
[INFO] --- maven-compiler-plugin:3.5.1:compile (default-compile) @ graphhopper-core ---
[INFO] Nothing to compile - all classes are up to date
[INFO] 
[INFO] --- maven-resources-plugin:2.6:testResources (default-testResources) @ graphhopper-core ---
[INFO] Using 'UTF-8' encoding to copy filtered resources.
[INFO] Copying 11 resources
[INFO] 
[INFO] --- maven-compiler-plugin:3.5.1:testCompile (default-testCompile) @ graphhopper-core ---
[INFO] Nothing to compile - all classes are up to date
[INFO] 
[INFO] --- maven-surefire-plugin:2.19.1:test (default-test) @ graphhopper-core ---
[INFO] Skipping execution of surefire because it has already been run for this configuration
[INFO] 
[INFO] --- maven-jar-plugin:3.0.2:jar (default-jar) @ graphhopper-core ---
[INFO] Downloading: https://repo.maven.apache.org/maven2/org/codehaus/plexus/plexus-component-annotations/1.6/plexus-component-annotations-1.6.pom
[INFO] Downloaded: https://repo.maven.apache.org/maven2/org/codehaus/plexus/plexus-component-annotations/1.6/plexus-component-annotations-1.6.pom (748 B at 40.6 KB/sec)
[INFO] Downloading: https://repo.maven.apache.org/maven2/org/codehaus/plexus/plexus-containers/1.6/plexus-containers-1.6.pom
[INFO] Downloaded: https://repo.maven.apache.org/maven2/org/codehaus/plexus/plexus-containers/1.6/plexus-containers-1.6.pom (4 KB at 262.7 KB/sec)
[INFO] Downloading: https://repo.maven.apache.org/maven2/org/codehaus/plexus/plexus/3.3.2/plexus-3.3.2.pom
[INFO] Downloaded: https://repo.maven.apache.org/maven2/org/codehaus/plexus/plexus/3.3.2/plexus-3.3.2.pom (22 KB at 876.0 KB/sec)
[INFO] Downloading: https://repo.maven.apache.org/maven2/org/apache/maven/maven-archiver/3.1.1/maven-archiver-3.1.1.pom
[INFO] Downloaded: https://repo.maven.apache.org/maven2/org/apache/maven/maven-archiver/3.1.1/maven-archiver-3.1.1.pom (5 KB at 249.7 KB/sec)
[INFO] Downloading: https://repo.maven.apache.org/maven2/org/apache/maven/shared/maven-shared-components/30/maven-shared-components-30.pom
[INFO] Downloaded: https://repo.maven.apache.org/maven2/org/apache/maven/shared/maven-shared-components/30/maven-shared-components-30.pom (5 KB at 77.2 KB/sec)
[INFO] Downloading: https://repo.maven.apache.org/maven2/org/apache/maven/shared/maven-shared-utils/3.0.1/maven-shared-utils-3.0.1.pom
[INFO] Downloaded: https://repo.maven.apache.org/maven2/org/apache/maven/shared/maven-shared-utils/3.0.1/maven-shared-utils-3.0.1.pom (5 KB at 139.9 KB/sec)
[INFO] Downloading: https://repo.maven.apache.org/maven2/commons-io/commons-io/2.5/commons-io-2.5.pom
[INFO] Downloaded: https://repo.maven.apache.org/maven2/commons-io/commons-io/2.5/commons-io-2.5.pom (13 KB at 564.3 KB/sec)
[INFO] Downloading: https://repo.maven.apache.org/maven2/org/apache/commons/commons-parent/39/commons-parent-39.pom
[INFO] Downloaded: https://repo.maven.apache.org/maven2/org/apache/commons/commons-parent/39/commons-parent-39.pom (61 KB at 1592.7 KB/sec)
[INFO] Downloading: https://repo.maven.apache.org/maven2/org/codehaus/plexus/plexus-archiver/3.3/plexus-archiver-3.3.pom
[INFO] Downloaded: https://repo.maven.apache.org/maven2/org/codehaus/plexus/plexus-archiver/3.3/plexus-archiver-3.3.pom (6 KB at 306.0 KB/sec)
[INFO] Downloading: https://repo.maven.apache.org/maven2/org/codehaus/plexus/plexus/3.2/plexus-3.2.pom
[INFO] Downloaded: https://repo.maven.apache.org/maven2/org/codehaus/plexus/plexus/3.2/plexus-3.2.pom (19 KB at 832.1 KB/sec)
[INFO] Downloading: https://repo.maven.apache.org/maven2/org/codehaus/plexus/plexus-utils/3.0.24/plexus-utils-3.0.24.pom
[INFO] Downloaded: https://repo.maven.apache.org/maven2/org/codehaus/plexus/plexus-utils/3.0.24/plexus-utils-3.0.24.pom (5 KB at 268.7 KB/sec)
[INFO] Downloading: https://repo.maven.apache.org/maven2/org/codehaus/plexus/plexus-io/2.7.1/plexus-io-2.7.1.pom
[INFO] Downloaded: https://repo.maven.apache.org/maven2/org/codehaus/plexus/plexus-io/2.7.1/plexus-io-2.7.1.pom (5 KB at 300.2 KB/sec)
[INFO] Downloading: https://repo.maven.apache.org/maven2/commons-io/commons-io/2.2/commons-io-2.2.pom
[INFO] Downloaded: https://repo.maven.apache.org/maven2/commons-io/commons-io/2.2/commons-io-2.2.pom (11 KB at 567.1 KB/sec)
[INFO] Downloading: https://repo.maven.apache.org/maven2/org/apache/commons/commons-parent/24/commons-parent-24.pom
[INFO] Downloaded: https://repo.maven.apache.org/maven2/org/apache/commons/commons-parent/24/commons-parent-24.pom (47 KB at 1357.6 KB/sec)
[INFO] Downloading: https://repo.maven.apache.org/maven2/org/apache/commons/commons-compress/1.11/commons-compress-1.11.pom
[INFO] Downloaded: https://repo.maven.apache.org/maven2/org/apache/commons/commons-compress/1.11/commons-compress-1.11.pom (13 KB at 613.2 KB/sec)
[INFO] Downloading: https://repo.maven.apache.org/maven2/org/iq80/snappy/snappy/0.4/snappy-0.4.pom
[INFO] Downloaded: https://repo.maven.apache.org/maven2/org/iq80/snappy/snappy/0.4/snappy-0.4.pom (15 KB at 835.1 KB/sec)
[INFO] Downloading: https://repo.maven.apache.org/maven2/org/tukaani/xz/1.5/xz-1.5.pom
[INFO] Downloaded: https://repo.maven.apache.org/maven2/org/tukaani/xz/1.5/xz-1.5.pom (2 KB at 124.0 KB/sec)
[INFO] Downloading: https://repo.maven.apache.org/maven2/org/codehaus/plexus/plexus-interpolation/1.22/plexus-interpolation-1.22.pom
[INFO] Downloaded: https://repo.maven.apache.org/maven2/org/codehaus/plexus/plexus-interpolation/1.22/plexus-interpolation-1.22.pom (2 KB at 107.4 KB/sec)
[INFO] Downloading: https://repo.maven.apache.org/maven2/org/codehaus/plexus/plexus-components/1.3.1/plexus-components-1.3.1.pom
[INFO] Downloaded: https://repo.maven.apache.org/maven2/org/codehaus/plexus/plexus-components/1.3.1/plexus-components-1.3.1.pom (3 KB at 187.0 KB/sec)
[INFO] Downloading: https://repo.maven.apache.org/maven2/org/codehaus/plexus/plexus-archiver/3.4/plexus-archiver-3.4.pom
[INFO] Downloaded: https://repo.maven.apache.org/maven2/org/codehaus/plexus/plexus-archiver/3.4/plexus-archiver-3.4.pom (6 KB at 289.0 KB/sec)
[INFO] Downloading: https://repo.maven.apache.org/maven2/org/codehaus/plexus/plexus-component-annotations/1.6/plexus-component-annotations-1.6.jar
[INFO] Downloading: https://repo.maven.apache.org/maven2/org/apache/maven/maven-archiver/3.1.1/maven-archiver-3.1.1.jar
[INFO] Downloading: https://repo.maven.apache.org/maven2/org/apache/maven/shared/maven-shared-utils/3.0.1/maven-shared-utils-3.0.1.jar
[INFO] Downloading: https://repo.maven.apache.org/maven2/commons-io/commons-io/2.5/commons-io-2.5.jar
[INFO] Downloading: https://repo.maven.apache.org/maven2/org/codehaus/plexus/plexus-archiver/3.4/plexus-archiver-3.4.jar
[INFO] Downloaded: https://repo.maven.apache.org/maven2/org/codehaus/plexus/plexus-component-annotations/1.6/plexus-component-annotations-1.6.jar (5 KB at 134.4 KB/sec)
[INFO] Downloading: https://repo.maven.apache.org/maven2/org/codehaus/plexus/plexus-io/2.7.1/plexus-io-2.7.1.jar
[INFO] Downloaded: https://repo.maven.apache.org/maven2/org/apache/maven/maven-archiver/3.1.1/maven-archiver-3.1.1.jar (24 KB at 722.0 KB/sec)
[INFO] Downloading: https://repo.maven.apache.org/maven2/org/apache/commons/commons-compress/1.11/commons-compress-1.11.jar
[INFO] Downloaded: https://repo.maven.apache.org/maven2/commons-io/commons-io/2.5/commons-io-2.5.jar (204 KB at 2397.7 KB/sec)
[INFO] Downloading: https://repo.maven.apache.org/maven2/org/iq80/snappy/snappy/0.4/snappy-0.4.jar
[INFO] Downloaded: https://repo.maven.apache.org/maven2/org/apache/maven/shared/maven-shared-utils/3.0.1/maven-shared-utils-3.0.1.jar (151 KB at 1694.6 KB/sec)
[INFO] Downloading: https://repo.maven.apache.org/maven2/org/tukaani/xz/1.5/xz-1.5.jar
[INFO] Downloaded: https://repo.maven.apache.org/maven2/org/codehaus/plexus/plexus-io/2.7.1/plexus-io-2.7.1.jar (84 KB at 873.0 KB/sec)
[INFO] Downloading: https://repo.maven.apache.org/maven2/org/codehaus/plexus/plexus-utils/3.0.24/plexus-utils-3.0.24.jar
[INFO] Downloaded: https://repo.maven.apache.org/maven2/org/codehaus/plexus/plexus-archiver/3.4/plexus-archiver-3.4.jar (183 KB at 1615.8 KB/sec)
[INFO] Downloaded: https://repo.maven.apache.org/maven2/org/iq80/snappy/snappy/0.4/snappy-0.4.jar (57 KB at 487.9 KB/sec)
[INFO] Downloaded: https://repo.maven.apache.org/maven2/org/tukaani/xz/1.5/xz-1.5.jar (98 KB at 603.9 KB/sec)
[INFO] Downloaded: https://repo.maven.apache.org/maven2/org/codehaus/plexus/plexus-utils/3.0.24/plexus-utils-3.0.24.jar (242 KB at 1178.3 KB/sec)
[INFO] Downloaded: https://repo.maven.apache.org/maven2/org/apache/commons/commons-compress/1.11/commons-compress-1.11.jar (416 KB at 2027.6 KB/sec)
[INFO] Building jar: /home/travis/build/failed/graphhopper/graphhopper/core/target/graphhopper-core-0.9-SNAPSHOT.jar
[INFO] 
[INFO] --- maven-jar-plugin:3.0.2:test-jar (default) @ graphhopper-core ---
[INFO] Building jar: /home/travis/build/failed/graphhopper/graphhopper/core/target/graphhopper-core-0.9-SNAPSHOT-tests.jar
[INFO] 
[INFO] --- maven-failsafe-plugin:2.19.1:integration-test (default) @ graphhopper-core ---

-------------------------------------------------------
 T E S T S
-------------------------------------------------------
Running com.graphhopper.routing.RoutingAlgorithmIT
# RoutingAlgorithmIT algoEntry(astar):0.11879794, per run:0.014849743
# RoutingAlgorithmIT algoEntry(dijkstra):0.10566323, per run:0.013207904
# RoutingAlgorithmIT algoEntry(astarbi):0.054855984, per run:0.006856998
# RoutingAlgorithmIT algoEntry(dijkstrabi):0.06602655, per run:0.008253319
Tests run: 1, Failures: 0, Errors: 0, Skipped: 0, Time elapsed: 1.008 sec - in com.graphhopper.routing.RoutingAlgorithmIT

Results :

Tests run: 1, Failures: 0, Errors: 0, Skipped: 0

[INFO] 
[INFO] --- maven-failsafe-plugin:2.19.1:verify (default) @ graphhopper-core ---
[INFO]                                                                         
[INFO] ------------------------------------------------------------------------
[INFO] Building GraphHopper Reader for OpenStreetMap Data 0.9-SNAPSHOT
[INFO] ------------------------------------------------------------------------
[INFO] Downloading: https://repo.osgeo.org/repository/release/org/openstreetmap/osmosis/osmosis-osm-binary/0.45/osmosis-osm-binary-0.45.pom
[INFO] Downloading: http://insecure.repo1.maven.org/maven2/org/openstreetmap/osmosis/osmosis-osm-binary/0.45/osmosis-osm-binary-0.45.pom
[INFO] Downloaded: http://insecure.repo1.maven.org/maven2/org/openstreetmap/osmosis/osmosis-osm-binary/0.45/osmosis-osm-binary-0.45.pom (2 KB at 3.4 KB/sec)
[INFO] Downloading: https://repo.osgeo.org/repository/release/com/google/protobuf/protobuf-java/2.6.1/protobuf-java-2.6.1.pom
[INFO] Downloading: http://insecure.repo1.maven.org/maven2/com/google/protobuf/protobuf-java/2.6.1/protobuf-java-2.6.1.pom
[INFO] Downloaded: http://insecure.repo1.maven.org/maven2/com/google/protobuf/protobuf-java/2.6.1/protobuf-java-2.6.1.pom (10 KB at 38.5 KB/sec)
[INFO] Downloading: https://repo.osgeo.org/repository/release/com/google/google/1/google-1.pom
[INFO] Downloading: http://insecure.repo1.maven.org/maven2/com/google/google/1/google-1.pom
[INFO] Downloaded: http://insecure.repo1.maven.org/maven2/com/google/google/1/google-1.pom (2 KB at 72.3 KB/sec)
[INFO] Downloading: https://repo.osgeo.org/repository/release/org/openstreetmap/osmosis/osmosis-osm-binary/0.45/osmosis-osm-binary-0.45.jar
[INFO] Downloading: https://repo.osgeo.org/repository/release/com/google/protobuf/protobuf-java/2.6.1/protobuf-java-2.6.1.jar
[INFO] Downloading: http://insecure.repo1.maven.org/maven2/org/openstreetmap/osmosis/osmosis-osm-binary/0.45/osmosis-osm-binary-0.45.jar
[INFO] Downloading: http://insecure.repo1.maven.org/maven2/com/google/protobuf/protobuf-java/2.6.1/protobuf-java-2.6.1.jar
[INFO] Downloaded: http://insecure.repo1.maven.org/maven2/org/openstreetmap/osmosis/osmosis-osm-binary/0.45/osmosis-osm-binary-0.45.jar (177 KB at 193.7 KB/sec)
[INFO] Downloaded: http://insecure.repo1.maven.org/maven2/com/google/protobuf/protobuf-java/2.6.1/protobuf-java-2.6.1.jar (583 KB at 548.6 KB/sec)
[INFO] 
[INFO] --- maven-clean-plugin:2.5:clean (default-clean) @ graphhopper-reader-osm ---
[INFO] 
[INFO] --- maven-resources-plugin:2.6:resources (default-resources) @ graphhopper-reader-osm ---
[INFO] Using 'UTF-8' encoding to copy filtered resources.
[INFO] skip non existing resourceDirectory /home/travis/build/failed/graphhopper/graphhopper/reader-osm/src/main/resources
[INFO] 
[INFO] --- maven-compiler-plugin:3.5.1:compile (default-compile) @ graphhopper-reader-osm ---
[INFO] Changes detected - recompiling the module!
[INFO] Compiling 17 source files to /home/travis/build/failed/graphhopper/graphhopper/reader-osm/target/classes
[INFO] 
[INFO] --- maven-resources-plugin:2.6:testResources (default-testResources) @ graphhopper-reader-osm ---
[INFO] Using 'UTF-8' encoding to copy filtered resources.
[INFO] Copying 14 resources
[INFO] 
[INFO] --- maven-compiler-plugin:3.5.1:testCompile (default-testCompile) @ graphhopper-reader-osm ---
[INFO] Changes detected - recompiling the module!
[INFO] Compiling 6 source files to /home/travis/build/failed/graphhopper/graphhopper/reader-osm/target/test-classes
[INFO] 
[INFO] --- maven-surefire-plugin:2.19.1:test (default-test) @ graphhopper-reader-osm ---

-------------------------------------------------------
 T E S T S
-------------------------------------------------------
Running com.graphhopper.reader.osm.GraphHopperOSMTest
Tests run: 25, Failures: 0, Errors: 0, Skipped: 0, Time elapsed: 1.989 sec - in com.graphhopper.reader.osm.GraphHopperOSMTest
Running com.graphhopper.reader.osm.OSMReaderTest
2022-08-19 15:06:25,331 [main] WARN  com.graphhopper.reader.osm.OSMReader - Parsing error in way with OSMID=17 : Cannot parse duration tag value: P01:10
2022-08-19 15:06:25,334 [main] WARN  com.graphhopper.routing.util.AbstractFlagEncoder - Unrealistic long duration ignored in way with way ID=18 : Duration tag value=P1M (=44640 minutes)
2022-08-19 15:06:25,334 [main] WARN  com.graphhopper.routing.util.AbstractFlagEncoder - Unrealistic long duration ignored in way with way ID=18 : Duration tag value=P1M (=44640 minutes)
2022-08-19 15:06:25,334 [main] WARN  com.graphhopper.routing.util.AbstractFlagEncoder - Unrealistic long duration ignored in way with way ID=18 : Duration tag value=P1M (=44640 minutes)
2022-08-19 15:06:25,945 [main] WARN  com.graphhopper.reader.osm.OSMReader - Parsing error in way with OSMID=17 : Cannot parse duration tag value: P01:10
2022-08-19 15:06:25,945 [main] WARN  com.graphhopper.routing.util.AbstractFlagEncoder - Unrealistic long duration ignored in way with way ID=18 : Duration tag value=P1M (=44640 minutes)
2022-08-19 15:06:25,946 [main] WARN  com.graphhopper.routing.util.AbstractFlagEncoder - Unrealistic long duration ignored in way with way ID=18 : Duration tag value=P1M (=44640 minutes)
2022-08-19 15:06:25,946 [main] WARN  com.graphhopper.routing.util.AbstractFlagEncoder - Unrealistic long duration ignored in way with way ID=18 : Duration tag value=P1M (=44640 minutes)
2022-08-19 15:06:25,990 [main] WARN  com.graphhopper.reader.osm.OSMReader - Parsing error in way with OSMID=17 : Cannot parse duration tag value: P01:10
2022-08-19 15:06:25,990 [main] WARN  com.graphhopper.routing.util.AbstractFlagEncoder - Unrealistic long duration ignored in way with way ID=18 : Duration tag value=P1M (=44640 minutes)
2022-08-19 15:06:25,990 [main] WARN  com.graphhopper.routing.util.AbstractFlagEncoder - Unrealistic long duration ignored in way with way ID=18 : Duration tag value=P1M (=44640 minutes)
2022-08-19 15:06:25,990 [main] WARN  com.graphhopper.routing.util.AbstractFlagEncoder - Unrealistic long duration ignored in way with way ID=18 : Duration tag value=P1M (=44640 minutes)
Tests run: 22, Failures: 0, Errors: 0, Skipped: 0, Time elapsed: 0.976 sec - in com.graphhopper.reader.osm.OSMReaderTest
Running com.graphhopper.reader.osm.OSMTagParserTest
Tests run: 2, Failures: 0, Errors: 0, Skipped: 0, Time elapsed: 0 sec - in com.graphhopper.reader.osm.OSMTagParserTest
Running com.graphhopper.reader.osm.OSMTurnRelationTest
Tests run: 1, Failures: 0, Errors: 0, Skipped: 0, Time elapsed: 0.005 sec - in com.graphhopper.reader.osm.OSMTurnRelationTest

Results :

Tests run: 50, Failures: 0, Errors: 0, Skipped: 0

[INFO] 
[INFO] --- maven-resources-plugin:2.6:resources (default-resources) @ graphhopper-reader-osm ---
[INFO] Using 'UTF-8' encoding to copy filtered resources.
[INFO] skip non existing resourceDirectory /home/travis/build/failed/graphhopper/graphhopper/reader-osm/src/main/resources
[INFO] 
[INFO] --- maven-compiler-plugin:3.5.1:compile (default-compile) @ graphhopper-reader-osm ---
[INFO] Nothing to compile - all classes are up to date
[INFO] 
[INFO] --- maven-resources-plugin:2.6:testResources (default-testResources) @ graphhopper-reader-osm ---
[INFO] Using 'UTF-8' encoding to copy filtered resources.
[INFO] Copying 14 resources
[INFO] 
[INFO] --- maven-compiler-plugin:3.5.1:testCompile (default-testCompile) @ graphhopper-reader-osm ---
[INFO] Nothing to compile - all classes are up to date
[INFO] 
[INFO] --- maven-surefire-plugin:2.19.1:test (default-test) @ graphhopper-reader-osm ---
[INFO] Skipping execution of surefire because it has already been run for this configuration
[INFO] 
[INFO] --- maven-jar-plugin:3.0.2:jar (default-jar) @ graphhopper-reader-osm ---
[INFO] Building jar: /home/travis/build/failed/graphhopper/graphhopper/reader-osm/target/graphhopper-reader-osm-0.9-SNAPSHOT.jar
[INFO] 
[INFO] --- maven-failsafe-plugin:2.19.1:integration-test (default) @ graphhopper-reader-osm ---

-------------------------------------------------------
 T E S T S
-------------------------------------------------------
Running com.graphhopper.GraphHopperIT
Tests run: 23, Failures: 0, Errors: 0, Skipped: 0, Time elapsed: 10.57 sec - in com.graphhopper.GraphHopperIT
Running com.graphhopper.routing.RoutingAlgorithmWithOSMIT
testMonacoParallel takes a bit time...
Tests run: 27, Failures: 0, Errors: 0, Skipped: 0, Time elapsed: 18.965 sec - in com.graphhopper.routing.RoutingAlgorithmWithOSMIT

Results :

Tests run: 50, Failures: 0, Errors: 0, Skipped: 0

[INFO] 
[INFO] --- maven-failsafe-plugin:2.19.1:verify (default) @ graphhopper-reader-osm ---
[INFO]                                                                         
[INFO] ------------------------------------------------------------------------
[INFO] Building GraphHopper Reader for Gtfs Data 0.9-SNAPSHOT
[INFO] ------------------------------------------------------------------------
[INFO] Downloading: https://repo.osgeo.org/repository/release/com/github/graphhopper/gtfs-lib/f955eec/gtfs-lib-f955eec.pom
[INFO] Downloading: http://insecure.repo1.maven.org/maven2/com/github/graphhopper/gtfs-lib/f955eec/gtfs-lib-f955eec.pom
[INFO] Downloading: https://oss.sonatype.org/content/repositories/releases/com/github/graphhopper/gtfs-lib/f955eec/gtfs-lib-f955eec.pom
[INFO] Downloading: https://repository.apache.org/content/repositories/releases/com/github/graphhopper/gtfs-lib/f955eec/gtfs-lib-f955eec.pom
[INFO] Downloading: https://jitpack.io/com/github/graphhopper/gtfs-lib/f955eec/gtfs-lib-f955eec.pom
[INFO] Downloaded: https://jitpack.io/com/github/graphhopper/gtfs-lib/f955eec/gtfs-lib-f955eec.pom (5 KB at 17.8 KB/sec)
[INFO] Downloading: https://repo.osgeo.org/repository/release/net/sourceforge/javacsv/javacsv/2.0/javacsv-2.0.pom
[INFO] Downloading: http://insecure.repo1.maven.org/maven2/net/sourceforge/javacsv/javacsv/2.0/javacsv-2.0.pom
[INFO] Downloaded: http://insecure.repo1.maven.org/maven2/net/sourceforge/javacsv/javacsv/2.0/javacsv-2.0.pom (865 B at 2.0 KB/sec)
[INFO] Downloading: https://repo.osgeo.org/repository/release/com/beust/jcommander/1.30/jcommander-1.30.pom
[INFO] Downloading: http://insecure.repo1.maven.org/maven2/com/beust/jcommander/1.30/jcommander-1.30.pom
[INFO] Downloaded: http://insecure.repo1.maven.org/maven2/com/beust/jcommander/1.30/jcommander-1.30.pom (8 KB at 17.1 KB/sec)
[INFO] Downloading: https://repo.osgeo.org/repository/release/org/sonatype/oss/oss-parent/3/oss-parent-3.pom
[INFO] Downloading: http://insecure.repo1.maven.org/maven2/org/sonatype/oss/oss-parent/3/oss-parent-3.pom
[INFO] Downloaded: http://insecure.repo1.maven.org/maven2/org/sonatype/oss/oss-parent/3/oss-parent-3.pom (4 KB at 163.6 KB/sec)
[INFO] Downloading: https://repo.osgeo.org/repository/release/com/google/guava/guava/18.0/guava-18.0.pom
[INFO] Downloading: http://insecure.repo1.maven.org/maven2/com/google/guava/guava/18.0/guava-18.0.pom
[INFO] Downloaded: http://insecure.repo1.maven.org/maven2/com/google/guava/guava/18.0/guava-18.0.pom (6 KB at 251.5 KB/sec)
[INFO] Downloading: https://repo.osgeo.org/repository/release/com/google/guava/guava-parent/18.0/guava-parent-18.0.pom
[INFO] Downloading: http://insecure.repo1.maven.org/maven2/com/google/guava/guava-parent/18.0/guava-parent-18.0.pom
[INFO] Downloaded: http://insecure.repo1.maven.org/maven2/com/google/guava/guava-parent/18.0/guava-parent-18.0.pom (8 KB at 341.2 KB/sec)
[INFO] Downloading: https://repo.osgeo.org/repository/release/org/sonatype/oss/oss-parent/7/oss-parent-7.pom
[INFO] Downloading: http://insecure.repo1.maven.org/maven2/org/sonatype/oss/oss-parent/7/oss-parent-7.pom
[INFO] Downloaded: http://insecure.repo1.maven.org/maven2/org/sonatype/oss/oss-parent/7/oss-parent-7.pom (5 KB at 235.5 KB/sec)
[INFO] Downloading: https://repo.osgeo.org/repository/release/org/mapdb/mapdb/1.0.8/mapdb-1.0.8.pom
[INFO] Downloading: http://insecure.repo1.maven.org/maven2/org/mapdb/mapdb/1.0.8/mapdb-1.0.8.pom
[INFO] Downloaded: http://insecure.repo1.maven.org/maven2/org/mapdb/mapdb/1.0.8/mapdb-1.0.8.pom (11 KB at 25.1 KB/sec)
[INFO] Downloading: https://repo.osgeo.org/repository/release/org/slf4j/slf4j-api/1.7.10/slf4j-api-1.7.10.pom
[INFO] Downloading: http://insecure.repo1.maven.org/maven2/org/slf4j/slf4j-api/1.7.10/slf4j-api-1.7.10.pom
[INFO] Downloaded: http://insecure.repo1.maven.org/maven2/org/slf4j/slf4j-api/1.7.10/slf4j-api-1.7.10.pom (3 KB at 129.9 KB/sec)
[INFO] Downloading: https://repo.osgeo.org/repository/release/org/slf4j/slf4j-parent/1.7.10/slf4j-parent-1.7.10.pom
[INFO] Downloading: http://insecure.repo1.maven.org/maven2/org/slf4j/slf4j-parent/1.7.10/slf4j-parent-1.7.10.pom
[INFO] Downloaded: http://insecure.repo1.maven.org/maven2/org/slf4j/slf4j-parent/1.7.10/slf4j-parent-1.7.10.pom (13 KB at 480.4 KB/sec)
[INFO] Downloading: https://repo.osgeo.org/repository/release/org/geotools/gt-api/14.0/gt-api-14.0.pom
[INFO] Downloaded: https://repo.osgeo.org/repository/release/org/geotools/gt-api/14.0/gt-api-14.0.pom (5 KB at 38.6 KB/sec)
[INFO] Downloading: https://repo.osgeo.org/repository/release/org/geotools/library/14.0/library-14.0.pom
[INFO] Downloaded: https://repo.osgeo.org/repository/release/org/geotools/library/14.0/library-14.0.pom (3 KB at 38.3 KB/sec)
[INFO] Downloading: https://repo.osgeo.org/repository/release/org/geotools/modules/14.0/modules-14.0.pom
[INFO] Downloaded: https://repo.osgeo.org/repository/release/org/geotools/modules/14.0/modules-14.0.pom (4 KB at 52.3 KB/sec)
[INFO] Downloading: https://repo.osgeo.org/repository/release/org/geotools/geotools/14.0/geotools-14.0.pom
[INFO] Downloaded: https://repo.osgeo.org/repository/release/org/geotools/geotools/14.0/geotools-14.0.pom (70 KB at 526.5 KB/sec)
[INFO] Downloading: https://repo.osgeo.org/repository/release/org/geotools/gt-referencing/14.0/gt-referencing-14.0.pom
[INFO] Downloaded: https://repo.osgeo.org/repository/release/org/geotools/gt-referencing/14.0/gt-referencing-14.0.pom (8 KB at 105.5 KB/sec)
[INFO] Downloading: https://repo.osgeo.org/repository/release/com/googlecode/efficient-java-matrix-library/core/0.26/core-0.26.pom
[INFO] Downloading: http://insecure.repo1.maven.org/maven2/com/googlecode/efficient-java-matrix-library/core/0.26/core-0.26.pom
[INFO] Downloaded: http://insecure.repo1.maven.org/maven2/com/googlecode/efficient-java-matrix-library/core/0.26/core-0.26.pom (2 KB at 3.6 KB/sec)
[INFO] Downloading: https://repo.osgeo.org/repository/release/commons-pool/commons-pool/1.5.4/commons-pool-1.5.4.pom
[INFO] Downloading: http://insecure.repo1.maven.org/maven2/commons-pool/commons-pool/1.5.4/commons-pool-1.5.4.pom
[INFO] Downloaded: http://insecure.repo1.maven.org/maven2/commons-pool/commons-pool/1.5.4/commons-pool-1.5.4.pom (12 KB at 467.5 KB/sec)
[INFO] Downloading: https://repo.osgeo.org/repository/release/org/apache/commons/commons-parent/12/commons-parent-12.pom
[INFO] Downloading: http://insecure.repo1.maven.org/maven2/org/apache/commons/commons-parent/12/commons-parent-12.pom
[INFO] Downloaded: http://insecure.repo1.maven.org/maven2/org/apache/commons/commons-parent/12/commons-parent-12.pom (27 KB at 973.6 KB/sec)
[INFO] Downloading: https://repo.osgeo.org/repository/release/org/geotools/gt-metadata/14.0/gt-metadata-14.0.pom
[INFO] Downloaded: https://repo.osgeo.org/repository/release/org/geotools/gt-metadata/14.0/gt-metadata-14.0.pom (5 KB at 36.2 KB/sec)
[INFO] Downloading: https://repo.osgeo.org/repository/release/org/geotools/gt-opengis/14.0/gt-opengis-14.0.pom
[INFO] Downloaded: https://repo.osgeo.org/repository/release/org/geotools/gt-opengis/14.0/gt-opengis-14.0.pom (6 KB at 91.2 KB/sec)
[INFO] Downloading: https://repo.osgeo.org/repository/release/net/java/dev/jsr-275/jsr-275/1.0-beta-2/jsr-275-1.0-beta-2.pom
[INFO] Downloading: http://insecure.repo1.maven.org/maven2/net/java/dev/jsr-275/jsr-275/1.0-beta-2/jsr-275-1.0-beta-2.pom
[INFO] Downloaded: http://insecure.repo1.maven.org/maven2/net/java/dev/jsr-275/jsr-275/1.0-beta-2/jsr-275-1.0-beta-2.pom (4 KB at 8.2 KB/sec)
[INFO] Downloading: https://repo.osgeo.org/repository/release/javax/media/jai_core/1.1.3/jai_core-1.1.3.pom
[INFO] Downloaded: https://repo.osgeo.org/repository/release/javax/media/jai_core/1.1.3/jai_core-1.1.3.pom (276 B at 2.9 KB/sec)
[INFO] Downloading: https://repo.osgeo.org/repository/release/jgridshift/jgridshift/1.0/jgridshift-1.0.pom
[INFO] Downloaded: https://repo.osgeo.org/repository/release/jgridshift/jgridshift/1.0/jgridshift-1.0.pom (391 B at 7.8 KB/sec)
[INFO] Downloading: https://repo.osgeo.org/repository/release/net/sf/geographiclib/GeographicLib-Java/1.44/GeographicLib-Java-1.44.pom
[INFO] Downloading: http://insecure.repo1.maven.org/maven2/net/sf/geographiclib/GeographicLib-Java/1.44/GeographicLib-Java-1.44.pom
[INFO] Downloaded: http://insecure.repo1.maven.org/maven2/net/sf/geographiclib/GeographicLib-Java/1.44/GeographicLib-Java-1.44.pom (5 KB at 10.9 KB/sec)
[INFO] Downloading: https://repo.osgeo.org/repository/release/org/geotools/gt-epsg-hsql/11-beta/gt-epsg-hsql-11-beta.pom
[INFO] Downloaded: https://repo.osgeo.org/repository/release/org/geotools/gt-epsg-hsql/11-beta/gt-epsg-hsql-11-beta.pom (6 KB at 38.4 KB/sec)
[INFO] Downloading: https://repo.osgeo.org/repository/release/org/geotools/plugin/11-beta/plugin-11-beta.pom
[INFO] Downloaded: https://repo.osgeo.org/repository/release/org/geotools/plugin/11-beta/plugin-11-beta.pom (3 KB at 23.7 KB/sec)
[INFO] Downloading: https://repo.osgeo.org/repository/release/org/geotools/modules/11-beta/modules-11-beta.pom
[INFO] Downloaded: https://repo.osgeo.org/repository/release/org/geotools/modules/11-beta/modules-11-beta.pom (11 KB at 96.7 KB/sec)
[INFO] Downloading: https://repo.osgeo.org/repository/release/org/geotools/geotools/11-beta/geotools-11-beta.pom
[INFO] Downloaded: https://repo.osgeo.org/repository/release/org/geotools/geotools/11-beta/geotools-11-beta.pom (52 KB at 378.1 KB/sec)
[INFO] Downloading: https://repo.osgeo.org/repository/release/org/geotools/gt-referencing/11-beta/gt-referencing-11-beta.pom
[INFO] Downloaded: https://repo.osgeo.org/repository/release/org/geotools/gt-referencing/11-beta/gt-referencing-11-beta.pom (7 KB at 39.5 KB/sec)
[INFO] Downloading: https://repo.osgeo.org/repository/release/org/geotools/library/11-beta/library-11-beta.pom
[INFO] Downloaded: https://repo.osgeo.org/repository/release/org/geotools/library/11-beta/library-11-beta.pom (3 KB at 12.9 KB/sec)
[INFO] Downloading: https://repo.osgeo.org/repository/release/java3d/vecmath/1.3.2/vecmath-1.3.2.pom
[INFO] Downloaded: https://repo.osgeo.org/repository/release/java3d/vecmath/1.3.2/vecmath-1.3.2.pom (386 B at 7.9 KB/sec)
[INFO] Downloading: https://repo.osgeo.org/repository/release/org/geotools/gt-metadata/11-beta/gt-metadata-11-beta.pom
[INFO] Downloaded: https://repo.osgeo.org/repository/release/org/geotools/gt-metadata/11-beta/gt-metadata-11-beta.pom (5 KB at 56.9 KB/sec)
[INFO] Downloading: https://repo.osgeo.org/repository/release/org/geotools/gt-opengis/11-beta/gt-opengis-11-beta.pom
[INFO] Downloaded: https://repo.osgeo.org/repository/release/org/geotools/gt-opengis/11-beta/gt-opengis-11-beta.pom (7 KB at 53.1 KB/sec)
[INFO] Downloading: https://repo.osgeo.org/repository/release/org/hsqldb/hsqldb/2.2.8/hsqldb-2.2.8.pom
[INFO] Downloading: http://insecure.repo1.maven.org/maven2/org/hsqldb/hsqldb/2.2.8/hsqldb-2.2.8.pom
[INFO] Downloaded: http://insecure.repo1.maven.org/maven2/org/hsqldb/hsqldb/2.2.8/hsqldb-2.2.8.pom (2 KB at 2.7 KB/sec)
[INFO] Downloading: https://repo.osgeo.org/repository/release/com/amazonaws/aws-java-sdk-s3/1.11.18/aws-java-sdk-s3-1.11.18.pom
[INFO] Downloading: http://insecure.repo1.maven.org/maven2/com/amazonaws/aws-java-sdk-s3/1.11.18/aws-java-sdk-s3-1.11.18.pom
[INFO] Downloaded: http://insecure.repo1.maven.org/maven2/com/amazonaws/aws-java-sdk-s3/1.11.18/aws-java-sdk-s3-1.11.18.pom (4 KB at 8.5 KB/sec)
[INFO] Downloading: https://repo.osgeo.org/repository/release/com/amazonaws/aws-java-sdk-pom/1.11.18/aws-java-sdk-pom-1.11.18.pom
[INFO] Downloading: http://insecure.repo1.maven.org/maven2/com/amazonaws/aws-java-sdk-pom/1.11.18/aws-java-sdk-pom-1.11.18.pom
[INFO] Downloaded: http://insecure.repo1.maven.org/maven2/com/amazonaws/aws-java-sdk-pom/1.11.18/aws-java-sdk-pom-1.11.18.pom (9 KB at 18.2 KB/sec)
[INFO] Downloading: https://repo.osgeo.org/repository/release/com/amazonaws/aws-java-sdk-kms/1.11.18/aws-java-sdk-kms-1.11.18.pom
[INFO] Downloading: http://insecure.repo1.maven.org/maven2/com/amazonaws/aws-java-sdk-kms/1.11.18/aws-java-sdk-kms-1.11.18.pom
[INFO] Downloaded: http://insecure.repo1.maven.org/maven2/com/amazonaws/aws-java-sdk-kms/1.11.18/aws-java-sdk-kms-1.11.18.pom (4 KB at 7.7 KB/sec)
[INFO] Downloading: https://repo.osgeo.org/repository/release/com/amazonaws/aws-java-sdk-core/1.11.18/aws-java-sdk-core-1.11.18.pom
[INFO] Downloading: http://insecure.repo1.maven.org/maven2/com/amazonaws/aws-java-sdk-core/1.11.18/aws-java-sdk-core-1.11.18.pom
[INFO] Downloaded: http://insecure.repo1.maven.org/maven2/com/amazonaws/aws-java-sdk-core/1.11.18/aws-java-sdk-core-1.11.18.pom (4 KB at 8.1 KB/sec)
[INFO] Downloading: https://repo.osgeo.org/repository/release/commons-logging/commons-logging/1.1.3/commons-logging-1.1.3.pom
[INFO] Downloading: http://insecure.repo1.maven.org/maven2/commons-logging/commons-logging/1.1.3/commons-logging-1.1.3.pom
[INFO] Downloaded: http://insecure.repo1.maven.org/maven2/commons-logging/commons-logging/1.1.3/commons-logging-1.1.3.pom (18 KB at 746.8 KB/sec)
[INFO] Downloading: https://repo.osgeo.org/repository/release/org/apache/commons/commons-parent/28/commons-parent-28.pom
[INFO] Downloading: http://insecure.repo1.maven.org/maven2/org/apache/commons/commons-parent/28/commons-parent-28.pom
[INFO] Downloaded: http://insecure.repo1.maven.org/maven2/org/apache/commons/commons-parent/28/commons-parent-28.pom (49 KB at 1749.1 KB/sec)
[INFO] Downloading: https://repo.osgeo.org/repository/release/org/apache/httpcomponents/httpclient/4.5.2/httpclient-4.5.2.pom
[INFO] Downloading: http://insecure.repo1.maven.org/maven2/org/apache/httpcomponents/httpclient/4.5.2/httpclient-4.5.2.pom
[INFO] Downloaded: http://insecure.repo1.maven.org/maven2/org/apache/httpcomponents/httpclient/4.5.2/httpclient-4.5.2.pom (7 KB at 297.3 KB/sec)
[INFO] Downloading: https://repo.osgeo.org/repository/release/org/apache/httpcomponents/httpcomponents-client/4.5.2/httpcomponents-client-4.5.2.pom
[INFO] Downloading: http://insecure.repo1.maven.org/maven2/org/apache/httpcomponents/httpcomponents-client/4.5.2/httpcomponents-client-4.5.2.pom
[INFO] Downloaded: http://insecure.repo1.maven.org/maven2/org/apache/httpcomponents/httpcomponents-client/4.5.2/httpcomponents-client-4.5.2.pom (16 KB at 637.7 KB/sec)
[INFO] Downloading: https://repo.osgeo.org/repository/release/org/apache/httpcomponents/project/7/project-7.pom
[INFO] Downloading: http://insecure.repo1.maven.org/maven2/org/apache/httpcomponents/project/7/project-7.pom
[INFO] Downloaded: http://insecure.repo1.maven.org/maven2/org/apache/httpcomponents/project/7/project-7.pom (27 KB at 1108.5 KB/sec)
[INFO] Downloading: https://repo.osgeo.org/repository/release/org/apache/httpcomponents/httpcore/4.4.4/httpcore-4.4.4.pom
[INFO] Downloading: http://insecure.repo1.maven.org/maven2/org/apache/httpcomponents/httpcore/4.4.4/httpcore-4.4.4.pom
[INFO] Downloaded: http://insecure.repo1.maven.org/maven2/org/apache/httpcomponents/httpcore/4.4.4/httpcore-4.4.4.pom (6 KB at 245.1 KB/sec)
[INFO] Downloading: https://repo.osgeo.org/repository/release/org/apache/httpcomponents/httpcomponents-core/4.4.4/httpcomponents-core-4.4.4.pom
[INFO] Downloading: http://insecure.repo1.maven.org/maven2/org/apache/httpcomponents/httpcomponents-core/4.4.4/httpcomponents-core-4.4.4.pom
[INFO] Downloaded: http://insecure.repo1.maven.org/maven2/org/apache/httpcomponents/httpcomponents-core/4.4.4/httpcomponents-core-4.4.4.pom (13 KB at 524.7 KB/sec)
[INFO] Downloading: https://repo.osgeo.org/repository/release/commons-logging/commons-logging/1.2/commons-logging-1.2.pom
[INFO] Downloading: http://insecure.repo1.maven.org/maven2/commons-logging/commons-logging/1.2/commons-logging-1.2.pom
[INFO] Downloaded: http://insecure.repo1.maven.org/maven2/commons-logging/commons-logging/1.2/commons-logging-1.2.pom (19 KB at 750.2 KB/sec)
[INFO] Downloading: https://repo.osgeo.org/repository/release/org/apache/commons/commons-parent/34/commons-parent-34.pom
[INFO] Downloading: http://insecure.repo1.maven.org/maven2/org/apache/commons/commons-parent/34/commons-parent-34.pom
[INFO] Downloaded: http://insecure.repo1.maven.org/maven2/org/apache/commons/commons-parent/34/commons-parent-34.pom (55 KB at 1437.7 KB/sec)
[INFO] Downloading: https://repo.osgeo.org/repository/release/commons-codec/commons-codec/1.9/commons-codec-1.9.pom
[INFO] Downloading: http://insecure.repo1.maven.org/maven2/commons-codec/commons-codec/1.9/commons-codec-1.9.pom
[INFO] Downloaded: http://insecure.repo1.maven.org/maven2/commons-codec/commons-codec/1.9/commons-codec-1.9.pom (12 KB at 469.7 KB/sec)
[INFO] Downloading: https://repo.osgeo.org/repository/release/org/apache/commons/commons-parent/32/commons-parent-32.pom
[INFO] Downloading: http://insecure.repo1.maven.org/maven2/org/apache/commons/commons-parent/32/commons-parent-32.pom
[INFO] Downloaded: http://insecure.repo1.maven.org/maven2/org/apache/commons/commons-parent/32/commons-parent-32.pom (52 KB at 1718.2 KB/sec)
[INFO] Downloading: https://repo.osgeo.org/repository/release/com/fasterxml/jackson/core/jackson-databind/2.6.6/jackson-databind-2.6.6.pom
[INFO] Downloading: http://insecure.repo1.maven.org/maven2/com/fasterxml/jackson/core/jackson-databind/2.6.6/jackson-databind-2.6.6.pom
[INFO] Downloaded: http://insecure.repo1.maven.org/maven2/com/fasterxml/jackson/core/jackson-databind/2.6.6/jackson-databind-2.6.6.pom (6 KB at 269.2 KB/sec)
[INFO] Downloading: https://repo.osgeo.org/repository/release/com/fasterxml/jackson/jackson-parent/2.6.2/jackson-parent-2.6.2.pom
[INFO] Downloading: http://insecure.repo1.maven.org/maven2/com/fasterxml/jackson/jackson-parent/2.6.2/jackson-parent-2.6.2.pom
[INFO] Downloaded: http://insecure.repo1.maven.org/maven2/com/fasterxml/jackson/jackson-parent/2.6.2/jackson-parent-2.6.2.pom (8 KB at 330.8 KB/sec)
[INFO] Downloading: https://repo.osgeo.org/repository/release/com/fasterxml/oss-parent/24/oss-parent-24.pom
[INFO] Downloading: http://insecure.repo1.maven.org/maven2/com/fasterxml/oss-parent/24/oss-parent-24.pom
[INFO] Downloaded: http://insecure.repo1.maven.org/maven2/com/fasterxml/oss-parent/24/oss-parent-24.pom (19 KB at 759.2 KB/sec)
[INFO] Downloading: https://repo.osgeo.org/repository/release/com/fasterxml/jackson/core/jackson-annotations/2.6.0/jackson-annotations-2.6.0.pom
[INFO] Downloading: http://insecure.repo1.maven.org/maven2/com/fasterxml/jackson/core/jackson-annotations/2.6.0/jackson-annotations-2.6.0.pom
[INFO] Downloaded: http://insecure.repo1.maven.org/maven2/com/fasterxml/jackson/core/jackson-annotations/2.6.0/jackson-annotations-2.6.0.pom (2 KB at 54.1 KB/sec)
[INFO] Downloading: https://repo.osgeo.org/repository/release/com/fasterxml/jackson/jackson-parent/2.6.1/jackson-parent-2.6.1.pom
[INFO] Downloading: http://insecure.repo1.maven.org/maven2/com/fasterxml/jackson/jackson-parent/2.6.1/jackson-parent-2.6.1.pom
[INFO] Downloaded: http://insecure.repo1.maven.org/maven2/com/fasterxml/jackson/jackson-parent/2.6.1/jackson-parent-2.6.1.pom (8 KB at 223.9 KB/sec)
[INFO] Downloading: https://repo.osgeo.org/repository/release/com/fasterxml/oss-parent/23/oss-parent-23.pom
[INFO] Downloading: http://insecure.repo1.maven.org/maven2/com/fasterxml/oss-parent/23/oss-parent-23.pom
[INFO] Downloaded: http://insecure.repo1.maven.org/maven2/com/fasterxml/oss-parent/23/oss-parent-23.pom (19 KB at 294.4 KB/sec)
[INFO] Downloading: https://repo.osgeo.org/repository/release/com/fasterxml/jackson/core/jackson-core/2.6.6/jackson-core-2.6.6.pom
[INFO] Downloading: http://insecure.repo1.maven.org/maven2/com/fasterxml/jackson/core/jackson-core/2.6.6/jackson-core-2.6.6.pom
[INFO] Downloaded: http://insecure.repo1.maven.org/maven2/com/fasterxml/jackson/core/jackson-core/2.6.6/jackson-core-2.6.6.pom (5 KB at 226.3 KB/sec)
[INFO] Downloading: https://repo.osgeo.org/repository/release/com/fasterxml/jackson/dataformat/jackson-dataformat-cbor/2.6.6/jackson-dataformat-cbor-2.6.6.pom
[INFO] Downloading: http://insecure.repo1.maven.org/maven2/com/fasterxml/jackson/dataformat/jackson-dataformat-cbor/2.6.6/jackson-dataformat-cbor-2.6.6.pom
[INFO] Downloaded: http://insecure.repo1.maven.org/maven2/com/fasterxml/jackson/dataformat/jackson-dataformat-cbor/2.6.6/jackson-dataformat-cbor-2.6.6.pom (3 KB at 150.9 KB/sec)
[INFO] Downloading: https://repo.osgeo.org/repository/release/joda-time/joda-time/2.8.1/joda-time-2.8.1.pom
[INFO] Downloading: http://insecure.repo1.maven.org/maven2/joda-time/joda-time/2.8.1/joda-time-2.8.1.pom
[INFO] Downloaded: http://insecure.repo1.maven.org/maven2/joda-time/joda-time/2.8.1/joda-time-2.8.1.pom (29 KB at 1038.8 KB/sec)
[INFO] Downloading: https://repo.osgeo.org/repository/release/net/sf/trove4j/trove4j/3.0.3/trove4j-3.0.3.pom
[INFO] Downloading: http://insecure.repo1.maven.org/maven2/net/sf/trove4j/trove4j/3.0.3/trove4j-3.0.3.pom
[INFO] Downloaded: http://insecure.repo1.maven.org/maven2/net/sf/trove4j/trove4j/3.0.3/trove4j-3.0.3.pom (2 KB at 64.0 KB/sec)
[INFO] Downloading: https://repo.osgeo.org/repository/release/com/google/transit/gtfs-realtime-bindings/0.0.4/gtfs-realtime-bindings-0.0.4.pom
[INFO] Downloading: http://insecure.repo1.maven.org/maven2/com/google/transit/gtfs-realtime-bindings/0.0.4/gtfs-realtime-bindings-0.0.4.pom
[INFO] Downloaded: http://insecure.repo1.maven.org/maven2/com/google/transit/gtfs-realtime-bindings/0.0.4/gtfs-realtime-bindings-0.0.4.pom (3 KB at 6.9 KB/sec)
[INFO] Downloading: https://repo.osgeo.org/repository/release/org/hamcrest/hamcrest-library/1.3/hamcrest-library-1.3.pom
[INFO] Downloading: http://insecure.repo1.maven.org/maven2/org/hamcrest/hamcrest-library/1.3/hamcrest-library-1.3.pom
[INFO] Downloaded: http://insecure.repo1.maven.org/maven2/org/hamcrest/hamcrest-library/1.3/hamcrest-library-1.3.pom (820 B at 38.1 KB/sec)
[INFO] Downloading: https://repo.osgeo.org/repository/release/com/github/graphhopper/gtfs-lib/f955eec/gtfs-lib-f955eec.jar
[INFO] Downloading: https://repo.osgeo.org/repository/release/net/sourceforge/javacsv/javacsv/2.0/javacsv-2.0.jar
[INFO] Downloading: https://repo.osgeo.org/repository/release/com/beust/jcommander/1.30/jcommander-1.30.jar
[INFO] Downloading: https://repo.osgeo.org/repository/release/com/google/guava/guava/18.0/guava-18.0.jar
[INFO] Downloading: https://repo.osgeo.org/repository/release/org/mapdb/mapdb/1.0.8/mapdb-1.0.8.jar
[INFO] Downloading: https://repo.osgeo.org/repository/release/org/geotools/gt-api/14.0/gt-api-14.0.jar
[INFO] Downloading: https://repo.osgeo.org/repository/release/org/geotools/gt-referencing/14.0/gt-referencing-14.0.jar
[INFO] Downloading: https://repo.osgeo.org/repository/release/com/googlecode/efficient-java-matrix-library/core/0.26/core-0.26.jar
[INFO] Downloading: https://repo.osgeo.org/repository/release/commons-pool/commons-pool/1.5.4/commons-pool-1.5.4.jar
[INFO] Downloading: https://repo.osgeo.org/repository/release/org/geotools/gt-metadata/14.0/gt-metadata-14.0.jar
[INFO] Downloading: https://repo.osgeo.org/repository/release/org/geotools/gt-opengis/14.0/gt-opengis-14.0.jar
[INFO] Downloading: https://repo.osgeo.org/repository/release/net/java/dev/jsr-275/jsr-275/1.0-beta-2/jsr-275-1.0-beta-2.jar
[INFO] Downloading: https://repo.osgeo.org/repository/release/jgridshift/jgridshift/1.0/jgridshift-1.0.jar
[INFO] Downloaded: https://repo.osgeo.org/repository/release/org/geotools/gt-api/14.0/gt-api-14.0.jar (196 KB at 446.1 KB/sec)
[INFO] Downloading: https://repo.osgeo.org/repository/release/net/sf/geographiclib/GeographicLib-Java/1.44/GeographicLib-Java-1.44.jar
[INFO] Downloaded: https://repo.osgeo.org/repository/release/jgridshift/jgridshift/1.0/jgridshift-1.0.jar (12 KB at 23.9 KB/sec)
[INFO] Downloading: https://repo.osgeo.org/repository/release/javax/media/jai_core/1.1.3/jai_core-1.1.3.jar
[INFO] Downloading: https://repo.osgeo.org/repository/release/org/geotools/gt-epsg-hsql/11-beta/gt-epsg-hsql-11-beta.jar
[INFO] Downloaded: https://repo.osgeo.org/repository/release/org/geotools/gt-opengis/14.0/gt-opengis-14.0.jar (338 KB at 562.9 KB/sec)
[INFO] Downloading: https://repo.osgeo.org/repository/release/org/hsqldb/hsqldb/2.2.8/hsqldb-2.2.8.jar
[INFO] Downloaded: https://repo.osgeo.org/repository/release/org/geotools/gt-metadata/14.0/gt-metadata-14.0.jar (498 KB at 805.5 KB/sec)
[INFO] Downloading: https://repo.osgeo.org/repository/release/com/amazonaws/aws-java-sdk-s3/1.11.18/aws-java-sdk-s3-1.11.18.jar
[INFO] Downloading: https://repo.osgeo.org/repository/release/com/amazonaws/aws-java-sdk-kms/1.11.18/aws-java-sdk-kms-1.11.18.jar
[INFO] Downloading: https://repo.osgeo.org/repository/release/com/amazonaws/aws-java-sdk-core/1.11.18/aws-java-sdk-core-1.11.18.jar
[INFO] Downloading: https://repo.osgeo.org/repository/release/org/apache/httpcomponents/httpclient/4.5.2/httpclient-4.5.2.jar
[INFO] Downloading: https://repo.osgeo.org/repository/release/org/apache/httpcomponents/httpcore/4.4.4/httpcore-4.4.4.jar
[INFO] Downloading: https://repo.osgeo.org/repository/release/commons-codec/commons-codec/1.9/commons-codec-1.9.jar
[INFO] Downloaded: https://repo.osgeo.org/repository/release/org/geotools/gt-referencing/14.0/gt-referencing-14.0.jar (1138 KB at 1132.5 KB/sec)
[INFO] Downloading: https://repo.osgeo.org/repository/release/com/fasterxml/jackson/core/jackson-databind/2.6.6/jackson-databind-2.6.6.jar
[INFO] Downloading: https://repo.osgeo.org/repository/release/com/fasterxml/jackson/core/jackson-core/2.6.6/jackson-core-2.6.6.jar
[INFO] Downloading: https://repo.osgeo.org/repository/release/com/fasterxml/jackson/dataformat/jackson-dataformat-cbor/2.6.6/jackson-dataformat-cbor-2.6.6.jar
[INFO] Downloading: https://repo.osgeo.org/repository/release/joda-time/joda-time/2.8.1/joda-time-2.8.1.jar
[INFO] Downloading: https://repo.osgeo.org/repository/release/net/sf/trove4j/trove4j/3.0.3/trove4j-3.0.3.jar
[INFO] Downloading: https://repo.osgeo.org/repository/release/com/google/transit/gtfs-realtime-bindings/0.0.4/gtfs-realtime-bindings-0.0.4.jar
[INFO] Downloading: https://repo.osgeo.org/repository/release/org/hamcrest/hamcrest-library/1.3/hamcrest-library-1.3.jar
[INFO] Downloaded: https://repo.osgeo.org/repository/release/javax/media/jai_core/1.1.3/jai_core-1.1.3.jar (1857 KB at 1409.3 KB/sec)
[INFO] Downloaded: https://repo.osgeo.org/repository/release/org/geotools/gt-epsg-hsql/11-beta/gt-epsg-hsql-11-beta.jar (1915 KB at 1156.7 KB/sec)
[INFO] Downloading: http://insecure.repo1.maven.org/maven2/com/github/graphhopper/gtfs-lib/f955eec/gtfs-lib-f955eec.jar
[INFO] Downloading: http://insecure.repo1.maven.org/maven2/net/sourceforge/javacsv/javacsv/2.0/javacsv-2.0.jar
[INFO] Downloading: http://insecure.repo1.maven.org/maven2/com/beust/jcommander/1.30/jcommander-1.30.jar
[INFO] Downloading: http://insecure.repo1.maven.org/maven2/com/google/guava/guava/18.0/guava-18.0.jar
[INFO] Downloading: http://insecure.repo1.maven.org/maven2/org/mapdb/mapdb/1.0.8/mapdb-1.0.8.jar
[INFO] Downloaded: http://insecure.repo1.maven.org/maven2/com/google/guava/guava/18.0/guava-18.0.jar (2204 KB at 18361.1 KB/sec)
[INFO] Downloading: http://insecure.repo1.maven.org/maven2/com/googlecode/efficient-java-matrix-library/core/0.26/core-0.26.jar
[INFO] Downloading: http://insecure.repo1.maven.org/maven2/commons-pool/commons-pool/1.5.4/commons-pool-1.5.4.jar
[INFO] Downloaded: http://insecure.repo1.maven.org/maven2/net/sourceforge/javacsv/javacsv/2.0/javacsv-2.0.jar (14 KB at 50.2 KB/sec)
[INFO] Downloading: http://insecure.repo1.maven.org/maven2/net/java/dev/jsr-275/jsr-275/1.0-beta-2/jsr-275-1.0-beta-2.jar
[INFO] Downloaded: http://insecure.repo1.maven.org/maven2/commons-pool/commons-pool/1.5.4/commons-pool-1.5.4.jar (94 KB at 310.1 KB/sec)
[INFO] Downloading: http://insecure.repo1.maven.org/maven2/net/sf/geographiclib/GeographicLib-Java/1.44/GeographicLib-Java-1.44.jar
[INFO] Downloaded: http://insecure.repo1.maven.org/maven2/com/beust/jcommander/1.30/jcommander-1.30.jar (59 KB at 87.2 KB/sec)
[INFO] Downloading: http://insecure.repo1.maven.org/maven2/org/hsqldb/hsqldb/2.2.8/hsqldb-2.2.8.jar
[INFO] Downloaded: http://insecure.repo1.maven.org/maven2/net/sf/geographiclib/GeographicLib-Java/1.44/GeographicLib-Java-1.44.jar (31 KB at 40.6 KB/sec)
[INFO] Downloading: http://insecure.repo1.maven.org/maven2/com/amazonaws/aws-java-sdk-s3/1.11.18/aws-java-sdk-s3-1.11.18.jar
[INFO] Downloaded: http://insecure.repo1.maven.org/maven2/com/googlecode/efficient-java-matrix-library/core/0.26/core-0.26.jar (335 KB at 406.0 KB/sec)
[INFO] Downloading: http://insecure.repo1.maven.org/maven2/com/amazonaws/aws-java-sdk-kms/1.11.18/aws-java-sdk-kms-1.11.18.jar
[INFO] Downloaded: http://insecure.repo1.maven.org/maven2/org/mapdb/mapdb/1.0.8/mapdb-1.0.8.jar (407 KB at 441.2 KB/sec)
[INFO] Downloading: http://insecure.repo1.maven.org/maven2/com/amazonaws/aws-java-sdk-core/1.11.18/aws-java-sdk-core-1.11.18.jar
[INFO] Downloaded: http://insecure.repo1.maven.org/maven2/net/java/dev/jsr-275/jsr-275/1.0-beta-2/jsr-275-1.0-beta-2.jar (90 KB at 84.2 KB/sec)
[INFO] Downloading: http://insecure.repo1.maven.org/maven2/org/apache/httpcomponents/httpclient/4.5.2/httpclient-4.5.2.jar
[INFO] Downloaded: http://insecure.repo1.maven.org/maven2/com/amazonaws/aws-java-sdk-kms/1.11.18/aws-java-sdk-kms-1.11.18.jar (376 KB at 238.1 KB/sec)
[INFO] Downloading: http://insecure.repo1.maven.org/maven2/org/apache/httpcomponents/httpcore/4.4.4/httpcore-4.4.4.jar
[INFO] Downloaded: http://insecure.repo1.maven.org/maven2/org/apache/httpcomponents/httpcore/4.4.4/httpcore-4.4.4.jar (320 KB at 197.8 KB/sec)
[INFO] Downloading: http://insecure.repo1.maven.org/maven2/commons-codec/commons-codec/1.9/commons-codec-1.9.jar
[INFO] Downloaded: http://insecure.repo1.maven.org/maven2/commons-codec/commons-codec/1.9/commons-codec-1.9.jar (258 KB at 157.8 KB/sec)
[INFO] Downloading: http://insecure.repo1.maven.org/maven2/com/fasterxml/jackson/core/jackson-databind/2.6.6/jackson-databind-2.6.6.jar
[INFO] Downloaded: http://insecure.repo1.maven.org/maven2/com/fasterxml/jackson/core/jackson-databind/2.6.6/jackson-databind-2.6.6.jar (1144 KB at 676.8 KB/sec)
[INFO] Downloading: http://insecure.repo1.maven.org/maven2/com/fasterxml/jackson/core/jackson-core/2.6.6/jackson-core-2.6.6.jar
[INFO] Downloaded: http://insecure.repo1.maven.org/maven2/com/fasterxml/jackson/core/jackson-core/2.6.6/jackson-core-2.6.6.jar (253 KB at 147.6 KB/sec)
[INFO] Downloading: http://insecure.repo1.maven.org/maven2/com/fasterxml/jackson/dataformat/jackson-dataformat-cbor/2.6.6/jackson-dataformat-cbor-2.6.6.jar
[INFO] Downloaded: http://insecure.repo1.maven.org/maven2/com/fasterxml/jackson/dataformat/jackson-dataformat-cbor/2.6.6/jackson-dataformat-cbor-2.6.6.jar (48 KB at 27.4 KB/sec)
[INFO] Downloading: http://insecure.repo1.maven.org/maven2/joda-time/joda-time/2.8.1/joda-time-2.8.1.jar
[INFO] Downloaded: http://insecure.repo1.maven.org/maven2/joda-time/joda-time/2.8.1/joda-time-2.8.1.jar (608 KB at 340.4 KB/sec)
[INFO] Downloading: http://insecure.repo1.maven.org/maven2/net/sf/trove4j/trove4j/3.0.3/trove4j-3.0.3.jar
[INFO] Downloaded: http://insecure.repo1.maven.org/maven2/net/sf/trove4j/trove4j/3.0.3/trove4j-3.0.3.jar (2465 KB at 1301.7 KB/sec)
[INFO] Downloading: http://insecure.repo1.maven.org/maven2/com/google/transit/gtfs-realtime-bindings/0.0.4/gtfs-realtime-bindings-0.0.4.jar
[INFO] Downloaded: http://insecure.repo1.maven.org/maven2/com/google/transit/gtfs-realtime-bindings/0.0.4/gtfs-realtime-bindings-0.0.4.jar (205 KB at 106.8 KB/sec)
[INFO] Downloading: http://insecure.repo1.maven.org/maven2/org/hamcrest/hamcrest-library/1.3/hamcrest-library-1.3.jar
[INFO] Downloaded: http://insecure.repo1.maven.org/maven2/com/amazonaws/aws-java-sdk-s3/1.11.18/aws-java-sdk-s3-1.11.18.jar (632 KB at 326.8 KB/sec)
[INFO] Downloaded: http://insecure.repo1.maven.org/maven2/org/hamcrest/hamcrest-library/1.3/hamcrest-library-1.3.jar (52 KB at 26.6 KB/sec)
[INFO] Downloaded: http://insecure.repo1.maven.org/maven2/org/apache/httpcomponents/httpclient/4.5.2/httpclient-4.5.2.jar (720 KB at 325.2 KB/sec)
[INFO] Downloaded: http://insecure.repo1.maven.org/maven2/com/amazonaws/aws-java-sdk-core/1.11.18/aws-java-sdk-core-1.11.18.jar (633 KB at 227.6 KB/sec)
[INFO] Downloaded: http://insecure.repo1.maven.org/maven2/org/hsqldb/hsqldb/2.2.8/hsqldb-2.2.8.jar (1363 KB at 373.0 KB/sec)
[INFO] Downloading: https://oss.sonatype.org/content/repositories/releases/com/github/graphhopper/gtfs-lib/f955eec/gtfs-lib-f955eec.jar
[INFO] Downloading: https://repository.apache.org/content/repositories/releases/com/github/graphhopper/gtfs-lib/f955eec/gtfs-lib-f955eec.jar
[INFO] Downloading: https://jitpack.io/com/github/graphhopper/gtfs-lib/f955eec/gtfs-lib-f955eec.jar
[INFO] Downloaded: https://jitpack.io/com/github/graphhopper/gtfs-lib/f955eec/gtfs-lib-f955eec.jar (195 KB at 283.3 KB/sec)
[INFO] 
[INFO] --- maven-clean-plugin:2.5:clean (default-clean) @ graphhopper-reader-gtfs ---
[INFO] 
[INFO] --- maven-resources-plugin:2.6:resources (default-resources) @ graphhopper-reader-gtfs ---
[INFO] Using 'UTF-8' encoding to copy filtered resources.
[INFO] skip non existing resourceDirectory /home/travis/build/failed/graphhopper/graphhopper/reader-gtfs/src/main/resources
[INFO] 
[INFO] --- maven-compiler-plugin:3.5.1:compile (default-compile) @ graphhopper-reader-gtfs ---
[INFO] Changes detected - recompiling the module!
[INFO] Compiling 26 source files to /home/travis/build/failed/graphhopper/graphhopper/reader-gtfs/target/classes
[INFO] 
[INFO] --- maven-resources-plugin:2.6:testResources (default-testResources) @ graphhopper-reader-gtfs ---
[INFO] Using 'UTF-8' encoding to copy filtered resources.
[INFO] skip non existing resourceDirectory /home/travis/build/failed/graphhopper/graphhopper/reader-gtfs/src/test/resources
[INFO] 
[INFO] --- maven-compiler-plugin:3.5.1:testCompile (default-testCompile) @ graphhopper-reader-gtfs ---
[INFO] Changes detected - recompiling the module!
[INFO] Compiling 3 source files to /home/travis/build/failed/graphhopper/graphhopper/reader-gtfs/target/test-classes
[INFO] 
[INFO] --- maven-surefire-plugin:2.19.1:test (default-test) @ graphhopper-reader-gtfs ---

-------------------------------------------------------
 T E S T S
-------------------------------------------------------
Running com.graphhopper.gtfs.fare.FareTest
Tests run: 5, Failures: 0, Errors: 0, Skipped: 0, Time elapsed: 3.25 sec - in com.graphhopper.gtfs.fare.FareTest

Results :

Tests run: 5, Failures: 0, Errors: 0, Skipped: 0

[INFO] 
[INFO] --- maven-resources-plugin:2.6:resources (default-resources) @ graphhopper-reader-gtfs ---
[INFO] Using 'UTF-8' encoding to copy filtered resources.
[INFO] skip non existing resourceDirectory /home/travis/build/failed/graphhopper/graphhopper/reader-gtfs/src/main/resources
[INFO] 
[INFO] --- maven-compiler-plugin:3.5.1:compile (default-compile) @ graphhopper-reader-gtfs ---
[INFO] Nothing to compile - all classes are up to date
[INFO] 
[INFO] --- maven-resources-plugin:2.6:testResources (default-testResources) @ graphhopper-reader-gtfs ---
[INFO] Using 'UTF-8' encoding to copy filtered resources.
[INFO] skip non existing resourceDirectory /home/travis/build/failed/graphhopper/graphhopper/reader-gtfs/src/test/resources
[INFO] 
[INFO] --- maven-compiler-plugin:3.5.1:testCompile (default-testCompile) @ graphhopper-reader-gtfs ---
[INFO] Nothing to compile - all classes are up to date
[INFO] 
[INFO] --- maven-surefire-plugin:2.19.1:test (default-test) @ graphhopper-reader-gtfs ---
[INFO] Skipping execution of surefire because it has already been run for this configuration
[INFO] 
[INFO] --- maven-jar-plugin:3.0.2:jar (default-jar) @ graphhopper-reader-gtfs ---
[INFO] Building jar: /home/travis/build/failed/graphhopper/graphhopper/reader-gtfs/target/graphhopper-reader-gtfs-0.9-SNAPSHOT.jar
[INFO] 
[INFO] --- maven-failsafe-plugin:2.19.1:integration-test (default) @ graphhopper-reader-gtfs ---

-------------------------------------------------------
 T E S T S
-------------------------------------------------------
Running com.graphhopper.RealtimeIT
Tests run: 4, Failures: 0, Errors: 4, Skipped: 0, Time elapsed: 2.215 sec <<< FAILURE! - in com.graphhopper.RealtimeIT
testSkipDepartureStop(com.graphhopper.RealtimeIT)  Time elapsed: 0.063 sec  <<< ERROR!
java.lang.NullPointerException: text
	at com.graphhopper.RealtimeIT.testSkipDepartureStop(RealtimeIT.java:75)

testBlockTrips(com.graphhopper.RealtimeIT)  Time elapsed: 0.001 sec  <<< ERROR!
java.lang.NullPointerException: text
	at com.graphhopper.RealtimeIT.testBlockTrips(RealtimeIT.java:167)

testSkipTransferStop(com.graphhopper.RealtimeIT)  Time elapsed: 0.001 sec  <<< ERROR!
java.lang.NullPointerException: text
	at com.graphhopper.RealtimeIT.testSkipTransferStop(RealtimeIT.java:137)

testSkipArrivalStop(com.graphhopper.RealtimeIT)  Time elapsed: 0.001 sec  <<< ERROR!
java.lang.NullPointerException: text
	at com.graphhopper.RealtimeIT.testSkipArrivalStop(RealtimeIT.java:106)

Running com.graphhopper.GraphHopperGtfsIT
Tests run: 15, Failures: 0, Errors: 15, Skipped: 0, Time elapsed: 0.677 sec <<< FAILURE! - in com.graphhopper.GraphHopperGtfsIT
testRoute1ProfileEarliestArrival(com.graphhopper.GraphHopperGtfsIT)  Time elapsed: 0.002 sec  <<< ERROR!
java.lang.NullPointerException: text
	at com.graphhopper.GraphHopperGtfsIT.testRoute1ProfileEarliestArrival(GraphHopperGtfsIT.java:144)

testRoute1GoesAt744(com.graphhopper.GraphHopperGtfsIT)  Time elapsed: 0 sec  <<< ERROR!
java.lang.NullPointerException: text
	at com.graphhopper.GraphHopperGtfsIT.testRoute1GoesAt744(GraphHopperGtfsIT.java:103)

testWeekendRouteWorksOnlyOnWeekend(com.graphhopper.GraphHopperGtfsIT)  Time elapsed: 0.001 sec  <<< ERROR!
java.lang.NullPointerException: text
	at com.graphhopper.GraphHopperGtfsIT.testWeekendRouteWorksOnlyOnWeekend(GraphHopperGtfsIT.java:249)

testTransferRules(com.graphhopper.GraphHopperGtfsIT)  Time elapsed: 0 sec  <<< ERROR!
java.lang.NullPointerException: text
	at com.graphhopper.GraphHopperGtfsIT.testTransferRules(GraphHopperGtfsIT.java:299)

testRoute1DoesNotGoAt654(com.graphhopper.GraphHopperGtfsIT)  Time elapsed: 0.001 sec  <<< ERROR!
java.lang.NullPointerException: text
	at com.graphhopper.GraphHopperGtfsIT.testRoute1DoesNotGoAt654(GraphHopperGtfsIT.java:85)

testBlockTrips(com.graphhopper.GraphHopperGtfsIT)  Time elapsed: 0 sec  <<< ERROR!
java.lang.NullPointerException: text
	at com.graphhopper.GraphHopperGtfsIT.testBlockTrips(GraphHopperGtfsIT.java:278)

testRoute1ProfileLatestDeparture(com.graphhopper.GraphHopperGtfsIT)  Time elapsed: 0 sec  <<< ERROR!
java.lang.NullPointerException: text
	at com.graphhopper.GraphHopperGtfsIT.testRoute1ProfileLatestDeparture(GraphHopperGtfsIT.java:171)

testRouteWithLaterDepartureTime(com.graphhopper.GraphHopperGtfsIT)  Time elapsed: 0.001 sec  <<< ERROR!
java.lang.NullPointerException: text
	at com.graphhopper.GraphHopperGtfsIT.assertTravelTimeIs(GraphHopperGtfsIT.java:351)
	at com.graphhopper.GraphHopperGtfsIT.testRouteWithLaterDepartureTime(GraphHopperGtfsIT.java:234)

testRoute1ArriveBy(com.graphhopper.GraphHopperGtfsIT)  Time elapsed: 0.001 sec  <<< ERROR!
java.lang.NullPointerException: text
	at com.graphhopper.GraphHopperGtfsIT.testRoute1ArriveBy(GraphHopperGtfsIT.java:123)

testRoute1(com.graphhopper.GraphHopperGtfsIT)  Time elapsed: 0 sec  <<< ERROR!
java.lang.NullPointerException: text
	at com.graphhopper.GraphHopperGtfsIT.testRoute1(GraphHopperGtfsIT.java:68)

testRoute2(com.graphhopper.GraphHopperGtfsIT)  Time elapsed: 0.001 sec  <<< ERROR!
java.lang.NullPointerException: text
	at com.graphhopper.GraphHopperGtfsIT.assertTravelTimeIs(GraphHopperGtfsIT.java:351)
	at com.graphhopper.GraphHopperGtfsIT.assertTravelTimeIs(GraphHopperGtfsIT.java:359)
	at com.graphhopper.GraphHopperGtfsIT.testRoute2(GraphHopperGtfsIT.java:186)

testRoute3(com.graphhopper.GraphHopperGtfsIT)  Time elapsed: 0 sec  <<< ERROR!
java.lang.NullPointerException: text
	at com.graphhopper.GraphHopperGtfsIT.assertTravelTimeIs(GraphHopperGtfsIT.java:351)
	at com.graphhopper.GraphHopperGtfsIT.assertTravelTimeIs(GraphHopperGtfsIT.java:359)
	at com.graphhopper.GraphHopperGtfsIT.testRoute3(GraphHopperGtfsIT.java:193)

testRoute4(com.graphhopper.GraphHopperGtfsIT)  Time elapsed: 0 sec  <<< ERROR!
java.lang.NullPointerException: text
	at com.graphhopper.GraphHopperGtfsIT.assertTravelTimeIs(GraphHopperGtfsIT.java:351)
	at com.graphhopper.GraphHopperGtfsIT.assertTravelTimeIs(GraphHopperGtfsIT.java:359)
	at com.graphhopper.GraphHopperGtfsIT.testRoute4(GraphHopperGtfsIT.java:200)

testRoute5(com.graphhopper.GraphHopperGtfsIT)  Time elapsed: 0 sec  <<< ERROR!
java.lang.NullPointerException: text
	at com.graphhopper.GraphHopperGtfsIT.testRoute5(GraphHopperGtfsIT.java:213)

testRoute6(com.graphhopper.GraphHopperGtfsIT)  Time elapsed: 0 sec  <<< ERROR!
java.lang.NullPointerException: text
	at com.graphhopper.GraphHopperGtfsIT.assertNoRoute(GraphHopperGtfsIT.java:370)
	at com.graphhopper.GraphHopperGtfsIT.testRoute6(GraphHopperGtfsIT.java:226)


Results :

Tests in error: 
  GraphHopperGtfsIT.testBlockTrips:278 » NullPointer text
  GraphHopperGtfsIT.testRoute1:68 » NullPointer text
  GraphHopperGtfsIT.testRoute1ArriveBy:123 » NullPointer text
  GraphHopperGtfsIT.testRoute1DoesNotGoAt654:85 » NullPointer text
  GraphHopperGtfsIT.testRoute1GoesAt744:103 » NullPointer text
  GraphHopperGtfsIT.testRoute1ProfileEarliestArrival:144 » NullPointer text
  GraphHopperGtfsIT.testRoute1ProfileLatestDeparture:171 » NullPointer text
  GraphHopperGtfsIT.testRoute2:186->assertTravelTimeIs:359->assertTravelTimeIs:351 » NullPointer
  GraphHopperGtfsIT.testRoute3:193->assertTravelTimeIs:359->assertTravelTimeIs:351 » NullPointer
  GraphHopperGtfsIT.testRoute4:200->assertTravelTimeIs:359->assertTravelTimeIs:351 » NullPointer
  GraphHopperGtfsIT.testRoute5:213 » NullPointer text
  GraphHopperGtfsIT.testRoute6:226->assertNoRoute:370 » NullPointer text
  GraphHopperGtfsIT.testRouteWithLaterDepartureTime:234->assertTravelTimeIs:351 » NullPointer
  GraphHopperGtfsIT.testTransferRules:299 » NullPointer text
  GraphHopperGtfsIT.testWeekendRouteWorksOnlyOnWeekend:249 » NullPointer text
  RealtimeIT.testBlockTrips:167 » NullPointer text
  RealtimeIT.testSkipArrivalStop:106 » NullPointer text
  RealtimeIT.testSkipDepartureStop:75 » NullPointer text
  RealtimeIT.testSkipTransferStop:137 » NullPointer text

Tests run: 19, Failures: 0, Errors: 19, Skipped: 0

[INFO] 
[INFO] --- maven-failsafe-plugin:2.19.1:verify (default) @ graphhopper-reader-gtfs ---
[INFO] ------------------------------------------------------------------------
[INFO] Reactor Summary:
[INFO] 
[INFO] GraphHopper Parent Project ......................... SUCCESS [ 13.721 s]
[INFO] GraphHopper Core ................................... SUCCESS [ 55.291 s]
[INFO] GraphHopper Reader for OpenStreetMap Data .......... SUCCESS [ 39.547 s]
[INFO] GraphHopper Reader for Gtfs Data ................... FAILURE [ 41.033 s]
[INFO] GraphHopper Reader JSON ............................ SKIPPED
[INFO] GraphHopper Tools .................................. SKIPPED
[INFO] GraphHopper Web .................................... SKIPPED
[INFO] GraphHopper Reader for Shapefile Data .............. SKIPPED
[INFO] ------------------------------------------------------------------------
[INFO] BUILD FAILURE
[INFO] ------------------------------------------------------------------------
[INFO] Total time: 02:30 min
[INFO] Finished at: 2022-08-19T15:07:37+00:00
[INFO] Final Memory: 17M/326M
[INFO] ------------------------------------------------------------------------
[ERROR] Failed to execute goal org.apache.maven.plugins:maven-failsafe-plugin:2.19.1:verify (default) on project graphhopper-reader-gtfs: There are test failures.
[ERROR] 
[ERROR] Please refer to /home/travis/build/failed/graphhopper/graphhopper/reader-gtfs/target/failsafe-reports for the individual test results.
[ERROR] -> [Help 1]
[ERROR] 
[ERROR] To see the full stack trace of the errors, re-run Maven with the -e switch.
[ERROR] Re-run Maven using the -X switch to enable full debug logging.
[ERROR] 
[ERROR] For more information about the errors and possible solutions, please read the following articles:
[ERROR] [Help 1] http://cwiki.apache.org/confluence/display/MAVEN/MojoFailureException
[ERROR] 
[ERROR] After correcting the problems, you can resume the build with the command
[ERROR]   mvn <goals> -rf :graphhopper-reader-gtfs
travis_time:end:04043388:start=1660921506026918353,finish=1660921657810377129,duration=151783458776[0K[31;1mThe command "mvn clean test verify -Dhttps.protocols=TLSv1.2 -B" exited with 1.[0m

travis_fold:start:cache.2[0Kstore build cache
travis_time:start:18613b40[0Ktravis_time:end:18613b40:start=1660921657818559578,finish=1660921657824863796,duration=6304218[0Ktravis_time:start:01f476e1[0KYAML safe loading is not available. Please upgrade psych to a version that supports safe loading (>= 2.0).
[32;1mchanges detected, packing new archive[0m
[32;1muploading /[0m
[31;1mfailed to upload cache[0m
travis_time:end:01f476e1:start=1660921657832042001,finish=1660921660715738015,duration=2883696014[0Ktravis_fold:end:cache.2[0K

Done. Your build exited with 1.
