[[1;34mINFO[m] Scanning for projects...
[[1;34mINFO[m] [1m------------------------------------------------------------------------[m
[[1;34mINFO[m] [1mReactor Build Order:[m
[[1;34mINFO[m] 
[[1;34mINFO[m] accumulo                                                           [pom]
[[1;34mINFO[m] cloudtrace                                                         [jar]
[[1;34mINFO[m] accumulo-start                                                     [jar]
[[1;34mINFO[m] accumulo-core                                                      [jar]
[[1;34mINFO[m] accumulo-server                                                    [jar]
[[1;34mINFO[m] accumulo-examples                                                  [jar]
[[1;34mINFO[m] accumulo-assemble                                                  [pom]
[[1;34mINFO[m] 
[[1;34mINFO[m] [1m--------------------< [0;36morg.apache.accumulo:accumulo[0;1m >--------------------[m
[[1;34mINFO[m] [1mBuilding accumulo 1.5.0-incubating-SNAPSHOT                        [1/7][m
[[1;34mINFO[m] [1m--------------------------------[ pom ]---------------------------------[m
Downloading from central: https://repo.maven.apache.org/maven2/org/apache/maven/plugins/maven-enforcer-plugin/1.0.1/maven-enforcer-plugin-1.0.1.pom
Progress (1): 2.7/6.5 kBProgress (1): 5.5/6.5 kBProgress (1): 6.5 kB                        Downloaded from central: https://repo.maven.apache.org/maven2/org/apache/maven/plugins/maven-enforcer-plugin/1.0.1/maven-enforcer-plugin-1.0.1.pom (6.5 kB at 11 kB/s)
Downloading from central: https://repo.maven.apache.org/maven2/org/apache/maven/enforcer/enforcer/1.0.1/enforcer-1.0.1.pom
Progress (1): 2.7/11 kBProgress (1): 5.5/11 kBProgress (1): 8.2/11 kBProgress (1): 11/11 kB Progress (1): 11 kB                      Downloaded from central: https://repo.maven.apache.org/maven2/org/apache/maven/enforcer/enforcer/1.0.1/enforcer-1.0.1.pom (11 kB at 236 kB/s)
Downloading from central: https://repo.maven.apache.org/maven2/org/apache/maven/plugins/maven-enforcer-plugin/1.0.1/maven-enforcer-plugin-1.0.1.jar
Progress (1): 2.7/22 kBProgress (1): 5.5/22 kBProgress (1): 8.2/22 kBProgress (1): 11/22 kB Progress (1): 14/22 kBProgress (1): 16/22 kBProgress (1): 19/22 kBProgress (1): 21/22 kBProgress (1): 22 kB                      Downloaded from central: https://repo.maven.apache.org/maven2/org/apache/maven/plugins/maven-enforcer-plugin/1.0.1/maven-enforcer-plugin-1.0.1.jar (22 kB at 357 kB/s)
Downloading from central: https://repo.maven.apache.org/maven2/org/apache/maven/plugins/maven-dependency-plugin/2.3/maven-dependency-plugin-2.3.pom
Progress (1): 2.7/11 kBProgress (1): 5.5/11 kBProgress (1): 8.2/11 kBProgress (1): 11 kB                       Downloaded from central: https://repo.maven.apache.org/maven2/org/apache/maven/plugins/maven-dependency-plugin/2.3/maven-dependency-plugin-2.3.pom (11 kB at 329 kB/s)
Downloading from central: https://repo.maven.apache.org/maven2/org/apache/maven/plugins/maven-dependency-plugin/2.3/maven-dependency-plugin-2.3.jar
Progress (1): 4.1/132 kBProgress (1): 8.2/132 kBProgress (1): 12/132 kB Progress (1): 16/132 kBProgress (1): 20/132 kBProgress (1): 24/132 kBProgress (1): 28/132 kBProgress (1): 32/132 kBProgress (1): 36/132 kBProgress (1): 40/132 kBProgress (1): 45/132 kBProgress (1): 49/132 kBProgress (1): 53/132 kBProgress (1): 57/132 kBProgress (1): 61/132 kBProgress (1): 65/132 kBProgress (1): 69/132 kBProgress (1): 73/132 kBProgress (1): 77/132 kBProgress (1): 81/132 kBProgress (1): 85/132 kBProgress (1): 90/132 kBProgress (1): 94/132 kBProgress (1): 98/132 kBProgress (1): 102/132 kBProgress (1): 106/132 kBProgress (1): 110/132 kBProgress (1): 114/132 kBProgress (1): 118/132 kBProgress (1): 122/132 kBProgress (1): 126/132 kBProgress (1): 131/132 kBProgress (1): 132 kB                        Downloaded from central: https://repo.maven.apache.org/maven2/org/apache/maven/plugins/maven-dependency-plugin/2.3/maven-dependency-plugin-2.3.jar (132 kB at 2.0 MB/s)
[[1;34mINFO[m] 
[[1;34mINFO[m] [1m--- [0;32mmaven-enforcer-plugin:1.0.1:enforce[m [1m(enforce-mvn)[m @ [36maccumulo[0;1m ---[m
Downloading from central: https://repo.maven.apache.org/maven2/org/apache/maven/enforcer/enforcer-api/1.0.1/enforcer-api-1.0.1.pom
Progress (1): 3.2 kB                    Downloaded from central: https://repo.maven.apache.org/maven2/org/apache/maven/enforcer/enforcer-api/1.0.1/enforcer-api-1.0.1.pom (3.2 kB at 123 kB/s)
Downloading from central: https://repo.maven.apache.org/maven2/org/apache/maven/enforcer/enforcer-rules/1.0.1/enforcer-rules-1.0.1.pom
Progress (1): 4.0 kB                    Downloaded from central: https://repo.maven.apache.org/maven2/org/apache/maven/enforcer/enforcer-rules/1.0.1/enforcer-rules-1.0.1.pom (4.0 kB at 223 kB/s)
Downloading from central: https://repo.maven.apache.org/maven2/org/apache/maven/enforcer/enforcer-api/1.0.1/enforcer-api-1.0.1.jar
Downloading from central: https://repo.maven.apache.org/maven2/org/apache/maven/enforcer/enforcer-rules/1.0.1/enforcer-rules-1.0.1.jar
Progress (1): 4.1/9.8 kBProgress (1): 8.2/9.8 kBProgress (1): 9.8 kB                        Downloaded from central: https://repo.maven.apache.org/maven2/org/apache/maven/enforcer/enforcer-api/1.0.1/enforcer-api-1.0.1.jar (9.8 kB at 316 kB/s)
Progress (1): 2.7/61 kBProgress (1): 5.5/61 kBProgress (1): 8.2/61 kBProgress (1): 11/61 kB Progress (1): 14/61 kBProgress (1): 16/61 kBProgress (1): 19/61 kBProgress (1): 21/61 kBProgress (1): 24/61 kBProgress (1): 27/61 kBProgress (1): 30/61 kBProgress (1): 32/61 kBProgress (1): 35/61 kBProgress (1): 38/61 kBProgress (1): 40/61 kBProgress (1): 43/61 kBProgress (1): 46/61 kBProgress (1): 49/61 kBProgress (1): 51/61 kBProgress (1): 54/61 kBProgress (1): 57/61 kBProgress (1): 60/61 kBProgress (1): 61 kB                      Downloaded from central: https://repo.maven.apache.org/maven2/org/apache/maven/enforcer/enforcer-rules/1.0.1/enforcer-rules-1.0.1.jar (61 kB at 896 kB/s)
[[1;34mINFO[m] 
[[1;34mINFO[m] [1m--- [0;32mmaven-remote-resources-plugin:1.2.1:process[m [1m(default)[m @ [36maccumulo[0;1m ---[m
[[1;34mINFO[m] 
[[1;34mINFO[m] [1m--- [0;32mmaven-dependency-plugin:2.3:copy-dependencies[m [1m(copy-dependencies)[m @ [36maccumulo[0;1m ---[m
Downloading from central: https://repo.maven.apache.org/maven2/org/codehaus/plexus/plexus-io/2.0/plexus-io-2.0.jar
Progress (1): 4.1/58 kBProgress (1): 8.2/58 kBProgress (1): 12/58 kB Progress (1): 16/58 kBProgress (1): 20/58 kBProgress (1): 24/58 kBProgress (1): 28/58 kBProgress (1): 32/58 kBProgress (1): 36/58 kBProgress (1): 40/58 kBProgress (1): 45/58 kBProgress (1): 49/58 kBProgress (1): 53/58 kBProgress (1): 57/58 kBProgress (1): 58 kB                      Downloaded from central: https://repo.maven.apache.org/maven2/org/codehaus/plexus/plexus-io/2.0/plexus-io-2.0.jar (58 kB at 3.1 MB/s)
[[1;34mINFO[m] 
[[1;34mINFO[m] [1m--- [0;32mmaven-site-plugin:3.0:attach-descriptor[m [1m(attach-descriptor)[m @ [36maccumulo[0;1m ---[m
[[1;34mINFO[m] 
[[1;34mINFO[m] [1m--- [0;32mmaven-install-plugin:2.3.1:install[m [1m(default-install)[m @ [36maccumulo[0;1m ---[m
[[1;34mINFO[m] Installing /home/user/Reproducibility-Scanner/benchmarks/bugs-dot-jar/accumulo/pom.xml to /home/user/.m2/repository/org/apache/accumulo/accumulo/1.5.0-incubating-SNAPSHOT/accumulo-1.5.0-incubating-SNAPSHOT.pom
[[1;34mINFO[m] 
[[1;34mINFO[m] [1m-------------------< [0;36morg.apache.accumulo:cloudtrace[0;1m >-------------------[m
[[1;34mINFO[m] [1mBuilding cloudtrace 1.5.0-incubating-SNAPSHOT                      [2/7][m
[[1;34mINFO[m] [1m--------------------------------[ jar ]---------------------------------[m
Downloading from central: https://repo.maven.apache.org/maven2/org/apache/thrift/libthrift/0.6.1/libthrift-0.6.1.pom
Progress (1): 3.4 kB                    Downloaded from central: https://repo.maven.apache.org/maven2/org/apache/thrift/libthrift/0.6.1/libthrift-0.6.1.pom (3.4 kB at 147 kB/s)
Downloading from central: https://repo.maven.apache.org/maven2/org/slf4j/slf4j-api/1.4.3/slf4j-api-1.4.3.pom
Progress (1): 2.7 kB                    Downloaded from central: https://repo.maven.apache.org/maven2/org/slf4j/slf4j-api/1.4.3/slf4j-api-1.4.3.pom (2.7 kB at 182 kB/s)
Downloading from central: https://repo.maven.apache.org/maven2/org/slf4j/slf4j-parent/1.4.3/slf4j-parent-1.4.3.pom
Progress (1): 4.1/7.3 kBProgress (1): 7.3 kB                        Downloaded from central: https://repo.maven.apache.org/maven2/org/slf4j/slf4j-parent/1.4.3/slf4j-parent-1.4.3.pom (7.3 kB at 404 kB/s)
Downloading from central: https://repo.maven.apache.org/maven2/org/slf4j/slf4j-log4j12/1.4.3/slf4j-log4j12-1.4.3.pom
Progress (1): 1.7 kB                    Downloaded from central: https://repo.maven.apache.org/maven2/org/slf4j/slf4j-log4j12/1.4.3/slf4j-log4j12-1.4.3.pom (1.7 kB at 73 kB/s)
Downloading from central: https://repo.maven.apache.org/maven2/org/apache/hadoop/zookeeper/3.3.1/zookeeper-3.3.1.pom
Progress (1): 2.1 kB                    Downloaded from central: https://repo.maven.apache.org/maven2/org/apache/hadoop/zookeeper/3.3.1/zookeeper-3.3.1.pom (2.1 kB at 15 kB/s)
Downloading from central: https://repo.maven.apache.org/maven2/org/apache/thrift/libthrift/0.6.1/libthrift-0.6.1.jar
Downloading from central: https://repo.maven.apache.org/maven2/org/slf4j/slf4j-api/1.4.3/slf4j-api-1.4.3.jar
Downloading from central: https://repo.maven.apache.org/maven2/org/apache/hadoop/zookeeper/3.3.1/zookeeper-3.3.1.jar
Downloading from central: https://repo.maven.apache.org/maven2/org/slf4j/slf4j-log4j12/1.4.3/slf4j-log4j12-1.4.3.jar
Progress (1): 4.1/8.6 kBProgress (2): 4.1/8.6 kB | 4.1/15 kBProgress (2): 4.1/8.6 kB | 8.2/15 kBProgress (2): 8.2/8.6 kB | 8.2/15 kBProgress (2): 8.2/8.6 kB | 12/15 kB Progress (2): 8.6 kB | 12/15 kB    Progress (2): 8.6 kB | 15 kB                               Downloaded from central: https://repo.maven.apache.org/maven2/org/slf4j/slf4j-api/1.4.3/slf4j-api-1.4.3.jar (15 kB at 365 kB/s)
Progress (2): 8.6 kB | 2.7/296 kBProgress (2): 8.6 kB | 5.5/296 kBProgress (2): 8.6 kB | 8.2/296 kBProgress (2): 8.6 kB | 11/296 kB Progress (2): 8.6 kB | 14/296 kBProgress (2): 8.6 kB | 16/296 kBProgress (2): 8.6 kB | 19/296 kBProgress (2): 8.6 kB | 21/296 kBProgress (2): 8.6 kB | 24/296 kBProgress (2): 8.6 kB | 27/296 kBProgress (2): 8.6 kB | 30/296 kBProgress (2): 8.6 kB | 32/296 kBProgress (2): 8.6 kB | 35/296 kBProgress (2): 8.6 kB | 38/296 kBProgress (2): 8.6 kB | 40/296 kBProgress (2): 8.6 kB | 43/296 kBProgress (2): 8.6 kB | 46/296 kBProgress (2): 8.6 kB | 49/296 kBProgress (2): 8.6 kB | 53/296 kBProgress (2): 8.6 kB | 57/296 kBProgress (2): 8.6 kB | 61/296 kBProgress (2): 8.6 kB | 65/296 kBProgress (2): 8.6 kB | 69/296 kBProgress (2): 8.6 kB | 73/296 kBProgress (2): 8.6 kB | 77/296 kBProgress (2): 8.6 kB | 81/296 kBProgress (2): 8.6 kB | 85/296 kBProgress (2): 8.6 kB | 90/296 kBProgress (2): 8.6 kB | 94/296 kBProgress (2): 8.6 kB | 98/296 kBProgress (2): 8.6 kB | 102/296 kBProgress (2): 8.6 kB | 106/296 kBProgress (2): 8.6 kB | 110/296 kBProgress (2): 8.6 kB | 114/296 kBProgress (2): 8.6 kB | 118/296 kBProgress (2): 8.6 kB | 122/296 kBProgress (2): 8.6 kB | 126/296 kBProgress (2): 8.6 kB | 131/296 kBProgress (2): 8.6 kB | 135/296 kBProgress (2): 8.6 kB | 139/296 kBProgress (2): 8.6 kB | 143/296 kBProgress (2): 8.6 kB | 147/296 kBProgress (2): 8.6 kB | 151/296 kBProgress (2): 8.6 kB | 155/296 kBProgress (2): 8.6 kB | 159/296 kBProgress (2): 8.6 kB | 163/296 kBProgress (2): 8.6 kB | 167/296 kBProgress (2): 8.6 kB | 171/296 kBProgress (2): 8.6 kB | 176/296 kBProgress (2): 8.6 kB | 180/296 kB                                 Downloaded from central: https://repo.maven.apache.org/maven2/org/slf4j/slf4j-log4j12/1.4.3/slf4j-log4j12-1.4.3.jar (8.6 kB at 93 kB/s)
Progress (1): 184/296 kBProgress (1): 188/296 kBProgress (1): 192/296 kBProgress (1): 196/296 kBProgress (1): 200/296 kBProgress (1): 204/296 kBProgress (1): 208/296 kBProgress (1): 212/296 kBProgress (1): 217/296 kBProgress (1): 221/296 kBProgress (1): 225/296 kBProgress (1): 229/296 kBProgress (1): 233/296 kBProgress (1): 237/296 kBProgress (1): 241/296 kBProgress (1): 245/296 kBProgress (1): 249/296 kBProgress (1): 253/296 kBProgress (1): 258/296 kBProgress (1): 262/296 kBProgress (1): 266/296 kBProgress (1): 270/296 kBProgress (1): 274/296 kBProgress (1): 278/296 kBProgress (1): 282/296 kBProgress (1): 286/296 kBProgress (1): 290/296 kBProgress (1): 294/296 kBProgress (1): 296 kB                        Downloaded from central: https://repo.maven.apache.org/maven2/org/apache/thrift/libthrift/0.6.1/libthrift-0.6.1.jar (296 kB at 2.8 MB/s)
Progress (1): 2.7/596 kBProgress (1): 5.5/596 kBProgress (1): 8.2/596 kBProgress (1): 11/596 kB Progress (1): 14/596 kBProgress (1): 16/596 kBProgress (1): 19/596 kBProgress (1): 21/596 kBProgress (1): 24/596 kBProgress (1): 27/596 kBProgress (1): 30/596 kBProgress (1): 32/596 kBProgress (1): 35/596 kBProgress (1): 38/596 kBProgress (1): 40/596 kBProgress (1): 43/596 kBProgress (1): 46/596 kBProgress (1): 49/596 kBProgress (1): 53/596 kBProgress (1): 57/596 kBProgress (1): 61/596 kBProgress (1): 65/596 kBProgress (1): 69/596 kBProgress (1): 73/596 kBProgress (1): 77/596 kBProgress (1): 81/596 kBProgress (1): 85/596 kBProgress (1): 90/596 kBProgress (1): 94/596 kBProgress (1): 98/596 kBProgress (1): 102/596 kBProgress (1): 106/596 kBProgress (1): 110/596 kBProgress (1): 114/596 kBProgress (1): 118/596 kBProgress (1): 122/596 kBProgress (1): 126/596 kBProgress (1): 131/596 kBProgress (1): 135/596 kBProgress (1): 139/596 kBProgress (1): 143/596 kBProgress (1): 147/596 kBProgress (1): 151/596 kBProgress (1): 155/596 kBProgress (1): 159/596 kBProgress (1): 163/596 kBProgress (1): 167/596 kBProgress (1): 171/596 kBProgress (1): 176/596 kBProgress (1): 180/596 kBProgress (1): 184/596 kBProgress (1): 188/596 kBProgress (1): 192/596 kBProgress (1): 196/596 kBProgress (1): 200/596 kBProgress (1): 204/596 kBProgress (1): 208/596 kBProgress (1): 212/596 kBProgress (1): 217/596 kBProgress (1): 221/596 kBProgress (1): 225/596 kBProgress (1): 229/596 kBProgress (1): 233/596 kBProgress (1): 237/596 kBProgress (1): 241/596 kBProgress (1): 245/596 kBProgress (1): 249/596 kBProgress (1): 253/596 kBProgress (1): 258/596 kBProgress (1): 262/596 kBProgress (1): 266/596 kBProgress (1): 270/596 kBProgress (1): 274/596 kBProgress (1): 278/596 kBProgress (1): 282/596 kBProgress (1): 286/596 kBProgress (1): 290/596 kBProgress (1): 294/596 kBProgress (1): 298/596 kBProgress (1): 303/596 kBProgress (1): 307/596 kBProgress (1): 311/596 kBProgress (1): 315/596 kBProgress (1): 319/596 kBProgress (1): 323/596 kBProgress (1): 327/596 kBProgress (1): 331/596 kBProgress (1): 335/596 kBProgress (1): 339/596 kBProgress (1): 343/596 kBProgress (1): 348/596 kBProgress (1): 352/596 kBProgress (1): 356/596 kBProgress (1): 360/596 kBProgress (1): 364/596 kBProgress (1): 368/596 kBProgress (1): 372/596 kBProgress (1): 376/596 kBProgress (1): 380/596 kBProgress (1): 384/596 kBProgress (1): 389/596 kBProgress (1): 393/596 kBProgress (1): 397/596 kBProgress (1): 401/596 kBProgress (1): 405/596 kBProgress (1): 409/596 kBProgress (1): 413/596 kBProgress (1): 417/596 kBProgress (1): 421/596 kBProgress (1): 425/596 kBProgress (1): 429/596 kBProgress (1): 434/596 kBProgress (1): 438/596 kBProgress (1): 442/596 kBProgress (1): 446/596 kBProgress (1): 450/596 kBProgress (1): 454/596 kBProgress (1): 458/596 kBProgress (1): 462/596 kBProgress (1): 466/596 kBProgress (1): 470/596 kBProgress (1): 475/596 kBProgress (1): 479/596 kBProgress (1): 483/596 kBProgress (1): 487/596 kBProgress (1): 491/596 kBProgress (1): 495/596 kBProgress (1): 499/596 kBProgress (1): 503/596 kBProgress (1): 507/596 kBProgress (1): 511/596 kBProgress (1): 515/596 kBProgress (1): 520/596 kBProgress (1): 524/596 kBProgress (1): 528/596 kBProgress (1): 532/596 kBProgress (1): 536/596 kBProgress (1): 540/596 kBProgress (1): 544/596 kBProgress (1): 548/596 kBProgress (1): 552/596 kBProgress (1): 556/596 kBProgress (1): 561/596 kBProgress (1): 565/596 kBProgress (1): 569/596 kBProgress (1): 573/596 kBProgress (1): 577/596 kBProgress (1): 581/596 kBProgress (1): 585/596 kBProgress (1): 589/596 kBProgress (1): 593/596 kBProgress (1): 596 kB                        Downloaded from central: https://repo.maven.apache.org/maven2/org/apache/hadoop/zookeeper/3.3.1/zookeeper-3.3.1.jar (596 kB at 2.3 MB/s)
[[1;34mINFO[m] 
[[1;34mINFO[m] [1m--- [0;32mmaven-enforcer-plugin:1.0.1:enforce[m [1m(enforce-mvn)[m @ [36mcloudtrace[0;1m ---[m
[[1;34mINFO[m] 
[[1;34mINFO[m] [1m--- [0;32mmaven-remote-resources-plugin:1.2.1:process[m [1m(default)[m @ [36mcloudtrace[0;1m ---[m
[[1;34mINFO[m] 
[[1;34mINFO[m] [1m--- [0;32mmaven-resources-plugin:2.5:resources[m [1m(default-resources)[m @ [36mcloudtrace[0;1m ---[m
[debug] execute contextualize
[[1;34mINFO[m] Using 'UTF-8' encoding to copy filtered resources.
[[1;34mINFO[m] Copying 4 resources to META-INF
[[1;34mINFO[m] skip non existing resourceDirectory /home/user/Reproducibility-Scanner/benchmarks/bugs-dot-jar/accumulo/src/trace/src/main/resources
[[1;34mINFO[m] Copying 3 resources
[[1;34mINFO[m] 
[[1;34mINFO[m] [1m--- [0;32mmaven-dependency-plugin:2.3:copy-dependencies[m [1m(copy-dependencies)[m @ [36mcloudtrace[0;1m ---[m
[[1;34mINFO[m] Copying libthrift-0.6.1.jar to /home/user/Reproducibility-Scanner/benchmarks/bugs-dot-jar/accumulo/lib/libthrift-0.6.1.jar
[[1;34mINFO[m] Copying log4j-1.2.16.jar to /home/user/Reproducibility-Scanner/benchmarks/bugs-dot-jar/accumulo/lib/log4j-1.2.16.jar
[[1;34mINFO[m] 
[[1;34mINFO[m] [1m--- [0;32mmaven-compiler-plugin:2.3.2:compile[m [1m(default-compile)[m @ [36mcloudtrace[0;1m ---[m
[[1;34mINFO[m] Compiling 22 source files to /home/user/Reproducibility-Scanner/benchmarks/bugs-dot-jar/accumulo/src/trace/target/classes
[[1;34mINFO[m] 
[[1;34mINFO[m] [1m--- [0;32mmaven-resources-plugin:2.5:testResources[m [1m(default-testResources)[m @ [36mcloudtrace[0;1m ---[m
[debug] execute contextualize
[[1;34mINFO[m] Using 'UTF-8' encoding to copy filtered resources.
[[1;34mINFO[m] skip non existing resourceDirectory /home/user/Reproducibility-Scanner/benchmarks/bugs-dot-jar/accumulo/src/trace/src/test/resources
[[1;34mINFO[m] Copying 3 resources
[[1;34mINFO[m] 
[[1;34mINFO[m] [1m--- [0;32mmaven-compiler-plugin:2.3.2:testCompile[m [1m(default-testCompile)[m @ [36mcloudtrace[0;1m ---[m
[[1;34mINFO[m] Compiling 3 source files to /home/user/Reproducibility-Scanner/benchmarks/bugs-dot-jar/accumulo/src/trace/target/test-classes
[[1;34mINFO[m] 
[[1;34mINFO[m] [1m--- [0;32mmaven-surefire-plugin:2.9:test[m [1m(default-test)[m @ [36mcloudtrace[0;1m ---[m
[[1;34mINFO[m] Tests are skipped.
[[1;34mINFO[m] 
[[1;34mINFO[m] [1m--- [0;32mmaven-jar-plugin:2.3.1:jar[m [1m(default-jar)[m @ [36mcloudtrace[0;1m ---[m
[[1;34mINFO[m] Building jar: /home/user/Reproducibility-Scanner/benchmarks/bugs-dot-jar/accumulo/lib/cloudtrace-1.5.0-incubating-SNAPSHOT.jar
[[1;34mINFO[m] 
[[1;34mINFO[m] [1m--- [0;32mmaven-site-plugin:3.0:attach-descriptor[m [1m(attach-descriptor)[m @ [36mcloudtrace[0;1m ---[m
[[1;34mINFO[m] 
[[1;34mINFO[m] [1m--- [0;32mmaven-install-plugin:2.3.1:install[m [1m(default-install)[m @ [36mcloudtrace[0;1m ---[m
[[1;34mINFO[m] Installing /home/user/Reproducibility-Scanner/benchmarks/bugs-dot-jar/accumulo/lib/cloudtrace-1.5.0-incubating-SNAPSHOT.jar to /home/user/.m2/repository/org/apache/accumulo/cloudtrace/1.5.0-incubating-SNAPSHOT/cloudtrace-1.5.0-incubating-SNAPSHOT.jar
[[1;34mINFO[m] Installing /home/user/Reproducibility-Scanner/benchmarks/bugs-dot-jar/accumulo/src/trace/pom.xml to /home/user/.m2/repository/org/apache/accumulo/cloudtrace/1.5.0-incubating-SNAPSHOT/cloudtrace-1.5.0-incubating-SNAPSHOT.pom
[[1;34mINFO[m] 
[[1;34mINFO[m] [1m-----------------< [0;36morg.apache.accumulo:accumulo-start[0;1m >-----------------[m
[[1;34mINFO[m] [1mBuilding accumulo-start 1.5.0-incubating-SNAPSHOT                  [3/7][m
[[1;34mINFO[m] [1m--------------------------------[ jar ]---------------------------------[m
Downloading from central: https://repo.maven.apache.org/maven2/org/apache/commons/commons-jci-core/1.0/commons-jci-core-1.0.pom
Progress (1): 3.1 kB                    Downloaded from central: https://repo.maven.apache.org/maven2/org/apache/commons/commons-jci-core/1.0/commons-jci-core-1.0.pom (3.1 kB at 20 kB/s)
Downloading from central: https://repo.maven.apache.org/maven2/org/apache/commons/commons-jci/1.0/commons-jci-1.0.pom
Progress (1): 4.1/12 kBProgress (1): 8.2/12 kBProgress (1): 12 kB                       Downloaded from central: https://repo.maven.apache.org/maven2/org/apache/commons/commons-jci/1.0/commons-jci-1.0.pom (12 kB at 77 kB/s)
Downloading from central: https://repo.maven.apache.org/maven2/org/apache/commons/commons-parent/2/commons-parent-2.pom
Progress (1): 4.1/13 kBProgress (1): 8.2/13 kBProgress (1): 12/13 kB Progress (1): 13 kB                      Downloaded from central: https://repo.maven.apache.org/maven2/org/apache/commons/commons-parent/2/commons-parent-2.pom (13 kB at 90 kB/s)
Downloading from central: https://repo.maven.apache.org/maven2/org/apache/commons/commons-jci-fam/1.0/commons-jci-fam-1.0.pom
Progress (1): 2.3 kB                    Downloaded from central: https://repo.maven.apache.org/maven2/org/apache/commons/commons-jci-fam/1.0/commons-jci-fam-1.0.pom (2.3 kB at 16 kB/s)
Downloading from central: https://repo.maven.apache.org/maven2/org/apache/commons/commons-jci-core/1.0/commons-jci-core-1.0.jar
Downloading from central: https://repo.maven.apache.org/maven2/org/apache/commons/commons-jci-fam/1.0/commons-jci-fam-1.0.jar
Progress (1): 4.1/32 kBProgress (1): 8.2/32 kBProgress (1): 12/32 kB Progress (1): 16/32 kBProgress (1): 20/32 kBProgress (1): 24/32 kBProgress (1): 28/32 kBProgress (1): 32 kB   Progress (2): 32 kB | 4.1/20 kBProgress (2): 32 kB | 8.2/20 kBProgress (2): 32 kB | 12/20 kB Progress (2): 32 kB | 16/20 kBProgress (2): 32 kB | 20/20 kBProgress (2): 32 kB | 20 kB                              Downloaded from central: https://repo.maven.apache.org/maven2/org/apache/commons/commons-jci-core/1.0/commons-jci-core-1.0.jar (32 kB at 218 kB/s)
Downloaded from central: https://repo.maven.apache.org/maven2/org/apache/commons/commons-jci-fam/1.0/commons-jci-fam-1.0.jar (20 kB at 136 kB/s)
[[1;34mINFO[m] 
[[1;34mINFO[m] [1m--- [0;32mmaven-enforcer-plugin:1.0.1:enforce[m [1m(enforce-mvn)[m @ [36maccumulo-start[0;1m ---[m
[[1;34mINFO[m] 
[[1;34mINFO[m] [1m--- [0;32mmaven-remote-resources-plugin:1.2.1:process[m [1m(default)[m @ [36maccumulo-start[0;1m ---[m
[[1;34mINFO[m] 
[[1;34mINFO[m] [1m--- [0;32mmaven-resources-plugin:2.5:resources[m [1m(default-resources)[m @ [36maccumulo-start[0;1m ---[m
[debug] execute contextualize
[[1;34mINFO[m] Using 'UTF-8' encoding to copy filtered resources.
[[1;34mINFO[m] Copying 4 resources to META-INF
[[1;34mINFO[m] skip non existing resourceDirectory /home/user/Reproducibility-Scanner/benchmarks/bugs-dot-jar/accumulo/src/start/src/main/resources
[[1;34mINFO[m] Copying 3 resources
[[1;34mINFO[m] 
[[1;34mINFO[m] [1m--- [0;32mmaven-dependency-plugin:2.3:copy-dependencies[m [1m(copy-dependencies)[m @ [36maccumulo-start[0;1m ---[m
[[1;34mINFO[m] Copying commons-jci-core-1.0.jar to /home/user/Reproducibility-Scanner/benchmarks/bugs-dot-jar/accumulo/lib/commons-jci-core-1.0.jar
[[1;34mINFO[m] Copying commons-logging-api-1.0.4.jar to /home/user/Reproducibility-Scanner/benchmarks/bugs-dot-jar/accumulo/lib/commons-logging-api-1.0.4.jar
[[1;34mINFO[m] Copying commons-io-1.4.jar to /home/user/Reproducibility-Scanner/benchmarks/bugs-dot-jar/accumulo/lib/commons-io-1.4.jar
[[1;34mINFO[m] Copying commons-jci-fam-1.0.jar to /home/user/Reproducibility-Scanner/benchmarks/bugs-dot-jar/accumulo/lib/commons-jci-fam-1.0.jar
[[1;34mINFO[m] Copying commons-logging-1.0.4.jar to /home/user/Reproducibility-Scanner/benchmarks/bugs-dot-jar/accumulo/lib/commons-logging-1.0.4.jar
[[1;34mINFO[m] log4j-1.2.16.jar already exists in destination.
[[1;34mINFO[m] 
[[1;34mINFO[m] [1m--- [0;32mmaven-compiler-plugin:2.3.2:compile[m [1m(default-compile)[m @ [36maccumulo-start[0;1m ---[m
[[1;34mINFO[m] Compiling 5 source files to /home/user/Reproducibility-Scanner/benchmarks/bugs-dot-jar/accumulo/src/start/target/classes
[[1;34mINFO[m] 
[[1;34mINFO[m] [1m--- [0;32mmaven-resources-plugin:2.5:testResources[m [1m(default-testResources)[m @ [36maccumulo-start[0;1m ---[m
[debug] execute contextualize
[[1;34mINFO[m] Using 'UTF-8' encoding to copy filtered resources.
[[1;34mINFO[m] Copying 3 resources
[[1;34mINFO[m] Copying 3 resources
[[1;34mINFO[m] 
[[1;34mINFO[m] [1m--- [0;32mmaven-compiler-plugin:2.3.2:testCompile[m [1m(default-testCompile)[m @ [36maccumulo-start[0;1m ---[m
[[1;34mINFO[m] Compiling 2 source files to /home/user/Reproducibility-Scanner/benchmarks/bugs-dot-jar/accumulo/src/start/target/test-classes
[[1;34mINFO[m] 
[[1;34mINFO[m] [1m--- [0;32mmaven-surefire-plugin:2.9:test[m [1m(default-test)[m @ [36maccumulo-start[0;1m ---[m
[[1;34mINFO[m] Tests are skipped.
[[1;34mINFO[m] 
[[1;34mINFO[m] [1m--- [0;32mmaven-jar-plugin:2.3.1:jar[m [1m(default-jar)[m @ [36maccumulo-start[0;1m ---[m
[[1;34mINFO[m] Building jar: /home/user/Reproducibility-Scanner/benchmarks/bugs-dot-jar/accumulo/lib/accumulo-start-1.5.0-incubating-SNAPSHOT.jar
[[1;34mINFO[m] 
[[1;34mINFO[m] [1m--- [0;32mmaven-site-plugin:3.0:attach-descriptor[m [1m(attach-descriptor)[m @ [36maccumulo-start[0;1m ---[m
[[1;34mINFO[m] 
[[1;34mINFO[m] [1m--- [0;32mmaven-install-plugin:2.3.1:install[m [1m(default-install)[m @ [36maccumulo-start[0;1m ---[m
[[1;34mINFO[m] Installing /home/user/Reproducibility-Scanner/benchmarks/bugs-dot-jar/accumulo/lib/accumulo-start-1.5.0-incubating-SNAPSHOT.jar to /home/user/.m2/repository/org/apache/accumulo/accumulo-start/1.5.0-incubating-SNAPSHOT/accumulo-start-1.5.0-incubating-SNAPSHOT.jar
[[1;34mINFO[m] Installing /home/user/Reproducibility-Scanner/benchmarks/bugs-dot-jar/accumulo/src/start/pom.xml to /home/user/.m2/repository/org/apache/accumulo/accumulo-start/1.5.0-incubating-SNAPSHOT/accumulo-start-1.5.0-incubating-SNAPSHOT.pom
[[1;34mINFO[m] 
[[1;34mINFO[m] [1m-----------------< [0;36morg.apache.accumulo:accumulo-core[0;1m >------------------[m
[[1;34mINFO[m] [1mBuilding accumulo-core 1.5.0-incubating-SNAPSHOT                   [4/7][m
[[1;34mINFO[m] [1m--------------------------------[ jar ]---------------------------------[m
Downloading from central: https://repo.maven.apache.org/maven2/org/codehaus/mojo/exec-maven-plugin/1.2/exec-maven-plugin-1.2.pom
Progress (1): 4.1/6.9 kBProgress (1): 6.9 kB                        Downloaded from central: https://repo.maven.apache.org/maven2/org/codehaus/mojo/exec-maven-plugin/1.2/exec-maven-plugin-1.2.pom (6.9 kB at 533 kB/s)
Downloading from central: https://repo.maven.apache.org/maven2/org/codehaus/mojo/mojo-parent/24/mojo-parent-24.pom
Progress (1): 4.1/23 kBProgress (1): 8.2/23 kBProgress (1): 12/23 kB Progress (1): 16/23 kBProgress (1): 20/23 kBProgress (1): 23 kB                      Downloaded from central: https://repo.maven.apache.org/maven2/org/codehaus/mojo/mojo-parent/24/mojo-parent-24.pom (23 kB at 460 kB/s)
Downloading from central: https://repo.maven.apache.org/maven2/org/codehaus/mojo/exec-maven-plugin/1.2/exec-maven-plugin-1.2.jar
Progress (1): 4.1/37 kBProgress (1): 8.2/37 kBProgress (1): 12/37 kB Progress (1): 16/37 kBProgress (1): 20/37 kBProgress (1): 24/37 kBProgress (1): 28/37 kBProgress (1): 32/37 kBProgress (1): 36/37 kBProgress (1): 37 kB                      Downloaded from central: https://repo.maven.apache.org/maven2/org/codehaus/mojo/exec-maven-plugin/1.2/exec-maven-plugin-1.2.jar (37 kB at 1.8 MB/s)
Downloading from central: https://repo.maven.apache.org/maven2/org/apache/hadoop/hadoop-core/0.20.2/hadoop-core-0.20.2.pom
Progress (1): 4.1/4.2 kBProgress (1): 4.2 kB                        Downloaded from central: https://repo.maven.apache.org/maven2/org/apache/hadoop/hadoop-core/0.20.2/hadoop-core-0.20.2.pom (4.2 kB at 26 kB/s)
Downloading from apache.snapshots: http://repository.apache.org/snapshots/org/mortbay/jetty/jetty/maven-metadata.xml
Downloading from central: https://repo.maven.apache.org/maven2/org/mortbay/jetty/jetty/maven-metadata.xml
Progress (1): 688 B                   Downloaded from central: https://repo.maven.apache.org/maven2/org/mortbay/jetty/jetty/maven-metadata.xml (688 B at 17 kB/s)
Downloading from central: https://repo.maven.apache.org/maven2/org/mortbay/jetty/jetty/6.1H.22/jetty-6.1H.22.pom
Progress (1): 4.1/6.5 kBProgress (1): 6.5 kB                        Downloaded from central: https://repo.maven.apache.org/maven2/org/mortbay/jetty/jetty/6.1H.22/jetty-6.1H.22.pom (6.5 kB at 46 kB/s)
Downloading from central: https://repo.maven.apache.org/maven2/org/mortbay/jetty/project/6.1H.22/project-6.1H.22.pom
Progress (1): 4.1/9.0 kBProgress (1): 8.2/9.0 kBProgress (1): 9.0 kB                        Downloaded from central: https://repo.maven.apache.org/maven2/org/mortbay/jetty/project/6.1H.22/project-6.1H.22.pom (9.0 kB at 58 kB/s)
Downloading from central: https://repo.maven.apache.org/maven2/org/mortbay/jetty/jetty-util/6.1H.22/jetty-util-6.1H.22.pom
Progress (1): 4.1 kB                    Downloaded from central: https://repo.maven.apache.org/maven2/org/mortbay/jetty/jetty-util/6.1H.22/jetty-util-6.1H.22.pom (4.1 kB at 29 kB/s)
Downloading from central: https://repo.maven.apache.org/maven2/org/mortbay/jetty/jetty/6.1.17/jetty-6.1.17.pom
Progress (1): 4.1/6.3 kBProgress (1): 6.3 kB                        Downloaded from central: https://repo.maven.apache.org/maven2/org/mortbay/jetty/jetty/6.1.17/jetty-6.1.17.pom (6.3 kB at 70 kB/s)
Downloading from central: https://repo.maven.apache.org/maven2/org/mortbay/jetty/project/6.1.17/project-6.1.17.pom
Progress (1): 4.1/9.0 kBProgress (1): 8.2/9.0 kBProgress (1): 9.0 kB                        Downloaded from central: https://repo.maven.apache.org/maven2/org/mortbay/jetty/project/6.1.17/project-6.1.17.pom (9.0 kB at 55 kB/s)
Downloading from central: https://repo.maven.apache.org/maven2/org/mortbay/jetty/jetty-util/6.1.17/jetty-util-6.1.17.pom
Progress (1): 3.9 kB                    Downloaded from central: https://repo.maven.apache.org/maven2/org/mortbay/jetty/jetty-util/6.1.17/jetty-util-6.1.17.pom (3.9 kB at 24 kB/s)
Downloading from central: https://repo.maven.apache.org/maven2/org/mortbay/jetty/jetty/6.1.18/jetty-6.1.18.pom
Progress (1): 4.1/6.3 kBProgress (1): 6.3 kB                        Downloaded from central: https://repo.maven.apache.org/maven2/org/mortbay/jetty/jetty/6.1.18/jetty-6.1.18.pom (6.3 kB at 70 kB/s)
Downloading from central: https://repo.maven.apache.org/maven2/org/mortbay/jetty/project/6.1.18/project-6.1.18.pom
Progress (1): 4.1/9.1 kBProgress (1): 8.2/9.1 kBProgress (1): 9.1 kB                        Downloaded from central: https://repo.maven.apache.org/maven2/org/mortbay/jetty/project/6.1.18/project-6.1.18.pom (9.1 kB at 112 kB/s)
Downloading from central: https://repo.maven.apache.org/maven2/org/mortbay/jetty/jetty-util/6.1.18/jetty-util-6.1.18.pom
Progress (1): 3.9 kB                    Downloaded from central: https://repo.maven.apache.org/maven2/org/mortbay/jetty/jetty-util/6.1.18/jetty-util-6.1.18.pom (3.9 kB at 24 kB/s)
Downloading from central: https://repo.maven.apache.org/maven2/org/mortbay/jetty/jetty/6.1.19/jetty-6.1.19.pom
Progress (1): 4.1/6.3 kBProgress (1): 6.3 kB                        Downloaded from central: https://repo.maven.apache.org/maven2/org/mortbay/jetty/jetty/6.1.19/jetty-6.1.19.pom (6.3 kB at 43 kB/s)
Downloading from central: https://repo.maven.apache.org/maven2/org/mortbay/jetty/project/6.1.19/project-6.1.19.pom
Progress (1): 4.1/9.1 kBProgress (1): 8.2/9.1 kBProgress (1): 9.1 kB                        Downloaded from central: https://repo.maven.apache.org/maven2/org/mortbay/jetty/project/6.1.19/project-6.1.19.pom (9.1 kB at 117 kB/s)
Downloading from central: https://repo.maven.apache.org/maven2/org/mortbay/jetty/jetty-util/6.1.19/jetty-util-6.1.19.pom
Progress (1): 3.9 kB                    Downloaded from central: https://repo.maven.apache.org/maven2/org/mortbay/jetty/jetty-util/6.1.19/jetty-util-6.1.19.pom (3.9 kB at 37 kB/s)
Downloading from central: https://repo.maven.apache.org/maven2/org/mortbay/jetty/jetty/6.1.20/jetty-6.1.20.pom
Progress (1): 4.1/6.3 kBProgress (1): 6.3 kB                        Downloaded from central: https://repo.maven.apache.org/maven2/org/mortbay/jetty/jetty/6.1.20/jetty-6.1.20.pom (6.3 kB at 41 kB/s)
Downloading from central: https://repo.maven.apache.org/maven2/org/mortbay/jetty/project/6.1.20/project-6.1.20.pom
Progress (1): 4.1/9.2 kBProgress (1): 8.2/9.2 kBProgress (1): 9.2 kB                        Downloaded from central: https://repo.maven.apache.org/maven2/org/mortbay/jetty/project/6.1.20/project-6.1.20.pom (9.2 kB at 329 kB/s)
Downloading from central: https://repo.maven.apache.org/maven2/org/mortbay/jetty/jetty-util/6.1.20/jetty-util-6.1.20.pom
Progress (1): 3.9 kB                    Downloaded from central: https://repo.maven.apache.org/maven2/org/mortbay/jetty/jetty-util/6.1.20/jetty-util-6.1.20.pom (3.9 kB at 21 kB/s)
Downloading from central: https://repo.maven.apache.org/maven2/org/mortbay/jetty/jetty/6.1.23/jetty-6.1.23.pom
Progress (1): 4.1/6.3 kBProgress (1): 6.3 kB                        Downloaded from central: https://repo.maven.apache.org/maven2/org/mortbay/jetty/jetty/6.1.23/jetty-6.1.23.pom (6.3 kB at 38 kB/s)
Downloading from central: https://repo.maven.apache.org/maven2/org/mortbay/jetty/project/6.1.23/project-6.1.23.pom
Progress (1): 4.1/11 kBProgress (1): 8.2/11 kBProgress (1): 11 kB                       Downloaded from central: https://repo.maven.apache.org/maven2/org/mortbay/jetty/project/6.1.23/project-6.1.23.pom (11 kB at 60 kB/s)
Downloading from central: https://repo.maven.apache.org/maven2/org/mortbay/jetty/jetty-util/6.1.23/jetty-util-6.1.23.pom
Progress (1): 3.9 kB                    Downloaded from central: https://repo.maven.apache.org/maven2/org/mortbay/jetty/jetty-util/6.1.23/jetty-util-6.1.23.pom (3.9 kB at 47 kB/s)
Downloading from central: https://repo.maven.apache.org/maven2/org/mortbay/jetty/jetty/6.1.24/jetty-6.1.24.pom
Progress (1): 4.1/6.3 kBProgress (1): 6.3 kB                        Downloaded from central: https://repo.maven.apache.org/maven2/org/mortbay/jetty/jetty/6.1.24/jetty-6.1.24.pom (6.3 kB at 42 kB/s)
Downloading from central: https://repo.maven.apache.org/maven2/org/mortbay/jetty/project/6.1.24/project-6.1.24.pom
Progress (1): 4.1/9.9 kBProgress (1): 8.2/9.9 kBProgress (1): 9.9 kB                        Downloaded from central: https://repo.maven.apache.org/maven2/org/mortbay/jetty/project/6.1.24/project-6.1.24.pom (9.9 kB at 36 kB/s)
Downloading from central: https://repo.maven.apache.org/maven2/org/mortbay/jetty/jetty-util/6.1.24/jetty-util-6.1.24.pom
Progress (1): 3.9 kB                    Downloaded from central: https://repo.maven.apache.org/maven2/org/mortbay/jetty/jetty-util/6.1.24/jetty-util-6.1.24.pom (3.9 kB at 114 kB/s)
Downloading from central: https://repo.maven.apache.org/maven2/org/mortbay/jetty/jetty/6.1.26RC0/jetty-6.1.26RC0.pom
Progress (1): 4.1/6.3 kBProgress (1): 6.3 kB                        Downloaded from central: https://repo.maven.apache.org/maven2/org/mortbay/jetty/jetty/6.1.26RC0/jetty-6.1.26RC0.pom (6.3 kB at 79 kB/s)
Downloading from central: https://repo.maven.apache.org/maven2/org/mortbay/jetty/project/6.1.26RC0/project-6.1.26RC0.pom
Progress (1): 4.1/9.2 kBProgress (1): 8.2/9.2 kBProgress (1): 9.2 kB                        Downloaded from central: https://repo.maven.apache.org/maven2/org/mortbay/jetty/project/6.1.26RC0/project-6.1.26RC0.pom (9.2 kB at 66 kB/s)
Downloading from central: https://repo.maven.apache.org/maven2/org/mortbay/jetty/jetty-util/6.1.26RC0/jetty-util-6.1.26RC0.pom
Progress (1): 3.9 kB                    Downloaded from central: https://repo.maven.apache.org/maven2/org/mortbay/jetty/jetty-util/6.1.26RC0/jetty-util-6.1.26RC0.pom (3.9 kB at 28 kB/s)
Downloading from central: https://repo.maven.apache.org/maven2/org/mortbay/jetty/jetty-util/6.1.14/jetty-util-6.1.14.pom
Progress (1): 3.5 kB                    Downloaded from central: https://repo.maven.apache.org/maven2/org/mortbay/jetty/jetty-util/6.1.14/jetty-util-6.1.14.pom (3.5 kB at 148 kB/s)
Downloading from central: https://repo.maven.apache.org/maven2/org/apache/hadoop/hadoop-core/0.20.2/hadoop-core-0.20.2.jar
Downloading from central: https://repo.maven.apache.org/maven2/org/mortbay/jetty/jetty-util/6.1.14/jetty-util-6.1.14.jar
Progress (1): 4.1/163 kBProgress (1): 8.2/163 kBProgress (1): 12/163 kB Progress (1): 16/163 kBProgress (1): 20/163 kBProgress (1): 24/163 kBProgress (1): 28/163 kBProgress (1): 32/163 kBProgress (1): 36/163 kBProgress (1): 40/163 kBProgress (1): 45/163 kBProgress (1): 49/163 kBProgress (1): 53/163 kBProgress (1): 57/163 kBProgress (1): 61/163 kBProgress (1): 65/163 kBProgress (1): 69/163 kBProgress (1): 73/163 kBProgress (1): 77/163 kBProgress (1): 81/163 kBProgress (1): 85/163 kBProgress (1): 90/163 kBProgress (1): 94/163 kBProgress (1): 98/163 kBProgress (1): 102/163 kBProgress (1): 106/163 kBProgress (1): 110/163 kBProgress (1): 114/163 kBProgress (1): 118/163 kBProgress (1): 122/163 kBProgress (1): 126/163 kBProgress (1): 131/163 kBProgress (1): 135/163 kBProgress (1): 139/163 kBProgress (1): 143/163 kBProgress (1): 147/163 kBProgress (1): 151/163 kBProgress (1): 155/163 kBProgress (1): 159/163 kBProgress (1): 163 kB                        Downloaded from central: https://repo.maven.apache.org/maven2/org/mortbay/jetty/jetty-util/6.1.14/jetty-util-6.1.14.jar (163 kB at 2.6 MB/s)
Progress (1): 0/2.7 MBProgress (1): 0/2.7 MBProgress (1): 0/2.7 MBProgress (1): 0.1/2.7 MBProgress (1): 0.1/2.7 MBProgress (1): 0.1/2.7 MBProgress (1): 0.1/2.7 MBProgress (1): 0.1/2.7 MBProgress (1): 0.1/2.7 MBProgress (1): 0.2/2.7 MBProgress (1): 0.2/2.7 MBProgress (1): 0.2/2.7 MBProgress (1): 0.2/2.7 MBProgress (1): 0.2/2.7 MBProgress (1): 0.2/2.7 MBProgress (1): 0.3/2.7 MBProgress (1): 0.3/2.7 MBProgress (1): 0.3/2.7 MBProgress (1): 0.3/2.7 MBProgress (1): 0.3/2.7 MBProgress (1): 0.3/2.7 MBProgress (1): 0.4/2.7 MBProgress (1): 0.4/2.7 MBProgress (1): 0.4/2.7 MBProgress (1): 0.4/2.7 MBProgress (1): 0.4/2.7 MBProgress (1): 0.4/2.7 MBProgress (1): 0.5/2.7 MBProgress (1): 0.5/2.7 MBProgress (1): 0.5/2.7 MBProgress (1): 0.5/2.7 MBProgress (1): 0.5/2.7 MBProgress (1): 0.5/2.7 MBProgress (1): 0.6/2.7 MBProgress (1): 0.6/2.7 MBProgress (1): 0.6/2.7 MBProgress (1): 0.6/2.7 MBProgress (1): 0.6/2.7 MBProgress (1): 0.6/2.7 MBProgress (1): 0.7/2.7 MBProgress (1): 0.7/2.7 MBProgress (1): 0.7/2.7 MBProgress (1): 0.7/2.7 MBProgress (1): 0.7/2.7 MBProgress (1): 0.7/2.7 MBProgress (1): 0.7/2.7 MBProgress (1): 0.8/2.7 MBProgress (1): 0.8/2.7 MBProgress (1): 0.8/2.7 MBProgress (1): 0.8/2.7 MBProgress (1): 0.8/2.7 MBProgress (1): 0.8/2.7 MBProgress (1): 0.9/2.7 MBProgress (1): 0.9/2.7 MBProgress (1): 0.9/2.7 MBProgress (1): 0.9/2.7 MBProgress (1): 0.9/2.7 MBProgress (1): 0.9/2.7 MBProgress (1): 1.0/2.7 MBProgress (1): 1.0/2.7 MBProgress (1): 1.0/2.7 MBProgress (1): 1.0/2.7 MBProgress (1): 1.0/2.7 MBProgress (1): 1.0/2.7 MBProgress (1): 1.1/2.7 MBProgress (1): 1.1/2.7 MBProgress (1): 1.1/2.7 MBProgress (1): 1.1/2.7 MBProgress (1): 1.1/2.7 MBProgress (1): 1.1/2.7 MBProgress (1): 1.2/2.7 MBProgress (1): 1.2/2.7 MBProgress (1): 1.2/2.7 MBProgress (1): 1.2/2.7 MBProgress (1): 1.2/2.7 MBProgress (1): 1.2/2.7 MBProgress (1): 1.3/2.7 MBProgress (1): 1.3/2.7 MBProgress (1): 1.3/2.7 MBProgress (1): 1.3/2.7 MBProgress (1): 1.3/2.7 MBProgress (1): 1.3/2.7 MBProgress (1): 1.4/2.7 MBProgress (1): 1.4/2.7 MBProgress (1): 1.4/2.7 MBProgress (1): 1.4/2.7 MBProgress (1): 1.4/2.7 MBProgress (1): 1.4/2.7 MBProgress (1): 1.5/2.7 MBProgress (1): 1.5/2.7 MBProgress (1): 1.5/2.7 MBProgress (1): 1.5/2.7 MBProgress (1): 1.5/2.7 MBProgress (1): 1.5/2.7 MBProgress (1): 1.6/2.7 MBProgress (1): 1.6/2.7 MBProgress (1): 1.6/2.7 MBProgress (1): 1.6/2.7 MBProgress (1): 1.6/2.7 MBProgress (1): 1.6/2.7 MBProgress (1): 1.7/2.7 MBProgress (1): 1.7/2.7 MBProgress (1): 1.7/2.7 MBProgress (1): 1.7/2.7 MBProgress (1): 1.7/2.7 MBProgress (1): 1.7/2.7 MBProgress (1): 1.7/2.7 MBProgress (1): 1.8/2.7 MBProgress (1): 1.8/2.7 MBProgress (1): 1.8/2.7 MBProgress (1): 1.8/2.7 MBProgress (1): 1.8/2.7 MBProgress (1): 1.8/2.7 MBProgress (1): 1.9/2.7 MBProgress (1): 1.9/2.7 MBProgress (1): 1.9/2.7 MBProgress (1): 1.9/2.7 MBProgress (1): 1.9/2.7 MBProgress (1): 1.9/2.7 MBProgress (1): 2.0/2.7 MBProgress (1): 2.0/2.7 MBProgress (1): 2.0/2.7 MBProgress (1): 2.0/2.7 MBProgress (1): 2.0/2.7 MBProgress (1): 2.0/2.7 MBProgress (1): 2.1/2.7 MBProgress (1): 2.1/2.7 MBProgress (1): 2.1/2.7 MBProgress (1): 2.1/2.7 MBProgress (1): 2.1/2.7 MBProgress (1): 2.1/2.7 MBProgress (1): 2.2/2.7 MBProgress (1): 2.2/2.7 MBProgress (1): 2.2/2.7 MBProgress (1): 2.2/2.7 MBProgress (1): 2.2/2.7 MBProgress (1): 2.2/2.7 MBProgress (1): 2.3/2.7 MBProgress (1): 2.3/2.7 MBProgress (1): 2.3/2.7 MBProgress (1): 2.3/2.7 MBProgress (1): 2.3/2.7 MBProgress (1): 2.3/2.7 MBProgress (1): 2.4/2.7 MBProgress (1): 2.4/2.7 MBProgress (1): 2.4/2.7 MBProgress (1): 2.4/2.7 MBProgress (1): 2.4/2.7 MBProgress (1): 2.4/2.7 MBProgress (1): 2.5/2.7 MBProgress (1): 2.5/2.7 MBProgress (1): 2.5/2.7 MBProgress (1): 2.5/2.7 MBProgress (1): 2.5/2.7 MBProgress (1): 2.5/2.7 MBProgress (1): 2.6/2.7 MBProgress (1): 2.6/2.7 MBProgress (1): 2.6/2.7 MBProgress (1): 2.6/2.7 MBProgress (1): 2.6/2.7 MBProgress (1): 2.6/2.7 MBProgress (1): 2.6/2.7 MBProgress (1): 2.7/2.7 MBProgress (1): 2.7/2.7 MBProgress (1): 2.7 MB                        Downloaded from central: https://repo.maven.apache.org/maven2/org/apache/hadoop/hadoop-core/0.20.2/hadoop-core-0.20.2.jar (2.7 MB at 8.2 MB/s)
[[1;34mINFO[m] 
[[1;34mINFO[m] [1m--- [0;32mmaven-enforcer-plugin:1.0.1:enforce[m [1m(enforce-mvn)[m @ [36maccumulo-core[0;1m ---[m
[[1;34mINFO[m] 
[[1;34mINFO[m] [1m--- [0;32mexec-maven-plugin:1.2:exec[m [1m(generate-core-thrift)[m @ [36maccumulo-core[0;1m ---[m
thrift is not available
[[1;34mINFO[m] 
[[1;34mINFO[m] [1m--- [0;32mmaven-remote-resources-plugin:1.2.1:process[m [1m(default)[m @ [36maccumulo-core[0;1m ---[m
Downloading from central: https://repo.maven.apache.org/maven2/org/mortbay/jetty/jetty/6.1.14/jetty-6.1.14.pom
Progress (1): 4.1/4.3 kBProgress (1): 4.3 kB                        Downloaded from central: https://repo.maven.apache.org/maven2/org/mortbay/jetty/jetty/6.1.14/jetty-6.1.14.pom (4.3 kB at 217 kB/s)
Downloading from central: https://repo.maven.apache.org/maven2/org/mortbay/jetty/jetty/6.1.14/jetty-6.1.14.jar
Progress (1): 4.1/516 kBProgress (1): 8.2/516 kBProgress (1): 12/516 kB Progress (1): 16/516 kBProgress (1): 20/516 kBProgress (1): 24/516 kBProgress (1): 28/516 kBProgress (1): 32/516 kBProgress (1): 36/516 kBProgress (1): 40/516 kBProgress (1): 45/516 kBProgress (1): 49/516 kBProgress (1): 53/516 kBProgress (1): 57/516 kBProgress (1): 61/516 kBProgress (1): 65/516 kBProgress (1): 69/516 kBProgress (1): 73/516 kBProgress (1): 77/516 kBProgress (1): 81/516 kBProgress (1): 85/516 kBProgress (1): 90/516 kBProgress (1): 94/516 kBProgress (1): 98/516 kBProgress (1): 102/516 kBProgress (1): 106/516 kBProgress (1): 110/516 kBProgress (1): 114/516 kBProgress (1): 118/516 kBProgress (1): 122/516 kBProgress (1): 126/516 kBProgress (1): 131/516 kBProgress (1): 135/516 kBProgress (1): 139/516 kBProgress (1): 143/516 kBProgress (1): 147/516 kBProgress (1): 151/516 kBProgress (1): 155/516 kBProgress (1): 159/516 kBProgress (1): 163/516 kBProgress (1): 167/516 kBProgress (1): 171/516 kBProgress (1): 176/516 kBProgress (1): 180/516 kBProgress (1): 184/516 kBProgress (1): 188/516 kBProgress (1): 192/516 kBProgress (1): 196/516 kBProgress (1): 200/516 kBProgress (1): 204/516 kBProgress (1): 208/516 kBProgress (1): 212/516 kBProgress (1): 217/516 kBProgress (1): 221/516 kBProgress (1): 225/516 kBProgress (1): 229/516 kBProgress (1): 233/516 kBProgress (1): 237/516 kBProgress (1): 241/516 kBProgress (1): 245/516 kBProgress (1): 249/516 kBProgress (1): 253/516 kBProgress (1): 258/516 kBProgress (1): 262/516 kBProgress (1): 266/516 kBProgress (1): 270/516 kBProgress (1): 274/516 kBProgress (1): 278/516 kBProgress (1): 282/516 kBProgress (1): 286/516 kBProgress (1): 290/516 kBProgress (1): 294/516 kBProgress (1): 298/516 kBProgress (1): 303/516 kBProgress (1): 307/516 kBProgress (1): 311/516 kBProgress (1): 315/516 kBProgress (1): 319/516 kBProgress (1): 323/516 kBProgress (1): 327/516 kBProgress (1): 331/516 kBProgress (1): 335/516 kBProgress (1): 339/516 kBProgress (1): 344/516 kBProgress (1): 348/516 kBProgress (1): 352/516 kBProgress (1): 356/516 kBProgress (1): 360/516 kBProgress (1): 364/516 kBProgress (1): 368/516 kBProgress (1): 372/516 kBProgress (1): 376/516 kBProgress (1): 380/516 kBProgress (1): 384/516 kBProgress (1): 389/516 kBProgress (1): 393/516 kBProgress (1): 397/516 kBProgress (1): 401/516 kBProgress (1): 405/516 kBProgress (1): 409/516 kBProgress (1): 413/516 kBProgress (1): 417/516 kBProgress (1): 421/516 kBProgress (1): 425/516 kBProgress (1): 430/516 kBProgress (1): 434/516 kBProgress (1): 438/516 kBProgress (1): 442/516 kBProgress (1): 446/516 kBProgress (1): 450/516 kBProgress (1): 454/516 kBProgress (1): 458/516 kBProgress (1): 462/516 kBProgress (1): 466/516 kBProgress (1): 470/516 kBProgress (1): 475/516 kBProgress (1): 479/516 kBProgress (1): 483/516 kBProgress (1): 487/516 kBProgress (1): 491/516 kBProgress (1): 495/516 kBProgress (1): 499/516 kBProgress (1): 503/516 kBProgress (1): 507/516 kBProgress (1): 511/516 kBProgress (1): 516/516 kBProgress (1): 516 kB                        Downloaded from central: https://repo.maven.apache.org/maven2/org/mortbay/jetty/jetty/6.1.14/jetty-6.1.14.jar (516 kB at 8.8 MB/s)
[[1;34mINFO[m] 
[[1;34mINFO[m] [1m--- [0;32mmaven-resources-plugin:2.5:resources[m [1m(default-resources)[m @ [36maccumulo-core[0;1m ---[m
[debug] execute contextualize
[[1;34mINFO[m] Using 'UTF-8' encoding to copy filtered resources.
[[1;34mINFO[m] Copying 4 resources to META-INF
[[1;34mINFO[m] Copying 1 resource
[[1;34mINFO[m] Copying 3 resources
[[1;34mINFO[m] 
[[1;34mINFO[m] [1m--- [0;32mmaven-dependency-plugin:2.3:copy-dependencies[m [1m(copy-dependencies)[m @ [36maccumulo-core[0;1m ---[m
[[1;34mINFO[m] Copying commons-collections-3.2.jar to /home/user/Reproducibility-Scanner/benchmarks/bugs-dot-jar/accumulo/lib/commons-collections-3.2.jar
[[1;34mINFO[m] Copying jline-0.9.94.jar to /home/user/Reproducibility-Scanner/benchmarks/bugs-dot-jar/accumulo/lib/jline-0.9.94.jar
[[1;34mINFO[m] Copying commons-lang-2.4.jar to /home/user/Reproducibility-Scanner/benchmarks/bugs-dot-jar/accumulo/lib/commons-lang-2.4.jar
[[1;34mINFO[m] libthrift-0.6.1.jar already exists in destination.
[[1;34mINFO[m] log4j-1.2.16.jar already exists in destination.
[[1;34mINFO[m] 
[[1;34mINFO[m] [1m--- [0;32mmaven-compiler-plugin:2.3.2:compile[m [1m(default-compile)[m @ [36maccumulo-core[0;1m ---[m
[[1;34mINFO[m] Compiling 419 source files to /home/user/Reproducibility-Scanner/benchmarks/bugs-dot-jar/accumulo/src/core/target/classes
[[1;34mINFO[m] 
[[1;34mINFO[m] [1m--- [0;32mmaven-resources-plugin:2.5:testResources[m [1m(default-testResources)[m @ [36maccumulo-core[0;1m ---[m
[debug] execute contextualize
[[1;34mINFO[m] Using 'UTF-8' encoding to copy filtered resources.
[[1;34mINFO[m] Copying 2 resources
[[1;34mINFO[m] Copying 3 resources
[[1;34mINFO[m] 
[[1;34mINFO[m] [1m--- [0;32mmaven-compiler-plugin:2.3.2:testCompile[m [1m(default-testCompile)[m @ [36maccumulo-core[0;1m ---[m
[[1;34mINFO[m] Compiling 55 source files to /home/user/Reproducibility-Scanner/benchmarks/bugs-dot-jar/accumulo/src/core/target/test-classes
[[1;34mINFO[m] 
[[1;34mINFO[m] [1m--- [0;32mmaven-surefire-plugin:2.9:test[m [1m(default-test)[m @ [36maccumulo-core[0;1m ---[m
[[1;34mINFO[m] Tests are skipped.
[[1;34mINFO[m] 
[[1;34mINFO[m] [1m--- [0;32mmaven-jar-plugin:2.3.1:jar[m [1m(default-jar)[m @ [36maccumulo-core[0;1m ---[m
[[1;34mINFO[m] Building jar: /home/user/Reproducibility-Scanner/benchmarks/bugs-dot-jar/accumulo/lib/accumulo-core-1.5.0-incubating-SNAPSHOT.jar
[[1;34mINFO[m] 
[[1;34mINFO[m] [1m--- [0;32mmaven-site-plugin:3.0:attach-descriptor[m [1m(attach-descriptor)[m @ [36maccumulo-core[0;1m ---[m
[[1;34mINFO[m] 
[[1;34mINFO[m] [1m--- [0;32mmaven-install-plugin:2.3.1:install[m [1m(default-install)[m @ [36maccumulo-core[0;1m ---[m
[[1;34mINFO[m] Installing /home/user/Reproducibility-Scanner/benchmarks/bugs-dot-jar/accumulo/lib/accumulo-core-1.5.0-incubating-SNAPSHOT.jar to /home/user/.m2/repository/org/apache/accumulo/accumulo-core/1.5.0-incubating-SNAPSHOT/accumulo-core-1.5.0-incubating-SNAPSHOT.jar
[[1;34mINFO[m] Installing /home/user/Reproducibility-Scanner/benchmarks/bugs-dot-jar/accumulo/src/core/pom.xml to /home/user/.m2/repository/org/apache/accumulo/accumulo-core/1.5.0-incubating-SNAPSHOT/accumulo-core-1.5.0-incubating-SNAPSHOT.pom
[[1;34mINFO[m] 
[[1;34mINFO[m] [1m----------------< [0;36morg.apache.accumulo:accumulo-server[0;1m >-----------------[m
[[1;34mINFO[m] [1mBuilding accumulo-server 1.5.0-incubating-SNAPSHOT                 [5/7][m
[[1;34mINFO[m] [1m--------------------------------[ jar ]---------------------------------[m
Downloading from central: https://repo.maven.apache.org/maven2/commons-configuration/commons-configuration/1.5/commons-configuration-1.5.pom
Progress (1): 4.1/13 kBProgress (1): 8.2/13 kBProgress (1): 12/13 kB Progress (1): 13 kB                      Downloaded from central: https://repo.maven.apache.org/maven2/commons-configuration/commons-configuration/1.5/commons-configuration-1.5.pom (13 kB at 632 kB/s)
Downloading from central: https://repo.maven.apache.org/maven2/commons-beanutils/commons-beanutils-core/1.7.0/commons-beanutils-core-1.7.0.pom
Progress (1): 719 B                   Downloaded from central: https://repo.maven.apache.org/maven2/commons-beanutils/commons-beanutils-core/1.7.0/commons-beanutils-core-1.7.0.pom (719 B at 60 kB/s)
Downloading from central: https://repo.maven.apache.org/maven2/commons-configuration/commons-configuration/1.5/commons-configuration-1.5.jar
Downloading from central: https://repo.maven.apache.org/maven2/commons-beanutils/commons-beanutils-core/1.7.0/commons-beanutils-core-1.7.0.jar
Progress (1): 4.1/272 kBProgress (1): 8.2/272 kBProgress (1): 12/272 kB Progress (1): 16/272 kBProgress (1): 20/272 kBProgress (1): 24/272 kBProgress (1): 28/272 kBProgress (1): 32/272 kBProgress (2): 32/272 kB | 4.1/169 kBProgress (2): 32/272 kB | 8.2/169 kBProgress (2): 32/272 kB | 12/169 kB Progress (2): 36/272 kB | 12/169 kBProgress (2): 36/272 kB | 16/169 kBProgress (2): 40/272 kB | 16/169 kBProgress (2): 45/272 kB | 16/169 kBProgress (2): 49/272 kB | 16/169 kBProgress (2): 49/272 kB | 20/169 kBProgress (2): 49/272 kB | 24/169 kBProgress (2): 49/272 kB | 28/169 kBProgress (2): 53/272 kB | 28/169 kBProgress (2): 53/272 kB | 32/169 kBProgress (2): 57/272 kB | 32/169 kBProgress (2): 61/272 kB | 32/169 kBProgress (2): 65/272 kB | 32/169 kBProgress (2): 65/272 kB | 36/169 kBProgress (2): 65/272 kB | 40/169 kBProgress (2): 65/272 kB | 45/169 kBProgress (2): 69/272 kB | 45/169 kBProgress (2): 69/272 kB | 49/169 kBProgress (2): 73/272 kB | 49/169 kBProgress (2): 77/272 kB | 49/169 kBProgress (2): 81/272 kB | 49/169 kBProgress (2): 81/272 kB | 53/169 kBProgress (2): 81/272 kB | 57/169 kBProgress (2): 81/272 kB | 61/169 kBProgress (2): 85/272 kB | 61/169 kBProgress (2): 85/272 kB | 65/169 kBProgress (2): 90/272 kB | 65/169 kBProgress (2): 94/272 kB | 65/169 kBProgress (2): 98/272 kB | 65/169 kBProgress (2): 98/272 kB | 69/169 kBProgress (2): 98/272 kB | 73/169 kBProgress (2): 98/272 kB | 77/169 kBProgress (2): 102/272 kB | 77/169 kBProgress (2): 102/272 kB | 81/169 kBProgress (2): 106/272 kB | 81/169 kBProgress (2): 110/272 kB | 81/169 kBProgress (2): 114/272 kB | 81/169 kBProgress (2): 114/272 kB | 85/169 kBProgress (2): 114/272 kB | 90/169 kBProgress (2): 114/272 kB | 94/169 kBProgress (2): 118/272 kB | 94/169 kBProgress (2): 118/272 kB | 98/169 kBProgress (2): 122/272 kB | 98/169 kBProgress (2): 126/272 kB | 98/169 kBProgress (2): 131/272 kB | 98/169 kBProgress (2): 131/272 kB | 102/169 kBProgress (2): 131/272 kB | 106/169 kBProgress (2): 131/272 kB | 110/169 kBProgress (2): 135/272 kB | 110/169 kBProgress (2): 135/272 kB | 114/169 kBProgress (2): 139/272 kB | 114/169 kBProgress (2): 143/272 kB | 114/169 kBProgress (2): 147/272 kB | 114/169 kBProgress (2): 147/272 kB | 118/169 kBProgress (2): 147/272 kB | 122/169 kBProgress (2): 147/272 kB | 126/169 kBProgress (2): 151/272 kB | 126/169 kBProgress (2): 151/272 kB | 131/169 kBProgress (2): 155/272 kB | 131/169 kBProgress (2): 159/272 kB | 131/169 kBProgress (2): 163/272 kB | 131/169 kBProgress (2): 163/272 kB | 135/169 kBProgress (2): 163/272 kB | 139/169 kBProgress (2): 163/272 kB | 143/169 kBProgress (2): 167/272 kB | 143/169 kBProgress (2): 167/272 kB | 147/169 kBProgress (2): 171/272 kB | 147/169 kBProgress (2): 176/272 kB | 147/169 kBProgress (2): 180/272 kB | 147/169 kBProgress (2): 180/272 kB | 151/169 kBProgress (2): 180/272 kB | 155/169 kBProgress (2): 180/272 kB | 159/169 kBProgress (2): 184/272 kB | 159/169 kBProgress (2): 184/272 kB | 163/169 kBProgress (2): 188/272 kB | 163/169 kBProgress (2): 192/272 kB | 163/169 kBProgress (2): 192/272 kB | 167/169 kBProgress (2): 196/272 kB | 167/169 kBProgress (2): 196/272 kB | 169 kB    Progress (2): 200/272 kB | 169 kBProgress (2): 204/272 kB | 169 kBProgress (2): 208/272 kB | 169 kBProgress (2): 212/272 kB | 169 kBProgress (2): 217/272 kB | 169 kBProgress (2): 221/272 kB | 169 kBProgress (2): 225/272 kB | 169 kBProgress (2): 229/272 kB | 169 kBProgress (2): 233/272 kB | 169 kBProgress (2): 237/272 kB | 169 kBProgress (2): 241/272 kB | 169 kBProgress (2): 245/272 kB | 169 kBProgress (2): 249/272 kB | 169 kBProgress (2): 253/272 kB | 169 kBProgress (2): 258/272 kB | 169 kBProgress (2): 262/272 kB | 169 kBProgress (2): 266/272 kB | 169 kBProgress (2): 270/272 kB | 169 kBProgress (2): 272 kB | 169 kB                                 Downloaded from central: https://repo.maven.apache.org/maven2/commons-beanutils/commons-beanutils-core/1.7.0/commons-beanutils-core-1.7.0.jar (169 kB at 3.8 MB/s)
Downloaded from central: https://repo.maven.apache.org/maven2/commons-configuration/commons-configuration/1.5/commons-configuration-1.5.jar (272 kB at 4.4 MB/s)
[[1;34mINFO[m] 
[[1;34mINFO[m] [1m--- [0;32mmaven-enforcer-plugin:1.0.1:enforce[m [1m(enforce-mvn)[m @ [36maccumulo-server[0;1m ---[m
[[1;34mINFO[m] 
[[1;34mINFO[m] [1m--- [0;32mmaven-remote-resources-plugin:1.2.1:process[m [1m(default)[m @ [36maccumulo-server[0;1m ---[m
[[1;34mINFO[m] 
[[1;34mINFO[m] [1m--- [0;32mmaven-resources-plugin:2.5:resources[m [1m(default-resources)[m @ [36maccumulo-server[0;1m ---[m
[debug] execute contextualize
[[1;34mINFO[m] Using 'UTF-8' encoding to copy filtered resources.
[[1;34mINFO[m] Copying 4 resources to META-INF
[[1;34mINFO[m] Copying 37 resources
[[1;34mINFO[m] Copying 3 resources
[[1;34mINFO[m] 
[[1;34mINFO[m] [1m--- [0;32mmaven-dependency-plugin:2.3:copy-dependencies[m [1m(copy-dependencies)[m @ [36maccumulo-server[0;1m ---[m
[[1;34mINFO[m] Copying commons-configuration-1.5.jar to /home/user/Reproducibility-Scanner/benchmarks/bugs-dot-jar/accumulo/lib/commons-configuration-1.5.jar
[[1;34mINFO[m] log4j-1.2.16.jar already exists in destination.
[[1;34mINFO[m] jline-0.9.94.jar already exists in destination.
[[1;34mINFO[m] commons-io-1.4.jar already exists in destination.
[[1;34mINFO[m] commons-lang-2.4.jar already exists in destination.
[[1;34mINFO[m] 
[[1;34mINFO[m] [1m--- [0;32mmaven-compiler-plugin:2.3.2:compile[m [1m(default-compile)[m @ [36maccumulo-server[0;1m ---[m
[[1;34mINFO[m] Compiling 404 source files to /home/user/Reproducibility-Scanner/benchmarks/bugs-dot-jar/accumulo/src/server/target/classes
[[1;34mINFO[m] 
[[1;34mINFO[m] [1m--- [0;32mmaven-resources-plugin:2.5:testResources[m [1m(default-testResources)[m @ [36maccumulo-server[0;1m ---[m
[debug] execute contextualize
[[1;34mINFO[m] Using 'UTF-8' encoding to copy filtered resources.
[[1;34mINFO[m] skip non existing resourceDirectory /home/user/Reproducibility-Scanner/benchmarks/bugs-dot-jar/accumulo/src/server/src/test/resources
[[1;34mINFO[m] Copying 3 resources
[[1;34mINFO[m] 
[[1;34mINFO[m] [1m--- [0;32mmaven-compiler-plugin:2.3.2:testCompile[m [1m(default-testCompile)[m @ [36maccumulo-server[0;1m ---[m
[[1;34mINFO[m] Compiling 23 source files to /home/user/Reproducibility-Scanner/benchmarks/bugs-dot-jar/accumulo/src/server/target/test-classes
[[1;34mINFO[m] 
[[1;34mINFO[m] [1m--- [0;32mmaven-surefire-plugin:2.9:test[m [1m(default-test)[m @ [36maccumulo-server[0;1m ---[m
[[1;34mINFO[m] Tests are skipped.
[[1;34mINFO[m] 
[[1;34mINFO[m] [1m--- [0;32mmaven-jar-plugin:2.3.1:jar[m [1m(default-jar)[m @ [36maccumulo-server[0;1m ---[m
[[1;34mINFO[m] Building jar: /home/user/Reproducibility-Scanner/benchmarks/bugs-dot-jar/accumulo/lib/accumulo-server-1.5.0-incubating-SNAPSHOT.jar
[[1;34mINFO[m] 
[[1;34mINFO[m] [1m--- [0;32mmaven-site-plugin:3.0:attach-descriptor[m [1m(attach-descriptor)[m @ [36maccumulo-server[0;1m ---[m
[[1;34mINFO[m] 
[[1;34mINFO[m] [1m--- [0;32mmaven-install-plugin:2.3.1:install[m [1m(default-install)[m @ [36maccumulo-server[0;1m ---[m
[[1;34mINFO[m] Installing /home/user/Reproducibility-Scanner/benchmarks/bugs-dot-jar/accumulo/lib/accumulo-server-1.5.0-incubating-SNAPSHOT.jar to /home/user/.m2/repository/org/apache/accumulo/accumulo-server/1.5.0-incubating-SNAPSHOT/accumulo-server-1.5.0-incubating-SNAPSHOT.jar
[[1;34mINFO[m] Installing /home/user/Reproducibility-Scanner/benchmarks/bugs-dot-jar/accumulo/src/server/pom.xml to /home/user/.m2/repository/org/apache/accumulo/accumulo-server/1.5.0-incubating-SNAPSHOT/accumulo-server-1.5.0-incubating-SNAPSHOT.pom
[[1;34mINFO[m] 
[[1;34mINFO[m] [1m---------------< [0;36morg.apache.accumulo:accumulo-examples[0;1m >----------------[m
[[1;34mINFO[m] [1mBuilding accumulo-examples 1.5.0-incubating-SNAPSHOT               [6/7][m
[[1;34mINFO[m] [1m--------------------------------[ jar ]---------------------------------[m
[[1;34mINFO[m] 
[[1;34mINFO[m] [1m--- [0;32mmaven-enforcer-plugin:1.0.1:enforce[m [1m(enforce-mvn)[m @ [36maccumulo-examples[0;1m ---[m
[[1;34mINFO[m] 
[[1;34mINFO[m] [1m--- [0;32mmaven-remote-resources-plugin:1.2.1:process[m [1m(default)[m @ [36maccumulo-examples[0;1m ---[m
[[1;34mINFO[m] 
[[1;34mINFO[m] [1m--- [0;32mmaven-resources-plugin:2.5:resources[m [1m(default-resources)[m @ [36maccumulo-examples[0;1m ---[m
[debug] execute contextualize
[[1;34mINFO[m] Using 'UTF-8' encoding to copy filtered resources.
[[1;34mINFO[m] Copying 4 resources to META-INF
[[1;34mINFO[m] skip non existing resourceDirectory /home/user/Reproducibility-Scanner/benchmarks/bugs-dot-jar/accumulo/src/examples/src/main/resources
[[1;34mINFO[m] Copying 3 resources
[[1;34mINFO[m] 
[[1;34mINFO[m] [1m--- [0;32mmaven-dependency-plugin:2.3:copy-dependencies[m [1m(copy-dependencies)[m @ [36maccumulo-examples[0;1m ---[m
[[1;34mINFO[m] 
[[1;34mINFO[m] [1m--- [0;32mmaven-compiler-plugin:2.3.2:compile[m [1m(default-compile)[m @ [36maccumulo-examples[0;1m ---[m
[[1;34mINFO[m] Compiling 38 source files to /home/user/Reproducibility-Scanner/benchmarks/bugs-dot-jar/accumulo/src/examples/target/classes
[[1;34mINFO[m] 
[[1;34mINFO[m] [1m--- [0;32mmaven-resources-plugin:2.5:testResources[m [1m(default-testResources)[m @ [36maccumulo-examples[0;1m ---[m
[debug] execute contextualize
[[1;34mINFO[m] Using 'UTF-8' encoding to copy filtered resources.
[[1;34mINFO[m] skip non existing resourceDirectory /home/user/Reproducibility-Scanner/benchmarks/bugs-dot-jar/accumulo/src/examples/src/test/resources
[[1;34mINFO[m] Copying 3 resources
[[1;34mINFO[m] 
[[1;34mINFO[m] [1m--- [0;32mmaven-compiler-plugin:2.3.2:testCompile[m [1m(default-testCompile)[m @ [36maccumulo-examples[0;1m ---[m
[[1;34mINFO[m] Compiling 5 source files to /home/user/Reproducibility-Scanner/benchmarks/bugs-dot-jar/accumulo/src/examples/target/test-classes
[[1;34mINFO[m] 
[[1;34mINFO[m] [1m--- [0;32mmaven-surefire-plugin:2.9:test[m [1m(default-test)[m @ [36maccumulo-examples[0;1m ---[m
[[1;34mINFO[m] Tests are skipped.
[[1;34mINFO[m] 
[[1;34mINFO[m] [1m--- [0;32mmaven-jar-plugin:2.3.1:jar[m [1m(default-jar)[m @ [36maccumulo-examples[0;1m ---[m
[[1;34mINFO[m] Building jar: /home/user/Reproducibility-Scanner/benchmarks/bugs-dot-jar/accumulo/lib/accumulo-examples-1.5.0-incubating-SNAPSHOT.jar
[[1;34mINFO[m] 
[[1;34mINFO[m] [1m--- [0;32mmaven-site-plugin:3.0:attach-descriptor[m [1m(attach-descriptor)[m @ [36maccumulo-examples[0;1m ---[m
[[1;34mINFO[m] 
[[1;34mINFO[m] [1m--- [0;32mmaven-install-plugin:2.3.1:install[m [1m(default-install)[m @ [36maccumulo-examples[0;1m ---[m
[[1;34mINFO[m] Installing /home/user/Reproducibility-Scanner/benchmarks/bugs-dot-jar/accumulo/lib/accumulo-examples-1.5.0-incubating-SNAPSHOT.jar to /home/user/.m2/repository/org/apache/accumulo/accumulo-examples/1.5.0-incubating-SNAPSHOT/accumulo-examples-1.5.0-incubating-SNAPSHOT.jar
[[1;34mINFO[m] Installing /home/user/Reproducibility-Scanner/benchmarks/bugs-dot-jar/accumulo/src/examples/pom.xml to /home/user/.m2/repository/org/apache/accumulo/accumulo-examples/1.5.0-incubating-SNAPSHOT/accumulo-examples-1.5.0-incubating-SNAPSHOT.pom
[[1;34mINFO[m] 
[[1;34mINFO[m] [1m---------------< [0;36morg.apache.accumulo:accumulo-assemble[0;1m >----------------[m
[[1;34mINFO[m] [1mBuilding accumulo-assemble 1.5.0-incubating-SNAPSHOT               [7/7][m
[[1;34mINFO[m] [1m--------------------------------[ pom ]---------------------------------[m
[[1;34mINFO[m] 
[[1;34mINFO[m] [1m--- [0;32mmaven-enforcer-plugin:1.0.1:enforce[m [1m(enforce-mvn)[m @ [36maccumulo-assemble[0;1m ---[m
[[1;34mINFO[m] 
[[1;34mINFO[m] [1m--- [0;32mmaven-remote-resources-plugin:1.2.1:process[m [1m(default)[m @ [36maccumulo-assemble[0;1m ---[m
[[1;34mINFO[m] 
[[1;34mINFO[m] [1m--- [0;32mmaven-dependency-plugin:2.3:copy-dependencies[m [1m(copy-dependencies)[m @ [36maccumulo-assemble[0;1m ---[m
[[1;34mINFO[m] 
[[1;34mINFO[m] [1m--- [0;32mexec-maven-plugin:1.2:exec[m [1m(user-manual)[m @ [36maccumulo-assemble[0;1m ---[m
[[1;34mINFO[m] 
[[1;34mINFO[m] [1m--- [0;32mmaven-site-plugin:3.0:attach-descriptor[m [1m(attach-descriptor)[m @ [36maccumulo-assemble[0;1m ---[m
[[1;34mINFO[m] 
[[1;34mINFO[m] [1m--- [0;32mexec-maven-plugin:1.2:exec[m [1m(config webpage)[m @ [36maccumulo-assemble[0;1m ---[m
[[1;34mINFO[m] 
[[1;34mINFO[m] [1m--- [0;32mmaven-assembly-plugin:2.2.1:single[m [1m(distro-assembly)[m @ [36maccumulo-assemble[0;1m ---[m
[[1;34mINFO[m] Reading assembly descriptor: src/assemble/dist.xml
[[1;34mINFO[m] Building tar : /home/user/Reproducibility-Scanner/benchmarks/bugs-dot-jar/accumulo/src/assemble/target/accumulo-assemble-1.5.0-incubating-SNAPSHOT-dist.tar.gz
[[1;34mINFO[m] 
[[1;34mINFO[m] [1m--- [0;32mmaven-install-plugin:2.3.1:install[m [1m(default-install)[m @ [36maccumulo-assemble[0;1m ---[m
[[1;34mINFO[m] Installing /home/user/Reproducibility-Scanner/benchmarks/bugs-dot-jar/accumulo/src/assemble/pom.xml to /home/user/.m2/repository/org/apache/accumulo/accumulo-assemble/1.5.0-incubating-SNAPSHOT/accumulo-assemble-1.5.0-incubating-SNAPSHOT.pom
[[1;34mINFO[m] Installing /home/user/Reproducibility-Scanner/benchmarks/bugs-dot-jar/accumulo/src/assemble/target/accumulo-assemble-1.5.0-incubating-SNAPSHOT-dist.tar.gz to /home/user/.m2/repository/org/apache/accumulo/accumulo-assemble/1.5.0-incubating-SNAPSHOT/accumulo-assemble-1.5.0-incubating-SNAPSHOT-dist.tar.gz
[[1;34mINFO[m] [1m------------------------------------------------------------------------[m
[[1;34mINFO[m] [1mReactor Summary for accumulo 1.5.0-incubating-SNAPSHOT:[m
[[1;34mINFO[m] 
[[1;34mINFO[m] accumulo ........................................... [1;32mSUCCESS[m [  2.339 s]
[[1;34mINFO[m] cloudtrace ......................................... [1;32mSUCCESS[m [  2.255 s]
[[1;34mINFO[m] accumulo-start ..................................... [1;32mSUCCESS[m [  1.716 s]
[[1;34mINFO[m] accumulo-core ...................................... [1;32mSUCCESS[m [ 11.348 s]
[[1;34mINFO[m] accumulo-server .................................... [1;32mSUCCESS[m [  3.984 s]
[[1;34mINFO[m] accumulo-examples .................................. [1;32mSUCCESS[m [  1.683 s]
[[1;34mINFO[m] accumulo-assemble .................................. [1;32mSUCCESS[m [  3.419 s]
[[1;34mINFO[m] [1m------------------------------------------------------------------------[m
[[1;34mINFO[m] [1;32mBUILD SUCCESS[m
[[1;34mINFO[m] [1m------------------------------------------------------------------------[m
[[1;34mINFO[m] Total time:  26.908 s
[[1;34mINFO[m] Finished at: 2022-07-15T22:31:41-07:00
[[1;34mINFO[m] [1m------------------------------------------------------------------------[m
[[1;34mINFO[m] Scanning for projects...
[[1;34mINFO[m] 
[[1;34mINFO[m] [1m-----------------< [0;36morg.apache.accumulo:accumulo-core[0;1m >------------------[m
[[1;34mINFO[m] [1mBuilding accumulo-core 1.5.0-incubating-SNAPSHOT[m
[[1;34mINFO[m] [1m--------------------------------[ jar ]---------------------------------[m
[[1;34mINFO[m] 
[[1;34mINFO[m] [1m--- [0;32mmaven-enforcer-plugin:1.0.1:enforce[m [1m(enforce-mvn)[m @ [36maccumulo-core[0;1m ---[m
[[1;34mINFO[m] 
[[1;34mINFO[m] [1m--- [0;32mexec-maven-plugin:1.2:exec[m [1m(generate-core-thrift)[m @ [36maccumulo-core[0;1m ---[m
thrift is not available
[[1;34mINFO[m] 
[[1;34mINFO[m] [1m--- [0;32mmaven-remote-resources-plugin:1.2.1:process[m [1m(default)[m @ [36maccumulo-core[0;1m ---[m
[[1;34mINFO[m] 
[[1;34mINFO[m] [1m--- [0;32mmaven-resources-plugin:2.5:resources[m [1m(default-resources)[m @ [36maccumulo-core[0;1m ---[m
[debug] execute contextualize
[[1;34mINFO[m] Using 'UTF-8' encoding to copy filtered resources.
[[1;34mINFO[m] Copying 4 resources to META-INF
[[1;34mINFO[m] Copying 1 resource
[[1;34mINFO[m] Copying 3 resources
[[1;34mINFO[m] 
[[1;34mINFO[m] [1m--- [0;32mmaven-dependency-plugin:2.3:copy-dependencies[m [1m(copy-dependencies)[m @ [36maccumulo-core[0;1m ---[m
[[1;34mINFO[m] libthrift-0.6.1.jar already exists in destination.
[[1;34mINFO[m] log4j-1.2.16.jar already exists in destination.
[[1;34mINFO[m] commons-collections-3.2.jar already exists in destination.
[[1;34mINFO[m] jline-0.9.94.jar already exists in destination.
[[1;34mINFO[m] commons-lang-2.4.jar already exists in destination.
[[1;34mINFO[m] 
[[1;34mINFO[m] [1m--- [0;32mmaven-compiler-plugin:2.3.2:compile[m [1m(default-compile)[m @ [36maccumulo-core[0;1m ---[m
[[1;34mINFO[m] Nothing to compile - all classes are up to date
[[1;34mINFO[m] 
[[1;34mINFO[m] [1m--- [0;32mmaven-resources-plugin:2.5:testResources[m [1m(default-testResources)[m @ [36maccumulo-core[0;1m ---[m
[debug] execute contextualize
[[1;34mINFO[m] Using 'UTF-8' encoding to copy filtered resources.
[[1;34mINFO[m] Copying 2 resources
[[1;34mINFO[m] Copying 3 resources
[[1;34mINFO[m] 
[[1;34mINFO[m] [1m--- [0;32mmaven-compiler-plugin:2.3.2:testCompile[m [1m(default-testCompile)[m @ [36maccumulo-core[0;1m ---[m
[[1;34mINFO[m] Nothing to compile - all classes are up to date
[[1;34mINFO[m] 
[[1;34mINFO[m] [1m--- [0;32mmaven-surefire-plugin:2.9:test[m [1m(default-test)[m @ [36maccumulo-core[0;1m ---[m
[[1;34mINFO[m] Surefire report directory: /home/user/Reproducibility-Scanner/benchmarks/bugs-dot-jar/accumulo/src/core/target/surefire-reports

-------------------------------------------------------
 T E S T S
-------------------------------------------------------
Running org.apache.accumulo.core.conf.PropertyTest
Tests run: 3, Failures: 0, Errors: 0, Skipped: 0, Time elapsed: 0.031 sec
Running org.apache.accumulo.core.client.RowIteratorTest
Tests run: 2, Failures: 0, Errors: 0, Skipped: 0, Time elapsed: 0.062 sec
Running org.apache.accumulo.core.client.admin.FindMaxTest
Tests run: 1, Failures: 0, Errors: 0, Skipped: 0, Time elapsed: 0.509 sec
Running org.apache.accumulo.core.client.admin.TableOperationsHelperTest
Tests run: 1, Failures: 0, Errors: 0, Skipped: 0, Time elapsed: 0.001 sec
Running org.apache.accumulo.core.client.mock.MockConnectorTest
Tests run: 6, Failures: 0, Errors: 0, Skipped: 0, Time elapsed: 0.01 sec
Running org.apache.accumulo.core.client.mapreduce.AccumuloRowInputFormatTest
Tests run: 1, Failures: 0, Errors: 0, Skipped: 0, Time elapsed: 0.053 sec
Running org.apache.accumulo.core.client.mapreduce.AccumuloInputFormatTest
22/07/15 22:32:24 INFO jvm.JvmMetrics: Initializing JVM Metrics with processName=JobTracker, sessionId=
22/07/15 22:32:24 INFO jvm.JvmMetrics: Cannot initialize JVM Metrics with processName=JobTracker, sessionId= - already initialized
Tests run: 10, Failures: 1, Errors: 0, Skipped: 0, Time elapsed: 38.561 sec <<< FAILURE!
Running org.apache.accumulo.core.client.mapreduce.AccumuloFileOutputFormatTest
22/07/15 22:32:24 WARN util.NativeCodeLoader: Unable to load native-hadoop library for your platform... using builtin-java classes where applicable
22/07/15 22:32:24 INFO compress.CodecPool: Got brand-new compressor
file:/home/user/Reproducibility-Scanner/benchmarks/bugs-dot-jar/accumulo/target/_temporary/_attempt__0000_r_000000_0/part-r-00000.rf
file:/home/user/Reproducibility-Scanner/benchmarks/bugs-dot-jar/accumulo/target/_temporary/_attempt__0000_r_000000_0/part-r-00000.rf
Tests run: 4, Failures: 0, Errors: 0, Skipped: 0, Time elapsed: 0.061 sec
Running org.apache.accumulo.core.client.mapreduce.lib.partition.RangePartitionerTest
Tests run: 2, Failures: 0, Errors: 0, Skipped: 0, Time elapsed: 0.212 sec
Running org.apache.accumulo.core.client.ClientSideIteratorTest
Tests run: 2, Failures: 0, Errors: 0, Skipped: 0, Time elapsed: 0.004 sec
Running org.apache.accumulo.core.client.impl.ScannerOptionsTest
Tests run: 1, Failures: 0, Errors: 0, Skipped: 0, Time elapsed: 0 sec
Running org.apache.accumulo.core.client.impl.TabletLocatorImplTest
Tests run: 16, Failures: 0, Errors: 0, Skipped: 0, Time elapsed: 0.021 sec
Running org.apache.accumulo.core.security.VisibilityEvaluatorTest
Tests run: 1, Failures: 0, Errors: 0, Skipped: 0, Time elapsed: 0.002 sec
Running org.apache.accumulo.core.security.ColumnVisibilityTest
Tests run: 10, Failures: 0, Errors: 0, Skipped: 0, Time elapsed: 0.002 sec
Running org.apache.accumulo.core.security.AuthorizationsTest
Tests run: 2, Failures: 0, Errors: 0, Skipped: 0, Time elapsed: 0 sec
Running org.apache.accumulo.core.util.LocalityGroupUtilTest
Tests run: 2, Failures: 0, Errors: 0, Skipped: 0, Time elapsed: 0.001 sec
Running org.apache.accumulo.core.util.MetadataTableTest
Tests run: 1, Failures: 0, Errors: 0, Skipped: 0, Time elapsed: 0.001 sec
Running org.apache.accumulo.core.util.MergeTest
Tests run: 1, Failures: 0, Errors: 0, Skipped: 0, Time elapsed: 0.001 sec
Running org.apache.accumulo.core.util.TextUtilTest
Tests run: 1, Failures: 0, Errors: 0, Skipped: 0, Time elapsed: 0 sec
Running org.apache.accumulo.core.util.EscapeTokenizerTest
Tests run: 11, Failures: 0, Errors: 0, Skipped: 0, Time elapsed: 0.001 sec
Running org.apache.accumulo.core.util.AddressUtilTest
Tests run: 2, Failures: 0, Errors: 0, Skipped: 0, Time elapsed: 0.055 sec
Running org.apache.accumulo.core.util.TestStringUtil
Tests run: 1, Failures: 0, Errors: 0, Skipped: 0, Time elapsed: 0.001 sec
Running org.apache.accumulo.core.util.TestVersion
Tests run: 1, Failures: 0, Errors: 0, Skipped: 0, Time elapsed: 0.001 sec
Running org.apache.accumulo.core.iterators.IterUtilTest
Tests run: 5, Failures: 0, Errors: 0, Skipped: 0, Time elapsed: 0.006 sec
Running org.apache.accumulo.core.iterators.AggregatingIteratorTest
Tests run: 7, Failures: 0, Errors: 0, Skipped: 0, Time elapsed: 0.007 sec
Running org.apache.accumulo.core.iterators.system.ColumnFilterTest
Tests run: 3, Failures: 0, Errors: 0, Skipped: 0, Time elapsed: 0 sec
Running org.apache.accumulo.core.iterators.system.ColumnFamilySkippingIteratorTest
Tests run: 3, Failures: 0, Errors: 0, Skipped: 0, Time elapsed: 0.364 sec
Running org.apache.accumulo.core.iterators.system.DeletingIteratorTest
Tests run: 4, Failures: 0, Errors: 0, Skipped: 0, Time elapsed: 0 sec
Running org.apache.accumulo.core.iterators.system.TimeSettingIteratorTest
Tests run: 1, Failures: 0, Errors: 0, Skipped: 0, Time elapsed: 0 sec
Running org.apache.accumulo.core.iterators.system.MultiIteratorTest
Tests run: 7, Failures: 0, Errors: 0, Skipped: 0, Time elapsed: 0.062 sec
Running org.apache.accumulo.core.iterators.system.SourceSwitchingIteratorTest
Tests run: 5, Failures: 0, Errors: 0, Skipped: 0, Time elapsed: 0.002 sec
Running org.apache.accumulo.core.iterators.user.WholeRowIteratorTest
Tests run: 3, Failures: 0, Errors: 0, Skipped: 0, Time elapsed: 0.001 sec
Running org.apache.accumulo.core.iterators.user.GrepIteratorTest
Tests run: 1, Failures: 0, Errors: 0, Skipped: 0, Time elapsed: 0.001 sec
Running org.apache.accumulo.core.iterators.user.FilterTest
Tests run: 9, Failures: 0, Errors: 0, Skipped: 0, Time elapsed: 0.048 sec
Running org.apache.accumulo.core.iterators.user.RegExFilterTest
Tests run: 1, Failures: 1, Errors: 0, Skipped: 0, Time elapsed: 0.003 sec <<< FAILURE!
Running org.apache.accumulo.core.iterators.user.VersioningIteratorTest
Tests run: 5, Failures: 0, Errors: 0, Skipped: 0, Time elapsed: 0.002 sec
Running org.apache.accumulo.core.iterators.user.IntersectingIteratorTest
Tests run: 6, Failures: 0, Errors: 0, Skipped: 0, Time elapsed: 0.479 sec
Running org.apache.accumulo.core.iterators.user.IndexedDocIteratorTest
Tests run: 5, Failures: 0, Errors: 0, Skipped: 0, Time elapsed: 0.523 sec
Running org.apache.accumulo.core.iterators.user.RowDeletingIteratorTest
Tests run: 4, Failures: 0, Errors: 0, Skipped: 0, Time elapsed: 0.001 sec
Running org.apache.accumulo.core.iterators.user.LargeRowFilterTest
Tests run: 5, Failures: 0, Errors: 0, Skipped: 0, Time elapsed: 0.025 sec
Running org.apache.accumulo.core.iterators.user.CombinerTest
Tests run: 10, Failures: 0, Errors: 0, Skipped: 0, Time elapsed: 0.004 sec
Running org.apache.accumulo.core.iterators.aggregation.conf.AggregatorConfigurationTest
Tests run: 2, Failures: 0, Errors: 0, Skipped: 0, Time elapsed: 0.001 sec
Running org.apache.accumulo.core.iterators.aggregation.NumSummationTest
Tests run: 5, Failures: 0, Errors: 0, Skipped: 0, Time elapsed: 0.001 sec
Running org.apache.accumulo.core.file.rfile.RFileTest
Tests run: 19, Failures: 0, Errors: 0, Skipped: 0, Time elapsed: 2.351 sec
Running org.apache.accumulo.core.file.rfile.MultiLevelIndexTest
Tests run: 1, Failures: 0, Errors: 0, Skipped: 0, Time elapsed: 0.203 sec
Running org.apache.accumulo.core.file.blockfile.cache.TestLruBlockCache
Tests run: 7, Failures: 0, Errors: 0, Skipped: 0, Time elapsed: 1.045 sec
Running org.apache.accumulo.core.file.blockfile.cache.TestCachedBlockQueue
Tests run: 2, Failures: 0, Errors: 0, Skipped: 0, Time elapsed: 0.001 sec
Running org.apache.accumulo.core.data.ColumnTest
Tests run: 3, Failures: 0, Errors: 0, Skipped: 0, Time elapsed: 0.001 sec
Running org.apache.accumulo.core.data.RangeTest
Tests run: 43, Failures: 0, Errors: 0, Skipped: 0, Time elapsed: 0.014 sec
Running org.apache.accumulo.core.data.MutationTest
Tests run: 8, Failures: 0, Errors: 0, Skipped: 0, Time elapsed: 0.021 sec
Running org.apache.accumulo.core.data.KeyExtentTest
Tests run: 3, Failures: 0, Errors: 0, Skipped: 0, Time elapsed: 0 sec
Running org.apache.accumulo.core.data.MapFileTest
Tests run: 3, Failures: 0, Errors: 0, Skipped: 0, Time elapsed: 0.436 sec
Running org.apache.accumulo.core.data.KeyTest
Tests run: 4, Failures: 0, Errors: 0, Skipped: 0, Time elapsed: 0 sec

Results :

Failed tests:   testAddIterator(org.apache.accumulo.core.client.mapreduce.AccumuloInputFormatTest): expected:<[v1]> but was:<[junk]>
  test1(org.apache.accumulo.core.iterators.user.RegExFilterTest)

Tests run: 266, Failures: 2, Errors: 0, Skipped: 0

[[1;34mINFO[m] [1m------------------------------------------------------------------------[m
[[1;34mINFO[m] [1;31mBUILD FAILURE[m
[[1;34mINFO[m] [1m------------------------------------------------------------------------[m
[[1;34mINFO[m] Total time:  47.623 s
[[1;34mINFO[m] Finished at: 2022-07-15T22:32:30-07:00
[[1;34mINFO[m] [1m------------------------------------------------------------------------[m
[[1;31mERROR[m] Failed to execute goal [32morg.apache.maven.plugins:maven-surefire-plugin:2.9:test[m [1m(default-test)[m on project [36maccumulo-core[m: [1;31mThere are test failures.[m
[[1;31mERROR[m] [1;31m[m
[[1;31mERROR[m] [1;31mPlease refer to /home/user/Reproducibility-Scanner/benchmarks/bugs-dot-jar/accumulo/src/core/target/surefire-reports for the individual test results.[m
[[1;31mERROR[m] -> [1m[Help 1][m
[[1;31mERROR[m] 
[[1;31mERROR[m] To see the full stack trace of the errors, re-run Maven with the [1m-e[m switch.
[[1;31mERROR[m] Re-run Maven using the [1m-X[m switch to enable full debug logging.
[[1;31mERROR[m] 
[[1;31mERROR[m] For more information about the errors and possible solutions, please read the following articles:
[[1;31mERROR[m] [1m[Help 1][m http://cwiki.apache.org/confluence/display/MAVEN/MojoFailureException