[INFO] Scanning for projects...
[INFO] ------------------------------------------------------------------------
[INFO] Reactor Build Order:
[INFO] 
[INFO] accumulo                                                           [pom]
[INFO] cloudtrace                                                         [jar]
[INFO] accumulo-start                                                     [jar]
[INFO] accumulo-core                                                      [jar]
[INFO] accumulo-server                                                    [jar]
[INFO] accumulo-examples                                                  [pom]
[INFO] examples-simple                                                    [jar]
[INFO] accumulo-wikisearch                                                [pom]
[INFO] wikisearch-ingest                                                  [jar]
[INFO] wikisearch-query                                                   [ejb]
[INFO] wikisearch-query-war                                               [war]
[INFO] accumulo-assemble                                                  [pom]
[INFO] 
[INFO] --------------------< org.apache.accumulo:accumulo >--------------------
[INFO] Building accumulo 1.5.0-incubating-SNAPSHOT                       [1/12]
[INFO] --------------------------------[ pom ]---------------------------------
[INFO] 
[INFO] --- maven-enforcer-plugin:1.0.1:enforce (enforce-mvn) @ accumulo ---
[INFO] 
[INFO] --- maven-remote-resources-plugin:1.2.1:process (default) @ accumulo ---
[INFO] 
[INFO] --- maven-dependency-plugin:2.3:copy-dependencies (copy-dependencies) @ accumulo ---
[INFO] 
[INFO] --- exec-maven-plugin:1.2:exec (user-manual) @ accumulo ---
This is pdfTeX, Version 3.14159265-2.6-1.40.18 (TeX Live 2017/Debian) (preloaded format=pdflatex)
 restricted \write18 enabled.
entering extended mode
(./accumulo_user_manual.tex
LaTeX2e <2017-04-15>
Babel <3.18> and hyphenation patterns for 7 language(s) loaded.
(/usr/share/texlive/texmf-dist/tex/latex/base/report.cls
Document Class: report 2014/09/29 v1.4h Standard LaTeX document class
(/usr/share/texlive/texmf-dist/tex/latex/base/size11.clo))
(/usr/share/texlive/texmf-dist/tex/latex/base/alltt.sty)
(/usr/share/texlive/texmf-dist/tex/latex/multirow/multirow.sty)
(/usr/share/texlive/texmf-dist/tex/latex/graphics/graphicx.sty
(/usr/share/texlive/texmf-dist/tex/latex/graphics/keyval.sty)
(/usr/share/texlive/texmf-dist/tex/latex/graphics/graphics.sty
(/usr/share/texlive/texmf-dist/tex/latex/graphics/trig.sty)
(/usr/share/texlive/texmf-dist/tex/latex/graphics-cfg/graphics.cfg)
(/usr/share/texlive/texmf-dist/tex/latex/graphics-def/pdftex.def)))
(/usr/share/texlive/texmf-dist/tex/latex/base/fontenc.sty
(/usr/share/texlive/texmf-dist/tex/latex/base/t1enc.def))
(/usr/share/texlive/texmf-dist/tex/latex/parskip/parskip.sty)
(/usr/share/texlive/texmf-dist/tex/latex/hyperref/hyperref.sty
(/usr/share/texlive/texmf-dist/tex/generic/oberdiek/hobsub-hyperref.sty
(/usr/share/texlive/texmf-dist/tex/generic/oberdiek/hobsub-generic.sty))
(/usr/share/texlive/texmf-dist/tex/generic/ifxetex/ifxetex.sty)
(/usr/share/texlive/texmf-dist/tex/latex/oberdiek/auxhook.sty)
(/usr/share/texlive/texmf-dist/tex/latex/oberdiek/kvoptions.sty)
(/usr/share/texlive/texmf-dist/tex/latex/hyperref/pd1enc.def)
(/usr/share/texlive/texmf-dist/tex/latex/latexconfig/hyperref.cfg)
(/usr/share/texlive/texmf-dist/tex/latex/url/url.sty))
(/usr/share/texlive/texmf-dist/tex/latex/hyperref/hpdftex.def
(/usr/share/texlive/texmf-dist/tex/latex/oberdiek/rerunfilecheck.sty))
No file accumulo_user_manual.aux.
(/usr/share/texlive/texmf-dist/tex/context/base/mkii/supp-pdf.mkii
[Loading MPS to PDF converter (version 2006.09.02).]
) (/usr/share/texlive/texmf-dist/tex/latex/oberdiek/epstopdf-base.sty
(/usr/share/texlive/texmf-dist/tex/latex/oberdiek/grfext.sty)
(/usr/share/texlive/texmf-dist/tex/latex/latexconfig/epstopdf-sys.cfg))
(/usr/share/texlive/texmf-dist/tex/latex/hyperref/nameref.sty
(/usr/share/texlive/texmf-dist/tex/generic/oberdiek/gettitlestring.sty))

LaTeX Warning: No \author given.

[1{/var/lib/texmf/fonts/map/pdftex/updmap/pdftex.map}]pdfTeX warning (ext4): de
stination with the same identifier (name{page.1}) has been already used, duplic
ate ignored
<to be read again> 
                   \relax 
l.42 \include{chapters/introduction}
                                     [1] (./chapters/introduction.tex
Chapter 1.
) [2] (./chapters/design.tex
Chapter 2.
[3] [4] [5 <./images/data_distribution.png>] [6]) [7 <./images/failure_handling
.png (PNG copy)>] (./chapters/shell.tex
Chapter 3.
(/usr/share/texlive/texmf-dist/tex/latex/txfonts/t1txtt.fd) [8] [9]) [10]
(./chapters/clients.tex
Chapter 4.
[11] [12] (/usr/share/texlive/texmf-dist/tex/latex/base/omscmr.fd)
Overfull \hbox (48.45232pt too wide) in paragraph at lines 135--137
\T1/txtt/m/n/10.95 src/examples/src/main/java/org/apache/accumulo/examples/isol
ation/InterferenceTest.java 
[13]) [14] (./chapters/table_configuration.tex
Chapter 5.
[15]
Overfull \hbox (26.06111pt too wide) in paragraph at lines 108--108
[]\T1/txtt/m/n/10 user@myinstance mytable> config -t mytable -s table.constrain
t.1=com.test.ExampleConstraint[] 

Overfull \hbox (26.06111pt too wide) in paragraph at lines 108--108
[]\T1/txtt/m/n/10 user@myinstance mytable> config -t mytable -s table.constrain
t.2=com.test.AnotherConstraint[] 
[16]
Overfull \hbox (126.66458pt too wide) in paragraph at lines 111--114
\T1/cmr/m/n/10.95 New con-straints can be cre-ated by writ-ing a Java class tha
t im-ple-ments the org.apache.accumulo.core.constraints.Constraint
[17] [18] [19]
Overfull \hbox (36.56108pt too wide) in paragraph at lines 269--269
[]\T1/txtt/m/n/10 user@myinstance filtertest> setiter -t filtertest -scan -minc
 -majc -p 10 -n myfilter -ageoff[] 

Overfull \hbox (477.5598pt too wide) in paragraph at lines 269--269
[]\T1/txtt/m/n/10 ----------> set org.apache.accumulo.core.iterators.user.AgeOf
fFilter parameter negate, default false keeps k/v that pass accept method, true
 rejects k/v that pass accept method:[] 

Overfull \hbox (162.56071pt too wide) in paragraph at lines 269--269
[]\T1/txtt/m/n/10 ----------> set org.apache.accumulo.core.iterators.user.AgeOf
fFilter parameter ttl, time to live (milliseconds): 3000[] 

Overfull \hbox (514.3097pt too wide) in paragraph at lines 269--269
[]\T1/txtt/m/n/10 ----------> set org.apache.accumulo.core.iterators.user.AgeOf
fFilter parameter currentTime, if set, use the given value as the absolute time
 in milliseconds as the current time of day:[] 

Overfull \hbox (136.31079pt too wide) in paragraph at lines 293--293
[]\T1/txtt/m/n/10 table    | table.iterator.majc.myfilter .............. | 10,o
rg.apache.accumulo.core.iterators.user.AgeOffFilter[] 

Overfull \hbox (141.56078pt too wide) in paragraph at lines 293--293
[]\T1/txtt/m/n/10 table    | table.iterator.majc.vers .................. | 20,o
rg.apache.accumulo.core.iterators.VersioningIterator[] 

Overfull \hbox (136.31079pt too wide) in paragraph at lines 293--293
[]\T1/txtt/m/n/10 table    | table.iterator.minc.myfilter .............. | 10,o
rg.apache.accumulo.core.iterators.user.AgeOffFilter[] 

Overfull \hbox (141.56078pt too wide) in paragraph at lines 293--293
[]\T1/txtt/m/n/10 table    | table.iterator.minc.vers .................. | 20,o
rg.apache.accumulo.core.iterators.VersioningIterator[] 

Overfull \hbox (136.31079pt too wide) in paragraph at lines 293--293
[]\T1/txtt/m/n/10 table    | table.iterator.scan.myfilter .............. | 10,o
rg.apache.accumulo.core.iterators.user.AgeOffFilter[] 

Overfull \hbox (141.56078pt too wide) in paragraph at lines 293--293
[]\T1/txtt/m/n/10 table    | table.iterator.scan.vers .................. | 20,o
rg.apache.accumulo.core.iterators.VersioningIterator[] 
[20]
Overfull \hbox (89.14725pt too wide) in paragraph at lines 355--357
\T1/cmr/m/n/10.95 accumulo/src/examples/simple/main/java/org/apache/accumulo/ex
amples/simple/combiner/StatsCombiner.java 
[21]
Overfull \hbox (8.21118pt too wide) in paragraph at lines 376--376
[]\T1/txtt/m/n/10.95 table.cache.block.enable: Determines whether file (data) b
lock cache is enabled.[] 
[22] [23] [24] [25] [26]) [27] (./chapters/table_design.tex
Chapter 6.
[28] [29] [30] [31] [32] [33]) [34] (./chapters/high_speed_ingest.tex
Chapter 7.
[35] [36]) [37] (./chapters/analytics.tex
Chapter 8.
[38] [39] [40]) [41] (./chapters/security.tex
Chapter 9.
[42] [43]
Overfull \hbox (31.3111pt too wide) in paragraph at lines 124--124
[]\T1/txtt/m/n/10 config -t table -s table.constraint.1=org.apache.accumulo.cor
e.security.VisibilityConstraint[] 
[44]) [45] (./chapters/administration.tex
Chapter 10.
[46]
Overfull \hbox (3.49286pt too wide) in paragraph at lines 56--63
\T1/cmr/m/n/10.95 Accumulo re-quires HDFS and ZooKeeper to be con-fig-ured and 
run-ning be-fore start-ing. Password-
[47] [48] [49] [50]) [51] (./appendices/shell_commands.tex
Appendix A.

Overfull \hbox (13.95992pt too wide) in paragraph at lines 40--40
[]      \T1/txtt/m/n/10.95 -sf,--splits-file <filename>file with newline separa
ted list of rows to add[] 
[52]
Overfull \hbox (36.95485pt too wide) in paragraph at lines 70--70
[]    \T1/txtt/m/n/10.95 usage: clonetable <current table name> <new table name
> [-?] [-e <arg>] [-nf] [-s[] 

Overfull \hbox (13.95992pt too wide) in paragraph at lines 74--74
[]      \T1/txtt/m/n/10.95 -e,--exclude <arg>  properties that should not be co
pied from source table.[] 

Overfull \hbox (25.45738pt too wide) in paragraph at lines 77--77
[]      \T1/txtt/m/n/10.95 -s,--set <arg>  set initial properties before the ta
ble comes online. Expects[] 
[53]
Overfull \hbox (25.45738pt too wide) in paragraph at lines 88--88
[]    \T1/txtt/m/n/10.95 usage: compact [-?] [-b <arg>] [-e <arg>] [-nf] [-p <p
attern> | -t <tableName>][] 

Overfull \hbox (19.70865pt too wide) in paragraph at lines 90--90
[]    \T1/txtt/m/n/10.95 description: sets all tablets for a table to major com
pact as soon as possible[] 

Overfull \hbox (8.21118pt too wide) in paragraph at lines 102--102
[]    \T1/txtt/m/n/10.95 usage: config [-?] [-d <property> | -f <string> | -s <
property=value>] [-np][] 
[54]
Overfull \hbox (31.20612pt too wide) in paragraph at lines 126--126
[]      \T1/txtt/m/n/10.95 -evc,--enable-visibility-constraint  prevents users 
from writing data they can[] 

Overfull \hbox (25.45738pt too wide) in paragraph at lines 129--129
[]      \T1/txtt/m/n/10.95 -ndi,--no-default-iterators  prevents creation of th
e normal default iterator[] 

Overfull \hbox (31.20612pt too wide) in paragraph at lines 141--141
[]      \T1/txtt/m/n/10.95 -s,--scan-authorizations <comma-separated-authorizat
ions>  scan authorizations[] 

Overfull \hbox (36.95485pt too wide) in paragraph at lines 155--155
[]      \T1/txtt/m/n/10.95 -l,--authorization-label <expression>  formatted aut
horization label expression[] 
[55]
Overfull \hbox (8.21118pt too wide) in paragraph at lines 177--177
[]      \T1/txtt/m/n/10.95 -c,--columns <<columnfamily>[:<columnqualifier>]>  c
omma-separated columns[] 

Overfull \hbox (31.20612pt too wide) in paragraph at lines 181--181
[]      \T1/txtt/m/n/10.95 -s,--scan-authorizations <comma-separated-authorizat
ions>  scan authorizations[] 

Overfull \hbox (31.20612pt too wide) in paragraph at lines 190--190
[]    \T1/txtt/m/n/10.95 Note that rows matching the start row ARE NOT deleted,
 but rows matching the end[] 

Overfull \hbox (2.46245pt too wide) in paragraph at lines 204--204
[]    \T1/txtt/m/n/10.95 description: deletes a table-specific scan iterator so
 it is no longer used[] 
[56]
Overfull \hbox (31.20612pt too wide) in paragraph at lines 240--240
[]    \T1/txtt/m/n/10.95 description: Prints how much space is used by files re
ferenced by a table.  When[] 
[57]
Overfull \hbox (13.95992pt too wide) in paragraph at lines 252--252
[]    \T1/txtt/m/n/10.95 description: searches each row, column family, column 
qualifier and value, in[] 

Overfull \hbox (8.21118pt too wide) in paragraph at lines 258--258
[]      \T1/txtt/m/n/10.95 -c,--columns <<columnfamily>[:<columnqualifier>]>  c
omma-separated columns[] 

Overfull \hbox (31.20612pt too wide) in paragraph at lines 263--263
[]      \T1/txtt/m/n/10.95 -s,--scan-authorizations <comma-separated-authorizat
ions>  scan authorizations[] 

Overfull \hbox (13.95992pt too wide) in paragraph at lines 283--283
[]    \T1/txtt/m/n/10.95 usage: flush [-?] [-b <arg>] [-e <arg>] [-p <pattern> 
| -t <tableName>]  [-w][] 
[58]
Overfull \hbox (8.21118pt too wide) in paragraph at lines 297--297
[]      \T1/txtt/m/n/10.95 -f,--formatter <className>  fully qualified name of 
formatter class to use[] 

Overfull \hbox (31.20612pt too wide) in paragraph at lines 318--318
[]    \T1/txtt/m/n/10.95 description: retrieves the current split points for ta
blets in the current table[] 
[59]
Overfull \hbox (8.21118pt too wide) in paragraph at lines 328--328
[]    \T1/txtt/m/n/10.95 usage: grant <permission> [-?] -p <pattern> | -s | -t 
<table>  -u <username>[] 

Overfull \hbox (19.70865pt too wide) in paragraph at lines 342--342
[]    \T1/txtt/m/n/10.95 description: searches each row, column family, column 
qualifier and value in a[] 

Overfull \hbox (8.21118pt too wide) in paragraph at lines 347--347
[]      \T1/txtt/m/n/10.95 -c,--columns <<columnfamily>[:<columnqualifier>]>  c
omma-separated columns[] 

Overfull \hbox (31.20612pt too wide) in paragraph at lines 352--352
[]      \T1/txtt/m/n/10.95 -s,--scan-authorizations <comma-separated-authorizat
ions>  scan authorizations[] 
[60]
Overfull \hbox (36.95485pt too wide) in paragraph at lines 374--374
[]    \T1/txtt/m/n/10.95 description: bulk imports an entire directory of data 
files to the current table.[] 

Overfull \hbox (36.95485pt too wide) in paragraph at lines 387--387
[]    \T1/txtt/m/n/10.95 usage: insert <row> <colfamily> <colqualifier> <value>
 [-?] [-l <expression>] [-t[] 

Overfull \hbox (36.95485pt too wide) in paragraph at lines 391--391
[]      \T1/txtt/m/n/10.95 -l,--authorization-label <expression>  formatted aut
horization label expression[] 

Overfull \hbox (13.95992pt too wide) in paragraph at lines 402--402
[]      \T1/txtt/m/n/10.95 -ts,--tabletServer <tablet server>  list scans for a
 specific tablet server[] 
[61]
Overfull \hbox (2.46245pt too wide) in paragraph at lines 417--417
[]      \T1/txtt/m/n/10.95 -be,--begin-exclusive  make start row exclusive, by 
defaults it inclusive[] 

Overfull \hbox (31.20612pt too wide) in paragraph at lines 420--420
[]      \T1/txtt/m/n/10.95 -s,--scan-authorizations <comma-separated-authorizat
ions>  scan authorizations[] 

Overfull \hbox (8.21118pt too wide) in paragraph at lines 431--431
[]      \T1/txtt/m/n/10.95 -f,--force  merge small tablets to large tablets, ev
en if it goes over the[] 
[62] [63]
Overfull \hbox (25.45738pt too wide) in paragraph at lines 490--490
[]    \T1/txtt/m/n/10.95 usage: scan [-?] [-b <start-row>] [-c <<columnfamily>[
:<columnqualifier>]>] [-e[] 

Overfull \hbox (8.21118pt too wide) in paragraph at lines 496--496
[]      \T1/txtt/m/n/10.95 -c,--columns <<columnfamily>[:<columnqualifier>]>  c
omma-separated columns[] 

Overfull \hbox (31.20612pt too wide) in paragraph at lines 500--500
[]      \T1/txtt/m/n/10.95 -s,--scan-authorizations <comma-separated-authorizat
ions>  scan authorizations[] 

Overfull \hbox (31.20612pt too wide) in paragraph at lines 512--512
[]      \T1/txtt/m/n/10.95 -s,--scan-authorizations <comma-separated-authorizat
ions>  scan authorizations[] 

Overfull \hbox (36.95485pt too wide) in paragraph at lines 518--518
[]    \T1/txtt/m/n/10.95 usage: selectrow <row> [-?] [-np] [-s <comma-separated
-authorizations>] [-st] [-t[] 

Overfull \hbox (31.20612pt too wide) in paragraph at lines 523--523
[]      \T1/txtt/m/n/10.95 -s,--scan-authorizations <comma-separated-authorizat
ions>  scan authorizations[] 
[64]
Overfull \hbox (19.70865pt too wide) in paragraph at lines 541--541
[]    \T1/txtt/m/n/10.95 description: sets the locality groups for a given tabl
e (for binary or commas,[] 

Overfull \hbox (13.95992pt too wide) in paragraph at lines 548--548
[]    \T1/txtt/m/n/10.95 usage: setiter [-?] -ageoff | -agg | -class <name> | -
regex | -reqvis | -vers[] 

Overfull \hbox (31.20612pt too wide) in paragraph at lines 560--560
[]      \T1/txtt/m/n/10.95 -reqvis,--require-visibility a type that omits entri
es with empty visibilities[] 
[65]
Overfull \hbox (36.95485pt too wide) in paragraph at lines 567--567
[]    \T1/txtt/m/n/10.95 usage: setscaniter [-?] -ageoff | -agg | -class <name>
 | -regex | -reqvis | -vers[] 

Overfull \hbox (31.20612pt too wide) in paragraph at lines 577--577
[]      \T1/txtt/m/n/10.95 -reqvis,--require-visibility a type that omits entri
es with empty visibilities[] 
[66]) [67] (./accumulo_user_manual.aux (./chapters/introduction.aux)
(./chapters/design.aux) (./chapters/shell.aux) (./chapters/clients.aux)
(./chapters/table_configuration.aux) (./chapters/table_design.aux)
(./chapters/high_speed_ingest.aux) (./chapters/analytics.aux)
(./chapters/security.aux) (./chapters/administration.aux)
(./appendices/shell_commands.aux))

Package rerunfilecheck Warning: File `accumulo_user_manual.out' has changed.
(rerunfilecheck)                Rerun to get outlines right
(rerunfilecheck)                or use package `bookmark'.

 )
(see the transcript file for additional information) </home/user/.texlive2017/te
xmf-var/fonts/pk/ljfour/jknappen/ec/ecti1095.600pk> </home/user/.texlive2017/tex
mf-var/fonts/pk/ljfour/jknappen/ec/ecbx1095.600pk> </home/user/.texlive2017/texm
f-var/fonts/pk/ljfour/jknappen/ec/ecbx1200.600pk> </home/user/.texlive2017/texmf
-var/fonts/pk/ljfour/jknappen/ec/ecbx1440.600pk> </home/user/.texlive2017/texmf-
var/fonts/pk/ljfour/jknappen/ec/ecbx2074.600pk> </home/user/.texlive2017/texmf-v
ar/fonts/pk/ljfour/jknappen/ec/ecrm1095.600pk> </home/user/.texlive2017/texmf-va
r/fonts/pk/ljfour/jknappen/ec/ecbx2488.600pk> </home/user/.texlive2017/texmf-var
/fonts/pk/ljfour/jknappen/ec/ecrm1200.600pk> </home/user/.texlive2017/texmf-var/
fonts/pk/ljfour/jknappen/ec/ecrm1728.600pk></usr/share/texlive/texmf-dist/fonts
/type1/public/amsfonts/cm/cmbx10.pfb></usr/share/texlive/texmf-dist/fonts/type1
/public/amsfonts/cm/cmmi10.pfb></usr/share/texlive/texmf-dist/fonts/type1/publi
c/amsfonts/cm/cmmi8.pfb></usr/share/texlive/texmf-dist/fonts/type1/public/amsfo
nts/cm/cmr10.pfb></usr/share/texlive/texmf-dist/fonts/type1/public/amsfonts/cm/
cmr8.pfb></usr/share/texlive/texmf-dist/fonts/type1/public/amsfonts/cm/cmsy10.p
fb></usr/share/texlive/texmf-dist/fonts/type1/public/txfonts/t1xbtt.pfb></usr/s
hare/texlive/texmf-dist/fonts/type1/public/txfonts/t1xtt.pfb>
Output written on accumulo_user_manual.pdf (68 pages, 371475 bytes).
Transcript written on accumulo_user_manual.log.
This is pdfTeX, Version 3.14159265-2.6-1.40.18 (TeX Live 2017/Debian) (preloaded format=pdflatex)
 restricted \write18 enabled.
entering extended mode
(./accumulo_user_manual.tex
LaTeX2e <2017-04-15>
Babel <3.18> and hyphenation patterns for 7 language(s) loaded.
(/usr/share/texlive/texmf-dist/tex/latex/base/report.cls
Document Class: report 2014/09/29 v1.4h Standard LaTeX document class
(/usr/share/texlive/texmf-dist/tex/latex/base/size11.clo))
(/usr/share/texlive/texmf-dist/tex/latex/base/alltt.sty)
(/usr/share/texlive/texmf-dist/tex/latex/multirow/multirow.sty)
(/usr/share/texlive/texmf-dist/tex/latex/graphics/graphicx.sty
(/usr/share/texlive/texmf-dist/tex/latex/graphics/keyval.sty)
(/usr/share/texlive/texmf-dist/tex/latex/graphics/graphics.sty
(/usr/share/texlive/texmf-dist/tex/latex/graphics/trig.sty)
(/usr/share/texlive/texmf-dist/tex/latex/graphics-cfg/graphics.cfg)
(/usr/share/texlive/texmf-dist/tex/latex/graphics-def/pdftex.def)))
(/usr/share/texlive/texmf-dist/tex/latex/base/fontenc.sty
(/usr/share/texlive/texmf-dist/tex/latex/base/t1enc.def))
(/usr/share/texlive/texmf-dist/tex/latex/parskip/parskip.sty)
(/usr/share/texlive/texmf-dist/tex/latex/hyperref/hyperref.sty
(/usr/share/texlive/texmf-dist/tex/generic/oberdiek/hobsub-hyperref.sty
(/usr/share/texlive/texmf-dist/tex/generic/oberdiek/hobsub-generic.sty))
(/usr/share/texlive/texmf-dist/tex/generic/ifxetex/ifxetex.sty)
(/usr/share/texlive/texmf-dist/tex/latex/oberdiek/auxhook.sty)
(/usr/share/texlive/texmf-dist/tex/latex/oberdiek/kvoptions.sty)
(/usr/share/texlive/texmf-dist/tex/latex/hyperref/pd1enc.def)
(/usr/share/texlive/texmf-dist/tex/latex/latexconfig/hyperref.cfg)
(/usr/share/texlive/texmf-dist/tex/latex/url/url.sty))
(/usr/share/texlive/texmf-dist/tex/latex/hyperref/hpdftex.def
(/usr/share/texlive/texmf-dist/tex/latex/oberdiek/rerunfilecheck.sty))
(./accumulo_user_manual.aux (./chapters/introduction.aux)
(./chapters/design.aux) (./chapters/shell.aux) (./chapters/clients.aux)
(./chapters/table_configuration.aux) (./chapters/table_design.aux)
(./chapters/high_speed_ingest.aux) (./chapters/analytics.aux)
(./chapters/security.aux) (./chapters/administration.aux)
(./appendices/shell_commands.aux))
(/usr/share/texlive/texmf-dist/tex/context/base/mkii/supp-pdf.mkii
[Loading MPS to PDF converter (version 2006.09.02).]
) (/usr/share/texlive/texmf-dist/tex/latex/oberdiek/epstopdf-base.sty
(/usr/share/texlive/texmf-dist/tex/latex/oberdiek/grfext.sty)
(/usr/share/texlive/texmf-dist/tex/latex/latexconfig/epstopdf-sys.cfg))
(/usr/share/texlive/texmf-dist/tex/latex/hyperref/nameref.sty
(/usr/share/texlive/texmf-dist/tex/generic/oberdiek/gettitlestring.sty))
(./accumulo_user_manual.out) (./accumulo_user_manual.out)

LaTeX Warning: No \author given.

[1{/var/lib/texmf/fonts/map/pdftex/updmap/pdftex.map}]
(./accumulo_user_manual.tocpdfTeX warning (ext4): destination with the same ide
ntifier (name{page.1}) has been already used, duplicate ignored
<to be read again> 
                   \relax 
l.26 ...ine {5}Table Configuration}{15}{chapter.5}
                                                   [1] [2]) [3]
(./chapters/introduction.tex
Chapter 1.
) [4] (./chapters/design.tex
Chapter 2.
[5] [6] [7 <./images/data_distribution.png>] [8]) [9 <./images/failure_handling
.png (PNG copy)>] (./chapters/shell.tex
Chapter 3.
(/usr/share/texlive/texmf-dist/tex/latex/txfonts/t1txtt.fd) [10] [11]) [12]
(./chapters/clients.tex
Chapter 4.
[13] [14] (/usr/share/texlive/texmf-dist/tex/latex/base/omscmr.fd)
Overfull \hbox (48.45232pt too wide) in paragraph at lines 135--137
\T1/txtt/m/n/10.95 src/examples/src/main/java/org/apache/accumulo/examples/isol
ation/InterferenceTest.java 
[15]) [16] (./chapters/table_configuration.tex
Chapter 5.
[17]
Overfull \hbox (26.06111pt too wide) in paragraph at lines 108--108
[]\T1/txtt/m/n/10 user@myinstance mytable> config -t mytable -s table.constrain
t.1=com.test.ExampleConstraint[] 

Overfull \hbox (26.06111pt too wide) in paragraph at lines 108--108
[]\T1/txtt/m/n/10 user@myinstance mytable> config -t mytable -s table.constrain
t.2=com.test.AnotherConstraint[] 
[18]
Overfull \hbox (126.66458pt too wide) in paragraph at lines 111--114
\T1/cmr/m/n/10.95 New con-straints can be cre-ated by writ-ing a Java class tha
t im-ple-ments the org.apache.accumulo.core.constraints.Constraint
[19] [20] [21]
Overfull \hbox (36.56108pt too wide) in paragraph at lines 269--269
[]\T1/txtt/m/n/10 user@myinstance filtertest> setiter -t filtertest -scan -minc
 -majc -p 10 -n myfilter -ageoff[] 

Overfull \hbox (477.5598pt too wide) in paragraph at lines 269--269
[]\T1/txtt/m/n/10 ----------> set org.apache.accumulo.core.iterators.user.AgeOf
fFilter parameter negate, default false keeps k/v that pass accept method, true
 rejects k/v that pass accept method:[] 

Overfull \hbox (162.56071pt too wide) in paragraph at lines 269--269
[]\T1/txtt/m/n/10 ----------> set org.apache.accumulo.core.iterators.user.AgeOf
fFilter parameter ttl, time to live (milliseconds): 3000[] 

Overfull \hbox (514.3097pt too wide) in paragraph at lines 269--269
[]\T1/txtt/m/n/10 ----------> set org.apache.accumulo.core.iterators.user.AgeOf
fFilter parameter currentTime, if set, use the given value as the absolute time
 in milliseconds as the current time of day:[] 

Overfull \hbox (136.31079pt too wide) in paragraph at lines 293--293
[]\T1/txtt/m/n/10 table    | table.iterator.majc.myfilter .............. | 10,o
rg.apache.accumulo.core.iterators.user.AgeOffFilter[] 

Overfull \hbox (141.56078pt too wide) in paragraph at lines 293--293
[]\T1/txtt/m/n/10 table    | table.iterator.majc.vers .................. | 20,o
rg.apache.accumulo.core.iterators.VersioningIterator[] 

Overfull \hbox (136.31079pt too wide) in paragraph at lines 293--293
[]\T1/txtt/m/n/10 table    | table.iterator.minc.myfilter .............. | 10,o
rg.apache.accumulo.core.iterators.user.AgeOffFilter[] 

Overfull \hbox (141.56078pt too wide) in paragraph at lines 293--293
[]\T1/txtt/m/n/10 table    | table.iterator.minc.vers .................. | 20,o
rg.apache.accumulo.core.iterators.VersioningIterator[] 

Overfull \hbox (136.31079pt too wide) in paragraph at lines 293--293
[]\T1/txtt/m/n/10 table    | table.iterator.scan.myfilter .............. | 10,o
rg.apache.accumulo.core.iterators.user.AgeOffFilter[] 

Overfull \hbox (141.56078pt too wide) in paragraph at lines 293--293
[]\T1/txtt/m/n/10 table    | table.iterator.scan.vers .................. | 20,o
rg.apache.accumulo.core.iterators.VersioningIterator[] 
[22]
Overfull \hbox (89.14725pt too wide) in paragraph at lines 355--357
\T1/cmr/m/n/10.95 accumulo/src/examples/simple/main/java/org/apache/accumulo/ex
amples/simple/combiner/StatsCombiner.java 
[23]
Overfull \hbox (8.21118pt too wide) in paragraph at lines 376--376
[]\T1/txtt/m/n/10.95 table.cache.block.enable: Determines whether file (data) b
lock cache is enabled.[] 
[24] [25] [26] [27] [28]) [29] (./chapters/table_design.tex
Chapter 6.
[30] [31] [32] [33] [34] [35]) [36] (./chapters/high_speed_ingest.tex
Chapter 7.
[37] [38]) [39] (./chapters/analytics.tex
Chapter 8.
[40] [41] [42]) [43] (./chapters/security.tex
Chapter 9.
[44] [45]
Overfull \hbox (31.3111pt too wide) in paragraph at lines 124--124
[]\T1/txtt/m/n/10 config -t table -s table.constraint.1=org.apache.accumulo.cor
e.security.VisibilityConstraint[] 
[46]) [47] (./chapters/administration.tex
Chapter 10.
[48]
Overfull \hbox (3.49286pt too wide) in paragraph at lines 56--63
\T1/cmr/m/n/10.95 Accumulo re-quires HDFS and ZooKeeper to be con-fig-ured and 
run-ning be-fore start-ing. Password-
[49] [50] [51] [52]) [53] (./appendices/shell_commands.tex
Appendix A.

Overfull \hbox (13.95992pt too wide) in paragraph at lines 40--40
[]      \T1/txtt/m/n/10.95 -sf,--splits-file <filename>file with newline separa
ted list of rows to add[] 
[54]
Overfull \hbox (36.95485pt too wide) in paragraph at lines 70--70
[]    \T1/txtt/m/n/10.95 usage: clonetable <current table name> <new table name
> [-?] [-e <arg>] [-nf] [-s[] 

Overfull \hbox (13.95992pt too wide) in paragraph at lines 74--74
[]      \T1/txtt/m/n/10.95 -e,--exclude <arg>  properties that should not be co
pied from source table.[] 

Overfull \hbox (25.45738pt too wide) in paragraph at lines 77--77
[]      \T1/txtt/m/n/10.95 -s,--set <arg>  set initial properties before the ta
ble comes online. Expects[] 
[55]
Overfull \hbox (25.45738pt too wide) in paragraph at lines 88--88
[]    \T1/txtt/m/n/10.95 usage: compact [-?] [-b <arg>] [-e <arg>] [-nf] [-p <p
attern> | -t <tableName>][] 

Overfull \hbox (19.70865pt too wide) in paragraph at lines 90--90
[]    \T1/txtt/m/n/10.95 description: sets all tablets for a table to major com
pact as soon as possible[] 

Overfull \hbox (8.21118pt too wide) in paragraph at lines 102--102
[]    \T1/txtt/m/n/10.95 usage: config [-?] [-d <property> | -f <string> | -s <
property=value>] [-np][] 
[56]
Overfull \hbox (31.20612pt too wide) in paragraph at lines 126--126
[]      \T1/txtt/m/n/10.95 -evc,--enable-visibility-constraint  prevents users 
from writing data they can[] 

Overfull \hbox (25.45738pt too wide) in paragraph at lines 129--129
[]      \T1/txtt/m/n/10.95 -ndi,--no-default-iterators  prevents creation of th
e normal default iterator[] 

Overfull \hbox (31.20612pt too wide) in paragraph at lines 141--141
[]      \T1/txtt/m/n/10.95 -s,--scan-authorizations <comma-separated-authorizat
ions>  scan authorizations[] 

Overfull \hbox (36.95485pt too wide) in paragraph at lines 155--155
[]      \T1/txtt/m/n/10.95 -l,--authorization-label <expression>  formatted aut
horization label expression[] 
[57]
Overfull \hbox (8.21118pt too wide) in paragraph at lines 177--177
[]      \T1/txtt/m/n/10.95 -c,--columns <<columnfamily>[:<columnqualifier>]>  c
omma-separated columns[] 

Overfull \hbox (31.20612pt too wide) in paragraph at lines 181--181
[]      \T1/txtt/m/n/10.95 -s,--scan-authorizations <comma-separated-authorizat
ions>  scan authorizations[] 

Overfull \hbox (31.20612pt too wide) in paragraph at lines 190--190
[]    \T1/txtt/m/n/10.95 Note that rows matching the start row ARE NOT deleted,
 but rows matching the end[] 

Overfull \hbox (2.46245pt too wide) in paragraph at lines 204--204
[]    \T1/txtt/m/n/10.95 description: deletes a table-specific scan iterator so
 it is no longer used[] 
[58]
Overfull \hbox (31.20612pt too wide) in paragraph at lines 240--240
[]    \T1/txtt/m/n/10.95 description: Prints how much space is used by files re
ferenced by a table.  When[] 
[59]
Overfull \hbox (13.95992pt too wide) in paragraph at lines 252--252
[]    \T1/txtt/m/n/10.95 description: searches each row, column family, column 
qualifier and value, in[] 

Overfull \hbox (8.21118pt too wide) in paragraph at lines 258--258
[]      \T1/txtt/m/n/10.95 -c,--columns <<columnfamily>[:<columnqualifier>]>  c
omma-separated columns[] 

Overfull \hbox (31.20612pt too wide) in paragraph at lines 263--263
[]      \T1/txtt/m/n/10.95 -s,--scan-authorizations <comma-separated-authorizat
ions>  scan authorizations[] 

Overfull \hbox (13.95992pt too wide) in paragraph at lines 283--283
[]    \T1/txtt/m/n/10.95 usage: flush [-?] [-b <arg>] [-e <arg>] [-p <pattern> 
| -t <tableName>]  [-w][] 
[60]
Overfull \hbox (8.21118pt too wide) in paragraph at lines 297--297
[]      \T1/txtt/m/n/10.95 -f,--formatter <className>  fully qualified name of 
formatter class to use[] 

Overfull \hbox (31.20612pt too wide) in paragraph at lines 318--318
[]    \T1/txtt/m/n/10.95 description: retrieves the current split points for ta
blets in the current table[] 
[61]
Overfull \hbox (8.21118pt too wide) in paragraph at lines 328--328
[]    \T1/txtt/m/n/10.95 usage: grant <permission> [-?] -p <pattern> | -s | -t 
<table>  -u <username>[] 

Overfull \hbox (19.70865pt too wide) in paragraph at lines 342--342
[]    \T1/txtt/m/n/10.95 description: searches each row, column family, column 
qualifier and value in a[] 

Overfull \hbox (8.21118pt too wide) in paragraph at lines 347--347
[]      \T1/txtt/m/n/10.95 -c,--columns <<columnfamily>[:<columnqualifier>]>  c
omma-separated columns[] 

Overfull \hbox (31.20612pt too wide) in paragraph at lines 352--352
[]      \T1/txtt/m/n/10.95 -s,--scan-authorizations <comma-separated-authorizat
ions>  scan authorizations[] 
[62]
Overfull \hbox (36.95485pt too wide) in paragraph at lines 374--374
[]    \T1/txtt/m/n/10.95 description: bulk imports an entire directory of data 
files to the current table.[] 

Overfull \hbox (36.95485pt too wide) in paragraph at lines 387--387
[]    \T1/txtt/m/n/10.95 usage: insert <row> <colfamily> <colqualifier> <value>
 [-?] [-l <expression>] [-t[] 

Overfull \hbox (36.95485pt too wide) in paragraph at lines 391--391
[]      \T1/txtt/m/n/10.95 -l,--authorization-label <expression>  formatted aut
horization label expression[] 

Overfull \hbox (13.95992pt too wide) in paragraph at lines 402--402
[]      \T1/txtt/m/n/10.95 -ts,--tabletServer <tablet server>  list scans for a
 specific tablet server[] 
[63]
Overfull \hbox (2.46245pt too wide) in paragraph at lines 417--417
[]      \T1/txtt/m/n/10.95 -be,--begin-exclusive  make start row exclusive, by 
defaults it inclusive[] 

Overfull \hbox (31.20612pt too wide) in paragraph at lines 420--420
[]      \T1/txtt/m/n/10.95 -s,--scan-authorizations <comma-separated-authorizat
ions>  scan authorizations[] 

Overfull \hbox (8.21118pt too wide) in paragraph at lines 431--431
[]      \T1/txtt/m/n/10.95 -f,--force  merge small tablets to large tablets, ev
en if it goes over the[] 
[64] [65]
Overfull \hbox (25.45738pt too wide) in paragraph at lines 490--490
[]    \T1/txtt/m/n/10.95 usage: scan [-?] [-b <start-row>] [-c <<columnfamily>[
:<columnqualifier>]>] [-e[] 

Overfull \hbox (8.21118pt too wide) in paragraph at lines 496--496
[]      \T1/txtt/m/n/10.95 -c,--columns <<columnfamily>[:<columnqualifier>]>  c
omma-separated columns[] 

Overfull \hbox (31.20612pt too wide) in paragraph at lines 500--500
[]      \T1/txtt/m/n/10.95 -s,--scan-authorizations <comma-separated-authorizat
ions>  scan authorizations[] 

Overfull \hbox (31.20612pt too wide) in paragraph at lines 512--512
[]      \T1/txtt/m/n/10.95 -s,--scan-authorizations <comma-separated-authorizat
ions>  scan authorizations[] 

Overfull \hbox (36.95485pt too wide) in paragraph at lines 518--518
[]    \T1/txtt/m/n/10.95 usage: selectrow <row> [-?] [-np] [-s <comma-separated
-authorizations>] [-st] [-t[] 

Overfull \hbox (31.20612pt too wide) in paragraph at lines 523--523
[]      \T1/txtt/m/n/10.95 -s,--scan-authorizations <comma-separated-authorizat
ions>  scan authorizations[] 
[66]
Overfull \hbox (19.70865pt too wide) in paragraph at lines 541--541
[]    \T1/txtt/m/n/10.95 description: sets the locality groups for a given tabl
e (for binary or commas,[] 

Overfull \hbox (13.95992pt too wide) in paragraph at lines 548--548
[]    \T1/txtt/m/n/10.95 usage: setiter [-?] -ageoff | -agg | -class <name> | -
regex | -reqvis | -vers[] 

Overfull \hbox (31.20612pt too wide) in paragraph at lines 560--560
[]      \T1/txtt/m/n/10.95 -reqvis,--require-visibility a type that omits entri
es with empty visibilities[] 
[67]
Overfull \hbox (36.95485pt too wide) in paragraph at lines 567--567
[]    \T1/txtt/m/n/10.95 usage: setscaniter [-?] -ageoff | -agg | -class <name>
 | -regex | -reqvis | -vers[] 

Overfull \hbox (31.20612pt too wide) in paragraph at lines 577--577
[]      \T1/txtt/m/n/10.95 -reqvis,--require-visibility a type that omits entri
es with empty visibilities[] 
[68]) [69] (./accumulo_user_manual.aux (./chapters/introduction.aux)
(./chapters/design.aux) (./chapters/shell.aux) (./chapters/clients.aux)
(./chapters/table_configuration.aux) (./chapters/table_design.aux)
(./chapters/high_speed_ingest.aux) (./chapters/analytics.aux)
(./chapters/security.aux) (./chapters/administration.aux)
(./appendices/shell_commands.aux)) )
(see the transcript file for additional information) </home/user/.texlive2017/te
xmf-var/fonts/pk/ljfour/jknappen/ec/ecti1095.600pk> </home/user/.texlive2017/tex
mf-var/fonts/pk/ljfour/jknappen/ec/ecbx1200.600pk> </home/user/.texlive2017/texm
f-var/fonts/pk/ljfour/jknappen/ec/ecbx1440.600pk> </home/user/.texlive2017/texmf
-var/fonts/pk/ljfour/jknappen/ec/ecbx2074.600pk> </home/user/.texlive2017/texmf-
var/fonts/pk/ljfour/jknappen/ec/ecrm1095.600pk> </home/user/.texlive2017/texmf-v
ar/fonts/pk/ljfour/jknappen/ec/ecbx1095.600pk> </home/user/.texlive2017/texmf-va
r/fonts/pk/ljfour/jknappen/ec/ecbx2488.600pk> </home/user/.texlive2017/texmf-var
/fonts/pk/ljfour/jknappen/ec/ecrm1200.600pk> </home/user/.texlive2017/texmf-var/
fonts/pk/ljfour/jknappen/ec/ecrm1728.600pk></usr/share/texlive/texmf-dist/fonts
/type1/public/amsfonts/cm/cmbx10.pfb></usr/share/texlive/texmf-dist/fonts/type1
/public/amsfonts/cm/cmmi10.pfb></usr/share/texlive/texmf-dist/fonts/type1/publi
c/amsfonts/cm/cmmi8.pfb></usr/share/texlive/texmf-dist/fonts/type1/public/amsfo
nts/cm/cmr10.pfb></usr/share/texlive/texmf-dist/fonts/type1/public/amsfonts/cm/
cmr8.pfb></usr/share/texlive/texmf-dist/fonts/type1/public/amsfonts/cm/cmsy10.p
fb></usr/share/texlive/texmf-dist/fonts/type1/public/txfonts/t1xbtt.pfb></usr/s
hare/texlive/texmf-dist/fonts/type1/public/txfonts/t1xtt.pfb>
Output written on accumulo_user_manual.pdf (70 pages, 388613 bytes).
Transcript written on accumulo_user_manual.log.
This is pdfTeX, Version 3.14159265-2.6-1.40.18 (TeX Live 2017/Debian) (preloaded format=pdflatex)
 restricted \write18 enabled.
entering extended mode
(./accumulo_user_manual.tex
LaTeX2e <2017-04-15>
Babel <3.18> and hyphenation patterns for 7 language(s) loaded.
(/usr/share/texlive/texmf-dist/tex/latex/base/report.cls
Document Class: report 2014/09/29 v1.4h Standard LaTeX document class
(/usr/share/texlive/texmf-dist/tex/latex/base/size11.clo))
(/usr/share/texlive/texmf-dist/tex/latex/base/alltt.sty)
(/usr/share/texlive/texmf-dist/tex/latex/multirow/multirow.sty)
(/usr/share/texlive/texmf-dist/tex/latex/graphics/graphicx.sty
(/usr/share/texlive/texmf-dist/tex/latex/graphics/keyval.sty)
(/usr/share/texlive/texmf-dist/tex/latex/graphics/graphics.sty
(/usr/share/texlive/texmf-dist/tex/latex/graphics/trig.sty)
(/usr/share/texlive/texmf-dist/tex/latex/graphics-cfg/graphics.cfg)
(/usr/share/texlive/texmf-dist/tex/latex/graphics-def/pdftex.def)))
(/usr/share/texlive/texmf-dist/tex/latex/base/fontenc.sty
(/usr/share/texlive/texmf-dist/tex/latex/base/t1enc.def))
(/usr/share/texlive/texmf-dist/tex/latex/parskip/parskip.sty)
(/usr/share/texlive/texmf-dist/tex/latex/hyperref/hyperref.sty
(/usr/share/texlive/texmf-dist/tex/generic/oberdiek/hobsub-hyperref.sty
(/usr/share/texlive/texmf-dist/tex/generic/oberdiek/hobsub-generic.sty))
(/usr/share/texlive/texmf-dist/tex/generic/ifxetex/ifxetex.sty)
(/usr/share/texlive/texmf-dist/tex/latex/oberdiek/auxhook.sty)
(/usr/share/texlive/texmf-dist/tex/latex/oberdiek/kvoptions.sty)
(/usr/share/texlive/texmf-dist/tex/latex/hyperref/pd1enc.def)
(/usr/share/texlive/texmf-dist/tex/latex/latexconfig/hyperref.cfg)
(/usr/share/texlive/texmf-dist/tex/latex/url/url.sty))
(/usr/share/texlive/texmf-dist/tex/latex/hyperref/hpdftex.def
(/usr/share/texlive/texmf-dist/tex/latex/oberdiek/rerunfilecheck.sty))
(./accumulo_user_manual.aux (./chapters/introduction.aux)
(./chapters/design.aux) (./chapters/shell.aux) (./chapters/clients.aux)
(./chapters/table_configuration.aux) (./chapters/table_design.aux)
(./chapters/high_speed_ingest.aux) (./chapters/analytics.aux)
(./chapters/security.aux) (./chapters/administration.aux)
(./appendices/shell_commands.aux))
(/usr/share/texlive/texmf-dist/tex/context/base/mkii/supp-pdf.mkii
[Loading MPS to PDF converter (version 2006.09.02).]
) (/usr/share/texlive/texmf-dist/tex/latex/oberdiek/epstopdf-base.sty
(/usr/share/texlive/texmf-dist/tex/latex/oberdiek/grfext.sty)
(/usr/share/texlive/texmf-dist/tex/latex/latexconfig/epstopdf-sys.cfg))
(/usr/share/texlive/texmf-dist/tex/latex/hyperref/nameref.sty
(/usr/share/texlive/texmf-dist/tex/generic/oberdiek/gettitlestring.sty))
(./accumulo_user_manual.out) (./accumulo_user_manual.out)

LaTeX Warning: No \author given.

[1{/var/lib/texmf/fonts/map/pdftex/updmap/pdftex.map}]
(./accumulo_user_manual.tocpdfTeX warning (ext4): destination with the same ide
ntifier (name{page.1}) has been already used, duplicate ignored
<to be read again> 
                   \relax 
l.26 ...ine {5}Table Configuration}{17}{chapter.5}
                                                   [1] [2]) [3]
(./chapters/introduction.tex
Chapter 1.
) [4] (./chapters/design.tex
Chapter 2.
[5] [6] [7 <./images/data_distribution.png>] [8]) [9 <./images/failure_handling
.png (PNG copy)>] (./chapters/shell.tex
Chapter 3.
(/usr/share/texlive/texmf-dist/tex/latex/txfonts/t1txtt.fd) [10] [11]) [12]
(./chapters/clients.tex
Chapter 4.
[13] [14] (/usr/share/texlive/texmf-dist/tex/latex/base/omscmr.fd)
Overfull \hbox (48.45232pt too wide) in paragraph at lines 135--137
\T1/txtt/m/n/10.95 src/examples/src/main/java/org/apache/accumulo/examples/isol
ation/InterferenceTest.java 
[15]) [16] (./chapters/table_configuration.tex
Chapter 5.
[17]
Overfull \hbox (26.06111pt too wide) in paragraph at lines 108--108
[]\T1/txtt/m/n/10 user@myinstance mytable> config -t mytable -s table.constrain
t.1=com.test.ExampleConstraint[] 

Overfull \hbox (26.06111pt too wide) in paragraph at lines 108--108
[]\T1/txtt/m/n/10 user@myinstance mytable> config -t mytable -s table.constrain
t.2=com.test.AnotherConstraint[] 
[18]
Overfull \hbox (126.66458pt too wide) in paragraph at lines 111--114
\T1/cmr/m/n/10.95 New con-straints can be cre-ated by writ-ing a Java class tha
t im-ple-ments the org.apache.accumulo.core.constraints.Constraint
[19] [20] [21]
Overfull \hbox (36.56108pt too wide) in paragraph at lines 269--269
[]\T1/txtt/m/n/10 user@myinstance filtertest> setiter -t filtertest -scan -minc
 -majc -p 10 -n myfilter -ageoff[] 

Overfull \hbox (477.5598pt too wide) in paragraph at lines 269--269
[]\T1/txtt/m/n/10 ----------> set org.apache.accumulo.core.iterators.user.AgeOf
fFilter parameter negate, default false keeps k/v that pass accept method, true
 rejects k/v that pass accept method:[] 

Overfull \hbox (162.56071pt too wide) in paragraph at lines 269--269
[]\T1/txtt/m/n/10 ----------> set org.apache.accumulo.core.iterators.user.AgeOf
fFilter parameter ttl, time to live (milliseconds): 3000[] 

Overfull \hbox (514.3097pt too wide) in paragraph at lines 269--269
[]\T1/txtt/m/n/10 ----------> set org.apache.accumulo.core.iterators.user.AgeOf
fFilter parameter currentTime, if set, use the given value as the absolute time
 in milliseconds as the current time of day:[] 

Overfull \hbox (136.31079pt too wide) in paragraph at lines 293--293
[]\T1/txtt/m/n/10 table    | table.iterator.majc.myfilter .............. | 10,o
rg.apache.accumulo.core.iterators.user.AgeOffFilter[] 

Overfull \hbox (141.56078pt too wide) in paragraph at lines 293--293
[]\T1/txtt/m/n/10 table    | table.iterator.majc.vers .................. | 20,o
rg.apache.accumulo.core.iterators.VersioningIterator[] 

Overfull \hbox (136.31079pt too wide) in paragraph at lines 293--293
[]\T1/txtt/m/n/10 table    | table.iterator.minc.myfilter .............. | 10,o
rg.apache.accumulo.core.iterators.user.AgeOffFilter[] 

Overfull \hbox (141.56078pt too wide) in paragraph at lines 293--293
[]\T1/txtt/m/n/10 table    | table.iterator.minc.vers .................. | 20,o
rg.apache.accumulo.core.iterators.VersioningIterator[] 

Overfull \hbox (136.31079pt too wide) in paragraph at lines 293--293
[]\T1/txtt/m/n/10 table    | table.iterator.scan.myfilter .............. | 10,o
rg.apache.accumulo.core.iterators.user.AgeOffFilter[] 

Overfull \hbox (141.56078pt too wide) in paragraph at lines 293--293
[]\T1/txtt/m/n/10 table    | table.iterator.scan.vers .................. | 20,o
rg.apache.accumulo.core.iterators.VersioningIterator[] 
[22]
Overfull \hbox (89.14725pt too wide) in paragraph at lines 355--357
\T1/cmr/m/n/10.95 accumulo/src/examples/simple/main/java/org/apache/accumulo/ex
amples/simple/combiner/StatsCombiner.java 
[23]
Overfull \hbox (8.21118pt too wide) in paragraph at lines 376--376
[]\T1/txtt/m/n/10.95 table.cache.block.enable: Determines whether file (data) b
lock cache is enabled.[] 
[24] [25] [26] [27] [28]) [29] (./chapters/table_design.tex
Chapter 6.
[30] [31] [32] [33] [34] [35]) [36] (./chapters/high_speed_ingest.tex
Chapter 7.
[37] [38]) [39] (./chapters/analytics.tex
Chapter 8.
[40] [41] [42]) [43] (./chapters/security.tex
Chapter 9.
[44] [45]
Overfull \hbox (31.3111pt too wide) in paragraph at lines 124--124
[]\T1/txtt/m/n/10 config -t table -s table.constraint.1=org.apache.accumulo.cor
e.security.VisibilityConstraint[] 
[46]) [47] (./chapters/administration.tex
Chapter 10.
[48]
Overfull \hbox (3.49286pt too wide) in paragraph at lines 56--63
\T1/cmr/m/n/10.95 Accumulo re-quires HDFS and ZooKeeper to be con-fig-ured and 
run-ning be-fore start-ing. Password-
[49] [50] [51] [52]) [53] (./appendices/shell_commands.tex
Appendix A.

Overfull \hbox (13.95992pt too wide) in paragraph at lines 40--40
[]      \T1/txtt/m/n/10.95 -sf,--splits-file <filename>file with newline separa
ted list of rows to add[] 
[54]
Overfull \hbox (36.95485pt too wide) in paragraph at lines 70--70
[]    \T1/txtt/m/n/10.95 usage: clonetable <current table name> <new table name
> [-?] [-e <arg>] [-nf] [-s[] 

Overfull \hbox (13.95992pt too wide) in paragraph at lines 74--74
[]      \T1/txtt/m/n/10.95 -e,--exclude <arg>  properties that should not be co
pied from source table.[] 

Overfull \hbox (25.45738pt too wide) in paragraph at lines 77--77
[]      \T1/txtt/m/n/10.95 -s,--set <arg>  set initial properties before the ta
ble comes online. Expects[] 
[55]
Overfull \hbox (25.45738pt too wide) in paragraph at lines 88--88
[]    \T1/txtt/m/n/10.95 usage: compact [-?] [-b <arg>] [-e <arg>] [-nf] [-p <p
attern> | -t <tableName>][] 

Overfull \hbox (19.70865pt too wide) in paragraph at lines 90--90
[]    \T1/txtt/m/n/10.95 description: sets all tablets for a table to major com
pact as soon as possible[] 

Overfull \hbox (8.21118pt too wide) in paragraph at lines 102--102
[]    \T1/txtt/m/n/10.95 usage: config [-?] [-d <property> | -f <string> | -s <
property=value>] [-np][] 
[56]
Overfull \hbox (31.20612pt too wide) in paragraph at lines 126--126
[]      \T1/txtt/m/n/10.95 -evc,--enable-visibility-constraint  prevents users 
from writing data they can[] 

Overfull \hbox (25.45738pt too wide) in paragraph at lines 129--129
[]      \T1/txtt/m/n/10.95 -ndi,--no-default-iterators  prevents creation of th
e normal default iterator[] 

Overfull \hbox (31.20612pt too wide) in paragraph at lines 141--141
[]      \T1/txtt/m/n/10.95 -s,--scan-authorizations <comma-separated-authorizat
ions>  scan authorizations[] 

Overfull \hbox (36.95485pt too wide) in paragraph at lines 155--155
[]      \T1/txtt/m/n/10.95 -l,--authorization-label <expression>  formatted aut
horization label expression[] 
[57]
Overfull \hbox (8.21118pt too wide) in paragraph at lines 177--177
[]      \T1/txtt/m/n/10.95 -c,--columns <<columnfamily>[:<columnqualifier>]>  c
omma-separated columns[] 

Overfull \hbox (31.20612pt too wide) in paragraph at lines 181--181
[]      \T1/txtt/m/n/10.95 -s,--scan-authorizations <comma-separated-authorizat
ions>  scan authorizations[] 

Overfull \hbox (31.20612pt too wide) in paragraph at lines 190--190
[]    \T1/txtt/m/n/10.95 Note that rows matching the start row ARE NOT deleted,
 but rows matching the end[] 

Overfull \hbox (2.46245pt too wide) in paragraph at lines 204--204
[]    \T1/txtt/m/n/10.95 description: deletes a table-specific scan iterator so
 it is no longer used[] 
[58]
Overfull \hbox (31.20612pt too wide) in paragraph at lines 240--240
[]    \T1/txtt/m/n/10.95 description: Prints how much space is used by files re
ferenced by a table.  When[] 
[59]
Overfull \hbox (13.95992pt too wide) in paragraph at lines 252--252
[]    \T1/txtt/m/n/10.95 description: searches each row, column family, column 
qualifier and value, in[] 

Overfull \hbox (8.21118pt too wide) in paragraph at lines 258--258
[]      \T1/txtt/m/n/10.95 -c,--columns <<columnfamily>[:<columnqualifier>]>  c
omma-separated columns[] 

Overfull \hbox (31.20612pt too wide) in paragraph at lines 263--263
[]      \T1/txtt/m/n/10.95 -s,--scan-authorizations <comma-separated-authorizat
ions>  scan authorizations[] 

Overfull \hbox (13.95992pt too wide) in paragraph at lines 283--283
[]    \T1/txtt/m/n/10.95 usage: flush [-?] [-b <arg>] [-e <arg>] [-p <pattern> 
| -t <tableName>]  [-w][] 
[60]
Overfull \hbox (8.21118pt too wide) in paragraph at lines 297--297
[]      \T1/txtt/m/n/10.95 -f,--formatter <className>  fully qualified name of 
formatter class to use[] 

Overfull \hbox (31.20612pt too wide) in paragraph at lines 318--318
[]    \T1/txtt/m/n/10.95 description: retrieves the current split points for ta
blets in the current table[] 
[61]
Overfull \hbox (8.21118pt too wide) in paragraph at lines 328--328
[]    \T1/txtt/m/n/10.95 usage: grant <permission> [-?] -p <pattern> | -s | -t 
<table>  -u <username>[] 

Overfull \hbox (19.70865pt too wide) in paragraph at lines 342--342
[]    \T1/txtt/m/n/10.95 description: searches each row, column family, column 
qualifier and value in a[] 

Overfull \hbox (8.21118pt too wide) in paragraph at lines 347--347
[]      \T1/txtt/m/n/10.95 -c,--columns <<columnfamily>[:<columnqualifier>]>  c
omma-separated columns[] 

Overfull \hbox (31.20612pt too wide) in paragraph at lines 352--352
[]      \T1/txtt/m/n/10.95 -s,--scan-authorizations <comma-separated-authorizat
ions>  scan authorizations[] 
[62]
Overfull \hbox (36.95485pt too wide) in paragraph at lines 374--374
[]    \T1/txtt/m/n/10.95 description: bulk imports an entire directory of data 
files to the current table.[] 

Overfull \hbox (36.95485pt too wide) in paragraph at lines 387--387
[]    \T1/txtt/m/n/10.95 usage: insert <row> <colfamily> <colqualifier> <value>
 [-?] [-l <expression>] [-t[] 

Overfull \hbox (36.95485pt too wide) in paragraph at lines 391--391
[]      \T1/txtt/m/n/10.95 -l,--authorization-label <expression>  formatted aut
horization label expression[] 

Overfull \hbox (13.95992pt too wide) in paragraph at lines 402--402
[]      \T1/txtt/m/n/10.95 -ts,--tabletServer <tablet server>  list scans for a
 specific tablet server[] 
[63]
Overfull \hbox (2.46245pt too wide) in paragraph at lines 417--417
[]      \T1/txtt/m/n/10.95 -be,--begin-exclusive  make start row exclusive, by 
defaults it inclusive[] 

Overfull \hbox (31.20612pt too wide) in paragraph at lines 420--420
[]      \T1/txtt/m/n/10.95 -s,--scan-authorizations <comma-separated-authorizat
ions>  scan authorizations[] 

Overfull \hbox (8.21118pt too wide) in paragraph at lines 431--431
[]      \T1/txtt/m/n/10.95 -f,--force  merge small tablets to large tablets, ev
en if it goes over the[] 
[64] [65]
Overfull \hbox (25.45738pt too wide) in paragraph at lines 490--490
[]    \T1/txtt/m/n/10.95 usage: scan [-?] [-b <start-row>] [-c <<columnfamily>[
:<columnqualifier>]>] [-e[] 

Overfull \hbox (8.21118pt too wide) in paragraph at lines 496--496
[]      \T1/txtt/m/n/10.95 -c,--columns <<columnfamily>[:<columnqualifier>]>  c
omma-separated columns[] 

Overfull \hbox (31.20612pt too wide) in paragraph at lines 500--500
[]      \T1/txtt/m/n/10.95 -s,--scan-authorizations <comma-separated-authorizat
ions>  scan authorizations[] 

Overfull \hbox (31.20612pt too wide) in paragraph at lines 512--512
[]      \T1/txtt/m/n/10.95 -s,--scan-authorizations <comma-separated-authorizat
ions>  scan authorizations[] 

Overfull \hbox (36.95485pt too wide) in paragraph at lines 518--518
[]    \T1/txtt/m/n/10.95 usage: selectrow <row> [-?] [-np] [-s <comma-separated
-authorizations>] [-st] [-t[] 

Overfull \hbox (31.20612pt too wide) in paragraph at lines 523--523
[]      \T1/txtt/m/n/10.95 -s,--scan-authorizations <comma-separated-authorizat
ions>  scan authorizations[] 
[66]
Overfull \hbox (19.70865pt too wide) in paragraph at lines 541--541
[]    \T1/txtt/m/n/10.95 description: sets the locality groups for a given tabl
e (for binary or commas,[] 

Overfull \hbox (13.95992pt too wide) in paragraph at lines 548--548
[]    \T1/txtt/m/n/10.95 usage: setiter [-?] -ageoff | -agg | -class <name> | -
regex | -reqvis | -vers[] 

Overfull \hbox (31.20612pt too wide) in paragraph at lines 560--560
[]      \T1/txtt/m/n/10.95 -reqvis,--require-visibility a type that omits entri
es with empty visibilities[] 
[67]
Overfull \hbox (36.95485pt too wide) in paragraph at lines 567--567
[]    \T1/txtt/m/n/10.95 usage: setscaniter [-?] -ageoff | -agg | -class <name>
 | -regex | -reqvis | -vers[] 

Overfull \hbox (31.20612pt too wide) in paragraph at lines 577--577
[]      \T1/txtt/m/n/10.95 -reqvis,--require-visibility a type that omits entri
es with empty visibilities[] 
[68]) [69] (./accumulo_user_manual.aux (./chapters/introduction.aux)
(./chapters/design.aux) (./chapters/shell.aux) (./chapters/clients.aux)
(./chapters/table_configuration.aux) (./chapters/table_design.aux)
(./chapters/high_speed_ingest.aux) (./chapters/analytics.aux)
(./chapters/security.aux) (./chapters/administration.aux)
(./appendices/shell_commands.aux)) )
(see the transcript file for additional information) </home/user/.texlive2017/te
xmf-var/fonts/pk/ljfour/jknappen/ec/ecti1095.600pk> </home/user/.texlive2017/tex
mf-var/fonts/pk/ljfour/jknappen/ec/ecbx1200.600pk> </home/user/.texlive2017/texm
f-var/fonts/pk/ljfour/jknappen/ec/ecbx1440.600pk> </home/user/.texlive2017/texmf
-var/fonts/pk/ljfour/jknappen/ec/ecbx2074.600pk> </home/user/.texlive2017/texmf-
var/fonts/pk/ljfour/jknappen/ec/ecrm1095.600pk> </home/user/.texlive2017/texmf-v
ar/fonts/pk/ljfour/jknappen/ec/ecbx1095.600pk> </home/user/.texlive2017/texmf-va
r/fonts/pk/ljfour/jknappen/ec/ecbx2488.600pk> </home/user/.texlive2017/texmf-var
/fonts/pk/ljfour/jknappen/ec/ecrm1200.600pk> </home/user/.texlive2017/texmf-var/
fonts/pk/ljfour/jknappen/ec/ecrm1728.600pk></usr/share/texlive/texmf-dist/fonts
/type1/public/amsfonts/cm/cmbx10.pfb></usr/share/texlive/texmf-dist/fonts/type1
/public/amsfonts/cm/cmmi10.pfb></usr/share/texlive/texmf-dist/fonts/type1/publi
c/amsfonts/cm/cmmi8.pfb></usr/share/texlive/texmf-dist/fonts/type1/public/amsfo
nts/cm/cmr10.pfb></usr/share/texlive/texmf-dist/fonts/type1/public/amsfonts/cm/
cmr8.pfb></usr/share/texlive/texmf-dist/fonts/type1/public/amsfonts/cm/cmsy10.p
fb></usr/share/texlive/texmf-dist/fonts/type1/public/txfonts/t1xbtt.pfb></usr/s
hare/texlive/texmf-dist/fonts/type1/public/txfonts/t1xtt.pfb>
Output written on accumulo_user_manual.pdf (70 pages, 388610 bytes).
Transcript written on accumulo_user_manual.log.
This is pdfTeX, Version 3.14159265-2.6-1.40.18 (TeX Live 2017/Debian) (preloaded format=pdflatex)
 restricted \write18 enabled.
entering extended mode
(./accumulo_user_manual.tex
LaTeX2e <2017-04-15>
Babel <3.18> and hyphenation patterns for 7 language(s) loaded.
(/usr/share/texlive/texmf-dist/tex/latex/base/report.cls
Document Class: report 2014/09/29 v1.4h Standard LaTeX document class
(/usr/share/texlive/texmf-dist/tex/latex/base/size11.clo))
(/usr/share/texlive/texmf-dist/tex/latex/base/alltt.sty)
(/usr/share/texlive/texmf-dist/tex/latex/multirow/multirow.sty)
(/usr/share/texlive/texmf-dist/tex/latex/graphics/graphicx.sty
(/usr/share/texlive/texmf-dist/tex/latex/graphics/keyval.sty)
(/usr/share/texlive/texmf-dist/tex/latex/graphics/graphics.sty
(/usr/share/texlive/texmf-dist/tex/latex/graphics/trig.sty)
(/usr/share/texlive/texmf-dist/tex/latex/graphics-cfg/graphics.cfg)
(/usr/share/texlive/texmf-dist/tex/latex/graphics-def/pdftex.def)))
(/usr/share/texlive/texmf-dist/tex/latex/base/fontenc.sty
(/usr/share/texlive/texmf-dist/tex/latex/base/t1enc.def))
(/usr/share/texlive/texmf-dist/tex/latex/parskip/parskip.sty)
(/usr/share/texlive/texmf-dist/tex/latex/hyperref/hyperref.sty
(/usr/share/texlive/texmf-dist/tex/generic/oberdiek/hobsub-hyperref.sty
(/usr/share/texlive/texmf-dist/tex/generic/oberdiek/hobsub-generic.sty))
(/usr/share/texlive/texmf-dist/tex/generic/ifxetex/ifxetex.sty)
(/usr/share/texlive/texmf-dist/tex/latex/oberdiek/auxhook.sty)
(/usr/share/texlive/texmf-dist/tex/latex/oberdiek/kvoptions.sty)
(/usr/share/texlive/texmf-dist/tex/latex/hyperref/pd1enc.def)
(/usr/share/texlive/texmf-dist/tex/latex/latexconfig/hyperref.cfg)
(/usr/share/texlive/texmf-dist/tex/latex/url/url.sty))
(/usr/share/texlive/texmf-dist/tex/latex/hyperref/hpdftex.def
(/usr/share/texlive/texmf-dist/tex/latex/oberdiek/rerunfilecheck.sty))
(./accumulo_user_manual.aux (./chapters/introduction.aux)
(./chapters/design.aux) (./chapters/shell.aux) (./chapters/clients.aux)
(./chapters/table_configuration.aux) (./chapters/table_design.aux)
(./chapters/high_speed_ingest.aux) (./chapters/analytics.aux)
(./chapters/security.aux) (./chapters/administration.aux)
(./appendices/shell_commands.aux))
(/usr/share/texlive/texmf-dist/tex/context/base/mkii/supp-pdf.mkii
[Loading MPS to PDF converter (version 2006.09.02).]
) (/usr/share/texlive/texmf-dist/tex/latex/oberdiek/epstopdf-base.sty
(/usr/share/texlive/texmf-dist/tex/latex/oberdiek/grfext.sty)
(/usr/share/texlive/texmf-dist/tex/latex/latexconfig/epstopdf-sys.cfg))
(/usr/share/texlive/texmf-dist/tex/latex/hyperref/nameref.sty
(/usr/share/texlive/texmf-dist/tex/generic/oberdiek/gettitlestring.sty))
(./accumulo_user_manual.out) (./accumulo_user_manual.out)

LaTeX Warning: No \author given.

[1{/var/lib/texmf/fonts/map/pdftex/updmap/pdftex.map}]
(./accumulo_user_manual.tocpdfTeX warning (ext4): destination with the same ide
ntifier (name{page.1}) has been already used, duplicate ignored
<to be read again> 
                   \relax 
l.26 ...ine {5}Table Configuration}{17}{chapter.5}
                                                   [1] [2]) [3]
(./chapters/introduction.tex
Chapter 1.
) [4] (./chapters/design.tex
Chapter 2.
[5] [6] [7 <./images/data_distribution.png>] [8]) [9 <./images/failure_handling
.png (PNG copy)>] (./chapters/shell.tex
Chapter 3.
(/usr/share/texlive/texmf-dist/tex/latex/txfonts/t1txtt.fd) [10] [11]) [12]
(./chapters/clients.tex
Chapter 4.
[13] [14] (/usr/share/texlive/texmf-dist/tex/latex/base/omscmr.fd)
Overfull \hbox (48.45232pt too wide) in paragraph at lines 135--137
\T1/txtt/m/n/10.95 src/examples/src/main/java/org/apache/accumulo/examples/isol
ation/InterferenceTest.java 
[15]) [16] (./chapters/table_configuration.tex
Chapter 5.
[17]
Overfull \hbox (26.06111pt too wide) in paragraph at lines 108--108
[]\T1/txtt/m/n/10 user@myinstance mytable> config -t mytable -s table.constrain
t.1=com.test.ExampleConstraint[] 

Overfull \hbox (26.06111pt too wide) in paragraph at lines 108--108
[]\T1/txtt/m/n/10 user@myinstance mytable> config -t mytable -s table.constrain
t.2=com.test.AnotherConstraint[] 
[18]
Overfull \hbox (126.66458pt too wide) in paragraph at lines 111--114
\T1/cmr/m/n/10.95 New con-straints can be cre-ated by writ-ing a Java class tha
t im-ple-ments the org.apache.accumulo.core.constraints.Constraint
[19] [20] [21]
Overfull \hbox (36.56108pt too wide) in paragraph at lines 269--269
[]\T1/txtt/m/n/10 user@myinstance filtertest> setiter -t filtertest -scan -minc
 -majc -p 10 -n myfilter -ageoff[] 

Overfull \hbox (477.5598pt too wide) in paragraph at lines 269--269
[]\T1/txtt/m/n/10 ----------> set org.apache.accumulo.core.iterators.user.AgeOf
fFilter parameter negate, default false keeps k/v that pass accept method, true
 rejects k/v that pass accept method:[] 

Overfull \hbox (162.56071pt too wide) in paragraph at lines 269--269
[]\T1/txtt/m/n/10 ----------> set org.apache.accumulo.core.iterators.user.AgeOf
fFilter parameter ttl, time to live (milliseconds): 3000[] 

Overfull \hbox (514.3097pt too wide) in paragraph at lines 269--269
[]\T1/txtt/m/n/10 ----------> set org.apache.accumulo.core.iterators.user.AgeOf
fFilter parameter currentTime, if set, use the given value as the absolute time
 in milliseconds as the current time of day:[] 

Overfull \hbox (136.31079pt too wide) in paragraph at lines 293--293
[]\T1/txtt/m/n/10 table    | table.iterator.majc.myfilter .............. | 10,o
rg.apache.accumulo.core.iterators.user.AgeOffFilter[] 

Overfull \hbox (141.56078pt too wide) in paragraph at lines 293--293
[]\T1/txtt/m/n/10 table    | table.iterator.majc.vers .................. | 20,o
rg.apache.accumulo.core.iterators.VersioningIterator[] 

Overfull \hbox (136.31079pt too wide) in paragraph at lines 293--293
[]\T1/txtt/m/n/10 table    | table.iterator.minc.myfilter .............. | 10,o
rg.apache.accumulo.core.iterators.user.AgeOffFilter[] 

Overfull \hbox (141.56078pt too wide) in paragraph at lines 293--293
[]\T1/txtt/m/n/10 table    | table.iterator.minc.vers .................. | 20,o
rg.apache.accumulo.core.iterators.VersioningIterator[] 

Overfull \hbox (136.31079pt too wide) in paragraph at lines 293--293
[]\T1/txtt/m/n/10 table    | table.iterator.scan.myfilter .............. | 10,o
rg.apache.accumulo.core.iterators.user.AgeOffFilter[] 

Overfull \hbox (141.56078pt too wide) in paragraph at lines 293--293
[]\T1/txtt/m/n/10 table    | table.iterator.scan.vers .................. | 20,o
rg.apache.accumulo.core.iterators.VersioningIterator[] 
[22]
Overfull \hbox (89.14725pt too wide) in paragraph at lines 355--357
\T1/cmr/m/n/10.95 accumulo/src/examples/simple/main/java/org/apache/accumulo/ex
amples/simple/combiner/StatsCombiner.java 
[23]
Overfull \hbox (8.21118pt too wide) in paragraph at lines 376--376
[]\T1/txtt/m/n/10.95 table.cache.block.enable: Determines whether file (data) b
lock cache is enabled.[] 
[24] [25] [26] [27] [28]) [29] (./chapters/table_design.tex
Chapter 6.
[30] [31] [32] [33] [34] [35]) [36] (./chapters/high_speed_ingest.tex
Chapter 7.
[37] [38]) [39] (./chapters/analytics.tex
Chapter 8.
[40] [41] [42]) [43] (./chapters/security.tex
Chapter 9.
[44] [45]
Overfull \hbox (31.3111pt too wide) in paragraph at lines 124--124
[]\T1/txtt/m/n/10 config -t table -s table.constraint.1=org.apache.accumulo.cor
e.security.VisibilityConstraint[] 
[46]) [47] (./chapters/administration.tex
Chapter 10.
[48]
Overfull \hbox (3.49286pt too wide) in paragraph at lines 56--63
\T1/cmr/m/n/10.95 Accumulo re-quires HDFS and ZooKeeper to be con-fig-ured and 
run-ning be-fore start-ing. Password-
[49] [50] [51] [52]) [53] (./appendices/shell_commands.tex
Appendix A.

Overfull \hbox (13.95992pt too wide) in paragraph at lines 40--40
[]      \T1/txtt/m/n/10.95 -sf,--splits-file <filename>file with newline separa
ted list of rows to add[] 
[54]
Overfull \hbox (36.95485pt too wide) in paragraph at lines 70--70
[]    \T1/txtt/m/n/10.95 usage: clonetable <current table name> <new table name
> [-?] [-e <arg>] [-nf] [-s[] 

Overfull \hbox (13.95992pt too wide) in paragraph at lines 74--74
[]      \T1/txtt/m/n/10.95 -e,--exclude <arg>  properties that should not be co
pied from source table.[] 

Overfull \hbox (25.45738pt too wide) in paragraph at lines 77--77
[]      \T1/txtt/m/n/10.95 -s,--set <arg>  set initial properties before the ta
ble comes online. Expects[] 
[55]
Overfull \hbox (25.45738pt too wide) in paragraph at lines 88--88
[]    \T1/txtt/m/n/10.95 usage: compact [-?] [-b <arg>] [-e <arg>] [-nf] [-p <p
attern> | -t <tableName>][] 

Overfull \hbox (19.70865pt too wide) in paragraph at lines 90--90
[]    \T1/txtt/m/n/10.95 description: sets all tablets for a table to major com
pact as soon as possible[] 

Overfull \hbox (8.21118pt too wide) in paragraph at lines 102--102
[]    \T1/txtt/m/n/10.95 usage: config [-?] [-d <property> | -f <string> | -s <
property=value>] [-np][] 
[56]
Overfull \hbox (31.20612pt too wide) in paragraph at lines 126--126
[]      \T1/txtt/m/n/10.95 -evc,--enable-visibility-constraint  prevents users 
from writing data they can[] 

Overfull \hbox (25.45738pt too wide) in paragraph at lines 129--129
[]      \T1/txtt/m/n/10.95 -ndi,--no-default-iterators  prevents creation of th
e normal default iterator[] 

Overfull \hbox (31.20612pt too wide) in paragraph at lines 141--141
[]      \T1/txtt/m/n/10.95 -s,--scan-authorizations <comma-separated-authorizat
ions>  scan authorizations[] 

Overfull \hbox (36.95485pt too wide) in paragraph at lines 155--155
[]      \T1/txtt/m/n/10.95 -l,--authorization-label <expression>  formatted aut
horization label expression[] 
[57]
Overfull \hbox (8.21118pt too wide) in paragraph at lines 177--177
[]      \T1/txtt/m/n/10.95 -c,--columns <<columnfamily>[:<columnqualifier>]>  c
omma-separated columns[] 

Overfull \hbox (31.20612pt too wide) in paragraph at lines 181--181
[]      \T1/txtt/m/n/10.95 -s,--scan-authorizations <comma-separated-authorizat
ions>  scan authorizations[] 

Overfull \hbox (31.20612pt too wide) in paragraph at lines 190--190
[]    \T1/txtt/m/n/10.95 Note that rows matching the start row ARE NOT deleted,
 but rows matching the end[] 

Overfull \hbox (2.46245pt too wide) in paragraph at lines 204--204
[]    \T1/txtt/m/n/10.95 description: deletes a table-specific scan iterator so
 it is no longer used[] 
[58]
Overfull \hbox (31.20612pt too wide) in paragraph at lines 240--240
[]    \T1/txtt/m/n/10.95 description: Prints how much space is used by files re
ferenced by a table.  When[] 
[59]
Overfull \hbox (13.95992pt too wide) in paragraph at lines 252--252
[]    \T1/txtt/m/n/10.95 description: searches each row, column family, column 
qualifier and value, in[] 

Overfull \hbox (8.21118pt too wide) in paragraph at lines 258--258
[]      \T1/txtt/m/n/10.95 -c,--columns <<columnfamily>[:<columnqualifier>]>  c
omma-separated columns[] 

Overfull \hbox (31.20612pt too wide) in paragraph at lines 263--263
[]      \T1/txtt/m/n/10.95 -s,--scan-authorizations <comma-separated-authorizat
ions>  scan authorizations[] 

Overfull \hbox (13.95992pt too wide) in paragraph at lines 283--283
[]    \T1/txtt/m/n/10.95 usage: flush [-?] [-b <arg>] [-e <arg>] [-p <pattern> 
| -t <tableName>]  [-w][] 
[60]
Overfull \hbox (8.21118pt too wide) in paragraph at lines 297--297
[]      \T1/txtt/m/n/10.95 -f,--formatter <className>  fully qualified name of 
formatter class to use[] 

Overfull \hbox (31.20612pt too wide) in paragraph at lines 318--318
[]    \T1/txtt/m/n/10.95 description: retrieves the current split points for ta
blets in the current table[] 
[61]
Overfull \hbox (8.21118pt too wide) in paragraph at lines 328--328
[]    \T1/txtt/m/n/10.95 usage: grant <permission> [-?] -p <pattern> | -s | -t 
<table>  -u <username>[] 

Overfull \hbox (19.70865pt too wide) in paragraph at lines 342--342
[]    \T1/txtt/m/n/10.95 description: searches each row, column family, column 
qualifier and value in a[] 

Overfull \hbox (8.21118pt too wide) in paragraph at lines 347--347
[]      \T1/txtt/m/n/10.95 -c,--columns <<columnfamily>[:<columnqualifier>]>  c
omma-separated columns[] 

Overfull \hbox (31.20612pt too wide) in paragraph at lines 352--352
[]      \T1/txtt/m/n/10.95 -s,--scan-authorizations <comma-separated-authorizat
ions>  scan authorizations[] 
[62]
Overfull \hbox (36.95485pt too wide) in paragraph at lines 374--374
[]    \T1/txtt/m/n/10.95 description: bulk imports an entire directory of data 
files to the current table.[] 

Overfull \hbox (36.95485pt too wide) in paragraph at lines 387--387
[]    \T1/txtt/m/n/10.95 usage: insert <row> <colfamily> <colqualifier> <value>
 [-?] [-l <expression>] [-t[] 

Overfull \hbox (36.95485pt too wide) in paragraph at lines 391--391
[]      \T1/txtt/m/n/10.95 -l,--authorization-label <expression>  formatted aut
horization label expression[] 

Overfull \hbox (13.95992pt too wide) in paragraph at lines 402--402
[]      \T1/txtt/m/n/10.95 -ts,--tabletServer <tablet server>  list scans for a
 specific tablet server[] 
[63]
Overfull \hbox (2.46245pt too wide) in paragraph at lines 417--417
[]      \T1/txtt/m/n/10.95 -be,--begin-exclusive  make start row exclusive, by 
defaults it inclusive[] 

Overfull \hbox (31.20612pt too wide) in paragraph at lines 420--420
[]      \T1/txtt/m/n/10.95 -s,--scan-authorizations <comma-separated-authorizat
ions>  scan authorizations[] 

Overfull \hbox (8.21118pt too wide) in paragraph at lines 431--431
[]      \T1/txtt/m/n/10.95 -f,--force  merge small tablets to large tablets, ev
en if it goes over the[] 
[64] [65]
Overfull \hbox (25.45738pt too wide) in paragraph at lines 490--490
[]    \T1/txtt/m/n/10.95 usage: scan [-?] [-b <start-row>] [-c <<columnfamily>[
:<columnqualifier>]>] [-e[] 

Overfull \hbox (8.21118pt too wide) in paragraph at lines 496--496
[]      \T1/txtt/m/n/10.95 -c,--columns <<columnfamily>[:<columnqualifier>]>  c
omma-separated columns[] 

Overfull \hbox (31.20612pt too wide) in paragraph at lines 500--500
[]      \T1/txtt/m/n/10.95 -s,--scan-authorizations <comma-separated-authorizat
ions>  scan authorizations[] 

Overfull \hbox (31.20612pt too wide) in paragraph at lines 512--512
[]      \T1/txtt/m/n/10.95 -s,--scan-authorizations <comma-separated-authorizat
ions>  scan authorizations[] 

Overfull \hbox (36.95485pt too wide) in paragraph at lines 518--518
[]    \T1/txtt/m/n/10.95 usage: selectrow <row> [-?] [-np] [-s <comma-separated
-authorizations>] [-st] [-t[] 

Overfull \hbox (31.20612pt too wide) in paragraph at lines 523--523
[]      \T1/txtt/m/n/10.95 -s,--scan-authorizations <comma-separated-authorizat
ions>  scan authorizations[] 
[66]
Overfull \hbox (19.70865pt too wide) in paragraph at lines 541--541
[]    \T1/txtt/m/n/10.95 description: sets the locality groups for a given tabl
e (for binary or commas,[] 

Overfull \hbox (13.95992pt too wide) in paragraph at lines 548--548
[]    \T1/txtt/m/n/10.95 usage: setiter [-?] -ageoff | -agg | -class <name> | -
regex | -reqvis | -vers[] 

Overfull \hbox (31.20612pt too wide) in paragraph at lines 560--560
[]      \T1/txtt/m/n/10.95 -reqvis,--require-visibility a type that omits entri
es with empty visibilities[] 
[67]
Overfull \hbox (36.95485pt too wide) in paragraph at lines 567--567
[]    \T1/txtt/m/n/10.95 usage: setscaniter [-?] -ageoff | -agg | -class <name>
 | -regex | -reqvis | -vers[] 

Overfull \hbox (31.20612pt too wide) in paragraph at lines 577--577
[]      \T1/txtt/m/n/10.95 -reqvis,--require-visibility a type that omits entri
es with empty visibilities[] 
[68]) [69] (./accumulo_user_manual.aux (./chapters/introduction.aux)
(./chapters/design.aux) (./chapters/shell.aux) (./chapters/clients.aux)
(./chapters/table_configuration.aux) (./chapters/table_design.aux)
(./chapters/high_speed_ingest.aux) (./chapters/analytics.aux)
(./chapters/security.aux) (./chapters/administration.aux)
(./appendices/shell_commands.aux)) )
(see the transcript file for additional information) </home/user/.texlive2017/te
xmf-var/fonts/pk/ljfour/jknappen/ec/ecti1095.600pk> </home/user/.texlive2017/tex
mf-var/fonts/pk/ljfour/jknappen/ec/ecbx1200.600pk> </home/user/.texlive2017/texm
f-var/fonts/pk/ljfour/jknappen/ec/ecbx1440.600pk> </home/user/.texlive2017/texmf
-var/fonts/pk/ljfour/jknappen/ec/ecbx2074.600pk> </home/user/.texlive2017/texmf-
var/fonts/pk/ljfour/jknappen/ec/ecrm1095.600pk> </home/user/.texlive2017/texmf-v
ar/fonts/pk/ljfour/jknappen/ec/ecbx1095.600pk> </home/user/.texlive2017/texmf-va
r/fonts/pk/ljfour/jknappen/ec/ecbx2488.600pk> </home/user/.texlive2017/texmf-var
/fonts/pk/ljfour/jknappen/ec/ecrm1200.600pk> </home/user/.texlive2017/texmf-var/
fonts/pk/ljfour/jknappen/ec/ecrm1728.600pk></usr/share/texlive/texmf-dist/fonts
/type1/public/amsfonts/cm/cmbx10.pfb></usr/share/texlive/texmf-dist/fonts/type1
/public/amsfonts/cm/cmmi10.pfb></usr/share/texlive/texmf-dist/fonts/type1/publi
c/amsfonts/cm/cmmi8.pfb></usr/share/texlive/texmf-dist/fonts/type1/public/amsfo
nts/cm/cmr10.pfb></usr/share/texlive/texmf-dist/fonts/type1/public/amsfonts/cm/
cmr8.pfb></usr/share/texlive/texmf-dist/fonts/type1/public/amsfonts/cm/cmsy10.p
fb></usr/share/texlive/texmf-dist/fonts/type1/public/txfonts/t1xbtt.pfb></usr/s
hare/texlive/texmf-dist/fonts/type1/public/txfonts/t1xtt.pfb>
Output written on accumulo_user_manual.pdf (70 pages, 388610 bytes).
Transcript written on accumulo_user_manual.log.
[INFO] 
[INFO] --- maven-site-plugin:3.0:attach-descriptor (attach-descriptor) @ accumulo ---
[INFO] 
[INFO] --- maven-install-plugin:2.3.1:install (default-install) @ accumulo ---
[INFO] Installing /data-depot/user/Workspace/Reproducibility/Reproducibility-Scanner/benchmarks/bugs-dot-jar/accumulo/pom.xml to /home/user/.m2/repository/org/apache/accumulo/accumulo/1.5.0-incubating-SNAPSHOT/accumulo-1.5.0-incubating-SNAPSHOT.pom
[INFO] 
[INFO] -------------------< org.apache.accumulo:cloudtrace >-------------------
[INFO] Building cloudtrace 1.5.0-incubating-SNAPSHOT                     [2/12]
[INFO] --------------------------------[ jar ]---------------------------------
[INFO] 
[INFO] --- maven-enforcer-plugin:1.0.1:enforce (enforce-mvn) @ cloudtrace ---
[INFO] 
[INFO] --- maven-remote-resources-plugin:1.2.1:process (default) @ cloudtrace ---
[INFO] 
[INFO] --- maven-resources-plugin:2.5:resources (default-resources) @ cloudtrace ---
[debug] execute contextualize
[INFO] Using 'UTF-8' encoding to copy filtered resources.
[INFO] skip non existing resourceDirectory /data-depot/user/Workspace/Reproducibility/Reproducibility-Scanner/benchmarks/bugs-dot-jar/accumulo/src/trace/src/main/resources
[INFO] Copying 3 resources
[INFO] 
[INFO] --- maven-dependency-plugin:2.3:copy-dependencies (copy-dependencies) @ cloudtrace ---
[INFO] Copying libthrift-0.6.1.jar to /data-depot/user/Workspace/Reproducibility/Reproducibility-Scanner/benchmarks/bugs-dot-jar/accumulo/lib/libthrift-0.6.1.jar
[INFO] Copying log4j-1.2.16.jar to /data-depot/user/Workspace/Reproducibility/Reproducibility-Scanner/benchmarks/bugs-dot-jar/accumulo/lib/log4j-1.2.16.jar
[INFO] 
[INFO] --- maven-compiler-plugin:2.3.2:compile (default-compile) @ cloudtrace ---
[INFO] Compiling 22 source files to /data-depot/user/Workspace/Reproducibility/Reproducibility-Scanner/benchmarks/bugs-dot-jar/accumulo/src/trace/target/classes
[INFO] 
[INFO] --- maven-resources-plugin:2.5:testResources (default-testResources) @ cloudtrace ---
[debug] execute contextualize
[INFO] Using 'UTF-8' encoding to copy filtered resources.
[INFO] skip non existing resourceDirectory /data-depot/user/Workspace/Reproducibility/Reproducibility-Scanner/benchmarks/bugs-dot-jar/accumulo/src/trace/src/test/resources
[INFO] Copying 3 resources
[INFO] 
[INFO] --- maven-compiler-plugin:2.3.2:testCompile (default-testCompile) @ cloudtrace ---
[INFO] Compiling 3 source files to /data-depot/user/Workspace/Reproducibility/Reproducibility-Scanner/benchmarks/bugs-dot-jar/accumulo/src/trace/target/test-classes
[INFO] 
[INFO] --- maven-surefire-plugin:2.9:test (default-test) @ cloudtrace ---
[INFO] Tests are skipped.
[INFO] 
[INFO] --- maven-jar-plugin:2.3.1:jar (default-jar) @ cloudtrace ---
[INFO] Building jar: /data-depot/user/Workspace/Reproducibility/Reproducibility-Scanner/benchmarks/bugs-dot-jar/accumulo/lib/cloudtrace-1.5.0-incubating-SNAPSHOT.jar
[INFO] 
[INFO] --- maven-site-plugin:3.0:attach-descriptor (attach-descriptor) @ cloudtrace ---
[INFO] 
[INFO] --- maven-install-plugin:2.3.1:install (default-install) @ cloudtrace ---
[INFO] Installing /data-depot/user/Workspace/Reproducibility/Reproducibility-Scanner/benchmarks/bugs-dot-jar/accumulo/lib/cloudtrace-1.5.0-incubating-SNAPSHOT.jar to /home/user/.m2/repository/org/apache/accumulo/cloudtrace/1.5.0-incubating-SNAPSHOT/cloudtrace-1.5.0-incubating-SNAPSHOT.jar
[INFO] Installing /data-depot/user/Workspace/Reproducibility/Reproducibility-Scanner/benchmarks/bugs-dot-jar/accumulo/src/trace/pom.xml to /home/user/.m2/repository/org/apache/accumulo/cloudtrace/1.5.0-incubating-SNAPSHOT/cloudtrace-1.5.0-incubating-SNAPSHOT.pom
[INFO] 
[INFO] -----------------< org.apache.accumulo:accumulo-start >-----------------
[INFO] Building accumulo-start 1.5.0-incubating-SNAPSHOT                 [3/12]
[INFO] --------------------------------[ jar ]---------------------------------
[INFO] 
[INFO] --- maven-enforcer-plugin:1.0.1:enforce (enforce-mvn) @ accumulo-start ---
[INFO] 
[INFO] --- maven-remote-resources-plugin:1.2.1:process (default) @ accumulo-start ---
[INFO] 
[INFO] --- maven-resources-plugin:2.5:resources (default-resources) @ accumulo-start ---
[debug] execute contextualize
[INFO] Using 'UTF-8' encoding to copy filtered resources.
[INFO] skip non existing resourceDirectory /data-depot/user/Workspace/Reproducibility/Reproducibility-Scanner/benchmarks/bugs-dot-jar/accumulo/src/start/src/main/resources
[INFO] Copying 3 resources
[INFO] 
[INFO] --- maven-dependency-plugin:2.3:copy-dependencies (copy-dependencies) @ accumulo-start ---
[INFO] Copying commons-jci-core-1.0.jar to /data-depot/user/Workspace/Reproducibility/Reproducibility-Scanner/benchmarks/bugs-dot-jar/accumulo/lib/commons-jci-core-1.0.jar
[INFO] Copying commons-logging-api-1.0.4.jar to /data-depot/user/Workspace/Reproducibility/Reproducibility-Scanner/benchmarks/bugs-dot-jar/accumulo/lib/commons-logging-api-1.0.4.jar
[INFO] Copying commons-io-1.4.jar to /data-depot/user/Workspace/Reproducibility/Reproducibility-Scanner/benchmarks/bugs-dot-jar/accumulo/lib/commons-io-1.4.jar
[INFO] Copying commons-jci-fam-1.0.jar to /data-depot/user/Workspace/Reproducibility/Reproducibility-Scanner/benchmarks/bugs-dot-jar/accumulo/lib/commons-jci-fam-1.0.jar
[INFO] Copying commons-logging-1.0.4.jar to /data-depot/user/Workspace/Reproducibility/Reproducibility-Scanner/benchmarks/bugs-dot-jar/accumulo/lib/commons-logging-1.0.4.jar
[INFO] log4j-1.2.16.jar already exists in destination.
[INFO] 
[INFO] --- maven-compiler-plugin:2.3.2:compile (default-compile) @ accumulo-start ---
[INFO] Compiling 5 source files to /data-depot/user/Workspace/Reproducibility/Reproducibility-Scanner/benchmarks/bugs-dot-jar/accumulo/src/start/target/classes
[INFO] 
[INFO] --- maven-resources-plugin:2.5:testResources (default-testResources) @ accumulo-start ---
[debug] execute contextualize
[INFO] Using 'UTF-8' encoding to copy filtered resources.
[INFO] Copying 3 resources
[INFO] Copying 3 resources
[INFO] 
[INFO] --- maven-compiler-plugin:2.3.2:testCompile (default-testCompile) @ accumulo-start ---
[INFO] Compiling 2 source files to /data-depot/user/Workspace/Reproducibility/Reproducibility-Scanner/benchmarks/bugs-dot-jar/accumulo/src/start/target/test-classes
[INFO] 
[INFO] --- maven-surefire-plugin:2.9:test (default-test) @ accumulo-start ---
[INFO] Tests are skipped.
[INFO] 
[INFO] --- maven-jar-plugin:2.3.1:jar (default-jar) @ accumulo-start ---
[INFO] Building jar: /data-depot/user/Workspace/Reproducibility/Reproducibility-Scanner/benchmarks/bugs-dot-jar/accumulo/lib/accumulo-start-1.5.0-incubating-SNAPSHOT.jar
[INFO] 
[INFO] --- maven-site-plugin:3.0:attach-descriptor (attach-descriptor) @ accumulo-start ---
[INFO] 
[INFO] --- maven-install-plugin:2.3.1:install (default-install) @ accumulo-start ---
[INFO] Installing /data-depot/user/Workspace/Reproducibility/Reproducibility-Scanner/benchmarks/bugs-dot-jar/accumulo/lib/accumulo-start-1.5.0-incubating-SNAPSHOT.jar to /home/user/.m2/repository/org/apache/accumulo/accumulo-start/1.5.0-incubating-SNAPSHOT/accumulo-start-1.5.0-incubating-SNAPSHOT.jar
[INFO] Installing /data-depot/user/Workspace/Reproducibility/Reproducibility-Scanner/benchmarks/bugs-dot-jar/accumulo/src/start/pom.xml to /home/user/.m2/repository/org/apache/accumulo/accumulo-start/1.5.0-incubating-SNAPSHOT/accumulo-start-1.5.0-incubating-SNAPSHOT.pom
[INFO] 
[INFO] -----------------< org.apache.accumulo:accumulo-core >------------------
[INFO] Building accumulo-core 1.5.0-incubating-SNAPSHOT                  [4/12]
[INFO] --------------------------------[ jar ]---------------------------------
Downloading from apache.snapshots: http://repository.apache.org/snapshots/org/mortbay/jetty/jetty/maven-metadata.xml
Downloading from central: https://repo.maven.apache.org/maven2/org/mortbay/jetty/jetty/maven-metadata.xml
Progress (1): 688 B                   Downloaded from central: https://repo.maven.apache.org/maven2/org/mortbay/jetty/jetty/maven-metadata.xml (688 B at 2.4 kB/s)
[INFO] 
[INFO] --- maven-enforcer-plugin:1.0.1:enforce (enforce-mvn) @ accumulo-core ---
[INFO] 
[INFO] --- exec-maven-plugin:1.2:exec (generate-core-thrift) @ accumulo-core ---
thrift is not available
[INFO] 
[INFO] --- maven-remote-resources-plugin:1.2.1:process (default) @ accumulo-core ---
[INFO] 
[INFO] --- maven-resources-plugin:2.5:resources (default-resources) @ accumulo-core ---
[debug] execute contextualize
[INFO] Using 'UTF-8' encoding to copy filtered resources.
[INFO] Copying 1 resource
[INFO] Copying 3 resources
[INFO] 
[INFO] --- maven-dependency-plugin:2.3:copy-dependencies (copy-dependencies) @ accumulo-core ---
[INFO] Copying commons-collections-3.2.jar to /data-depot/user/Workspace/Reproducibility/Reproducibility-Scanner/benchmarks/bugs-dot-jar/accumulo/lib/commons-collections-3.2.jar
[INFO] Copying jline-0.9.94.jar to /data-depot/user/Workspace/Reproducibility/Reproducibility-Scanner/benchmarks/bugs-dot-jar/accumulo/lib/jline-0.9.94.jar
[INFO] Copying commons-lang-2.4.jar to /data-depot/user/Workspace/Reproducibility/Reproducibility-Scanner/benchmarks/bugs-dot-jar/accumulo/lib/commons-lang-2.4.jar
[INFO] libthrift-0.6.1.jar already exists in destination.
[INFO] log4j-1.2.16.jar already exists in destination.
[INFO] 
[INFO] --- maven-compiler-plugin:2.3.2:compile (default-compile) @ accumulo-core ---
[INFO] Compiling 421 source files to /data-depot/user/Workspace/Reproducibility/Reproducibility-Scanner/benchmarks/bugs-dot-jar/accumulo/src/core/target/classes
[INFO] 
[INFO] --- maven-resources-plugin:2.5:testResources (default-testResources) @ accumulo-core ---
[debug] execute contextualize
[INFO] Using 'UTF-8' encoding to copy filtered resources.
[INFO] Copying 2 resources
[INFO] Copying 3 resources
[INFO] 
[INFO] --- maven-compiler-plugin:2.3.2:testCompile (default-testCompile) @ accumulo-core ---
[INFO] Compiling 56 source files to /data-depot/user/Workspace/Reproducibility/Reproducibility-Scanner/benchmarks/bugs-dot-jar/accumulo/src/core/target/test-classes
[INFO] 
[INFO] --- maven-surefire-plugin:2.9:test (default-test) @ accumulo-core ---
[INFO] Tests are skipped.
[INFO] 
[INFO] --- maven-jar-plugin:2.3.1:jar (default-jar) @ accumulo-core ---
[INFO] Building jar: /data-depot/user/Workspace/Reproducibility/Reproducibility-Scanner/benchmarks/bugs-dot-jar/accumulo/lib/accumulo-core-1.5.0-incubating-SNAPSHOT.jar
[INFO] 
[INFO] --- maven-site-plugin:3.0:attach-descriptor (attach-descriptor) @ accumulo-core ---
[INFO] 
[INFO] --- maven-install-plugin:2.3.1:install (default-install) @ accumulo-core ---
[INFO] Installing /data-depot/user/Workspace/Reproducibility/Reproducibility-Scanner/benchmarks/bugs-dot-jar/accumulo/lib/accumulo-core-1.5.0-incubating-SNAPSHOT.jar to /home/user/.m2/repository/org/apache/accumulo/accumulo-core/1.5.0-incubating-SNAPSHOT/accumulo-core-1.5.0-incubating-SNAPSHOT.jar
[INFO] Installing /data-depot/user/Workspace/Reproducibility/Reproducibility-Scanner/benchmarks/bugs-dot-jar/accumulo/src/core/pom.xml to /home/user/.m2/repository/org/apache/accumulo/accumulo-core/1.5.0-incubating-SNAPSHOT/accumulo-core-1.5.0-incubating-SNAPSHOT.pom
[INFO] 
[INFO] ----------------< org.apache.accumulo:accumulo-server >-----------------
[INFO] Building accumulo-server 1.5.0-incubating-SNAPSHOT                [5/12]
[INFO] --------------------------------[ jar ]---------------------------------
[INFO] 
[INFO] --- maven-enforcer-plugin:1.0.1:enforce (enforce-mvn) @ accumulo-server ---
[INFO] 
[INFO] --- maven-remote-resources-plugin:1.2.1:process (default) @ accumulo-server ---
[INFO] 
[INFO] --- maven-resources-plugin:2.5:resources (default-resources) @ accumulo-server ---
[debug] execute contextualize
[INFO] Using 'UTF-8' encoding to copy filtered resources.
[INFO] Copying 37 resources
[INFO] Copying 3 resources
[INFO] 
[INFO] --- maven-dependency-plugin:2.3:copy-dependencies (copy-dependencies) @ accumulo-server ---
[INFO] Copying commons-configuration-1.5.jar to /data-depot/user/Workspace/Reproducibility/Reproducibility-Scanner/benchmarks/bugs-dot-jar/accumulo/lib/commons-configuration-1.5.jar
[INFO] log4j-1.2.16.jar already exists in destination.
[INFO] jline-0.9.94.jar already exists in destination.
[INFO] commons-io-1.4.jar already exists in destination.
[INFO] commons-lang-2.4.jar already exists in destination.
[INFO] 
[INFO] --- maven-compiler-plugin:2.3.2:compile (default-compile) @ accumulo-server ---
[INFO] Compiling 400 source files to /data-depot/user/Workspace/Reproducibility/Reproducibility-Scanner/benchmarks/bugs-dot-jar/accumulo/src/server/target/classes
[INFO] 
[INFO] --- maven-resources-plugin:2.5:testResources (default-testResources) @ accumulo-server ---
[debug] execute contextualize
[INFO] Using 'UTF-8' encoding to copy filtered resources.
[INFO] skip non existing resourceDirectory /data-depot/user/Workspace/Reproducibility/Reproducibility-Scanner/benchmarks/bugs-dot-jar/accumulo/src/server/src/test/resources
[INFO] Copying 3 resources
[INFO] 
[INFO] --- maven-compiler-plugin:2.3.2:testCompile (default-testCompile) @ accumulo-server ---
[INFO] Compiling 23 source files to /data-depot/user/Workspace/Reproducibility/Reproducibility-Scanner/benchmarks/bugs-dot-jar/accumulo/src/server/target/test-classes
[INFO] 
[INFO] --- maven-surefire-plugin:2.9:test (default-test) @ accumulo-server ---
[INFO] Tests are skipped.
[INFO] 
[INFO] --- maven-jar-plugin:2.3.1:jar (default-jar) @ accumulo-server ---
[INFO] Building jar: /data-depot/user/Workspace/Reproducibility/Reproducibility-Scanner/benchmarks/bugs-dot-jar/accumulo/lib/accumulo-server-1.5.0-incubating-SNAPSHOT.jar
[INFO] 
[INFO] --- maven-site-plugin:3.0:attach-descriptor (attach-descriptor) @ accumulo-server ---
[INFO] 
[INFO] --- maven-install-plugin:2.3.1:install (default-install) @ accumulo-server ---
[INFO] Installing /data-depot/user/Workspace/Reproducibility/Reproducibility-Scanner/benchmarks/bugs-dot-jar/accumulo/lib/accumulo-server-1.5.0-incubating-SNAPSHOT.jar to /home/user/.m2/repository/org/apache/accumulo/accumulo-server/1.5.0-incubating-SNAPSHOT/accumulo-server-1.5.0-incubating-SNAPSHOT.jar
[INFO] Installing /data-depot/user/Workspace/Reproducibility/Reproducibility-Scanner/benchmarks/bugs-dot-jar/accumulo/src/server/pom.xml to /home/user/.m2/repository/org/apache/accumulo/accumulo-server/1.5.0-incubating-SNAPSHOT/accumulo-server-1.5.0-incubating-SNAPSHOT.pom
[INFO] 
[INFO] ---------------< org.apache.accumulo:accumulo-examples >----------------
[INFO] Building accumulo-examples 1.5.0-incubating-SNAPSHOT              [6/12]
[INFO] --------------------------------[ pom ]---------------------------------
[INFO] 
[INFO] --- maven-enforcer-plugin:1.0.1:enforce (enforce-mvn) @ accumulo-examples ---
[INFO] 
[INFO] --- maven-remote-resources-plugin:1.2.1:process (default) @ accumulo-examples ---
[INFO] 
[INFO] --- maven-dependency-plugin:2.3:copy-dependencies (copy-dependencies) @ accumulo-examples ---
[INFO] 
[INFO] --- maven-site-plugin:3.0:attach-descriptor (attach-descriptor) @ accumulo-examples ---
[INFO] 
[INFO] --- maven-install-plugin:2.3.1:install (default-install) @ accumulo-examples ---
[INFO] Installing /data-depot/user/Workspace/Reproducibility/Reproducibility-Scanner/benchmarks/bugs-dot-jar/accumulo/src/examples/pom.xml to /home/user/.m2/repository/org/apache/accumulo/accumulo-examples/1.5.0-incubating-SNAPSHOT/accumulo-examples-1.5.0-incubating-SNAPSHOT.pom
[INFO] 
[INFO] ----------------< org.apache.accumulo:examples-simple >-----------------
[INFO] Building examples-simple 1.5.0-incubating-SNAPSHOT                [7/12]
[INFO] --------------------------------[ jar ]---------------------------------
Downloading from java.net: https://maven.java.net/content/groups/public/org/mortbay/jetty/jetty/maven-metadata.xml
[INFO] 
[INFO] --- maven-enforcer-plugin:1.0.1:enforce (enforce-mvn) @ examples-simple ---
[INFO] 
[INFO] --- maven-remote-resources-plugin:1.2.1:process (default) @ examples-simple ---
[INFO] 
[INFO] --- maven-resources-plugin:2.5:resources (default-resources) @ examples-simple ---
[debug] execute contextualize
[INFO] Using 'UTF-8' encoding to copy filtered resources.
[INFO] skip non existing resourceDirectory /data-depot/user/Workspace/Reproducibility/Reproducibility-Scanner/benchmarks/bugs-dot-jar/accumulo/src/examples/simple/src/main/resources
[INFO] Copying 3 resources
[INFO] 
[INFO] --- maven-dependency-plugin:2.3:copy-dependencies (copy-dependencies) @ examples-simple ---
[INFO] 
[INFO] --- maven-compiler-plugin:2.3.2:compile (default-compile) @ examples-simple ---
[INFO] Compiling 38 source files to /data-depot/user/Workspace/Reproducibility/Reproducibility-Scanner/benchmarks/bugs-dot-jar/accumulo/src/examples/simple/target/classes
[INFO] 
[INFO] --- maven-resources-plugin:2.5:testResources (default-testResources) @ examples-simple ---
[debug] execute contextualize
[INFO] Using 'UTF-8' encoding to copy filtered resources.
[INFO] skip non existing resourceDirectory /data-depot/user/Workspace/Reproducibility/Reproducibility-Scanner/benchmarks/bugs-dot-jar/accumulo/src/examples/simple/src/test/resources
[INFO] Copying 3 resources
[INFO] 
[INFO] --- maven-compiler-plugin:2.3.2:testCompile (default-testCompile) @ examples-simple ---
[INFO] Compiling 5 source files to /data-depot/user/Workspace/Reproducibility/Reproducibility-Scanner/benchmarks/bugs-dot-jar/accumulo/src/examples/simple/target/test-classes
[INFO] 
[INFO] --- maven-surefire-plugin:2.9:test (default-test) @ examples-simple ---
[INFO] Tests are skipped.
[INFO] 
[INFO] --- maven-jar-plugin:2.3.1:jar (default-jar) @ examples-simple ---
[INFO] Building jar: /data-depot/user/Workspace/Reproducibility/Reproducibility-Scanner/benchmarks/bugs-dot-jar/accumulo/lib/examples-simple-1.5.0-incubating-SNAPSHOT.jar
[INFO] 
[INFO] --- maven-site-plugin:3.0:attach-descriptor (attach-descriptor) @ examples-simple ---
[INFO] 
[INFO] --- maven-install-plugin:2.3.1:install (default-install) @ examples-simple ---
[INFO] Installing /data-depot/user/Workspace/Reproducibility/Reproducibility-Scanner/benchmarks/bugs-dot-jar/accumulo/lib/examples-simple-1.5.0-incubating-SNAPSHOT.jar to /home/user/.m2/repository/org/apache/accumulo/examples-simple/1.5.0-incubating-SNAPSHOT/examples-simple-1.5.0-incubating-SNAPSHOT.jar
[INFO] Installing /data-depot/user/Workspace/Reproducibility/Reproducibility-Scanner/benchmarks/bugs-dot-jar/accumulo/src/examples/simple/pom.xml to /home/user/.m2/repository/org/apache/accumulo/examples-simple/1.5.0-incubating-SNAPSHOT/examples-simple-1.5.0-incubating-SNAPSHOT.pom
[INFO] 
[INFO] --------------< org.apache.accumulo:accumulo-wikisearch >---------------
[INFO] Building accumulo-wikisearch 1.5.0-incubating-SNAPSHOT            [8/12]
[INFO] --------------------------------[ pom ]---------------------------------
[INFO] 
[INFO] --- maven-enforcer-plugin:1.0.1:enforce (enforce-mvn) @ accumulo-wikisearch ---
[INFO] 
[INFO] --- maven-remote-resources-plugin:1.2.1:process (default) @ accumulo-wikisearch ---
[INFO] 
[INFO] --- maven-dependency-plugin:2.3:copy-dependencies (copy-dependencies) @ accumulo-wikisearch ---
[INFO] 
[INFO] --- maven-site-plugin:3.0:attach-descriptor (attach-descriptor) @ accumulo-wikisearch ---
[INFO] 
[INFO] --- maven-install-plugin:2.3.1:install (default-install) @ accumulo-wikisearch ---
[INFO] Installing /data-depot/user/Workspace/Reproducibility/Reproducibility-Scanner/benchmarks/bugs-dot-jar/accumulo/src/examples/wikisearch/pom.xml to /home/user/.m2/repository/org/apache/accumulo/accumulo-wikisearch/1.5.0-incubating-SNAPSHOT/accumulo-wikisearch-1.5.0-incubating-SNAPSHOT.pom
[INFO] 
[INFO] ---------------< org.apache.accumulo:wikisearch-ingest >----------------
[INFO] Building wikisearch-ingest 1.5.0-incubating-SNAPSHOT              [9/12]
[INFO] --------------------------------[ jar ]---------------------------------
Downloading from central: http://repo1.maven.org/maven2/org/apache/lucene/lucene-core/3.0.2/lucene-core-3.0.2.pom
Downloading from java.net: https://maven.java.net/content/groups/public/org/apache/lucene/lucene-core/3.0.2/lucene-core-3.0.2.pom
Downloading from central: http://repo1.maven.org/maven2/org/apache/lucene/lucene-analyzers/3.0.2/lucene-analyzers-3.0.2.pom
Downloading from java.net: https://maven.java.net/content/groups/public/org/apache/lucene/lucene-analyzers/3.0.2/lucene-analyzers-3.0.2.pom
Downloading from central: http://repo1.maven.org/maven2/org/apache/lucene/lucene-wikipedia/3.0.2/lucene-wikipedia-3.0.2.pom
Downloading from java.net: https://maven.java.net/content/groups/public/org/apache/lucene/lucene-wikipedia/3.0.2/lucene-wikipedia-3.0.2.pom
[INFO] 
[INFO] ----------------< org.apache.accumulo:wikisearch-query >----------------
[INFO] Building wikisearch-query 1.5.0-incubating-SNAPSHOT              [10/12]
[INFO] --------------------------------[ ejb ]---------------------------------
[INFO] 
[INFO] --------------< org.apache.accumulo:wikisearch-query-war >--------------
[INFO] Building wikisearch-query-war 1.5.0-incubating-SNAPSHOT          [11/12]
[INFO] --------------------------------[ war ]---------------------------------
Downloading from central: http://repo1.maven.org/maven2/javax/javaee-web-api/6.0/javaee-web-api-6.0.pom
Downloading from java.net: https://maven.java.net/content/groups/public/javax/javaee-web-api/6.0/javaee-web-api-6.0.pom
[INFO] 
[INFO] ---------------< org.apache.accumulo:accumulo-assemble >----------------
[INFO] Building accumulo-assemble 1.5.0-incubating-SNAPSHOT             [12/12]
[INFO] --------------------------------[ pom ]---------------------------------
Downloading from apache.snapshots: http://repository.apache.org/snapshots/org/apache/accumulo/wikisearch-query-war/1.5.0-incubating-SNAPSHOT/maven-metadata.xml
Downloading from apache.snapshots: http://repository.apache.org/snapshots/org/apache/accumulo/wikisearch-query-war/1.5.0-incubating-SNAPSHOT/wikisearch-query-war-1.5.0-incubating-SNAPSHOT.war
[INFO] ------------------------------------------------------------------------
[INFO] Reactor Summary:
[INFO] 
[INFO] accumulo 1.5.0-incubating-SNAPSHOT ................. SUCCESS [  3.022 s]
[INFO] cloudtrace ......................................... SUCCESS [  1.697 s]
[INFO] accumulo-start ..................................... SUCCESS [  1.034 s]
[INFO] accumulo-core ...................................... SUCCESS [  7.415 s]
[INFO] accumulo-server .................................... SUCCESS [  4.222 s]
[INFO] accumulo-examples .................................. SUCCESS [  0.019 s]
[INFO] examples-simple .................................... SUCCESS [  2.325 s]
[INFO] accumulo-wikisearch ................................ SUCCESS [  0.017 s]
[INFO] wikisearch-ingest .................................. FAILURE [  1.217 s]
[INFO] wikisearch-query ................................... FAILURE [  0.005 s]
[INFO] wikisearch-query-war ............................... FAILURE [  0.400 s]
[INFO] accumulo-assemble 1.5.0-incubating-SNAPSHOT ........ FAILURE [  0.755 s]
[INFO] ------------------------------------------------------------------------
[INFO] BUILD FAILURE
[INFO] ------------------------------------------------------------------------
[INFO] Total time: 22.390 s
[INFO] Finished at: 2022-07-14T00:14:25-07:00
[INFO] ------------------------------------------------------------------------
[ERROR] Failed to execute goal on project wikisearch-ingest: Could not resolve dependencies for project org.apache.accumulo:wikisearch-ingest:jar:1.5.0-incubating-SNAPSHOT: Failed to collect dependencies at org.apache.lucene:lucene-core:jar:3.0.2: Failed to read artifact descriptor for org.apache.lucene:lucene-core:jar:3.0.2: Could not transfer artifact org.apache.lucene:lucene-core:pom:3.0.2 from/to central (http://repo1.maven.org/maven2): Failed to transfer file: http://repo1.maven.org/maven2/org/apache/lucene/lucene-core/3.0.2/lucene-core-3.0.2.pom. Return code is: 501 , ReasonPhrase:HTTPS Required. -> [Help 1]
[ERROR] Failed to parse plugin descriptor for org.apache.maven.plugins:maven-ejb-plugin:2.1 (/home/user/.m2/repository/org/apache/maven/plugins/maven-ejb-plugin/2.1/maven-ejb-plugin-2.1.jar): error in opening zip file -> [Help 2]
[ERROR] Failed to execute goal on project wikisearch-query-war: Could not resolve dependencies for project org.apache.accumulo:wikisearch-query-war:war:1.5.0-incubating-SNAPSHOT: Failed to collect dependencies at javax:javaee-web-api:jar:6.0: Failed to read artifact descriptor for javax:javaee-web-api:jar:6.0: Could not transfer artifact javax:javaee-web-api:pom:6.0 from/to central (http://repo1.maven.org/maven2): Failed to transfer file: http://repo1.maven.org/maven2/javax/javaee-web-api/6.0/javaee-web-api-6.0.pom. Return code is: 501 , ReasonPhrase:HTTPS Required. -> [Help 1]
[ERROR] Failed to execute goal on project accumulo-assemble: Could not resolve dependencies for project org.apache.accumulo:accumulo-assemble:pom:1.5.0-incubating-SNAPSHOT: Could not find artifact org.apache.accumulo:wikisearch-query-war:war:1.5.0-incubating-SNAPSHOT in apache.snapshots (http://repository.apache.org/snapshots) -> [Help 1]
[ERROR] 
[ERROR] To see the full stack trace of the errors, re-run Maven with the -e switch.
[ERROR] Re-run Maven using the -X switch to enable full debug logging.
[ERROR] 
[ERROR] For more information about the errors and possible solutions, please read the following articles:
[ERROR] [Help 1] http://cwiki.apache.org/confluence/display/MAVEN/DependencyResolutionException
[ERROR] [Help 2] http://cwiki.apache.org/confluence/display/MAVEN/PluginDescriptorParsingException
[ERROR] 
[ERROR] After correcting the problems, you can resume the build with the command
[ERROR]   mvn <goals> -rf :wikisearch-ingest
[INFO] Build failures were ignored.
[INFO] Scanning for projects...
[INFO] 
[INFO] -----------------< org.apache.accumulo:accumulo-core >------------------
[INFO] Building accumulo-core 1.5.0-incubating-SNAPSHOT
[INFO] --------------------------------[ jar ]---------------------------------
[INFO] 
[INFO] --- maven-enforcer-plugin:1.0.1:enforce (enforce-mvn) @ accumulo-core ---
[INFO] 
[INFO] --- exec-maven-plugin:1.2:exec (generate-core-thrift) @ accumulo-core ---
thrift is not available
[INFO] 
[INFO] --- maven-remote-resources-plugin:1.2.1:process (default) @ accumulo-core ---
[INFO] 
[INFO] --- maven-resources-plugin:2.5:resources (default-resources) @ accumulo-core ---
[debug] execute contextualize
[INFO] Using 'UTF-8' encoding to copy filtered resources.
[INFO] Copying 1 resource
[INFO] Copying 3 resources
[INFO] 
[INFO] --- maven-dependency-plugin:2.3:copy-dependencies (copy-dependencies) @ accumulo-core ---
[INFO] libthrift-0.6.1.jar already exists in destination.
[INFO] log4j-1.2.16.jar already exists in destination.
[INFO] commons-collections-3.2.jar already exists in destination.
[INFO] jline-0.9.94.jar already exists in destination.
[INFO] commons-lang-2.4.jar already exists in destination.
[INFO] 
[INFO] --- maven-compiler-plugin:2.3.2:compile (default-compile) @ accumulo-core ---
[INFO] Nothing to compile - all classes are up to date
[INFO] 
[INFO] --- maven-resources-plugin:2.5:testResources (default-testResources) @ accumulo-core ---
[debug] execute contextualize
[INFO] Using 'UTF-8' encoding to copy filtered resources.
[INFO] Copying 2 resources
[INFO] Copying 3 resources
[INFO] 
[INFO] --- maven-compiler-plugin:2.3.2:testCompile (default-testCompile) @ accumulo-core ---
[INFO] Nothing to compile - all classes are up to date
[INFO] 
[INFO] --- maven-surefire-plugin:2.9:test (default-test) @ accumulo-core ---
[INFO] Surefire report directory: /data-depot/user/Workspace/Reproducibility/Reproducibility-Scanner/benchmarks/bugs-dot-jar/accumulo/src/core/target/surefire-reports

-------------------------------------------------------
 T E S T S
-------------------------------------------------------
Running org.apache.accumulo.core.security.AuthorizationsTest
Tests run: 2, Failures: 0, Errors: 0, Skipped: 0, Time elapsed: 0.022 sec
Running org.apache.accumulo.core.security.VisibilityEvaluatorTest
Tests run: 1, Failures: 0, Errors: 0, Skipped: 0, Time elapsed: 0 sec
Running org.apache.accumulo.core.security.ColumnVisibilityTest
Tests run: 10, Failures: 0, Errors: 0, Skipped: 0, Time elapsed: 0.005 sec
Running org.apache.accumulo.core.iterators.aggregation.conf.AggregatorConfigurationTest
Tests run: 2, Failures: 0, Errors: 0, Skipped: 0, Time elapsed: 0.097 sec
Running org.apache.accumulo.core.iterators.aggregation.NumSummationTest
Tests run: 5, Failures: 0, Errors: 0, Skipped: 0, Time elapsed: 0.004 sec
Running org.apache.accumulo.core.iterators.user.IntersectingIteratorTest
Tests run: 6, Failures: 0, Errors: 0, Skipped: 0, Time elapsed: 0.544 sec
Running org.apache.accumulo.core.iterators.user.LargeRowFilterTest
Tests run: 5, Failures: 0, Errors: 0, Skipped: 0, Time elapsed: 0.056 sec
Running org.apache.accumulo.core.iterators.user.RegExFilterTest
Tests run: 1, Failures: 0, Errors: 0, Skipped: 0, Time elapsed: 0.002 sec
Running org.apache.accumulo.core.iterators.user.IndexedDocIteratorTest
Tests run: 5, Failures: 0, Errors: 0, Skipped: 0, Time elapsed: 0.674 sec
Running org.apache.accumulo.core.iterators.user.FilterTest
Tests run: 10, Failures: 1, Errors: 0, Skipped: 0, Time elapsed: 0.053 sec <<< FAILURE!
Running org.apache.accumulo.core.iterators.user.RowDeletingIteratorTest
Tests run: 4, Failures: 0, Errors: 0, Skipped: 0, Time elapsed: 0 sec
Running org.apache.accumulo.core.iterators.user.VersioningIteratorTest
Tests run: 6, Failures: 0, Errors: 0, Skipped: 0, Time elapsed: 0.004 sec
Running org.apache.accumulo.core.iterators.user.WholeRowIteratorTest
Tests run: 3, Failures: 0, Errors: 0, Skipped: 0, Time elapsed: 0.003 sec
Running org.apache.accumulo.core.iterators.user.CombinerTest
Tests run: 13, Failures: 0, Errors: 1, Skipped: 0, Time elapsed: 0.01 sec <<< FAILURE!
Running org.apache.accumulo.core.iterators.user.GrepIteratorTest
Tests run: 1, Failures: 0, Errors: 0, Skipped: 0, Time elapsed: 0 sec
Running org.apache.accumulo.core.iterators.system.ColumnFilterTest
Tests run: 3, Failures: 0, Errors: 0, Skipped: 0, Time elapsed: 0 sec
Running org.apache.accumulo.core.iterators.system.TimeSettingIteratorTest
Tests run: 1, Failures: 0, Errors: 0, Skipped: 0, Time elapsed: 0 sec
Running org.apache.accumulo.core.iterators.system.DeletingIteratorTest
Tests run: 4, Failures: 0, Errors: 0, Skipped: 0, Time elapsed: 0.001 sec
Running org.apache.accumulo.core.iterators.system.MultiIteratorTest
Tests run: 7, Failures: 0, Errors: 0, Skipped: 0, Time elapsed: 0.059 sec
Running org.apache.accumulo.core.iterators.system.ColumnFamilySkippingIteratorTest
Tests run: 3, Failures: 0, Errors: 0, Skipped: 0, Time elapsed: 0.327 sec
Running org.apache.accumulo.core.iterators.system.SourceSwitchingIteratorTest
Tests run: 5, Failures: 0, Errors: 0, Skipped: 0, Time elapsed: 0.002 sec
Running org.apache.accumulo.core.iterators.IterUtilTest
Tests run: 5, Failures: 0, Errors: 0, Skipped: 0, Time elapsed: 0.002 sec
Running org.apache.accumulo.core.iterators.AggregatingIteratorTest
Tests run: 7, Failures: 0, Errors: 0, Skipped: 0, Time elapsed: 0.003 sec
Running org.apache.accumulo.core.conf.PropertyTest
Tests run: 3, Failures: 0, Errors: 0, Skipped: 0, Time elapsed: 0.001 sec
Running org.apache.accumulo.core.util.AddressUtilTest
Tests run: 2, Failures: 0, Errors: 0, Skipped: 0, Time elapsed: 0.026 sec
Running org.apache.accumulo.core.util.MergeTest
Tests run: 1, Failures: 0, Errors: 0, Skipped: 0, Time elapsed: 0.003 sec
Running org.apache.accumulo.core.util.TestVersion
Tests run: 1, Failures: 0, Errors: 0, Skipped: 0, Time elapsed: 0 sec
Running org.apache.accumulo.core.util.LocalityGroupUtilTest
Tests run: 2, Failures: 0, Errors: 0, Skipped: 0, Time elapsed: 0.007 sec
Running org.apache.accumulo.core.util.MetadataTableTest
Tests run: 1, Failures: 0, Errors: 0, Skipped: 0, Time elapsed: 0.002 sec
Running org.apache.accumulo.core.util.EscapeTokenizerTest
Tests run: 11, Failures: 0, Errors: 0, Skipped: 0, Time elapsed: 0.002 sec
Running org.apache.accumulo.core.util.TestStringUtil
Tests run: 1, Failures: 0, Errors: 0, Skipped: 0, Time elapsed: 0 sec
Running org.apache.accumulo.core.util.TextUtilTest
Tests run: 1, Failures: 0, Errors: 0, Skipped: 0, Time elapsed: 0 sec
Running org.apache.accumulo.core.file.blockfile.cache.TestCachedBlockQueue
Tests run: 2, Failures: 0, Errors: 0, Skipped: 0, Time elapsed: 0.002 sec
Running org.apache.accumulo.core.file.blockfile.cache.TestLruBlockCache
Tests run: 7, Failures: 0, Errors: 0, Skipped: 0, Time elapsed: 1.039 sec
Running org.apache.accumulo.core.file.rfile.MultiLevelIndexTest
Tests run: 1, Failures: 0, Errors: 0, Skipped: 0, Time elapsed: 0.546 sec
Running org.apache.accumulo.core.file.rfile.RFileTest
Tests run: 19, Failures: 0, Errors: 0, Skipped: 0, Time elapsed: 2.527 sec
Running org.apache.accumulo.core.client.admin.FindMaxTest
Tests run: 1, Failures: 0, Errors: 0, Skipped: 0, Time elapsed: 0.433 sec
Running org.apache.accumulo.core.client.admin.TableOperationsHelperTest
Tests run: 1, Failures: 0, Errors: 0, Skipped: 0, Time elapsed: 0.001 sec
Running org.apache.accumulo.core.client.RowIteratorTest
Tests run: 2, Failures: 0, Errors: 0, Skipped: 0, Time elapsed: 0.002 sec
Running org.apache.accumulo.core.client.mapreduce.AccumuloRowInputFormatTest
Tests run: 1, Failures: 0, Errors: 0, Skipped: 0, Time elapsed: 0.032 sec
Running org.apache.accumulo.core.client.mapreduce.lib.partition.RangePartitionerTest
Tests run: 2, Failures: 0, Errors: 0, Skipped: 0, Time elapsed: 0.253 sec
Running org.apache.accumulo.core.client.mapreduce.AccumuloInputFormatTest
Tests run: 10, Failures: 1, Errors: 0, Skipped: 0, Time elapsed: 0.148 sec <<< FAILURE!
Running org.apache.accumulo.core.client.mapreduce.AccumuloOutputFormatTest
Tests run: 1, Failures: 0, Errors: 0, Skipped: 0, Time elapsed: 0.007 sec
Running org.apache.accumulo.core.client.mapreduce.AccumuloFileOutputFormatTest
file:/data-depot/user/Workspace/Reproducibility/Reproducibility-Scanner/benchmarks/bugs-dot-jar/accumulo/target/_temporary/_attempt_local_0000_m_000000_0/part-m-00000.rf
file:/data-depot/user/Workspace/Reproducibility/Reproducibility-Scanner/benchmarks/bugs-dot-jar/accumulo/target/_temporary/_attempt_local_0000_m_000000_0/part-m-00000.rf
Tests run: 4, Failures: 0, Errors: 0, Skipped: 0, Time elapsed: 0.041 sec
Running org.apache.accumulo.core.client.ClientSideIteratorTest
Tests run: 2, Failures: 0, Errors: 0, Skipped: 0, Time elapsed: 0.004 sec
Running org.apache.accumulo.core.client.impl.TabletLocatorImplTest
Tests run: 16, Failures: 0, Errors: 0, Skipped: 0, Time elapsed: 0.02 sec
Running org.apache.accumulo.core.client.impl.ScannerOptionsTest
Tests run: 2, Failures: 0, Errors: 0, Skipped: 0, Time elapsed: 0 sec
Running org.apache.accumulo.core.client.mock.MockConnectorTest
Tests run: 8, Failures: 0, Errors: 0, Skipped: 0, Time elapsed: 0.007 sec
Running org.apache.accumulo.core.client.mock.MockTableOperationsTest
Tests run: 1, Failures: 0, Errors: 0, Skipped: 0, Time elapsed: 0 sec
Running org.apache.accumulo.core.data.RangeTest
Tests run: 43, Failures: 0, Errors: 0, Skipped: 0, Time elapsed: 0.007 sec
Running org.apache.accumulo.core.data.ColumnTest
Tests run: 3, Failures: 0, Errors: 0, Skipped: 0, Time elapsed: 0 sec
Running org.apache.accumulo.core.data.MutationTest
Tests run: 8, Failures: 0, Errors: 0, Skipped: 0, Time elapsed: 0.022 sec
Running org.apache.accumulo.core.data.KeyExtentTest
Tests run: 3, Failures: 0, Errors: 0, Skipped: 0, Time elapsed: 0.001 sec
Running org.apache.accumulo.core.data.KeyTest
Tests run: 4, Failures: 0, Errors: 0, Skipped: 0, Time elapsed: 0.001 sec

Results :

Failed tests:   test2(org.apache.accumulo.core.iterators.user.FilterTest): expected:<100> but was:<900>
  testAddIterator(org.apache.accumulo.core.client.mapreduce.AccumuloInputFormatTest): expected:<[v1]> but was:<[junk]>

Tests in error: 
  testDeepCopy(org.apache.accumulo.core.iterators.user.CombinerTest)

Tests run: 273, Failures: 2, Errors: 1, Skipped: 0

[INFO] ------------------------------------------------------------------------
[INFO] BUILD FAILURE
[INFO] ------------------------------------------------------------------------
[INFO] Total time: 9.562 s
[INFO] Finished at: 2022-07-14T00:14:36-07:00
[INFO] ------------------------------------------------------------------------
[ERROR] Failed to execute goal org.apache.maven.plugins:maven-surefire-plugin:2.9:test (default-test) on project accumulo-core: There are test failures.
[ERROR] 
[ERROR] Please refer to /data-depot/user/Workspace/Reproducibility/Reproducibility-Scanner/benchmarks/bugs-dot-jar/accumulo/src/core/target/surefire-reports for the individual test results.
[ERROR] -> [Help 1]
[ERROR] 
[ERROR] To see the full stack trace of the errors, re-run Maven with the -e switch.
[ERROR] Re-run Maven using the -X switch to enable full debug logging.
[ERROR] 
[ERROR] For more information about the errors and possible solutions, please read the following articles:
[ERROR] [Help 1] http://cwiki.apache.org/confluence/display/MAVEN/MojoFailureException