[INFO] Scanning for projects...
[INFO] ------------------------------------------------------------------------
[INFO] Reactor Build Order:
[INFO] 
[INFO] Oak Parent POM                                                     [pom]
[INFO] Oak Documentation                                                  [jar]
[INFO] Oak Commons                                                     [bundle]
[INFO] Oak MicroKernel API                                             [bundle]
[INFO] Oak MicroKernel                                                 [bundle]
[INFO] Oak MicroKernel Remoting                                        [bundle]
[INFO] Oak Core                                                        [bundle]
[INFO] Oak JCR Binding                                                 [bundle]
[INFO] Oak upgrade                                                        [jar]
[INFO] Oak support for Apache Sling                                    [bundle]
[INFO] Oak HTTP Binding                                                [bundle]
[INFO] Oak Lucene                                                      [bundle]
[INFO] Oak Solr core                                                   [bundle]
[INFO] Oak Solr remote                                                 [bundle]
[INFO] Oak Solr embedded                                               [bundle]
[INFO] Oak Runnable Jar                                                   [jar]
[INFO] Oak Integration Tests for MicroKernel implementations              [jar]
[INFO] Oak Integration Tests for OSGi deployments                         [jar]
[INFO] Oak Integration Tests                                              [pom]
[INFO] Jackrabbit Oak                                                     [pom]
[INFO] 
[INFO] ------------------< org.apache.jackrabbit:oak-parent >------------------
[INFO] Building Oak Parent POM 0.16-SNAPSHOT                             [1/20]
[INFO] --------------------------------[ pom ]---------------------------------
[INFO] 
[INFO] --- maven-remote-resources-plugin:1.2.1:process (default) @ oak-parent ---
[INFO] 
[INFO] --- maven-site-plugin:3.3:attach-descriptor (attach-descriptor) @ oak-parent ---
[INFO] 
[INFO] --- maven-install-plugin:2.3.1:install (default-install) @ oak-parent ---
[INFO] Installing /data-depot/user/Workspace/Reproducibility/Reproducibility-Scanner/benchmarks/bugs-dot-jar/jackrabbit-oak/oak-parent/pom.xml to /home/user/.m2/repository/org/apache/jackrabbit/oak-parent/0.16-SNAPSHOT/oak-parent-0.16-SNAPSHOT.pom
[INFO] 
[INFO] -------------------< org.apache.jackrabbit:oak-doc >--------------------
[INFO] Building Oak Documentation 0.16-SNAPSHOT                          [2/20]
[INFO] --------------------------------[ jar ]---------------------------------
[INFO] 
[INFO] --- maven-remote-resources-plugin:1.2.1:process (default) @ oak-doc ---
[INFO] 
[INFO] --- maven-resources-plugin:2.5:resources (default-resources) @ oak-doc ---
[debug] execute contextualize
[INFO] Using 'UTF-8' encoding to copy filtered resources.
[INFO] Copying 2 resources
[INFO] Copying 3 resources
[INFO] 
[INFO] --- maven-compiler-plugin:2.3.2:compile (default-compile) @ oak-doc ---
[INFO] No sources to compile
[INFO] 
[INFO] --- maven-resources-plugin:2.5:testResources (default-testResources) @ oak-doc ---
[debug] execute contextualize
[INFO] Using 'UTF-8' encoding to copy filtered resources.
[INFO] skip non existing resourceDirectory /data-depot/user/Workspace/Reproducibility/Reproducibility-Scanner/benchmarks/bugs-dot-jar/jackrabbit-oak/oak-doc/src/test/resources
[INFO] Copying 3 resources
[INFO] 
[INFO] --- maven-compiler-plugin:2.3.2:testCompile (default-testCompile) @ oak-doc ---
[INFO] No sources to compile
[INFO] 
[INFO] --- maven-surefire-plugin:2.9:test (default-test) @ oak-doc ---
[INFO] Tests are skipped.
[INFO] 
[INFO] --- maven-jar-plugin:2.3.1:jar (default-jar) @ oak-doc ---
[WARNING] JAR will be empty - no content was marked for inclusion!
[INFO] Building jar: /data-depot/user/Workspace/Reproducibility/Reproducibility-Scanner/benchmarks/bugs-dot-jar/jackrabbit-oak/oak-doc/target/oak-doc-0.16-SNAPSHOT.jar
[INFO] 
[INFO] --- maven-site-plugin:3.3:attach-descriptor (attach-descriptor) @ oak-doc ---
[INFO] 
[INFO] --- maven-install-plugin:2.3.1:install (default-install) @ oak-doc ---
[INFO] Installing /data-depot/user/Workspace/Reproducibility/Reproducibility-Scanner/benchmarks/bugs-dot-jar/jackrabbit-oak/oak-doc/target/oak-doc-0.16-SNAPSHOT.jar to /home/user/.m2/repository/org/apache/jackrabbit/oak-doc/0.16-SNAPSHOT/oak-doc-0.16-SNAPSHOT.jar
[INFO] Installing /data-depot/user/Workspace/Reproducibility/Reproducibility-Scanner/benchmarks/bugs-dot-jar/jackrabbit-oak/oak-doc/pom.xml to /home/user/.m2/repository/org/apache/jackrabbit/oak-doc/0.16-SNAPSHOT/oak-doc-0.16-SNAPSHOT.pom
[INFO] 
[INFO] -----------------< org.apache.jackrabbit:oak-commons >------------------
[INFO] Building Oak Commons 0.16-SNAPSHOT                                [3/20]
[INFO] -------------------------------[ bundle ]-------------------------------
[INFO] 
[INFO] --- maven-remote-resources-plugin:1.2.1:process (default) @ oak-commons ---
[INFO] 
[INFO] --- maven-resources-plugin:2.5:resources (default-resources) @ oak-commons ---
[debug] execute contextualize
[INFO] Using 'UTF-8' encoding to copy filtered resources.
[INFO] skip non existing resourceDirectory /data-depot/user/Workspace/Reproducibility/Reproducibility-Scanner/benchmarks/bugs-dot-jar/jackrabbit-oak/oak-commons/src/main/resources
[INFO] Copying 3 resources
[INFO] 
[INFO] --- maven-compiler-plugin:2.3.2:compile (default-compile) @ oak-commons ---
[INFO] Compiling 1 source file to /data-depot/user/Workspace/Reproducibility/Reproducibility-Scanner/benchmarks/bugs-dot-jar/jackrabbit-oak/oak-commons/target/classes
[INFO] 
[INFO] --- maven-resources-plugin:2.5:testResources (default-testResources) @ oak-commons ---
[debug] execute contextualize
[INFO] Using 'UTF-8' encoding to copy filtered resources.
[INFO] skip non existing resourceDirectory /data-depot/user/Workspace/Reproducibility/Reproducibility-Scanner/benchmarks/bugs-dot-jar/jackrabbit-oak/oak-commons/src/test/resources
[INFO] Copying 3 resources
[INFO] 
[INFO] --- maven-compiler-plugin:2.3.2:testCompile (default-testCompile) @ oak-commons ---
[INFO] Compiling 1 source file to /data-depot/user/Workspace/Reproducibility/Reproducibility-Scanner/benchmarks/bugs-dot-jar/jackrabbit-oak/oak-commons/target/test-classes
[INFO] 
[INFO] --- maven-surefire-plugin:2.9:test (default-test) @ oak-commons ---
[INFO] Tests are skipped.
[INFO] 
[INFO] --- maven-bundle-plugin:2.4.0:bundle (default-bundle) @ oak-commons ---
[INFO] 
[INFO] --- maven-site-plugin:3.3:attach-descriptor (attach-descriptor) @ oak-commons ---
[INFO] 
[INFO] --- maven-install-plugin:2.3.1:install (default-install) @ oak-commons ---
[INFO] Installing /data-depot/user/Workspace/Reproducibility/Reproducibility-Scanner/benchmarks/bugs-dot-jar/jackrabbit-oak/oak-commons/target/oak-commons-0.16-SNAPSHOT.jar to /home/user/.m2/repository/org/apache/jackrabbit/oak-commons/0.16-SNAPSHOT/oak-commons-0.16-SNAPSHOT.jar
[INFO] Installing /data-depot/user/Workspace/Reproducibility/Reproducibility-Scanner/benchmarks/bugs-dot-jar/jackrabbit-oak/oak-commons/pom.xml to /home/user/.m2/repository/org/apache/jackrabbit/oak-commons/0.16-SNAPSHOT/oak-commons-0.16-SNAPSHOT.pom
[INFO] 
[INFO] --- maven-bundle-plugin:2.4.0:install (default-install) @ oak-commons ---
[INFO] Local OBR update disabled (enable with -DobrRepository)
[INFO] 
[INFO] ------------------< org.apache.jackrabbit:oak-mk-api >------------------
[INFO] Building Oak MicroKernel API 0.16-SNAPSHOT                        [4/20]
[INFO] -------------------------------[ bundle ]-------------------------------
[INFO] 
[INFO] --- maven-remote-resources-plugin:1.2.1:process (default) @ oak-mk-api ---
[INFO] 
[INFO] --- maven-resources-plugin:2.5:resources (default-resources) @ oak-mk-api ---
[debug] execute contextualize
[INFO] Using 'UTF-8' encoding to copy filtered resources.
[INFO] skip non existing resourceDirectory /data-depot/user/Workspace/Reproducibility/Reproducibility-Scanner/benchmarks/bugs-dot-jar/jackrabbit-oak/oak-mk-api/src/main/resources
[INFO] Copying 3 resources
[INFO] 
[INFO] --- maven-compiler-plugin:2.3.2:compile (default-compile) @ oak-mk-api ---
[INFO] Compiling 3 source files to /data-depot/user/Workspace/Reproducibility/Reproducibility-Scanner/benchmarks/bugs-dot-jar/jackrabbit-oak/oak-mk-api/target/classes
[INFO] 
[INFO] --- maven-scr-plugin:1.15.0:scr (generate-scr-scrdescriptor) @ oak-mk-api ---
[INFO] 
[INFO] --- maven-resources-plugin:2.5:testResources (default-testResources) @ oak-mk-api ---
[debug] execute contextualize
[INFO] Using 'UTF-8' encoding to copy filtered resources.
[INFO] skip non existing resourceDirectory /data-depot/user/Workspace/Reproducibility/Reproducibility-Scanner/benchmarks/bugs-dot-jar/jackrabbit-oak/oak-mk-api/src/test/resources
[INFO] Copying 3 resources
[INFO] 
[INFO] --- maven-compiler-plugin:2.3.2:testCompile (default-testCompile) @ oak-mk-api ---
[INFO] No sources to compile
[INFO] 
[INFO] --- maven-surefire-plugin:2.9:test (default-test) @ oak-mk-api ---
[INFO] Tests are skipped.
[INFO] 
[INFO] --- maven-bundle-plugin:2.4.0:bundle (default-bundle) @ oak-mk-api ---
[INFO] 
[INFO] --- maven-site-plugin:3.3:attach-descriptor (attach-descriptor) @ oak-mk-api ---
[INFO] 
[INFO] --- maven-install-plugin:2.3.1:install (default-install) @ oak-mk-api ---
[INFO] Installing /data-depot/user/Workspace/Reproducibility/Reproducibility-Scanner/benchmarks/bugs-dot-jar/jackrabbit-oak/oak-mk-api/target/oak-mk-api-0.16-SNAPSHOT.jar to /home/user/.m2/repository/org/apache/jackrabbit/oak-mk-api/0.16-SNAPSHOT/oak-mk-api-0.16-SNAPSHOT.jar
[INFO] Installing /data-depot/user/Workspace/Reproducibility/Reproducibility-Scanner/benchmarks/bugs-dot-jar/jackrabbit-oak/oak-mk-api/pom.xml to /home/user/.m2/repository/org/apache/jackrabbit/oak-mk-api/0.16-SNAPSHOT/oak-mk-api-0.16-SNAPSHOT.pom
[INFO] 
[INFO] --- maven-bundle-plugin:2.4.0:install (default-install) @ oak-mk-api ---
[INFO] Local OBR update disabled (enable with -DobrRepository)
[INFO] 
[INFO] --------------------< org.apache.jackrabbit:oak-mk >--------------------
[INFO] Building Oak MicroKernel 0.16-SNAPSHOT                            [5/20]
[INFO] -------------------------------[ bundle ]-------------------------------
[INFO] 
[INFO] --- maven-remote-resources-plugin:1.2.1:process (default) @ oak-mk ---
[INFO] 
[INFO] --- maven-resources-plugin:2.5:resources (default-resources) @ oak-mk ---
[debug] execute contextualize
[INFO] Using 'UTF-8' encoding to copy filtered resources.
[INFO] skip non existing resourceDirectory /data-depot/user/Workspace/Reproducibility/Reproducibility-Scanner/benchmarks/bugs-dot-jar/jackrabbit-oak/oak-mk/src/main/resources
[INFO] Copying 3 resources
[INFO] 
[INFO] --- maven-compiler-plugin:2.3.2:compile (default-compile) @ oak-mk ---
[INFO] Compiling 65 source files to /data-depot/user/Workspace/Reproducibility/Reproducibility-Scanner/benchmarks/bugs-dot-jar/jackrabbit-oak/oak-mk/target/classes
[INFO] 
[INFO] --- maven-scr-plugin:1.15.0:scr (generate-scr-scrdescriptor) @ oak-mk ---
[INFO] Writing 1 Service Component Descriptors to /data-depot/user/Workspace/Reproducibility/Reproducibility-Scanner/benchmarks/bugs-dot-jar/jackrabbit-oak/oak-mk/target/classes/OSGI-INF/org.apache.jackrabbit.mk.osgi.MicroKernelService.xml
[INFO] 
[INFO] --- maven-resources-plugin:2.5:testResources (default-testResources) @ oak-mk ---
[debug] execute contextualize
[INFO] Using 'UTF-8' encoding to copy filtered resources.
[INFO] Copying 1 resource
[INFO] Copying 3 resources
[INFO] 
[INFO] --- maven-compiler-plugin:2.3.2:testCompile (default-testCompile) @ oak-mk ---
[INFO] Compiling 21 source files to /data-depot/user/Workspace/Reproducibility/Reproducibility-Scanner/benchmarks/bugs-dot-jar/jackrabbit-oak/oak-mk/target/test-classes
[INFO] 
[INFO] --- maven-surefire-plugin:2.9:test (default-test) @ oak-mk ---
[INFO] Tests are skipped.
[INFO] 
[INFO] --- maven-bundle-plugin:2.4.0:bundle (default-bundle) @ oak-mk ---
[WARNING] Bundle org.apache.jackrabbit:oak-mk:bundle:0.16-SNAPSHOT : Export org.apache.jackrabbit.mk.core,  has 2,  private references [org.apache.jackrabbit.mk.model, org.apache.jackrabbit.mk.store], 
[INFO] 
[INFO] --- maven-site-plugin:3.3:attach-descriptor (attach-descriptor) @ oak-mk ---
[INFO] 
[INFO] --- maven-install-plugin:2.3.1:install (default-install) @ oak-mk ---
[INFO] Installing /data-depot/user/Workspace/Reproducibility/Reproducibility-Scanner/benchmarks/bugs-dot-jar/jackrabbit-oak/oak-mk/target/oak-mk-0.16-SNAPSHOT.jar to /home/user/.m2/repository/org/apache/jackrabbit/oak-mk/0.16-SNAPSHOT/oak-mk-0.16-SNAPSHOT.jar
[INFO] Installing /data-depot/user/Workspace/Reproducibility/Reproducibility-Scanner/benchmarks/bugs-dot-jar/jackrabbit-oak/oak-mk/pom.xml to /home/user/.m2/repository/org/apache/jackrabbit/oak-mk/0.16-SNAPSHOT/oak-mk-0.16-SNAPSHOT.pom
[INFO] 
[INFO] --- maven-bundle-plugin:2.4.0:install (default-install) @ oak-mk ---
[INFO] Local OBR update disabled (enable with -DobrRepository)
[INFO] 
[INFO] ----------------< org.apache.jackrabbit:oak-mk-remote >-----------------
[INFO] Building Oak MicroKernel Remoting 0.16-SNAPSHOT                   [6/20]
[INFO] -------------------------------[ bundle ]-------------------------------
[INFO] 
[INFO] --- maven-remote-resources-plugin:1.2.1:process (default) @ oak-mk-remote ---
[INFO] 
[INFO] --- maven-resources-plugin:2.5:resources (default-resources) @ oak-mk-remote ---
[debug] execute contextualize
[INFO] Using 'UTF-8' encoding to copy filtered resources.
[INFO] Copying 20 resources
[INFO] Copying 3 resources
[INFO] 
[INFO] --- maven-compiler-plugin:2.3.2:compile (default-compile) @ oak-mk-remote ---
[INFO] Compiling 15 source files to /data-depot/user/Workspace/Reproducibility/Reproducibility-Scanner/benchmarks/bugs-dot-jar/jackrabbit-oak/oak-mk-remote/target/classes
[INFO] 
[INFO] --- maven-scr-plugin:1.15.0:scr (generate-scr-scrdescriptor) @ oak-mk-remote ---
[INFO] 
[INFO] --- maven-resources-plugin:2.5:testResources (default-testResources) @ oak-mk-remote ---
[debug] execute contextualize
[INFO] Using 'UTF-8' encoding to copy filtered resources.
[INFO] skip non existing resourceDirectory /data-depot/user/Workspace/Reproducibility/Reproducibility-Scanner/benchmarks/bugs-dot-jar/jackrabbit-oak/oak-mk-remote/src/test/resources
[INFO] Copying 3 resources
[INFO] 
[INFO] --- maven-compiler-plugin:2.3.2:testCompile (default-testCompile) @ oak-mk-remote ---
[INFO] Compiling 1 source file to /data-depot/user/Workspace/Reproducibility/Reproducibility-Scanner/benchmarks/bugs-dot-jar/jackrabbit-oak/oak-mk-remote/target/test-classes
[INFO] 
[INFO] --- maven-surefire-plugin:2.9:test (default-test) @ oak-mk-remote ---
[INFO] Tests are skipped.
[INFO] 
[INFO] --- maven-bundle-plugin:2.4.0:bundle (default-bundle) @ oak-mk-remote ---
[INFO] 
[INFO] --- maven-site-plugin:3.3:attach-descriptor (attach-descriptor) @ oak-mk-remote ---
[INFO] 
[INFO] --- maven-install-plugin:2.3.1:install (default-install) @ oak-mk-remote ---
[INFO] Installing /data-depot/user/Workspace/Reproducibility/Reproducibility-Scanner/benchmarks/bugs-dot-jar/jackrabbit-oak/oak-mk-remote/target/oak-mk-remote-0.16-SNAPSHOT.jar to /home/user/.m2/repository/org/apache/jackrabbit/oak-mk-remote/0.16-SNAPSHOT/oak-mk-remote-0.16-SNAPSHOT.jar
[INFO] Installing /data-depot/user/Workspace/Reproducibility/Reproducibility-Scanner/benchmarks/bugs-dot-jar/jackrabbit-oak/oak-mk-remote/pom.xml to /home/user/.m2/repository/org/apache/jackrabbit/oak-mk-remote/0.16-SNAPSHOT/oak-mk-remote-0.16-SNAPSHOT.pom
[INFO] 
[INFO] --- maven-bundle-plugin:2.4.0:install (default-install) @ oak-mk-remote ---
[INFO] Local OBR update disabled (enable with -DobrRepository)
[INFO] 
[INFO] -------------------< org.apache.jackrabbit:oak-core >-------------------
[INFO] Building Oak Core 0.16-SNAPSHOT                                   [7/20]
[INFO] -------------------------------[ bundle ]-------------------------------
Downloading from central: https://repo.maven.apache.org/maven2/org/apache/jackrabbit/jackrabbit-api/2.7.3/jackrabbit-api-2.7.3.pom
Progress (1): 1.4/3.4 kBProgress (1): 2.7/3.4 kBProgress (1): 3.4 kB                        Downloaded from central: https://repo.maven.apache.org/maven2/org/apache/jackrabbit/jackrabbit-api/2.7.3/jackrabbit-api-2.7.3.pom (3.4 kB at 8.3 kB/s)
Downloading from central: https://repo.maven.apache.org/maven2/org/apache/jackrabbit/jackrabbit-parent/2.7.3/jackrabbit-parent-2.7.3.pom
Progress (1): 1.4/30 kBProgress (1): 2.7/30 kBProgress (1): 4.1/30 kBProgress (1): 5.5/30 kBProgress (1): 6.9/30 kBProgress (1): 8.2/30 kBProgress (1): 9.6/30 kBProgress (1): 11/30 kB Progress (1): 12/30 kBProgress (1): 14/30 kBProgress (1): 15/30 kBProgress (1): 16/30 kBProgress (1): 17/30 kBProgress (1): 19/30 kBProgress (1): 20/30 kBProgress (1): 21/30 kBProgress (1): 23/30 kBProgress (1): 24/30 kBProgress (1): 25/30 kBProgress (1): 27/30 kBProgress (1): 28/30 kBProgress (1): 30/30 kBProgress (1): 30 kB                      Downloaded from central: https://repo.maven.apache.org/maven2/org/apache/jackrabbit/jackrabbit-parent/2.7.3/jackrabbit-parent-2.7.3.pom (30 kB at 168 kB/s)
Downloading from central: https://repo.maven.apache.org/maven2/org/apache/jackrabbit/jackrabbit-jcr-commons/2.7.3/jackrabbit-jcr-commons-2.7.3.pom
Progress (1): 1.4/4.6 kBProgress (1): 2.7/4.6 kBProgress (1): 4.1/4.6 kBProgress (1): 4.6 kB                        Downloaded from central: https://repo.maven.apache.org/maven2/org/apache/jackrabbit/jackrabbit-jcr-commons/2.7.3/jackrabbit-jcr-commons-2.7.3.pom (4.6 kB at 28 kB/s)
Downloading from central: https://repo.maven.apache.org/maven2/org/apache/jackrabbit/jackrabbit-api/2.7.3/jackrabbit-api-2.7.3.jar
Downloading from central: https://repo.maven.apache.org/maven2/org/apache/jackrabbit/jackrabbit-jcr-commons/2.7.3/jackrabbit-jcr-commons-2.7.3.jar
Progress (1): 1.4/38 kBProgress (1): 2.7/38 kBProgress (1): 4.1/38 kBProgress (1): 5.5/38 kBProgress (1): 6.9/38 kBProgress (1): 8.2/38 kBProgress (1): 9.6/38 kBProgress (1): 11/38 kB Progress (1): 12/38 kBProgress (1): 14/38 kBProgress (1): 15/38 kBProgress (1): 16/38 kBProgress (1): 20/38 kBProgress (1): 24/38 kBProgress (1): 28/38 kBProgress (1): 32/38 kBProgress (1): 36/38 kBProgress (1): 38 kB   Progress (2): 38 kB | 1.4/375 kBProgress (2): 38 kB | 2.7/375 kBProgress (2): 38 kB | 4.1/375 kBProgress (2): 38 kB | 5.5/375 kBProgress (2): 38 kB | 6.9/375 kBProgress (2): 38 kB | 8.2/375 kBProgress (2): 38 kB | 9.6/375 kBProgress (2): 38 kB | 11/375 kB Progress (2): 38 kB | 12/375 kBProgress (2): 38 kB | 14/375 kBProgress (2): 38 kB | 15/375 kBProgress (2): 38 kB | 16/375 kBProgress (2): 38 kB | 17/375 kBProgress (2): 38 kB | 19/375 kBProgress (2): 38 kB | 20/375 kBProgress (2): 38 kB | 21/375 kBProgress (2): 38 kB | 23/375 kBProgress (2): 38 kB | 24/375 kBProgress (2): 38 kB | 25/375 kBProgress (2): 38 kB | 27/375 kBProgress (2): 38 kB | 28/375 kBProgress (2): 38 kB | 30/375 kBProgress (2): 38 kB | 31/375 kBProgress (2): 38 kB | 32/375 kBProgress (2): 38 kB | 34/375 kBProgress (2): 38 kB | 35/375 kBProgress (2): 38 kB | 36/375 kBProgress (2): 38 kB | 38/375 kBProgress (2): 38 kB | 39/375 kBProgress (2): 38 kB | 40/375 kBProgress (2): 38 kB | 42/375 kBProgress (2): 38 kB | 43/375 kBProgress (2): 38 kB | 45/375 kBProgress (2): 38 kB | 46/375 kBProgress (2): 38 kB | 47/375 kBProgress (2): 38 kB | 49/375 kBProgress (2): 38 kB | 53/375 kBProgress (2): 38 kB | 57/375 kBProgress (2): 38 kB | 61/375 kBProgress (2): 38 kB | 65/375 kBProgress (2): 38 kB | 69/375 kBProgress (2): 38 kB | 73/375 kBProgress (2): 38 kB | 77/375 kBProgress (2): 38 kB | 81/375 kBProgress (2): 38 kB | 85/375 kBProgress (2): 38 kB | 90/375 kBProgress (2): 38 kB | 94/375 kBProgress (2): 38 kB | 98/375 kBProgress (2): 38 kB | 102/375 kBProgress (2): 38 kB | 106/375 kBProgress (2): 38 kB | 110/375 kBProgress (2): 38 kB | 114/375 kBProgress (2): 38 kB | 118/375 kBProgress (2): 38 kB | 122/375 kBProgress (2): 38 kB | 126/375 kBProgress (2): 38 kB | 131/375 kBProgress (2): 38 kB | 135/375 kBProgress (2): 38 kB | 139/375 kBProgress (2): 38 kB | 143/375 kBProgress (2): 38 kB | 147/375 kBProgress (2): 38 kB | 151/375 kBProgress (2): 38 kB | 155/375 kBProgress (2): 38 kB | 159/375 kBProgress (2): 38 kB | 163/375 kBProgress (2): 38 kB | 167/375 kBProgress (2): 38 kB | 171/375 kBProgress (2): 38 kB | 176/375 kBProgress (2): 38 kB | 180/375 kBProgress (2): 38 kB | 184/375 kBProgress (2): 38 kB | 188/375 kBProgress (2): 38 kB | 192/375 kBProgress (2): 38 kB | 196/375 kBProgress (2): 38 kB | 200/375 kBProgress (2): 38 kB | 204/375 kBProgress (2): 38 kB | 208/375 kBProgress (2): 38 kB | 212/375 kBProgress (2): 38 kB | 217/375 kBProgress (2): 38 kB | 221/375 kBProgress (2): 38 kB | 225/375 kBProgress (2): 38 kB | 229/375 kBProgress (2): 38 kB | 233/375 kBProgress (2): 38 kB | 237/375 kBProgress (2): 38 kB | 241/375 kBProgress (2): 38 kB | 245/375 kBProgress (2): 38 kB | 249/375 kBProgress (2): 38 kB | 253/375 kBProgress (2): 38 kB | 258/375 kBProgress (2): 38 kB | 262/375 kBProgress (2): 38 kB | 266/375 kBProgress (2): 38 kB | 270/375 kBProgress (2): 38 kB | 274/375 kBProgress (2): 38 kB | 278/375 kBProgress (2): 38 kB | 282/375 kBProgress (2): 38 kB | 286/375 kBProgress (2): 38 kB | 290/375 kBProgress (2): 38 kB | 294/375 kBProgress (2): 38 kB | 298/375 kBProgress (2): 38 kB | 303/375 kBProgress (2): 38 kB | 307/375 kBProgress (2): 38 kB | 311/375 kBProgress (2): 38 kB | 315/375 kBProgress (2): 38 kB | 319/375 kBProgress (2): 38 kB | 323/375 kBProgress (2): 38 kB | 327/375 kBProgress (2): 38 kB | 331/375 kBProgress (2): 38 kB | 335/375 kBProgress (2): 38 kB | 339/375 kBProgress (2): 38 kB | 343/375 kBProgress (2): 38 kB | 348/375 kBProgress (2): 38 kB | 352/375 kBProgress (2): 38 kB | 356/375 kBProgress (2): 38 kB | 360/375 kBProgress (2): 38 kB | 364/375 kBProgress (2): 38 kB | 368/375 kBProgress (2): 38 kB | 372/375 kBProgress (2): 38 kB | 375 kB                                Downloaded from central: https://repo.maven.apache.org/maven2/org/apache/jackrabbit/jackrabbit-api/2.7.3/jackrabbit-api-2.7.3.jar (38 kB at 223 kB/s)
Downloaded from central: https://repo.maven.apache.org/maven2/org/apache/jackrabbit/jackrabbit-jcr-commons/2.7.3/jackrabbit-jcr-commons-2.7.3.jar (375 kB at 1.6 MB/s)
[INFO] 
[INFO] --- maven-remote-resources-plugin:1.2.1:process (default) @ oak-core ---
[INFO] 
[INFO] --- maven-resources-plugin:2.5:resources (default-resources) @ oak-core ---
[debug] execute contextualize
[INFO] Using 'UTF-8' encoding to copy filtered resources.
[INFO] Copying 2 resources
[INFO] Copying 3 resources
[INFO] 
[INFO] --- maven-compiler-plugin:2.3.2:compile (default-compile) @ oak-core ---
[INFO] Compiling 669 source files to /data-depot/user/Workspace/Reproducibility/Reproducibility-Scanner/benchmarks/bugs-dot-jar/jackrabbit-oak/oak-core/target/classes
[INFO] 
[INFO] --- maven-scr-plugin:1.15.0:scr (generate-scr-scrdescriptor) @ oak-core ---
[WARNING] /data-depot/user/Workspace/Reproducibility/Reproducibility-Scanner/benchmarks/bugs-dot-jar/jackrabbit-oak/oak-core/src/main/java/org/apache/jackrabbit/oak/security/privilege/PrivilegeConfigurationImpl.java [1:1]:  Component org.apache.jackrabbit.oak.security.privilege.PrivilegeConfigurationImpl is using the deprecated inheritance feature and inherits from org.apache.jackrabbit.oak.spi.security.ConfigurationBase. This feature will be removed in future versions.
[WARNING] /data-depot/user/Workspace/Reproducibility/Reproducibility-Scanner/benchmarks/bugs-dot-jar/jackrabbit-oak/oak-core/src/main/java/org/apache/jackrabbit/oak/security/principal/PrincipalConfigurationImpl.java [1:1]:  Component org.apache.jackrabbit.oak.security.principal.PrincipalConfigurationImpl is using the deprecated inheritance feature and inherits from org.apache.jackrabbit.oak.spi.security.ConfigurationBase. This feature will be removed in future versions.
[WARNING] /data-depot/user/Workspace/Reproducibility/Reproducibility-Scanner/benchmarks/bugs-dot-jar/jackrabbit-oak/oak-core/src/main/java/org/apache/jackrabbit/oak/security/authorization/AuthorizationConfigurationImpl.java [1:1]:  Component org.apache.jackrabbit.oak.security.authorization.AuthorizationConfigurationImpl is using the deprecated inheritance feature and inherits from org.apache.jackrabbit.oak.spi.security.ConfigurationBase. This feature will be removed in future versions.
[WARNING] /data-depot/user/Workspace/Reproducibility/Reproducibility-Scanner/benchmarks/bugs-dot-jar/jackrabbit-oak/oak-core/src/main/java/org/apache/jackrabbit/oak/security/user/UserConfigurationImpl.java [1:1]:  Component org.apache.jackrabbit.oak.security.user.UserConfigurationImpl is using the deprecated inheritance feature and inherits from org.apache.jackrabbit.oak.spi.security.ConfigurationBase. This feature will be removed in future versions.
[WARNING] /data-depot/user/Workspace/Reproducibility/Reproducibility-Scanner/benchmarks/bugs-dot-jar/jackrabbit-oak/oak-core/src/main/java/org/apache/jackrabbit/oak/security/authentication/AuthenticationConfigurationImpl.java [1:1]:  Component org.apache.jackrabbit.oak.security.authentication.AuthenticationConfigurationImpl is using the deprecated inheritance feature and inherits from org.apache.jackrabbit.oak.spi.security.ConfigurationBase. This feature will be removed in future versions.
[WARNING] /data-depot/user/Workspace/Reproducibility/Reproducibility-Scanner/benchmarks/bugs-dot-jar/jackrabbit-oak/oak-core/src/main/java/org/apache/jackrabbit/oak/security/authentication/token/TokenConfigurationImpl.java [1:1]:  Component org.apache.jackrabbit.oak.security.authentication.token.TokenConfigurationImpl is using the deprecated inheritance feature and inherits from org.apache.jackrabbit.oak.spi.security.ConfigurationBase. This feature will be removed in future versions.
[INFO] Generating 1 MetaType Descriptors in /data-depot/user/Workspace/Reproducibility/Reproducibility-Scanner/benchmarks/bugs-dot-jar/jackrabbit-oak/oak-core/target/classes/OSGI-INF/metatype/org.apache.jackrabbit.oak.plugins.document.DocumentNodeStoreService.xml
[INFO] Writing 1 Service Component Descriptors to /data-depot/user/Workspace/Reproducibility/Reproducibility-Scanner/benchmarks/bugs-dot-jar/jackrabbit-oak/oak-core/target/classes/OSGI-INF/org.apache.jackrabbit.oak.security.privilege.PrivilegeConfigurationImpl.xml
[INFO] Writing 1 Service Component Descriptors to /data-depot/user/Workspace/Reproducibility/Reproducibility-Scanner/benchmarks/bugs-dot-jar/jackrabbit-oak/oak-core/target/classes/OSGI-INF/org.apache.jackrabbit.oak.security.principal.PrincipalConfigurationImpl.xml
[INFO] Writing 1 Service Component Descriptors to /data-depot/user/Workspace/Reproducibility/Reproducibility-Scanner/benchmarks/bugs-dot-jar/jackrabbit-oak/oak-core/target/classes/OSGI-INF/org.apache.jackrabbit.oak.security.authorization.AuthorizationConfigurationImpl.xml
[INFO] Writing 1 Service Component Descriptors to /data-depot/user/Workspace/Reproducibility/Reproducibility-Scanner/benchmarks/bugs-dot-jar/jackrabbit-oak/oak-core/target/classes/OSGI-INF/org.apache.jackrabbit.oak.security.authorization.restriction.RestrictionProviderImpl.xml
[INFO] Writing 1 Service Component Descriptors to /data-depot/user/Workspace/Reproducibility/Reproducibility-Scanner/benchmarks/bugs-dot-jar/jackrabbit-oak/oak-core/target/classes/OSGI-INF/org.apache.jackrabbit.oak.security.user.UserConfigurationImpl.xml
[INFO] Writing 1 Service Component Descriptors to /data-depot/user/Workspace/Reproducibility/Reproducibility-Scanner/benchmarks/bugs-dot-jar/jackrabbit-oak/oak-core/target/classes/OSGI-INF/org.apache.jackrabbit.oak.security.authentication.AuthenticationConfigurationImpl.xml
[INFO] Writing 1 Service Component Descriptors to /data-depot/user/Workspace/Reproducibility/Reproducibility-Scanner/benchmarks/bugs-dot-jar/jackrabbit-oak/oak-core/target/classes/OSGI-INF/org.apache.jackrabbit.oak.security.authentication.token.TokenConfigurationImpl.xml
[INFO] Writing 1 Service Component Descriptors to /data-depot/user/Workspace/Reproducibility/Reproducibility-Scanner/benchmarks/bugs-dot-jar/jackrabbit-oak/oak-core/target/classes/OSGI-INF/org.apache.jackrabbit.oak.plugins.index.property.PropertyIndexEditorProvider.xml
[INFO] Writing 1 Service Component Descriptors to /data-depot/user/Workspace/Reproducibility/Reproducibility-Scanner/benchmarks/bugs-dot-jar/jackrabbit-oak/oak-core/target/classes/OSGI-INF/org.apache.jackrabbit.oak.plugins.index.property.PropertyIndexProvider.xml
[INFO] Writing 1 Service Component Descriptors to /data-depot/user/Workspace/Reproducibility/Reproducibility-Scanner/benchmarks/bugs-dot-jar/jackrabbit-oak/oak-core/target/classes/OSGI-INF/org.apache.jackrabbit.oak.plugins.index.reference.ReferenceEditorProvider.xml
[INFO] Writing 1 Service Component Descriptors to /data-depot/user/Workspace/Reproducibility/Reproducibility-Scanner/benchmarks/bugs-dot-jar/jackrabbit-oak/oak-core/target/classes/OSGI-INF/org.apache.jackrabbit.oak.plugins.index.reference.ReferenceIndexProvider.xml
[INFO] Writing 1 Service Component Descriptors to /data-depot/user/Workspace/Reproducibility/Reproducibility-Scanner/benchmarks/bugs-dot-jar/jackrabbit-oak/oak-core/target/classes/OSGI-INF/org.apache.jackrabbit.oak.plugins.segment.SegmentNodeStoreService.xml
[INFO] Writing 1 Service Component Descriptors to /data-depot/user/Workspace/Reproducibility/Reproducibility-Scanner/benchmarks/bugs-dot-jar/jackrabbit-oak/oak-core/target/classes/OSGI-INF/org.apache.jackrabbit.oak.plugins.commit.ConflictValidatorProvider.xml
[INFO] Writing 1 Service Component Descriptors to /data-depot/user/Workspace/Reproducibility/Reproducibility-Scanner/benchmarks/bugs-dot-jar/jackrabbit-oak/oak-core/target/classes/OSGI-INF/org.apache.jackrabbit.oak.plugins.version.VersionEditorProvider.xml
[INFO] Writing 1 Service Component Descriptors to /data-depot/user/Workspace/Reproducibility/Reproducibility-Scanner/benchmarks/bugs-dot-jar/jackrabbit-oak/oak-core/target/classes/OSGI-INF/org.apache.jackrabbit.oak.plugins.name.NamespaceEditorProvider.xml
[INFO] Writing 1 Service Component Descriptors to /data-depot/user/Workspace/Reproducibility/Reproducibility-Scanner/benchmarks/bugs-dot-jar/jackrabbit-oak/oak-core/target/classes/OSGI-INF/org.apache.jackrabbit.oak.plugins.name.NameValidatorProvider.xml
[INFO] Writing 1 Service Component Descriptors to /data-depot/user/Workspace/Reproducibility/Reproducibility-Scanner/benchmarks/bugs-dot-jar/jackrabbit-oak/oak-core/target/classes/OSGI-INF/org.apache.jackrabbit.oak.plugins.nodetype.TypeEditorProvider.xml
[INFO] Writing 1 Service Component Descriptors to /data-depot/user/Workspace/Reproducibility/Reproducibility-Scanner/benchmarks/bugs-dot-jar/jackrabbit-oak/oak-core/target/classes/OSGI-INF/org.apache.jackrabbit.oak.plugins.document.DocumentNodeStoreService.xml
[INFO] Writing 1 Service Component Descriptors to /data-depot/user/Workspace/Reproducibility/Reproducibility-Scanner/benchmarks/bugs-dot-jar/jackrabbit-oak/oak-core/target/classes/OSGI-INF/org.apache.jackrabbit.oak.spi.security.user.action.DefaultAuthorizableActionProvider.xml
[INFO] Writing 1 Service Component Descriptors to /data-depot/user/Workspace/Reproducibility/Reproducibility-Scanner/benchmarks/bugs-dot-jar/jackrabbit-oak/oak-core/target/classes/OSGI-INF/org.apache.jackrabbit.oak.osgi.OsgiSecurityProvider.xml
[INFO] 
[INFO] --- maven-resources-plugin:2.5:testResources (default-testResources) @ oak-core ---
[debug] execute contextualize
[INFO] Using 'UTF-8' encoding to copy filtered resources.
[INFO] Copying 9 resources
[INFO] Copying 3 resources
[INFO] 
[INFO] --- maven-compiler-plugin:2.3.2:testCompile (default-testCompile) @ oak-core ---
[INFO] Compiling 221 source files to /data-depot/user/Workspace/Reproducibility/Reproducibility-Scanner/benchmarks/bugs-dot-jar/jackrabbit-oak/oak-core/target/test-classes
[INFO] 
[INFO] --- maven-surefire-plugin:2.9:test (default-test) @ oak-core ---
[INFO] Tests are skipped.
[INFO] 
[INFO] --- maven-bundle-plugin:2.4.0:bundle (default-bundle) @ oak-core ---
[WARNING] Bundle org.apache.jackrabbit:oak-core:bundle:0.16-SNAPSHOT : Export org.apache.jackrabbit.oak.kernel,  has 1,  private references [org.apache.jackrabbit.oak.cache], 
[WARNING] Bundle org.apache.jackrabbit:oak-core:bundle:0.16-SNAPSHOT : Export org.apache.jackrabbit.oak.spi.security.authorization.restriction,  has 1,  private references [org.apache.jackrabbit.oak.spi.security.authorization.accesscontrol], 
[WARNING] Bundle org.apache.jackrabbit:oak-core:bundle:0.16-SNAPSHOT : Export org.apache.jackrabbit.oak.query.fulltext,  has 1,  private references [org.apache.jackrabbit.oak.query], 
[INFO] 
[INFO] --- maven-site-plugin:3.3:attach-descriptor (attach-descriptor) @ oak-core ---
[INFO] 
[INFO] --- maven-jar-plugin:2.3.1:test-jar (default) @ oak-core ---
[INFO] Building jar: /data-depot/user/Workspace/Reproducibility/Reproducibility-Scanner/benchmarks/bugs-dot-jar/jackrabbit-oak/oak-core/target/oak-core-0.16-SNAPSHOT-tests.jar
[INFO] 
[INFO] --- maven-install-plugin:2.3.1:install (default-install) @ oak-core ---
[INFO] Installing /data-depot/user/Workspace/Reproducibility/Reproducibility-Scanner/benchmarks/bugs-dot-jar/jackrabbit-oak/oak-core/target/oak-core-0.16-SNAPSHOT.jar to /home/user/.m2/repository/org/apache/jackrabbit/oak-core/0.16-SNAPSHOT/oak-core-0.16-SNAPSHOT.jar
[INFO] Installing /data-depot/user/Workspace/Reproducibility/Reproducibility-Scanner/benchmarks/bugs-dot-jar/jackrabbit-oak/oak-core/pom.xml to /home/user/.m2/repository/org/apache/jackrabbit/oak-core/0.16-SNAPSHOT/oak-core-0.16-SNAPSHOT.pom
[INFO] Installing /data-depot/user/Workspace/Reproducibility/Reproducibility-Scanner/benchmarks/bugs-dot-jar/jackrabbit-oak/oak-core/target/oak-core-0.16-SNAPSHOT-tests.jar to /home/user/.m2/repository/org/apache/jackrabbit/oak-core/0.16-SNAPSHOT/oak-core-0.16-SNAPSHOT-tests.jar
[INFO] 
[INFO] --- maven-bundle-plugin:2.4.0:install (default-install) @ oak-core ---
[INFO] Local OBR update disabled (enable with -DobrRepository)
[INFO] 
[INFO] -------------------< org.apache.jackrabbit:oak-jcr >--------------------
[INFO] Building Oak JCR Binding 0.16-SNAPSHOT                            [8/20]
[INFO] -------------------------------[ bundle ]-------------------------------
Downloading from central: https://repo.maven.apache.org/maven2/org/apache/jackrabbit/jackrabbit-jcr-tests/2.7.3/jackrabbit-jcr-tests-2.7.3.pom
Progress (1): 2.5 kB                    Downloaded from central: https://repo.maven.apache.org/maven2/org/apache/jackrabbit/jackrabbit-jcr-tests/2.7.3/jackrabbit-jcr-tests-2.7.3.pom (2.5 kB at 17 kB/s)
Downloading from central: https://repo.maven.apache.org/maven2/org/apache/jackrabbit/jackrabbit-core/2.7.3/jackrabbit-core-2.7.3.pom
Progress (1): 4.1/23 kBProgress (1): 8.2/23 kBProgress (1): 12/23 kB Progress (1): 16/23 kBProgress (1): 20/23 kBProgress (1): 23 kB                      Downloaded from central: https://repo.maven.apache.org/maven2/org/apache/jackrabbit/jackrabbit-core/2.7.3/jackrabbit-core-2.7.3.pom (23 kB at 131 kB/s)
Downloading from central: https://repo.maven.apache.org/maven2/org/apache/jackrabbit/jackrabbit-spi-commons/2.7.3/jackrabbit-spi-commons-2.7.3.pom
Progress (1): 4.1/6.7 kBProgress (1): 6.7 kB                        Downloaded from central: https://repo.maven.apache.org/maven2/org/apache/jackrabbit/jackrabbit-spi-commons/2.7.3/jackrabbit-spi-commons-2.7.3.pom (6.7 kB at 22 kB/s)
Downloading from central: https://repo.maven.apache.org/maven2/org/apache/jackrabbit/jackrabbit-spi/2.7.3/jackrabbit-spi-2.7.3.pom
Progress (1): 3.0 kB                    Downloaded from central: https://repo.maven.apache.org/maven2/org/apache/jackrabbit/jackrabbit-spi/2.7.3/jackrabbit-spi-2.7.3.pom (3.0 kB at 21 kB/s)
Downloading from central: https://repo.maven.apache.org/maven2/org/apache/jackrabbit/jackrabbit-jcr-server/2.7.3/jackrabbit-jcr-server-2.7.3.pom
Progress (1): 4.1/8.2 kBProgress (1): 8.2/8.2 kBProgress (1): 8.2 kB                        Downloaded from central: https://repo.maven.apache.org/maven2/org/apache/jackrabbit/jackrabbit-jcr-server/2.7.3/jackrabbit-jcr-server-2.7.3.pom (8.2 kB at 57 kB/s)
Downloading from central: https://repo.maven.apache.org/maven2/org/apache/jackrabbit/jackrabbit-webdav/2.7.3/jackrabbit-webdav-2.7.3.pom
Progress (1): 4.1/4.9 kBProgress (1): 4.9 kB                        Downloaded from central: https://repo.maven.apache.org/maven2/org/apache/jackrabbit/jackrabbit-webdav/2.7.3/jackrabbit-webdav-2.7.3.pom (4.9 kB at 34 kB/s)
Downloading from central: https://repo.maven.apache.org/maven2/org/apache/jackrabbit/jackrabbit-jcr-tests/2.7.3/jackrabbit-jcr-tests-2.7.3.jar
Downloading from central: https://repo.maven.apache.org/maven2/org/apache/jackrabbit/jackrabbit-core/2.7.3/jackrabbit-core-2.7.3-tests.jar
Downloading from central: https://repo.maven.apache.org/maven2/org/apache/jackrabbit/jackrabbit-spi/2.7.3/jackrabbit-spi-2.7.3.jar
Downloading from central: https://repo.maven.apache.org/maven2/org/apache/jackrabbit/jackrabbit-spi-commons/2.7.3/jackrabbit-spi-commons-2.7.3.jar
Downloading from central: https://repo.maven.apache.org/maven2/org/apache/jackrabbit/jackrabbit-core/2.7.3/jackrabbit-core-2.7.3.jar
Progress (1): 1.4/785 kBProgress (1): 2.7/785 kBProgress (2): 2.7/785 kB | 1.4/28 kBProgress (2): 4.1/785 kB | 1.4/28 kBProgress (2): 4.1/785 kB | 2.7/28 kBProgress (2): 5.5/785 kB | 2.7/28 kBProgress (2): 5.5/785 kB | 4.1/28 kBProgress (2): 6.9/785 kB | 4.1/28 kBProgress (2): 6.9/785 kB | 5.5/28 kBProgress (2): 8.2/785 kB | 5.5/28 kBProgress (2): 8.2/785 kB | 6.9/28 kBProgress (2): 9.6/785 kB | 6.9/28 kBProgress (2): 9.6/785 kB | 8.2/28 kBProgress (2): 11/785 kB | 8.2/28 kB Progress (2): 11/785 kB | 9.6/28 kBProgress (2): 12/785 kB | 9.6/28 kBProgress (2): 12/785 kB | 11/28 kB Progress (2): 14/785 kB | 11/28 kBProgress (2): 14/785 kB | 12/28 kBProgress (2): 15/785 kB | 12/28 kBProgress (2): 15/785 kB | 14/28 kBProgress (2): 16/785 kB | 14/28 kBProgress (2): 16/785 kB | 15/28 kBProgress (2): 17/785 kB | 15/28 kBProgress (2): 17/785 kB | 16/28 kBProgress (2): 19/785 kB | 16/28 kBProgress (2): 19/785 kB | 17/28 kBProgress (2): 20/785 kB | 17/28 kBProgress (2): 20/785 kB | 19/28 kBProgress (2): 21/785 kB | 19/28 kBProgress (2): 21/785 kB | 20/28 kBProgress (2): 23/785 kB | 20/28 kBProgress (2): 23/785 kB | 21/28 kBProgress (2): 24/785 kB | 21/28 kBProgress (2): 24/785 kB | 23/28 kBProgress (2): 25/785 kB | 23/28 kBProgress (2): 27/785 kB | 23/28 kBProgress (2): 27/785 kB | 24/28 kBProgress (2): 28/785 kB | 24/28 kBProgress (2): 30/785 kB | 24/28 kBProgress (2): 30/785 kB | 25/28 kBProgress (2): 31/785 kB | 25/28 kBProgress (2): 31/785 kB | 27/28 kBProgress (2): 32/785 kB | 27/28 kBProgress (3): 32/785 kB | 27/28 kB | 0/2.5 MBProgress (3): 32/785 kB | 28 kB | 0/2.5 MB   Progress (3): 34/785 kB | 28 kB | 0/2.5 MBProgress (3): 34/785 kB | 28 kB | 0/2.5 MBProgress (3): 35/785 kB | 28 kB | 0/2.5 MBProgress (3): 35/785 kB | 28 kB | 0/2.5 MBProgress (3): 36/785 kB | 28 kB | 0/2.5 MBProgress (3): 38/785 kB | 28 kB | 0/2.5 MBProgress (3): 38/785 kB | 28 kB | 0/2.5 MBProgress (3): 39/785 kB | 28 kB | 0/2.5 MBProgress (3): 39/785 kB | 28 kB | 0/2.5 MBProgress (3): 40/785 kB | 28 kB | 0/2.5 MBProgress (3): 40/785 kB | 28 kB | 0/2.5 MBProgress (3): 42/785 kB | 28 kB | 0/2.5 MBProgress (3): 42/785 kB | 28 kB | 0/2.5 MBProgress (3): 43/785 kB | 28 kB | 0/2.5 MBProgress (3): 45/785 kB | 28 kB | 0/2.5 MBProgress (3): 45/785 kB | 28 kB | 0/2.5 MBProgress (3): 46/785 kB | 28 kB | 0/2.5 MBProgress (3): 46/785 kB | 28 kB | 0/2.5 MBProgress (3): 47/785 kB | 28 kB | 0/2.5 MBProgress (3): 47/785 kB | 28 kB | 0/2.5 MBProgress (3): 49/785 kB | 28 kB | 0/2.5 MBProgress (3): 49/785 kB | 28 kB | 0/2.5 MBProgress (3): 49/785 kB | 28 kB | 0/2.5 MBProgress (3): 49/785 kB | 28 kB | 0/2.5 MBProgress (3): 53/785 kB | 28 kB | 0/2.5 MBProgress (3): 53/785 kB | 28 kB | 0/2.5 MBProgress (3): 57/785 kB | 28 kB | 0/2.5 MBProgress (3): 57/785 kB | 28 kB | 0/2.5 MBProgress (3): 61/785 kB | 28 kB | 0/2.5 MBProgress (3): 61/785 kB | 28 kB | 0/2.5 MBProgress (3): 65/785 kB | 28 kB | 0/2.5 MBProgress (3): 65/785 kB | 28 kB | 0/2.5 MBProgress (3): 65/785 kB | 28 kB | 0/2.5 MBProgress (3): 65/785 kB | 28 kB | 0/2.5 MBProgress (3): 69/785 kB | 28 kB | 0/2.5 MBProgress (3): 69/785 kB | 28 kB | 0/2.5 MBProgress (3): 73/785 kB | 28 kB | 0/2.5 MBProgress (3): 73/785 kB | 28 kB | 0/2.5 MBProgress (3): 77/785 kB | 28 kB | 0/2.5 MBProgress (3): 77/785 kB | 28 kB | 0/2.5 MBProgress (3): 81/785 kB | 28 kB | 0/2.5 MBProgress (3): 81/785 kB | 28 kB | 0/2.5 MBProgress (3): 81/785 kB | 28 kB | 0/2.5 MBProgress (3): 85/785 kB | 28 kB | 0/2.5 MBProgress (3): 85/785 kB | 28 kB | 0/2.5 MBProgress (3): 90/785 kB | 28 kB | 0/2.5 MBProgress (3): 90/785 kB | 28 kB | 0/2.5 MBProgress (3): 94/785 kB | 28 kB | 0/2.5 MBProgress (3): 94/785 kB | 28 kB | 0/2.5 MBProgress (3): 98/785 kB | 28 kB | 0/2.5 MBProgress (3): 98/785 kB | 28 kB | 0/2.5 MBProgress (3): 98/785 kB | 28 kB | 0/2.5 MBProgress (3): 98/785 kB | 28 kB | 0/2.5 MBProgress (3): 102/785 kB | 28 kB | 0/2.5 MBProgress (3): 106/785 kB | 28 kB | 0/2.5 MBProgress (3): 110/785 kB | 28 kB | 0/2.5 MBProgress (3): 110/785 kB | 28 kB | 0/2.5 MBProgress (3): 114/785 kB | 28 kB | 0/2.5 MBProgress (3): 114/785 kB | 28 kB | 0/2.5 MBProgress (3): 114/785 kB | 28 kB | 0/2.5 MBProgress (3): 114/785 kB | 28 kB | 0/2.5 MBProgress (3): 118/785 kB | 28 kB | 0/2.5 MBProgress (3): 118/785 kB | 28 kB | 0/2.5 MBProgress (3): 122/785 kB | 28 kB | 0/2.5 MBProgress (3): 122/785 kB | 28 kB | 0/2.5 MBProgress (3): 126/785 kB | 28 kB | 0/2.5 MBProgress (3): 131/785 kB | 28 kB | 0/2.5 MBProgress (3): 131/785 kB | 28 kB | 0.1/2.5 MBProgress (3): 131/785 kB | 28 kB | 0.1/2.5 MBProgress (3): 135/785 kB | 28 kB | 0.1/2.5 MBProgress (3): 135/785 kB | 28 kB | 0.1/2.5 MBProgress (3): 139/785 kB | 28 kB | 0.1/2.5 MBProgress (3): 139/785 kB | 28 kB | 0.1/2.5 MBProgress (3): 143/785 kB | 28 kB | 0.1/2.5 MBProgress (3): 147/785 kB | 28 kB | 0.1/2.5 MBProgress (3): 147/785 kB | 28 kB | 0.1/2.5 MBProgress (3): 147/785 kB | 28 kB | 0.1/2.5 MBProgress (3): 151/785 kB | 28 kB | 0.1/2.5 MBProgress (3): 151/785 kB | 28 kB | 0.1/2.5 MBProgress (3): 155/785 kB | 28 kB | 0.1/2.5 MBProgress (3): 155/785 kB | 28 kB | 0.1/2.5 MBProgress (3): 159/785 kB | 28 kB | 0.1/2.5 MBProgress (3): 163/785 kB | 28 kB | 0.1/2.5 MBProgress (3): 163/785 kB | 28 kB | 0.1/2.5 MBProgress (3): 163/785 kB | 28 kB | 0.1/2.5 MBProgress (3): 167/785 kB | 28 kB | 0.1/2.5 MBProgress (3): 167/785 kB | 28 kB | 0.1/2.5 MBProgress (3): 171/785 kB | 28 kB | 0.1/2.5 MBProgress (3): 171/785 kB | 28 kB | 0.1/2.5 MBProgress (3): 176/785 kB | 28 kB | 0.1/2.5 MBProgress (3): 180/785 kB | 28 kB | 0.1/2.5 MBProgress (3): 180/785 kB | 28 kB | 0.1/2.5 MBProgress (3): 180/785 kB | 28 kB | 0.1/2.5 MBProgress (3): 184/785 kB | 28 kB | 0.1/2.5 MBProgress (3): 184/785 kB | 28 kB | 0.1/2.5 MBProgress (3): 188/785 kB | 28 kB | 0.1/2.5 MBProgress (3): 188/785 kB | 28 kB | 0.1/2.5 MBProgress (3): 192/785 kB | 28 kB | 0.1/2.5 MBProgress (3): 196/785 kB | 28 kB | 0.1/2.5 MBProgress (3): 196/785 kB | 28 kB | 0.1/2.5 MBProgress (3): 196/785 kB | 28 kB | 0.1/2.5 MBProgress (3): 200/785 kB | 28 kB | 0.1/2.5 MBProgress (3): 200/785 kB | 28 kB | 0.1/2.5 MBProgress (3): 204/785 kB | 28 kB | 0.1/2.5 MBProgress (3): 204/785 kB | 28 kB | 0.1/2.5 MBProgress (3): 208/785 kB | 28 kB | 0.1/2.5 MBProgress (3): 212/785 kB | 28 kB | 0.1/2.5 MBProgress (3): 212/785 kB | 28 kB | 0.1/2.5 MBProgress (3): 212/785 kB | 28 kB | 0.1/2.5 MBProgress (3): 217/785 kB | 28 kB | 0.1/2.5 MBProgress (3): 217/785 kB | 28 kB | 0.1/2.5 MBProgress (3): 221/785 kB | 28 kB | 0.1/2.5 MBProgress (3): 221/785 kB | 28 kB | 0.1/2.5 MBProgress (3): 225/785 kB | 28 kB | 0.1/2.5 MBProgress (3): 229/785 kB | 28 kB | 0.1/2.5 MBProgress (3): 229/785 kB | 28 kB | 0.2/2.5 MBProgress (3): 229/785 kB | 28 kB | 0.2/2.5 MBProgress (3): 229/785 kB | 28 kB | 0.2/2.5 MBProgress (3): 233/785 kB | 28 kB | 0.2/2.5 MBProgress (3): 233/785 kB | 28 kB | 0.2/2.5 MBProgress (3): 237/785 kB | 28 kB | 0.2/2.5 MBProgress (3): 241/785 kB | 28 kB | 0.2/2.5 MBProgress (3): 245/785 kB | 28 kB | 0.2/2.5 MBProgress (3): 245/785 kB | 28 kB | 0.2/2.5 MBProgress (3): 245/785 kB | 28 kB | 0.2/2.5 MBProgress (3): 245/785 kB | 28 kB | 0.2/2.5 MBProgress (3): 249/785 kB | 28 kB | 0.2/2.5 MBProgress (3): 249/785 kB | 28 kB | 0.2/2.5 MBProgress (3): 253/785 kB | 28 kB | 0.2/2.5 MBProgress (3): 258/785 kB | 28 kB | 0.2/2.5 MBProgress (3): 262/785 kB | 28 kB | 0.2/2.5 MBProgress (3): 262/785 kB | 28 kB | 0.2/2.5 MBProgress (3): 262/785 kB | 28 kB | 0.2/2.5 MBProgress (3): 262/785 kB | 28 kB | 0.2/2.5 MBProgress (3): 266/785 kB | 28 kB | 0.2/2.5 MBProgress (3): 266/785 kB | 28 kB | 0.2/2.5 MBProgress (3): 270/785 kB | 28 kB | 0.2/2.5 MBProgress (3): 274/785 kB | 28 kB | 0.2/2.5 MBProgress (3): 278/785 kB | 28 kB | 0.2/2.5 MBProgress (3): 278/785 kB | 28 kB | 0.2/2.5 MBProgress (3): 278/785 kB | 28 kB | 0.2/2.5 MBProgress (3): 278/785 kB | 28 kB | 0.2/2.5 MBProgress (3): 282/785 kB | 28 kB | 0.2/2.5 MBProgress (3): 282/785 kB | 28 kB | 0.2/2.5 MBProgress (3): 286/785 kB | 28 kB | 0.2/2.5 MBProgress (3): 290/785 kB | 28 kB | 0.2/2.5 MBProgress (3): 294/785 kB | 28 kB | 0.2/2.5 MBProgress (3): 294/785 kB | 28 kB | 0.2/2.5 MBProgress (3): 294/785 kB | 28 kB | 0.2/2.5 MBProgress (3): 294/785 kB | 28 kB | 0.2/2.5 MBProgress (3): 298/785 kB | 28 kB | 0.2/2.5 MBProgress (3): 298/785 kB | 28 kB | 0.2/2.5 MBProgress (3): 303/785 kB | 28 kB | 0.2/2.5 MBProgress (3): 307/785 kB | 28 kB | 0.2/2.5 MBProgress (3): 311/785 kB | 28 kB | 0.2/2.5 MBProgress (3): 311/785 kB | 28 kB | 0.2/2.5 MBProgress (3): 311/785 kB | 28 kB | 0.2/2.5 MBProgress (3): 311/785 kB | 28 kB | 0.2/2.5 MBProgress (3): 315/785 kB | 28 kB | 0.2/2.5 MBProgress (3): 315/785 kB | 28 kB | 0.2/2.5 MBProgress (3): 319/785 kB | 28 kB | 0.2/2.5 MBProgress (3): 323/785 kB | 28 kB | 0.2/2.5 MBProgress (3): 327/785 kB | 28 kB | 0.2/2.5 MBProgress (3): 327/785 kB | 28 kB | 0.2/2.5 MBProgress (3): 327/785 kB | 28 kB | 0.3/2.5 MBProgress (3): 327/785 kB | 28 kB | 0.3/2.5 MBProgress (3): 331/785 kB | 28 kB | 0.3/2.5 MBProgress (3): 331/785 kB | 28 kB | 0.3/2.5 MBProgress (3): 335/785 kB | 28 kB | 0.3/2.5 MBProgress (3): 339/785 kB | 28 kB | 0.3/2.5 MBProgress (3): 343/785 kB | 28 kB | 0.3/2.5 MBProgress (3): 343/785 kB | 28 kB | 0.3/2.5 MBProgress (3): 343/785 kB | 28 kB | 0.3/2.5 MBProgress (3): 343/785 kB | 28 kB | 0.3/2.5 MBProgress (3): 348/785 kB | 28 kB | 0.3/2.5 MBProgress (3): 348/785 kB | 28 kB | 0.3/2.5 MBProgress (3): 352/785 kB | 28 kB | 0.3/2.5 MBProgress (3): 356/785 kB | 28 kB | 0.3/2.5 MBProgress (3): 360/785 kB | 28 kB | 0.3/2.5 MBProgress (3): 360/785 kB | 28 kB | 0.3/2.5 MBProgress (3): 360/785 kB | 28 kB | 0.3/2.5 MBProgress (3): 360/785 kB | 28 kB | 0.3/2.5 MBProgress (3): 360/785 kB | 28 kB | 0.3/2.5 MBProgress (3): 364/785 kB | 28 kB | 0.3/2.5 MBProgress (3): 368/785 kB | 28 kB | 0.3/2.5 MBProgress (3): 372/785 kB | 28 kB | 0.3/2.5 MBProgress (3): 376/785 kB | 28 kB | 0.3/2.5 MBProgress (3): 376/785 kB | 28 kB | 0.3/2.5 MBProgress (3): 376/785 kB | 28 kB | 0.3/2.5 MBProgress (3): 376/785 kB | 28 kB | 0.3/2.5 MBProgress (3): 376/785 kB | 28 kB | 0.3/2.5 MBProgress (3): 380/785 kB | 28 kB | 0.3/2.5 MBProgress (3): 384/785 kB | 28 kB | 0.3/2.5 MBProgress (3): 389/785 kB | 28 kB | 0.3/2.5 MBProgress (3): 393/785 kB | 28 kB | 0.3/2.5 MBProgress (3): 393/785 kB | 28 kB | 0.3/2.5 MBProgress (3): 393/785 kB | 28 kB | 0.3/2.5 MBProgress (3): 393/785 kB | 28 kB | 0.3/2.5 MBProgress (3): 393/785 kB | 28 kB | 0.3/2.5 MBProgress (3): 397/785 kB | 28 kB | 0.3/2.5 MBProgress (3): 401/785 kB | 28 kB | 0.3/2.5 MBProgress (3): 405/785 kB | 28 kB | 0.3/2.5 MBProgress (3): 409/785 kB | 28 kB | 0.3/2.5 MBProgress (3): 409/785 kB | 28 kB | 0.3/2.5 MBProgress (3): 409/785 kB | 28 kB | 0.3/2.5 MBProgress (3): 409/785 kB | 28 kB | 0.3/2.5 MBProgress (3): 409/785 kB | 28 kB | 0.3/2.5 MBProgress (3): 413/785 kB | 28 kB | 0.3/2.5 MBProgress (3): 417/785 kB | 28 kB | 0.3/2.5 MBProgress (3): 421/785 kB | 28 kB | 0.3/2.5 MBProgress (3): 425/785 kB | 28 kB | 0.3/2.5 MBProgress (3): 425/785 kB | 28 kB | 0.3/2.5 MBProgress (3): 425/785 kB | 28 kB | 0.4/2.5 MBProgress (3): 425/785 kB | 28 kB | 0.4/2.5 MBProgress (3): 425/785 kB | 28 kB | 0.4/2.5 MBProgress (3): 429/785 kB | 28 kB | 0.4/2.5 MBProgress (3): 434/785 kB | 28 kB | 0.4/2.5 MBProgress (3): 438/785 kB | 28 kB | 0.4/2.5 MBProgress (3): 442/785 kB | 28 kB | 0.4/2.5 MBProgress (3): 442/785 kB | 28 kB | 0.4/2.5 MBProgress (3): 442/785 kB | 28 kB | 0.4/2.5 MBProgress (3): 442/785 kB | 28 kB | 0.4/2.5 MBProgress (3): 442/785 kB | 28 kB | 0.4/2.5 MBProgress (3): 446/785 kB | 28 kB | 0.4/2.5 MBProgress (3): 450/785 kB | 28 kB | 0.4/2.5 MBProgress (3): 454/785 kB | 28 kB | 0.4/2.5 MBProgress (3): 458/785 kB | 28 kB | 0.4/2.5 MBProgress (3): 458/785 kB | 28 kB | 0.4/2.5 MBProgress (3): 458/785 kB | 28 kB | 0.4/2.5 MBProgress (3): 458/785 kB | 28 kB | 0.4/2.5 MBProgress (3): 462/785 kB | 28 kB | 0.4/2.5 MBProgress (3): 462/785 kB | 28 kB | 0.4/2.5 MBProgress (3): 466/785 kB | 28 kB | 0.4/2.5 MBProgress (3): 470/785 kB | 28 kB | 0.4/2.5 MBProgress (3): 475/785 kB | 28 kB | 0.4/2.5 MBProgress (3): 475/785 kB | 28 kB | 0.4/2.5 MBProgress (3): 479/785 kB | 28 kB | 0.4/2.5 MBProgress (3): 479/785 kB | 28 kB | 0.4/2.5 MBProgress (3): 483/785 kB | 28 kB | 0.4/2.5 MBProgress (3): 483/785 kB | 28 kB | 0.4/2.5 MBProgress (3): 487/785 kB | 28 kB | 0.4/2.5 MBProgress (3): 487/785 kB | 28 kB | 0.4/2.5 MBProgress (3): 491/785 kB | 28 kB | 0.4/2.5 MBProgress (3): 491/785 kB | 28 kB | 0.4/2.5 MBProgress (3): 495/785 kB | 28 kB | 0.4/2.5 MBProgress (3): 495/785 kB | 28 kB | 0.4/2.5 MBProgress (3): 499/785 kB | 28 kB | 0.4/2.5 MBProgress (3): 499/785 kB | 28 kB | 0.4/2.5 MBProgress (3): 503/785 kB | 28 kB | 0.4/2.5 MBProgress (3): 503/785 kB | 28 kB | 0.4/2.5 MBProgress (3): 507/785 kB | 28 kB | 0.4/2.5 MBProgress (3): 507/785 kB | 28 kB | 0.4/2.5 MBProgress (3): 511/785 kB | 28 kB | 0.4/2.5 MBProgress (3): 511/785 kB | 28 kB | 0.4/2.5 MBProgress (3): 515/785 kB | 28 kB | 0.4/2.5 MBProgress (3): 515/785 kB | 28 kB | 0.4/2.5 MBProgress (3): 520/785 kB | 28 kB | 0.4/2.5 MBProgress (3): 520/785 kB | 28 kB | 0.4/2.5 MBProgress (3): 524/785 kB | 28 kB | 0.4/2.5 MBProgress (3): 524/785 kB | 28 kB | 0.4/2.5 MBProgress (3): 528/785 kB | 28 kB | 0.4/2.5 MBProgress (3): 528/785 kB | 28 kB | 0.4/2.5 MBProgress (3): 532/785 kB | 28 kB | 0.4/2.5 MBProgress (3): 532/785 kB | 28 kB | 0.5/2.5 MBProgress (3): 536/785 kB | 28 kB | 0.5/2.5 MBProgress (3): 536/785 kB | 28 kB | 0.5/2.5 MBProgress (3): 540/785 kB | 28 kB | 0.5/2.5 MBProgress (3): 540/785 kB | 28 kB | 0.5/2.5 MBProgress (3): 544/785 kB | 28 kB | 0.5/2.5 MBProgress (3): 544/785 kB | 28 kB | 0.5/2.5 MBProgress (3): 548/785 kB | 28 kB | 0.5/2.5 MBProgress (3): 548/785 kB | 28 kB | 0.5/2.5 MBProgress (3): 552/785 kB | 28 kB | 0.5/2.5 MBProgress (3): 552/785 kB | 28 kB | 0.5/2.5 MBProgress (3): 556/785 kB | 28 kB | 0.5/2.5 MBProgress (3): 556/785 kB | 28 kB | 0.5/2.5 MBProgress (3): 556/785 kB | 28 kB | 0.5/2.5 MBProgress (3): 561/785 kB | 28 kB | 0.5/2.5 MBProgress (3): 561/785 kB | 28 kB | 0.5/2.5 MBProgress (3): 565/785 kB | 28 kB | 0.5/2.5 MBProgress (3): 565/785 kB | 28 kB | 0.5/2.5 MBProgress (3): 569/785 kB | 28 kB | 0.5/2.5 MBProgress (3): 573/785 kB | 28 kB | 0.5/2.5 MBProgress (3): 573/785 kB | 28 kB | 0.5/2.5 MBProgress (3): 573/785 kB | 28 kB | 0.5/2.5 MBProgress (3): 573/785 kB | 28 kB | 0.5/2.5 MBProgress (3): 573/785 kB | 28 kB | 0.5/2.5 MBProgress (3): 577/785 kB | 28 kB | 0.5/2.5 MBProgress (3): 581/785 kB | 28 kB | 0.5/2.5 MBProgress (3): 581/785 kB | 28 kB | 0.5/2.5 MBProgress (3): 585/785 kB | 28 kB | 0.5/2.5 MBProgress (3): 585/785 kB | 28 kB | 0.5/2.5 MBProgress (3): 589/785 kB | 28 kB | 0.5/2.5 MBProgress (3): 589/785 kB | 28 kB | 0.5/2.5 MBProgress (3): 589/785 kB | 28 kB | 0.5/2.5 MBProgress (3): 589/785 kB | 28 kB | 0.5/2.5 MBProgress (3): 593/785 kB | 28 kB | 0.5/2.5 MBProgress (3): 593/785 kB | 28 kB | 0.5/2.5 MBProgress (3): 597/785 kB | 28 kB | 0.5/2.5 MBProgress (3): 597/785 kB | 28 kB | 0.5/2.5 MBProgress (3): 602/785 kB | 28 kB | 0.5/2.5 MBProgress (3): 602/785 kB | 28 kB | 0.5/2.5 MBProgress (3): 606/785 kB | 28 kB | 0.5/2.5 MBProgress (3): 606/785 kB | 28 kB | 0.5/2.5 MBProgress (3): 606/785 kB | 28 kB | 0.5/2.5 MBProgress (3): 606/785 kB | 28 kB | 0.6/2.5 MBProgress (3): 610/785 kB | 28 kB | 0.6/2.5 MBProgress (3): 610/785 kB | 28 kB | 0.6/2.5 MBProgress (3): 614/785 kB | 28 kB | 0.6/2.5 MBProgress (3): 618/785 kB | 28 kB | 0.6/2.5 MBProgress (3): 622/785 kB | 28 kB | 0.6/2.5 MBProgress (3): 622/785 kB | 28 kB | 0.6/2.5 MBProgress (3): 622/785 kB | 28 kB | 0.6/2.5 MBProgress (3): 622/785 kB | 28 kB | 0.6/2.5 MBProgress (3): 622/785 kB | 28 kB | 0.6/2.5 MBProgress (3): 626/785 kB | 28 kB | 0.6/2.5 MBProgress (3): 626/785 kB | 28 kB | 0.6/2.5 MBProgress (3): 630/785 kB | 28 kB | 0.6/2.5 MBProgress (3): 630/785 kB | 28 kB | 0.6/2.5 MBProgress (3): 634/785 kB | 28 kB | 0.6/2.5 MBProgress (3): 634/785 kB | 28 kB | 0.6/2.5 MBProgress (3): 638/785 kB | 28 kB | 0.6/2.5 MBProgress (3): 638/785 kB | 28 kB | 0.6/2.5 MBProgress (3): 638/785 kB | 28 kB | 0.6/2.5 MBProgress (3): 638/785 kB | 28 kB | 0.6/2.5 MBProgress (3): 638/785 kB | 28 kB | 0.6/2.5 MBProgress (3): 642/785 kB | 28 kB | 0.6/2.5 MBProgress (3): 642/785 kB | 28 kB | 0.6/2.5 MBProgress (3): 647/785 kB | 28 kB | 0.6/2.5 MBProgress (3): 651/785 kB | 28 kB | 0.6/2.5 MBProgress (3): 655/785 kB | 28 kB | 0.6/2.5 MBProgress (3): 655/785 kB | 28 kB | 0.6/2.5 MBProgress (3): 655/785 kB | 28 kB | 0.6/2.5 MBProgress (3): 655/785 kB | 28 kB | 0.6/2.5 MBProgress (3): 655/785 kB | 28 kB | 0.6/2.5 MBProgress (3): 659/785 kB | 28 kB | 0.6/2.5 MBProgress (3): 659/785 kB | 28 kB | 0.6/2.5 MBProgress (3): 663/785 kB | 28 kB | 0.6/2.5 MBProgress (3): 663/785 kB | 28 kB | 0.6/2.5 MBProgress (3): 667/785 kB | 28 kB | 0.6/2.5 MBProgress (3): 667/785 kB | 28 kB | 0.6/2.5 MBProgress (3): 671/785 kB | 28 kB | 0.6/2.5 MBProgress (3): 671/785 kB | 28 kB | 0.6/2.5 MBProgress (3): 671/785 kB | 28 kB | 0.6/2.5 MBProgress (3): 675/785 kB | 28 kB | 0.6/2.5 MBProgress (3): 675/785 kB | 28 kB | 0.6/2.5 MBProgress (3): 679/785 kB | 28 kB | 0.6/2.5 MBProgress (3): 679/785 kB | 28 kB | 0.7/2.5 MBProgress (3): 683/785 kB | 28 kB | 0.7/2.5 MBProgress (3): 683/785 kB | 28 kB | 0.7/2.5 MBProgress (3): 688/785 kB | 28 kB | 0.7/2.5 MBProgress (3): 688/785 kB | 28 kB | 0.7/2.5 MBProgress (3): 692/785 kB | 28 kB | 0.7/2.5 MBProgress (3): 692/785 kB | 28 kB | 0.7/2.5 MBProgress (3): 696/785 kB | 28 kB | 0.7/2.5 MBProgress (3): 696/785 kB | 28 kB | 0.7/2.5 MBProgress (3): 700/785 kB | 28 kB | 0.7/2.5 MBProgress (3): 700/785 kB | 28 kB | 0.7/2.5 MBProgress (3): 704/785 kB | 28 kB | 0.7/2.5 MBProgress (3): 704/785 kB | 28 kB | 0.7/2.5 MBProgress (3): 708/785 kB | 28 kB | 0.7/2.5 MBProgress (3): 708/785 kB | 28 kB | 0.7/2.5 MBProgress (3): 712/785 kB | 28 kB | 0.7/2.5 MBProgress (3): 712/785 kB | 28 kB | 0.7/2.5 MBProgress (3): 716/785 kB | 28 kB | 0.7/2.5 MBProgress (3): 716/785 kB | 28 kB | 0.7/2.5 MBProgress (3): 720/785 kB | 28 kB | 0.7/2.5 MBProgress (3): 720/785 kB | 28 kB | 0.7/2.5 MBProgress (3): 724/785 kB | 28 kB | 0.7/2.5 MBProgress (3): 724/785 kB | 28 kB | 0.7/2.5 MBProgress (3): 728/785 kB | 28 kB | 0.7/2.5 MBProgress (3): 728/785 kB | 28 kB | 0.7/2.5 MBProgress (3): 733/785 kB | 28 kB | 0.7/2.5 MBProgress (3): 733/785 kB | 28 kB | 0.7/2.5 MBProgress (3): 737/785 kB | 28 kB | 0.7/2.5 MBProgress (3): 737/785 kB | 28 kB | 0.7/2.5 MBProgress (3): 741/785 kB | 28 kB | 0.7/2.5 MBProgress (3): 741/785 kB | 28 kB | 0.7/2.5 MBProgress (3): 745/785 kB | 28 kB | 0.7/2.5 MBProgress (3): 745/785 kB | 28 kB | 0.7/2.5 MBProgress (3): 749/785 kB | 28 kB | 0.7/2.5 MBProgress (3): 749/785 kB | 28 kB | 0.7/2.5 MBProgress (3): 753/785 kB | 28 kB | 0.7/2.5 MBProgress (3): 753/785 kB | 28 kB | 0.7/2.5 MBProgress (3): 757/785 kB | 28 kB | 0.7/2.5 MBProgress (3): 757/785 kB | 28 kB | 0.7/2.5 MBProgress (3): 761/785 kB | 28 kB | 0.7/2.5 MBProgress (3): 761/785 kB | 28 kB | 0.7/2.5 MBProgress (3): 765/785 kB | 28 kB | 0.7/2.5 MBProgress (3): 765/785 kB | 28 kB | 0.7/2.5 MBProgress (3): 769/785 kB | 28 kB | 0.7/2.5 MBProgress (3): 769/785 kB | 28 kB | 0.7/2.5 MBProgress (3): 774/785 kB | 28 kB | 0.7/2.5 MBProgress (3): 774/785 kB | 28 kB | 0.7/2.5 MBProgress (3): 778/785 kB | 28 kB | 0.7/2.5 MBProgress (3): 778/785 kB | 28 kB | 0.7/2.5 MBProgress (3): 782/785 kB | 28 kB | 0.7/2.5 MBProgress (3): 782/785 kB | 28 kB | 0.8/2.5 MBProgress (3): 785 kB | 28 kB | 0.8/2.5 MB    Progress (3): 785 kB | 28 kB | 0.8/2.5 MBProgress (3): 785 kB | 28 kB | 0.8/2.5 MBProgress (3): 785 kB | 28 kB | 0.8/2.5 MBProgress (3): 785 kB | 28 kB | 0.8/2.5 MBProgress (3): 785 kB | 28 kB | 0.8/2.5 MBProgress (3): 785 kB | 28 kB | 0.8/2.5 MBProgress (3): 785 kB | 28 kB | 0.8/2.5 MBProgress (3): 785 kB | 28 kB | 0.8/2.5 MBProgress (3): 785 kB | 28 kB | 0.8/2.5 MBProgress (3): 785 kB | 28 kB | 0.8/2.5 MBProgress (3): 785 kB | 28 kB | 0.8/2.5 MBProgress (3): 785 kB | 28 kB | 0.8/2.5 MBProgress (3): 785 kB | 28 kB | 0.8/2.5 MBProgress (3): 785 kB | 28 kB | 0.8/2.5 MBProgress (3): 785 kB | 28 kB | 0.8/2.5 MBProgress (3): 785 kB | 28 kB | 0.8/2.5 MBProgress (3): 785 kB | 28 kB | 0.8/2.5 MBProgress (3): 785 kB | 28 kB | 0.8/2.5 MBProgress (3): 785 kB | 28 kB | 0.8/2.5 MBProgress (3): 785 kB | 28 kB | 0.8/2.5 MBProgress (3): 785 kB | 28 kB | 0.8/2.5 MBProgress (3): 785 kB | 28 kB | 0.8/2.5 MBProgress (3): 785 kB | 28 kB | 0.8/2.5 MBProgress (3): 785 kB | 28 kB | 0.9/2.5 MBProgress (3): 785 kB | 28 kB | 0.9/2.5 MBProgress (3): 785 kB | 28 kB | 0.9/2.5 MBProgress (3): 785 kB | 28 kB | 0.9/2.5 MBProgress (3): 785 kB | 28 kB | 0.9/2.5 MBProgress (3): 785 kB | 28 kB | 0.9/2.5 MBProgress (3): 785 kB | 28 kB | 0.9/2.5 MBProgress (3): 785 kB | 28 kB | 0.9/2.5 MBProgress (3): 785 kB | 28 kB | 0.9/2.5 MBProgress (3): 785 kB | 28 kB | 0.9/2.5 MB                                         Downloaded from central: https://repo.maven.apache.org/maven2/org/apache/jackrabbit/jackrabbit-spi/2.7.3/jackrabbit-spi-2.7.3.jar (28 kB at 152 kB/s)
Progress (2): 785 kB | 0.9/2.5 MB                                 Downloading from central: https://repo.maven.apache.org/maven2/org/apache/jackrabbit/jackrabbit-jcr-server/2.7.3/jackrabbit-jcr-server-2.7.3.jar
Progress (2): 785 kB | 0.9/2.5 MBProgress (2): 785 kB | 0.9/2.5 MBProgress (2): 785 kB | 0.9/2.5 MBProgress (2): 785 kB | 0.9/2.5 MBProgress (2): 785 kB | 0.9/2.5 MBProgress (2): 785 kB | 0.9/2.5 MBProgress (2): 785 kB | 0.9/2.5 MBProgress (2): 785 kB | 0.9/2.5 MBProgress (2): 785 kB | 0.9/2.5 MBProgress (2): 785 kB | 0.9/2.5 MBProgress (2): 785 kB | 0.9/2.5 MBProgress (2): 785 kB | 0.9/2.5 MBProgress (2): 785 kB | 0.9/2.5 MBProgress (2): 785 kB | 0.9/2.5 MBProgress (2): 785 kB | 1.0/2.5 MBProgress (2): 785 kB | 1.0/2.5 MBProgress (2): 785 kB | 1.0/2.5 MBProgress (2): 785 kB | 1.0/2.5 MBProgress (2): 785 kB | 1.0/2.5 MBProgress (2): 785 kB | 1.0/2.5 MBProgress (2): 785 kB | 1.0/2.5 MBProgress (2): 785 kB | 1.0/2.5 MBProgress (2): 785 kB | 1.0/2.5 MBProgress (2): 785 kB | 1.0/2.5 MBProgress (2): 785 kB | 1.0/2.5 MBProgress (2): 785 kB | 1.0/2.5 MBProgress (2): 785 kB | 1.0/2.5 MBProgress (2): 785 kB | 1.0/2.5 MBProgress (2): 785 kB | 1.0/2.5 MBProgress (2): 785 kB | 1.0/2.5 MBProgress (2): 785 kB | 1.0/2.5 MBProgress (2): 785 kB | 1.0/2.5 MBProgress (2): 785 kB | 1.0/2.5 MBProgress (2): 785 kB | 1.0/2.5 MBProgress (2): 785 kB | 1.0/2.5 MBProgress (2): 785 kB | 1.0/2.5 MBProgress (2): 785 kB | 1.0/2.5 MBProgress (2): 785 kB | 1.0/2.5 MBProgress (2): 785 kB | 1.1/2.5 MBProgress (2): 785 kB | 1.1/2.5 MBProgress (2): 785 kB | 1.1/2.5 MBProgress (2): 785 kB | 1.1/2.5 MBProgress (2): 785 kB | 1.1/2.5 MBProgress (2): 785 kB | 1.1/2.5 MBProgress (2): 785 kB | 1.1/2.5 MBProgress (2): 785 kB | 1.1/2.5 MBProgress (2): 785 kB | 1.1/2.5 MBProgress (2): 785 kB | 1.1/2.5 MBProgress (2): 785 kB | 1.1/2.5 MBProgress (2): 785 kB | 1.1/2.5 MBProgress (2): 785 kB | 1.1/2.5 MBProgress (2): 785 kB | 1.1/2.5 MBProgress (2): 785 kB | 1.1/2.5 MBProgress (2): 785 kB | 1.1/2.5 MBProgress (2): 785 kB | 1.1/2.5 MBProgress (2): 785 kB | 1.1/2.5 MBProgress (2): 785 kB | 1.1/2.5 MBProgress (2): 785 kB | 1.1/2.5 MBProgress (2): 785 kB | 1.1/2.5 MBProgress (2): 785 kB | 1.1/2.5 MBProgress (2): 785 kB | 1.1/2.5 MBProgress (2): 785 kB | 1.1/2.5 MBProgress (2): 785 kB | 1.2/2.5 MBProgress (2): 785 kB | 1.2/2.5 MBProgress (2): 785 kB | 1.2/2.5 MBProgress (2): 785 kB | 1.2/2.5 MBProgress (3): 785 kB | 1.2/2.5 MB | 4.1/851 kBProgress (3): 785 kB | 1.2/2.5 MB | 4.1/851 kBProgress (3): 785 kB | 1.2/2.5 MB | 4.1/851 kBProgress (3): 785 kB | 1.2/2.5 MB | 8.2/851 kBProgress (3): 785 kB | 1.2/2.5 MB | 8.2/851 kBProgress (3): 785 kB | 1.2/2.5 MB | 8.2/851 kBProgress (3): 785 kB | 1.2/2.5 MB | 12/851 kB Progress (3): 785 kB | 1.2/2.5 MB | 16/851 kBProgress (3): 785 kB | 1.2/2.5 MB | 16/851 kBProgress (3): 785 kB | 1.2/2.5 MB | 16/851 kBProgress (3): 785 kB | 1.2/2.5 MB | 16/851 kBProgress (3): 785 kB | 1.2/2.5 MB | 16/851 kBProgress (3): 785 kB | 1.2/2.5 MB | 16/851 kBProgress (3): 785 kB | 1.2/2.5 MB | 20/851 kBProgress (3): 785 kB | 1.2/2.5 MB | 20/851 kBProgress (3): 785 kB | 1.2/2.5 MB | 24/851 kBProgress (3): 785 kB | 1.2/2.5 MB | 24/851 kBProgress (3): 785 kB | 1.2/2.5 MB | 28/851 kBProgress (3): 785 kB | 1.2/2.5 MB | 28/851 kBProgress (3): 785 kB | 1.2/2.5 MB | 32/851 kBProgress (3): 785 kB | 1.2/2.5 MB | 32/851 kBProgress (3): 785 kB | 1.2/2.5 MB | 32/851 kBProgress (3): 785 kB | 1.2/2.5 MB | 32/851 kBProgress (3): 785 kB | 1.2/2.5 MB | 32/851 kBProgress (3): 785 kB | 1.2/2.5 MB | 36/851 kBProgress (3): 785 kB | 1.2/2.5 MB | 36/851 kBProgress (3): 785 kB | 1.2/2.5 MB | 40/851 kBProgress (3): 785 kB | 1.2/2.5 MB | 40/851 kBProgress (3): 785 kB | 1.2/2.5 MB | 45/851 kBProgress (3): 785 kB | 1.2/2.5 MB | 45/851 kBProgress (3): 785 kB | 1.2/2.5 MB | 49/851 kBProgress (3): 785 kB | 1.2/2.5 MB | 49/851 kBProgress (3): 785 kB | 1.2/2.5 MB | 49/851 kBProgress (3): 785 kB | 1.2/2.5 MB | 53/851 kBProgress (3): 785 kB | 1.3/2.5 MB | 53/851 kBProgress (3): 785 kB | 1.3/2.5 MB | 57/851 kBProgress (3): 785 kB | 1.3/2.5 MB | 57/851 kBProgress (3): 785 kB | 1.3/2.5 MB | 61/851 kBProgress (3): 785 kB | 1.3/2.5 MB | 61/851 kBProgress (3): 785 kB | 1.3/2.5 MB | 65/851 kBProgress (3): 785 kB | 1.3/2.5 MB | 65/851 kBProgress (3): 785 kB | 1.3/2.5 MB | 65/851 kBProgress (3): 785 kB | 1.3/2.5 MB | 69/851 kBProgress (3): 785 kB | 1.3/2.5 MB | 69/851 kBProgress (3): 785 kB | 1.3/2.5 MB | 73/851 kBProgress (3): 785 kB | 1.3/2.5 MB | 73/851 kBProgress (3): 785 kB | 1.3/2.5 MB | 77/851 kBProgress (3): 785 kB | 1.3/2.5 MB | 81/851 kBProgress (3): 785 kB | 1.3/2.5 MB | 81/851 kBProgress (3): 785 kB | 1.3/2.5 MB | 81/851 kBProgress (3): 785 kB | 1.3/2.5 MB | 81/851 kBProgress (3): 785 kB | 1.3/2.5 MB | 81/851 kBProgress (3): 785 kB | 1.3/2.5 MB | 85/851 kBProgress (3): 785 kB | 1.3/2.5 MB | 90/851 kBProgress (3): 785 kB | 1.3/2.5 MB | 90/851 kBProgress (3): 785 kB | 1.3/2.5 MB | 94/851 kBProgress (3): 785 kB | 1.3/2.5 MB | 94/851 kBProgress (3): 785 kB | 1.3/2.5 MB | 98/851 kBProgress (3): 785 kB | 1.3/2.5 MB | 98/851 kBProgress (3): 785 kB | 1.3/2.5 MB | 98/851 kBProgress (3): 785 kB | 1.3/2.5 MB | 102/851 kBProgress (3): 785 kB | 1.3/2.5 MB | 102/851 kBProgress (3): 785 kB | 1.3/2.5 MB | 106/851 kBProgress (3): 785 kB | 1.3/2.5 MB | 106/851 kBProgress (3): 785 kB | 1.3/2.5 MB | 110/851 kBProgress (3): 785 kB | 1.3/2.5 MB | 110/851 kBProgress (3): 785 kB | 1.3/2.5 MB | 114/851 kBProgress (3): 785 kB | 1.3/2.5 MB | 114/851 kBProgress (3): 785 kB | 1.3/2.5 MB | 114/851 kBProgress (3): 785 kB | 1.3/2.5 MB | 118/851 kBProgress (3): 785 kB | 1.3/2.5 MB | 118/851 kBProgress (3): 785 kB | 1.3/2.5 MB | 122/851 kBProgress (3): 785 kB | 1.3/2.5 MB | 122/851 kBProgress (3): 785 kB | 1.3/2.5 MB | 126/851 kBProgress (3): 785 kB | 1.3/2.5 MB | 126/851 kBProgress (3): 785 kB | 1.3/2.5 MB | 131/851 kBProgress (3): 785 kB | 1.3/2.5 MB | 131/851 kBProgress (3): 785 kB | 1.4/2.5 MB | 131/851 kBProgress (3): 785 kB | 1.4/2.5 MB | 131/851 kBProgress (3): 785 kB | 1.4/2.5 MB | 135/851 kBProgress (3): 785 kB | 1.4/2.5 MB | 135/851 kBProgress (3): 785 kB | 1.4/2.5 MB | 139/851 kBProgress (3): 785 kB | 1.4/2.5 MB | 143/851 kBProgress (3): 785 kB | 1.4/2.5 MB | 143/851 kBProgress (3): 785 kB | 1.4/2.5 MB | 147/851 kBProgress (3): 785 kB | 1.4/2.5 MB | 147/851 kBProgress (3): 785 kB | 1.4/2.5 MB | 147/851 kBProgress (3): 785 kB | 1.4/2.5 MB | 147/851 kBProgress (3): 785 kB | 1.4/2.5 MB | 151/851 kBProgress (3): 785 kB | 1.4/2.5 MB | 155/851 kBProgress (3): 785 kB | 1.4/2.5 MB | 155/851 kBProgress (3): 785 kB | 1.4/2.5 MB | 159/851 kBProgress (3): 785 kB | 1.4/2.5 MB | 159/851 kBProgress (3): 785 kB | 1.4/2.5 MB | 163/851 kBProgress (3): 785 kB | 1.4/2.5 MB | 163/851 kBProgress (3): 785 kB | 1.4/2.5 MB | 163/851 kBProgress (3): 785 kB | 1.4/2.5 MB | 167/851 kBProgress (3): 785 kB | 1.4/2.5 MB | 167/851 kBProgress (3): 785 kB | 1.4/2.5 MB | 171/851 kBProgress (3): 785 kB | 1.4/2.5 MB | 171/851 kBProgress (3): 785 kB | 1.4/2.5 MB | 176/851 kBProgress (3): 785 kB | 1.4/2.5 MB | 176/851 kBProgress (3): 785 kB | 1.4/2.5 MB | 180/851 kBProgress (3): 785 kB | 1.4/2.5 MB | 180/851 kBProgress (3): 785 kB | 1.4/2.5 MB | 184/851 kBProgress (3): 785 kB | 1.4/2.5 MB | 184/851 kBProgress (3): 785 kB | 1.4/2.5 MB | 188/851 kBProgress (3): 785 kB | 1.4/2.5 MB | 188/851 kBProgress (3): 785 kB | 1.4/2.5 MB | 192/851 kBProgress (3): 785 kB | 1.4/2.5 MB | 192/851 kBProgress (3): 785 kB | 1.4/2.5 MB | 196/851 kBProgress (3): 785 kB | 1.4/2.5 MB | 196/851 kBProgress (3): 785 kB | 1.4/2.5 MB | 196/851 kBProgress (3): 785 kB | 1.4/2.5 MB | 200/851 kBProgress (3): 785 kB | 1.4/2.5 MB | 200/851 kBProgress (3): 785 kB | 1.4/2.5 MB | 204/851 kBProgress (3): 785 kB | 1.4/2.5 MB | 204/851 kBProgress (3): 785 kB | 1.4/2.5 MB | 208/851 kBProgress (3): 785 kB | 1.4/2.5 MB | 208/851 kBProgress (3): 785 kB | 1.4/2.5 MB | 212/851 kBProgress (3): 785 kB | 1.4/2.5 MB | 212/851 kBProgress (3): 785 kB | 1.4/2.5 MB | 212/851 kBProgress (3): 785 kB | 1.5/2.5 MB | 212/851 kBProgress (3): 785 kB | 1.5/2.5 MB | 212/851 kBProgress (3): 785 kB | 1.5/2.5 MB | 212/851 kBProgress (3): 785 kB | 1.5/2.5 MB | 212/851 kBProgress (3): 785 kB | 1.5/2.5 MB | 212/851 kBProgress (3): 785 kB | 1.5/2.5 MB | 212/851 kBProgress (3): 785 kB | 1.5/2.5 MB | 212/851 kBProgress (3): 785 kB | 1.5/2.5 MB | 212/851 kBProgress (3): 785 kB | 1.5/2.5 MB | 212/851 kBProgress (3): 785 kB | 1.5/2.5 MB | 212/851 kBProgress (3): 785 kB | 1.5/2.5 MB | 217/851 kBProgress (3): 785 kB | 1.5/2.5 MB | 217/851 kBProgress (3): 785 kB | 1.5/2.5 MB | 221/851 kBProgress (3): 785 kB | 1.5/2.5 MB | 221/851 kBProgress (3): 785 kB | 1.5/2.5 MB | 225/851 kBProgress (3): 785 kB | 1.5/2.5 MB | 225/851 kBProgress (3): 785 kB | 1.5/2.5 MB | 229/851 kBProgress (3): 785 kB | 1.5/2.5 MB | 229/851 kBProgress (3): 785 kB | 1.5/2.5 MB | 229/851 kBProgress (3): 785 kB | 1.5/2.5 MB | 233/851 kBProgress (3): 785 kB | 1.5/2.5 MB | 233/851 kBProgress (3): 785 kB | 1.5/2.5 MB | 237/851 kBProgress (3): 785 kB | 1.5/2.5 MB | 237/851 kBProgress (3): 785 kB | 1.5/2.5 MB | 241/851 kBProgress (3): 785 kB | 1.5/2.5 MB | 241/851 kBProgress (3): 785 kB | 1.5/2.5 MB | 245/851 kBProgress (3): 785 kB | 1.5/2.5 MB | 245/851 kBProgress (3): 785 kB | 1.5/2.5 MB | 245/851 kBProgress (3): 785 kB | 1.5/2.5 MB | 245/851 kBProgress (3): 785 kB | 1.5/2.5 MB | 245/851 kBProgress (3): 785 kB | 1.5/2.5 MB | 249/851 kBProgress (3): 785 kB | 1.5/2.5 MB | 253/851 kBProgress (3): 785 kB | 1.5/2.5 MB | 258/851 kBProgress (3): 785 kB | 1.5/2.5 MB | 258/851 kBProgress (3): 785 kB | 1.5/2.5 MB | 262/851 kBProgress (3): 785 kB | 1.5/2.5 MB | 262/851 kBProgress (3): 785 kB | 1.6/2.5 MB | 262/851 kBProgress (3): 785 kB | 1.6/2.5 MB | 262/851 kBProgress (3): 785 kB | 1.6/2.5 MB | 266/851 kBProgress (3): 785 kB | 1.6/2.5 MB | 266/851 kBProgress (3): 785 kB | 1.6/2.5 MB | 270/851 kBProgress (3): 785 kB | 1.6/2.5 MB | 270/851 kBProgress (3): 785 kB | 1.6/2.5 MB | 274/851 kBProgress (3): 785 kB | 1.6/2.5 MB | 274/851 kBProgress (3): 785 kB | 1.6/2.5 MB | 278/851 kBProgress (3): 785 kB | 1.6/2.5 MB | 278/851 kBProgress (3): 785 kB | 1.6/2.5 MB | 278/851 kBProgress (3): 785 kB | 1.6/2.5 MB | 282/851 kBProgress (3): 785 kB | 1.6/2.5 MB | 282/851 kBProgress (3): 785 kB | 1.6/2.5 MB | 286/851 kBProgress (3): 785 kB | 1.6/2.5 MB | 286/851 kBProgress (3): 785 kB | 1.6/2.5 MB | 290/851 kBProgress (3): 785 kB | 1.6/2.5 MB | 290/851 kBProgress (3): 785 kB | 1.6/2.5 MB | 294/851 kBProgress (3): 785 kB | 1.6/2.5 MB | 294/851 kBProgress (3): 785 kB | 1.6/2.5 MB | 294/851 kBProgress (3): 785 kB | 1.6/2.5 MB | 294/851 kBProgress (3): 785 kB | 1.6/2.5 MB | 298/851 kBProgress (3): 785 kB | 1.6/2.5 MB | 298/851 kBProgress (3): 785 kB | 1.6/2.5 MB | 303/851 kBProgress (3): 785 kB | 1.6/2.5 MB | 307/851 kBProgress (3): 785 kB | 1.6/2.5 MB | 311/851 kBProgress (3): 785 kB | 1.6/2.5 MB | 311/851 kBProgress (3): 785 kB | 1.6/2.5 MB | 311/851 kBProgress (3): 785 kB | 1.6/2.5 MB | 311/851 kBProgress (3): 785 kB | 1.6/2.5 MB | 311/851 kBProgress (3): 785 kB | 1.6/2.5 MB | 315/851 kBProgress (3): 785 kB | 1.6/2.5 MB | 319/851 kBProgress (3): 785 kB | 1.6/2.5 MB | 319/851 kBProgress (3): 785 kB | 1.6/2.5 MB | 323/851 kBProgress (3): 785 kB | 1.6/2.5 MB | 323/851 kBProgress (3): 785 kB | 1.6/2.5 MB | 327/851 kBProgress (3): 785 kB | 1.6/2.5 MB | 327/851 kBProgress (3): 785 kB | 1.6/2.5 MB | 327/851 kBProgress (3): 785 kB | 1.6/2.5 MB | 331/851 kBProgress (3): 785 kB | 1.6/2.5 MB | 331/851 kBProgress (3): 785 kB | 1.6/2.5 MB | 335/851 kBProgress (3): 785 kB | 1.6/2.5 MB | 335/851 kBProgress (3): 785 kB | 1.6/2.5 MB | 339/851 kBProgress (3): 785 kB | 1.7/2.5 MB | 339/851 kBProgress (3): 785 kB | 1.7/2.5 MB | 343/851 kBProgress (3): 785 kB | 1.7/2.5 MB | 343/851 kBProgress (3): 785 kB | 1.7/2.5 MB | 348/851 kBProgress (3): 785 kB | 1.7/2.5 MB | 348/851 kBProgress (3): 785 kB | 1.7/2.5 MB | 352/851 kBProgress (3): 785 kB | 1.7/2.5 MB | 352/851 kBProgress (3): 785 kB | 1.7/2.5 MB | 356/851 kBProgress (3): 785 kB | 1.7/2.5 MB | 356/851 kBProgress (3): 785 kB | 1.7/2.5 MB | 360/851 kBProgress (3): 785 kB | 1.7/2.5 MB | 360/851 kBProgress (3): 785 kB | 1.7/2.5 MB | 360/851 kBProgress (3): 785 kB | 1.7/2.5 MB | 364/851 kBProgress (3): 785 kB | 1.7/2.5 MB | 364/851 kBProgress (3): 785 kB | 1.7/2.5 MB | 368/851 kBProgress (3): 785 kB | 1.7/2.5 MB | 368/851 kBProgress (3): 785 kB | 1.7/2.5 MB | 372/851 kBProgress (3): 785 kB | 1.7/2.5 MB | 372/851 kBProgress (3): 785 kB | 1.7/2.5 MB | 376/851 kBProgress (3): 785 kB | 1.7/2.5 MB | 376/851 kBProgress (3): 785 kB | 1.7/2.5 MB | 376/851 kBProgress (3): 785 kB | 1.7/2.5 MB | 376/851 kBProgress (3): 785 kB | 1.7/2.5 MB | 376/851 kBProgress (3): 785 kB | 1.7/2.5 MB | 380/851 kBProgress (3): 785 kB | 1.7/2.5 MB | 384/851 kBProgress (3): 785 kB | 1.7/2.5 MB | 389/851 kBProgress (3): 785 kB | 1.7/2.5 MB | 389/851 kBProgress (3): 785 kB | 1.7/2.5 MB | 393/851 kBProgress (3): 785 kB | 1.7/2.5 MB | 393/851 kBProgress (3): 785 kB | 1.7/2.5 MB | 393/851 kBProgress (3): 785 kB | 1.7/2.5 MB | 393/851 kBProgress (3): 785 kB | 1.7/2.5 MB | 397/851 kBProgress (3): 785 kB | 1.7/2.5 MB | 397/851 kBProgress (3): 785 kB | 1.7/2.5 MB | 401/851 kBProgress (3): 785 kB | 1.7/2.5 MB | 401/851 kBProgress (3): 785 kB | 1.7/2.5 MB | 405/851 kBProgress (3): 785 kB | 1.7/2.5 MB | 405/851 kBProgress (3): 785 kB | 1.7/2.5 MB | 409/851 kBProgress (3): 785 kB | 1.7/2.5 MB | 409/851 kBProgress (3): 785 kB | 1.7/2.5 MB | 409/851 kBProgress (3): 785 kB | 1.7/2.5 MB | 413/851 kBProgress (3): 785 kB | 1.7/2.5 MB | 413/851 kBProgress (3): 785 kB | 1.7/2.5 MB | 417/851 kBProgress (3): 785 kB | 1.7/2.5 MB | 417/851 kBProgress (3): 785 kB | 1.7/2.5 MB | 421/851 kBProgress (3): 785 kB | 1.8/2.5 MB | 421/851 kBProgress (3): 785 kB | 1.8/2.5 MB | 425/851 kBProgress (3): 785 kB | 1.8/2.5 MB | 425/851 kBProgress (3): 785 kB | 1.8/2.5 MB | 425/851 kBProgress (3): 785 kB | 1.8/2.5 MB | 425/851 kBProgress (3): 785 kB | 1.8/2.5 MB | 430/851 kBProgress (3): 785 kB | 1.8/2.5 MB | 430/851 kBProgress (3): 785 kB | 1.8/2.5 MB | 434/851 kBProgress (3): 785 kB | 1.8/2.5 MB | 438/851 kBProgress (3): 785 kB | 1.8/2.5 MB | 442/851 kBProgress (3): 785 kB | 1.8/2.5 MB | 442/851 kBProgress (3): 785 kB | 1.8/2.5 MB | 442/851 kBProgress (3): 785 kB | 1.8/2.5 MB | 442/851 kBProgress (3): 785 kB | 1.8/2.5 MB | 442/851 kBProgress (3): 785 kB | 1.8/2.5 MB | 446/851 kBProgress (3): 785 kB | 1.8/2.5 MB | 450/851 kBProgress (3): 785 kB | 1.8/2.5 MB | 450/851 kBProgress (3): 785 kB | 1.8/2.5 MB | 454/851 kBProgress (3): 785 kB | 1.8/2.5 MB | 454/851 kBProgress (3): 785 kB | 1.8/2.5 MB | 458/851 kBProgress (3): 785 kB | 1.8/2.5 MB | 458/851 kBProgress (3): 785 kB | 1.8/2.5 MB | 458/851 kBProgress (3): 785 kB | 1.8/2.5 MB | 462/851 kBProgress (3): 785 kB | 1.8/2.5 MB | 462/851 kBProgress (3): 785 kB | 1.8/2.5 MB | 466/851 kBProgress (3): 785 kB | 1.8/2.5 MB | 466/851 kBProgress (3): 785 kB | 1.8/2.5 MB | 470/851 kBProgress (3): 785 kB | 1.8/2.5 MB | 470/851 kBProgress (3): 785 kB | 1.8/2.5 MB | 475/851 kBProgress (3): 785 kB | 1.8/2.5 MB | 475/851 kBProgress (3): 785 kB | 1.8/2.5 MB | 479/851 kBProgress (3): 785 kB | 1.8/2.5 MB | 479/851 kBProgress (3): 785 kB | 1.8/2.5 MB | 483/851 kBProgress (3): 785 kB | 1.8/2.5 MB | 483/851 kBProgress (3): 785 kB | 1.8/2.5 MB | 487/851 kBProgress (3): 785 kB | 1.8/2.5 MB | 487/851 kBProgress (3): 785 kB | 1.8/2.5 MB | 491/851 kBProgress (3): 785 kB | 1.8/2.5 MB | 491/851 kBProgress (3): 785 kB | 1.8/2.5 MB | 495/851 kBProgress (3): 785 kB | 1.8/2.5 MB | 499/851 kBProgress (3): 785 kB | 1.8/2.5 MB | 499/851 kBProgress (3): 785 kB | 1.8/2.5 MB | 503/851 kBProgress (3): 785 kB | 1.8/2.5 MB | 503/851 kBProgress (3): 785 kB | 1.8/2.5 MB | 507/851 kBProgress (3): 785 kB | 1.8/2.5 MB | 507/851 kBProgress (3): 785 kB | 1.9/2.5 MB | 507/851 kBProgress (3): 785 kB | 1.9/2.5 MB | 511/851 kBProgress (3): 785 kB | 1.9/2.5 MB | 515/851 kBProgress (3): 785 kB | 1.9/2.5 MB | 515/851 kBProgress (3): 785 kB | 1.9/2.5 MB | 520/851 kBProgress (3): 785 kB | 1.9/2.5 MB | 520/851 kBProgress (3): 785 kB | 1.9/2.5 MB | 524/851 kBProgress (3): 785 kB | 1.9/2.5 MB | 524/851 kBProgress (3): 785 kB | 1.9/2.5 MB | 524/851 kBProgress (3): 785 kB | 1.9/2.5 MB | 528/851 kBProgress (3): 785 kB | 1.9/2.5 MB | 528/851 kBProgress (3): 785 kB | 1.9/2.5 MB | 532/851 kBProgress (3): 785 kB | 1.9/2.5 MB | 532/851 kBProgress (3): 785 kB | 1.9/2.5 MB | 536/851 kBProgress (3): 785 kB | 1.9/2.5 MB | 536/851 kBProgress (3): 785 kB | 1.9/2.5 MB | 540/851 kBProgress (3): 785 kB | 1.9/2.5 MB | 540/851 kBProgress (3): 785 kB | 1.9/2.5 MB | 540/851 kBProgress (3): 785 kB | 1.9/2.5 MB | 544/851 kBProgress (3): 785 kB | 1.9/2.5 MB | 544/851 kBProgress (3): 785 kB | 1.9/2.5 MB | 548/851 kBProgress (3): 785 kB | 1.9/2.5 MB | 548/851 kBProgress (3): 785 kB | 1.9/2.5 MB | 552/851 kBProgress (3): 785 kB | 1.9/2.5 MB | 552/851 kBProgress (3): 785 kB | 1.9/2.5 MB | 556/851 kBProgress (3): 785 kB | 1.9/2.5 MB | 556/851 kBProgress (3): 785 kB | 1.9/2.5 MB | 556/851 kBProgress (3): 785 kB | 1.9/2.5 MB | 556/851 kBProgress (3): 785 kB | 1.9/2.5 MB | 556/851 kBProgress (3): 785 kB | 1.9/2.5 MB | 561/851 kBProgress (3): 785 kB | 1.9/2.5 MB | 565/851 kBProgress (3): 785 kB | 1.9/2.5 MB | 565/851 kBProgress (3): 785 kB | 1.9/2.5 MB | 569/851 kBProgress (3): 785 kB | 1.9/2.5 MB | 569/851 kBProgress (3): 785 kB | 1.9/2.5 MB | 573/851 kBProgress (3): 785 kB | 1.9/2.5 MB | 573/851 kBProgress (3): 785 kB | 1.9/2.5 MB | 573/851 kBProgress (3): 785 kB | 1.9/2.5 MB | 577/851 kBProgress (3): 785 kB | 1.9/2.5 MB | 577/851 kBProgress (3): 785 kB | 1.9/2.5 MB | 581/851 kBProgress (3): 785 kB | 1.9/2.5 MB | 581/851 kBProgress (3): 785 kB | 1.9/2.5 MB | 585/851 kBProgress (3): 785 kB | 1.9/2.5 MB | 585/851 kBProgress (3): 785 kB | 1.9/2.5 MB | 589/851 kBProgress (3): 785 kB | 1.9/2.5 MB | 589/851 kBProgress (3): 785 kB | 2.0/2.5 MB | 589/851 kBProgress (3): 785 kB | 2.0/2.5 MB | 589/851 kBProgress (3): 785 kB | 2.0/2.5 MB | 593/851 kBProgress (3): 785 kB | 2.0/2.5 MB | 593/851 kBProgress (3): 785 kB | 2.0/2.5 MB | 597/851 kBProgress (3): 785 kB | 2.0/2.5 MB | 597/851 kBProgress (3): 785 kB | 2.0/2.5 MB | 601/851 kBProgress (3): 785 kB | 2.0/2.5 MB | 606/851 kBProgress (3): 785 kB | 2.0/2.5 MB | 606/851 kBProgress (3): 785 kB | 2.0/2.5 MB | 606/851 kBProgress (3): 785 kB | 2.0/2.5 MB | 606/851 kBProgress (3): 785 kB | 2.0/2.5 MB | 606/851 kBProgress (3): 785 kB | 2.0/2.5 MB | 610/851 kBProgress (3): 785 kB | 2.0/2.5 MB | 614/851 kBProgress (3): 785 kB | 2.0/2.5 MB | 614/851 kBProgress (3): 785 kB | 2.0/2.5 MB | 618/851 kBProgress (3): 785 kB | 2.0/2.5 MB | 618/851 kBProgress (3): 785 kB | 2.0/2.5 MB | 622/851 kBProgress (3): 785 kB | 2.0/2.5 MB | 622/851 kBProgress (3): 785 kB | 2.0/2.5 MB | 622/851 kBProgress (3): 785 kB | 2.0/2.5 MB | 626/851 kBProgress (3): 785 kB | 2.0/2.5 MB | 626/851 kBProgress (3): 785 kB | 2.0/2.5 MB | 630/851 kBProgress (3): 785 kB | 2.0/2.5 MB | 630/851 kBProgress (3): 785 kB | 2.0/2.5 MB | 634/851 kBProgress (3): 785 kB | 2.0/2.5 MB | 634/851 kBProgress (3): 785 kB | 2.0/2.5 MB | 638/851 kBProgress (3): 785 kB | 2.0/2.5 MB | 638/851 kBProgress (3): 785 kB | 2.0/2.5 MB | 638/851 kBProgress (3): 785 kB | 2.0/2.5 MB | 638/851 kBProgress (3): 785 kB | 2.0/2.5 MB | 642/851 kBProgress (3): 785 kB | 2.0/2.5 MB | 642/851 kBProgress (3): 785 kB | 2.0/2.5 MB | 647/851 kBProgress (3): 785 kB | 2.0/2.5 MB | 647/851 kBProgress (3): 785 kB | 2.0/2.5 MB | 651/851 kBProgress (3): 785 kB | 2.0/2.5 MB | 655/851 kBProgress (3): 785 kB | 2.0/2.5 MB | 655/851 kBProgress (3): 785 kB | 2.0/2.5 MB | 655/851 kBProgress (3): 785 kB | 2.0/2.5 MB | 655/851 kBProgress (3): 785 kB | 2.0/2.5 MB | 655/851 kBProgress (3): 785 kB | 2.0/2.5 MB | 659/851 kBProgress (3): 785 kB | 2.0/2.5 MB | 663/851 kBProgress (3): 785 kB | 2.1/2.5 MB | 663/851 kBProgress (3): 785 kB | 2.1/2.5 MB | 667/851 kBProgress (3): 785 kB | 2.1/2.5 MB | 667/851 kBProgress (3): 785 kB | 2.1/2.5 MB | 671/851 kBProgress (3): 785 kB | 2.1/2.5 MB | 671/851 kBProgress (3): 785 kB | 2.1/2.5 MB | 671/851 kBProgress (3): 785 kB | 2.1/2.5 MB | 671/851 kBProgress (3): 785 kB | 2.1/2.5 MB | 675/851 kBProgress (3): 785 kB | 2.1/2.5 MB | 675/851 kBProgress (3): 785 kB | 2.1/2.5 MB | 679/851 kBProgress (3): 785 kB | 2.1/2.5 MB | 679/851 kBProgress (3): 785 kB | 2.1/2.5 MB | 683/851 kBProgress (3): 785 kB | 2.1/2.5 MB | 683/851 kBProgress (3): 785 kB | 2.1/2.5 MB | 688/851 kBProgress (3): 785 kB | 2.1/2.5 MB | 688/851 kBProgress (3): 785 kB | 2.1/2.5 MB | 688/851 kBProgress (3): 785 kB | 2.1/2.5 MB | 688/851 kBProgress (3): 785 kB | 2.1/2.5 MB | 692/851 kBProgress (3): 785 kB | 2.1/2.5 MB | 692/851 kBProgress (3): 785 kB | 2.1/2.5 MB | 696/851 kBProgress (3): 785 kB | 2.1/2.5 MB | 700/851 kBProgress (3): 785 kB | 2.1/2.5 MB | 704/851 kBProgress (3): 785 kB | 2.1/2.5 MB | 704/851 kBProgress (3): 785 kB | 2.1/2.5 MB | 704/851 kBProgress (3): 785 kB | 2.1/2.5 MB | 704/851 kBProgress (3): 785 kB | 2.1/2.5 MB | 704/851 kBProgress (3): 785 kB | 2.1/2.5 MB | 708/851 kBProgress (3): 785 kB | 2.1/2.5 MB | 712/851 kBProgress (3): 785 kB | 2.1/2.5 MB | 712/851 kBProgress (3): 785 kB | 2.1/2.5 MB | 716/851 kBProgress (3): 785 kB | 2.1/2.5 MB | 716/851 kBProgress (3): 785 kB | 2.1/2.5 MB | 720/851 kBProgress (3): 785 kB | 2.1/2.5 MB | 720/851 kBProgress (3): 785 kB | 2.1/2.5 MB | 720/851 kBProgress (3): 785 kB | 2.1/2.5 MB | 724/851 kBProgress (3): 785 kB | 2.1/2.5 MB | 724/851 kBProgress (3): 785 kB | 2.1/2.5 MB | 728/851 kBProgress (3): 785 kB | 2.1/2.5 MB | 728/851 kBProgress (3): 785 kB | 2.1/2.5 MB | 733/851 kBProgress (3): 785 kB | 2.1/2.5 MB | 733/851 kBProgress (3): 785 kB | 2.1/2.5 MB | 737/851 kBProgress (3): 785 kB | 2.1/2.5 MB | 737/851 kBProgress (3): 785 kB | 2.1/2.5 MB | 737/851 kBProgress (3): 785 kB | 2.1/2.5 MB | 741/851 kBProgress (3): 785 kB | 2.2/2.5 MB | 741/851 kBProgress (3): 785 kB | 2.2/2.5 MB | 745/851 kBProgress (3): 785 kB | 2.2/2.5 MB | 745/851 kBProgress (3): 785 kB | 2.2/2.5 MB | 749/851 kBProgress (3): 785 kB | 2.2/2.5 MB | 749/851 kBProgress (3): 785 kB | 2.2/2.5 MB | 753/851 kBProgress (3): 785 kB | 2.2/2.5 MB | 753/851 kBProgress (3): 785 kB | 2.2/2.5 MB | 753/851 kBProgress (3): 785 kB | 2.2/2.5 MB | 753/851 kBProgress (3): 785 kB | 2.2/2.5 MB | 753/851 kBProgress (3): 785 kB | 2.2/2.5 MB | 757/851 kBProgress (3): 785 kB | 2.2/2.5 MB | 761/851 kBProgress (3): 785 kB | 2.2/2.5 MB | 765/851 kBProgress (3): 785 kB | 2.2/2.5 MB | 765/851 kBProgress (3): 785 kB | 2.2/2.5 MB | 769/851 kBProgress (3): 785 kB | 2.2/2.5 MB | 769/851 kBProgress (3): 785 kB | 2.2/2.5 MB | 769/851 kBProgress (3): 785 kB | 2.2/2.5 MB | 769/851 kBProgress (3): 785 kB | 2.2/2.5 MB | 774/851 kBProgress (3): 785 kB | 2.2/2.5 MB | 774/851 kBProgress (3): 785 kB | 2.2/2.5 MB | 778/851 kBProgress (3): 785 kB | 2.2/2.5 MB | 778/851 kBProgress (3): 785 kB | 2.2/2.5 MB | 782/851 kBProgress (3): 785 kB | 2.2/2.5 MB | 782/851 kBProgress (3): 785 kB | 2.2/2.5 MB | 786/851 kBProgress (3): 785 kB | 2.2/2.5 MB | 786/851 kBProgress (3): 785 kB | 2.2/2.5 MB | 786/851 kBProgress (3): 785 kB | 2.2/2.5 MB | 790/851 kBProgress (3): 785 kB | 2.2/2.5 MB | 790/851 kBProgress (3): 785 kB | 2.2/2.5 MB | 794/851 kBProgress (3): 785 kB | 2.2/2.5 MB | 794/851 kBProgress (3): 785 kB | 2.2/2.5 MB | 798/851 kBProgress (3): 785 kB | 2.2/2.5 MB | 798/851 kBProgress (3): 785 kB | 2.2/2.5 MB | 802/851 kBProgress (3): 785 kB | 2.2/2.5 MB | 802/851 kBProgress (3): 785 kB | 2.2/2.5 MB | 802/851 kBProgress (3): 785 kB | 2.2/2.5 MB | 806/851 kBProgress (3): 785 kB | 2.2/2.5 MB | 806/851 kBProgress (3): 785 kB | 2.2/2.5 MB | 810/851 kBProgress (3): 785 kB | 2.2/2.5 MB | 810/851 kBProgress (3): 785 kB | 2.2/2.5 MB | 814/851 kBProgress (3): 785 kB | 2.2/2.5 MB | 819/851 kBProgress (3): 785 kB | 2.2/2.5 MB | 819/851 kBProgress (3): 785 kB | 2.3/2.5 MB | 819/851 kBProgress (3): 785 kB | 2.3/2.5 MB | 819/851 kBProgress (3): 785 kB | 2.3/2.5 MB | 819/851 kBProgress (3): 785 kB | 2.3/2.5 MB | 823/851 kBProgress (3): 785 kB | 2.3/2.5 MB | 827/851 kBProgress (3): 785 kB | 2.3/2.5 MB | 827/851 kBProgress (3): 785 kB | 2.3/2.5 MB | 831/851 kBProgress (3): 785 kB | 2.3/2.5 MB | 831/851 kBProgress (3): 785 kB | 2.3/2.5 MB | 835/851 kBProgress (3): 785 kB | 2.3/2.5 MB | 835/851 kBProgress (3): 785 kB | 2.3/2.5 MB | 835/851 kBProgress (3): 785 kB | 2.3/2.5 MB | 839/851 kBProgress (3): 785 kB | 2.3/2.5 MB | 839/851 kBProgress (3): 785 kB | 2.3/2.5 MB | 843/851 kBProgress (3): 785 kB | 2.3/2.5 MB | 843/851 kBProgress (3): 785 kB | 2.3/2.5 MB | 847/851 kBProgress (3): 785 kB | 2.3/2.5 MB | 847/851 kBProgress (3): 785 kB | 2.3/2.5 MB | 851 kB    Progress (3): 785 kB | 2.3/2.5 MB | 851 kBProgress (3): 785 kB | 2.3/2.5 MB | 851 kBProgress (3): 785 kB | 2.3/2.5 MB | 851 kBProgress (3): 785 kB | 2.3/2.5 MB | 851 kBProgress (3): 785 kB | 2.3/2.5 MB | 851 kBProgress (3): 785 kB | 2.3/2.5 MB | 851 kBProgress (3): 785 kB | 2.3/2.5 MB | 851 kBProgress (3): 785 kB | 2.3/2.5 MB | 851 kBProgress (3): 785 kB | 2.3/2.5 MB | 851 kBProgress (3): 785 kB | 2.3/2.5 MB | 851 kBProgress (3): 785 kB | 2.3/2.5 MB | 851 kBProgress (3): 785 kB | 2.3/2.5 MB | 851 kBProgress (3): 785 kB | 2.3/2.5 MB | 851 kBProgress (3): 785 kB | 2.3/2.5 MB | 851 kBProgress (3): 785 kB | 2.4/2.5 MB | 851 kBProgress (3): 785 kB | 2.4/2.5 MB | 851 kBProgress (3): 785 kB | 2.4/2.5 MB | 851 kBProgress (3): 785 kB | 2.4/2.5 MB | 851 kBProgress (3): 785 kB | 2.4/2.5 MB | 851 kBProgress (3): 785 kB | 2.4/2.5 MB | 851 kBProgress (3): 785 kB | 2.4/2.5 MB | 851 kBProgress (3): 785 kB | 2.4/2.5 MB | 851 kBProgress (3): 785 kB | 2.4/2.5 MB | 851 kBProgress (3): 785 kB | 2.4/2.5 MB | 851 kBProgress (3): 785 kB | 2.4/2.5 MB | 851 kBProgress (3): 785 kB | 2.4/2.5 MB | 851 kBProgress (3): 785 kB | 2.4/2.5 MB | 851 kBProgress (3): 785 kB | 2.4/2.5 MB | 851 kBProgress (3): 785 kB | 2.4/2.5 MB | 851 kBProgress (3): 785 kB | 2.4/2.5 MB | 851 kBProgress (3): 785 kB | 2.4/2.5 MB | 851 kBProgress (3): 785 kB | 2.4/2.5 MB | 851 kBProgress (3): 785 kB | 2.4/2.5 MB | 851 kBProgress (3): 785 kB | 2.4/2.5 MB | 851 kBProgress (3): 785 kB | 2.4/2.5 MB | 851 kBProgress (3): 785 kB | 2.4/2.5 MB | 851 kBProgress (3): 785 kB | 2.4/2.5 MB | 851 kBProgress (3): 785 kB | 2.4/2.5 MB | 851 kBProgress (3): 785 kB | 2.4/2.5 MB | 851 kBProgress (3): 785 kB | 2.5/2.5 MB | 851 kBProgress (3): 785 kB | 2.5/2.5 MB | 851 kBProgress (3): 785 kB | 2.5/2.5 MB | 851 kBProgress (3): 785 kB | 2.5 MB | 851 kB                                          Downloaded from central: https://repo.maven.apache.org/maven2/org/apache/jackrabbit/jackrabbit-spi-commons/2.7.3/jackrabbit-spi-commons-2.7.3.jar (785 kB at 2.5 MB/s)
Downloading from central: https://repo.maven.apache.org/maven2/org/apache/jackrabbit/jackrabbit-webdav/2.7.3/jackrabbit-webdav-2.7.3.jar
Downloaded from central: https://repo.maven.apache.org/maven2/org/apache/jackrabbit/jackrabbit-jcr-tests/2.7.3/jackrabbit-jcr-tests-2.7.3.jar (851 kB at 2.3 MB/s)
Downloaded from central: https://repo.maven.apache.org/maven2/org/apache/jackrabbit/jackrabbit-core/2.7.3/jackrabbit-core-2.7.3.jar (2.5 MB at 6.6 MB/s)
Progress (1): 1.4/347 kBProgress (1): 2.7/347 kBProgress (1): 4.1/347 kBProgress (1): 5.5/347 kBProgress (1): 6.9/347 kBProgress (1): 8.2/347 kBProgress (1): 9.6/347 kBProgress (1): 11/347 kB Progress (1): 12/347 kBProgress (1): 14/347 kBProgress (1): 15/347 kBProgress (1): 16/347 kBProgress (1): 17/347 kBProgress (1): 19/347 kBProgress (1): 20/347 kBProgress (1): 21/347 kBProgress (1): 23/347 kBProgress (1): 24/347 kBProgress (1): 25/347 kBProgress (1): 27/347 kBProgress (1): 28/347 kBProgress (1): 30/347 kBProgress (1): 31/347 kBProgress (1): 32/347 kBProgress (1): 36/347 kBProgress (1): 40/347 kBProgress (1): 45/347 kBProgress (1): 49/347 kBProgress (1): 53/347 kBProgress (1): 57/347 kBProgress (1): 61/347 kBProgress (1): 65/347 kBProgress (1): 69/347 kBProgress (1): 73/347 kBProgress (1): 77/347 kBProgress (1): 81/347 kBProgress (1): 85/347 kBProgress (1): 90/347 kBProgress (1): 94/347 kBProgress (1): 98/347 kBProgress (1): 102/347 kBProgress (1): 106/347 kBProgress (1): 110/347 kBProgress (1): 114/347 kBProgress (1): 118/347 kBProgress (1): 122/347 kBProgress (1): 126/347 kBProgress (1): 131/347 kBProgress (1): 135/347 kBProgress (1): 139/347 kBProgress (1): 143/347 kBProgress (1): 147/347 kBProgress (1): 151/347 kBProgress (1): 155/347 kBProgress (1): 159/347 kBProgress (1): 163/347 kBProgress (1): 167/347 kBProgress (1): 171/347 kBProgress (1): 176/347 kBProgress (1): 180/347 kBProgress (1): 184/347 kBProgress (1): 188/347 kBProgress (1): 192/347 kBProgress (1): 196/347 kBProgress (1): 200/347 kBProgress (1): 204/347 kBProgress (1): 208/347 kBProgress (1): 212/347 kBProgress (1): 217/347 kBProgress (1): 221/347 kBProgress (1): 225/347 kBProgress (1): 229/347 kBProgress (1): 233/347 kBProgress (1): 237/347 kBProgress (1): 241/347 kBProgress (1): 245/347 kBProgress (1): 249/347 kBProgress (1): 253/347 kBProgress (1): 258/347 kBProgress (1): 262/347 kBProgress (1): 266/347 kBProgress (1): 270/347 kBProgress (1): 274/347 kBProgress (1): 278/347 kBProgress (1): 282/347 kBProgress (1): 286/347 kBProgress (1): 290/347 kBProgress (1): 294/347 kBProgress (1): 298/347 kBProgress (1): 303/347 kBProgress (1): 307/347 kBProgress (1): 311/347 kBProgress (1): 315/347 kBProgress (1): 319/347 kBProgress (1): 323/347 kBProgress (1): 327/347 kBProgress (1): 331/347 kBProgress (1): 335/347 kBProgress (1): 339/347 kBProgress (1): 343/347 kBProgress (1): 347 kB    Progress (2): 347 kB | 0/1.2 MBProgress (2): 347 kB | 0/1.2 MBProgress (2): 347 kB | 0/1.2 MBProgress (2): 347 kB | 0/1.2 MBProgress (2): 347 kB | 0/1.2 MBProgress (2): 347 kB | 0/1.2 MBProgress (2): 347 kB | 0/1.2 MBProgress (2): 347 kB | 0/1.2 MBProgress (2): 347 kB | 0/1.2 MBProgress (2): 347 kB | 0/1.2 MBProgress (2): 347 kB | 0/1.2 MBProgress (2): 347 kB | 0/1.2 MBProgress (2): 347 kB | 0.1/1.2 MBProgress (2): 347 kB | 0.1/1.2 MBProgress (2): 347 kB | 0.1/1.2 MBProgress (2): 347 kB | 0.1/1.2 MBProgress (2): 347 kB | 0.1/1.2 MBProgress (2): 347 kB | 0.1/1.2 MBProgress (2): 347 kB | 0.1/1.2 MBProgress (2): 347 kB | 0.1/1.2 MBProgress (2): 347 kB | 0.1/1.2 MBProgress (2): 347 kB | 0.1/1.2 MBProgress (2): 347 kB | 0.1/1.2 MBProgress (2): 347 kB | 0.1/1.2 MBProgress (2): 347 kB | 0.1/1.2 MBProgress (2): 347 kB | 0.1/1.2 MBProgress (2): 347 kB | 0.1/1.2 MBProgress (2): 347 kB | 0.1/1.2 MBProgress (2): 347 kB | 0.1/1.2 MBProgress (2): 347 kB | 0.1/1.2 MBProgress (2): 347 kB | 0.1/1.2 MBProgress (2): 347 kB | 0.1/1.2 MBProgress (2): 347 kB | 0.1/1.2 MBProgress (2): 347 kB | 0.1/1.2 MBProgress (2): 347 kB | 0.1/1.2 MBProgress (2): 347 kB | 0.1/1.2 MBProgress (2): 347 kB | 0.2/1.2 MBProgress (2): 347 kB | 0.2/1.2 MBProgress (2): 347 kB | 0.2/1.2 MBProgress (2): 347 kB | 0.2/1.2 MBProgress (2): 347 kB | 0.2/1.2 MBProgress (2): 347 kB | 0.2/1.2 MBProgress (2): 347 kB | 0.2/1.2 MBProgress (2): 347 kB | 0.2/1.2 MBProgress (2): 347 kB | 0.2/1.2 MBProgress (2): 347 kB | 0.2/1.2 MBProgress (2): 347 kB | 0.2/1.2 MBProgress (2): 347 kB | 0.2/1.2 MBProgress (2): 347 kB | 0.2/1.2 MBProgress (2): 347 kB | 0.2/1.2 MBProgress (2): 347 kB | 0.2/1.2 MBProgress (2): 347 kB | 0.2/1.2 MBProgress (2): 347 kB | 0.2/1.2 MBProgress (2): 347 kB | 0.2/1.2 MBProgress (2): 347 kB | 0.2/1.2 MBProgress (2): 347 kB | 0.2/1.2 MBProgress (2): 347 kB | 0.2/1.2 MBProgress (2): 347 kB | 0.2/1.2 MBProgress (2): 347 kB | 0.2/1.2 MBProgress (2): 347 kB | 0.2/1.2 MBProgress (2): 347 kB | 0.2/1.2 MBProgress (2): 347 kB | 0.3/1.2 MBProgress (2): 347 kB | 0.3/1.2 MBProgress (2): 347 kB | 0.3/1.2 MBProgress (2): 347 kB | 0.3/1.2 MBProgress (2): 347 kB | 0.3/1.2 MBProgress (2): 347 kB | 0.3/1.2 MBProgress (2): 347 kB | 0.3/1.2 MBProgress (2): 347 kB | 0.3/1.2 MBProgress (2): 347 kB | 0.3/1.2 MBProgress (2): 347 kB | 0.3/1.2 MBProgress (2): 347 kB | 0.3/1.2 MBProgress (2): 347 kB | 0.3/1.2 MBProgress (2): 347 kB | 0.3/1.2 MBProgress (2): 347 kB | 0.3/1.2 MBProgress (2): 347 kB | 0.3/1.2 MBProgress (2): 347 kB | 0.3/1.2 MBProgress (2): 347 kB | 0.3/1.2 MBProgress (2): 347 kB | 0.3/1.2 MBProgress (2): 347 kB | 0.3/1.2 MBProgress (2): 347 kB | 0.3/1.2 MBProgress (2): 347 kB | 0.3/1.2 MBProgress (2): 347 kB | 0.3/1.2 MBProgress (2): 347 kB | 0.3/1.2 MBProgress (2): 347 kB | 0.3/1.2 MBProgress (2): 347 kB | 0.4/1.2 MBProgress (2): 347 kB | 0.4/1.2 MBProgress (2): 347 kB | 0.4/1.2 MBProgress (2): 347 kB | 0.4/1.2 MB                                 Downloaded from central: https://repo.maven.apache.org/maven2/org/apache/jackrabbit/jackrabbit-jcr-server/2.7.3/jackrabbit-jcr-server-2.7.3.jar (347 kB at 742 kB/s)
Progress (1): 0.4/1.2 MBProgress (1): 0.4/1.2 MBProgress (1): 0.4/1.2 MBProgress (1): 0.4/1.2 MBProgress (1): 0.4/1.2 MBProgress (1): 0.4/1.2 MBProgress (1): 0.4/1.2 MBProgress (1): 0.4/1.2 MBProgress (1): 0.4/1.2 MBProgress (1): 0.4/1.2 MBProgress (1): 0.4/1.2 MBProgress (1): 0.4/1.2 MBProgress (1): 0.4/1.2 MBProgress (1): 0.4/1.2 MBProgress (1): 0.4/1.2 MBProgress (1): 0.4/1.2 MBProgress (1): 0.4/1.2 MBProgress (1): 0.4/1.2 MBProgress (1): 0.4/1.2 MBProgress (1): 0.4/1.2 MBProgress (1): 0.5/1.2 MBProgress (1): 0.5/1.2 MBProgress (1): 0.5/1.2 MBProgress (1): 0.5/1.2 MBProgress (1): 0.5/1.2 MBProgress (1): 0.5/1.2 MBProgress (1): 0.5/1.2 MBProgress (1): 0.5/1.2 MBProgress (1): 0.5/1.2 MBProgress (1): 0.5/1.2 MBProgress (1): 0.5/1.2 MBProgress (1): 0.5/1.2 MBProgress (1): 0.5/1.2 MBProgress (1): 0.5/1.2 MBProgress (1): 0.5/1.2 MBProgress (1): 0.5/1.2 MBProgress (1): 0.5/1.2 MBProgress (1): 0.5/1.2 MBProgress (1): 0.5/1.2 MBProgress (1): 0.5/1.2 MBProgress (1): 0.5/1.2 MBProgress (1): 0.5/1.2 MBProgress (1): 0.5/1.2 MBProgress (1): 0.5/1.2 MBProgress (1): 0.5/1.2 MBProgress (1): 0.6/1.2 MBProgress (1): 0.6/1.2 MBProgress (1): 0.6/1.2 MBProgress (1): 0.6/1.2 MBProgress (1): 0.6/1.2 MBProgress (1): 0.6/1.2 MBProgress (1): 0.6/1.2 MBProgress (1): 0.6/1.2 MBProgress (1): 0.6/1.2 MBProgress (1): 0.6/1.2 MBProgress (1): 0.6/1.2 MBProgress (1): 0.6/1.2 MBProgress (1): 0.6/1.2 MBProgress (1): 0.6/1.2 MBProgress (1): 0.6/1.2 MBProgress (1): 0.6/1.2 MBProgress (1): 0.6/1.2 MBProgress (1): 0.6/1.2 MBProgress (1): 0.6/1.2 MBProgress (1): 0.6/1.2 MBProgress (1): 0.6/1.2 MBProgress (1): 0.6/1.2 MBProgress (1): 0.6/1.2 MBProgress (1): 0.6/1.2 MBProgress (1): 0.7/1.2 MBProgress (1): 0.7/1.2 MBProgress (1): 0.7/1.2 MBProgress (1): 0.7/1.2 MBProgress (1): 0.7/1.2 MBProgress (1): 0.7/1.2 MBProgress (1): 0.7/1.2 MBProgress (1): 0.7/1.2 MBProgress (1): 0.7/1.2 MBProgress (1): 0.7/1.2 MBProgress (1): 0.7/1.2 MBProgress (1): 0.7/1.2 MBProgress (1): 0.7/1.2 MBProgress (1): 0.7/1.2 MBProgress (1): 0.7/1.2 MBProgress (1): 0.7/1.2 MBProgress (1): 0.7/1.2 MBProgress (1): 0.7/1.2 MBProgress (1): 0.7/1.2 MBProgress (1): 0.7/1.2 MBProgress (1): 0.7/1.2 MBProgress (1): 0.7/1.2 MBProgress (1): 0.7/1.2 MBProgress (1): 0.7/1.2 MBProgress (1): 0.7/1.2 MBProgress (1): 0.8/1.2 MBProgress (1): 0.8/1.2 MBProgress (1): 0.8/1.2 MBProgress (1): 0.8/1.2 MBProgress (1): 0.8/1.2 MBProgress (1): 0.8/1.2 MBProgress (1): 0.8/1.2 MBProgress (1): 0.8/1.2 MBProgress (1): 0.8/1.2 MBProgress (1): 0.8/1.2 MBProgress (1): 0.8/1.2 MBProgress (1): 0.8/1.2 MBProgress (1): 0.8/1.2 MBProgress (1): 0.8/1.2 MBProgress (1): 0.8/1.2 MBProgress (1): 0.8/1.2 MBProgress (1): 0.8/1.2 MBProgress (1): 0.8/1.2 MBProgress (1): 0.8/1.2 MBProgress (1): 0.8/1.2 MBProgress (1): 0.8/1.2 MBProgress (1): 0.8/1.2 MBProgress (1): 0.8/1.2 MBProgress (1): 0.8/1.2 MBProgress (1): 0.9/1.2 MBProgress (1): 0.9/1.2 MBProgress (1): 0.9/1.2 MBProgress (1): 0.9/1.2 MBProgress (1): 0.9/1.2 MBProgress (1): 0.9/1.2 MBProgress (1): 0.9/1.2 MBProgress (1): 0.9/1.2 MBProgress (1): 0.9/1.2 MBProgress (1): 0.9/1.2 MBProgress (1): 0.9/1.2 MBProgress (1): 0.9/1.2 MBProgress (1): 0.9/1.2 MBProgress (1): 0.9/1.2 MBProgress (1): 0.9/1.2 MBProgress (1): 0.9/1.2 MBProgress (1): 0.9/1.2 MBProgress (1): 0.9/1.2 MBProgress (1): 0.9/1.2 MBProgress (1): 0.9/1.2 MBProgress (1): 0.9/1.2 MBProgress (1): 0.9/1.2 MBProgress (1): 0.9/1.2 MBProgress (1): 0.9/1.2 MBProgress (1): 0.9/1.2 MBProgress (1): 1.0/1.2 MBProgress (1): 1.0/1.2 MBProgress (1): 1.0/1.2 MBProgress (1): 1.0/1.2 MBProgress (1): 1.0/1.2 MBProgress (1): 1.0/1.2 MBProgress (1): 1.0/1.2 MBProgress (1): 1.0/1.2 MBProgress (1): 1.0/1.2 MBProgress (1): 1.0/1.2 MBProgress (1): 1.0/1.2 MBProgress (1): 1.0/1.2 MBProgress (1): 1.0/1.2 MBProgress (1): 1.0/1.2 MBProgress (1): 1.0/1.2 MBProgress (1): 1.0/1.2 MBProgress (1): 1.0/1.2 MBProgress (1): 1.0/1.2 MBProgress (1): 1.0/1.2 MBProgress (1): 1.0/1.2 MBProgress (1): 1.0/1.2 MBProgress (1): 1.0/1.2 MBProgress (1): 1.0/1.2 MBProgress (1): 1.0/1.2 MBProgress (1): 1.1/1.2 MBProgress (1): 1.1/1.2 MBProgress (1): 1.1/1.2 MBProgress (1): 1.1/1.2 MBProgress (1): 1.1/1.2 MBProgress (1): 1.1/1.2 MBProgress (1): 1.1/1.2 MBProgress (1): 1.1/1.2 MBProgress (1): 1.1/1.2 MBProgress (1): 1.1/1.2 MBProgress (1): 1.1/1.2 MBProgress (1): 1.1/1.2 MBProgress (1): 1.1/1.2 MBProgress (1): 1.1/1.2 MBProgress (1): 1.1/1.2 MBProgress (1): 1.1/1.2 MBProgress (1): 1.1/1.2 MBProgress (1): 1.1/1.2 MBProgress (1): 1.1/1.2 MBProgress (1): 1.1/1.2 MBProgress (1): 1.1/1.2 MBProgress (1): 1.1/1.2 MBProgress (1): 1.1/1.2 MBProgress (1): 1.1/1.2 MBProgress (1): 1.2/1.2 MBProgress (1): 1.2/1.2 MBProgress (1): 1.2/1.2 MBProgress (1): 1.2/1.2 MBProgress (1): 1.2/1.2 MBProgress (1): 1.2/1.2 MBProgress (1): 1.2/1.2 MBProgress (1): 1.2/1.2 MBProgress (1): 1.2/1.2 MBProgress (1): 1.2 MB    Progress (2): 1.2 MB | 4.1/326 kBProgress (2): 1.2 MB | 8.2/326 kBProgress (2): 1.2 MB | 12/326 kB Progress (2): 1.2 MB | 16/326 kBProgress (2): 1.2 MB | 20/326 kBProgress (2): 1.2 MB | 24/326 kBProgress (2): 1.2 MB | 28/326 kBProgress (2): 1.2 MB | 32/326 kBProgress (2): 1.2 MB | 36/326 kBProgress (2): 1.2 MB | 40/326 kBProgress (2): 1.2 MB | 45/326 kBProgress (2): 1.2 MB | 49/326 kBProgress (2): 1.2 MB | 53/326 kBProgress (2): 1.2 MB | 57/326 kBProgress (2): 1.2 MB | 61/326 kBProgress (2): 1.2 MB | 65/326 kBProgress (2): 1.2 MB | 69/326 kBProgress (2): 1.2 MB | 73/326 kBProgress (2): 1.2 MB | 77/326 kBProgress (2): 1.2 MB | 81/326 kBProgress (2): 1.2 MB | 85/326 kBProgress (2): 1.2 MB | 90/326 kBProgress (2): 1.2 MB | 94/326 kBProgress (2): 1.2 MB | 98/326 kBProgress (2): 1.2 MB | 102/326 kBProgress (2): 1.2 MB | 106/326 kBProgress (2): 1.2 MB | 110/326 kBProgress (2): 1.2 MB | 114/326 kBProgress (2): 1.2 MB | 118/326 kBProgress (2): 1.2 MB | 122/326 kBProgress (2): 1.2 MB | 126/326 kBProgress (2): 1.2 MB | 131/326 kBProgress (2): 1.2 MB | 135/326 kBProgress (2): 1.2 MB | 139/326 kBProgress (2): 1.2 MB | 143/326 kBProgress (2): 1.2 MB | 147/326 kBProgress (2): 1.2 MB | 151/326 kBProgress (2): 1.2 MB | 155/326 kBProgress (2): 1.2 MB | 159/326 kBProgress (2): 1.2 MB | 163/326 kBProgress (2): 1.2 MB | 167/326 kBProgress (2): 1.2 MB | 171/326 kBProgress (2): 1.2 MB | 176/326 kBProgress (2): 1.2 MB | 180/326 kBProgress (2): 1.2 MB | 184/326 kBProgress (2): 1.2 MB | 188/326 kBProgress (2): 1.2 MB | 192/326 kBProgress (2): 1.2 MB | 196/326 kBProgress (2): 1.2 MB | 200/326 kBProgress (2): 1.2 MB | 204/326 kBProgress (2): 1.2 MB | 208/326 kBProgress (2): 1.2 MB | 212/326 kBProgress (2): 1.2 MB | 217/326 kBProgress (2): 1.2 MB | 221/326 kBProgress (2): 1.2 MB | 225/326 kBProgress (2): 1.2 MB | 229/326 kBProgress (2): 1.2 MB | 233/326 kBProgress (2): 1.2 MB | 237/326 kBProgress (2): 1.2 MB | 241/326 kBProgress (2): 1.2 MB | 245/326 kBProgress (2): 1.2 MB | 249/326 kBProgress (2): 1.2 MB | 253/326 kBProgress (2): 1.2 MB | 258/326 kBProgress (2): 1.2 MB | 262/326 kBProgress (2): 1.2 MB | 266/326 kBProgress (2): 1.2 MB | 270/326 kBProgress (2): 1.2 MB | 274/326 kBProgress (2): 1.2 MB | 278/326 kBProgress (2): 1.2 MB | 282/326 kBProgress (2): 1.2 MB | 286/326 kBProgress (2): 1.2 MB | 290/326 kBProgress (2): 1.2 MB | 294/326 kBProgress (2): 1.2 MB | 298/326 kBProgress (2): 1.2 MB | 303/326 kBProgress (2): 1.2 MB | 307/326 kBProgress (2): 1.2 MB | 311/326 kBProgress (2): 1.2 MB | 315/326 kBProgress (2): 1.2 MB | 319/326 kBProgress (2): 1.2 MB | 323/326 kBProgress (2): 1.2 MB | 326 kB                                 Downloaded from central: https://repo.maven.apache.org/maven2/org/apache/jackrabbit/jackrabbit-webdav/2.7.3/jackrabbit-webdav-2.7.3.jar (326 kB at 536 kB/s)
Downloaded from central: https://repo.maven.apache.org/maven2/org/apache/jackrabbit/jackrabbit-core/2.7.3/jackrabbit-core-2.7.3-tests.jar (1.2 MB at 1.8 MB/s)
[INFO] 
[INFO] --- maven-remote-resources-plugin:1.2.1:process (default) @ oak-jcr ---
[INFO] 
[INFO] --- maven-resources-plugin:2.5:resources (default-resources) @ oak-jcr ---
[debug] execute contextualize
[INFO] Using 'UTF-8' encoding to copy filtered resources.
[INFO] Copying 1 resource
[INFO] Copying 3 resources
[INFO] 
[INFO] --- maven-compiler-plugin:2.3.2:compile (default-compile) @ oak-jcr ---
[INFO] Compiling 100 source files to /data-depot/user/Workspace/Reproducibility/Reproducibility-Scanner/benchmarks/bugs-dot-jar/jackrabbit-oak/oak-jcr/target/classes
[INFO] 
[INFO] --- maven-resources-plugin:2.5:testResources (default-testResources) @ oak-jcr ---
[debug] execute contextualize
[INFO] Using 'UTF-8' encoding to copy filtered resources.
[INFO] Copying 8 resources
[INFO] Copying 3 resources
[INFO] 
[INFO] --- maven-compiler-plugin:2.3.2:testCompile (default-testCompile) @ oak-jcr ---
[INFO] Compiling 125 source files to /data-depot/user/Workspace/Reproducibility/Reproducibility-Scanner/benchmarks/bugs-dot-jar/jackrabbit-oak/oak-jcr/target/test-classes
[INFO] 
[INFO] --- maven-surefire-plugin:2.9:test (default-test) @ oak-jcr ---
[INFO] Tests are skipped.
[INFO] 
[INFO] --- maven-bundle-plugin:2.4.0:bundle (default-bundle) @ oak-jcr ---
[INFO] 
[INFO] --- maven-site-plugin:3.3:attach-descriptor (attach-descriptor) @ oak-jcr ---
[INFO] 
[INFO] --- maven-jar-plugin:2.3.1:test-jar (default) @ oak-jcr ---
[INFO] Building jar: /data-depot/user/Workspace/Reproducibility/Reproducibility-Scanner/benchmarks/bugs-dot-jar/jackrabbit-oak/oak-jcr/target/oak-jcr-0.16-SNAPSHOT-tests.jar
[INFO] 
[INFO] --- maven-install-plugin:2.3.1:install (default-install) @ oak-jcr ---
[INFO] Installing /data-depot/user/Workspace/Reproducibility/Reproducibility-Scanner/benchmarks/bugs-dot-jar/jackrabbit-oak/oak-jcr/target/oak-jcr-0.16-SNAPSHOT.jar to /home/user/.m2/repository/org/apache/jackrabbit/oak-jcr/0.16-SNAPSHOT/oak-jcr-0.16-SNAPSHOT.jar
[INFO] Installing /data-depot/user/Workspace/Reproducibility/Reproducibility-Scanner/benchmarks/bugs-dot-jar/jackrabbit-oak/oak-jcr/pom.xml to /home/user/.m2/repository/org/apache/jackrabbit/oak-jcr/0.16-SNAPSHOT/oak-jcr-0.16-SNAPSHOT.pom
[INFO] Installing /data-depot/user/Workspace/Reproducibility/Reproducibility-Scanner/benchmarks/bugs-dot-jar/jackrabbit-oak/oak-jcr/target/oak-jcr-0.16-SNAPSHOT-tests.jar to /home/user/.m2/repository/org/apache/jackrabbit/oak-jcr/0.16-SNAPSHOT/oak-jcr-0.16-SNAPSHOT-tests.jar
[INFO] 
[INFO] --- maven-bundle-plugin:2.4.0:install (default-install) @ oak-jcr ---
[INFO] Local OBR update disabled (enable with -DobrRepository)
[INFO] 
[INFO] -----------------< org.apache.jackrabbit:oak-upgrade >------------------
[INFO] Building Oak upgrade 0.16-SNAPSHOT                                [9/20]
[INFO] --------------------------------[ jar ]---------------------------------
[INFO] 
[INFO] --- maven-remote-resources-plugin:1.2.1:process (default) @ oak-upgrade ---
[INFO] 
[INFO] --- maven-resources-plugin:2.5:resources (default-resources) @ oak-upgrade ---
[debug] execute contextualize
[INFO] Using 'UTF-8' encoding to copy filtered resources.
[INFO] skip non existing resourceDirectory /data-depot/user/Workspace/Reproducibility/Reproducibility-Scanner/benchmarks/bugs-dot-jar/jackrabbit-oak/oak-upgrade/src/main/resources
[INFO] Copying 3 resources
[INFO] 
[INFO] --- maven-compiler-plugin:2.3.2:compile (default-compile) @ oak-upgrade ---
[INFO] Compiling 4 source files to /data-depot/user/Workspace/Reproducibility/Reproducibility-Scanner/benchmarks/bugs-dot-jar/jackrabbit-oak/oak-upgrade/target/classes
[INFO] 
[INFO] --- maven-resources-plugin:2.5:testResources (default-testResources) @ oak-upgrade ---
[debug] execute contextualize
[INFO] Using 'UTF-8' encoding to copy filtered resources.
[INFO] Copying 3 resources
[INFO] Copying 3 resources
[INFO] 
[INFO] --- maven-compiler-plugin:2.3.2:testCompile (default-testCompile) @ oak-upgrade ---
[INFO] Compiling 4 source files to /data-depot/user/Workspace/Reproducibility/Reproducibility-Scanner/benchmarks/bugs-dot-jar/jackrabbit-oak/oak-upgrade/target/test-classes
[INFO] 
[INFO] --- maven-surefire-plugin:2.9:test (default-test) @ oak-upgrade ---
[INFO] Tests are skipped.
[INFO] 
[INFO] --- maven-jar-plugin:2.3.1:jar (default-jar) @ oak-upgrade ---
[INFO] Building jar: /data-depot/user/Workspace/Reproducibility/Reproducibility-Scanner/benchmarks/bugs-dot-jar/jackrabbit-oak/oak-upgrade/target/oak-upgrade-0.16-SNAPSHOT.jar
[INFO] 
[INFO] --- maven-site-plugin:3.3:attach-descriptor (attach-descriptor) @ oak-upgrade ---
[INFO] 
[INFO] --- maven-install-plugin:2.3.1:install (default-install) @ oak-upgrade ---
[INFO] Installing /data-depot/user/Workspace/Reproducibility/Reproducibility-Scanner/benchmarks/bugs-dot-jar/jackrabbit-oak/oak-upgrade/target/oak-upgrade-0.16-SNAPSHOT.jar to /home/user/.m2/repository/org/apache/jackrabbit/oak-upgrade/0.16-SNAPSHOT/oak-upgrade-0.16-SNAPSHOT.jar
[INFO] Installing /data-depot/user/Workspace/Reproducibility/Reproducibility-Scanner/benchmarks/bugs-dot-jar/jackrabbit-oak/oak-upgrade/pom.xml to /home/user/.m2/repository/org/apache/jackrabbit/oak-upgrade/0.16-SNAPSHOT/oak-upgrade-0.16-SNAPSHOT.pom
[INFO] 
[INFO] ------------------< org.apache.jackrabbit:oak-sling >-------------------
[INFO] Building Oak support for Apache Sling 0.16-SNAPSHOT              [10/20]
[INFO] -------------------------------[ bundle ]-------------------------------
[INFO] 
[INFO] --- maven-remote-resources-plugin:1.2.1:process (default) @ oak-sling ---
[INFO] 
[INFO] --- maven-resources-plugin:2.5:resources (default-resources) @ oak-sling ---
[debug] execute contextualize
[INFO] Using 'UTF-8' encoding to copy filtered resources.
[INFO] skip non existing resourceDirectory /data-depot/user/Workspace/Reproducibility/Reproducibility-Scanner/benchmarks/bugs-dot-jar/jackrabbit-oak/oak-sling/src/main/resources
[INFO] Copying 3 resources
[INFO] 
[INFO] --- maven-compiler-plugin:2.3.2:compile (default-compile) @ oak-sling ---
[INFO] Compiling 2 source files to /data-depot/user/Workspace/Reproducibility/Reproducibility-Scanner/benchmarks/bugs-dot-jar/jackrabbit-oak/oak-sling/target/classes
[INFO] 
[INFO] --- maven-resources-plugin:2.5:testResources (default-testResources) @ oak-sling ---
[debug] execute contextualize
[INFO] Using 'UTF-8' encoding to copy filtered resources.
[INFO] skip non existing resourceDirectory /data-depot/user/Workspace/Reproducibility/Reproducibility-Scanner/benchmarks/bugs-dot-jar/jackrabbit-oak/oak-sling/src/test/resources
[INFO] Copying 3 resources
[INFO] 
[INFO] --- maven-compiler-plugin:2.3.2:testCompile (default-testCompile) @ oak-sling ---
[INFO] No sources to compile
[INFO] 
[INFO] --- maven-surefire-plugin:2.9:test (default-test) @ oak-sling ---
[INFO] Tests are skipped.
[INFO] 
[INFO] --- maven-bundle-plugin:2.4.0:bundle (default-bundle) @ oak-sling ---
[INFO] 
[INFO] --- maven-site-plugin:3.3:attach-descriptor (attach-descriptor) @ oak-sling ---
[INFO] 
[INFO] --- maven-install-plugin:2.3.1:install (default-install) @ oak-sling ---
[INFO] Installing /data-depot/user/Workspace/Reproducibility/Reproducibility-Scanner/benchmarks/bugs-dot-jar/jackrabbit-oak/oak-sling/target/oak-sling-0.16-SNAPSHOT.jar to /home/user/.m2/repository/org/apache/jackrabbit/oak-sling/0.16-SNAPSHOT/oak-sling-0.16-SNAPSHOT.jar
[INFO] Installing /data-depot/user/Workspace/Reproducibility/Reproducibility-Scanner/benchmarks/bugs-dot-jar/jackrabbit-oak/oak-sling/pom.xml to /home/user/.m2/repository/org/apache/jackrabbit/oak-sling/0.16-SNAPSHOT/oak-sling-0.16-SNAPSHOT.pom
[INFO] 
[INFO] --- maven-bundle-plugin:2.4.0:install (default-install) @ oak-sling ---
[INFO] Local OBR update disabled (enable with -DobrRepository)
[INFO] 
[INFO] -------------------< org.apache.jackrabbit:oak-http >-------------------
[INFO] Building Oak HTTP Binding 0.16-SNAPSHOT                          [11/20]
[INFO] -------------------------------[ bundle ]-------------------------------
[INFO] 
[INFO] --- maven-remote-resources-plugin:1.2.1:process (default) @ oak-http ---
[INFO] 
[INFO] --- maven-resources-plugin:2.5:resources (default-resources) @ oak-http ---
[debug] execute contextualize
[INFO] Using 'UTF-8' encoding to copy filtered resources.
[INFO] skip non existing resourceDirectory /data-depot/user/Workspace/Reproducibility/Reproducibility-Scanner/benchmarks/bugs-dot-jar/jackrabbit-oak/oak-http/src/main/resources
[INFO] Copying 3 resources
[INFO] 
[INFO] --- maven-compiler-plugin:2.3.2:compile (default-compile) @ oak-http ---
[INFO] Compiling 8 source files to /data-depot/user/Workspace/Reproducibility/Reproducibility-Scanner/benchmarks/bugs-dot-jar/jackrabbit-oak/oak-http/target/classes
[INFO] 
[INFO] --- maven-resources-plugin:2.5:testResources (default-testResources) @ oak-http ---
[debug] execute contextualize
[INFO] Using 'UTF-8' encoding to copy filtered resources.
[INFO] skip non existing resourceDirectory /data-depot/user/Workspace/Reproducibility/Reproducibility-Scanner/benchmarks/bugs-dot-jar/jackrabbit-oak/oak-http/src/test/resources
[INFO] Copying 3 resources
[INFO] 
[INFO] --- maven-compiler-plugin:2.3.2:testCompile (default-testCompile) @ oak-http ---
[INFO] Compiling 1 source file to /data-depot/user/Workspace/Reproducibility/Reproducibility-Scanner/benchmarks/bugs-dot-jar/jackrabbit-oak/oak-http/target/test-classes
[INFO] 
[INFO] --- maven-surefire-plugin:2.9:test (default-test) @ oak-http ---
[INFO] Tests are skipped.
[INFO] 
[INFO] --- maven-bundle-plugin:2.4.0:bundle (default-bundle) @ oak-http ---
[INFO] 
[INFO] --- maven-site-plugin:3.3:attach-descriptor (attach-descriptor) @ oak-http ---
[INFO] 
[INFO] --- maven-install-plugin:2.3.1:install (default-install) @ oak-http ---
[INFO] Installing /data-depot/user/Workspace/Reproducibility/Reproducibility-Scanner/benchmarks/bugs-dot-jar/jackrabbit-oak/oak-http/target/oak-http-0.16-SNAPSHOT.jar to /home/user/.m2/repository/org/apache/jackrabbit/oak-http/0.16-SNAPSHOT/oak-http-0.16-SNAPSHOT.jar
[INFO] Installing /data-depot/user/Workspace/Reproducibility/Reproducibility-Scanner/benchmarks/bugs-dot-jar/jackrabbit-oak/oak-http/pom.xml to /home/user/.m2/repository/org/apache/jackrabbit/oak-http/0.16-SNAPSHOT/oak-http-0.16-SNAPSHOT.pom
[INFO] 
[INFO] --- maven-bundle-plugin:2.4.0:install (default-install) @ oak-http ---
[INFO] Local OBR update disabled (enable with -DobrRepository)
[INFO] 
[INFO] ------------------< org.apache.jackrabbit:oak-lucene >------------------
[INFO] Building Oak Lucene 0.16-SNAPSHOT                                [12/20]
[INFO] -------------------------------[ bundle ]-------------------------------
[INFO] 
[INFO] --- maven-remote-resources-plugin:1.2.1:process (default) @ oak-lucene ---
[INFO] 
[INFO] --- maven-resources-plugin:2.5:resources (default-resources) @ oak-lucene ---
[debug] execute contextualize
[INFO] Using 'UTF-8' encoding to copy filtered resources.
[INFO] skip non existing resourceDirectory /data-depot/user/Workspace/Reproducibility/Reproducibility-Scanner/benchmarks/bugs-dot-jar/jackrabbit-oak/oak-lucene/src/main/resources
[INFO] Copying 3 resources
[INFO] 
[INFO] --- maven-compiler-plugin:2.3.2:compile (default-compile) @ oak-lucene ---
[INFO] Compiling 16 source files to /data-depot/user/Workspace/Reproducibility/Reproducibility-Scanner/benchmarks/bugs-dot-jar/jackrabbit-oak/oak-lucene/target/classes
[INFO] 
[INFO] --- maven-scr-plugin:1.15.0:scr (generate-scr-scrdescriptor) @ oak-lucene ---
[INFO] Writing 1 Service Component Descriptors to /data-depot/user/Workspace/Reproducibility/Reproducibility-Scanner/benchmarks/bugs-dot-jar/jackrabbit-oak/oak-lucene/target/classes/OSGI-INF/org.apache.jackrabbit.oak.plugins.index.lucene.LuceneIndexProvider.xml
[INFO] Writing 1 Service Component Descriptors to /data-depot/user/Workspace/Reproducibility/Reproducibility-Scanner/benchmarks/bugs-dot-jar/jackrabbit-oak/oak-lucene/target/classes/OSGI-INF/org.apache.jackrabbit.oak.plugins.index.lucene.LuceneIndexEditorProvider.xml
[INFO] 
[INFO] --- maven-resources-plugin:2.5:testResources (default-testResources) @ oak-lucene ---
[debug] execute contextualize
[INFO] Using 'UTF-8' encoding to copy filtered resources.
[INFO] Copying 4 resources
[INFO] Copying 3 resources
[INFO] 
[INFO] --- maven-compiler-plugin:2.3.2:testCompile (default-testCompile) @ oak-lucene ---
[INFO] Compiling 9 source files to /data-depot/user/Workspace/Reproducibility/Reproducibility-Scanner/benchmarks/bugs-dot-jar/jackrabbit-oak/oak-lucene/target/test-classes
[INFO] 
[INFO] --- maven-surefire-plugin:2.9:test (default-test) @ oak-lucene ---
[INFO] Tests are skipped.
[INFO] 
[INFO] --- maven-bundle-plugin:2.4.0:bundle (default-bundle) @ oak-lucene ---
[WARNING] Bundle org.apache.jackrabbit:oak-lucene:bundle:0.16-SNAPSHOT : Export org.apache.jackrabbit.oak.plugins.index.lucene,  has 4,  private references [org.apache.lucene.document, org.apache.lucene.index, org.apache.lucene.util, org.apache.lucene.analysis], 
[WARNING] Bundle org.apache.jackrabbit:oak-lucene:bundle:0.16-SNAPSHOT : Export org.apache.jackrabbit.oak.plugins.index.lucene.util,  has 4,  private references [org.apache.lucene.util, org.apache.lucene.analysis.util, org.apache.lucene.analysis, org.apache.lucene.analysis.tokenattributes], 
[INFO] 
[INFO] --- maven-site-plugin:3.3:attach-descriptor (attach-descriptor) @ oak-lucene ---
[INFO] 
[INFO] --- maven-install-plugin:2.3.1:install (default-install) @ oak-lucene ---
[INFO] Installing /data-depot/user/Workspace/Reproducibility/Reproducibility-Scanner/benchmarks/bugs-dot-jar/jackrabbit-oak/oak-lucene/target/oak-lucene-0.16-SNAPSHOT.jar to /home/user/.m2/repository/org/apache/jackrabbit/oak-lucene/0.16-SNAPSHOT/oak-lucene-0.16-SNAPSHOT.jar
[INFO] Installing /data-depot/user/Workspace/Reproducibility/Reproducibility-Scanner/benchmarks/bugs-dot-jar/jackrabbit-oak/oak-lucene/pom.xml to /home/user/.m2/repository/org/apache/jackrabbit/oak-lucene/0.16-SNAPSHOT/oak-lucene-0.16-SNAPSHOT.pom
[INFO] 
[INFO] --- maven-bundle-plugin:2.4.0:install (default-install) @ oak-lucene ---
[INFO] Local OBR update disabled (enable with -DobrRepository)
[INFO] 
[INFO] ----------------< org.apache.jackrabbit:oak-solr-core >-----------------
[INFO] Building Oak Solr core 0.16-SNAPSHOT                             [13/20]
[INFO] -------------------------------[ bundle ]-------------------------------
[INFO] 
[INFO] --- maven-remote-resources-plugin:1.2.1:process (default) @ oak-solr-core ---
[INFO] 
[INFO] --- maven-resources-plugin:2.5:resources (default-resources) @ oak-solr-core ---
[debug] execute contextualize
[INFO] Using 'UTF-8' encoding to copy filtered resources.
[INFO] Copying 5 resources
[INFO] Copying 3 resources
[INFO] 
[INFO] --- maven-compiler-plugin:2.3.2:compile (default-compile) @ oak-solr-core ---
[INFO] Compiling 21 source files to /data-depot/user/Workspace/Reproducibility/Reproducibility-Scanner/benchmarks/bugs-dot-jar/jackrabbit-oak/oak-solr-core/target/classes
[INFO] 
[INFO] --- maven-scr-plugin:1.15.0:scr (generate-scr-scrdescriptor) @ oak-solr-core ---
[INFO] Writing 1 Service Component Descriptors to /data-depot/user/Workspace/Reproducibility/Reproducibility-Scanner/benchmarks/bugs-dot-jar/jackrabbit-oak/oak-solr-core/target/classes/OSGI-INF/org.apache.jackrabbit.oak.plugins.index.solr.osgi.SolrIndexEditorProviderService.xml
[INFO] Writing 1 Service Component Descriptors to /data-depot/user/Workspace/Reproducibility/Reproducibility-Scanner/benchmarks/bugs-dot-jar/jackrabbit-oak/oak-solr-core/target/classes/OSGI-INF/org.apache.jackrabbit.oak.plugins.index.solr.osgi.SolrQueryIndexProviderService.xml
[INFO] 
[INFO] --- maven-resources-plugin:2.5:testResources (default-testResources) @ oak-solr-core ---
[debug] execute contextualize
[INFO] Using 'UTF-8' encoding to copy filtered resources.
[INFO] Copying 9 resources
[INFO] Copying 3 resources
[INFO] 
[INFO] --- maven-compiler-plugin:2.3.2:testCompile (default-testCompile) @ oak-solr-core ---
[INFO] Compiling 8 source files to /data-depot/user/Workspace/Reproducibility/Reproducibility-Scanner/benchmarks/bugs-dot-jar/jackrabbit-oak/oak-solr-core/target/test-classes
[INFO] 
[INFO] --- maven-surefire-plugin:2.9:test (default-test) @ oak-solr-core ---
[INFO] Tests are skipped.
[INFO] 
[INFO] --- maven-bundle-plugin:2.4.0:bundle (default-bundle) @ oak-solr-core ---
[WARNING] Bundle org.apache.jackrabbit:oak-solr-core:bundle:0.16-SNAPSHOT : Export org.apache.jackrabbit.oak.plugins.index.solr.query,  has 1,  private references [org.apache.solr.client.solrj], 
[WARNING] Bundle org.apache.jackrabbit:oak-solr-core:bundle:0.16-SNAPSHOT : Export org.apache.jackrabbit.oak.plugins.index.solr.server,  has 1,  private references [org.apache.solr.client.solrj], 
[WARNING] Bundle org.apache.jackrabbit:oak-solr-core:bundle:0.16-SNAPSHOT : Export org.apache.jackrabbit.oak.plugins.index.solr.util,  has 1,  private references [org.apache.solr.client.solrj], 
[INFO] 
[INFO] --- maven-site-plugin:3.3:attach-descriptor (attach-descriptor) @ oak-solr-core ---
[INFO] 
[INFO] --- maven-failsafe-plugin:2.12:integration-test (default) @ oak-solr-core ---
[INFO] Tests are skipped.
[INFO] 
[INFO] --- maven-failsafe-plugin:2.12:verify (default) @ oak-solr-core ---
[INFO] Tests are skipped.
[INFO] 
[INFO] --- maven-install-plugin:2.3.1:install (default-install) @ oak-solr-core ---
[INFO] Installing /data-depot/user/Workspace/Reproducibility/Reproducibility-Scanner/benchmarks/bugs-dot-jar/jackrabbit-oak/oak-solr-core/target/oak-solr-core-0.16-SNAPSHOT.jar to /home/user/.m2/repository/org/apache/jackrabbit/oak-solr-core/0.16-SNAPSHOT/oak-solr-core-0.16-SNAPSHOT.jar
[INFO] Installing /data-depot/user/Workspace/Reproducibility/Reproducibility-Scanner/benchmarks/bugs-dot-jar/jackrabbit-oak/oak-solr-core/pom.xml to /home/user/.m2/repository/org/apache/jackrabbit/oak-solr-core/0.16-SNAPSHOT/oak-solr-core-0.16-SNAPSHOT.pom
[INFO] 
[INFO] --- maven-bundle-plugin:2.4.0:install (default-install) @ oak-solr-core ---
[INFO] Local OBR update disabled (enable with -DobrRepository)
[INFO] 
[INFO] ---------------< org.apache.jackrabbit:oak-solr-remote >----------------
[INFO] Building Oak Solr remote 0.16-SNAPSHOT                           [14/20]
[INFO] -------------------------------[ bundle ]-------------------------------
[INFO] 
[INFO] --- maven-remote-resources-plugin:1.2.1:process (default) @ oak-solr-remote ---
[INFO] 
[INFO] --- maven-resources-plugin:2.5:resources (default-resources) @ oak-solr-remote ---
[debug] execute contextualize
[INFO] Using 'UTF-8' encoding to copy filtered resources.
[INFO] Copying 3 resources
[INFO] Copying 3 resources
[INFO] 
[INFO] --- maven-compiler-plugin:2.3.2:compile (default-compile) @ oak-solr-remote ---
[INFO] Compiling 2 source files to /data-depot/user/Workspace/Reproducibility/Reproducibility-Scanner/benchmarks/bugs-dot-jar/jackrabbit-oak/oak-solr-remote/target/classes
[INFO] 
[INFO] --- maven-scr-plugin:1.15.0:scr (generate-scr-scrdescriptor) @ oak-solr-remote ---
[INFO] Generating 1 MetaType Descriptors in /data-depot/user/Workspace/Reproducibility/Reproducibility-Scanner/benchmarks/bugs-dot-jar/jackrabbit-oak/oak-solr-remote/target/classes/OSGI-INF/metatype/org.apache.jackrabbit.oak.plugins.index.solr.http.RemoteSolrServerProvider.xml
[INFO] Generating 1 MetaType Descriptors in /data-depot/user/Workspace/Reproducibility/Reproducibility-Scanner/benchmarks/bugs-dot-jar/jackrabbit-oak/oak-solr-remote/target/classes/OSGI-INF/metatype/org.apache.jackrabbit.oak.plugins.index.solr.http.RemoteSolrConfigurationProvider.xml
[INFO] Writing 1 Service Component Descriptors to /data-depot/user/Workspace/Reproducibility/Reproducibility-Scanner/benchmarks/bugs-dot-jar/jackrabbit-oak/oak-solr-remote/target/classes/OSGI-INF/org.apache.jackrabbit.oak.plugins.index.solr.http.RemoteSolrServerProvider.xml
[INFO] Writing 1 Service Component Descriptors to /data-depot/user/Workspace/Reproducibility/Reproducibility-Scanner/benchmarks/bugs-dot-jar/jackrabbit-oak/oak-solr-remote/target/classes/OSGI-INF/org.apache.jackrabbit.oak.plugins.index.solr.http.RemoteSolrConfigurationProvider.xml
[INFO] 
[INFO] --- maven-resources-plugin:2.5:testResources (default-testResources) @ oak-solr-remote ---
[debug] execute contextualize
[INFO] Using 'UTF-8' encoding to copy filtered resources.
[INFO] skip non existing resourceDirectory /data-depot/user/Workspace/Reproducibility/Reproducibility-Scanner/benchmarks/bugs-dot-jar/jackrabbit-oak/oak-solr-remote/src/test/resources
[INFO] Copying 3 resources
[INFO] 
[INFO] --- maven-compiler-plugin:2.3.2:testCompile (default-testCompile) @ oak-solr-remote ---
[INFO] Compiling 1 source file to /data-depot/user/Workspace/Reproducibility/Reproducibility-Scanner/benchmarks/bugs-dot-jar/jackrabbit-oak/oak-solr-remote/target/test-classes
[INFO] 
[INFO] --- maven-surefire-plugin:2.9:test (default-test) @ oak-solr-remote ---
[INFO] Tests are skipped.
[INFO] 
[INFO] --- maven-bundle-plugin:2.4.0:bundle (default-bundle) @ oak-solr-remote ---
[INFO] 
[INFO] --- maven-site-plugin:3.3:attach-descriptor (attach-descriptor) @ oak-solr-remote ---
[INFO] 
[INFO] --- maven-install-plugin:2.3.1:install (default-install) @ oak-solr-remote ---
[INFO] Installing /data-depot/user/Workspace/Reproducibility/Reproducibility-Scanner/benchmarks/bugs-dot-jar/jackrabbit-oak/oak-solr-remote/target/oak-solr-remote-0.16-SNAPSHOT.jar to /home/user/.m2/repository/org/apache/jackrabbit/oak-solr-remote/0.16-SNAPSHOT/oak-solr-remote-0.16-SNAPSHOT.jar
[INFO] Installing /data-depot/user/Workspace/Reproducibility/Reproducibility-Scanner/benchmarks/bugs-dot-jar/jackrabbit-oak/oak-solr-remote/pom.xml to /home/user/.m2/repository/org/apache/jackrabbit/oak-solr-remote/0.16-SNAPSHOT/oak-solr-remote-0.16-SNAPSHOT.pom
[INFO] 
[INFO] --- maven-bundle-plugin:2.4.0:install (default-install) @ oak-solr-remote ---
[INFO] Local OBR update disabled (enable with -DobrRepository)
[INFO] 
[INFO] --------------< org.apache.jackrabbit:oak-solr-embedded >---------------
[INFO] Building Oak Solr embedded 0.16-SNAPSHOT                         [15/20]
[INFO] -------------------------------[ bundle ]-------------------------------
[INFO] 
[INFO] --- maven-remote-resources-plugin:1.2.1:process (default) @ oak-solr-embedded ---
[INFO] 
[INFO] --- maven-resources-plugin:2.5:resources (default-resources) @ oak-solr-embedded ---
[debug] execute contextualize
[INFO] Using 'UTF-8' encoding to copy filtered resources.
[INFO] Copying 5 resources
[INFO] Copying 3 resources
[INFO] 
[INFO] --- maven-compiler-plugin:2.3.2:compile (default-compile) @ oak-solr-embedded ---
[INFO] Compiling 5 source files to /data-depot/user/Workspace/Reproducibility/Reproducibility-Scanner/benchmarks/bugs-dot-jar/jackrabbit-oak/oak-solr-embedded/target/classes
[INFO] 
[INFO] --- maven-scr-plugin:1.15.0:scr (generate-scr-scrdescriptor) @ oak-solr-embedded ---
[INFO] Generating 1 MetaType Descriptors in /data-depot/user/Workspace/Reproducibility/Reproducibility-Scanner/benchmarks/bugs-dot-jar/jackrabbit-oak/oak-solr-embedded/target/classes/OSGI-INF/metatype/org.apache.jackrabbit.oak.plugins.index.solr.embedded.osgi.EmbeddedSolrProviderService.xml
[INFO] Generating 1 MetaType Descriptors in /data-depot/user/Workspace/Reproducibility/Reproducibility-Scanner/benchmarks/bugs-dot-jar/jackrabbit-oak/oak-solr-embedded/target/classes/OSGI-INF/metatype/org.apache.jackrabbit.oak.plugins.index.solr.embedded.osgi.OsgiSolrServerConfigurationProvider.xml
[INFO] Writing 1 Service Component Descriptors to /data-depot/user/Workspace/Reproducibility/Reproducibility-Scanner/benchmarks/bugs-dot-jar/jackrabbit-oak/oak-solr-embedded/target/classes/OSGI-INF/org.apache.jackrabbit.oak.plugins.index.solr.embedded.osgi.EmbeddedSolrProviderService.xml
[INFO] Writing 1 Service Component Descriptors to /data-depot/user/Workspace/Reproducibility/Reproducibility-Scanner/benchmarks/bugs-dot-jar/jackrabbit-oak/oak-solr-embedded/target/classes/OSGI-INF/org.apache.jackrabbit.oak.plugins.index.solr.embedded.osgi.OsgiSolrServerConfigurationProvider.xml
[INFO] 
[INFO] --- maven-resources-plugin:2.5:testResources (default-testResources) @ oak-solr-embedded ---
[debug] execute contextualize
[INFO] Using 'UTF-8' encoding to copy filtered resources.
[INFO] skip non existing resourceDirectory /data-depot/user/Workspace/Reproducibility/Reproducibility-Scanner/benchmarks/bugs-dot-jar/jackrabbit-oak/oak-solr-embedded/src/test/resources
[INFO] Copying 3 resources
[INFO] 
[INFO] --- maven-compiler-plugin:2.3.2:testCompile (default-testCompile) @ oak-solr-embedded ---
[INFO] Compiling 1 source file to /data-depot/user/Workspace/Reproducibility/Reproducibility-Scanner/benchmarks/bugs-dot-jar/jackrabbit-oak/oak-solr-embedded/target/test-classes
[INFO] 
[INFO] --- maven-surefire-plugin:2.9:test (default-test) @ oak-solr-embedded ---
[INFO] Tests are skipped.
[INFO] 
[INFO] --- maven-bundle-plugin:2.4.0:bundle (default-bundle) @ oak-solr-embedded ---
[WARNING] Bundle org.apache.jackrabbit:oak-solr-embedded:bundle:0.16-SNAPSHOT : Export org.apache.jackrabbit.oak.plugins.index.solr.embedded,  has 1,  private references [org.apache.solr.client.solrj], 
[INFO] 
[INFO] --- maven-site-plugin:3.3:attach-descriptor (attach-descriptor) @ oak-solr-embedded ---
[INFO] 
[INFO] --- maven-failsafe-plugin:2.12:integration-test (default) @ oak-solr-embedded ---
[INFO] Tests are skipped.
[INFO] 
[INFO] --- maven-failsafe-plugin:2.12:verify (default) @ oak-solr-embedded ---
[INFO] Tests are skipped.
[INFO] 
[INFO] --- maven-install-plugin:2.3.1:install (default-install) @ oak-solr-embedded ---
[INFO] Installing /data-depot/user/Workspace/Reproducibility/Reproducibility-Scanner/benchmarks/bugs-dot-jar/jackrabbit-oak/oak-solr-embedded/target/oak-solr-embedded-0.16-SNAPSHOT.jar to /home/user/.m2/repository/org/apache/jackrabbit/oak-solr-embedded/0.16-SNAPSHOT/oak-solr-embedded-0.16-SNAPSHOT.jar
[INFO] Installing /data-depot/user/Workspace/Reproducibility/Reproducibility-Scanner/benchmarks/bugs-dot-jar/jackrabbit-oak/oak-solr-embedded/pom.xml to /home/user/.m2/repository/org/apache/jackrabbit/oak-solr-embedded/0.16-SNAPSHOT/oak-solr-embedded-0.16-SNAPSHOT.pom
[INFO] 
[INFO] --- maven-bundle-plugin:2.4.0:install (default-install) @ oak-solr-embedded ---
[INFO] Local OBR update disabled (enable with -DobrRepository)
[INFO] 
[INFO] -------------------< org.apache.jackrabbit:oak-run >--------------------
[INFO] Building Oak Runnable Jar 0.16-SNAPSHOT                          [16/20]
[INFO] --------------------------------[ jar ]---------------------------------
[INFO] 
[INFO] --- maven-remote-resources-plugin:1.2.1:process (default) @ oak-run ---
[INFO] 
[INFO] --- maven-resources-plugin:2.5:resources (default-resources) @ oak-run ---
[debug] execute contextualize
[INFO] Using 'UTF-8' encoding to copy filtered resources.
[INFO] Copying 4 resources
[INFO] Copying 3 resources
[INFO] 
[INFO] --- build-helper-maven-plugin:1.7:reserve-network-port (reserve-network-port) @ oak-run ---
[INFO] Reserved port 38241 for jetty.http.port
[INFO] 
[INFO] --- maven-compiler-plugin:2.3.2:compile (default-compile) @ oak-run ---
[INFO] Compiling 51 source files to /data-depot/user/Workspace/Reproducibility/Reproducibility-Scanner/benchmarks/bugs-dot-jar/jackrabbit-oak/oak-run/target/classes
[INFO] 
[INFO] --- maven-resources-plugin:2.5:testResources (default-testResources) @ oak-run ---
[debug] execute contextualize
[INFO] Using 'UTF-8' encoding to copy filtered resources.
[INFO] skip non existing resourceDirectory /data-depot/user/Workspace/Reproducibility/Reproducibility-Scanner/benchmarks/bugs-dot-jar/jackrabbit-oak/oak-run/src/test/resources
[INFO] Copying 3 resources
[INFO] 
[INFO] --- maven-compiler-plugin:2.3.2:testCompile (default-testCompile) @ oak-run ---
[INFO] Compiling 1 source file to /data-depot/user/Workspace/Reproducibility/Reproducibility-Scanner/benchmarks/bugs-dot-jar/jackrabbit-oak/oak-run/target/test-classes
[INFO] 
[INFO] --- maven-surefire-plugin:2.9:test (default-test) @ oak-run ---
[INFO] Tests are skipped.
[INFO] 
[INFO] --- maven-jar-plugin:2.3.1:jar (default-jar) @ oak-run ---
[INFO] Building jar: /data-depot/user/Workspace/Reproducibility/Reproducibility-Scanner/benchmarks/bugs-dot-jar/jackrabbit-oak/oak-run/target/oak-run-0.16-SNAPSHOT.jar
[INFO] 
[INFO] --- maven-site-plugin:3.3:attach-descriptor (attach-descriptor) @ oak-run ---
[INFO] 
[INFO] --- maven-shade-plugin:1.6:shade (default) @ oak-run ---
[INFO] Including org.apache.jackrabbit:oak-jcr:jar:0.16-SNAPSHOT in the shaded jar.
[INFO] Including javax.jcr:jcr:jar:2.0 in the shaded jar.
[INFO] Including org.apache.jackrabbit:oak-core:jar:0.16-SNAPSHOT in the shaded jar.
[INFO] Including org.apache.jackrabbit:oak-mk-api:jar:0.16-SNAPSHOT in the shaded jar.
[INFO] Including org.apache.jackrabbit:oak-mk:jar:0.16-SNAPSHOT in the shaded jar.
[INFO] Including org.apache.jackrabbit:oak-mk-remote:jar:0.16-SNAPSHOT in the shaded jar.
[INFO] Including commons-codec:commons-codec:jar:1.5 in the shaded jar.
[INFO] Including com.googlecode.json-simple:json-simple:jar:1.1 in the shaded jar.
[INFO] Including org.apache.jackrabbit:oak-commons:jar:0.16-SNAPSHOT in the shaded jar.
[INFO] Including com.google.code.findbugs:jsr305:jar:2.0.0 in the shaded jar.
[INFO] Including org.apache.jackrabbit:jackrabbit-api:jar:2.7.3 in the shaded jar.
[INFO] Including org.apache.jackrabbit:jackrabbit-jcr-commons:jar:2.7.3 in the shaded jar.
[INFO] Including com.google.guava:guava:jar:15.0 in the shaded jar.
[INFO] Including org.slf4j:slf4j-api:jar:1.6.6 in the shaded jar.
[INFO] Including org.apache.jackrabbit:oak-http:jar:0.16-SNAPSHOT in the shaded jar.
[INFO] Including org.apache.tika:tika-core:jar:1.1 in the shaded jar.
[INFO] Including com.fasterxml.jackson.core:jackson-core:jar:2.0.0 in the shaded jar.
[INFO] Including com.fasterxml.jackson.core:jackson-databind:jar:2.0.0 in the shaded jar.
[INFO] Including com.fasterxml.jackson.core:jackson-annotations:jar:2.0.0 in the shaded jar.
[INFO] Including com.fasterxml.jackson.dataformat:jackson-dataformat-smile:jar:2.0.2 in the shaded jar.
[INFO] Including org.apache.jackrabbit:oak-upgrade:jar:0.16-SNAPSHOT in the shaded jar.
[INFO] Including org.apache.jackrabbit:jackrabbit-spi:jar:2.7.3 in the shaded jar.
[INFO] Including com.h2database:h2:jar:1.3.158 in the shaded jar.
[INFO] Including org.mongodb:mongo-java-driver:jar:2.11.3 in the shaded jar.
[INFO] Including org.apache.jackrabbit:jackrabbit-jcr-server:jar:2.7.3 in the shaded jar.
[INFO] Including org.apache.jackrabbit:jackrabbit-spi-commons:jar:2.7.3 in the shaded jar.
[INFO] Including org.apache.jackrabbit:jackrabbit-webdav:jar:2.7.3 in the shaded jar.
[INFO] Including commons-httpclient:commons-httpclient:jar:3.1 in the shaded jar.
[INFO] Including commons-fileupload:commons-fileupload:jar:1.2.1 in the shaded jar.
[INFO] Including org.apache.jackrabbit:jackrabbit-core:jar:2.7.3 in the shaded jar.
[INFO] Including concurrent:concurrent:jar:1.3.4 in the shaded jar.
[INFO] Including commons-collections:commons-collections:jar:3.2.1 in the shaded jar.
[INFO] Including commons-io:commons-io:jar:2.2 in the shaded jar.
[INFO] Including commons-dbcp:commons-dbcp:jar:1.3 in the shaded jar.
[INFO] Including commons-pool:commons-pool:jar:1.5.4 in the shaded jar.
[INFO] Including org.apache.lucene:lucene-core:jar:3.6.0 in the shaded jar.
[INFO] Including org.apache.derby:derby:jar:10.5.3.0_1 in the shaded jar.
[INFO] Including org.slf4j:jcl-over-slf4j:jar:1.7.4 in the shaded jar.
[INFO] Including org.apache.commons:commons-math:jar:2.0 in the shaded jar.
[INFO] Including org.eclipse.jetty:jetty-servlet:jar:8.1.2.v20120308 in the shaded jar.
[INFO] Including org.eclipse.jetty:jetty-security:jar:8.1.2.v20120308 in the shaded jar.
[INFO] Including org.eclipse.jetty:jetty-server:jar:8.1.2.v20120308 in the shaded jar.
[INFO] Including org.eclipse.jetty.orbit:javax.servlet:jar:3.0.0.v201112011016 in the shaded jar.
[INFO] Including org.eclipse.jetty:jetty-continuation:jar:8.1.2.v20120308 in the shaded jar.
[INFO] Including org.eclipse.jetty:jetty-http:jar:8.1.2.v20120308 in the shaded jar.
[INFO] Including org.eclipse.jetty:jetty-io:jar:8.1.2.v20120308 in the shaded jar.
[INFO] Including org.eclipse.jetty:jetty-util:jar:8.1.2.v20120308 in the shaded jar.
[INFO] Including net.sf.jopt-simple:jopt-simple:jar:4.4 in the shaded jar.
[INFO] Including ch.qos.logback:logback-classic:jar:1.0.11 in the shaded jar.
[INFO] Including ch.qos.logback:logback-core:jar:1.0.11 in the shaded jar.
[WARNING] We have a duplicate org/json/simple/ItemList.class in /home/user/.m2/repository/com/googlecode/json-simple/json-simple/1.1/json-simple-1.1.jar
[WARNING] We have a duplicate org/json/simple/JSONArray.class in /home/user/.m2/repository/com/googlecode/json-simple/json-simple/1.1/json-simple-1.1.jar
[WARNING] We have a duplicate org/json/simple/JSONAware.class in /home/user/.m2/repository/com/googlecode/json-simple/json-simple/1.1/json-simple-1.1.jar
[WARNING] We have a duplicate org/json/simple/JSONObject.class in /home/user/.m2/repository/com/googlecode/json-simple/json-simple/1.1/json-simple-1.1.jar
[WARNING] We have a duplicate org/json/simple/JSONStreamAware.class in /home/user/.m2/repository/com/googlecode/json-simple/json-simple/1.1/json-simple-1.1.jar
[WARNING] We have a duplicate org/json/simple/JSONValue.class in /home/user/.m2/repository/com/googlecode/json-simple/json-simple/1.1/json-simple-1.1.jar
[WARNING] We have a duplicate org/json/simple/parser/ContainerFactory.class in /home/user/.m2/repository/com/googlecode/json-simple/json-simple/1.1/json-simple-1.1.jar
[WARNING] We have a duplicate org/json/simple/parser/ContentHandler.class in /home/user/.m2/repository/com/googlecode/json-simple/json-simple/1.1/json-simple-1.1.jar
[WARNING] We have a duplicate org/json/simple/parser/JSONParser.class in /home/user/.m2/repository/com/googlecode/json-simple/json-simple/1.1/json-simple-1.1.jar
[WARNING] We have a duplicate org/json/simple/parser/ParseException.class in /home/user/.m2/repository/com/googlecode/json-simple/json-simple/1.1/json-simple-1.1.jar
[WARNING] We have a duplicate org/json/simple/parser/Yylex.class in /home/user/.m2/repository/com/googlecode/json-simple/json-simple/1.1/json-simple-1.1.jar
[WARNING] We have a duplicate org/json/simple/parser/Yytoken.class in /home/user/.m2/repository/com/googlecode/json-simple/json-simple/1.1/json-simple-1.1.jar
[INFO] Replacing original artifact with shaded artifact.
[INFO] Replacing /data-depot/user/Workspace/Reproducibility/Reproducibility-Scanner/benchmarks/bugs-dot-jar/jackrabbit-oak/oak-run/target/oak-run-0.16-SNAPSHOT.jar with /data-depot/user/Workspace/Reproducibility/Reproducibility-Scanner/benchmarks/bugs-dot-jar/jackrabbit-oak/oak-run/target/oak-run-0.16-SNAPSHOT-shaded.jar
[INFO] 
[INFO] --- maven-install-plugin:2.3.1:install (default-install) @ oak-run ---
[INFO] Installing /data-depot/user/Workspace/Reproducibility/Reproducibility-Scanner/benchmarks/bugs-dot-jar/jackrabbit-oak/oak-run/target/oak-run-0.16-SNAPSHOT.jar to /home/user/.m2/repository/org/apache/jackrabbit/oak-run/0.16-SNAPSHOT/oak-run-0.16-SNAPSHOT.jar
[INFO] Installing /data-depot/user/Workspace/Reproducibility/Reproducibility-Scanner/benchmarks/bugs-dot-jar/jackrabbit-oak/oak-run/pom.xml to /home/user/.m2/repository/org/apache/jackrabbit/oak-run/0.16-SNAPSHOT/oak-run-0.16-SNAPSHOT.pom
[INFO] 
[INFO] ------------------< org.apache.jackrabbit:oak-it-mk >-------------------
[INFO] Building Oak Integration Tests for MicroKernel implementations 0.16-SNAPSHOT [17/20]
[INFO] --------------------------------[ jar ]---------------------------------
[INFO] 
[INFO] --- maven-remote-resources-plugin:1.2.1:process (default) @ oak-it-mk ---
[INFO] 
[INFO] --- maven-resources-plugin:2.5:resources (default-resources) @ oak-it-mk ---
[debug] execute contextualize
[INFO] Using 'UTF-8' encoding to copy filtered resources.
[INFO] skip non existing resourceDirectory /data-depot/user/Workspace/Reproducibility/Reproducibility-Scanner/benchmarks/bugs-dot-jar/jackrabbit-oak/oak-it/mk/src/main/resources
[INFO] Copying 3 resources
[INFO] 
[INFO] --- maven-compiler-plugin:2.3.2:compile (default-compile) @ oak-it-mk ---
[INFO] Compiling 6 source files to /data-depot/user/Workspace/Reproducibility/Reproducibility-Scanner/benchmarks/bugs-dot-jar/jackrabbit-oak/oak-it/mk/target/classes
[INFO] 
[INFO] --- maven-resources-plugin:2.5:testResources (default-testResources) @ oak-it-mk ---
[debug] execute contextualize
[INFO] Using 'UTF-8' encoding to copy filtered resources.
[INFO] Copying 3 resources
[INFO] Copying 3 resources
[INFO] 
[INFO] --- maven-compiler-plugin:2.3.2:testCompile (default-testCompile) @ oak-it-mk ---
[INFO] Compiling 7 source files to /data-depot/user/Workspace/Reproducibility/Reproducibility-Scanner/benchmarks/bugs-dot-jar/jackrabbit-oak/oak-it/mk/target/test-classes
[INFO] 
[INFO] --- maven-surefire-plugin:2.9:test (default-test) @ oak-it-mk ---
[INFO] Tests are skipped.
[INFO] 
[INFO] --- maven-jar-plugin:2.3.1:jar (default-jar) @ oak-it-mk ---
[INFO] Building jar: /data-depot/user/Workspace/Reproducibility/Reproducibility-Scanner/benchmarks/bugs-dot-jar/jackrabbit-oak/oak-it/mk/target/oak-it-mk-0.16-SNAPSHOT.jar
[INFO] 
[INFO] --- maven-site-plugin:3.3:attach-descriptor (attach-descriptor) @ oak-it-mk ---
[INFO] 
[INFO] --- maven-install-plugin:2.3.1:install (default-install) @ oak-it-mk ---
[INFO] Installing /data-depot/user/Workspace/Reproducibility/Reproducibility-Scanner/benchmarks/bugs-dot-jar/jackrabbit-oak/oak-it/mk/target/oak-it-mk-0.16-SNAPSHOT.jar to /home/user/.m2/repository/org/apache/jackrabbit/oak-it-mk/0.16-SNAPSHOT/oak-it-mk-0.16-SNAPSHOT.jar
[INFO] Installing /data-depot/user/Workspace/Reproducibility/Reproducibility-Scanner/benchmarks/bugs-dot-jar/jackrabbit-oak/oak-it/mk/pom.xml to /home/user/.m2/repository/org/apache/jackrabbit/oak-it-mk/0.16-SNAPSHOT/oak-it-mk-0.16-SNAPSHOT.pom
[INFO] 
[INFO] -----------------< org.apache.jackrabbit:oak-it-osgi >------------------
[INFO] Building Oak Integration Tests for OSGi deployments 0.16-SNAPSHOT [18/20]
[INFO] --------------------------------[ jar ]---------------------------------
[INFO] 
[INFO] --- maven-remote-resources-plugin:1.2.1:process (default) @ oak-it-osgi ---
[INFO] 
[INFO] --- maven-resources-plugin:2.5:resources (default-resources) @ oak-it-osgi ---
[debug] execute contextualize
[INFO] Using 'UTF-8' encoding to copy filtered resources.
[INFO] skip non existing resourceDirectory /data-depot/user/Workspace/Reproducibility/Reproducibility-Scanner/benchmarks/bugs-dot-jar/jackrabbit-oak/oak-it/osgi/src/main/resources
[INFO] Copying 3 resources
[INFO] 
[INFO] --- maven-compiler-plugin:2.3.2:compile (default-compile) @ oak-it-osgi ---
[INFO] No sources to compile
[INFO] 
[INFO] --- maven-resources-plugin:2.5:testResources (default-testResources) @ oak-it-osgi ---
[debug] execute contextualize
[INFO] Using 'UTF-8' encoding to copy filtered resources.
[INFO] skip non existing resourceDirectory /data-depot/user/Workspace/Reproducibility/Reproducibility-Scanner/benchmarks/bugs-dot-jar/jackrabbit-oak/oak-it/osgi/src/test/resources
[INFO] Copying 3 resources
[INFO] 
[INFO] --- maven-compiler-plugin:2.3.2:testCompile (default-testCompile) @ oak-it-osgi ---
[INFO] Compiling 1 source file to /data-depot/user/Workspace/Reproducibility/Reproducibility-Scanner/benchmarks/bugs-dot-jar/jackrabbit-oak/oak-it/osgi/target/test-classes
[INFO] 
[INFO] --- maven-surefire-plugin:2.9:test (default-test) @ oak-it-osgi ---
[INFO] Tests are skipped.
[INFO] 
[INFO] --- maven-jar-plugin:2.3.1:jar (default-jar) @ oak-it-osgi ---
[INFO] Building jar: /data-depot/user/Workspace/Reproducibility/Reproducibility-Scanner/benchmarks/bugs-dot-jar/jackrabbit-oak/oak-it/osgi/target/oak-it-osgi-0.16-SNAPSHOT.jar
[INFO] 
[INFO] --- maven-site-plugin:3.3:attach-descriptor (attach-descriptor) @ oak-it-osgi ---
[INFO] 
[INFO] --- maven-assembly-plugin:2.2.1:single (default) @ oak-it-osgi ---
[INFO] oak-core.jar already added, skipping
[INFO] Copying files to /data-depot/user/Workspace/Reproducibility/Reproducibility-Scanner/benchmarks/bugs-dot-jar/jackrabbit-oak/oak-it/osgi/target/test-bundles
[INFO] oak-core.jar already added, skipping
[INFO] 
[INFO] --- maven-install-plugin:2.3.1:install (default-install) @ oak-it-osgi ---
[INFO] Installing /data-depot/user/Workspace/Reproducibility/Reproducibility-Scanner/benchmarks/bugs-dot-jar/jackrabbit-oak/oak-it/osgi/target/oak-it-osgi-0.16-SNAPSHOT.jar to /home/user/.m2/repository/org/apache/jackrabbit/oak-it-osgi/0.16-SNAPSHOT/oak-it-osgi-0.16-SNAPSHOT.jar
[INFO] Installing /data-depot/user/Workspace/Reproducibility/Reproducibility-Scanner/benchmarks/bugs-dot-jar/jackrabbit-oak/oak-it/osgi/pom.xml to /home/user/.m2/repository/org/apache/jackrabbit/oak-it-osgi/0.16-SNAPSHOT/oak-it-osgi-0.16-SNAPSHOT.pom
[INFO] 
[INFO] --------------------< org.apache.jackrabbit:oak-it >--------------------
[INFO] Building Oak Integration Tests 0.16-SNAPSHOT                     [19/20]
[INFO] --------------------------------[ pom ]---------------------------------
[INFO] 
[INFO] --- maven-remote-resources-plugin:1.2.1:process (default) @ oak-it ---
[INFO] 
[INFO] --- maven-site-plugin:3.3:attach-descriptor (attach-descriptor) @ oak-it ---
[INFO] 
[INFO] --- maven-install-plugin:2.3.1:install (default-install) @ oak-it ---
[INFO] Installing /data-depot/user/Workspace/Reproducibility/Reproducibility-Scanner/benchmarks/bugs-dot-jar/jackrabbit-oak/oak-it/pom.xml to /home/user/.m2/repository/org/apache/jackrabbit/oak-it/0.16-SNAPSHOT/oak-it-0.16-SNAPSHOT.pom
[INFO] 
[INFO] ----------------< org.apache.jackrabbit:jackrabbit-oak >----------------
[INFO] Building Jackrabbit Oak 0.16-SNAPSHOT                            [20/20]
[INFO] --------------------------------[ pom ]---------------------------------
[INFO] 
[INFO] --- maven-remote-resources-plugin:1.2.1:process (default) @ jackrabbit-oak ---
[INFO] 
[INFO] --- maven-site-plugin:3.3:attach-descriptor (attach-descriptor) @ jackrabbit-oak ---
[INFO] 
[INFO] --- maven-install-plugin:2.3.1:install (default-install) @ jackrabbit-oak ---
[INFO] Installing /data-depot/user/Workspace/Reproducibility/Reproducibility-Scanner/benchmarks/bugs-dot-jar/jackrabbit-oak/pom.xml to /home/user/.m2/repository/org/apache/jackrabbit/jackrabbit-oak/0.16-SNAPSHOT/jackrabbit-oak-0.16-SNAPSHOT.pom
[INFO] ------------------------------------------------------------------------
[INFO] Reactor Summary:
[INFO] 
[INFO] Oak Parent POM ..................................... SUCCESS [  0.930 s]
[INFO] Oak Documentation .................................. SUCCESS [  0.368 s]
[INFO] Oak Commons ........................................ SUCCESS [  1.631 s]
[INFO] Oak MicroKernel API ................................ SUCCESS [  0.505 s]
[INFO] Oak MicroKernel .................................... SUCCESS [  2.554 s]
[INFO] Oak MicroKernel Remoting ........................... SUCCESS [  1.059 s]
[INFO] Oak Core ........................................... SUCCESS [ 10.210 s]
[INFO] Oak JCR Binding .................................... SUCCESS [  6.334 s]
[INFO] Oak upgrade ........................................ SUCCESS [  1.387 s]
[INFO] Oak support for Apache Sling ....................... SUCCESS [  0.535 s]
[INFO] Oak HTTP Binding ................................... SUCCESS [  0.955 s]
[INFO] Oak Lucene ......................................... SUCCESS [  3.193 s]
[INFO] Oak Solr core ...................................... SUCCESS [  1.956 s]
[INFO] Oak Solr remote .................................... SUCCESS [  1.169 s]
[INFO] Oak Solr embedded .................................. SUCCESS [  3.049 s]
[INFO] Oak Runnable Jar ................................... SUCCESS [  6.552 s]
[INFO] Oak Integration Tests for MicroKernel implementations SUCCESS [  1.391 s]
[INFO] Oak Integration Tests for OSGi deployments ......... SUCCESS [  1.983 s]
[INFO] Oak Integration Tests .............................. SUCCESS [  0.010 s]
[INFO] Jackrabbit Oak 0.16-SNAPSHOT ....................... SUCCESS [  0.008 s]
[INFO] ------------------------------------------------------------------------
[INFO] BUILD SUCCESS
[INFO] ------------------------------------------------------------------------
[INFO] Total time: 46.394 s
[INFO] Finished at: 2022-07-13T10:35:59-07:00
[INFO] ------------------------------------------------------------------------
[INFO] Scanning for projects...
[INFO] 
[INFO] -------------------< org.apache.jackrabbit:oak-core >-------------------
[INFO] Building Oak Core 0.16-SNAPSHOT
[INFO] -------------------------------[ bundle ]-------------------------------
[INFO] 
[INFO] --- maven-remote-resources-plugin:1.2.1:process (default) @ oak-core ---
[INFO] 
[INFO] --- maven-resources-plugin:2.5:resources (default-resources) @ oak-core ---
[debug] execute contextualize
[INFO] Using 'UTF-8' encoding to copy filtered resources.
[INFO] Copying 2 resources
[INFO] Copying 3 resources
[INFO] 
[INFO] --- maven-compiler-plugin:2.3.2:compile (default-compile) @ oak-core ---
[INFO] Compiling 2 source files to /data-depot/user/Workspace/Reproducibility/Reproducibility-Scanner/benchmarks/bugs-dot-jar/jackrabbit-oak/oak-core/target/classes
[INFO] 
[INFO] --- maven-scr-plugin:1.15.0:scr (generate-scr-scrdescriptor) @ oak-core ---
[WARNING] /data-depot/user/Workspace/Reproducibility/Reproducibility-Scanner/benchmarks/bugs-dot-jar/jackrabbit-oak/oak-core/src/main/java/org/apache/jackrabbit/oak/security/privilege/PrivilegeConfigurationImpl.java [1:1]:  Component org.apache.jackrabbit.oak.security.privilege.PrivilegeConfigurationImpl is using the deprecated inheritance feature and inherits from org.apache.jackrabbit.oak.spi.security.ConfigurationBase. This feature will be removed in future versions.
[WARNING] /data-depot/user/Workspace/Reproducibility/Reproducibility-Scanner/benchmarks/bugs-dot-jar/jackrabbit-oak/oak-core/src/main/java/org/apache/jackrabbit/oak/security/principal/PrincipalConfigurationImpl.java [1:1]:  Component org.apache.jackrabbit.oak.security.principal.PrincipalConfigurationImpl is using the deprecated inheritance feature and inherits from org.apache.jackrabbit.oak.spi.security.ConfigurationBase. This feature will be removed in future versions.
[WARNING] /data-depot/user/Workspace/Reproducibility/Reproducibility-Scanner/benchmarks/bugs-dot-jar/jackrabbit-oak/oak-core/src/main/java/org/apache/jackrabbit/oak/security/authorization/AuthorizationConfigurationImpl.java [1:1]:  Component org.apache.jackrabbit.oak.security.authorization.AuthorizationConfigurationImpl is using the deprecated inheritance feature and inherits from org.apache.jackrabbit.oak.spi.security.ConfigurationBase. This feature will be removed in future versions.
[WARNING] /data-depot/user/Workspace/Reproducibility/Reproducibility-Scanner/benchmarks/bugs-dot-jar/jackrabbit-oak/oak-core/src/main/java/org/apache/jackrabbit/oak/security/user/UserConfigurationImpl.java [1:1]:  Component org.apache.jackrabbit.oak.security.user.UserConfigurationImpl is using the deprecated inheritance feature and inherits from org.apache.jackrabbit.oak.spi.security.ConfigurationBase. This feature will be removed in future versions.
[WARNING] /data-depot/user/Workspace/Reproducibility/Reproducibility-Scanner/benchmarks/bugs-dot-jar/jackrabbit-oak/oak-core/src/main/java/org/apache/jackrabbit/oak/security/authentication/AuthenticationConfigurationImpl.java [1:1]:  Component org.apache.jackrabbit.oak.security.authentication.AuthenticationConfigurationImpl is using the deprecated inheritance feature and inherits from org.apache.jackrabbit.oak.spi.security.ConfigurationBase. This feature will be removed in future versions.
[WARNING] /data-depot/user/Workspace/Reproducibility/Reproducibility-Scanner/benchmarks/bugs-dot-jar/jackrabbit-oak/oak-core/src/main/java/org/apache/jackrabbit/oak/security/authentication/token/TokenConfigurationImpl.java [1:1]:  Component org.apache.jackrabbit.oak.security.authentication.token.TokenConfigurationImpl is using the deprecated inheritance feature and inherits from org.apache.jackrabbit.oak.spi.security.ConfigurationBase. This feature will be removed in future versions.
[INFO] Generating 1 MetaType Descriptors in /data-depot/user/Workspace/Reproducibility/Reproducibility-Scanner/benchmarks/bugs-dot-jar/jackrabbit-oak/oak-core/target/classes/OSGI-INF/metatype/org.apache.jackrabbit.oak.plugins.document.DocumentNodeStoreService.xml
[INFO] Writing 1 Service Component Descriptors to /data-depot/user/Workspace/Reproducibility/Reproducibility-Scanner/benchmarks/bugs-dot-jar/jackrabbit-oak/oak-core/target/classes/OSGI-INF/org.apache.jackrabbit.oak.security.privilege.PrivilegeConfigurationImpl.xml
[INFO] Writing 1 Service Component Descriptors to /data-depot/user/Workspace/Reproducibility/Reproducibility-Scanner/benchmarks/bugs-dot-jar/jackrabbit-oak/oak-core/target/classes/OSGI-INF/org.apache.jackrabbit.oak.security.principal.PrincipalConfigurationImpl.xml
[INFO] Writing 1 Service Component Descriptors to /data-depot/user/Workspace/Reproducibility/Reproducibility-Scanner/benchmarks/bugs-dot-jar/jackrabbit-oak/oak-core/target/classes/OSGI-INF/org.apache.jackrabbit.oak.security.authorization.AuthorizationConfigurationImpl.xml
[INFO] Writing 1 Service Component Descriptors to /data-depot/user/Workspace/Reproducibility/Reproducibility-Scanner/benchmarks/bugs-dot-jar/jackrabbit-oak/oak-core/target/classes/OSGI-INF/org.apache.jackrabbit.oak.security.authorization.restriction.RestrictionProviderImpl.xml
[INFO] Writing 1 Service Component Descriptors to /data-depot/user/Workspace/Reproducibility/Reproducibility-Scanner/benchmarks/bugs-dot-jar/jackrabbit-oak/oak-core/target/classes/OSGI-INF/org.apache.jackrabbit.oak.security.user.UserConfigurationImpl.xml
[INFO] Writing 1 Service Component Descriptors to /data-depot/user/Workspace/Reproducibility/Reproducibility-Scanner/benchmarks/bugs-dot-jar/jackrabbit-oak/oak-core/target/classes/OSGI-INF/org.apache.jackrabbit.oak.security.authentication.AuthenticationConfigurationImpl.xml
[INFO] Writing 1 Service Component Descriptors to /data-depot/user/Workspace/Reproducibility/Reproducibility-Scanner/benchmarks/bugs-dot-jar/jackrabbit-oak/oak-core/target/classes/OSGI-INF/org.apache.jackrabbit.oak.security.authentication.token.TokenConfigurationImpl.xml
[INFO] Writing 1 Service Component Descriptors to /data-depot/user/Workspace/Reproducibility/Reproducibility-Scanner/benchmarks/bugs-dot-jar/jackrabbit-oak/oak-core/target/classes/OSGI-INF/org.apache.jackrabbit.oak.plugins.index.property.PropertyIndexEditorProvider.xml
[INFO] Writing 1 Service Component Descriptors to /data-depot/user/Workspace/Reproducibility/Reproducibility-Scanner/benchmarks/bugs-dot-jar/jackrabbit-oak/oak-core/target/classes/OSGI-INF/org.apache.jackrabbit.oak.plugins.index.property.PropertyIndexProvider.xml
[INFO] Writing 1 Service Component Descriptors to /data-depot/user/Workspace/Reproducibility/Reproducibility-Scanner/benchmarks/bugs-dot-jar/jackrabbit-oak/oak-core/target/classes/OSGI-INF/org.apache.jackrabbit.oak.plugins.index.reference.ReferenceEditorProvider.xml
[INFO] Writing 1 Service Component Descriptors to /data-depot/user/Workspace/Reproducibility/Reproducibility-Scanner/benchmarks/bugs-dot-jar/jackrabbit-oak/oak-core/target/classes/OSGI-INF/org.apache.jackrabbit.oak.plugins.index.reference.ReferenceIndexProvider.xml
[INFO] Writing 1 Service Component Descriptors to /data-depot/user/Workspace/Reproducibility/Reproducibility-Scanner/benchmarks/bugs-dot-jar/jackrabbit-oak/oak-core/target/classes/OSGI-INF/org.apache.jackrabbit.oak.plugins.segment.SegmentNodeStoreService.xml
[INFO] Writing 1 Service Component Descriptors to /data-depot/user/Workspace/Reproducibility/Reproducibility-Scanner/benchmarks/bugs-dot-jar/jackrabbit-oak/oak-core/target/classes/OSGI-INF/org.apache.jackrabbit.oak.plugins.commit.ConflictValidatorProvider.xml
[INFO] Writing 1 Service Component Descriptors to /data-depot/user/Workspace/Reproducibility/Reproducibility-Scanner/benchmarks/bugs-dot-jar/jackrabbit-oak/oak-core/target/classes/OSGI-INF/org.apache.jackrabbit.oak.plugins.version.VersionEditorProvider.xml
[INFO] Writing 1 Service Component Descriptors to /data-depot/user/Workspace/Reproducibility/Reproducibility-Scanner/benchmarks/bugs-dot-jar/jackrabbit-oak/oak-core/target/classes/OSGI-INF/org.apache.jackrabbit.oak.plugins.name.NamespaceEditorProvider.xml
[INFO] Writing 1 Service Component Descriptors to /data-depot/user/Workspace/Reproducibility/Reproducibility-Scanner/benchmarks/bugs-dot-jar/jackrabbit-oak/oak-core/target/classes/OSGI-INF/org.apache.jackrabbit.oak.plugins.name.NameValidatorProvider.xml
[INFO] Writing 1 Service Component Descriptors to /data-depot/user/Workspace/Reproducibility/Reproducibility-Scanner/benchmarks/bugs-dot-jar/jackrabbit-oak/oak-core/target/classes/OSGI-INF/org.apache.jackrabbit.oak.plugins.nodetype.TypeEditorProvider.xml
[INFO] Writing 1 Service Component Descriptors to /data-depot/user/Workspace/Reproducibility/Reproducibility-Scanner/benchmarks/bugs-dot-jar/jackrabbit-oak/oak-core/target/classes/OSGI-INF/org.apache.jackrabbit.oak.plugins.document.DocumentNodeStoreService.xml
[INFO] Writing 1 Service Component Descriptors to /data-depot/user/Workspace/Reproducibility/Reproducibility-Scanner/benchmarks/bugs-dot-jar/jackrabbit-oak/oak-core/target/classes/OSGI-INF/org.apache.jackrabbit.oak.spi.security.user.action.DefaultAuthorizableActionProvider.xml
[INFO] Writing 1 Service Component Descriptors to /data-depot/user/Workspace/Reproducibility/Reproducibility-Scanner/benchmarks/bugs-dot-jar/jackrabbit-oak/oak-core/target/classes/OSGI-INF/org.apache.jackrabbit.oak.osgi.OsgiSecurityProvider.xml
[INFO] 
[INFO] --- maven-resources-plugin:2.5:testResources (default-testResources) @ oak-core ---
[debug] execute contextualize
[INFO] Using 'UTF-8' encoding to copy filtered resources.
[INFO] Copying 9 resources
[INFO] Copying 3 resources
[INFO] 
[INFO] --- maven-compiler-plugin:2.3.2:testCompile (default-testCompile) @ oak-core ---
[INFO] Nothing to compile - all classes are up to date
[INFO] 
[INFO] --- maven-surefire-plugin:2.9:test (default-test) @ oak-core ---
[INFO] Surefire report directory: /data-depot/user/Workspace/Reproducibility/Reproducibility-Scanner/benchmarks/bugs-dot-jar/jackrabbit-oak/oak-core/target/surefire-reports

-------------------------------------------------------
 T E S T S
-------------------------------------------------------
OpenJDK 64-Bit Server VM warning: ignoring option MaxPermSize=48m; support was removed in 8.0
Running org.apache.jackrabbit.oak.security.ConfigurationParametersTest
Tests run: 11, Failures: 0, Errors: 0, Skipped: 0, Time elapsed: 0.205 sec
Running org.apache.jackrabbit.oak.security.privilege.PrivilegeDefinitionWriterTest
Tests run: 3, Failures: 0, Errors: 0, Skipped: 0, Time elapsed: 1.163 sec
Running org.apache.jackrabbit.oak.security.privilege.PrivilegeDefinitionReaderTest
Tests run: 3, Failures: 0, Errors: 0, Skipped: 0, Time elapsed: 0.417 sec
Running org.apache.jackrabbit.oak.security.privilege.PrivilegeValidatorTest
Tests run: 6, Failures: 0, Errors: 0, Skipped: 0, Time elapsed: 0.628 sec
Running org.apache.jackrabbit.oak.security.principal.PrincipalProviderImplTest
Tests run: 8, Failures: 0, Errors: 0, Skipped: 0, Time elapsed: 0.822 sec
Running org.apache.jackrabbit.oak.security.authorization.accesscontrol.AccessControlManagerImplTest
Tests run: 101, Failures: 1, Errors: 0, Skipped: 0, Time elapsed: 9.575 sec <<< FAILURE!
Running org.apache.jackrabbit.oak.security.authorization.accesscontrol.ReadPolicyTest
Tests run: 2, Failures: 0, Errors: 0, Skipped: 0, Time elapsed: 0.161 sec
Running org.apache.jackrabbit.oak.security.authorization.accesscontrol.AccessControlValidatorTest
Tests run: 15, Failures: 0, Errors: 0, Skipped: 0, Time elapsed: 1.352 sec
Running org.apache.jackrabbit.oak.security.authorization.accesscontrol.ACLTest
Tests run: 48, Failures: 0, Errors: 0, Skipped: 0, Time elapsed: 4.359 sec
Running org.apache.jackrabbit.oak.security.authorization.evaluation.ShadowInvisibleContentTest
Tests run: 4, Failures: 0, Errors: 0, Skipped: 1, Time elapsed: 0.291 sec
Running org.apache.jackrabbit.oak.security.authorization.evaluation.TreeTest
Tests run: 9, Failures: 0, Errors: 0, Skipped: 0, Time elapsed: 0.812 sec
Running org.apache.jackrabbit.oak.security.authorization.evaluation.RootTest
Tests run: 8, Failures: 0, Errors: 0, Skipped: 0, Time elapsed: 0.696 sec
Running org.apache.jackrabbit.oak.security.authorization.evaluation.ChildOrderPropertyTest
Tests run: 5, Failures: 0, Errors: 0, Skipped: 0, Time elapsed: 0.423 sec
Running org.apache.jackrabbit.oak.security.authorization.evaluation.Jr2CompatibilityTest
Tests run: 3, Failures: 0, Errors: 0, Skipped: 0, Time elapsed: 0.27 sec
Running org.apache.jackrabbit.oak.security.authorization.evaluation.MultipleSessionsACLStabilityTest
Tests run: 3, Failures: 0, Errors: 0, Skipped: 1, Time elapsed: 0.183 sec
Running org.apache.jackrabbit.oak.security.authorization.evaluation.JcrUUIDTest
Tests run: 7, Failures: 0, Errors: 0, Skipped: 0, Time elapsed: 0.954 sec
Running org.apache.jackrabbit.oak.security.authorization.evaluation.VersionStorageTest
Tests run: 6, Failures: 0, Errors: 0, Skipped: 0, Time elapsed: 0.553 sec
Running org.apache.jackrabbit.oak.security.authorization.evaluation.HiddenTreeTest
Tests run: 6, Failures: 0, Errors: 0, Skipped: 0, Time elapsed: 0.505 sec
Running org.apache.jackrabbit.oak.security.authorization.permission.PermissionHookTest
Tests run: 8, Failures: 0, Errors: 0, Skipped: 0, Time elapsed: 0.724 sec
Running org.apache.jackrabbit.oak.security.authorization.permission.PermissionStoreTest
Tests run: 6, Failures: 0, Errors: 0, Skipped: 0, Time elapsed: 0.516 sec
Running org.apache.jackrabbit.oak.security.authorization.permission.AllPermissionsTest
Tests run: 4, Failures: 0, Errors: 0, Skipped: 0, Time elapsed: 0.411 sec
Running org.apache.jackrabbit.oak.security.authorization.permission.PermissionProviderImplTest
Tests run: 6, Failures: 0, Errors: 0, Skipped: 0, Time elapsed: 0.536 sec
Running org.apache.jackrabbit.oak.security.authorization.permission.TreePermissionImplTest
Tests run: 2, Failures: 0, Errors: 0, Skipped: 0, Time elapsed: 0.185 sec
Running org.apache.jackrabbit.oak.security.authorization.permission.ClusterPermissionsTest
Tests run: 3, Failures: 0, Errors: 0, Skipped: 0, Time elapsed: 1.601 sec
Running org.apache.jackrabbit.oak.security.authorization.restriction.RestrictionProviderImplTest
Tests run: 2, Failures: 0, Errors: 0, Skipped: 0, Time elapsed: 0.224 sec
Running org.apache.jackrabbit.oak.security.user.autosave.AutoSaveEnabledManagerTest
Tests run: 14, Failures: 0, Errors: 0, Skipped: 0, Time elapsed: 1.243 sec
Running org.apache.jackrabbit.oak.security.user.EveryoneGroupTest
Tests run: 15, Failures: 0, Errors: 0, Skipped: 0, Time elapsed: 1.32 sec
Running org.apache.jackrabbit.oak.security.user.MembershipProviderTest
Tests run: 5, Failures: 0, Errors: 0, Skipped: 0, Time elapsed: 17.127 sec
Running org.apache.jackrabbit.oak.security.user.UserManagerImplTest
Tests run: 7, Failures: 0, Errors: 0, Skipped: 0, Time elapsed: 0.705 sec
Running org.apache.jackrabbit.oak.security.user.UserValidatorTest
Tests run: 14, Failures: 0, Errors: 0, Skipped: 0, Time elapsed: 1.428 sec
Running org.apache.jackrabbit.oak.security.user.AuthorizableImplTest
Tests run: 3, Failures: 0, Errors: 0, Skipped: 0, Time elapsed: 0.288 sec
Running org.apache.jackrabbit.oak.security.user.query.UserQueryManagerTest
Tests run: 4, Failures: 0, Errors: 0, Skipped: 0, Time elapsed: 0.427 sec
Running org.apache.jackrabbit.oak.security.user.UserProviderTest
Tests run: 11, Failures: 0, Errors: 0, Skipped: 0, Time elapsed: 0.88 sec
Running org.apache.jackrabbit.oak.security.user.UserInitializerTest
Tests run: 7, Failures: 0, Errors: 0, Skipped: 0, Time elapsed: 0.859 sec
Running org.apache.jackrabbit.oak.security.authentication.GuestDefaultLoginModuleTest
Tests run: 2, Failures: 0, Errors: 0, Skipped: 0, Time elapsed: 0.179 sec
Running org.apache.jackrabbit.oak.security.authentication.ldap.LdapLoginWithRepoLoginTest
Tests run: 1, Failures: 0, Errors: 0, Skipped: 1, Time elapsed: 0 sec
Running org.apache.jackrabbit.oak.security.authentication.ldap.LdapLoginStandaloneTest
Tests run: 1, Failures: 0, Errors: 0, Skipped: 1, Time elapsed: 0 sec
Running org.apache.jackrabbit.oak.security.authentication.Jackrabbit2ConfigurationTest
Tests run: 13, Failures: 1, Errors: 0, Skipped: 0, Time elapsed: 1.28 sec <<< FAILURE!
Running org.apache.jackrabbit.oak.security.authentication.user.LoginModuleImplTest
Tests run: 8, Failures: 0, Errors: 0, Skipped: 0, Time elapsed: 0.758 sec
Running org.apache.jackrabbit.oak.security.authentication.user.UserAuthenticationTest
Tests run: 8, Failures: 0, Errors: 0, Skipped: 0, Time elapsed: 0.812 sec
Running org.apache.jackrabbit.oak.security.authentication.token.TokenProviderImplTest
Tests run: 14, Failures: 0, Errors: 0, Skipped: 0, Time elapsed: 1.431 sec
Running org.apache.jackrabbit.oak.security.authentication.token.TokenInfoTest
Tests run: 10, Failures: 0, Errors: 0, Skipped: 0, Time elapsed: 1.005 sec
Running org.apache.jackrabbit.oak.security.authentication.token.TokenLoginModuleTest
Tests run: 6, Failures: 0, Errors: 0, Skipped: 0, Time elapsed: 0.576 sec
Running org.apache.jackrabbit.oak.security.authentication.token.TokenAuthenticationTest
Tests run: 6, Failures: 0, Errors: 0, Skipped: 0, Time elapsed: 0.612 sec
Running org.apache.jackrabbit.oak.security.authentication.TokenDefaultLoginModuleTest
Tests run: 13, Failures: 1, Errors: 0, Skipped: 0, Time elapsed: 1.272 sec <<< FAILURE!
Running org.apache.jackrabbit.oak.OakTest
Tests run: 1, Failures: 0, Errors: 0, Skipped: 0, Time elapsed: 0 sec
Running org.apache.jackrabbit.oak.core.ImmutableRootTest
Tests run: 8, Failures: 0, Errors: 0, Skipped: 0, Time elapsed: 0.037 sec
Running org.apache.jackrabbit.oak.core.RootTest
Tests run: 96, Failures: 0, Errors: 0, Skipped: 0, Time elapsed: 1.315 sec
Running org.apache.jackrabbit.oak.core.DefaultConflictHandlerTheirsTest
Tests run: 7, Failures: 0, Errors: 0, Skipped: 0, Time elapsed: 0.007 sec
Running org.apache.jackrabbit.oak.core.MutableTreeTest
Tests run: 92, Failures: 0, Errors: 0, Skipped: 0, Time elapsed: 3.501 sec
Running org.apache.jackrabbit.oak.core.ImmutableTreeTest
Tests run: 20, Failures: 0, Errors: 0, Skipped: 0, Time elapsed: 0.022 sec
Running org.apache.jackrabbit.oak.core.DefaultConflictHandlerOursTest
Tests run: 7, Failures: 0, Errors: 0, Skipped: 0, Time elapsed: 0.004 sec
Running org.apache.jackrabbit.oak.cache.CacheTest
Tests run: 13, Failures: 0, Errors: 0, Skipped: 0, Time elapsed: 0.258 sec
Running org.apache.jackrabbit.oak.cache.ConcurrentTest
Tests run: 1, Failures: 0, Errors: 0, Skipped: 0, Time elapsed: 0.116 sec
Running org.apache.jackrabbit.oak.api.TreeTest
Tests run: 44, Failures: 0, Errors: 0, Skipped: 0, Time elapsed: 0.072 sec
Running org.apache.jackrabbit.oak.api.RootTest
Tests run: 8, Failures: 0, Errors: 0, Skipped: 0, Time elapsed: 0.012 sec
Running org.apache.jackrabbit.oak.api.UniquePropertyTest
Tests run: 1, Failures: 0, Errors: 0, Skipped: 0, Time elapsed: 0.084 sec
Running org.apache.jackrabbit.oak.api.QueryTest
Tests run: 1, Failures: 0, Errors: 0, Skipped: 0, Time elapsed: 0.066 sec
Running org.apache.jackrabbit.oak.api.ContentSessionTest
Tests run: 12, Failures: 0, Errors: 0, Skipped: 0, Time elapsed: 0.008 sec
Running org.apache.jackrabbit.oak.util.TreeLocationTest
Tests run: 20, Failures: 0, Errors: 0, Skipped: 0, Time elapsed: 0.016 sec
Running org.apache.jackrabbit.oak.util.PropertyBuilderTest
Tests run: 12, Failures: 0, Errors: 0, Skipped: 0, Time elapsed: 0.001 sec
Running org.apache.jackrabbit.oak.plugins.observation.filter.NodeTypePredicateTest
Tests run: 5, Failures: 0, Errors: 0, Skipped: 0, Time elapsed: 0 sec
Running org.apache.jackrabbit.oak.plugins.observation.filter.FilterBuilderTest
Tests run: 4, Failures: 0, Errors: 0, Skipped: 0, Time elapsed: 0.002 sec
Running org.apache.jackrabbit.oak.plugins.observation.filter.PropertyPredicateTest
Tests run: 3, Failures: 0, Errors: 0, Skipped: 0, Time elapsed: 0 sec
Running org.apache.jackrabbit.oak.plugins.observation.filter.UuidPredicateTest
Tests run: 5, Failures: 0, Errors: 0, Skipped: 0, Time elapsed: 0 sec
Running org.apache.jackrabbit.oak.plugins.observation.filter.SelectorTest
Tests run: 1, Failures: 0, Errors: 0, Skipped: 0, Time elapsed: 0.001 sec
Running org.apache.jackrabbit.oak.plugins.observation.filter.GlobbingPathFilterTest
Tests run: 11, Failures: 0, Errors: 0, Skipped: 0, Time elapsed: 0.004 sec
Running org.apache.jackrabbit.oak.plugins.index.aggregate.SimpleNodeAggregatorTest
Tests run: 7, Failures: 0, Errors: 0, Skipped: 0, Time elapsed: 0.001 sec
Running org.apache.jackrabbit.oak.plugins.index.diffindex.DiffCollectorTest
Tests run: 3, Failures: 0, Errors: 0, Skipped: 0, Time elapsed: 0 sec
Running org.apache.jackrabbit.oak.plugins.index.IndexUpdateTest
Tests run: 4, Failures: 0, Errors: 0, Skipped: 0, Time elapsed: 0.029 sec
Running org.apache.jackrabbit.oak.plugins.index.property.PropertyIndexQueryTest
Tests run: 6, Failures: 0, Errors: 0, Skipped: 0, Time elapsed: 1.267 sec
Running org.apache.jackrabbit.oak.plugins.index.property.MultipleIndicesTest
Tests run: 2, Failures: 0, Errors: 0, Skipped: 0, Time elapsed: 0.174 sec
Running org.apache.jackrabbit.oak.plugins.index.property.strategy.ContentMirrorStoreStrategyTest
Tests run: 2, Failures: 0, Errors: 0, Skipped: 0, Time elapsed: 0 sec
Running org.apache.jackrabbit.oak.plugins.index.property.RelativePathTest
Tests run: 1, Failures: 0, Errors: 0, Skipped: 0, Time elapsed: 0.09 sec
Running org.apache.jackrabbit.oak.plugins.index.property.PropertyIndexTest
Tests run: 10, Failures: 0, Errors: 0, Skipped: 0, Time elapsed: 0.034 sec
Running org.apache.jackrabbit.oak.plugins.index.AsyncIndexUpdateTest
Tests run: 3, Failures: 0, Errors: 0, Skipped: 0, Time elapsed: 0.004 sec
Running org.apache.jackrabbit.oak.plugins.index.nodetype.NodeTypeIndexQueryTest
Tests run: 1, Failures: 0, Errors: 0, Skipped: 0, Time elapsed: 0.102 sec
Running org.apache.jackrabbit.oak.plugins.index.nodetype.NodeTypeIndexTest
Tests run: 1, Failures: 0, Errors: 0, Skipped: 0, Time elapsed: 0.082 sec
Running org.apache.jackrabbit.oak.plugins.segment.JournalTest
Tests run: 3, Failures: 0, Errors: 0, Skipped: 0, Time elapsed: 0.002 sec
Running org.apache.jackrabbit.oak.plugins.segment.MergeTest
Tests run: 3, Failures: 0, Errors: 0, Skipped: 0, Time elapsed: 0.105 sec
Running org.apache.jackrabbit.oak.plugins.segment.MapRecordTest
Tests run: 1, Failures: 0, Errors: 0, Skipped: 0, Time elapsed: 0.03 sec
Running org.apache.jackrabbit.oak.plugins.segment.CheckpointTest
Tests run: 1, Failures: 0, Errors: 0, Skipped: 0, Time elapsed: 0.001 sec
Running org.apache.jackrabbit.oak.plugins.segment.CompareAgainstBaseStateTest
Tests run: 8, Failures: 0, Errors: 0, Skipped: 0, Time elapsed: 0.003 sec
Running org.apache.jackrabbit.oak.plugins.segment.file.TarFileTest
Tests run: 2, Failures: 0, Errors: 0, Skipped: 0, Time elapsed: 0.113 sec
Running org.apache.jackrabbit.oak.plugins.segment.ExternalBlobTest
Tests run: 1, Failures: 0, Errors: 0, Skipped: 0, Time elapsed: 0.138 sec
Running org.apache.jackrabbit.oak.plugins.segment.SegmentIdFactoryTest
Tests run: 3, Failures: 0, Errors: 0, Skipped: 0, Time elapsed: 0.001 sec
Running org.apache.jackrabbit.oak.plugins.segment.SegmentSizeTest
Tests run: 5, Failures: 0, Errors: 0, Skipped: 0, Time elapsed: 0.016 sec
Running org.apache.jackrabbit.oak.plugins.segment.RecordTest
Tests run: 11, Failures: 0, Errors: 0, Skipped: 0, Time elapsed: 0.19 sec
Running org.apache.jackrabbit.oak.plugins.memory.MemoryNodeBuilderTest
Tests run: 35, Failures: 0, Errors: 0, Skipped: 0, Time elapsed: 0.004 sec
Running org.apache.jackrabbit.oak.plugins.memory.PropertyStatesTest
Tests run: 3, Failures: 0, Errors: 0, Skipped: 0, Time elapsed: 0 sec
Running org.apache.jackrabbit.oak.plugins.backup.FileStoreBackupTest
Tests run: 2, Failures: 0, Errors: 0, Skipped: 1, Time elapsed: 0.497 sec
Running org.apache.jackrabbit.oak.plugins.name.ReadWriteNamespaceRegistryTest
Tests run: 4, Failures: 0, Errors: 0, Skipped: 0, Time elapsed: 0.308 sec
Running org.apache.jackrabbit.oak.plugins.name.NameValidatorTest
Tests run: 10, Failures: 0, Errors: 0, Skipped: 0, Time elapsed: 0.002 sec
Running org.apache.jackrabbit.oak.plugins.nodetype.TypeEditorTest
Tests run: 5, Failures: 0, Errors: 0, Skipped: 0, Time elapsed: 0.065 sec
Running org.apache.jackrabbit.oak.plugins.document.ClusterInfoTest
Tests run: 1, Failures: 0, Errors: 0, Skipped: 0, Time elapsed: 0.011 sec
Running org.apache.jackrabbit.oak.plugins.document.ManyChildNodesTest
Tests run: 1, Failures: 0, Errors: 0, Skipped: 0, Time elapsed: 0.09 sec
Running org.apache.jackrabbit.oak.plugins.document.ConcurrentConflictTest
Tests run: 2, Failures: 0, Errors: 0, Skipped: 2, Time elapsed: 0.001 sec
Running org.apache.jackrabbit.oak.plugins.document.RandomizedTest
Tests run: 2, Failures: 0, Errors: 0, Skipped: 0, Time elapsed: 0.251 sec
Running org.apache.jackrabbit.oak.plugins.document.ValueMapTest
Tests run: 2, Failures: 0, Errors: 0, Skipped: 0, Time elapsed: 0.003 sec
Running org.apache.jackrabbit.oak.plugins.document.DocumentMKCommitRemoveTest
Tests run: 6, Failures: 0, Errors: 0, Skipped: 1, Time elapsed: 0.004 sec
Running org.apache.jackrabbit.oak.plugins.document.DocumentMKCommitMoveTest
Tests run: 1, Failures: 0, Errors: 0, Skipped: 1, Time elapsed: 0 sec
Running org.apache.jackrabbit.oak.plugins.document.RangeTest
Tests run: 1, Failures: 0, Errors: 0, Skipped: 0, Time elapsed: 0 sec
Running org.apache.jackrabbit.oak.plugins.document.ConcurrentUpdatesTest
Tests run: 2, Failures: 0, Errors: 2, Skipped: 0, Time elapsed: 0.154 sec <<< FAILURE!
Running org.apache.jackrabbit.oak.plugins.document.DocumentMKGetNodesTest
Tests run: 7, Failures: 0, Errors: 0, Skipped: 3, Time elapsed: 0.01 sec
Running org.apache.jackrabbit.oak.plugins.document.DocumentMKRebaseTest
Tests run: 20, Failures: 0, Errors: 0, Skipped: 9, Time elapsed: 0.013 sec
Running org.apache.jackrabbit.oak.plugins.document.multitenancy.MultiTenancyTest
Tests run: 1, Failures: 0, Errors: 0, Skipped: 1, Time elapsed: 0.007 sec
Running org.apache.jackrabbit.oak.plugins.document.cache.SerializerTest
Tests run: 2, Failures: 0, Errors: 0, Skipped: 0, Time elapsed: 0.038 sec
Running org.apache.jackrabbit.oak.plugins.document.DocumentMKGetHeadRevisionTest
Tests run: 1, Failures: 0, Errors: 0, Skipped: 0, Time elapsed: 0.001 sec
Running org.apache.jackrabbit.oak.plugins.document.BlobThroughPutTest
Tests run: 2, Failures: 0, Errors: 0, Skipped: 2, Time elapsed: 0 sec
Running org.apache.jackrabbit.oak.plugins.document.MergeRetryTest
Tests run: 2, Failures: 0, Errors: 0, Skipped: 0, Time elapsed: 2.834 sec
Running org.apache.jackrabbit.oak.plugins.document.BlobTest
Tests run: 1, Failures: 0, Errors: 0, Skipped: 0, Time elapsed: 0.04 sec
Running org.apache.jackrabbit.oak.plugins.document.IsolationTest
Tests run: 2, Failures: 0, Errors: 0, Skipped: 0, Time elapsed: 0.003 sec
Running org.apache.jackrabbit.oak.plugins.document.ClusterJoinTest
Tests run: 2, Failures: 0, Errors: 2, Skipped: 0, Time elapsed: 0.007 sec <<< FAILURE!
Running org.apache.jackrabbit.oak.plugins.document.CommitQueueTest
Tests run: 1, Failures: 0, Errors: 0, Skipped: 0, Time elapsed: 0.122 sec
Running org.apache.jackrabbit.oak.plugins.document.ConflictTest
Tests run: 54, Failures: 0, Errors: 0, Skipped: 0, Time elapsed: 0.058 sec
Running org.apache.jackrabbit.oak.plugins.document.RandomizedClusterTest
Tests run: 1, Failures: 0, Errors: 0, Skipped: 0, Time elapsed: 0.073 sec
Running org.apache.jackrabbit.oak.plugins.document.util.UtilsTest
Tests run: 1, Failures: 0, Errors: 0, Skipped: 0, Time elapsed: 0 sec
Running org.apache.jackrabbit.oak.plugins.document.util.MergeSortedIteratorsTest
Tests run: 2, Failures: 0, Errors: 0, Skipped: 1, Time elapsed: 0.001 sec
Running org.apache.jackrabbit.oak.plugins.document.OptimizedChildFetchTest
Tests run: 2, Failures: 0, Errors: 0, Skipped: 0, Time elapsed: 0.006 sec
Running org.apache.jackrabbit.oak.plugins.document.DocumentMKDiffTest
Tests run: 24, Failures: 0, Errors: 22, Skipped: 2, Time elapsed: 0.036 sec <<< FAILURE!
Running org.apache.jackrabbit.oak.plugins.document.DocumentSplitTest
Tests run: 6, Failures: 0, Errors: 0, Skipped: 0, Time elapsed: 0.408 sec
Running org.apache.jackrabbit.oak.plugins.document.BackgroundWriteTest
Tests run: 1, Failures: 0, Errors: 0, Skipped: 0, Time elapsed: 0.171 sec
Running org.apache.jackrabbit.oak.plugins.document.DocumentMKBranchTest
Tests run: 4, Failures: 0, Errors: 0, Skipped: 0, Time elapsed: 0.005 sec
Running org.apache.jackrabbit.oak.plugins.document.MongoDbTest
Tests run: 2, Failures: 0, Errors: 0, Skipped: 2, Time elapsed: 0 sec
Running org.apache.jackrabbit.oak.plugins.document.ClusterTest
Tests run: 10, Failures: 0, Errors: 0, Skipped: 0, Time elapsed: 0.036 sec
Running org.apache.jackrabbit.oak.plugins.document.RevisionTest
Tests run: 8, Failures: 0, Errors: 0, Skipped: 0, Time elapsed: 0.03 sec
Running org.apache.jackrabbit.oak.plugins.document.BlobReferenceTest
Tests run: 1, Failures: 0, Errors: 0, Skipped: 0, Time elapsed: 0.004 sec
Running org.apache.jackrabbit.oak.plugins.document.DocumentNodeStoreTest
Tests run: 2, Failures: 0, Errors: 0, Skipped: 0, Time elapsed: 0.021 sec
Running org.apache.jackrabbit.oak.plugins.document.SimpleTest
Tests run: 18, Failures: 0, Errors: 0, Skipped: 0, Time elapsed: 0.019 sec
Running org.apache.jackrabbit.oak.plugins.document.DocumentMKBranchMergeTest
Tests run: 19, Failures: 0, Errors: 0, Skipped: 2, Time elapsed: 0.259 sec
Running org.apache.jackrabbit.oak.plugins.document.blob.DocumentMKReadTest
Tests run: 6, Failures: 0, Errors: 6, Skipped: 0, Time elapsed: 0.013 sec <<< FAILURE!
Running org.apache.jackrabbit.oak.plugins.document.blob.DocumentMKWriteGridFSTest
Tests run: 5, Failures: 0, Errors: 4, Skipped: 1, Time elapsed: 0.007 sec <<< FAILURE!
Running org.apache.jackrabbit.oak.plugins.document.blob.DocumentMKReadGridFSTest
Tests run: 5, Failures: 0, Errors: 4, Skipped: 1, Time elapsed: 0.006 sec <<< FAILURE!
Running org.apache.jackrabbit.oak.plugins.document.blob.DocumentMKWriteTest
Tests run: 6, Failures: 0, Errors: 6, Skipped: 0, Time elapsed: 0.012 sec <<< FAILURE!
Running org.apache.jackrabbit.oak.plugins.document.blob.DocumentMKGetLengthTest
Tests run: 8, Failures: 0, Errors: 8, Skipped: 0, Time elapsed: 0.033 sec <<< FAILURE!
Running org.apache.jackrabbit.oak.plugins.document.blob.MongoBlobStoreTest
Tests run: 20, Failures: 0, Errors: 20, Skipped: 0, Time elapsed: 0.037 sec <<< FAILURE!
Running org.apache.jackrabbit.oak.plugins.document.blob.RDBBlobStoreTest
Tests run: 10, Failures: 0, Errors: 0, Skipped: 0, Time elapsed: 0.295 sec
Running org.apache.jackrabbit.oak.plugins.document.blob.DocumentMKGetLengthGridFSTest
Tests run: 8, Failures: 0, Errors: 8, Skipped: 0, Time elapsed: 0.014 sec <<< FAILURE!
Running org.apache.jackrabbit.oak.plugins.document.impl.DocumentMKGetRevisionHistoryTest
Tests run: 1, Failures: 0, Errors: 0, Skipped: 1, Time elapsed: 0 sec
Running org.apache.jackrabbit.oak.plugins.document.impl.DocumentMKWaitForCommitTest
Tests run: 1, Failures: 0, Errors: 0, Skipped: 1, Time elapsed: 0.001 sec
Running org.apache.jackrabbit.oak.plugins.document.impl.DocumentMKGetChildCountTest
Tests run: 1, Failures: 0, Errors: 0, Skipped: 1, Time elapsed: 0 sec
Running org.apache.jackrabbit.oak.plugins.document.impl.DocumentMKConcurrentAddTest
Tests run: 2, Failures: 0, Errors: 2, Skipped: 0, Time elapsed: 0.003 sec <<< FAILURE!
Running org.apache.jackrabbit.oak.plugins.document.impl.command.ConcurrentWriteMultipleMkMongoTest
Tests run: 3, Failures: 0, Errors: 2, Skipped: 1, Time elapsed: 0.004 sec <<< FAILURE!
Running org.apache.jackrabbit.oak.plugins.document.impl.DocumentMKLimitsTest
Tests run: 2, Failures: 0, Errors: 0, Skipped: 2, Time elapsed: 0.002 sec
Running org.apache.jackrabbit.oak.plugins.document.impl.DocumentMKGetJournalTest
Tests run: 1, Failures: 0, Errors: 0, Skipped: 1, Time elapsed: 0 sec
Running org.apache.jackrabbit.oak.plugins.document.DocumentMKCommitAddTest
Tests run: 14, Failures: 0, Errors: 0, Skipped: 1, Time elapsed: 0.013 sec
Running org.apache.jackrabbit.oak.plugins.document.DocumentMKNodeExistsTest
Tests run: 8, Failures: 0, Errors: 0, Skipped: 0, Time elapsed: 0.007 sec
Running org.apache.jackrabbit.oak.plugins.document.MongoDocumentStoreTest
Tests run: 6, Failures: 0, Errors: 0, Skipped: 1, Time elapsed: 0.01 sec
Running org.apache.jackrabbit.oak.plugins.document.DocumentMKResetTest
Tests run: 7, Failures: 0, Errors: 0, Skipped: 1, Time elapsed: 0.006 sec
Running org.apache.jackrabbit.oak.plugins.document.PathComparatorTest
Tests run: 1, Failures: 0, Errors: 0, Skipped: 0, Time elapsed: 0 sec
Running org.apache.jackrabbit.oak.plugins.document.DocumentMKCommitCopyTest
Tests run: 21, Failures: 0, Errors: 0, Skipped: 14, Time elapsed: 0.007 sec
Running org.apache.jackrabbit.oak.plugins.identifier.IdentifierManagerTest
Tests run: 4, Failures: 0, Errors: 0, Skipped: 0, Time elapsed: 0.407 sec
Running org.apache.jackrabbit.oak.kernel.KernelNodeBuilderTest
Tests run: 5, Failures: 0, Errors: 0, Skipped: 0, Time elapsed: 0.002 sec
Running org.apache.jackrabbit.oak.kernel.KernelNodeStateTest
Tests run: 6, Failures: 0, Errors: 0, Skipped: 0, Time elapsed: 0.002 sec
Running org.apache.jackrabbit.oak.kernel.KernelNodeStoreCacheTest
Tests run: 4, Failures: 0, Errors: 0, Skipped: 0, Time elapsed: 0.004 sec
Running org.apache.jackrabbit.oak.kernel.NodeStoreTest
Tests run: 80, Failures: 0, Errors: 0, Skipped: 0, Time elapsed: 2.13 sec
Running org.apache.jackrabbit.oak.kernel.TypeCodesTest
Tests run: 4, Failures: 0, Errors: 0, Skipped: 0, Time elapsed: 0 sec
Running org.apache.jackrabbit.oak.kernel.JsopDiffTest
Tests run: 2, Failures: 0, Errors: 0, Skipped: 0, Time elapsed: 0 sec
Running org.apache.jackrabbit.oak.kernel.LargeKernelNodeStateTest
Tests run: 3, Failures: 0, Errors: 0, Skipped: 0, Time elapsed: 0.005 sec
Running org.apache.jackrabbit.oak.query.IteratorsTest
Tests run: 5, Failures: 0, Errors: 0, Skipped: 0, Time elapsed: 0.002 sec
Running org.apache.jackrabbit.oak.query.index.FilterTest
Tests run: 3, Failures: 0, Errors: 0, Skipped: 0, Time elapsed: 0.143 sec
Running org.apache.jackrabbit.oak.query.index.TraversingIndexTest
Tests run: 1, Failures: 0, Errors: 0, Skipped: 0, Time elapsed: 0.01 sec
Running org.apache.jackrabbit.oak.query.index.TraversingIndexQueryTest
Tests run: 10, Failures: 0, Errors: 0, Skipped: 0, Time elapsed: 1.379 sec
Running org.apache.jackrabbit.oak.query.FilterTest
Tests run: 1, Failures: 0, Errors: 0, Skipped: 0, Time elapsed: 0 sec
Running org.apache.jackrabbit.oak.query.ast.FullTextTest
Tests run: 8, Failures: 0, Errors: 0, Skipped: 0, Time elapsed: 0.001 sec
Running org.apache.jackrabbit.oak.query.ast.LikePatternTest
Tests run: 1, Failures: 0, Errors: 0, Skipped: 0, Time elapsed: 0 sec
Running org.apache.jackrabbit.oak.query.SQL2ParserTest
Tests run: 4, Failures: 0, Errors: 0, Skipped: 0, Time elapsed: 0.001 sec
Running org.apache.jackrabbit.oak.spi.security.privilege.PrivilegeBitsTest
Tests run: 13, Failures: 0, Errors: 0, Skipped: 0, Time elapsed: 1.292 sec
Running org.apache.jackrabbit.oak.spi.security.privilege.PrivilegeBitsProviderTest
Tests run: 10, Failures: 0, Errors: 0, Skipped: 0, Time elapsed: 1.022 sec
Running org.apache.jackrabbit.oak.spi.security.principal.PrincipalImplTest
Tests run: 3, Failures: 0, Errors: 0, Skipped: 0, Time elapsed: 0.001 sec
Running org.apache.jackrabbit.oak.spi.security.principal.EveryonePrincipalTest
Tests run: 7, Failures: 0, Errors: 0, Skipped: 0, Time elapsed: 0.001 sec
Running org.apache.jackrabbit.oak.spi.security.authorization.accesscontrol.ACETest
Tests run: 26, Failures: 0, Errors: 0, Skipped: 0, Time elapsed: 2.684 sec
Running org.apache.jackrabbit.oak.spi.security.authorization.accesscontrol.ImmutableACLTest
Tests run: 14, Failures: 0, Errors: 0, Skipped: 0, Time elapsed: 1.329 sec
Running org.apache.jackrabbit.oak.spi.security.authorization.restriction.RestrictionDefinitionImplTest
Tests run: 6, Failures: 0, Errors: 0, Skipped: 0, Time elapsed: 0.603 sec
Running org.apache.jackrabbit.oak.spi.security.authorization.restriction.RestrictionImplTest
Tests run: 6, Failures: 0, Errors: 0, Skipped: 0, Time elapsed: 0.631 sec
Running org.apache.jackrabbit.oak.spi.security.authorization.restriction.CompositeRestrictionProviderTest
Tests run: 15, Failures: 0, Errors: 0, Skipped: 0, Time elapsed: 1.559 sec
Running org.apache.jackrabbit.oak.spi.security.authorization.restriction.AbstractRestrictionProviderTest
Tests run: 21, Failures: 0, Errors: 0, Skipped: 0, Time elapsed: 2.116 sec
Running org.apache.jackrabbit.oak.spi.security.user.action.PasswordChangeActionTest
Tests run: 4, Failures: 0, Errors: 0, Skipped: 0, Time elapsed: 0.408 sec
Running org.apache.jackrabbit.oak.spi.security.user.action.AccessControlActionTest
Tests run: 2, Failures: 0, Errors: 0, Skipped: 0, Time elapsed: 0.22 sec
Running org.apache.jackrabbit.oak.spi.security.user.action.PasswordValidationActionTest
Tests run: 4, Failures: 0, Errors: 0, Skipped: 0, Time elapsed: 0.439 sec
Running org.apache.jackrabbit.oak.spi.security.user.util.PasswordUtilTest
Tests run: 8, Failures: 0, Errors: 0, Skipped: 0, Time elapsed: 0.133 sec
Running org.apache.jackrabbit.oak.spi.security.authentication.AbstractLoginModuleTest
Tests run: 4, Failures: 0, Errors: 0, Skipped: 0, Time elapsed: 0.001 sec
Running org.apache.jackrabbit.oak.spi.security.authentication.GuestLoginModuleTest
Tests run: 3, Failures: 0, Errors: 0, Skipped: 0, Time elapsed: 0 sec
Running org.apache.jackrabbit.oak.spi.security.authentication.external.ExternalLoginModuleTest
Tests run: 8, Failures: 0, Errors: 0, Skipped: 0, Time elapsed: 0.948 sec
Running org.apache.jackrabbit.oak.spi.security.authentication.PreAuthTest
Tests run: 6, Failures: 0, Errors: 0, Skipped: 0, Time elapsed: 0.579 sec
Running org.apache.jackrabbit.oak.spi.commit.SubtreeValidatorTest
Tests run: 1, Failures: 0, Errors: 0, Skipped: 0, Time elapsed: 0 sec
Running org.apache.jackrabbit.oak.spi.commit.BackgroundObserverTest
Tests run: 1, Failures: 0, Errors: 0, Skipped: 0, Time elapsed: 0.108 sec
Running org.apache.jackrabbit.oak.spi.commit.MoveTrackerTest
Tests run: 18, Failures: 0, Errors: 0, Skipped: 1, Time elapsed: 0.002 sec
Running org.apache.jackrabbit.oak.spi.state.MoveDetectorTest
Tests run: 6, Failures: 0, Errors: 0, Skipped: 0, Time elapsed: 0.001 sec
Running org.apache.jackrabbit.oak.namepath.GlobalNameMapperTest
Tests run: 4, Failures: 0, Errors: 0, Skipped: 0, Time elapsed: 0 sec
Running org.apache.jackrabbit.oak.namepath.NamePathMapperImplTest
Tests run: 11, Failures: 0, Errors: 0, Skipped: 0, Time elapsed: 0.002 sec

Results :

Failed tests:   testSetPolicyWritesAcContent(org.apache.jackrabbit.oak.security.authorization.accesscontrol.AccessControlManagerImplTest): arrays first differed at element [0]; expected:<jcr:addChildNodes> but was:<jcr:read>
  testTokenAuthInfo(org.apache.jackrabbit.oak.security.authentication.Jackrabbit2ConfigurationTest): userid must be correct expected:<admin> but was:<null>
  testTokenAuthInfo(org.apache.jackrabbit.oak.security.authentication.TokenDefaultLoginModuleTest): userid must be correct expected:<admin> but was:<null>

Tests in error: 
  test(org.apache.jackrabbit.oak.plugins.document.ConcurrentUpdatesTest): not authorized for query on MongoMKDB.system.namespaces
  test(org.apache.jackrabbit.oak.plugins.document.ConcurrentUpdatesTest)
  nodeJoins(org.apache.jackrabbit.oak.plugins.document.ClusterJoinTest): not authorized for query on MongoMKDB.system.namespaces
  nodeJoins(org.apache.jackrabbit.oak.plugins.document.ClusterJoinTest)
  removeProperty(org.apache.jackrabbit.oak.plugins.document.DocumentMKDiffTest): not authorized for query on MongoMKDB.system.namespaces
  removeProperty(org.apache.jackrabbit.oak.plugins.document.DocumentMKDiffTest)
  diffManyChildren(org.apache.jackrabbit.oak.plugins.document.DocumentMKDiffTest): not authorized for query on MongoMKDB.system.namespaces
  diffManyChildren(org.apache.jackrabbit.oak.plugins.document.DocumentMKDiffTest)
  addPathOneLevel(org.apache.jackrabbit.oak.plugins.document.DocumentMKDiffTest): not authorized for query on MongoMKDB.system.namespaces
  addPathOneLevel(org.apache.jackrabbit.oak.plugins.document.DocumentMKDiffTest)
  oak596(org.apache.jackrabbit.oak.plugins.document.DocumentMKDiffTest): not authorized for query on MongoMKDB.system.namespaces
  oak596(org.apache.jackrabbit.oak.plugins.document.DocumentMKDiffTest)
  addPathTwoLevels(org.apache.jackrabbit.oak.plugins.document.DocumentMKDiffTest): not authorized for query on MongoMKDB.system.namespaces
  addPathTwoLevels(org.apache.jackrabbit.oak.plugins.document.DocumentMKDiffTest)
  addPathTwoSameLevels(org.apache.jackrabbit.oak.plugins.document.DocumentMKDiffTest): not authorized for query on MongoMKDB.system.namespaces
  addPathTwoSameLevels(org.apache.jackrabbit.oak.plugins.document.DocumentMKDiffTest)
  copyPath(org.apache.jackrabbit.oak.plugins.document.DocumentMKDiffTest): not authorized for query on MongoMKDB.system.namespaces
  copyPath(org.apache.jackrabbit.oak.plugins.document.DocumentMKDiffTest)
  changeProperty(org.apache.jackrabbit.oak.plugins.document.DocumentMKDiffTest): not authorized for query on MongoMKDB.system.namespaces
  changeProperty(org.apache.jackrabbit.oak.plugins.document.DocumentMKDiffTest)
  diffForChangeBelowManyChildren(org.apache.jackrabbit.oak.plugins.document.DocumentMKDiffTest): not authorized for query on MongoMKDB.system.namespaces
  diffForChangeBelowManyChildren(org.apache.jackrabbit.oak.plugins.document.DocumentMKDiffTest)
  diffManyChildrenOnBranch(org.apache.jackrabbit.oak.plugins.document.DocumentMKDiffTest): not authorized for query on MongoMKDB.system.namespaces
  diffManyChildrenOnBranch(org.apache.jackrabbit.oak.plugins.document.DocumentMKDiffTest)
  setProperty(org.apache.jackrabbit.oak.plugins.document.DocumentMKDiffTest): not authorized for query on MongoMKDB.system.namespaces
  setProperty(org.apache.jackrabbit.oak.plugins.document.DocumentMKDiffTest)
  large(org.apache.jackrabbit.oak.plugins.document.blob.DocumentMKReadTest): not authorized for query on MongoMKDB.system.namespaces
  large(org.apache.jackrabbit.oak.plugins.document.blob.DocumentMKReadTest)
  small(org.apache.jackrabbit.oak.plugins.document.blob.DocumentMKReadTest): not authorized for query on MongoMKDB.system.namespaces
  small(org.apache.jackrabbit.oak.plugins.document.blob.DocumentMKReadTest)
  medium(org.apache.jackrabbit.oak.plugins.document.blob.DocumentMKReadTest): not authorized for query on MongoMKDB.system.namespaces
  medium(org.apache.jackrabbit.oak.plugins.document.blob.DocumentMKReadTest)
  small(org.apache.jackrabbit.oak.plugins.document.blob.DocumentMKWriteGridFSTest): not authorized for query on MongoMKDB.system.namespaces
  small(org.apache.jackrabbit.oak.plugins.document.blob.DocumentMKWriteGridFSTest)
  medium(org.apache.jackrabbit.oak.plugins.document.blob.DocumentMKWriteGridFSTest): not authorized for query on MongoMKDB.system.namespaces
  medium(org.apache.jackrabbit.oak.plugins.document.blob.DocumentMKWriteGridFSTest)
  small(org.apache.jackrabbit.oak.plugins.document.blob.DocumentMKReadGridFSTest): not authorized for query on MongoMKDB.system.namespaces
  small(org.apache.jackrabbit.oak.plugins.document.blob.DocumentMKReadGridFSTest)
  medium(org.apache.jackrabbit.oak.plugins.document.blob.DocumentMKReadGridFSTest): not authorized for query on MongoMKDB.system.namespaces
  medium(org.apache.jackrabbit.oak.plugins.document.blob.DocumentMKReadGridFSTest)
  large(org.apache.jackrabbit.oak.plugins.document.blob.DocumentMKWriteTest): not authorized for query on MongoMKDB.system.namespaces
  large(org.apache.jackrabbit.oak.plugins.document.blob.DocumentMKWriteTest)
  small(org.apache.jackrabbit.oak.plugins.document.blob.DocumentMKWriteTest): not authorized for query on MongoMKDB.system.namespaces
  small(org.apache.jackrabbit.oak.plugins.document.blob.DocumentMKWriteTest)
  medium(org.apache.jackrabbit.oak.plugins.document.blob.DocumentMKWriteTest): not authorized for query on MongoMKDB.system.namespaces
  medium(org.apache.jackrabbit.oak.plugins.document.blob.DocumentMKWriteTest)
  large(org.apache.jackrabbit.oak.plugins.document.blob.DocumentMKGetLengthTest): not authorized for query on MongoMKDB.system.namespaces
  large(org.apache.jackrabbit.oak.plugins.document.blob.DocumentMKGetLengthTest)
  nonExistent(org.apache.jackrabbit.oak.plugins.document.blob.DocumentMKGetLengthTest): not authorized for query on MongoMKDB.system.namespaces
  nonExistent(org.apache.jackrabbit.oak.plugins.document.blob.DocumentMKGetLengthTest)
  small(org.apache.jackrabbit.oak.plugins.document.blob.DocumentMKGetLengthTest): not authorized for query on MongoMKDB.system.namespaces
  small(org.apache.jackrabbit.oak.plugins.document.blob.DocumentMKGetLengthTest)
  medium(org.apache.jackrabbit.oak.plugins.document.blob.DocumentMKGetLengthTest): not authorized for query on MongoMKDB.system.namespaces
  medium(org.apache.jackrabbit.oak.plugins.document.blob.DocumentMKGetLengthTest)
  testCombinedIdentifier(org.apache.jackrabbit.oak.plugins.document.blob.MongoBlobStoreTest): not authorized for query on MongoMKDB.system.namespaces
  testCombinedIdentifier(org.apache.jackrabbit.oak.plugins.document.blob.MongoBlobStoreTest): not authorized for query on MongoMKDB.system.namespaces
  testWriteFile(org.apache.jackrabbit.oak.plugins.document.blob.MongoBlobStoreTest): not authorized for query on MongoMKDB.system.namespaces
  testWriteFile(org.apache.jackrabbit.oak.plugins.document.blob.MongoBlobStoreTest): not authorized for query on MongoMKDB.system.namespaces
  testEmptyIdentifier(org.apache.jackrabbit.oak.plugins.document.blob.MongoBlobStoreTest): not authorized for query on MongoMKDB.system.namespaces
  testEmptyIdentifier(org.apache.jackrabbit.oak.plugins.document.blob.MongoBlobStoreTest): not authorized for query on MongoMKDB.system.namespaces
  testCloseStream(org.apache.jackrabbit.oak.plugins.document.blob.MongoBlobStoreTest): not authorized for query on MongoMKDB.system.namespaces
  testCloseStream(org.apache.jackrabbit.oak.plugins.document.blob.MongoBlobStoreTest): not authorized for query on MongoMKDB.system.namespaces
  testExceptionWhileReading(org.apache.jackrabbit.oak.plugins.document.blob.MongoBlobStoreTest): not authorized for query on MongoMKDB.system.namespaces
  testExceptionWhileReading(org.apache.jackrabbit.oak.plugins.document.blob.MongoBlobStoreTest): not authorized for query on MongoMKDB.system.namespaces
  testIllegalIdentifier(org.apache.jackrabbit.oak.plugins.document.blob.MongoBlobStoreTest): not authorized for query on MongoMKDB.system.namespaces
  testIllegalIdentifier(org.apache.jackrabbit.oak.plugins.document.blob.MongoBlobStoreTest): not authorized for query on MongoMKDB.system.namespaces
  testSmall(org.apache.jackrabbit.oak.plugins.document.blob.MongoBlobStoreTest): not authorized for query on MongoMKDB.system.namespaces
  testSmall(org.apache.jackrabbit.oak.plugins.document.blob.MongoBlobStoreTest): not authorized for query on MongoMKDB.system.namespaces
  testMedium(org.apache.jackrabbit.oak.plugins.document.blob.MongoBlobStoreTest): not authorized for query on MongoMKDB.system.namespaces
  testMedium(org.apache.jackrabbit.oak.plugins.document.blob.MongoBlobStoreTest): not authorized for query on MongoMKDB.system.namespaces
  testLarge(org.apache.jackrabbit.oak.plugins.document.blob.MongoBlobStoreTest): not authorized for query on MongoMKDB.system.namespaces
  testLarge(org.apache.jackrabbit.oak.plugins.document.blob.MongoBlobStoreTest): not authorized for query on MongoMKDB.system.namespaces
  testGarbageCollection(org.apache.jackrabbit.oak.plugins.document.blob.MongoBlobStoreTest): not authorized for query on MongoMKDB.system.namespaces
  testGarbageCollection(org.apache.jackrabbit.oak.plugins.document.blob.MongoBlobStoreTest): not authorized for query on MongoMKDB.system.namespaces
  large(org.apache.jackrabbit.oak.plugins.document.blob.DocumentMKGetLengthGridFSTest): not authorized for query on MongoMKDB.system.namespaces
  large(org.apache.jackrabbit.oak.plugins.document.blob.DocumentMKGetLengthGridFSTest)
  nonExistent(org.apache.jackrabbit.oak.plugins.document.blob.DocumentMKGetLengthGridFSTest): not authorized for query on MongoMKDB.system.namespaces
  nonExistent(org.apache.jackrabbit.oak.plugins.document.blob.DocumentMKGetLengthGridFSTest)
  small(org.apache.jackrabbit.oak.plugins.document.blob.DocumentMKGetLengthGridFSTest): not authorized for query on MongoMKDB.system.namespaces
  small(org.apache.jackrabbit.oak.plugins.document.blob.DocumentMKGetLengthGridFSTest)
  medium(org.apache.jackrabbit.oak.plugins.document.blob.DocumentMKGetLengthGridFSTest): not authorized for query on MongoMKDB.system.namespaces
  medium(org.apache.jackrabbit.oak.plugins.document.blob.DocumentMKGetLengthGridFSTest)
  testConcurrentAdd(org.apache.jackrabbit.oak.plugins.document.impl.DocumentMKConcurrentAddTest): not authorized for query on MongoMKDB.system.namespaces
  testConcurrentAdd(org.apache.jackrabbit.oak.plugins.document.impl.DocumentMKConcurrentAddTest)
  testSmall(org.apache.jackrabbit.oak.plugins.document.impl.command.ConcurrentWriteMultipleMkMongoTest): not authorized for query on MongoMKDB.system.namespaces
  testSmall(org.apache.jackrabbit.oak.plugins.document.impl.command.ConcurrentWriteMultipleMkMongoTest)

Tests run: 1642, Failures: 3, Errors: 86, Skipped: 58

[INFO] ------------------------------------------------------------------------
[INFO] BUILD FAILURE
[INFO] ------------------------------------------------------------------------
[INFO] Total time: 01:35 min
[INFO] Finished at: 2022-07-13T10:37:37-07:00
[INFO] ------------------------------------------------------------------------
[ERROR] Failed to execute goal org.apache.maven.plugins:maven-surefire-plugin:2.9:test (default-test) on project oak-core: There are test failures.
[ERROR] 
[ERROR] Please refer to /data-depot/user/Workspace/Reproducibility/Reproducibility-Scanner/benchmarks/bugs-dot-jar/jackrabbit-oak/oak-core/target/surefire-reports for the individual test results.
[ERROR] -> [Help 1]
[ERROR] 
[ERROR] To see the full stack trace of the errors, re-run Maven with the -e switch.
[ERROR] Re-run Maven using the -X switch to enable full debug logging.
[ERROR] 
[ERROR] For more information about the errors and possible solutions, please read the following articles:
[ERROR] [Help 1] http://cwiki.apache.org/confluence/display/MAVEN/MojoFailureException