[INFO] Scanning for projects...
[INFO] ------------------------------------------------------------------------
[INFO] Reactor Build Order:
[INFO] 
[INFO] Apache Log4j 2                                                     [pom]
[INFO] Apache Log4j API                                                   [jar]
[INFO] Apache Log4j Core                                                  [jar]
[INFO] Apache Log4J Core OSGi Async                                    [bundle]
[INFO] Apache Log4J Core OSGi JPA                                      [bundle]
[INFO] Apache Log4J Core OSGi Net                                      [bundle]
[INFO] Apache Log4J Core OSGi Couch                                    [bundle]
[INFO] Apache Log4J Core OSGi Mongo                                    [bundle]
[INFO] Apache Log4J Core OSGi                                          [bundle]
[INFO] Apache Log4J Core OSGi Bundles                                     [pom]
[INFO] Apache Log4j 1.x Compatibility API                                 [jar]
[INFO] Apache Log4j SLF4J Binding                                         [jar]
[INFO] Apache Log4j to SLF4J Adapter                                      [jar]
[INFO] Apache Log4j Commons Logging Bridge                                [jar]
[INFO] Apache Log4j Flume NG Bridge                                       [jar]
[INFO] Apache Log4j Tag Library                                           [jar]
[INFO] Apache Log4j JMX GUI                                               [jar]
[INFO] Apache Log4j Samples                                               [pom]
[INFO] Apache Log4j Samples: Flume - Common                               [jar]
[INFO] Apache Log4j Samples: Flume - Remote                               [war]
[INFO] Apache Log4j Samples: Flume - Embedded                             [war]
[INFO] 
[INFO] -------------------< org.apache.logging.log4j:log4j >-------------------
[INFO] Building Apache Log4j 2 2.0-beta9-SNAPSHOT                        [1/21]
[INFO] --------------------------------[ pom ]---------------------------------
[INFO] 
[INFO] --- maven-remote-resources-plugin:1.1:process (default) @ log4j ---
[INFO] Setting property: classpath.resource.loader.class => 'org.codehaus.plexus.velocity.ContextClassLoaderResourceLoader'.
[INFO] Setting property: velocimacro.messages.on => 'false'.
[INFO] Setting property: resource.loader => 'classpath'.
[INFO] Setting property: resource.manager.logwhenfound => 'false'.
[INFO] 
[INFO] --- maven-bundle-plugin:2.3.7:manifest (bundle-manifest) @ log4j ---
[WARNING] Ignoring project type pom - supportedProjectTypes = [jar, bundle]
[INFO] 
[INFO] --- maven-install-plugin:2.3.1:install (default-install) @ log4j ---
[INFO] Installing /data-depot/user/Workspace/Reproducibility/Reproducibility-Scanner/benchmarks/bugs-dot-jar/logging-log4j2/pom.xml to /home/user/.m2/repository/org/apache/logging/log4j/log4j/2.0-beta9-SNAPSHOT/log4j-2.0-beta9-SNAPSHOT.pom
[INFO] 
[INFO] -----------------< org.apache.logging.log4j:log4j-api >-----------------
[INFO] Building Apache Log4j API 2.0-beta9-SNAPSHOT                      [2/21]
[INFO] --------------------------------[ jar ]---------------------------------
[INFO] 
[INFO] --- maven-remote-resources-plugin:1.1:process (default) @ log4j-api ---
[INFO] 
[INFO] --- maven-resources-plugin:2.5:resources (default-resources) @ log4j-api ---
[debug] execute contextualize
[INFO] Using 'UTF-8' encoding to copy filtered resources.
[INFO] skip non existing resourceDirectory /data-depot/user/Workspace/Reproducibility/Reproducibility-Scanner/benchmarks/bugs-dot-jar/logging-log4j2/log4j-api/src/main/resources
[INFO] Copying 3 resources
[INFO] 
[INFO] --- maven-compiler-plugin:3.1:compile (default-compile) @ log4j-api ---
[INFO] Changes detected - recompiling the module!
[INFO] Compiling 59 source files to /data-depot/user/Workspace/Reproducibility/Reproducibility-Scanner/benchmarks/bugs-dot-jar/logging-log4j2/log4j-api/target/classes
[WARNING] bootstrap class path not set in conjunction with -source 1.6
[INFO] 
[INFO] --- maven-bundle-plugin:2.3.7:manifest (bundle-manifest) @ log4j-api ---
[INFO] 
[INFO] --- maven-resources-plugin:2.5:testResources (default-testResources) @ log4j-api ---
[debug] execute contextualize
[INFO] Using 'UTF-8' encoding to copy filtered resources.
[INFO] Copying 7 resources
[INFO] Copying 3 resources
[INFO] 
[INFO] --- maven-compiler-plugin:3.1:testCompile (default-testCompile) @ log4j-api ---
[INFO] Changes detected - recompiling the module!
[INFO] Compiling 24 source files to /data-depot/user/Workspace/Reproducibility/Reproducibility-Scanner/benchmarks/bugs-dot-jar/logging-log4j2/log4j-api/target/test-classes
[WARNING] bootstrap class path not set in conjunction with -source 1.6
[INFO] 
[INFO] --- maven-surefire-plugin:2.16:test (default-test) @ log4j-api ---
[INFO] Tests are skipped.
[INFO] 
[INFO] --- maven-jar-plugin:2.3.1:jar (default-jar) @ log4j-api ---
[INFO] Building jar: /data-depot/user/Workspace/Reproducibility/Reproducibility-Scanner/benchmarks/bugs-dot-jar/logging-log4j2/log4j-api/target/log4j-api-2.0-beta9-SNAPSHOT.jar
[INFO] 
[INFO] --- maven-install-plugin:2.3.1:install (default-install) @ log4j-api ---
[INFO] Installing /data-depot/user/Workspace/Reproducibility/Reproducibility-Scanner/benchmarks/bugs-dot-jar/logging-log4j2/log4j-api/target/log4j-api-2.0-beta9-SNAPSHOT.jar to /home/user/.m2/repository/org/apache/logging/log4j/log4j-api/2.0-beta9-SNAPSHOT/log4j-api-2.0-beta9-SNAPSHOT.jar
[INFO] Installing /data-depot/user/Workspace/Reproducibility/Reproducibility-Scanner/benchmarks/bugs-dot-jar/logging-log4j2/log4j-api/pom.xml to /home/user/.m2/repository/org/apache/logging/log4j/log4j-api/2.0-beta9-SNAPSHOT/log4j-api-2.0-beta9-SNAPSHOT.pom
[INFO] 
[INFO] ----------------< org.apache.logging.log4j:log4j-core >-----------------
[INFO] Building Apache Log4j Core 2.0-beta9-SNAPSHOT                     [3/21]
[INFO] --------------------------------[ jar ]---------------------------------
[INFO] 
[INFO] --- maven-bundle-plugin:2.3.7:cleanVersions (default) @ log4j-core ---
[INFO] 
[INFO] --- maven-remote-resources-plugin:1.1:process (default) @ log4j-core ---
[INFO] 
[INFO] --- maven-resources-plugin:2.5:resources (default-resources) @ log4j-core ---
[debug] execute contextualize
[INFO] Using 'UTF-8' encoding to copy filtered resources.
[INFO] Copying 8 resources
[INFO] 
[INFO] --- maven-compiler-plugin:3.1:compile (default-compile) @ log4j-core ---
[INFO] Changes detected - recompiling the module!
[INFO] Compiling 312 source files to /data-depot/user/Workspace/Reproducibility/Reproducibility-Scanner/benchmarks/bugs-dot-jar/logging-log4j2/log4j-core/target/classes
[WARNING] bootstrap class path not set in conjunction with -source 1.6
[WARNING] Signature attribute introduced in version 49.0 class files is ignored in version 48.0 class files
[WARNING] Signature attribute introduced in version 49.0 class files is ignored in version 48.0 class files
[WARNING] /data-depot/user/Workspace/Reproducibility/Reproducibility-Scanner/benchmarks/bugs-dot-jar/logging-log4j2/log4j-core/src/main/java/org/apache/logging/log4j/core/appender/db/nosql/NoSQLDatabaseManager.java:[192,24] found raw type: org.apache.logging.log4j.core.appender.db.nosql.NoSQLDatabaseManager
  missing type arguments for generic class org.apache.logging.log4j.core.appender.db.nosql.NoSQLDatabaseManager<W>
[WARNING] /data-depot/user/Workspace/Reproducibility/Reproducibility-Scanner/benchmarks/bugs-dot-jar/logging-log4j2/log4j-core/src/main/java/org/apache/logging/log4j/core/config/BaseConfiguration.java:[178,19] getComponent(java.lang.String) in org.apache.logging.log4j.core.config.BaseConfiguration implements <T>getComponent(java.lang.String) in org.apache.logging.log4j.core.config.Configuration
  return type requires unchecked conversion from java.lang.Object to T
[WARNING] /data-depot/user/Workspace/Reproducibility/Reproducibility-Scanner/benchmarks/bugs-dot-jar/logging-log4j2/log4j-core/src/main/java/org/apache/logging/log4j/core/config/DefaultConfiguration.java:[34,8] getComponent(java.lang.String) in org.apache.logging.log4j.core.config.BaseConfiguration implements <T>getComponent(java.lang.String) in org.apache.logging.log4j.core.config.Configuration
  return type requires unchecked conversion from java.lang.Object to T
[WARNING] /data-depot/user/Workspace/Reproducibility/Reproducibility-Scanner/benchmarks/bugs-dot-jar/logging-log4j2/log4j-core/src/main/java/org/apache/logging/log4j/core/config/plugins/PluginManager.java:[242,44] found raw type: org.apache.logging.log4j.core.config.plugins.PluginType
  missing type arguments for generic class org.apache.logging.log4j.core.config.plugins.PluginType<T>
[WARNING] Signature attribute introduced in version 49.0 class files is ignored in version 48.0 class files
[WARNING] /data-depot/user/Workspace/Reproducibility/Reproducibility-Scanner/benchmarks/bugs-dot-jar/logging-log4j2/log4j-core/src/main/java/org/apache/logging/log4j/core/config/plugins/ResolverUtil.java:[285,61] unchecked conversion
  required: java.util.Collection<java.lang.String>
  found:    java.util.Collection
[WARNING] /data-depot/user/Workspace/Reproducibility/Reproducibility-Scanner/benchmarks/bugs-dot-jar/logging-log4j2/log4j-core/src/main/java/org/apache/logging/log4j/core/config/NullConfiguration.java:[24,8] getComponent(java.lang.String) in org.apache.logging.log4j.core.config.BaseConfiguration implements <T>getComponent(java.lang.String) in org.apache.logging.log4j.core.config.Configuration
  return type requires unchecked conversion from java.lang.Object to T
[WARNING] /data-depot/user/Workspace/Reproducibility/Reproducibility-Scanner/benchmarks/bugs-dot-jar/logging-log4j2/log4j-core/src/main/java/org/apache/logging/log4j/core/config/XMLConfiguration.java:[68,8] getComponent(java.lang.String) in org.apache.logging.log4j.core.config.BaseConfiguration implements <T>getComponent(java.lang.String) in org.apache.logging.log4j.core.config.Configuration
  return type requires unchecked conversion from java.lang.Object to T
[WARNING] /data-depot/user/Workspace/Reproducibility/Reproducibility-Scanner/benchmarks/bugs-dot-jar/logging-log4j2/log4j-core/src/main/java/org/apache/logging/log4j/core/net/MulticastDNSAdvertiser.java:[101,83] found raw type: java.lang.Class
  missing type arguments for generic class java.lang.Class<T>
[WARNING] /data-depot/user/Workspace/Reproducibility/Reproducibility-Scanner/benchmarks/bugs-dot-jar/logging-log4j2/log4j-core/src/main/java/org/apache/logging/log4j/core/net/MulticastDNSAdvertiser.java:[127,85] found raw type: java.lang.Class
  missing type arguments for generic class java.lang.Class<T>
[WARNING] /data-depot/user/Workspace/Reproducibility/Reproducibility-Scanner/benchmarks/bugs-dot-jar/logging-log4j2/log4j-core/src/main/java/org/apache/logging/log4j/core/config/JSONConfiguration.java:[54,8] getComponent(java.lang.String) in org.apache.logging.log4j.core.config.BaseConfiguration implements <T>getComponent(java.lang.String) in org.apache.logging.log4j.core.config.Configuration
  return type requires unchecked conversion from java.lang.Object to T
[INFO] 
[INFO] >>> exec-maven-plugin:1.2.1:java (default) > validate @ log4j-core >>>
[INFO] 
[INFO] <<< exec-maven-plugin:1.2.1:java (default) < validate @ log4j-core <<<
[INFO] 
[INFO] 
[INFO] --- exec-maven-plugin:1.2.1:java (default) @ log4j-core ---
[INFO] 
[INFO] --- maven-bundle-plugin:2.3.7:manifest (bundle-manifest) @ log4j-core ---
[INFO] 
[INFO] --- maven-resources-plugin:2.5:testResources (default-testResources) @ log4j-core ---
[debug] execute contextualize
[INFO] Using 'UTF-8' encoding to copy filtered resources.
[INFO] Copying 112 resources
[INFO] 
[INFO] --- maven-compiler-plugin:3.1:testCompile (default-testCompile) @ log4j-core ---
[INFO] Changes detected - recompiling the module!
[INFO] Compiling 193 source files to /data-depot/user/Workspace/Reproducibility/Reproducibility-Scanner/benchmarks/bugs-dot-jar/logging-log4j2/log4j-core/target/test-classes
[WARNING] bootstrap class path not set in conjunction with -source 1.6
[WARNING] /data-depot/user/Workspace/Reproducibility/Reproducibility-Scanner/benchmarks/bugs-dot-jar/logging-log4j2/log4j-core/src/test/java/org/apache/logging/log4j/ReflectionComparison.java:[26,19] sun.reflect.Reflection is internal proprietary API and may be removed in a future release
[WARNING] /data-depot/user/Workspace/Reproducibility/Reproducibility-Scanner/benchmarks/bugs-dot-jar/logging-log4j2/log4j-core/src/test/java/org/apache/logging/log4j/core/appender/FileAppenderTest.java:[151,18] static method should be qualified by type name, java.lang.Thread, instead of by an expression
[WARNING] /data-depot/user/Workspace/Reproducibility/Reproducibility-Scanner/benchmarks/bugs-dot-jar/logging-log4j2/log4j-core/src/test/java/org/apache/logging/log4j/ReflectionComparison.java:[84,13] sun.reflect.Reflection is internal proprietary API and may be removed in a future release
[WARNING] /data-depot/user/Workspace/Reproducibility/Reproducibility-Scanner/benchmarks/bugs-dot-jar/logging-log4j2/log4j-core/src/test/java/org/apache/logging/log4j/ReflectionComparison.java:[84,23] getCallerClass(int) in sun.reflect.Reflection has been deprecated
[WARNING] /data-depot/user/Workspace/Reproducibility/Reproducibility-Scanner/benchmarks/bugs-dot-jar/logging-log4j2/log4j-core/src/test/java/org/apache/logging/log4j/core/BasicConfigurationFactory.java:[46,12] getComponent(java.lang.String) in org.apache.logging.log4j.core.config.BaseConfiguration implements <T>getComponent(java.lang.String) in org.apache.logging.log4j.core.config.Configuration
  return type requires unchecked conversion from java.lang.Object to T
[INFO] 
[INFO] --- maven-surefire-plugin:2.16:test (default-test) @ log4j-core ---
[INFO] Tests are skipped.
[INFO] 
[INFO] --- maven-jar-plugin:2.3.1:jar (default-jar) @ log4j-core ---
[INFO] Building jar: /data-depot/user/Workspace/Reproducibility/Reproducibility-Scanner/benchmarks/bugs-dot-jar/logging-log4j2/log4j-core/target/log4j-core-2.0-beta9-SNAPSHOT.jar
[INFO] 
[INFO] --- maven-jar-plugin:2.3.1:test-jar (default) @ log4j-core ---
[INFO] Building jar: /data-depot/user/Workspace/Reproducibility/Reproducibility-Scanner/benchmarks/bugs-dot-jar/logging-log4j2/log4j-core/target/log4j-core-2.0-beta9-SNAPSHOT-tests.jar
[INFO] 
[INFO] --- maven-install-plugin:2.3.1:install (default-install) @ log4j-core ---
[INFO] Installing /data-depot/user/Workspace/Reproducibility/Reproducibility-Scanner/benchmarks/bugs-dot-jar/logging-log4j2/log4j-core/target/log4j-core-2.0-beta9-SNAPSHOT.jar to /home/user/.m2/repository/org/apache/logging/log4j/log4j-core/2.0-beta9-SNAPSHOT/log4j-core-2.0-beta9-SNAPSHOT.jar
[INFO] Installing /data-depot/user/Workspace/Reproducibility/Reproducibility-Scanner/benchmarks/bugs-dot-jar/logging-log4j2/log4j-core/pom.xml to /home/user/.m2/repository/org/apache/logging/log4j/log4j-core/2.0-beta9-SNAPSHOT/log4j-core-2.0-beta9-SNAPSHOT.pom
[INFO] Installing /data-depot/user/Workspace/Reproducibility/Reproducibility-Scanner/benchmarks/bugs-dot-jar/logging-log4j2/log4j-core/target/log4j-core-2.0-beta9-SNAPSHOT-tests.jar to /home/user/.m2/repository/org/apache/logging/log4j/log4j-core/2.0-beta9-SNAPSHOT/log4j-core-2.0-beta9-SNAPSHOT-tests.jar
[INFO] 
[INFO] --------< org.apache.logging.log4j.osgi:log4j-core-osgi-async >---------
[INFO] Building Apache Log4J Core OSGi Async 2.0-beta9-SNAPSHOT          [4/21]
[INFO] -------------------------------[ bundle ]-------------------------------
[INFO] 
[INFO] --- maven-antrun-plugin:1.6:run (generate-sources) @ log4j-core-osgi-async ---
[WARNING] Parameter tasks is deprecated, use target instead
[INFO] Executing tasks

main:
    [mkdir] Created dir: /data-depot/user/Workspace/Reproducibility/Reproducibility-Scanner/benchmarks/bugs-dot-jar/logging-log4j2/log4j-osgi/core-osgi-async/target/classes
[INFO] Executed tasks
[INFO] 
[INFO] --- maven-bundle-plugin:2.3.7:cleanVersions (default) @ log4j-core-osgi-async ---
[INFO] 
[INFO] --- maven-remote-resources-plugin:1.1:process (default) @ log4j-core-osgi-async ---
[INFO] Setting property: classpath.resource.loader.class => 'org.codehaus.plexus.velocity.ContextClassLoaderResourceLoader'.
[INFO] Setting property: velocimacro.messages.on => 'false'.
[INFO] Setting property: resource.loader => 'classpath'.
[INFO] Setting property: resource.manager.logwhenfound => 'false'.
[INFO] 
[INFO] --- maven-resources-plugin:2.5:resources (default-resources) @ log4j-core-osgi-async ---
[debug] execute contextualize
[INFO] Using 'UTF-8' encoding to copy filtered resources.
[INFO] skip non existing resourceDirectory /data-depot/user/Workspace/Reproducibility/Reproducibility-Scanner/benchmarks/bugs-dot-jar/logging-log4j2/log4j-osgi/core-osgi-async/src/main/resources
[INFO] 
[INFO] --- maven-compiler-plugin:3.1:compile (default-compile) @ log4j-core-osgi-async ---
[INFO] No sources to compile
[INFO] 
[INFO] --- maven-bundle-plugin:2.3.7:manifest (bundle-manifest) @ log4j-core-osgi-async ---
[WARNING] Manifest org.apache.logging.log4j.osgi:log4j-core-osgi-async:bundle:2.0-beta9-SNAPSHOT : Superfluous export-package instructions: [org.apache.logging.log4j.core.async.*]
[INFO] 
[INFO] --- maven-resources-plugin:2.5:testResources (default-testResources) @ log4j-core-osgi-async ---
[debug] execute contextualize
[INFO] Using 'UTF-8' encoding to copy filtered resources.
[INFO] skip non existing resourceDirectory /data-depot/user/Workspace/Reproducibility/Reproducibility-Scanner/benchmarks/bugs-dot-jar/logging-log4j2/log4j-osgi/core-osgi-async/src/test/resources
[INFO] 
[INFO] --- maven-compiler-plugin:3.1:testCompile (default-testCompile) @ log4j-core-osgi-async ---
[INFO] No sources to compile
[INFO] 
[INFO] --- maven-surefire-plugin:2.16:test (default-test) @ log4j-core-osgi-async ---
[INFO] Tests are skipped.
[INFO] 
[INFO] --- maven-bundle-plugin:2.3.7:bundle (default-bundle) @ log4j-core-osgi-async ---
[INFO] 
[INFO] --- maven-install-plugin:2.3.1:install (default-install) @ log4j-core-osgi-async ---
[INFO] Installing /data-depot/user/Workspace/Reproducibility/Reproducibility-Scanner/benchmarks/bugs-dot-jar/logging-log4j2/log4j-osgi/core-osgi-async/target/log4j-core-osgi-async-2.0-beta9-SNAPSHOT.jar to /home/user/.m2/repository/org/apache/logging/log4j/osgi/log4j-core-osgi-async/2.0-beta9-SNAPSHOT/log4j-core-osgi-async-2.0-beta9-SNAPSHOT.jar
[INFO] Installing /data-depot/user/Workspace/Reproducibility/Reproducibility-Scanner/benchmarks/bugs-dot-jar/logging-log4j2/log4j-osgi/core-osgi-async/pom.xml to /home/user/.m2/repository/org/apache/logging/log4j/osgi/log4j-core-osgi-async/2.0-beta9-SNAPSHOT/log4j-core-osgi-async-2.0-beta9-SNAPSHOT.pom
[INFO] 
[INFO] --- maven-bundle-plugin:2.3.7:install (default-install) @ log4j-core-osgi-async ---
[INFO] Installing org/apache/logging/log4j/osgi/log4j-core-osgi-async/2.0-beta9-SNAPSHOT/log4j-core-osgi-async-2.0-beta9-SNAPSHOT.jar
[INFO] Writing OBR metadata
[INFO] 
[INFO] ---------< org.apache.logging.log4j.osgi:log4j-core-osgi-jpa >----------
[INFO] Building Apache Log4J Core OSGi JPA 2.0-beta9-SNAPSHOT            [5/21]
[INFO] -------------------------------[ bundle ]-------------------------------
[INFO] 
[INFO] --- maven-antrun-plugin:1.6:run (generate-sources) @ log4j-core-osgi-jpa ---
[WARNING] Parameter tasks is deprecated, use target instead
[INFO] Executing tasks

main:
    [mkdir] Created dir: /data-depot/user/Workspace/Reproducibility/Reproducibility-Scanner/benchmarks/bugs-dot-jar/logging-log4j2/log4j-osgi/core-osgi-jpa/target/classes
[INFO] Executed tasks
[INFO] 
[INFO] --- maven-bundle-plugin:2.3.7:cleanVersions (default) @ log4j-core-osgi-jpa ---
[INFO] 
[INFO] --- maven-remote-resources-plugin:1.1:process (default) @ log4j-core-osgi-jpa ---
[INFO] 
[INFO] --- maven-resources-plugin:2.5:resources (default-resources) @ log4j-core-osgi-jpa ---
[debug] execute contextualize
[INFO] Using 'UTF-8' encoding to copy filtered resources.
[INFO] skip non existing resourceDirectory /data-depot/user/Workspace/Reproducibility/Reproducibility-Scanner/benchmarks/bugs-dot-jar/logging-log4j2/log4j-osgi/core-osgi-jpa/src/main/resources
[INFO] 
[INFO] --- maven-compiler-plugin:3.1:compile (default-compile) @ log4j-core-osgi-jpa ---
[INFO] No sources to compile
[INFO] 
[INFO] --- maven-bundle-plugin:2.3.7:manifest (bundle-manifest) @ log4j-core-osgi-jpa ---
[WARNING] Manifest org.apache.logging.log4j.osgi:log4j-core-osgi-jpa:bundle:2.0-beta9-SNAPSHOT : Superfluous export-package instructions: [org.apache.logging.log4j.core.appender.db.jpa.*]
[INFO] 
[INFO] --- maven-resources-plugin:2.5:testResources (default-testResources) @ log4j-core-osgi-jpa ---
[debug] execute contextualize
[INFO] Using 'UTF-8' encoding to copy filtered resources.
[INFO] skip non existing resourceDirectory /data-depot/user/Workspace/Reproducibility/Reproducibility-Scanner/benchmarks/bugs-dot-jar/logging-log4j2/log4j-osgi/core-osgi-jpa/src/test/resources
[INFO] 
[INFO] --- maven-compiler-plugin:3.1:testCompile (default-testCompile) @ log4j-core-osgi-jpa ---
[INFO] No sources to compile
[INFO] 
[INFO] --- maven-surefire-plugin:2.16:test (default-test) @ log4j-core-osgi-jpa ---
[INFO] Tests are skipped.
[INFO] 
[INFO] --- maven-bundle-plugin:2.3.7:bundle (default-bundle) @ log4j-core-osgi-jpa ---
[INFO] 
[INFO] --- maven-install-plugin:2.3.1:install (default-install) @ log4j-core-osgi-jpa ---
[INFO] Installing /data-depot/user/Workspace/Reproducibility/Reproducibility-Scanner/benchmarks/bugs-dot-jar/logging-log4j2/log4j-osgi/core-osgi-jpa/target/log4j-core-osgi-jpa-2.0-beta9-SNAPSHOT.jar to /home/user/.m2/repository/org/apache/logging/log4j/osgi/log4j-core-osgi-jpa/2.0-beta9-SNAPSHOT/log4j-core-osgi-jpa-2.0-beta9-SNAPSHOT.jar
[INFO] Installing /data-depot/user/Workspace/Reproducibility/Reproducibility-Scanner/benchmarks/bugs-dot-jar/logging-log4j2/log4j-osgi/core-osgi-jpa/pom.xml to /home/user/.m2/repository/org/apache/logging/log4j/osgi/log4j-core-osgi-jpa/2.0-beta9-SNAPSHOT/log4j-core-osgi-jpa-2.0-beta9-SNAPSHOT.pom
[INFO] 
[INFO] --- maven-bundle-plugin:2.3.7:install (default-install) @ log4j-core-osgi-jpa ---
[INFO] Installing org/apache/logging/log4j/osgi/log4j-core-osgi-jpa/2.0-beta9-SNAPSHOT/log4j-core-osgi-jpa-2.0-beta9-SNAPSHOT.jar
[INFO] Writing OBR metadata
[INFO] 
[INFO] ---------< org.apache.logging.log4j.osgi:log4j-core-osgi-net >----------
[INFO] Building Apache Log4J Core OSGi Net 2.0-beta9-SNAPSHOT            [6/21]
[INFO] -------------------------------[ bundle ]-------------------------------
[INFO] 
[INFO] --- maven-antrun-plugin:1.6:run (generate-sources) @ log4j-core-osgi-net ---
[WARNING] Parameter tasks is deprecated, use target instead
[INFO] Executing tasks

main:
    [mkdir] Created dir: /data-depot/user/Workspace/Reproducibility/Reproducibility-Scanner/benchmarks/bugs-dot-jar/logging-log4j2/log4j-osgi/core-osgi-net/target/classes
[INFO] Executed tasks
[INFO] 
[INFO] --- maven-bundle-plugin:2.3.7:cleanVersions (default) @ log4j-core-osgi-net ---
[INFO] 
[INFO] --- maven-remote-resources-plugin:1.1:process (default) @ log4j-core-osgi-net ---
[INFO] 
[INFO] --- maven-resources-plugin:2.5:resources (default-resources) @ log4j-core-osgi-net ---
[debug] execute contextualize
[INFO] Using 'UTF-8' encoding to copy filtered resources.
[INFO] skip non existing resourceDirectory /data-depot/user/Workspace/Reproducibility/Reproducibility-Scanner/benchmarks/bugs-dot-jar/logging-log4j2/log4j-osgi/core-osgi-net/src/main/resources
[INFO] 
[INFO] --- maven-compiler-plugin:3.1:compile (default-compile) @ log4j-core-osgi-net ---
[INFO] No sources to compile
[INFO] 
[INFO] --- maven-bundle-plugin:2.3.7:manifest (bundle-manifest) @ log4j-core-osgi-net ---
[WARNING] Manifest org.apache.logging.log4j.osgi:log4j-core-osgi-net:bundle:2.0-beta9-SNAPSHOT : Superfluous export-package instructions: [org.apache.logging.log4j.core.net.*]
[INFO] 
[INFO] --- maven-resources-plugin:2.5:testResources (default-testResources) @ log4j-core-osgi-net ---
[debug] execute contextualize
[INFO] Using 'UTF-8' encoding to copy filtered resources.
[INFO] skip non existing resourceDirectory /data-depot/user/Workspace/Reproducibility/Reproducibility-Scanner/benchmarks/bugs-dot-jar/logging-log4j2/log4j-osgi/core-osgi-net/src/test/resources
[INFO] 
[INFO] --- maven-compiler-plugin:3.1:testCompile (default-testCompile) @ log4j-core-osgi-net ---
[INFO] No sources to compile
[INFO] 
[INFO] --- maven-surefire-plugin:2.16:test (default-test) @ log4j-core-osgi-net ---
[INFO] Tests are skipped.
[INFO] 
[INFO] --- maven-bundle-plugin:2.3.7:bundle (default-bundle) @ log4j-core-osgi-net ---
[INFO] 
[INFO] --- maven-install-plugin:2.3.1:install (default-install) @ log4j-core-osgi-net ---
[INFO] Installing /data-depot/user/Workspace/Reproducibility/Reproducibility-Scanner/benchmarks/bugs-dot-jar/logging-log4j2/log4j-osgi/core-osgi-net/target/log4j-core-osgi-net-2.0-beta9-SNAPSHOT.jar to /home/user/.m2/repository/org/apache/logging/log4j/osgi/log4j-core-osgi-net/2.0-beta9-SNAPSHOT/log4j-core-osgi-net-2.0-beta9-SNAPSHOT.jar
[INFO] Installing /data-depot/user/Workspace/Reproducibility/Reproducibility-Scanner/benchmarks/bugs-dot-jar/logging-log4j2/log4j-osgi/core-osgi-net/pom.xml to /home/user/.m2/repository/org/apache/logging/log4j/osgi/log4j-core-osgi-net/2.0-beta9-SNAPSHOT/log4j-core-osgi-net-2.0-beta9-SNAPSHOT.pom
[INFO] 
[INFO] --- maven-bundle-plugin:2.3.7:install (default-install) @ log4j-core-osgi-net ---
[INFO] Installing org/apache/logging/log4j/osgi/log4j-core-osgi-net/2.0-beta9-SNAPSHOT/log4j-core-osgi-net-2.0-beta9-SNAPSHOT.jar
[INFO] Writing OBR metadata
[INFO] 
[INFO] -----< org.apache.logging.log4j.osgi:log4j-core-osgi-nosql-couch >------
[INFO] Building Apache Log4J Core OSGi Couch 2.0-beta9-SNAPSHOT          [7/21]
[INFO] -------------------------------[ bundle ]-------------------------------
[INFO] 
[INFO] --- maven-antrun-plugin:1.6:run (generate-sources) @ log4j-core-osgi-nosql-couch ---
[WARNING] Parameter tasks is deprecated, use target instead
[INFO] Executing tasks

main:
    [mkdir] Created dir: /data-depot/user/Workspace/Reproducibility/Reproducibility-Scanner/benchmarks/bugs-dot-jar/logging-log4j2/log4j-osgi/core-osgi-nosql-couch/target/classes
[INFO] Executed tasks
[INFO] 
[INFO] --- maven-bundle-plugin:2.3.7:cleanVersions (default) @ log4j-core-osgi-nosql-couch ---
[INFO] 
[INFO] --- maven-remote-resources-plugin:1.1:process (default) @ log4j-core-osgi-nosql-couch ---
[INFO] 
[INFO] --- maven-resources-plugin:2.5:resources (default-resources) @ log4j-core-osgi-nosql-couch ---
[debug] execute contextualize
[INFO] Using 'UTF-8' encoding to copy filtered resources.
[INFO] skip non existing resourceDirectory /data-depot/user/Workspace/Reproducibility/Reproducibility-Scanner/benchmarks/bugs-dot-jar/logging-log4j2/log4j-osgi/core-osgi-nosql-couch/src/main/resources
[INFO] 
[INFO] --- maven-compiler-plugin:3.1:compile (default-compile) @ log4j-core-osgi-nosql-couch ---
[INFO] No sources to compile
[INFO] 
[INFO] --- maven-bundle-plugin:2.3.7:manifest (bundle-manifest) @ log4j-core-osgi-nosql-couch ---
[WARNING] Manifest org.apache.logging.log4j.osgi:log4j-core-osgi-nosql-couch:bundle:2.0-beta9-SNAPSHOT : Superfluous export-package instructions: [org.apache.logging.log4j.core.appender.db.nosql.couch.*]
[INFO] 
[INFO] --- maven-resources-plugin:2.5:testResources (default-testResources) @ log4j-core-osgi-nosql-couch ---
[debug] execute contextualize
[INFO] Using 'UTF-8' encoding to copy filtered resources.
[INFO] skip non existing resourceDirectory /data-depot/user/Workspace/Reproducibility/Reproducibility-Scanner/benchmarks/bugs-dot-jar/logging-log4j2/log4j-osgi/core-osgi-nosql-couch/src/test/resources
[INFO] 
[INFO] --- maven-compiler-plugin:3.1:testCompile (default-testCompile) @ log4j-core-osgi-nosql-couch ---
[INFO] No sources to compile
[INFO] 
[INFO] --- maven-surefire-plugin:2.16:test (default-test) @ log4j-core-osgi-nosql-couch ---
[INFO] Tests are skipped.
[INFO] 
[INFO] --- maven-bundle-plugin:2.3.7:bundle (default-bundle) @ log4j-core-osgi-nosql-couch ---
[INFO] 
[INFO] --- maven-install-plugin:2.3.1:install (default-install) @ log4j-core-osgi-nosql-couch ---
[INFO] Installing /data-depot/user/Workspace/Reproducibility/Reproducibility-Scanner/benchmarks/bugs-dot-jar/logging-log4j2/log4j-osgi/core-osgi-nosql-couch/target/log4j-core-osgi-nosql-couch-2.0-beta9-SNAPSHOT.jar to /home/user/.m2/repository/org/apache/logging/log4j/osgi/log4j-core-osgi-nosql-couch/2.0-beta9-SNAPSHOT/log4j-core-osgi-nosql-couch-2.0-beta9-SNAPSHOT.jar
[INFO] Installing /data-depot/user/Workspace/Reproducibility/Reproducibility-Scanner/benchmarks/bugs-dot-jar/logging-log4j2/log4j-osgi/core-osgi-nosql-couch/pom.xml to /home/user/.m2/repository/org/apache/logging/log4j/osgi/log4j-core-osgi-nosql-couch/2.0-beta9-SNAPSHOT/log4j-core-osgi-nosql-couch-2.0-beta9-SNAPSHOT.pom
[INFO] 
[INFO] --- maven-bundle-plugin:2.3.7:install (default-install) @ log4j-core-osgi-nosql-couch ---
[INFO] Installing org/apache/logging/log4j/osgi/log4j-core-osgi-nosql-couch/2.0-beta9-SNAPSHOT/log4j-core-osgi-nosql-couch-2.0-beta9-SNAPSHOT.jar
[INFO] Writing OBR metadata
[INFO] 
[INFO] -----< org.apache.logging.log4j.osgi:log4j-core-osgi-nosql-mongo >------
[INFO] Building Apache Log4J Core OSGi Mongo 2.0-beta9-SNAPSHOT          [8/21]
[INFO] -------------------------------[ bundle ]-------------------------------
[INFO] 
[INFO] --- maven-antrun-plugin:1.6:run (generate-sources) @ log4j-core-osgi-nosql-mongo ---
[WARNING] Parameter tasks is deprecated, use target instead
[INFO] Executing tasks

main:
    [mkdir] Created dir: /data-depot/user/Workspace/Reproducibility/Reproducibility-Scanner/benchmarks/bugs-dot-jar/logging-log4j2/log4j-osgi/core-osgi-nosql-mongo/target/classes
[INFO] Executed tasks
[INFO] 
[INFO] --- maven-bundle-plugin:2.3.7:cleanVersions (default) @ log4j-core-osgi-nosql-mongo ---
[INFO] 
[INFO] --- maven-remote-resources-plugin:1.1:process (default) @ log4j-core-osgi-nosql-mongo ---
[INFO] 
[INFO] --- maven-resources-plugin:2.5:resources (default-resources) @ log4j-core-osgi-nosql-mongo ---
[debug] execute contextualize
[INFO] Using 'UTF-8' encoding to copy filtered resources.
[INFO] skip non existing resourceDirectory /data-depot/user/Workspace/Reproducibility/Reproducibility-Scanner/benchmarks/bugs-dot-jar/logging-log4j2/log4j-osgi/core-osgi-nosql-mongo/src/main/resources
[INFO] 
[INFO] --- maven-compiler-plugin:3.1:compile (default-compile) @ log4j-core-osgi-nosql-mongo ---
[INFO] No sources to compile
[INFO] 
[INFO] --- maven-bundle-plugin:2.3.7:manifest (bundle-manifest) @ log4j-core-osgi-nosql-mongo ---
[WARNING] Manifest org.apache.logging.log4j.osgi:log4j-core-osgi-nosql-mongo:bundle:2.0-beta9-SNAPSHOT : Superfluous export-package instructions: [org.apache.logging.log4j.core.appender.db.nosql.mongo.*]
[INFO] 
[INFO] --- maven-resources-plugin:2.5:testResources (default-testResources) @ log4j-core-osgi-nosql-mongo ---
[debug] execute contextualize
[INFO] Using 'UTF-8' encoding to copy filtered resources.
[INFO] skip non existing resourceDirectory /data-depot/user/Workspace/Reproducibility/Reproducibility-Scanner/benchmarks/bugs-dot-jar/logging-log4j2/log4j-osgi/core-osgi-nosql-mongo/src/test/resources
[INFO] 
[INFO] --- maven-compiler-plugin:3.1:testCompile (default-testCompile) @ log4j-core-osgi-nosql-mongo ---
[INFO] No sources to compile
[INFO] 
[INFO] --- maven-surefire-plugin:2.16:test (default-test) @ log4j-core-osgi-nosql-mongo ---
[INFO] Tests are skipped.
[INFO] 
[INFO] --- maven-bundle-plugin:2.3.7:bundle (default-bundle) @ log4j-core-osgi-nosql-mongo ---
[INFO] 
[INFO] --- maven-install-plugin:2.3.1:install (default-install) @ log4j-core-osgi-nosql-mongo ---
[INFO] Installing /data-depot/user/Workspace/Reproducibility/Reproducibility-Scanner/benchmarks/bugs-dot-jar/logging-log4j2/log4j-osgi/core-osgi-nosql-mongo/target/log4j-core-osgi-nosql-mongo-2.0-beta9-SNAPSHOT.jar to /home/user/.m2/repository/org/apache/logging/log4j/osgi/log4j-core-osgi-nosql-mongo/2.0-beta9-SNAPSHOT/log4j-core-osgi-nosql-mongo-2.0-beta9-SNAPSHOT.jar
[INFO] Installing /data-depot/user/Workspace/Reproducibility/Reproducibility-Scanner/benchmarks/bugs-dot-jar/logging-log4j2/log4j-osgi/core-osgi-nosql-mongo/pom.xml to /home/user/.m2/repository/org/apache/logging/log4j/osgi/log4j-core-osgi-nosql-mongo/2.0-beta9-SNAPSHOT/log4j-core-osgi-nosql-mongo-2.0-beta9-SNAPSHOT.pom
[INFO] 
[INFO] --- maven-bundle-plugin:2.3.7:install (default-install) @ log4j-core-osgi-nosql-mongo ---
[INFO] Installing org/apache/logging/log4j/osgi/log4j-core-osgi-nosql-mongo/2.0-beta9-SNAPSHOT/log4j-core-osgi-nosql-mongo-2.0-beta9-SNAPSHOT.jar
[INFO] Writing OBR metadata
[INFO] 
[INFO] -------< org.apache.logging.log4j.osgi:log4j-core-osgi-reduced >--------
[INFO] Building Apache Log4J Core OSGi 2.0-beta9-SNAPSHOT                [9/21]
[INFO] -------------------------------[ bundle ]-------------------------------
[INFO] 
[INFO] --- maven-antrun-plugin:1.6:run (generate-sources) @ log4j-core-osgi-reduced ---
[WARNING] Parameter tasks is deprecated, use target instead
[INFO] Executing tasks

main:
    [mkdir] Created dir: /data-depot/user/Workspace/Reproducibility/Reproducibility-Scanner/benchmarks/bugs-dot-jar/logging-log4j2/log4j-osgi/core-osgi-reduced/target/classes
[INFO] Executed tasks
[INFO] 
[INFO] --- maven-bundle-plugin:2.3.7:cleanVersions (default) @ log4j-core-osgi-reduced ---
[INFO] 
[INFO] --- maven-remote-resources-plugin:1.1:process (default) @ log4j-core-osgi-reduced ---
[INFO] 
[INFO] --- maven-resources-plugin:2.5:resources (default-resources) @ log4j-core-osgi-reduced ---
[debug] execute contextualize
[INFO] Using 'UTF-8' encoding to copy filtered resources.
[INFO] skip non existing resourceDirectory /data-depot/user/Workspace/Reproducibility/Reproducibility-Scanner/benchmarks/bugs-dot-jar/logging-log4j2/log4j-osgi/core-osgi-reduced/src/main/resources
[INFO] 
[INFO] --- maven-compiler-plugin:3.1:compile (default-compile) @ log4j-core-osgi-reduced ---
[INFO] No sources to compile
[INFO] 
[INFO] --- maven-bundle-plugin:2.3.7:manifest (bundle-manifest) @ log4j-core-osgi-reduced ---
[WARNING] Manifest org.apache.logging.log4j.osgi:log4j-core-osgi-reduced:bundle:2.0-beta9-SNAPSHOT : Superfluous export-package instructions: [org.apache.logging.log4j.core.appender.db.nosql, org.apache.logging.log4j.core.*]
[INFO] 
[INFO] --- maven-resources-plugin:2.5:testResources (default-testResources) @ log4j-core-osgi-reduced ---
[debug] execute contextualize
[INFO] Using 'UTF-8' encoding to copy filtered resources.
[INFO] skip non existing resourceDirectory /data-depot/user/Workspace/Reproducibility/Reproducibility-Scanner/benchmarks/bugs-dot-jar/logging-log4j2/log4j-osgi/core-osgi-reduced/src/test/resources
[INFO] 
[INFO] --- maven-compiler-plugin:3.1:testCompile (default-testCompile) @ log4j-core-osgi-reduced ---
[INFO] No sources to compile
[INFO] 
[INFO] --- maven-surefire-plugin:2.16:test (default-test) @ log4j-core-osgi-reduced ---
[INFO] Tests are skipped.
[INFO] 
[INFO] --- maven-bundle-plugin:2.3.7:bundle (default-bundle) @ log4j-core-osgi-reduced ---
[INFO] 
[INFO] --- maven-install-plugin:2.3.1:install (default-install) @ log4j-core-osgi-reduced ---
[INFO] Installing /data-depot/user/Workspace/Reproducibility/Reproducibility-Scanner/benchmarks/bugs-dot-jar/logging-log4j2/log4j-osgi/core-osgi-reduced/target/log4j-core-osgi-reduced-2.0-beta9-SNAPSHOT.jar to /home/user/.m2/repository/org/apache/logging/log4j/osgi/log4j-core-osgi-reduced/2.0-beta9-SNAPSHOT/log4j-core-osgi-reduced-2.0-beta9-SNAPSHOT.jar
[INFO] Installing /data-depot/user/Workspace/Reproducibility/Reproducibility-Scanner/benchmarks/bugs-dot-jar/logging-log4j2/log4j-osgi/core-osgi-reduced/pom.xml to /home/user/.m2/repository/org/apache/logging/log4j/osgi/log4j-core-osgi-reduced/2.0-beta9-SNAPSHOT/log4j-core-osgi-reduced-2.0-beta9-SNAPSHOT.pom
[INFO] 
[INFO] --- maven-bundle-plugin:2.3.7:install (default-install) @ log4j-core-osgi-reduced ---
[INFO] Installing org/apache/logging/log4j/osgi/log4j-core-osgi-reduced/2.0-beta9-SNAPSHOT/log4j-core-osgi-reduced-2.0-beta9-SNAPSHOT.jar
[INFO] Writing OBR metadata
[INFO] 
[INFO] --------------< org.apache.logging.log4j.osgi:log4j-osgi >--------------
[INFO] Building Apache Log4J Core OSGi Bundles 2.0-beta9-SNAPSHOT       [10/21]
[INFO] --------------------------------[ pom ]---------------------------------
[INFO] 
[INFO] --- maven-remote-resources-plugin:1.1:process (default) @ log4j-osgi ---
[INFO] 
[INFO] --- maven-bundle-plugin:2.3.7:manifest (bundle-manifest) @ log4j-osgi ---
[WARNING] Ignoring project type pom - supportedProjectTypes = [jar, bundle]
[INFO] 
[INFO] --- maven-install-plugin:2.3.1:install (default-install) @ log4j-osgi ---
[INFO] Installing /data-depot/user/Workspace/Reproducibility/Reproducibility-Scanner/benchmarks/bugs-dot-jar/logging-log4j2/log4j-osgi/pom.xml to /home/user/.m2/repository/org/apache/logging/log4j/osgi/log4j-osgi/2.0-beta9-SNAPSHOT/log4j-osgi-2.0-beta9-SNAPSHOT.pom
[INFO] 
[INFO] ---------------< org.apache.logging.log4j:log4j-1.2-api >---------------
[INFO] Building Apache Log4j 1.x Compatibility API 2.0-beta9-SNAPSHOT   [11/21]
[INFO] --------------------------------[ jar ]---------------------------------
[INFO] 
[INFO] --- maven-remote-resources-plugin:1.1:process (default) @ log4j-1.2-api ---
[INFO] 
[INFO] --- maven-resources-plugin:2.5:resources (default-resources) @ log4j-1.2-api ---
[debug] execute contextualize
[INFO] Using 'UTF-8' encoding to copy filtered resources.
[INFO] skip non existing resourceDirectory /data-depot/user/Workspace/Reproducibility/Reproducibility-Scanner/benchmarks/bugs-dot-jar/logging-log4j2/log4j-1.2-api/src/main/resources
[INFO] Copying 3 resources
[INFO] 
[INFO] --- maven-compiler-plugin:3.1:compile (default-compile) @ log4j-1.2-api ---
[INFO] Changes detected - recompiling the module!
[INFO] Compiling 28 source files to /data-depot/user/Workspace/Reproducibility/Reproducibility-Scanner/benchmarks/bugs-dot-jar/logging-log4j2/log4j-1.2-api/target/classes
[WARNING] bootstrap class path not set in conjunction with -source 1.6
[INFO] 
[INFO] --- maven-bundle-plugin:2.3.7:manifest (bundle-manifest) @ log4j-1.2-api ---
[WARNING] Manifest org.apache.logging.log4j:log4j-1.2-api:jar:2.0-beta9-SNAPSHOT : Superfluous export-package instructions: [org.apache.logging.log4j.*]
[INFO] 
[INFO] --- maven-resources-plugin:2.5:testResources (default-testResources) @ log4j-1.2-api ---
[debug] execute contextualize
[INFO] Using 'UTF-8' encoding to copy filtered resources.
[INFO] Copying 6 resources
[INFO] Copying 3 resources
[INFO] 
[INFO] --- maven-compiler-plugin:3.1:testCompile (default-testCompile) @ log4j-1.2-api ---
[INFO] Changes detected - recompiling the module!
[INFO] Compiling 8 source files to /data-depot/user/Workspace/Reproducibility/Reproducibility-Scanner/benchmarks/bugs-dot-jar/logging-log4j2/log4j-1.2-api/target/test-classes
[WARNING] bootstrap class path not set in conjunction with -source 1.6
[WARNING] /data-depot/user/Workspace/Reproducibility/Reproducibility-Scanner/benchmarks/bugs-dot-jar/logging-log4j2/log4j-1.2-api/src/test/java/org/apache/log4j/BasicConfigurationFactory.java:[46,12] getComponent(java.lang.String) in org.apache.logging.log4j.core.config.BaseConfiguration implements <T>getComponent(java.lang.String) in org.apache.logging.log4j.core.config.Configuration
  return type requires unchecked conversion from java.lang.Object to T
[INFO] 
[INFO] --- maven-surefire-plugin:2.16:test (default-test) @ log4j-1.2-api ---
[INFO] Tests are skipped.
[INFO] 
[INFO] --- maven-jar-plugin:2.3.1:jar (default-jar) @ log4j-1.2-api ---
[INFO] Building jar: /data-depot/user/Workspace/Reproducibility/Reproducibility-Scanner/benchmarks/bugs-dot-jar/logging-log4j2/log4j-1.2-api/target/log4j-1.2-api-2.0-beta9-SNAPSHOT.jar
[INFO] 
[INFO] --- maven-install-plugin:2.3.1:install (default-install) @ log4j-1.2-api ---
[INFO] Installing /data-depot/user/Workspace/Reproducibility/Reproducibility-Scanner/benchmarks/bugs-dot-jar/logging-log4j2/log4j-1.2-api/target/log4j-1.2-api-2.0-beta9-SNAPSHOT.jar to /home/user/.m2/repository/org/apache/logging/log4j/log4j-1.2-api/2.0-beta9-SNAPSHOT/log4j-1.2-api-2.0-beta9-SNAPSHOT.jar
[INFO] Installing /data-depot/user/Workspace/Reproducibility/Reproducibility-Scanner/benchmarks/bugs-dot-jar/logging-log4j2/log4j-1.2-api/pom.xml to /home/user/.m2/repository/org/apache/logging/log4j/log4j-1.2-api/2.0-beta9-SNAPSHOT/log4j-1.2-api-2.0-beta9-SNAPSHOT.pom
[INFO] 
[INFO] -------------< org.apache.logging.log4j:log4j-slf4j-impl >--------------
[INFO] Building Apache Log4j SLF4J Binding 2.0-beta9-SNAPSHOT           [12/21]
[INFO] --------------------------------[ jar ]---------------------------------
[INFO] 
[INFO] --- maven-remote-resources-plugin:1.1:process (default) @ log4j-slf4j-impl ---
[INFO] 
[INFO] --- maven-resources-plugin:2.5:resources (default-resources) @ log4j-slf4j-impl ---
[debug] execute contextualize
[INFO] Using 'UTF-8' encoding to copy filtered resources.
[INFO] skip non existing resourceDirectory /data-depot/user/Workspace/Reproducibility/Reproducibility-Scanner/benchmarks/bugs-dot-jar/logging-log4j2/log4j-slf4j-impl/src/main/resources
[INFO] Copying 3 resources
[INFO] 
[INFO] --- maven-compiler-plugin:3.1:compile (default-compile) @ log4j-slf4j-impl ---
[INFO] Changes detected - recompiling the module!
[INFO] Compiling 13 source files to /data-depot/user/Workspace/Reproducibility/Reproducibility-Scanner/benchmarks/bugs-dot-jar/logging-log4j2/log4j-slf4j-impl/target/classes
[WARNING] bootstrap class path not set in conjunction with -source 1.6
[INFO] 
[INFO] --- maven-bundle-plugin:2.3.7:manifest (bundle-manifest) @ log4j-slf4j-impl ---
[WARNING] Manifest org.apache.logging.log4j:log4j-slf4j-impl:jar:2.0-beta9-SNAPSHOT : Superfluous export-package instructions: [org.apache.logging.log4j.*]
[INFO] 
[INFO] --- maven-resources-plugin:2.5:testResources (default-testResources) @ log4j-slf4j-impl ---
[debug] execute contextualize
[INFO] Using 'UTF-8' encoding to copy filtered resources.
[INFO] Copying 1 resource
[INFO] Copying 3 resources
[INFO] 
[INFO] --- maven-compiler-plugin:3.1:testCompile (default-testCompile) @ log4j-slf4j-impl ---
[INFO] Changes detected - recompiling the module!
[INFO] Compiling 3 source files to /data-depot/user/Workspace/Reproducibility/Reproducibility-Scanner/benchmarks/bugs-dot-jar/logging-log4j2/log4j-slf4j-impl/target/test-classes
[WARNING] bootstrap class path not set in conjunction with -source 1.6
[INFO] 
[INFO] --- maven-surefire-plugin:2.16:test (default-test) @ log4j-slf4j-impl ---
[INFO] Tests are skipped.
[INFO] 
[INFO] --- maven-surefire-plugin:2.16:test (default-tests) @ log4j-slf4j-impl ---
[INFO] Tests are skipped.
[INFO] 
[INFO] --- maven-surefire-plugin:2.16:test (test-optional) @ log4j-slf4j-impl ---
[INFO] Tests are skipped.
[INFO] 
[INFO] --- maven-jar-plugin:2.3.1:jar (default-jar) @ log4j-slf4j-impl ---
[INFO] Building jar: /data-depot/user/Workspace/Reproducibility/Reproducibility-Scanner/benchmarks/bugs-dot-jar/logging-log4j2/log4j-slf4j-impl/target/log4j-slf4j-impl-2.0-beta9-SNAPSHOT.jar
[INFO] 
[INFO] --- maven-install-plugin:2.3.1:install (default-install) @ log4j-slf4j-impl ---
[INFO] Installing /data-depot/user/Workspace/Reproducibility/Reproducibility-Scanner/benchmarks/bugs-dot-jar/logging-log4j2/log4j-slf4j-impl/target/log4j-slf4j-impl-2.0-beta9-SNAPSHOT.jar to /home/user/.m2/repository/org/apache/logging/log4j/log4j-slf4j-impl/2.0-beta9-SNAPSHOT/log4j-slf4j-impl-2.0-beta9-SNAPSHOT.jar
[INFO] Installing /data-depot/user/Workspace/Reproducibility/Reproducibility-Scanner/benchmarks/bugs-dot-jar/logging-log4j2/log4j-slf4j-impl/pom.xml to /home/user/.m2/repository/org/apache/logging/log4j/log4j-slf4j-impl/2.0-beta9-SNAPSHOT/log4j-slf4j-impl-2.0-beta9-SNAPSHOT.pom
[INFO] 
[INFO] --------------< org.apache.logging.log4j:log4j-to-slf4j >---------------
[INFO] Building Apache Log4j to SLF4J Adapter 2.0-beta9-SNAPSHOT        [13/21]
[INFO] --------------------------------[ jar ]---------------------------------
[INFO] 
[INFO] --- maven-remote-resources-plugin:1.1:process (default) @ log4j-to-slf4j ---
[INFO] 
[INFO] --- maven-resources-plugin:2.5:resources (default-resources) @ log4j-to-slf4j ---
[debug] execute contextualize
[INFO] Using 'UTF-8' encoding to copy filtered resources.
[INFO] Copying 1 resource
[INFO] Copying 3 resources
[INFO] 
[INFO] --- maven-compiler-plugin:3.1:compile (default-compile) @ log4j-to-slf4j ---
[INFO] Changes detected - recompiling the module!
[INFO] Compiling 5 source files to /data-depot/user/Workspace/Reproducibility/Reproducibility-Scanner/benchmarks/bugs-dot-jar/logging-log4j2/log4j-to-slf4j/target/classes
[WARNING] bootstrap class path not set in conjunction with -source 1.6
[INFO] 
[INFO] --- maven-bundle-plugin:2.3.7:manifest (bundle-manifest) @ log4j-to-slf4j ---
[WARNING] Manifest org.apache.logging.log4j:log4j-to-slf4j:jar:2.0-beta9-SNAPSHOT : Superfluous export-package instructions: [org.apache.logging.log4j.*]
[INFO] 
[INFO] --- maven-resources-plugin:2.5:testResources (default-testResources) @ log4j-to-slf4j ---
[debug] execute contextualize
[INFO] Using 'UTF-8' encoding to copy filtered resources.
[INFO] Copying 1 resource
[INFO] Copying 3 resources
[INFO] 
[INFO] --- maven-compiler-plugin:3.1:testCompile (default-testCompile) @ log4j-to-slf4j ---
[INFO] Changes detected - recompiling the module!
[INFO] Compiling 1 source file to /data-depot/user/Workspace/Reproducibility/Reproducibility-Scanner/benchmarks/bugs-dot-jar/logging-log4j2/log4j-to-slf4j/target/test-classes
[WARNING] bootstrap class path not set in conjunction with -source 1.6
[INFO] 
[INFO] --- maven-surefire-plugin:2.16:test (default-test) @ log4j-to-slf4j ---
[INFO] Tests are skipped.
[INFO] 
[INFO] --- maven-jar-plugin:2.3.1:jar (default-jar) @ log4j-to-slf4j ---
[INFO] Building jar: /data-depot/user/Workspace/Reproducibility/Reproducibility-Scanner/benchmarks/bugs-dot-jar/logging-log4j2/log4j-to-slf4j/target/log4j-to-slf4j-2.0-beta9-SNAPSHOT.jar
[INFO] 
[INFO] --- maven-install-plugin:2.3.1:install (default-install) @ log4j-to-slf4j ---
[INFO] Installing /data-depot/user/Workspace/Reproducibility/Reproducibility-Scanner/benchmarks/bugs-dot-jar/logging-log4j2/log4j-to-slf4j/target/log4j-to-slf4j-2.0-beta9-SNAPSHOT.jar to /home/user/.m2/repository/org/apache/logging/log4j/log4j-to-slf4j/2.0-beta9-SNAPSHOT/log4j-to-slf4j-2.0-beta9-SNAPSHOT.jar
[INFO] Installing /data-depot/user/Workspace/Reproducibility/Reproducibility-Scanner/benchmarks/bugs-dot-jar/logging-log4j2/log4j-to-slf4j/pom.xml to /home/user/.m2/repository/org/apache/logging/log4j/log4j-to-slf4j/2.0-beta9-SNAPSHOT/log4j-to-slf4j-2.0-beta9-SNAPSHOT.pom
[INFO] 
[INFO] -----------------< org.apache.logging.log4j:log4j-jcl >-----------------
[INFO] Building Apache Log4j Commons Logging Bridge 2.0-beta9-SNAPSHOT  [14/21]
[INFO] --------------------------------[ jar ]---------------------------------
[INFO] 
[INFO] --- maven-remote-resources-plugin:1.1:process (default) @ log4j-jcl ---
[INFO] 
[INFO] --- maven-resources-plugin:2.5:resources (default-resources) @ log4j-jcl ---
[debug] execute contextualize
[INFO] Using 'UTF-8' encoding to copy filtered resources.
[INFO] Copying 1 resource
[INFO] Copying 3 resources
[INFO] 
[INFO] --- maven-compiler-plugin:3.1:compile (default-compile) @ log4j-jcl ---
[INFO] Changes detected - recompiling the module!
[INFO] Compiling 3 source files to /data-depot/user/Workspace/Reproducibility/Reproducibility-Scanner/benchmarks/bugs-dot-jar/logging-log4j2/log4j-jcl/target/classes
[WARNING] bootstrap class path not set in conjunction with -source 1.6
[INFO] 
[INFO] --- maven-bundle-plugin:2.3.7:manifest (bundle-manifest) @ log4j-jcl ---
[INFO] 
[INFO] --- maven-resources-plugin:2.5:testResources (default-testResources) @ log4j-jcl ---
[debug] execute contextualize
[INFO] Using 'UTF-8' encoding to copy filtered resources.
[INFO] Copying 1 resource
[INFO] Copying 3 resources
[INFO] 
[INFO] --- maven-compiler-plugin:3.1:testCompile (default-testCompile) @ log4j-jcl ---
[INFO] Changes detected - recompiling the module!
[INFO] Compiling 1 source file to /data-depot/user/Workspace/Reproducibility/Reproducibility-Scanner/benchmarks/bugs-dot-jar/logging-log4j2/log4j-jcl/target/test-classes
[WARNING] bootstrap class path not set in conjunction with -source 1.6
[INFO] 
[INFO] --- maven-surefire-plugin:2.16:test (default-test) @ log4j-jcl ---
[INFO] Tests are skipped.
[INFO] 
[INFO] --- maven-jar-plugin:2.3.1:jar (default-jar) @ log4j-jcl ---
[INFO] Building jar: /data-depot/user/Workspace/Reproducibility/Reproducibility-Scanner/benchmarks/bugs-dot-jar/logging-log4j2/log4j-jcl/target/log4j-jcl-2.0-beta9-SNAPSHOT.jar
[INFO] 
[INFO] --- maven-install-plugin:2.3.1:install (default-install) @ log4j-jcl ---
[INFO] Installing /data-depot/user/Workspace/Reproducibility/Reproducibility-Scanner/benchmarks/bugs-dot-jar/logging-log4j2/log4j-jcl/target/log4j-jcl-2.0-beta9-SNAPSHOT.jar to /home/user/.m2/repository/org/apache/logging/log4j/log4j-jcl/2.0-beta9-SNAPSHOT/log4j-jcl-2.0-beta9-SNAPSHOT.jar
[INFO] Installing /data-depot/user/Workspace/Reproducibility/Reproducibility-Scanner/benchmarks/bugs-dot-jar/logging-log4j2/log4j-jcl/pom.xml to /home/user/.m2/repository/org/apache/logging/log4j/log4j-jcl/2.0-beta9-SNAPSHOT/log4j-jcl-2.0-beta9-SNAPSHOT.pom
[INFO] 
[INFO] --------------< org.apache.logging.log4j:log4j-flume-ng >---------------
[INFO] Building Apache Log4j Flume NG Bridge 2.0-beta9-SNAPSHOT         [15/21]
[INFO] --------------------------------[ jar ]---------------------------------
[INFO] 
[INFO] --- maven-remote-resources-plugin:1.1:process (default) @ log4j-flume-ng ---
[INFO] 
[INFO] --- maven-resources-plugin:2.5:resources (default-resources) @ log4j-flume-ng ---
[debug] execute contextualize
[INFO] Using 'UTF-8' encoding to copy filtered resources.
[INFO] skip non existing resourceDirectory /data-depot/user/Workspace/Reproducibility/Reproducibility-Scanner/benchmarks/bugs-dot-jar/logging-log4j2/log4j-flume-ng/src/main/resources
[INFO] Copying 3 resources
[INFO] 
[INFO] --- maven-compiler-plugin:3.1:compile (default-compile) @ log4j-flume-ng ---
[INFO] Changes detected - recompiling the module!
[INFO] Compiling 13 source files to /data-depot/user/Workspace/Reproducibility/Reproducibility-Scanner/benchmarks/bugs-dot-jar/logging-log4j2/log4j-flume-ng/target/classes
[WARNING] bootstrap class path not set in conjunction with -source 1.6
[INFO] 
[INFO] --- maven-bundle-plugin:2.3.7:manifest (bundle-manifest) @ log4j-flume-ng ---
[INFO] 
[INFO] >>> exec-maven-plugin:1.2.1:java (default) > validate @ log4j-flume-ng >>>
[INFO] 
[INFO] <<< exec-maven-plugin:1.2.1:java (default) < validate @ log4j-flume-ng <<<
[INFO] 
[INFO] 
[INFO] --- exec-maven-plugin:1.2.1:java (default) @ log4j-flume-ng ---
[INFO] 
[INFO] --- maven-resources-plugin:2.5:testResources (default-testResources) @ log4j-flume-ng ---
[debug] execute contextualize
[INFO] Using 'UTF-8' encoding to copy filtered resources.
[INFO] Copying 3 resources
[INFO] Copying 3 resources
[INFO] 
[INFO] --- maven-compiler-plugin:3.1:testCompile (default-testCompile) @ log4j-flume-ng ---
[INFO] Changes detected - recompiling the module!
[INFO] Compiling 6 source files to /data-depot/user/Workspace/Reproducibility/Reproducibility-Scanner/benchmarks/bugs-dot-jar/logging-log4j2/log4j-flume-ng/target/test-classes
[WARNING] bootstrap class path not set in conjunction with -source 1.6
[INFO] 
[INFO] --- maven-surefire-plugin:2.16:test (default-test) @ log4j-flume-ng ---
[INFO] Tests are skipped.
[INFO] 
[INFO] --- maven-jar-plugin:2.3.1:jar (default-jar) @ log4j-flume-ng ---
[INFO] Building jar: /data-depot/user/Workspace/Reproducibility/Reproducibility-Scanner/benchmarks/bugs-dot-jar/logging-log4j2/log4j-flume-ng/target/log4j-flume-ng-2.0-beta9-SNAPSHOT.jar
[INFO] 
[INFO] --- maven-jar-plugin:2.3.1:test-jar (default) @ log4j-flume-ng ---
[INFO] Building jar: /data-depot/user/Workspace/Reproducibility/Reproducibility-Scanner/benchmarks/bugs-dot-jar/logging-log4j2/log4j-flume-ng/target/log4j-flume-ng-2.0-beta9-SNAPSHOT-tests.jar
[INFO] 
[INFO] --- maven-install-plugin:2.3.1:install (default-install) @ log4j-flume-ng ---
[INFO] Installing /data-depot/user/Workspace/Reproducibility/Reproducibility-Scanner/benchmarks/bugs-dot-jar/logging-log4j2/log4j-flume-ng/target/log4j-flume-ng-2.0-beta9-SNAPSHOT.jar to /home/user/.m2/repository/org/apache/logging/log4j/log4j-flume-ng/2.0-beta9-SNAPSHOT/log4j-flume-ng-2.0-beta9-SNAPSHOT.jar
[INFO] Installing /data-depot/user/Workspace/Reproducibility/Reproducibility-Scanner/benchmarks/bugs-dot-jar/logging-log4j2/log4j-flume-ng/pom.xml to /home/user/.m2/repository/org/apache/logging/log4j/log4j-flume-ng/2.0-beta9-SNAPSHOT/log4j-flume-ng-2.0-beta9-SNAPSHOT.pom
[INFO] Installing /data-depot/user/Workspace/Reproducibility/Reproducibility-Scanner/benchmarks/bugs-dot-jar/logging-log4j2/log4j-flume-ng/target/log4j-flume-ng-2.0-beta9-SNAPSHOT-tests.jar to /home/user/.m2/repository/org/apache/logging/log4j/log4j-flume-ng/2.0-beta9-SNAPSHOT/log4j-flume-ng-2.0-beta9-SNAPSHOT-tests.jar
[INFO] 
[INFO] ---------------< org.apache.logging.log4j:log4j-taglib >----------------
[INFO] Building Apache Log4j Tag Library 2.0-beta9-SNAPSHOT             [16/21]
[INFO] --------------------------------[ jar ]---------------------------------
[INFO] 
[INFO] --- maven-remote-resources-plugin:1.1:process (default) @ log4j-taglib ---
[INFO] 
[INFO] --- maven-resources-plugin:2.5:resources (default-resources) @ log4j-taglib ---
[debug] execute contextualize
[INFO] Using 'UTF-8' encoding to copy filtered resources.
[INFO] Copying 1 resource
[INFO] Copying 3 resources
[INFO] 
[INFO] --- maven-compiler-plugin:3.1:compile (default-compile) @ log4j-taglib ---
[INFO] Changes detected - recompiling the module!
[INFO] Compiling 20 source files to /data-depot/user/Workspace/Reproducibility/Reproducibility-Scanner/benchmarks/bugs-dot-jar/logging-log4j2/log4j-taglib/target/classes
[WARNING] bootstrap class path not set in conjunction with -source 1.6
[INFO] 
[INFO] --- maven-bundle-plugin:2.3.7:manifest (bundle-manifest) @ log4j-taglib ---
[INFO] 
[INFO] --- maven-resources-plugin:2.5:testResources (default-testResources) @ log4j-taglib ---
[debug] execute contextualize
[INFO] Using 'UTF-8' encoding to copy filtered resources.
[INFO] Copying 1 resource
[INFO] Copying 3 resources
[INFO] 
[INFO] --- maven-compiler-plugin:3.1:testCompile (default-testCompile) @ log4j-taglib ---
[INFO] Changes detected - recompiling the module!
[INFO] Compiling 17 source files to /data-depot/user/Workspace/Reproducibility/Reproducibility-Scanner/benchmarks/bugs-dot-jar/logging-log4j2/log4j-taglib/target/test-classes
[WARNING] bootstrap class path not set in conjunction with -source 1.6
[INFO] 
[INFO] --- maven-surefire-plugin:2.16:test (default-test) @ log4j-taglib ---
[INFO] Tests are skipped.
[INFO] 
[INFO] --- maven-jar-plugin:2.3.1:jar (default-jar) @ log4j-taglib ---
[INFO] Building jar: /data-depot/user/Workspace/Reproducibility/Reproducibility-Scanner/benchmarks/bugs-dot-jar/logging-log4j2/log4j-taglib/target/log4j-taglib-2.0-beta9-SNAPSHOT.jar
[INFO] 
[INFO] --- maven-install-plugin:2.3.1:install (default-install) @ log4j-taglib ---
[INFO] Installing /data-depot/user/Workspace/Reproducibility/Reproducibility-Scanner/benchmarks/bugs-dot-jar/logging-log4j2/log4j-taglib/target/log4j-taglib-2.0-beta9-SNAPSHOT.jar to /home/user/.m2/repository/org/apache/logging/log4j/log4j-taglib/2.0-beta9-SNAPSHOT/log4j-taglib-2.0-beta9-SNAPSHOT.jar
[INFO] Installing /data-depot/user/Workspace/Reproducibility/Reproducibility-Scanner/benchmarks/bugs-dot-jar/logging-log4j2/log4j-taglib/pom.xml to /home/user/.m2/repository/org/apache/logging/log4j/log4j-taglib/2.0-beta9-SNAPSHOT/log4j-taglib-2.0-beta9-SNAPSHOT.pom
[INFO] 
[INFO] ---------------< org.apache.logging.log4j:log4j-jmx-gui >---------------
[INFO] Building Apache Log4j JMX GUI 2.0-beta9-SNAPSHOT                 [17/21]
[INFO] --------------------------------[ jar ]---------------------------------
[INFO] 
[INFO] --- maven-remote-resources-plugin:1.1:process (default) @ log4j-jmx-gui ---
[INFO] 
[INFO] --- maven-resources-plugin:2.5:resources (default-resources) @ log4j-jmx-gui ---
[debug] execute contextualize
[INFO] Using 'UTF-8' encoding to copy filtered resources.
[INFO] Copying 1 resource
[INFO] Copying 3 resources
[INFO] 
[INFO] --- maven-compiler-plugin:3.1:compile (default-compile) @ log4j-jmx-gui ---
[INFO] Changes detected - recompiling the module!
[INFO] Compiling 5 source files to /data-depot/user/Workspace/Reproducibility/Reproducibility-Scanner/benchmarks/bugs-dot-jar/logging-log4j2/log4j-jmx-gui/target/classes
[WARNING] bootstrap class path not set in conjunction with -source 1.6
[INFO] 
[INFO] --- maven-bundle-plugin:2.3.7:manifest (bundle-manifest) @ log4j-jmx-gui ---
[INFO] 
[INFO] --- maven-resources-plugin:2.5:testResources (default-testResources) @ log4j-jmx-gui ---
[debug] execute contextualize
[INFO] Using 'UTF-8' encoding to copy filtered resources.
[INFO] skip non existing resourceDirectory /data-depot/user/Workspace/Reproducibility/Reproducibility-Scanner/benchmarks/bugs-dot-jar/logging-log4j2/log4j-jmx-gui/src/test/resources
[INFO] Copying 3 resources
[INFO] 
[INFO] --- maven-compiler-plugin:3.1:testCompile (default-testCompile) @ log4j-jmx-gui ---
[INFO] No sources to compile
[INFO] 
[INFO] --- maven-surefire-plugin:2.16:test (default-test) @ log4j-jmx-gui ---
[INFO] Tests are skipped.
[INFO] 
[INFO] --- maven-jar-plugin:2.3.1:jar (default-jar) @ log4j-jmx-gui ---
[INFO] Building jar: /data-depot/user/Workspace/Reproducibility/Reproducibility-Scanner/benchmarks/bugs-dot-jar/logging-log4j2/log4j-jmx-gui/target/log4j-jmx-gui-2.0-beta9-SNAPSHOT.jar
[INFO] 
[INFO] --- maven-install-plugin:2.3.1:install (default-install) @ log4j-jmx-gui ---
[INFO] Installing /data-depot/user/Workspace/Reproducibility/Reproducibility-Scanner/benchmarks/bugs-dot-jar/logging-log4j2/log4j-jmx-gui/target/log4j-jmx-gui-2.0-beta9-SNAPSHOT.jar to /home/user/.m2/repository/org/apache/logging/log4j/log4j-jmx-gui/2.0-beta9-SNAPSHOT/log4j-jmx-gui-2.0-beta9-SNAPSHOT.jar
[INFO] Installing /data-depot/user/Workspace/Reproducibility/Reproducibility-Scanner/benchmarks/bugs-dot-jar/logging-log4j2/log4j-jmx-gui/pom.xml to /home/user/.m2/repository/org/apache/logging/log4j/log4j-jmx-gui/2.0-beta9-SNAPSHOT/log4j-jmx-gui-2.0-beta9-SNAPSHOT.pom
[INFO] 
[INFO] -----------< org.apache.logging.log4j.samples:log4j-samples >-----------
[INFO] Building Apache Log4j Samples 2.0-beta9-SNAPSHOT                 [18/21]
[INFO] --------------------------------[ pom ]---------------------------------
[INFO] 
[INFO] --- maven-remote-resources-plugin:1.1:process (default) @ log4j-samples ---
[INFO] 
[INFO] --- maven-bundle-plugin:2.3.7:manifest (bundle-manifest) @ log4j-samples ---
[WARNING] Ignoring project type pom - supportedProjectTypes = [jar, bundle]
[INFO] 
[INFO] --- maven-install-plugin:2.3.1:install (default-install) @ log4j-samples ---
[INFO] Installing /data-depot/user/Workspace/Reproducibility/Reproducibility-Scanner/benchmarks/bugs-dot-jar/logging-log4j2/log4j-samples/pom.xml to /home/user/.m2/repository/org/apache/logging/log4j/samples/log4j-samples/2.0-beta9-SNAPSHOT/log4j-samples-2.0-beta9-SNAPSHOT.pom
[INFO] 
[INFO] ----< org.apache.logging.log4j.samples:log4j-samples-flume-common >-----
[INFO] Building Apache Log4j Samples: Flume - Common 2.0-beta9-SNAPSHOT [19/21]
[INFO] --------------------------------[ jar ]---------------------------------
[INFO] 
[INFO] --- maven-remote-resources-plugin:1.1:process (default) @ log4j-samples-flume-common ---
[INFO] 
[INFO] --- maven-resources-plugin:2.5:resources (default-resources) @ log4j-samples-flume-common ---
[debug] execute contextualize
[INFO] Using 'UTF-8' encoding to copy filtered resources.
[INFO] skip non existing resourceDirectory /data-depot/user/Workspace/Reproducibility/Reproducibility-Scanner/benchmarks/bugs-dot-jar/logging-log4j2/log4j-samples/flume-common/src/main/resources
[INFO] Copying 3 resources
[INFO] 
[INFO] --- maven-compiler-plugin:3.1:compile (default-compile) @ log4j-samples-flume-common ---
[INFO] Changes detected - recompiling the module!
[INFO] Compiling 13 source files to /data-depot/user/Workspace/Reproducibility/Reproducibility-Scanner/benchmarks/bugs-dot-jar/logging-log4j2/log4j-samples/flume-common/target/classes
[WARNING] bootstrap class path not set in conjunction with -source 1.6
[INFO] 
[INFO] --- maven-bundle-plugin:2.3.7:manifest (bundle-manifest) @ log4j-samples-flume-common ---
[INFO] 
[INFO] --- maven-resources-plugin:2.5:testResources (default-testResources) @ log4j-samples-flume-common ---
[debug] execute contextualize
[INFO] Using 'UTF-8' encoding to copy filtered resources.
[INFO] skip non existing resourceDirectory /data-depot/user/Workspace/Reproducibility/Reproducibility-Scanner/benchmarks/bugs-dot-jar/logging-log4j2/log4j-samples/flume-common/src/test/resources
[INFO] Copying 3 resources
[INFO] 
[INFO] --- maven-compiler-plugin:3.1:testCompile (default-testCompile) @ log4j-samples-flume-common ---
[INFO] No sources to compile
[INFO] 
[INFO] --- maven-surefire-plugin:2.16:test (default-test) @ log4j-samples-flume-common ---
[INFO] Tests are skipped.
[INFO] 
[INFO] --- maven-jar-plugin:2.3.1:jar (default-jar) @ log4j-samples-flume-common ---
[INFO] Building jar: /data-depot/user/Workspace/Reproducibility/Reproducibility-Scanner/benchmarks/bugs-dot-jar/logging-log4j2/log4j-samples/flume-common/target/log4j-samples-flume-common-2.0-beta9-SNAPSHOT.jar
[INFO] 
[INFO] --- maven-install-plugin:2.3.1:install (default-install) @ log4j-samples-flume-common ---
[INFO] Installing /data-depot/user/Workspace/Reproducibility/Reproducibility-Scanner/benchmarks/bugs-dot-jar/logging-log4j2/log4j-samples/flume-common/target/log4j-samples-flume-common-2.0-beta9-SNAPSHOT.jar to /home/user/.m2/repository/org/apache/logging/log4j/samples/log4j-samples-flume-common/2.0-beta9-SNAPSHOT/log4j-samples-flume-common-2.0-beta9-SNAPSHOT.jar
[INFO] Installing /data-depot/user/Workspace/Reproducibility/Reproducibility-Scanner/benchmarks/bugs-dot-jar/logging-log4j2/log4j-samples/flume-common/pom.xml to /home/user/.m2/repository/org/apache/logging/log4j/samples/log4j-samples-flume-common/2.0-beta9-SNAPSHOT/log4j-samples-flume-common-2.0-beta9-SNAPSHOT.pom
[INFO] 
[INFO] ----< org.apache.logging.log4j.samples:log4j-samples-flume-remote >-----
[INFO] Building Apache Log4j Samples: Flume - Remote 2.0-beta9-SNAPSHOT [20/21]
[INFO] --------------------------------[ war ]---------------------------------
[INFO] 
[INFO] --- maven-remote-resources-plugin:1.1:process (default) @ log4j-samples-flume-remote ---
[INFO] 
[INFO] --- maven-resources-plugin:2.5:resources (default-resources) @ log4j-samples-flume-remote ---
[debug] execute contextualize
[INFO] Using 'UTF-8' encoding to copy filtered resources.
[INFO] Copying 2 resources
[INFO] Copying 1 resource to /data-depot/user/Workspace/Reproducibility/Reproducibility-Scanner/benchmarks/bugs-dot-jar/logging-log4j2/log4j-samples/flume-remote/target
[INFO] Copying 3 resources
[INFO] 
[INFO] --- maven-compiler-plugin:3.1:compile (default-compile) @ log4j-samples-flume-remote ---
[INFO] No sources to compile
[INFO] 
[INFO] --- maven-bundle-plugin:2.3.7:manifest (bundle-manifest) @ log4j-samples-flume-remote ---
[WARNING] Ignoring project type war - supportedProjectTypes = [jar, bundle]
[INFO] 
[INFO] --- maven-resources-plugin:2.5:testResources (default-testResources) @ log4j-samples-flume-remote ---
[debug] execute contextualize
[INFO] Using 'UTF-8' encoding to copy filtered resources.
[INFO] skip non existing resourceDirectory /data-depot/user/Workspace/Reproducibility/Reproducibility-Scanner/benchmarks/bugs-dot-jar/logging-log4j2/log4j-samples/flume-remote/src/test/resources
[INFO] Copying 3 resources
[INFO] 
[INFO] --- maven-compiler-plugin:3.1:testCompile (default-testCompile) @ log4j-samples-flume-remote ---
[INFO] No sources to compile
[INFO] 
[INFO] --- maven-surefire-plugin:2.16:test (default-test) @ log4j-samples-flume-remote ---
[INFO] Tests are skipped.
[INFO] 
[INFO] --- maven-war-plugin:2.2:war (default-war) @ log4j-samples-flume-remote ---
[INFO] Packaging webapp
[INFO] Assembling webapp [log4j-samples-flume-remote] in [/data-depot/user/Workspace/Reproducibility/Reproducibility-Scanner/benchmarks/bugs-dot-jar/logging-log4j2/log4j-samples/flume-remote/target/log4j-samples-flume-remote-2.0-beta9-SNAPSHOT]
[INFO] Processing war project
[INFO] Copying webapp resources [/data-depot/user/Workspace/Reproducibility/Reproducibility-Scanner/benchmarks/bugs-dot-jar/logging-log4j2/log4j-samples/flume-remote/src/main/webapp]
[INFO] Webapp assembled in [62 msecs]
[INFO] Building war: /data-depot/user/Workspace/Reproducibility/Reproducibility-Scanner/benchmarks/bugs-dot-jar/logging-log4j2/log4j-samples/flume-remote/target/log4j-samples-flume-remote-2.0-beta9-SNAPSHOT.war
[INFO] WEB-INF/web.xml already added, skipping
[INFO] 
[INFO] --- maven-install-plugin:2.4:install (default-install) @ log4j-samples-flume-remote ---
[INFO] Skipping artifact installation
[INFO] 
[INFO] ---< org.apache.logging.log4j.samples:log4j-samples-flume-embedded >----
[INFO] Building Apache Log4j Samples: Flume - Embedded 2.0-beta9-SNAPSHOT [21/21]
[INFO] --------------------------------[ war ]---------------------------------
[INFO] 
[INFO] --- maven-remote-resources-plugin:1.1:process (default) @ log4j-samples-flume-embedded ---
[INFO] 
[INFO] --- maven-resources-plugin:2.5:resources (default-resources) @ log4j-samples-flume-embedded ---
[debug] execute contextualize
[INFO] Using 'UTF-8' encoding to copy filtered resources.
[INFO] Copying 2 resources
[INFO] Copying 1 resource to /data-depot/user/Workspace/Reproducibility/Reproducibility-Scanner/benchmarks/bugs-dot-jar/logging-log4j2/log4j-samples/flume-embedded/target
[INFO] Copying 3 resources
[INFO] 
[INFO] --- maven-compiler-plugin:3.1:compile (default-compile) @ log4j-samples-flume-embedded ---
[INFO] No sources to compile
[INFO] 
[INFO] --- maven-bundle-plugin:2.3.7:manifest (bundle-manifest) @ log4j-samples-flume-embedded ---
[WARNING] Ignoring project type war - supportedProjectTypes = [jar, bundle]
[INFO] 
[INFO] --- maven-resources-plugin:2.5:testResources (default-testResources) @ log4j-samples-flume-embedded ---
[debug] execute contextualize
[INFO] Using 'UTF-8' encoding to copy filtered resources.
[INFO] skip non existing resourceDirectory /data-depot/user/Workspace/Reproducibility/Reproducibility-Scanner/benchmarks/bugs-dot-jar/logging-log4j2/log4j-samples/flume-embedded/src/test/resources
[INFO] Copying 3 resources
[INFO] 
[INFO] --- maven-compiler-plugin:3.1:testCompile (default-testCompile) @ log4j-samples-flume-embedded ---
[INFO] No sources to compile
[INFO] 
[INFO] --- maven-surefire-plugin:2.16:test (default-test) @ log4j-samples-flume-embedded ---
[INFO] Tests are skipped.
[INFO] 
[INFO] --- maven-war-plugin:2.2:war (default-war) @ log4j-samples-flume-embedded ---
[INFO] Packaging webapp
[INFO] Assembling webapp [log4j-samples-flume-embedded] in [/data-depot/user/Workspace/Reproducibility/Reproducibility-Scanner/benchmarks/bugs-dot-jar/logging-log4j2/log4j-samples/flume-embedded/target/log4j-samples-flume-embedded-2.0-beta9-SNAPSHOT]
[INFO] Processing war project
[INFO] Copying webapp resources [/data-depot/user/Workspace/Reproducibility/Reproducibility-Scanner/benchmarks/bugs-dot-jar/logging-log4j2/log4j-samples/flume-embedded/src/main/webapp]
[INFO] Webapp assembled in [75 msecs]
[INFO] Building war: /data-depot/user/Workspace/Reproducibility/Reproducibility-Scanner/benchmarks/bugs-dot-jar/logging-log4j2/log4j-samples/flume-embedded/target/log4j-samples-flume-embedded-2.0-beta9-SNAPSHOT.war
[INFO] WEB-INF/web.xml already added, skipping
[INFO] 
[INFO] --- maven-install-plugin:2.4:install (default-install) @ log4j-samples-flume-embedded ---
[INFO] Skipping artifact installation
[INFO] ------------------------------------------------------------------------
[INFO] Reactor Summary:
[INFO] 
[INFO] Apache Log4j 2 2.0-beta9-SNAPSHOT .................. SUCCESS [  0.435 s]
[INFO] Apache Log4j API ................................... SUCCESS [  2.390 s]
[INFO] Apache Log4j Core .................................. SUCCESS [  3.275 s]
[INFO] Apache Log4J Core OSGi Async ....................... SUCCESS [  1.721 s]
[INFO] Apache Log4J Core OSGi JPA ......................... SUCCESS [  1.052 s]
[INFO] Apache Log4J Core OSGi Net ......................... SUCCESS [  0.868 s]
[INFO] Apache Log4J Core OSGi Couch ....................... SUCCESS [  0.815 s]
[INFO] Apache Log4J Core OSGi Mongo ....................... SUCCESS [  0.779 s]
[INFO] Apache Log4J Core OSGi ............................. SUCCESS [  1.014 s]
[INFO] Apache Log4J Core OSGi Bundles ..................... SUCCESS [  0.008 s]
[INFO] Apache Log4j 1.x Compatibility API ................. SUCCESS [  0.372 s]
[INFO] Apache Log4j SLF4J Binding ......................... SUCCESS [  0.219 s]
[INFO] Apache Log4j to SLF4J Adapter ...................... SUCCESS [  0.179 s]
[INFO] Apache Log4j Commons Logging Bridge ................ SUCCESS [  0.150 s]
[INFO] Apache Log4j Flume NG Bridge ....................... SUCCESS [  0.984 s]
[INFO] Apache Log4j Tag Library ........................... SUCCESS [  0.211 s]
[INFO] Apache Log4j JMX GUI ............................... SUCCESS [  0.162 s]
[INFO] Apache Log4j Samples ............................... SUCCESS [  0.010 s]
[INFO] Apache Log4j Samples: Flume - Common ............... SUCCESS [  0.290 s]
[INFO] Apache Log4j Samples: Flume - Remote ............... SUCCESS [  1.070 s]
[INFO] Apache Log4j Samples: Flume - Embedded 2.0-beta9-SNAPSHOT SUCCESS [  2.025 s]
[INFO] ------------------------------------------------------------------------
[INFO] BUILD SUCCESS
[INFO] ------------------------------------------------------------------------
[INFO] Total time: 18.615 s
[INFO] Finished at: 2022-07-13T05:08:22-07:00
[INFO] ------------------------------------------------------------------------
[INFO] Scanning for projects...
[INFO] 
[INFO] ---------------< org.apache.logging.log4j:log4j-1.2-api >---------------
[INFO] Building Apache Log4j 1.x Compatibility API 2.0-beta9-SNAPSHOT
[INFO] --------------------------------[ jar ]---------------------------------
[INFO] 
[INFO] --- maven-remote-resources-plugin:1.1:process (default) @ log4j-1.2-api ---
[INFO] Setting property: classpath.resource.loader.class => 'org.codehaus.plexus.velocity.ContextClassLoaderResourceLoader'.
[INFO] Setting property: velocimacro.messages.on => 'false'.
[INFO] Setting property: resource.loader => 'classpath'.
[INFO] Setting property: resource.manager.logwhenfound => 'false'.
[INFO] 
[INFO] --- maven-resources-plugin:2.5:resources (default-resources) @ log4j-1.2-api ---
[debug] execute contextualize
[INFO] Using 'UTF-8' encoding to copy filtered resources.
[INFO] skip non existing resourceDirectory /data-depot/user/Workspace/Reproducibility/Reproducibility-Scanner/benchmarks/bugs-dot-jar/logging-log4j2/log4j-1.2-api/src/main/resources
[INFO] Copying 3 resources
[INFO] 
[INFO] --- maven-compiler-plugin:3.1:compile (default-compile) @ log4j-1.2-api ---
[INFO] Changes detected - recompiling the module!
[INFO] Compiling 28 source files to /data-depot/user/Workspace/Reproducibility/Reproducibility-Scanner/benchmarks/bugs-dot-jar/logging-log4j2/log4j-1.2-api/target/classes
[WARNING] bootstrap class path not set in conjunction with -source 1.6
[INFO] 
[INFO] --- maven-bundle-plugin:2.3.7:manifest (bundle-manifest) @ log4j-1.2-api ---
[WARNING] Manifest org.apache.logging.log4j:log4j-1.2-api:jar:2.0-beta9-SNAPSHOT : Superfluous export-package instructions: [org.apache.logging.log4j.*]
[INFO] 
[INFO] --- maven-resources-plugin:2.5:testResources (default-testResources) @ log4j-1.2-api ---
[debug] execute contextualize
[INFO] Using 'UTF-8' encoding to copy filtered resources.
[INFO] Copying 6 resources
[INFO] Copying 3 resources
[INFO] 
[INFO] --- maven-compiler-plugin:3.1:testCompile (default-testCompile) @ log4j-1.2-api ---
[INFO] Nothing to compile - all classes are up to date
[INFO] 
[INFO] --- maven-surefire-plugin:2.16:test (default-test) @ log4j-1.2-api ---
[WARNING] The parameter forkMode is deprecated since version 2.14. Use forkCount and reuseForks instead.
[INFO] Surefire report directory: /data-depot/user/Workspace/Reproducibility/Reproducibility-Scanner/benchmarks/bugs-dot-jar/logging-log4j2/log4j-1.2-api/target/surefire-reports

-------------------------------------------------------
 T E S T S
-------------------------------------------------------

-------------------------------------------------------
 T E S T S
-------------------------------------------------------
Running org.apache.log4j.LevelTest
Tests run: 23, Failures: 0, Errors: 0, Skipped: 0, Time elapsed: 0.123 sec - in org.apache.log4j.LevelTest
Running org.apache.log4j.LoggingTest
Tests run: 1, Failures: 0, Errors: 0, Skipped: 0, Time elapsed: 0.713 sec - in org.apache.log4j.LoggingTest
Running org.apache.log4j.VelocityTest
Tests run: 1, Failures: 0, Errors: 1, Skipped: 0, Time elapsed: 0.366 sec <<< FAILURE! - in org.apache.log4j.VelocityTest
testVelocity(org.apache.log4j.VelocityTest)  Time elapsed: 0.315 sec  <<< ERROR!
java.lang.NoSuchMethodError: org.apache.log4j.PatternLayout.<init>(Ljava/lang/String;)V
	at org.apache.velocity.runtime.log.Log4JLogChute.initAppender(Log4JLogChute.java:117)
	at org.apache.velocity.runtime.log.Log4JLogChute.init(Log4JLogChute.java:85)
	at org.apache.velocity.runtime.log.LogManager.createLogChute(LogManager.java:157)
	at org.apache.velocity.runtime.log.LogManager.updateLog(LogManager.java:269)
	at org.apache.velocity.runtime.RuntimeInstance.initializeLog(RuntimeInstance.java:871)
	at org.apache.velocity.runtime.RuntimeInstance.init(RuntimeInstance.java:262)
	at org.apache.velocity.runtime.RuntimeSingleton.init(RuntimeSingleton.java:112)
	at org.apache.velocity.app.Velocity.init(Velocity.java:74)
	at org.apache.log4j.VelocityTest.testVelocity(VelocityTest.java:33)

Running org.apache.log4j.PriorityTest
Tests run: 21, Failures: 0, Errors: 0, Skipped: 0, Time elapsed: 0.063 sec - in org.apache.log4j.PriorityTest
Running org.apache.log4j.CategoryTest
Tests run: 7, Failures: 0, Errors: 0, Skipped: 0, Time elapsed: 0.373 sec - in org.apache.log4j.CategoryTest
Running org.apache.log4j.LoggerTest
Tests run: 11, Failures: 0, Errors: 0, Skipped: 0, Time elapsed: 0.383 sec - in org.apache.log4j.LoggerTest

Results :

Tests in error: 
  VelocityTest.testVelocity:33 » NoSuchMethod org.apache.log4j.PatternLayout.<in...

Tests run: 64, Failures: 0, Errors: 1, Skipped: 0

[INFO] ------------------------------------------------------------------------
[INFO] BUILD FAILURE
[INFO] ------------------------------------------------------------------------
[INFO] Total time: 5.811 s
[INFO] Finished at: 2022-07-13T05:08:29-07:00
[INFO] ------------------------------------------------------------------------
[ERROR] Failed to execute goal org.apache.maven.plugins:maven-surefire-plugin:2.16:test (default-test) on project log4j-1.2-api: There are test failures.
[ERROR] 
[ERROR] Please refer to /data-depot/user/Workspace/Reproducibility/Reproducibility-Scanner/benchmarks/bugs-dot-jar/logging-log4j2/log4j-1.2-api/target/surefire-reports for the individual test results.
[ERROR] -> [Help 1]
[ERROR] 
[ERROR] To see the full stack trace of the errors, re-run Maven with the -e switch.
[ERROR] Re-run Maven using the -X switch to enable full debug logging.
[ERROR] 
[ERROR] For more information about the errors and possible solutions, please read the following articles:
[ERROR] [Help 1] http://cwiki.apache.org/confluence/display/MAVEN/MojoFailureException