[INFO] Scanning for projects...
[INFO] ------------------------------------------------------------------------
[INFO] Reactor Build Order:
[INFO] 
[INFO] Oak Parent POM                                                     [pom]
[INFO] Oak Commons                                                     [bundle]
[INFO] Oak Blob Store                                                  [bundle]
[INFO] Oak Cloud Blob Store                                            [bundle]
[INFO] Oak Core                                                        [bundle]
[INFO] Oak JCR Binding                                                 [bundle]
[INFO] Oak upgrade                                                        [jar]
[INFO] Oak HTTP Binding                                                [bundle]
[INFO] Oak Lucene                                                      [bundle]
[INFO] Oak Solr core                                                   [bundle]
[INFO] Oak Solr OSGi                                                   [bundle]
[INFO] Oak External Authentication Support                             [bundle]
[INFO] Oak LDAP Authentication Support                                 [bundle]
[INFO] Oak TarMK Standby                                               [bundle]
[INFO] Oak Remote API                                                  [bundle]
[INFO] Oak CUG                                                         [bundle]
[INFO] Oak Runnable Jar                                                   [jar]
[INFO] Oak Integration Tests for OSGi deployments                         [jar]
[INFO] Oak PojoSR                                                         [jar]
[INFO] Oak Exercises                                                      [jar]
[INFO] Oak Web Application Example                                        [war]
[INFO] Oak Standalone Example                                             [jar]
[INFO] Oak Examples                                                       [pom]
[INFO] Jackrabbit Oak                                                     [pom]
[INFO] 
[INFO] ------------------< org.apache.jackrabbit:oak-parent >------------------
[INFO] Building Oak Parent POM 1.4-SNAPSHOT                              [1/24]
[INFO] --------------------------------[ pom ]---------------------------------
[INFO] 
[INFO] --- jacoco-maven-plugin:0.7.1.201405082137:prepare-agent (pre-unit-test) @ oak-parent ---
[INFO] Skipping JaCoCo execution because property jacoco.skip is set.
[INFO] test.opts.coverage set to empty
[INFO] 
[INFO] --- maven-remote-resources-plugin:1.4:process (default) @ oak-parent ---
[INFO] 
[INFO] --- jacoco-maven-plugin:0.7.1.201405082137:report (post-unit-test) @ oak-parent ---
[INFO] Skipping JaCoCo execution because property jacoco.skip is set.
[INFO] 
[INFO] --- maven-site-plugin:3.3:attach-descriptor (attach-descriptor) @ oak-parent ---
[INFO] 
[INFO] --- maven-install-plugin:2.3.1:install (default-install) @ oak-parent ---
[INFO] Installing /data-depot/user/Workspace/Reproducibility/Reproducibility-Scanner/benchmarks/bugs-dot-jar/jackrabbit-oak/oak-parent/pom.xml to /home/user/.m2/repository/org/apache/jackrabbit/oak-parent/1.4-SNAPSHOT/oak-parent-1.4-SNAPSHOT.pom
[INFO] 
[INFO] -----------------< org.apache.jackrabbit:oak-commons >------------------
[INFO] Building Oak Commons 1.4-SNAPSHOT                                 [2/24]
[INFO] -------------------------------[ bundle ]-------------------------------
[INFO] 
[INFO] --- jacoco-maven-plugin:0.7.1.201405082137:prepare-agent (pre-unit-test) @ oak-commons ---
[INFO] Skipping JaCoCo execution because property jacoco.skip is set.
[INFO] test.opts.coverage set to empty
[INFO] 
[INFO] --- maven-remote-resources-plugin:1.4:process (default) @ oak-commons ---
[INFO] 
[INFO] --- maven-resources-plugin:2.6:resources (default-resources) @ oak-commons ---
[INFO] Using 'UTF-8' encoding to copy filtered resources.
[INFO] skip non existing resourceDirectory /data-depot/user/Workspace/Reproducibility/Reproducibility-Scanner/benchmarks/bugs-dot-jar/jackrabbit-oak/oak-commons/src/main/resources
[INFO] Copying 3 resources
[INFO] 
[INFO] --- maven-compiler-plugin:2.5.1:compile (default-compile) @ oak-commons ---
[INFO] Compiling 35 source files to /data-depot/user/Workspace/Reproducibility/Reproducibility-Scanner/benchmarks/bugs-dot-jar/jackrabbit-oak/oak-commons/target/classes
[INFO] 
[INFO] --- maven-resources-plugin:2.6:testResources (default-testResources) @ oak-commons ---
[INFO] Using 'UTF-8' encoding to copy filtered resources.
[INFO] Copying 4 resources
[INFO] Copying 3 resources
[INFO] 
[INFO] --- maven-compiler-plugin:2.5.1:testCompile (default-testCompile) @ oak-commons ---
[INFO] Compiling 23 source files to /data-depot/user/Workspace/Reproducibility/Reproducibility-Scanner/benchmarks/bugs-dot-jar/jackrabbit-oak/oak-commons/target/test-classes
[INFO] 
[INFO] --- maven-surefire-plugin:2.12.4:test (default-test) @ oak-commons ---
[INFO] Tests are skipped.
[INFO] 
[INFO] --- jacoco-maven-plugin:0.7.1.201405082137:report (post-unit-test) @ oak-commons ---
[INFO] Skipping JaCoCo execution because property jacoco.skip is set.
[INFO] 
[INFO] --- maven-bundle-plugin:3.0.0:bundle (default-bundle) @ oak-commons ---
[INFO] 
[INFO] --- maven-site-plugin:3.3:attach-descriptor (attach-descriptor) @ oak-commons ---
[INFO] 
[INFO] --- maven-jar-plugin:2.4:test-jar (default) @ oak-commons ---
[INFO] Building jar: /data-depot/user/Workspace/Reproducibility/Reproducibility-Scanner/benchmarks/bugs-dot-jar/jackrabbit-oak/oak-commons/target/oak-commons-1.4-SNAPSHOT-tests.jar
[INFO] 
[INFO] --- maven-bundle-plugin:3.0.0:baseline (baseline) @ oak-commons ---
[INFO] Skipping Baseline execution
[INFO] 
[INFO] --- maven-install-plugin:2.3.1:install (default-install) @ oak-commons ---
[INFO] Installing /data-depot/user/Workspace/Reproducibility/Reproducibility-Scanner/benchmarks/bugs-dot-jar/jackrabbit-oak/oak-commons/target/oak-commons-1.4-SNAPSHOT.jar to /home/user/.m2/repository/org/apache/jackrabbit/oak-commons/1.4-SNAPSHOT/oak-commons-1.4-SNAPSHOT.jar
[INFO] Installing /data-depot/user/Workspace/Reproducibility/Reproducibility-Scanner/benchmarks/bugs-dot-jar/jackrabbit-oak/oak-commons/pom.xml to /home/user/.m2/repository/org/apache/jackrabbit/oak-commons/1.4-SNAPSHOT/oak-commons-1.4-SNAPSHOT.pom
[INFO] Installing /data-depot/user/Workspace/Reproducibility/Reproducibility-Scanner/benchmarks/bugs-dot-jar/jackrabbit-oak/oak-commons/target/oak-commons-1.4-SNAPSHOT-tests.jar to /home/user/.m2/repository/org/apache/jackrabbit/oak-commons/1.4-SNAPSHOT/oak-commons-1.4-SNAPSHOT-tests.jar
[INFO] 
[INFO] --- maven-bundle-plugin:3.0.0:install (default-install) @ oak-commons ---
[INFO] Local OBR update disabled (enable with -DobrRepository)
[INFO] 
[INFO] -------------------< org.apache.jackrabbit:oak-blob >-------------------
[INFO] Building Oak Blob Store 1.4-SNAPSHOT                              [3/24]
[INFO] -------------------------------[ bundle ]-------------------------------
[INFO] 
[INFO] --- jacoco-maven-plugin:0.7.1.201405082137:prepare-agent (pre-unit-test) @ oak-blob ---
[INFO] Skipping JaCoCo execution because property jacoco.skip is set.
[INFO] test.opts.coverage set to empty
[INFO] 
[INFO] --- maven-remote-resources-plugin:1.4:process (default) @ oak-blob ---
[INFO] 
[INFO] --- maven-resources-plugin:2.6:resources (default-resources) @ oak-blob ---
[INFO] Using 'UTF-8' encoding to copy filtered resources.
[INFO] skip non existing resourceDirectory /data-depot/user/Workspace/Reproducibility/Reproducibility-Scanner/benchmarks/bugs-dot-jar/jackrabbit-oak/oak-blob/src/main/resources
[INFO] Copying 3 resources
[INFO] 
[INFO] --- maven-compiler-plugin:2.5.1:compile (default-compile) @ oak-blob ---
[INFO] Compiling 18 source files to /data-depot/user/Workspace/Reproducibility/Reproducibility-Scanner/benchmarks/bugs-dot-jar/jackrabbit-oak/oak-blob/target/classes
[INFO] 
[INFO] --- maven-scr-plugin:1.16.0:scr (generate-scr-scrdescriptor) @ oak-blob ---
[INFO] Writing 1 Service Component Descriptors to /data-depot/user/Workspace/Reproducibility/Reproducibility-Scanner/benchmarks/bugs-dot-jar/jackrabbit-oak/oak-blob/target/classes/OSGI-INF/org.apache.jackrabbit.oak.spi.blob.osgi.FileBlobStoreService.xml
[INFO] Writing 1 Service Component Descriptors to /data-depot/user/Workspace/Reproducibility/Reproducibility-Scanner/benchmarks/bugs-dot-jar/jackrabbit-oak/oak-blob/target/classes/OSGI-INF/org.apache.jackrabbit.oak.spi.blob.osgi.SplitBlobStoreService.xml
[INFO] 
[INFO] --- maven-resources-plugin:2.6:testResources (default-testResources) @ oak-blob ---
[INFO] Using 'UTF-8' encoding to copy filtered resources.
[INFO] Copying 1 resource
[INFO] Copying 3 resources
[INFO] 
[INFO] --- maven-compiler-plugin:2.5.1:testCompile (default-testCompile) @ oak-blob ---
[INFO] Compiling 7 source files to /data-depot/user/Workspace/Reproducibility/Reproducibility-Scanner/benchmarks/bugs-dot-jar/jackrabbit-oak/oak-blob/target/test-classes
[INFO] 
[INFO] --- maven-surefire-plugin:2.12.4:test (default-test) @ oak-blob ---
[INFO] Tests are skipped.
[INFO] 
[INFO] --- jacoco-maven-plugin:0.7.1.201405082137:report (post-unit-test) @ oak-blob ---
[INFO] Skipping JaCoCo execution because property jacoco.skip is set.
[INFO] 
[INFO] --- maven-bundle-plugin:3.0.0:bundle (default-bundle) @ oak-blob ---
[INFO] 
[INFO] --- maven-site-plugin:3.3:attach-descriptor (attach-descriptor) @ oak-blob ---
[INFO] 
[INFO] --- maven-jar-plugin:2.4:test-jar (default) @ oak-blob ---
[INFO] Building jar: /data-depot/user/Workspace/Reproducibility/Reproducibility-Scanner/benchmarks/bugs-dot-jar/jackrabbit-oak/oak-blob/target/oak-blob-1.4-SNAPSHOT-tests.jar
[INFO] 
[INFO] --- maven-bundle-plugin:3.0.0:baseline (baseline) @ oak-blob ---
[INFO] Skipping Baseline execution
[INFO] 
[INFO] --- maven-install-plugin:2.3.1:install (default-install) @ oak-blob ---
[INFO] Installing /data-depot/user/Workspace/Reproducibility/Reproducibility-Scanner/benchmarks/bugs-dot-jar/jackrabbit-oak/oak-blob/target/oak-blob-1.4-SNAPSHOT.jar to /home/user/.m2/repository/org/apache/jackrabbit/oak-blob/1.4-SNAPSHOT/oak-blob-1.4-SNAPSHOT.jar
[INFO] Installing /data-depot/user/Workspace/Reproducibility/Reproducibility-Scanner/benchmarks/bugs-dot-jar/jackrabbit-oak/oak-blob/pom.xml to /home/user/.m2/repository/org/apache/jackrabbit/oak-blob/1.4-SNAPSHOT/oak-blob-1.4-SNAPSHOT.pom
[INFO] Installing /data-depot/user/Workspace/Reproducibility/Reproducibility-Scanner/benchmarks/bugs-dot-jar/jackrabbit-oak/oak-blob/target/oak-blob-1.4-SNAPSHOT-tests.jar to /home/user/.m2/repository/org/apache/jackrabbit/oak-blob/1.4-SNAPSHOT/oak-blob-1.4-SNAPSHOT-tests.jar
[INFO] 
[INFO] --- maven-bundle-plugin:3.0.0:install (default-install) @ oak-blob ---
[INFO] Local OBR update disabled (enable with -DobrRepository)
[INFO] 
[INFO] ----------------< org.apache.jackrabbit:oak-blob-cloud >----------------
[INFO] Building Oak Cloud Blob Store 1.4-SNAPSHOT                        [4/24]
[INFO] -------------------------------[ bundle ]-------------------------------
[INFO] 
[INFO] --- jacoco-maven-plugin:0.7.1.201405082137:prepare-agent (pre-unit-test) @ oak-blob-cloud ---
[INFO] Skipping JaCoCo execution because property jacoco.skip is set.
[INFO] test.opts.coverage set to empty
[INFO] 
[INFO] --- maven-remote-resources-plugin:1.4:process (default) @ oak-blob-cloud ---
[INFO] 
[INFO] --- maven-resources-plugin:2.6:resources (default-resources) @ oak-blob-cloud ---
[INFO] Using 'UTF-8' encoding to copy filtered resources.
[INFO] skip non existing resourceDirectory /data-depot/user/Workspace/Reproducibility/Reproducibility-Scanner/benchmarks/bugs-dot-jar/jackrabbit-oak/oak-blob-cloud/src/main/resources
[INFO] Copying 3 resources
[INFO] 
[INFO] --- maven-compiler-plugin:2.5.1:compile (default-compile) @ oak-blob-cloud ---
[INFO] Compiling 6 source files to /data-depot/user/Workspace/Reproducibility/Reproducibility-Scanner/benchmarks/bugs-dot-jar/jackrabbit-oak/oak-blob-cloud/target/classes
[INFO] 
[INFO] --- maven-scr-plugin:1.16.0:scr (generate-scr-scrdescriptor) @ oak-blob-cloud ---
[INFO] 
[INFO] --- maven-resources-plugin:2.6:testResources (default-testResources) @ oak-blob-cloud ---
[INFO] Using 'UTF-8' encoding to copy filtered resources.
[INFO] Copying 2 resources
[INFO] Copying 3 resources
[INFO] 
[INFO] --- maven-compiler-plugin:2.5.1:testCompile (default-testCompile) @ oak-blob-cloud ---
[INFO] Compiling 7 source files to /data-depot/user/Workspace/Reproducibility/Reproducibility-Scanner/benchmarks/bugs-dot-jar/jackrabbit-oak/oak-blob-cloud/target/test-classes
[INFO] 
[INFO] --- maven-surefire-plugin:2.12.4:test (default-test) @ oak-blob-cloud ---
[INFO] Tests are skipped.
[INFO] 
[INFO] --- jacoco-maven-plugin:0.7.1.201405082137:report (post-unit-test) @ oak-blob-cloud ---
[INFO] Skipping JaCoCo execution because property jacoco.skip is set.
[INFO] 
[INFO] --- maven-bundle-plugin:3.0.0:bundle (default-bundle) @ oak-blob-cloud ---
[INFO] 
[INFO] --- maven-site-plugin:3.3:attach-descriptor (attach-descriptor) @ oak-blob-cloud ---
[INFO] 
[INFO] --- maven-jar-plugin:2.4:test-jar (default) @ oak-blob-cloud ---
[INFO] Building jar: /data-depot/user/Workspace/Reproducibility/Reproducibility-Scanner/benchmarks/bugs-dot-jar/jackrabbit-oak/oak-blob-cloud/target/oak-blob-cloud-1.4-SNAPSHOT-tests.jar
[INFO] 
[INFO] --- maven-bundle-plugin:3.0.0:baseline (baseline) @ oak-blob-cloud ---
[INFO] Skipping Baseline execution
[INFO] 
[INFO] --- maven-install-plugin:2.3.1:install (default-install) @ oak-blob-cloud ---
[INFO] Installing /data-depot/user/Workspace/Reproducibility/Reproducibility-Scanner/benchmarks/bugs-dot-jar/jackrabbit-oak/oak-blob-cloud/target/oak-blob-cloud-1.4-SNAPSHOT.jar to /home/user/.m2/repository/org/apache/jackrabbit/oak-blob-cloud/1.4-SNAPSHOT/oak-blob-cloud-1.4-SNAPSHOT.jar
[INFO] Installing /data-depot/user/Workspace/Reproducibility/Reproducibility-Scanner/benchmarks/bugs-dot-jar/jackrabbit-oak/oak-blob-cloud/pom.xml to /home/user/.m2/repository/org/apache/jackrabbit/oak-blob-cloud/1.4-SNAPSHOT/oak-blob-cloud-1.4-SNAPSHOT.pom
[INFO] Installing /data-depot/user/Workspace/Reproducibility/Reproducibility-Scanner/benchmarks/bugs-dot-jar/jackrabbit-oak/oak-blob-cloud/target/oak-blob-cloud-1.4-SNAPSHOT-tests.jar to /home/user/.m2/repository/org/apache/jackrabbit/oak-blob-cloud/1.4-SNAPSHOT/oak-blob-cloud-1.4-SNAPSHOT-tests.jar
[INFO] 
[INFO] --- maven-bundle-plugin:3.0.0:install (default-install) @ oak-blob-cloud ---
[INFO] Local OBR update disabled (enable with -DobrRepository)
[INFO] 
[INFO] -------------------< org.apache.jackrabbit:oak-core >-------------------
[INFO] Building Oak Core 1.4-SNAPSHOT                                    [5/24]
[INFO] -------------------------------[ bundle ]-------------------------------
[INFO] 
[INFO] --- jacoco-maven-plugin:0.7.1.201405082137:prepare-agent (pre-unit-test) @ oak-core ---
[INFO] Skipping JaCoCo execution because property jacoco.skip is set.
[INFO] test.opts.coverage set to empty
[INFO] 
[INFO] --- maven-remote-resources-plugin:1.4:process (default) @ oak-core ---
[INFO] 
[INFO] --- maven-resources-plugin:2.6:resources (default-resources) @ oak-core ---
[INFO] Using 'UTF-8' encoding to copy filtered resources.
[INFO] Copying 3 resources
[INFO] Copying 3 resources
[INFO] 
[INFO] --- maven-compiler-plugin:2.5.1:compile (default-compile) @ oak-core ---
[INFO] Compiling 957 source files to /data-depot/user/Workspace/Reproducibility/Reproducibility-Scanner/benchmarks/bugs-dot-jar/jackrabbit-oak/oak-core/target/classes
[INFO] 
[INFO] --- maven-scr-plugin:1.16.0:scr (generate-scr-scrdescriptor) @ oak-core ---
[WARNING] /data-depot/user/Workspace/Reproducibility/Reproducibility-Scanner/benchmarks/bugs-dot-jar/jackrabbit-oak/oak-core/src/main/java/org/apache/jackrabbit/oak/plugins/index/property/PropertyIndexEditorProvider.java [1:1]: Property type in class org.apache.jackrabbit.oak.plugins.index.property.PropertyIndexEditorProvider is set as private. This is redundant as no metatype will be generated.
[WARNING] /data-depot/user/Workspace/Reproducibility/Reproducibility-Scanner/benchmarks/bugs-dot-jar/jackrabbit-oak/oak-core/src/main/java/org/apache/jackrabbit/oak/plugins/blob/datastore/CachingFDSService.java [1:1]:  Component org.apache.jackrabbit.oak.plugins.blob.datastore.CachingFDS is using the deprecated inheritance feature and inherits from org.apache.jackrabbit.oak.plugins.blob.datastore.AbstractDataStoreService. This feature will be removed in future versions.
[WARNING] /data-depot/user/Workspace/Reproducibility/Reproducibility-Scanner/benchmarks/bugs-dot-jar/jackrabbit-oak/oak-core/src/main/java/org/apache/jackrabbit/oak/plugins/blob/datastore/SharedS3DataStoreService.java [1:1]:  Component org.apache.jackrabbit.oak.plugins.blob.datastore.SharedS3DataStore is using the deprecated inheritance feature and inherits from org.apache.jackrabbit.oak.plugins.blob.datastore.AbstractDataStoreService. This feature will be removed in future versions.
[WARNING] /data-depot/user/Workspace/Reproducibility/Reproducibility-Scanner/benchmarks/bugs-dot-jar/jackrabbit-oak/oak-core/src/main/java/org/apache/jackrabbit/oak/plugins/blob/datastore/S3DataStoreService.java [1:1]:  Component org.apache.jackrabbit.oak.plugins.blob.datastore.S3DataStore is using the deprecated inheritance feature and inherits from org.apache.jackrabbit.oak.plugins.blob.datastore.AbstractDataStoreService. This feature will be removed in future versions.
[WARNING] /data-depot/user/Workspace/Reproducibility/Reproducibility-Scanner/benchmarks/bugs-dot-jar/jackrabbit-oak/oak-core/src/main/java/org/apache/jackrabbit/oak/plugins/blob/datastore/DbDataStoreService.java [1:1]:  Component org.apache.jackrabbit.oak.plugins.blob.datastore.DbDataStore is using the deprecated inheritance feature and inherits from org.apache.jackrabbit.oak.plugins.blob.datastore.AbstractDataStoreService. This feature will be removed in future versions.
[WARNING] /data-depot/user/Workspace/Reproducibility/Reproducibility-Scanner/benchmarks/bugs-dot-jar/jackrabbit-oak/oak-core/src/main/java/org/apache/jackrabbit/oak/plugins/blob/datastore/FileDataStoreService.java [1:1]:  Component org.apache.jackrabbit.oak.plugins.blob.datastore.FileDataStore is using the deprecated inheritance feature and inherits from org.apache.jackrabbit.oak.plugins.blob.datastore.AbstractDataStoreService. This feature will be removed in future versions.
[WARNING] /data-depot/user/Workspace/Reproducibility/Reproducibility-Scanner/benchmarks/bugs-dot-jar/jackrabbit-oak/oak-core/src/main/java/org/apache/jackrabbit/oak/plugins/atomic/AtomicCounterEditorProvider.java [1:1]: Property type in class org.apache.jackrabbit.oak.plugins.atomic.AtomicCounterEditorProvider is set as private. This is redundant as no metatype will be generated.
[INFO] Generating 1 MetaType Descriptors in /data-depot/user/Workspace/Reproducibility/Reproducibility-Scanner/benchmarks/bugs-dot-jar/jackrabbit-oak/oak-core/target/classes/OSGI-INF/metatype/org.apache.jackrabbit.oak.security.authorization.AuthorizationConfigurationImpl.xml
[INFO] Generating 1 MetaType Descriptors in /data-depot/user/Workspace/Reproducibility/Reproducibility-Scanner/benchmarks/bugs-dot-jar/jackrabbit-oak/oak-core/target/classes/OSGI-INF/metatype/org.apache.jackrabbit.oak.security.user.RandomAuthorizableNodeName.xml
[INFO] Generating 1 MetaType Descriptors in /data-depot/user/Workspace/Reproducibility/Reproducibility-Scanner/benchmarks/bugs-dot-jar/jackrabbit-oak/oak-core/target/classes/OSGI-INF/metatype/org.apache.jackrabbit.oak.security.user.UserConfigurationImpl.xml
[INFO] Generating 1 MetaType Descriptors in /data-depot/user/Workspace/Reproducibility/Reproducibility-Scanner/benchmarks/bugs-dot-jar/jackrabbit-oak/oak-core/target/classes/OSGI-INF/metatype/org.apache.jackrabbit.oak.security.authentication.AuthenticationConfigurationImpl.xml
[INFO] Generating 1 MetaType Descriptors in /data-depot/user/Workspace/Reproducibility/Reproducibility-Scanner/benchmarks/bugs-dot-jar/jackrabbit-oak/oak-core/target/classes/OSGI-INF/metatype/org.apache.jackrabbit.oak.security.authentication.token.TokenConfigurationImpl.xml
[INFO] Generating 1 MetaType Descriptors in /data-depot/user/Workspace/Reproducibility/Reproducibility-Scanner/benchmarks/bugs-dot-jar/jackrabbit-oak/oak-core/target/classes/OSGI-INF/metatype/org.apache.jackrabbit.oak.security.internal.SecurityProviderRegistration.xml
[INFO] Generating 1 MetaType Descriptors in /data-depot/user/Workspace/Reproducibility/Reproducibility-Scanner/benchmarks/bugs-dot-jar/jackrabbit-oak/oak-core/target/classes/OSGI-INF/metatype/org.apache.jackrabbit.oak.plugins.metric.StatisticsProviderFactory.xml
[INFO] Generating 1 MetaType Descriptors in /data-depot/user/Workspace/Reproducibility/Reproducibility-Scanner/benchmarks/bugs-dot-jar/jackrabbit-oak/oak-core/target/classes/OSGI-INF/metatype/org.apache.jackrabbit.oak.plugins.segment.SegmentNodeStoreService.xml
[INFO] Generating 1 MetaType Descriptors in /data-depot/user/Workspace/Reproducibility/Reproducibility-Scanner/benchmarks/bugs-dot-jar/jackrabbit-oak/oak-core/target/classes/OSGI-INF/metatype/org.apache.jackrabbit.oak.plugins.document.DocumentNodeStoreService.xml
[INFO] Generating 1 MetaType Descriptors in /data-depot/user/Workspace/Reproducibility/Reproducibility-Scanner/benchmarks/bugs-dot-jar/jackrabbit-oak/oak-core/target/classes/OSGI-INF/metatype/org.apache.jackrabbit.oak.plugins.blob.datastore.DataStoreTextProviderService.xml
[INFO] Generating 1 MetaType Descriptors in /data-depot/user/Workspace/Reproducibility/Reproducibility-Scanner/benchmarks/bugs-dot-jar/jackrabbit-oak/oak-core/target/classes/OSGI-INF/metatype/org.apache.jackrabbit.oak.spi.security.user.action.DefaultAuthorizableActionProvider.xml
[INFO] Writing 1 Service Component Descriptors to /data-depot/user/Workspace/Reproducibility/Reproducibility-Scanner/benchmarks/bugs-dot-jar/jackrabbit-oak/oak-core/target/classes/OSGI-INF/org.apache.jackrabbit.oak.security.privilege.PrivilegeConfigurationImpl.xml
[INFO] Writing 1 Service Component Descriptors to /data-depot/user/Workspace/Reproducibility/Reproducibility-Scanner/benchmarks/bugs-dot-jar/jackrabbit-oak/oak-core/target/classes/OSGI-INF/org.apache.jackrabbit.oak.security.principal.PrincipalConfigurationImpl.xml
[INFO] Writing 1 Service Component Descriptors to /data-depot/user/Workspace/Reproducibility/Reproducibility-Scanner/benchmarks/bugs-dot-jar/jackrabbit-oak/oak-core/target/classes/OSGI-INF/org.apache.jackrabbit.oak.security.authorization.AuthorizationConfigurationImpl.xml
[INFO] Writing 1 Service Component Descriptors to /data-depot/user/Workspace/Reproducibility/Reproducibility-Scanner/benchmarks/bugs-dot-jar/jackrabbit-oak/oak-core/target/classes/OSGI-INF/org.apache.jackrabbit.oak.security.authorization.restriction.RestrictionProviderImpl.xml
[INFO] Writing 1 Service Component Descriptors to /data-depot/user/Workspace/Reproducibility/Reproducibility-Scanner/benchmarks/bugs-dot-jar/jackrabbit-oak/oak-core/target/classes/OSGI-INF/org.apache.jackrabbit.oak.security.user.UserAuthenticationFactoryImpl.xml
[INFO] Writing 1 Service Component Descriptors to /data-depot/user/Workspace/Reproducibility/Reproducibility-Scanner/benchmarks/bugs-dot-jar/jackrabbit-oak/oak-core/target/classes/OSGI-INF/org.apache.jackrabbit.oak.security.user.RandomAuthorizableNodeName.xml
[INFO] Writing 1 Service Component Descriptors to /data-depot/user/Workspace/Reproducibility/Reproducibility-Scanner/benchmarks/bugs-dot-jar/jackrabbit-oak/oak-core/target/classes/OSGI-INF/org.apache.jackrabbit.oak.security.user.UserConfigurationImpl.xml
[INFO] Writing 1 Service Component Descriptors to /data-depot/user/Workspace/Reproducibility/Reproducibility-Scanner/benchmarks/bugs-dot-jar/jackrabbit-oak/oak-core/target/classes/OSGI-INF/org.apache.jackrabbit.oak.security.authentication.AuthenticationConfigurationImpl.xml
[INFO] Writing 1 Service Component Descriptors to /data-depot/user/Workspace/Reproducibility/Reproducibility-Scanner/benchmarks/bugs-dot-jar/jackrabbit-oak/oak-core/target/classes/OSGI-INF/org.apache.jackrabbit.oak.security.authentication.token.TokenConfigurationImpl.xml
[INFO] Writing 1 Service Component Descriptors to /data-depot/user/Workspace/Reproducibility/Reproducibility-Scanner/benchmarks/bugs-dot-jar/jackrabbit-oak/oak-core/target/classes/OSGI-INF/org.apache.jackrabbit.oak.security.internal.SecurityProviderRegistration.xml
[INFO] Writing 1 Service Component Descriptors to /data-depot/user/Workspace/Reproducibility/Reproducibility-Scanner/benchmarks/bugs-dot-jar/jackrabbit-oak/oak-core/target/classes/OSGI-INF/org.apache.jackrabbit.oak.cache.ConsolidatedCacheStats.xml
[INFO] Writing 1 Service Component Descriptors to /data-depot/user/Workspace/Reproducibility/Reproducibility-Scanner/benchmarks/bugs-dot-jar/jackrabbit-oak/oak-core/target/classes/OSGI-INF/org.apache.jackrabbit.oak.plugins.metric.StatisticsProviderFactory.xml
[INFO] Writing 1 Service Component Descriptors to /data-depot/user/Workspace/Reproducibility/Reproducibility-Scanner/benchmarks/bugs-dot-jar/jackrabbit-oak/oak-core/target/classes/OSGI-INF/org.apache.jackrabbit.oak.plugins.itemsave.ItemSaveValidatorProvider.xml
[INFO] Writing 1 Service Component Descriptors to /data-depot/user/Workspace/Reproducibility/Reproducibility-Scanner/benchmarks/bugs-dot-jar/jackrabbit-oak/oak-core/target/classes/OSGI-INF/org.apache.jackrabbit.oak.plugins.index.property.PropertyIndexEditorProvider.xml
[INFO] Writing 1 Service Component Descriptors to /data-depot/user/Workspace/Reproducibility/Reproducibility-Scanner/benchmarks/bugs-dot-jar/jackrabbit-oak/oak-core/target/classes/OSGI-INF/org.apache.jackrabbit.oak.plugins.index.property.OrderedPropertyIndexProvider.xml
[INFO] Writing 1 Service Component Descriptors to /data-depot/user/Workspace/Reproducibility/Reproducibility-Scanner/benchmarks/bugs-dot-jar/jackrabbit-oak/oak-core/target/classes/OSGI-INF/org.apache.jackrabbit.oak.plugins.index.property.PropertyIndexProvider.xml
[INFO] Writing 1 Service Component Descriptors to /data-depot/user/Workspace/Reproducibility/Reproducibility-Scanner/benchmarks/bugs-dot-jar/jackrabbit-oak/oak-core/target/classes/OSGI-INF/org.apache.jackrabbit.oak.plugins.index.property.OrderedPropertyIndexEditorProvider.xml
[INFO] Writing 1 Service Component Descriptors to /data-depot/user/Workspace/Reproducibility/Reproducibility-Scanner/benchmarks/bugs-dot-jar/jackrabbit-oak/oak-core/target/classes/OSGI-INF/org.apache.jackrabbit.oak.plugins.index.reference.ReferenceEditorProvider.xml
[INFO] Writing 1 Service Component Descriptors to /data-depot/user/Workspace/Reproducibility/Reproducibility-Scanner/benchmarks/bugs-dot-jar/jackrabbit-oak/oak-core/target/classes/OSGI-INF/org.apache.jackrabbit.oak.plugins.index.reference.ReferenceIndexProvider.xml
[INFO] Writing 1 Service Component Descriptors to /data-depot/user/Workspace/Reproducibility/Reproducibility-Scanner/benchmarks/bugs-dot-jar/jackrabbit-oak/oak-core/target/classes/OSGI-INF/org.apache.jackrabbit.oak.plugins.index.counter.NodeCounterEditorProvider.xml
[INFO] Writing 1 Service Component Descriptors to /data-depot/user/Workspace/Reproducibility/Reproducibility-Scanner/benchmarks/bugs-dot-jar/jackrabbit-oak/oak-core/target/classes/OSGI-INF/org.apache.jackrabbit.oak.plugins.index.nodetype.NodeTypeIndexProvider.xml
[INFO] Writing 1 Service Component Descriptors to /data-depot/user/Workspace/Reproducibility/Reproducibility-Scanner/benchmarks/bugs-dot-jar/jackrabbit-oak/oak-core/target/classes/OSGI-INF/org.apache.jackrabbit.oak.plugins.segment.SegmentDiscoveryLiteService.xml
[INFO] Writing 1 Service Component Descriptors to /data-depot/user/Workspace/Reproducibility/Reproducibility-Scanner/benchmarks/bugs-dot-jar/jackrabbit-oak/oak-core/target/classes/OSGI-INF/org.apache.jackrabbit.oak.plugins.segment.SegmentNodeStoreService.xml
[INFO] Writing 1 Service Component Descriptors to /data-depot/user/Workspace/Reproducibility/Reproducibility-Scanner/benchmarks/bugs-dot-jar/jackrabbit-oak/oak-core/target/classes/OSGI-INF/org.apache.jackrabbit.oak.plugins.commit.ConflictValidatorProvider.xml
[INFO] Writing 1 Service Component Descriptors to /data-depot/user/Workspace/Reproducibility/Reproducibility-Scanner/benchmarks/bugs-dot-jar/jackrabbit-oak/oak-core/target/classes/OSGI-INF/org.apache.jackrabbit.oak.plugins.version.VersionEditorProvider.xml
[INFO] Writing 1 Service Component Descriptors to /data-depot/user/Workspace/Reproducibility/Reproducibility-Scanner/benchmarks/bugs-dot-jar/jackrabbit-oak/oak-core/target/classes/OSGI-INF/org.apache.jackrabbit.oak.plugins.name.NamespaceEditorProvider.xml
[INFO] Writing 1 Service Component Descriptors to /data-depot/user/Workspace/Reproducibility/Reproducibility-Scanner/benchmarks/bugs-dot-jar/jackrabbit-oak/oak-core/target/classes/OSGI-INF/org.apache.jackrabbit.oak.plugins.name.NameValidatorProvider.xml
[INFO] Writing 1 Service Component Descriptors to /data-depot/user/Workspace/Reproducibility/Reproducibility-Scanner/benchmarks/bugs-dot-jar/jackrabbit-oak/oak-core/target/classes/OSGI-INF/org.apache.jackrabbit.oak.plugins.nodetype.TypeEditorProvider.xml
[INFO] Writing 1 Service Component Descriptors to /data-depot/user/Workspace/Reproducibility/Reproducibility-Scanner/benchmarks/bugs-dot-jar/jackrabbit-oak/oak-core/target/classes/OSGI-INF/org.apache.jackrabbit.oak.plugins.document.DocumentNodeStoreService.xml
[INFO] Writing 1 Service Component Descriptors to /data-depot/user/Workspace/Reproducibility/Reproducibility-Scanner/benchmarks/bugs-dot-jar/jackrabbit-oak/oak-core/target/classes/OSGI-INF/org.apache.jackrabbit.oak.plugins.document.DocumentDiscoveryLiteService.xml
[INFO] Writing 1 Service Component Descriptors to /data-depot/user/Workspace/Reproducibility/Reproducibility-Scanner/benchmarks/bugs-dot-jar/jackrabbit-oak/oak-core/target/classes/OSGI-INF/org.apache.jackrabbit.oak.plugins.blob.datastore.CachingFDSService.xml
[INFO] Writing 1 Service Component Descriptors to /data-depot/user/Workspace/Reproducibility/Reproducibility-Scanner/benchmarks/bugs-dot-jar/jackrabbit-oak/oak-core/target/classes/OSGI-INF/org.apache.jackrabbit.oak.plugins.blob.datastore.DataStoreTextProviderService.xml
[INFO] Writing 1 Service Component Descriptors to /data-depot/user/Workspace/Reproducibility/Reproducibility-Scanner/benchmarks/bugs-dot-jar/jackrabbit-oak/oak-core/target/classes/OSGI-INF/org.apache.jackrabbit.oak.plugins.blob.datastore.SharedS3DataStoreService.xml
[INFO] Writing 1 Service Component Descriptors to /data-depot/user/Workspace/Reproducibility/Reproducibility-Scanner/benchmarks/bugs-dot-jar/jackrabbit-oak/oak-core/target/classes/OSGI-INF/org.apache.jackrabbit.oak.plugins.blob.datastore.S3DataStoreService.xml
[INFO] Writing 1 Service Component Descriptors to /data-depot/user/Workspace/Reproducibility/Reproducibility-Scanner/benchmarks/bugs-dot-jar/jackrabbit-oak/oak-core/target/classes/OSGI-INF/org.apache.jackrabbit.oak.plugins.blob.datastore.DbDataStoreService.xml
[INFO] Writing 1 Service Component Descriptors to /data-depot/user/Workspace/Reproducibility/Reproducibility-Scanner/benchmarks/bugs-dot-jar/jackrabbit-oak/oak-core/target/classes/OSGI-INF/org.apache.jackrabbit.oak.plugins.blob.datastore.FileDataStoreService.xml
[INFO] Writing 1 Service Component Descriptors to /data-depot/user/Workspace/Reproducibility/Reproducibility-Scanner/benchmarks/bugs-dot-jar/jackrabbit-oak/oak-core/target/classes/OSGI-INF/org.apache.jackrabbit.oak.plugins.blob.migration.BlobMigration.xml
[INFO] Writing 1 Service Component Descriptors to /data-depot/user/Workspace/Reproducibility/Reproducibility-Scanner/benchmarks/bugs-dot-jar/jackrabbit-oak/oak-core/target/classes/OSGI-INF/org.apache.jackrabbit.oak.plugins.atomic.AtomicCounterEditorProvider.xml
[INFO] Writing 1 Service Component Descriptors to /data-depot/user/Workspace/Reproducibility/Reproducibility-Scanner/benchmarks/bugs-dot-jar/jackrabbit-oak/oak-core/target/classes/OSGI-INF/org.apache.jackrabbit.oak.spi.security.user.action.DefaultAuthorizableActionProvider.xml
[INFO] 
[INFO] --- maven-resources-plugin:2.6:testResources (default-testResources) @ oak-core ---
[INFO] Using 'UTF-8' encoding to copy filtered resources.
[INFO] Copying 12 resources
[INFO] Copying 3 resources
[INFO] 
[INFO] --- maven-compiler-plugin:2.5.1:testCompile (default-testCompile) @ oak-core ---
[INFO] Compiling 472 source files to /data-depot/user/Workspace/Reproducibility/Reproducibility-Scanner/benchmarks/bugs-dot-jar/jackrabbit-oak/oak-core/target/test-classes
[INFO] 
[INFO] --- maven-surefire-plugin:2.12.4:test (default-test) @ oak-core ---
[INFO] Tests are skipped.
[INFO] 
[INFO] --- jacoco-maven-plugin:0.7.1.201405082137:report (post-unit-test) @ oak-core ---
[INFO] Skipping JaCoCo execution because property jacoco.skip is set.
[INFO] 
[INFO] --- maven-bundle-plugin:3.0.0:bundle (default-bundle) @ oak-core ---
[WARNING] Bundle org.apache.jackrabbit:oak-core:bundle:1.4-SNAPSHOT : Export org.apache.jackrabbit.oak.plugins.segment,  has 3,  private references [org.apache.jackrabbit.oak.cache, org.apache.jackrabbit.oak.plugins.segment.compaction, org.apache.jackrabbit.oak.plugins.blob], 
[WARNING] Bundle org.apache.jackrabbit:oak-core:bundle:1.4-SNAPSHOT : Export org.apache.jackrabbit.oak.plugins.segment.file,  has 1,  private references [org.apache.jackrabbit.oak.plugins.segment.compaction], 
[WARNING] Bundle org.apache.jackrabbit:oak-core:bundle:1.4-SNAPSHOT : Export org.apache.jackrabbit.oak.spi.query,  has 1,  private references [org.apache.jackrabbit.oak.query.ast], 
[WARNING] Bundle org.apache.jackrabbit:oak-core:bundle:1.4-SNAPSHOT : Export org.apache.jackrabbit.oak.query,  has 3,  private references [org.apache.jackrabbit.oak.query.ast, org.apache.jackrabbit.oak.query.index, org.apache.jackrabbit.oak.query.plan], 
[INFO] 
[INFO] --- maven-site-plugin:3.3:attach-descriptor (attach-descriptor) @ oak-core ---
[INFO] 
[INFO] --- maven-jar-plugin:2.4:test-jar (default) @ oak-core ---
[INFO] Building jar: /data-depot/user/Workspace/Reproducibility/Reproducibility-Scanner/benchmarks/bugs-dot-jar/jackrabbit-oak/oak-core/target/oak-core-1.4-SNAPSHOT-tests.jar
[INFO] 
[INFO] --- maven-bundle-plugin:3.0.0:baseline (baseline) @ oak-core ---
[INFO] Skipping Baseline execution
[INFO] 
[INFO] --- maven-install-plugin:2.3.1:install (default-install) @ oak-core ---
[INFO] Installing /data-depot/user/Workspace/Reproducibility/Reproducibility-Scanner/benchmarks/bugs-dot-jar/jackrabbit-oak/oak-core/target/oak-core-1.4-SNAPSHOT.jar to /home/user/.m2/repository/org/apache/jackrabbit/oak-core/1.4-SNAPSHOT/oak-core-1.4-SNAPSHOT.jar
[INFO] Installing /data-depot/user/Workspace/Reproducibility/Reproducibility-Scanner/benchmarks/bugs-dot-jar/jackrabbit-oak/oak-core/pom.xml to /home/user/.m2/repository/org/apache/jackrabbit/oak-core/1.4-SNAPSHOT/oak-core-1.4-SNAPSHOT.pom
[INFO] Installing /data-depot/user/Workspace/Reproducibility/Reproducibility-Scanner/benchmarks/bugs-dot-jar/jackrabbit-oak/oak-core/target/oak-core-1.4-SNAPSHOT-tests.jar to /home/user/.m2/repository/org/apache/jackrabbit/oak-core/1.4-SNAPSHOT/oak-core-1.4-SNAPSHOT-tests.jar
[INFO] 
[INFO] --- maven-bundle-plugin:3.0.0:install (default-install) @ oak-core ---
[INFO] Local OBR update disabled (enable with -DobrRepository)
[INFO] 
[INFO] -------------------< org.apache.jackrabbit:oak-jcr >--------------------
[INFO] Building Oak JCR Binding 1.4-SNAPSHOT                             [6/24]
[INFO] -------------------------------[ bundle ]-------------------------------
[INFO] 
[INFO] --- jacoco-maven-plugin:0.7.1.201405082137:prepare-agent (pre-unit-test) @ oak-jcr ---
[INFO] Skipping JaCoCo execution because property jacoco.skip is set.
[INFO] test.opts.coverage set to empty
[INFO] 
[INFO] --- maven-remote-resources-plugin:1.4:process (default) @ oak-jcr ---
[INFO] 
[INFO] --- maven-resources-plugin:2.6:resources (default-resources) @ oak-jcr ---
[INFO] Using 'UTF-8' encoding to copy filtered resources.
[INFO] Copying 1 resource
[INFO] Copying 3 resources
[INFO] 
[INFO] --- maven-compiler-plugin:2.5.1:compile (default-compile) @ oak-jcr ---
[INFO] Compiling 104 source files to /data-depot/user/Workspace/Reproducibility/Reproducibility-Scanner/benchmarks/bugs-dot-jar/jackrabbit-oak/oak-jcr/target/classes
[INFO] 
[INFO] --- maven-scr-plugin:1.16.0:scr (generate-scr-scrdescriptor) @ oak-jcr ---
[INFO] Writing 1 Service Component Descriptors to /data-depot/user/Workspace/Reproducibility/Reproducibility-Scanner/benchmarks/bugs-dot-jar/jackrabbit-oak/oak-jcr/target/classes/OSGI-INF/org.apache.jackrabbit.oak.jcr.observation.ConsolidatedListenerMBeanImpl.xml
[INFO] Writing 1 Service Component Descriptors to /data-depot/user/Workspace/Reproducibility/Reproducibility-Scanner/benchmarks/bugs-dot-jar/jackrabbit-oak/oak-jcr/target/classes/OSGI-INF/org.apache.jackrabbit.oak.jcr.osgi.RepositoryManager.xml
[INFO] 
[INFO] --- maven-resources-plugin:2.6:testResources (default-testResources) @ oak-jcr ---
[INFO] Using 'UTF-8' encoding to copy filtered resources.
[INFO] Copying 8 resources
[INFO] Copying 3 resources
[INFO] 
[INFO] --- maven-compiler-plugin:2.5.1:testCompile (default-testCompile) @ oak-jcr ---
[INFO] Compiling 171 source files to /data-depot/user/Workspace/Reproducibility/Reproducibility-Scanner/benchmarks/bugs-dot-jar/jackrabbit-oak/oak-jcr/target/test-classes
[INFO] 
[INFO] --- maven-surefire-plugin:2.12.4:test (default-test) @ oak-jcr ---
[INFO] Tests are skipped.
[INFO] 
[INFO] --- jacoco-maven-plugin:0.7.1.201405082137:report (post-unit-test) @ oak-jcr ---
[INFO] Skipping JaCoCo execution because property jacoco.skip is set.
[INFO] 
[INFO] --- maven-bundle-plugin:3.0.0:bundle (default-bundle) @ oak-jcr ---
[INFO] 
[INFO] --- maven-site-plugin:3.3:attach-descriptor (attach-descriptor) @ oak-jcr ---
[INFO] 
[INFO] --- maven-jar-plugin:2.4:test-jar (default) @ oak-jcr ---
[INFO] Building jar: /data-depot/user/Workspace/Reproducibility/Reproducibility-Scanner/benchmarks/bugs-dot-jar/jackrabbit-oak/oak-jcr/target/oak-jcr-1.4-SNAPSHOT-tests.jar
[INFO] 
[INFO] --- maven-bundle-plugin:3.0.0:baseline (baseline) @ oak-jcr ---
[INFO] Skipping Baseline execution
[INFO] 
[INFO] --- maven-install-plugin:2.3.1:install (default-install) @ oak-jcr ---
[INFO] Installing /data-depot/user/Workspace/Reproducibility/Reproducibility-Scanner/benchmarks/bugs-dot-jar/jackrabbit-oak/oak-jcr/target/oak-jcr-1.4-SNAPSHOT.jar to /home/user/.m2/repository/org/apache/jackrabbit/oak-jcr/1.4-SNAPSHOT/oak-jcr-1.4-SNAPSHOT.jar
[INFO] Installing /data-depot/user/Workspace/Reproducibility/Reproducibility-Scanner/benchmarks/bugs-dot-jar/jackrabbit-oak/oak-jcr/pom.xml to /home/user/.m2/repository/org/apache/jackrabbit/oak-jcr/1.4-SNAPSHOT/oak-jcr-1.4-SNAPSHOT.pom
[INFO] Installing /data-depot/user/Workspace/Reproducibility/Reproducibility-Scanner/benchmarks/bugs-dot-jar/jackrabbit-oak/oak-jcr/target/oak-jcr-1.4-SNAPSHOT-tests.jar to /home/user/.m2/repository/org/apache/jackrabbit/oak-jcr/1.4-SNAPSHOT/oak-jcr-1.4-SNAPSHOT-tests.jar
[INFO] 
[INFO] --- maven-bundle-plugin:3.0.0:install (default-install) @ oak-jcr ---
[INFO] Local OBR update disabled (enable with -DobrRepository)
[INFO] 
[INFO] -----------------< org.apache.jackrabbit:oak-upgrade >------------------
[INFO] Building Oak upgrade 1.4-SNAPSHOT                                 [7/24]
[INFO] --------------------------------[ jar ]---------------------------------
[INFO] 
[INFO] --- jacoco-maven-plugin:0.7.1.201405082137:prepare-agent (pre-unit-test) @ oak-upgrade ---
[INFO] Skipping JaCoCo execution because property jacoco.skip is set.
[INFO] test.opts.coverage set to empty
[INFO] 
[INFO] --- maven-remote-resources-plugin:1.4:process (default) @ oak-upgrade ---
[INFO] 
[INFO] --- maven-resources-plugin:2.6:resources (default-resources) @ oak-upgrade ---
[INFO] Using 'UTF-8' encoding to copy filtered resources.
[INFO] Copying 2 resources
[INFO] Copying 3 resources
[INFO] 
[INFO] --- maven-compiler-plugin:2.5.1:compile (default-compile) @ oak-upgrade ---
[INFO] Compiling 46 source files to /data-depot/user/Workspace/Reproducibility/Reproducibility-Scanner/benchmarks/bugs-dot-jar/jackrabbit-oak/oak-upgrade/target/classes
[INFO] 
[INFO] --- maven-resources-plugin:2.6:testResources (default-testResources) @ oak-upgrade ---
[INFO] Using 'UTF-8' encoding to copy filtered resources.
[INFO] Copying 6 resources
[INFO] Copying 3 resources
[INFO] 
[INFO] --- maven-compiler-plugin:2.5.1:testCompile (default-testCompile) @ oak-upgrade ---
[INFO] Compiling 50 source files to /data-depot/user/Workspace/Reproducibility/Reproducibility-Scanner/benchmarks/bugs-dot-jar/jackrabbit-oak/oak-upgrade/target/test-classes
[INFO] 
[INFO] --- maven-surefire-plugin:2.12.4:test (default-test) @ oak-upgrade ---
[INFO] Tests are skipped.
[INFO] 
[INFO] --- jacoco-maven-plugin:0.7.1.201405082137:report (post-unit-test) @ oak-upgrade ---
[INFO] Skipping JaCoCo execution because property jacoco.skip is set.
[INFO] 
[INFO] --- maven-jar-plugin:2.4:jar (default-jar) @ oak-upgrade ---
[INFO] Building jar: /data-depot/user/Workspace/Reproducibility/Reproducibility-Scanner/benchmarks/bugs-dot-jar/jackrabbit-oak/oak-upgrade/target/oak-upgrade-1.4-SNAPSHOT.jar
[INFO] 
[INFO] --- maven-site-plugin:3.3:attach-descriptor (attach-descriptor) @ oak-upgrade ---
[INFO] 
[INFO] --- maven-shade-plugin:1.6:shade (default) @ oak-upgrade ---
[INFO] Including org.apache.jackrabbit:oak-blob-cloud:jar:1.4-SNAPSHOT in the shaded jar.
[INFO] Including javax.jcr:jcr:jar:2.0 in the shaded jar.
[INFO] Including org.apache.jackrabbit:jackrabbit-jcr-commons:jar:2.11.3 in the shaded jar.
[INFO] Including org.apache.jackrabbit:jackrabbit-data:jar:2.11.3 in the shaded jar.
[INFO] Including org.apache.jackrabbit:oak-core:jar:1.4-SNAPSHOT in the shaded jar.
[INFO] Including org.apache.jackrabbit:oak-commons:jar:1.4-SNAPSHOT in the shaded jar.
[INFO] Including org.apache.jackrabbit:oak-blob:jar:1.4-SNAPSHOT in the shaded jar.
[INFO] Including com.google.guava:guava:jar:15.0 in the shaded jar.
[INFO] Including commons-codec:commons-codec:jar:1.5 in the shaded jar.
[INFO] Including commons-io:commons-io:jar:2.4 in the shaded jar.
[INFO] Including org.apache.jackrabbit:jackrabbit-api:jar:2.11.3 in the shaded jar.
[INFO] Including org.apache.jackrabbit:jackrabbit-core:jar:2.11.3 in the shaded jar.
[INFO] Including concurrent:concurrent:jar:1.3.4 in the shaded jar.
[INFO] Including commons-collections:commons-collections:jar:3.2.1 in the shaded jar.
[INFO] Including commons-dbcp:commons-dbcp:jar:1.3 in the shaded jar.
[INFO] Including commons-pool:commons-pool:jar:1.5.4 in the shaded jar.
[INFO] Including org.apache.jackrabbit:jackrabbit-spi-commons:jar:2.11.3 in the shaded jar.
[INFO] Including org.apache.tika:tika-core:jar:1.7 in the shaded jar.
[INFO] Including org.apache.lucene:lucene-core:jar:3.6.0 in the shaded jar.
[INFO] Including org.apache.derby:derby:jar:10.5.3.0_1 in the shaded jar.
[INFO] Including org.slf4j:jcl-over-slf4j:jar:1.7.6 in the shaded jar.
[INFO] Including org.apache.jackrabbit:jackrabbit-spi:jar:2.11.3 in the shaded jar.
[INFO] Including commons-lang:commons-lang:jar:2.6 in the shaded jar.
[INFO] Including net.sf.jopt-simple:jopt-simple:jar:4.6 in the shaded jar.
[INFO] Including org.mongodb:mongo-java-driver:jar:2.13.3 in the shaded jar.
[INFO] Including org.apache.tomcat:tomcat-jdbc:jar:7.0.64 in the shaded jar.
[INFO] Including org.apache.tomcat:tomcat-juli:jar:7.0.64 in the shaded jar.
[INFO] Including org.slf4j:slf4j-api:jar:1.7.6 in the shaded jar.
[INFO] Including ch.qos.logback:logback-classic:jar:1.1.0 in the shaded jar.
[INFO] Including ch.qos.logback:logback-core:jar:1.1.0 in the shaded jar.
[INFO] Replacing original artifact with shaded artifact.
[INFO] Replacing /data-depot/user/Workspace/Reproducibility/Reproducibility-Scanner/benchmarks/bugs-dot-jar/jackrabbit-oak/oak-upgrade/target/oak-upgrade-1.4-SNAPSHOT.jar with /data-depot/user/Workspace/Reproducibility/Reproducibility-Scanner/benchmarks/bugs-dot-jar/jackrabbit-oak/oak-upgrade/target/oak-upgrade-1.4-SNAPSHOT-shaded.jar
[INFO] 
[INFO] --- maven-install-plugin:2.3.1:install (default-install) @ oak-upgrade ---
[INFO] Installing /data-depot/user/Workspace/Reproducibility/Reproducibility-Scanner/benchmarks/bugs-dot-jar/jackrabbit-oak/oak-upgrade/target/oak-upgrade-1.4-SNAPSHOT.jar to /home/user/.m2/repository/org/apache/jackrabbit/oak-upgrade/1.4-SNAPSHOT/oak-upgrade-1.4-SNAPSHOT.jar
[INFO] Installing /data-depot/user/Workspace/Reproducibility/Reproducibility-Scanner/benchmarks/bugs-dot-jar/jackrabbit-oak/oak-upgrade/pom.xml to /home/user/.m2/repository/org/apache/jackrabbit/oak-upgrade/1.4-SNAPSHOT/oak-upgrade-1.4-SNAPSHOT.pom
[INFO] 
[INFO] -------------------< org.apache.jackrabbit:oak-http >-------------------
[INFO] Building Oak HTTP Binding 1.4-SNAPSHOT                            [8/24]
[INFO] -------------------------------[ bundle ]-------------------------------
[INFO] 
[INFO] --- jacoco-maven-plugin:0.7.1.201405082137:prepare-agent (pre-unit-test) @ oak-http ---
[INFO] Skipping JaCoCo execution because property jacoco.skip is set.
[INFO] test.opts.coverage set to empty
[INFO] 
[INFO] --- maven-remote-resources-plugin:1.4:process (default) @ oak-http ---
[INFO] 
[INFO] --- maven-resources-plugin:2.6:resources (default-resources) @ oak-http ---
[INFO] Using 'UTF-8' encoding to copy filtered resources.
[INFO] skip non existing resourceDirectory /data-depot/user/Workspace/Reproducibility/Reproducibility-Scanner/benchmarks/bugs-dot-jar/jackrabbit-oak/oak-http/src/main/resources
[INFO] Copying 3 resources
[INFO] 
[INFO] --- maven-compiler-plugin:2.5.1:compile (default-compile) @ oak-http ---
[INFO] Compiling 9 source files to /data-depot/user/Workspace/Reproducibility/Reproducibility-Scanner/benchmarks/bugs-dot-jar/jackrabbit-oak/oak-http/target/classes
[INFO] 
[INFO] --- maven-resources-plugin:2.6:testResources (default-testResources) @ oak-http ---
[INFO] Using 'UTF-8' encoding to copy filtered resources.
[INFO] skip non existing resourceDirectory /data-depot/user/Workspace/Reproducibility/Reproducibility-Scanner/benchmarks/bugs-dot-jar/jackrabbit-oak/oak-http/src/test/resources
[INFO] Copying 3 resources
[INFO] 
[INFO] --- maven-compiler-plugin:2.5.1:testCompile (default-testCompile) @ oak-http ---
[INFO] Compiling 1 source file to /data-depot/user/Workspace/Reproducibility/Reproducibility-Scanner/benchmarks/bugs-dot-jar/jackrabbit-oak/oak-http/target/test-classes
[INFO] 
[INFO] --- maven-surefire-plugin:2.12.4:test (default-test) @ oak-http ---
[INFO] Tests are skipped.
[INFO] 
[INFO] --- jacoco-maven-plugin:0.7.1.201405082137:report (post-unit-test) @ oak-http ---
[INFO] Skipping JaCoCo execution because property jacoco.skip is set.
[INFO] 
[INFO] --- maven-bundle-plugin:3.0.0:bundle (default-bundle) @ oak-http ---
[INFO] 
[INFO] --- maven-site-plugin:3.3:attach-descriptor (attach-descriptor) @ oak-http ---
[INFO] 
[INFO] --- maven-bundle-plugin:3.0.0:baseline (baseline) @ oak-http ---
[INFO] Skipping Baseline execution
[INFO] 
[INFO] --- maven-install-plugin:2.3.1:install (default-install) @ oak-http ---
[INFO] Installing /data-depot/user/Workspace/Reproducibility/Reproducibility-Scanner/benchmarks/bugs-dot-jar/jackrabbit-oak/oak-http/target/oak-http-1.4-SNAPSHOT.jar to /home/user/.m2/repository/org/apache/jackrabbit/oak-http/1.4-SNAPSHOT/oak-http-1.4-SNAPSHOT.jar
[INFO] Installing /data-depot/user/Workspace/Reproducibility/Reproducibility-Scanner/benchmarks/bugs-dot-jar/jackrabbit-oak/oak-http/pom.xml to /home/user/.m2/repository/org/apache/jackrabbit/oak-http/1.4-SNAPSHOT/oak-http-1.4-SNAPSHOT.pom
[INFO] 
[INFO] --- maven-bundle-plugin:3.0.0:install (default-install) @ oak-http ---
[INFO] Local OBR update disabled (enable with -DobrRepository)
[INFO] 
[INFO] ------------------< org.apache.jackrabbit:oak-lucene >------------------
[INFO] Building Oak Lucene 1.4-SNAPSHOT                                  [9/24]
[INFO] -------------------------------[ bundle ]-------------------------------
[INFO] 
[INFO] --- jacoco-maven-plugin:0.7.1.201405082137:prepare-agent (pre-unit-test) @ oak-lucene ---
[INFO] Skipping JaCoCo execution because property jacoco.skip is set.
[INFO] test.opts.coverage set to empty
[INFO] 
[INFO] --- maven-remote-resources-plugin:1.4:process (default) @ oak-lucene ---
[INFO] 
[INFO] --- maven-resources-plugin:2.6:resources (default-resources) @ oak-lucene ---
[INFO] Using 'UTF-8' encoding to copy filtered resources.
[INFO] Copying 2 resources
[INFO] Copying 3 resources
[INFO] 
[INFO] --- maven-compiler-plugin:2.5.1:compile (default-compile) @ oak-lucene ---
[INFO] Compiling 57 source files to /data-depot/user/Workspace/Reproducibility/Reproducibility-Scanner/benchmarks/bugs-dot-jar/jackrabbit-oak/oak-lucene/target/classes
[INFO] 
[INFO] --- maven-scr-plugin:1.16.0:scr (generate-scr-scrdescriptor) @ oak-lucene ---
[INFO] Generating 1 MetaType Descriptors in /data-depot/user/Workspace/Reproducibility/Reproducibility-Scanner/benchmarks/bugs-dot-jar/jackrabbit-oak/oak-lucene/target/classes/OSGI-INF/metatype/org.apache.jackrabbit.oak.plugins.index.lucene.LuceneIndexProviderService.xml
[INFO] Writing 1 Service Component Descriptors to /data-depot/user/Workspace/Reproducibility/Reproducibility-Scanner/benchmarks/bugs-dot-jar/jackrabbit-oak/oak-lucene/target/classes/OSGI-INF/org.apache.jackrabbit.oak.plugins.index.lucene.score.impl.ScorerProviderFactoryImpl.xml
[INFO] Writing 1 Service Component Descriptors to /data-depot/user/Workspace/Reproducibility/Reproducibility-Scanner/benchmarks/bugs-dot-jar/jackrabbit-oak/oak-lucene/target/classes/OSGI-INF/org.apache.jackrabbit.oak.plugins.index.lucene.LuceneIndexProviderService.xml
[INFO] 
[INFO] --- maven-resources-plugin:2.6:testResources (default-testResources) @ oak-lucene ---
[INFO] Using 'UTF-8' encoding to copy filtered resources.
[INFO] Copying 6 resources
[INFO] Copying 3 resources
[INFO] 
[INFO] --- maven-compiler-plugin:2.5.1:testCompile (default-testCompile) @ oak-lucene ---
[INFO] Compiling 33 source files to /data-depot/user/Workspace/Reproducibility/Reproducibility-Scanner/benchmarks/bugs-dot-jar/jackrabbit-oak/oak-lucene/target/test-classes
[INFO] 
[INFO] --- maven-surefire-plugin:2.12.4:test (default-test) @ oak-lucene ---
[INFO] Tests are skipped.
[INFO] 
[INFO] --- jacoco-maven-plugin:0.7.1.201405082137:report (post-unit-test) @ oak-lucene ---
[INFO] Skipping JaCoCo execution because property jacoco.skip is set.
[INFO] 
[INFO] --- maven-bundle-plugin:3.0.0:bundle (default-bundle) @ oak-lucene ---
[WARNING] Bundle org.apache.jackrabbit:oak-lucene:bundle:1.4-SNAPSHOT : Export org.apache.lucene.analysis.snowball,  has 1,  private references [org.tartarus.snowball], 
[INFO] 
[INFO] --- maven-site-plugin:3.3:attach-descriptor (attach-descriptor) @ oak-lucene ---
[INFO] 
[INFO] --- maven-bundle-plugin:3.0.0:baseline (baseline) @ oak-lucene ---
[INFO] Skipping Baseline execution
[INFO] 
[INFO] --- maven-install-plugin:2.3.1:install (default-install) @ oak-lucene ---
[INFO] Installing /data-depot/user/Workspace/Reproducibility/Reproducibility-Scanner/benchmarks/bugs-dot-jar/jackrabbit-oak/oak-lucene/target/oak-lucene-1.4-SNAPSHOT.jar to /home/user/.m2/repository/org/apache/jackrabbit/oak-lucene/1.4-SNAPSHOT/oak-lucene-1.4-SNAPSHOT.jar
[INFO] Installing /data-depot/user/Workspace/Reproducibility/Reproducibility-Scanner/benchmarks/bugs-dot-jar/jackrabbit-oak/oak-lucene/pom.xml to /home/user/.m2/repository/org/apache/jackrabbit/oak-lucene/1.4-SNAPSHOT/oak-lucene-1.4-SNAPSHOT.pom
[INFO] 
[INFO] --- maven-bundle-plugin:3.0.0:install (default-install) @ oak-lucene ---
[INFO] Local OBR update disabled (enable with -DobrRepository)
[INFO] 
[INFO] ----------------< org.apache.jackrabbit:oak-solr-core >-----------------
[INFO] Building Oak Solr core 1.4-SNAPSHOT                              [10/24]
[INFO] -------------------------------[ bundle ]-------------------------------
[INFO] 
[INFO] --- jacoco-maven-plugin:0.7.1.201405082137:prepare-agent (pre-unit-test) @ oak-solr-core ---
[INFO] Skipping JaCoCo execution because property jacoco.skip is set.
[INFO] test.opts.coverage set to empty
[INFO] 
[INFO] --- maven-remote-resources-plugin:1.4:process (default) @ oak-solr-core ---
[INFO] 
[INFO] --- maven-resources-plugin:2.6:resources (default-resources) @ oak-solr-core ---
[INFO] Using 'UTF-8' encoding to copy filtered resources.
[INFO] Copying 6 resources
[INFO] Copying 3 resources
[INFO] 
[INFO] --- maven-compiler-plugin:2.5.1:compile (default-compile) @ oak-solr-core ---
[INFO] Compiling 41 source files to /data-depot/user/Workspace/Reproducibility/Reproducibility-Scanner/benchmarks/bugs-dot-jar/jackrabbit-oak/oak-solr-core/target/classes
[INFO] 
[INFO] --- maven-scr-plugin:1.16.0:scr (generate-scr-scrdescriptor) @ oak-solr-core ---
[INFO] Generating 1 MetaType Descriptors in /data-depot/user/Workspace/Reproducibility/Reproducibility-Scanner/benchmarks/bugs-dot-jar/jackrabbit-oak/oak-solr-core/target/classes/OSGI-INF/metatype/org.apache.jackrabbit.oak.plugins.index.solr.osgi.SolrQueryIndexProviderService.xml
[INFO] Generating 1 MetaType Descriptors in /data-depot/user/Workspace/Reproducibility/Reproducibility-Scanner/benchmarks/bugs-dot-jar/jackrabbit-oak/oak-solr-core/target/classes/OSGI-INF/metatype/org.apache.jackrabbit.oak.plugins.index.solr.osgi.RemoteSolrServerConfigurationProvider.xml
[INFO] Generating 1 MetaType Descriptors in /data-depot/user/Workspace/Reproducibility/Reproducibility-Scanner/benchmarks/bugs-dot-jar/jackrabbit-oak/oak-solr-core/target/classes/OSGI-INF/metatype/org.apache.jackrabbit.oak.plugins.index.solr.osgi.OakSolrConfigurationProviderService.xml
[INFO] Generating 1 MetaType Descriptors in /data-depot/user/Workspace/Reproducibility/Reproducibility-Scanner/benchmarks/bugs-dot-jar/jackrabbit-oak/oak-solr-core/target/classes/OSGI-INF/metatype/org.apache.jackrabbit.oak.plugins.index.solr.osgi.NodeStateSolrServersObserverService.xml
[INFO] Generating 1 MetaType Descriptors in /data-depot/user/Workspace/Reproducibility/Reproducibility-Scanner/benchmarks/bugs-dot-jar/jackrabbit-oak/oak-solr-core/target/classes/OSGI-INF/metatype/org.apache.jackrabbit.oak.plugins.index.solr.osgi.SolrServerProviderService.xml
[INFO] Generating 1 MetaType Descriptors in /data-depot/user/Workspace/Reproducibility/Reproducibility-Scanner/benchmarks/bugs-dot-jar/jackrabbit-oak/oak-solr-core/target/classes/OSGI-INF/metatype/org.apache.jackrabbit.oak.plugins.index.solr.osgi.EmbeddedSolrServerConfigurationProvider.xml
[INFO] Writing 1 Service Component Descriptors to /data-depot/user/Workspace/Reproducibility/Reproducibility-Scanner/benchmarks/bugs-dot-jar/jackrabbit-oak/oak-solr-core/target/classes/OSGI-INF/org.apache.jackrabbit.oak.plugins.index.solr.osgi.SolrIndexEditorProviderService.xml
[INFO] Writing 1 Service Component Descriptors to /data-depot/user/Workspace/Reproducibility/Reproducibility-Scanner/benchmarks/bugs-dot-jar/jackrabbit-oak/oak-solr-core/target/classes/OSGI-INF/org.apache.jackrabbit.oak.plugins.index.solr.osgi.SolrQueryIndexProviderService.xml
[INFO] Writing 1 Service Component Descriptors to /data-depot/user/Workspace/Reproducibility/Reproducibility-Scanner/benchmarks/bugs-dot-jar/jackrabbit-oak/oak-solr-core/target/classes/OSGI-INF/org.apache.jackrabbit.oak.plugins.index.solr.osgi.RemoteSolrServerConfigurationProvider.xml
[INFO] Writing 1 Service Component Descriptors to /data-depot/user/Workspace/Reproducibility/Reproducibility-Scanner/benchmarks/bugs-dot-jar/jackrabbit-oak/oak-solr-core/target/classes/OSGI-INF/org.apache.jackrabbit.oak.plugins.index.solr.osgi.OakSolrConfigurationProviderService.xml
[INFO] Writing 1 Service Component Descriptors to /data-depot/user/Workspace/Reproducibility/Reproducibility-Scanner/benchmarks/bugs-dot-jar/jackrabbit-oak/oak-solr-core/target/classes/OSGI-INF/org.apache.jackrabbit.oak.plugins.index.solr.osgi.NodeStateSolrServersObserverService.xml
[INFO] Writing 1 Service Component Descriptors to /data-depot/user/Workspace/Reproducibility/Reproducibility-Scanner/benchmarks/bugs-dot-jar/jackrabbit-oak/oak-solr-core/target/classes/OSGI-INF/org.apache.jackrabbit.oak.plugins.index.solr.osgi.SolrServerProviderService.xml
[INFO] Writing 1 Service Component Descriptors to /data-depot/user/Workspace/Reproducibility/Reproducibility-Scanner/benchmarks/bugs-dot-jar/jackrabbit-oak/oak-solr-core/target/classes/OSGI-INF/org.apache.jackrabbit.oak.plugins.index.solr.osgi.EmbeddedSolrServerConfigurationProvider.xml
[INFO] 
[INFO] --- maven-resources-plugin:2.6:testResources (default-testResources) @ oak-solr-core ---
[INFO] Using 'UTF-8' encoding to copy filtered resources.
[INFO] Copying 14 resources
[INFO] Copying 3 resources
[INFO] 
[INFO] --- maven-compiler-plugin:2.5.1:testCompile (default-testCompile) @ oak-solr-core ---
[INFO] Compiling 23 source files to /data-depot/user/Workspace/Reproducibility/Reproducibility-Scanner/benchmarks/bugs-dot-jar/jackrabbit-oak/oak-solr-core/target/test-classes
[INFO] 
[INFO] --- maven-surefire-plugin:2.12.4:test (default-test) @ oak-solr-core ---
[INFO] Tests are skipped.
[INFO] 
[INFO] --- jacoco-maven-plugin:0.7.1.201405082137:report (post-unit-test) @ oak-solr-core ---
[INFO] Skipping JaCoCo execution because property jacoco.skip is set.
[INFO] 
[INFO] --- maven-bundle-plugin:3.0.0:bundle (default-bundle) @ oak-solr-core ---
[INFO] 
[INFO] --- maven-site-plugin:3.3:attach-descriptor (attach-descriptor) @ oak-solr-core ---
[INFO] 
[INFO] --- maven-bundle-plugin:3.0.0:baseline (baseline) @ oak-solr-core ---
[INFO] Skipping Baseline execution
[INFO] 
[INFO] --- maven-install-plugin:2.3.1:install (default-install) @ oak-solr-core ---
[INFO] Installing /data-depot/user/Workspace/Reproducibility/Reproducibility-Scanner/benchmarks/bugs-dot-jar/jackrabbit-oak/oak-solr-core/target/oak-solr-core-1.4-SNAPSHOT.jar to /home/user/.m2/repository/org/apache/jackrabbit/oak-solr-core/1.4-SNAPSHOT/oak-solr-core-1.4-SNAPSHOT.jar
[INFO] Installing /data-depot/user/Workspace/Reproducibility/Reproducibility-Scanner/benchmarks/bugs-dot-jar/jackrabbit-oak/oak-solr-core/pom.xml to /home/user/.m2/repository/org/apache/jackrabbit/oak-solr-core/1.4-SNAPSHOT/oak-solr-core-1.4-SNAPSHOT.pom
[INFO] 
[INFO] --- maven-bundle-plugin:3.0.0:install (default-install) @ oak-solr-core ---
[INFO] Local OBR update disabled (enable with -DobrRepository)
[INFO] 
[INFO] ----------------< org.apache.jackrabbit:oak-solr-osgi >-----------------
[INFO] Building Oak Solr OSGi 1.4-SNAPSHOT                              [11/24]
[INFO] -------------------------------[ bundle ]-------------------------------
[INFO] 
[INFO] --- jacoco-maven-plugin:0.7.1.201405082137:prepare-agent (pre-unit-test) @ oak-solr-osgi ---
[INFO] Skipping JaCoCo execution because property jacoco.skip is set.
[INFO] test.opts.coverage set to empty
[INFO] 
[INFO] --- maven-remote-resources-plugin:1.4:process (default) @ oak-solr-osgi ---
[INFO] 
[INFO] --- maven-resources-plugin:2.6:resources (default-resources) @ oak-solr-osgi ---
[INFO] Using 'UTF-8' encoding to copy filtered resources.
[INFO] skip non existing resourceDirectory /data-depot/user/Workspace/Reproducibility/Reproducibility-Scanner/benchmarks/bugs-dot-jar/jackrabbit-oak/oak-solr-osgi/src/main/resources
[INFO] Copying 3 resources
[INFO] 
[INFO] --- maven-compiler-plugin:2.5.1:compile (default-compile) @ oak-solr-osgi ---
[INFO] No sources to compile
[INFO] 
[INFO] --- maven-resources-plugin:2.6:testResources (default-testResources) @ oak-solr-osgi ---
[INFO] Using 'UTF-8' encoding to copy filtered resources.
[INFO] skip non existing resourceDirectory /data-depot/user/Workspace/Reproducibility/Reproducibility-Scanner/benchmarks/bugs-dot-jar/jackrabbit-oak/oak-solr-osgi/src/test/resources
[INFO] Copying 3 resources
[INFO] 
[INFO] --- maven-compiler-plugin:2.5.1:testCompile (default-testCompile) @ oak-solr-osgi ---
[INFO] No sources to compile
[INFO] 
[INFO] --- maven-surefire-plugin:2.12.4:test (default-test) @ oak-solr-osgi ---
[INFO] Tests are skipped.
[INFO] 
[INFO] --- jacoco-maven-plugin:0.7.1.201405082137:report (post-unit-test) @ oak-solr-osgi ---
[INFO] Skipping JaCoCo execution because property jacoco.skip is set.
[INFO] 
[INFO] --- maven-bundle-plugin:3.0.0:bundle (default-bundle) @ oak-solr-osgi ---
[WARNING] Bundle org.apache.jackrabbit:oak-solr-osgi:bundle:1.4-SNAPSHOT : Unused Private-Package instructions, no such package(s) on the class path: [!*]
[INFO] 
[INFO] --- maven-site-plugin:3.3:attach-descriptor (attach-descriptor) @ oak-solr-osgi ---
[INFO] 
[INFO] --- maven-bundle-plugin:3.0.0:baseline (baseline) @ oak-solr-osgi ---
[INFO] Skipping Baseline execution
[INFO] 
[INFO] --- maven-install-plugin:2.3.1:install (default-install) @ oak-solr-osgi ---
[INFO] Installing /data-depot/user/Workspace/Reproducibility/Reproducibility-Scanner/benchmarks/bugs-dot-jar/jackrabbit-oak/oak-solr-osgi/target/oak-solr-osgi-1.4-SNAPSHOT.jar to /home/user/.m2/repository/org/apache/jackrabbit/oak-solr-osgi/1.4-SNAPSHOT/oak-solr-osgi-1.4-SNAPSHOT.jar
[INFO] Installing /data-depot/user/Workspace/Reproducibility/Reproducibility-Scanner/benchmarks/bugs-dot-jar/jackrabbit-oak/oak-solr-osgi/pom.xml to /home/user/.m2/repository/org/apache/jackrabbit/oak-solr-osgi/1.4-SNAPSHOT/oak-solr-osgi-1.4-SNAPSHOT.pom
[INFO] 
[INFO] --- maven-bundle-plugin:3.0.0:install (default-install) @ oak-solr-osgi ---
[INFO] Local OBR update disabled (enable with -DobrRepository)
[INFO] 
[INFO] --------------< org.apache.jackrabbit:oak-auth-external >---------------
[INFO] Building Oak External Authentication Support 1.4-SNAPSHOT        [12/24]
[INFO] -------------------------------[ bundle ]-------------------------------
[INFO] 
[INFO] --- jacoco-maven-plugin:0.7.1.201405082137:prepare-agent (pre-unit-test) @ oak-auth-external ---
[INFO] Skipping JaCoCo execution because property jacoco.skip is set.
[INFO] test.opts.coverage set to empty
[INFO] 
[INFO] --- maven-remote-resources-plugin:1.4:process (default) @ oak-auth-external ---
[INFO] 
[INFO] --- maven-resources-plugin:2.6:resources (default-resources) @ oak-auth-external ---
[INFO] Using 'UTF-8' encoding to copy filtered resources.
[INFO] skip non existing resourceDirectory /data-depot/user/Workspace/Reproducibility/Reproducibility-Scanner/benchmarks/bugs-dot-jar/jackrabbit-oak/oak-auth-external/src/main/resources
[INFO] Copying 3 resources
[INFO] 
[INFO] --- maven-compiler-plugin:2.5.1:compile (default-compile) @ oak-auth-external ---
[INFO] Compiling 29 source files to /data-depot/user/Workspace/Reproducibility/Reproducibility-Scanner/benchmarks/bugs-dot-jar/jackrabbit-oak/oak-auth-external/target/classes
[INFO] 
[INFO] --- maven-scr-plugin:1.16.0:scr (generate-scr-scrdescriptor) @ oak-auth-external ---
[INFO] Generating 1 MetaType Descriptors in /data-depot/user/Workspace/Reproducibility/Reproducibility-Scanner/benchmarks/bugs-dot-jar/jackrabbit-oak/oak-auth-external/target/classes/OSGI-INF/metatype/org.apache.jackrabbit.oak.spi.security.authentication.external.impl.ExternalLoginModuleFactory.xml
[INFO] Generating 1 MetaType Descriptors in /data-depot/user/Workspace/Reproducibility/Reproducibility-Scanner/benchmarks/bugs-dot-jar/jackrabbit-oak/oak-auth-external/target/classes/OSGI-INF/metatype/org.apache.jackrabbit.oak.spi.security.authentication.external.impl.DefaultSyncConfigImpl.xml
[INFO] Writing 1 Service Component Descriptors to /data-depot/user/Workspace/Reproducibility/Reproducibility-Scanner/benchmarks/bugs-dot-jar/jackrabbit-oak/oak-auth-external/target/classes/OSGI-INF/org.apache.jackrabbit.oak.spi.security.authentication.external.impl.ExternalIDPManagerImpl.xml
[INFO] Writing 1 Service Component Descriptors to /data-depot/user/Workspace/Reproducibility/Reproducibility-Scanner/benchmarks/bugs-dot-jar/jackrabbit-oak/oak-auth-external/target/classes/OSGI-INF/org.apache.jackrabbit.oak.spi.security.authentication.external.impl.ExternalLoginModuleFactory.xml
[INFO] Writing 1 Service Component Descriptors to /data-depot/user/Workspace/Reproducibility/Reproducibility-Scanner/benchmarks/bugs-dot-jar/jackrabbit-oak/oak-auth-external/target/classes/OSGI-INF/org.apache.jackrabbit.oak.spi.security.authentication.external.impl.SyncManagerImpl.xml
[INFO] Writing 1 Service Component Descriptors to /data-depot/user/Workspace/Reproducibility/Reproducibility-Scanner/benchmarks/bugs-dot-jar/jackrabbit-oak/oak-auth-external/target/classes/OSGI-INF/org.apache.jackrabbit.oak.spi.security.authentication.external.impl.DefaultSyncHandler.xml
[INFO] 
[INFO] --- maven-resources-plugin:2.6:testResources (default-testResources) @ oak-auth-external ---
[INFO] Using 'UTF-8' encoding to copy filtered resources.
[INFO] Copying 2 resources
[INFO] Copying 3 resources
[INFO] 
[INFO] --- maven-compiler-plugin:2.5.1:testCompile (default-testCompile) @ oak-auth-external ---
[INFO] Compiling 8 source files to /data-depot/user/Workspace/Reproducibility/Reproducibility-Scanner/benchmarks/bugs-dot-jar/jackrabbit-oak/oak-auth-external/target/test-classes
[INFO] 
[INFO] --- maven-surefire-plugin:2.12.4:test (default-test) @ oak-auth-external ---
[INFO] Tests are skipped.
[INFO] 
[INFO] --- jacoco-maven-plugin:0.7.1.201405082137:report (post-unit-test) @ oak-auth-external ---
[INFO] Skipping JaCoCo execution because property jacoco.skip is set.
[INFO] 
[INFO] --- maven-bundle-plugin:3.0.0:bundle (default-bundle) @ oak-auth-external ---
[INFO] 
[INFO] --- maven-site-plugin:3.3:attach-descriptor (attach-descriptor) @ oak-auth-external ---
[INFO] 
[INFO] --- maven-jar-plugin:2.4:test-jar (default) @ oak-auth-external ---
[INFO] Building jar: /data-depot/user/Workspace/Reproducibility/Reproducibility-Scanner/benchmarks/bugs-dot-jar/jackrabbit-oak/oak-auth-external/target/oak-auth-external-1.4-SNAPSHOT-tests.jar
[INFO] 
[INFO] --- maven-bundle-plugin:3.0.0:baseline (baseline) @ oak-auth-external ---
[INFO] Skipping Baseline execution
[INFO] 
[INFO] --- maven-install-plugin:2.3.1:install (default-install) @ oak-auth-external ---
[INFO] Installing /data-depot/user/Workspace/Reproducibility/Reproducibility-Scanner/benchmarks/bugs-dot-jar/jackrabbit-oak/oak-auth-external/target/oak-auth-external-1.4-SNAPSHOT.jar to /home/user/.m2/repository/org/apache/jackrabbit/oak-auth-external/1.4-SNAPSHOT/oak-auth-external-1.4-SNAPSHOT.jar
[INFO] Installing /data-depot/user/Workspace/Reproducibility/Reproducibility-Scanner/benchmarks/bugs-dot-jar/jackrabbit-oak/oak-auth-external/pom.xml to /home/user/.m2/repository/org/apache/jackrabbit/oak-auth-external/1.4-SNAPSHOT/oak-auth-external-1.4-SNAPSHOT.pom
[INFO] Installing /data-depot/user/Workspace/Reproducibility/Reproducibility-Scanner/benchmarks/bugs-dot-jar/jackrabbit-oak/oak-auth-external/target/oak-auth-external-1.4-SNAPSHOT-tests.jar to /home/user/.m2/repository/org/apache/jackrabbit/oak-auth-external/1.4-SNAPSHOT/oak-auth-external-1.4-SNAPSHOT-tests.jar
[INFO] 
[INFO] --- maven-bundle-plugin:3.0.0:install (default-install) @ oak-auth-external ---
[INFO] Local OBR update disabled (enable with -DobrRepository)
[INFO] 
[INFO] ----------------< org.apache.jackrabbit:oak-auth-ldap >-----------------
[INFO] Building Oak LDAP Authentication Support 1.4-SNAPSHOT            [13/24]
[INFO] -------------------------------[ bundle ]-------------------------------
[INFO] 
[INFO] --- jacoco-maven-plugin:0.7.1.201405082137:prepare-agent (pre-unit-test) @ oak-auth-ldap ---
[INFO] Skipping JaCoCo execution because property jacoco.skip is set.
[INFO] test.opts.coverage set to empty
[INFO] 
[INFO] --- maven-remote-resources-plugin:1.4:process (default) @ oak-auth-ldap ---
[INFO] 
[INFO] --- maven-resources-plugin:2.6:resources (default-resources) @ oak-auth-ldap ---
[INFO] Using 'UTF-8' encoding to copy filtered resources.
[INFO] skip non existing resourceDirectory /data-depot/user/Workspace/Reproducibility/Reproducibility-Scanner/benchmarks/bugs-dot-jar/jackrabbit-oak/oak-auth-ldap/src/main/resources
[INFO] Copying 3 resources
[INFO] 
[INFO] --- maven-compiler-plugin:2.5.1:compile (default-compile) @ oak-auth-ldap ---
[INFO] Compiling 11 source files to /data-depot/user/Workspace/Reproducibility/Reproducibility-Scanner/benchmarks/bugs-dot-jar/jackrabbit-oak/oak-auth-ldap/target/classes
[INFO] 
[INFO] --- maven-scr-plugin:1.16.0:scr (generate-scr-scrdescriptor) @ oak-auth-ldap ---
[INFO] Generating 1 MetaType Descriptors in /data-depot/user/Workspace/Reproducibility/Reproducibility-Scanner/benchmarks/bugs-dot-jar/jackrabbit-oak/oak-auth-ldap/target/classes/OSGI-INF/metatype/org.apache.jackrabbit.oak.security.authentication.ldap.impl.LdapProviderConfig.xml
[INFO] Writing 1 Service Component Descriptors to /data-depot/user/Workspace/Reproducibility/Reproducibility-Scanner/benchmarks/bugs-dot-jar/jackrabbit-oak/oak-auth-ldap/target/classes/OSGI-INF/org.apache.jackrabbit.oak.security.authentication.ldap.impl.LdapIdentityProvider.xml
[INFO] 
[INFO] --- maven-resources-plugin:2.6:testResources (default-testResources) @ oak-auth-ldap ---
[INFO] Using 'UTF-8' encoding to copy filtered resources.
[INFO] Copying 3 resources
[INFO] Copying 3 resources
[INFO] 
[INFO] --- maven-compiler-plugin:2.5.1:testCompile (default-testCompile) @ oak-auth-ldap ---
[INFO] Compiling 10 source files to /data-depot/user/Workspace/Reproducibility/Reproducibility-Scanner/benchmarks/bugs-dot-jar/jackrabbit-oak/oak-auth-ldap/target/test-classes
[INFO] 
[INFO] --- maven-surefire-plugin:2.12.4:test (default-test) @ oak-auth-ldap ---
[INFO] Tests are skipped.
[INFO] 
[INFO] --- jacoco-maven-plugin:0.7.1.201405082137:report (post-unit-test) @ oak-auth-ldap ---
[INFO] Skipping JaCoCo execution because property jacoco.skip is set.
[INFO] 
[INFO] --- maven-bundle-plugin:3.0.0:bundle (default-bundle) @ oak-auth-ldap ---
[INFO] 
[INFO] --- maven-site-plugin:3.3:attach-descriptor (attach-descriptor) @ oak-auth-ldap ---
[INFO] 
[INFO] --- maven-bundle-plugin:3.0.0:baseline (baseline) @ oak-auth-ldap ---
[INFO] Skipping Baseline execution
[INFO] 
[INFO] --- maven-install-plugin:2.3.1:install (default-install) @ oak-auth-ldap ---
[INFO] Installing /data-depot/user/Workspace/Reproducibility/Reproducibility-Scanner/benchmarks/bugs-dot-jar/jackrabbit-oak/oak-auth-ldap/target/oak-auth-ldap-1.4-SNAPSHOT.jar to /home/user/.m2/repository/org/apache/jackrabbit/oak-auth-ldap/1.4-SNAPSHOT/oak-auth-ldap-1.4-SNAPSHOT.jar
[INFO] Installing /data-depot/user/Workspace/Reproducibility/Reproducibility-Scanner/benchmarks/bugs-dot-jar/jackrabbit-oak/oak-auth-ldap/pom.xml to /home/user/.m2/repository/org/apache/jackrabbit/oak-auth-ldap/1.4-SNAPSHOT/oak-auth-ldap-1.4-SNAPSHOT.pom
[INFO] 
[INFO] --- maven-bundle-plugin:3.0.0:install (default-install) @ oak-auth-ldap ---
[INFO] Local OBR update disabled (enable with -DobrRepository)
[INFO] 
[INFO] --------------< org.apache.jackrabbit:oak-tarmk-standby >---------------
[INFO] Building Oak TarMK Standby 1.4-SNAPSHOT                          [14/24]
[INFO] -------------------------------[ bundle ]-------------------------------
[INFO] 
[INFO] --- jacoco-maven-plugin:0.7.1.201405082137:prepare-agent (pre-unit-test) @ oak-tarmk-standby ---
[INFO] Skipping JaCoCo execution because property jacoco.skip is set.
[INFO] test.opts.coverage set to empty
[INFO] 
[INFO] --- maven-remote-resources-plugin:1.4:process (default) @ oak-tarmk-standby ---
[INFO] 
[INFO] --- maven-resources-plugin:2.6:resources (default-resources) @ oak-tarmk-standby ---
[INFO] Using 'UTF-8' encoding to copy filtered resources.
[INFO] Copying 1 resource
[INFO] Copying 3 resources
[INFO] 
[INFO] --- maven-compiler-plugin:2.5.1:compile (default-compile) @ oak-tarmk-standby ---
[INFO] Compiling 23 source files to /data-depot/user/Workspace/Reproducibility/Reproducibility-Scanner/benchmarks/bugs-dot-jar/jackrabbit-oak/oak-tarmk-standby/target/classes
[INFO] 
[INFO] --- maven-scr-plugin:1.16.0:scr (generate-scr-scrdescriptor) @ oak-tarmk-standby ---
[INFO] Generating 1 MetaType Descriptors in /data-depot/user/Workspace/Reproducibility/Reproducibility-Scanner/benchmarks/bugs-dot-jar/jackrabbit-oak/oak-tarmk-standby/target/classes/OSGI-INF/metatype/org.apache.jackrabbit.oak.plugins.segment.standby.store.StandbyStoreService.xml
[INFO] Writing 1 Service Component Descriptors to /data-depot/user/Workspace/Reproducibility/Reproducibility-Scanner/benchmarks/bugs-dot-jar/jackrabbit-oak/oak-tarmk-standby/target/classes/OSGI-INF/org.apache.jackrabbit.oak.plugins.segment.standby.store.StandbyStoreService.xml
[INFO] 
[INFO] --- maven-resources-plugin:2.6:testResources (default-testResources) @ oak-tarmk-standby ---
[INFO] Using 'UTF-8' encoding to copy filtered resources.
[INFO] Copying 1 resource
[INFO] Copying 3 resources
[INFO] 
[INFO] --- build-helper-maven-plugin:1.9:reserve-network-port (reserve-network-port) @ oak-tarmk-standby ---
[INFO] Reserved port 43869 for standby.server.port
[INFO] Reserved port 44571 for standby.proxy.port
[INFO] 
[INFO] --- maven-compiler-plugin:2.5.1:testCompile (default-testCompile) @ oak-tarmk-standby ---
[INFO] Compiling 16 source files to /data-depot/user/Workspace/Reproducibility/Reproducibility-Scanner/benchmarks/bugs-dot-jar/jackrabbit-oak/oak-tarmk-standby/target/test-classes
[INFO] 
[INFO] --- maven-surefire-plugin:2.12.4:test (default-test) @ oak-tarmk-standby ---
[INFO] Tests are skipped.
[INFO] 
[INFO] --- jacoco-maven-plugin:0.7.1.201405082137:report (post-unit-test) @ oak-tarmk-standby ---
[INFO] Skipping JaCoCo execution because property jacoco.skip is set.
[INFO] 
[INFO] --- maven-bundle-plugin:3.0.0:bundle (default-bundle) @ oak-tarmk-standby ---
[WARNING] Bundle org.apache.jackrabbit:oak-tarmk-standby:bundle:1.4-SNAPSHOT : Unused Import-Package instructions: [sun.nio.ch.*] 
[INFO] 
[INFO] --- maven-site-plugin:3.3:attach-descriptor (attach-descriptor) @ oak-tarmk-standby ---
[INFO] 
[INFO] --- maven-bundle-plugin:3.0.0:baseline (baseline) @ oak-tarmk-standby ---
[INFO] Skipping Baseline execution
[INFO] 
[INFO] --- maven-install-plugin:2.3.1:install (default-install) @ oak-tarmk-standby ---
[INFO] Installing /data-depot/user/Workspace/Reproducibility/Reproducibility-Scanner/benchmarks/bugs-dot-jar/jackrabbit-oak/oak-tarmk-standby/target/oak-tarmk-standby-1.4-SNAPSHOT.jar to /home/user/.m2/repository/org/apache/jackrabbit/oak-tarmk-standby/1.4-SNAPSHOT/oak-tarmk-standby-1.4-SNAPSHOT.jar
[INFO] Installing /data-depot/user/Workspace/Reproducibility/Reproducibility-Scanner/benchmarks/bugs-dot-jar/jackrabbit-oak/oak-tarmk-standby/pom.xml to /home/user/.m2/repository/org/apache/jackrabbit/oak-tarmk-standby/1.4-SNAPSHOT/oak-tarmk-standby-1.4-SNAPSHOT.pom
[INFO] 
[INFO] --- maven-bundle-plugin:3.0.0:install (default-install) @ oak-tarmk-standby ---
[INFO] Local OBR update disabled (enable with -DobrRepository)
[INFO] 
[INFO] ------------------< org.apache.jackrabbit:oak-remote >------------------
[INFO] Building Oak Remote API 1.4-SNAPSHOT                             [15/24]
[INFO] -------------------------------[ bundle ]-------------------------------
[INFO] 
[INFO] --- jacoco-maven-plugin:0.7.1.201405082137:prepare-agent (pre-unit-test) @ oak-remote ---
[INFO] Skipping JaCoCo execution because property jacoco.skip is set.
[INFO] test.opts.coverage set to empty
[INFO] 
[INFO] --- maven-remote-resources-plugin:1.4:process (default) @ oak-remote ---
[INFO] 
[INFO] --- maven-resources-plugin:2.6:resources (default-resources) @ oak-remote ---
[INFO] Using 'UTF-8' encoding to copy filtered resources.
[INFO] skip non existing resourceDirectory /data-depot/user/Workspace/Reproducibility/Reproducibility-Scanner/benchmarks/bugs-dot-jar/jackrabbit-oak/oak-remote/src/main/resources
[INFO] Copying 3 resources
[INFO] 
[INFO] --- maven-compiler-plugin:2.5.1:compile (default-compile) @ oak-remote ---
[INFO] Compiling 69 source files to /data-depot/user/Workspace/Reproducibility/Reproducibility-Scanner/benchmarks/bugs-dot-jar/jackrabbit-oak/oak-remote/target/classes
[INFO] 
[INFO] --- maven-scr-plugin:1.16.0:scr (generate-scr-scrdescriptor) @ oak-remote ---
[INFO] Generating 1 MetaType Descriptors in /data-depot/user/Workspace/Reproducibility/Reproducibility-Scanner/benchmarks/bugs-dot-jar/jackrabbit-oak/oak-remote/target/classes/OSGI-INF/metatype/org.apache.jackrabbit.oak.remote.osgi.RemoteServletRegistration.xml
[INFO] Writing 1 Service Component Descriptors to /data-depot/user/Workspace/Reproducibility/Reproducibility-Scanner/benchmarks/bugs-dot-jar/jackrabbit-oak/oak-remote/target/classes/OSGI-INF/org.apache.jackrabbit.oak.remote.osgi.RemoteServletRegistration.xml
[INFO] 
[INFO] --- maven-resources-plugin:2.6:testResources (default-testResources) @ oak-remote ---
[INFO] Using 'UTF-8' encoding to copy filtered resources.
[INFO] Copying 24 resources
[INFO] Copying 3 resources
[INFO] 
[INFO] --- maven-compiler-plugin:2.5.1:testCompile (default-testCompile) @ oak-remote ---
[INFO] Compiling 19 source files to /data-depot/user/Workspace/Reproducibility/Reproducibility-Scanner/benchmarks/bugs-dot-jar/jackrabbit-oak/oak-remote/target/test-classes
[INFO] 
[INFO] --- maven-surefire-plugin:2.12.4:test (default-test) @ oak-remote ---
[INFO] Tests are skipped.
[INFO] 
[INFO] --- jacoco-maven-plugin:0.7.1.201405082137:report (post-unit-test) @ oak-remote ---
[INFO] Skipping JaCoCo execution because property jacoco.skip is set.
[INFO] 
[INFO] --- maven-bundle-plugin:3.0.0:bundle (default-bundle) @ oak-remote ---
[INFO] 
[INFO] --- maven-site-plugin:3.3:attach-descriptor (attach-descriptor) @ oak-remote ---
[INFO] 
[INFO] --- maven-bundle-plugin:3.0.0:baseline (baseline) @ oak-remote ---
[INFO] Skipping Baseline execution
[INFO] 
[INFO] --- maven-failsafe-plugin:2.18.1:integration-test (default) @ oak-remote ---
[INFO] Tests are skipped.
[INFO] 
[INFO] --- maven-failsafe-plugin:2.18.1:verify (default) @ oak-remote ---
[INFO] Tests are skipped.
[INFO] 
[INFO] --- maven-install-plugin:2.3.1:install (default-install) @ oak-remote ---
[INFO] Installing /data-depot/user/Workspace/Reproducibility/Reproducibility-Scanner/benchmarks/bugs-dot-jar/jackrabbit-oak/oak-remote/target/oak-remote-1.4-SNAPSHOT.jar to /home/user/.m2/repository/org/apache/jackrabbit/oak-remote/1.4-SNAPSHOT/oak-remote-1.4-SNAPSHOT.jar
[INFO] Installing /data-depot/user/Workspace/Reproducibility/Reproducibility-Scanner/benchmarks/bugs-dot-jar/jackrabbit-oak/oak-remote/pom.xml to /home/user/.m2/repository/org/apache/jackrabbit/oak-remote/1.4-SNAPSHOT/oak-remote-1.4-SNAPSHOT.pom
[INFO] 
[INFO] --- maven-bundle-plugin:3.0.0:install (default-install) @ oak-remote ---
[INFO] Local OBR update disabled (enable with -DobrRepository)
[INFO] 
[INFO] ------------< org.apache.jackrabbit:oak-authorization-cug >-------------
[INFO] Building Oak CUG 1.4-SNAPSHOT                                    [16/24]
[INFO] -------------------------------[ bundle ]-------------------------------
[INFO] 
[INFO] --- jacoco-maven-plugin:0.7.1.201405082137:prepare-agent (pre-unit-test) @ oak-authorization-cug ---
[INFO] Skipping JaCoCo execution because property jacoco.skip is set.
[INFO] test.opts.coverage set to empty
[INFO] 
[INFO] --- maven-remote-resources-plugin:1.4:process (default) @ oak-authorization-cug ---
[INFO] 
[INFO] --- maven-resources-plugin:2.6:resources (default-resources) @ oak-authorization-cug ---
[INFO] Using 'UTF-8' encoding to copy filtered resources.
[INFO] Copying 1 resource
[INFO] Copying 3 resources
[INFO] 
[INFO] --- maven-compiler-plugin:2.5.1:compile (default-compile) @ oak-authorization-cug ---
[INFO] Compiling 19 source files to /data-depot/user/Workspace/Reproducibility/Reproducibility-Scanner/benchmarks/bugs-dot-jar/jackrabbit-oak/oak-authorization-cug/target/classes
[INFO] 
[INFO] --- maven-scr-plugin:1.16.0:scr (generate-scr-scrdescriptor) @ oak-authorization-cug ---
[INFO] Generating 1 MetaType Descriptors in /data-depot/user/Workspace/Reproducibility/Reproducibility-Scanner/benchmarks/bugs-dot-jar/jackrabbit-oak/oak-authorization-cug/target/classes/OSGI-INF/metatype/org.apache.jackrabbit.oak.spi.security.authorization.cug.impl.CugConfiguration.xml
[INFO] Generating 1 MetaType Descriptors in /data-depot/user/Workspace/Reproducibility/Reproducibility-Scanner/benchmarks/bugs-dot-jar/jackrabbit-oak/oak-authorization-cug/target/classes/OSGI-INF/metatype/org.apache.jackrabbit.oak.spi.security.authorization.cug.impl.CugExcludeImpl.xml
[INFO] Writing 1 Service Component Descriptors to /data-depot/user/Workspace/Reproducibility/Reproducibility-Scanner/benchmarks/bugs-dot-jar/jackrabbit-oak/oak-authorization-cug/target/classes/OSGI-INF/org.apache.jackrabbit.oak.spi.security.authorization.cug.impl.CugConfiguration.xml
[INFO] Writing 1 Service Component Descriptors to /data-depot/user/Workspace/Reproducibility/Reproducibility-Scanner/benchmarks/bugs-dot-jar/jackrabbit-oak/oak-authorization-cug/target/classes/OSGI-INF/org.apache.jackrabbit.oak.spi.security.authorization.cug.impl.CugExcludeImpl.xml
[INFO] 
[INFO] --- maven-resources-plugin:2.6:testResources (default-testResources) @ oak-authorization-cug ---
[INFO] Using 'UTF-8' encoding to copy filtered resources.
[INFO] skip non existing resourceDirectory /data-depot/user/Workspace/Reproducibility/Reproducibility-Scanner/benchmarks/bugs-dot-jar/jackrabbit-oak/oak-authorization-cug/src/test/resources
[INFO] Copying 3 resources
[INFO] 
[INFO] --- maven-compiler-plugin:2.5.1:testCompile (default-testCompile) @ oak-authorization-cug ---
[INFO] Compiling 26 source files to /data-depot/user/Workspace/Reproducibility/Reproducibility-Scanner/benchmarks/bugs-dot-jar/jackrabbit-oak/oak-authorization-cug/target/test-classes
[INFO] 
[INFO] --- maven-surefire-plugin:2.12.4:test (default-test) @ oak-authorization-cug ---
[INFO] Tests are skipped.
[INFO] 
[INFO] --- jacoco-maven-plugin:0.7.1.201405082137:report (post-unit-test) @ oak-authorization-cug ---
[INFO] Skipping JaCoCo execution because property jacoco.skip is set.
[INFO] 
[INFO] --- maven-bundle-plugin:3.0.0:bundle (default-bundle) @ oak-authorization-cug ---
[INFO] 
[INFO] --- maven-site-plugin:3.3:attach-descriptor (attach-descriptor) @ oak-authorization-cug ---
[INFO] 
[INFO] --- maven-jar-plugin:2.4:test-jar (default) @ oak-authorization-cug ---
[INFO] Building jar: /data-depot/user/Workspace/Reproducibility/Reproducibility-Scanner/benchmarks/bugs-dot-jar/jackrabbit-oak/oak-authorization-cug/target/oak-authorization-cug-1.4-SNAPSHOT-tests.jar
[INFO] 
[INFO] --- maven-bundle-plugin:3.0.0:baseline (baseline) @ oak-authorization-cug ---
[INFO] Skipping Baseline execution
[INFO] 
[INFO] --- maven-install-plugin:2.3.1:install (default-install) @ oak-authorization-cug ---
[INFO] Installing /data-depot/user/Workspace/Reproducibility/Reproducibility-Scanner/benchmarks/bugs-dot-jar/jackrabbit-oak/oak-authorization-cug/target/oak-authorization-cug-1.4-SNAPSHOT.jar to /home/user/.m2/repository/org/apache/jackrabbit/oak-authorization-cug/1.4-SNAPSHOT/oak-authorization-cug-1.4-SNAPSHOT.jar
[INFO] Installing /data-depot/user/Workspace/Reproducibility/Reproducibility-Scanner/benchmarks/bugs-dot-jar/jackrabbit-oak/oak-authorization-cug/pom.xml to /home/user/.m2/repository/org/apache/jackrabbit/oak-authorization-cug/1.4-SNAPSHOT/oak-authorization-cug-1.4-SNAPSHOT.pom
[INFO] Installing /data-depot/user/Workspace/Reproducibility/Reproducibility-Scanner/benchmarks/bugs-dot-jar/jackrabbit-oak/oak-authorization-cug/target/oak-authorization-cug-1.4-SNAPSHOT-tests.jar to /home/user/.m2/repository/org/apache/jackrabbit/oak-authorization-cug/1.4-SNAPSHOT/oak-authorization-cug-1.4-SNAPSHOT-tests.jar
[INFO] 
[INFO] --- maven-bundle-plugin:3.0.0:install (default-install) @ oak-authorization-cug ---
[INFO] Local OBR update disabled (enable with -DobrRepository)
[INFO] 
[INFO] -------------------< org.apache.jackrabbit:oak-run >--------------------
[INFO] Building Oak Runnable Jar 1.4-SNAPSHOT                           [17/24]
[INFO] --------------------------------[ jar ]---------------------------------
[INFO] 
[INFO] --- jacoco-maven-plugin:0.7.1.201405082137:prepare-agent (pre-unit-test) @ oak-run ---
[INFO] Skipping JaCoCo execution because property jacoco.skip is set.
[INFO] test.opts.coverage set to empty
[INFO] 
[INFO] --- gmaven-plugin:1.4:generateStubs (default) @ oak-run ---
[INFO] Generated 13 Java stubs
[INFO] 
[INFO] --- maven-remote-resources-plugin:1.4:process (default) @ oak-run ---
[INFO] 
[INFO] --- maven-resources-plugin:2.6:resources (default-resources) @ oak-run ---
[INFO] Using 'UTF-8' encoding to copy filtered resources.
[INFO] Copying 10 resources
[INFO] Copying 4 resources
[INFO] Copying 3 resources
[INFO] 
[INFO] --- build-helper-maven-plugin:1.7:reserve-network-port (reserve-network-port) @ oak-run ---
[INFO] Reserved port 46711 for jetty.http.port
[INFO] 
[INFO] --- maven-compiler-plugin:2.5.1:compile (default-compile) @ oak-run ---
[INFO] Compiling 162 source files to /data-depot/user/Workspace/Reproducibility/Reproducibility-Scanner/benchmarks/bugs-dot-jar/jackrabbit-oak/oak-run/target/classes
[INFO] -------------------------------------------------------------
[ERROR] COMPILATION ERROR : 
[INFO] -------------------------------------------------------------
[ERROR] /data-depot/user/Workspace/Reproducibility/Reproducibility-Scanner/benchmarks/bugs-dot-jar/jackrabbit-oak/oak-run/src/main/java/org/apache/jackrabbit/oak/fixture/BlobStoreFixture.java:[103,31] error: no suitable constructor found for DataStoreBlobStore(FileDataStore,boolean,int)
[INFO] 1 error
[INFO] -------------------------------------------------------------
[INFO] 
[INFO] -----------------< org.apache.jackrabbit:oak-it-osgi >------------------
[INFO] Building Oak Integration Tests for OSGi deployments 1.4-SNAPSHOT [18/24]
[INFO] --------------------------------[ jar ]---------------------------------
[INFO] 
[INFO] --- jacoco-maven-plugin:0.7.1.201405082137:prepare-agent (pre-unit-test) @ oak-it-osgi ---
[INFO] Skipping JaCoCo execution because property jacoco.skip is set.
[INFO] test.opts.coverage set to empty
[INFO] 
[INFO] --- maven-remote-resources-plugin:1.4:process (default) @ oak-it-osgi ---
[INFO] 
[INFO] --- maven-resources-plugin:2.6:resources (default-resources) @ oak-it-osgi ---
[INFO] Using 'UTF-8' encoding to copy filtered resources.
[INFO] skip non existing resourceDirectory /data-depot/user/Workspace/Reproducibility/Reproducibility-Scanner/benchmarks/bugs-dot-jar/jackrabbit-oak/oak-it-osgi/src/main/resources
[INFO] Copying 3 resources
[INFO] 
[INFO] --- maven-compiler-plugin:2.5.1:compile (default-compile) @ oak-it-osgi ---
[INFO] No sources to compile
[INFO] 
[INFO] --- maven-resources-plugin:2.6:testResources (default-testResources) @ oak-it-osgi ---
[INFO] Using 'UTF-8' encoding to copy filtered resources.
[INFO] Copying 1 resource
[INFO] Copying 3 resources
[INFO] 
[INFO] --- maven-compiler-plugin:2.5.1:testCompile (default-testCompile) @ oak-it-osgi ---
[INFO] Compiling 1 source file to /data-depot/user/Workspace/Reproducibility/Reproducibility-Scanner/benchmarks/bugs-dot-jar/jackrabbit-oak/oak-it-osgi/target/test-classes
[INFO] 
[INFO] --- maven-surefire-plugin:2.12.4:test (default-test) @ oak-it-osgi ---
[INFO] Tests are skipped.
[INFO] 
[INFO] --- jacoco-maven-plugin:0.7.1.201405082137:report (post-unit-test) @ oak-it-osgi ---
[INFO] Skipping JaCoCo execution because property jacoco.skip is set.
[INFO] 
[INFO] --- maven-jar-plugin:2.4:jar (default-jar) @ oak-it-osgi ---
[INFO] Building jar: /data-depot/user/Workspace/Reproducibility/Reproducibility-Scanner/benchmarks/bugs-dot-jar/jackrabbit-oak/oak-it-osgi/target/oak-it-osgi-1.4-SNAPSHOT.jar
[INFO] 
[INFO] --- maven-site-plugin:3.3:attach-descriptor (attach-descriptor) @ oak-it-osgi ---
[INFO] 
[INFO] --- maven-assembly-plugin:2.2.1:single (default) @ oak-it-osgi ---
[INFO] Reading assembly descriptor: test-bundles.xml
[INFO] Copying files to /data-depot/user/Workspace/Reproducibility/Reproducibility-Scanner/benchmarks/bugs-dot-jar/jackrabbit-oak/oak-it-osgi/target/test-bundles
[INFO] 
[INFO] --- maven-install-plugin:2.3.1:install (default-install) @ oak-it-osgi ---
[INFO] Installing /data-depot/user/Workspace/Reproducibility/Reproducibility-Scanner/benchmarks/bugs-dot-jar/jackrabbit-oak/oak-it-osgi/target/oak-it-osgi-1.4-SNAPSHOT.jar to /home/user/.m2/repository/org/apache/jackrabbit/oak-it-osgi/1.4-SNAPSHOT/oak-it-osgi-1.4-SNAPSHOT.jar
[INFO] Installing /data-depot/user/Workspace/Reproducibility/Reproducibility-Scanner/benchmarks/bugs-dot-jar/jackrabbit-oak/oak-it-osgi/pom.xml to /home/user/.m2/repository/org/apache/jackrabbit/oak-it-osgi/1.4-SNAPSHOT/oak-it-osgi-1.4-SNAPSHOT.pom
[INFO] 
[INFO] ------------------< org.apache.jackrabbit:oak-pojosr >------------------
[INFO] Building Oak PojoSR 1.4-SNAPSHOT                                 [19/24]
[INFO] --------------------------------[ jar ]---------------------------------
[INFO] 
[INFO] --- jacoco-maven-plugin:0.7.1.201405082137:prepare-agent (pre-unit-test) @ oak-pojosr ---
[INFO] Skipping JaCoCo execution because property jacoco.skip is set.
[INFO] test.opts.coverage set to empty
[INFO] 
[INFO] --- maven-remote-resources-plugin:1.4:process (default) @ oak-pojosr ---
[INFO] 
[INFO] --- maven-resources-plugin:2.6:resources (default-resources) @ oak-pojosr ---
[INFO] Using 'UTF-8' encoding to copy filtered resources.
[INFO] Copying 1 resource
[INFO] Copying 3 resources
[INFO] 
[INFO] --- maven-compiler-plugin:2.5.1:compile (default-compile) @ oak-pojosr ---
[INFO] Compiling 8 source files to /data-depot/user/Workspace/Reproducibility/Reproducibility-Scanner/benchmarks/bugs-dot-jar/jackrabbit-oak/oak-pojosr/target/classes
[INFO] 
[INFO] --- gmaven-plugin:1.4:generateTestStubs (default) @ oak-pojosr ---
[INFO] Generated 25 Java stubs
[INFO] 
[INFO] --- maven-resources-plugin:2.6:testResources (default-testResources) @ oak-pojosr ---
[INFO] Using 'UTF-8' encoding to copy filtered resources.
[INFO] Copying 14 resources
[INFO] Copying 3 resources
[INFO] 
[INFO] --- maven-compiler-plugin:2.5.1:testCompile (default-testCompile) @ oak-pojosr ---
[INFO] Compiling 18 source files to /data-depot/user/Workspace/Reproducibility/Reproducibility-Scanner/benchmarks/bugs-dot-jar/jackrabbit-oak/oak-pojosr/target/test-classes
[INFO] 
[INFO] --- gmaven-plugin:1.4:testCompile (default) @ oak-pojosr ---
[INFO] Compiled 33 Groovy classes
[INFO] 
[INFO] --- maven-surefire-plugin:2.12.4:test (default-test) @ oak-pojosr ---
[INFO] Tests are skipped.
[INFO] 
[INFO] --- jacoco-maven-plugin:0.7.1.201405082137:report (post-unit-test) @ oak-pojosr ---
[INFO] Skipping JaCoCo execution because property jacoco.skip is set.
[INFO] 
[INFO] --- maven-jar-plugin:2.4:jar (default-jar) @ oak-pojosr ---
[INFO] Building jar: /data-depot/user/Workspace/Reproducibility/Reproducibility-Scanner/benchmarks/bugs-dot-jar/jackrabbit-oak/oak-pojosr/target/oak-pojosr-1.4-SNAPSHOT.jar
[INFO] 
[INFO] --- maven-site-plugin:3.3:attach-descriptor (attach-descriptor) @ oak-pojosr ---
[INFO] 
[INFO] --- maven-install-plugin:2.3.1:install (default-install) @ oak-pojosr ---
[INFO] Installing /data-depot/user/Workspace/Reproducibility/Reproducibility-Scanner/benchmarks/bugs-dot-jar/jackrabbit-oak/oak-pojosr/target/oak-pojosr-1.4-SNAPSHOT.jar to /home/user/.m2/repository/org/apache/jackrabbit/oak-pojosr/1.4-SNAPSHOT/oak-pojosr-1.4-SNAPSHOT.jar
[INFO] Installing /data-depot/user/Workspace/Reproducibility/Reproducibility-Scanner/benchmarks/bugs-dot-jar/jackrabbit-oak/oak-pojosr/pom.xml to /home/user/.m2/repository/org/apache/jackrabbit/oak-pojosr/1.4-SNAPSHOT/oak-pojosr-1.4-SNAPSHOT.pom
[INFO] 
[INFO] -----------------< org.apache.jackrabbit:oak-exercise >-----------------
[INFO] Building Oak Exercises 1.4-SNAPSHOT                              [20/24]
[INFO] --------------------------------[ jar ]---------------------------------
[INFO] 
[INFO] --- jacoco-maven-plugin:0.7.1.201405082137:prepare-agent (pre-unit-test) @ oak-exercise ---
[INFO] Skipping JaCoCo execution because property jacoco.skip is set.
[INFO] test.opts.coverage set to empty
[INFO] 
[INFO] --- maven-remote-resources-plugin:1.4:process (default) @ oak-exercise ---
[INFO] 
[INFO] --- maven-resources-plugin:2.6:resources (default-resources) @ oak-exercise ---
[INFO] Using 'UTF-8' encoding to copy filtered resources.
[INFO] skip non existing resourceDirectory /data-depot/user/Workspace/Reproducibility/Reproducibility-Scanner/benchmarks/bugs-dot-jar/jackrabbit-oak/oak-exercise/src/main/resources
[INFO] Copying 3 resources
[INFO] 
[INFO] --- maven-compiler-plugin:2.5.1:compile (default-compile) @ oak-exercise ---
[INFO] Compiling 7 source files to /data-depot/user/Workspace/Reproducibility/Reproducibility-Scanner/benchmarks/bugs-dot-jar/jackrabbit-oak/oak-exercise/target/classes
[INFO] 
[INFO] --- maven-scr-plugin:1.16.0:scr (generate-scr-scrdescriptor) @ oak-exercise ---
[INFO] Generating 1 MetaType Descriptors in /data-depot/user/Workspace/Reproducibility/Reproducibility-Scanner/benchmarks/bugs-dot-jar/jackrabbit-oak/oak-exercise/target/classes/OSGI-INF/metatype/org.apache.jackrabbit.oak.security.principal.CustomPrincipalConfiguration.xml
[INFO] Generating 1 MetaType Descriptors in /data-depot/user/Workspace/Reproducibility/Reproducibility-Scanner/benchmarks/bugs-dot-jar/jackrabbit-oak/oak-exercise/target/classes/OSGI-INF/metatype/org.apache.jackrabbit.oak.security.authentication.CustomLoginModuleFactory.xml
[INFO] Writing 1 Service Component Descriptors to /data-depot/user/Workspace/Reproducibility/Reproducibility-Scanner/benchmarks/bugs-dot-jar/jackrabbit-oak/oak-exercise/target/classes/OSGI-INF/org.apache.jackrabbit.oak.security.principal.CustomPrincipalConfiguration.xml
[INFO] Writing 1 Service Component Descriptors to /data-depot/user/Workspace/Reproducibility/Reproducibility-Scanner/benchmarks/bugs-dot-jar/jackrabbit-oak/oak-exercise/target/classes/OSGI-INF/org.apache.jackrabbit.oak.security.authentication.CustomLoginModuleFactory.xml
[INFO] 
[INFO] --- maven-resources-plugin:2.6:testResources (default-testResources) @ oak-exercise ---
[INFO] Using 'UTF-8' encoding to copy filtered resources.
[INFO] skip non existing resourceDirectory /data-depot/user/Workspace/Reproducibility/Reproducibility-Scanner/benchmarks/bugs-dot-jar/jackrabbit-oak/oak-exercise/src/test/resources
[INFO] Copying 3 resources
[INFO] 
[INFO] --- maven-compiler-plugin:2.5.1:testCompile (default-testCompile) @ oak-exercise ---
[INFO] Compiling 60 source files to /data-depot/user/Workspace/Reproducibility/Reproducibility-Scanner/benchmarks/bugs-dot-jar/jackrabbit-oak/oak-exercise/target/test-classes
[INFO] 
[INFO] --- maven-surefire-plugin:2.12.4:test (default-test) @ oak-exercise ---
[INFO] Tests are skipped.
[INFO] 
[INFO] --- jacoco-maven-plugin:0.7.1.201405082137:report (post-unit-test) @ oak-exercise ---
[INFO] Skipping JaCoCo execution because property jacoco.skip is set.
[INFO] 
[INFO] --- maven-jar-plugin:2.4:jar (default-jar) @ oak-exercise ---
[INFO] Building jar: /data-depot/user/Workspace/Reproducibility/Reproducibility-Scanner/benchmarks/bugs-dot-jar/jackrabbit-oak/oak-exercise/target/oak-exercise-1.4-SNAPSHOT.jar
[INFO] 
[INFO] --- maven-site-plugin:3.3:attach-descriptor (attach-descriptor) @ oak-exercise ---
[INFO] 
[INFO] --- maven-jar-plugin:2.4:test-jar (default) @ oak-exercise ---
[INFO] Building jar: /data-depot/user/Workspace/Reproducibility/Reproducibility-Scanner/benchmarks/bugs-dot-jar/jackrabbit-oak/oak-exercise/target/oak-exercise-1.4-SNAPSHOT-tests.jar
[INFO] 
[INFO] --- maven-bundle-plugin:3.0.0:baseline (baseline) @ oak-exercise ---
[INFO] Skipping Baseline execution
[INFO] 
[INFO] --- maven-install-plugin:2.3.1:install (default-install) @ oak-exercise ---
[INFO] Installing /data-depot/user/Workspace/Reproducibility/Reproducibility-Scanner/benchmarks/bugs-dot-jar/jackrabbit-oak/oak-exercise/target/oak-exercise-1.4-SNAPSHOT.jar to /home/user/.m2/repository/org/apache/jackrabbit/oak-exercise/1.4-SNAPSHOT/oak-exercise-1.4-SNAPSHOT.jar
[INFO] Installing /data-depot/user/Workspace/Reproducibility/Reproducibility-Scanner/benchmarks/bugs-dot-jar/jackrabbit-oak/oak-exercise/pom.xml to /home/user/.m2/repository/org/apache/jackrabbit/oak-exercise/1.4-SNAPSHOT/oak-exercise-1.4-SNAPSHOT.pom
[INFO] Installing /data-depot/user/Workspace/Reproducibility/Reproducibility-Scanner/benchmarks/bugs-dot-jar/jackrabbit-oak/oak-exercise/target/oak-exercise-1.4-SNAPSHOT-tests.jar to /home/user/.m2/repository/org/apache/jackrabbit/oak-exercise/1.4-SNAPSHOT/oak-exercise-1.4-SNAPSHOT-tests.jar
[INFO] 
[INFO] ------------------< org.apache.jackrabbit:oak-webapp >------------------
[INFO] Building Oak Web Application Example 1.4-SNAPSHOT                [21/24]
[INFO] --------------------------------[ war ]---------------------------------
[INFO] 
[INFO] --- jacoco-maven-plugin:0.7.1.201405082137:prepare-agent (pre-unit-test) @ oak-webapp ---
[INFO] Skipping JaCoCo execution because property jacoco.skip is set.
[INFO] test.opts.coverage set to empty
[INFO] 
[INFO] --- maven-remote-resources-plugin:1.4:process (default) @ oak-webapp ---
[INFO] 
[INFO] --- maven-resources-plugin:2.6:resources (default-resources) @ oak-webapp ---
[INFO] Using 'UTF-8' encoding to copy filtered resources.
[INFO] Copying 1 resource
[INFO] Copying 3 resources
[INFO] 
[INFO] --- maven-compiler-plugin:2.5.1:compile (default-compile) @ oak-webapp ---
[INFO] Compiling 14 source files to /data-depot/user/Workspace/Reproducibility/Reproducibility-Scanner/benchmarks/bugs-dot-jar/jackrabbit-oak/oak-examples/webapp/target/classes
[INFO] 
[INFO] --- maven-resources-plugin:2.6:testResources (default-testResources) @ oak-webapp ---
[INFO] Using 'UTF-8' encoding to copy filtered resources.
[INFO] Copying 2 resources
[INFO] Copying 3 resources
[INFO] 
[INFO] --- maven-compiler-plugin:2.5.1:testCompile (default-testCompile) @ oak-webapp ---
[INFO] Compiling 1 source file to /data-depot/user/Workspace/Reproducibility/Reproducibility-Scanner/benchmarks/bugs-dot-jar/jackrabbit-oak/oak-examples/webapp/target/test-classes
[INFO] 
[INFO] --- maven-surefire-plugin:2.12.4:test (default-test) @ oak-webapp ---
[INFO] Tests are skipped.
[INFO] 
[INFO] --- jacoco-maven-plugin:0.7.1.201405082137:report (post-unit-test) @ oak-webapp ---
[INFO] Skipping JaCoCo execution because property jacoco.skip is set.
[INFO] 
[INFO] --- maven-war-plugin:2.2:war (default-war) @ oak-webapp ---
[INFO] Packaging webapp
[INFO] Assembling webapp [oak-webapp] in [/data-depot/user/Workspace/Reproducibility/Reproducibility-Scanner/benchmarks/bugs-dot-jar/jackrabbit-oak/oak-examples/webapp/target/oak-webapp-1.4-SNAPSHOT]
[INFO] Processing war project
[INFO] Copying webapp resources [/data-depot/user/Workspace/Reproducibility/Reproducibility-Scanner/benchmarks/bugs-dot-jar/jackrabbit-oak/oak-examples/webapp/src/main/webapp]
[INFO] Webapp assembled in [143 msecs]
[INFO] Building war: /data-depot/user/Workspace/Reproducibility/Reproducibility-Scanner/benchmarks/bugs-dot-jar/jackrabbit-oak/oak-examples/webapp/target/oak-webapp-1.4-SNAPSHOT.war
[INFO] WEB-INF/web.xml already added, skipping
[INFO] 
[INFO] --- maven-site-plugin:3.3:attach-descriptor (attach-descriptor) @ oak-webapp ---
[INFO] 
[INFO] --- maven-antrun-plugin:1.6:run (default) @ oak-webapp ---
[INFO] Executing tasks

main:
      [jar] Building jar: /data-depot/user/Workspace/Reproducibility/Reproducibility-Scanner/benchmarks/bugs-dot-jar/jackrabbit-oak/oak-examples/webapp/target/oak-webapp-1.4-SNAPSHOT.jar
[INFO] Executed tasks
[INFO] 
[INFO] --- build-helper-maven-plugin:1.9:attach-artifact (attach-artifacts) @ oak-webapp ---
[INFO] 
[INFO] --- maven-failsafe-plugin:2.12.4:integration-test (failsafe-integration-tests) @ oak-webapp ---
[INFO] Tests are skipped.
[INFO] 
[INFO] --- maven-failsafe-plugin:2.12.4:verify (failsafe-verify) @ oak-webapp ---
[INFO] Tests are skipped.
[INFO] 
[INFO] --- maven-install-plugin:2.3.1:install (default-install) @ oak-webapp ---
[INFO] Installing /data-depot/user/Workspace/Reproducibility/Reproducibility-Scanner/benchmarks/bugs-dot-jar/jackrabbit-oak/oak-examples/webapp/target/oak-webapp-1.4-SNAPSHOT.war to /home/user/.m2/repository/org/apache/jackrabbit/oak-webapp/1.4-SNAPSHOT/oak-webapp-1.4-SNAPSHOT.war
[INFO] Installing /data-depot/user/Workspace/Reproducibility/Reproducibility-Scanner/benchmarks/bugs-dot-jar/jackrabbit-oak/oak-examples/webapp/pom.xml to /home/user/.m2/repository/org/apache/jackrabbit/oak-webapp/1.4-SNAPSHOT/oak-webapp-1.4-SNAPSHOT.pom
[INFO] Installing /data-depot/user/Workspace/Reproducibility/Reproducibility-Scanner/benchmarks/bugs-dot-jar/jackrabbit-oak/oak-examples/webapp/target/oak-webapp-1.4-SNAPSHOT.jar to /home/user/.m2/repository/org/apache/jackrabbit/oak-webapp/1.4-SNAPSHOT/oak-webapp-1.4-SNAPSHOT.jar
[INFO] 
[INFO] ----------------< org.apache.jackrabbit:oak-standalone >----------------
[INFO] Building Oak Standalone Example 1.4-SNAPSHOT                     [22/24]
[INFO] --------------------------------[ jar ]---------------------------------
[INFO] 
[INFO] --- jacoco-maven-plugin:0.7.1.201405082137:prepare-agent (pre-unit-test) @ oak-standalone ---
[INFO] Skipping JaCoCo execution because property jacoco.skip is set.
[INFO] test.opts.coverage set to empty
[INFO] 
[INFO] --- maven-remote-resources-plugin:1.4:process (default) @ oak-standalone ---
[INFO] 
[INFO] --- maven-resources-plugin:2.6:resources (default-resources) @ oak-standalone ---
[INFO] Using 'UTF-8' encoding to copy filtered resources.
[INFO] Copying 11 resources
[INFO] Copying 3 resources
[INFO] 
[INFO] --- maven-compiler-plugin:2.5.1:compile (default-compile) @ oak-standalone ---
[INFO] Compiling 5 source files to /data-depot/user/Workspace/Reproducibility/Reproducibility-Scanner/benchmarks/bugs-dot-jar/jackrabbit-oak/oak-examples/standalone/target/classes
[INFO] 
[INFO] --- maven-resources-plugin:2.6:testResources (default-testResources) @ oak-standalone ---
[INFO] Using 'UTF-8' encoding to copy filtered resources.
[INFO] skip non existing resourceDirectory /data-depot/user/Workspace/Reproducibility/Reproducibility-Scanner/benchmarks/bugs-dot-jar/jackrabbit-oak/oak-examples/standalone/src/test/resources
[INFO] Copying 3 resources
[INFO] 
[INFO] --- maven-compiler-plugin:2.5.1:testCompile (default-testCompile) @ oak-standalone ---
[INFO] Compiling 2 source files to /data-depot/user/Workspace/Reproducibility/Reproducibility-Scanner/benchmarks/bugs-dot-jar/jackrabbit-oak/oak-examples/standalone/target/test-classes
[INFO] 
[INFO] --- maven-surefire-plugin:2.12.4:test (default-test) @ oak-standalone ---
[INFO] Tests are skipped.
[INFO] 
[INFO] --- jacoco-maven-plugin:0.7.1.201405082137:report (post-unit-test) @ oak-standalone ---
[INFO] Skipping JaCoCo execution because property jacoco.skip is set.
[INFO] 
[INFO] --- maven-jar-plugin:2.4:jar (default-jar) @ oak-standalone ---
[INFO] Building jar: /data-depot/user/Workspace/Reproducibility/Reproducibility-Scanner/benchmarks/bugs-dot-jar/jackrabbit-oak/oak-examples/standalone/target/oak-standalone-1.4-SNAPSHOT.jar
[INFO] 
[INFO] --- maven-site-plugin:3.3:attach-descriptor (attach-descriptor) @ oak-standalone ---
[INFO] 
[INFO] --- spring-boot-maven-plugin:1.3.0.RELEASE:repackage (default) @ oak-standalone ---
[INFO] 
[INFO] --- maven-failsafe-plugin:2.12.4:integration-test (failsafe-integration-tests) @ oak-standalone ---
[INFO] Tests are skipped.
[INFO] 
[INFO] --- maven-failsafe-plugin:2.12.4:verify (failsafe-verify) @ oak-standalone ---
[INFO] Tests are skipped.
[INFO] 
[INFO] --- maven-install-plugin:2.3.1:install (default-install) @ oak-standalone ---
[INFO] Installing /data-depot/user/Workspace/Reproducibility/Reproducibility-Scanner/benchmarks/bugs-dot-jar/jackrabbit-oak/oak-examples/standalone/target/oak-standalone-1.4-SNAPSHOT.jar to /home/user/.m2/repository/org/apache/jackrabbit/oak-standalone/1.4-SNAPSHOT/oak-standalone-1.4-SNAPSHOT.jar
[INFO] Installing /data-depot/user/Workspace/Reproducibility/Reproducibility-Scanner/benchmarks/bugs-dot-jar/jackrabbit-oak/oak-examples/standalone/pom.xml to /home/user/.m2/repository/org/apache/jackrabbit/oak-standalone/1.4-SNAPSHOT/oak-standalone-1.4-SNAPSHOT.pom
[INFO] 
[INFO] -----------------< org.apache.jackrabbit:oak-examples >-----------------
[INFO] Building Oak Examples 1.4-SNAPSHOT                               [23/24]
[INFO] --------------------------------[ pom ]---------------------------------
[INFO] 
[INFO] --- jacoco-maven-plugin:0.7.1.201405082137:prepare-agent (pre-unit-test) @ oak-examples ---
[INFO] Skipping JaCoCo execution because property jacoco.skip is set.
[INFO] test.opts.coverage set to empty
[INFO] 
[INFO] --- maven-remote-resources-plugin:1.4:process (default) @ oak-examples ---
[INFO] 
[INFO] --- jacoco-maven-plugin:0.7.1.201405082137:report (post-unit-test) @ oak-examples ---
[INFO] Skipping JaCoCo execution because property jacoco.skip is set.
[INFO] 
[INFO] --- maven-site-plugin:3.3:attach-descriptor (attach-descriptor) @ oak-examples ---
[INFO] 
[INFO] --- maven-install-plugin:2.3.1:install (default-install) @ oak-examples ---
[INFO] Installing /data-depot/user/Workspace/Reproducibility/Reproducibility-Scanner/benchmarks/bugs-dot-jar/jackrabbit-oak/oak-examples/pom.xml to /home/user/.m2/repository/org/apache/jackrabbit/oak-examples/1.4-SNAPSHOT/oak-examples-1.4-SNAPSHOT.pom
[INFO] 
[INFO] ----------------< org.apache.jackrabbit:jackrabbit-oak >----------------
[INFO] Building Jackrabbit Oak 1.4-SNAPSHOT                             [24/24]
[INFO] --------------------------------[ pom ]---------------------------------
[INFO] 
[INFO] --- jacoco-maven-plugin:0.7.1.201405082137:prepare-agent (pre-unit-test) @ jackrabbit-oak ---
[INFO] Skipping JaCoCo execution because property jacoco.skip is set.
[INFO] test.opts.coverage set to empty
[INFO] 
[INFO] --- maven-remote-resources-plugin:1.4:process (default) @ jackrabbit-oak ---
[INFO] 
[INFO] --- jacoco-maven-plugin:0.7.1.201405082137:report (post-unit-test) @ jackrabbit-oak ---
[INFO] Skipping JaCoCo execution because property jacoco.skip is set.
[INFO] 
[INFO] --- maven-site-plugin:3.3:attach-descriptor (attach-descriptor) @ jackrabbit-oak ---
[INFO] 
[INFO] --- maven-install-plugin:2.3.1:install (default-install) @ jackrabbit-oak ---
[INFO] Installing /data-depot/user/Workspace/Reproducibility/Reproducibility-Scanner/benchmarks/bugs-dot-jar/jackrabbit-oak/pom.xml to /home/user/.m2/repository/org/apache/jackrabbit/jackrabbit-oak/1.4-SNAPSHOT/jackrabbit-oak-1.4-SNAPSHOT.pom
[INFO] ------------------------------------------------------------------------
[INFO] Reactor Summary:
[INFO] 
[INFO] Oak Parent POM ..................................... SUCCESS [  1.060 s]
[INFO] Oak Commons ........................................ SUCCESS [  2.693 s]
[INFO] Oak Blob Store ..................................... SUCCESS [  0.810 s]
[INFO] Oak Cloud Blob Store ............................... SUCCESS [  0.829 s]
[INFO] Oak Core ........................................... SUCCESS [ 10.243 s]
[INFO] Oak JCR Binding .................................... SUCCESS [  2.555 s]
[INFO] Oak upgrade ........................................ SUCCESS [  6.110 s]
[INFO] Oak HTTP Binding ................................... SUCCESS [  0.270 s]
[INFO] Oak Lucene ......................................... SUCCESS [  4.365 s]
[INFO] Oak Solr core ...................................... SUCCESS [  1.532 s]
[INFO] Oak Solr OSGi ...................................... SUCCESS [  6.590 s]
[INFO] Oak External Authentication Support ................ SUCCESS [  0.531 s]
[INFO] Oak LDAP Authentication Support .................... SUCCESS [  2.237 s]
[INFO] Oak TarMK Standby .................................. SUCCESS [  1.066 s]
[INFO] Oak Remote API ..................................... SUCCESS [  1.035 s]
[INFO] Oak CUG ............................................ SUCCESS [  0.497 s]
[INFO] Oak Runnable Jar ................................... FAILURE [  3.638 s]
[INFO] Oak Integration Tests for OSGi deployments ......... SUCCESS [  1.603 s]
[INFO] Oak PojoSR ......................................... SUCCESS [  2.071 s]
[INFO] Oak Exercises ...................................... SUCCESS [  0.364 s]
[INFO] Oak Web Application Example ........................ SUCCESS [  3.931 s]
[INFO] Oak Standalone Example ............................. SUCCESS [  2.418 s]
[INFO] Oak Examples ....................................... SUCCESS [  0.011 s]
[INFO] Jackrabbit Oak 1.4-SNAPSHOT ........................ SUCCESS [  0.010 s]
[INFO] ------------------------------------------------------------------------
[INFO] BUILD FAILURE
[INFO] ------------------------------------------------------------------------
[INFO] Total time: 57.309 s
[INFO] Finished at: 2022-07-14T11:22:37-07:00
[INFO] ------------------------------------------------------------------------
[ERROR] Failed to execute goal org.apache.maven.plugins:maven-compiler-plugin:2.5.1:compile (default-compile) on project oak-run: Compilation failure
[ERROR] /data-depot/user/Workspace/Reproducibility/Reproducibility-Scanner/benchmarks/bugs-dot-jar/jackrabbit-oak/oak-run/src/main/java/org/apache/jackrabbit/oak/fixture/BlobStoreFixture.java:[103,31] error: no suitable constructor found for DataStoreBlobStore(FileDataStore,boolean,int)
[ERROR] 
[ERROR] -> [Help 1]
[ERROR] 
[ERROR] To see the full stack trace of the errors, re-run Maven with the -e switch.
[ERROR] Re-run Maven using the -X switch to enable full debug logging.
[ERROR] 
[ERROR] For more information about the errors and possible solutions, please read the following articles:
[ERROR] [Help 1] http://cwiki.apache.org/confluence/display/MAVEN/MojoFailureException
[ERROR] 
[ERROR] After correcting the problems, you can resume the build with the command
[ERROR]   mvn <goals> -rf :oak-run
[INFO] Build failures were ignored.
[INFO] Scanning for projects...
[INFO] 
[INFO] ------------------< org.apache.jackrabbit:oak-lucene >------------------
[INFO] Building Oak Lucene 1.4-SNAPSHOT
[INFO] -------------------------------[ bundle ]-------------------------------
[INFO] 
[INFO] --- jacoco-maven-plugin:0.7.1.201405082137:prepare-agent (pre-unit-test) @ oak-lucene ---
[INFO] Skipping JaCoCo execution because property jacoco.skip is set.
[INFO] test.opts.coverage set to empty
[INFO] 
[INFO] --- maven-remote-resources-plugin:1.4:process (default) @ oak-lucene ---
[INFO] 
[INFO] --- maven-resources-plugin:2.6:resources (default-resources) @ oak-lucene ---
[INFO] Using 'UTF-8' encoding to copy filtered resources.
[INFO] Copying 2 resources
[INFO] Copying 3 resources
[INFO] 
[INFO] --- maven-compiler-plugin:2.5.1:compile (default-compile) @ oak-lucene ---
[INFO] Nothing to compile - all classes are up to date
[INFO] 
[INFO] --- maven-scr-plugin:1.16.0:scr (generate-scr-scrdescriptor) @ oak-lucene ---
[INFO] Generating 1 MetaType Descriptors in /data-depot/user/Workspace/Reproducibility/Reproducibility-Scanner/benchmarks/bugs-dot-jar/jackrabbit-oak/oak-lucene/target/classes/OSGI-INF/metatype/org.apache.jackrabbit.oak.plugins.index.lucene.LuceneIndexProviderService.xml
[INFO] Writing 1 Service Component Descriptors to /data-depot/user/Workspace/Reproducibility/Reproducibility-Scanner/benchmarks/bugs-dot-jar/jackrabbit-oak/oak-lucene/target/classes/OSGI-INF/org.apache.jackrabbit.oak.plugins.index.lucene.score.impl.ScorerProviderFactoryImpl.xml
[INFO] Writing 1 Service Component Descriptors to /data-depot/user/Workspace/Reproducibility/Reproducibility-Scanner/benchmarks/bugs-dot-jar/jackrabbit-oak/oak-lucene/target/classes/OSGI-INF/org.apache.jackrabbit.oak.plugins.index.lucene.LuceneIndexProviderService.xml
[INFO] 
[INFO] --- maven-resources-plugin:2.6:testResources (default-testResources) @ oak-lucene ---
[INFO] Using 'UTF-8' encoding to copy filtered resources.
[INFO] Copying 6 resources
[INFO] Copying 3 resources
[INFO] 
[INFO] --- maven-compiler-plugin:2.5.1:testCompile (default-testCompile) @ oak-lucene ---
[INFO] Nothing to compile - all classes are up to date
[INFO] 
[INFO] --- maven-surefire-plugin:2.12.4:test (default-test) @ oak-lucene ---
[INFO] Surefire report directory: /data-depot/user/Workspace/Reproducibility/Reproducibility-Scanner/benchmarks/bugs-dot-jar/jackrabbit-oak/oak-lucene/target/surefire-reports

-------------------------------------------------------
 T E S T S
-------------------------------------------------------
Running org.apache.jackrabbit.oak.jcr.query.ResultSizeTest
Tests run: 2, Failures: 0, Errors: 0, Skipped: 0, Time elapsed: 6.767 sec
Running org.apache.jackrabbit.oak.jcr.query.SuggestTest
Tests run: 4, Failures: 0, Errors: 0, Skipped: 0, Time elapsed: 2.781 sec
Running org.apache.jackrabbit.oak.jcr.query.MultiSessionQueryTest
Tests run: 1, Failures: 0, Errors: 0, Skipped: 0, Time elapsed: 0.209 sec
Running org.apache.jackrabbit.oak.jcr.query.FacetTest
Tests run: 6, Failures: 0, Errors: 0, Skipped: 0, Time elapsed: 5.496 sec
Running org.apache.jackrabbit.oak.jcr.query.SpellcheckTest
Tests run: 3, Failures: 0, Errors: 0, Skipped: 0, Time elapsed: 2.409 sec
Running org.apache.jackrabbit.oak.jcr.query.TextExtractionQueryTest
Tests run: 3, Failures: 0, Errors: 0, Skipped: 0, Time elapsed: 2.617 sec
Running org.apache.jackrabbit.oak.jcr.query.QueryFulltextTest
Tests run: 5, Failures: 0, Errors: 0, Skipped: 0, Time elapsed: 3.996 sec
Running org.apache.jackrabbit.oak.plugins.index.lucene.LuceneIndexQueryTest
Tests run: 21, Failures: 0, Errors: 0, Skipped: 2, Time elapsed: 10.227 sec
Running org.apache.jackrabbit.oak.plugins.index.lucene.LuceneIndexExclusionQueryTest
Tests run: 2, Failures: 0, Errors: 0, Skipped: 0, Time elapsed: 0.231 sec
Running org.apache.jackrabbit.oak.plugins.index.lucene.LuceneIndexLookupTest
Tests run: 2, Failures: 0, Errors: 0, Skipped: 0, Time elapsed: 0 sec
Running org.apache.jackrabbit.oak.plugins.index.lucene.LuceneIndexProviderServiceTest
Tests run: 7, Failures: 0, Errors: 0, Skipped: 0, Time elapsed: 0.148 sec
Running org.apache.jackrabbit.oak.plugins.index.lucene.IndexPlannerTest
Tests run: 25, Failures: 0, Errors: 0, Skipped: 0, Time elapsed: 0.087 sec
Running org.apache.jackrabbit.oak.plugins.index.lucene.LuceneIndexSuggestionTest
Tests run: 7, Failures: 0, Errors: 0, Skipped: 0, Time elapsed: 0.797 sec
Running org.apache.jackrabbit.oak.plugins.index.lucene.IndexCopierTest
Tests run: 22, Failures: 0, Errors: 0, Skipped: 0, Time elapsed: 0.18 sec
Running org.apache.jackrabbit.oak.plugins.index.lucene.IndexDefinitionTest
Tests run: 44, Failures: 0, Errors: 0, Skipped: 0, Time elapsed: 0.079 sec
Running org.apache.jackrabbit.oak.plugins.index.lucene.LuceneIndexAugmentTest
Tests run: 9, Failures: 0, Errors: 0, Skipped: 0, Time elapsed: 0.797 sec
Running org.apache.jackrabbit.oak.plugins.index.lucene.OakDirectoryTest
Tests run: 7, Failures: 0, Errors: 0, Skipped: 0, Time elapsed: 0.082 sec
Running org.apache.jackrabbit.oak.plugins.index.lucene.AggregateTest
Tests run: 19, Failures: 0, Errors: 0, Skipped: 0, Time elapsed: 0.012 sec
Running org.apache.jackrabbit.oak.plugins.index.lucene.LuceneIndexEditorTest
Tests run: 9, Failures: 0, Errors: 0, Skipped: 1, Time elapsed: 0.445 sec
Running org.apache.jackrabbit.oak.plugins.index.lucene.LuceneBlobCacheTest
Tests run: 1, Failures: 0, Errors: 0, Skipped: 0, Time elapsed: 0.562 sec
Running org.apache.jackrabbit.oak.plugins.index.lucene.ExtractedTextCacheTest
Tests run: 4, Failures: 0, Errors: 0, Skipped: 0, Time elapsed: 0.005 sec
Running org.apache.jackrabbit.oak.plugins.index.lucene.LuceneIndexTest
Tests run: 19, Failures: 0, Errors: 0, Skipped: 0, Time elapsed: 0.865 sec
Running org.apache.jackrabbit.oak.plugins.index.lucene.LucenePropertyIndexTest
Tests run: 66, Failures: 0, Errors: 0, Skipped: 0, Time elapsed: 31.396 sec
Running org.apache.jackrabbit.oak.plugins.index.lucene.NodeStateAnalyzerFactoryTest
Tests run: 7, Failures: 1, Errors: 0, Skipped: 0, Time elapsed: 0.038 sec <<< FAILURE!
nodeStateAsMap(org.apache.jackrabbit.oak.plugins.index.lucene.NodeStateAnalyzerFactoryTest)  Time elapsed: 0.008 sec  <<< FAILURE!
java.lang.AssertionError: expected null, but was:<hiddenValue>
	at org.junit.Assert.fail(Assert.java:88)
	at org.junit.Assert.failNotNull(Assert.java:755)
	at org.junit.Assert.assertNull(Assert.java:737)
	at org.junit.Assert.assertNull(Assert.java:747)
	at org.apache.jackrabbit.oak.plugins.index.lucene.NodeStateAnalyzerFactoryTest.nodeStateAsMap(NodeStateAnalyzerFactoryTest.java:191)
	at sun.reflect.NativeMethodAccessorImpl.invoke0(Native Method)
	at sun.reflect.NativeMethodAccessorImpl.invoke(NativeMethodAccessorImpl.java:62)
	at sun.reflect.DelegatingMethodAccessorImpl.invoke(DelegatingMethodAccessorImpl.java:43)
	at java.lang.reflect.Method.invoke(Method.java:498)
	at org.junit.runners.model.FrameworkMethod$1.runReflectiveCall(FrameworkMethod.java:50)
	at org.junit.internal.runners.model.ReflectiveCallable.run(ReflectiveCallable.java:12)
	at org.junit.runners.model.FrameworkMethod.invokeExplosively(FrameworkMethod.java:47)
	at org.junit.internal.runners.statements.InvokeMethod.evaluate(InvokeMethod.java:17)
	at org.junit.runners.ParentRunner.runLeaf(ParentRunner.java:325)
	at org.junit.runners.BlockJUnit4ClassRunner.runChild(BlockJUnit4ClassRunner.java:78)
	at org.junit.runners.BlockJUnit4ClassRunner.runChild(BlockJUnit4ClassRunner.java:57)
	at org.junit.runners.ParentRunner$3.run(ParentRunner.java:290)
	at org.junit.runners.ParentRunner$1.schedule(ParentRunner.java:71)
	at org.junit.runners.ParentRunner.runChildren(ParentRunner.java:288)
	at org.junit.runners.ParentRunner.access$000(ParentRunner.java:58)
	at org.junit.runners.ParentRunner$2.evaluate(ParentRunner.java:268)
	at org.junit.runners.ParentRunner.run(ParentRunner.java:363)
	at org.apache.maven.surefire.junit4.JUnit4Provider.execute(JUnit4Provider.java:252)
	at org.apache.maven.surefire.junit4.JUnit4Provider.executeTestSet(JUnit4Provider.java:141)
	at org.apache.maven.surefire.junit4.JUnit4Provider.invoke(JUnit4Provider.java:112)
	at sun.reflect.NativeMethodAccessorImpl.invoke0(Native Method)
	at sun.reflect.NativeMethodAccessorImpl.invoke(NativeMethodAccessorImpl.java:62)
	at sun.reflect.DelegatingMethodAccessorImpl.invoke(DelegatingMethodAccessorImpl.java:43)
	at java.lang.reflect.Method.invoke(Method.java:498)
	at org.apache.maven.surefire.util.ReflectionUtils.invokeMethodWithArray(ReflectionUtils.java:189)
	at org.apache.maven.surefire.booter.ProviderFactory$ProviderProxy.invoke(ProviderFactory.java:165)
	at org.apache.maven.surefire.booter.ProviderFactory.invokeProvider(ProviderFactory.java:85)
	at org.apache.maven.surefire.booter.ForkedBooter.runSuitesInProcess(ForkedBooter.java:115)
	at org.apache.maven.surefire.booter.ForkedBooter.main(ForkedBooter.java:75)

Running org.apache.jackrabbit.oak.plugins.index.lucene.IndexAugmentorFactoryTest
Tests run: 2, Failures: 0, Errors: 0, Skipped: 0, Time elapsed: 0 sec
Running org.apache.jackrabbit.oak.plugins.index.lucene.LuceneIndexAggregationTest
Tests run: 11, Failures: 0, Errors: 0, Skipped: 0, Time elapsed: 4.235 sec

Results :

Failed tests:   nodeStateAsMap(org.apache.jackrabbit.oak.plugins.index.lucene.NodeStateAnalyzerFactoryTest): expected null, but was:<hiddenValue>

Tests run: 308, Failures: 1, Errors: 0, Skipped: 3

[INFO] ------------------------------------------------------------------------
[INFO] BUILD FAILURE
[INFO] ------------------------------------------------------------------------
[INFO] Total time: 01:18 min
[INFO] Finished at: 2022-07-14T11:23:57-07:00
[INFO] ------------------------------------------------------------------------
[ERROR] Failed to execute goal org.apache.maven.plugins:maven-surefire-plugin:2.12.4:test (default-test) on project oak-lucene: There are test failures.
[ERROR] 
[ERROR] Please refer to /data-depot/user/Workspace/Reproducibility/Reproducibility-Scanner/benchmarks/bugs-dot-jar/jackrabbit-oak/oak-lucene/target/surefire-reports for the individual test results.
[ERROR] -> [Help 1]
[ERROR] 
[ERROR] To see the full stack trace of the errors, re-run Maven with the -e switch.
[ERROR] Re-run Maven using the -X switch to enable full debug logging.
[ERROR] 
[ERROR] For more information about the errors and possible solutions, please read the following articles:
[ERROR] [Help 1] http://cwiki.apache.org/confluence/display/MAVEN/MojoFailureException