[INFO] Scanning for projects...
[INFO] ------------------------------------------------------------------------
[INFO] Reactor Build Order:
[INFO] 
[INFO] Wicket Parent                                                      [pom]
[INFO] Wicket Util                                                        [jar]
[INFO] Wicket Request                                                     [jar]
[INFO] Wicket Core                                                        [jar]
[INFO] Wicket                                                             [pom]
[INFO] Wicket Date/Time                                                   [jar]
[INFO] Wicket Extensions                                                  [jar]
[INFO] Wicket Development Utilities                                       [jar]
[INFO] Wicket IoC common code                                             [jar]
[INFO] Wicket CDI Integration                                             [jar]
[INFO] Wicket Spring Integration                                          [jar]
[INFO] Wicket Velocity                                                    [jar]
[INFO] Wicket Auth Roles                                                  [jar]
[INFO] Wicket Guice Integration                                           [jar]
[INFO] Wicket JMX                                                         [jar]
[INFO] Wicket Objects Sizeof Agent                                        [jar]
[INFO] Wicket-Experimental                                                [pom]
[INFO] Wicket-Atmosphere                                                  [jar]
[INFO] Wicket Bean Validation                                             [jar]
[INFO] Wicket CDI 1.1                                                     [pom]
[INFO] Wicket CDI 1.1 Core                                                [jar]
[INFO] Wicket CDI 1.1 Weld                                                [jar]
[INFO] Wicket Examples                                                    [war]
[INFO] Wicket Native WebSocket Parent                                     [pom]
[INFO] Wicket Native WebSocket Core                                       [jar]
[INFO] Wicket Native WebSocket Jetty                                      [jar]
[INFO] Wicket Native WebSocket Jetty 9                                    [jar]
[INFO] Wicket Native WebSocket Tomcat 7.x                                 [jar]
[INFO] Wicket Bootstrap                                                   [jar]
[INFO] Wicket Examples Parent                                             [pom]
[INFO] Wicket Examples Jar                                                [jar]
[INFO] Wicket Examples War                                                [war]
[INFO] Wicket Quickstart Archetype                            [maven-archetype]
[INFO] Wicket Common Tests                                                [jar]
[INFO] 
[INFO] ------------------< org.apache.wicket:wicket-parent >-------------------
[INFO] Building Wicket Parent 7.0.0-SNAPSHOT                             [1/34]
[INFO] --------------------------------[ pom ]---------------------------------
[INFO] 
[INFO] --- maven-remote-resources-plugin:1.4:process (default) @ wicket-parent ---
[INFO] 
[INFO] >>> clirr-maven-plugin:2.5:check (clirr-check) > compile @ wicket-parent >>>
[INFO] 
[INFO] --- maven-remote-resources-plugin:1.4:process (default) @ wicket-parent ---
[INFO] 
[INFO] <<< clirr-maven-plugin:2.5:check (clirr-check) < compile @ wicket-parent <<<
[INFO] 
[INFO] 
[INFO] --- clirr-maven-plugin:2.5:check (clirr-check) @ wicket-parent ---
[INFO] Skipping execution
[INFO] 
[INFO] --- maven-bundle-plugin:2.3.7:manifest (bundle-manifest) @ wicket-parent ---
[WARNING] Ignoring project type pom - supportedProjectTypes = [jar, bundle]
[INFO] 
[INFO] >>> maven-source-plugin:2.2.1:jar (attach-sources) > generate-sources @ wicket-parent >>>
[INFO] 
[INFO] <<< maven-source-plugin:2.2.1:jar (attach-sources) < generate-sources @ wicket-parent <<<
[INFO] 
[INFO] 
[INFO] --- maven-source-plugin:2.2.1:jar (attach-sources) @ wicket-parent ---
[INFO] 
[INFO] >>> maven-source-plugin:2.2.1:test-jar (attach-sources) > generate-sources @ wicket-parent >>>
[INFO] 
[INFO] <<< maven-source-plugin:2.2.1:test-jar (attach-sources) < generate-sources @ wicket-parent <<<
[INFO] 
[INFO] 
[INFO] --- maven-source-plugin:2.2.1:test-jar (attach-sources) @ wicket-parent ---
[INFO] 
[INFO] --- maven-site-plugin:3.2:attach-descriptor (attach-descriptor) @ wicket-parent ---
[INFO] 
[INFO] --- maven-javadoc-plugin:2.8.1:jar (attach-javadocs) @ wicket-parent ---
[INFO] Not executing Javadoc as the project is not a Java classpath-capable package
[INFO] 
[INFO] --- maven-install-plugin:2.4:install (default-install) @ wicket-parent ---
[INFO] Installing /data-depot/user/Workspace/Reproducibility/Reproducibility-Scanner/benchmarks/bugs-dot-jar/wicket/pom.xml to /home/user/.m2/repository/org/apache/wicket/wicket-parent/7.0.0-SNAPSHOT/wicket-parent-7.0.0-SNAPSHOT.pom
[INFO] 
[INFO] -------------------< org.apache.wicket:wicket-util >--------------------
[INFO] Building Wicket Util 7.0.0-SNAPSHOT                               [2/34]
[INFO] --------------------------------[ jar ]---------------------------------
[INFO] 
[INFO] --- maven-remote-resources-plugin:1.4:process (default) @ wicket-util ---
[INFO] 
[INFO] --- maven-resources-plugin:2.6:resources (default-resources) @ wicket-util ---
[INFO] Using 'UTF-8' encoding to copy filtered resources.
[INFO] Copying 11 resources
[INFO] skip non existing resourceDirectory /data-depot/user/Workspace/Reproducibility/Reproducibility-Scanner/benchmarks/bugs-dot-jar/wicket/wicket-util/src/main/resources
[INFO] Copying 3 resources
[INFO] 
[INFO] --- maven-compiler-plugin:3.1:compile (default-compile) @ wicket-util ---
[INFO] Changes detected - recompiling the module!
[INFO] Compiling 218 source files to /data-depot/user/Workspace/Reproducibility/Reproducibility-Scanner/benchmarks/bugs-dot-jar/wicket/wicket-util/target/classes
[INFO] -------------------------------------------------------------
[WARNING] COMPILATION WARNING : 
[INFO] -------------------------------------------------------------
[WARNING] bootstrap class path not set in conjunction with -source 1.7
[WARNING] /data-depot/user/Workspace/Reproducibility/Reproducibility-Scanner/benchmarks/bugs-dot-jar/wicket/wicket-util/src/main/java/org/apache/wicket/util/string/StringValue.java: /data-depot/user/Workspace/Reproducibility/Reproducibility-Scanner/benchmarks/bugs-dot-jar/wicket/wicket-util/src/main/java/org/apache/wicket/util/string/StringValue.java uses unchecked or unsafe operations.
[WARNING] /data-depot/user/Workspace/Reproducibility/Reproducibility-Scanner/benchmarks/bugs-dot-jar/wicket/wicket-util/src/main/java/org/apache/wicket/util/string/StringValue.java: Recompile with -Xlint:unchecked for details.
[INFO] 3 warnings 
[INFO] -------------------------------------------------------------
[INFO] -------------------------------------------------------------
[ERROR] COMPILATION ERROR : 
[INFO] -------------------------------------------------------------
[ERROR] /data-depot/user/Workspace/Reproducibility/Reproducibility-Scanner/benchmarks/bugs-dot-jar/wicket/wicket-util/src/main/java/org/apache/wicket/util/value/ValueMap.java:[792,35] incompatible types: inference variable T has incompatible upper bounds java.lang.Enum<T>,T
[INFO] 1 error
[INFO] -------------------------------------------------------------
[INFO] 
[INFO] ------------------< org.apache.wicket:wicket-request >------------------
[INFO] Building Wicket Request 7.0.0-SNAPSHOT                            [3/34]
[INFO] --------------------------------[ jar ]---------------------------------
[INFO] 
[INFO] --- maven-remote-resources-plugin:1.4:process (default) @ wicket-request ---
[INFO] 
[INFO] --- maven-resources-plugin:2.6:resources (default-resources) @ wicket-request ---
[INFO] Using 'UTF-8' encoding to copy filtered resources.
[INFO] Copying 1 resource
[INFO] skip non existing resourceDirectory /data-depot/user/Workspace/Reproducibility/Reproducibility-Scanner/benchmarks/bugs-dot-jar/wicket/wicket-request/src/main/resources
[INFO] Copying 3 resources
[INFO] 
[INFO] --- maven-compiler-plugin:3.1:compile (default-compile) @ wicket-request ---
[INFO] Changes detected - recompiling the module!
[INFO] Compiling 50 source files to /data-depot/user/Workspace/Reproducibility/Reproducibility-Scanner/benchmarks/bugs-dot-jar/wicket/wicket-request/target/classes
[WARNING] bootstrap class path not set in conjunction with -source 1.7
[INFO] 
[INFO] >>> clirr-maven-plugin:2.5:check (clirr-check) > compile @ wicket-request >>>
[INFO] 
[INFO] --- maven-remote-resources-plugin:1.4:process (default) @ wicket-request ---
[INFO] 
[INFO] --- maven-resources-plugin:2.6:resources (default-resources) @ wicket-request ---
[INFO] Using 'UTF-8' encoding to copy filtered resources.
[INFO] Copying 1 resource
[INFO] skip non existing resourceDirectory /data-depot/user/Workspace/Reproducibility/Reproducibility-Scanner/benchmarks/bugs-dot-jar/wicket/wicket-request/src/main/resources
[INFO] Copying 3 resources
[INFO] Copying 3 resources
[INFO] 
[INFO] --- maven-compiler-plugin:3.1:compile (default-compile) @ wicket-request ---
[INFO] Nothing to compile - all classes are up to date
[INFO] 
[INFO] <<< clirr-maven-plugin:2.5:check (clirr-check) < compile @ wicket-request <<<
[INFO] 
[INFO] 
[INFO] --- clirr-maven-plugin:2.5:check (clirr-check) @ wicket-request ---
[INFO] Skipping execution
[INFO] 
[INFO] --- maven-bundle-plugin:2.3.7:manifest (bundle-manifest) @ wicket-request ---
[INFO] 
[INFO] --- maven-resources-plugin:2.6:testResources (default-testResources) @ wicket-request ---
[INFO] Using 'UTF-8' encoding to copy filtered resources.
[INFO] Copying 1 resource
[INFO] Copying 3 resources
[INFO] 
[INFO] --- maven-compiler-plugin:3.1:testCompile (default-testCompile) @ wicket-request ---
[INFO] Changes detected - recompiling the module!
[INFO] Compiling 11 source files to /data-depot/user/Workspace/Reproducibility/Reproducibility-Scanner/benchmarks/bugs-dot-jar/wicket/wicket-request/target/test-classes
[WARNING] bootstrap class path not set in conjunction with -source 1.7
[INFO] 
[INFO] --- maven-surefire-plugin:2.12.2:test (default-test) @ wicket-request ---
[INFO] Tests are skipped.
[INFO] 
[INFO] --- maven-jar-plugin:2.4:jar (default-jar) @ wicket-request ---
[INFO] Adding existing MANIFEST to archive. Found under: /data-depot/user/Workspace/Reproducibility/Reproducibility-Scanner/benchmarks/bugs-dot-jar/wicket/wicket-request/target/classes/META-INF/MANIFEST.MF
[INFO] Building jar: /data-depot/user/Workspace/Reproducibility/Reproducibility-Scanner/benchmarks/bugs-dot-jar/wicket/wicket-request/target/wicket-request-7.0.0-SNAPSHOT.jar
[INFO] 
[INFO] >>> maven-source-plugin:2.2.1:jar (attach-sources) > generate-sources @ wicket-request >>>
[INFO] 
[INFO] <<< maven-source-plugin:2.2.1:jar (attach-sources) < generate-sources @ wicket-request <<<
[INFO] 
[INFO] 
[INFO] --- maven-source-plugin:2.2.1:jar (attach-sources) @ wicket-request ---
[INFO] Building jar: /data-depot/user/Workspace/Reproducibility/Reproducibility-Scanner/benchmarks/bugs-dot-jar/wicket/wicket-request/target/wicket-request-7.0.0-SNAPSHOT-sources.jar
[INFO] 
[INFO] >>> maven-source-plugin:2.2.1:test-jar (attach-sources) > generate-sources @ wicket-request >>>
[INFO] 
[INFO] <<< maven-source-plugin:2.2.1:test-jar (attach-sources) < generate-sources @ wicket-request <<<
[INFO] 
[INFO] 
[INFO] --- maven-source-plugin:2.2.1:test-jar (attach-sources) @ wicket-request ---
[INFO] Building jar: /data-depot/user/Workspace/Reproducibility/Reproducibility-Scanner/benchmarks/bugs-dot-jar/wicket/wicket-request/target/wicket-request-7.0.0-SNAPSHOT-test-sources.jar
[INFO] 
[INFO] --- maven-site-plugin:3.2:attach-descriptor (attach-descriptor) @ wicket-request ---
[INFO] 
[INFO] --- maven-javadoc-plugin:2.8.1:jar (attach-javadocs) @ wicket-request ---
[INFO] The goal 'org.apache.maven.plugins:maven-javadoc-plugin:2.8.1:javadoc' has not been previously called for the module: 'org.apache.wicket:wicket-util:jar:7.0.0-SNAPSHOT'. Trying to invoke it...
[WARNING] Creating fake javadoc directory to prevent repeated invocations: /data-depot/user/Workspace/Reproducibility/Reproducibility-Scanner/benchmarks/bugs-dot-jar/wicket/wicket-util/target/apidocs
[ERROR] Error fetching link: /data-depot/user/Workspace/Reproducibility/Reproducibility-Scanner/benchmarks/bugs-dot-jar/wicket/wicket-util/target/apidocs/package-list. Ignored it.
[INFO] 
3 warnings
[WARNING] Javadoc Warnings
[WARNING] /data-depot/user/Workspace/Reproducibility/Reproducibility-Scanner/benchmarks/bugs-dot-jar/wicket/wicket-request/src/main/java/org/apache/wicket/request/flow/RedirectToUrlException.java:33: warning - Tag @link: reference not found: RestartResponseException
[WARNING] /data-depot/user/Workspace/Reproducibility/Reproducibility-Scanner/benchmarks/bugs-dot-jar/wicket/wicket-request/src/main/java/org/apache/wicket/request/flow/RedirectToUrlException.java:33: warning - Tag @see: reference not found: RestartResponseException
[WARNING] /data-depot/user/Workspace/Reproducibility/Reproducibility-Scanner/benchmarks/bugs-dot-jar/wicket/wicket-request/src/main/java/org/apache/wicket/request/flow/RedirectToUrlException.java:33: warning - Tag @see: reference not found: RestartResponseAtInterceptPageException
[INFO] Building jar: /data-depot/user/Workspace/Reproducibility/Reproducibility-Scanner/benchmarks/bugs-dot-jar/wicket/wicket-request/target/wicket-request-7.0.0-SNAPSHOT-javadoc.jar
[INFO] 
[INFO] --- maven-install-plugin:2.4:install (default-install) @ wicket-request ---
[INFO] Installing /data-depot/user/Workspace/Reproducibility/Reproducibility-Scanner/benchmarks/bugs-dot-jar/wicket/wicket-request/target/wicket-request-7.0.0-SNAPSHOT.jar to /home/user/.m2/repository/org/apache/wicket/wicket-request/7.0.0-SNAPSHOT/wicket-request-7.0.0-SNAPSHOT.jar
[INFO] Installing /data-depot/user/Workspace/Reproducibility/Reproducibility-Scanner/benchmarks/bugs-dot-jar/wicket/wicket-request/pom.xml to /home/user/.m2/repository/org/apache/wicket/wicket-request/7.0.0-SNAPSHOT/wicket-request-7.0.0-SNAPSHOT.pom
[INFO] Installing /data-depot/user/Workspace/Reproducibility/Reproducibility-Scanner/benchmarks/bugs-dot-jar/wicket/wicket-request/target/wicket-request-7.0.0-SNAPSHOT-sources.jar to /home/user/.m2/repository/org/apache/wicket/wicket-request/7.0.0-SNAPSHOT/wicket-request-7.0.0-SNAPSHOT-sources.jar
[INFO] Installing /data-depot/user/Workspace/Reproducibility/Reproducibility-Scanner/benchmarks/bugs-dot-jar/wicket/wicket-request/target/wicket-request-7.0.0-SNAPSHOT-test-sources.jar to /home/user/.m2/repository/org/apache/wicket/wicket-request/7.0.0-SNAPSHOT/wicket-request-7.0.0-SNAPSHOT-test-sources.jar
[INFO] Installing /data-depot/user/Workspace/Reproducibility/Reproducibility-Scanner/benchmarks/bugs-dot-jar/wicket/wicket-request/target/wicket-request-7.0.0-SNAPSHOT-javadoc.jar to /home/user/.m2/repository/org/apache/wicket/wicket-request/7.0.0-SNAPSHOT/wicket-request-7.0.0-SNAPSHOT-javadoc.jar
[INFO] 
[INFO] -------------------< org.apache.wicket:wicket-core >--------------------
[INFO] Building Wicket Core 7.0.0-SNAPSHOT                               [4/34]
[INFO] --------------------------------[ jar ]---------------------------------
[INFO] 
[INFO] --- maven-remote-resources-plugin:1.4:process (default) @ wicket-core ---
[INFO] 
[INFO] --- maven-resources-plugin:2.6:resources (default-resources) @ wicket-core ---
[INFO] Using 'UTF-8' encoding to copy filtered resources.
[INFO] Copying 67 resources
[INFO] Copying 1 resource
[INFO] Copying 3 resources
[INFO] 
[INFO] --- yuicompressor-maven-plugin:1.3.2:compress (default) @ wicket-core ---
[INFO] AjaxFormChoiceComponentUpdatingBehavior.js (1878b) -> AjaxFormChoiceComponentUpdatingBehavior.min.js (411b)[21%]
[INFO] wicket-ajax-jquery.js (79429b) -> wicket-ajax-jquery.min.js (40178b)[50%]
[INFO] wicket-event-jquery.js (6038b) -> wicket-event-jquery.min.js (2548b)[42%]
[INFO] wicket-ajax-jquery-debug.js (9038b) -> wicket-ajax-jquery-debug.min.js (6126b)[67%]
[INFO] CheckSelector.js (4963b) -> CheckSelector.min.js (1103b)[22%]
[INFO] MultiFileUploadField.js (5810b) -> MultiFileUploadField.min.js (1963b)[33%]
[INFO] total input (107156b) -> output (52329b)[48%]
[INFO] nb warnings: 0, nb errors: 0
[INFO] 
[INFO] --- maven-compiler-plugin:3.1:compile (default-compile) @ wicket-core ---
[INFO] Changes detected - recompiling the module!
[INFO] Compiling 783 source files to /data-depot/user/Workspace/Reproducibility/Reproducibility-Scanner/benchmarks/bugs-dot-jar/wicket/wicket-core/target/classes
[INFO] -------------------------------------------------------------
[WARNING] COMPILATION WARNING : 
[INFO] -------------------------------------------------------------
[WARNING] bootstrap class path not set in conjunction with -source 1.7
[WARNING] /data-depot/user/Workspace/Reproducibility/Reproducibility-Scanner/benchmarks/bugs-dot-jar/wicket/wicket-core/src/main/java/org/apache/wicket/protocol/http/mock/MockHttpServletRequest.java: Some input files use or override a deprecated API.
[WARNING] /data-depot/user/Workspace/Reproducibility/Reproducibility-Scanner/benchmarks/bugs-dot-jar/wicket/wicket-core/src/main/java/org/apache/wicket/protocol/http/mock/MockHttpServletRequest.java: Recompile with -Xlint:deprecation for details.
[WARNING] /data-depot/user/Workspace/Reproducibility/Reproducibility-Scanner/benchmarks/bugs-dot-jar/wicket/wicket-core/src/main/java/org/apache/wicket/ajax/json/XMLTokener.java: Some input files use unchecked or unsafe operations.
[WARNING] /data-depot/user/Workspace/Reproducibility/Reproducibility-Scanner/benchmarks/bugs-dot-jar/wicket/wicket-core/src/main/java/org/apache/wicket/ajax/json/XMLTokener.java: Recompile with -Xlint:unchecked for details.
[INFO] 5 warnings 
[INFO] -------------------------------------------------------------
[INFO] -------------------------------------------------------------
[ERROR] COMPILATION ERROR : 
[INFO] -------------------------------------------------------------
[ERROR] /data-depot/user/Workspace/Reproducibility/Reproducibility-Scanner/benchmarks/bugs-dot-jar/wicket/wicket-core/src/main/java/org/apache/wicket/Component.java:[90,36] cannot find symbol
  symbol:   class AllVisitFilter
  location: package org.apache.wicket.util.visit
[ERROR] /data-depot/user/Workspace/Reproducibility/Reproducibility-Scanner/benchmarks/bugs-dot-jar/wicket/wicket-core/src/main/java/org/apache/wicket/markup/html/form/Form.java:[63,52] package org.apache.wicket.util.upload.FileUploadBase does not exist
[ERROR] /data-depot/user/Workspace/Reproducibility/Reproducibility-Scanner/benchmarks/bugs-dot-jar/wicket/wicket-core/src/main/java/org/apache/wicket/markup/html/form/Form.java:[64,37] package org.apache.wicket.util.upload does not exist
[ERROR] /data-depot/user/Workspace/Reproducibility/Reproducibility-Scanner/benchmarks/bugs-dot-jar/wicket/wicket-core/src/main/java/org/apache/wicket/markup/html/form/Form.java:[1393,52] cannot find symbol
  symbol:   class FileUploadException
  location: class org.apache.wicket.markup.html.form.Form<T>
[ERROR] /data-depot/user/Workspace/Reproducibility/Reproducibility-Scanner/benchmarks/bugs-dot-jar/wicket/wicket-core/src/main/java/org/apache/wicket/protocol/http/IMultipartWebRequest.java:[22,37] package org.apache.wicket.util.upload does not exist
[ERROR] /data-depot/user/Workspace/Reproducibility/Reproducibility-Scanner/benchmarks/bugs-dot-jar/wicket/wicket-core/src/main/java/org/apache/wicket/protocol/http/IMultipartWebRequest.java:[35,33] cannot find symbol
  symbol:   class FileItem
  location: interface org.apache.wicket.protocol.http.IMultipartWebRequest
[ERROR] /data-depot/user/Workspace/Reproducibility/Reproducibility-Scanner/benchmarks/bugs-dot-jar/wicket/wicket-core/src/main/java/org/apache/wicket/protocol/http/IMultipartWebRequest.java:[44,21] cannot find symbol
  symbol:   class FileItem
  location: interface org.apache.wicket.protocol.http.IMultipartWebRequest
[ERROR] /data-depot/user/Workspace/Reproducibility/Reproducibility-Scanner/benchmarks/bugs-dot-jar/wicket/wicket-core/src/main/java/org/apache/wicket/protocol/http/mock/MockHttpServletRequest.java:[69,37] package org.apache.wicket.util.upload does not exist
[ERROR] /data-depot/user/Workspace/Reproducibility/Reproducibility-Scanner/benchmarks/bugs-dot-jar/wicket/wicket-core/src/main/java/org/apache/wicket/protocol/http/servlet/ServletWebRequest.java:[47,37] package org.apache.wicket.util.upload does not exist
[ERROR] /data-depot/user/Workspace/Reproducibility/Reproducibility-Scanner/benchmarks/bugs-dot-jar/wicket/wicket-core/src/main/java/org/apache/wicket/protocol/http/servlet/ServletWebRequest.java:[48,37] package org.apache.wicket.util.upload does not exist
[ERROR] /data-depot/user/Workspace/Reproducibility/Reproducibility-Scanner/benchmarks/bugs-dot-jar/wicket/wicket-core/src/main/java/org/apache/wicket/protocol/http/servlet/MultipartServletWebRequest.java:[27,37] package org.apache.wicket.util.upload does not exist
[ERROR] /data-depot/user/Workspace/Reproducibility/Reproducibility-Scanner/benchmarks/bugs-dot-jar/wicket/wicket-core/src/main/java/org/apache/wicket/protocol/http/servlet/ServletWebRequest.java:[429,24] cannot find symbol
  symbol:   class FileUploadException
  location: class org.apache.wicket.protocol.http.servlet.ServletWebRequest
[ERROR] /data-depot/user/Workspace/Reproducibility/Reproducibility-Scanner/benchmarks/bugs-dot-jar/wicket/wicket-core/src/main/java/org/apache/wicket/protocol/http/servlet/ServletWebRequest.java:[446,17] cannot find symbol
  symbol:   class FileItemFactory
  location: class org.apache.wicket.protocol.http.servlet.ServletWebRequest
[ERROR] /data-depot/user/Workspace/Reproducibility/Reproducibility-Scanner/benchmarks/bugs-dot-jar/wicket/wicket-core/src/main/java/org/apache/wicket/protocol/http/servlet/ServletWebRequest.java:[446,49] cannot find symbol
  symbol:   class FileUploadException
  location: class org.apache.wicket.protocol.http.servlet.ServletWebRequest
[ERROR] /data-depot/user/Workspace/Reproducibility/Reproducibility-Scanner/benchmarks/bugs-dot-jar/wicket/wicket-core/src/main/java/org/apache/wicket/markup/html/form/upload/MultiFileUploadField.java:[45,37] package org.apache.wicket.util.upload does not exist
[ERROR] /data-depot/user/Workspace/Reproducibility/Reproducibility-Scanner/benchmarks/bugs-dot-jar/wicket/wicket-core/src/main/java/org/apache/wicket/markup/html/form/upload/FileUpload.java:[35,37] package org.apache.wicket.util.upload does not exist
[ERROR] /data-depot/user/Workspace/Reproducibility/Reproducibility-Scanner/benchmarks/bugs-dot-jar/wicket/wicket-core/src/main/java/org/apache/wicket/markup/html/form/upload/FileUpload.java:[48,23] cannot find symbol
  symbol:   class FileItem
  location: class org.apache.wicket.markup.html.form.upload.FileUpload
[ERROR] /data-depot/user/Workspace/Reproducibility/Reproducibility-Scanner/benchmarks/bugs-dot-jar/wicket/wicket-core/src/main/java/org/apache/wicket/markup/html/form/upload/FileUpload.java:[58,33] cannot find symbol
  symbol:   class FileItem
  location: class org.apache.wicket.markup.html.form.upload.FileUpload
[ERROR] /data-depot/user/Workspace/Reproducibility/Reproducibility-Scanner/benchmarks/bugs-dot-jar/wicket/wicket-core/src/main/java/org/apache/wicket/markup/html/form/upload/FileUploadField.java:[29,37] package org.apache.wicket.util.upload does not exist
[ERROR] /data-depot/user/Workspace/Reproducibility/Reproducibility-Scanner/benchmarks/bugs-dot-jar/wicket/wicket-core/src/main/java/org/apache/wicket/protocol/http/servlet/MultipartServletWebRequestImpl.java:[35,37] package org.apache.wicket.util.upload does not exist
[ERROR] /data-depot/user/Workspace/Reproducibility/Reproducibility-Scanner/benchmarks/bugs-dot-jar/wicket/wicket-core/src/main/java/org/apache/wicket/protocol/http/servlet/MultipartServletWebRequestImpl.java:[36,37] package org.apache.wicket.util.upload does not exist
[ERROR] /data-depot/user/Workspace/Reproducibility/Reproducibility-Scanner/benchmarks/bugs-dot-jar/wicket/wicket-core/src/main/java/org/apache/wicket/protocol/http/servlet/MultipartServletWebRequestImpl.java:[37,37] package org.apache.wicket.util.upload does not exist
[ERROR] /data-depot/user/Workspace/Reproducibility/Reproducibility-Scanner/benchmarks/bugs-dot-jar/wicket/wicket-core/src/main/java/org/apache/wicket/protocol/http/servlet/MultipartServletWebRequestImpl.java:[38,37] package org.apache.wicket.util.upload does not exist
[ERROR] /data-depot/user/Workspace/Reproducibility/Reproducibility-Scanner/benchmarks/bugs-dot-jar/wicket/wicket-core/src/main/java/org/apache/wicket/protocol/http/servlet/MultipartServletWebRequestImpl.java:[39,37] package org.apache.wicket.util.upload does not exist
[ERROR] /data-depot/user/Workspace/Reproducibility/Reproducibility-Scanner/benchmarks/bugs-dot-jar/wicket/wicket-core/src/main/java/org/apache/wicket/protocol/http/servlet/MultipartServletWebRequestImpl.java:[40,37] package org.apache.wicket.util.upload does not exist
[ERROR] /data-depot/user/Workspace/Reproducibility/Reproducibility-Scanner/benchmarks/bugs-dot-jar/wicket/wicket-core/src/main/java/org/apache/wicket/protocol/http/servlet/MultipartServletWebRequestImpl.java:[41,37] package org.apache.wicket.util.upload does not exist
[ERROR] /data-depot/user/Workspace/Reproducibility/Reproducibility-Scanner/benchmarks/bugs-dot-jar/wicket/wicket-core/src/main/java/org/apache/wicket/protocol/http/servlet/MultipartServletWebRequestImpl.java:[57,40] cannot find symbol
  symbol:   class FileItem
  location: class org.apache.wicket.protocol.http.servlet.MultipartServletWebRequestImpl
[ERROR] /data-depot/user/Workspace/Reproducibility/Reproducibility-Scanner/benchmarks/bugs-dot-jar/wicket/wicket-core/src/main/java/org/apache/wicket/protocol/http/servlet/MultipartServletWebRequestImpl.java:[89,54] cannot find symbol
  symbol:   class FileUploadException
  location: class org.apache.wicket.protocol.http.servlet.MultipartServletWebRequestImpl
[ERROR] /data-depot/user/Workspace/Reproducibility/Reproducibility-Scanner/benchmarks/bugs-dot-jar/wicket/wicket-core/src/main/java/org/apache/wicket/protocol/http/servlet/MultipartServletWebRequestImpl.java:[114,47] cannot find symbol
  symbol:   class FileItemFactory
  location: class org.apache.wicket.protocol.http.servlet.MultipartServletWebRequestImpl
[ERROR] /data-depot/user/Workspace/Reproducibility/Reproducibility-Scanner/benchmarks/bugs-dot-jar/wicket/wicket-core/src/main/java/org/apache/wicket/protocol/http/servlet/MultipartServletWebRequestImpl.java:[114,79] cannot find symbol
  symbol:   class FileUploadException
  location: class org.apache.wicket.protocol.http.servlet.MultipartServletWebRequestImpl
[ERROR] /data-depot/user/Workspace/Reproducibility/Reproducibility-Scanner/benchmarks/bugs-dot-jar/wicket/wicket-core/src/main/java/org/apache/wicket/protocol/http/servlet/MultipartServletWebRequestImpl.java:[259,33] cannot find symbol
  symbol:   class FileItem
  location: class org.apache.wicket.protocol.http.servlet.MultipartServletWebRequestImpl
[ERROR] /data-depot/user/Workspace/Reproducibility/Reproducibility-Scanner/benchmarks/bugs-dot-jar/wicket/wicket-core/src/main/java/org/apache/wicket/protocol/http/servlet/MultipartServletWebRequestImpl.java:[272,21] cannot find symbol
  symbol:   class FileItem
  location: class org.apache.wicket.protocol.http.servlet.MultipartServletWebRequestImpl
[ERROR] /data-depot/user/Workspace/Reproducibility/Reproducibility-Scanner/benchmarks/bugs-dot-jar/wicket/wicket-core/src/main/java/org/apache/wicket/protocol/http/servlet/MultipartServletWebRequestImpl.java:[409,24] cannot find symbol
  symbol:   class FileUploadException
  location: class org.apache.wicket.protocol.http.servlet.MultipartServletWebRequestImpl
[ERROR] /data-depot/user/Workspace/Reproducibility/Reproducibility-Scanner/benchmarks/bugs-dot-jar/wicket/wicket-core/src/main/java/org/apache/wicket/protocol/http/servlet/MultipartServletWebRequestImpl.java:[431,17] cannot find symbol
  symbol:   class FileItemFactory
  location: class org.apache.wicket.protocol.http.servlet.MultipartServletWebRequestImpl
[ERROR] /data-depot/user/Workspace/Reproducibility/Reproducibility-Scanner/benchmarks/bugs-dot-jar/wicket/wicket-core/src/main/java/org/apache/wicket/protocol/http/servlet/MultipartServletWebRequestImpl.java:[431,49] cannot find symbol
  symbol:   class FileUploadException
  location: class org.apache.wicket.protocol.http.servlet.MultipartServletWebRequestImpl
[ERROR] /data-depot/user/Workspace/Reproducibility/Reproducibility-Scanner/benchmarks/bugs-dot-jar/wicket/wicket-core/src/main/java/org/apache/wicket/Component.java:[3424,63] cannot find symbol
  symbol:   class AllVisitFilter
  location: class org.apache.wicket.Component
[ERROR] /data-depot/user/Workspace/Reproducibility/Reproducibility-Scanner/benchmarks/bugs-dot-jar/wicket/wicket-core/src/main/java/org/apache/wicket/markup/html/form/Form.java:[1367,38] cannot find symbol
  symbol:   class FileUploadException
  location: class org.apache.wicket.markup.html.form.Form<T>
[ERROR] /data-depot/user/Workspace/Reproducibility/Reproducibility-Scanner/benchmarks/bugs-dot-jar/wicket/wicket-core/src/main/java/org/apache/wicket/markup/html/form/Form.java:[1396,34] cannot find symbol
  symbol:   class SizeLimitExceededException
  location: class org.apache.wicket.markup.html.form.Form<T>
[ERROR] /data-depot/user/Workspace/Reproducibility/Reproducibility-Scanner/benchmarks/bugs-dot-jar/wicket/wicket-core/src/main/java/org/apache/wicket/protocol/http/mock/MockHttpServletRequest.java:[441,32] cannot find symbol
  symbol:   variable FileUploadBase
  location: class org.apache.wicket.protocol.http.mock.MockHttpServletRequest
[ERROR] /data-depot/user/Workspace/Reproducibility/Reproducibility-Scanner/benchmarks/bugs-dot-jar/wicket/wicket-core/src/main/java/org/apache/wicket/protocol/http/servlet/MultipartServletWebRequest.java:[69,37] cannot find symbol
  symbol: class FileItem
[ERROR] /data-depot/user/Workspace/Reproducibility/Reproducibility-Scanner/benchmarks/bugs-dot-jar/wicket/wicket-core/src/main/java/org/apache/wicket/protocol/http/servlet/MultipartServletWebRequest.java:[75,49] cannot find symbol
  symbol: class FileItem
[ERROR] /data-depot/user/Workspace/Reproducibility/Reproducibility-Scanner/benchmarks/bugs-dot-jar/wicket/wicket-core/src/main/java/org/apache/wicket/markup/html/form/upload/MultiFileUploadField.java:[255,56] cannot find symbol
  symbol:   class FileItem
  location: class org.apache.wicket.markup.html.form.upload.MultiFileUploadField
[ERROR] /data-depot/user/Workspace/Reproducibility/Reproducibility-Scanner/benchmarks/bugs-dot-jar/wicket/wicket-core/src/main/java/org/apache/wicket/markup/html/form/upload/MultiFileUploadField.java:[256,57] cannot find symbol
  symbol:   class FileItem
  location: class org.apache.wicket.markup.html.form.upload.MultiFileUploadField
[ERROR] /data-depot/user/Workspace/Reproducibility/Reproducibility-Scanner/benchmarks/bugs-dot-jar/wicket/wicket-core/src/main/java/org/apache/wicket/markup/html/form/upload/MultiFileUploadField.java:[261,52] cannot find symbol
  symbol:   class FileItem
  location: class org.apache.wicket.markup.html.form.upload.MultiFileUploadField
[ERROR] /data-depot/user/Workspace/Reproducibility/Reproducibility-Scanner/benchmarks/bugs-dot-jar/wicket/wicket-core/src/main/java/org/apache/wicket/markup/html/form/upload/MultiFileUploadField.java:[306,38] cannot find symbol
  symbol:   class FileItem
  location: class org.apache.wicket.markup.html.form.upload.MultiFileUploadField
[ERROR] /data-depot/user/Workspace/Reproducibility/Reproducibility-Scanner/benchmarks/bugs-dot-jar/wicket/wicket-core/src/main/java/org/apache/wicket/markup/html/form/upload/MultiFileUploadField.java:[307,38] cannot find symbol
  symbol:   class FileItem
  location: class org.apache.wicket.markup.html.form.upload.MultiFileUploadField
[ERROR] /data-depot/user/Workspace/Reproducibility/Reproducibility-Scanner/benchmarks/bugs-dot-jar/wicket/wicket-core/src/main/java/org/apache/wicket/markup/html/form/upload/FileUploadField.java:[105,36] cannot find symbol
  symbol:   class FileItem
  location: class org.apache.wicket.markup.html.form.upload.FileUploadField
[ERROR] /data-depot/user/Workspace/Reproducibility/Reproducibility-Scanner/benchmarks/bugs-dot-jar/wicket/wicket-core/src/main/java/org/apache/wicket/markup/html/form/upload/FileUploadField.java:[109,38] cannot find symbol
  symbol:   class FileItem
  location: class org.apache.wicket.markup.html.form.upload.FileUploadField
[ERROR] /data-depot/user/Workspace/Reproducibility/Reproducibility-Scanner/benchmarks/bugs-dot-jar/wicket/wicket-core/src/main/java/org/apache/wicket/protocol/http/servlet/MultipartServletWebRequestImpl.java:[91,66] cannot find symbol
  symbol:   class DiskFileItemFactory
  location: class org.apache.wicket.protocol.http.servlet.MultipartServletWebRequestImpl
[ERROR] /data-depot/user/Workspace/Reproducibility/Reproducibility-Scanner/benchmarks/bugs-dot-jar/wicket/wicket-core/src/main/java/org/apache/wicket/protocol/http/servlet/MultipartServletWebRequestImpl.java:[125,45] cannot find symbol
  symbol:   variable ServletFileUpload
  location: class org.apache.wicket.protocol.http.servlet.MultipartServletWebRequestImpl
[ERROR] /data-depot/user/Workspace/Reproducibility/Reproducibility-Scanner/benchmarks/bugs-dot-jar/wicket/wicket-core/src/main/java/org/apache/wicket/protocol/http/servlet/MultipartServletWebRequestImpl.java:[133,17] cannot find symbol
  symbol:   class ServletFileUpload
  location: class org.apache.wicket.protocol.http.servlet.MultipartServletWebRequestImpl
[ERROR] /data-depot/user/Workspace/Reproducibility/Reproducibility-Scanner/benchmarks/bugs-dot-jar/wicket/wicket-core/src/main/java/org/apache/wicket/protocol/http/servlet/MultipartServletWebRequestImpl.java:[133,52] cannot find symbol
  symbol:   class ServletFileUpload
  location: class org.apache.wicket.protocol.http.servlet.MultipartServletWebRequestImpl
[ERROR] /data-depot/user/Workspace/Reproducibility/Reproducibility-Scanner/benchmarks/bugs-dot-jar/wicket/wicket-core/src/main/java/org/apache/wicket/protocol/http/servlet/MultipartServletWebRequestImpl.java:[156,28] cannot find symbol
  symbol:   class FileItem
  location: class org.apache.wicket.protocol.http.servlet.MultipartServletWebRequestImpl
[ERROR] /data-depot/user/Workspace/Reproducibility/Reproducibility-Scanner/benchmarks/bugs-dot-jar/wicket/wicket-core/src/main/java/org/apache/wicket/protocol/http/servlet/MultipartServletWebRequestImpl.java:[160,25] cannot find symbol
  symbol:   class ServletRequestContext
  location: class org.apache.wicket.protocol.http.servlet.MultipartServletWebRequestImpl
[ERROR] /data-depot/user/Workspace/Reproducibility/Reproducibility-Scanner/benchmarks/bugs-dot-jar/wicket/wicket-core/src/main/java/org/apache/wicket/protocol/http/servlet/MultipartServletWebRequestImpl.java:[160,57] cannot find symbol
  symbol:   class ServletRequestContext
  location: class org.apache.wicket.protocol.http.servlet.MultipartServletWebRequestImpl
[ERROR] /data-depot/user/Workspace/Reproducibility/Reproducibility-Scanner/benchmarks/bugs-dot-jar/wicket/wicket-core/src/main/java/org/apache/wicket/protocol/http/servlet/MultipartServletWebRequestImpl.java:[186,28] cannot find symbol
  symbol:   class FileItem
  location: class org.apache.wicket.protocol.http.servlet.MultipartServletWebRequestImpl
[ERROR] /data-depot/user/Workspace/Reproducibility/Reproducibility-Scanner/benchmarks/bugs-dot-jar/wicket/wicket-core/src/main/java/org/apache/wicket/protocol/http/servlet/MultipartServletWebRequestImpl.java:[214,38] cannot find symbol
  symbol:   class FileItem
  location: class org.apache.wicket.protocol.http.servlet.MultipartServletWebRequestImpl
[ERROR] /data-depot/user/Workspace/Reproducibility/Reproducibility-Scanner/benchmarks/bugs-dot-jar/wicket/wicket-core/src/main/java/org/apache/wicket/protocol/http/servlet/MultipartServletWebRequestImpl.java:[411,45] cannot find symbol
  symbol:   class FileItem
  location: class org.apache.wicket.protocol.http.servlet.MultipartServletWebRequestImpl
[ERROR] /data-depot/user/Workspace/Reproducibility/Reproducibility-Scanner/benchmarks/bugs-dot-jar/wicket/wicket-core/src/main/java/org/apache/wicket/protocol/http/servlet/MultipartServletWebRequestImpl.java:[413,30] cannot find symbol
  symbol:   class FileItem
  location: class org.apache.wicket.protocol.http.servlet.MultipartServletWebRequestImpl
[ERROR] /data-depot/user/Workspace/Reproducibility/Reproducibility-Scanner/benchmarks/bugs-dot-jar/wicket/wicket-core/src/main/java/org/apache/wicket/protocol/http/servlet/MultipartServletWebRequestImpl.java:[414,30] cannot find symbol
  symbol:   class FileItem
  location: class org.apache.wicket.protocol.http.servlet.MultipartServletWebRequestImpl
[ERROR] /data-depot/user/Workspace/Reproducibility/Reproducibility-Scanner/benchmarks/bugs-dot-jar/wicket/wicket-core/src/main/java/org/apache/wicket/protocol/http/servlet/MultipartServletWebRequestImpl.java:[419,41] cannot find symbol
  symbol:   class FileUploadException
  location: class org.apache.wicket.protocol.http.servlet.MultipartServletWebRequestImpl
[ERROR] /data-depot/user/Workspace/Reproducibility/Reproducibility-Scanner/benchmarks/bugs-dot-jar/wicket/wicket-core/src/main/java/org/apache/wicket/protocol/http/servlet/MultipartServletWebRequestImpl.java:[419,87] package FileUploadBase does not exist
[INFO] 62 errors 
[INFO] -------------------------------------------------------------
[INFO] 
[INFO] ----------------------< org.apache.wicket:wicket >----------------------
[INFO] Building Wicket 7.0.0-SNAPSHOT                                    [5/34]
[INFO] --------------------------------[ pom ]---------------------------------
[INFO] 
[INFO] -----------------< org.apache.wicket:wicket-datetime >------------------
[INFO] Building Wicket Date/Time 7.0.0-SNAPSHOT                          [6/34]
[INFO] --------------------------------[ jar ]---------------------------------
[INFO] 
[INFO] ----------------< org.apache.wicket:wicket-extensions >-----------------
[INFO] Building Wicket Extensions 7.0.0-SNAPSHOT                         [7/34]
[INFO] --------------------------------[ jar ]---------------------------------
[INFO] 
[INFO] -----------------< org.apache.wicket:wicket-devutils >------------------
[INFO] Building Wicket Development Utilities 7.0.0-SNAPSHOT              [8/34]
[INFO] --------------------------------[ jar ]---------------------------------
[INFO] 
[INFO] --------------------< org.apache.wicket:wicket-ioc >--------------------
[INFO] Building Wicket IoC common code 7.0.0-SNAPSHOT                    [9/34]
[INFO] --------------------------------[ jar ]---------------------------------
[INFO] 
[INFO] --------------------< org.apache.wicket:wicket-cdi >--------------------
[INFO] Building Wicket CDI Integration 7.0.0-SNAPSHOT                   [10/34]
[INFO] --------------------------------[ jar ]---------------------------------
[INFO] 
[INFO] ------------------< org.apache.wicket:wicket-spring >-------------------
[INFO] Building Wicket Spring Integration 7.0.0-SNAPSHOT                [11/34]
[INFO] --------------------------------[ jar ]---------------------------------
[INFO] 
[INFO] -----------------< org.apache.wicket:wicket-velocity >------------------
[INFO] Building Wicket Velocity 7.0.0-SNAPSHOT                          [12/34]
[INFO] --------------------------------[ jar ]---------------------------------
[INFO] 
[INFO] ----------------< org.apache.wicket:wicket-auth-roles >-----------------
[INFO] Building Wicket Auth Roles 7.0.0-SNAPSHOT                        [13/34]
[INFO] --------------------------------[ jar ]---------------------------------
[INFO] 
[INFO] -------------------< org.apache.wicket:wicket-guice >-------------------
[INFO] Building Wicket Guice Integration 7.0.0-SNAPSHOT                 [14/34]
[INFO] --------------------------------[ jar ]---------------------------------
[INFO] 
[INFO] --------------------< org.apache.wicket:wicket-jmx >--------------------
[INFO] Building Wicket JMX 7.0.0-SNAPSHOT                               [15/34]
[INFO] --------------------------------[ jar ]---------------------------------
[INFO] 
[INFO] ------------< org.apache.wicket:wicket-objectsizeof-agent >-------------
[INFO] Building Wicket Objects Sizeof Agent 7.0.0-SNAPSHOT              [16/34]
[INFO] --------------------------------[ jar ]---------------------------------
[INFO] 
[INFO] ---------------< org.apache.wicket:wicket-experimental >----------------
[INFO] Building Wicket-Experimental 7.0.0-SNAPSHOT                      [17/34]
[INFO] --------------------------------[ pom ]---------------------------------
[INFO] 
[INFO] --- maven-remote-resources-plugin:1.4:process (default) @ wicket-experimental ---
[INFO] 
[INFO] >>> clirr-maven-plugin:2.5:check (clirr-check) > compile @ wicket-experimental >>>
[INFO] 
[INFO] --- maven-remote-resources-plugin:1.4:process (default) @ wicket-experimental ---
[INFO] 
[INFO] <<< clirr-maven-plugin:2.5:check (clirr-check) < compile @ wicket-experimental <<<
[INFO] 
[INFO] 
[INFO] --- clirr-maven-plugin:2.5:check (clirr-check) @ wicket-experimental ---
[INFO] Skipping execution
[INFO] 
[INFO] --- maven-bundle-plugin:2.3.7:manifest (bundle-manifest) @ wicket-experimental ---
[WARNING] Ignoring project type pom - supportedProjectTypes = [jar, bundle]
[INFO] 
[INFO] >>> maven-source-plugin:2.2.1:jar (attach-sources) > generate-sources @ wicket-experimental >>>
[INFO] 
[INFO] <<< maven-source-plugin:2.2.1:jar (attach-sources) < generate-sources @ wicket-experimental <<<
[INFO] 
[INFO] 
[INFO] --- maven-source-plugin:2.2.1:jar (attach-sources) @ wicket-experimental ---
[INFO] 
[INFO] >>> maven-source-plugin:2.2.1:test-jar (attach-sources) > generate-sources @ wicket-experimental >>>
[INFO] 
[INFO] <<< maven-source-plugin:2.2.1:test-jar (attach-sources) < generate-sources @ wicket-experimental <<<
[INFO] 
[INFO] 
[INFO] --- maven-source-plugin:2.2.1:test-jar (attach-sources) @ wicket-experimental ---
[INFO] 
[INFO] --- maven-site-plugin:3.2:attach-descriptor (attach-descriptor) @ wicket-experimental ---
[INFO] 
[INFO] --- maven-javadoc-plugin:2.8.1:jar (attach-javadocs) @ wicket-experimental ---
[INFO] Not executing Javadoc as the project is not a Java classpath-capable package
[INFO] 
[INFO] --- maven-install-plugin:2.4:install (default-install) @ wicket-experimental ---
[INFO] Installing /data-depot/user/Workspace/Reproducibility/Reproducibility-Scanner/benchmarks/bugs-dot-jar/wicket/wicket-experimental/pom.xml to /home/user/.m2/repository/org/apache/wicket/wicket-experimental/7.0.0-SNAPSHOT/wicket-experimental-7.0.0-SNAPSHOT.pom
[INFO] 
[INFO] ----------------< org.apache.wicket:wicket-atmosphere >-----------------
[INFO] Building Wicket-Atmosphere 0.10-SNAPSHOT                         [18/34]
[INFO] --------------------------------[ jar ]---------------------------------
[INFO] 
[INFO] --------------< org.apache.wicket:wicket-bean-validation >--------------
[INFO] Building Wicket Bean Validation 0.9-SNAPSHOT                     [19/34]
[INFO] --------------------------------[ jar ]---------------------------------
[INFO] 
[INFO] ------------------< org.apache.wicket:wicket-cdi-1.1 >------------------
[INFO] Building Wicket CDI 1.1 0.2-SNAPSHOT                             [20/34]
[INFO] --------------------------------[ pom ]---------------------------------
[INFO] 
[INFO] --- maven-remote-resources-plugin:1.4:process (default) @ wicket-cdi-1.1 ---
[INFO] 
[INFO] >>> clirr-maven-plugin:2.5:check (clirr-check) > compile @ wicket-cdi-1.1 >>>
[INFO] 
[INFO] --- maven-remote-resources-plugin:1.4:process (default) @ wicket-cdi-1.1 ---
[INFO] 
[INFO] <<< clirr-maven-plugin:2.5:check (clirr-check) < compile @ wicket-cdi-1.1 <<<
[INFO] 
[INFO] 
[INFO] --- clirr-maven-plugin:2.5:check (clirr-check) @ wicket-cdi-1.1 ---
[INFO] Skipping execution
[INFO] 
[INFO] --- maven-bundle-plugin:2.3.7:manifest (bundle-manifest) @ wicket-cdi-1.1 ---
[WARNING] Ignoring project type pom - supportedProjectTypes = [jar, bundle]
[INFO] 
[INFO] >>> maven-source-plugin:2.2.1:jar (attach-sources) > generate-sources @ wicket-cdi-1.1 >>>
[INFO] 
[INFO] <<< maven-source-plugin:2.2.1:jar (attach-sources) < generate-sources @ wicket-cdi-1.1 <<<
[INFO] 
[INFO] 
[INFO] --- maven-source-plugin:2.2.1:jar (attach-sources) @ wicket-cdi-1.1 ---
[INFO] 
[INFO] >>> maven-source-plugin:2.2.1:test-jar (attach-sources) > generate-sources @ wicket-cdi-1.1 >>>
[INFO] 
[INFO] <<< maven-source-plugin:2.2.1:test-jar (attach-sources) < generate-sources @ wicket-cdi-1.1 <<<
[INFO] 
[INFO] 
[INFO] --- maven-source-plugin:2.2.1:test-jar (attach-sources) @ wicket-cdi-1.1 ---
[INFO] 
[INFO] --- maven-site-plugin:3.2:attach-descriptor (attach-descriptor) @ wicket-cdi-1.1 ---
[INFO] 
[INFO] --- maven-javadoc-plugin:2.8.1:jar (attach-javadocs) @ wicket-cdi-1.1 ---
[INFO] Not executing Javadoc as the project is not a Java classpath-capable package
[INFO] 
[INFO] --- maven-install-plugin:2.4:install (default-install) @ wicket-cdi-1.1 ---
[INFO] Installing /data-depot/user/Workspace/Reproducibility/Reproducibility-Scanner/benchmarks/bugs-dot-jar/wicket/wicket-experimental/wicket-cdi-1.1/pom.xml to /home/user/.m2/repository/org/apache/wicket/wicket-cdi-1.1/0.2-SNAPSHOT/wicket-cdi-1.1-0.2-SNAPSHOT.pom
[INFO] 
[INFO] ---------------< org.apache.wicket:wicket-cdi-1.1-core >----------------
[INFO] Building Wicket CDI 1.1 Core 0.2-SNAPSHOT                        [21/34]
[INFO] --------------------------------[ jar ]---------------------------------
[INFO] 
[INFO] ---------------< org.apache.wicket:wicket-cdi-1.1-weld >----------------
[INFO] Building Wicket CDI 1.1 Weld 0.2-SNAPSHOT                        [22/34]
[INFO] --------------------------------[ jar ]---------------------------------
[INFO] 
[INFO] -----------------< org.apache.wicket:wicket-examples >------------------
[INFO] Building Wicket Examples 7.0.0-SNAPSHOT                          [23/34]
[INFO] --------------------------------[ war ]---------------------------------
[INFO] 
[INFO] -------------< org.apache.wicket:wicket-native-websocket >--------------
[INFO] Building Wicket Native WebSocket Parent 0.9-SNAPSHOT             [24/34]
[INFO] --------------------------------[ pom ]---------------------------------
[INFO] 
[INFO] --- maven-remote-resources-plugin:1.4:process (default) @ wicket-native-websocket ---
[INFO] 
[INFO] >>> clirr-maven-plugin:2.5:check (clirr-check) > compile @ wicket-native-websocket >>>
[INFO] 
[INFO] --- maven-remote-resources-plugin:1.4:process (default) @ wicket-native-websocket ---
[INFO] 
[INFO] <<< clirr-maven-plugin:2.5:check (clirr-check) < compile @ wicket-native-websocket <<<
[INFO] 
[INFO] 
[INFO] --- clirr-maven-plugin:2.5:check (clirr-check) @ wicket-native-websocket ---
[INFO] Skipping execution
[INFO] 
[INFO] --- maven-bundle-plugin:2.3.7:manifest (bundle-manifest) @ wicket-native-websocket ---
[WARNING] Ignoring project type pom - supportedProjectTypes = [jar, bundle]
[INFO] 
[INFO] >>> maven-source-plugin:2.2.1:jar (attach-sources) > generate-sources @ wicket-native-websocket >>>
[INFO] 
[INFO] <<< maven-source-plugin:2.2.1:jar (attach-sources) < generate-sources @ wicket-native-websocket <<<
[INFO] 
[INFO] 
[INFO] --- maven-source-plugin:2.2.1:jar (attach-sources) @ wicket-native-websocket ---
[INFO] 
[INFO] >>> maven-source-plugin:2.2.1:test-jar (attach-sources) > generate-sources @ wicket-native-websocket >>>
[INFO] 
[INFO] <<< maven-source-plugin:2.2.1:test-jar (attach-sources) < generate-sources @ wicket-native-websocket <<<
[INFO] 
[INFO] 
[INFO] --- maven-source-plugin:2.2.1:test-jar (attach-sources) @ wicket-native-websocket ---
[INFO] 
[INFO] --- maven-site-plugin:3.2:attach-descriptor (attach-descriptor) @ wicket-native-websocket ---
[INFO] 
[INFO] --- maven-javadoc-plugin:2.8.1:jar (attach-javadocs) @ wicket-native-websocket ---
[INFO] Not executing Javadoc as the project is not a Java classpath-capable package
[INFO] 
[INFO] --- maven-install-plugin:2.4:install (default-install) @ wicket-native-websocket ---
[INFO] Installing /data-depot/user/Workspace/Reproducibility/Reproducibility-Scanner/benchmarks/bugs-dot-jar/wicket/wicket-experimental/wicket-native-websocket/pom.xml to /home/user/.m2/repository/org/apache/wicket/wicket-native-websocket/0.9-SNAPSHOT/wicket-native-websocket-0.9-SNAPSHOT.pom
[INFO] 
[INFO] -----------< org.apache.wicket:wicket-native-websocket-core >-----------
[INFO] Building Wicket Native WebSocket Core 0.9-SNAPSHOT               [25/34]
[INFO] --------------------------------[ jar ]---------------------------------
[INFO] 
[INFO] ----------< org.apache.wicket:wicket-native-websocket-jetty >-----------
[INFO] Building Wicket Native WebSocket Jetty 0.9-SNAPSHOT              [26/34]
[INFO] --------------------------------[ jar ]---------------------------------
[INFO] 
[INFO] ----------< org.apache.wicket:wicket-native-websocket-jetty9 >----------
[INFO] Building Wicket Native WebSocket Jetty 9 0.9-SNAPSHOT            [27/34]
[INFO] --------------------------------[ jar ]---------------------------------
Downloading from central: https://repo.maven.apache.org/maven2/org/eclipse/jetty/websocket/websocket-server/9.0.4.v20130625/websocket-server-9.0.4.v20130625.pom
Progress (1): 1.4/2.9 kBProgress (1): 2.7/2.9 kBProgress (1): 2.9 kB                        Downloaded from central: https://repo.maven.apache.org/maven2/org/eclipse/jetty/websocket/websocket-server/9.0.4.v20130625/websocket-server-9.0.4.v20130625.pom (2.9 kB at 6.9 kB/s)
Downloading from central: https://repo.maven.apache.org/maven2/org/eclipse/jetty/websocket/websocket-parent/9.0.4.v20130625/websocket-parent-9.0.4.v20130625.pom
Progress (1): 1.4/2.6 kBProgress (1): 2.6 kB                        Downloaded from central: https://repo.maven.apache.org/maven2/org/eclipse/jetty/websocket/websocket-parent/9.0.4.v20130625/websocket-parent-9.0.4.v20130625.pom (2.6 kB at 17 kB/s)
Downloading from central: https://repo.maven.apache.org/maven2/org/eclipse/jetty/jetty-project/9.0.4.v20130625/jetty-project-9.0.4.v20130625.pom
Progress (1): 1.4/27 kBProgress (1): 2.7/27 kBProgress (1): 4.1/27 kBProgress (1): 5.5/27 kBProgress (1): 6.9/27 kBProgress (1): 8.2/27 kBProgress (1): 9.6/27 kBProgress (1): 11/27 kB Progress (1): 12/27 kBProgress (1): 14/27 kBProgress (1): 15/27 kBProgress (1): 16/27 kBProgress (1): 17/27 kBProgress (1): 19/27 kBProgress (1): 20/27 kBProgress (1): 21/27 kBProgress (1): 23/27 kBProgress (1): 24/27 kBProgress (1): 25/27 kBProgress (1): 27/27 kBProgress (1): 27 kB                      Downloaded from central: https://repo.maven.apache.org/maven2/org/eclipse/jetty/jetty-project/9.0.4.v20130625/jetty-project-9.0.4.v20130625.pom (27 kB at 156 kB/s)
Downloading from central: https://repo.maven.apache.org/maven2/org/eclipse/jetty/websocket/websocket-common/9.0.4.v20130625/websocket-common-9.0.4.v20130625.pom
Progress (1): 1.4/2.3 kBProgress (1): 2.3 kB                        Downloaded from central: https://repo.maven.apache.org/maven2/org/eclipse/jetty/websocket/websocket-common/9.0.4.v20130625/websocket-common-9.0.4.v20130625.pom (2.3 kB at 16 kB/s)
Downloading from central: https://repo.maven.apache.org/maven2/org/eclipse/jetty/websocket/websocket-api/9.0.4.v20130625/websocket-api-9.0.4.v20130625.pom
Progress (1): 1.4/2.2 kBProgress (1): 2.2 kB                        Downloaded from central: https://repo.maven.apache.org/maven2/org/eclipse/jetty/websocket/websocket-api/9.0.4.v20130625/websocket-api-9.0.4.v20130625.pom (2.2 kB at 28 kB/s)
Downloading from central: https://repo.maven.apache.org/maven2/org/eclipse/jetty/jetty-util/9.0.4.v20130625/jetty-util-9.0.4.v20130625.pom
Progress (1): 1.4/3.4 kBProgress (1): 2.7/3.4 kBProgress (1): 3.4 kB                        Downloaded from central: https://repo.maven.apache.org/maven2/org/eclipse/jetty/jetty-util/9.0.4.v20130625/jetty-util-9.0.4.v20130625.pom (3.4 kB at 31 kB/s)
Downloading from central: https://repo.maven.apache.org/maven2/org/eclipse/jetty/jetty-io/9.0.4.v20130625/jetty-io-9.0.4.v20130625.pom
Progress (1): 1.4/2.3 kBProgress (1): 2.3 kB                        Downloaded from central: https://repo.maven.apache.org/maven2/org/eclipse/jetty/jetty-io/9.0.4.v20130625/jetty-io-9.0.4.v20130625.pom (2.3 kB at 49 kB/s)
Downloading from central: https://repo.maven.apache.org/maven2/org/eclipse/jetty/websocket/websocket-client/9.0.4.v20130625/websocket-client-9.0.4.v20130625.pom
Progress (1): 1.4/4.9 kBProgress (1): 2.7/4.9 kBProgress (1): 4.1/4.9 kBProgress (1): 4.9 kB                        Downloaded from central: https://repo.maven.apache.org/maven2/org/eclipse/jetty/websocket/websocket-client/9.0.4.v20130625/websocket-client-9.0.4.v20130625.pom (4.9 kB at 33 kB/s)
Downloading from central: https://repo.maven.apache.org/maven2/org/eclipse/jetty/websocket/websocket-servlet/9.0.4.v20130625/websocket-servlet-9.0.4.v20130625.pom
Progress (1): 1.3 kB                    Downloaded from central: https://repo.maven.apache.org/maven2/org/eclipse/jetty/websocket/websocket-servlet/9.0.4.v20130625/websocket-servlet-9.0.4.v20130625.pom (1.3 kB at 8.9 kB/s)
Downloading from central: https://repo.maven.apache.org/maven2/org/eclipse/jetty/jetty-http/9.0.4.v20130625/jetty-http-9.0.4.v20130625.pom
Progress (1): 1.4/2.5 kBProgress (1): 2.5 kB                        Downloaded from central: https://repo.maven.apache.org/maven2/org/eclipse/jetty/jetty-http/9.0.4.v20130625/jetty-http-9.0.4.v20130625.pom (2.5 kB at 157 kB/s)
Downloading from central: https://repo.maven.apache.org/maven2/org/eclipse/jetty/websocket/websocket-server/9.0.4.v20130625/websocket-server-9.0.4.v20130625.jar
Downloading from central: https://repo.maven.apache.org/maven2/org/eclipse/jetty/websocket/websocket-api/9.0.4.v20130625/websocket-api-9.0.4.v20130625.jar
Downloading from central: https://repo.maven.apache.org/maven2/org/eclipse/jetty/jetty-util/9.0.4.v20130625/jetty-util-9.0.4.v20130625.jar
Downloading from central: https://repo.maven.apache.org/maven2/org/eclipse/jetty/websocket/websocket-common/9.0.4.v20130625/websocket-common-9.0.4.v20130625.jar
Downloading from central: https://repo.maven.apache.org/maven2/org/eclipse/jetty/jetty-io/9.0.4.v20130625/jetty-io-9.0.4.v20130625.jar
Progress (1): 1.4/336 kBProgress (2): 1.4/336 kB | 1.4/85 kBProgress (3): 1.4/336 kB | 1.4/85 kB | 4.1/24 kBProgress (3): 1.4/336 kB | 2.7/85 kB | 4.1/24 kBProgress (3): 2.7/336 kB | 2.7/85 kB | 4.1/24 kBProgress (3): 2.7/336 kB | 2.7/85 kB | 8.2/24 kBProgress (3): 4.1/336 kB | 2.7/85 kB | 8.2/24 kBProgress (3): 4.1/336 kB | 4.1/85 kB | 8.2/24 kBProgress (3): 5.5/336 kB | 4.1/85 kB | 8.2/24 kBProgress (3): 5.5/336 kB | 4.1/85 kB | 12/24 kB Progress (3): 6.9/336 kB | 4.1/85 kB | 12/24 kBProgress (3): 6.9/336 kB | 5.5/85 kB | 12/24 kBProgress (3): 8.2/336 kB | 5.5/85 kB | 12/24 kBProgress (3): 8.2/336 kB | 5.5/85 kB | 16/24 kBProgress (3): 8.2/336 kB | 6.9/85 kB | 16/24 kBProgress (3): 9.6/336 kB | 6.9/85 kB | 16/24 kBProgress (3): 9.6/336 kB | 6.9/85 kB | 20/24 kBProgress (3): 9.6/336 kB | 8.2/85 kB | 20/24 kBProgress (3): 9.6/336 kB | 8.2/85 kB | 24 kB   Progress (3): 11/336 kB | 8.2/85 kB | 24 kB Progress (3): 11/336 kB | 9.6/85 kB | 24 kBProgress (3): 12/336 kB | 9.6/85 kB | 24 kBProgress (3): 12/336 kB | 11/85 kB | 24 kB Progress (3): 14/336 kB | 11/85 kB | 24 kBProgress (3): 14/336 kB | 12/85 kB | 24 kBProgress (3): 15/336 kB | 12/85 kB | 24 kBProgress (3): 15/336 kB | 14/85 kB | 24 kBProgress (3): 16/336 kB | 14/85 kB | 24 kBProgress (3): 16/336 kB | 15/85 kB | 24 kBProgress (3): 17/336 kB | 15/85 kB | 24 kBProgress (3): 17/336 kB | 16/85 kB | 24 kBProgress (3): 19/336 kB | 16/85 kB | 24 kBProgress (3): 19/336 kB | 17/85 kB | 24 kBProgress (3): 20/336 kB | 17/85 kB | 24 kBProgress (3): 20/336 kB | 19/85 kB | 24 kBProgress (3): 21/336 kB | 19/85 kB | 24 kBProgress (3): 21/336 kB | 20/85 kB | 24 kBProgress (3): 23/336 kB | 20/85 kB | 24 kBProgress (3): 23/336 kB | 21/85 kB | 24 kBProgress (3): 24/336 kB | 21/85 kB | 24 kBProgress (3): 24/336 kB | 23/85 kB | 24 kBProgress (3): 25/336 kB | 23/85 kB | 24 kBProgress (3): 25/336 kB | 24/85 kB | 24 kBProgress (3): 27/336 kB | 24/85 kB | 24 kBProgress (3): 27/336 kB | 25/85 kB | 24 kBProgress (3): 28/336 kB | 25/85 kB | 24 kBProgress (3): 28/336 kB | 27/85 kB | 24 kBProgress (3): 30/336 kB | 27/85 kB | 24 kBProgress (3): 30/336 kB | 28/85 kB | 24 kBProgress (3): 31/336 kB | 28/85 kB | 24 kBProgress (3): 31/336 kB | 30/85 kB | 24 kBProgress (3): 32/336 kB | 30/85 kB | 24 kBProgress (3): 32/336 kB | 31/85 kB | 24 kBProgress (3): 34/336 kB | 31/85 kB | 24 kBProgress (3): 34/336 kB | 32/85 kB | 24 kBProgress (3): 35/336 kB | 32/85 kB | 24 kBProgress (3): 35/336 kB | 34/85 kB | 24 kBProgress (3): 36/336 kB | 34/85 kB | 24 kBProgress (3): 36/336 kB | 35/85 kB | 24 kBProgress (3): 38/336 kB | 35/85 kB | 24 kBProgress (3): 38/336 kB | 36/85 kB | 24 kBProgress (3): 39/336 kB | 36/85 kB | 24 kBProgress (3): 39/336 kB | 38/85 kB | 24 kBProgress (3): 40/336 kB | 38/85 kB | 24 kBProgress (3): 40/336 kB | 39/85 kB | 24 kBProgress (3): 42/336 kB | 39/85 kB | 24 kBProgress (3): 42/336 kB | 40/85 kB | 24 kBProgress (3): 43/336 kB | 40/85 kB | 24 kBProgress (3): 43/336 kB | 42/85 kB | 24 kBProgress (3): 45/336 kB | 42/85 kB | 24 kBProgress (3): 45/336 kB | 43/85 kB | 24 kBProgress (3): 46/336 kB | 43/85 kB | 24 kBProgress (3): 46/336 kB | 45/85 kB | 24 kBProgress (3): 47/336 kB | 45/85 kB | 24 kBProgress (3): 47/336 kB | 46/85 kB | 24 kBProgress (3): 49/336 kB | 46/85 kB | 24 kBProgress (3): 49/336 kB | 47/85 kB | 24 kBProgress (3): 49/336 kB | 49/85 kB | 24 kBProgress (3): 53/336 kB | 49/85 kB | 24 kBProgress (3): 57/336 kB | 49/85 kB | 24 kBProgress (3): 61/336 kB | 49/85 kB | 24 kBProgress (3): 61/336 kB | 53/85 kB | 24 kBProgress (3): 65/336 kB | 53/85 kB | 24 kBProgress (3): 65/336 kB | 57/85 kB | 24 kBProgress (3): 65/336 kB | 61/85 kB | 24 kBProgress (3): 69/336 kB | 61/85 kB | 24 kBProgress (3): 73/336 kB | 61/85 kB | 24 kBProgress (3): 73/336 kB | 65/85 kB | 24 kBProgress (3): 77/336 kB | 65/85 kB | 24 kBProgress (3): 81/336 kB | 65/85 kB | 24 kBProgress (3): 81/336 kB | 69/85 kB | 24 kBProgress (3): 81/336 kB | 73/85 kB | 24 kBProgress (3): 85/336 kB | 73/85 kB | 24 kBProgress (3): 85/336 kB | 77/85 kB | 24 kBProgress (3): 90/336 kB | 77/85 kB | 24 kBProgress (3): 90/336 kB | 81/85 kB | 24 kBProgress (3): 94/336 kB | 81/85 kB | 24 kBProgress (3): 98/336 kB | 81/85 kB | 24 kBProgress (3): 98/336 kB | 85 kB | 24 kB   Progress (3): 102/336 kB | 85 kB | 24 kBProgress (3): 106/336 kB | 85 kB | 24 kBProgress (3): 110/336 kB | 85 kB | 24 kBProgress (3): 114/336 kB | 85 kB | 24 kBProgress (3): 118/336 kB | 85 kB | 24 kBProgress (3): 122/336 kB | 85 kB | 24 kBProgress (3): 126/336 kB | 85 kB | 24 kBProgress (3): 131/336 kB | 85 kB | 24 kBProgress (3): 135/336 kB | 85 kB | 24 kBProgress (3): 139/336 kB | 85 kB | 24 kBProgress (3): 143/336 kB | 85 kB | 24 kBProgress (3): 147/336 kB | 85 kB | 24 kBProgress (3): 151/336 kB | 85 kB | 24 kBProgress (3): 155/336 kB | 85 kB | 24 kBProgress (3): 159/336 kB | 85 kB | 24 kBProgress (3): 163/336 kB | 85 kB | 24 kBProgress (3): 167/336 kB | 85 kB | 24 kBProgress (3): 171/336 kB | 85 kB | 24 kBProgress (3): 176/336 kB | 85 kB | 24 kBProgress (3): 180/336 kB | 85 kB | 24 kBProgress (3): 184/336 kB | 85 kB | 24 kBProgress (3): 188/336 kB | 85 kB | 24 kBProgress (3): 192/336 kB | 85 kB | 24 kBProgress (3): 196/336 kB | 85 kB | 24 kBProgress (3): 200/336 kB | 85 kB | 24 kBProgress (3): 204/336 kB | 85 kB | 24 kBProgress (3): 208/336 kB | 85 kB | 24 kBProgress (3): 212/336 kB | 85 kB | 24 kBProgress (3): 217/336 kB | 85 kB | 24 kBProgress (3): 221/336 kB | 85 kB | 24 kBProgress (3): 225/336 kB | 85 kB | 24 kBProgress (3): 229/336 kB | 85 kB | 24 kBProgress (3): 233/336 kB | 85 kB | 24 kBProgress (3): 237/336 kB | 85 kB | 24 kBProgress (3): 241/336 kB | 85 kB | 24 kBProgress (3): 245/336 kB | 85 kB | 24 kBProgress (3): 249/336 kB | 85 kB | 24 kBProgress (3): 253/336 kB | 85 kB | 24 kBProgress (3): 258/336 kB | 85 kB | 24 kBProgress (3): 262/336 kB | 85 kB | 24 kBProgress (3): 266/336 kB | 85 kB | 24 kBProgress (3): 270/336 kB | 85 kB | 24 kBProgress (3): 274/336 kB | 85 kB | 24 kBProgress (3): 278/336 kB | 85 kB | 24 kBProgress (3): 282/336 kB | 85 kB | 24 kBProgress (3): 286/336 kB | 85 kB | 24 kBProgress (3): 290/336 kB | 85 kB | 24 kBProgress (3): 294/336 kB | 85 kB | 24 kBProgress (3): 298/336 kB | 85 kB | 24 kBProgress (3): 303/336 kB | 85 kB | 24 kBProgress (3): 307/336 kB | 85 kB | 24 kBProgress (3): 311/336 kB | 85 kB | 24 kBProgress (3): 315/336 kB | 85 kB | 24 kBProgress (3): 319/336 kB | 85 kB | 24 kBProgress (3): 323/336 kB | 85 kB | 24 kBProgress (3): 327/336 kB | 85 kB | 24 kBProgress (3): 331/336 kB | 85 kB | 24 kBProgress (3): 335/336 kB | 85 kB | 24 kBProgress (3): 336 kB | 85 kB | 24 kB    Progress (4): 336 kB | 85 kB | 24 kB | 1.4/146 kBProgress (4): 336 kB | 85 kB | 24 kB | 2.7/146 kBProgress (4): 336 kB | 85 kB | 24 kB | 4.1/146 kBProgress (5): 336 kB | 85 kB | 24 kB | 4.1/146 kB | 1.4/42 kBProgress (5): 336 kB | 85 kB | 24 kB | 5.5/146 kB | 1.4/42 kBProgress (5): 336 kB | 85 kB | 24 kB | 5.5/146 kB | 2.7/42 kBProgress (5): 336 kB | 85 kB | 24 kB | 6.9/146 kB | 2.7/42 kBProgress (5): 336 kB | 85 kB | 24 kB | 6.9/146 kB | 4.1/42 kBProgress (5): 336 kB | 85 kB | 24 kB | 8.2/146 kB | 4.1/42 kBProgress (5): 336 kB | 85 kB | 24 kB | 8.2/146 kB | 5.5/42 kBProgress (5): 336 kB | 85 kB | 24 kB | 9.6/146 kB | 5.5/42 kBProgress (5): 336 kB | 85 kB | 24 kB | 9.6/146 kB | 6.9/42 kBProgress (5): 336 kB | 85 kB | 24 kB | 11/146 kB | 6.9/42 kB Progress (5): 336 kB | 85 kB | 24 kB | 11/146 kB | 8.2/42 kBProgress (5): 336 kB | 85 kB | 24 kB | 12/146 kB | 8.2/42 kBProgress (5): 336 kB | 85 kB | 24 kB | 12/146 kB | 9.6/42 kBProgress (5): 336 kB | 85 kB | 24 kB | 14/146 kB | 9.6/42 kBProgress (5): 336 kB | 85 kB | 24 kB | 14/146 kB | 11/42 kB Progress (5): 336 kB | 85 kB | 24 kB | 15/146 kB | 11/42 kBProgress (5): 336 kB | 85 kB | 24 kB | 15/146 kB | 12/42 kBProgress (5): 336 kB | 85 kB | 24 kB | 16/146 kB | 12/42 kBProgress (5): 336 kB | 85 kB | 24 kB | 16/146 kB | 14/42 kBProgress (5): 336 kB | 85 kB | 24 kB | 17/146 kB | 14/42 kBProgress (5): 336 kB | 85 kB | 24 kB | 17/146 kB | 15/42 kBProgress (5): 336 kB | 85 kB | 24 kB | 19/146 kB | 15/42 kBProgress (5): 336 kB | 85 kB | 24 kB | 19/146 kB | 16/42 kBProgress (5): 336 kB | 85 kB | 24 kB | 20/146 kB | 16/42 kBProgress (5): 336 kB | 85 kB | 24 kB | 20/146 kB | 17/42 kBProgress (5): 336 kB | 85 kB | 24 kB | 21/146 kB | 17/42 kBProgress (5): 336 kB | 85 kB | 24 kB | 21/146 kB | 19/42 kBProgress (5): 336 kB | 85 kB | 24 kB | 23/146 kB | 19/42 kBProgress (5): 336 kB | 85 kB | 24 kB | 23/146 kB | 20/42 kBProgress (5): 336 kB | 85 kB | 24 kB | 24/146 kB | 20/42 kBProgress (5): 336 kB | 85 kB | 24 kB | 24/146 kB | 21/42 kBProgress (5): 336 kB | 85 kB | 24 kB | 25/146 kB | 21/42 kBProgress (5): 336 kB | 85 kB | 24 kB | 25/146 kB | 23/42 kBProgress (5): 336 kB | 85 kB | 24 kB | 27/146 kB | 23/42 kBProgress (5): 336 kB | 85 kB | 24 kB | 27/146 kB | 24/42 kB                                                           Downloaded from central: https://repo.maven.apache.org/maven2/org/eclipse/jetty/websocket/websocket-server/9.0.4.v20130625/websocket-server-9.0.4.v20130625.jar (24 kB at 155 kB/s)
Progress (4): 336 kB | 85 kB | 27/146 kB | 25/42 kBProgress (4): 336 kB | 85 kB | 28/146 kB | 25/42 kBProgress (4): 336 kB | 85 kB | 28/146 kB | 27/42 kB                                                   Downloading from central: https://repo.maven.apache.org/maven2/org/eclipse/jetty/websocket/websocket-client/9.0.4.v20130625/websocket-client-9.0.4.v20130625.jar
Progress (4): 336 kB | 85 kB | 28/146 kB | 28/42 kBProgress (4): 336 kB | 85 kB | 30/146 kB | 28/42 kBProgress (4): 336 kB | 85 kB | 30/146 kB | 30/42 kBProgress (4): 336 kB | 85 kB | 31/146 kB | 30/42 kBProgress (4): 336 kB | 85 kB | 31/146 kB | 31/42 kBProgress (4): 336 kB | 85 kB | 32/146 kB | 31/42 kBProgress (4): 336 kB | 85 kB | 32/146 kB | 32/42 kBProgress (4): 336 kB | 85 kB | 34/146 kB | 32/42 kBProgress (4): 336 kB | 85 kB | 34/146 kB | 34/42 kBProgress (4): 336 kB | 85 kB | 35/146 kB | 34/42 kBProgress (4): 336 kB | 85 kB | 35/146 kB | 35/42 kBProgress (4): 336 kB | 85 kB | 36/146 kB | 35/42 kBProgress (4): 336 kB | 85 kB | 36/146 kB | 36/42 kBProgress (4): 336 kB | 85 kB | 38/146 kB | 36/42 kBProgress (4): 336 kB | 85 kB | 38/146 kB | 38/42 kBProgress (4): 336 kB | 85 kB | 39/146 kB | 38/42 kBProgress (4): 336 kB | 85 kB | 39/146 kB | 39/42 kBProgress (4): 336 kB | 85 kB | 40/146 kB | 39/42 kBProgress (4): 336 kB | 85 kB | 40/146 kB | 40/42 kBProgress (4): 336 kB | 85 kB | 42/146 kB | 40/42 kBProgress (4): 336 kB | 85 kB | 42/146 kB | 42/42 kBProgress (4): 336 kB | 85 kB | 43/146 kB | 42/42 kBProgress (4): 336 kB | 85 kB | 43/146 kB | 42 kB   Progress (4): 336 kB | 85 kB | 45/146 kB | 42 kBProgress (4): 336 kB | 85 kB | 46/146 kB | 42 kBProgress (4): 336 kB | 85 kB | 47/146 kB | 42 kBProgress (4): 336 kB | 85 kB | 49/146 kB | 42 kBProgress (4): 336 kB | 85 kB | 53/146 kB | 42 kBProgress (4): 336 kB | 85 kB | 57/146 kB | 42 kBProgress (4): 336 kB | 85 kB | 61/146 kB | 42 kBProgress (4): 336 kB | 85 kB | 65/146 kB | 42 kBProgress (4): 336 kB | 85 kB | 69/146 kB | 42 kBProgress (4): 336 kB | 85 kB | 73/146 kB | 42 kBProgress (4): 336 kB | 85 kB | 77/146 kB | 42 kBProgress (4): 336 kB | 85 kB | 81/146 kB | 42 kBProgress (4): 336 kB | 85 kB | 85/146 kB | 42 kBProgress (4): 336 kB | 85 kB | 90/146 kB | 42 kBProgress (4): 336 kB | 85 kB | 94/146 kB | 42 kBProgress (4): 336 kB | 85 kB | 98/146 kB | 42 kBProgress (4): 336 kB | 85 kB | 102/146 kB | 42 kBProgress (4): 336 kB | 85 kB | 106/146 kB | 42 kBProgress (4): 336 kB | 85 kB | 110/146 kB | 42 kBProgress (4): 336 kB | 85 kB | 114/146 kB | 42 kBProgress (4): 336 kB | 85 kB | 118/146 kB | 42 kB                                                 Downloaded from central: https://repo.maven.apache.org/maven2/org/eclipse/jetty/websocket/websocket-api/9.0.4.v20130625/websocket-api-9.0.4.v20130625.jar (42 kB at 253 kB/s)
Progress (3): 336 kB | 85 kB | 122/146 kB                                         Downloading from central: https://repo.maven.apache.org/maven2/org/eclipse/jetty/websocket/websocket-servlet/9.0.4.v20130625/websocket-servlet-9.0.4.v20130625.jar
Progress (3): 336 kB | 85 kB | 126/146 kBProgress (3): 336 kB | 85 kB | 131/146 kBProgress (3): 336 kB | 85 kB | 135/146 kBProgress (3): 336 kB | 85 kB | 139/146 kBProgress (3): 336 kB | 85 kB | 143/146 kBProgress (3): 336 kB | 85 kB | 146 kB                                         Downloaded from central: https://repo.maven.apache.org/maven2/org/eclipse/jetty/jetty-io/9.0.4.v20130625/jetty-io-9.0.4.v20130625.jar (85 kB at 467 kB/s)
Downloading from central: https://repo.maven.apache.org/maven2/org/eclipse/jetty/jetty-http/9.0.4.v20130625/jetty-http-9.0.4.v20130625.jar
Downloaded from central: https://repo.maven.apache.org/maven2/org/eclipse/jetty/jetty-util/9.0.4.v20130625/jetty-util-9.0.4.v20130625.jar (336 kB at 1.7 MB/s)
Progress (2): 146 kB | 1.4/11 kBProgress (2): 146 kB | 2.7/11 kBProgress (2): 146 kB | 4.1/11 kB                                Downloaded from central: https://repo.maven.apache.org/maven2/org/eclipse/jetty/websocket/websocket-common/9.0.4.v20130625/websocket-common-9.0.4.v20130625.jar (146 kB at 621 kB/s)
Progress (1): 5.5/11 kBProgress (1): 6.9/11 kBProgress (1): 8.2/11 kBProgress (1): 9.6/11 kBProgress (1): 11/11 kB Progress (1): 11 kB   Progress (2): 11 kB | 4.1/34 kBProgress (2): 11 kB | 8.2/34 kBProgress (2): 11 kB | 12/34 kB Progress (2): 11 kB | 16/34 kBProgress (2): 11 kB | 20/34 kBProgress (2): 11 kB | 24/34 kBProgress (2): 11 kB | 28/34 kBProgress (2): 11 kB | 32/34 kBProgress (2): 11 kB | 34 kB   Progress (3): 11 kB | 34 kB | 4.1/104 kBProgress (3): 11 kB | 34 kB | 8.2/104 kBProgress (3): 11 kB | 34 kB | 12/104 kB Progress (3): 11 kB | 34 kB | 16/104 kBProgress (3): 11 kB | 34 kB | 20/104 kBProgress (3): 11 kB | 34 kB | 24/104 kBProgress (3): 11 kB | 34 kB | 28/104 kBProgress (3): 11 kB | 34 kB | 32/104 kBProgress (3): 11 kB | 34 kB | 36/104 kBProgress (3): 11 kB | 34 kB | 40/104 kBProgress (3): 11 kB | 34 kB | 45/104 kBProgress (3): 11 kB | 34 kB | 49/104 kB                                       Downloaded from central: https://repo.maven.apache.org/maven2/org/eclipse/jetty/websocket/websocket-client/9.0.4.v20130625/websocket-client-9.0.4.v20130625.jar (34 kB at 124 kB/s)
Progress (2): 11 kB | 53/104 kBProgress (2): 11 kB | 57/104 kBProgress (2): 11 kB | 61/104 kBProgress (2): 11 kB | 65/104 kBProgress (2): 11 kB | 69/104 kBProgress (2): 11 kB | 73/104 kBProgress (2): 11 kB | 77/104 kBProgress (2): 11 kB | 81/104 kBProgress (2): 11 kB | 85/104 kBProgress (2): 11 kB | 90/104 kBProgress (2): 11 kB | 94/104 kBProgress (2): 11 kB | 98/104 kBProgress (2): 11 kB | 102/104 kBProgress (2): 11 kB | 104 kB                                Downloaded from central: https://repo.maven.apache.org/maven2/org/eclipse/jetty/websocket/websocket-servlet/9.0.4.v20130625/websocket-servlet-9.0.4.v20130625.jar (11 kB at 37 kB/s)
Downloaded from central: https://repo.maven.apache.org/maven2/org/eclipse/jetty/jetty-http/9.0.4.v20130625/jetty-http-9.0.4.v20130625.jar (104 kB at 295 kB/s)
[INFO] 
[INFO] ----------< org.apache.wicket:wicket-native-websocket-tomcat >----------
[INFO] Building Wicket Native WebSocket Tomcat 7.x 0.9-SNAPSHOT         [28/34]
[INFO] --------------------------------[ jar ]---------------------------------
[INFO] 
[INFO] -----------------< org.apache.wicket:wicket-bootstrap >-----------------
[INFO] Building Wicket Bootstrap 0.9-SNAPSHOT                           [29/34]
[INFO] --------------------------------[ jar ]---------------------------------
[INFO] 
[INFO] --------------< org.apache.wicket:wicket-examples-parent >--------------
[INFO] Building Wicket Examples Parent 0.9-SNAPSHOT                     [30/34]
[INFO] --------------------------------[ pom ]---------------------------------
[INFO] 
[INFO] --- maven-remote-resources-plugin:1.4:process (default) @ wicket-examples-parent ---
[INFO] 
[INFO] >>> clirr-maven-plugin:2.5:check (clirr-check) > compile @ wicket-examples-parent >>>
[INFO] 
[INFO] --- maven-remote-resources-plugin:1.4:process (default) @ wicket-examples-parent ---
[INFO] 
[INFO] <<< clirr-maven-plugin:2.5:check (clirr-check) < compile @ wicket-examples-parent <<<
[INFO] 
[INFO] 
[INFO] --- clirr-maven-plugin:2.5:check (clirr-check) @ wicket-examples-parent ---
[INFO] Skipping execution
[INFO] 
[INFO] --- maven-bundle-plugin:2.3.7:manifest (bundle-manifest) @ wicket-examples-parent ---
[WARNING] Ignoring project type pom - supportedProjectTypes = [jar, bundle]
[INFO] 
[INFO] >>> maven-source-plugin:2.2.1:jar (attach-sources) > generate-sources @ wicket-examples-parent >>>
[INFO] 
[INFO] <<< maven-source-plugin:2.2.1:jar (attach-sources) < generate-sources @ wicket-examples-parent <<<
[INFO] 
[INFO] 
[INFO] --- maven-source-plugin:2.2.1:jar (attach-sources) @ wicket-examples-parent ---
[INFO] 
[INFO] >>> maven-source-plugin:2.2.1:test-jar (attach-sources) > generate-sources @ wicket-examples-parent >>>
[INFO] 
[INFO] <<< maven-source-plugin:2.2.1:test-jar (attach-sources) < generate-sources @ wicket-examples-parent <<<
[INFO] 
[INFO] 
[INFO] --- maven-source-plugin:2.2.1:test-jar (attach-sources) @ wicket-examples-parent ---
[INFO] 
[INFO] --- maven-site-plugin:3.2:attach-descriptor (attach-descriptor) @ wicket-examples-parent ---
[INFO] 
[INFO] --- maven-javadoc-plugin:2.8.1:jar (attach-javadocs) @ wicket-examples-parent ---
[INFO] Not executing Javadoc as the project is not a Java classpath-capable package
[INFO] 
[INFO] --- maven-install-plugin:2.4:install (default-install) @ wicket-examples-parent ---
[INFO] Installing /data-depot/user/Workspace/Reproducibility/Reproducibility-Scanner/benchmarks/bugs-dot-jar/wicket/wicket-experimental/wicket-examples-parent/pom.xml to /home/user/.m2/repository/org/apache/wicket/wicket-examples-parent/0.9-SNAPSHOT/wicket-examples-parent-0.9-SNAPSHOT.pom
[INFO] 
[INFO] ---------------< org.apache.wicket:wicket-examples-jar >----------------
[INFO] Building Wicket Examples Jar 0.9-SNAPSHOT                        [31/34]
[INFO] --------------------------------[ jar ]---------------------------------
[INFO] 
[INFO] ---------------< org.apache.wicket:wicket-examples-war >----------------
[INFO] Building Wicket Examples War 0.9-SNAPSHOT                        [32/34]
[INFO] --------------------------------[ war ]---------------------------------
[INFO] 
[INFO] -----------< org.apache.wicket:wicket-archetype-quickstart >------------
[INFO] Building Wicket Quickstart Archetype 7.0.0-SNAPSHOT              [33/34]
[INFO] --------------------------[ maven-archetype ]---------------------------
[INFO] 
[INFO] --- maven-remote-resources-plugin:1.4:process (default) @ wicket-archetype-quickstart ---
[INFO] 
[INFO] --- maven-resources-plugin:2.6:resources (default-resources) @ wicket-archetype-quickstart ---
[INFO] Using 'UTF-8' encoding to copy filtered resources.
[INFO] Copying 12 resources
[INFO] Copying 3 resources
[INFO] 
[INFO] >>> clirr-maven-plugin:2.5:check (clirr-check) > compile @ wicket-archetype-quickstart >>>
[INFO] 
[INFO] --- maven-remote-resources-plugin:1.4:process (default) @ wicket-archetype-quickstart ---
[INFO] 
[INFO] --- maven-resources-plugin:2.6:resources (default-resources) @ wicket-archetype-quickstart ---
[INFO] Using 'UTF-8' encoding to copy filtered resources.
[INFO] Copying 12 resources
[INFO] Copying 3 resources
[INFO] Copying 3 resources
[INFO] 
[INFO] <<< clirr-maven-plugin:2.5:check (clirr-check) < compile @ wicket-archetype-quickstart <<<
[INFO] 
[INFO] 
[INFO] --- clirr-maven-plugin:2.5:check (clirr-check) @ wicket-archetype-quickstart ---
[INFO] Skipping execution
[INFO] 
[INFO] --- maven-bundle-plugin:2.3.7:manifest (bundle-manifest) @ wicket-archetype-quickstart ---
[WARNING] Ignoring project type maven-archetype - supportedProjectTypes = [jar, bundle]
[INFO] 
[INFO] --- maven-resources-plugin:2.6:testResources (default-testResources) @ wicket-archetype-quickstart ---
[INFO] Using 'UTF-8' encoding to copy filtered resources.
[INFO] skip non existing resourceDirectory /data-depot/user/Workspace/Reproducibility/Reproducibility-Scanner/benchmarks/bugs-dot-jar/wicket/archetypes/quickstart/src/test/java
[INFO] Copying 3 resources
[INFO] 
[INFO] --- maven-archetype-plugin:2.2:jar (default-jar) @ wicket-archetype-quickstart ---
[INFO] Building archetype jar: /data-depot/user/Workspace/Reproducibility/Reproducibility-Scanner/benchmarks/bugs-dot-jar/wicket/archetypes/quickstart/target/wicket-archetype-quickstart-7.0.0-SNAPSHOT
[INFO] 
[INFO] >>> maven-source-plugin:2.2.1:jar (attach-sources) > generate-sources @ wicket-archetype-quickstart >>>
[INFO] 
[INFO] <<< maven-source-plugin:2.2.1:jar (attach-sources) < generate-sources @ wicket-archetype-quickstart <<<
[INFO] 
[INFO] 
[INFO] --- maven-source-plugin:2.2.1:jar (attach-sources) @ wicket-archetype-quickstart ---
[INFO] Building jar: /data-depot/user/Workspace/Reproducibility/Reproducibility-Scanner/benchmarks/bugs-dot-jar/wicket/archetypes/quickstart/target/wicket-archetype-quickstart-7.0.0-SNAPSHOT-sources.jar
[INFO] 
[INFO] >>> maven-source-plugin:2.2.1:test-jar (attach-sources) > generate-sources @ wicket-archetype-quickstart >>>
[INFO] 
[INFO] <<< maven-source-plugin:2.2.1:test-jar (attach-sources) < generate-sources @ wicket-archetype-quickstart <<<
[INFO] 
[INFO] 
[INFO] --- maven-source-plugin:2.2.1:test-jar (attach-sources) @ wicket-archetype-quickstart ---
[INFO] Building jar: /data-depot/user/Workspace/Reproducibility/Reproducibility-Scanner/benchmarks/bugs-dot-jar/wicket/archetypes/quickstart/target/wicket-archetype-quickstart-7.0.0-SNAPSHOT-test-sources.jar
[INFO] 
[INFO] --- maven-site-plugin:3.2:attach-descriptor (attach-descriptor) @ wicket-archetype-quickstart ---
[INFO] 
[INFO] --- maven-javadoc-plugin:2.8.1:jar (attach-javadocs) @ wicket-archetype-quickstart ---
[INFO] Not executing Javadoc as the project is not a Java classpath-capable package
[INFO] 
[INFO] --- maven-archetype-plugin:2.2:integration-test (default-integration-test) @ wicket-archetype-quickstart ---
[WARNING] No Archetype IT projects: root 'projects' directory not found.
[INFO] 
[INFO] --- maven-install-plugin:2.4:install (default-install) @ wicket-archetype-quickstart ---
[INFO] Installing /data-depot/user/Workspace/Reproducibility/Reproducibility-Scanner/benchmarks/bugs-dot-jar/wicket/archetypes/quickstart/target/wicket-archetype-quickstart-7.0.0-SNAPSHOT.jar to /home/user/.m2/repository/org/apache/wicket/wicket-archetype-quickstart/7.0.0-SNAPSHOT/wicket-archetype-quickstart-7.0.0-SNAPSHOT.jar
[INFO] Installing /data-depot/user/Workspace/Reproducibility/Reproducibility-Scanner/benchmarks/bugs-dot-jar/wicket/archetypes/quickstart/pom.xml to /home/user/.m2/repository/org/apache/wicket/wicket-archetype-quickstart/7.0.0-SNAPSHOT/wicket-archetype-quickstart-7.0.0-SNAPSHOT.pom
[INFO] Installing /data-depot/user/Workspace/Reproducibility/Reproducibility-Scanner/benchmarks/bugs-dot-jar/wicket/archetypes/quickstart/target/wicket-archetype-quickstart-7.0.0-SNAPSHOT-sources.jar to /home/user/.m2/repository/org/apache/wicket/wicket-archetype-quickstart/7.0.0-SNAPSHOT/wicket-archetype-quickstart-7.0.0-SNAPSHOT-sources.jar
[INFO] Installing /data-depot/user/Workspace/Reproducibility/Reproducibility-Scanner/benchmarks/bugs-dot-jar/wicket/archetypes/quickstart/target/wicket-archetype-quickstart-7.0.0-SNAPSHOT-test-sources.jar to /home/user/.m2/repository/org/apache/wicket/wicket-archetype-quickstart/7.0.0-SNAPSHOT/wicket-archetype-quickstart-7.0.0-SNAPSHOT-test-sources.jar
[INFO] 
[INFO] --- maven-archetype-plugin:2.2:update-local-catalog (default-update-local-catalog) @ wicket-archetype-quickstart ---
[INFO] 
[INFO] ---------------< org.apache.wicket:wicket-common-tests >----------------
[INFO] Building Wicket Common Tests 7.0.0-SNAPSHOT                      [34/34]
[INFO] --------------------------------[ jar ]---------------------------------
[INFO] ------------------------------------------------------------------------
[INFO] Reactor Summary:
[INFO] 
[INFO] Wicket Parent 7.0.0-SNAPSHOT ....................... SUCCESS [  1.606 s]
[INFO] Wicket Util ........................................ FAILURE [  1.503 s]
[INFO] Wicket Request ..................................... SUCCESS [  9.401 s]
[INFO] Wicket Core ........................................ FAILURE [  2.048 s]
[INFO] Wicket ............................................. FAILURE [  0.016 s]
[INFO] Wicket Date/Time ................................... FAILURE [  0.008 s]
[INFO] Wicket Extensions .................................. FAILURE [  0.007 s]
[INFO] Wicket Development Utilities ....................... FAILURE [  0.007 s]
[INFO] Wicket IoC common code ............................. FAILURE [  0.014 s]
[INFO] Wicket CDI Integration ............................. FAILURE [  0.025 s]
[INFO] Wicket Spring Integration .......................... FAILURE [  0.012 s]
[INFO] Wicket Velocity .................................... FAILURE [  0.008 s]
[INFO] Wicket Auth Roles .................................. FAILURE [  0.005 s]
[INFO] Wicket Guice Integration ........................... FAILURE [  0.009 s]
[INFO] Wicket JMX ......................................... FAILURE [  0.005 s]
[INFO] Wicket Objects Sizeof Agent ........................ FAILURE [  0.004 s]
[INFO] Wicket-Experimental ................................ SUCCESS [  0.044 s]
[INFO] Wicket-Atmosphere 0.10-SNAPSHOT .................... FAILURE [  0.013 s]
[INFO] Wicket Bean Validation 0.9-SNAPSHOT ................ FAILURE [  0.005 s]
[INFO] Wicket CDI 1.1 0.2-SNAPSHOT ........................ SUCCESS [  0.037 s]
[INFO] Wicket CDI 1.1 Core 0.2-SNAPSHOT ................... FAILURE [  0.024 s]
[INFO] Wicket CDI 1.1 Weld 0.2-SNAPSHOT ................... FAILURE [  0.009 s]
[INFO] Wicket Examples .................................... FAILURE [  0.055 s]
[INFO] Wicket Native WebSocket Parent 0.9-SNAPSHOT ........ SUCCESS [  0.037 s]
[INFO] Wicket Native WebSocket Core 0.9-SNAPSHOT .......... FAILURE [  0.006 s]
[INFO] Wicket Native WebSocket Jetty 0.9-SNAPSHOT ......... FAILURE [  0.013 s]
[INFO] Wicket Native WebSocket Jetty 9 0.9-SNAPSHOT ....... FAILURE [  2.101 s]
[INFO] Wicket Native WebSocket Tomcat 7.x 0.9-SNAPSHOT .... FAILURE [  0.017 s]
[INFO] Wicket Bootstrap 0.9-SNAPSHOT ...................... FAILURE [  0.007 s]
[INFO] Wicket Examples Parent 0.9-SNAPSHOT ................ SUCCESS [  0.054 s]
[INFO] Wicket Examples Jar 0.9-SNAPSHOT ................... FAILURE [  0.012 s]
[INFO] Wicket Examples War 0.9-SNAPSHOT ................... FAILURE [  0.011 s]
[INFO] Wicket Quickstart Archetype ........................ SUCCESS [  1.085 s]
[INFO] Wicket Common Tests 7.0.0-SNAPSHOT ................. FAILURE [  0.019 s]
[INFO] ------------------------------------------------------------------------
[INFO] BUILD FAILURE
[INFO] ------------------------------------------------------------------------
[INFO] Total time: 18.714 s
[INFO] Finished at: 2022-07-13T21:54:42-07:00
[INFO] ------------------------------------------------------------------------
[ERROR] Failed to execute goal org.apache.maven.plugins:maven-compiler-plugin:3.1:compile (default-compile) on project wicket-util: Compilation failure
[ERROR] /data-depot/user/Workspace/Reproducibility/Reproducibility-Scanner/benchmarks/bugs-dot-jar/wicket/wicket-util/src/main/java/org/apache/wicket/util/value/ValueMap.java:[792,35] incompatible types: inference variable T has incompatible upper bounds java.lang.Enum<T>,T
[ERROR] 
[ERROR] -> [Help 1]
[ERROR] Failed to execute goal org.apache.maven.plugins:maven-compiler-plugin:3.1:compile (default-compile) on project wicket-core: Compilation failure: Compilation failure: 
[ERROR] /data-depot/user/Workspace/Reproducibility/Reproducibility-Scanner/benchmarks/bugs-dot-jar/wicket/wicket-core/src/main/java/org/apache/wicket/Component.java:[90,36] cannot find symbol
[ERROR]   symbol:   class AllVisitFilter
[ERROR]   location: package org.apache.wicket.util.visit
[ERROR] /data-depot/user/Workspace/Reproducibility/Reproducibility-Scanner/benchmarks/bugs-dot-jar/wicket/wicket-core/src/main/java/org/apache/wicket/markup/html/form/Form.java:[63,52] package org.apache.wicket.util.upload.FileUploadBase does not exist
[ERROR] /data-depot/user/Workspace/Reproducibility/Reproducibility-Scanner/benchmarks/bugs-dot-jar/wicket/wicket-core/src/main/java/org/apache/wicket/markup/html/form/Form.java:[64,37] package org.apache.wicket.util.upload does not exist
[ERROR] /data-depot/user/Workspace/Reproducibility/Reproducibility-Scanner/benchmarks/bugs-dot-jar/wicket/wicket-core/src/main/java/org/apache/wicket/markup/html/form/Form.java:[1393,52] cannot find symbol
[ERROR]   symbol:   class FileUploadException
[ERROR]   location: class org.apache.wicket.markup.html.form.Form<T>
[ERROR] /data-depot/user/Workspace/Reproducibility/Reproducibility-Scanner/benchmarks/bugs-dot-jar/wicket/wicket-core/src/main/java/org/apache/wicket/protocol/http/IMultipartWebRequest.java:[22,37] package org.apache.wicket.util.upload does not exist
[ERROR] /data-depot/user/Workspace/Reproducibility/Reproducibility-Scanner/benchmarks/bugs-dot-jar/wicket/wicket-core/src/main/java/org/apache/wicket/protocol/http/IMultipartWebRequest.java:[35,33] cannot find symbol
[ERROR]   symbol:   class FileItem
[ERROR]   location: interface org.apache.wicket.protocol.http.IMultipartWebRequest
[ERROR] /data-depot/user/Workspace/Reproducibility/Reproducibility-Scanner/benchmarks/bugs-dot-jar/wicket/wicket-core/src/main/java/org/apache/wicket/protocol/http/IMultipartWebRequest.java:[44,21] cannot find symbol
[ERROR]   symbol:   class FileItem
[ERROR]   location: interface org.apache.wicket.protocol.http.IMultipartWebRequest
[ERROR] /data-depot/user/Workspace/Reproducibility/Reproducibility-Scanner/benchmarks/bugs-dot-jar/wicket/wicket-core/src/main/java/org/apache/wicket/protocol/http/mock/MockHttpServletRequest.java:[69,37] package org.apache.wicket.util.upload does not exist
[ERROR] /data-depot/user/Workspace/Reproducibility/Reproducibility-Scanner/benchmarks/bugs-dot-jar/wicket/wicket-core/src/main/java/org/apache/wicket/protocol/http/servlet/ServletWebRequest.java:[47,37] package org.apache.wicket.util.upload does not exist
[ERROR] /data-depot/user/Workspace/Reproducibility/Reproducibility-Scanner/benchmarks/bugs-dot-jar/wicket/wicket-core/src/main/java/org/apache/wicket/protocol/http/servlet/ServletWebRequest.java:[48,37] package org.apache.wicket.util.upload does not exist
[ERROR] /data-depot/user/Workspace/Reproducibility/Reproducibility-Scanner/benchmarks/bugs-dot-jar/wicket/wicket-core/src/main/java/org/apache/wicket/protocol/http/servlet/MultipartServletWebRequest.java:[27,37] package org.apache.wicket.util.upload does not exist
[ERROR] /data-depot/user/Workspace/Reproducibility/Reproducibility-Scanner/benchmarks/bugs-dot-jar/wicket/wicket-core/src/main/java/org/apache/wicket/protocol/http/servlet/ServletWebRequest.java:[429,24] cannot find symbol
[ERROR]   symbol:   class FileUploadException
[ERROR]   location: class org.apache.wicket.protocol.http.servlet.ServletWebRequest
[ERROR] /data-depot/user/Workspace/Reproducibility/Reproducibility-Scanner/benchmarks/bugs-dot-jar/wicket/wicket-core/src/main/java/org/apache/wicket/protocol/http/servlet/ServletWebRequest.java:[446,17] cannot find symbol
[ERROR]   symbol:   class FileItemFactory
[ERROR]   location: class org.apache.wicket.protocol.http.servlet.ServletWebRequest
[ERROR] /data-depot/user/Workspace/Reproducibility/Reproducibility-Scanner/benchmarks/bugs-dot-jar/wicket/wicket-core/src/main/java/org/apache/wicket/protocol/http/servlet/ServletWebRequest.java:[446,49] cannot find symbol
[ERROR]   symbol:   class FileUploadException
[ERROR]   location: class org.apache.wicket.protocol.http.servlet.ServletWebRequest
[ERROR] /data-depot/user/Workspace/Reproducibility/Reproducibility-Scanner/benchmarks/bugs-dot-jar/wicket/wicket-core/src/main/java/org/apache/wicket/markup/html/form/upload/MultiFileUploadField.java:[45,37] package org.apache.wicket.util.upload does not exist
[ERROR] /data-depot/user/Workspace/Reproducibility/Reproducibility-Scanner/benchmarks/bugs-dot-jar/wicket/wicket-core/src/main/java/org/apache/wicket/markup/html/form/upload/FileUpload.java:[35,37] package org.apache.wicket.util.upload does not exist
[ERROR] /data-depot/user/Workspace/Reproducibility/Reproducibility-Scanner/benchmarks/bugs-dot-jar/wicket/wicket-core/src/main/java/org/apache/wicket/markup/html/form/upload/FileUpload.java:[48,23] cannot find symbol
[ERROR]   symbol:   class FileItem
[ERROR]   location: class org.apache.wicket.markup.html.form.upload.FileUpload
[ERROR] /data-depot/user/Workspace/Reproducibility/Reproducibility-Scanner/benchmarks/bugs-dot-jar/wicket/wicket-core/src/main/java/org/apache/wicket/markup/html/form/upload/FileUpload.java:[58,33] cannot find symbol
[ERROR]   symbol:   class FileItem
[ERROR]   location: class org.apache.wicket.markup.html.form.upload.FileUpload
[ERROR] /data-depot/user/Workspace/Reproducibility/Reproducibility-Scanner/benchmarks/bugs-dot-jar/wicket/wicket-core/src/main/java/org/apache/wicket/markup/html/form/upload/FileUploadField.java:[29,37] package org.apache.wicket.util.upload does not exist
[ERROR] /data-depot/user/Workspace/Reproducibility/Reproducibility-Scanner/benchmarks/bugs-dot-jar/wicket/wicket-core/src/main/java/org/apache/wicket/protocol/http/servlet/MultipartServletWebRequestImpl.java:[35,37] package org.apache.wicket.util.upload does not exist
[ERROR] /data-depot/user/Workspace/Reproducibility/Reproducibility-Scanner/benchmarks/bugs-dot-jar/wicket/wicket-core/src/main/java/org/apache/wicket/protocol/http/servlet/MultipartServletWebRequestImpl.java:[36,37] package org.apache.wicket.util.upload does not exist
[ERROR] /data-depot/user/Workspace/Reproducibility/Reproducibility-Scanner/benchmarks/bugs-dot-jar/wicket/wicket-core/src/main/java/org/apache/wicket/protocol/http/servlet/MultipartServletWebRequestImpl.java:[37,37] package org.apache.wicket.util.upload does not exist
[ERROR] /data-depot/user/Workspace/Reproducibility/Reproducibility-Scanner/benchmarks/bugs-dot-jar/wicket/wicket-core/src/main/java/org/apache/wicket/protocol/http/servlet/MultipartServletWebRequestImpl.java:[38,37] package org.apache.wicket.util.upload does not exist
[ERROR] /data-depot/user/Workspace/Reproducibility/Reproducibility-Scanner/benchmarks/bugs-dot-jar/wicket/wicket-core/src/main/java/org/apache/wicket/protocol/http/servlet/MultipartServletWebRequestImpl.java:[39,37] package org.apache.wicket.util.upload does not exist
[ERROR] /data-depot/user/Workspace/Reproducibility/Reproducibility-Scanner/benchmarks/bugs-dot-jar/wicket/wicket-core/src/main/java/org/apache/wicket/protocol/http/servlet/MultipartServletWebRequestImpl.java:[40,37] package org.apache.wicket.util.upload does not exist
[ERROR] /data-depot/user/Workspace/Reproducibility/Reproducibility-Scanner/benchmarks/bugs-dot-jar/wicket/wicket-core/src/main/java/org/apache/wicket/protocol/http/servlet/MultipartServletWebRequestImpl.java:[41,37] package org.apache.wicket.util.upload does not exist
[ERROR] /data-depot/user/Workspace/Reproducibility/Reproducibility-Scanner/benchmarks/bugs-dot-jar/wicket/wicket-core/src/main/java/org/apache/wicket/protocol/http/servlet/MultipartServletWebRequestImpl.java:[57,40] cannot find symbol
[ERROR]   symbol:   class FileItem
[ERROR]   location: class org.apache.wicket.protocol.http.servlet.MultipartServletWebRequestImpl
[ERROR] /data-depot/user/Workspace/Reproducibility/Reproducibility-Scanner/benchmarks/bugs-dot-jar/wicket/wicket-core/src/main/java/org/apache/wicket/protocol/http/servlet/MultipartServletWebRequestImpl.java:[89,54] cannot find symbol
[ERROR]   symbol:   class FileUploadException
[ERROR]   location: class org.apache.wicket.protocol.http.servlet.MultipartServletWebRequestImpl
[ERROR] /data-depot/user/Workspace/Reproducibility/Reproducibility-Scanner/benchmarks/bugs-dot-jar/wicket/wicket-core/src/main/java/org/apache/wicket/protocol/http/servlet/MultipartServletWebRequestImpl.java:[114,47] cannot find symbol
[ERROR]   symbol:   class FileItemFactory
[ERROR]   location: class org.apache.wicket.protocol.http.servlet.MultipartServletWebRequestImpl
[ERROR] /data-depot/user/Workspace/Reproducibility/Reproducibility-Scanner/benchmarks/bugs-dot-jar/wicket/wicket-core/src/main/java/org/apache/wicket/protocol/http/servlet/MultipartServletWebRequestImpl.java:[114,79] cannot find symbol
[ERROR]   symbol:   class FileUploadException
[ERROR]   location: class org.apache.wicket.protocol.http.servlet.MultipartServletWebRequestImpl
[ERROR] /data-depot/user/Workspace/Reproducibility/Reproducibility-Scanner/benchmarks/bugs-dot-jar/wicket/wicket-core/src/main/java/org/apache/wicket/protocol/http/servlet/MultipartServletWebRequestImpl.java:[259,33] cannot find symbol
[ERROR]   symbol:   class FileItem
[ERROR]   location: class org.apache.wicket.protocol.http.servlet.MultipartServletWebRequestImpl
[ERROR] /data-depot/user/Workspace/Reproducibility/Reproducibility-Scanner/benchmarks/bugs-dot-jar/wicket/wicket-core/src/main/java/org/apache/wicket/protocol/http/servlet/MultipartServletWebRequestImpl.java:[272,21] cannot find symbol
[ERROR]   symbol:   class FileItem
[ERROR]   location: class org.apache.wicket.protocol.http.servlet.MultipartServletWebRequestImpl
[ERROR] /data-depot/user/Workspace/Reproducibility/Reproducibility-Scanner/benchmarks/bugs-dot-jar/wicket/wicket-core/src/main/java/org/apache/wicket/protocol/http/servlet/MultipartServletWebRequestImpl.java:[409,24] cannot find symbol
[ERROR]   symbol:   class FileUploadException
[ERROR]   location: class org.apache.wicket.protocol.http.servlet.MultipartServletWebRequestImpl
[ERROR] /data-depot/user/Workspace/Reproducibility/Reproducibility-Scanner/benchmarks/bugs-dot-jar/wicket/wicket-core/src/main/java/org/apache/wicket/protocol/http/servlet/MultipartServletWebRequestImpl.java:[431,17] cannot find symbol
[ERROR]   symbol:   class FileItemFactory
[ERROR]   location: class org.apache.wicket.protocol.http.servlet.MultipartServletWebRequestImpl
[ERROR] /data-depot/user/Workspace/Reproducibility/Reproducibility-Scanner/benchmarks/bugs-dot-jar/wicket/wicket-core/src/main/java/org/apache/wicket/protocol/http/servlet/MultipartServletWebRequestImpl.java:[431,49] cannot find symbol
[ERROR]   symbol:   class FileUploadException
[ERROR]   location: class org.apache.wicket.protocol.http.servlet.MultipartServletWebRequestImpl
[ERROR] /data-depot/user/Workspace/Reproducibility/Reproducibility-Scanner/benchmarks/bugs-dot-jar/wicket/wicket-core/src/main/java/org/apache/wicket/Component.java:[3424,63] cannot find symbol
[ERROR]   symbol:   class AllVisitFilter
[ERROR]   location: class org.apache.wicket.Component
[ERROR] /data-depot/user/Workspace/Reproducibility/Reproducibility-Scanner/benchmarks/bugs-dot-jar/wicket/wicket-core/src/main/java/org/apache/wicket/markup/html/form/Form.java:[1367,38] cannot find symbol
[ERROR]   symbol:   class FileUploadException
[ERROR]   location: class org.apache.wicket.markup.html.form.Form<T>
[ERROR] /data-depot/user/Workspace/Reproducibility/Reproducibility-Scanner/benchmarks/bugs-dot-jar/wicket/wicket-core/src/main/java/org/apache/wicket/markup/html/form/Form.java:[1396,34] cannot find symbol
[ERROR]   symbol:   class SizeLimitExceededException
[ERROR]   location: class org.apache.wicket.markup.html.form.Form<T>
[ERROR] /data-depot/user/Workspace/Reproducibility/Reproducibility-Scanner/benchmarks/bugs-dot-jar/wicket/wicket-core/src/main/java/org/apache/wicket/protocol/http/mock/MockHttpServletRequest.java:[441,32] cannot find symbol
[ERROR]   symbol:   variable FileUploadBase
[ERROR]   location: class org.apache.wicket.protocol.http.mock.MockHttpServletRequest
[ERROR] /data-depot/user/Workspace/Reproducibility/Reproducibility-Scanner/benchmarks/bugs-dot-jar/wicket/wicket-core/src/main/java/org/apache/wicket/protocol/http/servlet/MultipartServletWebRequest.java:[69,37] cannot find symbol
[ERROR]   symbol: class FileItem
[ERROR] /data-depot/user/Workspace/Reproducibility/Reproducibility-Scanner/benchmarks/bugs-dot-jar/wicket/wicket-core/src/main/java/org/apache/wicket/protocol/http/servlet/MultipartServletWebRequest.java:[75,49] cannot find symbol
[ERROR]   symbol: class FileItem
[ERROR] /data-depot/user/Workspace/Reproducibility/Reproducibility-Scanner/benchmarks/bugs-dot-jar/wicket/wicket-core/src/main/java/org/apache/wicket/markup/html/form/upload/MultiFileUploadField.java:[255,56] cannot find symbol
[ERROR]   symbol:   class FileItem
[ERROR]   location: class org.apache.wicket.markup.html.form.upload.MultiFileUploadField
[ERROR] /data-depot/user/Workspace/Reproducibility/Reproducibility-Scanner/benchmarks/bugs-dot-jar/wicket/wicket-core/src/main/java/org/apache/wicket/markup/html/form/upload/MultiFileUploadField.java:[256,57] cannot find symbol
[ERROR]   symbol:   class FileItem
[ERROR]   location: class org.apache.wicket.markup.html.form.upload.MultiFileUploadField
[ERROR] /data-depot/user/Workspace/Reproducibility/Reproducibility-Scanner/benchmarks/bugs-dot-jar/wicket/wicket-core/src/main/java/org/apache/wicket/markup/html/form/upload/MultiFileUploadField.java:[261,52] cannot find symbol
[ERROR]   symbol:   class FileItem
[ERROR]   location: class org.apache.wicket.markup.html.form.upload.MultiFileUploadField
[ERROR] /data-depot/user/Workspace/Reproducibility/Reproducibility-Scanner/benchmarks/bugs-dot-jar/wicket/wicket-core/src/main/java/org/apache/wicket/markup/html/form/upload/MultiFileUploadField.java:[306,38] cannot find symbol
[ERROR]   symbol:   class FileItem
[ERROR]   location: class org.apache.wicket.markup.html.form.upload.MultiFileUploadField
[ERROR] /data-depot/user/Workspace/Reproducibility/Reproducibility-Scanner/benchmarks/bugs-dot-jar/wicket/wicket-core/src/main/java/org/apache/wicket/markup/html/form/upload/MultiFileUploadField.java:[307,38] cannot find symbol
[ERROR]   symbol:   class FileItem
[ERROR]   location: class org.apache.wicket.markup.html.form.upload.MultiFileUploadField
[ERROR] /data-depot/user/Workspace/Reproducibility/Reproducibility-Scanner/benchmarks/bugs-dot-jar/wicket/wicket-core/src/main/java/org/apache/wicket/markup/html/form/upload/FileUploadField.java:[105,36] cannot find symbol
[ERROR]   symbol:   class FileItem
[ERROR]   location: class org.apache.wicket.markup.html.form.upload.FileUploadField
[ERROR] /data-depot/user/Workspace/Reproducibility/Reproducibility-Scanner/benchmarks/bugs-dot-jar/wicket/wicket-core/src/main/java/org/apache/wicket/markup/html/form/upload/FileUploadField.java:[109,38] cannot find symbol
[ERROR]   symbol:   class FileItem
[ERROR]   location: class org.apache.wicket.markup.html.form.upload.FileUploadField
[ERROR] /data-depot/user/Workspace/Reproducibility/Reproducibility-Scanner/benchmarks/bugs-dot-jar/wicket/wicket-core/src/main/java/org/apache/wicket/protocol/http/servlet/MultipartServletWebRequestImpl.java:[91,66] cannot find symbol
[ERROR]   symbol:   class DiskFileItemFactory
[ERROR]   location: class org.apache.wicket.protocol.http.servlet.MultipartServletWebRequestImpl
[ERROR] /data-depot/user/Workspace/Reproducibility/Reproducibility-Scanner/benchmarks/bugs-dot-jar/wicket/wicket-core/src/main/java/org/apache/wicket/protocol/http/servlet/MultipartServletWebRequestImpl.java:[125,45] cannot find symbol
[ERROR]   symbol:   variable ServletFileUpload
[ERROR]   location: class org.apache.wicket.protocol.http.servlet.MultipartServletWebRequestImpl
[ERROR] /data-depot/user/Workspace/Reproducibility/Reproducibility-Scanner/benchmarks/bugs-dot-jar/wicket/wicket-core/src/main/java/org/apache/wicket/protocol/http/servlet/MultipartServletWebRequestImpl.java:[133,17] cannot find symbol
[ERROR]   symbol:   class ServletFileUpload
[ERROR]   location: class org.apache.wicket.protocol.http.servlet.MultipartServletWebRequestImpl
[ERROR] /data-depot/user/Workspace/Reproducibility/Reproducibility-Scanner/benchmarks/bugs-dot-jar/wicket/wicket-core/src/main/java/org/apache/wicket/protocol/http/servlet/MultipartServletWebRequestImpl.java:[133,52] cannot find symbol
[ERROR]   symbol:   class ServletFileUpload
[ERROR]   location: class org.apache.wicket.protocol.http.servlet.MultipartServletWebRequestImpl
[ERROR] /data-depot/user/Workspace/Reproducibility/Reproducibility-Scanner/benchmarks/bugs-dot-jar/wicket/wicket-core/src/main/java/org/apache/wicket/protocol/http/servlet/MultipartServletWebRequestImpl.java:[156,28] cannot find symbol
[ERROR]   symbol:   class FileItem
[ERROR]   location: class org.apache.wicket.protocol.http.servlet.MultipartServletWebRequestImpl
[ERROR] /data-depot/user/Workspace/Reproducibility/Reproducibility-Scanner/benchmarks/bugs-dot-jar/wicket/wicket-core/src/main/java/org/apache/wicket/protocol/http/servlet/MultipartServletWebRequestImpl.java:[160,25] cannot find symbol
[ERROR]   symbol:   class ServletRequestContext
[ERROR]   location: class org.apache.wicket.protocol.http.servlet.MultipartServletWebRequestImpl
[ERROR] /data-depot/user/Workspace/Reproducibility/Reproducibility-Scanner/benchmarks/bugs-dot-jar/wicket/wicket-core/src/main/java/org/apache/wicket/protocol/http/servlet/MultipartServletWebRequestImpl.java:[160,57] cannot find symbol
[ERROR]   symbol:   class ServletRequestContext
[ERROR]   location: class org.apache.wicket.protocol.http.servlet.MultipartServletWebRequestImpl
[ERROR] /data-depot/user/Workspace/Reproducibility/Reproducibility-Scanner/benchmarks/bugs-dot-jar/wicket/wicket-core/src/main/java/org/apache/wicket/protocol/http/servlet/MultipartServletWebRequestImpl.java:[186,28] cannot find symbol
[ERROR]   symbol:   class FileItem
[ERROR]   location: class org.apache.wicket.protocol.http.servlet.MultipartServletWebRequestImpl
[ERROR] /data-depot/user/Workspace/Reproducibility/Reproducibility-Scanner/benchmarks/bugs-dot-jar/wicket/wicket-core/src/main/java/org/apache/wicket/protocol/http/servlet/MultipartServletWebRequestImpl.java:[214,38] cannot find symbol
[ERROR]   symbol:   class FileItem
[ERROR]   location: class org.apache.wicket.protocol.http.servlet.MultipartServletWebRequestImpl
[ERROR] /data-depot/user/Workspace/Reproducibility/Reproducibility-Scanner/benchmarks/bugs-dot-jar/wicket/wicket-core/src/main/java/org/apache/wicket/protocol/http/servlet/MultipartServletWebRequestImpl.java:[411,45] cannot find symbol
[ERROR]   symbol:   class FileItem
[ERROR]   location: class org.apache.wicket.protocol.http.servlet.MultipartServletWebRequestImpl
[ERROR] /data-depot/user/Workspace/Reproducibility/Reproducibility-Scanner/benchmarks/bugs-dot-jar/wicket/wicket-core/src/main/java/org/apache/wicket/protocol/http/servlet/MultipartServletWebRequestImpl.java:[413,30] cannot find symbol
[ERROR]   symbol:   class FileItem
[ERROR]   location: class org.apache.wicket.protocol.http.servlet.MultipartServletWebRequestImpl
[ERROR] /data-depot/user/Workspace/Reproducibility/Reproducibility-Scanner/benchmarks/bugs-dot-jar/wicket/wicket-core/src/main/java/org/apache/wicket/protocol/http/servlet/MultipartServletWebRequestImpl.java:[414,30] cannot find symbol
[ERROR]   symbol:   class FileItem
[ERROR]   location: class org.apache.wicket.protocol.http.servlet.MultipartServletWebRequestImpl
[ERROR] /data-depot/user/Workspace/Reproducibility/Reproducibility-Scanner/benchmarks/bugs-dot-jar/wicket/wicket-core/src/main/java/org/apache/wicket/protocol/http/servlet/MultipartServletWebRequestImpl.java:[419,41] cannot find symbol
[ERROR]   symbol:   class FileUploadException
[ERROR]   location: class org.apache.wicket.protocol.http.servlet.MultipartServletWebRequestImpl
[ERROR] /data-depot/user/Workspace/Reproducibility/Reproducibility-Scanner/benchmarks/bugs-dot-jar/wicket/wicket-core/src/main/java/org/apache/wicket/protocol/http/servlet/MultipartServletWebRequestImpl.java:[419,87] package FileUploadBase does not exist
[ERROR] -> [Help 1]
[ERROR] Failed to execute goal on project wicket: Could not resolve dependencies for project org.apache.wicket:wicket:pom:7.0.0-SNAPSHOT: Failure to find org.apache.wicket:wicket-core:jar:7.0.0-SNAPSHOT in http://repository.apache.org/snapshots was cached in the local repository, resolution will not be reattempted until the update interval of apache.snapshots has elapsed or updates are forced -> [Help 2]
[ERROR] Failed to execute goal on project wicket-datetime: Could not resolve dependencies for project org.apache.wicket:wicket-datetime:jar:7.0.0-SNAPSHOT: Failure to find org.apache.wicket:wicket-core:jar:7.0.0-SNAPSHOT in http://repository.apache.org/snapshots was cached in the local repository, resolution will not be reattempted until the update interval of apache.snapshots has elapsed or updates are forced -> [Help 2]
[ERROR] Failed to execute goal on project wicket-extensions: Could not resolve dependencies for project org.apache.wicket:wicket-extensions:jar:7.0.0-SNAPSHOT: Failure to find org.apache.wicket:wicket-core:jar:7.0.0-SNAPSHOT in http://repository.apache.org/snapshots was cached in the local repository, resolution will not be reattempted until the update interval of apache.snapshots has elapsed or updates are forced -> [Help 2]
[ERROR] Failed to execute goal on project wicket-devutils: Could not resolve dependencies for project org.apache.wicket:wicket-devutils:jar:7.0.0-SNAPSHOT: Failure to find org.apache.wicket:wicket-core:jar:7.0.0-SNAPSHOT in http://repository.apache.org/snapshots was cached in the local repository, resolution will not be reattempted until the update interval of apache.snapshots has elapsed or updates are forced -> [Help 2]
[ERROR] Failed to execute goal on project wicket-ioc: Could not resolve dependencies for project org.apache.wicket:wicket-ioc:jar:7.0.0-SNAPSHOT: Failure to find org.apache.wicket:wicket-core:jar:7.0.0-SNAPSHOT in http://repository.apache.org/snapshots was cached in the local repository, resolution will not be reattempted until the update interval of apache.snapshots has elapsed or updates are forced -> [Help 2]
[ERROR] Failed to execute goal on project wicket-cdi: Could not resolve dependencies for project org.apache.wicket:wicket-cdi:jar:7.0.0-SNAPSHOT: Failure to find org.apache.wicket:wicket-core:jar:7.0.0-SNAPSHOT in http://repository.apache.org/snapshots was cached in the local repository, resolution will not be reattempted until the update interval of apache.snapshots has elapsed or updates are forced -> [Help 2]
[ERROR] Failed to execute goal on project wicket-spring: Could not resolve dependencies for project org.apache.wicket:wicket-spring:jar:7.0.0-SNAPSHOT: Failure to find org.apache.wicket:wicket-core:jar:7.0.0-SNAPSHOT in http://repository.apache.org/snapshots was cached in the local repository, resolution will not be reattempted until the update interval of apache.snapshots has elapsed or updates are forced -> [Help 2]
[ERROR] Failed to execute goal on project wicket-velocity: Could not resolve dependencies for project org.apache.wicket:wicket-velocity:jar:7.0.0-SNAPSHOT: Failure to find org.apache.wicket:wicket-core:jar:7.0.0-SNAPSHOT in http://repository.apache.org/snapshots was cached in the local repository, resolution will not be reattempted until the update interval of apache.snapshots has elapsed or updates are forced -> [Help 2]
[ERROR] Failed to execute goal on project wicket-auth-roles: Could not resolve dependencies for project org.apache.wicket:wicket-auth-roles:jar:7.0.0-SNAPSHOT: Failure to find org.apache.wicket:wicket-core:jar:7.0.0-SNAPSHOT in http://repository.apache.org/snapshots was cached in the local repository, resolution will not be reattempted until the update interval of apache.snapshots has elapsed or updates are forced -> [Help 2]
[ERROR] Failed to execute goal on project wicket-guice: Could not resolve dependencies for project org.apache.wicket:wicket-guice:jar:7.0.0-SNAPSHOT: Failure to find org.apache.wicket:wicket-core:jar:7.0.0-SNAPSHOT in http://repository.apache.org/snapshots was cached in the local repository, resolution will not be reattempted until the update interval of apache.snapshots has elapsed or updates are forced -> [Help 2]
[ERROR] Failed to execute goal on project wicket-jmx: Could not resolve dependencies for project org.apache.wicket:wicket-jmx:jar:7.0.0-SNAPSHOT: Failure to find org.apache.wicket:wicket-core:jar:7.0.0-SNAPSHOT in http://repository.apache.org/snapshots was cached in the local repository, resolution will not be reattempted until the update interval of apache.snapshots has elapsed or updates are forced -> [Help 2]
[ERROR] Failed to execute goal on project wicket-objectsizeof-agent: Could not resolve dependencies for project org.apache.wicket:wicket-objectsizeof-agent:jar:7.0.0-SNAPSHOT: Failure to find org.apache.wicket:wicket-core:jar:7.0.0-SNAPSHOT in http://repository.apache.org/snapshots was cached in the local repository, resolution will not be reattempted until the update interval of apache.snapshots has elapsed or updates are forced -> [Help 2]
[ERROR] Failed to execute goal on project wicket-atmosphere: Could not resolve dependencies for project org.apache.wicket:wicket-atmosphere:jar:0.10-SNAPSHOT: Failure to find org.apache.wicket:wicket-core:jar:7.0.0-SNAPSHOT in http://repository.apache.org/snapshots was cached in the local repository, resolution will not be reattempted until the update interval of apache.snapshots has elapsed or updates are forced -> [Help 2]
[ERROR] Failed to execute goal on project wicket-bean-validation: Could not resolve dependencies for project org.apache.wicket:wicket-bean-validation:jar:0.9-SNAPSHOT: Failure to find org.apache.wicket:wicket-core:jar:7.0.0-SNAPSHOT in http://repository.apache.org/snapshots was cached in the local repository, resolution will not be reattempted until the update interval of apache.snapshots has elapsed or updates are forced -> [Help 2]
[ERROR] Failed to execute goal on project wicket-cdi-1.1-core: Could not resolve dependencies for project org.apache.wicket:wicket-cdi-1.1-core:jar:0.2-SNAPSHOT: Failure to find org.apache.wicket:wicket-core:jar:7.0.0-SNAPSHOT in http://repository.apache.org/snapshots was cached in the local repository, resolution will not be reattempted until the update interval of apache.snapshots has elapsed or updates are forced -> [Help 2]
[ERROR] Failed to execute goal on project wicket-cdi-1.1-weld: Could not resolve dependencies for project org.apache.wicket:wicket-cdi-1.1-weld:jar:0.2-SNAPSHOT: Failure to find org.apache.wicket:wicket-core:jar:7.0.0-SNAPSHOT in http://repository.apache.org/snapshots was cached in the local repository, resolution will not be reattempted until the update interval of apache.snapshots has elapsed or updates are forced -> [Help 2]
[ERROR] Failed to execute goal on project wicket-examples: Could not resolve dependencies for project org.apache.wicket:wicket-examples:war:7.0.0-SNAPSHOT: Failure to find org.apache.wicket:wicket-core:jar:7.0.0-SNAPSHOT in http://repository.apache.org/snapshots was cached in the local repository, resolution will not be reattempted until the update interval of apache.snapshots has elapsed or updates are forced -> [Help 2]
[ERROR] Failed to execute goal on project wicket-native-websocket-core: Could not resolve dependencies for project org.apache.wicket:wicket-native-websocket-core:jar:0.9-SNAPSHOT: Failure to find org.apache.wicket:wicket-core:jar:7.0.0-SNAPSHOT in http://repository.apache.org/snapshots was cached in the local repository, resolution will not be reattempted until the update interval of apache.snapshots has elapsed or updates are forced -> [Help 2]
[ERROR] Failed to execute goal on project wicket-native-websocket-jetty: Could not resolve dependencies for project org.apache.wicket:wicket-native-websocket-jetty:jar:0.9-SNAPSHOT: Failure to find org.apache.wicket:wicket-core:jar:7.0.0-SNAPSHOT in http://repository.apache.org/snapshots was cached in the local repository, resolution will not be reattempted until the update interval of apache.snapshots has elapsed or updates are forced -> [Help 2]
[ERROR] Failed to execute goal on project wicket-native-websocket-jetty9: Could not resolve dependencies for project org.apache.wicket:wicket-native-websocket-jetty9:jar:0.9-SNAPSHOT: Failure to find org.apache.wicket:wicket-core:jar:7.0.0-SNAPSHOT in http://repository.apache.org/snapshots was cached in the local repository, resolution will not be reattempted until the update interval of apache.snapshots has elapsed or updates are forced -> [Help 2]
[ERROR] Failed to execute goal on project wicket-native-websocket-tomcat: Could not resolve dependencies for project org.apache.wicket:wicket-native-websocket-tomcat:jar:0.9-SNAPSHOT: Failure to find org.apache.wicket:wicket-core:jar:7.0.0-SNAPSHOT in http://repository.apache.org/snapshots was cached in the local repository, resolution will not be reattempted until the update interval of apache.snapshots has elapsed or updates are forced -> [Help 2]
[ERROR] Failed to execute goal on project wicket-bootstrap: Could not resolve dependencies for project org.apache.wicket:wicket-bootstrap:jar:0.9-SNAPSHOT: Failure to find org.apache.wicket:wicket-core:jar:7.0.0-SNAPSHOT in http://repository.apache.org/snapshots was cached in the local repository, resolution will not be reattempted until the update interval of apache.snapshots has elapsed or updates are forced -> [Help 2]
[ERROR] Failed to execute goal on project wicket-examples-jar: Could not resolve dependencies for project org.apache.wicket:wicket-examples-jar:jar:0.9-SNAPSHOT: Failure to find org.apache.wicket:wicket-core:jar:7.0.0-SNAPSHOT in http://repository.apache.org/snapshots was cached in the local repository, resolution will not be reattempted until the update interval of apache.snapshots has elapsed or updates are forced -> [Help 2]
[ERROR] Failed to execute goal on project wicket-examples-war: Could not resolve dependencies for project org.apache.wicket:wicket-examples-war:war:0.9-SNAPSHOT: Failure to find org.apache.wicket:wicket-core:jar:7.0.0-SNAPSHOT in http://repository.apache.org/snapshots was cached in the local repository, resolution will not be reattempted until the update interval of apache.snapshots has elapsed or updates are forced -> [Help 2]
[ERROR] Failed to execute goal on project wicket-common-tests: Could not resolve dependencies for project org.apache.wicket:wicket-common-tests:jar:7.0.0-SNAPSHOT: Failure to find org.apache.wicket:wicket-core:jar:7.0.0-SNAPSHOT in http://repository.apache.org/snapshots was cached in the local repository, resolution will not be reattempted until the update interval of apache.snapshots has elapsed or updates are forced -> [Help 2]
[ERROR] 
[ERROR] To see the full stack trace of the errors, re-run Maven with the -e switch.
[ERROR] Re-run Maven using the -X switch to enable full debug logging.
[ERROR] 
[ERROR] For more information about the errors and possible solutions, please read the following articles:
[ERROR] [Help 1] http://cwiki.apache.org/confluence/display/MAVEN/MojoFailureException
[ERROR] [Help 2] http://cwiki.apache.org/confluence/display/MAVEN/DependencyResolutionException
[ERROR] 
[ERROR] After correcting the problems, you can resume the build with the command
[ERROR]   mvn <goals> -rf :wicket-util
[INFO] Build failures were ignored.
[INFO] Scanning for projects...
[INFO] 
[INFO] ------------------< org.apache.wicket:wicket-request >------------------
[INFO] Building Wicket Request 7.0.0-SNAPSHOT
[INFO] --------------------------------[ jar ]---------------------------------
[WARNING] The POM for org.apache.wicket:wicket-util:jar:7.0.0-SNAPSHOT is invalid, transitive dependencies (if any) will not be available, enable debug logging for more details
[INFO] 
[INFO] --- maven-remote-resources-plugin:1.4:process (default) @ wicket-request ---
[WARNING] Invalid POM for org.apache.wicket:wicket-util:jar:7.0.0-SNAPSHOT, transitive dependencies (if any) will not be available, enable debug logging for more details
[WARNING] Invalid project model for artifact [wicket-util:org.apache.wicket:7.0.0-SNAPSHOT]. It will be ignored by the remote resources Mojo.
[INFO] 
[INFO] --- maven-resources-plugin:2.6:resources (default-resources) @ wicket-request ---
[INFO] Using 'UTF-8' encoding to copy filtered resources.
[INFO] Copying 1 resource
[INFO] skip non existing resourceDirectory /data-depot/user/Workspace/Reproducibility/Reproducibility-Scanner/benchmarks/bugs-dot-jar/wicket/wicket-request/src/main/resources
[INFO] Copying 3 resources
[INFO] 
[INFO] --- maven-compiler-plugin:3.1:compile (default-compile) @ wicket-request ---
[INFO] Nothing to compile - all classes are up to date
[INFO] 
[INFO] >>> clirr-maven-plugin:2.5:check (clirr-check) > compile @ wicket-request >>>
[INFO] 
[INFO] --- maven-remote-resources-plugin:1.4:process (default) @ wicket-request ---
[WARNING] Invalid project model for artifact [wicket-util:org.apache.wicket:7.0.0-SNAPSHOT]. It will be ignored by the remote resources Mojo.
[INFO] 
[INFO] --- maven-resources-plugin:2.6:resources (default-resources) @ wicket-request ---
[INFO] Using 'UTF-8' encoding to copy filtered resources.
[INFO] Copying 1 resource
[INFO] skip non existing resourceDirectory /data-depot/user/Workspace/Reproducibility/Reproducibility-Scanner/benchmarks/bugs-dot-jar/wicket/wicket-request/src/main/resources
[INFO] Copying 3 resources
[INFO] Copying 3 resources
[INFO] 
[INFO] --- maven-compiler-plugin:3.1:compile (default-compile) @ wicket-request ---
[INFO] Nothing to compile - all classes are up to date
[INFO] 
[INFO] <<< clirr-maven-plugin:2.5:check (clirr-check) < compile @ wicket-request <<<
[INFO] 
[INFO] 
[INFO] --- clirr-maven-plugin:2.5:check (clirr-check) @ wicket-request ---
[INFO] Skipping execution
[INFO] 
[INFO] --- maven-bundle-plugin:2.3.7:manifest (bundle-manifest) @ wicket-request ---
[INFO] 
[INFO] --- maven-resources-plugin:2.6:testResources (default-testResources) @ wicket-request ---
[INFO] Using 'UTF-8' encoding to copy filtered resources.
[INFO] Copying 1 resource
[INFO] Copying 3 resources
[INFO] 
[INFO] --- maven-compiler-plugin:3.1:testCompile (default-testCompile) @ wicket-request ---
[INFO] Nothing to compile - all classes are up to date
[INFO] 
[INFO] --- maven-surefire-plugin:2.12.2:test (default-test) @ wicket-request ---
[INFO] Surefire report directory: /data-depot/user/Workspace/Reproducibility/Reproducibility-Scanner/benchmarks/bugs-dot-jar/wicket/wicket-request/target/surefire-reports
[INFO] Using configured provider org.apache.maven.surefire.junitcore.JUnitCoreProvider

-------------------------------------------------------
 T E S T S
-------------------------------------------------------
Concurrency config is parallel='none', perCoreThreadCount=true, threadCount=2, useUnlimitedThreads=false
Running org.apache.wicket.request.HttpHeaderCollectionTest
Tests run: 3, Failures: 0, Errors: 0, Skipped: 0, Time elapsed: 0.021 sec
Running org.apache.wicket.request.http.handler.RedirectRequestHandlerTest
Tests run: 3, Failures: 0, Errors: 0, Skipped: 0, Time elapsed: 0.107 sec
Running org.apache.wicket.request.mapper.parameter.PageParametersTest
Tests run: 6, Failures: 0, Errors: 0, Skipped: 0, Time elapsed: 0.005 sec
Running org.apache.wicket.request.mapper.parameter.PageParametersEncoderTest
Tests run: 1, Failures: 0, Errors: 0, Skipped: 0, Time elapsed: 0.001 sec
Running org.apache.wicket.request.mapper.parameter.UrlPathPageParametersEncoderTest
Tests run: 9, Failures: 0, Errors: 0, Skipped: 0, Time elapsed: 0.002 sec
Running org.apache.wicket.request.mapper.CompoundRequestMapperTest
Tests run: 2, Failures: 0, Errors: 0, Skipped: 0, Time elapsed: 0.006 sec
Running org.apache.wicket.request.mapper.mount.MountParametersTest
Tests run: 3, Failures: 0, Errors: 0, Skipped: 0, Time elapsed: 0.001 sec
Running org.apache.wicket.request.UrlUtilsTest
Tests run: 2, Failures: 0, Errors: 0, Skipped: 0, Time elapsed: 0.001 sec
Running org.apache.wicket.request.parameter.CombinedRequestParametersAdapterTest
Tests run: 1, Failures: 0, Errors: 0, Skipped: 0, Time elapsed: 0.001 sec
Running org.apache.wicket.request.UrlTest
Tests run: 67, Failures: 0, Errors: 1, Skipped: 0, Time elapsed: 0.134 sec <<< FAILURE!
Running org.apache.wicket.request.util.license.ApacheLicenceHeaderTest
Tests run: 1, Failures: 0, Errors: 0, Skipped: 0, Time elapsed: 0.055 sec

Results :

Tests in error: 
  parse17(org.apache.wicket.request.UrlTest): For input string: "secret@localhost"

Tests run: 98, Failures: 0, Errors: 1, Skipped: 0

[INFO] ------------------------------------------------------------------------
[INFO] BUILD FAILURE
[INFO] ------------------------------------------------------------------------
[INFO] Total time: 2.923 s
[INFO] Finished at: 2022-07-13T21:54:47-07:00
[INFO] ------------------------------------------------------------------------
[ERROR] Failed to execute goal org.apache.maven.plugins:maven-surefire-plugin:2.12.2:test (default-test) on project wicket-request: There are test failures.
[ERROR] 
[ERROR] Please refer to /data-depot/user/Workspace/Reproducibility/Reproducibility-Scanner/benchmarks/bugs-dot-jar/wicket/wicket-request/target/surefire-reports for the individual test results.
[ERROR] -> [Help 1]
[ERROR] 
[ERROR] To see the full stack trace of the errors, re-run Maven with the -e switch.
[ERROR] Re-run Maven using the -X switch to enable full debug logging.
[ERROR] 
[ERROR] For more information about the errors and possible solutions, please read the following articles:
[ERROR] [Help 1] http://cwiki.apache.org/confluence/display/MAVEN/MojoFailureException