[[1;34mINFO[m] Scanning for projects...
[[1;34mINFO[m] [1m------------------------------------------------------------------------[m
[[1;34mINFO[m] [1mReactor Build Order:[m
[[1;34mINFO[m] 
[[1;34mINFO[m] Apache Maven 3.x                                                   [pom]
[[1;34mINFO[m] Maven Model                                                        [jar]
[[1;34mINFO[m] Maven Settings                                                     [jar]
[[1;34mINFO[m] Maven Artifact                                                     [jar]
[[1;34mINFO[m] Maven Plugin API                                                   [jar]
[[1;34mINFO[m] Maven Model Builder                                                [jar]
[[1;34mINFO[m] Maven Core                                                         [jar]
[[1;34mINFO[m] Maven Compat                                                       [jar]
[[1;34mINFO[m] Maven Embedder                                                     [jar]
[[1;34mINFO[m] Maven Distribution                                                 [pom]
[[1;34mINFO[m] 
[[1;34mINFO[m] [1m-----------------------< [0;36morg.apache.maven:maven[0;1m >-----------------------[m
[[1;34mINFO[m] [1mBuilding Apache Maven 3.x 3.0-SNAPSHOT                            [1/10][m
[[1;34mINFO[m] [1m--------------------------------[ pom ]---------------------------------[m
[[1;34mINFO[m] 
[[1;34mINFO[m] [1m--- [0;32mmaven-remote-resources-plugin:1.1:process[m [1m(default)[m @ [36mmaven[0;1m ---[m
[[1;34mINFO[m] Setting property: classpath.resource.loader.class => 'org.codehaus.plexus.velocity.ContextClassLoaderResourceLoader'.
[[1;34mINFO[m] Setting property: velocimacro.messages.on => 'false'.
[[1;34mINFO[m] Setting property: resource.loader => 'classpath'.
[[1;34mINFO[m] Setting property: resource.manager.logwhenfound => 'false'.
[[1;34mINFO[m] 
[[1;34mINFO[m] [1m--- [0;32mmaven-install-plugin:2.2:install[m [1m(default-install)[m @ [36mmaven[0;1m ---[m
[[1;34mINFO[m] Installing /home/user/Reproducibility-Scanner/benchmarks/bugs-dot-jar/maven/pom.xml to /home/user/.m2/repository/org/apache/maven/maven/3.0-SNAPSHOT/maven-3.0-SNAPSHOT.pom
[[1;34mINFO[m] 
[[1;34mINFO[m] [1m--------------------< [0;36morg.apache.maven:maven-model[0;1m >--------------------[m
[[1;34mINFO[m] [1mBuilding Maven Model 3.0-SNAPSHOT                                 [2/10][m
[[1;34mINFO[m] [1m--------------------------------[ jar ]---------------------------------[m
Downloading from central: https://repo.maven.apache.org/maven2/org/codehaus/modello/modello-maven-plugin/1.1/modello-maven-plugin-1.1.pom
Progress (1): 2.7/5.4 kBProgress (1): 5.4 kB                        Downloaded from central: https://repo.maven.apache.org/maven2/org/codehaus/modello/modello-maven-plugin/1.1/modello-maven-plugin-1.1.pom (5.4 kB at 12 kB/s)
Downloading from central: https://repo.maven.apache.org/maven2/org/codehaus/modello/modello/1.1/modello-1.1.pom
Progress (1): 2.7/22 kBProgress (1): 5.5/22 kBProgress (1): 8.2/22 kBProgress (1): 11/22 kB Progress (1): 14/22 kBProgress (1): 16/22 kBProgress (1): 19/22 kBProgress (1): 21/22 kBProgress (1): 22 kB                      Downloaded from central: https://repo.maven.apache.org/maven2/org/codehaus/modello/modello/1.1/modello-1.1.pom (22 kB at 131 kB/s)
Downloading from central: https://repo.maven.apache.org/maven2/org/codehaus/modello/modello-maven-plugin/1.1/modello-maven-plugin-1.1.jar
Progress (1): 2.7/23 kBProgress (1): 5.5/23 kBProgress (1): 8.2/23 kBProgress (1): 11/23 kB Progress (1): 14/23 kBProgress (1): 16/23 kBProgress (1): 19/23 kBProgress (1): 21/23 kBProgress (1): 23 kB                      Downloaded from central: https://repo.maven.apache.org/maven2/org/codehaus/modello/modello-maven-plugin/1.1/modello-maven-plugin-1.1.jar (23 kB at 141 kB/s)
Downloading from central: https://repo.maven.apache.org/maven2/org/apache/maven/plugins/maven-resources-plugin/2.4/maven-resources-plugin-2.4.pom
Progress (1): 2.7/5.8 kBProgress (1): 5.5/5.8 kBProgress (1): 5.8 kB                        Downloaded from central: https://repo.maven.apache.org/maven2/org/apache/maven/plugins/maven-resources-plugin/2.4/maven-resources-plugin-2.4.pom (5.8 kB at 291 kB/s)
Downloading from central: https://repo.maven.apache.org/maven2/org/apache/maven/plugins/maven-resources-plugin/2.4/maven-resources-plugin-2.4.jar
Progress (1): 4.1/24 kBProgress (1): 8.2/24 kBProgress (1): 12/24 kB Progress (1): 16/24 kBProgress (1): 20/24 kBProgress (1): 24/24 kBProgress (1): 24 kB                      Downloaded from central: https://repo.maven.apache.org/maven2/org/apache/maven/plugins/maven-resources-plugin/2.4/maven-resources-plugin-2.4.jar (24 kB at 1.0 MB/s)
[[1;34mINFO[m] 
[[1;34mINFO[m] [1m--- [0;32mmodello-maven-plugin:1.1:java[m [1m(standard)[m @ [36mmaven-model[0;1m ---[m
Downloading from central: https://repo.maven.apache.org/maven2/org/codehaus/modello/modello-core/1.1/modello-core-1.1.pom
Progress (1): 1.6 kB                    Downloaded from central: https://repo.maven.apache.org/maven2/org/codehaus/modello/modello-core/1.1/modello-core-1.1.pom (1.6 kB at 11 kB/s)
Downloading from central: https://repo.maven.apache.org/maven2/org/codehaus/modello/modello-plugin-converters/1.1/modello-plugin-converters-1.1.pom
Progress (1): 1.3 kB                    Downloaded from central: https://repo.maven.apache.org/maven2/org/codehaus/modello/modello-plugin-converters/1.1/modello-plugin-converters-1.1.pom (1.3 kB at 9.1 kB/s)
Downloading from central: https://repo.maven.apache.org/maven2/org/codehaus/modello/modello-plugins/1.1/modello-plugins-1.1.pom
Progress (1): 1.6 kB                    Downloaded from central: https://repo.maven.apache.org/maven2/org/codehaus/modello/modello-plugins/1.1/modello-plugins-1.1.pom (1.6 kB at 11 kB/s)
Downloading from central: https://repo.maven.apache.org/maven2/org/codehaus/modello/modello-plugin-java/1.1/modello-plugin-java-1.1.pom
Progress (1): 2.0 kB                    Downloaded from central: https://repo.maven.apache.org/maven2/org/codehaus/modello/modello-plugin-java/1.1/modello-plugin-java-1.1.pom (2.0 kB at 13 kB/s)
Downloading from central: https://repo.maven.apache.org/maven2/org/codehaus/modello/modello-plugin-dom4j/1.1/modello-plugin-dom4j-1.1.pom
Progress (1): 1.3 kB                    Downloaded from central: https://repo.maven.apache.org/maven2/org/codehaus/modello/modello-plugin-dom4j/1.1/modello-plugin-dom4j-1.1.pom (1.3 kB at 9.0 kB/s)
Downloading from central: https://repo.maven.apache.org/maven2/org/codehaus/modello/modello-plugin-xml/1.1/modello-plugin-xml-1.1.pom
Progress (1): 920 B                   Downloaded from central: https://repo.maven.apache.org/maven2/org/codehaus/modello/modello-plugin-xml/1.1/modello-plugin-xml-1.1.pom (920 B at 6.5 kB/s)
Downloading from central: https://repo.maven.apache.org/maven2/org/codehaus/modello/modello-plugin-jdom/1.1/modello-plugin-jdom-1.1.pom
Progress (1): 1.6 kB                    Downloaded from central: https://repo.maven.apache.org/maven2/org/codehaus/modello/modello-plugin-jdom/1.1/modello-plugin-jdom-1.1.pom (1.6 kB at 10 kB/s)
Downloading from central: https://repo.maven.apache.org/maven2/org/codehaus/modello/modello-plugin-stax/1.1/modello-plugin-stax-1.1.pom
Progress (1): 2.4 kB                    Downloaded from central: https://repo.maven.apache.org/maven2/org/codehaus/modello/modello-plugin-stax/1.1/modello-plugin-stax-1.1.pom (2.4 kB at 17 kB/s)
Downloading from central: https://repo.maven.apache.org/maven2/org/codehaus/modello/modello-plugin-xdoc/1.1/modello-plugin-xdoc-1.1.pom
Progress (1): 841 B                   Downloaded from central: https://repo.maven.apache.org/maven2/org/codehaus/modello/modello-plugin-xdoc/1.1/modello-plugin-xdoc-1.1.pom (841 B at 5.9 kB/s)
Downloading from central: https://repo.maven.apache.org/maven2/org/codehaus/modello/modello-plugin-xpp3/1.1/modello-plugin-xpp3-1.1.pom
Progress (1): 1.3 kB                    Downloaded from central: https://repo.maven.apache.org/maven2/org/codehaus/modello/modello-plugin-xpp3/1.1/modello-plugin-xpp3-1.1.pom (1.3 kB at 9.3 kB/s)
Downloading from central: https://repo.maven.apache.org/maven2/org/codehaus/modello/modello-plugin-xsd/1.1/modello-plugin-xsd-1.1.pom
Progress (1): 1.2 kB                    Downloaded from central: https://repo.maven.apache.org/maven2/org/codehaus/modello/modello-plugin-xsd/1.1/modello-plugin-xsd-1.1.pom (1.2 kB at 8.0 kB/s)
Downloading from central: https://repo.maven.apache.org/maven2/org/codehaus/modello/modello-core/1.1/modello-core-1.1.jar
Downloading from central: https://repo.maven.apache.org/maven2/org/codehaus/modello/modello-plugin-dom4j/1.1/modello-plugin-dom4j-1.1.jar
Downloading from central: https://repo.maven.apache.org/maven2/org/codehaus/modello/modello-plugin-converters/1.1/modello-plugin-converters-1.1.jar
Downloading from central: https://repo.maven.apache.org/maven2/org/codehaus/modello/modello-plugin-java/1.1/modello-plugin-java-1.1.jar
Downloading from central: https://repo.maven.apache.org/maven2/org/codehaus/modello/modello-plugin-xml/1.1/modello-plugin-xml-1.1.jar
Progress (1): 4.1/9.2 kBProgress (1): 8.2/9.2 kBProgress (1): 9.2 kB                        Downloaded from central: https://repo.maven.apache.org/maven2/org/codehaus/modello/modello-plugin-converters/1.1/modello-plugin-converters-1.1.jar (9.2 kB at 60 kB/s)
Downloading from central: https://repo.maven.apache.org/maven2/org/codehaus/modello/modello-plugin-jdom/1.1/modello-plugin-jdom-1.1.jar
Progress (1): 2.7/78 kBProgress (1): 5.5/78 kBProgress (2): 5.5/78 kB | 2.7/60 kBProgress (2): 8.2/78 kB | 2.7/60 kBProgress (3): 8.2/78 kB | 2.7/60 kB | 2.7/18 kBProgress (3): 11/78 kB | 2.7/60 kB | 2.7/18 kB Progress (3): 11/78 kB | 5.5/60 kB | 2.7/18 kBProgress (3): 14/78 kB | 5.5/60 kB | 2.7/18 kBProgress (3): 14/78 kB | 5.5/60 kB | 5.5/18 kBProgress (3): 16/78 kB | 5.5/60 kB | 5.5/18 kBProgress (3): 16/78 kB | 8.2/60 kB | 5.5/18 kBProgress (3): 19/78 kB | 8.2/60 kB | 5.5/18 kBProgress (3): 19/78 kB | 11/60 kB | 5.5/18 kB Progress (4): 19/78 kB | 11/60 kB | 5.5/18 kB | 2.7/14 kBProgress (4): 19/78 kB | 11/60 kB | 8.2/18 kB | 2.7/14 kBProgress (4): 19/78 kB | 11/60 kB | 8.2/18 kB | 5.5/14 kBProgress (4): 19/78 kB | 14/60 kB | 8.2/18 kB | 5.5/14 kBProgress (4): 21/78 kB | 14/60 kB | 8.2/18 kB | 5.5/14 kBProgress (4): 21/78 kB | 16/60 kB | 8.2/18 kB | 5.5/14 kBProgress (4): 21/78 kB | 16/60 kB | 8.2/18 kB | 8.2/14 kBProgress (4): 21/78 kB | 16/60 kB | 11/18 kB | 8.2/14 kB Progress (4): 21/78 kB | 16/60 kB | 11/18 kB | 11/14 kB Progress (4): 21/78 kB | 19/60 kB | 11/18 kB | 11/14 kBProgress (4): 24/78 kB | 19/60 kB | 11/18 kB | 11/14 kBProgress (4): 24/78 kB | 21/60 kB | 11/18 kB | 11/14 kBProgress (4): 24/78 kB | 21/60 kB | 11/18 kB | 14/14 kBProgress (4): 24/78 kB | 21/60 kB | 14/18 kB | 14/14 kBProgress (4): 24/78 kB | 21/60 kB | 14/18 kB | 14 kB   Progress (4): 24/78 kB | 24/60 kB | 14/18 kB | 14 kBProgress (4): 27/78 kB | 24/60 kB | 14/18 kB | 14 kBProgress (4): 27/78 kB | 27/60 kB | 14/18 kB | 14 kBProgress (4): 27/78 kB | 27/60 kB | 16/18 kB | 14 kBProgress (4): 27/78 kB | 30/60 kB | 16/18 kB | 14 kBProgress (4): 30/78 kB | 30/60 kB | 16/18 kB | 14 kBProgress (4): 30/78 kB | 32/60 kB | 16/18 kB | 14 kBProgress (4): 32/78 kB | 32/60 kB | 16/18 kB | 14 kBProgress (4): 32/78 kB | 35/60 kB | 16/18 kB | 14 kBProgress (4): 32/78 kB | 35/60 kB | 18 kB | 14 kB   Progress (4): 32/78 kB | 38/60 kB | 18 kB | 14 kBProgress (4): 35/78 kB | 38/60 kB | 18 kB | 14 kBProgress (4): 35/78 kB | 40/60 kB | 18 kB | 14 kBProgress (4): 38/78 kB | 40/60 kB | 18 kB | 14 kBProgress (4): 38/78 kB | 43/60 kB | 18 kB | 14 kBProgress (4): 40/78 kB | 43/60 kB | 18 kB | 14 kBProgress (4): 40/78 kB | 46/60 kB | 18 kB | 14 kBProgress (4): 43/78 kB | 46/60 kB | 18 kB | 14 kBProgress (4): 43/78 kB | 49/60 kB | 18 kB | 14 kBProgress (4): 46/78 kB | 49/60 kB | 18 kB | 14 kBProgress (4): 46/78 kB | 51/60 kB | 18 kB | 14 kBProgress (4): 49/78 kB | 51/60 kB | 18 kB | 14 kBProgress (4): 49/78 kB | 54/60 kB | 18 kB | 14 kBProgress (4): 49/78 kB | 57/60 kB | 18 kB | 14 kBProgress (4): 53/78 kB | 57/60 kB | 18 kB | 14 kBProgress (4): 53/78 kB | 60/60 kB | 18 kB | 14 kBProgress (4): 57/78 kB | 60/60 kB | 18 kB | 14 kBProgress (4): 57/78 kB | 60 kB | 18 kB | 14 kB   Progress (4): 61/78 kB | 60 kB | 18 kB | 14 kBProgress (4): 65/78 kB | 60 kB | 18 kB | 14 kBProgress (4): 69/78 kB | 60 kB | 18 kB | 14 kBProgress (4): 73/78 kB | 60 kB | 18 kB | 14 kBProgress (4): 77/78 kB | 60 kB | 18 kB | 14 kBProgress (4): 78 kB | 60 kB | 18 kB | 14 kB   Progress (5): 78 kB | 60 kB | 18 kB | 14 kB | 4.1/14 kBProgress (5): 78 kB | 60 kB | 18 kB | 14 kB | 8.2/14 kBProgress (5): 78 kB | 60 kB | 18 kB | 14 kB | 12/14 kB Progress (5): 78 kB | 60 kB | 18 kB | 14 kB | 14 kB                                                      Downloaded from central: https://repo.maven.apache.org/maven2/org/codehaus/modello/modello-plugin-xml/1.1/modello-plugin-xml-1.1.jar (14 kB at 55 kB/s)
Downloaded from central: https://repo.maven.apache.org/maven2/org/codehaus/modello/modello-plugin-dom4j/1.1/modello-plugin-dom4j-1.1.jar (18 kB at 68 kB/s)
Downloading from central: https://repo.maven.apache.org/maven2/org/codehaus/modello/modello-plugin-xdoc/1.1/modello-plugin-xdoc-1.1.jar
Downloading from central: https://repo.maven.apache.org/maven2/org/codehaus/modello/modello-plugin-stax/1.1/modello-plugin-stax-1.1.jar
Downloaded from central: https://repo.maven.apache.org/maven2/org/codehaus/modello/modello-core/1.1/modello-core-1.1.jar (60 kB at 217 kB/s)
Downloading from central: https://repo.maven.apache.org/maven2/org/codehaus/modello/modello-plugin-xpp3/1.1/modello-plugin-xpp3-1.1.jar
Downloaded from central: https://repo.maven.apache.org/maven2/org/codehaus/modello/modello-plugin-java/1.1/modello-plugin-java-1.1.jar (78 kB at 276 kB/s)
Downloading from central: https://repo.maven.apache.org/maven2/org/codehaus/modello/modello-plugin-xsd/1.1/modello-plugin-xsd-1.1.jar
Downloaded from central: https://repo.maven.apache.org/maven2/org/codehaus/modello/modello-plugin-jdom/1.1/modello-plugin-jdom-1.1.jar (14 kB at 47 kB/s)
Progress (1): 2.7/14 kBProgress (2): 2.7/14 kB | 2.7/30 kBProgress (2): 5.5/14 kB | 2.7/30 kBProgress (2): 5.5/14 kB | 5.5/30 kBProgress (2): 8.2/14 kB | 5.5/30 kBProgress (2): 8.2/14 kB | 8.2/30 kBProgress (2): 11/14 kB | 8.2/30 kB Progress (2): 11/14 kB | 11/30 kB Progress (2): 14 kB | 11/30 kB   Progress (2): 14 kB | 14/30 kBProgress (2): 14 kB | 16/30 kBProgress (2): 14 kB | 19/30 kBProgress (2): 14 kB | 21/30 kBProgress (2): 14 kB | 24/30 kBProgress (2): 14 kB | 27/30 kBProgress (2): 14 kB | 30/30 kBProgress (2): 14 kB | 30 kB   Progress (3): 14 kB | 30 kB | 4.1/23 kBProgress (3): 14 kB | 30 kB | 8.2/23 kBProgress (3): 14 kB | 30 kB | 12/23 kB Progress (3): 14 kB | 30 kB | 16/23 kBProgress (3): 14 kB | 30 kB | 20/23 kBProgress (3): 14 kB | 30 kB | 23 kB   Progress (4): 14 kB | 30 kB | 23 kB | 4.1/14 kBProgress (4): 14 kB | 30 kB | 23 kB | 8.2/14 kBProgress (4): 14 kB | 30 kB | 23 kB | 12/14 kB Progress (4): 14 kB | 30 kB | 23 kB | 14 kB                                              Downloaded from central: https://repo.maven.apache.org/maven2/org/codehaus/modello/modello-plugin-stax/1.1/modello-plugin-stax-1.1.jar (30 kB at 73 kB/s)
Downloaded from central: https://repo.maven.apache.org/maven2/org/codehaus/modello/modello-plugin-xdoc/1.1/modello-plugin-xdoc-1.1.jar (14 kB at 33 kB/s)
Downloaded from central: https://repo.maven.apache.org/maven2/org/codehaus/modello/modello-plugin-xpp3/1.1/modello-plugin-xpp3-1.1.jar (23 kB at 55 kB/s)
Downloaded from central: https://repo.maven.apache.org/maven2/org/codehaus/modello/modello-plugin-xsd/1.1/modello-plugin-xsd-1.1.jar (14 kB at 33 kB/s)
[[1;34mINFO[m] outputDirectory: /home/user/Reproducibility-Scanner/benchmarks/bugs-dot-jar/maven/maven-model/target/generated-sources/modello
[[1;34mINFO[m] Working on model: src/main/mdo/maven.mdo
[[1;34mINFO[m] Generating current version: 4.0.0
[[1;34mINFO[m] 
[[1;34mINFO[m] [1m--- [0;32mmodello-maven-plugin:1.1:xpp3-reader[m [1m(standard)[m @ [36mmaven-model[0;1m ---[m
[[1;34mINFO[m] outputDirectory: /home/user/Reproducibility-Scanner/benchmarks/bugs-dot-jar/maven/maven-model/target/generated-sources/modello
[[1;34mINFO[m] Working on model: src/main/mdo/maven.mdo
[[1;34mINFO[m] Generating current version: 4.0.0
[[1;34mINFO[m] 
[[1;34mINFO[m] [1m--- [0;32mmodello-maven-plugin:1.1:xpp3-writer[m [1m(standard)[m @ [36mmaven-model[0;1m ---[m
[[1;34mINFO[m] outputDirectory: /home/user/Reproducibility-Scanner/benchmarks/bugs-dot-jar/maven/maven-model/target/generated-sources/modello
[[1;34mINFO[m] Working on model: src/main/mdo/maven.mdo
[[1;34mINFO[m] Generating current version: 4.0.0
[[1;34mINFO[m] 
[[1;34mINFO[m] [1m--- [0;32mmaven-remote-resources-plugin:1.1:process[m [1m(default)[m @ [36mmaven-model[0;1m ---[m
[[1;34mINFO[m] 
[[1;34mINFO[m] [1m--- [0;32mmaven-resources-plugin:2.4:resources[m [1m(default-resources)[m @ [36mmaven-model[0;1m ---[m
[[1;34mINFO[m] Using 'UTF-8' encoding to copy filtered resources.
[[1;34mINFO[m] skip non existing resourceDirectory /home/user/Reproducibility-Scanner/benchmarks/bugs-dot-jar/maven/maven-model/src/main/resources
[[1;34mINFO[m] Copying 3 resources
[[1;34mINFO[m] 
[[1;34mINFO[m] [1m--- [0;32mmaven-compiler-plugin:2.0.2:compile[m [1m(default-compile)[m @ [36mmaven-model[0;1m ---[m
[[1;34mINFO[m] Compiling 46 source files to /home/user/Reproducibility-Scanner/benchmarks/bugs-dot-jar/maven/maven-model/target/classes
[[1;34mINFO[m] 
[[1;34mINFO[m] [1m--- [0;32mmaven-resources-plugin:2.4:testResources[m [1m(default-testResources)[m @ [36mmaven-model[0;1m ---[m
[[1;34mINFO[m] Using 'UTF-8' encoding to copy filtered resources.
[[1;34mINFO[m] skip non existing resourceDirectory /home/user/Reproducibility-Scanner/benchmarks/bugs-dot-jar/maven/maven-model/src/test/resources
[[1;34mINFO[m] Copying 3 resources
[[1;34mINFO[m] 
[[1;34mINFO[m] [1m--- [0;32mmaven-compiler-plugin:2.0.2:testCompile[m [1m(default-testCompile)[m @ [36mmaven-model[0;1m ---[m
[[1;34mINFO[m] Compiling 37 source files to /home/user/Reproducibility-Scanner/benchmarks/bugs-dot-jar/maven/maven-model/target/test-classes
[[1;34mINFO[m] 
[[1;34mINFO[m] [1m--- [0;32mmaven-surefire-plugin:2.4.3:test[m [1m(default-test)[m @ [36mmaven-model[0;1m ---[m
[[1;34mINFO[m] Tests are skipped.
[[1;34mINFO[m] 
[[1;34mINFO[m] [1m--- [0;32mmaven-jar-plugin:2.2:jar[m [1m(default-jar)[m @ [36mmaven-model[0;1m ---[m
[[1;34mINFO[m] Building jar: /home/user/Reproducibility-Scanner/benchmarks/bugs-dot-jar/maven/maven-model/target/maven-model-3.0-SNAPSHOT.jar
[[1;34mINFO[m] 
[[1;34mINFO[m] [1m--- [0;32mmaven-install-plugin:2.2:install[m [1m(default-install)[m @ [36mmaven-model[0;1m ---[m
[[1;34mINFO[m] Installing /home/user/Reproducibility-Scanner/benchmarks/bugs-dot-jar/maven/maven-model/target/maven-model-3.0-SNAPSHOT.jar to /home/user/.m2/repository/org/apache/maven/maven-model/3.0-SNAPSHOT/maven-model-3.0-SNAPSHOT.jar
[[1;34mINFO[m] Installing /home/user/Reproducibility-Scanner/benchmarks/bugs-dot-jar/maven/maven-model/pom.xml to /home/user/.m2/repository/org/apache/maven/maven-model/3.0-SNAPSHOT/maven-model-3.0-SNAPSHOT.pom
[[1;34mINFO[m] 
[[1;34mINFO[m] [1m------------------< [0;36morg.apache.maven:maven-settings[0;1m >-------------------[m
[[1;34mINFO[m] [1mBuilding Maven Settings 3.0-SNAPSHOT                              [3/10][m
[[1;34mINFO[m] [1m--------------------------------[ jar ]---------------------------------[m
[[1;34mINFO[m] 
[[1;34mINFO[m] [1m--- [0;32mmodello-maven-plugin:1.1:java[m [1m(standard)[m @ [36mmaven-settings[0;1m ---[m
[[1;34mINFO[m] outputDirectory: /home/user/Reproducibility-Scanner/benchmarks/bugs-dot-jar/maven/maven-settings/target/generated-sources/modello
[[1;34mINFO[m] Working on model: src/main/mdo/settings.mdo
[[1;34mINFO[m] Generating current version: 1.1.0
[[1;34mINFO[m] 
[[1;34mINFO[m] [1m--- [0;32mmodello-maven-plugin:1.1:xpp3-reader[m [1m(standard)[m @ [36mmaven-settings[0;1m ---[m
[[1;34mINFO[m] outputDirectory: /home/user/Reproducibility-Scanner/benchmarks/bugs-dot-jar/maven/maven-settings/target/generated-sources/modello
[[1;34mINFO[m] Working on model: src/main/mdo/settings.mdo
[[1;34mINFO[m] Generating current version: 1.1.0
[[1;34mINFO[m] 
[[1;34mINFO[m] [1m--- [0;32mmodello-maven-plugin:1.1:xpp3-writer[m [1m(standard)[m @ [36mmaven-settings[0;1m ---[m
[[1;34mINFO[m] outputDirectory: /home/user/Reproducibility-Scanner/benchmarks/bugs-dot-jar/maven/maven-settings/target/generated-sources/modello
[[1;34mINFO[m] Working on model: src/main/mdo/settings.mdo
[[1;34mINFO[m] Generating current version: 1.1.0
[[1;34mINFO[m] 
[[1;34mINFO[m] [1m--- [0;32mmaven-remote-resources-plugin:1.1:process[m [1m(default)[m @ [36mmaven-settings[0;1m ---[m
[[1;34mINFO[m] 
[[1;34mINFO[m] [1m--- [0;32mmaven-resources-plugin:2.4:resources[m [1m(default-resources)[m @ [36mmaven-settings[0;1m ---[m
[[1;34mINFO[m] Using 'UTF-8' encoding to copy filtered resources.
[[1;34mINFO[m] skip non existing resourceDirectory /home/user/Reproducibility-Scanner/benchmarks/bugs-dot-jar/maven/maven-settings/src/main/resources
[[1;34mINFO[m] Copying 3 resources
[[1;34mINFO[m] 
[[1;34mINFO[m] [1m--- [0;32mmaven-compiler-plugin:2.0.2:compile[m [1m(default-compile)[m @ [36mmaven-settings[0;1m ---[m
[[1;34mINFO[m] Compiling 17 source files to /home/user/Reproducibility-Scanner/benchmarks/bugs-dot-jar/maven/maven-settings/target/classes
[[1;34mINFO[m] 
[[1;34mINFO[m] [1m--- [0;32mmaven-resources-plugin:2.4:testResources[m [1m(default-testResources)[m @ [36mmaven-settings[0;1m ---[m
[[1;34mINFO[m] Using 'UTF-8' encoding to copy filtered resources.
[[1;34mINFO[m] skip non existing resourceDirectory /home/user/Reproducibility-Scanner/benchmarks/bugs-dot-jar/maven/maven-settings/src/test/resources
[[1;34mINFO[m] Copying 3 resources
[[1;34mINFO[m] 
[[1;34mINFO[m] [1m--- [0;32mmaven-compiler-plugin:2.0.2:testCompile[m [1m(default-testCompile)[m @ [36mmaven-settings[0;1m ---[m
[[1;34mINFO[m] No sources to compile
[[1;34mINFO[m] 
[[1;34mINFO[m] [1m--- [0;32mmaven-surefire-plugin:2.4.3:test[m [1m(default-test)[m @ [36mmaven-settings[0;1m ---[m
[[1;34mINFO[m] Tests are skipped.
[[1;34mINFO[m] 
[[1;34mINFO[m] [1m--- [0;32mmaven-jar-plugin:2.2:jar[m [1m(default-jar)[m @ [36mmaven-settings[0;1m ---[m
[[1;34mINFO[m] Building jar: /home/user/Reproducibility-Scanner/benchmarks/bugs-dot-jar/maven/maven-settings/target/maven-settings-3.0-SNAPSHOT.jar
[[1;34mINFO[m] 
[[1;34mINFO[m] [1m--- [0;32mmaven-install-plugin:2.2:install[m [1m(default-install)[m @ [36mmaven-settings[0;1m ---[m
[[1;34mINFO[m] Installing /home/user/Reproducibility-Scanner/benchmarks/bugs-dot-jar/maven/maven-settings/target/maven-settings-3.0-SNAPSHOT.jar to /home/user/.m2/repository/org/apache/maven/maven-settings/3.0-SNAPSHOT/maven-settings-3.0-SNAPSHOT.jar
[[1;34mINFO[m] Installing /home/user/Reproducibility-Scanner/benchmarks/bugs-dot-jar/maven/maven-settings/pom.xml to /home/user/.m2/repository/org/apache/maven/maven-settings/3.0-SNAPSHOT/maven-settings-3.0-SNAPSHOT.pom
[[1;34mINFO[m] 
[[1;34mINFO[m] [1m------------------< [0;36morg.apache.maven:maven-artifact[0;1m >-------------------[m
[[1;34mINFO[m] [1mBuilding Maven Artifact 3.0-SNAPSHOT                              [4/10][m
[[1;34mINFO[m] [1m--------------------------------[ jar ]---------------------------------[m
Downloading from central: https://repo.maven.apache.org/maven2/org/codehaus/plexus/plexus-component-metadata/1.5.2/plexus-component-metadata-1.5.2.pom
Progress (1): 3.9 kB                    Downloaded from central: https://repo.maven.apache.org/maven2/org/codehaus/plexus/plexus-component-metadata/1.5.2/plexus-component-metadata-1.5.2.pom (3.9 kB at 27 kB/s)
Downloading from central: https://repo.maven.apache.org/maven2/org/codehaus/plexus/plexus-containers/1.5.2/plexus-containers-1.5.2.pom
Progress (1): 4.1/4.3 kBProgress (1): 4.3 kB                        Downloaded from central: https://repo.maven.apache.org/maven2/org/codehaus/plexus/plexus-containers/1.5.2/plexus-containers-1.5.2.pom (4.3 kB at 29 kB/s)
Downloading from central: https://repo.maven.apache.org/maven2/org/codehaus/plexus/plexus-component-metadata/1.5.2/plexus-component-metadata-1.5.2.jar
Progress (1): 4.1/110 kBProgress (1): 8.2/110 kBProgress (1): 12/110 kB Progress (1): 16/110 kBProgress (1): 20/110 kBProgress (1): 24/110 kBProgress (1): 28/110 kBProgress (1): 32/110 kBProgress (1): 36/110 kBProgress (1): 40/110 kBProgress (1): 45/110 kBProgress (1): 49/110 kBProgress (1): 53/110 kBProgress (1): 57/110 kBProgress (1): 61/110 kBProgress (1): 65/110 kBProgress (1): 69/110 kBProgress (1): 73/110 kBProgress (1): 77/110 kBProgress (1): 81/110 kBProgress (1): 85/110 kBProgress (1): 90/110 kBProgress (1): 94/110 kBProgress (1): 98/110 kBProgress (1): 102/110 kBProgress (1): 106/110 kBProgress (1): 110/110 kBProgress (1): 110 kB                        Downloaded from central: https://repo.maven.apache.org/maven2/org/codehaus/plexus/plexus-component-metadata/1.5.2/plexus-component-metadata-1.5.2.jar (110 kB at 690 kB/s)
[[1;34mINFO[m] 
[[1;34mINFO[m] [1m--- [0;32mmaven-remote-resources-plugin:1.1:process[m [1m(default)[m @ [36mmaven-artifact[0;1m ---[m
[[1;34mINFO[m] 
[[1;34mINFO[m] [1m--- [0;32mmaven-resources-plugin:2.4:resources[m [1m(default-resources)[m @ [36mmaven-artifact[0;1m ---[m
[[1;34mINFO[m] Using 'UTF-8' encoding to copy filtered resources.
[[1;34mINFO[m] skip non existing resourceDirectory /home/user/Reproducibility-Scanner/benchmarks/bugs-dot-jar/maven/maven-artifact/src/main/resources
[[1;34mINFO[m] Copying 3 resources
[[1;34mINFO[m] 
[[1;34mINFO[m] [1m--- [0;32mmaven-compiler-plugin:2.0.2:compile[m [1m(default-compile)[m @ [36mmaven-artifact[0;1m ---[m
[[1;34mINFO[m] Compiling 27 source files to /home/user/Reproducibility-Scanner/benchmarks/bugs-dot-jar/maven/maven-artifact/target/classes
[[1;34mINFO[m] 
[[1;34mINFO[m] [1m--- [0;32mplexus-component-metadata:1.5.2:generate-metadata[m [1m(default)[m @ [36mmaven-artifact[0;1m ---[m
Downloading from central: https://repo.maven.apache.org/maven2/org/codehaus/plexus/plexus-container-default/1.5.2/plexus-container-default-1.5.2.pom
Progress (1): 2.8 kB                    Downloaded from central: https://repo.maven.apache.org/maven2/org/codehaus/plexus/plexus-container-default/1.5.2/plexus-container-default-1.5.2.pom (2.8 kB at 19 kB/s)
Downloading from central: https://repo.maven.apache.org/maven2/com/google/code/google-collections/google-collect/snapshot-20080530/google-collect-snapshot-20080530.pom
Progress (1): 1.5 kB                    Downloaded from central: https://repo.maven.apache.org/maven2/com/google/code/google-collections/google-collect/snapshot-20080530/google-collect-snapshot-20080530.pom (1.5 kB at 104 kB/s)
Downloading from central: https://repo.maven.apache.org/maven2/org/codehaus/plexus/plexus-component-annotations/1.5.2/plexus-component-annotations-1.5.2.pom
Progress (1): 815 B                   Downloaded from central: https://repo.maven.apache.org/maven2/org/codehaus/plexus/plexus-component-annotations/1.5.2/plexus-component-annotations-1.5.2.pom (815 B at 5.3 kB/s)
Downloading from central: https://repo.maven.apache.org/maven2/org/codehaus/plexus/plexus-container-default/1.5.2/plexus-container-default-1.5.2.jar
Downloading from central: https://repo.maven.apache.org/maven2/org/codehaus/plexus/plexus-component-annotations/1.5.2/plexus-component-annotations-1.5.2.jar
Downloading from central: https://repo.maven.apache.org/maven2/com/google/code/google-collections/google-collect/snapshot-20080530/google-collect-snapshot-20080530.jar
Progress (1): 2.7/502 kBProgress (1): 5.5/502 kBProgress (1): 8.2/502 kBProgress (1): 11/502 kB Progress (1): 14/502 kBProgress (1): 16/502 kBProgress (1): 20/502 kBProgress (1): 24/502 kBProgress (1): 28/502 kBProgress (1): 32/502 kBProgress (1): 36/502 kBProgress (1): 40/502 kBProgress (1): 45/502 kBProgress (1): 49/502 kBProgress (1): 53/502 kBProgress (1): 57/502 kBProgress (1): 61/502 kBProgress (1): 65/502 kBProgress (1): 69/502 kBProgress (1): 73/502 kBProgress (1): 77/502 kBProgress (1): 81/502 kBProgress (1): 85/502 kBProgress (1): 90/502 kBProgress (1): 94/502 kBProgress (1): 98/502 kBProgress (1): 102/502 kBProgress (1): 106/502 kBProgress (1): 110/502 kBProgress (1): 114/502 kBProgress (1): 118/502 kBProgress (1): 122/502 kBProgress (1): 126/502 kBProgress (1): 131/502 kBProgress (1): 135/502 kBProgress (1): 139/502 kBProgress (1): 143/502 kBProgress (1): 147/502 kBProgress (1): 151/502 kBProgress (1): 155/502 kBProgress (1): 159/502 kBProgress (1): 163/502 kBProgress (1): 167/502 kBProgress (1): 171/502 kBProgress (1): 176/502 kBProgress (1): 180/502 kBProgress (1): 184/502 kBProgress (1): 188/502 kBProgress (1): 192/502 kBProgress (1): 196/502 kBProgress (1): 200/502 kBProgress (1): 204/502 kBProgress (1): 208/502 kBProgress (1): 212/502 kBProgress (1): 217/502 kBProgress (1): 221/502 kBProgress (1): 225/502 kBProgress (1): 229/502 kBProgress (1): 233/502 kBProgress (1): 237/502 kBProgress (1): 241/502 kBProgress (1): 245/502 kBProgress (1): 249/502 kBProgress (1): 253/502 kBProgress (1): 258/502 kBProgress (1): 262/502 kBProgress (1): 266/502 kBProgress (1): 270/502 kBProgress (1): 274/502 kBProgress (1): 278/502 kBProgress (1): 282/502 kBProgress (1): 286/502 kBProgress (1): 290/502 kBProgress (1): 294/502 kBProgress (1): 298/502 kBProgress (1): 303/502 kBProgress (1): 307/502 kBProgress (1): 311/502 kBProgress (1): 315/502 kBProgress (1): 319/502 kBProgress (1): 323/502 kBProgress (1): 327/502 kBProgress (1): 331/502 kBProgress (1): 335/502 kBProgress (1): 339/502 kBProgress (1): 343/502 kBProgress (1): 348/502 kBProgress (1): 352/502 kBProgress (1): 356/502 kBProgress (1): 360/502 kBProgress (1): 364/502 kBProgress (1): 368/502 kBProgress (1): 372/502 kBProgress (1): 376/502 kBProgress (1): 380/502 kBProgress (1): 384/502 kBProgress (1): 389/502 kBProgress (1): 393/502 kBProgress (1): 397/502 kBProgress (1): 401/502 kBProgress (1): 405/502 kBProgress (1): 409/502 kBProgress (1): 413/502 kBProgress (1): 417/502 kBProgress (1): 421/502 kBProgress (1): 425/502 kBProgress (1): 429/502 kBProgress (1): 434/502 kBProgress (1): 438/502 kBProgress (1): 442/502 kBProgress (1): 446/502 kBProgress (1): 450/502 kBProgress (1): 454/502 kBProgress (1): 458/502 kBProgress (1): 462/502 kBProgress (1): 466/502 kBProgress (1): 470/502 kBProgress (1): 475/502 kBProgress (1): 479/502 kBProgress (1): 483/502 kBProgress (1): 487/502 kBProgress (1): 491/502 kBProgress (1): 495/502 kBProgress (1): 499/502 kBProgress (1): 502 kB                        Downloaded from central: https://repo.maven.apache.org/maven2/com/google/code/google-collections/google-collect/snapshot-20080530/google-collect-snapshot-20080530.jar (502 kB at 7.7 MB/s)
Progress (1): 4.1/4.2 kBProgress (1): 4.2 kB    Progress (2): 4.2 kB | 4.1/216 kBProgress (2): 4.2 kB | 8.2/216 kBProgress (2): 4.2 kB | 12/216 kB Progress (2): 4.2 kB | 16/216 kBProgress (2): 4.2 kB | 20/216 kBProgress (2): 4.2 kB | 24/216 kBProgress (2): 4.2 kB | 28/216 kBProgress (2): 4.2 kB | 32/216 kBProgress (2): 4.2 kB | 36/216 kBProgress (2): 4.2 kB | 40/216 kBProgress (2): 4.2 kB | 45/216 kBProgress (2): 4.2 kB | 49/216 kBProgress (2): 4.2 kB | 53/216 kBProgress (2): 4.2 kB | 57/216 kBProgress (2): 4.2 kB | 61/216 kBProgress (2): 4.2 kB | 65/216 kBProgress (2): 4.2 kB | 69/216 kBProgress (2): 4.2 kB | 73/216 kBProgress (2): 4.2 kB | 77/216 kBProgress (2): 4.2 kB | 81/216 kBProgress (2): 4.2 kB | 85/216 kBProgress (2): 4.2 kB | 90/216 kBProgress (2): 4.2 kB | 94/216 kBProgress (2): 4.2 kB | 98/216 kBProgress (2): 4.2 kB | 102/216 kBProgress (2): 4.2 kB | 106/216 kBProgress (2): 4.2 kB | 110/216 kBProgress (2): 4.2 kB | 114/216 kBProgress (2): 4.2 kB | 118/216 kBProgress (2): 4.2 kB | 122/216 kBProgress (2): 4.2 kB | 126/216 kBProgress (2): 4.2 kB | 131/216 kBProgress (2): 4.2 kB | 135/216 kBProgress (2): 4.2 kB | 139/216 kBProgress (2): 4.2 kB | 143/216 kBProgress (2): 4.2 kB | 147/216 kBProgress (2): 4.2 kB | 151/216 kBProgress (2): 4.2 kB | 155/216 kBProgress (2): 4.2 kB | 159/216 kBProgress (2): 4.2 kB | 163/216 kBProgress (2): 4.2 kB | 167/216 kBProgress (2): 4.2 kB | 171/216 kBProgress (2): 4.2 kB | 176/216 kBProgress (2): 4.2 kB | 180/216 kBProgress (2): 4.2 kB | 184/216 kBProgress (2): 4.2 kB | 188/216 kBProgress (2): 4.2 kB | 192/216 kBProgress (2): 4.2 kB | 196/216 kBProgress (2): 4.2 kB | 200/216 kBProgress (2): 4.2 kB | 204/216 kBProgress (2): 4.2 kB | 208/216 kBProgress (2): 4.2 kB | 212/216 kBProgress (2): 4.2 kB | 216 kB                                 Downloaded from central: https://repo.maven.apache.org/maven2/org/codehaus/plexus/plexus-component-annotations/1.5.2/plexus-component-annotations-1.5.2.jar (4.2 kB at 29 kB/s)
Downloaded from central: https://repo.maven.apache.org/maven2/org/codehaus/plexus/plexus-container-default/1.5.2/plexus-container-default-1.5.2.jar (216 kB at 1.2 MB/s)
[[1;34mINFO[m] 
[[1;34mINFO[m] [1m--- [0;32mmaven-resources-plugin:2.4:testResources[m [1m(default-testResources)[m @ [36mmaven-artifact[0;1m ---[m
[[1;34mINFO[m] Using 'UTF-8' encoding to copy filtered resources.
[[1;34mINFO[m] skip non existing resourceDirectory /home/user/Reproducibility-Scanner/benchmarks/bugs-dot-jar/maven/maven-artifact/src/test/resources
[[1;34mINFO[m] Copying 3 resources
[[1;34mINFO[m] 
[[1;34mINFO[m] [1m--- [0;32mmaven-compiler-plugin:2.0.2:testCompile[m [1m(default-testCompile)[m @ [36mmaven-artifact[0;1m ---[m
[[1;34mINFO[m] Compiling 3 source files to /home/user/Reproducibility-Scanner/benchmarks/bugs-dot-jar/maven/maven-artifact/target/test-classes
[[1;34mINFO[m] 
[[1;34mINFO[m] [1m--- [0;32mplexus-component-metadata:1.5.2:generate-test-metadata[m [1m(default)[m @ [36mmaven-artifact[0;1m ---[m
[[1;34mINFO[m] 
[[1;34mINFO[m] [1m--- [0;32mmaven-surefire-plugin:2.4.3:test[m [1m(default-test)[m @ [36mmaven-artifact[0;1m ---[m
[[1;34mINFO[m] Tests are skipped.
[[1;34mINFO[m] 
[[1;34mINFO[m] [1m--- [0;32mmaven-jar-plugin:2.2:jar[m [1m(default-jar)[m @ [36mmaven-artifact[0;1m ---[m
[[1;34mINFO[m] Building jar: /home/user/Reproducibility-Scanner/benchmarks/bugs-dot-jar/maven/maven-artifact/target/maven-artifact-3.0-SNAPSHOT.jar
[[1;34mINFO[m] 
[[1;34mINFO[m] [1m--- [0;32mmaven-install-plugin:2.2:install[m [1m(default-install)[m @ [36mmaven-artifact[0;1m ---[m
[[1;34mINFO[m] Installing /home/user/Reproducibility-Scanner/benchmarks/bugs-dot-jar/maven/maven-artifact/target/maven-artifact-3.0-SNAPSHOT.jar to /home/user/.m2/repository/org/apache/maven/maven-artifact/3.0-SNAPSHOT/maven-artifact-3.0-SNAPSHOT.jar
[[1;34mINFO[m] Installing /home/user/Reproducibility-Scanner/benchmarks/bugs-dot-jar/maven/maven-artifact/pom.xml to /home/user/.m2/repository/org/apache/maven/maven-artifact/3.0-SNAPSHOT/maven-artifact-3.0-SNAPSHOT.pom
[[1;34mINFO[m] 
[[1;34mINFO[m] [1m-----------------< [0;36morg.apache.maven:maven-plugin-api[0;1m >------------------[m
[[1;34mINFO[m] [1mBuilding Maven Plugin API 3.0-SNAPSHOT                            [5/10][m
[[1;34mINFO[m] [1m--------------------------------[ jar ]---------------------------------[m
[[1;34mINFO[m] 
[[1;34mINFO[m] [1m--- [0;32mmodello-maven-plugin:1.1:java[m [1m(standard)[m @ [36mmaven-plugin-api[0;1m ---[m
[[1;34mINFO[m] outputDirectory: /home/user/Reproducibility-Scanner/benchmarks/bugs-dot-jar/maven/maven-plugin-api/target/generated-sources/modello
[[1;34mINFO[m] Working on model: src/main/mdo/lifecycle.mdo
[[1;34mINFO[m] Generating current version: 1.0.0
[[1;34mINFO[m] 
[[1;34mINFO[m] [1m--- [0;32mmodello-maven-plugin:1.1:xpp3-reader[m [1m(standard)[m @ [36mmaven-plugin-api[0;1m ---[m
[[1;34mINFO[m] outputDirectory: /home/user/Reproducibility-Scanner/benchmarks/bugs-dot-jar/maven/maven-plugin-api/target/generated-sources/modello
[[1;34mINFO[m] Working on model: src/main/mdo/lifecycle.mdo
[[1;34mINFO[m] Generating current version: 1.0.0
[[1;34mINFO[m] 
[[1;34mINFO[m] [1m--- [0;32mmodello-maven-plugin:1.1:xpp3-writer[m [1m(standard)[m @ [36mmaven-plugin-api[0;1m ---[m
[[1;34mINFO[m] outputDirectory: /home/user/Reproducibility-Scanner/benchmarks/bugs-dot-jar/maven/maven-plugin-api/target/generated-sources/modello
[[1;34mINFO[m] Working on model: src/main/mdo/lifecycle.mdo
[[1;34mINFO[m] Generating current version: 1.0.0
[[1;34mINFO[m] 
[[1;34mINFO[m] [1m--- [0;32mmaven-remote-resources-plugin:1.1:process[m [1m(default)[m @ [36mmaven-plugin-api[0;1m ---[m
[[1;34mINFO[m] 
[[1;34mINFO[m] [1m--- [0;32mmaven-resources-plugin:2.4:resources[m [1m(default-resources)[m @ [36mmaven-plugin-api[0;1m ---[m
[[1;34mINFO[m] Using 'UTF-8' encoding to copy filtered resources.
[[1;34mINFO[m] skip non existing resourceDirectory /home/user/Reproducibility-Scanner/benchmarks/bugs-dot-jar/maven/maven-plugin-api/src/main/resources
[[1;34mINFO[m] Copying 3 resources
[[1;34mINFO[m] 
[[1;34mINFO[m] [1m--- [0;32mmaven-compiler-plugin:2.0.2:compile[m [1m(default-compile)[m @ [36mmaven-plugin-api[0;1m ---[m
[[1;34mINFO[m] Compiling 25 source files to /home/user/Reproducibility-Scanner/benchmarks/bugs-dot-jar/maven/maven-plugin-api/target/classes
[[1;34mINFO[m] 
[[1;34mINFO[m] [1m--- [0;32mmaven-resources-plugin:2.4:testResources[m [1m(default-testResources)[m @ [36mmaven-plugin-api[0;1m ---[m
[[1;34mINFO[m] Using 'UTF-8' encoding to copy filtered resources.
[[1;34mINFO[m] Copying 2 resources
[[1;34mINFO[m] Copying 3 resources
[[1;34mINFO[m] 
[[1;34mINFO[m] [1m--- [0;32mmaven-compiler-plugin:2.0.2:testCompile[m [1m(default-testCompile)[m @ [36mmaven-plugin-api[0;1m ---[m
[[1;34mINFO[m] Compiling 2 source files to /home/user/Reproducibility-Scanner/benchmarks/bugs-dot-jar/maven/maven-plugin-api/target/test-classes
[[1;34mINFO[m] 
[[1;34mINFO[m] [1m--- [0;32mmaven-surefire-plugin:2.4.3:test[m [1m(default-test)[m @ [36mmaven-plugin-api[0;1m ---[m
[[1;34mINFO[m] Tests are skipped.
[[1;34mINFO[m] 
[[1;34mINFO[m] [1m--- [0;32mmaven-jar-plugin:2.2:jar[m [1m(default-jar)[m @ [36mmaven-plugin-api[0;1m ---[m
[[1;34mINFO[m] Building jar: /home/user/Reproducibility-Scanner/benchmarks/bugs-dot-jar/maven/maven-plugin-api/target/maven-plugin-api-3.0-SNAPSHOT.jar
[[1;34mINFO[m] 
[[1;34mINFO[m] [1m--- [0;32mmaven-install-plugin:2.2:install[m [1m(default-install)[m @ [36mmaven-plugin-api[0;1m ---[m
[[1;34mINFO[m] Installing /home/user/Reproducibility-Scanner/benchmarks/bugs-dot-jar/maven/maven-plugin-api/target/maven-plugin-api-3.0-SNAPSHOT.jar to /home/user/.m2/repository/org/apache/maven/maven-plugin-api/3.0-SNAPSHOT/maven-plugin-api-3.0-SNAPSHOT.jar
[[1;34mINFO[m] Installing /home/user/Reproducibility-Scanner/benchmarks/bugs-dot-jar/maven/maven-plugin-api/pom.xml to /home/user/.m2/repository/org/apache/maven/maven-plugin-api/3.0-SNAPSHOT/maven-plugin-api-3.0-SNAPSHOT.pom
[[1;34mINFO[m] 
[[1;34mINFO[m] [1m----------------< [0;36morg.apache.maven:maven-model-builder[0;1m >----------------[m
[[1;34mINFO[m] [1mBuilding Maven Model Builder 3.0-SNAPSHOT                         [6/10][m
[[1;34mINFO[m] [1m--------------------------------[ jar ]---------------------------------[m
[[1;34mINFO[m] 
[[1;34mINFO[m] [1m--- [0;32mmaven-remote-resources-plugin:1.1:process[m [1m(default)[m @ [36mmaven-model-builder[0;1m ---[m
[[1;34mINFO[m] 
[[1;34mINFO[m] [1m--- [0;32mmaven-resources-plugin:2.4:resources[m [1m(default-resources)[m @ [36mmaven-model-builder[0;1m ---[m
[[1;34mINFO[m] Using 'UTF-8' encoding to copy filtered resources.
[[1;34mINFO[m] Copying 1 resource
[[1;34mINFO[m] Copying 3 resources
[[1;34mINFO[m] 
[[1;34mINFO[m] [1m--- [0;32mmaven-compiler-plugin:2.0.2:compile[m [1m(default-compile)[m @ [36mmaven-model-builder[0;1m ---[m
[[1;34mINFO[m] Compiling 79 source files to /home/user/Reproducibility-Scanner/benchmarks/bugs-dot-jar/maven/maven-model-builder/target/classes
[[1;34mINFO[m] 
[[1;34mINFO[m] [1m--- [0;32mplexus-component-metadata:1.5.2:generate-metadata[m [1m(default)[m @ [36mmaven-model-builder[0;1m ---[m
[[1;34mINFO[m] Discovered 23 component descriptors(s)
[[1;34mINFO[m] 
[[1;34mINFO[m] [1m--- [0;32mmaven-resources-plugin:2.4:testResources[m [1m(default-testResources)[m @ [36mmaven-model-builder[0;1m ---[m
[[1;34mINFO[m] Using 'UTF-8' encoding to copy filtered resources.
[[1;34mINFO[m] Copying 30 resources
[[1;34mINFO[m] Copying 3 resources
[[1;34mINFO[m] 
[[1;34mINFO[m] [1m--- [0;32mmaven-compiler-plugin:2.0.2:testCompile[m [1m(default-testCompile)[m @ [36mmaven-model-builder[0;1m ---[m
[[1;34mINFO[m] Compiling 6 source files to /home/user/Reproducibility-Scanner/benchmarks/bugs-dot-jar/maven/maven-model-builder/target/test-classes
[[1;34mINFO[m] 
[[1;34mINFO[m] [1m--- [0;32mplexus-component-metadata:1.5.2:generate-test-metadata[m [1m(default)[m @ [36mmaven-model-builder[0;1m ---[m
[[1;34mINFO[m] 
[[1;34mINFO[m] [1m--- [0;32mmaven-surefire-plugin:2.4.3:test[m [1m(default-test)[m @ [36mmaven-model-builder[0;1m ---[m
[[1;34mINFO[m] Tests are skipped.
[[1;34mINFO[m] 
[[1;34mINFO[m] [1m--- [0;32mmaven-jar-plugin:2.2:jar[m [1m(default-jar)[m @ [36mmaven-model-builder[0;1m ---[m
[[1;34mINFO[m] Building jar: /home/user/Reproducibility-Scanner/benchmarks/bugs-dot-jar/maven/maven-model-builder/target/maven-model-builder-3.0-SNAPSHOT.jar
[[1;34mINFO[m] 
[[1;34mINFO[m] [1m--- [0;32mmaven-install-plugin:2.2:install[m [1m(default-install)[m @ [36mmaven-model-builder[0;1m ---[m
[[1;34mINFO[m] Installing /home/user/Reproducibility-Scanner/benchmarks/bugs-dot-jar/maven/maven-model-builder/target/maven-model-builder-3.0-SNAPSHOT.jar to /home/user/.m2/repository/org/apache/maven/maven-model-builder/3.0-SNAPSHOT/maven-model-builder-3.0-SNAPSHOT.jar
[[1;34mINFO[m] Installing /home/user/Reproducibility-Scanner/benchmarks/bugs-dot-jar/maven/maven-model-builder/pom.xml to /home/user/.m2/repository/org/apache/maven/maven-model-builder/3.0-SNAPSHOT/maven-model-builder-3.0-SNAPSHOT.pom
[[1;34mINFO[m] 
[[1;34mINFO[m] [1m--------------------< [0;36morg.apache.maven:maven-core[0;1m >---------------------[m
[[1;34mINFO[m] [1mBuilding Maven Core 3.0-SNAPSHOT                                  [7/10][m
[[1;34mINFO[m] [1m--------------------------------[ jar ]---------------------------------[m
[[1;34mINFO[m] 
[[1;34mINFO[m] [1m--- [0;32mmodello-maven-plugin:1.1:java[m [1m(standard)[m @ [36mmaven-core[0;1m ---[m
[[1;34mINFO[m] outputDirectory: /home/user/Reproducibility-Scanner/benchmarks/bugs-dot-jar/maven/maven-core/target/generated-sources/modello
[[1;34mINFO[m] Working on model: src/main/mdo/toolchains.mdo
[[1;34mINFO[m] Generating current version: 1.0.0
[[1;34mINFO[m] Working on model: src/main/mdo/metadata.mdo
[[1;34mINFO[m] Generating current version: 1.0.0
[[1;34mINFO[m] 
[[1;34mINFO[m] [1m--- [0;32mmodello-maven-plugin:1.1:xpp3-reader[m [1m(standard)[m @ [36mmaven-core[0;1m ---[m
[[1;34mINFO[m] outputDirectory: /home/user/Reproducibility-Scanner/benchmarks/bugs-dot-jar/maven/maven-core/target/generated-sources/modello
[[1;34mINFO[m] Working on model: src/main/mdo/toolchains.mdo
[[1;34mINFO[m] Generating current version: 1.0.0
[[1;34mINFO[m] Working on model: src/main/mdo/metadata.mdo
[[1;34mINFO[m] Generating current version: 1.0.0
[[1;34mINFO[m] 
[[1;34mINFO[m] [1m--- [0;32mmodello-maven-plugin:1.1:xpp3-writer[m [1m(standard)[m @ [36mmaven-core[0;1m ---[m
[[1;34mINFO[m] outputDirectory: /home/user/Reproducibility-Scanner/benchmarks/bugs-dot-jar/maven/maven-core/target/generated-sources/modello
[[1;34mINFO[m] Working on model: src/main/mdo/toolchains.mdo
[[1;34mINFO[m] Generating current version: 1.0.0
[[1;34mINFO[m] Working on model: src/main/mdo/metadata.mdo
[[1;34mINFO[m] Generating current version: 1.0.0
[[1;34mINFO[m] 
[[1;34mINFO[m] [1m--- [0;32mmaven-remote-resources-plugin:1.1:process[m [1m(default)[m @ [36mmaven-core[0;1m ---[m
[[1;34mINFO[m] 
[[1;34mINFO[m] [1m--- [0;32mbuildnumber-maven-plugin:1.0-beta-1:create[m [1m(default)[m @ [36mmaven-core[0;1m ---[m
[[1;34mINFO[m] Storing buildNumber: NON-CANONICAL_2022-07-16_04-11_user at timestamp: 1657969906914
[[1;34mINFO[m] 
[[1;34mINFO[m] [1m--- [0;32mmaven-resources-plugin:2.4:resources[m [1m(default-resources)[m @ [36mmaven-core[0;1m ---[m
[[1;34mINFO[m] Using 'UTF-8' encoding to copy filtered resources.
[[1;34mINFO[m] Copying 16 resources
[[1;34mINFO[m] Copying 3 resources
[[1;34mINFO[m] 
[[1;34mINFO[m] [1m--- [0;32mmaven-compiler-plugin:2.0.2:compile[m [1m(default-compile)[m @ [36mmaven-core[0;1m ---[m
[[1;34mINFO[m] Compiling 251 source files to /home/user/Reproducibility-Scanner/benchmarks/bugs-dot-jar/maven/maven-core/target/classes
[[1;34mINFO[m] 
[[1;34mINFO[m] [1m--- [0;32mplexus-component-metadata:1.5.2:generate-metadata[m [1m(default)[m @ [36mmaven-core[0;1m ---[m
[[1;34mINFO[m] Discovered 40 component descriptors(s)
[[1;34mINFO[m] 
[[1;34mINFO[m] [1m--- [0;32mmaven-resources-plugin:2.4:testResources[m [1m(default-testResources)[m @ [36mmaven-core[0;1m ---[m
[[1;34mINFO[m] Using 'UTF-8' encoding to copy filtered resources.
[[1;34mINFO[m] Copying 211 resources
[[1;34mINFO[m] Copying 3 resources
[[1;34mINFO[m] 
[[1;34mINFO[m] [1m--- [0;32mmaven-compiler-plugin:2.0.2:testCompile[m [1m(default-testCompile)[m @ [36mmaven-core[0;1m ---[m
[[1;34mINFO[m] Compiling 34 source files to /home/user/Reproducibility-Scanner/benchmarks/bugs-dot-jar/maven/maven-core/target/test-classes
[[1;34mINFO[m] 
[[1;34mINFO[m] [1m--- [0;32mplexus-component-metadata:1.5.2:generate-test-metadata[m [1m(default)[m @ [36mmaven-core[0;1m ---[m
[[1;34mINFO[m] Discovered 3 component descriptors(s)
[[1;34mINFO[m] 
[[1;34mINFO[m] [1m--- [0;32mmaven-surefire-plugin:2.4.3:test[m [1m(default-test)[m @ [36mmaven-core[0;1m ---[m
[[1;34mINFO[m] Tests are skipped.
[[1;34mINFO[m] 
[[1;34mINFO[m] [1m--- [0;32mmaven-jar-plugin:2.2:jar[m [1m(default-jar)[m @ [36mmaven-core[0;1m ---[m
[[1;34mINFO[m] Building jar: /home/user/Reproducibility-Scanner/benchmarks/bugs-dot-jar/maven/maven-core/target/maven-core-3.0-SNAPSHOT.jar
[[1;34mINFO[m] 
[[1;34mINFO[m] [1m--- [0;32mmaven-install-plugin:2.2:install[m [1m(default-install)[m @ [36mmaven-core[0;1m ---[m
[[1;34mINFO[m] Installing /home/user/Reproducibility-Scanner/benchmarks/bugs-dot-jar/maven/maven-core/target/maven-core-3.0-SNAPSHOT.jar to /home/user/.m2/repository/org/apache/maven/maven-core/3.0-SNAPSHOT/maven-core-3.0-SNAPSHOT.jar
[[1;34mINFO[m] Installing /home/user/Reproducibility-Scanner/benchmarks/bugs-dot-jar/maven/maven-core/pom.xml to /home/user/.m2/repository/org/apache/maven/maven-core/3.0-SNAPSHOT/maven-core-3.0-SNAPSHOT.pom
[[1;34mINFO[m] 
[[1;34mINFO[m] [1m-------------------< [0;36morg.apache.maven:maven-compat[0;1m >--------------------[m
[[1;34mINFO[m] [1mBuilding Maven Compat 3.0-SNAPSHOT                                [8/10][m
[[1;34mINFO[m] [1m--------------------------------[ jar ]---------------------------------[m
[[1;34mINFO[m] 
[[1;34mINFO[m] [1m--- [0;32mmodello-maven-plugin:1.1:java[m [1m(standard)[m @ [36mmaven-compat[0;1m ---[m
[[1;34mINFO[m] outputDirectory: /home/user/Reproducibility-Scanner/benchmarks/bugs-dot-jar/maven/maven-compat/target/generated-sources/modello
[[1;34mINFO[m] Working on model: src/main/mdo/profiles.mdo
[[1;34mINFO[m] Generating current version: 1.0.0
[[1;34mINFO[m] Working on model: src/main/mdo/paramdoc.mdo
[[1;34mINFO[m] Generating current version: 1.0.0
[[1;34mINFO[m] 
[[1;34mINFO[m] [1m--- [0;32mmodello-maven-plugin:1.1:xpp3-reader[m [1m(standard)[m @ [36mmaven-compat[0;1m ---[m
[[1;34mINFO[m] outputDirectory: /home/user/Reproducibility-Scanner/benchmarks/bugs-dot-jar/maven/maven-compat/target/generated-sources/modello
[[1;34mINFO[m] Working on model: src/main/mdo/profiles.mdo
[[1;34mINFO[m] Generating current version: 1.0.0
[[1;34mINFO[m] Working on model: src/main/mdo/paramdoc.mdo
[[1;34mINFO[m] Generating current version: 1.0.0
[[1;34mINFO[m] 
[[1;34mINFO[m] [1m--- [0;32mmodello-maven-plugin:1.1:xpp3-writer[m [1m(standard)[m @ [36mmaven-compat[0;1m ---[m
[[1;34mINFO[m] outputDirectory: /home/user/Reproducibility-Scanner/benchmarks/bugs-dot-jar/maven/maven-compat/target/generated-sources/modello
[[1;34mINFO[m] Working on model: src/main/mdo/profiles.mdo
[[1;34mINFO[m] Generating current version: 1.0.0
[[1;34mINFO[m] Working on model: src/main/mdo/paramdoc.mdo
[[1;34mINFO[m] Generating current version: 1.0.0
[[1;34mINFO[m] 
[[1;34mINFO[m] [1m--- [0;32mmaven-remote-resources-plugin:1.1:process[m [1m(default)[m @ [36mmaven-compat[0;1m ---[m
[[1;34mINFO[m] 
[[1;34mINFO[m] [1m--- [0;32mmaven-resources-plugin:2.4:resources[m [1m(default-resources)[m @ [36mmaven-compat[0;1m ---[m
[[1;34mINFO[m] Using 'UTF-8' encoding to copy filtered resources.
[[1;34mINFO[m] Copying 4 resources
[[1;34mINFO[m] Copying 3 resources
[[1;34mINFO[m] 
[[1;34mINFO[m] [1m--- [0;32mmaven-compiler-plugin:2.0.2:compile[m [1m(default-compile)[m @ [36mmaven-compat[0;1m ---[m
[[1;34mINFO[m] Compiling 143 source files to /home/user/Reproducibility-Scanner/benchmarks/bugs-dot-jar/maven/maven-compat/target/classes
[[1;34mINFO[m] 
[[1;34mINFO[m] [1m--- [0;32mplexus-component-metadata:1.5.2:generate-metadata[m [1m(default)[m @ [36mmaven-compat[0;1m ---[m
[[1;34mINFO[m] Discovered 35 component descriptors(s)
[[1;34mINFO[m] 
[[1;34mINFO[m] [1m--- [0;32mmaven-resources-plugin:2.4:testResources[m [1m(default-testResources)[m @ [36mmaven-compat[0;1m ---[m
[[1;34mINFO[m] Using 'UTF-8' encoding to copy filtered resources.
[[1;34mINFO[m] Copying 156 resources
[[1;34mINFO[m] Copying 3 resources
[[1;34mINFO[m] 
[[1;34mINFO[m] [1m--- [0;32mmaven-compiler-plugin:2.0.2:testCompile[m [1m(default-testCompile)[m @ [36mmaven-compat[0;1m ---[m
[[1;34mINFO[m] Compiling 70 source files to /home/user/Reproducibility-Scanner/benchmarks/bugs-dot-jar/maven/maven-compat/target/test-classes
[[1;34mINFO[m] 
[[1;34mINFO[m] [1m--- [0;32mplexus-component-metadata:1.5.2:generate-test-metadata[m [1m(default)[m @ [36mmaven-compat[0;1m ---[m
[[1;34mINFO[m] Discovered 12 component descriptors(s)
[[1;34mINFO[m] 
[[1;34mINFO[m] [1m--- [0;32mmaven-surefire-plugin:2.4.3:test[m [1m(default-test)[m @ [36mmaven-compat[0;1m ---[m
[[1;34mINFO[m] Tests are skipped.
[[1;34mINFO[m] 
[[1;34mINFO[m] [1m--- [0;32mmaven-jar-plugin:2.2:jar[m [1m(default-jar)[m @ [36mmaven-compat[0;1m ---[m
[[1;34mINFO[m] Building jar: /home/user/Reproducibility-Scanner/benchmarks/bugs-dot-jar/maven/maven-compat/target/maven-compat-3.0-SNAPSHOT.jar
[[1;34mINFO[m] 
[[1;34mINFO[m] [1m--- [0;32mmaven-install-plugin:2.2:install[m [1m(default-install)[m @ [36mmaven-compat[0;1m ---[m
[[1;34mINFO[m] Installing /home/user/Reproducibility-Scanner/benchmarks/bugs-dot-jar/maven/maven-compat/target/maven-compat-3.0-SNAPSHOT.jar to /home/user/.m2/repository/org/apache/maven/maven-compat/3.0-SNAPSHOT/maven-compat-3.0-SNAPSHOT.jar
[[1;34mINFO[m] Installing /home/user/Reproducibility-Scanner/benchmarks/bugs-dot-jar/maven/maven-compat/pom.xml to /home/user/.m2/repository/org/apache/maven/maven-compat/3.0-SNAPSHOT/maven-compat-3.0-SNAPSHOT.pom
[[1;34mINFO[m] 
[[1;34mINFO[m] [1m------------------< [0;36morg.apache.maven:maven-embedder[0;1m >-------------------[m
[[1;34mINFO[m] [1mBuilding Maven Embedder 3.0-SNAPSHOT                              [9/10][m
[[1;34mINFO[m] [1m--------------------------------[ jar ]---------------------------------[m
[[1;34mINFO[m] 
[[1;34mINFO[m] [1m--- [0;32mmaven-remote-resources-plugin:1.1:process[m [1m(default)[m @ [36mmaven-embedder[0;1m ---[m
[[1;34mINFO[m] 
[[1;34mINFO[m] [1m--- [0;32mmaven-resources-plugin:2.4:resources[m [1m(default-resources)[m @ [36mmaven-embedder[0;1m ---[m
[[1;34mINFO[m] Using 'UTF-8' encoding to copy filtered resources.
[[1;34mINFO[m] Copying 1 resource
[[1;34mINFO[m] Copying 3 resources
[[1;34mINFO[m] 
[[1;34mINFO[m] [1m--- [0;32mmaven-compiler-plugin:2.0.2:compile[m [1m(default-compile)[m @ [36mmaven-embedder[0;1m ---[m
[[1;34mINFO[m] Compiling 9 source files to /home/user/Reproducibility-Scanner/benchmarks/bugs-dot-jar/maven/maven-embedder/target/classes
[[1;34mINFO[m] 
[[1;34mINFO[m] [1m--- [0;32mplexus-component-metadata:1.5.2:generate-metadata[m [1m(default)[m @ [36mmaven-embedder[0;1m ---[m
[[1;34mINFO[m] 
[[1;34mINFO[m] [1m--- [0;32mmaven-resources-plugin:2.4:testResources[m [1m(default-testResources)[m @ [36mmaven-embedder[0;1m ---[m
[[1;34mINFO[m] Using 'UTF-8' encoding to copy filtered resources.
[[1;34mINFO[m] Copying 7 resources
[[1;34mINFO[m] Copying 3 resources
[[1;34mINFO[m] 
[[1;34mINFO[m] [1m--- [0;32mmaven-compiler-plugin:2.0.2:testCompile[m [1m(default-testCompile)[m @ [36mmaven-embedder[0;1m ---[m
[[1;34mINFO[m] No sources to compile
[[1;34mINFO[m] 
[[1;34mINFO[m] [1m--- [0;32mplexus-component-metadata:1.5.2:generate-test-metadata[m [1m(default)[m @ [36mmaven-embedder[0;1m ---[m
[[1;34mINFO[m] 
[[1;34mINFO[m] [1m--- [0;32mmaven-surefire-plugin:2.4.2:test[m [1m(default-test)[m @ [36mmaven-embedder[0;1m ---[m
[[1;34mINFO[m] Tests are skipped.
[[1;34mINFO[m] 
[[1;34mINFO[m] [1m--- [0;32mmaven-jar-plugin:2.2:jar[m [1m(default-jar)[m @ [36mmaven-embedder[0;1m ---[m
[[1;34mINFO[m] Building jar: /home/user/Reproducibility-Scanner/benchmarks/bugs-dot-jar/maven/maven-embedder/target/maven-embedder-3.0-SNAPSHOT.jar
[[1;34mINFO[m] 
[[1;34mINFO[m] [1m--- [0;32mmaven-install-plugin:2.2:install[m [1m(default-install)[m @ [36mmaven-embedder[0;1m ---[m
[[1;34mINFO[m] Installing /home/user/Reproducibility-Scanner/benchmarks/bugs-dot-jar/maven/maven-embedder/target/maven-embedder-3.0-SNAPSHOT.jar to /home/user/.m2/repository/org/apache/maven/maven-embedder/3.0-SNAPSHOT/maven-embedder-3.0-SNAPSHOT.jar
[[1;34mINFO[m] Installing /home/user/Reproducibility-Scanner/benchmarks/bugs-dot-jar/maven/maven-embedder/pom.xml to /home/user/.m2/repository/org/apache/maven/maven-embedder/3.0-SNAPSHOT/maven-embedder-3.0-SNAPSHOT.pom
[[1;34mINFO[m] 
[[1;34mINFO[m] [1m-------------------< [0;36morg.apache.maven:apache-maven[0;1m >--------------------[m
[[1;34mINFO[m] [1mBuilding Maven Distribution 3.0-SNAPSHOT                         [10/10][m
[[1;34mINFO[m] [1m--------------------------------[ pom ]---------------------------------[m
Downloading from central: https://repo.maven.apache.org/maven2/org/apache/maven/plugins/maven-assembly-plugin/2.2-beta-4/maven-assembly-plugin-2.2-beta-4.pom
Progress (1): 4.1/16 kBProgress (1): 8.2/16 kBProgress (1): 12/16 kB Progress (1): 16 kB                      Downloaded from central: https://repo.maven.apache.org/maven2/org/apache/maven/plugins/maven-assembly-plugin/2.2-beta-4/maven-assembly-plugin-2.2-beta-4.pom (16 kB at 1.0 MB/s)
Downloading from central: https://repo.maven.apache.org/maven2/org/apache/maven/plugins/maven-assembly-plugin/2.2-beta-4/maven-assembly-plugin-2.2-beta-4.jar
Progress (1): 4.1/208 kBProgress (1): 8.2/208 kBProgress (1): 12/208 kB Progress (1): 16/208 kBProgress (1): 20/208 kBProgress (1): 24/208 kBProgress (1): 28/208 kBProgress (1): 32/208 kBProgress (1): 36/208 kBProgress (1): 40/208 kBProgress (1): 45/208 kBProgress (1): 49/208 kBProgress (1): 53/208 kBProgress (1): 57/208 kBProgress (1): 61/208 kBProgress (1): 65/208 kBProgress (1): 69/208 kBProgress (1): 73/208 kBProgress (1): 77/208 kBProgress (1): 81/208 kBProgress (1): 85/208 kBProgress (1): 90/208 kBProgress (1): 94/208 kBProgress (1): 98/208 kBProgress (1): 102/208 kBProgress (1): 106/208 kBProgress (1): 110/208 kBProgress (1): 114/208 kBProgress (1): 118/208 kBProgress (1): 122/208 kBProgress (1): 126/208 kBProgress (1): 131/208 kBProgress (1): 135/208 kBProgress (1): 139/208 kBProgress (1): 143/208 kBProgress (1): 147/208 kBProgress (1): 151/208 kBProgress (1): 155/208 kBProgress (1): 159/208 kBProgress (1): 163/208 kBProgress (1): 167/208 kBProgress (1): 171/208 kBProgress (1): 176/208 kBProgress (1): 180/208 kBProgress (1): 184/208 kBProgress (1): 188/208 kBProgress (1): 192/208 kBProgress (1): 196/208 kBProgress (1): 200/208 kBProgress (1): 204/208 kBProgress (1): 208 kB                        Downloaded from central: https://repo.maven.apache.org/maven2/org/apache/maven/plugins/maven-assembly-plugin/2.2-beta-4/maven-assembly-plugin-2.2-beta-4.jar (208 kB at 1.2 MB/s)
[[1;34mINFO[m] 
[[1;34mINFO[m] [1m--- [0;32mmaven-remote-resources-plugin:1.1:process[m [1m(default)[m @ [36mapache-maven[0;1m ---[m
[[1;34mINFO[m] 
[[1;34mINFO[m] [1m--- [0;32mmaven-compiler-plugin:2.0.2:testCompile[m [1m(test-compile)[m @ [36mapache-maven[0;1m ---[m
[[1;34mINFO[m] Compiling 1 source file to /home/user/Reproducibility-Scanner/benchmarks/bugs-dot-jar/maven/apache-maven/target/test-classes
[[1;34mINFO[m] 
[[1;34mINFO[m] [1m--- [0;32mmaven-surefire-plugin:2.4.3:test[m [1m(test)[m @ [36mapache-maven[0;1m ---[m
[[1;34mINFO[m] Tests are skipped.
[[1;34mINFO[m] 
[[1;34mINFO[m] [1m--- [0;32mmaven-assembly-plugin:2.2-beta-4:single[m [1m(create-distro)[m @ [36mapache-maven[0;1m ---[m
[[1;34mINFO[m] Reading assembly descriptor: src/main/assembly/bin.xml
[[1;33mWARNING[m] The following patterns were never triggered in this artifact exclusion filter:
o  'junit:junit'

[[1;34mINFO[m] Building zip: /home/user/Reproducibility-Scanner/benchmarks/bugs-dot-jar/maven/apache-maven/target/apache-maven-3.0-SNAPSHOT-bin.zip
[[1;33mWARNING[m] The following patterns were never triggered in this artifact exclusion filter:
o  'junit:junit'

[[1;34mINFO[m] Building tar : /home/user/Reproducibility-Scanner/benchmarks/bugs-dot-jar/maven/apache-maven/target/apache-maven-3.0-SNAPSHOT-bin.tar.gz
[[1;34mINFO[m] 
[[1;34mINFO[m] [1m--- [0;32mmaven-install-plugin:2.2:install[m [1m(default-install)[m @ [36mapache-maven[0;1m ---[m
[[1;34mINFO[m] Installing /home/user/Reproducibility-Scanner/benchmarks/bugs-dot-jar/maven/apache-maven/pom.xml to /home/user/.m2/repository/org/apache/maven/apache-maven/3.0-SNAPSHOT/apache-maven-3.0-SNAPSHOT.pom
[[1;34mINFO[m] Installing /home/user/Reproducibility-Scanner/benchmarks/bugs-dot-jar/maven/apache-maven/target/apache-maven-3.0-SNAPSHOT-bin.zip to /home/user/.m2/repository/org/apache/maven/apache-maven/3.0-SNAPSHOT/apache-maven-3.0-SNAPSHOT-bin.zip
[[1;34mINFO[m] Installing /home/user/Reproducibility-Scanner/benchmarks/bugs-dot-jar/maven/apache-maven/target/apache-maven-3.0-SNAPSHOT-bin.tar.gz to /home/user/.m2/repository/org/apache/maven/apache-maven/3.0-SNAPSHOT/apache-maven-3.0-SNAPSHOT-bin.tar.gz
[[1;34mINFO[m] [1m------------------------------------------------------------------------[m
[[1;34mINFO[m] [1mReactor Summary for Apache Maven 3.x 3.0-SNAPSHOT:[m
[[1;34mINFO[m] 
[[1;34mINFO[m] Apache Maven 3.x ................................... [1;32mSUCCESS[m [  0.481 s]
[[1;34mINFO[m] Maven Model ........................................ [1;32mSUCCESS[m [  5.165 s]
[[1;34mINFO[m] Maven Settings ..................................... [1;32mSUCCESS[m [  0.625 s]
[[1;34mINFO[m] Maven Artifact ..................................... [1;32mSUCCESS[m [  2.282 s]
[[1;34mINFO[m] Maven Plugin API ................................... [1;32mSUCCESS[m [  1.205 s]
[[1;34mINFO[m] Maven Model Builder ................................ [1;32mSUCCESS[m [  1.379 s]
[[1;34mINFO[m] Maven Core ......................................... [1;32mSUCCESS[m [  2.998 s]
[[1;34mINFO[m] Maven Compat ....................................... [1;32mSUCCESS[m [  2.937 s]
[[1;34mINFO[m] Maven Embedder ..................................... [1;32mSUCCESS[m [  0.772 s]
[[1;34mINFO[m] Maven Distribution ................................. [1;32mSUCCESS[m [  4.261 s]
[[1;34mINFO[m] [1m------------------------------------------------------------------------[m
[[1;34mINFO[m] [1;32mBUILD SUCCESS[m
[[1;34mINFO[m] [1m------------------------------------------------------------------------[m
[[1;34mINFO[m] Total time:  22.298 s
[[1;34mINFO[m] Finished at: 2022-07-16T04:11:57-07:00
[[1;34mINFO[m] [1m------------------------------------------------------------------------[m
[[1;34mINFO[m] Scanning for projects...
[[1;34mINFO[m] 
[[1;34mINFO[m] [1m------------------< [0;36morg.apache.maven:maven-artifact[0;1m >-------------------[m
[[1;34mINFO[m] [1mBuilding Maven Artifact 3.0-SNAPSHOT[m
[[1;34mINFO[m] [1m--------------------------------[ jar ]---------------------------------[m
[[1;34mINFO[m] 
[[1;34mINFO[m] [1m--- [0;32mmaven-remote-resources-plugin:1.1:process[m [1m(default)[m @ [36mmaven-artifact[0;1m ---[m
[[1;34mINFO[m] Setting property: classpath.resource.loader.class => 'org.codehaus.plexus.velocity.ContextClassLoaderResourceLoader'.
[[1;34mINFO[m] Setting property: velocimacro.messages.on => 'false'.
[[1;34mINFO[m] Setting property: resource.loader => 'classpath'.
[[1;34mINFO[m] Setting property: resource.manager.logwhenfound => 'false'.
[[1;34mINFO[m] 
[[1;34mINFO[m] [1m--- [0;32mmaven-resources-plugin:2.4:resources[m [1m(default-resources)[m @ [36mmaven-artifact[0;1m ---[m
[[1;34mINFO[m] Using 'UTF-8' encoding to copy filtered resources.
[[1;34mINFO[m] skip non existing resourceDirectory /home/user/Reproducibility-Scanner/benchmarks/bugs-dot-jar/maven/maven-artifact/src/main/resources
[[1;34mINFO[m] Copying 3 resources
[[1;34mINFO[m] 
[[1;34mINFO[m] [1m--- [0;32mmaven-compiler-plugin:2.0.2:compile[m [1m(default-compile)[m @ [36mmaven-artifact[0;1m ---[m
[[1;34mINFO[m] Nothing to compile - all classes are up to date
[[1;34mINFO[m] 
[[1;34mINFO[m] [1m--- [0;32mplexus-component-metadata:1.5.2:generate-metadata[m [1m(default)[m @ [36mmaven-artifact[0;1m ---[m
[[1;34mINFO[m] 
[[1;34mINFO[m] [1m--- [0;32mmaven-resources-plugin:2.4:testResources[m [1m(default-testResources)[m @ [36mmaven-artifact[0;1m ---[m
[[1;34mINFO[m] Using 'UTF-8' encoding to copy filtered resources.
[[1;34mINFO[m] skip non existing resourceDirectory /home/user/Reproducibility-Scanner/benchmarks/bugs-dot-jar/maven/maven-artifact/src/test/resources
[[1;34mINFO[m] Copying 3 resources
[[1;34mINFO[m] 
[[1;34mINFO[m] [1m--- [0;32mmaven-compiler-plugin:2.0.2:testCompile[m [1m(default-testCompile)[m @ [36mmaven-artifact[0;1m ---[m
[[1;34mINFO[m] Nothing to compile - all classes are up to date
[[1;34mINFO[m] 
[[1;34mINFO[m] [1m--- [0;32mplexus-component-metadata:1.5.2:generate-test-metadata[m [1m(default)[m @ [36mmaven-artifact[0;1m ---[m
[[1;34mINFO[m] 
[[1;34mINFO[m] [1m--- [0;32mmaven-surefire-plugin:2.4.3:test[m [1m(default-test)[m @ [36mmaven-artifact[0;1m ---[m
[[1;34mINFO[m] Surefire report directory: /home/user/Reproducibility-Scanner/benchmarks/bugs-dot-jar/maven/maven-artifact/target/surefire-reports

-------------------------------------------------------
 T E S T S
-------------------------------------------------------
Running org.apache.maven.artifact.versioning.VersionRangeTest
Tests run: 5, Failures: 0, Errors: 0, Skipped: 0, Time elapsed: 0.052 sec
Running org.apache.maven.artifact.versioning.DefaultArtifactVersionTest
Tests run: 7, Failures: 0, Errors: 0, Skipped: 0, Time elapsed: 0.012 sec
Running org.apache.maven.artifact.versioning.ComparableVersionTest
Tests run: 6, Failures: 2, Errors: 0, Skipped: 0, Time elapsed: 0.013 sec <<< FAILURE!

Results :

Failed tests: 
  testVersionsQualifier(org.apache.maven.artifact.versioning.ComparableVersionTest)
  testVersionComparing(org.apache.maven.artifact.versioning.ComparableVersionTest)

Tests run: 18, Failures: 2, Errors: 0, Skipped: 0

[[1;34mINFO[m] [1m------------------------------------------------------------------------[m
[[1;34mINFO[m] [1;31mBUILD FAILURE[m
[[1;34mINFO[m] [1m------------------------------------------------------------------------[m
[[1;34mINFO[m] Total time:  1.439 s
[[1;34mINFO[m] Finished at: 2022-07-16T04:12:00-07:00
[[1;34mINFO[m] [1m------------------------------------------------------------------------[m
[[1;31mERROR[m] Failed to execute goal [32morg.apache.maven.plugins:maven-surefire-plugin:2.4.3:test[m [1m(default-test)[m on project [36mmaven-artifact[m: [1;31mThere are test failures.[m
[[1;31mERROR[m] [1;31m[m
[[1;31mERROR[m] [1;31mPlease refer to /home/user/Reproducibility-Scanner/benchmarks/bugs-dot-jar/maven/maven-artifact/target/surefire-reports for the individual test results.[m
[[1;31mERROR[m] -> [1m[Help 1][m
[[1;31mERROR[m] 
[[1;31mERROR[m] To see the full stack trace of the errors, re-run Maven with the [1m-e[m switch.
[[1;31mERROR[m] Re-run Maven using the [1m-X[m switch to enable full debug logging.
[[1;31mERROR[m] 
[[1;31mERROR[m] For more information about the errors and possible solutions, please read the following articles:
[[1;31mERROR[m] [1m[Help 1][m http://cwiki.apache.org/confluence/display/MAVEN/MojoFailureException