[INFO] Scanning for projects...
[INFO] ------------------------------------------------------------------------
[INFO] Reactor Build Order:
[INFO] 
[INFO] Apache Log4j 2                                                     [pom]
[INFO] Apache Log4j API                                                   [jar]
[INFO] Apache Log4j Core                                                  [jar]
[INFO] Apache Log4J Core OSGi Async                                    [bundle]
[INFO] Apache Log4J Core OSGi JPA                                      [bundle]
[INFO] Apache Log4J Core OSGi Net                                      [bundle]
[INFO] Apache Log4J Core OSGi Couch                                    [bundle]
[INFO] Apache Log4J Core OSGi Mongo                                    [bundle]
[INFO] Apache Log4J Core OSGi                                          [bundle]
[INFO] Apache Log4J Core OSGi Bundles                                     [pom]
[INFO] Apache Log4j 1.x Compatibility API                                 [jar]
[INFO] Apache Log4j SLF4J Binding                                         [jar]
[INFO] Apache Log4j to SLF4J Adapter                                      [jar]
[INFO] Apache Log4j Commons Logging Bridge                                [jar]
[INFO] Apache Log4j Flume NG Bridge                                       [jar]
[INFO] Apache Log4j Web Adapters                                          [jar]
[INFO] Apache Log4j Tag Library                                           [jar]
[INFO] Apache Log4j JMX GUI                                               [jar]
[INFO] Apache Log4j Samples                                               [pom]
[INFO] Apache Log4j Samples: Flume - Common                               [jar]
[INFO] Apache Log4j Samples: Flume - Remote                               [war]
[INFO] Apache Log4j Samples: Flume - Embedded                             [war]
[INFO] 
[INFO] -------------------< org.apache.logging.log4j:log4j >-------------------
[INFO] Building Apache Log4j 2 2.0-beta7-SNAPSHOT                        [1/22]
[INFO] --------------------------------[ pom ]---------------------------------
[INFO] 
[INFO] --- maven-remote-resources-plugin:1.1:process (default) @ log4j ---
[INFO] Setting property: classpath.resource.loader.class => 'org.codehaus.plexus.velocity.ContextClassLoaderResourceLoader'.
[INFO] Setting property: velocimacro.messages.on => 'false'.
[INFO] Setting property: resource.loader => 'classpath'.
[INFO] Setting property: resource.manager.logwhenfound => 'false'.
[INFO] 
[INFO] --- maven-bundle-plugin:2.3.7:manifest (bundle-manifest) @ log4j ---
[WARNING] Ignoring project type pom - supportedProjectTypes = [jar, bundle]
[INFO] 
[INFO] --- maven-install-plugin:2.3.1:install (default-install) @ log4j ---
[INFO] Installing /data-depot/user/Workspace/Reproducibility/Reproducibility-Scanner/benchmarks/bugs-dot-jar/logging-log4j2/pom.xml to /home/user/.m2/repository/org/apache/logging/log4j/log4j/2.0-beta7-SNAPSHOT/log4j-2.0-beta7-SNAPSHOT.pom
[INFO] 
[INFO] -----------------< org.apache.logging.log4j:log4j-api >-----------------
[INFO] Building Apache Log4j API 2.0-beta7-SNAPSHOT                      [2/22]
[INFO] --------------------------------[ jar ]---------------------------------
[INFO] 
[INFO] --- maven-remote-resources-plugin:1.1:process (default) @ log4j-api ---
[INFO] 
[INFO] --- maven-resources-plugin:2.5:resources (default-resources) @ log4j-api ---
[debug] execute contextualize
[INFO] Using 'UTF-8' encoding to copy filtered resources.
[INFO] skip non existing resourceDirectory /data-depot/user/Workspace/Reproducibility/Reproducibility-Scanner/benchmarks/bugs-dot-jar/logging-log4j2/api/src/main/resources
[INFO] Copying 3 resources
[INFO] 
[INFO] --- maven-compiler-plugin:3.1:compile (default-compile) @ log4j-api ---
[INFO] Changes detected - recompiling the module!
[INFO] Compiling 59 source files to /data-depot/user/Workspace/Reproducibility/Reproducibility-Scanner/benchmarks/bugs-dot-jar/logging-log4j2/api/target/classes
[WARNING] bootstrap class path not set in conjunction with -source 1.6
[INFO] 
[INFO] --- maven-bundle-plugin:2.3.7:manifest (bundle-manifest) @ log4j-api ---
[INFO] 
[INFO] --- maven-resources-plugin:2.5:testResources (default-testResources) @ log4j-api ---
[debug] execute contextualize
[INFO] Using 'UTF-8' encoding to copy filtered resources.
[INFO] Copying 7 resources
[INFO] Copying 3 resources
[INFO] 
[INFO] --- maven-compiler-plugin:3.1:testCompile (default-testCompile) @ log4j-api ---
[INFO] Changes detected - recompiling the module!
[INFO] Compiling 23 source files to /data-depot/user/Workspace/Reproducibility/Reproducibility-Scanner/benchmarks/bugs-dot-jar/logging-log4j2/api/target/test-classes
[WARNING] bootstrap class path not set in conjunction with -source 1.6
[INFO] 
[INFO] --- maven-surefire-plugin:2.14.1:test (default-test) @ log4j-api ---
[INFO] Tests are skipped.
[INFO] 
[INFO] --- maven-jar-plugin:2.3.1:jar (default-jar) @ log4j-api ---
[INFO] Building jar: /data-depot/user/Workspace/Reproducibility/Reproducibility-Scanner/benchmarks/bugs-dot-jar/logging-log4j2/api/target/log4j-api-2.0-beta7-SNAPSHOT.jar
[INFO] 
[INFO] --- maven-install-plugin:2.3.1:install (default-install) @ log4j-api ---
[INFO] Installing /data-depot/user/Workspace/Reproducibility/Reproducibility-Scanner/benchmarks/bugs-dot-jar/logging-log4j2/api/target/log4j-api-2.0-beta7-SNAPSHOT.jar to /home/user/.m2/repository/org/apache/logging/log4j/log4j-api/2.0-beta7-SNAPSHOT/log4j-api-2.0-beta7-SNAPSHOT.jar
[INFO] Installing /data-depot/user/Workspace/Reproducibility/Reproducibility-Scanner/benchmarks/bugs-dot-jar/logging-log4j2/api/pom.xml to /home/user/.m2/repository/org/apache/logging/log4j/log4j-api/2.0-beta7-SNAPSHOT/log4j-api-2.0-beta7-SNAPSHOT.pom
[INFO] 
[INFO] ----------------< org.apache.logging.log4j:log4j-core >-----------------
[INFO] Building Apache Log4j Core 2.0-beta7-SNAPSHOT                     [3/22]
[INFO] --------------------------------[ jar ]---------------------------------
[INFO] 
[INFO] --- maven-bundle-plugin:2.3.7:cleanVersions (default) @ log4j-core ---
[INFO] 
[INFO] --- maven-remote-resources-plugin:1.1:process (default) @ log4j-core ---
[INFO] 
[INFO] --- maven-resources-plugin:2.5:resources (default-resources) @ log4j-core ---
[debug] execute contextualize
[INFO] Using 'UTF-8' encoding to copy filtered resources.
[INFO] Copying 2 resources
[INFO] Copying 3 resources
[INFO] 
[INFO] --- maven-compiler-plugin:3.1:compile (default-compile) @ log4j-core ---
[INFO] Changes detected - recompiling the module!
[INFO] Compiling 294 source files to /data-depot/user/Workspace/Reproducibility/Reproducibility-Scanner/benchmarks/bugs-dot-jar/logging-log4j2/core/target/classes
[WARNING] bootstrap class path not set in conjunction with -source 1.6
[WARNING] Signature attribute introduced in version 49.0 class files is ignored in version 48.0 class files
[WARNING] Signature attribute introduced in version 49.0 class files is ignored in version 48.0 class files
[WARNING] /data-depot/user/Workspace/Reproducibility/Reproducibility-Scanner/benchmarks/bugs-dot-jar/logging-log4j2/core/src/main/java/org/apache/logging/log4j/core/config/LoggerConfig.java:[179,15] found raw type: org.apache.logging.log4j.core.config.AppenderControl
  missing type arguments for generic class org.apache.logging.log4j.core.config.AppenderControl<T>
[WARNING] /data-depot/user/Workspace/Reproducibility/Reproducibility-Scanner/benchmarks/bugs-dot-jar/logging-log4j2/core/src/main/java/org/apache/logging/log4j/core/config/LoggerConfig.java:[214,38] found raw type: org.apache.logging.log4j.core.config.AppenderControl
  missing type arguments for generic class org.apache.logging.log4j.core.config.AppenderControl<T>
[WARNING] /data-depot/user/Workspace/Reproducibility/Reproducibility-Scanner/benchmarks/bugs-dot-jar/logging-log4j2/core/src/main/java/org/apache/logging/log4j/core/config/LoggerConfig.java:[403,20] found raw type: org.apache.logging.log4j.core.config.AppenderControl
  missing type arguments for generic class org.apache.logging.log4j.core.config.AppenderControl<T>
[WARNING] /data-depot/user/Workspace/Reproducibility/Reproducibility-Scanner/benchmarks/bugs-dot-jar/logging-log4j2/core/src/main/java/org/apache/logging/log4j/core/config/Node.java:[34,19] found raw type: org.apache.logging.log4j.core.config.plugins.PluginType
  missing type arguments for generic class org.apache.logging.log4j.core.config.plugins.PluginType<T>
[WARNING] /data-depot/user/Workspace/Reproducibility/Reproducibility-Scanner/benchmarks/bugs-dot-jar/logging-log4j2/core/src/main/java/org/apache/logging/log4j/core/config/Node.java:[48,61] found raw type: org.apache.logging.log4j.core.config.plugins.PluginType
  missing type arguments for generic class org.apache.logging.log4j.core.config.plugins.PluginType<T>
[WARNING] /data-depot/user/Workspace/Reproducibility/Reproducibility-Scanner/benchmarks/bugs-dot-jar/logging-log4j2/core/src/main/java/org/apache/logging/log4j/core/config/Node.java:[112,12] found raw type: org.apache.logging.log4j.core.config.plugins.PluginType
  missing type arguments for generic class org.apache.logging.log4j.core.config.plugins.PluginType<T>
[WARNING] /data-depot/user/Workspace/Reproducibility/Reproducibility-Scanner/benchmarks/bugs-dot-jar/logging-log4j2/core/src/main/java/org/apache/logging/log4j/core/config/ConfigurationFactory.java:[110,39] found raw type: org.apache.logging.log4j.core.config.plugins.PluginType
  missing type arguments for generic class org.apache.logging.log4j.core.config.plugins.PluginType<T>
[WARNING] /data-depot/user/Workspace/Reproducibility/Reproducibility-Scanner/benchmarks/bugs-dot-jar/logging-log4j2/core/src/main/java/org/apache/logging/log4j/core/config/ConfigurationFactory.java:[112,32] found raw type: org.apache.logging.log4j.core.config.plugins.PluginType
  missing type arguments for generic class org.apache.logging.log4j.core.config.plugins.PluginType<T>
[WARNING] /data-depot/user/Workspace/Reproducibility/Reproducibility-Scanner/benchmarks/bugs-dot-jar/logging-log4j2/core/src/main/java/org/apache/logging/log4j/core/appender/OutputStreamManager.java:[35,89] found raw type: org.apache.logging.log4j.core.Layout
  missing type arguments for generic class org.apache.logging.log4j.core.Layout<T>
[WARNING] /data-depot/user/Workspace/Reproducibility/Reproducibility-Scanner/benchmarks/bugs-dot-jar/logging-log4j2/core/src/main/java/org/apache/logging/log4j/core/appender/FileManager.java:[45,60] found raw type: org.apache.logging.log4j.core.Layout
  missing type arguments for generic class org.apache.logging.log4j.core.Layout<T>
[WARNING] /data-depot/user/Workspace/Reproducibility/Reproducibility-Scanner/benchmarks/bugs-dot-jar/logging-log4j2/core/src/main/java/org/apache/logging/log4j/core/appender/FileManager.java:[63,52] found raw type: org.apache.logging.log4j.core.Layout
  missing type arguments for generic class org.apache.logging.log4j.core.Layout<T>
[WARNING] /data-depot/user/Workspace/Reproducibility/Reproducibility-Scanner/benchmarks/bugs-dot-jar/logging-log4j2/core/src/main/java/org/apache/logging/log4j/core/appender/FileManager.java:[145,23] found raw type: org.apache.logging.log4j.core.Layout
  missing type arguments for generic class org.apache.logging.log4j.core.Layout<T>
[WARNING] /data-depot/user/Workspace/Reproducibility/Reproducibility-Scanner/benchmarks/bugs-dot-jar/logging-log4j2/core/src/main/java/org/apache/logging/log4j/core/appender/FileManager.java:[155,61] found raw type: org.apache.logging.log4j.core.Layout
  missing type arguments for generic class org.apache.logging.log4j.core.Layout<T>
[WARNING] /data-depot/user/Workspace/Reproducibility/Reproducibility-Scanner/benchmarks/bugs-dot-jar/logging-log4j2/core/src/main/java/org/apache/logging/log4j/core/appender/rolling/RollingFileManager.java:[50,100] found raw type: org.apache.logging.log4j.core.Layout
  missing type arguments for generic class org.apache.logging.log4j.core.Layout<T>
[WARNING] /data-depot/user/Workspace/Reproducibility/Reproducibility-Scanner/benchmarks/bugs-dot-jar/logging-log4j2/core/src/main/java/org/apache/logging/log4j/core/appender/rolling/RollingFileManager.java:[75,59] found raw type: org.apache.logging.log4j.core.Layout
  missing type arguments for generic class org.apache.logging.log4j.core.Layout<T>
[WARNING] /data-depot/user/Workspace/Reproducibility/Reproducibility-Scanner/benchmarks/bugs-dot-jar/logging-log4j2/core/src/main/java/org/apache/logging/log4j/core/appender/rolling/RollingFileManager.java:[240,23] found raw type: org.apache.logging.log4j.core.Layout
  missing type arguments for generic class org.apache.logging.log4j.core.Layout<T>
[WARNING] /data-depot/user/Workspace/Reproducibility/Reproducibility-Scanner/benchmarks/bugs-dot-jar/logging-log4j2/core/src/main/java/org/apache/logging/log4j/core/appender/rolling/RollingFileManager.java:[252,34] found raw type: org.apache.logging.log4j.core.Layout
  missing type arguments for generic class org.apache.logging.log4j.core.Layout<T>
[WARNING] /data-depot/user/Workspace/Reproducibility/Reproducibility-Scanner/benchmarks/bugs-dot-jar/logging-log4j2/core/src/main/java/org/apache/logging/log4j/core/pattern/PatternParser.java:[116,27] found raw type: org.apache.logging.log4j.core.config.plugins.PluginType
  missing type arguments for generic class org.apache.logging.log4j.core.config.plugins.PluginType<T>
[WARNING] /data-depot/user/Workspace/Reproducibility/Reproducibility-Scanner/benchmarks/bugs-dot-jar/logging-log4j2/core/src/main/java/org/apache/logging/log4j/core/pattern/PatternParser.java:[119,20] found raw type: org.apache.logging.log4j.core.config.plugins.PluginType
  missing type arguments for generic class org.apache.logging.log4j.core.config.plugins.PluginType<T>
[WARNING] /data-depot/user/Workspace/Reproducibility/Reproducibility-Scanner/benchmarks/bugs-dot-jar/logging-log4j2/core/src/main/java/org/apache/logging/log4j/core/appender/db/nosql/NoSQLDatabaseManager.java:[199,24] found raw type: org.apache.logging.log4j.core.appender.db.nosql.NoSQLDatabaseManager
  missing type arguments for generic class org.apache.logging.log4j.core.appender.db.nosql.NoSQLDatabaseManager<W>
[WARNING] /data-depot/user/Workspace/Reproducibility/Reproducibility-Scanner/benchmarks/bugs-dot-jar/logging-log4j2/core/src/main/java/org/apache/logging/log4j/core/appender/FastFileManager.java:[47,19] found raw type: org.apache.logging.log4j.core.Layout
  missing type arguments for generic class org.apache.logging.log4j.core.Layout<T>
[WARNING] /data-depot/user/Workspace/Reproducibility/Reproducibility-Scanner/benchmarks/bugs-dot-jar/logging-log4j2/core/src/main/java/org/apache/logging/log4j/core/appender/FastFileManager.java:[70,56] found raw type: org.apache.logging.log4j.core.Layout
  missing type arguments for generic class org.apache.logging.log4j.core.Layout<T>
[WARNING] /data-depot/user/Workspace/Reproducibility/Reproducibility-Scanner/benchmarks/bugs-dot-jar/logging-log4j2/core/src/main/java/org/apache/logging/log4j/core/appender/FastFileManager.java:[160,23] found raw type: org.apache.logging.log4j.core.Layout
  missing type arguments for generic class org.apache.logging.log4j.core.Layout<T>
[WARNING] /data-depot/user/Workspace/Reproducibility/Reproducibility-Scanner/benchmarks/bugs-dot-jar/logging-log4j2/core/src/main/java/org/apache/logging/log4j/core/appender/FastFileManager.java:[168,34] found raw type: org.apache.logging.log4j.core.Layout
  missing type arguments for generic class org.apache.logging.log4j.core.Layout<T>
[WARNING] /data-depot/user/Workspace/Reproducibility/Reproducibility-Scanner/benchmarks/bugs-dot-jar/logging-log4j2/core/src/main/java/org/apache/logging/log4j/core/appender/SocketAppender.java:[135,70] found raw type: org.apache.logging.log4j.core.Layout
  missing type arguments for generic class org.apache.logging.log4j.core.Layout<T>
[WARNING] /data-depot/user/Workspace/Reproducibility/Reproducibility-Scanner/benchmarks/bugs-dot-jar/logging-log4j2/core/src/main/java/org/apache/logging/log4j/core/net/AbstractSocketManager.java:[55,56] found raw type: org.apache.logging.log4j.core.Layout
  missing type arguments for generic class org.apache.logging.log4j.core.Layout<T>
[WARNING] /data-depot/user/Workspace/Reproducibility/Reproducibility-Scanner/benchmarks/bugs-dot-jar/logging-log4j2/core/src/main/java/org/apache/logging/log4j/core/net/TCPSocketManager.java:[75,35] found raw type: org.apache.logging.log4j.core.Layout
  missing type arguments for generic class org.apache.logging.log4j.core.Layout<T>
[WARNING] /data-depot/user/Workspace/Reproducibility/Reproducibility-Scanner/benchmarks/bugs-dot-jar/logging-log4j2/core/src/main/java/org/apache/logging/log4j/core/net/TCPSocketManager.java:[97,88] found raw type: org.apache.logging.log4j.core.Layout
  missing type arguments for generic class org.apache.logging.log4j.core.Layout<T>
[WARNING] /data-depot/user/Workspace/Reproducibility/Reproducibility-Scanner/benchmarks/bugs-dot-jar/logging-log4j2/core/src/main/java/org/apache/logging/log4j/core/net/TCPSocketManager.java:[231,23] found raw type: org.apache.logging.log4j.core.Layout
  missing type arguments for generic class org.apache.logging.log4j.core.Layout<T>
[WARNING] /data-depot/user/Workspace/Reproducibility/Reproducibility-Scanner/benchmarks/bugs-dot-jar/logging-log4j2/core/src/main/java/org/apache/logging/log4j/core/net/TCPSocketManager.java:[234,34] found raw type: org.apache.logging.log4j.core.Layout
  missing type arguments for generic class org.apache.logging.log4j.core.Layout<T>
[WARNING] /data-depot/user/Workspace/Reproducibility/Reproducibility-Scanner/benchmarks/bugs-dot-jar/logging-log4j2/core/src/main/java/org/apache/logging/log4j/core/appender/routing/RoutingAppender.java:[85,44] found raw type: org.apache.logging.log4j.core.config.AppenderControl
  missing type arguments for generic class org.apache.logging.log4j.core.config.AppenderControl<T>
[WARNING] /data-depot/user/Workspace/Reproducibility/Reproducibility-Scanner/benchmarks/bugs-dot-jar/logging-log4j2/core/src/main/java/org/apache/logging/log4j/core/appender/ConsoleAppender.java:[101,100] found raw type: org.apache.logging.log4j.core.Layout
  missing type arguments for generic class org.apache.logging.log4j.core.Layout<T>
[WARNING] /data-depot/user/Workspace/Reproducibility/Reproducibility-Scanner/benchmarks/bugs-dot-jar/logging-log4j2/core/src/main/java/org/apache/logging/log4j/core/appender/ConsoleAppender.java:[215,23] found raw type: org.apache.logging.log4j.core.Layout
  missing type arguments for generic class org.apache.logging.log4j.core.Layout<T>
[WARNING] /data-depot/user/Workspace/Reproducibility/Reproducibility-Scanner/benchmarks/bugs-dot-jar/logging-log4j2/core/src/main/java/org/apache/logging/log4j/core/appender/ConsoleAppender.java:[222,76] found raw type: org.apache.logging.log4j.core.Layout
  missing type arguments for generic class org.apache.logging.log4j.core.Layout<T>
[WARNING] /data-depot/user/Workspace/Reproducibility/Reproducibility-Scanner/benchmarks/bugs-dot-jar/logging-log4j2/core/src/main/java/org/apache/logging/log4j/core/net/MulticastDNSAdvertiser.java:[99,77] found raw type: java.lang.Class
  missing type arguments for generic class java.lang.Class<T>
[WARNING] /data-depot/user/Workspace/Reproducibility/Reproducibility-Scanner/benchmarks/bugs-dot-jar/logging-log4j2/core/src/main/java/org/apache/logging/log4j/core/net/MulticastDNSAdvertiser.java:[125,79] found raw type: java.lang.Class
  missing type arguments for generic class java.lang.Class<T>
[WARNING] /data-depot/user/Workspace/Reproducibility/Reproducibility-Scanner/benchmarks/bugs-dot-jar/logging-log4j2/core/src/main/java/org/apache/logging/log4j/core/net/MulticastDNSAdvertiser.java:[168,13] found raw type: java.lang.Class
  missing type arguments for generic class java.lang.Class<T>
[WARNING] /data-depot/user/Workspace/Reproducibility/Reproducibility-Scanner/benchmarks/bugs-dot-jar/logging-log4j2/core/src/main/java/org/apache/logging/log4j/core/net/MulticastDNSAdvertiser.java:[168,32] found raw type: java.lang.Class
  missing type arguments for generic class java.lang.Class<T>
[WARNING] /data-depot/user/Workspace/Reproducibility/Reproducibility-Scanner/benchmarks/bugs-dot-jar/logging-log4j2/core/src/main/java/org/apache/logging/log4j/core/net/MulticastDNSAdvertiser.java:[198,13] found raw type: java.lang.Class
  missing type arguments for generic class java.lang.Class<T>
[WARNING] /data-depot/user/Workspace/Reproducibility/Reproducibility-Scanner/benchmarks/bugs-dot-jar/logging-log4j2/core/src/main/java/org/apache/logging/log4j/core/net/MulticastDNSAdvertiser.java:[198,32] found raw type: java.lang.Class
  missing type arguments for generic class java.lang.Class<T>
[WARNING] /data-depot/user/Workspace/Reproducibility/Reproducibility-Scanner/benchmarks/bugs-dot-jar/logging-log4j2/core/src/main/java/org/apache/logging/log4j/core/config/BaseConfiguration.java:[127,20] found raw type: org.apache.logging.log4j.core.Appender
  missing type arguments for generic class org.apache.logging.log4j.core.Appender<T>
[WARNING] /data-depot/user/Workspace/Reproducibility/Reproducibility-Scanner/benchmarks/bugs-dot-jar/logging-log4j2/core/src/main/java/org/apache/logging/log4j/core/config/BaseConfiguration.java:[140,15] found raw type: org.apache.logging.log4j.core.Appender
  missing type arguments for generic class org.apache.logging.log4j.core.Appender<T>
[WARNING] /data-depot/user/Workspace/Reproducibility/Reproducibility-Scanner/benchmarks/bugs-dot-jar/logging-log4j2/core/src/main/java/org/apache/logging/log4j/core/config/BaseConfiguration.java:[140,65] found raw type: org.apache.logging.log4j.core.Appender
  missing type arguments for generic class org.apache.logging.log4j.core.Appender<T>
[WARNING] /data-depot/user/Workspace/Reproducibility/Reproducibility-Scanner/benchmarks/bugs-dot-jar/logging-log4j2/core/src/main/java/org/apache/logging/log4j/core/config/BaseConfiguration.java:[217,23] found raw type: org.apache.logging.log4j.core.Appender
  missing type arguments for generic class org.apache.logging.log4j.core.Appender<T>
[WARNING] /data-depot/user/Workspace/Reproducibility/Reproducibility-Scanner/benchmarks/bugs-dot-jar/logging-log4j2/core/src/main/java/org/apache/logging/log4j/core/config/BaseConfiguration.java:[313,35] found raw type: org.apache.logging.log4j.core.Appender
  missing type arguments for generic class org.apache.logging.log4j.core.Appender<T>
[WARNING] /data-depot/user/Workspace/Reproducibility/Reproducibility-Scanner/benchmarks/bugs-dot-jar/logging-log4j2/core/src/main/java/org/apache/logging/log4j/core/config/BaseConfiguration.java:[428,15] found raw type: org.apache.logging.log4j.core.Appender
  missing type arguments for generic class org.apache.logging.log4j.core.Appender<T>
[WARNING] /data-depot/user/Workspace/Reproducibility/Reproducibility-Scanner/benchmarks/bugs-dot-jar/logging-log4j2/core/src/main/java/org/apache/logging/log4j/core/config/BaseConfiguration.java:[516,15] found raw type: org.apache.logging.log4j.core.config.plugins.PluginType
  missing type arguments for generic class org.apache.logging.log4j.core.config.plugins.PluginType<T>
[WARNING] /data-depot/user/Workspace/Reproducibility/Reproducibility-Scanner/benchmarks/bugs-dot-jar/logging-log4j2/core/src/main/java/org/apache/logging/log4j/core/config/BaseConfiguration.java:[549,45] found raw type: org.apache.logging.log4j.core.config.plugins.PluginType
  missing type arguments for generic class org.apache.logging.log4j.core.config.plugins.PluginType<T>
[WARNING] /data-depot/user/Workspace/Reproducibility/Reproducibility-Scanner/benchmarks/bugs-dot-jar/logging-log4j2/core/src/main/java/org/apache/logging/log4j/core/config/BaseConfiguration.java:[551,15] found raw type: java.lang.Class
  missing type arguments for generic class java.lang.Class<T>
[WARNING] /data-depot/user/Workspace/Reproducibility/Reproducibility-Scanner/benchmarks/bugs-dot-jar/logging-log4j2/core/src/main/java/org/apache/logging/log4j/core/config/BaseConfiguration.java:[594,15] found raw type: java.lang.Class
  missing type arguments for generic class java.lang.Class<T>
[WARNING] /data-depot/user/Workspace/Reproducibility/Reproducibility-Scanner/benchmarks/bugs-dot-jar/logging-log4j2/core/src/main/java/org/apache/logging/log4j/core/config/BaseConfiguration.java:[656,35] found raw type: org.apache.logging.log4j.core.config.plugins.PluginType
  missing type arguments for generic class org.apache.logging.log4j.core.config.plugins.PluginType<T>
[WARNING] /data-depot/user/Workspace/Reproducibility/Reproducibility-Scanner/benchmarks/bugs-dot-jar/logging-log4j2/core/src/main/java/org/apache/logging/log4j/core/config/BaseConfiguration.java:[700,35] found raw type: org.apache.logging.log4j.core.config.plugins.PluginType
  missing type arguments for generic class org.apache.logging.log4j.core.config.plugins.PluginType<T>
[WARNING] /data-depot/user/Workspace/Reproducibility/Reproducibility-Scanner/benchmarks/bugs-dot-jar/logging-log4j2/core/src/main/java/org/apache/logging/log4j/core/config/plugins/PluginManager.java:[47,64] found raw type: org.apache.logging.log4j.core.config.plugins.PluginType
  missing type arguments for generic class org.apache.logging.log4j.core.config.plugins.PluginType<T>
[WARNING] /data-depot/user/Workspace/Reproducibility/Reproducibility-Scanner/benchmarks/bugs-dot-jar/logging-log4j2/core/src/main/java/org/apache/logging/log4j/core/config/plugins/PluginManager.java:[48,61] found raw type: org.apache.logging.log4j.core.config.plugins.PluginType
  missing type arguments for generic class org.apache.logging.log4j.core.config.plugins.PluginType<T>
[WARNING] /data-depot/user/Workspace/Reproducibility/Reproducibility-Scanner/benchmarks/bugs-dot-jar/logging-log4j2/core/src/main/java/org/apache/logging/log4j/core/config/plugins/PluginManager.java:[59,25] found raw type: org.apache.logging.log4j.core.config.plugins.PluginType
  missing type arguments for generic class org.apache.logging.log4j.core.config.plugins.PluginType<T>
[WARNING] /data-depot/user/Workspace/Reproducibility/Reproducibility-Scanner/benchmarks/bugs-dot-jar/logging-log4j2/core/src/main/java/org/apache/logging/log4j/core/config/plugins/PluginManager.java:[59,67] found raw type: org.apache.logging.log4j.core.config.plugins.PluginType
  missing type arguments for generic class org.apache.logging.log4j.core.config.plugins.PluginType<T>
[WARNING] /data-depot/user/Workspace/Reproducibility/Reproducibility-Scanner/benchmarks/bugs-dot-jar/logging-log4j2/core/src/main/java/org/apache/logging/log4j/core/config/plugins/PluginManager.java:[113,12] found raw type: org.apache.logging.log4j.core.config.plugins.PluginType
  missing type arguments for generic class org.apache.logging.log4j.core.config.plugins.PluginType<T>
[WARNING] /data-depot/user/Workspace/Reproducibility/Reproducibility-Scanner/benchmarks/bugs-dot-jar/logging-log4j2/core/src/main/java/org/apache/logging/log4j/core/config/plugins/PluginManager.java:[121,24] found raw type: org.apache.logging.log4j.core.config.plugins.PluginType
  missing type arguments for generic class org.apache.logging.log4j.core.config.plugins.PluginType<T>
[WARNING] /data-depot/user/Workspace/Reproducibility/Reproducibility-Scanner/benchmarks/bugs-dot-jar/logging-log4j2/core/src/main/java/org/apache/logging/log4j/core/config/plugins/PluginManager.java:[151,63] found raw type: org.apache.logging.log4j.core.config.plugins.PluginType
  missing type arguments for generic class org.apache.logging.log4j.core.config.plugins.PluginType<T>
[WARNING] /data-depot/user/Workspace/Reproducibility/Reproducibility-Scanner/benchmarks/bugs-dot-jar/logging-log4j2/core/src/main/java/org/apache/logging/log4j/core/config/plugins/PluginManager.java:[179,85] found raw type: org.apache.logging.log4j.core.config.plugins.PluginType
  missing type arguments for generic class org.apache.logging.log4j.core.config.plugins.PluginType<T>
[WARNING] /data-depot/user/Workspace/Reproducibility/Reproducibility-Scanner/benchmarks/bugs-dot-jar/logging-log4j2/core/src/main/java/org/apache/logging/log4j/core/config/plugins/PluginManager.java:[181,31] found raw type: org.apache.logging.log4j.core.config.plugins.PluginType
  missing type arguments for generic class org.apache.logging.log4j.core.config.plugins.PluginType<T>
[WARNING] /data-depot/user/Workspace/Reproducibility/Reproducibility-Scanner/benchmarks/bugs-dot-jar/logging-log4j2/core/src/main/java/org/apache/logging/log4j/core/config/plugins/PluginManager.java:[183,54] found raw type: org.apache.logging.log4j.core.config.plugins.PluginType
  missing type arguments for generic class org.apache.logging.log4j.core.config.plugins.PluginType<T>
[WARNING] /data-depot/user/Workspace/Reproducibility/Reproducibility-Scanner/benchmarks/bugs-dot-jar/logging-log4j2/core/src/main/java/org/apache/logging/log4j/core/config/plugins/PluginManager.java:[200,64] found raw type: org.apache.logging.log4j.core.config.plugins.PluginType
  missing type arguments for generic class org.apache.logging.log4j.core.config.plugins.PluginType<T>
[WARNING] /data-depot/user/Workspace/Reproducibility/Reproducibility-Scanner/benchmarks/bugs-dot-jar/logging-log4j2/core/src/main/java/org/apache/logging/log4j/core/config/plugins/PluginManager.java:[208,59] found raw type: org.apache.logging.log4j.core.config.plugins.PluginType
  missing type arguments for generic class org.apache.logging.log4j.core.config.plugins.PluginType<T>
[WARNING] /data-depot/user/Workspace/Reproducibility/Reproducibility-Scanner/benchmarks/bugs-dot-jar/logging-log4j2/core/src/main/java/org/apache/logging/log4j/core/config/plugins/PluginManager.java:[209,65] found raw type: org.apache.logging.log4j.core.config.plugins.PluginType
  missing type arguments for generic class org.apache.logging.log4j.core.config.plugins.PluginType<T>
[WARNING] /data-depot/user/Workspace/Reproducibility/Reproducibility-Scanner/benchmarks/bugs-dot-jar/logging-log4j2/core/src/main/java/org/apache/logging/log4j/core/config/plugins/PluginManager.java:[222,43] found raw type: org.apache.logging.log4j.core.config.plugins.PluginType
  missing type arguments for generic class org.apache.logging.log4j.core.config.plugins.PluginType<T>
[WARNING] /data-depot/user/Workspace/Reproducibility/Reproducibility-Scanner/benchmarks/bugs-dot-jar/logging-log4j2/core/src/main/java/org/apache/logging/log4j/core/config/plugins/PluginManager.java:[224,63] found raw type: org.apache.logging.log4j.core.config.plugins.PluginType
  missing type arguments for generic class org.apache.logging.log4j.core.config.plugins.PluginType<T>
[WARNING] /data-depot/user/Workspace/Reproducibility/Reproducibility-Scanner/benchmarks/bugs-dot-jar/logging-log4j2/core/src/main/java/org/apache/logging/log4j/core/config/plugins/PluginManager.java:[233,44] found raw type: org.apache.logging.log4j.core.config.plugins.PluginType
  missing type arguments for generic class org.apache.logging.log4j.core.config.plugins.PluginType<T>
[WARNING] /data-depot/user/Workspace/Reproducibility/Reproducibility-Scanner/benchmarks/bugs-dot-jar/logging-log4j2/core/src/main/java/org/apache/logging/log4j/core/config/plugins/PluginManager.java:[251,82] found raw type: org.apache.logging.log4j.core.config.plugins.PluginType
  missing type arguments for generic class org.apache.logging.log4j.core.config.plugins.PluginType<T>
[WARNING] /data-depot/user/Workspace/Reproducibility/Reproducibility-Scanner/benchmarks/bugs-dot-jar/logging-log4j2/core/src/main/java/org/apache/logging/log4j/core/config/plugins/PluginManager.java:[261,64] found raw type: org.apache.logging.log4j.core.config.plugins.PluginType
  missing type arguments for generic class org.apache.logging.log4j.core.config.plugins.PluginType<T>
[WARNING] /data-depot/user/Workspace/Reproducibility/Reproducibility-Scanner/benchmarks/bugs-dot-jar/logging-log4j2/core/src/main/java/org/apache/logging/log4j/core/config/plugins/PluginManager.java:[264,46] found raw type: org.apache.logging.log4j.core.config.plugins.PluginType
  missing type arguments for generic class org.apache.logging.log4j.core.config.plugins.PluginType<T>
[WARNING] /data-depot/user/Workspace/Reproducibility/Reproducibility-Scanner/benchmarks/bugs-dot-jar/logging-log4j2/core/src/main/java/org/apache/logging/log4j/core/config/plugins/PluginManager.java:[266,27] found raw type: org.apache.logging.log4j.core.config.plugins.PluginType
  missing type arguments for generic class org.apache.logging.log4j.core.config.plugins.PluginType<T>
[WARNING] Signature attribute introduced in version 49.0 class files is ignored in version 48.0 class files
[WARNING] /data-depot/user/Workspace/Reproducibility/Reproducibility-Scanner/benchmarks/bugs-dot-jar/logging-log4j2/core/src/main/java/org/apache/logging/log4j/core/config/plugins/ResolverUtil.java:[282,61] unchecked conversion
  required: java.util.Collection<java.lang.String>
  found:    java.util.Collection
[WARNING] /data-depot/user/Workspace/Reproducibility/Reproducibility-Scanner/benchmarks/bugs-dot-jar/logging-log4j2/core/src/main/java/org/apache/logging/log4j/core/appender/AsyncAppender.java:[84,35] found raw type: org.apache.logging.log4j.core.config.AppenderControl
  missing type arguments for generic class org.apache.logging.log4j.core.config.AppenderControl<T>
[WARNING] /data-depot/user/Workspace/Reproducibility/Reproducibility-Scanner/benchmarks/bugs-dot-jar/logging-log4j2/core/src/main/java/org/apache/logging/log4j/core/appender/AsyncAppender.java:[92,37] found raw type: org.apache.logging.log4j.core.config.AppenderControl
  missing type arguments for generic class org.apache.logging.log4j.core.config.AppenderControl<T>
[WARNING] /data-depot/user/Workspace/Reproducibility/Reproducibility-Scanner/benchmarks/bugs-dot-jar/logging-log4j2/core/src/main/java/org/apache/logging/log4j/core/appender/DefaultErrorHandler.java:[40,19] found raw type: org.apache.logging.log4j.core.Appender
  missing type arguments for generic class org.apache.logging.log4j.core.Appender<T>
[WARNING] /data-depot/user/Workspace/Reproducibility/Reproducibility-Scanner/benchmarks/bugs-dot-jar/logging-log4j2/core/src/main/java/org/apache/logging/log4j/core/appender/DefaultErrorHandler.java:[42,38] found raw type: org.apache.logging.log4j.core.Appender
  missing type arguments for generic class org.apache.logging.log4j.core.Appender<T>
[WARNING] /data-depot/user/Workspace/Reproducibility/Reproducibility-Scanner/benchmarks/bugs-dot-jar/logging-log4j2/core/src/main/java/org/apache/logging/log4j/core/lookup/Interpolator.java:[46,27] found raw type: org.apache.logging.log4j.core.config.plugins.PluginType
  missing type arguments for generic class org.apache.logging.log4j.core.config.plugins.PluginType<T>
[WARNING] /data-depot/user/Workspace/Reproducibility/Reproducibility-Scanner/benchmarks/bugs-dot-jar/logging-log4j2/core/src/main/java/org/apache/logging/log4j/core/lookup/Interpolator.java:[48,38] found raw type: org.apache.logging.log4j.core.config.plugins.PluginType
  missing type arguments for generic class org.apache.logging.log4j.core.config.plugins.PluginType<T>
[WARNING] /data-depot/user/Workspace/Reproducibility/Reproducibility-Scanner/benchmarks/bugs-dot-jar/logging-log4j2/core/src/main/java/org/apache/logging/log4j/core/appender/rolling/FastRollingFileManager.java:[49,46] found raw type: org.apache.logging.log4j.core.Layout
  missing type arguments for generic class org.apache.logging.log4j.core.Layout<T>
[WARNING] /data-depot/user/Workspace/Reproducibility/Reproducibility-Scanner/benchmarks/bugs-dot-jar/logging-log4j2/core/src/main/java/org/apache/logging/log4j/core/appender/rolling/FastRollingFileManager.java:[61,79] found raw type: org.apache.logging.log4j.core.Layout
  missing type arguments for generic class org.apache.logging.log4j.core.Layout<T>
[WARNING] /data-depot/user/Workspace/Reproducibility/Reproducibility-Scanner/benchmarks/bugs-dot-jar/logging-log4j2/core/src/main/java/org/apache/logging/log4j/core/appender/rolling/FastRollingFileManager.java:[176,23] found raw type: org.apache.logging.log4j.core.Layout
  missing type arguments for generic class org.apache.logging.log4j.core.Layout<T>
[WARNING] /data-depot/user/Workspace/Reproducibility/Reproducibility-Scanner/benchmarks/bugs-dot-jar/logging-log4j2/core/src/main/java/org/apache/logging/log4j/core/appender/rolling/FastRollingFileManager.java:[187,34] found raw type: org.apache.logging.log4j.core.Layout
  missing type arguments for generic class org.apache.logging.log4j.core.Layout<T>
[WARNING] /data-depot/user/Workspace/Reproducibility/Reproducibility-Scanner/benchmarks/bugs-dot-jar/logging-log4j2/core/src/main/java/org/apache/logging/log4j/core/selector/ClassLoaderContextSelector.java:[84,21] found raw type: java.lang.Class
  missing type arguments for generic class java.lang.Class<T>
[WARNING] /data-depot/user/Workspace/Reproducibility/Reproducibility-Scanner/benchmarks/bugs-dot-jar/logging-log4j2/core/src/main/java/org/apache/logging/log4j/core/selector/ClassLoaderContextSelector.java:[109,23] found raw type: java.lang.Class
  missing type arguments for generic class java.lang.Class<T>
[WARNING] /data-depot/user/Workspace/Reproducibility/Reproducibility-Scanner/benchmarks/bugs-dot-jar/logging-log4j2/core/src/main/java/org/apache/logging/log4j/core/selector/ClassLoaderContextSelector.java:[226,19] found raw type: java.lang.Class
  missing type arguments for generic class java.lang.Class<T>
[WARNING] /data-depot/user/Workspace/Reproducibility/Reproducibility-Scanner/benchmarks/bugs-dot-jar/logging-log4j2/core/src/main/java/org/apache/logging/log4j/core/selector/ClassLoaderContextSelector.java:[260,16] found raw type: java.lang.Class
  missing type arguments for generic class java.lang.Class<T>
[WARNING] /data-depot/user/Workspace/Reproducibility/Reproducibility-Scanner/benchmarks/bugs-dot-jar/logging-log4j2/core/src/main/java/org/apache/logging/log4j/core/selector/ClassLoaderContextSelector.java:[261,19] found raw type: java.lang.Class
  missing type arguments for generic class java.lang.Class<T>
[WARNING] /data-depot/user/Workspace/Reproducibility/Reproducibility-Scanner/benchmarks/bugs-dot-jar/logging-log4j2/core/src/main/java/org/apache/logging/log4j/core/selector/ClassLoaderContextSelector.java:[263,24] found raw type: java.lang.Class
  missing type arguments for generic class java.lang.Class<T>
[WARNING] /data-depot/user/Workspace/Reproducibility/Reproducibility-Scanner/benchmarks/bugs-dot-jar/logging-log4j2/core/src/main/java/org/apache/logging/log4j/core/appender/rewrite/RewriteAppender.java:[43,41] found raw type: org.apache.logging.log4j.core.config.AppenderControl
  missing type arguments for generic class org.apache.logging.log4j.core.config.AppenderControl<T>
[WARNING] /data-depot/user/Workspace/Reproducibility/Reproducibility-Scanner/benchmarks/bugs-dot-jar/logging-log4j2/core/src/main/java/org/apache/logging/log4j/core/appender/rewrite/RewriteAppender.java:[43,100] found raw type: org.apache.logging.log4j.core.config.AppenderControl
  missing type arguments for generic class org.apache.logging.log4j.core.config.AppenderControl<T>
[WARNING] /data-depot/user/Workspace/Reproducibility/Reproducibility-Scanner/benchmarks/bugs-dot-jar/logging-log4j2/core/src/main/java/org/apache/logging/log4j/core/appender/rewrite/RewriteAppender.java:[62,19] found raw type: org.apache.logging.log4j.core.Appender
  missing type arguments for generic class org.apache.logging.log4j.core.Appender<T>
[WARNING] /data-depot/user/Workspace/Reproducibility/Reproducibility-Scanner/benchmarks/bugs-dot-jar/logging-log4j2/core/src/main/java/org/apache/logging/log4j/core/appender/rewrite/RewriteAppender.java:[66,41] found raw type: org.apache.logging.log4j.core.config.AppenderControl
  missing type arguments for generic class org.apache.logging.log4j.core.config.AppenderControl<T>
[WARNING] /data-depot/user/Workspace/Reproducibility/Reproducibility-Scanner/benchmarks/bugs-dot-jar/logging-log4j2/core/src/main/java/org/apache/logging/log4j/core/appender/rewrite/RewriteAppender.java:[88,20] found raw type: org.apache.logging.log4j.core.config.AppenderControl
  missing type arguments for generic class org.apache.logging.log4j.core.config.AppenderControl<T>
[WARNING] /data-depot/user/Workspace/Reproducibility/Reproducibility-Scanner/benchmarks/bugs-dot-jar/logging-log4j2/core/src/main/java/org/apache/logging/log4j/core/appender/FailoverAppender.java:[79,27] found raw type: org.apache.logging.log4j.core.config.AppenderControl
  missing type arguments for generic class org.apache.logging.log4j.core.config.AppenderControl<T>
[WARNING] /data-depot/user/Workspace/Reproducibility/Reproducibility-Scanner/benchmarks/bugs-dot-jar/logging-log4j2/core/src/main/java/org/apache/logging/log4j/core/appender/FailoverAppender.java:[86,43] found raw type: org.apache.logging.log4j.core.config.AppenderControl
  missing type arguments for generic class org.apache.logging.log4j.core.config.AppenderControl<T>
[WARNING] /data-depot/user/Workspace/Reproducibility/Reproducibility-Scanner/benchmarks/bugs-dot-jar/logging-log4j2/core/src/main/java/org/apache/logging/log4j/core/appender/FailoverAppender.java:[136,20] found raw type: org.apache.logging.log4j.core.config.AppenderControl
  missing type arguments for generic class org.apache.logging.log4j.core.config.AppenderControl<T>
[WARNING] /data-depot/user/Workspace/Reproducibility/Reproducibility-Scanner/benchmarks/bugs-dot-jar/logging-log4j2/core/src/main/java/org/apache/logging/log4j/core/net/DatagramSocketManager.java:[46,59] found raw type: org.apache.logging.log4j.core.Layout
  missing type arguments for generic class org.apache.logging.log4j.core.Layout<T>
[WARNING] /data-depot/user/Workspace/Reproducibility/Reproducibility-Scanner/benchmarks/bugs-dot-jar/logging-log4j2/core/src/main/java/org/apache/logging/log4j/core/net/DatagramSocketManager.java:[57,99] found raw type: org.apache.logging.log4j.core.Layout
  missing type arguments for generic class org.apache.logging.log4j.core.Layout<T>
[WARNING] /data-depot/user/Workspace/Reproducibility/Reproducibility-Scanner/benchmarks/bugs-dot-jar/logging-log4j2/core/src/main/java/org/apache/logging/log4j/core/net/DatagramSocketManager.java:[90,23] found raw type: org.apache.logging.log4j.core.Layout
  missing type arguments for generic class org.apache.logging.log4j.core.Layout<T>
[WARNING] /data-depot/user/Workspace/Reproducibility/Reproducibility-Scanner/benchmarks/bugs-dot-jar/logging-log4j2/core/src/main/java/org/apache/logging/log4j/core/net/DatagramSocketManager.java:[92,69] found raw type: org.apache.logging.log4j.core.Layout
  missing type arguments for generic class org.apache.logging.log4j.core.Layout<T>
[INFO] 
[INFO] >>> exec-maven-plugin:1.2.1:java (default) > validate @ log4j-core >>>
[INFO] 
[INFO] <<< exec-maven-plugin:1.2.1:java (default) < validate @ log4j-core <<<
[INFO] 
[INFO] 
[INFO] --- exec-maven-plugin:1.2.1:java (default) @ log4j-core ---
[INFO] 
[INFO] --- maven-bundle-plugin:2.3.7:manifest (bundle-manifest) @ log4j-core ---
[INFO] 
[INFO] --- maven-resources-plugin:2.5:testResources (default-testResources) @ log4j-core ---
[debug] execute contextualize
[INFO] Using 'UTF-8' encoding to copy filtered resources.
[INFO] Copying 91 resources
[INFO] Copying 3 resources
[INFO] 
[INFO] --- maven-compiler-plugin:3.1:testCompile (default-testCompile) @ log4j-core ---
[INFO] Changes detected - recompiling the module!
[INFO] Compiling 180 source files to /data-depot/user/Workspace/Reproducibility/Reproducibility-Scanner/benchmarks/bugs-dot-jar/logging-log4j2/core/target/test-classes
[WARNING] bootstrap class path not set in conjunction with -source 1.6
[WARNING] /data-depot/user/Workspace/Reproducibility/Reproducibility-Scanner/benchmarks/bugs-dot-jar/logging-log4j2/core/src/test/java/org/apache/logging/log4j/ReflectionComparison.java:[25,19] sun.reflect.Reflection is internal proprietary API and may be removed in a future release
[WARNING] /data-depot/user/Workspace/Reproducibility/Reproducibility-Scanner/benchmarks/bugs-dot-jar/logging-log4j2/core/src/test/java/org/apache/logging/log4j/test/appender/ListAppender.java:[74,15] found raw type: org.apache.logging.log4j.core.Layout
  missing type arguments for generic class org.apache.logging.log4j.core.Layout<T>
[WARNING] /data-depot/user/Workspace/Reproducibility/Reproducibility-Scanner/benchmarks/bugs-dot-jar/logging-log4j2/core/src/test/java/org/apache/logging/log4j/test/appender/ListAppender.java:[129,15] found raw type: org.apache.logging.log4j.core.Layout
  missing type arguments for generic class org.apache.logging.log4j.core.Layout<T>
[WARNING] /data-depot/user/Workspace/Reproducibility/Reproducibility-Scanner/benchmarks/bugs-dot-jar/logging-log4j2/core/src/test/java/org/apache/logging/log4j/core/config/TestConfigurator.java:[205,9] found raw type: org.apache.logging.log4j.core.Layout
  missing type arguments for generic class org.apache.logging.log4j.core.Layout<T>
[WARNING] /data-depot/user/Workspace/Reproducibility/Reproducibility-Scanner/benchmarks/bugs-dot-jar/logging-log4j2/core/src/test/java/org/apache/logging/log4j/core/util/Compare.java:[34,15] found raw type: java.lang.Class
  missing type arguments for generic class java.lang.Class<T>
[WARNING] /data-depot/user/Workspace/Reproducibility/Reproducibility-Scanner/benchmarks/bugs-dot-jar/logging-log4j2/core/src/test/java/org/apache/logging/log4j/core/util/Compare.java:[56,41] found raw type: java.lang.Class
  missing type arguments for generic class java.lang.Class<T>
[WARNING] /data-depot/user/Workspace/Reproducibility/Reproducibility-Scanner/benchmarks/bugs-dot-jar/logging-log4j2/core/src/test/java/org/apache/logging/log4j/core/util/Compare.java:[72,15] found raw type: java.lang.Class
  missing type arguments for generic class java.lang.Class<T>
[WARNING] /data-depot/user/Workspace/Reproducibility/Reproducibility-Scanner/benchmarks/bugs-dot-jar/logging-log4j2/core/src/test/java/org/apache/logging/log4j/core/util/Compare.java:[111,42] found raw type: java.lang.Class
  missing type arguments for generic class java.lang.Class<T>
[WARNING] /data-depot/user/Workspace/Reproducibility/Reproducibility-Scanner/benchmarks/bugs-dot-jar/logging-log4j2/core/src/test/java/org/apache/logging/log4j/test/appender/InMemoryAppender.java:[44,57] found raw type: org.apache.logging.log4j.core.Layout
  missing type arguments for generic class org.apache.logging.log4j.core.Layout<T>
[WARNING] /data-depot/user/Workspace/Reproducibility/Reproducibility-Scanner/benchmarks/bugs-dot-jar/logging-log4j2/core/src/test/java/org/apache/logging/dumbster/smtp/SmtpMessage.java:[73,12] found raw type: java.util.Iterator
  missing type arguments for generic class java.util.Iterator<E>
[WARNING] /data-depot/user/Workspace/Reproducibility/Reproducibility-Scanner/benchmarks/bugs-dot-jar/logging-log4j2/core/src/test/java/org/apache/logging/dumbster/smtp/SmtpMessage.java:[74,15] found raw type: java.util.Set
  missing type arguments for generic class java.util.Set<E>
[WARNING] /data-depot/user/Workspace/Reproducibility/Reproducibility-Scanner/benchmarks/bugs-dot-jar/logging-log4j2/core/src/test/java/org/apache/logging/log4j/core/filter/MapFilterTest.java:[100,15] found raw type: org.apache.logging.log4j.core.Appender
  missing type arguments for generic class org.apache.logging.log4j.core.Appender<T>
[WARNING] /data-depot/user/Workspace/Reproducibility/Reproducibility-Scanner/benchmarks/bugs-dot-jar/logging-log4j2/core/src/test/java/org/apache/logging/log4j/core/layout/SyslogLayoutTest.java:[75,20] found raw type: org.apache.logging.log4j.core.Appender
  missing type arguments for generic class org.apache.logging.log4j.core.Appender<T>
[WARNING] /data-depot/user/Workspace/Reproducibility/Reproducibility-Scanner/benchmarks/bugs-dot-jar/logging-log4j2/core/src/test/java/org/apache/logging/log4j/ReflectionComparison.java:[42,20] found raw type: java.lang.Class
  missing type arguments for generic class java.lang.Class<T>
[WARNING] /data-depot/user/Workspace/Reproducibility/Reproducibility-Scanner/benchmarks/bugs-dot-jar/logging-log4j2/core/src/test/java/org/apache/logging/log4j/ReflectionComparison.java:[42,45] found raw type: java.lang.Class
  missing type arguments for generic class java.lang.Class<T>
[WARNING] /data-depot/user/Workspace/Reproducibility/Reproducibility-Scanner/benchmarks/bugs-dot-jar/logging-log4j2/core/src/test/java/org/apache/logging/log4j/ReflectionComparison.java:[48,19] found raw type: java.lang.Class
  missing type arguments for generic class java.lang.Class<T>
[WARNING] /data-depot/user/Workspace/Reproducibility/Reproducibility-Scanner/benchmarks/bugs-dot-jar/logging-log4j2/core/src/test/java/org/apache/logging/log4j/ReflectionComparison.java:[83,13] sun.reflect.Reflection is internal proprietary API and may be removed in a future release
[WARNING] /data-depot/user/Workspace/Reproducibility/Reproducibility-Scanner/benchmarks/bugs-dot-jar/logging-log4j2/core/src/test/java/org/apache/logging/log4j/ReflectionComparison.java:[83,23] getCallerClass(int) in sun.reflect.Reflection has been deprecated
[WARNING] /data-depot/user/Workspace/Reproducibility/Reproducibility-Scanner/benchmarks/bugs-dot-jar/logging-log4j2/core/src/test/java/org/apache/logging/log4j/ReflectionComparison.java:[112,13] found raw type: java.lang.Class
  missing type arguments for generic class java.lang.Class<T>
[WARNING] /data-depot/user/Workspace/Reproducibility/Reproducibility-Scanner/benchmarks/bugs-dot-jar/logging-log4j2/core/src/test/java/org/apache/logging/log4j/core/net/JMSTopicTest.java:[100,15] found raw type: org.apache.logging.log4j.core.appender.JMSTopicAppender
  missing type arguments for generic class org.apache.logging.log4j.core.appender.JMSTopicAppender<T>
[WARNING] /data-depot/user/Workspace/Reproducibility/Reproducibility-Scanner/benchmarks/bugs-dot-jar/logging-log4j2/core/src/test/java/org/apache/logging/dumbster/smtp/SimpleSmtpServer.java:[232,25] found raw type: java.util.Iterator
  missing type arguments for generic class java.util.Iterator<E>
[WARNING] /data-depot/user/Workspace/Reproducibility/Reproducibility-Scanner/benchmarks/bugs-dot-jar/logging-log4j2/core/src/test/java/org/apache/logging/log4j/core/appender/FileAppenderTest.java:[151,18] static method should be qualified by type name, java.lang.Thread, instead of by an expression
[WARNING] /data-depot/user/Workspace/Reproducibility/Reproducibility-Scanner/benchmarks/bugs-dot-jar/logging-log4j2/core/src/test/java/org/apache/logging/log4j/core/config/XMLConfigurationTest.java:[85,15] found raw type: org.apache.logging.log4j.core.Appender
  missing type arguments for generic class org.apache.logging.log4j.core.Appender<T>
[WARNING] /data-depot/user/Workspace/Reproducibility/Reproducibility-Scanner/benchmarks/bugs-dot-jar/logging-log4j2/core/src/test/java/org/apache/logging/log4j/core/layout/PatternLayoutTest.java:[79,15] found raw type: org.apache.logging.log4j.core.appender.FileAppender
  missing type arguments for generic class org.apache.logging.log4j.core.appender.FileAppender<T>
[WARNING] /data-depot/user/Workspace/Reproducibility/Reproducibility-Scanner/benchmarks/bugs-dot-jar/logging-log4j2/core/src/test/java/org/apache/logging/log4j/core/appender/SocketAppenderTest.java:[102,15] found raw type: org.apache.logging.log4j.core.appender.SocketAppender
  missing type arguments for generic class org.apache.logging.log4j.core.appender.SocketAppender<T>
[WARNING] /data-depot/user/Workspace/Reproducibility/Reproducibility-Scanner/benchmarks/bugs-dot-jar/logging-log4j2/core/src/test/java/org/apache/logging/log4j/core/appender/SocketAppenderTest.java:[129,15] found raw type: org.apache.logging.log4j.core.appender.SocketAppender
  missing type arguments for generic class org.apache.logging.log4j.core.appender.SocketAppender<T>
[WARNING] /data-depot/user/Workspace/Reproducibility/Reproducibility-Scanner/benchmarks/bugs-dot-jar/logging-log4j2/core/src/test/java/org/apache/logging/log4j/core/appender/SocketAppenderTest.java:[147,15] found raw type: org.apache.logging.log4j.core.appender.SocketAppender
  missing type arguments for generic class org.apache.logging.log4j.core.appender.SocketAppender<T>
[WARNING] /data-depot/user/Workspace/Reproducibility/Reproducibility-Scanner/benchmarks/bugs-dot-jar/logging-log4j2/core/src/test/java/org/apache/logging/log4j/core/appender/SocketAppenderTest.java:[166,15] found raw type: org.apache.logging.log4j.core.appender.SocketAppender
  missing type arguments for generic class org.apache.logging.log4j.core.appender.SocketAppender<T>
[WARNING] /data-depot/user/Workspace/Reproducibility/Reproducibility-Scanner/benchmarks/bugs-dot-jar/logging-log4j2/core/src/test/java/org/apache/logging/log4j/core/util/Profiler.java:[26,20] found raw type: java.lang.Class
  missing type arguments for generic class java.lang.Class<T>
[WARNING] /data-depot/user/Workspace/Reproducibility/Reproducibility-Scanner/benchmarks/bugs-dot-jar/logging-log4j2/core/src/test/java/org/apache/logging/log4j/core/util/Profiler.java:[58,23] found raw type: java.lang.Class
  missing type arguments for generic class java.lang.Class<T>
[WARNING] /data-depot/user/Workspace/Reproducibility/Reproducibility-Scanner/benchmarks/bugs-dot-jar/logging-log4j2/core/src/test/java/org/apache/logging/log4j/core/util/Profiler.java:[58,43] found raw type: java.lang.Class
  missing type arguments for generic class java.lang.Class<T>
[WARNING] /data-depot/user/Workspace/Reproducibility/Reproducibility-Scanner/benchmarks/bugs-dot-jar/logging-log4j2/core/src/test/java/org/apache/logging/log4j/core/util/Profiler.java:[74,23] found raw type: java.lang.Class
  missing type arguments for generic class java.lang.Class<T>
[WARNING] /data-depot/user/Workspace/Reproducibility/Reproducibility-Scanner/benchmarks/bugs-dot-jar/logging-log4j2/core/src/test/java/org/apache/logging/log4j/core/util/Profiler.java:[74,43] found raw type: java.lang.Class
  missing type arguments for generic class java.lang.Class<T>
[WARNING] /data-depot/user/Workspace/Reproducibility/Reproducibility-Scanner/benchmarks/bugs-dot-jar/logging-log4j2/core/src/test/java/org/apache/logging/log4j/core/layout/RFC5424LayoutTest.java:[79,20] found raw type: org.apache.logging.log4j.core.Appender
  missing type arguments for generic class org.apache.logging.log4j.core.Appender<T>
[WARNING] /data-depot/user/Workspace/Reproducibility/Reproducibility-Scanner/benchmarks/bugs-dot-jar/logging-log4j2/core/src/test/java/org/apache/logging/log4j/core/layout/RFC5424LayoutTest.java:[143,20] found raw type: org.apache.logging.log4j.core.Appender
  missing type arguments for generic class org.apache.logging.log4j.core.Appender<T>
[WARNING] /data-depot/user/Workspace/Reproducibility/Reproducibility-Scanner/benchmarks/bugs-dot-jar/logging-log4j2/core/src/test/java/org/apache/logging/log4j/core/layout/RFC5424LayoutTest.java:[206,20] found raw type: org.apache.logging.log4j.core.Appender
  missing type arguments for generic class org.apache.logging.log4j.core.Appender<T>
[WARNING] /data-depot/user/Workspace/Reproducibility/Reproducibility-Scanner/benchmarks/bugs-dot-jar/logging-log4j2/core/src/test/java/org/apache/logging/log4j/core/FileConfigTest.java:[42,20] found raw type: org.apache.logging.log4j.test.appender.ListAppender
  missing type arguments for generic class org.apache.logging.log4j.test.appender.ListAppender<T>
[WARNING] /data-depot/user/Workspace/Reproducibility/Reproducibility-Scanner/benchmarks/bugs-dot-jar/logging-log4j2/core/src/test/java/org/apache/logging/log4j/core/net/JMSQueueTest.java:[99,15] found raw type: org.apache.logging.log4j.core.appender.JMSQueueAppender
  missing type arguments for generic class org.apache.logging.log4j.core.appender.JMSQueueAppender<T>
[WARNING] /data-depot/user/Workspace/Reproducibility/Reproducibility-Scanner/benchmarks/bugs-dot-jar/logging-log4j2/core/src/test/java/org/apache/logging/log4j/core/net/JMSQueueTest.java:[106,15] found raw type: org.apache.logging.log4j.core.appender.ConsoleAppender
  missing type arguments for generic class org.apache.logging.log4j.core.appender.ConsoleAppender<T>
[WARNING] /data-depot/user/Workspace/Reproducibility/Reproducibility-Scanner/benchmarks/bugs-dot-jar/logging-log4j2/core/src/test/java/org/apache/logging/log4j/core/appender/SMTPAppenderTest.java:[131,15] found raw type: org.apache.logging.log4j.core.appender.SMTPAppender
  missing type arguments for generic class org.apache.logging.log4j.core.appender.SMTPAppender<T>
[WARNING] /data-depot/user/Workspace/Reproducibility/Reproducibility-Scanner/benchmarks/bugs-dot-jar/logging-log4j2/core/src/test/java/org/apache/logging/log4j/core/appender/SyslogAppenderTest.java:[99,15] found raw type: org.apache.logging.log4j.core.appender.SyslogAppender
  missing type arguments for generic class org.apache.logging.log4j.core.appender.SyslogAppender<T>
[WARNING] /data-depot/user/Workspace/Reproducibility/Reproducibility-Scanner/benchmarks/bugs-dot-jar/logging-log4j2/core/src/test/java/org/apache/logging/log4j/core/appender/SyslogAppenderTest.java:[121,15] found raw type: org.apache.logging.log4j.core.appender.SyslogAppender
  missing type arguments for generic class org.apache.logging.log4j.core.appender.SyslogAppender<T>
[WARNING] /data-depot/user/Workspace/Reproducibility/Reproducibility-Scanner/benchmarks/bugs-dot-jar/logging-log4j2/core/src/test/java/org/apache/logging/log4j/core/appender/SyslogAppenderTest.java:[144,15] found raw type: org.apache.logging.log4j.core.appender.SyslogAppender
  missing type arguments for generic class org.apache.logging.log4j.core.appender.SyslogAppender<T>
[WARNING] /data-depot/user/Workspace/Reproducibility/Reproducibility-Scanner/benchmarks/bugs-dot-jar/logging-log4j2/core/src/test/java/org/apache/logging/log4j/core/appender/SyslogAppenderTest.java:[169,15] found raw type: org.apache.logging.log4j.core.appender.SyslogAppender
  missing type arguments for generic class org.apache.logging.log4j.core.appender.SyslogAppender<T>
[WARNING] /data-depot/user/Workspace/Reproducibility/Reproducibility-Scanner/benchmarks/bugs-dot-jar/logging-log4j2/core/src/test/java/org/apache/logging/log4j/core/appender/SyslogAppenderTest.java:[188,15] found raw type: org.apache.logging.log4j.core.appender.SyslogAppender
  missing type arguments for generic class org.apache.logging.log4j.core.appender.SyslogAppender<T>
[WARNING] /data-depot/user/Workspace/Reproducibility/Reproducibility-Scanner/benchmarks/bugs-dot-jar/logging-log4j2/core/src/test/java/org/apache/logging/log4j/core/appender/SyslogAppenderTest.java:[211,13] found raw type: org.apache.logging.log4j.core.appender.SyslogAppender
  missing type arguments for generic class org.apache.logging.log4j.core.appender.SyslogAppender<T>
[INFO] 
[INFO] --- maven-surefire-plugin:2.14.1:test (default-test) @ log4j-core ---
[INFO] Tests are skipped.
[INFO] 
[INFO] --- maven-jar-plugin:2.3.1:jar (default-jar) @ log4j-core ---
[INFO] Building jar: /data-depot/user/Workspace/Reproducibility/Reproducibility-Scanner/benchmarks/bugs-dot-jar/logging-log4j2/core/target/log4j-core-2.0-beta7-SNAPSHOT.jar
[INFO] 
[INFO] --- maven-jar-plugin:2.3.1:test-jar (default) @ log4j-core ---
[INFO] Building jar: /data-depot/user/Workspace/Reproducibility/Reproducibility-Scanner/benchmarks/bugs-dot-jar/logging-log4j2/core/target/log4j-core-2.0-beta7-SNAPSHOT-tests.jar
[INFO] 
[INFO] --- maven-install-plugin:2.3.1:install (default-install) @ log4j-core ---
[INFO] Installing /data-depot/user/Workspace/Reproducibility/Reproducibility-Scanner/benchmarks/bugs-dot-jar/logging-log4j2/core/target/log4j-core-2.0-beta7-SNAPSHOT.jar to /home/user/.m2/repository/org/apache/logging/log4j/log4j-core/2.0-beta7-SNAPSHOT/log4j-core-2.0-beta7-SNAPSHOT.jar
[INFO] Installing /data-depot/user/Workspace/Reproducibility/Reproducibility-Scanner/benchmarks/bugs-dot-jar/logging-log4j2/core/pom.xml to /home/user/.m2/repository/org/apache/logging/log4j/log4j-core/2.0-beta7-SNAPSHOT/log4j-core-2.0-beta7-SNAPSHOT.pom
[INFO] Installing /data-depot/user/Workspace/Reproducibility/Reproducibility-Scanner/benchmarks/bugs-dot-jar/logging-log4j2/core/target/log4j-core-2.0-beta7-SNAPSHOT-tests.jar to /home/user/.m2/repository/org/apache/logging/log4j/log4j-core/2.0-beta7-SNAPSHOT/log4j-core-2.0-beta7-SNAPSHOT-tests.jar
[INFO] 
[INFO] --------< org.apache.logging.log4j.osgi:log4j-core-osgi-async >---------
[INFO] Building Apache Log4J Core OSGi Async 2.0-beta7-SNAPSHOT          [4/22]
[INFO] -------------------------------[ bundle ]-------------------------------
[INFO] 
[INFO] --- maven-bundle-plugin:2.3.7:cleanVersions (default) @ log4j-core-osgi-async ---
[INFO] 
[INFO] --- maven-remote-resources-plugin:1.1:process (default) @ log4j-core-osgi-async ---
[INFO] Setting property: classpath.resource.loader.class => 'org.codehaus.plexus.velocity.ContextClassLoaderResourceLoader'.
[INFO] Setting property: velocimacro.messages.on => 'false'.
[INFO] Setting property: resource.loader => 'classpath'.
[INFO] Setting property: resource.manager.logwhenfound => 'false'.
[INFO] 
[INFO] --- maven-resources-plugin:2.5:resources (default-resources) @ log4j-core-osgi-async ---
[debug] execute contextualize
[INFO] Using 'UTF-8' encoding to copy filtered resources.
[INFO] skip non existing resourceDirectory /data-depot/user/Workspace/Reproducibility/Reproducibility-Scanner/benchmarks/bugs-dot-jar/logging-log4j2/osgi/core-osgi-async/src/main/resources
[INFO] Copying 3 resources
[INFO] 
[INFO] --- maven-compiler-plugin:3.1:compile (default-compile) @ log4j-core-osgi-async ---
[INFO] No sources to compile
[INFO] 
[INFO] --- maven-bundle-plugin:2.3.7:manifest (bundle-manifest) @ log4j-core-osgi-async ---
[WARNING] Manifest org.apache.logging.log4j.osgi:log4j-core-osgi-async:bundle:2.0-beta7-SNAPSHOT : Superfluous export-package instructions: [org.apache.logging.log4j.core.async.*]
[INFO] 
[INFO] --- maven-resources-plugin:2.5:testResources (default-testResources) @ log4j-core-osgi-async ---
[debug] execute contextualize
[INFO] Using 'UTF-8' encoding to copy filtered resources.
[INFO] skip non existing resourceDirectory /data-depot/user/Workspace/Reproducibility/Reproducibility-Scanner/benchmarks/bugs-dot-jar/logging-log4j2/osgi/core-osgi-async/src/test/resources
[INFO] Copying 3 resources
[INFO] 
[INFO] --- maven-compiler-plugin:3.1:testCompile (default-testCompile) @ log4j-core-osgi-async ---
[INFO] No sources to compile
[INFO] 
[INFO] --- maven-surefire-plugin:2.14.1:test (default-test) @ log4j-core-osgi-async ---
[INFO] Tests are skipped.
[INFO] 
[INFO] --- maven-bundle-plugin:2.3.7:bundle (default-bundle) @ log4j-core-osgi-async ---
[INFO] 
[INFO] --- maven-install-plugin:2.3.1:install (default-install) @ log4j-core-osgi-async ---
[INFO] Installing /data-depot/user/Workspace/Reproducibility/Reproducibility-Scanner/benchmarks/bugs-dot-jar/logging-log4j2/osgi/core-osgi-async/target/log4j-core-osgi-async-2.0-beta7-SNAPSHOT.jar to /home/user/.m2/repository/org/apache/logging/log4j/osgi/log4j-core-osgi-async/2.0-beta7-SNAPSHOT/log4j-core-osgi-async-2.0-beta7-SNAPSHOT.jar
[INFO] Installing /data-depot/user/Workspace/Reproducibility/Reproducibility-Scanner/benchmarks/bugs-dot-jar/logging-log4j2/osgi/core-osgi-async/pom.xml to /home/user/.m2/repository/org/apache/logging/log4j/osgi/log4j-core-osgi-async/2.0-beta7-SNAPSHOT/log4j-core-osgi-async-2.0-beta7-SNAPSHOT.pom
[INFO] 
[INFO] --- maven-bundle-plugin:2.3.7:install (default-install) @ log4j-core-osgi-async ---
[INFO] Installing org/apache/logging/log4j/osgi/log4j-core-osgi-async/2.0-beta7-SNAPSHOT/log4j-core-osgi-async-2.0-beta7-SNAPSHOT.jar
[INFO] Writing OBR metadata
[INFO] 
[INFO] ---------< org.apache.logging.log4j.osgi:log4j-core-osgi-jpa >----------
[INFO] Building Apache Log4J Core OSGi JPA 2.0-beta7-SNAPSHOT            [5/22]
[INFO] -------------------------------[ bundle ]-------------------------------
[INFO] 
[INFO] --- maven-bundle-plugin:2.3.7:cleanVersions (default) @ log4j-core-osgi-jpa ---
[INFO] 
[INFO] --- maven-remote-resources-plugin:1.1:process (default) @ log4j-core-osgi-jpa ---
[INFO] 
[INFO] --- maven-resources-plugin:2.5:resources (default-resources) @ log4j-core-osgi-jpa ---
[debug] execute contextualize
[INFO] Using 'UTF-8' encoding to copy filtered resources.
[INFO] skip non existing resourceDirectory /data-depot/user/Workspace/Reproducibility/Reproducibility-Scanner/benchmarks/bugs-dot-jar/logging-log4j2/osgi/core-osgi-jpa/src/main/resources
[INFO] Copying 3 resources
[INFO] 
[INFO] --- maven-compiler-plugin:3.1:compile (default-compile) @ log4j-core-osgi-jpa ---
[INFO] No sources to compile
[INFO] 
[INFO] --- maven-bundle-plugin:2.3.7:manifest (bundle-manifest) @ log4j-core-osgi-jpa ---
[WARNING] Manifest org.apache.logging.log4j.osgi:log4j-core-osgi-jpa:bundle:2.0-beta7-SNAPSHOT : Superfluous export-package instructions: [org.apache.logging.log4j.core.appender.db.jpa.*]
[INFO] 
[INFO] --- maven-resources-plugin:2.5:testResources (default-testResources) @ log4j-core-osgi-jpa ---
[debug] execute contextualize
[INFO] Using 'UTF-8' encoding to copy filtered resources.
[INFO] skip non existing resourceDirectory /data-depot/user/Workspace/Reproducibility/Reproducibility-Scanner/benchmarks/bugs-dot-jar/logging-log4j2/osgi/core-osgi-jpa/src/test/resources
[INFO] Copying 3 resources
[INFO] 
[INFO] --- maven-compiler-plugin:3.1:testCompile (default-testCompile) @ log4j-core-osgi-jpa ---
[INFO] No sources to compile
[INFO] 
[INFO] --- maven-surefire-plugin:2.14.1:test (default-test) @ log4j-core-osgi-jpa ---
[INFO] Tests are skipped.
[INFO] 
[INFO] --- maven-bundle-plugin:2.3.7:bundle (default-bundle) @ log4j-core-osgi-jpa ---
[INFO] 
[INFO] --- maven-install-plugin:2.3.1:install (default-install) @ log4j-core-osgi-jpa ---
[INFO] Installing /data-depot/user/Workspace/Reproducibility/Reproducibility-Scanner/benchmarks/bugs-dot-jar/logging-log4j2/osgi/core-osgi-jpa/target/log4j-core-osgi-jpa-2.0-beta7-SNAPSHOT.jar to /home/user/.m2/repository/org/apache/logging/log4j/osgi/log4j-core-osgi-jpa/2.0-beta7-SNAPSHOT/log4j-core-osgi-jpa-2.0-beta7-SNAPSHOT.jar
[INFO] Installing /data-depot/user/Workspace/Reproducibility/Reproducibility-Scanner/benchmarks/bugs-dot-jar/logging-log4j2/osgi/core-osgi-jpa/pom.xml to /home/user/.m2/repository/org/apache/logging/log4j/osgi/log4j-core-osgi-jpa/2.0-beta7-SNAPSHOT/log4j-core-osgi-jpa-2.0-beta7-SNAPSHOT.pom
[INFO] 
[INFO] --- maven-bundle-plugin:2.3.7:install (default-install) @ log4j-core-osgi-jpa ---
[INFO] Installing org/apache/logging/log4j/osgi/log4j-core-osgi-jpa/2.0-beta7-SNAPSHOT/log4j-core-osgi-jpa-2.0-beta7-SNAPSHOT.jar
[INFO] Writing OBR metadata
[INFO] 
[INFO] ---------< org.apache.logging.log4j.osgi:log4j-core-osgi-net >----------
[INFO] Building Apache Log4J Core OSGi Net 2.0-beta7-SNAPSHOT            [6/22]
[INFO] -------------------------------[ bundle ]-------------------------------
[INFO] 
[INFO] --- maven-bundle-plugin:2.3.7:cleanVersions (default) @ log4j-core-osgi-net ---
[INFO] 
[INFO] --- maven-remote-resources-plugin:1.1:process (default) @ log4j-core-osgi-net ---
[INFO] 
[INFO] --- maven-resources-plugin:2.5:resources (default-resources) @ log4j-core-osgi-net ---
[debug] execute contextualize
[INFO] Using 'UTF-8' encoding to copy filtered resources.
[INFO] skip non existing resourceDirectory /data-depot/user/Workspace/Reproducibility/Reproducibility-Scanner/benchmarks/bugs-dot-jar/logging-log4j2/osgi/core-osgi-net/src/main/resources
[INFO] Copying 3 resources
[INFO] 
[INFO] --- maven-compiler-plugin:3.1:compile (default-compile) @ log4j-core-osgi-net ---
[INFO] No sources to compile
[INFO] 
[INFO] --- maven-bundle-plugin:2.3.7:manifest (bundle-manifest) @ log4j-core-osgi-net ---
[WARNING] Manifest org.apache.logging.log4j.osgi:log4j-core-osgi-net:bundle:2.0-beta7-SNAPSHOT : Superfluous export-package instructions: [org.apache.logging.log4j.core.net.*]
[INFO] 
[INFO] --- maven-resources-plugin:2.5:testResources (default-testResources) @ log4j-core-osgi-net ---
[debug] execute contextualize
[INFO] Using 'UTF-8' encoding to copy filtered resources.
[INFO] skip non existing resourceDirectory /data-depot/user/Workspace/Reproducibility/Reproducibility-Scanner/benchmarks/bugs-dot-jar/logging-log4j2/osgi/core-osgi-net/src/test/resources
[INFO] Copying 3 resources
[INFO] 
[INFO] --- maven-compiler-plugin:3.1:testCompile (default-testCompile) @ log4j-core-osgi-net ---
[INFO] No sources to compile
[INFO] 
[INFO] --- maven-surefire-plugin:2.14.1:test (default-test) @ log4j-core-osgi-net ---
[INFO] Tests are skipped.
[INFO] 
[INFO] --- maven-bundle-plugin:2.3.7:bundle (default-bundle) @ log4j-core-osgi-net ---
[INFO] 
[INFO] --- maven-install-plugin:2.3.1:install (default-install) @ log4j-core-osgi-net ---
[INFO] Installing /data-depot/user/Workspace/Reproducibility/Reproducibility-Scanner/benchmarks/bugs-dot-jar/logging-log4j2/osgi/core-osgi-net/target/log4j-core-osgi-net-2.0-beta7-SNAPSHOT.jar to /home/user/.m2/repository/org/apache/logging/log4j/osgi/log4j-core-osgi-net/2.0-beta7-SNAPSHOT/log4j-core-osgi-net-2.0-beta7-SNAPSHOT.jar
[INFO] Installing /data-depot/user/Workspace/Reproducibility/Reproducibility-Scanner/benchmarks/bugs-dot-jar/logging-log4j2/osgi/core-osgi-net/pom.xml to /home/user/.m2/repository/org/apache/logging/log4j/osgi/log4j-core-osgi-net/2.0-beta7-SNAPSHOT/log4j-core-osgi-net-2.0-beta7-SNAPSHOT.pom
[INFO] 
[INFO] --- maven-bundle-plugin:2.3.7:install (default-install) @ log4j-core-osgi-net ---
[INFO] Installing org/apache/logging/log4j/osgi/log4j-core-osgi-net/2.0-beta7-SNAPSHOT/log4j-core-osgi-net-2.0-beta7-SNAPSHOT.jar
[INFO] Writing OBR metadata
[INFO] 
[INFO] -----< org.apache.logging.log4j.osgi:log4j-core-osgi-nosql-couch >------
[INFO] Building Apache Log4J Core OSGi Couch 2.0-beta7-SNAPSHOT          [7/22]
[INFO] -------------------------------[ bundle ]-------------------------------
[INFO] 
[INFO] --- maven-bundle-plugin:2.3.7:cleanVersions (default) @ log4j-core-osgi-nosql-couch ---
[INFO] 
[INFO] --- maven-remote-resources-plugin:1.1:process (default) @ log4j-core-osgi-nosql-couch ---
[INFO] 
[INFO] --- maven-resources-plugin:2.5:resources (default-resources) @ log4j-core-osgi-nosql-couch ---
[debug] execute contextualize
[INFO] Using 'UTF-8' encoding to copy filtered resources.
[INFO] skip non existing resourceDirectory /data-depot/user/Workspace/Reproducibility/Reproducibility-Scanner/benchmarks/bugs-dot-jar/logging-log4j2/osgi/core-osgi-nosql-couch/src/main/resources
[INFO] Copying 3 resources
[INFO] 
[INFO] --- maven-compiler-plugin:3.1:compile (default-compile) @ log4j-core-osgi-nosql-couch ---
[INFO] No sources to compile
[INFO] 
[INFO] --- maven-bundle-plugin:2.3.7:manifest (bundle-manifest) @ log4j-core-osgi-nosql-couch ---
[WARNING] Manifest org.apache.logging.log4j.osgi:log4j-core-osgi-nosql-couch:bundle:2.0-beta7-SNAPSHOT : Superfluous export-package instructions: [org.apache.logging.log4j.core.appender.db.nosql.couch.*]
[INFO] 
[INFO] --- maven-resources-plugin:2.5:testResources (default-testResources) @ log4j-core-osgi-nosql-couch ---
[debug] execute contextualize
[INFO] Using 'UTF-8' encoding to copy filtered resources.
[INFO] skip non existing resourceDirectory /data-depot/user/Workspace/Reproducibility/Reproducibility-Scanner/benchmarks/bugs-dot-jar/logging-log4j2/osgi/core-osgi-nosql-couch/src/test/resources
[INFO] Copying 3 resources
[INFO] 
[INFO] --- maven-compiler-plugin:3.1:testCompile (default-testCompile) @ log4j-core-osgi-nosql-couch ---
[INFO] No sources to compile
[INFO] 
[INFO] --- maven-surefire-plugin:2.14.1:test (default-test) @ log4j-core-osgi-nosql-couch ---
[INFO] Tests are skipped.
[INFO] 
[INFO] --- maven-bundle-plugin:2.3.7:bundle (default-bundle) @ log4j-core-osgi-nosql-couch ---
[INFO] 
[INFO] --- maven-install-plugin:2.3.1:install (default-install) @ log4j-core-osgi-nosql-couch ---
[INFO] Installing /data-depot/user/Workspace/Reproducibility/Reproducibility-Scanner/benchmarks/bugs-dot-jar/logging-log4j2/osgi/core-osgi-nosql-couch/target/log4j-core-osgi-nosql-couch-2.0-beta7-SNAPSHOT.jar to /home/user/.m2/repository/org/apache/logging/log4j/osgi/log4j-core-osgi-nosql-couch/2.0-beta7-SNAPSHOT/log4j-core-osgi-nosql-couch-2.0-beta7-SNAPSHOT.jar
[INFO] Installing /data-depot/user/Workspace/Reproducibility/Reproducibility-Scanner/benchmarks/bugs-dot-jar/logging-log4j2/osgi/core-osgi-nosql-couch/pom.xml to /home/user/.m2/repository/org/apache/logging/log4j/osgi/log4j-core-osgi-nosql-couch/2.0-beta7-SNAPSHOT/log4j-core-osgi-nosql-couch-2.0-beta7-SNAPSHOT.pom
[INFO] 
[INFO] --- maven-bundle-plugin:2.3.7:install (default-install) @ log4j-core-osgi-nosql-couch ---
[INFO] Installing org/apache/logging/log4j/osgi/log4j-core-osgi-nosql-couch/2.0-beta7-SNAPSHOT/log4j-core-osgi-nosql-couch-2.0-beta7-SNAPSHOT.jar
[INFO] Writing OBR metadata
[INFO] 
[INFO] -----< org.apache.logging.log4j.osgi:log4j-core-osgi-nosql-mongo >------
[INFO] Building Apache Log4J Core OSGi Mongo 2.0-beta7-SNAPSHOT          [8/22]
[INFO] -------------------------------[ bundle ]-------------------------------
[INFO] 
[INFO] --- maven-bundle-plugin:2.3.7:cleanVersions (default) @ log4j-core-osgi-nosql-mongo ---
[INFO] 
[INFO] --- maven-remote-resources-plugin:1.1:process (default) @ log4j-core-osgi-nosql-mongo ---
[INFO] 
[INFO] --- maven-resources-plugin:2.5:resources (default-resources) @ log4j-core-osgi-nosql-mongo ---
[debug] execute contextualize
[INFO] Using 'UTF-8' encoding to copy filtered resources.
[INFO] skip non existing resourceDirectory /data-depot/user/Workspace/Reproducibility/Reproducibility-Scanner/benchmarks/bugs-dot-jar/logging-log4j2/osgi/core-osgi-nosql-mongo/src/main/resources
[INFO] Copying 3 resources
[INFO] 
[INFO] --- maven-compiler-plugin:3.1:compile (default-compile) @ log4j-core-osgi-nosql-mongo ---
[INFO] No sources to compile
[INFO] 
[INFO] --- maven-bundle-plugin:2.3.7:manifest (bundle-manifest) @ log4j-core-osgi-nosql-mongo ---
[WARNING] Manifest org.apache.logging.log4j.osgi:log4j-core-osgi-nosql-mongo:bundle:2.0-beta7-SNAPSHOT : Superfluous export-package instructions: [org.apache.logging.log4j.core.appender.db.nosql.mongo.*]
[INFO] 
[INFO] --- maven-resources-plugin:2.5:testResources (default-testResources) @ log4j-core-osgi-nosql-mongo ---
[debug] execute contextualize
[INFO] Using 'UTF-8' encoding to copy filtered resources.
[INFO] skip non existing resourceDirectory /data-depot/user/Workspace/Reproducibility/Reproducibility-Scanner/benchmarks/bugs-dot-jar/logging-log4j2/osgi/core-osgi-nosql-mongo/src/test/resources
[INFO] Copying 3 resources
[INFO] 
[INFO] --- maven-compiler-plugin:3.1:testCompile (default-testCompile) @ log4j-core-osgi-nosql-mongo ---
[INFO] No sources to compile
[INFO] 
[INFO] --- maven-surefire-plugin:2.14.1:test (default-test) @ log4j-core-osgi-nosql-mongo ---
[INFO] Tests are skipped.
[INFO] 
[INFO] --- maven-bundle-plugin:2.3.7:bundle (default-bundle) @ log4j-core-osgi-nosql-mongo ---
[INFO] 
[INFO] --- maven-install-plugin:2.3.1:install (default-install) @ log4j-core-osgi-nosql-mongo ---
[INFO] Installing /data-depot/user/Workspace/Reproducibility/Reproducibility-Scanner/benchmarks/bugs-dot-jar/logging-log4j2/osgi/core-osgi-nosql-mongo/target/log4j-core-osgi-nosql-mongo-2.0-beta7-SNAPSHOT.jar to /home/user/.m2/repository/org/apache/logging/log4j/osgi/log4j-core-osgi-nosql-mongo/2.0-beta7-SNAPSHOT/log4j-core-osgi-nosql-mongo-2.0-beta7-SNAPSHOT.jar
[INFO] Installing /data-depot/user/Workspace/Reproducibility/Reproducibility-Scanner/benchmarks/bugs-dot-jar/logging-log4j2/osgi/core-osgi-nosql-mongo/pom.xml to /home/user/.m2/repository/org/apache/logging/log4j/osgi/log4j-core-osgi-nosql-mongo/2.0-beta7-SNAPSHOT/log4j-core-osgi-nosql-mongo-2.0-beta7-SNAPSHOT.pom
[INFO] 
[INFO] --- maven-bundle-plugin:2.3.7:install (default-install) @ log4j-core-osgi-nosql-mongo ---
[INFO] Installing org/apache/logging/log4j/osgi/log4j-core-osgi-nosql-mongo/2.0-beta7-SNAPSHOT/log4j-core-osgi-nosql-mongo-2.0-beta7-SNAPSHOT.jar
[INFO] Writing OBR metadata
[INFO] 
[INFO] -------< org.apache.logging.log4j.osgi:log4j-core-osgi-reduced >--------
[INFO] Building Apache Log4J Core OSGi 2.0-beta7-SNAPSHOT                [9/22]
[INFO] -------------------------------[ bundle ]-------------------------------
[INFO] 
[INFO] --- maven-bundle-plugin:2.3.7:cleanVersions (default) @ log4j-core-osgi-reduced ---
[INFO] 
[INFO] --- maven-remote-resources-plugin:1.1:process (default) @ log4j-core-osgi-reduced ---
[INFO] 
[INFO] --- maven-resources-plugin:2.5:resources (default-resources) @ log4j-core-osgi-reduced ---
[debug] execute contextualize
[INFO] Using 'UTF-8' encoding to copy filtered resources.
[INFO] skip non existing resourceDirectory /data-depot/user/Workspace/Reproducibility/Reproducibility-Scanner/benchmarks/bugs-dot-jar/logging-log4j2/osgi/core-osgi-reduced/src/main/resources
[INFO] Copying 3 resources
[INFO] 
[INFO] --- maven-compiler-plugin:3.1:compile (default-compile) @ log4j-core-osgi-reduced ---
[INFO] No sources to compile
[INFO] 
[INFO] --- maven-bundle-plugin:2.3.7:manifest (bundle-manifest) @ log4j-core-osgi-reduced ---
[WARNING] Manifest org.apache.logging.log4j.osgi:log4j-core-osgi-reduced:bundle:2.0-beta7-SNAPSHOT : Superfluous export-package instructions: [org.apache.logging.log4j.core.appender.db.nosql, org.apache.logging.log4j.core.*]
[INFO] 
[INFO] --- maven-resources-plugin:2.5:testResources (default-testResources) @ log4j-core-osgi-reduced ---
[debug] execute contextualize
[INFO] Using 'UTF-8' encoding to copy filtered resources.
[INFO] skip non existing resourceDirectory /data-depot/user/Workspace/Reproducibility/Reproducibility-Scanner/benchmarks/bugs-dot-jar/logging-log4j2/osgi/core-osgi-reduced/src/test/resources
[INFO] Copying 3 resources
[INFO] 
[INFO] --- maven-compiler-plugin:3.1:testCompile (default-testCompile) @ log4j-core-osgi-reduced ---
[INFO] No sources to compile
[INFO] 
[INFO] --- maven-surefire-plugin:2.14.1:test (default-test) @ log4j-core-osgi-reduced ---
[INFO] Tests are skipped.
[INFO] 
[INFO] --- maven-bundle-plugin:2.3.7:bundle (default-bundle) @ log4j-core-osgi-reduced ---
[INFO] 
[INFO] --- maven-install-plugin:2.3.1:install (default-install) @ log4j-core-osgi-reduced ---
[INFO] Installing /data-depot/user/Workspace/Reproducibility/Reproducibility-Scanner/benchmarks/bugs-dot-jar/logging-log4j2/osgi/core-osgi-reduced/target/log4j-core-osgi-reduced-2.0-beta7-SNAPSHOT.jar to /home/user/.m2/repository/org/apache/logging/log4j/osgi/log4j-core-osgi-reduced/2.0-beta7-SNAPSHOT/log4j-core-osgi-reduced-2.0-beta7-SNAPSHOT.jar
[INFO] Installing /data-depot/user/Workspace/Reproducibility/Reproducibility-Scanner/benchmarks/bugs-dot-jar/logging-log4j2/osgi/core-osgi-reduced/pom.xml to /home/user/.m2/repository/org/apache/logging/log4j/osgi/log4j-core-osgi-reduced/2.0-beta7-SNAPSHOT/log4j-core-osgi-reduced-2.0-beta7-SNAPSHOT.pom
[INFO] 
[INFO] --- maven-bundle-plugin:2.3.7:install (default-install) @ log4j-core-osgi-reduced ---
[INFO] Installing org/apache/logging/log4j/osgi/log4j-core-osgi-reduced/2.0-beta7-SNAPSHOT/log4j-core-osgi-reduced-2.0-beta7-SNAPSHOT.jar
[INFO] Writing OBR metadata
[INFO] 
[INFO] --------------< org.apache.logging.log4j.osgi:log4j-osgi >--------------
[INFO] Building Apache Log4J Core OSGi Bundles 2.0-beta7-SNAPSHOT       [10/22]
[INFO] --------------------------------[ pom ]---------------------------------
[INFO] 
[INFO] --- maven-remote-resources-plugin:1.1:process (default) @ log4j-osgi ---
[INFO] 
[INFO] --- maven-bundle-plugin:2.3.7:manifest (bundle-manifest) @ log4j-osgi ---
[WARNING] Ignoring project type pom - supportedProjectTypes = [jar, bundle]
[INFO] 
[INFO] --- maven-install-plugin:2.3.1:install (default-install) @ log4j-osgi ---
[INFO] Installing /data-depot/user/Workspace/Reproducibility/Reproducibility-Scanner/benchmarks/bugs-dot-jar/logging-log4j2/osgi/pom.xml to /home/user/.m2/repository/org/apache/logging/log4j/osgi/log4j-osgi/2.0-beta7-SNAPSHOT/log4j-osgi-2.0-beta7-SNAPSHOT.pom
[INFO] 
[INFO] ---------------< org.apache.logging.log4j:log4j-1.2-api >---------------
[INFO] Building Apache Log4j 1.x Compatibility API 2.0-beta7-SNAPSHOT   [11/22]
[INFO] --------------------------------[ jar ]---------------------------------
[INFO] 
[INFO] --- maven-remote-resources-plugin:1.1:process (default) @ log4j-1.2-api ---
[INFO] 
[INFO] --- maven-resources-plugin:2.5:resources (default-resources) @ log4j-1.2-api ---
[debug] execute contextualize
[INFO] Using 'UTF-8' encoding to copy filtered resources.
[INFO] skip non existing resourceDirectory /data-depot/user/Workspace/Reproducibility/Reproducibility-Scanner/benchmarks/bugs-dot-jar/logging-log4j2/log4j12-api/src/main/resources
[INFO] Copying 3 resources
[INFO] 
[INFO] --- maven-compiler-plugin:3.1:compile (default-compile) @ log4j-1.2-api ---
[INFO] Changes detected - recompiling the module!
[INFO] Compiling 24 source files to /data-depot/user/Workspace/Reproducibility/Reproducibility-Scanner/benchmarks/bugs-dot-jar/logging-log4j2/log4j12-api/target/classes
[WARNING] bootstrap class path not set in conjunction with -source 1.6
[WARNING] /data-depot/user/Workspace/Reproducibility/Reproducibility-Scanner/benchmarks/bugs-dot-jar/logging-log4j2/log4j12-api/src/main/java/org/apache/log4j/Priority.java:[23,8] Class org.apache.log4j.Priority overrides equals, but neither it nor any superclass overrides hashCode method
[WARNING] /data-depot/user/Workspace/Reproducibility/Reproducibility-Scanner/benchmarks/bugs-dot-jar/logging-log4j2/log4j12-api/src/main/java/org/apache/log4j/Category.java:[95,46] found raw type: java.lang.Class
  missing type arguments for generic class java.lang.Class<T>
[WARNING] /data-depot/user/Workspace/Reproducibility/Reproducibility-Scanner/benchmarks/bugs-dot-jar/logging-log4j2/log4j12-api/src/main/java/org/apache/log4j/Category.java:[99,68] found raw type: java.lang.Class
  missing type arguments for generic class java.lang.Class<T>
[WARNING] /data-depot/user/Workspace/Reproducibility/Reproducibility-Scanner/benchmarks/bugs-dot-jar/logging-log4j2/log4j12-api/src/main/java/org/apache/log4j/Category.java:[152,19] found raw type: java.util.Enumeration
  missing type arguments for generic class java.util.Enumeration<E>
[WARNING] /data-depot/user/Workspace/Reproducibility/Reproducibility-Scanner/benchmarks/bugs-dot-jar/logging-log4j2/log4j12-api/src/main/java/org/apache/log4j/Category.java:[284,12] found raw type: java.util.Enumeration
  missing type arguments for generic class java.util.Enumeration<E>
[WARNING] /data-depot/user/Workspace/Reproducibility/Reproducibility-Scanner/benchmarks/bugs-dot-jar/logging-log4j2/log4j12-api/src/main/java/org/apache/log4j/LogManager.java:[76,42] found raw type: java.lang.Class
  missing type arguments for generic class java.lang.Class<T>
[WARNING] /data-depot/user/Workspace/Reproducibility/Reproducibility-Scanner/benchmarks/bugs-dot-jar/logging-log4j2/log4j12-api/src/main/java/org/apache/log4j/LogManager.java:[92,19] found raw type: java.util.Enumeration
  missing type arguments for generic class java.util.Enumeration<E>
[WARNING] /data-depot/user/Workspace/Reproducibility/Reproducibility-Scanner/benchmarks/bugs-dot-jar/logging-log4j2/log4j12-api/src/main/java/org/apache/log4j/LogManager.java:[186,16] found raw type: java.util.Enumeration
  missing type arguments for generic class java.util.Enumeration<E>
[WARNING] /data-depot/user/Workspace/Reproducibility/Reproducibility-Scanner/benchmarks/bugs-dot-jar/logging-log4j2/log4j12-api/src/main/java/org/apache/log4j/LogManager.java:[191,16] found raw type: java.util.Enumeration
  missing type arguments for generic class java.util.Enumeration<E>
[WARNING] /data-depot/user/Workspace/Reproducibility/Reproducibility-Scanner/benchmarks/bugs-dot-jar/logging-log4j2/log4j12-api/src/main/java/org/apache/log4j/spi/LoggerRepository.java:[84,5] found raw type: java.util.Enumeration
  missing type arguments for generic class java.util.Enumeration<E>
[WARNING] /data-depot/user/Workspace/Reproducibility/Reproducibility-Scanner/benchmarks/bugs-dot-jar/logging-log4j2/log4j12-api/src/main/java/org/apache/log4j/spi/LoggerRepository.java:[89,5] found raw type: java.util.Enumeration
  missing type arguments for generic class java.util.Enumeration<E>
[WARNING] /data-depot/user/Workspace/Reproducibility/Reproducibility-Scanner/benchmarks/bugs-dot-jar/logging-log4j2/log4j12-api/src/main/java/org/apache/log4j/NDC.java:[55,19] found raw type: java.util.Stack
  missing type arguments for generic class java.util.Stack<E>
[WARNING] /data-depot/user/Workspace/Reproducibility/Reproducibility-Scanner/benchmarks/bugs-dot-jar/logging-log4j2/log4j12-api/src/main/java/org/apache/log4j/xml/DOMConfigurator.java:[74,92] found raw type: java.lang.Class
  missing type arguments for generic class java.lang.Class<T>
[WARNING] /data-depot/user/Workspace/Reproducibility/Reproducibility-Scanner/benchmarks/bugs-dot-jar/logging-log4j2/log4j12-api/src/main/java/org/apache/log4j/helpers/NullEnumeration.java:[27,41] found raw type: java.util.Enumeration
  missing type arguments for generic class java.util.Enumeration<E>
[INFO] 
[INFO] --- maven-bundle-plugin:2.3.7:manifest (bundle-manifest) @ log4j-1.2-api ---
[WARNING] Manifest org.apache.logging.log4j:log4j-1.2-api:jar:2.0-beta7-SNAPSHOT : Superfluous export-package instructions: [org.apache.logging.log4j.*]
[INFO] 
[INFO] --- maven-resources-plugin:2.5:testResources (default-testResources) @ log4j-1.2-api ---
[debug] execute contextualize
[INFO] Using 'UTF-8' encoding to copy filtered resources.
[INFO] Copying 5 resources
[INFO] Copying 3 resources
[INFO] 
[INFO] --- maven-compiler-plugin:3.1:testCompile (default-testCompile) @ log4j-1.2-api ---
[INFO] Changes detected - recompiling the module!
[INFO] Compiling 7 source files to /data-depot/user/Workspace/Reproducibility/Reproducibility-Scanner/benchmarks/bugs-dot-jar/logging-log4j2/log4j12-api/target/test-classes
[WARNING] bootstrap class path not set in conjunction with -source 1.6
[WARNING] /data-depot/user/Workspace/Reproducibility/Reproducibility-Scanner/benchmarks/bugs-dot-jar/logging-log4j2/log4j12-api/src/test/java/org/apache/log4j/LoggerTest.java:[44,5] found raw type: org.apache.logging.log4j.core.Appender
  missing type arguments for generic class org.apache.logging.log4j.core.Appender<T>
[WARNING] /data-depot/user/Workspace/Reproducibility/Reproducibility-Scanner/benchmarks/bugs-dot-jar/logging-log4j2/log4j12-api/src/test/java/org/apache/log4j/LoggerTest.java:[45,5] found raw type: org.apache.logging.log4j.core.Appender
  missing type arguments for generic class org.apache.logging.log4j.core.Appender<T>
[INFO] 
[INFO] --- maven-surefire-plugin:2.14.1:test (default-test) @ log4j-1.2-api ---
[INFO] Tests are skipped.
[INFO] 
[INFO] --- maven-jar-plugin:2.3.1:jar (default-jar) @ log4j-1.2-api ---
[INFO] Building jar: /data-depot/user/Workspace/Reproducibility/Reproducibility-Scanner/benchmarks/bugs-dot-jar/logging-log4j2/log4j12-api/target/log4j-1.2-api-2.0-beta7-SNAPSHOT.jar
[INFO] 
[INFO] --- maven-install-plugin:2.3.1:install (default-install) @ log4j-1.2-api ---
[INFO] Installing /data-depot/user/Workspace/Reproducibility/Reproducibility-Scanner/benchmarks/bugs-dot-jar/logging-log4j2/log4j12-api/target/log4j-1.2-api-2.0-beta7-SNAPSHOT.jar to /home/user/.m2/repository/org/apache/logging/log4j/log4j-1.2-api/2.0-beta7-SNAPSHOT/log4j-1.2-api-2.0-beta7-SNAPSHOT.jar
[INFO] Installing /data-depot/user/Workspace/Reproducibility/Reproducibility-Scanner/benchmarks/bugs-dot-jar/logging-log4j2/log4j12-api/pom.xml to /home/user/.m2/repository/org/apache/logging/log4j/log4j-1.2-api/2.0-beta7-SNAPSHOT/log4j-1.2-api-2.0-beta7-SNAPSHOT.pom
[INFO] 
[INFO] -------------< org.apache.logging.log4j:log4j-slf4j-impl >--------------
[INFO] Building Apache Log4j SLF4J Binding 2.0-beta7-SNAPSHOT           [12/22]
[INFO] --------------------------------[ jar ]---------------------------------
[INFO] 
[INFO] --- maven-remote-resources-plugin:1.1:process (default) @ log4j-slf4j-impl ---
[INFO] 
[INFO] --- maven-resources-plugin:2.5:resources (default-resources) @ log4j-slf4j-impl ---
[debug] execute contextualize
[INFO] Using 'UTF-8' encoding to copy filtered resources.
[INFO] skip non existing resourceDirectory /data-depot/user/Workspace/Reproducibility/Reproducibility-Scanner/benchmarks/bugs-dot-jar/logging-log4j2/slf4j-impl/src/main/resources
[INFO] Copying 3 resources
[INFO] 
[INFO] --- maven-compiler-plugin:3.1:compile (default-compile) @ log4j-slf4j-impl ---
[INFO] Changes detected - recompiling the module!
[INFO] Compiling 12 source files to /data-depot/user/Workspace/Reproducibility/Reproducibility-Scanner/benchmarks/bugs-dot-jar/logging-log4j2/slf4j-impl/target/classes
[WARNING] bootstrap class path not set in conjunction with -source 1.6
[WARNING] /data-depot/user/Workspace/Reproducibility/Reproducibility-Scanner/benchmarks/bugs-dot-jar/logging-log4j2/slf4j-impl/src/main/java/org/slf4j/helpers/Log4jMDCAdapter.java:[56,37] found raw type: java.util.Map
  missing type arguments for generic class java.util.Map<K,V>
[WARNING] /data-depot/user/Workspace/Reproducibility/Reproducibility-Scanner/benchmarks/bugs-dot-jar/logging-log4j2/slf4j-impl/src/main/java/org/slf4j/impl/SLF4JLogger.java:[493,31] found raw type: java.util.Map.Entry
  missing type arguments for generic class java.util.Map.Entry<K,V>
[INFO] 
[INFO] --- maven-bundle-plugin:2.3.7:manifest (bundle-manifest) @ log4j-slf4j-impl ---
[WARNING] Manifest org.apache.logging.log4j:log4j-slf4j-impl:jar:2.0-beta7-SNAPSHOT : Superfluous export-package instructions: [org.apache.logging.log4j.*]
[INFO] 
[INFO] --- maven-resources-plugin:2.5:testResources (default-testResources) @ log4j-slf4j-impl ---
[debug] execute contextualize
[INFO] Using 'UTF-8' encoding to copy filtered resources.
[INFO] Copying 1 resource
[INFO] Copying 3 resources
[INFO] 
[INFO] --- maven-compiler-plugin:3.1:testCompile (default-testCompile) @ log4j-slf4j-impl ---
[INFO] Changes detected - recompiling the module!
[INFO] Compiling 2 source files to /data-depot/user/Workspace/Reproducibility/Reproducibility-Scanner/benchmarks/bugs-dot-jar/logging-log4j2/slf4j-impl/target/test-classes
[WARNING] bootstrap class path not set in conjunction with -source 1.6
[INFO] 
[INFO] --- maven-surefire-plugin:2.14.1:test (default-test) @ log4j-slf4j-impl ---
[INFO] Tests are skipped.
[INFO] 
[INFO] --- maven-jar-plugin:2.3.1:jar (default-jar) @ log4j-slf4j-impl ---
[INFO] Building jar: /data-depot/user/Workspace/Reproducibility/Reproducibility-Scanner/benchmarks/bugs-dot-jar/logging-log4j2/slf4j-impl/target/log4j-slf4j-impl-2.0-beta7-SNAPSHOT.jar
[INFO] 
[INFO] --- maven-install-plugin:2.3.1:install (default-install) @ log4j-slf4j-impl ---
[INFO] Installing /data-depot/user/Workspace/Reproducibility/Reproducibility-Scanner/benchmarks/bugs-dot-jar/logging-log4j2/slf4j-impl/target/log4j-slf4j-impl-2.0-beta7-SNAPSHOT.jar to /home/user/.m2/repository/org/apache/logging/log4j/log4j-slf4j-impl/2.0-beta7-SNAPSHOT/log4j-slf4j-impl-2.0-beta7-SNAPSHOT.jar
[INFO] Installing /data-depot/user/Workspace/Reproducibility/Reproducibility-Scanner/benchmarks/bugs-dot-jar/logging-log4j2/slf4j-impl/pom.xml to /home/user/.m2/repository/org/apache/logging/log4j/log4j-slf4j-impl/2.0-beta7-SNAPSHOT/log4j-slf4j-impl-2.0-beta7-SNAPSHOT.pom
[INFO] 
[INFO] --------------< org.apache.logging.log4j:log4j-to-slf4j >---------------
[INFO] Building Apache Log4j to SLF4J Adapter 2.0-beta7-SNAPSHOT        [13/22]
[INFO] --------------------------------[ jar ]---------------------------------
[INFO] 
[INFO] --- maven-remote-resources-plugin:1.1:process (default) @ log4j-to-slf4j ---
[INFO] 
[INFO] --- maven-resources-plugin:2.5:resources (default-resources) @ log4j-to-slf4j ---
[debug] execute contextualize
[INFO] Using 'UTF-8' encoding to copy filtered resources.
[INFO] Copying 1 resource
[INFO] Copying 3 resources
[INFO] 
[INFO] --- maven-compiler-plugin:3.1:compile (default-compile) @ log4j-to-slf4j ---
[INFO] Changes detected - recompiling the module!
[INFO] Compiling 5 source files to /data-depot/user/Workspace/Reproducibility/Reproducibility-Scanner/benchmarks/bugs-dot-jar/logging-log4j2/log4j-to-slf4j/target/classes
[WARNING] bootstrap class path not set in conjunction with -source 1.6
[INFO] 
[INFO] --- maven-bundle-plugin:2.3.7:manifest (bundle-manifest) @ log4j-to-slf4j ---
[WARNING] Manifest org.apache.logging.log4j:log4j-to-slf4j:jar:2.0-beta7-SNAPSHOT : Superfluous export-package instructions: [org.apache.logging.log4j.*]
[INFO] 
[INFO] --- maven-resources-plugin:2.5:testResources (default-testResources) @ log4j-to-slf4j ---
[debug] execute contextualize
[INFO] Using 'UTF-8' encoding to copy filtered resources.
[INFO] Copying 1 resource
[INFO] Copying 3 resources
[INFO] 
[INFO] --- maven-compiler-plugin:3.1:testCompile (default-testCompile) @ log4j-to-slf4j ---
[INFO] Changes detected - recompiling the module!
[INFO] Compiling 1 source file to /data-depot/user/Workspace/Reproducibility/Reproducibility-Scanner/benchmarks/bugs-dot-jar/logging-log4j2/log4j-to-slf4j/target/test-classes
[WARNING] bootstrap class path not set in conjunction with -source 1.6
[INFO] 
[INFO] --- maven-surefire-plugin:2.14.1:test (default-test) @ log4j-to-slf4j ---
[INFO] Tests are skipped.
[INFO] 
[INFO] --- maven-jar-plugin:2.3.1:jar (default-jar) @ log4j-to-slf4j ---
[INFO] Building jar: /data-depot/user/Workspace/Reproducibility/Reproducibility-Scanner/benchmarks/bugs-dot-jar/logging-log4j2/log4j-to-slf4j/target/log4j-to-slf4j-2.0-beta7-SNAPSHOT.jar
[INFO] 
[INFO] --- maven-install-plugin:2.3.1:install (default-install) @ log4j-to-slf4j ---
[INFO] Installing /data-depot/user/Workspace/Reproducibility/Reproducibility-Scanner/benchmarks/bugs-dot-jar/logging-log4j2/log4j-to-slf4j/target/log4j-to-slf4j-2.0-beta7-SNAPSHOT.jar to /home/user/.m2/repository/org/apache/logging/log4j/log4j-to-slf4j/2.0-beta7-SNAPSHOT/log4j-to-slf4j-2.0-beta7-SNAPSHOT.jar
[INFO] Installing /data-depot/user/Workspace/Reproducibility/Reproducibility-Scanner/benchmarks/bugs-dot-jar/logging-log4j2/log4j-to-slf4j/pom.xml to /home/user/.m2/repository/org/apache/logging/log4j/log4j-to-slf4j/2.0-beta7-SNAPSHOT/log4j-to-slf4j-2.0-beta7-SNAPSHOT.pom
[INFO] 
[INFO] -----------------< org.apache.logging.log4j:log4j-jcl >-----------------
[INFO] Building Apache Log4j Commons Logging Bridge 2.0-beta7-SNAPSHOT  [14/22]
[INFO] --------------------------------[ jar ]---------------------------------
[INFO] 
[INFO] --- maven-remote-resources-plugin:1.1:process (default) @ log4j-jcl ---
[INFO] 
[INFO] --- maven-resources-plugin:2.5:resources (default-resources) @ log4j-jcl ---
[debug] execute contextualize
[INFO] Using 'UTF-8' encoding to copy filtered resources.
[INFO] Copying 1 resource
[INFO] Copying 3 resources
[INFO] 
[INFO] --- maven-compiler-plugin:3.1:compile (default-compile) @ log4j-jcl ---
[INFO] Changes detected - recompiling the module!
[INFO] Compiling 3 source files to /data-depot/user/Workspace/Reproducibility/Reproducibility-Scanner/benchmarks/bugs-dot-jar/logging-log4j2/jcl-bridge/target/classes
[WARNING] bootstrap class path not set in conjunction with -source 1.6
[WARNING] /data-depot/user/Workspace/Reproducibility/Reproducibility-Scanner/benchmarks/bugs-dot-jar/logging-log4j2/jcl-bridge/src/main/java/org/apache/logging/log4j/jcl/LogFactoryImpl.java:[80,34] found raw type: java.lang.Class
  missing type arguments for generic class java.lang.Class<T>
[INFO] 
[INFO] --- maven-bundle-plugin:2.3.7:manifest (bundle-manifest) @ log4j-jcl ---
[INFO] 
[INFO] --- maven-resources-plugin:2.5:testResources (default-testResources) @ log4j-jcl ---
[debug] execute contextualize
[INFO] Using 'UTF-8' encoding to copy filtered resources.
[INFO] Copying 1 resource
[INFO] Copying 3 resources
[INFO] 
[INFO] --- maven-compiler-plugin:3.1:testCompile (default-testCompile) @ log4j-jcl ---
[INFO] Changes detected - recompiling the module!
[INFO] Compiling 1 source file to /data-depot/user/Workspace/Reproducibility/Reproducibility-Scanner/benchmarks/bugs-dot-jar/logging-log4j2/jcl-bridge/target/test-classes
[WARNING] bootstrap class path not set in conjunction with -source 1.6
[INFO] 
[INFO] --- maven-surefire-plugin:2.14.1:test (default-test) @ log4j-jcl ---
[INFO] Tests are skipped.
[INFO] 
[INFO] --- maven-jar-plugin:2.3.1:jar (default-jar) @ log4j-jcl ---
[INFO] Building jar: /data-depot/user/Workspace/Reproducibility/Reproducibility-Scanner/benchmarks/bugs-dot-jar/logging-log4j2/jcl-bridge/target/log4j-jcl-2.0-beta7-SNAPSHOT.jar
[INFO] 
[INFO] --- maven-install-plugin:2.3.1:install (default-install) @ log4j-jcl ---
[INFO] Installing /data-depot/user/Workspace/Reproducibility/Reproducibility-Scanner/benchmarks/bugs-dot-jar/logging-log4j2/jcl-bridge/target/log4j-jcl-2.0-beta7-SNAPSHOT.jar to /home/user/.m2/repository/org/apache/logging/log4j/log4j-jcl/2.0-beta7-SNAPSHOT/log4j-jcl-2.0-beta7-SNAPSHOT.jar
[INFO] Installing /data-depot/user/Workspace/Reproducibility/Reproducibility-Scanner/benchmarks/bugs-dot-jar/logging-log4j2/jcl-bridge/pom.xml to /home/user/.m2/repository/org/apache/logging/log4j/log4j-jcl/2.0-beta7-SNAPSHOT/log4j-jcl-2.0-beta7-SNAPSHOT.pom
[INFO] 
[INFO] --------------< org.apache.logging.log4j:log4j-flume-ng >---------------
[INFO] Building Apache Log4j Flume NG Bridge 2.0-beta7-SNAPSHOT         [15/22]
[INFO] --------------------------------[ jar ]---------------------------------
Downloading from oracleReleases: http://download.oracle.com/maven/org/codehaus/jackson/jackson-mapper-asl/1.9.11/jackson-mapper-asl-1.9.11.pom
Downloading from central: https://repo.maven.apache.org/maven2/org/codehaus/jackson/jackson-mapper-asl/1.9.11/jackson-mapper-asl-1.9.11.pom
Progress (1): 1.2 kB                    Downloaded from central: https://repo.maven.apache.org/maven2/org/codehaus/jackson/jackson-mapper-asl/1.9.11/jackson-mapper-asl-1.9.11.pom (1.2 kB at 12 kB/s)
Downloading from oracleReleases: http://download.oracle.com/maven/org/codehaus/jackson/jackson-mapper-asl/1.9.11/jackson-mapper-asl-1.9.11.jar
Downloading from central: https://repo.maven.apache.org/maven2/org/codehaus/jackson/jackson-mapper-asl/1.9.11/jackson-mapper-asl-1.9.11.jar
Progress (1): 1.4/780 kBProgress (1): 2.7/780 kBProgress (1): 4.1/780 kBProgress (1): 5.5/780 kBProgress (1): 6.9/780 kBProgress (1): 8.2/780 kBProgress (1): 9.6/780 kBProgress (1): 11/780 kB Progress (1): 12/780 kBProgress (1): 14/780 kBProgress (1): 15/780 kBProgress (1): 16/780 kBProgress (1): 17/780 kBProgress (1): 19/780 kBProgress (1): 20/780 kBProgress (1): 21/780 kBProgress (1): 23/780 kBProgress (1): 24/780 kBProgress (1): 25/780 kBProgress (1): 27/780 kBProgress (1): 28/780 kBProgress (1): 30/780 kBProgress (1): 31/780 kBProgress (1): 32/780 kBProgress (1): 34/780 kBProgress (1): 35/780 kBProgress (1): 36/780 kBProgress (1): 38/780 kBProgress (1): 39/780 kBProgress (1): 40/780 kBProgress (1): 42/780 kBProgress (1): 43/780 kBProgress (1): 45/780 kBProgress (1): 46/780 kBProgress (1): 47/780 kBProgress (1): 49/780 kBProgress (1): 53/780 kBProgress (1): 57/780 kBProgress (1): 61/780 kBProgress (1): 65/780 kBProgress (1): 69/780 kBProgress (1): 73/780 kBProgress (1): 77/780 kBProgress (1): 81/780 kBProgress (1): 85/780 kBProgress (1): 90/780 kBProgress (1): 94/780 kBProgress (1): 98/780 kBProgress (1): 102/780 kBProgress (1): 106/780 kBProgress (1): 110/780 kBProgress (1): 114/780 kBProgress (1): 118/780 kBProgress (1): 122/780 kBProgress (1): 126/780 kBProgress (1): 131/780 kBProgress (1): 135/780 kBProgress (1): 139/780 kBProgress (1): 143/780 kBProgress (1): 147/780 kBProgress (1): 151/780 kBProgress (1): 155/780 kBProgress (1): 159/780 kBProgress (1): 163/780 kBProgress (1): 167/780 kBProgress (1): 171/780 kBProgress (1): 176/780 kBProgress (1): 180/780 kBProgress (1): 184/780 kBProgress (1): 188/780 kBProgress (1): 192/780 kBProgress (1): 196/780 kBProgress (1): 200/780 kBProgress (1): 204/780 kBProgress (1): 208/780 kBProgress (1): 212/780 kBProgress (1): 217/780 kBProgress (1): 221/780 kBProgress (1): 225/780 kBProgress (1): 229/780 kBProgress (1): 233/780 kBProgress (1): 237/780 kBProgress (1): 241/780 kBProgress (1): 245/780 kBProgress (1): 249/780 kBProgress (1): 253/780 kBProgress (1): 258/780 kBProgress (1): 262/780 kBProgress (1): 266/780 kBProgress (1): 270/780 kBProgress (1): 274/780 kBProgress (1): 278/780 kBProgress (1): 282/780 kBProgress (1): 286/780 kBProgress (1): 290/780 kBProgress (1): 294/780 kBProgress (1): 298/780 kBProgress (1): 303/780 kBProgress (1): 307/780 kBProgress (1): 311/780 kBProgress (1): 315/780 kBProgress (1): 319/780 kBProgress (1): 323/780 kBProgress (1): 327/780 kBProgress (1): 331/780 kBProgress (1): 335/780 kBProgress (1): 339/780 kBProgress (1): 343/780 kBProgress (1): 348/780 kBProgress (1): 352/780 kBProgress (1): 356/780 kBProgress (1): 360/780 kBProgress (1): 364/780 kBProgress (1): 368/780 kBProgress (1): 372/780 kBProgress (1): 376/780 kBProgress (1): 380/780 kBProgress (1): 384/780 kBProgress (1): 389/780 kBProgress (1): 393/780 kBProgress (1): 397/780 kBProgress (1): 401/780 kBProgress (1): 405/780 kBProgress (1): 409/780 kBProgress (1): 413/780 kBProgress (1): 417/780 kBProgress (1): 421/780 kBProgress (1): 425/780 kBProgress (1): 429/780 kBProgress (1): 434/780 kBProgress (1): 438/780 kBProgress (1): 442/780 kBProgress (1): 446/780 kBProgress (1): 450/780 kBProgress (1): 454/780 kBProgress (1): 458/780 kBProgress (1): 462/780 kBProgress (1): 466/780 kBProgress (1): 470/780 kBProgress (1): 475/780 kBProgress (1): 479/780 kBProgress (1): 483/780 kBProgress (1): 487/780 kBProgress (1): 491/780 kBProgress (1): 495/780 kBProgress (1): 499/780 kBProgress (1): 503/780 kBProgress (1): 507/780 kBProgress (1): 511/780 kBProgress (1): 515/780 kBProgress (1): 520/780 kBProgress (1): 524/780 kBProgress (1): 528/780 kBProgress (1): 532/780 kBProgress (1): 536/780 kBProgress (1): 540/780 kBProgress (1): 544/780 kBProgress (1): 548/780 kBProgress (1): 552/780 kBProgress (1): 556/780 kBProgress (1): 561/780 kBProgress (1): 565/780 kBProgress (1): 569/780 kBProgress (1): 573/780 kBProgress (1): 573/780 kBProgress (1): 577/780 kBProgress (1): 581/780 kBProgress (1): 585/780 kBProgress (1): 589/780 kBProgress (1): 593/780 kBProgress (1): 597/780 kBProgress (1): 602/780 kBProgress (1): 606/780 kBProgress (1): 610/780 kBProgress (1): 614/780 kBProgress (1): 618/780 kBProgress (1): 622/780 kBProgress (1): 626/780 kBProgress (1): 630/780 kBProgress (1): 634/780 kBProgress (1): 638/780 kBProgress (1): 642/780 kBProgress (1): 647/780 kBProgress (1): 651/780 kBProgress (1): 655/780 kBProgress (1): 659/780 kBProgress (1): 663/780 kBProgress (1): 667/780 kBProgress (1): 671/780 kBProgress (1): 675/780 kBProgress (1): 679/780 kBProgress (1): 683/780 kBProgress (1): 688/780 kBProgress (1): 692/780 kBProgress (1): 696/780 kBProgress (1): 700/780 kBProgress (1): 704/780 kBProgress (1): 708/780 kBProgress (1): 712/780 kBProgress (1): 716/780 kBProgress (1): 720/780 kBProgress (1): 724/780 kBProgress (1): 728/780 kBProgress (1): 733/780 kBProgress (1): 737/780 kBProgress (1): 741/780 kBProgress (1): 745/780 kBProgress (1): 749/780 kBProgress (1): 753/780 kBProgress (1): 757/780 kBProgress (1): 759/780 kBProgress (1): 763/780 kBProgress (1): 768/780 kBProgress (1): 772/780 kBProgress (1): 776/780 kBProgress (1): 780/780 kBProgress (1): 780 kB                        Downloaded from central: https://repo.maven.apache.org/maven2/org/codehaus/jackson/jackson-mapper-asl/1.9.11/jackson-mapper-asl-1.9.11.jar (780 kB at 5.4 MB/s)
[INFO] 
[INFO] --- maven-remote-resources-plugin:1.1:process (default) @ log4j-flume-ng ---
[INFO] 
[INFO] --- maven-resources-plugin:2.5:resources (default-resources) @ log4j-flume-ng ---
[debug] execute contextualize
[INFO] Using 'UTF-8' encoding to copy filtered resources.
[INFO] skip non existing resourceDirectory /data-depot/user/Workspace/Reproducibility/Reproducibility-Scanner/benchmarks/bugs-dot-jar/logging-log4j2/flume-ng/src/main/resources
[INFO] Copying 3 resources
[INFO] 
[INFO] --- maven-compiler-plugin:3.1:compile (default-compile) @ log4j-flume-ng ---
[INFO] Changes detected - recompiling the module!
[INFO] Compiling 13 source files to /data-depot/user/Workspace/Reproducibility/Reproducibility-Scanner/benchmarks/bugs-dot-jar/logging-log4j2/flume-ng/target/classes
[WARNING] bootstrap class path not set in conjunction with -source 1.6
[WARNING] /data-depot/user/Workspace/Reproducibility/Reproducibility-Scanner/benchmarks/bugs-dot-jar/logging-log4j2/flume-ng/src/main/java/org/apache/logging/log4j/flume/appender/FlumePersistentManager.java:[298,39] found raw type: org.apache.logging.log4j.core.config.plugins.PluginType
  missing type arguments for generic class org.apache.logging.log4j.core.config.plugins.PluginType<T>
[WARNING] /data-depot/user/Workspace/Reproducibility/Reproducibility-Scanner/benchmarks/bugs-dot-jar/logging-log4j2/flume-ng/src/main/java/org/apache/logging/log4j/flume/appender/FlumePersistentManager.java:[301,48] found raw type: org.apache.logging.log4j.core.config.plugins.PluginType
  missing type arguments for generic class org.apache.logging.log4j.core.config.plugins.PluginType<T>
[WARNING] /data-depot/user/Workspace/Reproducibility/Reproducibility-Scanner/benchmarks/bugs-dot-jar/logging-log4j2/flume-ng/src/main/java/org/apache/logging/log4j/flume/appender/FlumePersistentManager.java:[304,33] found raw type: java.lang.Class
  missing type arguments for generic class java.lang.Class<T>
[INFO] 
[INFO] --- maven-bundle-plugin:2.3.7:manifest (bundle-manifest) @ log4j-flume-ng ---
[INFO] 
[INFO] >>> exec-maven-plugin:1.2.1:java (default) > validate @ log4j-flume-ng >>>
[INFO] 
[INFO] <<< exec-maven-plugin:1.2.1:java (default) < validate @ log4j-flume-ng <<<
[INFO] 
[INFO] 
[INFO] --- exec-maven-plugin:1.2.1:java (default) @ log4j-flume-ng ---
[INFO] 
[INFO] --- maven-resources-plugin:2.5:testResources (default-testResources) @ log4j-flume-ng ---
[debug] execute contextualize
[INFO] Using 'UTF-8' encoding to copy filtered resources.
[INFO] Copying 3 resources
[INFO] Copying 3 resources
[INFO] 
[INFO] --- maven-compiler-plugin:3.1:testCompile (default-testCompile) @ log4j-flume-ng ---
[INFO] Changes detected - recompiling the module!
[INFO] Compiling 6 source files to /data-depot/user/Workspace/Reproducibility/Reproducibility-Scanner/benchmarks/bugs-dot-jar/logging-log4j2/flume-ng/target/test-classes
[WARNING] bootstrap class path not set in conjunction with -source 1.6
[WARNING] /data-depot/user/Workspace/Reproducibility/Reproducibility-Scanner/benchmarks/bugs-dot-jar/logging-log4j2/flume-ng/src/test/java/org/apache/logging/log4j/flume/appender/FlumeAppenderTest.java:[132,15] found raw type: org.apache.logging.log4j.flume.appender.FlumeAppender
  missing type arguments for generic class org.apache.logging.log4j.flume.appender.FlumeAppender<T>
[WARNING] /data-depot/user/Workspace/Reproducibility/Reproducibility-Scanner/benchmarks/bugs-dot-jar/logging-log4j2/flume-ng/src/test/java/org/apache/logging/log4j/flume/appender/FlumeAppenderTest.java:[158,15] found raw type: org.apache.logging.log4j.flume.appender.FlumeAppender
  missing type arguments for generic class org.apache.logging.log4j.flume.appender.FlumeAppender<T>
[WARNING] /data-depot/user/Workspace/Reproducibility/Reproducibility-Scanner/benchmarks/bugs-dot-jar/logging-log4j2/flume-ng/src/test/java/org/apache/logging/log4j/flume/appender/FlumeAppenderTest.java:[196,15] found raw type: org.apache.logging.log4j.flume.appender.FlumeAppender
  missing type arguments for generic class org.apache.logging.log4j.flume.appender.FlumeAppender<T>
[WARNING] /data-depot/user/Workspace/Reproducibility/Reproducibility-Scanner/benchmarks/bugs-dot-jar/logging-log4j2/flume-ng/src/test/java/org/apache/logging/log4j/flume/appender/FlumeAppenderTest.java:[226,16] found raw type: org.apache.logging.log4j.flume.appender.FlumeAppender
  missing type arguments for generic class org.apache.logging.log4j.flume.appender.FlumeAppender<T>
[WARNING] /data-depot/user/Workspace/Reproducibility/Reproducibility-Scanner/benchmarks/bugs-dot-jar/logging-log4j2/flume-ng/src/test/java/org/apache/logging/log4j/flume/appender/FlumeAppenderTest.java:[257,15] found raw type: org.apache.logging.log4j.flume.appender.FlumeAppender
  missing type arguments for generic class org.apache.logging.log4j.flume.appender.FlumeAppender<T>
[WARNING] /data-depot/user/Workspace/Reproducibility/Reproducibility-Scanner/benchmarks/bugs-dot-jar/logging-log4j2/flume-ng/src/test/java/org/apache/logging/log4j/flume/appender/FlumeAppenderTest.java:[283,15] found raw type: org.apache.logging.log4j.flume.appender.FlumeAppender
  missing type arguments for generic class org.apache.logging.log4j.flume.appender.FlumeAppender<T>
[WARNING] /data-depot/user/Workspace/Reproducibility/Reproducibility-Scanner/benchmarks/bugs-dot-jar/logging-log4j2/flume-ng/src/test/java/org/apache/logging/log4j/flume/appender/FlumeAppenderTest.java:[328,15] found raw type: org.apache.logging.log4j.flume.appender.FlumeAppender
  missing type arguments for generic class org.apache.logging.log4j.flume.appender.FlumeAppender<T>
[INFO] 
[INFO] --- maven-surefire-plugin:2.14.1:test (default-test) @ log4j-flume-ng ---
[INFO] Tests are skipped.
[INFO] 
[INFO] --- maven-jar-plugin:2.3.1:jar (default-jar) @ log4j-flume-ng ---
[INFO] Building jar: /data-depot/user/Workspace/Reproducibility/Reproducibility-Scanner/benchmarks/bugs-dot-jar/logging-log4j2/flume-ng/target/log4j-flume-ng-2.0-beta7-SNAPSHOT.jar
[INFO] 
[INFO] --- maven-jar-plugin:2.3.1:test-jar (default) @ log4j-flume-ng ---
[INFO] Building jar: /data-depot/user/Workspace/Reproducibility/Reproducibility-Scanner/benchmarks/bugs-dot-jar/logging-log4j2/flume-ng/target/log4j-flume-ng-2.0-beta7-SNAPSHOT-tests.jar
[INFO] 
[INFO] --- maven-install-plugin:2.3.1:install (default-install) @ log4j-flume-ng ---
[INFO] Installing /data-depot/user/Workspace/Reproducibility/Reproducibility-Scanner/benchmarks/bugs-dot-jar/logging-log4j2/flume-ng/target/log4j-flume-ng-2.0-beta7-SNAPSHOT.jar to /home/user/.m2/repository/org/apache/logging/log4j/log4j-flume-ng/2.0-beta7-SNAPSHOT/log4j-flume-ng-2.0-beta7-SNAPSHOT.jar
[INFO] Installing /data-depot/user/Workspace/Reproducibility/Reproducibility-Scanner/benchmarks/bugs-dot-jar/logging-log4j2/flume-ng/pom.xml to /home/user/.m2/repository/org/apache/logging/log4j/log4j-flume-ng/2.0-beta7-SNAPSHOT/log4j-flume-ng-2.0-beta7-SNAPSHOT.pom
[INFO] Installing /data-depot/user/Workspace/Reproducibility/Reproducibility-Scanner/benchmarks/bugs-dot-jar/logging-log4j2/flume-ng/target/log4j-flume-ng-2.0-beta7-SNAPSHOT-tests.jar to /home/user/.m2/repository/org/apache/logging/log4j/log4j-flume-ng/2.0-beta7-SNAPSHOT/log4j-flume-ng-2.0-beta7-SNAPSHOT-tests.jar
[INFO] 
[INFO] -----------------< org.apache.logging.log4j:log4j-web >-----------------
[INFO] Building Apache Log4j Web Adapters 2.0-beta7-SNAPSHOT            [16/22]
[INFO] --------------------------------[ jar ]---------------------------------
[INFO] 
[INFO] --- maven-remote-resources-plugin:1.1:process (default) @ log4j-web ---
[INFO] 
[INFO] --- maven-resources-plugin:2.5:resources (default-resources) @ log4j-web ---
[debug] execute contextualize
[INFO] Using 'UTF-8' encoding to copy filtered resources.
[INFO] skip non existing resourceDirectory /data-depot/user/Workspace/Reproducibility/Reproducibility-Scanner/benchmarks/bugs-dot-jar/logging-log4j2/web/src/main/resources
[INFO] Copying 3 resources
[INFO] 
[INFO] --- maven-compiler-plugin:3.1:compile (default-compile) @ log4j-web ---
[INFO] Changes detected - recompiling the module!
[INFO] Compiling 3 source files to /data-depot/user/Workspace/Reproducibility/Reproducibility-Scanner/benchmarks/bugs-dot-jar/logging-log4j2/web/target/classes
[WARNING] bootstrap class path not set in conjunction with -source 1.6
[INFO] 
[INFO] --- maven-bundle-plugin:2.3.7:manifest (bundle-manifest) @ log4j-web ---
[INFO] 
[INFO] --- maven-resources-plugin:2.5:testResources (default-testResources) @ log4j-web ---
[debug] execute contextualize
[INFO] Using 'UTF-8' encoding to copy filtered resources.
[INFO] Copying 1 resource
[INFO] Copying 3 resources
[INFO] 
[INFO] --- maven-compiler-plugin:3.1:testCompile (default-testCompile) @ log4j-web ---
[INFO] Changes detected - recompiling the module!
[INFO] Compiling 1 source file to /data-depot/user/Workspace/Reproducibility/Reproducibility-Scanner/benchmarks/bugs-dot-jar/logging-log4j2/web/target/test-classes
[WARNING] bootstrap class path not set in conjunction with -source 1.6
[WARNING] /data-depot/user/Workspace/Reproducibility/Reproducibility-Scanner/benchmarks/bugs-dot-jar/logging-log4j2/web/src/test/java/org/apache/logging/log4j/core/web/Log4jContextListenerTest.java:[144,16] found raw type: java.util.Set
  missing type arguments for generic class java.util.Set<E>
[WARNING] /data-depot/user/Workspace/Reproducibility/Reproducibility-Scanner/benchmarks/bugs-dot-jar/logging-log4j2/web/src/test/java/org/apache/logging/log4j/core/web/Log4jContextListenerTest.java:[178,16] found raw type: java.util.Enumeration
  missing type arguments for generic class java.util.Enumeration<E>
[WARNING] /data-depot/user/Workspace/Reproducibility/Reproducibility-Scanner/benchmarks/bugs-dot-jar/logging-log4j2/web/src/test/java/org/apache/logging/log4j/core/web/Log4jContextListenerTest.java:[185,16] found raw type: java.util.Enumeration
  missing type arguments for generic class java.util.Enumeration<E>
[WARNING] /data-depot/user/Workspace/Reproducibility/Reproducibility-Scanner/benchmarks/bugs-dot-jar/logging-log4j2/web/src/test/java/org/apache/logging/log4j/core/web/Log4jContextListenerTest.java:[228,16] found raw type: java.util.Enumeration
  missing type arguments for generic class java.util.Enumeration<E>
[WARNING] /data-depot/user/Workspace/Reproducibility/Reproducibility-Scanner/benchmarks/bugs-dot-jar/logging-log4j2/web/src/test/java/org/apache/logging/log4j/core/web/Log4jContextListenerTest.java:[238,16] found raw type: java.util.Enumeration
  missing type arguments for generic class java.util.Enumeration<E>
[INFO] 
[INFO] --- maven-surefire-plugin:2.14.1:test (default-test) @ log4j-web ---
[INFO] Tests are skipped.
[INFO] 
[INFO] --- maven-jar-plugin:2.3.1:jar (default-jar) @ log4j-web ---
[INFO] Building jar: /data-depot/user/Workspace/Reproducibility/Reproducibility-Scanner/benchmarks/bugs-dot-jar/logging-log4j2/web/target/log4j-web-2.0-beta7-SNAPSHOT.jar
[INFO] 
[INFO] --- maven-install-plugin:2.3.1:install (default-install) @ log4j-web ---
[INFO] Installing /data-depot/user/Workspace/Reproducibility/Reproducibility-Scanner/benchmarks/bugs-dot-jar/logging-log4j2/web/target/log4j-web-2.0-beta7-SNAPSHOT.jar to /home/user/.m2/repository/org/apache/logging/log4j/log4j-web/2.0-beta7-SNAPSHOT/log4j-web-2.0-beta7-SNAPSHOT.jar
[INFO] Installing /data-depot/user/Workspace/Reproducibility/Reproducibility-Scanner/benchmarks/bugs-dot-jar/logging-log4j2/web/pom.xml to /home/user/.m2/repository/org/apache/logging/log4j/log4j-web/2.0-beta7-SNAPSHOT/log4j-web-2.0-beta7-SNAPSHOT.pom
[INFO] 
[INFO] ---------------< org.apache.logging.log4j:log4j-taglib >----------------
[INFO] Building Apache Log4j Tag Library 2.0-beta7-SNAPSHOT             [17/22]
[INFO] --------------------------------[ jar ]---------------------------------
Downloading from oracleReleases: http://download.oracle.com/maven/org/springframework/spring-test/3.1.2.RELEASE/spring-test-3.1.2.RELEASE.pom
Downloading from central: https://repo.maven.apache.org/maven2/org/springframework/spring-test/3.1.2.RELEASE/spring-test-3.1.2.RELEASE.pom
Progress (1): 4.1/5.4 kBProgress (1): 5.4 kB                        Downloaded from central: https://repo.maven.apache.org/maven2/org/springframework/spring-test/3.1.2.RELEASE/spring-test-3.1.2.RELEASE.pom (5.4 kB at 53 kB/s)
Downloading from oracleReleases: http://download.oracle.com/maven/org/springframework/spring-test/3.1.2.RELEASE/spring-test-3.1.2.RELEASE.jar
Downloading from central: https://repo.maven.apache.org/maven2/org/springframework/spring-test/3.1.2.RELEASE/spring-test-3.1.2.RELEASE.jar
Progress (1): 4.1/229 kBProgress (1): 8.2/229 kBProgress (1): 12/229 kB Progress (1): 16/229 kBProgress (1): 20/229 kBProgress (1): 24/229 kBProgress (1): 28/229 kBProgress (1): 32/229 kBProgress (1): 36/229 kBProgress (1): 40/229 kBProgress (1): 45/229 kBProgress (1): 49/229 kBProgress (1): 53/229 kBProgress (1): 57/229 kBProgress (1): 61/229 kBProgress (1): 65/229 kBProgress (1): 69/229 kBProgress (1): 73/229 kBProgress (1): 77/229 kBProgress (1): 81/229 kBProgress (1): 85/229 kBProgress (1): 90/229 kBProgress (1): 94/229 kBProgress (1): 98/229 kBProgress (1): 102/229 kBProgress (1): 106/229 kBProgress (1): 110/229 kBProgress (1): 114/229 kBProgress (1): 118/229 kBProgress (1): 122/229 kBProgress (1): 126/229 kBProgress (1): 131/229 kBProgress (1): 135/229 kBProgress (1): 139/229 kBProgress (1): 143/229 kBProgress (1): 147/229 kBProgress (1): 151/229 kBProgress (1): 155/229 kBProgress (1): 159/229 kBProgress (1): 163/229 kBProgress (1): 167/229 kBProgress (1): 171/229 kBProgress (1): 176/229 kBProgress (1): 180/229 kBProgress (1): 184/229 kBProgress (1): 188/229 kBProgress (1): 192/229 kBProgress (1): 196/229 kBProgress (1): 200/229 kBProgress (1): 204/229 kBProgress (1): 208/229 kBProgress (1): 212/229 kBProgress (1): 217/229 kBProgress (1): 221/229 kBProgress (1): 225/229 kBProgress (1): 229/229 kBProgress (1): 229 kB                        Downloaded from central: https://repo.maven.apache.org/maven2/org/springframework/spring-test/3.1.2.RELEASE/spring-test-3.1.2.RELEASE.jar (229 kB at 1.3 MB/s)
[INFO] 
[INFO] --- maven-remote-resources-plugin:1.1:process (default) @ log4j-taglib ---
[INFO] 
[INFO] --- maven-resources-plugin:2.5:resources (default-resources) @ log4j-taglib ---
[debug] execute contextualize
[INFO] Using 'UTF-8' encoding to copy filtered resources.
[INFO] Copying 1 resource
[INFO] Copying 3 resources
[INFO] 
[INFO] --- maven-compiler-plugin:3.1:compile (default-compile) @ log4j-taglib ---
[INFO] Changes detected - recompiling the module!
[INFO] Compiling 20 source files to /data-depot/user/Workspace/Reproducibility/Reproducibility-Scanner/benchmarks/bugs-dot-jar/logging-log4j2/taglib/target/classes
[WARNING] bootstrap class path not set in conjunction with -source 1.6
[INFO] 
[INFO] --- maven-bundle-plugin:2.3.7:manifest (bundle-manifest) @ log4j-taglib ---
[INFO] 
[INFO] --- maven-resources-plugin:2.5:testResources (default-testResources) @ log4j-taglib ---
[debug] execute contextualize
[INFO] Using 'UTF-8' encoding to copy filtered resources.
[INFO] Copying 1 resource
[INFO] Copying 3 resources
[INFO] 
[INFO] --- maven-compiler-plugin:3.1:testCompile (default-testCompile) @ log4j-taglib ---
[INFO] Changes detected - recompiling the module!
[INFO] Compiling 17 source files to /data-depot/user/Workspace/Reproducibility/Reproducibility-Scanner/benchmarks/bugs-dot-jar/logging-log4j2/taglib/target/test-classes
[WARNING] bootstrap class path not set in conjunction with -source 1.6
[INFO] 
[INFO] --- maven-surefire-plugin:2.14.1:test (default-test) @ log4j-taglib ---
[INFO] Tests are skipped.
[INFO] 
[INFO] --- maven-jar-plugin:2.3.1:jar (default-jar) @ log4j-taglib ---
[INFO] Building jar: /data-depot/user/Workspace/Reproducibility/Reproducibility-Scanner/benchmarks/bugs-dot-jar/logging-log4j2/taglib/target/log4j-taglib-2.0-beta7-SNAPSHOT.jar
[INFO] 
[INFO] --- maven-install-plugin:2.3.1:install (default-install) @ log4j-taglib ---
[INFO] Installing /data-depot/user/Workspace/Reproducibility/Reproducibility-Scanner/benchmarks/bugs-dot-jar/logging-log4j2/taglib/target/log4j-taglib-2.0-beta7-SNAPSHOT.jar to /home/user/.m2/repository/org/apache/logging/log4j/log4j-taglib/2.0-beta7-SNAPSHOT/log4j-taglib-2.0-beta7-SNAPSHOT.jar
[INFO] Installing /data-depot/user/Workspace/Reproducibility/Reproducibility-Scanner/benchmarks/bugs-dot-jar/logging-log4j2/taglib/pom.xml to /home/user/.m2/repository/org/apache/logging/log4j/log4j-taglib/2.0-beta7-SNAPSHOT/log4j-taglib-2.0-beta7-SNAPSHOT.pom
[INFO] 
[INFO] ---------------< org.apache.logging.log4j:log4j-jmx-gui >---------------
[INFO] Building Apache Log4j JMX GUI 2.0-beta7-SNAPSHOT                 [18/22]
[INFO] --------------------------------[ jar ]---------------------------------
[INFO] 
[INFO] --- maven-remote-resources-plugin:1.1:process (default) @ log4j-jmx-gui ---
[INFO] 
[INFO] --- maven-resources-plugin:2.5:resources (default-resources) @ log4j-jmx-gui ---
[debug] execute contextualize
[INFO] Using 'UTF-8' encoding to copy filtered resources.
[INFO] Copying 1 resource
[INFO] Copying 3 resources
[INFO] 
[INFO] --- maven-compiler-plugin:3.1:compile (default-compile) @ log4j-jmx-gui ---
[INFO] Changes detected - recompiling the module!
[INFO] Compiling 5 source files to /data-depot/user/Workspace/Reproducibility/Reproducibility-Scanner/benchmarks/bugs-dot-jar/logging-log4j2/jmx-gui/target/classes
[WARNING] bootstrap class path not set in conjunction with -source 1.6
[INFO] 
[INFO] --- maven-bundle-plugin:2.3.7:manifest (bundle-manifest) @ log4j-jmx-gui ---
[INFO] 
[INFO] --- maven-resources-plugin:2.5:testResources (default-testResources) @ log4j-jmx-gui ---
[debug] execute contextualize
[INFO] Using 'UTF-8' encoding to copy filtered resources.
[INFO] skip non existing resourceDirectory /data-depot/user/Workspace/Reproducibility/Reproducibility-Scanner/benchmarks/bugs-dot-jar/logging-log4j2/jmx-gui/src/test/resources
[INFO] Copying 3 resources
[INFO] 
[INFO] --- maven-compiler-plugin:3.1:testCompile (default-testCompile) @ log4j-jmx-gui ---
[INFO] No sources to compile
[INFO] 
[INFO] --- maven-surefire-plugin:2.14.1:test (default-test) @ log4j-jmx-gui ---
[INFO] Tests are skipped.
[INFO] 
[INFO] --- maven-jar-plugin:2.3.1:jar (default-jar) @ log4j-jmx-gui ---
[INFO] Building jar: /data-depot/user/Workspace/Reproducibility/Reproducibility-Scanner/benchmarks/bugs-dot-jar/logging-log4j2/jmx-gui/target/log4j-jmx-gui-2.0-beta7-SNAPSHOT.jar
[INFO] 
[INFO] --- maven-install-plugin:2.3.1:install (default-install) @ log4j-jmx-gui ---
[INFO] Installing /data-depot/user/Workspace/Reproducibility/Reproducibility-Scanner/benchmarks/bugs-dot-jar/logging-log4j2/jmx-gui/target/log4j-jmx-gui-2.0-beta7-SNAPSHOT.jar to /home/user/.m2/repository/org/apache/logging/log4j/log4j-jmx-gui/2.0-beta7-SNAPSHOT/log4j-jmx-gui-2.0-beta7-SNAPSHOT.jar
[INFO] Installing /data-depot/user/Workspace/Reproducibility/Reproducibility-Scanner/benchmarks/bugs-dot-jar/logging-log4j2/jmx-gui/pom.xml to /home/user/.m2/repository/org/apache/logging/log4j/log4j-jmx-gui/2.0-beta7-SNAPSHOT/log4j-jmx-gui-2.0-beta7-SNAPSHOT.pom
[INFO] 
[INFO] -----------< org.apache.logging.log4j.samples:log4j-samples >-----------
[INFO] Building Apache Log4j Samples 2.0-beta7-SNAPSHOT                 [19/22]
[INFO] --------------------------------[ pom ]---------------------------------
[INFO] 
[INFO] --- maven-remote-resources-plugin:1.1:process (default) @ log4j-samples ---
[INFO] 
[INFO] --- maven-bundle-plugin:2.3.7:manifest (bundle-manifest) @ log4j-samples ---
[WARNING] Ignoring project type pom - supportedProjectTypes = [jar, bundle]
[INFO] 
[INFO] --- maven-install-plugin:2.3.1:install (default-install) @ log4j-samples ---
[INFO] Installing /data-depot/user/Workspace/Reproducibility/Reproducibility-Scanner/benchmarks/bugs-dot-jar/logging-log4j2/samples/pom.xml to /home/user/.m2/repository/org/apache/logging/log4j/samples/log4j-samples/2.0-beta7-SNAPSHOT/log4j-samples-2.0-beta7-SNAPSHOT.pom
[INFO] 
[INFO] ----< org.apache.logging.log4j.samples:log4j-samples-flume-common >-----
[INFO] Building Apache Log4j Samples: Flume - Common 2.0-beta7-SNAPSHOT [20/22]
[INFO] --------------------------------[ jar ]---------------------------------
Downloading from oracleReleases: http://download.oracle.com/maven/org/springframework/ws/spring-ws-core/2.1.3.RELEASE/spring-ws-core-2.1.3.RELEASE.pom
Downloading from central: https://repo.maven.apache.org/maven2/org/springframework/ws/spring-ws-core/2.1.3.RELEASE/spring-ws-core-2.1.3.RELEASE.pom
Progress (1): 4.1/6.3 kBProgress (1): 6.3 kB                        Downloaded from central: https://repo.maven.apache.org/maven2/org/springframework/ws/spring-ws-core/2.1.3.RELEASE/spring-ws-core-2.1.3.RELEASE.pom (6.3 kB at 72 kB/s)
Downloading from oracleReleases: http://download.oracle.com/maven/org/springframework/ws/spring-ws-parent/2.1.3.RELEASE/spring-ws-parent-2.1.3.RELEASE.pom
Downloading from central: https://repo.maven.apache.org/maven2/org/springframework/ws/spring-ws-parent/2.1.3.RELEASE/spring-ws-parent-2.1.3.RELEASE.pom
Progress (1): 4.1/31 kBProgress (1): 8.2/31 kBProgress (1): 12/31 kB Progress (1): 16/31 kBProgress (1): 20/31 kBProgress (1): 24/31 kBProgress (1): 28/31 kBProgress (1): 31 kB                      Downloaded from central: https://repo.maven.apache.org/maven2/org/springframework/ws/spring-ws-parent/2.1.3.RELEASE/spring-ws-parent-2.1.3.RELEASE.pom (31 kB at 211 kB/s)
Downloading from oracleReleases: http://download.oracle.com/maven/org/springframework/ws/spring-xml/2.1.3.RELEASE/spring-xml-2.1.3.RELEASE.pom
Downloading from central: https://repo.maven.apache.org/maven2/org/springframework/ws/spring-xml/2.1.3.RELEASE/spring-xml-2.1.3.RELEASE.pom
Progress (1): 2.4 kB                    Downloaded from central: https://repo.maven.apache.org/maven2/org/springframework/ws/spring-xml/2.1.3.RELEASE/spring-xml-2.1.3.RELEASE.pom (2.4 kB at 31 kB/s)
Downloading from oracleReleases: http://download.oracle.com/maven/org/springframework/spring-context/3.2.2.RELEASE/spring-context-3.2.2.RELEASE.pom
Downloading from central: https://repo.maven.apache.org/maven2/org/springframework/spring-context/3.2.2.RELEASE/spring-context-3.2.2.RELEASE.pom
Progress (1): 4.1/5.3 kBProgress (1): 5.3 kB                        Downloaded from central: https://repo.maven.apache.org/maven2/org/springframework/spring-context/3.2.2.RELEASE/spring-context-3.2.2.RELEASE.pom (5.3 kB at 44 kB/s)
Downloading from oracleReleases: http://download.oracle.com/maven/org/springframework/spring-aop/3.2.2.RELEASE/spring-aop-3.2.2.RELEASE.pom
Downloading from central: https://repo.maven.apache.org/maven2/org/springframework/spring-aop/3.2.2.RELEASE/spring-aop-3.2.2.RELEASE.pom
Progress (1): 2.5 kB                    Downloaded from central: https://repo.maven.apache.org/maven2/org/springframework/spring-aop/3.2.2.RELEASE/spring-aop-3.2.2.RELEASE.pom (2.5 kB at 18 kB/s)
Downloading from oracleReleases: http://download.oracle.com/maven/org/springframework/spring-expression/3.2.2.RELEASE/spring-expression-3.2.2.RELEASE.pom
Downloading from central: https://repo.maven.apache.org/maven2/org/springframework/spring-expression/3.2.2.RELEASE/spring-expression-3.2.2.RELEASE.pom
Progress (1): 1.6 kB                    Downloaded from central: https://repo.maven.apache.org/maven2/org/springframework/spring-expression/3.2.2.RELEASE/spring-expression-3.2.2.RELEASE.pom (1.6 kB at 10 kB/s)
Downloading from oracleReleases: http://download.oracle.com/maven/org/springframework/spring-oxm/3.2.2.RELEASE/spring-oxm-3.2.2.RELEASE.pom
Downloading from central: https://repo.maven.apache.org/maven2/org/springframework/spring-oxm/3.2.2.RELEASE/spring-oxm-3.2.2.RELEASE.pom
Progress (1): 3.2 kB                    Downloaded from central: https://repo.maven.apache.org/maven2/org/springframework/spring-oxm/3.2.2.RELEASE/spring-oxm-3.2.2.RELEASE.pom (3.2 kB at 42 kB/s)
Downloading from oracleReleases: http://download.oracle.com/maven/org/springframework/spring-web/3.2.2.RELEASE/spring-web-3.2.2.RELEASE.pom
Downloading from central: https://repo.maven.apache.org/maven2/org/springframework/spring-web/3.2.2.RELEASE/spring-web-3.2.2.RELEASE.pom
Progress (1): 4.1/6.9 kBProgress (1): 6.9 kB                        Downloaded from central: https://repo.maven.apache.org/maven2/org/springframework/spring-web/3.2.2.RELEASE/spring-web-3.2.2.RELEASE.pom (6.9 kB at 49 kB/s)
Downloading from oracleReleases: http://download.oracle.com/maven/org/springframework/ws/spring-ws-core/2.1.3.RELEASE/spring-ws-core-2.1.3.RELEASE.jar
Downloading from oracleReleases: http://download.oracle.com/maven/org/springframework/spring-aop/3.2.2.RELEASE/spring-aop-3.2.2.RELEASE.jar
Downloading from oracleReleases: http://download.oracle.com/maven/org/springframework/spring-oxm/3.2.2.RELEASE/spring-oxm-3.2.2.RELEASE.jar
Downloading from oracleReleases: http://download.oracle.com/maven/org/springframework/ws/spring-xml/2.1.3.RELEASE/spring-xml-2.1.3.RELEASE.jar
Downloading from central: https://repo.maven.apache.org/maven2/org/springframework/ws/spring-ws-core/2.1.3.RELEASE/spring-ws-core-2.1.3.RELEASE.jar
Downloading from central: https://repo.maven.apache.org/maven2/org/springframework/spring-aop/3.2.2.RELEASE/spring-aop-3.2.2.RELEASE.jar
Downloading from central: https://repo.maven.apache.org/maven2/org/springframework/spring-oxm/3.2.2.RELEASE/spring-oxm-3.2.2.RELEASE.jar
Downloading from central: https://repo.maven.apache.org/maven2/org/springframework/ws/spring-xml/2.1.3.RELEASE/spring-xml-2.1.3.RELEASE.jar
Progress (1): 4.1/502 kBProgress (1): 8.2/502 kBProgress (1): 12/502 kB Progress (1): 16/502 kBProgress (2): 16/502 kB | 1.4/73 kBProgress (2): 16/502 kB | 2.7/73 kBProgress (2): 16/502 kB | 4.1/73 kBProgress (2): 16/502 kB | 5.5/73 kBProgress (2): 16/502 kB | 6.9/73 kBProgress (2): 20/502 kB | 6.9/73 kBProgress (3): 20/502 kB | 6.9/73 kB | 1.4/63 kBProgress (3): 20/502 kB | 8.2/73 kB | 1.4/63 kBProgress (3): 24/502 kB | 8.2/73 kB | 1.4/63 kBProgress (3): 24/502 kB | 9.6/73 kB | 1.4/63 kBProgress (3): 24/502 kB | 9.6/73 kB | 2.7/63 kBProgress (3): 24/502 kB | 11/73 kB | 2.7/63 kB Progress (3): 28/502 kB | 11/73 kB | 2.7/63 kBProgress (3): 28/502 kB | 12/73 kB | 2.7/63 kBProgress (3): 28/502 kB | 12/73 kB | 4.1/63 kBProgress (3): 28/502 kB | 14/73 kB | 4.1/63 kBProgress (3): 32/502 kB | 14/73 kB | 4.1/63 kBProgress (3): 32/502 kB | 15/73 kB | 4.1/63 kBProgress (3): 32/502 kB | 15/73 kB | 5.5/63 kBProgress (3): 32/502 kB | 16/73 kB | 5.5/63 kBProgress (3): 32/502 kB | 16/73 kB | 6.9/63 kBProgress (3): 32/502 kB | 17/73 kB | 6.9/63 kBProgress (3): 32/502 kB | 17/73 kB | 8.2/63 kBProgress (3): 36/502 kB | 17/73 kB | 8.2/63 kBProgress (3): 36/502 kB | 19/73 kB | 8.2/63 kBProgress (3): 40/502 kB | 19/73 kB | 8.2/63 kBProgress (3): 40/502 kB | 19/73 kB | 9.6/63 kBProgress (3): 45/502 kB | 19/73 kB | 9.6/63 kBProgress (3): 45/502 kB | 20/73 kB | 9.6/63 kBProgress (3): 49/502 kB | 20/73 kB | 9.6/63 kBProgress (3): 49/502 kB | 20/73 kB | 11/63 kB Progress (3): 49/502 kB | 21/73 kB | 11/63 kBProgress (3): 49/502 kB | 21/73 kB | 12/63 kBProgress (3): 49/502 kB | 23/73 kB | 12/63 kBProgress (4): 49/502 kB | 23/73 kB | 12/63 kB | 1.4/335 kBProgress (4): 53/502 kB | 23/73 kB | 12/63 kB | 1.4/335 kBProgress (4): 53/502 kB | 23/73 kB | 14/63 kB | 1.4/335 kBProgress (4): 53/502 kB | 24/73 kB | 14/63 kB | 1.4/335 kBProgress (4): 53/502 kB | 24/73 kB | 15/63 kB | 1.4/335 kBProgress (4): 57/502 kB | 24/73 kB | 15/63 kB | 1.4/335 kBProgress (4): 57/502 kB | 24/73 kB | 15/63 kB | 2.7/335 kBProgress (4): 61/502 kB | 24/73 kB | 15/63 kB | 2.7/335 kBProgress (4): 61/502 kB | 24/73 kB | 16/63 kB | 2.7/335 kBProgress (4): 61/502 kB | 25/73 kB | 16/63 kB | 2.7/335 kBProgress (4): 61/502 kB | 25/73 kB | 17/63 kB | 2.7/335 kBProgress (4): 65/502 kB | 25/73 kB | 17/63 kB | 2.7/335 kBProgress (4): 65/502 kB | 25/73 kB | 17/63 kB | 4.1/335 kBProgress (4): 65/502 kB | 25/73 kB | 19/63 kB | 4.1/335 kBProgress (4): 65/502 kB | 27/73 kB | 19/63 kB | 4.1/335 kBProgress (4): 65/502 kB | 27/73 kB | 20/63 kB | 4.1/335 kBProgress (4): 65/502 kB | 27/73 kB | 20/63 kB | 5.5/335 kBProgress (4): 65/502 kB | 27/73 kB | 21/63 kB | 5.5/335 kBProgress (4): 69/502 kB | 27/73 kB | 21/63 kB | 5.5/335 kBProgress (4): 69/502 kB | 28/73 kB | 21/63 kB | 5.5/335 kBProgress (4): 73/502 kB | 28/73 kB | 21/63 kB | 5.5/335 kBProgress (4): 73/502 kB | 28/73 kB | 23/63 kB | 5.5/335 kBProgress (4): 73/502 kB | 28/73 kB | 23/63 kB | 6.9/335 kBProgress (4): 73/502 kB | 28/73 kB | 24/63 kB | 6.9/335 kBProgress (4): 73/502 kB | 28/73 kB | 24/63 kB | 8.2/335 kBProgress (4): 77/502 kB | 28/73 kB | 24/63 kB | 8.2/335 kBProgress (4): 77/502 kB | 30/73 kB | 24/63 kB | 8.2/335 kBProgress (4): 81/502 kB | 30/73 kB | 24/63 kB | 8.2/335 kBProgress (4): 81/502 kB | 30/73 kB | 24/63 kB | 9.6/335 kBProgress (4): 81/502 kB | 30/73 kB | 25/63 kB | 9.6/335 kBProgress (4): 81/502 kB | 31/73 kB | 25/63 kB | 9.6/335 kBProgress (4): 81/502 kB | 31/73 kB | 27/63 kB | 9.6/335 kBProgress (4): 81/502 kB | 31/73 kB | 27/63 kB | 11/335 kB Progress (4): 81/502 kB | 31/73 kB | 28/63 kB | 11/335 kBProgress (4): 85/502 kB | 31/73 kB | 28/63 kB | 11/335 kBProgress (4): 85/502 kB | 32/73 kB | 28/63 kB | 11/335 kBProgress (4): 90/502 kB | 32/73 kB | 28/63 kB | 11/335 kBProgress (4): 90/502 kB | 32/73 kB | 30/63 kB | 11/335 kBProgress (4): 90/502 kB | 32/73 kB | 30/63 kB | 12/335 kBProgress (4): 94/502 kB | 32/73 kB | 30/63 kB | 12/335 kBProgress (4): 94/502 kB | 34/73 kB | 30/63 kB | 12/335 kBProgress (4): 98/502 kB | 34/73 kB | 30/63 kB | 12/335 kBProgress (4): 98/502 kB | 34/73 kB | 30/63 kB | 14/335 kBProgress (4): 98/502 kB | 34/73 kB | 31/63 kB | 14/335 kBProgress (4): 98/502 kB | 34/73 kB | 31/63 kB | 15/335 kBProgress (4): 98/502 kB | 35/73 kB | 31/63 kB | 15/335 kBProgress (4): 102/502 kB | 35/73 kB | 31/63 kB | 15/335 kBProgress (4): 102/502 kB | 35/73 kB | 31/63 kB | 16/335 kBProgress (4): 102/502 kB | 35/73 kB | 32/63 kB | 16/335 kBProgress (4): 102/502 kB | 35/73 kB | 32/63 kB | 17/335 kBProgress (4): 106/502 kB | 35/73 kB | 32/63 kB | 17/335 kBProgress (4): 106/502 kB | 36/73 kB | 32/63 kB | 17/335 kBProgress (4): 110/502 kB | 36/73 kB | 32/63 kB | 17/335 kBProgress (4): 110/502 kB | 36/73 kB | 32/63 kB | 19/335 kBProgress (4): 110/502 kB | 36/73 kB | 34/63 kB | 19/335 kBProgress (4): 110/502 kB | 36/73 kB | 34/63 kB | 20/335 kBProgress (4): 114/502 kB | 36/73 kB | 34/63 kB | 20/335 kBProgress (4): 114/502 kB | 38/73 kB | 34/63 kB | 20/335 kBProgress (4): 114/502 kB | 38/73 kB | 34/63 kB | 21/335 kBProgress (4): 114/502 kB | 38/73 kB | 35/63 kB | 21/335 kBProgress (4): 114/502 kB | 38/73 kB | 35/63 kB | 23/335 kBProgress (4): 114/502 kB | 39/73 kB | 35/63 kB | 23/335 kBProgress (4): 114/502 kB | 39/73 kB | 35/63 kB | 24/335 kBProgress (4): 114/502 kB | 39/73 kB | 36/63 kB | 24/335 kBProgress (4): 118/502 kB | 39/73 kB | 36/63 kB | 24/335 kBProgress (4): 118/502 kB | 39/73 kB | 36/63 kB | 25/335 kBProgress (4): 118/502 kB | 40/73 kB | 36/63 kB | 25/335 kBProgress (4): 118/502 kB | 40/73 kB | 36/63 kB | 27/335 kBProgress (4): 118/502 kB | 40/73 kB | 38/63 kB | 27/335 kBProgress (4): 122/502 kB | 40/73 kB | 38/63 kB | 27/335 kBProgress (4): 122/502 kB | 40/73 kB | 39/63 kB | 27/335 kBProgress (4): 122/502 kB | 40/73 kB | 39/63 kB | 28/335 kBProgress (4): 122/502 kB | 42/73 kB | 39/63 kB | 28/335 kBProgress (4): 122/502 kB | 42/73 kB | 39/63 kB | 30/335 kBProgress (4): 122/502 kB | 42/73 kB | 40/63 kB | 30/335 kBProgress (4): 126/502 kB | 42/73 kB | 40/63 kB | 30/335 kBProgress (4): 126/502 kB | 42/73 kB | 42/63 kB | 30/335 kBProgress (4): 126/502 kB | 42/73 kB | 42/63 kB | 31/335 kBProgress (4): 126/502 kB | 43/73 kB | 42/63 kB | 31/335 kBProgress (4): 126/502 kB | 43/73 kB | 42/63 kB | 32/335 kBProgress (4): 126/502 kB | 43/73 kB | 43/63 kB | 32/335 kBProgress (4): 131/502 kB | 43/73 kB | 43/63 kB | 32/335 kBProgress (4): 131/502 kB | 43/73 kB | 45/63 kB | 32/335 kBProgress (4): 131/502 kB | 43/73 kB | 45/63 kB | 34/335 kBProgress (4): 131/502 kB | 45/73 kB | 45/63 kB | 34/335 kBProgress (4): 131/502 kB | 45/73 kB | 45/63 kB | 35/335 kBProgress (4): 131/502 kB | 46/73 kB | 45/63 kB | 35/335 kBProgress (4): 131/502 kB | 46/73 kB | 46/63 kB | 35/335 kBProgress (4): 131/502 kB | 47/73 kB | 46/63 kB | 35/335 kBProgress (4): 135/502 kB | 47/73 kB | 46/63 kB | 35/335 kBProgress (4): 135/502 kB | 47/73 kB | 46/63 kB | 36/335 kBProgress (4): 139/502 kB | 47/73 kB | 46/63 kB | 36/335 kBProgress (4): 139/502 kB | 49/73 kB | 46/63 kB | 36/335 kBProgress (4): 139/502 kB | 49/73 kB | 47/63 kB | 36/335 kBProgress (4): 143/502 kB | 49/73 kB | 47/63 kB | 36/335 kBProgress (4): 143/502 kB | 49/73 kB | 47/63 kB | 38/335 kBProgress (4): 147/502 kB | 49/73 kB | 47/63 kB | 38/335 kBProgress (4): 147/502 kB | 49/73 kB | 49/63 kB | 38/335 kBProgress (4): 147/502 kB | 53/73 kB | 49/63 kB | 38/335 kBProgress (4): 147/502 kB | 53/73 kB | 49/63 kB | 39/335 kBProgress (4): 147/502 kB | 57/73 kB | 49/63 kB | 39/335 kBProgress (4): 147/502 kB | 57/73 kB | 50/63 kB | 39/335 kBProgress (4): 151/502 kB | 57/73 kB | 50/63 kB | 39/335 kBProgress (4): 151/502 kB | 61/73 kB | 50/63 kB | 39/335 kBProgress (4): 151/502 kB | 61/73 kB | 50/63 kB | 40/335 kBProgress (4): 151/502 kB | 65/73 kB | 50/63 kB | 40/335 kBProgress (4): 155/502 kB | 65/73 kB | 50/63 kB | 40/335 kBProgress (4): 155/502 kB | 65/73 kB | 51/63 kB | 40/335 kBProgress (4): 159/502 kB | 65/73 kB | 51/63 kB | 40/335 kBProgress (4): 159/502 kB | 65/73 kB | 51/63 kB | 42/335 kBProgress (4): 163/502 kB | 65/73 kB | 51/63 kB | 42/335 kBProgress (4): 163/502 kB | 65/73 kB | 53/63 kB | 42/335 kBProgress (4): 163/502 kB | 69/73 kB | 53/63 kB | 42/335 kBProgress (4): 163/502 kB | 69/73 kB | 54/63 kB | 42/335 kBProgress (4): 163/502 kB | 69/73 kB | 54/63 kB | 43/335 kBProgress (4): 163/502 kB | 69/73 kB | 55/63 kB | 43/335 kBProgress (4): 167/502 kB | 69/73 kB | 55/63 kB | 43/335 kBProgress (4): 167/502 kB | 73/73 kB | 55/63 kB | 43/335 kBProgress (4): 171/502 kB | 73/73 kB | 55/63 kB | 43/335 kBProgress (4): 171/502 kB | 73/73 kB | 57/63 kB | 43/335 kBProgress (4): 171/502 kB | 73/73 kB | 57/63 kB | 45/335 kBProgress (4): 176/502 kB | 73/73 kB | 57/63 kB | 45/335 kBProgress (4): 176/502 kB | 73 kB | 57/63 kB | 45/335 kB   Progress (4): 180/502 kB | 73 kB | 57/63 kB | 45/335 kBProgress (4): 180/502 kB | 73 kB | 58/63 kB | 45/335 kBProgress (4): 180/502 kB | 73 kB | 58/63 kB | 46/335 kBProgress (4): 180/502 kB | 73 kB | 60/63 kB | 46/335 kBProgress (4): 180/502 kB | 73 kB | 60/63 kB | 47/335 kBProgress (4): 184/502 kB | 73 kB | 60/63 kB | 47/335 kBProgress (4): 184/502 kB | 73 kB | 60/63 kB | 49/335 kBProgress (4): 184/502 kB | 73 kB | 61/63 kB | 49/335 kBProgress (4): 188/502 kB | 73 kB | 61/63 kB | 49/335 kBProgress (4): 188/502 kB | 73 kB | 62/63 kB | 49/335 kBProgress (4): 192/502 kB | 73 kB | 62/63 kB | 49/335 kBProgress (4): 192/502 kB | 73 kB | 62/63 kB | 53/335 kBProgress (4): 196/502 kB | 73 kB | 62/63 kB | 53/335 kBProgress (4): 196/502 kB | 73 kB | 63 kB | 53/335 kB   Progress (4): 196/502 kB | 73 kB | 63 kB | 57/335 kBProgress (4): 196/502 kB | 73 kB | 63 kB | 61/335 kBProgress (4): 196/502 kB | 73 kB | 63 kB | 65/335 kBProgress (4): 200/502 kB | 73 kB | 63 kB | 65/335 kBProgress (4): 204/502 kB | 73 kB | 63 kB | 65/335 kBProgress (4): 208/502 kB | 73 kB | 63 kB | 65/335 kBProgress (4): 208/502 kB | 73 kB | 63 kB | 69/335 kBProgress (4): 212/502 kB | 73 kB | 63 kB | 69/335 kBProgress (4): 212/502 kB | 73 kB | 63 kB | 73/335 kBProgress (4): 212/502 kB | 73 kB | 63 kB | 77/335 kBProgress (4): 212/502 kB | 73 kB | 63 kB | 81/335 kBProgress (4): 217/502 kB | 73 kB | 63 kB | 81/335 kBProgress (4): 217/502 kB | 73 kB | 63 kB | 85/335 kBProgress (4): 221/502 kB | 73 kB | 63 kB | 85/335 kBProgress (4): 221/502 kB | 73 kB | 63 kB | 90/335 kBProgress (4): 225/502 kB | 73 kB | 63 kB | 90/335 kBProgress (4): 225/502 kB | 73 kB | 63 kB | 94/335 kBProgress (4): 229/502 kB | 73 kB | 63 kB | 94/335 kBProgress (4): 229/502 kB | 73 kB | 63 kB | 98/335 kBProgress (4): 229/502 kB | 73 kB | 63 kB | 102/335 kBProgress (4): 229/502 kB | 73 kB | 63 kB | 106/335 kBProgress (4): 233/502 kB | 73 kB | 63 kB | 106/335 kBProgress (4): 233/502 kB | 73 kB | 63 kB | 110/335 kBProgress (4): 237/502 kB | 73 kB | 63 kB | 110/335 kBProgress (4): 237/502 kB | 73 kB | 63 kB | 114/335 kBProgress (4): 241/502 kB | 73 kB | 63 kB | 114/335 kBProgress (4): 245/502 kB | 73 kB | 63 kB | 114/335 kBProgress (4): 245/502 kB | 73 kB | 63 kB | 118/335 kBProgress (4): 245/502 kB | 73 kB | 63 kB | 122/335 kBProgress (4): 245/502 kB | 73 kB | 63 kB | 126/335 kBProgress (4): 245/502 kB | 73 kB | 63 kB | 131/335 kB                                                     Downloaded from central: https://repo.maven.apache.org/maven2/org/springframework/ws/spring-xml/2.1.3.RELEASE/spring-xml-2.1.3.RELEASE.jar (63 kB at 451 kB/s)
Progress (3): 245/502 kB | 73 kB | 135/335 kBProgress (3): 249/502 kB | 73 kB | 135/335 kBProgress (3): 249/502 kB | 73 kB | 139/335 kBProgress (3): 253/502 kB | 73 kB | 139/335 kBProgress (3): 253/502 kB | 73 kB | 143/335 kBProgress (3): 258/502 kB | 73 kB | 143/335 kBProgress (3): 258/502 kB | 73 kB | 147/335 kBProgress (3): 262/502 kB | 73 kB | 147/335 kBProgress (3): 262/502 kB | 73 kB | 151/335 kBProgress (3): 262/502 kB | 73 kB | 155/335 kBProgress (3): 262/502 kB | 73 kB | 159/335 kBProgress (3): 262/502 kB | 73 kB | 163/335 kBProgress (3): 266/502 kB | 73 kB | 163/335 kBProgress (3): 270/502 kB | 73 kB | 163/335 kBProgress (3): 274/502 kB | 73 kB | 163/335 kBProgress (3): 274/502 kB | 73 kB | 167/335 kBProgress (3): 278/502 kB | 73 kB | 167/335 kBProgress (3): 278/502 kB | 73 kB | 171/335 kBProgress (3): 278/502 kB | 73 kB | 176/335 kBProgress (3): 278/502 kB | 73 kB | 180/335 kBProgress (3): 282/502 kB | 73 kB | 180/335 kBProgress (3): 282/502 kB | 73 kB | 184/335 kBProgress (3): 286/502 kB | 73 kB | 184/335 kBProgress (3): 286/502 kB | 73 kB | 188/335 kBProgress (3): 290/502 kB | 73 kB | 188/335 kBProgress (3): 290/502 kB | 73 kB | 192/335 kBProgress (3): 294/502 kB | 73 kB | 192/335 kBProgress (3): 294/502 kB | 73 kB | 196/335 kBProgress (3): 294/502 kB | 73 kB | 200/335 kBProgress (3): 294/502 kB | 73 kB | 204/335 kBProgress (3): 298/502 kB | 73 kB | 204/335 kBProgress (3): 298/502 kB | 73 kB | 208/335 kBProgress (3): 303/502 kB | 73 kB | 208/335 kBProgress (3): 303/502 kB | 73 kB | 212/335 kBProgress (3): 307/502 kB | 73 kB | 212/335 kBProgress (3): 311/502 kB | 73 kB | 212/335 kBProgress (3): 311/502 kB | 73 kB | 217/335 kBProgress (3): 311/502 kB | 73 kB | 221/335 kBProgress (3): 311/502 kB | 73 kB | 225/335 kBProgress (3): 311/502 kB | 73 kB | 229/335 kBProgress (3): 315/502 kB | 73 kB | 229/335 kBProgress (3): 319/502 kB | 73 kB | 229/335 kBProgress (3): 319/502 kB | 73 kB | 233/335 kBProgress (3): 323/502 kB | 73 kB | 233/335 kBProgress (3): 323/502 kB | 73 kB | 237/335 kBProgress (3): 327/502 kB | 73 kB | 237/335 kBProgress (3): 327/502 kB | 73 kB | 241/335 kBProgress (3): 327/502 kB | 73 kB | 245/335 kBProgress (3): 327/502 kB | 73 kB | 249/335 kBProgress (3): 327/502 kB | 73 kB | 253/335 kBProgress (3): 331/502 kB | 73 kB | 253/335 kBProgress (3): 331/502 kB | 73 kB | 257/335 kBProgress (3): 335/502 kB | 73 kB | 257/335 kBProgress (3): 335/502 kB | 73 kB | 262/335 kBProgress (3): 339/502 kB | 73 kB | 262/335 kBProgress (3): 344/502 kB | 73 kB | 262/335 kBProgress (3): 344/502 kB | 73 kB | 266/335 kBProgress (3): 344/502 kB | 73 kB | 270/335 kBProgress (3): 344/502 kB | 73 kB | 274/335 kBProgress (3): 344/502 kB | 73 kB | 278/335 kBProgress (3): 348/502 kB | 73 kB | 278/335 kBProgress (3): 352/502 kB | 73 kB | 278/335 kBProgress (3): 352/502 kB | 73 kB | 282/335 kBProgress (3): 356/502 kB | 73 kB | 282/335 kBProgress (3): 356/502 kB | 73 kB | 286/335 kBProgress (3): 360/502 kB | 73 kB | 286/335 kBProgress (3): 360/502 kB | 73 kB | 290/335 kBProgress (3): 360/502 kB | 73 kB | 294/335 kBProgress (3): 360/502 kB | 73 kB | 298/335 kBProgress (3): 364/502 kB | 73 kB | 298/335 kBProgress (3): 364/502 kB | 73 kB | 303/335 kBProgress (3): 368/502 kB | 73 kB | 303/335 kBProgress (3): 368/502 kB | 73 kB | 307/335 kBProgress (3): 372/502 kB | 73 kB | 307/335 kBProgress (3): 372/502 kB | 73 kB | 311/335 kBProgress (3): 376/502 kB | 73 kB | 311/335 kBProgress (3): 376/502 kB | 73 kB | 315/335 kBProgress (3): 376/502 kB | 73 kB | 319/335 kBProgress (3): 376/502 kB | 73 kB | 323/335 kBProgress (3): 376/502 kB | 73 kB | 327/335 kBProgress (3): 380/502 kB | 73 kB | 327/335 kBProgress (3): 384/502 kB | 73 kB | 327/335 kBProgress (3): 384/502 kB | 73 kB | 331/335 kBProgress (3): 389/502 kB | 73 kB | 331/335 kBProgress (3): 389/502 kB | 73 kB | 335/335 kBProgress (3): 393/502 kB | 73 kB | 335/335 kBProgress (3): 393/502 kB | 73 kB | 335 kB    Progress (3): 397/502 kB | 73 kB | 335 kBProgress (3): 401/502 kB | 73 kB | 335 kBProgress (3): 405/502 kB | 73 kB | 335 kBProgress (3): 409/502 kB | 73 kB | 335 kBProgress (3): 413/502 kB | 73 kB | 335 kBProgress (3): 417/502 kB | 73 kB | 335 kBProgress (3): 421/502 kB | 73 kB | 335 kBProgress (3): 425/502 kB | 73 kB | 335 kBProgress (3): 430/502 kB | 73 kB | 335 kBProgress (3): 434/502 kB | 73 kB | 335 kBProgress (3): 438/502 kB | 73 kB | 335 kBProgress (3): 442/502 kB | 73 kB | 335 kBProgress (3): 446/502 kB | 73 kB | 335 kBProgress (3): 450/502 kB | 73 kB | 335 kBProgress (3): 454/502 kB | 73 kB | 335 kBProgress (3): 458/502 kB | 73 kB | 335 kBProgress (3): 462/502 kB | 73 kB | 335 kBProgress (3): 466/502 kB | 73 kB | 335 kBProgress (3): 470/502 kB | 73 kB | 335 kBProgress (3): 475/502 kB | 73 kB | 335 kBProgress (3): 479/502 kB | 73 kB | 335 kBProgress (3): 483/502 kB | 73 kB | 335 kBProgress (3): 487/502 kB | 73 kB | 335 kBProgress (3): 491/502 kB | 73 kB | 335 kBProgress (3): 495/502 kB | 73 kB | 335 kBProgress (3): 499/502 kB | 73 kB | 335 kBProgress (3): 502 kB | 73 kB | 335 kB                                         Downloaded from central: https://repo.maven.apache.org/maven2/org/springframework/spring-oxm/3.2.2.RELEASE/spring-oxm-3.2.2.RELEASE.jar (73 kB at 374 kB/s)
Downloaded from central: https://repo.maven.apache.org/maven2/org/springframework/spring-aop/3.2.2.RELEASE/spring-aop-3.2.2.RELEASE.jar (335 kB at 1.5 MB/s)
Downloaded from central: https://repo.maven.apache.org/maven2/org/springframework/ws/spring-ws-core/2.1.3.RELEASE/spring-ws-core-2.1.3.RELEASE.jar (502 kB at 2.0 MB/s)
[INFO] 
[INFO] --- maven-remote-resources-plugin:1.1:process (default) @ log4j-samples-flume-common ---
[INFO] 
[INFO] --- maven-resources-plugin:2.5:resources (default-resources) @ log4j-samples-flume-common ---
[debug] execute contextualize
[INFO] Using 'UTF-8' encoding to copy filtered resources.
[INFO] skip non existing resourceDirectory /data-depot/user/Workspace/Reproducibility/Reproducibility-Scanner/benchmarks/bugs-dot-jar/logging-log4j2/samples/flume-common/src/main/resources
[INFO] Copying 3 resources
[INFO] 
[INFO] --- maven-compiler-plugin:3.1:compile (default-compile) @ log4j-samples-flume-common ---
[INFO] Changes detected - recompiling the module!
[INFO] Compiling 13 source files to /data-depot/user/Workspace/Reproducibility/Reproducibility-Scanner/benchmarks/bugs-dot-jar/logging-log4j2/samples/flume-common/target/classes
[WARNING] bootstrap class path not set in conjunction with -source 1.6
[WARNING] /data-depot/user/Workspace/Reproducibility/Reproducibility-Scanner/benchmarks/bugs-dot-jar/logging-log4j2/samples/flume-common/src/main/java/org/apache/logging/log4j/samples/app/LogEventFactory.java:[47,23] found raw type: java.lang.Class
  missing type arguments for generic class java.lang.Class<T>
[WARNING] /data-depot/user/Workspace/Reproducibility/Reproducibility-Scanner/benchmarks/bugs-dot-jar/logging-log4j2/samples/flume-common/src/main/java/org/apache/logging/log4j/samples/app/LogEventFactory.java:[49,66] found raw type: java.lang.Class
  missing type arguments for generic class java.lang.Class<T>
[INFO] 
[INFO] --- maven-bundle-plugin:2.3.7:manifest (bundle-manifest) @ log4j-samples-flume-common ---
[INFO] 
[INFO] --- maven-resources-plugin:2.5:testResources (default-testResources) @ log4j-samples-flume-common ---
[debug] execute contextualize
[INFO] Using 'UTF-8' encoding to copy filtered resources.
[INFO] skip non existing resourceDirectory /data-depot/user/Workspace/Reproducibility/Reproducibility-Scanner/benchmarks/bugs-dot-jar/logging-log4j2/samples/flume-common/src/test/resources
[INFO] Copying 3 resources
[INFO] 
[INFO] --- maven-compiler-plugin:3.1:testCompile (default-testCompile) @ log4j-samples-flume-common ---
[INFO] No sources to compile
[INFO] 
[INFO] --- maven-surefire-plugin:2.14.1:test (default-test) @ log4j-samples-flume-common ---
[INFO] Tests are skipped.
[INFO] 
[INFO] --- maven-jar-plugin:2.3.1:jar (default-jar) @ log4j-samples-flume-common ---
[INFO] Building jar: /data-depot/user/Workspace/Reproducibility/Reproducibility-Scanner/benchmarks/bugs-dot-jar/logging-log4j2/samples/flume-common/target/log4j-samples-flume-common-2.0-beta7-SNAPSHOT.jar
[INFO] 
[INFO] --- maven-install-plugin:2.3.1:install (default-install) @ log4j-samples-flume-common ---
[INFO] Installing /data-depot/user/Workspace/Reproducibility/Reproducibility-Scanner/benchmarks/bugs-dot-jar/logging-log4j2/samples/flume-common/target/log4j-samples-flume-common-2.0-beta7-SNAPSHOT.jar to /home/user/.m2/repository/org/apache/logging/log4j/samples/log4j-samples-flume-common/2.0-beta7-SNAPSHOT/log4j-samples-flume-common-2.0-beta7-SNAPSHOT.jar
[INFO] Installing /data-depot/user/Workspace/Reproducibility/Reproducibility-Scanner/benchmarks/bugs-dot-jar/logging-log4j2/samples/flume-common/pom.xml to /home/user/.m2/repository/org/apache/logging/log4j/samples/log4j-samples-flume-common/2.0-beta7-SNAPSHOT/log4j-samples-flume-common-2.0-beta7-SNAPSHOT.pom
[INFO] 
[INFO] ----< org.apache.logging.log4j.samples:log4j-samples-flume-remote >-----
[INFO] Building Apache Log4j Samples: Flume - Remote 2.0-beta7-SNAPSHOT [21/22]
[INFO] --------------------------------[ war ]---------------------------------
[INFO] 
[INFO] --- maven-remote-resources-plugin:1.1:process (default) @ log4j-samples-flume-remote ---
[INFO] 
[INFO] --- maven-resources-plugin:2.5:resources (default-resources) @ log4j-samples-flume-remote ---
[debug] execute contextualize
[INFO] Using 'UTF-8' encoding to copy filtered resources.
[INFO] Copying 2 resources
[INFO] Copying 1 resource to /data-depot/user/Workspace/Reproducibility/Reproducibility-Scanner/benchmarks/bugs-dot-jar/logging-log4j2/samples/flume-remote/target
[INFO] Copying 3 resources
[INFO] 
[INFO] --- maven-compiler-plugin:3.1:compile (default-compile) @ log4j-samples-flume-remote ---
[INFO] No sources to compile
[INFO] 
[INFO] --- maven-bundle-plugin:2.3.7:manifest (bundle-manifest) @ log4j-samples-flume-remote ---
[WARNING] Ignoring project type war - supportedProjectTypes = [jar, bundle]
[INFO] 
[INFO] --- maven-resources-plugin:2.5:testResources (default-testResources) @ log4j-samples-flume-remote ---
[debug] execute contextualize
[INFO] Using 'UTF-8' encoding to copy filtered resources.
[INFO] skip non existing resourceDirectory /data-depot/user/Workspace/Reproducibility/Reproducibility-Scanner/benchmarks/bugs-dot-jar/logging-log4j2/samples/flume-remote/src/test/resources
[INFO] Copying 3 resources
[INFO] 
[INFO] --- maven-compiler-plugin:3.1:testCompile (default-testCompile) @ log4j-samples-flume-remote ---
[INFO] No sources to compile
[INFO] 
[INFO] --- maven-surefire-plugin:2.14.1:test (default-test) @ log4j-samples-flume-remote ---
[INFO] Tests are skipped.
[INFO] 
[INFO] --- maven-war-plugin:2.2:war (default-war) @ log4j-samples-flume-remote ---
[INFO] Packaging webapp
[INFO] Assembling webapp [log4j-samples-flume-remote] in [/data-depot/user/Workspace/Reproducibility/Reproducibility-Scanner/benchmarks/bugs-dot-jar/logging-log4j2/samples/flume-remote/target/log4j-samples-flume-remote-2.0-beta7-SNAPSHOT]
[INFO] Processing war project
[INFO] Copying webapp resources [/data-depot/user/Workspace/Reproducibility/Reproducibility-Scanner/benchmarks/bugs-dot-jar/logging-log4j2/samples/flume-remote/src/main/webapp]
[INFO] Webapp assembled in [64 msecs]
[INFO] Building war: /data-depot/user/Workspace/Reproducibility/Reproducibility-Scanner/benchmarks/bugs-dot-jar/logging-log4j2/samples/flume-remote/target/log4j-samples-flume-remote-2.0-beta7-SNAPSHOT.war
[INFO] WEB-INF/web.xml already added, skipping
[INFO] 
[INFO] --- maven-install-plugin:2.3.1:install (default-install) @ log4j-samples-flume-remote ---
[INFO] Installing /data-depot/user/Workspace/Reproducibility/Reproducibility-Scanner/benchmarks/bugs-dot-jar/logging-log4j2/samples/flume-remote/target/log4j-samples-flume-remote-2.0-beta7-SNAPSHOT.war to /home/user/.m2/repository/org/apache/logging/log4j/samples/log4j-samples-flume-remote/2.0-beta7-SNAPSHOT/log4j-samples-flume-remote-2.0-beta7-SNAPSHOT.war
[INFO] Installing /data-depot/user/Workspace/Reproducibility/Reproducibility-Scanner/benchmarks/bugs-dot-jar/logging-log4j2/samples/flume-remote/pom.xml to /home/user/.m2/repository/org/apache/logging/log4j/samples/log4j-samples-flume-remote/2.0-beta7-SNAPSHOT/log4j-samples-flume-remote-2.0-beta7-SNAPSHOT.pom
[INFO] 
[INFO] ---< org.apache.logging.log4j.samples:log4j-samples-flume-embedded >----
[INFO] Building Apache Log4j Samples: Flume - Embedded 2.0-beta7-SNAPSHOT [22/22]
[INFO] --------------------------------[ war ]---------------------------------
[INFO] 
[INFO] --- maven-remote-resources-plugin:1.1:process (default) @ log4j-samples-flume-embedded ---
[INFO] 
[INFO] --- maven-resources-plugin:2.5:resources (default-resources) @ log4j-samples-flume-embedded ---
[debug] execute contextualize
[INFO] Using 'UTF-8' encoding to copy filtered resources.
[INFO] Copying 2 resources
[INFO] Copying 1 resource to /data-depot/user/Workspace/Reproducibility/Reproducibility-Scanner/benchmarks/bugs-dot-jar/logging-log4j2/samples/flume-embedded/target
[INFO] Copying 3 resources
[INFO] 
[INFO] --- maven-compiler-plugin:3.1:compile (default-compile) @ log4j-samples-flume-embedded ---
[INFO] No sources to compile
[INFO] 
[INFO] --- maven-bundle-plugin:2.3.7:manifest (bundle-manifest) @ log4j-samples-flume-embedded ---
[WARNING] Ignoring project type war - supportedProjectTypes = [jar, bundle]
[INFO] 
[INFO] --- maven-resources-plugin:2.5:testResources (default-testResources) @ log4j-samples-flume-embedded ---
[debug] execute contextualize
[INFO] Using 'UTF-8' encoding to copy filtered resources.
[INFO] skip non existing resourceDirectory /data-depot/user/Workspace/Reproducibility/Reproducibility-Scanner/benchmarks/bugs-dot-jar/logging-log4j2/samples/flume-embedded/src/test/resources
[INFO] Copying 3 resources
[INFO] 
[INFO] --- maven-compiler-plugin:3.1:testCompile (default-testCompile) @ log4j-samples-flume-embedded ---
[INFO] No sources to compile
[INFO] 
[INFO] --- maven-surefire-plugin:2.14.1:test (default-test) @ log4j-samples-flume-embedded ---
[INFO] Tests are skipped.
[INFO] 
[INFO] --- maven-war-plugin:2.2:war (default-war) @ log4j-samples-flume-embedded ---
[INFO] Packaging webapp
[INFO] Assembling webapp [log4j-samples-flume-embedded] in [/data-depot/user/Workspace/Reproducibility/Reproducibility-Scanner/benchmarks/bugs-dot-jar/logging-log4j2/samples/flume-embedded/target/log4j-samples-flume-embedded-2.0-beta7-SNAPSHOT]
[INFO] Processing war project
[INFO] Copying webapp resources [/data-depot/user/Workspace/Reproducibility/Reproducibility-Scanner/benchmarks/bugs-dot-jar/logging-log4j2/samples/flume-embedded/src/main/webapp]
[INFO] Webapp assembled in [86 msecs]
[INFO] Building war: /data-depot/user/Workspace/Reproducibility/Reproducibility-Scanner/benchmarks/bugs-dot-jar/logging-log4j2/samples/flume-embedded/target/log4j-samples-flume-embedded-2.0-beta7-SNAPSHOT.war
[INFO] WEB-INF/web.xml already added, skipping
[INFO] 
[INFO] --- maven-install-plugin:2.3.1:install (default-install) @ log4j-samples-flume-embedded ---
[INFO] Installing /data-depot/user/Workspace/Reproducibility/Reproducibility-Scanner/benchmarks/bugs-dot-jar/logging-log4j2/samples/flume-embedded/target/log4j-samples-flume-embedded-2.0-beta7-SNAPSHOT.war to /home/user/.m2/repository/org/apache/logging/log4j/samples/log4j-samples-flume-embedded/2.0-beta7-SNAPSHOT/log4j-samples-flume-embedded-2.0-beta7-SNAPSHOT.war
[INFO] Installing /data-depot/user/Workspace/Reproducibility/Reproducibility-Scanner/benchmarks/bugs-dot-jar/logging-log4j2/samples/flume-embedded/pom.xml to /home/user/.m2/repository/org/apache/logging/log4j/samples/log4j-samples-flume-embedded/2.0-beta7-SNAPSHOT/log4j-samples-flume-embedded-2.0-beta7-SNAPSHOT.pom
[INFO] ------------------------------------------------------------------------
[INFO] Reactor Summary:
[INFO] 
[INFO] Apache Log4j 2 2.0-beta7-SNAPSHOT .................. SUCCESS [  0.570 s]
[INFO] Apache Log4j API ................................... SUCCESS [  2.553 s]
[INFO] Apache Log4j Core .................................. SUCCESS [  4.017 s]
[INFO] Apache Log4J Core OSGi Async ....................... SUCCESS [  1.177 s]
[INFO] Apache Log4J Core OSGi JPA ......................... SUCCESS [  0.678 s]
[INFO] Apache Log4J Core OSGi Net ......................... SUCCESS [  0.479 s]
[INFO] Apache Log4J Core OSGi Couch ....................... SUCCESS [  0.429 s]
[INFO] Apache Log4J Core OSGi Mongo ....................... SUCCESS [  0.374 s]
[INFO] Apache Log4J Core OSGi ............................. SUCCESS [  0.640 s]
[INFO] Apache Log4J Core OSGi Bundles ..................... SUCCESS [  0.036 s]
[INFO] Apache Log4j 1.x Compatibility API ................. SUCCESS [  0.297 s]
[INFO] Apache Log4j SLF4J Binding ......................... SUCCESS [  0.229 s]
[INFO] Apache Log4j to SLF4J Adapter ...................... SUCCESS [  0.186 s]
[INFO] Apache Log4j Commons Logging Bridge ................ SUCCESS [  0.164 s]
[INFO] Apache Log4j Flume NG Bridge ....................... SUCCESS [  3.399 s]
[INFO] Apache Log4j Web Adapters .......................... SUCCESS [  0.167 s]
[INFO] Apache Log4j Tag Library ........................... SUCCESS [  1.899 s]
[INFO] Apache Log4j JMX GUI ............................... SUCCESS [  0.187 s]
[INFO] Apache Log4j Samples ............................... SUCCESS [  0.011 s]
[INFO] Apache Log4j Samples: Flume - Common ............... SUCCESS [  8.027 s]
[INFO] Apache Log4j Samples: Flume - Remote ............... SUCCESS [  1.099 s]
[INFO] Apache Log4j Samples: Flume - Embedded 2.0-beta7-SNAPSHOT SUCCESS [  2.107 s]
[INFO] ------------------------------------------------------------------------
[INFO] BUILD SUCCESS
[INFO] ------------------------------------------------------------------------
[INFO] Total time: 29.386 s
[INFO] Finished at: 2022-07-11T22:18:04-07:00
[INFO] ------------------------------------------------------------------------
[INFO] Scanning for projects...
[INFO] 
[INFO] --------------< org.apache.logging.log4j:log4j-flume-ng >---------------
[INFO] Building Apache Log4j Flume NG Bridge 2.0-beta7-SNAPSHOT
[INFO] --------------------------------[ jar ]---------------------------------
[INFO] 
[INFO] --- maven-remote-resources-plugin:1.1:process (default) @ log4j-flume-ng ---
[INFO] Setting property: classpath.resource.loader.class => 'org.codehaus.plexus.velocity.ContextClassLoaderResourceLoader'.
[INFO] Setting property: velocimacro.messages.on => 'false'.
[INFO] Setting property: resource.loader => 'classpath'.
[INFO] Setting property: resource.manager.logwhenfound => 'false'.
[INFO] 
[INFO] --- maven-resources-plugin:2.5:resources (default-resources) @ log4j-flume-ng ---
[debug] execute contextualize
[INFO] Using 'UTF-8' encoding to copy filtered resources.
[INFO] skip non existing resourceDirectory /data-depot/user/Workspace/Reproducibility/Reproducibility-Scanner/benchmarks/bugs-dot-jar/logging-log4j2/flume-ng/src/main/resources
[INFO] Copying 3 resources
[INFO] 
[INFO] --- maven-compiler-plugin:3.1:compile (default-compile) @ log4j-flume-ng ---
[INFO] Changes detected - recompiling the module!
[INFO] Compiling 13 source files to /data-depot/user/Workspace/Reproducibility/Reproducibility-Scanner/benchmarks/bugs-dot-jar/logging-log4j2/flume-ng/target/classes
[WARNING] bootstrap class path not set in conjunction with -source 1.6
[WARNING] /data-depot/user/Workspace/Reproducibility/Reproducibility-Scanner/benchmarks/bugs-dot-jar/logging-log4j2/flume-ng/src/main/java/org/apache/logging/log4j/flume/appender/FlumePersistentManager.java:[298,39] found raw type: org.apache.logging.log4j.core.config.plugins.PluginType
  missing type arguments for generic class org.apache.logging.log4j.core.config.plugins.PluginType<T>
[WARNING] /data-depot/user/Workspace/Reproducibility/Reproducibility-Scanner/benchmarks/bugs-dot-jar/logging-log4j2/flume-ng/src/main/java/org/apache/logging/log4j/flume/appender/FlumePersistentManager.java:[301,48] found raw type: org.apache.logging.log4j.core.config.plugins.PluginType
  missing type arguments for generic class org.apache.logging.log4j.core.config.plugins.PluginType<T>
[WARNING] /data-depot/user/Workspace/Reproducibility/Reproducibility-Scanner/benchmarks/bugs-dot-jar/logging-log4j2/flume-ng/src/main/java/org/apache/logging/log4j/flume/appender/FlumePersistentManager.java:[304,33] found raw type: java.lang.Class
  missing type arguments for generic class java.lang.Class<T>
[INFO] 
[INFO] --- maven-bundle-plugin:2.3.7:manifest (bundle-manifest) @ log4j-flume-ng ---
[INFO] 
[INFO] >>> exec-maven-plugin:1.2.1:java (default) > validate @ log4j-flume-ng >>>
[INFO] 
[INFO] <<< exec-maven-plugin:1.2.1:java (default) < validate @ log4j-flume-ng <<<
[INFO] 
[INFO] 
[INFO] --- exec-maven-plugin:1.2.1:java (default) @ log4j-flume-ng ---
[INFO] 
[INFO] --- maven-resources-plugin:2.5:testResources (default-testResources) @ log4j-flume-ng ---
[debug] execute contextualize
[INFO] Using 'UTF-8' encoding to copy filtered resources.
[INFO] Copying 3 resources
[INFO] Copying 3 resources
[INFO] 
[INFO] --- maven-compiler-plugin:3.1:testCompile (default-testCompile) @ log4j-flume-ng ---
[INFO] Nothing to compile - all classes are up to date
[INFO] 
[INFO] --- maven-surefire-plugin:2.14.1:test (default-test) @ log4j-flume-ng ---
[WARNING] The parameter forkMode is deprecated since version 2.14. Use forkCount and reuseForks instead.
[INFO] Surefire report directory: /data-depot/user/Workspace/Reproducibility/Reproducibility-Scanner/benchmarks/bugs-dot-jar/logging-log4j2/flume-ng/target/surefire-reports

-------------------------------------------------------
 T E S T S
-------------------------------------------------------

-------------------------------------------------------
 T E S T S
-------------------------------------------------------
Running org.apache.logging.log4j.flume.appender.FlumeEmbeddedAppenderTest
2022-07-11 22:18:13,431 [WARN] org.apache.flume.sink.FailoverSinkProcessor Sink agent1 failed and has been sent to failover list
org.apache.flume.EventDeliveryException: Failed to send events
	at org.apache.flume.sink.AvroSink.process(AvroSink.java:325) ~[flume-ng-core-1.3.1.jar:1.3.1]
	at org.apache.flume.sink.FailoverSinkProcessor.process(FailoverSinkProcessor.java:182) [flume-ng-core-1.3.1.jar:1.3.1]
	at org.apache.flume.SinkRunner$PollingRunner.run(SinkRunner.java:147) [flume-ng-core-1.3.1.jar:1.3.1]
	at java.lang.Thread.run(Thread.java:748) [?:1.8.0_312]
Caused by: org.apache.flume.EventDeliveryException: NettyAvroRpcClient { host: localhost, port: 45777 }: Failed to send batch
	at org.apache.flume.api.NettyAvroRpcClient.appendBatch(NettyAvroRpcClient.java:236) ~[flume-ng-sdk-1.3.1.jar:1.3.1]
	at org.apache.flume.sink.AvroSink.process(AvroSink.java:309) ~[flume-ng-core-1.3.1.jar:1.3.1]
	... 3 more
Caused by: org.apache.flume.EventDeliveryException: NettyAvroRpcClient { host: localhost, port: 45777 }: RPC request exception
	at org.apache.flume.api.NettyAvroRpcClient.appendBatch(NettyAvroRpcClient.java:286) ~[flume-ng-sdk-1.3.1.jar:1.3.1]
	at org.apache.flume.api.NettyAvroRpcClient.appendBatch(NettyAvroRpcClient.java:224) ~[flume-ng-sdk-1.3.1.jar:1.3.1]
	at org.apache.flume.sink.AvroSink.process(AvroSink.java:309) ~[flume-ng-core-1.3.1.jar:1.3.1]
	... 3 more
Caused by: java.util.concurrent.ExecutionException: java.io.IOException: Error connecting to localhost/127.0.0.1:45777
	at java.util.concurrent.FutureTask.report(FutureTask.java:122) ~[?:1.8.0_312]
	at java.util.concurrent.FutureTask.get(FutureTask.java:206) ~[?:1.8.0_312]
	at org.apache.flume.api.NettyAvroRpcClient.appendBatch(NettyAvroRpcClient.java:278) ~[flume-ng-sdk-1.3.1.jar:1.3.1]
	at org.apache.flume.api.NettyAvroRpcClient.appendBatch(NettyAvroRpcClient.java:224) ~[flume-ng-sdk-1.3.1.jar:1.3.1]
	at org.apache.flume.sink.AvroSink.process(AvroSink.java:309) ~[flume-ng-core-1.3.1.jar:1.3.1]
	... 3 more
Caused by: java.io.IOException: Error connecting to localhost/127.0.0.1:45777
	at org.apache.avro.ipc.NettyTransceiver.getChannel(NettyTransceiver.java:261) ~[avro-ipc-1.7.2.jar:1.7.2]
	at org.apache.avro.ipc.NettyTransceiver.getRemoteName(NettyTransceiver.java:386) ~[avro-ipc-1.7.2.jar:1.7.2]
	at org.apache.avro.ipc.Requestor.writeHandshake(Requestor.java:202) ~[avro-ipc-1.7.2.jar:1.7.2]
	at org.apache.avro.ipc.Requestor.access$300(Requestor.java:52) ~[avro-ipc-1.7.2.jar:1.7.2]
	at org.apache.avro.ipc.Requestor$Request.getBytes(Requestor.java:478) ~[avro-ipc-1.7.2.jar:1.7.2]
	at org.apache.avro.ipc.Requestor.request(Requestor.java:147) ~[avro-ipc-1.7.2.jar:1.7.2]
	at org.apache.avro.ipc.Requestor.request(Requestor.java:129) ~[avro-ipc-1.7.2.jar:1.7.2]
	at org.apache.avro.ipc.specific.SpecificRequestor.invoke(SpecificRequestor.java:68) ~[avro-ipc-1.7.2.jar:1.7.2]
	at com.sun.proxy.$Proxy16.appendBatch(Unknown Source) ~[?:?]
	at org.apache.flume.api.NettyAvroRpcClient$2.call(NettyAvroRpcClient.java:269) ~[flume-ng-sdk-1.3.1.jar:1.3.1]
	at org.apache.flume.api.NettyAvroRpcClient$2.call(NettyAvroRpcClient.java:265) ~[flume-ng-sdk-1.3.1.jar:1.3.1]
	at java.util.concurrent.FutureTask.run(FutureTask.java:266) ~[?:1.8.0_312]
	at java.util.concurrent.ThreadPoolExecutor.runWorker(ThreadPoolExecutor.java:1149) ~[?:1.8.0_312]
	at java.util.concurrent.ThreadPoolExecutor$Worker.run(ThreadPoolExecutor.java:624) ~[?:1.8.0_312]
	... 1 more
Caused by: java.net.ConnectException: Connection refused
	at sun.nio.ch.SocketChannelImpl.checkConnect(Native Method) ~[?:1.8.0_312]
	at sun.nio.ch.SocketChannelImpl.finishConnect(SocketChannelImpl.java:716) ~[?:1.8.0_312]
	at org.jboss.netty.channel.socket.nio.NioClientSocketPipelineSink$Boss.connect(NioClientSocketPipelineSink.java:396) ~[netty-3.4.0.Final.jar:?]
	at org.jboss.netty.channel.socket.nio.NioClientSocketPipelineSink$Boss.processSelectedKeys(NioClientSocketPipelineSink.java:358) ~[netty-3.4.0.Final.jar:?]
	at org.jboss.netty.channel.socket.nio.NioClientSocketPipelineSink$Boss.run(NioClientSocketPipelineSink.java:274) ~[netty-3.4.0.Final.jar:?]
	at java.util.concurrent.ThreadPoolExecutor.runWorker(ThreadPoolExecutor.java:1149) ~[?:1.8.0_312]
	at java.util.concurrent.ThreadPoolExecutor$Worker.run(ThreadPoolExecutor.java:624) ~[?:1.8.0_312]
	... 1 more
Time to log 10000 events 2752ms
Tests run: 4, Failures: 0, Errors: 0, Skipped: 0, Time elapsed: 7.607 sec
Running org.apache.logging.log4j.flume.appender.FlumeAppenderTest
Tests run: 7, Failures: 0, Errors: 0, Skipped: 0, Time elapsed: 1.62 sec
Running org.apache.logging.log4j.flume.appender.FlumeEmbeddedAgentTest
Tests run: 3, Failures: 0, Errors: 0, Skipped: 0, Time elapsed: 3.488 sec
Running org.apache.logging.log4j.flume.appender.FlumePersistentAppenderTest
2022-07-11 22:18:26,881 ERROR An exception occurred processing Appender eventLogger java.lang.NullPointerException
	at org.apache.logging.log4j.flume.appender.FlumePersistentManager.send(FlumePersistentManager.java:145)
	at org.apache.logging.log4j.flume.appender.FlumeAppender.append(FlumeAppender.java:86)
	at org.apache.logging.log4j.core.config.AppenderControl.callAppender(AppenderControl.java:102)
	at org.apache.logging.log4j.core.config.LoggerConfig.callAppenders(LoggerConfig.java:404)
	at org.apache.logging.log4j.core.config.LoggerConfig.log(LoggerConfig.java:385)
	at org.apache.logging.log4j.core.config.LoggerConfig.log(LoggerConfig.java:346)
	at org.apache.logging.log4j.core.Logger.log(Logger.java:110)
	at org.apache.logging.log4j.spi.AbstractLogger.info(AbstractLogger.java:916)
	at org.apache.logging.log4j.flume.appender.FlumePersistentAppenderTest.testSingle(FlumePersistentAppenderTest.java:226)
	at sun.reflect.NativeMethodAccessorImpl.invoke0(Native Method)
	at sun.reflect.NativeMethodAccessorImpl.invoke(NativeMethodAccessorImpl.java:62)
	at sun.reflect.DelegatingMethodAccessorImpl.invoke(DelegatingMethodAccessorImpl.java:43)
	at java.lang.reflect.Method.invoke(Method.java:498)
	at org.junit.runners.model.FrameworkMethod$1.runReflectiveCall(FrameworkMethod.java:44)
	at org.junit.internal.runners.model.ReflectiveCallable.run(ReflectiveCallable.java:15)
	at org.junit.runners.model.FrameworkMethod.invokeExplosively(FrameworkMethod.java:41)
	at org.junit.internal.runners.statements.InvokeMethod.evaluate(InvokeMethod.java:20)
	at org.junit.internal.runners.statements.RunBefores.evaluate(RunBefores.java:28)
	at org.junit.internal.runners.statements.RunAfters.evaluate(RunAfters.java:31)
	at org.junit.runners.BlockJUnit4ClassRunner.runChild(BlockJUnit4ClassRunner.java:76)
	at org.junit.runners.BlockJUnit4ClassRunner.runChild(BlockJUnit4ClassRunner.java:50)
	at org.junit.runners.ParentRunner$3.run(ParentRunner.java:193)
	at org.junit.runners.ParentRunner$1.schedule(ParentRunner.java:52)
	at org.junit.runners.ParentRunner.runChildren(ParentRunner.java:191)
	at org.junit.runners.ParentRunner.access$000(ParentRunner.java:42)
	at org.junit.runners.ParentRunner$2.evaluate(ParentRunner.java:184)
	at org.junit.internal.runners.statements.RunBefores.evaluate(RunBefores.java:28)
	at org.junit.internal.runners.statements.RunAfters.evaluate(RunAfters.java:31)
	at org.junit.runners.ParentRunner.run(ParentRunner.java:236)
	at org.apache.maven.surefire.junit4.JUnit4Provider.execute(JUnit4Provider.java:264)
	at org.apache.maven.surefire.junit4.JUnit4Provider.executeTestSet(JUnit4Provider.java:153)
	at org.apache.maven.surefire.junit4.JUnit4Provider.invoke(JUnit4Provider.java:124)
	at sun.reflect.NativeMethodAccessorImpl.invoke0(Native Method)
	at sun.reflect.NativeMethodAccessorImpl.invoke(NativeMethodAccessorImpl.java:62)
	at sun.reflect.DelegatingMethodAccessorImpl.invoke(DelegatingMethodAccessorImpl.java:43)
	at java.lang.reflect.Method.invoke(Method.java:498)
	at org.apache.maven.surefire.util.ReflectionUtils.invokeMethodWithArray2(ReflectionUtils.java:208)
	at org.apache.maven.surefire.booter.ProviderFactory$ProviderProxy.invoke(ProviderFactory.java:159)
	at org.apache.maven.surefire.booter.ProviderFactory.invokeProvider(ProviderFactory.java:87)
	at org.apache.maven.surefire.booter.ForkedBooter.runSuitesInProcess(ForkedBooter.java:153)
	at org.apache.maven.surefire.booter.ForkedBooter.main(ForkedBooter.java:95)

Tests run: 4, Failures: 0, Errors: 1, Skipped: 0, Time elapsed: 3.743 sec <<< FAILURE!
testSingle(org.apache.logging.log4j.flume.appender.FlumePersistentAppenderTest)  Time elapsed: 0.087 sec  <<< ERROR!
org.apache.logging.log4j.core.appender.AppenderRuntimeException: An exception occurred processing Appender eventLogger
	at org.apache.logging.log4j.flume.appender.FlumePersistentManager.send(FlumePersistentManager.java:145)
	at org.apache.logging.log4j.flume.appender.FlumeAppender.append(FlumeAppender.java:86)
	at org.apache.logging.log4j.core.config.AppenderControl.callAppender(AppenderControl.java:102)
	at org.apache.logging.log4j.core.config.LoggerConfig.callAppenders(LoggerConfig.java:404)
	at org.apache.logging.log4j.core.config.LoggerConfig.log(LoggerConfig.java:385)
	at org.apache.logging.log4j.core.config.LoggerConfig.log(LoggerConfig.java:346)
	at org.apache.logging.log4j.core.Logger.log(Logger.java:110)
	at org.apache.logging.log4j.spi.AbstractLogger.info(AbstractLogger.java:916)
	at org.apache.logging.log4j.flume.appender.FlumePersistentAppenderTest.testSingle(FlumePersistentAppenderTest.java:226)


Results :

Tests in error: 
  FlumePersistentAppenderTest.testSingle:226 » AppenderRuntime An exception occu...

Tests run: 18, Failures: 0, Errors: 1, Skipped: 0

[INFO] ------------------------------------------------------------------------
[INFO] BUILD FAILURE
[INFO] ------------------------------------------------------------------------
[INFO] Total time: 21.686 s
[INFO] Finished at: 2022-07-11T22:18:26-07:00
[INFO] ------------------------------------------------------------------------
[ERROR] Failed to execute goal org.apache.maven.plugins:maven-surefire-plugin:2.14.1:test (default-test) on project log4j-flume-ng: There are test failures.
[ERROR] 
[ERROR] Please refer to /data-depot/user/Workspace/Reproducibility/Reproducibility-Scanner/benchmarks/bugs-dot-jar/logging-log4j2/flume-ng/target/surefire-reports for the individual test results.
[ERROR] -> [Help 1]
[ERROR] 
[ERROR] To see the full stack trace of the errors, re-run Maven with the -e switch.
[ERROR] Re-run Maven using the -X switch to enable full debug logging.
[ERROR] 
[ERROR] For more information about the errors and possible solutions, please read the following articles:
[ERROR] [Help 1] http://cwiki.apache.org/confluence/display/MAVEN/MojoFailureException