[[1;34mINFO[m] Scanning for projects...
[[1;33mWARNING[m] The project org.apache.accumulo:accumulo:pom:1.5.0-SNAPSHOT uses prerequisites which is only intended for maven-plugin projects but not for non maven-plugin projects. For such purposes you should use the maven-enforcer-plugin. See https://maven.apache.org/enforcer/enforcer-rules/requireMavenVersion.html
[[1;34mINFO[m] [1m------------------------------------------------------------------------[m
[[1;34mINFO[m] [1mReactor Build Order:[m
[[1;34mINFO[m] 
[[1;34mINFO[m] Apache Accumulo                                                    [pom]
[[1;34mINFO[m] Trace                                                              [jar]
[[1;34mINFO[m] Start                                                              [jar]
[[1;34mINFO[m] Fate                                                               [jar]
[[1;34mINFO[m] Core                                                               [jar]
[[1;34mINFO[m] Server                                                             [jar]
[[1;34mINFO[m] Examples                                                           [pom]
[[1;34mINFO[m] Simple Examples                                                    [jar]
[[1;34mINFO[m] Testing                                                            [jar]
[[1;34mINFO[m] Instamo Example                                                    [jar]
[[1;34mINFO[m] Proxy                                                              [jar]
[[1;34mINFO[m] Assemble                                                           [pom]
[[1;34mINFO[m] 
[[1;34mINFO[m] [1m--------------------< [0;36morg.apache.accumulo:accumulo[0;1m >--------------------[m
[[1;34mINFO[m] [1mBuilding Apache Accumulo 1.5.0-SNAPSHOT                           [1/12][m
[[1;34mINFO[m] [1m--------------------------------[ pom ]---------------------------------[m
Downloading from central: https://repo.maven.apache.org/maven2/org/codehaus/mojo/buildnumber-maven-plugin/1.1/buildnumber-maven-plugin-1.1.pom
Progress (1): 2.7/14 kBProgress (1): 5.5/14 kBProgress (1): 8.2/14 kBProgress (1): 11/14 kB Progress (1): 14/14 kBProgress (1): 14 kB                      Downloaded from central: https://repo.maven.apache.org/maven2/org/codehaus/mojo/buildnumber-maven-plugin/1.1/buildnumber-maven-plugin-1.1.pom (14 kB at 25 kB/s)
Downloading from central: https://repo.maven.apache.org/maven2/org/codehaus/mojo/buildnumber-maven-plugin/1.1/buildnumber-maven-plugin-1.1.jar
Progress (1): 2.7/26 kBProgress (1): 5.5/26 kBProgress (1): 8.2/26 kBProgress (1): 11/26 kB Progress (1): 14/26 kBProgress (1): 16/26 kBProgress (1): 19/26 kBProgress (1): 21/26 kBProgress (1): 24/26 kBProgress (1): 26 kB                      Downloaded from central: https://repo.maven.apache.org/maven2/org/codehaus/mojo/buildnumber-maven-plugin/1.1/buildnumber-maven-plugin-1.1.jar (26 kB at 450 kB/s)
[[1;34mINFO[m] 
[[1;34mINFO[m] [1m--- [0;32mbuildnumber-maven-plugin:1.1:create[m [1m(default)[m @ [36maccumulo[0;1m ---[m
Downloading from central: https://repo.maven.apache.org/maven2/org/apache/maven/scm/maven-scm-api/1.7/maven-scm-api-1.7.pom
Progress (1): 1.6 kB                    Downloaded from central: https://repo.maven.apache.org/maven2/org/apache/maven/scm/maven-scm-api/1.7/maven-scm-api-1.7.pom (1.6 kB at 105 kB/s)
Downloading from central: https://repo.maven.apache.org/maven2/org/apache/maven/scm/maven-scm/1.7/maven-scm-1.7.pom
Progress (1): 2.7/18 kBProgress (1): 5.5/18 kBProgress (1): 8.2/18 kBProgress (1): 11/18 kB Progress (1): 14/18 kBProgress (1): 16/18 kBProgress (1): 18 kB                      Downloaded from central: https://repo.maven.apache.org/maven2/org/apache/maven/scm/maven-scm/1.7/maven-scm-1.7.pom (18 kB at 280 kB/s)
Downloading from central: https://repo.maven.apache.org/maven2/org/apache/maven/scm/maven-scm-manager-plexus/1.7/maven-scm-manager-plexus-1.7.pom
Progress (1): 2.2 kB                    Downloaded from central: https://repo.maven.apache.org/maven2/org/apache/maven/scm/maven-scm-manager-plexus/1.7/maven-scm-manager-plexus-1.7.pom (2.2 kB at 127 kB/s)
Downloading from central: https://repo.maven.apache.org/maven2/org/apache/maven/scm/maven-scm-managers/1.7/maven-scm-managers-1.7.pom
Progress (1): 1.5 kB                    Downloaded from central: https://repo.maven.apache.org/maven2/org/apache/maven/scm/maven-scm-managers/1.7/maven-scm-managers-1.7.pom (1.5 kB at 57 kB/s)
Downloading from central: https://repo.maven.apache.org/maven2/org/apache/maven/scm/maven-scm-provider-bazaar/1.7/maven-scm-provider-bazaar-1.7.pom
Progress (1): 2.1 kB                    Downloaded from central: https://repo.maven.apache.org/maven2/org/apache/maven/scm/maven-scm-provider-bazaar/1.7/maven-scm-provider-bazaar-1.7.pom (2.1 kB at 114 kB/s)
Downloading from central: https://repo.maven.apache.org/maven2/org/apache/maven/scm/maven-scm-providers/1.7/maven-scm-providers-1.7.pom
Progress (1): 3.7 kB                    Downloaded from central: https://repo.maven.apache.org/maven2/org/apache/maven/scm/maven-scm-providers/1.7/maven-scm-providers-1.7.pom (3.7 kB at 133 kB/s)
Downloading from central: https://repo.maven.apache.org/maven2/org/apache/maven/scm/maven-scm-provider-svnexe/1.7/maven-scm-provider-svnexe-1.7.pom
Progress (1): 2.5 kB                    Downloaded from central: https://repo.maven.apache.org/maven2/org/apache/maven/scm/maven-scm-provider-svnexe/1.7/maven-scm-provider-svnexe-1.7.pom (2.5 kB at 61 kB/s)
Downloading from central: https://repo.maven.apache.org/maven2/org/apache/maven/scm/maven-scm-providers-svn/1.7/maven-scm-providers-svn-1.7.pom
Progress (1): 2.1 kB                    Downloaded from central: https://repo.maven.apache.org/maven2/org/apache/maven/scm/maven-scm-providers-svn/1.7/maven-scm-providers-svn-1.7.pom (2.1 kB at 101 kB/s)
Downloading from central: https://repo.maven.apache.org/maven2/org/apache/maven/scm/maven-scm-provider-svn-commons/1.7/maven-scm-provider-svn-commons-1.7.pom
Progress (1): 2.7 kB                    Downloaded from central: https://repo.maven.apache.org/maven2/org/apache/maven/scm/maven-scm-provider-svn-commons/1.7/maven-scm-provider-svn-commons-1.7.pom (2.7 kB at 93 kB/s)
Downloading from central: https://repo.maven.apache.org/maven2/org/apache/maven/scm/maven-scm-provider-gitexe/1.7/maven-scm-provider-gitexe-1.7.pom
Progress (1): 2.4 kB                    Downloaded from central: https://repo.maven.apache.org/maven2/org/apache/maven/scm/maven-scm-provider-gitexe/1.7/maven-scm-provider-gitexe-1.7.pom (2.4 kB at 70 kB/s)
Downloading from central: https://repo.maven.apache.org/maven2/org/apache/maven/scm/maven-scm-providers-git/1.7/maven-scm-providers-git-1.7.pom
Progress (1): 2.2 kB                    Downloaded from central: https://repo.maven.apache.org/maven2/org/apache/maven/scm/maven-scm-providers-git/1.7/maven-scm-providers-git-1.7.pom (2.2 kB at 43 kB/s)
Downloading from central: https://repo.maven.apache.org/maven2/org/apache/maven/scm/maven-scm-provider-git-commons/1.7/maven-scm-provider-git-commons-1.7.pom
Progress (1): 2.3 kB                    Downloaded from central: https://repo.maven.apache.org/maven2/org/apache/maven/scm/maven-scm-provider-git-commons/1.7/maven-scm-provider-git-commons-1.7.pom (2.3 kB at 126 kB/s)
Downloading from central: https://repo.maven.apache.org/maven2/org/apache/maven/scm/maven-scm-provider-cvsexe/1.7/maven-scm-provider-cvsexe-1.7.pom
Progress (1): 2.7 kB                    Downloaded from central: https://repo.maven.apache.org/maven2/org/apache/maven/scm/maven-scm-provider-cvsexe/1.7/maven-scm-provider-cvsexe-1.7.pom (2.7 kB at 158 kB/s)
Downloading from central: https://repo.maven.apache.org/maven2/org/apache/maven/scm/maven-scm-providers-cvs/1.7/maven-scm-providers-cvs-1.7.pom
Progress (1): 1.7 kB                    Downloaded from central: https://repo.maven.apache.org/maven2/org/apache/maven/scm/maven-scm-providers-cvs/1.7/maven-scm-providers-cvs-1.7.pom (1.7 kB at 95 kB/s)
Downloading from central: https://repo.maven.apache.org/maven2/org/apache/maven/scm/maven-scm-provider-cvs-commons/1.7/maven-scm-provider-cvs-commons-1.7.pom
Progress (1): 2.4 kB                    Downloaded from central: https://repo.maven.apache.org/maven2/org/apache/maven/scm/maven-scm-provider-cvs-commons/1.7/maven-scm-provider-cvs-commons-1.7.pom (2.4 kB at 61 kB/s)
Downloading from central: https://repo.maven.apache.org/maven2/org/apache/maven/scm/maven-scm-provider-starteam/1.7/maven-scm-provider-starteam-1.7.pom
Progress (1): 2.6 kB                    Downloaded from central: https://repo.maven.apache.org/maven2/org/apache/maven/scm/maven-scm-provider-starteam/1.7/maven-scm-provider-starteam-1.7.pom (2.6 kB at 161 kB/s)
Downloading from central: https://repo.maven.apache.org/maven2/org/apache/maven/scm/maven-scm-provider-clearcase/1.7/maven-scm-provider-clearcase-1.7.pom
Progress (1): 2.7 kB                    Downloaded from central: https://repo.maven.apache.org/maven2/org/apache/maven/scm/maven-scm-provider-clearcase/1.7/maven-scm-provider-clearcase-1.7.pom (2.7 kB at 97 kB/s)
Downloading from central: https://repo.maven.apache.org/maven2/org/apache/maven/scm/maven-scm-provider-perforce/1.7/maven-scm-provider-perforce-1.7.pom
Progress (1): 2.6 kB                    Downloaded from central: https://repo.maven.apache.org/maven2/org/apache/maven/scm/maven-scm-provider-perforce/1.7/maven-scm-provider-perforce-1.7.pom (2.6 kB at 146 kB/s)
Downloading from central: https://repo.maven.apache.org/maven2/org/apache/maven/scm/maven-scm-provider-hg/1.7/maven-scm-provider-hg-1.7.pom
Progress (1): 2.4 kB                    Downloaded from central: https://repo.maven.apache.org/maven2/org/apache/maven/scm/maven-scm-provider-hg/1.7/maven-scm-provider-hg-1.7.pom (2.4 kB at 153 kB/s)
Downloading from central: https://repo.maven.apache.org/maven2/org/apache/maven/scm/maven-scm-api/1.7/maven-scm-api-1.7.jar
Downloading from central: https://repo.maven.apache.org/maven2/org/apache/maven/scm/maven-scm-provider-svnexe/1.7/maven-scm-provider-svnexe-1.7.jar
Downloading from central: https://repo.maven.apache.org/maven2/org/apache/maven/scm/maven-scm-provider-gitexe/1.7/maven-scm-provider-gitexe-1.7.jar
Downloading from central: https://repo.maven.apache.org/maven2/org/apache/maven/scm/maven-scm-provider-bazaar/1.7/maven-scm-provider-bazaar-1.7.jar
Downloading from central: https://repo.maven.apache.org/maven2/org/apache/maven/scm/maven-scm-manager-plexus/1.7/maven-scm-manager-plexus-1.7.jar
Progress (1): 4.1/101 kBProgress (1): 8.2/101 kBProgress (1): 12/101 kB Progress (1): 16/101 kBProgress (1): 20/101 kBProgress (1): 24/101 kBProgress (1): 28/101 kBProgress (1): 32/101 kBProgress (1): 36/101 kBProgress (1): 40/101 kBProgress (1): 45/101 kBProgress (1): 49/101 kBProgress (1): 53/101 kBProgress (1): 57/101 kBProgress (1): 61/101 kBProgress (1): 65/101 kBProgress (1): 69/101 kBProgress (1): 73/101 kBProgress (1): 77/101 kBProgress (1): 81/101 kBProgress (1): 85/101 kBProgress (1): 90/101 kBProgress (1): 94/101 kBProgress (1): 98/101 kBProgress (1): 101 kB                       Downloaded from central: https://repo.maven.apache.org/maven2/org/apache/maven/scm/maven-scm-api/1.7/maven-scm-api-1.7.jar (101 kB at 2.5 MB/s)
Downloading from central: https://repo.maven.apache.org/maven2/org/apache/maven/scm/maven-scm-provider-git-commons/1.7/maven-scm-provider-git-commons-1.7.jar
Progress (1): 4.1/38 kBProgress (1): 8.2/38 kBProgress (1): 12/38 kB Progress (1): 16/38 kBProgress (1): 20/38 kBProgress (1): 24/38 kBProgress (1): 28/38 kBProgress (1): 32/38 kBProgress (1): 36/38 kBProgress (1): 38 kB                      Downloaded from central: https://repo.maven.apache.org/maven2/org/apache/maven/scm/maven-scm-provider-git-commons/1.7/maven-scm-provider-git-commons-1.7.jar (38 kB at 630 kB/s)
Downloading from central: https://repo.maven.apache.org/maven2/org/apache/maven/scm/maven-scm-provider-svn-commons/1.7/maven-scm-provider-svn-commons-1.7.jar
Progress (1): 4.1/40 kBProgress (1): 8.2/40 kBProgress (1): 12/40 kB Progress (1): 16/40 kBProgress (1): 20/40 kBProgress (1): 24/40 kBProgress (1): 28/40 kBProgress (1): 32/40 kBProgress (1): 36/40 kBProgress (1): 40 kB   Progress (2): 40 kB | 2.7/61 kBProgress (2): 40 kB | 5.5/61 kBProgress (3): 40 kB | 5.5/61 kB | 2.7/76 kBProgress (3): 40 kB | 8.2/61 kB | 2.7/76 kBProgress (3): 40 kB | 8.2/61 kB | 5.5/76 kBProgress (3): 40 kB | 8.2/61 kB | 8.2/76 kBProgress (4): 40 kB | 8.2/61 kB | 8.2/76 kB | 2.7/11 kBProgress (4): 40 kB | 11/61 kB | 8.2/76 kB | 2.7/11 kB Progress (4): 40 kB | 11/61 kB | 8.2/76 kB | 5.5/11 kBProgress (4): 40 kB | 11/61 kB | 11/76 kB | 5.5/11 kB Progress (5): 40 kB | 11/61 kB | 11/76 kB | 5.5/11 kB | 2.7/54 kBProgress (5): 40 kB | 11/61 kB | 14/76 kB | 5.5/11 kB | 2.7/54 kBProgress (5): 40 kB | 11/61 kB | 14/76 kB | 8.2/11 kB | 2.7/54 kBProgress (5): 40 kB | 14/61 kB | 14/76 kB | 8.2/11 kB | 2.7/54 kBProgress (5): 40 kB | 14/61 kB | 14/76 kB | 11 kB | 2.7/54 kB    Progress (5): 40 kB | 14/61 kB | 16/76 kB | 11 kB | 2.7/54 kBProgress (5): 40 kB | 14/61 kB | 16/76 kB | 11 kB | 5.5/54 kBProgress (5): 40 kB | 16/61 kB | 16/76 kB | 11 kB | 5.5/54 kBProgress (5): 40 kB | 16/61 kB | 16/76 kB | 11 kB | 8.2/54 kBProgress (5): 40 kB | 16/61 kB | 19/76 kB | 11 kB | 8.2/54 kBProgress (5): 40 kB | 16/61 kB | 19/76 kB | 11 kB | 11/54 kB Progress (5): 40 kB | 19/61 kB | 19/76 kB | 11 kB | 11/54 kBProgress (5): 40 kB | 19/61 kB | 19/76 kB | 11 kB | 14/54 kBProgress (5): 40 kB | 19/61 kB | 21/76 kB | 11 kB | 14/54 kBProgress (5): 40 kB | 19/61 kB | 21/76 kB | 11 kB | 16/54 kBProgress (5): 40 kB | 19/61 kB | 24/76 kB | 11 kB | 16/54 kBProgress (5): 40 kB | 21/61 kB | 24/76 kB | 11 kB | 16/54 kBProgress (5): 40 kB | 21/61 kB | 27/76 kB | 11 kB | 16/54 kBProgress (5): 40 kB | 21/61 kB | 27/76 kB | 11 kB | 19/54 kBProgress (5): 40 kB | 21/61 kB | 30/76 kB | 11 kB | 19/54 kBProgress (5): 40 kB | 24/61 kB | 30/76 kB | 11 kB | 19/54 kBProgress (5): 40 kB | 24/61 kB | 32/76 kB | 11 kB | 19/54 kB                                                            Downloaded from central: https://repo.maven.apache.org/maven2/org/apache/maven/scm/maven-scm-manager-plexus/1.7/maven-scm-manager-plexus-1.7.jar (11 kB at 83 kB/s)
Progress (4): 40 kB | 24/61 kB | 32/76 kB | 21/54 kB                                                    Downloading from central: https://repo.maven.apache.org/maven2/org/apache/maven/scm/maven-scm-provider-cvsexe/1.7/maven-scm-provider-cvsexe-1.7.jar
Progress (4): 40 kB | 24/61 kB | 35/76 kB | 21/54 kBProgress (4): 40 kB | 27/61 kB | 35/76 kB | 21/54 kBProgress (4): 40 kB | 27/61 kB | 38/76 kB | 21/54 kBProgress (4): 40 kB | 30/61 kB | 38/76 kB | 21/54 kBProgress (4): 40 kB | 30/61 kB | 40/76 kB | 21/54 kBProgress (4): 40 kB | 30/61 kB | 40/76 kB | 24/54 kBProgress (4): 40 kB | 30/61 kB | 43/76 kB | 24/54 kBProgress (4): 40 kB | 32/61 kB | 43/76 kB | 24/54 kBProgress (4): 40 kB | 32/61 kB | 43/76 kB | 27/54 kBProgress (4): 40 kB | 32/61 kB | 46/76 kB | 27/54 kBProgress (4): 40 kB | 35/61 kB | 46/76 kB | 27/54 kBProgress (4): 40 kB | 35/61 kB | 46/76 kB | 30/54 kBProgress (4): 40 kB | 35/61 kB | 49/76 kB | 30/54 kBProgress (4): 40 kB | 38/61 kB | 49/76 kB | 30/54 kBProgress (4): 40 kB | 38/61 kB | 49/76 kB | 32/54 kBProgress (4): 40 kB | 40/61 kB | 49/76 kB | 32/54 kBProgress (4): 40 kB | 40/61 kB | 53/76 kB | 32/54 kBProgress (4): 40 kB | 40/61 kB | 53/76 kB | 35/54 kBProgress (4): 40 kB | 43/61 kB | 53/76 kB | 35/54 kBProgress (4): 40 kB | 43/61 kB | 57/76 kB | 35/54 kBProgress (4): 40 kB | 43/61 kB | 61/76 kB | 35/54 kBProgress (4): 40 kB | 43/61 kB | 61/76 kB | 38/54 kBProgress (4): 40 kB | 46/61 kB | 61/76 kB | 38/54 kBProgress (4): 40 kB | 46/61 kB | 65/76 kB | 38/54 kBProgress (4): 40 kB | 46/61 kB | 65/76 kB | 40/54 kBProgress (4): 40 kB | 46/61 kB | 69/76 kB | 40/54 kBProgress (4): 40 kB | 49/61 kB | 69/76 kB | 40/54 kBProgress (4): 40 kB | 49/61 kB | 73/76 kB | 40/54 kBProgress (4): 40 kB | 49/61 kB | 76 kB | 40/54 kB   Progress (4): 40 kB | 49/61 kB | 76 kB | 43/54 kBProgress (4): 40 kB | 51/61 kB | 76 kB | 43/54 kBProgress (4): 40 kB | 51/61 kB | 76 kB | 46/54 kBProgress (4): 40 kB | 54/61 kB | 76 kB | 46/54 kBProgress (4): 40 kB | 54/61 kB | 76 kB | 49/54 kBProgress (4): 40 kB | 57/61 kB | 76 kB | 49/54 kBProgress (4): 40 kB | 57/61 kB | 76 kB | 51/54 kBProgress (4): 40 kB | 60/61 kB | 76 kB | 51/54 kBProgress (4): 40 kB | 60/61 kB | 76 kB | 54/54 kBProgress (4): 40 kB | 60/61 kB | 76 kB | 54 kB   Progress (4): 40 kB | 61 kB | 76 kB | 54 kB                                              Downloaded from central: https://repo.maven.apache.org/maven2/org/apache/maven/scm/maven-scm-provider-svnexe/1.7/maven-scm-provider-svnexe-1.7.jar (76 kB at 514 kB/s)
Downloading from central: https://repo.maven.apache.org/maven2/org/apache/maven/scm/maven-scm-provider-cvs-commons/1.7/maven-scm-provider-cvs-commons-1.7.jar
Downloaded from central: https://repo.maven.apache.org/maven2/org/apache/maven/scm/maven-scm-provider-svn-commons/1.7/maven-scm-provider-svn-commons-1.7.jar (40 kB at 275 kB/s)
Downloading from central: https://repo.maven.apache.org/maven2/org/apache/maven/scm/maven-scm-provider-starteam/1.7/maven-scm-provider-starteam-1.7.jar
Downloaded from central: https://repo.maven.apache.org/maven2/org/apache/maven/scm/maven-scm-provider-bazaar/1.7/maven-scm-provider-bazaar-1.7.jar (54 kB at 356 kB/s)
Downloading from central: https://repo.maven.apache.org/maven2/org/apache/maven/scm/maven-scm-provider-clearcase/1.7/maven-scm-provider-clearcase-1.7.jar
Progress (2): 61 kB | 2.7/30 kBProgress (3): 61 kB | 2.7/30 kB | 4.1/80 kBProgress (3): 61 kB | 2.7/30 kB | 8.2/80 kBProgress (3): 61 kB | 5.5/30 kB | 8.2/80 kBProgress (3): 61 kB | 5.5/30 kB | 12/80 kB Progress (3): 61 kB | 5.5/30 kB | 16/80 kBProgress (4): 61 kB | 5.5/30 kB | 16/80 kB | 4.1/74 kBProgress (4): 61 kB | 5.5/30 kB | 20/80 kB | 4.1/74 kBProgress (4): 61 kB | 5.5/30 kB | 20/80 kB | 8.2/74 kBProgress (4): 61 kB | 8.2/30 kB | 20/80 kB | 8.2/74 kBProgress (4): 61 kB | 8.2/30 kB | 20/80 kB | 12/74 kB Progress (4): 61 kB | 8.2/30 kB | 24/80 kB | 12/74 kBProgress (4): 61 kB | 8.2/30 kB | 24/80 kB | 16/74 kBProgress (4): 61 kB | 11/30 kB | 24/80 kB | 16/74 kB Progress (4): 61 kB | 11/30 kB | 28/80 kB | 16/74 kBProgress (4): 61 kB | 11/30 kB | 32/80 kB | 16/74 kBProgress (4): 61 kB | 14/30 kB | 32/80 kB | 16/74 kBProgress (4): 61 kB | 14/30 kB | 32/80 kB | 20/74 kBProgress (4): 61 kB | 16/30 kB | 32/80 kB | 20/74 kBProgress (4): 61 kB | 16/30 kB | 36/80 kB | 20/74 kB                                                    Downloaded from central: https://repo.maven.apache.org/maven2/org/apache/maven/scm/maven-scm-provider-gitexe/1.7/maven-scm-provider-gitexe-1.7.jar (61 kB at 382 kB/s)
Downloading from central: https://repo.maven.apache.org/maven2/org/apache/maven/scm/maven-scm-provider-perforce/1.7/maven-scm-provider-perforce-1.7.jar
Progress (4): 16/30 kB | 36/80 kB | 20/74 kB | 4.1/71 kBProgress (4): 16/30 kB | 36/80 kB | 24/74 kB | 4.1/71 kBProgress (4): 16/30 kB | 36/80 kB | 24/74 kB | 8.2/71 kBProgress (4): 19/30 kB | 36/80 kB | 24/74 kB | 8.2/71 kBProgress (4): 19/30 kB | 40/80 kB | 24/74 kB | 8.2/71 kBProgress (4): 19/30 kB | 40/80 kB | 24/74 kB | 12/71 kB Progress (4): 19/30 kB | 40/80 kB | 28/74 kB | 12/71 kBProgress (4): 19/30 kB | 40/80 kB | 28/74 kB | 16/71 kBProgress (4): 21/30 kB | 40/80 kB | 28/74 kB | 16/71 kBProgress (4): 21/30 kB | 45/80 kB | 28/74 kB | 16/71 kBProgress (4): 21/30 kB | 45/80 kB | 32/74 kB | 16/71 kBProgress (4): 24/30 kB | 45/80 kB | 32/74 kB | 16/71 kBProgress (4): 24/30 kB | 49/80 kB | 32/74 kB | 16/71 kBProgress (4): 24/30 kB | 49/80 kB | 32/74 kB | 20/71 kBProgress (4): 27/30 kB | 49/80 kB | 32/74 kB | 20/71 kBProgress (4): 27/30 kB | 49/80 kB | 32/74 kB | 24/71 kBProgress (4): 27/30 kB | 53/80 kB | 32/74 kB | 24/71 kBProgress (4): 30/30 kB | 53/80 kB | 32/74 kB | 24/71 kBProgress (4): 30/30 kB | 53/80 kB | 32/74 kB | 28/71 kBProgress (4): 30/30 kB | 53/80 kB | 36/74 kB | 28/71 kBProgress (4): 30/30 kB | 57/80 kB | 36/74 kB | 28/71 kBProgress (4): 30/30 kB | 57/80 kB | 40/74 kB | 28/71 kBProgress (4): 30 kB | 57/80 kB | 40/74 kB | 28/71 kB   Progress (4): 30 kB | 57/80 kB | 40/74 kB | 32/71 kBProgress (4): 30 kB | 57/80 kB | 44/74 kB | 32/71 kBProgress (4): 30 kB | 61/80 kB | 44/74 kB | 32/71 kBProgress (4): 30 kB | 61/80 kB | 48/74 kB | 32/71 kBProgress (4): 30 kB | 65/80 kB | 48/74 kB | 32/71 kBProgress (5): 30 kB | 65/80 kB | 48/74 kB | 32/71 kB | 4.1/82 kBProgress (5): 30 kB | 65/80 kB | 48/74 kB | 36/71 kB | 4.1/82 kBProgress (5): 30 kB | 69/80 kB | 48/74 kB | 36/71 kB | 4.1/82 kBProgress (5): 30 kB | 69/80 kB | 48/74 kB | 36/71 kB | 8.2/82 kBProgress (5): 30 kB | 69/80 kB | 52/74 kB | 36/71 kB | 8.2/82 kBProgress (5): 30 kB | 73/80 kB | 52/74 kB | 36/71 kB | 8.2/82 kBProgress (5): 30 kB | 73/80 kB | 52/74 kB | 40/71 kB | 8.2/82 kBProgress (5): 30 kB | 77/80 kB | 52/74 kB | 40/71 kB | 8.2/82 kBProgress (5): 30 kB | 77/80 kB | 57/74 kB | 40/71 kB | 8.2/82 kBProgress (5): 30 kB | 77/80 kB | 57/74 kB | 40/71 kB | 12/82 kB Progress (5): 30 kB | 77/80 kB | 61/74 kB | 40/71 kB | 12/82 kBProgress (5): 30 kB | 80 kB | 61/74 kB | 40/71 kB | 12/82 kB   Progress (5): 30 kB | 80 kB | 61/74 kB | 45/71 kB | 12/82 kBProgress (5): 30 kB | 80 kB | 65/74 kB | 45/71 kB | 12/82 kBProgress (5): 30 kB | 80 kB | 65/74 kB | 45/71 kB | 16/82 kBProgress (5): 30 kB | 80 kB | 65/74 kB | 49/71 kB | 16/82 kBProgress (5): 30 kB | 80 kB | 69/74 kB | 49/71 kB | 16/82 kBProgress (5): 30 kB | 80 kB | 73/74 kB | 49/71 kB | 16/82 kBProgress (5): 30 kB | 80 kB | 74 kB | 49/71 kB | 16/82 kB   Progress (5): 30 kB | 80 kB | 74 kB | 49/71 kB | 20/82 kBProgress (5): 30 kB | 80 kB | 74 kB | 53/71 kB | 20/82 kBProgress (5): 30 kB | 80 kB | 74 kB | 53/71 kB | 24/82 kBProgress (5): 30 kB | 80 kB | 74 kB | 57/71 kB | 24/82 kBProgress (5): 30 kB | 80 kB | 74 kB | 57/71 kB | 28/82 kBProgress (5): 30 kB | 80 kB | 74 kB | 61/71 kB | 28/82 kBProgress (5): 30 kB | 80 kB | 74 kB | 61/71 kB | 32/82 kBProgress (5): 30 kB | 80 kB | 74 kB | 65/71 kB | 32/82 kBProgress (5): 30 kB | 80 kB | 74 kB | 69/71 kB | 32/82 kBProgress (5): 30 kB | 80 kB | 74 kB | 69/71 kB | 36/82 kBProgress (5): 30 kB | 80 kB | 74 kB | 71 kB | 36/82 kB   Progress (5): 30 kB | 80 kB | 74 kB | 71 kB | 40/82 kBProgress (5): 30 kB | 80 kB | 74 kB | 71 kB | 45/82 kBProgress (5): 30 kB | 80 kB | 74 kB | 71 kB | 49/82 kB                                                      Downloaded from central: https://repo.maven.apache.org/maven2/org/apache/maven/scm/maven-scm-provider-cvsexe/1.7/maven-scm-provider-cvsexe-1.7.jar (30 kB at 162 kB/s)
Downloading from central: https://repo.maven.apache.org/maven2/org/apache/maven/scm/maven-scm-provider-hg/1.7/maven-scm-provider-hg-1.7.jar
Progress (4): 80 kB | 74 kB | 71 kB | 53/82 kBProgress (4): 80 kB | 74 kB | 71 kB | 57/82 kBProgress (4): 80 kB | 74 kB | 71 kB | 61/82 kBProgress (4): 80 kB | 74 kB | 71 kB | 65/82 kBProgress (4): 80 kB | 74 kB | 71 kB | 69/82 kBProgress (4): 80 kB | 74 kB | 71 kB | 73/82 kBProgress (4): 80 kB | 74 kB | 71 kB | 77/82 kBProgress (4): 80 kB | 74 kB | 71 kB | 81/82 kBProgress (4): 80 kB | 74 kB | 71 kB | 82 kB                                              Downloaded from central: https://repo.maven.apache.org/maven2/org/apache/maven/scm/maven-scm-provider-clearcase/1.7/maven-scm-provider-clearcase-1.7.jar (71 kB at 370 kB/s)
Downloaded from central: https://repo.maven.apache.org/maven2/org/apache/maven/scm/maven-scm-provider-perforce/1.7/maven-scm-provider-perforce-1.7.jar (82 kB at 419 kB/s)
Progress (3): 80 kB | 74 kB | 4.1/65 kB                                       Downloaded from central: https://repo.maven.apache.org/maven2/org/apache/maven/scm/maven-scm-provider-cvs-commons/1.7/maven-scm-provider-cvs-commons-1.7.jar (80 kB at 407 kB/s)
Progress (2): 74 kB | 8.2/65 kBProgress (2): 74 kB | 12/65 kB Progress (2): 74 kB | 16/65 kBProgress (2): 74 kB | 20/65 kBProgress (2): 74 kB | 24/65 kBProgress (2): 74 kB | 28/65 kBProgress (2): 74 kB | 32/65 kBProgress (2): 74 kB | 36/65 kBProgress (2): 74 kB | 40/65 kBProgress (2): 74 kB | 45/65 kBProgress (2): 74 kB | 49/65 kBProgress (2): 74 kB | 53/65 kBProgress (2): 74 kB | 57/65 kBProgress (2): 74 kB | 61/65 kBProgress (2): 74 kB | 65/65 kBProgress (2): 74 kB | 65 kB                              Downloaded from central: https://repo.maven.apache.org/maven2/org/apache/maven/scm/maven-scm-provider-hg/1.7/maven-scm-provider-hg-1.7.jar (65 kB at 305 kB/s)
Downloaded from central: https://repo.maven.apache.org/maven2/org/apache/maven/scm/maven-scm-provider-starteam/1.7/maven-scm-provider-starteam-1.7.jar (74 kB at 301 kB/s)
[[1;34mINFO[m] Checking for local modifications: skipped.
[[1;34mINFO[m] Updating project files from SCM: skipped.
[[1;34mINFO[m] Executing: /bin/sh -c cd /home/user/Reproducibility-Scanner/benchmarks/bugs-dot-jar/accumulo && svn --non-interactive info
[[1;34mINFO[m] Working directory: /home/user/Reproducibility-Scanner/benchmarks/bugs-dot-jar/accumulo
[[1;34mINFO[m] Storing buildNumber: null at timestamp: 1658023053159
[[1;34mINFO[m] Executing: /bin/sh -c cd /home/user/Reproducibility-Scanner/benchmarks/bugs-dot-jar/accumulo && svn --non-interactive info
[[1;34mINFO[m] Working directory: /home/user/Reproducibility-Scanner/benchmarks/bugs-dot-jar/accumulo
[[1;34mINFO[m] Storing buildScmBranch: UNKNOWN_BRANCH
[[1;34mINFO[m] 
[[1;34mINFO[m] [1m--- [0;32mmaven-enforcer-plugin:1.0.1:enforce[m [1m(enforce-mvn)[m @ [36maccumulo[0;1m ---[m
[[1;34mINFO[m] 
[[1;34mINFO[m] [1m--- [0;32mmaven-remote-resources-plugin:1.3:process[m [1m(default)[m @ [36maccumulo[0;1m ---[m
[[1;34mINFO[m] 
[[1;34mINFO[m] [1m--- [0;32mmaven-dependency-plugin:2.3:copy-dependencies[m [1m(copy-dependencies)[m @ [36maccumulo[0;1m ---[m
[[1;34mINFO[m] 
[[1;34mINFO[m] [1m--- [0;32mmaven-site-plugin:3.2:attach-descriptor[m [1m(attach-descriptor)[m @ [36maccumulo[0;1m ---[m
[[1;34mINFO[m] 
[[1;34mINFO[m] [1m--- [0;32mmaven-source-plugin:2.1.2:jar-no-fork[m [1m(attach-sources)[m @ [36maccumulo[0;1m ---[m
[[1;34mINFO[m] 
[[1;34mINFO[m] [1m--- [0;32mmaven-source-plugin:2.1.2:test-jar-no-fork[m [1m(attach-sources)[m @ [36maccumulo[0;1m ---[m
[[1;34mINFO[m] 
[[1;34mINFO[m] [1m--- [0;32mmaven-install-plugin:2.3.1:install[m [1m(default-install)[m @ [36maccumulo[0;1m ---[m
[[1;34mINFO[m] Installing /home/user/Reproducibility-Scanner/benchmarks/bugs-dot-jar/accumulo/pom.xml to /home/user/.m2/repository/org/apache/accumulo/accumulo/1.5.0-SNAPSHOT/accumulo-1.5.0-SNAPSHOT.pom
[[1;34mINFO[m] Installing /home/user/Reproducibility-Scanner/benchmarks/bugs-dot-jar/accumulo/target/accumulo-1.5.0-SNAPSHOT-site.xml to /home/user/.m2/repository/org/apache/accumulo/accumulo/1.5.0-SNAPSHOT/accumulo-1.5.0-SNAPSHOT-site.xml
[[1;34mINFO[m] 
[[1;34mINFO[m] [1m-----------------< [0;36morg.apache.accumulo:accumulo-trace[0;1m >-----------------[m
[[1;34mINFO[m] [1mBuilding Trace 1.5.0-SNAPSHOT                                     [2/12][m
[[1;34mINFO[m] [1m--------------------------------[ jar ]---------------------------------[m
Downloading from central: https://repo.maven.apache.org/maven2/org/apache/zookeeper/zookeeper/3.3.1/zookeeper-3.3.1.jar
Progress (1): 4.1/596 kBProgress (1): 8.2/596 kBProgress (1): 12/596 kB Progress (1): 16/596 kBProgress (1): 20/596 kBProgress (1): 24/596 kBProgress (1): 28/596 kBProgress (1): 32/596 kBProgress (1): 36/596 kBProgress (1): 40/596 kBProgress (1): 45/596 kBProgress (1): 49/596 kBProgress (1): 53/596 kBProgress (1): 57/596 kBProgress (1): 61/596 kBProgress (1): 65/596 kBProgress (1): 69/596 kBProgress (1): 73/596 kBProgress (1): 77/596 kBProgress (1): 81/596 kBProgress (1): 85/596 kBProgress (1): 90/596 kBProgress (1): 94/596 kBProgress (1): 98/596 kBProgress (1): 102/596 kBProgress (1): 106/596 kBProgress (1): 110/596 kBProgress (1): 114/596 kBProgress (1): 118/596 kBProgress (1): 122/596 kBProgress (1): 126/596 kBProgress (1): 131/596 kBProgress (1): 135/596 kBProgress (1): 139/596 kBProgress (1): 143/596 kBProgress (1): 147/596 kBProgress (1): 151/596 kBProgress (1): 155/596 kBProgress (1): 159/596 kBProgress (1): 163/596 kBProgress (1): 167/596 kBProgress (1): 171/596 kBProgress (1): 176/596 kBProgress (1): 180/596 kBProgress (1): 184/596 kBProgress (1): 188/596 kBProgress (1): 192/596 kBProgress (1): 196/596 kBProgress (1): 200/596 kBProgress (1): 204/596 kBProgress (1): 208/596 kBProgress (1): 212/596 kBProgress (1): 217/596 kBProgress (1): 221/596 kBProgress (1): 225/596 kBProgress (1): 229/596 kBProgress (1): 233/596 kBProgress (1): 237/596 kBProgress (1): 241/596 kBProgress (1): 245/596 kBProgress (1): 249/596 kBProgress (1): 253/596 kBProgress (1): 258/596 kBProgress (1): 262/596 kBProgress (1): 266/596 kBProgress (1): 270/596 kBProgress (1): 274/596 kBProgress (1): 278/596 kBProgress (1): 282/596 kBProgress (1): 286/596 kBProgress (1): 290/596 kBProgress (1): 294/596 kBProgress (1): 298/596 kBProgress (1): 303/596 kBProgress (1): 307/596 kBProgress (1): 311/596 kBProgress (1): 315/596 kBProgress (1): 319/596 kBProgress (1): 323/596 kBProgress (1): 327/596 kBProgress (1): 331/596 kBProgress (1): 335/596 kBProgress (1): 339/596 kBProgress (1): 343/596 kBProgress (1): 348/596 kBProgress (1): 352/596 kBProgress (1): 356/596 kBProgress (1): 360/596 kBProgress (1): 364/596 kBProgress (1): 368/596 kBProgress (1): 372/596 kBProgress (1): 376/596 kBProgress (1): 380/596 kBProgress (1): 384/596 kBProgress (1): 389/596 kBProgress (1): 393/596 kBProgress (1): 397/596 kBProgress (1): 401/596 kBProgress (1): 405/596 kBProgress (1): 409/596 kBProgress (1): 413/596 kBProgress (1): 417/596 kBProgress (1): 421/596 kBProgress (1): 425/596 kBProgress (1): 430/596 kBProgress (1): 434/596 kBProgress (1): 438/596 kBProgress (1): 442/596 kBProgress (1): 446/596 kBProgress (1): 450/596 kBProgress (1): 454/596 kBProgress (1): 458/596 kBProgress (1): 462/596 kBProgress (1): 466/596 kBProgress (1): 470/596 kBProgress (1): 475/596 kBProgress (1): 479/596 kBProgress (1): 483/596 kBProgress (1): 487/596 kBProgress (1): 491/596 kBProgress (1): 495/596 kBProgress (1): 499/596 kBProgress (1): 503/596 kBProgress (1): 507/596 kBProgress (1): 511/596 kBProgress (1): 516/596 kBProgress (1): 520/596 kBProgress (1): 524/596 kBProgress (1): 528/596 kBProgress (1): 532/596 kBProgress (1): 536/596 kBProgress (1): 540/596 kBProgress (1): 544/596 kBProgress (1): 548/596 kBProgress (1): 552/596 kBProgress (1): 556/596 kBProgress (1): 561/596 kBProgress (1): 565/596 kBProgress (1): 569/596 kBProgress (1): 573/596 kBProgress (1): 577/596 kBProgress (1): 581/596 kBProgress (1): 585/596 kBProgress (1): 589/596 kBProgress (1): 593/596 kBProgress (1): 596 kB                        Downloaded from central: https://repo.maven.apache.org/maven2/org/apache/zookeeper/zookeeper/3.3.1/zookeeper-3.3.1.jar (596 kB at 10 MB/s)
[[1;34mINFO[m] 
[[1;34mINFO[m] [1m--- [0;32mbuildnumber-maven-plugin:1.1:create[m [1m(default)[m @ [36maccumulo-trace[0;1m ---[m
[[1;34mINFO[m] Checking for local modifications: skipped.
[[1;34mINFO[m] Updating project files from SCM: skipped.
[[1;34mINFO[m] Executing: /bin/sh -c cd /home/user/Reproducibility-Scanner/benchmarks/bugs-dot-jar/accumulo/trace && svn --non-interactive info
[[1;34mINFO[m] Working directory: /home/user/Reproducibility-Scanner/benchmarks/bugs-dot-jar/accumulo/trace
[[1;34mINFO[m] Storing buildNumber: null at timestamp: 1658023054381
[[1;34mINFO[m] Executing: /bin/sh -c cd /home/user/Reproducibility-Scanner/benchmarks/bugs-dot-jar/accumulo/trace && svn --non-interactive info
[[1;34mINFO[m] Working directory: /home/user/Reproducibility-Scanner/benchmarks/bugs-dot-jar/accumulo/trace
[[1;34mINFO[m] Storing buildScmBranch: UNKNOWN_BRANCH
[[1;34mINFO[m] 
[[1;34mINFO[m] [1m--- [0;32mmaven-enforcer-plugin:1.0.1:enforce[m [1m(enforce-mvn)[m @ [36maccumulo-trace[0;1m ---[m
[[1;34mINFO[m] 
[[1;34mINFO[m] [1m--- [0;32mexec-maven-plugin:1.2.1:exec[m [1m(generate-thrift)[m @ [36maccumulo-trace[0;1m ---[m
****************************************************
*** thrift is not available
***   expecting 'thrift -version' to return 0.9
*** generated code will not be updated
****************************************************
[[1;34mINFO[m] 
[[1;34mINFO[m] [1m--- [0;32mmaven-remote-resources-plugin:1.3:process[m [1m(default)[m @ [36maccumulo-trace[0;1m ---[m
[[1;34mINFO[m] 
[[1;34mINFO[m] [1m--- [0;32mmaven-resources-plugin:2.5:resources[m [1m(default-resources)[m @ [36maccumulo-trace[0;1m ---[m
[debug] execute contextualize
[[1;34mINFO[m] Using 'UTF-8' encoding to copy filtered resources.
[[1;34mINFO[m] skip non existing resourceDirectory /home/user/Reproducibility-Scanner/benchmarks/bugs-dot-jar/accumulo/trace/src/main/resources
[[1;34mINFO[m] Copying 3 resources
[[1;34mINFO[m] 
[[1;34mINFO[m] [1m--- [0;32mmaven-dependency-plugin:2.3:copy-dependencies[m [1m(copy-dependencies)[m @ [36maccumulo-trace[0;1m ---[m
[[1;34mINFO[m] Copying log4j-1.2.16.jar to /home/user/Reproducibility-Scanner/benchmarks/bugs-dot-jar/accumulo/lib/log4j-1.2.16.jar
[[1;34mINFO[m] Copying libthrift-0.9.0.jar to /home/user/Reproducibility-Scanner/benchmarks/bugs-dot-jar/accumulo/lib/libthrift-0.9.0.jar
[[1;34mINFO[m] 
[[1;34mINFO[m] [1m--- [0;32mmaven-compiler-plugin:2.3.2:compile[m [1m(default-compile)[m @ [36maccumulo-trace[0;1m ---[m
[[1;34mINFO[m] Compiling 22 source files to /home/user/Reproducibility-Scanner/benchmarks/bugs-dot-jar/accumulo/trace/target/classes
[[1;34mINFO[m] 
[[1;34mINFO[m] [1m--- [0;32mmaven-resources-plugin:2.5:testResources[m [1m(default-testResources)[m @ [36maccumulo-trace[0;1m ---[m
[debug] execute contextualize
[[1;34mINFO[m] Using 'UTF-8' encoding to copy filtered resources.
[[1;34mINFO[m] skip non existing resourceDirectory /home/user/Reproducibility-Scanner/benchmarks/bugs-dot-jar/accumulo/trace/src/test/resources
[[1;34mINFO[m] Copying 3 resources
[[1;34mINFO[m] 
[[1;34mINFO[m] [1m--- [0;32mmaven-compiler-plugin:2.3.2:testCompile[m [1m(default-testCompile)[m @ [36maccumulo-trace[0;1m ---[m
[[1;34mINFO[m] Compiling 3 source files to /home/user/Reproducibility-Scanner/benchmarks/bugs-dot-jar/accumulo/trace/target/test-classes
[[1;34mINFO[m] 
[[1;34mINFO[m] [1m--- [0;32mmaven-surefire-plugin:2.12:test[m [1m(default-test)[m @ [36maccumulo-trace[0;1m ---[m
[[1;34mINFO[m] Tests are skipped.
[[1;34mINFO[m] 
[[1;34mINFO[m] [1m--- [0;32mmaven-jar-plugin:2.4:jar[m [1m(default-jar)[m @ [36maccumulo-trace[0;1m ---[m
[[1;34mINFO[m] Building jar: /home/user/Reproducibility-Scanner/benchmarks/bugs-dot-jar/accumulo/lib/accumulo-trace-1.5.0-SNAPSHOT.jar
[[1;34mINFO[m] 
[[1;34mINFO[m] [1m--- [0;32mmaven-site-plugin:3.2:attach-descriptor[m [1m(attach-descriptor)[m @ [36maccumulo-trace[0;1m ---[m
[[1;34mINFO[m] 
[[1;34mINFO[m] [1m--- [0;32mmaven-source-plugin:2.1.2:jar-no-fork[m [1m(attach-sources)[m @ [36maccumulo-trace[0;1m ---[m
[[1;34mINFO[m] META-INF already added, skipping
[[1;34mINFO[m] META-INF/LICENSE already added, skipping
[[1;34mINFO[m] META-INF/NOTICE already added, skipping
[[1;34mINFO[m] META-INF/DEPENDENCIES already added, skipping
[[1;34mINFO[m] Building jar: /home/user/Reproducibility-Scanner/benchmarks/bugs-dot-jar/accumulo/lib/accumulo-trace-1.5.0-SNAPSHOT-sources.jar
[[1;34mINFO[m] META-INF already added, skipping
[[1;34mINFO[m] META-INF/LICENSE already added, skipping
[[1;34mINFO[m] META-INF/NOTICE already added, skipping
[[1;34mINFO[m] META-INF/DEPENDENCIES already added, skipping
[[1;34mINFO[m] 
[[1;34mINFO[m] [1m--- [0;32mmaven-source-plugin:2.1.2:test-jar-no-fork[m [1m(attach-sources)[m @ [36maccumulo-trace[0;1m ---[m
[[1;34mINFO[m] META-INF already added, skipping
[[1;34mINFO[m] META-INF/LICENSE already added, skipping
[[1;34mINFO[m] META-INF/NOTICE already added, skipping
[[1;34mINFO[m] META-INF/DEPENDENCIES already added, skipping
[[1;34mINFO[m] Building jar: /home/user/Reproducibility-Scanner/benchmarks/bugs-dot-jar/accumulo/lib/accumulo-trace-1.5.0-SNAPSHOT-test-sources.jar
[[1;34mINFO[m] META-INF already added, skipping
[[1;34mINFO[m] META-INF/LICENSE already added, skipping
[[1;34mINFO[m] META-INF/NOTICE already added, skipping
[[1;34mINFO[m] META-INF/DEPENDENCIES already added, skipping
[[1;34mINFO[m] 
[[1;34mINFO[m] [1m--- [0;32mmaven-install-plugin:2.3.1:install[m [1m(default-install)[m @ [36maccumulo-trace[0;1m ---[m
[[1;34mINFO[m] Installing /home/user/Reproducibility-Scanner/benchmarks/bugs-dot-jar/accumulo/lib/accumulo-trace-1.5.0-SNAPSHOT.jar to /home/user/.m2/repository/org/apache/accumulo/accumulo-trace/1.5.0-SNAPSHOT/accumulo-trace-1.5.0-SNAPSHOT.jar
[[1;34mINFO[m] Installing /home/user/Reproducibility-Scanner/benchmarks/bugs-dot-jar/accumulo/trace/pom.xml to /home/user/.m2/repository/org/apache/accumulo/accumulo-trace/1.5.0-SNAPSHOT/accumulo-trace-1.5.0-SNAPSHOT.pom
[[1;34mINFO[m] Installing /home/user/Reproducibility-Scanner/benchmarks/bugs-dot-jar/accumulo/lib/accumulo-trace-1.5.0-SNAPSHOT-sources.jar to /home/user/.m2/repository/org/apache/accumulo/accumulo-trace/1.5.0-SNAPSHOT/accumulo-trace-1.5.0-SNAPSHOT-sources.jar
[[1;34mINFO[m] Installing /home/user/Reproducibility-Scanner/benchmarks/bugs-dot-jar/accumulo/lib/accumulo-trace-1.5.0-SNAPSHOT-test-sources.jar to /home/user/.m2/repository/org/apache/accumulo/accumulo-trace/1.5.0-SNAPSHOT/accumulo-trace-1.5.0-SNAPSHOT-test-sources.jar
[[1;34mINFO[m] 
[[1;34mINFO[m] [1m-----------------< [0;36morg.apache.accumulo:accumulo-start[0;1m >-----------------[m
[[1;34mINFO[m] [1mBuilding Start 1.5.0-SNAPSHOT                                     [3/12][m
[[1;34mINFO[m] [1m--------------------------------[ jar ]---------------------------------[m
Downloading from central: https://repo.maven.apache.org/maven2/org/slf4j/slf4j-nop/1.7.2/slf4j-nop-1.7.2.pom
Progress (1): 1.5 kB                    Downloaded from central: https://repo.maven.apache.org/maven2/org/slf4j/slf4j-nop/1.7.2/slf4j-nop-1.7.2.pom (1.5 kB at 19 kB/s)
Downloading from central: https://repo.maven.apache.org/maven2/org/powermock/powermock-module-junit4/1.4.12/powermock-module-junit4-1.4.12.pom
Progress (1): 1.3 kB                    Downloaded from central: https://repo.maven.apache.org/maven2/org/powermock/powermock-module-junit4/1.4.12/powermock-module-junit4-1.4.12.pom (1.3 kB at 18 kB/s)
Downloading from central: https://repo.maven.apache.org/maven2/org/powermock/powermock-modules/1.4.12/powermock-modules-1.4.12.pom
Progress (1): 799 B                   Downloaded from central: https://repo.maven.apache.org/maven2/org/powermock/powermock-modules/1.4.12/powermock-modules-1.4.12.pom (799 B at 8.8 kB/s)
Downloading from central: https://repo.maven.apache.org/maven2/org/powermock/powermock/1.4.12/powermock-1.4.12.pom
Progress (1): 4.1/10 kBProgress (1): 8.2/10 kBProgress (1): 10 kB                       Downloaded from central: https://repo.maven.apache.org/maven2/org/powermock/powermock/1.4.12/powermock-1.4.12.pom (10 kB at 106 kB/s)
Downloading from central: https://repo.maven.apache.org/maven2/org/powermock/powermock-module-junit4-common/1.4.12/powermock-module-junit4-common-1.4.12.pom
Progress (1): 1.1 kB                    Downloaded from central: https://repo.maven.apache.org/maven2/org/powermock/powermock-module-junit4-common/1.4.12/powermock-module-junit4-common-1.4.12.pom (1.1 kB at 14 kB/s)
Downloading from central: https://repo.maven.apache.org/maven2/org/powermock/powermock-core/1.4.12/powermock-core-1.4.12.pom
Progress (1): 2.4 kB                    Downloaded from central: https://repo.maven.apache.org/maven2/org/powermock/powermock-core/1.4.12/powermock-core-1.4.12.pom (2.4 kB at 14 kB/s)
Downloading from central: https://repo.maven.apache.org/maven2/org/powermock/powermock-reflect/1.4.12/powermock-reflect-1.4.12.pom
Progress (1): 1.0 kB                    Downloaded from central: https://repo.maven.apache.org/maven2/org/powermock/powermock-reflect/1.4.12/powermock-reflect-1.4.12.pom (1.0 kB at 7.7 kB/s)
Downloading from central: https://repo.maven.apache.org/maven2/org/powermock/powermock-api-easymock/1.4.12/powermock-api-easymock-1.4.12.pom
Progress (1): 1.0 kB                    Downloaded from central: https://repo.maven.apache.org/maven2/org/powermock/powermock-api-easymock/1.4.12/powermock-api-easymock-1.4.12.pom (1.0 kB at 7.0 kB/s)
Downloading from central: https://repo.maven.apache.org/maven2/org/powermock/powermock-api/1.4.12/powermock-api-1.4.12.pom
Progress (1): 806 B                   Downloaded from central: https://repo.maven.apache.org/maven2/org/powermock/powermock-api/1.4.12/powermock-api-1.4.12.pom (806 B at 9.7 kB/s)
Downloading from central: https://repo.maven.apache.org/maven2/org/powermock/powermock-api-support/1.4.12/powermock-api-support-1.4.12.pom
Progress (1): 1.3 kB                    Downloaded from central: https://repo.maven.apache.org/maven2/org/powermock/powermock-api-support/1.4.12/powermock-api-support-1.4.12.pom (1.3 kB at 51 kB/s)
Downloading from apache.snapshots: http://repository.apache.org/snapshots/org/mortbay/jetty/jetty/maven-metadata.xml
Downloading from central: https://repo.maven.apache.org/maven2/org/mortbay/jetty/jetty/maven-metadata.xml
Progress (1): 688 B                   Downloaded from central: https://repo.maven.apache.org/maven2/org/mortbay/jetty/jetty/maven-metadata.xml (688 B at 28 kB/s)
Downloading from central: https://repo.maven.apache.org/maven2/org/apache/hadoop/hadoop-test/1.0.4/hadoop-test-1.0.4.pom
Progress (1): 2.0 kB                    Downloaded from central: https://repo.maven.apache.org/maven2/org/apache/hadoop/hadoop-test/1.0.4/hadoop-test-1.0.4.pom (2.0 kB at 14 kB/s)
Downloading from central: https://repo.maven.apache.org/maven2/org/slf4j/slf4j-nop/1.7.2/slf4j-nop-1.7.2.jar
Downloading from central: https://repo.maven.apache.org/maven2/org/powermock/powermock-module-junit4/1.4.12/powermock-module-junit4-1.4.12.jar
Downloading from central: https://repo.maven.apache.org/maven2/org/powermock/powermock-module-junit4-common/1.4.12/powermock-module-junit4-common-1.4.12.jar
Downloading from central: https://repo.maven.apache.org/maven2/org/powermock/powermock-core/1.4.12/powermock-core-1.4.12.jar
Downloading from central: https://repo.maven.apache.org/maven2/org/powermock/powermock-reflect/1.4.12/powermock-reflect-1.4.12.jar
Progress (1): 4.1 kBProgress (2): 4.1 kB | 4.1/12 kBProgress (2): 4.1 kB | 8.2/12 kBProgress (2): 4.1 kB | 12 kB    Progress (3): 4.1 kB | 12 kB | 2.7/43 kBProgress (3): 4.1 kB | 12 kB | 5.5/43 kBProgress (4): 4.1 kB | 12 kB | 5.5/43 kB | 4.1/21 kBProgress (4): 4.1 kB | 12 kB | 8.2/43 kB | 4.1/21 kBProgress (4): 4.1 kB | 12 kB | 8.2/43 kB | 8.2/21 kBProgress (4): 4.1 kB | 12 kB | 11/43 kB | 8.2/21 kB Progress (4): 4.1 kB | 12 kB | 11/43 kB | 12/21 kB Progress (4): 4.1 kB | 12 kB | 14/43 kB | 12/21 kBProgress (4): 4.1 kB | 12 kB | 14/43 kB | 16/21 kBProgress (4): 4.1 kB | 12 kB | 16/43 kB | 16/21 kBProgress (4): 4.1 kB | 12 kB | 16/43 kB | 20/21 kBProgress (4): 4.1 kB | 12 kB | 16/43 kB | 21 kB   Progress (4): 4.1 kB | 12 kB | 20/43 kB | 21 kBProgress (4): 4.1 kB | 12 kB | 24/43 kB | 21 kBProgress (4): 4.1 kB | 12 kB | 28/43 kB | 21 kBProgress (4): 4.1 kB | 12 kB | 32/43 kB | 21 kBProgress (4): 4.1 kB | 12 kB | 36/43 kB | 21 kBProgress (5): 4.1 kB | 12 kB | 36/43 kB | 21 kB | 4.1/84 kB                                                           Downloaded from central: https://repo.maven.apache.org/maven2/org/slf4j/slf4j-nop/1.7.2/slf4j-nop-1.7.2.jar (4.1 kB at 48 kB/s)
Progress (4): 12 kB | 36/43 kB | 21 kB | 8.2/84 kBProgress (4): 12 kB | 40/43 kB | 21 kB | 8.2/84 kBProgress (4): 12 kB | 40/43 kB | 21 kB | 12/84 kB                                                  Downloading from central: https://repo.maven.apache.org/maven2/org/powermock/powermock-api-easymock/1.4.12/powermock-api-easymock-1.4.12.jar
Progress (4): 12 kB | 40/43 kB | 21 kB | 16/84 kBProgress (4): 12 kB | 43 kB | 21 kB | 16/84 kB   Progress (4): 12 kB | 43 kB | 21 kB | 20/84 kBProgress (4): 12 kB | 43 kB | 21 kB | 24/84 kBProgress (4): 12 kB | 43 kB | 21 kB | 28/84 kBProgress (4): 12 kB | 43 kB | 21 kB | 32/84 kBProgress (4): 12 kB | 43 kB | 21 kB | 36/84 kBProgress (4): 12 kB | 43 kB | 21 kB | 40/84 kBProgress (4): 12 kB | 43 kB | 21 kB | 45/84 kBProgress (4): 12 kB | 43 kB | 21 kB | 49/84 kBProgress (4): 12 kB | 43 kB | 21 kB | 53/84 kBProgress (4): 12 kB | 43 kB | 21 kB | 57/84 kBProgress (4): 12 kB | 43 kB | 21 kB | 61/84 kBProgress (4): 12 kB | 43 kB | 21 kB | 65/84 kBProgress (4): 12 kB | 43 kB | 21 kB | 69/84 kBProgress (4): 12 kB | 43 kB | 21 kB | 73/84 kBProgress (4): 12 kB | 43 kB | 21 kB | 77/84 kBProgress (4): 12 kB | 43 kB | 21 kB | 81/84 kBProgress (4): 12 kB | 43 kB | 21 kB | 84 kB                                              Downloaded from central: https://repo.maven.apache.org/maven2/org/powermock/powermock-module-junit4-common/1.4.12/powermock-module-junit4-common-1.4.12.jar (12 kB at 80 kB/s)
Downloading from central: https://repo.maven.apache.org/maven2/org/powermock/powermock-api-support/1.4.12/powermock-api-support-1.4.12.jar
Downloaded from central: https://repo.maven.apache.org/maven2/org/powermock/powermock-module-junit4/1.4.12/powermock-module-junit4-1.4.12.jar (21 kB at 139 kB/s)
Downloading from central: https://repo.maven.apache.org/maven2/org/apache/hadoop/hadoop-test/1.0.4/hadoop-test-1.0.4.jar
Downloaded from central: https://repo.maven.apache.org/maven2/org/powermock/powermock-reflect/1.4.12/powermock-reflect-1.4.12.jar (43 kB at 279 kB/s)
Progress (2): 84 kB | 4.1/35 kBProgress (2): 84 kB | 8.2/35 kBProgress (2): 84 kB | 12/35 kB Progress (2): 84 kB | 16/35 kBProgress (2): 84 kB | 20/35 kBProgress (2): 84 kB | 24/35 kBProgress (2): 84 kB | 28/35 kBProgress (2): 84 kB | 32/35 kBProgress (2): 84 kB | 35 kB                              Downloaded from central: https://repo.maven.apache.org/maven2/org/powermock/powermock-core/1.4.12/powermock-core-1.4.12.jar (84 kB at 506 kB/s)
Progress (2): 35 kB | 4.1/19 kBProgress (2): 35 kB | 8.2/19 kBProgress (2): 35 kB | 12/19 kB Progress (2): 35 kB | 16/19 kBProgress (2): 35 kB | 19 kB                              Downloaded from central: https://repo.maven.apache.org/maven2/org/powermock/powermock-api-easymock/1.4.12/powermock-api-easymock-1.4.12.jar (35 kB at 153 kB/s)
Progress (2): 19 kB | 0/2.7 MBProgress (2): 19 kB | 0/2.7 MBProgress (2): 19 kB | 0/2.7 MBProgress (2): 19 kB | 0.1/2.7 MBProgress (2): 19 kB | 0.1/2.7 MBProgress (2): 19 kB | 0.1/2.7 MBProgress (2): 19 kB | 0.1/2.7 MBProgress (2): 19 kB | 0.1/2.7 MBProgress (2): 19 kB | 0.1/2.7 MBProgress (2): 19 kB | 0.2/2.7 MBProgress (2): 19 kB | 0.2/2.7 MBProgress (2): 19 kB | 0.2/2.7 MBProgress (2): 19 kB | 0.2/2.7 MBProgress (2): 19 kB | 0.2/2.7 MBProgress (2): 19 kB | 0.2/2.7 MBProgress (2): 19 kB | 0.3/2.7 MBProgress (2): 19 kB | 0.3/2.7 MBProgress (2): 19 kB | 0.3/2.7 MBProgress (2): 19 kB | 0.3/2.7 MBProgress (2): 19 kB | 0.3/2.7 MBProgress (2): 19 kB | 0.3/2.7 MBProgress (2): 19 kB | 0.4/2.7 MBProgress (2): 19 kB | 0.4/2.7 MBProgress (2): 19 kB | 0.4/2.7 MBProgress (2): 19 kB | 0.4/2.7 MBProgress (2): 19 kB | 0.4/2.7 MBProgress (2): 19 kB | 0.4/2.7 MBProgress (2): 19 kB | 0.5/2.7 MBProgress (2): 19 kB | 0.5/2.7 MBProgress (2): 19 kB | 0.5/2.7 MBProgress (2): 19 kB | 0.5/2.7 MBProgress (2): 19 kB | 0.5/2.7 MBProgress (2): 19 kB | 0.5/2.7 MBProgress (2): 19 kB | 0.6/2.7 MBProgress (2): 19 kB | 0.6/2.7 MBProgress (2): 19 kB | 0.6/2.7 MBProgress (2): 19 kB | 0.6/2.7 MBProgress (2): 19 kB | 0.6/2.7 MBProgress (2): 19 kB | 0.6/2.7 MBProgress (2): 19 kB | 0.7/2.7 MBProgress (2): 19 kB | 0.7/2.7 MBProgress (2): 19 kB | 0.7/2.7 MBProgress (2): 19 kB | 0.7/2.7 MBProgress (2): 19 kB | 0.7/2.7 MBProgress (2): 19 kB | 0.7/2.7 MBProgress (2): 19 kB | 0.8/2.7 MBProgress (2): 19 kB | 0.8/2.7 MBProgress (2): 19 kB | 0.8/2.7 MBProgress (2): 19 kB | 0.8/2.7 MBProgress (2): 19 kB | 0.8/2.7 MB                                Downloaded from central: https://repo.maven.apache.org/maven2/org/powermock/powermock-api-support/1.4.12/powermock-api-support-1.4.12.jar (19 kB at 62 kB/s)
Progress (1): 0.8/2.7 MBProgress (1): 0.9/2.7 MBProgress (1): 0.9/2.7 MBProgress (1): 0.9/2.7 MBProgress (1): 0.9/2.7 MBProgress (1): 0.9/2.7 MBProgress (1): 0.9/2.7 MBProgress (1): 0.9/2.7 MBProgress (1): 1.0/2.7 MBProgress (1): 1.0/2.7 MBProgress (1): 1.0/2.7 MBProgress (1): 1.0/2.7 MBProgress (1): 1.0/2.7 MBProgress (1): 1.0/2.7 MBProgress (1): 1.1/2.7 MBProgress (1): 1.1/2.7 MBProgress (1): 1.1/2.7 MBProgress (1): 1.1/2.7 MBProgress (1): 1.1/2.7 MBProgress (1): 1.1/2.7 MBProgress (1): 1.2/2.7 MBProgress (1): 1.2/2.7 MBProgress (1): 1.2/2.7 MBProgress (1): 1.2/2.7 MBProgress (1): 1.2/2.7 MBProgress (1): 1.2/2.7 MBProgress (1): 1.3/2.7 MBProgress (1): 1.3/2.7 MBProgress (1): 1.3/2.7 MBProgress (1): 1.3/2.7 MBProgress (1): 1.3/2.7 MBProgress (1): 1.3/2.7 MBProgress (1): 1.4/2.7 MBProgress (1): 1.4/2.7 MBProgress (1): 1.4/2.7 MBProgress (1): 1.4/2.7 MBProgress (1): 1.4/2.7 MBProgress (1): 1.4/2.7 MBProgress (1): 1.5/2.7 MBProgress (1): 1.5/2.7 MBProgress (1): 1.5/2.7 MBProgress (1): 1.5/2.7 MBProgress (1): 1.5/2.7 MBProgress (1): 1.5/2.7 MBProgress (1): 1.6/2.7 MBProgress (1): 1.6/2.7 MBProgress (1): 1.6/2.7 MBProgress (1): 1.6/2.7 MBProgress (1): 1.6/2.7 MBProgress (1): 1.6/2.7 MBProgress (1): 1.7/2.7 MBProgress (1): 1.7/2.7 MBProgress (1): 1.7/2.7 MBProgress (1): 1.7/2.7 MBProgress (1): 1.7/2.7 MBProgress (1): 1.7/2.7 MBProgress (1): 1.8/2.7 MBProgress (1): 1.8/2.7 MBProgress (1): 1.8/2.7 MBProgress (1): 1.8/2.7 MBProgress (1): 1.8/2.7 MBProgress (1): 1.8/2.7 MBProgress (1): 1.9/2.7 MBProgress (1): 1.9/2.7 MBProgress (1): 1.9/2.7 MBProgress (1): 1.9/2.7 MBProgress (1): 1.9/2.7 MBProgress (1): 1.9/2.7 MBProgress (1): 2.0/2.7 MBProgress (1): 2.0/2.7 MBProgress (1): 2.0/2.7 MBProgress (1): 2.0/2.7 MBProgress (1): 2.0/2.7 MBProgress (1): 2.0/2.7 MBProgress (1): 2.0/2.7 MBProgress (1): 2.1/2.7 MBProgress (1): 2.1/2.7 MBProgress (1): 2.1/2.7 MBProgress (1): 2.1/2.7 MBProgress (1): 2.1/2.7 MBProgress (1): 2.1/2.7 MBProgress (1): 2.2/2.7 MBProgress (1): 2.2/2.7 MBProgress (1): 2.2/2.7 MBProgress (1): 2.2/2.7 MBProgress (1): 2.2/2.7 MBProgress (1): 2.2/2.7 MBProgress (1): 2.3/2.7 MBProgress (1): 2.3/2.7 MBProgress (1): 2.3/2.7 MBProgress (1): 2.3/2.7 MBProgress (1): 2.3/2.7 MBProgress (1): 2.3/2.7 MBProgress (1): 2.4/2.7 MBProgress (1): 2.4/2.7 MBProgress (1): 2.4/2.7 MBProgress (1): 2.4/2.7 MBProgress (1): 2.4/2.7 MBProgress (1): 2.4/2.7 MBProgress (1): 2.5/2.7 MBProgress (1): 2.5/2.7 MBProgress (1): 2.5/2.7 MBProgress (1): 2.5/2.7 MBProgress (1): 2.5/2.7 MBProgress (1): 2.5/2.7 MBProgress (1): 2.6/2.7 MBProgress (1): 2.6/2.7 MBProgress (1): 2.6/2.7 MBProgress (1): 2.6/2.7 MBProgress (1): 2.6/2.7 MBProgress (1): 2.6/2.7 MBProgress (1): 2.7/2.7 MBProgress (1): 2.7 MB                        Downloaded from central: https://repo.maven.apache.org/maven2/org/apache/hadoop/hadoop-test/1.0.4/hadoop-test-1.0.4.jar (2.7 MB at 5.6 MB/s)
[[1;34mINFO[m] 
[[1;34mINFO[m] [1m--- [0;32mbuildnumber-maven-plugin:1.1:create[m [1m(default)[m @ [36maccumulo-start[0;1m ---[m
[[1;34mINFO[m] Checking for local modifications: skipped.
[[1;34mINFO[m] Updating project files from SCM: skipped.
[[1;34mINFO[m] Executing: /bin/sh -c cd /home/user/Reproducibility-Scanner/benchmarks/bugs-dot-jar/accumulo/start && svn --non-interactive info
[[1;34mINFO[m] Working directory: /home/user/Reproducibility-Scanner/benchmarks/bugs-dot-jar/accumulo/start
[[1;34mINFO[m] Storing buildNumber: null at timestamp: 1658023058759
[[1;34mINFO[m] Executing: /bin/sh -c cd /home/user/Reproducibility-Scanner/benchmarks/bugs-dot-jar/accumulo/start && svn --non-interactive info
[[1;34mINFO[m] Working directory: /home/user/Reproducibility-Scanner/benchmarks/bugs-dot-jar/accumulo/start
[[1;34mINFO[m] Storing buildScmBranch: UNKNOWN_BRANCH
[[1;34mINFO[m] 
[[1;34mINFO[m] [1m--- [0;32mmaven-enforcer-plugin:1.0.1:enforce[m [1m(enforce-mvn)[m @ [36maccumulo-start[0;1m ---[m
[[1;34mINFO[m] 
[[1;34mINFO[m] [1m--- [0;32mmaven-remote-resources-plugin:1.3:process[m [1m(default)[m @ [36maccumulo-start[0;1m ---[m
[[1;34mINFO[m] 
[[1;34mINFO[m] [1m--- [0;32mmaven-resources-plugin:2.5:resources[m [1m(default-resources)[m @ [36maccumulo-start[0;1m ---[m
[debug] execute contextualize
[[1;34mINFO[m] Using 'UTF-8' encoding to copy filtered resources.
[[1;34mINFO[m] skip non existing resourceDirectory /home/user/Reproducibility-Scanner/benchmarks/bugs-dot-jar/accumulo/start/src/main/resources
[[1;34mINFO[m] Copying 3 resources
[[1;34mINFO[m] 
[[1;34mINFO[m] [1m--- [0;32mmaven-dependency-plugin:2.3:copy-dependencies[m [1m(copy-dependencies)[m @ [36maccumulo-start[0;1m ---[m
[[1;34mINFO[m] Copying commons-io-1.4.jar to /home/user/Reproducibility-Scanner/benchmarks/bugs-dot-jar/accumulo/lib/commons-io-1.4.jar
[[1;34mINFO[m] Copying commons-vfs2-2.0.jar to /home/user/Reproducibility-Scanner/benchmarks/bugs-dot-jar/accumulo/lib/commons-vfs2-2.0.jar
[[1;34mINFO[m] Copying commons-logging-1.0.4.jar to /home/user/Reproducibility-Scanner/benchmarks/bugs-dot-jar/accumulo/lib/commons-logging-1.0.4.jar
[[1;34mINFO[m] log4j-1.2.16.jar already exists in destination.
[[1;34mINFO[m] 
[[1;34mINFO[m] [1m--- [0;32mmaven-compiler-plugin:2.3.2:compile[m [1m(default-compile)[m @ [36maccumulo-start[0;1m ---[m
[[1;34mINFO[m] Compiling 16 source files to /home/user/Reproducibility-Scanner/benchmarks/bugs-dot-jar/accumulo/start/target/classes
[[1;34mINFO[m] 
[[1;34mINFO[m] [1m--- [0;32mmaven-resources-plugin:2.5:testResources[m [1m(default-testResources)[m @ [36maccumulo-start[0;1m ---[m
[debug] execute contextualize
[[1;34mINFO[m] Using 'UTF-8' encoding to copy filtered resources.
[[1;34mINFO[m] Copying 4 resources
[[1;34mINFO[m] Copying 3 resources
[[1;34mINFO[m] 
[[1;34mINFO[m] [1m--- [0;32mmaven-compiler-plugin:2.3.2:testCompile[m [1m(default-testCompile)[m @ [36maccumulo-start[0;1m ---[m
[[1;34mINFO[m] Compiling 7 source files to /home/user/Reproducibility-Scanner/benchmarks/bugs-dot-jar/accumulo/start/target/test-classes
[[1;34mINFO[m] 
[[1;34mINFO[m] [1m--- [0;32mmaven-surefire-plugin:2.12:test[m [1m(default-test)[m @ [36maccumulo-start[0;1m ---[m
[[1;34mINFO[m] Tests are skipped.
[[1;34mINFO[m] 
[[1;34mINFO[m] [1m--- [0;32mmaven-jar-plugin:2.4:jar[m [1m(default-jar)[m @ [36maccumulo-start[0;1m ---[m
[[1;34mINFO[m] Building jar: /home/user/Reproducibility-Scanner/benchmarks/bugs-dot-jar/accumulo/lib/accumulo-start-1.5.0-SNAPSHOT.jar
[[1;34mINFO[m] 
[[1;34mINFO[m] [1m--- [0;32mmaven-site-plugin:3.2:attach-descriptor[m [1m(attach-descriptor)[m @ [36maccumulo-start[0;1m ---[m
[[1;34mINFO[m] 
[[1;34mINFO[m] [1m--- [0;32mmaven-source-plugin:2.1.2:jar-no-fork[m [1m(attach-sources)[m @ [36maccumulo-start[0;1m ---[m
[[1;34mINFO[m] META-INF already added, skipping
[[1;34mINFO[m] META-INF/LICENSE already added, skipping
[[1;34mINFO[m] META-INF/NOTICE already added, skipping
[[1;34mINFO[m] META-INF/DEPENDENCIES already added, skipping
[[1;34mINFO[m] Building jar: /home/user/Reproducibility-Scanner/benchmarks/bugs-dot-jar/accumulo/lib/accumulo-start-1.5.0-SNAPSHOT-sources.jar
[[1;34mINFO[m] META-INF already added, skipping
[[1;34mINFO[m] META-INF/LICENSE already added, skipping
[[1;34mINFO[m] META-INF/NOTICE already added, skipping
[[1;34mINFO[m] META-INF/DEPENDENCIES already added, skipping
[[1;34mINFO[m] 
[[1;34mINFO[m] [1m--- [0;32mmaven-source-plugin:2.1.2:test-jar-no-fork[m [1m(attach-sources)[m @ [36maccumulo-start[0;1m ---[m
[[1;34mINFO[m] META-INF already added, skipping
[[1;34mINFO[m] META-INF/LICENSE already added, skipping
[[1;34mINFO[m] META-INF/NOTICE already added, skipping
[[1;34mINFO[m] META-INF/DEPENDENCIES already added, skipping
[[1;34mINFO[m] Building jar: /home/user/Reproducibility-Scanner/benchmarks/bugs-dot-jar/accumulo/lib/accumulo-start-1.5.0-SNAPSHOT-test-sources.jar
[[1;34mINFO[m] META-INF already added, skipping
[[1;34mINFO[m] META-INF/LICENSE already added, skipping
[[1;34mINFO[m] META-INF/NOTICE already added, skipping
[[1;34mINFO[m] META-INF/DEPENDENCIES already added, skipping
[[1;34mINFO[m] 
[[1;34mINFO[m] [1m--- [0;32mmaven-install-plugin:2.3.1:install[m [1m(default-install)[m @ [36maccumulo-start[0;1m ---[m
[[1;34mINFO[m] Installing /home/user/Reproducibility-Scanner/benchmarks/bugs-dot-jar/accumulo/lib/accumulo-start-1.5.0-SNAPSHOT.jar to /home/user/.m2/repository/org/apache/accumulo/accumulo-start/1.5.0-SNAPSHOT/accumulo-start-1.5.0-SNAPSHOT.jar
[[1;34mINFO[m] Installing /home/user/Reproducibility-Scanner/benchmarks/bugs-dot-jar/accumulo/start/pom.xml to /home/user/.m2/repository/org/apache/accumulo/accumulo-start/1.5.0-SNAPSHOT/accumulo-start-1.5.0-SNAPSHOT.pom
[[1;34mINFO[m] Installing /home/user/Reproducibility-Scanner/benchmarks/bugs-dot-jar/accumulo/lib/accumulo-start-1.5.0-SNAPSHOT-sources.jar to /home/user/.m2/repository/org/apache/accumulo/accumulo-start/1.5.0-SNAPSHOT/accumulo-start-1.5.0-SNAPSHOT-sources.jar
[[1;34mINFO[m] Installing /home/user/Reproducibility-Scanner/benchmarks/bugs-dot-jar/accumulo/lib/accumulo-start-1.5.0-SNAPSHOT-test-sources.jar to /home/user/.m2/repository/org/apache/accumulo/accumulo-start/1.5.0-SNAPSHOT/accumulo-start-1.5.0-SNAPSHOT-test-sources.jar
[[1;34mINFO[m] 
[[1;34mINFO[m] [1m-----------------< [0;36morg.apache.accumulo:accumulo-fate[0;1m >------------------[m
[[1;34mINFO[m] [1mBuilding Fate 1.5.0-SNAPSHOT                                      [4/12][m
[[1;34mINFO[m] [1m--------------------------------[ jar ]---------------------------------[m
[[1;34mINFO[m] 
[[1;34mINFO[m] [1m--- [0;32mbuildnumber-maven-plugin:1.1:create[m [1m(default)[m @ [36maccumulo-fate[0;1m ---[m
[[1;34mINFO[m] Checking for local modifications: skipped.
[[1;34mINFO[m] Updating project files from SCM: skipped.
[[1;34mINFO[m] Executing: /bin/sh -c cd /home/user/Reproducibility-Scanner/benchmarks/bugs-dot-jar/accumulo/fate && svn --non-interactive info
[[1;34mINFO[m] Working directory: /home/user/Reproducibility-Scanner/benchmarks/bugs-dot-jar/accumulo/fate
[[1;34mINFO[m] Storing buildNumber: null at timestamp: 1658023060808
[[1;34mINFO[m] Executing: /bin/sh -c cd /home/user/Reproducibility-Scanner/benchmarks/bugs-dot-jar/accumulo/fate && svn --non-interactive info
[[1;34mINFO[m] Working directory: /home/user/Reproducibility-Scanner/benchmarks/bugs-dot-jar/accumulo/fate
[[1;34mINFO[m] Storing buildScmBranch: UNKNOWN_BRANCH
[[1;34mINFO[m] 
[[1;34mINFO[m] [1m--- [0;32mmaven-enforcer-plugin:1.0.1:enforce[m [1m(enforce-mvn)[m @ [36maccumulo-fate[0;1m ---[m
[[1;34mINFO[m] 
[[1;34mINFO[m] [1m--- [0;32mmaven-remote-resources-plugin:1.3:process[m [1m(default)[m @ [36maccumulo-fate[0;1m ---[m
[[1;34mINFO[m] 
[[1;34mINFO[m] [1m--- [0;32mmaven-resources-plugin:2.5:resources[m [1m(default-resources)[m @ [36maccumulo-fate[0;1m ---[m
[debug] execute contextualize
[[1;34mINFO[m] Using 'UTF-8' encoding to copy filtered resources.
[[1;34mINFO[m] skip non existing resourceDirectory /home/user/Reproducibility-Scanner/benchmarks/bugs-dot-jar/accumulo/fate/src/main/resources
[[1;34mINFO[m] Copying 3 resources
[[1;34mINFO[m] 
[[1;34mINFO[m] [1m--- [0;32mmaven-dependency-plugin:2.3:copy-dependencies[m [1m(copy-dependencies)[m @ [36maccumulo-fate[0;1m ---[m
[[1;34mINFO[m] Copying commons-lang-2.4.jar to /home/user/Reproducibility-Scanner/benchmarks/bugs-dot-jar/accumulo/lib/commons-lang-2.4.jar
[[1;34mINFO[m] log4j-1.2.16.jar already exists in destination.
[[1;34mINFO[m] 
[[1;34mINFO[m] [1m--- [0;32mmaven-compiler-plugin:2.3.2:compile[m [1m(default-compile)[m @ [36maccumulo-fate[0;1m ---[m
[[1;34mINFO[m] Compiling 22 source files to /home/user/Reproducibility-Scanner/benchmarks/bugs-dot-jar/accumulo/fate/target/classes
[[1;34mINFO[m] 
[[1;34mINFO[m] [1m--- [0;32mmaven-resources-plugin:2.5:testResources[m [1m(default-testResources)[m @ [36maccumulo-fate[0;1m ---[m
[debug] execute contextualize
[[1;34mINFO[m] Using 'UTF-8' encoding to copy filtered resources.
[[1;34mINFO[m] Copying 1 resource
[[1;34mINFO[m] Copying 3 resources
[[1;34mINFO[m] 
[[1;34mINFO[m] [1m--- [0;32mmaven-compiler-plugin:2.3.2:testCompile[m [1m(default-testCompile)[m @ [36maccumulo-fate[0;1m ---[m
[[1;34mINFO[m] Compiling 4 source files to /home/user/Reproducibility-Scanner/benchmarks/bugs-dot-jar/accumulo/fate/target/test-classes
[[1;34mINFO[m] 
[[1;34mINFO[m] [1m--- [0;32mmaven-surefire-plugin:2.12:test[m [1m(default-test)[m @ [36maccumulo-fate[0;1m ---[m
[[1;34mINFO[m] Tests are skipped.
[[1;34mINFO[m] 
[[1;34mINFO[m] [1m--- [0;32mmaven-jar-plugin:2.4:jar[m [1m(default-jar)[m @ [36maccumulo-fate[0;1m ---[m
[[1;34mINFO[m] Building jar: /home/user/Reproducibility-Scanner/benchmarks/bugs-dot-jar/accumulo/lib/accumulo-fate-1.5.0-SNAPSHOT.jar
[[1;34mINFO[m] 
[[1;34mINFO[m] [1m--- [0;32mmaven-site-plugin:3.2:attach-descriptor[m [1m(attach-descriptor)[m @ [36maccumulo-fate[0;1m ---[m
[[1;34mINFO[m] 
[[1;34mINFO[m] [1m--- [0;32mmaven-source-plugin:2.1.2:jar-no-fork[m [1m(attach-sources)[m @ [36maccumulo-fate[0;1m ---[m
[[1;34mINFO[m] META-INF already added, skipping
[[1;34mINFO[m] META-INF/LICENSE already added, skipping
[[1;34mINFO[m] META-INF/NOTICE already added, skipping
[[1;34mINFO[m] META-INF/DEPENDENCIES already added, skipping
[[1;34mINFO[m] Building jar: /home/user/Reproducibility-Scanner/benchmarks/bugs-dot-jar/accumulo/lib/accumulo-fate-1.5.0-SNAPSHOT-sources.jar
[[1;34mINFO[m] META-INF already added, skipping
[[1;34mINFO[m] META-INF/LICENSE already added, skipping
[[1;34mINFO[m] META-INF/NOTICE already added, skipping
[[1;34mINFO[m] META-INF/DEPENDENCIES already added, skipping
[[1;34mINFO[m] 
[[1;34mINFO[m] [1m--- [0;32mmaven-source-plugin:2.1.2:test-jar-no-fork[m [1m(attach-sources)[m @ [36maccumulo-fate[0;1m ---[m
[[1;34mINFO[m] META-INF already added, skipping
[[1;34mINFO[m] META-INF/LICENSE already added, skipping
[[1;34mINFO[m] META-INF/NOTICE already added, skipping
[[1;34mINFO[m] META-INF/DEPENDENCIES already added, skipping
[[1;34mINFO[m] Building jar: /home/user/Reproducibility-Scanner/benchmarks/bugs-dot-jar/accumulo/lib/accumulo-fate-1.5.0-SNAPSHOT-test-sources.jar
[[1;34mINFO[m] META-INF already added, skipping
[[1;34mINFO[m] META-INF/LICENSE already added, skipping
[[1;34mINFO[m] META-INF/NOTICE already added, skipping
[[1;34mINFO[m] META-INF/DEPENDENCIES already added, skipping
[[1;34mINFO[m] 
[[1;34mINFO[m] [1m--- [0;32mmaven-install-plugin:2.3.1:install[m [1m(default-install)[m @ [36maccumulo-fate[0;1m ---[m
[[1;34mINFO[m] Installing /home/user/Reproducibility-Scanner/benchmarks/bugs-dot-jar/accumulo/lib/accumulo-fate-1.5.0-SNAPSHOT.jar to /home/user/.m2/repository/org/apache/accumulo/accumulo-fate/1.5.0-SNAPSHOT/accumulo-fate-1.5.0-SNAPSHOT.jar
[[1;34mINFO[m] Installing /home/user/Reproducibility-Scanner/benchmarks/bugs-dot-jar/accumulo/fate/pom.xml to /home/user/.m2/repository/org/apache/accumulo/accumulo-fate/1.5.0-SNAPSHOT/accumulo-fate-1.5.0-SNAPSHOT.pom
[[1;34mINFO[m] Installing /home/user/Reproducibility-Scanner/benchmarks/bugs-dot-jar/accumulo/lib/accumulo-fate-1.5.0-SNAPSHOT-sources.jar to /home/user/.m2/repository/org/apache/accumulo/accumulo-fate/1.5.0-SNAPSHOT/accumulo-fate-1.5.0-SNAPSHOT-sources.jar
[[1;34mINFO[m] Installing /home/user/Reproducibility-Scanner/benchmarks/bugs-dot-jar/accumulo/lib/accumulo-fate-1.5.0-SNAPSHOT-test-sources.jar to /home/user/.m2/repository/org/apache/accumulo/accumulo-fate/1.5.0-SNAPSHOT/accumulo-fate-1.5.0-SNAPSHOT-test-sources.jar
[[1;34mINFO[m] 
[[1;34mINFO[m] [1m-----------------< [0;36morg.apache.accumulo:accumulo-core[0;1m >------------------[m
[[1;34mINFO[m] [1mBuilding Core 1.5.0-SNAPSHOT                                      [5/12][m
[[1;34mINFO[m] [1m--------------------------------[ jar ]---------------------------------[m
[[1;34mINFO[m] 
[[1;34mINFO[m] [1m--- [0;32mbuildnumber-maven-plugin:1.1:create[m [1m(default)[m @ [36maccumulo-core[0;1m ---[m
[[1;34mINFO[m] Checking for local modifications: skipped.
[[1;34mINFO[m] Updating project files from SCM: skipped.
[[1;34mINFO[m] Executing: /bin/sh -c cd /home/user/Reproducibility-Scanner/benchmarks/bugs-dot-jar/accumulo/core && svn --non-interactive info
[[1;34mINFO[m] Working directory: /home/user/Reproducibility-Scanner/benchmarks/bugs-dot-jar/accumulo/core
[[1;34mINFO[m] Storing buildNumber: null at timestamp: 1658023062280
[[1;34mINFO[m] Executing: /bin/sh -c cd /home/user/Reproducibility-Scanner/benchmarks/bugs-dot-jar/accumulo/core && svn --non-interactive info
[[1;34mINFO[m] Working directory: /home/user/Reproducibility-Scanner/benchmarks/bugs-dot-jar/accumulo/core
[[1;34mINFO[m] Storing buildScmBranch: UNKNOWN_BRANCH
[[1;34mINFO[m] 
[[1;34mINFO[m] [1m--- [0;32mmaven-enforcer-plugin:1.0.1:enforce[m [1m(enforce-mvn)[m @ [36maccumulo-core[0;1m ---[m
[[1;34mINFO[m] 
[[1;34mINFO[m] [1m--- [0;32mexec-maven-plugin:1.2.1:exec[m [1m(generate-thrift)[m @ [36maccumulo-core[0;1m ---[m
****************************************************
*** thrift is not available
***   expecting 'thrift -version' to return 0.9
*** generated code will not be updated
****************************************************
[[1;34mINFO[m] 
[[1;34mINFO[m] [1m--- [0;32mmaven-remote-resources-plugin:1.3:process[m [1m(default)[m @ [36maccumulo-core[0;1m ---[m
[[1;34mINFO[m] 
[[1;34mINFO[m] [1m--- [0;32mmaven-resources-plugin:2.5:resources[m [1m(default-resources)[m @ [36maccumulo-core[0;1m ---[m
[debug] execute contextualize
[[1;34mINFO[m] Using 'UTF-8' encoding to copy filtered resources.
[[1;34mINFO[m] Copying 1 resource
[[1;34mINFO[m] Copying 3 resources
[[1;34mINFO[m] 
[[1;34mINFO[m] [1m--- [0;32mmaven-dependency-plugin:2.3:copy-dependencies[m [1m(copy-dependencies)[m @ [36maccumulo-core[0;1m ---[m
[[1;34mINFO[m] Copying jcommander-1.30.jar to /home/user/Reproducibility-Scanner/benchmarks/bugs-dot-jar/accumulo/lib/jcommander-1.30.jar
[[1;34mINFO[m] Copying commons-collections-3.2.jar to /home/user/Reproducibility-Scanner/benchmarks/bugs-dot-jar/accumulo/lib/commons-collections-3.2.jar
[[1;34mINFO[m] Copying jline-0.9.94.jar to /home/user/Reproducibility-Scanner/benchmarks/bugs-dot-jar/accumulo/lib/jline-0.9.94.jar
[[1;34mINFO[m] log4j-1.2.16.jar already exists in destination.
[[1;34mINFO[m] libthrift-0.9.0.jar already exists in destination.
[[1;34mINFO[m] commons-logging-1.0.4.jar already exists in destination.
[[1;34mINFO[m] commons-lang-2.4.jar already exists in destination.
[[1;34mINFO[m] 
[[1;34mINFO[m] [1m--- [0;32mmaven-compiler-plugin:2.3.2:compile[m [1m(default-compile)[m @ [36maccumulo-core[0;1m ---[m
[[1;34mINFO[m] Compiling 484 source files to /home/user/Reproducibility-Scanner/benchmarks/bugs-dot-jar/accumulo/core/target/classes
[[1;34mINFO[m] 
[[1;34mINFO[m] [1m--- [0;32mmaven-resources-plugin:2.5:testResources[m [1m(default-testResources)[m @ [36maccumulo-core[0;1m ---[m
[debug] execute contextualize
[[1;34mINFO[m] Using 'UTF-8' encoding to copy filtered resources.
[[1;34mINFO[m] Copying 4 resources
[[1;34mINFO[m] Copying 3 resources
[[1;34mINFO[m] 
[[1;34mINFO[m] [1m--- [0;32mmaven-compiler-plugin:2.3.2:testCompile[m [1m(default-testCompile)[m @ [36maccumulo-core[0;1m ---[m
[[1;34mINFO[m] Compiling 77 source files to /home/user/Reproducibility-Scanner/benchmarks/bugs-dot-jar/accumulo/core/target/test-classes
[[1;34mINFO[m] 
[[1;34mINFO[m] [1m--- [0;32mmaven-surefire-plugin:2.12:test[m [1m(default-test)[m @ [36maccumulo-core[0;1m ---[m
[[1;34mINFO[m] Tests are skipped.
[[1;34mINFO[m] 
[[1;34mINFO[m] [1m--- [0;32mmaven-jar-plugin:2.4:jar[m [1m(default-jar)[m @ [36maccumulo-core[0;1m ---[m
[[1;34mINFO[m] Building jar: /home/user/Reproducibility-Scanner/benchmarks/bugs-dot-jar/accumulo/lib/accumulo-core-1.5.0-SNAPSHOT.jar
[[1;34mINFO[m] 
[[1;34mINFO[m] [1m--- [0;32mmaven-site-plugin:3.2:attach-descriptor[m [1m(attach-descriptor)[m @ [36maccumulo-core[0;1m ---[m
[[1;34mINFO[m] 
[[1;34mINFO[m] [1m--- [0;32mmaven-source-plugin:2.1.2:jar-no-fork[m [1m(attach-sources)[m @ [36maccumulo-core[0;1m ---[m
[[1;34mINFO[m] org already added, skipping
[[1;34mINFO[m] org/apache already added, skipping
[[1;34mINFO[m] org/apache/accumulo already added, skipping
[[1;34mINFO[m] org/apache/accumulo/core already added, skipping
[[1;34mINFO[m] org/apache/accumulo/core/conf already added, skipping
[[1;34mINFO[m] META-INF already added, skipping
[[1;34mINFO[m] META-INF/LICENSE already added, skipping
[[1;34mINFO[m] META-INF/NOTICE already added, skipping
[[1;34mINFO[m] META-INF/DEPENDENCIES already added, skipping
[[1;34mINFO[m] Building jar: /home/user/Reproducibility-Scanner/benchmarks/bugs-dot-jar/accumulo/lib/accumulo-core-1.5.0-SNAPSHOT-sources.jar
[[1;34mINFO[m] org already added, skipping
[[1;34mINFO[m] org/apache already added, skipping
[[1;34mINFO[m] org/apache/accumulo already added, skipping
[[1;34mINFO[m] org/apache/accumulo/core already added, skipping
[[1;34mINFO[m] org/apache/accumulo/core/conf already added, skipping
[[1;34mINFO[m] META-INF already added, skipping
[[1;34mINFO[m] META-INF/LICENSE already added, skipping
[[1;34mINFO[m] META-INF/NOTICE already added, skipping
[[1;34mINFO[m] META-INF/DEPENDENCIES already added, skipping
[[1;34mINFO[m] 
[[1;34mINFO[m] [1m--- [0;32mmaven-source-plugin:2.1.2:test-jar-no-fork[m [1m(attach-sources)[m @ [36maccumulo-core[0;1m ---[m
[[1;34mINFO[m] org already added, skipping
[[1;34mINFO[m] org/apache already added, skipping
[[1;34mINFO[m] org/apache/accumulo already added, skipping
[[1;34mINFO[m] org/apache/accumulo/core already added, skipping
[[1;34mINFO[m] org/apache/accumulo/core/file already added, skipping
[[1;34mINFO[m] org/apache/accumulo/core/file/rfile already added, skipping
[[1;34mINFO[m] META-INF already added, skipping
[[1;34mINFO[m] META-INF/LICENSE already added, skipping
[[1;34mINFO[m] META-INF/NOTICE already added, skipping
[[1;34mINFO[m] META-INF/DEPENDENCIES already added, skipping
[[1;34mINFO[m] Building jar: /home/user/Reproducibility-Scanner/benchmarks/bugs-dot-jar/accumulo/lib/accumulo-core-1.5.0-SNAPSHOT-test-sources.jar
[[1;34mINFO[m] org already added, skipping
[[1;34mINFO[m] org/apache already added, skipping
[[1;34mINFO[m] org/apache/accumulo already added, skipping
[[1;34mINFO[m] org/apache/accumulo/core already added, skipping
[[1;34mINFO[m] org/apache/accumulo/core/file already added, skipping
[[1;34mINFO[m] org/apache/accumulo/core/file/rfile already added, skipping
[[1;34mINFO[m] META-INF already added, skipping
[[1;34mINFO[m] META-INF/LICENSE already added, skipping
[[1;34mINFO[m] META-INF/NOTICE already added, skipping
[[1;34mINFO[m] META-INF/DEPENDENCIES already added, skipping
[[1;34mINFO[m] 
[[1;34mINFO[m] [1m--- [0;32mmaven-install-plugin:2.3.1:install[m [1m(default-install)[m @ [36maccumulo-core[0;1m ---[m
[[1;34mINFO[m] Installing /home/user/Reproducibility-Scanner/benchmarks/bugs-dot-jar/accumulo/lib/accumulo-core-1.5.0-SNAPSHOT.jar to /home/user/.m2/repository/org/apache/accumulo/accumulo-core/1.5.0-SNAPSHOT/accumulo-core-1.5.0-SNAPSHOT.jar
[[1;34mINFO[m] Installing /home/user/Reproducibility-Scanner/benchmarks/bugs-dot-jar/accumulo/core/pom.xml to /home/user/.m2/repository/org/apache/accumulo/accumulo-core/1.5.0-SNAPSHOT/accumulo-core-1.5.0-SNAPSHOT.pom
[[1;34mINFO[m] Installing /home/user/Reproducibility-Scanner/benchmarks/bugs-dot-jar/accumulo/lib/accumulo-core-1.5.0-SNAPSHOT-sources.jar to /home/user/.m2/repository/org/apache/accumulo/accumulo-core/1.5.0-SNAPSHOT/accumulo-core-1.5.0-SNAPSHOT-sources.jar
[[1;34mINFO[m] Installing /home/user/Reproducibility-Scanner/benchmarks/bugs-dot-jar/accumulo/lib/accumulo-core-1.5.0-SNAPSHOT-test-sources.jar to /home/user/.m2/repository/org/apache/accumulo/accumulo-core/1.5.0-SNAPSHOT/accumulo-core-1.5.0-SNAPSHOT-test-sources.jar
[[1;34mINFO[m] 
[[1;34mINFO[m] [1m----------------< [0;36morg.apache.accumulo:accumulo-server[0;1m >-----------------[m
[[1;34mINFO[m] [1mBuilding Server 1.5.0-SNAPSHOT                                    [6/12][m
[[1;34mINFO[m] [1m--------------------------------[ jar ]---------------------------------[m
[[1;34mINFO[m] 
[[1;34mINFO[m] [1m--- [0;32mbuildnumber-maven-plugin:1.1:create[m [1m(default)[m @ [36maccumulo-server[0;1m ---[m
[[1;34mINFO[m] Checking for local modifications: skipped.
[[1;34mINFO[m] Updating project files from SCM: skipped.
[[1;34mINFO[m] Executing: /bin/sh -c cd /home/user/Reproducibility-Scanner/benchmarks/bugs-dot-jar/accumulo/server && svn --non-interactive info
[[1;34mINFO[m] Working directory: /home/user/Reproducibility-Scanner/benchmarks/bugs-dot-jar/accumulo/server
[[1;34mINFO[m] Storing buildNumber: null at timestamp: 1658023072201
[[1;34mINFO[m] Executing: /bin/sh -c cd /home/user/Reproducibility-Scanner/benchmarks/bugs-dot-jar/accumulo/server && svn --non-interactive info
[[1;34mINFO[m] Working directory: /home/user/Reproducibility-Scanner/benchmarks/bugs-dot-jar/accumulo/server
[[1;34mINFO[m] Storing buildScmBranch: UNKNOWN_BRANCH
[[1;34mINFO[m] 
[[1;34mINFO[m] [1m--- [0;32mmaven-enforcer-plugin:1.0.1:enforce[m [1m(enforce-mvn)[m @ [36maccumulo-server[0;1m ---[m
[[1;34mINFO[m] 
[[1;34mINFO[m] [1m--- [0;32mmaven-remote-resources-plugin:1.3:process[m [1m(default)[m @ [36maccumulo-server[0;1m ---[m
[[1;34mINFO[m] 
[[1;34mINFO[m] [1m--- [0;32mmaven-resources-plugin:2.5:resources[m [1m(default-resources)[m @ [36maccumulo-server[0;1m ---[m
[debug] execute contextualize
[[1;34mINFO[m] Using 'UTF-8' encoding to copy filtered resources.
[[1;34mINFO[m] Copying 38 resources
[[1;34mINFO[m] Copying 3 resources
[[1;34mINFO[m] 
[[1;34mINFO[m] [1m--- [0;32mmaven-dependency-plugin:2.3:copy-dependencies[m [1m(copy-dependencies)[m @ [36maccumulo-server[0;1m ---[m
[[1;34mINFO[m] Copying gson-2.2.2.jar to /home/user/Reproducibility-Scanner/benchmarks/bugs-dot-jar/accumulo/lib/gson-2.2.2.jar
[[1;34mINFO[m] Copying commons-configuration-1.5.jar to /home/user/Reproducibility-Scanner/benchmarks/bugs-dot-jar/accumulo/lib/commons-configuration-1.5.jar
[[1;34mINFO[m] log4j-1.2.16.jar already exists in destination.
[[1;34mINFO[m] commons-collections-3.2.jar already exists in destination.
[[1;34mINFO[m] jline-0.9.94.jar already exists in destination.
[[1;34mINFO[m] commons-io-1.4.jar already exists in destination.
[[1;34mINFO[m] libthrift-0.9.0.jar already exists in destination.
[[1;34mINFO[m] commons-lang-2.4.jar already exists in destination.
[[1;34mINFO[m] 
[[1;34mINFO[m] [1m--- [0;32mmaven-compiler-plugin:2.3.2:compile[m [1m(default-compile)[m @ [36maccumulo-server[0;1m ---[m
[[1;34mINFO[m] Compiling 238 source files to /home/user/Reproducibility-Scanner/benchmarks/bugs-dot-jar/accumulo/server/target/classes
[[1;34mINFO[m] 
[[1;34mINFO[m] [1m--- [0;32mmaven-resources-plugin:2.5:testResources[m [1m(default-testResources)[m @ [36maccumulo-server[0;1m ---[m
[debug] execute contextualize
[[1;34mINFO[m] Using 'UTF-8' encoding to copy filtered resources.
[[1;34mINFO[m] skip non existing resourceDirectory /home/user/Reproducibility-Scanner/benchmarks/bugs-dot-jar/accumulo/server/src/test/resources
[[1;34mINFO[m] Copying 3 resources
[[1;34mINFO[m] 
[[1;34mINFO[m] [1m--- [0;32mmaven-compiler-plugin:2.3.2:testCompile[m [1m(default-testCompile)[m @ [36maccumulo-server[0;1m ---[m
[[1;34mINFO[m] Compiling 21 source files to /home/user/Reproducibility-Scanner/benchmarks/bugs-dot-jar/accumulo/server/target/test-classes
[[1;34mINFO[m] 
[[1;34mINFO[m] [1m--- [0;32mmaven-surefire-plugin:2.12:test[m [1m(default-test)[m @ [36maccumulo-server[0;1m ---[m
[[1;34mINFO[m] Tests are skipped.
[[1;34mINFO[m] 
[[1;34mINFO[m] [1m--- [0;32mmaven-jar-plugin:2.4:jar[m [1m(default-jar)[m @ [36maccumulo-server[0;1m ---[m
[[1;34mINFO[m] Building jar: /home/user/Reproducibility-Scanner/benchmarks/bugs-dot-jar/accumulo/lib/accumulo-server-1.5.0-SNAPSHOT.jar
[[1;34mINFO[m] 
[[1;34mINFO[m] [1m--- [0;32mmaven-site-plugin:3.2:attach-descriptor[m [1m(attach-descriptor)[m @ [36maccumulo-server[0;1m ---[m
[[1;34mINFO[m] 
[[1;34mINFO[m] [1m--- [0;32mmaven-source-plugin:2.1.2:jar-no-fork[m [1m(attach-sources)[m @ [36maccumulo-server[0;1m ---[m
[[1;34mINFO[m] META-INF already added, skipping
[[1;34mINFO[m] META-INF/LICENSE already added, skipping
[[1;34mINFO[m] META-INF/NOTICE already added, skipping
[[1;34mINFO[m] META-INF/DEPENDENCIES already added, skipping
[[1;34mINFO[m] Building jar: /home/user/Reproducibility-Scanner/benchmarks/bugs-dot-jar/accumulo/lib/accumulo-server-1.5.0-SNAPSHOT-sources.jar
[[1;34mINFO[m] META-INF already added, skipping
[[1;34mINFO[m] META-INF/LICENSE already added, skipping
[[1;34mINFO[m] META-INF/NOTICE already added, skipping
[[1;34mINFO[m] META-INF/DEPENDENCIES already added, skipping
[[1;34mINFO[m] 
[[1;34mINFO[m] [1m--- [0;32mmaven-source-plugin:2.1.2:test-jar-no-fork[m [1m(attach-sources)[m @ [36maccumulo-server[0;1m ---[m
[[1;34mINFO[m] META-INF already added, skipping
[[1;34mINFO[m] META-INF/LICENSE already added, skipping
[[1;34mINFO[m] META-INF/NOTICE already added, skipping
[[1;34mINFO[m] META-INF/DEPENDENCIES already added, skipping
[[1;34mINFO[m] Building jar: /home/user/Reproducibility-Scanner/benchmarks/bugs-dot-jar/accumulo/lib/accumulo-server-1.5.0-SNAPSHOT-test-sources.jar
[[1;34mINFO[m] META-INF already added, skipping
[[1;34mINFO[m] META-INF/LICENSE already added, skipping
[[1;34mINFO[m] META-INF/NOTICE already added, skipping
[[1;34mINFO[m] META-INF/DEPENDENCIES already added, skipping
[[1;34mINFO[m] 
[[1;34mINFO[m] [1m--- [0;32mmaven-install-plugin:2.3.1:install[m [1m(default-install)[m @ [36maccumulo-server[0;1m ---[m
[[1;34mINFO[m] Installing /home/user/Reproducibility-Scanner/benchmarks/bugs-dot-jar/accumulo/lib/accumulo-server-1.5.0-SNAPSHOT.jar to /home/user/.m2/repository/org/apache/accumulo/accumulo-server/1.5.0-SNAPSHOT/accumulo-server-1.5.0-SNAPSHOT.jar
[[1;34mINFO[m] Installing /home/user/Reproducibility-Scanner/benchmarks/bugs-dot-jar/accumulo/server/pom.xml to /home/user/.m2/repository/org/apache/accumulo/accumulo-server/1.5.0-SNAPSHOT/accumulo-server-1.5.0-SNAPSHOT.pom
[[1;34mINFO[m] Installing /home/user/Reproducibility-Scanner/benchmarks/bugs-dot-jar/accumulo/lib/accumulo-server-1.5.0-SNAPSHOT-sources.jar to /home/user/.m2/repository/org/apache/accumulo/accumulo-server/1.5.0-SNAPSHOT/accumulo-server-1.5.0-SNAPSHOT-sources.jar
[[1;34mINFO[m] Installing /home/user/Reproducibility-Scanner/benchmarks/bugs-dot-jar/accumulo/lib/accumulo-server-1.5.0-SNAPSHOT-test-sources.jar to /home/user/.m2/repository/org/apache/accumulo/accumulo-server/1.5.0-SNAPSHOT/accumulo-server-1.5.0-SNAPSHOT-test-sources.jar
[[1;34mINFO[m] 
[[1;34mINFO[m] [1m---------------< [0;36morg.apache.accumulo:accumulo-examples[0;1m >----------------[m
[[1;34mINFO[m] [1mBuilding Examples 1.5.0-SNAPSHOT                                  [7/12][m
[[1;34mINFO[m] [1m--------------------------------[ pom ]---------------------------------[m
[[1;34mINFO[m] 
[[1;34mINFO[m] [1m--- [0;32mbuildnumber-maven-plugin:1.1:create[m [1m(default)[m @ [36maccumulo-examples[0;1m ---[m
[[1;34mINFO[m] Checking for local modifications: skipped.
[[1;34mINFO[m] Updating project files from SCM: skipped.
[[1;34mINFO[m] Executing: /bin/sh -c cd /home/user/Reproducibility-Scanner/benchmarks/bugs-dot-jar/accumulo/examples && svn --non-interactive info
[[1;34mINFO[m] Working directory: /home/user/Reproducibility-Scanner/benchmarks/bugs-dot-jar/accumulo/examples
[[1;34mINFO[m] Storing buildNumber: null at timestamp: 1658023076869
[[1;34mINFO[m] Executing: /bin/sh -c cd /home/user/Reproducibility-Scanner/benchmarks/bugs-dot-jar/accumulo/examples && svn --non-interactive info
[[1;34mINFO[m] Working directory: /home/user/Reproducibility-Scanner/benchmarks/bugs-dot-jar/accumulo/examples
[[1;34mINFO[m] Storing buildScmBranch: UNKNOWN_BRANCH
[[1;34mINFO[m] 
[[1;34mINFO[m] [1m--- [0;32mmaven-enforcer-plugin:1.0.1:enforce[m [1m(enforce-mvn)[m @ [36maccumulo-examples[0;1m ---[m
[[1;34mINFO[m] 
[[1;34mINFO[m] [1m--- [0;32mmaven-remote-resources-plugin:1.3:process[m [1m(default)[m @ [36maccumulo-examples[0;1m ---[m
[[1;34mINFO[m] 
[[1;34mINFO[m] [1m--- [0;32mmaven-dependency-plugin:2.3:copy-dependencies[m [1m(copy-dependencies)[m @ [36maccumulo-examples[0;1m ---[m
[[1;34mINFO[m] 
[[1;34mINFO[m] [1m--- [0;32mmaven-site-plugin:3.2:attach-descriptor[m [1m(attach-descriptor)[m @ [36maccumulo-examples[0;1m ---[m
[[1;34mINFO[m] 
[[1;34mINFO[m] [1m--- [0;32mmaven-source-plugin:2.1.2:jar-no-fork[m [1m(attach-sources)[m @ [36maccumulo-examples[0;1m ---[m
[[1;34mINFO[m] 
[[1;34mINFO[m] [1m--- [0;32mmaven-source-plugin:2.1.2:test-jar-no-fork[m [1m(attach-sources)[m @ [36maccumulo-examples[0;1m ---[m
[[1;34mINFO[m] 
[[1;34mINFO[m] [1m--- [0;32mmaven-install-plugin:2.3.1:install[m [1m(default-install)[m @ [36maccumulo-examples[0;1m ---[m
[[1;34mINFO[m] Installing /home/user/Reproducibility-Scanner/benchmarks/bugs-dot-jar/accumulo/examples/pom.xml to /home/user/.m2/repository/org/apache/accumulo/accumulo-examples/1.5.0-SNAPSHOT/accumulo-examples-1.5.0-SNAPSHOT.pom
[[1;34mINFO[m] 
[[1;34mINFO[m] [1m------------< [0;36morg.apache.accumulo:accumulo-examples-simple[0;1m >------------[m
[[1;34mINFO[m] [1mBuilding Simple Examples 1.5.0-SNAPSHOT                           [8/12][m
[[1;34mINFO[m] [1m--------------------------------[ jar ]---------------------------------[m
Downloading from java.net: https://maven.java.net/content/groups/public/org/mortbay/jetty/jetty/maven-metadata.xml
[[1;34mINFO[m] 
[[1;34mINFO[m] [1m--- [0;32mbuildnumber-maven-plugin:1.1:create[m [1m(default)[m @ [36maccumulo-examples-simple[0;1m ---[m
[[1;34mINFO[m] Checking for local modifications: skipped.
[[1;34mINFO[m] Updating project files from SCM: skipped.
[[1;34mINFO[m] Executing: /bin/sh -c cd /home/user/Reproducibility-Scanner/benchmarks/bugs-dot-jar/accumulo/examples/simple && svn --non-interactive info
[[1;34mINFO[m] Working directory: /home/user/Reproducibility-Scanner/benchmarks/bugs-dot-jar/accumulo/examples/simple
[[1;34mINFO[m] Storing buildNumber: null at timestamp: 1658023077332
[[1;34mINFO[m] Executing: /bin/sh -c cd /home/user/Reproducibility-Scanner/benchmarks/bugs-dot-jar/accumulo/examples/simple && svn --non-interactive info
[[1;34mINFO[m] Working directory: /home/user/Reproducibility-Scanner/benchmarks/bugs-dot-jar/accumulo/examples/simple
[[1;34mINFO[m] Storing buildScmBranch: UNKNOWN_BRANCH
[[1;34mINFO[m] 
[[1;34mINFO[m] [1m--- [0;32mmaven-enforcer-plugin:1.0.1:enforce[m [1m(enforce-mvn)[m @ [36maccumulo-examples-simple[0;1m ---[m
[[1;34mINFO[m] 
[[1;34mINFO[m] [1m--- [0;32mmaven-remote-resources-plugin:1.3:process[m [1m(default)[m @ [36maccumulo-examples-simple[0;1m ---[m
[[1;34mINFO[m] 
[[1;34mINFO[m] [1m--- [0;32mmaven-resources-plugin:2.5:resources[m [1m(default-resources)[m @ [36maccumulo-examples-simple[0;1m ---[m
[debug] execute contextualize
[[1;34mINFO[m] Using 'UTF-8' encoding to copy filtered resources.
[[1;34mINFO[m] skip non existing resourceDirectory /home/user/Reproducibility-Scanner/benchmarks/bugs-dot-jar/accumulo/examples/simple/src/main/resources
[[1;34mINFO[m] Copying 3 resources
[[1;34mINFO[m] 
[[1;34mINFO[m] [1m--- [0;32mmaven-dependency-plugin:2.3:copy-dependencies[m [1m(copy-dependencies)[m @ [36maccumulo-examples-simple[0;1m ---[m
[[1;34mINFO[m] Copying log4j-1.2.16.jar to /home/user/Reproducibility-Scanner/benchmarks/bugs-dot-jar/accumulo/examples/lib/log4j-1.2.16.jar
[[1;34mINFO[m] 
[[1;34mINFO[m] [1m--- [0;32mmaven-compiler-plugin:2.3.2:compile[m [1m(default-compile)[m @ [36maccumulo-examples-simple[0;1m ---[m
[[1;34mINFO[m] Compiling 39 source files to /home/user/Reproducibility-Scanner/benchmarks/bugs-dot-jar/accumulo/examples/simple/target/classes
[[1;34mINFO[m] 
[[1;34mINFO[m] [1m--- [0;32mmaven-resources-plugin:2.5:testResources[m [1m(default-testResources)[m @ [36maccumulo-examples-simple[0;1m ---[m
[debug] execute contextualize
[[1;34mINFO[m] Using 'UTF-8' encoding to copy filtered resources.
[[1;34mINFO[m] skip non existing resourceDirectory /home/user/Reproducibility-Scanner/benchmarks/bugs-dot-jar/accumulo/examples/simple/src/test/resources
[[1;34mINFO[m] Copying 3 resources
[[1;34mINFO[m] 
[[1;34mINFO[m] [1m--- [0;32mmaven-compiler-plugin:2.3.2:testCompile[m [1m(default-testCompile)[m @ [36maccumulo-examples-simple[0;1m ---[m
[[1;34mINFO[m] Compiling 5 source files to /home/user/Reproducibility-Scanner/benchmarks/bugs-dot-jar/accumulo/examples/simple/target/test-classes
[[1;34mINFO[m] 
[[1;34mINFO[m] [1m--- [0;32mmaven-surefire-plugin:2.12:test[m [1m(default-test)[m @ [36maccumulo-examples-simple[0;1m ---[m
[[1;34mINFO[m] Tests are skipped.
[[1;34mINFO[m] 
[[1;34mINFO[m] [1m--- [0;32mmaven-jar-plugin:2.4:jar[m [1m(default-jar)[m @ [36maccumulo-examples-simple[0;1m ---[m
[[1;34mINFO[m] Building jar: /home/user/Reproducibility-Scanner/benchmarks/bugs-dot-jar/accumulo/lib/accumulo-examples-simple-1.5.0-SNAPSHOT.jar
[[1;34mINFO[m] 
[[1;34mINFO[m] [1m--- [0;32mmaven-site-plugin:3.2:attach-descriptor[m [1m(attach-descriptor)[m @ [36maccumulo-examples-simple[0;1m ---[m
[[1;34mINFO[m] 
[[1;34mINFO[m] [1m--- [0;32mmaven-source-plugin:2.1.2:jar-no-fork[m [1m(attach-sources)[m @ [36maccumulo-examples-simple[0;1m ---[m
[[1;34mINFO[m] META-INF already added, skipping
[[1;34mINFO[m] META-INF/LICENSE already added, skipping
[[1;34mINFO[m] META-INF/NOTICE already added, skipping
[[1;34mINFO[m] META-INF/DEPENDENCIES already added, skipping
[[1;34mINFO[m] Building jar: /home/user/Reproducibility-Scanner/benchmarks/bugs-dot-jar/accumulo/lib/accumulo-examples-simple-1.5.0-SNAPSHOT-sources.jar
[[1;34mINFO[m] META-INF already added, skipping
[[1;34mINFO[m] META-INF/LICENSE already added, skipping
[[1;34mINFO[m] META-INF/NOTICE already added, skipping
[[1;34mINFO[m] META-INF/DEPENDENCIES already added, skipping
[[1;34mINFO[m] 
[[1;34mINFO[m] [1m--- [0;32mmaven-source-plugin:2.1.2:test-jar-no-fork[m [1m(attach-sources)[m @ [36maccumulo-examples-simple[0;1m ---[m
[[1;34mINFO[m] META-INF already added, skipping
[[1;34mINFO[m] META-INF/LICENSE already added, skipping
[[1;34mINFO[m] META-INF/NOTICE already added, skipping
[[1;34mINFO[m] META-INF/DEPENDENCIES already added, skipping
[[1;34mINFO[m] Building jar: /home/user/Reproducibility-Scanner/benchmarks/bugs-dot-jar/accumulo/lib/accumulo-examples-simple-1.5.0-SNAPSHOT-test-sources.jar
[[1;34mINFO[m] META-INF already added, skipping
[[1;34mINFO[m] META-INF/LICENSE already added, skipping
[[1;34mINFO[m] META-INF/NOTICE already added, skipping
[[1;34mINFO[m] META-INF/DEPENDENCIES already added, skipping
[[1;34mINFO[m] 
[[1;34mINFO[m] [1m--- [0;32mmaven-install-plugin:2.3.1:install[m [1m(default-install)[m @ [36maccumulo-examples-simple[0;1m ---[m
[[1;34mINFO[m] Installing /home/user/Reproducibility-Scanner/benchmarks/bugs-dot-jar/accumulo/lib/accumulo-examples-simple-1.5.0-SNAPSHOT.jar to /home/user/.m2/repository/org/apache/accumulo/accumulo-examples-simple/1.5.0-SNAPSHOT/accumulo-examples-simple-1.5.0-SNAPSHOT.jar
[[1;34mINFO[m] Installing /home/user/Reproducibility-Scanner/benchmarks/bugs-dot-jar/accumulo/examples/simple/pom.xml to /home/user/.m2/repository/org/apache/accumulo/accumulo-examples-simple/1.5.0-SNAPSHOT/accumulo-examples-simple-1.5.0-SNAPSHOT.pom
[[1;34mINFO[m] Installing /home/user/Reproducibility-Scanner/benchmarks/bugs-dot-jar/accumulo/lib/accumulo-examples-simple-1.5.0-SNAPSHOT-sources.jar to /home/user/.m2/repository/org/apache/accumulo/accumulo-examples-simple/1.5.0-SNAPSHOT/accumulo-examples-simple-1.5.0-SNAPSHOT-sources.jar
[[1;34mINFO[m] Installing /home/user/Reproducibility-Scanner/benchmarks/bugs-dot-jar/accumulo/lib/accumulo-examples-simple-1.5.0-SNAPSHOT-test-sources.jar to /home/user/.m2/repository/org/apache/accumulo/accumulo-examples-simple/1.5.0-SNAPSHOT/accumulo-examples-simple-1.5.0-SNAPSHOT-test-sources.jar
[[1;34mINFO[m] 
[[1;34mINFO[m] [1m-----------------< [0;36morg.apache.accumulo:accumulo-test[0;1m >------------------[m
[[1;34mINFO[m] [1mBuilding Testing 1.5.0-SNAPSHOT                                   [9/12][m
[[1;34mINFO[m] [1m--------------------------------[ jar ]---------------------------------[m
[[1;34mINFO[m] 
[[1;34mINFO[m] [1m--- [0;32mbuildnumber-maven-plugin:1.1:create[m [1m(default)[m @ [36maccumulo-test[0;1m ---[m
[[1;34mINFO[m] Checking for local modifications: skipped.
[[1;34mINFO[m] Updating project files from SCM: skipped.
[[1;34mINFO[m] Executing: /bin/sh -c cd /home/user/Reproducibility-Scanner/benchmarks/bugs-dot-jar/accumulo/test && svn --non-interactive info
[[1;34mINFO[m] Working directory: /home/user/Reproducibility-Scanner/benchmarks/bugs-dot-jar/accumulo/test
[[1;34mINFO[m] Storing buildNumber: null at timestamp: 1658023079895
[[1;34mINFO[m] Executing: /bin/sh -c cd /home/user/Reproducibility-Scanner/benchmarks/bugs-dot-jar/accumulo/test && svn --non-interactive info
[[1;34mINFO[m] Working directory: /home/user/Reproducibility-Scanner/benchmarks/bugs-dot-jar/accumulo/test
[[1;34mINFO[m] Storing buildScmBranch: UNKNOWN_BRANCH
[[1;34mINFO[m] 
[[1;34mINFO[m] [1m--- [0;32mmaven-enforcer-plugin:1.0.1:enforce[m [1m(enforce-mvn)[m @ [36maccumulo-test[0;1m ---[m
[[1;34mINFO[m] 
[[1;34mINFO[m] [1m--- [0;32mmaven-remote-resources-plugin:1.3:process[m [1m(default)[m @ [36maccumulo-test[0;1m ---[m
[[1;34mINFO[m] 
[[1;34mINFO[m] [1m--- [0;32mmaven-resources-plugin:2.5:resources[m [1m(default-resources)[m @ [36maccumulo-test[0;1m ---[m
[debug] execute contextualize
[[1;34mINFO[m] Using 'UTF-8' encoding to copy filtered resources.
[[1;34mINFO[m] skip non existing resourceDirectory /home/user/Reproducibility-Scanner/benchmarks/bugs-dot-jar/accumulo/test/src/main/resources
[[1;34mINFO[m] Copying 3 resources
[[1;34mINFO[m] 
[[1;34mINFO[m] [1m--- [0;32mmaven-dependency-plugin:2.3:copy-dependencies[m [1m(copy-dependencies)[m @ [36maccumulo-test[0;1m ---[m
[[1;34mINFO[m] 
[[1;34mINFO[m] [1m--- [0;32mmaven-compiler-plugin:2.3.2:compile[m [1m(default-compile)[m @ [36maccumulo-test[0;1m ---[m
[[1;34mINFO[m] Compiling 180 source files to /home/user/Reproducibility-Scanner/benchmarks/bugs-dot-jar/accumulo/test/target/classes
[[1;34mINFO[m] 
[[1;34mINFO[m] [1m--- [0;32mmaven-resources-plugin:2.5:testResources[m [1m(default-testResources)[m @ [36maccumulo-test[0;1m ---[m
[debug] execute contextualize
[[1;34mINFO[m] Using 'UTF-8' encoding to copy filtered resources.
[[1;34mINFO[m] Copying 2 resources
[[1;34mINFO[m] Copying 3 resources
[[1;34mINFO[m] 
[[1;34mINFO[m] [1m--- [0;32mmaven-compiler-plugin:2.3.2:testCompile[m [1m(default-testCompile)[m @ [36maccumulo-test[0;1m ---[m
[[1;34mINFO[m] Compiling 4 source files to /home/user/Reproducibility-Scanner/benchmarks/bugs-dot-jar/accumulo/test/target/test-classes
[[1;34mINFO[m] 
[[1;34mINFO[m] [1m--- [0;32mmaven-surefire-plugin:2.12:test[m [1m(default-test)[m @ [36maccumulo-test[0;1m ---[m
[[1;34mINFO[m] Tests are skipped.
[[1;34mINFO[m] 
[[1;34mINFO[m] [1m--- [0;32mmaven-jar-plugin:2.4:jar[m [1m(default-jar)[m @ [36maccumulo-test[0;1m ---[m
[[1;34mINFO[m] Building jar: /home/user/Reproducibility-Scanner/benchmarks/bugs-dot-jar/accumulo/lib/accumulo-test-1.5.0-SNAPSHOT.jar
[[1;34mINFO[m] 
[[1;34mINFO[m] [1m--- [0;32mmaven-site-plugin:3.2:attach-descriptor[m [1m(attach-descriptor)[m @ [36maccumulo-test[0;1m ---[m
[[1;34mINFO[m] 
[[1;34mINFO[m] [1m--- [0;32mmaven-source-plugin:2.1.2:jar-no-fork[m [1m(attach-sources)[m @ [36maccumulo-test[0;1m ---[m
[[1;34mINFO[m] META-INF already added, skipping
[[1;34mINFO[m] META-INF/LICENSE already added, skipping
[[1;34mINFO[m] META-INF/NOTICE already added, skipping
[[1;34mINFO[m] META-INF/DEPENDENCIES already added, skipping
[[1;34mINFO[m] Building jar: /home/user/Reproducibility-Scanner/benchmarks/bugs-dot-jar/accumulo/lib/accumulo-test-1.5.0-SNAPSHOT-sources.jar
[[1;34mINFO[m] META-INF already added, skipping
[[1;34mINFO[m] META-INF/LICENSE already added, skipping
[[1;34mINFO[m] META-INF/NOTICE already added, skipping
[[1;34mINFO[m] META-INF/DEPENDENCIES already added, skipping
[[1;34mINFO[m] 
[[1;34mINFO[m] [1m--- [0;32mmaven-source-plugin:2.1.2:test-jar-no-fork[m [1m(attach-sources)[m @ [36maccumulo-test[0;1m ---[m
[[1;34mINFO[m] META-INF already added, skipping
[[1;34mINFO[m] META-INF/LICENSE already added, skipping
[[1;34mINFO[m] META-INF/NOTICE already added, skipping
[[1;34mINFO[m] META-INF/DEPENDENCIES already added, skipping
[[1;34mINFO[m] Building jar: /home/user/Reproducibility-Scanner/benchmarks/bugs-dot-jar/accumulo/lib/accumulo-test-1.5.0-SNAPSHOT-test-sources.jar
[[1;34mINFO[m] META-INF already added, skipping
[[1;34mINFO[m] META-INF/LICENSE already added, skipping
[[1;34mINFO[m] META-INF/NOTICE already added, skipping
[[1;34mINFO[m] META-INF/DEPENDENCIES already added, skipping
[[1;34mINFO[m] 
[[1;34mINFO[m] [1m--- [0;32mmaven-install-plugin:2.3.1:install[m [1m(default-install)[m @ [36maccumulo-test[0;1m ---[m
[[1;34mINFO[m] Installing /home/user/Reproducibility-Scanner/benchmarks/bugs-dot-jar/accumulo/lib/accumulo-test-1.5.0-SNAPSHOT.jar to /home/user/.m2/repository/org/apache/accumulo/accumulo-test/1.5.0-SNAPSHOT/accumulo-test-1.5.0-SNAPSHOT.jar
[[1;34mINFO[m] Installing /home/user/Reproducibility-Scanner/benchmarks/bugs-dot-jar/accumulo/test/pom.xml to /home/user/.m2/repository/org/apache/accumulo/accumulo-test/1.5.0-SNAPSHOT/accumulo-test-1.5.0-SNAPSHOT.pom
[[1;34mINFO[m] Installing /home/user/Reproducibility-Scanner/benchmarks/bugs-dot-jar/accumulo/lib/accumulo-test-1.5.0-SNAPSHOT-sources.jar to /home/user/.m2/repository/org/apache/accumulo/accumulo-test/1.5.0-SNAPSHOT/accumulo-test-1.5.0-SNAPSHOT-sources.jar
[[1;34mINFO[m] Installing /home/user/Reproducibility-Scanner/benchmarks/bugs-dot-jar/accumulo/lib/accumulo-test-1.5.0-SNAPSHOT-test-sources.jar to /home/user/.m2/repository/org/apache/accumulo/accumulo-test/1.5.0-SNAPSHOT/accumulo-test-1.5.0-SNAPSHOT-test-sources.jar
[[1;34mINFO[m] 
[[1;34mINFO[m] [1m-----------< [0;36morg.apache.accumulo:accumulo-examples-instamo[0;1m >------------[m
[[1;34mINFO[m] [1mBuilding Instamo Example 1.5.0-SNAPSHOT                          [10/12][m
[[1;34mINFO[m] [1m--------------------------------[ jar ]---------------------------------[m
[[1;34mINFO[m] 
[[1;34mINFO[m] [1m--- [0;32mmaven-resources-plugin:2.6:resources[m [1m(default-resources)[m @ [36maccumulo-examples-instamo[0;1m ---[m
[[1;33mWARNING[m] Using platform encoding (UTF-8 actually) to copy filtered resources, i.e. build is platform dependent!
[[1;34mINFO[m] Copying 1 resource
[[1;34mINFO[m] 
[[1;34mINFO[m] [1m--- [0;32mmaven-compiler-plugin:2.0.2:compile[m [1m(default-compile)[m @ [36maccumulo-examples-instamo[0;1m ---[m
[[1;34mINFO[m] Compiling 2 source files to /home/user/Reproducibility-Scanner/benchmarks/bugs-dot-jar/accumulo/examples/instamo/target/classes
[[1;34mINFO[m] 
[[1;34mINFO[m] [1m--- [0;32mmaven-resources-plugin:2.6:testResources[m [1m(default-testResources)[m @ [36maccumulo-examples-instamo[0;1m ---[m
[[1;33mWARNING[m] Using platform encoding (UTF-8 actually) to copy filtered resources, i.e. build is platform dependent!
[[1;34mINFO[m] skip non existing resourceDirectory /home/user/Reproducibility-Scanner/benchmarks/bugs-dot-jar/accumulo/examples/instamo/src/test/resources
[[1;34mINFO[m] 
[[1;34mINFO[m] [1m--- [0;32mmaven-compiler-plugin:2.0.2:testCompile[m [1m(default-testCompile)[m @ [36maccumulo-examples-instamo[0;1m ---[m
[[1;34mINFO[m] Compiling 1 source file to /home/user/Reproducibility-Scanner/benchmarks/bugs-dot-jar/accumulo/examples/instamo/target/test-classes
[[1;34mINFO[m] 
[[1;34mINFO[m] [1m--- [0;32mmaven-surefire-plugin:2.12.4:test[m [1m(default-test)[m @ [36maccumulo-examples-instamo[0;1m ---[m
[[1;34mINFO[m] Tests are skipped.
[[1;34mINFO[m] 
[[1;34mINFO[m] [1m--- [0;32mmaven-jar-plugin:2.4:jar[m [1m(default-jar)[m @ [36maccumulo-examples-instamo[0;1m ---[m
[[1;34mINFO[m] Building jar: /home/user/Reproducibility-Scanner/benchmarks/bugs-dot-jar/accumulo/examples/instamo/target/accumulo-examples-instamo-1.5.0-SNAPSHOT.jar
[[1;34mINFO[m] 
[[1;34mINFO[m] [1m--- [0;32mmaven-install-plugin:2.4:install[m [1m(default-install)[m @ [36maccumulo-examples-instamo[0;1m ---[m
[[1;34mINFO[m] Installing /home/user/Reproducibility-Scanner/benchmarks/bugs-dot-jar/accumulo/examples/instamo/target/accumulo-examples-instamo-1.5.0-SNAPSHOT.jar to /home/user/.m2/repository/org/apache/accumulo/accumulo-examples-instamo/1.5.0-SNAPSHOT/accumulo-examples-instamo-1.5.0-SNAPSHOT.jar
[[1;34mINFO[m] Installing /home/user/Reproducibility-Scanner/benchmarks/bugs-dot-jar/accumulo/examples/instamo/pom.xml to /home/user/.m2/repository/org/apache/accumulo/accumulo-examples-instamo/1.5.0-SNAPSHOT/accumulo-examples-instamo-1.5.0-SNAPSHOT.pom
[[1;34mINFO[m] 
[[1;34mINFO[m] [1m-----------------< [0;36morg.apache.accumulo:accumulo-proxy[0;1m >-----------------[m
[[1;34mINFO[m] [1mBuilding Proxy 1.5.0-SNAPSHOT                                    [11/12][m
[[1;34mINFO[m] [1m--------------------------------[ jar ]---------------------------------[m
[[1;34mINFO[m] 
[[1;34mINFO[m] [1m--- [0;32mbuildnumber-maven-plugin:1.1:create[m [1m(default)[m @ [36maccumulo-proxy[0;1m ---[m
[[1;34mINFO[m] Checking for local modifications: skipped.
[[1;34mINFO[m] Updating project files from SCM: skipped.
[[1;34mINFO[m] Executing: /bin/sh -c cd /home/user/Reproducibility-Scanner/benchmarks/bugs-dot-jar/accumulo/proxy && svn --non-interactive info
[[1;34mINFO[m] Working directory: /home/user/Reproducibility-Scanner/benchmarks/bugs-dot-jar/accumulo/proxy
[[1;34mINFO[m] Storing buildNumber: null at timestamp: 1658023084237
[[1;34mINFO[m] Executing: /bin/sh -c cd /home/user/Reproducibility-Scanner/benchmarks/bugs-dot-jar/accumulo/proxy && svn --non-interactive info
[[1;34mINFO[m] Working directory: /home/user/Reproducibility-Scanner/benchmarks/bugs-dot-jar/accumulo/proxy
[[1;34mINFO[m] Storing buildScmBranch: UNKNOWN_BRANCH
[[1;34mINFO[m] 
[[1;34mINFO[m] [1m--- [0;32mmaven-enforcer-plugin:1.0.1:enforce[m [1m(enforce-mvn)[m @ [36maccumulo-proxy[0;1m ---[m
[[1;34mINFO[m] 
[[1;34mINFO[m] [1m--- [0;32mexec-maven-plugin:1.2.1:exec[m [1m(generate-thrift)[m @ [36maccumulo-proxy[0;1m ---[m
****************************************************
*** thrift is not available
***   expecting 'thrift -version' to return 0.9
*** generated code will not be updated
****************************************************
[[1;34mINFO[m] 
[[1;34mINFO[m] [1m--- [0;32mmaven-remote-resources-plugin:1.3:process[m [1m(default)[m @ [36maccumulo-proxy[0;1m ---[m
[[1;34mINFO[m] 
[[1;34mINFO[m] [1m--- [0;32mmaven-resources-plugin:2.5:resources[m [1m(default-resources)[m @ [36maccumulo-proxy[0;1m ---[m
[debug] execute contextualize
[[1;34mINFO[m] Using 'UTF-8' encoding to copy filtered resources.
[[1;34mINFO[m] skip non existing resourceDirectory /home/user/Reproducibility-Scanner/benchmarks/bugs-dot-jar/accumulo/proxy/src/main/resources
[[1;34mINFO[m] Copying 3 resources
[[1;34mINFO[m] 
[[1;34mINFO[m] [1m--- [0;32mmaven-dependency-plugin:2.3:copy-dependencies[m [1m(copy-dependencies)[m @ [36maccumulo-proxy[0;1m ---[m
[[1;34mINFO[m] Copying guava-13.0.1.jar to /home/user/Reproducibility-Scanner/benchmarks/bugs-dot-jar/accumulo/lib/guava-13.0.1.jar
[[1;34mINFO[m] jcommander-1.30.jar already exists in destination.
[[1;34mINFO[m] libthrift-0.9.0.jar already exists in destination.
[[1;34mINFO[m] 
[[1;34mINFO[m] [1m--- [0;32mmaven-compiler-plugin:2.3.2:compile[m [1m(default-compile)[m @ [36maccumulo-proxy[0;1m ---[m
[[1;34mINFO[m] Compiling 38 source files to /home/user/Reproducibility-Scanner/benchmarks/bugs-dot-jar/accumulo/proxy/target/classes
[[1;34mINFO[m] 
[[1;34mINFO[m] [1m--- [0;32mmaven-resources-plugin:2.5:testResources[m [1m(default-testResources)[m @ [36maccumulo-proxy[0;1m ---[m
[debug] execute contextualize
[[1;34mINFO[m] Using 'UTF-8' encoding to copy filtered resources.
[[1;34mINFO[m] skip non existing resourceDirectory /home/user/Reproducibility-Scanner/benchmarks/bugs-dot-jar/accumulo/proxy/src/test/resources
[[1;34mINFO[m] Copying 3 resources
[[1;34mINFO[m] 
[[1;34mINFO[m] [1m--- [0;32mmaven-compiler-plugin:2.3.2:testCompile[m [1m(default-testCompile)[m @ [36maccumulo-proxy[0;1m ---[m
[[1;34mINFO[m] Compiling 5 source files to /home/user/Reproducibility-Scanner/benchmarks/bugs-dot-jar/accumulo/proxy/target/test-classes
[[1;34mINFO[m] 
[[1;34mINFO[m] [1m--- [0;32mmaven-surefire-plugin:2.12:test[m [1m(default-test)[m @ [36maccumulo-proxy[0;1m ---[m
[[1;34mINFO[m] Tests are skipped.
[[1;34mINFO[m] 
[[1;34mINFO[m] [1m--- [0;32mmaven-jar-plugin:2.4:jar[m [1m(default-jar)[m @ [36maccumulo-proxy[0;1m ---[m
[[1;34mINFO[m] Building jar: /home/user/Reproducibility-Scanner/benchmarks/bugs-dot-jar/accumulo/lib/accumulo-proxy-1.5.0-SNAPSHOT.jar
[[1;34mINFO[m] 
[[1;34mINFO[m] [1m--- [0;32mmaven-site-plugin:3.2:attach-descriptor[m [1m(attach-descriptor)[m @ [36maccumulo-proxy[0;1m ---[m
[[1;34mINFO[m] 
[[1;34mINFO[m] [1m--- [0;32mmaven-source-plugin:2.1.2:jar-no-fork[m [1m(attach-sources)[m @ [36maccumulo-proxy[0;1m ---[m
[[1;34mINFO[m] META-INF already added, skipping
[[1;34mINFO[m] META-INF/LICENSE already added, skipping
[[1;34mINFO[m] META-INF/NOTICE already added, skipping
[[1;34mINFO[m] META-INF/DEPENDENCIES already added, skipping
[[1;34mINFO[m] Building jar: /home/user/Reproducibility-Scanner/benchmarks/bugs-dot-jar/accumulo/lib/accumulo-proxy-1.5.0-SNAPSHOT-sources.jar
[[1;34mINFO[m] META-INF already added, skipping
[[1;34mINFO[m] META-INF/LICENSE already added, skipping
[[1;34mINFO[m] META-INF/NOTICE already added, skipping
[[1;34mINFO[m] META-INF/DEPENDENCIES already added, skipping
[[1;34mINFO[m] 
[[1;34mINFO[m] [1m--- [0;32mmaven-source-plugin:2.1.2:test-jar-no-fork[m [1m(attach-sources)[m @ [36maccumulo-proxy[0;1m ---[m
[[1;34mINFO[m] META-INF already added, skipping
[[1;34mINFO[m] META-INF/LICENSE already added, skipping
[[1;34mINFO[m] META-INF/NOTICE already added, skipping
[[1;34mINFO[m] META-INF/DEPENDENCIES already added, skipping
[[1;34mINFO[m] Building jar: /home/user/Reproducibility-Scanner/benchmarks/bugs-dot-jar/accumulo/lib/accumulo-proxy-1.5.0-SNAPSHOT-test-sources.jar
[[1;34mINFO[m] META-INF already added, skipping
[[1;34mINFO[m] META-INF/LICENSE already added, skipping
[[1;34mINFO[m] META-INF/NOTICE already added, skipping
[[1;34mINFO[m] META-INF/DEPENDENCIES already added, skipping
[[1;34mINFO[m] 
[[1;34mINFO[m] [1m--- [0;32mmaven-install-plugin:2.3.1:install[m [1m(default-install)[m @ [36maccumulo-proxy[0;1m ---[m
[[1;34mINFO[m] Installing /home/user/Reproducibility-Scanner/benchmarks/bugs-dot-jar/accumulo/lib/accumulo-proxy-1.5.0-SNAPSHOT.jar to /home/user/.m2/repository/org/apache/accumulo/accumulo-proxy/1.5.0-SNAPSHOT/accumulo-proxy-1.5.0-SNAPSHOT.jar
[[1;34mINFO[m] Installing /home/user/Reproducibility-Scanner/benchmarks/bugs-dot-jar/accumulo/proxy/pom.xml to /home/user/.m2/repository/org/apache/accumulo/accumulo-proxy/1.5.0-SNAPSHOT/accumulo-proxy-1.5.0-SNAPSHOT.pom
[[1;34mINFO[m] Installing /home/user/Reproducibility-Scanner/benchmarks/bugs-dot-jar/accumulo/lib/accumulo-proxy-1.5.0-SNAPSHOT-sources.jar to /home/user/.m2/repository/org/apache/accumulo/accumulo-proxy/1.5.0-SNAPSHOT/accumulo-proxy-1.5.0-SNAPSHOT-sources.jar
[[1;34mINFO[m] Installing /home/user/Reproducibility-Scanner/benchmarks/bugs-dot-jar/accumulo/lib/accumulo-proxy-1.5.0-SNAPSHOT-test-sources.jar to /home/user/.m2/repository/org/apache/accumulo/accumulo-proxy/1.5.0-SNAPSHOT/accumulo-proxy-1.5.0-SNAPSHOT-test-sources.jar
[[1;34mINFO[m] 
[[1;34mINFO[m] [1m---------------< [0;36morg.apache.accumulo:accumulo-assemble[0;1m >----------------[m
[[1;34mINFO[m] [1mBuilding Assemble 1.5.0-SNAPSHOT                                 [12/12][m
[[1;34mINFO[m] [1m--------------------------------[ pom ]---------------------------------[m
[[1;34mINFO[m] 
[[1;34mINFO[m] [1m--- [0;32mbuildnumber-maven-plugin:1.1:create[m [1m(default)[m @ [36maccumulo-assemble[0;1m ---[m
[[1;34mINFO[m] Checking for local modifications: skipped.
[[1;34mINFO[m] Updating project files from SCM: skipped.
[[1;34mINFO[m] Executing: /bin/sh -c cd /home/user/Reproducibility-Scanner/benchmarks/bugs-dot-jar/accumulo/assemble && svn --non-interactive info
[[1;34mINFO[m] Working directory: /home/user/Reproducibility-Scanner/benchmarks/bugs-dot-jar/accumulo/assemble
[[1;34mINFO[m] Storing buildNumber: null at timestamp: 1658023089668
[[1;34mINFO[m] Executing: /bin/sh -c cd /home/user/Reproducibility-Scanner/benchmarks/bugs-dot-jar/accumulo/assemble && svn --non-interactive info
[[1;34mINFO[m] Working directory: /home/user/Reproducibility-Scanner/benchmarks/bugs-dot-jar/accumulo/assemble
[[1;34mINFO[m] Storing buildScmBranch: UNKNOWN_BRANCH
[[1;34mINFO[m] 
[[1;34mINFO[m] [1m--- [0;32mmaven-enforcer-plugin:1.0.1:enforce[m [1m(enforce-mvn)[m @ [36maccumulo-assemble[0;1m ---[m
[[1;34mINFO[m] 
[[1;34mINFO[m] [1m--- [0;32mmaven-remote-resources-plugin:1.3:process[m [1m(default)[m @ [36maccumulo-assemble[0;1m ---[m
[[1;34mINFO[m] 
[[1;34mINFO[m] [1m--- [0;32mmaven-dependency-plugin:2.3:copy-dependencies[m [1m(copy-dependencies)[m @ [36maccumulo-assemble[0;1m ---[m
[[1;34mINFO[m] 
[[1;34mINFO[m] [1m--- [0;32mmaven-site-plugin:3.2:attach-descriptor[m [1m(attach-descriptor)[m @ [36maccumulo-assemble[0;1m ---[m
[[1;34mINFO[m] 
[[1;34mINFO[m] [1m--- [0;32mmaven-source-plugin:2.1.2:jar-no-fork[m [1m(attach-sources)[m @ [36maccumulo-assemble[0;1m ---[m
[[1;34mINFO[m] 
[[1;34mINFO[m] [1m--- [0;32mmaven-source-plugin:2.1.2:test-jar-no-fork[m [1m(attach-sources)[m @ [36maccumulo-assemble[0;1m ---[m
[[1;34mINFO[m] 
[[1;34mINFO[m] [1m--- [0;32mexec-maven-plugin:1.2.1:exec[m [1m(config webpage)[m @ [36maccumulo-assemble[0;1m ---[m
[[1;34mINFO[m] 
[[1;34mINFO[m] [1m--- [0;32mmaven-install-plugin:2.3.1:install[m [1m(default-install)[m @ [36maccumulo-assemble[0;1m ---[m
[[1;34mINFO[m] Installing /home/user/Reproducibility-Scanner/benchmarks/bugs-dot-jar/accumulo/assemble/pom.xml to /home/user/.m2/repository/org/apache/accumulo/accumulo-assemble/1.5.0-SNAPSHOT/accumulo-assemble-1.5.0-SNAPSHOT.pom
[[1;34mINFO[m] [1m------------------------------------------------------------------------[m
[[1;34mINFO[m] [1mReactor Summary for Apache Accumulo 1.5.0-SNAPSHOT:[m
[[1;34mINFO[m] 
[[1;34mINFO[m] Apache Accumulo .................................... [1;32mSUCCESS[m [  3.164 s]
[[1;34mINFO[m] Trace .............................................. [1;32mSUCCESS[m [  2.309 s]
[[1;34mINFO[m] Start .............................................. [1;32mSUCCESS[m [  4.217 s]
[[1;34mINFO[m] Fate ............................................... [1;32mSUCCESS[m [  1.465 s]
[[1;34mINFO[m] Core ............................................... [1;32mSUCCESS[m [  9.921 s]
[[1;34mINFO[m] Server ............................................. [1;32mSUCCESS[m [  4.676 s]
[[1;34mINFO[m] Examples ........................................... [1;32mSUCCESS[m [  0.036 s]
[[1;34mINFO[m] Simple Examples .................................... [1;32mSUCCESS[m [  2.982 s]
[[1;34mINFO[m] Testing ............................................ [1;32mSUCCESS[m [  3.501 s]
[[1;34mINFO[m] Instamo Example .................................... [1;32mSUCCESS[m [  0.841 s]
[[1;34mINFO[m] Proxy .............................................. [1;32mSUCCESS[m [  5.436 s]
[[1;34mINFO[m] Assemble ........................................... [1;32mSUCCESS[m [  0.307 s]
[[1;34mINFO[m] [1m------------------------------------------------------------------------[m
[[1;34mINFO[m] [1;32mBUILD SUCCESS[m
[[1;34mINFO[m] [1m------------------------------------------------------------------------[m
[[1;34mINFO[m] Total time:  39.149 s
[[1;34mINFO[m] Finished at: 2022-07-16T18:58:09-07:00
[[1;34mINFO[m] [1m------------------------------------------------------------------------[m
[[1;34mINFO[m] Scanning for projects...
[[1;34mINFO[m] 
[[1;34mINFO[m] [1m-----------------< [0;36morg.apache.accumulo:accumulo-core[0;1m >------------------[m
[[1;34mINFO[m] [1mBuilding Core 1.5.0-SNAPSHOT[m
[[1;34mINFO[m] [1m--------------------------------[ jar ]---------------------------------[m
[[1;34mINFO[m] 
[[1;34mINFO[m] [1m--- [0;32mbuildnumber-maven-plugin:1.1:create[m [1m(default)[m @ [36maccumulo-core[0;1m ---[m
[[1;34mINFO[m] Checking for local modifications: skipped.
[[1;34mINFO[m] Updating project files from SCM: skipped.
[[1;34mINFO[m] Executing: /bin/sh -c cd /home/user/Reproducibility-Scanner/benchmarks/bugs-dot-jar/accumulo/core && svn --non-interactive info
[[1;34mINFO[m] Working directory: /home/user/Reproducibility-Scanner/benchmarks/bugs-dot-jar/accumulo/core
[[1;34mINFO[m] Storing buildNumber: null at timestamp: 1658023092356
[[1;34mINFO[m] Executing: /bin/sh -c cd /home/user/Reproducibility-Scanner/benchmarks/bugs-dot-jar/accumulo/core && svn --non-interactive info
[[1;34mINFO[m] Working directory: /home/user/Reproducibility-Scanner/benchmarks/bugs-dot-jar/accumulo/core
[[1;34mINFO[m] Storing buildScmBranch: UNKNOWN_BRANCH
[[1;34mINFO[m] 
[[1;34mINFO[m] [1m--- [0;32mmaven-enforcer-plugin:1.0.1:enforce[m [1m(enforce-mvn)[m @ [36maccumulo-core[0;1m ---[m
[[1;34mINFO[m] 
[[1;34mINFO[m] [1m--- [0;32mexec-maven-plugin:1.2.1:exec[m [1m(generate-thrift)[m @ [36maccumulo-core[0;1m ---[m
****************************************************
*** thrift is not available
***   expecting 'thrift -version' to return 0.9
*** generated code will not be updated
****************************************************
[[1;34mINFO[m] 
[[1;34mINFO[m] [1m--- [0;32mmaven-remote-resources-plugin:1.3:process[m [1m(default)[m @ [36maccumulo-core[0;1m ---[m
[[1;34mINFO[m] 
[[1;34mINFO[m] [1m--- [0;32mmaven-resources-plugin:2.5:resources[m [1m(default-resources)[m @ [36maccumulo-core[0;1m ---[m
[debug] execute contextualize
[[1;34mINFO[m] Using 'UTF-8' encoding to copy filtered resources.
[[1;34mINFO[m] Copying 1 resource
[[1;34mINFO[m] Copying 3 resources
[[1;34mINFO[m] 
[[1;34mINFO[m] [1m--- [0;32mmaven-dependency-plugin:2.3:copy-dependencies[m [1m(copy-dependencies)[m @ [36maccumulo-core[0;1m ---[m
[[1;34mINFO[m] jcommander-1.30.jar already exists in destination.
[[1;34mINFO[m] log4j-1.2.16.jar already exists in destination.
[[1;34mINFO[m] commons-collections-3.2.jar already exists in destination.
[[1;34mINFO[m] jline-0.9.94.jar already exists in destination.
[[1;34mINFO[m] libthrift-0.9.0.jar already exists in destination.
[[1;34mINFO[m] commons-logging-1.0.4.jar already exists in destination.
[[1;34mINFO[m] commons-lang-2.4.jar already exists in destination.
[[1;34mINFO[m] 
[[1;34mINFO[m] [1m--- [0;32mmaven-compiler-plugin:2.3.2:compile[m [1m(default-compile)[m @ [36maccumulo-core[0;1m ---[m
[[1;34mINFO[m] Compiling 1 source file to /home/user/Reproducibility-Scanner/benchmarks/bugs-dot-jar/accumulo/core/target/classes
[[1;34mINFO[m] 
[[1;34mINFO[m] [1m--- [0;32mmaven-resources-plugin:2.5:testResources[m [1m(default-testResources)[m @ [36maccumulo-core[0;1m ---[m
[debug] execute contextualize
[[1;34mINFO[m] Using 'UTF-8' encoding to copy filtered resources.
[[1;34mINFO[m] Copying 4 resources
[[1;34mINFO[m] Copying 3 resources
[[1;34mINFO[m] 
[[1;34mINFO[m] [1m--- [0;32mmaven-compiler-plugin:2.3.2:testCompile[m [1m(default-testCompile)[m @ [36maccumulo-core[0;1m ---[m
[[1;34mINFO[m] Nothing to compile - all classes are up to date
[[1;34mINFO[m] 
[[1;34mINFO[m] [1m--- [0;32mmaven-surefire-plugin:2.12:test[m [1m(default-test)[m @ [36maccumulo-core[0;1m ---[m
[[1;34mINFO[m] Surefire report directory: /home/user/Reproducibility-Scanner/benchmarks/bugs-dot-jar/accumulo/core/target/surefire-reports

-------------------------------------------------------
 T E S T S
-------------------------------------------------------
Running org.apache.accumulo.core.cli.TestClientOpts
Tests run: 1, Failures: 1, Errors: 0, Skipped: 0, Time elapsed: 0.119 sec <<< FAILURE!
Running org.apache.accumulo.core.conf.PropertyTest
Tests run: 3, Failures: 0, Errors: 0, Skipped: 0, Time elapsed: 0 sec
Running org.apache.accumulo.core.client.RowIteratorTest
Tests run: 2, Failures: 0, Errors: 0, Skipped: 0, Time elapsed: 0.001 sec
Running org.apache.accumulo.core.client.admin.FindMaxTest
Tests run: 1, Failures: 0, Errors: 1, Skipped: 0, Time elapsed: 0.148 sec <<< FAILURE!
Running org.apache.accumulo.core.client.admin.TableOperationsHelperTest
Tests run: 1, Failures: 0, Errors: 0, Skipped: 0, Time elapsed: 0.001 sec
Running org.apache.accumulo.core.client.mock.MockConnectorTest
Tests run: 9, Failures: 0, Errors: 9, Skipped: 0, Time elapsed: 0.033 sec <<< FAILURE!
Running org.apache.accumulo.core.client.mock.TestBatchScanner821
Tests run: 1, Failures: 0, Errors: 1, Skipped: 0, Time elapsed: 0.001 sec <<< FAILURE!
Running org.apache.accumulo.core.client.mock.MockTableOperationsTest
Tests run: 6, Failures: 0, Errors: 6, Skipped: 0, Time elapsed: 0.016 sec <<< FAILURE!
Running org.apache.accumulo.core.client.BatchWriterConfigTest
Tests run: 10, Failures: 0, Errors: 0, Skipped: 0, Time elapsed: 0.001 sec
Running org.apache.accumulo.core.client.mapreduce.AccumuloRowInputFormatTest
Tests run: 1, Failures: 0, Errors: 1, Skipped: 0, Time elapsed: 0.003 sec <<< FAILURE!
Running org.apache.accumulo.core.client.mapreduce.AccumuloInputFormatTest
Tests run: 9, Failures: 0, Errors: 9, Skipped: 0, Time elapsed: 0.062 sec <<< FAILURE!
Running org.apache.accumulo.core.client.mapreduce.AccumuloFileOutputFormatTest
Tests run: 1, Failures: 0, Errors: 1, Skipped: 0, Time elapsed: 0.009 sec <<< FAILURE!
Running org.apache.accumulo.core.client.mapreduce.lib.partition.RangePartitionerTest
Tests run: 2, Failures: 0, Errors: 2, Skipped: 0, Time elapsed: 0.013 sec <<< FAILURE!
Running org.apache.accumulo.core.client.mapreduce.AccumuloOutputFormatTest
Tests run: 2, Failures: 0, Errors: 2, Skipped: 0, Time elapsed: 0.007 sec <<< FAILURE!
Running org.apache.accumulo.core.client.mapred.AccumuloRowInputFormatTest
Tests run: 1, Failures: 0, Errors: 1, Skipped: 0, Time elapsed: 0.001 sec <<< FAILURE!
Running org.apache.accumulo.core.client.mapred.AccumuloInputFormatTest
Tests run: 6, Failures: 0, Errors: 1, Skipped: 0, Time elapsed: 0.03 sec <<< FAILURE!
Running org.apache.accumulo.core.client.mapred.AccumuloFileOutputFormatTest
Tests run: 1, Failures: 0, Errors: 1, Skipped: 0, Time elapsed: 0.002 sec <<< FAILURE!
Running org.apache.accumulo.core.client.mapred.AccumuloOutputFormatTest
Tests run: 2, Failures: 0, Errors: 1, Skipped: 0, Time elapsed: 0.006 sec <<< FAILURE!
Running org.apache.accumulo.core.client.ClientSideIteratorTest
Tests run: 2, Failures: 0, Errors: 2, Skipped: 0, Time elapsed: 0.003 sec <<< FAILURE!
Running org.apache.accumulo.core.client.impl.ScannerOptionsTest
Tests run: 2, Failures: 0, Errors: 0, Skipped: 0, Time elapsed: 0.005 sec
Running org.apache.accumulo.core.client.impl.TabletLocatorImplTest
Tests run: 17, Failures: 0, Errors: 0, Skipped: 0, Time elapsed: 0.037 sec
Running org.apache.accumulo.core.client.TestThrift1474
Tests run: 1, Failures: 0, Errors: 0, Skipped: 0, Time elapsed: 0.058 sec
Running org.apache.accumulo.core.security.VisibilityEvaluatorTest
Tests run: 4, Failures: 0, Errors: 0, Skipped: 0, Time elapsed: 0.008 sec
Running org.apache.accumulo.core.security.ColumnVisibilityTest
Tests run: 11, Failures: 0, Errors: 0, Skipped: 0, Time elapsed: 0.005 sec
Running org.apache.accumulo.core.security.AuthorizationsTest
Tests run: 2, Failures: 0, Errors: 0, Skipped: 0, Time elapsed: 0 sec
Running org.apache.accumulo.core.util.LocalityGroupUtilTest
Tests run: 2, Failures: 0, Errors: 0, Skipped: 0, Time elapsed: 0.007 sec
Running org.apache.accumulo.core.util.MetadataTableTest
Tests run: 1, Failures: 0, Errors: 0, Skipped: 0, Time elapsed: 0 sec
Running org.apache.accumulo.core.util.MergeTest
Tests run: 1, Failures: 0, Errors: 0, Skipped: 0, Time elapsed: 0.001 sec
Running org.apache.accumulo.core.util.TextUtilTest
Tests run: 1, Failures: 0, Errors: 0, Skipped: 0, Time elapsed: 0.001 sec
Running org.apache.accumulo.core.util.EscapeTokenizerTest
Tests run: 11, Failures: 0, Errors: 0, Skipped: 0, Time elapsed: 0.001 sec
Running org.apache.accumulo.core.util.shell.command.FormatterCommandTest
Tests run: 1, Failures: 0, Errors: 1, Skipped: 0, Time elapsed: 0.085 sec <<< FAILURE!
Running org.apache.accumulo.core.util.shell.ShellTest
Tests run: 5, Failures: 0, Errors: 5, Skipped: 0, Time elapsed: 0.012 sec <<< FAILURE!
Running org.apache.accumulo.core.util.AddressUtilTest
Tests run: 2, Failures: 0, Errors: 0, Skipped: 0, Time elapsed: 0.024 sec
Running org.apache.accumulo.core.util.TestStringUtil
Tests run: 1, Failures: 0, Errors: 0, Skipped: 0, Time elapsed: 0.001 sec
Running org.apache.accumulo.core.util.TestVersion
Tests run: 1, Failures: 0, Errors: 0, Skipped: 0, Time elapsed: 0.004 sec
Running org.apache.accumulo.core.iterators.IterUtilTest
22/07/16 18:58:15 INFO impl.DefaultFileSystemManager: Using "/tmp/accumulo-vfs-cache" as temporary files store.
22/07/16 18:58:15 WARN vfs.AccumuloVFSClassLoader: ignoring classpath entry file:///lib/ext/[^.].*.jar
Tests run: 5, Failures: 0, Errors: 0, Skipped: 0, Time elapsed: 0.057 sec
Running org.apache.accumulo.core.iterators.AggregatingIteratorTest
Tests run: 7, Failures: 0, Errors: 0, Skipped: 0, Time elapsed: 0.007 sec
Running org.apache.accumulo.core.iterators.FirstEntryInRowIteratorTest
Tests run: 1, Failures: 0, Errors: 0, Skipped: 0, Time elapsed: 0 sec
Running org.apache.accumulo.core.iterators.FirstEntryInRowTest
Tests run: 2, Failures: 0, Errors: 0, Skipped: 0, Time elapsed: 0.018 sec
Running org.apache.accumulo.core.iterators.system.ColumnFilterTest
Tests run: 3, Failures: 0, Errors: 0, Skipped: 0, Time elapsed: 0.001 sec
Running org.apache.accumulo.core.iterators.system.ColumnFamilySkippingIteratorTest
Tests run: 3, Failures: 0, Errors: 0, Skipped: 0, Time elapsed: 0.368 sec
Running org.apache.accumulo.core.iterators.system.DeletingIteratorTest
Tests run: 4, Failures: 0, Errors: 0, Skipped: 0, Time elapsed: 0.001 sec
Running org.apache.accumulo.core.iterators.system.TimeSettingIteratorTest
Tests run: 1, Failures: 0, Errors: 0, Skipped: 0, Time elapsed: 0.001 sec
Running org.apache.accumulo.core.iterators.system.MultiIteratorTest
Tests run: 7, Failures: 0, Errors: 0, Skipped: 0, Time elapsed: 0.056 sec
Running org.apache.accumulo.core.iterators.system.SourceSwitchingIteratorTest
Tests run: 5, Failures: 0, Errors: 0, Skipped: 0, Time elapsed: 0.002 sec
Running org.apache.accumulo.core.iterators.system.VisibilityFilterTest
Tests run: 1, Failures: 0, Errors: 0, Skipped: 0, Time elapsed: 0.005 sec
Running org.apache.accumulo.core.iterators.user.WholeRowIteratorTest
Tests run: 3, Failures: 0, Errors: 0, Skipped: 0, Time elapsed: 0.002 sec
Running org.apache.accumulo.core.iterators.user.GrepIteratorTest
Tests run: 1, Failures: 0, Errors: 0, Skipped: 0, Time elapsed: 0.001 sec
Running org.apache.accumulo.core.iterators.user.RowFilterTest
Tests run: 1, Failures: 0, Errors: 1, Skipped: 0, Time elapsed: 0.003 sec <<< FAILURE!
Running org.apache.accumulo.core.iterators.user.FilterTest
Tests run: 11, Failures: 0, Errors: 0, Skipped: 0, Time elapsed: 0.046 sec
Running org.apache.accumulo.core.iterators.user.RegExFilterTest
Tests run: 1, Failures: 0, Errors: 0, Skipped: 0, Time elapsed: 0.001 sec
Running org.apache.accumulo.core.iterators.user.VersioningIteratorTest
Tests run: 6, Failures: 0, Errors: 0, Skipped: 0, Time elapsed: 0.004 sec
Running org.apache.accumulo.core.iterators.user.IntersectingIteratorTest
Tests run: 6, Failures: 0, Errors: 1, Skipped: 0, Time elapsed: 0.374 sec <<< FAILURE!
Running org.apache.accumulo.core.iterators.user.IndexedDocIteratorTest
Tests run: 5, Failures: 0, Errors: 0, Skipped: 0, Time elapsed: 0.594 sec
Running org.apache.accumulo.core.iterators.user.RowDeletingIteratorTest
Tests run: 4, Failures: 0, Errors: 0, Skipped: 0, Time elapsed: 0.002 sec
Running org.apache.accumulo.core.iterators.user.TransformingIteratorTest
Tests run: 16, Failures: 0, Errors: 16, Skipped: 0, Time elapsed: 0.025 sec <<< FAILURE!
Running org.apache.accumulo.core.iterators.user.LargeRowFilterTest
Tests run: 5, Failures: 0, Errors: 0, Skipped: 0, Time elapsed: 0.023 sec
Running org.apache.accumulo.core.iterators.user.CombinerTest
Tests run: 14, Failures: 0, Errors: 0, Skipped: 0, Time elapsed: 0.007 sec
Running org.apache.accumulo.core.iterators.user.VisibilityFilterTest
22/07/16 18:58:16 ERROR system.VisibilityFilter: Parse Error
org.apache.accumulo.core.util.BadArgumentException: empty term near index 0
&
^
	at org.apache.accumulo.core.security.ColumnVisibility$ColumnVisibilityParser.processTerm(ColumnVisibility.java:240)
	at org.apache.accumulo.core.security.ColumnVisibility$ColumnVisibilityParser.parse_(ColumnVisibility.java:253)
	at org.apache.accumulo.core.security.ColumnVisibility$ColumnVisibilityParser.parse(ColumnVisibility.java:221)
	at org.apache.accumulo.core.security.ColumnVisibility.validate(ColumnVisibility.java:354)
	at org.apache.accumulo.core.security.ColumnVisibility.<init>(ColumnVisibility.java:430)
	at org.apache.accumulo.core.security.ColumnVisibility.<init>(ColumnVisibility.java:388)
	at org.apache.accumulo.core.iterators.system.VisibilityFilter.accept(VisibilityFilter.java:71)
	at org.apache.accumulo.core.iterators.user.VisibilityFilter.accept(VisibilityFilter.java:85)
	at org.apache.accumulo.core.iterators.Filter.findTop(Filter.java:72)
	at org.apache.accumulo.core.iterators.Filter.seek(Filter.java:65)
	at org.apache.accumulo.core.iterators.user.VisibilityFilterTest.verify(VisibilityFilterTest.java:85)
	at org.apache.accumulo.core.iterators.user.VisibilityFilterTest.testFilterUnauthorizedAndBad(VisibilityFilterTest.java:187)
	at sun.reflect.NativeMethodAccessorImpl.invoke0(Native Method)
	at sun.reflect.NativeMethodAccessorImpl.invoke(NativeMethodAccessorImpl.java:62)
	at sun.reflect.DelegatingMethodAccessorImpl.invoke(DelegatingMethodAccessorImpl.java:43)
	at java.lang.reflect.Method.invoke(Method.java:498)
	at org.junit.runners.model.FrameworkMethod$1.runReflectiveCall(FrameworkMethod.java:47)
	at org.junit.internal.runners.model.ReflectiveCallable.run(ReflectiveCallable.java:12)
	at org.junit.runners.model.FrameworkMethod.invokeExplosively(FrameworkMethod.java:44)
	at org.junit.internal.runners.statements.InvokeMethod.evaluate(InvokeMethod.java:17)
	at org.junit.runners.ParentRunner.runLeaf(ParentRunner.java:271)
	at org.junit.runners.BlockJUnit4ClassRunner.runChild(BlockJUnit4ClassRunner.java:70)
	at org.junit.runners.BlockJUnit4ClassRunner.runChild(BlockJUnit4ClassRunner.java:50)
	at org.junit.runners.ParentRunner$3.run(ParentRunner.java:238)
	at org.junit.runners.ParentRunner$1.schedule(ParentRunner.java:63)
	at org.junit.runners.ParentRunner.runChildren(ParentRunner.java:236)
	at org.junit.runners.ParentRunner.access$000(ParentRunner.java:53)
	at org.junit.runners.ParentRunner$2.evaluate(ParentRunner.java:229)
	at org.junit.runners.ParentRunner.run(ParentRunner.java:309)
	at org.apache.maven.surefire.junit4.JUnit4Provider.execute(JUnit4Provider.java:236)
	at org.apache.maven.surefire.junit4.JUnit4Provider.executeTestSet(JUnit4Provider.java:134)
	at org.apache.maven.surefire.junit4.JUnit4Provider.invoke(JUnit4Provider.java:113)
	at sun.reflect.NativeMethodAccessorImpl.invoke0(Native Method)
	at sun.reflect.NativeMethodAccessorImpl.invoke(NativeMethodAccessorImpl.java:62)
	at sun.reflect.DelegatingMethodAccessorImpl.invoke(DelegatingMethodAccessorImpl.java:43)
	at java.lang.reflect.Method.invoke(Method.java:498)
	at org.apache.maven.surefire.util.ReflectionUtils.invokeMethodWithArray(ReflectionUtils.java:189)
	at org.apache.maven.surefire.booter.ProviderFactory$ProviderProxy.invoke(ProviderFactory.java:165)
	at org.apache.maven.surefire.booter.ProviderFactory.invokeProvider(ProviderFactory.java:85)
	at org.apache.maven.surefire.booter.ForkedBooter.runSuitesInProcess(ForkedBooter.java:103)
	at org.apache.maven.surefire.booter.ForkedBooter.main(ForkedBooter.java:74)
Tests run: 9, Failures: 0, Errors: 0, Skipped: 0, Time elapsed: 0.031 sec
Running org.apache.accumulo.core.iterators.aggregation.conf.AggregatorConfigurationTest
Tests run: 2, Failures: 0, Errors: 0, Skipped: 0, Time elapsed: 0.001 sec
Running org.apache.accumulo.core.iterators.aggregation.NumSummationTest
Tests run: 5, Failures: 0, Errors: 0, Skipped: 0, Time elapsed: 0.001 sec
Running org.apache.accumulo.core.file.rfile.RelativeKeyTest
Tests run: 6, Failures: 0, Errors: 0, Skipped: 0, Time elapsed: 0.008 sec
Running org.apache.accumulo.core.file.rfile.BlockIndexTest
Tests run: 2, Failures: 0, Errors: 0, Skipped: 0, Time elapsed: 0.019 sec
Running org.apache.accumulo.core.file.rfile.RFileTest
Tests run: 21, Failures: 0, Errors: 0, Skipped: 0, Time elapsed: 1.954 sec
Running org.apache.accumulo.core.file.rfile.MultiLevelIndexTest
Tests run: 1, Failures: 0, Errors: 0, Skipped: 0, Time elapsed: 0.283 sec
Running org.apache.accumulo.core.file.blockfile.cache.TestLruBlockCache
Tests run: 7, Failures: 0, Errors: 0, Skipped: 0, Time elapsed: 1.03 sec
Running org.apache.accumulo.core.file.blockfile.cache.TestCachedBlockQueue
Tests run: 2, Failures: 0, Errors: 0, Skipped: 0, Time elapsed: 0.003 sec
Running org.apache.accumulo.core.data.ColumnTest
Tests run: 3, Failures: 0, Errors: 0, Skipped: 0, Time elapsed: 0 sec
Running org.apache.accumulo.core.data.RangeTest
Tests run: 43, Failures: 0, Errors: 0, Skipped: 0, Time elapsed: 0.016 sec
Running org.apache.accumulo.core.data.MutationTest
Tests run: 13, Failures: 0, Errors: 0, Skipped: 0, Time elapsed: 0.03 sec
Running org.apache.accumulo.core.data.KeyExtentTest
Tests run: 3, Failures: 0, Errors: 0, Skipped: 0, Time elapsed: 0.001 sec
Running org.apache.accumulo.core.data.KeyTest
Tests run: 5, Failures: 0, Errors: 0, Skipped: 0, Time elapsed: 0 sec

Results :

Failed tests:   test(org.apache.accumulo.core.cli.TestClientOpts): expected null, but was:<org.apache.accumulo.core.security.tokens.PasswordToken@fee189f1>

Tests in error: 
  test1(org.apache.accumulo.core.client.admin.FindMaxTest): java.io.IOException: failure to login
  testDeletewithBatchDeleter(org.apache.accumulo.core.client.mock.MockConnectorTest): java.io.IOException: failure to login
  testMockConnectorReturnsCorrectInstance(org.apache.accumulo.core.client.mock.MockConnectorTest): java.io.IOException: failure to login
  testCMod(org.apache.accumulo.core.client.mock.MockConnectorTest): java.io.IOException: failure to login
  testSunnyDay(org.apache.accumulo.core.client.mock.MockConnectorTest): java.io.IOException: failure to login
  testAggregation(org.apache.accumulo.core.client.mock.MockConnectorTest): java.io.IOException: failure to login
  testDelete(org.apache.accumulo.core.client.mock.MockConnectorTest): java.io.IOException: failure to login
  testUpdate(org.apache.accumulo.core.client.mock.MockConnectorTest): java.io.IOException: failure to login
  testMockMultiTableBatchWriter(org.apache.accumulo.core.client.mock.MockConnectorTest): java.io.IOException: failure to login
  testChangeAuths(org.apache.accumulo.core.client.mock.MockConnectorTest): java.io.IOException: failure to login
  test(org.apache.accumulo.core.client.mock.TestBatchScanner821): java.io.IOException: failure to login
  testDeleteRows(org.apache.accumulo.core.client.mock.MockTableOperationsTest): java.io.IOException: failure to login
  testImport(org.apache.accumulo.core.client.mock.MockTableOperationsTest): failure to login
  testTableNotFound(org.apache.accumulo.core.client.mock.MockTableOperationsTest): java.io.IOException: failure to login
  testFailsWithNonEmptyFailureDirectory(org.apache.accumulo.core.client.mock.MockTableOperationsTest): Unexpected exception, expected<java.io.IOException> but was<java.lang.RuntimeException>
  testFailsWithNoTable(org.apache.accumulo.core.client.mock.MockTableOperationsTest): Unexpected exception, expected<org.apache.accumulo.core.client.TableNotFoundException> but was<java.lang.RuntimeException>
  testCreateUseVersions(org.apache.accumulo.core.client.mock.MockTableOperationsTest): java.io.IOException: failure to login
  test(org.apache.accumulo.core.client.mapreduce.AccumuloRowInputFormatTest): java.io.IOException: failure to login
  testSetIterator(org.apache.accumulo.core.client.mapreduce.AccumuloInputFormatTest): java.io.IOException: failure to login
  testMap(org.apache.accumulo.core.client.mapreduce.AccumuloInputFormatTest): java.io.IOException: failure to login
  testMaxVersions(org.apache.accumulo.core.client.mapreduce.AccumuloInputFormatTest): java.io.IOException: failure to login
  testAddIterator(org.apache.accumulo.core.client.mapreduce.AccumuloInputFormatTest): java.io.IOException: failure to login
  testNoMaxVersion(org.apache.accumulo.core.client.mapreduce.AccumuloInputFormatTest): java.io.IOException: failure to login
  testMaxVersionsLessThan1(org.apache.accumulo.core.client.mapreduce.AccumuloInputFormatTest): Unexpected exception, expected<java.io.IOException> but was<java.lang.RuntimeException>
  testIteratorOptionEncoding(org.apache.accumulo.core.client.mapreduce.AccumuloInputFormatTest): java.io.IOException: failure to login
  testSetRegex(org.apache.accumulo.core.client.mapreduce.AccumuloInputFormatTest): java.io.IOException: failure to login
  testGetIteratorSettings(org.apache.accumulo.core.client.mapreduce.AccumuloInputFormatTest): java.io.IOException: failure to login
  org.apache.accumulo.core.client.mapreduce.AccumuloFileOutputFormatTest: java.io.IOException: failure to login
  testNoSubBins(org.apache.accumulo.core.client.mapreduce.lib.partition.RangePartitionerTest): java.io.IOException: failure to login
  testSubBins(org.apache.accumulo.core.client.mapreduce.lib.partition.RangePartitionerTest): java.io.IOException: failure to login
  testMR(org.apache.accumulo.core.client.mapreduce.AccumuloOutputFormatTest): java.io.IOException: failure to login
  testBWSettings(org.apache.accumulo.core.client.mapreduce.AccumuloOutputFormatTest): java.io.IOException: failure to login
  test(org.apache.accumulo.core.client.mapred.AccumuloRowInputFormatTest): java.io.IOException: failure to login
  testMap(org.apache.accumulo.core.client.mapred.AccumuloInputFormatTest): java.io.IOException: failure to login
  org.apache.accumulo.core.client.mapred.AccumuloFileOutputFormatTest: java.io.IOException: failure to login
  testMR(org.apache.accumulo.core.client.mapred.AccumuloOutputFormatTest): java.io.IOException: failure to login
  testVersioning(org.apache.accumulo.core.client.ClientSideIteratorTest): java.io.IOException: failure to login
  testIntersect(org.apache.accumulo.core.client.ClientSideIteratorTest): java.io.IOException: failure to login
  test(org.apache.accumulo.core.util.shell.command.FormatterCommandTest): java.io.IOException: failure to login
  aboutTest(org.apache.accumulo.core.util.shell.ShellTest): java.io.IOException: failure to login
  insertDeleteScanTest(org.apache.accumulo.core.util.shell.ShellTest): java.io.IOException: failure to login
  addGetSplitsTest(org.apache.accumulo.core.util.shell.ShellTest): java.io.IOException: failure to login
  userTest(org.apache.accumulo.core.util.shell.ShellTest): java.io.IOException: failure to login
  authsTest(org.apache.accumulo.core.util.shell.ShellTest): java.io.IOException: failure to login
  test1(org.apache.accumulo.core.iterators.user.RowFilterTest): java.io.IOException: failure to login
  testWithBatchScanner(org.apache.accumulo.core.iterators.user.IntersectingIteratorTest): java.io.IOException: failure to login
  testCreatingIllegalVisbility(org.apache.accumulo.core.iterators.user.TransformingIteratorTest): java.io.IOException: failure to login
  testCompactionScanFetchingColumnFamilies(org.apache.accumulo.core.iterators.user.TransformingIteratorTest): java.io.IOException: failure to login
  testVisbilityFiltering(org.apache.accumulo.core.iterators.user.TransformingIteratorTest): java.io.IOException: failure to login
  testCompactionAndIllegalVisibility(org.apache.accumulo.core.iterators.user.TransformingIteratorTest): java.io.IOException: failure to login
  testDupes(org.apache.accumulo.core.iterators.user.TransformingIteratorTest): java.io.IOException: failure to login
  testValidateOptions(org.apache.accumulo.core.iterators.user.TransformingIteratorTest): java.io.IOException: failure to login
  testCompactionDoesntFilterVisibilities(org.apache.accumulo.core.iterators.user.TransformingIteratorTest): java.io.IOException: failure to login
  testPostfixRange(org.apache.accumulo.core.iterators.user.TransformingIteratorTest): java.io.IOException: failure to login
  testNoRangeScan(org.apache.accumulo.core.iterators.user.TransformingIteratorTest): java.io.IOException: failure to login
  testFetchColumnFamilites(org.apache.accumulo.core.iterators.user.TransformingIteratorTest): java.io.IOException: failure to login
  testPrefixRange(org.apache.accumulo.core.iterators.user.TransformingIteratorTest): java.io.IOException: failure to login
  testReplaceKeyParts(org.apache.accumulo.core.iterators.user.TransformingIteratorTest): java.io.IOException: failure to login
  testIdentityScan(org.apache.accumulo.core.iterators.user.TransformingIteratorTest): java.io.IOException: failure to login
  testRangeEnd(org.apache.accumulo.core.iterators.user.TransformingIteratorTest): java.io.IOException: failure to login
  testDeepCopy(org.apache.accumulo.core.iterators.user.TransformingIteratorTest): java.io.IOException: failure to login
  testRangeStart(org.apache.accumulo.core.iterators.user.TransformingIteratorTest): java.io.IOException: failure to login

Tests run: 358, Failures: 1, Errors: 62, Skipped: 0

[[1;34mINFO[m] [1m------------------------------------------------------------------------[m
[[1;34mINFO[m] [1;31mBUILD FAILURE[m
[[1;34mINFO[m] [1m------------------------------------------------------------------------[m
[[1;34mINFO[m] Total time:  8.959 s
[[1;34mINFO[m] Finished at: 2022-07-16T18:58:20-07:00
[[1;34mINFO[m] [1m------------------------------------------------------------------------[m
[[1;31mERROR[m] Failed to execute goal [32morg.apache.maven.plugins:maven-surefire-plugin:2.12:test[m [1m(default-test)[m on project [36maccumulo-core[m: [1;31mThere are test failures.[m
[[1;31mERROR[m] [1;31m[m
[[1;31mERROR[m] [1;31mPlease refer to /home/user/Reproducibility-Scanner/benchmarks/bugs-dot-jar/accumulo/core/target/surefire-reports for the individual test results.[m
[[1;31mERROR[m] -> [1m[Help 1][m
[[1;31mERROR[m] 
[[1;31mERROR[m] To see the full stack trace of the errors, re-run Maven with the [1m-e[m switch.
[[1;31mERROR[m] Re-run Maven using the [1m-X[m switch to enable full debug logging.
[[1;31mERROR[m] 
[[1;31mERROR[m] For more information about the errors and possible solutions, please read the following articles:
[[1;31mERROR[m] [1m[Help 1][m http://cwiki.apache.org/confluence/display/MAVEN/MojoFailureException