[INFO] Scanning for projects...
[WARNING] 
[WARNING] Some problems were encountered while building the effective model for org.apache.maven:maven-core:jar:2.1-SNAPSHOT
[WARNING] The expression ${version} is deprecated. Please use ${project.version} instead.
[WARNING] 
[WARNING] Some problems were encountered while building the effective model for org.apache.maven:maven-cli:jar:2.1-SNAPSHOT
[WARNING] The expression ${version} is deprecated. Please use ${project.version} instead.
[WARNING] 
[WARNING] It is highly recommended to fix these problems because they threaten the stability of your build.
[WARNING] 
[WARNING] For this reason, future Maven versions might no longer support building such malformed projects.
[WARNING] 
[INFO] ------------------------------------------------------------------------
[INFO] Reactor Build Order:
[INFO] 
[INFO] Maven                                                              [pom]
[INFO] Maven Artifact                                                     [jar]
[INFO] Maven Repository Metadata Model                                    [jar]
[INFO] Maven Artifact Manager                                             [jar]
[INFO] Maven Model                                                        [jar]
[INFO] Maven Local Settings Model                                         [jar]
[INFO] Maven Artifact Test Helper Library                                 [jar]
[INFO] Maven Plugin Parameter Documenter API                              [jar]
[INFO] Maven Reporting                                                    [pom]
[INFO] Maven Reporting API                                                [jar]
[INFO] Maven Profile Model                                                [jar]
[INFO] Maven Error Diagnostics                                            [jar]
[INFO] Maven Tools                                                        [jar]
[INFO] Maven Project Builder                                              [jar]
[INFO] Maven Plugin Registry Model                                        [jar]
[INFO] Maven Plugin API                                                   [jar]
[INFO] Maven Plugin Descriptor Model                                      [jar]
[INFO] Maven Monitor                                                      [jar]
[INFO] Maven Core                                                         [jar]
[INFO] Maven Plugin Tools Base POM                                        [pom]
[INFO] Maven Plugin Tools APIs                                            [jar]
[INFO] Maven Plugin Tools for Java                                        [jar]
[INFO] Maven Plugin Tools for Beanshell                                   [jar]
[INFO] Maven Pluggy Simplistic Plugin Generator                           [jar]
[INFO] Maven Plugin Metadata Model                                        [jar]
[INFO] Maven Ant Plugin Tools                                             [jar]
[INFO] Maven Reporting Implementation                                     [jar]
[INFO] Maven Script Support Root                                          [pom]
[INFO] Maven Ant Mojo Support                                             [jar]
[INFO] Maven Beanshell Mojo Support                                       [jar]
[INFO] Maven Embedder                                                     [jar]
[INFO] Maven Core - CLI                                                   [jar]
[INFO] 
[INFO] -----------------------< org.apache.maven:maven >-----------------------
[INFO] Building Maven 2.1-SNAPSHOT                                       [1/32]
[INFO] --------------------------------[ pom ]---------------------------------
[INFO] 
[INFO] --- maven-install-plugin:2.4:install (default-install) @ maven ---
[INFO] Installing /data-depot/user/Workspace/Reproducibility/Reproducibility-Scanner/benchmarks/bugs-dot-jar/maven/pom.xml to /home/user/.m2/repository/org/apache/maven/maven/2.1-SNAPSHOT/maven-2.1-SNAPSHOT.pom
[INFO] 
[INFO] ------------------< org.apache.maven:maven-artifact >-------------------
[INFO] Building Maven Artifact 2.1-SNAPSHOT                              [2/32]
[INFO] --------------------------------[ jar ]---------------------------------
[INFO] 
[INFO] --- maven-resources-plugin:2.6:resources (default-resources) @ maven-artifact ---
[WARNING] Using platform encoding (UTF-8 actually) to copy filtered resources, i.e. build is platform dependent!
[INFO] Copying 1 resource
[INFO] 
[INFO] --- maven-compiler-plugin:3.1:compile (default-compile) @ maven-artifact ---
[INFO] Changes detected - recompiling the module!
[WARNING] File encoding has not been set, using platform encoding UTF-8, i.e. build is platform dependent!
[INFO] Compiling 62 source files to /data-depot/user/Workspace/Reproducibility/Reproducibility-Scanner/benchmarks/bugs-dot-jar/maven/maven-artifact/target/classes
[WARNING] /data-depot/user/Workspace/Reproducibility/Reproducibility-Scanner/benchmarks/bugs-dot-jar/maven/maven-artifact/src/main/java/org/apache/maven/artifact/DefaultArtifact.java: Some input files use unchecked or unsafe operations.
[WARNING] /data-depot/user/Workspace/Reproducibility/Reproducibility-Scanner/benchmarks/bugs-dot-jar/maven/maven-artifact/src/main/java/org/apache/maven/artifact/DefaultArtifact.java: Recompile with -Xlint:unchecked for details.
[INFO] 
[INFO] --- maven-resources-plugin:2.6:testResources (default-testResources) @ maven-artifact ---
[WARNING] Using platform encoding (UTF-8 actually) to copy filtered resources, i.e. build is platform dependent!
[INFO] skip non existing resourceDirectory /data-depot/user/Workspace/Reproducibility/Reproducibility-Scanner/benchmarks/bugs-dot-jar/maven/maven-artifact/src/test/resources
[INFO] 
[INFO] --- maven-compiler-plugin:3.1:testCompile (default-testCompile) @ maven-artifact ---
[INFO] Changes detected - recompiling the module!
[WARNING] File encoding has not been set, using platform encoding UTF-8, i.e. build is platform dependent!
[INFO] Compiling 6 source files to /data-depot/user/Workspace/Reproducibility/Reproducibility-Scanner/benchmarks/bugs-dot-jar/maven/maven-artifact/target/test-classes
[WARNING] /data-depot/user/Workspace/Reproducibility/Reproducibility-Scanner/benchmarks/bugs-dot-jar/maven/maven-artifact/src/test/java/org/apache/maven/artifact/resolver/DefaultArtifactCollectorTest.java: /data-depot/user/Workspace/Reproducibility/Reproducibility-Scanner/benchmarks/bugs-dot-jar/maven/maven-artifact/src/test/java/org/apache/maven/artifact/resolver/DefaultArtifactCollectorTest.java uses unchecked or unsafe operations.
[WARNING] /data-depot/user/Workspace/Reproducibility/Reproducibility-Scanner/benchmarks/bugs-dot-jar/maven/maven-artifact/src/test/java/org/apache/maven/artifact/resolver/DefaultArtifactCollectorTest.java: Recompile with -Xlint:unchecked for details.
[INFO] 
[INFO] --- maven-surefire-plugin:2.12.4:test (default-test) @ maven-artifact ---
[INFO] Tests are skipped.
[INFO] 
[INFO] --- maven-jar-plugin:2.4:jar (default-jar) @ maven-artifact ---
[INFO] Building jar: /data-depot/user/Workspace/Reproducibility/Reproducibility-Scanner/benchmarks/bugs-dot-jar/maven/maven-artifact/target/maven-artifact-2.1-SNAPSHOT.jar
[INFO] 
[INFO] --- maven-install-plugin:2.4:install (default-install) @ maven-artifact ---
[INFO] Installing /data-depot/user/Workspace/Reproducibility/Reproducibility-Scanner/benchmarks/bugs-dot-jar/maven/maven-artifact/target/maven-artifact-2.1-SNAPSHOT.jar to /home/user/.m2/repository/org/apache/maven/maven-artifact/2.1-SNAPSHOT/maven-artifact-2.1-SNAPSHOT.jar
[INFO] Installing /data-depot/user/Workspace/Reproducibility/Reproducibility-Scanner/benchmarks/bugs-dot-jar/maven/maven-artifact/pom.xml to /home/user/.m2/repository/org/apache/maven/maven-artifact/2.1-SNAPSHOT/maven-artifact-2.1-SNAPSHOT.pom
[INFO] 
[INFO] -------------< org.apache.maven:maven-repository-metadata >-------------
[INFO] Building Maven Repository Metadata Model 2.1-SNAPSHOT             [3/32]
[INFO] --------------------------------[ jar ]---------------------------------
[INFO] 
[INFO] --- modello-maven-plugin:1.0-alpha-8:java (default) @ maven-repository-metadata ---
[INFO] outputDirectory: /data-depot/user/Workspace/Reproducibility/Reproducibility-Scanner/benchmarks/bugs-dot-jar/maven/maven-repository-metadata/target/generated-sources/modello
[INFO] 
[INFO] --- modello-maven-plugin:1.0-alpha-8:xpp3-reader (default) @ maven-repository-metadata ---
[INFO] outputDirectory: /data-depot/user/Workspace/Reproducibility/Reproducibility-Scanner/benchmarks/bugs-dot-jar/maven/maven-repository-metadata/target/generated-sources/modello
[INFO] 
[INFO] --- modello-maven-plugin:1.0-alpha-8:xpp3-writer (default) @ maven-repository-metadata ---
[INFO] outputDirectory: /data-depot/user/Workspace/Reproducibility/Reproducibility-Scanner/benchmarks/bugs-dot-jar/maven/maven-repository-metadata/target/generated-sources/modello
[INFO] 
[INFO] --- maven-resources-plugin:2.6:resources (default-resources) @ maven-repository-metadata ---
[WARNING] Using platform encoding (UTF-8 actually) to copy filtered resources, i.e. build is platform dependent!
[INFO] skip non existing resourceDirectory /data-depot/user/Workspace/Reproducibility/Reproducibility-Scanner/benchmarks/bugs-dot-jar/maven/maven-repository-metadata/src/main/resources
[INFO] 
[INFO] --- maven-compiler-plugin:3.1:compile (default-compile) @ maven-repository-metadata ---
[INFO] Changes detected - recompiling the module!
[WARNING] File encoding has not been set, using platform encoding UTF-8, i.e. build is platform dependent!
[INFO] Compiling 6 source files to /data-depot/user/Workspace/Reproducibility/Reproducibility-Scanner/benchmarks/bugs-dot-jar/maven/maven-repository-metadata/target/classes
[WARNING] /data-depot/user/Workspace/Reproducibility/Reproducibility-Scanner/benchmarks/bugs-dot-jar/maven/maven-repository-metadata/target/generated-sources/modello/org/apache/maven/artifact/repository/metadata/Versioning.java: Some input files use unchecked or unsafe operations.
[WARNING] /data-depot/user/Workspace/Reproducibility/Reproducibility-Scanner/benchmarks/bugs-dot-jar/maven/maven-repository-metadata/target/generated-sources/modello/org/apache/maven/artifact/repository/metadata/Versioning.java: Recompile with -Xlint:unchecked for details.
[INFO] 
[INFO] --- maven-resources-plugin:2.6:testResources (default-testResources) @ maven-repository-metadata ---
[WARNING] Using platform encoding (UTF-8 actually) to copy filtered resources, i.e. build is platform dependent!
[INFO] skip non existing resourceDirectory /data-depot/user/Workspace/Reproducibility/Reproducibility-Scanner/benchmarks/bugs-dot-jar/maven/maven-repository-metadata/src/test/resources
[INFO] 
[INFO] --- maven-compiler-plugin:3.1:testCompile (default-testCompile) @ maven-repository-metadata ---
[INFO] No sources to compile
[INFO] 
[INFO] --- maven-surefire-plugin:2.12.4:test (default-test) @ maven-repository-metadata ---
[INFO] Tests are skipped.
[INFO] 
[INFO] --- maven-jar-plugin:2.4:jar (default-jar) @ maven-repository-metadata ---
[INFO] Building jar: /data-depot/user/Workspace/Reproducibility/Reproducibility-Scanner/benchmarks/bugs-dot-jar/maven/maven-repository-metadata/target/maven-repository-metadata-2.1-SNAPSHOT.jar
[INFO] 
[INFO] --- maven-install-plugin:2.4:install (default-install) @ maven-repository-metadata ---
[INFO] Installing /data-depot/user/Workspace/Reproducibility/Reproducibility-Scanner/benchmarks/bugs-dot-jar/maven/maven-repository-metadata/target/maven-repository-metadata-2.1-SNAPSHOT.jar to /home/user/.m2/repository/org/apache/maven/maven-repository-metadata/2.1-SNAPSHOT/maven-repository-metadata-2.1-SNAPSHOT.jar
[INFO] Installing /data-depot/user/Workspace/Reproducibility/Reproducibility-Scanner/benchmarks/bugs-dot-jar/maven/maven-repository-metadata/pom.xml to /home/user/.m2/repository/org/apache/maven/maven-repository-metadata/2.1-SNAPSHOT/maven-repository-metadata-2.1-SNAPSHOT.pom
[INFO] 
[INFO] --------------< org.apache.maven:maven-artifact-manager >---------------
[INFO] Building Maven Artifact Manager 2.1-SNAPSHOT                      [4/32]
[INFO] --------------------------------[ jar ]---------------------------------
[INFO] 
[INFO] --- maven-resources-plugin:2.6:resources (default-resources) @ maven-artifact-manager ---
[WARNING] Using platform encoding (UTF-8 actually) to copy filtered resources, i.e. build is platform dependent!
[INFO] Copying 1 resource
[INFO] 
[INFO] --- maven-compiler-plugin:3.1:compile (default-compile) @ maven-artifact-manager ---
[INFO] Changes detected - recompiling the module!
[WARNING] File encoding has not been set, using platform encoding UTF-8, i.e. build is platform dependent!
[INFO] Compiling 23 source files to /data-depot/user/Workspace/Reproducibility/Reproducibility-Scanner/benchmarks/bugs-dot-jar/maven/maven-artifact-manager/target/classes
[WARNING] /data-depot/user/Workspace/Reproducibility/Reproducibility-Scanner/benchmarks/bugs-dot-jar/maven/maven-artifact-manager/src/main/java/org/apache/maven/artifact/manager/DefaultWagonManager.java: /data-depot/user/Workspace/Reproducibility/Reproducibility-Scanner/benchmarks/bugs-dot-jar/maven/maven-artifact-manager/src/main/java/org/apache/maven/artifact/manager/DefaultWagonManager.java uses or overrides a deprecated API.
[WARNING] /data-depot/user/Workspace/Reproducibility/Reproducibility-Scanner/benchmarks/bugs-dot-jar/maven/maven-artifact-manager/src/main/java/org/apache/maven/artifact/manager/DefaultWagonManager.java: Recompile with -Xlint:deprecation for details.
[WARNING] /data-depot/user/Workspace/Reproducibility/Reproducibility-Scanner/benchmarks/bugs-dot-jar/maven/maven-artifact-manager/src/main/java/org/apache/maven/artifact/resolver/DefaultArtifactResolver.java: Some input files use unchecked or unsafe operations.
[WARNING] /data-depot/user/Workspace/Reproducibility/Reproducibility-Scanner/benchmarks/bugs-dot-jar/maven/maven-artifact-manager/src/main/java/org/apache/maven/artifact/resolver/DefaultArtifactResolver.java: Recompile with -Xlint:unchecked for details.
[INFO] 
[INFO] --- maven-resources-plugin:2.6:testResources (default-testResources) @ maven-artifact-manager ---
[WARNING] Using platform encoding (UTF-8 actually) to copy filtered resources, i.e. build is platform dependent!
[INFO] Copying 6 resources
[INFO] 
[INFO] --- maven-compiler-plugin:3.1:testCompile (default-testCompile) @ maven-artifact-manager ---
[INFO] Changes detected - recompiling the module!
[WARNING] File encoding has not been set, using platform encoding UTF-8, i.e. build is platform dependent!
[INFO] Compiling 9 source files to /data-depot/user/Workspace/Reproducibility/Reproducibility-Scanner/benchmarks/bugs-dot-jar/maven/maven-artifact-manager/target/test-classes
[WARNING] /data-depot/user/Workspace/Reproducibility/Reproducibility-Scanner/benchmarks/bugs-dot-jar/maven/maven-artifact-manager/src/test/java/org/apache/maven/artifact/manager/DefaultWagonManagerTest.java: /data-depot/user/Workspace/Reproducibility/Reproducibility-Scanner/benchmarks/bugs-dot-jar/maven/maven-artifact-manager/src/test/java/org/apache/maven/artifact/manager/DefaultWagonManagerTest.java uses or overrides a deprecated API.
[WARNING] /data-depot/user/Workspace/Reproducibility/Reproducibility-Scanner/benchmarks/bugs-dot-jar/maven/maven-artifact-manager/src/test/java/org/apache/maven/artifact/manager/DefaultWagonManagerTest.java: Recompile with -Xlint:deprecation for details.
[WARNING] /data-depot/user/Workspace/Reproducibility/Reproducibility-Scanner/benchmarks/bugs-dot-jar/maven/maven-artifact-manager/src/test/java/org/apache/maven/artifact/AbstractArtifactComponentTestCase.java: Some input files use unchecked or unsafe operations.
[WARNING] /data-depot/user/Workspace/Reproducibility/Reproducibility-Scanner/benchmarks/bugs-dot-jar/maven/maven-artifact-manager/src/test/java/org/apache/maven/artifact/AbstractArtifactComponentTestCase.java: Recompile with -Xlint:unchecked for details.
[INFO] 
[INFO] --- maven-surefire-plugin:2.12.4:test (default-test) @ maven-artifact-manager ---
[INFO] Tests are skipped.
[INFO] 
[INFO] --- maven-jar-plugin:2.4:jar (default-jar) @ maven-artifact-manager ---
[INFO] Building jar: /data-depot/user/Workspace/Reproducibility/Reproducibility-Scanner/benchmarks/bugs-dot-jar/maven/maven-artifact-manager/target/maven-artifact-manager-2.1-SNAPSHOT.jar
[INFO] 
[INFO] --- maven-install-plugin:2.4:install (default-install) @ maven-artifact-manager ---
[INFO] Installing /data-depot/user/Workspace/Reproducibility/Reproducibility-Scanner/benchmarks/bugs-dot-jar/maven/maven-artifact-manager/target/maven-artifact-manager-2.1-SNAPSHOT.jar to /home/user/.m2/repository/org/apache/maven/maven-artifact-manager/2.1-SNAPSHOT/maven-artifact-manager-2.1-SNAPSHOT.jar
[INFO] Installing /data-depot/user/Workspace/Reproducibility/Reproducibility-Scanner/benchmarks/bugs-dot-jar/maven/maven-artifact-manager/pom.xml to /home/user/.m2/repository/org/apache/maven/maven-artifact-manager/2.1-SNAPSHOT/maven-artifact-manager-2.1-SNAPSHOT.pom
[INFO] 
[INFO] --------------------< org.apache.maven:maven-model >--------------------
[INFO] Building Maven Model 2.1-SNAPSHOT                                 [5/32]
[INFO] --------------------------------[ jar ]---------------------------------
[INFO] 
[INFO] --- modello-maven-plugin:1.0-alpha-8:java (default) @ maven-model ---
[INFO] outputDirectory: /data-depot/user/Workspace/Reproducibility/Reproducibility-Scanner/benchmarks/bugs-dot-jar/maven/maven-model/target/generated-sources/modello
[INFO] 
[INFO] --- modello-maven-plugin:1.0-alpha-8:xpp3-reader (default) @ maven-model ---
[INFO] outputDirectory: /data-depot/user/Workspace/Reproducibility/Reproducibility-Scanner/benchmarks/bugs-dot-jar/maven/maven-model/target/generated-sources/modello
[INFO] 
[INFO] --- modello-maven-plugin:1.0-alpha-8:xpp3-writer (default) @ maven-model ---
[INFO] outputDirectory: /data-depot/user/Workspace/Reproducibility/Reproducibility-Scanner/benchmarks/bugs-dot-jar/maven/maven-model/target/generated-sources/modello
[INFO] 
[INFO] --- maven-resources-plugin:2.6:resources (default-resources) @ maven-model ---
[WARNING] Using platform encoding (UTF-8 actually) to copy filtered resources, i.e. build is platform dependent!
[INFO] skip non existing resourceDirectory /data-depot/user/Workspace/Reproducibility/Reproducibility-Scanner/benchmarks/bugs-dot-jar/maven/maven-model/src/main/resources
[INFO] 
[INFO] --- maven-compiler-plugin:3.1:compile (default-compile) @ maven-model ---
[INFO] Changes detected - recompiling the module!
[WARNING] File encoding has not been set, using platform encoding UTF-8, i.e. build is platform dependent!
[INFO] Compiling 45 source files to /data-depot/user/Workspace/Reproducibility/Reproducibility-Scanner/benchmarks/bugs-dot-jar/maven/maven-model/target/classes
[WARNING] /data-depot/user/Workspace/Reproducibility/Reproducibility-Scanner/benchmarks/bugs-dot-jar/maven/maven-model/target/generated-sources/modello/org/apache/maven/model/Plugin.java: Some input files use unchecked or unsafe operations.
[WARNING] /data-depot/user/Workspace/Reproducibility/Reproducibility-Scanner/benchmarks/bugs-dot-jar/maven/maven-model/target/generated-sources/modello/org/apache/maven/model/Plugin.java: Recompile with -Xlint:unchecked for details.
[INFO] 
[INFO] --- maven-resources-plugin:2.6:testResources (default-testResources) @ maven-model ---
[WARNING] Using platform encoding (UTF-8 actually) to copy filtered resources, i.e. build is platform dependent!
[INFO] skip non existing resourceDirectory /data-depot/user/Workspace/Reproducibility/Reproducibility-Scanner/benchmarks/bugs-dot-jar/maven/maven-model/src/test/resources
[INFO] 
[INFO] --- maven-compiler-plugin:3.1:testCompile (default-testCompile) @ maven-model ---
[INFO] No sources to compile
[INFO] 
[INFO] --- maven-surefire-plugin:2.12.4:test (default-test) @ maven-model ---
[INFO] Tests are skipped.
[INFO] 
[INFO] --- maven-jar-plugin:2.4:jar (default-jar) @ maven-model ---
[INFO] Building jar: /data-depot/user/Workspace/Reproducibility/Reproducibility-Scanner/benchmarks/bugs-dot-jar/maven/maven-model/target/maven-model-2.1-SNAPSHOT.jar
[INFO] 
[INFO] --- maven-install-plugin:2.4:install (default-install) @ maven-model ---
[INFO] Installing /data-depot/user/Workspace/Reproducibility/Reproducibility-Scanner/benchmarks/bugs-dot-jar/maven/maven-model/target/maven-model-2.1-SNAPSHOT.jar to /home/user/.m2/repository/org/apache/maven/maven-model/2.1-SNAPSHOT/maven-model-2.1-SNAPSHOT.jar
[INFO] Installing /data-depot/user/Workspace/Reproducibility/Reproducibility-Scanner/benchmarks/bugs-dot-jar/maven/maven-model/pom.xml to /home/user/.m2/repository/org/apache/maven/maven-model/2.1-SNAPSHOT/maven-model-2.1-SNAPSHOT.pom
[INFO] 
[INFO] ------------------< org.apache.maven:maven-settings >-------------------
[INFO] Building Maven Local Settings Model 2.1-SNAPSHOT                  [6/32]
[INFO] --------------------------------[ jar ]---------------------------------
[INFO] 
[INFO] --- modello-maven-plugin:1.0-alpha-8:java (default) @ maven-settings ---
[INFO] outputDirectory: /data-depot/user/Workspace/Reproducibility/Reproducibility-Scanner/benchmarks/bugs-dot-jar/maven/maven-settings/target/generated-sources/modello
[INFO] 
[INFO] --- modello-maven-plugin:1.0-alpha-8:xpp3-reader (default) @ maven-settings ---
[INFO] outputDirectory: /data-depot/user/Workspace/Reproducibility/Reproducibility-Scanner/benchmarks/bugs-dot-jar/maven/maven-settings/target/generated-sources/modello
[INFO] 
[INFO] --- modello-maven-plugin:1.0-alpha-8:xpp3-writer (default) @ maven-settings ---
[INFO] outputDirectory: /data-depot/user/Workspace/Reproducibility/Reproducibility-Scanner/benchmarks/bugs-dot-jar/maven/maven-settings/target/generated-sources/modello
[INFO] 
[INFO] --- maven-resources-plugin:2.6:resources (default-resources) @ maven-settings ---
[WARNING] Using platform encoding (UTF-8 actually) to copy filtered resources, i.e. build is platform dependent!
[INFO] Copying 1 resource
[INFO] 
[INFO] --- maven-compiler-plugin:3.1:compile (default-compile) @ maven-settings ---
[INFO] Changes detected - recompiling the module!
[WARNING] File encoding has not been set, using platform encoding UTF-8, i.e. build is platform dependent!
[INFO] Compiling 21 source files to /data-depot/user/Workspace/Reproducibility/Reproducibility-Scanner/benchmarks/bugs-dot-jar/maven/maven-settings/target/classes
[WARNING] /data-depot/user/Workspace/Reproducibility/Reproducibility-Scanner/benchmarks/bugs-dot-jar/maven/maven-settings/target/generated-sources/modello/org/apache/maven/settings/Settings.java: Some input files use unchecked or unsafe operations.
[WARNING] /data-depot/user/Workspace/Reproducibility/Reproducibility-Scanner/benchmarks/bugs-dot-jar/maven/maven-settings/target/generated-sources/modello/org/apache/maven/settings/Settings.java: Recompile with -Xlint:unchecked for details.
[INFO] 
[INFO] --- maven-resources-plugin:2.6:testResources (default-testResources) @ maven-settings ---
[WARNING] Using platform encoding (UTF-8 actually) to copy filtered resources, i.e. build is platform dependent!
[INFO] skip non existing resourceDirectory /data-depot/user/Workspace/Reproducibility/Reproducibility-Scanner/benchmarks/bugs-dot-jar/maven/maven-settings/src/test/resources
[INFO] 
[INFO] --- maven-compiler-plugin:3.1:testCompile (default-testCompile) @ maven-settings ---
[INFO] Changes detected - recompiling the module!
[WARNING] File encoding has not been set, using platform encoding UTF-8, i.e. build is platform dependent!
[INFO] Compiling 1 source file to /data-depot/user/Workspace/Reproducibility/Reproducibility-Scanner/benchmarks/bugs-dot-jar/maven/maven-settings/target/test-classes
[INFO] 
[INFO] --- maven-surefire-plugin:2.12.4:test (default-test) @ maven-settings ---
[INFO] Tests are skipped.
[INFO] 
[INFO] --- maven-jar-plugin:2.4:jar (default-jar) @ maven-settings ---
[INFO] Building jar: /data-depot/user/Workspace/Reproducibility/Reproducibility-Scanner/benchmarks/bugs-dot-jar/maven/maven-settings/target/maven-settings-2.1-SNAPSHOT.jar
[INFO] 
[INFO] --- maven-install-plugin:2.4:install (default-install) @ maven-settings ---
[INFO] Installing /data-depot/user/Workspace/Reproducibility/Reproducibility-Scanner/benchmarks/bugs-dot-jar/maven/maven-settings/target/maven-settings-2.1-SNAPSHOT.jar to /home/user/.m2/repository/org/apache/maven/maven-settings/2.1-SNAPSHOT/maven-settings-2.1-SNAPSHOT.jar
[INFO] Installing /data-depot/user/Workspace/Reproducibility/Reproducibility-Scanner/benchmarks/bugs-dot-jar/maven/maven-settings/pom.xml to /home/user/.m2/repository/org/apache/maven/maven-settings/2.1-SNAPSHOT/maven-settings-2.1-SNAPSHOT.pom
[INFO] 
[INFO] ----------------< org.apache.maven:maven-artifact-test >----------------
[INFO] Building Maven Artifact Test Helper Library 2.1-SNAPSHOT          [7/32]
[INFO] --------------------------------[ jar ]---------------------------------
[INFO] 
[INFO] --- maven-resources-plugin:2.6:resources (default-resources) @ maven-artifact-test ---
[WARNING] Using platform encoding (UTF-8 actually) to copy filtered resources, i.e. build is platform dependent!
[INFO] skip non existing resourceDirectory /data-depot/user/Workspace/Reproducibility/Reproducibility-Scanner/benchmarks/bugs-dot-jar/maven/maven-artifact-test/src/main/resources
[INFO] 
[INFO] --- maven-compiler-plugin:3.1:compile (default-compile) @ maven-artifact-test ---
[INFO] Changes detected - recompiling the module!
[WARNING] File encoding has not been set, using platform encoding UTF-8, i.e. build is platform dependent!
[INFO] Compiling 1 source file to /data-depot/user/Workspace/Reproducibility/Reproducibility-Scanner/benchmarks/bugs-dot-jar/maven/maven-artifact-test/target/classes
[INFO] 
[INFO] --- maven-resources-plugin:2.6:testResources (default-testResources) @ maven-artifact-test ---
[WARNING] Using platform encoding (UTF-8 actually) to copy filtered resources, i.e. build is platform dependent!
[INFO] skip non existing resourceDirectory /data-depot/user/Workspace/Reproducibility/Reproducibility-Scanner/benchmarks/bugs-dot-jar/maven/maven-artifact-test/src/test/resources
[INFO] 
[INFO] --- maven-compiler-plugin:3.1:testCompile (default-testCompile) @ maven-artifact-test ---
[INFO] No sources to compile
[INFO] 
[INFO] --- maven-surefire-plugin:2.12.4:test (default-test) @ maven-artifact-test ---
[INFO] Tests are skipped.
[INFO] 
[INFO] --- maven-jar-plugin:2.4:jar (default-jar) @ maven-artifact-test ---
[INFO] Building jar: /data-depot/user/Workspace/Reproducibility/Reproducibility-Scanner/benchmarks/bugs-dot-jar/maven/maven-artifact-test/target/maven-artifact-test-2.1-SNAPSHOT.jar
[INFO] 
[INFO] --- maven-install-plugin:2.4:install (default-install) @ maven-artifact-test ---
[INFO] Installing /data-depot/user/Workspace/Reproducibility/Reproducibility-Scanner/benchmarks/bugs-dot-jar/maven/maven-artifact-test/target/maven-artifact-test-2.1-SNAPSHOT.jar to /home/user/.m2/repository/org/apache/maven/maven-artifact-test/2.1-SNAPSHOT/maven-artifact-test-2.1-SNAPSHOT.jar
[INFO] Installing /data-depot/user/Workspace/Reproducibility/Reproducibility-Scanner/benchmarks/bugs-dot-jar/maven/maven-artifact-test/pom.xml to /home/user/.m2/repository/org/apache/maven/maven-artifact-test/2.1-SNAPSHOT/maven-artifact-test-2.1-SNAPSHOT.pom
[INFO] 
[INFO] ---------< org.apache.maven:maven-plugin-parameter-documenter >---------
[INFO] Building Maven Plugin Parameter Documenter API 2.1-SNAPSHOT       [8/32]
[INFO] --------------------------------[ jar ]---------------------------------
[INFO] 
[INFO] --- modello-maven-plugin:1.0-alpha-8:java (default) @ maven-plugin-parameter-documenter ---
[INFO] outputDirectory: /data-depot/user/Workspace/Reproducibility/Reproducibility-Scanner/benchmarks/bugs-dot-jar/maven/maven-plugin-parameter-documenter/target/generated-sources/modello
[INFO] 
[INFO] --- modello-maven-plugin:1.0-alpha-8:xpp3-reader (default) @ maven-plugin-parameter-documenter ---
[INFO] outputDirectory: /data-depot/user/Workspace/Reproducibility/Reproducibility-Scanner/benchmarks/bugs-dot-jar/maven/maven-plugin-parameter-documenter/target/generated-sources/modello
[INFO] 
[INFO] --- modello-maven-plugin:1.0-alpha-8:xpp3-writer (default) @ maven-plugin-parameter-documenter ---
[INFO] outputDirectory: /data-depot/user/Workspace/Reproducibility/Reproducibility-Scanner/benchmarks/bugs-dot-jar/maven/maven-plugin-parameter-documenter/target/generated-sources/modello
[INFO] 
[INFO] --- modello-maven-plugin:1.0-alpha-8:xsd (xsd) @ maven-plugin-parameter-documenter ---
[INFO] outputDirectory: /data-depot/user/Workspace/Reproducibility/Reproducibility-Scanner/benchmarks/bugs-dot-jar/maven/maven-plugin-parameter-documenter/target/generated-site/xsd
[INFO] 
[INFO] --- maven-resources-plugin:2.6:resources (default-resources) @ maven-plugin-parameter-documenter ---
[WARNING] Using platform encoding (UTF-8 actually) to copy filtered resources, i.e. build is platform dependent!
[INFO] skip non existing resourceDirectory /data-depot/user/Workspace/Reproducibility/Reproducibility-Scanner/benchmarks/bugs-dot-jar/maven/maven-plugin-parameter-documenter/src/main/resources
[INFO] 
[INFO] --- maven-compiler-plugin:3.1:compile (default-compile) @ maven-plugin-parameter-documenter ---
[INFO] Changes detected - recompiling the module!
[WARNING] File encoding has not been set, using platform encoding UTF-8, i.e. build is platform dependent!
[INFO] Compiling 4 source files to /data-depot/user/Workspace/Reproducibility/Reproducibility-Scanner/benchmarks/bugs-dot-jar/maven/maven-plugin-parameter-documenter/target/classes
[WARNING] /data-depot/user/Workspace/Reproducibility/Reproducibility-Scanner/benchmarks/bugs-dot-jar/maven/maven-plugin-parameter-documenter/target/generated-sources/modello/org/apache/maven/usability/plugin/io/xpp3/ParamdocXpp3Reader.java: Some input files use unchecked or unsafe operations.
[WARNING] /data-depot/user/Workspace/Reproducibility/Reproducibility-Scanner/benchmarks/bugs-dot-jar/maven/maven-plugin-parameter-documenter/target/generated-sources/modello/org/apache/maven/usability/plugin/io/xpp3/ParamdocXpp3Reader.java: Recompile with -Xlint:unchecked for details.
[INFO] 
[INFO] --- maven-resources-plugin:2.6:testResources (default-testResources) @ maven-plugin-parameter-documenter ---
[WARNING] Using platform encoding (UTF-8 actually) to copy filtered resources, i.e. build is platform dependent!
[INFO] Copying 1 resource
[INFO] 
[INFO] --- maven-compiler-plugin:3.1:testCompile (default-testCompile) @ maven-plugin-parameter-documenter ---
[INFO] Changes detected - recompiling the module!
[WARNING] File encoding has not been set, using platform encoding UTF-8, i.e. build is platform dependent!
[INFO] Compiling 1 source file to /data-depot/user/Workspace/Reproducibility/Reproducibility-Scanner/benchmarks/bugs-dot-jar/maven/maven-plugin-parameter-documenter/target/test-classes
[INFO] 
[INFO] --- maven-surefire-plugin:2.12.4:test (default-test) @ maven-plugin-parameter-documenter ---
[INFO] Tests are skipped.
[INFO] 
[INFO] --- maven-jar-plugin:2.4:jar (default-jar) @ maven-plugin-parameter-documenter ---
[INFO] Building jar: /data-depot/user/Workspace/Reproducibility/Reproducibility-Scanner/benchmarks/bugs-dot-jar/maven/maven-plugin-parameter-documenter/target/maven-plugin-parameter-documenter-2.1-SNAPSHOT.jar
[INFO] 
[INFO] --- maven-install-plugin:2.4:install (default-install) @ maven-plugin-parameter-documenter ---
[INFO] Installing /data-depot/user/Workspace/Reproducibility/Reproducibility-Scanner/benchmarks/bugs-dot-jar/maven/maven-plugin-parameter-documenter/target/maven-plugin-parameter-documenter-2.1-SNAPSHOT.jar to /home/user/.m2/repository/org/apache/maven/maven-plugin-parameter-documenter/2.1-SNAPSHOT/maven-plugin-parameter-documenter-2.1-SNAPSHOT.jar
[INFO] Installing /data-depot/user/Workspace/Reproducibility/Reproducibility-Scanner/benchmarks/bugs-dot-jar/maven/maven-plugin-parameter-documenter/pom.xml to /home/user/.m2/repository/org/apache/maven/maven-plugin-parameter-documenter/2.1-SNAPSHOT/maven-plugin-parameter-documenter-2.1-SNAPSHOT.pom
[INFO] 
[INFO] -------------< org.apache.maven.reporting:maven-reporting >-------------
[INFO] Building Maven Reporting 2.1-SNAPSHOT                             [9/32]
[INFO] --------------------------------[ pom ]---------------------------------
[INFO] 
[INFO] --- maven-install-plugin:2.4:install (default-install) @ maven-reporting ---
[INFO] Installing /data-depot/user/Workspace/Reproducibility/Reproducibility-Scanner/benchmarks/bugs-dot-jar/maven/maven-reporting/pom.xml to /home/user/.m2/repository/org/apache/maven/reporting/maven-reporting/2.1-SNAPSHOT/maven-reporting-2.1-SNAPSHOT.pom
[INFO] 
[INFO] -----------< org.apache.maven.reporting:maven-reporting-api >-----------
[INFO] Building Maven Reporting API 2.1-SNAPSHOT                        [10/32]
[INFO] --------------------------------[ jar ]---------------------------------
Downloading from apache.snapshots: http://people.apache.org/repo/m2-snapshot-repository/org/apache/maven/doxia/doxia-sink-api/1.0-alpha-9-SNAPSHOT/maven-metadata.xml
Downloading from apache.snapshots: http://people.apache.org/repo/m2-snapshot-repository/org/apache/maven/doxia/doxia-sink-api/1.0-alpha-9-SNAPSHOT/doxia-sink-api-1.0-alpha-9-SNAPSHOT.pom
[WARNING] The POM for org.apache.maven.doxia:doxia-sink-api:jar:1.0-alpha-9-SNAPSHOT is missing, no dependency information available
Downloading from apache.snapshots: http://people.apache.org/repo/m2-snapshot-repository/org/apache/maven/doxia/doxia-sink-api/1.0-alpha-9-SNAPSHOT/doxia-sink-api-1.0-alpha-9-SNAPSHOT.jar
[INFO] 
[INFO] -------------------< org.apache.maven:maven-profile >-------------------
[INFO] Building Maven Profile Model 2.1-SNAPSHOT                        [11/32]
[INFO] --------------------------------[ jar ]---------------------------------
[INFO] 
[INFO] --- modello-maven-plugin:1.0-alpha-7:xpp3-writer (default) @ maven-profile ---
[INFO] outputDirectory: /data-depot/user/Workspace/Reproducibility/Reproducibility-Scanner/benchmarks/bugs-dot-jar/maven/maven-profile/target/generated-sources/modello
[INFO] 
[INFO] --- modello-maven-plugin:1.0-alpha-7:java (default) @ maven-profile ---
[INFO] outputDirectory: /data-depot/user/Workspace/Reproducibility/Reproducibility-Scanner/benchmarks/bugs-dot-jar/maven/maven-profile/target/generated-sources/modello
[INFO] 
[INFO] --- modello-maven-plugin:1.0-alpha-7:xpp3-reader (default) @ maven-profile ---
[INFO] outputDirectory: /data-depot/user/Workspace/Reproducibility/Reproducibility-Scanner/benchmarks/bugs-dot-jar/maven/maven-profile/target/generated-sources/modello
[INFO] 
[INFO] --- maven-resources-plugin:2.6:resources (default-resources) @ maven-profile ---
[WARNING] Using platform encoding (UTF-8 actually) to copy filtered resources, i.e. build is platform dependent!
[INFO] Copying 1 resource
[INFO] 
[INFO] --- maven-compiler-plugin:3.1:compile (default-compile) @ maven-profile ---
[INFO] Changes detected - recompiling the module!
[WARNING] File encoding has not been set, using platform encoding UTF-8, i.e. build is platform dependent!
[INFO] Compiling 15 source files to /data-depot/user/Workspace/Reproducibility/Reproducibility-Scanner/benchmarks/bugs-dot-jar/maven/maven-profile/target/classes
[WARNING] /data-depot/user/Workspace/Reproducibility/Reproducibility-Scanner/benchmarks/bugs-dot-jar/maven/maven-profile/target/generated-sources/modello/org/apache/maven/profiles/ProfilesRoot.java: Some input files use unchecked or unsafe operations.
[WARNING] /data-depot/user/Workspace/Reproducibility/Reproducibility-Scanner/benchmarks/bugs-dot-jar/maven/maven-profile/target/generated-sources/modello/org/apache/maven/profiles/ProfilesRoot.java: Recompile with -Xlint:unchecked for details.
[INFO] 
[INFO] --- maven-resources-plugin:2.6:testResources (default-testResources) @ maven-profile ---
[WARNING] Using platform encoding (UTF-8 actually) to copy filtered resources, i.e. build is platform dependent!
[INFO] skip non existing resourceDirectory /data-depot/user/Workspace/Reproducibility/Reproducibility-Scanner/benchmarks/bugs-dot-jar/maven/maven-profile/src/test/resources
[INFO] 
[INFO] --- maven-compiler-plugin:3.1:testCompile (default-testCompile) @ maven-profile ---
[INFO] No sources to compile
[INFO] 
[INFO] --- maven-surefire-plugin:2.12.4:test (default-test) @ maven-profile ---
[INFO] Tests are skipped.
[INFO] 
[INFO] --- maven-jar-plugin:2.4:jar (default-jar) @ maven-profile ---
[INFO] Building jar: /data-depot/user/Workspace/Reproducibility/Reproducibility-Scanner/benchmarks/bugs-dot-jar/maven/maven-profile/target/maven-profile-2.1-SNAPSHOT.jar
[INFO] 
[INFO] --- maven-install-plugin:2.4:install (default-install) @ maven-profile ---
[INFO] Installing /data-depot/user/Workspace/Reproducibility/Reproducibility-Scanner/benchmarks/bugs-dot-jar/maven/maven-profile/target/maven-profile-2.1-SNAPSHOT.jar to /home/user/.m2/repository/org/apache/maven/maven-profile/2.1-SNAPSHOT/maven-profile-2.1-SNAPSHOT.jar
[INFO] Installing /data-depot/user/Workspace/Reproducibility/Reproducibility-Scanner/benchmarks/bugs-dot-jar/maven/maven-profile/pom.xml to /home/user/.m2/repository/org/apache/maven/maven-profile/2.1-SNAPSHOT/maven-profile-2.1-SNAPSHOT.pom
[INFO] 
[INFO] --------------< org.apache.maven:maven-error-diagnostics >--------------
[INFO] Building Maven Error Diagnostics 2.1-SNAPSHOT                    [12/32]
[INFO] --------------------------------[ jar ]---------------------------------
[INFO] 
[INFO] --- maven-resources-plugin:2.6:resources (default-resources) @ maven-error-diagnostics ---
[WARNING] Using platform encoding (UTF-8 actually) to copy filtered resources, i.e. build is platform dependent!
[INFO] Copying 1 resource
[INFO] 
[INFO] --- maven-compiler-plugin:3.1:compile (default-compile) @ maven-error-diagnostics ---
[INFO] Changes detected - recompiling the module!
[WARNING] File encoding has not been set, using platform encoding UTF-8, i.e. build is platform dependent!
[INFO] Compiling 3 source files to /data-depot/user/Workspace/Reproducibility/Reproducibility-Scanner/benchmarks/bugs-dot-jar/maven/maven-error-diagnostics/target/classes
[INFO] 
[INFO] --- maven-resources-plugin:2.6:testResources (default-testResources) @ maven-error-diagnostics ---
[WARNING] Using platform encoding (UTF-8 actually) to copy filtered resources, i.e. build is platform dependent!
[INFO] skip non existing resourceDirectory /data-depot/user/Workspace/Reproducibility/Reproducibility-Scanner/benchmarks/bugs-dot-jar/maven/maven-error-diagnostics/src/test/resources
[INFO] 
[INFO] --- maven-compiler-plugin:3.1:testCompile (default-testCompile) @ maven-error-diagnostics ---
[INFO] No sources to compile
[INFO] 
[INFO] --- maven-surefire-plugin:2.12.4:test (default-test) @ maven-error-diagnostics ---
[INFO] Tests are skipped.
[INFO] 
[INFO] --- maven-jar-plugin:2.4:jar (default-jar) @ maven-error-diagnostics ---
[INFO] Building jar: /data-depot/user/Workspace/Reproducibility/Reproducibility-Scanner/benchmarks/bugs-dot-jar/maven/maven-error-diagnostics/target/maven-error-diagnostics-2.1-SNAPSHOT.jar
[INFO] 
[INFO] --- maven-install-plugin:2.4:install (default-install) @ maven-error-diagnostics ---
[INFO] Installing /data-depot/user/Workspace/Reproducibility/Reproducibility-Scanner/benchmarks/bugs-dot-jar/maven/maven-error-diagnostics/target/maven-error-diagnostics-2.1-SNAPSHOT.jar to /home/user/.m2/repository/org/apache/maven/maven-error-diagnostics/2.1-SNAPSHOT/maven-error-diagnostics-2.1-SNAPSHOT.jar
[INFO] Installing /data-depot/user/Workspace/Reproducibility/Reproducibility-Scanner/benchmarks/bugs-dot-jar/maven/maven-error-diagnostics/pom.xml to /home/user/.m2/repository/org/apache/maven/maven-error-diagnostics/2.1-SNAPSHOT/maven-error-diagnostics-2.1-SNAPSHOT.pom
[INFO] 
[INFO] --------------------< org.apache.maven:maven-tools >--------------------
[INFO] Building Maven Tools 2.1-SNAPSHOT                                [13/32]
[INFO] --------------------------------[ jar ]---------------------------------
[INFO] 
[INFO] --- maven-resources-plugin:2.6:resources (default-resources) @ maven-tools ---
[WARNING] Using platform encoding (UTF-8 actually) to copy filtered resources, i.e. build is platform dependent!
[INFO] Copying 1 resource
[INFO] 
[INFO] --- maven-compiler-plugin:3.1:compile (default-compile) @ maven-tools ---
[INFO] Changes detected - recompiling the module!
[WARNING] File encoding has not been set, using platform encoding UTF-8, i.e. build is platform dependent!
[INFO] Compiling 2 source files to /data-depot/user/Workspace/Reproducibility/Reproducibility-Scanner/benchmarks/bugs-dot-jar/maven/maven-tools/target/classes
[WARNING] /data-depot/user/Workspace/Reproducibility/Reproducibility-Scanner/benchmarks/bugs-dot-jar/maven/maven-tools/src/main/java/org/apache/maven/DefaultMavenTools.java: /data-depot/user/Workspace/Reproducibility/Reproducibility-Scanner/benchmarks/bugs-dot-jar/maven/maven-tools/src/main/java/org/apache/maven/DefaultMavenTools.java uses unchecked or unsafe operations.
[WARNING] /data-depot/user/Workspace/Reproducibility/Reproducibility-Scanner/benchmarks/bugs-dot-jar/maven/maven-tools/src/main/java/org/apache/maven/DefaultMavenTools.java: Recompile with -Xlint:unchecked for details.
[INFO] 
[INFO] --- maven-resources-plugin:2.6:testResources (default-testResources) @ maven-tools ---
[WARNING] Using platform encoding (UTF-8 actually) to copy filtered resources, i.e. build is platform dependent!
[INFO] skip non existing resourceDirectory /data-depot/user/Workspace/Reproducibility/Reproducibility-Scanner/benchmarks/bugs-dot-jar/maven/maven-tools/src/test/resources
[INFO] 
[INFO] --- maven-compiler-plugin:3.1:testCompile (default-testCompile) @ maven-tools ---
[INFO] No sources to compile
[INFO] 
[INFO] --- maven-surefire-plugin:2.12.4:test (default-test) @ maven-tools ---
[INFO] Tests are skipped.
[INFO] 
[INFO] --- maven-jar-plugin:2.4:jar (default-jar) @ maven-tools ---
[INFO] Building jar: /data-depot/user/Workspace/Reproducibility/Reproducibility-Scanner/benchmarks/bugs-dot-jar/maven/maven-tools/target/maven-tools-2.1-SNAPSHOT.jar
[INFO] 
[INFO] --- maven-install-plugin:2.4:install (default-install) @ maven-tools ---
[INFO] Installing /data-depot/user/Workspace/Reproducibility/Reproducibility-Scanner/benchmarks/bugs-dot-jar/maven/maven-tools/target/maven-tools-2.1-SNAPSHOT.jar to /home/user/.m2/repository/org/apache/maven/maven-tools/2.1-SNAPSHOT/maven-tools-2.1-SNAPSHOT.jar
[INFO] Installing /data-depot/user/Workspace/Reproducibility/Reproducibility-Scanner/benchmarks/bugs-dot-jar/maven/maven-tools/pom.xml to /home/user/.m2/repository/org/apache/maven/maven-tools/2.1-SNAPSHOT/maven-tools-2.1-SNAPSHOT.pom
[INFO] 
[INFO] -------------------< org.apache.maven:maven-project >-------------------
[INFO] Building Maven Project Builder 2.1-SNAPSHOT                      [14/32]
[INFO] --------------------------------[ jar ]---------------------------------
[INFO] 
[INFO] --- maven-resources-plugin:2.6:resources (default-resources) @ maven-project ---
[WARNING] Using platform encoding (UTF-8 actually) to copy filtered resources, i.e. build is platform dependent!
[INFO] Copying 2 resources
[INFO] 
[INFO] --- maven-compiler-plugin:3.1:compile (default-compile) @ maven-project ---
[INFO] Changes detected - recompiling the module!
[WARNING] File encoding has not been set, using platform encoding UTF-8, i.e. build is platform dependent!
[INFO] Compiling 42 source files to /data-depot/user/Workspace/Reproducibility/Reproducibility-Scanner/benchmarks/bugs-dot-jar/maven/maven-project/target/classes
[WARNING] /data-depot/user/Workspace/Reproducibility/Reproducibility-Scanner/benchmarks/bugs-dot-jar/maven/maven-project/src/main/java/org/apache/maven/project/DefaultMavenProjectBuilder.java: /data-depot/user/Workspace/Reproducibility/Reproducibility-Scanner/benchmarks/bugs-dot-jar/maven/maven-project/src/main/java/org/apache/maven/project/DefaultMavenProjectBuilder.java uses or overrides a deprecated API.
[WARNING] /data-depot/user/Workspace/Reproducibility/Reproducibility-Scanner/benchmarks/bugs-dot-jar/maven/maven-project/src/main/java/org/apache/maven/project/DefaultMavenProjectBuilder.java: Recompile with -Xlint:deprecation for details.
[WARNING] /data-depot/user/Workspace/Reproducibility/Reproducibility-Scanner/benchmarks/bugs-dot-jar/maven/maven-project/src/main/java/org/apache/maven/project/validation/ModelValidationResult.java: Some input files use unchecked or unsafe operations.
[WARNING] /data-depot/user/Workspace/Reproducibility/Reproducibility-Scanner/benchmarks/bugs-dot-jar/maven/maven-project/src/main/java/org/apache/maven/project/validation/ModelValidationResult.java: Recompile with -Xlint:unchecked for details.
[INFO] 
[INFO] --- maven-resources-plugin:2.6:testResources (default-testResources) @ maven-project ---
[WARNING] Using platform encoding (UTF-8 actually) to copy filtered resources, i.e. build is platform dependent!
[INFO] Copying 65 resources
[INFO] 
[INFO] --- maven-compiler-plugin:3.1:testCompile (default-testCompile) @ maven-project ---
[INFO] Changes detected - recompiling the module!
[WARNING] File encoding has not been set, using platform encoding UTF-8, i.e. build is platform dependent!
[INFO] Compiling 23 source files to /data-depot/user/Workspace/Reproducibility/Reproducibility-Scanner/benchmarks/bugs-dot-jar/maven/maven-project/target/test-classes
[WARNING] /data-depot/user/Workspace/Reproducibility/Reproducibility-Scanner/benchmarks/bugs-dot-jar/maven/maven-project/src/test/java/org/apache/maven/project/AbstractMavenProjectTestCase.java: Some input files use or override a deprecated API.
[WARNING] /data-depot/user/Workspace/Reproducibility/Reproducibility-Scanner/benchmarks/bugs-dot-jar/maven/maven-project/src/test/java/org/apache/maven/project/AbstractMavenProjectTestCase.java: Recompile with -Xlint:deprecation for details.
[WARNING] /data-depot/user/Workspace/Reproducibility/Reproducibility-Scanner/benchmarks/bugs-dot-jar/maven/maven-project/src/test/java/org/apache/maven/project/inheritance/t02/ProjectInheritanceTest.java: Some input files use unchecked or unsafe operations.
[WARNING] /data-depot/user/Workspace/Reproducibility/Reproducibility-Scanner/benchmarks/bugs-dot-jar/maven/maven-project/src/test/java/org/apache/maven/project/inheritance/t02/ProjectInheritanceTest.java: Recompile with -Xlint:unchecked for details.
[INFO] 
[INFO] --- maven-surefire-plugin:2.12.4:test (default-test) @ maven-project ---
[INFO] Tests are skipped.
[INFO] 
[INFO] --- maven-jar-plugin:2.4:jar (default-jar) @ maven-project ---
[INFO] Building jar: /data-depot/user/Workspace/Reproducibility/Reproducibility-Scanner/benchmarks/bugs-dot-jar/maven/maven-project/target/maven-project-2.1-SNAPSHOT.jar
[INFO] 
[INFO] --- maven-install-plugin:2.4:install (default-install) @ maven-project ---
[INFO] Installing /data-depot/user/Workspace/Reproducibility/Reproducibility-Scanner/benchmarks/bugs-dot-jar/maven/maven-project/target/maven-project-2.1-SNAPSHOT.jar to /home/user/.m2/repository/org/apache/maven/maven-project/2.1-SNAPSHOT/maven-project-2.1-SNAPSHOT.jar
[INFO] Installing /data-depot/user/Workspace/Reproducibility/Reproducibility-Scanner/benchmarks/bugs-dot-jar/maven/maven-project/pom.xml to /home/user/.m2/repository/org/apache/maven/maven-project/2.1-SNAPSHOT/maven-project-2.1-SNAPSHOT.pom
[INFO] 
[INFO] ---------------< org.apache.maven:maven-plugin-registry >---------------
[INFO] Building Maven Plugin Registry Model 2.1-SNAPSHOT                [15/32]
[INFO] --------------------------------[ jar ]---------------------------------
[INFO] 
[INFO] --- modello-maven-plugin:1.0-alpha-7:xpp3-writer (default) @ maven-plugin-registry ---
[INFO] outputDirectory: /data-depot/user/Workspace/Reproducibility/Reproducibility-Scanner/benchmarks/bugs-dot-jar/maven/maven-plugin-registry/target/generated-sources/modello
[INFO] 
[INFO] --- modello-maven-plugin:1.0-alpha-7:java (default) @ maven-plugin-registry ---
[INFO] outputDirectory: /data-depot/user/Workspace/Reproducibility/Reproducibility-Scanner/benchmarks/bugs-dot-jar/maven/maven-plugin-registry/target/generated-sources/modello
[INFO] 
[INFO] --- modello-maven-plugin:1.0-alpha-7:xpp3-reader (default) @ maven-plugin-registry ---
[INFO] outputDirectory: /data-depot/user/Workspace/Reproducibility/Reproducibility-Scanner/benchmarks/bugs-dot-jar/maven/maven-plugin-registry/target/generated-sources/modello
[INFO] 
[INFO] --- maven-resources-plugin:2.6:resources (default-resources) @ maven-plugin-registry ---
[WARNING] Using platform encoding (UTF-8 actually) to copy filtered resources, i.e. build is platform dependent!
[INFO] Copying 1 resource
[INFO] 
[INFO] --- maven-compiler-plugin:3.1:compile (default-compile) @ maven-plugin-registry ---
[INFO] Changes detected - recompiling the module!
[WARNING] File encoding has not been set, using platform encoding UTF-8, i.e. build is platform dependent!
[INFO] Compiling 9 source files to /data-depot/user/Workspace/Reproducibility/Reproducibility-Scanner/benchmarks/bugs-dot-jar/maven/maven-plugin-registry/target/classes
[WARNING] /data-depot/user/Workspace/Reproducibility/Reproducibility-Scanner/benchmarks/bugs-dot-jar/maven/maven-plugin-registry/target/generated-sources/modello/org/apache/maven/plugin/registry/PluginRegistry.java: Some input files use unchecked or unsafe operations.
[WARNING] /data-depot/user/Workspace/Reproducibility/Reproducibility-Scanner/benchmarks/bugs-dot-jar/maven/maven-plugin-registry/target/generated-sources/modello/org/apache/maven/plugin/registry/PluginRegistry.java: Recompile with -Xlint:unchecked for details.
[INFO] 
[INFO] --- maven-resources-plugin:2.6:testResources (default-testResources) @ maven-plugin-registry ---
[WARNING] Using platform encoding (UTF-8 actually) to copy filtered resources, i.e. build is platform dependent!
[INFO] skip non existing resourceDirectory /data-depot/user/Workspace/Reproducibility/Reproducibility-Scanner/benchmarks/bugs-dot-jar/maven/maven-plugin-registry/src/test/resources
[INFO] 
[INFO] --- maven-compiler-plugin:3.1:testCompile (default-testCompile) @ maven-plugin-registry ---
[INFO] No sources to compile
[INFO] 
[INFO] --- maven-surefire-plugin:2.12.4:test (default-test) @ maven-plugin-registry ---
[INFO] Tests are skipped.
[INFO] 
[INFO] --- maven-jar-plugin:2.4:jar (default-jar) @ maven-plugin-registry ---
[INFO] Building jar: /data-depot/user/Workspace/Reproducibility/Reproducibility-Scanner/benchmarks/bugs-dot-jar/maven/maven-plugin-registry/target/maven-plugin-registry-2.1-SNAPSHOT.jar
[INFO] 
[INFO] --- maven-install-plugin:2.4:install (default-install) @ maven-plugin-registry ---
[INFO] Installing /data-depot/user/Workspace/Reproducibility/Reproducibility-Scanner/benchmarks/bugs-dot-jar/maven/maven-plugin-registry/target/maven-plugin-registry-2.1-SNAPSHOT.jar to /home/user/.m2/repository/org/apache/maven/maven-plugin-registry/2.1-SNAPSHOT/maven-plugin-registry-2.1-SNAPSHOT.jar
[INFO] Installing /data-depot/user/Workspace/Reproducibility/Reproducibility-Scanner/benchmarks/bugs-dot-jar/maven/maven-plugin-registry/pom.xml to /home/user/.m2/repository/org/apache/maven/maven-plugin-registry/2.1-SNAPSHOT/maven-plugin-registry-2.1-SNAPSHOT.pom
[INFO] 
[INFO] -----------------< org.apache.maven:maven-plugin-api >------------------
[INFO] Building Maven Plugin API 2.1-SNAPSHOT                           [16/32]
[INFO] --------------------------------[ jar ]---------------------------------
[INFO] 
[INFO] --- maven-resources-plugin:2.6:resources (default-resources) @ maven-plugin-api ---
[WARNING] Using platform encoding (UTF-8 actually) to copy filtered resources, i.e. build is platform dependent!
[INFO] skip non existing resourceDirectory /data-depot/user/Workspace/Reproducibility/Reproducibility-Scanner/benchmarks/bugs-dot-jar/maven/maven-plugin-api/src/main/resources
[INFO] 
[INFO] --- maven-compiler-plugin:3.1:compile (default-compile) @ maven-plugin-api ---
[INFO] Changes detected - recompiling the module!
[WARNING] File encoding has not been set, using platform encoding UTF-8, i.e. build is platform dependent!
[INFO] Compiling 8 source files to /data-depot/user/Workspace/Reproducibility/Reproducibility-Scanner/benchmarks/bugs-dot-jar/maven/maven-plugin-api/target/classes
[INFO] 
[INFO] --- maven-resources-plugin:2.6:testResources (default-testResources) @ maven-plugin-api ---
[WARNING] Using platform encoding (UTF-8 actually) to copy filtered resources, i.e. build is platform dependent!
[INFO] skip non existing resourceDirectory /data-depot/user/Workspace/Reproducibility/Reproducibility-Scanner/benchmarks/bugs-dot-jar/maven/maven-plugin-api/src/test/resources
[INFO] 
[INFO] --- maven-compiler-plugin:3.1:testCompile (default-testCompile) @ maven-plugin-api ---
[INFO] No sources to compile
[INFO] 
[INFO] --- maven-surefire-plugin:2.12.4:test (default-test) @ maven-plugin-api ---
[INFO] Tests are skipped.
[INFO] 
[INFO] --- maven-jar-plugin:2.4:jar (default-jar) @ maven-plugin-api ---
[INFO] Building jar: /data-depot/user/Workspace/Reproducibility/Reproducibility-Scanner/benchmarks/bugs-dot-jar/maven/maven-plugin-api/target/maven-plugin-api-2.1-SNAPSHOT.jar
[INFO] 
[INFO] --- maven-install-plugin:2.4:install (default-install) @ maven-plugin-api ---
[INFO] Installing /data-depot/user/Workspace/Reproducibility/Reproducibility-Scanner/benchmarks/bugs-dot-jar/maven/maven-plugin-api/target/maven-plugin-api-2.1-SNAPSHOT.jar to /home/user/.m2/repository/org/apache/maven/maven-plugin-api/2.1-SNAPSHOT/maven-plugin-api-2.1-SNAPSHOT.jar
[INFO] Installing /data-depot/user/Workspace/Reproducibility/Reproducibility-Scanner/benchmarks/bugs-dot-jar/maven/maven-plugin-api/pom.xml to /home/user/.m2/repository/org/apache/maven/maven-plugin-api/2.1-SNAPSHOT/maven-plugin-api-2.1-SNAPSHOT.pom
[INFO] 
[INFO] --------------< org.apache.maven:maven-plugin-descriptor >--------------
[INFO] Building Maven Plugin Descriptor Model 2.1-SNAPSHOT              [17/32]
[INFO] --------------------------------[ jar ]---------------------------------
[INFO] 
[INFO] --- modello-maven-plugin:1.0-alpha-8:java (default) @ maven-plugin-descriptor ---
[INFO] outputDirectory: /data-depot/user/Workspace/Reproducibility/Reproducibility-Scanner/benchmarks/bugs-dot-jar/maven/maven-plugin-descriptor/target/generated-sources/modello
[INFO] 
[INFO] --- modello-maven-plugin:1.0-alpha-8:xpp3-reader (default) @ maven-plugin-descriptor ---
[INFO] outputDirectory: /data-depot/user/Workspace/Reproducibility/Reproducibility-Scanner/benchmarks/bugs-dot-jar/maven/maven-plugin-descriptor/target/generated-sources/modello
[INFO] 
[INFO] --- modello-maven-plugin:1.0-alpha-8:xpp3-writer (default) @ maven-plugin-descriptor ---
[INFO] outputDirectory: /data-depot/user/Workspace/Reproducibility/Reproducibility-Scanner/benchmarks/bugs-dot-jar/maven/maven-plugin-descriptor/target/generated-sources/modello
[INFO] 
[INFO] --- maven-resources-plugin:2.6:resources (default-resources) @ maven-plugin-descriptor ---
[WARNING] Using platform encoding (UTF-8 actually) to copy filtered resources, i.e. build is platform dependent!
[INFO] skip non existing resourceDirectory /data-depot/user/Workspace/Reproducibility/Reproducibility-Scanner/benchmarks/bugs-dot-jar/maven/maven-plugin-descriptor/src/main/resources
[INFO] 
[INFO] --- maven-compiler-plugin:3.1:compile (default-compile) @ maven-plugin-descriptor ---
[INFO] Changes detected - recompiling the module!
[WARNING] File encoding has not been set, using platform encoding UTF-8, i.e. build is platform dependent!
[INFO] Compiling 15 source files to /data-depot/user/Workspace/Reproducibility/Reproducibility-Scanner/benchmarks/bugs-dot-jar/maven/maven-plugin-descriptor/target/classes
[WARNING] /data-depot/user/Workspace/Reproducibility/Reproducibility-Scanner/benchmarks/bugs-dot-jar/maven/maven-plugin-descriptor/src/main/java/org/apache/maven/plugin/descriptor/PluginDescriptorBuilder.java: Some input files use unchecked or unsafe operations.
[WARNING] /data-depot/user/Workspace/Reproducibility/Reproducibility-Scanner/benchmarks/bugs-dot-jar/maven/maven-plugin-descriptor/src/main/java/org/apache/maven/plugin/descriptor/PluginDescriptorBuilder.java: Recompile with -Xlint:unchecked for details.
[INFO] 
[INFO] --- maven-resources-plugin:2.6:testResources (default-testResources) @ maven-plugin-descriptor ---
[WARNING] Using platform encoding (UTF-8 actually) to copy filtered resources, i.e. build is platform dependent!
[INFO] Copying 1 resource
[INFO] 
[INFO] --- maven-compiler-plugin:3.1:testCompile (default-testCompile) @ maven-plugin-descriptor ---
[INFO] Changes detected - recompiling the module!
[WARNING] File encoding has not been set, using platform encoding UTF-8, i.e. build is platform dependent!
[INFO] Compiling 1 source file to /data-depot/user/Workspace/Reproducibility/Reproducibility-Scanner/benchmarks/bugs-dot-jar/maven/maven-plugin-descriptor/target/test-classes
[INFO] 
[INFO] --- maven-surefire-plugin:2.12.4:test (default-test) @ maven-plugin-descriptor ---
[INFO] Tests are skipped.
[INFO] 
[INFO] --- maven-jar-plugin:2.4:jar (default-jar) @ maven-plugin-descriptor ---
[INFO] Building jar: /data-depot/user/Workspace/Reproducibility/Reproducibility-Scanner/benchmarks/bugs-dot-jar/maven/maven-plugin-descriptor/target/maven-plugin-descriptor-2.1-SNAPSHOT.jar
[INFO] 
[INFO] --- maven-install-plugin:2.4:install (default-install) @ maven-plugin-descriptor ---
[INFO] Installing /data-depot/user/Workspace/Reproducibility/Reproducibility-Scanner/benchmarks/bugs-dot-jar/maven/maven-plugin-descriptor/target/maven-plugin-descriptor-2.1-SNAPSHOT.jar to /home/user/.m2/repository/org/apache/maven/maven-plugin-descriptor/2.1-SNAPSHOT/maven-plugin-descriptor-2.1-SNAPSHOT.jar
[INFO] Installing /data-depot/user/Workspace/Reproducibility/Reproducibility-Scanner/benchmarks/bugs-dot-jar/maven/maven-plugin-descriptor/pom.xml to /home/user/.m2/repository/org/apache/maven/maven-plugin-descriptor/2.1-SNAPSHOT/maven-plugin-descriptor-2.1-SNAPSHOT.pom
[INFO] 
[INFO] -------------------< org.apache.maven:maven-monitor >-------------------
[INFO] Building Maven Monitor 2.1-SNAPSHOT                              [18/32]
[INFO] --------------------------------[ jar ]---------------------------------
[INFO] 
[INFO] --- maven-resources-plugin:2.6:resources (default-resources) @ maven-monitor ---
[WARNING] Using platform encoding (UTF-8 actually) to copy filtered resources, i.e. build is platform dependent!
[INFO] skip non existing resourceDirectory /data-depot/user/Workspace/Reproducibility/Reproducibility-Scanner/benchmarks/bugs-dot-jar/maven/maven-monitor/src/main/resources
[INFO] 
[INFO] --- maven-compiler-plugin:3.1:compile (default-compile) @ maven-monitor ---
[INFO] Changes detected - recompiling the module!
[WARNING] File encoding has not been set, using platform encoding UTF-8, i.e. build is platform dependent!
[INFO] Compiling 5 source files to /data-depot/user/Workspace/Reproducibility/Reproducibility-Scanner/benchmarks/bugs-dot-jar/maven/maven-monitor/target/classes
[WARNING] /data-depot/user/Workspace/Reproducibility/Reproducibility-Scanner/benchmarks/bugs-dot-jar/maven/maven-monitor/src/main/java/org/apache/maven/monitor/event/DefaultEventDispatcher.java: /data-depot/user/Workspace/Reproducibility/Reproducibility-Scanner/benchmarks/bugs-dot-jar/maven/maven-monitor/src/main/java/org/apache/maven/monitor/event/DefaultEventDispatcher.java uses unchecked or unsafe operations.
[WARNING] /data-depot/user/Workspace/Reproducibility/Reproducibility-Scanner/benchmarks/bugs-dot-jar/maven/maven-monitor/src/main/java/org/apache/maven/monitor/event/DefaultEventDispatcher.java: Recompile with -Xlint:unchecked for details.
[INFO] 
[INFO] --- maven-resources-plugin:2.6:testResources (default-testResources) @ maven-monitor ---
[WARNING] Using platform encoding (UTF-8 actually) to copy filtered resources, i.e. build is platform dependent!
[INFO] skip non existing resourceDirectory /data-depot/user/Workspace/Reproducibility/Reproducibility-Scanner/benchmarks/bugs-dot-jar/maven/maven-monitor/src/test/resources
[INFO] 
[INFO] --- maven-compiler-plugin:3.1:testCompile (default-testCompile) @ maven-monitor ---
[INFO] No sources to compile
[INFO] 
[INFO] --- maven-surefire-plugin:2.12.4:test (default-test) @ maven-monitor ---
[INFO] Tests are skipped.
[INFO] 
[INFO] --- maven-jar-plugin:2.4:jar (default-jar) @ maven-monitor ---
[INFO] Building jar: /data-depot/user/Workspace/Reproducibility/Reproducibility-Scanner/benchmarks/bugs-dot-jar/maven/maven-monitor/target/maven-monitor-2.1-SNAPSHOT.jar
[INFO] 
[INFO] --- maven-install-plugin:2.4:install (default-install) @ maven-monitor ---
[INFO] Installing /data-depot/user/Workspace/Reproducibility/Reproducibility-Scanner/benchmarks/bugs-dot-jar/maven/maven-monitor/target/maven-monitor-2.1-SNAPSHOT.jar to /home/user/.m2/repository/org/apache/maven/maven-monitor/2.1-SNAPSHOT/maven-monitor-2.1-SNAPSHOT.jar
[INFO] Installing /data-depot/user/Workspace/Reproducibility/Reproducibility-Scanner/benchmarks/bugs-dot-jar/maven/maven-monitor/pom.xml to /home/user/.m2/repository/org/apache/maven/maven-monitor/2.1-SNAPSHOT/maven-monitor-2.1-SNAPSHOT.pom
[INFO] 
[INFO] --------------------< org.apache.maven:maven-core >---------------------
[INFO] Building Maven Core 2.1-SNAPSHOT                                 [19/32]
[INFO] --------------------------------[ jar ]---------------------------------
Downloading from apache.snapshots: http://people.apache.org/repo/m2-snapshot-repository/org/apache/maven/reporting/maven-reporting-api/2.1-SNAPSHOT/maven-metadata.xml
Downloading from apache.snapshots: http://people.apache.org/repo/m2-snapshot-repository/org/apache/maven/reporting/maven-reporting-api/2.1-SNAPSHOT/maven-reporting-api-2.1-SNAPSHOT.jar
[INFO] 
[INFO] ----------------< org.apache.maven:maven-plugin-tools >-----------------
[INFO] Building Maven Plugin Tools Base POM 2.1-SNAPSHOT                [20/32]
[INFO] --------------------------------[ pom ]---------------------------------
[INFO] 
[INFO] --- maven-install-plugin:2.4:install (default-install) @ maven-plugin-tools ---
[INFO] Installing /data-depot/user/Workspace/Reproducibility/Reproducibility-Scanner/benchmarks/bugs-dot-jar/maven/maven-plugin-tools/pom.xml to /home/user/.m2/repository/org/apache/maven/maven-plugin-tools/2.1-SNAPSHOT/maven-plugin-tools-2.1-SNAPSHOT.pom
[INFO] 
[INFO] --------------< org.apache.maven:maven-plugin-tools-api >---------------
[INFO] Building Maven Plugin Tools APIs 2.1-SNAPSHOT                    [21/32]
[INFO] --------------------------------[ jar ]---------------------------------
[INFO] 
[INFO] --- maven-resources-plugin:2.6:resources (default-resources) @ maven-plugin-tools-api ---
[WARNING] Using platform encoding (UTF-8 actually) to copy filtered resources, i.e. build is platform dependent!
[INFO] Copying 1 resource
[INFO] 
[INFO] --- maven-compiler-plugin:3.1:compile (default-compile) @ maven-plugin-tools-api ---
[INFO] Changes detected - recompiling the module!
[WARNING] File encoding has not been set, using platform encoding UTF-8, i.e. build is platform dependent!
[INFO] Compiling 10 source files to /data-depot/user/Workspace/Reproducibility/Reproducibility-Scanner/benchmarks/bugs-dot-jar/maven/maven-plugin-tools/maven-plugin-tools-api/target/classes
[WARNING] /data-depot/user/Workspace/Reproducibility/Reproducibility-Scanner/benchmarks/bugs-dot-jar/maven/maven-plugin-tools/maven-plugin-tools-api/src/main/java/org/apache/maven/tools/plugin/extractor/AbstractScriptedMojoDescriptorExtractor.java: Some input files use unchecked or unsafe operations.
[WARNING] /data-depot/user/Workspace/Reproducibility/Reproducibility-Scanner/benchmarks/bugs-dot-jar/maven/maven-plugin-tools/maven-plugin-tools-api/src/main/java/org/apache/maven/tools/plugin/extractor/AbstractScriptedMojoDescriptorExtractor.java: Recompile with -Xlint:unchecked for details.
[INFO] 
[INFO] --- maven-resources-plugin:2.6:testResources (default-testResources) @ maven-plugin-tools-api ---
[WARNING] Using platform encoding (UTF-8 actually) to copy filtered resources, i.e. build is platform dependent!
[INFO] Copying 3 resources
[INFO] 
[INFO] --- maven-compiler-plugin:3.1:testCompile (default-testCompile) @ maven-plugin-tools-api ---
[INFO] Changes detected - recompiling the module!
[WARNING] File encoding has not been set, using platform encoding UTF-8, i.e. build is platform dependent!
[INFO] Compiling 7 source files to /data-depot/user/Workspace/Reproducibility/Reproducibility-Scanner/benchmarks/bugs-dot-jar/maven/maven-plugin-tools/maven-plugin-tools-api/target/test-classes
[WARNING] /data-depot/user/Workspace/Reproducibility/Reproducibility-Scanner/benchmarks/bugs-dot-jar/maven/maven-plugin-tools/maven-plugin-tools-api/src/test/java/org/apache/maven/tools/plugin/generator/AbstractGeneratorTestCase.java: /data-depot/user/Workspace/Reproducibility/Reproducibility-Scanner/benchmarks/bugs-dot-jar/maven/maven-plugin-tools/maven-plugin-tools-api/src/test/java/org/apache/maven/tools/plugin/generator/AbstractGeneratorTestCase.java uses unchecked or unsafe operations.
[WARNING] /data-depot/user/Workspace/Reproducibility/Reproducibility-Scanner/benchmarks/bugs-dot-jar/maven/maven-plugin-tools/maven-plugin-tools-api/src/test/java/org/apache/maven/tools/plugin/generator/AbstractGeneratorTestCase.java: Recompile with -Xlint:unchecked for details.
[INFO] 
[INFO] --- maven-surefire-plugin:2.12.4:test (default-test) @ maven-plugin-tools-api ---
[INFO] Tests are skipped.
[INFO] 
[INFO] --- maven-jar-plugin:2.4:jar (default-jar) @ maven-plugin-tools-api ---
[INFO] Building jar: /data-depot/user/Workspace/Reproducibility/Reproducibility-Scanner/benchmarks/bugs-dot-jar/maven/maven-plugin-tools/maven-plugin-tools-api/target/maven-plugin-tools-api-2.1-SNAPSHOT.jar
[INFO] 
[INFO] --- maven-install-plugin:2.4:install (default-install) @ maven-plugin-tools-api ---
[INFO] Installing /data-depot/user/Workspace/Reproducibility/Reproducibility-Scanner/benchmarks/bugs-dot-jar/maven/maven-plugin-tools/maven-plugin-tools-api/target/maven-plugin-tools-api-2.1-SNAPSHOT.jar to /home/user/.m2/repository/org/apache/maven/maven-plugin-tools-api/2.1-SNAPSHOT/maven-plugin-tools-api-2.1-SNAPSHOT.jar
[INFO] Installing /data-depot/user/Workspace/Reproducibility/Reproducibility-Scanner/benchmarks/bugs-dot-jar/maven/maven-plugin-tools/maven-plugin-tools-api/pom.xml to /home/user/.m2/repository/org/apache/maven/maven-plugin-tools-api/2.1-SNAPSHOT/maven-plugin-tools-api-2.1-SNAPSHOT.pom
[INFO] 
[INFO] --------------< org.apache.maven:maven-plugin-tools-java >--------------
[INFO] Building Maven Plugin Tools for Java 2.1-SNAPSHOT                [22/32]
[INFO] --------------------------------[ jar ]---------------------------------
[INFO] 
[INFO] --- maven-resources-plugin:2.6:resources (default-resources) @ maven-plugin-tools-java ---
[WARNING] Using platform encoding (UTF-8 actually) to copy filtered resources, i.e. build is platform dependent!
[INFO] Copying 1 resource
[INFO] 
[INFO] --- maven-compiler-plugin:3.1:compile (default-compile) @ maven-plugin-tools-java ---
[INFO] Changes detected - recompiling the module!
[WARNING] File encoding has not been set, using platform encoding UTF-8, i.e. build is platform dependent!
[INFO] Compiling 1 source file to /data-depot/user/Workspace/Reproducibility/Reproducibility-Scanner/benchmarks/bugs-dot-jar/maven/maven-plugin-tools/maven-plugin-tools-java/target/classes
[WARNING] /data-depot/user/Workspace/Reproducibility/Reproducibility-Scanner/benchmarks/bugs-dot-jar/maven/maven-plugin-tools/maven-plugin-tools-java/src/main/java/org/apache/maven/tools/plugin/extractor/java/JavaMojoDescriptorExtractor.java: /data-depot/user/Workspace/Reproducibility/Reproducibility-Scanner/benchmarks/bugs-dot-jar/maven/maven-plugin-tools/maven-plugin-tools-java/src/main/java/org/apache/maven/tools/plugin/extractor/java/JavaMojoDescriptorExtractor.java uses unchecked or unsafe operations.
[WARNING] /data-depot/user/Workspace/Reproducibility/Reproducibility-Scanner/benchmarks/bugs-dot-jar/maven/maven-plugin-tools/maven-plugin-tools-java/src/main/java/org/apache/maven/tools/plugin/extractor/java/JavaMojoDescriptorExtractor.java: Recompile with -Xlint:unchecked for details.
[INFO] 
[INFO] --- maven-resources-plugin:2.6:testResources (default-testResources) @ maven-plugin-tools-java ---
[WARNING] Using platform encoding (UTF-8 actually) to copy filtered resources, i.e. build is platform dependent!
[INFO] Copying 6 resources
[INFO] 
[INFO] --- maven-compiler-plugin:3.1:testCompile (default-testCompile) @ maven-plugin-tools-java ---
[INFO] Changes detected - recompiling the module!
[WARNING] File encoding has not been set, using platform encoding UTF-8, i.e. build is platform dependent!
[INFO] Compiling 1 source file to /data-depot/user/Workspace/Reproducibility/Reproducibility-Scanner/benchmarks/bugs-dot-jar/maven/maven-plugin-tools/maven-plugin-tools-java/target/test-classes
[INFO] -------------------------------------------------------------
[ERROR] COMPILATION ERROR : 
[INFO] -------------------------------------------------------------
[ERROR] /data-depot/user/Workspace/Reproducibility/Reproducibility-Scanner/benchmarks/bugs-dot-jar/maven/maven-plugin-tools/maven-plugin-tools-java/src/test/java/org/apache/maven/tools/plugin/extractor/java/JavaMojoDescriptorExtractorTest.java:[30,19] package source2.sub does not exist
[ERROR] /data-depot/user/Workspace/Reproducibility/Reproducibility-Scanner/benchmarks/bugs-dot-jar/maven/maven-plugin-tools/maven-plugin-tools-java/src/test/java/org/apache/maven/tools/plugin/extractor/java/JavaMojoDescriptorExtractorTest.java:[94,23] cannot find symbol
  symbol:   class MyBla
  location: class org.apache.maven.tools.plugin.extractor.java.JavaMojoDescriptorExtractorTest
[INFO] 2 errors 
[INFO] -------------------------------------------------------------
[INFO] 
[INFO] -----------< org.apache.maven:maven-plugin-tools-beanshell >------------
[INFO] Building Maven Plugin Tools for Beanshell 2.1-SNAPSHOT           [23/32]
[INFO] --------------------------------[ jar ]---------------------------------
[INFO] 
[INFO] --- maven-resources-plugin:2.6:resources (default-resources) @ maven-plugin-tools-beanshell ---
[WARNING] Using platform encoding (UTF-8 actually) to copy filtered resources, i.e. build is platform dependent!
[INFO] Copying 2 resources
[INFO] 
[INFO] --- maven-compiler-plugin:3.1:compile (default-compile) @ maven-plugin-tools-beanshell ---
[INFO] Changes detected - recompiling the module!
[WARNING] File encoding has not been set, using platform encoding UTF-8, i.e. build is platform dependent!
[INFO] Compiling 1 source file to /data-depot/user/Workspace/Reproducibility/Reproducibility-Scanner/benchmarks/bugs-dot-jar/maven/maven-plugin-tools/maven-plugin-tools-beanshell/target/classes
[WARNING] /data-depot/user/Workspace/Reproducibility/Reproducibility-Scanner/benchmarks/bugs-dot-jar/maven/maven-plugin-tools/maven-plugin-tools-beanshell/src/main/java/org/apache/maven/tools/plugin/extractor/beanshell/BeanshellMojoDescriptorExtractor.java: /data-depot/user/Workspace/Reproducibility/Reproducibility-Scanner/benchmarks/bugs-dot-jar/maven/maven-plugin-tools/maven-plugin-tools-beanshell/src/main/java/org/apache/maven/tools/plugin/extractor/beanshell/BeanshellMojoDescriptorExtractor.java uses unchecked or unsafe operations.
[WARNING] /data-depot/user/Workspace/Reproducibility/Reproducibility-Scanner/benchmarks/bugs-dot-jar/maven/maven-plugin-tools/maven-plugin-tools-beanshell/src/main/java/org/apache/maven/tools/plugin/extractor/beanshell/BeanshellMojoDescriptorExtractor.java: Recompile with -Xlint:unchecked for details.
[INFO] 
[INFO] --- maven-resources-plugin:2.6:testResources (default-testResources) @ maven-plugin-tools-beanshell ---
[WARNING] Using platform encoding (UTF-8 actually) to copy filtered resources, i.e. build is platform dependent!
[INFO] skip non existing resourceDirectory /data-depot/user/Workspace/Reproducibility/Reproducibility-Scanner/benchmarks/bugs-dot-jar/maven/maven-plugin-tools/maven-plugin-tools-beanshell/src/test/resources
[INFO] 
[INFO] --- maven-compiler-plugin:3.1:testCompile (default-testCompile) @ maven-plugin-tools-beanshell ---
[INFO] No sources to compile
[INFO] 
[INFO] --- maven-surefire-plugin:2.12.4:test (default-test) @ maven-plugin-tools-beanshell ---
[INFO] Tests are skipped.
[INFO] 
[INFO] --- maven-jar-plugin:2.4:jar (default-jar) @ maven-plugin-tools-beanshell ---
[INFO] Building jar: /data-depot/user/Workspace/Reproducibility/Reproducibility-Scanner/benchmarks/bugs-dot-jar/maven/maven-plugin-tools/maven-plugin-tools-beanshell/target/maven-plugin-tools-beanshell-2.1-SNAPSHOT.jar
[INFO] 
[INFO] --- maven-install-plugin:2.4:install (default-install) @ maven-plugin-tools-beanshell ---
[INFO] Installing /data-depot/user/Workspace/Reproducibility/Reproducibility-Scanner/benchmarks/bugs-dot-jar/maven/maven-plugin-tools/maven-plugin-tools-beanshell/target/maven-plugin-tools-beanshell-2.1-SNAPSHOT.jar to /home/user/.m2/repository/org/apache/maven/maven-plugin-tools-beanshell/2.1-SNAPSHOT/maven-plugin-tools-beanshell-2.1-SNAPSHOT.jar
[INFO] Installing /data-depot/user/Workspace/Reproducibility/Reproducibility-Scanner/benchmarks/bugs-dot-jar/maven/maven-plugin-tools/maven-plugin-tools-beanshell/pom.xml to /home/user/.m2/repository/org/apache/maven/maven-plugin-tools-beanshell/2.1-SNAPSHOT/maven-plugin-tools-beanshell-2.1-SNAPSHOT.pom
[INFO] 
[INFO] -------------< org.apache.maven:maven-plugin-tools-pluggy >-------------
[INFO] Building Maven Pluggy Simplistic Plugin Generator 2.1-SNAPSHOT   [24/32]
[INFO] --------------------------------[ jar ]---------------------------------
[INFO] 
[INFO] --- maven-resources-plugin:2.6:resources (default-resources) @ maven-plugin-tools-pluggy ---
[WARNING] Using platform encoding (UTF-8 actually) to copy filtered resources, i.e. build is platform dependent!
[INFO] skip non existing resourceDirectory /data-depot/user/Workspace/Reproducibility/Reproducibility-Scanner/benchmarks/bugs-dot-jar/maven/maven-plugin-tools/maven-plugin-tools-pluggy/src/main/resources
[INFO] 
[INFO] --- maven-compiler-plugin:3.1:compile (default-compile) @ maven-plugin-tools-pluggy ---
[INFO] Changes detected - recompiling the module!
[WARNING] File encoding has not been set, using platform encoding UTF-8, i.e. build is platform dependent!
[INFO] Compiling 1 source file to /data-depot/user/Workspace/Reproducibility/Reproducibility-Scanner/benchmarks/bugs-dot-jar/maven/maven-plugin-tools/maven-plugin-tools-pluggy/target/classes
[INFO] 
[INFO] --- maven-resources-plugin:2.6:testResources (default-testResources) @ maven-plugin-tools-pluggy ---
[WARNING] Using platform encoding (UTF-8 actually) to copy filtered resources, i.e. build is platform dependent!
[INFO] skip non existing resourceDirectory /data-depot/user/Workspace/Reproducibility/Reproducibility-Scanner/benchmarks/bugs-dot-jar/maven/maven-plugin-tools/maven-plugin-tools-pluggy/src/test/resources
[INFO] 
[INFO] --- maven-compiler-plugin:3.1:testCompile (default-testCompile) @ maven-plugin-tools-pluggy ---
[INFO] No sources to compile
[INFO] 
[INFO] --- maven-surefire-plugin:2.12.4:test (default-test) @ maven-plugin-tools-pluggy ---
[INFO] Tests are skipped.
[INFO] 
[INFO] --- maven-jar-plugin:2.4:jar (default-jar) @ maven-plugin-tools-pluggy ---
[INFO] Building jar: /data-depot/user/Workspace/Reproducibility/Reproducibility-Scanner/benchmarks/bugs-dot-jar/maven/maven-plugin-tools/maven-plugin-tools-pluggy/target/maven-plugin-tools-pluggy-2.1-SNAPSHOT.jar
[INFO] 
[INFO] --- maven-install-plugin:2.4:install (default-install) @ maven-plugin-tools-pluggy ---
[INFO] Installing /data-depot/user/Workspace/Reproducibility/Reproducibility-Scanner/benchmarks/bugs-dot-jar/maven/maven-plugin-tools/maven-plugin-tools-pluggy/target/maven-plugin-tools-pluggy-2.1-SNAPSHOT.jar to /home/user/.m2/repository/org/apache/maven/maven-plugin-tools-pluggy/2.1-SNAPSHOT/maven-plugin-tools-pluggy-2.1-SNAPSHOT.jar
[INFO] Installing /data-depot/user/Workspace/Reproducibility/Reproducibility-Scanner/benchmarks/bugs-dot-jar/maven/maven-plugin-tools/maven-plugin-tools-pluggy/pom.xml to /home/user/.m2/repository/org/apache/maven/maven-plugin-tools-pluggy/2.1-SNAPSHOT/maven-plugin-tools-pluggy-2.1-SNAPSHOT.pom
[INFO] 
[INFO] -------------< org.apache.maven:maven-plugin-tools-model >--------------
[INFO] Building Maven Plugin Metadata Model 2.1-SNAPSHOT                [25/32]
[INFO] --------------------------------[ jar ]---------------------------------
[INFO] 
[INFO] --- modello-maven-plugin:1.0-alpha-8:java (default) @ maven-plugin-tools-model ---
[INFO] outputDirectory: /data-depot/user/Workspace/Reproducibility/Reproducibility-Scanner/benchmarks/bugs-dot-jar/maven/maven-plugin-tools/maven-plugin-tools-model/target/generated-sources/modello
[INFO] 
[INFO] --- modello-maven-plugin:1.0-alpha-8:xpp3-reader (default) @ maven-plugin-tools-model ---
[INFO] outputDirectory: /data-depot/user/Workspace/Reproducibility/Reproducibility-Scanner/benchmarks/bugs-dot-jar/maven/maven-plugin-tools/maven-plugin-tools-model/target/generated-sources/modello
[INFO] 
[INFO] --- modello-maven-plugin:1.0-alpha-8:xpp3-writer (default) @ maven-plugin-tools-model ---
[INFO] outputDirectory: /data-depot/user/Workspace/Reproducibility/Reproducibility-Scanner/benchmarks/bugs-dot-jar/maven/maven-plugin-tools/maven-plugin-tools-model/target/generated-sources/modello
[INFO] 
[INFO] --- maven-resources-plugin:2.6:resources (default-resources) @ maven-plugin-tools-model ---
[WARNING] Using platform encoding (UTF-8 actually) to copy filtered resources, i.e. build is platform dependent!
[INFO] skip non existing resourceDirectory /data-depot/user/Workspace/Reproducibility/Reproducibility-Scanner/benchmarks/bugs-dot-jar/maven/maven-plugin-tools/maven-plugin-tools-model/src/main/resources
[INFO] 
[INFO] --- maven-compiler-plugin:3.1:compile (default-compile) @ maven-plugin-tools-model ---
[INFO] Changes detected - recompiling the module!
[WARNING] File encoding has not been set, using platform encoding UTF-8, i.e. build is platform dependent!
[INFO] Compiling 9 source files to /data-depot/user/Workspace/Reproducibility/Reproducibility-Scanner/benchmarks/bugs-dot-jar/maven/maven-plugin-tools/maven-plugin-tools-model/target/classes
[WARNING] /data-depot/user/Workspace/Reproducibility/Reproducibility-Scanner/benchmarks/bugs-dot-jar/maven/maven-plugin-tools/maven-plugin-tools-model/target/generated-sources/modello/org/apache/maven/plugin/tools/model/io/xpp3/PluginMetadataXpp3Reader.java: Some input files use unchecked or unsafe operations.
[WARNING] /data-depot/user/Workspace/Reproducibility/Reproducibility-Scanner/benchmarks/bugs-dot-jar/maven/maven-plugin-tools/maven-plugin-tools-model/target/generated-sources/modello/org/apache/maven/plugin/tools/model/io/xpp3/PluginMetadataXpp3Reader.java: Recompile with -Xlint:unchecked for details.
[INFO] 
[INFO] --- maven-resources-plugin:2.6:testResources (default-testResources) @ maven-plugin-tools-model ---
[WARNING] Using platform encoding (UTF-8 actually) to copy filtered resources, i.e. build is platform dependent!
[INFO] skip non existing resourceDirectory /data-depot/user/Workspace/Reproducibility/Reproducibility-Scanner/benchmarks/bugs-dot-jar/maven/maven-plugin-tools/maven-plugin-tools-model/src/test/resources
[INFO] 
[INFO] --- maven-compiler-plugin:3.1:testCompile (default-testCompile) @ maven-plugin-tools-model ---
[INFO] No sources to compile
[INFO] 
[INFO] --- maven-surefire-plugin:2.12.4:test (default-test) @ maven-plugin-tools-model ---
[INFO] Tests are skipped.
[INFO] 
[INFO] --- maven-jar-plugin:2.4:jar (default-jar) @ maven-plugin-tools-model ---
[INFO] Building jar: /data-depot/user/Workspace/Reproducibility/Reproducibility-Scanner/benchmarks/bugs-dot-jar/maven/maven-plugin-tools/maven-plugin-tools-model/target/maven-plugin-tools-model-2.1-SNAPSHOT.jar
[INFO] 
[INFO] --- maven-install-plugin:2.4:install (default-install) @ maven-plugin-tools-model ---
[INFO] Installing /data-depot/user/Workspace/Reproducibility/Reproducibility-Scanner/benchmarks/bugs-dot-jar/maven/maven-plugin-tools/maven-plugin-tools-model/target/maven-plugin-tools-model-2.1-SNAPSHOT.jar to /home/user/.m2/repository/org/apache/maven/maven-plugin-tools-model/2.1-SNAPSHOT/maven-plugin-tools-model-2.1-SNAPSHOT.jar
[INFO] Installing /data-depot/user/Workspace/Reproducibility/Reproducibility-Scanner/benchmarks/bugs-dot-jar/maven/maven-plugin-tools/maven-plugin-tools-model/pom.xml to /home/user/.m2/repository/org/apache/maven/maven-plugin-tools-model/2.1-SNAPSHOT/maven-plugin-tools-model-2.1-SNAPSHOT.pom
[INFO] 
[INFO] --------------< org.apache.maven:maven-plugin-tools-ant >---------------
[INFO] Building Maven Ant Plugin Tools 2.1-SNAPSHOT                     [26/32]
[INFO] --------------------------------[ jar ]---------------------------------
[INFO] 
[INFO] --- maven-resources-plugin:2.6:resources (default-resources) @ maven-plugin-tools-ant ---
[WARNING] Using platform encoding (UTF-8 actually) to copy filtered resources, i.e. build is platform dependent!
[INFO] Copying 1 resource
[INFO] 
[INFO] --- maven-compiler-plugin:3.1:compile (default-compile) @ maven-plugin-tools-ant ---
[INFO] Changes detected - recompiling the module!
[WARNING] File encoding has not been set, using platform encoding UTF-8, i.e. build is platform dependent!
[INFO] Compiling 1 source file to /data-depot/user/Workspace/Reproducibility/Reproducibility-Scanner/benchmarks/bugs-dot-jar/maven/maven-plugin-tools/maven-plugin-tools-ant/target/classes
[WARNING] /data-depot/user/Workspace/Reproducibility/Reproducibility-Scanner/benchmarks/bugs-dot-jar/maven/maven-plugin-tools/maven-plugin-tools-ant/src/main/java/org/apache/maven/tools/plugin/extractor/ant/AntMojoDescriptorExtractor.java: /data-depot/user/Workspace/Reproducibility/Reproducibility-Scanner/benchmarks/bugs-dot-jar/maven/maven-plugin-tools/maven-plugin-tools-ant/src/main/java/org/apache/maven/tools/plugin/extractor/ant/AntMojoDescriptorExtractor.java uses unchecked or unsafe operations.
[WARNING] /data-depot/user/Workspace/Reproducibility/Reproducibility-Scanner/benchmarks/bugs-dot-jar/maven/maven-plugin-tools/maven-plugin-tools-ant/src/main/java/org/apache/maven/tools/plugin/extractor/ant/AntMojoDescriptorExtractor.java: Recompile with -Xlint:unchecked for details.
[INFO] 
[INFO] --- maven-resources-plugin:2.6:testResources (default-testResources) @ maven-plugin-tools-ant ---
[WARNING] Using platform encoding (UTF-8 actually) to copy filtered resources, i.e. build is platform dependent!
[INFO] skip non existing resourceDirectory /data-depot/user/Workspace/Reproducibility/Reproducibility-Scanner/benchmarks/bugs-dot-jar/maven/maven-plugin-tools/maven-plugin-tools-ant/src/test/resources
[INFO] 
[INFO] --- maven-compiler-plugin:3.1:testCompile (default-testCompile) @ maven-plugin-tools-ant ---
[INFO] No sources to compile
[INFO] 
[INFO] --- maven-surefire-plugin:2.12.4:test (default-test) @ maven-plugin-tools-ant ---
[INFO] Tests are skipped.
[INFO] 
[INFO] --- maven-jar-plugin:2.4:jar (default-jar) @ maven-plugin-tools-ant ---
[INFO] Building jar: /data-depot/user/Workspace/Reproducibility/Reproducibility-Scanner/benchmarks/bugs-dot-jar/maven/maven-plugin-tools/maven-plugin-tools-ant/target/maven-plugin-tools-ant-2.1-SNAPSHOT.jar
[INFO] 
[INFO] --- maven-install-plugin:2.4:install (default-install) @ maven-plugin-tools-ant ---
[INFO] Installing /data-depot/user/Workspace/Reproducibility/Reproducibility-Scanner/benchmarks/bugs-dot-jar/maven/maven-plugin-tools/maven-plugin-tools-ant/target/maven-plugin-tools-ant-2.1-SNAPSHOT.jar to /home/user/.m2/repository/org/apache/maven/maven-plugin-tools-ant/2.1-SNAPSHOT/maven-plugin-tools-ant-2.1-SNAPSHOT.jar
[INFO] Installing /data-depot/user/Workspace/Reproducibility/Reproducibility-Scanner/benchmarks/bugs-dot-jar/maven/maven-plugin-tools/maven-plugin-tools-ant/pom.xml to /home/user/.m2/repository/org/apache/maven/maven-plugin-tools-ant/2.1-SNAPSHOT/maven-plugin-tools-ant-2.1-SNAPSHOT.pom
[INFO] 
[INFO] ----------< org.apache.maven.reporting:maven-reporting-impl >-----------
[INFO] Building Maven Reporting Implementation 2.1-SNAPSHOT             [27/32]
[INFO] --------------------------------[ jar ]---------------------------------
Downloading from apache.snapshots: http://people.apache.org/repo/m2-snapshot-repository/org/apache/maven/doxia/doxia-site-renderer/1.0-alpha-9-SNAPSHOT/maven-metadata.xml
Downloading from apache.snapshots: http://people.apache.org/repo/m2-snapshot-repository/org/apache/maven/doxia/doxia-site-renderer/1.0-alpha-9-SNAPSHOT/doxia-site-renderer-1.0-alpha-9-SNAPSHOT.pom
[WARNING] The POM for org.apache.maven.doxia:doxia-site-renderer:jar:1.0-alpha-9-SNAPSHOT is missing, no dependency information available
Downloading from apache.snapshots: http://people.apache.org/repo/m2-snapshot-repository/org/apache/maven/doxia/doxia-site-renderer/1.0-alpha-9-SNAPSHOT/doxia-site-renderer-1.0-alpha-9-SNAPSHOT.jar
[INFO] 
[INFO] -------------------< org.apache.maven:maven-script >--------------------
[INFO] Building Maven Script Support Root 2.1-SNAPSHOT                  [28/32]
[INFO] --------------------------------[ pom ]---------------------------------
[INFO] 
[INFO] --- maven-install-plugin:2.4:install (default-install) @ maven-script ---
[INFO] Installing /data-depot/user/Workspace/Reproducibility/Reproducibility-Scanner/benchmarks/bugs-dot-jar/maven/maven-script/pom.xml to /home/user/.m2/repository/org/apache/maven/maven-script/2.1-SNAPSHOT/maven-script-2.1-SNAPSHOT.pom
[INFO] 
[INFO] -----------------< org.apache.maven:maven-script-ant >------------------
[INFO] Building Maven Ant Mojo Support 2.1-SNAPSHOT                     [29/32]
[INFO] --------------------------------[ jar ]---------------------------------
Downloading from apache.snapshots: http://people.apache.org/repo/m2-snapshot-repository/org/codehaus/plexus/plexus-ant-factory/1.0-alpha-2-SNAPSHOT/maven-metadata.xml
Downloading from codehaus-snapshots: http://snapshots.repository.codehaus.org/org/codehaus/plexus/plexus-ant-factory/1.0-alpha-2-SNAPSHOT/maven-metadata.xml
[WARNING] Could not transfer metadata org.codehaus.plexus:plexus-ant-factory:1.0-alpha-2-SNAPSHOT/maven-metadata.xml from/to codehaus-snapshots (http://snapshots.repository.codehaus.org/): snapshots.repository.codehaus.org: Name or service not known
[WARNING] Failure to transfer org.codehaus.plexus:plexus-ant-factory:1.0-alpha-2-SNAPSHOT/maven-metadata.xml from http://snapshots.repository.codehaus.org/ was cached in the local repository, resolution will not be reattempted until the update interval of codehaus-snapshots has elapsed or updates are forced. Original error: Could not transfer metadata org.codehaus.plexus:plexus-ant-factory:1.0-alpha-2-SNAPSHOT/maven-metadata.xml from/to codehaus-snapshots (http://snapshots.repository.codehaus.org/): snapshots.repository.codehaus.org: Name or service not known
Downloading from codehaus-snapshots: http://snapshots.repository.codehaus.org/org/codehaus/plexus/plexus-ant-factory/1.0-alpha-2-SNAPSHOT/plexus-ant-factory-1.0-alpha-2-SNAPSHOT.pom
Downloading from apache.snapshots: http://people.apache.org/repo/m2-snapshot-repository/org/codehaus/plexus/plexus-ant-factory/1.0-alpha-2-SNAPSHOT/plexus-ant-factory-1.0-alpha-2-SNAPSHOT.pom
[INFO] 
[INFO] --------------< org.apache.maven:maven-script-beanshell >---------------
[INFO] Building Maven Beanshell Mojo Support 2.1-SNAPSHOT               [30/32]
[INFO] --------------------------------[ jar ]---------------------------------
[INFO] 
[INFO] --- maven-resources-plugin:2.6:resources (default-resources) @ maven-script-beanshell ---
[WARNING] Using platform encoding (UTF-8 actually) to copy filtered resources, i.e. build is platform dependent!
[INFO] skip non existing resourceDirectory /data-depot/user/Workspace/Reproducibility/Reproducibility-Scanner/benchmarks/bugs-dot-jar/maven/maven-script/maven-script-beanshell/src/main/resources
[INFO] 
[INFO] --- maven-compiler-plugin:3.1:compile (default-compile) @ maven-script-beanshell ---
[INFO] Changes detected - recompiling the module!
[WARNING] File encoding has not been set, using platform encoding UTF-8, i.e. build is platform dependent!
[INFO] Compiling 1 source file to /data-depot/user/Workspace/Reproducibility/Reproducibility-Scanner/benchmarks/bugs-dot-jar/maven/maven-script/maven-script-beanshell/target/classes
[INFO] 
[INFO] --- maven-resources-plugin:2.6:testResources (default-testResources) @ maven-script-beanshell ---
[WARNING] Using platform encoding (UTF-8 actually) to copy filtered resources, i.e. build is platform dependent!
[INFO] skip non existing resourceDirectory /data-depot/user/Workspace/Reproducibility/Reproducibility-Scanner/benchmarks/bugs-dot-jar/maven/maven-script/maven-script-beanshell/src/test/resources
[INFO] 
[INFO] --- maven-compiler-plugin:3.1:testCompile (default-testCompile) @ maven-script-beanshell ---
[INFO] No sources to compile
[INFO] 
[INFO] --- maven-surefire-plugin:2.12.4:test (default-test) @ maven-script-beanshell ---
[INFO] Tests are skipped.
[INFO] 
[INFO] --- maven-jar-plugin:2.4:jar (default-jar) @ maven-script-beanshell ---
[INFO] Building jar: /data-depot/user/Workspace/Reproducibility/Reproducibility-Scanner/benchmarks/bugs-dot-jar/maven/maven-script/maven-script-beanshell/target/maven-script-beanshell-2.1-SNAPSHOT.jar
[INFO] 
[INFO] --- maven-install-plugin:2.4:install (default-install) @ maven-script-beanshell ---
[INFO] Installing /data-depot/user/Workspace/Reproducibility/Reproducibility-Scanner/benchmarks/bugs-dot-jar/maven/maven-script/maven-script-beanshell/target/maven-script-beanshell-2.1-SNAPSHOT.jar to /home/user/.m2/repository/org/apache/maven/maven-script-beanshell/2.1-SNAPSHOT/maven-script-beanshell-2.1-SNAPSHOT.jar
[INFO] Installing /data-depot/user/Workspace/Reproducibility/Reproducibility-Scanner/benchmarks/bugs-dot-jar/maven/maven-script/maven-script-beanshell/pom.xml to /home/user/.m2/repository/org/apache/maven/maven-script-beanshell/2.1-SNAPSHOT/maven-script-beanshell-2.1-SNAPSHOT.pom
[INFO] 
[INFO] ------------------< org.apache.maven:maven-embedder >-------------------
[INFO] Building Maven Embedder 2.1-SNAPSHOT                             [31/32]
[INFO] --------------------------------[ jar ]---------------------------------
Downloading from apache.snapshots: http://people.apache.org/repo/m2-snapshot-repository/org/apache/maven/maven-core/2.1-SNAPSHOT/maven-metadata.xml
Downloading from apache.snapshots: http://people.apache.org/repo/m2-snapshot-repository/org/apache/maven/maven-core/2.1-SNAPSHOT/maven-core-2.1-SNAPSHOT.jar
[INFO] 
[INFO] ---------------------< org.apache.maven:maven-cli >---------------------
[INFO] Building Maven Core - CLI 2.1-SNAPSHOT                           [32/32]
[INFO] --------------------------------[ jar ]---------------------------------
Downloading from apache.snapshots: http://people.apache.org/repo/m2-snapshot-repository/org/apache/maven/maven-embedder/2.1-SNAPSHOT/maven-metadata.xml
Downloading from apache.snapshots: http://people.apache.org/repo/m2-snapshot-repository/org/apache/maven/maven-embedder/2.1-SNAPSHOT/maven-embedder-2.1-SNAPSHOT.jar
[INFO] ------------------------------------------------------------------------
[INFO] Reactor Summary:
[INFO] 
[INFO] Maven 2.1-SNAPSHOT ................................. SUCCESS [  0.171 s]
[INFO] Maven Artifact ..................................... SUCCESS [  1.739 s]
[INFO] Maven Repository Metadata Model .................... SUCCESS [  0.302 s]
[INFO] Maven Artifact Manager ............................. SUCCESS [  0.271 s]
[INFO] Maven Model ........................................ SUCCESS [  0.412 s]
[INFO] Maven Local Settings Model ......................... SUCCESS [  0.191 s]
[INFO] Maven Artifact Test Helper Library ................. SUCCESS [  0.044 s]
[INFO] Maven Plugin Parameter Documenter API .............. SUCCESS [  0.101 s]
[INFO] Maven Reporting .................................... SUCCESS [  0.006 s]
[INFO] Maven Reporting API ................................ FAILURE [  0.812 s]
[INFO] Maven Profile Model ................................ SUCCESS [  0.224 s]
[INFO] Maven Error Diagnostics ............................ SUCCESS [  0.042 s]
[INFO] Maven Tools ........................................ SUCCESS [  0.048 s]
[INFO] Maven Project Builder .............................. SUCCESS [  0.459 s]
[INFO] Maven Plugin Registry Model ........................ SUCCESS [  0.074 s]
[INFO] Maven Plugin API ................................... SUCCESS [  0.037 s]
[INFO] Maven Plugin Descriptor Model ...................... SUCCESS [  0.100 s]
[INFO] Maven Monitor ...................................... SUCCESS [  0.031 s]
[INFO] Maven Core ......................................... FAILURE [  0.342 s]
[INFO] Maven Plugin Tools Base POM ........................ SUCCESS [  0.006 s]
[INFO] Maven Plugin Tools APIs ............................ SUCCESS [  0.103 s]
[INFO] Maven Plugin Tools for Java ........................ FAILURE [  0.049 s]
[INFO] Maven Plugin Tools for Beanshell ................... SUCCESS [  0.039 s]
[INFO] Maven Pluggy Simplistic Plugin Generator ........... SUCCESS [  0.035 s]
[INFO] Maven Plugin Metadata Model ........................ SUCCESS [  0.070 s]
[INFO] Maven Ant Plugin Tools ............................. SUCCESS [  0.035 s]
[INFO] Maven Reporting Implementation ..................... FAILURE [  0.516 s]
[INFO] Maven Script Support Root .......................... SUCCESS [  0.006 s]
[INFO] Maven Ant Mojo Support ............................. FAILURE [  0.374 s]
[INFO] Maven Beanshell Mojo Support ....................... SUCCESS [  0.041 s]
[INFO] Maven Embedder ..................................... FAILURE [  0.337 s]
[INFO] Maven Core - CLI 2.1-SNAPSHOT ...................... FAILURE [  0.342 s]
[INFO] ------------------------------------------------------------------------
[INFO] BUILD FAILURE
[INFO] ------------------------------------------------------------------------
[INFO] Total time: 7.655 s
[INFO] Finished at: 2022-07-12T13:08:07-07:00
[INFO] ------------------------------------------------------------------------
[ERROR] Failed to execute goal on project maven-reporting-api: Could not resolve dependencies for project org.apache.maven.reporting:maven-reporting-api:jar:2.1-SNAPSHOT: Could not find artifact org.apache.maven.doxia:doxia-sink-api:jar:1.0-alpha-9-SNAPSHOT in apache.snapshots (http://people.apache.org/repo/m2-snapshot-repository) -> [Help 1]
[ERROR] Failed to execute goal on project maven-core: Could not resolve dependencies for project org.apache.maven:maven-core:jar:2.1-SNAPSHOT: The following artifacts could not be resolved: org.apache.maven.reporting:maven-reporting-api:jar:2.1-SNAPSHOT, org.apache.maven.doxia:doxia-sink-api:jar:1.0-alpha-9-SNAPSHOT: Could not find artifact org.apache.maven.reporting:maven-reporting-api:jar:2.1-SNAPSHOT in apache.snapshots (http://people.apache.org/repo/m2-snapshot-repository) -> [Help 1]
[ERROR] Failed to execute goal org.apache.maven.plugins:maven-compiler-plugin:3.1:testCompile (default-testCompile) on project maven-plugin-tools-java: Compilation failure: Compilation failure: 
[ERROR] /data-depot/user/Workspace/Reproducibility/Reproducibility-Scanner/benchmarks/bugs-dot-jar/maven/maven-plugin-tools/maven-plugin-tools-java/src/test/java/org/apache/maven/tools/plugin/extractor/java/JavaMojoDescriptorExtractorTest.java:[30,19] package source2.sub does not exist
[ERROR] /data-depot/user/Workspace/Reproducibility/Reproducibility-Scanner/benchmarks/bugs-dot-jar/maven/maven-plugin-tools/maven-plugin-tools-java/src/test/java/org/apache/maven/tools/plugin/extractor/java/JavaMojoDescriptorExtractorTest.java:[94,23] cannot find symbol
[ERROR]   symbol:   class MyBla
[ERROR]   location: class org.apache.maven.tools.plugin.extractor.java.JavaMojoDescriptorExtractorTest
[ERROR] -> [Help 2]
[ERROR] Failed to execute goal on project maven-reporting-impl: Could not resolve dependencies for project org.apache.maven.reporting:maven-reporting-impl:jar:2.1-SNAPSHOT: The following artifacts could not be resolved: org.apache.maven.doxia:doxia-sink-api:jar:1.0-alpha-9-SNAPSHOT, org.apache.maven.doxia:doxia-site-renderer:jar:1.0-alpha-9-SNAPSHOT, org.apache.maven.reporting:maven-reporting-api:jar:2.1-SNAPSHOT: Failure to find org.apache.maven.doxia:doxia-sink-api:jar:1.0-alpha-9-SNAPSHOT in http://people.apache.org/repo/m2-snapshot-repository was cached in the local repository, resolution will not be reattempted until the update interval of apache.snapshots has elapsed or updates are forced -> [Help 1]
[ERROR] Failed to execute goal on project maven-script-ant: Could not resolve dependencies for project org.apache.maven:maven-script-ant:jar:2.1-SNAPSHOT: Failed to collect dependencies at org.codehaus.plexus:plexus-ant-factory:jar:1.0-alpha-2-SNAPSHOT: Failed to read artifact descriptor for org.codehaus.plexus:plexus-ant-factory:jar:1.0-alpha-2-SNAPSHOT: Could not transfer artifact org.codehaus.plexus:plexus-ant-factory:pom:1.0-alpha-2-SNAPSHOT from/to codehaus-snapshots (http://snapshots.repository.codehaus.org/): snapshots.repository.codehaus.org: Unknown host snapshots.repository.codehaus.org -> [Help 1]
[ERROR] Failed to execute goal on project maven-embedder: Could not resolve dependencies for project org.apache.maven:maven-embedder:jar:2.1-SNAPSHOT: The following artifacts could not be resolved: org.apache.maven:maven-core:jar:2.1-SNAPSHOT, org.apache.maven.reporting:maven-reporting-api:jar:2.1-SNAPSHOT, org.apache.maven.doxia:doxia-sink-api:jar:1.0-alpha-9-SNAPSHOT: Could not find artifact org.apache.maven:maven-core:jar:2.1-SNAPSHOT in apache.snapshots (http://people.apache.org/repo/m2-snapshot-repository) -> [Help 1]
[ERROR] Failed to execute goal on project maven-cli: Could not resolve dependencies for project org.apache.maven:maven-cli:jar:2.1-SNAPSHOT: The following artifacts could not be resolved: org.apache.maven:maven-embedder:jar:2.1-SNAPSHOT, org.apache.maven:maven-core:jar:2.1-SNAPSHOT, org.apache.maven.reporting:maven-reporting-api:jar:2.1-SNAPSHOT, org.apache.maven.doxia:doxia-sink-api:jar:1.0-alpha-9-SNAPSHOT: Could not find artifact org.apache.maven:maven-embedder:jar:2.1-SNAPSHOT in apache.snapshots (http://people.apache.org/repo/m2-snapshot-repository) -> [Help 1]
[ERROR] 
[ERROR] To see the full stack trace of the errors, re-run Maven with the -e switch.
[ERROR] Re-run Maven using the -X switch to enable full debug logging.
[ERROR] 
[ERROR] For more information about the errors and possible solutions, please read the following articles:
[ERROR] [Help 1] http://cwiki.apache.org/confluence/display/MAVEN/DependencyResolutionException
[ERROR] [Help 2] http://cwiki.apache.org/confluence/display/MAVEN/MojoFailureException
[ERROR] 
[ERROR] After correcting the problems, you can resume the build with the command
[ERROR]   mvn <goals> -rf :maven-reporting-api
[INFO] Build failures were ignored.
[INFO] Scanning for projects...
[WARNING] 
[WARNING] Some problems were encountered while building the effective model for org.apache.maven:maven-core:jar:2.1-SNAPSHOT
[WARNING] The expression ${version} is deprecated. Please use ${project.version} instead.
[WARNING] 
[WARNING] Some problems were encountered while building the effective model for org.apache.maven:maven-cli:jar:2.1-SNAPSHOT
[WARNING] The expression ${version} is deprecated. Please use ${project.version} instead.
[WARNING] 
[WARNING] It is highly recommended to fix these problems because they threaten the stability of your build.
[WARNING] 
[WARNING] For this reason, future Maven versions might no longer support building such malformed projects.
[WARNING] 
[INFO] 
[INFO] -------------------< org.apache.maven:maven-project >-------------------
[INFO] Building Maven Project Builder 2.1-SNAPSHOT
[INFO] --------------------------------[ jar ]---------------------------------
[INFO] 
[INFO] --- maven-resources-plugin:2.6:resources (default-resources) @ maven-project ---
[WARNING] Using platform encoding (UTF-8 actually) to copy filtered resources, i.e. build is platform dependent!
[INFO] Copying 2 resources
[INFO] 
[INFO] --- maven-compiler-plugin:3.1:compile (default-compile) @ maven-project ---
[INFO] Nothing to compile - all classes are up to date
[INFO] 
[INFO] --- maven-resources-plugin:2.6:testResources (default-testResources) @ maven-project ---
[WARNING] Using platform encoding (UTF-8 actually) to copy filtered resources, i.e. build is platform dependent!
[INFO] Copying 65 resources
[INFO] 
[INFO] --- maven-compiler-plugin:3.1:testCompile (default-testCompile) @ maven-project ---
[INFO] Nothing to compile - all classes are up to date
[INFO] 
[INFO] --- maven-surefire-plugin:2.12.4:test (default-test) @ maven-project ---
[INFO] Surefire report directory: /data-depot/user/Workspace/Reproducibility/Reproducibility-Scanner/benchmarks/bugs-dot-jar/maven/maven-project/target/surefire-reports

-------------------------------------------------------
 T E S T S
-------------------------------------------------------
Running org.apache.maven.profiles.DefaultProfileManagerTest
Tests run: 6, Failures: 0, Errors: 0, Skipped: 0, Time elapsed: 0.226 sec
Running org.apache.maven.project.TestArtifactResolver
Tests run: 0, Failures: 0, Errors: 0, Skipped: 0, Time elapsed: 0 sec
Running org.apache.maven.project.validation.DefaultModelValidatorTest
Tests run: 16, Failures: 0, Errors: 0, Skipped: 0, Time elapsed: 0.307 sec
Running org.apache.maven.project.canonical.CanonicalProjectBuilderTest
Tests run: 1, Failures: 0, Errors: 0, Skipped: 0, Time elapsed: 0.038 sec
Running org.apache.maven.project.ProjectSorterTest
Tests run: 5, Failures: 0, Errors: 0, Skipped: 0, Time elapsed: 0.002 sec
Running org.apache.maven.project.TestProjectBuilder
Tests run: 0, Failures: 0, Errors: 0, Skipped: 0, Time elapsed: 0.001 sec
Running org.apache.maven.project.injection.DefaultProfileInjectorTest
Tests run: 5, Failures: 0, Errors: 0, Skipped: 0, Time elapsed: 0.001 sec
Running org.apache.maven.project.injection.TestProfileInjector
Tests run: 0, Failures: 0, Errors: 0, Skipped: 0, Time elapsed: 0 sec
Running org.apache.maven.project.injection.DefaultModelDefaultsInjectorTest
Tests run: 11, Failures: 0, Errors: 0, Skipped: 0, Time elapsed: 0.002 sec
Running org.apache.maven.project.interpolation.RegexBasedModelInterpolatorTest
Tests run: 11, Failures: 0, Errors: 0, Skipped: 0, Time elapsed: 0.019 sec
Running org.apache.maven.project.DefaultMavenProjectBuilderTest
Tests run: 2, Failures: 0, Errors: 0, Skipped: 0, Time elapsed: 0.033 sec
Running org.apache.maven.project.artifact.MavenMetadataSourceTest
Tests run: 3, Failures: 1, Errors: 0, Skipped: 0, Time elapsed: 0.025 sec <<< FAILURE!
testShouldNotCarryExclusionsOverFromDependencyToDependency(org.apache.maven.project.artifact.MavenMetadataSourceTest)  Time elapsed: 0.012 sec  <<< FAILURE!
junit.framework.AssertionFailedError: expected same:<org.apache.maven.artifact.resolver.filter.ScopeArtifactFilter@7fee8714> was not:<org.apache.maven.artifact.resolver.filter.AndArtifactFilter@4229bb3f>
	at junit.framework.Assert.fail(Assert.java:47)
	at junit.framework.Assert.failNotSame(Assert.java:278)
	at junit.framework.Assert.assertSame(Assert.java:242)
	at junit.framework.Assert.assertSame(Assert.java:249)
	at org.apache.maven.project.artifact.MavenMetadataSourceTest.testShouldNotCarryExclusionsOverFromDependencyToDependency(MavenMetadataSourceTest.java:67)

Running org.apache.maven.project.ProjectClasspathTest
Tests run: 1, Failures: 0, Errors: 0, Skipped: 0, Time elapsed: 0.02 sec
Running org.apache.maven.project.MavenProjectTest
Tests run: 5, Failures: 0, Errors: 0, Skipped: 0, Time elapsed: 0.044 sec
Running org.apache.maven.project.ProjectBaseDirectoryAlignmentTest
Tests run: 1, Failures: 0, Errors: 0, Skipped: 0, Time elapsed: 0.01 sec
Running org.apache.maven.project.ModelUtilsTest
Tests run: 9, Failures: 0, Errors: 0, Skipped: 0, Time elapsed: 0.001 sec
Running org.apache.maven.project.inheritance.t00.ProjectInheritanceTest
Tests run: 1, Failures: 0, Errors: 0, Skipped: 0, Time elapsed: 0.013 sec
Running org.apache.maven.project.inheritance.t01.ProjectInheritanceTest
Tests run: 1, Failures: 0, Errors: 0, Skipped: 0, Time elapsed: 0.021 sec
Running org.apache.maven.project.inheritance.t02.ProjectInheritanceTest
Local repository is at: /data-depot/user/Workspace/Reproducibility/Reproducibility-Scanner/benchmarks/bugs-dot-jar/maven/maven-project/src/test/resources/inheritance-repo/t02
Location of project-4's POM: /data-depot/user/Workspace/Reproducibility/Reproducibility-Scanner/benchmarks/bugs-dot-jar/maven/maven-project/src/test/resources/inheritance-repo/t02/p0/p1/p2/p3/p4/pom.xml
Tests run: 1, Failures: 0, Errors: 0, Skipped: 0, Time elapsed: 0.027 sec
Running org.apache.maven.project.inheritance.DefaultModelInheritanceAssemblerTest
Resulting path is: 'http://maven.apache.org/shared/file-management'
http://www.google.com/bottom
http://www.google.com/child
Resulting path is: '/file-management'
Resulting path is: 'http://maven.apache.org/shared/file-management'
Tests run: 26, Failures: 0, Errors: 0, Skipped: 0, Time elapsed: 0.007 sec
Running org.apache.maven.project.inheritance.t03.ProjectInheritanceTest
Tests run: 1, Failures: 0, Errors: 0, Skipped: 0, Time elapsed: 0.012 sec

Results :

Failed tests:   testShouldNotCarryExclusionsOverFromDependencyToDependency(org.apache.maven.project.artifact.MavenMetadataSourceTest): expected same:<org.apache.maven.artifact.resolver.filter.ScopeArtifactFilter@7fee8714> was not:<org.apache.maven.artifact.resolver.filter.AndArtifactFilter@4229bb3f>

Tests run: 106, Failures: 1, Errors: 0, Skipped: 0

[INFO] ------------------------------------------------------------------------
[INFO] BUILD FAILURE
[INFO] ------------------------------------------------------------------------
[INFO] Total time: 2.122 s
[INFO] Finished at: 2022-07-12T13:08:11-07:00
[INFO] ------------------------------------------------------------------------
[ERROR] Failed to execute goal org.apache.maven.plugins:maven-surefire-plugin:2.12.4:test (default-test) on project maven-project: There are test failures.
[ERROR] 
[ERROR] Please refer to /data-depot/user/Workspace/Reproducibility/Reproducibility-Scanner/benchmarks/bugs-dot-jar/maven/maven-project/target/surefire-reports for the individual test results.
[ERROR] -> [Help 1]
[ERROR] 
[ERROR] To see the full stack trace of the errors, re-run Maven with the -e switch.
[ERROR] Re-run Maven using the -X switch to enable full debug logging.
[ERROR] 
[ERROR] For more information about the errors and possible solutions, please read the following articles:
[ERROR] [Help 1] http://cwiki.apache.org/confluence/display/MAVEN/MojoFailureException