[INFO] Scanning for projects...
[INFO] ------------------------------------------------------------------------
[INFO] Reactor Build Order:
[INFO] 
[INFO] Oak Parent POM                                                     [pom]
[INFO] Oak Commons                                                     [bundle]
[INFO] Oak MicroKernel API                                             [bundle]
[INFO] Oak MicroKernel                                                 [bundle]
[INFO] Oak MicroKernel Remoting                                        [bundle]
[INFO] Oak Mongo MicroKernel                                           [bundle]
[INFO] Oak Integration Tests for MicroKernel implementations              [jar]
[INFO] Oak Core                                                        [bundle]
[INFO] Oak JCR Binding                                                 [bundle]
[INFO] Oak support for Apache Sling                                    [bundle]
[INFO] Oak HTTP Binding                                                [bundle]
[INFO] Oak Lucene                                                      [bundle]
[INFO] Oak Runnable Jar                                                   [jar]
[INFO] Oak Integration Tests for OSGi deployments                         [jar]
[INFO] Oak Integration Tests                                              [pom]
[INFO] Jackrabbit Oak                                                     [pom]
[INFO] oak-mk-perf                                                        [jar]
[INFO] 
[INFO] ------------------< org.apache.jackrabbit:oak-parent >------------------
[INFO] Building Oak Parent POM 0.7-SNAPSHOT                              [1/17]
[INFO] --------------------------------[ pom ]---------------------------------
[INFO] 
[INFO] --- maven-remote-resources-plugin:1.2.1:process (default) @ oak-parent ---
[INFO] 
[INFO] --- maven-site-plugin:3.0:attach-descriptor (attach-descriptor) @ oak-parent ---
[INFO] 
[INFO] --- maven-install-plugin:2.3.1:install (default-install) @ oak-parent ---
[INFO] Installing /data-depot/user/Workspace/Reproducibility/Reproducibility-Scanner/benchmarks/bugs-dot-jar/jackrabbit-oak/oak-parent/pom.xml to /home/user/.m2/repository/org/apache/jackrabbit/oak-parent/0.7-SNAPSHOT/oak-parent-0.7-SNAPSHOT.pom
[INFO] 
[INFO] -----------------< org.apache.jackrabbit:oak-commons >------------------
[INFO] Building Oak Commons 0.7-SNAPSHOT                                 [2/17]
[INFO] -------------------------------[ bundle ]-------------------------------
[INFO] 
[INFO] --- maven-remote-resources-plugin:1.2.1:process (default) @ oak-commons ---
[INFO] 
[INFO] --- maven-resources-plugin:2.5:resources (default-resources) @ oak-commons ---
[debug] execute contextualize
[INFO] Using 'UTF-8' encoding to copy filtered resources.
[INFO] skip non existing resourceDirectory /data-depot/user/Workspace/Reproducibility/Reproducibility-Scanner/benchmarks/bugs-dot-jar/jackrabbit-oak/oak-commons/src/main/resources
[INFO] Copying 3 resources
[INFO] 
[INFO] --- maven-compiler-plugin:2.3.2:compile (default-compile) @ oak-commons ---
[INFO] Compiling 1 source file to /data-depot/user/Workspace/Reproducibility/Reproducibility-Scanner/benchmarks/bugs-dot-jar/jackrabbit-oak/oak-commons/target/classes
[INFO] 
[INFO] --- maven-resources-plugin:2.5:testResources (default-testResources) @ oak-commons ---
[debug] execute contextualize
[INFO] Using 'UTF-8' encoding to copy filtered resources.
[INFO] skip non existing resourceDirectory /data-depot/user/Workspace/Reproducibility/Reproducibility-Scanner/benchmarks/bugs-dot-jar/jackrabbit-oak/oak-commons/src/test/resources
[INFO] Copying 3 resources
[INFO] 
[INFO] --- maven-compiler-plugin:2.3.2:testCompile (default-testCompile) @ oak-commons ---
[INFO] Compiling 1 source file to /data-depot/user/Workspace/Reproducibility/Reproducibility-Scanner/benchmarks/bugs-dot-jar/jackrabbit-oak/oak-commons/target/test-classes
[INFO] 
[INFO] --- maven-surefire-plugin:2.9:test (default-test) @ oak-commons ---
[INFO] Tests are skipped.
[INFO] 
[INFO] --- maven-bundle-plugin:2.3.7:bundle (default-bundle) @ oak-commons ---
[INFO] 
[INFO] --- maven-site-plugin:3.0:attach-descriptor (attach-descriptor) @ oak-commons ---
[INFO] 
[INFO] --- maven-install-plugin:2.3.1:install (default-install) @ oak-commons ---
[INFO] Installing /data-depot/user/Workspace/Reproducibility/Reproducibility-Scanner/benchmarks/bugs-dot-jar/jackrabbit-oak/oak-commons/target/oak-commons-0.7-SNAPSHOT.jar to /home/user/.m2/repository/org/apache/jackrabbit/oak-commons/0.7-SNAPSHOT/oak-commons-0.7-SNAPSHOT.jar
[INFO] Installing /data-depot/user/Workspace/Reproducibility/Reproducibility-Scanner/benchmarks/bugs-dot-jar/jackrabbit-oak/oak-commons/pom.xml to /home/user/.m2/repository/org/apache/jackrabbit/oak-commons/0.7-SNAPSHOT/oak-commons-0.7-SNAPSHOT.pom
[INFO] 
[INFO] --- maven-bundle-plugin:2.3.7:install (default-install) @ oak-commons ---
[INFO] Installing org/apache/jackrabbit/oak-commons/0.7-SNAPSHOT/oak-commons-0.7-SNAPSHOT.jar
[INFO] Writing OBR metadata
[INFO] 
[INFO] ------------------< org.apache.jackrabbit:oak-mk-api >------------------
[INFO] Building Oak MicroKernel API 0.7-SNAPSHOT                         [3/17]
[INFO] -------------------------------[ bundle ]-------------------------------
[INFO] 
[INFO] --- maven-remote-resources-plugin:1.2.1:process (default) @ oak-mk-api ---
[INFO] 
[INFO] --- maven-resources-plugin:2.5:resources (default-resources) @ oak-mk-api ---
[debug] execute contextualize
[INFO] Using 'UTF-8' encoding to copy filtered resources.
[INFO] skip non existing resourceDirectory /data-depot/user/Workspace/Reproducibility/Reproducibility-Scanner/benchmarks/bugs-dot-jar/jackrabbit-oak/oak-mk-api/src/main/resources
[INFO] Copying 3 resources
[INFO] 
[INFO] --- maven-compiler-plugin:2.3.2:compile (default-compile) @ oak-mk-api ---
[INFO] Compiling 3 source files to /data-depot/user/Workspace/Reproducibility/Reproducibility-Scanner/benchmarks/bugs-dot-jar/jackrabbit-oak/oak-mk-api/target/classes
[INFO] 
[INFO] --- maven-scr-plugin:1.9.0:scr (generate-scr-scrdescriptor) @ oak-mk-api ---
[INFO] 
[INFO] --- maven-resources-plugin:2.5:testResources (default-testResources) @ oak-mk-api ---
[debug] execute contextualize
[INFO] Using 'UTF-8' encoding to copy filtered resources.
[INFO] skip non existing resourceDirectory /data-depot/user/Workspace/Reproducibility/Reproducibility-Scanner/benchmarks/bugs-dot-jar/jackrabbit-oak/oak-mk-api/src/test/resources
[INFO] Copying 3 resources
[INFO] 
[INFO] --- maven-compiler-plugin:2.3.2:testCompile (default-testCompile) @ oak-mk-api ---
[INFO] No sources to compile
[INFO] 
[INFO] --- maven-surefire-plugin:2.9:test (default-test) @ oak-mk-api ---
[INFO] Tests are skipped.
[INFO] 
[INFO] --- maven-bundle-plugin:2.3.7:bundle (default-bundle) @ oak-mk-api ---
[INFO] 
[INFO] --- maven-site-plugin:3.0:attach-descriptor (attach-descriptor) @ oak-mk-api ---
[INFO] 
[INFO] --- maven-install-plugin:2.3.1:install (default-install) @ oak-mk-api ---
[INFO] Installing /data-depot/user/Workspace/Reproducibility/Reproducibility-Scanner/benchmarks/bugs-dot-jar/jackrabbit-oak/oak-mk-api/target/oak-mk-api-0.7-SNAPSHOT.jar to /home/user/.m2/repository/org/apache/jackrabbit/oak-mk-api/0.7-SNAPSHOT/oak-mk-api-0.7-SNAPSHOT.jar
[INFO] Installing /data-depot/user/Workspace/Reproducibility/Reproducibility-Scanner/benchmarks/bugs-dot-jar/jackrabbit-oak/oak-mk-api/pom.xml to /home/user/.m2/repository/org/apache/jackrabbit/oak-mk-api/0.7-SNAPSHOT/oak-mk-api-0.7-SNAPSHOT.pom
[INFO] 
[INFO] --- maven-bundle-plugin:2.3.7:install (default-install) @ oak-mk-api ---
[INFO] Installing org/apache/jackrabbit/oak-mk-api/0.7-SNAPSHOT/oak-mk-api-0.7-SNAPSHOT.jar
[INFO] Writing OBR metadata
[INFO] 
[INFO] --------------------< org.apache.jackrabbit:oak-mk >--------------------
[INFO] Building Oak MicroKernel 0.7-SNAPSHOT                             [4/17]
[INFO] -------------------------------[ bundle ]-------------------------------
[INFO] 
[INFO] --- maven-remote-resources-plugin:1.2.1:process (default) @ oak-mk ---
[INFO] 
[INFO] --- maven-resources-plugin:2.5:resources (default-resources) @ oak-mk ---
[debug] execute contextualize
[INFO] Using 'UTF-8' encoding to copy filtered resources.
[INFO] skip non existing resourceDirectory /data-depot/user/Workspace/Reproducibility/Reproducibility-Scanner/benchmarks/bugs-dot-jar/jackrabbit-oak/oak-mk/src/main/resources
[INFO] Copying 3 resources
[INFO] 
[INFO] --- maven-compiler-plugin:2.3.2:compile (default-compile) @ oak-mk ---
[INFO] Compiling 74 source files to /data-depot/user/Workspace/Reproducibility/Reproducibility-Scanner/benchmarks/bugs-dot-jar/jackrabbit-oak/oak-mk/target/classes
[INFO] 
[INFO] --- maven-scr-plugin:1.9.0:scr (generate-scr-scrdescriptor) @ oak-mk ---
[INFO] Writing 1 Service Component Descriptors to /data-depot/user/Workspace/Reproducibility/Reproducibility-Scanner/benchmarks/bugs-dot-jar/jackrabbit-oak/oak-mk/target/scr-plugin-generated/OSGI-INF/org.apache.jackrabbit.mk.osgi.MicroKernelService.xml
[INFO] 
[INFO] --- maven-resources-plugin:2.5:testResources (default-testResources) @ oak-mk ---
[debug] execute contextualize
[INFO] Using 'UTF-8' encoding to copy filtered resources.
[INFO] Copying 1 resource
[INFO] Copying 3 resources
[INFO] 
[INFO] --- maven-compiler-plugin:2.3.2:testCompile (default-testCompile) @ oak-mk ---
[INFO] Compiling 21 source files to /data-depot/user/Workspace/Reproducibility/Reproducibility-Scanner/benchmarks/bugs-dot-jar/jackrabbit-oak/oak-mk/target/test-classes
[INFO] 
[INFO] --- maven-surefire-plugin:2.9:test (default-test) @ oak-mk ---
[INFO] Tests are skipped.
[INFO] 
[INFO] --- maven-bundle-plugin:2.3.7:bundle (default-bundle) @ oak-mk ---
[INFO] 
[INFO] --- maven-site-plugin:3.0:attach-descriptor (attach-descriptor) @ oak-mk ---
[INFO] 
[INFO] --- maven-install-plugin:2.3.1:install (default-install) @ oak-mk ---
[INFO] Installing /data-depot/user/Workspace/Reproducibility/Reproducibility-Scanner/benchmarks/bugs-dot-jar/jackrabbit-oak/oak-mk/target/oak-mk-0.7-SNAPSHOT.jar to /home/user/.m2/repository/org/apache/jackrabbit/oak-mk/0.7-SNAPSHOT/oak-mk-0.7-SNAPSHOT.jar
[INFO] Installing /data-depot/user/Workspace/Reproducibility/Reproducibility-Scanner/benchmarks/bugs-dot-jar/jackrabbit-oak/oak-mk/pom.xml to /home/user/.m2/repository/org/apache/jackrabbit/oak-mk/0.7-SNAPSHOT/oak-mk-0.7-SNAPSHOT.pom
[INFO] 
[INFO] --- maven-bundle-plugin:2.3.7:install (default-install) @ oak-mk ---
[INFO] Installing org/apache/jackrabbit/oak-mk/0.7-SNAPSHOT/oak-mk-0.7-SNAPSHOT.jar
[INFO] Writing OBR metadata
[INFO] 
[INFO] ----------------< org.apache.jackrabbit:oak-mk-remote >-----------------
[INFO] Building Oak MicroKernel Remoting 0.7-SNAPSHOT                    [5/17]
[INFO] -------------------------------[ bundle ]-------------------------------
[INFO] 
[INFO] --- maven-remote-resources-plugin:1.2.1:process (default) @ oak-mk-remote ---
[INFO] 
[INFO] --- maven-resources-plugin:2.5:resources (default-resources) @ oak-mk-remote ---
[debug] execute contextualize
[INFO] Using 'UTF-8' encoding to copy filtered resources.
[INFO] Copying 20 resources
[INFO] Copying 3 resources
[INFO] 
[INFO] --- maven-compiler-plugin:2.3.2:compile (default-compile) @ oak-mk-remote ---
[INFO] Compiling 15 source files to /data-depot/user/Workspace/Reproducibility/Reproducibility-Scanner/benchmarks/bugs-dot-jar/jackrabbit-oak/oak-mk-remote/target/classes
[INFO] 
[INFO] --- maven-scr-plugin:1.9.0:scr (generate-scr-scrdescriptor) @ oak-mk-remote ---
[INFO] 
[INFO] --- maven-resources-plugin:2.5:testResources (default-testResources) @ oak-mk-remote ---
[debug] execute contextualize
[INFO] Using 'UTF-8' encoding to copy filtered resources.
[INFO] skip non existing resourceDirectory /data-depot/user/Workspace/Reproducibility/Reproducibility-Scanner/benchmarks/bugs-dot-jar/jackrabbit-oak/oak-mk-remote/src/test/resources
[INFO] Copying 3 resources
[INFO] 
[INFO] --- maven-compiler-plugin:2.3.2:testCompile (default-testCompile) @ oak-mk-remote ---
[INFO] Compiling 1 source file to /data-depot/user/Workspace/Reproducibility/Reproducibility-Scanner/benchmarks/bugs-dot-jar/jackrabbit-oak/oak-mk-remote/target/test-classes
[INFO] 
[INFO] --- maven-surefire-plugin:2.9:test (default-test) @ oak-mk-remote ---
[INFO] Tests are skipped.
[INFO] 
[INFO] --- maven-bundle-plugin:2.3.7:bundle (default-bundle) @ oak-mk-remote ---
[INFO] 
[INFO] --- maven-site-plugin:3.0:attach-descriptor (attach-descriptor) @ oak-mk-remote ---
[INFO] 
[INFO] --- maven-install-plugin:2.3.1:install (default-install) @ oak-mk-remote ---
[INFO] Installing /data-depot/user/Workspace/Reproducibility/Reproducibility-Scanner/benchmarks/bugs-dot-jar/jackrabbit-oak/oak-mk-remote/target/oak-mk-remote-0.7-SNAPSHOT.jar to /home/user/.m2/repository/org/apache/jackrabbit/oak-mk-remote/0.7-SNAPSHOT/oak-mk-remote-0.7-SNAPSHOT.jar
[INFO] Installing /data-depot/user/Workspace/Reproducibility/Reproducibility-Scanner/benchmarks/bugs-dot-jar/jackrabbit-oak/oak-mk-remote/pom.xml to /home/user/.m2/repository/org/apache/jackrabbit/oak-mk-remote/0.7-SNAPSHOT/oak-mk-remote-0.7-SNAPSHOT.pom
[INFO] 
[INFO] --- maven-bundle-plugin:2.3.7:install (default-install) @ oak-mk-remote ---
[INFO] Installing org/apache/jackrabbit/oak-mk-remote/0.7-SNAPSHOT/oak-mk-remote-0.7-SNAPSHOT.jar
[INFO] Writing OBR metadata
[INFO] 
[INFO] -----------------< org.apache.jackrabbit:oak-mongomk >------------------
[INFO] Building Oak Mongo MicroKernel 0.7-SNAPSHOT                       [6/17]
[INFO] -------------------------------[ bundle ]-------------------------------
[WARNING] The POM for com.jamonapi:jamon:jar:2.4 is missing, no dependency information available
[INFO] 
[INFO] --- maven-remote-resources-plugin:1.2.1:process (default) @ oak-mongomk ---
[WARNING] Missing POM for com.jamonapi:jamon:jar:2.4
[INFO] 
[INFO] --- maven-resources-plugin:2.5:resources (default-resources) @ oak-mongomk ---
[debug] execute contextualize
[INFO] Using 'UTF-8' encoding to copy filtered resources.
[INFO] Copying 1 resource
[INFO] Copying 3 resources
[INFO] 
[INFO] --- maven-compiler-plugin:2.3.2:compile (default-compile) @ oak-mongomk ---
[INFO] Compiling 76 source files to /data-depot/user/Workspace/Reproducibility/Reproducibility-Scanner/benchmarks/bugs-dot-jar/jackrabbit-oak/oak-mongomk/target/classes
[INFO] 
[INFO] --- maven-scr-plugin:1.9.0:scr (generate-scr-scrdescriptor) @ oak-mongomk ---
[INFO] Generating 1 MetaType Descriptor in /data-depot/user/Workspace/Reproducibility/Reproducibility-Scanner/benchmarks/bugs-dot-jar/jackrabbit-oak/oak-mongomk/target/scr-plugin-generated/OSGI-INF/metatype/org.apache.jackrabbit.mongomk.osgi.MongoMicroKernelService.xml
[INFO] Writing 1 Service Component Descriptors to /data-depot/user/Workspace/Reproducibility/Reproducibility-Scanner/benchmarks/bugs-dot-jar/jackrabbit-oak/oak-mongomk/target/scr-plugin-generated/OSGI-INF/org.apache.jackrabbit.mongomk.osgi.MongoMicroKernelService.xml
[INFO] 
[INFO] --- maven-resources-plugin:2.5:testResources (default-testResources) @ oak-mongomk ---
[debug] execute contextualize
[INFO] Using 'UTF-8' encoding to copy filtered resources.
[INFO] Copying 2 resources
[INFO] Copying 3 resources
[INFO] 
[INFO] --- maven-compiler-plugin:2.3.2:testCompile (default-testCompile) @ oak-mongomk ---
[INFO] Compiling 48 source files to /data-depot/user/Workspace/Reproducibility/Reproducibility-Scanner/benchmarks/bugs-dot-jar/jackrabbit-oak/oak-mongomk/target/test-classes
[INFO] 
[INFO] --- maven-surefire-plugin:2.9:test (default-test) @ oak-mongomk ---
[INFO] Tests are skipped.
[INFO] 
[INFO] --- maven-bundle-plugin:2.3.7:bundle (default-bundle) @ oak-mongomk ---
[INFO] 
[INFO] --- maven-site-plugin:3.0:attach-descriptor (attach-descriptor) @ oak-mongomk ---
[INFO] 
[INFO] --- maven-install-plugin:2.3.1:install (default-install) @ oak-mongomk ---
[INFO] Installing /data-depot/user/Workspace/Reproducibility/Reproducibility-Scanner/benchmarks/bugs-dot-jar/jackrabbit-oak/oak-mongomk/target/oak-mongomk-0.7-SNAPSHOT.jar to /home/user/.m2/repository/org/apache/jackrabbit/oak-mongomk/0.7-SNAPSHOT/oak-mongomk-0.7-SNAPSHOT.jar
[INFO] Installing /data-depot/user/Workspace/Reproducibility/Reproducibility-Scanner/benchmarks/bugs-dot-jar/jackrabbit-oak/oak-mongomk/pom.xml to /home/user/.m2/repository/org/apache/jackrabbit/oak-mongomk/0.7-SNAPSHOT/oak-mongomk-0.7-SNAPSHOT.pom
[INFO] 
[INFO] --- maven-bundle-plugin:2.3.7:install (default-install) @ oak-mongomk ---
[INFO] Installing org/apache/jackrabbit/oak-mongomk/0.7-SNAPSHOT/oak-mongomk-0.7-SNAPSHOT.jar
[INFO] Writing OBR metadata
[INFO] 
[INFO] ------------------< org.apache.jackrabbit:oak-it-mk >-------------------
[INFO] Building Oak Integration Tests for MicroKernel implementations 0.7-SNAPSHOT [7/17]
[INFO] --------------------------------[ jar ]---------------------------------
[INFO] 
[INFO] --- maven-remote-resources-plugin:1.2.1:process (default) @ oak-it-mk ---
[INFO] 
[INFO] --- maven-resources-plugin:2.5:resources (default-resources) @ oak-it-mk ---
[debug] execute contextualize
[INFO] Using 'UTF-8' encoding to copy filtered resources.
[INFO] skip non existing resourceDirectory /data-depot/user/Workspace/Reproducibility/Reproducibility-Scanner/benchmarks/bugs-dot-jar/jackrabbit-oak/oak-it/mk/src/main/resources
[INFO] Copying 3 resources
[INFO] 
[INFO] --- maven-compiler-plugin:2.3.2:compile (default-compile) @ oak-it-mk ---
[INFO] Compiling 6 source files to /data-depot/user/Workspace/Reproducibility/Reproducibility-Scanner/benchmarks/bugs-dot-jar/jackrabbit-oak/oak-it/mk/target/classes
[INFO] 
[INFO] --- maven-resources-plugin:2.5:testResources (default-testResources) @ oak-it-mk ---
[debug] execute contextualize
[INFO] Using 'UTF-8' encoding to copy filtered resources.
[INFO] Copying 3 resources
[INFO] Copying 3 resources
[INFO] 
[INFO] --- maven-compiler-plugin:2.3.2:testCompile (default-testCompile) @ oak-it-mk ---
[INFO] Compiling 6 source files to /data-depot/user/Workspace/Reproducibility/Reproducibility-Scanner/benchmarks/bugs-dot-jar/jackrabbit-oak/oak-it/mk/target/test-classes
[INFO] 
[INFO] --- maven-surefire-plugin:2.9:test (default-test) @ oak-it-mk ---
[INFO] Tests are skipped.
[INFO] 
[INFO] --- maven-jar-plugin:2.3.1:jar (default-jar) @ oak-it-mk ---
[INFO] Building jar: /data-depot/user/Workspace/Reproducibility/Reproducibility-Scanner/benchmarks/bugs-dot-jar/jackrabbit-oak/oak-it/mk/target/oak-it-mk-0.7-SNAPSHOT.jar
[INFO] 
[INFO] --- maven-site-plugin:3.0:attach-descriptor (attach-descriptor) @ oak-it-mk ---
[INFO] 
[INFO] --- maven-install-plugin:2.3.1:install (default-install) @ oak-it-mk ---
[INFO] Installing /data-depot/user/Workspace/Reproducibility/Reproducibility-Scanner/benchmarks/bugs-dot-jar/jackrabbit-oak/oak-it/mk/target/oak-it-mk-0.7-SNAPSHOT.jar to /home/user/.m2/repository/org/apache/jackrabbit/oak-it-mk/0.7-SNAPSHOT/oak-it-mk-0.7-SNAPSHOT.jar
[INFO] Installing /data-depot/user/Workspace/Reproducibility/Reproducibility-Scanner/benchmarks/bugs-dot-jar/jackrabbit-oak/oak-it/mk/pom.xml to /home/user/.m2/repository/org/apache/jackrabbit/oak-it-mk/0.7-SNAPSHOT/oak-it-mk-0.7-SNAPSHOT.pom
[INFO] 
[INFO] -------------------< org.apache.jackrabbit:oak-core >-------------------
[INFO] Building Oak Core 0.7-SNAPSHOT                                    [8/17]
[INFO] -------------------------------[ bundle ]-------------------------------
[INFO] 
[INFO] --- maven-remote-resources-plugin:1.2.1:process (default) @ oak-core ---
[INFO] 
[INFO] --- maven-resources-plugin:2.5:resources (default-resources) @ oak-core ---
[debug] execute contextualize
[INFO] Using 'UTF-8' encoding to copy filtered resources.
[INFO] Copying 1 resource
[INFO] Copying 3 resources
[INFO] 
[INFO] --- maven-compiler-plugin:2.3.2:compile (default-compile) @ oak-core ---
[INFO] Compiling 487 source files to /data-depot/user/Workspace/Reproducibility/Reproducibility-Scanner/benchmarks/bugs-dot-jar/jackrabbit-oak/oak-core/target/classes
[INFO] 
[INFO] --- maven-scr-plugin:1.9.0:scr (generate-scr-scrdescriptor) @ oak-core ---
[INFO] Writing 1 Service Component Descriptors to /data-depot/user/Workspace/Reproducibility/Reproducibility-Scanner/benchmarks/bugs-dot-jar/jackrabbit-oak/oak-core/target/scr-plugin-generated/OSGI-INF/org.apache.jackrabbit.oak.plugins.index.property.PropertyIndexHookProvider.xml
[INFO] Writing 1 Service Component Descriptors to /data-depot/user/Workspace/Reproducibility/Reproducibility-Scanner/benchmarks/bugs-dot-jar/jackrabbit-oak/oak-core/target/scr-plugin-generated/OSGI-INF/org.apache.jackrabbit.oak.plugins.index.p2.Property2IndexHookProvider.xml
[INFO] Writing 1 Service Component Descriptors to /data-depot/user/Workspace/Reproducibility/Reproducibility-Scanner/benchmarks/bugs-dot-jar/jackrabbit-oak/oak-core/target/scr-plugin-generated/OSGI-INF/org.apache.jackrabbit.oak.plugins.commit.ConflictValidatorProvider.xml
[INFO] Writing 1 Service Component Descriptors to /data-depot/user/Workspace/Reproducibility/Reproducibility-Scanner/benchmarks/bugs-dot-jar/jackrabbit-oak/oak-core/target/scr-plugin-generated/OSGI-INF/org.apache.jackrabbit.oak.plugins.name.NameValidatorProvider.xml
[INFO] Writing 1 Service Component Descriptors to /data-depot/user/Workspace/Reproducibility/Reproducibility-Scanner/benchmarks/bugs-dot-jar/jackrabbit-oak/oak-core/target/scr-plugin-generated/OSGI-INF/org.apache.jackrabbit.oak.plugins.name.NamespaceValidatorProvider.xml
[INFO] Writing 1 Service Component Descriptors to /data-depot/user/Workspace/Reproducibility/Reproducibility-Scanner/benchmarks/bugs-dot-jar/jackrabbit-oak/oak-core/target/scr-plugin-generated/OSGI-INF/org.apache.jackrabbit.oak.plugins.nodetype.write.InitialContent.xml
[INFO] Writing 1 Service Component Descriptors to /data-depot/user/Workspace/Reproducibility/Reproducibility-Scanner/benchmarks/bugs-dot-jar/jackrabbit-oak/oak-core/target/scr-plugin-generated/OSGI-INF/org.apache.jackrabbit.oak.plugins.nodetype.TypeValidatorProvider.xml
[INFO] 
[INFO] --- maven-resources-plugin:2.5:testResources (default-testResources) @ oak-core ---
[debug] execute contextualize
[INFO] Using 'UTF-8' encoding to copy filtered resources.
[INFO] Copying 9 resources
[INFO] Copying 3 resources
[INFO] 
[INFO] --- maven-compiler-plugin:2.3.2:testCompile (default-testCompile) @ oak-core ---
[INFO] Compiling 130 source files to /data-depot/user/Workspace/Reproducibility/Reproducibility-Scanner/benchmarks/bugs-dot-jar/jackrabbit-oak/oak-core/target/test-classes
[INFO] 
[INFO] --- maven-surefire-plugin:2.9:test (default-test) @ oak-core ---
[INFO] Tests are skipped.
[INFO] 
[INFO] --- maven-bundle-plugin:2.3.7:bundle (default-bundle) @ oak-core ---
[INFO] 
[INFO] --- maven-site-plugin:3.0:attach-descriptor (attach-descriptor) @ oak-core ---
[INFO] 
[INFO] --- maven-jar-plugin:2.3.1:test-jar (default) @ oak-core ---
[INFO] Building jar: /data-depot/user/Workspace/Reproducibility/Reproducibility-Scanner/benchmarks/bugs-dot-jar/jackrabbit-oak/oak-core/target/oak-core-0.7-SNAPSHOT-tests.jar
[INFO] 
[INFO] --- maven-install-plugin:2.3.1:install (default-install) @ oak-core ---
[INFO] Installing /data-depot/user/Workspace/Reproducibility/Reproducibility-Scanner/benchmarks/bugs-dot-jar/jackrabbit-oak/oak-core/target/oak-core-0.7-SNAPSHOT.jar to /home/user/.m2/repository/org/apache/jackrabbit/oak-core/0.7-SNAPSHOT/oak-core-0.7-SNAPSHOT.jar
[INFO] Installing /data-depot/user/Workspace/Reproducibility/Reproducibility-Scanner/benchmarks/bugs-dot-jar/jackrabbit-oak/oak-core/pom.xml to /home/user/.m2/repository/org/apache/jackrabbit/oak-core/0.7-SNAPSHOT/oak-core-0.7-SNAPSHOT.pom
[INFO] Installing /data-depot/user/Workspace/Reproducibility/Reproducibility-Scanner/benchmarks/bugs-dot-jar/jackrabbit-oak/oak-core/target/oak-core-0.7-SNAPSHOT-tests.jar to /home/user/.m2/repository/org/apache/jackrabbit/oak-core/0.7-SNAPSHOT/oak-core-0.7-SNAPSHOT-tests.jar
[INFO] 
[INFO] --- maven-bundle-plugin:2.3.7:install (default-install) @ oak-core ---
[INFO] Installing org/apache/jackrabbit/oak-core/0.7-SNAPSHOT/oak-core-0.7-SNAPSHOT.jar
[INFO] Writing OBR metadata
[INFO] 
[INFO] -------------------< org.apache.jackrabbit:oak-jcr >--------------------
[INFO] Building Oak JCR Binding 0.7-SNAPSHOT                             [9/17]
[INFO] -------------------------------[ bundle ]-------------------------------
[INFO] 
[INFO] --- maven-remote-resources-plugin:1.2.1:process (default) @ oak-jcr ---
[INFO] 
[INFO] --- maven-resources-plugin:2.5:resources (default-resources) @ oak-jcr ---
[debug] execute contextualize
[INFO] Using 'UTF-8' encoding to copy filtered resources.
[INFO] Copying 1 resource
[INFO] Copying 3 resources
[INFO] 
[INFO] --- maven-compiler-plugin:2.3.2:compile (default-compile) @ oak-jcr ---
[INFO] Compiling 69 source files to /data-depot/user/Workspace/Reproducibility/Reproducibility-Scanner/benchmarks/bugs-dot-jar/jackrabbit-oak/oak-jcr/target/classes
[INFO] 
[INFO] --- maven-resources-plugin:2.5:testResources (default-testResources) @ oak-jcr ---
[debug] execute contextualize
[INFO] Using 'UTF-8' encoding to copy filtered resources.
[INFO] Copying 3 resources
[INFO] Copying 3 resources
[INFO] 
[INFO] --- maven-compiler-plugin:2.3.2:testCompile (default-testCompile) @ oak-jcr ---
[INFO] Compiling 60 source files to /data-depot/user/Workspace/Reproducibility/Reproducibility-Scanner/benchmarks/bugs-dot-jar/jackrabbit-oak/oak-jcr/target/test-classes
[INFO] 
[INFO] --- maven-surefire-plugin:2.9:test (default-test) @ oak-jcr ---
[INFO] Tests are skipped.
[INFO] 
[INFO] --- maven-bundle-plugin:2.3.7:bundle (default-bundle) @ oak-jcr ---
[INFO] 
[INFO] --- maven-site-plugin:3.0:attach-descriptor (attach-descriptor) @ oak-jcr ---
[INFO] 
[INFO] --- maven-install-plugin:2.3.1:install (default-install) @ oak-jcr ---
[INFO] Installing /data-depot/user/Workspace/Reproducibility/Reproducibility-Scanner/benchmarks/bugs-dot-jar/jackrabbit-oak/oak-jcr/target/oak-jcr-0.7-SNAPSHOT.jar to /home/user/.m2/repository/org/apache/jackrabbit/oak-jcr/0.7-SNAPSHOT/oak-jcr-0.7-SNAPSHOT.jar
[INFO] Installing /data-depot/user/Workspace/Reproducibility/Reproducibility-Scanner/benchmarks/bugs-dot-jar/jackrabbit-oak/oak-jcr/pom.xml to /home/user/.m2/repository/org/apache/jackrabbit/oak-jcr/0.7-SNAPSHOT/oak-jcr-0.7-SNAPSHOT.pom
[INFO] 
[INFO] --- maven-bundle-plugin:2.3.7:install (default-install) @ oak-jcr ---
[INFO] Installing org/apache/jackrabbit/oak-jcr/0.7-SNAPSHOT/oak-jcr-0.7-SNAPSHOT.jar
[INFO] Writing OBR metadata
[INFO] 
[INFO] ------------------< org.apache.jackrabbit:oak-sling >-------------------
[INFO] Building Oak support for Apache Sling 0.7-SNAPSHOT               [10/17]
[INFO] -------------------------------[ bundle ]-------------------------------
[INFO] 
[INFO] --- maven-remote-resources-plugin:1.2.1:process (default) @ oak-sling ---
[INFO] 
[INFO] --- maven-resources-plugin:2.5:resources (default-resources) @ oak-sling ---
[debug] execute contextualize
[INFO] Using 'UTF-8' encoding to copy filtered resources.
[INFO] skip non existing resourceDirectory /data-depot/user/Workspace/Reproducibility/Reproducibility-Scanner/benchmarks/bugs-dot-jar/jackrabbit-oak/oak-sling/src/main/resources
[INFO] Copying 3 resources
[INFO] 
[INFO] --- maven-compiler-plugin:2.3.2:compile (default-compile) @ oak-sling ---
[INFO] Compiling 2 source files to /data-depot/user/Workspace/Reproducibility/Reproducibility-Scanner/benchmarks/bugs-dot-jar/jackrabbit-oak/oak-sling/target/classes
[INFO] 
[INFO] --- maven-resources-plugin:2.5:testResources (default-testResources) @ oak-sling ---
[debug] execute contextualize
[INFO] Using 'UTF-8' encoding to copy filtered resources.
[INFO] skip non existing resourceDirectory /data-depot/user/Workspace/Reproducibility/Reproducibility-Scanner/benchmarks/bugs-dot-jar/jackrabbit-oak/oak-sling/src/test/resources
[INFO] Copying 3 resources
[INFO] 
[INFO] --- maven-compiler-plugin:2.3.2:testCompile (default-testCompile) @ oak-sling ---
[INFO] No sources to compile
[INFO] 
[INFO] --- maven-surefire-plugin:2.9:test (default-test) @ oak-sling ---
[INFO] Tests are skipped.
[INFO] 
[INFO] --- maven-bundle-plugin:2.3.7:bundle (default-bundle) @ oak-sling ---
[INFO] 
[INFO] --- maven-site-plugin:3.0:attach-descriptor (attach-descriptor) @ oak-sling ---
[INFO] 
[INFO] --- maven-install-plugin:2.3.1:install (default-install) @ oak-sling ---
[INFO] Installing /data-depot/user/Workspace/Reproducibility/Reproducibility-Scanner/benchmarks/bugs-dot-jar/jackrabbit-oak/oak-sling/target/oak-sling-0.7-SNAPSHOT.jar to /home/user/.m2/repository/org/apache/jackrabbit/oak-sling/0.7-SNAPSHOT/oak-sling-0.7-SNAPSHOT.jar
[INFO] Installing /data-depot/user/Workspace/Reproducibility/Reproducibility-Scanner/benchmarks/bugs-dot-jar/jackrabbit-oak/oak-sling/pom.xml to /home/user/.m2/repository/org/apache/jackrabbit/oak-sling/0.7-SNAPSHOT/oak-sling-0.7-SNAPSHOT.pom
[INFO] 
[INFO] --- maven-bundle-plugin:2.3.7:install (default-install) @ oak-sling ---
[INFO] Installing org/apache/jackrabbit/oak-sling/0.7-SNAPSHOT/oak-sling-0.7-SNAPSHOT.jar
[INFO] Writing OBR metadata
[INFO] 
[INFO] -------------------< org.apache.jackrabbit:oak-http >-------------------
[INFO] Building Oak HTTP Binding 0.7-SNAPSHOT                           [11/17]
[INFO] -------------------------------[ bundle ]-------------------------------
[INFO] 
[INFO] --- maven-remote-resources-plugin:1.2.1:process (default) @ oak-http ---
[INFO] 
[INFO] --- maven-resources-plugin:2.5:resources (default-resources) @ oak-http ---
[debug] execute contextualize
[INFO] Using 'UTF-8' encoding to copy filtered resources.
[INFO] skip non existing resourceDirectory /data-depot/user/Workspace/Reproducibility/Reproducibility-Scanner/benchmarks/bugs-dot-jar/jackrabbit-oak/oak-http/src/main/resources
[INFO] Copying 3 resources
[INFO] 
[INFO] --- maven-compiler-plugin:2.3.2:compile (default-compile) @ oak-http ---
[INFO] Compiling 7 source files to /data-depot/user/Workspace/Reproducibility/Reproducibility-Scanner/benchmarks/bugs-dot-jar/jackrabbit-oak/oak-http/target/classes
[INFO] 
[INFO] --- maven-resources-plugin:2.5:testResources (default-testResources) @ oak-http ---
[debug] execute contextualize
[INFO] Using 'UTF-8' encoding to copy filtered resources.
[INFO] skip non existing resourceDirectory /data-depot/user/Workspace/Reproducibility/Reproducibility-Scanner/benchmarks/bugs-dot-jar/jackrabbit-oak/oak-http/src/test/resources
[INFO] Copying 3 resources
[INFO] 
[INFO] --- maven-compiler-plugin:2.3.2:testCompile (default-testCompile) @ oak-http ---
[INFO] Compiling 1 source file to /data-depot/user/Workspace/Reproducibility/Reproducibility-Scanner/benchmarks/bugs-dot-jar/jackrabbit-oak/oak-http/target/test-classes
[INFO] 
[INFO] --- maven-surefire-plugin:2.9:test (default-test) @ oak-http ---
[INFO] Tests are skipped.
[INFO] 
[INFO] --- maven-bundle-plugin:2.3.7:bundle (default-bundle) @ oak-http ---
[INFO] 
[INFO] --- maven-site-plugin:3.0:attach-descriptor (attach-descriptor) @ oak-http ---
[INFO] 
[INFO] --- maven-install-plugin:2.3.1:install (default-install) @ oak-http ---
[INFO] Installing /data-depot/user/Workspace/Reproducibility/Reproducibility-Scanner/benchmarks/bugs-dot-jar/jackrabbit-oak/oak-http/target/oak-http-0.7-SNAPSHOT.jar to /home/user/.m2/repository/org/apache/jackrabbit/oak-http/0.7-SNAPSHOT/oak-http-0.7-SNAPSHOT.jar
[INFO] Installing /data-depot/user/Workspace/Reproducibility/Reproducibility-Scanner/benchmarks/bugs-dot-jar/jackrabbit-oak/oak-http/pom.xml to /home/user/.m2/repository/org/apache/jackrabbit/oak-http/0.7-SNAPSHOT/oak-http-0.7-SNAPSHOT.pom
[INFO] 
[INFO] --- maven-bundle-plugin:2.3.7:install (default-install) @ oak-http ---
[INFO] Installing org/apache/jackrabbit/oak-http/0.7-SNAPSHOT/oak-http-0.7-SNAPSHOT.jar
[INFO] Writing OBR metadata
[INFO] 
[INFO] ------------------< org.apache.jackrabbit:oak-lucene >------------------
[INFO] Building Oak Lucene 0.7-SNAPSHOT                                 [12/17]
[INFO] -------------------------------[ bundle ]-------------------------------
[INFO] 
[INFO] --- maven-remote-resources-plugin:1.2.1:process (default) @ oak-lucene ---
[INFO] 
[INFO] --- maven-resources-plugin:2.5:resources (default-resources) @ oak-lucene ---
[debug] execute contextualize
[INFO] Using 'UTF-8' encoding to copy filtered resources.
[INFO] skip non existing resourceDirectory /data-depot/user/Workspace/Reproducibility/Reproducibility-Scanner/benchmarks/bugs-dot-jar/jackrabbit-oak/oak-lucene/src/main/resources
[INFO] Copying 3 resources
[INFO] 
[INFO] --- maven-compiler-plugin:2.3.2:compile (default-compile) @ oak-lucene ---
[INFO] Compiling 12 source files to /data-depot/user/Workspace/Reproducibility/Reproducibility-Scanner/benchmarks/bugs-dot-jar/jackrabbit-oak/oak-lucene/target/classes
[INFO] 
[INFO] --- maven-scr-plugin:1.9.0:scr (generate-scr-scrdescriptor) @ oak-lucene ---
[INFO] Writing 1 Service Component Descriptors to /data-depot/user/Workspace/Reproducibility/Reproducibility-Scanner/benchmarks/bugs-dot-jar/jackrabbit-oak/oak-lucene/target/scr-plugin-generated/OSGI-INF/org.apache.jackrabbit.oak.plugins.index.lucene.LuceneIndexProvider.xml
[INFO] Writing 1 Service Component Descriptors to /data-depot/user/Workspace/Reproducibility/Reproducibility-Scanner/benchmarks/bugs-dot-jar/jackrabbit-oak/oak-lucene/target/scr-plugin-generated/OSGI-INF/org.apache.jackrabbit.oak.plugins.index.lucene.LuceneIndexHookProvider.xml
[INFO] 
[INFO] --- maven-resources-plugin:2.5:testResources (default-testResources) @ oak-lucene ---
[debug] execute contextualize
[INFO] Using 'UTF-8' encoding to copy filtered resources.
[INFO] Copying 2 resources
[INFO] Copying 3 resources
[INFO] 
[INFO] --- maven-compiler-plugin:2.3.2:testCompile (default-testCompile) @ oak-lucene ---
[INFO] Compiling 5 source files to /data-depot/user/Workspace/Reproducibility/Reproducibility-Scanner/benchmarks/bugs-dot-jar/jackrabbit-oak/oak-lucene/target/test-classes
[INFO] 
[INFO] --- maven-surefire-plugin:2.9:test (default-test) @ oak-lucene ---
[INFO] Tests are skipped.
[INFO] 
[INFO] --- maven-bundle-plugin:2.3.7:bundle (default-bundle) @ oak-lucene ---
[INFO] 
[INFO] --- maven-site-plugin:3.0:attach-descriptor (attach-descriptor) @ oak-lucene ---
[INFO] 
[INFO] --- maven-install-plugin:2.3.1:install (default-install) @ oak-lucene ---
[INFO] Installing /data-depot/user/Workspace/Reproducibility/Reproducibility-Scanner/benchmarks/bugs-dot-jar/jackrabbit-oak/oak-lucene/target/oak-lucene-0.7-SNAPSHOT.jar to /home/user/.m2/repository/org/apache/jackrabbit/oak-lucene/0.7-SNAPSHOT/oak-lucene-0.7-SNAPSHOT.jar
[INFO] Installing /data-depot/user/Workspace/Reproducibility/Reproducibility-Scanner/benchmarks/bugs-dot-jar/jackrabbit-oak/oak-lucene/pom.xml to /home/user/.m2/repository/org/apache/jackrabbit/oak-lucene/0.7-SNAPSHOT/oak-lucene-0.7-SNAPSHOT.pom
[INFO] 
[INFO] --- maven-bundle-plugin:2.3.7:install (default-install) @ oak-lucene ---
[INFO] Installing org/apache/jackrabbit/oak-lucene/0.7-SNAPSHOT/oak-lucene-0.7-SNAPSHOT.jar
[INFO] Writing OBR metadata
[INFO] 
[INFO] -------------------< org.apache.jackrabbit:oak-run >--------------------
[INFO] Building Oak Runnable Jar 0.7-SNAPSHOT                           [13/17]
[INFO] --------------------------------[ jar ]---------------------------------
[INFO] 
[INFO] --- maven-remote-resources-plugin:1.2.1:process (default) @ oak-run ---
[INFO] 
[INFO] --- maven-resources-plugin:2.5:resources (default-resources) @ oak-run ---
[debug] execute contextualize
[INFO] Using 'UTF-8' encoding to copy filtered resources.
[INFO] Copying 1 resource
[INFO] Copying 3 resources
[INFO] 
[INFO] --- build-helper-maven-plugin:1.7:reserve-network-port (reserve-network-port) @ oak-run ---
[INFO] Reserved port 33085 for jetty.http.port
[INFO] 
[INFO] --- maven-compiler-plugin:2.3.2:compile (default-compile) @ oak-run ---
[INFO] Compiling 24 source files to /data-depot/user/Workspace/Reproducibility/Reproducibility-Scanner/benchmarks/bugs-dot-jar/jackrabbit-oak/oak-run/target/classes
[INFO] 
[INFO] --- maven-resources-plugin:2.5:testResources (default-testResources) @ oak-run ---
[debug] execute contextualize
[INFO] Using 'UTF-8' encoding to copy filtered resources.
[INFO] skip non existing resourceDirectory /data-depot/user/Workspace/Reproducibility/Reproducibility-Scanner/benchmarks/bugs-dot-jar/jackrabbit-oak/oak-run/src/test/resources
[INFO] Copying 3 resources
[INFO] 
[INFO] --- maven-compiler-plugin:2.3.2:testCompile (default-testCompile) @ oak-run ---
[INFO] Compiling 1 source file to /data-depot/user/Workspace/Reproducibility/Reproducibility-Scanner/benchmarks/bugs-dot-jar/jackrabbit-oak/oak-run/target/test-classes
[INFO] 
[INFO] --- maven-surefire-plugin:2.9:test (default-test) @ oak-run ---
[INFO] Tests are skipped.
[INFO] 
[INFO] --- maven-jar-plugin:2.3.1:jar (default-jar) @ oak-run ---
[INFO] Building jar: /data-depot/user/Workspace/Reproducibility/Reproducibility-Scanner/benchmarks/bugs-dot-jar/jackrabbit-oak/oak-run/target/oak-run-0.7-SNAPSHOT.jar
[INFO] 
[INFO] --- maven-site-plugin:3.0:attach-descriptor (attach-descriptor) @ oak-run ---
[INFO] 
[INFO] --- maven-shade-plugin:1.6:shade (default) @ oak-run ---
[INFO] Including org.apache.jackrabbit:oak-jcr:jar:0.7-SNAPSHOT in the shaded jar.
[INFO] Including javax.jcr:jcr:jar:2.0 in the shaded jar.
[INFO] Including org.apache.jackrabbit:oak-core:jar:0.7-SNAPSHOT in the shaded jar.
[INFO] Including org.apache.jackrabbit:oak-mk-api:jar:0.7-SNAPSHOT in the shaded jar.
[INFO] Including org.apache.jackrabbit:oak-mk-remote:jar:0.7-SNAPSHOT in the shaded jar.
[INFO] Including org.apache.jackrabbit:oak-commons:jar:0.7-SNAPSHOT in the shaded jar.
[INFO] Including com.google.code.findbugs:jsr305:jar:2.0.0 in the shaded jar.
[INFO] Including org.apache.jackrabbit:jackrabbit-api:jar:2.7-SNAPSHOT in the shaded jar.
[INFO] Including org.apache.jackrabbit:jackrabbit-jcr-commons:jar:2.7-SNAPSHOT in the shaded jar.
[INFO] Including com.google.guava:guava:jar:13.0.1 in the shaded jar.
[INFO] Including org.slf4j:slf4j-api:jar:1.6.4 in the shaded jar.
[INFO] Including org.apache.jackrabbit:oak-http:jar:0.7-SNAPSHOT in the shaded jar.
[INFO] Including org.apache.tika:tika-core:jar:1.1 in the shaded jar.
[INFO] Including com.fasterxml.jackson.core:jackson-core:jar:2.0.0 in the shaded jar.
[INFO] Including com.fasterxml.jackson.core:jackson-databind:jar:2.0.0 in the shaded jar.
[INFO] Including com.fasterxml.jackson.core:jackson-annotations:jar:2.0.0 in the shaded jar.
[INFO] Including com.fasterxml.jackson.dataformat:jackson-dataformat-smile:jar:2.0.2 in the shaded jar.
[INFO] Including org.apache.jackrabbit:oak-lucene:jar:0.7-SNAPSHOT in the shaded jar.
[INFO] Including org.apache.jackrabbit:oak-core:jar:tests:0.7-SNAPSHOT in the shaded jar.
[INFO] Including org.apache.jackrabbit:oak-mongomk:jar:0.7-SNAPSHOT in the shaded jar.
[INFO] Including org.apache.jackrabbit:oak-mk:jar:0.7-SNAPSHOT in the shaded jar.
[INFO] Including commons-codec:commons-codec:jar:1.5 in the shaded jar.
[INFO] Including org.json:json:jar:20090211 in the shaded jar.
[INFO] Including com.googlecode.json-simple:json-simple:jar:1.1 in the shaded jar.
[INFO] Including com.h2database:h2:jar:1.3.158 in the shaded jar.
[INFO] Including org.mongodb:mongo-java-driver:jar:2.7.1 in the shaded jar.
[INFO] Including org.apache.jackrabbit:jackrabbit-jcr-server:jar:2.7-SNAPSHOT in the shaded jar.
[INFO] Including org.apache.jackrabbit:jackrabbit-spi-commons:jar:2.7-SNAPSHOT in the shaded jar.
[INFO] Including org.apache.jackrabbit:jackrabbit-webdav:jar:2.7-SNAPSHOT in the shaded jar.
[INFO] Including commons-httpclient:commons-httpclient:jar:3.1 in the shaded jar.
[INFO] Including commons-fileupload:commons-fileupload:jar:1.2.1 in the shaded jar.
[INFO] Including org.apache.jackrabbit:jackrabbit-core:jar:2.7-SNAPSHOT in the shaded jar.
[INFO] Including concurrent:concurrent:jar:1.3.4 in the shaded jar.
[INFO] Including commons-collections:commons-collections:jar:3.2.1 in the shaded jar.
[INFO] Including commons-io:commons-io:jar:2.2 in the shaded jar.
[INFO] Including commons-dbcp:commons-dbcp:jar:1.3 in the shaded jar.
[INFO] Including commons-pool:commons-pool:jar:1.5.4 in the shaded jar.
[INFO] Including org.apache.jackrabbit:jackrabbit-spi:jar:2.7-SNAPSHOT in the shaded jar.
[INFO] Including org.apache.lucene:lucene-core:jar:3.6.0 in the shaded jar.
[INFO] Including org.apache.derby:derby:jar:10.5.3.0_1 in the shaded jar.
[INFO] Including org.slf4j:jcl-over-slf4j:jar:1.6.4 in the shaded jar.
[INFO] Including org.apache.commons:commons-math:jar:2.0 in the shaded jar.
[INFO] Including org.eclipse.jetty:jetty-servlet:jar:8.1.2.v20120308 in the shaded jar.
[INFO] Including org.eclipse.jetty:jetty-security:jar:8.1.2.v20120308 in the shaded jar.
[INFO] Including org.eclipse.jetty:jetty-server:jar:8.1.2.v20120308 in the shaded jar.
[INFO] Including org.eclipse.jetty.orbit:javax.servlet:jar:3.0.0.v201112011016 in the shaded jar.
[INFO] Including org.eclipse.jetty:jetty-continuation:jar:8.1.2.v20120308 in the shaded jar.
[INFO] Including org.eclipse.jetty:jetty-http:jar:8.1.2.v20120308 in the shaded jar.
[INFO] Including org.eclipse.jetty:jetty-io:jar:8.1.2.v20120308 in the shaded jar.
[INFO] Including org.eclipse.jetty:jetty-util:jar:8.1.2.v20120308 in the shaded jar.
[INFO] Including ch.qos.logback:logback-classic:jar:1.0.1 in the shaded jar.
[INFO] Including ch.qos.logback:logback-core:jar:1.0.1 in the shaded jar.
[WARNING] We have a duplicate org/apache/jackrabbit/mk/model/AbstractCommit.class in /data-depot/user/Workspace/Reproducibility/Reproducibility-Scanner/benchmarks/bugs-dot-jar/jackrabbit-oak/oak-mk/target/oak-mk-0.7-SNAPSHOT.jar
[WARNING] We have a duplicate org/apache/jackrabbit/mk/model/AbstractNode$1.class in /data-depot/user/Workspace/Reproducibility/Reproducibility-Scanner/benchmarks/bugs-dot-jar/jackrabbit-oak/oak-mk/target/oak-mk-0.7-SNAPSHOT.jar
[WARNING] We have a duplicate org/apache/jackrabbit/mk/model/AbstractNode.class in /data-depot/user/Workspace/Reproducibility/Reproducibility-Scanner/benchmarks/bugs-dot-jar/jackrabbit-oak/oak-mk/target/oak-mk-0.7-SNAPSHOT.jar
[WARNING] We have a duplicate org/apache/jackrabbit/mk/model/ChildNodeEntries.class in /data-depot/user/Workspace/Reproducibility/Reproducibility-Scanner/benchmarks/bugs-dot-jar/jackrabbit-oak/oak-mk/target/oak-mk-0.7-SNAPSHOT.jar
[WARNING] We have a duplicate org/apache/jackrabbit/mk/model/ChildNodeEntriesMap$1.class in /data-depot/user/Workspace/Reproducibility/Reproducibility-Scanner/benchmarks/bugs-dot-jar/jackrabbit-oak/oak-mk/target/oak-mk-0.7-SNAPSHOT.jar
[WARNING] We have a duplicate org/apache/jackrabbit/mk/model/ChildNodeEntriesMap$2.class in /data-depot/user/Workspace/Reproducibility/Reproducibility-Scanner/benchmarks/bugs-dot-jar/jackrabbit-oak/oak-mk/target/oak-mk-0.7-SNAPSHOT.jar
[WARNING] We have a duplicate org/apache/jackrabbit/mk/model/ChildNodeEntriesMap$3.class in /data-depot/user/Workspace/Reproducibility/Reproducibility-Scanner/benchmarks/bugs-dot-jar/jackrabbit-oak/oak-mk/target/oak-mk-0.7-SNAPSHOT.jar
[WARNING] We have a duplicate org/apache/jackrabbit/mk/model/ChildNodeEntriesMap$4.class in /data-depot/user/Workspace/Reproducibility/Reproducibility-Scanner/benchmarks/bugs-dot-jar/jackrabbit-oak/oak-mk/target/oak-mk-0.7-SNAPSHOT.jar
[WARNING] We have a duplicate org/apache/jackrabbit/mk/model/ChildNodeEntriesMap.class in /data-depot/user/Workspace/Reproducibility/Reproducibility-Scanner/benchmarks/bugs-dot-jar/jackrabbit-oak/oak-mk/target/oak-mk-0.7-SNAPSHOT.jar
[WARNING] We have a duplicate org/apache/jackrabbit/mk/model/ChildNodeEntriesTree$1.class in /data-depot/user/Workspace/Reproducibility/Reproducibility-Scanner/benchmarks/bugs-dot-jar/jackrabbit-oak/oak-mk/target/oak-mk-0.7-SNAPSHOT.jar
[WARNING] We have a duplicate org/apache/jackrabbit/mk/model/ChildNodeEntriesTree$2.class in /data-depot/user/Workspace/Reproducibility/Reproducibility-Scanner/benchmarks/bugs-dot-jar/jackrabbit-oak/oak-mk/target/oak-mk-0.7-SNAPSHOT.jar
[WARNING] We have a duplicate org/apache/jackrabbit/mk/model/ChildNodeEntriesTree$3.class in /data-depot/user/Workspace/Reproducibility/Reproducibility-Scanner/benchmarks/bugs-dot-jar/jackrabbit-oak/oak-mk/target/oak-mk-0.7-SNAPSHOT.jar
[WARNING] We have a duplicate org/apache/jackrabbit/mk/model/ChildNodeEntriesTree$4.class in /data-depot/user/Workspace/Reproducibility/Reproducibility-Scanner/benchmarks/bugs-dot-jar/jackrabbit-oak/oak-mk/target/oak-mk-0.7-SNAPSHOT.jar
[WARNING] We have a duplicate org/apache/jackrabbit/mk/model/ChildNodeEntriesTree$5.class in /data-depot/user/Workspace/Reproducibility/Reproducibility-Scanner/benchmarks/bugs-dot-jar/jackrabbit-oak/oak-mk/target/oak-mk-0.7-SNAPSHOT.jar
[WARNING] We have a duplicate org/apache/jackrabbit/mk/model/ChildNodeEntriesTree$Bucket.class in /data-depot/user/Workspace/Reproducibility/Reproducibility-Scanner/benchmarks/bugs-dot-jar/jackrabbit-oak/oak-mk/target/oak-mk-0.7-SNAPSHOT.jar
[WARNING] We have a duplicate org/apache/jackrabbit/mk/model/ChildNodeEntriesTree$BucketInfo.class in /data-depot/user/Workspace/Reproducibility/Reproducibility-Scanner/benchmarks/bugs-dot-jar/jackrabbit-oak/oak-mk/target/oak-mk-0.7-SNAPSHOT.jar
[WARNING] We have a duplicate org/apache/jackrabbit/mk/model/ChildNodeEntriesTree$IndexEntry.class in /data-depot/user/Workspace/Reproducibility/Reproducibility-Scanner/benchmarks/bugs-dot-jar/jackrabbit-oak/oak-mk/target/oak-mk-0.7-SNAPSHOT.jar
[WARNING] We have a duplicate org/apache/jackrabbit/mk/model/ChildNodeEntriesTree$NodeInfo.class in /data-depot/user/Workspace/Reproducibility/Reproducibility-Scanner/benchmarks/bugs-dot-jar/jackrabbit-oak/oak-mk/target/oak-mk-0.7-SNAPSHOT.jar
[WARNING] We have a duplicate org/apache/jackrabbit/mk/model/ChildNodeEntriesTree.class in /data-depot/user/Workspace/Reproducibility/Reproducibility-Scanner/benchmarks/bugs-dot-jar/jackrabbit-oak/oak-mk/target/oak-mk-0.7-SNAPSHOT.jar
[WARNING] We have a duplicate org/apache/jackrabbit/mk/model/ChildNodeEntry.class in /data-depot/user/Workspace/Reproducibility/Reproducibility-Scanner/benchmarks/bugs-dot-jar/jackrabbit-oak/oak-mk/target/oak-mk-0.7-SNAPSHOT.jar
[WARNING] We have a duplicate org/apache/jackrabbit/mk/model/Commit.class in /data-depot/user/Workspace/Reproducibility/Reproducibility-Scanner/benchmarks/bugs-dot-jar/jackrabbit-oak/oak-mk/target/oak-mk-0.7-SNAPSHOT.jar
[WARNING] We have a duplicate org/apache/jackrabbit/mk/model/CommitBuilder$AddNode.class in /data-depot/user/Workspace/Reproducibility/Reproducibility-Scanner/benchmarks/bugs-dot-jar/jackrabbit-oak/oak-mk/target/oak-mk-0.7-SNAPSHOT.jar
[WARNING] We have a duplicate org/apache/jackrabbit/mk/model/CommitBuilder$Change.class in /data-depot/user/Workspace/Reproducibility/Reproducibility-Scanner/benchmarks/bugs-dot-jar/jackrabbit-oak/oak-mk/target/oak-mk-0.7-SNAPSHOT.jar
[WARNING] We have a duplicate org/apache/jackrabbit/mk/model/CommitBuilder$CopyNode.class in /data-depot/user/Workspace/Reproducibility/Reproducibility-Scanner/benchmarks/bugs-dot-jar/jackrabbit-oak/oak-mk/target/oak-mk-0.7-SNAPSHOT.jar
[WARNING] We have a duplicate org/apache/jackrabbit/mk/model/CommitBuilder$MoveNode.class in /data-depot/user/Workspace/Reproducibility/Reproducibility-Scanner/benchmarks/bugs-dot-jar/jackrabbit-oak/oak-mk/target/oak-mk-0.7-SNAPSHOT.jar
[WARNING] We have a duplicate org/apache/jackrabbit/mk/model/CommitBuilder$RemoveNode.class in /data-depot/user/Workspace/Reproducibility/Reproducibility-Scanner/benchmarks/bugs-dot-jar/jackrabbit-oak/oak-mk/target/oak-mk-0.7-SNAPSHOT.jar
[WARNING] We have a duplicate org/apache/jackrabbit/mk/model/CommitBuilder$SetProperty.class in /data-depot/user/Workspace/Reproducibility/Reproducibility-Scanner/benchmarks/bugs-dot-jar/jackrabbit-oak/oak-mk/target/oak-mk-0.7-SNAPSHOT.jar
[WARNING] We have a duplicate org/apache/jackrabbit/mk/model/CommitBuilder.class in /data-depot/user/Workspace/Reproducibility/Reproducibility-Scanner/benchmarks/bugs-dot-jar/jackrabbit-oak/oak-mk/target/oak-mk-0.7-SNAPSHOT.jar
[WARNING] We have a duplicate org/apache/jackrabbit/mk/model/Id.class in /data-depot/user/Workspace/Reproducibility/Reproducibility-Scanner/benchmarks/bugs-dot-jar/jackrabbit-oak/oak-mk/target/oak-mk-0.7-SNAPSHOT.jar
[WARNING] We have a duplicate org/apache/jackrabbit/mk/model/MutableCommit.class in /data-depot/user/Workspace/Reproducibility/Reproducibility-Scanner/benchmarks/bugs-dot-jar/jackrabbit-oak/oak-mk/target/oak-mk-0.7-SNAPSHOT.jar
[WARNING] We have a duplicate org/apache/jackrabbit/mk/model/MutableNode.class in /data-depot/user/Workspace/Reproducibility/Reproducibility-Scanner/benchmarks/bugs-dot-jar/jackrabbit-oak/oak-mk/target/oak-mk-0.7-SNAPSHOT.jar
[WARNING] We have a duplicate org/apache/jackrabbit/mk/model/Node.class in /data-depot/user/Workspace/Reproducibility/Reproducibility-Scanner/benchmarks/bugs-dot-jar/jackrabbit-oak/oak-mk/target/oak-mk-0.7-SNAPSHOT.jar
[WARNING] We have a duplicate org/apache/jackrabbit/mk/model/NodeDiffHandler.class in /data-depot/user/Workspace/Reproducibility/Reproducibility-Scanner/benchmarks/bugs-dot-jar/jackrabbit-oak/oak-mk/target/oak-mk-0.7-SNAPSHOT.jar
[WARNING] We have a duplicate org/apache/jackrabbit/mk/model/StagedNodeTree$1.class in /data-depot/user/Workspace/Reproducibility/Reproducibility-Scanner/benchmarks/bugs-dot-jar/jackrabbit-oak/oak-mk/target/oak-mk-0.7-SNAPSHOT.jar
[WARNING] We have a duplicate org/apache/jackrabbit/mk/model/StagedNodeTree$StagedNode.class in /data-depot/user/Workspace/Reproducibility/Reproducibility-Scanner/benchmarks/bugs-dot-jar/jackrabbit-oak/oak-mk/target/oak-mk-0.7-SNAPSHOT.jar
[WARNING] We have a duplicate org/apache/jackrabbit/mk/model/StagedNodeTree.class in /data-depot/user/Workspace/Reproducibility/Reproducibility-Scanner/benchmarks/bugs-dot-jar/jackrabbit-oak/oak-mk/target/oak-mk-0.7-SNAPSHOT.jar
[WARNING] We have a duplicate org/apache/jackrabbit/mk/model/StoredCommit.class in /data-depot/user/Workspace/Reproducibility/Reproducibility-Scanner/benchmarks/bugs-dot-jar/jackrabbit-oak/oak-mk/target/oak-mk-0.7-SNAPSHOT.jar
[WARNING] We have a duplicate org/apache/jackrabbit/mk/model/StoredNode.class in /data-depot/user/Workspace/Reproducibility/Reproducibility-Scanner/benchmarks/bugs-dot-jar/jackrabbit-oak/oak-mk/target/oak-mk-0.7-SNAPSHOT.jar
[WARNING] We have a duplicate org/apache/jackrabbit/mk/model/tree/AbstractChildNode.class in /data-depot/user/Workspace/Reproducibility/Reproducibility-Scanner/benchmarks/bugs-dot-jar/jackrabbit-oak/oak-mk/target/oak-mk-0.7-SNAPSHOT.jar
[WARNING] We have a duplicate org/apache/jackrabbit/mk/model/tree/AbstractNodeState.class in /data-depot/user/Workspace/Reproducibility/Reproducibility-Scanner/benchmarks/bugs-dot-jar/jackrabbit-oak/oak-mk/target/oak-mk-0.7-SNAPSHOT.jar
[WARNING] We have a duplicate org/apache/jackrabbit/mk/model/tree/AbstractPropertyState.class in /data-depot/user/Workspace/Reproducibility/Reproducibility-Scanner/benchmarks/bugs-dot-jar/jackrabbit-oak/oak-mk/target/oak-mk-0.7-SNAPSHOT.jar
[WARNING] We have a duplicate org/apache/jackrabbit/mk/model/tree/ChildNode.class in /data-depot/user/Workspace/Reproducibility/Reproducibility-Scanner/benchmarks/bugs-dot-jar/jackrabbit-oak/oak-mk/target/oak-mk-0.7-SNAPSHOT.jar
[WARNING] We have a duplicate org/apache/jackrabbit/mk/model/tree/DiffBuilder$1.class in /data-depot/user/Workspace/Reproducibility/Reproducibility-Scanner/benchmarks/bugs-dot-jar/jackrabbit-oak/oak-mk/target/oak-mk-0.7-SNAPSHOT.jar
[WARNING] We have a duplicate org/apache/jackrabbit/mk/model/tree/DiffBuilder$2.class in /data-depot/user/Workspace/Reproducibility/Reproducibility-Scanner/benchmarks/bugs-dot-jar/jackrabbit-oak/oak-mk/target/oak-mk-0.7-SNAPSHOT.jar
[WARNING] We have a duplicate org/apache/jackrabbit/mk/model/tree/DiffBuilder.class in /data-depot/user/Workspace/Reproducibility/Reproducibility-Scanner/benchmarks/bugs-dot-jar/jackrabbit-oak/oak-mk/target/oak-mk-0.7-SNAPSHOT.jar
[WARNING] We have a duplicate org/apache/jackrabbit/mk/model/tree/NodeDelta$1.class in /data-depot/user/Workspace/Reproducibility/Reproducibility-Scanner/benchmarks/bugs-dot-jar/jackrabbit-oak/oak-mk/target/oak-mk-0.7-SNAPSHOT.jar
[WARNING] We have a duplicate org/apache/jackrabbit/mk/model/tree/NodeDelta$Conflict.class in /data-depot/user/Workspace/Reproducibility/Reproducibility-Scanner/benchmarks/bugs-dot-jar/jackrabbit-oak/oak-mk/target/oak-mk-0.7-SNAPSHOT.jar
[WARNING] We have a duplicate org/apache/jackrabbit/mk/model/tree/NodeDelta$ConflictType.class in /data-depot/user/Workspace/Reproducibility/Reproducibility-Scanner/benchmarks/bugs-dot-jar/jackrabbit-oak/oak-mk/target/oak-mk-0.7-SNAPSHOT.jar
[WARNING] We have a duplicate org/apache/jackrabbit/mk/model/tree/NodeDelta$DiffHandler.class in /data-depot/user/Workspace/Reproducibility/Reproducibility-Scanner/benchmarks/bugs-dot-jar/jackrabbit-oak/oak-mk/target/oak-mk-0.7-SNAPSHOT.jar
[WARNING] We have a duplicate org/apache/jackrabbit/mk/model/tree/NodeDelta.class in /data-depot/user/Workspace/Reproducibility/Reproducibility-Scanner/benchmarks/bugs-dot-jar/jackrabbit-oak/oak-mk/target/oak-mk-0.7-SNAPSHOT.jar
[WARNING] We have a duplicate org/apache/jackrabbit/mk/model/tree/NodeState.class in /data-depot/user/Workspace/Reproducibility/Reproducibility-Scanner/benchmarks/bugs-dot-jar/jackrabbit-oak/oak-mk/target/oak-mk-0.7-SNAPSHOT.jar
[WARNING] We have a duplicate org/apache/jackrabbit/mk/model/tree/NodeStateDiff.class in /data-depot/user/Workspace/Reproducibility/Reproducibility-Scanner/benchmarks/bugs-dot-jar/jackrabbit-oak/oak-mk/target/oak-mk-0.7-SNAPSHOT.jar
[WARNING] We have a duplicate org/apache/jackrabbit/mk/model/tree/NodeStore.class in /data-depot/user/Workspace/Reproducibility/Reproducibility-Scanner/benchmarks/bugs-dot-jar/jackrabbit-oak/oak-mk/target/oak-mk-0.7-SNAPSHOT.jar
[WARNING] We have a duplicate org/apache/jackrabbit/mk/model/tree/PropertyState.class in /data-depot/user/Workspace/Reproducibility/Reproducibility-Scanner/benchmarks/bugs-dot-jar/jackrabbit-oak/oak-mk/target/oak-mk-0.7-SNAPSHOT.jar
[WARNING] We have a duplicate org/apache/jackrabbit/mk/model/tree/TraversingNodeDiffHandler.class in /data-depot/user/Workspace/Reproducibility/Reproducibility-Scanner/benchmarks/bugs-dot-jar/jackrabbit-oak/oak-mk/target/oak-mk-0.7-SNAPSHOT.jar
[WARNING] We have a duplicate org/apache/jackrabbit/mk/persistence/GCPersistence.class in /data-depot/user/Workspace/Reproducibility/Reproducibility-Scanner/benchmarks/bugs-dot-jar/jackrabbit-oak/oak-mk/target/oak-mk-0.7-SNAPSHOT.jar
[WARNING] We have a duplicate org/apache/jackrabbit/mk/persistence/H2Persistence.class in /data-depot/user/Workspace/Reproducibility/Reproducibility-Scanner/benchmarks/bugs-dot-jar/jackrabbit-oak/oak-mk/target/oak-mk-0.7-SNAPSHOT.jar
[WARNING] We have a duplicate org/apache/jackrabbit/mk/persistence/InMemPersistence.class in /data-depot/user/Workspace/Reproducibility/Reproducibility-Scanner/benchmarks/bugs-dot-jar/jackrabbit-oak/oak-mk/target/oak-mk-0.7-SNAPSHOT.jar
[WARNING] We have a duplicate org/apache/jackrabbit/mk/persistence/Persistence.class in /data-depot/user/Workspace/Reproducibility/Reproducibility-Scanner/benchmarks/bugs-dot-jar/jackrabbit-oak/oak-mk/target/oak-mk-0.7-SNAPSHOT.jar
[WARNING] We have a duplicate org/apache/jackrabbit/mk/store/AbstractRevisionStore.class in /data-depot/user/Workspace/Reproducibility/Reproducibility-Scanner/benchmarks/bugs-dot-jar/jackrabbit-oak/oak-mk/target/oak-mk-0.7-SNAPSHOT.jar
[WARNING] We have a duplicate org/apache/jackrabbit/mk/store/BinaryBinding$1.class in /data-depot/user/Workspace/Reproducibility/Reproducibility-Scanner/benchmarks/bugs-dot-jar/jackrabbit-oak/oak-mk/target/oak-mk-0.7-SNAPSHOT.jar
[WARNING] We have a duplicate org/apache/jackrabbit/mk/store/BinaryBinding$2.class in /data-depot/user/Workspace/Reproducibility/Reproducibility-Scanner/benchmarks/bugs-dot-jar/jackrabbit-oak/oak-mk/target/oak-mk-0.7-SNAPSHOT.jar
[WARNING] We have a duplicate org/apache/jackrabbit/mk/store/BinaryBinding.class in /data-depot/user/Workspace/Reproducibility/Reproducibility-Scanner/benchmarks/bugs-dot-jar/jackrabbit-oak/oak-mk/target/oak-mk-0.7-SNAPSHOT.jar
[WARNING] We have a duplicate org/apache/jackrabbit/mk/store/Binding$BytesEntry.class in /data-depot/user/Workspace/Reproducibility/Reproducibility-Scanner/benchmarks/bugs-dot-jar/jackrabbit-oak/oak-mk/target/oak-mk-0.7-SNAPSHOT.jar
[WARNING] We have a duplicate org/apache/jackrabbit/mk/store/Binding$BytesEntryIterator.class in /data-depot/user/Workspace/Reproducibility/Reproducibility-Scanner/benchmarks/bugs-dot-jar/jackrabbit-oak/oak-mk/target/oak-mk-0.7-SNAPSHOT.jar
[WARNING] We have a duplicate org/apache/jackrabbit/mk/store/Binding$Entry.class in /data-depot/user/Workspace/Reproducibility/Reproducibility-Scanner/benchmarks/bugs-dot-jar/jackrabbit-oak/oak-mk/target/oak-mk-0.7-SNAPSHOT.jar
[WARNING] We have a duplicate org/apache/jackrabbit/mk/store/Binding$StringEntry.class in /data-depot/user/Workspace/Reproducibility/Reproducibility-Scanner/benchmarks/bugs-dot-jar/jackrabbit-oak/oak-mk/target/oak-mk-0.7-SNAPSHOT.jar
[WARNING] We have a duplicate org/apache/jackrabbit/mk/store/Binding$StringEntryIterator.class in /data-depot/user/Workspace/Reproducibility/Reproducibility-Scanner/benchmarks/bugs-dot-jar/jackrabbit-oak/oak-mk/target/oak-mk-0.7-SNAPSHOT.jar
[WARNING] We have a duplicate org/apache/jackrabbit/mk/store/Binding.class in /data-depot/user/Workspace/Reproducibility/Reproducibility-Scanner/benchmarks/bugs-dot-jar/jackrabbit-oak/oak-mk/target/oak-mk-0.7-SNAPSHOT.jar
[WARNING] We have a duplicate org/apache/jackrabbit/mk/store/CacheObject.class in /data-depot/user/Workspace/Reproducibility/Reproducibility-Scanner/benchmarks/bugs-dot-jar/jackrabbit-oak/oak-mk/target/oak-mk-0.7-SNAPSHOT.jar
[WARNING] We have a duplicate org/apache/jackrabbit/mk/store/DefaultRevisionStore$1.class in /data-depot/user/Workspace/Reproducibility/Reproducibility-Scanner/benchmarks/bugs-dot-jar/jackrabbit-oak/oak-mk/target/oak-mk-0.7-SNAPSHOT.jar
[WARNING] We have a duplicate org/apache/jackrabbit/mk/store/DefaultRevisionStore$2.class in /data-depot/user/Workspace/Reproducibility/Reproducibility-Scanner/benchmarks/bugs-dot-jar/jackrabbit-oak/oak-mk/target/oak-mk-0.7-SNAPSHOT.jar
[WARNING] We have a duplicate org/apache/jackrabbit/mk/store/DefaultRevisionStore$3.class in /data-depot/user/Workspace/Reproducibility/Reproducibility-Scanner/benchmarks/bugs-dot-jar/jackrabbit-oak/oak-mk/target/oak-mk-0.7-SNAPSHOT.jar
[WARNING] We have a duplicate org/apache/jackrabbit/mk/store/DefaultRevisionStore$4.class in /data-depot/user/Workspace/Reproducibility/Reproducibility-Scanner/benchmarks/bugs-dot-jar/jackrabbit-oak/oak-mk/target/oak-mk-0.7-SNAPSHOT.jar
[WARNING] We have a duplicate org/apache/jackrabbit/mk/store/DefaultRevisionStore$5.class in /data-depot/user/Workspace/Reproducibility/Reproducibility-Scanner/benchmarks/bugs-dot-jar/jackrabbit-oak/oak-mk/target/oak-mk-0.7-SNAPSHOT.jar
[WARNING] We have a duplicate org/apache/jackrabbit/mk/store/DefaultRevisionStore$6.class in /data-depot/user/Workspace/Reproducibility/Reproducibility-Scanner/benchmarks/bugs-dot-jar/jackrabbit-oak/oak-mk/target/oak-mk-0.7-SNAPSHOT.jar
[WARNING] We have a duplicate org/apache/jackrabbit/mk/store/DefaultRevisionStore$7.class in /data-depot/user/Workspace/Reproducibility/Reproducibility-Scanner/benchmarks/bugs-dot-jar/jackrabbit-oak/oak-mk/target/oak-mk-0.7-SNAPSHOT.jar
[WARNING] We have a duplicate org/apache/jackrabbit/mk/store/DefaultRevisionStore$PutTokenImpl.class in /data-depot/user/Workspace/Reproducibility/Reproducibility-Scanner/benchmarks/bugs-dot-jar/jackrabbit-oak/oak-mk/target/oak-mk-0.7-SNAPSHOT.jar
[WARNING] We have a duplicate org/apache/jackrabbit/mk/store/DefaultRevisionStore.class in /data-depot/user/Workspace/Reproducibility/Reproducibility-Scanner/benchmarks/bugs-dot-jar/jackrabbit-oak/oak-mk/target/oak-mk-0.7-SNAPSHOT.jar
[WARNING] We have a duplicate org/apache/jackrabbit/mk/store/IdFactory$1.class in /data-depot/user/Workspace/Reproducibility/Reproducibility-Scanner/benchmarks/bugs-dot-jar/jackrabbit-oak/oak-mk/target/oak-mk-0.7-SNAPSHOT.jar
[WARNING] We have a duplicate org/apache/jackrabbit/mk/store/IdFactory.class in /data-depot/user/Workspace/Reproducibility/Reproducibility-Scanner/benchmarks/bugs-dot-jar/jackrabbit-oak/oak-mk/target/oak-mk-0.7-SNAPSHOT.jar
[WARNING] We have a duplicate org/apache/jackrabbit/mk/store/NotFoundException.class in /data-depot/user/Workspace/Reproducibility/Reproducibility-Scanner/benchmarks/bugs-dot-jar/jackrabbit-oak/oak-mk/target/oak-mk-0.7-SNAPSHOT.jar
[WARNING] We have a duplicate org/apache/jackrabbit/mk/store/PersistHook.class in /data-depot/user/Workspace/Reproducibility/Reproducibility-Scanner/benchmarks/bugs-dot-jar/jackrabbit-oak/oak-mk/target/oak-mk-0.7-SNAPSHOT.jar
[WARNING] We have a duplicate org/apache/jackrabbit/mk/store/RevisionProvider.class in /data-depot/user/Workspace/Reproducibility/Reproducibility-Scanner/benchmarks/bugs-dot-jar/jackrabbit-oak/oak-mk/target/oak-mk-0.7-SNAPSHOT.jar
[WARNING] We have a duplicate org/apache/jackrabbit/mk/store/RevisionStore$PutToken.class in /data-depot/user/Workspace/Reproducibility/Reproducibility-Scanner/benchmarks/bugs-dot-jar/jackrabbit-oak/oak-mk/target/oak-mk-0.7-SNAPSHOT.jar
[WARNING] We have a duplicate org/apache/jackrabbit/mk/store/RevisionStore.class in /data-depot/user/Workspace/Reproducibility/Reproducibility-Scanner/benchmarks/bugs-dot-jar/jackrabbit-oak/oak-mk/target/oak-mk-0.7-SNAPSHOT.jar
[WARNING] We have a duplicate org/apache/jackrabbit/mk/store/StoredNodeAsState$1$1.class in /data-depot/user/Workspace/Reproducibility/Reproducibility-Scanner/benchmarks/bugs-dot-jar/jackrabbit-oak/oak-mk/target/oak-mk-0.7-SNAPSHOT.jar
[WARNING] We have a duplicate org/apache/jackrabbit/mk/store/StoredNodeAsState$1.class in /data-depot/user/Workspace/Reproducibility/Reproducibility-Scanner/benchmarks/bugs-dot-jar/jackrabbit-oak/oak-mk/target/oak-mk-0.7-SNAPSHOT.jar
[WARNING] We have a duplicate org/apache/jackrabbit/mk/store/StoredNodeAsState$2$1.class in /data-depot/user/Workspace/Reproducibility/Reproducibility-Scanner/benchmarks/bugs-dot-jar/jackrabbit-oak/oak-mk/target/oak-mk-0.7-SNAPSHOT.jar
[WARNING] We have a duplicate org/apache/jackrabbit/mk/store/StoredNodeAsState$2.class in /data-depot/user/Workspace/Reproducibility/Reproducibility-Scanner/benchmarks/bugs-dot-jar/jackrabbit-oak/oak-mk/target/oak-mk-0.7-SNAPSHOT.jar
[WARNING] We have a duplicate org/apache/jackrabbit/mk/store/StoredNodeAsState$3.class in /data-depot/user/Workspace/Reproducibility/Reproducibility-Scanner/benchmarks/bugs-dot-jar/jackrabbit-oak/oak-mk/target/oak-mk-0.7-SNAPSHOT.jar
[WARNING] We have a duplicate org/apache/jackrabbit/mk/store/StoredNodeAsState$SimplePropertyState.class in /data-depot/user/Workspace/Reproducibility/Reproducibility-Scanner/benchmarks/bugs-dot-jar/jackrabbit-oak/oak-mk/target/oak-mk-0.7-SNAPSHOT.jar
[WARNING] We have a duplicate org/apache/jackrabbit/mk/store/StoredNodeAsState.class in /data-depot/user/Workspace/Reproducibility/Reproducibility-Scanner/benchmarks/bugs-dot-jar/jackrabbit-oak/oak-mk/target/oak-mk-0.7-SNAPSHOT.jar
[WARNING] We have a duplicate org/apache/lucene/LucenePackage.class in /home/user/.m2/repository/org/apache/lucene/lucene-core/3.6.0/lucene-core-3.6.0.jar
[WARNING] We have a duplicate org/apache/lucene/analysis/Analyzer.class in /home/user/.m2/repository/org/apache/lucene/lucene-core/3.6.0/lucene-core-3.6.0.jar
[WARNING] We have a duplicate org/apache/lucene/analysis/CachingTokenFilter.class in /home/user/.m2/repository/org/apache/lucene/lucene-core/3.6.0/lucene-core-3.6.0.jar
[WARNING] We have a duplicate org/apache/lucene/analysis/CharFilter.class in /home/user/.m2/repository/org/apache/lucene/lucene-core/3.6.0/lucene-core-3.6.0.jar
[WARNING] We have a duplicate org/apache/lucene/analysis/NumericTokenStream.class in /home/user/.m2/repository/org/apache/lucene/lucene-core/3.6.0/lucene-core-3.6.0.jar
[WARNING] We have a duplicate org/apache/lucene/analysis/Token$TokenAttributeFactory.class in /home/user/.m2/repository/org/apache/lucene/lucene-core/3.6.0/lucene-core-3.6.0.jar
[WARNING] We have a duplicate org/apache/lucene/analysis/Token.class in /home/user/.m2/repository/org/apache/lucene/lucene-core/3.6.0/lucene-core-3.6.0.jar
[WARNING] We have a duplicate org/apache/lucene/analysis/TokenFilter.class in /home/user/.m2/repository/org/apache/lucene/lucene-core/3.6.0/lucene-core-3.6.0.jar
[WARNING] We have a duplicate org/apache/lucene/analysis/TokenStream.class in /home/user/.m2/repository/org/apache/lucene/lucene-core/3.6.0/lucene-core-3.6.0.jar
[WARNING] We have a duplicate org/apache/lucene/analysis/Tokenizer.class in /home/user/.m2/repository/org/apache/lucene/lucene-core/3.6.0/lucene-core-3.6.0.jar
[WARNING] We have a duplicate org/apache/lucene/analysis/standard/ClassicAnalyzer$1.class in /home/user/.m2/repository/org/apache/lucene/lucene-core/3.6.0/lucene-core-3.6.0.jar
[WARNING] We have a duplicate org/apache/lucene/analysis/standard/ClassicAnalyzer.class in /home/user/.m2/repository/org/apache/lucene/lucene-core/3.6.0/lucene-core-3.6.0.jar
[WARNING] We have a duplicate org/apache/lucene/analysis/standard/ClassicFilter.class in /home/user/.m2/repository/org/apache/lucene/lucene-core/3.6.0/lucene-core-3.6.0.jar
[WARNING] We have a duplicate org/apache/lucene/analysis/standard/ClassicTokenizer.class in /home/user/.m2/repository/org/apache/lucene/lucene-core/3.6.0/lucene-core-3.6.0.jar
[WARNING] We have a duplicate org/apache/lucene/analysis/standard/ClassicTokenizerImpl.class in /home/user/.m2/repository/org/apache/lucene/lucene-core/3.6.0/lucene-core-3.6.0.jar
[WARNING] We have a duplicate org/apache/lucene/analysis/standard/StandardAnalyzer$1.class in /home/user/.m2/repository/org/apache/lucene/lucene-core/3.6.0/lucene-core-3.6.0.jar
[WARNING] We have a duplicate org/apache/lucene/analysis/standard/StandardAnalyzer.class in /home/user/.m2/repository/org/apache/lucene/lucene-core/3.6.0/lucene-core-3.6.0.jar
[WARNING] We have a duplicate org/apache/lucene/analysis/standard/StandardFilter.class in /home/user/.m2/repository/org/apache/lucene/lucene-core/3.6.0/lucene-core-3.6.0.jar
[WARNING] We have a duplicate org/apache/lucene/analysis/standard/StandardTokenizer.class in /home/user/.m2/repository/org/apache/lucene/lucene-core/3.6.0/lucene-core-3.6.0.jar
[WARNING] We have a duplicate org/apache/lucene/analysis/standard/StandardTokenizerImpl.class in /home/user/.m2/repository/org/apache/lucene/lucene-core/3.6.0/lucene-core-3.6.0.jar
[WARNING] We have a duplicate org/apache/lucene/analysis/standard/StandardTokenizerInterface.class in /home/user/.m2/repository/org/apache/lucene/lucene-core/3.6.0/lucene-core-3.6.0.jar
[WARNING] We have a duplicate org/apache/lucene/analysis/standard/UAX29URLEmailAnalyzer$1.class in /home/user/.m2/repository/org/apache/lucene/lucene-core/3.6.0/lucene-core-3.6.0.jar
[WARNING] We have a duplicate org/apache/lucene/analysis/standard/UAX29URLEmailAnalyzer.class in /home/user/.m2/repository/org/apache/lucene/lucene-core/3.6.0/lucene-core-3.6.0.jar
[WARNING] We have a duplicate org/apache/lucene/analysis/standard/UAX29URLEmailTokenizer.class in /home/user/.m2/repository/org/apache/lucene/lucene-core/3.6.0/lucene-core-3.6.0.jar
[WARNING] We have a duplicate org/apache/lucene/analysis/standard/UAX29URLEmailTokenizerImpl.class in /home/user/.m2/repository/org/apache/lucene/lucene-core/3.6.0/lucene-core-3.6.0.jar
[WARNING] We have a duplicate org/apache/lucene/analysis/standard/std31/StandardTokenizerImpl31.class in /home/user/.m2/repository/org/apache/lucene/lucene-core/3.6.0/lucene-core-3.6.0.jar
[WARNING] We have a duplicate org/apache/lucene/analysis/standard/std31/UAX29URLEmailTokenizerImpl31.class in /home/user/.m2/repository/org/apache/lucene/lucene-core/3.6.0/lucene-core-3.6.0.jar
[WARNING] We have a duplicate org/apache/lucene/analysis/standard/std34/UAX29URLEmailTokenizerImpl34.class in /home/user/.m2/repository/org/apache/lucene/lucene-core/3.6.0/lucene-core-3.6.0.jar
[WARNING] We have a duplicate org/apache/lucene/analysis/tokenattributes/CharTermAttribute.class in /home/user/.m2/repository/org/apache/lucene/lucene-core/3.6.0/lucene-core-3.6.0.jar
[WARNING] We have a duplicate org/apache/lucene/analysis/tokenattributes/CharTermAttributeImpl.class in /home/user/.m2/repository/org/apache/lucene/lucene-core/3.6.0/lucene-core-3.6.0.jar
[WARNING] We have a duplicate org/apache/lucene/analysis/tokenattributes/FlagsAttribute.class in /home/user/.m2/repository/org/apache/lucene/lucene-core/3.6.0/lucene-core-3.6.0.jar
[WARNING] We have a duplicate org/apache/lucene/analysis/tokenattributes/FlagsAttributeImpl.class in /home/user/.m2/repository/org/apache/lucene/lucene-core/3.6.0/lucene-core-3.6.0.jar
[WARNING] We have a duplicate org/apache/lucene/analysis/tokenattributes/KeywordAttribute.class in /home/user/.m2/repository/org/apache/lucene/lucene-core/3.6.0/lucene-core-3.6.0.jar
[WARNING] We have a duplicate org/apache/lucene/analysis/tokenattributes/KeywordAttributeImpl.class in /home/user/.m2/repository/org/apache/lucene/lucene-core/3.6.0/lucene-core-3.6.0.jar
[WARNING] We have a duplicate org/apache/lucene/analysis/tokenattributes/OffsetAttribute.class in /home/user/.m2/repository/org/apache/lucene/lucene-core/3.6.0/lucene-core-3.6.0.jar
[WARNING] We have a duplicate org/apache/lucene/analysis/tokenattributes/OffsetAttributeImpl.class in /home/user/.m2/repository/org/apache/lucene/lucene-core/3.6.0/lucene-core-3.6.0.jar
[WARNING] We have a duplicate org/apache/lucene/analysis/tokenattributes/PayloadAttribute.class in /home/user/.m2/repository/org/apache/lucene/lucene-core/3.6.0/lucene-core-3.6.0.jar
[WARNING] We have a duplicate org/apache/lucene/analysis/tokenattributes/PayloadAttributeImpl.class in /home/user/.m2/repository/org/apache/lucene/lucene-core/3.6.0/lucene-core-3.6.0.jar
[WARNING] We have a duplicate org/apache/lucene/analysis/tokenattributes/PositionIncrementAttribute.class in /home/user/.m2/repository/org/apache/lucene/lucene-core/3.6.0/lucene-core-3.6.0.jar
[WARNING] We have a duplicate org/apache/lucene/analysis/tokenattributes/PositionIncrementAttributeImpl.class in /home/user/.m2/repository/org/apache/lucene/lucene-core/3.6.0/lucene-core-3.6.0.jar
[WARNING] We have a duplicate org/apache/lucene/analysis/tokenattributes/PositionLengthAttribute.class in /home/user/.m2/repository/org/apache/lucene/lucene-core/3.6.0/lucene-core-3.6.0.jar
[WARNING] We have a duplicate org/apache/lucene/analysis/tokenattributes/PositionLengthAttributeImpl.class in /home/user/.m2/repository/org/apache/lucene/lucene-core/3.6.0/lucene-core-3.6.0.jar
[WARNING] We have a duplicate org/apache/lucene/analysis/tokenattributes/TypeAttribute.class in /home/user/.m2/repository/org/apache/lucene/lucene-core/3.6.0/lucene-core-3.6.0.jar
[WARNING] We have a duplicate org/apache/lucene/analysis/tokenattributes/TypeAttributeImpl.class in /home/user/.m2/repository/org/apache/lucene/lucene-core/3.6.0/lucene-core-3.6.0.jar
[WARNING] We have a duplicate org/apache/lucene/collation/CollationKeyAnalyzer.class in /home/user/.m2/repository/org/apache/lucene/lucene-core/3.6.0/lucene-core-3.6.0.jar
[WARNING] We have a duplicate org/apache/lucene/collation/CollationKeyFilter.class in /home/user/.m2/repository/org/apache/lucene/lucene-core/3.6.0/lucene-core-3.6.0.jar
[WARNING] We have a duplicate org/apache/lucene/document/CompressionTools.class in /home/user/.m2/repository/org/apache/lucene/lucene-core/3.6.0/lucene-core-3.6.0.jar
[WARNING] We have a duplicate org/apache/lucene/document/DateTools$1.class in /home/user/.m2/repository/org/apache/lucene/lucene-core/3.6.0/lucene-core-3.6.0.jar
[WARNING] We have a duplicate org/apache/lucene/document/DateTools$2.class in /home/user/.m2/repository/org/apache/lucene/lucene-core/3.6.0/lucene-core-3.6.0.jar
[WARNING] We have a duplicate org/apache/lucene/document/DateTools$3.class in /home/user/.m2/repository/org/apache/lucene/lucene-core/3.6.0/lucene-core-3.6.0.jar
[WARNING] We have a duplicate org/apache/lucene/document/DateTools$Resolution.class in /home/user/.m2/repository/org/apache/lucene/lucene-core/3.6.0/lucene-core-3.6.0.jar
[WARNING] We have a duplicate org/apache/lucene/document/DateTools.class in /home/user/.m2/repository/org/apache/lucene/lucene-core/3.6.0/lucene-core-3.6.0.jar
[WARNING] We have a duplicate org/apache/lucene/document/Document.class in /home/user/.m2/repository/org/apache/lucene/lucene-core/3.6.0/lucene-core-3.6.0.jar
[WARNING] We have a duplicate org/apache/lucene/document/Field$1.class in /home/user/.m2/repository/org/apache/lucene/lucene-core/3.6.0/lucene-core-3.6.0.jar
[WARNING] We have a duplicate org/apache/lucene/document/Field$Index$1.class in /home/user/.m2/repository/org/apache/lucene/lucene-core/3.6.0/lucene-core-3.6.0.jar
[WARNING] We have a duplicate org/apache/lucene/document/Field$Index$2.class in /home/user/.m2/repository/org/apache/lucene/lucene-core/3.6.0/lucene-core-3.6.0.jar
[WARNING] We have a duplicate org/apache/lucene/document/Field$Index$3.class in /home/user/.m2/repository/org/apache/lucene/lucene-core/3.6.0/lucene-core-3.6.0.jar
[WARNING] We have a duplicate org/apache/lucene/document/Field$Index$4.class in /home/user/.m2/repository/org/apache/lucene/lucene-core/3.6.0/lucene-core-3.6.0.jar
[WARNING] We have a duplicate org/apache/lucene/document/Field$Index$5.class in /home/user/.m2/repository/org/apache/lucene/lucene-core/3.6.0/lucene-core-3.6.0.jar
[WARNING] We have a duplicate org/apache/lucene/document/Field$Index.class in /home/user/.m2/repository/org/apache/lucene/lucene-core/3.6.0/lucene-core-3.6.0.jar
[WARNING] We have a duplicate org/apache/lucene/document/Field$Store.class in /home/user/.m2/repository/org/apache/lucene/lucene-core/3.6.0/lucene-core-3.6.0.jar
[WARNING] We have a duplicate org/apache/lucene/document/Field$TermVector$1.class in /home/user/.m2/repository/org/apache/lucene/lucene-core/3.6.0/lucene-core-3.6.0.jar
[WARNING] We have a duplicate org/apache/lucene/document/Field$TermVector$2.class in /home/user/.m2/repository/org/apache/lucene/lucene-core/3.6.0/lucene-core-3.6.0.jar
[WARNING] We have a duplicate org/apache/lucene/document/Field$TermVector$3.class in /home/user/.m2/repository/org/apache/lucene/lucene-core/3.6.0/lucene-core-3.6.0.jar
[WARNING] We have a duplicate org/apache/lucene/document/Field$TermVector$4.class in /home/user/.m2/repository/org/apache/lucene/lucene-core/3.6.0/lucene-core-3.6.0.jar
[WARNING] We have a duplicate org/apache/lucene/document/Field$TermVector$5.class in /home/user/.m2/repository/org/apache/lucene/lucene-core/3.6.0/lucene-core-3.6.0.jar
[WARNING] We have a duplicate org/apache/lucene/document/Field$TermVector.class in /home/user/.m2/repository/org/apache/lucene/lucene-core/3.6.0/lucene-core-3.6.0.jar
[WARNING] We have a duplicate org/apache/lucene/document/Field.class in /home/user/.m2/repository/org/apache/lucene/lucene-core/3.6.0/lucene-core-3.6.0.jar
[WARNING] We have a duplicate org/apache/lucene/index/BufferedDeletes.class in /home/user/.m2/repository/org/apache/lucene/lucene-core/3.6.0/lucene-core-3.6.0.jar
[WARNING] We have a duplicate org/apache/lucene/index/BufferedDeletesStream$1.class in /home/user/.m2/repository/org/apache/lucene/lucene-core/3.6.0/lucene-core-3.6.0.jar
[WARNING] We have a duplicate org/apache/lucene/index/BufferedDeletesStream$ApplyDeletesResult.class in /home/user/.m2/repository/org/apache/lucene/lucene-core/3.6.0/lucene-core-3.6.0.jar
[WARNING] We have a duplicate org/apache/lucene/index/BufferedDeletesStream$QueryAndLimit.class in /home/user/.m2/repository/org/apache/lucene/lucene-core/3.6.0/lucene-core-3.6.0.jar
[WARNING] We have a duplicate org/apache/lucene/index/BufferedDeletesStream.class in /home/user/.m2/repository/org/apache/lucene/lucene-core/3.6.0/lucene-core-3.6.0.jar
[WARNING] We have a duplicate org/apache/lucene/index/ByteSliceReader.class in /home/user/.m2/repository/org/apache/lucene/lucene-core/3.6.0/lucene-core-3.6.0.jar
[WARNING] We have a duplicate org/apache/lucene/index/ByteSliceWriter.class in /home/user/.m2/repository/org/apache/lucene/lucene-core/3.6.0/lucene-core-3.6.0.jar
[WARNING] We have a duplicate org/apache/lucene/index/CheckIndex$Status$FieldNormStatus.class in /home/user/.m2/repository/org/apache/lucene/lucene-core/3.6.0/lucene-core-3.6.0.jar
[WARNING] We have a duplicate org/apache/lucene/index/CheckIndex$Status$SegmentInfoStatus.class in /home/user/.m2/repository/org/apache/lucene/lucene-core/3.6.0/lucene-core-3.6.0.jar
[WARNING] We have a duplicate org/apache/lucene/index/CheckIndex$Status$StoredFieldStatus.class in /home/user/.m2/repository/org/apache/lucene/lucene-core/3.6.0/lucene-core-3.6.0.jar
[WARNING] We have a duplicate org/apache/lucene/index/CheckIndex$Status$TermIndexStatus.class in /home/user/.m2/repository/org/apache/lucene/lucene-core/3.6.0/lucene-core-3.6.0.jar
[WARNING] We have a duplicate org/apache/lucene/index/CheckIndex$Status$TermVectorStatus.class in /home/user/.m2/repository/org/apache/lucene/lucene-core/3.6.0/lucene-core-3.6.0.jar
[WARNING] We have a duplicate org/apache/lucene/index/CheckIndex$Status.class in /home/user/.m2/repository/org/apache/lucene/lucene-core/3.6.0/lucene-core-3.6.0.jar
[WARNING] We have a duplicate org/apache/lucene/index/CheckIndex.class in /home/user/.m2/repository/org/apache/lucene/lucene-core/3.6.0/lucene-core-3.6.0.jar
[WARNING] We have a duplicate org/apache/lucene/index/CoalescedDeletes$1.class in /home/user/.m2/repository/org/apache/lucene/lucene-core/3.6.0/lucene-core-3.6.0.jar
[WARNING] We have a duplicate org/apache/lucene/index/CoalescedDeletes$2$1.class in /home/user/.m2/repository/org/apache/lucene/lucene-core/3.6.0/lucene-core-3.6.0.jar
[WARNING] We have a duplicate org/apache/lucene/index/CoalescedDeletes$2.class in /home/user/.m2/repository/org/apache/lucene/lucene-core/3.6.0/lucene-core-3.6.0.jar
[WARNING] We have a duplicate org/apache/lucene/index/CoalescedDeletes.class in /home/user/.m2/repository/org/apache/lucene/lucene-core/3.6.0/lucene-core-3.6.0.jar
[WARNING] We have a duplicate org/apache/lucene/index/ConcurrentMergeScheduler$1.class in /home/user/.m2/repository/org/apache/lucene/lucene-core/3.6.0/lucene-core-3.6.0.jar
[WARNING] We have a duplicate org/apache/lucene/index/ConcurrentMergeScheduler$MergeThread.class in /home/user/.m2/repository/org/apache/lucene/lucene-core/3.6.0/lucene-core-3.6.0.jar
[WARNING] We have a duplicate org/apache/lucene/index/ConcurrentMergeScheduler.class in /home/user/.m2/repository/org/apache/lucene/lucene-core/3.6.0/lucene-core-3.6.0.jar
[WARNING] We have a duplicate org/apache/lucene/index/CorruptIndexException.class in /home/user/.m2/repository/org/apache/lucene/lucene-core/3.6.0/lucene-core-3.6.0.jar
[WARNING] We have a duplicate org/apache/lucene/index/DirectoryReader.class in /home/user/.m2/repository/org/apache/lucene/lucene-core/3.6.0/lucene-core-3.6.0.jar
[WARNING] We have a duplicate org/apache/lucene/index/DocConsumer.class in /home/user/.m2/repository/org/apache/lucene/lucene-core/3.6.0/lucene-core-3.6.0.jar
[WARNING] We have a duplicate org/apache/lucene/index/DocFieldConsumer.class in /home/user/.m2/repository/org/apache/lucene/lucene-core/3.6.0/lucene-core-3.6.0.jar
[WARNING] We have a duplicate org/apache/lucene/index/DocFieldConsumerPerField.class in /home/user/.m2/repository/org/apache/lucene/lucene-core/3.6.0/lucene-core-3.6.0.jar
[WARNING] We have a duplicate org/apache/lucene/index/DocFieldProcessor.class in /home/user/.m2/repository/org/apache/lucene/lucene-core/3.6.0/lucene-core-3.6.0.jar
[WARNING] We have a duplicate org/apache/lucene/index/DocFieldProcessorPerField.class in /home/user/.m2/repository/org/apache/lucene/lucene-core/3.6.0/lucene-core-3.6.0.jar
[WARNING] We have a duplicate org/apache/lucene/index/DocInverter.class in /home/user/.m2/repository/org/apache/lucene/lucene-core/3.6.0/lucene-core-3.6.0.jar
[WARNING] We have a duplicate org/apache/lucene/index/DocInverterPerField.class in /home/user/.m2/repository/org/apache/lucene/lucene-core/3.6.0/lucene-core-3.6.0.jar
[WARNING] We have a duplicate org/apache/lucene/index/DocumentsWriter.class in /home/user/.m2/repository/org/apache/lucene/lucene-core/3.6.0/lucene-core-3.6.0.jar
[WARNING] We have a duplicate org/apache/lucene/index/FieldInfo$IndexOptions.class in /home/user/.m2/repository/org/apache/lucene/lucene-core/3.6.0/lucene-core-3.6.0.jar
[WARNING] We have a duplicate org/apache/lucene/index/FieldInfo.class in /home/user/.m2/repository/org/apache/lucene/lucene-core/3.6.0/lucene-core-3.6.0.jar
[WARNING] We have a duplicate org/apache/lucene/index/FieldInfos.class in /home/user/.m2/repository/org/apache/lucene/lucene-core/3.6.0/lucene-core-3.6.0.jar
[WARNING] We have a duplicate org/apache/lucene/index/FieldInvertState.class in /home/user/.m2/repository/org/apache/lucene/lucene-core/3.6.0/lucene-core-3.6.0.jar
[WARNING] We have a duplicate org/apache/lucene/index/FreqProxTermsWriter.class in /home/user/.m2/repository/org/apache/lucene/lucene-core/3.6.0/lucene-core-3.6.0.jar
[WARNING] We have a duplicate org/apache/lucene/index/FreqProxTermsWriterPerField$FreqProxPostingsArray.class in /home/user/.m2/repository/org/apache/lucene/lucene-core/3.6.0/lucene-core-3.6.0.jar
[WARNING] We have a duplicate org/apache/lucene/index/FreqProxTermsWriterPerField.class in /home/user/.m2/repository/org/apache/lucene/lucene-core/3.6.0/lucene-core-3.6.0.jar
[WARNING] We have a duplicate org/apache/lucene/index/FrozenBufferedDeletes$1.class in /home/user/.m2/repository/org/apache/lucene/lucene-core/3.6.0/lucene-core-3.6.0.jar
[WARNING] We have a duplicate org/apache/lucene/index/FrozenBufferedDeletes$2$1.class in /home/user/.m2/repository/org/apache/lucene/lucene-core/3.6.0/lucene-core-3.6.0.jar
[WARNING] We have a duplicate org/apache/lucene/index/FrozenBufferedDeletes$2.class in /home/user/.m2/repository/org/apache/lucene/lucene-core/3.6.0/lucene-core-3.6.0.jar
[WARNING] We have a duplicate org/apache/lucene/index/FrozenBufferedDeletes.class in /home/user/.m2/repository/org/apache/lucene/lucene-core/3.6.0/lucene-core-3.6.0.jar
[WARNING] We have a duplicate org/apache/lucene/index/IndexCommit.class in /home/user/.m2/repository/org/apache/lucene/lucene-core/3.6.0/lucene-core-3.6.0.jar
[WARNING] We have a duplicate org/apache/lucene/index/IndexDeletionPolicy.class in /home/user/.m2/repository/org/apache/lucene/lucene-core/3.6.0/lucene-core-3.6.0.jar
[WARNING] We have a duplicate org/apache/lucene/index/IndexFileDeleter$CommitPoint.class in /home/user/.m2/repository/org/apache/lucene/lucene-core/3.6.0/lucene-core-3.6.0.jar
[WARNING] We have a duplicate org/apache/lucene/index/IndexFileDeleter$RefCount.class in /home/user/.m2/repository/org/apache/lucene/lucene-core/3.6.0/lucene-core-3.6.0.jar
[WARNING] We have a duplicate org/apache/lucene/index/IndexFileDeleter.class in /home/user/.m2/repository/org/apache/lucene/lucene-core/3.6.0/lucene-core-3.6.0.jar
[WARNING] We have a duplicate org/apache/lucene/index/IndexFileNames.class in /home/user/.m2/repository/org/apache/lucene/lucene-core/3.6.0/lucene-core-3.6.0.jar
[WARNING] We have a duplicate org/apache/lucene/index/IndexFormatTooNewException.class in /home/user/.m2/repository/org/apache/lucene/lucene-core/3.6.0/lucene-core-3.6.0.jar
[WARNING] We have a duplicate org/apache/lucene/index/IndexFormatTooOldException.class in /home/user/.m2/repository/org/apache/lucene/lucene-core/3.6.0/lucene-core-3.6.0.jar
[WARNING] We have a duplicate org/apache/lucene/index/IndexNotFoundException.class in /home/user/.m2/repository/org/apache/lucene/lucene-core/3.6.0/lucene-core-3.6.0.jar
[WARNING] We have a duplicate org/apache/lucene/index/IndexReader$ReaderClosedListener.class in /home/user/.m2/repository/org/apache/lucene/lucene-core/3.6.0/lucene-core-3.6.0.jar
[WARNING] We have a duplicate org/apache/lucene/index/IndexReader.class in /home/user/.m2/repository/org/apache/lucene/lucene-core/3.6.0/lucene-core-3.6.0.jar
[WARNING] We have a duplicate org/apache/lucene/index/IndexUpgrader.class in /home/user/.m2/repository/org/apache/lucene/lucene-core/3.6.0/lucene-core-3.6.0.jar
[WARNING] We have a duplicate org/apache/lucene/index/IndexWriter$IndexReaderWarmer.class in /home/user/.m2/repository/org/apache/lucene/lucene-core/3.6.0/lucene-core-3.6.0.jar
[WARNING] We have a duplicate org/apache/lucene/index/IndexWriter$ReaderPool.class in /home/user/.m2/repository/org/apache/lucene/lucene-core/3.6.0/lucene-core-3.6.0.jar
[WARNING] We have a duplicate org/apache/lucene/index/IndexWriter.class in /home/user/.m2/repository/org/apache/lucene/lucene-core/3.6.0/lucene-core-3.6.0.jar
[WARNING] We have a duplicate org/apache/lucene/index/IndexWriterConfig$OpenMode.class in /home/user/.m2/repository/org/apache/lucene/lucene-core/3.6.0/lucene-core-3.6.0.jar
[WARNING] We have a duplicate org/apache/lucene/index/IndexWriterConfig.class in /home/user/.m2/repository/org/apache/lucene/lucene-core/3.6.0/lucene-core-3.6.0.jar
[WARNING] We have a duplicate org/apache/lucene/index/InvertedDocConsumer.class in /home/user/.m2/repository/org/apache/lucene/lucene-core/3.6.0/lucene-core-3.6.0.jar
[WARNING] We have a duplicate org/apache/lucene/index/InvertedDocConsumerPerField.class in /home/user/.m2/repository/org/apache/lucene/lucene-core/3.6.0/lucene-core-3.6.0.jar
[WARNING] We have a duplicate org/apache/lucene/index/InvertedDocEndConsumer.class in /home/user/.m2/repository/org/apache/lucene/lucene-core/3.6.0/lucene-core-3.6.0.jar
[WARNING] We have a duplicate org/apache/lucene/index/InvertedDocEndConsumerPerField.class in /home/user/.m2/repository/org/apache/lucene/lucene-core/3.6.0/lucene-core-3.6.0.jar
[WARNING] We have a duplicate org/apache/lucene/index/KeepOnlyLastCommitDeletionPolicy.class in /home/user/.m2/repository/org/apache/lucene/lucene-core/3.6.0/lucene-core-3.6.0.jar
[WARNING] We have a duplicate org/apache/lucene/index/LogByteSizeMergePolicy.class in /home/user/.m2/repository/org/apache/lucene/lucene-core/3.6.0/lucene-core-3.6.0.jar
[WARNING] We have a duplicate org/apache/lucene/index/LogDocMergePolicy.class in /home/user/.m2/repository/org/apache/lucene/lucene-core/3.6.0/lucene-core-3.6.0.jar
[WARNING] We have a duplicate org/apache/lucene/index/LogMergePolicy$SegmentInfoAndLevel.class in /home/user/.m2/repository/org/apache/lucene/lucene-core/3.6.0/lucene-core-3.6.0.jar
[WARNING] We have a duplicate org/apache/lucene/index/LogMergePolicy.class in /home/user/.m2/repository/org/apache/lucene/lucene-core/3.6.0/lucene-core-3.6.0.jar
[WARNING] We have a duplicate org/apache/lucene/index/MergePolicy$MergeAbortedException.class in /home/user/.m2/repository/org/apache/lucene/lucene-core/3.6.0/lucene-core-3.6.0.jar
[WARNING] We have a duplicate org/apache/lucene/index/MergePolicy$MergeException.class in /home/user/.m2/repository/org/apache/lucene/lucene-core/3.6.0/lucene-core-3.6.0.jar
[WARNING] We have a duplicate org/apache/lucene/index/MergePolicy$MergeSpecification.class in /home/user/.m2/repository/org/apache/lucene/lucene-core/3.6.0/lucene-core-3.6.0.jar
[WARNING] We have a duplicate org/apache/lucene/index/MergePolicy$OneMerge.class in /home/user/.m2/repository/org/apache/lucene/lucene-core/3.6.0/lucene-core-3.6.0.jar
[WARNING] We have a duplicate org/apache/lucene/index/MergePolicy.class in /home/user/.m2/repository/org/apache/lucene/lucene-core/3.6.0/lucene-core-3.6.0.jar
[WARNING] We have a duplicate org/apache/lucene/index/MergeScheduler.class in /home/user/.m2/repository/org/apache/lucene/lucene-core/3.6.0/lucene-core-3.6.0.jar
[WARNING] We have a duplicate org/apache/lucene/index/MultiReader.class in /home/user/.m2/repository/org/apache/lucene/lucene-core/3.6.0/lucene-core-3.6.0.jar
[WARNING] We have a duplicate org/apache/lucene/index/NoDeletionPolicy.class in /home/user/.m2/repository/org/apache/lucene/lucene-core/3.6.0/lucene-core-3.6.0.jar
[WARNING] We have a duplicate org/apache/lucene/index/NoMergePolicy.class in /home/user/.m2/repository/org/apache/lucene/lucene-core/3.6.0/lucene-core-3.6.0.jar
[WARNING] We have a duplicate org/apache/lucene/index/NoMergeScheduler.class in /home/user/.m2/repository/org/apache/lucene/lucene-core/3.6.0/lucene-core-3.6.0.jar
[WARNING] We have a duplicate org/apache/lucene/index/ParallelPostingsArray.class in /home/user/.m2/repository/org/apache/lucene/lucene-core/3.6.0/lucene-core-3.6.0.jar
[WARNING] We have a duplicate org/apache/lucene/index/PersistentSnapshotDeletionPolicy.class in /home/user/.m2/repository/org/apache/lucene/lucene-core/3.6.0/lucene-core-3.6.0.jar
[WARNING] We have a duplicate org/apache/lucene/index/PrefixCodedTerms$1.class in /home/user/.m2/repository/org/apache/lucene/lucene-core/3.6.0/lucene-core-3.6.0.jar
[WARNING] We have a duplicate org/apache/lucene/index/PrefixCodedTerms$Builder.class in /home/user/.m2/repository/org/apache/lucene/lucene-core/3.6.0/lucene-core-3.6.0.jar
[WARNING] We have a duplicate org/apache/lucene/index/PrefixCodedTerms$PrefixCodedTermsIterator.class in /home/user/.m2/repository/org/apache/lucene/lucene-core/3.6.0/lucene-core-3.6.0.jar
[WARNING] We have a duplicate org/apache/lucene/index/PrefixCodedTerms.class in /home/user/.m2/repository/org/apache/lucene/lucene-core/3.6.0/lucene-core-3.6.0.jar
[WARNING] We have a duplicate org/apache/lucene/index/SegmentCoreReaders.class in /home/user/.m2/repository/org/apache/lucene/lucene-core/3.6.0/lucene-core-3.6.0.jar
[WARNING] We have a duplicate org/apache/lucene/index/SegmentInfo.class in /home/user/.m2/repository/org/apache/lucene/lucene-core/3.6.0/lucene-core-3.6.0.jar
[WARNING] We have a duplicate org/apache/lucene/index/SegmentInfos$1.class in /home/user/.m2/repository/org/apache/lucene/lucene-core/3.6.0/lucene-core-3.6.0.jar
[WARNING] We have a duplicate org/apache/lucene/index/SegmentInfos$FindSegmentsFile.class in /home/user/.m2/repository/org/apache/lucene/lucene-core/3.6.0/lucene-core-3.6.0.jar
[WARNING] We have a duplicate org/apache/lucene/index/SegmentInfos.class in /home/user/.m2/repository/org/apache/lucene/lucene-core/3.6.0/lucene-core-3.6.0.jar
[WARNING] We have a duplicate org/apache/lucene/index/SegmentMerger.class in /home/user/.m2/repository/org/apache/lucene/lucene-core/3.6.0/lucene-core-3.6.0.jar
[WARNING] We have a duplicate org/apache/lucene/index/SegmentReader$CoreClosedListener.class in /home/user/.m2/repository/org/apache/lucene/lucene-core/3.6.0/lucene-core-3.6.0.jar
[WARNING] We have a duplicate org/apache/lucene/index/SegmentReader.class in /home/user/.m2/repository/org/apache/lucene/lucene-core/3.6.0/lucene-core-3.6.0.jar
[WARNING] We have a duplicate org/apache/lucene/index/SegmentWriteState.class in /home/user/.m2/repository/org/apache/lucene/lucene-core/3.6.0/lucene-core-3.6.0.jar
[WARNING] We have a duplicate org/apache/lucene/index/SerialMergeScheduler.class in /home/user/.m2/repository/org/apache/lucene/lucene-core/3.6.0/lucene-core-3.6.0.jar
[WARNING] We have a duplicate org/apache/lucene/index/SnapshotDeletionPolicy$SnapshotCommitPoint.class in /home/user/.m2/repository/org/apache/lucene/lucene-core/3.6.0/lucene-core-3.6.0.jar
[WARNING] We have a duplicate org/apache/lucene/index/SnapshotDeletionPolicy$SnapshotInfo.class in /home/user/.m2/repository/org/apache/lucene/lucene-core/3.6.0/lucene-core-3.6.0.jar
[WARNING] We have a duplicate org/apache/lucene/index/SnapshotDeletionPolicy.class in /home/user/.m2/repository/org/apache/lucene/lucene-core/3.6.0/lucene-core-3.6.0.jar
[WARNING] We have a duplicate org/apache/lucene/index/Term.class in /home/user/.m2/repository/org/apache/lucene/lucene-core/3.6.0/lucene-core-3.6.0.jar
[WARNING] We have a duplicate org/apache/lucene/index/TermsHash.class in /home/user/.m2/repository/org/apache/lucene/lucene-core/3.6.0/lucene-core-3.6.0.jar
[WARNING] We have a duplicate org/apache/lucene/index/TermsHashConsumer.class in /home/user/.m2/repository/org/apache/lucene/lucene-core/3.6.0/lucene-core-3.6.0.jar
[WARNING] We have a duplicate org/apache/lucene/index/TermsHashConsumerPerField.class in /home/user/.m2/repository/org/apache/lucene/lucene-core/3.6.0/lucene-core-3.6.0.jar
[WARNING] We have a duplicate org/apache/lucene/index/TermsHashPerField$1.class in /home/user/.m2/repository/org/apache/lucene/lucene-core/3.6.0/lucene-core-3.6.0.jar
[WARNING] We have a duplicate org/apache/lucene/index/TermsHashPerField.class in /home/user/.m2/repository/org/apache/lucene/lucene-core/3.6.0/lucene-core-3.6.0.jar
[WARNING] We have a duplicate org/apache/lucene/index/TieredMergePolicy$1.class in /home/user/.m2/repository/org/apache/lucene/lucene-core/3.6.0/lucene-core-3.6.0.jar
[WARNING] We have a duplicate org/apache/lucene/index/TieredMergePolicy$MergeScore.class in /home/user/.m2/repository/org/apache/lucene/lucene-core/3.6.0/lucene-core-3.6.0.jar
[WARNING] We have a duplicate org/apache/lucene/index/TieredMergePolicy$SegmentByteSizeDescending.class in /home/user/.m2/repository/org/apache/lucene/lucene-core/3.6.0/lucene-core-3.6.0.jar
[WARNING] We have a duplicate org/apache/lucene/index/TieredMergePolicy.class in /home/user/.m2/repository/org/apache/lucene/lucene-core/3.6.0/lucene-core-3.6.0.jar
[WARNING] We have a duplicate org/apache/lucene/index/UpgradeIndexMergePolicy.class in /home/user/.m2/repository/org/apache/lucene/lucene-core/3.6.0/lucene-core-3.6.0.jar
[WARNING] We have a duplicate org/apache/lucene/search/BooleanClause$1.class in /home/user/.m2/repository/org/apache/lucene/lucene-core/3.6.0/lucene-core-3.6.0.jar
[WARNING] We have a duplicate org/apache/lucene/search/BooleanClause$Occur$1.class in /home/user/.m2/repository/org/apache/lucene/lucene-core/3.6.0/lucene-core-3.6.0.jar
[WARNING] We have a duplicate org/apache/lucene/search/BooleanClause$Occur$2.class in /home/user/.m2/repository/org/apache/lucene/lucene-core/3.6.0/lucene-core-3.6.0.jar
[WARNING] We have a duplicate org/apache/lucene/search/BooleanClause$Occur$3.class in /home/user/.m2/repository/org/apache/lucene/lucene-core/3.6.0/lucene-core-3.6.0.jar
[WARNING] We have a duplicate org/apache/lucene/search/BooleanClause$Occur.class in /home/user/.m2/repository/org/apache/lucene/lucene-core/3.6.0/lucene-core-3.6.0.jar
[WARNING] We have a duplicate org/apache/lucene/search/BooleanClause.class in /home/user/.m2/repository/org/apache/lucene/lucene-core/3.6.0/lucene-core-3.6.0.jar
[WARNING] We have a duplicate org/apache/lucene/search/BooleanQuery$BooleanWeight.class in /home/user/.m2/repository/org/apache/lucene/lucene-core/3.6.0/lucene-core-3.6.0.jar
[WARNING] We have a duplicate org/apache/lucene/search/BooleanQuery$TooManyClauses.class in /home/user/.m2/repository/org/apache/lucene/lucene-core/3.6.0/lucene-core-3.6.0.jar
[WARNING] We have a duplicate org/apache/lucene/search/BooleanQuery.class in /home/user/.m2/repository/org/apache/lucene/lucene-core/3.6.0/lucene-core-3.6.0.jar
[WARNING] We have a duplicate org/apache/lucene/search/BooleanScorer$BooleanScorerCollector.class in /home/user/.m2/repository/org/apache/lucene/lucene-core/3.6.0/lucene-core-3.6.0.jar
[WARNING] We have a duplicate org/apache/lucene/search/BooleanScorer$Bucket.class in /home/user/.m2/repository/org/apache/lucene/lucene-core/3.6.0/lucene-core-3.6.0.jar
[WARNING] We have a duplicate org/apache/lucene/search/BooleanScorer$BucketScorer.class in /home/user/.m2/repository/org/apache/lucene/lucene-core/3.6.0/lucene-core-3.6.0.jar
[WARNING] We have a duplicate org/apache/lucene/search/BooleanScorer$BucketTable.class in /home/user/.m2/repository/org/apache/lucene/lucene-core/3.6.0/lucene-core-3.6.0.jar
[WARNING] We have a duplicate org/apache/lucene/search/BooleanScorer$SubScorer.class in /home/user/.m2/repository/org/apache/lucene/lucene-core/3.6.0/lucene-core-3.6.0.jar
[WARNING] We have a duplicate org/apache/lucene/search/BooleanScorer.class in /home/user/.m2/repository/org/apache/lucene/lucene-core/3.6.0/lucene-core-3.6.0.jar
[WARNING] We have a duplicate org/apache/lucene/search/BooleanScorer2$1.class in /home/user/.m2/repository/org/apache/lucene/lucene-core/3.6.0/lucene-core-3.6.0.jar
[WARNING] We have a duplicate org/apache/lucene/search/BooleanScorer2$2.class in /home/user/.m2/repository/org/apache/lucene/lucene-core/3.6.0/lucene-core-3.6.0.jar
[WARNING] We have a duplicate org/apache/lucene/search/BooleanScorer2$Coordinator.class in /home/user/.m2/repository/org/apache/lucene/lucene-core/3.6.0/lucene-core-3.6.0.jar
[WARNING] We have a duplicate org/apache/lucene/search/BooleanScorer2$SingleMatchScorer.class in /home/user/.m2/repository/org/apache/lucene/lucene-core/3.6.0/lucene-core-3.6.0.jar
[WARNING] We have a duplicate org/apache/lucene/search/BooleanScorer2.class in /home/user/.m2/repository/org/apache/lucene/lucene-core/3.6.0/lucene-core-3.6.0.jar
[WARNING] We have a duplicate org/apache/lucene/search/CachingCollector$1.class in /home/user/.m2/repository/org/apache/lucene/lucene-core/3.6.0/lucene-core-3.6.0.jar
[WARNING] We have a duplicate org/apache/lucene/search/CachingCollector$CachedScorer.class in /home/user/.m2/repository/org/apache/lucene/lucene-core/3.6.0/lucene-core-3.6.0.jar
[WARNING] We have a duplicate org/apache/lucene/search/CachingCollector$NoScoreCachingCollector.class in /home/user/.m2/repository/org/apache/lucene/lucene-core/3.6.0/lucene-core-3.6.0.jar
[WARNING] We have a duplicate org/apache/lucene/search/CachingCollector$ScoreCachingCollector.class in /home/user/.m2/repository/org/apache/lucene/lucene-core/3.6.0/lucene-core-3.6.0.jar
[WARNING] We have a duplicate org/apache/lucene/search/CachingCollector$SegStart.class in /home/user/.m2/repository/org/apache/lucene/lucene-core/3.6.0/lucene-core-3.6.0.jar
[WARNING] We have a duplicate org/apache/lucene/search/CachingCollector.class in /home/user/.m2/repository/org/apache/lucene/lucene-core/3.6.0/lucene-core-3.6.0.jar
[WARNING] We have a duplicate org/apache/lucene/search/CachingWrapperFilter.class in /home/user/.m2/repository/org/apache/lucene/lucene-core/3.6.0/lucene-core-3.6.0.jar
[WARNING] We have a duplicate org/apache/lucene/search/Collector.class in /home/user/.m2/repository/org/apache/lucene/lucene-core/3.6.0/lucene-core-3.6.0.jar
[WARNING] We have a duplicate org/apache/lucene/search/ComplexExplanation.class in /home/user/.m2/repository/org/apache/lucene/lucene-core/3.6.0/lucene-core-3.6.0.jar
[WARNING] We have a duplicate org/apache/lucene/search/ConjunctionScorer$1.class in /home/user/.m2/repository/org/apache/lucene/lucene-core/3.6.0/lucene-core-3.6.0.jar
[WARNING] We have a duplicate org/apache/lucene/search/ConjunctionScorer.class in /home/user/.m2/repository/org/apache/lucene/lucene-core/3.6.0/lucene-core-3.6.0.jar
[WARNING] We have a duplicate org/apache/lucene/search/ConstantScoreAutoRewrite$CutOffTermCollector.class in /home/user/.m2/repository/org/apache/lucene/lucene-core/3.6.0/lucene-core-3.6.0.jar
[WARNING] We have a duplicate org/apache/lucene/search/ConstantScoreAutoRewrite.class in /home/user/.m2/repository/org/apache/lucene/lucene-core/3.6.0/lucene-core-3.6.0.jar
[WARNING] We have a duplicate org/apache/lucene/search/ConstantScoreQuery$ConstantScorer$1.class in /home/user/.m2/repository/org/apache/lucene/lucene-core/3.6.0/lucene-core-3.6.0.jar
[WARNING] We have a duplicate org/apache/lucene/search/ConstantScoreQuery$ConstantScorer.class in /home/user/.m2/repository/org/apache/lucene/lucene-core/3.6.0/lucene-core-3.6.0.jar
[WARNING] We have a duplicate org/apache/lucene/search/ConstantScoreQuery$ConstantWeight.class in /home/user/.m2/repository/org/apache/lucene/lucene-core/3.6.0/lucene-core-3.6.0.jar
[WARNING] We have a duplicate org/apache/lucene/search/ConstantScoreQuery.class in /home/user/.m2/repository/org/apache/lucene/lucene-core/3.6.0/lucene-core-3.6.0.jar
[WARNING] We have a duplicate org/apache/lucene/search/DisjunctionMaxQuery$DisjunctionMaxWeight.class in /home/user/.m2/repository/org/apache/lucene/lucene-core/3.6.0/lucene-core-3.6.0.jar
[WARNING] We have a duplicate org/apache/lucene/search/DisjunctionMaxQuery.class in /home/user/.m2/repository/org/apache/lucene/lucene-core/3.6.0/lucene-core-3.6.0.jar
[WARNING] We have a duplicate org/apache/lucene/search/DisjunctionMaxScorer.class in /home/user/.m2/repository/org/apache/lucene/lucene-core/3.6.0/lucene-core-3.6.0.jar
[WARNING] We have a duplicate org/apache/lucene/search/DisjunctionSumScorer.class in /home/user/.m2/repository/org/apache/lucene/lucene-core/3.6.0/lucene-core-3.6.0.jar
[WARNING] We have a duplicate org/apache/lucene/search/DocIdSet$1$1.class in /home/user/.m2/repository/org/apache/lucene/lucene-core/3.6.0/lucene-core-3.6.0.jar
[WARNING] We have a duplicate org/apache/lucene/search/DocIdSet$1.class in /home/user/.m2/repository/org/apache/lucene/lucene-core/3.6.0/lucene-core-3.6.0.jar
[WARNING] We have a duplicate org/apache/lucene/search/DocIdSet.class in /home/user/.m2/repository/org/apache/lucene/lucene-core/3.6.0/lucene-core-3.6.0.jar
[WARNING] We have a duplicate org/apache/lucene/search/DocIdSetIterator.class in /home/user/.m2/repository/org/apache/lucene/lucene-core/3.6.0/lucene-core-3.6.0.jar
[WARNING] We have a duplicate org/apache/lucene/search/ExactPhraseScorer$ChunkState.class in /home/user/.m2/repository/org/apache/lucene/lucene-core/3.6.0/lucene-core-3.6.0.jar
[WARNING] We have a duplicate org/apache/lucene/search/ExactPhraseScorer.class in /home/user/.m2/repository/org/apache/lucene/lucene-core/3.6.0/lucene-core-3.6.0.jar
[WARNING] We have a duplicate org/apache/lucene/search/Explanation.class in /home/user/.m2/repository/org/apache/lucene/lucene-core/3.6.0/lucene-core-3.6.0.jar
[WARNING] We have a duplicate org/apache/lucene/search/FieldCache$1.class in /home/user/.m2/repository/org/apache/lucene/lucene-core/3.6.0/lucene-core-3.6.0.jar
[WARNING] We have a duplicate org/apache/lucene/search/FieldCache$10.class in /home/user/.m2/repository/org/apache/lucene/lucene-core/3.6.0/lucene-core-3.6.0.jar
[WARNING] We have a duplicate org/apache/lucene/search/FieldCache$2.class in /home/user/.m2/repository/org/apache/lucene/lucene-core/3.6.0/lucene-core-3.6.0.jar
[WARNING] We have a duplicate org/apache/lucene/search/FieldCache$3.class in /home/user/.m2/repository/org/apache/lucene/lucene-core/3.6.0/lucene-core-3.6.0.jar
[WARNING] We have a duplicate org/apache/lucene/search/FieldCache$4.class in /home/user/.m2/repository/org/apache/lucene/lucene-core/3.6.0/lucene-core-3.6.0.jar
[WARNING] We have a duplicate org/apache/lucene/search/FieldCache$5.class in /home/user/.m2/repository/org/apache/lucene/lucene-core/3.6.0/lucene-core-3.6.0.jar
[WARNING] We have a duplicate org/apache/lucene/search/FieldCache$6.class in /home/user/.m2/repository/org/apache/lucene/lucene-core/3.6.0/lucene-core-3.6.0.jar
[WARNING] We have a duplicate org/apache/lucene/search/FieldCache$7.class in /home/user/.m2/repository/org/apache/lucene/lucene-core/3.6.0/lucene-core-3.6.0.jar
[WARNING] We have a duplicate org/apache/lucene/search/FieldCache$8.class in /home/user/.m2/repository/org/apache/lucene/lucene-core/3.6.0/lucene-core-3.6.0.jar
[WARNING] We have a duplicate org/apache/lucene/search/FieldCache$9.class in /home/user/.m2/repository/org/apache/lucene/lucene-core/3.6.0/lucene-core-3.6.0.jar
[WARNING] We have a duplicate org/apache/lucene/search/FieldCache$ByteParser.class in /home/user/.m2/repository/org/apache/lucene/lucene-core/3.6.0/lucene-core-3.6.0.jar
[WARNING] We have a duplicate org/apache/lucene/search/FieldCache$CacheEntry.class in /home/user/.m2/repository/org/apache/lucene/lucene-core/3.6.0/lucene-core-3.6.0.jar
[WARNING] We have a duplicate org/apache/lucene/search/FieldCache$CreationPlaceholder.class in /home/user/.m2/repository/org/apache/lucene/lucene-core/3.6.0/lucene-core-3.6.0.jar
[WARNING] We have a duplicate org/apache/lucene/search/FieldCache$DoubleParser.class in /home/user/.m2/repository/org/apache/lucene/lucene-core/3.6.0/lucene-core-3.6.0.jar
[WARNING] We have a duplicate org/apache/lucene/search/FieldCache$FloatParser.class in /home/user/.m2/repository/org/apache/lucene/lucene-core/3.6.0/lucene-core-3.6.0.jar
[WARNING] We have a duplicate org/apache/lucene/search/FieldCache$IntParser.class in /home/user/.m2/repository/org/apache/lucene/lucene-core/3.6.0/lucene-core-3.6.0.jar
[WARNING] We have a duplicate org/apache/lucene/search/FieldCache$LongParser.class in /home/user/.m2/repository/org/apache/lucene/lucene-core/3.6.0/lucene-core-3.6.0.jar
[WARNING] We have a duplicate org/apache/lucene/search/FieldCache$Parser.class in /home/user/.m2/repository/org/apache/lucene/lucene-core/3.6.0/lucene-core-3.6.0.jar
[WARNING] We have a duplicate org/apache/lucene/search/FieldCache$ShortParser.class in /home/user/.m2/repository/org/apache/lucene/lucene-core/3.6.0/lucene-core-3.6.0.jar
[WARNING] We have a duplicate org/apache/lucene/search/FieldCache.class in /home/user/.m2/repository/org/apache/lucene/lucene-core/3.6.0/lucene-core-3.6.0.jar
[WARNING] We have a duplicate org/apache/lucene/search/FieldCacheDocIdSet$1.class in /home/user/.m2/repository/org/apache/lucene/lucene-core/3.6.0/lucene-core-3.6.0.jar
[WARNING] We have a duplicate org/apache/lucene/search/FieldCacheDocIdSet$2.class in /home/user/.m2/repository/org/apache/lucene/lucene-core/3.6.0/lucene-core-3.6.0.jar
[WARNING] We have a duplicate org/apache/lucene/search/FieldCacheDocIdSet.class in /home/user/.m2/repository/org/apache/lucene/lucene-core/3.6.0/lucene-core-3.6.0.jar
[WARNING] We have a duplicate org/apache/lucene/search/FieldCacheImpl$1.class in /home/user/.m2/repository/org/apache/lucene/lucene-core/3.6.0/lucene-core-3.6.0.jar
[WARNING] We have a duplicate org/apache/lucene/search/FieldCacheImpl$2.class in /home/user/.m2/repository/org/apache/lucene/lucene-core/3.6.0/lucene-core-3.6.0.jar
[WARNING] We have a duplicate org/apache/lucene/search/FieldCacheImpl$ByteCache.class in /home/user/.m2/repository/org/apache/lucene/lucene-core/3.6.0/lucene-core-3.6.0.jar
[WARNING] We have a duplicate org/apache/lucene/search/FieldCacheImpl$Cache.class in /home/user/.m2/repository/org/apache/lucene/lucene-core/3.6.0/lucene-core-3.6.0.jar
[WARNING] We have a duplicate org/apache/lucene/search/FieldCacheImpl$CacheEntryImpl.class in /home/user/.m2/repository/org/apache/lucene/lucene-core/3.6.0/lucene-core-3.6.0.jar
[WARNING] We have a duplicate org/apache/lucene/search/FieldCacheImpl$DocsWithFieldCache.class in /home/user/.m2/repository/org/apache/lucene/lucene-core/3.6.0/lucene-core-3.6.0.jar
[WARNING] We have a duplicate org/apache/lucene/search/FieldCacheImpl$DoubleCache.class in /home/user/.m2/repository/org/apache/lucene/lucene-core/3.6.0/lucene-core-3.6.0.jar
[WARNING] We have a duplicate org/apache/lucene/search/FieldCacheImpl$Entry.class in /home/user/.m2/repository/org/apache/lucene/lucene-core/3.6.0/lucene-core-3.6.0.jar
[WARNING] We have a duplicate org/apache/lucene/search/FieldCacheImpl$FloatCache.class in /home/user/.m2/repository/org/apache/lucene/lucene-core/3.6.0/lucene-core-3.6.0.jar
[WARNING] We have a duplicate org/apache/lucene/search/FieldCacheImpl$IntCache.class in /home/user/.m2/repository/org/apache/lucene/lucene-core/3.6.0/lucene-core-3.6.0.jar
[WARNING] We have a duplicate org/apache/lucene/search/FieldCacheImpl$LongCache.class in /home/user/.m2/repository/org/apache/lucene/lucene-core/3.6.0/lucene-core-3.6.0.jar
[WARNING] We have a duplicate org/apache/lucene/search/FieldCacheImpl$ShortCache.class in /home/user/.m2/repository/org/apache/lucene/lucene-core/3.6.0/lucene-core-3.6.0.jar
[WARNING] We have a duplicate org/apache/lucene/search/FieldCacheImpl$StopFillCacheException.class in /home/user/.m2/repository/org/apache/lucene/lucene-core/3.6.0/lucene-core-3.6.0.jar
[WARNING] We have a duplicate org/apache/lucene/search/FieldCacheImpl.class in /home/user/.m2/repository/org/apache/lucene/lucene-core/3.6.0/lucene-core-3.6.0.jar
[WARNING] We have a duplicate org/apache/lucene/search/FieldCacheRangeFilter$1$1.class in /home/user/.m2/repository/org/apache/lucene/lucene-core/3.6.0/lucene-core-3.6.0.jar
[WARNING] We have a duplicate org/apache/lucene/search/FieldCacheRangeFilter$1.class in /home/user/.m2/repository/org/apache/lucene/lucene-core/3.6.0/lucene-core-3.6.0.jar
[WARNING] We have a duplicate org/apache/lucene/search/FieldCacheRangeFilter$2$1.class in /home/user/.m2/repository/org/apache/lucene/lucene-core/3.6.0/lucene-core-3.6.0.jar
[WARNING] We have a duplicate org/apache/lucene/search/FieldCacheRangeFilter$2.class in /home/user/.m2/repository/org/apache/lucene/lucene-core/3.6.0/lucene-core-3.6.0.jar
[WARNING] We have a duplicate org/apache/lucene/search/FieldCacheRangeFilter$3$1.class in /home/user/.m2/repository/org/apache/lucene/lucene-core/3.6.0/lucene-core-3.6.0.jar
[WARNING] We have a duplicate org/apache/lucene/search/FieldCacheRangeFilter$3.class in /home/user/.m2/repository/org/apache/lucene/lucene-core/3.6.0/lucene-core-3.6.0.jar
[WARNING] We have a duplicate org/apache/lucene/search/FieldCacheRangeFilter$4$1.class in /home/user/.m2/repository/org/apache/lucene/lucene-core/3.6.0/lucene-core-3.6.0.jar
[WARNING] We have a duplicate org/apache/lucene/search/FieldCacheRangeFilter$4.class in /home/user/.m2/repository/org/apache/lucene/lucene-core/3.6.0/lucene-core-3.6.0.jar
[WARNING] We have a duplicate org/apache/lucene/search/FieldCacheRangeFilter$5$1.class in /home/user/.m2/repository/org/apache/lucene/lucene-core/3.6.0/lucene-core-3.6.0.jar
[WARNING] We have a duplicate org/apache/lucene/search/FieldCacheRangeFilter$5.class in /home/user/.m2/repository/org/apache/lucene/lucene-core/3.6.0/lucene-core-3.6.0.jar
[WARNING] We have a duplicate org/apache/lucene/search/FieldCacheRangeFilter$6$1.class in /home/user/.m2/repository/org/apache/lucene/lucene-core/3.6.0/lucene-core-3.6.0.jar
[WARNING] We have a duplicate org/apache/lucene/search/FieldCacheRangeFilter$6.class in /home/user/.m2/repository/org/apache/lucene/lucene-core/3.6.0/lucene-core-3.6.0.jar
[WARNING] We have a duplicate org/apache/lucene/search/FieldCacheRangeFilter$7$1.class in /home/user/.m2/repository/org/apache/lucene/lucene-core/3.6.0/lucene-core-3.6.0.jar
[WARNING] We have a duplicate org/apache/lucene/search/FieldCacheRangeFilter$7.class in /home/user/.m2/repository/org/apache/lucene/lucene-core/3.6.0/lucene-core-3.6.0.jar
[WARNING] We have a duplicate org/apache/lucene/search/FieldCacheRangeFilter.class in /home/user/.m2/repository/org/apache/lucene/lucene-core/3.6.0/lucene-core-3.6.0.jar
[WARNING] We have a duplicate org/apache/lucene/search/FieldCacheTermsFilter$1.class in /home/user/.m2/repository/org/apache/lucene/lucene-core/3.6.0/lucene-core-3.6.0.jar
[WARNING] We have a duplicate org/apache/lucene/search/FieldCacheTermsFilter.class in /home/user/.m2/repository/org/apache/lucene/lucene-core/3.6.0/lucene-core-3.6.0.jar
[WARNING] We have a duplicate org/apache/lucene/search/FieldComparator$ByteComparator.class in /home/user/.m2/repository/org/apache/lucene/lucene-core/3.6.0/lucene-core-3.6.0.jar
[WARNING] We have a duplicate org/apache/lucene/search/FieldComparator$DocComparator.class in /home/user/.m2/repository/org/apache/lucene/lucene-core/3.6.0/lucene-core-3.6.0.jar
[WARNING] We have a duplicate org/apache/lucene/search/FieldComparator$DoubleComparator.class in /home/user/.m2/repository/org/apache/lucene/lucene-core/3.6.0/lucene-core-3.6.0.jar
[WARNING] We have a duplicate org/apache/lucene/search/FieldComparator$FloatComparator.class in /home/user/.m2/repository/org/apache/lucene/lucene-core/3.6.0/lucene-core-3.6.0.jar
[WARNING] We have a duplicate org/apache/lucene/search/FieldComparator$IntComparator.class in /home/user/.m2/repository/org/apache/lucene/lucene-core/3.6.0/lucene-core-3.6.0.jar
[WARNING] We have a duplicate org/apache/lucene/search/FieldComparator$LongComparator.class in /home/user/.m2/repository/org/apache/lucene/lucene-core/3.6.0/lucene-core-3.6.0.jar
[WARNING] We have a duplicate org/apache/lucene/search/FieldComparator$NumericComparator.class in /home/user/.m2/repository/org/apache/lucene/lucene-core/3.6.0/lucene-core-3.6.0.jar
[WARNING] We have a duplicate org/apache/lucene/search/FieldComparator$RelevanceComparator.class in /home/user/.m2/repository/org/apache/lucene/lucene-core/3.6.0/lucene-core-3.6.0.jar
[WARNING] We have a duplicate org/apache/lucene/search/FieldComparator$ShortComparator.class in /home/user/.m2/repository/org/apache/lucene/lucene-core/3.6.0/lucene-core-3.6.0.jar
[WARNING] We have a duplicate org/apache/lucene/search/FieldComparator.class in /home/user/.m2/repository/org/apache/lucene/lucene-core/3.6.0/lucene-core-3.6.0.jar
[WARNING] We have a duplicate org/apache/lucene/search/FieldComparatorSource.class in /home/user/.m2/repository/org/apache/lucene/lucene-core/3.6.0/lucene-core-3.6.0.jar
[WARNING] We have a duplicate org/apache/lucene/search/FieldDoc.class in /home/user/.m2/repository/org/apache/lucene/lucene-core/3.6.0/lucene-core-3.6.0.jar
[WARNING] We have a duplicate org/apache/lucene/search/FieldValueFilter$1.class in /home/user/.m2/repository/org/apache/lucene/lucene-core/3.6.0/lucene-core-3.6.0.jar
[WARNING] We have a duplicate org/apache/lucene/search/FieldValueFilter$2.class in /home/user/.m2/repository/org/apache/lucene/lucene-core/3.6.0/lucene-core-3.6.0.jar
[WARNING] We have a duplicate org/apache/lucene/search/FieldValueFilter.class in /home/user/.m2/repository/org/apache/lucene/lucene-core/3.6.0/lucene-core-3.6.0.jar
[WARNING] We have a duplicate org/apache/lucene/search/FieldValueHitQueue$1.class in /home/user/.m2/repository/org/apache/lucene/lucene-core/3.6.0/lucene-core-3.6.0.jar
[WARNING] We have a duplicate org/apache/lucene/search/FieldValueHitQueue$Entry.class in /home/user/.m2/repository/org/apache/lucene/lucene-core/3.6.0/lucene-core-3.6.0.jar
[WARNING] We have a duplicate org/apache/lucene/search/FieldValueHitQueue$MultiComparatorsFieldValueHitQueue.class in /home/user/.m2/repository/org/apache/lucene/lucene-core/3.6.0/lucene-core-3.6.0.jar
[WARNING] We have a duplicate org/apache/lucene/search/FieldValueHitQueue$OneComparatorFieldValueHitQueue.class in /home/user/.m2/repository/org/apache/lucene/lucene-core/3.6.0/lucene-core-3.6.0.jar
[WARNING] We have a duplicate org/apache/lucene/search/FieldValueHitQueue.class in /home/user/.m2/repository/org/apache/lucene/lucene-core/3.6.0/lucene-core-3.6.0.jar
[WARNING] We have a duplicate org/apache/lucene/search/Filter.class in /home/user/.m2/repository/org/apache/lucene/lucene-core/3.6.0/lucene-core-3.6.0.jar
[WARNING] We have a duplicate org/apache/lucene/search/FilteredDocIdSet$1.class in /home/user/.m2/repository/org/apache/lucene/lucene-core/3.6.0/lucene-core-3.6.0.jar
[WARNING] We have a duplicate org/apache/lucene/search/FilteredDocIdSet.class in /home/user/.m2/repository/org/apache/lucene/lucene-core/3.6.0/lucene-core-3.6.0.jar
[WARNING] We have a duplicate org/apache/lucene/search/FilteredDocIdSetIterator.class in /home/user/.m2/repository/org/apache/lucene/lucene-core/3.6.0/lucene-core-3.6.0.jar
[WARNING] We have a duplicate org/apache/lucene/search/FilteredQuery$1.class in /home/user/.m2/repository/org/apache/lucene/lucene-core/3.6.0/lucene-core-3.6.0.jar
[WARNING] We have a duplicate org/apache/lucene/search/FilteredQuery.class in /home/user/.m2/repository/org/apache/lucene/lucene-core/3.6.0/lucene-core-3.6.0.jar
[WARNING] We have a duplicate org/apache/lucene/search/FuzzyQuery.class in /home/user/.m2/repository/org/apache/lucene/lucene-core/3.6.0/lucene-core-3.6.0.jar
[WARNING] We have a duplicate org/apache/lucene/search/HitQueue.class in /home/user/.m2/repository/org/apache/lucene/lucene-core/3.6.0/lucene-core-3.6.0.jar
[WARNING] We have a duplicate org/apache/lucene/search/IndexSearcher$ExecutionHelper.class in /home/user/.m2/repository/org/apache/lucene/lucene-core/3.6.0/lucene-core-3.6.0.jar
[WARNING] We have a duplicate org/apache/lucene/search/IndexSearcher.class in /home/user/.m2/repository/org/apache/lucene/lucene-core/3.6.0/lucene-core-3.6.0.jar
[WARNING] We have a duplicate org/apache/lucene/search/MatchAllDocsQuery$MatchAllDocsWeight.class in /home/user/.m2/repository/org/apache/lucene/lucene-core/3.6.0/lucene-core-3.6.0.jar
[WARNING] We have a duplicate org/apache/lucene/search/MatchAllDocsQuery$MatchAllScorer.class in /home/user/.m2/repository/org/apache/lucene/lucene-core/3.6.0/lucene-core-3.6.0.jar
[WARNING] We have a duplicate org/apache/lucene/search/MatchAllDocsQuery.class in /home/user/.m2/repository/org/apache/lucene/lucene-core/3.6.0/lucene-core-3.6.0.jar
[WARNING] We have a duplicate org/apache/lucene/search/MultiCollector.class in /home/user/.m2/repository/org/apache/lucene/lucene-core/3.6.0/lucene-core-3.6.0.jar
[WARNING] We have a duplicate org/apache/lucene/search/MultiPhraseQuery$MultiPhraseWeight.class in /home/user/.m2/repository/org/apache/lucene/lucene-core/3.6.0/lucene-core-3.6.0.jar
[WARNING] We have a duplicate org/apache/lucene/search/MultiPhraseQuery.class in /home/user/.m2/repository/org/apache/lucene/lucene-core/3.6.0/lucene-core-3.6.0.jar
[WARNING] We have a duplicate org/apache/lucene/search/MultiTermQuery$1.class in /home/user/.m2/repository/org/apache/lucene/lucene-core/3.6.0/lucene-core-3.6.0.jar
[WARNING] We have a duplicate org/apache/lucene/search/MultiTermQuery$2.class in /home/user/.m2/repository/org/apache/lucene/lucene-core/3.6.0/lucene-core-3.6.0.jar
[WARNING] We have a duplicate org/apache/lucene/search/MultiTermQuery$ConstantScoreAutoRewrite.class in /home/user/.m2/repository/org/apache/lucene/lucene-core/3.6.0/lucene-core-3.6.0.jar
[WARNING] We have a duplicate org/apache/lucene/search/MultiTermQuery$RewriteMethod.class in /home/user/.m2/repository/org/apache/lucene/lucene-core/3.6.0/lucene-core-3.6.0.jar
[WARNING] We have a duplicate org/apache/lucene/search/MultiTermQuery$TopTermsBoostOnlyBooleanQueryRewrite.class in /home/user/.m2/repository/org/apache/lucene/lucene-core/3.6.0/lucene-core-3.6.0.jar
[WARNING] We have a duplicate org/apache/lucene/search/MultiTermQuery$TopTermsScoringBooleanQueryRewrite.class in /home/user/.m2/repository/org/apache/lucene/lucene-core/3.6.0/lucene-core-3.6.0.jar
[WARNING] We have a duplicate org/apache/lucene/search/MultiTermQuery.class in /home/user/.m2/repository/org/apache/lucene/lucene-core/3.6.0/lucene-core-3.6.0.jar
[WARNING] We have a duplicate org/apache/lucene/search/MultiTermQueryWrapperFilter.class in /home/user/.m2/repository/org/apache/lucene/lucene-core/3.6.0/lucene-core-3.6.0.jar
[WARNING] We have a duplicate org/apache/lucene/search/NGramPhraseQuery.class in /home/user/.m2/repository/org/apache/lucene/lucene-core/3.6.0/lucene-core-3.6.0.jar
[WARNING] We have a duplicate org/apache/lucene/search/NRTManager$TrackingIndexWriter.class in /home/user/.m2/repository/org/apache/lucene/lucene-core/3.6.0/lucene-core-3.6.0.jar
[WARNING] We have a duplicate org/apache/lucene/search/NRTManager$WaitingListener.class in /home/user/.m2/repository/org/apache/lucene/lucene-core/3.6.0/lucene-core-3.6.0.jar
[WARNING] We have a duplicate org/apache/lucene/search/NRTManager.class in /home/user/.m2/repository/org/apache/lucene/lucene-core/3.6.0/lucene-core-3.6.0.jar
[WARNING] We have a duplicate org/apache/lucene/search/NRTManagerReopenThread.class in /home/user/.m2/repository/org/apache/lucene/lucene-core/3.6.0/lucene-core-3.6.0.jar
[WARNING] We have a duplicate org/apache/lucene/search/NumericRangeFilter.class in /home/user/.m2/repository/org/apache/lucene/lucene-core/3.6.0/lucene-core-3.6.0.jar
[WARNING] We have a duplicate org/apache/lucene/search/NumericRangeQuery$1.class in /home/user/.m2/repository/org/apache/lucene/lucene-core/3.6.0/lucene-core-3.6.0.jar
[WARNING] We have a duplicate org/apache/lucene/search/NumericRangeQuery.class in /home/user/.m2/repository/org/apache/lucene/lucene-core/3.6.0/lucene-core-3.6.0.jar
[WARNING] We have a duplicate org/apache/lucene/search/PhrasePositions.class in /home/user/.m2/repository/org/apache/lucene/lucene-core/3.6.0/lucene-core-3.6.0.jar
[WARNING] We have a duplicate org/apache/lucene/search/PhraseQuery$PhraseWeight.class in /home/user/.m2/repository/org/apache/lucene/lucene-core/3.6.0/lucene-core-3.6.0.jar
[WARNING] We have a duplicate org/apache/lucene/search/PhraseQuery$PostingsAndFreq.class in /home/user/.m2/repository/org/apache/lucene/lucene-core/3.6.0/lucene-core-3.6.0.jar
[WARNING] We have a duplicate org/apache/lucene/search/PhraseQuery.class in /home/user/.m2/repository/org/apache/lucene/lucene-core/3.6.0/lucene-core-3.6.0.jar
[WARNING] We have a duplicate org/apache/lucene/search/PhraseQueue.class in /home/user/.m2/repository/org/apache/lucene/lucene-core/3.6.0/lucene-core-3.6.0.jar
[WARNING] We have a duplicate org/apache/lucene/search/PositiveScoresOnlyCollector.class in /home/user/.m2/repository/org/apache/lucene/lucene-core/3.6.0/lucene-core-3.6.0.jar
[WARNING] We have a duplicate org/apache/lucene/search/PrefixFilter.class in /home/user/.m2/repository/org/apache/lucene/lucene-core/3.6.0/lucene-core-3.6.0.jar
[WARNING] We have a duplicate org/apache/lucene/search/PrefixQuery.class in /home/user/.m2/repository/org/apache/lucene/lucene-core/3.6.0/lucene-core-3.6.0.jar
[WARNING] We have a duplicate org/apache/lucene/search/Query.class in /home/user/.m2/repository/org/apache/lucene/lucene-core/3.6.0/lucene-core-3.6.0.jar
[WARNING] We have a duplicate org/apache/lucene/search/QueryWrapperFilter$1.class in /home/user/.m2/repository/org/apache/lucene/lucene-core/3.6.0/lucene-core-3.6.0.jar
[WARNING] We have a duplicate org/apache/lucene/search/QueryWrapperFilter.class in /home/user/.m2/repository/org/apache/lucene/lucene-core/3.6.0/lucene-core-3.6.0.jar
[WARNING] We have a duplicate org/apache/lucene/search/ReferenceManager.class in /home/user/.m2/repository/org/apache/lucene/lucene-core/3.6.0/lucene-core-3.6.0.jar
[WARNING] We have a duplicate org/apache/lucene/search/ReqExclScorer.class in /home/user/.m2/repository/org/apache/lucene/lucene-core/3.6.0/lucene-core-3.6.0.jar
[WARNING] We have a duplicate org/apache/lucene/search/ReqOptSumScorer.class in /home/user/.m2/repository/org/apache/lucene/lucene-core/3.6.0/lucene-core-3.6.0.jar
[WARNING] We have a duplicate org/apache/lucene/search/ScoreCachingWrappingScorer.class in /home/user/.m2/repository/org/apache/lucene/lucene-core/3.6.0/lucene-core-3.6.0.jar
[WARNING] We have a duplicate org/apache/lucene/search/ScoreDoc.class in /home/user/.m2/repository/org/apache/lucene/lucene-core/3.6.0/lucene-core-3.6.0.jar
[WARNING] We have a duplicate org/apache/lucene/search/Scorer.class in /home/user/.m2/repository/org/apache/lucene/lucene-core/3.6.0/lucene-core-3.6.0.jar
[WARNING] We have a duplicate org/apache/lucene/search/ScoringRewrite$1.class in /home/user/.m2/repository/org/apache/lucene/lucene-core/3.6.0/lucene-core-3.6.0.jar
[WARNING] We have a duplicate org/apache/lucene/search/ScoringRewrite$2.class in /home/user/.m2/repository/org/apache/lucene/lucene-core/3.6.0/lucene-core-3.6.0.jar
[WARNING] We have a duplicate org/apache/lucene/search/ScoringRewrite.class in /home/user/.m2/repository/org/apache/lucene/lucene-core/3.6.0/lucene-core-3.6.0.jar
[WARNING] We have a duplicate org/apache/lucene/search/SearcherFactory.class in /home/user/.m2/repository/org/apache/lucene/lucene-core/3.6.0/lucene-core-3.6.0.jar
[WARNING] We have a duplicate org/apache/lucene/search/SearcherLifetimeManager$PruneByAge.class in /home/user/.m2/repository/org/apache/lucene/lucene-core/3.6.0/lucene-core-3.6.0.jar
[WARNING] We have a duplicate org/apache/lucene/search/SearcherLifetimeManager$Pruner.class in /home/user/.m2/repository/org/apache/lucene/lucene-core/3.6.0/lucene-core-3.6.0.jar
[WARNING] We have a duplicate org/apache/lucene/search/SearcherLifetimeManager$SearcherTracker.class in /home/user/.m2/repository/org/apache/lucene/lucene-core/3.6.0/lucene-core-3.6.0.jar
[WARNING] We have a duplicate org/apache/lucene/search/SearcherLifetimeManager.class in /home/user/.m2/repository/org/apache/lucene/lucene-core/3.6.0/lucene-core-3.6.0.jar
[WARNING] We have a duplicate org/apache/lucene/search/SearcherManager.class in /home/user/.m2/repository/org/apache/lucene/lucene-core/3.6.0/lucene-core-3.6.0.jar
[WARNING] We have a duplicate org/apache/lucene/search/SloppyPhraseScorer$1.class in /home/user/.m2/repository/org/apache/lucene/lucene-core/3.6.0/lucene-core-3.6.0.jar
[WARNING] We have a duplicate org/apache/lucene/search/SloppyPhraseScorer.class in /home/user/.m2/repository/org/apache/lucene/lucene-core/3.6.0/lucene-core-3.6.0.jar
[WARNING] We have a duplicate org/apache/lucene/search/Sort.class in /home/user/.m2/repository/org/apache/lucene/lucene-core/3.6.0/lucene-core-3.6.0.jar
[WARNING] We have a duplicate org/apache/lucene/search/SortField.class in /home/user/.m2/repository/org/apache/lucene/lucene-core/3.6.0/lucene-core-3.6.0.jar
[WARNING] We have a duplicate org/apache/lucene/search/TermCollectingRewrite$TermCollector.class in /home/user/.m2/repository/org/apache/lucene/lucene-core/3.6.0/lucene-core-3.6.0.jar
[WARNING] We have a duplicate org/apache/lucene/search/TermCollectingRewrite.class in /home/user/.m2/repository/org/apache/lucene/lucene-core/3.6.0/lucene-core-3.6.0.jar
[WARNING] We have a duplicate org/apache/lucene/search/TermQuery$TermWeight.class in /home/user/.m2/repository/org/apache/lucene/lucene-core/3.6.0/lucene-core-3.6.0.jar
[WARNING] We have a duplicate org/apache/lucene/search/TermQuery.class in /home/user/.m2/repository/org/apache/lucene/lucene-core/3.6.0/lucene-core-3.6.0.jar
[WARNING] We have a duplicate org/apache/lucene/search/TermRangeFilter.class in /home/user/.m2/repository/org/apache/lucene/lucene-core/3.6.0/lucene-core-3.6.0.jar
[WARNING] We have a duplicate org/apache/lucene/search/TermRangeQuery.class in /home/user/.m2/repository/org/apache/lucene/lucene-core/3.6.0/lucene-core-3.6.0.jar
[WARNING] We have a duplicate org/apache/lucene/search/TermScorer.class in /home/user/.m2/repository/org/apache/lucene/lucene-core/3.6.0/lucene-core-3.6.0.jar
[WARNING] We have a duplicate org/apache/lucene/search/TimeLimitingCollector$1.class in /home/user/.m2/repository/org/apache/lucene/lucene-core/3.6.0/lucene-core-3.6.0.jar
[WARNING] We have a duplicate org/apache/lucene/search/TimeLimitingCollector$TimeExceededException.class in /home/user/.m2/repository/org/apache/lucene/lucene-core/3.6.0/lucene-core-3.6.0.jar
[WARNING] We have a duplicate org/apache/lucene/search/TimeLimitingCollector$TimerThread.class in /home/user/.m2/repository/org/apache/lucene/lucene-core/3.6.0/lucene-core-3.6.0.jar
[WARNING] We have a duplicate org/apache/lucene/search/TimeLimitingCollector$TimerThreadHolder.class in /home/user/.m2/repository/org/apache/lucene/lucene-core/3.6.0/lucene-core-3.6.0.jar
[WARNING] We have a duplicate org/apache/lucene/search/TimeLimitingCollector.class in /home/user/.m2/repository/org/apache/lucene/lucene-core/3.6.0/lucene-core-3.6.0.jar
[WARNING] We have a duplicate org/apache/lucene/search/TopDocs$MergeSortQueue.class in /home/user/.m2/repository/org/apache/lucene/lucene-core/3.6.0/lucene-core-3.6.0.jar
[WARNING] We have a duplicate org/apache/lucene/search/TopDocs$ScoreMergeSortQueue.class in /home/user/.m2/repository/org/apache/lucene/lucene-core/3.6.0/lucene-core-3.6.0.jar
[WARNING] We have a duplicate org/apache/lucene/search/TopDocs$ShardRef.class in /home/user/.m2/repository/org/apache/lucene/lucene-core/3.6.0/lucene-core-3.6.0.jar
[WARNING] We have a duplicate org/apache/lucene/search/TopDocs.class in /home/user/.m2/repository/org/apache/lucene/lucene-core/3.6.0/lucene-core-3.6.0.jar
[WARNING] We have a duplicate org/apache/lucene/search/TopDocsCollector.class in /home/user/.m2/repository/org/apache/lucene/lucene-core/3.6.0/lucene-core-3.6.0.jar
[WARNING] We have a duplicate org/apache/lucene/search/TopFieldCollector$1.class in /home/user/.m2/repository/org/apache/lucene/lucene-core/3.6.0/lucene-core-3.6.0.jar
[WARNING] We have a duplicate org/apache/lucene/search/TopFieldCollector$MultiComparatorNonScoringCollector.class in /home/user/.m2/repository/org/apache/lucene/lucene-core/3.6.0/lucene-core-3.6.0.jar
[WARNING] We have a duplicate org/apache/lucene/search/TopFieldCollector$MultiComparatorScoringMaxScoreCollector.class in /home/user/.m2/repository/org/apache/lucene/lucene-core/3.6.0/lucene-core-3.6.0.jar
[WARNING] We have a duplicate org/apache/lucene/search/TopFieldCollector$MultiComparatorScoringNoMaxScoreCollector.class in /home/user/.m2/repository/org/apache/lucene/lucene-core/3.6.0/lucene-core-3.6.0.jar
[WARNING] We have a duplicate org/apache/lucene/search/TopFieldCollector$OneComparatorNonScoringCollector.class in /home/user/.m2/repository/org/apache/lucene/lucene-core/3.6.0/lucene-core-3.6.0.jar
[WARNING] We have a duplicate org/apache/lucene/search/TopFieldCollector$OneComparatorScoringMaxScoreCollector.class in /home/user/.m2/repository/org/apache/lucene/lucene-core/3.6.0/lucene-core-3.6.0.jar
[WARNING] We have a duplicate org/apache/lucene/search/TopFieldCollector$OneComparatorScoringNoMaxScoreCollector.class in /home/user/.m2/repository/org/apache/lucene/lucene-core/3.6.0/lucene-core-3.6.0.jar
[WARNING] We have a duplicate org/apache/lucene/search/TopFieldCollector$OutOfOrderMultiComparatorNonScoringCollector.class in /home/user/.m2/repository/org/apache/lucene/lucene-core/3.6.0/lucene-core-3.6.0.jar
[WARNING] We have a duplicate org/apache/lucene/search/TopFieldCollector$OutOfOrderMultiComparatorScoringMaxScoreCollector.class in /home/user/.m2/repository/org/apache/lucene/lucene-core/3.6.0/lucene-core-3.6.0.jar
[WARNING] We have a duplicate org/apache/lucene/search/TopFieldCollector$OutOfOrderMultiComparatorScoringNoMaxScoreCollector.class in /home/user/.m2/repository/org/apache/lucene/lucene-core/3.6.0/lucene-core-3.6.0.jar
[WARNING] We have a duplicate org/apache/lucene/search/TopFieldCollector$OutOfOrderOneComparatorNonScoringCollector.class in /home/user/.m2/repository/org/apache/lucene/lucene-core/3.6.0/lucene-core-3.6.0.jar
[WARNING] We have a duplicate org/apache/lucene/search/TopFieldCollector$OutOfOrderOneComparatorScoringMaxScoreCollector.class in /home/user/.m2/repository/org/apache/lucene/lucene-core/3.6.0/lucene-core-3.6.0.jar
[WARNING] We have a duplicate org/apache/lucene/search/TopFieldCollector$OutOfOrderOneComparatorScoringNoMaxScoreCollector.class in /home/user/.m2/repository/org/apache/lucene/lucene-core/3.6.0/lucene-core-3.6.0.jar
[WARNING] We have a duplicate org/apache/lucene/search/TopFieldCollector.class in /home/user/.m2/repository/org/apache/lucene/lucene-core/3.6.0/lucene-core-3.6.0.jar
[WARNING] We have a duplicate org/apache/lucene/search/TopFieldDocs.class in /home/user/.m2/repository/org/apache/lucene/lucene-core/3.6.0/lucene-core-3.6.0.jar
[WARNING] We have a duplicate org/apache/lucene/search/TopScoreDocCollector$1.class in /home/user/.m2/repository/org/apache/lucene/lucene-core/3.6.0/lucene-core-3.6.0.jar
[WARNING] We have a duplicate org/apache/lucene/search/TopScoreDocCollector$InOrderPagingScoreDocCollector.class in /home/user/.m2/repository/org/apache/lucene/lucene-core/3.6.0/lucene-core-3.6.0.jar
[WARNING] We have a duplicate org/apache/lucene/search/TopScoreDocCollector$InOrderTopScoreDocCollector.class in /home/user/.m2/repository/org/apache/lucene/lucene-core/3.6.0/lucene-core-3.6.0.jar
[WARNING] We have a duplicate org/apache/lucene/search/TopScoreDocCollector$OutOfOrderPagingScoreDocCollector.class in /home/user/.m2/repository/org/apache/lucene/lucene-core/3.6.0/lucene-core-3.6.0.jar
[WARNING] We have a duplicate org/apache/lucene/search/TopScoreDocCollector$OutOfOrderTopScoreDocCollector.class in /home/user/.m2/repository/org/apache/lucene/lucene-core/3.6.0/lucene-core-3.6.0.jar
[WARNING] We have a duplicate org/apache/lucene/search/TopScoreDocCollector.class in /home/user/.m2/repository/org/apache/lucene/lucene-core/3.6.0/lucene-core-3.6.0.jar
[WARNING] We have a duplicate org/apache/lucene/search/TopTermsRewrite$1.class in /home/user/.m2/repository/org/apache/lucene/lucene-core/3.6.0/lucene-core-3.6.0.jar
[WARNING] We have a duplicate org/apache/lucene/search/TopTermsRewrite$ScoreTerm.class in /home/user/.m2/repository/org/apache/lucene/lucene-core/3.6.0/lucene-core-3.6.0.jar
[WARNING] We have a duplicate org/apache/lucene/search/TopTermsRewrite.class in /home/user/.m2/repository/org/apache/lucene/lucene-core/3.6.0/lucene-core-3.6.0.jar
[WARNING] We have a duplicate org/apache/lucene/search/TotalHitCountCollector.class in /home/user/.m2/repository/org/apache/lucene/lucene-core/3.6.0/lucene-core-3.6.0.jar
[WARNING] We have a duplicate org/apache/lucene/search/Weight.class in /home/user/.m2/repository/org/apache/lucene/lucene-core/3.6.0/lucene-core-3.6.0.jar
[WARNING] We have a duplicate org/apache/lucene/search/WildcardQuery.class in /home/user/.m2/repository/org/apache/lucene/lucene-core/3.6.0/lucene-core-3.6.0.jar
[WARNING] We have a duplicate org/apache/lucene/search/payloads/AveragePayloadFunction.class in /home/user/.m2/repository/org/apache/lucene/lucene-core/3.6.0/lucene-core-3.6.0.jar
[WARNING] We have a duplicate org/apache/lucene/search/payloads/MaxPayloadFunction.class in /home/user/.m2/repository/org/apache/lucene/lucene-core/3.6.0/lucene-core-3.6.0.jar
[WARNING] We have a duplicate org/apache/lucene/search/payloads/MinPayloadFunction.class in /home/user/.m2/repository/org/apache/lucene/lucene-core/3.6.0/lucene-core-3.6.0.jar
[WARNING] We have a duplicate org/apache/lucene/search/payloads/PayloadFunction.class in /home/user/.m2/repository/org/apache/lucene/lucene-core/3.6.0/lucene-core-3.6.0.jar
[WARNING] We have a duplicate org/apache/lucene/search/payloads/PayloadNearQuery$PayloadNearSpanScorer.class in /home/user/.m2/repository/org/apache/lucene/lucene-core/3.6.0/lucene-core-3.6.0.jar
[WARNING] We have a duplicate org/apache/lucene/search/payloads/PayloadNearQuery$PayloadNearSpanWeight.class in /home/user/.m2/repository/org/apache/lucene/lucene-core/3.6.0/lucene-core-3.6.0.jar
[WARNING] We have a duplicate org/apache/lucene/search/payloads/PayloadNearQuery.class in /home/user/.m2/repository/org/apache/lucene/lucene-core/3.6.0/lucene-core-3.6.0.jar
[WARNING] We have a duplicate org/apache/lucene/search/payloads/PayloadSpanUtil.class in /home/user/.m2/repository/org/apache/lucene/lucene-core/3.6.0/lucene-core-3.6.0.jar
[WARNING] We have a duplicate org/apache/lucene/search/payloads/PayloadTermQuery$PayloadTermWeight$PayloadTermSpanScorer.class in /home/user/.m2/repository/org/apache/lucene/lucene-core/3.6.0/lucene-core-3.6.0.jar
[WARNING] We have a duplicate org/apache/lucene/search/payloads/PayloadTermQuery$PayloadTermWeight.class in /home/user/.m2/repository/org/apache/lucene/lucene-core/3.6.0/lucene-core-3.6.0.jar
[WARNING] We have a duplicate org/apache/lucene/search/payloads/PayloadTermQuery.class in /home/user/.m2/repository/org/apache/lucene/lucene-core/3.6.0/lucene-core-3.6.0.jar
[WARNING] We have a duplicate org/apache/lucene/search/spans/FieldMaskingSpanQuery.class in /home/user/.m2/repository/org/apache/lucene/lucene-core/3.6.0/lucene-core-3.6.0.jar
[WARNING] We have a duplicate org/apache/lucene/search/spans/NearSpansOrdered$1.class in /home/user/.m2/repository/org/apache/lucene/lucene-core/3.6.0/lucene-core-3.6.0.jar
[WARNING] We have a duplicate org/apache/lucene/search/spans/NearSpansOrdered.class in /home/user/.m2/repository/org/apache/lucene/lucene-core/3.6.0/lucene-core-3.6.0.jar
[WARNING] We have a duplicate org/apache/lucene/search/spans/NearSpansUnordered$CellQueue.class in /home/user/.m2/repository/org/apache/lucene/lucene-core/3.6.0/lucene-core-3.6.0.jar
[WARNING] We have a duplicate org/apache/lucene/search/spans/NearSpansUnordered$SpansCell.class in /home/user/.m2/repository/org/apache/lucene/lucene-core/3.6.0/lucene-core-3.6.0.jar
[WARNING] We have a duplicate org/apache/lucene/search/spans/NearSpansUnordered.class in /home/user/.m2/repository/org/apache/lucene/lucene-core/3.6.0/lucene-core-3.6.0.jar
[WARNING] We have a duplicate org/apache/lucene/search/spans/SpanFirstQuery.class in /home/user/.m2/repository/org/apache/lucene/lucene-core/3.6.0/lucene-core-3.6.0.jar
[WARNING] We have a duplicate org/apache/lucene/search/spans/SpanMultiTermQueryWrapper$1$1.class in /home/user/.m2/repository/org/apache/lucene/lucene-core/3.6.0/lucene-core-3.6.0.jar
[WARNING] We have a duplicate org/apache/lucene/search/spans/SpanMultiTermQueryWrapper$1.class in /home/user/.m2/repository/org/apache/lucene/lucene-core/3.6.0/lucene-core-3.6.0.jar
[WARNING] We have a duplicate org/apache/lucene/search/spans/SpanMultiTermQueryWrapper$SpanRewriteMethod.class in /home/user/.m2/repository/org/apache/lucene/lucene-core/3.6.0/lucene-core-3.6.0.jar
[WARNING] We have a duplicate org/apache/lucene/search/spans/SpanMultiTermQueryWrapper$TopTermsSpanBooleanQueryRewrite$1.class in /home/user/.m2/repository/org/apache/lucene/lucene-core/3.6.0/lucene-core-3.6.0.jar
[WARNING] We have a duplicate org/apache/lucene/search/spans/SpanMultiTermQueryWrapper$TopTermsSpanBooleanQueryRewrite.class in /home/user/.m2/repository/org/apache/lucene/lucene-core/3.6.0/lucene-core-3.6.0.jar
[WARNING] We have a duplicate org/apache/lucene/search/spans/SpanMultiTermQueryWrapper.class in /home/user/.m2/repository/org/apache/lucene/lucene-core/3.6.0/lucene-core-3.6.0.jar
[WARNING] We have a duplicate org/apache/lucene/search/spans/SpanNearPayloadCheckQuery.class in /home/user/.m2/repository/org/apache/lucene/lucene-core/3.6.0/lucene-core-3.6.0.jar
[WARNING] We have a duplicate org/apache/lucene/search/spans/SpanNearQuery.class in /home/user/.m2/repository/org/apache/lucene/lucene-core/3.6.0/lucene-core-3.6.0.jar
[WARNING] We have a duplicate org/apache/lucene/search/spans/SpanNotQuery$1.class in /home/user/.m2/repository/org/apache/lucene/lucene-core/3.6.0/lucene-core-3.6.0.jar
[WARNING] We have a duplicate org/apache/lucene/search/spans/SpanNotQuery.class in /home/user/.m2/repository/org/apache/lucene/lucene-core/3.6.0/lucene-core-3.6.0.jar
[WARNING] We have a duplicate org/apache/lucene/search/spans/SpanOrQuery$1.class in /home/user/.m2/repository/org/apache/lucene/lucene-core/3.6.0/lucene-core-3.6.0.jar
[WARNING] We have a duplicate org/apache/lucene/search/spans/SpanOrQuery$SpanQueue.class in /home/user/.m2/repository/org/apache/lucene/lucene-core/3.6.0/lucene-core-3.6.0.jar
[WARNING] We have a duplicate org/apache/lucene/search/spans/SpanOrQuery.class in /home/user/.m2/repository/org/apache/lucene/lucene-core/3.6.0/lucene-core-3.6.0.jar
[WARNING] We have a duplicate org/apache/lucene/search/spans/SpanPayloadCheckQuery.class in /home/user/.m2/repository/org/apache/lucene/lucene-core/3.6.0/lucene-core-3.6.0.jar
[WARNING] We have a duplicate org/apache/lucene/search/spans/SpanPositionCheckQuery$1.class in /home/user/.m2/repository/org/apache/lucene/lucene-core/3.6.0/lucene-core-3.6.0.jar
[WARNING] We have a duplicate org/apache/lucene/search/spans/SpanPositionCheckQuery$AcceptStatus.class in /home/user/.m2/repository/org/apache/lucene/lucene-core/3.6.0/lucene-core-3.6.0.jar
[WARNING] We have a duplicate org/apache/lucene/search/spans/SpanPositionCheckQuery$PositionCheckSpan.class in /home/user/.m2/repository/org/apache/lucene/lucene-core/3.6.0/lucene-core-3.6.0.jar
[WARNING] We have a duplicate org/apache/lucene/search/spans/SpanPositionCheckQuery.class in /home/user/.m2/repository/org/apache/lucene/lucene-core/3.6.0/lucene-core-3.6.0.jar
[WARNING] We have a duplicate org/apache/lucene/search/spans/SpanPositionRangeQuery.class in /home/user/.m2/repository/org/apache/lucene/lucene-core/3.6.0/lucene-core-3.6.0.jar
[WARNING] We have a duplicate org/apache/lucene/search/spans/SpanQuery.class in /home/user/.m2/repository/org/apache/lucene/lucene-core/3.6.0/lucene-core-3.6.0.jar
[WARNING] We have a duplicate org/apache/lucene/search/spans/SpanScorer.class in /home/user/.m2/repository/org/apache/lucene/lucene-core/3.6.0/lucene-core-3.6.0.jar
[WARNING] We have a duplicate org/apache/lucene/search/spans/SpanTermQuery.class in /home/user/.m2/repository/org/apache/lucene/lucene-core/3.6.0/lucene-core-3.6.0.jar
[WARNING] We have a duplicate org/apache/lucene/search/spans/SpanWeight.class in /home/user/.m2/repository/org/apache/lucene/lucene-core/3.6.0/lucene-core-3.6.0.jar
[WARNING] We have a duplicate org/apache/lucene/search/spans/Spans.class in /home/user/.m2/repository/org/apache/lucene/lucene-core/3.6.0/lucene-core-3.6.0.jar
[WARNING] We have a duplicate org/apache/lucene/search/spans/TermSpans.class in /home/user/.m2/repository/org/apache/lucene/lucene-core/3.6.0/lucene-core-3.6.0.jar
[WARNING] We have a duplicate org/apache/lucene/store/AlreadyClosedException.class in /home/user/.m2/repository/org/apache/lucene/lucene-core/3.6.0/lucene-core-3.6.0.jar
[WARNING] We have a duplicate org/apache/lucene/store/BufferedIndexInput.class in /home/user/.m2/repository/org/apache/lucene/lucene-core/3.6.0/lucene-core-3.6.0.jar
[WARNING] We have a duplicate org/apache/lucene/store/BufferedIndexOutput.class in /home/user/.m2/repository/org/apache/lucene/lucene-core/3.6.0/lucene-core-3.6.0.jar
[WARNING] We have a duplicate org/apache/lucene/store/ByteArrayDataInput.class in /home/user/.m2/repository/org/apache/lucene/lucene-core/3.6.0/lucene-core-3.6.0.jar
[WARNING] We have a duplicate org/apache/lucene/store/ByteArrayDataOutput.class in /home/user/.m2/repository/org/apache/lucene/lucene-core/3.6.0/lucene-core-3.6.0.jar
[WARNING] We have a duplicate org/apache/lucene/store/ChecksumIndexInput.class in /home/user/.m2/repository/org/apache/lucene/lucene-core/3.6.0/lucene-core-3.6.0.jar
[WARNING] We have a duplicate org/apache/lucene/store/ChecksumIndexOutput.class in /home/user/.m2/repository/org/apache/lucene/lucene-core/3.6.0/lucene-core-3.6.0.jar
[WARNING] We have a duplicate org/apache/lucene/store/DataInput.class in /home/user/.m2/repository/org/apache/lucene/lucene-core/3.6.0/lucene-core-3.6.0.jar
[WARNING] We have a duplicate org/apache/lucene/store/DataOutput.class in /home/user/.m2/repository/org/apache/lucene/lucene-core/3.6.0/lucene-core-3.6.0.jar
[WARNING] We have a duplicate org/apache/lucene/store/Directory.class in /home/user/.m2/repository/org/apache/lucene/lucene-core/3.6.0/lucene-core-3.6.0.jar
[WARNING] We have a duplicate org/apache/lucene/store/FSDirectory$1.class in /home/user/.m2/repository/org/apache/lucene/lucene-core/3.6.0/lucene-core-3.6.0.jar
[WARNING] We have a duplicate org/apache/lucene/store/FSDirectory$FSIndexOutput.class in /home/user/.m2/repository/org/apache/lucene/lucene-core/3.6.0/lucene-core-3.6.0.jar
[WARNING] We have a duplicate org/apache/lucene/store/FSDirectory.class in /home/user/.m2/repository/org/apache/lucene/lucene-core/3.6.0/lucene-core-3.6.0.jar
[WARNING] We have a duplicate org/apache/lucene/store/FSLockFactory.class in /home/user/.m2/repository/org/apache/lucene/lucene-core/3.6.0/lucene-core-3.6.0.jar
[WARNING] We have a duplicate org/apache/lucene/store/FileSwitchDirectory.class in /home/user/.m2/repository/org/apache/lucene/lucene-core/3.6.0/lucene-core-3.6.0.jar
[WARNING] We have a duplicate org/apache/lucene/store/IndexInput.class in /home/user/.m2/repository/org/apache/lucene/lucene-core/3.6.0/lucene-core-3.6.0.jar
[WARNING] We have a duplicate org/apache/lucene/store/IndexOutput.class in /home/user/.m2/repository/org/apache/lucene/lucene-core/3.6.0/lucene-core-3.6.0.jar
[WARNING] We have a duplicate org/apache/lucene/store/InputStreamDataInput.class in /home/user/.m2/repository/org/apache/lucene/lucene-core/3.6.0/lucene-core-3.6.0.jar
[WARNING] We have a duplicate org/apache/lucene/store/Lock$With.class in /home/user/.m2/repository/org/apache/lucene/lucene-core/3.6.0/lucene-core-3.6.0.jar
[WARNING] We have a duplicate org/apache/lucene/store/Lock.class in /home/user/.m2/repository/org/apache/lucene/lucene-core/3.6.0/lucene-core-3.6.0.jar
[WARNING] We have a duplicate org/apache/lucene/store/LockFactory.class in /home/user/.m2/repository/org/apache/lucene/lucene-core/3.6.0/lucene-core-3.6.0.jar
[WARNING] We have a duplicate org/apache/lucene/store/LockObtainFailedException.class in /home/user/.m2/repository/org/apache/lucene/lucene-core/3.6.0/lucene-core-3.6.0.jar
[WARNING] We have a duplicate org/apache/lucene/store/LockReleaseFailedException.class in /home/user/.m2/repository/org/apache/lucene/lucene-core/3.6.0/lucene-core-3.6.0.jar
[WARNING] We have a duplicate org/apache/lucene/store/LockStressTest.class in /home/user/.m2/repository/org/apache/lucene/lucene-core/3.6.0/lucene-core-3.6.0.jar
[WARNING] We have a duplicate org/apache/lucene/store/LockVerifyServer.class in /home/user/.m2/repository/org/apache/lucene/lucene-core/3.6.0/lucene-core-3.6.0.jar
[WARNING] We have a duplicate org/apache/lucene/store/MMapDirectory$1.class in /home/user/.m2/repository/org/apache/lucene/lucene-core/3.6.0/lucene-core-3.6.0.jar
[WARNING] We have a duplicate org/apache/lucene/store/MMapDirectory$MMapIndexInput.class in /home/user/.m2/repository/org/apache/lucene/lucene-core/3.6.0/lucene-core-3.6.0.jar
[WARNING] We have a duplicate org/apache/lucene/store/MMapDirectory.class in /home/user/.m2/repository/org/apache/lucene/lucene-core/3.6.0/lucene-core-3.6.0.jar
[WARNING] We have a duplicate org/apache/lucene/store/NIOFSDirectory$NIOFSIndexInput.class in /home/user/.m2/repository/org/apache/lucene/lucene-core/3.6.0/lucene-core-3.6.0.jar
[WARNING] We have a duplicate org/apache/lucene/store/NIOFSDirectory.class in /home/user/.m2/repository/org/apache/lucene/lucene-core/3.6.0/lucene-core-3.6.0.jar
[WARNING] We have a duplicate org/apache/lucene/store/NRTCachingDirectory.class in /home/user/.m2/repository/org/apache/lucene/lucene-core/3.6.0/lucene-core-3.6.0.jar
[WARNING] We have a duplicate org/apache/lucene/store/NativeFSLock.class in /home/user/.m2/repository/org/apache/lucene/lucene-core/3.6.0/lucene-core-3.6.0.jar
[WARNING] We have a duplicate org/apache/lucene/store/NativeFSLockFactory.class in /home/user/.m2/repository/org/apache/lucene/lucene-core/3.6.0/lucene-core-3.6.0.jar
[WARNING] We have a duplicate org/apache/lucene/store/NoLock.class in /home/user/.m2/repository/org/apache/lucene/lucene-core/3.6.0/lucene-core-3.6.0.jar
[WARNING] We have a duplicate org/apache/lucene/store/NoLockFactory.class in /home/user/.m2/repository/org/apache/lucene/lucene-core/3.6.0/lucene-core-3.6.0.jar
[WARNING] We have a duplicate org/apache/lucene/store/NoSuchDirectoryException.class in /home/user/.m2/repository/org/apache/lucene/lucene-core/3.6.0/lucene-core-3.6.0.jar
[WARNING] We have a duplicate org/apache/lucene/store/OutputStreamDataOutput.class in /home/user/.m2/repository/org/apache/lucene/lucene-core/3.6.0/lucene-core-3.6.0.jar
[WARNING] We have a duplicate org/apache/lucene/store/RAMDirectory.class in /home/user/.m2/repository/org/apache/lucene/lucene-core/3.6.0/lucene-core-3.6.0.jar
[WARNING] We have a duplicate org/apache/lucene/store/RAMFile.class in /home/user/.m2/repository/org/apache/lucene/lucene-core/3.6.0/lucene-core-3.6.0.jar
[WARNING] We have a duplicate org/apache/lucene/store/RAMInputStream.class in /home/user/.m2/repository/org/apache/lucene/lucene-core/3.6.0/lucene-core-3.6.0.jar
[WARNING] We have a duplicate org/apache/lucene/store/RAMOutputStream.class in /home/user/.m2/repository/org/apache/lucene/lucene-core/3.6.0/lucene-core-3.6.0.jar
[WARNING] We have a duplicate org/apache/lucene/store/SimpleFSDirectory$SimpleFSIndexInput.class in /home/user/.m2/repository/org/apache/lucene/lucene-core/3.6.0/lucene-core-3.6.0.jar
[WARNING] We have a duplicate org/apache/lucene/store/SimpleFSDirectory.class in /home/user/.m2/repository/org/apache/lucene/lucene-core/3.6.0/lucene-core-3.6.0.jar
[WARNING] We have a duplicate org/apache/lucene/store/SimpleFSLock.class in /home/user/.m2/repository/org/apache/lucene/lucene-core/3.6.0/lucene-core-3.6.0.jar
[WARNING] We have a duplicate org/apache/lucene/store/SimpleFSLockFactory.class in /home/user/.m2/repository/org/apache/lucene/lucene-core/3.6.0/lucene-core-3.6.0.jar
[WARNING] We have a duplicate org/apache/lucene/store/SingleInstanceLock.class in /home/user/.m2/repository/org/apache/lucene/lucene-core/3.6.0/lucene-core-3.6.0.jar
[WARNING] We have a duplicate org/apache/lucene/store/SingleInstanceLockFactory.class in /home/user/.m2/repository/org/apache/lucene/lucene-core/3.6.0/lucene-core-3.6.0.jar
[WARNING] We have a duplicate org/apache/lucene/store/VerifyingLockFactory$CheckedLock.class in /home/user/.m2/repository/org/apache/lucene/lucene-core/3.6.0/lucene-core-3.6.0.jar
[WARNING] We have a duplicate org/apache/lucene/store/VerifyingLockFactory.class in /home/user/.m2/repository/org/apache/lucene/lucene-core/3.6.0/lucene-core-3.6.0.jar
[WARNING] We have a duplicate org/apache/lucene/util/ArrayUtil$1.class in /home/user/.m2/repository/org/apache/lucene/lucene-core/3.6.0/lucene-core-3.6.0.jar
[WARNING] We have a duplicate org/apache/lucene/util/ArrayUtil$2.class in /home/user/.m2/repository/org/apache/lucene/lucene-core/3.6.0/lucene-core-3.6.0.jar
[WARNING] We have a duplicate org/apache/lucene/util/ArrayUtil.class in /home/user/.m2/repository/org/apache/lucene/lucene-core/3.6.0/lucene-core-3.6.0.jar
[WARNING] We have a duplicate org/apache/lucene/util/Attribute.class in /home/user/.m2/repository/org/apache/lucene/lucene-core/3.6.0/lucene-core-3.6.0.jar
[WARNING] We have a duplicate org/apache/lucene/util/AttributeImpl$1.class in /home/user/.m2/repository/org/apache/lucene/lucene-core/3.6.0/lucene-core-3.6.0.jar
[WARNING] We have a duplicate org/apache/lucene/util/AttributeImpl.class in /home/user/.m2/repository/org/apache/lucene/lucene-core/3.6.0/lucene-core-3.6.0.jar
[WARNING] We have a duplicate org/apache/lucene/util/AttributeReflector.class in /home/user/.m2/repository/org/apache/lucene/lucene-core/3.6.0/lucene-core-3.6.0.jar
[WARNING] We have a duplicate org/apache/lucene/util/AttributeSource$1.class in /home/user/.m2/repository/org/apache/lucene/lucene-core/3.6.0/lucene-core-3.6.0.jar
[WARNING] We have a duplicate org/apache/lucene/util/AttributeSource$2.class in /home/user/.m2/repository/org/apache/lucene/lucene-core/3.6.0/lucene-core-3.6.0.jar
[WARNING] We have a duplicate org/apache/lucene/util/AttributeSource$AttributeFactory$DefaultAttributeFactory.class in /home/user/.m2/repository/org/apache/lucene/lucene-core/3.6.0/lucene-core-3.6.0.jar
[WARNING] We have a duplicate org/apache/lucene/util/AttributeSource$AttributeFactory.class in /home/user/.m2/repository/org/apache/lucene/lucene-core/3.6.0/lucene-core-3.6.0.jar
[WARNING] We have a duplicate org/apache/lucene/util/AttributeSource$State.class in /home/user/.m2/repository/org/apache/lucene/lucene-core/3.6.0/lucene-core-3.6.0.jar
[WARNING] We have a duplicate org/apache/lucene/util/AttributeSource.class in /home/user/.m2/repository/org/apache/lucene/lucene-core/3.6.0/lucene-core-3.6.0.jar
[WARNING] We have a duplicate org/apache/lucene/util/BitUtil.class in /home/user/.m2/repository/org/apache/lucene/lucene-core/3.6.0/lucene-core-3.6.0.jar
[WARNING] We have a duplicate org/apache/lucene/util/Bits$MatchAllBits.class in /home/user/.m2/repository/org/apache/lucene/lucene-core/3.6.0/lucene-core-3.6.0.jar
[WARNING] We have a duplicate org/apache/lucene/util/Bits$MatchNoBits.class in /home/user/.m2/repository/org/apache/lucene/lucene-core/3.6.0/lucene-core-3.6.0.jar
[WARNING] We have a duplicate org/apache/lucene/util/Bits.class in /home/user/.m2/repository/org/apache/lucene/lucene-core/3.6.0/lucene-core-3.6.0.jar
[WARNING] We have a duplicate org/apache/lucene/util/ByteBlockPool$Allocator.class in /home/user/.m2/repository/org/apache/lucene/lucene-core/3.6.0/lucene-core-3.6.0.jar
[WARNING] We have a duplicate org/apache/lucene/util/ByteBlockPool$DirectAllocator.class in /home/user/.m2/repository/org/apache/lucene/lucene-core/3.6.0/lucene-core-3.6.0.jar
[WARNING] We have a duplicate org/apache/lucene/util/ByteBlockPool$DirectTrackingAllocator.class in /home/user/.m2/repository/org/apache/lucene/lucene-core/3.6.0/lucene-core-3.6.0.jar
[WARNING] We have a duplicate org/apache/lucene/util/ByteBlockPool.class in /home/user/.m2/repository/org/apache/lucene/lucene-core/3.6.0/lucene-core-3.6.0.jar
[WARNING] We have a duplicate org/apache/lucene/util/BytesRef$1.class in /home/user/.m2/repository/org/apache/lucene/lucene-core/3.6.0/lucene-core-3.6.0.jar
[WARNING] We have a duplicate org/apache/lucene/util/BytesRef$UTF8SortedAsUTF16Comparator.class in /home/user/.m2/repository/org/apache/lucene/lucene-core/3.6.0/lucene-core-3.6.0.jar
[WARNING] We have a duplicate org/apache/lucene/util/BytesRef$UTF8SortedAsUnicodeComparator.class in /home/user/.m2/repository/org/apache/lucene/lucene-core/3.6.0/lucene-core-3.6.0.jar
[WARNING] We have a duplicate org/apache/lucene/util/BytesRef.class in /home/user/.m2/repository/org/apache/lucene/lucene-core/3.6.0/lucene-core-3.6.0.jar
[WARNING] We have a duplicate org/apache/lucene/util/BytesRefHash$1.class in /home/user/.m2/repository/org/apache/lucene/lucene-core/3.6.0/lucene-core-3.6.0.jar
[WARNING] We have a duplicate org/apache/lucene/util/BytesRefHash$BytesStartArray.class in /home/user/.m2/repository/org/apache/lucene/lucene-core/3.6.0/lucene-core-3.6.0.jar
[WARNING] We have a duplicate org/apache/lucene/util/BytesRefHash$DirectBytesStartArray.class in /home/user/.m2/repository/org/apache/lucene/lucene-core/3.6.0/lucene-core-3.6.0.jar
[WARNING] We have a duplicate org/apache/lucene/util/BytesRefHash$MaxBytesLengthExceededException.class in /home/user/.m2/repository/org/apache/lucene/lucene-core/3.6.0/lucene-core-3.6.0.jar
[WARNING] We have a duplicate org/apache/lucene/util/BytesRefHash$TrackingDirectBytesStartArray.class in /home/user/.m2/repository/org/apache/lucene/lucene-core/3.6.0/lucene-core-3.6.0.jar
[WARNING] We have a duplicate org/apache/lucene/util/BytesRefHash.class in /home/user/.m2/repository/org/apache/lucene/lucene-core/3.6.0/lucene-core-3.6.0.jar
[WARNING] We have a duplicate org/apache/lucene/util/BytesRefIterator$1.class in /home/user/.m2/repository/org/apache/lucene/lucene-core/3.6.0/lucene-core-3.6.0.jar
[WARNING] We have a duplicate org/apache/lucene/util/BytesRefIterator.class in /home/user/.m2/repository/org/apache/lucene/lucene-core/3.6.0/lucene-core-3.6.0.jar
[WARNING] We have a duplicate org/apache/lucene/util/CharsRef$1.class in /home/user/.m2/repository/org/apache/lucene/lucene-core/3.6.0/lucene-core-3.6.0.jar
[WARNING] We have a duplicate org/apache/lucene/util/CharsRef$UTF16SortedAsUTF8Comparator.class in /home/user/.m2/repository/org/apache/lucene/lucene-core/3.6.0/lucene-core-3.6.0.jar
[WARNING] We have a duplicate org/apache/lucene/util/CharsRef.class in /home/user/.m2/repository/org/apache/lucene/lucene-core/3.6.0/lucene-core-3.6.0.jar
[WARNING] We have a duplicate org/apache/lucene/util/CloseableThreadLocal.class in /home/user/.m2/repository/org/apache/lucene/lucene-core/3.6.0/lucene-core-3.6.0.jar
[WARNING] We have a duplicate org/apache/lucene/util/CollectionUtil$1.class in /home/user/.m2/repository/org/apache/lucene/lucene-core/3.6.0/lucene-core-3.6.0.jar
[WARNING] We have a duplicate org/apache/lucene/util/CollectionUtil$2.class in /home/user/.m2/repository/org/apache/lucene/lucene-core/3.6.0/lucene-core-3.6.0.jar
[WARNING] We have a duplicate org/apache/lucene/util/CollectionUtil.class in /home/user/.m2/repository/org/apache/lucene/lucene-core/3.6.0/lucene-core-3.6.0.jar
[WARNING] We have a duplicate org/apache/lucene/util/CommandLineUtil.class in /home/user/.m2/repository/org/apache/lucene/lucene-core/3.6.0/lucene-core-3.6.0.jar
[WARNING] We have a duplicate org/apache/lucene/util/Constants.class in /home/user/.m2/repository/org/apache/lucene/lucene-core/3.6.0/lucene-core-3.6.0.jar
[WARNING] We have a duplicate org/apache/lucene/util/Counter$1.class in /home/user/.m2/repository/org/apache/lucene/lucene-core/3.6.0/lucene-core-3.6.0.jar
[WARNING] We have a duplicate org/apache/lucene/util/Counter$AtomicCounter.class in /home/user/.m2/repository/org/apache/lucene/lucene-core/3.6.0/lucene-core-3.6.0.jar
[WARNING] We have a duplicate org/apache/lucene/util/Counter$SerialCounter.class in /home/user/.m2/repository/org/apache/lucene/lucene-core/3.6.0/lucene-core-3.6.0.jar
[WARNING] We have a duplicate org/apache/lucene/util/Counter.class in /home/user/.m2/repository/org/apache/lucene/lucene-core/3.6.0/lucene-core-3.6.0.jar
[WARNING] We have a duplicate org/apache/lucene/util/DocIdBitSet$DocIdBitSetIterator.class in /home/user/.m2/repository/org/apache/lucene/lucene-core/3.6.0/lucene-core-3.6.0.jar
[WARNING] We have a duplicate org/apache/lucene/util/DocIdBitSet.class in /home/user/.m2/repository/org/apache/lucene/lucene-core/3.6.0/lucene-core-3.6.0.jar
[WARNING] We have a duplicate org/apache/lucene/util/DoubleBarrelLRUCache$CloneableKey.class in /home/user/.m2/repository/org/apache/lucene/lucene-core/3.6.0/lucene-core-3.6.0.jar
[WARNING] We have a duplicate org/apache/lucene/util/DoubleBarrelLRUCache.class in /home/user/.m2/repository/org/apache/lucene/lucene-core/3.6.0/lucene-core-3.6.0.jar
[WARNING] We have a duplicate org/apache/lucene/util/FieldCacheSanityChecker$Insanity.class in /home/user/.m2/repository/org/apache/lucene/lucene-core/3.6.0/lucene-core-3.6.0.jar
[WARNING] We have a duplicate org/apache/lucene/util/FieldCacheSanityChecker$InsanityType.class in /home/user/.m2/repository/org/apache/lucene/lucene-core/3.6.0/lucene-core-3.6.0.jar
[WARNING] We have a duplicate org/apache/lucene/util/FieldCacheSanityChecker$ReaderField.class in /home/user/.m2/repository/org/apache/lucene/lucene-core/3.6.0/lucene-core-3.6.0.jar
[WARNING] We have a duplicate org/apache/lucene/util/FieldCacheSanityChecker.class in /home/user/.m2/repository/org/apache/lucene/lucene-core/3.6.0/lucene-core-3.6.0.jar
[WARNING] We have a duplicate org/apache/lucene/util/FixedBitSet.class in /home/user/.m2/repository/org/apache/lucene/lucene-core/3.6.0/lucene-core-3.6.0.jar
[WARNING] We have a duplicate org/apache/lucene/util/IOUtils.class in /home/user/.m2/repository/org/apache/lucene/lucene-core/3.6.0/lucene-core-3.6.0.jar
[WARNING] We have a duplicate org/apache/lucene/util/IndexableBinaryStringTools$CodingCase.class in /home/user/.m2/repository/org/apache/lucene/lucene-core/3.6.0/lucene-core-3.6.0.jar
[WARNING] We have a duplicate org/apache/lucene/util/IndexableBinaryStringTools.class in /home/user/.m2/repository/org/apache/lucene/lucene-core/3.6.0/lucene-core-3.6.0.jar
[WARNING] We have a duplicate org/apache/lucene/util/IntsRef.class in /home/user/.m2/repository/org/apache/lucene/lucene-core/3.6.0/lucene-core-3.6.0.jar
[WARNING] We have a duplicate org/apache/lucene/util/MapOfSets.class in /home/user/.m2/repository/org/apache/lucene/lucene-core/3.6.0/lucene-core-3.6.0.jar
[WARNING] We have a duplicate org/apache/lucene/util/NamedThreadFactory.class in /home/user/.m2/repository/org/apache/lucene/lucene-core/3.6.0/lucene-core-3.6.0.jar
[WARNING] We have a duplicate org/apache/lucene/util/NumericUtils$IntRangeBuilder.class in /home/user/.m2/repository/org/apache/lucene/lucene-core/3.6.0/lucene-core-3.6.0.jar
[WARNING] We have a duplicate org/apache/lucene/util/NumericUtils$LongRangeBuilder.class in /home/user/.m2/repository/org/apache/lucene/lucene-core/3.6.0/lucene-core-3.6.0.jar
[WARNING] We have a duplicate org/apache/lucene/util/NumericUtils.class in /home/user/.m2/repository/org/apache/lucene/lucene-core/3.6.0/lucene-core-3.6.0.jar
[WARNING] We have a duplicate org/apache/lucene/util/OpenBitSet.class in /home/user/.m2/repository/org/apache/lucene/lucene-core/3.6.0/lucene-core-3.6.0.jar
[WARNING] We have a duplicate org/apache/lucene/util/OpenBitSetDISI.class in /home/user/.m2/repository/org/apache/lucene/lucene-core/3.6.0/lucene-core-3.6.0.jar
[WARNING] We have a duplicate org/apache/lucene/util/OpenBitSetIterator.class in /home/user/.m2/repository/org/apache/lucene/lucene-core/3.6.0/lucene-core-3.6.0.jar
[WARNING] We have a duplicate org/apache/lucene/util/PagedBytes$PagedBytesDataInput.class in /home/user/.m2/repository/org/apache/lucene/lucene-core/3.6.0/lucene-core-3.6.0.jar
[WARNING] We have a duplicate org/apache/lucene/util/PagedBytes$PagedBytesDataOutput.class in /home/user/.m2/repository/org/apache/lucene/lucene-core/3.6.0/lucene-core-3.6.0.jar
[WARNING] We have a duplicate org/apache/lucene/util/PagedBytes$Reader.class in /home/user/.m2/repository/org/apache/lucene/lucene-core/3.6.0/lucene-core-3.6.0.jar
[WARNING] We have a duplicate org/apache/lucene/util/PagedBytes.class in /home/user/.m2/repository/org/apache/lucene/lucene-core/3.6.0/lucene-core-3.6.0.jar
[WARNING] We have a duplicate org/apache/lucene/util/PriorityQueue.class in /home/user/.m2/repository/org/apache/lucene/lucene-core/3.6.0/lucene-core-3.6.0.jar
[WARNING] We have a duplicate org/apache/lucene/util/RamUsageEstimator$ClassCache.class in /home/user/.m2/repository/org/apache/lucene/lucene-core/3.6.0/lucene-core-3.6.0.jar
[WARNING] We have a duplicate org/apache/lucene/util/RamUsageEstimator$DummyOneFieldObject.class in /home/user/.m2/repository/org/apache/lucene/lucene-core/3.6.0/lucene-core-3.6.0.jar
[WARNING] We have a duplicate org/apache/lucene/util/RamUsageEstimator$DummyTwoLongObject.class in /home/user/.m2/repository/org/apache/lucene/lucene-core/3.6.0/lucene-core-3.6.0.jar
[WARNING] We have a duplicate org/apache/lucene/util/RamUsageEstimator$IdentityHashSet$1.class in /home/user/.m2/repository/org/apache/lucene/lucene-core/3.6.0/lucene-core-3.6.0.jar
[WARNING] We have a duplicate org/apache/lucene/util/RamUsageEstimator$IdentityHashSet.class in /home/user/.m2/repository/org/apache/lucene/lucene-core/3.6.0/lucene-core-3.6.0.jar
[WARNING] We have a duplicate org/apache/lucene/util/RamUsageEstimator$JvmFeature.class in /home/user/.m2/repository/org/apache/lucene/lucene-core/3.6.0/lucene-core-3.6.0.jar
[WARNING] We have a duplicate org/apache/lucene/util/RamUsageEstimator.class in /home/user/.m2/repository/org/apache/lucene/lucene-core/3.6.0/lucene-core-3.6.0.jar
[WARNING] We have a duplicate org/apache/lucene/util/RecyclingByteBlockAllocator.class in /home/user/.m2/repository/org/apache/lucene/lucene-core/3.6.0/lucene-core-3.6.0.jar
[WARNING] We have a duplicate org/apache/lucene/util/SetOnce$AlreadySetException.class in /home/user/.m2/repository/org/apache/lucene/lucene-core/3.6.0/lucene-core-3.6.0.jar
[WARNING] We have a duplicate org/apache/lucene/util/SetOnce.class in /home/user/.m2/repository/org/apache/lucene/lucene-core/3.6.0/lucene-core-3.6.0.jar
[WARNING] We have a duplicate org/apache/lucene/util/SmallFloat.class in /home/user/.m2/repository/org/apache/lucene/lucene-core/3.6.0/lucene-core-3.6.0.jar
[WARNING] We have a duplicate org/apache/lucene/util/SorterTemplate.class in /home/user/.m2/repository/org/apache/lucene/lucene-core/3.6.0/lucene-core-3.6.0.jar
[WARNING] We have a duplicate org/apache/lucene/util/StringHelper$1.class in /home/user/.m2/repository/org/apache/lucene/lucene-core/3.6.0/lucene-core-3.6.0.jar
[WARNING] We have a duplicate org/apache/lucene/util/StringHelper.class in /home/user/.m2/repository/org/apache/lucene/lucene-core/3.6.0/lucene-core-3.6.0.jar
[WARNING] We have a duplicate org/apache/lucene/util/ThreadInterruptedException.class in /home/user/.m2/repository/org/apache/lucene/lucene-core/3.6.0/lucene-core-3.6.0.jar
[WARNING] We have a duplicate org/apache/lucene/util/ToStringUtils.class in /home/user/.m2/repository/org/apache/lucene/lucene-core/3.6.0/lucene-core-3.6.0.jar
[WARNING] We have a duplicate org/apache/lucene/util/UnicodeUtil.class in /home/user/.m2/repository/org/apache/lucene/lucene-core/3.6.0/lucene-core-3.6.0.jar
[WARNING] We have a duplicate org/apache/lucene/util/Version.class in /home/user/.m2/repository/org/apache/lucene/lucene-core/3.6.0/lucene-core-3.6.0.jar
[WARNING] We have a duplicate org/apache/lucene/util/VirtualMethod.class in /home/user/.m2/repository/org/apache/lucene/lucene-core/3.6.0/lucene-core-3.6.0.jar
[WARNING] We have a duplicate org/apache/lucene/util/WeakIdentityMap$IdentityWeakReference.class in /home/user/.m2/repository/org/apache/lucene/lucene-core/3.6.0/lucene-core-3.6.0.jar
[WARNING] We have a duplicate org/apache/lucene/util/WeakIdentityMap.class in /home/user/.m2/repository/org/apache/lucene/lucene-core/3.6.0/lucene-core-3.6.0.jar
[WARNING] We have a duplicate org/apache/lucene/util/fst/Builder$Arc.class in /home/user/.m2/repository/org/apache/lucene/lucene-core/3.6.0/lucene-core-3.6.0.jar
[WARNING] We have a duplicate org/apache/lucene/util/fst/Builder$CompiledNode.class in /home/user/.m2/repository/org/apache/lucene/lucene-core/3.6.0/lucene-core-3.6.0.jar
[WARNING] We have a duplicate org/apache/lucene/util/fst/Builder$FreezeTail.class in /home/user/.m2/repository/org/apache/lucene/lucene-core/3.6.0/lucene-core-3.6.0.jar
[WARNING] We have a duplicate org/apache/lucene/util/fst/Builder$Node.class in /home/user/.m2/repository/org/apache/lucene/lucene-core/3.6.0/lucene-core-3.6.0.jar
[WARNING] We have a duplicate org/apache/lucene/util/fst/Builder$UnCompiledNode.class in /home/user/.m2/repository/org/apache/lucene/lucene-core/3.6.0/lucene-core-3.6.0.jar
[WARNING] We have a duplicate org/apache/lucene/util/fst/Builder.class in /home/user/.m2/repository/org/apache/lucene/lucene-core/3.6.0/lucene-core-3.6.0.jar
[WARNING] We have a duplicate org/apache/lucene/util/fst/ByteSequenceOutputs.class in /home/user/.m2/repository/org/apache/lucene/lucene-core/3.6.0/lucene-core-3.6.0.jar
[WARNING] We have a duplicate org/apache/lucene/util/fst/BytesRefFSTEnum$InputOutput.class in /home/user/.m2/repository/org/apache/lucene/lucene-core/3.6.0/lucene-core-3.6.0.jar
[WARNING] We have a duplicate org/apache/lucene/util/fst/BytesRefFSTEnum.class in /home/user/.m2/repository/org/apache/lucene/lucene-core/3.6.0/lucene-core-3.6.0.jar
[WARNING] We have a duplicate org/apache/lucene/util/fst/FST$Arc.class in /home/user/.m2/repository/org/apache/lucene/lucene-core/3.6.0/lucene-core-3.6.0.jar
[WARNING] We have a duplicate org/apache/lucene/util/fst/FST$ArcAndState.class in /home/user/.m2/repository/org/apache/lucene/lucene-core/3.6.0/lucene-core-3.6.0.jar
[WARNING] We have a duplicate org/apache/lucene/util/fst/FST$BytesReader.class in /home/user/.m2/repository/org/apache/lucene/lucene-core/3.6.0/lucene-core-3.6.0.jar
[WARNING] We have a duplicate org/apache/lucene/util/fst/FST$BytesWriter.class in /home/user/.m2/repository/org/apache/lucene/lucene-core/3.6.0/lucene-core-3.6.0.jar
[WARNING] We have a duplicate org/apache/lucene/util/fst/FST$ForwardBytesReader.class in /home/user/.m2/repository/org/apache/lucene/lucene-core/3.6.0/lucene-core-3.6.0.jar
[WARNING] We have a duplicate org/apache/lucene/util/fst/FST$INPUT_TYPE.class in /home/user/.m2/repository/org/apache/lucene/lucene-core/3.6.0/lucene-core-3.6.0.jar
[WARNING] We have a duplicate org/apache/lucene/util/fst/FST$NodeAndInCount.class in /home/user/.m2/repository/org/apache/lucene/lucene-core/3.6.0/lucene-core-3.6.0.jar
[WARNING] We have a duplicate org/apache/lucene/util/fst/FST$NodeQueue.class in /home/user/.m2/repository/org/apache/lucene/lucene-core/3.6.0/lucene-core-3.6.0.jar
[WARNING] We have a duplicate org/apache/lucene/util/fst/FST$ReverseBytesReader.class in /home/user/.m2/repository/org/apache/lucene/lucene-core/3.6.0/lucene-core-3.6.0.jar
[WARNING] We have a duplicate org/apache/lucene/util/fst/FST.class in /home/user/.m2/repository/org/apache/lucene/lucene-core/3.6.0/lucene-core-3.6.0.jar
[WARNING] We have a duplicate org/apache/lucene/util/fst/FSTEnum.class in /home/user/.m2/repository/org/apache/lucene/lucene-core/3.6.0/lucene-core-3.6.0.jar
[WARNING] We have a duplicate org/apache/lucene/util/fst/IntSequenceOutputs.class in /home/user/.m2/repository/org/apache/lucene/lucene-core/3.6.0/lucene-core-3.6.0.jar
[WARNING] We have a duplicate org/apache/lucene/util/fst/IntsRefFSTEnum$InputOutput.class in /home/user/.m2/repository/org/apache/lucene/lucene-core/3.6.0/lucene-core-3.6.0.jar
[WARNING] We have a duplicate org/apache/lucene/util/fst/IntsRefFSTEnum.class in /home/user/.m2/repository/org/apache/lucene/lucene-core/3.6.0/lucene-core-3.6.0.jar
[WARNING] We have a duplicate org/apache/lucene/util/fst/NoOutputs$1.class in /home/user/.m2/repository/org/apache/lucene/lucene-core/3.6.0/lucene-core-3.6.0.jar
[WARNING] We have a duplicate org/apache/lucene/util/fst/NoOutputs.class in /home/user/.m2/repository/org/apache/lucene/lucene-core/3.6.0/lucene-core-3.6.0.jar
[WARNING] We have a duplicate org/apache/lucene/util/fst/NodeHash.class in /home/user/.m2/repository/org/apache/lucene/lucene-core/3.6.0/lucene-core-3.6.0.jar
[WARNING] We have a duplicate org/apache/lucene/util/fst/Outputs.class in /home/user/.m2/repository/org/apache/lucene/lucene-core/3.6.0/lucene-core-3.6.0.jar
[WARNING] We have a duplicate org/apache/lucene/util/fst/PairOutputs$1.class in /home/user/.m2/repository/org/apache/lucene/lucene-core/3.6.0/lucene-core-3.6.0.jar
[WARNING] We have a duplicate org/apache/lucene/util/fst/PairOutputs$Pair.class in /home/user/.m2/repository/org/apache/lucene/lucene-core/3.6.0/lucene-core-3.6.0.jar
[WARNING] We have a duplicate org/apache/lucene/util/fst/PairOutputs.class in /home/user/.m2/repository/org/apache/lucene/lucene-core/3.6.0/lucene-core-3.6.0.jar
[WARNING] We have a duplicate org/apache/lucene/util/fst/PositiveIntOutputs.class in /home/user/.m2/repository/org/apache/lucene/lucene-core/3.6.0/lucene-core-3.6.0.jar
[WARNING] We have a duplicate org/apache/lucene/util/fst/Util$FSTPath.class in /home/user/.m2/repository/org/apache/lucene/lucene-core/3.6.0/lucene-core-3.6.0.jar
[WARNING] We have a duplicate org/apache/lucene/util/fst/Util$MinResult.class in /home/user/.m2/repository/org/apache/lucene/lucene-core/3.6.0/lucene-core-3.6.0.jar
[WARNING] We have a duplicate org/apache/lucene/util/fst/Util$TopNSearcher.class in /home/user/.m2/repository/org/apache/lucene/lucene-core/3.6.0/lucene-core-3.6.0.jar
[WARNING] We have a duplicate org/apache/lucene/util/fst/Util.class in /home/user/.m2/repository/org/apache/lucene/lucene-core/3.6.0/lucene-core-3.6.0.jar
[WARNING] We have a duplicate org/apache/lucene/util/packed/Direct16.class in /home/user/.m2/repository/org/apache/lucene/lucene-core/3.6.0/lucene-core-3.6.0.jar
[WARNING] We have a duplicate org/apache/lucene/util/packed/Direct32.class in /home/user/.m2/repository/org/apache/lucene/lucene-core/3.6.0/lucene-core-3.6.0.jar
[WARNING] We have a duplicate org/apache/lucene/util/packed/Direct64.class in /home/user/.m2/repository/org/apache/lucene/lucene-core/3.6.0/lucene-core-3.6.0.jar
[WARNING] We have a duplicate org/apache/lucene/util/packed/Direct8.class in /home/user/.m2/repository/org/apache/lucene/lucene-core/3.6.0/lucene-core-3.6.0.jar
[WARNING] We have a duplicate org/apache/lucene/util/packed/GrowableWriter.class in /home/user/.m2/repository/org/apache/lucene/lucene-core/3.6.0/lucene-core-3.6.0.jar
[WARNING] We have a duplicate org/apache/lucene/util/packed/Packed64.class in /home/user/.m2/repository/org/apache/lucene/lucene-core/3.6.0/lucene-core-3.6.0.jar
[WARNING] We have a duplicate org/apache/lucene/util/packed/PackedInts$Mutable.class in /home/user/.m2/repository/org/apache/lucene/lucene-core/3.6.0/lucene-core-3.6.0.jar
[WARNING] We have a duplicate org/apache/lucene/util/packed/PackedInts$Reader.class in /home/user/.m2/repository/org/apache/lucene/lucene-core/3.6.0/lucene-core-3.6.0.jar
[WARNING] We have a duplicate org/apache/lucene/util/packed/PackedInts$ReaderImpl.class in /home/user/.m2/repository/org/apache/lucene/lucene-core/3.6.0/lucene-core-3.6.0.jar
[WARNING] We have a duplicate org/apache/lucene/util/packed/PackedInts$Writer.class in /home/user/.m2/repository/org/apache/lucene/lucene-core/3.6.0/lucene-core-3.6.0.jar
[WARNING] We have a duplicate org/apache/lucene/util/packed/PackedInts.class in /home/user/.m2/repository/org/apache/lucene/lucene-core/3.6.0/lucene-core-3.6.0.jar
[WARNING] We have a duplicate org/apache/lucene/util/packed/PackedWriter.class in /home/user/.m2/repository/org/apache/lucene/lucene-core/3.6.0/lucene-core-3.6.0.jar
[INFO] Replacing original artifact with shaded artifact.
[INFO] Replacing /data-depot/user/Workspace/Reproducibility/Reproducibility-Scanner/benchmarks/bugs-dot-jar/jackrabbit-oak/oak-run/target/oak-run-0.7-SNAPSHOT.jar with /data-depot/user/Workspace/Reproducibility/Reproducibility-Scanner/benchmarks/bugs-dot-jar/jackrabbit-oak/oak-run/target/oak-run-0.7-SNAPSHOT-shaded.jar
[INFO] 
[INFO] --- maven-install-plugin:2.3.1:install (default-install) @ oak-run ---
[INFO] Installing /data-depot/user/Workspace/Reproducibility/Reproducibility-Scanner/benchmarks/bugs-dot-jar/jackrabbit-oak/oak-run/target/oak-run-0.7-SNAPSHOT.jar to /home/user/.m2/repository/org/apache/jackrabbit/oak-run/0.7-SNAPSHOT/oak-run-0.7-SNAPSHOT.jar
[INFO] Installing /data-depot/user/Workspace/Reproducibility/Reproducibility-Scanner/benchmarks/bugs-dot-jar/jackrabbit-oak/oak-run/pom.xml to /home/user/.m2/repository/org/apache/jackrabbit/oak-run/0.7-SNAPSHOT/oak-run-0.7-SNAPSHOT.pom
[INFO] 
[INFO] -----------------< org.apache.jackrabbit:oak-it-osgi >------------------
[INFO] Building Oak Integration Tests for OSGi deployments 0.7-SNAPSHOT [14/17]
[INFO] --------------------------------[ jar ]---------------------------------
[INFO] 
[INFO] --- maven-remote-resources-plugin:1.2.1:process (default) @ oak-it-osgi ---
[INFO] 
[INFO] --- maven-resources-plugin:2.5:resources (default-resources) @ oak-it-osgi ---
[debug] execute contextualize
[INFO] Using 'UTF-8' encoding to copy filtered resources.
[INFO] skip non existing resourceDirectory /data-depot/user/Workspace/Reproducibility/Reproducibility-Scanner/benchmarks/bugs-dot-jar/jackrabbit-oak/oak-it/osgi/src/main/resources
[INFO] Copying 3 resources
[INFO] 
[INFO] --- maven-compiler-plugin:2.3.2:compile (default-compile) @ oak-it-osgi ---
[INFO] No sources to compile
[INFO] 
[INFO] --- maven-resources-plugin:2.5:testResources (default-testResources) @ oak-it-osgi ---
[debug] execute contextualize
[INFO] Using 'UTF-8' encoding to copy filtered resources.
[INFO] skip non existing resourceDirectory /data-depot/user/Workspace/Reproducibility/Reproducibility-Scanner/benchmarks/bugs-dot-jar/jackrabbit-oak/oak-it/osgi/src/test/resources
[INFO] Copying 3 resources
[INFO] 
[INFO] --- maven-compiler-plugin:2.3.2:testCompile (default-testCompile) @ oak-it-osgi ---
[INFO] Compiling 1 source file to /data-depot/user/Workspace/Reproducibility/Reproducibility-Scanner/benchmarks/bugs-dot-jar/jackrabbit-oak/oak-it/osgi/target/test-classes
[INFO] 
[INFO] --- maven-surefire-plugin:2.9:test (default-test) @ oak-it-osgi ---
[INFO] Tests are skipped.
[INFO] 
[INFO] --- maven-jar-plugin:2.3.1:jar (default-jar) @ oak-it-osgi ---
[INFO] Building jar: /data-depot/user/Workspace/Reproducibility/Reproducibility-Scanner/benchmarks/bugs-dot-jar/jackrabbit-oak/oak-it/osgi/target/oak-it-osgi-0.7-SNAPSHOT.jar
[INFO] 
[INFO] --- maven-site-plugin:3.0:attach-descriptor (attach-descriptor) @ oak-it-osgi ---
[INFO] 
[INFO] --- maven-assembly-plugin:2.2.1:single (default) @ oak-it-osgi ---
[INFO] oak-core.jar already added, skipping
[INFO] Copying files to /data-depot/user/Workspace/Reproducibility/Reproducibility-Scanner/benchmarks/bugs-dot-jar/jackrabbit-oak/oak-it/osgi/target/test-bundles
[INFO] oak-core.jar already added, skipping
[INFO] 
[INFO] --- maven-install-plugin:2.3.1:install (default-install) @ oak-it-osgi ---
[INFO] Installing /data-depot/user/Workspace/Reproducibility/Reproducibility-Scanner/benchmarks/bugs-dot-jar/jackrabbit-oak/oak-it/osgi/target/oak-it-osgi-0.7-SNAPSHOT.jar to /home/user/.m2/repository/org/apache/jackrabbit/oak-it-osgi/0.7-SNAPSHOT/oak-it-osgi-0.7-SNAPSHOT.jar
[INFO] Installing /data-depot/user/Workspace/Reproducibility/Reproducibility-Scanner/benchmarks/bugs-dot-jar/jackrabbit-oak/oak-it/osgi/pom.xml to /home/user/.m2/repository/org/apache/jackrabbit/oak-it-osgi/0.7-SNAPSHOT/oak-it-osgi-0.7-SNAPSHOT.pom
[INFO] 
[INFO] --------------------< org.apache.jackrabbit:oak-it >--------------------
[INFO] Building Oak Integration Tests 0.7-SNAPSHOT                      [15/17]
[INFO] --------------------------------[ pom ]---------------------------------
[INFO] 
[INFO] --- maven-remote-resources-plugin:1.2.1:process (default) @ oak-it ---
[INFO] 
[INFO] --- maven-site-plugin:3.0:attach-descriptor (attach-descriptor) @ oak-it ---
[INFO] 
[INFO] --- maven-install-plugin:2.3.1:install (default-install) @ oak-it ---
[INFO] Installing /data-depot/user/Workspace/Reproducibility/Reproducibility-Scanner/benchmarks/bugs-dot-jar/jackrabbit-oak/oak-it/pom.xml to /home/user/.m2/repository/org/apache/jackrabbit/oak-it/0.7-SNAPSHOT/oak-it-0.7-SNAPSHOT.pom
[INFO] 
[INFO] ----------------< org.apache.jackrabbit:jackrabbit-oak >----------------
[INFO] Building Jackrabbit Oak 0.7-SNAPSHOT                             [16/17]
[INFO] --------------------------------[ pom ]---------------------------------
[INFO] 
[INFO] --- maven-remote-resources-plugin:1.2.1:process (default) @ jackrabbit-oak ---
[INFO] 
[INFO] --- maven-site-plugin:3.0:attach-descriptor (attach-descriptor) @ jackrabbit-oak ---
[INFO] 
[INFO] --- maven-install-plugin:2.3.1:install (default-install) @ jackrabbit-oak ---
[INFO] Installing /data-depot/user/Workspace/Reproducibility/Reproducibility-Scanner/benchmarks/bugs-dot-jar/jackrabbit-oak/pom.xml to /home/user/.m2/repository/org/apache/jackrabbit/jackrabbit-oak/0.7-SNAPSHOT/jackrabbit-oak-0.7-SNAPSHOT.pom
[INFO] 
[INFO] -----------------< org.apache.jackrabbit:oak-mk-perf >------------------
[INFO] Building oak-mk-perf 0.7-SNAPSHOT                                [17/17]
[INFO] --------------------------------[ jar ]---------------------------------
[INFO] 
[INFO] --- maven-remote-resources-plugin:1.2.1:process (default) @ oak-mk-perf ---
[INFO] 
[INFO] --- maven-resources-plugin:2.5:resources (default-resources) @ oak-mk-perf ---
[debug] execute contextualize
[INFO] Using 'UTF-8' encoding to copy filtered resources.
[INFO] Copying 1 resource
[INFO] Copying 3 resources
[INFO] 
[INFO] --- maven-compiler-plugin:2.3.2:compile (default-compile) @ oak-mk-perf ---
[INFO] Compiling 17 source files to /data-depot/user/Workspace/Reproducibility/Reproducibility-Scanner/benchmarks/bugs-dot-jar/jackrabbit-oak/oak-mk-perf/target/classes
[INFO] 
[INFO] --- maven-resources-plugin:2.5:testResources (default-testResources) @ oak-mk-perf ---
[debug] execute contextualize
[INFO] Using 'UTF-8' encoding to copy filtered resources.
[INFO] skip non existing resourceDirectory /data-depot/user/Workspace/Reproducibility/Reproducibility-Scanner/benchmarks/bugs-dot-jar/jackrabbit-oak/oak-mk-perf/src/test/resources
[INFO] Copying 3 resources
[INFO] 
[INFO] --- maven-compiler-plugin:2.3.2:testCompile (default-testCompile) @ oak-mk-perf ---
[INFO] Compiling 5 source files to /data-depot/user/Workspace/Reproducibility/Reproducibility-Scanner/benchmarks/bugs-dot-jar/jackrabbit-oak/oak-mk-perf/target/test-classes
[INFO] 
[INFO] --- maven-surefire-plugin:2.9:test (default-test) @ oak-mk-perf ---
[INFO] Tests are skipped.
[INFO] 
[INFO] --- maven-jar-plugin:2.3.1:jar (default-jar) @ oak-mk-perf ---
[INFO] Building jar: /data-depot/user/Workspace/Reproducibility/Reproducibility-Scanner/benchmarks/bugs-dot-jar/jackrabbit-oak/oak-mk-perf/target/oak-mk-perf-0.7-SNAPSHOT.jar
[INFO] 
[INFO] --- maven-site-plugin:3.0:attach-descriptor (attach-descriptor) @ oak-mk-perf ---
[INFO] 
[INFO] --- maven-install-plugin:2.3.1:install (default-install) @ oak-mk-perf ---
[INFO] Installing /data-depot/user/Workspace/Reproducibility/Reproducibility-Scanner/benchmarks/bugs-dot-jar/jackrabbit-oak/oak-mk-perf/target/oak-mk-perf-0.7-SNAPSHOT.jar to /home/user/.m2/repository/org/apache/jackrabbit/oak-mk-perf/0.7-SNAPSHOT/oak-mk-perf-0.7-SNAPSHOT.jar
[INFO] Installing /data-depot/user/Workspace/Reproducibility/Reproducibility-Scanner/benchmarks/bugs-dot-jar/jackrabbit-oak/oak-mk-perf/pom.xml to /home/user/.m2/repository/org/apache/jackrabbit/oak-mk-perf/0.7-SNAPSHOT/oak-mk-perf-0.7-SNAPSHOT.pom
[INFO] ------------------------------------------------------------------------
[INFO] Reactor Summary:
[INFO] 
[INFO] Oak Parent POM ..................................... SUCCESS [  0.879 s]
[INFO] Oak Commons ........................................ SUCCESS [  2.968 s]
[INFO] Oak MicroKernel API ................................ SUCCESS [  1.373 s]
[INFO] Oak MicroKernel .................................... SUCCESS [  2.940 s]
[INFO] Oak MicroKernel Remoting ........................... SUCCESS [  2.223 s]
[INFO] Oak Mongo MicroKernel .............................. SUCCESS [  3.729 s]
[INFO] Oak Integration Tests for MicroKernel implementations SUCCESS [  1.736 s]
[INFO] Oak Core ........................................... SUCCESS [  7.600 s]
[INFO] Oak JCR Binding .................................... SUCCESS [  3.891 s]
[INFO] Oak support for Apache Sling ....................... SUCCESS [  1.266 s]
[INFO] Oak HTTP Binding ................................... SUCCESS [  1.796 s]
[INFO] Oak Lucene ......................................... SUCCESS [  3.507 s]
[INFO] Oak Runnable Jar ................................... SUCCESS [  6.337 s]
[INFO] Oak Integration Tests for OSGi deployments ......... SUCCESS [  1.471 s]
[INFO] Oak Integration Tests .............................. SUCCESS [  0.015 s]
[INFO] Jackrabbit Oak 0.7-SNAPSHOT ........................ SUCCESS [  0.013 s]
[INFO] oak-mk-perf 0.7-SNAPSHOT ........................... SUCCESS [  2.174 s]
[INFO] ------------------------------------------------------------------------
[INFO] BUILD SUCCESS
[INFO] ------------------------------------------------------------------------
[INFO] Total time: 44.480 s
[INFO] Finished at: 2022-07-15T19:53:15-07:00
[INFO] ------------------------------------------------------------------------
[INFO] Scanning for projects...
[INFO] 
[INFO] -------------------< org.apache.jackrabbit:oak-jcr >--------------------
[INFO] Building Oak JCR Binding 0.7-SNAPSHOT
[INFO] -------------------------------[ bundle ]-------------------------------
[INFO] 
[INFO] --- maven-remote-resources-plugin:1.2.1:process (default) @ oak-jcr ---
[INFO] 
[INFO] --- maven-resources-plugin:2.5:resources (default-resources) @ oak-jcr ---
[debug] execute contextualize
[INFO] Using 'UTF-8' encoding to copy filtered resources.
[INFO] Copying 1 resource
[INFO] Copying 3 resources
[INFO] 
[INFO] --- maven-compiler-plugin:2.3.2:compile (default-compile) @ oak-jcr ---
[INFO] Nothing to compile - all classes are up to date
[INFO] 
[INFO] --- maven-resources-plugin:2.5:testResources (default-testResources) @ oak-jcr ---
[debug] execute contextualize
[INFO] Using 'UTF-8' encoding to copy filtered resources.
[INFO] Copying 3 resources
[INFO] Copying 3 resources
[INFO] 
[INFO] --- maven-compiler-plugin:2.3.2:testCompile (default-testCompile) @ oak-jcr ---
[INFO] Nothing to compile - all classes are up to date
[INFO] 
[INFO] --- maven-surefire-plugin:2.9:test (default-test) @ oak-jcr ---
[INFO] Surefire report directory: /data-depot/user/Workspace/Reproducibility/Reproducibility-Scanner/benchmarks/bugs-dot-jar/jackrabbit-oak/oak-jcr/target/surefire-reports

-------------------------------------------------------
 T E S T S
-------------------------------------------------------
OpenJDK 64-Bit Server VM warning: ignoring option MaxPermSize=32m; support was removed in 8.0
Running org.apache.jackrabbit.oak.jcr.security.privilege.PrivilegeManagerTest
Tests run: 7, Failures: 0, Errors: 0, Skipped: 0, Time elapsed: 1.909 sec
Running org.apache.jackrabbit.oak.jcr.security.privilege.PrivilegeRegistrationTest
Tests run: 13, Failures: 0, Errors: 0, Skipped: 0, Time elapsed: 1.932 sec
Running org.apache.jackrabbit.oak.jcr.security.principal.PrincipalManagerTest
Tests run: 17, Failures: 0, Errors: 0, Skipped: 0, Time elapsed: 0.151 sec
Running org.apache.jackrabbit.oak.jcr.security.authorization.InheritanceTest
Tests run: 9, Failures: 0, Errors: 0, Skipped: 0, Time elapsed: 0.003 sec
Running org.apache.jackrabbit.oak.jcr.security.authorization.ReadTest
Tests run: 1, Failures: 0, Errors: 0, Skipped: 1, Time elapsed: 0 sec
Running org.apache.jackrabbit.oak.jcr.security.authorization.WriteTest
Tests run: 1, Failures: 0, Errors: 0, Skipped: 1, Time elapsed: 0 sec
Running org.apache.jackrabbit.oak.jcr.security.authorization.JackrabbitAccessControlListTest
Tests run: 7, Failures: 0, Errors: 0, Skipped: 0, Time elapsed: 0 sec
Running org.apache.jackrabbit.oak.jcr.security.authorization.NamespaceManagementTest
Tests run: 1, Failures: 0, Errors: 0, Skipped: 1, Time elapsed: 0 sec
Running org.apache.jackrabbit.oak.jcr.security.authorization.MoveTest
Tests run: 1, Failures: 0, Errors: 0, Skipped: 1, Time elapsed: 0 sec
Running org.apache.jackrabbit.oak.jcr.security.authorization.PrivilegeManagementTest
Tests run: 1, Failures: 0, Errors: 0, Skipped: 1, Time elapsed: 0 sec
Running org.apache.jackrabbit.oak.jcr.security.authorization.NodeTypeManagementTest
Tests run: 1, Failures: 0, Errors: 0, Skipped: 1, Time elapsed: 0.001 sec
Running org.apache.jackrabbit.oak.jcr.security.authorization.NodeTypeDefinitionManagementTest
Tests run: 1, Failures: 0, Errors: 0, Skipped: 1, Time elapsed: 0 sec
Running org.apache.jackrabbit.oak.jcr.security.authorization.ObservationTest
Tests run: 1, Failures: 0, Errors: 0, Skipped: 1, Time elapsed: 0 sec
Running org.apache.jackrabbit.oak.jcr.security.authorization.AccessControlManagementTest
Tests run: 1, Failures: 0, Errors: 0, Skipped: 1, Time elapsed: 0 sec
Running org.apache.jackrabbit.oak.jcr.security.authorization.VersionManagementTest
Tests run: 1, Failures: 0, Errors: 0, Skipped: 1, Time elapsed: 0 sec
Running org.apache.jackrabbit.oak.jcr.security.user.ImpersonationTest
Tests run: 3, Failures: 0, Errors: 0, Skipped: 0, Time elapsed: 0.1 sec
Running org.apache.jackrabbit.oak.jcr.security.user.FindAuthorizablesTest
Tests run: 14, Failures: 0, Errors: 0, Skipped: 0, Time elapsed: 0.341 sec
Running org.apache.jackrabbit.oak.jcr.security.user.GroupTest
Tests run: 27, Failures: 0, Errors: 0, Skipped: 0, Time elapsed: 2.086 sec
Running org.apache.jackrabbit.oak.jcr.security.user.EveryoneGroupTest
Tests run: 5, Failures: 0, Errors: 0, Skipped: 0, Time elapsed: 0.102 sec
Running org.apache.jackrabbit.oak.jcr.security.user.UserQueryTest
Tests run: 25, Failures: 0, Errors: 0, Skipped: 0, Time elapsed: 6.313 sec
Running org.apache.jackrabbit.oak.jcr.security.user.AdministratorTest
Tests run: 4, Failures: 0, Errors: 0, Skipped: 0, Time elapsed: 0.047 sec
Running org.apache.jackrabbit.oak.jcr.security.user.UserTest
Tests run: 22, Failures: 0, Errors: 0, Skipped: 0, Time elapsed: 0.3 sec
Running org.apache.jackrabbit.oak.jcr.security.user.CreateUserTest
Tests run: 12, Failures: 0, Errors: 0, Skipped: 0, Time elapsed: 0.184 sec
Running org.apache.jackrabbit.oak.jcr.security.user.CreateGroupTest
Tests run: 3, Failures: 0, Errors: 0, Skipped: 0, Time elapsed: 0.039 sec
Running org.apache.jackrabbit.oak.jcr.security.user.UserManagerTest
Tests run: 26, Failures: 0, Errors: 0, Skipped: 0, Time elapsed: 0.451 sec
Running org.apache.jackrabbit.oak.jcr.security.user.AuthorizableTest
Tests run: 2, Failures: 0, Errors: 0, Skipped: 0, Time elapsed: 0.051 sec
Running org.apache.jackrabbit.oak.jcr.security.user.NestedGroupTest
Tests run: 4, Failures: 0, Errors: 0, Skipped: 0, Time elapsed: 0.129 sec
Running org.apache.jackrabbit.oak.jcr.security.user.AuthorizablePropertyTest
Tests run: 26, Failures: 0, Errors: 0, Skipped: 0, Time elapsed: 0.418 sec
Running org.apache.jackrabbit.oak.jcr.MoveRemoveTest
Tests run: 12, Failures: 0, Errors: 0, Skipped: 0, Time elapsed: 0.631 sec
Running org.apache.jackrabbit.oak.jcr.CompatibilityIssuesTest
Tests run: 3, Failures: 0, Errors: 0, Skipped: 0, Time elapsed: 0.102 sec
Running org.apache.jackrabbit.oak.jcr.RepositoryTest
Tests run: 102, Failures: 0, Errors: 0, Skipped: 3, Time elapsed: 9.492 sec
Running org.apache.jackrabbit.oak.jcr.MoveTest
Tests run: 6, Failures: 0, Errors: 0, Skipped: 0, Time elapsed: 0.056 sec
Running org.apache.jackrabbit.oak.jcr.ValueFactoryTest
Tests run: 2, Failures: 0, Errors: 0, Skipped: 0, Time elapsed: 0.082 sec
Running org.apache.jackrabbit.oak.jcr.version.VersionHistoryTest
Tests run: 6, Failures: 0, Errors: 0, Skipped: 0, Time elapsed: 0.06 sec
Running org.apache.jackrabbit.oak.jcr.version.VersionablePathsTest
Tests run: 4, Failures: 0, Errors: 0, Skipped: 0, Time elapsed: 0.07 sec
Running org.apache.jackrabbit.oak.jcr.OrderableNodesTest
Tests run: 4, Failures: 0, Errors: 2, Skipped: 0, Time elapsed: 0.647 sec <<< FAILURE!
Running org.apache.jackrabbit.oak.jcr.query.qom.QomTest
Tests run: 30, Failures: 0, Errors: 0, Skipped: 0, Time elapsed: 1.295 sec
Running org.apache.jackrabbit.oak.jcr.query.PrefetchIteratorTest
Tests run: 3, Failures: 0, Errors: 0, Skipped: 0, Time elapsed: 0.132 sec
Running org.apache.jackrabbit.oak.jcr.query.QueryJcrTest
Tests run: 87, Failures: 1, Errors: 0, Skipped: 0, Time elapsed: 0.971 sec <<< FAILURE!
Running org.apache.jackrabbit.oak.jcr.query.QueryTest
Tests run: 5, Failures: 0, Errors: 0, Skipped: 0, Time elapsed: 0.421 sec
Running org.apache.jackrabbit.oak.jcr.nodetype.NodeTypeTest
Tests run: 2, Failures: 0, Errors: 0, Skipped: 0, Time elapsed: 0.109 sec
Running org.apache.jackrabbit.oak.jcr.AutoCreatedItemsTest
Tests run: 1, Failures: 0, Errors: 0, Skipped: 0, Time elapsed: 0.109 sec
Running org.apache.jackrabbit.oak.jcr.CRUDTest
Tests run: 7, Failures: 0, Errors: 1, Skipped: 0, Time elapsed: 0.298 sec <<< FAILURE!
Running org.apache.jackrabbit.oak.jcr.ConcurrentAddTest
Tests run: 1, Failures: 0, Errors: 0, Skipped: 1, Time elapsed: 0 sec

Results :

Failed tests:   testOrderByScore(org.apache.jackrabbit.core.query.SQL2OrderByTest): expected:</testroot/node[1]> but was:</testroot/node[2]>

Tests in error: 
  testAddNode(org.apache.jackrabbit.oak.jcr.OrderableNodesTest)
  orderableFolder(org.apache.jackrabbit.oak.jcr.OrderableNodesTest)
  nodeType(org.apache.jackrabbit.oak.jcr.CRUDTest): Unexpected exception, expected<javax.jcr.nodetype.ConstraintViolationException> but was<java.lang.NullPointerException>

Tests run: 511, Failures: 1, Errors: 3, Skipped: 14

[INFO] ------------------------------------------------------------------------
[INFO] BUILD FAILURE
[INFO] ------------------------------------------------------------------------
[INFO] Total time: 31.746 s
[INFO] Finished at: 2022-07-15T19:53:49-07:00
[INFO] ------------------------------------------------------------------------
[ERROR] Failed to execute goal org.apache.maven.plugins:maven-surefire-plugin:2.9:test (default-test) on project oak-jcr: There are test failures.
[ERROR] 
[ERROR] Please refer to /data-depot/user/Workspace/Reproducibility/Reproducibility-Scanner/benchmarks/bugs-dot-jar/jackrabbit-oak/oak-jcr/target/surefire-reports for the individual test results.
[ERROR] -> [Help 1]
[ERROR] 
[ERROR] To see the full stack trace of the errors, re-run Maven with the -e switch.
[ERROR] Re-run Maven using the -X switch to enable full debug logging.
[ERROR] 
[ERROR] For more information about the errors and possible solutions, please read the following articles:
[ERROR] [Help 1] http://cwiki.apache.org/confluence/display/MAVEN/MojoFailureException