[INFO] Scanning for projects...
[INFO] ------------------------------------------------------------------------
[INFO] Reactor Build Order:
[INFO] 
[INFO] Apache Log4j 2                                                     [pom]
[INFO] Apache Log4j API                                                   [jar]
[INFO] Apache Log4J Core                                                  [jar]
[INFO] Apache Log4j 1.x Compatibility API                                 [jar]
[INFO] Apache Log4j SLF4J Binding                                         [jar]
[INFO] Apache Log4j Commons Logging Bridge                                [jar]
[INFO] Apache Log4j Flume NG Bridge                                       [jar]
[INFO] Log4j Web Adapters                                                 [jar]
[INFO] 
[INFO] -------------------< org.apache.logging.log4j:log4j >-------------------
[INFO] Building Apache Log4j 2 2.0-beta3-SNAPSHOT                         [1/8]
[INFO] --------------------------------[ pom ]---------------------------------
[INFO] 
[INFO] --- maven-remote-resources-plugin:1.1:process (default) @ log4j ---
[INFO] Setting property: classpath.resource.loader.class => 'org.codehaus.plexus.velocity.ContextClassLoaderResourceLoader'.
[INFO] Setting property: velocimacro.messages.on => 'false'.
[INFO] Setting property: resource.loader => 'classpath'.
[INFO] Setting property: resource.manager.logwhenfound => 'false'.
[INFO] 
[INFO] --- maven-bundle-plugin:2.3.7:manifest (bundle-manifest) @ log4j ---
[WARNING] Ignoring project type pom - supportedProjectTypes = [jar, bundle]
[INFO] 
[INFO] --- maven-install-plugin:2.3.1:install (default-install) @ log4j ---
[INFO] Installing /data-depot/user/Workspace/Reproducibility/Reproducibility-Scanner/benchmarks/bugs-dot-jar/logging-log4j2/pom.xml to /home/user/.m2/repository/org/apache/logging/log4j/log4j/2.0-beta3-SNAPSHOT/log4j-2.0-beta3-SNAPSHOT.pom
[INFO] 
[INFO] -----------------< org.apache.logging.log4j:log4j-api >-----------------
[INFO] Building Apache Log4j API 2.0-beta3-SNAPSHOT                       [2/8]
[INFO] --------------------------------[ jar ]---------------------------------
[INFO] 
[INFO] --- maven-remote-resources-plugin:1.1:process (default) @ log4j-api ---
[INFO] 
[INFO] --- maven-resources-plugin:2.5:resources (default-resources) @ log4j-api ---
[debug] execute contextualize
[INFO] Using 'UTF-8' encoding to copy filtered resources.
[INFO] skip non existing resourceDirectory /data-depot/user/Workspace/Reproducibility/Reproducibility-Scanner/benchmarks/bugs-dot-jar/logging-log4j2/api/src/main/resources
[INFO] Copying 3 resources
[INFO] 
[INFO] --- maven-compiler-plugin:2.3.2:compile (default-compile) @ log4j-api ---
[INFO] Compiling 36 source files to /data-depot/user/Workspace/Reproducibility/Reproducibility-Scanner/benchmarks/bugs-dot-jar/logging-log4j2/api/target/classes
[INFO] 
[INFO] --- maven-bundle-plugin:2.3.7:manifest (bundle-manifest) @ log4j-api ---
[INFO] 
[INFO] --- maven-resources-plugin:2.5:testResources (default-testResources) @ log4j-api ---
[debug] execute contextualize
[INFO] Using 'UTF-8' encoding to copy filtered resources.
[INFO] Copying 1 resource
[INFO] Copying 3 resources
[INFO] 
[INFO] --- maven-compiler-plugin:2.3.2:testCompile (default-testCompile) @ log4j-api ---
[INFO] Compiling 15 source files to /data-depot/user/Workspace/Reproducibility/Reproducibility-Scanner/benchmarks/bugs-dot-jar/logging-log4j2/api/target/test-classes
[INFO] 
[INFO] --- maven-surefire-plugin:2.7.2:test (default-test) @ log4j-api ---
[INFO] Tests are skipped.
[INFO] 
[INFO] --- maven-jar-plugin:2.3.1:jar (default-jar) @ log4j-api ---
[INFO] Building jar: /data-depot/user/Workspace/Reproducibility/Reproducibility-Scanner/benchmarks/bugs-dot-jar/logging-log4j2/api/target/log4j-api-2.0-beta3-SNAPSHOT.jar
[INFO] 
[INFO] --- maven-install-plugin:2.3.1:install (default-install) @ log4j-api ---
[INFO] Installing /data-depot/user/Workspace/Reproducibility/Reproducibility-Scanner/benchmarks/bugs-dot-jar/logging-log4j2/api/target/log4j-api-2.0-beta3-SNAPSHOT.jar to /home/user/.m2/repository/org/apache/logging/log4j/log4j-api/2.0-beta3-SNAPSHOT/log4j-api-2.0-beta3-SNAPSHOT.jar
[INFO] Installing /data-depot/user/Workspace/Reproducibility/Reproducibility-Scanner/benchmarks/bugs-dot-jar/logging-log4j2/api/pom.xml to /home/user/.m2/repository/org/apache/logging/log4j/log4j-api/2.0-beta3-SNAPSHOT/log4j-api-2.0-beta3-SNAPSHOT.pom
[INFO] 
[INFO] ----------------< org.apache.logging.log4j:log4j-core >-----------------
[INFO] Building Apache Log4J Core 2.0-beta3-SNAPSHOT                      [3/8]
[INFO] --------------------------------[ jar ]---------------------------------
[INFO] 
[INFO] --- maven-remote-resources-plugin:1.1:process (default) @ log4j-core ---
[INFO] 
[INFO] --- maven-resources-plugin:2.5:resources (default-resources) @ log4j-core ---
[debug] execute contextualize
[INFO] Using 'UTF-8' encoding to copy filtered resources.
[INFO] Copying 2 resources
[INFO] Copying 3 resources
[INFO] 
[INFO] --- maven-compiler-plugin:2.3.2:compile (default-compile) @ log4j-core ---
[INFO] Compiling 213 source files to /data-depot/user/Workspace/Reproducibility/Reproducibility-Scanner/benchmarks/bugs-dot-jar/logging-log4j2/core/target/classes
[INFO] 
[INFO] --- maven-bundle-plugin:2.3.7:manifest (bundle-manifest) @ log4j-core ---
[INFO] 
[INFO] >>> exec-maven-plugin:1.2.1:java (default) > validate @ log4j-core >>>
[INFO] 
[INFO] <<< exec-maven-plugin:1.2.1:java (default) < validate @ log4j-core <<<
[INFO] 
[INFO] 
[INFO] --- exec-maven-plugin:1.2.1:java (default) @ log4j-core ---
[INFO] 
[INFO] --- maven-resources-plugin:2.5:testResources (default-testResources) @ log4j-core ---
[debug] execute contextualize
[INFO] Using 'UTF-8' encoding to copy filtered resources.
[INFO] Copying 38 resources
[INFO] Copying 3 resources
[INFO] 
[INFO] --- maven-compiler-plugin:2.3.2:testCompile (default-testCompile) @ log4j-core ---
[INFO] Compiling 90 source files to /data-depot/user/Workspace/Reproducibility/Reproducibility-Scanner/benchmarks/bugs-dot-jar/logging-log4j2/core/target/test-classes
[WARNING] /data-depot/user/Workspace/Reproducibility/Reproducibility-Scanner/benchmarks/bugs-dot-jar/logging-log4j2/core/src/test/java/org/apache/logging/log4j/ReflectionComparison.java:[25,18] Reflection is internal proprietary API and may be removed in a future release
[WARNING] /data-depot/user/Workspace/Reproducibility/Reproducibility-Scanner/benchmarks/bugs-dot-jar/logging-log4j2/core/src/test/java/org/apache/logging/log4j/ReflectionComparison.java:[83,12] Reflection is internal proprietary API and may be removed in a future release
[INFO] 
[INFO] --- maven-surefire-plugin:2.7.2:test (default-test) @ log4j-core ---
[INFO] Tests are skipped.
[INFO] 
[INFO] --- maven-jar-plugin:2.3.1:jar (default-jar) @ log4j-core ---
[INFO] Building jar: /data-depot/user/Workspace/Reproducibility/Reproducibility-Scanner/benchmarks/bugs-dot-jar/logging-log4j2/core/target/log4j-core-2.0-beta3-SNAPSHOT.jar
[INFO] 
[INFO] --- maven-jar-plugin:2.3.1:test-jar (default) @ log4j-core ---
[INFO] Building jar: /data-depot/user/Workspace/Reproducibility/Reproducibility-Scanner/benchmarks/bugs-dot-jar/logging-log4j2/core/target/log4j-core-2.0-beta3-SNAPSHOT-tests.jar
[INFO] 
[INFO] --- maven-install-plugin:2.3.1:install (default-install) @ log4j-core ---
[INFO] Installing /data-depot/user/Workspace/Reproducibility/Reproducibility-Scanner/benchmarks/bugs-dot-jar/logging-log4j2/core/target/log4j-core-2.0-beta3-SNAPSHOT.jar to /home/user/.m2/repository/org/apache/logging/log4j/log4j-core/2.0-beta3-SNAPSHOT/log4j-core-2.0-beta3-SNAPSHOT.jar
[INFO] Installing /data-depot/user/Workspace/Reproducibility/Reproducibility-Scanner/benchmarks/bugs-dot-jar/logging-log4j2/core/pom.xml to /home/user/.m2/repository/org/apache/logging/log4j/log4j-core/2.0-beta3-SNAPSHOT/log4j-core-2.0-beta3-SNAPSHOT.pom
[INFO] Installing /data-depot/user/Workspace/Reproducibility/Reproducibility-Scanner/benchmarks/bugs-dot-jar/logging-log4j2/core/target/log4j-core-2.0-beta3-SNAPSHOT-tests.jar to /home/user/.m2/repository/org/apache/logging/log4j/log4j-core/2.0-beta3-SNAPSHOT/log4j-core-2.0-beta3-SNAPSHOT-tests.jar
[INFO] 
[INFO] -----------< org.apache.logging.log4j.adapters:log4j12-api >------------
[INFO] Building Apache Log4j 1.x Compatibility API 2.0-beta3-SNAPSHOT     [4/8]
[INFO] --------------------------------[ jar ]---------------------------------
[INFO] 
[INFO] --- maven-remote-resources-plugin:1.1:process (default) @ log4j12-api ---
[INFO] 
[INFO] --- maven-resources-plugin:2.5:resources (default-resources) @ log4j12-api ---
[debug] execute contextualize
[INFO] Using 'UTF-8' encoding to copy filtered resources.
[INFO] skip non existing resourceDirectory /data-depot/user/Workspace/Reproducibility/Reproducibility-Scanner/benchmarks/bugs-dot-jar/logging-log4j2/log4j12-api/src/main/resources
[INFO] Copying 3 resources
[INFO] 
[INFO] --- maven-compiler-plugin:2.3.2:compile (default-compile) @ log4j12-api ---
[INFO] Compiling 10 source files to /data-depot/user/Workspace/Reproducibility/Reproducibility-Scanner/benchmarks/bugs-dot-jar/logging-log4j2/log4j12-api/target/classes
[INFO] 
[INFO] --- maven-bundle-plugin:2.3.7:manifest (bundle-manifest) @ log4j12-api ---
[WARNING] Manifest org.apache.logging.log4j.adapters:log4j12-api:jar:2.0-beta3-SNAPSHOT : Superfluous export-package instructions: [org.apache.logging.log4j.*]
[INFO] 
[INFO] --- maven-resources-plugin:2.5:testResources (default-testResources) @ log4j12-api ---
[debug] execute contextualize
[INFO] Using 'UTF-8' encoding to copy filtered resources.
[INFO] Copying 4 resources
[INFO] Copying 3 resources
[INFO] 
[INFO] --- maven-compiler-plugin:2.3.2:testCompile (default-testCompile) @ log4j12-api ---
[INFO] Compiling 6 source files to /data-depot/user/Workspace/Reproducibility/Reproducibility-Scanner/benchmarks/bugs-dot-jar/logging-log4j2/log4j12-api/target/test-classes
[INFO] 
[INFO] --- maven-surefire-plugin:2.7.2:test (default-test) @ log4j12-api ---
[INFO] Tests are skipped.
[INFO] 
[INFO] --- maven-jar-plugin:2.3.1:jar (default-jar) @ log4j12-api ---
[INFO] Building jar: /data-depot/user/Workspace/Reproducibility/Reproducibility-Scanner/benchmarks/bugs-dot-jar/logging-log4j2/log4j12-api/target/log4j12-api-2.0-beta3-SNAPSHOT.jar
[INFO] 
[INFO] --- maven-install-plugin:2.3.1:install (default-install) @ log4j12-api ---
[INFO] Installing /data-depot/user/Workspace/Reproducibility/Reproducibility-Scanner/benchmarks/bugs-dot-jar/logging-log4j2/log4j12-api/target/log4j12-api-2.0-beta3-SNAPSHOT.jar to /home/user/.m2/repository/org/apache/logging/log4j/adapters/log4j12-api/2.0-beta3-SNAPSHOT/log4j12-api-2.0-beta3-SNAPSHOT.jar
[INFO] Installing /data-depot/user/Workspace/Reproducibility/Reproducibility-Scanner/benchmarks/bugs-dot-jar/logging-log4j2/log4j12-api/pom.xml to /home/user/.m2/repository/org/apache/logging/log4j/adapters/log4j12-api/2.0-beta3-SNAPSHOT/log4j12-api-2.0-beta3-SNAPSHOT.pom
[INFO] 
[INFO] ------------< org.apache.logging.log4j.adapters:slf4j-impl >------------
[INFO] Building Apache Log4j SLF4J Binding 2.0-beta3-SNAPSHOT             [5/8]
[INFO] --------------------------------[ jar ]---------------------------------
[INFO] 
[INFO] --- maven-remote-resources-plugin:1.1:process (default) @ slf4j-impl ---
[INFO] 
[INFO] --- maven-resources-plugin:2.5:resources (default-resources) @ slf4j-impl ---
[debug] execute contextualize
[INFO] Using 'UTF-8' encoding to copy filtered resources.
[INFO] skip non existing resourceDirectory /data-depot/user/Workspace/Reproducibility/Reproducibility-Scanner/benchmarks/bugs-dot-jar/logging-log4j2/slf4j-impl/src/main/resources
[INFO] Copying 3 resources
[INFO] 
[INFO] --- maven-compiler-plugin:2.3.2:compile (default-compile) @ slf4j-impl ---
[INFO] Compiling 12 source files to /data-depot/user/Workspace/Reproducibility/Reproducibility-Scanner/benchmarks/bugs-dot-jar/logging-log4j2/slf4j-impl/target/classes
[INFO] 
[INFO] --- maven-bundle-plugin:2.3.7:manifest (bundle-manifest) @ slf4j-impl ---
[WARNING] Manifest org.apache.logging.log4j.adapters:slf4j-impl:jar:2.0-beta3-SNAPSHOT : Superfluous export-package instructions: [org.apache.logging.log4j.*]
[INFO] 
[INFO] --- maven-resources-plugin:2.5:testResources (default-testResources) @ slf4j-impl ---
[debug] execute contextualize
[INFO] Using 'UTF-8' encoding to copy filtered resources.
[INFO] Copying 1 resource
[INFO] Copying 3 resources
[INFO] 
[INFO] --- maven-compiler-plugin:2.3.2:testCompile (default-testCompile) @ slf4j-impl ---
[INFO] Compiling 2 source files to /data-depot/user/Workspace/Reproducibility/Reproducibility-Scanner/benchmarks/bugs-dot-jar/logging-log4j2/slf4j-impl/target/test-classes
[INFO] 
[INFO] --- maven-surefire-plugin:2.7.2:test (default-test) @ slf4j-impl ---
[INFO] Tests are skipped.
[INFO] 
[INFO] --- maven-jar-plugin:2.3.1:jar (default-jar) @ slf4j-impl ---
[INFO] Building jar: /data-depot/user/Workspace/Reproducibility/Reproducibility-Scanner/benchmarks/bugs-dot-jar/logging-log4j2/slf4j-impl/target/slf4j-impl-2.0-beta3-SNAPSHOT.jar
[INFO] 
[INFO] --- maven-install-plugin:2.3.1:install (default-install) @ slf4j-impl ---
[INFO] Installing /data-depot/user/Workspace/Reproducibility/Reproducibility-Scanner/benchmarks/bugs-dot-jar/logging-log4j2/slf4j-impl/target/slf4j-impl-2.0-beta3-SNAPSHOT.jar to /home/user/.m2/repository/org/apache/logging/log4j/adapters/slf4j-impl/2.0-beta3-SNAPSHOT/slf4j-impl-2.0-beta3-SNAPSHOT.jar
[INFO] Installing /data-depot/user/Workspace/Reproducibility/Reproducibility-Scanner/benchmarks/bugs-dot-jar/logging-log4j2/slf4j-impl/pom.xml to /home/user/.m2/repository/org/apache/logging/log4j/adapters/slf4j-impl/2.0-beta3-SNAPSHOT/slf4j-impl-2.0-beta3-SNAPSHOT.pom
[INFO] 
[INFO] ------------< org.apache.logging.log4j.adapters:log4j-jcl >-------------
[INFO] Building Apache Log4j Commons Logging Bridge 2.0-beta3-SNAPSHOT    [6/8]
[INFO] --------------------------------[ jar ]---------------------------------
[INFO] 
[INFO] --- maven-remote-resources-plugin:1.1:process (default) @ log4j-jcl ---
[INFO] 
[INFO] --- maven-resources-plugin:2.5:resources (default-resources) @ log4j-jcl ---
[debug] execute contextualize
[INFO] Using 'UTF-8' encoding to copy filtered resources.
[INFO] Copying 1 resource
[INFO] Copying 3 resources
[INFO] 
[INFO] --- maven-compiler-plugin:2.3.2:compile (default-compile) @ log4j-jcl ---
[INFO] Compiling 3 source files to /data-depot/user/Workspace/Reproducibility/Reproducibility-Scanner/benchmarks/bugs-dot-jar/logging-log4j2/jcl-bridge/target/classes
[INFO] 
[INFO] --- maven-bundle-plugin:2.3.7:manifest (bundle-manifest) @ log4j-jcl ---
[INFO] 
[INFO] --- maven-resources-plugin:2.5:testResources (default-testResources) @ log4j-jcl ---
[debug] execute contextualize
[INFO] Using 'UTF-8' encoding to copy filtered resources.
[INFO] Copying 1 resource
[INFO] Copying 3 resources
[INFO] 
[INFO] --- maven-compiler-plugin:2.3.2:testCompile (default-testCompile) @ log4j-jcl ---
[INFO] Compiling 1 source file to /data-depot/user/Workspace/Reproducibility/Reproducibility-Scanner/benchmarks/bugs-dot-jar/logging-log4j2/jcl-bridge/target/test-classes
[INFO] 
[INFO] --- maven-surefire-plugin:2.7.2:test (default-test) @ log4j-jcl ---
[INFO] Tests are skipped.
[INFO] 
[INFO] --- maven-jar-plugin:2.3.1:jar (default-jar) @ log4j-jcl ---
[INFO] Building jar: /data-depot/user/Workspace/Reproducibility/Reproducibility-Scanner/benchmarks/bugs-dot-jar/logging-log4j2/jcl-bridge/target/log4j-jcl-2.0-beta3-SNAPSHOT.jar
[INFO] 
[INFO] --- maven-install-plugin:2.3.1:install (default-install) @ log4j-jcl ---
[INFO] Installing /data-depot/user/Workspace/Reproducibility/Reproducibility-Scanner/benchmarks/bugs-dot-jar/logging-log4j2/jcl-bridge/target/log4j-jcl-2.0-beta3-SNAPSHOT.jar to /home/user/.m2/repository/org/apache/logging/log4j/adapters/log4j-jcl/2.0-beta3-SNAPSHOT/log4j-jcl-2.0-beta3-SNAPSHOT.jar
[INFO] Installing /data-depot/user/Workspace/Reproducibility/Reproducibility-Scanner/benchmarks/bugs-dot-jar/logging-log4j2/jcl-bridge/pom.xml to /home/user/.m2/repository/org/apache/logging/log4j/adapters/log4j-jcl/2.0-beta3-SNAPSHOT/log4j-jcl-2.0-beta3-SNAPSHOT.pom
[INFO] 
[INFO] ----------< org.apache.logging.log4j.adapters:log4j-flume-ng >----------
[INFO] Building Apache Log4j Flume NG Bridge 2.0-beta3-SNAPSHOT           [7/8]
[INFO] --------------------------------[ jar ]---------------------------------
[INFO] 
[INFO] --- maven-remote-resources-plugin:1.1:process (default) @ log4j-flume-ng ---
[INFO] 
[INFO] --- maven-resources-plugin:2.5:resources (default-resources) @ log4j-flume-ng ---
[debug] execute contextualize
[INFO] Using 'UTF-8' encoding to copy filtered resources.
[INFO] skip non existing resourceDirectory /data-depot/user/Workspace/Reproducibility/Reproducibility-Scanner/benchmarks/bugs-dot-jar/logging-log4j2/flume-ng/src/main/resources
[INFO] Copying 3 resources
[INFO] 
[INFO] --- maven-compiler-plugin:2.3.2:compile (default-compile) @ log4j-flume-ng ---
[INFO] Compiling 11 source files to /data-depot/user/Workspace/Reproducibility/Reproducibility-Scanner/benchmarks/bugs-dot-jar/logging-log4j2/flume-ng/target/classes
[INFO] 
[INFO] --- maven-bundle-plugin:2.3.7:manifest (bundle-manifest) @ log4j-flume-ng ---
[INFO] 
[INFO] >>> exec-maven-plugin:1.2.1:java (default) > validate @ log4j-flume-ng >>>
[INFO] 
[INFO] <<< exec-maven-plugin:1.2.1:java (default) < validate @ log4j-flume-ng <<<
[INFO] 
[INFO] 
[INFO] --- exec-maven-plugin:1.2.1:java (default) @ log4j-flume-ng ---
[INFO] 
[INFO] --- maven-resources-plugin:2.5:testResources (default-testResources) @ log4j-flume-ng ---
[debug] execute contextualize
[INFO] Using 'UTF-8' encoding to copy filtered resources.
[INFO] Copying 2 resources
[INFO] Copying 3 resources
[INFO] 
[INFO] --- maven-compiler-plugin:2.3.2:testCompile (default-testCompile) @ log4j-flume-ng ---
[INFO] Compiling 3 source files to /data-depot/user/Workspace/Reproducibility/Reproducibility-Scanner/benchmarks/bugs-dot-jar/logging-log4j2/flume-ng/target/test-classes
[INFO] 
[INFO] --- maven-surefire-plugin:2.7.2:test (default-test) @ log4j-flume-ng ---
[INFO] Tests are skipped.
[INFO] 
[INFO] --- maven-jar-plugin:2.3.1:jar (default-jar) @ log4j-flume-ng ---
[INFO] Building jar: /data-depot/user/Workspace/Reproducibility/Reproducibility-Scanner/benchmarks/bugs-dot-jar/logging-log4j2/flume-ng/target/log4j-flume-ng-2.0-beta3-SNAPSHOT.jar
[INFO] 
[INFO] --- maven-jar-plugin:2.3.1:test-jar (default) @ log4j-flume-ng ---
[INFO] Building jar: /data-depot/user/Workspace/Reproducibility/Reproducibility-Scanner/benchmarks/bugs-dot-jar/logging-log4j2/flume-ng/target/log4j-flume-ng-2.0-beta3-SNAPSHOT-tests.jar
[INFO] 
[INFO] --- maven-install-plugin:2.3.1:install (default-install) @ log4j-flume-ng ---
[INFO] Installing /data-depot/user/Workspace/Reproducibility/Reproducibility-Scanner/benchmarks/bugs-dot-jar/logging-log4j2/flume-ng/target/log4j-flume-ng-2.0-beta3-SNAPSHOT.jar to /home/user/.m2/repository/org/apache/logging/log4j/adapters/log4j-flume-ng/2.0-beta3-SNAPSHOT/log4j-flume-ng-2.0-beta3-SNAPSHOT.jar
[INFO] Installing /data-depot/user/Workspace/Reproducibility/Reproducibility-Scanner/benchmarks/bugs-dot-jar/logging-log4j2/flume-ng/pom.xml to /home/user/.m2/repository/org/apache/logging/log4j/adapters/log4j-flume-ng/2.0-beta3-SNAPSHOT/log4j-flume-ng-2.0-beta3-SNAPSHOT.pom
[INFO] Installing /data-depot/user/Workspace/Reproducibility/Reproducibility-Scanner/benchmarks/bugs-dot-jar/logging-log4j2/flume-ng/target/log4j-flume-ng-2.0-beta3-SNAPSHOT-tests.jar to /home/user/.m2/repository/org/apache/logging/log4j/adapters/log4j-flume-ng/2.0-beta3-SNAPSHOT/log4j-flume-ng-2.0-beta3-SNAPSHOT-tests.jar
[INFO] 
[INFO] ------------< org.apache.logging.log4j.adapters:log4j-web >-------------
[INFO] Building Log4j Web Adapters 2.0-beta3-SNAPSHOT                     [8/8]
[INFO] --------------------------------[ jar ]---------------------------------
[INFO] 
[INFO] --- maven-remote-resources-plugin:1.1:process (default) @ log4j-web ---
[INFO] 
[INFO] --- maven-resources-plugin:2.5:resources (default-resources) @ log4j-web ---
[debug] execute contextualize
[INFO] Using 'UTF-8' encoding to copy filtered resources.
[INFO] skip non existing resourceDirectory /data-depot/user/Workspace/Reproducibility/Reproducibility-Scanner/benchmarks/bugs-dot-jar/logging-log4j2/web/src/main/resources
[INFO] Copying 3 resources
[INFO] 
[INFO] --- maven-compiler-plugin:2.3.2:compile (default-compile) @ log4j-web ---
[INFO] Compiling 3 source files to /data-depot/user/Workspace/Reproducibility/Reproducibility-Scanner/benchmarks/bugs-dot-jar/logging-log4j2/web/target/classes
[INFO] 
[INFO] --- maven-bundle-plugin:2.3.7:manifest (bundle-manifest) @ log4j-web ---
[INFO] 
[INFO] --- maven-resources-plugin:2.5:testResources (default-testResources) @ log4j-web ---
[debug] execute contextualize
[INFO] Using 'UTF-8' encoding to copy filtered resources.
[INFO] Copying 1 resource
[INFO] Copying 3 resources
[INFO] 
[INFO] --- maven-compiler-plugin:2.3.2:testCompile (default-testCompile) @ log4j-web ---
[INFO] Compiling 1 source file to /data-depot/user/Workspace/Reproducibility/Reproducibility-Scanner/benchmarks/bugs-dot-jar/logging-log4j2/web/target/test-classes
[INFO] 
[INFO] --- maven-surefire-plugin:2.7.2:test (default-test) @ log4j-web ---
[INFO] Tests are skipped.
[INFO] 
[INFO] --- maven-jar-plugin:2.3.1:jar (default-jar) @ log4j-web ---
[INFO] Building jar: /data-depot/user/Workspace/Reproducibility/Reproducibility-Scanner/benchmarks/bugs-dot-jar/logging-log4j2/web/target/log4j-web-2.0-beta3-SNAPSHOT.jar
[INFO] 
[INFO] --- maven-install-plugin:2.3.1:install (default-install) @ log4j-web ---
[INFO] Installing /data-depot/user/Workspace/Reproducibility/Reproducibility-Scanner/benchmarks/bugs-dot-jar/logging-log4j2/web/target/log4j-web-2.0-beta3-SNAPSHOT.jar to /home/user/.m2/repository/org/apache/logging/log4j/adapters/log4j-web/2.0-beta3-SNAPSHOT/log4j-web-2.0-beta3-SNAPSHOT.jar
[INFO] Installing /data-depot/user/Workspace/Reproducibility/Reproducibility-Scanner/benchmarks/bugs-dot-jar/logging-log4j2/web/pom.xml to /home/user/.m2/repository/org/apache/logging/log4j/adapters/log4j-web/2.0-beta3-SNAPSHOT/log4j-web-2.0-beta3-SNAPSHOT.pom
[INFO] ------------------------------------------------------------------------
[INFO] Reactor Summary:
[INFO] 
[INFO] Apache Log4j 2 2.0-beta3-SNAPSHOT .................. SUCCESS [  0.700 s]
[INFO] Apache Log4j API ................................... SUCCESS [  2.599 s]
[INFO] Apache Log4J Core .................................. SUCCESS [  3.443 s]
[INFO] Apache Log4j 1.x Compatibility API ................. SUCCESS [  1.553 s]
[INFO] Apache Log4j SLF4J Binding ......................... SUCCESS [  0.971 s]
[INFO] Apache Log4j Commons Logging Bridge ................ SUCCESS [  0.820 s]
[INFO] Apache Log4j Flume NG Bridge ....................... SUCCESS [  1.981 s]
[INFO] Log4j Web Adapters 2.0-beta3-SNAPSHOT .............. SUCCESS [  1.151 s]
[INFO] ------------------------------------------------------------------------
[INFO] BUILD SUCCESS
[INFO] ------------------------------------------------------------------------
[INFO] Total time: 13.446 s
[INFO] Finished at: 2022-07-15T02:56:08-07:00
[INFO] ------------------------------------------------------------------------
[INFO] Scanning for projects...
[INFO] 
[INFO] ----------------< org.apache.logging.log4j:log4j-core >-----------------
[INFO] Building Apache Log4J Core 2.0-beta3-SNAPSHOT
[INFO] --------------------------------[ jar ]---------------------------------
[INFO] 
[INFO] --- maven-remote-resources-plugin:1.1:process (default) @ log4j-core ---
[INFO] Setting property: classpath.resource.loader.class => 'org.codehaus.plexus.velocity.ContextClassLoaderResourceLoader'.
[INFO] Setting property: velocimacro.messages.on => 'false'.
[INFO] Setting property: resource.loader => 'classpath'.
[INFO] Setting property: resource.manager.logwhenfound => 'false'.
[INFO] 
[INFO] --- maven-resources-plugin:2.5:resources (default-resources) @ log4j-core ---
[debug] execute contextualize
[INFO] Using 'UTF-8' encoding to copy filtered resources.
[INFO] Copying 2 resources
[INFO] Copying 3 resources
[INFO] 
[INFO] --- maven-compiler-plugin:2.3.2:compile (default-compile) @ log4j-core ---
[INFO] Compiling 17 source files to /data-depot/user/Workspace/Reproducibility/Reproducibility-Scanner/benchmarks/bugs-dot-jar/logging-log4j2/core/target/classes
[INFO] 
[INFO] --- maven-bundle-plugin:2.3.7:manifest (bundle-manifest) @ log4j-core ---
[INFO] 
[INFO] >>> exec-maven-plugin:1.2.1:java (default) > validate @ log4j-core >>>
[INFO] 
[INFO] <<< exec-maven-plugin:1.2.1:java (default) < validate @ log4j-core <<<
[INFO] 
[INFO] 
[INFO] --- exec-maven-plugin:1.2.1:java (default) @ log4j-core ---
[INFO] 
[INFO] --- maven-resources-plugin:2.5:testResources (default-testResources) @ log4j-core ---
[debug] execute contextualize
[INFO] Using 'UTF-8' encoding to copy filtered resources.
[INFO] Copying 38 resources
[INFO] Copying 3 resources
[INFO] 
[INFO] --- maven-compiler-plugin:2.3.2:testCompile (default-testCompile) @ log4j-core ---
[INFO] Nothing to compile - all classes are up to date
[INFO] 
[INFO] --- maven-surefire-plugin:2.7.2:test (default-test) @ log4j-core ---
[INFO] Surefire report directory: /data-depot/user/Workspace/Reproducibility/Reproducibility-Scanner/benchmarks/bugs-dot-jar/logging-log4j2/core/target/surefire-reports

-------------------------------------------------------
 T E S T S
-------------------------------------------------------
Running org.apache.logging.log4j.core.filter.ThreadContextMapFilterTest
Tests run: 1, Failures: 0, Errors: 0, Skipped: 0, Time elapsed: 0.05 sec
Running org.apache.logging.log4j.core.filter.DynamicThresholdFilterTest
Tests run: 2, Failures: 0, Errors: 0, Skipped: 0, Time elapsed: 0.29 sec
Running org.apache.logging.log4j.core.filter.MapFilterTest
Tests run: 2, Failures: 0, Errors: 0, Skipped: 0, Time elapsed: 0.319 sec
Running org.apache.logging.log4j.core.filter.RegexFilterTest
Tests run: 1, Failures: 0, Errors: 0, Skipped: 0, Time elapsed: 0.064 sec
Running org.apache.logging.log4j.core.filter.BurstFilterTest
Tests run: 1, Failures: 0, Errors: 0, Skipped: 0, Time elapsed: 7.111 sec
Running org.apache.logging.log4j.core.filter.ThresholdFilterTest
Tests run: 1, Failures: 0, Errors: 0, Skipped: 0, Time elapsed: 0.052 sec
Running org.apache.logging.log4j.core.filter.StructuredDataFilterTest
Tests run: 1, Failures: 0, Errors: 0, Skipped: 0, Time elapsed: 0.061 sec
Running org.apache.logging.log4j.core.filter.TimeFilterTest
Tests run: 1, Failures: 0, Errors: 0, Skipped: 0, Time elapsed: 0.07 sec
Running org.apache.logging.log4j.core.filter.MarkerFilterTest
Tests run: 1, Failures: 0, Errors: 0, Skipped: 0, Time elapsed: 0.062 sec
Running org.apache.logging.log4j.core.ThreadedTest
Counter = 100
2022-07-15 02:56:23,317 WARN No Loggers were configured, using default
Tests run: 1, Failures: 0, Errors: 0, Skipped: 0, Time elapsed: 0.542 sec
Running org.apache.logging.log4j.core.config.TestConfigurator
Tests run: 4, Failures: 0, Errors: 0, Skipped: 0, Time elapsed: 0.842 sec
Running org.apache.logging.log4j.core.config.XMLConfigurationPropsTest
2022-07-15 02:56:24,812 DEBUG Generated plugins in 0.000210989 seconds
2022-07-15 02:56:24,819 DEBUG Calling createLayout on class org.apache.logging.log4j.core.layout.PatternLayout for element PatternLayout with params(pattern="[%-5level] %msg%n", Configuration(DSI), null, charset="null")
2022-07-15 02:56:24,820 DEBUG Generated plugins in 0.000177194 seconds
2022-07-15 02:56:24,822 DEBUG Calling createAppender on class org.apache.logging.log4j.core.appender.ConsoleAppender for element Console with params(PatternLayout([%-5level] %msg%n), null, target="SYSTEM_OUT", name="Console", suppressExceptions="null")
2022-07-15 02:56:24,822 DEBUG Calling createAppenders on class org.apache.logging.log4j.core.config.plugins.AppendersPlugin for element appenders with params(appenders={Console})
2022-07-15 02:56:24,823 DEBUG Generated plugins in 0.000111307 seconds
2022-07-15 02:56:24,824 DEBUG Calling createAppenderRef on class org.apache.logging.log4j.core.config.AppenderRef for element appender-ref with params(ref="Console", level="null", null)
2022-07-15 02:56:24,825 DEBUG Calling createLogger on class org.apache.logging.log4j.core.config.LoggerConfig$RootLogger for element root with params(additivity="null", level="debug", appender-ref={org.apache.logging.log4j.core.config.AppenderRef@483bf400}, null)
2022-07-15 02:56:24,826 DEBUG Calling createLoggers on class org.apache.logging.log4j.core.config.plugins.LoggersPlugin for element loggers with params(loggers={root})
2022-07-15 02:56:24,827 DEBUG Reconfiguration completed
2022-07-15 02:56:24,827 DEBUG Reconfiguration started for context Default
2022-07-15 02:56:24,828 DEBUG Generated plugins in 0.000099676 seconds
2022-07-15 02:56:24,831 DEBUG Generated plugins in 0.000085656 seconds
2022-07-15 02:56:24,831 DEBUG Calling createLayout on class org.apache.logging.log4j.core.layout.PatternLayout for element PatternLayout with params(pattern="[%-5level] %msg%n", Configuration(DSI), null, charset="null")
2022-07-15 02:56:24,832 DEBUG Generated plugins in 0.000114848 seconds
2022-07-15 02:56:24,833 DEBUG Calling createAppender on class org.apache.logging.log4j.core.appender.ConsoleAppender for element Console with params(PatternLayout([%-5level] %msg%n), null, target="SYSTEM_OUT", name="Console", suppressExceptions="null")
2022-07-15 02:56:24,833 DEBUG Calling createAppenders on class org.apache.logging.log4j.core.config.plugins.AppendersPlugin for element appenders with params(appenders={Console})
2022-07-15 02:56:24,834 DEBUG Generated plugins in 0.000104353 seconds
2022-07-15 02:56:24,835 DEBUG Calling createAppenderRef on class org.apache.logging.log4j.core.config.AppenderRef for element appender-ref with params(ref="Console", level="null", null)
2022-07-15 02:56:24,836 DEBUG Calling createLogger on class org.apache.logging.log4j.core.config.LoggerConfig$RootLogger for element root with params(additivity="null", level="debug", appender-ref={org.apache.logging.log4j.core.config.AppenderRef@326de728}, null)
2022-07-15 02:56:24,836 DEBUG Calling createLoggers on class org.apache.logging.log4j.core.config.plugins.LoggersPlugin for element loggers with params(loggers={root})
2022-07-15 02:56:24,837 DEBUG Reconfiguration completed
2022-07-15 02:56:24,841 DEBUG Reconfiguration started for context Default
2022-07-15 02:56:24,841 DEBUG Generated plugins in 0.000099946 seconds
2022-07-15 02:56:24,848 ERROR Invalid Log level specified: ${sys:log.level}. Defaulting to Error
2022-07-15 02:56:24,851 DEBUG Generated plugins in 0.000125183 seconds
2022-07-15 02:56:24,852 DEBUG Calling createLayout on class org.apache.logging.log4j.core.layout.PatternLayout for element PatternLayout with params(pattern="[%-5level] %msg%n", Configuration(DSI), null, charset="null")
2022-07-15 02:56:24,853 DEBUG Generated plugins in 0.000092160 seconds
2022-07-15 02:56:24,854 DEBUG Calling createAppender on class org.apache.logging.log4j.core.appender.ConsoleAppender for element Console with params(PatternLayout([%-5level] %msg%n), null, target="SYSTEM_OUT", name="Console", suppressExceptions="null")
2022-07-15 02:56:24,854 DEBUG Calling createAppenders on class org.apache.logging.log4j.core.config.plugins.AppendersPlugin for element appenders with params(appenders={Console})
2022-07-15 02:56:24,855 DEBUG Generated plugins in 0.000120121 seconds
2022-07-15 02:56:24,855 DEBUG Calling createAppenderRef on class org.apache.logging.log4j.core.config.AppenderRef for element appender-ref with params(ref="Console", level="null", null)
2022-07-15 02:56:24,856 DEBUG Calling createLogger on class org.apache.logging.log4j.core.config.LoggerConfig$RootLogger for element root with params(additivity="null", level="${sys:log.level}", appender-ref={org.apache.logging.log4j.core.config.AppenderRef@2fc14f68}, null)
2022-07-15 02:56:24,857 ERROR Invalid Log level specified: ${sys:log.level}. Defaulting to Error
2022-07-15 02:56:24,857 DEBUG Calling createLoggers on class org.apache.logging.log4j.core.config.plugins.LoggersPlugin for element loggers with params(loggers={root})
2022-07-15 02:56:24,857 DEBUG Reconfiguration completed
2022-07-15 02:56:24,858 DEBUG Reconfiguration started for context Default
2022-07-15 02:56:24,858 DEBUG Generated plugins in 0.000091363 seconds
2022-07-15 02:56:24,888 DEBUG Generated plugins in 0.000106206 seconds
2022-07-15 02:56:24,889 DEBUG Generated plugins in 0.000096608 seconds
2022-07-15 02:56:24,889 WARN No Loggers were configured, using default
2022-07-15 02:56:24,890 DEBUG Reconfiguration completed
Tests run: 3, Failures: 0, Errors: 0, Skipped: 0, Time elapsed: 0.284 sec
Running org.apache.logging.log4j.core.config.FileOutputTest
Tests run: 1, Failures: 0, Errors: 0, Skipped: 0, Time elapsed: 0.263 sec
Running org.apache.logging.log4j.core.config.XMLConfigurationTest
2022-07-15 02:56:25,873 WARN No Loggers were configured, using default
Tests run: 2, Failures: 0, Errors: 0, Skipped: 0, Time elapsed: 0.293 sec
Running org.apache.logging.log4j.core.pattern.RootThrowablePatternConverterTest
Tests run: 1, Failures: 0, Errors: 1, Skipped: 0, Time elapsed: 0.06 sec <<< FAILURE!
Running org.apache.logging.log4j.core.pattern.RootThrowableTest
2022-07-15 02:56:26,597 WARN No Loggers were configured, using default
Tests run: 1, Failures: 0, Errors: 1, Skipped: 0, Time elapsed: 0.259 sec <<< FAILURE!
Running org.apache.logging.log4j.core.pattern.MarkerPatternConverterTest
Tests run: 1, Failures: 0, Errors: 0, Skipped: 0, Time elapsed: 0.064 sec
Running org.apache.logging.log4j.core.pattern.StyleConverterTest
Tests run: 1, Failures: 0, Errors: 0, Skipped: 0, Time elapsed: 0.257 sec
Running org.apache.logging.log4j.core.pattern.PatternParserTest
Tests run: 2, Failures: 0, Errors: 0, Skipped: 0, Time elapsed: 0.214 sec
Running org.apache.logging.log4j.core.pattern.RegexReplacementConverterTest
Tests run: 1, Failures: 0, Errors: 0, Skipped: 0, Time elapsed: 0.233 sec
Running org.apache.logging.log4j.core.pattern.ExtendedThrowablePatternConverterTest
Tests run: 2, Failures: 0, Errors: 2, Skipped: 0, Time elapsed: 0.078 sec <<< FAILURE!
Running org.apache.logging.log4j.core.pattern.ExtendedThrowableTest
2022-07-15 02:56:29,057 WARN No Loggers were configured, using default
Tests run: 1, Failures: 0, Errors: 1, Skipped: 0, Time elapsed: 0.284 sec <<< FAILURE!
Running org.apache.logging.log4j.core.pattern.NameAbbreviatorTest
Tests run: 6, Failures: 0, Errors: 0, Skipped: 0, Time elapsed: 0.048 sec
Running org.apache.logging.log4j.core.pattern.MapPatternConverterTest
Tests run: 2, Failures: 0, Errors: 0, Skipped: 0, Time elapsed: 0.064 sec
Running org.apache.logging.log4j.core.pattern.RegexReplacementTest
Tests run: 2, Failures: 0, Errors: 0, Skipped: 0, Time elapsed: 0.271 sec
Running org.apache.logging.log4j.core.StrictXMLConfigTest
2022-07-15 02:56:30,552 DEBUG Generated plugins in 0.001995511 seconds
2022-07-15 02:56:30,559 DEBUG Calling createProperty on class org.apache.logging.log4j.core.config.Property for element property with params(name="filename", value="target/test.log")
2022-07-15 02:56:30,561 DEBUG Calling configureSubstitutor on class org.apache.logging.log4j.core.config.plugins.PropertiesPlugin for element properties with params(properties={filename=target/test.log})
2022-07-15 02:56:30,562 DEBUG Generated plugins in 0.000794711 seconds
2022-07-15 02:56:30,564 DEBUG Calling createFilter on class org.apache.logging.log4j.core.filter.ThresholdFilter for element ThresholdFilter with params(level="trace", onMatch="null", onMismatch="null")
2022-07-15 02:56:30,567 DEBUG Calling createLayout on class org.apache.logging.log4j.core.layout.PatternLayout for element PatternLayout with params(pattern="%m MDC%X%n", Configuration(XMLConfigTest), null, charset="null")
2022-07-15 02:56:30,568 DEBUG Generated plugins in 0.000981278 seconds
2022-07-15 02:56:30,569 DEBUG Calling createFilter on class org.apache.logging.log4j.core.filter.MarkerFilter for element MarkerFilter with params(marker="FLOW", onMatch="DENY", onMismatch="NEUTRAL")
2022-07-15 02:56:30,570 DEBUG Calling createFilter on class org.apache.logging.log4j.core.filter.MarkerFilter for element MarkerFilter with params(marker="EXCEPTION", onMatch="DENY", onMismatch="ACCEPT")
2022-07-15 02:56:30,571 DEBUG Calling createFilters on class org.apache.logging.log4j.core.filter.CompositeFilter for element filters with params(filters={FLOW, EXCEPTION})
2022-07-15 02:56:30,572 DEBUG Calling createAppender on class org.apache.logging.log4j.core.appender.ConsoleAppender for element Console with params(PatternLayout(%m MDC%X%n), filters({FLOW, EXCEPTION}), target="null", name="STDOUT", suppressExceptions="null")
2022-07-15 02:56:30,573 DEBUG Calling createLayout on class org.apache.logging.log4j.core.layout.PatternLayout for element PatternLayout with params(pattern="%C{1}.%M %m %ex%n", Configuration(XMLConfigTest), null, charset="null")
2022-07-15 02:56:30,574 DEBUG Calling createFilter on class org.apache.logging.log4j.core.filter.MarkerFilter for element MarkerFilter with params(marker="FLOW", onMatch="ACCEPT", onMismatch="NEUTRAL")
2022-07-15 02:56:30,575 DEBUG Calling createFilter on class org.apache.logging.log4j.core.filter.MarkerFilter for element MarkerFilter with params(marker="EXCEPTION", onMatch="ACCEPT", onMismatch="DENY")
2022-07-15 02:56:30,575 DEBUG Calling createFilters on class org.apache.logging.log4j.core.filter.CompositeFilter for element filters with params(filters={FLOW, EXCEPTION})
2022-07-15 02:56:30,576 DEBUG Calling createAppender on class org.apache.logging.log4j.core.appender.ConsoleAppender for element Console with params(PatternLayout(%C{1}.%M %m %ex%n), filters({FLOW, EXCEPTION}), target="null", name="FLOW", suppressExceptions="null")
2022-07-15 02:56:30,577 DEBUG Calling createLayout on class org.apache.logging.log4j.core.layout.PatternLayout for element PatternLayout with params(pattern="%d %p %C{1.} [%t] %m%n", Configuration(XMLConfigTest), null, charset="null")
2022-07-15 02:56:30,579 DEBUG Calling createAppender on class org.apache.logging.log4j.core.appender.FileAppender for element File with params(fileName="target/test.log", append="null", locking="null", name="File", immediateFlush="null", suppressExceptions="null", bufferedIO="null", PatternLayout(%d %p %C{1.} [%t] %m%n), null)
2022-07-15 02:56:30,580 DEBUG Starting FileManager target/test.log
2022-07-15 02:56:30,580 DEBUG Calling createAppender on class org.apache.logging.log4j.test.appender.ListAppender for element List with params(name="List", entryPerNewLine="null", raw="null", null, null)
2022-07-15 02:56:30,581 DEBUG Calling createAppenders on class org.apache.logging.log4j.core.config.plugins.AppendersPlugin for element appenders with params(appenders={STDOUT, FLOW, File, List})
2022-07-15 02:56:30,582 DEBUG Calling createPair on class org.apache.logging.log4j.core.helpers.KeyValuePair for element KeyValuePair with params(key="test", value="123")
2022-07-15 02:56:30,583 DEBUG Calling createFilter on class org.apache.logging.log4j.core.filter.ThreadContextMapFilter for element ThreadContextMapFilter with params(pairs={test=123}, operator="null", onmatch="null", onmismatch="null")
2022-07-15 02:56:30,584 DEBUG Calling createAppenderRef on class org.apache.logging.log4j.core.config.AppenderRef for element appender-ref with params(ref="STDOUT", level="null", null)
2022-07-15 02:56:30,585 DEBUG Calling createLogger on class org.apache.logging.log4j.core.config.LoggerConfig for element logger with params(additivity="false", level="debug", name="org.apache.logging.log4j.test1", appender-ref={org.apache.logging.log4j.core.config.AppenderRef@61443d8f}, ThreadContextMapFilter(isAnd=true, {test=[123]}))
2022-07-15 02:56:30,586 DEBUG Calling createAppenderRef on class org.apache.logging.log4j.core.config.AppenderRef for element appender-ref with params(ref="File", level="null", null)
2022-07-15 02:56:30,586 DEBUG Calling createLogger on class org.apache.logging.log4j.core.config.LoggerConfig for element logger with params(additivity="false", level="debug", name="org.apache.logging.log4j.test2", appender-ref={org.apache.logging.log4j.core.config.AppenderRef@445b84c0}, null)
2022-07-15 02:56:30,587 DEBUG Calling createAppenderRef on class org.apache.logging.log4j.core.config.AppenderRef for element appender-ref with params(ref="List", level="null", null)
2022-07-15 02:56:30,587 DEBUG Calling createLogger on class org.apache.logging.log4j.core.config.LoggerConfig$RootLogger for element root with params(additivity="null", level="trace", appender-ref={org.apache.logging.log4j.core.config.AppenderRef@233c0b17}, null)
2022-07-15 02:56:30,588 DEBUG Calling createLoggers on class org.apache.logging.log4j.core.config.plugins.LoggersPlugin for element loggers with params(loggers={org.apache.logging.log4j.test1, org.apache.logging.log4j.test2, root})
2022-07-15 02:56:30,589 DEBUG Reconfiguration completed
2022-07-15 02:56:30,617 DEBUG Reconfiguration started for context sun.misc.Launcher$AppClassLoader@7f31245a
2022-07-15 02:56:30,619 DEBUG Generated plugins in 0.001105140 seconds
2022-07-15 02:56:30,633 DEBUG Generated plugins in 0.000600134 seconds
2022-07-15 02:56:30,635 DEBUG Generated plugins in 0.001045056 seconds
2022-07-15 02:56:30,636 WARN No Loggers were configured, using default
2022-07-15 02:56:30,637 DEBUG Shutting down FileManager target/test.log
2022-07-15 02:56:30,637 DEBUG Reconfiguration completed
Tests run: 9, Failures: 0, Errors: 2, Skipped: 0, Time elapsed: 0.322 sec <<< FAILURE!
Running org.apache.logging.log4j.core.helpers.UUIDTest
Elapsed for 200 UUIDS = 316663 Average = 1583 ns
Elapsed for 2000 UUIDS = 6129012 Average = 3064 ns
Tests run: 2, Failures: 0, Errors: 0, Skipped: 0, Time elapsed: 0.087 sec
Running org.apache.logging.log4j.core.ThreadedPerfTest
Timer DebugDisabled stopped. Elapsed time: 0.001798782 seconds Average per iteration: 0.000000000 seconds
Timer DebugLogger stopped. Elapsed time: 0.001568791 seconds Average per iteration: 0.000000000 seconds
Tests run: 2, Failures: 0, Errors: 0, Skipped: 0, Time elapsed: 0.245 sec
Running org.apache.logging.log4j.core.layout.SyslogLayoutTest
Tests run: 1, Failures: 0, Errors: 0, Skipped: 0, Time elapsed: 0.241 sec
Running org.apache.logging.log4j.core.layout.SerializedLayoutTest
Tests run: 1, Failures: 0, Errors: 1, Skipped: 0, Time elapsed: 0.242 sec <<< FAILURE!
Running org.apache.logging.log4j.core.layout.HTMLLayoutTest
Tests run: 1, Failures: 0, Errors: 1, Skipped: 0, Time elapsed: 0.216 sec <<< FAILURE!
Running org.apache.logging.log4j.core.layout.RFC5424LayoutTest
Tests run: 1, Failures: 0, Errors: 0, Skipped: 0, Time elapsed: 0.253 sec
Running org.apache.logging.log4j.core.layout.XMLLayoutTest
Tests run: 1, Failures: 0, Errors: 1, Skipped: 0, Time elapsed: 0.24 sec <<< FAILURE!
Running org.apache.logging.log4j.core.layout.PatternLayoutTest
Tests run: 2, Failures: 0, Errors: 0, Skipped: 0, Time elapsed: 0.216 sec
Running org.apache.logging.log4j.core.AppenderRefLevelTest
2022-07-15 02:56:34,526 WARN No Loggers were configured, using default
Tests run: 3, Failures: 0, Errors: 0, Skipped: 0, Time elapsed: 0.256 sec
Running org.apache.logging.log4j.core.BasicLoggingTest
02:56:34.924 [main] ERROR org.apache.logging.log4j.core.BasicLoggingTest - Test message
Tests run: 1, Failures: 0, Errors: 0, Skipped: 0, Time elapsed: 0.208 sec
Running org.apache.logging.log4j.core.lookup.StrSubstitutorTest
Tests run: 1, Failures: 0, Errors: 0, Skipped: 0, Time elapsed: 0.123 sec
Running org.apache.logging.log4j.core.lookup.ContextMapLookupTest
Tests run: 1, Failures: 0, Errors: 0, Skipped: 0, Time elapsed: 0.047 sec
Running org.apache.logging.log4j.core.lookup.EnvironmentLookupTest
Tests run: 1, Failures: 0, Errors: 0, Skipped: 0, Time elapsed: 0.048 sec
Running org.apache.logging.log4j.core.lookup.StructuredDataLookupTest
Tests run: 1, Failures: 0, Errors: 0, Skipped: 0, Time elapsed: 0.053 sec
Running org.apache.logging.log4j.core.lookup.InterpolatorTest
Tests run: 1, Failures: 1, Errors: 0, Skipped: 0, Time elapsed: 0.128 sec <<< FAILURE!
Running org.apache.logging.log4j.core.lookup.SystemPropertiesLookupTest
Tests run: 1, Failures: 0, Errors: 0, Skipped: 0, Time elapsed: 0.049 sec
Running org.apache.logging.log4j.core.lookup.DateLookupTest
Tests run: 1, Failures: 0, Errors: 0, Skipped: 0, Time elapsed: 0.064 sec
Running org.apache.logging.log4j.core.SimplePerfTest
Timer Setup stopped. Elapsed time: 0.085563513 seconds Average per iteration: 0.000000008 seconds
Timer DebugLogger stopped. Elapsed time: 0.035046223 seconds Average per iteration: 0.000000003 seconds
Timer DebugDisabled stopped. Elapsed time: 0.035138217 seconds Average per iteration: 0.000000003 seconds
Tests run: 2, Failures: 0, Errors: 0, Skipped: 0, Time elapsed: 0.505 sec
Running org.apache.logging.log4j.core.appender.SyslogAppenderTest
Tests run: 4, Failures: 0, Errors: 0, Skipped: 0, Time elapsed: 0.284 sec
Running org.apache.logging.log4j.core.appender.routing.JSONRoutingAppender2Test
Tests run: 1, Failures: 0, Errors: 0, Skipped: 0, Time elapsed: 0.357 sec
Running org.apache.logging.log4j.core.appender.routing.JSONRoutingAppenderTest
Tests run: 1, Failures: 0, Errors: 0, Skipped: 0, Time elapsed: 0.35 sec
Running org.apache.logging.log4j.core.appender.routing.RoutingAppenderTest
2022-07-15 02:56:40,078 DEBUG Generated plugins in 0.002312915 seconds
2022-07-15 02:56:40,085 DEBUG Calling createProperty on class org.apache.logging.log4j.core.config.Property for element property with params(name="filename", value="target/rolling1/rollingtest-${sd:type}.log")
2022-07-15 02:56:40,087 DEBUG Calling configureSubstitutor on class org.apache.logging.log4j.core.config.plugins.PropertiesPlugin for element properties with params(properties={filename=target/rolling1/rollingtest-${sd:type}.log})
2022-07-15 02:56:40,088 DEBUG Generated plugins in 0.000947082 seconds
2022-07-15 02:56:40,090 DEBUG Calling createFilter on class org.apache.logging.log4j.core.filter.ThresholdFilter for element ThresholdFilter with params(level="debug", onMatch="null", onMismatch="null")
2022-07-15 02:56:40,094 DEBUG Calling createLayout on class org.apache.logging.log4j.core.layout.PatternLayout for element PatternLayout with params(pattern="%m%n", Configuration(RoutingTest), null, charset="null")
2022-07-15 02:56:40,097 DEBUG Generated plugins in 0.002055679 seconds
2022-07-15 02:56:40,099 DEBUG Calling createAppender on class org.apache.logging.log4j.core.appender.ConsoleAppender for element Console with params(PatternLayout(%m%n), null, target="null", name="STDOUT", suppressExceptions="null")
2022-07-15 02:56:40,101 DEBUG Calling createFilter on class org.apache.logging.log4j.core.filter.ThresholdFilter for element ThresholdFilter with params(level="debug", onMatch="null", onMismatch="null")
2022-07-15 02:56:40,103 DEBUG Calling createAppender on class org.apache.logging.log4j.test.appender.ListAppender for element List with params(name="List", entryPerNewLine="null", raw="null", null, ThresholdFilter(DEBUG))
2022-07-15 02:56:40,107 DEBUG Calling createRoute on class org.apache.logging.log4j.core.appender.routing.Route for element Route with params(ref="null", key="null", Node=Route)
2022-07-15 02:56:40,107 DEBUG Calling createRoute on class org.apache.logging.log4j.core.appender.routing.Route for element Route with params(ref="STDOUT", key="Audit", Node=Route)
2022-07-15 02:56:40,108 DEBUG Calling createRoute on class org.apache.logging.log4j.core.appender.routing.Route for element Route with params(ref="List", key="Service", Node=Route)
2022-07-15 02:56:40,109 DEBUG Calling createRoutes on class org.apache.logging.log4j.core.appender.routing.Routes for element Routes with params(pattern="${sd:type}", routes={Route(type=dynamic default), Route(type=static Reference=STDOUT key='Audit'), Route(type=static Reference=List key='Service')})
2022-07-15 02:56:40,110 DEBUG Calling createAppender on class org.apache.logging.log4j.core.appender.routing.RoutingAppender for element Routing with params(name="Routing", suppressExceptions="null", Routes({Route(type=dynamic default),Route(type=static Reference=STDOUT key='Audit'),Route(type=static Reference=List key='Service')}), Configuration(RoutingTest), null, null)
2022-07-15 02:56:40,111 DEBUG Calling createAppenders on class org.apache.logging.log4j.core.config.plugins.AppendersPlugin for element appenders with params(appenders={STDOUT, List, Routing})
2022-07-15 02:56:40,112 DEBUG Calling createAppenderRef on class org.apache.logging.log4j.core.config.AppenderRef for element appender-ref with params(ref="Routing", level="null", null)
2022-07-15 02:56:40,113 DEBUG Calling createLogger on class org.apache.logging.log4j.core.config.LoggerConfig for element logger with params(additivity="false", level="info", name="EventLogger", appender-ref={org.apache.logging.log4j.core.config.AppenderRef@7a92922}, null)
2022-07-15 02:56:40,114 DEBUG Calling createAppenderRef on class org.apache.logging.log4j.core.config.AppenderRef for element appender-ref with params(ref="STDOUT", level="null", null)
2022-07-15 02:56:40,116 DEBUG Calling createLogger on class org.apache.logging.log4j.core.config.LoggerConfig$RootLogger for element root with params(additivity="null", level="error", appender-ref={org.apache.logging.log4j.core.config.AppenderRef@5474c6c}, null)
2022-07-15 02:56:40,117 DEBUG Calling createLoggers on class org.apache.logging.log4j.core.config.plugins.LoggersPlugin for element loggers with params(loggers={EventLogger, root})
2022-07-15 02:56:40,118 DEBUG Reconfiguration completed
2022-07-15 02:56:40,132 DEBUG Calling createLayout on class org.apache.logging.log4j.core.layout.PatternLayout for element PatternLayout with params(pattern="%d %p %C{1.} [%t] %m%n", Configuration(RoutingTest), null, charset="null")
2022-07-15 02:56:40,133 DEBUG Calling createPolicy on class org.apache.logging.log4j.core.appender.rolling.SizeBasedTriggeringPolicy for element SizeBasedTriggeringPolicy with params(size="500")
2022-07-15 02:56:40,135 DEBUG Calling createAppender on class org.apache.logging.log4j.core.appender.RollingFileAppender for element RollingFile with params(fileName="target/rolling1/rollingtest-Unknown.log", filePattern="target/rolling1/test1-Unknown.%i.log.gz", append="null", name="Rolling-Unknown", bufferedIO="null", immediateFlush="null", SizeBasedTriggeringPolicy(SizeBasedTriggeringPolicy(size=500)), null, PatternLayout(%d %p %C{1.} [%t] %m%n), null, suppressExceptions="null", Configuration(RoutingTest))
2022-07-15 02:56:40,137 DEBUG Starting RollingFileManager target/rolling1/rollingtest-Unknown.log
2022-07-15 02:56:40,139 DEBUG Generated plugins in 0.001019042 seconds
2022-07-15 02:56:40,145 DEBUG Reconfiguration started for context sun.misc.Launcher$AppClassLoader@7f31245a
2022-07-15 02:56:40,146 DEBUG Generated plugins in 0.000804386 seconds
2022-07-15 02:56:40,162 DEBUG Generated plugins in 0.000741152 seconds
2022-07-15 02:56:40,164 DEBUG Generated plugins in 0.000696261 seconds
2022-07-15 02:56:40,164 WARN No Loggers were configured, using default
2022-07-15 02:56:40,165 DEBUG Shutting down RollingFileManager target/rolling1/rollingtest-Unknown.log
2022-07-15 02:56:40,165 DEBUG Reconfiguration completed
Tests run: 1, Failures: 0, Errors: 0, Skipped: 0, Time elapsed: 0.305 sec
Running org.apache.logging.log4j.core.appender.OutputStreamAppenderTest
Tests run: 1, Failures: 0, Errors: 0, Skipped: 0, Time elapsed: 0.138 sec
Running org.apache.logging.log4j.core.appender.SocketAppenderTest
Tests run: 2, Failures: 0, Errors: 0, Skipped: 0, Time elapsed: 0.326 sec
Running org.apache.logging.log4j.core.appender.AsynchAppenderTest
Tests run: 1, Failures: 0, Errors: 0, Skipped: 0, Time elapsed: 0.372 sec
Running org.apache.logging.log4j.core.appender.FailoverAppenderTest
2022-07-15 02:56:42,422 ERROR An exception occurred processing Appender Fail org.apache.logging.log4j.LoggingException: Always fail
	at org.apache.logging.log4j.test.appender.AlwaysFailAppender.append(AlwaysFailAppender.java:37)
	at org.apache.logging.log4j.core.config.AppenderControl.callAppender(AppenderControl.java:99)
	at org.apache.logging.log4j.core.appender.FailoverAppender.append(FailoverAppender.java:99)
	at org.apache.logging.log4j.core.config.AppenderControl.callAppender(AppenderControl.java:99)
	at org.apache.logging.log4j.core.config.LoggerConfig.callAppenders(LoggerConfig.java:307)
	at org.apache.logging.log4j.core.config.LoggerConfig.log(LoggerConfig.java:288)
	at org.apache.logging.log4j.core.config.LoggerConfig.log(LoggerConfig.java:253)
	at org.apache.logging.log4j.core.Logger.log(Logger.java:106)
	at org.apache.logging.log4j.spi.AbstractLogger.error(AbstractLogger.java:986)
	at org.apache.logging.log4j.core.appender.FailoverAppenderTest.testFailover(FailoverAppenderTest.java:70)
	at sun.reflect.NativeMethodAccessorImpl.invoke0(Native Method)
	at sun.reflect.NativeMethodAccessorImpl.invoke(NativeMethodAccessorImpl.java:62)
	at sun.reflect.DelegatingMethodAccessorImpl.invoke(DelegatingMethodAccessorImpl.java:43)
	at java.lang.reflect.Method.invoke(Method.java:498)
	at org.junit.runners.model.FrameworkMethod$1.runReflectiveCall(FrameworkMethod.java:44)
	at org.junit.internal.runners.model.ReflectiveCallable.run(ReflectiveCallable.java:15)
	at org.junit.runners.model.FrameworkMethod.invokeExplosively(FrameworkMethod.java:41)
	at org.junit.internal.runners.statements.InvokeMethod.evaluate(InvokeMethod.java:20)
	at org.junit.runners.BlockJUnit4ClassRunner.runChild(BlockJUnit4ClassRunner.java:76)
	at org.junit.runners.BlockJUnit4ClassRunner.runChild(BlockJUnit4ClassRunner.java:50)
	at org.junit.runners.ParentRunner$3.run(ParentRunner.java:193)
	at org.junit.runners.ParentRunner$1.schedule(ParentRunner.java:52)
	at org.junit.runners.ParentRunner.runChildren(ParentRunner.java:191)
	at org.junit.runners.ParentRunner.access$000(ParentRunner.java:42)
	at org.junit.runners.ParentRunner$2.evaluate(ParentRunner.java:184)
	at org.junit.internal.runners.statements.RunBefores.evaluate(RunBefores.java:28)
	at org.junit.internal.runners.statements.RunAfters.evaluate(RunAfters.java:31)
	at org.junit.runners.ParentRunner.run(ParentRunner.java:236)
	at org.apache.maven.surefire.junit4.JUnit4TestSet.execute(JUnit4TestSet.java:35)
	at org.apache.maven.surefire.junit4.JUnit4Provider.executeTestSet(JUnit4Provider.java:115)
	at org.apache.maven.surefire.junit4.JUnit4Provider.invoke(JUnit4Provider.java:97)
	at sun.reflect.NativeMethodAccessorImpl.invoke0(Native Method)
	at sun.reflect.NativeMethodAccessorImpl.invoke(NativeMethodAccessorImpl.java:62)
	at sun.reflect.DelegatingMethodAccessorImpl.invoke(DelegatingMethodAccessorImpl.java:43)
	at java.lang.reflect.Method.invoke(Method.java:498)
	at org.apache.maven.surefire.booter.ProviderFactory$ClassLoaderProxy.invoke(ProviderFactory.java:103)
	at com.sun.proxy.$Proxy0.invoke(Unknown Source)
	at org.apache.maven.surefire.booter.SurefireStarter.invokeProvider(SurefireStarter.java:150)
	at org.apache.maven.surefire.booter.SurefireStarter.runSuitesInProcess(SurefireStarter.java:74)
	at org.apache.maven.surefire.booter.ForkedBooter.main(ForkedBooter.java:69)

2022-07-15 02:56:42,425 ERROR An exception occurred processing Appender Fail org.apache.logging.log4j.LoggingException: Always fail
	at org.apache.logging.log4j.test.appender.AlwaysFailAppender.append(AlwaysFailAppender.java:37)
	at org.apache.logging.log4j.core.config.AppenderControl.callAppender(AppenderControl.java:99)
	at org.apache.logging.log4j.core.appender.FailoverAppender.append(FailoverAppender.java:99)
	at org.apache.logging.log4j.core.config.AppenderControl.callAppender(AppenderControl.java:99)
	at org.apache.logging.log4j.core.config.LoggerConfig.callAppenders(LoggerConfig.java:307)
	at org.apache.logging.log4j.core.config.LoggerConfig.log(LoggerConfig.java:288)
	at org.apache.logging.log4j.core.config.LoggerConfig.log(LoggerConfig.java:253)
	at org.apache.logging.log4j.core.Logger.log(Logger.java:106)
	at org.apache.logging.log4j.spi.AbstractLogger.error(AbstractLogger.java:986)
	at org.apache.logging.log4j.core.appender.FailoverAppenderTest.testFailover(FailoverAppenderTest.java:75)
	at sun.reflect.NativeMethodAccessorImpl.invoke0(Native Method)
	at sun.reflect.NativeMethodAccessorImpl.invoke(NativeMethodAccessorImpl.java:62)
	at sun.reflect.DelegatingMethodAccessorImpl.invoke(DelegatingMethodAccessorImpl.java:43)
	at java.lang.reflect.Method.invoke(Method.java:498)
	at org.junit.runners.model.FrameworkMethod$1.runReflectiveCall(FrameworkMethod.java:44)
	at org.junit.internal.runners.model.ReflectiveCallable.run(ReflectiveCallable.java:15)
	at org.junit.runners.model.FrameworkMethod.invokeExplosively(FrameworkMethod.java:41)
	at org.junit.internal.runners.statements.InvokeMethod.evaluate(InvokeMethod.java:20)
	at org.junit.runners.BlockJUnit4ClassRunner.runChild(BlockJUnit4ClassRunner.java:76)
	at org.junit.runners.BlockJUnit4ClassRunner.runChild(BlockJUnit4ClassRunner.java:50)
	at org.junit.runners.ParentRunner$3.run(ParentRunner.java:193)
	at org.junit.runners.ParentRunner$1.schedule(ParentRunner.java:52)
	at org.junit.runners.ParentRunner.runChildren(ParentRunner.java:191)
	at org.junit.runners.ParentRunner.access$000(ParentRunner.java:42)
	at org.junit.runners.ParentRunner$2.evaluate(ParentRunner.java:184)
	at org.junit.internal.runners.statements.RunBefores.evaluate(RunBefores.java:28)
	at org.junit.internal.runners.statements.RunAfters.evaluate(RunAfters.java:31)
	at org.junit.runners.ParentRunner.run(ParentRunner.java:236)
	at org.apache.maven.surefire.junit4.JUnit4TestSet.execute(JUnit4TestSet.java:35)
	at org.apache.maven.surefire.junit4.JUnit4Provider.executeTestSet(JUnit4Provider.java:115)
	at org.apache.maven.surefire.junit4.JUnit4Provider.invoke(JUnit4Provider.java:97)
	at sun.reflect.NativeMethodAccessorImpl.invoke0(Native Method)
	at sun.reflect.NativeMethodAccessorImpl.invoke(NativeMethodAccessorImpl.java:62)
	at sun.reflect.DelegatingMethodAccessorImpl.invoke(DelegatingMethodAccessorImpl.java:43)
	at java.lang.reflect.Method.invoke(Method.java:498)
	at org.apache.maven.surefire.booter.ProviderFactory$ClassLoaderProxy.invoke(ProviderFactory.java:103)
	at com.sun.proxy.$Proxy0.invoke(Unknown Source)
	at org.apache.maven.surefire.booter.SurefireStarter.invokeProvider(SurefireStarter.java:150)
	at org.apache.maven.surefire.booter.SurefireStarter.runSuitesInProcess(SurefireStarter.java:74)
	at org.apache.maven.surefire.booter.ForkedBooter.main(ForkedBooter.java:69)

Tests run: 1, Failures: 0, Errors: 0, Skipped: 0, Time elapsed: 0.261 sec
Running org.apache.logging.log4j.core.appender.FileAppenderTest
Tests run: 4, Failures: 0, Errors: 0, Skipped: 0, Time elapsed: 0.713 sec
Running org.apache.logging.log4j.core.appender.rolling.RollingAppenderUncompressedTest
2022-07-15 02:56:43,926 WARN No Loggers were configured, using default
Tests run: 1, Failures: 0, Errors: 0, Skipped: 0, Time elapsed: 0.345 sec
Running org.apache.logging.log4j.core.appender.rolling.RollingAppenderTimeAndSizeTest
2022-07-15 02:56:54,518 WARN No Loggers were configured, using default
Tests run: 1, Failures: 0, Errors: 0, Skipped: 0, Time elapsed: 10.38 sec
Running org.apache.logging.log4j.core.appender.rolling.RollingAppenderSizeTest
2022-07-15 02:56:55,073 WARN No Loggers were configured, using default
Tests run: 1, Failures: 0, Errors: 0, Skipped: 0, Time elapsed: 0.335 sec
Running org.apache.logging.log4j.core.appender.rolling.OnStartupTriggeringPolicyTest
Tests run: 1, Failures: 0, Errors: 0, Skipped: 0, Time elapsed: 0.117 sec
Running org.apache.logging.log4j.core.appender.rolling.RollingAppenderTimeTest
2022-07-15 02:57:05,993 WARN No Loggers were configured, using default
Tests run: 1, Failures: 0, Errors: 0, Skipped: 0, Time elapsed: 10.37 sec
Running org.apache.logging.log4j.core.appender.rewrite.RewriteAppenderTest
Tests run: 1, Failures: 0, Errors: 0, Skipped: 0, Time elapsed: 0.258 sec
Running org.apache.logging.log4j.core.CollectionLoggingTest
02:57:06.923 [main] ERROR org.apache.logging.log4j.core.CollectionLoggingTest - {java.runtime.name=OpenJDK Runtime Environment, sun.boot.library.path=/usr/lib/jvm/java-8-openjdk-amd64/jre/lib/amd64, java.vm.version=25.312-b07, java.vm.vendor=Private Build, java.vendor.url=http://java.oracle.com/, path.separator=:, java.vm.name=OpenJDK 64-Bit Server VM, file.encoding.pkg=sun.io, user.country=US, sun.java.launcher=SUN_STANDARD, sun.os.patch.level=unknown, java.vm.specification.name=Java Virtual Machine Specification, user.dir=/data-depot/user/Workspace/Reproducibility/Reproducibility-Scanner/benchmarks/bugs-dot-jar/logging-log4j2/core, java.runtime.version=1.8.0_312-8u312-b07-0ubuntu1~18.04-b07, basedir=/data-depot/user/Workspace/Reproducibility/Reproducibility-Scanner/benchmarks/bugs-dot-jar/logging-log4j2/core, java.awt.graphicsenv=sun.awt.X11GraphicsEnvironment, java.endorsed.dirs=/usr/lib/jvm/java-8-openjdk-amd64/jre/lib/endorsed, os.arch=amd64, java.io.tmpdir=/tmp, line.separator=
, java.vm.specification.vendor=Oracle Corporation, os.name=Linux, sun.jnu.encoding=UTF-8, java.library.path=/usr/java/packages/lib/amd64:/usr/lib/x86_64-linux-gnu/jni:/lib/x86_64-linux-gnu:/usr/lib/x86_64-linux-gnu:/usr/lib/jni:/lib:/usr/lib, surefire.test.class.path=/data-depot/user/Workspace/Reproducibility/Reproducibility-Scanner/benchmarks/bugs-dot-jar/logging-log4j2/core/target/test-classes:/data-depot/user/Workspace/Reproducibility/Reproducibility-Scanner/benchmarks/bugs-dot-jar/logging-log4j2/core/target/classes:/home/user/.m2/repository/org/apache/logging/log4j/log4j-api/2.0-beta3-SNAPSHOT/log4j-api-2.0-beta3-SNAPSHOT.jar:/home/user/.m2/repository/org/codehaus/jackson/jackson-core-asl/1.9.2/jackson-core-asl-1.9.2.jar:/home/user/.m2/repository/org/codehaus/jackson/jackson-mapper-asl/1.9.2/jackson-mapper-asl-1.9.2.jar:/home/user/.m2/repository/org/fusesource/jansi/jansi/1.9/jansi-1.9.jar:/home/user/.m2/repository/oro/oro/2.0.8/oro-2.0.8.jar:/home/user/.m2/repository/log4j/log4j/1.2.16/log4j-1.2.16.jar:/home/user/.m2/repository/org/slf4j/slf4j-api/1.7.1/slf4j-api-1.7.1.jar:/home/user/.m2/repository/org/slf4j/slf4j-ext/1.7.1/slf4j-ext-1.7.1.jar:/home/user/.m2/repository/ch/qos/cal10n/cal10n-api/0.7.4/cal10n-api-0.7.4.jar:/home/user/.m2/repository/junit/junit/4.7/junit-4.7.jar:/home/user/.m2/repository/org/mockejb/mockejb/0.6-beta2/mockejb-0.6-beta2.jar:/home/user/.m2/repository/cglib/cglib-full/2.0.2/cglib-full-2.0.2.jar:/home/user/.m2/repository/commons-logging/commons-logging/1.0.4/commons-logging-1.0.4.jar:/home/user/.m2/repository/ch/qos/logback/logback-core/1.0.7/logback-core-1.0.7.jar:/home/user/.m2/repository/ch/qos/logback/logback-classic/1.0.7/logback-classic-1.0.7.jar:/home/user/.m2/repository/org/apache/geronimo/specs/geronimo-jms_1.1_spec/1.0/geronimo-jms_1.1_spec-1.0.jar:, java.specification.name=Java Platform API Specification, java.class.version=52.0, sun.management.compiler=HotSpot 64-Bit Tiered Compilers, os.version=4.15.0-173-generic, user.home=/home/user, user.timezone=America/Los_Angeles, java.awt.printerjob=sun.print.PSPrinterJob, file.encoding=UTF-8, java.specification.version=1.8, java.class.path=/data-depot/user/Workspace/Reproducibility/Reproducibility-Scanner/benchmarks/bugs-dot-jar/logging-log4j2/core/target/surefire/surefirebooter1864741524606133435.jar, user.name=user, java.vm.specification.version=1.8, sun.java.command=/data-depot/user/Workspace/Reproducibility/Reproducibility-Scanner/benchmarks/bugs-dot-jar/logging-log4j2/core/target/surefire/surefirebooter1864741524606133435.jar /data-depot/user/Workspace/Reproducibility/Reproducibility-Scanner/benchmarks/bugs-dot-jar/logging-log4j2/core/target/surefire/surefire2267388836285404875tmp /data-depot/user/Workspace/Reproducibility/Reproducibility-Scanner/benchmarks/bugs-dot-jar/logging-log4j2/core/target/surefire/surefire7389489774028547971tmp, java.home=/usr/lib/jvm/java-8-openjdk-amd64/jre, sun.arch.data.model=64, user.language=en, java.specification.vendor=Oracle Corporation, awt.toolkit=sun.awt.X11.XToolkit, java.vm.info=mixed mode, java.version=1.8.0_312, java.ext.dirs=/usr/lib/jvm/java-8-openjdk-amd64/jre/lib/ext:/usr/java/packages/lib/ext, sun.boot.class.path=/usr/lib/jvm/java-8-openjdk-amd64/jre/lib/resources.jar:/usr/lib/jvm/java-8-openjdk-amd64/jre/lib/rt.jar:/usr/lib/jvm/java-8-openjdk-amd64/jre/lib/sunrsasign.jar:/usr/lib/jvm/java-8-openjdk-amd64/jre/lib/jsse.jar:/usr/lib/jvm/java-8-openjdk-amd64/jre/lib/jce.jar:/usr/lib/jvm/java-8-openjdk-amd64/jre/lib/charsets.jar:/usr/lib/jvm/java-8-openjdk-amd64/jre/lib/jfr.jar:/usr/lib/jvm/java-8-openjdk-amd64/jre/classes, java.vendor=Private Build, localRepository=/home/user/.m2/repository, file.separator=/, java.vendor.url.bug=http://bugreport.sun.com/bugreport/, sun.io.unicode.encoding=UnicodeLittle, sun.cpu.endian=little, sun.cpu.isalist=}
02:57:06.926 [main] ERROR org.apache.logging.log4j.core.CollectionLoggingTest - MyKey1="MyValue1" MyKey2="MyValue2"
02:57:06.926 [main] ERROR org.apache.logging.log4j.core.CollectionLoggingTest - {MyKey2=MyValue2, MyKey1=MyValue1}
02:57:06.932 [main] ERROR org.apache.logging.log4j.core.CollectionLoggingTest - java.net.NetworkInterface$2@64c64813
02:57:06.980 [main] ERROR org.apache.logging.log4j.core.CollectionLoggingTest - {Big5=Big5, Big5-HKSCS=Big5-HKSCS, CESU-8=CESU-8, EUC-JP=EUC-JP, EUC-KR=EUC-KR, GB18030=GB18030, GB2312=GB2312, GBK=GBK, IBM-Thai=IBM-Thai, IBM00858=IBM00858, IBM01140=IBM01140, IBM01141=IBM01141, IBM01142=IBM01142, IBM01143=IBM01143, IBM01144=IBM01144, IBM01145=IBM01145, IBM01146=IBM01146, IBM01147=IBM01147, IBM01148=IBM01148, IBM01149=IBM01149, IBM037=IBM037, IBM1026=IBM1026, IBM1047=IBM1047, IBM273=IBM273, IBM277=IBM277, IBM278=IBM278, IBM280=IBM280, IBM284=IBM284, IBM285=IBM285, IBM290=IBM290, IBM297=IBM297, IBM420=IBM420, IBM424=IBM424, IBM437=IBM437, IBM500=IBM500, IBM775=IBM775, IBM850=IBM850, IBM852=IBM852, IBM855=IBM855, IBM857=IBM857, IBM860=IBM860, IBM861=IBM861, IBM862=IBM862, IBM863=IBM863, IBM864=IBM864, IBM865=IBM865, IBM866=IBM866, IBM868=IBM868, IBM869=IBM869, IBM870=IBM870, IBM871=IBM871, IBM918=IBM918, ISO-2022-CN=ISO-2022-CN, ISO-2022-JP=ISO-2022-JP, ISO-2022-JP-2=ISO-2022-JP-2, ISO-2022-KR=ISO-2022-KR, ISO-8859-1=ISO-8859-1, ISO-8859-13=ISO-8859-13, ISO-8859-15=ISO-8859-15, ISO-8859-2=ISO-8859-2, ISO-8859-3=ISO-8859-3, ISO-8859-4=ISO-8859-4, ISO-8859-5=ISO-8859-5, ISO-8859-6=ISO-8859-6, ISO-8859-7=ISO-8859-7, ISO-8859-8=ISO-8859-8, ISO-8859-9=ISO-8859-9, JIS_X0201=JIS_X0201, JIS_X0212-1990=JIS_X0212-1990, KOI8-R=KOI8-R, KOI8-U=KOI8-U, Shift_JIS=Shift_JIS, TIS-620=TIS-620, US-ASCII=US-ASCII, UTF-16=UTF-16, UTF-16BE=UTF-16BE, UTF-16LE=UTF-16LE, UTF-32=UTF-32, UTF-32BE=UTF-32BE, UTF-32LE=UTF-32LE, UTF-8=UTF-8, windows-1250=windows-1250, windows-1251=windows-1251, windows-1252=windows-1252, windows-1253=windows-1253, windows-1254=windows-1254, windows-1255=windows-1255, windows-1256=windows-1256, windows-1257=windows-1257, windows-1258=windows-1258, windows-31j=windows-31j, x-Big5-HKSCS-2001=x-Big5-HKSCS-2001, x-Big5-Solaris=x-Big5-Solaris, x-COMPOUND_TEXT=x-COMPOUND_TEXT, x-euc-jp-linux=x-euc-jp-linux, x-EUC-TW=x-EUC-TW, x-eucJP-Open=x-eucJP-Open, x-IBM1006=x-IBM1006, x-IBM1025=x-IBM1025, x-IBM1046=x-IBM1046, x-IBM1097=x-IBM1097, x-IBM1098=x-IBM1098, x-IBM1112=x-IBM1112, x-IBM1122=x-IBM1122, x-IBM1123=x-IBM1123, x-IBM1124=x-IBM1124, x-IBM1166=x-IBM1166, x-IBM1364=x-IBM1364, x-IBM1381=x-IBM1381, x-IBM1383=x-IBM1383, x-IBM300=x-IBM300, x-IBM33722=x-IBM33722, x-IBM737=x-IBM737, x-IBM833=x-IBM833, x-IBM834=x-IBM834, x-IBM856=x-IBM856, x-IBM874=x-IBM874, x-IBM875=x-IBM875, x-IBM921=x-IBM921, x-IBM922=x-IBM922, x-IBM930=x-IBM930, x-IBM933=x-IBM933, x-IBM935=x-IBM935, x-IBM937=x-IBM937, x-IBM939=x-IBM939, x-IBM942=x-IBM942, x-IBM942C=x-IBM942C, x-IBM943=x-IBM943, x-IBM943C=x-IBM943C, x-IBM948=x-IBM948, x-IBM949=x-IBM949, x-IBM949C=x-IBM949C, x-IBM950=x-IBM950, x-IBM964=x-IBM964, x-IBM970=x-IBM970, x-ISCII91=x-ISCII91, x-ISO-2022-CN-CNS=x-ISO-2022-CN-CNS, x-ISO-2022-CN-GB=x-ISO-2022-CN-GB, x-iso-8859-11=x-iso-8859-11, x-JIS0208=x-JIS0208, x-JISAutoDetect=x-JISAutoDetect, x-Johab=x-Johab, x-MacArabic=x-MacArabic, x-MacCentralEurope=x-MacCentralEurope, x-MacCroatian=x-MacCroatian, x-MacCyrillic=x-MacCyrillic, x-MacDingbat=x-MacDingbat, x-MacGreek=x-MacGreek, x-MacHebrew=x-MacHebrew, x-MacIceland=x-MacIceland, x-MacRoman=x-MacRoman, x-MacRomania=x-MacRomania, x-MacSymbol=x-MacSymbol, x-MacThai=x-MacThai, x-MacTurkish=x-MacTurkish, x-MacUkraine=x-MacUkraine, x-MS932_0213=x-MS932_0213, x-MS950-HKSCS=x-MS950-HKSCS, x-MS950-HKSCS-XP=x-MS950-HKSCS-XP, x-mswin-936=x-mswin-936, x-PCK=x-PCK, x-SJIS_0213=x-SJIS_0213, x-UTF-16LE-BOM=x-UTF-16LE-BOM, X-UTF-32BE-BOM=X-UTF-32BE-BOM, X-UTF-32LE-BOM=X-UTF-32LE-BOM, x-windows-50220=x-windows-50220, x-windows-50221=x-windows-50221, x-windows-874=x-windows-874, x-windows-949=x-windows-949, x-windows-950=x-windows-950, x-windows-iso2022jp=x-windows-iso2022jp}
02:57:06.982 [main] ERROR org.apache.logging.log4j.core.CollectionLoggingTest - {java.runtime.name=OpenJDK Runtime Environment, sun.boot.library.path=/usr/lib/jvm/java-8-openjdk-amd64/jre/lib/amd64, java.vm.version=25.312-b07, java.vm.vendor=Private Build, java.vendor.url=http://java.oracle.com/, path.separator=:, java.vm.name=OpenJDK 64-Bit Server VM, file.encoding.pkg=sun.io, user.country=US, sun.java.launcher=SUN_STANDARD, sun.os.patch.level=unknown, java.vm.specification.name=Java Virtual Machine Specification, user.dir=/data-depot/user/Workspace/Reproducibility/Reproducibility-Scanner/benchmarks/bugs-dot-jar/logging-log4j2/core, java.runtime.version=1.8.0_312-8u312-b07-0ubuntu1~18.04-b07, basedir=/data-depot/user/Workspace/Reproducibility/Reproducibility-Scanner/benchmarks/bugs-dot-jar/logging-log4j2/core, java.awt.graphicsenv=sun.awt.X11GraphicsEnvironment, java.endorsed.dirs=/usr/lib/jvm/java-8-openjdk-amd64/jre/lib/endorsed, os.arch=amd64, java.io.tmpdir=/tmp, line.separator=
, java.vm.specification.vendor=Oracle Corporation, os.name=Linux, sun.jnu.encoding=UTF-8, java.library.path=/usr/java/packages/lib/amd64:/usr/lib/x86_64-linux-gnu/jni:/lib/x86_64-linux-gnu:/usr/lib/x86_64-linux-gnu:/usr/lib/jni:/lib:/usr/lib, surefire.test.class.path=/data-depot/user/Workspace/Reproducibility/Reproducibility-Scanner/benchmarks/bugs-dot-jar/logging-log4j2/core/target/test-classes:/data-depot/user/Workspace/Reproducibility/Reproducibility-Scanner/benchmarks/bugs-dot-jar/logging-log4j2/core/target/classes:/home/user/.m2/repository/org/apache/logging/log4j/log4j-api/2.0-beta3-SNAPSHOT/log4j-api-2.0-beta3-SNAPSHOT.jar:/home/user/.m2/repository/org/codehaus/jackson/jackson-core-asl/1.9.2/jackson-core-asl-1.9.2.jar:/home/user/.m2/repository/org/codehaus/jackson/jackson-mapper-asl/1.9.2/jackson-mapper-asl-1.9.2.jar:/home/user/.m2/repository/org/fusesource/jansi/jansi/1.9/jansi-1.9.jar:/home/user/.m2/repository/oro/oro/2.0.8/oro-2.0.8.jar:/home/user/.m2/repository/log4j/log4j/1.2.16/log4j-1.2.16.jar:/home/user/.m2/repository/org/slf4j/slf4j-api/1.7.1/slf4j-api-1.7.1.jar:/home/user/.m2/repository/org/slf4j/slf4j-ext/1.7.1/slf4j-ext-1.7.1.jar:/home/user/.m2/repository/ch/qos/cal10n/cal10n-api/0.7.4/cal10n-api-0.7.4.jar:/home/user/.m2/repository/junit/junit/4.7/junit-4.7.jar:/home/user/.m2/repository/org/mockejb/mockejb/0.6-beta2/mockejb-0.6-beta2.jar:/home/user/.m2/repository/cglib/cglib-full/2.0.2/cglib-full-2.0.2.jar:/home/user/.m2/repository/commons-logging/commons-logging/1.0.4/commons-logging-1.0.4.jar:/home/user/.m2/repository/ch/qos/logback/logback-core/1.0.7/logback-core-1.0.7.jar:/home/user/.m2/repository/ch/qos/logback/logback-classic/1.0.7/logback-classic-1.0.7.jar:/home/user/.m2/repository/org/apache/geronimo/specs/geronimo-jms_1.1_spec/1.0/geronimo-jms_1.1_spec-1.0.jar:, java.specification.name=Java Platform API Specification, java.class.version=52.0, sun.management.compiler=HotSpot 64-Bit Tiered Compilers, os.version=4.15.0-173-generic, user.home=/home/user, user.timezone=America/Los_Angeles, java.awt.printerjob=sun.print.PSPrinterJob, file.encoding=UTF-8, java.specification.version=1.8, java.class.path=/data-depot/user/Workspace/Reproducibility/Reproducibility-Scanner/benchmarks/bugs-dot-jar/logging-log4j2/core/target/surefire/surefirebooter1864741524606133435.jar, user.name=user, java.vm.specification.version=1.8, sun.java.command=/data-depot/user/Workspace/Reproducibility/Reproducibility-Scanner/benchmarks/bugs-dot-jar/logging-log4j2/core/target/surefire/surefirebooter1864741524606133435.jar /data-depot/user/Workspace/Reproducibility/Reproducibility-Scanner/benchmarks/bugs-dot-jar/logging-log4j2/core/target/surefire/surefire2267388836285404875tmp /data-depot/user/Workspace/Reproducibility/Reproducibility-Scanner/benchmarks/bugs-dot-jar/logging-log4j2/core/target/surefire/surefire7389489774028547971tmp, java.home=/usr/lib/jvm/java-8-openjdk-amd64/jre, sun.arch.data.model=64, user.language=en, java.specification.vendor=Oracle Corporation, awt.toolkit=sun.awt.X11.XToolkit, java.vm.info=mixed mode, java.version=1.8.0_312, java.ext.dirs=/usr/lib/jvm/java-8-openjdk-amd64/jre/lib/ext:/usr/java/packages/lib/ext, sun.boot.class.path=/usr/lib/jvm/java-8-openjdk-amd64/jre/lib/resources.jar:/usr/lib/jvm/java-8-openjdk-amd64/jre/lib/rt.jar:/usr/lib/jvm/java-8-openjdk-amd64/jre/lib/sunrsasign.jar:/usr/lib/jvm/java-8-openjdk-amd64/jre/lib/jsse.jar:/usr/lib/jvm/java-8-openjdk-amd64/jre/lib/jce.jar:/usr/lib/jvm/java-8-openjdk-amd64/jre/lib/charsets.jar:/usr/lib/jvm/java-8-openjdk-amd64/jre/lib/jfr.jar:/usr/lib/jvm/java-8-openjdk-amd64/jre/classes, java.vendor=Private Build, localRepository=/home/user/.m2/repository, file.separator=/, java.vendor.url.bug=http://bugreport.sun.com/bugreport/, sun.io.unicode.encoding=UnicodeLittle, sun.cpu.endian=little, sun.cpu.isalist=}
Tests run: 4, Failures: 0, Errors: 0, Skipped: 0, Time elapsed: 0.273 sec
Running org.apache.logging.log4j.core.net.JMSQueueTest
log4j:WARN No appenders could be found for logger (org.mockejb.jndi.MockContext).
log4j:WARN Please initialize the log4j system properly.
log4j:WARN See http://logging.apache.org/log4j/1.2/faq.html#noconfig for more info.
Tests run: 1, Failures: 0, Errors: 0, Skipped: 0, Time elapsed: 0.467 sec
Running org.apache.logging.log4j.core.net.JMSTopicTest
log4j:WARN No appenders could be found for logger (org.mockejb.jndi.MockContext).
log4j:WARN Please initialize the log4j system properly.
log4j:WARN See http://logging.apache.org/log4j/1.2/faq.html#noconfig for more info.
Tests run: 1, Failures: 0, Errors: 0, Skipped: 0, Time elapsed: 0.501 sec
Running org.apache.logging.log4j.core.net.SocketServerTest
Tests run: 1, Failures: 0, Errors: 0, Skipped: 0, Time elapsed: 0.381 sec
Running org.apache.logging.log4j.core.LoggerTest
2022-07-15 02:57:09,710 DEBUG Generated plugins in 0.001888516 seconds
2022-07-15 02:57:09,717 DEBUG Calling createProperty on class org.apache.logging.log4j.core.config.Property for element property with params(name="filename", value="target/test.log")
2022-07-15 02:57:09,718 DEBUG Calling configureSubstitutor on class org.apache.logging.log4j.core.config.plugins.PropertiesPlugin for element properties with params(properties={filename=target/test.log})
2022-07-15 02:57:09,720 DEBUG Generated plugins in 0.000898046 seconds
2022-07-15 02:57:09,722 DEBUG Calling createFilter on class org.apache.logging.log4j.core.filter.ThresholdFilter for element ThresholdFilter with params(level="trace", onMatch="null", onMismatch="null")
2022-07-15 02:57:09,724 DEBUG Calling createLayout on class org.apache.logging.log4j.core.layout.PatternLayout for element PatternLayout with params(pattern="%m MDC%X%n", Configuration(XMLConfigTest), null, charset="null")
2022-07-15 02:57:09,726 DEBUG Generated plugins in 0.001087455 seconds
2022-07-15 02:57:09,727 DEBUG Calling createFilter on class org.apache.logging.log4j.core.filter.MarkerFilter for element MarkerFilter with params(marker="FLOW", onMatch="DENY", onMismatch="NEUTRAL")
2022-07-15 02:57:09,728 DEBUG Calling createFilter on class org.apache.logging.log4j.core.filter.MarkerFilter for element MarkerFilter with params(marker="EXCEPTION", onMatch="DENY", onMismatch="ACCEPT")
2022-07-15 02:57:09,728 DEBUG Calling createFilters on class org.apache.logging.log4j.core.filter.CompositeFilter for element filters with params(filters={FLOW, EXCEPTION})
2022-07-15 02:57:09,730 DEBUG Calling createAppender on class org.apache.logging.log4j.core.appender.ConsoleAppender for element Console with params(PatternLayout(%m MDC%X%n), filters({FLOW, EXCEPTION}), target="null", name="STDOUT", suppressExceptions="null")
2022-07-15 02:57:09,731 DEBUG Calling createLayout on class org.apache.logging.log4j.core.layout.PatternLayout for element PatternLayout with params(pattern="%C{1}.%M %m %ex%n", Configuration(XMLConfigTest), null, charset="null")
2022-07-15 02:57:09,732 DEBUG Calling createFilter on class org.apache.logging.log4j.core.filter.MarkerFilter for element MarkerFilter with params(marker="FLOW", onMatch="ACCEPT", onMismatch="NEUTRAL")
2022-07-15 02:57:09,733 DEBUG Calling createFilter on class org.apache.logging.log4j.core.filter.MarkerFilter for element MarkerFilter with params(marker="EXCEPTION", onMatch="ACCEPT", onMismatch="DENY")
2022-07-15 02:57:09,733 DEBUG Calling createFilters on class org.apache.logging.log4j.core.filter.CompositeFilter for element filters with params(filters={FLOW, EXCEPTION})
2022-07-15 02:57:09,734 DEBUG Calling createAppender on class org.apache.logging.log4j.core.appender.ConsoleAppender for element Console with params(PatternLayout(%C{1}.%M %m %ex%n), filters({FLOW, EXCEPTION}), target="null", name="FLOW", suppressExceptions="null")
2022-07-15 02:57:09,734 DEBUG Calling createLayout on class org.apache.logging.log4j.core.layout.PatternLayout for element PatternLayout with params(pattern="%d %p %C{1.} [%t] %m%n", Configuration(XMLConfigTest), null, charset="null")
2022-07-15 02:57:09,736 DEBUG Calling createAppender on class org.apache.logging.log4j.core.appender.FileAppender for element File with params(fileName="target/test.log", append="null", locking="null", name="File", immediateFlush="null", suppressExceptions="null", bufferedIO="null", PatternLayout(%d %p %C{1.} [%t] %m%n), null)
2022-07-15 02:57:09,737 DEBUG Starting FileManager target/test.log
2022-07-15 02:57:09,738 DEBUG Calling createAppender on class org.apache.logging.log4j.test.appender.ListAppender for element List with params(name="List", entryPerNewLine="null", raw="null", null, null)
2022-07-15 02:57:09,739 DEBUG Calling createAppenders on class org.apache.logging.log4j.core.config.plugins.AppendersPlugin for element appenders with params(appenders={STDOUT, FLOW, File, List})
2022-07-15 02:57:09,739 DEBUG Calling createPair on class org.apache.logging.log4j.core.helpers.KeyValuePair for element KeyValuePair with params(key="test", value="123")
2022-07-15 02:57:09,740 DEBUG Calling createFilter on class org.apache.logging.log4j.core.filter.ThreadContextMapFilter for element ThreadContextMapFilter with params(pairs={test=123}, operator="null", onmatch="null", onmismatch="null")
2022-07-15 02:57:09,741 DEBUG Calling createAppenderRef on class org.apache.logging.log4j.core.config.AppenderRef for element appender-ref with params(ref="STDOUT", level="null", null)
2022-07-15 02:57:09,742 DEBUG Calling createLogger on class org.apache.logging.log4j.core.config.LoggerConfig for element logger with params(additivity="false", level="debug", name="org.apache.logging.log4j.test1", appender-ref={org.apache.logging.log4j.core.config.AppenderRef@61443d8f}, ThreadContextMapFilter(isAnd=true, {test=[123]}))
2022-07-15 02:57:09,742 DEBUG Calling createAppenderRef on class org.apache.logging.log4j.core.config.AppenderRef for element appender-ref with params(ref="File", level="null", null)
2022-07-15 02:57:09,743 DEBUG Calling createLogger on class org.apache.logging.log4j.core.config.LoggerConfig for element logger with params(additivity="false", level="debug", name="org.apache.logging.log4j.test2", appender-ref={org.apache.logging.log4j.core.config.AppenderRef@445b84c0}, null)
2022-07-15 02:57:09,743 DEBUG Calling createAppenderRef on class org.apache.logging.log4j.core.config.AppenderRef for element appender-ref with params(ref="List", level="null", null)
2022-07-15 02:57:09,744 DEBUG Calling createLogger on class org.apache.logging.log4j.core.config.LoggerConfig$RootLogger for element root with params(additivity="null", level="trace", appender-ref={org.apache.logging.log4j.core.config.AppenderRef@233c0b17}, null)
2022-07-15 02:57:09,745 DEBUG Calling createLoggers on class org.apache.logging.log4j.core.config.plugins.LoggersPlugin for element loggers with params(loggers={org.apache.logging.log4j.test1, org.apache.logging.log4j.test2, root})
2022-07-15 02:57:09,746 DEBUG Reconfiguration completed
2022-07-15 02:57:09,771 DEBUG Reconfiguration started for context sun.misc.Launcher$AppClassLoader@7f31245a
2022-07-15 02:57:09,773 DEBUG Generated plugins in 0.001038036 seconds
2022-07-15 02:57:09,788 DEBUG Generated plugins in 0.000762769 seconds
2022-07-15 02:57:09,789 DEBUG Generated plugins in 0.000757638 seconds
2022-07-15 02:57:09,789 WARN No Loggers were configured, using default
2022-07-15 02:57:09,790 DEBUG Shutting down FileManager target/test.log
2022-07-15 02:57:09,790 DEBUG Reconfiguration completed
Tests run: 9, Failures: 0, Errors: 2, Skipped: 0, Time elapsed: 0.289 sec <<< FAILURE!

Results :

Failed tests: 

Tests in error: 
  throwing(org.apache.logging.log4j.core.LoggerTest)
  catching(org.apache.logging.log4j.core.LoggerTest)

Tests run: 113, Failures: 1, Errors: 12, Skipped: 0

[INFO] ------------------------------------------------------------------------
[INFO] BUILD FAILURE
[INFO] ------------------------------------------------------------------------
[INFO] Total time: 59.804 s
[INFO] Finished at: 2022-07-15T02:57:09-07:00
[INFO] ------------------------------------------------------------------------
[ERROR] Failed to execute goal org.apache.maven.plugins:maven-surefire-plugin:2.7.2:test (default-test) on project log4j-core: There are test failures.
[ERROR] 
[ERROR] Please refer to /data-depot/user/Workspace/Reproducibility/Reproducibility-Scanner/benchmarks/bugs-dot-jar/logging-log4j2/core/target/surefire-reports for the individual test results.
[ERROR] -> [Help 1]
[ERROR] 
[ERROR] To see the full stack trace of the errors, re-run Maven with the -e switch.
[ERROR] Re-run Maven using the -X switch to enable full debug logging.
[ERROR] 
[ERROR] For more information about the errors and possible solutions, please read the following articles:
[ERROR] [Help 1] http://cwiki.apache.org/confluence/display/MAVEN/MojoFailureException