[INFO] Scanning for projects...
[INFO] ------------------------------------------------------------------------
[INFO] Reactor Build Order:
[INFO] 
[INFO] Oak Parent POM                                                     [pom]
[INFO] Oak Commons                                                     [bundle]
[INFO] Oak MicroKernel API                                             [bundle]
[INFO] Oak MicroKernel                                                 [bundle]
[INFO] Oak MicroKernel Remoting                                        [bundle]
[INFO] Oak Integration Tests for MicroKernel implementations              [jar]
[INFO] Oak Core                                                        [bundle]
[INFO] Oak JCR Binding                                                 [bundle]
[INFO] Oak support for Apache Sling                                    [bundle]
[INFO] Oak HTTP Binding                                                [bundle]
[INFO] Oak Runnable Jar                                                   [jar]
[INFO] Oak Integration Tests for OSGi deployments                         [jar]
[INFO] Oak Integration Tests                                              [pom]
[INFO] Oak Performance Test Parent                                        [pom]
[INFO] Oak Performance Test Utilities                                     [jar]
[INFO] Oak Performance Test                                               [jar]
[INFO] Oak Performance Benchmark                                          [pom]
[INFO] Jackrabbit Oak                                                     [pom]
[INFO] 
[INFO] ------------------< org.apache.jackrabbit:oak-parent >------------------
[INFO] Building Oak Parent POM 0.5-SNAPSHOT                              [1/18]
[INFO] --------------------------------[ pom ]---------------------------------
[INFO] 
[INFO] --- maven-remote-resources-plugin:1.2.1:process (default) @ oak-parent ---
[INFO] 
[INFO] --- maven-site-plugin:3.0:attach-descriptor (attach-descriptor) @ oak-parent ---
[INFO] 
[INFO] --- maven-install-plugin:2.3.1:install (default-install) @ oak-parent ---
[INFO] Installing /data-depot/user/Workspace/Reproducibility/Reproducibility-Scanner/benchmarks/bugs-dot-jar/jackrabbit-oak/oak-parent/pom.xml to /home/user/.m2/repository/org/apache/jackrabbit/oak-parent/0.5-SNAPSHOT/oak-parent-0.5-SNAPSHOT.pom
[INFO] 
[INFO] -----------------< org.apache.jackrabbit:oak-commons >------------------
[INFO] Building Oak Commons 0.5-SNAPSHOT                                 [2/18]
[INFO] -------------------------------[ bundle ]-------------------------------
[INFO] 
[INFO] --- maven-remote-resources-plugin:1.2.1:process (default) @ oak-commons ---
[INFO] 
[INFO] --- maven-resources-plugin:2.5:resources (default-resources) @ oak-commons ---
[debug] execute contextualize
[INFO] Using 'UTF-8' encoding to copy filtered resources.
[INFO] skip non existing resourceDirectory /data-depot/user/Workspace/Reproducibility/Reproducibility-Scanner/benchmarks/bugs-dot-jar/jackrabbit-oak/oak-commons/src/main/resources
[INFO] Copying 3 resources
[INFO] 
[INFO] --- maven-compiler-plugin:2.3.2:compile (default-compile) @ oak-commons ---
[INFO] Compiling 1 source file to /data-depot/user/Workspace/Reproducibility/Reproducibility-Scanner/benchmarks/bugs-dot-jar/jackrabbit-oak/oak-commons/target/classes
[INFO] 
[INFO] --- maven-resources-plugin:2.5:testResources (default-testResources) @ oak-commons ---
[debug] execute contextualize
[INFO] Using 'UTF-8' encoding to copy filtered resources.
[INFO] skip non existing resourceDirectory /data-depot/user/Workspace/Reproducibility/Reproducibility-Scanner/benchmarks/bugs-dot-jar/jackrabbit-oak/oak-commons/src/test/resources
[INFO] Copying 3 resources
[INFO] 
[INFO] --- maven-compiler-plugin:2.3.2:testCompile (default-testCompile) @ oak-commons ---
[INFO] Compiling 1 source file to /data-depot/user/Workspace/Reproducibility/Reproducibility-Scanner/benchmarks/bugs-dot-jar/jackrabbit-oak/oak-commons/target/test-classes
[INFO] 
[INFO] --- maven-surefire-plugin:2.9:test (default-test) @ oak-commons ---
[INFO] Tests are skipped.
[INFO] 
[INFO] --- maven-bundle-plugin:2.3.7:bundle (default-bundle) @ oak-commons ---
[INFO] 
[INFO] --- maven-site-plugin:3.0:attach-descriptor (attach-descriptor) @ oak-commons ---
[INFO] 
[INFO] --- maven-install-plugin:2.3.1:install (default-install) @ oak-commons ---
[INFO] Installing /data-depot/user/Workspace/Reproducibility/Reproducibility-Scanner/benchmarks/bugs-dot-jar/jackrabbit-oak/oak-commons/target/oak-commons-0.5-SNAPSHOT.jar to /home/user/.m2/repository/org/apache/jackrabbit/oak-commons/0.5-SNAPSHOT/oak-commons-0.5-SNAPSHOT.jar
[INFO] Installing /data-depot/user/Workspace/Reproducibility/Reproducibility-Scanner/benchmarks/bugs-dot-jar/jackrabbit-oak/oak-commons/pom.xml to /home/user/.m2/repository/org/apache/jackrabbit/oak-commons/0.5-SNAPSHOT/oak-commons-0.5-SNAPSHOT.pom
[INFO] 
[INFO] --- maven-bundle-plugin:2.3.7:install (default-install) @ oak-commons ---
[INFO] Installing org/apache/jackrabbit/oak-commons/0.5-SNAPSHOT/oak-commons-0.5-SNAPSHOT.jar
[INFO] Writing OBR metadata
[INFO] 
[INFO] ------------------< org.apache.jackrabbit:oak-mk-api >------------------
[INFO] Building Oak MicroKernel API 0.5-SNAPSHOT                         [3/18]
[INFO] -------------------------------[ bundle ]-------------------------------
[INFO] 
[INFO] --- maven-remote-resources-plugin:1.2.1:process (default) @ oak-mk-api ---
[INFO] 
[INFO] --- maven-resources-plugin:2.5:resources (default-resources) @ oak-mk-api ---
[debug] execute contextualize
[INFO] Using 'UTF-8' encoding to copy filtered resources.
[INFO] skip non existing resourceDirectory /data-depot/user/Workspace/Reproducibility/Reproducibility-Scanner/benchmarks/bugs-dot-jar/jackrabbit-oak/oak-mk-api/src/main/resources
[INFO] Copying 3 resources
[INFO] 
[INFO] --- maven-compiler-plugin:2.3.2:compile (default-compile) @ oak-mk-api ---
[INFO] Compiling 3 source files to /data-depot/user/Workspace/Reproducibility/Reproducibility-Scanner/benchmarks/bugs-dot-jar/jackrabbit-oak/oak-mk-api/target/classes
[INFO] 
[INFO] --- maven-scr-plugin:1.7.4:scr (generate-scr-scrdescriptor) @ oak-mk-api ---
[INFO] 
[INFO] --- maven-resources-plugin:2.5:testResources (default-testResources) @ oak-mk-api ---
[debug] execute contextualize
[INFO] Using 'UTF-8' encoding to copy filtered resources.
[INFO] skip non existing resourceDirectory /data-depot/user/Workspace/Reproducibility/Reproducibility-Scanner/benchmarks/bugs-dot-jar/jackrabbit-oak/oak-mk-api/src/test/resources
[INFO] Copying 3 resources
[INFO] 
[INFO] --- maven-compiler-plugin:2.3.2:testCompile (default-testCompile) @ oak-mk-api ---
[INFO] No sources to compile
[INFO] 
[INFO] --- maven-surefire-plugin:2.9:test (default-test) @ oak-mk-api ---
[INFO] Tests are skipped.
[INFO] 
[INFO] --- maven-bundle-plugin:2.3.7:bundle (default-bundle) @ oak-mk-api ---
[INFO] 
[INFO] --- maven-site-plugin:3.0:attach-descriptor (attach-descriptor) @ oak-mk-api ---
[INFO] 
[INFO] --- maven-install-plugin:2.3.1:install (default-install) @ oak-mk-api ---
[INFO] Installing /data-depot/user/Workspace/Reproducibility/Reproducibility-Scanner/benchmarks/bugs-dot-jar/jackrabbit-oak/oak-mk-api/target/oak-mk-api-0.5-SNAPSHOT.jar to /home/user/.m2/repository/org/apache/jackrabbit/oak-mk-api/0.5-SNAPSHOT/oak-mk-api-0.5-SNAPSHOT.jar
[INFO] Installing /data-depot/user/Workspace/Reproducibility/Reproducibility-Scanner/benchmarks/bugs-dot-jar/jackrabbit-oak/oak-mk-api/pom.xml to /home/user/.m2/repository/org/apache/jackrabbit/oak-mk-api/0.5-SNAPSHOT/oak-mk-api-0.5-SNAPSHOT.pom
[INFO] 
[INFO] --- maven-bundle-plugin:2.3.7:install (default-install) @ oak-mk-api ---
[INFO] Installing org/apache/jackrabbit/oak-mk-api/0.5-SNAPSHOT/oak-mk-api-0.5-SNAPSHOT.jar
[INFO] Writing OBR metadata
[INFO] 
[INFO] --------------------< org.apache.jackrabbit:oak-mk >--------------------
[INFO] Building Oak MicroKernel 0.5-SNAPSHOT                             [4/18]
[INFO] -------------------------------[ bundle ]-------------------------------
[INFO] 
[INFO] --- maven-remote-resources-plugin:1.2.1:process (default) @ oak-mk ---
[INFO] 
[INFO] --- maven-resources-plugin:2.5:resources (default-resources) @ oak-mk ---
[debug] execute contextualize
[INFO] Using 'UTF-8' encoding to copy filtered resources.
[INFO] skip non existing resourceDirectory /data-depot/user/Workspace/Reproducibility/Reproducibility-Scanner/benchmarks/bugs-dot-jar/jackrabbit-oak/oak-mk/src/main/resources
[INFO] Copying 3 resources
[INFO] 
[INFO] --- maven-compiler-plugin:2.3.2:compile (default-compile) @ oak-mk ---
[INFO] Compiling 73 source files to /data-depot/user/Workspace/Reproducibility/Reproducibility-Scanner/benchmarks/bugs-dot-jar/jackrabbit-oak/oak-mk/target/classes
[INFO] 
[INFO] --- maven-scr-plugin:1.7.4:scr (generate-scr-scrdescriptor) @ oak-mk ---
[INFO] Writing abstract service descriptor /data-depot/user/Workspace/Reproducibility/Reproducibility-Scanner/benchmarks/bugs-dot-jar/jackrabbit-oak/oak-mk/target/scr-plugin-generated/OSGI-INF/scr-plugin/scrinfo.xml with 1 entries.
[INFO] Generating 1 Service Component Descriptors to /data-depot/user/Workspace/Reproducibility/Reproducibility-Scanner/benchmarks/bugs-dot-jar/jackrabbit-oak/oak-mk/target/scr-plugin-generated/OSGI-INF/serviceComponents.xml
[INFO] 
[INFO] --- maven-resources-plugin:2.5:testResources (default-testResources) @ oak-mk ---
[debug] execute contextualize
[INFO] Using 'UTF-8' encoding to copy filtered resources.
[INFO] Copying 1 resource
[INFO] Copying 3 resources
[INFO] 
[INFO] --- maven-compiler-plugin:2.3.2:testCompile (default-testCompile) @ oak-mk ---
[INFO] Compiling 20 source files to /data-depot/user/Workspace/Reproducibility/Reproducibility-Scanner/benchmarks/bugs-dot-jar/jackrabbit-oak/oak-mk/target/test-classes
[INFO] 
[INFO] --- maven-surefire-plugin:2.9:test (default-test) @ oak-mk ---
[INFO] Tests are skipped.
[INFO] 
[INFO] --- maven-bundle-plugin:2.3.7:bundle (default-bundle) @ oak-mk ---
[INFO] 
[INFO] --- maven-site-plugin:3.0:attach-descriptor (attach-descriptor) @ oak-mk ---
[INFO] 
[INFO] --- maven-install-plugin:2.3.1:install (default-install) @ oak-mk ---
[INFO] Installing /data-depot/user/Workspace/Reproducibility/Reproducibility-Scanner/benchmarks/bugs-dot-jar/jackrabbit-oak/oak-mk/target/oak-mk-0.5-SNAPSHOT.jar to /home/user/.m2/repository/org/apache/jackrabbit/oak-mk/0.5-SNAPSHOT/oak-mk-0.5-SNAPSHOT.jar
[INFO] Installing /data-depot/user/Workspace/Reproducibility/Reproducibility-Scanner/benchmarks/bugs-dot-jar/jackrabbit-oak/oak-mk/pom.xml to /home/user/.m2/repository/org/apache/jackrabbit/oak-mk/0.5-SNAPSHOT/oak-mk-0.5-SNAPSHOT.pom
[INFO] 
[INFO] --- maven-bundle-plugin:2.3.7:install (default-install) @ oak-mk ---
[INFO] Installing org/apache/jackrabbit/oak-mk/0.5-SNAPSHOT/oak-mk-0.5-SNAPSHOT.jar
[INFO] Writing OBR metadata
[INFO] 
[INFO] ----------------< org.apache.jackrabbit:oak-mk-remote >-----------------
[INFO] Building Oak MicroKernel Remoting 0.5-SNAPSHOT                    [5/18]
[INFO] -------------------------------[ bundle ]-------------------------------
[INFO] 
[INFO] --- maven-remote-resources-plugin:1.2.1:process (default) @ oak-mk-remote ---
[INFO] 
[INFO] --- maven-resources-plugin:2.5:resources (default-resources) @ oak-mk-remote ---
[debug] execute contextualize
[INFO] Using 'UTF-8' encoding to copy filtered resources.
[INFO] Copying 20 resources
[INFO] Copying 3 resources
[INFO] 
[INFO] --- maven-compiler-plugin:2.3.2:compile (default-compile) @ oak-mk-remote ---
[INFO] Compiling 15 source files to /data-depot/user/Workspace/Reproducibility/Reproducibility-Scanner/benchmarks/bugs-dot-jar/jackrabbit-oak/oak-mk-remote/target/classes
[INFO] 
[INFO] --- maven-scr-plugin:1.7.4:scr (generate-scr-scrdescriptor) @ oak-mk-remote ---
[INFO] 
[INFO] --- maven-resources-plugin:2.5:testResources (default-testResources) @ oak-mk-remote ---
[debug] execute contextualize
[INFO] Using 'UTF-8' encoding to copy filtered resources.
[INFO] skip non existing resourceDirectory /data-depot/user/Workspace/Reproducibility/Reproducibility-Scanner/benchmarks/bugs-dot-jar/jackrabbit-oak/oak-mk-remote/src/test/resources
[INFO] Copying 3 resources
[INFO] 
[INFO] --- maven-compiler-plugin:2.3.2:testCompile (default-testCompile) @ oak-mk-remote ---
[INFO] Compiling 1 source file to /data-depot/user/Workspace/Reproducibility/Reproducibility-Scanner/benchmarks/bugs-dot-jar/jackrabbit-oak/oak-mk-remote/target/test-classes
[INFO] 
[INFO] --- maven-surefire-plugin:2.9:test (default-test) @ oak-mk-remote ---
[INFO] Tests are skipped.
[INFO] 
[INFO] --- maven-bundle-plugin:2.3.7:bundle (default-bundle) @ oak-mk-remote ---
[INFO] 
[INFO] --- maven-site-plugin:3.0:attach-descriptor (attach-descriptor) @ oak-mk-remote ---
[INFO] 
[INFO] --- maven-install-plugin:2.3.1:install (default-install) @ oak-mk-remote ---
[INFO] Installing /data-depot/user/Workspace/Reproducibility/Reproducibility-Scanner/benchmarks/bugs-dot-jar/jackrabbit-oak/oak-mk-remote/target/oak-mk-remote-0.5-SNAPSHOT.jar to /home/user/.m2/repository/org/apache/jackrabbit/oak-mk-remote/0.5-SNAPSHOT/oak-mk-remote-0.5-SNAPSHOT.jar
[INFO] Installing /data-depot/user/Workspace/Reproducibility/Reproducibility-Scanner/benchmarks/bugs-dot-jar/jackrabbit-oak/oak-mk-remote/pom.xml to /home/user/.m2/repository/org/apache/jackrabbit/oak-mk-remote/0.5-SNAPSHOT/oak-mk-remote-0.5-SNAPSHOT.pom
[INFO] 
[INFO] --- maven-bundle-plugin:2.3.7:install (default-install) @ oak-mk-remote ---
[INFO] Installing org/apache/jackrabbit/oak-mk-remote/0.5-SNAPSHOT/oak-mk-remote-0.5-SNAPSHOT.jar
[INFO] Writing OBR metadata
[INFO] 
[INFO] ------------------< org.apache.jackrabbit:oak-it-mk >-------------------
[INFO] Building Oak Integration Tests for MicroKernel implementations 0.5-SNAPSHOT [6/18]
[INFO] --------------------------------[ jar ]---------------------------------
[INFO] 
[INFO] --- maven-remote-resources-plugin:1.2.1:process (default) @ oak-it-mk ---
[INFO] 
[INFO] --- maven-resources-plugin:2.5:resources (default-resources) @ oak-it-mk ---
[debug] execute contextualize
[INFO] Using 'UTF-8' encoding to copy filtered resources.
[INFO] skip non existing resourceDirectory /data-depot/user/Workspace/Reproducibility/Reproducibility-Scanner/benchmarks/bugs-dot-jar/jackrabbit-oak/oak-it/mk/src/main/resources
[INFO] Copying 3 resources
[INFO] 
[INFO] --- maven-compiler-plugin:2.3.2:compile (default-compile) @ oak-it-mk ---
[INFO] Compiling 6 source files to /data-depot/user/Workspace/Reproducibility/Reproducibility-Scanner/benchmarks/bugs-dot-jar/jackrabbit-oak/oak-it/mk/target/classes
[INFO] 
[INFO] --- maven-resources-plugin:2.5:testResources (default-testResources) @ oak-it-mk ---
[debug] execute contextualize
[INFO] Using 'UTF-8' encoding to copy filtered resources.
[INFO] Copying 2 resources
[INFO] Copying 3 resources
[INFO] 
[INFO] --- maven-compiler-plugin:2.3.2:testCompile (default-testCompile) @ oak-it-mk ---
[INFO] Compiling 3 source files to /data-depot/user/Workspace/Reproducibility/Reproducibility-Scanner/benchmarks/bugs-dot-jar/jackrabbit-oak/oak-it/mk/target/test-classes
[INFO] 
[INFO] --- maven-surefire-plugin:2.9:test (default-test) @ oak-it-mk ---
[INFO] Tests are skipped.
[INFO] 
[INFO] --- maven-jar-plugin:2.3.1:jar (default-jar) @ oak-it-mk ---
[INFO] Building jar: /data-depot/user/Workspace/Reproducibility/Reproducibility-Scanner/benchmarks/bugs-dot-jar/jackrabbit-oak/oak-it/mk/target/oak-it-mk-0.5-SNAPSHOT.jar
[INFO] 
[INFO] --- maven-site-plugin:3.0:attach-descriptor (attach-descriptor) @ oak-it-mk ---
[INFO] 
[INFO] --- maven-install-plugin:2.3.1:install (default-install) @ oak-it-mk ---
[INFO] Installing /data-depot/user/Workspace/Reproducibility/Reproducibility-Scanner/benchmarks/bugs-dot-jar/jackrabbit-oak/oak-it/mk/target/oak-it-mk-0.5-SNAPSHOT.jar to /home/user/.m2/repository/org/apache/jackrabbit/oak-it-mk/0.5-SNAPSHOT/oak-it-mk-0.5-SNAPSHOT.jar
[INFO] Installing /data-depot/user/Workspace/Reproducibility/Reproducibility-Scanner/benchmarks/bugs-dot-jar/jackrabbit-oak/oak-it/mk/pom.xml to /home/user/.m2/repository/org/apache/jackrabbit/oak-it-mk/0.5-SNAPSHOT/oak-it-mk-0.5-SNAPSHOT.pom
[INFO] 
[INFO] -------------------< org.apache.jackrabbit:oak-core >-------------------
[INFO] Building Oak Core 0.5-SNAPSHOT                                    [7/18]
[INFO] -------------------------------[ bundle ]-------------------------------
[INFO] 
[INFO] --- maven-remote-resources-plugin:1.2.1:process (default) @ oak-core ---
[INFO] 
[INFO] --- maven-resources-plugin:2.5:resources (default-resources) @ oak-core ---
[debug] execute contextualize
[INFO] Using 'UTF-8' encoding to copy filtered resources.
[INFO] Copying 1 resource
[INFO] Copying 3 resources
[INFO] 
[INFO] --- maven-compiler-plugin:2.3.2:compile (default-compile) @ oak-core ---
[INFO] Compiling 282 source files to /data-depot/user/Workspace/Reproducibility/Reproducibility-Scanner/benchmarks/bugs-dot-jar/jackrabbit-oak/oak-core/target/classes
[INFO] 
[INFO] --- maven-scr-plugin:1.7.4:scr (generate-scr-scrdescriptor) @ oak-core ---
[INFO] Writing abstract service descriptor /data-depot/user/Workspace/Reproducibility/Reproducibility-Scanner/benchmarks/bugs-dot-jar/jackrabbit-oak/oak-core/target/scr-plugin-generated/OSGI-INF/scr-plugin/scrinfo.xml with 4 entries.
[INFO] Generating 4 Service Component Descriptors to /data-depot/user/Workspace/Reproducibility/Reproducibility-Scanner/benchmarks/bugs-dot-jar/jackrabbit-oak/oak-core/target/scr-plugin-generated/OSGI-INF/serviceComponents.xml
[INFO] 
[INFO] --- maven-resources-plugin:2.5:testResources (default-testResources) @ oak-core ---
[debug] execute contextualize
[INFO] Using 'UTF-8' encoding to copy filtered resources.
[INFO] Copying 7 resources
[INFO] Copying 3 resources
[INFO] 
[INFO] --- maven-compiler-plugin:2.3.2:testCompile (default-testCompile) @ oak-core ---
[INFO] Compiling 61 source files to /data-depot/user/Workspace/Reproducibility/Reproducibility-Scanner/benchmarks/bugs-dot-jar/jackrabbit-oak/oak-core/target/test-classes
[INFO] 
[INFO] --- maven-surefire-plugin:2.9:test (default-test) @ oak-core ---
[INFO] Tests are skipped.
[INFO] 
[INFO] --- maven-bundle-plugin:2.3.7:bundle (default-bundle) @ oak-core ---
[INFO] 
[INFO] --- maven-site-plugin:3.0:attach-descriptor (attach-descriptor) @ oak-core ---
[INFO] 
[INFO] --- maven-install-plugin:2.3.1:install (default-install) @ oak-core ---
[INFO] Installing /data-depot/user/Workspace/Reproducibility/Reproducibility-Scanner/benchmarks/bugs-dot-jar/jackrabbit-oak/oak-core/target/oak-core-0.5-SNAPSHOT.jar to /home/user/.m2/repository/org/apache/jackrabbit/oak-core/0.5-SNAPSHOT/oak-core-0.5-SNAPSHOT.jar
[INFO] Installing /data-depot/user/Workspace/Reproducibility/Reproducibility-Scanner/benchmarks/bugs-dot-jar/jackrabbit-oak/oak-core/pom.xml to /home/user/.m2/repository/org/apache/jackrabbit/oak-core/0.5-SNAPSHOT/oak-core-0.5-SNAPSHOT.pom
[INFO] 
[INFO] --- maven-bundle-plugin:2.3.7:install (default-install) @ oak-core ---
[INFO] Installing org/apache/jackrabbit/oak-core/0.5-SNAPSHOT/oak-core-0.5-SNAPSHOT.jar
[INFO] Writing OBR metadata
[INFO] 
[INFO] -------------------< org.apache.jackrabbit:oak-jcr >--------------------
[INFO] Building Oak JCR Binding 0.5-SNAPSHOT                             [8/18]
[INFO] -------------------------------[ bundle ]-------------------------------
[INFO] 
[INFO] --- maven-remote-resources-plugin:1.2.1:process (default) @ oak-jcr ---
[INFO] 
[INFO] --- maven-resources-plugin:2.5:resources (default-resources) @ oak-jcr ---
[debug] execute contextualize
[INFO] Using 'UTF-8' encoding to copy filtered resources.
[INFO] Copying 1 resource
[INFO] Copying 3 resources
[INFO] 
[INFO] --- maven-compiler-plugin:2.3.2:compile (default-compile) @ oak-jcr ---
[INFO] Compiling 83 source files to /data-depot/user/Workspace/Reproducibility/Reproducibility-Scanner/benchmarks/bugs-dot-jar/jackrabbit-oak/oak-jcr/target/classes
[INFO] 
[INFO] --- maven-resources-plugin:2.5:testResources (default-testResources) @ oak-jcr ---
[debug] execute contextualize
[INFO] Using 'UTF-8' encoding to copy filtered resources.
[INFO] Copying 2 resources
[INFO] Copying 3 resources
[INFO] 
[INFO] --- maven-compiler-plugin:2.3.2:testCompile (default-testCompile) @ oak-jcr ---
[INFO] Compiling 21 source files to /data-depot/user/Workspace/Reproducibility/Reproducibility-Scanner/benchmarks/bugs-dot-jar/jackrabbit-oak/oak-jcr/target/test-classes
[INFO] 
[INFO] --- maven-surefire-plugin:2.9:test (default-test) @ oak-jcr ---
[INFO] Tests are skipped.
[INFO] 
[INFO] --- maven-bundle-plugin:2.3.7:bundle (default-bundle) @ oak-jcr ---
[INFO] 
[INFO] --- maven-site-plugin:3.0:attach-descriptor (attach-descriptor) @ oak-jcr ---
[INFO] 
[INFO] --- maven-install-plugin:2.3.1:install (default-install) @ oak-jcr ---
[INFO] Installing /data-depot/user/Workspace/Reproducibility/Reproducibility-Scanner/benchmarks/bugs-dot-jar/jackrabbit-oak/oak-jcr/target/oak-jcr-0.5-SNAPSHOT.jar to /home/user/.m2/repository/org/apache/jackrabbit/oak-jcr/0.5-SNAPSHOT/oak-jcr-0.5-SNAPSHOT.jar
[INFO] Installing /data-depot/user/Workspace/Reproducibility/Reproducibility-Scanner/benchmarks/bugs-dot-jar/jackrabbit-oak/oak-jcr/pom.xml to /home/user/.m2/repository/org/apache/jackrabbit/oak-jcr/0.5-SNAPSHOT/oak-jcr-0.5-SNAPSHOT.pom
[INFO] 
[INFO] --- maven-bundle-plugin:2.3.7:install (default-install) @ oak-jcr ---
[INFO] Installing org/apache/jackrabbit/oak-jcr/0.5-SNAPSHOT/oak-jcr-0.5-SNAPSHOT.jar
[INFO] Writing OBR metadata
[INFO] 
[INFO] ------------------< org.apache.jackrabbit:oak-sling >-------------------
[INFO] Building Oak support for Apache Sling 0.5-SNAPSHOT                [9/18]
[INFO] -------------------------------[ bundle ]-------------------------------
[INFO] 
[INFO] --- maven-remote-resources-plugin:1.2.1:process (default) @ oak-sling ---
[INFO] 
[INFO] --- maven-resources-plugin:2.5:resources (default-resources) @ oak-sling ---
[debug] execute contextualize
[INFO] Using 'UTF-8' encoding to copy filtered resources.
[INFO] skip non existing resourceDirectory /data-depot/user/Workspace/Reproducibility/Reproducibility-Scanner/benchmarks/bugs-dot-jar/jackrabbit-oak/oak-sling/src/main/resources
[INFO] Copying 3 resources
[INFO] 
[INFO] --- maven-compiler-plugin:2.3.2:compile (default-compile) @ oak-sling ---
[INFO] Compiling 2 source files to /data-depot/user/Workspace/Reproducibility/Reproducibility-Scanner/benchmarks/bugs-dot-jar/jackrabbit-oak/oak-sling/target/classes
[INFO] 
[INFO] --- maven-resources-plugin:2.5:testResources (default-testResources) @ oak-sling ---
[debug] execute contextualize
[INFO] Using 'UTF-8' encoding to copy filtered resources.
[INFO] skip non existing resourceDirectory /data-depot/user/Workspace/Reproducibility/Reproducibility-Scanner/benchmarks/bugs-dot-jar/jackrabbit-oak/oak-sling/src/test/resources
[INFO] Copying 3 resources
[INFO] 
[INFO] --- maven-compiler-plugin:2.3.2:testCompile (default-testCompile) @ oak-sling ---
[INFO] No sources to compile
[INFO] 
[INFO] --- maven-surefire-plugin:2.9:test (default-test) @ oak-sling ---
[INFO] Tests are skipped.
[INFO] 
[INFO] --- maven-bundle-plugin:2.3.7:bundle (default-bundle) @ oak-sling ---
[INFO] 
[INFO] --- maven-site-plugin:3.0:attach-descriptor (attach-descriptor) @ oak-sling ---
[INFO] 
[INFO] --- maven-install-plugin:2.3.1:install (default-install) @ oak-sling ---
[INFO] Installing /data-depot/user/Workspace/Reproducibility/Reproducibility-Scanner/benchmarks/bugs-dot-jar/jackrabbit-oak/oak-sling/target/oak-sling-0.5-SNAPSHOT.jar to /home/user/.m2/repository/org/apache/jackrabbit/oak-sling/0.5-SNAPSHOT/oak-sling-0.5-SNAPSHOT.jar
[INFO] Installing /data-depot/user/Workspace/Reproducibility/Reproducibility-Scanner/benchmarks/bugs-dot-jar/jackrabbit-oak/oak-sling/pom.xml to /home/user/.m2/repository/org/apache/jackrabbit/oak-sling/0.5-SNAPSHOT/oak-sling-0.5-SNAPSHOT.pom
[INFO] 
[INFO] --- maven-bundle-plugin:2.3.7:install (default-install) @ oak-sling ---
[INFO] Installing org/apache/jackrabbit/oak-sling/0.5-SNAPSHOT/oak-sling-0.5-SNAPSHOT.jar
[INFO] Writing OBR metadata
[INFO] 
[INFO] -------------------< org.apache.jackrabbit:oak-http >-------------------
[INFO] Building Oak HTTP Binding 0.5-SNAPSHOT                           [10/18]
[INFO] -------------------------------[ bundle ]-------------------------------
[INFO] 
[INFO] --- maven-remote-resources-plugin:1.2.1:process (default) @ oak-http ---
[INFO] 
[INFO] --- maven-resources-plugin:2.5:resources (default-resources) @ oak-http ---
[debug] execute contextualize
[INFO] Using 'UTF-8' encoding to copy filtered resources.
[INFO] skip non existing resourceDirectory /data-depot/user/Workspace/Reproducibility/Reproducibility-Scanner/benchmarks/bugs-dot-jar/jackrabbit-oak/oak-http/src/main/resources
[INFO] Copying 3 resources
[INFO] 
[INFO] --- maven-compiler-plugin:2.3.2:compile (default-compile) @ oak-http ---
[INFO] Compiling 7 source files to /data-depot/user/Workspace/Reproducibility/Reproducibility-Scanner/benchmarks/bugs-dot-jar/jackrabbit-oak/oak-http/target/classes
[INFO] 
[INFO] --- maven-resources-plugin:2.5:testResources (default-testResources) @ oak-http ---
[debug] execute contextualize
[INFO] Using 'UTF-8' encoding to copy filtered resources.
[INFO] skip non existing resourceDirectory /data-depot/user/Workspace/Reproducibility/Reproducibility-Scanner/benchmarks/bugs-dot-jar/jackrabbit-oak/oak-http/src/test/resources
[INFO] Copying 3 resources
[INFO] 
[INFO] --- maven-compiler-plugin:2.3.2:testCompile (default-testCompile) @ oak-http ---
[INFO] Compiling 1 source file to /data-depot/user/Workspace/Reproducibility/Reproducibility-Scanner/benchmarks/bugs-dot-jar/jackrabbit-oak/oak-http/target/test-classes
[INFO] 
[INFO] --- maven-surefire-plugin:2.9:test (default-test) @ oak-http ---
[INFO] Tests are skipped.
[INFO] 
[INFO] --- maven-bundle-plugin:2.3.7:bundle (default-bundle) @ oak-http ---
[INFO] 
[INFO] --- maven-site-plugin:3.0:attach-descriptor (attach-descriptor) @ oak-http ---
[INFO] 
[INFO] --- maven-install-plugin:2.3.1:install (default-install) @ oak-http ---
[INFO] Installing /data-depot/user/Workspace/Reproducibility/Reproducibility-Scanner/benchmarks/bugs-dot-jar/jackrabbit-oak/oak-http/target/oak-http-0.5-SNAPSHOT.jar to /home/user/.m2/repository/org/apache/jackrabbit/oak-http/0.5-SNAPSHOT/oak-http-0.5-SNAPSHOT.jar
[INFO] Installing /data-depot/user/Workspace/Reproducibility/Reproducibility-Scanner/benchmarks/bugs-dot-jar/jackrabbit-oak/oak-http/pom.xml to /home/user/.m2/repository/org/apache/jackrabbit/oak-http/0.5-SNAPSHOT/oak-http-0.5-SNAPSHOT.pom
[INFO] 
[INFO] --- maven-bundle-plugin:2.3.7:install (default-install) @ oak-http ---
[INFO] Installing org/apache/jackrabbit/oak-http/0.5-SNAPSHOT/oak-http-0.5-SNAPSHOT.jar
[INFO] Writing OBR metadata
[INFO] 
[INFO] -------------------< org.apache.jackrabbit:oak-run >--------------------
[INFO] Building Oak Runnable Jar 0.5-SNAPSHOT                           [11/18]
[INFO] --------------------------------[ jar ]---------------------------------
[INFO] 
[INFO] --- maven-remote-resources-plugin:1.2.1:process (default) @ oak-run ---
[INFO] 
[INFO] --- maven-resources-plugin:2.5:resources (default-resources) @ oak-run ---
[debug] execute contextualize
[INFO] Using 'UTF-8' encoding to copy filtered resources.
[INFO] Copying 1 resource
[INFO] Copying 3 resources
[INFO] 
[INFO] --- maven-compiler-plugin:2.3.2:compile (default-compile) @ oak-run ---
[INFO] Compiling 2 source files to /data-depot/user/Workspace/Reproducibility/Reproducibility-Scanner/benchmarks/bugs-dot-jar/jackrabbit-oak/oak-run/target/classes
[INFO] 
[INFO] --- maven-resources-plugin:2.5:testResources (default-testResources) @ oak-run ---
[debug] execute contextualize
[INFO] Using 'UTF-8' encoding to copy filtered resources.
[INFO] skip non existing resourceDirectory /data-depot/user/Workspace/Reproducibility/Reproducibility-Scanner/benchmarks/bugs-dot-jar/jackrabbit-oak/oak-run/src/test/resources
[INFO] Copying 3 resources
[INFO] 
[INFO] --- maven-compiler-plugin:2.3.2:testCompile (default-testCompile) @ oak-run ---
[INFO] Compiling 1 source file to /data-depot/user/Workspace/Reproducibility/Reproducibility-Scanner/benchmarks/bugs-dot-jar/jackrabbit-oak/oak-run/target/test-classes
[INFO] 
[INFO] --- maven-surefire-plugin:2.9:test (default-test) @ oak-run ---
[INFO] Tests are skipped.
[INFO] 
[INFO] --- maven-jar-plugin:2.3.1:jar (default-jar) @ oak-run ---
[INFO] Building jar: /data-depot/user/Workspace/Reproducibility/Reproducibility-Scanner/benchmarks/bugs-dot-jar/jackrabbit-oak/oak-run/target/oak-run-0.5-SNAPSHOT.jar
[INFO] 
[INFO] --- maven-site-plugin:3.0:attach-descriptor (attach-descriptor) @ oak-run ---
[INFO] 
[INFO] --- maven-shade-plugin:1.6:shade (default) @ oak-run ---
[INFO] Including org.apache.jackrabbit:oak-jcr:jar:0.5-SNAPSHOT in the shaded jar.
[INFO] Including javax.jcr:jcr:jar:2.0 in the shaded jar.
[INFO] Including org.apache.jackrabbit:oak-core:jar:0.5-SNAPSHOT in the shaded jar.
[INFO] Including org.apache.jackrabbit:oak-mk-api:jar:0.5-SNAPSHOT in the shaded jar.
[INFO] Including org.apache.jackrabbit:oak-mk:jar:0.5-SNAPSHOT in the shaded jar.
[INFO] Including org.apache.jackrabbit:oak-mk-remote:jar:0.5-SNAPSHOT in the shaded jar.
[INFO] Including org.apache.jackrabbit:oak-commons:jar:0.5-SNAPSHOT in the shaded jar.
[INFO] Including com.google.code.findbugs:jsr305:jar:2.0.0 in the shaded jar.
[INFO] Including org.apache.jackrabbit:jackrabbit-api:jar:2.6-SNAPSHOT in the shaded jar.
[INFO] Including org.apache.jackrabbit:jackrabbit-jcr-commons:jar:2.6-SNAPSHOT in the shaded jar.
[INFO] Including com.google.guava:guava:jar:12.0.1 in the shaded jar.
[INFO] Including org.slf4j:slf4j-api:jar:1.6.4 in the shaded jar.
[INFO] Including org.apache.jackrabbit:oak-http:jar:0.5-SNAPSHOT in the shaded jar.
[INFO] Including com.fasterxml.jackson.core:jackson-core:jar:2.0.0 in the shaded jar.
[INFO] Including com.fasterxml.jackson.core:jackson-databind:jar:2.0.0 in the shaded jar.
[INFO] Including com.fasterxml.jackson.core:jackson-annotations:jar:2.0.0 in the shaded jar.
[INFO] Including com.fasterxml.jackson.dataformat:jackson-dataformat-smile:jar:2.0.2 in the shaded jar.
[INFO] Including com.h2database:h2:jar:1.3.158 in the shaded jar.
[INFO] Including org.apache.jackrabbit:jackrabbit-jcr-server:jar:2.6-SNAPSHOT in the shaded jar.
[INFO] Including org.apache.jackrabbit:jackrabbit-spi-commons:jar:2.6-SNAPSHOT in the shaded jar.
[INFO] Including org.apache.jackrabbit:jackrabbit-spi:jar:2.6-SNAPSHOT in the shaded jar.
[INFO] Including commons-collections:commons-collections:jar:3.2.1 in the shaded jar.
[INFO] Including org.apache.jackrabbit:jackrabbit-webdav:jar:2.6-SNAPSHOT in the shaded jar.
[INFO] Including commons-httpclient:commons-httpclient:jar:3.1 in the shaded jar.
[INFO] Including commons-codec:commons-codec:jar:1.2 in the shaded jar.
[INFO] Including org.slf4j:jcl-over-slf4j:jar:1.6.4 in the shaded jar.
[INFO] Including commons-fileupload:commons-fileupload:jar:1.2.1 in the shaded jar.
[INFO] Including org.eclipse.jetty:jetty-servlet:jar:8.1.2.v20120308 in the shaded jar.
[INFO] Including org.eclipse.jetty:jetty-security:jar:8.1.2.v20120308 in the shaded jar.
[INFO] Including org.eclipse.jetty:jetty-server:jar:8.1.2.v20120308 in the shaded jar.
[INFO] Including org.eclipse.jetty.orbit:javax.servlet:jar:3.0.0.v201112011016 in the shaded jar.
[INFO] Including org.eclipse.jetty:jetty-continuation:jar:8.1.2.v20120308 in the shaded jar.
[INFO] Including org.eclipse.jetty:jetty-http:jar:8.1.2.v20120308 in the shaded jar.
[INFO] Including org.eclipse.jetty:jetty-io:jar:8.1.2.v20120308 in the shaded jar.
[INFO] Including org.eclipse.jetty:jetty-util:jar:8.1.2.v20120308 in the shaded jar.
[INFO] Including ch.qos.logback:logback-classic:jar:1.0.1 in the shaded jar.
[INFO] Including ch.qos.logback:logback-core:jar:1.0.1 in the shaded jar.
[INFO] Including org.apache.lucene:lucene-core:jar:4.0.0-ALPHA in the shaded jar.
[INFO] Including org.apache.lucene:lucene-analyzers-common:jar:4.0.0-ALPHA in the shaded jar.
[INFO] Including org.apache.tika:tika-core:jar:1.2 in the shaded jar.
[INFO] Replacing original artifact with shaded artifact.
[INFO] Replacing /data-depot/user/Workspace/Reproducibility/Reproducibility-Scanner/benchmarks/bugs-dot-jar/jackrabbit-oak/oak-run/target/oak-run-0.5-SNAPSHOT.jar with /data-depot/user/Workspace/Reproducibility/Reproducibility-Scanner/benchmarks/bugs-dot-jar/jackrabbit-oak/oak-run/target/oak-run-0.5-SNAPSHOT-shaded.jar
[INFO] 
[INFO] --- maven-install-plugin:2.3.1:install (default-install) @ oak-run ---
[INFO] Installing /data-depot/user/Workspace/Reproducibility/Reproducibility-Scanner/benchmarks/bugs-dot-jar/jackrabbit-oak/oak-run/target/oak-run-0.5-SNAPSHOT.jar to /home/user/.m2/repository/org/apache/jackrabbit/oak-run/0.5-SNAPSHOT/oak-run-0.5-SNAPSHOT.jar
[INFO] Installing /data-depot/user/Workspace/Reproducibility/Reproducibility-Scanner/benchmarks/bugs-dot-jar/jackrabbit-oak/oak-run/pom.xml to /home/user/.m2/repository/org/apache/jackrabbit/oak-run/0.5-SNAPSHOT/oak-run-0.5-SNAPSHOT.pom
[INFO] 
[INFO] -----------------< org.apache.jackrabbit:oak-it-osgi >------------------
[INFO] Building Oak Integration Tests for OSGi deployments 0.5-SNAPSHOT [12/18]
[INFO] --------------------------------[ jar ]---------------------------------
[INFO] 
[INFO] --- maven-remote-resources-plugin:1.2.1:process (default) @ oak-it-osgi ---
[INFO] 
[INFO] --- maven-resources-plugin:2.5:resources (default-resources) @ oak-it-osgi ---
[debug] execute contextualize
[INFO] Using 'UTF-8' encoding to copy filtered resources.
[INFO] skip non existing resourceDirectory /data-depot/user/Workspace/Reproducibility/Reproducibility-Scanner/benchmarks/bugs-dot-jar/jackrabbit-oak/oak-it/osgi/src/main/resources
[INFO] Copying 3 resources
[INFO] 
[INFO] --- maven-compiler-plugin:2.3.2:compile (default-compile) @ oak-it-osgi ---
[INFO] No sources to compile
[INFO] 
[INFO] --- maven-resources-plugin:2.5:testResources (default-testResources) @ oak-it-osgi ---
[debug] execute contextualize
[INFO] Using 'UTF-8' encoding to copy filtered resources.
[INFO] skip non existing resourceDirectory /data-depot/user/Workspace/Reproducibility/Reproducibility-Scanner/benchmarks/bugs-dot-jar/jackrabbit-oak/oak-it/osgi/src/test/resources
[INFO] Copying 3 resources
[INFO] 
[INFO] --- maven-compiler-plugin:2.3.2:testCompile (default-testCompile) @ oak-it-osgi ---
[INFO] Compiling 1 source file to /data-depot/user/Workspace/Reproducibility/Reproducibility-Scanner/benchmarks/bugs-dot-jar/jackrabbit-oak/oak-it/osgi/target/test-classes
[INFO] 
[INFO] --- maven-surefire-plugin:2.9:test (default-test) @ oak-it-osgi ---
[INFO] Tests are skipped.
[INFO] 
[INFO] --- maven-jar-plugin:2.3.1:jar (default-jar) @ oak-it-osgi ---
[INFO] Building jar: /data-depot/user/Workspace/Reproducibility/Reproducibility-Scanner/benchmarks/bugs-dot-jar/jackrabbit-oak/oak-it/osgi/target/oak-it-osgi-0.5-SNAPSHOT.jar
[INFO] 
[INFO] --- maven-site-plugin:3.0:attach-descriptor (attach-descriptor) @ oak-it-osgi ---
[INFO] 
[INFO] --- maven-assembly-plugin:2.2.1:single (default) @ oak-it-osgi ---
[INFO] Copying files to /data-depot/user/Workspace/Reproducibility/Reproducibility-Scanner/benchmarks/bugs-dot-jar/jackrabbit-oak/oak-it/osgi/target/test-bundles
[INFO] 
[INFO] --- maven-install-plugin:2.3.1:install (default-install) @ oak-it-osgi ---
[INFO] Installing /data-depot/user/Workspace/Reproducibility/Reproducibility-Scanner/benchmarks/bugs-dot-jar/jackrabbit-oak/oak-it/osgi/target/oak-it-osgi-0.5-SNAPSHOT.jar to /home/user/.m2/repository/org/apache/jackrabbit/oak-it-osgi/0.5-SNAPSHOT/oak-it-osgi-0.5-SNAPSHOT.jar
[INFO] Installing /data-depot/user/Workspace/Reproducibility/Reproducibility-Scanner/benchmarks/bugs-dot-jar/jackrabbit-oak/oak-it/osgi/pom.xml to /home/user/.m2/repository/org/apache/jackrabbit/oak-it-osgi/0.5-SNAPSHOT/oak-it-osgi-0.5-SNAPSHOT.pom
[INFO] 
[INFO] --------------------< org.apache.jackrabbit:oak-it >--------------------
[INFO] Building Oak Integration Tests 0.5-SNAPSHOT                      [13/18]
[INFO] --------------------------------[ pom ]---------------------------------
[INFO] 
[INFO] --- maven-remote-resources-plugin:1.2.1:process (default) @ oak-it ---
[INFO] 
[INFO] --- maven-site-plugin:3.0:attach-descriptor (attach-descriptor) @ oak-it ---
[INFO] 
[INFO] --- maven-install-plugin:2.3.1:install (default-install) @ oak-it ---
[INFO] Installing /data-depot/user/Workspace/Reproducibility/Reproducibility-Scanner/benchmarks/bugs-dot-jar/jackrabbit-oak/oak-it/pom.xml to /home/user/.m2/repository/org/apache/jackrabbit/oak-it/0.5-SNAPSHOT/oak-it-0.5-SNAPSHOT.pom
[INFO] 
[INFO] ---------------< org.apache.jackrabbit:oak-bench-parent >---------------
[INFO] Building Oak Performance Test Parent 0.5-SNAPSHOT                [14/18]
[INFO] --------------------------------[ pom ]---------------------------------
[INFO] 
[INFO] --- maven-remote-resources-plugin:1.2.1:process (default) @ oak-bench-parent ---
[INFO] 
[INFO] --- maven-site-plugin:3.0:attach-descriptor (attach-descriptor) @ oak-bench-parent ---
[INFO] 
[INFO] --- maven-install-plugin:2.3.1:install (default-install) @ oak-bench-parent ---
[INFO] Installing /data-depot/user/Workspace/Reproducibility/Reproducibility-Scanner/benchmarks/bugs-dot-jar/jackrabbit-oak/oak-bench/parent/pom.xml to /home/user/.m2/repository/org/apache/jackrabbit/oak-bench-parent/0.5-SNAPSHOT/oak-bench-parent-0.5-SNAPSHOT.pom
[INFO] 
[INFO] ----------------< org.apache.jackrabbit:oak-bench-base >----------------
[INFO] Building Oak Performance Test Utilities 0.5-SNAPSHOT             [15/18]
[INFO] --------------------------------[ jar ]---------------------------------
[INFO] 
[INFO] --- maven-remote-resources-plugin:1.2.1:process (default) @ oak-bench-base ---
[INFO] 
[INFO] --- maven-resources-plugin:2.5:resources (default-resources) @ oak-bench-base ---
[debug] execute contextualize
[INFO] Using 'UTF-8' encoding to copy filtered resources.
[INFO] skip non existing resourceDirectory /data-depot/user/Workspace/Reproducibility/Reproducibility-Scanner/benchmarks/bugs-dot-jar/jackrabbit-oak/oak-bench/base/src/main/resources
[INFO] Copying 3 resources
[INFO] 
[INFO] --- maven-compiler-plugin:2.3.2:compile (default-compile) @ oak-bench-base ---
[INFO] Compiling 19 source files to /data-depot/user/Workspace/Reproducibility/Reproducibility-Scanner/benchmarks/bugs-dot-jar/jackrabbit-oak/oak-bench/base/target/classes
[INFO] 
[INFO] --- maven-resources-plugin:2.5:testResources (default-testResources) @ oak-bench-base ---
[debug] execute contextualize
[INFO] Using 'UTF-8' encoding to copy filtered resources.
[INFO] skip non existing resourceDirectory /data-depot/user/Workspace/Reproducibility/Reproducibility-Scanner/benchmarks/bugs-dot-jar/jackrabbit-oak/oak-bench/base/src/test/resources
[INFO] Copying 3 resources
[INFO] 
[INFO] --- maven-compiler-plugin:2.3.2:testCompile (default-testCompile) @ oak-bench-base ---
[INFO] No sources to compile
[INFO] 
[INFO] --- maven-surefire-plugin:2.9:test (default-test) @ oak-bench-base ---
[INFO] Tests are skipped.
[INFO] 
[INFO] --- maven-jar-plugin:2.3.1:jar (default-jar) @ oak-bench-base ---
[INFO] Building jar: /data-depot/user/Workspace/Reproducibility/Reproducibility-Scanner/benchmarks/bugs-dot-jar/jackrabbit-oak/oak-bench/base/target/oak-bench-base-0.5-SNAPSHOT.jar
[INFO] 
[INFO] --- maven-site-plugin:3.0:attach-descriptor (attach-descriptor) @ oak-bench-base ---
[INFO] 
[INFO] --- maven-install-plugin:2.3.1:install (default-install) @ oak-bench-base ---
[INFO] Installing /data-depot/user/Workspace/Reproducibility/Reproducibility-Scanner/benchmarks/bugs-dot-jar/jackrabbit-oak/oak-bench/base/target/oak-bench-base-0.5-SNAPSHOT.jar to /home/user/.m2/repository/org/apache/jackrabbit/oak-bench-base/0.5-SNAPSHOT/oak-bench-base-0.5-SNAPSHOT.jar
[INFO] Installing /data-depot/user/Workspace/Reproducibility/Reproducibility-Scanner/benchmarks/bugs-dot-jar/jackrabbit-oak/oak-bench/base/pom.xml to /home/user/.m2/repository/org/apache/jackrabbit/oak-bench-base/0.5-SNAPSHOT/oak-bench-base-0.5-SNAPSHOT.pom
[INFO] 
[INFO] ---------------< org.apache.jackrabbit:oak-bench-latest >---------------
[INFO] Building Oak Performance Test 0.5-SNAPSHOT                       [16/18]
[INFO] --------------------------------[ jar ]---------------------------------
[INFO] 
[INFO] --- maven-remote-resources-plugin:1.2.1:process (default) @ oak-bench-latest ---
[INFO] 
[INFO] --- maven-resources-plugin:2.5:resources (default-resources) @ oak-bench-latest ---
[debug] execute contextualize
[INFO] Using 'UTF-8' encoding to copy filtered resources.
[INFO] skip non existing resourceDirectory /data-depot/user/Workspace/Reproducibility/Reproducibility-Scanner/benchmarks/bugs-dot-jar/jackrabbit-oak/oak-bench/latest/src/main/resources
[INFO] Copying 3 resources
[INFO] 
[INFO] --- maven-compiler-plugin:2.3.2:compile (default-compile) @ oak-bench-latest ---
[INFO] No sources to compile
[INFO] 
[INFO] --- maven-resources-plugin:2.5:testResources (default-testResources) @ oak-bench-latest ---
[debug] execute contextualize
[INFO] Using 'UTF-8' encoding to copy filtered resources.
[INFO] skip non existing resourceDirectory /data-depot/user/Workspace/Reproducibility/Reproducibility-Scanner/benchmarks/bugs-dot-jar/jackrabbit-oak/oak-bench/latest/src/test/resources
[INFO] Copying 3 resources
[INFO] 
[INFO] --- maven-compiler-plugin:2.3.2:testCompile (default-testCompile) @ oak-bench-latest ---
[INFO] Compiling 1 source file to /data-depot/user/Workspace/Reproducibility/Reproducibility-Scanner/benchmarks/bugs-dot-jar/jackrabbit-oak/oak-bench/latest/target/test-classes
[INFO] 
[INFO] --- maven-surefire-plugin:2.9:test (default-test) @ oak-bench-latest ---
[INFO] Tests are skipped.
[INFO] 
[INFO] --- maven-jar-plugin:2.3.1:jar (default-jar) @ oak-bench-latest ---
[INFO] Building jar: /data-depot/user/Workspace/Reproducibility/Reproducibility-Scanner/benchmarks/bugs-dot-jar/jackrabbit-oak/oak-bench/latest/target/oak-bench-latest-0.5-SNAPSHOT.jar
[INFO] 
[INFO] --- maven-site-plugin:3.0:attach-descriptor (attach-descriptor) @ oak-bench-latest ---
[INFO] 
[INFO] --- maven-install-plugin:2.3.1:install (default-install) @ oak-bench-latest ---
[INFO] Installing /data-depot/user/Workspace/Reproducibility/Reproducibility-Scanner/benchmarks/bugs-dot-jar/jackrabbit-oak/oak-bench/latest/target/oak-bench-latest-0.5-SNAPSHOT.jar to /home/user/.m2/repository/org/apache/jackrabbit/oak-bench-latest/0.5-SNAPSHOT/oak-bench-latest-0.5-SNAPSHOT.jar
[INFO] Installing /data-depot/user/Workspace/Reproducibility/Reproducibility-Scanner/benchmarks/bugs-dot-jar/jackrabbit-oak/oak-bench/latest/pom.xml to /home/user/.m2/repository/org/apache/jackrabbit/oak-bench-latest/0.5-SNAPSHOT/oak-bench-latest-0.5-SNAPSHOT.pom
[INFO] 
[INFO] ------------------< org.apache.jackrabbit:oak-bench >-------------------
[INFO] Building Oak Performance Benchmark 0.5-SNAPSHOT                  [17/18]
[INFO] --------------------------------[ pom ]---------------------------------
[INFO] 
[INFO] --- maven-remote-resources-plugin:1.2.1:process (default) @ oak-bench ---
[INFO] 
[INFO] --- maven-site-plugin:3.0:attach-descriptor (attach-descriptor) @ oak-bench ---
[INFO] 
[INFO] --- maven-install-plugin:2.3.1:install (default-install) @ oak-bench ---
[INFO] Installing /data-depot/user/Workspace/Reproducibility/Reproducibility-Scanner/benchmarks/bugs-dot-jar/jackrabbit-oak/oak-bench/pom.xml to /home/user/.m2/repository/org/apache/jackrabbit/oak-bench/0.5-SNAPSHOT/oak-bench-0.5-SNAPSHOT.pom
[INFO] 
[INFO] ----------------< org.apache.jackrabbit:jackrabbit-oak >----------------
[INFO] Building Jackrabbit Oak 0.5-SNAPSHOT                             [18/18]
[INFO] --------------------------------[ pom ]---------------------------------
[INFO] 
[INFO] --- maven-remote-resources-plugin:1.2.1:process (default) @ jackrabbit-oak ---
[INFO] 
[INFO] --- maven-site-plugin:3.0:attach-descriptor (attach-descriptor) @ jackrabbit-oak ---
[INFO] 
[INFO] --- maven-install-plugin:2.3.1:install (default-install) @ jackrabbit-oak ---
[INFO] Installing /data-depot/user/Workspace/Reproducibility/Reproducibility-Scanner/benchmarks/bugs-dot-jar/jackrabbit-oak/pom.xml to /home/user/.m2/repository/org/apache/jackrabbit/jackrabbit-oak/0.5-SNAPSHOT/jackrabbit-oak-0.5-SNAPSHOT.pom
[INFO] ------------------------------------------------------------------------
[INFO] Reactor Summary:
[INFO] 
[INFO] Oak Parent POM ..................................... SUCCESS [  0.889 s]
[INFO] Oak Commons ........................................ SUCCESS [  2.850 s]
[INFO] Oak MicroKernel API ................................ SUCCESS [  1.217 s]
[INFO] Oak MicroKernel .................................... SUCCESS [  3.230 s]
[INFO] Oak MicroKernel Remoting ........................... SUCCESS [  2.105 s]
[INFO] Oak Integration Tests for MicroKernel implementations SUCCESS [  1.323 s]
[INFO] Oak Core ........................................... SUCCESS [  5.374 s]
[INFO] Oak JCR Binding .................................... SUCCESS [  3.821 s]
[INFO] Oak support for Apache Sling ....................... SUCCESS [  1.517 s]
[INFO] Oak HTTP Binding ................................... SUCCESS [  1.485 s]
[INFO] Oak Runnable Jar ................................... SUCCESS [  4.253 s]
[INFO] Oak Integration Tests for OSGi deployments ......... SUCCESS [  1.664 s]
[INFO] Oak Integration Tests .............................. SUCCESS [  0.016 s]
[INFO] Oak Performance Test Parent ........................ SUCCESS [  0.013 s]
[INFO] Oak Performance Test Utilities ..................... SUCCESS [  0.813 s]
[INFO] Oak Performance Test ............................... SUCCESS [  0.368 s]
[INFO] Oak Performance Benchmark .......................... SUCCESS [  0.010 s]
[INFO] Jackrabbit Oak 0.5-SNAPSHOT ........................ SUCCESS [  0.009 s]
[INFO] ------------------------------------------------------------------------
[INFO] BUILD SUCCESS
[INFO] ------------------------------------------------------------------------
[INFO] Total time: 31.498 s
[INFO] Finished at: 2022-07-13T22:03:59-07:00
[INFO] ------------------------------------------------------------------------
[INFO] Scanning for projects...
[INFO] 
[INFO] --------------------< org.apache.jackrabbit:oak-mk >--------------------
[INFO] Building Oak MicroKernel 0.5-SNAPSHOT
[INFO] -------------------------------[ bundle ]-------------------------------
[INFO] 
[INFO] --- maven-remote-resources-plugin:1.2.1:process (default) @ oak-mk ---
[INFO] 
[INFO] --- maven-resources-plugin:2.5:resources (default-resources) @ oak-mk ---
[debug] execute contextualize
[INFO] Using 'UTF-8' encoding to copy filtered resources.
[INFO] skip non existing resourceDirectory /data-depot/user/Workspace/Reproducibility/Reproducibility-Scanner/benchmarks/bugs-dot-jar/jackrabbit-oak/oak-mk/src/main/resources
[INFO] Copying 3 resources
[INFO] 
[INFO] --- maven-compiler-plugin:2.3.2:compile (default-compile) @ oak-mk ---
[INFO] Nothing to compile - all classes are up to date
[INFO] 
[INFO] --- maven-scr-plugin:1.7.4:scr (generate-scr-scrdescriptor) @ oak-mk ---
[INFO] Writing abstract service descriptor /data-depot/user/Workspace/Reproducibility/Reproducibility-Scanner/benchmarks/bugs-dot-jar/jackrabbit-oak/oak-mk/target/scr-plugin-generated/OSGI-INF/scr-plugin/scrinfo.xml with 1 entries.
[INFO] Generating 1 Service Component Descriptors to /data-depot/user/Workspace/Reproducibility/Reproducibility-Scanner/benchmarks/bugs-dot-jar/jackrabbit-oak/oak-mk/target/scr-plugin-generated/OSGI-INF/serviceComponents.xml
[INFO] 
[INFO] --- maven-resources-plugin:2.5:testResources (default-testResources) @ oak-mk ---
[debug] execute contextualize
[INFO] Using 'UTF-8' encoding to copy filtered resources.
[INFO] Copying 1 resource
[INFO] Copying 3 resources
[INFO] 
[INFO] --- maven-compiler-plugin:2.3.2:testCompile (default-testCompile) @ oak-mk ---
[INFO] Nothing to compile - all classes are up to date
[INFO] 
[INFO] --- maven-surefire-plugin:2.9:test (default-test) @ oak-mk ---
[INFO] Surefire report directory: /data-depot/user/Workspace/Reproducibility/Reproducibility-Scanner/benchmarks/bugs-dot-jar/jackrabbit-oak/oak-mk/target/surefire-reports

-------------------------------------------------------
 T E S T S
-------------------------------------------------------
OpenJDK 64-Bit Server VM warning: ignoring option MaxPermSize=32m; support was removed in 8.0
Running org.apache.jackrabbit.mk.persistence.GCPersistenceTest
Tests run: 8, Failures: 0, Errors: 0, Skipped: 0, Time elapsed: 0.743 sec
Running org.apache.jackrabbit.mk.blobs.DbBlobStoreTest
Tests run: 10, Failures: 0, Errors: 0, Skipped: 0, Time elapsed: 0.253 sec
Running org.apache.jackrabbit.mk.blobs.MemoryBlobStoreTest
Tests run: 10, Failures: 0, Errors: 0, Skipped: 0, Time elapsed: 0.104 sec
Running org.apache.jackrabbit.mk.blobs.FileBlobStoreTest
Tests run: 10, Failures: 0, Errors: 0, Skipped: 0, Time elapsed: 0.856 sec
Running org.apache.jackrabbit.mk.util.NameFilterTest
Tests run: 1, Failures: 0, Errors: 0, Skipped: 0, Time elapsed: 0.001 sec
Running org.apache.jackrabbit.mk.util.MicroKernelInputStreamTest
Tests run: 3, Failures: 0, Errors: 0, Skipped: 0, Time elapsed: 0.148 sec
Running org.apache.jackrabbit.mk.util.StringUtilsTest
Tests run: 1, Failures: 0, Errors: 0, Skipped: 0, Time elapsed: 0 sec
Running org.apache.jackrabbit.mk.util.IOUtilsTest
Tests run: 7, Failures: 0, Errors: 0, Skipped: 0, Time elapsed: 1.025 sec
Running org.apache.jackrabbit.mk.MicroKernelImplTest
Tests run: 1, Failures: 0, Errors: 1, Skipped: 0, Time elapsed: 0.19 sec <<< FAILURE!
Running org.apache.jackrabbit.mk.json.JsopStreamTest
Tests run: 5, Failures: 0, Errors: 0, Skipped: 0, Time elapsed: 0 sec
Running org.apache.jackrabbit.mk.json.JsopTest
Tests run: 9, Failures: 0, Errors: 0, Skipped: 0, Time elapsed: 0 sec
Running org.apache.jackrabbit.mk.concurrent.ConcurrentCacheTest
Tests run: 1, Failures: 0, Errors: 0, Skipped: 0, Time elapsed: 1.011 sec
Running org.apache.jackrabbit.mk.concurrent.ConcurrentBlobTest
Tests run: 1, Failures: 0, Errors: 0, Skipped: 0, Time elapsed: 1.057 sec
Running org.apache.jackrabbit.mk.concurrent.ConcurrentTest
Tests run: 1, Failures: 0, Errors: 0, Skipped: 0, Time elapsed: 1.023 sec
Running org.apache.jackrabbit.mk.store.DefaultRevisionStoreTest
Tests run: 4, Failures: 1, Errors: 0, Skipped: 1, Time elapsed: 0.839 sec <<< FAILURE!

Results :

Failed tests:   testRevisionHistory(org.apache.jackrabbit.mk.store.DefaultRevisionStoreTest): expected:<...:childNodeCount":2,"[d":{},"c]":{}},"b":{":childNo...> but was:<...:childNodeCount":2,"[c":{},"d]":{}},"b":{":childNo...>

Tests in error: 
  potentialClashOfCommitIds(org.apache.jackrabbit.mk.MicroKernelImplTest): org.h2.jdbc.JdbcSQLException: Unique index or primary key violation: "PRIMARY_KEY_2 ON PUBLIC.REVS(ID)"; SQL statement:

Tests run: 72, Failures: 1, Errors: 1, Skipped: 1

[INFO] ------------------------------------------------------------------------
[INFO] BUILD FAILURE
[INFO] ------------------------------------------------------------------------
[INFO] Total time: 9.647 s
[INFO] Finished at: 2022-07-13T22:04:11-07:00
[INFO] ------------------------------------------------------------------------
[ERROR] Failed to execute goal org.apache.maven.plugins:maven-surefire-plugin:2.9:test (default-test) on project oak-mk: There are test failures.
[ERROR] 
[ERROR] Please refer to /data-depot/user/Workspace/Reproducibility/Reproducibility-Scanner/benchmarks/bugs-dot-jar/jackrabbit-oak/oak-mk/target/surefire-reports for the individual test results.
[ERROR] -> [Help 1]
[ERROR] 
[ERROR] To see the full stack trace of the errors, re-run Maven with the -e switch.
[ERROR] Re-run Maven using the -X switch to enable full debug logging.
[ERROR] 
[ERROR] For more information about the errors and possible solutions, please read the following articles:
[ERROR] [Help 1] http://cwiki.apache.org/confluence/display/MAVEN/MojoFailureException