travis_fold:start:system_info[0K[33;1mBuild system information[0m
Build language: java
Build group: stable
Build dist: precise
Build id: ''
Job id: ''
[34m[1mBuild image provisioning date and time[0m
Thu Feb  5 15:09:33 UTC 2015
[34m[1mOperating System Details[0m
Distributor ID:	Ubuntu
Description:	Ubuntu 12.04.5 LTS
Release:	12.04
Codename:	precise
[34m[1mLinux Version[0m
3.13.0-29-generic
[34m[1mCookbooks Version[0m
a68419e https://github.com/travis-ci/travis-cookbooks/tree/a68419e
[34m[1mGCC version[0m
gcc (Ubuntu/Linaro 4.6.3-1ubuntu5) 4.6.3
Copyright (C) 2011 Free Software Foundation, Inc.
This is free software; see the source for copying conditions.  There is NO
warranty; not even for MERCHANTABILITY or FITNESS FOR A PARTICULAR PURPOSE.

[34m[1mLLVM version[0m
clang version 3.4 (tags/RELEASE_34/final)
Target: x86_64-unknown-linux-gnu
Thread model: posix
[34m[1mPre-installed Ruby versions[0m
ruby-1.9.3-p551
[34m[1mPre-installed Node.js versions[0m
v0.10.36
[34m[1mPre-installed Go versions[0m
1.4.1
[34m[1mRedis version[0m
redis-server 2.8.19
[34m[1mriak version[0m
2.0.2
[34m[1mMongoDB version[0m
MongoDB 2.4.12
[34m[1mCouchDB version[0m
couchdb 1.6.1
[34m[1mNeo4j version[0m
1.9.4
[34m[1mRabbitMQ Version[0m
3.4.3
[34m[1mElasticSearch version[0m
1.4.0
[34m[1mInstalled Sphinx versions[0m
2.0.10
2.1.9
2.2.6
[34m[1mDefault Sphinx version[0m
2.2.6
[34m[1mInstalled Firefox version[0m
firefox 31.0esr
[34m[1mPhantomJS version[0m
1.9.8
[34m[1mant -version[0m
Apache Ant(TM) version 1.8.2 compiled on December 3 2011
[34m[1mmvn -version[0m
Apache Maven 3.2.5 (12a6b3acb947671f09b81f49094c53f426d8cea1; 2014-12-14T17:29:23+00:00)
Maven home: /usr/local/maven
Java version: 1.7.0_76, vendor: Oracle Corporation
Java home: /usr/lib/jvm/java-7-oracle/jre
Default locale: en_US, platform encoding: ANSI_X3.4-1968
OS name: "linux", version: "3.13.0-29-generic", arch: "amd64", family: "unix"
travis_fold:end:system_info[0K
grep: /etc/apt/sources.list.d/*: No such file or directory
W: Failed to fetch http://us.archive.ubuntu.com/ubuntu/dists/precise/main/source/Sources  404  Not Found [IP: 91.189.91.38 80]

W: Failed to fetch http://us.archive.ubuntu.com/ubuntu/dists/precise/restricted/source/Sources  404  Not Found [IP: 91.189.91.38 80]

W: Failed to fetch http://us.archive.ubuntu.com/ubuntu/dists/precise/universe/source/Sources  404  Not Found [IP: 91.189.91.38 80]

W: Failed to fetch http://us.archive.ubuntu.com/ubuntu/dists/precise/multiverse/source/Sources  404  Not Found [IP: 91.189.91.38 80]

W: Failed to fetch http://us.archive.ubuntu.com/ubuntu/dists/precise/main/binary-amd64/Packages  404  Not Found [IP: 91.189.91.38 80]

W: Failed to fetch http://us.archive.ubuntu.com/ubuntu/dists/precise/restricted/binary-amd64/Packages  404  Not Found [IP: 91.189.91.38 80]

W: Failed to fetch http://us.archive.ubuntu.com/ubuntu/dists/precise/universe/binary-amd64/Packages  404  Not Found [IP: 91.189.91.38 80]

W: Failed to fetch http://us.archive.ubuntu.com/ubuntu/dists/precise/multiverse/binary-amd64/Packages  404  Not Found [IP: 91.189.91.38 80]

W: Failed to fetch http://us.archive.ubuntu.com/ubuntu/dists/precise/main/binary-i386/Packages  404  Not Found [IP: 91.189.91.38 80]

W: Failed to fetch http://us.archive.ubuntu.com/ubuntu/dists/precise/restricted/binary-i386/Packages  404  Not Found [IP: 91.189.91.38 80]

W: Failed to fetch http://us.archive.ubuntu.com/ubuntu/dists/precise/universe/binary-i386/Packages  404  Not Found [IP: 91.189.91.38 80]

W: Failed to fetch http://us.archive.ubuntu.com/ubuntu/dists/precise/multiverse/binary-i386/Packages  404  Not Found [IP: 91.189.91.38 80]

W: Failed to fetch http://us.archive.ubuntu.com/ubuntu/dists/precise-updates/main/source/Sources  404  Not Found [IP: 91.189.91.38 80]

W: Failed to fetch http://us.archive.ubuntu.com/ubuntu/dists/precise-updates/restricted/source/Sources  404  Not Found [IP: 91.189.91.38 80]

W: Failed to fetch http://us.archive.ubuntu.com/ubuntu/dists/precise-updates/universe/source/Sources  404  Not Found [IP: 91.189.91.38 80]

W: Failed to fetch http://us.archive.ubuntu.com/ubuntu/dists/precise-updates/multiverse/source/Sources  404  Not Found [IP: 91.189.91.38 80]

W: Failed to fetch http://us.archive.ubuntu.com/ubuntu/dists/precise-updates/main/binary-amd64/Packages  404  Not Found [IP: 91.189.91.38 80]

W: Failed to fetch http://us.archive.ubuntu.com/ubuntu/dists/precise-updates/restricted/binary-amd64/Packages  404  Not Found [IP: 91.189.91.38 80]

W: Failed to fetch http://us.archive.ubuntu.com/ubuntu/dists/precise-updates/universe/binary-amd64/Packages  404  Not Found [IP: 91.189.91.38 80]

W: Failed to fetch http://us.archive.ubuntu.com/ubuntu/dists/precise-updates/multiverse/binary-amd64/Packages  404  Not Found [IP: 91.189.91.38 80]

W: Failed to fetch http://us.archive.ubuntu.com/ubuntu/dists/precise-updates/main/binary-i386/Packages  404  Not Found [IP: 91.189.91.38 80]

W: Failed to fetch http://us.archive.ubuntu.com/ubuntu/dists/precise-updates/restricted/binary-i386/Packages  404  Not Found [IP: 91.189.91.38 80]

W: Failed to fetch http://us.archive.ubuntu.com/ubuntu/dists/precise-updates/universe/binary-i386/Packages  404  Not Found [IP: 91.189.91.38 80]

W: Failed to fetch http://us.archive.ubuntu.com/ubuntu/dists/precise-updates/multiverse/binary-i386/Packages  404  Not Found [IP: 91.189.91.38 80]

W: Failed to fetch http://us.archive.ubuntu.com/ubuntu/dists/precise-backports/main/source/Sources  404  Not Found [IP: 91.189.91.38 80]

W: Failed to fetch http://us.archive.ubuntu.com/ubuntu/dists/precise-backports/restricted/source/Sources  404  Not Found [IP: 91.189.91.38 80]

W: Failed to fetch http://us.archive.ubuntu.com/ubuntu/dists/precise-backports/universe/source/Sources  404  Not Found [IP: 91.189.91.38 80]

W: Failed to fetch http://us.archive.ubuntu.com/ubuntu/dists/precise-backports/multiverse/source/Sources  404  Not Found [IP: 91.189.91.38 80]

W: Failed to fetch http://us.archive.ubuntu.com/ubuntu/dists/precise-backports/main/binary-amd64/Packages  404  Not Found [IP: 91.189.91.38 80]

W: Failed to fetch http://us.archive.ubuntu.com/ubuntu/dists/precise-backports/restricted/binary-amd64/Packages  404  Not Found [IP: 91.189.91.38 80]

W: Failed to fetch http://us.archive.ubuntu.com/ubuntu/dists/precise-backports/universe/binary-amd64/Packages  404  Not Found [IP: 91.189.91.38 80]

W: Failed to fetch http://us.archive.ubuntu.com/ubuntu/dists/precise-backports/multiverse/binary-amd64/Packages  404  Not Found [IP: 91.189.91.38 80]

W: Failed to fetch http://us.archive.ubuntu.com/ubuntu/dists/precise-backports/main/binary-i386/Packages  404  Not Found [IP: 91.189.91.38 80]

W: Failed to fetch http://us.archive.ubuntu.com/ubuntu/dists/precise-backports/restricted/binary-i386/Packages  404  Not Found [IP: 91.189.91.38 80]

W: Failed to fetch http://us.archive.ubuntu.com/ubuntu/dists/precise-backports/universe/binary-i386/Packages  404  Not Found [IP: 91.189.91.38 80]

W: Failed to fetch http://us.archive.ubuntu.com/ubuntu/dists/precise-backports/multiverse/binary-i386/Packages  404  Not Found [IP: 91.189.91.38 80]

W: Failed to fetch http://security.ubuntu.com/ubuntu/dists/precise-security/main/source/Sources  404  Not Found [IP: 185.125.190.39 80]

W: Failed to fetch http://security.ubuntu.com/ubuntu/dists/precise-security/restricted/source/Sources  404  Not Found [IP: 185.125.190.39 80]

W: Failed to fetch http://security.ubuntu.com/ubuntu/dists/precise-security/universe/source/Sources  404  Not Found [IP: 185.125.190.39 80]

W: Failed to fetch http://security.ubuntu.com/ubuntu/dists/precise-security/multiverse/source/Sources  404  Not Found [IP: 185.125.190.39 80]

W: Failed to fetch http://security.ubuntu.com/ubuntu/dists/precise-security/main/binary-amd64/Packages  404  Not Found [IP: 185.125.190.39 80]

W: Failed to fetch http://security.ubuntu.com/ubuntu/dists/precise-security/restricted/binary-amd64/Packages  404  Not Found [IP: 185.125.190.39 80]

W: Failed to fetch http://security.ubuntu.com/ubuntu/dists/precise-security/universe/binary-amd64/Packages  404  Not Found [IP: 185.125.190.39 80]

W: Failed to fetch http://security.ubuntu.com/ubuntu/dists/precise-security/multiverse/binary-amd64/Packages  404  Not Found [IP: 185.125.190.39 80]

W: Failed to fetch http://security.ubuntu.com/ubuntu/dists/precise-security/main/binary-i386/Packages  404  Not Found [IP: 185.125.190.39 80]

W: Failed to fetch http://security.ubuntu.com/ubuntu/dists/precise-security/restricted/binary-i386/Packages  404  Not Found [IP: 185.125.190.39 80]

W: Failed to fetch http://security.ubuntu.com/ubuntu/dists/precise-security/universe/binary-i386/Packages  404  Not Found [IP: 185.125.190.39 80]

W: Failed to fetch http://security.ubuntu.com/ubuntu/dists/precise-security/multiverse/binary-i386/Packages  404  Not Found [IP: 185.125.190.39 80]

E: Some index files failed to download. They have been ignored, or old ones used instead.
sed: cannot rename /etc/hosts: Device or resource busy
sed: cannot rename /etc/hosts: Device or resource busy
$ jdk_switcher use oraclejdk8
Switching to Oracle JDK8 (java-8-oracle), JAVA_HOME will be set to /usr/lib/jvm/java-8-oracle
$ cd failed/apache/commons-lang
$ java -Xmx512m -version
java version "1.8.0_31"
Java(TM) SE Runtime Environment (build 1.8.0_31-b13)
Java HotSpot(TM) 64-Bit Server VM (build 25.31-b07, mixed mode)
$ javac -J-Xmx512m -version
javac 1.8.0_31
travis_fold:start:install[0Ktravis_time:start:09cfab03[0K$ mvn install -Dhttps.protocols=TLSv1.2 -DskipTests=true -Dmaven.javadoc.skip=true -B -V
Java HotSpot(TM) 64-Bit Server VM warning: ignoring option MaxPermSize=192m; support was removed in 8.0
Apache Maven 3.2.5 (12a6b3acb947671f09b81f49094c53f426d8cea1; 2014-12-14T17:29:23+00:00)
Maven home: /usr/local/maven
Java version: 1.8.0_31, vendor: Oracle Corporation
Java home: /usr/lib/jvm/java-8-oracle/jre
Default locale: en_US, platform encoding: UTF-8
OS name: "linux", version: "4.15.0-109-generic", arch: "amd64", family: "unix"
[INFO] Scanning for projects...
[INFO]                                                                         
[INFO] ------------------------------------------------------------------------
[INFO] Building Apache Commons Lang 3.6-SNAPSHOT
[INFO] ------------------------------------------------------------------------
[INFO] 
[INFO] --- maven-enforcer-plugin:1.4.1:enforce (enforce-maven-3) @ commons-lang3 ---
[INFO] 
[INFO] --- build-helper-maven-plugin:1.10:parse-version (parse-version) @ commons-lang3 ---
[INFO] 
[INFO] --- maven-antrun-plugin:1.8:run (javadoc.resources) @ commons-lang3 ---
[INFO] Executing tasks

main:
[INFO] Executed tasks
[INFO] 
[INFO] --- maven-remote-resources-plugin:1.5:process (process-resource-bundles) @ commons-lang3 ---
[INFO] 
[INFO] --- buildnumber-maven-plugin:1.4:create (default) @ commons-lang3 ---
[INFO] Executing: /bin/sh -c cd '/home/travis/build/failed/apache/commons-lang' && 'git' 'rev-parse' '--verify' 'HEAD'
[INFO] Working directory: /home/travis/build/failed/apache/commons-lang
[INFO] Storing buildNumber: 314b6b56bec4af56dba667d66a25c1613f4bc800 at timestamp: 1659244793332
[INFO] Storing buildScmBranch: master
[INFO] 
[INFO] --- maven-resources-plugin:2.7:resources (default-resources) @ commons-lang3 ---
[INFO] Using 'ISO-8859-1' encoding to copy filtered resources.
[INFO] skip non existing resourceDirectory /home/travis/build/failed/apache/commons-lang/src/main/resources
[INFO] Copying 2 resources to META-INF
[INFO] 
[INFO] --- maven-compiler-plugin:3.6.0:compile (default-compile) @ commons-lang3 ---
[INFO] Changes detected - recompiling the module!
[INFO] Compiling 155 source files to /home/travis/build/failed/apache/commons-lang/target/classes
[INFO] /home/travis/build/failed/apache/commons-lang/src/main/java/org/apache/commons/lang3/StringEscapeUtils.java: Some input files use or override a deprecated API.
[INFO] /home/travis/build/failed/apache/commons-lang/src/main/java/org/apache/commons/lang3/StringEscapeUtils.java: Recompile with -Xlint:deprecation for details.
[INFO] /home/travis/build/failed/apache/commons-lang/src/main/java/org/apache/commons/lang3/text/StrBuilder.java: Some input files use unchecked or unsafe operations.
[INFO] /home/travis/build/failed/apache/commons-lang/src/main/java/org/apache/commons/lang3/text/StrBuilder.java: Recompile with -Xlint:unchecked for details.
[INFO] 
[INFO] --- maven-bundle-plugin:3.0.1:manifest (bundle-manifest) @ commons-lang3 ---
[INFO] 
[INFO] --- animal-sniffer-maven-plugin:1.15:check (checkAPIcompatibility) @ commons-lang3 ---
[INFO] Checking unresolved references to org.codehaus.mojo.signature:java17:1.0
[INFO] 
[INFO] --- maven-resources-plugin:2.7:testResources (default-testResources) @ commons-lang3 ---
[INFO] Using 'ISO-8859-1' encoding to copy filtered resources.
[INFO] Copying 2 resources
[INFO] Copying 2 resources to META-INF
[INFO] 
[INFO] --- maven-compiler-plugin:3.6.0:testCompile (default-testCompile) @ commons-lang3 ---
[INFO] Nothing to compile - all classes are up to date
[INFO] 
[INFO] --- maven-surefire-plugin:2.19.1:test (default-test) @ commons-lang3 ---
[INFO] Tests are skipped.
[INFO] 
[INFO] --- maven-jar-plugin:3.0.0:jar (default-jar) @ commons-lang3 ---
[INFO] Building jar: /home/travis/build/failed/apache/commons-lang/target/commons-lang3-3.6-SNAPSHOT.jar
[INFO] 
[INFO] --- maven-site-plugin:3.6:attach-descriptor (attach-descriptor) @ commons-lang3 ---
[INFO] Skipping because packaging 'jar' is not pom.
[INFO] 
[INFO] --- maven-jar-plugin:3.0.0:test-jar (default) @ commons-lang3 ---
[INFO] 
[INFO] --- maven-install-plugin:2.5.2:install (default-install) @ commons-lang3 ---
[INFO] Installing /home/travis/build/failed/apache/commons-lang/target/commons-lang3-3.6-SNAPSHOT.jar to /home/travis/.m2/repository/org/apache/commons/commons-lang3/3.6-SNAPSHOT/commons-lang3-3.6-SNAPSHOT.jar
[INFO] Installing /home/travis/build/failed/apache/commons-lang/pom.xml to /home/travis/.m2/repository/org/apache/commons/commons-lang3/3.6-SNAPSHOT/commons-lang3-3.6-SNAPSHOT.pom
[INFO] Installing /home/travis/build/failed/apache/commons-lang/target/commons-lang3-3.6-SNAPSHOT-tests.jar to /home/travis/.m2/repository/org/apache/commons/commons-lang3/3.6-SNAPSHOT/commons-lang3-3.6-SNAPSHOT-tests.jar
[INFO] ------------------------------------------------------------------------
[INFO] BUILD SUCCESS
[INFO] ------------------------------------------------------------------------
[INFO] Total time: 48.452 s
[INFO] Finished at: 2022-07-31T05:20:16+00:00
[INFO] Final Memory: 29M/483M
[INFO] ------------------------------------------------------------------------

travis_time:end:09cfab03:start=1659244765976612001,finish=1659244818297833805,duration=52321221804[0Ktravis_fold:end:install[0Ktravis_time:start:0c58d9d3[0K$ mvn test apache-rat:check clirr:check checkstyle:check findbugs:check javadoc:javadoc -Dhttps.protocols=TLSv1.2 -B
Java HotSpot(TM) 64-Bit Server VM warning: ignoring option MaxPermSize=192m; support was removed in 8.0
[INFO] Scanning for projects...
[INFO]                                                                         
[INFO] ------------------------------------------------------------------------
[INFO] Building Apache Commons Lang 3.6-SNAPSHOT
[INFO] ------------------------------------------------------------------------
[INFO] 
[INFO] --- maven-enforcer-plugin:1.4.1:enforce (enforce-maven-3) @ commons-lang3 ---
[INFO] 
[INFO] --- build-helper-maven-plugin:1.10:parse-version (parse-version) @ commons-lang3 ---
[INFO] 
[INFO] --- maven-antrun-plugin:1.8:run (javadoc.resources) @ commons-lang3 ---
[INFO] Executing tasks

main:
[INFO] Executed tasks
[INFO] 
[INFO] --- maven-remote-resources-plugin:1.5:process (process-resource-bundles) @ commons-lang3 ---
[INFO] 
[INFO] --- buildnumber-maven-plugin:1.4:create (default) @ commons-lang3 ---
[INFO] Executing: /bin/sh -c cd '/home/travis/build/failed/apache/commons-lang' && 'git' 'rev-parse' '--verify' 'HEAD'
[INFO] Working directory: /home/travis/build/failed/apache/commons-lang
[INFO] Storing buildNumber: 314b6b56bec4af56dba667d66a25c1613f4bc800 at timestamp: 1659244825059
[INFO] Storing buildScmBranch: master
[INFO] 
[INFO] --- maven-resources-plugin:2.7:resources (default-resources) @ commons-lang3 ---
[INFO] Using 'ISO-8859-1' encoding to copy filtered resources.
[INFO] skip non existing resourceDirectory /home/travis/build/failed/apache/commons-lang/src/main/resources
[INFO] Copying 2 resources to META-INF
[INFO] 
[INFO] --- maven-compiler-plugin:3.6.0:compile (default-compile) @ commons-lang3 ---
[INFO] Changes detected - recompiling the module!
[INFO] Compiling 155 source files to /home/travis/build/failed/apache/commons-lang/target/classes
[INFO] /home/travis/build/failed/apache/commons-lang/src/main/java/org/apache/commons/lang3/StringEscapeUtils.java: Some input files use or override a deprecated API.
[INFO] /home/travis/build/failed/apache/commons-lang/src/main/java/org/apache/commons/lang3/StringEscapeUtils.java: Recompile with -Xlint:deprecation for details.
[INFO] /home/travis/build/failed/apache/commons-lang/src/main/java/org/apache/commons/lang3/text/StrBuilder.java: Some input files use unchecked or unsafe operations.
[INFO] /home/travis/build/failed/apache/commons-lang/src/main/java/org/apache/commons/lang3/text/StrBuilder.java: Recompile with -Xlint:unchecked for details.
[INFO] 
[INFO] --- maven-bundle-plugin:3.0.1:manifest (bundle-manifest) @ commons-lang3 ---
[INFO] 
[INFO] --- animal-sniffer-maven-plugin:1.15:check (checkAPIcompatibility) @ commons-lang3 ---
[INFO] Checking unresolved references to org.codehaus.mojo.signature:java17:1.0
[INFO] 
[INFO] --- maven-resources-plugin:2.7:testResources (default-testResources) @ commons-lang3 ---
[INFO] Using 'ISO-8859-1' encoding to copy filtered resources.
[INFO] Copying 2 resources
[INFO] Copying 2 resources to META-INF
[INFO] 
[INFO] --- maven-compiler-plugin:3.6.0:testCompile (default-testCompile) @ commons-lang3 ---
[INFO] Nothing to compile - all classes are up to date
[INFO] 
[INFO] --- maven-surefire-plugin:2.19.1:test (default-test) @ commons-lang3 ---

-------------------------------------------------------
 T E S T S
-------------------------------------------------------
Running org.apache.commons.lang3.AnnotationUtilsTest
Tests run: 10, Failures: 0, Errors: 0, Skipped: 0, Time elapsed: 0.182 sec - in org.apache.commons.lang3.AnnotationUtilsTest
Running org.apache.commons.lang3.ArchUtilsTest
Tests run: 4, Failures: 0, Errors: 0, Skipped: 0, Time elapsed: 0.001 sec - in org.apache.commons.lang3.ArchUtilsTest
Running org.apache.commons.lang3.ArrayUtilsAddTest
Tests run: 13, Failures: 0, Errors: 0, Skipped: 0, Time elapsed: 0 sec - in org.apache.commons.lang3.ArrayUtilsAddTest
Running org.apache.commons.lang3.ArrayUtilsInsertTest
Tests run: 9, Failures: 0, Errors: 0, Skipped: 0, Time elapsed: 0.002 sec - in org.apache.commons.lang3.ArrayUtilsInsertTest
Running org.apache.commons.lang3.ArrayUtilsRemoveMultipleTest
Tests run: 55, Failures: 0, Errors: 0, Skipped: 0, Time elapsed: 0.018 sec - in org.apache.commons.lang3.ArrayUtilsRemoveMultipleTest
Running org.apache.commons.lang3.ArrayUtilsRemoveTest
Tests run: 28, Failures: 0, Errors: 0, Skipped: 0, Time elapsed: 0.001 sec - in org.apache.commons.lang3.ArrayUtilsRemoveTest
Running org.apache.commons.lang3.ArrayUtilsTest
Tests run: 307, Failures: 0, Errors: 0, Skipped: 0, Time elapsed: 0.214 sec - in org.apache.commons.lang3.ArrayUtilsTest
Running org.apache.commons.lang3.BitFieldTest
Tests run: 15, Failures: 0, Errors: 0, Skipped: 0, Time elapsed: 0 sec - in org.apache.commons.lang3.BitFieldTest
Running org.apache.commons.lang3.BooleanUtilsTest
Tests run: 72, Failures: 0, Errors: 0, Skipped: 0, Time elapsed: 0 sec - in org.apache.commons.lang3.BooleanUtilsTest
Running org.apache.commons.lang3.CharEncodingTest
Tests run: 4, Failures: 0, Errors: 0, Skipped: 0, Time elapsed: 0.004 sec - in org.apache.commons.lang3.CharEncodingTest
Running org.apache.commons.lang3.CharRangeTest
Tests run: 17, Failures: 0, Errors: 0, Skipped: 0, Time elapsed: 0.018 sec - in org.apache.commons.lang3.CharRangeTest
Running org.apache.commons.lang3.CharSequenceUtilsTest
Tests run: 6, Failures: 0, Errors: 0, Skipped: 0, Time elapsed: 0.081 sec - in org.apache.commons.lang3.CharSequenceUtilsTest
Running org.apache.commons.lang3.CharSetTest
Tests run: 15, Failures: 0, Errors: 0, Skipped: 0, Time elapsed: 0.011 sec - in org.apache.commons.lang3.CharSetTest
Running org.apache.commons.lang3.CharSetUtilsTest
Tests run: 11, Failures: 0, Errors: 0, Skipped: 0, Time elapsed: 0.002 sec - in org.apache.commons.lang3.CharSetUtilsTest
Running org.apache.commons.lang3.CharUtilsTest
Tests run: 24, Failures: 0, Errors: 0, Skipped: 0, Time elapsed: 0.003 sec - in org.apache.commons.lang3.CharUtilsTest
Running org.apache.commons.lang3.ClassPathUtilsTest
Tests run: 13, Failures: 0, Errors: 0, Skipped: 0, Time elapsed: 0.001 sec - in org.apache.commons.lang3.ClassPathUtilsTest
Running org.apache.commons.lang3.ClassUtilsTest
Tests run: 57, Failures: 0, Errors: 0, Skipped: 0, Time elapsed: 0.096 sec - in org.apache.commons.lang3.ClassUtilsTest
Running org.apache.commons.lang3.ConversionTest
Tests run: 42, Failures: 0, Errors: 0, Skipped: 0, Time elapsed: 0.004 sec - in org.apache.commons.lang3.ConversionTest
Running org.apache.commons.lang3.EnumUtilsTest
Tests run: 34, Failures: 0, Errors: 0, Skipped: 0, Time elapsed: 0.006 sec - in org.apache.commons.lang3.EnumUtilsTest
Running org.apache.commons.lang3.HashSetvBitSetTest
Ratio=141% array=100 count=1 extract=9455142 bitset=13396150
Ratio=28% array=100 count=10 extract=11919548 bitset=3382503
Ratio=16% array=100 count=50 extract=15948208 bitset=2629749
Ratio=5% array=100 count=100 extract=18454904 bitset=1104385
Ratio=143% array=1000 count=10 extract=23573886 bitset=33932054
Ratio=38% array=1000 count=100 extract=20676502 bitset=8054588
Ratio=26% array=1000 count=500 extract=54879157 bitset=14638916
Ratio=0% array=1000 count=1000 extract=97541713 bitset=975339
Ratio=60% count=0 hash=439682 bits=266677
Ratio=26% count=5 hash=2364094 bits=633721
Ratio=21% count=10 hash=3840948 bits=814239
Ratio=13% count=200 hash=30689876 bits=4195518
Ratio=16% count=50 hash=6189148 bits=1032150
Ratio=18% count=100 hash=11563054 bits=2115781
Ratio=15% count=1000 hash=133468279 bits=20022091
Ratio=17% count=2000 hash=260691955 bits=44448417
Tests run: 2, Failures: 0, Errors: 0, Skipped: 0, Time elapsed: 0.896 sec - in org.apache.commons.lang3.HashSetvBitSetTest
Running org.apache.commons.lang3.JavaVersionTest
Tests run: 3, Failures: 0, Errors: 0, Skipped: 0, Time elapsed: 0 sec - in org.apache.commons.lang3.JavaVersionTest
Running org.apache.commons.lang3.LocaleUtilsTest
Tests run: 16, Failures: 0, Errors: 0, Skipped: 0, Time elapsed: 0.033 sec - in org.apache.commons.lang3.LocaleUtilsTest
Running org.apache.commons.lang3.NotImplementedExceptionTest
Tests run: 1, Failures: 0, Errors: 0, Skipped: 0, Time elapsed: 0 sec - in org.apache.commons.lang3.NotImplementedExceptionTest
Running org.apache.commons.lang3.ObjectUtilsTest
Tests run: 38, Failures: 0, Errors: 0, Skipped: 0, Time elapsed: 0.078 sec - in org.apache.commons.lang3.ObjectUtilsTest
Running org.apache.commons.lang3.RandomStringUtilsTest
Tests run: 18, Failures: 0, Errors: 0, Skipped: 0, Time elapsed: 0.099 sec - in org.apache.commons.lang3.RandomStringUtilsTest
Running org.apache.commons.lang3.RandomUtilsTest
Tests run: 29, Failures: 0, Errors: 0, Skipped: 0, Time elapsed: 0.002 sec - in org.apache.commons.lang3.RandomUtilsTest
Running org.apache.commons.lang3.RangeTest
Tests run: 24, Failures: 0, Errors: 0, Skipped: 0, Time elapsed: 0.024 sec - in org.apache.commons.lang3.RangeTest
Running org.apache.commons.lang3.SerializationUtilsTest
Tests run: 26, Failures: 0, Errors: 0, Skipped: 0, Time elapsed: 0.032 sec - in org.apache.commons.lang3.SerializationUtilsTest
Running org.apache.commons.lang3.StringEscapeUtilsTest
Tests run: 32, Failures: 0, Errors: 0, Skipped: 0, Time elapsed: 0.361 sec - in org.apache.commons.lang3.StringEscapeUtilsTest
Running org.apache.commons.lang3.StringUtilsContainsTest
Tests run: 22, Failures: 0, Errors: 0, Skipped: 0, Time elapsed: 0.171 sec - in org.apache.commons.lang3.StringUtilsContainsTest
Running org.apache.commons.lang3.StringUtilsEmptyBlankTest
Tests run: 10, Failures: 0, Errors: 0, Skipped: 0, Time elapsed: 0.11 sec - in org.apache.commons.lang3.StringUtilsEmptyBlankTest
Running org.apache.commons.lang3.StringUtilsEqualsIndexOfTest
Tests run: 37, Failures: 0, Errors: 0, Skipped: 0, Time elapsed: 0.004 sec - in org.apache.commons.lang3.StringUtilsEqualsIndexOfTest
Running org.apache.commons.lang3.StringUtilsIsTest
Tests run: 8, Failures: 0, Errors: 0, Skipped: 0, Time elapsed: 0 sec - in org.apache.commons.lang3.StringUtilsIsTest
Running org.apache.commons.lang3.StringUtilsStartsEndsWithTest
Tests run: 6, Failures: 0, Errors: 0, Skipped: 0, Time elapsed: 0 sec - in org.apache.commons.lang3.StringUtilsStartsEndsWithTest
Running org.apache.commons.lang3.StringUtilsSubstringTest
Tests run: 14, Failures: 0, Errors: 0, Skipped: 0, Time elapsed: 0 sec - in org.apache.commons.lang3.StringUtilsSubstringTest
Running org.apache.commons.lang3.StringUtilsTest
Tests run: 142, Failures: 0, Errors: 0, Skipped: 0, Time elapsed: 0.049 sec - in org.apache.commons.lang3.StringUtilsTest
Running org.apache.commons.lang3.StringUtilsTrimStripTest
Tests run: 11, Failures: 0, Errors: 0, Skipped: 0, Time elapsed: 0.014 sec - in org.apache.commons.lang3.StringUtilsTrimStripTest
Running org.apache.commons.lang3.SystemUtilsTest
Tests run: 15, Failures: 0, Errors: 0, Skipped: 0, Time elapsed: 0.003 sec - in org.apache.commons.lang3.SystemUtilsTest
Running org.apache.commons.lang3.ThreadUtilsTest
Tests run: 27, Failures: 0, Errors: 0, Skipped: 0, Time elapsed: 0.019 sec - in org.apache.commons.lang3.ThreadUtilsTest
Running org.apache.commons.lang3.ValidateTest
Tests run: 67, Failures: 0, Errors: 0, Skipped: 0, Time elapsed: 0.006 sec - in org.apache.commons.lang3.ValidateTest
Running org.apache.commons.lang3.builder.CompareToBuilderTest
Tests run: 48, Failures: 0, Errors: 0, Skipped: 0, Time elapsed: 0.012 sec - in org.apache.commons.lang3.builder.CompareToBuilderTest
Running org.apache.commons.lang3.builder.DefaultToStringStyleTest
Tests run: 8, Failures: 0, Errors: 0, Skipped: 0, Time elapsed: 0.001 sec - in org.apache.commons.lang3.builder.DefaultToStringStyleTest
Running org.apache.commons.lang3.builder.DiffBuilderTest
Tests run: 31, Failures: 0, Errors: 0, Skipped: 0, Time elapsed: 0.023 sec - in org.apache.commons.lang3.builder.DiffBuilderTest
Running org.apache.commons.lang3.builder.DiffResultTest
Tests run: 9, Failures: 0, Errors: 0, Skipped: 0, Time elapsed: 0 sec - in org.apache.commons.lang3.builder.DiffResultTest
Running org.apache.commons.lang3.builder.DiffTest
Tests run: 4, Failures: 0, Errors: 0, Skipped: 0, Time elapsed: 0 sec - in org.apache.commons.lang3.builder.DiffTest
Running org.apache.commons.lang3.builder.EqualsBuilderTest
Tests run: 53, Failures: 0, Errors: 0, Skipped: 0, Time elapsed: 0.053 sec - in org.apache.commons.lang3.builder.EqualsBuilderTest
Running org.apache.commons.lang3.builder.HashCodeBuilderAndEqualsBuilderTest
Tests run: 4, Failures: 0, Errors: 0, Skipped: 0, Time elapsed: 0.002 sec - in org.apache.commons.lang3.builder.HashCodeBuilderAndEqualsBuilderTest
Running org.apache.commons.lang3.builder.HashCodeBuilderTest
Tests run: 45, Failures: 0, Errors: 0, Skipped: 0, Time elapsed: 0.005 sec - in org.apache.commons.lang3.builder.HashCodeBuilderTest
Running org.apache.commons.lang3.builder.JsonToStringStyleTest
Tests run: 12, Failures: 0, Errors: 0, Skipped: 0, Time elapsed: 0.004 sec - in org.apache.commons.lang3.builder.JsonToStringStyleTest
Running org.apache.commons.lang3.builder.MultiLineToStringStyleTest
Tests run: 8, Failures: 0, Errors: 0, Skipped: 0, Time elapsed: 0.001 sec - in org.apache.commons.lang3.builder.MultiLineToStringStyleTest
Running org.apache.commons.lang3.builder.MultilineRecursiveToStringStyleTest
Tests run: 10, Failures: 0, Errors: 0, Skipped: 0, Time elapsed: 0.004 sec - in org.apache.commons.lang3.builder.MultilineRecursiveToStringStyleTest
Running org.apache.commons.lang3.builder.NoClassNameToStringStyleTest
Tests run: 8, Failures: 0, Errors: 0, Skipped: 0, Time elapsed: 0 sec - in org.apache.commons.lang3.builder.NoClassNameToStringStyleTest
Running org.apache.commons.lang3.builder.NoFieldNamesToStringStyleTest
Tests run: 8, Failures: 0, Errors: 0, Skipped: 0, Time elapsed: 0.001 sec - in org.apache.commons.lang3.builder.NoFieldNamesToStringStyleTest
Running org.apache.commons.lang3.builder.RecursiveToStringStyleTest
Tests run: 8, Failures: 0, Errors: 0, Skipped: 0, Time elapsed: 0.002 sec - in org.apache.commons.lang3.builder.RecursiveToStringStyleTest
Running org.apache.commons.lang3.builder.ReflectionDiffBuilderTest
Tests run: 6, Failures: 0, Errors: 0, Skipped: 0, Time elapsed: 0.003 sec - in org.apache.commons.lang3.builder.ReflectionDiffBuilderTest
Running org.apache.commons.lang3.builder.ReflectionToStringBuilderConcurrencyTest
Tests run: 3, Failures: 0, Errors: 0, Skipped: 3, Time elapsed: 0 sec - in org.apache.commons.lang3.builder.ReflectionToStringBuilderConcurrencyTest
Running org.apache.commons.lang3.builder.ReflectionToStringBuilderExcludeNullValuesTest
Tests run: 5, Failures: 0, Errors: 0, Skipped: 0, Time elapsed: 0.001 sec - in org.apache.commons.lang3.builder.ReflectionToStringBuilderExcludeNullValuesTest
Running org.apache.commons.lang3.builder.ReflectionToStringBuilderExcludeTest
Tests run: 11, Failures: 0, Errors: 0, Skipped: 0, Time elapsed: 0.001 sec - in org.apache.commons.lang3.builder.ReflectionToStringBuilderExcludeTest
Running org.apache.commons.lang3.builder.ToStringBuilderTest
Tests run: 74, Failures: 0, Errors: 0, Skipped: 1, Time elapsed: 0.059 sec - in org.apache.commons.lang3.builder.ToStringBuilderTest
Running org.apache.commons.lang3.builder.ReflectionToStringBuilderExcludeWithAnnotationTest
Tests run: 1, Failures: 0, Errors: 0, Skipped: 0, Time elapsed: 0.002 sec - in org.apache.commons.lang3.builder.ReflectionToStringBuilderExcludeWithAnnotationTest
Running org.apache.commons.lang3.builder.ReflectionToStringBuilderMutateInspectConcurrencyTest
Tests run: 1, Failures: 0, Errors: 0, Skipped: 1, Time elapsed: 0 sec - in org.apache.commons.lang3.builder.ReflectionToStringBuilderMutateInspectConcurrencyTest
Running org.apache.commons.lang3.builder.ReflectionToStringBuilderTest
Tests run: 1, Failures: 0, Errors: 0, Skipped: 0, Time elapsed: 0 sec - in org.apache.commons.lang3.builder.ReflectionToStringBuilderTest
Running org.apache.commons.lang3.builder.ShortPrefixToStringStyleTest
Tests run: 8, Failures: 0, Errors: 0, Skipped: 0, Time elapsed: 0 sec - in org.apache.commons.lang3.builder.ShortPrefixToStringStyleTest
Running org.apache.commons.lang3.builder.SimpleToStringStyleTest
Tests run: 8, Failures: 0, Errors: 0, Skipped: 0, Time elapsed: 0 sec - in org.apache.commons.lang3.builder.SimpleToStringStyleTest
Running org.apache.commons.lang3.builder.StandardToStringStyleTest
Tests run: 8, Failures: 0, Errors: 0, Skipped: 0, Time elapsed: 0 sec - in org.apache.commons.lang3.builder.StandardToStringStyleTest
Running org.apache.commons.lang3.builder.ToStringStyleConcurrencyTest
Tests run: 3, Failures: 0, Errors: 0, Skipped: 0, Time elapsed: 4.934 sec - in org.apache.commons.lang3.builder.ToStringStyleConcurrencyTest
Running org.apache.commons.lang3.builder.ToStringStyleTest
Tests run: 12, Failures: 0, Errors: 0, Skipped: 0, Time elapsed: 0.001 sec - in org.apache.commons.lang3.builder.ToStringStyleTest
Running org.apache.commons.lang3.concurrent.AtomicInitializerTest
Tests run: 3, Failures: 0, Errors: 0, Skipped: 0, Time elapsed: 0.005 sec - in org.apache.commons.lang3.concurrent.AtomicInitializerTest
Running org.apache.commons.lang3.concurrent.AtomicSafeInitializerTest
Tests run: 4, Failures: 0, Errors: 0, Skipped: 0, Time elapsed: 0.017 sec - in org.apache.commons.lang3.concurrent.AtomicSafeInitializerTest
Running org.apache.commons.lang3.concurrent.BackgroundInitializerTest
Tests run: 15, Failures: 0, Errors: 0, Skipped: 0, Time elapsed: 0.012 sec - in org.apache.commons.lang3.concurrent.BackgroundInitializerTest
Running org.apache.commons.lang3.concurrent.BasicThreadFactoryTest
Tests run: 15, Failures: 0, Errors: 0, Skipped: 0, Time elapsed: 0.038 sec - in org.apache.commons.lang3.concurrent.BasicThreadFactoryTest
Running org.apache.commons.lang3.concurrent.CallableBackgroundInitializerTest
Tests run: 4, Failures: 0, Errors: 0, Skipped: 0, Time elapsed: 0 sec - in org.apache.commons.lang3.concurrent.CallableBackgroundInitializerTest
Running org.apache.commons.lang3.concurrent.CircuitBreakingExceptionTest
Tests run: 7, Failures: 0, Errors: 0, Skipped: 0, Time elapsed: 0 sec - in org.apache.commons.lang3.concurrent.CircuitBreakingExceptionTest
Running org.apache.commons.lang3.concurrent.ConcurrentUtilsTest
Tests run: 41, Failures: 0, Errors: 0, Skipped: 0, Time elapsed: 0.004 sec - in org.apache.commons.lang3.concurrent.ConcurrentUtilsTest
Running org.apache.commons.lang3.concurrent.ConstantInitializerTest
Tests run: 7, Failures: 0, Errors: 0, Skipped: 0, Time elapsed: 0 sec - in org.apache.commons.lang3.concurrent.ConstantInitializerTest
Running org.apache.commons.lang3.concurrent.EventCountCircuitBreakerTest
Tests run: 17, Failures: 0, Errors: 0, Skipped: 0, Time elapsed: 0.155 sec - in org.apache.commons.lang3.concurrent.EventCountCircuitBreakerTest
Running org.apache.commons.lang3.concurrent.LazyInitializerTest
Tests run: 3, Failures: 0, Errors: 0, Skipped: 0, Time elapsed: 0.007 sec - in org.apache.commons.lang3.concurrent.LazyInitializerTest
Running org.apache.commons.lang3.concurrent.MemoizerTest
Tests run: 6, Failures: 0, Errors: 0, Skipped: 0, Time elapsed: 0.014 sec - in org.apache.commons.lang3.concurrent.MemoizerTest
Running org.apache.commons.lang3.concurrent.MultiBackgroundInitializerTest
Tests run: 17, Failures: 0, Errors: 0, Skipped: 0, Time elapsed: 0.075 sec - in org.apache.commons.lang3.concurrent.MultiBackgroundInitializerTest
Running org.apache.commons.lang3.concurrent.ThresholdCircuitBreakerTest
Tests run: 5, Failures: 0, Errors: 0, Skipped: 0, Time elapsed: 0 sec - in org.apache.commons.lang3.concurrent.ThresholdCircuitBreakerTest
Running org.apache.commons.lang3.concurrent.TimedSemaphoreTest
Tests run: 17, Failures: 0, Errors: 0, Skipped: 0, Time elapsed: 1.207 sec - in org.apache.commons.lang3.concurrent.TimedSemaphoreTest
Running org.apache.commons.lang3.concurrent.annotation.ContractTest
Tests run: 2, Failures: 0, Errors: 0, Skipped: 0, Time elapsed: 0.08 sec - in org.apache.commons.lang3.concurrent.annotation.ContractTest
Running org.apache.commons.lang3.concurrent.annotation.GuardedByTest
Tests run: 2, Failures: 0, Errors: 0, Skipped: 0, Time elapsed: 0.003 sec - in org.apache.commons.lang3.concurrent.annotation.GuardedByTest
Running org.apache.commons.lang3.concurrent.annotation.ImmutableTest
Tests run: 2, Failures: 0, Errors: 0, Skipped: 0, Time elapsed: 0 sec - in org.apache.commons.lang3.concurrent.annotation.ImmutableTest
Running org.apache.commons.lang3.concurrent.annotation.NotThreadSafeTest
Tests run: 2, Failures: 0, Errors: 0, Skipped: 0, Time elapsed: 0.002 sec - in org.apache.commons.lang3.concurrent.annotation.NotThreadSafeTest
Running org.apache.commons.lang3.concurrent.annotation.ThreadSafeTest
Tests run: 2, Failures: 0, Errors: 0, Skipped: 0, Time elapsed: 0.027 sec - in org.apache.commons.lang3.concurrent.annotation.ThreadSafeTest
Running org.apache.commons.lang3.event.EventListenerSupportTest
Tests run: 10, Failures: 0, Errors: 0, Skipped: 0, Time elapsed: 0.037 sec - in org.apache.commons.lang3.event.EventListenerSupportTest
Running org.apache.commons.lang3.event.EventUtilsTest
Tests run: 8, Failures: 0, Errors: 0, Skipped: 0, Time elapsed: 0.021 sec - in org.apache.commons.lang3.event.EventUtilsTest
Running org.apache.commons.lang3.exception.CloneFailedExceptionTest
Tests run: 6, Failures: 0, Errors: 0, Skipped: 0, Time elapsed: 0 sec - in org.apache.commons.lang3.exception.CloneFailedExceptionTest
Running org.apache.commons.lang3.exception.ContextedExceptionTest
Tests run: 14, Failures: 0, Errors: 0, Skipped: 0, Time elapsed: 0.02 sec - in org.apache.commons.lang3.exception.ContextedExceptionTest
Running org.apache.commons.lang3.exception.ContextedRuntimeExceptionTest
Tests run: 14, Failures: 0, Errors: 0, Skipped: 0, Time elapsed: 0.005 sec - in org.apache.commons.lang3.exception.ContextedRuntimeExceptionTest
Running org.apache.commons.lang3.exception.DefaultExceptionContextTest
Tests run: 8, Failures: 0, Errors: 0, Skipped: 0, Time elapsed: 0 sec - in org.apache.commons.lang3.exception.DefaultExceptionContextTest
Running org.apache.commons.lang3.exception.ExceptionUtilsTest
Tests run: 34, Failures: 0, Errors: 0, Skipped: 0, Time elapsed: 0.036 sec - in org.apache.commons.lang3.exception.ExceptionUtilsTest
Running org.apache.commons.lang3.math.FractionTest
Tests run: 25, Failures: 0, Errors: 0, Skipped: 0, Time elapsed: 0.089 sec - in org.apache.commons.lang3.math.FractionTest
Running org.apache.commons.lang3.math.IEEE754rUtilsTest
Tests run: 3, Failures: 0, Errors: 0, Skipped: 0, Time elapsed: 0 sec - in org.apache.commons.lang3.math.IEEE754rUtilsTest
Running org.apache.commons.lang3.math.NumberUtilsTest
Tests run: 101, Failures: 0, Errors: 0, Skipped: 0, Time elapsed: 0.017 sec - in org.apache.commons.lang3.math.NumberUtilsTest
Running org.apache.commons.lang3.mutable.MutableBooleanTest
Tests run: 9, Failures: 0, Errors: 0, Skipped: 0, Time elapsed: 0.001 sec - in org.apache.commons.lang3.mutable.MutableBooleanTest
Running org.apache.commons.lang3.mutable.MutableByteTest
Tests run: 25, Failures: 0, Errors: 0, Skipped: 0, Time elapsed: 0 sec - in org.apache.commons.lang3.mutable.MutableByteTest
Running org.apache.commons.lang3.mutable.MutableDoubleTest
Tests run: 26, Failures: 0, Errors: 0, Skipped: 0, Time elapsed: 0 sec - in org.apache.commons.lang3.mutable.MutableDoubleTest
Running org.apache.commons.lang3.mutable.MutableFloatTest
Tests run: 26, Failures: 0, Errors: 0, Skipped: 0, Time elapsed: 0.001 sec - in org.apache.commons.lang3.mutable.MutableFloatTest
Running org.apache.commons.lang3.mutable.MutableIntTest
Tests run: 25, Failures: 0, Errors: 0, Skipped: 0, Time elapsed: 0.001 sec - in org.apache.commons.lang3.mutable.MutableIntTest
Running org.apache.commons.lang3.mutable.MutableLongTest
Tests run: 25, Failures: 0, Errors: 0, Skipped: 0, Time elapsed: 0 sec - in org.apache.commons.lang3.mutable.MutableLongTest
Running org.apache.commons.lang3.mutable.MutableObjectTest
Tests run: 5, Failures: 0, Errors: 0, Skipped: 0, Time elapsed: 0 sec - in org.apache.commons.lang3.mutable.MutableObjectTest
Running org.apache.commons.lang3.mutable.MutableShortTest
Tests run: 22, Failures: 0, Errors: 0, Skipped: 0, Time elapsed: 0 sec - in org.apache.commons.lang3.mutable.MutableShortTest
Running org.apache.commons.lang3.reflect.ConstructorUtilsTest
Tests run: 8, Failures: 0, Errors: 0, Skipped: 0, Time elapsed: 0.012 sec - in org.apache.commons.lang3.reflect.ConstructorUtilsTest
Running org.apache.commons.lang3.reflect.FieldUtilsTest
Tests run: 64, Failures: 0, Errors: 0, Skipped: 0, Time elapsed: 0.021 sec - in org.apache.commons.lang3.reflect.FieldUtilsTest
Running org.apache.commons.lang3.reflect.InheritanceUtilsTest
Tests run: 9, Failures: 0, Errors: 0, Skipped: 0, Time elapsed: 0.001 sec - in org.apache.commons.lang3.reflect.InheritanceUtilsTest
Running org.apache.commons.lang3.reflect.MethodUtilsTest
Tests run: 40, Failures: 2, Errors: 0, Skipped: 0, Time elapsed: 0.057 sec <<< FAILURE! - in org.apache.commons.lang3.reflect.MethodUtilsTest
testGetMethodsWithAnnotationSearchSupersButNotIgnoreAccess(org.apache.commons.lang3.reflect.MethodUtilsTest)  Time elapsed: 0.006 sec  <<< FAILURE!
org.junit.ComparisonFailure: expected:<[PublicChild.publicAnnotatedMethod]> but was:<[Foo.doIt]>
	at org.apache.commons.lang3.reflect.MethodUtilsTest.testGetMethodsWithAnnotationSearchSupersButNotIgnoreAccess(MethodUtilsTest.java:727)

testGetMethodsWithAnnotationSearchSupersAndIgnoreAccess(org.apache.commons.lang3.reflect.MethodUtilsTest)  Time elapsed: 0 sec  <<< FAILURE!
org.junit.ComparisonFailure: expected:<[PublicChild]> but was:<[Foo]>
	at org.apache.commons.lang3.reflect.MethodUtilsTest.testGetMethodsWithAnnotationSearchSupersAndIgnoreAccess(MethodUtilsTest.java:693)

Running org.apache.commons.lang3.reflect.TypeLiteralTest
Tests run: 4, Failures: 0, Errors: 0, Skipped: 0, Time elapsed: 0.005 sec - in org.apache.commons.lang3.reflect.TypeLiteralTest
Running org.apache.commons.lang3.reflect.TypeUtilsTest
Tests run: 22, Failures: 0, Errors: 0, Skipped: 0, Time elapsed: 0.075 sec - in org.apache.commons.lang3.reflect.TypeUtilsTest
Running org.apache.commons.lang3.test.SystemDefaultsSwitchTest
Tests run: 4, Failures: 0, Errors: 0, Skipped: 0, Time elapsed: 0 sec - in org.apache.commons.lang3.test.SystemDefaultsSwitchTest
Running org.apache.commons.lang3.text.CompositeFormatTest
Tests run: 2, Failures: 0, Errors: 0, Skipped: 0, Time elapsed: 0.006 sec - in org.apache.commons.lang3.text.CompositeFormatTest
Running org.apache.commons.lang3.text.ExtendedMessageFormatTest
Tests run: 10, Failures: 0, Errors: 0, Skipped: 0, Time elapsed: 0.884 sec - in org.apache.commons.lang3.text.ExtendedMessageFormatTest
Running org.apache.commons.lang3.text.FormattableUtilsTest
Tests run: 5, Failures: 0, Errors: 0, Skipped: 0, Time elapsed: 0.001 sec - in org.apache.commons.lang3.text.FormattableUtilsTest
Running org.apache.commons.lang3.text.StrBuilderAppendInsertTest
Tests run: 51, Failures: 0, Errors: 0, Skipped: 0, Time elapsed: 0.014 sec - in org.apache.commons.lang3.text.StrBuilderAppendInsertTest
Running org.apache.commons.lang3.text.StrBuilderTest
Tests run: 91, Failures: 0, Errors: 0, Skipped: 0, Time elapsed: 0.042 sec - in org.apache.commons.lang3.text.StrBuilderTest
Running org.apache.commons.lang3.text.StrLookupTest
Tests run: 6, Failures: 0, Errors: 0, Skipped: 0, Time elapsed: 0.001 sec - in org.apache.commons.lang3.text.StrLookupTest
Running org.apache.commons.lang3.text.StrMatcherTest
Tests run: 14, Failures: 0, Errors: 0, Skipped: 0, Time elapsed: 0 sec - in org.apache.commons.lang3.text.StrMatcherTest
Running org.apache.commons.lang3.text.StrSubstitutorTest
Tests run: 41, Failures: 0, Errors: 0, Skipped: 0, Time elapsed: 0.017 sec - in org.apache.commons.lang3.text.StrSubstitutorTest
Running org.apache.commons.lang3.text.StrTokenizerTest
Tests run: 55, Failures: 0, Errors: 0, Skipped: 0, Time elapsed: 0.006 sec - in org.apache.commons.lang3.text.StrTokenizerTest
Running org.apache.commons.lang3.text.WordUtilsTest
Tests run: 15, Failures: 0, Errors: 0, Skipped: 0, Time elapsed: 0.004 sec - in org.apache.commons.lang3.text.WordUtilsTest
Running org.apache.commons.lang3.text.translate.EntityArraysTest
Tests run: 3, Failures: 0, Errors: 0, Skipped: 0, Time elapsed: 0 sec - in org.apache.commons.lang3.text.translate.EntityArraysTest
Running org.apache.commons.lang3.text.translate.LookupTranslatorTest
Tests run: 2, Failures: 0, Errors: 0, Skipped: 0, Time elapsed: 0 sec - in org.apache.commons.lang3.text.translate.LookupTranslatorTest
Running org.apache.commons.lang3.text.translate.NumericEntityEscaperTest
Tests run: 4, Failures: 0, Errors: 0, Skipped: 0, Time elapsed: 0 sec - in org.apache.commons.lang3.text.translate.NumericEntityEscaperTest
Running org.apache.commons.lang3.text.translate.NumericEntityUnescaperTest
Tests run: 3, Failures: 0, Errors: 0, Skipped: 0, Time elapsed: 0 sec - in org.apache.commons.lang3.text.translate.NumericEntityUnescaperTest
Running org.apache.commons.lang3.text.translate.OctalUnescaperTest
Tests run: 1, Failures: 0, Errors: 0, Skipped: 0, Time elapsed: 0 sec - in org.apache.commons.lang3.text.translate.OctalUnescaperTest
Running org.apache.commons.lang3.text.translate.UnicodeEscaperTest
Tests run: 3, Failures: 0, Errors: 0, Skipped: 0, Time elapsed: 0 sec - in org.apache.commons.lang3.text.translate.UnicodeEscaperTest
Running org.apache.commons.lang3.text.translate.UnicodeUnescaperTest
Tests run: 3, Failures: 0, Errors: 0, Skipped: 0, Time elapsed: 0 sec - in org.apache.commons.lang3.text.translate.UnicodeUnescaperTest
Running org.apache.commons.lang3.text.translate.UnicodeUnpairedSurrogateRemoverTest
Tests run: 2, Failures: 0, Errors: 0, Skipped: 0, Time elapsed: 0 sec - in org.apache.commons.lang3.text.translate.UnicodeUnpairedSurrogateRemoverTest
Running org.apache.commons.lang3.time.DateFormatUtilsTest
Tests run: 12, Failures: 0, Errors: 0, Skipped: 0, Time elapsed: 0.069 sec - in org.apache.commons.lang3.time.DateFormatUtilsTest
Running org.apache.commons.lang3.time.DateUtilsFragmentTest
Tests run: 57, Failures: 0, Errors: 0, Skipped: 0, Time elapsed: 0.008 sec - in org.apache.commons.lang3.time.DateUtilsFragmentTest
Running org.apache.commons.lang3.time.DateUtilsRoundingTest
Tests run: 22, Failures: 0, Errors: 0, Skipped: 0, Time elapsed: 0.041 sec - in org.apache.commons.lang3.time.DateUtilsRoundingTest
Running org.apache.commons.lang3.time.DateUtilsTest
Tests run: 63, Failures: 0, Errors: 0, Skipped: 0, Time elapsed: 0.095 sec - in org.apache.commons.lang3.time.DateUtilsTest
Running org.apache.commons.lang3.time.DurationFormatUtilsTest
Tests run: 25, Failures: 0, Errors: 0, Skipped: 0, Time elapsed: 0.569 sec - in org.apache.commons.lang3.time.DurationFormatUtilsTest
Running org.apache.commons.lang3.time.FastDateFormatTest
>>FastDateFormatTest: FastDatePrinter:439  SimpleDateFormat:4084
>>FastDateFormatTest: FastDateParser:754  SimpleDateFormat:3600
Tests run: 16, Failures: 0, Errors: 0, Skipped: 0, Time elapsed: 1.091 sec - in org.apache.commons.lang3.time.FastDateFormatTest
Running org.apache.commons.lang3.time.FastDateFormat_ParserTest
Tests run: 37, Failures: 0, Errors: 0, Skipped: 0, Time elapsed: 0.771 sec - in org.apache.commons.lang3.time.FastDateFormat_ParserTest
Running org.apache.commons.lang3.time.FastDateFormat_PrinterTest
Tests run: 22, Failures: 0, Errors: 0, Skipped: 0, Time elapsed: 0.088 sec - in org.apache.commons.lang3.time.FastDateFormat_PrinterTest
Running org.apache.commons.lang3.time.FastDateParserSDFTest
Tests run: 276, Failures: 0, Errors: 0, Skipped: 0, Time elapsed: 0.039 sec - in org.apache.commons.lang3.time.FastDateParserSDFTest
Running org.apache.commons.lang3.time.FastDateParserTest
Tests run: 37, Failures: 0, Errors: 0, Skipped: 0, Time elapsed: 0.25 sec - in org.apache.commons.lang3.time.FastDateParserTest
Running org.apache.commons.lang3.time.FastDateParser_MoreOrLessTest
Tests run: 7, Failures: 0, Errors: 0, Skipped: 0, Time elapsed: 0 sec - in org.apache.commons.lang3.time.FastDateParser_MoreOrLessTest
Running org.apache.commons.lang3.time.FastDateParser_TimeZoneStrategyTest
Tests run: 2, Failures: 0, Errors: 0, Skipped: 0, Time elapsed: 3.265 sec - in org.apache.commons.lang3.time.FastDateParser_TimeZoneStrategyTest
Running org.apache.commons.lang3.time.FastDatePrinterTest
Tests run: 22, Failures: 0, Errors: 0, Skipped: 0, Time elapsed: 0.007 sec - in org.apache.commons.lang3.time.FastDatePrinterTest
Running org.apache.commons.lang3.time.FastDatePrinterTimeZonesTest
Tests run: 617, Failures: 0, Errors: 0, Skipped: 0, Time elapsed: 0.076 sec - in org.apache.commons.lang3.time.FastDatePrinterTimeZonesTest
Running org.apache.commons.lang3.time.StopWatchTest
Tests run: 10, Failures: 0, Errors: 0, Skipped: 0, Time elapsed: 4.744 sec - in org.apache.commons.lang3.time.StopWatchTest
Running org.apache.commons.lang3.time.WeekYearTest
Tests run: 32, Failures: 0, Errors: 0, Skipped: 0, Time elapsed: 0.004 sec - in org.apache.commons.lang3.time.WeekYearTest
Running org.apache.commons.lang3.tuple.ImmutablePairTest
Tests run: 6, Failures: 0, Errors: 0, Skipped: 0, Time elapsed: 0 sec - in org.apache.commons.lang3.tuple.ImmutablePairTest
Running org.apache.commons.lang3.tuple.ImmutableTripleTest
Tests run: 6, Failures: 0, Errors: 0, Skipped: 0, Time elapsed: 0.001 sec - in org.apache.commons.lang3.tuple.ImmutableTripleTest
Running org.apache.commons.lang3.tuple.MutablePairTest
Tests run: 8, Failures: 0, Errors: 0, Skipped: 0, Time elapsed: 0.001 sec - in org.apache.commons.lang3.tuple.MutablePairTest
Running org.apache.commons.lang3.tuple.MutableTripleTest
Tests run: 8, Failures: 0, Errors: 0, Skipped: 0, Time elapsed: 0.001 sec - in org.apache.commons.lang3.tuple.MutableTripleTest
Running org.apache.commons.lang3.tuple.PairTest
Tests run: 9, Failures: 0, Errors: 0, Skipped: 0, Time elapsed: 0 sec - in org.apache.commons.lang3.tuple.PairTest
Running org.apache.commons.lang3.tuple.TripleTest
Tests run: 10, Failures: 0, Errors: 0, Skipped: 0, Time elapsed: 0.001 sec - in org.apache.commons.lang3.tuple.TripleTest

Results :

Failed tests: 
  MethodUtilsTest.testGetMethodsWithAnnotationSearchSupersAndIgnoreAccess:693 expected:<[PublicChild]> but was:<[Foo]>
  MethodUtilsTest.testGetMethodsWithAnnotationSearchSupersButNotIgnoreAccess:727 expected:<[PublicChild.publicAnnotatedMethod]> but was:<[Foo.doIt]>

Tests run: 4004, Failures: 2, Errors: 0, Skipped: 5

[INFO] ------------------------------------------------------------------------
[INFO] BUILD FAILURE
[INFO] ------------------------------------------------------------------------
[INFO] Total time: 37.813 s
[INFO] Finished at: 2022-07-31T05:20:57+00:00
[INFO] Final Memory: 30M/367M
[INFO] ------------------------------------------------------------------------
[ERROR] Failed to execute goal org.apache.maven.plugins:maven-surefire-plugin:2.19.1:test (default-test) on project commons-lang3: There are test failures.
[ERROR] 
[ERROR] Please refer to /home/travis/build/failed/apache/commons-lang/target/surefire-reports for the individual test results.
[ERROR] -> [Help 1]
[ERROR] 
[ERROR] To see the full stack trace of the errors, re-run Maven with the -e switch.
[ERROR] Re-run Maven using the -X switch to enable full debug logging.
[ERROR] 
[ERROR] For more information about the errors and possible solutions, please read the following articles:
[ERROR] [Help 1] http://cwiki.apache.org/confluence/display/MAVEN/MojoFailureException

travis_time:end:0c58d9d3:start=1659244818306218461,finish=1659244857998425993,duration=39692207532[0K
[31;1mThe command "mvn test apache-rat:check clirr:check checkstyle:check findbugs:check javadoc:javadoc -Dhttps.protocols=TLSv1.2 -B" exited with 1.[0m

Done. Your build exited with 1.
